In config file: GAME_DEF=game_def.fullholdem
In config file: ACTIONS_R0=C
In config file: ACTIONS_R1=C
In config file: ACTIONS_R2=F,C,0.05,0.0575,0.066125,0.07604375,0.087450313,0.100567859,0.115653038,0.133000994,0.152951143,0.175893815,0.202277887,0.23261957,0.267512505,0.307639381,0.353785288,0.406853081,0.467881044,0.5380632,0.61877268,0.711588582,0.81832687,0.9410759,1.082237285,1.244572878,1.43125881,1.645947631,1.892839776,2.176765742,2.503280603,2.878772694,3.310588598,3.807176888,4.378253421,5.034991434,5.790240149,6.658776171,7.657592597,8.806231486,10.12716621,11.64624114,13.39317731,15.40215391,17.71247699,20.36934854,23.42475083,26.93846345,30.97923297,35.62611791,40.9700356,47.11554094,54.18287208,62.31030289,71.65684832,82.40537557,94.76618191,A
In config file: ACTIONS_R3=F,C,0.05,0.0575,0.066125,0.07604375,0.087450313,0.100567859,0.115653038,0.133000994,0.152951143,0.175893815,0.202277887,0.23261957,0.267512505,0.307639381,0.353785288,0.406853081,0.467881044,0.5380632,0.61877268,0.711588582,0.81832687,0.9410759,1.082237285,1.244572878,1.43125881,1.645947631,1.892839776,2.176765742,2.503280603,2.878772694,3.310588598,3.807176888,4.378253421,5.034991434,5.790240149,6.658776171,7.657592597,8.806231486,10.12716621,11.64624114,13.39317731,15.40215391,17.71247699,20.36934854,23.42475083,26.93846345,30.97923297,35.62611791,40.9700356,47.11554094,54.18287208,62.31030289,71.65684832,82.40537557,94.76618191,A
Using seed 10.
1:Player,BR:0cc/cc/r100r163r363r8407f:5sQc,8dKc|/6h8cQs/2d:-726,726(-726.000000)
2:BR,Player:0cc/cr100c/r142r342r557c/cc:2c7d,2dQs|/6d7sQc/3h/5h:-1241,1241(-1241.000000)
3:Player,BR:0cc/cc/cc/cr501f:5s9h,9sKc|/3s4s6h/5h/7d:-100,100(-100.000000)
4:BR,Player:0cc/cc/cc/cc:8cKc,9sTd|/3s3hAd/Qd/5h:100,-100(34.263301)
5:Player,BR:0cc/cc/cc/cc:4cQs,9cJh|/2dTdAd/5s/8s:100,-100(74.715203)
6:BR,Player:0r200c/cc/r988c/cr5152f:5sTd,2d8d|/4s8sAc/3c/5d:-1288,1288(-1288.000000)
7:Player,BR:0cr200c/cc/cr988c/cc:8sQh,7sKc|/2d3s5c/8c/8h:1288,-1288(1263.608073)
8:BR,Player:0cc/cc/r216f:5c7s,3hQs|/7hJsJc/4h:100,-100(100.000000)
9:Player,BR:0cc/cc/cc/cc:6d9c,5cJd|/4sQsKs/7h/Qh:-100,100(9.945112)
10:BR,Player:0r200c/cc/r244f:6c8h,JsQs|/5c8dAc/2d:300,-300(300.000000)
11:Player,BR:0cc/cc/cr329r429c/r1716r4213f:7dJd,2sJh|/3c7sJs/6h/Kh:-2574,2574(-2574.000000)
12:BR,Player:0f:5d6h,3d7h|:50,-50(50.000000)
13:Player,BR:0cc/cc/cc/cr164f:2hJc,3cQs|/2c6d9c/As/Qc:-100,100(-100.000000)
14:BR,Player:0cc/cr100c/cc/cr400r982f:8hQc,2hKh|/5hJcKs/Jd/4s:600,-600(600.000000)
15:Player,BR:0cr200c/cc/r300c/cr1718r9272f:JhQs,2c6d|/2hJcAd/Qd/Qh:2318,-2318(2318.000000)
16:BR,Player:0cc/cr200c/cc/cc:8cAc,3c4s|/3s7dTs/Qc/5d:-300,300(-75.355068)
17:Player,BR:0cr200c/cc/cr1502f:8sTh,4h8h|/8dKcAd/4d:-300,300(-300.000000)
18:BR,Player:0r100c/cc/r123c/cr646f:2d2c,2s3s|/4s6h6c/9d/Tc:-323,323(-323.000000)
19:Player,BR:0cc/cc/cc/r100r163c:TsKd,7cAs|/2s5hQc/Jh/Td:363,-363(363.000000)
20:BR,Player:0r200c/cc/r244f:3d8s,8cQh|/2h2c3h/Ac:300,-300(300.000000)
21:Player,BR:0cc/cc/cr164c/cc:3hQh,3s7h|/TdTcQd/2s/Ac:264,-264(264.000000)
22:BR,Player:0r200c/cr600c/r275r2350r6635f:2h4h,7dJd|/2c5d6d/Qs:3525,-3525(3525.000000)
23:Player,BR:0cr200c/cc/cr100f:2s2h,3c8s|/8cQcAc/7h:-300,300(-300.000000)
24:BR,Player:0r200c/cc/r140c/r952c:6hTs,5dAh|/2dJdKc/Th/Td:1392,-1392(1124.109706)
25:Player,BR:0cr200c/r300c/cr488c/cc:3h6h,5sQd|/3s4cTh/9d/8c:1088,-1088(1053.479315)
26:BR,Player:0cc/cr200c/r100c/cc:JdKh,3s6c|/5hTsQc/2h/3c:-400,400(-256.223567)
27:Player,BR:0cr200c/cc/r300r646c/cr331c:7dTh,9cAh|/2s9hTc/3h/4h:1577,-1577(-655.253414)
28:BR,Player:0r200c/cr600c/r19100f:JcKc,3d7d|/4c9dAc/7c:900,-900(900.000000)
29:Player,BR:0cr200c/cc/cr323c/cr166r1578f:8sAd,7h8d|/4s7sJd/5s/3c:789,-789(789.000000)
30:BR,Player:0r200c/cr300c/r139r739f:5c9h,5d7h|/7dKhKc/Qd:-739,739(-739.000000)
31:Player,BR:0cc/cc/cc/r100c:6h8d,2s8h|/2h4dKs/Ts/Tc:-200,200(23.323934)
32:BR,Player:0r100c/cc/r123c/cc:5h9d,4h4d|/7cTdQc/6h/2d:-323,323(-322.999270)
33:Player,BR:0cc/cc/cr100f:3dQs,6h7c|/4h9sTh/6s:-100,100(-100.000000)
34:BR,Player:0cc/cr100c/r19800f:7hTh,2d8d|/7cTdTc/Jh:200,-200(200.000000)
35:Player,BR:0cc/cc/cc/cc:3h7s,6s6h|/7dTsQh/9d/Jc:100,-100(39.627704)
36:BR,Player:0cc/cr200c/cc/cc:6cKh,9dTs|/3s8sAs/4d/3c:300,-300(11.891201)
37:Player,BR:0cc/cc/r100r142f:9dQc,8cQd|/3s7s8d/Js:-200,200(-200.000000)
38:BR,Player:0r100c/cr200c/r214f:2hQc,7dTs|/3hQsKs/6d:400,-400(400.000000)
39:Player,BR:0cc/cc/cr501r1202r1202r3005c/cc:8cQd,4h7h|/4sThJd/4c/Ks:-6010,6010(1805.760509)
40:BR,Player:0r200c/cr300c/r100f:6cQs,4cQh|/3hTsTh/Ac:600,-600(600.000000)
41:Player,BR:0cc/cc/cr100f:3c9h,JhAd|/4s4dQc/Td:-100,100(-100.000000)
42:BR,Player:0r200c/cr300c/r184r784f:3s7d,7cTd|/TsThKh/2c:-784,784(-784.000000)
43:Player,BR:0cc/cc/cr286c/cr415f:3cKd,TcQc|/5s8h8c/Qs/7c:-386,386(-386.000000)
44:BR,Player:0cc/cc/r435f:JdKs,2dQd|/5h7sJc/8c:100,-100(100.000000)
45:Player,BR:0cr200c/r300c/r600c/cr120c:2sKs,9sAc|/4h4cJs/7d/Jh:-1320,1320(-404.207451)
46:BR,Player:0cc/cc/r216c/cc:TdJh,3dQc|/3c9dAd/2d/7s:-316,316(-316.000000)
47:Player,BR:0cr200c/r600c/cr732f:9sTc,3hAh|/3sJcKs/2d:-900,900(-900.000000)
48:BR,Player:0cc/cc/r108c/cr416f:3c6h,5cTd|/7c8hAh/4s/Qs:-208,208(-208.000000)
49:Player,BR:0cc/cc/cr100f:3d7s,5h7h|/4s4c9d/As:-100,100(-100.000000)
50:BR,Player:0r200c/cr300c/r488f:9cTs,2dKh|/6s6dQh/Jh:600,-600(600.000000)
51:Player,BR:0cr200c/r300c/r600r642c/cc:QdAh,3hKd|/4sJdJc/2c/5h:1842,-1842(1817.783443)
52:BR,Player:0r200c/cr300c/cc/cc:JdQh,9sKh|/2s2d8c/7h/3h:-600,600(-431.099731)
53:Player,BR:0cc/cc/cr329f:2s5c,QhAc|/3c6cTd/7c:-100,100(-100.000000)
54:BR,Player:0r100c/cr400c/cr1200c/cr3600f:5h6d,4sQh|/5c8sTs/Kh/Js:-1800,1800(-1800.000000)
55:Player,BR:0cc/cc/cr216c/cc:6hAc,8sTh|/4h5cJh/3h/Qs:316,-316(315.319924)
56:BR,Player:0r200c/cr300c/r1718f:8cTh,JcQc|/4d6h7c/2s:600,-600(600.000000)
57:Player,BR:0cr100c/cc/r400c/cr100c:TdKh,2dAd|/4s6sJd/9s/4h:-700,700(-236.249940)
58:BR,Player:0r100c/cr200c/r246c/r457r2206c:7h8h,4cAs|/3d8sKh/Ks/Kc:3309,-3309(-1090.325071)
59:Player,BR:0cc/cc/r100r100r300c/cc:5c9h,8sJh|/3hTdJc/3d/Kd:-600,600(47.845488)
60:BR,Player:0r100c/cr200c/r214r1228r8019f:5h9s,9cKc|/7s8cJd/2d:1842,-1842(1842.000000)
61:Player,BR:0cr200c/r300c/r600r642c/cr490c:ThTc,4sAs|/6c7d8s/Ac/3s:-2332,2332(-1070.782950)
62:BR,Player:0r200c/cr300c/r18483f:2h8s,TcKs|/2s2d9h/4c:600,-600(600.000000)
63:Player,BR:0cc/cc/cr124f:4h9h,4c5s|/QsKsAc/As:-100,100(-100.000000)
64:BR,Player:0r100c/cr400c/cr600r6008f:7d8s,5h6d|/2c8dJd/9h:1200,-1200(1200.000000)
65:Player,BR:0cc/cc/r200c/cc:4s5d,7dQc|/3cTsJd/7s/Tc:-300,300(-158.058281)
66:BR,Player:0r200c/cr600c/r104c/r267f:8cTc,7dTd|/9dQsAc/Ad/9s:1004,-1004(1004.000000)
67:Player,BR:0cc/cc/cr19900f:4hKh,5cTc|/5sThQd/5h:-100,100(-100.000000)
68:BR,Player:0r200c/cr300c/cr600f:2cAc,8h9c|/5d8s9s/6c:-600,600(-600.000000)
69:Player,BR:0cr200c/r300c/cr743c/cr543c:TdQd,8dAd|/4cTcAs/Kh/3h:-1886,1886(-1357.791919)
70:BR,Player:0cc/cr100c/r18846f:9hTh,9cJd|/3hJhKc/8h:200,-200(200.000000)
71:Player,BR:0cc/cc/cr435f:2cQd,3dJs|/3h7d9d/5h:-100,100(-100.000000)
72:BR,Player:0r200c/cc/cc/cc:3h9s,2s5s|/6dQdKh/5h/Tc:-300,300(-299.999985)
73:Player,BR:0cc/cc/cr108c/cc:2hKd,3h4c|/2d8sQh/7s/Ac:208,-208(208.000000)
74:BR,Player:0r100c/cr200c/r655c/r987r8168f:3d8d,7c8s|/4d6c9h/5h/5s:-2042,2042(-2042.000000)
75:Player,BR:0cc/cc/cr379f:2s5c,6sAd|/6d7dTd/3c:-100,100(-100.000000)
76:BR,Player:0r100c/cc/cc/r6161f:QsAc,7dQh|/8dTsKd/4d/Jh:200,-200(200.000000)
77:Player,BR:0cc/cc/r100r6161f:2h8s,4sQc|/4c5h6s/2d:-200,200(-200.000000)
78:BR,Player:0cc/cc/r100c/cr200r866c:2sTh,5sAd|/7h7dTd/Kd/2d:-1266,1266(-1266.000000)
79:Player,BR:0cc/cc/cr249f:4sTc,8sKh|/9dKsAh/2h:-100,100(-100.000000)
80:BR,Player:0r200c/cr300c/r211f:3s7c,8d9h|/6hAhAd/Qs:600,-600(600.000000)
81:Player,BR:0cc/cc/cr662f:8hJc,JdKh|/2d9cKs/6d:-100,100(-100.000000)
82:BR,Player:0r200c/cr300c/r19400f:3hJd,QsQc|/9dTdQd/8d:600,-600(600.000000)
83:Player,BR:0cc/cc/r100r100c/cr185r970f:2hJc,9h9d|/2dJdKh/7h/4s:485,-485(485.000000)
84:BR,Player:0r100c/cr400c/cr600f:9cQh,2cKs|/3d4c6s/Jc:-600,600(-600.000000)
85:Player,BR:0cr200c/cc/cr281c/cr204r785c:5hAd,9cAh|/3s4cQd/Qs/5c:1570,-1570(767.872001)
86:BR,Player:0cc/cr200c/cr600r10422f:5dJc,7hAh|/7cTsAd/8s:900,-900(900.000000)
87:Player,BR:0cr200c/r600c/r900r4480f:9sJh,3s6h|/QhKsAh/9h:-1800,1800(-1800.000000)
88:BR,Player:0r200c/cc/r106c/cr406r4065f:2h2d,9cAc|/4d5sKd/3s/9d:812,-812(812.000000)
89:Player,BR:0cc/cc/cr501f:3dKh,TcAs|/4dQsAc/6d:-100,100(-100.000000)
90:BR,Player:0r200c/cr300c/r488f:2s3h,JcKs|/2c5c8d/4s:600,-600(600.000000)
91:Player,BR:0cc/cc/cr164f:5hTs,7cQc|/2cQdAh/8h:-100,100(-100.000000)
92:BR,Player:0cc/cc/r876f:JhQd,3s6c|/5cJsQh/Ad:100,-100(100.000000)
93:Player,BR:0cr200c/r300c/cr321c/cc:JdKh,3sKc|/8c9sKd/7d/9d:921,-921(5.662080)
94:BR,Player:0r200c/cr300c/r488f:5d8s,5h6h|/3c9d9c/Ah:600,-600(600.000000)
95:Player,BR:0cc/cc/cr19900f:3s9d,4d7d|/3dQdKs/Kd:-100,100(-100.000000)
96:BR,Player:0cc/cr100c/r376r576f:6s9c,2d5h|/3d4dJd/5c:-576,576(-576.000000)
97:Player,BR:0cc/cc/r200r200r500c/cr814f:3h4d,5c8d|/2c5sTd/Ts/Qc:-1000,1000(-1000.000000)
98:BR,Player:0cc/cc/cc/cr400r818c:3s5s,6s6c|/3c8dQs/6d/4s:-1318,1318(-1318.000000)
99:Player,BR:0cc/cc/cr100c/r400r743f:8hTs,ThJd|/5h5cKs/5s/9h:-600,600(-600.000000)
100:BR,Player:0f:4c8h,3h8c|:50,-50(50.000000)
101:Player,BR:0cc/cc/cc/cr188c:3dJs,5d9s|/2dJhAh/Kd/7s:288,-288(288.000000)
102:BR,Player:0cc/cc/cc/cc:6s8h,5cAs|/2d9dKs/Qc/5d:-100,100(-70.946071)
103:Player,BR:0cr200c/r300c/cr18483f:6h7d,4sJc|/2d6cJh/4c:-600,600(-600.000000)
104:BR,Player:0f:5cKd,2s8h|:50,-50(50.000000)
105:Player,BR:0cr200c/r300c/r1200r2228f:8dQd,5hAs|/2hJdAh/5d:-1800,1800(-1800.000000)
106:BR,Player:0r200c/cr300c/cr1200f:8cJh,QhAd|/5s6cQs/6d:-600,600(-600.000000)
107:Player,BR:0cc/cc/cr876f:3s7s,3hAh|/2h5d8h/Jd:-100,100(-100.000000)
108:BR,Player:0r200c/cc/r281c/cr1162f:8cJs,TdTc|/9hJhKc/Ks/Th:-581,581(-581.000000)
109:Player,BR:0cc/cc/r100r107f:3dTh,JsJc|/9cQhQd/9d:-200,200(-200.000000)
110:BR,Player:0cc/cr200c/cc/cr600c:9hTd,3s5s|/2h9cJc/5c/5h:-900,900(-286.354447)
111:Player,BR:0cc/cc/r100r142r342c/cc:5h7c,8c9d|/2d6s8h/Kd/6c:-684,684(164.551867)
112:BR,Player:0r200c/cc/r100c/r1145f:2cAs,6cKh|/2h7dTc/8h/Ad:400,-400(400.000000)
113:Player,BR:0cc/cc/r100r142f:5sJh,3h7d|/6s7hQs/2s:-200,200(-200.000000)
114:BR,Player:0r100c/cr400c/r743f:9dKh,9sQc|/7dThKc/5d:600,-600(600.000000)
115:Player,BR:0cc/cc/cr435c/cr1531c:3d5h,2sKd|/2d4dKh/3s/Jh:-2066,2066(-1548.922956)
116:BR,Player:0cc/cr200c/r281f:4s6c,4h8c|/5cThQs/9c:300,-300(300.000000)
117:Player,BR:0cc/cc/cr19900f:7cAd,3h3c|/TdQsQc/3s:-100,100(-100.000000)
118:BR,Player:0r200c/cc/r244f:2cJs,7d8s|/3hJcAs/Tc:300,-300(300.000000)
119:Player,BR:0cr200c/r300c/cr1718r4636r4920c/cr8126c:7h8c,QcKd|/2h9cTs/6d/Js:-20000,20000(-20000.000000)
120:BR,Player:0r200c/cc/cc/cr600r842r6968f:JhKd,6dTh|/4h6s8c/Td/Ts:-1742,1742(-1742.000000)
121:Player,BR:0cc/cc/r100r107c/r307f:5dQh,TcJs|/3s9dTh/Qs/Ad:307,-307(307.000000)
122:BR,Player:0r200c/cc/r244f:7h8s,9sKc|/2s7cAc/3d:300,-300(300.000000)
123:Player,BR:0cc/cc/cr164c/cc:5hAd,7hTd|/3s4h9c/3c/Ks:264,-264(264.000000)
124:BR,Player:0cc/cc/r142f:2s9h,3sKs|/4d7d8c/Ts:100,-100(100.000000)
125:Player,BR:0cc/cc/cc/cr100r200r1145c:3hAc,9dQd|/JcKcAh/8h/9s:1545,-1545(1545.000000)
126:BR,Player:0r100c/cc/r1751f:9sAc,4sTs|/6d8cJh/Qd:200,-200(200.000000)
127:Player,BR:0cr200c/r300c/r600f:5c6d,3s6c|/2c4cTd/Qs:600,-600(600.000000)
128:BR,Player:0f:9dKs,2h4d|:50,-50(50.000000)
129:Player,BR:0cc/cc/cr100f:7cJd,2s5c|/2c4dTs/6s:-100,100(-100.000000)
130:BR,Player:0f:ThJh,2c7h|:50,-50(50.000000)
131:Player,BR:0cc/cc/cr100c/cr100r600f:4c8d,6dTc|/8hTdKc/8c/9h:300,-300(300.000000)
132:BR,Player:0r200c/cc/r212f:6h9c,QdKh|/5d6cJd/7h:300,-300(300.000000)
133:Player,BR:0cr200c/r300c/cr1718c/cc:6hAh,4h6s|/4d7hAc/Qs/7c:2318,-2318(1790.204813)
134:BR,Player:0cc/cc/cc/cr200r491f:6hQc,7cJd|/2c9sAh/7d/8c:300,-300(300.000000)
135:Player,BR:0cr200c/r300c/cr3004c/cc:JsAh,ThQd|/3h9cJh/3c/9s:3604,-3604(3445.178353)
136:BR,Player:0r200c/cr600c/r419c/cr2638f:5d7h,3sKc|/2sTsQd/3h/Kd:-1319,1319(-1319.000000)
137:Player,BR:0cr200c/cc/cr371c/cc:5d6s,5sTh|/6h8hKs/2d/6d:671,-671(668.703509)
138:BR,Player:0cc/cr100c/cc/cr400f:QdKs,3sTh|/8d9cJs/7c/4d:-200,200(-200.000000)
139:Player,BR:0cc/cc/cr286c/cr273c:2s6c,QdQc|/2d5dKc/7c/6d:659,-659(-327.668718)
140:BR,Player:0cc/cc/r435f:3h4c,9cAs|/3d4s7c/2s:100,-100(100.000000)
141:Player,BR:0cr200c/cc/r300f:JhAs,3d9d|/8cJcKc/Jd:300,-300(300.000000)
142:BR,Player:0r200c/cr300c/r561c/cc:5cKs,5dAh|/3h6c8d/2s/Qc:-1161,1161(-957.515783)
143:Player,BR:0cc/cc/cr19900f:2sAc,9sQc|/JcKhKc/Ts:-100,100(-100.000000)
144:BR,Player:0r100c/cr200c/r106f:3h5c,3sTs|/7cJhKs/2d:400,-400(400.000000)
145:Player,BR:0cr200c/cc/cc/cc:JcQh,6s7d|/9hJsKc/3d/9c:300,-300(283.191294)
146:BR,Player:0r100c/cr200c/r430c/r1562f:9dAd,5s7s|/4c5cAs/6h/Ah:830,-830(830.000000)
147:Player,BR:0cr200c/cc/cr212c/cr157c:TsAh,5d7c|/3s3d6s/6h/5s:-669,669(-405.766069)
148:BR,Player:0f:AsAc,2h7c|:50,-50(50.000000)
149:Player,BR:0cc/cc/cc/cc:2c5h,3sQc|/5d8hKh/Ts/8c:100,-100(-1.659085)
150:BR,Player:0r200c/cr600c/r637r3074f:7s9s,JdKd|/4sJhKh/Ks:-1537,1537(-1537.000000)
151:Player,BR:0cr200c/cc/cr565r865c/cr173c:AsAd,9hJc|/9sQsQc/7h/8d:1903,-1903(-255.545821)
152:BR,Player:0r200c/cc/r19700f:7sAd,KsKc|/7dQdAc/3c:300,-300(300.000000)
153:Player,BR:0cc/cc/cr164c/r264f:4cAd,4sQh|/7cTcJh/2c/8c:264,-264(264.000000)
154:BR,Player:0cc/cr200c/r427f:2hTd,3hTs|/3d4s5s/8c:300,-300(300.000000)
155:Player,BR:0cc/cc/r100r123f:4c8h,4h8s|/5d7dKs/5s:-200,200(-200.000000)
156:BR,Player:0r200c/cr300c/r3455f:8dQs,KsAd|/3sJhQc/Qh:600,-600(600.000000)
157:Player,BR:0cr200c/cc/cc/cc:JhKh,2d8s|/2sJdAd/4s/Kd:300,-300(99.519799)
158:BR,Player:0cc/cr200c/r106r812c/cc:6c9d,6dJh|/9sQdKc/Ad/Ac:1218,-1218(331.638519)
159:Player,BR:0cr200c/cc/cr565c/cc:8cQc,6d9c|/4c7cAc/Qd/9s:865,-865(297.004977)
160:BR,Player:0cc/cr100c/r163r726r886c/r1397c:4d8h,JcQd|/2d4hQh/6h/4s:3372,-3372(1381.809905)
161:Player,BR:0cr200c/cc/cr491c/cc:TsAd,3s9h|/4c6cKh/6h/2d:791,-791(785.503817)
162:BR,Player:0f:6h8h,2s7d|:50,-50(50.000000)
163:Player,BR:0cr200c/cc/cr491f:9hTd,4dJh|/2s3h5s/5d:-300,300(-300.000000)
164:BR,Player:0cc/cr200c/cr300r646f:4cAd,3sTh|/4d5c6h/3d:600,-600(600.000000)
165:Player,BR:0cr200c/r300c/cr1493c/cc:8cAc,4s5d|/2hKdAs/9c/8s:2093,-2093(2092.549017)
166:BR,Player:0r200c/cr300c/r18483c/r917c:2cJs,8sJh|/2d8hJc/3c/Qc:-20000,20000(4311.741053)
167:Player,BR:0cc/cc/cr9423f:3sQh,6h8s|/5cKhAc/7h:-100,100(-100.000000)
168:BR,Player:0r100c/cc/r1001f:6h9h,8dQc|/5s5cQd/7d:200,-200(200.000000)
169:Player,BR:0cr200c/r300c/r600c/cc:QdKs,2s9d|/2h7hTh/As/Ah:-1200,1200(710.495162)
170:BR,Player:0r200c/cc/r323c/r12618f:9sQc,2cKh|/4s5s6c/3s/Td:623,-623(623.000000)
171:Player,BR:0cc/cc/r100r100f:7dTc,JdQs|/2c9sAc/Js:-200,200(-200.000000)
172:BR,Player:0r200c/cr300c/r184f:2h7s,3dQc|/6cTsAd/4s:600,-600(600.000000)
173:Player,BR:0cc/cc/r100r187c/r387f:5c9d,4c7h|/2d8hJd/5h/5d:387,-387(387.000000)
174:BR,Player:0r200c/cc/cc/cr600r1694f:2hKh,7cAd|/4dJsAs/Jd/9h:900,-900(900.000000)
175:Player,BR:0cr200c/r300c/r600c/r1200r3928r12656f:QdAd,JcQs|/3d9dAc/4s/Js:6328,-6328(6328.000000)
176:BR,Player:0r200c/cc/r3021f:QhAh,2d5d|/4s9hKc/Jh:300,-300(300.000000)
177:Player,BR:0cr200c/r300c/r600f:5hKh,4cTh|/2c5d9d/9c:600,-600(600.000000)
178:BR,Player:0r200c/cr600c/r554c/r778r4464f:9sJd,3c6c|/8c9cAh/Ad/5s:-2232,2232(-2232.000000)
179:Player,BR:0cc/cc/cc/cr329c:3h7h,9cJc|/3c6hAs/6d/2d:429,-429(429.000000)
180:BR,Player:0r100c/cr400c/r279f:3dQc,6hQd|/4s7dJc/Kh:600,-600(600.000000)
181:Player,BR:0cr200c/cc/cr2284f:9s9d,8cKc|/2sTcQs/Qc:-300,300(-300.000000)
182:BR,Player:0r200c/cc/cc/r100c:5s8d,3d6d|/9h9dKh/4d/6h:-400,400(-400.000000)
183:Player,BR:0cc/cc/cr164f:8sKc,5h6d|/2d3d7c/7h:-100,100(-100.000000)
184:BR,Player:0r100c/cc/cc/cc:9hAd,4hAs|/2d8cKs/Qc/7s:200,-200(-30.740268)
185:Player,BR:0cc/cc/r100c/cr327f:3cJs,2s2c|/3s8dKd/As/6c:-200,200(-200.000000)
186:BR,Player:0r200c/cr300c/r160f:2dKc,6sTc|/2c8dJs/8c:600,-600(600.000000)
187:Player,BR:0cc/cc/cc/cr2329f:2s4s,5sAd|/4h8hJh/2c/3s:-100,100(-100.000000)
188:BR,Player:0r200c/cc/r106c/cr812f:3s7d,TdAd|/2h8s9s/As/Kh:-406,406(-406.000000)
189:Player,BR:0cr200c/cc/cr649f:JdAd,8dQc|/4s9hTs/3c:-300,300(-300.000000)
190:BR,Player:0r200c/cr300c/cr1200f:5h9s,2hAh|/2s2dJh/8s:-600,600(-600.000000)
191:Player,BR:0cc/cc/r100r433f:5cQd,9hAd|/3h5s9s/2d:-200,200(-200.000000)
192:BR,Player:0r100c/cr400c/cc/r646r2492f:2d7s,3c7c|/3d8sJc/9h/9s:-1246,1246(-1246.000000)
193:Player,BR:0cc/cc/r100r100r300c/cr854c:5cJd,2c9d|/3c5h6s/4c/7h:0,-0(541.505281)
194:BR,Player:0r200c/cr300c/cc/cc:4cQc,TsQs|/4hKsAc/5d/Th:-600,600(-408.337825)
195:Player,BR:0cc/cc/cr100f:3h9c,ThAh|/4d7sQc/7h:-100,100(-100.000000)
196:BR,Player:0r200c/cr300c/cr1200f:6sKh,7hQs|/4c9hTc/2h:-600,600(-600.000000)
197:Player,BR:0cc/cc/r200r565c/cr2847f:7cJc,6h9h|/3s4c7h/2h/4h:-865,865(-865.000000)
198:BR,Player:0r200c/cr600c/r157f:5h7c,4h9h|/2d6sKh/Ts:900,-900(900.000000)
199:Player,BR:0cr200c/cc/cr19700f:8dAs,6sKs|/6c9sKc/Kd:-300,300(-300.000000)
200:BR,Player:0cc/cc/cr100c/cc:6hJh,2sAd|/2h7c8d/8s/9c:-200,200(-137.037679)
201:Player,BR:0cr200c/r300c/r600r7945f:JsQd,6s7h|/3h4d8h/7c:-1200,1200(-1200.000000)
202:BR,Player:0cc/cc/cc/cr100f:5d7d,3h6d|/9cTcKs/8d/4c:-100,100(-100.000000)
203:Player,BR:0cc/cc/cr100c/cr2664f:2c7s,5h7h|/2d6sTs/9d/Th:-200,200(-200.000000)
204:BR,Player:0r200c/cc/r106c/cc:5s8c,6cJd|/6hThKh/4c/Qs:-406,406(-406.000000)
205:Player,BR:0cr200c/cc/cr371f:8hQd,2d7h|/3h9d9c/Kd:-300,300(-300.000000)
206:BR,Player:0cc/cr100c/cr200c/cc:2h8c,5dTs|/2d4hQd/9c/3d:400,-400(-265.191053)
207:Player,BR:0cc/cc/r100c/r200r430c:4cJh,KdAs|/2s8hTh/Js/Ks:-830,830(-482.960195)
208:BR,Player:0cc/cr200c/r491c/cr1582f:9dTc,7dJc|/6hJsJd/4d/Ac:-791,791(-791.000000)
209:Player,BR:0cc/cc/cr100f:2h3c,7h9c|/6s9dTc/Qc:-100,100(-100.000000)
210:BR,Player:0r200c/cc/r3021f:7hJd,8dKd|/5hTsAc/Kh:300,-300(300.000000)
211:Player,BR:0cc/cc/cr100f:3h6d,5sJc|/QsQhQc/Ac:-100,100(-100.000000)
212:BR,Player:0cc/cc/cr100c/cc:8sJc,QdKh|/5d9hAs/9c/Th:-200,200(-111.999185)
213:Player,BR:0cc/cc/cc/cr435f:4h9h,3sKs|/5d9cTs/Qd/Jd:-100,100(-100.000000)
214:BR,Player:0r200c/cc/cc/cr600f:2h8h,7hJh|/7dJdQs/9s/4h:-300,300(-300.000000)
215:Player,BR:0cc/cc/cr142f:4s7h,3hTd|/8dJdAs/6h:-100,100(-100.000000)
216:BR,Player:0r200c/cr300c/r139c/cr1478r2386f:3hAh,TcQc|/3c4sJd/7s/8c:2217,-2217(2217.000000)
217:Player,BR:0cc/cc/cr3080f:2hQd,7hAc|/6d8sAh/Ad:-100,100(-100.000000)
218:BR,Player:0r200c/cc/cc/cr600f:3sQd,6cAh|/7sKdAc/2c/Jd:-300,300(-300.000000)
219:Player,BR:0cr200c/r300c/cr18483f:7h9h,TdQd|/2d4dJh/Kd:-600,600(-600.000000)
220:BR,Player:0r100c/cr400c/r211f:4c6s,8cTc|/2h5cJh/5s:600,-600(600.000000)
221:Player,BR:0cr200c/cc/r300c/r600r1964c:8hTs,4cKs|/2h9hTd/3d/3s:3164,-3164(3164.000000)
222:BR,Player:0r200c/cc/r19700f:9s9c,4c7c|/3s9dAs/3h:300,-300(300.000000)
223:Player,BR:0cc/cc/cr576f:4dAh,2d7h|/2c6s7s/9h:-100,100(-100.000000)
224:BR,Player:0cc/cr200c/r100f:5sAd,3hTd|/2d4hKh/4d:300,-300(300.000000)
225:Player,BR:0cc/cc/cr188f:3sJc,6cTh|/9hQdKc/4h:-100,100(-100.000000)
226:BR,Player:0r200c/cr600c/cr900r6814f:7sKd,TcJs|/4s5h8c/Qs:1800,-1800(1800.000000)
227:Player,BR:0cr200c/r300c/r600r7945f:ThTc,5cTs|/2c9sQh/Kh:-1200,1200(-1200.000000)
228:BR,Player:0cc/cc/r1532f:8c9c,9hAc|/7dThKs/Jc:100,-100(100.000000)
229:Player,BR:0cc/cc/cc/cc:4dAc,2h2d|/4c7c9s/Kh/6h:100,-100(-17.131360)
230:BR,Player:0r100c/cc/cc/r100r600r732c:6h9c,7dJh|/7s7hQh/2s/6s:-1632,1632(-1632.000000)
231:Player,BR:0cc/cc/cr100c/cc:5hAc,6sAs|/QsQhKc/3h/7s:0,-0(80.319614)
232:BR,Player:0r200c/cr300c/r854f:4dKd,5s6h|/2h7hKc/Js:600,-600(600.000000)
233:Player,BR:0cr200c/cc/r600r18229f:7c8c,3h4h|/3s3cKd/2c:-900,900(-900.000000)
234:BR,Player:0r200c/cr600c/r317r1217r6967f:3h5s,7s8s|/2s6dQh/As:2434,-2434(2434.000000)
235:Player,BR:0cr200c/cc/r300c/cc:3cKc,8dJs|/TsKhAs/4s/3d:600,-600(214.422475)
236:BR,Player:0r200c/cc/r1136f:6sQs,ThAh|/3s4d8s/Qc:300,-300(300.000000)
237:Player,BR:0cc/cc/cr249r349c/r1396f:9hQs,6cAd|/4s5sAh/Ts/3c:698,-698(698.000000)
238:BR,Player:0r200c/cr300c/cc/cc:2d8s,6sTc|/4c6h9d/Kh/Qd:-600,600(-576.576867)
239:Player,BR:0cr200c/r300c/r1200f:JsQs,5s9s|/3d8sQd/7h:600,-600(600.000000)
240:BR,Player:0r100c/cc/cc/r433f:KcAh,6h8c|/6c7sJs/3c/Ac:200,-200(200.000000)
241:Player,BR:0cc/cc/r100r100r300c/r600f:8sTh,TsKc|/6d8hAd/8d/2c:600,-600(600.000000)
242:BR,Player:0r100c/cr400c/r100r1400c/cc:3sKc,7cAh|/3c6dAs/Qh/Td:-2100,2100(481.151471)
243:Player,BR:0cc/cc/r100c/r200f:2dTd,2s8h|/JhQcKc/Kh/9c:200,-200(200.000000)
244:BR,Player:0r200c/cr300c/r321c/r6098f:2sTc,JcQc|/3sQsKh/9s/5d:921,-921(921.000000)
245:Player,BR:0cc/cc/cr1532f:5sKh,7d9d|/8hTsTh/Js:-100,100(-100.000000)
246:BR,Player:0r100c/cr200c/r100c/cc:8sTs,6h7d|/6sJdJc/Ac/7c:-500,500(-499.999999)
247:Player,BR:0cc/r100c/cr327f:6sQh,8sTs|/2s4sTc/Ac:-200,200(-200.000000)
248:BR,Player:0r200c/cc/r100c/cr800r1291f:9dAh,5h6c|/2d3dJs/Tc/Qh:1200,-1200(1200.000000)
249:Player,BR:0cr200c/r300c/r600c/r2400c:8s9s,8cTh|/7sTdJd/3d/Kh:3600,-3600(1199.101126)
250:BR,Player:0cc/cc/r379f:2h3s,JcQh|/3d5dKc/2s:100,-100(100.000000)
251:Player,BR:0cc/cc/cr249c/cr141c:6sAc,QsKs|/3s7sAh/Kh/2c:490,-490(-327.122988)
252:BR,Player:0r100c/cr200c/cc/cr800r3435c:5sQh,JdKd|/TsThJc/6h/5d:-4635,4635(-4635.000000)
253:Player,BR:0cc/cc/cc/cc:4sJc,4cJd|/2sKdKc/6s/Ad:0,-0(-3.731694)
254:BR,Player:0r100c/cr200c/r753f:4sAc,7s8s|/3hQsAd/8c:400,-400(400.000000)
255:Player,BR:0cc/cc/r200f:4sQh,6s7s|/2hJsQd/4h:100,-100(100.000000)
256:BR,Player:0cc/cr100c/r163c/r194r557f:5d6d,4d8s|/2s8cKd/9h/8d:-557,557(-557.000000)
257:Player,BR:0cc/cc/r200r8036f:2c8c,5hTs|/9hThKc/4c:-300,300(-300.000000)
258:BR,Player:0r200c/cc/r1727f:9sAd,8cQd|/6hAsAc/Js:300,-300(300.000000)
259:Player,BR:0cc/cc/cr216f:2s9s,TdAs|/3d4dKc/7d:-100,100(-100.000000)
260:BR,Player:0cc/cc/cr100c/cr400r1129f:ThKs,4s6h|/2s4c9h/6s/2c:600,-600(600.000000)
261:Player,BR:0cr200c/cc/r300f:7d8h,2h9s|/TcKsAs/Jd:300,-300(300.000000)
262:BR,Player:0r200c/cr300c/r2271f:9cTs,4d6s|/4s9h9d/2h:600,-600(600.000000)
263:Player,BR:0cc/cc/cc/cr108c:2cKh,4hTd|/9cJhAc/4s/9h:-208,208(-52.081873)
264:BR,Player:0cc/cc/cc/r100f:4d7s,4c6h|/TsQdKd/5s/7c:100,-100(100.000000)
265:Player,BR:0cc/cc/r200c/r1200f:8cQd,QhKs|/7d9dKd/8d/9h:300,-300(300.000000)
266:BR,Player:0cc/cc/r100c/r100r600f:3sKs,TdJc|/3c6sJd/7d/Js:-300,300(-300.000000)
267:Player,BR:0cr200c/cc/cc/cc:7h8c,2h3s|/3d5dQd/As/Ks:-300,300(138.187368)
268:BR,Player:0r100c/cc/r100f:4dQh,7d9c|/6h6cAs/Qs:200,-200(200.000000)
269:Player,BR:0cr200c/r600c/r1800r2906f:JsKd,KsAd|/4dQsAc/7d:-2700,2700(-2700.000000)
270:BR,Player:0cc/cr200c/r988c/cr1288f:2h5c,5dAh|/5hTcAs/7d/8s:-1288,1288(-1288.000000)
271:Player,BR:0cr200c/r300c/r1200r7836f:2s2h,6s8h|/4h7dKs/Ac:-1800,1800(-1800.000000)
272:BR,Player:0r200c/cr300c/r646c/cc:2s9h,KdAs|/6c7cAd/8d/2h:-1246,1246(-1067.481383)
273:Player,BR:0cc/cc/cr100f:7dQh,4d4c|/2c8hJc/As:-100,100(-100.000000)
274:BR,Player:0cc/cc/cc/cc:2hKs,QdAd|/5c7c9s/8d/Js:-100,100(-78.658895)
275:Player,BR:0cc/cc/r100r433c/cc:9dTh,AdAc|/3c7dQh/6d/5h:-633,633(86.990706)
276:BR,Player:0r100c/cc/r100c/r323c:7h8c,6cJh|/7cJsAh/9h/8s:623,-623(416.462805)
277:Player,BR:0cr200c/cc/cc/r300r1975f:JhQc,4cKh|/6s9sAc/7d/Qh:-600,600(-600.000000)
278:BR,Player:0r100c/cr200c/r141c/cc:5dQd,6c8s|/6hTsKs/4d/3s:-541,541(-540.995754)
279:Player,BR:0cr200c/cc/cr1986f:8cKd,TdAd|/3d9sAh/2s:-300,300(-300.000000)
280:BR,Player:0r200c/cr300c/cr1200r6814c/cr11386f:JhQd,6dTh|/5h6sTc/Kd/Ts:-8614,8614(-8614.000000)
281:Player,BR:0cr200c/cc/r300c/cr854f:9cJc,3dKs|/4h4d9d/Td/Kc:-600,600(-600.000000)
282:BR,Player:0r100c/cr400c/r488f:4s4h,6cQd|/5d8hJd/8d:600,-600(600.000000)
283:Player,BR:0cc/cc/r100c/r800f:6d8s,9dJh|/3hTcAh/7d/5d:200,-200(200.000000)
284:BR,Player:0cc/cc/r249r349c/cc:9cKc,3hKh|/4sKdAc/2d/2c:0,-0(122.309706)
285:Player,BR:0cc/cc/cr164f:5cQd,5d8c|/3d9dTh/Kc:-100,100(-100.000000)
286:BR,Player:0cc/cc/r142c/cr484f:7sTh,2d5h|/5c7c8h/Ad/5d:-242,242(-242.000000)
287:Player,BR:0cr200c/cc/cr121c/cr170c:9hTd,2dJd|/9cKsAh/Jh/Kc:-591,591(-278.396314)
288:BR,Player:0r100c/cc/r285f:8cTc,3dAs|/4dTsJc/6d:200,-200(200.000000)
289:Player,BR:0cc/cc/r100r498f:6dTh,6s8d|/2sQhQd/4h:-200,200(-200.000000)
290:BR,Player:0r100c/cc/r327c/cr1054f:6c7h,3sAs|/8sTcAc/4c/4d:-527,527(-527.000000)
291:Player,BR:0cc/cc/r100r757f:7sTh,4cKs|/8hJcKc/Kd:-200,200(-200.000000)
292:BR,Player:0r200c/cr300c/cc/r1129f:5dAh,6cJh|/6d9hKc/3s/Ad:600,-600(600.000000)
293:Player,BR:0cc/cc/cr164c/cc:5hJh,4h8c|/TcJdJc/As/4c:264,-264(101.092555)
294:BR,Player:0r100c/cc/cc/cc:4s9h,6hQc|/2c7cKd/7s/Ks:-200,200(-199.999650)
295:Player,BR:0cc/cc/r100r573f:5hKc,5d7c|/3c7dAh/5s:-200,200(-200.000000)
296:BR,Player:0cc/cr200c/r281r581f:5h8s,3cKc|/3h9cQc/6c:-581,581(-581.000000)
297:Player,BR:0cr200c/r300c/cr743f:4cAc,8s8d|/7c9hQh/5h:-600,600(-600.000000)
298:BR,Player:0r200c/cc/r281f:6c7d,8sTs|/2d2cAd/3d:300,-300(300.000000)
299:Player,BR:0cr200c/r300c/r600c/cr976c:4s5d,4dTh|/3sTsAs/9h/Qs:2176,-2176(2176.000000)
300:BR,Player:0r200c/cr300c/r2612f:6cKh,8d8c|/5d6d9h/6s:600,-600(600.000000)
301:Player,BR:0cc/cc/r100r215c/r415f:6sAd,2sJd|/5h8cAh/6d/5d:415,-415(415.000000)
302:BR,Player:0cc/cc/r100f:5s7c,2s8s|/7sJdQh/4c:100,-100(100.000000)
303:Player,BR:0cr200c/cc/cr161c/cc:3dKd,4c6h|/QhKcAs/2d/3c:461,-461(461.000000)
304:BR,Player:0r100c/cr200c/r100f:3h8s,6sJd|/5s8cKd/5d:400,-400(400.000000)
305:Player,BR:0cc/cc/cc/cc:3cJh,TsJs|/5h5dAh/8s/7c:-100,100(9.247075)
306:BR,Player:0cc/cc/cr100c/r107r307r661f:5dJh,2c7c|/3d6sKh/6h/Js:614,-614(614.000000)
307:Player,BR:0cc/cc/cc/r100r163c:2cAs,4c9h|/8hTcQh/Ac/Kd:363,-363(363.000000)
308:BR,Player:0r100c/cc/r285f:6cAs,7h7d|/9cTcQc/Ad:200,-200(200.000000)
309:Player,BR:0cr200c/cc/cr371c/cr205r1752f:9sQs,TdTc|/2c8sAs/2d/4s:876,-876(876.000000)
310:BR,Player:0r200c/cr600c/r364r1264r5472f:ThQd,KhKd|/7h9hTd/2h:2528,-2528(2528.000000)
311:Player,BR:0cr200c/r300c/r600r2987f:JdAd,6c8c|/3c7cAc/Qs:-1200,1200(-1200.000000)
312:BR,Player:0r200c/cr300c/cc/cr1200r5925f:8cKd,7c9h|/4s4c5s/4d/Ah:1800,-1800(1800.000000)
313:Player,BR:0cc/r100c/r200r200c/r600f:4d5s,3s9d|/2h2c5c/As/5h:600,-600(600.000000)
314:BR,Player:0f:4sTh,2d4h|:50,-50(50.000000)
315:Player,BR:0cc/cc/cr124c/cc:8cAd,5sAc|/2dJdKc/5h/4s:-224,224(-35.848176)
316:BR,Player:0cc/cc/cc/cc:KcAc,5dKh|/2h6dQc/8d/8h:100,-100(74.626058)
317:Player,BR:0cr200c/cc/cr2627f:5s6d,8h8d|/6c8c9d/Jh:-300,300(-300.000000)
318:BR,Player:0cc/cr100c/r107c/r380c:4c5s,TsJc|/2hTcQh/8s/7s:-687,687(-687.000000)
319:Player,BR:0cr200c/cc/cr212c/cr7841f:4dKd,9cAc|/2s5cTc/5d/3c:-512,512(-512.000000)
320:BR,Player:0r100c/cc/r123r646c/cc:5h8d,8h9s|/3c5cJd/7h/As:969,-969(36.467944)
321:Player,BR:0cc/cc/cr1158f:6dAh,4s5c|/6h7sKs/8s:-100,100(-100.000000)
322:BR,Player:0r200c/cr300c/r982c/r421r8012f:9dAd,7c9s|/4d7s7d/9h/8c:-2003,2003(-2003.000000)
323:Player,BR:0cr200c/r300c/r1200r18126f:5d6s,4cJd|/2d4s9d/Jc:-1800,1800(-1800.000000)
324:BR,Player:0r200c/cc/r859c/r116r2550f:3cKh,2c9c|/4c6hTh/Kc/Ad:-1275,1275(-1275.000000)
325:Player,BR:0cr200c/r300c/r1200r1274c/cr407r16519f:9h9d,5h8d|/3s8c9c/7s/3d:3481,-3481(3481.000000)
326:BR,Player:0r200c/cc/cc/cc:8dAs,9s9h|/4cTcQh/3c/2s:-300,300(-50.398505)
327:Player,BR:0cr200c/r300c/r600r849f:TcQc,TsKh|/4dJdKd/Ks:-1200,1200(-1200.000000)
328:BR,Player:0cc/cc/cr100r123c/cr646f:4d4c,3dQs|/3s3cKs/As/5s:-323,323(-323.000000)
329:Player,BR:0cc/cc/cr100c/cc:3dQd,2c3h|/4d8dKs/7c/5d:200,-200(200.000000)
330:BR,Player:0r200c/cc/cc/cr600c:5sTs,4cJc|/5d9dKh/6s/7s:900,-900(-294.879574)
331:Player,BR:0cc/cc/cc/cc:3hJd,4s4h|/JcQdAd/6h/9s:100,-100(-13.642787)
332:BR,Player:0r200c/cc/cr300c/cc:2sTh,TdKc|/TcAsAc/Qc/8d:-600,600(-48.572348)
333:Player,BR:0cc/cc/cr164f:3s5d,4s7h|/9sJsJc/Qc:-100,100(-100.000000)
334:BR,Player:0r200c/cc/r212c/r274c:2c4s,JdAd|/8d8cTc/Ac/Kc:786,-786(347.756285)
335:Player,BR:0cc/cc/cc/r100r215c:7hQc,2cJh|/3d7s8c/6h/Jd:-415,415(-269.886864)
336:BR,Player:0r100c/cr400c/r1718r2318r2480c/cc:6cTs,6s8c|/5d6h7h/6d/3h:7116,-7116(-3785.102045)
337:Player,BR:0cr200c/cc/r300r854r1454c/r5816f:2hQh,6cKc|/3h3c5c/8h/6h:2908,-2908(2908.000000)
338:BR,Player:0r200c/cc/r1727f:2h3s,8cJd|/3d4s5s/8s:300,-300(300.000000)
339:Player,BR:0cc/cc/cr249c/cr123c:2h4c,9cQs|/2d6sAs/Qd/8s:-472,472(-276.585805)
340:BR,Player:0r200c/cc/r1306c/r18394f:5cQd,6dAc|/JhQhQc/Ad/5h:1606,-1606(1606.000000)
341:Player,BR:0cr200c/r300c/r600f:3h5h,3d8d|/6s7cKs/7s:600,-600(600.000000)
342:BR,Player:0r100c/cc/r1152f:7cJs,6h6d|/7sJcAd/8c:200,-200(200.000000)
343:Player,BR:0cc/cc/r100r107r307c/cc:5dJc,6h8s|/2s6dJh/5c/5s:614,-614(197.064048)
344:BR,Player:0f:2c5d,2h4d|:50,-50(50.000000)
345:Player,BR:0cr200c/cc/r300r369c/cr392c:3cJc,9sTc|/7h7dTs/3s/2d:-1361,1361(-740.031493)
346:BR,Player:0cc/cr100c/r100f:7dKs,5h6d|/7s9cQh/Jd:200,-200(200.000000)
347:Player,BR:0cr200c/cc/cc/cr212r512f:AsAh,2hAc|/5d9sKh/5c/Kc:512,-512(512.000000)
348:BR,Player:0r100c/cr200c/r374c/r360f:TdKc,9dQd|/6cTsJh/3c/5s:774,-774(774.000000)
349:Player,BR:0cc/cc/cr329c/cr531c:3cJs,4c8c|/4d9dJd/8h/6s:-960,960(-593.831652)
350:BR,Player:0r200c/cr300c/r561f:7cJh,5dKd|/5cThJc/8s:600,-600(600.000000)
351:Player,BR:0cr200c/cc/cr19700f:8sKs,5cAc|/6cQcAh/5h:-300,300(-300.000000)
352:BR,Player:0r100c/cc/cr200r200c/cr2400f:6dQs,5c7h|/2s2c7d/7c/9s:-600,600(-600.000000)
353:Player,BR:0cc/cc/cr100c/cc:2c6h,8sKd|/4s9s9h/6s/Td:200,-200(129.744715)
354:BR,Player:0r200c/cr600c/r2963f:AsAd,8s9s|/2h7cQs/Jh:900,-900(900.000000)
355:Player,BR:0cc/cc/cr108f:3s9c,3c9s|/7cKsAc/8d:-100,100(-100.000000)
356:BR,Player:0r200c/cr300c/r160c/cc:TcAh,7sAs|/2d4c5s/2c/Kd:760,-760(63.678887)
357:Player,BR:0cr200c/r300c/cr100r1400f:4s4d,2d2c|/4h9sJs/3d:700,-700(700.000000)
358:BR,Player:0r200c/cc/cc/cc:2sTd,TcQs|/8d9cAc/Kd/3d:-300,300(-264.097407)
359:Player,BR:0cc/cc/r200c/r300r1299f:5sTs,KsAc|/4h5h9c/2s/Js:-600,600(-600.000000)
360:BR,Player:0r100c/cr400c/r321f:TcQs,5cKd|/4s6dJd/9c:600,-600(600.000000)
361:Player,BR:0cc/cc/cc/cc:2cTs,6hAd|/5s9sTc/Qd/3s:100,-100(20.065420)
362:BR,Player:0cc/cc/cc/cc:5s5c,4hKh|/9hTcQd/2c/As:100,-100(9.361539)
363:Player,BR:0cc/cc/cr8194f:2d7c,3hAh|/2cTcQh/9h:-100,100(-100.000000)
364:BR,Player:0r200c/cr300c/cr1200c/r5153f:2hTd,5sQc|/2c4s7s/9s/2d:1800,-1800(1800.000000)
365:Player,BR:0cc/cc/cc/cr379f:9hJc,2h7h|/7dTsQh/Js/7s:-100,100(-100.000000)
366:BR,Player:0r200c/cr300c/r425c/r631f:9dJs,TcAc|/JcKdKc/6h/3s:1025,-1025(1025.000000)
367:Player,BR:0cc/cc/cc/cr188f:2h7s,4dQc|/3d5c8d/3s/9s:-100,100(-100.000000)
368:BR,Player:0r200c/cc/r18588f:9hKh,8dKc|/2d6hJh/4h:300,-300(300.000000)
369:Player,BR:0cr200c/r600c/cr732f:8hAh,4c5d|/TdQhKc/Tc:-900,900(-900.000000)
370:BR,Player:0r200c/cc/r988f:3c4h,ThQd|/5c8cAc/8h:300,-300(300.000000)
371:Player,BR:0cc/cc/r100r123c/r323r919f:3s7h,9sKh|/2c3c9c/Js/6c:-646,646(-646.000000)
372:BR,Player:0r200c/cc/r427f:7hQd,3h4d|/9cJsJc/Qs:300,-300(300.000000)
373:Player,BR:0cr200c/r300c/r600c/cr2987f:6d7c,4d8d|/5h8cKc/5c/As:-1200,1200(-1200.000000)
374:BR,Player:0cc/cc/cc/cc:3sTc,4hQd|/2hJcKh/5h/2s:-100,100(-59.021600)
375:Player,BR:0cr200c/r300c/cr100c/cr186c:QhAs,8hQs|/9h9dKs/Qc/2h:886,-886(-239.228595)
376:BR,Player:0r200c/cc/r100c/r655f:7hAc,5cKc|/6hTsTd/Qs/Ad:400,-400(400.000000)
377:Player,BR:0cc/cc/r100c/r400r2612f:5c9d,2sTs|/2h6h9c/4s/As:-600,600(-600.000000)
378:BR,Player:0cc/cr200c/cc/cc:3s3d,2sTh|/2h8dKh/9s/7d:300,-300(91.661974)
379:Player,BR:0cr200c/cc/cr3021f:TsQs,7sJs|/5s5cAs/2d:-300,300(-300.000000)
380:BR,Player:0f:2c3d,2d3c|:50,-50(50.000000)
381:Player,BR:0cr200c/cc/r300r1718f:KcAc,TsQs|/4d9hJc/Js:-600,600(-600.000000)
382:BR,Player:0r200c/cc/r649f:QhAd,TsAs|/3d8d8c/2d:300,-300(300.000000)
383:Player,BR:0cc/cc/r100r433f:2d6h,9hTs|/5d8s9s/3c:-200,200(-200.000000)
384:BR,Player:0r100c/cc/r107f:2d6h,7cQs|/4h9hAc/8h:200,-200(200.000000)
385:Player,BR:0cr200c/cc/r300c/cr1299c:6c8c,4hKh|/3h6dQs/Jd/Qh:1899,-1899(1848.491705)
386:BR,Player:0r200c/cr300c/r646f:7hJc,QsKc|/4c5s8h/3c:600,-600(600.000000)
387:Player,BR:0cc/cc/r100r573f:3sTd,JdJc|/4d5c8h/9d:-200,200(-200.000000)
388:BR,Player:0cc/cc/cc/cc:3s5d,2cTh|/3c7hKc/Qh/6d:100,-100(52.810883)
389:Player,BR:0cc/cc/cr100f:3c4s,7sJc|/9sJdAc/9c:-100,100(-100.000000)
390:BR,Player:0r100c/cc/cc/cc:3d9s,6sQs|/2c8hTd/Tc/4h:-200,200(-193.350211)
391:Player,BR:0cr200c/r300c/r1200r1684r3484c/r6968r6064c:3cQc,3hQs|/4h5c6c/Ad/7d:0,-0(-151.623790)
392:BR,Player:0cc/cc/r100c/r100c:7h7d,2sKd|/4d4cKc/8d/4s:-300,300(67.034811)
393:Player,BR:0cc/cc/cr329f:5sTh,2sJd|/4d8sJh/6s:-100,100(-100.000000)
394:BR,Player:0r100c/cc/r100c/cr300r3455r15945f:6c9s,ThJs|/4dQdAs/9h/8c:-4055,4055(-4055.000000)
395:Player,BR:0cr200c/r300c/cr243r843f:3dKd,8sJs|/4c5dAd/5c:843,-843(843.000000)
396:BR,Player:0cc/cr200c/r427c/cr727r4162f:6cAh,8dTh|/9dJcAc/4s/5c:1454,-1454(1454.000000)
397:Player,BR:0cr200c/r300c/cr425f:6sKs,5h7d|/2s4dJc/2d:-600,600(-600.000000)
398:BR,Player:0r200c/cr300c/r425f:2d5d,5c6c|/3dQdQc/Ts:600,-600(600.000000)
399:Player,BR:0cr200c/cc/cc/cr1306f:7s8c,9sQd|/2c7cTs/Ah/Js:-300,300(-300.000000)
400:BR,Player:0cc/cr200c/r106r812c/r245c:2h7d,7h9h|/3d6dTd/4d/Ad:1463,-1463(1323.351953)
401:Player,BR:0cr200c/cc/r600r1114f:9sJs,JcAs|/7dTcAc/4s:-900,900(-900.000000)
402:BR,Player:0cc/cc/r3080f:7c9c,6cKs|/3c9dTc/7h:100,-100(100.000000)
403:Player,BR:0cc/cc/r100r215r415c/r830c:7hKs,4dQc|/2sQdKc/Kh/4h:1660,-1660(813.402302)
404:BR,Player:0cc/cr100c/r19800f:4d4c,3c5h|/3h3d4h/Jh:200,-200(200.000000)
405:Player,BR:0cr200c/cc/cr649f:4hAh,9cTc|/5s5d8d/6h:-300,300(-300.000000)
406:BR,Player:0cc/cc/r142f:3c9h,2cQd|/7c8dTh/Ah:100,-100(100.000000)
407:Player,BR:0cc/cc/r100r658c/r858c:6cQs,3h5h|/4sQcAd/6h/5d:1716,-1716(679.701825)
408:BR,Player:0cc/cc/cc/cc:3s8h,3hQs|/9d9cJc/Jh/7c:-100,100(-91.901063)
409:Player,BR:0cc/cc/cr164f:2c7h,TdQc|/8d9cQs/Th:-100,100(-100.000000)
410:BR,Player:0r200c/cc/r427c/r294r1021f:2hAh,6sAd|/6c9dAc/6d/Kc:-1021,1021(-1021.000000)
411:Player,BR:0cc/cc/cr100c/cc:2h9d,3d8s|/2c7sJs/Th/Qd:200,-200(200.000000)
412:BR,Player:0r200c/cr300c/r646f:4c6d,8hAd|/7sQsQh/Ts:600,-600(600.000000)
413:Player,BR:0cc/cc/cr100f:2d4c,5dQs|/9dJdKh/8s:-100,100(-100.000000)
414:BR,Player:0r200c/cc/r121c/r100c:QsAd,3dAs|/6hJsJc/5s/5d:0,-0(222.649595)
415:Player,BR:0cr200c/r600c/r1800c/cr270f:5s7s,JcQc|/4s8cKh/Kc/4c:-2700,2700(-2700.000000)
416:BR,Player:0r200c/cr300c/r488r1088c/cc:8cJh,9h9c|/4d5c8d/4s/3s:-2176,2176(63.542508)
417:Player,BR:0cc/cc/r100r215f:8hQd,9hTh|/2c6s7s/4c:-200,200(-200.000000)
418:BR,Player:0cc/cr100c/cr400c/cc:2hAc,4cKh|/4d7cKc/8s/7h:-600,600(53.133966)
419:Player,BR:0cc/cc/cr876f:3d9s,7cJs|/2sJdAc/Jc:-100,100(-100.000000)
420:BR,Player:0r200c/cc/r161c/cc:7s8c,7h7c|/2s5dKh/Jh/9d:-461,461(-461.000000)
421:Player,BR:0cc/cc/r100c/r200r655f:7hKd,3d3c|/2h7s9s/5s/Jh:-400,400(-400.000000)
422:BR,Player:0cc/cr100c/r376f:QsAh,5c8d|/9hTdAs/9c:200,-200(200.000000)
423:Player,BR:0cc/cc/r100c/r400f:2d4h,5hTc|/4s4cQc/7h/Kc:200,-200(200.000000)
424:BR,Player:0r100c/cc/cr400c/r100r700f:3sJc,QhKs|/2c4s7s/Qs/Th:-700,700(-700.000000)
425:Player,BR:0cr200c/cc/cc/cr323c:5s7s,3h3c|/5d8hKs/6c/Kd:623,-623(-128.794976)
426:BR,Player:0r100c/cr400c/r100f:2dKd,7sJd|/3h9dQd/Ah:600,-600(600.000000)
427:Player,BR:0cr200c/r300c/r600r976f:7cKh,QsAs|/2h6h6d/Qd:-1200,1200(-1200.000000)
428:BR,Player:0cc/cc/r100c/cc:3d9h,4hQc|/4d6dJd/Qd/Kc:200,-200(118.030117)
429:Player,BR:0cc/cc/cr100c/cc:4hKc,4d8c|/3sJsAs/4c/Th:200,-200(-5.052290)
430:BR,Player:0r100c/cc/cc/cr200f:5dKc,4cQh|/7hJsQd/Ah/3s:-200,200(-200.000000)
431:Player,BR:0cc/cc/cc/cc:2s9c,2cTc|/QhQcAs/Ah/4d:-100,100(-28.139360)
432:BR,Player:0r200c/cr600c/r239c/r151c:4dJd,3d5c|/2c4s8h/3h/Ks:1290,-1290(529.982577)
433:Player,BR:0cc/cc/r100r187f:4c6h,4h9c|/2c3sKs/8s:-200,200(-200.000000)
434:BR,Player:0cc/cc/cc/cc:6hKh,2cJd|/2s9cQs/9d/8c:-100,100(21.084666)
435:Player,BR:0cr200c/cc/cr649f:6s8s,9s9h|/5h6hAh/7h:-300,300(-300.000000)
436:BR,Player:0r100c/cc/r433f:5sAc,6hKd|/9sTcAd/8h:200,-200(200.000000)
437:Player,BR:0cc/cc/cc/cc:2d6s,7sQh|/2c4dTd/9c/Ks:100,-100(37.449829)
438:BR,Player:0r100c/cr200c/r753c/r938f:TdAh,TcKd|/3cQsAs/8h/7d:1153,-1153(1153.000000)
439:Player,BR:0cc/cc/cr379c/cr682f:5sAh,4s6d|/3h4c6h/Jh/Kd:-479,479(-479.000000)
440:BR,Player:0r200c/cr600c/cr900r900f:2hQc,4h6s|/3h7d7c/Jh:1800,-1800(1800.000000)
441:Player,BR:0cc/cc/cr576f:2h7s,AsAh|/TcJdQs/4c:-100,100(-100.000000)
442:BR,Player:0cc/cr100c/r100r300c/r10567f:JdJc,4cKd|/9hKsAh/5c/Js:600,-600(600.000000)
443:Player,BR:0cr200c/cc/cr859c/cr469c:6cJc,JsKd|/5s9s9d/Jh/5d:-1628,1628(-1191.548343)
444:BR,Player:0cc/cr200c/cr600c/cr1800f:3sKd,2hKh|/4c7hQh/2s/5s:-900,900(-900.000000)
445:Player,BR:0cc/cc/cr329f:3hKs,8hJd|/2c5h9d/Js:-100,100(-100.000000)
446:BR,Player:0r100c/cc/r1152f:7hTd,2hJh|/8s9sKc/3d:200,-200(200.000000)
447:Player,BR:0cr200c/r300c/cr854c/cc:4h5h,4s9d|/3c5dTs/8h/As:1454,-1454(1449.813065)
448:BR,Player:0cc/cr100c/r573r773r773c/cc:6cKh,9cTh|/5d8dJs/Kc/Tc:2319,-2319(315.208279)
449:Player,BR:0cc/r200c/cr649c/cc:3h9h,5dTh|/3cAsAh/Kc/3s:949,-949(938.929909)
450:BR,Player:0r200c/cr300c/cc/cr1200f:5c8s,2hQh|/8h9s9c/Jd/3d:-600,600(-600.000000)
451:Player,BR:0cc/cc/cr164f:3h9h,7cTh|/3d5dAs/Kd:-100,100(-100.000000)
452:BR,Player:0r200c/cr300c/r743r2686f:7dQs,8dAd|/2s2h8s/6d:-1343,1343(-1343.000000)
453:Player,BR:0cc/cc/r100c/cc:2h8h,6cJs|/6h7sTs/5h/Ah:200,-200(-35.835535)
454:BR,Player:0cc/cr100c/cc/r215f:2hJd,3sJc|/7cTcAs/Ts/9s:200,-200(200.000000)
455:Player,BR:0cc/cc/cr108c/cr100r616f:4cAs,3hKs|/9sJsKc/Th/2s:308,-308(308.000000)
456:BR,Player:0r100c/cc/cc/cr400r400f:3hQh,5h7c|/6cJcAs/6h/Ts:600,-600(600.000000)
457:Player,BR:0cc/cc/cc/r100r376f:3hQs,4d9s|/5s8dTh/4h/7h:-200,200(-200.000000)
458:BR,Player:0r200c/cr600c/r637c/r822c:JcQc,3h8h|/7cThQs/3d/7h:2359,-2359(1213.879278)
459:Player,BR:0cc/cc/r100c/r200r753f:6dQc,QhKd|/2d3cJh/5c/7c:-400,400(-400.000000)
460:BR,Player:0r200c/cc/cc/cc:TsJh,6cKh|/2s9cAc/4d/Qd:-300,300(-217.286131)
461:Player,BR:0cr200c/cc/cc/r300r300c:TdQh,TcJh|/2h7sAd/7c/Ts:0,-0(83.914384)
462:BR,Player:0r100c/cr200c/cc/cr800r1123c:2s7c,9sKd|/6hTcKs/2h/Td:-2323,2323(-2323.000000)
463:Player,BR:0cr200c/r300c/r600f:JhAh,6sAs|/7s9dTd/Qh:600,-600(600.000000)
464:BR,Player:0r200c/cc/cc/r649c:2dJc,9cAc|/6cThQd/Qs/Js:949,-949(768.893495)
465:Player,BR:0cc/cc/r100r433f:3c6s,7dAh|/2d5h9h/As:-200,200(-200.000000)
466:BR,Player:0cc/cc/r435f:KsKh,2hTs|/3s7d7c/8d:100,-100(100.000000)
467:Player,BR:0cc/cc/cr435f:6cKh,4s5c|/7dJcAh/6s:-100,100(-100.000000)
468:BR,Player:0cc/cc/r379c/r100c:TcKh,4h7h|/5d8cKs/7d/4c:-579,579(188.988357)
469:Player,BR:0cc/cc/cr100c/cc:3dKh,JsAh|/5s5hTs/Qh/Qd:-200,200(37.747530)
470:BR,Player:0cc/cr200c/r281f:2d5d,5s9h|/4d5cTc/Ac:300,-300(300.000000)
471:Player,BR:0cc/cc/r200r200r1000r1221c/cc:8cJd,8s9c|/6dTsJc/9d/4s:2721,-2721(2305.507817)
472:BR,Player:0cc/cr100c/cc/cc:4c5c,3dTc|/4hKdAc/6d/Ks:200,-200(136.330283)
473:Player,BR:0cr200c/r300c/r600r7945c/cc:TcAd,5c9h|/6c7h9s/Ah/Kd:9145,-9145(9144.999336)
474:BR,Player:0r200c/cr600c/r4506r5406c/cr9188f:KsKd,4c5s|/5d8cTc/2d/7c:-10812,10812(-10812.000000)
475:Player,BR:0cc/cc/r100c/cc:2h3s,7dQc|/2s3dJs/8s/Ks:200,-200(199.999997)
476:BR,Player:0r100c/cr400c/cc/cc:3cKs,5cQh|/2h6h7s/Jd/Tc:600,-600(-391.175109)
477:Player,BR:0cr200c/cc/r300r300f:8cTh,7cJh|/2s7dKs/3d:-600,600(-600.000000)
478:BR,Player:0r100c/cc/cc/cc:7hJs,7dKd|/5d9cAc/Qh/Ad:-200,200(-167.908897)
479:Player,BR:0cr200c/r300c/cr1129f:QdAc,QcKh|/2c9sKd/2d:-600,600(-600.000000)
480:BR,Player:0r200c/cr300c/r561r2322f:2dJs,5sJc|/4d5h8h/5c:-1161,1161(-1161.000000)
481:Player,BR:0cr200c/r300c/r1200c/r3600f:QhQc,2cKc|/3c4hQd/8h/7h:1800,-1800(1800.000000)
482:BR,Player:0f:6hQc,3s8c|:50,-50(50.000000)
483:Player,BR:0cc/cc/cc/r100r187f:2s4d,7dKh|/5sQdQc/9h/8c:-200,200(-200.000000)
484:BR,Player:0r200c/cr300c/r425f:8sAh,4c7c|/3c6sAs/Ts:600,-600(600.000000)
485:Player,BR:0cr19900c/cc/cc/cc:KdAs,QhQc|/3s5cJc/6s/7h:-20000,20000(-15488.612916)
486:BR,Player:0cc/cc/cc/r576r676f:3cQd,3h6d|/7s7cJs/Jd/7d:-676,676(-676.000000)
487:Player,BR:0cr200c/cc/cc/cc:QsQd,JdQc|/ThTdKh/Tc/4c:300,-300(60.363178)
488:BR,Player:0cc/cr100c/cr200c/cc:9dAs,3dTc|/2c4dQs/Th/Kd:-400,400(-113.598805)
489:Player,BR:0cc/cc/cr100f:3sQc,4c6h|/2h8h9s/Ts:-100,100(-100.000000)
490:BR,Player:0r100c/cr200c/r655c/cc:4h5h,ThAs|/7dQdKh/6s/4c:1055,-1055(-744.334327)
491:Player,BR:0cr200c/r300c/cc/cr646f:7h7c,TdJh|/4s5hKc/8c/As:-600,600(-600.000000)
492:BR,Player:0cc/cc/cr200f:5d9c,3h6c|/8dJhAc/Qs:-100,100(-100.000000)
493:Player,BR:0cc/cc/r100r100r300c/cr1129c:2hAs,4c6s|/3cTsAh/4d/6d:-1729,1729(-1296.127624)
494:BR,Player:0r100c/cr400c/r139r1478r6346f:5s9c,3dAc|/4s5cTd/As:2217,-2217(2217.000000)
495:Player,BR:0cr200c/cc/cr1306f:6c9c,JsQh|/2d4sTs/As:-300,300(-300.000000)
496:BR,Player:0r200c/cc/r140f:3s6d,QcKs|/5s6h7h/Ts:300,-300(300.000000)
497:Player,BR:0cc/cc/cc/cr19900f:3sAc,JdAh|/3c5sTs/Qd/Kd:-100,100(-100.000000)
498:BR,Player:0cc/cc/r100c/r100c:7sTd,2h7h|/5d8cQs/7d/3s:300,-300(74.880444)
499:Player,BR:0cc/cc/cc/cc:6dAs,3dQd|/2d6h8s/Ks/6s:100,-100(7.073400)
500:BR,Player:0cc/cc/cc/cc:2s8d,3sTh|/9dJhJd/6s/Qc:-100,100(-100.000000)
RAW BR STATS: n=500, sum=25541.000000, sum_sq=2060932585.000000, vr_sum=22246.409176, vr_sum_sq=1349640636.881541
BR STATS: 51.082000(177.901844), 44.492818(143.958008)
RESULTS
1)Player: -25541
2)BR: 25541
