In config file: GAME_DEF=game_def.fullholdem
In config file: ACTIONS_R0=C
In config file: ACTIONS_R1=C
In config file: ACTIONS_R2=F,C,1,A
In config file: ACTIONS_R3=F,C,1,A
Using seed 10.
1:Player,BR:0cc/cc/r100r400c/cc:5sQc,8dKc|/6h8cQs/2d/7h:600,-600(132.031032)
2:BR,Player:0cc/cr100c/cr400c/cc:2c7d,2dQs|/6d7sQc/3h/5h:-600,600(-424.166094)
3:Player,BR:0cc/r100c/cc/cr400f:5s9h,9sKc|/3s4s6h/5h/7d:-200,200(-200.000000)
4:BR,Player:0cc/cc/cc/cc:8cKc,9sTd|/3s3hAd/Qd/5h:100,-100(34.263301)
5:Player,BR:0cc/cc/cc/cc:4cQs,9cJh|/2dTdAd/5s/8s:100,-100(74.715203)
6:BR,Player:0r200c/cr300c/r1200f:5sTd,2d8d|/4s8sAc/3c:600,-600(600.000000)
7:Player,BR:0cc/cc/r200c/cc:8sQh,7sKc|/2d3s5c/8c/8h:300,-300(-101.714002)
8:BR,Player:0cc/cc/r200f:5c7s,3hQs|/7hJsJc/4h:100,-100(100.000000)
9:Player,BR:0cc/cc/cc/r100f:6d9c,5cJd|/4sQsKs/7h/Qh:100,-100(100.000000)
10:BR,Player:0r200c/cc/cc/cc:6c8h,JsQs|/5c8dAc/2d/3d:300,-300(226.570571)
11:Player,BR:0cc/cc/cr200c/cr600r900f:7dJd,2sJh|/3c7sJs/6h/Kh:900,-900(900.000000)
12:BR,Player:0f:5d6h,3d7h|:50,-50(50.000000)
13:Player,BR:0cc/cc/r100c/cr400f:2hJc,3cQs|/2c6d9c/As/Qc:-200,200(-200.000000)
14:BR,Player:0r200c/cc/cc/cr600f:8hQc,2hKh|/5hJcKs/Jd/4s:-300,300(-300.000000)
15:Player,BR:0cc/cc/cc/cc:JhQs,2c6d|/2hJcAd/Qd/Qh:100,-100(-57.555457)
16:BR,Player:0cc/cc/cc/cc:8cAc,3c4s|/3s7dTs/Qc/5d:-100,100(-8.493715)
17:Player,BR:0cc/cc/cr200c/cr600c:8sTh,4h8h|/8dKcAd/4d/Tc:900,-900(-616.312675)
18:BR,Player:0r200c/cc/cc/cr1200f:2d2c,2s3s|/4s6h6c/9d/Tc:-300,300(-300.000000)
19:Player,BR:0cc/cc/cc/r100c:TsKd,7cAs|/2s5hQc/Jh/Td:200,-200(97.502332)
20:BR,Player:0r100c/cr400c/cc/cc:3d8s,8cQh|/2h2c3h/Ac/4d:600,-600(104.635818)
21:Player,BR:0cc/cc/cr200c/cc:3hQh,3s7h|/TdTcQd/2s/Ac:300,-300(300.000000)
22:BR,Player:0cc/cr200c/cr600r1800c/cc:2h4h,7dJd|/2c5d6d/Qs/Jc:-2700,2700(-1596.297590)
23:Player,BR:0cr200c/cc/cc/cc:2s2h,3c8s|/8cQcAc/7h/6d:-300,300(-8.701016)
24:BR,Player:0r200c/cr600c/cc/cr1800r5400f:6hTs,5dAh|/2dJdKc/Th/Td:2700,-2700(2700.000000)
25:Player,BR:0cr200c/r300c/cr1200c/cc:3h6h,5sQd|/3s4cTh/9d/8c:1800,-1800(1725.788124)
26:BR,Player:0cc/cr200c/cc/cc:JdKh,3s6c|/5hTsQc/2h/3c:-300,300(136.130300)
27:Player,BR:0cr200c/cc/r300r1200c/cc:7dTh,9cAh|/2s9hTc/3h/4h:1800,-1800(-61.110783)
28:BR,Player:0r100c/cr200c/r19600f:JcKc,3d7d|/4c9dAc/7c:400,-400(400.000000)
29:Player,BR:0cc/cc/cr200c/cc:8sAd,7h8d|/4s7sJd/5s/3c:-300,300(40.317426)
30:BR,Player:0r200c/cr300c/cr600f:5c9h,5d7h|/7dKhKc/Qd:-600,600(-600.000000)
31:Player,BR:0cr200c/r300c/cc/cr1200f:6h8d,2s8h|/2h4dKs/Ts/Tc:-600,600(-600.000000)
32:BR,Player:0r200c/cc/r600f:5h9d,4h4d|/7cTdQc/6h:300,-300(300.000000)
33:Player,BR:0cc/cc/cr200f:3dQs,6h7c|/4h9sTh/6s:-100,100(-100.000000)
34:BR,Player:0r200c/cr300c/r19400f:7hTh,2d8d|/7cTdTc/Jh:600,-600(600.000000)
35:Player,BR:0cc/cc/cc/cc:3h7s,6s6h|/7dTsQh/9d/Jc:100,-100(39.627704)
36:BR,Player:0r200c/cr300c/cc/cc:6cKh,9dTs|/3s8sAs/4d/3c:600,-600(-41.163346)
37:Player,BR:0cc/cc/r100c/r200r800f:9dQc,8cQd|/3s7s8d/Js/8s:-400,400(-400.000000)
38:BR,Player:0r100c/cr200c/cc/cc:2hQc,7dTs|/3hQsKs/6d/8c:400,-400(382.008177)
39:Player,BR:0cc/cc/cr200r600c/r900c:8cQd,4h7h|/4sThJd/4c/Ks:-1800,1800(435.472834)
40:BR,Player:0cc/cr100c/cc/cc:6cQs,4cQh|/3hTsTh/Ac/Kh:0,-0(22.122643)
41:Player,BR:0cc/cc/cc/cr200f:3c9h,JhAd|/4s4dQc/Td/Ks:-100,100(-100.000000)
42:BR,Player:0r200c/cc/cc/cr600r1800c:3s7d,7cTd|/TsThKh/2c/3c:-2700,2700(-2699.978798)
43:Player,BR:0cc/cc/cr200f:3cKd,TcQc|/5s8h8c/Qs:-100,100(-100.000000)
44:BR,Player:0r200c/cc/r600f:JdKs,2dQd|/5h7sJc/8c:300,-300(300.000000)
45:Player,BR:0cc/r100c/cc/cc:2sKs,9sAc|/4h4cJs/7d/Jh:-200,200(-41.106786)
46:BR,Player:0cc/cc/r200c/cc:TdJh,3dQc|/3c9dAd/2d/7s:-300,300(-300.000000)
47:Player,BR:0cr200c/r600c/cr1800f:9sTc,3hAh|/3sJcKs/2d:-900,900(-900.000000)
48:BR,Player:0cc/cc/r200f:3c6h,5cTd|/7c8hAh/4s:100,-100(100.000000)
49:Player,BR:0cc/cc/cr200f:3d7s,5h7h|/4s4c9d/As:-100,100(-100.000000)
50:BR,Player:0cc/cr100c/r400f:9cTs,2dKh|/6s6dQh/Jh:200,-200(200.000000)
51:Player,BR:0cr200c/r300c/r600c/cr2400f:QdAh,3hKd|/4sJdJc/2c/5h:-1200,1200(-1200.000000)
52:BR,Player:0r200c/cr300c/cr1200c/cc:JdQh,9sKh|/2s2d8c/7h/3h:-1800,1800(26.826428)
53:Player,BR:0cc/cc/cr200f:2s5c,QhAc|/3c6cTd/7c:-100,100(-100.000000)
54:BR,Player:0r100c/cr200c/cr800c/cr4800f:5h6d,4sQh|/5c8sTs/Kh/Js:-1200,1200(-1200.000000)
55:Player,BR:0cc/cc/cr200c/cc:6hAc,8sTh|/4h5cJh/3h/Qs:300,-300(299.345493)
56:BR,Player:0r200c/cc/r600f:8cTh,JcQc|/4d6h7c/2s:300,-300(300.000000)
57:Player,BR:0cr200c/r300c/r600f:TdKh,2dAd|/4s6sJd/9s:600,-600(600.000000)
58:BR,Player:0r200c/cr300c/cc/r1200f:7h8h,4cAs|/3d8sKh/Ks/Kc:600,-600(600.000000)
59:Player,BR:0cc/cc/r100c/cr400f:5c9h,8sJh|/3hTdJc/3d/Kd:-200,200(-200.000000)
60:BR,Player:0r200c/cr600c/r1800f:5h9s,9cKc|/7s8cJd/2d:900,-900(900.000000)
61:Player,BR:0cr200c/r300c/r600c/cr2400f:ThTc,4sAs|/6c7d8s/Ac/3s:-1200,1200(-1200.000000)
62:BR,Player:0r200c/cr300c/r19400f:2h8s,TcKs|/2s2d9h/4c:600,-600(600.000000)
63:Player,BR:0cc/cc/cr200f:4h9h,4c5s|/QsKsAc/As:-100,100(-100.000000)
64:BR,Player:0r200c/cr600c/cr900c/cr18200f:7d8s,5h6d|/2c8dJd/9h/4d:-1800,1800(-1800.000000)
65:Player,BR:0cr200c/r300c/cc/cr1200f:4s5d,7dQc|/3cTsJd/7s/Tc:-600,600(-600.000000)
66:BR,Player:0cc/cr100c/cr400c/cc:8cTc,7dTd|/9dQsAc/Ad/9s:0,-0(-53.584190)
67:Player,BR:0cr200c/r300c/r600r18800f:4hKh,5cTc|/5sThQd/5h:-1200,1200(-1200.000000)
68:BR,Player:0cc/cr200c/cr300c/cc:2cAc,8h9c|/5d8s9s/6c/7s:0,-0(-0.000000)
69:Player,BR:0cr200c/r300c/cr1200r3600c/r10800f:TdQd,8dAd|/4cTcAs/Kh/3h:5400,-5400(5400.000000)
70:BR,Player:0cc/cc/r19900f:9hTh,9cJd|/3hJhKc/8h:100,-100(100.000000)
71:Player,BR:0cc/cc/cc/cc:2cQd,3dJs|/3h7d9d/5h/Kd:-100,100(-34.906009)
72:BR,Player:0r200c/cr600c/cc/r1800f:3h9s,2s5s|/6dQdKh/5h/Tc:900,-900(900.000000)
73:Player,BR:0cc/cc/r100f:2hKd,3h4c|/2d8sQh/7s:100,-100(100.000000)
74:BR,Player:0r100c/cr400c/r1200r1800r7200r9200f:3d8d,7c8s|/4d6c9h/5h:-10800,10800(-10800.000000)
75:Player,BR:0cc/cc/cr200f:2s5c,6sAd|/6d7dTd/3c:-100,100(-100.000000)
76:BR,Player:0r100c/cr200c/cr400c/r1600f:QsAc,7dQh|/8dTsKd/4d/Jh:800,-800(800.000000)
77:Player,BR:0cc/cc/r100c/cc:2h8s,4sQc|/4c5h6s/2d/Jd:-200,200(78.046425)
78:BR,Player:0cc/cr100c/cr400c/cr1200f:2sTh,5sAd|/7h7dTd/Kd/2d:-600,600(-600.000000)
79:Player,BR:0cc/cc/cr200f:4sTc,8sKh|/9dKsAh/2h:-100,100(-100.000000)
80:BR,Player:0cc/cc/cc/cc:3s7c,8d9h|/6hAhAd/Qs/Jh:-100,100(-99.987709)
81:Player,BR:0cc/cc/cr200f:8hJc,JdKh|/2d9cKs/6d:-100,100(-100.000000)
82:BR,Player:0r100c/cr200c/r19600f:3hJd,QsQc|/9dTdQd/8d:400,-400(400.000000)
83:Player,BR:0cc/cc/cr200r300c/r1200f:2hJc,9h9d|/2dJdKh/7h/4s:600,-600(600.000000)
84:BR,Player:0r100c/cr400c/cc/cc:9cQh,2cKs|/3d4c6s/Jc/Ts:-600,600(-367.453971)
85:Player,BR:0cc/cc/r100c/r200r800c:5hAd,9cAh|/3s4cQd/Qs/5c:1200,-1200(1200.000000)
86:BR,Player:0r200c/cr600c/cc/r1800c:5dJc,7hAh|/7cTsAd/8s/9s:2700,-2700(1446.416161)
87:Player,BR:0cc/cc/r100r400c/cr1200c:9sJh,3s6h|/QhKsAh/9h/7h:1800,-1800(-817.177452)
88:BR,Player:0r200c/cc/cc/cr300c:2h2d,9cAc|/4d5sKd/3s/9d:-600,600(-294.699893)
89:Player,BR:0cc/cc/cr200f:3dKh,TcAs|/4dQsAc/6d:-100,100(-100.000000)
90:BR,Player:0r200c/cc/r600f:2s3h,JcKs|/2c5c8d/4s:300,-300(300.000000)
91:Player,BR:0cc/cc/cr200f:5hTs,7cQc|/2cQdAh/8h:-100,100(-100.000000)
92:BR,Player:0cc/cc/r200f:JhQd,3s6c|/5cJsQh/Ad:100,-100(100.000000)
93:Player,BR:0cr200c/r600c/r900c/cc:JdKh,3sKc|/8c9sKd/7d/9d:1800,-1800(-518.365092)
94:BR,Player:0r200c/cc/r600f:5d8s,5h6h|/3c9d9c/Ah:300,-300(300.000000)
95:Player,BR:0cc/cc/r100r19800f:3s9d,4d7d|/3dQdKs/Kd:-200,200(-200.000000)
96:BR,Player:0cc/cr200c/r600c/r1800c:6s9c,2d5h|/3d4dJd/5c/Ad:-2700,2700(-2700.000000)
97:Player,BR:0cc/cc/cr200r600c/r1800c:3h4d,5c8d|/2c5sTd/Ts/Qc:-2700,2700(884.312807)
98:BR,Player:0r200c/cc/cr600c/cr19100f:3s5s,6s6c|/3c8dQs/6d/4s:-900,900(-900.000000)
99:Player,BR:0cr200c/cc/cc/r300r1200f:8hTs,ThJd|/5h5cKs/5s/9h:-600,600(-600.000000)
100:BR,Player:0f:4c8h,3h8c|:50,-50(50.000000)
101:Player,BR:0cc/cc/cc/cr200c:3dJs,5d9s|/2dJhAh/Kd/7s:300,-300(300.000000)
102:BR,Player:0r100c/cr200c/cc/r800f:6s8h,5cAs|/2d9dKs/Qc/5d:400,-400(400.000000)
103:Player,BR:0cr200c/r300c/cr19400f:6h7d,4sJc|/2d6cJh/4c:-600,600(-600.000000)
104:BR,Player:0f:5cKd,2s8h|:50,-50(50.000000)
105:Player,BR:0cr200c/r300c/r1200r3600f:8dQd,5hAs|/2hJdAh/5d:-1800,1800(-1800.000000)
106:BR,Player:0r200c/cr600c/r1800c/cc:8cJh,QhAd|/5s6cQs/6d/Tc:-2700,2700(-2265.511543)
107:Player,BR:0cr200c/cc/cr600f:3s7s,3hAh|/2h5d8h/Jd:-300,300(-300.000000)
108:BR,Player:0r100c/cc/r400c/cr1200f:8cJs,TdTc|/9hJhKc/Ks/Th:-600,600(-600.000000)
109:Player,BR:0cc/cc/r200c/cr600c:3dTh,JsJc|/9cQhQd/9d/3s:-900,900(-900.000000)
110:BR,Player:0r200c/cc/r600f:9hTd,3s5s|/2h9cJc/5c:300,-300(300.000000)
111:Player,BR:0cr200c/r300c/r1200c/r1800f:5h7c,8c9d|/2d6s8h/Kd/6c:1800,-1800(1800.000000)
112:BR,Player:0r100c/cr400c/cc/r1200f:2cAs,6cKh|/2h7dTc/8h/Ad:600,-600(600.000000)
113:Player,BR:0cc/cc/r100c/r200c:5sJh,3h7d|/6s7hQs/2s/Qh:-400,400(-217.654326)
114:BR,Player:0r100c/cr400c/r1200f:9dKh,9sQc|/7dThKc/5d:600,-600(600.000000)
115:Player,BR:0cc/cc/cr200c/cr600c:3d5h,2sKd|/2d4dKh/3s/Jh:-900,900(-893.386389)
116:BR,Player:0cc/cr200c/cc/r600f:4s6c,4h8c|/5cThQs/9c/2h:300,-300(300.000000)
117:Player,BR:0cc/cc/cr19900f:7cAd,3h3c|/TdQsQc/3s:-100,100(-100.000000)
118:BR,Player:0r200c/cr300c/cc/cr1200r3600f:2cJs,7d8s|/3hJcAs/Tc/Td:1800,-1800(1800.000000)
119:Player,BR:0cc/cc/cc/r200r19700c:7h8c,QcKd|/2h9cTs/6d/Js:-20000,20000(-20000.000000)
120:BR,Player:0r200c/cr600c/cr900c/cr3600f:JhKd,6dTh|/4h6s8c/Td/Ts:-1800,1800(-1800.000000)
121:Player,BR:0cc/cc/r100r400c/cc:5dQh,TcJs|/3s9dTh/Qs/Ad:600,-600(233.279989)
122:BR,Player:0r200c/cc/cc/r600c:7h8s,9sKc|/2s7cAc/3d/8h:900,-900(899.997698)
123:Player,BR:0cr200c/r300c/cr1200c/cc:5hAd,7hTd|/3s4h9c/3c/Ks:1800,-1800(1774.317728)
124:BR,Player:0cc/cc/r200f:2s9h,3sKs|/4d7d8c/Ts:100,-100(100.000000)
125:Player,BR:0cc/cc/cc/cc:3hAc,9dQd|/JcKcAh/8h/9s:100,-100(-64.997742)
126:BR,Player:0r100c/cc/cc/cc:9sAc,4sTs|/6d8cJh/Qd/Qh:200,-200(15.833301)
127:Player,BR:0cc/cc/r100r400f:5c6d,3s6c|/2c4cTd/Qs:-200,200(-200.000000)
128:BR,Player:0f:9dKs,2h4d|:50,-50(50.000000)
129:Player,BR:0cc/cc/cr200f:7cJd,2s5c|/2c4dTs/6s:-100,100(-100.000000)
130:BR,Player:0f:ThJh,2c7h|:50,-50(50.000000)
131:Player,BR:0cc/cc/cr200c/cc:4c8d,6dTc|/8hTdKc/8c/9h:300,-300(29.602170)
132:BR,Player:0r100c/cc/r400f:6h9c,QdKh|/5d6cJd/7h:200,-200(200.000000)
133:Player,BR:0cr200c/cc/cc/cc:6hAh,4h6s|/4d7hAc/Qs/7c:300,-300(-65.859115)
134:BR,Player:0r200c/cc/cc/cc:6hQc,7cJd|/2c9sAh/7d/8c:-300,300(-245.228037)
135:Player,BR:0cr200c/r300c/cr1200c/cc:JsAh,ThQd|/3h9cJh/3c/9s:1800,-1800(1800.000000)
136:BR,Player:0cc/cc/r200c/cr1200f:5d7h,3sKc|/2sTsQd/3h/Kd:-300,300(-300.000000)
137:Player,BR:0cr200c/r300c/cr1200f:5d6s,5sTh|/6h8hKs/2d:-600,600(-600.000000)
138:BR,Player:0cc/cr100c/cr200c/cr800f:QdKs,3sTh|/8d9cJs/7c/4d:-400,400(-400.000000)
139:Player,BR:0cc/cc/cr200f:2s6c,QdQc|/2d5dKc/7c:-100,100(-100.000000)
140:BR,Player:0cc/cr200c/r600f:3h4c,9cAs|/3d4s7c/2s:300,-300(300.000000)
141:Player,BR:0cr200c/cc/cc/cr600r900f:JhAs,3d9d|/8cJcKc/Jd/5d:900,-900(900.000000)
142:BR,Player:0cc/cc/cc/cc:5cKs,5dAh|/3h6c8d/2s/Qc:-100,100(-79.845721)
143:Player,BR:0cc/cc/cr19900f:2sAc,9sQc|/JcKhKc/Ts:-100,100(-100.000000)
144:BR,Player:0r100c/cr200c/r800f:3h5c,3sTs|/7cJhKs/2d:400,-400(400.000000)
145:Player,BR:0cr200c/r300c/r600f:JcQh,6s7d|/9hJsKc/3d:600,-600(600.000000)
146:BR,Player:0r200c/cc/r600c/r1800f:9dAd,5s7s|/4c5cAs/6h/Ah:900,-900(900.000000)
147:Player,BR:0cr200c/cc/r300r1200c/cc:TsAh,5d7c|/3s3d6s/6h/5s:-1800,1800(518.031038)
148:BR,Player:0f:AsAc,2h7c|:50,-50(50.000000)
149:Player,BR:0cc/cc/cc/cc:2c5h,3sQc|/5d8hKh/Ts/8c:100,-100(-1.659085)
150:BR,Player:0r200c/cr600c/r1800r2700f:7s9s,JdKd|/4sJhKh/Ks:-2700,2700(-2700.000000)
151:Player,BR:0cr200c/cc/cr600c/cr1800c:AsAd,9hJc|/9sQsQc/7h/8d:2700,-2700(-290.795284)
152:BR,Player:0r200c/cc/r19700f:7sAd,KsKc|/7dQdAc/3c:300,-300(300.000000)
153:Player,BR:0cc/cc/cr200f:4cAd,4sQh|/7cTcJh/2c:-100,100(-100.000000)
154:BR,Player:0cc/cr100c/r400f:2hTd,3hTs|/3d4s5s/8c:200,-200(200.000000)
155:Player,BR:0cc/cc/r100r400f:4c8h,4h8s|/5d7dKs/5s:-200,200(-200.000000)
156:BR,Player:0r200c/cr300c/r1200c/cc:8dQs,KsAd|/3sJhQc/Qh/Kh:1800,-1800(1414.122951)
157:Player,BR:0cr200c/cc/cc/cc:JhKh,2d8s|/2sJdAd/4s/Kd:300,-300(99.519799)
158:BR,Player:0r200c/cc/cc/cc:6c9d,6dJh|/9sQdKc/Ad/Ac:300,-300(88.176659)
159:Player,BR:0cr200c/cc/r600c/r1800f:8cQc,6d9c|/4c7cAc/Qd/9s:900,-900(900.000000)
160:BR,Player:0r200c/cr300c/cc/r1200c:4d8h,JcQd|/2d4hQh/6h/4s:1800,-1800(1286.596168)
161:Player,BR:0cr200c/cc/cr600c/cc:TsAd,3s9h|/4c6cKh/6h/2d:900,-900(900.000000)
162:BR,Player:0f:6h8h,2s7d|:50,-50(50.000000)
163:Player,BR:0cr200c/cc/r300r1200f:9hTd,4dJh|/2s3h5s/5d:-600,600(-600.000000)
164:BR,Player:0cc/cr200c/cc/cr1200r3000f:4cAd,3sTh|/4d5c6h/3d/7h:1500,-1500(1500.000000)
165:Player,BR:0cr200c/cc/r300r1200c/cc:8cAc,4s5d|/2hKdAs/9c/8s:1800,-1800(1796.316146)
166:BR,Player:0r200c/cr300c/r19400c/cc:2cJs,8sJh|/2d8hJc/3c/Qc:-20000,20000(4643.010730)
167:Player,BR:0cc/cc/cr200f:3sQh,6h8s|/5cKhAc/7h:-100,100(-100.000000)
168:BR,Player:0r200c/cr300c/r1200c/r3600c:6h9h,8dQc|/5s5cQd/7d/8c:5400,-5400(5400.000000)
169:Player,BR:0cr200c/r300c/cr1200f:QdKs,2s9d|/2h7hTh/As:-600,600(-600.000000)
170:BR,Player:0cc/cr200c/r600f:9sQc,2cKh|/4s5s6c/3s:300,-300(300.000000)
171:Player,BR:0cc/cc/r100c/cr400f:7dTc,JdQs|/2c9sAc/Js/5h:-200,200(-200.000000)
172:BR,Player:0cc/cc/cc/cc:2h7s,3dQc|/6cTsAd/4s/2d:100,-100(-4.328078)
173:Player,BR:0cc/cc/r100r400f:5c9d,4c7h|/2d8hJd/5h:-200,200(-200.000000)
174:BR,Player:0cc/cr100c/cc/cr400f:2hKh,7cAd|/4dJsAs/Jd/9h:-200,200(-200.000000)
175:Player,BR:0cr200c/r300c/r1200c/r1800c:QdAd,JcQs|/3d9dAc/4s/Js:3600,-3600(1697.785758)
176:BR,Player:0r200c/cc/r600f:QhAh,2d5d|/4s9hKc/Jh:300,-300(300.000000)
177:Player,BR:0cr200c/r600c/r900f:5hKh,4cTh|/2c5d9d/9c:900,-900(900.000000)
178:BR,Player:0r200c/cr600c/cc/r1800f:9sJd,3c6c|/8c9cAh/Ad/5s:900,-900(900.000000)
179:Player,BR:0cc/cc/r100c/cr400c:3h7h,9cJc|/3c6hAs/6d/2d:600,-600(600.000000)
180:BR,Player:0r200c/cr600c/cc/cc:3dQc,6hQd|/4s7dJc/Kh/7c:0,-0(-132.712616)
181:Player,BR:0cr200c/cc/cr600c/cr1800f:9s9d,8cKc|/2sTcQs/Qc/Kh:-900,900(-900.000000)
182:BR,Player:0r200c/cc/cr600f:5s8d,3d6d|/9h9dKh/4d:-300,300(-300.000000)
183:Player,BR:0cc/cc/cr200c/cc:8sKc,5h6d|/2d3d7c/7h/Qs:300,-300(300.000000)
184:BR,Player:0r100c/cc/cc/cc:9hAd,4hAs|/2d8cKs/Qc/7s:200,-200(-30.740268)
185:Player,BR:0cc/cc/cc/cc:3cJs,2s2c|/3s8dKd/As/6c:100,-100(-18.026355)
186:BR,Player:0r200c/cr300c/cc/cc:2dKc,6sTc|/2c8dJs/8c/Td:-600,600(240.249062)
187:Player,BR:0cc/cc/cc/cr200c:2s4s,5sAd|/4h8hJh/2c/3s:-300,300(-299.999999)
188:BR,Player:0r200c/cc/cc/cr600f:3s7d,TdAd|/2h8s9s/As/Kh:-300,300(-300.000000)
189:Player,BR:0cr200c/r300c/cr1200f:JdAd,8dQc|/4s9hTs/3c:-600,600(-600.000000)
190:BR,Player:0cc/cc/cr100c/cr800f:5h9s,2hAh|/2s2dJh/8s/Ac:-200,200(-200.000000)
191:Player,BR:0cc/cc/r100r400c/cc:5cQd,9hAd|/3h5s9s/2d/6h:-600,600(-34.759084)
192:BR,Player:0r100c/cc/r400c/cc:2d7s,3c7c|/3d8sJc/9h/9s:-600,600(-600.000000)
193:Player,BR:0cc/cc/r100c/cc:5cJd,2c9d|/3c5h6s/4c/7h:0,-0(38.617978)
194:BR,Player:0r100c/cr200c/cc/cc:4cQc,TsQs|/4hKsAc/5d/Th:-400,400(-133.845785)
195:Player,BR:0cc/cc/cr200f:3h9c,ThAh|/4d7sQc/7h:-100,100(-100.000000)
196:BR,Player:0r200c/cr600c/cr1800f:6sKh,7hQs|/4c9hTc/2h:-900,900(-900.000000)
197:Player,BR:0cc/cc/r200r600c/cr1800c:7cJc,6h9h|/3s4c7h/2h/4h:-2700,2700(-2592.046583)
198:BR,Player:0r200c/cr300c/cr600f:5h7c,4h9h|/2d6sKh/Ts:-600,600(-600.000000)
199:Player,BR:0cc/cc/r100r19800f:8dAs,6sKs|/6c9sKc/Kd:-200,200(-200.000000)
200:BR,Player:0cc/cc/cr100c/cc:6hJh,2sAd|/2h7c8d/8s/9c:-200,200(-137.037679)
201:Player,BR:0cr200c/r300c/cr1200f:JsQd,6s7h|/3h4d8h/7c:-600,600(-600.000000)
202:BR,Player:0cc/cc/cc/cc:5d7d,3h6d|/9cTcKs/8d/4c:100,-100(-93.370784)
203:Player,BR:0cc/cc/cr200c/cc:2c7s,5h7h|/2d6sTs/9d/Th:300,-300(300.000000)
204:BR,Player:0r200c/cc/cc/cc:5s8c,6cJd|/6hThKh/4c/Qs:-300,300(-299.990111)
205:Player,BR:0cr200c/cc/cc/cr600f:8hQd,2d7h|/3h9d9c/Kd/Js:-300,300(-300.000000)
206:BR,Player:0cc/cr100c/cr400c/cr2400f:2h8c,5dTs|/2d4hQd/9c/3d:-600,600(-600.000000)
207:Player,BR:0cc/cc/cc/cr200c:4cJh,KdAs|/2s8hTh/Js/Ks:-300,300(-297.074488)
208:BR,Player:0r200c/cr300c/r1200c/cr3600f:9dTc,7dJc|/6hJsJd/4d/Ac:-1800,1800(-1800.000000)
209:Player,BR:0cc/cc/cr200f:2h3c,7h9c|/6s9dTc/Qc:-100,100(-100.000000)
210:BR,Player:0r200c/cc/cc/cr600f:7hJd,8dKd|/5hTsAc/Kh/3c:-300,300(-300.000000)
211:Player,BR:0cc/cc/cr200f:3h6d,5sJc|/QsQhQc/Ac:-100,100(-100.000000)
212:BR,Player:0cc/cr100c/cc/r400f:8sJc,QdKh|/5d9hAs/9c/Th:200,-200(200.000000)
213:Player,BR:0cc/cc/cc/cr200f:4h9h,3sKs|/5d9cTs/Qd/Jd:-100,100(-100.000000)
214:BR,Player:0r200c/cr300c/r1200c/cr1800f:2h8h,7hJh|/7dJdQs/9s/4h:-1800,1800(-1800.000000)
215:Player,BR:0cc/cc/cc/cc:4s7h,3hTd|/8dJdAs/6h/Qs:-100,100(38.314533)
216:BR,Player:0r100c/cr200c/cc/cr800r2400f:3hAh,TcQc|/3c4sJd/7s/8c:1200,-1200(1200.000000)
217:Player,BR:0cc/cc/cr200f:2hQd,7hAc|/6d8sAh/Ad:-100,100(-100.000000)
218:BR,Player:0r100c/cc/cr400c/cc:3sQd,6cAh|/7sKdAc/2c/Jd:-600,600(91.117633)
219:Player,BR:0cr200c/r300c/cr19400f:7h9h,TdQd|/2d4dJh/Kd:-600,600(-600.000000)
220:BR,Player:0r200c/cc/r600f:4c6s,8cTc|/2h5cJh/5s:300,-300(300.000000)
221:Player,BR:0cc/cc/r100c/r200c:8hTs,4cKs|/2h9hTd/3d/3s:400,-400(198.063751)
222:BR,Player:0cc/cr100c/r19800f:9s9c,4c7c|/3s9dAs/3h:200,-200(200.000000)
223:Player,BR:0cc/cc/cr200f:4dAh,2d7h|/2c6s7s/9h:-100,100(-100.000000)
224:BR,Player:0cc/cr200c/cc/cc:5sAd,3hTd|/2d4hKh/4d/6h:300,-300(8.519148)
225:Player,BR:0cc/cc/cr200f:3sJc,6cTh|/9hQdKc/4h:-100,100(-100.000000)
226:BR,Player:0r200c/cr600c/cc/cc:7sKd,TcJs|/4s5h8c/Qs/4d:900,-900(-396.905939)
227:Player,BR:0cr200c/r300c/r600f:ThTc,5cTs|/2c9sQh/Kh:600,-600(600.000000)
228:BR,Player:0r200c/cc/r19700f:8c9c,9hAc|/7dThKs/Jc:300,-300(300.000000)
229:Player,BR:0cc/cc/r100c/cr400f:4dAc,2h2d|/4c7c9s/Kh/6h:-200,200(-200.000000)
230:BR,Player:0r100c/cr200c/cc/cr1600f:6h9c,7dJh|/7s7hQh/2s/6s:-400,400(-400.000000)
231:Player,BR:0cc/cc/cc/cc:5hAc,6sAs|/QsQhKc/3h/7s:0,-0(-56.263300)
232:BR,Player:0r200c/cr600c/r1800f:4dKd,5s6h|/2h7hKc/Js:900,-900(900.000000)
233:Player,BR:0cr200c/cc/r600r19100f:7c8c,3h4h|/3s3cKd/2c:-900,900(-900.000000)
234:BR,Player:0r100c/cr400c/cr600f:3h5s,7s8s|/2s6dQh/As:-600,600(-600.000000)
235:Player,BR:0cr200c/r300c/cr1200f:3cKc,8dJs|/TsKhAs/4s:-600,600(-600.000000)
236:BR,Player:0r200c/cc/r600f:6sQs,ThAh|/3s4d8s/Qc:300,-300(300.000000)
237:Player,BR:0cc/cc/cr200f:9hQs,6cAd|/4s5sAh/Ts:-100,100(-100.000000)
238:BR,Player:0r200c/cr300c/cc/cc:2d8s,6sTc|/4c6h9d/Kh/Qd:-600,600(-576.576867)
239:Player,BR:0cr200c/r300c/r1200f:JsQs,5s9s|/3d8sQd/7h:600,-600(600.000000)
240:BR,Player:0r100c/cr200c/cc/r800f:KcAh,6h8c|/6c7sJs/3c/Ac:400,-400(400.000000)
241:Player,BR:0cc/cc/r200c/r1200f:8sTh,TsKc|/6d8hAd/8d/2c:300,-300(300.000000)
242:BR,Player:0r200c/cr300c/cr1200c/cc:3sKc,7cAh|/3c6dAs/Qh/Td:-1800,1800(346.032583)
243:Player,BR:0cc/cc/r100c/r400f:2dTd,2s8h|/JhQcKc/Kh/9c:200,-200(200.000000)
244:BR,Player:0r200c/cc/cc/r600c:2sTc,JcQc|/3sQsKh/9s/5d:-900,900(-900.000000)
245:Player,BR:0cc/cc/cr200f:5sKh,7d9d|/8hTsTh/Js:-100,100(-100.000000)
246:BR,Player:0r100c/cc/cr200c/cc:8sTs,6h7d|/6sJdJc/Ac/7c:-400,400(-379.365210)
247:Player,BR:0cc/cc/cr200f:6sQh,8sTs|/2s4sTc/Ac:-100,100(-100.000000)
248:BR,Player:0cc/cr100c/cr200c/cc:9dAh,5h6c|/2d3dJs/Tc/Qh:400,-400(-187.982178)
249:Player,BR:0cr200c/r300c/r600c/r2400c:8s9s,8cTh|/7sTdJd/3d/Kh:3600,-3600(1199.101126)
250:BR,Player:0r100c/cc/r400f:2h3s,JcQh|/3d5dKc/2s:200,-200(200.000000)
251:Player,BR:0cc/cc/r200c/r600r1800f:6sAc,QsKs|/3s7sAh/Kh/2c:-900,900(-900.000000)
252:BR,Player:0r200c/cr300c/cc/cr1200r3600c:5sQh,JdKd|/TsThJc/6h/5d:-5400,5400(-5400.000000)
253:Player,BR:0cc/cc/cc/cc:4sJc,4cJd|/2sKdKc/6s/Ad:0,-0(-3.731694)
254:BR,Player:0r200c/cc/r600f:4sAc,7s8s|/3hQsAd/8c:300,-300(300.000000)
255:Player,BR:0cc/cc/cr200c/cc:4sQh,6s7s|/2hJsQd/4h/Ad:300,-300(299.999999)
256:BR,Player:0cc/cc/r200c/cr600f:5d6d,4d8s|/2s8cKd/9h/8d:-300,300(-300.000000)
257:Player,BR:0cc/cc/r200c/r1200c:2c8c,5hTs|/9hThKc/4c/5c:1500,-1500(122.968799)
258:BR,Player:0r100c/cc/r19800f:9sAd,8cQd|/6hAsAc/Js:200,-200(200.000000)
259:Player,BR:0cc/cc/cr200f:2s9s,TdAs|/3d4dKc/7d:-100,100(-100.000000)
260:BR,Player:0cc/cc/cr100c/cr400r1200c:ThKs,4s6h|/2s4c9h/6s/2c:-1800,1800(-1800.000000)
261:Player,BR:0cr200c/cc/r300f:7d8h,2h9s|/TcKsAs/Jd:300,-300(300.000000)
262:BR,Player:0r200c/cr300c/r1200c/r3600f:9cTs,4d6s|/4s9h9d/2h/Tc:1800,-1800(1800.000000)
263:Player,BR:0cc/cc/cc/cc:2cKh,4hTd|/9cJhAc/4s/9h:-100,100(-59.128640)
264:BR,Player:0r200c/cc/cc/cr600c:4d7s,4c6h|/TsQdKd/5s/7c:900,-900(-267.998846)
265:Player,BR:0cc/cc/r200c/r600f:8cQd,QhKs|/7d9dKd/8d/9h:300,-300(300.000000)
266:BR,Player:0r100c/cr400c/cr600c/cr1200f:3sKs,TdJc|/3c6sJd/7d/Js:-1200,1200(-1200.000000)
267:Player,BR:0cr200c/cc/r300c/cc:7h8c,2h3s|/3d5dQd/As/Ks:-600,600(303.320831)
268:BR,Player:0r200c/cc/cc/cr600c:4dQh,7d9c|/6h6cAs/Qs/6d:900,-900(-187.475209)
269:Player,BR:0cr200c/r300c/r1200r3600f:JsKd,KsAd|/4dQsAc/7d:-1800,1800(-1800.000000)
270:BR,Player:0r200c/cr300c/cc/cr2400c:2h5c,5dAh|/5hTcAs/7d/8s:-3000,3000(-593.346419)
271:Player,BR:0cr200c/r300c/r1200f:2s2h,6s8h|/4h7dKs/Ac:600,-600(600.000000)
272:BR,Player:0r200c/cc/r600c/cr900r3600f:2s9h,KdAs|/6c7cAd/8d/2h:1800,-1800(1800.000000)
273:Player,BR:0cc/r200c/cc/cc:7dQh,4d4c|/2c8hJc/As/Kc:-300,300(-176.271010)
274:BR,Player:0cc/cc/cc/cc:2hKs,QdAd|/5c7c9s/8d/Js:-100,100(-78.658895)
275:Player,BR:0cr200c/r300c/r600r2400f:9dTh,AdAc|/3c7dQh/6d:-1200,1200(-1200.000000)
276:BR,Player:0cc/cc/cc/r200c:7h8c,6cJh|/7cJsAh/9h/8s:300,-300(108.383459)
277:Player,BR:0cr200c/cc/cc/r300f:JhQc,4cKh|/6s9sAc/7d/Qh:300,-300(300.000000)
278:BR,Player:0cc/cc/cr100c/cc:5dQd,6c8s|/6hTsKs/4d/3s:-200,200(-97.219749)
279:Player,BR:0cc/cc/cr200f:8cKd,TdAd|/3d9sAh/2s:-100,100(-100.000000)
280:BR,Player:0cc/cr200c/r600c/cr1800c:JhQd,6dTh|/5h6sTc/Kd/Ts:-2700,2700(-872.381044)
281:Player,BR:0cr200c/cc/cc/cr600f:9cJc,3dKs|/4h4d9d/Td/Kc:-300,300(-300.000000)
282:BR,Player:0cc/cr200c/cc/cr600f:4s4h,6cQd|/5d8hJd/8d/Ad:-300,300(-300.000000)
283:Player,BR:0cr200c/cc/cr600f:6d8s,9dJh|/3hTcAh/7d:-300,300(-300.000000)
284:BR,Player:0r200c/cc/r600c/cc:9cKc,3hKh|/4sKdAc/2d/2c:0,-0(411.812241)
285:Player,BR:0cc/cc/cr200f:5cQd,5d8c|/3d9dTh/Kc:-100,100(-100.000000)
286:BR,Player:0cc/cc/r200f:7sTh,2d5h|/5c7c8h/Ad:100,-100(100.000000)
287:Player,BR:0cc/cc/cc/cr200f:9hTd,2dJd|/9cKsAh/Jh/Kc:-100,100(-100.000000)
288:BR,Player:0r200c/cr300c/cc/r1200c:8cTc,3dAs|/4dTsJc/6d/2h:1800,-1800(605.831374)
289:Player,BR:0cc/cc/r200r600f:6dTh,6s8d|/2sQhQd/4h:-300,300(-300.000000)
290:BR,Player:0r100c/cc/r400c/cr600f:6c7h,3sAs|/8sTcAc/4c/4d:-600,600(-600.000000)
291:Player,BR:0cc/cc/cr200c/cr600f:7sTh,4cKs|/8hJcKc/Kd/3h:-300,300(-300.000000)
292:BR,Player:0r200c/cc/cc/r600f:5dAh,6cJh|/6d9hKc/3s/Ad:300,-300(300.000000)
293:Player,BR:0cc/cc/r100f:5hJh,4h8c|/TcJdJc/As:100,-100(100.000000)
294:BR,Player:0r100c/cc/cc/cc:4s9h,6hQc|/2c7cKd/7s/Ks:-200,200(-199.999650)
295:Player,BR:0cc/cc/r100r400f:5hKc,5d7c|/3c7dAh/5s:-200,200(-200.000000)
296:BR,Player:0cc/cr200c/cr600f:5h8s,3cKc|/3h9cQc/6c:-300,300(-300.000000)
297:Player,BR:0cr200c/cc/cr600f:4cAc,8s8d|/7c9hQh/5h:-300,300(-300.000000)
298:BR,Player:0r200c/cc/r600f:6c7d,8sTs|/2d2cAd/3d:300,-300(300.000000)
299:Player,BR:0cr200c/cc/r300c/cr1200f:4s5d,4dTh|/3sTsAs/9h/Qs:-600,600(-600.000000)
300:BR,Player:0r200c/cr300c/r1200c/r18200f:6cKh,8d8c|/5d6d9h/6s/Kd:1800,-1800(1800.000000)
301:Player,BR:0cc/cc/r100c/r400f:6sAd,2sJd|/5h8cAh/6d/5d:200,-200(200.000000)
302:BR,Player:0r200c/cc/cr300c/cr1200f:5s7c,2s8s|/7sJdQh/4c/9h:-600,600(-600.000000)
303:Player,BR:0cr200c/cc/cr600c/cc:3dKd,4c6h|/QhKcAs/2d/3c:900,-900(900.000000)
304:BR,Player:0r200c/cr300c/cc/cc:3h8s,6sJd|/5s8cKd/5d/As:600,-600(204.424415)
305:Player,BR:0cc/cc/cc/cc:3cJh,TsJs|/5h5dAh/8s/7c:-100,100(9.247075)
306:BR,Player:0cc/cr100c/cc/cr400c:5dJh,2c7c|/3d6sKh/6h/Js:600,-600(-118.724743)
307:Player,BR:0cc/cc/cc/cc:2cAs,4c9h|/8hTcQh/Ac/Kd:100,-100(35.125444)
308:BR,Player:0r200c/cc/r600f:6cAs,7h7d|/9cTcQc/Ad:300,-300(300.000000)
309:Player,BR:0cr200c/r300c/cc/r600c:9sQs,TdTc|/2c8sAs/2d/4s:1200,-1200(550.840537)
310:BR,Player:0r100c/cr400c/r1200c/cc:ThQd,KhKd|/7h9hTd/2h/3c:-1800,1800(-119.817351)
311:Player,BR:0cr200c/r300c/r600r2400f:JdAd,6c8c|/3c7cAc/Qs:-1200,1200(-1200.000000)
312:BR,Player:0r200c/cr300c/cr600c/cr1200f:8cKd,7c9h|/4s4c5s/4d/Ah:-1200,1200(-1200.000000)
313:Player,BR:0cc/cc/r100r400c/r2400f:4d5s,3s9d|/2h2c5c/As/5h:600,-600(600.000000)
314:BR,Player:0f:4sTh,2d4h|:50,-50(50.000000)
315:Player,BR:0cc/cc/cr200f:8cAd,5sAc|/2dJdKc/5h:-100,100(-100.000000)
316:BR,Player:0r200c/cr300c/cc/cc:KcAc,5dKh|/2h6dQc/8d/8h:600,-600(60.324052)
317:Player,BR:0cr200c/cc/cr600f:5s6d,8h8d|/6c8c9d/Jh:-300,300(-300.000000)
318:BR,Player:0cc/cc/cr200f:4c5s,TsJc|/2hTcQh/8s:-100,100(-100.000000)
319:Player,BR:0cc/cc/cr200c/cr600f:4dKd,9cAc|/2s5cTc/5d/3c:-300,300(-300.000000)
320:BR,Player:0r200c/cc/cc/cr300f:5h8d,8h9s|/3c5cJd/7h/As:-300,300(-300.000000)
321:Player,BR:0cc/cc/cr200f:6dAh,4s5c|/6h7sKs/8s:-100,100(-100.000000)
322:BR,Player:0r200c/cr300c/r1200c/cr3600f:9dAd,7c9s|/4d7s7d/9h/8c:-1800,1800(-1800.000000)
323:Player,BR:0cr200c/r300c/r600r18800f:5d6s,4cJd|/2d4s9d/Jc:-1200,1200(-1200.000000)
324:BR,Player:0r200c/cc/r600c/cr900c:3cKh,2c9c|/4c6hTh/Kc/Ad:1800,-1800(-852.457328)
325:Player,BR:0cr200c/r600c/r900c/r1800r7200r9200f:9h9d,5h8d|/3s8c9c/7s/3d:10800,-10800(10800.000000)
326:BR,Player:0r200c/cc/cc/cc:8dAs,9s9h|/4cTcQh/3c/2s:-300,300(-50.398505)
327:Player,BR:0cr200c/r300c/r600c/r2400c:TcQc,TsKh|/4dJdKd/Ks/Ac:3600,-3600(1023.606536)
328:BR,Player:0r200c/cr300c/cr1200f:4d4c,3dQs|/3s3cKs/As:-600,600(-600.000000)
329:Player,BR:0cr200c/r300c/r1200f:3dQd,2c3h|/4d8dKs/7c:600,-600(600.000000)
330:BR,Player:0cc/cc/cc/cr200f:5sTs,4cJc|/5d9dKh/6s/7s:-100,100(-100.000000)
331:Player,BR:0cc/cc/cc/r100c:3hJd,4s4h|/JcQdAd/6h/9s:200,-200(99.517743)
332:BR,Player:0r200c/cr300c/cr600c/cc:2sTh,TdKc|/TcAsAc/Qc/8d:-1200,1200(183.852158)
333:Player,BR:0cc/cc/cr200f:3s5d,4s7h|/9sJsJc/Qc:-100,100(-100.000000)
334:BR,Player:0r200c/cc/r600c/cc:2c4s,JdAd|/8d8cTc/Ac/Kc:900,-900(449.543065)
335:Player,BR:0cc/cc/cc/r100r400f:7hQc,2cJh|/3d7s8c/6h/Jd:-200,200(-200.000000)
336:BR,Player:0r100c/cc/r400c/cc:6cTs,6s8c|/5d6h7h/6d/3h:600,-600(497.793501)
337:Player,BR:0cr200c/cc/r300r1200r1800c/cc:2hQh,6cKc|/3h3c5c/8h/6h:3600,-3600(3361.383686)
338:BR,Player:0r200c/cc/r600c/cc:2h3s,8cJd|/3d4s5s/8s/7c:-900,900(-772.451370)
339:Player,BR:0cc/cc/cr200c/cc:2h4c,9cQs|/2d6sAs/Qd/8s:-300,300(-144.120469)
340:BR,Player:0r100c/cc/r400c/r19400f:5cQd,6dAc|/JhQhQc/Ad/5h:600,-600(600.000000)
341:Player,BR:0cr200c/r300c/r600f:3h5h,3d8d|/6s7cKs/7s:600,-600(600.000000)
342:BR,Player:0r200c/cc/r600f:7cJs,6h6d|/7sJcAd/8c:300,-300(300.000000)
343:Player,BR:0cc/cc/r200c/r300c:5dJc,6h8s|/2s6dJh/5c/5s:600,-600(288.362521)
344:BR,Player:0f:2c5d,2h4d|:50,-50(50.000000)
345:Player,BR:0cr200c/r300c/cr1200f:3cJc,9sTc|/7h7dTs/3s:-600,600(-600.000000)
346:BR,Player:0r200c/cc/cr300c/cc:7dKs,5h6d|/7s9cQh/Jd/3d:600,-600(64.161340)
347:Player,BR:0cr200c/cc/cc/cc:AsAh,2hAc|/5d9sKh/5c/Kc:300,-300(-63.814114)
348:BR,Player:0r200c/cc/r600c/cr3600f:TdKc,9dQd|/6cTsJh/3c/5s:-900,900(-900.000000)
349:Player,BR:0cc/cc/cr200c/cr600c:3cJs,4c8c|/4d9dJd/8h/6s:-900,900(-484.668745)
350:BR,Player:0cc/cr100c/r400f:7cJh,5dKd|/5cThJc/8s:200,-200(200.000000)
351:Player,BR:0cr200c/cc/cr19700f:8sKs,5cAc|/6cQcAh/5h:-300,300(-300.000000)
352:BR,Player:0r100c/cc/cr200c/cr1600f:6dQs,5c7h|/2s2c7d/7c/9s:-400,400(-400.000000)
353:Player,BR:0cc/cc/cr200c/cc:2c6h,8sKd|/4s9s9h/6s/Td:300,-300(213.523445)
354:BR,Player:0r200c/cr600c/r1800f:AsAd,8s9s|/2h7cQs/Jh:900,-900(900.000000)
355:Player,BR:0cc/cc/cr200f:3s9c,3c9s|/7cKsAc/8d:-100,100(-100.000000)
356:BR,Player:0r100c/cr400c/cc/cc:TcAh,7sAs|/2d4c5s/2c/Kd:600,-600(328.670640)
357:Player,BR:0cr200c/r300c/cc/cc:4s4d,2d2c|/4h9sJs/3d/Th:600,-600(123.730377)
358:BR,Player:0cc/cr100c/r400r600f:2sTd,TcQs|/8d9cAc/Kd:-600,600(-600.000000)
359:Player,BR:0cr200c/r300c/cc/cc:5sTs,KsAc|/4h5h9c/2s/Js:600,-600(119.469929)
360:BR,Player:0r200c/cr600c/r1800f:TcQs,5cKd|/4s6dJd/9c:900,-900(900.000000)
361:Player,BR:0cc/cc/cc/r100f:2cTs,6hAd|/5s9sTc/Qd/3s:100,-100(100.000000)
362:BR,Player:0cc/cc/cc/cc:5s5c,4hKh|/9hTcQd/2c/As:100,-100(9.361539)
363:Player,BR:0cc/cc/r100c/cc:2d7c,3hAh|/2cTcQh/9h/Qd:200,-200(14.055048)
364:BR,Player:0r200c/cr600c/cc/r1800f:2hTd,5sQc|/2c4s7s/9s/2d:900,-900(900.000000)
365:Player,BR:0cr200c/r300c/r600c/cr2400c:9hJc,2h7h|/7dTsQh/Js/7s:-3600,3600(-1495.444136)
366:BR,Player:0r200c/cr300c/cc/r1200f:9dJs,TcAc|/JcKdKc/6h/3s:600,-600(600.000000)
367:Player,BR:0cc/cc/cc/cr200f:2h7s,4dQc|/3d5c8d/3s/9s:-100,100(-100.000000)
368:BR,Player:0r200c/cc/r19700f:9hKh,8dKc|/2d6hJh/4h:300,-300(300.000000)
369:Player,BR:0cr200c/r600c/cr1800f:8hAh,4c5d|/TdQhKc/Tc:-900,900(-900.000000)
370:BR,Player:0r100c/cc/cc/cc:3c4h,ThQd|/5c8cAc/8h/4d:200,-200(55.135003)
371:Player,BR:0cc/cc/r100c/cc:3s7h,9sKh|/2c3c9c/Js/6c:-200,200(87.982772)
372:BR,Player:0cc/cc/r200f:7hQd,3h4d|/9cJsJc/Qs:100,-100(100.000000)
373:Player,BR:0cr200c/cc/r300c/cr1200f:6d7c,4d8d|/5h8cKc/5c/As:-600,600(-600.000000)
374:BR,Player:0r100c/cr200c/cr400f:3sTc,4hQd|/2hJcKh/5h:-400,400(-400.000000)
375:Player,BR:0cr200c/r300c/cc/cc:QhAs,8hQs|/9h9dKs/Qc/2h:600,-600(-239.435283)
376:BR,Player:0cc/cc/cc/r200c:7hAc,5cKc|/6hTsTd/Qs/Ad:300,-300(256.929520)
377:Player,BR:0cc/cc/r200c/r300r1200c:5c9d,2sTs|/2h6h9c/4s/As:1800,-1800(1800.000000)
378:BR,Player:0cc/cr200c/cc/cc:3s3d,2sTh|/2h8dKh/9s/7d:300,-300(91.661974)
379:Player,BR:0cr200c/r300c/cr1200c/cc:TsQs,7sJs|/5s5cAs/2d/6d:1800,-1800(1800.000000)
380:BR,Player:0f:2c3d,2d3c|:50,-50(50.000000)
381:Player,BR:0cr200c/cc/r300r1200c/cc:KcAc,TsQs|/4d9hJc/Js/5d:1800,-1800(1800.000000)
382:BR,Player:0r200c/cr300c/cc/cc:QhAd,TsAs|/3d8d8c/2d/Kh:600,-600(221.367209)
383:Player,BR:0cc/cc/cr200r600c/r900f:2d6h,9hTs|/5d8s9s/3c/6c:900,-900(900.000000)
384:BR,Player:0r200c/cc/r600f:2d6h,7cQs|/4h9hAc/8h:300,-300(300.000000)
385:Player,BR:0cr200c/r300c/cc/cc:6c8c,4hKh|/3h6dQs/Jd/Qh:600,-600(418.306900)
386:BR,Player:0r200c/cc/r600f:7hJc,QsKc|/4c5s8h/3c:300,-300(300.000000)
387:Player,BR:0cc/cc/r200r600f:3sTd,JdJc|/4d5c8h/9d:-300,300(-300.000000)
388:BR,Player:0cc/cr100c/cr200c/cr1600f:3s5d,2cTh|/3c7hKc/Qh/6d:-400,400(-400.000000)
389:Player,BR:0cc/cc/cc/cr19900f:3c4s,7sJc|/9sJdAc/9c/Jh:-100,100(-100.000000)
390:BR,Player:0cc/cc/cc/cc:3d9s,6sQs|/2c8hTd/Tc/4h:-100,100(-92.732201)
391:Player,BR:0cc/cc/cr200c/cr600c:3cQc,3hQs|/4h5c6c/Ad/7d:0,-0(-140.731350)
392:BR,Player:0r200c/cc/cc/cr600f:7h7d,2sKd|/4d4cKc/8d/4s:-300,300(-300.000000)
393:Player,BR:0cc/cc/cr200f:5sTh,2sJd|/4d8sJh/6s:-100,100(-100.000000)
394:BR,Player:0r200c/cr600c/cr1800c/cr17300f:6c9s,ThJs|/4dQdAs/9h/8c:-2700,2700(-2700.000000)
395:Player,BR:0cr200c/r300c/cc/cc:3dKd,8sJs|/4c5dAd/5c/Ah:600,-600(202.201554)
396:BR,Player:0r200c/cc/r600c/cr900r3600f:6cAh,8dTh|/9dJcAc/4s/5c:1800,-1800(1800.000000)
397:Player,BR:0cr200c/r300c/cr1200f:6sKs,5h7d|/2s4dJc/2d:-600,600(-600.000000)
398:BR,Player:0r200c/cr300c/r1200f:2d5d,5c6c|/3dQdQc/Ts:600,-600(600.000000)
399:Player,BR:0cr200c/r300c/cr1200c/cc:7s8c,9sQd|/2c7cTs/Ah/Js:1800,-1800(1776.027840)
400:BR,Player:0r200c/cc/cr300c/cc:2h7d,7h9h|/3d6dTd/4d/Ad:600,-600(599.713862)
401:Player,BR:0cr200c/cc/r600r1800f:9sJs,JcAs|/7dTcAc/4s:-900,900(-900.000000)
402:BR,Player:0r200c/cr600c/r1800f:7c9c,6cKs|/3c9dTc/7h:900,-900(900.000000)
403:Player,BR:0cc/cc/r100r400c/cc:7hKs,4dQc|/2sQdKc/Kh/4h:600,-600(-57.128289)
404:BR,Player:0r200c/cr300c/r19400c/cc:4d4c,3c5h|/3h3d4h/Jh/Th:20000,-20000(18410.984474)
405:Player,BR:0cr200c/cc/cr600f:4hAh,9cTc|/5s5d8d/6h:-300,300(-300.000000)
406:BR,Player:0cc/cc/r200f:3c9h,2cQd|/7c8dTh/Ah:100,-100(100.000000)
407:Player,BR:0cc/cc/r100r400c/cc:6cQs,3h5h|/4sQcAd/6h/5d:600,-600(504.114845)
408:BR,Player:0cc/cc/cc/cc:3s8h,3hQs|/9d9cJc/Jh/7c:-100,100(-91.901063)
409:Player,BR:0cc/cc/r100r400f:2c7h,TdQc|/8d9cQs/Th:-200,200(-200.000000)
410:BR,Player:0r100c/cr400c/cc/r1200r7200f:2hAh,6sAd|/6c9dAc/6d/Kc:-1800,1800(-1800.000000)
411:Player,BR:0cc/cc/cr200c/cc:2h9d,3d8s|/2c7sJs/Th/Qd:300,-300(300.000000)
412:BR,Player:0r200c/cr300c/r1200f:4c6d,8hAd|/7sQsQh/Ts:600,-600(600.000000)
413:Player,BR:0cc/cc/cc/r400f:2d4c,5dQs|/9dJdKh/8s/7c:100,-100(100.000000)
414:BR,Player:0r200c/cc/cc/cc:QsAd,3dAs|/6hJsJc/5s/5d:0,-0(222.993528)
415:Player,BR:0cr200c/r300c/cr1200f:5s7s,JcQc|/4s8cKh/Kc:-600,600(-600.000000)
416:BR,Player:0r100c/cr400c/r1200c/cr3600f:8cJh,9h9c|/4d5c8d/4s/3s:-1800,1800(-1800.000000)
417:Player,BR:0cc/cc/r100r400f:8hQd,9hTh|/2c6s7s/4c:-200,200(-200.000000)
418:BR,Player:0r200c/cr300c/cr600c/cc:2hAc,4cKh|/4d7cKc/8s/7h:-1200,1200(-333.293406)
419:Player,BR:0cc/cc/cr200f:3d9s,7cJs|/2sJdAc/Jc:-100,100(-100.000000)
420:BR,Player:0r100c/cr200c/r800c/cc:7s8c,7h7c|/2s5dKh/Jh/9d:-1200,1200(-1199.999180)
421:Player,BR:0cc/cc/r100c/r200r800f:7hKd,3d3c|/2h7s9s/5s/Jh:-400,400(-400.000000)
422:BR,Player:0r200c/cc/r600f:QsAh,5c8d|/9hTdAs/9c:300,-300(300.000000)
423:Player,BR:0cc/cc/cr200c/cc:2d4h,5hTc|/4s4cQc/7h/Kc:300,-300(300.000000)
424:BR,Player:0r200c/cr300c/cr1200f:3sJc,QhKs|/2c4s7s/Qs:-600,600(-600.000000)
425:Player,BR:0cr200c/r300c/cc/cc:5s7s,3h3c|/5d8hKs/6c/Kd:600,-600(118.413547)
426:BR,Player:0r200c/cr300c/cc/cc:2dKd,7sJd|/3h9dQd/Ah/As:600,-600(176.134288)
427:Player,BR:0cc/cc/cr200c/cr600f:7cKh,QsAs|/2h6h6d/Qd/8d:-300,300(-300.000000)
428:BR,Player:0r200c/cc/cc/r600c:3d9h,4hQc|/4d6dJd/Qd/Kc:900,-900(83.921841)
429:Player,BR:0cc/cc/cc/cc:4hKc,4d8c|/3sJsAs/4c/Th:100,-100(-57.470520)
430:BR,Player:0r200c/cr300c/cr600c/cc:5dKc,4cQh|/7hJsQd/Ah/3s:-1200,1200(-669.389329)
431:Player,BR:0cc/cc/cc/cc:2s9c,2cTc|/QhQcAs/Ah/4d:-100,100(-28.139360)
432:BR,Player:0cc/cr100c/r400c/cc:4dJd,3d5c|/2c4s8h/3h/Ks:600,-600(123.644007)
433:Player,BR:0cc/cc/r100f:4c6h,4h9c|/2c3sKs/8s:100,-100(100.000000)
434:BR,Player:0cc/cc/cc/cc:6hKh,2cJd|/2s9cQs/9d/8c:-100,100(21.084666)
435:Player,BR:0cr200c/cc/cr600f:6s8s,9s9h|/5h6hAh/7h:-300,300(-300.000000)
436:BR,Player:0r200c/cc/r600f:5sAc,6hKd|/9sTcAd/8h:300,-300(300.000000)
437:Player,BR:0cc/cc/cc/cc:2d6s,7sQh|/2c4dTd/9c/Ks:100,-100(37.449829)
438:BR,Player:0r100c/cc/r400c/r1200f:TdAh,TcKd|/3cQsAs/8h/7d:600,-600(600.000000)
439:Player,BR:0cc/cc/r100r400r600c/cr2400f:5sAh,4s6d|/3h4c6h/Jh/Kd:-1200,1200(-1200.000000)
440:BR,Player:0cc/cr100c/cr400c/cc:2hQc,4h6s|/3h7d7c/Jh/3s:600,-600(273.018392)
441:Player,BR:0cc/cc/cr200f:2h7s,AsAh|/TcJdQs/4c:-100,100(-100.000000)
442:BR,Player:0cc/cc/r200c/r600r19100c:JdJc,4cKd|/9hKsAh/5c/Js:20000,-20000(-228.434204)
443:Player,BR:0cc/cc/cr200c/cc:6cJc,JsKd|/5s9s9d/Jh/5d:-300,300(-101.226883)
444:BR,Player:0cc/cr200c/cr600c/cc:3sKd,2hKh|/4c7hQh/2s/5s:-900,900(-797.823255)
445:Player,BR:0cc/cc/cr200f:3hKs,8hJd|/2c5h9d/Js:-100,100(-100.000000)
446:BR,Player:0r100c/cc/r400f:7hTd,2hJh|/8s9sKc/3d:200,-200(200.000000)
447:Player,BR:0cr200c/cc/cr600c/cc:4h5h,4s9d|/3c5dTs/8h/As:900,-900(899.995492)
448:BR,Player:0cc/cr200c/r600c/cc:6cKh,9cTh|/5d8dJs/Kc/Tc:900,-900(793.882492)
449:Player,BR:0cr100c/r200c/cr800f:3h9h,5dTh|/3cAsAh/Kc:-400,400(-400.000000)
450:BR,Player:0r200c/cr300c/cr600c/cr4800f:5c8s,2hQh|/8h9s9c/Jd/3d:-1200,1200(-1200.000000)
451:Player,BR:0cc/cc/cr200f:3h9h,7cTh|/3d5dAs/Kd:-100,100(-100.000000)
452:BR,Player:0r200c/cr300c/cc/cr2400f:7dQs,8dAd|/2s2h8s/6d/8h:-600,600(-600.000000)
453:Player,BR:0cc/cc/r100c/r800f:2h8h,6cJs|/6h7sTs/5h/Ah:200,-200(200.000000)
454:BR,Player:0cc/cr200c/cc/r600f:2hJd,3sJc|/7cTcAs/Ts/9s:300,-300(300.000000)
455:Player,BR:0cc/cc/cr200f:4cAs,3hKs|/9sJsKc/Th:-100,100(-100.000000)
456:BR,Player:0r100c/cr400c/cc/cc:3hQh,5h7c|/6cJcAs/6h/Ts:600,-600(111.306625)
457:Player,BR:0cc/cc/cc/r100r400f:3hQs,4d9s|/5s8dTh/4h/7h:-200,200(-200.000000)
458:BR,Player:0r200c/cr300c/r1200c/cc:JcQc,3h8h|/7cThQs/3d/7h:1800,-1800(1799.958389)
459:Player,BR:0cc/cc/r100c/r200r800r2400f:6dQc,QhKd|/2d3cJh/5c/7c:1200,-1200(1200.000000)
460:BR,Player:0cc/cc/cc/cc:TsJh,6cKh|/2s9cAc/4d/Qd:-100,100(-60.953129)
461:Player,BR:0cr100c/r200c/cc/cc:TdQh,TcJh|/2h7sAd/7c/Ts:0,-0(-226.804182)
462:BR,Player:0r100c/cr400c/cc/cr1200f:2s7c,9sKd|/6hTcKs/2h/Td:-600,600(-600.000000)
463:Player,BR:0cr200c/cc/cc/cc:JhAh,6sAs|/7s9dTd/Qh/2d:300,-300(272.389837)
464:BR,Player:0r200c/cc/cc/r600c:2dJc,9cAc|/6cThQd/Qs/Js:900,-900(751.384906)
465:Player,BR:0cc/cc/r200r600f:3c6s,7dAh|/2d5h9h/As:-300,300(-300.000000)
466:BR,Player:0cc/cc/r200f:KsKh,2hTs|/3s7d7c/8d:100,-100(100.000000)
467:Player,BR:0cc/cc/cr200c/cc:6cKh,4s5c|/7dJcAh/6s/6d:300,-300(300.000000)
468:BR,Player:0r100c/cr400c/cc/cr600f:TcKh,4h7h|/5d8cKs/7d/4c:-600,600(-600.000000)
469:Player,BR:0cc/cc/cc/cc:3dKh,JsAh|/5s5hTs/Qh/Qd:-100,100(-61.960598)
470:BR,Player:0cc/cr100c/cc/cc:2d5d,5s9h|/4d5cTc/Ac/6s:-200,200(71.579607)
471:Player,BR:0cr200c/r300c/r600c/r1200r4800c:8cJd,8s9c|/6dTsJc/9d/4s:7200,-7200(7200.000000)
472:BR,Player:0cc/cr100c/cc/cc:4c5c,3dTc|/4hKdAc/6d/Ks:200,-200(136.330283)
473:Player,BR:0cr200c/r300c/r600c/r1200r4800c:TcAd,5c9h|/6c7h9s/Ah/Kd:7200,-7200(7199.999245)
474:BR,Player:0cc/cr100c/r400f:KsKd,4c5s|/5d8cTc/2d:200,-200(200.000000)
475:Player,BR:0cc/cc/r200f:2h3s,7dQc|/2s3dJs/8s:100,-100(100.000000)
476:BR,Player:0cc/cr200c/cr600c/cc:3cKs,5cQh|/2h6h7s/Jd/Tc:900,-900(-379.599518)
477:Player,BR:0cc/cc/cr200f:8cTh,7cJh|/2s7dKs/3d:-100,100(-100.000000)
478:BR,Player:0cc/cc/cc/cc:7hJs,7dKd|/5d9cAc/Qh/Ad:-100,100(-41.423716)
479:Player,BR:0cr200c/r300c/cr1200f:QdAc,QcKh|/2c9sKd/2d:-600,600(-600.000000)
480:BR,Player:0cc/cr100c/cr200c/cr800f:2dJs,5sJc|/4d5h8h/5c/Tc:-400,400(-400.000000)
481:Player,BR:0cr200c/r300c/r600c/r2400f:QhQc,2cKc|/3c4hQd/8h/7h:1200,-1200(1200.000000)
482:BR,Player:0f:6hQc,3s8c|:50,-50(50.000000)
483:Player,BR:0cc/cc/cc/cc:2s4d,7dKh|/5sQdQc/9h/8c:-100,100(-33.019789)
484:BR,Player:0r200c/cr300c/cc/cr1200r3600f:8sAh,4c7c|/3c6sAs/Ts/9d:1800,-1800(1800.000000)
485:Player,BR:0cr200c/r300c/cr1200f:KdAs,QhQc|/3s5cJc/6s:-600,600(-600.000000)
486:BR,Player:0cc/cr100c/cc/cc:3cQd,3h6d|/7s7cJs/Jd/7d:0,-0(-0.002173)
487:Player,BR:0cr200c/cc/cc/cc:QsQd,JdQc|/ThTdKh/Tc/4c:300,-300(60.363178)
488:BR,Player:0cc/cc/cc/cr100r400f:9dAs,3dTc|/2c4dQs/Th/Kd:200,-200(200.000000)
489:Player,BR:0cc/cc/cc/cc:3sQc,4c6h|/2h8h9s/Ts/4h:-100,100(-49.603801)
490:BR,Player:0r200c/cr600c/cr1800r5400f:4h5h,ThAs|/7dQdKh/6s:2700,-2700(2700.000000)
491:Player,BR:0cr200c/r300c/r600f:7h7c,TdJh|/4s5hKc/8c:600,-600(600.000000)
492:BR,Player:0cc/cr100c/cc/r400f:5d9c,3h6c|/8dJhAc/Qs/2d:200,-200(200.000000)
493:Player,BR:0cc/cc/r100c/r400r1200f:2hAs,4c6s|/3cTsAh/4d/6d:-600,600(-600.000000)
494:BR,Player:0r200c/cr600c/cr1800c/cr5400f:5s9c,3dAc|/4s5cTd/As/6h:-2700,2700(-2700.000000)
495:Player,BR:0cr200c/cc/cr600f:6c9c,JsQh|/2d4sTs/As:-300,300(-300.000000)
496:BR,Player:0cc/cc/cc/cc:3s6d,QcKs|/5s6h7h/Ts/Js:100,-100(71.754442)
497:Player,BR:0cc/cc/cc/cr19900f:3sAc,JdAh|/3c5sTs/Qd/Kd:-100,100(-100.000000)
498:BR,Player:0cc/cc/r200c/cc:7sTd,2h7h|/5d8cQs/7d/3s:300,-300(81.695666)
499:Player,BR:0cc/cc/r100c/r800f:6dAs,3dQd|/2d6h8s/Ks/6s:200,-200(200.000000)
500:BR,Player:0cc/cc/cc/cc:2s8d,3sTh|/9dJhJd/6s/Qc:-100,100(-100.000000)
501:Player,BR:0cr200c/r300c/cr1200f:JdAh,TsTc|/7d8h8d/5s:-600,600(-600.000000)
502:BR,Player:0r100c/cc/cc/cr400f:4d5d,6dAc|/4cJsKh/Ad/Ts:-200,200(-200.000000)
503:Player,BR:0cr200c/r300c/cr1200f:2dAd,QdKd|/3d6sKs/4h:-600,600(-600.000000)
504:BR,Player:0f:JsAh,2c5h|:50,-50(50.000000)
505:Player,BR:0cc/cc/cr200c/cr600c:4s9s,8hJh|/4dTdTc/9h/7h:-900,900(-900.000000)
506:BR,Player:0r200c/cr300c/cr1200f:2d5c,KhAc|/3c4cJs/Kd:-600,600(-600.000000)
507:Player,BR:0cr200c/cc/cc/r300f:JdQc,ThAs|/5c7dKh/Qs/4s:300,-300(300.000000)
508:BR,Player:0r200c/cr300c/r1200f:7sJh,8dJc|/5d5cTd/3h:600,-600(600.000000)
509:Player,BR:0cc/cc/cr200f:2d8c,3cKc|/5c6dKd/2s:-100,100(-100.000000)
510:BR,Player:0f:7c8s,2c7d|:50,-50(50.000000)
511:Player,BR:0cc/cc/r100r400c/cr1200f:8cQd,2c6s|/3c8sQs/3s/Ks:-600,600(-600.000000)
512:BR,Player:0f:8hKd,2d4c|:50,-50(50.000000)
513:Player,BR:0cc/cc/cr200f:5cKh,4h9h|/3c7dTc/Js:-100,100(-100.000000)
514:BR,Player:0r100c/cc/r400c/cr1200f:6cJh,9dJd|/5c7d9s/2h/3c:-600,600(-600.000000)
515:Player,BR:0cc/cc/r100c/cc:5hTs,2h9c|/2d8hQs/4d/3d:-200,200(99.358512)
516:BR,Player:0r200c/cc/cr600c/cr1800f:3cQh,8s9h|/7dTdAs/7h/Js:-900,900(-900.000000)
517:Player,BR:0cr200c/cc/cr600c/cr1800f:6h6c,5hAc|/2cQcAd/7c/8s:-900,900(-900.000000)
518:BR,Player:0cc/cr100c/cc/cr400f:3h9d,7cTc|/2sTsQd/9s/4d:-200,200(-200.000000)
519:Player,BR:0cc/cc/r100c/r200r800f:6dTs,JhAh|/2d3s9s/7d/5d:-400,400(-400.000000)
520:BR,Player:0r200c/cc/r600c/cc:ThKh,5hKc|/9cTsQc/5c/7s:900,-900(228.764834)
521:Player,BR:0cr200c/r300c/cr1200r3600c/cr10800f:5c7c,KcAd|/6cTdKh/Qc/5h:-5400,5400(-5400.000000)
522:BR,Player:0r200c/cc/r600f:KsAs,JsKh|/2h3s4d/6s:300,-300(300.000000)
523:Player,BR:0cc/cc/cr200f:2s8s,5d6d|/9dKhKc/Jd:-100,100(-100.000000)
524:BR,Player:0cc/cr100c/cc/cc:8hJd,9dKs|/3c5d5c/4d/3d:-200,200(-171.540781)
525:Player,BR:0cc/cc/cr19900f:5dAh,8cTd|/3c8hTc/8s:-100,100(-100.000000)
526:BR,Player:0r200c/cc/cr600f:3s8d,6sAs|/2sJhKd/Qs:-300,300(-300.000000)
527:Player,BR:0cc/cc/cr200f:4dKd,3sJd|/5c6s8s/Ah:-100,100(-100.000000)
528:BR,Player:0cc/cr100c/cc/cc:9dKs,JhKd|/8sJcAd/9h/Th:-200,200(27.490600)
529:Player,BR:0cc/r100c/r200f:4c6h,7h9d|/2h2d3s/3h:200,-200(200.000000)
530:BR,Player:0cc/cc/r200f:8hJh,4s5h|/JsJcAs/Kd:100,-100(100.000000)
531:Player,BR:0cc/cc/r100c/cc:5hTs,3cQs|/5s6s7s/4c/9h:-200,200(-113.782614)
532:BR,Player:0r200c/cr300c/cr1200r3600f:6s8s,9dAs|/7dTcKc/6d:1800,-1800(1800.000000)
533:Player,BR:0cr200c/cc/r300c/cr1200f:9cKc,5sTc|/8sAsAh/Ac/Qd:-600,600(-600.000000)
534:BR,Player:0r100c/cc/cr400c/cr1200f:5hKh,6h7c|/6d7sJd/Jc/Js:-600,600(-600.000000)
535:Player,BR:0cr200c/cc/r300r1200c/cc:AhAd,7hAs|/3s5sTs/Jh/Th:1800,-1800(1799.999999)
536:BR,Player:0cc/cr100c/r400f:4d9c,3sKs|/4c8h8c/9s:200,-200(200.000000)
537:Player,BR:0cc/cc/cr200c/cc:3sJs,5hTd|/3c7d9s/Qh/5c:-300,300(101.352726)
538:BR,Player:0r200c/cr300c/r1200c/cr3600f:9sAc,9dAd|/2dJhAs/6d/3d:-1800,1800(-1800.000000)
539:Player,BR:0cr200c/cc/cr600c/cc:6h6c,TdJh|/7hThQh/2s/Qd:-900,900(-212.257085)
540:BR,Player:0cc/cr200c/cr300c/cr1200f:2d5h,JhJd|/2s3c5d/4d/6d:-600,600(-600.000000)
541:Player,BR:0cc/cc/r200c/r600f:2dTh,5cAs|/2h9dQh/2s/7h:300,-300(300.000000)
542:BR,Player:0f:2cTc,2h6s|:50,-50(50.000000)
543:Player,BR:0cc/cc/cr200f:2sTs,5d8d|/3d8sJh/6h:-100,100(-100.000000)
544:BR,Player:0r200c/cc/r600c/cr1800f:3hQh,AdAc|/4s9hQs/Kh/9c:-900,900(-900.000000)
545:Player,BR:0cc/cc/cc/cc:2c6c,7cKc|/4sJdAd/4h/9c:-100,100(-41.665016)
546:BR,Player:0cc/cc/r200f:2s8s,5d8d|/7s7dAc/Js:100,-100(100.000000)
547:Player,BR:0cc/cc/r100c/r200r800c:7d9s,9hAc|/3c8sJd/Kc/Tc:1200,-1200(1200.000000)
548:BR,Player:0cc/cc/r200c/r600c:4sAc,5sQc|/3dQhAd/4h/7s:900,-900(895.025876)
549:Player,BR:0cr200c/cc/cc/cr600f:6c8d,6sAs|/8cJhJc/9s/9d:-300,300(-300.000000)
550:BR,Player:0r100c/cr400c/r1200c/cc:QsQc,8sKc|/4d6dKh/9s/Ah:-1800,1800(135.483763)
551:Player,BR:0cc/cc/r100r400f:5hTs,5sQc|/2c4s9s/9h:-200,200(-200.000000)
552:BR,Player:0r200c/cc/r600f:JdAs,5dQd|/3cTsTd/3h:300,-300(300.000000)
553:Player,BR:0cc/cc/cc/cc:6hTh,2s7s|/6c9dJs/2c/5c:100,-100(-16.892053)
554:BR,Player:0cc/cc/r200f:7sAc,JhQs|/3c9hAd/2c:100,-100(100.000000)
555:Player,BR:0cc/cc/cc/cr19900f:3hJd,4d4c|/QcKdKc/5c/4s:-100,100(-100.000000)
556:BR,Player:0r100c/cr400c/cr1200c/cr3600f:6hTc,8dKc|/9cTsJc/2s/7d:-1800,1800(-1800.000000)
557:Player,BR:0cc/cc/r100c/r200c:2c7s,7cKs|/5c7dAc/Jd/Ah:-400,400(-66.269031)
558:BR,Player:0r100c/cc/r400c/r1200c:5h6h,4sAs|/JsAhAd/Kh/2h:1800,-1800(1757.434020)
559:Player,BR:0cr200c/cc/cc/cc:4h5h,4s6d|/5d8cTd/Ks/Js:300,-300(299.095725)
560:BR,Player:0cc/cr100c/cc/cr400c:4sTh,4c8s|/3d5cTd/3s/7c:600,-600(-167.032660)
561:Player,BR:0cc/cc/r200r600c/cr1800f:8hQs,KsKh|/5dJhQh/Ts/5s:-900,900(-900.000000)
562:BR,Player:0cc/cc/cr200c/cr600r1800c:TdJc,JhQd|/7s8sQc/3c/3h:-2700,2700(-2700.000000)
563:Player,BR:0cc/cc/cc/cc:2s8d,QcKh|/4s5c7h/7s/Tc:-100,100(-33.790015)
564:BR,Player:0r200c/cc/r600c/cc:9dQs,2h8h|/3c7s8c/6c/6d:-900,900(-900.000000)
565:Player,BR:0cc/cc/r100c/r200c:2d7d,2cJh|/7cJsKd/5d/7s:400,-400(181.385562)
566:BR,Player:0r200c/cc/r19700f:4dJd,7sQc|/7d9dKs/Ad:300,-300(300.000000)
567:Player,BR:0cc/cc/cr200r300c/cc:2h3h,4c5h|/2c4d9c/Ah/Jc:-600,600(80.566066)
568:BR,Player:0cc/cc/cc/r200f:7s8d,2sQh|/3dKdAc/Kh/3c:100,-100(100.000000)
569:Player,BR:0cr200c/r300c/cr1200r1800f:JsKh,3h9c|/TdKsKd/Ad:1800,-1800(1800.000000)
570:BR,Player:0f:8dTs,2h9c|:50,-50(50.000000)
571:Player,BR:0cc/cc/r100c/r200c:6dKc,JcAs|/2d6sTh/3d/7s:400,-400(198.031046)
572:BR,Player:0r200c/cr600c/cc/r1800r17300f:7dKs,4cJc|/3c6c9d/Tc/2s:-2700,2700(-2700.000000)
573:Player,BR:0cc/cc/cr19900f:2dJs,7h7c|/3c7sTs/5d:-100,100(-100.000000)
574:BR,Player:0r200c/cc/cr300f:4c9s,7hAh|/5dJhJd/Js:-300,300(-300.000000)
575:Player,BR:0cr200c/r300c/cc/cc:ThJd,7sAh|/2sTsKh/4d/9c:600,-600(359.765240)
576:BR,Player:0cc/cc/r200c/cc:8hKc,3hKh|/4d7dKd/Ac/5d:300,-300(-107.704424)
577:Player,BR:0cr200c/cc/cc/r600r1800c:9hAc,5sQd|/3hKcAd/5c/7s:2700,-2700(2700.000000)
578:BR,Player:0r100c/cr200c/cr800f:7hQs,2hJh|/3dJdKh/2s:-400,400(-400.000000)
579:Player,BR:0cc/cc/cr200c/cr600c:5s9d,5h9c|/5cTsTc/3c/Td:0,-0(-288.037401)
580:BR,Player:0cc/cr100c/cc/cc:8sKc,4s8d|/8cJsAd/5h/Jh:0,-0(184.102500)
581:Player,BR:0cr200c/r300c/cc/cc:QcKd,JhJd|/8hKcAh/4h/9s:600,-600(-92.284810)
582:BR,Player:0r200c/cr300c/cc/cc:3sKh,6s7d|/3c4c5c/Ac/2c:0,-0(-0.000000)
583:Player,BR:0cc/cc/r100r400f:7sJd,6dTh|/8h9sJs/Qd:-200,200(-200.000000)
584:BR,Player:0r200c/cc/cc/cc:6hAs,TsAd|/9hQcKc/5s/6d:300,-300(65.558208)
585:Player,BR:0cc/cc/r100r19800f:8h9c,7d8s|/3d4h6s/5c:-200,200(-200.000000)
586:BR,Player:0r100c/cr400c/cc/r1200f:8sTc,5sQd|/3d9dAh/2d/3c:600,-600(600.000000)
587:Player,BR:0cc/cc/cr19900f:3dTc,6c7c|/5s8hQd/9s:-100,100(-100.000000)
588:BR,Player:0r100c/cc/cr200c/cr800f:4cJh,2sTs|/ThTdKd/8d/Qh:-400,400(-400.000000)
589:Player,BR:0cc/cc/cr200f:9hJc,5c6s|/2s4sTc/Ac:-100,100(-100.000000)
590:BR,Player:0r100c/cr200c/cr400r1600c/r17600f:2h5d,TdQc|/4d6sJd/Qd/8s:2400,-2400(2400.000000)
591:Player,BR:0cc/cc/cr200c/cr600f:9cQs,5hJs|/5d8cJh/Kc/6c:-300,300(-300.000000)
592:BR,Player:0r100c/cr200c/cc/cc:4dQh,6s7c|/2c3cQc/Tc/5c:-400,400(-121.798126)
593:Player,BR:0cc/cc/cc/cc:3c9h,3sTs|/5hQcKs/Ad/8s:-100,100(30.519720)
594:BR,Player:0cc/cr100c/cr400c/cr1200c:4cAd,8cQc|/ThJhJc/4h/Kd:1800,-1800(-590.000901)
595:Player,BR:0cc/cc/cr200f:3c8s,5cJs|/4s6hJd/Ah:-100,100(-100.000000)
596:BR,Player:0r200c/cc/r600c/cr1800f:3c6c,5sJd|/7s9cJh/5c/Ah:-900,900(-900.000000)
597:Player,BR:0cc/cc/r100r400c/cc:3dQs,5h6s|/2h4sQd/6c/Js:600,-600(188.551918)
598:BR,Player:0r100c/cc/cr200c/cr800r2400r7200f:3sAc,QsQc|/6h7c9h/3d/Jc:-3600,3600(-3600.000000)
599:Player,BR:0cr200c/r600c/r900f:JsQc,3h3c|/2cThJh/8d:900,-900(900.000000)
600:BR,Player:0r100c/cr200c/r800f:8h8c,QcAh|/3s6h9h/4s:400,-400(400.000000)
601:Player,BR:0cc/cc/cr19900f:5h8c,9cJc|/3h9sJs/Jd:-100,100(-100.000000)
602:BR,Player:0r200c/cr300c/r1200c/r3600f:6dTd,5hTh|/5c7s7h/8s/4h:1800,-1800(1800.000000)
603:Player,BR:0cr200c/cc/r300f:TdAc,3s6c|/5h7sTh/Tc:300,-300(300.000000)
604:BR,Player:0r100c/cr200c/cc/cr1600f:2sTd,5cAs|/6hTcAc/7d/Ad:-400,400(-400.000000)
605:Player,BR:0cc/cc/r100c/cc:2d5s,7cQd|/8s8cAh/Kd/6d:-200,200(20.087065)
606:BR,Player:0r200c/cc/cc/cc:3hKc,8hAd|/2h6sJh/5c/Td:-300,300(-296.221718)
607:Player,BR:0cr200c/cc/r300f:8cJc,2sJd|/6c7h8h/6h:300,-300(300.000000)
608:BR,Player:0r100c/cr400c/r1200c/cr3600c:JhAh,4dTd|/3h5dJd/2s/3c:5400,-5400(-1486.788979)
609:Player,BR:0cr200c/r300c/cr1200f:QsAc,3dKh|/4c7hKc/8s:-600,600(-600.000000)
610:BR,Player:0f:QsQc,3d9s|:50,-50(50.000000)
611:Player,BR:0cc/cc/cr200f:5d6h,7dKd|/6sTcJh/7h:-100,100(-100.000000)
612:BR,Player:0cc/cc/r200f:2s6c,3d6s|/5h8sAh/As:100,-100(100.000000)
613:Player,BR:0cc/cc/cc/cc:3sJh,QsAd|/5d7dTs/Kh/5c:-100,100(-57.458564)
614:BR,Player:0r100c/cc/r400c/cc:2cTd,9sQs|/6d8hTc/9h/Kd:600,-600(205.955828)
615:Player,BR:0cr200c/cc/cr600f:TcKh,4s6s|/2d8c9h/3c:-300,300(-300.000000)
616:BR,Player:0r100c/cc/r19800f:7d7c,6dAh|/7sQhAd/Td:200,-200(200.000000)
617:Player,BR:0cc/cc/r100c/r400r1200c:6dAc,4dKs|/5h7s7d/3h/Ad:1800,-1800(1800.000000)
618:BR,Player:0cc/cr100c/cc/cc:4cQh,8cAd|/3s4sKs/3h/6d:200,-200(106.661282)
619:Player,BR:0cr200c/r300c/r1200f:JhQc,2d7h|/3s9dKs/8d:600,-600(600.000000)
620:BR,Player:0cc/cr100c/cr400f:6cQs,AsAd|/3sTsJh/5c:-200,200(-200.000000)
621:Player,BR:0cc/cc/r100r400r600c/cc:2h4c,TsTh|/3s6hKd/5c/Kh:1200,-1200(-599.630392)
622:BR,Player:0r100c/cc/cc/cc:5dAs,8dJc|/5hQhKc/Qs/Ks:200,-200(160.524987)
623:Player,BR:0cc/cc/cr200f:3c9d,4s5c|/6s6cAh/7d:-100,100(-100.000000)
624:BR,Player:0r200c/cr600c/cc/r1800c:9hQd,4hAs|/3s4d6d/8s/5h:-2700,2700(-2700.000000)
625:Player,BR:0cc/cc/cr200f:3sJd,5cAd|/8dTcKd/Ah:-100,100(-100.000000)
626:BR,Player:0r200c/cr300c/cc/r19400f:4dAd,5cAs|/2d5hTh/Js/3c:600,-600(600.000000)
627:Player,BR:0cc/cc/r100c/r400f:5hTc,KdAs|/5s7cJc/9c/3c:200,-200(200.000000)
628:BR,Player:0r100c/cr400c/r1200c/cc:3dJh,8sKd|/4d8h9d/4h/3h:-1800,1800(-1599.434668)
629:Player,BR:0cr200c/r300c/r600c/r2400f:2sAs,TcQd|/2c5sKs/5c/7s:1200,-1200(1200.000000)
630:BR,Player:0r100c/cr200c/cc/cc:4sKc,7hKd|/3s6c9c/Qh/3c:0,-0(-240.935307)
631:Player,BR:0cc/cc/cc/cc:2sAd,8dAh|/4d6dKc/3h/2c:100,-100(69.598313)
632:BR,Player:0cc/cr100c/cr200c/cc:JdKd,8cJc|/5h7hQd/2h/3h:400,-400(-374.503687)
633:Player,BR:0cr200c/cc/cc/cr600c:8s9c,3dJh|/2d8cQd/4h/Th:900,-900(900.000000)
634:BR,Player:0r200c/cc/cc/cr600f:4s6h,9cJd|/2c6cKc/Jc/8d:-300,300(-300.000000)
635:Player,BR:0cc/cc/cr200f:2cQd,2h4d|/5s9dTd/Kc:-100,100(-100.000000)
636:BR,Player:0r100c/cc/cc/r400f:8s9s,4cQs|/4sThKc/9d/Kd:200,-200(200.000000)
637:Player,BR:0cc/cc/r100r400f:2d5h,QcKd|/2s3cJd/Kc:-200,200(-200.000000)
638:BR,Player:0cc/cc/r200c/cc:3s9c,2d5c|/5s7h9s/8c/Qd:300,-300(212.428369)
639:Player,BR:0cc/cc/cc/r100c:7sTd,KsAh|/4s4c8c/6h/3h:-200,200(93.712454)
640:BR,Player:0r100c/cr400c/r1200c/r3600f:3s5s,4sAs|/2d4c9s/Ts/Kh:1800,-1800(1800.000000)
641:Player,BR:0cc/cc/r100r400f:4d8s,9hJc|/3h6sJh/6c:-200,200(-200.000000)
642:BR,Player:0r100c/cr200c/cc/r800c:6dTd,3s5h|/9hQhQc/3h/5c:-1200,1200(-1200.000000)
643:Player,BR:0cr200c/r300c/r600c/cr2400c:9hAh,2hAs|/3cQdAd/2d/Qc:3600,-3600(1485.941443)
644:BR,Player:0f:4sTc,2c9d|:50,-50(50.000000)
645:Player,BR:0cc/cc/cr200c/cr600f:6hQc,5s9h|/9d9cKd/6d/2h:-300,300(-300.000000)
646:BR,Player:0cc/cr100c/cr400r1200r3600f:3c9s,4c7d|/3d6dQh/5h:-1800,1800(-1800.000000)
647:Player,BR:0cc/cc/cr200f:3hTh,2c9s|/4c7cKh/4d:-100,100(-100.000000)
648:BR,Player:0cc/cc/cr100c/cr800f:TsQh,2sJd|/4h5s5c/9h/3s:-200,200(-200.000000)
649:Player,BR:0cc/cc/cr200r300c/r600r2400c:5s7d,JsJd|/2s3s4s/Qd/Ac:3600,-3600(3600.000000)
650:BR,Player:0cc/cr200c/cc/cr300f:ThKh,3hTc|/4c8cJh/Ac/3c:-300,300(-300.000000)
651:Player,BR:0cc/cc/cr200f:4sKd,2s9h|/7s7hQd/Jd:-100,100(-100.000000)
652:BR,Player:0cc/cr100c/cr200c/cc:9dQd,4cKh|/5d8s9h/7h/Qs:400,-400(394.203823)
653:Player,BR:0cc/cc/cr200c/cr600f:8cTh,QcAs|/5s8s8d/Qs/6s:-300,300(-300.000000)
654:BR,Player:0r200c/cr300c/r1200f:JhJd,9hAd|/4s6d7s/6h:600,-600(600.000000)
655:Player,BR:0cc/cc/r100c/r400c:2s7s,9hKh|/3sJsJc/Ac/Qs:600,-600(198.674020)
656:BR,Player:0r100c/cc/cc/r400c:4cJd,4dAd|/9hKcAs/Qh/Tc:600,-600(599.999997)
657:Player,BR:0cr200c/r300c/r1200f:TcKs,3d9h|/4d6hJs/Qh:600,-600(600.000000)
658:BR,Player:0r200c/cc/r19700f:JdAh,QsKc|/2s3sJs/Jc:300,-300(300.000000)
659:Player,BR:0cr200c/cc/cc/cr600f:7sAd,6sQh|/2s4d4c/Js/9s:-300,300(-300.000000)
660:BR,Player:0r200c/cc/cc/cc:2s3h,3dQc|/9hQhAh/2h/6s:300,-300(299.994356)
661:Player,BR:0cc/cc/r100f:4hAc,2h6s|/9dKhAd/3h:100,-100(100.000000)
662:BR,Player:0cc/cr100c/r400f:9cAc,4s7c|/6c8c9h/3s:200,-200(200.000000)
663:Player,BR:0cc/cc/cr200f:9sAh,7hQd|/7sTdKd/3d:-100,100(-100.000000)
664:BR,Player:0cc/cr100c/cc/r400f:5h9s,6hKc|/4s4dJd/Jc/As:200,-200(200.000000)
665:Player,BR:0cc/cc/cr200f:2hAs,JdAc|/4h6hJc/9d:-100,100(-100.000000)
666:BR,Player:0r200c/cr600c/r1800c/r5400c:7cTd,8c9d|/7dTsJh/Kd/Tc:8100,-8100(7759.818327)
667:Player,BR:0cc/cc/r100c/cr400c:9dKh,3hJc|/2dKsAd/4s/5c:-600,600(-498.393461)
668:BR,Player:0f:TcKd,2c3d|:50,-50(50.000000)
669:Player,BR:0cc/cc/cr200r600f:2d3c,7h9c|/3h6cTd/Ah:300,-300(300.000000)
670:BR,Player:0f:ThTd,2c7h|:50,-50(50.000000)
671:Player,BR:0cr200c/r600c/r1800c/r10800f:3c4c,JdQd|/5s6sAc/Kd/5h:2700,-2700(2700.000000)
672:BR,Player:0cc/cr200c/r600c/r19100f:9hJc,6dKd|/3d6cTs/8h/Qh:900,-900(900.000000)
673:Player,BR:0cc/cc/cc/cc:6sAd,7cAs|/9cQdQc/3d/Qh:0,-0(-71.327637)
674:BR,Player:0r100c/cr200c/r800f:3h7s,7hTh|/2sTdKh/4c:400,-400(400.000000)
675:Player,BR:0cr200c/r300c/cr19400f:KdAh,JdAd|/5dJsJh/7s:-600,600(-600.000000)
676:BR,Player:0cc/cr200c/cc/cc:7hKc,3cJd|/5s6sJs/7c/5h:-300,300(254.229709)
677:Player,BR:0cc/cc/cr200f:6h9s,9cTc|/2cQsAs/Jc:-100,100(-100.000000)
678:BR,Player:0r100c/cr400c/r1200r1800c/cr7200f:8dJd,3sAs|/2c4d5s/Js/5d:-3600,3600(-3600.000000)
679:Player,BR:0cr200c/r600c/cc/cc:9sJc,5dKc|/2s5s7c/2h/4c:-900,900(-653.170638)
680:BR,Player:0r100c/cr400c/cc/r1200f:4sAh,7hKc|/6d7dKd/2d/8h:600,-600(600.000000)
681:Player,BR:0cr200c/cc/cr600c/cr1800f:7hAh,6hAs|/4h5s8s/4d/7s:-900,900(-900.000000)
682:BR,Player:0r200c/cr300c/cc/cr2400f:5cKs,TsTh|/2c4d6h/Qd/7d:-600,600(-600.000000)
683:Player,BR:0cr200c/r300c/cr1200f:9cJc,8sTc|/3d4sTd/6h:-600,600(-600.000000)
684:BR,Player:0r100c/cc/r400f:7d7c,3hAs|/9hKsKc/5s:200,-200(200.000000)
685:Player,BR:0cr200c/cc/cc/cc:TcQc,2dAd|/2h6dKs/7d/6s:-300,300(-147.290338)
686:BR,Player:0cc/cc/cr100c/cr400r1200c:6sKs,4cJs|/7dJhAc/Ad/2s:-1800,1800(-1800.000000)
687:Player,BR:0cc/cc/r100f:2d8c,6c8h|/2c5sAc/2s:100,-100(100.000000)
688:BR,Player:0r100c/cc/cc/cc:5sAd,TdKs|/3h9cQc/2d/8d:200,-200(-18.207684)
689:Player,BR:0cc/cc/cr200f:2d8c,TcAc|/4sThAh/3c:-100,100(-100.000000)
690:BR,Player:0r200c/cc/cr600c/cc:6dAh,9cQh|/3s7hTs/7d/Th:900,-900(615.467358)
691:Player,BR:0cc/cc/cc/cc:2c8c,KhAc|/3d6h8h/5d/7h:100,-100(61.746417)
692:BR,Player:0r100c/cc/cc/cc:4d4c,5sKs|/5c9sTc/3d/2d:-200,200(118.164397)
693:Player,BR:0cc/cc/cc/cr200c:3cTs,6c7h|/5sTcJh/Qc/Qd:300,-300(300.000000)
694:BR,Player:0cc/cr100c/cc/cr400r1200f:6dJc,2hTd|/4d9sKc/6c/Qc:600,-600(600.000000)
695:Player,BR:0cc/cc/r100r400r600c/cr18800f:8sAc,4d7s|/5c6dAs/9h/3h:-1200,1200(-1200.000000)
696:BR,Player:0f:5c9d,2s4d|:50,-50(50.000000)
697:Player,BR:0cc/cc/cr200f:4cQd,2h8h|/2s2d7c/7s:-100,100(-100.000000)
698:BR,Player:0r100c/cr200c/cc/cc:3sJh,3hTh|/3c5dQc/6s/6h:0,-0(0.685564)
699:Player,BR:0cr200c/cc/cc/cr600c:8s9d,3cQd|/2c4dKh/Jc/9s:900,-900(900.000000)
700:BR,Player:0r100c/cc/cc/r400c:2c3s,4cTc|/3h6h6d/Th/3c:600,-600(580.652207)
701:Player,BR:0cr200c/cc/r300f:6hTh,6dKs|/9hTcAc/4s:300,-300(300.000000)
702:BR,Player:0r200c/cr300c/cc/cc:5dKd,6sTd|/3c6hAc/Qd/4d:-600,600(-223.022820)
703:Player,BR:0cr200c/r300c/cr1200r1800c/cr7200f:8cJc,KdAc|/8sJsKs/2d/6s:-3600,3600(-3600.000000)
704:BR,Player:0cc/cr100c/cc/r400f:5d8s,5s9d|/9hQdAc/Js/Jd:200,-200(200.000000)
705:Player,BR:0cc/cc/cc/cr200c:9dQc,6h7h|/7c8sKh/As/4h:-300,300(-13.251132)
706:BR,Player:0r200c/cc/cc/cr300f:9cTc,5cKh|/2h3d4d/4h/6c:-300,300(-300.000000)
707:Player,BR:0cc/cc/r100c/r400c:3c5h,2h9s|/2c8sAd/Js/8h:-600,600(190.326796)
708:BR,Player:0r100c/cc/r400c/cr1200f:5h9h,9sTc|/6d7hTh/4s/2s:-600,600(-600.000000)
709:Player,BR:0cc/cc/cr200f:2d4s,2sAc|/2h9hAd/6h:-100,100(-100.000000)
710:BR,Player:0r200c/cc/cc/cc:2h9c,7cQd|/ThTcKd/Kc/4h:-300,300(-178.293302)
711:Player,BR:0cr200c/cc/cr600c/cr1800c:5d9d,3hJd|/5c6cTd/7s/8h:2700,-2700(2700.000000)
712:BR,Player:0cc/cc/r200f:5cAh,2hJd|/7d9sKd/As:100,-100(100.000000)
713:Player,BR:0cr200c/r300c/cr1200c/cc:5h8h,9sTd|/5d8sJs/Ks/Kh:1800,-1800(1799.066100)
714:BR,Player:0cc/cr100c/r400f:4s7s,5cTd|/4h7hQc/Ad:200,-200(200.000000)
715:Player,BR:0cr200c/r300c/r600c/cc:9hJc,TsQd|/4dThJd/Kh/4c:1200,-1200(105.889255)
716:BR,Player:0r200c/cc/cc/cc:4cQh,7dAh|/2s5c8h/2d/3c:-300,300(-245.787146)
717:Player,BR:0cc/cc/r100c/cc:5c9s,2cKc|/2h5s7h/Ac/6d:200,-200(37.420645)
718:BR,Player:0r200c/cr300c/cr600f:2d9c,4s8s|/5h7d8h/Kd:-600,600(-600.000000)
719:Player,BR:0cc/cc/cr200f:4sQd,7dKc|/9cThTd/Jc:-100,100(-100.000000)
720:BR,Player:0r200c/cc/cc/cc:6sAd,2dAc|/7sTdQs/6d/Tc:300,-300(255.882472)
721:Player,BR:0cc/cc/cr200f:9hKd,6h7s|/4s6c8d/2s:-100,100(-100.000000)
722:BR,Player:0r100c/cc/r400c/cc:6cQd,6hQs|/3sTdQc/7s/Jh:0,-0(549.981653)
723:Player,BR:0cc/cc/cc/cc:7dJh,3sAh|/7h8hKs/8c/Js:100,-100(-39.397456)
724:BR,Player:0cc/cc/cc/cr200f:2h8s,5hKd|/JdKsAc/4d/Qs:-100,100(-100.000000)
725:Player,BR:0cr200c/r300c/cc/cc:TsQd,8sTh|/2s2dKd/As/Td:0,-0(3.964555)
726:BR,Player:0r100c/cc/cc/r400f:7cQs,4s5h|/9cJcAs/3c/8c:200,-200(200.000000)
727:Player,BR:0cr200c/r300c/cr1200f:9sQd,2d4c|/5d7h8s/8h:-600,600(-600.000000)
728:BR,Player:0r100c/cc/r400f:3s7s,ThJh|/2s5d8s/Ac:200,-200(200.000000)
729:Player,BR:0cr200c/cc/cc/cr600f:TcKd,2s7s|/4s9d9c/Jh/8c:-300,300(-300.000000)
730:BR,Player:0cc/cr100c/cc/cc:2cKc,3d6s|/JsAsAd/9h/Tc:200,-200(21.053915)
731:Player,BR:0cr200c/r300c/r600c/cc:4h4c,TsQd|/8s8hQs/2c/6s:-1200,1200(-286.042959)
732:BR,Player:0r200c/cc/cr600f:6d7c,3d4c|/9dTsQc/Tc:-300,300(-300.000000)
733:Player,BR:0cc/cc/r100c/cc:4d8c,7d8h|/5c8sJc/Ks/9c:0,-0(78.488699)
734:BR,Player:0r100c/cr400c/cc/cr2400f:7cAs,7d8c|/5s6hTc/Js/6s:-600,600(-600.000000)
735:Player,BR:0cc/cc/r200c/cc:9cTs,4dKs|/5c6s8d/2c/7s:300,-300(-156.064734)
736:BR,Player:0r100c/cr200c/cr800f:7cAh,7sQs|/8d9sQh/3d:-400,400(-400.000000)
737:Player,BR:0cc/cc/cc/cr200c:8dAc,5c8s|/7c8cJh/7d/Kh:300,-300(-44.348142)
738:BR,Player:0r200c/cc/r600f:6dQd,JsQs|/2h4d7c/Ts:300,-300(300.000000)
739:Player,BR:0cc/cc/cr200f:4sQc,7d9c|/2h6sKc/8s:-100,100(-100.000000)
740:BR,Player:0r200c/cr300c/cc/r1200f:7s7h,6hQh|/3c4d4c/8c/8s:600,-600(600.000000)
741:Player,BR:0cr200c/cc/r300c/cc:8s9s,QcAs|/6d7d9c/Tc/Kd:600,-600(600.000000)
742:BR,Player:0r100c/cc/cr200c/cc:8hJs,JhJc|/3hKcAc/2c/2d:-400,400(-142.983390)
743:Player,BR:0cr200c/r300c/r1200f:5d7d,3h3c|/6dQhAh/Kd:600,-600(600.000000)
744:BR,Player:0cc/cc/r200f:5s6d,4sTh|/8sJdJc/3d:100,-100(100.000000)
745:Player,BR:0cr200c/cc/r300c/cc:JdKd,TcAd|/7c8cKc/6d/Th:600,-600(247.326181)
746:BR,Player:0cc/cr100c/r400c/cr1200f:7sQh,7c9d|/4s5sTc/6c/5d:-600,600(-600.000000)
747:Player,BR:0cr200c/r300c/r600c/cc:7c8c,9sJs|/4hAdAc/8s/8h:1200,-1200(-585.266404)
748:BR,Player:0r200c/cr300c/r1200c/r3600c:5h7s,6h7d|/7h7cQh/Js/5s:5400,-5400(5400.000000)
749:Player,BR:0cr200c/r300c/r600c/r4800f:JcQc,3h5d|/5c6dAs/9c/7c:1200,-1200(1200.000000)
750:BR,Player:0r200c/cc/cr600r1800f:2dAc,4s4h|/3s5dTs/2h:900,-900(900.000000)
751:Player,BR:0cr200c/r300c/r600c/r2400f:7cJc,2dKh|/5sJhJd/6h/9c:1200,-1200(1200.000000)
752:BR,Player:0r100c/cc/r400c/cc:6c8h,5s5c|/4s8s9c/2d/7s:600,-600(373.125771)
753:Player,BR:0cc/cc/cr200c/cr600f:5cTd,KsAc|/2c5d9c/9d/Ah:-300,300(-300.000000)
754:BR,Player:0r200c/cr600c/cr1800f:2h4c,4dTd|/3hQdKh/Ad:-900,900(-900.000000)
755:Player,BR:0cc/cc/cc/r100c:4sJs,8sTc|/8dJhQs/Kc/5d:200,-200(58.762164)
756:BR,Player:0cc/cr200c/r600f:3sKc,9hTd|/3h3c7s/6h:300,-300(300.000000)
757:Player,BR:0cr200c/r300c/r1200f:6cJc,5d9d|/6dThJd/2h:600,-600(600.000000)
758:BR,Player:0r100c/cc/cr400f:9sJh,AsAh|/5s6h8d/Ac:-200,200(-200.000000)
759:Player,BR:0cc/cc/r100f:5cTh,8s9d|/2s5sJd/Ac:100,-100(100.000000)
760:BR,Player:0r200c/cc/cr300c/cr19400f:3sKc,7sQs|/4sThJs/8s/5h:-600,600(-600.000000)
761:Player,BR:0cc/cc/cr200f:4s5h,8hTc|/6d8dAd/Ah:-100,100(-100.000000)
762:BR,Player:0cc/cc/r200f:4hAc,5dTs|/6h6cJd/6d:100,-100(100.000000)
763:Player,BR:0cc/cc/cc/cr200c:3s4h,3hJs|/4dQcAc/8h/Jh:-300,300(-33.742945)
764:BR,Player:0r100c/cr200c/r800f:ThQc,5cKs|/2h3dTs/7c:400,-400(400.000000)
765:Player,BR:0cc/cc/cr200f:3s9h,9sQh|/7sQsKh/4d:-100,100(-100.000000)
766:BR,Player:0r200c/cr600c/r1800f:8cJc,6sKs|/5c7h9c/2h:900,-900(900.000000)
767:Player,BR:0cc/cc/cr200c/cc:5s8h,4hQc|/2h8c9d/Jc/6d:300,-300(290.595437)
768:BR,Player:0r200c/cc/r600c/cr900c:4dKd,7cAh|/8dJsAd/2s/4h:-1800,1800(-863.760595)
769:Player,BR:0cc/cc/r100f:2h6h,4c8c|/2s6sQs/9c:100,-100(100.000000)
770:BR,Player:0cc/cr100c/r400f:2cQd,2sTd|/3cKsKd/Qs:200,-200(200.000000)
771:Player,BR:0cc/cc/cc/cr200f:4dQs,3hAs|/3c5h9c/8s/5d:-100,100(-100.000000)
772:BR,Player:0cc/cr100c/r400c/cr600c:8sQd,4s8c|/2s4hTh/8d/9s:-1200,1200(-595.155054)
773:Player,BR:0cr200c/r600c/r900c/r3600f:2s2c,8s9h|/5c9sQs/Js/Kc:1800,-1800(1800.000000)
774:BR,Player:0cc/cc/cc/cc:3sAs,4dTc|/7h8hKc/Ks/6d:100,-100(60.523926)
775:Player,BR:0cr200c/cc/cc/cr600f:9dQc,5h7d|/2cKdAc/Jd/2h:-300,300(-300.000000)
776:BR,Player:0r100c/cc/r400f:QcKd,4c8c|/5s9dJd/Qd:200,-200(200.000000)
777:Player,BR:0cc/cc/cr200f:2h7d,5s8s|/4c9hKd/9c:-100,100(-100.000000)
778:BR,Player:0r100c/cc/cc/cr400f:3sQd,8sJh|/6d6cKh/4h/Js:-200,200(-200.000000)
779:Player,BR:0cr200c/cc/cr19700f:4dJd,QsAc|/9dJcKd/Ts:-300,300(-300.000000)
780:BR,Player:0r200c/cc/cc/r600f:2h4c,5h7c|/2d6sAs/9d/4h:300,-300(300.000000)
781:Player,BR:0cc/cc/r100c/r200r800c:3cAs,QhKd|/4sJhAc/7d/7h:1200,-1200(1200.000000)
782:BR,Player:0f:2cTs,3d8s|:50,-50(50.000000)
783:Player,BR:0cr200c/r300c/r600c/r1200r4800c:QsKh,JcQd|/6c8hJd/Th/9h:7200,-7200(1869.793711)
784:BR,Player:0r200c/cc/cr600c/cc:TdTc,3s4d|/3d4cAc/6d/Ah:900,-900(838.459863)
785:Player,BR:0cc/cc/r100c/cr400f:5c9d,TdQc|/4s8sKs/7s/6c:-200,200(-200.000000)
786:BR,Player:0r200c/cr600c/cc/r1800f:2d9s,3h7h|/4sQhKc/8c/5d:900,-900(900.000000)
787:Player,BR:0cc/cc/cr200c/cc:7h9s,9cKd|/5s9dJc/3d/Qd:-300,300(-95.722611)
788:BR,Player:0cc/cc/cc/cr100c:4dJh,2hTs|/QsKdAs/Qc/Js:-200,200(-97.587404)
789:Player,BR:0cc/cc/r100c/r200r800c:6sKd,5hJs|/5c8dTd/Kc/8h:1200,-1200(1200.000000)
790:BR,Player:0r200c/cc/cc/cc:4cKd,7s7c|/6s6cQh/Ts/Qs:-300,300(-94.121524)
791:Player,BR:0cr200c/r300c/cc/cc:5dQd,8cAs|/5h7dQc/2s/4c:600,-600(114.981030)
792:BR,Player:0r100c/cc/cc/cc:6sAc,2s2d|/8sThKd/5d/4c:-200,200(-180.263973)
793:Player,BR:0cc/cc/cr200f:3d4s,4h9d|/6c7d8s/Ad:-100,100(-100.000000)
794:BR,Player:0r200c/cc/cc/cc:8dTc,8sAc|/JhQsKh/3h/4s:-300,300(-229.198299)
795:Player,BR:0cc/cc/cr200f:7cKd,3c7s|/2cJhQh/5s:-100,100(-100.000000)
796:BR,Player:0r200c/cr600c/r1800c/cc:8d9d,KdKc|/4hThJd/Qh/5d:2700,-2700(2502.262063)
797:Player,BR:0cr200c/r300c/cc/cc:7cKc,2h8c|/2c4d9s/Td/5h:-600,600(66.797988)
798:BR,Player:0f:5d7h,2d9s|:50,-50(50.000000)
799:Player,BR:0cc/cc/r100c/cc:7s9h,9dKh|/3dTsAd/7c/4h:200,-200(137.626551)
800:BR,Player:0r200c/cc/r600c/r1800c:TcQh,6d8h|/3d6hTh/5d/8c:-2700,2700(562.870169)
801:Player,BR:0cc/cc/cr200c/cc:3c4d,4sTh|/3h4h9h/6d/Ad:300,-300(95.870417)
802:BR,Player:0r100c/cr200c/cr800f:4hJc,3dAc|/7c8dKd/Qc:-400,400(-400.000000)
803:Player,BR:0cr200c/r300c/cr1200r1800f:3s3c,8sJs|/2c3h6h/2d:1800,-1800(1800.000000)
804:BR,Player:0r100c/cr400c/cr1200c/cc:4cQh,JhKs|/5cThQc/3d/Js:1800,-1800(730.156289)
805:Player,BR:0cc/cc/cr200c/cc:2d9d,4s9h|/9sTsTd/8d/4d:300,-300(-133.942308)
806:BR,Player:0r200c/cc/cc/cr300c:4cQh,8dJc|/2s4dAc/Jh/Tc:-600,600(-287.080790)
807:Player,BR:0cc/cc/r100c/cc:8cAd,6dTs|/2hTcAh/9h/3h:200,-200(136.700462)
808:BR,Player:0r200c/cr300c/cc/cc:4s4h,2s3s|/3dKhAc/Kd/Qs:600,-600(168.504366)
809:Player,BR:0cc/cc/r100f:6dAh,2h7s|/5c6cJc/9s:100,-100(100.000000)
810:BR,Player:0cc/cr100c/cc/cc:7sJh,5c7h|/5d6s9c/As/Tc:-200,200(-171.605999)
811:Player,BR:0cc/cc/cr200f:2cKd,QdAd|/4s5sQs/5d:-100,100(-100.000000)
812:BR,Player:0r200c/cr300c/r1200f:JhAh,3h4c|/3c9dAd/Th:600,-600(600.000000)
813:Player,BR:0cr200c/cc/cr600f:3c5c,9dKs|/2d8sKd/2s:-300,300(-300.000000)
814:BR,Player:0cc/cc/cc/cc:4cQc,4dAs|/2c7d9h/2s/5s:-100,100(-36.910008)
815:Player,BR:0cc/cc/cr200c/cc:8h9c,9s9d|/3s8cJh/Qh/6d:-300,300(-2.519841)
816:BR,Player:0f:5sKs,2c7d|:50,-50(50.000000)
817:Player,BR:0cr200c/r300c/r600c/r1200c:TcKs,9sAs|/4s5dKh/9c/2h:2400,-2400(1060.628867)
818:BR,Player:0r100c/cr200c/cr400c/r1600r17600f:8hTd,4cAc|/2cTsQd/Ad/Th:-2400,2400(-2400.000000)
819:Player,BR:0cc/cc/cr200f:5h8c,6s8d|/7sKsKc/2h:-100,100(-100.000000)
820:BR,Player:0r200c/cc/cc/cc:6sAd,6d7d|/3hJcQs/4h/Td:300,-300(-34.108472)
821:Player,BR:0cc/cc/cr200c/cc:9hQc,3c5c|/8dTsKh/2s/Jd:300,-300(300.000000)
822:BR,Player:0cc/cc/cr100c/r400f:7dAd,3s3d|/2h5cQd/9h/As:200,-200(200.000000)
823:Player,BR:0cc/r100c/cc/cr400f:6cKh,8cJc|/7cJsAs/3s/4h:-200,200(-200.000000)
824:BR,Player:0r100c/cr400c/r1200f:QdKc,4hTh|/7c8hQs/6c:600,-600(600.000000)
825:Player,BR:0cc/cc/cr200c/cr600f:5dTc,2hKc|/JdKsAd/2d/7s:-300,300(-300.000000)
826:BR,Player:0r100c/cr200c/r19600f:2s4h,7dTc|/2d2c9c/4s:400,-400(400.000000)
827:Player,BR:0cc/cc/r100c/cc:6dQh,2sTh|/9sTsAd/8d/Jc:200,-200(135.248200)
828:BR,Player:0cc/cr200c/cr600r1800f:5hQd,TdAs|/2s7dAc/4d:900,-900(900.000000)
829:Player,BR:0cr200c/r600c/cc/r3600f:QcKs,4s5s|/5h9hTd/7h/4h:900,-900(900.000000)
830:BR,Player:0cc/cc/cc/cc:7s9d,4d8s|/3d7cJs/Tc/4c:100,-100(92.215691)
831:Player,BR:0cr19900c/cc/cc/cc:2h5c,5hJc|/9s9h9c/Kc/8c:-20000,20000(12971.285669)
832:BR,Player:0cc/cr200c/cc/cc:4dKc,2hTs|/7h9sJs/Jd/Ah:300,-300(218.682520)
833:Player,BR:0cc/cc/cr200f:3d8c,4dAc|/4c9d9c/Kd:-100,100(-100.000000)
834:BR,Player:0r100c/cc/cc/cc:2d5s,2sTs|/5h6dQd/Kc/8s:200,-200(65.829678)
835:Player,BR:0cc/cc/cc/r100c:5d7s,6dAh|/5h8cTd/3h/6c:-200,200(-91.888556)
836:BR,Player:0cc/cc/r200f:8d9d,6hJc|/2d7d8h/7h:100,-100(100.000000)
837:Player,BR:0cc/cc/cr200r600f:3h4d,8d9s|/2c7s7c/Ac:300,-300(300.000000)
838:BR,Player:0cc/cc/r200c/cc:3sJd,6cJh|/2d3hAs/6s/Kc:-300,300(38.869011)
839:Player,BR:0cc/cc/cr200f:8sKd,4sAd|/2s3h6h/5c:-100,100(-100.000000)
840:BR,Player:0cc/cr100c/cc/cr400f:5hKs,9cKd|/6c9sJd/2h/3d:-200,200(-200.000000)
841:Player,BR:0cc/cc/r200c/cc:7sJh,8dAd|/3d9hTh/3h/7c:300,-300(214.763947)
842:BR,Player:0r100c/cc/r400c/cc:7dJc,7hTs|/3s6sTh/3c/Ac:-600,600(-596.970209)
843:Player,BR:0cc/cc/r200c/cr600c:2d7d,JdQc|/3s9cKd/4d/7h:900,-900(900.000000)
844:BR,Player:0r200c/cc/r600f:JdJc,7hKc|/9sJsAs/Ts:300,-300(300.000000)
845:Player,BR:0cc/cc/cr200c/cc:5cKh,3sKs|/4dQsKd/Jc/Ad:0,-0(-93.486303)
846:BR,Player:0r200c/cc/cc/cc:8s9d,7dKs|/4hKhAd/Qs/Ts:-300,300(-263.288431)
847:Player,BR:0cr200c/r300c/r1200c/r1800r7200f:QhKc,7hAd|/8d9cKd/3s/2d:-3600,3600(-3600.000000)
848:BR,Player:0r200c/cc/r600f:3dAh,6cJc|/7d9dQs/As:300,-300(300.000000)
849:Player,BR:0cr200c/r300c/cc/cr1200r3600f:6d8d,7s7c|/3d6sQd/8h/5s:1800,-1800(1800.000000)
850:BR,Player:0cc/cr100c/cc/cr400f:4s5c,4c9d|/4d7dQd/Ac/3d:-200,200(-200.000000)
851:Player,BR:0cr200c/cc/cc/cr600c:5hQh,5dQc|/3d3cKh/8s/5c:0,-0(-21.614467)
852:BR,Player:0r200c/cc/r600f:4d7h,9hTh|/2d3dKs/6s:300,-300(300.000000)
853:Player,BR:0cr200c/cc/r600c/cr1800c:TdKd,2sQc|/6sJsKs/4d/Jd:2700,-2700(2692.863274)
854:BR,Player:0r200c/cr300c/cr1200c/cr18200f:4d9c,7hAc|/5s8cKd/9d/Qs:-1800,1800(-1800.000000)
855:Player,BR:0cr200c/cc/cc/cr600f:3hQh,4hTd|/5h8c9s/As/Ac:-300,300(-300.000000)
856:BR,Player:0r200c/cc/cc/r600f:3d5h,6s8s|/3c7dJc/Td/5s:300,-300(300.000000)
857:Player,BR:0cr200c/cc/cc/r600c:5s6c,3d9h|/9cThAd/7c/8s:900,-900(295.978424)
858:BR,Player:0r200c/cr600c/cc/cr900f:2hJd,3sKc|/3c9cTs/4c/Js:-900,900(-900.000000)
859:Player,BR:0cc/cc/cr19900f:5dKh,ThQs|/4d9sTc/Ts:-100,100(-100.000000)
860:BR,Player:0r200c/cr600c/cr1800f:6h9d,3s8s|/ThTdJs/Qh:-900,900(-900.000000)
861:Player,BR:0cc/cc/cc/cc:2h6s,8cJc|/4dQcAh/Qs/7d:-100,100(-21.958644)
862:BR,Player:0cc/cr100c/cr200c/cr800f:2c6s,7cAd|/2d7dJh/3h/Js:-400,400(-400.000000)
863:Player,BR:0cc/r100c/r200c/r400r1600f:2c9d,4s5d|/2s2hAh/Js/3s:-800,800(-800.000000)
864:BR,Player:0cc/cc/cr100c/cc:9hKs,6h7s|/QhQdAd/Tc/Kc:200,-200(48.967717)
865:Player,BR:0cc/cc/cc/r100c:7hQh,3hTs|/3sQsQd/Jd/6s:200,-200(76.638242)
866:BR,Player:0r200c/cr300c/cr1200f:5cQd,3sAc|/7c8sKs/6d:-600,600(-600.000000)
867:Player,BR:0cc/cc/cr200c/cc:6sKc,TdQh|/3h3d7h/Tc/7c:-300,300(-95.788564)
868:BR,Player:0r200c/cc/r600f:5cKs,8s8d|/6sTcKc/Ah:300,-300(300.000000)
869:Player,BR:0cc/cc/cr200f:3c6h,TsKc|/4dJhKs/4c:-100,100(-100.000000)
870:BR,Player:0r100c/cc/cc/cc:2sQs,9sTd|/4h5dAh/9h/Kc:-200,200(-165.072686)
871:Player,BR:0cr200c/r300c/r600c/cr2400f:TcJc,5cAs|/2c4s4d/6h/Ah:-1200,1200(-1200.000000)
872:BR,Player:0r100c/cr400c/r1200r3600c/cr10800f:7sAs,2c3c|/5s6s9c/Jc/7c:-5400,5400(-5400.000000)
873:Player,BR:0cc/cc/r200c/r600r1800f:5sJc,TdTc|/3c4c8c/Ad/Kc:-900,900(-900.000000)
874:BR,Player:0r200c/cc/cc/cr300r1200f:3c4h,JdJc|/4c5sKc/5h/6d:600,-600(600.000000)
875:Player,BR:0cc/cc/cr200f:2c3s,KcAc|/8hTsQc/Ah:-100,100(-100.000000)
876:BR,Player:0r200c/cc/cc/cc:4s7c,6dAc|/3hThJd/3c/Td:-300,300(-266.275315)
877:Player,BR:0cc/cc/r100c/r200r800c:2d7s,7dQh|/2hKhKd/Kc/4s:1200,-1200(1200.000000)
878:BR,Player:0cc/cr100c/r400c/r19400f:QhQc,4s6h|/4c6sQd/7h/7c:600,-600(600.000000)
879:Player,BR:0cr200c/r300c/r600c/cr2400c:JhAc,6hAs|/6cThKc/5c/Ah:-3600,3600(-1375.391755)
880:BR,Player:0cc/cr200c/r19700f:9hTh,7dAs|/7c8sJd/2s:300,-300(300.000000)
881:Player,BR:0cc/cc/cc/cc:2cQd,5h6h|/5c9hTd/8d/As:-100,100(-29.784611)
882:BR,Player:0r200c/cr600c/cc/r1800c:3hJc,TcJs|/4d8sTs/Qc/7c:-2700,2700(-2700.000000)
883:Player,BR:0cc/cc/cr200c/cc:5d8s,4sJd|/5h9dAs/2h/8d:300,-300(299.274703)
884:BR,Player:0cc/cr200c/cr300r1200c/cc:8sQs,3sJd|/2h4c6s/5h/9c:-1800,1800(-1800.000000)
885:Player,BR:0cr200c/r300c/cr1200c/r1800f:7d9h,2hKh|/3c9sJd/8c/Ts:1800,-1800(1800.000000)
886:BR,Player:0cc/cc/cr200c/cc:4hKd,3s5c|/2s7s8c/6s/5h:300,-300(224.479462)
887:Player,BR:0cc/cc/r200c/r600f:6dQs,ThAd|/3h7hQh/6s/8d:300,-300(300.000000)
888:BR,Player:0r200c/cr600c/cc/cc:KhAd,6dAs|/2s7c8d/4h/4s:900,-900(393.969523)
889:Player,BR:0cc/cc/cr200c/cc:4cQs,3h8d|/2cQcKs/Kh/7d:300,-300(300.000000)
890:BR,Player:0f:6sQd,2h5s|:50,-50(50.000000)
891:Player,BR:0cr200c/cc/r300c/cr1200c:6d9d,3d8h|/7s8s9s/7d/Th:1800,-1800(1800.000000)
892:BR,Player:0r200c/cr300c/r1200f:5h9h,5d8s|/2d4d4c/9c:600,-600(600.000000)
893:Player,BR:0cc/cc/r100r400f:3cTc,5c7h|/4hQcAh/3d:-200,200(-200.000000)
894:BR,Player:0r100c/cc/cr200c/cr800f:QhKc,8cAc|/4dTcAd/7h/6d:-400,400(-400.000000)
895:Player,BR:0cc/cc/cr200r300f:9cAs,5s6s|/8h9hKd/9s:300,-300(300.000000)
896:BR,Player:0r200c/cr600c/cr900c/cc:3dKs,JhJc|/8cJsAc/2c/9c:-1800,1800(-1757.471681)
897:Player,BR:0cr200c/r300c/r600c/cr2400r16400f:7h8s,8h8c|/2d7d7c/Jd/5d:3600,-3600(3600.000000)
898:BR,Player:0f:2d4d,2c9h|:50,-50(50.000000)
899:Player,BR:0cr100c/r200c/r400r1600f:TcAd,2h7h|/3h4sKs/Th:-800,800(-800.000000)
900:BR,Player:0cc/cc/r200c/r600f:8h9c,3c9s|/5h9dAs/8s/4c:300,-300(300.000000)
901:Player,BR:0cr200c/cc/cr600c/cc:KcAc,8dJh|/7h9cJs/Ks/2c:900,-900(-129.391358)
902:BR,Player:0r100c/cc/cc/r400f:8cTc,8dQs|/2h4d5s/9c/6d:200,-200(200.000000)
903:Player,BR:0cr200c/cc/r300r1200f:5s7c,KhAs|/4h4d9c/Kc:-600,600(-600.000000)
904:BR,Player:0r100c/cr200c/r800c/cc:2h5c,ThTc|/7d7c8h/6c/Ah:-1200,1200(-1200.000000)
905:Player,BR:0cc/cc/r100r400f:2s9d,7hTs|/3s7s7d/Qd:-200,200(-200.000000)
906:BR,Player:0r200c/cc/cr300f:8hTh,6c7s|/3c9sAc/5s:-300,300(-300.000000)
907:Player,BR:0cr200c/cc/cc/cc:TdAd,3d6h|/4s8s9c/Kh/Ks:300,-300(281.152610)
908:BR,Player:0cc/cr100c/cr400c/cr1200f:6d6c,3h4s|/5s7dTs/Qd/5c:-600,600(-600.000000)
909:Player,BR:0cr200c/cc/cr600c/cc:KsKc,7hKh|/3s4h5s/Tc/7c:900,-900(548.248535)
910:BR,Player:0r100c/cr200c/r800c/r18800f:4d9s,JcAd|/2d6sAs/5h/7d:1200,-1200(1200.000000)
911:Player,BR:0cc/cc/cr200f:4c8d,8hQh|/3d6dQs/9c:-100,100(-100.000000)
912:BR,Player:0r200c/cr300c/r1200f:QdAh,6sTd|/4h8sAc/2d:600,-600(600.000000)
913:Player,BR:0cc/cc/r200c/cc:7d9s,3sKh|/2c8sJh/2h/Td:300,-300(54.142352)
914:BR,Player:0cc/cc/r200f:3h5c,2cJd|/6h8dTh/4s:100,-100(100.000000)
915:Player,BR:0cr200c/cc/r300c/cr1200f:3s6s,3hKs|/8hQdQc/2h/7s:-600,600(-600.000000)
916:BR,Player:0r100c/cr200c/r800f:9hAh,8sJc|/2h6cAs/5d:400,-400(400.000000)
917:Player,BR:0cc/cc/r100c/cc:2s6d,5sKd|/7s8cTc/9s/Ts:200,-200(45.035968)
918:BR,Player:0r200c/cc/r600f:TcQh,4hJc|/8hQdKc/9h:300,-300(300.000000)
919:Player,BR:0cr200c/cc/cc/cc:7hAd,3d8d|/2cJsQs/Qc/9d:300,-300(219.791925)
920:BR,Player:0cc/cc/cc/cc:3h5s,2s2c|/5dJcAc/Td/Kd:100,-100(-45.583098)
921:Player,BR:0cc/cc/cc/cr200f:4hTs,4sJh|/2c7dQc/3d/2h:-100,100(-100.000000)
922:BR,Player:0cc/cr200c/r600f:5h8s,4hJd|/2c4sQs/Ks:300,-300(300.000000)
923:Player,BR:0cc/cc/cr200c/cc:7dQh,6d8h|/4d9cAh/Qc/Ad:300,-300(297.029069)
924:BR,Player:0r100c/cc/cc/cc:6s6h,7cQd|/3s9sKh/2h/3d:200,-200(174.255993)
925:Player,BR:0cr200c/cc/r300r1200f:7dAs,QsQd|/3h6cQc/7c:-600,600(-600.000000)
926:BR,Player:0cc/cc/r200f:2d3s,4h7c|/9sTsAh/5d:100,-100(100.000000)
927:Player,BR:0cc/cc/r200r600f:2h3d,5h7d|/4d6cJh/Kh:-300,300(-300.000000)
928:BR,Player:0r200c/cc/cr300c/cc:9dJs,2dKd|/5sKsAh/9h/Qd:-600,600(-171.767469)
929:Player,BR:0cr200c/r300c/cr1200c/cc:9d9c,JsQc|/2c7cKd/Jd/6c:-1800,1800(-162.648230)
930:BR,Player:0cc/cc/cc/r200f:3h9d,2h8h|/8sQhAs/9s/3d:100,-100(100.000000)
931:Player,BR:0cr200c/cc/cc/cr600r1800f:7cAc,TsTc|/9cJcAd/Qs/Kc:900,-900(900.000000)
932:BR,Player:0r100c/cr200c/cr800f:3cKh,6hQd|/4dTcJs/As:-400,400(-400.000000)
933:Player,BR:0cc/cc/cr200f:2dJh,4c8c|/9dQcAh/9c:-100,100(-100.000000)
934:BR,Player:0r100c/cr400c/r19400f:6d8c,3hAd|/3c6h8d/6s:600,-600(600.000000)
935:Player,BR:0cc/cc/cr200f:6dJs,5h9d|/2s8sTc/Ad:-100,100(-100.000000)
936:BR,Player:0r200c/cc/cc/cc:7cQc,5h6h|/8dTsAh/3c/Jd:300,-300(-240.517470)
937:Player,BR:0cc/cc/cr19900f:8c9d,8dKs|/3d8sKh/5s:-100,100(-100.000000)
938:BR,Player:0cc/cr100c/cc/cc:4dAh,4h9c|/2d8h8d/Kd/6s:200,-200(43.914317)
939:Player,BR:0cc/cc/cc/cr200c:5sQs,3s4d|/2dTcQc/4c/Td:300,-300(-125.030453)
940:BR,Player:0r200c/cc/cc/cr600r1800c:9cJh,7cKd|/2d4dKh/Jd/Qs:-2700,2700(-2700.000000)
941:Player,BR:0cr200c/r300c/cc/cr1200f:JdQd,3s7s|/5h6sAd/3d/7h:-600,600(-600.000000)
942:BR,Player:0cc/cc/r200c/r600f:9dKs,TsJd|/5s8d9h/4c/5h:300,-300(300.000000)
943:Player,BR:0cc/cc/cr200f:2cKs,2s9c|/2h5c6h/7h:-100,100(-100.000000)
944:BR,Player:0r200c/cc/cc/cc:7sJh,5hTs|/7cThKc/6d/9s:-300,300(121.617799)
945:Player,BR:0cc/cc/cc/cr200f:5cAd,3s7c|/3h4s4d/8h/7s:-100,100(-100.000000)
946:BR,Player:0r200c/cr300c/r1200c/r3600c:9dTs,3h9h|/2c3s9s/6h/7s:-5400,5400(-1513.715825)
947:Player,BR:0cr200c/cc/r300c/r600r2400f:JdKs,4s8h|/4d7cJs/3d/7d:-1200,1200(-1200.000000)
948:BR,Player:0r200c/cr300c/r1200f:2s4h,3h7h|/9sTcJs/Ks:600,-600(600.000000)
949:Player,BR:0cr200c/cc/cc/r300r1200f:8sKd,3hAd|/8dJhQc/7h/4c:-600,600(-600.000000)
950:BR,Player:0cc/cc/r200c/r600c:6sQh,4sQs|/7s9hQd/3h/2s:900,-900(662.091044)
951:Player,BR:0cc/cc/cr200f:TdQs,5h8d|/3c4hJd/Jc:-100,100(-100.000000)
952:BR,Player:0r100c/cc/cc/cc:8s9c,2s2d|/6h9dJh/As/7h:200,-200(174.242931)
953:Player,BR:0cr200c/r300c/cr1200f:TsQs,TdJh|/4c5h9h/6h:-600,600(-600.000000)
954:BR,Player:0r100c/cc/r400c/cr600r2400f:6cTd,9d9c|/2h2cQc/Tc/7c:1200,-1200(1200.000000)
955:Player,BR:0cc/cc/cr200f:7sQh,4hTc|/2cTdJh/3d:-100,100(-100.000000)
956:BR,Player:0r100c/cc/r400c/cr1200c:3sQd,TsKd|/7h8hTh/Qc/Kc:-1800,1800(-591.753825)
957:Player,BR:0cc/cc/cc/r200f:3hTh,3d6c|/6d7h9s/8s/2c:100,-100(100.000000)
958:BR,Player:0cc/cc/r200f:9cTc,3hJd|/3s4d7c/5c:100,-100(100.000000)
959:Player,BR:0cc/cc/cr200f:2cKh,7d8h|/4dTcJc/6c:-100,100(-100.000000)
960:BR,Player:0r100c/cr200c/cc/r800f:3h7h,5h7c|/4dKsKc/Th/2s:400,-400(400.000000)
961:Player,BR:0cc/cc/cr200f:3sQh,7cJh|/7hTcAh/As:-100,100(-100.000000)
962:BR,Player:0r200c/cc/r600f:7d9s,5dAc|/2dTcQh/6s:300,-300(300.000000)
963:Player,BR:0cc/cc/r100c/cc:5cJd,ThKs|/2s3h7s/4c/7h:-200,200(3.301677)
964:BR,Player:0r100c/cr400c/cr1200f:5hKh,2sKd|/4s9sAh/3d:-600,600(-600.000000)
965:Player,BR:0cr200c/r300c/cr1200f:9sAs,5d6s|/4sQdKh/3c:-600,600(-600.000000)
966:BR,Player:0cc/cc/r19900f:8cKs,9cJh|/3s7sAs/Js:100,-100(100.000000)
967:Player,BR:0cr200c/r300c/cr1200f:9dQh,5s8c|/4d5d7d/3c:-600,600(-600.000000)
968:BR,Player:0cc/cc/cc/cc:JsAc,8hQs|/2s2cTd/5s/7d:100,-100(67.253406)
969:Player,BR:0cr200c/r300c/cr1200f:ThJs,3d7d|/9dJdQd/Ad:-600,600(-600.000000)
970:BR,Player:0r200c/cr300c/cr1200c/cc:TsAc,7cKh|/8cQsKd/5s/6d:-1800,1800(-1345.983571)
971:Player,BR:0cr19900c/cc/cc/cc:KcAs,2c8h|/5sTsQs/9s/6d:20000,-20000(19589.731490)
972:BR,Player:0cc/cr100c/cc/r400f:2hJs,4s8c|/3h4hTs/Kc/Ac:200,-200(200.000000)
973:Player,BR:0cc/cc/cc/r100c:8h9c,6h6d|/5hJdQh/8c/Jc:200,-200(-21.937655)
974:BR,Player:0cc/cr200c/r600f:8cTc,2cQs|/2s4h6d/6s:300,-300(300.000000)
975:Player,BR:0cc/cc/cr200c/cr600c:6cQd,6dQh|/2h8s8h/6h/5s:0,-0(-378.383892)
976:BR,Player:0cc/cc/r200f:9dQh,6c7s|/JdQcKd/8d:100,-100(100.000000)
977:Player,BR:0cr200c/r300c/cr1200f:8cTd,5d7c|/2s9sAh/Qd:-600,600(-600.000000)
978:BR,Player:0cc/cr200c/cr600f:9hJc,TcJh|/2s3d7c/2h:-300,300(-300.000000)
979:Player,BR:0cc/cc/r200f:2h6h,8h9s|/3h5dQc/5s:100,-100(100.000000)
980:BR,Player:0f:8d8c,3d9s|:50,-50(50.000000)
981:Player,BR:0cr200c/r300c/r600c/cr2400c:ThJs,4sQh|/2h5hQc/9h/3h:-3600,3600(-1762.258906)
982:BR,Player:0r200c/cr600c/cr1800r5400f:5c7d,6d9h|/3h7cTd/4d:2700,-2700(2700.000000)
983:Player,BR:0cr200c/r300c/cr1200f:3dKd,7s9d|/2sJsQc/Qs:-600,600(-600.000000)
984:BR,Player:0r100c/cr200c/cr400c/cc:5d7d,9dTh|/3sTsTc/5s/Ks:-800,800(-673.096081)
985:Player,BR:0cc/cc/cc/cc:4sAd,5cKd|/3c7h9c/3s/4d:100,-100(6.234491)
986:BR,Player:0r200c/cc/r600f:6hQs,2s5s|/4h6cAh/Qd:300,-300(300.000000)
987:Player,BR:0cc/cc/cr200f:3s4h,7cQs|/4d9cTd/5c:-100,100(-100.000000)
988:BR,Player:0f:4h6s,3d9h|:50,-50(50.000000)
989:Player,BR:0cr200c/cc/r300r1200f:3cQc,TsKs|/4dTdAh/Jc:-600,600(-600.000000)
990:BR,Player:0r200c/cc/cc/cc:9sJh,8dAs|/2h3sTh/Ts/4c:-300,300(-284.157455)
991:Player,BR:0cc/cc/cc/r100r400f:3d4h,TcKd|/2h3hTh/Jh/Ac:-200,200(-200.000000)
992:BR,Player:0r100c/cr400c/r1200c/r3600c:4d8c,5cTc|/2c4c8s/Jc/Kh:-5400,5400(398.053076)
993:Player,BR:0cc/cc/cc/cc:2s9s,4c8c|/8hQhQc/Kh/Th:-100,100(-3.736815)
994:BR,Player:0r100c/cr200c/r800f:JcKc,3c5s|/4dQsKh/Jh:400,-400(400.000000)
995:Player,BR:0cc/cc/r100c/cc:2h8s,8cTc|/6h8h9c/Ks/Qc:-200,200(-39.551600)
996:BR,Player:0r200c/cc/r600c/cr900c:8hTc,JdAs|/7s7dAd/5c/7c:-1800,1800(-880.214308)
997:Player,BR:0cc/cc/r200c/r300r1200c:ThQc,8c9d|/2s7c8s/Tc/8d:-1800,1800(-1431.808640)
998:BR,Player:0r200c/cc/r600c/cr1800c:3h7c,8dAs|/5d5c7h/3c/4h:2700,-2700(-866.522979)
999:Player,BR:0cc/cc/cc/cr200f:2hKc,2d7c|/6d7h9h/Qd/3c:-100,100(-100.000000)
1000:BR,Player:0r200c/cr300c/r1200c/cr1800c:TdJd,9cAh|/3s9h9d/6d/Qh:-3600,3600(-1698.153143)
RAW BR STATS: n=1000, sum=-53400.000000, sum_sq=3967870000.000000, vr_sum=-57975.634859, vr_sum_sq=2493982782.096749
BR STATS: -53.400000(123.418049), -57.975635(97.816011)
RESULTS
1)Player: 53400
2)BR: -53400
