In config file: GAME_DEF=game_def.fullholdem
In config file: ACTIONS_R0=C
In config file: ACTIONS_R1=C
In config file: ACTIONS_R2=F,C,1,A
In config file: ACTIONS_R3=F,C,1,A
Using seed 12.
1:Player,BR:0cr200c/r600c/cr19100f:4d7d,9cJd|/3s6d9s/Jh:-900,900(-900.000000)
2:BR,Player:0r200c/cc/r19700c/cc:7hKh,8cKd|/6sJcKc/7d/4d:20000,-20000(14147.753573)
3:Player,BR:0cc/cc/r200c/r600f:4dKh,3sQs|/4sThQh/4h/As:300,-300(300.000000)
4:BR,Player:0r200c/cc/cr600f:5dTc,7dJs|/3h8hQd/4s:-300,300(-300.000000)
5:Player,BR:0cr200c/cc/cc/cr600c:9dQd,KsAh|/2sJcQs/Jd/Ac:-900,900(-882.553794)
6:BR,Player:0r200c/cr600c/cc/cc:JcAd,5s7s|/2h4h7h/As/Kh:900,-900(348.276219)
7:Player,BR:0cr200c/cc/cc/r600r1800f:6c9c,4hQh|/7sKsKd/3c/4c:-900,900(-900.000000)
8:BR,Player:0r200c/cr600c/r1800c/r5400f:3d6s,9cKh|/7h8sKd/7d/4s:2700,-2700(2700.000000)
9:Player,BR:0cc/cc/cr200c/cr600c:3cAh,9dAs|/9sTsTd/Th/7h:-900,900(-269.438867)
10:BR,Player:0cc/cc/cc/cc:2hAd,6hJc|/4c8hQd/4s/4h:100,-100(70.447512)
11:Player,BR:0cr200c/cc/r600r1800c/cr5400f:QsQd,JcAd|/3c4hJh/7c/8d:-2700,2700(-2700.000000)
12:BR,Player:0r200c/cc/cc/cc:6hKh,6d7c|/6sJsQh/4c/2d:300,-300(272.471414)
13:Player,BR:0cc/cc/cr200f:5cJd,5s8h|/6h9cKc/8d:-100,100(-100.000000)
14:BR,Player:0f:JhQs,2s7h|:50,-50(50.000000)
15:Player,BR:0cc/cc/cc/r200c:5d9c,6cKd|/2h4hAc/Th/Td:-300,300(99.686957)
16:BR,Player:0r200c/cr600c/r1800c/r5400c:2d5d,9dJh|/4h6dTd/Jd/9c:8100,-8100(6969.134303)
17:Player,BR:0cr200c/r600c/cc/r1800f:6hJh,TcAc|/3d4hKs/4s/7s:900,-900(900.000000)
18:BR,Player:0cc/cc/r200c/r600c:2s8c,TcQs|/2h7h9s/8s/Qd:900,-900(758.451105)
19:Player,BR:0cr200c/cc/r600c/cc:2dAd,TsTh|/3s9dAs/8s/5c:900,-900(28.320342)
20:BR,Player:0r200c/cc/r600c/cc:JcKs,9s9h|/3sKhAh/4h/3c:900,-900(62.601397)
21:Player,BR:0cc/cc/cc/r200f:8dTc,3dTs|/4dKhAh/9h/4h:100,-100(100.000000)
22:BR,Player:0cc/cr200c/cr600r1800f:3hKs,6sJh|/2c5s9s/Ts:900,-900(900.000000)
23:Player,BR:0cr200c/cc/r600f:5c8c,6d7c|/3h4dJs/As:300,-300(300.000000)
24:BR,Player:0r200c/cc/r600c/r1800f:7cKh,8cAd|/6cKsKd/Td/8d:900,-900(900.000000)
25:Player,BR:0cc/cc/r200r600f:3s9h,2h4h|/6hTdJc/8h:-300,300(-300.000000)
26:BR,Player:0r200c/cc/r600c/cr1800f:7dQc,2c5c|/2s3d6d/4d/Jc:-900,900(-900.000000)
27:Player,BR:0cr200c/cc/cr600c/cr1800f:5sKs,8hAd|/3s4hAc/7d/Td:-900,900(-900.000000)
28:BR,Player:0cc/cr200c/r600c/cr1800c:7d9c,7s7c|/7hJcQs/9d/Ah:-2700,2700(-828.918051)
29:Player,BR:0cc/cc/cc/cc:4s8c,8hAs|/6hQsQd/4d/Kc:100,-100(-22.420724)
30:BR,Player:0f:9cJh,3d9s|:50,-50(50.000000)
31:Player,BR:0cc/cc/r200c/cc:5dTs,9dTd|/2c8sAs/8c/3s:-300,300(217.196238)
32:BR,Player:0r200c/cc/cr600c/cr1800f:4h6h,AsAc|/3h6cKs/8d/3d:-900,900(-900.000000)
33:Player,BR:0cc/cc/r200c/cr600f:6dAh,9sTs|/7sTdAd/Ks/Th:-300,300(-300.000000)
34:BR,Player:0r200c/cc/cc/r600c:4d9c,5d7h|/5h6d7s/Qc/8c:900,-900(840.549318)
35:Player,BR:0cc/cc/cr200c/cr600f:4c6d,4d7d|/6cQsQh/7s/3c:-300,300(-300.000000)
36:BR,Player:0cc/cc/cc/cc:4dJc,ThKs|/2h8cAc/9s/6s:-100,100(-85.234553)
37:Player,BR:0cc/cc/cr200f:2h8d,4h6d|/2cKhAh/Js:-100,100(-100.000000)
38:BR,Player:0r200c/cc/r600f:7dAh,5dJc|/6s7sQs/Qd:300,-300(300.000000)
39:Player,BR:0cc/cc/r200r600f:2c8h,TsKs|/6c9cTd/Tc:-300,300(-300.000000)
40:BR,Player:0r200c/cc/r600c/cc:3s9h,9dKh|/8sQsQh/9c/5h:-900,900(582.630370)
41:Player,BR:0cc/cc/cr200c/cr600f:2dTs,6cAs|/5s8dTd/Ah/9h:-300,300(-300.000000)
42:BR,Player:0r200c/cc/cr600f:2h5h,9dTh|/8dJsQc/Ah:-300,300(-300.000000)
43:Player,BR:0cc/cc/r200c/r600f:5dJd,8s8d|/5s5hTd/Kh/Jc:300,-300(300.000000)
44:BR,Player:0r200c/cc/r600f:2c4c,6h7h|/7sThKc/5c:300,-300(300.000000)
45:Player,BR:0cc/cc/cr200f:2d4s,3s8d|/7cQdAs/Ad:-100,100(-100.000000)
46:BR,Player:0r200c/cr600c/r1800f:9cQc,TdJs|/2d7cKh/5c:900,-900(900.000000)
47:Player,BR:0cc/cc/cc/r200f:5h8s,7h9h|/2hKsAd/9s/3h:100,-100(100.000000)
48:BR,Player:0cc/cr200c/cc/cr600c:KhAd,4s9c|/4h7dQh/4c/Qd:-900,900(-293.768207)
49:Player,BR:0cc/cc/cc/cc:5dJd,4dJc|/7h8s8d/5c/Kc:100,-100(54.224197)
50:BR,Player:0cc/cr200c/r600c/cc:5s9d,4s7s|/3h4cTs/Ac/3s:-900,900(-890.412929)
51:Player,BR:0cr200c/r600c/cr1800f:TcKc,5c8h|/7hJhKd/4h:-900,900(-900.000000)
52:BR,Player:0cc/cc/cc/r200c:2hAc,6dJs|/4dJcQc/8s/Ah:300,-300(204.396094)
53:Player,BR:0cr200c/r600c/cc/cc:4hQh,3s7d|/3h5h7h/4c/Jc:900,-900(-501.847196)
54:BR,Player:0f:9cTd,3d7s|:50,-50(50.000000)
55:Player,BR:0cc/cc/r200c/r600f:8sAd,9dJs|/6sTdTc/8c/Th:300,-300(300.000000)
56:BR,Player:0r200c/cc/r600f:8dTs,4d5d|/9hJdQc/Th:300,-300(300.000000)
57:Player,BR:0cr19900c/cc/cc/cc:TdTc,8dJh|/4c7h7d/8s/Jc:-20000,20000(-17112.180250)
58:BR,Player:0cc/cc/cc/cc:2s5c,3s7h|/8s9dQh/9s/9c:0,-0(-94.299453)
59:Player,BR:0cr200c/r600c/cr1800f:4h6h,2s8h|/ThQsQc/Jc:-900,900(-900.000000)
60:BR,Player:0r200c/cc/cc/cr600f:6hKh,9cAc|/7c8hJd/9d/4s:-300,300(-300.000000)
61:Player,BR:0cc/cc/r200c/cc:7dQh,8dJc|/6d8hTs/5h/6s:-300,300(-112.399618)
62:BR,Player:0r200c/cc/cc/cc:5dQs,7s9s|/5c6d7c/4h/7d:-300,300(-22.362414)
63:Player,BR:0cc/cc/cr200f:2sKd,8s8c|/4c7hQs/5s:-100,100(-100.000000)
64:BR,Player:0r200c/cc/r600f:6dTh,5sJh|/7cTdAd/8h:300,-300(300.000000)
65:Player,BR:0cr200c/cc/cc/r600f:TdQc,5cQh|/6h8hKd/Js/As:300,-300(300.000000)
66:BR,Player:0r200c/cc/cr600c/cc:6dQc,8hAs|/3sThAd/Kc/9c:-900,900(-282.017008)
67:Player,BR:0cc/cc/cr200c/cc:5sAc,2dKd|/4h5d6d/9h/5h:300,-300(296.484927)
68:BR,Player:0cc/cr200c/r600f:5h6c,3h4d|/5s6dTc/Ac:300,-300(300.000000)
69:Player,BR:0cr200c/cc/cr600f:TcQs,QcKs|/5h8sKh/8c:-300,300(-300.000000)
70:BR,Player:0r200c/cc/cc/cc:3c5h,TdTc|/3s9sAs/7c/6d:-300,300(-121.250307)
71:Player,BR:0cr200c/r600c/cr1800f:8h9h,3hTh|/2s2d6h/4h:-900,900(-900.000000)
72:BR,Player:0r200c/cc/r600c/cc:5h9s,2dQd|/3d8s8h/2h/Kd:-900,900(-900.000000)
73:Player,BR:0cr200c/r600c/cc/cc:9sAh,3c7s|/7h9hKs/8s/6d:900,-900(432.967733)
74:BR,Player:0r200c/cr600c/r1800f:5d9c,7dKs|/6h6dTc/Ac:900,-900(900.000000)
75:Player,BR:0cc/cc/cc/cc:4sQh,5cQc|/7c8dAd/9s/8s:0,-0(10.319817)
76:BR,Player:0r200c/cr600c/cc/r1800c:3s7d,8sQc|/5d8dTc/Qs/6s:-2700,2700(-2700.000000)
77:Player,BR:0cr200c/cc/r600c/r1800f:QhQd,6dAs|/2s7c9c/4h/8c:900,-900(900.000000)
78:BR,Player:0cc/cc/cc/cr200f:9cQd,4c8d|/6dJcKh/3c/2s:-100,100(-100.000000)
79:Player,BR:0cr200c/r600c/cr1800c/r5400c:TsJs,ThQc|/7h9hQs/7s/6h:-8100,8100(1867.116760)
80:BR,Player:0r200c/cr600c/cr1800r5400r11900f:5h9s,5s6s|/4sJhKs/7s:-8100,8100(-8100.000000)
81:Player,BR:0cr200c/r600c/cc/cr1800c:6d7d,ThAs|/2s6cJh/8d/Td:-2700,2700(-2635.370060)
82:BR,Player:0f:TsTd,3c9d|:50,-50(50.000000)
83:Player,BR:0cc/cc/cr200f:6hQs,3d7c|/3c7h9s/Ts:-100,100(-100.000000)
84:BR,Player:0r200c/cr600c/cc/cr1800r5400f:2dAd,3s6s|/6d9sTs/5d/3h:2700,-2700(2700.000000)
85:Player,BR:0cr200c/cc/cr600c/cr1800c:AsAd,7hTh|/3h6cTs/3s/2h:2700,-2700(-412.006837)
86:BR,Player:0r200c/cr600c/r19100f:8s8d,8hAh|/5h8cTh/Qd:900,-900(900.000000)
87:Player,BR:0cr200c/cc/cc/r600r1800f:7sJs,QhQc|/5cTdTc/Kh/9c:-900,900(-900.000000)
88:BR,Player:0r200c/cc/cc/cr600f:5d5c,7dAs|/JsAhAc/6h/Kc:-300,300(-300.000000)
89:Player,BR:0cr200c/cc/cc/r600f:9cKc,4s6c|/2s9sJh/Kd/Jc:300,-300(300.000000)
90:BR,Player:0r200c/cc/cc/cr600f:8cQc,3h3d|/5s9hAh/As/5h:-300,300(-300.000000)
91:Player,BR:0cc/cc/cc/cc:4dQs,3hTd|/3cQcKh/9c/Kc:100,-100(23.196852)
92:BR,Player:0r200c/cr600c/cc/cc:6h9s,2dJd|/4h5s6s/2h/Kd:900,-900(331.602191)
93:Player,BR:0cc/cc/cr200c/cr600f:4sQs,4d7c|/2h4cJh/3c/7s:-300,300(-300.000000)
94:BR,Player:0cc/cc/r19900f:6sQd,6c9h|/3s6hQc/2d:100,-100(100.000000)
95:Player,BR:0cr200c/cc/cc/cr600c:ThKh,JcKd|/2c6d9d/9h/Js:-900,900(-811.686842)
96:BR,Player:0r200c/cc/cr600f:2dQh,7cJd|/7h9cJc/6h:-300,300(-300.000000)
97:Player,BR:0cc/cc/cc/cc:2c8h,6h9h|/TsQsAc/3h/Ad:-100,100(55.395387)
98:BR,Player:0cc/cr200c/r600f:9sAd,5cKs|/2c4h7c/9c:300,-300(300.000000)
99:Player,BR:0cr200c/cc/cr600c/cr1800f:7d8d,5c6c|/4s7c9s/2c/3c:-900,900(-900.000000)
100:BR,Player:0r200c/cc/cc/cc:7s8d,9sTs|/QdQcAh/2h/Ad:-300,300(-266.169544)
101:Player,BR:0cr200c/r600c/r1800r5400f:2c4c,7d9s|/2s5s9h/Ah:-2700,2700(-2700.000000)
102:BR,Player:0cc/cc/cc/cr200f:2dJc,2cTh|/9dTcAs/4d/4c:-100,100(-100.000000)
103:Player,BR:0cc/cc/r200c/cr600f:3c5s,9dAd|/4c8sKh/Ac/3h:-300,300(-300.000000)
104:BR,Player:0r200c/cc/r19700f:4cKh,JcQh|/2c4s4d/6c:300,-300(300.000000)
105:Player,BR:0cr200c/cc/cc/cc:6d7d,7cKc|/7s8s9c/8d/Ts:300,-300(-5.952514)
106:BR,Player:0cc/cr200c/cc/cc:8dTs,4d6s|/3h5cQs/5d/8s:300,-300(190.485006)
107:Player,BR:0cc/cc/cr19900f:7h9d,JsAs|/TdQdKh/6c:-100,100(-100.000000)
108:BR,Player:0cc/cc/cc/cc:2hTh,4sKc|/QdQcAd/5d/7c:-100,100(-80.776805)
109:Player,BR:0cc/cc/cc/r200f:6cJs,9hQh|/2h4c5s/Kc/6d:100,-100(100.000000)
110:BR,Player:0cc/cc/cc/cr200f:2h4h,5d9s|/4sJcKd/9c/3c:-100,100(-100.000000)
111:Player,BR:0cc/cc/cc/cc:4dQs,4h6c|/6s7hKs/Jc/2d:-100,100(-48.804903)
112:BR,Player:0cc/cr200c/cc/cc:6sKc,4dTc|/7c8s9s/Qd/9d:300,-300(70.218053)
113:Player,BR:0cr200c/r600c/cr1800c/cc:QsKc,3hAc|/8cJcQc/4s/6h:2700,-2700(2698.564151)
114:BR,Player:0cc/cc/cc/r200f:4cJd,7cQc|/8c9hAh/7d/Jh:100,-100(100.000000)
115:Player,BR:0cc/cc/cc/r200f:6dAs,3cJc|/2c4h8h/Ks/6c:100,-100(100.000000)
116:BR,Player:0cc/cr200c/r600f:6hJs,5hTs|/2d4d7c/8c:300,-300(300.000000)
117:Player,BR:0cc/cc/cr200c/cc:3h5d,TcAh|/2d4cKc/3c/3d:300,-300(230.850844)
118:BR,Player:0r200c/cc/r600f:5s7c,5dAs|/8cJsJc/Qc:300,-300(300.000000)
119:Player,BR:0cc/cc/cr200f:3d8d,2c5s|/2s5dQh/7s:-100,100(-100.000000)
120:BR,Player:0cc/cc/cc/cc:9dQd,5sKh|/3c8dJc/3h/7s:-100,100(-66.657973)
121:Player,BR:0cr200c/r600c/r1800r5400f:TsQd,3h3d|/4s9dJh/Ah:-2700,2700(-2700.000000)
122:BR,Player:0f:7s7h,2h5c|:50,-50(50.000000)
123:Player,BR:0cc/cc/cr200f:3sTd,JsAc|/6s7hKc/Jc:-100,100(-100.000000)
124:BR,Player:0r200c/cc/r600c/cc:7hJh,4dQs|/6h7sQh/5c/2c:-900,900(303.985617)
125:Player,BR:0cc/cc/r200c/cc:8dTc,2s6s|/2h5hJc/9c/5d:-300,300(-167.761563)
126:BR,Player:0r200c/cc/cc/cc:2s9h,9dJc|/5cTsQd/Ad/Th:-300,300(-279.124370)
127:Player,BR:0cr200c/cc/cr600c/cr1800c:5cKc,6h7c|/4s7s9d/5d/3h:-2700,2700(-1977.309512)
128:BR,Player:0cc/cc/cc/cc:8sKh,8cAd|/5s6cQh/5h/6h:-100,100(2.050969)
129:Player,BR:0cc/cc/r200c/cr600c:7sAh,9cJs|/2h7cKh/5h/Jd:-900,900(-802.854630)
130:BR,Player:0r200c/cr600c/cr1800f:2c9s,TsQs|/JcKhAc/6d:-900,900(-900.000000)
131:Player,BR:0cr200c/cc/cr600f:7h9h,QdAd|/7s8sAc/8d:-300,300(-300.000000)
132:BR,Player:0cc/cc/r200c/r600f:2sAc,4cTs|/3s4s9s/5d/Qh:300,-300(300.000000)
133:Player,BR:0cr200c/cc/cc/cr600c:4d7d,JcQs|/5h5cJs/Kd/7c:-900,900(-316.977643)
134:BR,Player:0f:5cKs,3h7d|:50,-50(50.000000)
135:Player,BR:0cc/cc/cr200c/cr600c:2c5d,5sAs|/3s6hAh/2s/9c:-900,900(-290.741603)
136:BR,Player:0cc/cc/r200f:6dTs,4c8d|/TcKsAd/Kc:100,-100(100.000000)
137:Player,BR:0cr200c/r600c/cr1800c/cc:4s4d,2s8d|/4c9h9c/7s/8c:2700,-2700(471.431614)
138:BR,Player:0cc/cr200c/cc/r600f:2sTc,5s8d|/4s7cAc/Jc/3d:300,-300(300.000000)
139:Player,BR:0cr200c/r600c/cr1800f:JdQs,3h9h|/2h4cTs/Ah:-900,900(-900.000000)
140:BR,Player:0cc/cc/cc/cc:2cKd,5hKh|/7c9cJs/9d/2d:100,-100(52.428370)
141:Player,BR:0cr200c/r600c/cr1800f:8cTs,4cTh|/9cQhKc/5c:-900,900(-900.000000)
142:BR,Player:0cc/cc/r19900f:TsTc,4c7h|/6sTdJd/9c:100,-100(100.000000)
143:Player,BR:0cc/cc/cr200c/cc:3h4d,2c4h|/3c5cKd/Kh/8s:300,-300(299.986094)
144:BR,Player:0cc/cc/r200c/cc:8cJc,8dKd|/2s8hJh/9c/9d:300,-300(271.604463)
145:Player,BR:0cr200c/r600c/cr1800c/cc:8cJc,2h4d|/8sQcKc/9s/7h:2700,-2700(2699.944177)
146:BR,Player:0r200c/cc/cc/cr600f:5h5c,4c6d|/2s9cJh/7c/Qd:-300,300(-300.000000)
147:Player,BR:0cr200c/cc/cc/cc:5s5c,8dAd|/3s7h9s/3d/Jh:300,-300(124.955533)
148:BR,Player:0cc/cc/cc/cr200f:6dQd,4h6s|/9cTsKc/Ah/Kd:-100,100(-100.000000)
149:Player,BR:0cc/cc/cr200f:3c8d,7s9h|/2d7d9s/As:-100,100(-100.000000)
150:BR,Player:0cc/cr200c/cr600f:3hTc,4d8h|/4h6d9c/5s:-300,300(-300.000000)
151:Player,BR:0cc/r200c/cr600f:2c9s,JhQc|/6s8hTs/Kc:-300,300(-300.000000)
152:BR,Player:0cc/cc/r200c/cr600c:8sAs,JsQd|/2h2c8d/9d/Tc:-900,900(-287.965076)
153:Player,BR:0cr200c/r600c/cr1800f:JcQs,6sTs|/2h8d9h/4h:-900,900(-900.000000)
154:BR,Player:0cc/cc/cc/cc:3h9d,2sJc|/2hKhKc/Tc/Qh:-100,100(-96.056438)
155:Player,BR:0cr200c/cc/cr600f:9hAc,TdAh|/9cThQc/6d:-300,300(-300.000000)
156:BR,Player:0r200c/cr600c/cr1800c/cc:3dAs,5cAc|/2d3c8h/8c/8s:2700,-2700(1342.151588)
157:Player,BR:0cc/cc/cr200f:3hAs,JdKs|/QdQcKc/8h:-100,100(-100.000000)
158:BR,Player:0r200c/cc/cc/cr600f:JdQd,5hTh|/2s6cKd/4c/Ks:-300,300(-300.000000)
159:Player,BR:0cc/cc/cr200c/cr600c:5sJh,2hAh|/4d5h9h/9d/3c:-900,900(-843.227855)
160:BR,Player:0r200c/cr600c/cc/cc:2sJh,8cJc|/7dTsKs/7h/3h:0,-0(-605.568829)
161:Player,BR:0cc/cc/cc/r200r600f:2c9h,ThTd|/6hJhAc/6d/8h:-300,300(-300.000000)
162:BR,Player:0f:TdAd,2s8h|:50,-50(50.000000)
163:Player,BR:0cc/cc/cc/r200c:2hQs,7sJc|/3c9dKh/Ts/Jh:300,-300(98.616015)
164:BR,Player:0f:4c6s,2c8h|:50,-50(50.000000)
165:Player,BR:0cr200c/cc/r600c/cc:JdJc,4h9h|/3d9cQd/Qs/Kc:900,-900(-160.489492)
166:BR,Player:0r200c/cr600c/r1800f:6d9d,5cJc|/2d3h8d/5s:900,-900(900.000000)
167:Player,BR:0cc/cc/r200c/r600r1800c:2sTd,5s8c|/4s8dTc/2d/6c:2700,-2700(2699.998463)
168:BR,Player:0r200c/cr600c/cc/cc:8cKc,8hQh|/6h6d9s/8d/2c:900,-900(575.917141)
169:Player,BR:0cr200c/cc/cr600f:5c7c,8cJd|/2h7s9h/Jh:-300,300(-300.000000)
170:BR,Player:0cc/cr200c/cr600c/cc:6dTd,9dKs|/3c6c9h/5c/Qs:-900,900(193.040225)
171:Player,BR:0cc/cc/cr200f:3s9h,6dQc|/3d5s5c/4s:-100,100(-100.000000)
172:BR,Player:0cc/cc/cc/cr200r600f:5d8h,4h9d|/6hQdKh/8s/Tc:300,-300(300.000000)
173:Player,BR:0cr200c/cc/r600f:KsKh,8dQh|/2c6dJh/Ts:300,-300(300.000000)
174:BR,Player:0r200c/cr600c/cc/cc:4sAd,6d8d|/TdQhKd/2h/Th:900,-900(143.911075)
175:Player,BR:0cr200c/cc/cc/cc:3s3h,9hKd|/4c5dQd/4s/Ad:300,-300(148.660487)
176:BR,Player:0cc/cr200c/r600c/r1800f:3s6d,5h9h|/4s7hJh/5s/Qd:900,-900(900.000000)
177:Player,BR:0cr200c/r600c/r1800f:8h9h,JcAs|/5c6hTd/7h:900,-900(900.000000)
178:BR,Player:0cc/cr200c/cc/cc:5d5c,4d9s|/7dJhQd/8c/6c:300,-300(0.978376)
179:Player,BR:0cc/cc/cr200f:4hAs,QhKc|/9dTdQs/Th:-100,100(-100.000000)
180:BR,Player:0cc/cc/r200f:9cJh,2s6s|/6c8c9h/Ad:100,-100(100.000000)
181:Player,BR:0cc/cc/cc/cc:7cQs,6cTh|/9cQhKc/5d/As:100,-100(32.381330)
182:BR,Player:0r200c/cc/r600c/cr1800r5400c:7dJd,7sKs|/5h7cTh/9d/Kd:-8100,8100(-8100.000000)
183:Player,BR:0cc/cc/cr200f:4cKd,ThTc|/3h5hAd/Ah:-100,100(-100.000000)
184:BR,Player:0r200c/cc/r600c/cc:8dTs,9sQh|/4c5dKd/9d/8c:-900,900(-449.533260)
185:Player,BR:0cr200c/cc/r600c/r1800f:9sTs,3d6h|/9hAsAh/3s/8s:900,-900(900.000000)
186:BR,Player:0cc/cr200c/cr600c/r1800f:4dJs,9cJd|/4s7dTh/2h/4h:900,-900(900.000000)
187:Player,BR:0cc/cc/cc/cr200f:6dAc,5hAs|/5d9cTd/Kh/Ts:-100,100(-100.000000)
188:BR,Player:0r200c/cr600c/cr1800c/cr17300f:QsAh,4s5s|/2c6h7d/Jc/2d:-2700,2700(-2700.000000)
189:Player,BR:0cc/cc/cr200f:4sAc,3d9d|/7d9sKc/Jd:-100,100(-100.000000)
190:BR,Player:0cc/cc/cr200f:2d9d,7c8d|/3s5cTh/Kd:-100,100(-100.000000)
191:Player,BR:0cc/cc/cr200f:2dJh,7d9h|/3c5s7h/4s:-100,100(-100.000000)
192:BR,Player:0r200c/cc/cc/r600c:3cTc,7h9c|/4h7dKh/3h/3d:900,-900(893.025048)
193:Player,BR:0cr200c/r600c/r1800c/cc:4cQc,8cAd|/5c6hAs/7c/7d:-2700,2700(-1819.879050)
194:BR,Player:0f:7sTc,2d9c|:50,-50(50.000000)
195:Player,BR:0cc/cc/cc/cr200f:3d5c,JdQd|/2s2h5d/9s/Qs:-100,100(-100.000000)
196:BR,Player:0f:7c8s,2c7h|:50,-50(50.000000)
197:Player,BR:0cc/cc/cr200f:5hTh,6c7h|/2h7dJs/4d:-100,100(-100.000000)
198:BR,Player:0r200c/cc/cc/cc:4hKc,7h8h|/2s5dAd/Ts/Qs:300,-300(-238.852191)
199:Player,BR:0cr200c/cc/cr600f:3s3h,7c8d|/4d6cQd/9h:-300,300(-300.000000)
200:BR,Player:0r200c/cc/cc/cc:3cKd,4d6h|/2s4hJd/Tc/7c:-300,300(-300.000000)
201:Player,BR:0cc/cc/cr200f:6cTc,7d9s|/3d4dAc/8h:-100,100(-100.000000)
202:BR,Player:0r200c/cc/cc/cc:7cJh,TcAh|/2d2c4d/9d/8d:-300,300(-300.000000)
203:Player,BR:0cr200c/r600c/r1800c/cc:JsQd,3dAs|/TcJcAd/8s/9c:2700,-2700(1860.173969)
204:BR,Player:0cc/cc/cc/cc:2d6c,7c8s|/QhKsAd/8d/9s:-100,100(-98.140510)
205:Player,BR:0cc/cc/r200f:2sJd,4h6h|/3d9cTs/3h:100,-100(100.000000)
206:BR,Player:0r200c/cr600c/r1800c/cc:9cTd,5h5c|/3c9h9d/2h/Ac:2700,-2700(2528.978277)
207:Player,BR:0cr200c/r600c/cr1800f:5h5d,6hQs|/2d4s6d/Th:-900,900(-900.000000)
208:BR,Player:0r200c/cc/cr600c/cr1800f:7hKh,QsAs|/3c5d6s/Ac/Qd:-900,900(-900.000000)
209:Player,BR:0cr200c/cc/cr600f:TcJh,4s8s|/2h3sKs/4h:-300,300(-300.000000)
210:BR,Player:0r200c/cc/r600c/cr19100f:2d7h,2hKh|/6dQhAd/3h/Ts:-900,900(-900.000000)
211:Player,BR:0cc/cc/cc/cr200c:9sTd,3cAh|/8c9cKc/8h/Ad:-300,300(-280.658747)
212:BR,Player:0cc/cr200c/cc/cc:4d9c,6d8h|/JhKsAh/9s/6h:300,-300(267.537561)
213:Player,BR:0cc/cc/r200c/r600c:4sQs,6cKh|/9dQhQd/6s/Ah:900,-900(294.325997)
214:BR,Player:0cc/cc/cc/cr200f:2s6c,2h5h|/9dJsQc/8h/Kc:-100,100(-100.000000)
215:Player,BR:0cc/cc/cr200f:3hKd,5c6d|/2sTdAh/4h:-100,100(-100.000000)
216:BR,Player:0cc/cc/r200c/cc:6sQh,9h9c|/3dJsQc/Jh/Th:300,-300(245.733015)
217:Player,BR:0cc/cc/cr200c/cr600f:5d9s,JdQh|/3d9cQd/Jc/Th:-300,300(-300.000000)
218:BR,Player:0cc/cc/cc/cr200f:6dTd,2cKh|/9cTsQh/Js/Qc:-100,100(-100.000000)
219:Player,BR:0cr200c/cc/cr600f:TsAc,KhKc|/5c8dQs/9h:-300,300(-300.000000)
220:BR,Player:0r200c/cc/r600c/cr1800c:8c9d,JsQs|/6d7dKc/9c/8h:2700,-2700(-879.640540)
221:Player,BR:0cc/cc/r200r600f:4s8d,9sQs|/5d6cQd/3h:-300,300(-300.000000)
222:BR,Player:0r200c/cc/r19700f:8cJs,3sQh|/4c8sJc/6s:300,-300(300.000000)
223:Player,BR:0cc/cc/r200c/cc:3dTh,5sQs|/5c6sTd/2h/2s:300,-300(-23.091247)
224:BR,Player:0cc/cc/r200c/r600f:5c7s,3hQd|/3s4c8h/2s/Ad:300,-300(300.000000)
225:Player,BR:0cc/cc/cc/cc:3s4h,7dTs|/JdQhAs/4c/5s:100,-100(32.803084)
226:BR,Player:0r200c/cc/cr600c/cc:ThKd,7dQh|/4sAsAc/7s/Qd:-900,900(-64.341061)
227:Player,BR:0cr200c/cc/cr600c/cc:TcKh,5c6h|/3s7cQs/Ks/5s:900,-900(888.013676)
228:BR,Player:0cc/cc/cc/r200f:JhKd,3hKc|/2c8dTh/7s/Jc:100,-100(100.000000)
229:Player,BR:0cr200c/cc/cc/cc:5s9s,5c8s|/8h9dKs/Ah/Tc:300,-300(68.051573)
230:BR,Player:0r200c/cc/cc/cc:2s4d,4hKd|/6d7s7c/9c/Tc:-300,300(-300.000000)
231:Player,BR:0cc/cc/cr200c/cr600c:2cAh,7c8s|/9sKhAs/6s/Th:-900,900(-900.000000)
232:BR,Player:0r200c/cc/cr600f:2hTd,2d9d|/6d7hJc/3d:-300,300(-300.000000)
233:Player,BR:0cc/cc/cr200f:5dQh,4h8h|/6sJsKd/Ah:-100,100(-100.000000)
234:BR,Player:0cc/cc/r200f:5c7c,9cJs|/6h6cTd/2c:100,-100(100.000000)
235:Player,BR:0cc/cc/cr19900f:7cTd,QsAh|/JcQhQc/Jh:-100,100(-100.000000)
236:BR,Player:0cc/cc/r200f:6hKc,4c8s|/6dQdKd/Qc:100,-100(100.000000)
237:Player,BR:0cc/cc/cc/r200c:3dKh,3c9d|/JhKsAs/5d/7d:300,-300(99.404411)
238:BR,Player:0r200c/cc/cc/cc:9cTc,JhAs|/7h9dQh/Ks/Kd:300,-300(266.986620)
239:Player,BR:0cc/cc/cc/cr200f:3h5s,2sAc|/4cTdJd/Ts/4s:-100,100(-100.000000)
240:BR,Player:0r200c/cc/cc/r600f:5hQc,4h4d|/8cTcJh/As/9h:300,-300(300.000000)
241:Player,BR:0cc/cc/cr200f:3d8s,7cQh|/3h5hJc/Ah:-100,100(-100.000000)
242:BR,Player:0r200c/cc/cc/cc:4hTh,TsAc|/8d9hQd/2d/5s:-300,300(-299.999988)
243:Player,BR:0cr200c/cc/cc/cr600f:7c8d,2hQc|/2c9hKd/3h/3s:-300,300(-300.000000)
244:BR,Player:0cc/cr200c/cc/cr600f:5sQc,6sQs|/3c9hTs/7d/8s:-300,300(-300.000000)
245:Player,BR:0cr200c/r600c/cc/cr1800r5400c:QhKs,3d9s|/8s9hJs/5s/Ts:8100,-8100(2605.219498)
246:BR,Player:0r200c/cc/cr600c/cc:4dKh,5dQc|/7hJdAc/3h/Ah:900,-900(166.845902)
247:Player,BR:0cc/cc/cr200f:7dKc,7c8d|/2s6hJd/5d:-100,100(-100.000000)
248:BR,Player:0r200c/cc/cc/cc:4c9d,7dQc|/6dQhKh/Ac/2d:-300,300(-298.875828)
249:Player,BR:0cr200c/r600c/cc/cr1800f:6s9s,7hAs|/7sJcQc/2d/4h:-900,900(-900.000000)
250:BR,Player:0cc/cc/cr200c/cr600f:5c6d,3s3c|/5hJdQh/3h/8c:-300,300(-300.000000)
251:Player,BR:0cr200c/cc/r600f:TdQs,9dJh|/5dKhAc/8d:300,-300(300.000000)
252:BR,Player:0r200c/cc/cc/cr600f:7h7d,9dQd|/2s5sKd/9c/2c:-300,300(-300.000000)
253:Player,BR:0cc/cc/cc/cc:6dTd,7cQh|/5s5hJs/Ah/9c:-100,100(8.848406)
254:BR,Player:0r200c/cr600c/cr1800f:4hJs,5s6h|/7cQcAs/5c:-900,900(-900.000000)
255:Player,BR:0cc/r200c/r600c/r1800f:4h7d,2hAh|/6d6cQd/3h/5c:900,-900(900.000000)
256:BR,Player:0r200c/cc/r600f:KdAd,7cQd|/8hTsKh/4h:300,-300(300.000000)
257:Player,BR:0cc/cc/cr19900f:4hTd,6hAh|/5h7h8h/8s:-100,100(-100.000000)
258:BR,Player:0f:7h8h,2s8c|:50,-50(50.000000)
259:Player,BR:0cr200c/r600c/cc/cr1800f:7s8d,5sAh|/2s2hJs/Qs/9h:-900,900(-900.000000)
260:BR,Player:0r200c/cc/cc/cc:3d4s,7sTh|/TsQsAd/Ah/9h:-300,300(-248.413948)
261:Player,BR:0cc/cc/cr200c/cc:2dAc,TcJs|/3s5h9d/5c/4d:300,-300(299.273015)
262:BR,Player:0r200c/cr600c/cc/cc:7h8s,2s6s|/4h4dAd/Ts/7d:900,-900(257.399984)
263:Player,BR:0cc/cc/cr200f:5c7d,TdQc|/2d9sKd/Qd:-100,100(-100.000000)
264:BR,Player:0cc/cc/cr200f:2h7h,8sAc|/4c6dAd/9d:-100,100(-100.000000)
265:Player,BR:0cr200c/cc/cr600f:9cQd,3hAc|/2h3s8h/8c:-300,300(-300.000000)
266:BR,Player:0r200c/cr600c/cr1800c/cr5400f:6c8c,3c5h|/3d8hKc/Ah/Th:-2700,2700(-2700.000000)
267:Player,BR:0cc/cc/r200r600f:5sJc,8hTc|/8c9dTs/4c:-300,300(-300.000000)
268:BR,Player:0cc/cc/r19900f:2s2d,3s7d|/2hTsKc/4s:100,-100(100.000000)
269:Player,BR:0cc/cc/cc/r200f:2cAd,7sQd|/2h5sTc/2d/3d:100,-100(100.000000)
270:BR,Player:0cc/cc/r200c/cc:8dTs,JhQs|/5d8sQd/9d/7s:-300,300(-46.710030)
271:Player,BR:0cc/cc/cr19900f:3hTd,9sKc|/3d9hKd/8h:-100,100(-100.000000)
272:BR,Player:0r200c/cr600c/r1800f:2d6h,2s3s|/8s8dQh/7c:900,-900(900.000000)
273:Player,BR:0cc/cc/cc/cc:3cKs,7hKc|/4cQdAd/5c/Th:-100,100(17.330497)
274:BR,Player:0cc/cr200c/r600f:4cTs,6hTc|/2d3c5h/9h:300,-300(300.000000)
275:Player,BR:0cc/cc/cc/r200f:3sQc,JdKs|/4d5sTc/8s/7c:100,-100(100.000000)
276:BR,Player:0cc/cc/r200c/cr600f:9hTc,JdQs|/5c8hAh/Jc/6s:-300,300(-300.000000)
277:Player,BR:0cc/cc/cr200c/cr600f:2dKc,7hTc|/6s6h8s/6d/Td:-300,300(-300.000000)
278:BR,Player:0cc/cr200c/cr600c/cc:4cQh,4d6s|/2s3h7c/Ks/4h:900,-900(-1.783308)
279:Player,BR:0cr200c/cc/cc/cc:7s9c,9dKd|/4hThTd/Ah/4c:0,-0(160.137669)
280:BR,Player:0r200c/cc/cc/r600c:5c6s,7h9s|/2h9cKd/Jh/As:-900,900(-900.000000)
281:Player,BR:0cc/cc/cr200c/cc:5dKc,7cQc|/JdQdAc/5c/Jh:-300,300(-10.445582)
282:BR,Player:0cc/cr200c/cc/cc:3s8h,4sTh|/3c7s7d/9c/Jd:300,-300(72.664211)
283:Player,BR:0cc/cc/cr200f:3h5c,AsAc|/2d9hKh/Ks:-100,100(-100.000000)
284:BR,Player:0f:QsKh,2c4h|:50,-50(50.000000)
285:Player,BR:0cr200c/cc/cc/r600r1800f:3cAc,7sTh|/6dQcAd/5s/Tc:-900,900(-900.000000)
286:BR,Player:0r200c/cr600c/r1800f:8dKs,3s4h|/2cQcKh/3d:900,-900(900.000000)
287:Player,BR:0cc/cc/cr200c/cc:3h5c,3s5d|/4sJcAc/Qd/6c:0,-0(299.484467)
288:BR,Player:0r200c/cc/r600f:2cKs,7dQh|/8s9sJs/2s:300,-300(300.000000)
289:Player,BR:0cc/cc/cr200f:4sAh,3hKs|/4h6c7c/5d:-100,100(-100.000000)
290:BR,Player:0r200c/cc/cc/cr600f:6h6c,8d9c|/5c8hTd/Qd/Th:-300,300(-300.000000)
291:Player,BR:0cc/cc/cc/cc:3d5c,4cJh|/8h8cAh/Ts/As:-100,100(19.320060)
292:BR,Player:0r200c/cc/cc/cc:4h8h,TsAc|/3h5d5c/Kc/2c:-300,300(-300.000000)
293:Player,BR:0cr200c/cc/cr600c/cc:KdAs,7dTs|/4c6d9d/6h/Tc:-900,900(-443.442520)
294:BR,Player:0cc/cc/cr200c/cc:6c9h,4hKd|/JcQsKc/2h/9d:-300,300(-24.222885)
295:Player,BR:0cr200c/r600c/r1800f:9hTh,2s6s|/8s8hKs/7c:900,-900(900.000000)
296:BR,Player:0r200c/cc/cr600f:5s6d,8dTc|/9cQcKd/9s:-300,300(-300.000000)
297:Player,BR:0cr200c/cc/cc/r600f:9cAd,8h9d|/2d4sAh/9s/6c:300,-300(300.000000)
298:BR,Player:0r200c/cr600c/r1800c/cc:4d7d,AhAd|/4c8dKd/2c/Jc:-2700,2700(-2348.253684)
299:Player,BR:0cr200c/cc/cc/r600r1800c:5s8s,3c7h|/3s8h9c/8d/6d:2700,-2700(2700.000000)
300:BR,Player:0r200c/cc/r600f:2hJc,JhQh|/2d3s6c/6h:300,-300(300.000000)
301:Player,BR:0cc/cc/cr200f:3s8c,5hQc|/3d9hQh/7s:-100,100(-100.000000)
302:BR,Player:0cc/cr200c/cc/cc:7c9h,8sAc|/7d8dJd/Kh/5h:-300,300(174.307119)
303:Player,BR:0cc/cc/cr200f:6s9c,5s7s|/4h4d8h/As:-100,100(-100.000000)
304:BR,Player:0cc/cc/r200f:4dQh,2d9s|/5dQdAh/Js:100,-100(100.000000)
305:Player,BR:0cc/cc/cr200f:2cTc,JhJc|/5sKdAh/6c:-100,100(-100.000000)
306:BR,Player:0cc/cc/r200f:8dJh,3c5h|/2dJsQc/8c:100,-100(100.000000)
307:Player,BR:0cc/cc/cc/cc:4c7h,5hQd|/2c6d9h/Ac/7c:100,-100(46.206706)
308:BR,Player:0r200c/cc/cc/cc:2h6s,7hKs|/8cQsQc/2s/5c:300,-300(186.153444)
309:Player,BR:0cr200c/r600c/r1800c/r5400f:8hJh,4hJc|/4s5c6d/6c/Qs:2700,-2700(2700.000000)
310:BR,Player:0cc/cr200c/cc/r600f:5s7d,3c4h|/6hJhAc/Qd/9c:300,-300(300.000000)
311:Player,BR:0cc/cc/cc/r200f:2c5s,5hQs|/3hJcAh/Tc/Ac:100,-100(100.000000)
312:BR,Player:0r200c/cc/cc/cc:5cJs,5hJc|/5s6h8c/Ac/6d:0,-0(9.043256)
313:Player,BR:0cr200c/r600c/cc/cr1800f:3c4c,5sTs|/JsJcQh/3h/7c:-900,900(-900.000000)
314:BR,Player:0r200c/cr600c/cr1800f:6s8d,3sAh|/2s4sTc/9c:-900,900(-900.000000)
315:Player,BR:0cc/cc/cr200r600f:2h9s,TcQh|/5h8s9d/2c:300,-300(300.000000)
316:BR,Player:0r200c/cr600c/cc/cr1800f:9cJd,8cJc|/5s6s6h/3c/4h:-900,900(-900.000000)
317:Player,BR:0cr200c/cc/cr600c/cc:8d9d,7c9s|/2s3h9h/6s/6d:900,-900(-208.284801)
318:BR,Player:0r200c/cc/cr600f:2hKs,9cJd|/7s8hAd/Td:-300,300(-300.000000)
319:Player,BR:0cr200c/r600c/cr1800c/cc:7cJc,8sTs|/7sQsQh/6c/Qd:2700,-2700(2700.000000)
320:BR,Player:0cc/cc/cc/cr200r600f:2d3d,4h7h|/2c8cQc/Js/6c:300,-300(300.000000)
321:Player,BR:0cc/cc/cc/cc:7hJs,6hKh|/2h9dAs/8s/Jd:100,-100(24.532243)
322:BR,Player:0cc/cr200c/cc/cc:KdAc,4cJd|/5h8cTc/Qd/Th:300,-300(105.437777)
323:Player,BR:0cc/cc/cr200f:2h6d,7cQd|/9sJhQs/8d:-100,100(-100.000000)
324:BR,Player:0r200c/cc/cr600c/cc:5d8d,4c9c|/3s3c8h/Kc/5h:900,-900(599.045234)
325:Player,BR:0cc/cc/cr200f:4cAs,2s7d|/2dJsQh/2h:-100,100(-100.000000)
326:BR,Player:0cc/cr200c/r600f:JcKs,4hTd|/2h4cJs/Qc:300,-300(300.000000)
327:Player,BR:0cc/cc/cc/cc:6hQh,JdAc|/2c3s9d/7h/7d:-100,100(-5.789934)
328:BR,Player:0f:5cTh,3c8s|:50,-50(50.000000)
329:Player,BR:0cc/cc/r200c/r600f:4d7c,3s3d|/2s5c6h/9s/9h:300,-300(300.000000)
330:BR,Player:0r200c/cc/cc/cc:5cJh,9s9h|/4s7cAd/Kc/Qh:-300,300(-290.804390)
331:Player,BR:0cr200c/r600c/r1800c/r17300f:8h9h,8dTs|/TcAdAc/6h/Qs:2700,-2700(2700.000000)
332:BR,Player:0r200c/cc/cr600c/cc:6cAd,2h4h|/9dJdJc/9c/Qh:900,-900(284.232243)
333:Player,BR:0cr200c/cc/cc/cr600f:9s9h,3s5h|/8dKcAd/Qs/8c:-300,300(-300.000000)
334:BR,Player:0r200c/cr600c/cc/r1800c:3d8h,TcAd|/5s6hTd/Kh/7d:-2700,2700(-2700.000000)
335:Player,BR:0cc/cc/cc/r200r600r1800f:3d7d,QdAc|/2h5d8s/4d/9d:900,-900(900.000000)
336:BR,Player:0r200c/cc/cc/cr600f:5sTh,9d9c|/4s7cJs/3s/8c:-300,300(-300.000000)
337:Player,BR:0cr200c/r600c/cc/cr1800r5400f:5cJc,2cQd|/3d7cAc/4c/8h:2700,-2700(2700.000000)
338:BR,Player:0cc/cc/cc/cc:5hTs,6s7s|/9cJcKh/6c/3h:-100,100(-97.247496)
339:Player,BR:0cr200c/cc/cr600f:JsQd,3sAc|/2c6cKc/Ad:-300,300(-300.000000)
340:BR,Player:0r200c/cr600c/cc/cc:7hJs,8sTd|/4dJhQd/Qc/2s:900,-900(898.003352)
341:Player,BR:0cr200c/cc/cc/r600r1800f:8s8h,7dJh|/7h9dTc/3d/9s:-900,900(-900.000000)
342:BR,Player:0cc/cr200c/cr600f:3d7c,5hTs|/8sThJs/2s:-300,300(-300.000000)
343:Player,BR:0cc/cc/cc/cc:2s3h,5dKh|/4d4cQd/9h/2c:100,-100(16.469502)
344:BR,Player:0r200c/cc/r600f:5h7d,9hTs|/8s8dKh/4h:300,-300(300.000000)
345:Player,BR:0cc/cc/cc/r200f:2d4d,5cJc|/7hQcKh/Ts/Tc:100,-100(100.000000)
346:BR,Player:0f:2c5d,2h4d|:50,-50(50.000000)
347:Player,BR:0cr200c/cc/cr600f:6hAh,ThTc|/4d4c7s/9c:-300,300(-300.000000)
348:BR,Player:0r200c/cc/r600c/r1800c:4sTs,AhAc|/3d6dTh/7h/Tc:2700,-2700(2482.668670)
349:Player,BR:0cc/cc/cr19900f:2c7h,4h9h|/6cThAh/Kh:-100,100(-100.000000)
350:BR,Player:0cc/cr200c/cr600c/cc:QsQd,TcKs|/4cJhKd/9c/5d:-900,900(171.220533)
351:Player,BR:0cr200c/cc/r600c/cr1800f:9cQd,6h6d|/5d8hKd/9s/6c:-900,900(-900.000000)
352:BR,Player:0f:JcQs,2d8s|:50,-50(50.000000)
353:Player,BR:0cc/cc/cr200f:5s7d,JsJh|/6h6cTc/9s:-100,100(-100.000000)
354:BR,Player:0cc/cr200c/r19700f:QsQd,4cTh|/3s5hJd/Qc:300,-300(300.000000)
355:Player,BR:0cc/cc/cr200f:4sTh,3d5s|/2d9cKc/Qd:-100,100(-100.000000)
356:BR,Player:0cc/cr200c/cc/cr600f:3hKs,4hTc|/4sTdQs/5d/3s:-300,300(-300.000000)
357:Player,BR:0cc/cc/cc/r200f:4c6d,2h3s|/8dQhQc/9c/7d:100,-100(100.000000)
358:BR,Player:0r200c/cc/r600c/r1800c:JsKc,QdKs|/JcKdAc/8s/9d:2700,-2700(1615.012527)
359:Player,BR:0cc/cc/cr200c/cc:2hJd,4d9c|/4c6sKd/2c/Qd:-300,300(10.065067)
360:BR,Player:0f:4h8s,2d5c|:50,-50(50.000000)
361:Player,BR:0cc/cc/cc/r200f:5d8c,2dAs|/3s6dTd/6s/9d:100,-100(100.000000)
362:BR,Player:0r200c/cr600c/r19100f:JhQh,4h5h|/3s5sJd/Jc:900,-900(900.000000)
363:Player,BR:0cr200c/r600c/cc/cc:TdQd,3dAh|/5cTsAd/5d/7c:-900,900(-658.458038)
364:BR,Player:0cc/cc/cr200f:4sJh,3hTd|/2c5c8h/7s:-100,100(-100.000000)
365:Player,BR:0cr200c/r600c/cr1800f:5c7s,2hJh|/4c5s9d/As:-900,900(-900.000000)
366:BR,Player:0r200c/cr600c/cr1800r5400f:6cJh,2dKd|/7h9sQd/Kh:2700,-2700(2700.000000)
367:Player,BR:0cc/cc/cr200f:2d7c,5c9s|/3d8sKd/4h:-100,100(-100.000000)
368:BR,Player:0cc/cc/cc/cc:6d9c,3s4d|/3d5hAc/Jh/6s:100,-100(97.564371)
369:Player,BR:0cr200c/r600c/r1800f:TcAd,5sTh|/7dQsAc/2h:900,-900(900.000000)
370:BR,Player:0cc/cc/cr200c/cr600r1800f:7sQd,2dJs|/5d8cTh/3s/Jh:900,-900(900.000000)
371:Player,BR:0cc/cc/cr200c/cr600c:7hJh,QdKc|/9h9dJd/Qc/Qs:-900,900(-673.432113)
372:BR,Player:0r200c/cc/r600c/cr1800f:8s8h,8dQh|/2d4hQs/3c/9s:-900,900(-900.000000)
373:Player,BR:0cr19900c/cc/cc/cc:KdAs,2sJc|/3h3dQd/6h/Td:20000,-20000(14928.772099)
374:BR,Player:0r200c/cc/cc/cc:JcKd,8sQc|/5h8hQh/Js/7h:-300,300(125.051883)
375:Player,BR:0cc/cc/cr200f:3dTd,7cKc|/ThJhAh/Qs:-100,100(-100.000000)
376:BR,Player:0r200c/cr600c/cc/r1800f:8cKc,7c8d|/5c6dKh/2h/Tc:900,-900(900.000000)
377:Player,BR:0cc/cc/cc/cc:5sJd,4dQh|/6s6dAh/7d/2h:-100,100(25.578432)
378:BR,Player:0cc/cr200c/r600c/cr1800f:2h9h,7c8c|/2c7dTd/8s/8h:-900,900(-900.000000)
379:Player,BR:0cr200c/cc/cc/r600f:JdAh,QhKs|/2d9dAd/7h/6s:300,-300(300.000000)
380:BR,Player:0r200c/cc/cc/cc:4hQc,7cQs|/3cThKs/Ah/3s:0,-0(-98.084819)
381:Player,BR:0cc/cc/r200f:5cJc,8dTh|/4s7dAs/2d:100,-100(100.000000)
382:BR,Player:0cc/cc/cc/cr200f:2c5c,TcQd|/4h9hJd/5h/Ah:-100,100(-100.000000)
383:Player,BR:0cr200c/r600c/cr19100c/cc:9cQc,8s9d|/3s8d9h/2h/8h:-20000,20000(-18996.597532)
384:BR,Player:0cc/cc/cc/cr200f:5sJc,3d6s|/7h8dKc/7d/8s:-100,100(-100.000000)
385:Player,BR:0cc/cc/cc/cc:5s8h,4cKs|/5c6dQd/As/2c:100,-100(23.786969)
386:BR,Player:0r200c/cc/cc/cc:5cTd,9sQs|/2h8cKd/2d/6s:-300,300(-299.988744)
387:Player,BR:0cc/cc/r200r600f:6hQd,6dJs|/2c3dJh/7c:-300,300(-300.000000)
388:BR,Player:0cc/cc/cc/cr200f:3d7h,3c6h|/2c9hQd/Kh/As:-100,100(-100.000000)
389:Player,BR:0cc/cc/cr200f:9dKh,6cTh|/3h5c7h/Qc:-100,100(-100.000000)
390:BR,Player:0r200c/cr600c/cr1800f:8dKh,3d4c|/7cJdQh/3h:-900,900(-900.000000)
391:Player,BR:0cc/cc/cr19900f:4dTs,7d7c|/7hTdAh/Qd:-100,100(-100.000000)
392:BR,Player:0cc/cc/r200c/cr600r1800c:9cTs,4cAs|/6d9sJs/4s/Ah:-2700,2700(-2700.000000)
393:Player,BR:0cc/cc/r200r600c/cr1800f:3h6c,5s9d|/3s4c6s/Jc/7d:-900,900(-900.000000)
394:BR,Player:0cc/cr200c/cc/cc:JdAc,5h9s|/3dThTd/Kh/3c:300,-300(185.067717)
395:Player,BR:0cc/cc/cr200c/cc:8dQh,4h8h|/5dJsQc/3d/3h:300,-300(300.000000)
396:BR,Player:0r200c/cr600c/cc/cr1800f:3d7d,2c3c|/7sTcAd/As/6s:-900,900(-900.000000)
397:Player,BR:0cc/cc/cc/r200r600c:8cAd,5sTc|/5d9dKc/Ac/Jd:900,-900(900.000000)
398:BR,Player:0r200c/cr600c/cr1800f:2sTd,3s3d|/3c6s7s/As:-900,900(-900.000000)
399:Player,BR:0cc/cc/r200c/cc:4sJc,7dKc|/2c3hQh/5s/8h:-300,300(54.165998)
400:BR,Player:0cc/cr200c/cr600r1800f:3sAs,4d8c|/2c5c6d/9h:900,-900(900.000000)
401:Player,BR:0cc/cc/cr200f:4d9d,4cKs|/5c6h8s/Kh:-100,100(-100.000000)
402:BR,Player:0cc/cc/cr200c/cc:4dJc,9cQh|/2cJhAc/Qd/3d:-300,300(74.683615)
403:Player,BR:0cc/cc/cr200f:4sTh,6c9d|/2d9sKc/9h:-100,100(-100.000000)
404:BR,Player:0cc/cc/cc/cr200c:7dJs,2cQh|/7c8dKc/Qc/2s:-300,300(-90.642729)
405:Player,BR:0cr200c/cc/cr600f:4hAh,5hQh|/8cJsKd/Qc:-300,300(-300.000000)
406:BR,Player:0cc/cr200c/cr600c/cc:9dAd,7hJh|/3d8sJc/4s/2c:-900,900(-355.937730)
407:Player,BR:0cr19900c/cc/cc/cc:7sTd,8hQd|/3s7dKh/2h/5h:20000,-20000(14222.875355)
408:BR,Player:0cc/cr200c/cr600r1800c/cc:2hTh,5cTs|/5d7sTc/Kc/3d:-2700,2700(-656.411628)
409:Player,BR:0cr200c/cc/r600r1800c/cc:8s9c,3h6h|/5s7d9s/4s/3s:2700,-2700(207.409823)
410:BR,Player:0cc/cr200c/r600f:4cQd,5h8c|/6s8dQc/Th:300,-300(300.000000)
411:Player,BR:0cr200c/cc/cr19700f:7d8c,4cTs|/4hThQc/4d:-300,300(-300.000000)
412:BR,Player:0cc/cr200c/r19700f:9h9c,3d8d|/5d7cAd/9s:300,-300(300.000000)
413:Player,BR:0cr200c/cc/r600c/cr1800f:9hKc,4s6c|/5d6hKd/Th/6d:-900,900(-900.000000)
414:BR,Player:0cc/cr200c/cc/r600f:4s8c,7sJc|/2d9sTh/Kh/5h:300,-300(300.000000)
415:Player,BR:0cc/cc/cc/r200c:3sKh,2cAs|/4sJsKd/Jc/8s:300,-300(96.662189)
416:BR,Player:0cc/cc/cc/cc:8hJs,JdQh|/7hTdTc/Ad/5d:-100,100(-86.467558)
417:Player,BR:0cr200c/cc/r600c/cc:4c7c,6cKh|/2h2c9s/Tc/9c:900,-900(27.961072)
418:BR,Player:0r200c/cc/r600c/cc:3d8h,KsAd|/5hQhAh/As/4h:900,-900(664.728838)
419:Player,BR:0cc/cc/cr200f:4s6d,8hTc|/9h9dJc/Kc:-100,100(-100.000000)
420:BR,Player:0r200c/cr600c/cc/r1800c:2c8h,4dKs|/2hQcKd/Th/4h:-2700,2700(-2700.000000)
421:Player,BR:0cr200c/cc/cr600f:ThKd,3s5h|/2c6dQc/6s:-300,300(-300.000000)
422:BR,Player:0r200c/cc/r600c/cc:4s5h,TcAd|/6s6hQs/2h/7c:-900,900(-900.000000)
423:Player,BR:0cc/cc/cr200c/cc:4hKc,3c6s|/5sThKh/8c/7c:300,-300(299.999999)
424:BR,Player:0cc/cr200c/r600f:6h9d,6c8s|/2cThQs/Td:300,-300(300.000000)
425:Player,BR:0cr200c/cc/cr600f:KdAd,ThQh|/4c9hJc/7h:-300,300(-300.000000)
426:BR,Player:0r200c/cr600c/cr1800r5400c/cr11900f:6d9d,6sTs|/7h9sKs/8h/7s:-8100,8100(-8100.000000)
427:Player,BR:0cc/cc/r200c/cc:9dQh,2hAh|/3h4dKd/Tc/2c:-300,300(-5.354728)
428:BR,Player:0r200c/cc/cc/cr600f:5hJs,5c9c|/7hTdAs/7c/7d:-300,300(-300.000000)
429:Player,BR:0cc/cc/r200f:5d8h,5s6h|/2dTsQd/9d:100,-100(100.000000)
430:BR,Player:0r200c/cr600c/r1800f:9sAh,5s6h|/3s3dAs/3c:900,-900(900.000000)
431:Player,BR:0cr200c/cc/r600f:7c9c,3s4d|/5c9dAs/7d:300,-300(300.000000)
432:BR,Player:0r200c/cc/cc/cr600f:3s6h,4d5c|/2sThQc/Kh/Td:-300,300(-300.000000)
433:Player,BR:0cc/cc/cr200c/cc:2s5c,4cQs|/6cQdAh/2h/8h:-300,300(-74.532339)
434:BR,Player:0cc/cr200c/r600f:9dAd,2cTd|/2d7s9s/3c:300,-300(300.000000)
435:Player,BR:0cc/cc/cc/cr200c:3d4h,KsAd|/3c5sJh/9c/Ah:-300,300(-299.997160)
436:BR,Player:0r200c/cc/cr600c/cc:5d7s,5hKc|/2h7h8h/9s/8d:900,-900(307.364676)
437:Player,BR:0cr200c/r600c/r1800c/cc:9hQh,5sTc|/5c8cJc/9d/4h:2700,-2700(-269.697570)
438:BR,Player:0cc/cc/r19900f:QdKs,9hAc|/4s6dTd/Kh:100,-100(100.000000)
439:Player,BR:0cr200c/r600c/r1800r5400c/cc:JhAd,2sQs|/4s5dJc/As/Kd:8100,-8100(8100.000000)
440:BR,Player:0r200c/cc/r600c/cc:9cTc,2sAh|/7h7c9h/7s/4s:900,-900(767.450664)
441:Player,BR:0cc/cc/cc/r200f:8cKd,3dQc|/5d9h9d/Th/Kc:100,-100(100.000000)
442:BR,Player:0cc/cr200c/cc/cc:2hQd,3s6c|/8d9dAc/9h/3d:-300,300(64.227233)
443:Player,BR:0cc/cc/cr200c/cr600f:2c7c,JhQd|/9dJsQh/7d/8h:-300,300(-300.000000)
444:BR,Player:0r200c/cc/r19700f:8hTs,6dAs|/8cTdTc/Qs:300,-300(300.000000)
445:Player,BR:0cr200c/r600c/cc/cc:7cTc,4s4d|/9h9dJc/6s/Td:900,-900(214.875471)
446:BR,Player:0cc/cc/cc/cc:2s7s,2d7d|/3h9hKc/2h/Kd:0,-0(43.177382)
447:Player,BR:0cr200c/cc/r600f:9dQc,4s9h|/5d6sJc/5c:300,-300(300.000000)
448:BR,Player:0r200c/cr600c/cc/cr1800r5400f:3h7h,TdJd|/2s2dJs/7c/5h:2700,-2700(2700.000000)
449:Player,BR:0cc/cc/cr200r600f:3d8d,4d8h|/2d9dKd/9s:300,-300(300.000000)
450:BR,Player:0cc/cr200c/cr600c/cc:8dAc,TcQd|/2dJhQh/9s/2s:-900,900(-4.062845)
451:Player,BR:0cc/cc/cr200c/cc:2hKd,2c6c|/9sJsAh/9d/Ts:300,-300(300.000000)
452:BR,Player:0cc/cr200c/r600c/r1800f:4dQs,4s7d|/4h4c9d/5c/2d:900,-900(900.000000)
453:Player,BR:0cr200c/cc/cr600c/cc:7c9s,5h9h|/6hJdKh/7s/Jc:900,-900(899.353752)
454:BR,Player:0r200c/cc/cc/cc:4s7d,JhQs|/5sTdKh/Kc/3s:-300,300(-300.000000)
455:Player,BR:0cc/cc/cc/r200f:4c7s,4dAc|/3h6dJs/2h/9c:100,-100(100.000000)
456:BR,Player:0cc/cr200c/cc/r600f:5dTd,3d5c|/7dKhAd/2h/8s:300,-300(300.000000)
457:Player,BR:0cr200c/cc/cc/cc:9dQd,4d8h|/4s6dAd/7h/3d:300,-300(-9.725589)
458:BR,Player:0r200c/cc/cc/r600f:5c8h,JcAs|/6s6d9c/Qd/7h:300,-300(300.000000)
459:Player,BR:0cc/cc/cr200f:2hTd,3d4s|/2cJcKc/7h:-100,100(-100.000000)
460:BR,Player:0cc/cc/cc/cc:3d6h,2hJs|/2s5hAh/5d/As:-100,100(-100.000000)
461:Player,BR:0cr200c/cc/cr600c/cc:8dTd,3c4c|/2s6d6c/8s/2d:900,-900(899.282131)
462:BR,Player:0r200c/cc/cc/cr600r1800c:7h7c,2d6d|/6s9cQc/8h/6c:-2700,2700(-2700.000000)
463:Player,BR:0cc/cc/cr200f:3h7c,4s5s|/6s9sAc/2h:-100,100(-100.000000)
464:BR,Player:0cc/cc/cc/cc:4hTh,8hAc|/4sJsKs/3d/2c:100,-100(87.035363)
465:Player,BR:0cr200c/r600c/cr1800f:8s9h,2s2h|/6dTdJd/5c:-900,900(-900.000000)
466:BR,Player:0r200c/cr600c/r19100f:6sTd,JcQd|/6d7dTh/Ts:900,-900(900.000000)
467:Player,BR:0cc/cc/cc/r200f:8dJh,5h6d|/2s5cQs/8s/Jc:100,-100(100.000000)
468:BR,Player:0cc/cr200c/cc/cr600c:2dQs,ThKc|/2s6dAc/Kd/Ad:-900,900(-289.707365)
469:Player,BR:0cc/cc/cc/cc:3dAc,5d7h|/3h8sTs/7d/As:100,-100(-31.363770)
470:BR,Player:0r200c/cc/r19700f:8s9s,9dTd|/5s6sQh/3s:300,-300(300.000000)
471:Player,BR:0cr200c/r600c/cr1800f:9sTd,2h3s|/8sQhKd/Ks:-900,900(-900.000000)
472:BR,Player:0cc/cc/cc/cc:2dKs,2h5s|/6cQsAd/5c/4s:-100,100(-41.856554)
473:Player,BR:0cc/cc/cr200c/cr600c:5c7s,5sJd|/5h5dQh/6s/Kc:0,-0(-775.629432)
474:BR,Player:0r200c/cc/cc/cr600f:2h6c,5dAd|/3s8d9h/8c/5h:-300,300(-300.000000)
475:Player,BR:0cr200c/cc/cr600f:7h7c,QsQd|/5cThJd/6h:-300,300(-300.000000)
476:BR,Player:0r200c/cr600c/r1800c/r5400c:6h8c,8hQs|/3c5c8s/6d/As:8100,-8100(6584.200281)
477:Player,BR:0cc/cc/cc/r200c:4dKh,2hJd|/6dKdAs/Td/2s:300,-300(91.637996)
478:BR,Player:0r200c/cc/r600c/cr1800f:3dJc,AdAc|/8c9dTh/5d/4s:-900,900(-900.000000)
479:Player,BR:0cc/cc/cr19900f:7cQs,2h4h|/3hThKd/8h:-100,100(-100.000000)
480:BR,Player:0r200c/cc/cc/cc:JdKs,3h3d|/2s5c9h/7c/4c:-300,300(-289.570033)
481:Player,BR:0cc/cc/cc/cc:4dJd,3dQs|/9s9hAh/8c/6c:-100,100(3.055331)
482:BR,Player:0r200c/cc/r600f:5cQc,7h9c|/3s6dQd/Th:300,-300(300.000000)
483:Player,BR:0cr200c/cc/r600f:5hKh,3s7d|/2dJdKd/5c:300,-300(300.000000)
484:BR,Player:0cc/cr200c/cr600c/cc:6c8h,9cJh|/8cQsAh/Kc/Ks:900,-900(42.451349)
485:Player,BR:0cc/cc/cc/cc:2s8d,2h6s|/2c5cAh/9c/7d:100,-100(6.886535)
486:BR,Player:0r200c/cr600c/cc/cc:5hKd,5s9s|/8cQhQc/Kc/6c:900,-900(-31.166305)
487:Player,BR:0cr200c/cc/r600r19100f:6cQc,5cAd|/5d7dKd/3d:-900,900(-900.000000)
488:BR,Player:0cc/cr200c/cc/cc:3cKh,6s9s|/2h4cTc/Ac/7d:300,-300(-46.397781)
489:Player,BR:0cr200c/cc/cc/cc:6cQc,4cAh|/2c8s9c/6h/6s:300,-300(115.284735)
490:BR,Player:0cc/cc/r200f:9dTd,3h4s|/7s8h9s/4h:100,-100(100.000000)
491:Player,BR:0cc/cc/cc/cc:5cTh,6hJd|/2sQsAh/5h/9c:100,-100(51.725825)
492:BR,Player:0cc/cr200c/cr600r1800f:3dKc,4cJd|/5c6c9d/2h:900,-900(900.000000)
493:Player,BR:0cr19900c/cc/cc/cc:8dAh,3c5d|/2h4dJc/Kh/Ks:20000,-20000(19992.840513)
494:BR,Player:0cc/cc/r200r600r1800f:9cTs,4s8d|/2c3d8c/7h:900,-900(900.000000)
495:Player,BR:0cc/cc/cr200c/cc:8hTc,9hAd|/7h8c9c/3h/5s:-300,300(-152.428116)
496:BR,Player:0r200c/cr600c/cr1800f:4hJc,TsTc|/2hTdKd/Kc:-900,900(-900.000000)
497:Player,BR:0cr200c/cc/cc/cc:9dKd,5sTd|/2cJsAs/2h/9s:300,-300(251.153714)
498:BR,Player:0r200c/cc/r600f:TcAc,9dQd|/2sKhAd/Jh:300,-300(300.000000)
499:Player,BR:0cr200c/cc/cc/r600c:JdQh,2s4s|/6dQdKh/4d/8h:900,-900(298.842067)
500:BR,Player:0f:2hAs,2s5h|:50,-50(50.000000)
RAW BR STATS: n=500, sum=-11550.000000, sum_sq=3320082500.000000, vr_sum=-4164.588231, vr_sum_sq=2332611593.496358
BR STATS: -23.100000(225.861940), -8.329176(189.323294)
RESULTS
1)Player: 11550
2)BR: -11550
