In config file: GAME_DEF=game_def.fullholdem
In config file: ACTIONS_R0=C
In config file: ACTIONS_R1=C
In config file: ACTIONS_R2=F,C,1,A
In config file: ACTIONS_R3=F,C,1,A
Using seed 20.
1:BR,Player:0r200c/cc/cc/cr600f:8s8h,6hKc|/JcQhKs/Jd/5h:-300,300(-300.000000)
2:Player,BR:0cr200c/cc/cr600c/cc:7s7c,4dAc|/2s2dTh/4h/Js:900,-900(237.401951)
3:BR,Player:0r200c/cc/cc/cr600f:3d5h,6cTs|/7hTdKs/2c/9d:-300,300(-300.000000)
4:Player,BR:0cc/cc/cc/cr200f:4d5s,5dJc|/6h6d7h/9h/4h:-100,100(-100.000000)
5:BR,Player:0f:9d9c,2s5c|:50,-50(50.000000)
6:Player,BR:0cr200c/cc/cc/cc:9dKs,3s7c|/5s6sKh/3d/9h:300,-300(-21.523566)
7:BR,Player:0cc/cc/cc/r200f:6hAs,2hQs|/7cTcQc/Ks/Jd:100,-100(100.000000)
8:Player,BR:0cc/cc/cr200c/cr600f:6hKc,5s7d|/4dJdAh/6d/3c:-300,300(-300.000000)
9:BR,Player:0r200c/cc/r19700f:2sKs,JsKh|/3s4dTs/7s:300,-300(300.000000)
10:Player,BR:0cc/cc/cr200c/cr600c:5dTd,5h9s|/4s8hTh/4h/3c:900,-900(900.000000)
11:BR,Player:0r200c/cr600c/r1800f:2d4c,5s7c|/3sQsQc/3c:900,-900(900.000000)
12:Player,BR:0cc/cc/cr200f:7cTh,7dJh|/2d3cJc/Kd:-100,100(-100.000000)
13:BR,Player:0r200c/cc/cr600f:3h7d,3dQd|/2dTsQs/8h:-300,300(-300.000000)
14:Player,BR:0cr200c/r600c/r1800c/cr5400f:6c7c,8cJd|/2s2h4c/8d/3h:-2700,2700(-2700.000000)
15:BR,Player:0r200c/cr600c/cr1800c/r5400r11900f:2s2d,5sAs|/3h4s7c/Qs/6s:-8100,8100(-8100.000000)
16:Player,BR:0cr19900c/cc/cc/cc:6cTh,2h2c|/QsKdAs/8s/5d:-20000,20000(9851.274853)
17:BR,Player:0cc/cc/r200f:3dTh,JhKs|/4d8h9s/6c:100,-100(100.000000)
18:Player,BR:0cc/cc/r200c/r600f:5dKh,6dQs|/7sJhKc/6s/5s:300,-300(300.000000)
19:BR,Player:0r200c/cc/r600f:KsKc,4h6d|/4s7cTh/Tc:300,-300(300.000000)
20:Player,BR:0cc/cc/r200r19700f:6h9c,7s7h|/5c7dTs/Kc:-300,300(-300.000000)
21:BR,Player:0cc/cr200c/cr600f:7cKc,2s8s|/3s9sQh/2h:-300,300(-300.000000)
22:Player,BR:0cc/cc/cc/cc:4hKd,6s6c|/TdQsAd/7c/2h:-100,100(-37.810331)
23:BR,Player:0r200c/cc/cc/cc:6sQc,8hQd|/4dTsKc/3c/5d:-300,300(-262.911887)
24:Player,BR:0cr200c/cc/cc/cr19700f:7cAd,4h7d|/8sTcQd/5h/6d:-300,300(-300.000000)
25:BR,Player:0r200c/cc/r600c/r1800f:8cQc,6c9s|/9cQsQh/7c/Kh:900,-900(900.000000)
26:Player,BR:0cc/cc/cc/cc:2c4d,6sJc|/3sQsKs/Qh/9d:-100,100(12.459551)
27:BR,Player:0cc/cr200c/cc/cr600f:9cKh,3sKc|/3h7dTd/9d/Jd:-300,300(-300.000000)
28:Player,BR:0cc/cc/cr200f:5dJs,2cTc|/4d7d8c/Ad:-100,100(-100.000000)
29:BR,Player:0r200c/cr600c/r19100c/cc:6cQs,AdAc|/3s6hQd/Tc/Ts:-20000,20000(-16613.155043)
30:Player,BR:0cc/cc/cc/r200f:6cTd,2cTh|/8hJsAc/5s/7d:100,-100(100.000000)
31:BR,Player:0r200c/cr600c/cr1800c/cr17300f:7cKs,7dQh|/2h4d4c/5d/Kd:-2700,2700(-2700.000000)
32:Player,BR:0cc/cc/cc/cc:8dQh,6sJc|/3s7hKd/As/Ah:100,-100(17.883987)
33:BR,Player:0r200c/cr600c/cc/cc:7hJd,4hTh|/7dQsKs/Qh/8c:900,-900(461.977133)
34:Player,BR:0cc/cc/cr200f:6sTc,7sQs|/2s7cKh/Qc:-100,100(-100.000000)
35:BR,Player:0cc/cc/cc/cr200r600c:3h8h,2hJd|/2dThAc/2s/4c:-900,900(-900.000000)
36:Player,BR:0cc/cc/cr200c/cc:4cQs,2c6h|/9cQhAd/7c/Jc:300,-300(300.000000)
37:BR,Player:0cc/cc/cr200f:2h5s,3sTc|/6s6d9d/8c:-100,100(-100.000000)
38:Player,BR:0cc/cc/cc/r200r600f:3s5h,5c8s|/6h8hQh/Jh/2d:-300,300(-300.000000)
39:BR,Player:0r200c/cc/cc/cc:8dKs,8sKd|/3dTsTc/4s/4d:0,-0(-34.801855)
40:Player,BR:0cc/cc/r200c/cc:5d8h,8sTc|/QdKhKc/6d/5s:300,-300(-120.884681)
41:BR,Player:0r200c/cr600c/r1800f:8dKh,6h7c|/2c3d8c/Td:900,-900(900.000000)
42:Player,BR:0cr19900c/cc/cc/cc:2hJc,4sAh|/3sKhAd/6h/7h:-20000,20000(-5296.388719)
43:BR,Player:0r200c/cc/r19700f:TsTc,4s5d|/3s4dAc/Td:300,-300(300.000000)
44:Player,BR:0cc/cc/r200f:4sKd,8dTs|/3d4hQh/Ks:100,-100(100.000000)
45:BR,Player:0r200c/cc/cc/cc:2hTd,3hTh|/8sKsAh/2c/Jd:300,-300(-55.950430)
46:Player,BR:0cr200c/r600c/cr1800f:4d6c,2d5h|/3h7sTc/4s:-900,900(-900.000000)
47:BR,Player:0r200c/cr600c/cc/cc:ThKd,6h7d|/3d6s9c/Qd/Ad:-900,900(-150.896284)
48:Player,BR:0cc/cc/cr200f:3hJd,7d8s|/5s7sKh/4d:-100,100(-100.000000)
49:BR,Player:0r200c/cc/r600f:5hQh,9cJd|/8h8dAc/4h:300,-300(300.000000)
50:Player,BR:0cr200c/cc/r600f:9hJc,7c9d|/4s5hTs/8s:300,-300(300.000000)
51:BR,Player:0cc/cc/cr200f:7c9h,3s9c|/4h6sQc/2c:-100,100(-100.000000)
52:Player,BR:0cc/cc/cr200c/cr19700f:5dKc,8hAd|/2h6d8d/Kd/7d:-300,300(-300.000000)
53:BR,Player:0r200c/cc/cc/cc:8hAs,TcAd|/4h5sKh/6h/9c:-300,300(-204.915540)
54:Player,BR:0cr200c/cc/r600c/r1800f:4dKd,4c5s|/TdKsKh/4s/2c:900,-900(900.000000)
55:BR,Player:0r200c/cr600c/cc/cr1800c:4s8c,6s9h|/2s4c6d/Qd/6h:-2700,2700(-827.766901)
56:Player,BR:0cr200c/cc/r600f:9dJd,2c4s|/7sJcKc/8d:300,-300(300.000000)
57:BR,Player:0cc/cr200c/r600f:3c5c,5sTc|/6d7cQc/Kd:300,-300(300.000000)
58:Player,BR:0cc/cc/cr200f:2d3s,3h8s|/4h7hQs/5h:-100,100(-100.000000)
59:BR,Player:0r200c/cc/r19700f:JcQc,6h6d|/8d9hTc/7s:300,-300(300.000000)
60:Player,BR:0cr200c/cc/r600c/cc:4d5c,9sKc|/3c9hAs/7s/4h:-900,900(-279.780160)
61:BR,Player:0cc/cc/cr200c/cc:6c9d,3dKc|/6d7hKh/Jc/Qc:-300,300(-10.546957)
62:Player,BR:0cc/cc/cc/r200c:5d7h,6cAh|/2sJsKh/Kc/6h:-300,300(-78.506775)
63:BR,Player:0cc/cc/cr200f:3s4s,4dKd|/7hTsQc/Jd:-100,100(-100.000000)
64:Player,BR:0cr200c/r600c/cr1800f:JdKs,9cQs|/5s7h8s/Tc:-900,900(-900.000000)
65:BR,Player:0cc/cc/cc/cr200r600c:3sQh,5hTs|/3d5cAd/6c/Tc:-900,900(-900.000000)
66:Player,BR:0cr200c/cc/r600c/r1800f:QhAh,JdJc|/4hKsAd/2s/4d:900,-900(900.000000)
67:BR,Player:0r200c/cc/cc/cr600c:2dJd,9dJh|/3s4cTh/Ac/2c:900,-900(-293.012189)
68:Player,BR:0cc/cc/cr200c/cc:8hAc,4c7s|/6s8sKd/Jh/3c:300,-300(298.055455)
69:BR,Player:0cc/cr200c/cc/cr600f:ThAd,5sJs|/2s5c7d/9d/Jc:-300,300(-300.000000)
70:Player,BR:0cr200c/cc/cc/cr600f:5s5c,2c6s|/2h8sKd/Td/Kh:-300,300(-300.000000)
71:BR,Player:0r200c/cr600c/cr1800f:4cQs,JdAs|/7dKhAc/3c:-900,900(-900.000000)
72:Player,BR:0cc/cc/r200f:6hTd,2h9c|/3s6sTh/3h:100,-100(100.000000)
73:BR,Player:0cc/cr200c/cc/r600f:3d9c,7s9s|/6cJcQc/3c/As:300,-300(300.000000)
74:Player,BR:0cc/cc/cc/r200f:ThKs,6s6h|/5d9hAh/Ts/9d:100,-100(100.000000)
75:BR,Player:0r200c/cr600c/cc/r1800c:3s3h,7cTd|/7d8cKc/Jh/5d:-2700,2700(-2700.000000)
76:Player,BR:0cc/cc/cc/cc:7dTs,4sKd|/7hThAs/9h/8d:100,-100(56.171546)
77:BR,Player:0cc/cc/r200c/cr600c:9dTc,6dQs|/3d4c5s/9c/As:900,-900(-298.765463)
78:Player,BR:0cc/cc/r200c/cc:7h8d,5hQc|/6sThKs/Tc/Jd:-300,300(-255.164758)
79:BR,Player:0r200c/cc/cc/cc:8cKd,3c9c|/5c6s9s/Qd/Ad:-300,300(-276.565230)
80:Player,BR:0cr200c/cc/r600c/cr1800c:9sAs,TcQs|/2dJsJc/Th/Kd:-2700,2700(-1217.411889)
81:BR,Player:0cc/cc/cc/cr200f:4h6c,3c9s|/7dQdKs/Jc/8c:-100,100(-100.000000)
82:Player,BR:0cr200c/cc/r600c/r1800f:3dQd,7dJh|/2s6s7s/9s/6h:900,-900(900.000000)
83:BR,Player:0cc/cr200c/r600f:4dJc,2dQs|/8sThJh/6s:300,-300(300.000000)
84:Player,BR:0cc/cc/cr200c/cc:8hQd,9dQc|/JdQsKs/4h/4s:0,-0(-64.970643)
85:BR,Player:0r200c/cr600c/cr1800f:2d4h,JdAc|/6cKhAs/9d:-900,900(-900.000000)
86:Player,BR:0cc/cc/cr200c/cc:9hAc,2dAs|/4h4cJh/4d/8d:0,-0(61.907256)
87:BR,Player:0r200c/cr600c/r1800f:4cAd,7c9s|/4d8sAs/Kc:900,-900(900.000000)
88:Player,BR:0cc/cc/cc/cc:5sJs,7dAc|/8h8dQs/Tc/2h:-100,100(-12.424366)
89:BR,Player:0f:6c7d,2d4s|:50,-50(50.000000)
90:Player,BR:0cr200c/cc/cc/r600r1800c:QhKc,JsQc|/3s7c8s/Kd/9c:2700,-2700(2700.000000)
91:BR,Player:0r200c/cr600c/r1800f:2c4d,9dAs|/7h7c9h/6h:900,-900(900.000000)
92:Player,BR:0cc/cc/r200c/r600r1800c:4cKh,4h7h|/6cJhKs/3h/8h:-2700,2700(-2515.252260)
93:BR,Player:0r200c/cc/cc/cc:3sTd,TsAd|/6sTcJs/Qs/7c:-300,300(192.980325)
94:Player,BR:0cc/cc/cr200f:7dJs,5c9c|/3c6d8s/Ad:-100,100(-100.000000)
95:BR,Player:0r200c/cc/cr600f:2d6c,6d7c|/9sTdTc/Ad:-300,300(-300.000000)
96:Player,BR:0cc/cc/cr200c/cr600f:4d8s,9sKd|/3c7hKs/4c/Ac:-300,300(-300.000000)
97:BR,Player:0r200c/cc/r600r1800r5400f:9cAc,4dJd|/3c9dJc/6s:2700,-2700(2700.000000)
98:Player,BR:0cr200c/cc/cr600c/r1800r5400c:JsAs,QhAd|/4s9hAc/5c/Ah:-8100,8100(-6786.003948)
99:BR,Player:0f:4c5h,2c9d|:50,-50(50.000000)
100:Player,BR:0cc/cc/r200c/cc:6dTs,JdKs|/2h9cTc/7s/Jh:-300,300(-12.657895)
101:BR,Player:0r200c/cc/r600f:QhAd,3dKs|/3c4hQc/Th:300,-300(300.000000)
102:Player,BR:0cc/cc/cc/cc:6dJh,7sQs|/2h8dAs/Tc/Th:-100,100(19.372708)
103:BR,Player:0r200c/cc/cc/r600c:JcAh,2s2h|/5c7sQd/6h/Ac:900,-900(534.908961)
104:Player,BR:0cc/cc/cr200f:7c9s,4c8d|/4dJhJd/Jc:-100,100(-100.000000)
105:BR,Player:0r200c/cr600c/cc/r1800c:3cTc,5hKs|/7s7h8s/5d/Kc:-2700,2700(-2700.000000)
106:Player,BR:0cr200c/r600c/cr1800f:2s2d,8dTc|/7dQsAs/7h:-900,900(-900.000000)
107:BR,Player:0r200c/cc/cc/cr600f:2s2c,7d9c|/3s8hQd/6s/9s:-300,300(-300.000000)
108:Player,BR:0cc/r200c/r600c/r1800c:4sQc,4cJc|/8dTcKc/2s/8c:-2700,2700(-1170.116260)
109:BR,Player:0cc/cr200c/cr600f:6dJc,4h7d|/2cTsTh/7s:-300,300(-300.000000)
110:Player,BR:0cc/cc/cr200c/cc:3sAd,6d8s|/5s5cJc/5d/Tc:300,-300(300.000000)
111:BR,Player:0r200c/cc/cc/r600f:5sTc,8c9d|/4s6hAs/Qs/7s:300,-300(300.000000)
112:Player,BR:0cc/cc/cc/cc:4sJc,3dJs|/2hQcKs/6h/Kh:0,-0(26.876152)
113:BR,Player:0r200c/cc/cc/cr600f:4s7d,6d7s|/3h9cJh/Th/3s:-300,300(-300.000000)
114:Player,BR:0cc/cc/cr200c/cc:5h8c,6sJh|/4d5c7d/8s/6d:0,-0(71.325032)
115:BR,Player:0r200c/cc/r600c/cc:6dKs,QsQc|/4h7dJd/Kc/9s:900,-900(758.632972)
116:Player,BR:0cc/cc/cr200c/cr600r1800f:9sAh,4cTh|/2h6h9h/7h/9d:900,-900(900.000000)
117:BR,Player:0cc/cr200c/cc/cc:4sQh,5dJs|/2s7hTc/9h/Th:300,-300(-119.646854)
118:Player,BR:0cr200c/cc/cr19700f:KhAc,9hJc|/8c9s9d/3c:-300,300(-300.000000)
119:BR,Player:0r200c/cr600c/r1800c/r5400c:6hKc,4c6d|/5c8s9s/7h/3h:0,-0(2858.879394)
120:Player,BR:0cr200c/cc/cr600c/cc:6sQs,3d8c|/2d4c9s/6c/2h:900,-900(892.632206)
121:BR,Player:0r200c/cc/r600c/r1800f:JcAd,4sTs|/3s8sQh/Ac/5h:900,-900(900.000000)
122:Player,BR:0cr200c/cc/cr600c/cr1800c:7h8c,4d6c|/4h5d7s/6s/6h:-2700,2700(-2700.000000)
123:BR,Player:0r200c/cc/r19700f:8dJd,4s8s|/4c5d9d/7d:300,-300(300.000000)
124:Player,BR:0cc/cc/cc/cr200c:5sAc,8c9h|/9dTsAs/Qs/Jc:-300,300(-80.788203)
125:BR,Player:0cc/cc/r200f:7d8c,2dQc|/6s8hTh/6d:100,-100(100.000000)
126:Player,BR:0cc/cc/r200r19700f:3h8c,QhAh|/5h7hQs/8h:-300,300(-300.000000)
127:BR,Player:0r200c/cr600c/cr1800c/cc:3s7d,9cQh|/3h4cJh/8h/4s:2700,-2700(1046.768211)
128:Player,BR:0cr200c/cc/cr600c/cr1800f:4c6s,KhKd|/3s4sTd/Qd/7c:-900,900(-900.000000)
129:BR,Player:0cc/cc/cc/cr200f:4s4h,QcKd|/3d3cQs/Td/5h:-100,100(-100.000000)
130:Player,BR:0cr200c/cc/cc/cc:QdAs,5d7s|/7c8d9s/Js/8c:-300,300(-9.925609)
131:BR,Player:0r200c/cr600c/cr1800f:9cJd,2d3d|/4dQhAs/3h:-900,900(-900.000000)
132:Player,BR:0cr200c/cc/cr19700f:3d4d,8cQd|/8s8hTh/Ac:-300,300(-300.000000)
133:BR,Player:0r200c/cr600c/cc/cc:4s8c,6h8s|/8h9sKh/Td/6d:-900,900(-314.641510)
134:Player,BR:0cc/cc/cc/r200r600f:2sTd,KcAh|/7h7c9h/Ts/4d:-300,300(-300.000000)
135:BR,Player:0r200c/cc/cr600c/cr1800f:7dKd,4s5s|/3cAhAc/6s/2c:-900,900(-900.000000)
136:Player,BR:0cc/r200c/r600c/cc:8cJs,2hAh|/6c7d7c/2s/8h:900,-900(899.499654)
137:BR,Player:0r200c/cr600c/cc/cr1800c:2hKc,ThQs|/7cJhKh/8h/Qh:-2700,2700(-708.103886)
138:Player,BR:0cr200c/cc/r600f:JhJc,6hJs|/7hTcAd/9h:300,-300(300.000000)
139:BR,Player:0r200c/cr600c/r1800c/cr17300f:4sQc,JhQh|/6d6cTs/9h/Ac:-2700,2700(-2700.000000)
140:Player,BR:0cr200c/r600c/r1800r5400c/cr11900c:KsKd,7d9d|/6dJdQc/3d/9h:-20000,20000(-1027.895430)
141:BR,Player:0r200c/cr600c/cc/cc:ThKs,6dTs|/5c7dJs/3c/2s:900,-900(-117.941371)
142:Player,BR:0cc/cc/cr200c/r600f:4cTd,JdAh|/4d5dAc/2h/3h:300,-300(300.000000)
143:BR,Player:0cc/cc/r19900f:2h4c,JhKc|/3d6dTs/5s:100,-100(100.000000)
144:Player,BR:0cr200c/cc/r600f:7hTc,2h8c|/6sJdKc/Qh:300,-300(300.000000)
145:BR,Player:0cc/cr200c/cc/cc:2h7s,3dTs|/3c9s9c/2d/Qs:-300,300(83.591951)
146:Player,BR:0cc/cc/cc/r200f:4hJh,6hQs|/TcJdKd/7d/3s:100,-100(100.000000)
147:BR,Player:0r200c/cr600c/r1800f:2d5h,KhAd|/4d4cTs/3h:900,-900(900.000000)
148:Player,BR:0cr200c/cc/r600c/r1800r5400f:3s7s,8h9s|/4h8sAc/2d/2c:-2700,2700(-2700.000000)
149:BR,Player:0r200c/cr600c/cr1800r5400r11900f:JdAh,4d6d|/8dQdKh/6c:-8100,8100(-8100.000000)
150:Player,BR:0cr200c/r600c/cc/cr1800f:6sQs,4h5h|/4d6d9c/Jh/4s:-900,900(-900.000000)
151:BR,Player:0r200c/cc/r600f:5sKc,3sTs|/6c9dKd/Jc:300,-300(300.000000)
152:Player,BR:0cc/cc/cc/r200f:4d7c,4h6h|/3d7s9h/6c/Jc:100,-100(100.000000)
153:BR,Player:0cc/cr200c/cc/cr600f:7sTd,8s9d|/5s5cJc/4c/6h:-300,300(-300.000000)
154:Player,BR:0cc/cc/cr200c/cc:2d3d,JcAc|/5c6c8s/4h/Ks:300,-300(290.756016)
155:BR,Player:0r200c/cc/r600c/r1800f:4s7d,8dJs|/7hJcQs/4h/Ks:900,-900(900.000000)
156:Player,BR:0cr200c/r600c/r1800c/cc:2dKd,4h4d|/6s9dJh/2s/9s:-2700,2700(917.143845)
157:BR,Player:0r200c/cc/r19700f:6hAh,2h2d|/3h9dTh/8h:300,-300(300.000000)
158:Player,BR:0cc/cc/cr200r600c/r1800c:6hQc,2dTh|/6d6cKd/2h/7h:2700,-2700(883.088019)
159:BR,Player:0r200c/cc/r19700f:4sAs,8h8d|/4h4dJc/Ah:300,-300(300.000000)
160:Player,BR:0cr200c/cc/cr600c/cc:JcAs,2h8h|/6h6cQc/Jh/8s:900,-900(540.467269)
161:BR,Player:0f:KdAc,3s8d|:50,-50(50.000000)
162:Player,BR:0cr200c/r600c/cr19100f:3s3h,2sTs|/2h5sQd/2c:-900,900(-900.000000)
163:BR,Player:0cc/cc/cr200c/r600f:2hTc,6cTh|/5h7d8c/2d/2s:300,-300(300.000000)
164:Player,BR:0cc/cc/r200r600r1800c/cr5400f:7hKc,5h6s|/4c5d7c/Ks/6c:-2700,2700(-2700.000000)
165:BR,Player:0cc/cc/cr200c/cc:ThAd,7hQh|/2d7sJc/3d/2c:-300,300(-2.490717)
166:Player,BR:0cr200c/cc/cr600f:QsKd,8hQc|/5d6c9c/5s:-300,300(-300.000000)
167:BR,Player:0r200c/cc/cc/cc:5hAc,4h8h|/2d3cKc/2s/8d:-300,300(-15.789583)
168:Player,BR:0cc/cc/cc/cr200c:5dKc,6hJh|/8hQsQc/5h/Qh:300,-300(-177.520141)
169:BR,Player:0cc/cc/cc/cr200f:5hQc,9dJh|/4c7cKd/2s/Jc:-100,100(-100.000000)
170:Player,BR:0cr200c/r600c/cr1800f:2dKd,8cJc|/3h5dTh/9c:-900,900(-900.000000)
171:BR,Player:0cc/cr200c/cr600f:JdAc,6c9c|/5h6h9h/3c:-300,300(-300.000000)
172:Player,BR:0cr200c/cc/cc/cc:9cJc,5cAh|/2d8dKs/5d/2h:-300,300(-51.105335)
173:BR,Player:0r200c/cc/cc/cr600r1800c:3sKd,JcAc|/8h8dAd/4h/9c:-2700,2700(-2700.000000)
174:Player,BR:0cc/cc/cr200c/cc:7sKc,2s8c|/3hThAd/Ks/2h:300,-300(254.356130)
175:BR,Player:0r200c/cr600c/cr1800f:6dTc,QhKd|/7cJcKs/4h:-900,900(-900.000000)
176:Player,BR:0cc/cc/cr200f:7dJd,ThJh|/2d4s8h/Qh:-100,100(-100.000000)
177:BR,Player:0cc/cc/cc/cc:2cAd,2sTd|/9d9cTh/Jd/2h:-100,100(49.783187)
178:Player,BR:0cr200c/cc/cr600c/cc:9s9c,5h6d|/3sThQd/4h/Tc:900,-900(900.000000)
179:BR,Player:0f:5cTs,2d5h|:50,-50(50.000000)
180:Player,BR:0cr200c/cc/cc/cc:5h5d,TsJd|/8hQdAc/Jh/Ah:-300,300(-154.023253)
181:BR,Player:0cc/cc/cc/cr200f:2d9d,6d8s|/6hTcQh/Ts/4d:-100,100(-100.000000)
182:Player,BR:0cc/cc/cr200f:5c9h,8sTd|/2h6s8d/Js:-100,100(-100.000000)
183:BR,Player:0r200c/cc/r600c/cc:8hTd,3s3c|/5d9s9h/4d/Kc:-900,900(-900.000000)
184:Player,BR:0cc/cc/r200c/cc:5s8c,2sKh|/5h6sTs/6h/9h:300,-300(15.311583)
185:BR,Player:0cc/cc/cc/cc:6dTh,4cAh|/2cJhQc/Ks/Qd:-100,100(-29.491843)
186:Player,BR:0cc/cc/r200c/cr600c:2cAs,4hJd|/7cJcAh/3c/Js:-900,900(-890.473495)
187:BR,Player:0r200c/cr600c/cr1800f:5sAs,4hAc|/7cQcKd/Jc:-900,900(-900.000000)
188:Player,BR:0cr200c/cc/r600f:4sJs,5dTh|/2c7sJh/3h:300,-300(300.000000)
189:BR,Player:0r200c/cc/cc/cc:2sAd,9dQh|/TsQsKs/6h/5d:-300,300(-298.807743)
190:Player,BR:0cc/cc/cc/r200f:4s8h,8sQc|/9cKsAh/Jd/6c:100,-100(100.000000)
191:BR,Player:0cc/cc/cc/cc:8cAs,5cAd|/3s9cQh/7c/Kh:100,-100(-28.049443)
192:Player,BR:0cc/cc/cr200f:4dAs,7hTc|/5h6dKd/Ks:-100,100(-100.000000)
193:BR,Player:0cc/cr200c/cc/r600f:TdJs,4sTh|/3d6s6c/8h/Jd:300,-300(300.000000)
194:Player,BR:0cc/cc/cc/cc:5sTh,TsAh|/8d9cKs/4s/4c:-100,100(-34.113165)
195:BR,Player:0cc/cc/cc/cr200r600f:9cQd,2hTs|/4s6hTc/As/7d:300,-300(300.000000)
196:Player,BR:0cc/cc/cc/cc:5s7h,6h9d|/TcAsAd/Kc/Jc:0,-0(51.361406)
197:BR,Player:0cc/cc/cc/cc:2c4h,4sKs|/7h9cQc/3h/Tc:-100,100(-100.000000)
198:Player,BR:0cr200c/cc/cc/cr600r19100f:8sKs,4cTh|/3s9cQs/5h/2s:900,-900(900.000000)
199:BR,Player:0r200c/cc/cc/cr600r1800f:9sTh,5hJd|/5d8dTd/Jh/6c:900,-900(900.000000)
200:Player,BR:0cr200c/cc/cc/r600f:4d6c,2h9c|/QhKdAc/Ks/5c:300,-300(300.000000)
201:BR,Player:0cc/cr200c/cr600c/cc:5hJc,3hJd|/5dTcAs/9c/7d:900,-900(-211.090457)
202:Player,BR:0cc/cc/cc/r200r600c:5h7d,3sTs|/ThJhAh/8h/6d:900,-900(900.000000)
203:BR,Player:0r200c/cc/cc/cc:5sKd,7hKc|/2cThAs/3c/5h:300,-300(146.419540)
204:Player,BR:0cc/cc/cr200c/cr600c:5cKd,8s8h|/3c6h7c/7h/4h:900,-900(-153.077208)
205:BR,Player:0cc/cc/r200f:5dJd,6sAs|/3h7d8s/8d:100,-100(100.000000)
206:Player,BR:0cc/cc/cr200c/cc:5hQc,3cTc|/4d5c6h/9c/6d:300,-300(299.867642)
207:BR,Player:0cc/cc/cc/cc:2s9h,JhAh|/5d6cTd/8c/Qd:-100,100(-100.000000)
208:Player,BR:0cc/cc/cr200f:4s9h,2c5d|/JhJdJc/6c:-100,100(-100.000000)
209:BR,Player:0r200c/cr600c/r1800c/r5400f:6hQh,QdKh|/2h7hQc/4s/6d:2700,-2700(2700.000000)
210:Player,BR:0cc/cc/cc/r200c:2c7d,2h9s|/3sTdAh/2s/2d:0,-0(-216.866239)
211:BR,Player:0cc/cc/cc/cr200f:7cKc,4hQd|/6sQhAs/Jc/9s:-100,100(-100.000000)
212:Player,BR:0cr200c/cc/r600c/cr1800f:3c5c,3hAh|/5s7dQc/3d/6d:-900,900(-900.000000)
213:BR,Player:0r200c/cr600c/r19100f:2hTs,8dJh|/2s5d9s/Td:900,-900(900.000000)
214:Player,BR:0cc/cc/r200r600f:4h8s,7hKc|/6cTsKs/7d:-300,300(-300.000000)
215:BR,Player:0r200c/cc/cc/cc:3s9s,3cAs|/6h7dQs/4c/Ad:-300,300(-300.000000)
216:Player,BR:0cc/cc/cr200f:6cAh,3s8s|/8cJsQc/3d:-100,100(-100.000000)
217:BR,Player:0r200c/cc/r600f:QhKh,6d8h|/2c9hKc/6h:300,-300(300.000000)
218:Player,BR:0cr200c/cc/r600f:9dAd,6hKs|/4c8s9c/3c:300,-300(300.000000)
219:BR,Player:0r200c/cc/cc/cr600r1800f:3dJc,7sTs|/2cAhAd/9c/5c:900,-900(900.000000)
220:Player,BR:0cc/cc/cr200c/cr600f:2hTd,5cKs|/3dTsJc/Kd/Kh:-300,300(-300.000000)
221:BR,Player:0cc/cr200c/cr600r1800f:7d9c,4hAd|/2h5c9d/Tc:900,-900(900.000000)
222:Player,BR:0cr200c/cc/cc/r600f:6hKh,4s6d|/8dQhAs/Ts/Jd:300,-300(300.000000)
223:BR,Player:0r200c/cc/r600f:KcAh,9hQh|/2s5hAc/4s:300,-300(300.000000)
224:Player,BR:0cc/cc/r200f:6cKh,9hJh|/2c4c5s/5h:100,-100(100.000000)
225:BR,Player:0cc/cc/cc/cc:4h8d,3hQd|/6dQcKd/Ac/Ts:-100,100(-100.000000)
226:Player,BR:0cc/cc/r200r600f:8hQd,7dKh|/3d4h6d/Td:-300,300(-300.000000)
227:BR,Player:0cc/cr200c/r600f:5hAc,3d9h|/3sJcAs/8s:300,-300(300.000000)
228:Player,BR:0cc/cc/cr200c/cr600c:2cAd,KcAs|/5dTdQc/Ah/Kh:-900,900(-899.999995)
229:BR,Player:0cc/cr200c/cr600c/cc:2hKc,8sAc|/4dJcAs/6s/6d:-900,900(98.970162)
230:Player,BR:0cc/cc/cc/cc:6dJc,8cQd|/7c9hAd/Kh/5h:-100,100(-0.514127)
231:BR,Player:0r200c/cr600c/cr1800c/cr5400f:3dKd,9sTd|/5dAhAd/3s/8s:-2700,2700(-2700.000000)
232:Player,BR:0cc/cc/cr200c/cr600c:9hJd,QsQc|/4s4d9d/7d/5s:-900,900(-105.635085)
233:BR,Player:0cc/cc/r200f:4sTc,7dJd|/2c6cTh/Ac:100,-100(100.000000)
234:Player,BR:0cr200c/r600c/cr19100f:TdJh,7hKh|/2d4h6h/9h:-900,900(-900.000000)
235:BR,Player:0r200c/cc/cc/cr600f:4s8s,4h5d|/9dJcKs/6s/3c:-300,300(-300.000000)
236:Player,BR:0cr19900c/cc/cc/cc:KcAs,5c6c|/7cJsJd/6h/7d:20000,-20000(19915.175174)
237:BR,Player:0cc/cc/r19900f:2hAh,5dKc|/JsKdAs/Ac:100,-100(100.000000)
238:Player,BR:0cc/cc/r200r600c/cr1800c:4s6d,QdQc|/3s5h7s/8s/3c:2700,-2700(-1692.393697)
239:BR,Player:0cc/cc/cc/cc:2s9h,7c8c|/7sThQh/As/Kh:-100,100(-91.065158)
240:Player,BR:0cr200c/cc/cc/cc:6hAh,3dJs|/3c5c8h/4c/9h:-300,300(-67.708829)
241:BR,Player:0r200c/cr600c/r1800f:4d5c,JsAh|/2sTcQh/2d:900,-900(900.000000)
242:Player,BR:0cc/cc/cc/cr200f:4dKd,3d5c|/3s8c9c/As/9h:-100,100(-100.000000)
243:BR,Player:0cc/cc/r200f:3s8d,7sTs|/2h2cAh/3d:100,-100(100.000000)
244:Player,BR:0cr200c/r600c/r1800c/cc:JhAc,9hKd|/2s8sJd/4c/8d:2700,-2700(227.048030)
245:BR,Player:0cc/cc/cc/cr200f:4sAh,3d6s|/5h7d8h/Qs/Ks:-100,100(-100.000000)
246:Player,BR:0cc/cc/cr200f:2sQd,3d5c|/5dTcJs/3s:-100,100(-100.000000)
247:BR,Player:0cc/cc/cc/cr200f:4hTd,3h4s|/6hJdQc/5d/7c:-100,100(-100.000000)
248:Player,BR:0cr200c/cc/cr600f:9dAc,3d6h|/2h4s5h/6s:-300,300(-300.000000)
249:BR,Player:0cc/cc/cc/cr200f:3hKd,2s6s|/8cJcQh/4h/9h:-100,100(-100.000000)
250:Player,BR:0cc/cc/cc/r200f:6d9h,2hQc|/4h4c9c/Jc/4d:100,-100(100.000000)
251:BR,Player:0cc/cc/r200f:5d8h,5cQc|/4h8sJs/3s:100,-100(100.000000)
252:Player,BR:0cc/cc/cc/cr200f:3s7d,3hAd|/2sThKc/Js/Ah:-100,100(-100.000000)
253:BR,Player:0r200c/cc/cc/cc:4hAs,2c3c|/7c8cTd/3h/8s:-300,300(-163.471021)
254:Player,BR:0cc/cc/r200f:2hTd,7h8s|/6sJcAh/Kc:100,-100(100.000000)
255:BR,Player:0r200c/cc/r600c/r19100f:3sQd,6s6d|/7dJcKd/Ad/8c:900,-900(900.000000)
256:Player,BR:0cc/cc/cc/cr200r600r1800c:4sTh,3dKd|/5sTdAd/Tc/4d:2700,-2700(-2061.559867)
257:BR,Player:0r200c/cc/cc/cr600f:2d8h,4c5d|/5s5hJh/Kd/Kc:-300,300(-300.000000)
258:Player,BR:0cc/cc/cr200f:6sJd,9dTc|/7s8dAh/3c:-100,100(-100.000000)
259:BR,Player:0f:TsJs,2h6c|:50,-50(50.000000)
260:Player,BR:0cc/cc/cc/cc:3c4h,8d9d|/5c8sAs/Qc/Js:-100,100(-37.938715)
261:BR,Player:0f:2c9d,2s7c|:50,-50(50.000000)
262:Player,BR:0cc/cc/cr200f:2hKd,ThQh|/9hQsAc/4s:-100,100(-100.000000)
263:BR,Player:0cc/cc/r200f:AsAc,3h5h|/2s5d7s/9h:100,-100(100.000000)
264:Player,BR:0cr200c/cc/cc/cc:KhKd,6s7h|/3hThTc/Ac/Kc:300,-300(294.850079)
265:BR,Player:0cc/cr200c/cc/cc:4hTs,9dJh|/2d5dAd/9c/2c:-300,300(-214.442607)
266:Player,BR:0cc/cc/r200c/r600f:4cTh,5c9h|/8d9cJc/8s/6s:300,-300(300.000000)
267:BR,Player:0r200c/cc/cc/cr600r1800f:2h3h,5hAh|/3cThAs/7c/Kc:900,-900(900.000000)
268:Player,BR:0cr200c/r600c/cc/cr1800f:7sKs,4hKh|/5s8dJd/Qc/Js:-900,900(-900.000000)
269:BR,Player:0r200c/cc/cc/cr600f:4d8c,4sJs|/6s8dAh/9h/5d:-300,300(-300.000000)
270:Player,BR:0cr200c/r600c/cr1800c/cc:JdKc,QcKd|/5s6hJh/Th/2h:2700,-2700(2700.000000)
271:BR,Player:0cc/cr200c/cr600c/cc:9dQh,5hAc|/2s8cAs/Ks/6c:-900,900(-87.700698)
272:Player,BR:0cc/cc/cr200f:4h6d,JcQh|/5cTsQs/5d:-100,100(-100.000000)
273:BR,Player:0r200c/cr600c/r1800f:KsKh,7h9c|/2s5h5d/Qd:900,-900(900.000000)
274:Player,BR:0cc/cc/cr200c/cc:6cTc,6h8s|/5h7dAc/Th/7c:300,-300(300.000000)
275:BR,Player:0r200c/cc/cc/r600f:4cQs,7h9s|/5cKdAd/3s/2h:300,-300(300.000000)
276:Player,BR:0cr200c/cc/r600c/cc:4d6s,6c8s|/2s6dKs/5s/9h:-900,900(355.946206)
277:BR,Player:0r200c/cc/r600c/cr1800f:4dJh,6s9s|/4s9d9c/6h/7c:-900,900(-900.000000)
278:Player,BR:0cc/cc/cc/r200f:6dQs,TcJc|/3h4sQh/9h/5c:100,-100(100.000000)
279:BR,Player:0r200c/cc/r600f:7d8c,ThAd|/8s8h9c/3s:300,-300(300.000000)
280:Player,BR:0cc/cc/cr200c/cr600c:5h8c,9sKh|/2s8hKs/Qc/6d:-900,900(-453.612254)
281:BR,Player:0r200c/cc/cc/cc:TcKc,7sKd|/5cJhAh/2c/8s:300,-300(-60.643081)
282:Player,BR:0cr200c/cc/cr600c/cc:7d7c,QcKc|/3h6d9s/Td/2c:900,-900(796.057576)
283:BR,Player:0r200c/cc/cc/cr600f:5cQc,9cKc|/9sTcJh/As/Qd:-300,300(-300.000000)
284:Player,BR:0cr200c/cc/cr600c/cc:TsJh,4d7c|/2c6cQs/8d/9s:900,-900(899.716868)
285:BR,Player:0cc/cr200c/r19700f:2c5h,4cJh|/2s3c5s/5d:300,-300(300.000000)
286:Player,BR:0cr200c/r600c/cc/cr1800f:JcQh,2dQd|/3d5h8s/Ks/9s:-900,900(-900.000000)
287:BR,Player:0r200c/cc/cc/cc:3cQs,8h8d|/2c5dJs/Ac/Tc:-300,300(-299.999974)
288:Player,BR:0cr200c/r600c/r1800r5400f:8c9c,2hKd|/3sTcAc/4s:-2700,2700(-2700.000000)
289:BR,Player:0r200c/cr600c/cc/cc:JcKs,2sAc|/4d7c8h/5d/Kd:900,-900(514.877110)
290:Player,BR:0cr200c/r600c/cc/cc:7s7h,QhAc|/2c4h5c/5d/Th:900,-900(-74.299206)
291:BR,Player:0r200c/cc/r600f:9cQs,JcAc|/2s2d4s/9d:300,-300(300.000000)
292:Player,BR:0cc/cc/cc/cc:3sQh,3cAd|/5h6s7s/Qd/9c:100,-100(31.799004)
293:BR,Player:0cc/cc/cr200c/cc:TsJh,2sJc|/4s6hAd/8s/6c:300,-300(-12.518381)
294:Player,BR:0cc/cc/cr200f:4s8h,3cKh|/6dQsKs/9c:-100,100(-100.000000)
295:BR,Player:0r200c/cc/cc/cr600f:5s5h,4cTc|/7hKdKc/Jh/Qs:-300,300(-300.000000)
296:Player,BR:0cc/cc/r200f:6c9h,4h5h|/7s8sAs/Kh:100,-100(100.000000)
297:BR,Player:0r200c/cr600c/cc/cc:2hKh,6s7h|/6c8dAh/8s/Qh:-900,900(133.593446)
298:Player,BR:0cc/cc/cr200f:4sQd,3s8d|/3h6hJc/Jd:-100,100(-100.000000)
299:BR,Player:0cc/cc/cc/r19900f:7sAs,ThAd|/2sTcQs/2d/3s:100,-100(100.000000)
300:Player,BR:0cr200c/r600c/cr1800f:7dKh,9sQs|/3s7cQh/5s:-900,900(-900.000000)
301:BR,Player:0cc/cc/r200r600r1800c/cc:6hAc,9cTh|/6cTcJc/9h/4d:-2700,2700(-2699.999997)
302:Player,BR:0cr200c/cc/cr600r1800f:7h8h,7dJd|/5dTcKd/6s:900,-900(900.000000)
303:BR,Player:0cc/cr200c/cc/cc:5cKd,4hJs|/2s3hAc/2h/7s:300,-300(39.819993)
304:Player,BR:0cc/cc/cc/cc:3dKs,2cKh|/5d8c9d/7c/Ah:0,-0(66.341598)
305:BR,Player:0r200c/cr600c/cr1800f:6dKd,QhAd|/4h9sQc/As:-900,900(-900.000000)
306:Player,BR:0cc/cc/cr200f:5hTh,2c4h|/3d8hQs/9s:-100,100(-100.000000)
307:BR,Player:0cc/cr200c/cc/cc:6sQc,5hAc|/5c6h9c/Ks/Td:300,-300(190.899821)
308:Player,BR:0cr200c/cc/cr600f:7h7c,2dTd|/6dQdKh/9c:-300,300(-300.000000)
309:BR,Player:0r200c/cr600c/cr1800c/cr5400c:QsKh,4dKc|/4c7c9c/Qd/Tc:-8100,8100(-2423.266946)
310:Player,BR:0cc/cc/cc/cr200f:2sAh,2d3h|/5h8cJc/9d/Tc:-100,100(-100.000000)
311:BR,Player:0r200c/cr600c/cc/cr1800f:4sAs,8hKd|/4c9cKh/8c/5h:-900,900(-900.000000)
312:Player,BR:0cr200c/r600c/r1800r5400r11900f:4c6c,6dAh|/3s7sQd/5d:8100,-8100(8100.000000)
313:BR,Player:0cc/cr200c/cr600r1800f:QsAd,3sJh|/2h7h9s/Kd:900,-900(900.000000)
314:Player,BR:0cc/cc/cr200f:5cQh,4c7s|/6h9cKs/6s:-100,100(-100.000000)
315:BR,Player:0cc/cr200c/cc/cr600f:2sJd,JsQc|/QhQdKh/Kc/2c:-300,300(-300.000000)
316:Player,BR:0cc/cc/cr200c/cc:3cQh,8cJs|/9hJdQs/Td/2s:-300,300(-58.979104)
317:BR,Player:0r200c/cc/cc/cc:8hKs,4c8c|/TsQhAd/Qc/8d:0,-0(96.801395)
318:Player,BR:0cc/cc/cc/cc:8sKc,3sAd|/4s5h9s/Td/5c:-100,100(-28.099167)
319:BR,Player:0r200c/cc/cc/cr600f:6h7s,TdTc|/JsQhQd/2d/2h:-300,300(-300.000000)
320:Player,BR:0cr200c/r600c/cr1800c/cr5400f:5s5d,4cQc|/2h4hQs/As/Jd:-2700,2700(-2700.000000)
321:BR,Player:0cc/cr200c/cc/r600f:QcKh,5s9c|/4d7dJd/2d/2c:300,-300(300.000000)
322:Player,BR:0cc/cc/cr19900f:3sJh,7d8d|/6d9hTd/Tc:-100,100(-100.000000)
323:BR,Player:0r200c/cc/cr600f:3d7c,4dQh|/2s5d9h/8h:-300,300(-300.000000)
324:Player,BR:0cr200c/cc/cc/r600c:2dJd,3sKc|/TcAsAc/Js/Jc:900,-900(252.615317)
325:BR,Player:0r200c/cc/cc/r600f:2s7c,3h5h|/2d3cJs/Ad/7s:300,-300(300.000000)
326:Player,BR:0cc/cc/cr200c/cr19700f:2s8h,3s7s|/2d6c7d/3c/7c:-300,300(-300.000000)
327:BR,Player:0r200c/cc/r600f:7sQd,ThKs|/3s5d8c/7c:300,-300(300.000000)
328:Player,BR:0cr200c/r600c/cr1800f:QcKd,3s5d|/2h8dJd/Jc:-900,900(-900.000000)
329:BR,Player:0cc/cc/r200f:5hKc,4h9c|/TsTdKd/3h:100,-100(100.000000)
330:Player,BR:0cr200c/r600c/r1800c/cc:KsKc,4s9h|/7h9dKd/Jh/Ad:2700,-2700(1949.255344)
331:BR,Player:0cc/cc/r200c/cc:9hTc,3s5s|/2h2c9d/4d/5h:300,-300(229.054131)
332:Player,BR:0cr200c/cc/cr600f:9cKc,9dKh|/2h4h7d/6h:-300,300(-300.000000)
333:BR,Player:0r200c/cc/cc/cc:8cAd,9hAc|/4dKsKc/7h/2d:-300,300(145.306986)
334:Player,BR:0cc/cc/cr19900f:2s7s,QdAs|/8sQhAh/5c:-100,100(-100.000000)
335:BR,Player:0f:8c9s,2s4d|:50,-50(50.000000)
336:Player,BR:0cc/cc/cr200c/cc:2h9d,9sTc|/4c9cAd/3h/Js:-300,300(-106.265290)
337:BR,Player:0r200c/cc/cc/cc:4h7c,8sQc|/8dTsTc/Ks/Jh:-300,300(-299.963888)
338:Player,BR:0cc/cc/cr200c/cc:3c7d,2d7c|/3d5hTs/Js/Jc:300,-300(293.802489)
339:BR,Player:0cc/cr200c/r600f:5dKd,9dKc|/4d7h8d/7c:300,-300(300.000000)
340:Player,BR:0cr200c/cc/cc/r600c:6h9h,JdAs|/2d4dKc/Qc/7s:-900,900(287.398073)
341:BR,Player:0cc/cc/cc/cc:2h7d,5cTd|/4s4hKc/Ks/3s:-100,100(-100.000000)
342:Player,BR:0cc/cc/cc/cc:3sAd,TdAs|/5hQcKc/4s/8c:-100,100(8.920698)
343:BR,Player:0r200c/cr600c/r1800f:6c7d,4dQc|/5c6hJh/7s:900,-900(900.000000)
344:Player,BR:0cc/cc/cc/cc:2s5c,6sTh|/5sJsAc/9c/Kd:100,-100(39.589620)
345:BR,Player:0r200c/cc/cc/r600f:4c8s,3s3c|/5sTdQh/8h/4d:300,-300(300.000000)
346:Player,BR:0cr200c/cc/cc/cc:7dKh,8sJh|/4s9cAc/3d/9d:300,-300(299.025739)
347:BR,Player:0r200c/cr600c/cc/cc:3hAd,7cQs|/4h5dJs/4c/Kc:900,-900(162.107437)
348:Player,BR:0cc/cc/r200f:2hQs,2c5c|/4c7cQd/Jd:100,-100(100.000000)
349:BR,Player:0r200c/cr600c/cr1800f:3dQh,6cAd|/8sJdAc/5d:-900,900(-900.000000)
350:Player,BR:0cr200c/r600c/cr1800f:ThQs,5c9c|/5s6s9d/2c:-900,900(-900.000000)
351:BR,Player:0f:3h9d,2c4h|:50,-50(50.000000)
352:Player,BR:0cr19900c/cc/cc/cc:TcAh,JcAs|/6h8hQh/5c/Ac:-20000,20000(-3367.395553)
353:BR,Player:0r200c/cr600c/r1800f:8cKc,3sQd|/2s7s7c/4c:900,-900(900.000000)
354:Player,BR:0cc/cc/cr200f:6sAc,3dJc|/5c9dTc/4h:-100,100(-100.000000)
355:BR,Player:0cc/cc/r200f:QhKd,2hQc|/JdKhAd/7d:100,-100(100.000000)
356:Player,BR:0cr200c/cc/cr600f:8cKc,TcQs|/5hThAd/9s:-300,300(-300.000000)
357:BR,Player:0r200c/cc/r600f:2c4s,KcAd|/2h4hQh/7c:300,-300(300.000000)
358:Player,BR:0cr200c/r600c/cr1800f:7c8c,2d5s|/5cQhAs/Ts:-900,900(-900.000000)
359:BR,Player:0r200c/cc/r600f:4cJc,TcKs|/3c6sQc/6d:300,-300(300.000000)
360:Player,BR:0cc/cc/r200c/r600r1800f:6hJh,8dAh|/5d7h9h/4c/2s:-900,900(-900.000000)
361:BR,Player:0r200c/cr600c/cc/r1800c:8cAh,6d7s|/TsJsKs/8s/4h:-2700,2700(-2700.000000)
362:Player,BR:0cc/cc/r200c/cc:2s3h,3dJd|/9sKsAh/4h/Kc:-300,300(-134.897787)
363:BR,Player:0r200c/cc/r600c/r1800f:QdKs,AsAc|/5h7dJd/9s/Td:900,-900(900.000000)
364:Player,BR:0cc/cc/r200r600f:2s7s,9dTc|/3h8sTs/6c:-300,300(-300.000000)
365:BR,Player:0r200c/cr600c/cc/cc:ThKs,QdKc|/4h9s9d/2h/2c:0,-0(98.222789)
366:Player,BR:0cc/cc/cc/cc:2d7c,5h8h|/5dThJc/4c/6h:-100,100(-40.604855)
367:BR,Player:0cc/cr200c/r600f:6hJd,3hTd|/4d6cJc/Ks:300,-300(300.000000)
368:Player,BR:0cc/cc/r200c/cr600f:2d6d,TdKh|/4d7sAd/Qd/8d:-300,300(-300.000000)
369:BR,Player:0r200c/cr600c/r1800f:3c8d,4s5s|/3h8hJh/2d:900,-900(900.000000)
370:Player,BR:0cr200c/r600c/cc/cc:2s5s,TcJs|/8s8cAs/3s/6h:900,-900(548.937124)
371:BR,Player:0r200c/cr600c/cc/cc:4sKs,QdKc|/2s8hJc/4c/2c:900,-900(375.378951)
372:Player,BR:0cc/cc/cr200c/cc:3dKh,2hJh|/8d9sJs/Ks/Ah:300,-300(-37.630167)
373:BR,Player:0r200c/cc/cc/cc:5s9d,8dJh|/JsKcAc/5h/4c:-300,300(-25.252222)
374:Player,BR:0cr200c/cc/cr600c/cr1800c:8cAc,5dAs|/6dAhAd/9s/Td:0,-0(-1324.049478)
375:BR,Player:0r200c/cc/cr600c/cc:4sTh,8dJc|/2s2dJh/3h/5d:-900,900(-460.757588)
376:Player,BR:0cr200c/r600c/cc/cc:6s8s,8dAd|/9s9dJh/8c/Th:-900,900(380.006225)
377:BR,Player:0r200c/cc/cc/cc:4h9d,TsTh|/3sKsAc/Ah/Jh:-300,300(-288.259616)
378:Player,BR:0cc/cc/cc/cc:6cAs,5dTd|/JsQhQc/Qs/Ah:100,-100(37.737697)
379:BR,Player:0r200c/cc/r600c/r1800c:5dTs,TcKc|/5hKhAs/Th/8d:-2700,2700(656.381705)
380:Player,BR:0cc/cc/cr200c/cc:5hAd,4c6s|/7cTsKd/Td/9c:300,-300(300.000000)
381:BR,Player:0r200c/cc/cc/cr600f:2s3c,8sJh|/6cTdAh/8d/Jc:-300,300(-300.000000)
382:Player,BR:0cc/cc/r200c/cr600f:2c3s,JsJh|/5sThTc/Ac/9s:-300,300(-300.000000)
383:BR,Player:0r200c/cc/r600c/cc:8d9s,KhAs|/2h3d8c/Js/3s:900,-900(661.496070)
384:Player,BR:0cc/cc/r200r600f:5hJd,4cQc|/4h6sQh/2h:-300,300(-300.000000)
385:BR,Player:0r200c/cr600c/cc/r1800f:7hKd,5dJd|/2h5s8d/Qc/Kc:900,-900(900.000000)
386:Player,BR:0cc/cc/cr200f:3h9d,7sJs|/5c8s8c/2d:-100,100(-100.000000)
387:BR,Player:0cc/cr200c/r600c/r1800c:5dTs,5hJd|/5c6sTh/Jh/2c:-2700,2700(1129.910408)
388:Player,BR:0cr200c/cc/r600c/cr1800f:JhAs,8dQc|/7s9sTc/Kh/2c:-900,900(-900.000000)
389:BR,Player:0r200c/cr600c/cr1800f:7dAd,QdQc|/6dTsJs/3s:-900,900(-900.000000)
390:Player,BR:0cc/cc/cc/cc:7dQc,9cAc|/6d9hJc/Td/Qd:100,-100(5.562467)
391:BR,Player:0r200c/cc/cc/cc:4h9h,3dAd|/8s9dTc/7c/Jc:0,-0(-0.000000)
392:Player,BR:0cr200c/cc/cr600c/cc:TdQc,2h4c|/3s3h5s/Qh/2d:900,-900(476.522272)
393:BR,Player:0f:5sTc,2d6c|:50,-50(50.000000)
394:Player,BR:0cr200c/cc/r600f:QdKd,3d4d|/8dJsKc/Qs:300,-300(300.000000)
395:BR,Player:0cc/cc/cr200c/cr600r1800f:9hKd,5hJs|/2h5c8c/Jh/2d:900,-900(900.000000)
396:Player,BR:0cc/cc/cc/r200f:8hJd,2h7s|/9hJsKh/9s/9d:100,-100(100.000000)
397:BR,Player:0r200c/cr600c/cc/cc:6cQh,6s9d|/3s3hAd/Kd/Tc:900,-900(441.898275)
398:Player,BR:0cc/cc/cr19900f:2sTc,5h5d|/5s7sQh/2c:-100,100(-100.000000)
399:BR,Player:0r200c/cc/cc/cc:5s7d,6hAh|/3cTdTc/3s/Ts:0,-0(-0.000000)
400:Player,BR:0cc/cc/cr200f:2c8h,8sJh|/3c5hTs/Th:-100,100(-100.000000)
401:BR,Player:0r200c/cr600c/r1800c/cc:6sJd,TdQc|/2d5sQh/Qs/4h:-2700,2700(-2700.000000)
402:Player,BR:0cc/cc/cc/r200r600f:7sJd,5h8d|/4cQcKc/5c/6h:-300,300(-300.000000)
403:BR,Player:0r200c/cr600c/cr1800f:4hKc,QhQc|/5hJdQs/9c:-900,900(-900.000000)
404:Player,BR:0cr200c/cc/cr600f:6dAd,8cKh|/2d2c4s/8s:-300,300(-300.000000)
405:BR,Player:0f:3sAh,2d6c|:50,-50(50.000000)
406:Player,BR:0cc/cc/cc/cr200f:3sJh,6hTd|/5dQcAd/7h/8c:-100,100(-100.000000)
407:BR,Player:0cc/cr200c/cr600f:2sAs,7dAd|/3dJdQs/8d:-300,300(-300.000000)
408:Player,BR:0cr200c/cc/cr600c/cc:7sKs,6h9h|/7d8h8c/Qc/Jh:900,-900(900.000000)
409:BR,Player:0r200c/cc/r600c/cc:8sQc,3h3d|/6h8dKd/Kc/Js:900,-900(491.343747)
410:Player,BR:0cc/cc/cc/r200f:7sQd,4cKd|/2hTcQs/8s/2c:100,-100(100.000000)
411:BR,Player:0r200c/cc/cr600c/cr1800f:4d6h,KhAc|/4c7c8h/Tc/Qh:-900,900(-900.000000)
412:Player,BR:0cc/cc/cc/cc:6cQc,4dQd|/2h5hJd/Ks/Tc:100,-100(60.359201)
413:BR,Player:0cc/cc/cc/cc:6s6d,4hJc|/7hQsAh/7d/8d:100,-100(81.339829)
414:Player,BR:0cc/cc/r200c/cc:3h6d,TcJs|/4h8s8d/6s/2c:300,-300(116.612750)
415:BR,Player:0r200c/cc/cc/cr600f:6sQh,7sKc|/3sQsAd/Jh/Ts:-300,300(-300.000000)
416:Player,BR:0cc/cc/cr200f:3d5h,4c7d|/5d7cKs/8c:-100,100(-100.000000)
417:BR,Player:0r200c/cc/cc/cr600c:7hAs,8hJd|/3h6dJs/2h/9d:-900,900(-298.157310)
418:Player,BR:0cc/cc/cr200c/cr600c:5sAc,TcQs|/2d7hQc/4h/As:900,-900(-239.810888)
419:BR,Player:0r200c/cc/r600c/cc:8dQd,QhKh|/9sJhAd/4d/8h:900,-900(-452.981848)
420:Player,BR:0cr200c/cc/cc/cc:8sAs,5c8c|/8hTsQc/Kh/2s:300,-300(8.402304)
421:BR,Player:0r200c/cr600c/cc/r1800f:QhAs,4hJh|/5s5d7h/6c/Ad:900,-900(900.000000)
422:Player,BR:0cr200c/cc/cc/cc:7hAh,5sAs|/3s4h6d/Kc/8h:300,-300(180.204716)
423:BR,Player:0r200c/cc/cc/cr600f:3dQd,2s5s|/4s7cKs/2d/Ts:-300,300(-300.000000)
424:Player,BR:0cr200c/r600c/r1800c/r17300f:ThQc,5hAc|/JcKdAh/3s/7c:2700,-2700(2700.000000)
425:BR,Player:0cc/cr200c/cr600c/cc:7sAh,9sTc|/4d8hJc/Jh/9c:-900,900(-536.217109)
426:Player,BR:0cc/cc/cc/cc:2sJh,2c3c|/2h7hAc/4s/6d:100,-100(8.487917)
427:BR,Player:0cc/cc/r200c/cr600f:7c8s,3cJs|/5d6sQd/Jc/Jh:-300,300(-300.000000)
428:Player,BR:0cc/cc/r200r600c/cr1800r17300f:2dKc,ThAh|/2sQcAc/Ks/Jc:2700,-2700(2700.000000)
429:BR,Player:0cc/cr200c/cc/cc:6hKs,5dTs|/3s4h8h/3h/Ad:300,-300(13.324250)
430:Player,BR:0cc/cc/r200c/cr600f:5cQd,QhAc|/4s8sQc/4d/2s:-300,300(-300.000000)
431:BR,Player:0r200c/cr600c/cr1800f:3c8h,7cAs|/6c7hAd/Kd:-900,900(-900.000000)
432:Player,BR:0cc/cc/cr200f:5cAh,8cKs|/3cThQh/8d:-100,100(-100.000000)
433:BR,Player:0cc/cc/cr200c/r600f:7dKh,7sQh|/2s3sJh/4h/Kd:300,-300(300.000000)
434:Player,BR:0cc/cc/cr200c/cc:3hKh,7sTd|/2s5hKs/6c/As:300,-300(283.820488)
435:BR,Player:0r200c/cc/r600c/cc:6h8c,8d9c|/6c8sAs/9s/Td:-900,900(243.666700)
436:Player,BR:0cc/cc/cr200c/cc:2sAd,8d8c|/3d5dJh/As/4c:300,-300(4.185770)
437:BR,Player:0r200c/cr600c/cc/r1800c:5s7h,4sKh|/2h8sKc/Td/2d:-2700,2700(-2700.000000)
438:Player,BR:0cc/cc/cr200f:4dTd,2sAh|/4sQcAs/7d:-100,100(-100.000000)
439:BR,Player:0r200c/cr600c/cc/cr1800r5400c:8h9s,5dQd|/5cJsQh/8s/6h:-8100,8100(-8100.000000)
440:Player,BR:0cr200c/r600c/r1800c/cr5400r11900f:4hJh,QhAd|/3c7sJd/5h/9d:8100,-8100(8100.000000)
441:BR,Player:0f:2s8h,3h7c|:50,-50(50.000000)
442:Player,BR:0cr200c/r600c/r1800r5400c/cc:QdQc,8c9s|/2h8dJc/Ac/4h:8100,-8100(5314.456146)
443:BR,Player:0cc/cc/r19900f:JhAh,2c7c|/6h8s8h/9h:100,-100(100.000000)
444:Player,BR:0cc/cc/cr200f:2s7h,5sJh|/3sJsKd/Tc:-100,100(-100.000000)
445:BR,Player:0r200c/cr600c/r1800c/cc:7s8h,QdKd|/3dJdAc/Js/3h:0,-0(-2568.677607)
446:Player,BR:0cc/cc/cc/cr200f:4hTd,5hKc|/2sJsJc/2c/8d:-100,100(-100.000000)
447:BR,Player:0r200c/cr600c/r1800f:4d7h,6s8c|/4cJdQh/7s:900,-900(900.000000)
448:Player,BR:0cc/cc/cr200f:4sKh,ThQc|/5s9hJs/3c:-100,100(-100.000000)
449:BR,Player:0cc/cr200c/cc/r600r19100f:5s7d,6d8h|/6c8dJd/Qc/6s:-900,900(-900.000000)
450:Player,BR:0cr200c/cc/cc/cc:9cJh,5hTh|/2dKsAs/6c/7s:300,-300(299.931683)
451:BR,Player:0r200c/cc/r600f:2s6h,9hQh|/5s8dJs/4s:300,-300(300.000000)
452:Player,BR:0cr200c/cc/r600c/cc:JcQd,6dAc|/4c7sJd/3c/Ks:900,-900(238.714897)
453:BR,Player:0r200c/cc/cc/cc:TdJs,4d5d|/5s6sQh/Ah/Th:300,-300(168.780428)
454:Player,BR:0cr200c/r600c/cc/cr1800f:6hQh,QsKd|/4c7hTs/2d/Jc:-900,900(-900.000000)
455:BR,Player:0r200c/cc/cr600r1800c/cr17300f:8dTc,TdKd|/6dQcAh/Jc/4d:-2700,2700(-2700.000000)
456:Player,BR:0cr200c/cc/cc/cc:JhAh,4hAd|/6h7sQs/2s/Jd:300,-300(294.416552)
457:BR,Player:0r200c/cc/r600c/cr1800c:8sTc,5s6s|/2c4d9d/Ts/9h:2700,-2700(-869.703469)
458:Player,BR:0cc/cc/cc/cc:2cJs,TsJc|/2h5sQc/7s/7c:100,-100(42.240254)
459:BR,Player:0r200c/cc/cr600c/cc:2s2c,4d9d|/8d8cKc/Qc/4s:-900,900(286.531272)
460:Player,BR:0cr200c/cc/cc/cr600f:9h9d,9sTd|/2s4sAc/Ks/8s:-300,300(-300.000000)
461:BR,Player:0cc/cr200c/cr600c/cc:3d9h,5cTd|/2s3hAd/6h/Jd:900,-900(-4.107122)
462:Player,BR:0cr200c/cc/r600c/r1800r5400f:5s7s,9dAc|/2s5cKd/7d/6d:-2700,2700(-2700.000000)
463:BR,Player:0r200c/cc/cc/cc:7h7c,3sKd|/5h9cAs/2s/8s:300,-300(222.345733)
464:Player,BR:0cr200c/cc/r600c/cr1800f:JhKd,QdAh|/2c9sTd/Kh/9h:-900,900(-900.000000)
465:BR,Player:0cc/cc/cc/r200f:4c6c,4hKs|/3d8hAc/Td/8c:100,-100(100.000000)
466:Player,BR:0cc/cc/cc/cc:4cTd,ThAs|/3h5sQh/7s/4h:100,-100(53.575035)
467:BR,Player:0cc/cc/cc/cr200c:2h3h,6dJc|/8cKhKc/Jd/3d:-300,300(-97.559387)
468:Player,BR:0cr200c/cc/cr19700f:TsAd,3sQd|/3h3c4c/6h:-300,300(-300.000000)
469:BR,Player:0r200c/cc/cc/cc:3sAc,QdAh|/2hTsKd/5s/5c:-300,300(3.922726)
470:Player,BR:0cr200c/cc/cc/cc:7dAd,4c5c|/5h8hAh/Kc/Td:300,-300(232.483649)
471:BR,Player:0cc/cc/cc/r200f:TcKh,4cQc|/4s7hAh/9d/Kc:100,-100(100.000000)
472:Player,BR:0cr200c/r600c/r1800f:JsJh,2c7h|/9dJcKd/4s:900,-900(900.000000)
473:BR,Player:0r200c/cc/cc/cc:5hQh,7h8h|/5d6dQd/Ad/4c:-300,300(209.212405)
474:Player,BR:0cc/cc/cc/cc:5s9d,8cAh|/6cTsKh/6s/4h:-100,100(-19.180764)
475:BR,Player:0r200c/cc/cr600f:4sTd,9sAc|/3s7c9d/Ah:-300,300(-300.000000)
476:Player,BR:0cr200c/r600c/cr1800c/cr5400c:7hKh,2s8c|/3s3d4c/Kc/Td:8100,-8100(8100.000000)
477:BR,Player:0r200c/cc/cc/r600f:2s4c,TsAh|/3d6s6d/Jh/Qh:300,-300(300.000000)
478:Player,BR:0cr200c/cc/cc/cc:8sKh,6c9s|/2c7hAs/6s/8h:300,-300(-102.876837)
479:BR,Player:0r200c/cc/cc/cc:8hJs,9sKs|/2c3h5h/Qh/Qc:-300,300(-292.082361)
480:Player,BR:0cc/cc/cc/r200f:6cAh,6hKd|/2d7hAd/Jc/Ts:100,-100(100.000000)
481:BR,Player:0cc/cc/r200f:2h8d,5d9s|/3d4s5h/As:100,-100(100.000000)
482:Player,BR:0cr200c/cc/cr600f:4s8s,9dKs|/2h7hKh/9c:-300,300(-300.000000)
483:BR,Player:0r200c/cc/r600r1800c/cr17300c:7cKh,KdAh|/9sTcQd/Jc/4h:-20000,20000(-2171.334368)
484:Player,BR:0cc/cc/cr200c/cc:2dKh,6cAs|/5d6dTs/Ks/8c:300,-300(9.780824)
485:BR,Player:0r200c/cr600c/cc/cc:8cQs,3c5h|/6c9cAh/Ks/4d:900,-900(-189.724140)
486:Player,BR:0cc/cc/cc/r200c:8dKc,TcAs|/2sQsKh/9d/Qd:300,-300(93.803512)
487:BR,Player:0r200c/cc/cr600c/cc:3c8h,TsJh|/6s8sJs/4c/9s:-900,900(-486.602728)
488:Player,BR:0cr200c/r600c/cc/cr1800f:8dJd,7h9d|/3s6cQd/7c/Qs:-900,900(-900.000000)
489:BR,Player:0cc/cc/cc/cc:7d9s,TcJh|/2h6s6h/Ac/Jc:-100,100(-99.995028)
490:Player,BR:0cr200c/r600c/r1800f:QhKd,3hTc|/2dJhAd/6c:900,-900(900.000000)
491:BR,Player:0r200c/cc/cc/cr600r1800c:2h8s,8hQc|/3hTcAh/Qh/8c:-2700,2700(-2700.000000)
492:Player,BR:0cc/cc/cr200f:2h7c,7hJh|/4s8cTc/4d:-100,100(-100.000000)
493:BR,Player:0cc/cr200c/cc/r600f:7cKc,4cQs|/2h4h6s/Ac/5d:300,-300(300.000000)
494:Player,BR:0cr200c/cc/cc/r600f:8hJd,7h7d|/4s6hQc/Jh/Jc:300,-300(300.000000)
495:BR,Player:0f:2h8d,2d5s|:50,-50(50.000000)
496:Player,BR:0cc/cc/cr200f:2d4c,5hQc|/JsQsKs/2c:-100,100(-100.000000)
497:BR,Player:0r200c/cr600c/cc/r1800f:7cTd,3c9c|/2d6cQd/3d/8h:900,-900(900.000000)
498:Player,BR:0cr200c/cc/r600r1800f:4sQs,3d7h|/3cJhAc/7s:-900,900(-900.000000)
499:BR,Player:0r200c/cc/cr600c/cr1800f:9hJs,3s6s|/2dThKh/Ks/7h:-900,900(-900.000000)
500:Player,BR:0cc/cc/cr200f:6hQs,4cQd|/2cTdJs/4s:-100,100(-100.000000)
RAW BR STATS: n=500, sum=-45850.000000, sum_sq=3801082500.000000, vr_sum=-82377.556963, vr_sum_sq=1600616822.038889
BR STATS: -91.700000(241.545745), -164.755114(156.163900)
RESULTS
1)BR: -45850
2)Player: 45850
