In config file: GAME_DEF=game_def.fullholdem
In config file: ACTIONS_R0=C
In config file: ACTIONS_R1=C
In config file: ACTIONS_R2=F,C,0.05,0.0575,0.066125,0.07604375,0.087450313,0.100567859,0.115653038,0.133000994,0.152951143,0.175893815,0.202277887,0.23261957,0.267512505,0.307639381,0.353785288,0.406853081,0.467881044,0.5380632,0.61877268,0.711588582,0.81832687,0.9410759,1.082237285,1.244572878,1.43125881,1.645947631,1.892839776,2.176765742,2.503280603,2.878772694,3.310588598,3.807176888,4.378253421,5.034991434,5.790240149,6.658776171,7.657592597,8.806231486,10.12716621,11.64624114,13.39317731,15.40215391,17.71247699,20.36934854,23.42475083,26.93846345,30.97923297,35.62611791,40.9700356,47.11554094,54.18287208,62.31030289,71.65684832,82.40537557,94.76618191,A
In config file: ACTIONS_R3=F,C,0.05,0.0575,0.066125,0.07604375,0.087450313,0.100567859,0.115653038,0.133000994,0.152951143,0.175893815,0.202277887,0.23261957,0.267512505,0.307639381,0.353785288,0.406853081,0.467881044,0.5380632,0.61877268,0.711588582,0.81832687,0.9410759,1.082237285,1.244572878,1.43125881,1.645947631,1.892839776,2.176765742,2.503280603,2.878772694,3.310588598,3.807176888,4.378253421,5.034991434,5.790240149,6.658776171,7.657592597,8.806231486,10.12716621,11.64624114,13.39317731,15.40215391,17.71247699,20.36934854,23.42475083,26.93846345,30.97923297,35.62611791,40.9700356,47.11554094,54.18287208,62.31030289,71.65684832,82.40537557,94.76618191,A
Using seed 2.
1:BR,Player:0cc/cr200c/cc/cc:KhAs,5dTs|/4s7sJd/Qh/4h:300,-300(152.541827)
2:Player,BR:0cc/cc/cc/cc:3c9c,3dJc|/9dTdKh/Th/7s:100,-100(27.752899)
3:BR,Player:0cc/cr100c/r100r600r969f:9cTs,5d8s|/6sQhAh/9s:900,-900(900.000000)
4:Player,BR:0cr200c/r300c/r1200r1274r3074c/cr6616f:8sQs,JhKs|/6d9sAc/Td/8d:-6148,6148(-6148.000000)
5:BR,Player:0r200c/cc/r140c/r952f:3s5c,9hKc|/6c7s8h/Qh/4h:440,-440(440.000000)
6:Player,BR:0cr200c/cc/cr100c/cc:TdKs,QdAs|/2s4d9c/8h/3s:-400,400(-17.677679)
7:BR,Player:0r200c/cr300c/r561r1161r1161c/cc:4s9c,QhAd|/4d9dJd/Kc/8c:3483,-3483(623.011814)
8:Player,BR:0cr200c/cc/cr121f:4c7c,4hJc|/6hJdKs/Ad:-300,300(-300.000000)
9:BR,Player:0r100c/cc/cc/cr400f:8hTs,8sJd|/3c5c9h/4s/9s:-200,200(-200.000000)
10:Player,BR:0cr200c/r300c/cc/cr743f:7s8s,5sJc|/2s7hTd/Qh/Jd:-600,600(-600.000000)
11:BR,Player:0r200c/cr300c/r854r1454r9573r7519c/cc:6s9s,3h4s|/3d7sTh/4c/3s:-20000,20000(-16642.030438)
12:Player,BR:0cc/cc/cr14331f:4cTd,5sKh|/5h5dAc/2c:-100,100(-100.000000)
13:BR,Player:0f:4c8h,2s9d|:50,-50(50.000000)
14:Player,BR:0cr200c/r300c/r600f:KcAh,2d6s|/7hQcKd/Qh:600,-600(600.000000)
15:BR,Player:0f:8c9d,3c7s|:50,-50(50.000000)
16:Player,BR:0cc/cc/cr576f:5sKd,QhAc|/7hJcAh/2c:-100,100(-100.000000)
17:BR,Player:0cc/cc/r100f:6sQd,4sJd|/6c7c9s/7d:100,-100(100.000000)
18:Player,BR:0cc/cc/cr249f:3dAh,3h4h|/2hJdKs/Kh:-100,100(-100.000000)
19:BR,Player:0r200c/cc/r988f:8cAs,4s7c|/3cQhAd/9h:300,-300(300.000000)
20:Player,BR:0cr200c/cc/r300f:7dAh,2s4d|/5sTsKd/7c:300,-300(300.000000)
21:BR,Player:0cc/cc/cc/cr200r427r1454f:2sAd,5s5d|/4d7sTh/Qh/Qc:-727,727(-727.000000)
22:Player,BR:0cr200c/cc/r600r600c/cc:KsKh,2dQh|/4d5c9c/Qs/8c:1500,-1500(66.777764)
23:BR,Player:0cc/cc/cr100c/cc:6cKd,5h9s|/3d5dJc/7c/8d:-200,200(-140.982258)
24:Player,BR:0cc/cc/cc/cr216c:7dTc,3h8s|/6dTsJc/Kd/9h:316,-316(316.000000)
25:BR,Player:0cc/cr100c/cr400c/r100r2800f:4sJc,5dTc|/9hTsTd/Kd/5h:-700,700(-700.000000)
26:Player,BR:0cc/cc/cc/cr100c:7hTs,8sKs|/2c7cAs/Qc/8c:-200,200(-36.969123)
27:BR,Player:0r200c/cc/r100c/cc:4hTd,7hKd|/7c9cTc/Ah/Qh:400,-400(107.510870)
28:Player,BR:0cc/cc/cc/cr216f:5hQs,7sJc|/9dKdAd/6d/Ts:-100,100(-100.000000)
29:BR,Player:0r200c/cr300c/r243c/r195c:AhAd,2d3d|/2c3s4d/5d/Js:1038,-1038(667.092285)
30:Player,BR:0cr100c/cc/r200f:5s8s,3d8c|/2s5h6c/Jd:200,-200(200.000000)
31:BR,Player:0cc/cr100c/r498c/cr1396f:2h7h,6d7s|/4dJcKh/5h/Qc:-698,698(-698.000000)
32:Player,BR:0cr200c/cc/cr1136f:QhKh,TdTc|/4c5s8s/9d:-300,300(-300.000000)
33:BR,Player:0f:2dAh,2s7c|:50,-50(50.000000)
34:Player,BR:0cr200c/cc/cr491f:KcAh,5cKs|/6h7dTc/2s:-300,300(-300.000000)
35:BR,Player:0r200c/cr300c/cc/r100r700r1507c:2dAs,6hJh|/4h6sTc/4s/Th:-2907,2907(-2906.995616)
36:Player,BR:0cr200c/r300c/r600r738c/cc:QsQd,7sKd|/5hTdAc/Jh/4s:1938,-1938(1676.037576)
37:BR,Player:0r200c/cr600c/r732c/r1328r2960f:3c9d,3sQc|/TcJcQh/Qs/Th:-2960,2960(-2960.000000)
38:Player,BR:0cc/cc/r100r19800f:2sAd,6sAh|/6h6cTc/2h:-200,200(-200.000000)
39:BR,Player:0r100c/cr400c/cr1200r5925c/cc:4dQs,8cTs|/4h5d9s/Jd/Th:-7725,7725(-7698.906044)
40:Player,BR:0cc/cc/cr286f:3hJd,TsAc|/2sThAs/2h:-100,100(-100.000000)
41:BR,Player:0r200c/cc/cr300c/r105r1410f:7dJd,5h8h|/9s9dAh/Kc/Qd:-705,705(-705.000000)
42:Player,BR:0cr200c/r300c/r600f:3sKs,2s6s|/4h5dAc/Th:600,-600(600.000000)
43:BR,Player:0r200c/cc/r212c/r964c:7cJh,7dJs|/8h8d9d/Qh/Ts:0,-0(1008.515299)
44:Player,BR:0cc/cc/cr188f:4d6h,5d7h|/4cJdQs/Ah:-100,100(-100.000000)
45:BR,Player:0r100c/cr200c/r100r1000c/r1614r12456f:4s5c,3hAh|/2c4dKh/9h/4h:-3114,3114(-3114.000000)
46:Player,BR:0cr200c/r300c/cc/r600f:8s9s,4s4h|/8dJdKh/Td/Ah:600,-600(600.000000)
47:BR,Player:0cc/cr200c/r140f:4s9c,5sTc|/7d8cJc/Qs:300,-300(300.000000)
48:Player,BR:0cc/cc/cc/r100r376f:4s8d,4dKs|/6c8h9c/9h/6s:-200,200(-200.000000)
49:BR,Player:0r200c/cr600c/r1694r2594r5583f:6dKd,5hJh|/2d3h9h/8d:5188,-5188(5188.000000)
50:Player,BR:0cr200c/r300c/cr1718c/cc:TdKh,7s9h|/2hThJd/Qh/As:2318,-2318(2318.000000)
51:BR,Player:0cc/cc/r142c/r1393f:5cJs,TsQd|/5s7sKd/3s/Jc:242,-242(242.000000)
52:Player,BR:0cc/cc/r100c/cr100c:5s9h,6hQh|/2c4hAd/4d/As:-300,300(-51.404374)
53:BR,Player:0cc/cr100c/r2664f:TcKc,3sTh|/5sKsKh/6c:200,-200(200.000000)
54:Player,BR:0cr200c/r300c/r600c/cc:3hAh,2s2h|/4s8hJh/Qs/7d:-1200,1200(754.862064)
55:BR,Player:0cc/cc/r662c/cr3048f:4cJh,3cQh|/2h3s5s/8h/9h:-762,762(-762.000000)
56:Player,BR:0cc/cc/cr188r576r8700f:2h4d,4s9h|/5h6sJs/2d:-864,864(-864.000000)
57:BR,Player:0f:3d8s,2h5c|:50,-50(50.000000)
58:Player,BR:0cr200c/r600c/r900r18126f:TsQc,7d9c|/4h8hJd/Td:-1800,1800(-1800.000000)
59:BR,Player:0r200c/cr300c/r2271f:2hQd,7h8h|/6dQsQh/Ks:600,-600(600.000000)
60:Player,BR:0cc/cc/cr100f:2cTd,JdKs|/6sJcAs/6c:-100,100(-100.000000)
61:BR,Player:0r100c/cc/cr400c/cr1200c:7cAs,4h5s|/6h8dQc/6d/9c:1800,-1800(-593.024718)
62:Player,BR:0cc/cc/cc/cc:4h6s,2sAc|/5h8d9d/6c/5c:100,-100(28.204124)
63:BR,Player:0r200c/cc/r281c/cr581r2892c:9cKd,KsAs|/4h6hAd/9d/4c:-4054,4054(-4053.789964)
64:Player,BR:0cc/cc/r100r757f:6hAd,4sQh|/4d4cJh/6d:-200,200(-200.000000)
65:BR,Player:0cc/cr100c/r215c/cr830f:8sQd,5d9h|/2d9dTd/9c/6s:-415,415(-415.000000)
66:Player,BR:0cr200c/cc/cc/cr100c:KdKc,5d9h|/9sTsJs/7s/9d:-400,400(-197.672733)
67:BR,Player:0r200c/cr600c/r100r2000f:5cJs,3hTh|/9sKsAh/3c:-1000,1000(-1000.000000)
68:Player,BR:0cc/cc/cc/cc:5s8d,7sAc|/3hJsKh/4c/5c:100,-100(15.825793)
69:BR,Player:0r200c/cc/r161c/cc:6c7d,8dKs|/3c7hJd/8h/5h:-461,461(123.425762)
70:Player,BR:0cr200c/cc/r300r743c/cc:5d5c,8sTc|/3d9sQs/2d/6h:1343,-1343(1343.000000)
71:BR,Player:0cc/cc/r188c/r100c:9cTd,4c7d|/6d6cTc/3c/5c:388,-388(298.665245)
72:Player,BR:0cc/cc/cr188f:5sJh,7dJc|/6h8dTs/2s:-100,100(-100.000000)
73:BR,Player:0cc/cc/r761f:6d8d,5c7h|/4s7sAd/9d:100,-100(100.000000)
74:Player,BR:0cc/cc/r100r285c/cr1050c:6d7c,5d9s|/3c4cKc/6s/2h:-1535,1535(-1030.755656)
75:BR,Player:0cc/cc/cc/cc:5hKs,9cAs|/6c8dJs/6h/4s:-100,100(-9.936720)
76:Player,BR:0cr200c/r300c/cr139r739c/r1478r3658r13228f:7cTc,2c8s|/2h6sKc/5d/4s:6614,-6614(6614.000000)
77:BR,Player:0f:8hQd,2h4d|:50,-50(50.000000)
78:Player,BR:0cr200c/cc/cr212c/cr207c:7s7c,4hQc|/8c9sTd/Qs/2h:-719,719(-504.074516)
79:BR,Player:0f:8sKc,2h4s|:50,-50(50.000000)
80:Player,BR:0cr19900c/cc/cc/cc:8dAs,7d7c|/3c6h9h/Ks/2c:-20000,20000(5973.811748)
81:BR,Player:0f:5cAc,2h6d|:50,-50(50.000000)
82:Player,BR:0cc/cc/cr100f:4cJc,6s7c|/3hQdKd/3d:-100,100(-100.000000)
83:BR,Player:0r200c/cc/cr600f:5s9h,JcAc|/7dTsKd/Ad:-300,300(-300.000000)
84:Player,BR:0cc/cc/cr100r400c/r1200f:5dQc,KsAs|/5c7sTc/5h/2h:600,-600(600.000000)
85:BR,Player:0r100c/cr200c/r655c/cc:2c9c,5d7c|/6d7sTc/3h/Ad:-1055,1055(-1055.000000)
86:Player,BR:0cc/cc/cc/cc:3cJc,QhAs|/3d6s9s/2h/5s:100,-100(60.302262)
87:BR,Player:0r100c/cr200c/cc/r1514f:9dQc,TsAd|/2h2d6c/4s/7c:400,-400(400.000000)
88:Player,BR:0cc/cc/cr124r224f:4hKs,5d6h|/8s8hAs/Kd:224,-224(224.000000)
89:BR,Player:0r200c/cc/r747c/cr2094f:6sTd,7sAh|/2c4d9d/7d/7h:-1047,1047(-1047.000000)
90:Player,BR:0cr200c/r300c/cr561f:4sKs,5cTh|/2d3h3c/9h:-600,600(-600.000000)
91:BR,Player:0cc/cr100c/cr200c/cc:6hKd,ThJc|/3dTsQc/9d/As:-400,400(-153.565458)
92:Player,BR:0cc/r100c/cr573f:2hJs,8dQh|/2d4h6h/4s:-200,200(-200.000000)
93:BR,Player:0cc/cc/cr100f:9cTc,2c5h|/3c5dJh/2s:-100,100(-100.000000)
94:Player,BR:0cc/cc/cr108f:4s8c,7h7d|/3cJdQh/2d:-100,100(-100.000000)
95:BR,Player:0r200c/cc/r161c/cr461r1312f:2c8s,8dQs|/2sJsKh/Ks/Ad:922,-922(922.000000)
96:Player,BR:0cr200c/r300c/cr1129c/cc:KsAd,5h9c|/7sKdKc/3h/8s:1729,-1729(1729.000000)
97:BR,Player:0r100c/cc/cc/r757f:KcAd,4sKs|/2h6h9d/Jh/Ac:200,-200(200.000000)
98:Player,BR:0cr200c/cc/r300f:6h8c,9sJd|/3h5s6s/Kh:300,-300(300.000000)
99:BR,Player:0r200c/cr300c/r19400f:5h5c,TsJh|/5dQhQc/8d:600,-600(600.000000)
100:Player,BR:0cr200c/r300c/cr139f:7dKh,2sQh|/5s6s7s/8s:-600,600(-600.000000)
101:BR,Player:0r100c/cr200c/cc/cc:3sKs,JcAs|/2h8cTd/4s/6h:-400,400(-333.196263)
102:Player,BR:0cc/cc/r100r163c/r363f:7sJc,2c3d|/5s5cJs/2s/5h:363,-363(363.000000)
103:BR,Player:0r100c/cr200c/r430f:2d8c,3c5c|/3d6hQd/6d:400,-400(400.000000)
104:Player,BR:0cc/cc/r100c/r800f:5sAd,2dKs|/5h5cTs/9s/Qd:200,-200(200.000000)
105:BR,Player:0r200c/cc/r859f:7c8s,2s4s|/2h3c9c/6h:300,-300(300.000000)
106:Player,BR:0cr200c/r300c/cr561r1161f:AsAc,9dKc|/4s6s8c/8d:1161,-1161(1161.000000)
107:BR,Player:0f:TsKd,2s7h|:50,-50(50.000000)
108:Player,BR:0cr200c/cc/r300r18483f:8dJs,6d7d|/5s5dJd/3d:-600,600(-600.000000)
109:BR,Player:0r100c/cr400c/r488r1088f:2d3c,7c9h|/6c7h9d/7d:-1088,1088(-1088.000000)
110:Player,BR:0cc/cc/r100c/cr163c:6s8d,ThQh|/5c8sKh/Jc/Ts:-363,363(-226.135346)
111:BR,Player:0r100c/cr200c/r186c/cc:6hQc,4h8h|/5dThAs/Kh/8d:-586,586(-583.281296)
112:Player,BR:0cr200c/r300c/cr100c/cr2304f:7hAh,2h8s|/5cThJs/8c/2s:-700,700(-700.000000)
113:BR,Player:0r100c/cr200c/r246r646r646f:5d6h,8hJc|/2s3h7h/Qh:1292,-1292(1292.000000)
114:Player,BR:0cr200c/cc/r600f:5s9s,2h9c|/4dKdAd/6d:300,-300(300.000000)
115:BR,Player:0cc/cc/cr200r200f:8dJd,3d6h|/2s2dTc/Ts:300,-300(300.000000)
116:Player,BR:0cc/cc/cr216f:8cTd,ThTc|/KsAhAd/5c:-100,100(-100.000000)
117:BR,Player:0r100c/cr400c/r561f:5c7c,3cTc|/2s3s7h/6c:600,-600(600.000000)
118:Player,BR:0cr200c/cc/r300c/cr100c:JcAh,3hTd|/5s7s7d/3d/6h:-700,700(-149.420660)
119:BR,Player:0cc/cr100c/cr400c/cc:JcKh,2c7c|/2d4h4d/7s/9s:-600,600(35.062975)
120:Player,BR:0cc/cc/cr329c/cc:5hKd,7dKs|/3d4s6h/8s/6d:-429,429(358.860666)
121:BR,Player:0f:2cJc,2h8c|:50,-50(50.000000)
122:Player,BR:0cc/cc/r100c/cr658f:2c9c,4dJc|/7hQsKs/9d/Th:-200,200(-200.000000)
123:BR,Player:0r200c/cr300c/cc/cc:8cKc,3h5d|/2h2d7s/9h/5c:-600,600(-461.023656)
124:Player,BR:0cc/cc/cc/cc:2hQh,5cKc|/4c9sJd/7d/8c:-100,100(43.374980)
125:BR,Player:0cc/cr200c/cr600c/cr1800r4419f:JcAd,4c8h|/2c4hTh/8d/3h:2700,-2700(2700.000000)
126:Player,BR:0cc/cc/cr164c/cc:4hJd,5sAs|/2s5c8s/Jh/9d:264,-264(-2.520616)
127:BR,Player:0cc/cr100c/r142f:6d9s,2hQd|/4cKhKd/7c:200,-200(200.000000)
128:Player,BR:0cc/cc/r100c/cr100c:3h7c,2d3s|/3d8cAd/Ac/2c:0,-0(-9.058804)
129:BR,Player:0r100c/cr200c/cr800c/cc:4hAc,9sQd|/6cThJh/2s/5s:1200,-1200(-102.967508)
130:Player,BR:0cc/cc/cc/cc:4cAs,8hKc|/7cTdQc/2d/7h:100,-100(12.095175)
131:BR,Player:0r200c/cr300c/r160r1520c/cc:4hQh,3cAh|/7sQdKc/Js/8c:2280,-2280(137.453508)
132:Player,BR:0cr200c/r300c/cc/cr1129c:JhQd,4s9d|/4cQhKc/6c/Td:1729,-1729(1724.074761)
133:BR,Player:0r100c/cr400c/r743f:TcJs,4dKs|/2d5s7d/8c:600,-600(600.000000)
134:Player,BR:0cc/cc/cc/cr108f:3dTs,5s9h|/QhKdAs/2d/9s:-100,100(-100.000000)
135:BR,Player:0r200c/cr300c/cc/cr1200f:9dKh,8hJd|/3s4cTc/5s/6s:-600,600(-600.000000)
136:Player,BR:0cc/cc/cr164f:2s9h,4d6d|/ThTdKd/7c:-100,100(-100.000000)
137:BR,Player:0f:JdQh,2c4s|:50,-50(50.000000)
138:Player,BR:0cc/cc/cr108f:7sQh,3c9h|/2c6hAs/Th:-100,100(-100.000000)
139:BR,Player:0cc/cc/r662f:KdAc,2sTc|/7sQcAh/3d:100,-100(100.000000)
140:Player,BR:0cc/cc/cr164f:2hTh,2dJd|/4c5c7d/8d:-100,100(-100.000000)
141:BR,Player:0r100c/cc/r573c/r957r3460c:2dAd,6c9s|/6sAsAc/Qs/3d:5190,-5190(-1717.187644)
142:Player,BR:0cr200c/cc/cr427f:5s5d,9dQd|/7c8cQs/Kh:-300,300(-300.000000)
143:BR,Player:0cc/cc/cc/cr400f:6cJc,2s6s|/8s9s9h/8h/2c:-100,100(-100.000000)
144:Player,BR:0cr200c/cc/cc/cc:4s4c,7dJd|/9sKcAs/3d/Kd:300,-300(205.771197)
145:BR,Player:0r100c/cr200c/cr800r1291c/cc:8sQh,6sAc|/6cTcJd/Ad/Qs:-2491,2491(-1629.497774)
146:Player,BR:0cc/cc/cr100c/cc:2d3h,4cQc|/2s4d5d/Jd/7h:-200,200(-18.178391)
147:BR,Player:0cc/cc/cc/cc:7cTd,5hJd|/6sQdAd/Kc/Kh:-100,100(-40.712231)
148:Player,BR:0cr200c/r300c/cc/cr1493f:3s5s,2sKc|/JsQhQd/5c/9h:-600,600(-600.000000)
149:BR,Player:0r200c/cc/r1727f:2c8s,5hKd|/4h5cAs/3d:300,-300(300.000000)
150:Player,BR:0cr200c/r300c/r1200r1200r3000f:4h6h,8hTc|/2h5cKh/7h:3000,-3000(3000.000000)
151:BR,Player:0r100c/cc/cr200f:5c6d,3cAd|/2hQdAs/2s:-200,200(-200.000000)
152:Player,BR:0cc/cc/cr124f:7s9h,5s9c|/3cQcAs/3s:-100,100(-100.000000)
153:BR,Player:0r100c/cc/r658c/r399c:5sKc,9d9c|/4c6hKs/2c/Jc:1257,-1257(518.668698)
154:Player,BR:0cr200c/r300c/cr425f:6s9s,3dQc|/4s5cJd/4c:-600,600(-600.000000)
155:BR,Player:0r100c/cr400c/r321c/cc:JcQc,3d5s|/5h7sQs/As/8c:921,-921(499.665425)
156:Player,BR:0cr200c/cc/r300c/cc:8h9h,6d8d|/6h9dJc/Ks/Qh:600,-600(255.932387)
157:BR,Player:0cc/cr100c/cc/r100c:5d8d,4c7s|/8hTsKd/2s/4h:300,-300(69.042736)
158:Player,BR:0cc/cc/r200r200r500c/r2000f:5c7h,5sAd|/ThTcAc/6c/Jh:1000,-1000(1000.000000)
159:BR,Player:0f:7cTh,2h9c|:50,-50(50.000000)
160:Player,BR:0cr200c/cc/cr212c/cc:JsJc,8cTc|/2s4sKh/8s/As:512,-512(227.704600)
161:BR,Player:0cc/cr200c/r371f:9cQh,2hTs|/4h5d8s/5c:300,-300(300.000000)
162:Player,BR:0cc/cc/r100r8148f:4sQh,3hTd|/6c9hQd/8h:-200,200(-200.000000)
163:BR,Player:0cc/cc/cc/r249r349f:2d3s,4sKs|/QdKcAc/4c/9s:-349,349(-349.000000)
164:Player,BR:0cc/cc/r100c/cr215c:2d5c,8cQs|/JcQdKs/2c/4c:-415,415(-265.857278)
165:BR,Player:0cc/cr100c/r100r600r842f:4dAc,2cJd|/2d4sQd/Th:900,-900(900.000000)
166:Player,BR:0cc/cc/cr100c/cc:6sJh,4dJd|/5s5dTc/6c/5c:200,-200(200.000000)
167:BR,Player:0r200c/cc/r427c/r1574f:8sJh,6h8d|/3h7d8h/Kh/9h:727,-727(727.000000)
168:Player,BR:0cc/cc/cr100f:3s9d,6sKd|/6c8cQh/8s:-100,100(-100.000000)
169:BR,Player:0cc/cc/cc/cc:7h9d,3hTd|/5hJcAd/Js/5s:0,-0(-0.000164)
170:Player,BR:0cc/cc/r200r8036f:7sJh,6d7d|/3dThAs/Kd:-300,300(-300.000000)
171:BR,Player:0r200c/cc/r747f:7dKd,3cKs|/4d6dTs/6h:300,-300(300.000000)
172:Player,BR:0cr200c/cc/cr1136f:7sJs,KdAs|/6h6cAc/Th:-300,300(-300.000000)
173:BR,Player:0r100c/cr200c/r569c/cr1938f:2hQs,6sKh|/7dTcKs/4d/Kc:-969,969(-969.000000)
174:Player,BR:0cr200c/cc/cr491f:3h3d,8sQd|/5c7sTc/4c:-300,300(-300.000000)
175:BR,Player:0r100c/cc/r376c/r354r3720r10065f:QsKc,TdTc|/3dQcAs/Ac/Jc:4650,-4650(4650.000000)
176:Player,BR:0cc/cc/cr100f:2sJs,5c7d|/3c5s8d/6d:-100,100(-100.000000)
177:BR,Player:0f:8h9c,2d7s|:50,-50(50.000000)
178:Player,BR:0cr200c/r300c/r600c/cc:TdQc,9dKc|/6sTsTh/7c/Tc:1200,-1200(194.213125)
179:BR,Player:0r200c/cc/r1727f:QsAd,4hQc|/9hKcAh/Qh:300,-300(300.000000)
180:Player,BR:0cc/cc/r200f:8dTh,4cJs|/3c8s8h/8c:100,-100(100.000000)
181:BR,Player:0f:QdKc,2c3h|:50,-50(50.000000)
182:Player,BR:0cc/cc/cc/r100r285c:4d7s,7cKd|/3sTsQs/8h/As:485,-485(485.000000)
183:BR,Player:0r200c/cc/r491c/r159c:3sQh,ThQd|/4s8c9s/Qs/9h:-950,950(320.341501)
184:Player,BR:0cc/cc/cr216c/cc:5cKh,3h9d|/2s4hTh/Kc/Ks:316,-316(311.529198)
185:BR,Player:0r200c/cr300c/cc/cc:8cAs,2h3h|/4d4c9c/7h/Td:600,-600(-136.662042)
186:Player,BR:0cc/cc/cr379f:2hKs,JsAc|/3d4cJd/7s:-100,100(-100.000000)
187:BR,Player:0r200c/cr300c/r279c/cc:2sAh,4sQs|/5dQcKd/9d/8c:-879,879(-878.998668)
188:Player,BR:0cc/cc/cr100c/cc:2d9s,3dKh|/6h6d9c/As/4h:200,-200(62.018169)
189:BR,Player:0f:7c8h,2s3h|:50,-50(50.000000)
190:Player,BR:0cr200c/r300c/r600c/cc:9cAc,2s7h|/2d9h9d/5d/3h:1200,-1200(78.038856)
191:BR,Player:0r100c/cr200c/cc/cr800r1708f:7d8d,4sQc|/7sTcAh/Qs/Ad:1200,-1200(1200.000000)
192:Player,BR:0cc/cc/cr188f:4cKc,6s9d|/3c5hQd/7d:-100,100(-100.000000)
193:BR,Player:0r100c/cr400c/r321c/r1507f:2s3c,ThAh|/7d9sJh/Tc/5d:921,-921(921.000000)
194:Player,BR:0cc/cc/cr286r386r386r1158c/r4632f:2d6d,7cAc|/2s6c9c/6h/Ah:2316,-2316(2316.000000)
195:BR,Player:0r200c/cr300c/r321f:4d8d,4sQs|/7s9cTh/Ad:600,-600(600.000000)
196:Player,BR:0cc/cc/cr188r576f:4hKd,3cTs|/6h7sJd/5c:288,-288(288.000000)
197:BR,Player:0f:2d8c,3c7s|:50,-50(50.000000)
198:Player,BR:0cc/cc/cr164c/cr162f:8dJc,8s9d|/2d3hTd/9s/6h:-264,264(-264.000000)
199:BR,Player:0r200c/cc/cc/r371f:2h5d,4c6h|/3s8s9c/Jd/7d:300,-300(300.000000)
200:Player,BR:0cr200c/cc/r300c/cc:8d9c,3hAh|/6d8s8c/5d/8h:600,-600(122.206886)
201:BR,Player:0r200c/cc/cc/cc:3c6c,5sKd|/7s9dAh/Qc/4s:-300,300(-297.833260)
202:Player,BR:0cc/cc/cr100f:5h9s,5c8h|/4s8cAc/Js:-100,100(-100.000000)
203:BR,Player:0r100c/cr400c/r369c/cc:3s8h,3cKd|/4c6cQs/2h/Ah:-969,969(-968.995802)
204:Player,BR:0cc/cc/r100r7085f:5h8s,4cQs|/5s6hTc/2c:-200,200(-200.000000)
205:BR,Player:0r100c/cc/cc/cr400f:4d5d,4c6d|/3s9sJs/Kc/3c:-200,200(-200.000000)
206:Player,BR:0cc/cc/cr249c/cc:6sQh,5c8h|/6h9dJc/Td/Jd:349,-349(349.000000)
207:BR,Player:0r200c/cc/r244f:4hQd,3dAc|/7hTcKs/9h:300,-300(300.000000)
208:Player,BR:0cr19900c/cc/cc/cc:KdAc,7hAh|/2s7s7c/Ks/9s:-20000,20000(-2100.438406)
209:BR,Player:0cc/cc/cr200f:3c8h,3d6d|/7dJdAd/Kc:-100,100(-100.000000)
210:Player,BR:0cr200c/r300c/cr100c/cc:JdJc,2s8c|/2hQhQd/Ah/6s:700,-700(225.284517)
211:BR,Player:0cc/cr200c/cc/r100c:4h9d,4c8d|/4d6s7c/As/7s:0,-0(60.470888)
212:Player,BR:0cc/cc/cc/cr100f:6cJs,5hJh|/9d9cTc/Kd/8s:-100,100(-100.000000)
213:BR,Player:0cc/cc/cr200c/r16163f:3dQd,2dTs|/3c4c6d/Ah/Qs:300,-300(300.000000)
214:Player,BR:0cc/cc/r100c/r200r1145f:8cJs,2d9s|/2cJcAd/6d/7c:-400,400(-400.000000)
215:BR,Player:0r200c/cc/r323c/cr1246c:3hQh,6cQs|/2d4s8h/3c/Ah:1869,-1869(-589.992078)
216:Player,BR:0cc/cc/r100r19800f:2s6c,6sKs|/3c5s7s/Ts:-200,200(-200.000000)
217:BR,Player:0r200c/cr300c/cc/r105r705c:6cKc,4s6h|/TdQsQd/Jc/Js:1410,-1410(-704.269669)
218:Player,BR:0cc/cc/r100r376r1152f:5dKs,3h8s|/4sTsAs/Ah:576,-576(576.000000)
219:BR,Player:0r200c/cr600c/cr900f:5s6c,KdAh|/3cTsQd/7d:-900,900(-900.000000)
220:Player,BR:0cc/cc/cr662f:2d6d,ThJc|/8c9cJs/2h:-100,100(-100.000000)
221:BR,Player:0r200c/cr300c/r121c/cc:TcAs,QsKs|/2s5s5d/4c/9d:721,-721(19.666956)
222:Player,BR:0cc/cc/r100r573c/cr272c:3d7s,JsJc|/2s7cTs/3h/Ac:1045,-1045(-683.930890)
223:BR,Player:0r200c/cr300c/r1975f:2hTc,3d6d|/2d2c3s/As:600,-600(600.000000)
224:Player,BR:0cc/cc/r200c/cr565f:4hJd,KsAc|/2h5s6c/2d/Kc:-300,300(-300.000000)
225:BR,Player:0cc/cr200c/r100f:3dTh,5dJc|/2c6hKc/2d:300,-300(300.000000)
226:Player,BR:0cc/cc/r100c/cc:5c8h,6dKs|/QhAhAd/4c/Th:-200,200(36.997593)
227:BR,Player:0r200c/cc/cc/cc:9cJd,7sAh|/2d8cQs/Kd/7c:-300,300(-206.402950)
228:Player,BR:0cr200c/cc/cc/cc:9dAd,5s9c|/5cTsKc/Qs/6s:-300,300(56.369431)
229:BR,Player:0r100c/cr200c/r495f:2s9h,3cAd|/5h6sTh/7s:400,-400(400.000000)
230:Player,BR:0cc/cc/cr286f:4h9s,JhJc|/2s5hQs/8d:-100,100(-100.000000)
231:BR,Player:0r200c/cr300c/cc/cc:6cKd,3c7c|/2c7dQs/Th/5h:-600,600(-382.891861)
232:Player,BR:0cc/cc/r100r19800f:5cJd,QhKh|/7h8hJh/8c:-200,200(-200.000000)
233:BR,Player:0r200c/cr600c/r181c/r1769c:5cTc,6hAc|/2d6dQh/Ks/2c:-2850,2850(-2850.000000)
234:Player,BR:0cc/cc/cr216f:7sTd,5d9s|/2h8cAh/4c:-100,100(-100.000000)
235:BR,Player:0r200c/cr600c/r732c/r759c:2s9c,7cQs|/3d4s7d/9d/3s:2391,-2391(1177.493797)
236:Player,BR:0cc/cc/r100r433c/cr681c:5c9h,KsKc|/4h7c9c/8d/8s:-1314,1314(-830.079996)
237:BR,Player:0r100c/cr400c/cc/r743r5372f:6hQc,3cAs|/4sTcKs/2d/5c:-1343,1343(-1343.000000)
238:Player,BR:0cr200c/r300c/cr1975f:4c7c,2cAh|/3c8dQh/4d:-600,600(-600.000000)
239:BR,Player:0r200c/cc/cc/cc:6c8h,7hQs|/JhKsAd/4h/6d:300,-300(41.933626)
240:Player,BR:0cr200c/r600c/cr364f:3d4d,6hJc|/5s5c7c/7d:-900,900(-900.000000)
241:BR,Player:0r200c/cr300c/r743f:2hQc,JdAs|/4h4c5d/3c:600,-600(600.000000)
242:Player,BR:0cr200c/r300c/cr139c/cc:9cTd,5s5h|/9hTsAs/4s/Ac:739,-739(329.610584)
243:BR,Player:0f:5h9d,2c4s|:50,-50(50.000000)
244:Player,BR:0cr200c/r300c/cr1299f:3d4d,2h2c|/4hJcAd/8h:-600,600(-600.000000)
245:BR,Player:0cc/cr200c/cr300c/cc:JdKh,6s7h|/3d7sTc/6c/8h:-600,600(-493.931574)
246:Player,BR:0cr200c/r600c/r1800f:3d5d,7dAc|/4h9hKh/Ts:900,-900(900.000000)
247:BR,Player:0r200c/cc/r1986f:5sQs,6cAh|/5dJdQc/8s:300,-300(300.000000)
248:Player,BR:0cc/cc/cr164f:2d9s,4s8d|/3d6h8h/Kd:-100,100(-100.000000)
249:BR,Player:0r200c/cc/cc/cc:2h2c,ThAc|/4s5hKs/6c/9c:300,-300(68.930174)
250:Player,BR:0cr200c/cc/cr323f:6hKh,4dJh|/7s8sJc/7h:-300,300(-300.000000)
251:BR,Player:0r100c/cr200c/r246c/cc:5sQh,TcQc|/6h9dKs/2s/Kc:-646,646(-377.605029)
252:Player,BR:0cc/cc/r200c/r600f:4sTs,8s9h|/4cTdAc/5h/Qh:300,-300(300.000000)
253:BR,Player:0r100c/cr200c/r100r500f:6c8c,9cJc|/2c7sJh/As:-500,500(-500.000000)
254:Player,BR:0cr200c/r300c/cr1493c/cc:2c5c,5d6s|/3s7cQc/9c/7s:2093,-2093(2093.000000)
255:BR,Player:0r200c/cc/r1306c/r565c:2dAd,5dQd|/4cQsAs/2h/4s:2171,-2171(953.163543)
256:Player,BR:0cc/cc/cr100c/cc:TsQh,2d7h|/5h5d8s/7s/Qd:200,-200(-2.058989)
257:BR,Player:0cc/cr100c/r107r307r7110f:6c7d,8hAd|/3d7h8c/Qh:614,-614(614.000000)
258:Player,BR:0cc/cc/cr435f:3hKd,4d9c|/5s6cJs/Jh:-100,100(-100.000000)
259:BR,Player:0cc/cc/cc/cr100r2664f:5hAd,JsAc|/JdQdKc/4h/8d:200,-200(200.000000)
260:Player,BR:0cc/r200c/cr491f:8hTd,2hTc|/4s5h7d/4d:-300,300(-300.000000)
261:BR,Player:0r100c/cr200c/cc/cr800c:4h8h,6c9h|/4sTsKh/5s/7s:1200,-1200(-398.238964)
262:Player,BR:0cc/cc/r100r248f:6s9c,4sAd|/8hJsAs/9d:-200,200(-200.000000)
263:BR,Player:0r200c/cc/r19700f:TsKc,2d3d|/2cTcKd/6s:300,-300(300.000000)
264:Player,BR:0cr200c/cc/cr100f:7cTc,6hQd|/5d6sKh/As:-300,300(-300.000000)
265:BR,Player:0cc/cr200c/cr300c/cc:2d4s,3sQs|/4h6hQc/8d/6c:-600,600(-158.508123)
266:Player,BR:0cc/cc/cr188f:6dTh,4s6s|/2c9cAc/Qd:-100,100(-100.000000)
267:BR,Player:0r100c/cr400c/r1299c/r581c:6sAs,QhKh|/4s8cKd/Ah/Tc:2480,-2480(824.893999)
268:Player,BR:0cc/cc/cr286c/r1544c:5d9h,AsAh|/8h9sJc/8d/9c:1930,-1930(379.289634)
269:BR,Player:0r100c/cr400c/r982c/cr1582r5955r10881f:6c9c,9hTh|/3c8dQc/7h/6h:-9119,9119(-9119.000000)
270:Player,BR:0cr200c/cc/r300r425c/cr1459f:KhAd,TcKd|/2c6dTd/2d/7s:-1025,1025(-1025.000000)
271:BR,Player:0r100c/cc/r100c/cc:2h4h,2s2d|/5c6cJc/5s/Ah:-300,300(-300.000000)
272:Player,BR:0cc/cc/cr164r264f:7hQc,2h3s|/JsJhJc/6c:264,-264(264.000000)
273:BR,Player:0r100c/cc/r573f:8hJs,TdKs|/5s7s7c/9c:200,-200(200.000000)
274:Player,BR:0cr200c/cc/r300c/cr1299r3798f:5c6c,5h8s|/5d7c9c/4c/6d:1899,-1899(1899.000000)
275:BR,Player:0r100c/cc/r1001f:7s9d,5hTh|/2s4d9c/2h:200,-200(200.000000)
276:Player,BR:0cr200c/r300c/cr743f:QcAs,4c9h|/3d6hKs/7s:-600,600(-600.000000)
277:BR,Player:0r100c/cc/cc/cc:7sAh,8h8c|/2dTsQs/3h/3s:-200,200(102.348388)
278:Player,BR:0cr200c/cc/r300c/r600r849f:3hAh,7sJc|/4h5d6c/Qd/8d:-1200,1200(-1200.000000)
279:BR,Player:0r200c/cc/cr600f:6h9s,5hAs|/4sTcJc/Ah:-300,300(-300.000000)
280:Player,BR:0cr200c/cc/r300r1129f:9sTh,8s9c|/7hQcAc/Jc:-600,600(-600.000000)
281:BR,Player:0cc/cc/r3080f:3s8h,3cKh|/2d4sAh/Qc:100,-100(100.000000)
282:Player,BR:0cr200c/cc/cr121r842c/cr7272f:JdAd,3hKh|/3s6s8c/Qd/3d:-1263,1263(-1263.000000)
283:BR,Player:0cc/cr100c/cr400r561f:4cJd,2dQs|/3s8s8c/7c:600,-600(600.000000)
284:Player,BR:0cc/cc/cc/r100r285r19515f:6sKd,JsQc|/6h9sKc/5c/Ks:485,-485(485.000000)
285:BR,Player:0cc/cr100c/r163f:9dKs,6s8h|/7hKhAc/3h:200,-200(200.000000)
286:Player,BR:0cr100c/r200c/r400f:9dQh,3d5c|/8s9hQc/Ks:400,-400(400.000000)
287:BR,Player:0r200c/cc/r1136f:JsAd,8s9d|/6sKcAh/9c:300,-300(300.000000)
288:Player,BR:0cr200c/r300c/cr1129f:TdJc,7h8c|/2c4d4c/9h:-600,600(-600.000000)
289:BR,Player:0r200c/cc/r161c/r162r623r1014f:QsKh,TdAh|/3c8dQc/Ac/4d:1246,-1246(1246.000000)
290:Player,BR:0cr200c/r300c/r600r1964f:KsAc,5dJc|/2h3s3c/Td:-1200,1200(-1200.000000)
291:BR,Player:0r200c/cc/r323f:5c7d,7hAh|/3c4hQc/8s:300,-300(300.000000)
292:Player,BR:0cr200c/r300c/cr9189f:9cKc,6dQd|/2h4dJd/6h:-600,600(-600.000000)
293:BR,Player:0cc/cc/cc/cc:9hJd,2cAh|/7s7hKc/3h/6d:-100,100(-28.516640)
294:Player,BR:0cr200c/cc/cr988f:8s9s,5sAh|/KdAdAc/8d:-300,300(-300.000000)
295:BR,Player:0r200c/cc/r1727f:7s8d,3dAs|/7c8sJh/Kh:300,-300(300.000000)
296:Player,BR:0cc/cc/r100r8148f:3s9c,4c6s|/8h9sQh/5c:-200,200(-200.000000)
297:BR,Player:0cc/cc/r100f:3hAd,9cJs|/3d4s4c/5s:100,-100(100.000000)
298:Player,BR:0cc/r200c/cr100c/cc:4s8s,4c9s|/5dJcAs/4d/6h:-400,400(177.636157)
299:BR,Player:0r100c/cr200c/r162c/cr1124f:3c6s,3d5s|/2s7cAh/8c/Ks:-562,562(-562.000000)
300:Player,BR:0cr200c/cc/cr859c/cc:8s8h,TsAs|/3d7c9c/Th/8d:1159,-1159(367.154173)
301:BR,Player:0cc/cr100c/r573f:ThQs,3cTd|/5cJdQd/9s:200,-200(200.000000)
302:Player,BR:0cr200c/r300c/r600c/cc:TsKc,8sAc|/8c9hKs/Js/5h:1200,-1200(1022.257584)
303:BR,Player:0r200c/cc/r1727c/r3317r14656f:3h6h,7hAh|/2d5dKh/Qh/4h:-5344,5344(-5344.000000)
304:Player,BR:0cc/cc/cc/cc:5sKc,7sJh|/3c6dQs/9d/Ah:100,-100(33.073023)
305:BR,Player:0r200c/cc/r18588f:5hTd,6sKc|/3d9sTc/5s:300,-300(300.000000)
306:Player,BR:0cr200c/cc/r300c/cc:AsAc,6h7c|/4h7hQd/Jh/Kc:600,-600(315.708677)
307:BR,Player:0cc/cc/cr200c/cc:4cKc,9sTd|/5d8h8c/Jh/3d:300,-300(38.364287)
308:Player,BR:0cc/cc/cr216c/cc:4d7c,4c9s|/4s5c6d/Ah/Jh:-316,316(66.200278)
309:BR,Player:0r200c/cc/cr300c/cr2400f:7cQd,8cTs|/2s4sAd/6s/Kd:-600,600(-600.000000)
310:Player,BR:0cr200c/r300c/cr184c/cr1476f:3d3c,2d9s|/2h4dQc/8c/4c:-784,784(-784.000000)
311:BR,Player:0r200c/cr600c/r732f:5sJc,6hKd|/2d7h8s/2c:900,-900(900.000000)
312:Player,BR:0cc/cc/cr435f:6cAd,ThJc|/3h8d9d/2h:-100,100(-100.000000)
313:BR,Player:0r200c/cc/r140f:4dAd,3h5s|/8s9h9c/9d:300,-300(300.000000)
314:Player,BR:0cr200c/cc/cr121f:3d5d,2c4s|/2s7sQs/Qd:-300,300(-300.000000)
315:BR,Player:0cc/cc/cc/cc:2hAd,TcQs|/5c6sKh/9s/7c:100,-100(10.933536)
316:Player,BR:0cc/cc/cr286c/cr136c:3h4d,QsQh|/2s4hTs/3c/Ks:522,-522(-308.150545)
317:BR,Player:0cc/cr200c/r371f:8sKc,ThJs|/4s7d8h/7s:300,-300(300.000000)
318:Player,BR:0cr200c/r300c/r600r600f:7dJd,ThTd|/3c7sQc/8s:-1200,1200(-1200.000000)
319:BR,Player:0cc/cc/r216f:2d7c,3hJd|/3s6sKd/4s:100,-100(100.000000)
320:Player,BR:0cr200c/r300c/r600f:9cTc,3s3h|/4sQsKd/Jh:600,-600(600.000000)
321:BR,Player:0r100c/cr400c/r139c/cc:3hQh,5hJd|/3c8c9s/Js/Kc:-739,739(-138.506623)
322:Player,BR:0cc/cc/cr216f:3cKd,6d7s|/8cJcAs/9c:-100,100(-100.000000)
323:BR,Player:0cc/cc/cc/cc:ThJd,5sJs|/4dQhKs/Qc/Qs:0,-0(5.885664)
324:Player,BR:0cc/cc/cc/cc:4hAc,3hAd|/2h9dTs/Jh/5s:0,-0(23.324713)
325:BR,Player:0r200c/cc/r988c/r18712c:3h8c,4s8s|/2s4hKc/4c/Ad:-20000,20000(-20000.000000)
326:Player,BR:0cc/cc/cr100f:3h6s,9hQc|/2dKhKd/8s:-100,100(-100.000000)
327:BR,Player:0r100c/cr400c/cr600c/cc:6cTh,QhAc|/5dJcAd/Td/5h:-1200,1200(-134.354762)
328:Player,BR:0cc/cc/r100c/cr433f:3s8c,8d9s|/JhAsAc/3d/Td:-200,200(-200.000000)
329:BR,Player:0cc/cr100c/cr400r854f:4hTh,2hQs|/5s8s9h/Js:600,-600(600.000000)
330:Player,BR:0cc/cc/r100r142c/cr1712f:4dAh,6c7s|/3s8hAs/Td/Qs:-342,342(-342.000000)
331:BR,Player:0cc/cr200c/r185r485r789f:3h5s,JhQs|/4c6cJd/9c:970,-970(970.000000)
332:Player,BR:0cc/cc/cr100c/cc:5cAs,6d8c|/7h7cKh/Jc/Kd:200,-200(199.996329)
333:BR,Player:0cc/cc/cc/cc:3cJc,3dQh|/2h9sKs/4h/4d:-100,100(-76.553682)
334:Player,BR:0cc/cc/cr108f:3h8s,2h7s|/6h6cKd/4d:-100,100(-100.000000)
335:BR,Player:0r100c/cr200c/r122c/r105c:7s7d,4dQc|/4h6dAc/Jd/5c:627,-627(278.449533)
336:Player,BR:0cc/cc/cr108f:6cTd,4h8c|/3cQsAs/5h:-100,100(-100.000000)
337:BR,Player:0r200c/cr600c/r419c/cr2638r16043f:7d9h,4d8d|/5s5d7s/3d/6h:3957,-3957(3957.000000)
338:Player,BR:0cr200c/cc/r600r6853f:TcJc,3h5s|/4s8h9h/6d:-900,900(-900.000000)
339:BR,Player:0cc/cr100c/r100r300r1718f:2d5d,9dAc|/4d5hQc/Kh:600,-600(600.000000)
340:Player,BR:0cc/cc/r100r1751r1951r2761r13337f:2h3d,5sAc|/4s5cAs/Jh:6663,-6663(6663.000000)
341:BR,Player:0f:6h9h,2h4c|:50,-50(50.000000)
342:Player,BR:0cc/cc/cr188c/cr948f:2h9d,JsQh|/2cQdAd/5d/Jc:-288,288(-288.000000)
343:BR,Player:0cc/cr100c/cr400f:3s3h,2cQd|/4cTcJs/9s:-200,200(-200.000000)
344:Player,BR:0cc/cc/cr216f:3dQs,KdAs|/8hTsKh/8s:-100,100(-100.000000)
345:BR,Player:0r200c/cr600c/r275c/cc:3hJc,4cAs|/2h6sQh/Qc/Ts:-1175,1175(-819.459483)
346:Player,BR:0cr200c/cc/cr100c/cr186c:9sJs,4s7s|/4d6hKd/9h/Ks:586,-586(-81.818767)
347:BR,Player:0f:JcQc,2d3c|:50,-50(50.000000)
348:Player,BR:0cr200c/cc/cr100c/cr122c:9cQh,6cQc|/7s7cKd/Kc/Qd:522,-522(-206.031945)
349:BR,Player:0cc/cr200c/r185f:3cQd,9sAd|/4s5h6s/4h:300,-300(300.000000)
350:Player,BR:0cr19900c/cc/cc/cc:4sJd,9dTh|/2cQhAs/Qc/6c:20000,-20000(13617.767564)
351:BR,Player:0r200c/cc/r281c/cr2324f:6c8c,JsQs|/2hQhAc/5s/Jc:-581,581(-581.000000)
352:Player,BR:0cc/cc/cc/cr100c:3cJd,6dQh|/5s5hJs/4d/7s:200,-200(200.000000)
353:BR,Player:0cc/cc/r435c/r435f:7sJc,4h8s|/3s5hJd/8h/5c:535,-535(535.000000)
354:Player,BR:0cr200c/r300c/cr243f:TdKc,QhAd|/2c7d8s/8h:-600,600(-600.000000)
355:BR,Player:0cc/cr200c/cr300r321r1842f:JcAc,8c9h|/5d6c7h/3d:-921,921(-921.000000)
356:Player,BR:0cr200c/r300c/cr561c/cc:9dQd,7dKh|/9sQcKc/5c/Td:1161,-1161(679.095632)
357:BR,Player:0f:4c9c,3h7s|:50,-50(50.000000)
358:Player,BR:0cc/r100c/cr498c/cr751r5796c:8sJd,8cQs|/6s7c9h/Ts/2c:7245,-7245(1448.247006)
359:BR,Player:0r200c/cr600c/r482f:7cAs,8cKc|/4c6hJh/3d:900,-900(900.000000)
360:Player,BR:0cr200c/cc/cr19700f:QcAs,8dTd|/4h6c9s/7h:-300,300(-300.000000)
361:BR,Player:0r200c/cr600c/cc/r7881f:3sKh,TcKc|/5hJcAh/8d/Ad:900,-900(900.000000)
362:Player,BR:0cc/cc/cr18953f:3s5h,8hTs|/4s9dJh/Qc:-100,100(-100.000000)
363:BR,Player:0cc/cc/cc/cc:8cQh,5dQs|/3d4d9d/9h/3h:0,-0(-13.073934)
364:Player,BR:0cc/cc/cr435f:5dAh,3d7c|/3s4sJh/3h:-100,100(-100.000000)
365:BR,Player:0cc/cr200c/r747f:QcKh,5d6s|/JsQsKs/2c:300,-300(300.000000)
366:Player,BR:0cr200c/cc/cr565f:ThAd,5c7h|/2c4s9c/6d:-300,300(-300.000000)
367:BR,Player:0r200c/cr300c/r1493f:AhAd,5c8s|/4hQsQc/2c:600,-600(600.000000)
368:Player,BR:0cc/cc/r100r327f:5h6s,8cAc|/7h7cQc/3h:-200,200(-200.000000)
369:BR,Player:0r200c/cr600c/cc/cc:2h7d,8cQh|/5c9cTh/7s/Qc:-900,900(-18.577588)
370:Player,BR:0cc/cc/r100r327f:2h4s,6c8c|/2dJdJc/Tc:-200,200(-200.000000)
371:BR,Player:0cc/cr200c/r427r727f:2c6c,4dTc|/9sJcQh/Kc:-727,727(-727.000000)
372:Player,BR:0cr200c/r300c/cr279f:3s7s,8d9d|/2s2dKh/Kd:-600,600(-600.000000)
373:BR,Player:0cc/cr100c/r107f:3d4h,3s6c|/5c8dTd/Qd:200,-200(200.000000)
374:Player,BR:0cc/cc/cr100f:4h6d,QsKs|/3h3d9s/3c:-100,100(-100.000000)
375:BR,Player:0cc/cc/cc/cc:4cKs,4hKc|/3c5hAc/Js/Jd:0,-0(-3.274938)
376:Player,BR:0cr200c/r300c/r600f:TsQh,5c7h|/4s9dJs/4d:600,-600(600.000000)
377:BR,Player:0cc/cr100c/r142c/r100c:2s3c,5cKc|/3d9hKd/9d/3h:442,-442(279.632411)
378:Player,BR:0cc/cc/r100c/cc:3dTc,7cKd|/2s3h5c/2c/9c:200,-200(81.201973)
379:BR,Player:0r100c/cr200c/cc/cr800r2987f:5sQc,8sTc|/6hKhAs/2s/5c:1200,-1200(1200.000000)
380:Player,BR:0cc/cc/r100r1523f:3s7c,3d4c|/2s6dKs/5s:-200,200(-200.000000)
381:BR,Player:0r200c/cc/r1986f:6hQh,9hKs|/2h3h5s/Td:300,-300(300.000000)
382:Player,BR:0cc/cc/cr188c/cr717f:4s5d,2s8s|/4h8dAs/7c/8h:-288,288(-288.000000)
383:BR,Player:0cc/cc/r142c/r113c:2s4h,5dQd|/2cAhAd/Ks/8d:355,-355(181.401741)
384:Player,BR:0cr200c/cc/cr1136f:3s3d,8d8c|/5d6h7s/9s:-300,300(-300.000000)
385:BR,Player:0r200c/cc/r323f:9dKd,KhAh|/4c5s8h/6c:300,-300(300.000000)
386:Player,BR:0cc/r100c/r200r283c/cr240c:2cAd,6cTs|/2d7h7d/Th/8h:-923,923(-589.479445)
387:BR,Player:0cc/cc/r164f:6s8d,3cQs|/4c5cAh/Jh:100,-100(100.000000)
388:Player,BR:0cr200c/r600c/r1800f:6h7h,3h8d|/5d9sKd/Kc:900,-900(900.000000)
389:BR,Player:0r200c/cr600c/r364r2528c/cc:2cTs,QcKs|/5dThKd/4s/Jd:-3792,3792(-2258.891347)
390:Player,BR:0cr200c/r300c/r600f:TdJd,8sJh|/2d3h5s/Qd:600,-600(600.000000)
391:BR,Player:0r100c/cr400c/cr600c/cc:8cAs,6dKh|/3d5dQc/Jd/8d:-1200,1200(-1051.665846)
392:Player,BR:0cr200c/cc/cr323f:8dAh,JhAd|/3h7dTd/6s:-300,300(-300.000000)
393:BR,Player:0r100c/cr200c/r100r500c/cc:8hJs,6sKc|/8cQdQc/Kh/9h:-1000,1000(-318.273242)
394:Player,BR:0cr200c/r300c/cc/cc:5c7c,6h7s|/2hQcAc/6c/Jd:600,-600(98.224051)
395:BR,Player:0cc/cc/r100c/cc:2h5d,8hAs|/2dTcQs/Ts/6d:200,-200(103.620268)
396:Player,BR:0cr200c/cc/cr565c/cr809c:JsJh,7sKc|/9dTcKh/5c/5d:-1674,1674(-1035.758973)
397:BR,Player:0r100c/cc/r187c/cc:2cJd,4hQs|/3h7sQc/Td/Kc:-387,387(-378.497783)
398:Player,BR:0cc/cc/r100f:6c9d,4hTs|/3h8d9h/3c:100,-100(100.000000)
399:BR,Player:0r200c/cr300c/r488r1088f:2s4h,3dJd|/5hThKd/9d:-1088,1088(-1088.000000)
400:Player,BR:0cr200c/cc/cc/cc:6h7c,3s3h|/2h7sKc/8c/Ac:300,-300(75.095443)
401:BR,Player:0cc/cr100c/cc/r107f:3dJd,6hJs|/8sTcQc/Qs/4h:200,-200(200.000000)
402:Player,BR:0cr200c/r300c/r600c/cr1708f:ThAc,5hTd|/4hQsKs/Ts/7s:-1200,1200(-1200.000000)
403:BR,Player:0r100c/cc/r100c/cc:JsAh,6h8d|/4h4d8s/9h/Th:-300,300(-17.687670)
404:Player,BR:0cc/cc/cr100f:5c9h,4dJc|/2s2h4s/Kc:-100,100(-100.000000)
405:BR,Player:0r200c/cr300c/r743f:9hJs,3sAc|/4c7sQd/Th:600,-600(600.000000)
406:Player,BR:0cc/cc/cr216f:8sAc,7cAh|/4c7dJd/2d:-100,100(-100.000000)
407:BR,Player:0r100c/cr200c/cr400r749c/cc:3hJc,8cQc|/2c4h4c/Qh/Th:-1549,1549(-1549.000000)
408:Player,BR:0cr200c/cc/cr161f:3s5s,4s9h|/8h8dQh/4c:-300,300(-300.000000)
409:BR,Player:0r200c/cr600c/cr900c/cc:8cKh,6cTh|/5h9sTs/5c/3h:-1800,1800(-1179.325174)
410:Player,BR:0cr200c/cc/r600c/r1800f:3d4d,7s9s|/3s7dKd/Td/Qs:900,-900(900.000000)
411:BR,Player:0cc/cc/cc/r249f:JdAs,6hQd|/2h3s9s/5d/Js:100,-100(100.000000)
412:Player,BR:0cr200c/r300c/cr6948c/cr12353r99c:4s7s,5cQh|/5h6sKs/3h/Qd:20000,-20000(-7484.055348)
413:BR,Player:0r100c/cc/cc/cc:4d9s,3d3c|/2h7sTd/Kd/6h:-200,200(-192.050491)
414:Player,BR:0cr200c/r600c/cr482f:QdKs,5c6s|/2c3hJc/6d:-900,900(-900.000000)
415:BR,Player:0r200c/cc/r185c/r100c:3c9d,3sKd|/2d7sTh/3h/7h:-585,585(235.909693)
416:Player,BR:0cc/cc/cr329f:5s6d,2sAc|/9cTsAs/7h:-100,100(-100.000000)
417:BR,Player:0r200c/cr600c/r1114f:3d5s,6h8c|/TsJhQs/Ac:900,-900(900.000000)
418:Player,BR:0cr200c/cc/cr185c/cc:5d9d,2dTs|/4h5s6d/Ah/Qh:485,-485(484.999944)
419:BR,Player:0cc/cc/r188c/cr19712f:5dQh,3s4h|/TcQdKh/3c/9c:-288,288(-288.000000)
420:Player,BR:0cr200c/r300c/r600c/cr738c:6c7h,3dKs|/4d8dKd/7s/Kh:-1938,1938(-931.013592)
421:BR,Player:0cc/cr100c/r2316c/r2047r15437f:6hQd,5s7c|/6s8hKc/Qs/4d:-4563,4563(-4563.000000)
422:Player,BR:0cc/cc/r100r1001f:4c9c,5d6d|/7d8dTh/2h:-200,200(-200.000000)
423:BR,Player:0r200c/cr300c/r425c/r103c:5dTd,JcKh|/3h4sKd/Ts/3s:-1128,1128(290.893690)
424:Player,BR:0cc/cc/cr379f:4dKh,2d5d|/3s8cQd/As:-100,100(-100.000000)
425:BR,Player:0r100c/cc/cc/cc:3hAh,7sKc|/7d8d9c/Tc/7c:-200,200(-98.938677)
426:Player,BR:0cc/cc/r100r100f:4hTs,9cJh|/2d9sQc/7s:-200,200(-200.000000)
427:BR,Player:0r100c/cr200c/r325f:7cQd,3sKh|/2s9sJd/Jh:400,-400(400.000000)
428:Player,BR:0cr200c/cc/r300r7991f:7dQd,3d8h|/4s6dTd/2h:-600,600(-600.000000)
429:BR,Player:0cc/cc/r286c/cc:5cJs,5d9h|/8sThJc/2d/9c:386,-386(183.537410)
430:Player,BR:0cr200c/r300c/r1200c/cr274c:9hKh,2h3c|/6sQcKc/3h/8h:2074,-2074(-609.466933)
431:BR,Player:0r100c/cr200c/r374c/r100r1748r3245c:7dQs,8sQd|/3s6sKs/8c/Qh:-5867,5867(-5867.000000)
432:Player,BR:0cc/cc/cr164f:5c8s,2c4d|/6dQsQc/6c:-100,100(-100.000000)
433:BR,Player:0cc/cc/cc/cc:JsKd,4dKc|/2h3s8s/Qh/5s:100,-100(-29.582258)
434:Player,BR:0cc/cc/cc/r100r187f:4sTd,3cAs|/2h8cTh/8h/Ac:-200,200(-200.000000)
435:BR,Player:0r100c/cc/r498c/cr1396f:6c8c,QcAh|/KhKcAd/2c/Ac:-698,698(-698.000000)
436:Player,BR:0cc/cc/cc/cr100f:4sJs,7hAc|/5s9hQc/8c/Qs:-100,100(-100.000000)
437:BR,Player:0r200c/cr300c/r646f:5hJd,7s8h|/3h6hJc/3d:600,-600(600.000000)
438:Player,BR:0cc/cc/cc/r100r215c:3cQs,9sQd|/6s7dAc/As/3s:415,-415(415.000000)
439:BR,Player:0r200c/cc/r649f:9h9c,7cQd|/5dThTd/8s:300,-300(300.000000)
440:Player,BR:0cc/cc/cr286f:2dQh,JsJc|/3s9hKd/8c:-100,100(-100.000000)
441:BR,Player:0cc/cr200c/r19700f:4h7h,9cJs|/2d3c5c/6h:300,-300(300.000000)
442:Player,BR:0cr200c/r300c/cc/cc:8h9h,9dJh|/6dAsAh/2s/2h:-600,600(360.814948)
443:BR,Player:0f:6dAc,2d3s|:50,-50(50.000000)
444:Player,BR:0cc/cc/cr216f:3hJs,7c8d|/2d5h9c/Kc:-100,100(-100.000000)
445:BR,Player:0cc/cr100c/r2316f:7dKh,4cTs|/7s8sKc/5c:200,-200(200.000000)
446:Player,BR:0cc/cc/cr19900f:2d3d,8h8d|/8cTdQs/5s:-100,100(-100.000000)
447:BR,Player:0r200c/cr600c/cr1800c/cc:2h4h,2sKc|/2c6sTh/Js/3h:-2700,2700(-533.799574)
448:Player,BR:0cc/cc/cr19900f:2hJc,6sKs|/2s5s9s/Qh:-100,100(-100.000000)
449:BR,Player:0r200c/cr300c/r243r1686c/cc:6d8d,QsAh|/5s6cTs/9d/3c:2529,-2529(1591.395727)
450:Player,BR:0cc/cc/cr100r400c/r600r2987r8374f:5dQd,3dTh|/2d6d7s/3c/Kd:4187,-4187(4187.000000)
451:BR,Player:0cc/cr200c/r3995f:5dKh,6sTs|/5s8hKc/2d:300,-300(300.000000)
452:Player,BR:0cr200c/r300c/cr321c/cc:KhKc,4h6s|/3hTsTc/9d/9s:921,-921(709.300753)
453:BR,Player:0cc/cr200c/r185c/cc:2c3d,5c9h|/5d6cAd/Qs/8s:-485,485(-484.460669)
454:Player,BR:0cc/cc/r100r248c/cc:3dTc,4c7s|/2c8sTd/9c/Ad:448,-448(448.000000)
455:BR,Player:0r200c/cc/r649f:7hQs,5hJh|/8dThQd/3s:300,-300(300.000000)
456:Player,BR:0cc/cc/cc/cc:4h8s,6h8d|/TcJdKs/Ah/3d:0,-0(88.773209)
457:BR,Player:0cc/cr100c/r100c/cc:TsAc,TdAs|/8dJsJd/Ks/3h:0,-0(-72.287552)
458:Player,BR:0cc/cc/r100c/cr285f:5d8h,5hQd|/7dThKd/3d/Qh:-200,200(-200.000000)
459:BR,Player:0cc/cr100c/cc/cc:9hKh,5hTs|/5c8d8c/2c/6h:-200,200(-35.981806)
460:Player,BR:0cr200c/cc/cc/r600f:6sKs,5d5c|/8cQcKd/6d/2d:300,-300(300.000000)
461:BR,Player:0f:5cQc,2d3s|:50,-50(50.000000)
462:Player,BR:0cr200c/r300c/cr982c/cc:9cTd,5hKd|/2c8d9h/6c/Tc:1582,-1582(1582.000000)
463:BR,Player:0r200c/cr300c/r4569c/r4837r9994f:8c9d,KhAd|/TsJsQc/7c/Qh:-10006,10006(-10006.000000)
464:Player,BR:0cc/cc/cr286f:4s8d,ThKc|/5dAhAd/Kh:-100,100(-100.000000)
465:BR,Player:0r100c/cc/r498c/cr698f:4d9d,7h9s|/2d5c6h/5d/Ah:-698,698(-698.000000)
466:Player,BR:0cr200c/cc/r300f:9dKd,3s7c|/6dTcJh/Jd:300,-300(300.000000)
467:BR,Player:0r200c/cr600c/cr1800f:9hTs,QcAc|/5hQdAd/4s:-900,900(-900.000000)
468:Player,BR:0cr200c/cc/cr244f:7dQd,5h8h|/3c4cTh/8s:-300,300(-300.000000)
469:BR,Player:0r200c/cr600c/r100r2000f:3d9s,JcAh|/2cJdAc/5d:-1000,1000(-1000.000000)
470:Player,BR:0cc/cc/cr164c/cr999f:4sJc,6hJh|/7s7hJd/9h/Th:-264,264(-264.000000)
471:BR,Player:0r200c/cc/cc/cr600f:4h5d,2cAh|/8dKhKd/Ks/Kc:-300,300(-300.000000)
472:Player,BR:0cc/cc/cr286f:5hTc,9cQc|/4cQsKc/6s:-100,100(-100.000000)
473:BR,Player:0cc/cc/r100f:JcQh,4s6s|/ThAsAh/8c:100,-100(100.000000)
474:Player,BR:0cr200c/cc/cc/cc:9h9d,8dQs|/7s7hTs/2h/Kd:300,-300(261.158196)
475:BR,Player:0r100c/cc/cr400f:3cJs,3hJh|/4h7cTd/4c:-200,200(-200.000000)
476:Player,BR:0cc/cc/cr100f:4cJs,6h7s|/6d8sQs/Qd:-100,100(-100.000000)
477:BR,Player:0r200c/cc/r3474f:2h4d,5d8h|/4c5hAs/Jc:300,-300(300.000000)
478:Player,BR:0cr200c/cc/cr747c/cc:4cKc,5cJs|/6s6d7s/3h/7d:1047,-1047(1046.999025)
479:BR,Player:0cc/cc/r100c/cc:4cAc,8hQh|/2hJcKc/2s/3d:200,-200(-42.959370)
480:Player,BR:0cc/cc/cr100r400c/cr488f:3dQc,8s9d|/6c8dJs/6d/9c:-600,600(-600.000000)
481:BR,Player:0r200c/cc/cc/cc:3d9s,QsQh|/6h8cAc/Kh/7c:-300,300(-296.490205)
482:Player,BR:0cc/cc/cr662f:7cJd,2cAc|/2dTsAh/5d:-100,100(-100.000000)
483:BR,Player:0r100c/cr200c/r753f:6dQd,7hKd|/3d8dQc/5s:400,-400(400.000000)
484:Player,BR:0cc/cc/cr379f:4h8s,8dKh|/7s9dTd/Ad:-100,100(-100.000000)
485:BR,Player:0r200c/cc/r1136f:8dKc,3h8h|/4sKsKd/9c:300,-300(300.000000)
486:Player,BR:0cr200c/cc/cc/cr100c:JdQd,TdAh|/2c4h5h/Kc/8s:-400,400(49.183056)
487:BR,Player:0cc/cr200c/r371r671r671f:8sQh,3hTd|/2d8dKh/Qd:1342,-1342(1342.000000)
488:Player,BR:0cc/cc/r100r142f:4c7h,8dQs|/6sQcAc/2c:-200,200(-200.000000)
489:BR,Player:0cc/cr100c/cr200c/cr800f:3dAs,5sTd|/8dThKc/Tc/6h:-400,400(-400.000000)
490:Player,BR:0cc/cc/cr1332f:5d6c,2h3h|/9cTsKh/Ah:-100,100(-100.000000)
491:BR,Player:0r100c/cr200c/r283r683r3910f:6hTh,7dJs|/2h4sJc/Ts:1366,-1366(1366.000000)
492:Player,BR:0cr200c/r300c/cr425f:8cJs,7sTs|/5c6cAc/Qd:-600,600(-600.000000)
493:BR,Player:0r100c/cr200c/r19600f:2s9c,JsKh|/5s5c9d/9h:400,-400(400.000000)
494:Player,BR:0cc/cc/cr108c/cr100c:2h5c,4s4d|/2s3c9d/7s/Jh:-308,308(-100.865862)
495:BR,Player:0r100c/cr400c/r1299f:QsAc,2sKc|/4c6cAd/2d:600,-600(600.000000)
496:Player,BR:0cc/cc/cr100f:6cJs,4h9s|/8hQhAc/5c:-100,100(-100.000000)
497:BR,Player:0r100c/cc/r1001r2402f:3s5s,9s9c|/6s8cTs/7d:-1201,1201(-1201.000000)
498:Player,BR:0cc/cc/cr100f:6cQd,2d3h|/4s4hJh/8c:-100,100(-100.000000)
499:BR,Player:0r100c/cr200c/cc/r246f:2cQd,8hQs|/3hAsAc/7d/2s:400,-400(400.000000)
500:Player,BR:0cr200c/r300c/r600r600c/cc:JcKh,2hQd|/9dJdQh/5c/6h:-1800,1800(133.935541)
RAW BR STATS: n=500, sum=-79502.000000, sum_sq=3348657618.000000, vr_sum=-90988.932210, vr_sum_sq=1718972313.871212
BR STATS: -159.004000(226.412375), -181.977864(161.740470)
RESULTS
1)BR: -79502
2)Player: 79502
