In config file: GAME_DEF=game_def.fullholdem
In config file: ACTIONS_R0=C
In config file: ACTIONS_R1=F,C,0.05,0.0575,0.066125,0.07604375,0.087450313,0.100567859,0.115653038,0.133000994,0.152951143,0.175893815,0.202277887,0.23261957,0.267512505,0.307639381,0.353785288,0.406853081,0.467881044,0.5380632,0.61877268,0.711588582,0.81832687,0.9410759,1.082237285,1.244572878,1.43125881,1.645947631,1.892839776,2.176765742,2.503280603,2.878772694,3.310588598,3.807176888,4.378253421,5.034991434,5.790240149,6.658776171,7.657592597,8.806231486,10.12716621,11.64624114,13.39317731,15.40215391,17.71247699,20.36934854,23.42475083,26.93846345,30.97923297,35.62611791,40.9700356,47.11554094,54.18287208,62.31030289,71.65684832,82.40537557,94.76618191,A
In config file: ACTIONS_R2=F,C
In config file: ACTIONS_R3=F,C
Using seed 14.
1:Player,BR:0cr200c/r300r321r921c/r1842c/cc:TsKh,4h4c|/2h7cKd/Qs/2c:3684,-3684(1603.103985)
2:BR,Player:0r200c/r244r544r2048f:6c9h,9dJh|/4s5s9s:1088,-1088(1088.000000)
3:Player,BR:0cc/cr164f:4hKd,5h9c|/3s6cTh:-100,100(-100.000000)
4:BR,Player:0r200c/r212r512f:4d6d,7s8s|/3dJsKs:-512,512(-512.000000)
5:Player,BR:0cc/cr501f:4dQh,8dTh|/5h7cKs:-100,100(-100.000000)
6:BR,Player:0r200c/r185c/cc/cc:QhKd,8sAd|/3s3c4s/6h/Jh:-485,485(-163.295175)
7:Player,BR:0cr200c/cr491f:TsQh,3s9d|/5c8dKh:-300,300(-300.000000)
8:BR,Player:0f:5hJh,2d8s|:50,-50(50.000000)
9:Player,BR:0cr200c/r300r561c/cc/cc:JsJc,7cKd|/6s6dKh/4h/Th:-1161,1161(-550.077585)
10:BR,Player:0cc/r124c/cc/cc:4c8c,2sQs|/7s7dAh/9d/Kc:-224,224(-222.383091)
11:Player,BR:0cc/cr761f:5cKh,TcKd|/8sJcQs:-100,100(-100.000000)
12:BR,Player:0r200c/r100c/cc/cc:7dKs,7sTd|/ThKhAh/Jc/Ad:400,-400(136.948594)
13:Player,BR:0cr200c/r300r488f:3cKc,5s5c|/2s4cJs:-600,600(-600.000000)
14:BR,Player:0f:8cJs,2h7d|:50,-50(50.000000)
15:Player,BR:0cc/cr164f:5d8c,TsKc|/7sKhAs:-100,100(-100.000000)
16:BR,Player:0cc/cc/cr200c/cr600f:8sTs,TcKc|/8dQdKd/9c/7s:-300,300(-300.000000)
17:Player,BR:0cc/cr435f:2h3s,4c6d|/6s6hTd:-100,100(-100.000000)
18:BR,Player:0r100c/cr200r1145c/cc/cr3090f:6cKs,2dTd|/2c9cJd/2h/7c:-1545,1545(-1545.000000)
19:Player,BR:0cc/cr124c/cc/r224f:8hTc,2c4s|/3h8cJs/Qc/7d:224,-224(224.000000)
20:BR,Player:0r100c/r248r448r1466c/cr2362f:6sTd,6d8d|/3d4s7c/Ah:-2362,2362(-2362.000000)
21:Player,BR:0cr200c/cr1986f:TcQs,8dTh|/3h4sAc:-300,300(-300.000000)
22:BR,Player:0r200c/cr300r1299c/cc/cc:2dKh,QsAs|/3d4s8s/8d/9h:-1899,1899(-1778.142499)
23:Player,BR:0cc/cr100c/cc/r200c:6sQh,2hTd|/TcKhAd/Ks/Ts:-400,400(-294.227184)
24:BR,Player:0cc/r662c/cc/cc:8cKh,5hAd|/3c6sKc/9h/Ac:-762,762(559.244211)
25:Player,BR:0cc/cr100f:2d7d,5h8d|/6hJhAd:-100,100(-100.000000)
26:BR,Player:0r200c/r427r727r3147f:3s6s,7d9s|/2c4s9c:1454,-1454(1454.000000)
27:Player,BR:0cc/cr100c/cc/cc:5d8c,JdAd|/5h7sKs/Tc/Ts:200,-200(33.592409)
28:BR,Player:0r200c/r121c/cr842c/cr5052f:2s6h,2c5c|/6c7hQc/Ac/Jd:-1263,1263(-1263.000000)
29:Player,BR:0cc/cr662f:2cTh,2s3h|/4h5cKs:-100,100(-100.000000)
30:BR,Player:0r100c/r187c/cc/cc:KcAh,3dAc|/9h9dQs/Js/Ts:387,-387(387.000000)
31:Player,BR:0cr200c/cc/cc/cc:TsJd,4hQs|/3s8h8c/Tc/9d:300,-300(255.841949)
32:BR,Player:0r200c/r988c/cc/cc:9hTs,QsAc|/4c7dJs/Kh/8h:1288,-1288(1288.000000)
33:Player,BR:0cr200c/r300r321c/cc/cc:9sAs,3s7h|/3c8sJh/6c/2d:-921,921(-78.472057)
34:BR,Player:0r100c/r658c/cc/cc:9hQd,9sQs|/9cThJh/2c/Ac:0,-0(-329.096145)
35:Player,BR:0cc/cr100c/cc/cc:2h6d,7dJd|/6sKcAs/4h/8s:200,-200(199.818637)
36:BR,Player:0f:6cJc,3c7d|:50,-50(50.000000)
37:Player,BR:0cc/cr100f:3hJd,6h9d|/7h7dQh:-100,100(-100.000000)
38:BR,Player:0r200c/cc/cc/cc:6c9c,8dAh|/3s3cJs/9d/7c:300,-300(299.999430)
39:Player,BR:0cr200c/r300r18483f:5h7s,AhAd|/6s6d6c:-600,600(-600.000000)
40:BR,Player:0cc/cc/cc/cc:7dQh,4hKs|/2h2c9d/4s/Th:-100,100(-48.859625)
41:Player,BR:0cr200c/cr18588f:7c8d,5hJh|/4hThAh:-300,300(-300.000000)
42:BR,Player:0cc/cc/cc/cr200f:6dJs,3hKh|/2c5c7s/Kd/4c:-100,100(-100.000000)
43:Player,BR:0cc/cr108c/cc/cc:2c7h,2s8d|/7cQsKh/Ah/Td:208,-208(207.999646)
44:BR,Player:0r100c/r142c/cr342c/cr2736f:2h5h,9cQc|/5cThAd/Ac/3h:-684,684(-684.000000)
45:Player,BR:0cr200c/r300r488f:JcQd,6s9c|/2d7s9d:-600,600(-600.000000)
46:BR,Player:0f:4c5s,2c6d|:50,-50(50.000000)
47:Player,BR:0cc/cr142c/cc/r484c:5dQs,2dKc|/2s4s4d/3s/6c:726,-726(235.109926)
48:BR,Player:0r200c/r491c/cr791c/cr18418f:9cAd,4h6h|/5h9hQc/3c/8h:-1582,1582(-1582.000000)
49:Player,BR:0cc/cr142c/cc/r242c:3hKs,6h9s|/7d9dKc/2s/Th:484,-484(228.564169)
50:BR,Player:0r100c/r376f:9cKh,6dQc|/2s2dKs:200,-200(200.000000)
51:Player,BR:0cc/cr188f:6c9d,9sTc|/2d2cTs:-100,100(-100.000000)
52:BR,Player:0r100c/cc/cr400c/cr1200c:2c5s,JsKs|/3c9cKh/2s/5c:1800,-1800(193.139620)
53:Player,BR:0cr200c/cc/cc/cc:9cKc,4c6h|/9dTsJh/4d/2s:300,-300(84.417397)
54:BR,Player:0r200c/r565c/cc/cc:7sQc,7cTd|/4s7hJd/6d/4c:865,-865(497.342848)
55:Player,BR:0cc/cr286f:4cJs,6cAd|/ThTdTc:-100,100(-100.000000)
56:BR,Player:0r100c/r248c/cr896c/cc:4s6c,4d5h|/3d6sKh/Th/Td:1344,-1344(374.308485)
57:Player,BR:0cc/cc/r100c/cc:5cAs,4dAc|/3s6dTs/2h/6c:200,-200(59.178405)
58:BR,Player:0cc/cr200c/cr600f:9dKs,8cAh|/2h4c8d/7d:-300,300(-300.000000)
59:Player,BR:0cc/cr662f:2cJd,TsKh|/2h8c9h:-100,100(-100.000000)
60:BR,Player:0cc/r100f:3sKd,7d8h|/3d4hQc:100,-100(100.000000)
61:Player,BR:0cr200c/r300r1129f:QcKd,7hQd|/7d8sTd:-600,600(-600.000000)
62:BR,Player:0r100c/r163r363r514f:7dAh,3d5s|/5h8s8c:726,-726(726.000000)
63:Player,BR:0cr200c/cr19700f:5c8c,2c8s|/2s2d7d:-300,300(-300.000000)
64:BR,Player:0r200c/cr300f:4h6s,5cTc|/2sThJd:-300,300(-300.000000)
65:Player,BR:0cc/cr100c/cc/r400f:8dQh,3c7d|/7sTsKd/3s/9s:200,-200(200.000000)
66:BR,Player:0cc/cc/cc/cr200c:7hAd,7cKc|/3s4dQd/Jd/6d:300,-300(300.000000)
67:Player,BR:0cr200c/r300r854c/cc/cc:ThTc,5h9c|/6h8dJh/4s/Ah:1454,-1454(1454.000000)
68:BR,Player:0r100c/cr200r753f:9hTs,5s5d|/4s7cQc:400,-400(400.000000)
69:Player,BR:0cc/cr100c/cc/cc:3s7h,TdQs|/7c9hAc/6c/5h:200,-200(199.999816)
70:BR,Player:0r200c/cr300r2271f:8sTs,QhAc|/3h5dJc:600,-600(600.000000)
71:Player,BR:0cc/cr100c/cc/cc:9hQd,9cKh|/2d7dAs/Ts/5h:-200,200(109.738206)
72:BR,Player:0r100c/r376c/cc/cc:6s8h,2sAc|/3c7s9s/3d/Tc:576,-576(575.999958)
73:Player,BR:0cr200c/cr1727f:5sAs,5dJh|/7h9hTc:-300,300(-300.000000)
74:BR,Player:0cc/cr200r371f:7d9d,5d8s|/2s6sJc:300,-300(300.000000)
75:Player,BR:0cr200c/r600c/r1800f:5cTc,6cJh|/QhKdAs/3c:900,-900(900.000000)
76:BR,Player:0r100c/r4658f:4dKd,8sQd|/3d5d7s:200,-200(200.000000)
77:Player,BR:0cr200c/cc/r300c/r600f:JhQd,QsKs|/6h6d7s/4h/5h:600,-600(600.000000)
78:BR,Player:0f:5cQs,2c8d|:50,-50(50.000000)
79:Player,BR:0cc/cr108f:2d3d,2h6d|/5h8hQs:-100,100(-100.000000)
80:BR,Player:0r200c/r18588f:5h9s,ThKc|/2c5c9h:300,-300(300.000000)
81:Player,BR:0cr200c/r300r854f:8hTh,3sTs|/2cQsQc:-600,600(-600.000000)
82:BR,Player:0r100c/r376c/cr576c/cr18848f:8h8d,9d9c|/4s6dQh/9h/Ks:-1152,1152(-1152.000000)
83:Player,BR:0cc/cr124c/cc/cc:2dJs,2hTs|/3h6hJc/6c/Qh:224,-224(223.525379)
84:BR,Player:0r200c/r244c/cc/cr1088f:2hAd,8sJd|/4d5s5h/Qc/7d:-544,544(-544.000000)
85:Player,BR:0cr200c/cr244c/cc/cc:JhKs,2dJs|/2s5h9s/4h/7h:-544,544(-161.028311)
86:BR,Player:0cc/r329c/cc/cc:6cQd,5h9s|/3h4s5s/7c/Qs:429,-429(429.000000)
87:Player,BR:0cc/cr761f:6cKs,2cJh|/5s6s7h:-100,100(-100.000000)
88:BR,Player:0r200c/cc/cc/cc:3c6c,5c7d|/5s9dKs/9s/8h:-300,300(-299.999803)
89:Player,BR:0cr200c/cr859c/cc/cc:JsJh,7dKs|/6h8h8c/As/Th:1159,-1159(1159.000000)
90:BR,Player:0cc/cr200r427f:3cQs,6hJc|/4s7c9c:300,-300(300.000000)
91:Player,BR:0cr200c/r300r1129f:5d7d,QsAc|/9cJsKc:-600,600(-600.000000)
92:BR,Player:0r100c/r498c/cc/cr1396c:8hTs,TdTc|/5s8c9h/3s/9s:-2094,2094(-618.067955)
93:Player,BR:0cc/cc/r100c/r200f:6sKh,5sJc|/3c9sKd/3h/3s:200,-200(200.000000)
94:BR,Player:0r200c/cc/cc/cc:8sAc,6c7d|/4h5s9s/9d/Qd:300,-300(52.669828)
95:Player,BR:0cr200c/r300r1299f:4s6d,TcQd|/4d8sJh:-600,600(-600.000000)
96:BR,Player:0cc/r124f:6dJs,3hKd|/8cJdAh:100,-100(100.000000)
97:Player,BR:0cr200c/r300r982c/cc/r1582c:5d6h,3dJc|/2c6d6c/Jh/5h:3164,-3164(813.026189)
98:BR,Player:0cc/r216f:9sJh,6dTh|/5dJcAc:100,-100(100.000000)
99:Player,BR:0cc/cr100f:3cJh,3s4c|/4hKsAc:-100,100(-100.000000)
100:BR,Player:0r200c/r491c/cc/cc:7s7h,2d8d|/2c3cJs/4s/4c:791,-791(324.427715)
101:Player,BR:0cc/cr164f:3dTc,7cQh|/6dQsAd:-100,100(-100.000000)
102:BR,Player:0r100c/r433c/cc/cc:7h9d,6sTd|/7c8cTs/Qc/Ad:-633,633(-547.676914)
103:Player,BR:0cc/cr124f:3sAc,2s9c|/5h9hJh:-100,100(-100.000000)
104:BR,Player:0r200c/r491c/cc/cc:6dAh,4s6s|/3h6hKs/Ac/8s:791,-791(791.000000)
105:Player,BR:0cc/cc/cc/r100c:4d9h,7cKh|/2s9cJh/6d/Js:200,-200(98.976086)
106:BR,Player:0r200c/r185c/cc/cr970f:2sAh,3s8s|/3c5cJs/6s/8c:-485,485(-485.000000)
107:Player,BR:0cc/cr100c/cc/r200f:8c9d,2h3s|/2d6c8s/As/9s:200,-200(200.000000)
108:BR,Player:0r200c/r212c/cr512c/cr1024c:3c9h,KsKc|/2s9sQc/5d/9d:2048,-2048(1359.480530)
109:Player,BR:0cc/cr576f:7dKh,3sJc|/5c9sAc:-100,100(-100.000000)
110:BR,Player:0r200c/r161c/cr461f:6h9h,2s2c|/7cTcJh/Kc:-461,461(-461.000000)
111:Player,BR:0cr200c/cr281f:2hAh,2s8h|/7s8sQd:-300,300(-300.000000)
112:BR,Player:0r200c/cr600r600c/cc/cr18500f:JsKh,7dAd|/5c6dQd/3c/2d:-1500,1500(-1500.000000)
113:Player,BR:0cc/cr876f:3sAc,6sJs|/5s9sQh:-100,100(-100.000000)
114:BR,Player:0r200c/r427f:7cJh,9cQc|/3h7hKs:300,-300(300.000000)
115:Player,BR:0cc/cr100f:4dTd,3dKd|/5s9sAc:-100,100(-100.000000)
116:BR,Player:0r100c/cr200r1145f:9hQd,JsAh|/7d8sKd:400,-400(400.000000)
117:Player,BR:0cc/r200r371f:3dKc,2c6c|/5c8cQh:-300,300(-300.000000)
118:BR,Player:0cc/r124c/cr224c/cr1792f:5hTc,5c8d|/4c9cQc/2d/2h:-448,448(-448.000000)
119:Player,BR:0cc/cr100f:5d7c,2h5s|/2dTdQc:-100,100(-100.000000)
120:BR,Player:0r200c/r244r1088r1088f:9hAs,7c8s|/3h3d5s:1632,-1632(1632.000000)
121:Player,BR:0cr200c/cr649f:4h6s,4dKd|/8cTcKs:-300,300(-300.000000)
122:BR,Player:0f:QhAc,2s4d|:50,-50(50.000000)
123:Player,BR:0cc/cr435c/cc/cc:7sQc,4s9d|/5c7h8d/2s/4d:535,-535(535.000000)
124:BR,Player:0r200c/r859f:6dKs,2dAc|/5sJsKc:300,-300(300.000000)
125:Player,BR:0cc/cr1007f:7dAc,JcQh|/4hTsKh:-100,100(-100.000000)
126:BR,Player:0r200c/r859f:8c9c,5d7s|/2c3d9d:300,-300(300.000000)
127:Player,BR:0cc/cr286f:9dQs,TsTc|/3d5s6s:-100,100(-100.000000)
128:BR,Player:0f:6hJc,2d3c|:50,-50(50.000000)
129:Player,BR:0cc/cr124f:6cQs,3d7d|/8hAsAh:-100,100(-100.000000)
130:BR,Player:0r200c/r747f:6sQc,8cKh|/3cJsQs:300,-300(300.000000)
131:Player,BR:0cc/cr1332f:2d6s,7dQh|/TsJdAs:-100,100(-100.000000)
132:BR,Player:0f:4d6h,2h4c|:50,-50(50.000000)
133:Player,BR:0cc/cr100f:3d8c,7cAs|/2c5sQd:-100,100(-100.000000)
134:BR,Player:0cc/r142f:9cTh,3cKc|/8d9dAd:100,-100(100.000000)
135:Player,BR:0cc/cr100c/cc/cc:4sKh,4c5d|/5cThKc/4h/9c:200,-200(-158.386903)
136:BR,Player:0cc/r435f:9hTd,2cQh|/3d9dJd:100,-100(100.000000)
137:Player,BR:0cc/cr662f:9sKh,JhQd|/3d4sQc:-100,100(-100.000000)
138:BR,Player:0r200c/r565r865r2462f:9cAh,8cTs|/4h5d8h:1730,-1730(1730.000000)
139:Player,BR:0cr200c/r300r488f:TcKh,7s8h|/5s7hJd:-600,600(-600.000000)
140:BR,Player:0r200c/r6076f:3cKc,8dAd|/2d4cQc:300,-300(300.000000)
141:Player,BR:0cr200c/r300r743f:6s7c,4sTh|/2d3cTc:-600,600(-600.000000)
142:BR,Player:0cc/cr200f:5s8c,4hKd|/2d9sTd:-100,100(-100.000000)
143:Player,BR:0cr200c/cr2284r5168r12248c/cc/cc:9s9h,KsKc|/3c6d8d/5h/4s:-20000,20000(4562.464480)
144:BR,Player:0r200c/r1986f:5cJc,5hTh|/7c9sTc:300,-300(300.000000)
145:Player,BR:0cc/cr576f:3d8c,8dTd|/6dAdAc:-100,100(-100.000000)
146:BR,Player:0f:3s9h,2d9s|:50,-50(50.000000)
147:Player,BR:0cc/cr329c/cc/r429f:2d3c,8dTc|/4cQcAd/Qs/6s:429,-429(429.000000)
148:BR,Player:0r200c/r212c/cr512c/cc:2h7s,7c9h|/2c9sKh/Kd/6s:-1024,1024(-165.422325)
149:Player,BR:0cc/cr379f:3h7d,5sKd|/3c8dKs:-100,100(-100.000000)
150:BR,Player:0r200c/cr300r488c/cc/cc:5h9h,6d8s|/6h6cQd/Qh/As:-1088,1088(-813.145167)
151:Player,BR:0cr200c/cr1502r1802r5129f:KhKd,4sTs|/2s3c5d:-3604,3604(-3604.000000)
152:BR,Player:0f:2sTd,2h6s|:50,-50(50.000000)
153:Player,BR:0cc/cr435f:3sQh,4cJh|/4s4hQs:-100,100(-100.000000)
154:BR,Player:0cc/cc/cc/cc:4h7c,7hTh|/9dTdAs/2s/Qs:-100,100(-98.417092)
155:Player,BR:0cr200c/r300f:9cJc,2s6s|/4hQsKc:300,-300(300.000000)
156:BR,Player:0r100c/cc/cc/cr200f:2d8d,5cQh|/5h7dTs/Tc/3c:-200,200(-200.000000)
157:Player,BR:0cc/r200r212f:8cKh,9hJd|/4hJsAs:-300,300(-300.000000)
158:BR,Player:0r100c/cr200r283f:5h6s,8hTc|/2s7sKh:400,-400(400.000000)
159:Player,BR:0cc/cr876f:6sJh,AhAd|/3c4sQd:-100,100(-100.000000)
160:BR,Player:0r200c/r18588c/cr1112c/cc:5hTh,QsKh|/5sTcQh/9d/9s:-20000,20000(-19568.375641)
161:Player,BR:0cr200c/r300r369r969r4824c/cc/r6762f:9cTc,7h9d|/6s7cQc/5s/3c:6762,-6762(6762.000000)
162:BR,Player:0cc/r249r349r349c/cc/cc:8sTd,2sQc|/2dTcKd/6h/Qd:-1047,1047(-258.304534)
163:Player,BR:0cr200c/cc/r300c/r1200f:KhAc,2h2d|/4c9cKd/As/7s:600,-600(600.000000)
164:BR,Player:0r200c/r747r1047r1120c/cc/cc:7dAd,2cQc|/TsQsAc/4c/7s:3214,-3214(2510.775933)
165:Player,BR:0cc/cr435f:8cQh,7hJh|/2s3dJc:-100,100(-100.000000)
166:BR,Player:0r200c/cr300f:2h8d,4sKc|/4h9cJd:-300,300(-300.000000)
167:Player,BR:0cc/cr379c/cc/cc:5h9d,3hKd|/4h5cKs/Ac/6h:-479,479(-185.393281)
168:BR,Player:0r200c/r649f:5sAs,4dJh|/3c6sAh:300,-300(300.000000)
169:Player,BR:0cc/cr124f:2c3s,3h4c|/5d9hTc:-100,100(-100.000000)
170:BR,Player:0r100c/cc/cc/cc:3d6d,6hAd|/9sJsKh/8d/Tc:-200,200(-200.000000)
171:Player,BR:0cc/cr19900f:5c8s,9dKd|/2s9cKs:-100,100(-100.000000)
172:BR,Player:0f:3d4h,3c9s|:50,-50(50.000000)
173:Player,BR:0cc/cr100c/cc/cc:2hTs,9hAc|/8dThKc/Js/9d:200,-200(45.091036)
174:BR,Player:0f:3s9d,2h5c|:50,-50(50.000000)
175:Player,BR:0cr200c/cr491f:JdAs,3c6c|/7s7h8h:-300,300(-300.000000)
176:BR,Player:0r200c/r491r791r846r2428c/cc/cc:KcAd,ThTd|/3s4h4c/3c/7s:-4856,4856(-1532.946360)
177:Player,BR:0cr200c/r300r561c/cc/r1161f:5h6d,9h9d|/3c5dQd/4h/5s:1161,-1161(1161.000000)
178:BR,Player:0cc/r435f:4hTh,6dKs|/3h7sAh:100,-100(100.000000)
179:Player,BR:0cc/cr188c/cc/r576f:9dQh,4h7c|/2cTcJs/3h/3s:288,-288(288.000000)
180:BR,Player:0cc/r188c/cc/cr288c:JhJc,8cKc|/4d8sQd/5s/2h:576,-576(58.149264)
181:Player,BR:0cr200c/cr988f:9hKh,3sTc|/6d7dAd:-300,300(-300.000000)
182:BR,Player:0r100c/r433f:3sQs,4s5h|/2s9s9h:200,-200(200.000000)
183:Player,BR:0cr200c/cr649f:JsQd,8d9h|/7s7hKc:-300,300(-300.000000)
184:BR,Player:0r100c/cc/cc/cr800f:8hTs,7sJc|/5hJhJd/5d/Ad:-200,200(-200.000000)
185:Player,BR:0cc/cr164f:2dKc,7cTh|/3h8hQh:-100,100(-100.000000)
186:BR,Player:0r200c/r161r461c/cr922c/cr3688f:6sAh,2hQh|/7hJsJd/3d/Ts:-1844,1844(-1844.000000)
187:Player,BR:0cc/cr124f:6sQd,4s9s|/7cJdJc:-100,100(-100.000000)
188:BR,Player:0cc/cc/cc/cr400f:3hTd,ThQd|/8sQsKd/5h/Kc:-100,100(-100.000000)
189:Player,BR:0cc/cr124c/cc/cc:3d7s,2cKh|/2s7hAd/Kd/Ts:-224,224(-214.604390)
190:BR,Player:0f:8sJs,3c8h|:50,-50(50.000000)
191:Player,BR:0cc/cr100c/cc/cc:4hAs,2hAh|/7dTcKs/8c/Kd:0,-0(134.252583)
192:BR,Player:0r200c/cr300r321f:9hJc,6dTc|/4d4cAd:600,-600(600.000000)
193:Player,BR:0cr200c/r300f:7s8c,4s9c|/5c8hTd:300,-300(300.000000)
194:BR,Player:0r100c/cr400f:5s7d,4dTd|/3d9sQc:-200,200(-200.000000)
195:Player,BR:0cc/cr662f:4sJd,3hJc|/3d4c6d:-100,100(-100.000000)
196:BR,Player:0cc/r435f:9hQc,2sJh|/4d9sTc:100,-100(100.000000)
197:Player,BR:0cc/cr19900f:7d9h,3cJc|/JhQcAc:-100,100(-100.000000)
198:BR,Player:0r100c/cc/cr400c/cc:TsAs,4dJc|/2d8dJd/5c/Kd:-600,600(-528.817650)
199:Player,BR:0cc/cr501f:3c9h,5c7d|/2h3h5d:-100,100(-100.000000)
200:BR,Player:0cc/r142c/cr242c/cc:3hAs,7hAd|/3dQsKh/2h/3c:484,-484(484.000000)
201:Player,BR:0cc/cc/cc/r200f:5dQc,2d6h|/9sQhKs/5s/Jd:100,-100(100.000000)
202:BR,Player:0r200c/r212f:4cTc,5s9c|/6hTdAh:300,-300(300.000000)
203:Player,BR:0cc/cr435f:2hTs,4hAc|/7hJdAs:-100,100(-100.000000)
204:BR,Player:0r200c/r649f:5dQh,7dAh|/2dTsQs:300,-300(300.000000)
205:Player,BR:0cc/cr124c/cc/r224c:3sKc,7cQs|/AsAhAd/4s/2s:448,-448(208.066949)
206:BR,Player:0f:6sTh,2c4h|:50,-50(50.000000)
207:Player,BR:0cr100c/cr163f:3dAd,4dKd|/4c8s9h:-200,200(-200.000000)
208:BR,Player:0cc/r108c/cr208f:5c7s,5h7d|/4h4dKs/Kc:-208,208(-208.000000)
209:Player,BR:0cc/cr761f:2s8c,8sJh|/6s7h9h:-100,100(-100.000000)
210:BR,Player:0r200c/r161f:2d5d,3h8h|/5s6cKs:300,-300(300.000000)
211:Player,BR:0cc/cc/r100c/cc:4s7h,TcQc|/3s8cKh/7c/2d:200,-200(65.510146)
212:BR,Player:0r200c/r988f:7sKd,5hAs|/8dQcKs:300,-300(300.000000)
213:Player,BR:0cr200c/r300r1299f:JhAc,2s9h|/4d6cTh:-600,600(-600.000000)
214:BR,Player:0f:8dTh,2c4d|:50,-50(50.000000)
215:Player,BR:0cc/cr761f:5dJs,8cTd|/4h9sJc:-100,100(-100.000000)
216:BR,Player:0r200c/r371c/cr671c/cc:TsQc,QsKh|/6hTdAs/7s/7h:1342,-1342(-155.487998)
217:Player,BR:0cr200c/cr988f:TcAs,5d7h|/4h8hKs:-300,300(-300.000000)
218:BR,Player:0cc/r100c/cr400c/cc:4c7c,6dKd|/4h9cQs/7d/Qd:600,-600(364.565427)
219:Player,BR:0cc/cr100f:2hTd,2s3s|/4sQhKh:-100,100(-100.000000)
220:BR,Player:0cc/cr200r491c/cc/cc:4cTs,2sAs|/2h5sKd/8c/Jh:-791,791(-646.972701)
221:Player,BR:0cc/cr100c/cc/cc:4hTc,3s8c|/4d8s9h/Qs/Ks:-200,200(-62.204771)
222:BR,Player:0r100c/r757c/cr957c/cc:9dKc,5dKs|/2sTdKd/4c/7h:1914,-1914(1913.972797)
223:Player,BR:0cc/cr100f:2s4c,6sKs|/8h8dAc:-100,100(-100.000000)
224:BR,Player:0cc/r164r264r994f:4hTc,4d8h|/5c6dKc:528,-528(528.000000)
225:Player,BR:0cc/cc/r100c/cc:8hAc,2h2d|/6c7s8s/5h/7d:200,-200(66.987485)
226:BR,Player:0r200c/cc/cc/cc:8dAd,2dAh|/7c9sQh/2h/8s:300,-300(299.999962)
227:Player,BR:0cr200c/cr18588f:9hJc,2sQh|/2hQsAc:-300,300(-300.000000)
228:BR,Player:0f:3cAs,2h7c|:50,-50(50.000000)
229:Player,BR:0cr200c/r600r732r1632c/cc/cc:ThKd,6d9c|/4s6hTs/3s/Td:3264,-3264(1557.986188)
230:BR,Player:0r200c/r491c/cc/cc:QhKd,3c5c|/2c9cQc/8s/6c:-791,791(-326.499185)
231:Player,BR:0cr200c/cr565f:8sAh,6hAs|/3s4c7d:-300,300(-300.000000)
232:BR,Player:0r200c/r371c/cc/cc:2d5s,4sQh|/3sQsAh/3d/Jd:-671,671(-671.000000)
233:Player,BR:0cc/cr100c/cc/r200c:7sJh,3h9c|/9dTcQc/8s/Qs:400,-400(197.935556)
234:BR,Player:0r100c/cc/cr200c/cc:2d6h,8h9d|/2s8sQs/7h/Js:-400,400(-272.961669)
235:Player,BR:0cc/cr100f:6hTd,9dJs|/8cKcAs:-100,100(-100.000000)
236:BR,Player:0r100c/r1001f:5d7h,8sJh|/5s5cAh:200,-200(200.000000)
237:Player,BR:0cc/cr124c/cc/cc:7cAs,2h5s|/3s3h9h/Kd/Jc:224,-224(224.000000)
238:BR,Player:0cc/cc/cc/cc:3sQh,4cAh|/5c7hJc/Td/4d:-100,100(-99.995439)
239:Player,BR:0cr200c/cc/cc/cc:KcAc,2c8h|/3d9sTc/7s/Jh:-300,300(-278.955049)
240:BR,Player:0r100c/cc/cc/cc:3s9s,6dQh|/2hKdAd/4h/4c:-200,200(-180.785211)
241:Player,BR:0cc/cr576f:8hAs,2d3c|/4c5d7d:-100,100(-100.000000)
242:BR,Player:0r200c/r747c/cc/cc:7d8h,QsQh|/5h6sAs/5d/Th:-1047,1047(-1044.233642)
243:Player,BR:0cr200c/cr1306f:3h6h,4c7s|/5c8sAh:-300,300(-300.000000)
244:BR,Player:0r200c/cc/cr600f:3s9h,9s9d|/5c6hTs/8c:-300,300(-300.000000)
245:Player,BR:0cr200c/r300r488f:7c9c,2h6c|/6sQsQh:-600,600(-600.000000)
246:BR,Player:0cc/r379c/cc/cr958f:3d8h,3hAh|/8dKdAd/9d/Ks:-479,479(-479.000000)
247:Player,BR:0cr100c/cr327c/r527f:KhKd,5c6d|/2hTsQc/9d:527,-527(527.000000)
248:BR,Player:0cc/r329f:8d8c,4sTd|/2d2c7c:100,-100(100.000000)
249:Player,BR:0cr200c/cr1136r2872f:8hAh,4c8s|/2h5d7h:1436,-1436(1436.000000)
250:BR,Player:0cc/r100r200r1145c/cc/cc:KcAd,TsJh|/3d9hTc/Qd/9c:-1545,1545(-1544.957189)
251:Player,BR:0cr200c/r300r1718f:5cAs,3c4c|/4sTsQc:-600,600(-600.000000)
252:BR,Player:0r100c/cc/cc/cr200f:2h6d,2dAs|/7c8hAc/Kc/7h:-200,200(-200.000000)
253:Player,BR:0cc/cr100c/cc/cc:8dQh,6sAh|/3cThTd/6d/6c:-200,200(-168.080780)
254:BR,Player:0r200c/cc/cc/cr600f:6dKc,9cAs|/5c9dJh/2c/8h:-300,300(-300.000000)
255:Player,BR:0cc/cr100c/cc/r400f:3d4s,2hTh|/2s6sQs/5c/5h:200,-200(200.000000)
256:BR,Player:0r100c/r376r576r6633r7785c/cr4430f:5hKc,3d4d|/2d5s7d/9d:-15570,15570(-15570.000000)
257:Player,BR:0cr200c/cc/cc/cc:5hAs,2h3s|/6sKdAc/Qh/Qs:300,-300(299.961177)
258:BR,Player:0r200c/r19700f:4c9h,2sAh|/4s9cQh:300,-300(300.000000)
259:Player,BR:0cr200c/r300r743f:8cTc,6s8h|/2s5cJs:-600,600(-600.000000)
260:BR,Player:0r100c/cr200r1145r1545r4398f:3cKh,5cJc|/5h8cTh:3090,-3090(3090.000000)
261:Player,BR:0cc/cr124c/cc/cc:6hKs,4c7s|/9d9cTs/Ah/8d:224,-224(224.000000)
262:BR,Player:0r100c/cc/cc/cc:5sKh,8sJc|/3h3c6d/6c/2d:200,-200(128.388054)
263:Player,BR:0cr200c/r300r300c/cc/cc:3d6d,7cTh|/3cTsQs/5c/7d:-900,900(-840.970935)
264:BR,Player:0cc/cc/cr200c/cc:8sJc,2sTc|/3c5sKd/8c/3s:300,-300(110.798518)
265:Player,BR:0cr200c/r300f:9sJs,3h8d|/7dQcAs:300,-300(300.000000)
266:BR,Player:0r200c/r427c/cr727f:5c6c,8sTs|/2d3sKs/Qh:-727,727(-727.000000)
267:Player,BR:0cc/cr188f:7hQc,TsAh|/2hThKs:-100,100(-100.000000)
268:BR,Player:0r200c/cr300r646r2492f:6c8c,9sQc|/2cThTd:-1246,1246(-1246.000000)
269:Player,BR:0cc/cr100f:3c8s,2hJc|/2dQcAd:-100,100(-100.000000)
270:BR,Player:0r200c/r491c/cc/cc:5c6d,3c6c|/2d3h9c/2h/Ts:-791,791(-791.000000)
271:Player,BR:0cc/cr100f:6s7c,9hKs|/5s5dTd:-100,100(-100.000000)
272:BR,Player:0r200c/r244c/cc/cc:2s9d,QsQh|/2d4d8s/8h/Ad:-544,544(-78.981300)
273:Player,BR:0cr200c/r300r18483f:6d7s,5h9h|/5s5cJs:-600,600(-600.000000)
274:BR,Player:0f:2sTc,3c7d|:50,-50(50.000000)
275:Player,BR:0cc/cr1158f:2cAs,8c9d|/3h6h7d:-100,100(-100.000000)
276:BR,Player:0r200c/cc/cc/cr300f:4d6c,8cTs|/7c9sQd/Jc/3s:-300,300(-300.000000)
277:Player,BR:0cc/cr100c/cc/cc:5dQs,6hJc|/KcAhAc/Ts/8s:200,-200(154.982490)
278:BR,Player:0cc/r164c/cc/cc:4c8h,3s5d|/2d3c7c/Kh/7s:-264,264(-263.981364)
279:Player,BR:0cr200c/cr323f:9sJs,JcKc|/JhKhAh:-300,300(-300.000000)
280:BR,Player:0cc/r576c/cr676c/cc:5dQd,8dTd|/2h8hQc/Ts/2d:1352,-1352(267.088663)
281:Player,BR:0cr200c/r600r637f:6cQc,4dQh|/2h7c8h:-900,900(-900.000000)
282:BR,Player:0r100c/r187c/cr387c/cr1548f:TcJh,KhAh|/2d8sQc/8c/As:-774,774(-774.000000)
283:Player,BR:0cr200c/r300r561f:TcJs,7s8d|/3s3c8c:-600,600(-600.000000)
284:BR,Player:0r100c/r163f:ThAs,2c3c|/7h7c8h:200,-200(200.000000)
285:Player,BR:0cc/cr1007f:6dKc,9sTc|/4s5h8h:-100,100(-100.000000)
286:BR,Player:0cc/r100r200r2303f:6d9s,6cQh|/6s7dKh:400,-400(400.000000)
287:Player,BR:0cr200c/r600r842r1742r6557r9959f:5s6s,3cKh|/3d4s7h:10041,-10041(10041.000000)
288:BR,Player:0cc/r501f:2h3c,4s7s|/3h3dTd:100,-100(100.000000)
289:Player,BR:0cc/cr876f:3d9s,4c7s|/5c6cTd:-100,100(-100.000000)
290:BR,Player:0r100c/r163c/cc/cr726c:3c5d,2hTh|/2d7dAd/4h/Tc:1089,-1089(925.180988)
291:Player,BR:0cr200c/r300r982c/r1582c/r6328f:TcJc,7cQh|/8h9dKc/Qd/3d:3164,-3164(3164.000000)
292:BR,Player:0r100c/r215f:KdAc,7cQs|/5d9s9c:200,-200(200.000000)
293:Player,BR:0cc/cr379c/cc/cc:2dTc,3h7d|/2c5dKd/Qd/7s:-479,479(-258.688896)
294:BR,Player:0r100c/r215r830r830c/cc/cr4150f:2h3c,3s5d|/2s4c8h/Td/6s:-2075,2075(-2075.000000)
295:Player,BR:0cc/cr142f:2cTh,4s6s|/5c9h9c:-100,100(-100.000000)
296:BR,Player:0r200c/r140c/cc/cc:TsAh,9sQc|/3s4cKs/8c/8s:440,-440(-103.317724)
297:Player,BR:0cc/cr18953f:3h4d,9sTc|/9cTsAh:-100,100(-100.000000)
298:BR,Player:0r100c/r163f:3cKc,7s8s|/2d3h4d:200,-200(200.000000)
299:Player,BR:0cr200c/r300r1493r17907f:8cTc,5c6s|/4d7sTs:2093,-2093(2093.000000)
300:BR,Player:0r200c/r371c/cr671c/cr2684c:2dJs,7d9h|/7h8hTd/8s/Jc:-4026,4026(-1280.228707)
301:Player,BR:0cc/cr100f:2h6s,5c7h|/TcJcAc:-100,100(-100.000000)
302:BR,Player:0r200c/cr600f:2h7h,6cJs|/QcKcAs:-300,300(-300.000000)
303:Player,BR:0cc/cc/r200f:4d8c,5s9h|/3dJcKd/3h:100,-100(100.000000)
304:BR,Player:0cc/r576f:6cQh,6dJd|/TcJhQs:100,-100(100.000000)
305:Player,BR:0cr200c/cr565f:KsAd,5sTd|/7d7c9c:-300,300(-300.000000)
306:BR,Player:0r200c/r323c/cc/cc:2dTs,9cQc|/6cThKd/3h/9s:623,-623(477.789593)
307:Player,BR:0cc/cr164c/cc/r264c:3dAs,9hQc|/8sQdAc/5s/4s:528,-528(53.060378)
308:BR,Player:0cc/cc/cc/cc:8sKc,2c5s|/6h7sQh/9s/2d:-100,100(-35.799303)
309:Player,BR:0cc/cr761f:2d4s,4c7c|/6d9cKc:-100,100(-100.000000)
310:BR,Player:0r200c/r100c/cc/cr800f:6s8d,5s5c|/8sThQc/Kh/Jh:-400,400(-400.000000)
311:Player,BR:0cc/cc/cc/cc:5hJs,8dJh|/2d6cQd/8s/7h:-100,100(-81.618511)
312:BR,Player:0r100c/r142r342c/cr684c/cc:7dAd,6d7c|/4cQsQc/7h/As:1368,-1368(1329.438424)
313:Player,BR:0cc/cr100f:4s8d,6dKh|/2h2c7c:-100,100(-100.000000)
314:BR,Player:0r100c/r573c/cr773c/cc:QhQd,3c5h|/5d5c9d/9c/6d:-1546,1546(-585.709874)
315:Player,BR:0cc/cr576f:7hJc,8sKd|/2h3h5d:-100,100(-100.000000)
316:BR,Player:0r200c/r106c/cc/cc:5dAc,7cKh|/TdQsQd/Ts/Qc:0,-0(-0.000000)
317:Player,BR:0cc/cr662f:6sJh,TdJs|/5d9hTs:-100,100(-100.000000)
318:BR,Player:0cc/cc/cc/cc:4sQs,2sQd|/8s8cTc/Td/Ks:0,-0(-23.772298)
319:Player,BR:0cr200c/r300r743c/r1343c/cc:6sKs,4dJc|/5h6dJd/Js/7h:-2686,2686(-1434.280844)
320:BR,Player:0r200c/cr300f:3s4h,6dKs|/5c8cKh:-300,300(-300.000000)
321:Player,BR:0cr200c/cr212c/cc/r1024f:8cKd,3s5s|/6sKcAh/8d/Ks:512,-512(512.000000)
322:BR,Player:0r200c/cr600r600c/cc/cc:8sAh,7hQs|/3s7cKd/3c/4h:-1500,1500(-868.369665)
323:Player,BR:0cr200c/cr1502c/cc/cc:JcKh,TdAc|/6h8sJs/9h/7d:-1802,1802(-1597.212545)
324:BR,Player:0r200c/cr600f:5sQs,9cKd|/8c9sKc:-300,300(-300.000000)
325:Player,BR:0cc/cr142f:5s8c,2s9s|/QhQcKs:-100,100(-100.000000)
326:BR,Player:0r200c/cc/cr600f:7sJh,QcKd|/2d4d8c/Qd:-300,300(-300.000000)
327:Player,BR:0cr200c/r600r969r1869f:6c7d,3cJc|/2d5c9d:1869,-1869(1869.000000)
328:BR,Player:0cc/r108c/cc/cc:JcAs,2dQh|/8s8cKc/7h/6d:208,-208(77.920889)
329:Player,BR:0cr200c/r300c/r600c/r1200f:TsAh,6s6h|/2sKhAs/Qh/3d:1200,-1200(1200.000000)
330:BR,Player:0r200c/r747c/cc/cc:6sTd,3cAh|/4c5h8h/Qc/4d:-1047,1047(-1046.999851)
331:Player,BR:0cc/cr164c/cc/cc:2d9c,7h9s|/2s7sQd/3d/6h:-264,264(-173.191523)
332:BR,Player:0f:7d8d,3s9d|:50,-50(50.000000)
333:Player,BR:0cr200c/r300r6042f:7c8s,9cAc|/7sThJc:-600,600(-600.000000)
334:BR,Player:0cc/r100c/cc/cc:5h6h,TsAh|/3c8c9c/7s/Tc:200,-200(10.289277)
335:Player,BR:0cc/cc/cc/cc:9hKc,3hTd|/4h9cQs/9d/4s:100,-100(43.457691)
336:BR,Player:0r100c/r19800f:JsJh,3s4s|/5c7hJd:200,-200(200.000000)
337:Player,BR:0cc/cr249c/cc/cc:4dTs,8dJh|/4s8cAh/6c/Jc:-349,349(-279.945420)
338:BR,Player:0cc/r501f:JsAs,2hJc|/8sKsKh:100,-100(100.000000)
339:Player,BR:0cc/cr188f:5hAc,3h4d|/2hJdQd:-100,100(-100.000000)
340:BR,Player:0f:5hQc,2d7s|:50,-50(50.000000)
341:Player,BR:0cr200c/r300r743c/r1343c/r5372f:KdAh,5h6d|/2h3cTh/6h/9h:2686,-2686(2686.000000)
342:BR,Player:0r200c/r212r512c/cr2048c/cc:2dJs,KdAc|/2c7dKh/Jc/Th:3072,-3072(2997.583913)
343:Player,BR:0cc/cc/cc/r200f:5dJh,6sJd|/3s8hQh/4s/6h:100,-100(100.000000)
344:BR,Player:0r100c/r187f:3c9s,4c5d|/8c9hQd:200,-200(200.000000)
345:Player,BR:0cc/cr1158f:2hJs,TdKc|/3sJhQh:-100,100(-100.000000)
346:BR,Player:0r200c/cr600r1114r2014r6592r9380f:5dKc,AhAd|/2h6s9d:-10620,10620(-10620.000000)
347:Player,BR:0cr200c/cc/cc/cc:7s9d,3sAh|/4s6dQh/9h/7d:300,-300(206.392148)
348:BR,Player:0r100c/r871c/cr1071c/cc:3dTh,4sAs|/2c5hTd/Qc/Qh:2142,-2142(867.400723)
349:Player,BR:0cr200c/r300r561r1161r1161c/r3483f:7c8c,5hAh|/3c8s8h/8d:3483,-3483(3483.000000)
350:BR,Player:0r200c/r859f:9dQh,7cKc|/7sTsJc:300,-300(300.000000)
351:Player,BR:0cr200c/cr185c/cc/cc:7d7c,8dJd|/8hQdKh/Qs/Ts:-485,485(14.507943)
352:BR,Player:0r100c/r757c/cr957c/cr3828c:8sKd,QcKh|/TdJcKc/8h/As:-5742,5742(-1850.887425)
353:Player,BR:0cc/r200r371f:3c9h,JsKs|/6h8c9d:-300,300(-300.000000)
354:BR,Player:0cc/r18953f:6cKc,8sKd|/2c3c9c:100,-100(100.000000)
355:Player,BR:0cc/cr100f:3h6c,6hKd|/4hJdAs:-100,100(-100.000000)
356:BR,Player:0r100c/r215r415r1358f:2h3c,5sQc|/3s5cAd:830,-830(830.000000)
357:Player,BR:0cc/cr108c/cc/r208c:8d9s,3cJd|/3dTcAh/Qs/Kd:-416,416(-356.173285)
358:BR,Player:0f:4h4c,3d7c|:50,-50(50.000000)
359:Player,BR:0cc/cr108c/cc/r208f:4dKc,3d4h|/6c9hKh/9c/9d:208,-208(208.000000)
360:BR,Player:0cc/r501c/cr601c/cr4808c:2d4c,4s7d|/3s5s6s/Kd/Tc:-6010,6010(-356.895639)
361:Player,BR:0cr200c/r300r300f:4c6s,6dKd|/5dKhAc:-600,600(-600.000000)
362:BR,Player:0f:3hKc,2c7h|:50,-50(50.000000)
363:Player,BR:0cc/cr164f:9sJd,3d8s|/4cTdAc:-100,100(-100.000000)
364:BR,Player:0r200c/r212r512r512f:6s6h,7hTh|/JdAsAh:1024,-1024(1024.000000)
365:Player,BR:0cr200c/r300r369c/cc/r969c:6s6h,3h4h|/4s5dQh/Th/Jh:-1938,1938(-1772.782663)
366:BR,Player:0cc/cc/cr100c/cc:6sJc,2d4d|/4s8dQh/3d/Th:-200,200(-136.012028)
367:Player,BR:0cc/cr1007c/cc/cc:8sKh,7cTs|/3s8c9s/Qs/9c:1107,-1107(1107.000000)
368:BR,Player:0r200c/r323r1246r1246f:5c6s,8sAc|/3s5sKd:1869,-1869(1869.000000)
369:Player,BR:0cr200c/cr281c/cc/cc:QsKs,2cTd|/2s5c7c/5h/8h:-581,581(-232.524303)
370:BR,Player:0r200c/cr300r1975f:3dJh,JcQh|/4s8hAd:600,-600(600.000000)
371:Player,BR:0cc/cr100f:8hJs,7sAh|/2d4sKh:-100,100(-100.000000)
372:BR,Player:0r200c/cr300r854f:4h9c,QhKh|/5s6c8d:600,-600(600.000000)
373:Player,BR:0cc/cr576f:7dKc,7cTs|/2c6d9h:-100,100(-100.000000)
374:BR,Player:0r100c/cr200r1514f:JdKs,8cKd|/3c7dTs:400,-400(400.000000)
375:Player,BR:0cc/cr2329f:4s5h,4h8h|/4c7hKh:-100,100(-100.000000)
376:BR,Player:0r100c/r2014f:5d9h,5sKd|/5c8h9d:200,-200(200.000000)
377:Player,BR:0cr200c/r600r1114f:TcQh,3dTd|/4d8dJs:-900,900(-900.000000)
378:BR,Player:0r200c/cr600f:3h9s,TdJc|/4c7cKh:-300,300(-300.000000)
379:Player,BR:0cc/cr164f:2c3h,6s7c|/9dKcAc:-100,100(-100.000000)
380:BR,Player:0cc/cr100r215c/cc/cc:2h6c,ThAc|/7s9s9c/8s/5c:415,-415(415.000000)
381:Player,BR:0cc/cr100f:2h3d,9s9d|/8hQsKh:-100,100(-100.000000)
382:BR,Player:0r200c/r140c/cr440c/cr880f:5c6d,7s8c|/6sThJd/Ts/Js:-880,880(-880.000000)
383:Player,BR:0cc/cr18953f:2h8d,7hKs|/7dQdKh:-100,100(-100.000000)
384:BR,Player:0r200c/r121c/cc/cr421c:2s2d,9hKd|/3dKcAs/Tc/4d:-842,842(-416.537798)
385:Player,BR:0cc/cr576f:3c5s,TsTd|/ThJcQh:-100,100(-100.000000)
386:BR,Player:0cc/cc/cc/cr400f:2hAh,7c8s|/2cTcJc/6s/5d:-100,100(-100.000000)
387:Player,BR:0cc/cr435f:3s9h,JdAc|/8h9cTd:-100,100(-100.000000)
388:BR,Player:0r100c/cc/cc/cr400f:6s8h,6d7h|/7cKcAs/7d/Kh:-200,200(-200.000000)
389:Player,BR:0cr200c/cc/cc/cc:7s7d,3c6c|/5h9dTh/Kd/2c:300,-300(299.999989)
390:BR,Player:0cc/r100c/cr200c/cc:4dKs,2dAs|/9sQsAh/Js/7d:-400,400(-291.721652)
391:Player,BR:0cc/cc/cc/cc:4dJs,8dQc|/2s9hKs/6h/8c:-100,100(-71.206249)
392:BR,Player:0r100c/cr200r996c/cc/cc:2sJd,8hKs|/4h8dAd/Js/9h:1396,-1396(616.349677)
393:Player,BR:0cc/cr100c/cc/cc:7dKs,4dTc|/4c6sJh/Ts/Th:-200,200(-198.578878)
394:BR,Player:0r200c/r161c/cc/cr922c:2hAh,8dKs|/7sKhKc/Jh/6c:-1383,1383(-437.978200)
395:Player,BR:0cr200c/cr988c/r1288f:5s6h,9sQd|/4d7s7d/7c:1288,-1288(1288.000000)
396:BR,Player:0r200c/r747f:7hKd,9sTh|/4s5dKh:300,-300(300.000000)
397:Player,BR:0cc/cr576r1352r2886f:5d9h,4dQc|/4c6h7h:-2028,2028(-2028.000000)
398:BR,Player:0cc/cr200f:4d6h,5s8c|/9sJcKd:-100,100(-100.000000)
399:Player,BR:0cr200c/r300r18483c/r917c/cc:2sQs,KsAs|/4s7s8s/2c/Td:-20000,20000(-20000.000000)
400:BR,Player:0cc/r379f:6cQh,3dJc|/7s8sQs:100,-100(100.000000)
401:Player,BR:0cc/cr124f:2dKs,3h9h|/7cThJs:-100,100(-100.000000)
402:BR,Player:0r200c/r371r671r718c/cc/cc:2c8d,3h3c|/2h6h6c/Ks/4h:-2060,2060(-1625.366599)
403:Player,BR:0cc/cr576f:2c8d,3hJh|/2s6c9h:-100,100(-100.000000)
404:BR,Player:0cc/cr200r323c/cr1246f:5sTs,ThQd|/8c9dQc/7s:-623,623(-623.000000)
405:Player,BR:0cc/cr576f:7sQd,9cJd|/9hThQh:-100,100(-100.000000)
406:BR,Player:0f:2c9s,2d8c|:50,-50(50.000000)
407:Player,BR:0cr200c/r300r982c/cc/r3164f:JdQh,2hKd|/4s9dJh/7d/5h:1582,-1582(1582.000000)
408:BR,Player:0f:5c9c,2d6c|:50,-50(50.000000)
409:Player,BR:0cc/cr662f:3s5d,JsKh|/5c6c8h:-100,100(-100.000000)
410:BR,Player:0r200c/cr300f:2c3d,JcQc|/7c9hJs:-300,300(-300.000000)
411:Player,BR:0cc/cr100c/cc/r200c:8d9s,8hAd|/9h9dQh/8s/3s:400,-400(31.662928)
412:BR,Player:0cc/cr100r376f:3d7s,4hJd|/3h5h9h:200,-200(200.000000)
413:Player,BR:0cr200c/r300c/cc/cc:6d6c,JcAc|/3h5s8h/As/Td:-600,600(-502.686843)
414:BR,Player:0r100c/cr200r1514f:6hTh,5d5c|/2d4c8h:400,-400(400.000000)
415:Player,BR:0cr200c/r300r1718f:9hAs,5d6s|/6d7sJs:-600,600(-600.000000)
416:BR,Player:0r100c/cc/cc/cr400f:6sTd,7s8c|/4h5dAh/Ks/Js:-200,200(-200.000000)
417:Player,BR:0cc/cr662r1524r2139f:7hAc,2c5h|/3s5d6c:-2286,2286(-2286.000000)
418:BR,Player:0r200c/r8036f:3cQc,9cAs|/2h4cAc:300,-300(300.000000)
419:Player,BR:0cc/cr662c/cc/cc:2cJd,8dQd|/7h9dJh/Ts/Kc:-762,762(-697.483135)
420:BR,Player:0cc/r761f:4cTs,2sJc|/4h9hTh:100,-100(100.000000)
421:Player,BR:0cc/cr249f:3cQc,9h9c|/5c7dKs:-100,100(-100.000000)
422:BR,Player:0r200c/r212c/cc/cr1024f:2c6c,4hKc|/2d9sKh/Ad/Ks:-512,512(-512.000000)
423:Player,BR:0cc/cr1007c/cc/r1107f:3s7s,2s5s|/8sTdAs/Jc/5c:1107,-1107(1107.000000)
424:BR,Player:0r200c/cr300r425c/cr2050f:4hKs,JhAh|/2c5dJs/3s:-1025,1025(-1025.000000)
425:Player,BR:0cc/cr108c/cc/cc:4c9h,5h9s|/3c9dJs/Ac/2h:-208,208(-109.646206)
426:BR,Player:0cc/cr200c/cc/cr600f:3hQs,2c5d|/4d7h9c/Jh/9d:-300,300(-300.000000)
427:Player,BR:0cr200c/r300r982r1582r3916r12920f:7hAh,4dJd|/7d9hTh:7080,-7080(7080.000000)
428:BR,Player:0r200c/r100f:7cTd,5s7h|/TsJhAc:300,-300(300.000000)
429:Player,BR:0cc/cc/r100c/r200f:9dQc,5hJc|/2sThQd/8s/Ah:200,-200(200.000000)
430:BR,Player:0r200c/cc/cr300f:2d7s,3hQc|/6dQdKs/6c:-300,300(-300.000000)
431:Player,BR:0cr200c/cc/cc/cc:TsKd,2hQd|/7d7c9c/3c/4d:300,-300(299.994418)
432:BR,Player:0cc/r761f:7h9s,4d7s|/7c9hJd:100,-100(100.000000)
433:Player,BR:0cr200c/r300f:TdQs,2c6d|/3c7dKs:300,-300(300.000000)
434:BR,Player:0cc/r286f:4c9s,3sQs|/6h9hKc:100,-100(100.000000)
435:Player,BR:0cr200c/cr371f:5d6c,7s8s|/7h9h9c:-300,300(-300.000000)
436:BR,Player:0cc/cr200r565c/cc/cc:7dKs,4sTc|/4h5c9s/9h/Jh:-865,865(-564.283674)
437:Player,BR:0cc/cr501f:2hKh,7dTd|/5s6d7c:-100,100(-100.000000)
438:BR,Player:0r200c/cr600f:2sTc,7hQs|/6d9cQd:-300,300(-300.000000)
439:Player,BR:0cc/cr19900f:3dTs,5sJs|/4d5dJh:-100,100(-100.000000)
440:BR,Player:0r200c/cc/cr300c/cc:7hJd,6h6d|/2c9cQs/9d/3c:-600,600(-249.250562)
441:Player,BR:0cc/r100r100c/cc/r300f:9sKh,7dQc|/8dJhKc/Ad/9d:300,-300(300.000000)
442:BR,Player:0r100c/r100f:6dAd,4h5c|/TsThJc:200,-200(200.000000)
443:Player,BR:0cc/cr100f:8s9h,TcAc|/2h5dKd:-100,100(-100.000000)
444:BR,Player:0r200c/cr600r2240c/cr3140c/cr12560f:7sAh,JcKc|/5h9hQc/7d/3h:-6280,6280(-6280.000000)
445:Player,BR:0cr200c/r300r369c/cc/r969f:7c9h,2sKc|/2c5s8d/6d/8h:969,-969(969.000000)
446:BR,Player:0r200c/cr300r1718f:ThJc,6h9d|/3s6d8c:600,-600(600.000000)
447:Player,BR:0cr200c/r600r600f:9dJs,JdAh|/4s6cQs:-900,900(-900.000000)
448:BR,Player:0r200c/cr300r321c/cc/cr1842c:QhKd,3dJd|/5h6d6c/4c/Kh:2763,-2763(-480.531140)
449:Player,BR:0cc/cr501f:6dTh,TsQc|/9cTdQs:-100,100(-100.000000)
450:BR,Player:0r200c/cr300r1718f:7hJd,3d4s|/6s9cAh:600,-600(600.000000)
451:Player,BR:0cc/cr1532c/cc/r3264f:4s7h,6dJd|/4d7cTd/Kh/Js:1632,-1632(1632.000000)
452:BR,Player:0r100c/cr200r996f:5h7s,TcJs|/6c9cAs:400,-400(400.000000)
453:Player,BR:0cc/cr216c/cc/cc:3cJs,9dJc|/4hJdAh/Td/5h:-316,316(-195.410129)
454:BR,Player:0r200c/r1502c/cc/cr3604f:2dJc,4sAs|/4d5cAc/9d/6s:-1802,1802(-1802.000000)
455:Player,BR:0cr200c/r300r1299c/cc/r1899c:6d9d,4cAh|/6h8sQd/3s/2c:3798,-3798(1673.999927)
456:BR,Player:0cc/r379f:6dKd,7dAh|/7h8c9d:100,-100(100.000000)
457:Player,BR:0cc/cc/cc/cc:6cQs,2dAc|/4c7d8d/3c/Kc:-100,100(31.657823)
458:BR,Player:0r200c/r281c/cc/cc:7s8s,7h9c|/5h7cKc/4c/Qs:-581,581(28.595213)
459:Player,BR:0cc/cr100f:8dTc,2dKd|/3h6s6d:-100,100(-100.000000)
460:BR,Player:0r200c/cr300r1493f:8dKh,7dKc|/3d6cQd:600,-600(600.000000)
461:Player,BR:0cc/cr100c/cc/r400c:6hQd,7c9h|/7hJdQs/7d/5c:-600,600(-513.983487)
462:BR,Player:0cc/r501f:4cQc,3s4s|/5dThQh:100,-100(100.000000)
463:Player,BR:0cc/cr249f:3d6s,6c7h|/ThAsAh:-100,100(-100.000000)
464:BR,Player:0cc/r142f:5s7s,4hJd|/3s8c9h:100,-100(100.000000)
465:Player,BR:0cc/cr164c/cc/cc:7cQs,5s6d|/9sKsAc/3d/4s:264,-264(264.000000)
466:BR,Player:0cc/r286f:8hTc,2dQc|/7h8sKh:100,-100(100.000000)
467:Player,BR:0cc/cr501f:3d8d,QsKc|/3s5h6h:-100,100(-100.000000)
468:BR,Player:0r200c/r491f:TsAd,4hQd|/6c7c9s:300,-300(300.000000)
469:Player,BR:0cc/r100c/r400c/r600c:4h8h,9cKc|/2h2d3h/8c/8d:1200,-1200(597.328642)
470:BR,Player:0r200c/r244r1088r6178f:2h3h,4cQc|/2c6h7c:1632,-1632(1632.000000)
471:Player,BR:0cr200c/r300r982r1582r2239c/cc/r5403f:8sTc,9cJd|/7cTsTh/5s/5d:5403,-5403(5403.000000)
472:BR,Player:0r200c/r1136f:TdJc,2s6s|/8c9cTh:300,-300(300.000000)
473:Player,BR:0cr200c/cr106c/cc/cc:5c6d,4cAd|/2h5hTh/3d/6s:-406,406(-374.655178)
474:BR,Player:0cc/r501c/cc/cr1202f:QhKd,5h8c|/3d5d8d/Ac/7s:-601,601(-601.000000)
475:Player,BR:0cc/cr124c/cc/r448f:7hTd,3d7d|/6d7sQc/8s/9d:224,-224(224.000000)
476:BR,Player:0f:2c4c,3c8d|:50,-50(50.000000)
477:Player,BR:0cc/cr188c/r288c/cc:8sKd,7dTs|/5d7sKc/6s/9d:576,-576(469.336393)
478:BR,Player:0cc/cc/cc/cc:9cTs,2sAs|/2c3d8c/Qh/6s:-100,100(-83.819480)
479:Player,BR:0cc/cr188f:3d8h,7d8c|/5cThAh:-100,100(-100.000000)
480:BR,Player:0r200c/r185r485c/cc/cc:3s5s,4c8c|/5d7hKd/9c/Qc:970,-970(-462.492541)
481:Player,BR:0cr200c/cr371f:3cKc,3d8c|/5s7s9s:-300,300(-300.000000)
482:BR,Player:0r200c/r988c/cc/cr1288f:TdKh,5h6h|/4h9hJh/8s/3c:-1288,1288(-1288.000000)
483:Player,BR:0cc/r200r371f:4dQs,9dTc|/3d5s7s:-300,300(-300.000000)
484:BR,Player:0cc/cc/cc/cc:2dTs,3c5s|/3d9hJh/Qd/Ah:-100,100(-86.332003)
485:Player,BR:0cr200c/r300r561c/cc/r1161f:TcAs,3h9h|/4sTdJh/2s/2d:1161,-1161(1161.000000)
486:BR,Player:0r200c/r281c/cr1162f:4c5s,2h3h|/3d7sQh/2c:-581,581(-581.000000)
487:Player,BR:0cc/cr100f:4h6s,7d8d|/7s9sAc:-100,100(-100.000000)
488:BR,Player:0r200c/cc/cc/cr600c:2cAc,JsAs|/7s8dKh/Jd/2h:-900,900(-246.436135)
489:Player,BR:0cc/cr100f:2c6d,3d4c|/3h8dJc:-100,100(-100.000000)
490:BR,Player:0r100c/r142c/cr342c/cr2736f:2c3h,6h6c|/3c5dQh/6d/9d:-684,684(-684.000000)
491:Player,BR:0cc/cr100c/cc/cc:3hJh,5c7c|/7hJsKc/As/6c:200,-200(37.343399)
492:BR,Player:0r200c/r747c/cr1047c/cc:2cJs,TcKs|/4sTdJd/6s/2d:2094,-2094(2093.979025)
493:Player,BR:0cc/cr1332f:5hTd,6dTs|/3s7s9c:-100,100(-100.000000)
494:BR,Player:0r100c/r376r576r3792f:6h7d,5sAs|/5h6dJd:1152,-1152(1152.000000)
495:Player,BR:0cc/cr286c/cc/r772f:2s8h,5dJh|/4c8dJd/8c/6c:386,-386(386.000000)
496:BR,Player:0r200c/r1306f:4d8c,6cTh|/2s5cAc:300,-300(300.000000)
497:Player,BR:0cc/cr100c/cc/r200c:6sJc,KcAc|/2s6hQs/Jh/Ad:400,-400(-322.223993)
498:BR,Player:0r200c/cc/cr300c/cr600f:4cJc,2hKd|/9dTsAd/Kc/Ks:-600,600(-600.000000)
499:Player,BR:0cr200c/r300r854f:JhKh,2dAc|/5h7sAd:-600,600(-600.000000)
500:BR,Player:0r200c/r323f:4dKd,7h8c|/KsAdAc:300,-300(300.000000)
RAW BR STATS: n=500, sum=-58426.000000, sum_sq=2272911860.000000, vr_sum=-65042.899045, vr_sum_sq=1672193637.934748
BR STATS: -116.852000(186.605368), -130.085798(159.892398)
RESULTS
1)Player: 58426
2)BR: -58426
