In config file: GAME_DEF=game_def.fullholdem
In config file: ACTIONS_R0=C
In config file: ACTIONS_R1=C
In config file: ACTIONS_R2=F,C,1,A
In config file: ACTIONS_R3=F,C,1,A
Using seed 3.
1:BR,Player:0r200c/cc/cc/cr600f:5h8s,9hTd|/5c6cJd/Qh/6h:-300,300(-300.000000)
2:Player,BR:0cr200c/cc/cc/cc:TsAs,QcKd|/2d7s8h/4c/7c:300,-300(172.146885)
3:BR,Player:0r200c/cr600c/cr1800r5400f:2c3s,8dJh|/2s5h8h/6d:2700,-2700(2700.000000)
4:Player,BR:0cc/cc/cr200c/cc:3hKd,8sQh|/4d5d8h/Ks/Jd:300,-300(-141.922584)
5:BR,Player:0r200c/cc/cr600f:4h6d,4dJd|/7d7cTc/Kc:-300,300(-300.000000)
6:Player,BR:0cc/cc/r200r600f:6c8h,7hJs|/9sJcQs/7d:-300,300(-300.000000)
7:BR,Player:0f:JsJh,2h8c|:50,-50(50.000000)
8:Player,BR:0cc/cc/cr200c/cc:5s7d,3h8c|/4h7h8s/Tc/Ks:-300,300(-81.517044)
9:BR,Player:0f:QsAh,2d9h|:50,-50(50.000000)
10:Player,BR:0cc/cc/cc/cc:5dQc,3hKc|/4sTdTc/Ad/Qs:100,-100(-9.533760)
11:BR,Player:0cc/cc/cc/cc:6d7c,4d9h|/4hJcQh/Qd/8d:-100,100(-100.000000)
12:Player,BR:0cr200c/r600c/cc/r1800c:JhAd,5dJs|/4h7dJd/9h/6h:2700,-2700(763.688148)
13:BR,Player:0f:9dKd,2h4d|:50,-50(50.000000)
14:Player,BR:0cc/cc/cc/r200f:5s7c,9sAh|/2d3d4d/Ts/3h:100,-100(100.000000)
15:BR,Player:0f:2c9c,2h9s|:50,-50(50.000000)
16:Player,BR:0cc/cc/cc/r200f:2hKd,5c9d|/2c6hKc/Td/Jd:100,-100(100.000000)
17:BR,Player:0r200c/cr600c/cc/r1800c:7d8d,TdQs|/2c5hTh/8s/3d:-2700,2700(118.955621)
18:Player,BR:0cc/cc/cr200c/cr600f:3dKc,QhAh|/4hTsJc/Qc/2c:-300,300(-300.000000)
19:BR,Player:0cc/cc/r200c/r600f:2s9s,4dKd|/2d7c9c/Td/3h:300,-300(300.000000)
20:Player,BR:0cr200c/r600c/r1800f:QdAh,6d9s|/3d4h8h/Kh:900,-900(900.000000)
21:BR,Player:0r200c/cr600c/cc/cc:3h8s,7h9s|/4d9cTs/2d/3s:-900,900(374.147745)
22:Player,BR:0cr200c/cc/cr600c/cc:7sAs,TsQs|/4sQdAd/5c/4c:900,-900(-71.823725)
23:BR,Player:0cc/cc/cc/r200f:4h6c,9dAc|/JhKhKd/Qh/5h:100,-100(100.000000)
24:Player,BR:0cc/cc/cr200f:5dJs,6s8d|/3d9cTh/2h:-100,100(-100.000000)
25:BR,Player:0r200c/cc/cc/cr600f:2h2d,JcAs|/4c6s8d/Ks/Js:-300,300(-300.000000)
26:Player,BR:0cc/cc/r200c/r600f:4hAs,3hJh|/6c7cAd/7h/9h:300,-300(300.000000)
27:BR,Player:0f:2cQs,3d9s|:50,-50(50.000000)
28:Player,BR:0cc/cc/cr200c/cr600f:3h5s,6sQh|/2c3s6h/9d/7s:-300,300(-300.000000)
29:BR,Player:0r200c/cr600c/cr1800c/cc:2h4s,3cAd|/4d7hQh/5s/5c:2700,-2700(-208.949561)
30:Player,BR:0cr200c/cc/cr600f:5hAh,2c4c|/8c9hTc/8s:-300,300(-300.000000)
31:BR,Player:0cc/cr200c/cc/cc:QsQc,4d8c|/KhAsAd/2d/Td:300,-300(251.510271)
32:Player,BR:0cc/cc/r200c/cc:4s5d,3sQd|/6hThJc/3h/Kd:-300,300(-159.638873)
33:BR,Player:0cc/cc/cc/cr200r600f:8d9h,6dKc|/3s3cKd/9d/As:300,-300(300.000000)
34:Player,BR:0cr200c/cc/r600c/cc:5s6h,3s9s|/3h8hTc/4c/Qc:-900,900(385.420881)
35:BR,Player:0cc/cr200c/r600f:5d9d,4c7h|/8hTdAs/Qd:300,-300(300.000000)
36:Player,BR:0cc/cc/cc/cc:2c4s,3h9d|/JdKdKc/9h/Js:0,-0(52.109730)
37:BR,Player:0r200c/cc/cr600c/r1800c:TsKs,AsAc|/3dQhQc/Qd/Kh:-2700,2700(1235.010071)
38:Player,BR:0cr200c/cc/cr600c/cc:TsJd,8hJc|/2d4c5s/Jh/7c:900,-900(-402.375444)
39:BR,Player:0r200c/cc/cc/r600f:KdAh,8sQd|/2d2c9c/3d/Ks:300,-300(300.000000)
40:Player,BR:0cr19900c/cc/cc/cc:ThTc,3c7h|/7c8hTd/9c/5d:20000,-20000(123.722752)
41:BR,Player:0cc/cc/r200f:4sTh,3dTs|/2c4d9c/9d:100,-100(100.000000)
42:Player,BR:0cr200c/cc/cc/cr600f:2h2c,5c6d|/5sQhKs/4d/Qs:-300,300(-300.000000)
43:BR,Player:0r200c/cc/r19700c/cc:6dTd,8hJd|/6s6h8c/Jh/7c:20000,-20000(12710.043339)
44:Player,BR:0cr200c/r600c/r1800r5400c/cc:4c7c,3cQc|/3h5c6d/Ks/Ah:8100,-8100(8098.392079)
45:BR,Player:0r200c/cc/r600f:JsAh,3h5c|/9sThAs/Jc:300,-300(300.000000)
46:Player,BR:0cr200c/cc/cc/r600f:9dAc,8sTs|/4c5hAd/5c/As:300,-300(300.000000)
47:BR,Player:0cc/cc/r19900f:4sJs,7d8s|/2sTsQs/4d:100,-100(100.000000)
48:Player,BR:0cc/cc/r200r600f:5hTc,8cAh|/4h5dAc/Ks:-300,300(-300.000000)
49:BR,Player:0cc/cr200c/cr600f:5dQh,4dQd|/2h6hJd/Kc:-300,300(-300.000000)
50:Player,BR:0cc/cc/cr200c/cr600f:3cQd,QsKh|/5h5d7s/Kc/4d:-300,300(-300.000000)
51:BR,Player:0r200c/cc/cc/cr600c:3cKd,QsQc|/8h9sAs/3d/4c:-900,900(-271.112301)
52:Player,BR:0cc/cc/r200c/cc:4s5c,2dKh|/3c7sJs/7d/5d:300,-300(79.558627)
53:BR,Player:0cc/cc/cr200c/r600f:9cAh,3d6c|/7hJcKs/8h/Ac:300,-300(300.000000)
54:Player,BR:0cc/cc/cr200c/cc:2d4h,KsAd|/3s5s8d/2c/Ac:300,-300(-100.565213)
55:BR,Player:0cc/cc/cr200c/cr600r1800f:4sKd,4h8c|/6hTdJc/5d/3d:900,-900(900.000000)
56:Player,BR:0cc/cc/cr200f:5sQd,4d9h|/8hKdAd/7c:-100,100(-100.000000)
57:BR,Player:0r200c/cr600c/r1800c/cc:KdAh,8cTh|/5h6h9s/7h/Tc:-2700,2700(-2700.000000)
58:Player,BR:0cc/cc/r200c/r600f:4sTs,5cKs|/3s8s9h/Ad/6s:300,-300(300.000000)
59:BR,Player:0cc/cr200c/r600r1800f:2dTh,6h8h|/3d5s9h/9d:-900,900(-900.000000)
60:Player,BR:0cc/cc/r200r600f:3c6h,JsJh|/4hAsAd/7h:-300,300(-300.000000)
61:BR,Player:0cc/cc/r200c/r600f:2sKd,5c9s|/3sQcKh/9c/3d:300,-300(300.000000)
62:Player,BR:0cc/cc/cc/cc:9hAs,9sJd|/4d8hKs/7h/Kh:100,-100(33.844438)
63:BR,Player:0r200c/cc/r600f:4c8d,QhKd|/2c5s7d/7h:300,-300(300.000000)
64:Player,BR:0cr200c/cc/cr19700f:5s5d,2cQd|/2sJsAh/2d:-300,300(-300.000000)
65:BR,Player:0r200c/cr600c/r1800f:9dTh,7c9s|/4s8hAc/4d:900,-900(900.000000)
66:Player,BR:0cc/cc/cc/r200f:6c8s,3c4h|/3h7dQs/Ac/2d:100,-100(100.000000)
67:BR,Player:0r200c/cc/cc/cr600r1800f:5d6d,7h7d|/2s6hJh/9d/2c:900,-900(900.000000)
68:Player,BR:0cr200c/r600c/cr1800r5400f:5d6h,2hKh|/7cJdQd/8d:2700,-2700(2700.000000)
69:BR,Player:0r200c/cc/cc/cc:2d4d,JdAh|/2c6sKh/Qc/Jh:-300,300(-99.464960)
70:Player,BR:0cc/cc/cr200c/cc:3cKs,5s5h|/7d7cAc/3h/Js:-300,300(-88.511923)
71:BR,Player:0r200c/cr600c/cr1800f:4hTh,TsQh|/3cJcKs/Ad:-900,900(-900.000000)
72:Player,BR:0cr200c/cc/r600f:5s6s,3sKh|/7s8cJd/Jc:300,-300(300.000000)
73:BR,Player:0r200c/cc/r600c/cr1800f:TcJs,9sKs|/4d8dKh/Jc/2h:-900,900(-900.000000)
74:Player,BR:0cr200c/r600c/r1800f:4s6d,2h6s|/5d7dKh/Ac:900,-900(900.000000)
75:BR,Player:0r200c/cr600c/cr1800f:4h9s,2sKc|/5s8dQs/5h:-900,900(-900.000000)
76:Player,BR:0cc/cc/r200c/cc:4h6c,8dJd|/3sTcKd/2s/9d:-300,300(-2.932767)
77:BR,Player:0r200c/cc/cc/cr600r1800f:2s5d,ThTd|/2d3dJc/4c/9d:900,-900(900.000000)
78:Player,BR:0cr200c/cc/r600c/cc:QsAh,7cQd|/7dTdJh/5d/6s:-900,900(3.301883)
79:BR,Player:0cc/cr200c/r19700f:AsAc,5dTc|/2c7cJc/8c:300,-300(300.000000)
80:Player,BR:0cc/cc/cc/r200c:5c7h,4d9s|/JdKcAd/6s/4s:-300,300(90.826190)
81:BR,Player:0r200c/cc/r600f:7h7c,QhAc|/2h6hKs/2d:300,-300(300.000000)
82:Player,BR:0cr200c/cc/cr600f:8hKh,3sJc|/4s6sJd/7d:-300,300(-300.000000)
83:BR,Player:0r200c/cr600c/r1800f:7sAh,5dQh|/5cJdAc/7c:900,-900(900.000000)
84:Player,BR:0cc/cc/cc/cc:2d7h,7dQh|/2s3dKh/6h/Td:100,-100(56.796522)
85:BR,Player:0cc/cr200c/cc/cc:6sKc,2sQs|/2d8h9h/4h/Ah:-300,300(-204.109690)
86:Player,BR:0cr200c/cc/cc/r600f:4dAd,5cJs|/3s9hAh/4c/9s:300,-300(300.000000)
87:BR,Player:0r200c/cc/cr600f:2c9d,7cAc|/3s4d8d/7s:-300,300(-300.000000)
88:Player,BR:0cc/cc/cr200c/cr600f:3cTd,5dAs|/4d7cAh/Th/9c:-300,300(-300.000000)
89:BR,Player:0cc/cc/cc/cr200c:3hQh,8hAc|/3s6dAd/9h/9d:-300,300(-68.526548)
90:Player,BR:0cc/cc/cr200c/cc:4h9d,7hJc|/2d9hTd/7s/3s:300,-300(48.288081)
91:BR,Player:0cc/cr200c/r600c/r1800f:7s8s,4sJc|/9sThJh/Tc/7d:900,-900(900.000000)
92:Player,BR:0cc/cc/cr200c/cc:5h9s,2c8c|/3h4dAh/5c/7s:-300,300(-103.604915)
93:BR,Player:0cc/cr200c/r600f:5s6d,3cJs|/2c9sAc/Qc:300,-300(300.000000)
94:Player,BR:0cc/cc/cr200r600f:3h7h,7s9d|/2d4s5c/Jd:300,-300(300.000000)
95:BR,Player:0cc/cr200c/cr600c/cr1800f:2cAc,4c7d|/4h7s8d/7c/Jh:-900,900(-900.000000)
96:Player,BR:0cr200c/r600c/cr1800f:QdKs,8dAh|/5sAdAc/Jd:-900,900(-900.000000)
97:BR,Player:0r200c/cc/cc/cr600f:5dJd,ThAd|/2c3sAh/7c/As:-300,300(-300.000000)
98:Player,BR:0cc/cc/cr200f:3s4h,6dQh|/8cTdKs/Qc:-100,100(-100.000000)
99:BR,Player:0cc/cr200c/cr600c/cr1800c:5c8s,6cJc|/3d4h5s/Qh/2s:-2700,2700(-891.345713)
100:Player,BR:0cc/cc/cr200f:4sKh,5d9c|/2h8d9h/Jc:-100,100(-100.000000)
101:BR,Player:0cc/cr200c/cc/cc:7cAc,3c7d|/4c6hTh/7h/Qc:300,-300(157.674809)
102:Player,BR:0cc/cc/cr200f:2c6d,9hKh|/4c9cQh/Th:-100,100(-100.000000)
103:BR,Player:0r200c/cc/cr600c/cc:6cAd,4d7c|/TsJsQh/6d/5h:900,-900(-62.061510)
104:Player,BR:0cc/cc/cc/r200f:6dQc,TdAh|/3d6c8d/Kc/7s:100,-100(100.000000)
105:BR,Player:0r200c/cc/r19700f:6sTs,4s4d|/9sQdKs/8s:300,-300(300.000000)
106:Player,BR:0cc/cc/cc/cc:3d4c,6sAc|/4s5sTd/Jh/Kd:100,-100(18.851168)
107:BR,Player:0r200c/cc/r600c/cc:4dKh,8sKc|/7h8cQh/3h/Ac:-900,900(-900.000000)
108:Player,BR:0cr200c/r600c/cr1800f:JsQd,3c7s|/6s9s9h/8h:-900,900(-900.000000)
109:BR,Player:0cc/cr200c/r600c/cc:6c7s,7hTh|/6h7cTd/Ks/Kc:-900,900(-471.867494)
110:Player,BR:0cr200c/cc/cr600c/cc:5h6h,2s9d|/4c6dTc/7d/2d:900,-900(637.658427)
111:BR,Player:0cc/cc/r200f:9cTc,2sJc|/4s7hQd/Th:100,-100(100.000000)
112:Player,BR:0cr200c/r600c/cc/cr1800f:6d7s,2hKh|/4s7d9d/Tc/Ts:-900,900(-900.000000)
113:BR,Player:0cc/cc/cr200c/cc:7dQd,4sTh|/5hTsKc/4h/Kd:-300,300(16.421684)
114:Player,BR:0cr200c/cc/cr600f:TcKs,8sTs|/4h5s8h/8d:-300,300(-300.000000)
115:BR,Player:0cc/cc/r200f:QcKs,3s3c|/4sTcQs/Jd:100,-100(100.000000)
116:Player,BR:0cc/cc/cc/cc:9sQc,6cAd|/3h7dJc/Ks/Jd:-100,100(-16.396171)
117:BR,Player:0r200c/cc/cr600c/cc:TdQd,5hQh|/3c7sKc/9c/Ks:900,-900(100.877425)
118:Player,BR:0cc/cc/cc/cr200c:6dKc,JsQs|/7cTcAs/Th/7h:0,-0(98.325309)
119:BR,Player:0cc/cr200c/r600c/cr1800f:6sTd,5s6h|/2c4d8s/Kh/9s:-900,900(-900.000000)
120:Player,BR:0cc/cc/cr200f:3s4c,4hKc|/3dThKd/9d:-100,100(-100.000000)
121:BR,Player:0cc/cc/cc/cc:9dJh,3sAs|/ThKsKc/3d/5s:-100,100(-56.811122)
122:Player,BR:0cc/cc/cc/cr200f:6h7s,4h9d|/6cThQs/Kh/2c:-100,100(-100.000000)
123:BR,Player:0r200c/cr600c/cc/r1800c:2c8h,5dAd|/3c5h6s/Qc/Kh:-2700,2700(-2700.000000)
124:Player,BR:0cr200c/r600c/cc/cc:9hTc,5h6d|/4h6hAs/Ad/8s:-900,900(-146.146211)
125:BR,Player:0r200c/cc/cc/cr600r1800f:5c6c,6h8d|/5d7dKd/8c/4d:900,-900(900.000000)
126:Player,BR:0cr200c/cc/cc/cr600c:5d6h,4h9d|/5sTsJd/Qh/8c:-900,900(-868.425840)
127:BR,Player:0cc/cr200c/cc/r600f:7hQs,3hQh|/2d5h6h/9d/5c:300,-300(300.000000)
128:Player,BR:0cc/cc/cc/r200f:6dAh,3c5h|/JcKdAs/3h/Jd:100,-100(100.000000)
129:BR,Player:0r200c/cc/cr600f:6sQd,5s9s|/2s7c9h/4s:-300,300(-300.000000)
130:Player,BR:0cr200c/r600c/cr1800f:8h9s,JhJc|/4s4c7s/2h:-900,900(-900.000000)
131:BR,Player:0f:8cKh,2h7c|:50,-50(50.000000)
132:Player,BR:0cc/cc/cc/cc:7dQc,4s8s|/JhKsKc/Jc/Jd:0,-0(3.689584)
133:BR,Player:0r200c/cc/cc/cc:5cTs,6cKh|/7s8dAc/3s/Tc:300,-300(259.158773)
134:Player,BR:0cc/cc/cr200c/cc:7sAd,9hQh|/3h4d4c/5h/8s:300,-300(277.349128)
135:BR,Player:0cc/cr200c/cc/cc:2hAd,7dAh|/4h6sJs/Jd/3s:-300,300(-38.995678)
136:Player,BR:0cc/cc/cc/r200c:2d3h,5hJh|/8cTdQd/Ac/9d:-300,300(-203.499606)
137:BR,Player:0cc/cc/cc/cr200f:2s4h,4sJd|/8dJcAh/8s/9d:-100,100(-100.000000)
138:Player,BR:0cr200c/cc/cc/cc:8s9d,5hAh|/QsQcKd/2d/9h:300,-300(124.843275)
139:BR,Player:0cc/cr200c/cc/cc:4c5d,5h7h|/2s5sQd/Td/8c:0,-0(72.004156)
140:Player,BR:0cc/cc/r200c/cr600f:2sQd,2hJc|/8sTdKd/7d/6c:-300,300(-300.000000)
141:BR,Player:0cc/cc/cc/cc:6hAc,3cJs|/9sTsTd/Kc/Jh:-100,100(-77.074833)
142:Player,BR:0cr200c/r600c/r1800c/r5400f:6sKs,9sAd|/3s6hKd/Qd/2s:2700,-2700(2700.000000)
143:BR,Player:0r200c/cr600c/cc/cc:QdKd,QcAc|/2h2c9d/6c/Jh:-900,900(-115.368480)
144:Player,BR:0cc/cc/cc/cc:3sQc,2c9d|/7cTcAs/2s/7s:-100,100(-50.479348)
145:BR,Player:0r200c/cc/r600c/cr1800f:8hKs,7d9d|/3dQhKd/5h/Qc:-900,900(-900.000000)
146:Player,BR:0cc/cc/cr200f:2cKd,3dJd|/3cThTd/5h:-100,100(-100.000000)
147:BR,Player:0cc/cc/r200f:2hQh,3h4s|/4h6dAh/Qs:100,-100(100.000000)
148:Player,BR:0cc/cc/cc/cc:4cTc,4hKc|/6h7h9d/Qc/Ad:-100,100(13.659967)
149:BR,Player:0cc/cr200c/cr600c/cc:TsAc,3c4s|/5hQsAd/5d/4h:900,-900(727.367481)
150:Player,BR:0cc/cc/r200c/r600c:2h3h,7sJs|/4c7hKd/5h/As:900,-900(299.141843)
151:BR,Player:0cc/cc/cc/cc:6hQd,7dKd|/2s2d8h/8d/3s:-100,100(-1.746339)
152:Player,BR:0cr200c/cc/cc/cc:QhAh,5dAd|/4d9cKh/5s/8c:-300,300(-24.939403)
153:BR,Player:0r200c/cc/cc/cc:7c9c,8hJd|/7dKhAd/Kc/5s:300,-300(214.294602)
154:Player,BR:0cc/cc/cr200f:2hAc,8d9d|/5d6hTs/9h:-100,100(-100.000000)
155:BR,Player:0r200c/cc/r600f:4dQd,4s6d|/TcJsJd/8d:300,-300(300.000000)
156:Player,BR:0cc/cc/cr200f:3c7c,3d9d|/6s9hJd/9s:-100,100(-100.000000)
157:BR,Player:0r200c/cc/cc/r600f:2dKc,8dTs|/2hJsJh/Qc/Ks:300,-300(300.000000)
158:Player,BR:0cc/cc/cr200f:4hQd,2d6s|/9s9cKs/6d:-100,100(-100.000000)
159:BR,Player:0f:2sKc,2d4h|:50,-50(50.000000)
160:Player,BR:0cc/cc/r200c/r600c:7hQd,5dAd|/2h5c7c/6h/6s:900,-900(286.528702)
161:BR,Player:0cc/cr200c/cr600r1800f:QdKd,3c9s|/2c4h5c/Jd:900,-900(900.000000)
162:Player,BR:0cc/cc/cc/cc:4dTh,7sAs|/2s3dKc/Jd/Kh:-100,100(-2.418251)
163:BR,Player:0r200c/cr600c/cr1800c/cr17300f:9hKc,8hQc|/2sJhJd/6s/4d:-2700,2700(-2700.000000)
164:Player,BR:0cr200c/r600c/cr1800f:3sAs,2c4s|/5s7hKd/Kc:-900,900(-900.000000)
165:BR,Player:0cc/cc/cc/cc:2h2c,2dQs|/4h4d7c/As/Kd:100,-100(54.585031)
166:Player,BR:0cc/cc/cc/cc:3sKs,9s9d|/TcQcAh/8h/4c:-100,100(-52.526505)
167:BR,Player:0r200c/cr600c/r1800f:3sJs,8hJd|/4h6hTs/7s:900,-900(900.000000)
168:Player,BR:0cc/cc/cr200f:2c7c,4hJd|/8dThJc/6s:-100,100(-100.000000)
169:BR,Player:0r200c/cr600c/cc/cc:2sTh,6d9c|/3h4sKh/Jd/Qs:900,-900(-300.541049)
170:Player,BR:0cr200c/cc/cr19700f:TdQd,4sKs|/4h4c6s/8s:-300,300(-300.000000)
171:BR,Player:0cc/cc/r200c/r600c:4sJd,2dKd|/8dAsAd/5d/7d:-900,900(246.588806)
172:Player,BR:0cc/cc/r200c/r600c:5cTs,6c7c|/6sKdAc/Qh/5h:-900,900(292.711392)
173:BR,Player:0r200c/cc/r19700f:8dQs,4hKc|/6sQhQd/Qc:300,-300(300.000000)
174:Player,BR:0cc/cc/cr200f:5d9h,JhKc|/4h6hQd/Kd:-100,100(-100.000000)
175:BR,Player:0r200c/cr600c/cr1800r5400f:6sQs,QhQc|/3c5h7h/9c:2700,-2700(2700.000000)
176:Player,BR:0cr200c/cc/cr19700f:QcAh,2sKc|/2d3h8s/Ks:-300,300(-300.000000)
177:BR,Player:0r200c/cc/r600f:QcAc,2cKc|/7c8dTd/Js:300,-300(300.000000)
178:Player,BR:0cr200c/cc/cc/cc:JdAs,4s9d|/9cTdKh/7c/7d:-300,300(-39.559244)
179:BR,Player:0r200c/cc/r600f:4cKd,3d5c|/9dJhQs/Ks:300,-300(300.000000)
180:Player,BR:0cr200c/cc/cc/cc:ThKh,6cJc|/4c6sQh/7d/8d:-300,300(-91.496835)
181:BR,Player:0r200c/cc/cc/cr600r1800f:3sKd,QhAs|/9dJhQc/4d/3h:900,-900(900.000000)
182:Player,BR:0cr200c/cc/cc/r600r1800f:9sAd,8dJs|/KdKcAs/2c/9h:-900,900(-900.000000)
183:BR,Player:0cc/cc/r200c/r600f:9hKd,5d5c|/6cAsAc/9s/3c:300,-300(300.000000)
184:Player,BR:0cr200c/cc/cr600f:QhAs,ThKs|/6h6c9s/Ts:-300,300(-300.000000)
185:BR,Player:0cc/cr200c/cc/cr600f:5dTc,4sJd|/4d7s9d/Kh/Jc:-300,300(-300.000000)
186:Player,BR:0cc/cc/r200c/cc:5c8h,6cAc|/2d7hKh/6h/Qc:-300,300(-225.793087)
187:BR,Player:0r200c/cr600c/r1800f:QdAh,3hTh|/5h8dKd/Td:900,-900(900.000000)
188:Player,BR:0cc/cc/cr200f:2s9s,9dJs|/5hTsTd/3h:-100,100(-100.000000)
189:BR,Player:0r200c/cc/cc/cc:6cAc,9dQh|/2s2d3h/Td/3d:300,-300(213.301058)
190:Player,BR:0cc/cc/cr200r600c/cc:3dKd,4s5c|/2s3c5s/Kc/8s:900,-900(-249.253111)
191:BR,Player:0r200c/cc/r600f:6cTc,QhKd|/3d5c6h/3h:300,-300(300.000000)
192:Player,BR:0cc/cc/cr200c/cc:2hKd,7d7c|/3s5sKs/8h/8s:300,-300(174.365295)
193:BR,Player:0r200c/cc/r600r1800r5400f:4sQs,2d6d|/4d8dAs/Ks:2700,-2700(2700.000000)
194:Player,BR:0cc/cc/cr200r600f:6dJh,2s9s|/7h7cKd/7s:300,-300(300.000000)
195:BR,Player:0cc/cc/cc/cr200f:3c8d,3sTh|/5cTdJh/9s/Jd:-100,100(-100.000000)
196:Player,BR:0cc/cc/cr200f:2d6h,2s7c|/8sQdAs/3c:-100,100(-100.000000)
197:BR,Player:0r200c/cc/cc/cr600f:4dJd,7cTs|/3hKsAc/8d/6s:-300,300(-300.000000)
198:Player,BR:0cr200c/cc/cr600f:3h7h,3cQh|/7sQcAd/Ah:-300,300(-300.000000)
199:BR,Player:0r200c/cc/r600c/cc:8dQh,4h6s|/3d5cQc/6h/9s:900,-900(835.607509)
200:Player,BR:0cc/cc/cc/r200r19700f:3h8c,TsQc|/7sJhKc/Js/Ac:-300,300(-300.000000)
201:BR,Player:0r200c/cr600c/cc/r1800f:3sAd,2sQs|/4h6s8c/Ts/Ah:900,-900(900.000000)
202:Player,BR:0cc/cc/r200c/r600f:3c9c,5hKh|/6cJcAc/3d/3s:300,-300(300.000000)
203:BR,Player:0cc/cr200c/r600c/cc:4h6c,6hAh|/5h9hKd/2d/Tc:-900,900(-899.999994)
204:Player,BR:0cc/cc/r200f:TcJh,4c9c|/ThTdJc/As:100,-100(100.000000)
205:BR,Player:0r200c/cc/r600f:7cQh,4s6s|/9dQcKc/8s:300,-300(300.000000)
206:Player,BR:0cc/cc/cr200f:2h4c,2s7h|/5hJhKd/4s:-100,100(-100.000000)
207:BR,Player:0r200c/cc/cc/cc:2h5h,7dQh|/2sKdAh/6d/Ac:300,-300(57.265664)
208:Player,BR:0cc/cc/cc/cc:5hAc,8sAd|/7hThJd/Td/Tc:0,-0(-59.485964)
209:BR,Player:0r200c/cc/cc/cr600f:5s9d,JdKd|/2cJsQc/4h/6h:-300,300(-300.000000)
210:Player,BR:0cr200c/cc/cr600c/cr1800f:JdAh,8cQd|/5s9cTh/Qh/5d:-900,900(-900.000000)
211:BR,Player:0cc/cc/cr200c/cr600c:3dAs,8h8d|/3c6s9h/7c/Ts:-900,900(-299.598592)
212:Player,BR:0cc/cc/cr200c/cc:4sAc,4c6c|/5s5h7c/5d/4h:0,-0(-53.981701)
213:BR,Player:0r200c/cc/cc/cr600f:3h3c,6cKs|/8d9hJh/4s/5h:-300,300(-300.000000)
214:Player,BR:0cc/cc/cc/cr200f:5hQc,ThKh|/2c5d9d/8d/Kc:-100,100(-100.000000)
215:BR,Player:0r200c/cr600c/cc/r1800c:2c4d,7d8s|/7c8hAs/6c/Jh:-2700,2700(-2700.000000)
216:Player,BR:0cc/cc/r200r600f:5dTh,2c9c|/4d5s9s/3c:-300,300(-300.000000)
217:BR,Player:0cc/cc/cc/cr200f:4hTc,5s6c|/5c7d9s/4d/3s:-100,100(-100.000000)
218:Player,BR:0cc/cc/cr200f:3d5h,6h7d|/4d6d8h/5c:-100,100(-100.000000)
219:BR,Player:0r200c/cc/cr600c/cr1800f:4c7d,JhQh|/5h7cAc/Th/9h:-900,900(-900.000000)
220:Player,BR:0cc/cc/cr200f:2s7d,QcKd|/6c9dKs/5c:-100,100(-100.000000)
221:BR,Player:0cc/cc/r200c/cr600f:5sQs,JsJh|/8c9h9d/5h/Tc:-300,300(-300.000000)
222:Player,BR:0cr200c/r600c/cr1800f:9sAd,8cTc|/4d6s8d/2s:-900,900(-900.000000)
223:BR,Player:0cc/cc/cc/cr200f:2c7s,8s9c|/2d6hAd/3d/Th:-100,100(-100.000000)
224:Player,BR:0cc/cc/cc/r200r600f:6c9d,3hAd|/6hKhKc/8s/7c:-300,300(-300.000000)
225:BR,Player:0cc/cc/cc/cr200f:4d6h,4hKc|/2h2c3c/2s/Kh:-100,100(-100.000000)
226:Player,BR:0cr200c/r600c/cr19100f:8h9c,JdKd|/6hTdQc/9s:-900,900(-900.000000)
227:BR,Player:0r200c/cr600c/cr1800c/cc:6hKc,4hQs|/2c5h5d/7s/Qd:-2700,2700(-325.461081)
228:Player,BR:0cc/cc/r200c/r600f:5hTh,2d2c|/4s4h9c/Kd/Qd:300,-300(300.000000)
229:BR,Player:0cc/cc/cc/cc:4d4c,4sJc|/6h8hKd/9s/Ac:100,-100(30.747790)
230:Player,BR:0cc/cc/cr200c/cc:5cJs,JdKd|/2d6c7d/5h/Qc:300,-300(272.900688)
231:BR,Player:0cc/cc/cr200c/r600f:4sKc,7d8c|/5d6cQd/Jc/Kd:300,-300(300.000000)
232:Player,BR:0cc/cc/cc/cc:3cJd,4c6c|/ThQsKs/6s/8c:-100,100(-8.130231)
233:BR,Player:0cc/cc/r200c/cc:8dKd,5s6s|/2c3d5d/9c/2s:-300,300(-195.500088)
234:Player,BR:0cc/cc/cc/r200c:5hTs,7hAc|/4c5sJd/Kc/Td:300,-300(95.706964)
235:BR,Player:0r200c/cc/r600f:QcAc,JhAs|/3c5h7c/6d:300,-300(300.000000)
236:Player,BR:0cr200c/cc/cc/r600r1800c:3cAc,3s6h|/3d5cAs/4h/Qs:2700,-2700(2700.000000)
237:BR,Player:0cc/cr200c/r600f:3c8c,4sTh|/2h4dJh/Kd:300,-300(300.000000)
238:Player,BR:0cr200c/cc/cc/cc:5h6h,9h9c|/5cJcAh/Kc/7h:-300,300(19.073521)
239:BR,Player:0cc/cr200c/cr600c/cc:7dQh,4cTd|/6h7s8h/3d/5d:-900,900(-721.769761)
240:Player,BR:0cc/cc/cc/cc:5hTd,6cAd|/5d7sQs/9h/Jd:100,-100(15.042510)
241:BR,Player:0r200c/cr600c/r1800f:7s8h,5h7h|/3c6s6h/Ks:900,-900(900.000000)
242:Player,BR:0cc/cc/cr200c/cc:TdQs,2c8d|/4c7cJh/Ts/Kd:300,-300(299.735850)
243:BR,Player:0r200c/cr600c/r1800f:5cQh,3sAh|/4h7hJd/7d:900,-900(900.000000)
244:Player,BR:0cr200c/r600c/cc/r1800f:ThJc,7hQs|/3dJhJd/8s/4s:900,-900(900.000000)
245:BR,Player:0r200c/cr600c/r1800f:TsAd,2h3h|/6s9cTh/Td:900,-900(900.000000)
246:Player,BR:0cc/cc/cr200f:8h9d,6cTs|/ThKcAc/3h:-100,100(-100.000000)
247:BR,Player:0r200c/cr600c/cc/r1800f:2d4c,8h9h|/6h9sKh/Td/Qs:900,-900(900.000000)
248:Player,BR:0cr200c/r600c/cr1800f:3s5s,3c5c|/4h4c9h/Qd:-900,900(-900.000000)
249:BR,Player:0r200c/cr600c/cc/cc:6sKd,7c9c|/2s8s8d/Ad/Tc:900,-900(29.393431)
250:Player,BR:0cr200c/cc/cc/cc:4s6s,4cKd|/6h8h8c/Jd/Ac:300,-300(249.074132)
251:BR,Player:0cc/cr200c/r600f:2d9h,6hTs|/2c9sTh/Qc:300,-300(300.000000)
252:Player,BR:0cr200c/cc/cr600f:TsTd,QhAs|/8sJdAh/2d:-300,300(-300.000000)
253:BR,Player:0f:4h6s,2s6c|:50,-50(50.000000)
254:Player,BR:0cr200c/cc/r600c/r1800r5400f:KdKc,9sJd|/2h7dTc/Qs/Td:-2700,2700(-2700.000000)
255:BR,Player:0r200c/cr600c/r1800f:7c8d,6c9h|/3sThJh/3h:900,-900(900.000000)
256:Player,BR:0cc/cc/cc/cr200f:JhQc,5dTs|/3s8cKc/8s/6h:-100,100(-100.000000)
257:BR,Player:0r200c/cc/cc/cc:4hKc,7hQd|/JsJhAh/Jd/2c:300,-300(191.313449)
258:Player,BR:0cc/cc/r200c/cr600f:3h7s,5hTs|/6sKhAd/9h/3d:-300,300(-300.000000)
259:BR,Player:0f:4dKh,2c5d|:50,-50(50.000000)
260:Player,BR:0cr200c/cc/r600c/cc:6dAd,5dTh|/2d4s7h/Td/6s:-900,900(-402.564196)
261:BR,Player:0r200c/cr600c/cc/r1800f:JhAd,3cKh|/2c5c9c/Qc/Ts:900,-900(900.000000)
262:Player,BR:0cc/cc/r200c/cr600f:6sKd,5dKh|/2h3c6h/Th/Qs:-300,300(-300.000000)
263:BR,Player:0r200c/cc/cc/cr600r1800f:QhAd,7c9h|/3h8sJd/9d/3d:900,-900(900.000000)
264:Player,BR:0cr200c/cc/cc/cr600c:5s5d,TdKh|/8hTcJd/7s/9s:0,-0(0.150905)
265:BR,Player:0cc/cc/r200c/cc:9hTs,4dJh|/2d7h8d/4h/7d:-300,300(-300.000000)
266:Player,BR:0cr200c/r600c/r1800r5400c/cr11900c:TdQh,QcKh|/2s7dQd/Qs/7s:0,-0(-0.000000)
267:BR,Player:0r200c/cr600c/cc/cc:9s9h,JdKc|/6c7dTs/6h/3s:900,-900(761.506409)
268:Player,BR:0cr200c/cc/cr600f:TsTd,2d4c|/5d6cQh/Ks:-300,300(-300.000000)
269:BR,Player:0cc/cr200c/r600f:4hAh,6sQh|/6h8cAc/7h:300,-300(300.000000)
270:Player,BR:0cr200c/cc/r600c/cc:6cJc,8hAh|/7c9sKh/8d/6s:-900,900(404.816031)
271:BR,Player:0r200c/cc/r600f:3h7s,9cAd|/8sTdJs/6s:300,-300(300.000000)
272:Player,BR:0cc/cc/cr19900f:7sJs,2d2c|/QdQcKs/2s:-100,100(-100.000000)
273:BR,Player:0cc/cc/cc/cc:2dTd,TcKd|/4h7dQs/Ac/7h:-100,100(-90.680034)
274:Player,BR:0cr200c/cc/cc/cr600f:TcKc,4d8c|/5h7hAc/4s/4c:-300,300(-300.000000)
275:BR,Player:0r200c/cr600c/r1800f:6h7s,3dJd|/4s4d6s/5s:900,-900(900.000000)
276:Player,BR:0cc/cc/cr200f:4cJs,6d7s|/5cQsKc/5d:-100,100(-100.000000)
277:BR,Player:0r200c/cr600c/cr1800c/r5400c:2c7h,QsAs|/5s7sAd/Th/7c:8100,-8100(8068.699205)
278:Player,BR:0cr200c/r600c/cr19100f:JhKh,3c6d|/3h5c8d/3d:-900,900(-900.000000)
279:BR,Player:0f:7d8d,3h9c|:50,-50(50.000000)
280:Player,BR:0cc/cc/r200r600r1800c/r5400f:5cTc,6s8s|/3c6d7c/9s/2h:2700,-2700(2700.000000)
281:BR,Player:0r200c/cr600c/cr1800c/r5400r11900f:8cAh,6h7s|/2s5sAc/4c/3d:-8100,8100(-8100.000000)
282:Player,BR:0cr200c/cc/cr600c/cr1800f:JhJc,3s4c|/TdTcAs/5d/2d:-900,900(-900.000000)
283:BR,Player:0r200c/cc/r600f:3sAs,7dQh|/JdJcAc/2s:300,-300(300.000000)
284:Player,BR:0cc/cc/cr200c/cc:5dJd,4s6d|/2c5sQh/Tc/Jc:300,-300(295.484438)
285:BR,Player:0r200c/cc/cc/cr600c:2s6s,2cQc|/6dQhAs/Jd/Ac:-900,900(-296.754023)
286:Player,BR:0cc/cc/cc/cc:2sQd,4dAh|/5sTsJh/2c/8d:100,-100(26.817704)
287:BR,Player:0r200c/cc/r600c/cc:8cJd,6h7d|/5s6cJs/5h/Ah:900,-900(655.617655)
288:Player,BR:0cr200c/cc/cr600f:JdQs,8dKd|/2s5d7h/6c:-300,300(-300.000000)
289:BR,Player:0r200c/cr600c/cc/cc:2h3h,6c9s|/2c8hJc/6d/Qd:-900,900(-74.065732)
290:Player,BR:0cr200c/r600c/r1800c/r5400f:4c5s,5hKc|/2d3d7d/7c/6h:2700,-2700(2700.000000)
291:BR,Player:0r200c/cc/cc/cc:3s5d,6cKs|/4d4cTc/9d/6h:-300,300(-300.000000)
292:Player,BR:0cr200c/r600c/cc/cr1800c:3d6d,TdKs|/5d6hAc/9c/4c:2700,-2700(2700.000000)
293:BR,Player:0r200c/cr600c/cc/cr1800c:2sKh,8s8c|/7c8hKd/8d/6h:-2700,2700(-826.544412)
294:Player,BR:0cr200c/cc/r600r1800f:5h6c,8hTc|/TsThQc/2d:-900,900(-900.000000)
295:BR,Player:0r200c/cc/cc/cc:2h7s,8dKs|/3h6hQs/Jh/8s:-300,300(-300.000000)
296:Player,BR:0cr200c/r600c/cc/cr1800f:6h9h,8cQs|/8sThTc/9s/2s:-900,900(-900.000000)
297:BR,Player:0r200c/cc/cc/cc:ThQs,JdJc|/5s6c7d/6h/As:-300,300(-275.411052)
298:Player,BR:0cr200c/cc/cc/cc:ThQc,TcKs|/5h9cAs/5c/4s:-300,300(139.816585)
299:BR,Player:0cc/cc/r200c/cc:2s9h,8s8h|/6d9cAc/Ad/Jd:300,-300(217.424016)
300:Player,BR:0cc/cc/cr200f:4cJh,2c8s|/9h9cKh/Tc:-100,100(-100.000000)
301:BR,Player:0r200c/cr600c/r1800f:8sQs,7hTd|/2h5s6s/Qh:900,-900(900.000000)
302:Player,BR:0cc/cc/cr19900f:3cKh,7sJd|/9dThKd/8s:-100,100(-100.000000)
303:BR,Player:0cc/cr200c/cc/cc:4hJs,3c4s|/4dTdKd/5h/8s:300,-300(32.499636)
304:Player,BR:0cr200c/cc/cc/cr600c:JdQc,6hTc|/2d8sKh/8h/5s:900,-900(900.000000)
305:BR,Player:0cc/cc/r200c/cc:7cQc,8dTd|/3s3hJc/Qs/8s:300,-300(70.379739)
306:Player,BR:0cc/cc/cr19900f:2c8s,4hAh|/8hThQh/Qd:-100,100(-100.000000)
307:BR,Player:0r200c/cr600c/r1800f:5s9h,TdAs|/2h4h5h/5d:900,-900(900.000000)
308:Player,BR:0cc/cc/cc/cr200f:3s8d,7hTc|/TdJdQc/Js/8s:-100,100(-100.000000)
309:BR,Player:0r200c/cr600c/cc/r1800c:QcAd,6cAs|/3h4dJc/3c/Ac:2700,-2700(1434.970549)
310:Player,BR:0cc/cc/r200r600c/cr1800f:4dJd,3c8s|/5h6d7d/Jc/4c:-900,900(-900.000000)
311:BR,Player:0r200c/cr600c/r1800f:2c6d,7h9s|/3s4s4d/Qh:900,-900(900.000000)
312:Player,BR:0cc/cc/cr200f:3cTc,3d6h|/7s9dAc/9h:-100,100(-100.000000)
313:BR,Player:0cc/cc/cc/cr200f:JdKs,3c5h|/4d7d9s/8s/Qh:-100,100(-100.000000)
314:Player,BR:0cc/cc/cr200f:7dJh,2s4h|/2h6dAh/6c:-100,100(-100.000000)
315:BR,Player:0r200c/cc/cc/cr600f:8h9d,7sTd|/2c4dJh/Kc/9h:-300,300(-300.000000)
316:Player,BR:0cc/cc/r200r600c/cc:8dTs,KcAc|/8hTcQd/Ad/6c:900,-900(-29.263730)
317:BR,Player:0cc/cr200c/cr600f:KdAs,4sJd|/2h3cTh/7h:-300,300(-300.000000)
318:Player,BR:0cc/cc/r200r600r1800c/r17300f:2s7s,3sQc|/2h3c7d/7c/Ks:2700,-2700(2700.000000)
319:BR,Player:0r200c/cr600c/cc/cc:TcKh,6dTs|/4c7hJc/Th/As:900,-900(787.584686)
320:Player,BR:0cr200c/cc/r600c/cc:3hQh,3d9s|/4d9cTd/Jd/4h:-900,900(-119.190706)
321:BR,Player:0r200c/cr600c/cc/cc:9hJh,8cKs|/7sThJd/7d/Qd:900,-900(251.479645)
322:Player,BR:0cc/cc/cr200c/cr600f:2s5c,TsKd|/3d5dQh/Kc/4h:-300,300(-300.000000)
323:BR,Player:0r200c/cc/cr600c/cc:TsAc,7d9d|/3c8hKc/8d/Ah:900,-900(900.000000)
324:Player,BR:0cr200c/cc/cc/cc:6cJc,4sTs|/4h7dAd/Qs/2h:-300,300(48.922732)
325:BR,Player:0r200c/cc/r19700f:2s4s,6c9h|/6dQsKs/6s:300,-300(300.000000)
326:Player,BR:0cc/cc/cr200f:2sJc,6hJd|/2c6sKs/4h:-100,100(-100.000000)
327:BR,Player:0cc/cc/cr200c/cc:KsAs,6h7h|/2s2d5h/Qh/5d:300,-300(97.650307)
328:Player,BR:0cr200c/cc/cc/cc:TcAc,2d7h|/9dQsQh/8h/6c:300,-300(300.000000)
329:BR,Player:0r200c/cc/cc/r600c:QhKs,TcQc|/2h9sAd/4h/Qd:900,-900(271.635374)
330:Player,BR:0cr200c/r600c/r1800c/r5400f:KsAs,8dQc|/3hKhKd/5s/7c:2700,-2700(2700.000000)
331:BR,Player:0cc/cr200c/cc/cc:2sQc,4s4d|/3h9s9h/5c/Jd:-300,300(-140.187210)
332:Player,BR:0cr200c/cc/cc/cc:JsKd,5sKc|/2d9hAh/Qh/6s:300,-300(290.971399)
333:BR,Player:0r200c/cc/cc/cc:5h9c,6dKs|/4s4dKh/Ah/Js:-300,300(-263.328882)
334:Player,BR:0cr200c/cc/cr600f:ThAh,4c9h|/3h6d7s/6c:-300,300(-300.000000)
335:BR,Player:0cc/cr200c/cc/cc:8cAs,3hTc|/3d6c7h/4c/4s:-300,300(-299.971505)
336:Player,BR:0cr200c/r600c/r1800r5400f:5hAh,5dQc|/4h8dKh/Qd:-2700,2700(-2700.000000)
337:BR,Player:0cc/cr200c/cc/cr600r1800f:6hAd,8h9s|/2c5sJc/8s/4d:900,-900(900.000000)
338:Player,BR:0cr200c/r600c/cr1800f:3sAs,QcKc|/2c4d6c/8d:-900,900(-900.000000)
339:BR,Player:0r200c/cc/cc/cr600f:5cKs,7cAc|/7h9h9c/Qd/9d:-300,300(-300.000000)
340:Player,BR:0cc/cc/cr200c/cc:2h4s,3hAd|/2s8sTs/3d/5c:-300,300(47.077366)
341:BR,Player:0r200c/cc/cr600c/cr1800f:8hKc,6hJh|/8dTcQs/5s/4h:-900,900(-900.000000)
342:Player,BR:0cr200c/r600c/cc/cc:6dKd,3s3d|/4c6cTh/Qd/9c:900,-900(538.222871)
343:BR,Player:0cc/cc/cr200c/cc:3s3h,3d6c|/7s9cTh/Ad/Ah:300,-300(113.995128)
344:Player,BR:0cr200c/cc/r600c/cc:TsQc,6sKd|/5s8cAs/2s/2c:-900,900(-166.628680)
345:BR,Player:0r200c/cr600c/r1800c/cr17300f:4h7h,3d7d|/5s6c9d/2c/5h:-2700,2700(-2700.000000)
346:Player,BR:0cc/cc/cr200f:2h9d,KdAc|/7sQdKc/8s:-100,100(-100.000000)
347:BR,Player:0r200c/cc/cr600f:7h8s,8dTs|/9hAhAc/Qd:-300,300(-300.000000)
348:Player,BR:0cr200c/cc/cc/r600r1800r5400r11900c:TdQh,3sTc|/2cJhAc/Qs/Kh:0,-0(0.000000)
349:BR,Player:0cc/cc/r200f:5cTh,5dJd|/4sTcQh/Td:100,-100(100.000000)
350:Player,BR:0cr200c/cc/cr600c/cc:4dAd,7sTs|/4h5dJs/2s/Ah:900,-900(874.323039)
351:BR,Player:0cc/cc/cc/cc:8hTh,8d8c|/5sJdQd/5c/5h:-100,100(-84.567225)
352:Player,BR:0cr200c/cc/cc/r600f:9h9c,2cTc|/3h6sKh/4d/8h:300,-300(300.000000)
353:BR,Player:0cc/cc/r200f:5s9h,4d7h|/8c9sQh/5d:100,-100(100.000000)
354:Player,BR:0cr200c/r600c/cc/cc:TdQd,6cAd|/5d9sAs/8s/8d:-900,900(101.388208)
355:BR,Player:0cc/cr200c/r600c/cc:3s7h,9hTc|/2c5dAd/9s/3c:-900,900(-700.788029)
356:Player,BR:0cc/cc/r200c/cr600f:4hTh,9sJh|/5s8cAc/2c/4s:-300,300(-300.000000)
357:BR,Player:0r200c/cc/r600c/r1800r17300f:JsJh,9dQd|/6sTdKh/5d/Jd:-2700,2700(-2700.000000)
358:Player,BR:0cc/cc/cr200f:4cTh,6h7c|/5cJcQd/Jd:-100,100(-100.000000)
359:BR,Player:0cc/cc/cc/cr200f:4h8c,4c8d|/6cJcQd/6s/5h:-100,100(-100.000000)
360:Player,BR:0cr200c/cc/cc/r600r1800f:QhAh,QcKh|/3d5cJh/5d/Ad:-900,900(-900.000000)
361:BR,Player:0cc/cr200c/cr600f:2sJc,JsAs|/4sKcAh/3d:-300,300(-300.000000)
362:Player,BR:0cc/cc/cr200c/cc:7sKd,3h9d|/4d6hQc/7c/3d:300,-300(271.167936)
363:BR,Player:0r200c/cr600c/cr1800c/cr17300f:6dKc,QdKd|/3d7c9d/Ad/9s:-2700,2700(-2700.000000)
364:Player,BR:0cr200c/r600c/cr1800c/cc:JdQh,5sKh|/3sThKd/Jc/8s:-2700,2700(-776.434127)
365:BR,Player:0cc/cc/cc/cc:2sJd,7sAd|/2c7cKc/8c/8d:-100,100(-18.687145)
366:Player,BR:0cc/cc/cc/r200f:8dJc,8cAh|/3s6hQd/3d/Js:100,-100(100.000000)
367:BR,Player:0r200c/cc/cc/cc:3d8c,JsKh|/4c6cAd/Ts/2s:-300,300(-300.000000)
368:Player,BR:0cc/cc/cr200f:4hJs,5h7d|/7s8dKs/8c:-100,100(-100.000000)
369:BR,Player:0cc/cr200c/cc/cc:7cKs,4s6h|/8cQsAc/9d/Ts:300,-300(5.372916)
370:Player,BR:0cc/cc/r200f:3h8h,6c7h|/2hJdQh/4h:100,-100(100.000000)
371:BR,Player:0r200c/cc/cr600f:3cKs,2h8h|/6h8cQs/2s:-300,300(-300.000000)
372:Player,BR:0cc/cc/cr200c/cc:4hQs,3cQh|/9cJsAs/Qd/8d:0,-0(-17.882029)
373:BR,Player:0cc/cr200c/cr600c/cr1800f:2sKd,9dAc|/3d9sAh/7s/Kc:-900,900(-900.000000)
374:Player,BR:0cc/cc/cr200c/cc:2hJh,7d8d|/2sQsAc/4d/9c:300,-300(299.999998)
375:BR,Player:0cc/cr200c/cc/cr600f:3dJs,TcKh|/2c8cKs/4s/4h:-300,300(-300.000000)
376:Player,BR:0cc/cc/cc/cr200f:2hTc,8hJd|/KsKhAc/5h/8d:-100,100(-100.000000)
377:BR,Player:0cc/cr200c/cc/cc:3cAh,8hQh|/3h6c7s/Kc/4c:300,-300(-197.267754)
378:Player,BR:0cr200c/r600c/r1800f:7hJh,3sAh|/4c8c9s/9c:900,-900(900.000000)
379:BR,Player:0cc/cr200c/cc/r600c:2dTd,4d6h|/5dThAs/6c/Ah:900,-900(490.184471)
380:Player,BR:0cr19900c/cc/cc/cc:QdAh,9sKs|/4s4cJs/Ad/Tc:20000,-20000(10475.472672)
381:BR,Player:0f:9dJd,2h4d|:50,-50(50.000000)
382:Player,BR:0cc/cc/r200r600f:3s7d,8cTh|/5h6sJc/Jd:-300,300(-300.000000)
383:BR,Player:0r200c/cr600c/cc/r1800f:5cJd,5sJc|/3d6hKs/8s/Ad:900,-900(900.000000)
384:Player,BR:0cc/cc/cr200f:2h6s,3s4c|/ThTdKs/8c:-100,100(-100.000000)
385:BR,Player:0cc/cc/r200f:6dAd,5h9d|/6s8s8c/4s:100,-100(100.000000)
386:Player,BR:0cc/cc/cr200f:6cKh,4d6d|/3c9s9d/9c:-100,100(-100.000000)
387:BR,Player:0r200c/cr600c/cc/cr1800f:6dJs,6h8h|/4h9hAs/Th/Qc:-900,900(-900.000000)
388:Player,BR:0cc/cc/cr200f:2c7h,QhAs|/5d7s8s/3s:-100,100(-100.000000)
389:BR,Player:0r200c/cc/cc/cc:9dKh,QsQd|/3c4cAc/2d/4s:-300,300(-8.423350)
390:Player,BR:0cc/cc/cr19900f:5h8c,7h7c|/7sTsKc/6h:-100,100(-100.000000)
391:BR,Player:0r200c/cc/cc/cc:5hJc,JdAd|/3d5cQh/Kc/3h:300,-300(191.500756)
392:Player,BR:0cr200c/cc/cr600f:8h8c,2s7s|/5cJsKh/Qs:-300,300(-300.000000)
393:BR,Player:0r200c/cr600c/r1800r5400c/cc:3h9h,5d7c|/3d4sAh/9c/Th:8100,-8100(6285.106189)
394:Player,BR:0cc/cc/cr200c/cr600c:4s8h,5hJh|/5d7hJs/8c/Qd:-900,900(-621.550019)
395:BR,Player:0r200c/cc/cr600c/cc:8hTc,9sTd|/6c8dQh/6s/Kc:900,-900(415.260386)
396:Player,BR:0cr200c/r600c/r1800c/r5400f:2hQh,KdKc|/5h8h9h/9s/7s:2700,-2700(2700.000000)
397:BR,Player:0cc/cr200c/cc/cc:2sKc,2hJd|/4cTdJs/9s/Ad:-300,300(-1.877335)
398:Player,BR:0cc/cc/r200c/r600r1800f:8cJh,4dAd|/5c6cQd/Th/7h:-900,900(-900.000000)
399:BR,Player:0cc/cc/cc/cc:ThQd,7cQc|/3d4sAd/Ac/8h:100,-100(-49.836313)
400:Player,BR:0cc/cc/cc/cc:3c9d,2dQh|/3dJcKh/Ts/7c:100,-100(39.169185)
401:BR,Player:0cc/cc/cr200f:3s7d,5cAh|/2c8cAd/Kh:-100,100(-100.000000)
402:Player,BR:0cr200c/cc/cc/cc:4h6h,3d6s|/4d8sQc/Ts/3h:300,-300(41.686228)
403:BR,Player:0cc/cr200c/cc/cc:4dKc,6s9c|/9dTdJh/4s/Th:-300,300(202.102779)
404:Player,BR:0cr200c/cc/r600c/cc:4h6c,7sTh|/JhJcQd/8d/2d:-900,900(-92.788789)
405:BR,Player:0cc/cc/cc/cr200f:4h5s,7cQs|/JdAdAc/Qd/3h:-100,100(-100.000000)
406:Player,BR:0cc/cc/cr200c/cr600f:2c8s,4d7h|/3c5h9h/8c/Kd:-300,300(-300.000000)
407:BR,Player:0cc/cc/r200c/r600f:5hAd,6c7h|/7cQhAh/3d/Th:300,-300(300.000000)
408:Player,BR:0cc/cc/cc/cc:4cTh,KdAh|/4s5dQh/2h/5h:100,-100(19.643987)
409:BR,Player:0cc/cc/r200f:QhQc,8hJh|/3s3d7s/7c:100,-100(100.000000)
410:Player,BR:0cc/cc/r200c/cc:6hJh,8dKs|/7dTdJd/2s/2d:-300,300(-112.530603)
411:BR,Player:0r200c/cc/cc/cr600f:3s4h,6s7s|/5sTsJc/Qd/Ac:-300,300(-300.000000)
412:Player,BR:0cc/cc/cc/cc:2cTc,6h7s|/7cQdKh/5h/Td:100,-100(-46.807396)
413:BR,Player:0r200c/cc/r600c/cc:5h9c,6c8c|/6d9sJh/2d/3c:900,-900(454.432981)
414:Player,BR:0cc/cc/cr200f:2h6h,5c9c|/7d7cKd/3h:-100,100(-100.000000)
415:BR,Player:0r200c/cr600c/r1800c/cc:3h7h,JdAd|/4s6sJc/6c/8c:-2700,2700(-2700.000000)
416:Player,BR:0cc/cc/r200r600f:3c9d,2c9h|/8cTcJd/5s:-300,300(-300.000000)
417:BR,Player:0cc/cc/r200f:6s7s,5sJh|/6c8hTs/4h:100,-100(100.000000)
418:Player,BR:0cc/cc/cr200f:2sKc,4sQs|/2d3cAd/5d:-100,100(-100.000000)
419:BR,Player:0r200c/cr600c/r1800f:QhKd,2cKc|/3s6cQd/9d:900,-900(900.000000)
420:Player,BR:0cc/cc/r200f:6dKh,5c8h|/7dJcQs/Ts:100,-100(100.000000)
421:BR,Player:0r200c/cc/cr600c/cc:4cTh,4h6d|/6sQsQh/4s/2c:-900,900(157.518918)
422:Player,BR:0cr200c/r600c/cr1800f:4s5h,5dKd|/5sTcAs/Ah:-900,900(-900.000000)
423:BR,Player:0f:5dJs,3h9s|:50,-50(50.000000)
424:Player,BR:0cr200c/cc/cc/cr600c:7c9s,2d8c|/3s9hTh/4s/Qh:900,-900(900.000000)
425:BR,Player:0r200c/cc/cc/cc:2d6d,QcKh|/7h9cAh/7c/Kc:-300,300(-284.323248)
426:Player,BR:0cc/cc/cr200f:3sJc,2h8h|/4s5d9d/9h:-100,100(-100.000000)
427:BR,Player:0f:9dKd,2d8h|:50,-50(50.000000)
428:Player,BR:0cr200c/cc/r600c/cc:7h9s,6sTh|/2cQcAs/Qs/Qh:-900,900(-534.581909)
429:BR,Player:0r200c/cr600c/r19100c/cc:8s8c,QsAs|/8hKdAh/Ac/3s:20000,-20000(5645.929972)
430:Player,BR:0cr200c/r600c/cc/cc:7hJh,AsAh|/3d4h7s/5d/9d:-900,900(-395.757422)
431:BR,Player:0cc/cr200c/cc/cr600f:9cTd,2s3s|/7s7hTs/Jc/Ac:-300,300(-300.000000)
432:Player,BR:0cc/cc/cr19900f:4h7c,9sQc|/2d9h9d/8c:-100,100(-100.000000)
433:BR,Player:0r200c/cc/cc/cc:3dJc,5d8c|/2c3c4s/Td/5c:-300,300(-45.105687)
434:Player,BR:0cc/cc/r200c/cc:2cAd,ThAc|/5h9dQd/4s/9h:-300,300(-109.929665)
435:BR,Player:0r200c/cc/cc/cc:4s5c,2h2c|/6cJsAc/5d/8s:300,-300(-63.660500)
436:Player,BR:0cc/cc/r200r19700f:3s7d,6hKs|/5h6dKd/Qs:-300,300(-300.000000)
437:BR,Player:0f:JhQs,2s6d|:50,-50(50.000000)
438:Player,BR:0cr200c/cc/cr600f:QdKc,TsKs|/4h5s8s/Tc:-300,300(-300.000000)
439:BR,Player:0r200c/cc/cc/cc:6hTs,7sTc|/4c7cJh/4h/5d:-300,300(-300.000000)
440:Player,BR:0cr200c/r600c/r1800f:TcJd,7cJs|/2c5d9d/Qd:900,-900(900.000000)
441:BR,Player:0r200c/cc/r19700f:6dKh,TcAh|/3d6cQc/6s:300,-300(300.000000)
442:Player,BR:0cr200c/r600c/cc/cc:5d8d,4dKh|/4c6hAh/6s/Ts:-900,900(58.221035)
443:BR,Player:0r200c/cc/r600f:KdAh,TcAc|/5d9dQc/2d:300,-300(300.000000)
444:Player,BR:0cc/cc/cc/cc:2dAs,5hJd|/7h7cKc/2h/8h:100,-100(40.388132)
445:BR,Player:0cc/cr200c/r600f:QdAs,4h5d|/8s9hAh/Qh:300,-300(300.000000)
446:Player,BR:0cc/cc/cr200f:7h9s,4cJd|/6hJhKc/3h:-100,100(-100.000000)
447:BR,Player:0r200c/cc/r600f:6d9c,2sAc|/2d6sTd/9d:300,-300(300.000000)
448:Player,BR:0cr200c/r600c/cr1800c/cc:JsQs,3h7c|/TsTdJh/Kh/8s:2700,-2700(2700.000000)
449:BR,Player:0r200c/cr600c/cc/cc:2cQh,6h7h|/3c4hTc/8c/4s:900,-900(-322.634701)
450:Player,BR:0cr200c/cc/cc/cr600f:9sAs,9cJs|/4d4c6d/Td/7d:-300,300(-300.000000)
451:BR,Player:0cc/cr200c/cc/cc:5dJs,4c5h|/2c6dAh/Kc/2s:300,-300(99.676200)
452:Player,BR:0cc/cc/cr200f:4cQd,7s8d|/3h4s5c/3s:-100,100(-100.000000)
453:BR,Player:0r200c/cc/cc/cr600f:TsKs,6h7d|/2c6dQc/3h/2h:-300,300(-300.000000)
454:Player,BR:0cc/cc/cc/cr200f:2h6s,9dJc|/4s4cAc/5s/5c:-100,100(-100.000000)
455:BR,Player:0f:3cJs,2c4s|:50,-50(50.000000)
456:Player,BR:0cc/cc/cc/r200f:2sJs,8sJc|/2d6d6c/Kh/2h:100,-100(100.000000)
457:BR,Player:0cc/cc/r200c/r600c:KsKc,6cQd|/7dJdQh/5d/8s:900,-900(372.825722)
458:Player,BR:0cc/cc/cc/cc:8c9d,ThJh|/2d6sKc/6d/2h:0,-0(34.060389)
459:BR,Player:0r200c/cc/cr600f:2cTc,5c7d|/9s9dKc/8h:-300,300(-300.000000)
460:Player,BR:0cr200c/cc/cc/r600r1800f:9cQh,6hAd|/4s7dJs/Td/5d:-900,900(-900.000000)
461:BR,Player:0r200c/cr600c/cr1800f:4dJh,QsKs|/7h9sTs/2h:-900,900(-900.000000)
462:Player,BR:0cr19900c/cc/cc/cc:KdAc,4sQs|/8s8hKc/Ad/7h:20000,-20000(8422.109919)
463:BR,Player:0cc/cc/r19900f:8cQs,5d9h|/9d9cTh/Jh:100,-100(100.000000)
464:Player,BR:0cc/cc/cr200f:3c8c,3s9h|/6hJdAh/Jc:-100,100(-100.000000)
465:BR,Player:0r200c/cc/r19700f:2sTh,8sQs|/4hTsTc/Qd:300,-300(300.000000)
466:Player,BR:0cc/cc/r200c/cr600f:4cQh,QsQd|/3h5hJc/3s/Kh:-300,300(-300.000000)
467:BR,Player:0r200c/cr600c/r1800f:4cJc,7dKs|/4h6dJd/2d:900,-900(900.000000)
468:Player,BR:0cr200c/cc/r600f:7hTs,6sQd|/5hThAd/7d:300,-300(300.000000)
469:BR,Player:0r200c/cr600c/cc/cr1800f:8hAh,7sQc|/4sQsQd/9h/5d:-900,900(-900.000000)
470:Player,BR:0cr200c/cc/cc/cr600f:TsAd,8s8h|/5h5cJd/Qc/Qs:-300,300(-300.000000)
471:BR,Player:0cc/cc/cr200c/cr600f:2h4h,7cAh|/4c6dAd/8d/As:-300,300(-300.000000)
472:Player,BR:0cc/cc/r200c/cc:4sJs,2hAh|/2s3d5c/6s/8c:300,-300(123.131498)
473:BR,Player:0f:3s6h,2h9c|:50,-50(50.000000)
474:Player,BR:0cc/cc/r200r600f:3hAd,5d8c|/2c7s8s/3d:-300,300(-300.000000)
475:BR,Player:0r200c/cr600c/r1800f:AhAc,5sKd|/3s7sTh/Jh:900,-900(900.000000)
476:Player,BR:0cr200c/cc/r600c/r1800f:2h3h,6cKc|/8h8cTd/Ts/2c:900,-900(900.000000)
477:BR,Player:0r200c/cc/cc/r600f:3c6s,JhJd|/7c9cKc/As/Tc:300,-300(300.000000)
478:Player,BR:0cc/cc/cr200f:2s4h,8cJc|/6c8dKs/Jd:-100,100(-100.000000)
479:BR,Player:0cc/cc/cc/cr200f:4d7d,3cTd|/6cJcAc/Ts/Tc:-100,100(-100.000000)
480:Player,BR:0cc/cc/r200c/r600c:6sTc,5s7h|/2d7sQc/2s/Kh:-900,900(294.581106)
481:BR,Player:0cc/cc/r200f:2dKc,4cJs|/9sQcKs/Jd:100,-100(100.000000)
482:Player,BR:0cc/cc/cc/r200f:TsKc,7dKh|/3s6dTh/Jc/2d:100,-100(100.000000)
483:BR,Player:0r200c/cr600c/cc/cc:7s9d,8dJh|/5h6hTd/3h/Qs:-900,900(-898.466640)
484:Player,BR:0cr200c/cc/cc/cr600c:2cAc,2h5s|/5hJsQs/Qh/Jh:900,-900(900.000000)
485:BR,Player:0r200c/cc/r600r1800r5400r11900f:4d8c,4sAd|/3c5c8d/2s:-8100,8100(-8100.000000)
486:Player,BR:0cc/cc/cr200f:2dKh,8cQc|/5sTsAs/Qd:-100,100(-100.000000)
487:BR,Player:0r200c/cc/cc/cc:8hJh,8c9h|/8dKdAs/Kc/Ts:0,-0(132.525173)
488:Player,BR:0cr200c/cc/cc/cc:TcQs,QhKh|/3d3cAc/7c/Ad:-300,300(29.150612)
489:BR,Player:0r200c/cr600c/cr1800r5400c/cr11900f:8sJc,KdAd|/2cKsAh/Tc/3h:-8100,8100(-8100.000000)
490:Player,BR:0cr200c/cc/cr600c/cc:9hTc,6cKc|/3s6s9c/2h/Qc:900,-900(-97.994419)
491:BR,Player:0cc/cr200c/cc/cr600f:6h6d,3h6s|/5c7s8h/2h/Qs:-300,300(-300.000000)
492:Player,BR:0cc/cc/r200c/cc:4hTc,JhAh|/8h9dKs/3s/5s:-300,300(58.468897)
493:BR,Player:0r200c/cc/r600f:9cJc,8hAc|/3s4sKh/9d:300,-300(300.000000)
494:Player,BR:0cc/cc/cc/cr200c:3c4h,6d8c|/7dJdQc/8h/3s:-300,300(-185.330783)
495:BR,Player:0cc/cc/r200f:2cKc,3dJc|/5c7s8s/4c:100,-100(100.000000)
496:Player,BR:0cc/cc/cc/cc:6dJc,JsQd|/4cKcAs/9c/Ks:-100,100(-27.750932)
497:BR,Player:0cc/cr200c/r600c/cc:QsQc,4h6c|/3s6hAd/2d/8c:900,-900(398.707815)
498:Player,BR:0cc/cc/cc/r200f:6cTd,9sAd|/2h4h8h/Jc/Qc:100,-100(100.000000)
499:BR,Player:0cc/cc/cc/r200c:2hAh,3hKh|/5sTsTh/8c/5h:300,-300(13.515133)
500:Player,BR:0cc/cc/cr200c/cc:5c8s,4c7h|/5s8h8d/Kd/7s:300,-300(-59.949588)
RAW BR STATS: n=500, sum=-31500.000000, sum_sq=2748870000.000000, vr_sum=-14838.619189, vr_sum_sq=998745070.326226
BR STATS: -63.000000(205.450095), -29.677238(123.856164)
RESULTS
1)BR: -31500
2)Player: 31500
