In config file: GAME_DEF=game_def.fullholdem
In config file: ACTIONS_R0=C
In config file: ACTIONS_R1=C
In config file: ACTIONS_R2=F,C,1,A
In config file: ACTIONS_R3=F,C,1,A
Using seed 21.
1:Player,BR:0cc/cc/r200r600f:3s8h,4sKs|/5c6hKc/4d:-300,300(-300.000000)
2:BR,Player:0r200c/cc/cc/cc:2dJh,9cAs|/7c8dTd/2h/3s:300,-300(-14.118003)
3:Player,BR:0cc/cc/cr19900f:3h8s,6dAd|/7d9dKd/3c:-100,100(-100.000000)
4:BR,Player:0r200c/cc/cc/cc:4c5s,6h6d|/3c8dTh/Qd/Kc:-300,300(-299.581318)
5:Player,BR:0cr200c/cc/cr600c/cc:6c9c,6hAd|/6d7hJs/Jc/Qd:-900,900(162.122056)
6:BR,Player:0r200c/cr600c/r1800f:2cQd,3h6h|/2s2hKs/Ad:900,-900(900.000000)
7:Player,BR:0cc/cc/cr200c/cc:5cKd,TcJc|/4hThKh/2s/9d:300,-300(-110.625117)
8:BR,Player:0cc/cr200c/cc/cc:JhJd,5d7c|/2s4sQd/As/8h:300,-300(295.009944)
9:Player,BR:0cc/cc/cc/cr200c:3h9c,9dJh|/2d4sTh/3d/6c:300,-300(300.000000)
10:BR,Player:0cc/cr200c/r600f:3h8d,4d6h|/5s5dQd/Ac:300,-300(300.000000)
11:Player,BR:0cc/cc/cr200c/cr600c:4sTd,8hKd|/5dTsKh/5s/8d:-900,900(-660.168920)
12:BR,Player:0r200c/cc/cc/cr600f:TsJh,5sKh|/3h5c6d/2h/5d:-300,300(-300.000000)
13:Player,BR:0cc/cc/cr19900c/cc:8dQh,9sJd|/8sTsQd/5h/Qs:20000,-20000(4165.958341)
14:BR,Player:0f:9cTc,2h8d|:50,-50(50.000000)
15:Player,BR:0cc/cc/cr200f:2c7s,9hTs|/TdQhAc/Qd:-100,100(-100.000000)
16:BR,Player:0r200c/cc/cr600c/cc:JhAh,7cTh|/5c6cTc/8h/3h:-900,900(-27.634158)
17:Player,BR:0cc/cc/cr200f:5c8s,5s9h|/JhQsKh/Td:-100,100(-100.000000)
18:BR,Player:0cc/cc/cc/cc:6sKd,6dAd|/3s3cJs/Th/2s:-100,100(-36.230885)
19:Player,BR:0cc/cc/cr200c/cc:6d8s,4d8d|/3d6cAc/2h/3c:300,-300(300.000000)
20:BR,Player:0cc/cc/r200f:6d8c,5sJs|/6hAsAc/9c:100,-100(100.000000)
21:Player,BR:0cr200c/r600c/cc/r1800f:KhAh,9dKc|/2dQhAc/2c/4d:900,-900(900.000000)
22:BR,Player:0cc/cc/r200r600r1800f:9dTs,7sQd|/7c8s8d/4c:900,-900(900.000000)
23:Player,BR:0cc/cc/cc/r200c:2c7h,JsQh|/2h2d9d/4d/4h:300,-300(91.926047)
24:BR,Player:0r200c/cc/r600c/cr1800r5400f:7sTd,2c4c|/2sTsAd/4s/8c:2700,-2700(2700.000000)
25:Player,BR:0cc/cc/cc/r200f:5hQh,5sAd|/6hJhQs/Kc/4h:100,-100(100.000000)
26:BR,Player:0f:3cAs,2s8d|:50,-50(50.000000)
27:Player,BR:0cc/cc/cc/cc:5hTh,8sTc|/2h2dAd/Kc/6d:0,-0(61.072791)
28:BR,Player:0r200c/cr600c/r1800f:9cQd,8sJc|/4h4dTh/Qs:900,-900(900.000000)
29:Player,BR:0cr200c/cc/cc/cc:9cJs,7cTh|/3s7s8s/9h/Qs:300,-300(63.339651)
30:BR,Player:0cc/cc/cc/r200f:5s7c,TdAs|/7dQsKc/8c/5d:100,-100(100.000000)
31:Player,BR:0cr200c/cc/cc/r600c:2h4h,9cAs|/3h9dTd/Jc/Qh:-900,900(257.908554)
32:BR,Player:0r200c/cc/r600f:TcKh,6sAc|/9s9hTh/Qh:300,-300(300.000000)
33:Player,BR:0cr200c/cc/r600f:4d8d,9cJc|/4h8sTs/6h:300,-300(300.000000)
34:BR,Player:0r200c/cr600c/r1800f:2c8s,3sKc|/6cTsAc/Th:900,-900(900.000000)
35:Player,BR:0cr200c/cc/cc/cr600f:JcQc,2h7c|/4s5dKd/Kh/6s:-300,300(-300.000000)
36:BR,Player:0cc/cr200c/r600c/cc:7cKs,JhAh|/ThJcKc/6c/6d:900,-900(505.784774)
37:Player,BR:0cc/cc/cr200f:6dKc,5c6c|/8s9sAs/2h:-100,100(-100.000000)
38:BR,Player:0r200c/cc/cc/cr600r1800f:6sJc,6dAs|/2s2dKd/Qh/Ah:900,-900(900.000000)
39:Player,BR:0cc/cc/cr200f:4c9h,QhKd|/7cKcAd/3h:-100,100(-100.000000)
40:BR,Player:0cc/cr200c/cc/cc:2dKd,2cQh|/3h4cJc/9d/9h:300,-300(-44.344452)
41:Player,BR:0cc/cc/cc/cr200f:6dJc,7sTc|/3sThKs/Ad/8s:-100,100(-100.000000)
42:BR,Player:0r200c/cr600c/r19100f:4c6s,4h7h|/3d5cJh/7c:900,-900(900.000000)
43:Player,BR:0cr200c/cc/r600c/cr1800f:QhKc,4dKs|/4h9s9h/9c/6d:-900,900(-900.000000)
44:BR,Player:0r200c/cr600c/r1800f:7sTh,7dQh|/5s5c6s/4s:900,-900(900.000000)
45:Player,BR:0cc/cc/r200c/r600f:7dAs,9hQs|/3cTsAh/Js/2c:300,-300(300.000000)
46:BR,Player:0cc/cc/r19900f:2d9d,6hKh|/4dKdAs/Td:100,-100(100.000000)
47:Player,BR:0cc/cc/cr200f:5cQs,QdKc|/2c8hAd/Kh:-100,100(-100.000000)
48:BR,Player:0cc/cc/cr200c/cc:7hJc,4s8c|/5sJdQd/Ah/8h:300,-300(80.394356)
49:Player,BR:0cr200c/cc/r600c/cc:QcKd,2dKc|/2h3d4d/Qh/7h:900,-900(578.890960)
50:BR,Player:0r200c/cc/r600f:7c8c,6sKc|/5s6dAd/3d:300,-300(300.000000)
51:Player,BR:0cc/cc/cr200f:3d8s,4cQc|/8cTsKs/Jc:-100,100(-100.000000)
52:BR,Player:0cc/cc/cc/cr200f:9hTh,6sJd|/2h8cKs/3s/6c:-100,100(-100.000000)
53:Player,BR:0cr200c/r600c/cr1800f:4dQd,7cTc|/5cAhAd/3c:-900,900(-900.000000)
54:BR,Player:0r200c/cr600c/cc/cc:6hKc,JcQd|/4c5sTh/Tc/2h:900,-900(-189.043436)
55:Player,BR:0cc/cc/cc/r200c:7sJh,2c6c|/3h6s7d/Ks/8d:300,-300(89.928320)
56:BR,Player:0cc/cc/cc/cc:9dJd,9sAd|/2s5d6s/Qs/2d:-100,100(-95.789084)
57:Player,BR:0cr200c/cc/cr600f:TcKh,2d9s|/4d5d6c/Jd:-300,300(-300.000000)
58:BR,Player:0r200c/cr600c/cc/cc:6cTs,KhAs|/JdJcKs/5s/5h:-900,900(-302.987130)
59:Player,BR:0cr200c/cc/cc/cr600c:JdQs,7s8d|/4c8cAd/3s/As:-900,900(-522.598219)
60:BR,Player:0cc/cc/r200c/cr600f:4sKs,4h9s|/4dKdAh/6d/8d:-300,300(-300.000000)
61:Player,BR:0cc/cc/cr200f:2d9c,8sQd|/5d6dQh/3s:-100,100(-100.000000)
62:BR,Player:0cc/cc/r200c/cc:7hAs,3hQs|/2c7dKs/3c/6s:300,-300(296.694068)
63:Player,BR:0cr200c/cc/cr19700f:7h7c,6cJh|/6dJsAc/Jd:-300,300(-300.000000)
64:BR,Player:0f:9s9d,3s8d|:50,-50(50.000000)
65:Player,BR:0cr200c/cc/cr600f:5c6h,5sJs|/8dQsKs/5h:-300,300(-300.000000)
66:BR,Player:0cc/cc/cr200c/cr600f:9sJd,2d9c|/3hKhKd/3s/Th:-300,300(-300.000000)
67:Player,BR:0cc/cc/r200c/cc:4dJd,JhKs|/3c4sQd/6s/Ah:300,-300(26.335322)
68:BR,Player:0r200c/cc/cr600f:5c7d,7hQs|/TsAsAh/9d:-300,300(-300.000000)
69:Player,BR:0cr19900c/cc/cc/cc:3hTs,4dJh|/8h9hTc/As/3c:20000,-20000(18413.575217)
70:BR,Player:0r200c/cr600c/cc/r1800r5400f:4d9h,2s3s|/8cJsQs/7s/2d:-2700,2700(-2700.000000)
71:Player,BR:0cr200c/r600c/r1800c/cc:JdJc,9dKc|/5s6s9c/5h/4s:2700,-2700(1295.559755)
72:BR,Player:0r200c/cc/cr600f:4c7d,8dJc|/3d9cQs/Kd:-300,300(-300.000000)
73:Player,BR:0cc/cc/cc/cr200c:9hTs,QdKc|/9sAsAd/2c/Qh:-300,300(-300.000000)
74:BR,Player:0cc/cc/cc/cc:6hTd,2s6s|/2hQhAd/9c/4d:-100,100(-94.532301)
75:Player,BR:0cr200c/r600c/cc/cr19100f:4s5h,9dKd|/3d4cJs/Th/Qs:-900,900(-900.000000)
76:BR,Player:0r200c/cr600c/cc/r1800f:2sAc,4sTs|/QsQhKs/Th/Jd:900,-900(900.000000)
77:Player,BR:0cc/cc/r200c/cc:7dTs,6c8s|/2s2c4d/8d/9s:-300,300(-86.630552)
78:BR,Player:0cc/cc/r200c/cc:JdAh,2dKs|/2s8dAd/5h/3d:300,-300(226.696876)
79:Player,BR:0cc/r200c/cr600f:6dJh,5c8h|/TsQdKd/Qh:-300,300(-300.000000)
80:BR,Player:0r200c/cc/cr600c/cr1800f:5s9s,2d3d|/4d9hTc/Js/8s:-900,900(-900.000000)
81:Player,BR:0cr200c/r600c/cr19100f:4d5c,8dKs|/8h8cKc/Kd:-900,900(-900.000000)
82:BR,Player:0cc/cc/cc/cc:5sTh,4h8d|/9hTdJs/8c/2d:100,-100(57.493296)
83:Player,BR:0cc/cc/cc/cc:3s5h,2hAd|/2s7s9c/Qd/Jc:-100,100(-22.899646)
84:BR,Player:0r200c/cc/r600f:5cJc,5dAd|/3cJhKs/6c:300,-300(300.000000)
85:Player,BR:0cc/cc/cr200f:5cAh,9dTh|/6d7s9s/5h:-100,100(-100.000000)
86:BR,Player:0r200c/cc/cc/cc:7hJh,JcAc|/3s5sKc/Js/As:-300,300(-35.250032)
87:Player,BR:0cr200c/cc/r600c/cr1800f:4c5s,QcAc|/9dJsKd/Jc/5d:-900,900(-900.000000)
88:BR,Player:0cc/cc/r200f:3cAs,2cTh|/3sQhQc/Ac:100,-100(100.000000)
89:Player,BR:0cc/cc/cr200c/cc:4d9c,6cJd|/3d5h9d/5c/4s:300,-300(300.000000)
90:BR,Player:0cc/cr200c/cc/cc:3sQh,TcKd|/4c8hAc/6h/Ad:-300,300(-14.641610)
91:Player,BR:0cc/cc/r200c/r600c:7dJc,7sAs|/2cThAd/2d/8s:-900,900(129.498592)
92:BR,Player:0cc/cc/cc/cr200f:3s8c,6c8d|/7cQcKh/Jh/Kc:-100,100(-100.000000)
93:Player,BR:0cr200c/cc/cr600f:2cKc,3s4h|/6h8h9d/2h:-300,300(-300.000000)
94:BR,Player:0r200c/cc/r600c/cc:5hQs,2d4d|/2h9hTd/Jd/Js:-900,900(-894.129053)
95:Player,BR:0cr200c/r600c/r1800c/r5400c:JcAd,TcAh|/8dJsJh/Kc/Qs:-8100,8100(-3250.533565)
96:BR,Player:0r200c/cc/cc/cr600r1800c:2s4c,3cTc|/2h3h9s/Ah/3s:-2700,2700(-2700.000000)
97:Player,BR:0cr200c/cc/cr600f:QhKs,6dTh|/9cTcAh/Ts:-300,300(-300.000000)
98:BR,Player:0r200c/cc/cc/cc:2h8h,7hAs|/5sThJs/Tc/4c:-300,300(-300.000000)
99:Player,BR:0cc/cc/r200r600c/cc:7cQh,3h8d|/3c8sTc/Qd/9h:-900,900(-37.055256)
100:BR,Player:0r200c/cr600c/cc/cc:7hQc,4c7c|/4h8sAc/6h/Qs:900,-900(742.714827)
101:Player,BR:0cc/cc/cr19900f:5d7s,4hJh|/JsQhKh/9h:-100,100(-100.000000)
102:BR,Player:0r200c/cr600c/cc/cc:5hJd,8sJc|/5d6hQh/7d/Ac:900,-900(-251.239049)
103:Player,BR:0cr200c/r600c/cc/cc:9hTh,KsKd|/4c5h7s/3c/9c:-900,900(-335.352740)
104:BR,Player:0cc/cc/r200f:6sAd,3h4s|/7h7d8h/5c:100,-100(100.000000)
105:Player,BR:0cc/cc/cr200f:5hQc,TsAh|/4h8dAs/6d:-100,100(-100.000000)
106:BR,Player:0r200c/cr600c/cc/r1800c:2s5s,JhQh|/3h3dKs/Qd/Tc:-2700,2700(-2700.000000)
107:Player,BR:0cc/cc/cc/cc:6sKh,3h3d|/8sTcAh/Kd/Qd:100,-100(28.163444)
108:BR,Player:0f:8s9h,2s3h|:50,-50(50.000000)
109:Player,BR:0cc/cc/cr200c/cc:5hQs,3c9h|/4s5dAc/6h/8h:300,-300(300.000000)
110:BR,Player:0cc/cc/cc/r200f:6s7h,3dQs|/2d6hJc/Tc/6d:100,-100(100.000000)
111:Player,BR:0cc/cc/r200c/r600f:8sJd,2h2d|/3s8dJh/5h/3h:300,-300(300.000000)
112:BR,Player:0cc/cr200c/cc/r600c:2c3h,5d7c|/5c7h8h/Js/As:-900,900(-900.000000)
113:Player,BR:0cr200c/cc/cr600c/cc:8cAc,5c8s|/6h8dQd/Qs/4d:900,-900(-15.419742)
114:BR,Player:0r200c/cc/cr600c/cc:4d6h,3d9d|/6sKsAc/Js/Jd:900,-900(141.015149)
115:Player,BR:0cr200c/cc/cc/cr600f:5dJd,2c6s|/9sAsAd/3s/Ts:-300,300(-300.000000)
116:BR,Player:0r200c/cc/cc/cr600f:4cTs,6cAh|/8sQdAd/9s/3d:-300,300(-300.000000)
117:Player,BR:0cc/cc/cc/cc:7cJs,6hQd|/2c4cAh/4h/As:-100,100(-26.870819)
118:BR,Player:0r200c/cr600c/cr1800r5400f:6d7h,6hJs|/4s7s8d/2c:2700,-2700(2700.000000)
119:Player,BR:0cc/cc/cc/cr200f:5d8s,3h5s|/8cJdKs/9d/Ad:-100,100(-100.000000)
120:BR,Player:0r200c/cr600c/cc/r1800f:8cTh,TdJc|/3dQhAh/As/3s:900,-900(900.000000)
121:Player,BR:0cr200c/r600c/r1800c/r5400f:ThKd,5dTd|/9cJsQd/5h/3d:2700,-2700(2700.000000)
122:BR,Player:0cc/cr200c/cc/cc:TdJs,6s7h|/4d7c8c/Ad/Qh:-300,300(43.475548)
123:Player,BR:0cc/cc/cc/cc:2h3h,7cAc|/5dTsJc/8c/Jd:-100,100(-23.196875)
124:BR,Player:0r200c/cc/cc/cr600f:2sJc,3s4h|/6s7hQd/Kd/8d:-300,300(-300.000000)
125:Player,BR:0cr200c/cc/cc/cc:5s5h,2hTs|/JdKsAc/7s/8h:300,-300(268.643402)
126:BR,Player:0r200c/cr600c/cc/cc:5cAh,7hJc|/6h6c9c/3d/Kh:900,-900(141.450250)
127:Player,BR:0cr200c/cc/cc/cc:QhAc,6hJd|/5c7d8s/6s/Ts:-300,300(53.593564)
128:BR,Player:0r200c/cr600c/cc/cc:3d5s,7s9d|/5cQsQd/7d/Ad:-900,900(158.928526)
129:Player,BR:0cr200c/r600c/r1800f:9hQh,7d8h|/7cTdKs/Js:900,-900(900.000000)
130:BR,Player:0r200c/cc/r600c/cr1800f:5sQh,3c7c|/2c3d6d/8c/Tc:-900,900(-900.000000)
131:Player,BR:0cc/cc/cr200c/cc:2h3s,2s4h|/2dTdTc/8s/4s:-300,300(-12.787502)
132:BR,Player:0r200c/cc/r600f:3c8h,6hAs|/2d7cKs/8c:300,-300(300.000000)
133:Player,BR:0cr200c/r600c/r1800f:9hJh,5dTc|/2h3h7c/Ks:900,-900(900.000000)
134:BR,Player:0cc/cr200c/cc/r600c:4h7c,6c9d|/6d9sJs/Ah/5c:-900,900(-900.000000)
135:Player,BR:0cr200c/cc/cc/cr600f:8cAd,9dJc|/2s4cKh/5h/Js:-300,300(-300.000000)
136:BR,Player:0cc/cc/r200c/r600c:QcAd,5h9d|/5c8sAh/5d/7d:-900,900(102.731414)
137:Player,BR:0cr200c/cc/cr600c/cc:6cKc,6dTs|/6s9hTc/Ac/8h:-900,900(-413.618991)
138:BR,Player:0cc/cc/cc/cr200c:JhJd,4s7d|/5s5cQd/Ah/6d:300,-300(-88.654964)
139:Player,BR:0cr200c/r600c/r1800f:6sTs,6d8s|/3s3c4s/Qh:900,-900(900.000000)
140:BR,Player:0r200c/cc/cc/cr600f:6c7c,KsKc|/2d4h9d/4c/9h:-300,300(-300.000000)
141:Player,BR:0cc/cc/cr200f:3sKh,8s9d|/5h6h8c/4c:-100,100(-100.000000)
142:BR,Player:0r200c/cc/cr600f:5s6h,6c9s|/8h8cAs/Td:-300,300(-300.000000)
143:Player,BR:0cr200c/r600c/r1800f:ThJc,2c6c|/3s8c9d/3d:900,-900(900.000000)
144:BR,Player:0cc/cr200c/cr600f:7sTc,5d8d|/4c6c9d/Qd:-300,300(-300.000000)
145:Player,BR:0cc/cc/r200c/r600f:8hTs,6hAs|/4d4cJh/2d/3h:300,-300(300.000000)
146:BR,Player:0cc/cr200c/r600f:7cTd,3c5d|/7s8d9s/Kc:300,-300(300.000000)
147:Player,BR:0cr200c/cc/cr19700f:9s9d,4h6s|/2c4s4d/Js:-300,300(-300.000000)
148:BR,Player:0r200c/cc/r600c/r1800c:KcAh,8dKs|/5c7hKd/9c/Th:2700,-2700(398.169317)
149:Player,BR:0cr200c/cc/cr19700f:7h7c,JsAc|/4d9cAd/Jc:-300,300(-300.000000)
150:BR,Player:0cc/cc/cc/cr200r600f:4sQs,8sAh|/4c5sJc/Kh/8c:300,-300(300.000000)
151:Player,BR:0cr200c/r600c/r1800f:QsKd,4cKs|/8dThJs/3s:900,-900(900.000000)
152:BR,Player:0r200c/cc/r19700f:2cTs,3hAc|/2h8sJd/2s:300,-300(300.000000)
153:Player,BR:0cr200c/cc/cc/cc:3h5d,7d8s|/5sTsKs/8d/2h:-300,300(-41.492885)
154:BR,Player:0r200c/cc/r600c/cr1800f:4hJd,2h2c|/5h8d9d/5d/Td:-900,900(-900.000000)
155:Player,BR:0cr200c/cc/cr600c/cc:8d9s,2sKc|/8sJcQs/Th/Ts:900,-900(900.000000)
156:BR,Player:0cc/cc/cc/cr200r600c:9sQc,6hAh|/2h2dAs/Kc/7d:-900,900(-900.000000)
157:Player,BR:0cc/cc/cr200f:3cTc,2hTs|/5s5dKc/2d:-100,100(-100.000000)
158:BR,Player:0r200c/cc/cc/r19700f:QdKc,8dQc|/5cThAd/4d/Jc:300,-300(300.000000)
159:Player,BR:0cr200c/cc/cc/cc:5cAc,6sAd|/8hJdQs/Jc/2d:0,-0(182.850782)
160:BR,Player:0r200c/cc/cc/cr600r1800c:2d8d,KhKc|/3s6hAc/2s/Ks:-2700,2700(-2700.000000)
161:Player,BR:0cc/cc/cr200f:5sQh,9s9d|/2hTsAh/Ac:-100,100(-100.000000)
162:BR,Player:0r200c/cr600c/cr1800r5400c/cc:6c9c,8sAh|/8d9sAd/Ks/Kd:-8100,8100(-5301.420713)
163:Player,BR:0cc/cc/cc/r200f:2c4s,4hAc|/3c9hJs/Tc/8c:100,-100(100.000000)
164:BR,Player:0r200c/cr600c/cc/cc:4dAd,7dJs|/2d3s7h/9s/Qd:-900,900(-243.734477)
165:Player,BR:0cc/cc/cr200f:8cQh,5s8d|/3d3c9d/6s:-100,100(-100.000000)
166:BR,Player:0cc/cr200c/cr600c/cc:3s9c,QdKh|/4d9hQh/2h/Tc:-900,900(-45.768647)
167:Player,BR:0cc/cc/r200c/cc:4cQd,5sKh|/QhQcAh/3c/Ad:300,-300(-115.552604)
168:BR,Player:0r200c/cc/r19700c/cc:ThKh,TsTc|/9dJhQh/8c/2d:20000,-20000(16794.722960)
169:Player,BR:0cc/cc/r200r600f:ThQd,3h9d|/4h5cAc/Td:-300,300(-300.000000)
170:BR,Player:0cc/cc/r200c/cr600f:6s9d,3cJd|/3d8dAd/3h/7h:-300,300(-300.000000)
171:Player,BR:0cc/cc/r200r600c/cc:7hJs,7dJd|/4hTdJc/5h/2d:0,-0(164.489971)
172:BR,Player:0r200c/cr600c/cr1800f:2h5d,JsQs|/3h9dQh/7d:-900,900(-900.000000)
173:Player,BR:0cr200c/cc/cc/cc:TcQs,QcKd|/3h4c7s/3d/4s:-300,300(111.113431)
174:BR,Player:0r200c/cc/cc/cr600c:TdKd,8c9c|/5c6cAc/6h/Ts:-900,900(-298.139602)
175:Player,BR:0cr200c/cc/cr600f:5c9c,8cQc|/4sJsQd/Ad:-300,300(-300.000000)
176:BR,Player:0cc/cr200c/r600f:JsJc,5c8s|/TdQhQc/Qd:300,-300(300.000000)
177:Player,BR:0cc/cc/cc/cr200f:3sJc,2s3h|/8dQhAd/Ts/4c:-100,100(-100.000000)
178:BR,Player:0r200c/cr600c/cc/cc:4dAs,3sTs|/6c8hTh/6s/4c:-900,900(455.402038)
179:Player,BR:0cr200c/cc/cr600f:2h4h,4c7h|/2s6cAc/9c:-300,300(-300.000000)
180:BR,Player:0r200c/cc/r600f:9dTh,6d8h|/6c9sJs/4c:300,-300(300.000000)
181:Player,BR:0cc/cc/cc/cc:7d8s,QhAs|/4s8c9h/Kd/3d:100,-100(18.389134)
182:BR,Player:0f:7hQs,2d3h|:50,-50(50.000000)
183:Player,BR:0cc/cc/cr200f:2sTh,6hKd|/3d6cAd/4s:-100,100(-100.000000)
184:BR,Player:0r200c/cc/cc/cc:8cAs,5hQs|/4h4dKs/3h/5s:-300,300(82.171871)
185:Player,BR:0cc/cc/cc/cc:8cQs,TdAc|/2c8hJh/9c/6h:100,-100(17.923385)
186:BR,Player:0r200c/cc/r600f:3d9d,6hAh|/4h4d7c/Td:300,-300(300.000000)
187:Player,BR:0cc/cc/r200c/cr600f:2c7c,5s6c|/6s9cTs/Tc/Td:-300,300(-300.000000)
188:BR,Player:0r200c/cr600c/cc/cr1800f:2sJd,2d5d|/4h5hTs/As/2c:-900,900(-900.000000)
189:Player,BR:0cc/cc/r200c/cr600c:4s5c,3d8c|/2s3h4c/9s/Ac:900,-900(900.000000)
190:BR,Player:0cc/cc/cr200c/cc:9dQc,5c9h|/4d5hAh/Ad/Kh:-300,300(51.305003)
191:Player,BR:0cc/cc/cr200f:6s8c,AsAc|/2h3s9d/4h:-100,100(-100.000000)
192:BR,Player:0r200c/cr600c/r1800f:8cAs,9hKh|/6c9dAd/3h:900,-900(900.000000)
193:Player,BR:0cr200c/r600c/cc/cc:JdKh,5hAc|/4c8sQd/Js/3c:900,-900(487.449991)
194:BR,Player:0r200c/cr600c/cr1800c/cr5400f:TdKd,9dQh|/4h4d7s/2h/3h:-2700,2700(-2700.000000)
195:Player,BR:0cc/cc/cc/r200f:5hKd,3c4d|/3dQcKs/6h/2s:100,-100(100.000000)
196:BR,Player:0r200c/cc/r600f:2c5d,9dJc|/4d8sAs/Qs:300,-300(300.000000)
197:Player,BR:0cc/cc/cc/r200f:9cTh,TcQs|/8d8c9s/4s/2s:100,-100(100.000000)
198:BR,Player:0cc/cc/r19900f:QcAc,2dQh|/2c5c9c/4h:100,-100(100.000000)
199:Player,BR:0cr200c/r600c/cr1800f:5d7d,8hTh|/2d6cJh/2c:-900,900(-900.000000)
200:BR,Player:0cc/cc/cc/cr200f:9dTs,5d8c|/2h6dAh/Js/Jd:-100,100(-100.000000)
201:Player,BR:0cr200c/cc/r600f:ThQd,2hTs|/6hQsKh/8s:300,-300(300.000000)
202:BR,Player:0r200c/cr600c/r1800f:3s6c,KhAs|/2s4sQd/7h:900,-900(900.000000)
203:Player,BR:0cc/cc/cc/cc:3d4s,6cTs|/JhKsAh/3c/4d:100,-100(48.857588)
204:BR,Player:0r200c/cc/r600c/r1800c:6sAs,8cJh|/TsJsKh/Jd/Qh:2700,-2700(1046.893001)
205:Player,BR:0cc/cc/cr200c/cc:6cQh,7h8h|/9dQsAd/3c/3d:300,-300(300.000000)
206:BR,Player:0r200c/cr600c/r1800f:4d9c,3c6c|/5s7dJc/Jd:900,-900(900.000000)
207:Player,BR:0cc/cc/r200c/cr600f:8cKs,8sJc|/4h6sKh/3c/5h:-300,300(-300.000000)
208:BR,Player:0f:9s9h,2h7s|:50,-50(50.000000)
209:Player,BR:0cc/cc/cr200f:2c4h,8s9h|/3s9sJh/7h:-100,100(-100.000000)
210:BR,Player:0r200c/cc/r600f:7d8d,9sQd|/5c6hTc/2h:300,-300(300.000000)
211:Player,BR:0cc/cc/r200c/r600f:2c3h,7cAd|/2h2dKc/4s/Qd:300,-300(300.000000)
212:BR,Player:0cc/cc/r200f:6d8c,2hJs|/6s6hQh/Ts:100,-100(100.000000)
213:Player,BR:0cc/cc/r200r600f:9sQc,7s8h|/6s8dJd/7d:-300,300(-300.000000)
214:BR,Player:0f:5hKc,2h8s|:50,-50(50.000000)
215:Player,BR:0cc/cc/cr200f:5h7d,2cKs|/JcKdAh/8d:-100,100(-100.000000)
216:BR,Player:0r200c/cc/cr600c/cc:2s5h,7h7c|/5c6d9h/4h/Ah:-900,900(-177.297440)
217:Player,BR:0cc/cc/cc/cc:2cQd,5dKh|/9dTcAh/4h/3h:-100,100(25.948301)
218:BR,Player:0r200c/cc/cc/cc:4hQd,7dKs|/5cJdAc/5s/Th:-300,300(-224.283667)
219:Player,BR:0cc/cc/cr200c/cr600f:2c9d,5s8d|/4c9cJs/6h/3c:-300,300(-300.000000)
220:BR,Player:0r200c/cr600c/r1800f:TsTh,9dJs|/2h5s5d/3d:900,-900(900.000000)
221:Player,BR:0cr200c/r600c/r1800r5400f:9hTh,5d8s|/4h5hQd/5s:-2700,2700(-2700.000000)
222:BR,Player:0r200c/cc/r600c/r1800f:9hJc,7cKd|/9cThQs/8h/Qd:900,-900(900.000000)
223:Player,BR:0cc/cc/cc/cr200c:8hQs,5sAs|/7d9cKh/Qc/Ah:-300,300(-274.587728)
224:BR,Player:0cc/cr200c/r600f:4cAs,7s8s|/4sQdAd/Tc:300,-300(300.000000)
225:Player,BR:0cr200c/r600c/cr1800c/cr5400c:AdAc,5c9c|/2d4s8d/7c/9s:8100,-8100(-1737.950929)
226:BR,Player:0r200c/cc/cr600f:6hKh,TdQd|/2h4sQs/8d:-300,300(-300.000000)
227:Player,BR:0cc/cc/cc/r200c:6h8s,5sAc|/5h9dJs/6d/8c:300,-300(89.227832)
228:BR,Player:0r200c/cc/cc/cc:5sJd,5c6c|/6d9dTh/Ah/Qc:-300,300(-290.017045)
229:Player,BR:0cc/cc/cr200c/cc:8sQc,7cJc|/3h3d7s/Ac/Ts:-300,300(22.655013)
230:BR,Player:0r200c/cc/r600c/cr1800c:JhAs,3sAh|/4dKcAc/7c/3d:-2700,2700(-819.948553)
231:Player,BR:0cc/cc/r200c/r600f:5h7d,4sJd|/7h7cQh/Kd/3c:300,-300(300.000000)
232:BR,Player:0r200c/cr600c/cc/r1800f:5sQd,6dJd|/2c4dQh/2h/Tc:900,-900(900.000000)
233:Player,BR:0cc/cc/cr200c/cc:3hJc,3c4d|/5sThTd/Jd/7h:300,-300(300.000000)
234:BR,Player:0r200c/cr600c/cr1800r5400c/cc:7cJd,6hAc|/5h7h8s/As/5d:-8100,8100(-1621.787772)
235:Player,BR:0cc/cc/cc/cc:TdKc,2h7d|/5h6dQh/2c/8c:-100,100(-4.403535)
236:BR,Player:0f:4sQd,2h5c|:50,-50(50.000000)
237:Player,BR:0cc/cc/cr200f:5s9d,7hTh|/TsTdKh/4h:-100,100(-100.000000)
238:BR,Player:0r200c/cc/r600f:5s5c,7cAs|/2c3sQs/4d:300,-300(300.000000)
239:Player,BR:0cr200c/r600c/cc/cc:4c5s,7sKc|/5hTsKs/2s/Ad:-900,900(-60.905585)
240:BR,Player:0r200c/cr600c/cr1800c/cr5400f:7cKd,4cTc|/2d4sQc/4d/2h:-2700,2700(-2700.000000)
241:Player,BR:0cc/cc/cc/cc:4cQh,6dKd|/TcJsJd/3d/3s:-100,100(-25.343057)
242:BR,Player:0r200c/cr600c/cr1800f:3h6s,QdQc|/TsJdAh/Qh:-900,900(-900.000000)
243:Player,BR:0cr200c/cc/cc/cc:9h9d,8dTs|/ThJcAh/Ac/7s:-300,300(-160.915221)
244:BR,Player:0r200c/cr600c/r1800f:3dTd,7d9h|/4s5dJd/Th:900,-900(900.000000)
245:Player,BR:0cr200c/cc/r600f:8cTs,3cTh|/4hAsAc/Ah:300,-300(300.000000)
246:BR,Player:0r200c/cc/r19700f:4hAc,JdAd|/2c3cTc/Kc:300,-300(300.000000)
247:Player,BR:0cr200c/r600c/r1800r5400r11900c/cc:6d8s,6cAs|/5h7h9d/Ad/Jh:20000,-20000(11239.764657)
248:BR,Player:0r200c/cc/r600c/r19100c:8hJh,7s8s|/5h8d8c/7c/Jd:20000,-20000(17555.050465)
249:Player,BR:0cr200c/r600c/r1800c/cc:TdKh,QsQc|/3cJcKs/6h/4c:2700,-2700(1319.743694)
250:BR,Player:0cc/cr200c/cc/r600f:4cTd,6h9s|/5h9cQs/2c/Jh:300,-300(300.000000)
251:Player,BR:0cc/cc/r200c/r600c:2cJs,TcAc|/2h3cJd/8h/As:900,-900(-238.756708)
252:BR,Player:0cc/cc/cc/cc:TcAd,4h6s|/6c7cQd/2c/9h:-100,100(-7.242779)
253:Player,BR:0cr200c/cc/r600c/r1800f:7hJh,6sJd|/3h3d9h/6d/8c:900,-900(900.000000)
254:BR,Player:0r200c/cr600c/cr1800r5400c/r11900c:8dKc,5d9d|/4d5c7d/9h/6s:20000,-20000(12224.290916)
255:Player,BR:0cr200c/r600c/cc/cc:9dKd,6cKs|/3d6s9s/7h/Tc:900,-900(303.296247)
256:BR,Player:0r200c/cr600c/r1800f:9h9d,8dQc|/6s9cAc/7s:900,-900(900.000000)
257:Player,BR:0cc/cc/cr200f:7s9c,4hKh|/2sThKc/Ad:-100,100(-100.000000)
258:BR,Player:0cc/cc/cr200c/cr600c:7dAd,2d8d|/4s5sJs/4d/6h:900,-900(-297.092603)
259:Player,BR:0cr200c/cc/r600f:6c7s,2s4h|/9hQhQc/8c:300,-300(300.000000)
260:BR,Player:0r200c/cr600c/cr1800r5400c/cc:8h9c,3hJh|/2h9dJs/5h/Qc:-8100,8100(-7998.597934)
261:Player,BR:0cr200c/cc/r600f:5d6h,2d8s|/JsAdAc/Kh:300,-300(300.000000)
262:BR,Player:0r200c/cc/r600c/r19100f:3h8c,TsTd|/2d9cQc/2c/Kd:900,-900(900.000000)
263:Player,BR:0cc/cc/cc/r200f:5hAc,4cQc|/7s9sKh/6h/8s:100,-100(100.000000)
264:BR,Player:0r200c/cc/r19700c/cc:QdAs,4s4c|/7cQsQc/4h/5d:-20000,20000(11275.597084)
265:Player,BR:0cc/cc/r200f:6sTd,9dTc|/3s6dKc/2d:100,-100(100.000000)
266:BR,Player:0cc/cc/cr200c/cc:2h2c,4d7s|/6cJcQh/6d/9s:300,-300(-25.816845)
267:Player,BR:0cc/cc/r200c/cc:2sTs,6cKd|/2h6s8h/7s/Ah:-300,300(-45.150751)
268:BR,Player:0r200c/cc/cc/cc:2h2c,9sKd|/6cQdQc/As/7s:300,-300(-21.390220)
269:Player,BR:0cr200c/r600c/cc/r1800c:2s3s,5sQs|/2h5c9d/3c/2d:2700,-2700(895.976035)
270:BR,Player:0cc/cr200c/r600c/r1800f:4c7d,6hTc|/2h4d8h/7c/4s:900,-900(900.000000)
271:Player,BR:0cc/cc/cc/cc:4c9d,5hTc|/9hJsKd/Kc/Jd:-100,100(-20.128809)
272:BR,Player:0r200c/cc/cc/cc:3s6c,9sJd|/7d9hTh/4s/7s:-300,300(-300.000000)
273:Player,BR:0cr200c/cc/r600c/cc:4d6d,9sAc|/4h5s6s/5c/7c:900,-900(899.702623)
274:BR,Player:0r200c/cr600c/r19100f:3d9s,5h5c|/2s3c6h/9d:900,-900(900.000000)
275:Player,BR:0cr200c/cc/r600c/cc:TsKh,6hQd|/8c9cKd/Ks/4h:900,-900(59.341701)
276:BR,Player:0r200c/cr600c/cc/r1800f:ThAh,TdKc|/6s7sJs/5h/4h:900,-900(900.000000)
277:Player,BR:0cc/cc/cc/cc:3h7h,3dAd|/4s4dTs/5c/7d:100,-100(-10.978424)
278:BR,Player:0r200c/cr600c/cr1800c/cr5400f:4cAh,2s9s|/2h6sQs/9h/4s:-2700,2700(-2700.000000)
279:Player,BR:0cc/cc/cr200f:4cAs,3c6s|/3h6h8d/5c:-100,100(-100.000000)
280:BR,Player:0r200c/cr600c/cc/r1800c:2d9h,QcAs|/6cQdAc/4c/7d:-2700,2700(-2700.000000)
281:Player,BR:0cr200c/r600c/r1800f:7s9s,3d5c|/5dKsAc/Ts:900,-900(900.000000)
282:BR,Player:0cc/cc/r200c/cc:7sQh,JsAs|/4s7dKc/Jc/3s:-300,300(47.164764)
283:Player,BR:0cc/cc/cr200f:7dAh,2h9d|/3h5cTc/8s:-100,100(-100.000000)
284:BR,Player:0r200c/cc/cc/cr600r1800f:3s4d,9sJs|/6d6c7h/3h/Ac:900,-900(900.000000)
285:Player,BR:0cc/cc/cc/cr200c:6dJc,3h7h|/6c8hAc/7s/3d:-300,300(-299.757877)
286:BR,Player:0cc/cc/cc/cc:9dKh,5dAs|/2c7cTs/Th/4c:-100,100(-5.929491)
287:Player,BR:0cc/cc/cr200c/cc:2dQd,3h8d|/4s5hKs/Qs/Th:300,-300(299.998747)
288:BR,Player:0r200c/cc/cc/cr19700f:2cQh,8c9s|/4h5sJs/6d/7c:-300,300(-300.000000)
289:Player,BR:0cr200c/r600c/cr1800r5400f:JcKd,4h6s|/2sJsJh/As:2700,-2700(2700.000000)
290:BR,Player:0cc/cc/cc/cr200f:3h3c,9sAh|/7hJsJc/6c/9c:-100,100(-100.000000)
291:Player,BR:0cc/cc/cc/r200r600f:4d7h,QhKd|/2c8c9c/6c/Kh:-300,300(-300.000000)
292:BR,Player:0r200c/cc/r600c/cc:3d8s,7cAh|/6s6hAd/2h/5s:-900,900(-900.000000)
293:Player,BR:0cc/cc/cr200c/cc:2hKc,6c7c|/2cTsTd/Jd/9d:300,-300(300.000000)
294:BR,Player:0r200c/cr600c/r1800f:2hAs,7c9d|/6s8cQd/Ac:900,-900(900.000000)
295:Player,BR:0cc/cc/cr200c/cc:6dAh,4h9c|/3s8dKc/6s/4s:300,-300(140.879470)
296:BR,Player:0r200c/cr600c/r1800f:4h5c,7hQd|/9hJhKc/6h:900,-900(900.000000)
297:Player,BR:0cc/cc/r200f:8cTh,3h5c|/7c9sTd/6h:100,-100(100.000000)
298:BR,Player:0r200c/cc/cr600c/cr1800f:TsKd,5cQc|/7h7c9c/3c/Jd:-900,900(-900.000000)
299:Player,BR:0cc/cc/r200f:4sTs,5c6d|/ThTcKh/Kd:100,-100(100.000000)
300:BR,Player:0r200c/cr600c/r1800f:TdJs,QdKh|/5d6s8c/Jh:900,-900(900.000000)
301:Player,BR:0cr200c/cc/cr600f:8dAs,2dKs|/6sThKc/5h:-300,300(-300.000000)
302:BR,Player:0cc/cc/r200f:TdJs,JhKc|/3s6dQs/7s:100,-100(100.000000)
303:Player,BR:0cc/cc/cr200c/cc:2hAd,5d8h|/3s7dKc/2c/Ks:300,-300(298.969129)
304:BR,Player:0r200c/cr600c/cc/cc:4sQs,5dQd|/6d9dQh/Ks/6c:0,-0(653.633148)
305:Player,BR:0cc/cc/cr200c/cc:2c7h,5h5c|/6h6cJh/2s/Kh:-300,300(42.464300)
306:BR,Player:0cc/cr200c/r600c/cc:6s7c,7dKd|/4s5c6d/8c/8d:0,-0(506.937318)
307:Player,BR:0cc/cc/cc/cc:5dAh,3hTh|/3dJcKh/7s/9s:-100,100(-19.009547)
308:BR,Player:0r200c/cc/r600c/cr1800c:9dTc,7sTs|/4s5s9s/4h/6c:-2700,2700(-895.256596)
309:Player,BR:0cc/cc/cr200c/cr19700f:2c5s,QsQd|/2s6cJd/6d/Qc:-300,300(-300.000000)
310:BR,Player:0cc/cr200c/r600f:8dJc,3sKs|/3h4d5h/5c:300,-300(300.000000)
311:Player,BR:0cc/cc/cr200f:4cKh,9hJh|/2s3hTc/7h:-100,100(-100.000000)
312:BR,Player:0cc/cr200c/r600f:QhKd,3d9s|/4hAhAd/Qd:300,-300(300.000000)
313:Player,BR:0cc/cc/r200c/cr600f:6c8h,9dAs|/7hTsKc/Td/4s:-300,300(-300.000000)
314:BR,Player:0cc/cc/cc/cc:2c4c,6sQc|/5h8s8h/Th/7s:-100,100(-99.999793)
315:Player,BR:0cc/cc/cr200f:6dQh,5sAs|/5cJsKs/3h:-100,100(-100.000000)
316:BR,Player:0r200c/cc/r600c/cc:5hAh,6hTd|/8s9cAc/Tc/Ks:900,-900(508.320845)
317:Player,BR:0cr200c/r600c/r1800c/cc:3sJs,2hQc|/4d5s5d/9d/Jh:2700,-2700(1756.303849)
318:BR,Player:0cc/cc/cc/cc:4hTd,4c6c|/6s7hQh/Jd/9h:-100,100(-99.162794)
319:Player,BR:0cc/cc/cc/cr200f:4d5c,9dKs|/7dTcAs/7s/Td:-100,100(-100.000000)
320:BR,Player:0cc/cc/r200c/r600f:3sQh,4c9h|/3h9dJd/Tc/Kh:300,-300(300.000000)
321:Player,BR:0cc/cc/cc/cr200c:3hKc,2sAd|/3d3c5h/Jh/5d:300,-300(-23.588363)
322:BR,Player:0r200c/cc/cr600f:7sQs,6hTc|/2d4dJs/9h:-300,300(-300.000000)
323:Player,BR:0cr200c/cc/cr600f:JdAh,4s5h|/2d7cKh/8s:-300,300(-300.000000)
324:BR,Player:0cc/cr200c/cr600f:9hAs,3h6c|/4c7cKc/Td:-300,300(-300.000000)
325:Player,BR:0cr200c/r600c/r1800f:4d5h,2hTc|/8hKsAc/3c:900,-900(900.000000)
326:BR,Player:0r200c/cc/r600f:5c7h,6c7s|/4h9cJd/6s:300,-300(300.000000)
327:Player,BR:0cc/cc/cr200c/cr600c:4dAh,3h8s|/4s7hTc/Ad/5s:900,-900(900.000000)
328:BR,Player:0cc/cc/r200f:8h9c,4c7c|/6hTdQs/Qc:100,-100(100.000000)
329:Player,BR:0cr200c/cc/cc/cc:5s6h,5c7s|/4d5dAd/Jc/2s:-300,300(44.867302)
330:BR,Player:0r200c/cc/cc/cr600f:5c9s,TcAd|/4hTsKh/2d/8d:-300,300(-300.000000)
331:Player,BR:0cc/cc/r200c/r600f:7hQc,6h6d|/2s4dQh/8c/3d:300,-300(300.000000)
332:BR,Player:0cc/cr200c/cr600r1800f:6sKs,3hJc|/3dThQc/Ad:900,-900(900.000000)
333:Player,BR:0cc/cc/cr19900f:2s7d,3c6s|/3d6cKc/3h:-100,100(-100.000000)
334:BR,Player:0cc/cc/cc/cr200f:2c3d,4c7s|/2sJdAs/Th/Jh:-100,100(-100.000000)
335:Player,BR:0cc/cc/r200c/r600f:8hAd,3hTs|/2s9hAs/6s/2d:300,-300(300.000000)
336:BR,Player:0r200c/cr600c/cr1800c/cr5400f:TdJs,7hKc|/7d7cJh/2h/Ah:-2700,2700(-2700.000000)
337:Player,BR:0cc/cc/cr200c/cc:5dTs,2c3d|/6d7h9c/5c/Td:300,-300(300.000000)
338:BR,Player:0r200c/cr600c/r1800c/r5400f:TsAc,6cAs|/5s6s9s/Tc/Ad:2700,-2700(2700.000000)
339:Player,BR:0cc/cc/cc/r200c:4dTd,3sQd|/9hTcKs/3h/2d:300,-300(92.832697)
340:BR,Player:0cc/cr200c/r600c/cr1800f:2s9s,5d7s|/4d6hTh/Tc/9d:-900,900(-900.000000)
341:Player,BR:0cr200c/r600c/r1800r5400f:7c9c,9sKc|/4d5cKs/Tc:-2700,2700(-2700.000000)
342:BR,Player:0r200c/cc/r600c/r1800f:3c8h,5dQc|/8sQhAs/3d/7d:900,-900(900.000000)
343:Player,BR:0cr200c/cc/cr600f:8dQc,5cAs|/9hAhAc/4d:-300,300(-300.000000)
344:BR,Player:0cc/cc/r200f:4h7s,6cAc|/4c5s5h/2h:100,-100(100.000000)
345:Player,BR:0cc/cc/cc/cc:5dTh,3c5s|/7h8dTd/3h/9d:100,-100(34.276500)
346:BR,Player:0r200c/cr600c/cr1800r5400f:5hAc,QhAs|/3hJdAd/2h:2700,-2700(2700.000000)
347:Player,BR:0cc/cc/cr200f:5h7d,9sKh|/8c9dJs/7c:-100,100(-100.000000)
348:BR,Player:0r200c/cc/cc/cc:ThQh,9cAc|/4s5s8c/5h/Ks:-300,300(-299.999680)
349:Player,BR:0cr200c/cc/cc/cr600f:JcAs,9hKs|/3c6d6c/4h/Kh:-300,300(-300.000000)
350:BR,Player:0r200c/cc/r19700f:2c6h,9sQs|/2h4dKs/2d:300,-300(300.000000)
351:Player,BR:0cc/cc/cr200f:3c7d,TsJc|/5h8hQd/9h:-100,100(-100.000000)
352:BR,Player:0cc/cc/r200c/cr600f:ThTd,9hTc|/4h4cJd/7s/5d:-300,300(-300.000000)
353:Player,BR:0cc/cc/cr200f:6hJs,2s6c|/7s7h8h/Ts:-100,100(-100.000000)
354:BR,Player:0f:4dKh,2d6s|:50,-50(50.000000)
355:Player,BR:0cr200c/cc/cr600c/cr1800f:7hAc,JdQh|/7cThQc/Jh/3c:-900,900(-900.000000)
356:BR,Player:0r200c/cc/cc/cc:3h4d,2dKc|/6sJhKs/As/Jd:-300,300(-299.999988)
357:Player,BR:0cc/cc/cc/cr200f:8hAc,2cJh|/3d6sKd/9d/7s:-100,100(-100.000000)
358:BR,Player:0cc/cc/r200f:4hJc,ThKd|/4c9cAd/2c:100,-100(100.000000)
359:Player,BR:0cr200c/r600c/cr19100f:3s3d,4hKd|/4cKsKh/5h:-900,900(-900.000000)
360:BR,Player:0cc/cr200c/cr600f:5s8s,4c6h|/4h6dTh/3h:-300,300(-300.000000)
361:Player,BR:0cr200c/r600c/cc/r1800c:QdKc,9sKd|/3c6dKh/3s/5s:2700,-2700(526.634801)
362:BR,Player:0r200c/cr600c/cr1800c/cc:JsAc,9sKs|/3c4c9d/3h/5s:-2700,2700(-935.874067)
363:Player,BR:0cc/cc/cc/cc:2d3s,5cJd|/8c9dKh/Tc/8d:-100,100(46.869294)
364:BR,Player:0r200c/cr600c/r1800f:3hAh,7dTc|/3c5hAc/7h:900,-900(900.000000)
365:Player,BR:0cc/cc/cc/r200f:8sAd,2h9d|/8hThKc/Td/6c:100,-100(100.000000)
366:BR,Player:0cc/cc/cc/cr200r600f:5hQh,4c9d|/3s3hTc/Jd/6s:300,-300(300.000000)
367:Player,BR:0cc/cc/cr200c/cc:9dKc,7hQd|/3d8cQh/Js/Ts:300,-300(-86.091854)
368:BR,Player:0r200c/cc/cc/cr600f:8sKh,3sQs|/5dJdAd/2d/5c:-300,300(-300.000000)
369:Player,BR:0cr200c/cc/cr600c/cr19100f:9h9c,KdAd|/5h6dAs/9d/4d:-900,900(-900.000000)
370:BR,Player:0cc/cc/r200f:9cJc,4sAc|/3d9sKc/8d:100,-100(100.000000)
371:Player,BR:0cc/cc/cc/cr200r600f:9cJs,3c9h|/TsKsAs/2d/5s:300,-300(300.000000)
372:BR,Player:0cc/cr200c/cc/cc:7hQc,4sTh|/3h6dTc/3s/2c:-300,300(-20.060449)
373:Player,BR:0cr200c/r600c/cc/cr1800f:3s3h,5cJs|/2s4d9s/Qh/Td:-900,900(-900.000000)
374:BR,Player:0cc/cc/cc/cr200f:5s5c,3h4d|/2sJcQh/8s/6c:-100,100(-100.000000)
375:Player,BR:0cr200c/r600c/cr1800c/cc:8sJs,9sKs|/3c6hQs/Jd/Qc:2700,-2700(2509.939220)
376:BR,Player:0r200c/cc/cc/r600c:8sKh,KdAc|/3c5hTh/2c/Kc:-900,900(191.578879)
377:Player,BR:0cc/cc/cr200c/cr600c:6dJc,4c7h|/6h9dTd/9c/8s:-900,900(-717.385130)
378:BR,Player:0cc/cc/cc/cc:2h4d,3cKs|/7s9sJd/9c/Td:-100,100(-100.000000)
379:Player,BR:0cr200c/r600c/cc/cr1800f:TdKc,7sKd|/5cQcAd/8c/6d:-900,900(-900.000000)
380:BR,Player:0r200c/cc/cc/cr600f:4h7s,JsJh|/QdQcKs/Qs/6d:-300,300(-300.000000)
381:Player,BR:0cr200c/cc/cr600c/cr1800c:6hQh,4hTd|/6sTsJd/Tc/Qd:-2700,2700(-2176.400738)
382:BR,Player:0r200c/cr600c/r1800f:2sTd,8cKs|/4s6sQd/5s:900,-900(900.000000)
383:Player,BR:0cc/cc/r200c/cr600f:9sKd,6hKc|/6c8c9d/8d/7h:-300,300(-300.000000)
384:BR,Player:0cc/cc/r200c/r600f:8sQc,6c8d|/6hJdJc/Qd/4h:300,-300(300.000000)
385:Player,BR:0cc/cc/r200c/r600c:7hTc,8hKs|/5sTsTd/Th/8d:900,-900(-311.468116)
386:BR,Player:0r200c/cr600c/r1800r5400f:3s9h,3d6d|/7h7d8c/2d:-2700,2700(-2700.000000)
387:Player,BR:0cc/cc/cr200c/cc:4d7h,2cKh|/4hJcKd/Js/9c:-300,300(-150.747098)
388:BR,Player:0r200c/cr600c/cc/r1800f:QdAs,7hJs|/4h6d9c/4s/Ad:900,-900(900.000000)
389:Player,BR:0cc/cc/cc/cc:2h8h,8s8d|/2c9cQc/3d/Jc:-100,100(17.080158)
390:BR,Player:0cc/cc/cr200f:5d7s,9hJd|/8h9sKh/3h:-100,100(-100.000000)
391:Player,BR:0cc/cc/cc/cc:2h8c,2dQd|/4d6dAh/Ks/2c:-100,100(-26.700824)
392:BR,Player:0cc/cc/cc/cr200r600r1800f:3d7s,9sTd|/TcJdAh/6s/7h:-900,900(-900.000000)
393:Player,BR:0cr200c/cc/cr600c/cc:QhKs,5hAd|/4c5sTh/4d/7d:-900,900(126.188713)
394:BR,Player:0cc/cc/cc/cc:2cKc,9dQh|/6h8sTh/5c/Ah:100,-100(-51.445444)
395:Player,BR:0cc/cc/cr200c/cc:3cJd,4c6d|/5sJcQd/5c/2s:300,-300(300.000000)
396:BR,Player:0r200c/cr600c/cc/r19100f:5cQh,4d5d|/QcKcAd/Tc/Jh:900,-900(900.000000)
397:Player,BR:0cc/cc/cr200c/cc:5s8c,7d7c|/2h8dKc/4d/Kh:300,-300(-73.167490)
398:BR,Player:0r200c/cc/cr600c/cc:5hJd,8s9d|/3d4dAh/Qc/3s:900,-900(-20.690320)
399:Player,BR:0cc/cc/cr200c/cc:3h6c,2d5d|/TsQhAd/6d/Qs:300,-300(300.000000)
400:BR,Player:0r200c/cc/cc/r600f:2cTh,TsKs|/8cJhQc/4c/Tc:300,-300(300.000000)
401:Player,BR:0cr200c/r600c/r1800r17300f:8hQc,9cQh|/ThJcAs/8s:-2700,2700(-2700.000000)
402:BR,Player:0cc/cr200c/r600c/cr1800f:3cQh,2cTh|/2dTsTc/Qc/6c:-900,900(-900.000000)
403:Player,BR:0cc/cc/cr19900f:2hAs,JcQs|/6hJhQd/7d:-100,100(-100.000000)
404:BR,Player:0cc/cc/cc/r200c:5sJs,4s8h|/3c6dQd/4d/7c:300,-300(245.386650)
405:Player,BR:0cc/cc/cc/cc:3d9c,8hQs|/2hTsJh/Ad/8s:-100,100(-53.445630)
406:BR,Player:0cc/cr200c/cr600f:7h8h,4sTh|/QhKcAd/9c:-300,300(-300.000000)
407:Player,BR:0cr200c/cc/r600f:JhAc,2dTs|/QcKcAs/7s:300,-300(300.000000)
408:BR,Player:0r200c/cr600c/cc/cc:2s9d,TcJd|/6d7hJh/2h/4s:-900,900(-74.309879)
409:Player,BR:0cc/cc/cr200f:2hQh,7c9h|/2c8dJd/6c:-100,100(-100.000000)
410:BR,Player:0cc/cc/r200f:9dQs,3cTh|/5s7sQc/7d:100,-100(100.000000)
411:Player,BR:0cc/cc/cr200f:3c6h,2d7h|/2c3s7s/Ks:-100,100(-100.000000)
412:BR,Player:0r200c/cr600c/r19100c/cc:4s4d,TcQh|/4hTdQd/2s/Jh:20000,-20000(14226.652080)
413:Player,BR:0cr200c/cc/cc/cc:7s7c,TdTc|/2hQhKs/5c/3d:-300,300(-161.879882)
414:BR,Player:0r200c/cr600c/cc/cc:JcQs,3cTc|/5cTdQh/Kc/Jd:900,-900(819.258137)
415:Player,BR:0cc/cc/r200r600f:5sJc,6s6h|/4h6d8h/2s:-300,300(-300.000000)
416:BR,Player:0r200c/cc/r600c/cc:9dJh,6d7h|/5d7s8c/6s/9s:0,-0(-331.074731)
417:Player,BR:0cc/cc/cc/r200c:6cTc,3d4c|/4dTsTh/Jc/5c:300,-300(99.406886)
418:BR,Player:0cc/cc/r200c/cr600c:5s7c,4dQc|/5c7sAs/Qs/Qh:-900,900(-264.787624)
419:Player,BR:0cc/cc/cc/cr200f:2h6s,3dAs|/7s7dKc/8c/Kh:-100,100(-100.000000)
420:BR,Player:0r200c/cr600c/r1800f:5dTd,8cAc|/5s7hJd/3d:900,-900(900.000000)
421:Player,BR:0cr200c/r600c/cr19100c/cc:2s2h,JdAd|/2d2c9d/7d/9h:20000,-20000(5538.739254)
422:BR,Player:0r200c/cc/r600c/r1800c:6c8d,4dAd|/6s8hAs/3h/5s:2700,-2700(966.000061)
423:Player,BR:0cc/cc/cr200r600f:5hJh,5d6s|/3dThQh/Ks:300,-300(300.000000)
424:BR,Player:0r200c/cc/cr600f:5c7h,7d9c|/4d8hKh/Jd:-300,300(-300.000000)
425:Player,BR:0cr200c/cc/cc/cc:8cQh,2s3s|/9s9dAh/7h/6s:300,-300(300.000000)
426:BR,Player:0r200c/cc/r600f:4d6d,6h8c|/2d9dQc/4h:300,-300(300.000000)
427:Player,BR:0cr200c/cc/cc/r600f:5sAc,4cQs|/7s7hAh/Js/9s:300,-300(300.000000)
428:BR,Player:0r200c/cc/cc/cc:7s8h,8cKs|/3h3dTc/5s/4s:-300,300(-300.000000)
429:Player,BR:0cc/cc/cr200c/cc:3dTc,4cJc|/3h9cKc/Th/Ts:300,-300(288.899817)
430:BR,Player:0r200c/cc/cr600f:2s8c,4hAc|/QhKdAh/Kh:-300,300(-300.000000)
431:Player,BR:0cc/cc/cc/cc:4dTd,5hJs|/9dQcKs/8c/2s:-100,100(43.689201)
432:BR,Player:0f:6cTc,2d3h|:50,-50(50.000000)
433:Player,BR:0cc/cc/cc/cr200f:3h7h,5c6s|/5d6d7d/Qd/3d:-100,100(-100.000000)
434:BR,Player:0cc/cc/cc/cr200r600f:8sAc,5h8c|/5d9cTc/9h/6d:300,-300(300.000000)
435:Player,BR:0cr200c/cc/r600f:4s6d,3sJd|/8h9h9d/Ts:300,-300(300.000000)
436:BR,Player:0r200c/cr600c/cr1800r5400f:8sJc,7cTh|/6hJhQd/9d:2700,-2700(2700.000000)
437:Player,BR:0cc/cc/r200c/cc:4dQd,2h9d|/2s8dTh/Qc/Ac:300,-300(-104.938704)
438:BR,Player:0r200c/cc/r600c/r1800c:7h8c,5cJc|/5h6s9s/5s/2h:2700,-2700(2492.280482)
439:Player,BR:0cc/cc/r200r600f:6dJd,3d5d|/3c4s5h/Kd:-300,300(-300.000000)
440:BR,Player:0f:TcKd,2h8c|:50,-50(50.000000)
441:Player,BR:0cc/cc/cr200c/cr600f:3h8s,2sTh|/2h2d7d/8d/5s:-300,300(-300.000000)
442:BR,Player:0cc/cr200c/r600f:6h7c,5h9h|/2d8c9c/4c:300,-300(300.000000)
443:Player,BR:0cc/cc/cr200f:2h3h,8s8h|/JdJcQh/Qc:-100,100(-100.000000)
444:BR,Player:0f:9h9c,3c8d|:50,-50(50.000000)
445:Player,BR:0cc/cc/cc/cc:4c7h,QcKh|/2d4dTc/6d/8d:100,-100(75.318589)
446:BR,Player:0r200c/cc/r600c/cc:4cQc,6sTc|/3s5d6c/8h/5c:-900,900(-899.989794)
447:Player,BR:0cr200c/cc/cc/r600f:KsKh,5d8s|/7h8hQd/9s/Kd:300,-300(300.000000)
448:BR,Player:0cc/cc/r200c/r600f:8hJc,5cAd|/JhQcKs/Js/7c:300,-300(300.000000)
449:Player,BR:0cr200c/r600c/r1800f:JsJd,2h9d|/3c6d8c/Kc:900,-900(900.000000)
450:BR,Player:0cc/cc/r200f:6h8s,3dJh|/7c9cQd/Ah:100,-100(100.000000)
451:Player,BR:0cr200c/r600c/cc/cr1800f:TsQs,2c6d|/4c6s8d/3d/6c:-900,900(-900.000000)
452:BR,Player:0r200c/cc/cc/r600f:7dTd,9cQd|/6cThAh/3h/7c:300,-300(300.000000)
453:Player,BR:0cr200c/cc/cr600c/cc:QdKd,4c6s|/3h5c9d/3d/3c:900,-900(899.994884)
454:BR,Player:0r200c/cr600c/r1800c/cc:4h6h,7dKs|/3dTsKh/5c/Js:-2700,2700(-2529.546699)
455:Player,BR:0cr200c/cc/cr600c/cc:TcJd,JhQs|/6s8h8d/Jc/3h:-900,900(-454.632495)
456:BR,Player:0r200c/cr600c/cr1800f:4s8c,TsJs|/5s9sKd/Qd:-900,900(-900.000000)
457:Player,BR:0cr200c/cc/cr600f:9cAs,8dKs|/4d6d7d/3h:-300,300(-300.000000)
458:BR,Player:0r200c/cc/cr600c/cc:3dKh,8cTd|/3s4hTs/Jd/7d:-900,900(-382.120747)
459:Player,BR:0cr200c/cc/cc/r600f:TdKd,4c8d|/2hTsQs/6s/9h:300,-300(300.000000)
460:BR,Player:0r200c/cr600c/cr1800c/cr5400f:6cAc,7hTs|/QdKhAs/3s/5d:-2700,2700(-2700.000000)
461:Player,BR:0cc/cc/cr200f:2h6s,5hTs|/3c5dTd/7c:-100,100(-100.000000)
462:BR,Player:0r200c/cr600c/r1800f:8hTh,3hKc|/5s5h6d/Jc:900,-900(900.000000)
463:Player,BR:0cc/cc/cc/cc:5hJd,3d9c|/3s4sAh/Kh/8s:-100,100(-12.309697)
464:BR,Player:0r200c/cr600c/cc/r1800f:3d5s,7cAd|/6d8hKd/2c/Tc:900,-900(900.000000)
465:Player,BR:0cr200c/cc/cc/cc:KdAh,6d8s|/8d9sTd/4c/4d:-300,300(11.570064)
466:BR,Player:0r200c/cc/cc/r600c:6h9d,3sTs|/5sTdJd/8h/7s:900,-900(769.958566)
467:Player,BR:0cc/cc/cc/cc:5sJh,8dAh|/6s9sQs/9d/Jd:100,-100(-21.657020)
468:BR,Player:0r200c/cr600c/cc/r1800c:2cTd,6c7h|/5s9cQd/3s/6h:-2700,2700(-2700.000000)
469:Player,BR:0cc/cc/cr200f:9sKh,2h7c|/3s4s5h/7h:-100,100(-100.000000)
470:BR,Player:0cc/cr200c/cc/cc:2cKh,5c8d|/4h5hJd/Tc/2d:-300,300(-55.276279)
471:Player,BR:0cc/cc/cc/cc:6hJd,2dQh|/2h4dJs/8h/Th:100,-100(-8.676093)
472:BR,Player:0cc/cc/cc/r200f:5sJs,9sTc|/2d4c6d/2h/3c:100,-100(100.000000)
473:Player,BR:0cc/cc/cc/cc:6hKd,3dAs|/2h6d7c/4c/9c:100,-100(72.695236)
474:BR,Player:0cc/cr200c/cr600c/cr1800f:2d2c,4c9d|/4d5s8s/9c/7d:-900,900(-900.000000)
475:Player,BR:0cr200c/cc/cc/cc:9dJd,2d6c|/2s5sAd/3s/3h:-300,300(-50.313780)
476:BR,Player:0cc/cr200c/r600f:2h6h,7hJh|/5s6dTh/2s:300,-300(300.000000)
477:Player,BR:0cr200c/r600c/r1800f:8sQd,4s7h|/3sThJh/9c:900,-900(900.000000)
478:BR,Player:0r200c/cc/cc/cc:3cTs,4h4c|/2cJdQs/8h/Ad:-300,300(-275.320993)
479:Player,BR:0cc/cc/cc/cc:8hJs,4c7h|/3c4sAh/Qh/6d:-100,100(-39.437714)
480:BR,Player:0r200c/cc/cc/cr600c:6cAh,2sJs|/7h8sQd/6s/7c:900,-900(-283.085893)
481:Player,BR:0cc/cc/cr200f:7cJs,8cJc|/3c9cAh/5d:-100,100(-100.000000)
482:BR,Player:0cc/cr200c/cr600c/cc:3hKc,2cTs|/3dJsJc/7c/2h:900,-900(225.890167)
483:Player,BR:0cc/cc/cc/cc:7dTc,3d6s|/6hThTd/Js/Ac:100,-100(-62.885461)
484:BR,Player:0r200c/cr600c/cc/cc:5cTs,5hJh|/3hTdQd/7h/3d:900,-900(735.402825)
485:Player,BR:0cr200c/cc/cc/cc:8dJd,5sQd|/7hKsAs/Kc/Qs:-300,300(-153.791334)
486:BR,Player:0cc/cc/cc/cc:3sJd,TdQh|/2d7dKc/4s/9d:-100,100(-98.109579)
487:Player,BR:0cc/cc/cc/cr200c:3hJs,3d8h|/2c9dTd/Kd/Jd:-300,300(-210.477299)
488:BR,Player:0r200c/cc/cc/cr600f:6dQh,6c8s|/2h9dAs/Th/Kd:-300,300(-300.000000)
489:Player,BR:0cc/cc/cc/cc:6h8c,3sQs|/5d9sAd/8d/Qd:-100,100(-36.683481)
490:BR,Player:0r200c/cc/r600f:2dAs,5c9c|/3h6dAd/Ks:300,-300(300.000000)
491:Player,BR:0cr200c/cc/cr19700f:6s8h,9dAh|/2d8cAd/9s:-300,300(-300.000000)
492:BR,Player:0cc/cc/r200f:5sKh,3h6s|/2sQsKs/Ac:100,-100(100.000000)
493:Player,BR:0cr200c/r600c/cc/r1800f:KhKc,6sQs|/3d5h9h/2d/Jc:900,-900(900.000000)
494:BR,Player:0cc/cr200c/cr600r1800c/cc:7hTc,9hTd|/4d6c9c/7d/Ac:-2700,2700(-2609.558816)
495:Player,BR:0cc/cc/cc/cc:2cAh,7sKs|/6c7dTh/8h/Qh:-100,100(-15.338225)
496:BR,Player:0r200c/cc/cr600c/cr1800f:2d2c,8cTd|/7sJsAh/9d/As:-900,900(-900.000000)
497:Player,BR:0cc/cc/r200c/r600r1800f:6cQh,6h8c|/3d7h8h/Qs/5d:-900,900(-900.000000)
498:BR,Player:0r200c/cr600c/cr1800c/cc:QsAc,QhKc|/2s6cKh/9h/Tc:-2700,2700(-297.320335)
499:Player,BR:0cr200c/cc/cr600f:JsAc,6hKh|/4h5hKc/8s:-300,300(-300.000000)
500:BR,Player:0cc/cc/r200c/cr600f:4dQs,JdKs|/3d5dTs/Qd/Kc:-300,300(-300.000000)
RAW BR STATS: n=500, sum=-57700.000000, sum_sq=4334680000.000000, vr_sum=18358.665366, vr_sum_sq=1982470254.235500
BR STATS: -115.400000(257.887782), 36.717331(174.508088)
RESULTS
1)Player: 57700
2)BR: -57700
