In config file: GAME_DEF=game_def.fullholdem
In config file: ACTIONS_R0=C
In config file: ACTIONS_R1=C
In config file: ACTIONS_R2=F,C,1,A
In config file: ACTIONS_R3=F,C,1,A
Using seed 14.
1:BR,Player:0r100c/cc/r400c/r1200f:TsKh,4h4c|/2h7cKd/Qs/2c:600,-600(600.000000)
2:Player,BR:0cc/cc/cc/cc:6c9h,9dJh|/4s5s9s/Ks/Kd:-100,100(-47.133114)
3:BR,Player:0r100c/cc/r400c/r1200f:4hKd,5h9c|/3s6cTh/5d/2h:600,-600(600.000000)
4:Player,BR:0cr100c/r200c/cr800f:4d6d,7s8s|/3dJsKs/2s:-400,400(-400.000000)
5:BR,Player:0r100c/cr200c/cc/cc:4dQh,8dTh|/5h7cKs/Ah/7s:400,-400(30.874761)
6:Player,BR:0cr100c/cc/cr400f:QhKd,8sAd|/3s3c4s/6h:-200,200(-200.000000)
7:BR,Player:0f:TsQh,3s9d|:50,-50(50.000000)
8:Player,BR:0cr100c/r200c/r400r1600r2400f:5hJh,2d8s|/4sKcAh/3h:2400,-2400(2400.000000)
9:BR,Player:0r100c/cc/r400c/cc:JsJc,7cKd|/6s6dKh/4h/Th:-600,600(16.447237)
10:Player,BR:0cc/cc/cc/cc:4c8c,2sQs|/7s7dAh/9d/Kc:-100,100(-42.398354)
11:BR,Player:0r100c/cr200c/cc/r800f:5cKh,TcKd|/8sJcQs/7h/4d:400,-400(400.000000)
12:Player,BR:0cc/cc/cc/cc:7dKs,7sTd|/ThKhAh/Jc/Ad:100,-100(-23.172397)
13:BR,Player:0r100c/cr200c/cr400f:3cKc,5s5c|/2s4cJs/9s:-400,400(-400.000000)
14:Player,BR:0cc/cc/r100c/cc:8cJs,2h7d|/2s4hAh/3c/4s:-200,200(-8.388992)
15:BR,Player:0r100c/cc/cc/cr200c:5d8c,TsKc|/7sKhAs/3h/5s:-400,400(-196.071907)
16:Player,BR:0cr100c/cc/cr400f:8sTs,TcKc|/8dQdKd/9c:-200,200(-200.000000)
17:BR,Player:0r100c/cr200c/r800r1200f:2h3s,4c6d|/6s6hTd/9d:-1200,1200(-1200.000000)
18:Player,BR:0cc/cc/cr200f:6cKs,2dTd|/2c9cJd/2h:-100,100(-100.000000)
19:BR,Player:0f:8hTc,2c4s|:50,-50(50.000000)
20:Player,BR:0cc/cc/r100r400f:6sTd,6d8d|/3d4s7c/Ah:-200,200(-200.000000)
21:BR,Player:0r100c/cc/cr200c/cr400r1600f:TcQs,8dTh|/3h4sAc/9h/3s:800,-800(800.000000)
22:Player,BR:0cc/cc/cr200f:2dKh,QsAs|/3d4s8s/8d:-100,100(-100.000000)
23:BR,Player:0cc/cc/cc/cr100c:6sQh,2hTd|/TcKhAd/Ks/Ts:-200,200(-98.653015)
24:Player,BR:0cc/cc/r100c/r200c:8cKh,5hAd|/3c6sKc/9h/Ac:-400,400(-167.411419)
25:BR,Player:0r100c/cr200c/cc/r800f:2d7d,5h8d|/6hJhAd/4h/Ac:400,-400(400.000000)
26:Player,BR:0cr100c/r200c/r400c/cc:3s6s,7d9s|/2c4s9c/Td/4c:-800,800(-301.524446)
27:BR,Player:0r100c/cr200c/cr400r1600f:5d8c,JdAd|/5h7sKs/Tc:800,-800(800.000000)
28:Player,BR:0cc/cc/cr200f:2s6h,2c5c|/6c7hQc/Ac:-100,100(-100.000000)
29:BR,Player:0f:2cTh,2s3h|:50,-50(50.000000)
30:Player,BR:0cr19900c/cc/cc/cc:KcAh,3dAc|/9h9dQs/Js/Ts:20000,-20000(18156.414692)
31:BR,Player:0cc/cr100c/r400f:TsJd,4hQs|/3s8h8c/Tc:200,-200(200.000000)
32:Player,BR:0cc/cc/r100c/r200c:9hTs,QsAc|/4c7dJs/Kh/8h:400,-400(199.536480)
33:BR,Player:0cc/cc/cc/cc:9sAs,3s7h|/3c8sJh/6c/2d:-100,100(-4.969805)
34:Player,BR:0cc/cc/r100c/cc:9hQd,9sQs|/9cThJh/2c/Ac:0,-0(-101.716851)
35:BR,Player:0r100c/cc/cc/cc:2h6d,7dJd|/6sKcAs/4h/8s:200,-200(127.308254)
36:Player,BR:0cc/cc/cr200f:6cJc,3c7d|/2s2c5s/Th:-100,100(-100.000000)
37:BR,Player:0r100c/cc/cr200c/cc:3hJd,6h9d|/7h7dQh/2c/8d:400,-400(-129.831839)
38:Player,BR:0cr100c/r200c/cc/cc:6c9c,8dAh|/3s3cJs/9d/7c:400,-400(117.951329)
39:BR,Player:0r100c/cr200c/cr400f:5h7s,AhAd|/6s6d6c/Tc:-400,400(-400.000000)
40:Player,BR:0cc/cc/cr200f:7dQh,4hKs|/2h2c9d/4s:-100,100(-100.000000)
41:BR,Player:0cc/cc/cc/r200c:7c8d,5hJh|/4hThAh/2h/2s:-300,300(-300.000000)
42:Player,BR:0cc/cc/cr200f:6dJs,3hKh|/2c5c7s/Kd:-100,100(-100.000000)
43:BR,Player:0f:2c7h,2s8d|:50,-50(50.000000)
44:Player,BR:0cr100c/r200c/cc/cc:2h5h,9cQc|/5cThAd/Ac/3h:400,-400(154.334546)
45:BR,Player:0r100c/cr200c/r800c/cc:JcQd,6s9c|/2d7s9d/Jh/8h:1200,-1200(430.291821)
46:Player,BR:0cr100c/r200c/cr800f:4c5s,2c6d|/5hTsQh/8c:-400,400(-400.000000)
47:BR,Player:0r100c/cr200c/r800f:5dQs,2dKc|/2s4s4d/3s:400,-400(400.000000)
48:Player,BR:0cc/cc/cr200c/cr600c:9cAd,4h6h|/5h9hQc/3c/8h:-900,900(-900.000000)
49:BR,Player:0r100c/cc/r400c/cc:3hKs,6h9s|/7d9dKc/2s/Th:600,-600(573.232821)
50:Player,BR:0cc/cc/cc/cc:9cKh,6dQc|/2s2dKs/7h/9h:100,-100(-21.355629)
51:BR,Player:0r100c/cc/cr200c/cr400f:6c9d,9sTc|/2d2cTs/3s/2s:-400,400(-400.000000)
52:Player,BR:0cc/cc/cr200f:2c5s,JsKs|/3c9cKh/2s:-100,100(-100.000000)
53:BR,Player:0r100c/cc/r400f:9cKc,4c6h|/9dTsJh/4d:200,-200(200.000000)
54:Player,BR:0cc/cc/cr200c/cc:7sQc,7cTd|/4s7hJd/6d/4c:300,-300(-68.200042)
55:BR,Player:0r100c/cr200c/cr400c/cc:4cJs,6cAd|/ThTdTc/7s/5h:-800,800(-708.132511)
56:Player,BR:0cc/cc/cr200c/cc:4s6c,4d5h|/3d6sKh/Th/Td:300,-300(300.000000)
57:BR,Player:0r100c/cc/cc/cc:5cAs,4dAc|/3s6dTs/2h/6c:200,-200(117.016590)
58:Player,BR:0cc/cc/cr200f:9dKs,8cAh|/2h4c8d/7d:-100,100(-100.000000)
59:BR,Player:0r100c/cc/r400f:2cJd,TsKh|/2h8c9h/9d:200,-200(200.000000)
60:Player,BR:0cc/cc/r100f:3sKd,7d8h|/3d4hQc/3h:100,-100(100.000000)
61:BR,Player:0r100c/cc/cc/cc:QcKd,7hQd|/7d8sTd/9s/3h:-200,200(-119.383713)
62:Player,BR:0cc/cc/cr200c/cr600f:7dAh,3d5s|/5h8s8c/5c/Qc:-300,300(-300.000000)
63:BR,Player:0f:5c8c,2c8s|:50,-50(50.000000)
64:Player,BR:0cr100c/r200c/cc/cc:4h6s,5cTc|/2sThJd/Qd/Qs:-400,400(-264.555511)
65:BR,Player:0cc/cc/cr100c/cc:8dQh,3c7d|/7sTsKd/3s/9s:-200,200(-200.000000)
66:Player,BR:0cc/cc/cc/r100r400r600f:7hAd,7cKc|/3s4dQd/Jd/6d:600,-600(600.000000)
67:BR,Player:0cc/cr100c/cc/cr200f:ThTc,5h9c|/6h8dJh/4s/Ah:-200,200(-200.000000)
68:Player,BR:0cc/cc/cr200f:9hTs,5s5d|/4s7cQc/2h:-100,100(-100.000000)
69:BR,Player:0r100c/cr200c/cc/cr400c:3s7h,TdQs|/7c9hAc/6c/5h:800,-800(-375.109289)
70:Player,BR:0cr100c/cc/r200r800c/cr2400f:8sTs,QhAc|/3h5dJc/Tc/Ah:-1200,1200(-1200.000000)
71:BR,Player:0r100c/cc/cc/cc:9hQd,9cKh|/2d7dAs/Ts/5h:-200,200(-74.434541)
72:Player,BR:0cc/cc/r100c/r200c:6s8h,2sAc|/3c7s9s/3d/Tc:400,-400(199.786725)
73:BR,Player:0r100c/cr200c/cc/cc:5sAs,5dJh|/7h9hTc/6c/2c:400,-400(-154.098295)
74:Player,BR:0cr100c/r200c/r400r1600f:7d9d,5d8s|/2s6sJc/9s:-800,800(-800.000000)
75:BR,Player:0r100c/cr200c/cc/r800f:5cTc,6cJh|/QhKdAs/3c/7c:400,-400(400.000000)
76:Player,BR:0cr100c/r200c/r400f:4dKd,8sQd|/3d5d7s/Js:400,-400(400.000000)
77:BR,Player:0cc/cc/cc/cc:JhQd,QsKs|/6h6d7s/4h/5h:-100,100(-32.140553)
78:Player,BR:0cc/cc/r100r400f:5cQs,2c8d|/4h7hAd/5d:-200,200(-200.000000)
79:BR,Player:0f:2d3d,2h6d|:50,-50(50.000000)
80:Player,BR:0cc/cc/r100c/r200c:5h9s,ThKc|/2c5c9h/2d/5s:400,-400(198.764614)
81:BR,Player:0r100c/cr200c/cr400c/cc:8hTh,3sTs|/2cQsQc/3h/6c:-800,800(-693.718867)
82:Player,BR:0cr100c/r200c/cr19600f:8h8d,9d9c|/4s6dQh/9h:-400,400(-400.000000)
83:BR,Player:0cc/cc/r200f:2dJs,2hTs|/3h6hJc/6c:100,-100(100.000000)
84:Player,BR:0cc/cc/cc/cr200c:2hAd,8sJd|/4d5s5h/Qc/7d:300,-300(299.995586)
85:BR,Player:0cc/cr100c/cc/cc:JhKs,2dJs|/2s5h9s/4h/7h:-200,200(-134.646443)
86:Player,BR:0cc/cc/cr200r300c/cc:6cQd,5h9s|/3h4s5s/7c/Qs:600,-600(321.258955)
87:BR,Player:0cc/cc/r200f:6cKs,2cJh|/5s6s7h/5h:100,-100(100.000000)
88:Player,BR:0cr100c/cc/cc/r200r800f:3c6c,5c7d|/5s9dKs/9s/8h:-400,400(-400.000000)
89:BR,Player:0r100c/cr200c/cc/cc:JsJh,7dKs|/6h8h8c/As/Th:400,-400(389.751194)
90:Player,BR:0cc/cc/cr200f:3cQs,6hJc|/4s7c9c/2h:-100,100(-100.000000)
91:BR,Player:0r100c/cr200c/cc/r800c:5d7d,QsAc|/9cJsKc/3s/Qh:-1200,1200(-1200.000000)
92:Player,BR:0cr100c/r200c/r400r1600f:8hTs,TdTc|/5s8c9h/3s:-800,800(-800.000000)
93:BR,Player:0r100c/cc/r400f:6sKh,5sJc|/3c9sKd/3h:200,-200(200.000000)
94:Player,BR:0cc/cc/r100r400f:8sAc,6c7d|/4h5s9s/9d:-200,200(-200.000000)
95:BR,Player:0r100c/cr200c/cr400c/cc:4s6d,TcQd|/4d8sJh/2d/5s:800,-800(-321.225815)
96:Player,BR:0cc/cc/cc/cc:6dJs,3hKd|/8cJdAh/Qh/Jc:100,-100(-35.745624)
97:BR,Player:0cc/cc/r200c/r600c:5d6h,3dJc|/2c6d6c/Jh/5h:900,-900(900.000000)
98:Player,BR:0cr100c/r200c/cc/cr800c:9sJh,6dTh|/5dJcAc/2h/4s:1200,-1200(1200.000000)
99:BR,Player:0r100c/cc/cc/cr200f:3cJh,3s4c|/4hKsAc/Qc/4s:-200,200(-200.000000)
100:Player,BR:0cr100c/r200c/r400c/cr1600f:7s7h,2d8d|/2c3cJs/4s/4c:-800,800(-800.000000)
101:BR,Player:0r100c/cc/cc/cr200c:3dTc,7cQh|/6dQsAd/Ks/2h:-400,400(-193.780893)
102:Player,BR:0cc/cc/cr200c/cc:7h9d,6sTd|/7c8cTs/Qc/Ad:-300,300(-26.306256)
103:BR,Player:0f:3sAc,2s9c|:50,-50(50.000000)
104:Player,BR:0cc/cc/cr200r300c/r600f:6dAh,4s6s|/3h6hKs/Ac/8s:600,-600(600.000000)
105:BR,Player:0r100c/cc/r400f:4d9h,7cKh|/2s9cJh/6d:200,-200(200.000000)
106:Player,BR:0cc/cc/cr200f:2sAh,3s8s|/3c5cJs/6s:-100,100(-100.000000)
107:BR,Player:0f:8c9d,2h3s|:50,-50(50.000000)
108:Player,BR:0cc/cc/cr200c/cr600c:3c9h,KsKc|/2s9sQc/5d/9d:900,-900(-219.335225)
109:BR,Player:0r100c/cr200c/cc/cc:7dKh,3sJc|/5c9sAc/9d/Ks:400,-400(359.930424)
110:Player,BR:0cr100c/r200c/r400c/r800f:6h9h,2s2c|/7cTcJh/Kc/Kh:800,-800(800.000000)
111:BR,Player:0f:2hAh,2s8h|:50,-50(50.000000)
112:Player,BR:0cr100c/r200c/cr800f:JsKh,7dAd|/5c6dQd/3c:-400,400(-400.000000)
113:BR,Player:0r100c/cr200c/cr400r1600f:3sAc,6sJs|/5s9sQh/2h:800,-800(800.000000)
114:Player,BR:0cc/cc/cc/r100c:7cJh,9cQc|/3h7hKs/2d/4d:200,-200(99.234776)
115:BR,Player:0cc/cc/r200c/cc:4dTd,3dKd|/5s9sAc/3s/Qd:-300,300(-295.548532)
116:Player,BR:0cc/cc/cc/cr200f:9hQd,JsAh|/7d8sKd/4s/4h:-100,100(-100.000000)
117:BR,Player:0r100c/cr200c/cr400f:3dKc,2c6c|/5c8cQh/4h:-400,400(-400.000000)
118:Player,BR:0cc/cc/r100r400f:5hTc,5c8d|/4c9cQc/2d:-200,200(-200.000000)
119:BR,Player:0f:5d7c,2h5s|:50,-50(50.000000)
120:Player,BR:0cc/r100c/cr400f:9hAs,7c8s|/3h3d5s/7h:-200,200(-200.000000)
121:BR,Player:0cc/cc/cr100f:4h6s,4dKd|/8cTcKs/5s:-100,100(-100.000000)
122:Player,BR:0cr100c/r200c/cr800f:QhAc,2s4d|/6s9sTd/3d:-400,400(-400.000000)
123:BR,Player:0cc/cr100c/r400f:7sQc,4s9d|/5c7h8d/2s:200,-200(200.000000)
124:Player,BR:0cc/cc/r100c/r200f:6dKs,2dAc|/5sJsKc/Kd/9h:200,-200(200.000000)
125:BR,Player:0r100c/cr200c/cr400c/cr19200f:7dAc,JcQh|/4hTsKh/9c/2d:-800,800(-800.000000)
126:Player,BR:0cr100c/r200c/r400f:8c9c,5d7s|/2c3d9d/Th:400,-400(400.000000)
127:BR,Player:0r100c/cr200c/cr400c/cr19200f:9dQs,TsTc|/3d5s6s/3h/Td:-800,800(-800.000000)
128:Player,BR:0cc/cc/cr200f:6hJc,2d3c|/5s5h9s/3d:-100,100(-100.000000)
129:BR,Player:0r100c/cr200c/cc/cc:6cQs,3d7d|/8hAsAh/2d/5c:400,-400(-152.243069)
130:Player,BR:0cc/cc/r100c/r200c:6sQc,8cKh|/3cJsQs/Th/7d:400,-400(193.121560)
131:BR,Player:0r100c/cr200c/cr400f:2d6s,7dQh|/TsJdAs/8d:-400,400(-400.000000)
132:Player,BR:0cc/cc/cr200f:4d6h,2h4c|/8cQdKs/5d:-100,100(-100.000000)
133:BR,Player:0r100c/cr200c/r800f:3d8c,7cAs|/2c5sQd/5d:400,-400(400.000000)
134:Player,BR:0cr100c/r200c/r400f:9cTh,3cKc|/8d9dAd/5h:400,-400(400.000000)
135:BR,Player:0r100c/cr200c/r800c/r2400c:4sKh,4c5d|/5cThKc/4h/9c:3600,-3600(759.556435)
136:Player,BR:0cc/cc/r100c/r200f:9hTd,2cQh|/3d9dJd/6c/Kh:200,-200(200.000000)
137:BR,Player:0cc/cc/r200c/cr300c:9sKh,JhQd|/3d4sQc/9h/7s:-600,600(-179.355355)
138:Player,BR:0cc/cc/cr200f:9cAh,8cTs|/4h5d8h/5c:-100,100(-100.000000)
139:BR,Player:0r100c/cr200c/cc/cc:TcKh,7s8h|/5s7hJd/5c/Ad:-400,400(-16.224195)
140:Player,BR:0cc/cc/r100c/r200r800f:3cKc,8dAd|/2d4cQc/Ks/5d:-400,400(-400.000000)
141:BR,Player:0r100c/cr200c/cc/r800c:6s7c,4sTh|/2d3cTc/Ac/8s:-1200,1200(-1200.000000)
142:Player,BR:0cc/cc/cc/cc:5s8c,4hKd|/2d9sTd/Qh/Ac:-100,100(7.307698)
143:BR,Player:0r100c/cr200c/r800c/cc:9s9h,KsKc|/3c6d8d/5h/4s:-1200,1200(665.539078)
144:Player,BR:0cc/cc/cr200r300c/r600f:5cJc,5hTh|/7c9sTc/Kd/6h:600,-600(600.000000)
145:BR,Player:0r100c/cc/r400c/cr600f:3d8c,8dTd|/6dAdAc/5d/8s:-600,600(-600.000000)
146:Player,BR:0cc/cc/r100c/r200f:3s9h,2d9s|/8cJdQh/9d/Kh:200,-200(200.000000)
147:BR,Player:0r100c/cr200c/r800f:2d3c,8dTc|/4cQcAd/Qs:400,-400(400.000000)
148:Player,BR:0cc/cc/r100r400f:2h7s,7c9h|/2c9sKh/Kd:-200,200(-200.000000)
149:BR,Player:0r100c/cr200c/cr400c/cr800f:3h7d,5sKd|/3c8dKs/Jc/2s:-800,800(-800.000000)
150:Player,BR:0cr100c/cc/cr400f:5h9h,6d8s|/6h6cQd/Qh:-200,200(-200.000000)
151:BR,Player:0r100c/cr200c/r800r1200c/r4800f:KhKd,4sTs|/2s3c5d/7c/Ks:2400,-2400(2400.000000)
152:Player,BR:0cc/cc/cc/r100f:2sTd,2h6s|/9dJsQh/Ks/6d:100,-100(100.000000)
153:BR,Player:0r100c/cc/r19800c/cc:3sQh,4cJh|/4s4hQs/Qd/2s:20000,-20000(5291.660933)
154:Player,BR:0cc/cc/cr200f:4h7c,7hTh|/9dTdAs/2s:-100,100(-100.000000)
155:BR,Player:0r100c/cr200c/cc/r800f:9cJc,2s6s|/4hQsKc/Kd/3h:400,-400(400.000000)
156:Player,BR:0cc/cc/cr200f:2d8d,5cQh|/5h7dTs/Tc:-100,100(-100.000000)
157:BR,Player:0r100c/cr200c/cr400c/cr800c:8cKh,9hJd|/4hJsAs/Ah/4c:-1600,1600(-776.691218)
158:Player,BR:0cc/r100c/r200c/cr800f:5h6s,8hTc|/2s7sKh/2d/2c:-400,400(-400.000000)
159:BR,Player:0r100c/cr200c/cr400c/cr800f:6sJh,AhAd|/3c4sQd/4h/6d:-800,800(-800.000000)
160:Player,BR:0cr19900c/cc/cc/cc:5hTh,QsKh|/5sTcQh/9d/9s:-20000,20000(-16473.097093)
161:BR,Player:0r100c/cc/r400c/r19400f:9cTc,7h9d|/6s7cQc/5s/3c:600,-600(600.000000)
162:Player,BR:0cc/cc/cc/r100r400f:8sTd,2sQc|/2dTcKd/6h/Qd:-200,200(-200.000000)
163:BR,Player:0r100c/cc/r19800f:KhAc,2h2d|/4c9cKd/As:200,-200(200.000000)
164:Player,BR:0cr100c/r200c/cr800c/cc:7dAd,2cQc|/TsQsAc/4c/7s:1200,-1200(-553.159494)
165:BR,Player:0r100c/cr200c/cr400f:8cQh,7hJh|/2s3dJc/Ks:-400,400(-400.000000)
166:Player,BR:0cc/cc/r100c/r200r800f:2h8d,4sKc|/4h9cJd/7s/As:-400,400(-400.000000)
167:BR,Player:0r100c/cr200c/cr400r1600c/cc:5h9d,3hKd|/4h5cKs/Ac/6h:-2400,2400(-1991.693675)
168:Player,BR:0cr100c/r200c/cr800c/cc:5sAs,4dJh|/3c6sAh/Td/Qs:1200,-1200(1146.374355)
169:BR,Player:0r100c/cr200c/cr400f:2c3s,3h4c|/5d9hTc/Kh:-400,400(-400.000000)
170:Player,BR:0cr100c/r200c/cc/r400f:3d6d,6hAd|/9sJsKh/8d/Tc:400,-400(400.000000)
171:BR,Player:0r100c/cc/r400c/cr600f:5c8s,9dKd|/2s9cKs/4s/Th:-600,600(-600.000000)
172:Player,BR:0cc/cc/cc/cc:3d4h,3c9s|/7hTsJc/Qd/3h:0,-0(-42.639443)
173:BR,Player:0cc/cc/cr100c/cc:2hTs,9hAc|/8dThKc/Js/9d:200,-200(22.912809)
174:Player,BR:0cc/cc/cc/cc:3s9d,2h5c|/2dTcQc/Kd/As:-100,100(12.676181)
175:BR,Player:0cc/cr100c/cc/cc:JdAs,3c6c|/7s7h8h/6d/5s:-200,200(-42.462355)
176:Player,BR:0cr19900c/cc/cc/cc:KcAd,ThTd|/3s4h4c/3c/7s:-20000,20000(-16206.981662)
177:BR,Player:0r100c/cr200c/r800r1200r4800f:5h6d,9h9d|/3c5dQd/4h:2400,-2400(2400.000000)
178:Player,BR:0cc/cc/cc/r100r400r600f:4hTh,6dKs|/3h7sAh/7h/5s:600,-600(600.000000)
179:BR,Player:0cc/cr100c/cc/cc:9dQh,4h7c|/2cTcJs/3h/3s:200,-200(-9.342952)
180:Player,BR:0cr100c/r200c/r400c/cr1600c:JhJc,8cKc|/4d8sQd/5s/2h:2400,-2400(426.370930)
181:BR,Player:0cc/cc/cc/r200f:9hKh,3sTc|/6d7dAd/5h/8h:100,-100(100.000000)
182:Player,BR:0cc/cc/cr200c/cc:3sQs,4s5h|/2s9s9h/Th/2c:300,-300(300.000000)
183:BR,Player:0r100c/cr200c/cr400c/cr800f:JsQd,8d9h|/7s7hKc/5d/Qs:-800,800(-800.000000)
184:Player,BR:0cc/cc/cr19900f:8hTs,7sJc|/5hJhJd/5d:-100,100(-100.000000)
185:BR,Player:0r100c/cc/cc/cr200f:2dKc,7cTh|/3h8hQh/6h/4c:-200,200(-200.000000)
186:Player,BR:0cc/cc/cc/cr200c:6sAh,2hQh|/7hJsJd/3d/Ts:300,-300(299.999923)
187:BR,Player:0r100c/cc/cc/cr200r800f:6sQd,4s9s|/7cJdJc/6h/Kc:400,-400(400.000000)
188:Player,BR:0cc/cc/cr200f:3hTd,ThQd|/8sQsKd/5h:-100,100(-100.000000)
189:BR,Player:0r100c/cr200c/cr400c/cr800f:3d7s,2cKh|/2s7hAd/Kd/Ts:-800,800(-800.000000)
190:Player,BR:0cr100c/r200c/cr800f:8sJs,3c8h|/2cTcKh/Th:-400,400(-400.000000)
191:BR,Player:0r100c/cr200c/cr400f:4hAs,2hAh|/7dTcKs/8c:-400,400(-400.000000)
192:Player,BR:0cr100c/cc/cc/cr400f:9hJc,6dTc|/4d4cAd/5h/8h:-200,200(-200.000000)
193:BR,Player:0cc/cr100c/cr200c/cr400c:7s8c,4s9c|/5c8hTd/Ts/7h:800,-800(-381.687941)
194:Player,BR:0cc/cc/r100c/cr400f:5s7d,4dTd|/3d9sQc/Ac/Ad:-200,200(-200.000000)
195:BR,Player:0cc/cc/r200f:4sJd,3hJc|/3d4c6d/2s:100,-100(100.000000)
196:Player,BR:0cr100c/r200c/r400f:9hQc,2sJh|/4d9sTc/Kc:400,-400(400.000000)
197:BR,Player:0r100c/cr200c/cr400f:7d9h,3cJc|/JhQcAc/5c:-400,400(-400.000000)
198:Player,BR:0cr100c/cc/cr400f:TsAs,4dJc|/2d8dJd/5c:-200,200(-200.000000)
199:BR,Player:0r100c/cr200c/cr400c/cc:3c9h,5c7d|/2h3h5d/Ks/8c:-800,800(16.583983)
200:Player,BR:0cc/cc/r100c/r200f:3hAs,7hAd|/3dQsKh/2h/3c:200,-200(200.000000)
201:BR,Player:0f:5dQc,2d6h|:50,-50(50.000000)
202:Player,BR:0cc/cc/cr200c/cc:4cTc,5s9c|/6hTdAh/3d/2c:300,-300(300.000000)
203:BR,Player:0r100c/cr200c/cr400f:2hTs,4hAc|/7hJdAs/Ad:-400,400(-400.000000)
204:Player,BR:0cc/cc/cc/cr19900f:5dQh,7dAh|/2dTsQs/Kc/Jd:-100,100(-100.000000)
205:BR,Player:0r100c/cr200c/cr400c/cc:3sKc,7cQs|/AsAhAd/4s/2s:800,-800(364.246584)
206:Player,BR:0cc/cc/r100c/r200c:6sTh,2c4h|/2h5sJh/7d/4d:-400,400(-202.792342)
207:BR,Player:0r100c/cr200c/cr400c/r1600c:3dAd,4dKd|/4c8s9h/Kc/Ac:-2400,2400(842.711939)
208:Player,BR:0cc/cc/cr200f:5c7s,5h7d|/4h4dKs/Kc:-100,100(-100.000000)
209:BR,Player:0r100c/cr200c/cc/cc:2s8c,8sJh|/6s7h9h/8d/9d:-400,400(5.638174)
210:Player,BR:0cr100c/r200c/cr800c/cr2400c:2d5d,3h8h|/5s6cKs/2c/Jd:3600,-3600(3600.000000)
211:BR,Player:0r100c/cr200c/cr400c/cc:4s7h,TcQc|/3s8cKh/7c/2d:800,-800(103.693514)
212:Player,BR:0cc/cc/cc/cc:7sKd,5hAs|/8dQcKs/9h/9d:100,-100(-40.297594)
213:BR,Player:0f:JhAc,2s9h|:50,-50(50.000000)
214:Player,BR:0cc/cc/cr200r300f:8dTh,2c4d|/3s5s7s/Tc:300,-300(300.000000)
215:BR,Player:0cc/cc/r200c/cr300f:5dJs,8cTd|/4h9sJc/Ts/8h:-300,300(-300.000000)
216:Player,BR:0cc/cc/cc/cr200c:TsQc,QsKh|/6hTdAs/7s/7h:300,-300(-128.668444)
217:BR,Player:0cc/cr100c/cr200c/cr400f:TcAs,5d7h|/4h8hKs/6c/Qh:-400,400(-400.000000)
218:Player,BR:0cr100c/r200c/r400f:4c7c,6dKd|/4h9cQs/7d:400,-400(400.000000)
219:BR,Player:0r100c/cr200c/cc/r800f:2hTd,2s3s|/4sQhKh/As/Ah:400,-400(400.000000)
220:Player,BR:0cc/cc/cc/cr200f:4cTs,2sAs|/2h5sKd/8c/Jh:-100,100(-100.000000)
221:BR,Player:0f:4hTc,3s8c|:50,-50(50.000000)
222:Player,BR:0cc/cc/cr200c/cr600c:9dKc,5dKs|/2sTdKd/4c/7h:900,-900(-400.199415)
223:BR,Player:0cc/cc/cr100f:2s4c,6sKs|/8h8dAc/6c:-100,100(-100.000000)
224:Player,BR:0cc/cc/cr200f:4hTc,4d8h|/5c6dKc/Qs:-100,100(-100.000000)
225:BR,Player:0r100c/cc/cc/cc:8hAc,2h2d|/6c7s8s/5h/7d:200,-200(182.401941)
226:Player,BR:0cr100c/r200c/cr800f:8dAd,2dAh|/7c9sQh/2h:-400,400(-400.000000)
227:BR,Player:0cc/cr100c/cr200c/cr400f:9hJc,2sQh|/2hQsAc/4c/5s:-400,400(-400.000000)
228:Player,BR:0cc/r100c/cc/cc:3cAs,2h7c|/2s3dJc/Kc/Ad:200,-200(1.992749)
229:BR,Player:0r100c/cr200c/r800f:ThKd,6d9c|/4s6hTs/3s:400,-400(400.000000)
230:Player,BR:0cr100c/cc/cr400c/cc:QhKd,3c5c|/2c9cQc/8s/6c:-600,600(-123.337410)
231:BR,Player:0r100c/cr200c/cr400c/cc:8sAh,6hAs|/3s4c7d/Td/2h:800,-800(-52.496163)
232:Player,BR:0cc/cc/r100c/r200f:2d5s,4sQh|/3sQsAh/3d/Jd:200,-200(200.000000)
233:BR,Player:0f:7sJh,3h9c|:50,-50(50.000000)
234:Player,BR:0cc/cc/cr200f:2d6h,8h9d|/2s8sQs/7h:-100,100(-100.000000)
235:BR,Player:0r100c/cc/cr200c/cc:6hTd,9dJs|/8cKcAs/6c/8h:400,-400(-3.349493)
236:Player,BR:0cr19900c/cc/cc/cc:5d7h,8sJh|/5s5cAh/2h/Js:20000,-20000(6112.679640)
237:BR,Player:0f:7cAs,2h5s|:50,-50(50.000000)
238:Player,BR:0cc/cc/cc/cc:3sQh,4cAh|/5c7hJc/Td/4d:-100,100(-42.203087)
239:BR,Player:0f:KcAc,2c8h|:50,-50(50.000000)
240:Player,BR:0cc/cc/cc/r100f:3s9s,6dQh|/2hKdAd/4h/4c:100,-100(100.000000)
241:BR,Player:0f:8hAs,2d3c|:50,-50(50.000000)
242:Player,BR:0cr100c/r200c/cc/cr800f:7d8h,QsQh|/5h6sAs/5d/Th:-400,400(-400.000000)
243:BR,Player:0cc/cc/r200c/cr300f:3h6h,4c7s|/5c8sAh/8d/3c:-300,300(-300.000000)
244:Player,BR:0cc/cc/cr200f:3s9h,9s9d|/5c6hTs/8c:-100,100(-100.000000)
245:BR,Player:0f:7c9c,2h6c|:50,-50(50.000000)
246:Player,BR:0cc/cc/cc/r100f:3d8h,3hAh|/8dKdAd/9d/Ks:100,-100(100.000000)
247:BR,Player:0cc/cc/r200f:KhKd,5c6d|/2hTsQc/9d:100,-100(100.000000)
248:Player,BR:0cr100c/cc/cc/r200f:8d8c,4sTd|/2d2c7c/9h/Kd:200,-200(200.000000)
249:BR,Player:0cc/cr100c/cr200r800f:8hAh,4c8s|/2h5d7h/Jc:400,-400(400.000000)
250:Player,BR:0cr19900c/cc/cc/cc:KcAd,TsJh|/3d9hTc/Qd/9c:-20000,20000(-14969.900147)
251:BR,Player:0r100c/cr200c/r800f:5cAs,3c4c|/4sTsQc/Ks:400,-400(400.000000)
252:Player,BR:0cc/cc/cr200f:2h6d,2dAs|/7c8hAc/Kc:-100,100(-100.000000)
253:BR,Player:0r100c/cr200c/cc/cr400f:8dQh,6sAh|/3cThTd/6d/6c:-400,400(-400.000000)
254:Player,BR:0cc/cc/cr200f:6dKc,9cAs|/5c9dJh/2c:-100,100(-100.000000)
255:BR,Player:0r100c/cc/r400f:3d4s,2hTh|/2s6sQs/5c:200,-200(200.000000)
256:Player,BR:0cc/cc/r100r19800f:5hKc,3d4d|/2d5s7d/9d:-200,200(-200.000000)
257:BR,Player:0f:5hAs,2h3s|:50,-50(50.000000)
258:Player,BR:0cc/r100c/cc/cc:4c9h,2sAh|/4s9cQh/9d/6c:200,-200(-17.091306)
259:BR,Player:0cc/cr100c/cr200f:8cTc,6s8h|/2s5cJs/4s:-200,200(-200.000000)
260:Player,BR:0cc/cc/cr200f:3cKh,5cJc|/5h8cTh/Ts:-100,100(-100.000000)
261:BR,Player:0r100c/cr200c/cc/cc:6hKs,4c7s|/9d9cTs/Ah/8d:400,-400(-48.151055)
262:Player,BR:0cc/cc/cc/r100f:5sKh,8sJc|/3h3c6d/6c/2d:100,-100(100.000000)
263:BR,Player:0r100c/cr200c/cr400c/cr800c:3d6d,7cTh|/3cTsQs/5c/7d:-1600,1600(-785.347572)
264:Player,BR:0cc/cc/cr200c/cc:8sJc,2sTc|/3c5sKd/8c/3s:300,-300(300.000000)
265:BR,Player:0f:9sJs,3h8d|:50,-50(50.000000)
266:Player,BR:0cr100c/r200c/r400r1600f:5c6c,8sTs|/2d3sKs/Qh:-800,800(-800.000000)
267:BR,Player:0r100c/cr200c/cc/cr400c:7hQc,TsAh|/2hThKs/7s/4c:-800,800(-378.491677)
268:Player,BR:0cr100c/r200c/r400c/cc:6c8c,9sQc|/2cThTd/7h/Ac:-800,800(256.518957)
269:BR,Player:0cc/cr100c/cc/cr200f:3c8s,2hJc|/2dQcAd/9h/2c:-200,200(-200.000000)
270:Player,BR:0cr100c/r200c/cc/cr800f:5c6d,3c6c|/2d3h9c/2h/Ts:-400,400(-400.000000)
271:BR,Player:0r100c/cr200c/r800f:6s7c,9hKs|/5s5dTd/Ah:400,-400(400.000000)
272:Player,BR:0cc/cc/r100r400f:2s9d,QsQh|/2d4d8s/8h:-200,200(-200.000000)
273:BR,Player:0r100c/cr200c/cr400f:6d7s,5h9h|/5s5cJs/Ah:-400,400(-400.000000)
274:Player,BR:0cc/cc/r100r400f:2sTc,3c7d|/4s5c6c/Kc:-200,200(-200.000000)
275:BR,Player:0r100c/cr200c/cr400f:2cAs,8c9d|/3h6h7d/Kh:-400,400(-400.000000)
276:Player,BR:0cc/cc/cr19900f:4d6c,8cTs|/7c9sQd/Jc:-100,100(-100.000000)
277:BR,Player:0r100c/cc/cc/cc:5dQs,6hJc|/KcAhAc/Ts/8s:200,-200(103.958193)
278:Player,BR:0cc/cc/r100c/cr400f:4c8h,3s5d|/2d3c7c/Kh/7s:-200,200(-200.000000)
279:BR,Player:0r100c/cr200c/cc/cr400c:9sJs,JcKc|/JhKhAh/7d/Tc:-800,800(-383.149709)
280:Player,BR:0cc/cc/r100r400c/cc:5dQd,8dTd|/2h8hQc/Ts/2d:600,-600(428.496986)
281:BR,Player:0r100c/cr200c/cc/r800f:6cQc,4dQh|/2h7c8h/4h/9s:400,-400(400.000000)
282:Player,BR:0cc/cc/cr200c/cr600c:TcJh,KhAh|/2d8sQc/8c/As:-900,900(-826.416206)
283:BR,Player:0r100c/cc/r400c/cr600c:TcJs,7s8d|/3s3c8c/6d/3h:-1200,1200(-568.515413)
284:Player,BR:0cr100c/r200c/r400f:ThAs,2c3c|/7h7c8h/Ad:400,-400(400.000000)
285:BR,Player:0r100c/cr200c/r800c/cr1200c:6dKc,9sTc|/4s5h8h/7d/8s:2400,-2400(261.166475)
286:Player,BR:0cc/cc/r100c/r200r800r1200f:6d9s,6cQh|/6s7dKh/9c/6h:1200,-1200(1200.000000)
287:BR,Player:0r100c/cr200c/r19600f:5s6s,3cKh|/3d4s7h/Ad:400,-400(400.000000)
288:Player,BR:0cc/cc/cr200c/cc:2h3c,4s7s|/3h3dTd/8s/6h:300,-300(300.000000)
289:BR,Player:0cc/cc/r200r300f:3d9s,4c7s|/5c6cTd/Ad:-300,300(-300.000000)
290:Player,BR:0cc/cc/cc/cr200r300c:3c5d,2hTh|/2d7dAd/4h/Tc:600,-600(-60.030482)
291:BR,Player:0r100c/cr200c/r19600f:TcJc,7cQh|/8h9dKc/Qd:400,-400(400.000000)
292:Player,BR:0cr19900c/cc/cc/cc:KdAc,7cQs|/5d9s9c/5h/3c:20000,-20000(12235.605295)
293:BR,Player:0f:2dTc,3h7d|:50,-50(50.000000)
294:Player,BR:0cc/cc/cr200c/cr600f:2h3c,3s5d|/2s4c8h/Td/6s:-300,300(-300.000000)
295:BR,Player:0cc/cc/r200f:2cTh,4s6s|/5c9h9c/Tc:100,-100(100.000000)
296:Player,BR:0cr100c/r200c/cc/cc:TsAh,9sQc|/3s4cKs/8c/8s:400,-400(311.902130)
297:BR,Player:0r100c/cr200c/cc/r800c:3h4d,9sTc|/9cTsAh/Qd/Qh:-1200,1200(-1200.000000)
298:Player,BR:0cr100c/r200c/cr800f:3cKc,7s8s|/2d3h4d/5d:-400,400(-400.000000)
299:BR,Player:0r100c/cr200c/r800f:8cTc,5c6s|/4d7sTs/9d:400,-400(400.000000)
300:Player,BR:0cc/cc/cr200f:2dJs,7d9h|/7h8hTd/8s:-100,100(-100.000000)
301:BR,Player:0cc/cr100c/cr200c/cc:2h6s,5c7h|/TcJcAc/6h/Js:400,-400(-67.551098)
302:Player,BR:0cc/cc/cc/cc:2h7h,6cJs|/QcKcAs/Qs/9h:-100,100(-31.200856)
303:BR,Player:0r100c/cc/cc/cc:4d8c,5s9h|/3dJcKd/3h/2c:-200,200(-184.866518)
304:Player,BR:0cc/cc/cc/cc:6cQh,6dJd|/TcJhQs/Ts/9h:100,-100(-35.025814)
305:BR,Player:0cc/cr100c/cc/cr200c:KsAd,5sTd|/7d7c9c/8h/Js:-400,400(-184.345136)
306:Player,BR:0cc/cc/cc/r100c:2dTs,9cQc|/6cThKd/3h/9s:200,-200(-22.135710)
307:BR,Player:0r100c/cc/r400c/cc:3dAs,9hQc|/8sQdAc/5s/4s:600,-600(536.087200)
308:Player,BR:0cr100c/cc/r200f:8sKc,2c5s|/6h7sQh/9s:200,-200(200.000000)
309:BR,Player:0cc/cc/cc/r200f:2d4s,4c7c|/6d9cKc/8d/Qd:100,-100(100.000000)
310:Player,BR:0cr100c/r200c/cc/cr800f:6s8d,5s5c|/8sThQc/Kh/Jh:-400,400(-400.000000)
311:BR,Player:0r100c/cr200c/cr400f:5hJs,8dJh|/2d6cQd/8s:-400,400(-400.000000)
312:Player,BR:0cr100c/r200c/cc/r400r1600f:7dAd,6d7c|/4cQsQc/7h/As:-800,800(-800.000000)
313:BR,Player:0r100c/cc/cc/r400f:4s8d,6dKh|/2h2c7c/Qs/5h:200,-200(200.000000)
314:Player,BR:0cr100c/r200c/cr800c/cc:QhQd,3c5h|/5d5c9d/9c/6d:-1200,1200(-446.370778)
315:BR,Player:0cc/cc/r200f:7hJc,8sKd|/2h3h5d/Qh:100,-100(100.000000)
316:Player,BR:0cc/cc/cc/cc:5dAc,7cKh|/TdQsQd/Ts/Qc:0,-0(0.890654)
317:BR,Player:0r100c/cr200c/r800c/cr1200f:6sJh,TdJs|/5d9hTs/Jd/Ad:-1200,1200(-1200.000000)
318:Player,BR:0cc/cc/cc/cc:4sQs,2sQd|/8s8cTc/Td/Ks:0,-0(34.174706)
319:BR,Player:0r100c/cr200c/r800r1200c/cc:6sKs,4dJc|/5h6dJd/Js/7h:-2400,2400(-1238.098877)
320:Player,BR:0cc/cc/r100c/cr400r600f:3s4h,6dKs|/5c8cKh/Ah/3h:600,-600(600.000000)
321:BR,Player:0r100c/cr200c/r800f:8cKd,3s5s|/6sKcAh/8d:400,-400(400.000000)
322:Player,BR:0cc/cc/r100c/cr400f:8sAh,7hQs|/3s7cKd/3c/4h:-200,200(-200.000000)
323:BR,Player:0r100c/cr200c/r800f:JcKh,TdAc|/6h8sJs/9h:400,-400(400.000000)
324:Player,BR:0cr100c/r200c/cr800c/cr18800f:5sQs,9cKd|/8c9sKc/Qd/9d:-1200,1200(-1200.000000)
325:BR,Player:0r100c/cr200c/cr400f:5s8c,2s9s|/QhQcKs/4s:-400,400(-400.000000)
326:Player,BR:0cc/cc/cr200f:7sJh,QcKd|/2d4d8c/Qd:-100,100(-100.000000)
327:BR,Player:0r100c/cr200c/cr400f:6c7d,3cJc|/2d5c9d/As:-400,400(-400.000000)
328:Player,BR:0cr100c/r200c/cr800f:JcAs,2dQh|/8s8cKc/7h:-400,400(-400.000000)
329:BR,Player:0r100c/cr200c/r800f:TsAh,6s6h|/2sKhAs/Qh:400,-400(400.000000)
330:Player,BR:0cc/cc/cc/cr200f:6sTd,3cAh|/4c5h8h/Qc/4d:-100,100(-100.000000)
331:BR,Player:0r100c/cr200c/cr400c/cc:2d9c,7h9s|/2s7sQd/3d/6h:-800,800(-256.811573)
332:Player,BR:0cr100c/cc/r200r800f:7d8d,3s9d|/3d3c4s/Kd:-400,400(-400.000000)
333:BR,Player:0r100c/cr200c/cr400c/cc:7c8s,9cAc|/7sThJc/Qh/Qc:800,-800(118.998820)
334:Player,BR:0cr100c/r200c/r400c/cc:5h6h,TsAh|/3c8c9c/7s/Tc:800,-800(472.392554)
335:BR,Player:0cc/cc/r19900f:9hKc,3hTd|/4h9cQs/9d:100,-100(100.000000)
336:Player,BR:0cr100c/r200c/cr800c/cr2400r16400f:JsJh,3s4s|/5c7hJd/7d/2h:3600,-3600(3600.000000)
337:BR,Player:0r100c/cr200c/cr400c/cr800f:4dTs,8dJh|/4s8cAh/6c/Jc:-800,800(-800.000000)
338:Player,BR:0cr100c/r200c/r400c/r800f:JsAs,2hJc|/8sKsKh/Ac/9h:800,-800(800.000000)
339:BR,Player:0r100c/cr200c/cc/r800f:5hAc,3h4d|/2hJdQd/Jh/As:400,-400(400.000000)
340:Player,BR:0cc/cc/cc/cc:5hQc,2d7s|/2c8hAd/Th/4d:-100,100(-32.601036)
341:BR,Player:0r100c/cr200c/r800c/r18800f:KdAh,5h6d|/2h3cTh/6h/9h:1200,-1200(1200.000000)
342:Player,BR:0cr19900c/cc/cc/cc:2dJs,KdAc|/2c7dKh/Jc/Th:20000,-20000(-8125.402215)
343:BR,Player:0r100c/cc/r400f:5dJh,6sJd|/3s8hQh/4s:200,-200(200.000000)
344:Player,BR:0cc/cc/r100f:3c9s,4c5d|/8c9hQd/3s:100,-100(100.000000)
345:BR,Player:0r100c/cr200c/cr400c/cr800f:2hJs,TdKc|/3sJhQh/9s/3h:-800,800(-800.000000)
346:Player,BR:0cc/cc/cr200c/cr600c:5dKc,AhAd|/2h6s9d/9h/Qh:-900,900(-803.205760)
347:BR,Player:0r100c/cr200c/r800f:7s9d,3sAh|/4s6dQh/9h:400,-400(400.000000)
348:Player,BR:0cc/cc/cc/r100r400c:3dTh,4sAs|/2c5hTd/Qc/Qh:600,-600(600.000000)
349:BR,Player:0r100c/cr200c/r19600f:7c8c,5hAh|/3c8s8h/8d:400,-400(400.000000)
350:Player,BR:0cc/cc/cr200r300c/r600r2400f:9dQh,7cKc|/7sTsJc/6d/Ad:-1200,1200(-1200.000000)
351:BR,Player:0r100c/cr200c/cc/cc:7d7c,8dJd|/8hQdKh/Qs/Ts:-400,400(69.150667)
352:Player,BR:0cc/cc/r100r400c/cr19400c:8sKd,QcKh|/TdJcKc/8h/As:-20000,20000(-2581.200640)
353:BR,Player:0r100c/cr200c/r800f:3c9h,JsKs|/6h8c9d/4d:400,-400(400.000000)
354:Player,BR:0cr100c/r200c/cr800c/cc:6cKc,8sKd|/2c3c9c/Td/5h:1200,-1200(1194.538142)
355:BR,Player:0r100c/cc/r400f:3h6c,6hKd|/4hJdAs/8c:200,-200(200.000000)
356:Player,BR:0cc/cc/cr200c/cr600c:2h3c,5sQc|/3s5cAd/Qh/4h:900,-900(-256.262319)
357:BR,Player:0cc/cr100c/cc/cr19800f:8d9s,3cJd|/3dTcAh/Qs/Kd:-200,200(-200.000000)
358:Player,BR:0cr100c/r200c/cr800f:4h4c,3d7c|/2s9dKd/8h:-400,400(-400.000000)
359:BR,Player:0r100c/cr200c/cr400c/cr800c:4dKc,3d4h|/6c9hKh/9c/9d:1600,-1600(-572.597072)
360:Player,BR:0cc/cc/r100r400c/cr1200c:2d4c,4s7d|/3s5s6s/Kd/Tc:-1800,1800(-1792.994522)
361:BR,Player:0cc/cc/r200c/cr300f:4c6s,6dKd|/5dKhAc/8s/Ks:-300,300(-300.000000)
362:Player,BR:0cc/cc/cr200f:3hKc,2c7h|/4s8sJc/8c:-100,100(-100.000000)
363:BR,Player:0f:9sJd,3d8s|:50,-50(50.000000)
364:Player,BR:0cr100c/r200c/cr800c/cc:6s6h,7hTh|/JdAsAh/8h/Td:-1200,1200(631.212434)
365:BR,Player:0cc/cc/cc/cr100f:6s6h,3h4h|/4s5dQh/Th/Jh:-100,100(-100.000000)
366:Player,BR:0cc/cc/cr200f:6sJc,2d4d|/4s8dQh/3d:-100,100(-100.000000)
367:BR,Player:0r100c/cc/r400c/cr600c:8sKh,7cTs|/3s8c9s/Qs/9c:1200,-1200(-566.793009)
368:Player,BR:0cr100c/r200c/cc/r400f:5c6s,8sAc|/3s5sKd/7h/4h:400,-400(400.000000)
369:BR,Player:0cc/cr100c/cc/cc:QsKs,2cTd|/2s5c7c/5h/8h:-200,200(56.355836)
370:Player,BR:0cc/cc/cc/cc:3dJh,JcQh|/4s8hAd/7h/7d:-100,100(-20.355424)
371:BR,Player:0r100c/cr200c/cc/cc:8hJs,7sAh|/2d4sKh/Tc/2h:-400,400(-110.927622)
372:Player,BR:0cc/cc/cc/r100c:4h9c,QhKh|/5s6c8d/Td/5c:-200,200(93.666741)
373:BR,Player:0r100c/cr200c/cr400c/cr800f:7dKc,7cTs|/2c6d9h/5d/Jh:-800,800(-800.000000)
374:Player,BR:0cr100c/r200c/cr800r1200f:JdKs,8cKd|/3c7dTs/Ah:1200,-1200(1200.000000)
375:BR,Player:0r100c/cc/r400c/cc:4s5h,4h8h|/4c7hKh/7s/5c:600,-600(168.567824)
376:Player,BR:0cr19900c/cc/cc/cc:5d9h,5sKd|/5c8h9d/Ts/Ad:20000,-20000(12667.909325)
377:BR,Player:0r100c/cr200c/r800r1200f:TcQh,3dTd|/4d8dJs/5s:-1200,1200(-1200.000000)
378:Player,BR:0cc/cc/cc/cc:3h9s,TdJc|/4c7cKh/4d/Ac:-100,100(9.425371)
379:BR,Player:0r100c/cr200c/cr400f:2c3h,6s7c|/9dKcAc/8d:-400,400(-400.000000)
380:Player,BR:0cc/cc/cr200f:2h6c,ThAc|/7s9s9c/8s:-100,100(-100.000000)
381:BR,Player:0r100c/cc/cc/cc:2h3d,9s9d|/8hQsKh/5s/Th:-200,200(-199.999985)
382:Player,BR:0cr100c/r200c/cr800f:5c6d,7s8c|/6sThJd/Ts:-400,400(-400.000000)
383:BR,Player:0r100c/cc/cr200f:2h8d,7hKs|/7dQdKh/5h:-200,200(-200.000000)
384:Player,BR:0cr100c/r200c/cr800f:2s2d,9hKd|/3dKcAs/Tc:-400,400(-400.000000)
385:BR,Player:0r100c/cr200c/r800c/cr18800f:3c5s,TsTd|/ThJcQh/Ac/Ad:-1200,1200(-1200.000000)
386:Player,BR:0cr100c/r200c/cr800f:2hAh,7c8s|/2cTcJc/6s:-400,400(-400.000000)
387:BR,Player:0r100c/cr200c/cr400c/r1600f:3s9h,JdAc|/8h9cTd/Kh/9s:800,-800(800.000000)
388:Player,BR:0cr100c/r200c/cr800f:6s8h,6d7h|/7cKcAs/7d:-400,400(-400.000000)
389:BR,Player:0r100c/cc/cc/cr200f:7s7d,3c6c|/5h9dTh/Kd/2c:-200,200(-200.000000)
390:Player,BR:0cc/cc/cr200c/cr600f:4dKs,2dAs|/9sQsAh/Js/7d:-300,300(-300.000000)
391:BR,Player:0r100c/cc/r400f:4dJs,8dQc|/2s9hKs/6h:200,-200(200.000000)
392:Player,BR:0cc/cc/cr200c/cc:2sJd,8hKs|/4h8dAd/Js/9h:300,-300(21.927656)
393:BR,Player:0r100c/cr200c/cr400r1600r17600f:7dKs,4dTc|/4c6sJh/Ts:-2400,2400(-2400.000000)
394:Player,BR:0cr100c/r200c/r400r1600f:2hAh,8dKs|/7sKhKc/Jh:-800,800(-800.000000)
395:BR,Player:0r100c/cr200c/r800f:5s6h,9sQd|/4d7s7d/7c:400,-400(400.000000)
396:Player,BR:0cc/cc/r100f:7hKd,9sTh|/4s5dKh/3d:100,-100(100.000000)
397:BR,Player:0r100c/cc/r400f:5d9h,4dQc|/4c6h7h/Ac:200,-200(200.000000)
398:Player,BR:0cc/cc/cc/r100f:4d6h,5s8c|/9sJcKd/3s/9h:100,-100(100.000000)
399:BR,Player:0r100c/cr200c/r19600c/cc:2sQs,KsAs|/4s7s8s/2c/Td:-20000,20000(12722.724201)
400:Player,BR:0cc/cc/cc/cc:6cQh,3dJc|/7s8sQs/7c/8d:100,-100(50.380994)
401:BR,Player:0r100c/cr200c/cc/r800c:2dKs,3h9h|/7cThJs/8c/Qc:-1200,1200(-1200.000000)
402:Player,BR:0cc/r100c/r200c/cc:2c8d,3h3c|/2h6h6c/Ks/4h:-400,400(-152.956765)
403:BR,Player:0r100c/cc/cc/r400f:2c8d,3hJh|/2s6c9h/Ks/2h:200,-200(200.000000)
404:Player,BR:0cc/cc/r100r400f:5sTs,ThQd|/8c9dQc/7s:-200,200(-200.000000)
405:BR,Player:0cc/cc/r200c/r19700f:7sQd,9cJd|/9hThQh/Ts/Qc:300,-300(300.000000)
406:Player,BR:0cc/cc/cr200f:2c9s,2d8c|/5h7sJh/7h:-100,100(-100.000000)
407:BR,Player:0cc/cr100c/r400f:JdQh,2hKd|/4s9dJh/7d:200,-200(200.000000)
408:Player,BR:0cr100c/r200c/r400f:5c9c,2d6c|/4c5hQd/Ks:400,-400(400.000000)
409:BR,Player:0cc/cr100c/cc/cc:3s5d,JsKh|/5c6c8h/2c/Ac:200,-200(61.726472)
410:Player,BR:0cc/cc/cr200f:2c3d,JcQc|/7c9hJs/As:-100,100(-100.000000)
411:BR,Player:0cc/cr100c/r19800f:8d9s,8hAd|/9h9dQh/8s:200,-200(200.000000)
412:Player,BR:0cc/cc/cr200c/r300r1200f:3d7s,4hJd|/3h5h9h/8d/Ah:-600,600(-600.000000)
413:BR,Player:0r100c/cc/r400c/cr600f:6d6c,JcAc|/3h5s8h/As/Td:-600,600(-600.000000)
414:Player,BR:0cr100c/r200c/r400c/r800r3200f:6hTh,5d5c|/2d4c8h/9h/5s:-1600,1600(-1600.000000)
415:BR,Player:0r100c/cc/cc/cc:9hAs,5d6s|/6d7sJs/Ks/9c:200,-200(193.451219)
416:Player,BR:0cc/cc/cr200f:6sTd,7s8c|/4h5dAh/Ks:-100,100(-100.000000)
417:BR,Player:0cc/cc/r200c/r600c:7hAc,2c5h|/3s5d6c/4c/3d:900,-900(685.841959)
418:Player,BR:0cc/cc/r100c/r200c:3cQc,9cAs|/2h4cAc/3s/8c:400,-400(142.994566)
419:BR,Player:0r100c/cr200c/cr400c/cr800c:2cJd,8dQd|/7h9dJh/Ts/Kc:-1600,1600(-797.980326)
420:Player,BR:0cc/cc/r100r400c/cr1200r1800f:4cTs,2sJc|/4h9hTh/8s/Tc:1800,-1800(1800.000000)
421:BR,Player:0r100c/cc/cc/cr200c:3cQc,9h9c|/5c7dKs/3s/Js:-400,400(-179.008340)
422:Player,BR:0cc/cc/cr200c/cr600f:2c6c,4hKc|/2d9sKh/Ad/Ks:-300,300(-300.000000)
423:BR,Player:0r100c/cr200c/cr400r1600c/cc:3s7s,2s5s|/8sTdAs/Jc/5c:-2400,2400(-2400.000000)
424:Player,BR:0cc/cc/cr200c/cr600c:4hKs,JhAh|/2c5dJs/3s/8d:-900,900(-379.370963)
425:BR,Player:0r100c/cr200c/cc/cc:4c9h,5h9s|/3c9dJs/Ac/2h:-400,400(335.983815)
426:Player,BR:0cc/cc/cr200f:3hQs,2c5d|/4d7h9c/Jh:-100,100(-100.000000)
427:BR,Player:0cc/cr100c/r400f:7hAh,4dJd|/7d9hTh/5c:200,-200(200.000000)
428:Player,BR:0cc/cc/cr200c/cc:7cTd,5s7h|/TsJhAc/3c/9h:300,-300(296.820589)
429:BR,Player:0r100c/cc/r400f:9dQc,5hJc|/2sThQd/8s:200,-200(200.000000)
430:Player,BR:0cc/cc/cc/cc:2d7s,3hQc|/6dQdKs/6c/Kc:-100,100(-67.740772)
431:BR,Player:0cc/cc/cc/cc:TsKd,2hQd|/7d7c9c/3c/4d:100,-100(34.028708)
432:Player,BR:0cr100c/r200c/cc/r400f:7h9s,4d7s|/7c9hJd/Kc/8c:400,-400(400.000000)
433:BR,Player:0f:TdQs,2c6d|:50,-50(50.000000)
434:Player,BR:0cc/cc/cc/r100r400c:4c9s,3sQs|/6h9hKc/Kh/7c:600,-600(600.000000)
435:BR,Player:0r100c/cr200c/cc/cc:5d6c,7s8s|/7h9h9c/Kc/Kd:-400,400(-316.327832)
436:Player,BR:0cc/cc/cr200c/cc:7dKs,4sTc|/4h5c9s/9h/Jh:-300,300(-128.033054)
437:BR,Player:0cc/cr100c/cc/r400f:2hKh,7dTd|/5s6d7c/9c/3d:200,-200(200.000000)
438:Player,BR:0cc/cc/cr200f:2sTc,7hQs|/6d9cQd/4c:-100,100(-100.000000)
439:BR,Player:0r100c/cr200c/cr400f:3dTs,5sJs|/4d5dJh/Qh:-400,400(-400.000000)
440:Player,BR:0cc/cc/cr200f:7hJd,6h6d|/2c9cQs/9d:-100,100(-100.000000)
441:BR,Player:0r100c/cr200c/cc/r800f:9sKh,7dQc|/8dJhKc/Ad/9d:400,-400(400.000000)
442:Player,BR:0cr100c/r200c/cr800f:6dAd,4h5c|/TsThJc/Ks:-400,400(-400.000000)
443:BR,Player:0r100c/cr200c/cr400c/cr19200f:8s9h,TcAc|/2h5dKd/8d/Ks:-800,800(-800.000000)
444:Player,BR:0cc/cc/cr200r300c/cc:7sAh,JcKc|/5h9hQc/7d/3h:600,-600(392.641168)
445:BR,Player:0r100c/cr200c/r19600f:7c9h,2sKc|/2c5s8d/6d:400,-400(400.000000)
446:Player,BR:0cr100c/r200c/cr800f:ThJc,6h9d|/3s6d8c/8h:-400,400(-400.000000)
447:BR,Player:0r100c/cr200c/cc/cc:9dJs,JdAh|/4s6cQs/3c/2c:-400,400(-244.962867)
448:Player,BR:0cr100c/cc/cr400c/cc:QhKd,3dJd|/5h6d6c/4c/Kh:600,-600(600.000000)
449:BR,Player:0r100c/cr200c/cr400c/cr800f:6dTh,TsQc|/9cTdQs/4d/8h:-800,800(-800.000000)
450:Player,BR:0cc/cc/cr200f:7hJd,3d4s|/6s9cAh/9s:-100,100(-100.000000)
451:BR,Player:0r100c/cr200c/r800r1200r4800f:4s7h,6dJd|/4d7cTd/Kh:2400,-2400(2400.000000)
452:Player,BR:0cc/cc/r100c/cr400f:5h7s,TcJs|/6c9cAs/Jc/Ts:-200,200(-200.000000)
453:BR,Player:0cc/cc/r200r300c/cc:3cJs,9dJc|/4hJdAh/Td/5h:-600,600(-29.238249)
454:Player,BR:0cc/r100c/cr400f:2dJc,4sAs|/4d5cAc/9d:-200,200(-200.000000)
455:BR,Player:0cc/cc/r200f:6d9d,4cAh|/6h8sQd/3s:100,-100(100.000000)
456:Player,BR:0cr100c/r200c/r400c/r800f:6dKd,7dAh|/7h8c9d/4h/5c:800,-800(800.000000)
457:BR,Player:0r100c/cr200c/cr400r1600f:6cQs,2dAc|/4c7d8d/3c:800,-800(800.000000)
458:Player,BR:0cr100c/cc/r200c/cr800c:7s8s,7h9c|/5h7cKc/4c/Qs:-1200,1200(192.545275)
459:BR,Player:0cc/cc/cc/cr100f:8dTc,2dKd|/3h6s6d/Qd/4d:-100,100(-100.000000)
460:Player,BR:0cc/cc/cr200f:8dKh,7dKc|/3d6cQd/Td:-100,100(-100.000000)
461:BR,Player:0r100c/cr200c/cr400c/cr800c:6hQd,7c9h|/7hJdQs/7d/5c:-1600,1600(-577.882448)
462:Player,BR:0cc/cc/cr200c/cc:4cQc,3s4s|/5dThQh/2c/Qd:300,-300(298.975341)
463:BR,Player:0r100c/cr200c/cc/cc:3d6s,6c7h|/ThAsAh/6d/7d:-400,400(229.711650)
464:Player,BR:0cr100c/r200c/cr800f:5s7s,4hJd|/3s8c9h/2c:-400,400(-400.000000)
465:BR,Player:0r100c/cr200c/cc/cc:7cQs,5s6d|/9sKsAc/3d/4s:400,-400(65.863670)
466:Player,BR:0cr100c/r200c/r400f:8hTc,2dQc|/7h8sKh/Th:400,-400(400.000000)
467:BR,Player:0r100c/cc/cc/cc:3d8d,QsKc|/3s5h6h/Jd/4c:200,-200(71.187438)
468:Player,BR:0cc/cc/cr200c/cc:TsAd,4hQd|/6c7c9s/3s/Kc:300,-300(295.578584)
469:BR,Player:0r100c/cr200c/r800f:4h8h,9cKc|/2h2d3h/8c:400,-400(400.000000)
470:Player,BR:0cr100c/r200c/r400r1600f:2h3h,4cQc|/2c6h7c/8h:-800,800(-800.000000)
471:BR,Player:0cc/cr100c/r400c/r1200f:8sTc,9cJd|/7cTsTh/5s/5d:600,-600(600.000000)
472:Player,BR:0cc/cc/r100f:TdJc,2s6s|/8c9cTh/9d:100,-100(100.000000)
473:BR,Player:0r100c/cr200c/cr400c/cr800c:5c6d,4cAd|/2h5hTh/3d/6s:-1600,1600(-594.678451)
474:Player,BR:0cr100c/r200c/r400r1600c/cr4800f:QhKd,5h8c|/3d5d8d/Ac/7s:-2400,2400(-2400.000000)
475:BR,Player:0r100c/cr200c/cc/r19600f:7hTd,3d7d|/6d7sQc/8s/9d:400,-400(400.000000)
476:Player,BR:0cr100c/r200c/cr800f:2c4c,3c8d|/6sJdQc/Ad:-400,400(-400.000000)
477:BR,Player:0r100c/cc/r400c/r1200f:8sKd,7dTs|/5d7sKc/6s/9d:600,-600(600.000000)
478:Player,BR:0cc/cc/cr200c/cc:9cTs,2sAs|/2c3d8c/Qh/6s:-300,300(89.131037)
479:BR,Player:0r100c/cr200c/cc/r800f:3d8h,7d8c|/5cThAh/Qh/Qc:400,-400(400.000000)
480:Player,BR:0cr100c/r200c/cr800f:3s5s,4c8c|/5d7hKd/9c:-400,400(-400.000000)
481:BR,Player:0f:3cKc,3d8c|:50,-50(50.000000)
482:Player,BR:0cr100c/r200c/r400r1600f:TdKh,5h6h|/4h9hJh/8s:-800,800(-800.000000)
483:BR,Player:0r100c/cr200c/cr400r1600f:4dQs,9dTc|/3d5s7s/Kh:800,-800(800.000000)
484:Player,BR:0cc/cc/r100c/cc:2dTs,3c5s|/3d9hJh/Qd/Ah:-200,200(-59.063345)
485:BR,Player:0r100c/cr200c/r800f:TcAs,3h9h|/4sTdJh/2s:400,-400(400.000000)
486:Player,BR:0cc/cc/r100r400c/cr1200r18200f:4c5s,2h3h|/3d7sQh/2c/6s:1800,-1800(1800.000000)
487:BR,Player:0r100c/cr200c/cc/r800f:4h6s,7d8d|/7s9sAc/Ks/3s:400,-400(400.000000)
488:Player,BR:0cr100c/cc/cr400f:2cAc,JsAs|/7s8dKh/Jd:-200,200(-200.000000)
489:BR,Player:0r100c/cr200c/cc/r800f:2c6d,3d4c|/3h8dJc/9c/As:400,-400(400.000000)
490:Player,BR:0cc/cc/cr200f:2c3h,6h6c|/3c5dQh/6d:-100,100(-100.000000)
491:BR,Player:0r100c/cr200c/cc/r800f:3hJh,5c7c|/7hJsKc/As/6c:400,-400(400.000000)
492:Player,BR:0cc/cc/cr200c/cc:2cJs,TcKs|/4sTdJd/6s/2d:300,-300(-152.215051)
493:BR,Player:0r100c/cr200c/cr19600f:5hTd,6dTs|/3s7s9c/Qh:-400,400(-400.000000)
494:Player,BR:0cc/cc/r100c/cr400f:6h7d,5sAs|/5h6dJd/Th/2s:-200,200(-200.000000)
495:BR,Player:0r100c/cr200c/r800c/cc:2s8h,5dJh|/4c8dJd/8c/6c:1200,-1200(1025.475347)
496:Player,BR:0cc/cc/cr200c/cc:4d8c,6cTh|/2s5cAc/8s/2d:300,-300(300.000000)
497:BR,Player:0r100c/cr200c/r800c/r2400c:6sJc,KcAc|/2s6hQs/Jh/Ad:3600,-3600(1379.268901)
498:Player,BR:0cc/cc/cr200f:4cJc,2hKd|/9dTsAd/Kc:-100,100(-100.000000)
499:BR,Player:0r100c/cr200c/r800c/cc:JhKh,2dAc|/5h7sAd/Jc/4s:-1200,1200(575.335695)
500:Player,BR:0cc/cc/r100c/r200f:4dKd,7h8c|/KsAdAc/3c/Qc:200,-200(200.000000)
RAW BR STATS: n=500, sum=-24600.000000, sum_sq=4660280000.000000, vr_sum=25506.329087, vr_sum_sq=1869149534.176833
BR STATS: -49.200000(267.568923), 51.012658(169.416957)
RESULTS
1)BR: -24600
2)Player: 24600
