In config file: GAME_DEF=game_def.fullholdem
In config file: ACTIONS_R0=C
In config file: ACTIONS_R1=C
In config file: ACTIONS_R2=F,C,1,A
In config file: ACTIONS_R3=F,C,1,A
Using seed 30.
1:Player,BR:0cr200c/r600c/cr1800f:3hKh,5s6s|/2d4hQs/Jd:-900,900(-900.000000)
2:BR,Player:0cc/cc/cc/cc:8s9h,6hKh|/2dTdKd/4d/Tc:-100,100(-96.465607)
3:Player,BR:0cr200c/r600c/cr1800c/cc:7c8s,5h8d|/5dTcJs/9d/Qd:0,-0(-1014.173074)
4:BR,Player:0cc/cc/cc/cr200f:5s6h,2h5d|/9dKhAd/9s/4s:-100,100(-100.000000)
5:Player,BR:0cr200c/r600c/cc/r1800f:KcAh,4dJd|/7cQcKs/Jh/Tc:900,-900(900.000000)
6:BR,Player:0r200c/cc/r600c/r1800f:2c6s,JsKd|/6c9dQh/6h/2s:900,-900(900.000000)
7:Player,BR:0cr200c/r600c/cc/cc:TcKd,2sAh|/6d9hQc/9c/7s:-900,900(256.567284)
8:BR,Player:0cc/cr200c/cr600c/cc:2h5h,8s8c|/4s6sAh/5d/Qs:-900,900(-163.396875)
9:Player,BR:0cr200c/r600c/cc/r1800r5400f:4dAd,4s5c|/5s6sKd/Js/8s:-2700,2700(-2700.000000)
10:BR,Player:0cc/cr200c/cr600f:8s9h,2hKh|/2d4d7s/Qd:-300,300(-300.000000)
11:Player,BR:0cc/cc/cr200f:3dAc,2h6s|/5c7hJs/Qh:-100,100(-100.000000)
12:BR,Player:0r200c/cr600c/cr1800f:2sQh,6dJs|/5s7d9h/Jc:-900,900(-900.000000)
13:Player,BR:0cr200c/cc/r600c/cc:5s6d,5h9s|/8cQsQd/8h/8s:0,-0(381.614984)
14:BR,Player:0cc/cc/r200f:QsQc,3dQd|/6h7hTd/3h:100,-100(100.000000)
15:Player,BR:0cc/cc/cc/cc:7hJc,5sJh|/4hKcAh/2s/Kh:100,-100(38.576982)
16:BR,Player:0r200c/cc/r19700f:3cAd,QcKd|/2c3d6s/3h:300,-300(300.000000)
17:Player,BR:0cr19900c/cc/cc/cc:6sTc,5d8d|/4s7cJc/Qs/2c:20000,-20000(19580.360838)
18:BR,Player:0cc/cc/r19900f:4s7h,3hKs|/6h8cTs/5c:100,-100(100.000000)
19:Player,BR:0cr200c/cc/r600c/r1800f:7cKc,4dKs|/7s7dQc/2c/8s:900,-900(900.000000)
20:BR,Player:0r200c/cr600c/r1800f:QdKd,2c9c|/3h6h6c/Ks:900,-900(900.000000)
21:Player,BR:0cc/cc/cc/cr200c:6c9s,8s9h|/9dThAc/Ad/8h:0,-0(-53.318875)
22:BR,Player:0r200c/cr600c/r1800f:8hKh,9sJc|/2h7sQd/8d:900,-900(900.000000)
23:Player,BR:0cr200c/r600c/r1800f:5s6s,6c9s|/2c4sJc/8s:900,-900(900.000000)
24:BR,Player:0r200c/cr600c/cr1800c/cc:7cTs,QsQc|/5d8cJh/Tc/8d:-2700,2700(620.588675)
25:Player,BR:0cr200c/r600c/r1800f:3cQc,7dJh|/2s8cAc/Ah:900,-900(900.000000)
26:BR,Player:0cc/cr200c/r600f:9dAs,2dTc|/3s3dAd/3h:300,-300(300.000000)
27:Player,BR:0cr200c/cc/cc/cc:5d7d,4d6d|/3s7sJc/8c/3d:300,-300(299.622219)
28:BR,Player:0r200c/cr600c/cc/r1800c:3s6s,JsJh|/4d5c9s/Qd/7d:2700,-2700(2640.655128)
29:Player,BR:0cc/cc/cr200f:2cQd,TsAs|/3c5sKd/Th:-100,100(-100.000000)
30:BR,Player:0cc/cr200c/cc/cr600c:4sJs,7hQs|/4c6d7c/Tc/7d:-900,900(-299.711626)
31:Player,BR:0cr200c/cc/cr600c/cc:TcAs,8cQs|/3c6h7s/4c/Jd:900,-900(855.177011)
32:BR,Player:0r200c/cc/r600f:5sKs,4hAs|/7cTcJs/Kh:300,-300(300.000000)
33:Player,BR:0cr200c/cc/cr600c/cc:5h6d,3h4c|/2s5sQs/Qh/Tc:900,-900(900.000000)
34:BR,Player:0f:3hTs,2d3s|:50,-50(50.000000)
35:Player,BR:0cr200c/r600c/cr1800f:3c4c,7sJd|/9cTdAd/3h:-900,900(-900.000000)
36:BR,Player:0r200c/cc/cc/cc:ThJc,9dKd|/4c7dAs/7c/5h:-300,300(-299.998810)
37:Player,BR:0cc/cc/cc/cr200f:3hKs,3sKd|/2h6s9s/4h/Qs:-100,100(-100.000000)
38:BR,Player:0f:9dQd,2d4c|:50,-50(50.000000)
39:Player,BR:0cr200c/cc/cr600c/cc:7c9c,6cTs|/6h9hAd/Th/Ah:-900,900(592.191097)
40:BR,Player:0cc/cr200c/cr600f:QhKd,3c4c|/2c5h6d/9h:-300,300(-300.000000)
41:Player,BR:0cr200c/cc/cr600f:5d5c,3c9c|/6d9dTc/Ts:-300,300(-300.000000)
42:BR,Player:0cc/cc/cc/cr200r600c:4d9d,TcQh|/4sQcKc/6s/7s:-900,900(-900.000000)
43:Player,BR:0cc/cc/cr200f:4dJc,6sAd|/5d6cTh/4c:-100,100(-100.000000)
44:BR,Player:0cc/cc/cc/cc:2h9c,4cQd|/2sKsAs/8s/7c:100,-100(-37.753489)
45:Player,BR:0cr200c/cc/cc/r600f:QhKh,3s8c|/3d9dJh/6h/Ks:300,-300(300.000000)
46:BR,Player:0r200c/cr600c/r1800c/cr5400f:KhAs,QcAc|/4h4cTd/Kd/2d:-2700,2700(-2700.000000)
47:Player,BR:0cc/cc/cc/cc:2h3s,4d8d|/9hTcJh/4s/9d:-100,100(-41.106128)
48:BR,Player:0cc/cc/cr200c/cc:9hJc,8s9s|/4h6hKd/Qc/Qs:300,-300(12.453349)
49:Player,BR:0cc/cc/r200c/r600c:2d4c,7dKc|/2h2c7s/6h/Qs:900,-900(240.477600)
50:BR,Player:0cc/cc/r200c/cr600f:6cJc,5c9s|/3c4s9c/8d/7s:-300,300(-300.000000)
51:Player,BR:0cr200c/r600c/r1800c/r5400f:ThJs,6d9c|/6cJhJd/Ks/7s:2700,-2700(2700.000000)
52:BR,Player:0cc/cr200c/cc/cr19700f:4dKs,6h8d|/2c5s9h/Qh/7c:-300,300(-300.000000)
53:Player,BR:0cr200c/cc/cr600f:7dTh,2hTc|/4c8cKc/5h:-300,300(-300.000000)
54:BR,Player:0r200c/cc/cc/cc:7dKc,6cJc|/TsKhAd/Tc/4d:300,-300(240.192342)
55:Player,BR:0cc/cc/cr200f:2c5d,6sTc|/3sTdQs/Qc:-100,100(-100.000000)
56:BR,Player:0r200c/cc/cc/cr600f:5s6s,9cAc|/5dQsAd/7d/Js:-300,300(-300.000000)
57:Player,BR:0cc/cc/cr19900f:3dJc,AsAh|/5cQsAd/7d:-100,100(-100.000000)
58:BR,Player:0f:9sQs,3c8s|:50,-50(50.000000)
59:Player,BR:0cc/cc/r200c/cc:2dJh,4sAh|/2s7dKs/Js/8s:-300,300(-24.666141)
60:BR,Player:0r200c/cc/r600f:ThTd,KsAh|/7d9d9c/6s:300,-300(300.000000)
61:Player,BR:0cr200c/cc/cr600c/cc:8sQs,QhQc|/3c8h9h/Tc/7s:-900,900(217.560283)
62:BR,Player:0cc/cc/cr200f:5s7s,2dTc|/2c8dJs/Th:-100,100(-100.000000)
63:Player,BR:0cc/cc/r200c/r600f:8dKh,3c7c|/3h9hKs/2h/9d:300,-300(300.000000)
64:BR,Player:0r200c/cc/r600f:9hQs,6hKs|/4d8h9d/Qd:300,-300(300.000000)
65:Player,BR:0cc/cc/cr200f:9cKd,8cJc|/2s3hJs/5s:-100,100(-100.000000)
66:BR,Player:0r200c/cc/r600c/r1800r5400f:4s6s,QsAd|/2s3s6h/6d/Ks:-2700,2700(-2700.000000)
67:Player,BR:0cc/cc/cr200f:7cAd,2s8d|/5sJdKh/3d:-100,100(-100.000000)
68:BR,Player:0r200c/cr600c/cr1800f:9sTd,4h7h|/2s3c6h/Qd:-900,900(-900.000000)
69:Player,BR:0cc/cc/cr200f:3hJd,3c8s|/2c6dTc/7s:-100,100(-100.000000)
70:BR,Player:0r200c/cr600c/cc/r1800f:4h8c,3d7d|/4sQhQc/2c/Qd:900,-900(900.000000)
71:Player,BR:0cc/cc/cr200c/cc:3h5c,5h8d|/3sKdKc/7d/2s:300,-300(300.000000)
72:BR,Player:0r200c/cc/r600f:4cAc,5sTs|/7hKcAh/3s:300,-300(300.000000)
73:Player,BR:0cr200c/r600c/cc/cc:6c8h,7hQc|/2d5d9h/Ah/5s:-900,900(472.649477)
74:BR,Player:0cc/cc/r200f:4cQs,2dQc|/7s8d9s/Js:100,-100(100.000000)
75:Player,BR:0cc/cc/r200c/r600r1800c:9sKh,8dTh|/2s8h9d/7c/Ks:2700,-2700(2700.000000)
76:BR,Player:0r200c/cr600c/cc/cc:8hAc,8sTc|/4sJdJc/2d/4h:900,-900(695.352240)
77:Player,BR:0cc/cc/r200c/cc:5cTs,JdAc|/3c9hJc/3s/9s:-300,300(-125.385043)
78:BR,Player:0cc/cc/r200f:JcAd,4d6h|/9hQsAh/Ks:100,-100(100.000000)
79:Player,BR:0cc/cc/cr200f:6sKc,2cTd|/4s7hTs/Ah:-100,100(-100.000000)
80:BR,Player:0r200c/cr600c/cc/cc:3sQd,7d8h|/5d8dAh/Ks/6h:-900,900(-73.390418)
81:Player,BR:0cc/cc/cc/cc:2hAd,6h8c|/6d9dJs/3d/Qh:-100,100(-47.023660)
82:BR,Player:0r200c/cr600c/cc/cr1800f:5sKd,KsAc|/3c6sAs/Th/Qh:-900,900(-900.000000)
83:Player,BR:0cc/cc/cc/cc:9cTd,4cQc|/5hKcAs/6h/3d:-100,100(27.961514)
84:BR,Player:0cc/cc/cc/cc:2d3c,3sJc|/3h6d9d/Ts/Kh:-100,100(19.444829)
85:Player,BR:0cr200c/cc/cr19700f:JsQc,5dKh|/4hQsKs/Kd:-300,300(-300.000000)
86:BR,Player:0r200c/cc/cc/cr600f:4sAc,7dKh|/7h8d9h/6h/Qh:-300,300(-300.000000)
87:Player,BR:0cr200c/r600c/r1800f:ThQh,4cAs|/9dTcQd/Qc:900,-900(900.000000)
88:BR,Player:0cc/cc/cr200c/r600f:6c8d,9hTs|/6hJdQd/5c/6s:300,-300(300.000000)
89:Player,BR:0cr200c/cc/cc/cc:TcQh,4sJc|/TsKsAs/4d/7h:300,-300(187.334658)
90:BR,Player:0cc/cc/cr200c/r600c:7hTd,2dKs|/2cQsAc/Kc/Js:900,-900(466.835676)
91:Player,BR:0cr200c/cc/cr600f:JdQs,6cTh|/3s3h4d/5d:-300,300(-300.000000)
92:BR,Player:0cc/cr200c/r600f:2s9d,7sKs|/3d6h9c/2c:300,-300(300.000000)
93:Player,BR:0cc/cc/cr200f:2s9c,3s9d|/4h6s8s/Jh:-100,100(-100.000000)
94:BR,Player:0r200c/cc/cc/cr600f:3hJc,8sTd|/2h7cQs/4h/7h:-300,300(-300.000000)
95:Player,BR:0cr200c/r600c/cc/cc:3cKc,8hJc|/4s6cQh/8s/Ts:-900,900(-236.083603)
96:BR,Player:0cc/cc/r200f:8c9h,5hKh|/7c8hTs/6d:100,-100(100.000000)
97:Player,BR:0cc/cc/cc/cc:5cJc,JhAh|/2s2hJs/Ks/8s:-100,100(-11.663148)
98:BR,Player:0cc/cr200c/r600f:TsKd,2s9d|/7s8sTc/Td:300,-300(300.000000)
99:Player,BR:0cr200c/cc/r600c/r1800f:TdAs,8sKc|/5d9cQs/Jd/7d:900,-900(900.000000)
100:BR,Player:0r200c/cc/r600f:QhQd,9cKs|/2d8dTs/Ac:300,-300(300.000000)
101:Player,BR:0cc/cc/cr200f:3h8s,2hQs|/4d5sAh/9s:-100,100(-100.000000)
102:BR,Player:0cc/cc/r200f:8sKd,2c7c|/6sKhAs/Th:100,-100(100.000000)
103:Player,BR:0cr200c/cc/cr600f:TdQs,5c7s|/4h4cJh/6h:-300,300(-300.000000)
104:BR,Player:0cc/cc/r200c/cr600f:4cTh,5h9h|/7d8cTc/4s/6s:-300,300(-300.000000)
105:Player,BR:0cr200c/cc/cc/r600f:5h6h,7hJh|/9dQdAd/As/8c:300,-300(300.000000)
106:BR,Player:0cc/cc/cc/cc:QdAs,3sJh|/2dTdKc/6c/7d:100,-100(26.953487)
107:Player,BR:0cc/cc/cr200c/cc:6sAh,6cTs|/5d8cAs/Th/Qd:300,-300(-76.447916)
108:BR,Player:0r200c/cc/r600f:7c8d,KsAc|/2d3d9c/8c:300,-300(300.000000)
109:Player,BR:0cc/cc/cr200f:5cAs,TdTc|/7d8hJd/9d:-100,100(-100.000000)
110:BR,Player:0cc/cr200c/r600f:5dKd,5c9h|/2h7dTd/3c:300,-300(300.000000)
111:Player,BR:0cr200c/cc/cc/cc:JcKc,6sJs|/6hTdAd/2c/8h:-300,300(-52.348126)
112:BR,Player:0cc/cc/r200f:5d7h,9hAc|/4h6hJc/Kd:100,-100(100.000000)
113:Player,BR:0cr200c/cc/cr600f:7c9d,4h7d|/2d3c8h/Qd:-300,300(-300.000000)
114:BR,Player:0cc/cc/cc/cr200f:8dJh,4h7s|/9cKsAh/2s/As:-100,100(-100.000000)
115:Player,BR:0cc/cc/cr200f:7c9d,7dKd|/4s4hKc/5h:-100,100(-100.000000)
116:BR,Player:0r200c/cr600c/r1800f:7hKh,2sJs|/2c4hQc/9h:900,-900(900.000000)
117:Player,BR:0cc/cc/r200f:9cJh,3d9s|/2h6c8s/4h:100,-100(100.000000)
118:BR,Player:0r200c/cc/r600f:TdKh,2cAh|/6s6h7h/9c:300,-300(300.000000)
119:Player,BR:0cc/cc/cr200f:7hTs,KdAs|/5h6sAd/9d:-100,100(-100.000000)
120:BR,Player:0r200c/cr600c/cc/cc:2sAc,TsAd|/2d5sJd/8h/3h:900,-900(-116.488014)
121:Player,BR:0cr200c/cc/r600c/r1800c:5d9d,6hQc|/2s3d7s/6s/6c:-2700,2700(-708.818639)
122:BR,Player:0cc/cr200c/r600r1800r5400f:7sTc,5dJs|/4d6c8s/2s:2700,-2700(2700.000000)
123:Player,BR:0cr200c/cc/cc/r600f:6c7c,8s9c|/4h4dTh/Jc/2c:300,-300(300.000000)
124:BR,Player:0r200c/cc/r600f:8h8c,3hKc|/2s5h7d/9c:300,-300(300.000000)
125:Player,BR:0cr200c/r600c/r1800c/r5400c:5d6d,2h8d|/2dTsTd/Qh/Ad:8100,-8100(2393.845112)
126:BR,Player:0r200c/cr600c/cc/cc:QsKc,5cQc|/4h7dJc/Jd/4d:900,-900(-23.827911)
127:Player,BR:0cr200c/cc/cc/cc:9hKh,6s9d|/4cJcAd/8c/2s:300,-300(299.993313)
128:BR,Player:0r200c/cr600c/r1800f:ThJs,4sQh|/6d8s9h/3s:900,-900(900.000000)
129:Player,BR:0cr200c/r600c/cc/cc:9dTd,4dTs|/4c9hAd/3h/Kd:900,-900(-438.918982)
130:BR,Player:0r200c/cr600c/cr1800f:4hAc,QsAs|/3sThKs/9c:-900,900(-900.000000)
131:Player,BR:0cc/cc/cc/cc:5cAd,9sQd|/2s2d6d/7c/8c:100,-100(25.160463)
132:BR,Player:0r200c/cc/r600f:8cTd,2sAh|/7d9s9h/Qh:300,-300(300.000000)
133:Player,BR:0cc/cc/cr200c/cr600f:5c6h,JsKs|/3hTsKc/6d/2s:-300,300(-300.000000)
134:BR,Player:0r200c/cr600c/cc/cr1800f:JhKs,2hTh|/4h4c6d/Qd/4d:-900,900(-900.000000)
135:Player,BR:0cc/cc/cr200f:4hTc,2h3h|/8sJhAd/As:-100,100(-100.000000)
136:BR,Player:0r200c/cc/cc/cc:8sQc,8dTc|/2h4dKh/As/Kc:300,-300(-43.719803)
137:Player,BR:0cr200c/cc/cr19700f:7dKd,4cTc|/9cQdKc/6c:-300,300(-300.000000)
138:BR,Player:0r200c/cc/cc/cc:7cQc,JhAh|/3s3d7d/Kc/8h:300,-300(196.594528)
139:Player,BR:0cr200c/cc/r600c/cc:9cTh,7d9d|/5h6d7h/3h/Qc:-900,900(80.446652)
140:BR,Player:0r200c/cr600c/cr1800c/cc:2cJc,JsJh|/2h6cTh/3d/8h:-2700,2700(-1428.077696)
141:Player,BR:0cr200c/r600c/r1800c/cr5400f:2c4c,9dTd|/2s9cQs/Jc/8d:-2700,2700(-2700.000000)
142:BR,Player:0cc/cr200c/r600c/r1800c:3cKc,3dJc|/4h7cJd/Ks/3s:2700,-2700(2236.545811)
143:Player,BR:0cc/cc/cr200f:2c8d,6cTh|/3d6h9s/Tc:-100,100(-100.000000)
144:BR,Player:0r200c/cc/cr600c/cr19100f:3h9d,8hTs|/9hJhAd/Qd/Kh:-900,900(-900.000000)
145:Player,BR:0cc/cc/cr200f:2s4h,3s4s|/5h6s9h/Ac:-100,100(-100.000000)
146:BR,Player:0r200c/cc/cc/cr600r1800f:3cKs,2hTh|/3h5d6c/Js/9d:900,-900(900.000000)
147:Player,BR:0cr200c/cc/cc/cc:QsKd,5s8s|/9h9cAs/Ks/9s:300,-300(52.928136)
148:BR,Player:0r200c/cr600c/r1800f:2d9s,5d7d|/8sJsQd/Jh:900,-900(900.000000)
149:Player,BR:0cr200c/cc/r600c/cc:8dKc,2s6c|/2d3cTc/7h/3s:-900,900(24.341758)
150:BR,Player:0r200c/cc/cc/cr600f:5h9d,AdAc|/8hJsJc/8c/2h:-300,300(-300.000000)
151:Player,BR:0cc/cc/cc/cc:7hQc,6cKh|/3h3cTs/Jd/2s:-100,100(21.456271)
152:BR,Player:0cc/cr200c/cr600c/cr19100f:4cJh,8c9s|/ThJcQh/Ts/4s:-900,900(-900.000000)
153:Player,BR:0cc/cc/r200c/r600c:3hAc,2hQd|/3d7s8c/3c/2s:900,-900(282.844731)
154:BR,Player:0r200c/cr600c/cr1800f:3s6d,3d4c|/7dTcJd/5c:-900,900(-900.000000)
155:Player,BR:0cc/cc/cc/r200r600f:8cAh,6dTs|/2h2d7c/Qc/8s:-300,300(-300.000000)
156:BR,Player:0cc/cr200c/cc/cc:6dJc,9dJh|/2cThTc/Ah/Qc:0,-0(20.620677)
157:Player,BR:0cr200c/cc/cr600c/cc:8sQs,9hQd|/2d3s9s/Kc/7h:-900,900(-267.845299)
158:BR,Player:0r200c/cc/r600c/cc:6dTd,JsKs|/4c8hKh/5c/2c:-900,900(-900.000000)
159:Player,BR:0cr200c/cc/r600c/cc:8c9s,QsAs|/3h5hJs/4c/5d:-900,900(-217.688210)
160:BR,Player:0r200c/cr600c/r1800f:3dQd,7dKc|/8d9dQh/As:900,-900(900.000000)
161:Player,BR:0cc/cc/cc/cr200c:9hAc,9dTs|/3s4c5h/2s/Js:300,-300(300.000000)
162:BR,Player:0r200c/cc/cc/cc:8sQs,7s9h|/2hQcAd/Ks/Th:300,-300(33.198762)
163:Player,BR:0cc/cc/cc/cr200r600c:2c7c,4cTh|/7dTsAd/Ks/2s:900,-900(283.623850)
164:BR,Player:0r200c/cr600c/r1800c/r17300f:QhKh,7cAd|/3s7d8h/Kd/Qs:2700,-2700(2700.000000)
165:Player,BR:0cc/cc/cr200f:4s9h,3dJd|/6d8cJs/4h:-100,100(-100.000000)
166:BR,Player:0cc/cr200c/cr600c/cc:7d9d,4c7s|/3s3d5h/9c/4s:900,-900(130.789373)
167:Player,BR:0cr200c/r600c/cc/cc:3dJd,TsKs|/3c8h8d/Ac/Qh:900,-900(87.603231)
168:BR,Player:0r200c/cc/cc/cr600c:3c4s,9h9c|/3sThKs/7d/8d:-900,900(-298.787253)
169:Player,BR:0cr200c/r600c/cr1800c/cc:QhAd,2h6d|/9dTcQd/7c/Qc:2700,-2700(2700.000000)
170:BR,Player:0r200c/cc/cc/cc:JdAs,9hKd|/2hQsQh/8c/5h:300,-300(184.994903)
171:Player,BR:0cr200c/r600c/cr1800f:2s2h,4dJc|/8sQsAh/8c:-900,900(-900.000000)
172:BR,Player:0r200c/cr600c/cr1800f:3d8s,TcJc|/7c9cQd/7s:-900,900(-900.000000)
173:Player,BR:0cc/cc/r200r600f:7dJc,TcQc|/4h6d7h/9s:-300,300(-300.000000)
174:BR,Player:0r200c/cc/r600c/cc:8c9s,7dAc|/3d9hAs/2s/5d:-900,900(-406.388959)
175:Player,BR:0cr200c/cc/r600f:8cTc,3h6s|/2s9hJs/Ah:300,-300(300.000000)
176:BR,Player:0f:8hQd,2c3s|:50,-50(50.000000)
177:Player,BR:0cc/cc/cc/cc:5sKd,4dAs|/2s8d9d/6h/Qd:-100,100(36.466243)
178:BR,Player:0r200c/cc/cr600f:5d7c,9sQs|/4c9cJh/9d:-300,300(-300.000000)
179:Player,BR:0cc/cc/cr200f:6cJh,AsAh|/7dTcKh/8d:-100,100(-100.000000)
180:BR,Player:0r200c/cc/cc/cr600f:TdKs,3hJh|/5s7dAs/9h/5h:-300,300(-300.000000)
181:Player,BR:0cc/cc/cr200f:4dTh,8h9c|/3s5s5d/3h:-100,100(-100.000000)
182:BR,Player:0r200c/cc/cc/cc:QcAd,QdKs|/4s9sTd/2d/3c:300,-300(-27.970395)
183:Player,BR:0cc/cc/r200c/r600f:3sTh,7sJh|/8h8c9h/6c/6h:300,-300(300.000000)
184:BR,Player:0r200c/cr600c/r1800c/cc:3s9c,TcAd|/2d5s7s/Ah/Kd:-2700,2700(-2620.084591)
185:Player,BR:0cr200c/cc/cr19700f:JcQs,2c6d|/6s6cJd/4s:-300,300(-300.000000)
186:BR,Player:0cc/cc/r200f:8sJh,5hQh|/3c9dJc/6c:100,-100(100.000000)
187:Player,BR:0cc/cc/cc/r200c:3d9c,6cKh|/2d2cJs/Jh/9h:300,-300(98.910237)
188:BR,Player:0r200c/cr600c/cc/cc:2c4h,6hAd|/2d9dJs/Ks/Jc:900,-900(539.195022)
189:Player,BR:0cr200c/cc/cr600f:QdKc,2cAs|/9cJhAh/9s:-300,300(-300.000000)
190:BR,Player:0r200c/cc/cc/cc:9hJc,8hKs|/4d8dJd/3d/Td:0,-0(-38.369882)
191:Player,BR:0cr200c/r600c/cc/cr1800f:8dAd,4h4c|/6d7sKs/8c/2d:-900,900(-900.000000)
192:BR,Player:0r200c/cc/cc/cc:3sAs,8sJc|/2h3cQd/6h/6d:300,-300(299.999685)
193:Player,BR:0cr200c/cc/cc/cr600f:ThAh,7c9h|/2c4dJs/2d/7h:-300,300(-300.000000)
194:BR,Player:0f:JsKd,2c4d|:50,-50(50.000000)
195:Player,BR:0cr200c/cc/cc/cr600c:KsAh,3cJh|/3s5s7d/8c/3d:-900,900(-899.998585)
196:BR,Player:0r200c/cc/cc/cr600r1800f:QhAd,7cTs|/2h2cJd/4d/8d:900,-900(900.000000)
197:Player,BR:0cc/cc/cr200c/cr19700f:2cAd,9d9c|/2h3sQh/3h/9h:-300,300(-300.000000)
198:BR,Player:0r200c/cc/cc/r600f:4h6c,5s8c|/6h9hQs/Js/4d:300,-300(300.000000)
199:Player,BR:0cr200c/cc/cr600f:9s9c,5sKs|/2h3dKh/Js:-300,300(-300.000000)
200:BR,Player:0cc/cc/r200f:6d8c,2dJc|/7c8h8d/5s:100,-100(100.000000)
201:Player,BR:0cr200c/cc/r600c/cc:8dKd,5cTh|/6d7hKc/5d/6h:900,-900(-51.004528)
202:BR,Player:0cc/cc/r200f:7hJh,2dQc|/4h9dKh/Jd:100,-100(100.000000)
203:Player,BR:0cc/cc/cc/cc:2hKs,7cJh|/4c9dAh/Ts/9h:100,-100(46.105777)
204:BR,Player:0f:4s5h,2c6h|:50,-50(50.000000)
205:Player,BR:0cc/cc/cr200c/cr600c:5sJh,6sQs|/2sJdQc/2c/4d:-900,900(-374.022151)
206:BR,Player:0r200c/cc/r600f:QhKs,5s6h|/2s8cKd/Js:300,-300(300.000000)
207:Player,BR:0cr200c/r600c/r1800f:4s8s,2h7h|/9cJsKs/Ah:900,-900(900.000000)
208:BR,Player:0r200c/cc/r600c/cr1800f:7hAc,3s5h|/4c9dAd/6d/Ks:-900,900(-900.000000)
209:Player,BR:0cr200c/r600c/r1800f:6sTs,2h6h|/8hJsJd/As:900,-900(900.000000)
210:BR,Player:0cc/cc/r200f:3s8s,3hQc|/2d8d9h/2h:100,-100(100.000000)
211:Player,BR:0cc/cc/cc/cc:5c9s,JhAs|/6sThKc/Td/5d:100,-100(-34.241309)
212:BR,Player:0cc/cr200c/r600r1800c/cc:5s9c,8dQd|/5d9dQs/8s/7s:-2700,2700(-458.198170)
213:Player,BR:0cr200c/cc/cr600c/cc:6hJh,8cTc|/4hTsJd/Qc/Jc:900,-900(-11.565093)
214:BR,Player:0cc/cr200c/cc/cc:3sKs,6dJc|/4d8cTd/7d/4h:300,-300(-0.526579)
215:Player,BR:0cc/cc/cc/cr200f:TsKc,4hAc|/4s5sQh/6s/Ah:-100,100(-100.000000)
216:BR,Player:0cc/cc/r200f:7hAc,3dTc|/3s5h6c/9h:100,-100(100.000000)
217:Player,BR:0cc/cc/cc/cr200f:9sQd,2s4h|/4dJcAh/Ts/2h:-100,100(-100.000000)
218:BR,Player:0cc/cr200c/r600r1800r5400f:3c8c,8d9c|/6cTsJc/9h:2700,-2700(2700.000000)
219:Player,BR:0cr200c/r600c/cc/cr1800c:QsQd,5c7s|/3d9dJc/7h/Td:2700,-2700(2700.000000)
220:BR,Player:0cc/cc/r200f:QdKs,4d6c|/4s5cTc/Jd:100,-100(100.000000)
221:Player,BR:0cc/cc/r200c/r600c:5cJh,9cAs|/5s5hTc/Ah/8s:900,-900(276.194488)
222:BR,Player:0r200c/cc/cc/cc:9dKc,QhAs|/2h6s6h/3h/Tc:-300,300(-154.637918)
223:Player,BR:0cr200c/cc/r600c/cc:7s8d,3cJc|/3h9hKh/Kd/6s:-900,900(216.196950)
224:BR,Player:0cc/cc/cc/r200f:7cAc,2h6h|/7hQhKc/Jd/As:100,-100(100.000000)
225:Player,BR:0cr200c/cc/r600f:JhAc,2h6c|/3hQsAs/5h:300,-300(300.000000)
226:BR,Player:0r200c/cr600c/cr1800f:4sJc,QhQc|/5d7sQd/Ts:-900,900(-900.000000)
227:Player,BR:0cr200c/cc/cc/cr600f:4s4h,2h4d|/JhQdKh/6c/Ac:-300,300(-300.000000)
228:BR,Player:0cc/cr200c/r600f:3c4h,4s6h|/2d6dKs/2c:300,-300(300.000000)
229:Player,BR:0cc/cc/cr200c/cr600f:2c8s,JsKc|/7dQhKh/8c/6s:-300,300(-300.000000)
230:BR,Player:0cc/cr200c/cr600f:4c8c,9sJc|/3s5hTh/Kh:-300,300(-300.000000)
231:Player,BR:0cc/cc/r200r600r1800c/cc:7dAc,4cKc|/5h6s7s/7c/Qs:2700,-2700(1492.381850)
232:BR,Player:0r200c/cr600c/r1800f:9sJh,7sJs|/8hQsQh/Td:900,-900(900.000000)
233:Player,BR:0cc/cc/cr200c/cr600c:2c8h,6sQc|/7s8dQs/Th/2h:900,-900(-149.006322)
234:BR,Player:0r200c/cc/cc/cc:2s3s,6h6c|/TcKcAh/3c/Ts:-300,300(-3.959867)
235:Player,BR:0cr200c/cc/cr600f:QdKs,3cJh|/2h5cAh/7s:-300,300(-300.000000)
236:BR,Player:0cc/cr200c/r600c/r1800c:3dTh,JcQs|/3s7cTd/Jd/8c:2700,-2700(611.131848)
237:Player,BR:0cc/cc/r200r600f:5s8c,JcKd|/3s7c9s/Jd:-300,300(-300.000000)
238:BR,Player:0cc/cc/cr200c/cc:5cAd,3c5d|/7h8hKs/9d/7d:300,-300(57.239090)
239:Player,BR:0cc/cc/cr200f:4d8c,8dQc|/4h5hQd/3s:-100,100(-100.000000)
240:BR,Player:0cc/cr200c/r600c/cc:ThQh,9sAd|/2s9hQs/4c/4d:900,-900(896.911505)
241:Player,BR:0cc/cc/r200c/cc:2dAc,7sJc|/3h7dTc/2c/3c:-300,300(-100.628001)
242:BR,Player:0cc/cc/cr200c/cr600c:8cJd,3d4d|/2c4sKd/4c/8h:-900,900(-257.771854)
243:Player,BR:0cr200c/cc/cc/cr600f:3hJh,5hAc|/7s8d9s/6s/Ad:-300,300(-300.000000)
244:BR,Player:0r200c/cc/cc/cr600r1800r17300f:6sTc,JdKd|/2sKsKc/Jc/Qs:-2700,2700(-2700.000000)
245:Player,BR:0cr200c/cc/cr600c/cr1800c:6s8c,2h2d|/3d4s5h/6h/7h:2700,-2700(2685.635648)
246:BR,Player:0r200c/cc/cc/cr600f:2d8c,9hTs|/4d4c6s/7d/Jh:-300,300(-300.000000)
247:Player,BR:0cr200c/r600c/cr1800f:ThAd,4dJd|/6h7d8c/3c:-900,900(-900.000000)
248:BR,Player:0r200c/cc/cr600f:3s6c,4sJs|/5d7c9h/Th:-300,300(-300.000000)
249:Player,BR:0cr200c/r600c/cc/r1800f:8sTs,4h9d|/2s4c6s/5h/As:900,-900(900.000000)
250:BR,Player:0r200c/cr600c/cc/cr1800f:5h9c,8hJs|/3d7s8c/Ac/Jd:-900,900(-900.000000)
251:Player,BR:0cc/cc/cr19900f:2s4d,JhAs|/7s7dAh/Ad:-100,100(-100.000000)
252:BR,Player:0r200c/cr600c/cc/cc:6hTc,4h5h|/3s7hJs/Qc/Th:900,-900(560.255854)
253:Player,BR:0cc/cc/cr200r600f:5h8s,8cJc|/4c6hTd/2d:300,-300(300.000000)
254:BR,Player:0r200c/cr600c/r1800c/r17300f:7dTs,9cQh|/5d7hQd/Td/Tc:2700,-2700(2700.000000)
255:Player,BR:0cc/cc/r200c/cr600r1800f:8dAh,TdKh|/4h6s8h/3h/6h:900,-900(900.000000)
256:BR,Player:0r200c/cc/cc/cc:3h3d,ThKh|/8h8cTs/Ad/6c:-300,300(-8.346556)
257:Player,BR:0cc/cc/cc/cr200c:8sAd,7dQs|/5dTsJd/2c/7s:-300,300(-210.339347)
258:BR,Player:0r200c/cr600c/cc/cc:6h9c,7c9h|/7dQsQd/Jc/Jh:0,-0(-50.280405)
259:Player,BR:0cc/cc/cr200f:2cKd,2s3h|/5d8hJs/6s:-100,100(-100.000000)
260:BR,Player:0cc/cc/cc/cc:2h3h,5cJd|/4d9hKc/9s/Kh:-100,100(-100.000000)
261:Player,BR:0cr200c/cc/cc/cc:TdAh,ThQd|/3d7sKd/7d/8c:300,-300(238.688270)
262:BR,Player:0cc/cc/r200f:7hQh,3hTs|/2s6dQd/6s:100,-100(100.000000)
263:Player,BR:0cc/cc/cr200c/cr600f:5s6d,JhQd|/3s8c9c/6s/Js:-300,300(-300.000000)
264:BR,Player:0cc/cc/cr200c/cc:2sAc,4h6s|/7dQdKh/Td/Qs:300,-300(46.696083)
265:Player,BR:0cc/cc/cr200f:4hJc,7cTc|/4d5s8c/9c:-100,100(-100.000000)
266:BR,Player:0r200c/cc/cc/cc:7sKd,5d8c|/3d5hQc/9c/3h:-300,300(-260.348977)
267:Player,BR:0cc/r200c/cc/cc:2s5c,9hTh|/2dJsQs/Ts/7d:-300,300(-194.150723)
268:BR,Player:0cc/cc/r200f:4hQd,4cKc|/5s7sAh/Qc:100,-100(100.000000)
269:Player,BR:0cc/cc/cc/cc:2c3s,9dJd|/7sQdAs/6h/Ah:-100,100(-2.570926)
270:BR,Player:0r200c/cc/r600f:5d8s,3c5c|/6d7sKh/8c:300,-300(300.000000)
271:Player,BR:0cc/cc/cc/cr200f:4sJh,6s7c|/6hKhAs/Qd/6d:-100,100(-100.000000)
272:BR,Player:0r200c/cr600c/cr1800r5400f:4dTc,7hJd|/2c3hTh/Qc:2700,-2700(2700.000000)
273:Player,BR:0cr200c/cc/cr600c/cc:QsQd,TcKh|/4d7dKs/8h/6c:-900,900(-125.421948)
274:BR,Player:0cc/cc/r200c/cr600c:2hTc,8c9h|/3h9cQs/Td/Jc:-900,900(-298.341121)
275:Player,BR:0cr200c/cc/cc/cc:7s7h,TcJs|/2s6hAs/6c/Kh:300,-300(250.166737)
276:BR,Player:0cc/cc/cc/cc:4s7c,4dJc|/8s8cQh/Ks/9h:-100,100(-100.000000)
277:Player,BR:0cc/cc/cc/r200c:2c6d,3hQh|/8s8dTd/2d/2s:300,-300(99.240537)
278:BR,Player:0r200c/cr600c/cc/cr1800c:7hAc,4d7d|/2s2hTh/7s/4c:-2700,2700(-718.326166)
279:Player,BR:0cr200c/r600c/cc/cr1800c:7hQh,8sQs|/7c8dTh/3d/Kc:-2700,2700(-289.804392)
280:BR,Player:0r200c/cc/cr600f:4d8s,7dKh|/6c7sQc/Kc:-300,300(-300.000000)
281:Player,BR:0cr200c/cc/r600c/cc:TsTh,2c4s|/4h7cAd/9c/3s:900,-900(-66.252941)
282:BR,Player:0r200c/cr600c/cc/cc:2s7s,9dKs|/6h9sAh/3d/2d:-900,900(274.138918)
283:Player,BR:0cc/cc/cr200f:3cTs,KdAh|/6dQhAs/2d:-100,100(-100.000000)
284:BR,Player:0r200c/cr600c/cc/cr1800f:7hQh,2s4s|/TsThQd/Js/As:-900,900(-900.000000)
285:Player,BR:0cr200c/r600c/r1800r5400c/cc:KhAh,6hJd|/5d9hAs/7h/Kd:8100,-8100(8100.000000)
286:BR,Player:0f:5d5c,2d9h|:50,-50(50.000000)
287:Player,BR:0cr200c/cc/cc/cr600c:8dTs,7dJc|/4c8hAh/2d/Js:-900,900(-513.527662)
288:BR,Player:0cc/cc/r200c/r600f:JhKs,4sJd|/2c5sKc/4c/7h:300,-300(300.000000)
289:Player,BR:0cr200c/r600c/cc/cc:8cAd,TdAs|/2d3dJh/6h/9s:-900,900(524.443244)
290:BR,Player:0cc/cc/cc/cc:8dTc,5sQs|/3h8h9h/5h/Ks:100,-100(22.386092)
291:Player,BR:0cc/cc/cr200f:2dQh,2c8h|/6d6cAs/6h:-100,100(-100.000000)
292:BR,Player:0r200c/cc/cc/cr600f:5d5c,4h9h|/2hThJc/8s/6s:-300,300(-300.000000)
293:Player,BR:0cr200c/r600c/cc/cc:JcKh,3hTc|/3s5cQc/8d/2c:-900,900(196.579546)
294:BR,Player:0cc/cc/cc/cr200f:4h9d,5d7s|/JhQsAd/3s/2h:-100,100(-100.000000)
295:Player,BR:0cc/cc/cr200f:2c6h,8sJh|/5hTdJd/Ad:-100,100(-100.000000)
296:BR,Player:0cc/cr200c/r600c/cc:2cJs,4s8c|/4c9sTs/8d/9c:-900,900(-900.000000)
297:Player,BR:0cc/cc/r200r600f:6s9c,9dTc|/8dTdQs/Ts:-300,300(-300.000000)
298:BR,Player:0cc/cr200c/cc/cr600r1800c:2h6s,4dQd|/6c8dJh/7d/Qs:-2700,2700(-2700.000000)
299:Player,BR:0cc/cc/cc/cc:ThKs,3d6h|/7c9dAs/3c/4d:-100,100(4.151802)
300:BR,Player:0r200c/cc/cc/cc:5d5c,8dKs|/TdQsQh/3c/6d:300,-300(227.960566)
301:Player,BR:0cr200c/r600c/cr1800f:3h4h,6d8h|/2s9cKs/3s:-900,900(-900.000000)
302:BR,Player:0f:2d9h,2s6d|:50,-50(50.000000)
303:Player,BR:0cc/cc/cr200r600f:9dJc,3d5c|/6d7sKd/7d:300,-300(300.000000)
304:BR,Player:0r200c/cc/cc/cc:6cKd,4cAc|/8c9sQd/Qh/8h:-300,300(-166.232590)
305:Player,BR:0cc/cc/cr200c/cc:3cQd,4c5h|/2h4sQh/6s/Kc:300,-300(124.589351)
306:BR,Player:0r200c/cr600c/r1800c/r17300c:8cTs,7dQc|/5h9cQd/7c/6d:20000,-20000(17527.319024)
307:Player,BR:0cc/cc/cc/r200f:2d3h,8hTs|/3d4dAd/2h/6h:100,-100(100.000000)
308:BR,Player:0f:5dKc,2s5c|:50,-50(50.000000)
309:Player,BR:0cr200c/r600c/r1800c/r5400f:JsKs,8cKh|/3hJhJd/5s/3c:2700,-2700(2700.000000)
310:BR,Player:0cc/cc/cc/cr200r600f:3d6d,TdKc|/3sTsAc/4d/9s:300,-300(300.000000)
311:Player,BR:0cc/cc/cr200f:3hQd,9hAd|/4s5h7c/Jd:-100,100(-100.000000)
312:BR,Player:0r200c/cc/r600f:8hTd,7hTs|/7s8dQc/2s:300,-300(300.000000)
313:Player,BR:0cr200c/cc/cc/cc:2h2d,3cQs|/3s8cAd/6h/9s:-300,300(37.332133)
314:BR,Player:0r200c/cc/cc/cr600f:7hKh,7s7c|/2s6s8c/2d/9h:-300,300(-300.000000)
315:Player,BR:0cc/cc/cc/cc:7hJd,5c6h|/3s5sAh/4d/Js:100,-100(-13.278123)
316:BR,Player:0r200c/cc/r600c/r1800f:7s8s,QhQd|/7c8dAs/Ks/6h:900,-900(900.000000)
317:Player,BR:0cc/cc/r200f:3d8s,2s7c|/QdKsKd/Ad:100,-100(100.000000)
318:BR,Player:0f:JhAh,2s3h|:50,-50(50.000000)
319:Player,BR:0cc/cc/cc/cc:4cQc,TcAc|/3s3d6h/Jc/5h:-100,100(-26.165623)
320:BR,Player:0r200c/cr600c/r1800f:7dAd,5c9c|/2c8sTd/5d:900,-900(900.000000)
321:Player,BR:0cc/cc/cc/cc:4c8d,5dKh|/7sJcAh/6c/6d:-100,100(-32.695421)
322:BR,Player:0cc/cc/r200f:5cKs,6hQs|/3d8sKc/9h:100,-100(100.000000)
323:Player,BR:0cr200c/r600c/r1800c/r5400f:ThKd,4hJc|/2d3cQd/Jd/Ad:2700,-2700(2700.000000)
324:BR,Player:0r200c/cc/cc/cc:2sKc,8s8d|/6c9hTd/Qh/4c:-300,300(-299.999662)
325:Player,BR:0cc/cc/cr200r600f:2s6s,5h8c|/3s3h6d/3d:300,-300(300.000000)
326:BR,Player:0cc/cr200c/r600c/cc:4cKc,8cJc|/3d9cQd/7c/8h:-900,900(-899.997832)
327:Player,BR:0cr200c/cc/r600f:JdAd,9dQd|/2h5sAs/7s:300,-300(300.000000)
328:BR,Player:0r200c/cr600c/cr1800f:8c9s,7sKc|/3c4c6d/Th:-900,900(-900.000000)
329:Player,BR:0cc/cc/cr200f:6h9s,7hKd|/3s4dKc/8s:-100,100(-100.000000)
330:BR,Player:0f:JcAd,2s7h|:50,-50(50.000000)
331:Player,BR:0cc/cc/cr200f:2d3c,5cAc|/QsKdAd/4c:-100,100(-100.000000)
332:BR,Player:0cc/cc/cc/cr200c:9sKh,4c7h|/2sJhQd/Ad/Js:300,-300(-94.884698)
333:Player,BR:0cr200c/cc/r600c/r1800r5400r11900f:QhKh,7s8s|/3h5d8h/9h/4c:8100,-8100(8100.000000)
334:BR,Player:0cc/cr200c/cr600c/cr1800f:5hTd,6s9c|/TsJhKd/4s/2s:-900,900(-900.000000)
335:Player,BR:0cc/cc/cc/cc:3h8s,7hTh|/QdKcAc/3s/7c:-100,100(-48.996249)
336:BR,Player:0r200c/cr600c/cr1800f:8cQd,7s9c|/2c3hAh/Th:-900,900(-900.000000)
337:Player,BR:0cc/cc/cr19900f:8s9d,QsAh|/4h7dQh/As:-100,100(-100.000000)
338:BR,Player:0r200c/cc/r600c/cc:6dAs,QcKs|/8h9hTs/7c/Tc:900,-900(53.872431)
339:Player,BR:0cr200c/cc/cc/cr600f:8sKs,6s6c|/3d5s9h/Qs/3h:-300,300(-300.000000)
340:BR,Player:0cc/cc/r200c/r600c:9cJh,JdKc|/9dJsAd/8d/2s:900,-900(755.000213)
341:Player,BR:0cc/cc/cr200f:4h6s,4s8s|/2s9cQs/Ad:-100,100(-100.000000)
342:BR,Player:0r200c/cc/r600f:8hTd,6cKh|/3d8cAh/7d:300,-300(300.000000)
343:Player,BR:0cc/cc/cc/cr200f:5hKd,7dJs|/JdQcAd/6c/7h:-100,100(-100.000000)
344:BR,Player:0cc/cc/cc/cc:4dTc,JcQd|/5d7s8s/3c/7h:-100,100(-99.999932)
345:Player,BR:0cr200c/cc/cc/cc:QsAd,8sAs|/2d6c9h/3c/Js:300,-300(140.873003)
346:BR,Player:0cc/cc/r200f:5cKh,6hAh|/3hTdKs/Tc:100,-100(100.000000)
347:Player,BR:0cr200c/cc/r600c/r1800c:KsAs,9sAh|/2s4cKd/2c/Kh:2700,-2700(887.034724)
348:BR,Player:0r200c/cc/cc/cc:5c9d,2s9s|/2dTcAh/Ks/Js:-300,300(-268.053234)
349:Player,BR:0cr200c/cc/cr600c/cc:9sQs,4h8c|/7cJhQc/Jc/Td:900,-900(900.000000)
350:BR,Player:0r200c/cc/cc/cc:7dQd,5sQh|/2c5cAs/Tc/8c:-300,300(-299.030834)
351:Player,BR:0cr200c/r600c/r1800f:TdQs,2d5c|/7d8dJd/8c:900,-900(900.000000)
352:BR,Player:0cc/cr200c/r600f:2h5c,8h9c|/4dThKh/4s:300,-300(300.000000)
353:Player,BR:0cc/cc/r200c/cc:8sTd,JdAd|/6h6c9h/3c/8h:300,-300(232.102254)
354:BR,Player:0cc/cc/r200f:JsAc,8hQh|/4c7sAd/Td:100,-100(100.000000)
355:Player,BR:0cr200c/r600c/cr1800c/cc:8hTh,4c5d|/9dQhKh/Jh/5h:2700,-2700(2700.000000)
356:BR,Player:0f:4d4c,2s3c|:50,-50(50.000000)
357:Player,BR:0cc/cc/cc/cr200c:5s8h,3s9d|/5hTdKh/Kd/2s:300,-300(300.000000)
358:BR,Player:0r200c/cc/cr600c/cr1800f:2s3d,4s4h|/2h7hJs/4d/Td:-900,900(-900.000000)
359:Player,BR:0cr200c/cc/cr600f:9hJh,KhKc|/3c7d7c/Qc:-300,300(-300.000000)
360:BR,Player:0cc/cr200c/r600f:4s8c,3h4c|/7dJcAc/Jh:300,-300(300.000000)
361:Player,BR:0cc/cc/cc/cc:4sTh,8dAs|/4h5cJc/6s/Td:100,-100(21.604099)
362:BR,Player:0r200c/cc/cc/cc:3sAh,QdKc|/5h6d9h/6c/8d:300,-300(-173.743188)
363:Player,BR:0cr200c/cc/cc/r600f:4c7c,7dTd|/5s5dTs/Qc/8c:300,-300(300.000000)
364:BR,Player:0r200c/cc/r600c/r1800r17300f:7h9h,JsQh|/3h6h9c/8s/Ts:-2700,2700(-2700.000000)
365:Player,BR:0cc/cc/cr200c/cc:3s6d,3c5s|/6sKhAs/Jc/8h:300,-300(300.000000)
366:BR,Player:0cc/cr200c/cc/cr600r1800c:5cQh,TcJs|/2h7cTs/4d/8s:-2700,2700(-2700.000000)
367:Player,BR:0cc/cc/r200c/r600f:3hQd,4hJd|/3d3c7h/Qc/Ac:300,-300(300.000000)
368:BR,Player:0cc/cc/r19900f:JsQs,6dTs|/5cJdQd/2c:100,-100(100.000000)
369:Player,BR:0cc/cc/cr200f:4sQc,3d4c|/5hTdKs/9c:-100,100(-100.000000)
370:BR,Player:0r200c/cc/cc/cc:2hAd,4cKs|/7dJdQs/8s/Qd:300,-300(-181.170878)
371:Player,BR:0cr200c/cc/cc/r600f:3dKd,7dAh|/6c9sJc/5s/Tc:300,-300(300.000000)
372:BR,Player:0r200c/cr600c/r1800c/cc:6dQd,2d5d|/3d7s9s/4d/2s:-2700,2700(-2700.000000)
373:Player,BR:0cc/cc/r200c/cc:6cKh,2d3c|/3h4h5d/7d/4c:300,-300(62.808226)
374:BR,Player:0cc/cc/cc/cc:2h4h,7cAd|/4sJdQs/Jh/8s:100,-100(73.485155)
375:Player,BR:0cc/r200c/cc/cr600f:TdJc,5sJh|/2d2cKs/8s/9d:-300,300(-300.000000)
376:BR,Player:0r200c/cc/cc/cr600r1800c:8cQc,4hAc|/4s8dKh/Jh/Ah:-2700,2700(-2700.000000)
377:Player,BR:0cc/cc/cc/cr200r600f:3sTc,8cJc|/6h6dAc/Ad/Js:300,-300(300.000000)
378:BR,Player:0r200c/cc/cc/cr600r1800f:7dJh,KhKc|/4hQdAh/Ac/3h:900,-900(900.000000)
379:Player,BR:0cc/cc/cr200f:5sKh,6h9s|/4h9h9d/2d:-100,100(-100.000000)
380:BR,Player:0cc/cc/r200c/cr600r1800c:5h8d,6sAc|/3d7cAs/9s/8h:-2700,2700(-2700.000000)
381:Player,BR:0cr200c/cc/r600c/r1800r5400f:JsKd,5h7d|/2s5d9c/Jh/8s:-2700,2700(-2700.000000)
382:BR,Player:0r200c/cr600c/cr1800f:2d5c,4dTd|/QhKdAs/7s:-900,900(-900.000000)
383:Player,BR:0cr200c/r600c/cc/cc:9cJs,3h8d|/3s4s7c/7h/Ac:-900,900(-111.294455)
384:BR,Player:0r200c/cr600c/r1800c/r5400c:4s6s,9dQd|/2h8c9s/2s/8h:-8100,8100(-8100.000000)
385:Player,BR:0cr200c/cc/cc/cr600f:2s2h,3hTs|/8hTcJc/Kc/3d:-300,300(-300.000000)
386:BR,Player:0r200c/cr600c/cr1800c/cr17300f:8c9c,4dTd|/3d5c8d/7d/Ks:-2700,2700(-2700.000000)
387:Player,BR:0cc/cc/r200c/r600f:TcKs,5dKh|/JhQsAh/7s/4c:300,-300(300.000000)
388:BR,Player:0r200c/cr600c/cr1800c/cc:8cTc,9s9d|/3c5s8d/Jd/Td:2700,-2700(2699.993050)
389:Player,BR:0cc/cc/cc/cc:5d7h,8hJd|/7s9sAd/Kc/8s:-100,100(-46.677130)
390:BR,Player:0cc/cc/cc/cr200r600f:2c6d,JcQh|/2s8dAc/4s/Qs:300,-300(300.000000)
391:Player,BR:0cr200c/cc/cc/cc:9hJd,2c9s|/9dQhQd/As/Js:300,-300(-12.688015)
392:BR,Player:0r200c/cr600c/r1800c/r5400f:7s8c,9dJh|/2cThQd/2s/5h:2700,-2700(2700.000000)
393:Player,BR:0cr200c/r600c/cc/cr1800c:8h9h,5sTc|/4h7cTd/8d/4d:-2700,2700(207.431052)
394:BR,Player:0cc/cr200c/cc/cr600f:7hQs,TsKh|/2h3c6h/8c/Kd:-300,300(-300.000000)
395:Player,BR:0cr200c/r600c/r1800c/r5400f:3d5d,4sJd|/3cJsAd/3s/2h:2700,-2700(2700.000000)
396:BR,Player:0r200c/cr600c/cc/cc:KcAd,3hQd|/2d5h6h/3s/2h:-900,900(53.234078)
397:Player,BR:0cr200c/cc/r600f:9cAc,8hJh|/6s7sAh/Qc:300,-300(300.000000)
398:BR,Player:0cc/cc/r19900f:9sAd,2c9h|/8dJdAs/Ah:100,-100(100.000000)
399:Player,BR:0cc/cc/r200c/r600c:5sKc,8hAh|/7d8sKh/2s/4h:900,-900(221.418371)
400:BR,Player:0cc/cc/cc/cc:2h8s,5cKs|/2dTsJh/7h/3h:100,-100(6.657024)
401:Player,BR:0cc/cc/cc/cr200f:4cJc,4h9c|/ThTdKc/8d/9d:-100,100(-100.000000)
402:BR,Player:0cc/cc/cc/cr200f:4c7s,3c7d|/5s8cJh/Qd/Ts:-100,100(-100.000000)
403:Player,BR:0cc/cc/cr200c/cc:3dKs,3h9s|/7d8sKc/4c/6c:300,-300(300.000000)
404:BR,Player:0r200c/cr600c/cr1800c/cc:JhAh,6cAd|/2d3c6s/Td/Kd:-2700,2700(-1208.562105)
405:Player,BR:0cr200c/r600c/cc/cr1800c:9cTs,4c6d|/6s7s8c/8s/Ks:2700,-2700(2700.000000)
406:BR,Player:0r200c/cc/cc/r600f:2h7c,3s7s|/4d9hQh/Kh/6h:300,-300(300.000000)
407:Player,BR:0cc/cc/cr19900f:5cTh,2cAh|/2s2d5s/8d:-100,100(-100.000000)
408:BR,Player:0r200c/cc/cr600f:2hTd,4h5d|/3d7s9h/Kh:-300,300(-300.000000)
409:Player,BR:0cr200c/r600c/cr1800f:6c7h,3c6d|/2cTdQc/Ac:-900,900(-900.000000)
410:BR,Player:0r200c/cc/r600c/cr1800f:TsJh,4s7s|/4d5h7h/Jd/Qs:-900,900(-900.000000)
411:Player,BR:0cc/cc/cr200f:3h7c,6sKh|/2s4hKs/Td:-100,100(-100.000000)
412:BR,Player:0cc/cc/r200c/cc:3h5c,7s8c|/2s8dTc/4d/5d:-300,300(15.244871)
413:Player,BR:0cr200c/cc/cc/cr600c:JcKd,5d7c|/5hJdQs/8h/7d:-900,900(-608.000875)
414:BR,Player:0r200c/cc/cc/cr600f:4d8s,8cKc|/2hKsAd/Qh/9h:-300,300(-300.000000)
415:Player,BR:0cc/cc/cc/r200f:5dTs,2d5h|/9cTcQs/7s/3d:100,-100(100.000000)
416:BR,Player:0r200c/cr600c/cr1800f:5sAd,2dAs|/3d9cKs/Tc:-900,900(-900.000000)
417:Player,BR:0cr19900c/cc/cc/cc:KcAs,3s9d|/8d9cJd/7h/Tc:0,-0(1323.323162)
418:BR,Player:0r200c/cc/r600r1800f:6c7s,4dAs|/3h4sAc/Kd:-900,900(-900.000000)
419:Player,BR:0cr200c/r600c/cr19100c/cc:4h4c,9dJc|/3s4dJd/9h/6s:20000,-20000(-7012.824069)
420:BR,Player:0r200c/cr600c/r1800f:3d3c,JhKc|/6sQhQd/6h:900,-900(900.000000)
421:Player,BR:0cr200c/cc/cc/r600r1800f:9cQc,2d4c|/2h6s9s/6d/3d:-900,900(-900.000000)
422:BR,Player:0cc/cc/cc/cr200f:3dAc,4hJc|/8hQhKd/9s/Td:-100,100(-100.000000)
423:Player,BR:0cc/cc/cr200f:2c8h,3s8s|/4sThKd/7h:-100,100(-100.000000)
424:BR,Player:0cc/cc/r200f:5cJc,9cQs|/4d5d7c/3h:100,-100(100.000000)
425:Player,BR:0cr200c/r600c/cr1800f:4d5s,3d7d|/4hQdQc/8s:-900,900(-900.000000)
426:BR,Player:0cc/cc/cc/cr200c:JdAc,TcJh|/8cKsKh/4d/Ts:-300,300(-99.632585)
427:Player,BR:0cc/cc/cr200c/cc:4sQc,6c7h|/3dQsQh/As/5c:300,-300(300.000000)
428:BR,Player:0r200c/cc/cc/cc:2c6h,QsKh|/6sKdAh/Jh/Js:-300,300(41.173389)
429:Player,BR:0cc/cc/cr200c/cc:5c8s,2cJd|/4s5h6h/Qs/Qh:300,-300(296.377135)
430:BR,Player:0cc/cc/cc/cc:5sQh,QcKs|/3h4d7c/7d/9s:-100,100(-68.046500)
431:Player,BR:0cc/cc/cr200c/cr600f:5hKd,7dQd|/TsJhAh/Kh/3s:-300,300(-300.000000)
432:BR,Player:0r200c/cc/r600f:9sQs,4dAs|/3s9dJh/8c:300,-300(300.000000)
433:Player,BR:0cc/cc/cr200f:9hKd,6s8s|/7dJsAc/4h:-100,100(-100.000000)
434:BR,Player:0r200c/cr600c/cr1800f:2d9s,3cJc|/6h6d8c/Ks:-900,900(-900.000000)
435:Player,BR:0cc/r200c/cr600f:6cQd,3d7s|/3h3c4d/Ac:-300,300(-300.000000)
436:BR,Player:0cc/cc/cc/r19900f:JcKs,3dKd|/5c9dTd/4h/Qc:100,-100(100.000000)
437:Player,BR:0cc/cc/cr19900f:5sAh,JsKd|/4dTdJh/Jd:-100,100(-100.000000)
438:BR,Player:0r200c/cr600c/cc/cr1800f:4cAs,QsQh|/3s5c9h/9s/Td:-900,900(-900.000000)
439:Player,BR:0cr200c/cc/cr600f:7h8d,2dTs|/8c9cJc/Ad:-300,300(-300.000000)
440:BR,Player:0r200c/cr600c/cr1800c/cr5400f:JcAh,8sKs|/3h8dKc/9d/4s:-2700,2700(-2700.000000)
441:Player,BR:0cr200c/cc/cr600c/cr1800r5400f:6s9s,QdAd|/2s5c9d/As/8d:2700,-2700(2700.000000)
442:BR,Player:0cc/cc/cr200c/cc:9hJd,4d7c|/2c6hAh/Kd/7s:-300,300(-95.994706)
443:Player,BR:0cc/cc/cc/r200r600f:2c8s,8dKd|/3s5s7s/Js/9c:-300,300(-300.000000)
444:BR,Player:0r200c/cc/r19700f:8dTh,JhQd|/2s7c8c/8s:300,-300(300.000000)
445:Player,BR:0cr200c/cc/cc/cc:6cTc,7d7c|/5h8sKh/Qc/6s:-300,300(-27.602812)
446:BR,Player:0cc/cc/r200c/cc:5h9c,6dJs|/9hKsKd/6h/3d:300,-300(263.431736)
447:Player,BR:0cr200c/r600c/r1800c/r5400f:9cJc,8hTh|/2c4cTc/Ts/Ah:2700,-2700(2700.000000)
448:BR,Player:0cc/cc/cc/cr200c:5s8s,2hJd|/5c9sKh/Ad/4s:300,-300(-94.383244)
449:Player,BR:0cc/cc/cr200c/cr19700f:2cJh,4sKs|/3dJsQh/As/Tc:-300,300(-300.000000)
450:BR,Player:0r200c/cc/cc/cr600r1800r17300f:4cAh,7hTs|/5sTcJc/Td/Th:-2700,2700(-2700.000000)
451:Player,BR:0cc/cc/cr200f:3cTd,4dAs|/2h5h8d/3h:-100,100(-100.000000)
452:BR,Player:0r200c/cr600c/cr1800c/cr5400f:5sKs,8hQs|/4c5hTd/7s/Jd:-2700,2700(-2700.000000)
453:Player,BR:0cc/cc/cc/cc:2dQd,6hKh|/7h7c8d/As/3h:-100,100(-11.480952)
454:BR,Player:0cc/cc/cc/cc:6dQs,9dAh|/5c7cKd/Jd/3h:-100,100(-75.879059)
455:Player,BR:0cc/cc/r200r600f:2d5c,TsJc|/3d8c9s/6s:-300,300(-300.000000)
456:BR,Player:0r200c/cc/r600f:4h9d,JhAd|/6c7h9s/Qh:300,-300(300.000000)
457:Player,BR:0cr200c/cc/cr19700f:6d8s,2dAd|/5dTcAs/2s:-300,300(-300.000000)
458:BR,Player:0r200c/cr600c/cc/cc:4sJd,TcJc|/2c4hAs/Ad/Kd:900,-900(709.751061)
459:Player,BR:0cr200c/cc/r600f:8dAs,3h6d|/2h7sAh/Td:300,-300(300.000000)
460:BR,Player:0r200c/cc/cr600f:2d4s,9cQh|/8hTdJd/5s:-300,300(-300.000000)
461:Player,BR:0cc/cc/cr200c/cc:3d4c,7dTh|/3h8dTs/3c/2s:300,-300(-156.075371)
462:BR,Player:0r200c/cc/r19700f:6s6h,7sKh|/6dAsAd/7d:300,-300(300.000000)
463:Player,BR:0cc/cc/cc/cr200c:4dJd,8sQs|/2h3c4s/9c/6d:300,-300(300.000000)
464:BR,Player:0cc/cr200c/r600f:9sQc,8s9c|/2d3hQs/5s:300,-300(300.000000)
465:Player,BR:0cc/cc/r200c/r600r1800f:8sJh,3s6d|/3d4dJs/5c/9d:-900,900(-900.000000)
466:BR,Player:0r200c/cc/r600c/cc:8hTc,TsTd|/6s7hQc/8c/5c:-900,900(-614.916633)
467:Player,BR:0cc/cc/cc/cc:8hJc,9dTc|/2s7hKs/As/Kc:100,-100(46.875630)
468:BR,Player:0r200c/cc/r600f:3c9d,ThQh|/4c5h9c/9s:300,-300(300.000000)
469:Player,BR:0cc/cc/cc/cr200f:2cJd,4h9d|/3cTsKh/9h/Th:-100,100(-100.000000)
470:BR,Player:0r200c/cc/cc/cc:4sJc,5hKs|/3d5c6s/4d/3h:-300,300(-54.183559)
471:Player,BR:0cr200c/cc/cc/cr600c:5d6c,2cQd|/4s5cAd/8c/7c:900,-900(900.000000)
472:BR,Player:0r200c/cr600c/r1800f:2d5s,2sTs|/6hJdJc/4s:900,-900(900.000000)
473:Player,BR:0cr200c/r600c/r1800c/cc:TsJd,9hTd|/5c9dQh/4c/Jh:2700,-2700(1406.792287)
474:BR,Player:0r200c/cc/r600c/r1800r17300f:6c9h,6d7h|/7c8dTd/7s/4h:-2700,2700(-2700.000000)
475:Player,BR:0cr200c/r600c/cr1800c/cc:QcKh,5s6s|/AsAdAc/Qd/2c:2700,-2700(2700.000000)
476:BR,Player:0r200c/cr600c/r1800c/cr5400f:3c6s,AhAc|/4h8sAd/Qs/Qc:-2700,2700(-2700.000000)
477:Player,BR:0cc/cc/cc/r200c:2h5d,6hKh|/3d5s6d/4c/Td:300,-300(99.465535)
478:BR,Player:0cc/cr200c/cc/cc:8cTs,2hKc|/9hJsKs/Ah/Tc:-300,300(45.716168)
479:Player,BR:0cr200c/cc/cc/cc:5c6s,9hTs|/2h4dJh/3c/5s:300,-300(268.486565)
480:BR,Player:0cc/cr200c/cc/cc:ThKd,6cJs|/3d5s6d/Qs/8h:-300,300(-29.281347)
481:Player,BR:0cr200c/cc/cc/cr600f:KhAd,4c5d|/4d8s9s/Qh/8d:-300,300(-300.000000)
482:BR,Player:0r200c/cc/r600f:ThAc,7d8c|/7sKhAh/4s:300,-300(300.000000)
483:Player,BR:0cc/cc/cr200r600c/r1800c:2d4s,6cTc|/3sTsAh/Ac/Kd:-2700,2700(887.689129)
484:BR,Player:0cc/cc/r200f:7hJs,8dKc|/2c3d7c/4d:100,-100(100.000000)
485:Player,BR:0cc/cc/cr200c/cc:2dKh,7d8s|/2c5s9d/Qd/Th:300,-300(291.665301)
486:BR,Player:0r200c/cc/cc/cc:ThQs,6sAc|/2c7hJd/Ks/3d:-300,300(-253.498239)
487:Player,BR:0cc/cc/cc/cr200c:6cAh,6sJs|/QsQhKs/3d/7s:-300,300(-299.999978)
488:BR,Player:0r200c/cc/r600c/r1800c:3h9s,4cAs|/4h6cKd/5h/2c:2700,-2700(2153.722909)
489:Player,BR:0cr200c/cc/r600r1800f:9dTh,8hAc|/7s8s8c/2s:-900,900(-900.000000)
490:BR,Player:0r200c/cc/r600c/r1800f:6s9c,7dTs|/4c9dTc/9h/Ac:900,-900(900.000000)
491:Player,BR:0cc/cc/cr200c/cc:3d7s,6cJc|/3s4c9d/6s/8d:-300,300(-121.031755)
492:BR,Player:0cc/cc/cr200c/cc:5sKd,5hTd|/6sJhJc/8d/6c:300,-300(144.670478)
493:Player,BR:0cr200c/cc/cc/cr600f:2c3c,6hKh|/2h7dAd/Jc/Ks:-300,300(-300.000000)
494:BR,Player:0r200c/cr600c/cc/cc:TcJh,5s6c|/9s9cAs/Js/9d:900,-900(605.411733)
495:Player,BR:0cc/cc/cc/cr200r600r1800f:4s8s,3s7s|/2c3c4h/8d/Qs:-900,900(-900.000000)
496:BR,Player:0r200c/cr600c/r1800c/cr5400c:5dKc,AsAd|/2s3h6s/4s/Qs:-8100,8100(-2677.170711)
497:Player,BR:0cc/cc/r200c/cc:7hJc,TdAs|/4s8hQc/9h/2d:-300,300(-120.816738)
498:BR,Player:0r200c/cr600c/r1800c/cr5400c:4hTs,3hQh|/5hThTd/Qs/Kh:-8100,8100(-2231.221592)
499:Player,BR:0cr200c/cc/r600f:JsKs,2c5c|/7hJdAh/4s:300,-300(300.000000)
500:BR,Player:0r200c/cc/r600f:7d8s,QdAh|/3c8c9h/4s:300,-300(300.000000)
RAW BR STATS: n=500, sum=-111600.000000, sum_sq=2110970000.000000, vr_sum=-75796.952721, vr_sum_sq=1348072965.505928
BR STATS: -223.200000(179.039789), -151.593905(143.312466)
RESULTS
1)Player: 111600
2)BR: -111600
