In config file: GAME_DEF=game_def.fullholdem
In config file: ACTIONS_R0=C
In config file: ACTIONS_R1=C
In config file: ACTIONS_R2=F,C,1,A
In config file: ACTIONS_R3=F,C,1,A
Using seed 27.
1:Player,BR:0cc/cc/cr200r600c/cr1800f:3d9d,TdQc|/5dQdAs/7h/Qs:-900,900(-900.000000)
2:BR,Player:0r200c/cc/cc/cc:8hAh,6dKh|/4sJsJh/Kc/4d:-300,300(19.350496)
3:Player,BR:0cc/cc/cc/r200f:6c9s,5d7h|/9dThKh/7s/Ks:100,-100(100.000000)
4:BR,Player:0f:2cJs,2h4c|:50,-50(50.000000)
5:Player,BR:0cr200c/cc/cc/r600f:6hTh,JhJd|/2c4sQd/Ac/8h:300,-300(300.000000)
6:BR,Player:0r200c/cr600c/cr1800c/cr5400f:4sTh,5s7d|/3d5dJc/4h/6d:-2700,2700(-2700.000000)
7:Player,BR:0cc/cc/cc/cc:7cKh,4sTh|/4h9sQd/3h/6c:-100,100(-48.753359)
8:BR,Player:0r200c/cr600c/cr1800c/cc:8cJd,7s8s|/5dTcJs/Qh/Ah:2700,-2700(-1138.360081)
9:Player,BR:0cr200c/cc/cc/cr600r1800f:AsAc,3s4d|/4h8s9h/8c/3d:900,-900(900.000000)
10:BR,Player:0cc/cr200c/cc/cc:QsKh,5d8d|/3c5hTc/2h/6c:-300,300(-270.727252)
11:Player,BR:0cr200c/cc/cc/r600r1800f:8cTd,3hQd|/2s6dKh/2d/3d:-900,900(-900.000000)
12:BR,Player:0r200c/cc/cc/r600f:9hTs,8d8c|/7dQsKh/2h/Jh:300,-300(300.000000)
13:Player,BR:0cr200c/r600c/cc/cc:9dTd,8dKd|/4h5s7d/5c/Jc:-900,900(623.728174)
14:BR,Player:0cc/cr200c/cc/cc:5cKs,5dKc|/2d4c8h/2s/3d:0,-0(-27.148198)
15:Player,BR:0cc/cc/cr200f:7cTh,8d9d|/3s6cKh/5s:-100,100(-100.000000)
16:BR,Player:0r200c/cc/cc/cc:3d4s,5h6s|/6c9sTd/Js/Qh:-300,300(-299.986908)
17:Player,BR:0cc/cc/cc/cc:2hKd,QhKh|/2s3h4s/9d/8c:100,-100(73.073058)
18:BR,Player:0r200c/cr600c/r1800c/r17300f:3d9s,2hJh|/2s8hQd/Th/4s:2700,-2700(2700.000000)
19:Player,BR:0cc/cc/cr200c/cr19700f:4c5d,4hAh|/5hAdAc/Jc/As:-300,300(-300.000000)
20:BR,Player:0r200c/cc/cr600f:4h6d,4cAh|/5dJsJd/5h:-300,300(-300.000000)
21:Player,BR:0cr200c/r600c/cc/cc:ThJc,QdAc|/6dJsKh/Qs/3h:-900,900(-353.372891)
22:BR,Player:0r200c/cc/cc/cr600f:2d5h,5cQc|/6s8d8c/As/Jh:-300,300(-300.000000)
23:Player,BR:0cc/cc/cc/cc:4hKd,2dJc|/2c3s9d/Qs/4s:100,-100(2.627990)
24:BR,Player:0cc/cr200c/r600r1800f:4d6d,8h9s|/3h7hTd/2h:-900,900(-900.000000)
25:Player,BR:0cc/cc/cr200f:8dKh,9d9c|/2d3sJs/Jd:-100,100(-100.000000)
26:BR,Player:0r200c/cc/cr600f:2h7h,4sJh|/5c6sAc/Js:-300,300(-300.000000)
27:Player,BR:0cc/cc/cr200c/cc:6sQd,AdAc|/ThKhKc/Td/5c:-300,300(-121.088846)
28:BR,Player:0r200c/cr600c/cc/r1800f:5c9h,4h5h|/3cTcAd/8d/Ac:900,-900(900.000000)
29:Player,BR:0cc/cc/r200f:4dJh,2d7d|/8dJcKh/4h:100,-100(100.000000)
30:BR,Player:0cc/cr200c/cc/cr600c:2sAh,5h9s|/TsThJs/6s/6c:900,-900(-291.389542)
31:Player,BR:0cc/cc/cr200c/cc:5d8s,9hQh|/6cQcAd/8h/Kd:-300,300(-142.034936)
32:BR,Player:0r200c/cr600c/cc/cr1800c:KhAd,TdJc|/4c6cTh/6s/6d:-2700,2700(-896.406673)
33:Player,BR:0cr200c/cc/cc/cr600f:4sKs,8hTs|/2h2dTc/Ac/6d:-300,300(-300.000000)
34:BR,Player:0r200c/cc/r600f:7cTs,9dKd|/2s4s7d/6s:300,-300(300.000000)
35:Player,BR:0cr200c/r600c/cr1800c/cc:TdAc,3hKd|/6dTcQs/Qc/Ah:2700,-2700(2660.060838)
36:BR,Player:0cc/cc/r200c/cc:QsAc,JhKs|/3s5h5d/3h/4c:300,-300(-25.016758)
37:Player,BR:0cc/cc/cr200f:2d4s,8dTs|/3h6s8c/9c:-100,100(-100.000000)
38:BR,Player:0cc/cc/r19900f:7cTc,8hAd|/3s3cKc/2c:100,-100(100.000000)
39:Player,BR:0cc/cc/cc/r200c:6dKc,KhAd|/6s9hJd/4c/6c:300,-300(94.897524)
40:BR,Player:0r200c/cc/cr600f:TdKc,6cTc|/5s5h9s/7s:-300,300(-300.000000)
41:Player,BR:0cc/cc/cr200c/cr600c:7sKh,8sAs|/2h7cJc/Ad/Kd:900,-900(-610.606875)
42:BR,Player:0cc/cc/r200f:9sTc,4c5s|/6c8s8h/Td:100,-100(100.000000)
43:Player,BR:0cc/cc/cr200c/cr600f:4sAh,9sTh|/5h7s9d/3h/7d:-300,300(-300.000000)
44:BR,Player:0cc/cc/cr200r600f:8s9s,3c6s|/8hThJh/4d:300,-300(300.000000)
45:Player,BR:0cr200c/r600c/r1800f:5s8s,5hKc|/2c4s6s/9s:900,-900(900.000000)
46:BR,Player:0cc/cr200c/r600f:JdJc,3c7d|/3sTcQd/Qs:300,-300(300.000000)
47:Player,BR:0cc/cc/cr200f:2hTc,3cQs|/2s5h6s/9d:-100,100(-100.000000)
48:BR,Player:0r200c/cr600c/cr1800f:3h8s,5hKc|/6c9hQh/Ac:-900,900(-900.000000)
49:Player,BR:0cr200c/r600c/cc/cr1800f:5s8s,8dQd|/9sJcAc/9c/7h:-900,900(-900.000000)
50:BR,Player:0cc/cr200c/cr600c/cc:2hAd,7cTc|/4c5d9s/9c/4h:900,-900(446.079343)
51:Player,BR:0cc/cc/cr200f:6dJh,3s6s|/TdTcAs/Ah:-100,100(-100.000000)
52:BR,Player:0r200c/cc/cr600c/cr1800f:4sJs,3c9c|/4c7h9s/2c/5h:-900,900(-900.000000)
53:Player,BR:0cr200c/cc/cr600c/cc:JdAd,3c6s|/2s9dKd/5s/7d:900,-900(900.000000)
54:BR,Player:0r200c/cc/cc/cc:7d9s,4hKs|/2dAdAc/2s/Jd:-300,300(-280.065156)
55:Player,BR:0cc/cc/cc/r200r600f:3d7c,6sAs|/4c7hKh/Kd/Th:-300,300(-300.000000)
56:BR,Player:0cc/cr200c/cr600c/cc:3sKc,7cJc|/5h8dQc/As/Td:900,-900(-483.518242)
57:Player,BR:0cr200c/cc/cr600c/cr1800f:5c6h,2dKc|/4d5dAs/3c/3d:-900,900(-900.000000)
58:BR,Player:0r200c/cc/r19700f:2c6d,8cJd|/4h6cTs/2s:300,-300(300.000000)
59:Player,BR:0cr200c/cc/r600c/r1800r5400r11900f:3s5s,4h5d|/3c5h9h/Qs/5c:8100,-8100(8100.000000)
60:BR,Player:0cc/cc/cc/cr200f:2cAd,3d9h|/TsKsKd/5d/Js:-100,100(-100.000000)
61:Player,BR:0cr200c/r600c/r1800c/r5400f:5d5c,3c7d|/5sQcKh/7s/6s:2700,-2700(2700.000000)
62:BR,Player:0cc/cr200c/cr600f:7cKs,TsQc|/2h4sTd/8c:-300,300(-300.000000)
63:Player,BR:0cc/cc/cr200c/cc:2dAs,8dJd|/9hTcAd/5h/9c:300,-300(299.690535)
64:BR,Player:0r200c/cc/cc/cc:4d9h,7dAs|/TdQsQd/9c/4h:300,-300(275.103288)
65:Player,BR:0cc/cc/cr200f:6sQh,5sJh|/3s9sKd/5d:-100,100(-100.000000)
66:BR,Player:0cc/cr200c/cc/cc:QdKc,8h9c|/9dJdJc/Ac/Jh:-300,300(211.507395)
67:Player,BR:0cc/cc/cr19900f:5hTh,9cAh|/5s5cAc/As:-100,100(-100.000000)
68:BR,Player:0f:6d8c,3c8d|:50,-50(50.000000)
69:Player,BR:0cr200c/cc/cc/cc:3d3c,2h5d|/4d7sJs/Qc/Kd:300,-300(300.000000)
70:BR,Player:0f:6dAh,3h7s|:50,-50(50.000000)
71:Player,BR:0cr200c/cc/cr600f:8hAs,8cAh|/5c9cTh/6c:-300,300(-300.000000)
72:BR,Player:0cc/cc/cc/cr200f:7hQd,4sKc|/6h8dJd/Kh/4d:-100,100(-100.000000)
73:Player,BR:0cc/cc/r200r600f:3s9h,7d9d|/7c8h9s/4s:-300,300(-300.000000)
74:BR,Player:0r200c/cr600c/cr1800f:3sQh,JhKc|/8dJdJc/5h:-900,900(-900.000000)
75:Player,BR:0cc/cc/cr200f:2hQc,4h6h|/6d9hKh/2c:-100,100(-100.000000)
76:BR,Player:0r200c/cr600c/r1800f:8d9s,7s9h|/4d8sQs/8h:900,-900(900.000000)
77:Player,BR:0cr200c/cc/cc/cc:2sAs,9dTs|/5sKhAh/4s/Qd:300,-300(233.878960)
78:BR,Player:0r200c/cr600c/cc/cc:5s8d,9dJh|/2dTsJd/4d/4c:-900,900(-899.445565)
79:Player,BR:0cc/cc/r200c/r600f:4s9c,3h3c|/5d9s9d/6c/Qd:300,-300(300.000000)
80:BR,Player:0cc/cc/r200f:4cAh,9hKs|/8dQhQd/Ad:100,-100(100.000000)
81:Player,BR:0cr200c/cc/cc/cr600f:KdAd,2dKh|/2c8sJd/Ts/Js:-300,300(-300.000000)
82:BR,Player:0cc/cc/cc/cc:3c4h,2sTc|/4c7dQd/2h/Js:100,-100(62.967892)
83:Player,BR:0cr200c/r600c/cc/r1800r5400f:2s4s,TsJd|/3h3dJc/9c/7h:-2700,2700(-2700.000000)
84:BR,Player:0cc/cc/cr200c/cc:5cKh,2h9s|/2c3h3c/7h/9c:-300,300(-78.742182)
85:Player,BR:0cr200c/cc/cr600c/cc:4h7h,3sJc|/6c7cAd/4s/2d:900,-900(880.299879)
86:BR,Player:0r200c/cc/cc/cr600f:3c4h,7hAc|/5sThAd/6d/Td:-300,300(-300.000000)
87:Player,BR:0cc/cc/cr200f:6dQc,4h5c|/7h9cKs/Js:-100,100(-100.000000)
88:BR,Player:0cc/cr200c/r600f:3s6s,3h4d|/5d8s8h/Qh:300,-300(300.000000)
89:Player,BR:0cc/cc/cr200f:2h9s,TsTh|/4h6dQs/5c:-100,100(-100.000000)
90:BR,Player:0f:4c7c,3s9c|:50,-50(50.000000)
91:Player,BR:0cr200c/r600c/r1800c/cc:5cKc,3c9d|/5h5d7d/9h/6s:2700,-2700(293.032006)
92:BR,Player:0r200c/cc/r600f:9dAh,2dQd|/3sTsAc/5c:300,-300(300.000000)
93:Player,BR:0cr200c/cc/cr600c/cc:TsTh,7h7c|/5c6s7s/8s/Qd:-900,900(73.693936)
94:BR,Player:0cc/cc/cc/r200f:QhAd,5h8d|/7sKsKc/4h/Qs:100,-100(100.000000)
95:Player,BR:0cc/cc/cc/cc:5h7d,2hAd|/4d5cQs/Jc/Th:100,-100(29.291652)
96:BR,Player:0cc/cr200c/r600c/cr1800f:7cAc,2hAh|/3c6hKh/4s/8d:-900,900(-900.000000)
97:Player,BR:0cc/cc/r200c/r600f:7cQs,5hKc|/2s8s9d/Qh/3h:300,-300(300.000000)
98:BR,Player:0r200c/cr600c/cr1800f:3dTs,QsQc|/5h9cQh/2s:-900,900(-900.000000)
99:Player,BR:0cr200c/cc/cc/cc:7s8h,6hKs|/3h7h9c/Td/4s:300,-300(287.072671)
100:BR,Player:0cc/cc/cr200c/cc:6cJc,5s5c|/2s7cKh/4s/6d:300,-300(132.025654)
101:Player,BR:0cc/cc/cc/r200f:3cQd,2s3s|/8dJcQc/Ts/7c:100,-100(100.000000)
102:BR,Player:0f:4cKd,2d6h|:50,-50(50.000000)
103:Player,BR:0cc/cc/cc/cc:3d6c,5dKc|/6d8hJh/5h/7c:100,-100(42.916957)
104:BR,Player:0r200c/cr600c/r1800c/cc:4c8s,3cQd|/JcQsKc/Qc/4d:-2700,2700(-2700.000000)
105:Player,BR:0cc/cc/cc/cc:6d9s,3dAd|/4c7cJh/Qh/7d:-100,100(-22.583604)
106:BR,Player:0r200c/cc/cc/cr600f:3hQh,8cTs|/2c6cTc/4c/Js:-300,300(-300.000000)
107:Player,BR:0cc/cc/cc/r200c:5s9d,4sQd|/3c8cJc/4d/Kh:-300,300(98.488803)
108:BR,Player:0r200c/cc/cc/cc:7h9s,5cJd|/8hKsAc/3d/8c:-300,300(-298.355555)
109:Player,BR:0cc/cc/cr200f:8cQh,2c8d|/6dJhKh/6s:-100,100(-100.000000)
110:BR,Player:0r200c/cr600c/cc/cr1800c:3d6s,7h9d|/2d2c3h/Tc/Qs:2700,-2700(-864.484389)
111:Player,BR:0cc/cc/cr200f:3sKd,2h4s|/7h7cTd/Ah:-100,100(-100.000000)
112:BR,Player:0cc/cc/r200f:5c7h,6dJh|/3h4d8s/9c:100,-100(100.000000)
113:Player,BR:0cc/cc/cr200f:2d4c,9sQd|/7sTdJd/6s:-100,100(-100.000000)
114:BR,Player:0r200c/cc/cc/cr600c:QhAh,8dTh|/3c5sKc/Td/3h:-900,900(-261.793937)
115:Player,BR:0cr200c/cc/cc/cc:2hAh,7d8s|/9cJhJc/3d/3h:300,-300(290.476174)
116:BR,Player:0r200c/cr600c/r1800f:3s8d,9cJh|/3h3cQs/Qc:900,-900(900.000000)
117:Player,BR:0cr200c/cc/cr600f:4c7c,QhKc|/2s5dTh/Jc:-300,300(-300.000000)
118:BR,Player:0r200c/cr600c/cr1800f:4cKh,5dAd|/3d9hTd/7d:-900,900(-900.000000)
119:Player,BR:0cc/cc/cr200f:5dAh,2h6c|/7c8d9s/Ts:-100,100(-100.000000)
120:BR,Player:0f:9cTd,2c5s|:50,-50(50.000000)
121:Player,BR:0cr200c/cc/cr600f:8s8h,KsKh|/7hQdAh/5s:-300,300(-300.000000)
122:BR,Player:0cc/cc/cc/cc:3cAc,9hAd|/8hJcKs/9d/6c:-100,100(-12.108988)
123:Player,BR:0cc/cc/cr200f:6dTc,2c3c|/2s4c5d/9s:-100,100(-100.000000)
124:BR,Player:0r200c/cc/r600f:3dKc,5sQs|/2c5c8c/Ks:300,-300(300.000000)
125:Player,BR:0cc/cc/cc/r200c:8h9c,5dKs|/8d8c9s/5s/7c:300,-300(89.530358)
126:BR,Player:0cc/cr200c/r600r1800c/cc:JsKh,3sTd|/5d6dTc/Jd/8h:2700,-2700(745.327816)
127:Player,BR:0cc/cc/cr200c/cr600f:6dQd,4c9s|/4h4dTc/Qc/9d:-300,300(-300.000000)
128:BR,Player:0cc/cc/r200c/cc:5d9h,6cJc|/7d7cQc/6d/Th:-300,300(-300.000000)
129:Player,BR:0cr200c/cc/r600f:TcKs,7dJh|/9hQhAc/5d:300,-300(300.000000)
130:BR,Player:0r200c/cc/r600f:8hJs,6sAd|/7c9dJc/5d:300,-300(300.000000)
131:Player,BR:0cc/cc/cc/cr200c:6hJh,4sJc|/3dJsQd/3c/4c:-300,300(-217.909688)
132:BR,Player:0r200c/cc/cc/cc:6s8s,2c4c|/7hThAs/Jc/4s:-300,300(-299.998927)
133:Player,BR:0cc/cc/cr200c/cc:2hQd,6hTs|/4s8hQs/9c/9h:300,-300(293.915396)
134:BR,Player:0r200c/cr600c/cc/r1800f:2c7s,5sTs|/3d9dKs/4d/8d:900,-900(900.000000)
135:Player,BR:0cc/cc/cr200c/cc:8hKd,JsQs|/4cThKs/Ts/6c:300,-300(261.888381)
136:BR,Player:0r200c/cr600c/cc/r1800f:4h7h,KcAd|/2d4d8c/5s/6s:900,-900(900.000000)
137:Player,BR:0cr200c/cc/cc/cc:AsAc,2cJd|/6h8s9h/8h/9c:300,-300(151.577541)
138:BR,Player:0r200c/cr600c/cr1800r5400f:4sTs,9hJd|/4d8dQc/7h:2700,-2700(2700.000000)
139:Player,BR:0cc/r200c/cc/cr600f:4sKs,9hTc|/QsAsAc/Td/3h:-300,300(-300.000000)
140:BR,Player:0r200c/cc/cc/cc:4c6s,7c9d|/2h7dJh/Ks/8d:-300,300(-299.999998)
141:Player,BR:0cr200c/cc/cc/r600c:9s9c,4s6s|/4d7sTc/8h/2s:900,-900(296.345495)
142:BR,Player:0cc/cc/r200c/cc:5s5c,6c8c|/8dJhJc/3d/Td:-300,300(-28.830525)
143:Player,BR:0cc/cc/cc/cc:2d6s,QdKh|/4d6d7h/Ah/6h:100,-100(-19.466713)
144:BR,Player:0cc/cr200c/cc/cc:JdJc,4c9d|/2sQcKh/2d/Th:300,-300(161.775873)
145:Player,BR:0cr200c/r600c/cc/cc:6d7s,7dQd|/8cQsAs/3h/Ac:-900,900(-711.216689)
146:BR,Player:0r200c/cc/cc/cc:6c8h,JdKs|/8sQcAd/As/3c:300,-300(241.571072)
147:Player,BR:0cr200c/r600c/r1800c/cc:7s9s,9hAs|/8sKsKc/3s/3c:2700,-2700(358.243129)
148:BR,Player:0r200c/cr600c/cc/r1800c:2hQh,6dAc|/7c9cQs/7h/6s:2700,-2700(354.046618)
149:Player,BR:0cr200c/cc/r600f:7cQc,3d8c|/5c7sQh/As:300,-300(300.000000)
150:BR,Player:0r200c/cc/r600c/r1800c:4cTc,8d9d|/4h8sJh/9s/Qc:2700,-2700(2208.320301)
151:Player,BR:0cc/cc/cr200f:2s7d,6sJs|/3d9hQs/3s:-100,100(-100.000000)
152:BR,Player:0r200c/cc/cc/cc:6h9h,5dAd|/2sJhKc/5c/8h:-300,300(-300.000000)
153:Player,BR:0cc/cc/cc/cc:3hJc,4dAc|/6d6cQh/5h/7s:-100,100(-20.636194)
154:BR,Player:0r200c/cr600c/cr1800c/cr5400f:TcKh,9hTs|/2h4c5h/8h/8d:-2700,2700(-2700.000000)
155:Player,BR:0cr200c/cc/cc/cc:6sAs,2dQh|/JcKdAh/Qs/8d:300,-300(-78.754384)
156:BR,Player:0cc/cr200c/cc/cc:7dKd,4dTh|/7h8cJd/5h/8s:300,-300(207.229063)
157:Player,BR:0cr200c/cc/cc/cc:9sQs,5hKs|/4c6c8d/4d/6s:-300,300(116.933917)
158:BR,Player:0cc/cc/cc/cc:4s5h,2d9h|/6c9dKd/Th/4c:-100,100(16.488787)
159:Player,BR:0cc/cc/cc/r200f:6cJd,4dTh|/2h7dAc/7h/2d:100,-100(100.000000)
160:BR,Player:0r200c/cc/r600f:2c8h,7hKs|/3h5s5h/4d:300,-300(300.000000)
161:Player,BR:0cr200c/cc/r600r1800r5400c/r11900c:9cQh,TdJs|/4dThJc/8h/3s:20000,-20000(7729.304943)
162:BR,Player:0f:9hJs,2s4d|:50,-50(50.000000)
163:Player,BR:0cc/cc/r200c/cc:6s7h,9hKh|/3d4c7c/Jh/2s:300,-300(46.373372)
164:BR,Player:0r200c/cr600c/cr1800c/cr5400c:KdAs,JdQs|/8dJsJc/3h/Ah:-8100,8100(-2434.431590)
165:Player,BR:0cc/cc/cc/cc:7dTs,QcAs|/4h5d7h/6h/Kc:100,-100(96.809895)
166:BR,Player:0r200c/cr600c/cr1800f:8sTd,8dAs|/4cKdAd/Qc:-900,900(-900.000000)
167:Player,BR:0cr200c/cc/cr600c/cc:TsAs,7dJs|/4hJdKc/6h/Tc:-900,900(132.344979)
168:BR,Player:0r200c/cr600c/r1800f:9sKh,2sAh|/4sQsKd/6c:900,-900(900.000000)
169:Player,BR:0cr200c/cc/cc/cc:8hKh,7cJd|/3s3d4d/9s/Qs:300,-300(290.105105)
170:BR,Player:0cc/cr200c/cc/cc:5sAd,7dJs|/5c9hKs/4c/6s:300,-300(112.206015)
171:Player,BR:0cc/cc/r200c/cr600f:3s5c,TsJc|/2cQhAd/9d/8d:-300,300(-300.000000)
172:BR,Player:0r200c/cr600c/cr1800c/cr17300f:5sAc,5d6d|/3s3h7d/Td/4d:-2700,2700(-2700.000000)
173:Player,BR:0cc/cc/cr200f:3c7d,8sAs|/2s2d8d/Ah:-100,100(-100.000000)
174:BR,Player:0cc/cc/r200c/r600f:5h8h,2d7d|/4dJhKh/6d/Th:300,-300(300.000000)
175:Player,BR:0cc/cc/cc/r200f:7cTh,JdKh|/2d3s8s/Tc/Qc:100,-100(100.000000)
176:BR,Player:0f:9dTh,2d3c|:50,-50(50.000000)
177:Player,BR:0cc/cc/cr200c/cr600f:4c9s,TcJc|/2cJhQc/4d/Jd:-300,300(-300.000000)
178:BR,Player:0cc/cr200c/cc/cc:QcKs,2h6h|/3d4d9h/8s/Js:300,-300(-96.829968)
179:Player,BR:0cr200c/r600c/r1800f:TcQc,6s7c|/9hTsAc/Js:900,-900(900.000000)
180:BR,Player:0r200c/cc/cc/cc:2h8s,5sAc|/7cJhQs/4d/7s:-300,300(-300.000000)
181:Player,BR:0cc/cc/cr200f:3h6d,9cQc|/6sTcKd/9d:-100,100(-100.000000)
182:BR,Player:0r200c/cr600c/cr1800f:5hKs,4hAd|/6h9hQc/Td:-900,900(-900.000000)
183:Player,BR:0cr200c/cc/r600f:JsAs,2c9s|/5h7hQs/Jh:300,-300(300.000000)
184:BR,Player:0r200c/cr600c/cc/r1800f:4sAh,7hTd|/2hKdKc/Ad/Kh:900,-900(900.000000)
185:Player,BR:0cc/cc/cr200f:6dAs,6sTs|/4dTdKc/4h:-100,100(-100.000000)
186:BR,Player:0r200c/cc/r600f:9dJc,4cKs|/9sAsAc/Jh:300,-300(300.000000)
187:Player,BR:0cc/cc/cc/cc:7hQs,TdJh|/3h9cKc/3s/Kd:100,-100(32.088205)
188:BR,Player:0r200c/cc/r600f:4c7c,KdAd|/4d7s8c/9c:300,-300(300.000000)
189:Player,BR:0cc/cc/cr200c/cc:TdKh,5c9d|/4c6dAs/Tc/Ah:300,-300(287.084967)
190:BR,Player:0r200c/cr600c/cc/cc:6cQs,9sTs|/7dQdAs/2d/5s:900,-900(204.305459)
191:Player,BR:0cc/cc/cr200f:ThQc,JhAc|/4c8sAs/7s:-100,100(-100.000000)
192:BR,Player:0r200c/cr600c/r1800f:3cKh,5dAh|/2s4hTh/Ks:900,-900(900.000000)
193:Player,BR:0cc/cc/r200c/cc:5hAs,2h4c|/4d5s8c/7h/8d:300,-300(-14.652263)
194:BR,Player:0cc/cr200c/cc/cr600f:9h9c,4c8h|/8d8cTh/Ks/5h:-300,300(-300.000000)
195:Player,BR:0cr200c/r600c/cc/cc:TcJd,9dJc|/5d7dAs/3s/Kd:900,-900(455.259898)
196:BR,Player:0r200c/cr600c/r1800f:6h6c,QsAd|/2h3cTd/Tc:900,-900(900.000000)
197:Player,BR:0cc/cc/r200c/cc:4dTs,3h3d|/2c7h8s/9s/Ks:-300,300(-26.209324)
198:BR,Player:0r200c/cc/cr600c/cc:8cAh,6sTc|/3h7h9c/4c/9d:900,-900(206.043780)
199:Player,BR:0cc/cc/cc/r200r600c:9cQh,4hKd|/2h5sAd/9d/Qd:900,-900(900.000000)
200:BR,Player:0cc/cc/cc/cc:3c7h,4dKh|/5s9cJd/8c/9h:-100,100(-100.000000)
201:Player,BR:0cc/cc/r200c/cc:9cJs,ThJd|/7d8hAc/Jc/8d:0,-0(-230.223585)
202:BR,Player:0f:5sKh,2c8d|:50,-50(50.000000)
203:Player,BR:0cc/cc/cc/r200c:2hQd,8hJc|/ThTcQh/5d/3d:300,-300(97.745775)
204:BR,Player:0r200c/cc/cc/cc:6dJd,8dKh|/3sThQd/5c/2d:-300,300(-300.000000)
205:Player,BR:0cr200c/r600c/r1800c/cc:5cKc,6s7h|/3hTcQd/6c/Th:-2700,2700(-1064.290940)
206:BR,Player:0r200c/cc/cc/r600c:3dJh,5dTd|/9sJsAc/Ts/Jd:900,-900(808.829636)
207:Player,BR:0cc/cc/cc/cr200c:3sTh,2dJc|/7h9hKc/3c/8d:300,-300(300.000000)
208:BR,Player:0cc/cc/r200r600c/r1800f:QsKc,4dKh|/4c6s8s/Ks/7s:900,-900(900.000000)
209:Player,BR:0cc/cc/cr200f:2c9s,TcQs|/3h4dQc/4c:-100,100(-100.000000)
210:BR,Player:0r200c/cr600c/cc/r1800f:8h9c,9sJh|/4h6sQc/Jd/Ac:900,-900(900.000000)
211:Player,BR:0cr200c/cc/cc/r600f:QhAd,4h4c|/TdJsJc/3h/Kh:300,-300(300.000000)
212:BR,Player:0r200c/cr600c/cr1800c/cr5400f:QhKs,TcAc|/3c5cTd/3h/9s:-2700,2700(-2700.000000)
213:Player,BR:0cr200c/r600c/cc/cc:5dTd,QdKc|/3s4h7h/8h/7d:-900,900(418.404093)
214:BR,Player:0r200c/cc/r600f:2c5c,8sAc|/2h3c4d/7c:300,-300(300.000000)
215:Player,BR:0cr200c/r600c/r1800r5400f:4dJd,4h7d|/2h3c6h/As:-2700,2700(-2700.000000)
216:BR,Player:0cc/cr200c/r600f:2h9d,4dJh|/4h5dAd/Kc:300,-300(300.000000)
217:Player,BR:0cr200c/cc/r600f:9sJh,3s9d|/4c8sQh/Tc:300,-300(300.000000)
218:BR,Player:0r200c/cc/r600f:4sQd,6sKc|/4cQhAh/9s:300,-300(300.000000)
219:Player,BR:0cr200c/r600c/r1800r5400f:6d7h,3d9s|/2d8d9c/7c:-2700,2700(-2700.000000)
220:BR,Player:0r200c/cr600c/r1800f:3d9c,8sQd|/2s6c9h/4d:900,-900(900.000000)
221:Player,BR:0cr200c/cc/cr600f:8h9h,8sKs|/4dKdAh/2s:-300,300(-300.000000)
222:BR,Player:0r200c/cr600c/cr1800c/cc:4c7d,3cKd|/3h7c8s/Jd/9s:2700,-2700(-1556.822364)
223:Player,BR:0cr200c/r600c/cr1800f:ThAh,4c5d|/JdKdAc/Td:-900,900(-900.000000)
224:BR,Player:0r200c/cc/r600c/r1800f:QdAh,3s5c|/5h7sJd/Qh/Qc:900,-900(900.000000)
225:Player,BR:0cc/cc/r200c/cc:8dTs,3hKd|/3d4cJh/Js/2d:-300,300(-121.488072)
226:BR,Player:0r200c/cc/r600c/cr19100f:4sQd,TcKc|/9d9cQh/Js/Ac:-900,900(-900.000000)
227:Player,BR:0cc/cc/r200r600f:3cTc,7d8c|/5s6cQd/2d:-300,300(-300.000000)
228:BR,Player:0cc/cc/r200c/cc:3h8d,JhQd|/4d7dKd/2c/As:-300,300(-300.000000)
229:Player,BR:0cr200c/cc/cr19700f:3h3c,9hTc|/8dJsQh/4h:-300,300(-300.000000)
230:BR,Player:0r200c/cc/cc/r600f:6sAd,6h9d|/2hJcKs/Js/Ac:300,-300(300.000000)
231:Player,BR:0cr200c/r600c/r1800f:5hKh,4sAd|/5c9hJh/6s:900,-900(900.000000)
232:BR,Player:0r200c/cc/cc/cc:9hAc,7s7h|/3h5cKc/Qh/4h:-300,300(-153.409867)
233:Player,BR:0cc/cc/r200f:8sAd,6c7s|/5hTsAc/As:100,-100(100.000000)
234:BR,Player:0cc/cr200c/r600f:2sQc,3d7h|/3h4sJs/Ah:300,-300(300.000000)
235:Player,BR:0cr200c/cc/cr600c/cr1800f:7dAs,3c4s|/4h5s6d/2s/Ks:-900,900(-900.000000)
236:BR,Player:0cc/cc/r200f:6sQc,6h8d|/2s3s4d/7d:100,-100(100.000000)
237:Player,BR:0cc/cc/cr200f:7dJs,5d8s|/3s9h9c/2h:-100,100(-100.000000)
238:BR,Player:0cc/cr200c/r600f:6hAh,4hTd|/5d8dAc/4d:300,-300(300.000000)
239:Player,BR:0cc/cc/cc/cc:2hJc,9dQc|/3s3dTd/9c/As:-100,100(-49.056428)
240:BR,Player:0r200c/cc/r600f:4cJd,7hQc|/8dJhJc/Ad:300,-300(300.000000)
241:Player,BR:0cr200c/cc/cc/r600r1800c:2cKc,8s9c|/5h8hKs/Th/7d:2700,-2700(2700.000000)
242:BR,Player:0r200c/cr600c/cr1800c/cc:8s8c,8dKc|/4s9dTs/6h/As:2700,-2700(-660.980485)
243:Player,BR:0cc/cc/r200c/r600f:2sQc,7c9s|/8c9cTc/Th/5h:300,-300(300.000000)
244:BR,Player:0cc/cr200c/r600f:4c7d,2d5c|/3d6hQd/Jd:300,-300(300.000000)
245:Player,BR:0cc/cc/cc/cc:4dAc,9sKh|/6h6dJd/5h/7d:100,-100(2.976098)
246:BR,Player:0r200c/cc/cc/cc:4sTs,7c9d|/9hTcAs/Qs/Qh:300,-300(259.127560)
247:Player,BR:0cr200c/cc/cc/r600r1800f:6c8h,4c9d|/5h5cJs/Ac/4s:-900,900(-900.000000)
248:BR,Player:0r200c/cc/r600f:8dKs,9dKh|/5h8hAs/4c:300,-300(300.000000)
249:Player,BR:0cc/cc/cr200c/cc:3dTs,7cQh|/6dThKh/Qs/As:-300,300(5.987503)
250:BR,Player:0r200c/cr600c/cc/cr1800c:8sAc,ThJh|/7sJsJd/9d/5c:-2700,2700(-891.039721)
251:Player,BR:0cc/cc/cr200f:JcQh,2s9s|/2c5d9c/4h:-100,100(-100.000000)
252:BR,Player:0cc/cr200c/cc/r600f:4s9c,4d6h|/3s8cQc/Td/Qh:300,-300(300.000000)
253:Player,BR:0cr200c/cc/cc/r600f:8hJc,5sTd|/4h9d9c/4d/6d:300,-300(300.000000)
254:BR,Player:0cc/cc/r200c/cc:6c8c,2sQh|/3s7cJd/Qc/6d:-300,300(-130.824321)
255:Player,BR:0cr200c/cc/cc/cc:JsKc,8hQd|/2h2dKs/9d/Ac:300,-300(124.267840)
256:BR,Player:0cc/cc/cc/cr200r600c:2sTc,5d9c|/7hKdAd/Kh/9s:-900,900(-900.000000)
257:Player,BR:0cr200c/r600c/r1800f:2s3s,5h6h|/TsThAd/4s:900,-900(900.000000)
258:BR,Player:0cc/cr200c/cr600r1800f:TcAc,5sJh|/4c7hQs/Th:900,-900(900.000000)
259:Player,BR:0cc/cc/cc/cr200f:3cAd,7cJc|/7s9s9c/Td/3s:-100,100(-100.000000)
260:BR,Player:0cc/cc/r200c/cc:9dQs,4s4h|/8s8c9s/As/Jh:300,-300(-33.538175)
261:Player,BR:0cr200c/cc/cr600c/cc:AhAc,8c9h|/2h5d6d/8s/3c:900,-900(-96.634535)
262:BR,Player:0r200c/cc/r600c/cc:2sQd,KdAc|/6d7cJd/5d/Qh:900,-900(855.659742)
263:Player,BR:0cc/cc/r200f:6sQh,2s4s|/8sTdJd/Kd:100,-100(100.000000)
264:BR,Player:0cc/cr200c/cr600f:6d7s,5c9h|/8cJsQc/Kh:-300,300(-300.000000)
265:Player,BR:0cc/cc/cc/cc:6sAh,3h9h|/5sThQd/3c/8s:-100,100(-22.496092)
266:BR,Player:0cc/cc/r200c/r19700f:7dQd,6cTc|/8dTdJs/3c/6d:300,-300(300.000000)
267:Player,BR:0cr200c/r600c/cc/cr1800f:5c6h,3sTh|/8dTdQd/6c/Kd:-900,900(-900.000000)
268:BR,Player:0f:7dKc,2d4c|:50,-50(50.000000)
269:Player,BR:0cc/cc/cc/cc:5d6c,8dAs|/9sTdQh/3d/Qc:-100,100(-5.141842)
270:BR,Player:0r200c/cc/r600f:QsAd,8cJh|/4d7dAs/8d:300,-300(300.000000)
271:Player,BR:0cr200c/r600c/cr1800c/cr5400f:8dJd,KdAc|/4s8hQh/Ad/7d:-2700,2700(-2700.000000)
272:BR,Player:0cc/cc/r200c/r600f:KhAd,5s9d|/4d7cAc/9h/Js:300,-300(300.000000)
273:Player,BR:0cc/cc/r200c/cc:8sQd,ThAh|/5h5d6h/8d/7c:300,-300(287.794376)
274:BR,Player:0r200c/cc/cc/cr600f:7cQc,5cKs|/2s3s4c/9s/6c:-300,300(-300.000000)
275:Player,BR:0cc/cc/cc/cc:2cAd,3c8h|/2hJcQh/9c/Qs:100,-100(72.722023)
276:BR,Player:0r200c/cc/cc/cr600r1800f:TsQh,4dJc|/7s7hJd/3s/9d:900,-900(900.000000)
277:Player,BR:0cr200c/cc/cr600f:QdAh,2sKc|/3c9sKs/7s:-300,300(-300.000000)
278:BR,Player:0cc/cc/r200f:AdAc,ThJh|/3h8d8c/6d:100,-100(100.000000)
279:Player,BR:0cc/cc/r200f:3cAs,7d9h|/2c6hKs/3h:100,-100(100.000000)
280:BR,Player:0f:8s9s,3d8h|:50,-50(50.000000)
281:Player,BR:0cr200c/r600c/r1800c/cc:6d9d,7h7d|/TsAsAd/3d/Ac:-2700,2700(-2087.159807)
282:BR,Player:0r200c/cc/cc/cc:4cKh,5hKc|/8d9sQh/2d/As:0,-0(-258.287268)
283:Player,BR:0cc/cc/r200c/r600f:6hTd,5d7s|/3d7hTs/4h/Jh:300,-300(300.000000)
284:BR,Player:0r200c/cr600c/cr1800f:7hJd,9hTd|/5sQcKd/8c:-900,900(-900.000000)
285:Player,BR:0cr200c/cc/cr19700f:8dTs,4dTd|/4cKdAd/5d:-300,300(-300.000000)
286:BR,Player:0cc/cr200c/cc/r600f:8d8c,5s6d|/JhQsKd/3c/8h:300,-300(300.000000)
287:Player,BR:0cc/cc/cc/cr200f:8cJh,7cTd|/6dTsQc/Ah/Th:-100,100(-100.000000)
288:BR,Player:0r200c/cr600c/cc/cc:ThAc,8h9h|/5h5dKs/3d/7c:900,-900(-66.851938)
289:Player,BR:0cr200c/cc/r600f:TsAh,JdQc|/3h5d8h/9h:300,-300(300.000000)
290:BR,Player:0r200c/cr600c/r1800c/r5400c:2d6d,6cAd|/2c6s9s/Kd/Ah:-8100,8100(3924.335911)
291:Player,BR:0cr200c/cc/cr600c/cr1800r5400f:QsQc,9dKs|/TsThKh/Qd/8c:2700,-2700(2700.000000)
292:BR,Player:0cc/cc/r200f:JdAh,5s9c|/4cJhKc/Qh:100,-100(100.000000)
293:Player,BR:0cr200c/r600c/cr1800c/cc:9cQh,6s8h|/2h3c9h/8s/Kd:2700,-2700(769.572392)
294:BR,Player:0f:5d9d,2d9s|:50,-50(50.000000)
295:Player,BR:0cc/cc/r200r600f:2hAs,5hTh|/5d7cTs/2s:-300,300(-300.000000)
296:BR,Player:0cc/cr200c/cc/cc:4sAs,8s9c|/2c7cQs/2h/Qd:300,-300(164.711894)
297:Player,BR:0cr200c/r600c/cr1800f:5h6d,7s8s|/3dJdJc/As:-900,900(-900.000000)
298:BR,Player:0r200c/cc/cc/r600f:4sKc,7sTd|/7h9hKh/4h/Kd:300,-300(300.000000)
299:Player,BR:0cr200c/r600c/cr1800f:8sKs,9hQh|/2d9sTh/6h:-900,900(-900.000000)
300:BR,Player:0cc/cc/cr200r600c/cr1800f:JhQs,4cAc|/2h3c7d/5s/7c:-900,900(-900.000000)
301:Player,BR:0cr200c/r600c/cc/r1800c:ThKd,8cQd|/3s7d8d/Td/Ts:2700,-2700(769.710952)
302:BR,Player:0r200c/cr600c/cr1800c/cc:TcKc,9cQc|/4sThJh/Jc/Jd:2700,-2700(2598.908640)
303:Player,BR:0cc/cc/r200r600f:4s9s,3hTh|/5s5c6h/2d:-300,300(-300.000000)
304:BR,Player:0cc/cr200c/r600f:4s6c,4c7s|/3cKhAs/9s:300,-300(300.000000)
305:Player,BR:0cr200c/r600c/r1800f:TdAc,3cJc|/2c6hTh/Qd:900,-900(900.000000)
306:BR,Player:0r200c/cc/cc/r600f:7cTs,5h6h|/8sQsAd/Td/Th:300,-300(300.000000)
307:Player,BR:0cr200c/r600c/cr1800r5400f:9hAd,4d5d|/2hJsJc/Jh:2700,-2700(2700.000000)
308:BR,Player:0r200c/cc/cc/cr600f:2s6h,KsKc|/4hJhJc/8s/9c:-300,300(-300.000000)
309:Player,BR:0cr200c/cc/cc/r600r1800c:JsAs,3dQc|/3h6dTd/Kh/Qd:2700,-2700(-440.227749)
310:BR,Player:0cc/cc/cr200c/cc:7cAc,2hQd|/4dQsKs/Jc/3c:-300,300(-107.463442)
311:Player,BR:0cr200c/cc/cc/cc:5h5d,7hTh|/QhQdKc/8d/Ac:300,-300(262.992489)
312:BR,Player:0r200c/cc/cc/cr600f:2h8d,JsKs|/4dThTc/Jh/5d:-300,300(-300.000000)
313:Player,BR:0cc/cc/cr200c/cc:9dTs,7h9c|/2h6hAd/Tc/9h:300,-300(-12.810630)
314:BR,Player:0cc/cc/cc/cc:5d8c,4cJs|/6cTsKd/5h/Ah:100,-100(15.764625)
315:Player,BR:0cc/cc/cc/cc:3sTd,6c8d|/6sQcKh/4s/Th:100,-100(-41.012564)
316:BR,Player:0r200c/cc/r600f:3h5d,TsTd|/4s7hKh/Qh:300,-300(300.000000)
317:Player,BR:0cc/cc/cc/cc:2d8d,4dJs|/2h9cKc/Ah/9d:100,-100(22.250739)
318:BR,Player:0r200c/cc/cc/cc:3h8h,9cAh|/6sJcQd/5c/3c:300,-300(-38.551301)
319:Player,BR:0cc/cc/cr200f:9hQc,2d8s|/2h3dKd/Kh:-100,100(-100.000000)
320:BR,Player:0r200c/cc/cc/cc:7s7d,JcQh|/6cKsAc/9c/Jd:-300,300(-22.135500)
321:Player,BR:0cr200c/cc/cc/r600f:5dAd,3d9s|/5hQdAs/8d/7s:300,-300(300.000000)
322:BR,Player:0r200c/cc/r600f:KdAh,8cKh|/5s7sAd/Ks:300,-300(300.000000)
323:Player,BR:0cc/cc/cc/cc:2s3d,6sKh|/3c4dTh/Js/8s:100,-100(44.966045)
324:BR,Player:0cc/cr200c/r600f:TsQc,7c8d|/2h3hTd/Kh:300,-300(300.000000)
325:Player,BR:0cr19900c/cc/cc/cc:JhJc,3s7c|/3c8cKc/Qh/5d:20000,-20000(7320.173909)
326:BR,Player:0cc/cr200c/cc/r600r1800f:8sJs,4sAd|/4c7hQd/3s/4h:-900,900(-900.000000)
327:Player,BR:0cr200c/r600c/cc/cr1800f:7s9d,8sAs|/2d5cKd/Kh/Qs:-900,900(-900.000000)
328:BR,Player:0r200c/cr600c/cr1800c/cr5400f:5s7h,2dTd|/7cJsAh/Qs/8c:-2700,2700(-2700.000000)
329:Player,BR:0cr200c/cc/cc/cc:6c9c,6hAc|/3c4d9h/2h/Kh:300,-300(192.483865)
330:BR,Player:0r200c/cc/r19700f:7h9d,QhAs|/6s8dKs/5c:300,-300(300.000000)
331:Player,BR:0cr200c/cc/cr600f:7dAh,2hTh|/9hKsKd/Tc:-300,300(-300.000000)
332:BR,Player:0cc/cc/cc/cc:2s5h,3dTh|/5sTcQd/Ac/8s:-100,100(24.805082)
333:Player,BR:0cc/cc/cc/cr200f:4cTc,8hAs|/5c6hKd/5s/5h:-100,100(-100.000000)
334:BR,Player:0r200c/cr600c/r1800c/cc:JhQc,6dAs|/5s6cQd/2d/4s:2700,-2700(910.186180)
335:Player,BR:0cr200c/cc/cr600c/cc:8sJc,6cQs|/2c6s8h/4h/3s:900,-900(217.222496)
336:BR,Player:0r200c/cc/r600r1800c/cc:9s9h,2h2c|/4c6cTd/5c/Ks:2700,-2700(11.744559)
337:Player,BR:0cc/cc/cr200f:6cTc,TsJs|/2sJhAd/Qc:-100,100(-100.000000)
338:BR,Player:0r200c/cr600c/r1800f:5d6h,7dTc|/2c6cKc/6s:900,-900(900.000000)
339:Player,BR:0cc/cc/cc/r200f:5h7d,8hQh|/5s5cJc/Jh/7h:100,-100(100.000000)
340:BR,Player:0cc/cr200c/cc/cc:9dKs,4h7s|/JsJhKd/6s/Tc:300,-300(285.657171)
341:Player,BR:0cc/cc/cc/r200f:5dTh,7c9s|/8sJcKh/Qh/Ad:100,-100(100.000000)
342:BR,Player:0cc/cr200c/r19700f:7d7c,4h8d|/7sJdAh/5s:300,-300(300.000000)
343:Player,BR:0cr200c/r600c/r1800r5400f:9dJc,8hKs|/3c9hJd/Tc:-2700,2700(-2700.000000)
344:BR,Player:0r200c/cc/cc/r600f:3h6c,8cKh|/5h5c9h/5d/4d:300,-300(300.000000)
345:Player,BR:0cr200c/cc/r600f:JdJc,5sTc|/2d3h6h/9d:300,-300(300.000000)
346:BR,Player:0r200c/cr600c/r1800f:9hJs,4hAs|/3s4s9d/7c:900,-900(900.000000)
347:Player,BR:0cr200c/cc/cr19700f:4c5c,3cKc|/6hKsKd/Jh:-300,300(-300.000000)
348:BR,Player:0r200c/cc/cr600c/cc:7hAc,7c8c|/5hJhQs/6h/6c:900,-900(8.295568)
349:Player,BR:0cc/cc/cr200f:2d8c,8hJh|/7hTdJc/8d:-100,100(-100.000000)
350:BR,Player:0cc/cr200c/r600c/cc:ThTd,6d8h|/7s9d9c/8s/4c:900,-900(231.419956)
351:Player,BR:0cr200c/cc/cc/r600r1800f:4sKs,9cKd|/5d6cQc/6d/Th:-900,900(-900.000000)
352:BR,Player:0cc/cr200c/r600r1800f:5dJd,5sJc|/2c3c8s/4c:-900,900(-900.000000)
353:Player,BR:0cc/cc/cc/cr200f:6sJd,2s8c|/2c7sQh/5h/2h:-100,100(-100.000000)
354:BR,Player:0r200c/cc/cc/cr600f:4hTc,9sAs|/4c5hAd/8d/7h:-300,300(-300.000000)
355:Player,BR:0cc/cc/cc/cr200f:6hAc,3s9s|/4c9dTs/4s/Qs:-100,100(-100.000000)
356:BR,Player:0cc/cr200c/cr600c/cc:7dAh,3hKc|/2s4c9c/2c/7s:900,-900(223.822558)
357:Player,BR:0cc/r200c/cc/r600c:3dTc,JcAc|/3s3c5d/Kd/Qd:900,-900(284.464394)
358:BR,Player:0r200c/cr600c/cc/cc:5s5d,9cKd|/QsQcKs/Jc/4s:-900,900(245.230741)
359:Player,BR:0cr200c/cc/cc/r600f:2c3c,4cQh|/6hTsAh/Tc/Qc:300,-300(300.000000)
360:BR,Player:0r200c/cc/cc/cc:3s6h,JdQd|/KcAsAc/Ah/5s:-300,300(-300.000000)
361:Player,BR:0cc/cc/cr200c/cr600c:6sQd,5s6h|/2dTsQs/4h/3s:-900,900(-900.000000)
362:BR,Player:0cc/cc/r200f:6h9d,TdQh|/2c5c6c/7d:100,-100(100.000000)
363:Player,BR:0cc/cc/cc/cc:2d5c,6dAd|/TsJsJc/9h/5d:100,-100(-22.054092)
364:BR,Player:0r200c/cc/r600c/cc:7cJd,5h7h|/2h5s8d/6d/2s:-900,900(-900.000000)
365:Player,BR:0cc/cc/cr200f:2cAh,7hKc|/4sTdQd/Kd:-100,100(-100.000000)
366:BR,Player:0cc/cr200c/cc/r600c:TsKs,4d5h|/5d8dQd/7d/9h:-900,900(-900.000000)
367:Player,BR:0cr200c/cc/cc/cc:ThQs,TcJs|/3s4d4c/9s/2h:300,-300(276.378097)
368:BR,Player:0cc/cc/r200f:8s9h,2c5h|/5s6hJd/As:100,-100(100.000000)
369:Player,BR:0cc/cc/r200f:7hKc,JdQd|/2d4c7c/6c:100,-100(100.000000)
370:BR,Player:0f:4h7c,2h8d|:50,-50(50.000000)
371:Player,BR:0cr200c/r600c/cc/cr1800f:TdAc,8s8d|/4h9sTh/Js/Qd:-900,900(-900.000000)
372:BR,Player:0r200c/cc/cc/cr600f:6hTs,7d8c|/9h9dAh/4s/3c:-300,300(-300.000000)
373:Player,BR:0cr200c/r600c/cr1800c/cr5400c:9cJs,2d8c|/6s7sKc/Jh/5s:8100,-8100(8100.000000)
374:BR,Player:0f:JsQd,3h8c|:50,-50(50.000000)
375:Player,BR:0cc/cc/r200c/r600f:4dTd,9cKd|/3h5cAs/5h/6c:300,-300(300.000000)
376:BR,Player:0r200c/cc/r600r1800r5400f:KcAc,7hTc|/7c8sJs/2c:2700,-2700(2700.000000)
377:Player,BR:0cr200c/cc/cc/r600f:9cAc,JhKd|/3s7sAd/4c/7c:300,-300(300.000000)
378:BR,Player:0r200c/cc/cc/cr600r1800f:2hTh,5hKs|/6sKcAh/Ac/Qd:900,-900(900.000000)
379:Player,BR:0cc/cc/cc/cr200f:5sQd,2dTd|/3s3d4c/Js/Ad:-100,100(-100.000000)
380:BR,Player:0r200c/cr600c/cc/cc:6dJs,6c7c|/4c8h9d/Jd/Kd:900,-900(249.717207)
381:Player,BR:0cc/cc/cc/cc:7sAh,6sTc|/6h8dKs/Js/2c:-100,100(-53.720550)
382:BR,Player:0r200c/cc/cc/cr600f:3h8s,5s9s|/6h9hAd/2h/2c:-300,300(-300.000000)
383:Player,BR:0cc/cc/r200f:5s7c,4d6c|/2s2c5d/2h:100,-100(100.000000)
384:BR,Player:0r200c/cr600c/cr1800c/cr5400f:3dQc,2c5c|/4hTdKd/Ah/As:-2700,2700(-2700.000000)
385:Player,BR:0cc/r200c/cc/r600f:3d6c,6sJh|/2s4c7h/8c/Ah:300,-300(300.000000)
386:BR,Player:0cc/cr200c/r600c/cr1800c:JcKc,2cJh|/9hThKs/2h/6c:2700,-2700(-859.854813)
387:Player,BR:0cc/cc/cr200c/r600f:2s5d,2h9h|/3h4sQh/7d/Tc:300,-300(300.000000)
388:BR,Player:0r200c/cc/cc/r600c:JdKd,QhKh|/2s9hAh/3s/Kc:-900,900(205.406170)
389:Player,BR:0cc/cc/r200c/r600c:3sTs,6dQh|/6sKsAc/As/4d:900,-900(295.700862)
390:BR,Player:0r200c/cc/cc/cr600f:TdJh,5h8c|/5d6d6c/Qs/2s:-300,300(-300.000000)
391:Player,BR:0cc/cc/cr200c/cc:2d3c,5hQh|/2s5cKh/6c/Kd:-300,300(-52.767516)
392:BR,Player:0cc/cc/r200c/r600f:3sKc,6cQd|/5sQcKs/7c/8c:300,-300(300.000000)
393:Player,BR:0cr200c/cc/cc/cc:QdQc,3sTd|/2cKcAh/9s/Jc:300,-300(253.680799)
394:BR,Player:0cc/cc/cc/r200f:4sAc,5s9d|/9sJhKd/7s/Ah:100,-100(100.000000)
395:Player,BR:0cc/cc/cc/cc:3d9h,4d7s|/3s4sJc/8c/Qs:-100,100(-38.475739)
396:BR,Player:0r200c/cr600c/cr1800c/cc:4hAc,8hJc|/6h9dJh/4d/Kd:-2700,2700(-1139.318493)
397:Player,BR:0cc/cc/cc/r200r600c:8cQs,2c8s|/8hJsAd/Qd/3d:900,-900(900.000000)
398:BR,Player:0cc/cc/cc/cc:3c6h,TcQs|/4s4h8h/Ks/7d:-100,100(-100.000000)
399:Player,BR:0cc/cc/r200c/cc:2s8s,3d8h|/9hTcKs/3s/9d:-300,300(-27.690303)
400:BR,Player:0r200c/cc/r600f:6hKd,5c6c|/2dJsQd/Ks:300,-300(300.000000)
401:Player,BR:0cr200c/cc/cc/cc:8dAd,3cAs|/2s7dKh/Tc/Qh:300,-300(258.152943)
402:BR,Player:0r200c/cr600c/cc/cc:8sAc,7dTs|/5s5dTc/Qd/3s:-900,900(1.585918)
403:Player,BR:0cr200c/r600c/cc/cc:JdKd,5d5c|/2d2cAd/Qs/Ac:-900,900(-549.299432)
404:BR,Player:0f:4h8c,3c9s|:50,-50(50.000000)
405:Player,BR:0cr200c/r600c/cr1800f:6h7c,5dAh|/QhKsKh/3c:-900,900(-900.000000)
406:BR,Player:0cc/cc/cr200f:2c6d,2s8s|/3c9cJc/Jh:-100,100(-100.000000)
407:Player,BR:0cc/cc/r200r600f:4hTd,7sJc|/3d6h7d/7h:-300,300(-300.000000)
408:BR,Player:0r200c/cc/cc/cc:7hTs,QcKc|/2d5sAd/2c/6c:-300,300(-299.996845)
409:Player,BR:0cr200c/r600c/r1800r5400f:5dKd,5cTd|/2h3d8c/4c:-2700,2700(-2700.000000)
410:BR,Player:0cc/cc/cc/cc:4d7c,8sAh|/2s9sTh/5d/6h:-100,100(-99.999724)
411:Player,BR:0cr200c/r600c/cc/cr1800f:7s8d,6sAd|/JdKsKd/4d/Ts:-900,900(-900.000000)
412:BR,Player:0r200c/cc/cr600f:3cJs,9sKc|/5s6d9d/Ks:-300,300(-300.000000)
413:Player,BR:0cr200c/r600c/cr1800c/cc:8h9h,9cJd|/5h8cQh/3c/9s:2700,-2700(-261.850856)
414:BR,Player:0f:6h8s,2s8d|:50,-50(50.000000)
415:Player,BR:0cr200c/cc/cr600f:4c5c,2h6c|/9sTsJs/8s:-300,300(-300.000000)
416:BR,Player:0r200c/cr600c/cc/cc:9dKc,5hKh|/3h8cQd/6s/8s:900,-900(-317.814754)
417:Player,BR:0cc/cc/cr200f:7sTh,4d6d|/3c4c9h/5c:-100,100(-100.000000)
418:BR,Player:0cc/cr200c/r19700f:4sQs,6dJd|/3s9sTs/Kd:300,-300(300.000000)
419:Player,BR:0cc/cc/cc/cc:2c3h,4cAh|/5c7d9d/Ks/2d:100,-100(29.623482)
420:BR,Player:0r200c/cc/r600c/cc:4d4c,5hJc|/2d3s4s/Qs/6s:-900,900(-43.839768)
421:Player,BR:0cc/cc/r200r600r1800r5400f:7h9c,8dJs|/2h6h7s/9s:-2700,2700(-2700.000000)
422:BR,Player:0r200c/cc/r600f:3d7s,2cTc|/2s5sJs/Ac:300,-300(300.000000)
423:Player,BR:0cc/cc/cr200f:2d8s,7sAh|/5s9hAc/Tc:-100,100(-100.000000)
424:BR,Player:0r200c/cc/cr600r1800f:9cJc,TsQh|/3d6h6c/6s:900,-900(900.000000)
425:Player,BR:0cc/cc/cr200c/cr600c:5hTh,7d8s|/3h8dAs/5d/Ah:-900,900(-203.515161)
426:BR,Player:0r200c/cc/cc/cc:3hKd,JcQh|/4s5cAd/7h/Ks:300,-300(228.114331)
427:Player,BR:0cc/cc/cr200f:6sJd,8sKs|/8hAhAd/Th:-100,100(-100.000000)
428:BR,Player:0r200c/cc/r600f:7h9c,6hJd|/5cKcAs/6d:300,-300(300.000000)
429:Player,BR:0cc/cc/cc/r200f:3cTs,ThAd|/4h9sJh/5c/7d:100,-100(100.000000)
430:BR,Player:0r200c/cr600c/cc/cc:9hKs,3s4s|/3c7s7h/7c/Ac:-900,900(331.777843)
431:Player,BR:0cc/cc/cc/cc:8sJc,4c9s|/6hTsQd/Ah/Js:100,-100(35.734413)
432:BR,Player:0r200c/cc/cc/cr600f:2dJc,9hQh|/2h9dKs/4c/7s:-300,300(-300.000000)
433:Player,BR:0cc/cc/cr200f:5dTd,8hTs|/5s6s8s/4c:-100,100(-100.000000)
434:BR,Player:0cc/cc/cr200f:3s7h,5sTh|/5h8s9h/5c:-100,100(-100.000000)
435:Player,BR:0cr200c/r600c/r1800f:TdAc,9sTc|/5cAhAd/Ks:900,-900(900.000000)
436:BR,Player:0cc/cc/cc/r200f:3s5h,6cJs|/2sTdQc/Qd/7h:100,-100(100.000000)
437:Player,BR:0cr200c/cc/r600f:JhAc,2d4s|/5s6c7h/As:300,-300(300.000000)
438:BR,Player:0r200c/cr600c/cr1800c/cr5400f:2h6h,AhAd|/2cTcAs/Qd/5d:-2700,2700(-2700.000000)
439:Player,BR:0cr200c/cc/cr600f:9hAc,2cJd|/4s4hTd/Js:-300,300(-300.000000)
440:BR,Player:0r200c/cc/cr600f:QhKs,ThJh|/2d5d7d/8c:-300,300(-300.000000)
441:Player,BR:0cr200c/r600c/cr1800f:6c8d,9hAd|/4sJcAc/5d:-900,900(-900.000000)
442:BR,Player:0r200c/cr600c/r1800c/cc:7c8s,9s9h|/3s3d5h/4h/5d:-2700,2700(-2700.000000)
443:Player,BR:0cc/r200c/cc/cc:3dKs,2c5s|/6c9sAh/5h/Js:-300,300(-63.374894)
444:BR,Player:0r200c/cr600c/r1800c/cc:9sTh,9dAc|/2c4d9c/7h/Kh:-2700,2700(901.966132)
445:Player,BR:0cr200c/cc/cr600c/cc:TcAc,QcAd|/2c4s5h/Ah/Jc:-900,900(-360.209348)
446:BR,Player:0cc/cc/cc/cc:2hJs,4cQd|/5c7h9s/Kh/5d:-100,100(-92.150415)
447:Player,BR:0cr200c/cc/cr600c/cc:7c8c,3s5s|/6s7sJh/6h/7h:900,-900(899.378054)
448:BR,Player:0cc/cc/r200f:4s6s,8sTc|/2h5h5d/Jc:100,-100(100.000000)
449:Player,BR:0cc/cc/cc/cc:3s5c,4hQs|/TdJcKc/6c/Ts:-100,100(11.459668)
450:BR,Player:0cc/cc/r200f:8d9h,4dTh|/4s7dKs/Ad:100,-100(100.000000)
451:Player,BR:0cc/cc/cr200f:3s5c,7cKc|/3c7hTc/8h:-100,100(-100.000000)
452:BR,Player:0r200c/cr600c/cc/cc:7sAd,4h9h|/3d5hQs/3c/5s:900,-900(416.543594)
453:Player,BR:0cc/cc/cr200f:6sKh,4h9d|/5s7c9s/Tc:-100,100(-100.000000)
454:BR,Player:0f:JdKs,2s3h|:50,-50(50.000000)
455:Player,BR:0cc/cc/cr200f:9hAc,KhAd|/3c8sKc/7d:-100,100(-100.000000)
456:BR,Player:0cc/cc/cc/cc:3s4d,2cJh|/4sTsQs/Tc/As:100,-100(95.151123)
457:Player,BR:0cc/cc/cc/r200c:6h9s,QhKs|/4dJhJd/9d/Jc:300,-300(91.859704)
458:BR,Player:0r200c/cc/cc/cc:KcAs,7cJs|/5s5h7h/Tc/9c:-300,300(67.636032)
459:Player,BR:0cr200c/cc/cc/cc:3d4d,4c5s|/4sKhAs/Td/6s:0,-0(119.817521)
460:BR,Player:0r200c/cr600c/cc/cc:7dKs,4h6s|/4s6h9s/Jd/9c:-900,900(-276.355000)
461:Player,BR:0cr200c/r600c/cr1800f:4h5s,9dTh|/6sTsTc/Qd:-900,900(-900.000000)
462:BR,Player:0r200c/cc/cc/cc:4d5s,8sQh|/TcJcKc/8d/Qd:-300,300(-300.000000)
463:Player,BR:0cc/cc/cc/cc:8sJc,5sJh|/6h9d9c/9h/Kc:0,-0(1.528133)
464:BR,Player:0cc/cr200c/r600f:6c7h,3s6h|/9s9cAs/Th:300,-300(300.000000)
465:Player,BR:0cc/r200c/cr600f:4hJh,2c6d|/5c7hAs/Ts:-300,300(-300.000000)
466:BR,Player:0f:TsJc,2d5c|:50,-50(50.000000)
467:Player,BR:0cc/cc/cc/cc:8cQh,3cAs|/5sJhKh/4d/Ks:-100,100(-6.292230)
468:BR,Player:0r200c/cr600c/cc/cc:6hAs,5cJs|/3c7hKs/7c/Th:900,-900(-15.098000)
469:Player,BR:0cr200c/r600c/r1800c/r5400f:7dQd,JsAs|/5h8s9d/Jc/Th:2700,-2700(2700.000000)
470:BR,Player:0r200c/cr600c/cc/cc:TdAh,QcAs|/2d2c8d/3s/5c:-900,900(-128.701989)
471:Player,BR:0cc/cc/cr200f:2h3s,TdKs|/5dQhKh/Qs:-100,100(-100.000000)
472:BR,Player:0cc/cr200c/r600f:5sQs,4dKd|/6s7sJd/Qh:300,-300(300.000000)
473:Player,BR:0cr200c/cc/cr600c/cc:6hTh,7h8s|/2s7cTd/2d/As:900,-900(154.273040)
474:BR,Player:0r200c/cc/cc/cc:5sAc,6d8s|/5h8hTd/Kc/3d:-300,300(115.855423)
475:Player,BR:0cc/cc/cc/r200r600f:5s9c,6hQd|/2c3c6c/5h/Tc:-300,300(-300.000000)
476:BR,Player:0cc/cc/r200c/r600f:3c4c,5hJs|/4dJhKs/3d/Qc:300,-300(300.000000)
477:Player,BR:0cc/cc/r200r600r1800r5400r11900f:6d7c,2sKd|/3s4c5c/Qs:8100,-8100(8100.000000)
478:BR,Player:0cc/cr200c/cc/cr600r1800f:4h6h,7cQd|/2s4cQc/As/9d:900,-900(900.000000)
479:Player,BR:0cc/cc/cr200f:4dJs,9cAh|/6d9dKd/6h:-100,100(-100.000000)
480:BR,Player:0r200c/cr600c/cr1800c/cr5400f:2cAs,7cQs|/7sQdQc/7d/Qh:-2700,2700(-2700.000000)
481:Player,BR:0cr200c/cc/cc/r600r1800f:6c9c,3sJc|/4dKcAd/4h/5c:-900,900(-900.000000)
482:BR,Player:0r200c/cc/cc/cc:6sQs,7hKd|/2dQdAc/8s/Td:300,-300(251.986149)
483:Player,BR:0cc/cc/r200f:2d5h,7s9s|/2c5cAc/5s:100,-100(100.000000)
484:BR,Player:0cc/cc/cc/cc:TdJd,2dKh|/4h4c6h/9h/4s:-100,100(-91.286467)
485:Player,BR:0cc/cc/cr200f:7cQs,2h5s|/4s6s6h/Jc:-100,100(-100.000000)
486:BR,Player:0cc/cc/r200f:ThAh,8hTd|/3c4sAc/Kc:100,-100(100.000000)
487:Player,BR:0cr200c/cc/cr600f:2cKc,TsAh|/2h9hAs/Jd:-300,300(-300.000000)
488:BR,Player:0r200c/cc/r600f:8d9d,2cAd|/6s8s9c/3s:300,-300(300.000000)
489:Player,BR:0cr200c/r600c/cr1800f:8dAd,JdAc|/2hTdJs/2c:-900,900(-900.000000)
490:BR,Player:0cc/cc/r200c/cc:7s8h,8d9s|/5h9cAd/2s/Kc:-300,300(-300.000000)
491:Player,BR:0cc/cc/cr200f:4cQs,6cKd|/9hKhAd/Ts:-100,100(-100.000000)
492:BR,Player:0cc/cc/cc/cc:4d8h,9hAd|/2h5cTc/Qh/6s:-100,100(-100.000000)
493:Player,BR:0cc/cc/r200r600f:7hTs,KhAs|/3c4s5s/9s:-300,300(-300.000000)
494:BR,Player:0cc/cr200c/r600c/cc:3d9h,8dAh|/5s6cAd/9c/Jd:-900,900(-0.053084)
495:Player,BR:0cr200c/cc/cr600f:TsAc,KcAh|/6s7sKh/2d:-300,300(-300.000000)
496:BR,Player:0r200c/cr600c/cc/r1800f:3c4d,9cKc|/4h6cKd/7h/5h:900,-900(900.000000)
497:Player,BR:0cc/cc/cc/r200f:5cQc,9sKs|/3d6cQh/Tc/5h:100,-100(100.000000)
498:BR,Player:0cc/cc/cc/cr200r600c:3sQc,TcQd|/2s2h8c/6c/Td:-900,900(-900.000000)
499:Player,BR:0cc/cc/r200c/cr600f:8hTs,2d3d|/2h3hAs/5s/4h:-300,300(-300.000000)
500:BR,Player:0cc/cc/r200c/r600f:5hAd,JcQs|/7d8hAh/Tc/7c:300,-300(300.000000)
RAW BR STATS: n=500, sum=-65600.000000, sum_sq=1595355000.000000, vr_sum=-32378.703883, vr_sum_sq=629065809.464314
BR STATS: -131.200000(156.149316), -64.757408(98.154252)
RESULTS
1)Player: 65600
2)BR: -65600
