In config file: GAME_DEF=game_def.fullholdem
In config file: ACTIONS_R0=C
In config file: ACTIONS_R1=C
In config file: ACTIONS_R2=F,C,1,A
In config file: ACTIONS_R3=F,C,1,A
Using seed 5.
1:BR,Player:0cc/cc/r200f:3h6c,3dTh|/4c7dJs/7c:100,-100(100.000000)
2:Player,BR:0cc/cc/cr200f:4d7h,2h7s|/5s5h9c/Ts:-100,100(-100.000000)
3:BR,Player:0r100c/cc/r400f:7h9c,2dKh|/3c7sTs/5h:200,-200(200.000000)
4:Player,BR:0cc/cc/r100c/cc:4cQs,2s6h|/4h7d8s/2c/9c:200,-200(134.719596)
5:BR,Player:0cc/cc/r200f:7dQh,2dJc|/8cQcAd/3c:100,-100(100.000000)
6:Player,BR:0cr100c/r200c/r400c/r800f:JhQs,ThKc|/2h3h7d/7h/5s:800,-800(800.000000)
7:BR,Player:0r100c/cr200c/cc/cc:7c8d,4s4d|/2h6s7s/Ad/Jh:400,-400(400.000000)
8:Player,BR:0cc/cc/cc/cr200c:3sKd,5c7c|/ThQhAh/6h/3d:300,-300(300.000000)
9:BR,Player:0r100c/cr200c/r800c/r2400f:3d6h,7h9c|/2cJsQd/7d/Jh:1200,-1200(1200.000000)
10:Player,BR:0cc/cc/cr200f:3cTs,4h8s|/7d9dKs/7s:-100,100(-100.000000)
11:BR,Player:0cc/cr100c/r400r600c/cc:2hAh,9cTd|/6cJsAd/Ks/9s:1200,-1200(743.419841)
12:Player,BR:0cr100c/r200c/cr800f:JdKs,4h8h|/4d5d8s/Qc:-400,400(-400.000000)
13:BR,Player:0cc/cc/cc/cc:JcKs,2hJs|/2d4dAd/7c/5c:-100,100(-5.636901)
14:Player,BR:0cc/cc/r100c/r200c:JcQs,4sKc|/5d5cJh/Ts/6h:400,-400(199.173733)
15:BR,Player:0cc/cr100c/cc/cc:3cQd,4c5d|/2dJsKs/2c/6d:200,-200(21.566145)
16:Player,BR:0cr100c/r200c/cr800f:4s4d,3c5c|/5d6dTh/9d:-400,400(-400.000000)
17:BR,Player:0cc/cr100c/cr200c/cc:9sQc,4h9d|/2h8cJh/Jd/2c:400,-400(23.804716)
18:Player,BR:0cc/cc/cr200c/cc:8hJs,5s6s|/2sThAc/Qc/5h:-300,300(141.944581)
19:BR,Player:0r100c/cr200c/cc/cc:6cAh,7c8c|/4d9hKc/Jd/8s:-400,400(-225.289648)
20:Player,BR:0cc/cc/cc/cr200f:4dTh,2d7s|/5d8cQc/7c/5h:-100,100(-100.000000)
21:BR,Player:0r100c/cr200c/r800f:8sTd,7hKs|/4s6s8h/9h:400,-400(400.000000)
22:Player,BR:0cc/cc/r100c/cr400f:3d5c,4dAh|/2s6cAd/2h/7h:-200,200(-200.000000)
23:BR,Player:0cc/cc/r200f:7hKh,3s5d|/7cTsKd/8c:100,-100(100.000000)
24:Player,BR:0cc/cc/r100c/cr400r19400f:7cAh,ThKc|/4s5hJd/6h/3s:600,-600(600.000000)
25:BR,Player:0cc/cr100c/r400c/cr600r2400c:9hAh,2sAs|/2c5dAc/Ts/Ks:-3600,3600(-2521.893360)
26:Player,BR:0cc/cc/cr200c/cc:4hKs,6s8c|/5dQhQc/Kc/Th:300,-300(300.000000)
27:BR,Player:0r100c/cc/cc/cc:ThAd,7hTs|/6h8dQc/6c/Kd:200,-200(-2.547019)
28:Player,BR:0cr100c/cc/r200f:8hKh,6d7h|/3cTdAd/Kc:200,-200(200.000000)
29:BR,Player:0r100c/cc/cc/cc:4cKd,3dJd|/2c5hAh/2d/9d:200,-200(103.794159)
30:Player,BR:0cr100c/r200c/cc/cr800f:5hKh,4cQc|/4h5c6s/8h/Qs:-400,400(-400.000000)
31:BR,Player:0cc/cr100c/cc/cr200f:9hQh,3c6h|/4cThTd/5s/Jh:-200,200(-200.000000)
32:Player,BR:0cc/cc/cr200f:5cQs,2hKs|/4s6dTd/Ts:-100,100(-100.000000)
33:BR,Player:0r100c/cc/cc/cr200f:7cQs,5d8c|/2c8s9c/4h/Ts:-200,200(-200.000000)
34:Player,BR:0cr100c/r200c/r400f:JhQs,4sKh|/3s5h8s/Td:400,-400(400.000000)
35:BR,Player:0r100c/cr200c/cc/cc:6dKs,9hTd|/7c9sTs/8c/7s:400,-400(389.008338)
36:Player,BR:0cr19900c/cc/cc/cc:4dJh,ThAc|/2s2dJd/6d/Kh:20000,-20000(10251.670432)
37:BR,Player:0r100c/cr200c/r800f:9sAc,6sJc|/5c9cQd/2d:400,-400(400.000000)
38:Player,BR:0cr100c/r200c/cr800c/cc:JsKd,5c9c|/3s8hKs/Kc/Td:1200,-1200(1200.000000)
39:BR,Player:0r100c/cc/cc/cr200f:7h7c,4c6c|/3s9sJh/2s/Qs:-200,200(-200.000000)
40:Player,BR:0cr100c/r200c/cr800r1200r4800c/cr12800c:JsJh,4dQh|/4sJdQs/6d/Tc:20000,-20000(28.346215)
41:BR,Player:0r100c/cr200c/cr400r1600f:6cJh,5c8s|/2d3s5h/Ts:800,-800(800.000000)
42:Player,BR:0cc/cc/cr200c/cr600f:ThKd,2h7c|/9dQcAc/6s/5c:-300,300(-300.000000)
43:BR,Player:0cc/cr100c/r400c/cc:QcAc,2dJs|/9cJdAs/Ts/7s:600,-600(383.238815)
44:Player,BR:0cc/r100c/cr400f:7s8c,KcAc|/5s5cTs/Ks:-200,200(-200.000000)
45:BR,Player:0r100c/cc/r19800f:QdAh,6cTh|/3dAsAc/8h:200,-200(200.000000)
46:Player,BR:0cc/cc/cc/cc:5cKs,7d8h|/TcQcAh/Ac/3d:100,-100(75.671392)
47:BR,Player:0r100c/cr200c/cc/cc:3s4c,9cKh|/2d2c3c/7h/Jh:400,-400(399.996650)
48:Player,BR:0cc/cc/cr200f:6dKc,5cKs|/2c7hQc/5d:-100,100(-100.000000)
49:BR,Player:0r100c/cr200c/cc/cc:4sJs,8dKc|/2d8cQd/Jh/2h:400,-400(364.927277)
50:Player,BR:0cc/cc/cc/cr200f:7dQs,8sQc|/9h9dJh/5h/Ts:-100,100(-100.000000)
51:BR,Player:0r100c/cc/cc/cr200f:3s9c,6h7d|/2s4sKc/Td/As:-200,200(-200.000000)
52:Player,BR:0cc/cc/cr200f:6cJc,4c5c|/3d8c9h/Ks:-100,100(-100.000000)
53:BR,Player:0r100c/cr200c/cr400c/cc:5d8s,9sTs|/4hTdAc/8c/Jh:-800,800(-551.612163)
54:Player,BR:0cr100c/r200c/cc/cc:7d8d,3sTd|/4dJsAh/Jh/3d:-400,400(-97.726869)
55:BR,Player:0r100c/cc/r400c/r1200c:5cTd,KhKd|/JcQdAd/Ks/8c:1800,-1800(1799.999956)
56:Player,BR:0cc/cc/cr200c/cc:6sQh,4s8c|/3cJcQc/Js/Ks:300,-300(300.000000)
57:BR,Player:0r100c/cr200c/cc/r800f:2d7h,2c5c|/4c7sTs/8c/2h:400,-400(400.000000)
58:Player,BR:0cc/cc/r100c/cc:6dAh,TdJh|/5h9s9h/7c/5c:200,-200(0.330609)
59:BR,Player:0r100c/cr200c/cr400f:2c3d,6s7c|/4h6c7s/Js:-400,400(-400.000000)
60:Player,BR:0cr100c/cc/cr19800f:ThAs,3c4h|/4d4cKs/Qc:-200,200(-200.000000)
61:BR,Player:0r100c/cr200c/r19600f:5d7c,KcAd|/6s8s9c/Ah:400,-400(400.000000)
62:Player,BR:0cc/cc/cr200c/cc:3cTh,4c6d|/3s3dJh/Qh/Td:300,-300(300.000000)
63:BR,Player:0r100c/cr200c/r800f:6cAc,6sKc|/2sQsAh/7c:400,-400(400.000000)
64:Player,BR:0cc/cc/r100r400f:2sAh,3dKc|/3h5h5c/3c:-200,200(-200.000000)
65:BR,Player:0r100c/cr200c/cc/r800c:7s9h,7hJc|/5c6h7c/6s/2s:-1200,1200(413.676801)
66:Player,BR:0cc/r100c/r200f:5hQh,2s4s|/8dJhQs/Ah:200,-200(200.000000)
67:BR,Player:0r100c/cc/cr200c/cc:4sKs,5hAc|/3cJsJh/Jc/2h:-400,400(-88.013472)
68:Player,BR:0cr100c/r200c/cc/r400c:6d6c,5cAc|/3h5h8d/7h/8c:800,-800(363.202894)
69:BR,Player:0r100c/cr200c/r800f:8hTd,7dTh|/4s6h9h/6d:400,-400(400.000000)
70:Player,BR:0cr100c/r200c/r400f:4sAs,3cTd|/2hKhAh/Js:400,-400(400.000000)
71:BR,Player:0r100c/cr200c/r800c/cc:9cTc,6cQc|/6h7s9h/2s/Jd:1200,-1200(792.131570)
72:Player,BR:0cr100c/r200c/r400c/cc:5hQh,JcAd|/3c5s9s/2c/8h:800,-800(524.228463)
73:BR,Player:0r100c/cc/cc/cc:9hQd,JcQh|/2c8cKs/3c/5h:-200,200(-67.542973)
74:Player,BR:0cc/cc/cr19900f:2hJs,ThTc|/3c4dTs/8h:-100,100(-100.000000)
75:BR,Player:0r100c/cc/r400f:9cTc,2sQc|/3s4hTd/7h:200,-200(200.000000)
76:Player,BR:0cc/cc/r100c/cc:6hTd,6cAs|/5s8h8d/4d/9c:-200,200(86.254595)
77:BR,Player:0f:4d5d,3h9d|:50,-50(50.000000)
78:Player,BR:0cc/cc/r100r400c/cc:9sKc,3dTc|/7c8d9d/4s/9c:600,-600(600.000000)
79:BR,Player:0r100c/cr200c/cc/r800f:5h6c,4cQd|/9hThKh/9c/7d:400,-400(400.000000)
80:Player,BR:0cc/cc/cc/cr200f:3sQd,8cQs|/6hThAd/Js/9d:-100,100(-100.000000)
81:BR,Player:0r100c/cc/r19800f:5cJc,6h8h|/5h6sTc/5s:200,-200(200.000000)
82:Player,BR:0cc/cc/cc/cr200f:3s8s,2sQd|/2d5cTd/Ks/Tc:-100,100(-100.000000)
83:BR,Player:0f:4h8d,3c9d|:50,-50(50.000000)
84:Player,BR:0cc/cc/r100c/r200r800f:3dQh,5sAd|/6cTcQd/5h/7d:-400,400(-400.000000)
85:BR,Player:0r100c/cc/r400f:8dTh,3sKd|/6h8cAc/Ts:200,-200(200.000000)
86:Player,BR:0cc/cc/cr200f:7cKs,3d7d|/6c8dJh/As:-100,100(-100.000000)
87:BR,Player:0r100c/cr200c/cr400f:4c7c,2d3d|/3h9cTd/Ah:-400,400(-400.000000)
88:Player,BR:0cr100c/r200c/r400r1600c/cc:8cTc,2cQc|/3c7s7d/9c/Ad:-2400,2400(2300.189555)
89:BR,Player:0r100c/cc/cc/r400f:4h9s,TsAh|/3d8hKc/Qh/6s:200,-200(200.000000)
90:Player,BR:0cr100c/r200c/r400c/cc:JdQs,3d4d|/2c4cTc/Ks/Td:-800,800(-245.362937)
91:BR,Player:0cc/cc/r200f:9hTd,TcJc|/6d6cAh/9d:100,-100(100.000000)
92:Player,BR:0cc/cc/cc/cr200f:3hJd,8dTc|/4h7cKs/Qs/8h:-100,100(-100.000000)
93:BR,Player:0r100c/cr200c/cr400f:8c9d,4cAs|/2h4sAh/Qh:-400,400(-400.000000)
94:Player,BR:0cc/cc/cc/cc:8cQd,3hTs|/3d6sAd/Jh/7d:-100,100(-60.292504)
95:BR,Player:0cc/cc/r200c/r19700f:5c9d,9sKd|/6d7hTs/2d/4c:300,-300(300.000000)
96:Player,BR:0cc/cc/cr200c/cr600r900f:8cKh,7dJc|/5h7hJs/6s/6h:900,-900(900.000000)
97:BR,Player:0cc/cr100c/cc/r400f:5sJd,5cKh|/2d6h7s/8d/6d:200,-200(200.000000)
98:Player,BR:0cc/cc/r100c/r200r19600f:8sKh,TdJc|/2d8cKs/7h/9h:-400,400(-400.000000)
99:BR,Player:0r100c/cr200c/cr400c/cr19200f:6c7s,4cAd|/6dJdAh/3d/8c:-800,800(-800.000000)
100:Player,BR:0cr100c/r200c/r400c/cc:5dJd,2h6s|/6c7s8c/5s/2s:-800,800(102.638585)
101:BR,Player:0r100c/cc/cc/cc:6hJd,9sKc|/2c8sAd/Ts/2s:-200,200(-133.046594)
102:Player,BR:0cr100c/r200c/cr800r1200c/r2400c:5h6s,7d9c|/4c8hJs/7c/Ac:4800,-4800(2325.465402)
103:BR,Player:0cc/cr100c/r400f:3sQd,3dTh|/2s9cQh/8h:200,-200(200.000000)
104:Player,BR:0cr19900c/cc/cc/cc:4h9s,4c5d|/3d6dAh/7c/6h:-20000,20000(-19800.647327)
105:BR,Player:0r100c/cr200c/cr400c/cr19200f:QhKc,5h5c|/3h9sAc/5d/Th:-800,800(-800.000000)
106:Player,BR:0cc/cc/cr200r300c/cr1200f:2hQs,3hKh|/3d8sJh/2s/Ks:-600,600(-600.000000)
107:BR,Player:0r100c/cr200c/cr400r1600f:4s7h,5sQc|/4h5hKc/9c:800,-800(800.000000)
108:Player,BR:0cc/cc/cc/cc:2dQd,7hKc|/3c5cJd/Ah/2s:100,-100(24.704083)
109:BR,Player:0cc/cr100c/cr200c/cr400f:2cKc,5d9c|/9dJdAh/9s/Td:-400,400(-400.000000)
110:Player,BR:0cc/cc/cr200f:4h8s,6d9s|/3cTdKd/3h:-100,100(-100.000000)
111:BR,Player:0f:9hAs,3c7s|:50,-50(50.000000)
112:Player,BR:0cr100c/cc/cr400c/cc:3sAs,6d7d|/4d7h9c/5d/Kh:-600,600(-172.511739)
113:BR,Player:0r100c/cc/cc/cr200f:4c7s,8hQc|/5s5hJh/Qd/9c:-200,200(-200.000000)
114:Player,BR:0cc/cc/cr200f:4cKs,4s5d|/6h7c8c/2s:-100,100(-100.000000)
115:BR,Player:0cc/cr100c/cr200f:2dKc,2cAc|/4d5cQh/8h:-200,200(-200.000000)
116:Player,BR:0cc/cc/cc/r100f:2h6d,5dJs|/7sThKh/3s/9c:100,-100(100.000000)
117:BR,Player:0r100c/cr200c/cc/cc:4hJc,3sAd|/8cJsQs/3c/2h:400,-400(398.542903)
118:Player,BR:0cr100c/r200c/r400c/cr1600r2400f:4h7h,4dKh|/2h3s6h/3h/Jd:2400,-2400(2400.000000)
119:BR,Player:0r100c/cc/cc/cc:2sKs,8cKc|/6cThAh/Qc/4s:-200,200(-116.765523)
120:Player,BR:0cc/cc/cr200c/cc:2sQd,6h9s|/4d8dQh/4c/Kd:300,-300(300.000000)
121:BR,Player:0r100c/cr200c/cc/cc:9sKs,JsQd|/2h3h4h/6c/6d:400,-400(-200.806132)
122:Player,BR:0cr100c/r200c/cr800f:2s5s,2cJc|/6d8d8c/9h:-400,400(-400.000000)
123:BR,Player:0r100c/cr200c/cc/r800f:5sQd,5d7d|/6sJhAh/2s/4h:400,-400(400.000000)
124:Player,BR:0cc/cc/cr200f:2dKd,5s8h|/6s6dQc/9c:-100,100(-100.000000)
125:BR,Player:0r100c/cr200c/cc/cc:9dQs,3sQc|/2sTdAs/2d/6s:0,-0(-39.995892)
126:Player,BR:0cc/cc/cr200f:4s8c,4h7d|/2hTsKd/5c:-100,100(-100.000000)
127:BR,Player:0r100c/cc/cc/cc:2d3s,4dAc|/7h8hJd/3h/8d:200,-200(68.003774)
128:Player,BR:0cc/cc/r100r400f:3s7c,KhAh|/2s3h4h/2h:-200,200(-200.000000)
129:BR,Player:0r100c/cc/cc/cc:3hQh,5cTc|/2dJdKh/Ad/8s:200,-200(-66.675051)
130:Player,BR:0cc/cc/r100r400c/cc:JhQd,5dKc|/KdAsAc/3d/Jc:-600,600(-30.795528)
131:BR,Player:0r100c/cr200c/r800f:2sTh,7h8d|/2cTcQs/9s:400,-400(400.000000)
132:Player,BR:0cr100c/r200c/r400c/cc:4c5h,3s6c|/6h7hKc/Jh/Ac:-800,800(381.805327)
133:BR,Player:0cc/cc/r200f:8hQd,2sTh|/3d5h8d/2d:100,-100(100.000000)
134:Player,BR:0cr100c/r200c/r400c/cc:KsKc,2d3s|/3d5d6s/Jd/Td:-800,800(-373.547828)
135:BR,Player:0r100c/cc/cc/cr200f:JdAs,7cQh|/2d5s9h/6d/Qs:-200,200(-200.000000)
136:Player,BR:0cc/r100c/r200c/r400f:3h6c,7dJh|/3s3d8h/6s/2s:400,-400(400.000000)
137:BR,Player:0cc/cc/cc/cr100f:2hKs,9hAs|/4d5sJd/Jh/9s:-100,100(-100.000000)
138:Player,BR:0cc/cc/r100c/cr400f:9dTs,TdJs|/3d5d8s/Qc/2d:-200,200(-200.000000)
139:BR,Player:0r100c/cc/cc/r400f:TsAd,9sKd|/8hJsJh/5d/8d:200,-200(200.000000)
140:Player,BR:0cr100c/r200c/r400c/cc:4c5c,7sTc|/7dQcKd/2c/5s:-800,800(-67.222005)
141:BR,Player:0r100c/cr200c/r800f:4c6c,9sAh|/2d6s7s/4s:400,-400(400.000000)
142:Player,BR:0cr100c/r200c/cr800c/cc:TsAd,2c5d|/2sJdQc/6h/Ks:1200,-1200(1199.905702)
143:BR,Player:0r100c/cr200c/cr400f:5c8h,4cKh|/ThQhKs/6h:-400,400(-400.000000)
144:Player,BR:0cc/cc/cc/cc:7dAs,2sKd|/3c9d9c/6c/4h:100,-100(1.108052)
145:BR,Player:0r100c/cr200c/r800f:3c7h,9dJd|/2s4s7d/5h:400,-400(400.000000)
146:Player,BR:0cc/cc/cr200f:2d7c,8s8d|/4c5dAd/5h:-100,100(-100.000000)
147:BR,Player:0f:9sQc,2h6c|:50,-50(50.000000)
148:Player,BR:0cc/cc/r100r400f:8d9h,5d6d|/4c7hJh/Ac:-200,200(-200.000000)
149:BR,Player:0r100c/cc/cc/r400f:ThAc,6dKs|/2s2dQh/8d/As:200,-200(200.000000)
150:Player,BR:0cc/cc/r100c/r200r800f:5cAd,9dQd|/3cJsAs/8d/9c:-400,400(-400.000000)
151:BR,Player:0r100c/cr200c/cr400f:5cJs,3sAc|/3d6dTh/Kc:-400,400(-400.000000)
152:Player,BR:0cr100c/r200c/cr800c/cr18800f:2hAh,KdAd|/2d4dAs/Ts/9d:-1200,1200(-1200.000000)
153:BR,Player:0cc/cc/cc/cr100f:9sAs,5s9h|/3dTdKs/8h/6s:-100,100(-100.000000)
154:Player,BR:0cc/cc/cr200c/cc:2cKc,4c6c|/2d8dQd/2s/4h:300,-300(71.307034)
155:BR,Player:0r100c/cr200c/cr400f:3d5h,JcKc|/TsJdKh/6s:-400,400(-400.000000)
156:Player,BR:0cr100c/r200c/cr800f:TdQd,5cKd|/5s6cKh/2c:-400,400(-400.000000)
157:BR,Player:0cc/cr100c/cc/cc:6cQd,5sTd|/4d6sKc/4h/Kh:200,-200(199.857038)
158:Player,BR:0cc/cc/cr200c/cr600c:8dJc,9sAs|/2c8hAh/Td/Jd:900,-900(-540.387504)
159:BR,Player:0r100c/cc/cc/cc:3cJh,7sJs|/4h5dQc/Ac/Tc:-200,200(-189.059246)
160:Player,BR:0cr100c/r200c/cc/cc:TcJs,3cQd|/2h4sQh/4h/As:-400,400(-239.798752)
161:BR,Player:0r100c/cr200c/cc/cr400f:QhAh,TdJs|/3d5d8h/7d/Ks:-400,400(-400.000000)
162:Player,BR:0cr100c/cc/r200r800c/cc:KsKd,9sQc|/3h4d9d/7c/Js:1200,-1200(-384.501674)
163:BR,Player:0cc/cc/r200f:3d6s,3hTd|/2c7sAh/Ac:100,-100(100.000000)
164:Player,BR:0cc/cc/cr200f:2h9c,6cAs|/4h7sKs/Ad:-100,100(-100.000000)
165:BR,Player:0f:7hTs,2h5d|:50,-50(50.000000)
166:Player,BR:0cc/cc/r100r400c/cc:2dKc,5hKh|/4s9cJs/Kd/9s:0,-0(-100.543480)
167:BR,Player:0r100c/cc/r19800f:2dJd,3dAd|/2s6dJs/Jc:200,-200(200.000000)
168:Player,BR:0cc/cc/r100r400f:6sTh,9hTc|/2c5h7c/7s:-200,200(-200.000000)
169:BR,Player:0r100c/cc/r400c/cr600f:2d4c,5d6s|/3d5h8s/5s/9c:-600,600(-600.000000)
170:Player,BR:0cr100c/r200c/r400c/cc:2sAs,6dQh|/2d3sKc/3d/Jh:800,-800(12.700399)
171:BR,Player:0cc/cr100c/cc/r400f:4s5c,6d7c|/6h8h9s/Qd/9h:200,-200(200.000000)
172:Player,BR:0cr100c/r200c/r400f:JhQs,5s6d|/2c3sJc/8s:400,-400(400.000000)
173:BR,Player:0cc/cr100c/r400f:4c7d,2sJd|/3s5hAs/Qs:200,-200(200.000000)
174:Player,BR:0cr100c/cc/r200c/r400c:4c8c,6h7d|/2d6dJd/5c/2h:-800,800(379.535604)
175:BR,Player:0r100c/cc/cc/r400f:9cJc,4hJh|/8s8hQc/Qd/As:200,-200(200.000000)
176:Player,BR:0cr100c/r200c/cr800f:5sQs,6dJd|/3d9cAc/Ad:-400,400(-400.000000)
177:BR,Player:0r100c/cr200c/r800r1200f:5hQd,QhQc|/4s6hJs/8h:-1200,1200(-1200.000000)
178:Player,BR:0cr100c/r200c/r400f:6h9h,3d5c|/7d8sQh/7c:400,-400(400.000000)
179:BR,Player:0r100c/cr200c/r800f:3s7c,8cQd|/2h9cTd/5s:400,-400(400.000000)
180:Player,BR:0cc/r100c/r200r800f:4dQs,5cJh|/2dAdAc/3s:-400,400(-400.000000)
181:BR,Player:0r100c/cr200c/r19600f:5dQc,6s8s|/5s5hQh/Jc:400,-400(400.000000)
182:Player,BR:0cr100c/r200c/cr800f:4dAd,TsJd|/5hTdJs/Qh:-400,400(-400.000000)
183:BR,Player:0r100c/cc/cc/r400c:5s6h,8hQc|/7s7d7c/2s/5c:600,-600(400.599026)
184:Player,BR:0cc/cc/cr200c/cr600f:3dJc,3sKd|/5dJsKs/5h/8d:-300,300(-300.000000)
185:BR,Player:0r100c/cr200c/cr400c/cr800f:4sJh,2sJs|/2d3sKs/2h/9h:-800,800(-800.000000)
186:Player,BR:0cc/cc/cr200c/cr600c:8sKd,4s9c|/8h9hAd/2s/9s:-900,900(-737.076900)
187:BR,Player:0r100c/cr200c/cr400f:5hKs,TdQd|/7s9hJs/3h:-400,400(-400.000000)
188:Player,BR:0cr100c/cc/r200c/cr800r1200c:3dAd,7hJc|/3s3hJd/4h/7s:2400,-2400(1195.964799)
189:BR,Player:0r100c/cr200c/cr400c/cr19200f:3cKs,TdKc|/3hJsAd/2s/7c:-800,800(-800.000000)
190:Player,BR:0cc/cc/r100c/cc:3h4c,QcAc|/4hTsTh/9s/8s:200,-200(160.480454)
191:BR,Player:0r100c/cr200c/r19600f:6sQd,QhAs|/6dThQc/3s:400,-400(400.000000)
192:Player,BR:0cr100c/r200c/r400c/cc:TsQc,TcAc|/3s6d8c/8s/2d:-800,800(141.434684)
193:BR,Player:0r100c/cr200c/cr400c/cr800f:QhAd,3sKh|/2h6s9d/4s/5s:-800,800(-800.000000)
194:Player,BR:0cc/cc/r100f:2s6c,5s7d|/6s6hTh/Qh:100,-100(100.000000)
195:BR,Player:0r100c/cr200c/cc/cc:7c9d,3s4c|/4hTcKd/Jc/9h:400,-400(44.322318)
196:Player,BR:0cc/cc/cr200f:5hJs,4c9h|/2c7c9d/Qh:-100,100(-100.000000)
197:BR,Player:0r100c/cr200c/cc/cc:9cAh,TsAs|/8sKhKc/Ac/8h:-400,400(371.396665)
198:Player,BR:0cc/cc/cr19900f:3cTh,6dAd|/8hTdKd/5d:-100,100(-100.000000)
199:BR,Player:0r100c/cr200c/cc/cc:3s3d,6dAd|/4s8dKh/Th/Ks:400,-400(80.463722)
200:Player,BR:0cc/cc/cc/cc:5dJh,3cKd|/4c8sQs/Th/2c:-100,100(71.684083)
201:BR,Player:0cc/cr100c/r400c/cc:7sAd,5dQd|/3c5hAh/Jh/4d:600,-600(-26.187598)
202:Player,BR:0cc/cc/cr200f:9sQh,3dJd|/3c4s7h/3s:-100,100(-100.000000)
203:BR,Player:0r100c/cr200c/cc/cr400c:3s8s,6hAc|/8d9hJs/As/Ad:-800,800(-396.262367)
204:Player,BR:0cc/cc/cr200r300f:3d7c,6d7d|/2c4dJc/5c:300,-300(300.000000)
205:BR,Player:0cc/cc/cr100c/cr200f:3dQd,4dTc|/4s5hJh/4c/6s:-200,200(-200.000000)
206:Player,BR:0cr100c/cc/cc/cc:JdKc,9dKs|/JcQsAs/8c/6c:200,-200(164.291756)
207:BR,Player:0cc/cr100c/r400f:6h7h,2cQd|/8c9dTd/4s:200,-200(200.000000)
208:Player,BR:0cc/cc/r100r400f:7dAs,5hKh|/4s5d8d/9d:-200,200(-200.000000)
209:BR,Player:0r100c/cr200c/cc/cc:KhAc,4dKc|/6h7sTd/Js/6d:400,-400(246.745169)
210:Player,BR:0cr100c/cc/cc/cr400f:JhKc,2hKs|/2d6h8c/Qs/6d:-200,200(-200.000000)
211:BR,Player:0r100c/cr200c/r800f:8h9h,9sKs|/3s5c7h/7d:400,-400(400.000000)
212:Player,BR:0cc/cc/r100c/r200c:4d5s,5h9s|/3sQcKs/As/7s:-400,400(-22.379739)
213:BR,Player:0r100c/cc/cr200c/cr400r1600f:3dQc,5cJh|/2d4hJc/8s/4d:800,-800(800.000000)
214:Player,BR:0cc/cc/r100f:JsQh,3d7h|/2s8sTs/Qc:100,-100(100.000000)
215:BR,Player:0r100c/cr200c/cr400c/cr800f:2dKh,QsQd|/5c7c9h/5h/Th:-800,800(-800.000000)
216:Player,BR:0cc/cc/r100r400f:2s5h,3c4d|/4cJsAc/5c:-200,200(-200.000000)
217:BR,Player:0r100c/cc/r400c/cc:2s8d,9cTd|/4s6sAd/Ts/Kd:-600,600(-600.000000)
218:Player,BR:0cc/cc/cc/r100f:4cTh,3s4h|/7h9cJs/8h/5d:100,-100(100.000000)
219:BR,Player:0f:8cJs,3s8h|:50,-50(50.000000)
220:Player,BR:0cr100c/cc/cc/cc:2d2c,6hQh|/4d6dAh/Tc/Kd:-200,200(-32.377637)
221:BR,Player:0cc/cc/r200c/cc:7sTd,6cJs|/4dThQs/9h/9c:300,-300(152.137837)
222:Player,BR:0cc/cc/cr200f:2s7s,4d8d|/3d4hJd/Jc:-100,100(-100.000000)
223:BR,Player:0cc/cr100c/r400f:QhQc,3dTc|/3h6sJh/6h:200,-200(200.000000)
224:Player,BR:0cc/cc/cc/r100f:3sTs,5sAc|/6s9sTh/2h/Qh:100,-100(100.000000)
225:BR,Player:0f:5sAs,2h4c|:50,-50(50.000000)
226:Player,BR:0cr100c/r200c/r400r1600r2400f:JsAd,4sQd|/6d8c9d/Td:2400,-2400(2400.000000)
227:BR,Player:0r100c/cc/cc/cc:QcKh,JsQs|/2s3c8d/3h/7h:200,-200(161.867731)
228:Player,BR:0cc/cc/cr200c/cc:6hKd,3sKs|/2d3hTh/7h/9d:-300,300(-11.322371)
229:BR,Player:0cc/cc/r200f:5c6h,7hJd|/2h9s9c/Kh:100,-100(100.000000)
230:Player,BR:0cc/cc/cr200r300c/r600c:JdQc,TcAd|/3s4s4d/Td/9s:-1200,1200(572.236270)
231:BR,Player:0r100c/cc/cr200c/cr400f:6h6c,4dAs|/JhQhKs/4c/4h:-400,400(-400.000000)
232:Player,BR:0cc/cc/r100r400c/r600c:9hKd,6hJh|/6cQhKh/7s/Qs:1200,-1200(593.001607)
233:BR,Player:0r100c/cc/r400c/r1200c:ThJd,2cAc|/2h4hJh/Js/7c:1800,-1800(1488.525344)
234:Player,BR:0cc/cc/cc/cc:3hQs,2h4h|/2s8sTh/9c/As:-100,100(-21.808636)
235:BR,Player:0r100c/cr200c/r800c/cc:2s4s,8hAs|/6d8sKc/6h/4c:-1200,1200(-1192.210453)
236:Player,BR:0cc/cc/r100r400f:7cTh,6cTc|/5c7sKc/Qs:-200,200(-200.000000)
237:BR,Player:0cc/cc/r200f:2s8s,6dTd|/3s4hAc/Qd:100,-100(100.000000)
238:Player,BR:0cr100c/r200c/r400r1600f:7hJh,6d9d|/2h5h6s/6c:-800,800(-800.000000)
239:BR,Player:0r100c/cr200c/r800f:6dKc,7dAs|/4c7cKh/2c:400,-400(400.000000)
240:Player,BR:0cr100c/r200c/cr800f:4c5c,KdAh|/8hTdAc/6h:-400,400(-400.000000)
241:BR,Player:0r100c/cr200c/cc/r800f:5dKh,9dAs|/2h6c8d/8h/3s:400,-400(400.000000)
242:Player,BR:0cc/cc/cr200c/cr600f:2d4s,KdKc|/2h3c9h/Js/9c:-300,300(-300.000000)
243:BR,Player:0r100c/cr200c/cr400f:4sJd,5h7h|/3s7s7c/8h:-400,400(-400.000000)
244:Player,BR:0cr100c/r200c/cr800c/cc:3s3c,5d8h|/2s8sKd/7h/Td:-1200,1200(-58.775092)
245:BR,Player:0r100c/cr200c/cr400c/cc:7hJd,8sTc|/4cJcAc/8d/5h:800,-800(254.921700)
246:Player,BR:0cc/cc/r100f:ThKs,4h6s|/3cJdAc/Kh:100,-100(100.000000)
247:BR,Player:0cc/cr100c/cr200c/cc:9dKs,2sQc|/2h8s8d/7h/Th:-400,400(-219.068993)
248:Player,BR:0cc/cc/cr200r300c/r600c:6d9h,6sTh|/2d9cAh/6h/3c:1200,-1200(584.414632)
249:BR,Player:0r100c/cc/r400f:3sTd,4sKc|/2dJdAd/4c:200,-200(200.000000)
250:Player,BR:0cc/cc/cc/cr200c:3s8d,6c8h|/3d9dJh/Kh/Td:300,-300(300.000000)
251:BR,Player:0cc/cc/r200c/r600f:2cKd,4c8d|/2h8hKc/7h/3d:300,-300(300.000000)
252:Player,BR:0cr100c/r200c/cr800c/cc:8h8d,4d9d|/6hThQd/Ts/2h:1200,-1200(1200.000000)
253:BR,Player:0r100c/cr200c/r800c/cc:6dTd,7hKc|/4s7sAd/Jd/3s:-1200,1200(-1200.000000)
254:Player,BR:0cc/cc/cc/r100r400f:5cTs,2dQh|/3sJsJh/Kd/Th:-200,200(-200.000000)
255:BR,Player:0r100c/cc/cc/r400c:3hAc,5dAd|/6d8s9c/7c/2c:-600,600(-600.000000)
256:Player,BR:0cr100c/r200c/r400c/cr1600f:JdQs,TsAc|/6hThKd/5c/7s:-800,800(-800.000000)
257:BR,Player:0r100c/cc/r400f:8dJd,4cKh|/2s7sAd/6c:200,-200(200.000000)
258:Player,BR:0cc/cc/r100r400f:8sJc,3cTh|/2c6c9c/4d:-200,200(-200.000000)
259:BR,Player:0cc/cc/r200f:6sJc,2cQd|/4c8hJs/3d:100,-100(100.000000)
260:Player,BR:0cc/cc/cr200f:3sKd,9hKs|/9dThAh/5s:-100,100(-100.000000)
261:BR,Player:0r100c/cr200c/cr400c/cr800f:5sQh,4s8s|/5c6c7c/Kh/7d:-800,800(-800.000000)
262:Player,BR:0cc/cc/cr200c/cc:8h9s,4c5h|/3c8dAd/5d/7d:300,-300(297.456027)
263:BR,Player:0cc/cr100c/r400c/cc:TdJc,TcJh|/2sJsQc/6h/2c:0,-0(31.792766)
264:Player,BR:0cr100c/cc/r200r800f:TdJh,8c9d|/6s7s7d/3d:-400,400(-400.000000)
265:BR,Player:0r100c/cr200c/cc/cc:2d7s,4c6s|/5cQdKs/7c/Ad:400,-400(268.309245)
266:Player,BR:0cc/cc/cr200c/cr600c:8sJc,9dTd|/3h8cTc/7c/Kh:-900,900(-306.666237)
267:BR,Player:0cc/cr100c/r400c/cr600f:5c8c,QsAc|/4s7cJd/Ad/3h:-600,600(-600.000000)
268:Player,BR:0cc/cc/r100c/cr400f:3h8d,QsQd|/4h8sTh/Ad/7s:-200,200(-200.000000)
269:BR,Player:0r100c/cc/cc/cc:JhQs,QhKc|/2h7dAh/3d/6s:-200,200(-47.088287)
270:Player,BR:0cc/cc/cr200f:3hJs,8s9d|/6cKhAc/9s:-100,100(-100.000000)
271:BR,Player:0r100c/cr200c/cr400c/cr800c:2d8d,QdKs|/3h3c8s/Qc/Qh:-1600,1600(-760.371609)
272:Player,BR:0cc/cc/cr200c/cc:2cJh,3d7s|/4cJcAh/2s/4s:300,-300(300.000000)
273:BR,Player:0r100c/cr200c/r800f:4d6s,5c6d|/4h6hTd/Jc:400,-400(400.000000)
274:Player,BR:0cr100c/r200c/r400c/cc:7c9c,3cTc|/4h6dTs/Ad/5s:-800,800(-342.222609)
275:BR,Player:0r100c/cr200c/r800f:3dJd,2sJs|/6cAsAh/5d:400,-400(400.000000)
276:Player,BR:0cc/cc/cr200f:2c6s,4cJc|/5h9hQh/Jd:-100,100(-100.000000)
277:BR,Player:0cc/cr100c/cc/cr200f:8cTd,JcKh|/6h6dAh/6c/2d:-200,200(-200.000000)
278:Player,BR:0cc/cc/cr200f:3c4h,JcKh|/7h8cTh/3d:-100,100(-100.000000)
279:BR,Player:0r100c/cr200c/r800f:2s8d,5cTd|/7h7d7c/Ac:400,-400(400.000000)
280:Player,BR:0cc/cc/cr200c/cc:3dJd,5hJh|/2h5cAs/2d/6d:-300,300(-103.543737)
281:BR,Player:0cc/cc/r200f:6sTd,2hKs|/5s6d7h/8s:100,-100(100.000000)
282:Player,BR:0cc/cc/cr200c/cr600f:2d7d,QcAh|/2c6hKs/Qh/Ad:-300,300(-300.000000)
283:BR,Player:0r100c/cc/cc/cr200c:7dQs,8s9h|/4dJdKd/Kh/8c:-400,400(-180.133307)
284:Player,BR:0cc/cc/r100c/cc:5d9h,7sJd|/4d5sQc/9c/Ts:200,-200(83.888606)
285:BR,Player:0r100c/cr200c/cc/r800c:3s4s,9hKc|/QdQcKh/Ad/3h:-1200,1200(-1091.317232)
286:Player,BR:0cr100c/cc/cc/cc:8sAd,ThQc|/2h2c7c/Jd/3c:200,-200(161.007471)
287:BR,Player:0r100c/cr200c/cr400f:2s8c,9cKs|/3c6c9h/Qh:-400,400(-400.000000)
288:Player,BR:0cr100c/r200c/r400c/cr1600f:7d8s,2d3s|/2s9s9h/Ad/2h:-800,800(-800.000000)
289:BR,Player:0cc/cc/r200c/cc:6sJc,3hTc|/3c7h8h/4h/7s:-300,300(-299.993814)
290:Player,BR:0cr100c/r200c/r400f:TdJc,3d5s|/4s7cJh/9h:400,-400(400.000000)
291:BR,Player:0r100c/cr200c/cr400f:2c6s,8dQd|/4h5h9s/Th:-400,400(-400.000000)
292:Player,BR:0cc/cc/cr200f:3sKs,6hJd|/2c9cTd/5d:-100,100(-100.000000)
293:BR,Player:0r100c/cr200c/cc/r800r1200f:3d4s,4d7h|/6h7sAs/Qc/7d:-1200,1200(-1200.000000)
294:Player,BR:0cc/cc/cc/r100r400r600f:5cQs,6cQh|/3d5dJd/8d/Qc:600,-600(600.000000)
295:BR,Player:0r100c/cr200c/cr400r1600r17600f:KcAh,3h5h|/2h4dTc/Qh:-2400,2400(-2400.000000)
296:Player,BR:0cr100c/r200c/r400r1600c/cr4800f:AhAd,2sKc|/2cTcKd/6d/8d:-2400,2400(-2400.000000)
297:BR,Player:0cc/cr100c/r400c/cc:4d7d,6h9d|/6d9sJd/3h/3c:-600,600(-599.947582)
298:Player,BR:0cc/cc/r100c/cr400f:5cKd,7dKs|/ThQdAd/6d/8h:-200,200(-200.000000)
299:BR,Player:0r100c/cr200c/cr400c/cc:2dJs,6h9s|/2h5hKh/4s/Qh:-800,800(-800.000000)
300:Player,BR:0cc/cc/cr200f:6hKc,2h4d|/3h4s9d/Ad:-100,100(-100.000000)
301:BR,Player:0r100c/cc/cr200r800f:9cJc,6s6d|/2cQhKc/Ks:400,-400(400.000000)
302:Player,BR:0cc/cc/cr200f:6dQc,6s7h|/7s8sTs/3c:-100,100(-100.000000)
303:BR,Player:0r100c/cc/cr200c/cr400r1600f:5c6d,TdJc|/4c6sJs/9h/8h:800,-800(800.000000)
304:Player,BR:0cr100c/cc/r200r800f:6h6d,5d9s|/2h5c9c/Jh:-400,400(-400.000000)
305:BR,Player:0r100c/cc/r400f:JsKd,9hQd|/5c6sKs/3h:200,-200(200.000000)
306:Player,BR:0cr100c/cc/r200f:7h7c,8s9c|/3h4s4d/6s:200,-200(200.000000)
307:BR,Player:0cc/cc/r200c/r600f:7cAd,6dQd|/6cThTc/7d/7s:300,-300(300.000000)
308:Player,BR:0cc/cc/cc/cr200c:2c3h,4cKs|/3s7sJh/6d/Kc:-300,300(-281.095842)
309:BR,Player:0r100c/cr200c/cc/r19600f:4s6d,7s9d|/3h7cQs/Ah/5d:400,-400(400.000000)
310:Player,BR:0cc/cc/cc/cr200f:7sAd,7dTs|/5hJsKd/3c/3h:-100,100(-100.000000)
311:BR,Player:0r100c/cc/cc/cr200f:5c8d,4dAh|/8cKhAd/7s/Qs:-200,200(-200.000000)
312:Player,BR:0cc/r100c/r200c/cc:3h5d,4dTd|/4c7dJh/5c/Qc:400,-400(26.766518)
313:BR,Player:0f:JsQc,2d5s|:50,-50(50.000000)
314:Player,BR:0cc/cc/r100c/r200c:3h6d,2sTs|/ThJsJd/6h/Jc:-400,400(-187.460511)
315:BR,Player:0r100c/cr200c/r800c/cr1200r4800f:7cKc,KhAd|/3c9hKs/5s/8c:2400,-2400(2400.000000)
316:Player,BR:0cc/cc/cr200f:2c8s,4d9h|/5c6s9d/Ks:-100,100(-100.000000)
317:BR,Player:0r100c/cc/r400c/cr600c:7dKd,2h9h|/3h5hKs/5s/4d:1200,-1200(-186.470296)
318:Player,BR:0cr19900c/cc/cc/cc:KsAc,3c5d|/8cThJh/Tc/Js:20000,-20000(18432.387258)
319:BR,Player:0r100c/cr200c/cr400c/cc:9sQc,5dTs|/3h8hTc/9d/Qd:800,-800(800.000000)
320:Player,BR:0cc/cc/cc/r100c:4d9c,QhAd|/3s3d9d/5h/7h:200,-200(93.074295)
321:BR,Player:0r100c/cr200c/cc/r800f:6c9h,4hJh|/2dThKs/5c/7s:400,-400(400.000000)
322:Player,BR:0cr100c/r200c/cr800f:5h6h,5cQh|/8s9cKc/8c:-400,400(-400.000000)
323:BR,Player:0f:KdAd,2h3d|:50,-50(50.000000)
324:Player,BR:0cc/cc/cr200c/cc:2c5s,4hTh|/2d3dAc/Jh/6c:300,-300(299.885980)
325:BR,Player:0cc/cr100c/r400r600f:3h8c,6cJh|/6d9h9c/4c:-600,600(-600.000000)
326:Player,BR:0cr100c/r200c/r400f:QhKd,3s8h|/7hTsAc/Qs:400,-400(400.000000)
327:BR,Player:0r100c/cc/cc/cc:JhQh,3d5h|/5c7hAd/Ks/4h:-200,200(-39.551012)
328:Player,BR:0cc/cc/cr200f:5hQc,KsKd|/4s7s9d/Jd:-100,100(-100.000000)
329:BR,Player:0r100c/cr200c/cr400f:3sJh,6dKd|/4h7dTc/Kc:-400,400(-400.000000)
330:Player,BR:0cc/cc/cc/cc:9hQc,5cQh|/8sJsKd/3c/Jd:100,-100(10.610622)
331:BR,Player:0r100c/cr200c/cc/r800c:2c3d,9dJs|/4hThKc/8h/9h:-1200,1200(-1200.000000)
332:Player,BR:0cr100c/r200c/r400r1600c/cc:KhKc,2hTc|/6cThJd/Td/8d:-2400,2400(-950.534957)
333:BR,Player:0cc/cc/r200c/cr300f:2s8h,5d9c|/4h6sQs/7h/3c:-300,300(-300.000000)
334:Player,BR:0cc/cc/r100c/cc:3h7h,5hJh|/3s5s7c/8d/Qs:200,-200(-80.743838)
335:BR,Player:0r100c/cr200c/r800c/cr1200f:5c6d,TdJd|/2dQsAd/2c/9c:-1200,1200(-1200.000000)
336:Player,BR:0cr100c/r200c/cr800f:7cAc,9cJd|/2s5dAd/4s:-400,400(-400.000000)
337:BR,Player:0r100c/cc/cc/r400f:8h8d,3d3c|/7dQsKc/5c/8s:200,-200(200.000000)
338:Player,BR:0cc/cc/cr200f:5d8c,3d9d|/3c4h4d/7h:-100,100(-100.000000)
339:BR,Player:0cc/cr100c/r400c/r1200c:3dTc,9hJc|/2s3hTs/Jh/6d:1800,-1800(736.306656)
340:Player,BR:0cr100c/r200c/cr800c/cc:8hAd,5sQc|/4c6h9s/9h/2d:1200,-1200(1200.000000)
341:BR,Player:0f:7sTh,2d5s|:50,-50(50.000000)
342:Player,BR:0cc/cc/cr200f:9cQd,3h9d|/4c5dAc/5h:-100,100(-100.000000)
343:BR,Player:0f:6hTh,2h6s|:50,-50(50.000000)
344:Player,BR:0cc/cc/r100c/cc:5s7c,TdKs|/2c8h9s/As/7h:200,-200(137.941153)
345:BR,Player:0r100c/cr200c/cc/r800f:3d8d,5d9d|/4h5hQd/As/Ah:400,-400(400.000000)
346:Player,BR:0cc/cc/cr200f:9hKd,8dJd|/2c5cJs/As:-100,100(-100.000000)
347:BR,Player:0r100c/cr200c/cr400c/cr800c:7hQc,ThAs|/JsQsAc/6c/4h:-1600,1600(-768.326536)
348:Player,BR:0cc/cc/r100r400f:5sKs,4h8s|/2sJdJc/8h:-200,200(-200.000000)
349:BR,Player:0cc/cc/r200c/cr300f:6hTh,5hAc|/4c7hAs/Jh/3c:-300,300(-300.000000)
350:Player,BR:0cc/cc/cc/cr200f:7dJs,3hKd|/3c8dQs/5s/Kh:-100,100(-100.000000)
351:BR,Player:0cc/cc/r200f:QdAd,2cJd|/3s5h7s/2d:100,-100(100.000000)
352:Player,BR:0cc/cc/r100c/r200c:6cJs,7h9c|/5sTdTc/9s/3h:-400,400(-188.124411)
353:BR,Player:0r100c/cr200c/r800r1200c/cc:6hQd,6dQh|/7c8hQc/3d/8d:0,-0(812.478996)
354:Player,BR:0cc/cc/cr19900f:3s8s,4sJc|/2d4c8h/Jh:-100,100(-100.000000)
355:BR,Player:0f:ThQc,3s9c|:50,-50(50.000000)
356:Player,BR:0cr100c/r200c/cc/cc:TdAd,9dAc|/2d7cJs/Jc/6d:400,-400(29.144741)
357:BR,Player:0cc/cr100c/cr200f:3d9c,8hJh|/2d5cTh/Qd:-200,200(-200.000000)
358:Player,BR:0cc/cc/r100r400f:5s7c,9cQd|/4c9h9d/6c:-200,200(-200.000000)
359:BR,Player:0r100c/cr200c/cc/cc:TsTh,6d9c|/3h7cQh/7d/4s:400,-400(390.026515)
360:Player,BR:0cc/cc/r100c/cr400f:6sAd,4sTc|/5cJcKc/As/2c:-200,200(-200.000000)
361:BR,Player:0r100c/cc/r400c/cc:5h9s,6sAs|/3c8s8h/Ad/6c:-600,600(-600.000000)
362:Player,BR:0cr100c/r200c/r400c/cr1600f:8s9c,3d4c|/3c6hTd/8c/4d:-800,800(-800.000000)
363:BR,Player:0r100c/cr200c/r800c/cc:6s9h,5s8c|/3h8hTd/Th/Qs:-1200,1200(-1200.000000)
364:Player,BR:0cc/cc/cr200c/cc:4dQh,4sKs|/9hTsTd/Jc/6h:-300,300(181.346714)
365:BR,Player:0r100c/cc/r400c/r1200f:8dTs,4hAc|/7s7hJc/4d/9c:600,-600(600.000000)
366:Player,BR:0cc/cc/cr200c/cc:6dQd,7dJd|/5c6cAh/8h/Kc:300,-300(297.228806)
367:BR,Player:0r100c/cc/cr200c/cc:6cJh,4d7h|/5sTdKs/Ah/5d:400,-400(-191.288346)
368:Player,BR:0cr100c/r200c/cr800r1200c/r17600f:JsKs,2c7c|/6sTsKc/2h/Jd:2400,-2400(2400.000000)
369:BR,Player:0r100c/cr200c/cc/cr400c:KdAh,3hQs|/2s6s8d/4d/5h:-800,800(-359.400191)
370:Player,BR:0cr100c/r200c/cr800f:5h5c,7h9s|/2hJsAs/Kh:-400,400(-400.000000)
371:BR,Player:0r100c/cr200c/r19600c/cc:7h7c,8c9s|/7sTdJh/Ac/Ks:-20000,20000(-7301.827376)
372:Player,BR:0cc/cc/cc/r100f:6c7s,8dTs|/3sJhQs/7c/2s:100,-100(100.000000)
373:BR,Player:0r100c/cr200c/r800f:5cQs,9cJh|/3c4c8h/6s:400,-400(400.000000)
374:Player,BR:0cr100c/r200c/cr800f:3h4h,2dJh|/5sTcQc/Qd:-400,400(-400.000000)
375:BR,Player:0r100c/cr200c/cr400r1600c/cr2400f:4cTd,9sJd|/6d7c8s/6h/4h:-2400,2400(-2400.000000)
376:Player,BR:0cr100c/r200c/r400c/r800f:JsAc,3h5c|/3dTsQs/Ks/7d:800,-800(800.000000)
377:BR,Player:0r100c/cr200c/r800f:6cQh,4dKh|/2c3hQs/5s:400,-400(400.000000)
378:Player,BR:0cc/cc/r100r400f:2s3d,4h9h|/3c6h8h/8s:-200,200(-200.000000)
379:BR,Player:0r100c/cr200c/r800f:8cAh,4d9d|/7s7h8d/7c:400,-400(400.000000)
380:Player,BR:0cr100c/r200c/cc/cc:4h4c,6dKd|/4sQhAs/Qs/3h:400,-400(92.741926)
381:BR,Player:0cc/cr100c/r400c/cc:8s8h,JsJd|/6s8c9c/3c/Jc:-600,600(38.291622)
382:Player,BR:0cc/cc/r100f:3s4d,9sJc|/3d5sTs/2c:100,-100(100.000000)
383:BR,Player:0r100c/cc/cc/cc:3sQc,8cTc|/2h5dKh/7c/3h:200,-200(162.713387)
384:Player,BR:0cc/cc/r100c/cr400f:3hJd,3c6c|/2c6sQh/5d/Qs:-200,200(-200.000000)
385:BR,Player:0r100c/cc/cc/cr200f:8s8h,2d4d|/QdAsAc/Ts/Tc:-200,200(-200.000000)
386:Player,BR:0cr100c/r200c/r400c/r800c:AdAc,2d5h|/2s3s4c/8d/Jc:1600,-1600(782.560288)
387:BR,Player:0r100c/cr200c/cc/cr400f:6hJd,TdJs|/TcAsAh/7d/Th:-400,400(-400.000000)
388:Player,BR:0cr100c/r200c/cc/cr800f:8h8c,3cJs|/2h7sKh/2s/Th:-400,400(-400.000000)
389:BR,Player:0cc/cr100c/r400f:7c8h,7hJd|/3c5dQd/Ks:200,-200(200.000000)
390:Player,BR:0cr100c/r200c/cr800f:5d7c,5s9d|/7h8hAd/8s:-400,400(-400.000000)
391:BR,Player:0r100c/cr200c/r800f:2d9c,9hJh|/3cTdAh/3d:400,-400(400.000000)
392:Player,BR:0cr100c/cc/cc/r200f:JsQs,2c7d|/4c6hKd/As/Jh:200,-200(200.000000)
393:BR,Player:0r100c/cc/cc/cc:6dKs,JcAd|/4s9hQd/3s/7h:-200,200(-111.119125)
394:Player,BR:0cr100c/r200c/r400f:TdQs,4d6d|/9s9cJh/2d:400,-400(400.000000)
395:BR,Player:0r100c/cc/cr200c/cr400f:ThJh,JcAs|/3c5cKh/Qc/Kc:-400,400(-400.000000)
396:Player,BR:0cr100c/r200c/cr800f:6dKd,4sAh|/2h7c9c/3h:-400,400(-400.000000)
397:BR,Player:0r100c/cc/cc/cc:7cQs,4hKd|/2h8cJc/7s/9s:200,-200(164.864626)
398:Player,BR:0cc/cc/cr200c/cc:9sKh,5h8h|/2s4sQh/9c/7d:300,-300(297.905485)
399:BR,Player:0r100c/cc/cr200c/cr400f:7sTc,5d8h|/9dJsAs/Td/3s:-400,400(-400.000000)
400:Player,BR:0cc/cc/r100r400c/cr1200c:4hTh,5dTs|/9sJhQc/8h/Ac:0,-0(-289.583317)
401:BR,Player:0r100c/cr200c/r19600f:JhQh,6sKc|/2c5hJc/Jd:400,-400(400.000000)
402:Player,BR:0cc/cc/cc/r100r400f:TcAs,3dQh|/2cJhAc/Js/Kc:-200,200(-200.000000)
403:BR,Player:0r100c/cr200c/cc/cc:8c9c,7s9h|/6hKdAc/3d/8s:400,-400(285.172685)
404:Player,BR:0cc/cc/cr200f:8sQh,KsKd|/3d5c9h/6s:-100,100(-100.000000)
405:BR,Player:0cc/cc/cr100r400c/cr600f:7d8d,7s9d|/9h9cQh/4c/Kd:-600,600(-600.000000)
406:Player,BR:0cc/cc/r100c/cr400f:2sAd,JsQc|/7s8s8c/5s/9d:-200,200(-200.000000)
407:BR,Player:0r100c/cc/cc/cr200f:6h9d,JsQh|/5dJdAs/5c/9s:-200,200(-200.000000)
408:Player,BR:0cr100c/r200c/r400f:AdAc,2sKd|/4s7c8d/Ts:400,-400(400.000000)
409:BR,Player:0r100c/cr200c/cc/r800f:4hKd,JsQh|/2h3s7h/8d/5s:400,-400(400.000000)
410:Player,BR:0cr100c/r200c/r400r1600f:9hJh,2sQh|/2dQdKh/7c:-800,800(-800.000000)
411:BR,Player:0r100c/cr200c/cr400f:7c9c,4hAh|/2sJsAc/8d:-400,400(-400.000000)
412:Player,BR:0cc/cc/r100r400f:5hJd,2dTc|/3s4sTs/6h:-200,200(-200.000000)
413:BR,Player:0f:6d8s,3c9s|:50,-50(50.000000)
414:Player,BR:0cr100c/r200c/cr800f:8hQh,7h9d|/7dJdAc/4h:-400,400(-400.000000)
415:BR,Player:0r100c/cr200c/r800f:5hAc,5sTs|/4s9dAd/7s:400,-400(400.000000)
416:Player,BR:0cc/cc/cc/cr200f:2sTd,5h5c|/6c9sKc/9h/4c:-100,100(-100.000000)
417:BR,Player:0r100c/cr200c/cr400f:2d3c,7hTs|/5d8h8d/Jc:-400,400(-400.000000)
418:Player,BR:0cr100c/r200c/cc/cc:AsAc,3h8h|/3c6dQd/4h/2s:400,-400(-118.776486)
419:BR,Player:0r100c/cr200c/cc/cc:8hAs,5sQd|/5c9sTc/3d/8s:400,-400(391.896520)
420:Player,BR:0cc/cc/cr200f:3dKc,7cQh|/2h4s6h/Qd:-100,100(-100.000000)
421:BR,Player:0r100c/cc/r400r600r2400c/cr3600f:9dKd,JsJc|/5d6hQs/Jd/3h:-3600,3600(-3600.000000)
422:Player,BR:0cr100c/r200c/r400r1600f:JcQc,AsAc|/3d5dJd/7s:-800,800(-800.000000)
423:BR,Player:0cc/cc/r200c/r600f:7h8s,8h8c|/3d9hKh/Jh/Qd:300,-300(300.000000)
424:Player,BR:0cc/cc/cc/r100r400c:6dJd,4s8d|/4h9hJc/Th/5d:600,-600(600.000000)
425:BR,Player:0r100c/cr200c/cr400c/cr800f:KhAc,3sKd|/4s5s7d/Qh/9s:-800,800(-800.000000)
426:Player,BR:0cc/cc/r100r400c/cr1200f:3s4h,7sAc|/2sKhAs/3c/Ad:-600,600(-600.000000)
427:BR,Player:0r100c/cc/cr200f:9cJs,7c9h|/6h7hTh/As:-200,200(-200.000000)
428:Player,BR:0cr100c/r200c/r400r1600c/cc:QsQc,8cJs|/5h6d9d/Jh/4d:2400,-2400(736.595131)
429:BR,Player:0r100c/cc/r400f:2sAd,4hQd|/6sTsAh/Kh:200,-200(200.000000)
430:Player,BR:0cc/cc/r100r400f:5cTd,6hTh|/8h9sQc/2c:-200,200(-200.000000)
431:BR,Player:0r100c/cr200c/cc/cr400c:3hQs,6sJc|/6cAhAc/4h/Qc:800,-800(-80.898765)
432:Player,BR:0cr100c/cc/cc/cc:6h9h,8dKd|/2d4sQd/Qs/7h:-200,200(20.051743)
433:BR,Player:0f:TdKs,2h6c|:50,-50(50.000000)
434:Player,BR:0cc/cc/cr200f:2h3s,3h7d|/2s5s7h/8c:-100,100(-100.000000)
435:BR,Player:0r100c/cc/r400f:QhAc,7sQc|/3h4hKc/Ad:200,-200(200.000000)
436:Player,BR:0cr100c/cc/cr400f:QhAs,4h7c|/5c6h7d/8c:-200,200(-200.000000)
437:BR,Player:0r100c/cr200c/r800f:8sTs,2c8c|/3s4hQs/Qh:400,-400(400.000000)
438:Player,BR:0cc/cc/cr200c/cc:5sJd,7s7d|/4s5c9s/6s/7c:-300,300(-105.099478)
439:BR,Player:0f:9sKs,2h3c|:50,-50(50.000000)
440:Player,BR:0cc/cc/cr200f:8sTh,4sTs|/3dJhJd/2c:-100,100(-100.000000)
441:BR,Player:0f:8sJh,2d7s|:50,-50(50.000000)
442:Player,BR:0cr100c/cc/cr19800f:9dAd,6c8d|/4c5h7h/3d:-200,200(-200.000000)
443:BR,Player:0r100c/cr200c/cr400r1600f:8hAc,7sAh|/6h7cKc/Qs:800,-800(800.000000)
444:Player,BR:0cc/cc/cc/cr200f:3hAs,6d7s|/7d8sKh/Th/2s:-100,100(-100.000000)
445:BR,Player:0r100c/cc/cc/cr200f:5sJd,9dQd|/4h4c8c/Qh/4s:-200,200(-200.000000)
446:Player,BR:0cr100c/cc/cc/cr400f:6h6d,ThAd|/2hJdKh/7c/Qh:-200,200(-200.000000)
447:BR,Player:0r100c/cr200c/cc/r800f:2dKh,9dQd|/5h6s7c/9h/3c:400,-400(400.000000)
448:Player,BR:0cc/cc/cr200f:6h8s,JhKc|/6dTcAc/Jc:-100,100(-100.000000)
449:BR,Player:0r100c/cr200c/cr400c/cc:4d5d,3h7h|/4cQhAs/8h/3d:800,-800(74.791997)
450:Player,BR:0cc/cc/cr200f:2d6d,4s5h|/ThJdKs/3c:-100,100(-100.000000)
451:BR,Player:0r100c/cc/r400f:2s8c,3sKd|/6c7c9d/Js:200,-200(200.000000)
452:Player,BR:0cc/cc/cc/r100c:2h8d,3s3h|/2cQsAs/7d/7s:-200,200(25.806527)
453:BR,Player:0cc/cc/cr100c/cr200f:2sQc,3d4s|/3h3c9h/Js/Kh:-200,200(-200.000000)
454:Player,BR:0cc/cc/r100c/cc:5d6h,3s6c|/5c6sKc/Qh/Td:200,-200(-34.891338)
455:BR,Player:0cc/cc/r200f:2s5d,4dQd|/4s7cJd/Ac:100,-100(100.000000)
456:Player,BR:0cc/r100c/cc/r200c:2c6s,9sJs|/2s2d7s/7d/Jc:400,-400(93.532379)
457:BR,Player:0f:5hKc,2h3s|:50,-50(50.000000)
458:Player,BR:0cc/cc/cc/r100c:4cJh,5hKd|/6dQsAc/Jc/Qh:200,-200(99.227072)
459:BR,Player:0f:7cTh,2c7s|:50,-50(50.000000)
460:Player,BR:0cr100c/r200c/r400f:TsJd,5dTd|/2d7hAh/Qh:400,-400(400.000000)
461:BR,Player:0r100c/cc/r400c/r1200c:9sTc,4sAs|/6c9hQd/Qs/Qh:1800,-1800(447.869191)
462:Player,BR:0cc/cc/cc/r100r400c:2h8d,2dJh|/2sKsAs/9c/8c:600,-600(600.000000)
463:BR,Player:0r100c/cr200c/r800f:2h6h,QdAd|/2s6cTs/9h:400,-400(400.000000)
464:Player,BR:0cr100c/r200c/r400c/r800f:7h8h,5s8d|/5c6s6d/9c/Qs:800,-800(800.000000)
465:BR,Player:0r100c/cr200c/cr400c/cr800f:4sTs,7h7c|/3s4d7d/5h/8c:-800,800(-800.000000)
466:Player,BR:0cr100c/r200c/cc/cc:2cKc,7dQc|/3s8hJh/7s/Kh:400,-400(-173.849205)
467:BR,Player:0r100c/cr200c/cc/cc:7d8c,5s9s|/4h7hQc/2d/5h:400,-400(399.984353)
468:Player,BR:0cc/cc/r100c/r200r800f:2s9h,4s4d|/6sKsKd/Qs/Td:-400,400(-400.000000)
469:BR,Player:0r100c/cr200c/cc/r800f:5d6s,4c5s|/3h7h8s/As/7s:400,-400(400.000000)
470:Player,BR:0cc/cc/r100c/cr400f:8hTc,5cKs|/3c4d7c/Qc/Qd:-200,200(-200.000000)
471:BR,Player:0r100c/cc/r400f:8hJd,9sKs|/2c3d8c/4s:200,-200(200.000000)
472:Player,BR:0cc/cc/r100f:8dTs,2h8c|/7cJcKs/5s:100,-100(100.000000)
473:BR,Player:0cc/cr100c/cc/cc:3s4c,3cJs|/3h6c7d/Ks/2h:-200,200(148.253949)
474:Player,BR:0cc/cc/cr200f:3sTd,7sJh|/6dJdAh/6c:-100,100(-100.000000)
475:BR,Player:0r100c/cr200c/cr400c/cc:TsJd,6dKh|/5hQhQd/4d/4c:-800,800(-179.008025)
476:Player,BR:0cr100c/r200c/cr800f:QcAd,7dKd|/2s3s6s/3d:-400,400(-400.000000)
477:BR,Player:0r100c/cc/r400c/cc:3h9c,4h5h|/2s2d8h/5s/Js:-600,600(-595.500807)
478:Player,BR:0cc/cc/cc/r100c:4dTd,6cKc|/2c3hAh/8d/9s:-200,200(98.445573)
479:BR,Player:0cc/cc/cr100c/r400c:7hKh,3cTh|/2d3s5c/Ts/Kc:-600,600(303.158829)
480:Player,BR:0cr100c/r200c/cr800f:ThKs,6sJc|/3c5s5h/9c:-400,400(-400.000000)
481:BR,Player:0r100c/cr200c/cc/r800f:9hKc,QsAh|/3h5cJc/2d/3s:400,-400(400.000000)
482:Player,BR:0cr100c/r200c/cc/cc:3dKd,2sJd|/7s8dAc/7c/Jh:-400,400(-207.915395)
483:BR,Player:0f:JsKc,2d8h|:50,-50(50.000000)
484:Player,BR:0cc/cc/r100c/r200f:2s6d,5s9h|/TdJcKs/Ah/Kh:200,-200(200.000000)
485:BR,Player:0cc/cr100c/cc/cc:6hQs,4sKh|/7d9h9c/Jh/Ts:-200,200(-166.088140)
486:Player,BR:0cc/cc/cr200f:8cJs,4hKs|/4s5hAc/Qd:-100,100(-100.000000)
487:BR,Player:0f:2h5d,2s8d|:50,-50(50.000000)
488:Player,BR:0cr100c/r200c/cr800c/cc:JhKd,4h8d|/4s8hTd/As/Tc:-1200,1200(-192.372944)
489:BR,Player:0r100c/cr200c/cc/cc:TdQd,6d9h|/5d5cAc/4c/8d:400,-400(-243.508183)
490:Player,BR:0cc/cc/r100r400f:8sJc,4dQd|/6d7sAd/5s:-200,200(-200.000000)
491:BR,Player:0r100c/cr200c/r800r1200r4800f:4h7h,3h6h|/5hQcAh/3d:2400,-2400(2400.000000)
492:Player,BR:0cr100c/r200c/cr800f:8hAh,3hAd|/7cTdQc/2c:-400,400(-400.000000)
493:BR,Player:0r100c/cr200c/r800f:5c6s,4c6h|/TsTdJs/8s:400,-400(400.000000)
494:Player,BR:0cc/cc/cr200c/cc:3c7d,8hJd|/6dJhAd/3d/Ks:-300,300(-58.173751)
495:BR,Player:0r100c/cr200c/r800f:5c6s,8dTh|/4s6h6c/Kh:400,-400(400.000000)
496:Player,BR:0cc/cc/cr200f:5c8s,3h6c|/2cTcQc/Js:-100,100(-100.000000)
497:BR,Player:0r100c/cr200c/cr400c/cc:JsAs,8sAc|/3d8c9h/Qc/Jc:800,-800(142.544235)
498:Player,BR:0cc/cc/cr200r300f:7cKs,5cTc|/3c8sJd/7d:300,-300(300.000000)
499:BR,Player:0r100c/cr200c/cr400c/cr800r18400f:4s4h,3d5h|/3h5d9c/Js/2h:1600,-1600(1600.000000)
500:Player,BR:0cc/cc/cr200c/r300f:6cAh,5d8h|/7hJsKd/Ac/Jh:300,-300(300.000000)
RAW BR STATS: n=500, sum=-54900.000000, sum_sq=2244660000.000000, vr_sum=-19310.931224, vr_sum_sq=1052767706.943813
BR STATS: -109.800000(185.471600), -38.621862(127.144756)
RESULTS
1)BR: -54900
2)Player: 54900
