In config file: GAME_DEF=game_def.fullholdem
In config file: ACTIONS_R0=F,C
In config file: ACTIONS_R1=F,C
In config file: ACTIONS_R2=F,C
In config file: ACTIONS_R3=F,C
Using seed 6.
1:Player,BR:0cc/cc/cc/cc:2d9c,3sAd|/9sTsQh/5s/Kh:100,-100(17.585403)
2:BR,Player:0r200c/cc/cc/cc:QsQh,KdAd|/3s4h7h/5d/Td:300,-300(300.000000)
3:Player,BR:0cc/cc/r100f:3cJs,3d6d|/2c5sKc/As:100,-100(100.000000)
4:BR,Player:0r200c/cr300c/cc/cc:6sAs,3d4s|/2h8cQd/3s/9c:-600,600(-238.397579)
5:Player,BR:0cc/cc/r100c/r200c:3d9h,ThAd|/4h5d7h/Kh/6h:-400,400(-267.623086)
6:BR,Player:0r100c/cr200c/cc/cr1600f:8cQd,4c9c|/4h5sTc/Ts/9h:-400,400(-400.000000)
7:Player,BR:0cr200c/r300c/cc/cc:9cAd,8sJc|/TsThAh/Qd/Ks:-600,600(-540.836425)
8:BR,Player:0r100c/cc/cc/cc:2d6h,4dKs|/5d7s7c/9c/9d:-200,200(-196.873216)
9:Player,BR:0cr200c/r300c/r600c/r1200c:8hAh,9sTs|/5c7sJh/8c/Js:-2400,2400(-2032.315994)
10:BR,Player:0r100c/cr400c/cc/cc:JsAc,4sTs|/2c4hJh/Qs/5d:600,-600(599.999973)
11:Player,BR:0cr19900f:7cKd,6d9c|:100,-100(100.000000)
12:BR,Player:0f:8cQs,2s4d|:50,-50(50.000000)
13:Player,BR:0cc/cc/cc/cc:3h4s,9dAh|/ThJsKs/7c/4h:100,-100(-9.160715)
14:BR,Player:0cc/cc/cr200c/cc:4dKh,4cTs|/7cJdQs/5h/5d:300,-300(55.703924)
15:Player,BR:0cc/cc/cc/cc:6sJc,5sTc|/3s3d7d/8h/Qs:100,-100(48.533194)
16:BR,Player:0cc/cc/cc/cc:5d6s,JsQc|/2s5s7d/Ac/9d:100,-100(97.247178)
17:Player,BR:0cc/cc/cc/cc:2dQs,7dJs|/3d5dKs/5h/7h:-100,100(-83.813219)
18:BR,Player:0r200f:2h7d,KdAs|:-100,100(-100.000000)
19:Player,BR:0cr200c/r300c/cc/r600f:8cTh,8dQs|/5sJcKc/Kd/Ac:600,-600(600.000000)
20:BR,Player:0r100c/cr400c/cr1200c/cc:6dTs,JdAs|/6sTcAd/9s/8d:1800,-1800(1310.112717)
21:Player,BR:0cr100c/r400c/r600c/cc:2hAh,6sTs|/6hThTd/8d/2d:-1200,1200(-1199.913920)
22:BR,Player:0cc/cr200c/cc/cr1200c:8dAh,7cJd|/4dJsJh/3d/5c:-1500,1500(-296.097292)
23:Player,BR:0cc/cc/r200f:4d8d,4s5d|/6c7cJh/6s:100,-100(100.000000)
24:BR,Player:0r200f:2c5s,7cAd|:-100,100(-100.000000)
25:Player,BR:0cr200c/r300f:7h8s,2c9c|/3h5cQd:300,-300(300.000000)
26:BR,Player:0cc/cr100c/cr200c/cr400c:TsJs,3cTh|/6d9cQc/Jh/Ks:0,-0(539.043264)
27:Player,BR:0cc/cc/cc/cc:4dKs,JsKd|/2c6cTs/Th/7c:-100,100(-41.939004)
28:BR,Player:0r200c/cc/cc/cc:2dTc,4sJs|/5d5cKh/3h/3c:0,-0(-108.865393)
29:Player,BR:0cc/cc/cc/r100c:2c5h,5c7s|/4s6cJs/3s/Ad:-200,200(-194.605515)
30:BR,Player:0r200c/cr300c/cc/cc:JsKd,TsAs|/5c6s7s/4c/5d:-600,600(-447.054546)
31:Player,BR:0cc/cc/r100c/cc:3cQd,JcAh|/3s4d9h/2s/Qs:200,-200(109.456401)
32:BR,Player:0r200c/cc/cc/cc:2s2c,9dAs|/3s5d8d/6s/Qh:300,-300(112.509861)
33:Player,BR:0cr200c/r600c/cc/r900f:9hTc,JcAs|/2c5s8c/3h/9s:900,-900(900.000000)
34:BR,Player:0r200c/cc/cc/cr600f:2cQs,5cJh|/3d7hAd/4s/7s:-300,300(-300.000000)
35:Player,BR:0cr200c/r300c/r1200c/r1800f:6d7s,8hJd|/5c8sQd/9s/5s:1800,-1800(1800.000000)
36:BR,Player:0r200c/cr300c/cc/cr1200c:7cTc,4cAs|/2cAdAc/8s/Jc:1800,-1800(1443.359229)
37:Player,BR:0cr200c/cc/r300c/r600c:5d7d,2cAd|/3h8sJc/Tc/Qh:-1200,1200(574.466766)
38:BR,Player:0r200c/cr300c/cc/cc:2h2d,9sTc|/5d7hAs/Td/8d:-600,600(-372.423389)
39:Player,BR:0cc/cc/cc/r100f:6sJh,7sJc|/6h9sKs/4d/9d:100,-100(100.000000)
40:BR,Player:0r200c/cr600f:4d6s,9s9d|/2d8h9c:-300,300(-300.000000)
41:Player,BR:0cr200c/r300c/r1200c/r1800f:5dQd,6dQs|/2s4hTh/3d/4s:1800,-1800(1800.000000)
42:BR,Player:0f:2cKc,2d7s|:50,-50(50.000000)
43:Player,BR:0cc/cc/cc/cc:6dTs,JhJd|/7c9hKd/Qs/Ac:-100,100(-64.250530)
44:BR,Player:0r200c/cc/cc/cc:3h9c,TcQc|/2h5dJd/Td/As:-300,300(-298.290045)
45:Player,BR:0cr200c/cc/cc/cc:JcKc,QsAc|/2c6s9s/2s/2d:-300,300(-56.828033)
46:BR,Player:0r100c/cc/cc/cc:6d9h,6hJc|/2s2dKs/Qd/9s:200,-200(145.759265)
47:Player,BR:0cc/cc/cc/r100f:2d7h,6sQc|/7cJsAh/5d/Jc:100,-100(100.000000)
48:BR,Player:0r200c/cc/cc/cr300f:3cJc,TcAd|/3s9cKh/Ts/6s:-300,300(-300.000000)
49:Player,BR:0cr200c/cc/cc/cc:8c9c,9s9h|/5s8hAs/Kh/5d:-300,300(-69.836507)
50:BR,Player:0cc/cc/cc/cc:6s8d,2cJd|/4s7cQc/9h/Qs:-100,100(-97.857303)
51:Player,BR:0cc/cc/cc/r100c:6dTh,8hKd|/5s6c9d/2d/2h:200,-200(99.794235)
52:BR,Player:0r200c/cc/cc/cr600c:6s9h,3sKc|/6d9cQh/4h/Kh:900,-900(648.005217)
53:Player,BR:0cr200c/cc/r300c/r1200f:TdKh,3d5d|/JdQdKs/Kc/5s:600,-600(600.000000)
54:BR,Player:0r100c/cr400c/cr600c/cr2400c:7d8d,TsJh|/6c9hJd/Th/5d:3600,-3600(2753.842888)
55:Player,BR:0cc/cc/r100c/r200c:5c8s,QsAh|/5d6cAc/4h/5s:400,-400(-180.496498)
56:BR,Player:0r200c/cc/cr300c/cr1200c:4h8h,7sTh|/8cQcKd/9c/8s:1800,-1800(1231.624342)
57:Player,BR:0cc/cc/cc/r100c:7cTh,7dKc|/2d3cQs/5c/8d:-200,200(99.322366)
58:BR,Player:0r200c/cr600c/cc/cc:4cQh,6s7h|/2s8s8h/8d/Qc:900,-900(899.978141)
59:Player,BR:0cr200c/cc/cc/r300c:ThAc,2cJh|/7h9cTs/Tc/8h:-600,600(-494.635648)
60:BR,Player:0r200c/cc/cc/cr600c:8sQh,2dKd|/2s6sAc/Ks/Kh:-900,900(-288.004882)
61:Player,BR:0cr200c/r300c/r600c/cc:JhQh,7hKc|/7dTsJs/Kd/Tc:-1200,1200(-737.117500)
62:BR,Player:0r200c/cc/cc/cc:3cAd,8dKd|/3dJsKc/Jc/As:300,-300(299.995896)
63:Player,BR:0cc/cc/cc/cc:9hJc,3dTd|/5c7dKs/5s/Tc:-100,100(-81.817418)
64:BR,Player:0r200c/cr300c/cr1200c/cr3600c:5sJd,JhKc|/8cThKs/Js/5c:-5400,5400(-1752.643263)
65:Player,BR:0cc/cc/r100c/r800f:3c9h,8cTc|/QhKhKc/Td/Qc:200,-200(200.000000)
66:BR,Player:0cc/cr100c/cc/cc:7cKd,6cJc|/2s8sKc/2d/3s:200,-200(197.808290)
67:Player,BR:0cr200c/cc/r600c/r1800f:3s6s,5d9s|/2s4s5c/3h/9d:900,-900(900.000000)
68:BR,Player:0r100c/cr200c/cr400f:6d9h,JhKs|/2hTcAc/Kh:-400,400(-400.000000)
69:Player,BR:0cr200c/cc/cc/r600f:AhAd,2dTh|/8s8cQd/Qc/7h:300,-300(300.000000)
70:BR,Player:0f:7sTh,3c7h|:50,-50(50.000000)
71:Player,BR:0cc/cc/r100c/r200c:3d4s,6h7c|/6s7hJd/5s/Jc:400,-400(-156.241534)
72:BR,Player:0r200c/cc/cc/cr600c:TsTd,7hAc|/3d4hKh/Th/6h:-900,900(-67.608365)
73:Player,BR:0cc/cc/cc/cc:8sTh,2c4h|/6cJhAs/Ah/Qh:100,-100(88.609983)
74:BR,Player:0r100c/cr200f:7d8s,5cJh|/2s4hAc:-200,200(-200.000000)
75:Player,BR:0cc/cc/r100f:9cKs,2s3d|/JdQhAs/Tc:100,-100(100.000000)
76:BR,Player:0cc/cc/cc/cc:9hAs,9sAh|/3cTcKc/5c/2d:0,-0(-62.450880)
77:Player,BR:0cc/cc/cc/r100f:4hKd,5c8c|/8h9cAc/6d/Kh:100,-100(100.000000)
78:BR,Player:0r200c/cc/cc/cc:2d9c,6sQc|/5d9sAd/7h/6c:300,-300(249.367108)
79:Player,BR:0cr200c/r300f:3cKc,2hTc|/3h8sAs:300,-300(300.000000)
80:BR,Player:0cc/cc/cc/cc:3d6c,6dTs|/2d2cQd/Ad/Ac:0,-0(-24.042849)
81:Player,BR:0cr200c/r300c/cc/cc:JhKs,7dAd|/9sTcJc/8s/7s:0,-0(111.967567)
82:BR,Player:0cc/cc/cc/cc:2dKh,3d3c|/4hQhAh/Js/Ac:-100,100(-13.105668)
83:Player,BR:0cc/cc/cc/cc:6cQc,TdTc|/2sJdKs/9d/Js:-100,100(-81.902646)
84:BR,Player:0r100c/cc/cc/cc:2d4c,8dQh|/2c6hKs/6c/3s:200,-200(198.851956)
85:Player,BR:0cr200c/r300c/cc/cc:6d9d,6s8h|/2h6cJs/8d/2s:-600,600(-411.467637)
86:BR,Player:0f:4s7h,2s7d|:50,-50(50.000000)
87:Player,BR:0cr200c/r600c/r1800c/r5400f:TsTc,6dAd|/4s7c9c/2s/2c:2700,-2700(2700.000000)
88:BR,Player:0r200c/cc/cc/cr600f:5hJc,6h9d|/4cQdAh/4h/3s:-300,300(-300.000000)
89:Player,BR:0cc/cc/cc/cc:5dJh,3hAh|/2h2c7d/Qs/4s:-100,100(-31.450934)
90:BR,Player:0r200c/cr300c/cr600f:9sQc,7dKd|/6d8dAd/4c:-600,600(-600.000000)
91:Player,BR:0cc/cc/r100c/cc:5h7s,8cAc|/4s5c9s/Qs/Th:200,-200(81.050071)
92:BR,Player:0r200c/cr600c/cc/cc:4d4c,5h7h|/3h5c9h/3c/7c:-900,900(20.484501)
93:Player,BR:0cc/cc/cc/cc:8hKd,TdAd|/6hJsQh/2h/Tc:-100,100(-67.080823)
94:BR,Player:0r200f:2c3h,6s8d|:-100,100(-100.000000)
95:Player,BR:0cc/cc/cc/cc:8cAd,8sJh|/2c3c9h/3d/5d:100,-100(63.080919)
96:BR,Player:0r200c/cr300c/cc/cc:5hAc,2sKs|/4h4cQh/2d/Jc:-600,600(66.849646)
97:Player,BR:0cc/cc/r200c/cc:6cJc,7d9h|/2c7sTs/Kc/Ks:-300,300(-201.190210)
98:BR,Player:0r100c/cc/cr200c/cc:9sKc,4dKh|/9cKsAs/Th/6d:400,-400(400.000000)
99:Player,BR:0cc/cc/r100c/cc:3cAs,5h9d|/6c8hJd/Ad/3h:200,-200(95.751081)
100:BR,Player:0cc/cc/cc/cc:6d9h,2sQh|/3s3cJh/4d/6s:100,-100(95.382082)
101:Player,BR:0cc/cc/cc/cc:5dTs,3c8d|/8cQsQh/Kd/5s:-100,100(-80.133822)
102:BR,Player:0f:8dKh,2c5s|:50,-50(50.000000)
103:Player,BR:0cc/cc/cc/cc:2s9s,3hTh|/2hQhKs/Qs/9c:100,-100(40.362623)
104:BR,Player:0cc/cr200c/cr600c/cr3600c:9dAc,4cTd|/4hTcAs/6c/4s:-4500,4500(-812.493154)
105:Player,BR:0cr200c/r300c/r600c/r1200c:5h9h,4d5c|/2d4sAh/4h/3c:0,-0(-1179.237984)
106:BR,Player:0cc/cr100c/cc/cr400f:3dTc,4h9s|/8d8cJd/3h/7h:-200,200(-200.000000)
107:Player,BR:0cr200c/r300c/r600c/r1200c:9hJh,9sAd|/5d6hJs/2c/As:-2400,2400(-1900.465830)
108:BR,Player:0r200c/cr600f:3d5c,8cJs|/6c8hQh:-300,300(-300.000000)
109:Player,BR:0cr200c/cc/cc/r1200c:9cQc,5h8s|/4h6d7d/6c/5s:-1500,1500(-569.524699)
110:BR,Player:0cc/cc/cc/cc:3h6d,TdKh|/3s8s9h/7h/3d:100,-100(100.000000)
111:Player,BR:0cr200f:6h8h,2s8c|:100,-100(100.000000)
112:BR,Player:0r100c/cr400f:5c8s,9cQh|/4dTdQs:-200,200(-200.000000)
113:Player,BR:0cc/cc/cc/cc:3hQd,6d7c|/6s6hTs/8d/Qs:-100,100(-92.783936)
114:BR,Player:0f:4s4c,2c6h|:50,-50(50.000000)
115:Player,BR:0cc/cc/cc/r100c:6sJc,2dKs|/6cThJh/2s/Ah:200,-200(96.812158)
116:BR,Player:0cc/cr200c/cr600c/cc:5cKs,JsKc|/4d5hJd/4c/Qs:-900,900(113.442693)
117:Player,BR:0cc/cc/cc/cc:3h7d,KsAh|/2d3c8s/Qd/Th:100,-100(-12.777793)
118:BR,Player:0r200c/cr300f:3c9d,6hQc|/5s8hAc:-300,300(-300.000000)
119:Player,BR:0cr200c/cc/cc/cc:QcAd,9hJd|/6c8dTh/3s/4s:300,-300(296.169745)
120:BR,Player:0r100c/cr400c/cc/cr600f:3sAh,6hAd|/5s8s9s/8h/7c:-600,600(-600.000000)
121:Player,BR:0cc/cc/cc/cc:4sKh,2c9d|/5dQdKc/4c/2h:100,-100(-6.680013)
122:BR,Player:0r200c/cr300c/cr600c/cc:TcAc,8cJd|/4c7sAh/Qc/7c:1200,-1200(1200.000000)
123:Player,BR:0cr200c/r300c/r600c/cc:7c9c,TdKc|/4c5c9d/Kh/Js:-1200,1200(-774.226103)
124:BR,Player:0r100c/cr200c/cc/cr1600f:JsAs,5dJh|/2h6hQc/Kd/4c:-400,400(-400.000000)
125:Player,BR:0cc/cc/r100c/cc:2hTs,7dJc|/6d9hQc/7c/3c:-200,200(-75.543612)
126:BR,Player:0cc/cc/cc/cr100f:6h8s,2d7d|/4h7h9d/Kd/9h:-100,100(-100.000000)
127:Player,BR:0cc/cc/cc/cc:3sTs,8s8d|/3c6dTh/4h/Kd:100,-100(-79.324814)
128:BR,Player:0r100c/cc/cr200f:3s8h,5c8d|/6dJsAs/2d:-200,200(-200.000000)
129:Player,BR:0cc/cc/cc/cc:6cAd,5cAh|/2c8sKd/Ac/5s:-100,100(-98.193357)
130:BR,Player:0r200c/cr300c/cr600c/cc:3sKs,6h6d|/4cQdQc/6s/Qs:-1200,1200(-278.853512)
131:Player,BR:0cr200c/cc/r600c/r1800f:QhKd,2cTs|/3sJhQd/8h/5c:900,-900(900.000000)
132:BR,Player:0cc/cc/cr100c/cc:5hKs,4hQh|/9s9hKh/9c/Ts:200,-200(200.000000)
133:Player,BR:0cc/cc/cc/cc:8dKs,8c9h|/2dJcQd/Js/9d:-100,100(-71.709807)
134:BR,Player:0r200c/cr300c/cc/cc:4cAh,8sAc|/5c8dKc/6c/7h:600,-600(600.000000)
135:Player,BR:0cr200c/r300c/r600c/cc:6d8c,4d9h|/2s3c4h/Td/Ac:-1200,1200(340.320855)
136:BR,Player:0r100c/cc/cc/cr400c:2cJs,8dAh|/TsQcKc/Jh/4s:-600,600(-186.435649)
137:Player,BR:0cc/cc/cc/cc:6sKh,9sKc|/2c3dAh/Qh/5s:-100,100(29.261230)
138:BR,Player:0f:4dKs,2c8d|:50,-50(50.000000)
139:Player,BR:0cc/cc/cc/cc:3sAh,8hAs|/2s9cKs/2c/Qd:0,-0(-20.659613)
140:BR,Player:0r200f:2s4h,7sQc|:-100,100(-100.000000)
141:Player,BR:0cr200c/cc/cc/r600c:AhAd,6c9c|/6sThTc/3d/6d:-900,900(-660.168227)
142:BR,Player:0r200c/cr300c/cc/cr1200f:5sQc,ThKs|/4hTdJc/Kc/3h:-600,600(-600.000000)
143:Player,BR:0cr200c/r300c/r600c/r1200c:6h7c,2sJd|/2d2c6c/Tc/6d:2400,-2400(-283.466526)
144:BR,Player:0r200c/cc/cc/cc:7s7c,5sAd|/3s3c9h/Jc/2d:300,-300(299.914354)
145:Player,BR:0cc/r100c/r200c/cc:6cAd,6hAh|/2s2h6d/9h/4h:-400,400(-387.228316)
146:BR,Player:0r200c/cr600c/cc/cc:8cAd,3hJh|/4s8h9s/2h/3s:900,-900(866.383827)
147:Player,BR:0cr200c/cc/cc/cc:ThQd,6cKh|/2s3s6h/2h/Kd:-300,300(-267.982606)
148:BR,Player:0f:6h6c,2d4c|:50,-50(50.000000)
149:Player,BR:0cc/r100f:7sJc,2d4s|/3d3c8c:100,-100(100.000000)
150:BR,Player:0r100c/cr200c/cc/cc:ThKs,6c7d|/8dJdQs/6d/5h:-400,400(-353.169318)
151:Player,BR:0cc/cc/cc/r200f:3sJh,3c8s|/2s6d7c/5h/Th:100,-100(100.000000)
152:BR,Player:0r200c/cc/cc/cc:4hJs,6dJd|/3hTcKh/Th/Ad:0,-0(-213.044019)
153:Player,BR:0cc/r100c/r200c/cc:6sTs,3d4h|/3s7h7c/Kh/Jc:-400,400(17.377643)
154:BR,Player:0r200c/cr600c/cr900c/cr3600c:3cKh,5s5c|/5h6dTc/4c/2s:5400,-5400(3631.658322)
155:Player,BR:0cr200c/cc/cc/r300c:2d3d,JdKh|/5c8cQs/Qd/7c:-600,600(293.913077)
156:BR,Player:0cc/cc/cr200f:5d7c,JcQh|/2s4s6s/9c:-100,100(-100.000000)
157:Player,BR:0cc/cc/r200c/cc:2c9c,3c5h|/3h4c9s/Qd/8c:300,-300(37.515803)
158:BR,Player:0r200c/cr600f:3s4s,QhKc|/5h8dJh:-300,300(-300.000000)
159:Player,BR:0cr200c/r300c/r600c/r1200c:6cKc,3dQh|/5hJcQc/Ac/4d:2400,-2400(1193.590125)
160:BR,Player:0r100c/cr400f:3h6d,7s8h|/7d8s9d:-200,200(-200.000000)
161:Player,BR:0cc/cc/cc/cc:8dKh,3dAs|/5cThQh/Kc/6c:100,-100(2.923149)
162:BR,Player:0cc/cc/cc/cc:4s4d,3cTh|/3s7s8s/6c/Ac:100,-100(71.270463)
163:Player,BR:0cr200c/r300c/r600c/cc:9s9c,6dKc|/5c6s7s/Ac/2s:1200,-1200(436.421059)
164:BR,Player:0r100c/cc/cc/cc:9cTd,5hKh|/6s6dTs/4h/3s:200,-200(199.999967)
165:Player,BR:0cr200c/r300c/cc/cc:6h8h,4d5c|/2hJcAs/5s/Qc:-600,600(4.914032)
166:BR,Player:0cc/cr100c/cc/cc:3cAs,2cJs|/2s8cQc/3h/9s:200,-200(145.880337)
167:Player,BR:0cc/cc/cc/cc:8cQs,9dJs|/4c9cKd/Tc/6h:-100,100(-73.749322)
168:BR,Player:0r100c/cr400c/cc/cr1200f:TcKh,3s9s|/2d4d8s/8c/Jc:-600,600(-600.000000)
169:Player,BR:0cr200c/cc/cc/cc:7sTs,3cQc|/3h6hAd/6d/6c:-300,300(-181.747291)
170:BR,Player:0f:8s9s,3h9c|:50,-50(50.000000)
171:Player,BR:0cc/cc/cc/r100c:2sQh,4d9s|/5s7cAs/6s/4s:-200,200(-155.180083)
172:BR,Player:0r200f:2s3d,5hQs|:-100,100(-100.000000)
173:Player,BR:0cr200c/cc/cc/cc:7d8c,6sKd|/3d3cKh/Qc/2c:-300,300(-265.241371)
174:BR,Player:0cc/cc/cc/cc:5sKc,2hQd|/7cTcKd/Ts/6d:100,-100(99.999444)
175:Player,BR:0cc/cc/cc/cc:6hJh,TsKs|/7d8dKc/2h/9d:-100,100(-88.061116)
176:BR,Player:0r200c/cr600c/cr1800f:9dTc,6c9s|/2d7h8c/5d:-900,900(-900.000000)
177:Player,BR:0cr200c/r300c/r1200c/cc:9dAs,4hJc|/2s8sJh/Qs/Jd:-1800,1800(-1586.195919)
178:BR,Player:0r200c/cr600c/cr1800c/cc:9hKc,4cJs|/5c7d9c/Ts/6s:2700,-2700(-661.175483)
179:Player,BR:0cc/cc/cc/r100c:8dKh,4h6h|/4s5cKc/3h/Ts:200,-200(82.513977)
180:BR,Player:0r200c/cr300f:8h9d,6c8d|/2h3cKc:-300,300(-300.000000)
181:Player,BR:0cr200c/cc/cc/cc:3d3c,3s9s|/6c9hTs/9d/7d:-300,300(-253.148818)
182:BR,Player:0cc/cc/cc/cc:8dKs,TcJd|/2c3dAh/7h/Qs:100,-100(-14.255857)
183:Player,BR:0cr200c/cc/cc/cc:KdKc,TsTd|/3h4s5d/5s/9d:300,-300(-231.942605)
184:BR,Player:0r100c/cc/cr200c/cc:6dKh,4h7h|/ThTcQd/3h/3s:400,-400(-13.526886)
185:Player,BR:0cc/cc/cc/r200c:7cAs,7s9h|/3c5c8s/2c/7d:300,-300(39.305450)
186:BR,Player:0r200c/cr300c/cr600c/cr1200f:8hKd,QsQd|/3c7dJd/9s/6d:-1200,1200(-1200.000000)
187:Player,BR:0cc/cc/cc/r400f:4cTs,7hAh|/2d4dQc/3c/4s:100,-100(100.000000)
188:BR,Player:0r100c/cr200c/cc/cc:6hKh,4s6c|/2h8sJd/4c/Qh:-400,400(-236.252618)
189:Player,BR:0cc/cc/r100c/cc:3s7d,5h8d|/2s4c6c/Td/Ac:-200,200(174.634783)
190:BR,Player:0r100c/cr400f:6cJs,4h5s|/3sTsQh:-200,200(-200.000000)
191:Player,BR:0cc/cc/r100c/cc:5hTs,6s6h|/7sAhAd/2c/Kh:-200,200(-141.553923)
192:BR,Player:0r200c/cc/cc/cr600f:2h9d,QcKs|/6dKcAs/Th/Kh:-300,300(-300.000000)
193:Player,BR:0cr200c/r300c/cc/r1200f:9hQc,JdQh|/3h4h6d/8s/7s:600,-600(600.000000)
194:BR,Player:0cc/cc/cc/cc:4c5s,2hJc|/2c6s6c/3c/5d:100,-100(99.999448)
195:Player,BR:0cr200f:6s9s,3d4s|:100,-100(100.000000)
196:BR,Player:0cc/cc/cr200c/cr1200f:8cAh,2dAc|/3dJdQc/5d/4c:-300,300(-300.000000)
197:Player,BR:0cr200c/r300f:6dTd,4s7c|/2s8c9s:300,-300(300.000000)
198:BR,Player:0cc/cc/cc/cc:ThQc,9dAc|/4s5h8s/Ts/8c:100,-100(99.999991)
199:Player,BR:0cc/cc/cc/cc:2s6h,4h7d|/9d9cQs/Qh/Th:0,-0(58.732809)
200:BR,Player:0cc/cr100c/cc/cc:2c4h,9dAh|/4d7hJc/6h/3s:200,-200(-36.815048)
201:Player,BR:0cc/cc/cc/cc:5cKh,3c9h|/TdTcAh/2s/Qd:100,-100(52.308590)
202:BR,Player:0r200c/cc/cc/cr300c:3cTc,ThTd|/4c9cQh/2h/Kc:600,-600(590.365143)
203:Player,BR:0cc/cc/cc/cc:3sAd,6c9d|/5h9h9c/8d/4c:-100,100(-97.971072)
204:BR,Player:0cc/cr200f:4s9c,9dAh|/3s8hAc:-100,100(-100.000000)
205:Player,BR:0cc/cc/cc/cc:2cQh,9dJh|/4c8sJs/7h/3c:-100,100(-87.545149)
206:BR,Player:0r100c/cc/cc/cc:8sTd,JhKc|/3s5d6d/Ts/2s:200,-200(200.000000)
207:Player,BR:0cr200c/r600f:QhKd,4hQd|/3h7cJh:300,-300(300.000000)
208:BR,Player:0r100c/cr200c/cc/cc:6cTh,2dAc|/8cTdQd/7c/9h:400,-400(398.270523)
209:Player,BR:0cr200f:QdQc,3d6s|:100,-100(100.000000)
210:BR,Player:0cc/cr100c/cr200c/cc:JsQd,2sTh|/3h3d4c/Tc/Kc:-400,400(-103.274257)
211:Player,BR:0cc/cc/r100c/r400c:4dTd,5s8s|/5dJsJd/3d/Th:600,-600(195.345420)
212:BR,Player:0r200c/cc/cc/cr300f:JdQh,7hAc|/8sThJh/4s/As:-300,300(-300.000000)
213:Player,BR:0cr200c/r300c/r600f:5dJd,7sKd|/3h6hJh/3d:600,-600(600.000000)
214:BR,Player:0cc/cc/cr100c/cc:QhKh,2hQs|/7c8h9s/5s/3d:200,-200(-63.678533)
215:Player,BR:0cr200c/r300f:ThAc,4h6d|/3hKdAs:300,-300(300.000000)
216:BR,Player:0r200c/cc/cr300c/cr1200f:9dJh,AsAd|/4c7dJc/5c/Kd:-600,600(-600.000000)
217:Player,BR:0cr200c/cc/r600c/cc:6cQc,4hQs|/8d9dKc/4c/Ad:-900,900(-221.700586)
218:BR,Player:0r200c/cc/cc/cr600c:JdJc,5c7c|/2s7dJs/7s/3s:900,-900(900.000000)
219:Player,BR:0cc/cc/cc/cc:2h3c,4d9d|/5s7cJc/3d/Td:100,-100(73.320286)
220:BR,Player:0cc/cr200c/cc/cr300c:QhAd,5d9c|/5h9hQs/Jd/8h:-600,600(-269.636922)
221:Player,BR:0cc/cc/r100c/cc:3sAc,3hAs|/4h5s6h/8h/8c:0,-0(38.270627)
222:BR,Player:0cc/cc/cc/cc:6c7d,6dQc|/5c8hAs/Ts/4h:100,-100(100.000000)
223:Player,BR:0cr200c/r300c/cc/cc:5cAd,5dQc|/3d8hQd/7c/Td:-600,600(-441.740925)
224:BR,Player:0r200c/cr300f:8cTc,TsQh|/4h5hAh:-300,300(-300.000000)
225:Player,BR:0cc/cc/r100f:2c5s,4c6s|/5d7hTs/5h:100,-100(100.000000)
226:BR,Player:0r200f:2c7h,JdJc|:-100,100(-100.000000)
227:Player,BR:0cc/cc/cc/r100f:7dQh,5hQs|/4h8sTc/4c/7h:100,-100(100.000000)
228:BR,Player:0cc/cc/cc/cr100c:5s7d,4h6d|/7cQsAs/Jc/8d:200,-200(-96.377712)
229:Player,BR:0cc/cc/cc/cc:2dJd,3dKh|/3cQcAc/5h/9s:-100,100(-44.916385)
230:BR,Player:0r200c/cr600c/cr1800f:5cJd,TsJs|/3s8dAh/4s:-900,900(-900.000000)
231:Player,BR:0cc/cc/r100c/cc:6dTd,7s9h|/8h8c9s/Js/6c:-200,200(-119.716363)
232:BR,Player:0r200c/cc/cc/cc:4h4d,2hAc|/6c9sKd/7h/Tc:300,-300(36.069681)
233:Player,BR:0cc/cc/cc/r100c:5dTd,3hJc|/2s7cKc/7d/Th:200,-200(96.109750)
234:BR,Player:0r100c/cr200c/cr400c/cr1600f:2cTd,8cTs|/2h6dQs/9s/As:-800,800(-800.000000)
235:Player,BR:0cc/cc/cc/cc:8cQd,6d7d|/7h8dTh/3c/9c:-100,100(-82.589475)
236:BR,Player:0r200c/cr600c/cr1800f:6dTd,2h9h|/7d8hJh/Ah:-900,900(-900.000000)
237:Player,BR:0cc/r100c/cc/cc:8dTs,2h5h|/2s2d5d/Kd/4c:-200,200(-198.715011)
238:BR,Player:0f:7dAc,2c5d|:50,-50(50.000000)
239:Player,BR:0cc/cc/cc/cc:5hKd,6hAd|/ThTdKs/8c/9d:100,-100(-56.017633)
240:BR,Player:0r200c/cr300c/cr1200c/cc:3c4s,9dJc|/2d3s4d/5d/3d:1800,-1800(1030.247541)
241:Player,BR:0cc/cc/cc/cc:3c9d,KsAd|/5h8sQh/6d/Kd:-100,100(-87.658272)
242:BR,Player:0r200c/cc/cc/cc:9h9c,4h4d|/6hTsAs/5c/Tc:300,-300(299.974290)
243:Player,BR:0cc/cc/cc/cc:8dJs,7sTd|/2s3cQc/8s/3s:100,-100(78.967331)
244:BR,Player:0r200c/cr600f:5sJd,9hAh|/6d8dQc:-300,300(-300.000000)
245:Player,BR:0cc/cc/cc/r100c:7d9h,2h9s|/5h9dTs/Jc/8h:200,-200(91.565825)
246:BR,Player:0r200c/cc/cr300c/cr600c:4d5s,9cAs|/7h8sAc/5c/6c:-1200,1200(13.865055)
247:Player,BR:0cc/cc/cc/cc:9hKc,TsJc|/8dQdAd/4h/3d:100,-100(67.941688)
248:BR,Player:0f:4s8s,2c6h|:50,-50(50.000000)
249:Player,BR:0cc/cc/r200c/cc:2dKs,2cAh|/4dTsAs/7s/Tc:-300,300(-281.597726)
250:BR,Player:0cc/cc/cc/cr100f:6cAc,6hTs|/3s8c9h/Kd/Jc:-100,100(-100.000000)
251:Player,BR:0cr200c/cc/r600c/r900f:6hTh,JcAs|/3h5sTc/8c/9d:900,-900(900.000000)
252:BR,Player:0r100c/cr200c/cc/cc:2cTc,8hJh|/4sKhAs/6h/Js:-400,400(-227.335605)
253:Player,BR:0cr200c/cc/r300c/r1200f:7cKh,2cJs|/9hTcKc/4s/Kd:600,-600(600.000000)
254:BR,Player:0r100c/cr400c/cr1200c/cr1800f:6cAs,6d9d|/8cThAh/Jd/Kc:-1800,1800(-1800.000000)
255:Player,BR:0cc/cc/r100c/r800f:5h6s,2s9d|/2d3h7h/Qh/As:200,-200(200.000000)
256:BR,Player:0f:2s5h,2d8s|:50,-50(50.000000)
257:Player,BR:0cr200f:5s6h,3h7s|:100,-100(100.000000)
258:BR,Player:0r200c/cr300f:4h7s,7cTs|/JsKsKh:-300,300(-300.000000)
259:Player,BR:0cr200f:8sTc,2h4s|:100,-100(100.000000)
260:BR,Player:0r100c/cc/cc/cr400c:2dKc,8cJs|/5sJhKs/Kh/4s:600,-600(457.961337)
261:Player,BR:0cc/cc/r100c/r200c:4c9d,2hAd|/3d7cJs/Ts/Qc:-400,400(192.059157)
262:BR,Player:0r100c/cr200f:4h7d,3sKh|/6cJsQd:-200,200(-200.000000)
263:Player,BR:0cc/cc/r100c/r200c:2s5d,6s7s|/3h4c6c/Kc/3d:400,-400(99.966562)
264:BR,Player:0r200c/cc/cr300c/cc:4dJh,6d9h|/4sTcAd/2h/Ac:600,-600(181.606018)
265:Player,BR:0cc/cc/r100c/cc:9dAh,5hQd|/7s8dQc/7h/Jd:-200,200(-177.130107)
266:BR,Player:0r200c/cc/cc/cr300f:2hTc,2dKc|/4sKdAh/9d/Qd:-300,300(-300.000000)
267:Player,BR:0cc/cc/cc/cc:4d6c,5s5d|/6h7sKc/2c/Qc:100,-100(-47.025215)
268:BR,Player:0r200c/cc/cc/cc:4d6c,5h5d|/6d8hKd/9s/3d:300,-300(110.709069)
269:Player,BR:0cc/cc/r100c/r400c:2c3h,5hJs|/4d5s8h/Td/7s:-600,600(180.385579)
270:BR,Player:0r200c/cc/cc/cr1200f:7c8d,5dQd|/7d9cTs/6h/8s:-300,300(-300.000000)
271:Player,BR:0cr100c/r200f:4hQd,2d6s|/9dTsKs:200,-200(200.000000)
272:BR,Player:0cc/cc/cc/cc:3s5s,5hTd|/7s8dAs/7d/6d:-100,100(-99.713282)
273:Player,BR:0cr200c/cc/cc/cc:4s6c,5cJc|/4d7c8s/Qd/7h:300,-300(296.084687)
274:BR,Player:0r200c/cr300c/cc/cc:QsQd,JhAd|/5h9dKc/8s/4h:600,-600(599.993787)
275:Player,BR:0cc/cc/cc/cc:2d4h,4c8h|/5h7cJh/2h/9s:100,-100(93.316032)
276:BR,Player:0r100c/cr200c/cc/cc:2h5s,4hAd|/2c9sTc/7c/6d:400,-400(-178.416341)
277:Player,BR:0cc/cc/cc/cc:4sAd,QcKs|/TdKcAh/Ts/7c:100,-100(-78.050594)
278:BR,Player:0cc/cr100c/cc/cc:6hTs,4d7c|/8h9cJd/Qd/Qc:200,-200(200.000000)
279:Player,BR:0cc/cc/cc/r100f:7cKh,3h3d|/2dTsJh/Ks/8s:100,-100(100.000000)
280:BR,Player:0cc/cr100c/cr400c/cc:6h6c,5h9s|/2dTsAs/Ac/9h:-600,600(193.084171)
281:Player,BR:0cc/cc/cc/cc:4h9h,2cJh|/7d8dKh/7s/Kd:-100,100(12.010200)
282:BR,Player:0r100c/cc/cc/cc:8d9c,2s3s|/5h8c9d/6h/3c:200,-200(199.999780)
283:Player,BR:0cc/cc/cc/cc:4cQs,5c7d|/3c5h9d/Kc/8s:-100,100(-67.431556)
284:BR,Player:0f:7d8h,2d4c|:50,-50(50.000000)
285:Player,BR:0cr200c/r300c/cc/cc:7dQd,2hAd|/3c7sTs/Js/4c:600,-600(522.600650)
286:BR,Player:0cc/cc/cr100c/cr400c:KdAh,2c7c|/8s9cQs/3h/6c:600,-600(-198.934216)
287:Player,BR:0cc/cc/r100c/cc:2c6d,3s5c|/4d7sQh/6h/Qc:-200,200(-188.211160)
288:BR,Player:0r200c/cr300f:2h8c,4c5h|/4hTsQs:-300,300(-300.000000)
289:Player,BR:0cc/cc/cc/cc:5dAs,7s8c|/2s9hJh/Qh/Qd:100,-100(68.576811)
290:BR,Player:0r200c/cr300c/cr600c/cc:6h6d,2sAd|/6sJdQs/As/5h:1200,-1200(1200.000000)
291:Player,BR:0cr200c/r300c/cc/r1200c:3dQd,6sKs|/2s5dJs/Kc/6d:-1800,1800(-1657.361427)
292:BR,Player:0cc/cc/cr200c/cc:JdAc,JsKh|/3h5h9c/Jc/Qc:300,-300(251.761178)
293:Player,BR:0cr200c/cc/r300f:5hQh,2h9d|/7dJcAs/Qd:300,-300(300.000000)
294:BR,Player:0r100c/cr200c/cc/cc:7hJs,9sAh|/7sTsQh/4d/6d:400,-400(221.130915)
295:Player,BR:0cc/cc/cc/cc:5sKh,3h6d|/4d9sAd/2h/5d:-100,100(-96.767625)
296:BR,Player:0cc/cc/cc/cc:6sJd,TsAh|/3d4dJc/3c/Qh:100,-100(96.411400)
297:Player,BR:0cr200c/cc/cc/r300f:9dKc,6hJd|/4s4h7s/5h/9s:300,-300(300.000000)
298:BR,Player:0r200c/cr300c/cr1200c/cr3600f:5cAd,JcKd|/4d9cKh/8d/8h:-1800,1800(-1800.000000)
299:Player,BR:0cr200c/r300f:QcKs,4s7s|/6cThAs:300,-300(300.000000)
300:BR,Player:0r100c/cr200c/cr800c/cr1200c:3dQc,8dQs|/8hTcQd/7s/Ah:-2400,2400(-1194.852199)
301:Player,BR:0cc/cc/r200c/cc:3s4d,7s7d|/2h5dKs/6d/Ah:300,-300(-258.369447)
302:BR,Player:0r200c/cr300c/cc/cc:9sTd,JcAc|/4s4dTc/5c/Qs:600,-600(571.277167)
303:Player,BR:0cr200c/r300c/r600c/r1200f:7c8c,9hQd|/4d6s8d/8h/Td:1200,-1200(1200.000000)
304:BR,Player:0r200c/cc/cc/cc:4hJs,6d6c|/7d9sKs/Qs/Qd:-300,300(-201.116111)
305:Player,BR:0cr200c/r300f:JsKs,8hJc|/4h6c9d:300,-300(300.000000)
306:BR,Player:0r200c/cr300c/cr600f:8hKd,3d6d|/6hQdAs/5d:-600,600(-600.000000)
307:Player,BR:0cr200c/r300f:7c9c,2s7s|/8hQcKc:300,-300(300.000000)
308:BR,Player:0r200c/cc/cc/cr600c:3h7s,JsQd|/4s5h7c/As/Th:900,-900(-287.236511)
309:Player,BR:0cr200c/cc/r600c/r1800c:7dAd,6cKc|/7cKhAh/8c/Jc:-2700,2700(-2367.617904)
310:BR,Player:0cc/cc/cc/cc:4h8h,3hJd|/8cKsKd/Tc/Qs:100,-100(60.674029)
311:Player,BR:0cr200c/r300c/r600c/cc:7c8c,4sQh|/5dQsQd/5c/3s:-1200,1200(-1139.583660)
312:BR,Player:0r100c/cc/cc/cc:3d6c,QsAs|/5s7c8d/3h/Td:200,-200(19.181226)
313:Player,BR:0cc/cc/cc/cc:3cKd,5h9s|/7s9dJs/4s/7c:-100,100(-77.145106)
314:BR,Player:0r200f:2s4c,9cKc|:-100,100(-100.000000)
315:Player,BR:0cr100c/r200c/r800c/cc:ThQs,7s8d|/7h9hJc/7d/4d:-1200,1200(-1065.907832)
316:BR,Player:0f:4cJh,2d3h|:50,-50(50.000000)
317:Player,BR:0cc/cc/cc/r100c:2hQc,5s7s|/4s6cQh/8s/Jh:-200,200(-194.394480)
318:BR,Player:0r200c/cc/cc/cc:3dKs,2h2c|/4h8d9c/Qh/Th:-300,300(-290.558197)
319:Player,BR:0cc/cc/r100c/r200f:7d8h,9dTh|/7s7hJc/Js/Ac:200,-200(200.000000)
320:BR,Player:0r100c/cr200c/cc/cc:3d8d,4s7s|/4dJdQc/Ks/Ac:-400,400(-289.454950)
321:Player,BR:0cr200c/r600f:6d8d,3cQh|/9sThAh:300,-300(300.000000)
322:BR,Player:0r200c/cr300f:2c5c,9sTc|/8h9hJc:-300,300(-300.000000)
323:Player,BR:0cr200f:4d6d,2d3s|:100,-100(100.000000)
324:BR,Player:0r100c/cr400c/cr600c/cr1200c:5c7s,9cTc|/4d5h7h/4s/Jh:2400,-2400(-1024.742461)
325:Player,BR:0cr200c/r600f:9s9h,2sTh|/3d9cJs:300,-300(300.000000)
326:BR,Player:0cc/cr100f:3d6h,3hJc|/2c9dAc:-100,100(-100.000000)
327:Player,BR:0cr200c/cc/cc/cc:6c8d,4s6d|/2dThKs/Qc/4d:-300,300(-63.585716)
328:BR,Player:0r100c/cc/cc/cr400c:5cKs,6cKc|/5s5dKh/8h/4c:600,-600(591.242404)
329:Player,BR:0cc/cc/r100c/r200f:3dAh,2s9s|/3s8dAs/Qh/3c:200,-200(200.000000)
330:BR,Player:0r200c/cc/cc/cc:9dJs,2sAh|/7cQcKh/Th/4c:300,-300(300.000000)
331:Player,BR:0cr200c/cc/cc/cc:5d5c,7sAh|/3d8dKd/4c/Qs:300,-300(277.538367)
332:BR,Player:0r200c/cr300c/cc/cc:3hQs,5d8d|/TsKsKd/As/3d:600,-600(-20.920818)
333:Player,BR:0cr200c/r300f:2h4h,4sTs|/5h8cKd:300,-300(300.000000)
334:BR,Player:0cc/cc/cc/cc:8dKh,5hKd|/3d6c9h/6d/9c:0,-0(78.201048)
335:Player,BR:0cc/cc/r200c/r600f:6h8d,6dTd|/2h8cAd/8s/9s:300,-300(300.000000)
336:BR,Player:0r100c/cc/cc/cc:4dAc,6d8h|/6h7dTc/Kc/7c:-200,200(-120.734352)
337:Player,BR:0cc/cc/r100c/cc:2sAh,9dKd|/7h8sQc/8d/6h:200,-200(195.512976)
338:BR,Player:0r100c/cr200c/cr400c/cr1600f:4sTs,8hJd|/3c8s8d/3s/Qh:-800,800(-800.000000)
339:Player,BR:0cr200c/cc/cc/cc:TsAh,4hJd|/6c8s8d/Ac/6d:300,-300(107.198438)
340:BR,Player:0r200c/cc/cr600f:4s7d,6d7s|/2c8cAs/Th:-300,300(-300.000000)
341:Player,BR:0cr200f:JcQs,2s8c|:100,-100(100.000000)
342:BR,Player:0r100c/cr400f:2d3h,8sJc|/7s9dAd:-200,200(-200.000000)
343:Player,BR:0cc/cc/cc/cc:3h7h,2dTd|/7sJsKh/Ah/Qd:-100,100(-96.583244)
344:BR,Player:0cc/cr100c/cc/cr400f:3c4s,2h6h|/3hTsQs/Ks/Jd:-200,200(-200.000000)
345:Player,BR:0cc/cc/cc/cc:5h6c,8dAd|/8hQsKs/9d/5s:-100,100(-70.516043)
346:BR,Player:0r200c/cr300c/cr600c/cc:KdAd,4c5h|/4d5sQd/3h/2s:1200,-1200(828.320728)
347:Player,BR:0cr200c/cc/r300c/cc:4s4d,5sTh|/5cJsKd/Kc/Td:-600,600(-393.086135)
348:BR,Player:0r100c/cc/cc/cr200f:JcKh,QcAh|/9h9dTh/3s/As:-200,200(-200.000000)
349:Player,BR:0cc/cc/r200c/cc:5s7c,6c8c|/3c4hJc/4s/4d:-300,300(156.641713)
350:BR,Player:0r200c/cr300c/cc/cc:3sKs,8hQc|/4c5sQd/4s/As:600,-600(600.000000)
351:Player,BR:0cc/cc/cc/cc:3s6c,2s3c|/9d9cJh/Jc/7c:0,-0(74.767486)
352:BR,Player:0r200c/cr300f:2s9c,4dTc|/4s8cKd:-300,300(-300.000000)
353:Player,BR:0cr200c/cc/r600f:7d9d,3hQd|/4hTsKs/8s:300,-300(300.000000)
354:BR,Player:0r200c/cr300c/cr1200f:3hTs,8hKd|/2h4h6d/7d:-600,600(-600.000000)
355:Player,BR:0cr200c/r300c/r1200f:ThTc,5dQh|/6c8sKh/Td:600,-600(600.000000)
356:BR,Player:0r200c/cc/cr300c/cc:4c9h,7hQs|/7cJcAs/Jd/3d:-600,600(-406.058932)
357:Player,BR:0cr200c/r300c/r1200c/r1800f:QsQd,5hKh|/3s7dTc/4s/5d:1800,-1800(1800.000000)
358:BR,Player:0r200c/cc/cc/cc:6s8s,3cKh|/TdAhAc/2d/4d:-300,300(-299.995819)
359:Player,BR:0cr200c/cc/cc/r600f:ThTd,8sQs|/2s3c5h/Jc/Jh:300,-300(300.000000)
360:BR,Player:0r200f:2d3c,5s8d|:-100,100(-100.000000)
361:Player,BR:0cc/cc/cc/r100c:ThJc,4h7s|/3d5h8d/4c/5s:-200,200(-90.137724)
362:BR,Player:0r100c/cr200c/cr800c/cr1200f:3cQd,7sAd|/3hJsAs/7d/9s:-1200,1200(-1200.000000)
363:Player,BR:0cc/cc/cc/cc:2h5c,9sJd|/4d7sTs/9h/4c:-100,100(-81.291609)
364:BR,Player:0f:3s6c,2c4h|:50,-50(50.000000)
365:Player,BR:0cc/cc/r100c/cc:4h8c,2hJd|/6hJsQh/7d/8d:-200,200(-118.960761)
366:BR,Player:0cc/cr200c/cr600c/cr900c:TcKh,7hAc|/2c3cAh/7c/6c:-1800,1800(-881.670042)
367:Player,BR:0cc/cc/cc/r200f:3c8s,4s8d|/7s9cAc/5h/5c:100,-100(100.000000)
368:BR,Player:0r100c/cr200c/cr800c/cc:9dJh,5d6c|/5c7cJc/Th/Js:1200,-1200(1133.413284)
369:Player,BR:0cr200c/r300c/cc/r600f:4cAc,6dJc|/3d6c8d/4s/As:600,-600(600.000000)
370:BR,Player:0cc/cc/cc/cc:9hQh,TdAc|/3c4s8d/9s/6h:100,-100(100.000000)
371:Player,BR:0cc/cc/cc/r100f:9dTh,9cKd|/5h7dJs/As/Ts:100,-100(100.000000)
372:BR,Player:0r200c/cr300c/cc/cc:8s9c,5h6s|/3sJdQh/3d/Kd:0,-0(-332.532538)
373:Player,BR:0cr200c/r300f:TdJd,2sJc|/5s9sTh:300,-300(300.000000)
374:BR,Player:0r200c/cr600c/cc/cr1800c:KhAs,8h9c|/3c4c9s/9h/Ks:-2700,2700(1463.979184)
375:Player,BR:0cc/cc/cc/r200f:3sAh,5cKh|/8s9cAs/3d/Qh:100,-100(100.000000)
376:BR,Player:0r200c/cr600c/cr900c/cr3600f:QhKd,3s5c|/4s4h4c/Jd/2d:-1800,1800(-1800.000000)
377:Player,BR:0cc/cc/cc/cc:2d9d,3sTd|/5d7c8c/Qc/Ah:-100,100(61.926577)
378:BR,Player:0r200c/cr300f:6sTh,4c6c|/3d5c8c:-300,300(-300.000000)
379:Player,BR:0cr200c/r300c/cc/cc:6h7c,7dJs|/2s8cTh/Tc/2c:-600,600(392.530502)
380:BR,Player:0r100c/cr400f:2d8s,5sQd|/7sTsJh:-200,200(-200.000000)
381:Player,BR:0cr200c/r300f:7c8s,5dTc|/4h7sJd:300,-300(300.000000)
382:BR,Player:0r200c/cr300c/cr1200c/cc:3c5c,2c4c|/3h8hKh/2d/7c:1800,-1800(232.037336)
383:Player,BR:0cr200c/r300c/cc/r600f:JdQd,3cTs|/4sTdKh/8c/Jc:600,-600(600.000000)
384:BR,Player:0cc/cc/cc/cc:3h3c,8hJh|/3s9sKd/5h/4c:100,-100(100.000000)
385:Player,BR:0cc/cc/r200c/r300f:7sJh,2d5c|/7c8sJs/2s/Td:300,-300(300.000000)
386:BR,Player:0r100c/cr200c/cr400c/cc:3dKh,7c8d|/2d3s3c/Kc/Ks:800,-800(800.000000)
387:Player,BR:0cr200c/cc/cc/r300f:JsJc,3sAc|/5d7sKd/Tc/Qc:300,-300(300.000000)
388:BR,Player:0r200c/cr600c/cr900f:9dTc,JsAd|/8cQsAc/8h:-900,900(-900.000000)
389:Player,BR:0cr200c/r300c/cc/cc:3s3h,2sAd|/2c4c9h/Ah/Kc:-600,600(-534.716561)
390:BR,Player:0cc/cc/cr100c/cc:TcKc,4h9d|/3s8hJs/6c/7d:200,-200(-104.319133)
391:Player,BR:0cr200c/cc/cc/cc:QcKd,TcJd|/3h9hQh/Ts/3s:300,-300(-195.204491)
392:BR,Player:0cc/cc/cr100c/cr400f:6d9d,5s7c|/6sQdAh/2d/Th:-200,200(-200.000000)
393:Player,BR:0cc/cc/cc/r400f:6hAs,3cTh|/5s5c9d/Tc/Ad:100,-100(100.000000)
394:BR,Player:0r100c/cr400f:4sTh,QdQc|/5hQhKc:-200,200(-200.000000)
395:Player,BR:0cr200c/cc/cc/r300f:4s4c,6d8s|/5c9dTd/5s/5h:300,-300(300.000000)
396:BR,Player:0r200c/cc/cc/cr600c:3dKc,8sTd|/2h5dAc/7h/7c:900,-900(-290.837242)
397:Player,BR:0cr200c/cc/cc/cc:7hAh,4cAd|/5sKsAc/9c/7c:300,-300(-202.144794)
398:BR,Player:0r200c/cc/cc/cc:7cTd,9dAs|/2s7sTs/2c/Kd:300,-300(299.992986)
399:Player,BR:0cr200c/r600c/cc/cc:4s4h,2sKc|/ThQcAh/6h/7d:900,-900(380.295437)
400:BR,Player:0r200c/cr300c/cr600c/cc:9hAc,6dAh|/2h5cQd/9c/5s:1200,-1200(932.774465)
401:Player,BR:0cc/cc/r100c/cc:5cTd,6c9d|/3c6sQh/4d/9h:-200,200(-178.292397)
402:BR,Player:0cc/cr200c/cr600c/cc:TsJd,2h4h|/7hThKs/7s/6s:900,-900(9.231344)
403:Player,BR:0cr200c/r300c/cc/cc:8cKs,TcKc|/3sJdQs/As/Kd:-600,600(-535.510295)
404:BR,Player:0r100c/cc/cc/cc:TsJc,6dAs|/3d5d8s/Jd/7s:200,-200(199.999998)
405:Player,BR:0cc/cc/r100c/r200f:4d5c,9hKc|/2d4h7d/3s/Qs:200,-200(200.000000)
406:BR,Player:0r100c/cr200c/cc/cc:5sKh,2d6d|/3d8hAs/Ac/2h:-400,400(58.004850)
407:Player,BR:0cc/cc/cc/r100c:3s8d,7cKs|/3c4s6s/6h/4h:-200,200(76.380398)
408:BR,Player:0cc/cc/cc/cr200f:3cJd,9sQh|/2s6sTs/3s/4d:-100,100(-100.000000)
409:Player,BR:0cr200c/cc/cc/cc:2d3d,TcKd|/3c9cAs/7c/Qh:300,-300(215.897689)
410:BR,Player:0cc/cc/cc/cc:8h9h,3dTh|/7sJsKd/9c/6s:100,-100(97.629589)
411:Player,BR:0cr200c/r600c/cc/r900c:2sQs,TcJs|/6s8hTs/Qh/Ac:1800,-1800(850.864212)
412:BR,Player:0f:TsJs,2c9d|:50,-50(50.000000)
413:Player,BR:0cr200c/cc/cc/r300c:8cJc,JhQc|/2d5c7c/Tc/6c:-600,600(-495.369911)
414:BR,Player:0cc/cc/cr100c/cc:9sKs,6hTd|/2s3d5c/3c/Qh:200,-200(-8.703937)
415:Player,BR:0cc/cc/cc/cc:2h3s,4hQd|/3c5d7c/4c/5h:-100,100(-48.467118)
416:BR,Player:0f:4s9c,2c9h|:50,-50(50.000000)
417:Player,BR:0cc/cc/cc/r100c:4sKd,5h7d|/2hKhAc/Qs/7s:200,-200(62.549991)
418:BR,Player:0r100c/cr400f:9sTh,3s5d|/4c5h8d:-200,200(-200.000000)
419:Player,BR:0cr200c/cc/cc/cc:8hAh,TsJd|/7s7dTh/3c/Jc:-300,300(-250.937775)
420:BR,Player:0r100c/cr200c/cc/cr800f:7d9d,9sQd|/2dQhAd/Ah/6c:-400,400(-400.000000)
421:Player,BR:0cc/cc/cc/cc:3hKs,3sQd|/8cQsAc/7d/3d:-100,100(-96.333242)
422:BR,Player:0r200c/cr300c/cc/cc:9sJd,6s8s|/9hJsQh/Ks/Jc:600,-600(600.000000)
423:Player,BR:0cc/cc/cc/cc:4dAc,3sQh|/7s8sJd/9h/Qc:-100,100(-81.171741)
424:BR,Player:0r200c/cr300c/cc/cc:5dTh,7h8s|/TsKsKh/6s/Qc:600,-600(255.640279)
425:Player,BR:0cc/cc/r100f:6dQc,2sTs|/6h7c9h/Qh:100,-100(100.000000)
426:BR,Player:0f:7hAs,2c3d|:50,-50(50.000000)
427:Player,BR:0cc/cc/cc/r200f:2h6c,3d8h|/QsQhAh/2c/As:100,-100(100.000000)
428:BR,Player:0r100c/cr200c/cc/cr800f:QcKc,9hTh|/4s5h8h/2h/5c:-400,400(-400.000000)
429:Player,BR:0cr200c/cc/r300c/cc:ThAs,5sJc|/2h2dQc/4s/9d:600,-600(414.532150)
430:BR,Player:0cc/cc/cc/cc:2dQd,4cTs|/5s6dAh/Td/Jd:100,-100(100.000000)
431:Player,BR:0cr200c/r300c/cc/r600f:TsKh,4c6s|/7h8hKc/2d/Jh:600,-600(600.000000)
432:BR,Player:0cc/cr200f:5s7h,3s6c|/3c6dAc:-100,100(-100.000000)
433:Player,BR:0cr200c/r300c/r600c/r2400f:5sAs,6sTc|/4hJcKd/Qh/3d:1200,-1200(1200.000000)
434:BR,Player:0f:6cQs,3c8d|:50,-50(50.000000)
435:Player,BR:0cc/cc/r100c/r200c:5dJs,5cQs|/3c4cJd/2h/6h:0,-0(-263.450301)
436:BR,Player:0r100c/cr400c/cr600c/cr1200c:6dTd,JdKh|/8c9dKc/7d/Kd:2400,-2400(1629.562485)
437:Player,BR:0cc/cc/cc/cc:3cJc,4c6d|/4d8sTs/Tc/6h:-100,100(-87.200205)
438:BR,Player:0r200c/cc/cr600c/cr1800f:2sJs,6d8c|/2d5sAd/9c/Kd:-900,900(-900.000000)
439:Player,BR:0cr200c/r300c/cc/cc:9dAh,2dQc|/2h6hKh/2c/7d:-600,600(-527.526939)
440:BR,Player:0r200c/cr600c/cr900c/cr3600c:3h7d,5c9c|/4c6h7s/Qc/Jd:5400,-5400(-1639.766515)
441:Player,BR:0cc/cc/r100c/cc:3sKd,2dKs|/2c3d7d/Kc/Ts:200,-200(-191.300895)
442:BR,Player:0r200c/cr600f:2c9c,4sQs|/3s5hTd:-300,300(-300.000000)
443:Player,BR:0cc/cc/cc/cc:8dKc,2h5d|/2c5s9s/Jd/6s:-100,100(-87.582209)
444:BR,Player:0r100c/cr200c/cr400c/cr1600f:TsKs,3s4d|/7h8hAd/Qh/Kh:-800,800(-800.000000)
445:Player,BR:0cr200c/r300c/cc/cc:5s7s,8hTd|/4h9dTs/Qh/Jd:-600,600(-464.443898)
446:BR,Player:0r200c/cc/cc/cr600c:5hKs,4c6h|/8dJdQs/Kc/5d:900,-900(634.451989)
447:Player,BR:0cc/cc/cc/r100c:8dQh,3h6c|/3s8hKs/5d/Ad:200,-200(99.672440)
448:BR,Player:0r100c/cr400f:2s3c,9dKd|/5c6dQs:-200,200(-200.000000)
449:Player,BR:0cr200c/r300c/r600f:QhQc,8sTd|/6h7hJc/4d:600,-600(600.000000)
450:BR,Player:0r200c/cr300c/cr1200c/cc:8cQd,6hJs|/2d6d9d/4d/Ah:1800,-1800(1791.075119)
451:Player,BR:0cr200c/r300c/cc/cc:QhAd,2dTh|/2s4sKc/7c/Ks:-600,600(-100.598130)
452:BR,Player:0r200c/cc/cc/cc:QhQc,KsAh|/2s7d8h/6d/7h:300,-300(299.999741)
453:Player,BR:0cc/r100c/cc/r200f:3d5c,4sJd|/2h2d8d/7s/Ah:200,-200(200.000000)
454:BR,Player:0r100c/cr200c/cc/cc:3sJh,9sKc|/5sJsJd/5h/Ks:400,-400(400.000000)
455:Player,BR:0cc/cc/cc/cc:3h6d,2sAs|/9dJhAd/3d/7h:-100,100(-85.922615)
456:BR,Player:0cc/cr100f:5c7s,7cKc|/8sTdTc:-100,100(-100.000000)
457:Player,BR:0cc/cc/cc/cc:3sJs,2dAd|/6d8dKs/7h/Kh:-100,100(-49.376701)
458:BR,Player:0f:3c7s,3s7d|:50,-50(50.000000)
459:Player,BR:0cc/cc/cc/cc:2hQs,7dQc|/4dJsKs/4h/5h:0,-0(-0.321620)
460:BR,Player:0cc/cc/cc/cc:5c7h,5dTc|/3dTsQh/Jc/6h:-100,100(-89.835281)
461:Player,BR:0cc/cc/cc/r200c:5dQd,6hAs|/6d8hKd/Qh/2c:300,-300(97.137579)
462:BR,Player:0r200c/cc/cc/cr600f:5h8h,JcKs|/JdQsKc/9c/Kd:-300,300(-300.000000)
463:Player,BR:0cr200c/cc/cc/cc:TdQh,3s7s|/7hThKs/Kh/6d:300,-300(-143.461076)
464:BR,Player:0r200f:2c7s,JcKd|:-100,100(-100.000000)
465:Player,BR:0cr200f:5d6d,3s4d|:100,-100(100.000000)
466:BR,Player:0r200c/cr300c/cr1200f:3s7d,5hJd|/4s6dKc/Tc:-600,600(-600.000000)
467:Player,BR:0cc/cc/cc/cc:9dJh,8d9s|/3cTcAc/Kc/As:100,-100(87.488337)
468:BR,Player:0r200c/cr600c/cc/cc:5dKd,6h8h|/4h4d4c/Qc/5c:900,-900(899.307738)
469:Player,BR:0cc/cc/cc/cc:4hTc,9dJh|/5sTdKc/Jd/9h:-100,100(-88.483175)
470:BR,Player:0cc/cc/cc/cr400c:2dJc,5hKs|/9dJsQh/Kc/Kh:-500,500(-93.610523)
471:Player,BR:0cc/cc/r200c/cc:7dTs,JdJc|/9cKcAs/6h/Ac:-300,300(-219.401240)
472:BR,Player:0cc/cr200f:2h8h,5cTd|/4s6c9c:-100,100(-100.000000)
473:Player,BR:0cr200f:4sAs,2d5s|:100,-100(100.000000)
474:BR,Player:0cc/cc/cc/cc:3cQh,2dJc|/2c4sAs/5h/Ad:100,-100(99.995400)
475:Player,BR:0cc/cc/r100c/r200c:4d9d,3h9h|/2c6hKd/3d/Td:400,-400(199.467795)
476:BR,Player:0cc/cc/cr100c/cc:5sJd,3c5h|/8sThJs/6d/Kc:200,-200(199.999896)
477:Player,BR:0cc/cc/cc/r100f:3hKs,6h8h|/JcQsAh/4c/Kc:100,-100(100.000000)
478:BR,Player:0r200c/cc/cc/cc:JcQs,8h8c|/4hKhAh/3s/Kc:-300,300(23.502891)
479:Player,BR:0cc/cc/cc/cc:3hJc,2c5s|/2h3c5h/6s/8c:-100,100(-54.231233)
480:BR,Player:0r100c/cr200c/cc/cc:4sTd,8hTc|/4h9cAc/8d/3h:-400,400(26.687310)
481:Player,BR:0cr200f:7sTs,3s8d|:100,-100(100.000000)
482:BR,Player:0cc/cr100c/cr400f:7cJh,TsKh|/3sQsAh/4s:-200,200(-200.000000)
483:Player,BR:0cr200c/r300c/r1200c/r1800f:6dQd,7s7h|/3h4h8d/Qc/4s:1800,-1800(1800.000000)
484:BR,Player:0cc/cc/cr200c/cr600f:3hQc,JdKh|/2c7cJc/9s/6d:-300,300(-300.000000)
485:Player,BR:0cc/cc/cc/cc:4dAs,3d9c|/4c5cTd/Jh/2c:100,-100(91.573294)
486:BR,Player:0cc/cr100c/cc/cr400c:2cKs,3dQd|/8cKdAd/2h/8d:-600,600(-196.351137)
487:Player,BR:0cc/cc/cc/cc:5cQh,KcAh|/4c6d9h/9c/5d:100,-100(-66.501039)
488:BR,Player:0r200c/cc/cc/cr600f:6dAc,4cJs|/4s8s9s/8h/5s:-300,300(-300.000000)
489:Player,BR:0cr200c/cc/cc/r600f:4sAs,3s3d|/6h7sJs/8h/2s:300,-300(300.000000)
490:BR,Player:0r100c/cr200c/cc/cc:7sKs,8c9c|/5hTdTc/5s/4s:400,-400(79.573476)
491:Player,BR:0cc/cc/cc/r100c:6hTd,5h5d|/2c4sJc/3c/7s:-200,200(-68.758202)
492:BR,Player:0r200c/cc/cc/cr300c:6sKd,KhKc|/TsQsAd/3c/5s:-600,600(-289.514544)
493:Player,BR:0cr200c/r300c/cc/cc:2s3s,5dTc|/2h9cJh/6s/8c:600,-600(564.077572)
494:BR,Player:0cc/cr200f:3h6s,4cQd|/4hQcKs:-100,100(-100.000000)
495:Player,BR:0cc/cc/cc/cc:4dQs,3c6s|/2dKsAs/7c/Ah:100,-100(96.041879)
496:BR,Player:0r100c/cc/cr200c/cr800c:ThKh,8hAh|/3s3hAs/Jh/7h:-1200,1200(873.703388)
497:Player,BR:0cc/cc/r100c/r200c:4cKh,9dTc|/3hJhKd/5s/Qc:-400,400(-395.687118)
498:BR,Player:0r200c/cr600c/cc/cc:TdJc,3dQd|/4h6dTh/Tc/4s:900,-900(900.000000)
499:Player,BR:0cr200c/cc/cc/r300f:6s8s,7cKh|/2d4cAh/4s/3h:300,-300(300.000000)
500:BR,Player:0r200c/cr300c/cr600c/cr18800f:6hAs,8cKs|/7cThJs/4c/5s:-1200,1200(-1200.000000)
501:Player,BR:0cc/cc/cc/r100c:3cJd,4d5d|/3d6sAc/Td/6d:-200,200(-194.614711)
502:BR,Player:0r100c/cc/cc/cc:4hKd,TcKc|/4d7dJs/3c/Ad:200,-200(55.907197)
503:Player,BR:0cc/cc/cc/cc:6sAh,4cJc|/5c7h8s/Td/Ks:100,-100(64.653341)
504:BR,Player:0r200c/cc/cc/cr300f:6dQs,4sKd|/9sQdQc/Jh/Ts:-300,300(-300.000000)
505:Player,BR:0cc/cc/cc/cc:3s4d,7hQs|/6hQhKc/Qd/9h:-100,100(-96.471276)
506:BR,Player:0cc/cr200c/cc/cc:2s2d,ThQd|/7h8sJs/4c/3d:300,-300(-62.782115)
507:Player,BR:0cr200c/r300c/r600f:QsKh,7dAs|/6s9cQh/Td:600,-600(600.000000)
508:BR,Player:0r200c/cc/cc/cr600f:2h6h,QhKs|/4c7dJs/Jc/Kc:-300,300(-300.000000)
509:Player,BR:0cr19900f:6sTc,QsKc|:100,-100(100.000000)
510:BR,Player:0r200c/cr300c/cc/cr1200c:4s4c,9hQc|/8sTcJs/Jd/4d:1800,-1800(1559.602951)
511:Player,BR:0cr200c/r300c/r600c/cc:ThJc,4s4c|/3s4dTd/Jd/5c:-1200,1200(-942.211663)
512:BR,Player:0r200c/cr300f:5s7c,9hTc|/2c4sTh:-300,300(-300.000000)
513:Player,BR:0cc/cc/r200c/cc:7h9c,2d6s|/3c6hQh/3s/3h:-300,300(-267.274129)
514:BR,Player:0cc/cc/cc/cc:7sTc,4cQd|/3s9hAs/7d/Kh:100,-100(86.535326)
515:Player,BR:0cc/cc/r100c/cc:6s8d,4sTd|/3s6hJd/Th/5c:-200,200(-121.718947)
516:BR,Player:0r200c/cr600c/cr900c/cr1800f:4sAs,4dQc|/2d5dTs/Qd/8s:-1800,1800(-1800.000000)
517:Player,BR:0cr200c/cc/cc/r600f:4s4c,7dAc|/5s7hJs/Ks/Ts:300,-300(300.000000)
518:BR,Player:0r200c/cr300c/cr600c/cc:7cKs,4d6d|/5d6h8h/8d/Tc:-1200,1200(-934.843411)
519:Player,BR:0cc/cc/cc/cc:4sKc,JcQh|/3s3d5d/9d/6d:100,-100(46.474040)
520:BR,Player:0r100c/cr400c/cc/cc:7dKd,4c5s|/5h7cKc/Qs/3c:600,-600(600.000000)
521:Player,BR:0cr200f:7c8c,3s8h|:100,-100(100.000000)
522:BR,Player:0r100c/cr400c/cc/cc:KsAd,5dTd|/2h8dJd/3h/5s:-600,600(18.407509)
523:Player,BR:0cr200c/cc/r300c/r1200c:AsAc,JcKh|/6c8hKs/Kd/Ts:-1800,1800(-1505.479305)
524:BR,Player:0cc/cr200c/cc/cc:7cTs,7sJs|/2c6h8s/3d/2s:-300,300(-148.849978)
525:Player,BR:0cr200c/r300c/cc/cc:KsAs,7hJh|/5h7d9s/Td/9d:-600,600(-248.922902)
526:BR,Player:0r200c/cc/cc/cc:TdAh,3dQd|/6c9hAd/6s/6d:300,-300(299.999827)
527:Player,BR:0cr200c/cc/r600c/r900c:ThKc,3cJh|/2c5c9h/Js/6c:-1800,1800(200.696153)
528:BR,Player:0cc/cc/cr200c/cr300c:TdJd,2cAc|/9cQcAh/8h/9h:600,-600(402.703082)
529:Player,BR:0cc/cc/cc/r200c:2dKc,9dKs|/4cTcKh/5s/Ts:-300,300(-162.520137)
530:BR,Player:0r100c/cr200c/cr400c/cc:8hTc,5h5d|/3d3c9h/2d/Ks:-800,800(-294.974012)
531:Player,BR:0cr200c/cc/cc/cc:6s6c,4dQc|/3h9hKs/Jh/3s:300,-300(188.338041)
532:BR,Player:0r200c/cr300c/cr600c/cc:7hKs,7dTh|/3c5sJs/5h/Qs:1200,-1200(-580.533056)
533:Player,BR:0cr100c/cc/r200c/r400c:JcAh,3h5h|/3d3c8s/3s/2s:-800,800(-800.000000)
534:BR,Player:0r200c/cr600f:5hTc,9dKh|/2cQdKc:-300,300(-300.000000)
535:Player,BR:0cr200c/cc/cc/r300f:6s8d,7c8c|/3cQcAs/3h/2h:300,-300(300.000000)
536:BR,Player:0r100c/cr200c/cr400c/cr800f:TdJs,4h4c|/2s3c4s/Qh/3s:-800,800(-800.000000)
537:Player,BR:0cc/cc/r100c/r400f:3h8s,4hTs|/5c6d7c/2h/9h:200,-200(200.000000)
538:BR,Player:0f:7cQd,2h9d|:50,-50(50.000000)
539:Player,BR:0cc/cc/cc/r200f:5dQc,4sKs|/3d7s8s/5c/7h:100,-100(100.000000)
540:BR,Player:0r100c/cr400c/cc/cc:7cTs,5dAd|/9sQdKh/Qh/Js:600,-600(599.968441)
541:Player,BR:0cc/cc/cc/cc:3sTh,6d7c|/3d9dJh/6s/Tc:100,-100(-57.234818)
542:BR,Player:0r200c/cr300f:3c4s,TsKs|/7s7d8h:-300,300(-300.000000)
543:Player,BR:0cc/cc/cc/cc:3d8c,KhKd|/3s5sKc/6c/4d:-100,100(-28.608046)
544:BR,Player:0cc/cc/cc/cc:9cKc,QhAc|/2c4hTh/Jd/6s:-100,100(-36.238138)
545:Player,BR:0cr200c/cc/r300c/cc:9s9d,2hKd|/3d4d5h/Jd/As:-600,600(-549.362503)
546:BR,Player:0r200c/cr300c/cr1200c/cr1800c:8d9h,JsQc|/4d7dTc/Jc/2s:3600,-3600(3534.722022)
547:Player,BR:0cc/cc/r100c/r400f:2dKh,3s3h|/5dQsKs/Jd/7s:200,-200(200.000000)
548:BR,Player:0r100c/cr400c/cc/cc:6sTh,6cKh|/2s7s9d/Jh/Ts:600,-600(503.284117)
549:Player,BR:0cc/cc/cc/r100f:8hQc,7sKd|/2c4dJh/6s/8d:100,-100(100.000000)
550:BR,Player:0cc/cr100c/cc/cc:7s9c,4sKd|/4dTdQs/Qc/5c:-200,200(-137.788964)
551:Player,BR:0cc/r100c/cc/r400f:3d4s,2d9c|/3s3cKc/Ac/Jd:200,-200(200.000000)
552:BR,Player:0f:4h5h,2h4c|:50,-50(50.000000)
553:Player,BR:0cc/r200c/cc/cc:7hQd,2dJd|/4sJsAd/Qh/8h:300,-300(-234.690748)
554:BR,Player:0f:4s5c,2c9d|:50,-50(50.000000)
555:Player,BR:0cr200c/r300c/cc/cc:6cQc,4hJc|/3s4cKs/7s/Qs:600,-600(291.833860)
556:BR,Player:0r100c/cr400c/cc/cc:5sAd,4c5c|/4h6cKh/Qd/8d:-600,600(-117.012798)
557:Player,BR:0cc/cc/cc/cc:8dJs,2h7s|/3h5s5c/Ks/7h:-100,100(-84.357121)
558:BR,Player:0cc/cr100c/cr400c/cc:QcAs,KhKd|/6c7dKs/5c/3s:-600,600(-425.872415)
559:Player,BR:0cr200c/r300c/r600c/cc:TcAc,2h2d|/6sThKc/8c/Jd:1200,-1200(1198.021800)
560:BR,Player:0r100c/cr400c/cc/cc:9hQs,4s5c|/2s5s8d/9d/2h:600,-600(599.993931)
561:Player,BR:0cr200f:9hQs,2d8c|:100,-100(100.000000)
562:BR,Player:0r200c/cc/cc/cc:3h5d,5cKc|/8hTsQc/4h/Td:-300,300(-299.999941)
563:Player,BR:0cc/cc/cc/cc:2c5s,9hAc|/3h3dTc/4h/6c:100,-100(-43.124403)
564:BR,Player:0cc/cc/cc/cr200c:8sQh,4cQd|/9dTcAs/Qs/6h:0,-0(143.538691)
565:Player,BR:0cc/cc/cc/cc:4sQh,8s8d|/5h5c6d/6h/7d:-100,100(-87.834406)
566:BR,Player:0r100c/cr200c/cr400c/cr3200c:4s9s,5s6d|/3s6sTc/4h/7s:4000,-4000(657.162005)
567:Player,BR:0cr200c/cc/cc/cc:4c5s,2dQc|/3d9cTh/Qh/Jh:-300,300(-155.523603)
568:BR,Player:0f:6hJc,3h7s|:50,-50(50.000000)
569:Player,BR:0cr200c/cc/cc/cc:5h6d,4s8c|/JsQsAh/6h/7d:300,-300(300.000000)
570:BR,Player:0r200c/cc/cr300c/cr600f:6hTd,QsAc|/3s9sQc/9h/Js:-600,600(-600.000000)
571:Player,BR:0cr200c/r600c/r1800f:ThAc,3s4s|/9dJsAs/2c:900,-900(900.000000)
572:BR,Player:0cc/cr200f:3s8h,5dAs|/4s9s9h:-100,100(-100.000000)
573:Player,BR:0cr200c/r300c/r600c/cc:ThQh,3sTs|/2sJsJc/Ks/Qs:-1200,1200(-939.776385)
574:BR,Player:0r100c/cr200c/cc/cc:3sJc,6h9s|/4s7sKs/2h/4d:400,-400(-272.202678)
575:Player,BR:0cr200c/cc/cc/cc:9hAs,2dAc|/3d4d8c/Ts/2s:-300,300(-128.313927)
576:BR,Player:0r200c/cr300c/cc/cr1200c:QdAc,5h8s|/5s7sQh/4s/5d:-1800,1800(-493.931990)
577:Player,BR:0cr200f:9d9c,3d5h|:100,-100(100.000000)
578:BR,Player:0r100c/cr400c/cr600c/cc:7dAh,8sJh|/3c8dTh/2s/4s:-1200,1200(-481.878110)
579:Player,BR:0cc/cc/r100f:3sAd,2s4d|/3h8dTd/Kd:100,-100(100.000000)
580:BR,Player:0r100c/cr400c/cc/cr1200c:ThQh,JhQd|/2h3s6h/7h/2d:1800,-1800(1507.052744)
581:Player,BR:0cr200c/r600c/cc/cc:8c9s,ThJh|/7sJdKs/7d/Js:-900,900(-817.302157)
582:BR,Player:0r200c/cr300f:2d5d,TsJd|/7s7dKs:-300,300(-300.000000)
583:Player,BR:0cc/cc/cc/cc:2cAs,9dQd|/5s8hKd/6c/8c:100,-100(-21.590227)
584:BR,Player:0cc/cr200c/cc/cc:2d9d,3d9c|/5s7s9h/Td/7d:0,-0(221.695050)
585:Player,BR:0cc/cc/r100c/r400f:5dQh,7s9h|/4h9cQc/8h/2h:200,-200(200.000000)
586:BR,Player:0r100c/cr400c/cc/cc:6hKd,6c7s|/6s8hTc/8c/3h:600,-600(526.269568)
587:Player,BR:0cr200c/cc/cc/cc:6cKc,7cQs|/8dAsAd/Js/4h:300,-300(236.543159)
588:BR,Player:0r100c/cc/cc/cr400f:4h4c,6dAh|/8sJdQc/Kc/Ts:-200,200(-200.000000)
589:Player,BR:0cr200c/cc/cc/cc:2d2c,7d7c|/4c8d9s/7h/Qd:-300,300(-285.668831)
590:BR,Player:0r100c/cr200c/cr400f:8hQc,4hTh|/3d3c4d/Kd:-400,400(-400.000000)
591:Player,BR:0cc/cc/cc/cc:2dAc,JcQc|/7c8dJh/9d/2s:-100,100(-71.956158)
592:BR,Player:0r200c/cr600c/cr1800f:2hJs,TdJd|/8hQdAc/7h:-900,900(-900.000000)
593:Player,BR:0cr200c/r300f:4s5s,5c6c|/3s3h8d:300,-300(300.000000)
594:BR,Player:0cc/cc/cc/cc:6dQh,6cJh|/6hKhAs/3c/3h:0,-0(86.158803)
595:Player,BR:0cc/cc/r100c/cc:5h9c,8dQc|/3c6sAc/Kd/Th:-200,200(57.854729)
596:BR,Player:0cc/cr200c/cr600c/cc:3cQd,3hTd|/3dThJs/6d/5s:-900,900(-267.427324)
597:Player,BR:0cc/cc/cc/cc:3dTc,2sTh|/2c5h7h/9c/Ac:-100,100(-36.353382)
598:BR,Player:0r100c/cr200f:3d8h,5d7h|/6c7dAh:-200,200(-200.000000)
599:Player,BR:0cc/cc/cc/r100f:9cAs,3hJd|/5cTcKh/Jc/Qc:100,-100(100.000000)
600:BR,Player:0f:4dTc,3c7h|:50,-50(50.000000)
601:Player,BR:0cc/cc/r200c/r300c:TsQh,6h8s|/2c8cTd/5s/5h:600,-600(287.314095)
602:BR,Player:0cc/cc/cr100c/cr400f:3hTd,6c7s|/3c5h7h/4h/Qs:-200,200(-200.000000)
603:Player,BR:0cr200c/cc/cc/r300c:7dQd,5hAd|/4h6h9s/Js/Tc:-600,600(294.046871)
604:BR,Player:0r200c/cr600c/cr1800c/cc:6hAd,9dJd|/3d6dQc/Th/2s:2700,-2700(1723.326945)
605:Player,BR:0cc/cc/cc/cc:4c9d,7sKh|/3c8dJs/4s/9s:100,-100(31.063306)
606:BR,Player:0r200c/cr300f:4c8h,8dJh|/9sJcKd:-300,300(-300.000000)
607:Player,BR:0cr200c/r300c/cc/cc:QdAs,5sAh|/2d7hKs/Ts/3c:600,-600(453.917727)
608:BR,Player:0cc/cr100c/cr400c/cr1200f:8dQs,4c9h|/3c6s6h/6d/9d:-600,600(-600.000000)
609:Player,BR:0cc/cc/cc/cc:2hTd,4dJc|/2c6cKc/7h/5s:100,-100(78.803605)
610:BR,Player:0r200c/cr300c/cr600c/cr18800f:4d8s,3hQh|/4h7dAh/7h/Qs:-1200,1200(-1200.000000)
611:Player,BR:0cr200c/cc/cc/cc:8s8h,2cQs|/2hTsAh/Ks/5h:300,-300(141.642564)
612:BR,Player:0cc/cr100c/cr400c/cc:6h9s,5hQd|/7h8cKc/9c/3d:600,-600(214.867515)
613:Player,BR:0cc/cc/cc/cc:5hAd,4s8d|/7h7c8s/3h/Kd:-100,100(-76.908701)
614:BR,Player:0r100c/cc/cc/cc:TsTh,5h5c|/6c7dKc/Qd/8s:200,-200(189.137592)
615:Player,BR:0cc/cc/r200f:2sQh,2d3d|/9sTdJh/Kc:100,-100(100.000000)
616:BR,Player:0r100c/cc/cc/cr400c:4c9d,6dQc|/JcQdKs/5c/Kc:-600,600(-198.825211)
617:Player,BR:0cc/cc/cc/r400f:2h9h,5s7s|/7h8hTd/Kc/4d:100,-100(100.000000)
618:BR,Player:0cc/cr200c/cc/cr600f:2hKc,3c5c|/3d6h9h/5s/Ah:-300,300(-300.000000)
619:Player,BR:0cc/cc/cc/r200f:3hKs,4dQs|/9dTdJd/6d/6h:100,-100(100.000000)
620:BR,Player:0r100c/cc/cr200c/cc:6dQd,8h9c|/2d3dAc/7s/8d:400,-400(400.000000)
621:Player,BR:0cc/cc/cc/cc:2s9h,4sAh|/4dQdKs/Qs/7h:-100,100(-82.540531)
622:BR,Player:0r100c/cc/cr200f:4h5h,6h7d|/2s8sKc/8d:-200,200(-200.000000)
623:Player,BR:0cc/cc/cc/cc:5s6d,4sQh|/5h8hTc/7d/Qd:-100,100(-87.501247)
624:BR,Player:0cc/cr200c/cc/cc:QhKs,5d8h|/2h6sAh/5h/Ts:-300,300(-271.287469)
625:Player,BR:0cr19900f:KsAc,JdQc|:100,-100(100.000000)
626:BR,Player:0r200c/cc/cr300c/cr1200f:4hJc,5hJs|/9dThAc/Ks/8h:-600,600(-600.000000)
627:Player,BR:0cc/cc/cc/cc:4sTc,QsKh|/2d5s5d/Qd/Td:-100,100(-58.632671)
628:BR,Player:0cc/cc/cr100f:8d9s,2hJd|/4c6c7s/Jc:-100,100(-100.000000)
629:Player,BR:0cc/cc/cc/r100c:3s7h,8cTc|/4h8dAc/9s/5c:-200,200(-61.871220)
630:BR,Player:0r200c/cr300c/cc/cc:9dAh,ThQs|/2d5s8d/2s/2h:600,-600(126.874512)
631:Player,BR:0cr200c/r300c/cc/cc:JdAc,7dJh|/QdKhKc/Qh/5c:600,-600(-95.781856)
632:BR,Player:0r200c/cr600c/cr1800c/cr17300f:JcAs,4hJh|/3hQcKc/5h/8s:-2700,2700(-2700.000000)
633:Player,BR:0cr200c/r300c/cc/cc:4h4d,9cJc|/3h6sAs/Qs/Th:600,-600(373.472535)
634:BR,Player:0cc/cr100c/cc/cc:2cKc,3h6d|/5s9dTh/4d/Ks:200,-200(200.000000)
635:Player,BR:0cr200c/r300c/cc/cc:QdAs,8hJh|/4c6cQh/Js/6s:600,-600(-356.014458)
636:BR,Player:0r200c/cc/cc/cr1200c:6sJh,4d5d|/5sKsAs/5h/2h:-1500,1500(-273.205140)
637:Player,BR:0cc/cc/cc/r100c:2d7h,6s9s|/4s6cKh/Td/3d:-200,200(-41.020150)
638:BR,Player:0r100c/cc/cc/cc:5d6h,7cAd|/4h5sTd/8c/Js:200,-200(172.087723)
639:Player,BR:0cr200c/cc/cc/cc:9sAs,8cAd|/3c5sQd/4d/Ts:300,-300(-21.687303)
640:BR,Player:0cc/cr100c/cr200c/cc:TcJs,2hAc|/5c6sQd/9c/6c:-400,400(-208.290575)
641:Player,BR:0cr200f:6c7d,2s3h|:100,-100(100.000000)
642:BR,Player:0r100c/cc/cc/cr400f:6d8h,3sAh|/6hTdKs/As/Kh:-200,200(-200.000000)
643:Player,BR:0cr200c/cc/cc/cc:2sKs,6sAd|/5c8s9c/2h/9s:300,-300(111.473605)
644:BR,Player:0cc/cr100c/cr400f:2d9h,6sKh|/5c8sAs/Kc:-200,200(-200.000000)
645:Player,BR:0cr200c/cc/r600c/r900f:5s9s,7cTc|/4s4d9c/7h/Ah:900,-900(900.000000)
646:BR,Player:0r200c/cc/cr600c/cc:6hAd,3d5s|/6sQhKd/2h/9s:900,-900(-175.529774)
647:Player,BR:0cc/cc/cc/cc:3c6s,4hAs|/TsJsJh/3h/5c:100,-100(-33.324795)
648:BR,Player:0f:8cQh,2c8s|:50,-50(50.000000)
649:Player,BR:0cr200c/cc/cc/r300f:3hAh,2sJc|/5dQcKd/Ks/Qh:300,-300(300.000000)
650:BR,Player:0cc/cc/cr100c/cc:7cJd,TsQc|/5cTdJh/As/9h:200,-200(199.878900)
651:Player,BR:0cr200c/cc/r300c/cc:ThTc,JcQc|/9dQhKs/2s/4d:-600,600(-419.745164)
652:BR,Player:0r200c/cc/cc/cr600f:4sTs,8cKh|/7c8hAd/8s/Kc:-300,300(-300.000000)
653:Player,BR:0cc/r100c/cc/r400c:8hTc,5c7c|/2s2cKh/3c/5d:-600,600(194.817508)
654:BR,Player:0r200c/cc/cr600c/cr1800f:QhKc,2sKs|/7c9cTc/7s/8d:-900,900(-900.000000)
655:Player,BR:0cr19900f:KsAh,8dKc|:100,-100(100.000000)
656:BR,Player:0cc/cc/cc/cr200f:5s9h,3dTs|/TdJhQs/6h/4s:-100,100(-100.000000)
657:Player,BR:0cc/cc/cc/cc:3d8h,2cAh|/2hTcKh/Jc/4h:-100,100(-25.987947)
658:BR,Player:0r100c/cr400c/cc/cc:KdAh,5c8c|/2c8dAd/As/7h:600,-600(600.000000)
659:Player,BR:0cr200c/cc/cc/r600f:JdJc,4cKs|/5s9hKh/Qd/Td:300,-300(300.000000)
660:BR,Player:0r200c/cc/cc/cc:TcKc,4s4c|/3s8sAh/Th/Ad:300,-300(299.998242)
661:Player,BR:0cc/cc/cc/cc:2s6h,4hKc|/7hThJd/Tc/Kh:-100,100(-90.574352)
662:BR,Player:0r100c/cr200c/cr800c/cr2400c:5cJs,4sQc|/2s5hKs/6d/6s:3600,-3600(-1022.831106)
663:Player,BR:0cc/cc/cc/r100c:2h5c,7d8d|/3h6sJh/4c/7s:200,-200(-48.849519)
664:BR,Player:0cc/cc/cr100f:2d8s,4d8c|/9cJhKs/3d:-100,100(-100.000000)
665:Player,BR:0cr200f:5dQd,3c6s|:100,-100(100.000000)
666:BR,Player:0r200c/cc/cc/cr600c:KsAd,8sQc|/2s2hTh/5d/8c:-900,900(-267.758618)
667:Player,BR:0cr200c/r300c/r600c/r1200f:TcQh,7cKc|/8cJsQd/4c/4s:1200,-1200(1200.000000)
668:BR,Player:0r200c/cc/cc/cr300c:7dAh,JsJd|/4d5h6h/9s/Kc:-600,600(-294.029875)
669:Player,BR:0cr200c/cc/cc/cc:8dAc,9dKs|/7d8hQh/Th/2c:300,-300(290.654248)
670:BR,Player:0r200c/cr300f:6h8d,9hKd|/2dJhQd:-300,300(-300.000000)
671:Player,BR:0cc/cc/r100c/cc:2s4d,KsKh|/3c7dKd/5d/Ac:200,-200(-178.404459)
672:BR,Player:0r100c/cc/cc/cr200c:2sAc,8hKs|/2h3sAd/Qd/Kd:400,-400(337.038018)
673:Player,BR:0cc/cc/r200c/r300c:2cQc,JdQd|/6c7dQs/Ac/3s:-600,600(196.929338)
674:BR,Player:0cc/cr100c/cc/cc:TcKh,4dTs|/6dQdQc/3c/9h:200,-200(-9.498236)
675:Player,BR:0cc/cc/cc/r100f:6cQd,5c8d|/5dKsAs/Kd/Ac:100,-100(100.000000)
676:BR,Player:0r100c/cr400c/cr1200c/cc:ThQs,QhQd|/7d8cJs/Kd/2d:-1800,1800(-968.066984)
677:Player,BR:0cc/cc/cc/cc:5d9h,6s6c|/2s3d3c/Qd/4s:-100,100(-78.586323)
678:BR,Player:0r100c/cc/cc/cc:7hQc,3s4s|/6s8dTs/6d/3c:-200,200(-199.999974)
679:Player,BR:0cr200c/r600f:6h8h,2hQh|/3s4d8c:300,-300(300.000000)
680:BR,Player:0cc/cr200c/cr600c/cc:3cQc,6sJs|/3s5h9s/2d/8d:900,-900(223.603261)
681:Player,BR:0cc/cc/cc/cc:7hKc,6hAs|/2h3h6c/Ad/Ac:-100,100(-99.808970)
682:BR,Player:0f:TdJh,2c6s|:50,-50(50.000000)
683:Player,BR:0cr200c/cc/cc/cc:7c8c,7dKd|/3dJdKs/2c/8d:-300,300(-298.453031)
684:BR,Player:0r200c/cr600c/cc/cc:8dKc,9hKs|/2d2c4s/4d/6h:0,-0(100.645488)
685:Player,BR:0cr200c/r300c/cc/cc:JcKd,3hTs|/3c6hTd/2d/As:-600,600(-557.098363)
686:BR,Player:0cc/cr100c/cc/cc:4s5h,2hJd|/4d4cAh/Kc/Ks:200,-200(200.000000)
687:Player,BR:0cr200c/cc/cc/r1200c:2dJd,QdAc|/2h3dJs/Jc/7s:1500,-1500(269.711975)
688:BR,Player:0r100c/cr200c/cc/cc:6hKd,8cKh|/4d6cAh/As/9d:400,-400(399.997861)
689:Player,BR:0cc/cc/r100c/r200c:5cQc,6sKs|/3cJhQd/6d/Kc:-400,400(-385.213691)
690:BR,Player:0r200c/cc/cc/cr600c:8hJs,KsKh|/6d8dAh/Qh/8c:900,-900(783.471713)
691:Player,BR:0cc/cc/cc/r100c:3s8h,5dJh|/4s5s7d/Jc/Qc:-200,200(-169.772223)
692:BR,Player:0r200c/cc/cr600c/cr1800c:JsJc,3h9h|/5s8s9c/3c/Th:-2700,2700(361.147055)
693:Player,BR:0cc/cc/cc/cc:TcKd,2hQd|/3s5dAd/7s/Ac:100,-100(24.114651)
694:BR,Player:0cc/cr200f:7cKd,5dAc|/2s4sAs:-100,100(-100.000000)
695:Player,BR:0cc/cc/cc/r100c:2d6s,8cTs|/6h7cJc/8d/3h:-200,200(-123.930542)
696:BR,Player:0cc/cc/cc/cr100f:7sTd,4h8s|/2s5hKc/3h/3d:-100,100(-100.000000)
697:Player,BR:0cc/cc/cc/r100c:4sTd,2hQd|/4h6c7s/4c/Ah:200,-200(99.026196)
698:BR,Player:0cc/cc/cc/cr200c:3s3h,5cTh|/2s9s9c/2c/3d:300,-300(249.272271)
699:Player,BR:0cc/cc/r100c/cc:3h6c,7dQd|/4hJdKh/2s/3d:200,-200(126.824247)
700:BR,Player:0cc/cc/cr100c/cc:5sTd,3sTh|/2c5hKd/8h/Kc:200,-200(189.018543)
701:Player,BR:0cc/cc/cc/cc:9sKc,6cJh|/2c6sQd/5d/3d:-100,100(-63.816888)
702:BR,Player:0f:3dAs,2d6h|:50,-50(50.000000)
703:Player,BR:0cc/cc/r100c/cc:2d6c,8sTh|/5h6sAs/Kc/Ts:-200,200(-123.387270)
704:BR,Player:0r200c/cr300c/cr1200f:5hQs,8sTs|/2s7sTh/3c:-600,600(-600.000000)
705:Player,BR:0cr200c/r300c/cc/r600c:8c9s,KhAd|/2h3s9c/6h/Kd:-1200,1200(-990.371868)
706:BR,Player:0r200c/cr300f:5c6d,JdJc|/2dJsAd:-300,300(-300.000000)
707:Player,BR:0cc/cc/cc/r100c:4h5d,TdKc|/7hKsAs/8h/8s:-200,200(-96.732228)
708:BR,Player:0r200c/cc/cc/cr300f:5cTs,ThAh|/2c6d7h/5h/Ad:-300,300(-300.000000)
709:Player,BR:0cc/cc/cc/cc:7sAc,9hKc|/4hTcQh/4s/2s:100,-100(5.121231)
710:BR,Player:0cc/cr100c/cc/cr400c:6hKs,JdAs|/5c6d6c/4s/Jh:600,-600(551.250243)
711:Player,BR:0cc/cc/cc/cc:3sKh,4s8c|/TdJsQd/5h/Jc:100,-100(43.827642)
712:BR,Player:0r100c/cc/cc/cc:2cAc,6cTs|/2dKhAs/Qc/5c:200,-200(199.999986)
713:Player,BR:0cc/cc/cc/cc:6sQs,QdAc|/5dJdAh/7h/9c:-100,100(-90.426864)
714:BR,Player:0r100c/cr400f:7sTh,AsAh|/2d5hJh:-200,200(-200.000000)
715:Player,BR:0cc/cc/cc/r100f:3h7h,3cTc|/7d8h8d/6c/Ah:100,-100(100.000000)
716:BR,Player:0f:5cQc,3s8h|:50,-50(50.000000)
717:Player,BR:0cr200c/r300c/r600c/cc:6hAh,2h9d|/2d6sKd/3c/2c:-1200,1200(-1058.751966)
718:BR,Player:0f:3c7s,3h9c|:50,-50(50.000000)
719:Player,BR:0cr200c/r300f:QsAd,7s8s|/2d4hQd:300,-300(300.000000)
720:BR,Player:0r100c/cr400c/cc/cc:TdTc,9dJs|/ThKdAc/5s/3d:600,-600(599.999900)
721:Player,BR:0cc/cc/cc/r200f:6dJd,9sQd|/4h6s7h/6h/Jc:100,-100(100.000000)
722:BR,Player:0r200c/cr300c/cr1200f:8sJd,7cQh|/2sThQc/7h:-600,600(-600.000000)
723:Player,BR:0cr200c/cc/cc/cc:TdKd,7hJs|/2s6hAs/Qc/9s:300,-300(299.864123)
724:BR,Player:0cc/cc/cc/cc:7hTs,2cQh|/4s9sTc/Kc/7c:100,-100(100.000000)
725:Player,BR:0cc/cc/r100c/cc:4s7c,9sKh|/3d6sQc/4d/3s:200,-200(37.577110)
726:BR,Player:0r200c/cc/cc/cc:6s6c,8cQd|/4hJsKc/Kh/2h:300,-300(299.995241)
727:Player,BR:0cr200c/r300f:QhQc,4h7d|/2hTsTh:300,-300(300.000000)
728:BR,Player:0r200c/cc/cr600f:3cQs,6c8h|/6d7hJs/8c:-300,300(-300.000000)
729:Player,BR:0cc/cc/r100f:8s9h,3sTh|/5h6c7s/2d:100,-100(100.000000)
730:BR,Player:0r200c/cc/cc/cc:4c9d,5dTd|/6s9sQh/Qc/Jc:300,-300(299.992980)
731:Player,BR:0cr200c/cc/cc/cc:9d9c,5h5d|/5cJcAd/6h/Kc:-300,300(-270.484296)
732:BR,Player:0f:9hJc,3h9c|:50,-50(50.000000)
733:Player,BR:0cr200c/r300c/cc/cc:9hKs,KdAh|/4c7dJh/4s/Qc:-600,600(46.754806)
734:BR,Player:0r200c/cc/cc/cr19700c:ThQd,QcKs|/5s8cJs/9h/2d:20000,-20000(18785.507637)
735:Player,BR:0cr200c/r300f:JhQs,3dJs|/4c8dQc:300,-300(300.000000)
736:BR,Player:0cc/cr100c/cr200c/cr800c:TsJh,5s8h|/3s4s7h/Th/2d:1200,-1200(-57.184713)
737:Player,BR:0cc/cc/r200c/cc:3d4s,7cJh|/2s4c9c/9s/Kh:300,-300(70.154495)
738:BR,Player:0r200c/cc/cc/cr600c:7d9c,6d8h|/2c9sKc/7s/5d:-900,900(748.497935)
739:Player,BR:0cc/cc/cc/cc:6cKh,2sKd|/7s9h9c/7h/7c:0,-0(4.730404)
740:BR,Player:0cc/cc/cc/cr400f:2dJc,4dTs|/7s9d9c/3c/5d:-100,100(-100.000000)
741:Player,BR:0cr200f:7h9s,3h5c|:100,-100(100.000000)
742:BR,Player:0r200c/cr300c/cr600c/cr1200f:5h5d,8hAs|/4hAhAd/Qs/9h:-1200,1200(-1200.000000)
743:Player,BR:0cr200f:4d5h,3h7s|:100,-100(100.000000)
744:BR,Player:0r200c/cr300c/cr1200c/cr7200f:7sAh,4cKd|/2s5sQd/9c/3h:-1800,1800(-1800.000000)
745:Player,BR:0cr200c/r300c/cc/cc:AhAc,8hJd|/5h6sQd/4d/Th:600,-600(598.695838)
746:BR,Player:0r100c/cc/cc/cr400c:7c8s,6hKd|/6s8cTh/3h/4d:600,-600(-25.433230)
747:Player,BR:0cc/cc/r100f:5d8s,6d8c|/3c4hQs/Kd:100,-100(100.000000)
748:BR,Player:0cc/cc/cc/cc:9cKs,4s7s|/7cJsKd/Qh/Jh:100,-100(100.000000)
749:Player,BR:0cc/cc/r100f:2hKc,9sTc|/2d5hJc/4c:100,-100(100.000000)
750:BR,Player:0r200c/cc/cc/cr300c:2dKs,8h9d|/4d9sTs/Kc/3h:600,-600(352.851852)
751:Player,BR:0cr200c/r300f:8sKs,4dQs|/5h8dTs:300,-300(300.000000)
752:BR,Player:0r200c/cc/cc/cc:3s3c,6sAc|/4d9cQh/Td/Kh:300,-300(-50.171729)
753:Player,BR:0cr200c/r300c/cc/cc:9cKc,7hJd|/9sAdAc/Ks/9d:600,-600(264.317236)
754:BR,Player:0r200c/cr600c/cc/cc:5sTc,8cTh|/4h5dQh/Jc/Js:900,-900(829.144453)
755:Player,BR:0cc/cc/r200c/cc:3c8h,2d8d|/2hJdKd/2c/Jh:-300,300(-237.414238)
756:BR,Player:0r200c/cr600c/cr1800c/cc:8cTc,TsQs|/8s9sAd/Qh/6c:-2700,2700(-172.235237)
757:Player,BR:0cc/cc/r100c/cc:5h9c,3s8c|/3c6s8h/As/5s:-200,200(-142.039535)
758:BR,Player:0cc/cr100c/cc/cr400f:8c9c,4cKc|/7dKdAc/9d/6s:-200,200(-200.000000)
759:Player,BR:0cr200c/cc/cc/cc:7dTd,2cTh|/4h6hJc/4d/3h:300,-300(231.429193)
760:BR,Player:0f:4h7c,2c8h|:50,-50(50.000000)
761:Player,BR:0cr200c/cc/cc/cc:4s4d,3cKh|/2s6dQd/2d/9d:300,-300(178.511022)
762:BR,Player:0cc/cr200c/cc/cr300f:2cKh,5cTh|/3h4h6d/7c/As:-300,300(-300.000000)
763:Player,BR:0cr200c/r300c/cc/r2400f:JsKd,4hTs|/8cJhJd/7h/6d:600,-600(600.000000)
764:BR,Player:0r100c/cc/cc/cc:2c4h,5cKc|/4s9h9c/Qh/3h:200,-200(194.206322)
765:Player,BR:0cc/cc/r100c/r200f:2s4d,8cJc|/5d9hKh/3d/6c:200,-200(200.000000)
766:BR,Player:0f:2h3s,2s5c|:50,-50(50.000000)
767:Player,BR:0cr200c/r300f:9sTh,5dJc|/7d8cKd:300,-300(300.000000)
768:BR,Player:0cc/cr100c/cr400c/cr600c:9s9c,TcJd|/3h8cJs/4d/7s:-1200,1200(-595.685767)
769:Player,BR:0cc/cc/cc/cc:3d5c,8cKc|/5h6hKs/9s/Jc:-100,100(-90.327610)
770:BR,Player:0r200c/cr300c/cr1200f:3cJs,9cJc|/2d4c7c/9d:-600,600(-600.000000)
771:Player,BR:0cr200c/r300c/r1200c/r3600c:5h6c,2cAh|/3h4hKd/2h/Qc:5400,-5400(1745.512472)
772:BR,Player:0r100c/cr400c/cc/cc:3h5h,6dAs|/3c4h7s/6h/9d:600,-600(600.000000)
773:Player,BR:0cr200c/r300c/cc/r600f:JcAs,7hJh|/2h4dAh/Ad/2d:600,-600(600.000000)
774:BR,Player:0r200c/cc/cc/cr600f:5cQs,TcAs|/4c6dJh/9d/Td:-300,300(-300.000000)
775:Player,BR:0cc/cc/cc/r100c:8dJc,QdKs|/4s5hTd/2h/5c:-200,200(99.568537)
776:BR,Player:0cc/cc/cr100c/cc:7c9s,4h9d|/6hTsAd/5h/5d:0,-0(-159.777065)
777:Player,BR:0cr200c/r300c/cc/r600c:JhAh,AsAd|/7hJsKc/8c/6h:-1200,1200(-769.722312)
778:BR,Player:0cc/cc/cr200f:3c7s,QhAh|/2d4hKh/9d:-100,100(-100.000000)
779:Player,BR:0cr200c/r300c/cc/cc:8sTd,6d7c|/3c6cAc/Qh/7s:-600,600(-504.747949)
780:BR,Player:0r200c/cc/cr600c/cc:2s2d,6s8d|/TdJcAh/7d/Kd:900,-900(-437.795892)
781:Player,BR:0cc/cc/r100c/r400c:5hQd,8s9d|/3s6cTh/7h/2s:-600,600(-596.103762)
782:BR,Player:0r200c/cr300c/cr1200c/cr1800c:3h7s,QhAd|/3s7cAh/4d/Qs:-3600,3600(749.914025)
783:Player,BR:0cr200f:6cJc,3s8h|:100,-100(100.000000)
784:BR,Player:0cc/cc/cc/cr400f:4dAd,3sJc|/5s8hJd/7s/2c:-100,100(-100.000000)
785:Player,BR:0cr200c/r300f:6s8h,2c8c|/3h7d9c:300,-300(300.000000)
786:BR,Player:0r100c/cr200c/cc/cc:QsAd,5dQc|/2c5sAc/4c/Kd:400,-400(397.606467)
787:Player,BR:0cc/cc/cc/cc:5hAs,QsAd|/5sTsJd/2h/9d:100,-100(2.613089)
788:BR,Player:0r100c/cr400c/cc/cc:4s8h,4d5h|/2c4c8s/Qs/Td:600,-600(600.000000)
789:Player,BR:0cr200c/r600c/r900c/cc:TcAs,KdAd|/4d8hAh/5c/2h:-1800,1800(-145.359346)
790:BR,Player:0cc/cc/cc/cc:JdKs,4cTs|/4s9hJh/5h/3c:100,-100(99.405354)
791:Player,BR:0cr200c/cc/cc/cc:3dAd,JcAc|/7sQsKs/6s/Kh:-300,300(199.636566)
792:BR,Player:0r100c/cc/cc/cc:2cJd,5h7c|/4s5cTd/Jc/Ad:200,-200(195.644901)
793:Player,BR:0cc/cc/cc/cc:6sAc,4h4d|/JhJcKd/Ah/8c:100,-100(-54.500900)
794:BR,Player:0cc/cr200c/cr600f:2cQd,ThQc|/8sJsKh/9h:-300,300(-300.000000)
795:Player,BR:0cc/cc/cc/cc:2sJd,KhKc|/3s3hQs/3d/Td:-100,100(-91.964863)
796:BR,Player:0cc/cc/cc/cc:TcQc,3c7d|/3s4sKh/Qh/Td:100,-100(100.000000)
797:Player,BR:0cc/cc/r100c/r800c:3h7d,2d2c|/5h6h9h/6s/2s:-1000,1000(-961.888173)
798:BR,Player:0f:6sTc,3s8d|:50,-50(50.000000)
799:Player,BR:0cc/cc/cc/cc:3hAc,6h9h|/4d5d9s/Jh/Ts:-100,100(-78.805248)
800:BR,Player:0r100c/cr200c/cr400c/cc:7dTd,ThJd|/3d7cAh/Tc/5s:800,-800(800.000000)
801:Player,BR:0cc/cc/r100c/cc:4hAs,4c9s|/4s6dKc/7s/Td:200,-200(59.569835)
802:BR,Player:0r200c/cr300f:3dTs,2sAh|/4c8dQc:-300,300(-300.000000)
803:Player,BR:0cc/cc/cc/r100c:6cQd,5dQh|/5c7dTc/Kc/Jc:200,-200(90.306023)
804:BR,Player:0r200c/cr600f:3c9d,KsAh|/7sJhAd:-300,300(-300.000000)
805:Player,BR:0cc/cc/r100c/r200c:7cTs,4cQs|/6s7dKs/5s/4s:-400,400(-349.209644)
806:BR,Player:0r200c/cr600f:2c8h,JsAh|/JdJcKs:-300,300(-300.000000)
807:Player,BR:0cr200c/r300c/cc/r600f:TdQh,7d9h|/8c9dQs/2s/Kh:600,-600(600.000000)
808:BR,Player:0r200c/cc/cc/cc:2dAd,6d7s|/7cQdAh/2s/8s:300,-300(300.000000)
809:Player,BR:0cc/cc/cc/cc:5hJc,4cQs|/6dAsAh/Kc/3d:-100,100(-35.183716)
810:BR,Player:0r100c/cr200c/cc/cc:4d9s,6hJc|/8hAhAc/Ks/9c:400,-400(264.228066)
811:Player,BR:0cc/cc/r100c/cc:2sAc,6sKs|/3dTdAd/7s/4d:200,-200(199.999205)
812:BR,Player:0cc/cc/cc/cr200c:8cJc,2cTs|/3d8hQs/8s/5d:300,-300(289.002621)
813:Player,BR:0cr200f:3d7d,2s6h|:100,-100(100.000000)
814:BR,Player:0r200c/cc/cc/cc:7sTs,6cQd|/6hJdAs/Jc/Qh:-300,300(-265.371375)
815:Player,BR:0cc/cc/cc/cc:2d7d,5c9h|/3s3dQh/As/Ah:0,-0(35.480571)
816:BR,Player:0r200c/cc/cc/cc:9hJc,9dQh|/4s4dTs/Ah/Qs:-300,300(-233.590895)
817:Player,BR:0cc/cc/cc/cc:9dKc,4dJs|/7hJhAs/8d/Td:100,-100(-67.192893)
818:BR,Player:0cc/cr100c/cr400c/cc:7dJh,2dQs|/3hJdAs/9c/6c:600,-600(119.531047)
819:Player,BR:0cc/cc/r100c/cc:2hQc,3s4d|/2c4h9s/5h/Tc:-200,200(5.823529)
820:BR,Player:0cc/cc/cc/cr100c:TcJc,3d4c|/7h8hQc/Ts/Ad:200,-200(18.150620)
821:Player,BR:0cc/cc/r200c/cc:4h7s,2hQs|/3d5d6h/Ks/Ah:300,-300(23.600799)
822:BR,Player:0r200c/cc/cc/cr600c:7d9h,JsJc|/TsTdKc/7h/6h:-900,900(-292.061757)
823:Player,BR:0cc/cc/r100c/r200f:4sKs,2dAd|/4d9dJh/9c/3c:200,-200(200.000000)
824:BR,Player:0f:4cAc,3s8c|:50,-50(50.000000)
825:Player,BR:0cr200c/cc/cc/cc:TsKc,5sKs|/5h5cQh/5d/8c:-300,300(-300.000000)
826:BR,Player:0r200c/cr600c/cr900c/cr3600c:7sAd,TdJd|/5h8h8c/9c/4s:5400,-5400(-1766.985566)
827:Player,BR:0cr200c/r600c/cc/r900f:5d9d,6s6h|/3sJsJh/4d/9h:900,-900(900.000000)
828:BR,Player:0f:9dQh,2h3s|:50,-50(50.000000)
829:Player,BR:0cc/cc/cc/cc:5cTs,5s8s|/8h9hQc/7s/Td:100,-100(-42.542936)
830:BR,Player:0r100c/cr400c/cr1200f:3h9h,QdQc|/6hJcQh/As:-600,600(-600.000000)
831:Player,BR:0cr200c/r300f:TcQh,4s6d|/3hKhKc:300,-300(300.000000)
832:BR,Player:0cc/cr100f:5s7d,5d8d|/2c4cKs:-100,100(-100.000000)
833:Player,BR:0cr200c/r600c/cc/cc:6c7c,4hAs|/2d8d9c/2s/8s:-900,900(-326.709822)
834:BR,Player:0r200c/cc/cc/cc:JdAh,8cKc|/2d4d7c/Jc/Ad:300,-300(299.989138)
835:Player,BR:0cr200c/cc/cc/cc:ThKc,TdTc|/3s7s9h/4h/4c:-300,300(-250.684680)
836:BR,Player:0r100c/cr200c/cc/cc:KcAh,3cAs|/7cThKd/Jh/7d:400,-400(400.000000)
837:Player,BR:0cr200f:7cAc,2c8h|:100,-100(100.000000)
838:BR,Player:0r100c/cr200c/cr400c/cr1600c:3h6c,7sKs|/3s9hKh/7c/3c:2400,-2400(1836.179135)
839:Player,BR:0cc/cc/cc/r100c:3dQd,3s6c|/3hTdQs/2d/8d:200,-200(80.387600)
840:BR,Player:0r100c/cc/cc/cr400f:3s6d,ThTd|/4s7hQs/4h/9s:-200,200(-200.000000)
841:Player,BR:0cc/cc/r100c/r800f:8sTd,9cKc|/7h7dJc/Qs/6d:200,-200(200.000000)
842:BR,Player:0r200c/cr600c/cc/cc:5h6s,2c9c|/7h8sKc/3s/7d:-900,900(-790.947071)
843:Player,BR:0cr200f:6d6c,2c7h|:100,-100(100.000000)
844:BR,Player:0cc/cc/cc/cr100f:4c6c,4d7d|/3hThJs/Kd/Td:-100,100(-100.000000)
845:Player,BR:0cc/cc/r100c/cc:6cJs,7dKs|/2d9sQh/8c/As:-200,200(21.168745)
846:BR,Player:0r200c/cr600c/cc/cc:9s9c,6dKh|/5h7hTc/7s/6c:900,-900(805.686743)
847:Player,BR:0cc/cc/r100f:2d4h,2cTh|/5d6d8c/6c:100,-100(100.000000)
848:BR,Player:0cc/cr100c/cc/cc:7hQh,3s6d|/3d8s9s/Ac/Ks:-200,200(-2.963598)
849:Player,BR:0cr200c/cc/cc/r300c:JhAs,4c9c|/6s6h7d/9h/6c:-600,600(-458.506063)
850:BR,Player:0r200c/cr300c/cc/cc:3c4h,3sAs|/3h4c9c/9s/Tc:600,-600(549.536037)
851:Player,BR:0cc/cc/cc/r100c:8sTd,2c7c|/5d6sAc/7h/5h:-200,200(-71.112610)
852:BR,Player:0f:5cKh,2d5s|:50,-50(50.000000)
853:Player,BR:0cc/cc/cc/cc:4dAs,3d5s|/2h5h8h/8c/2d:-100,100(-77.586444)
854:BR,Player:0r200c/cc/cc/cc:8dAh,3h5h|/8cJdKs/7h/Ad:300,-300(299.985095)
855:Player,BR:0cc/cc/cc/cc:3dKh,2dJs|/2c5hAd/Jh/8h:-100,100(-91.526709)
856:BR,Player:0r200c/cc/cc/cr300c:TdJs,8sAc|/5cThQh/Ah/9s:-600,600(-295.580365)
857:Player,BR:0cc/cc/cc/cc:9sKh,2s4c|/8d9h9d/7d/Jd:100,-100(95.126940)
858:BR,Player:0r200c/cc/cc/cr600f:3c5s,QsQh|/8cJsKh/8h/Qd:-300,300(-300.000000)
859:Player,BR:0cc/cc/cc/cc:4c6d,6cTc|/8dTdAs/2s/Js:-100,100(-71.128071)
860:BR,Player:0cc/cr200c/cc/cc:3hQc,9cQs|/6s8sAd/Td/9s:-300,300(-290.229252)
861:Player,BR:0cc/cc/r200c/r300c:2hKh,4d8h|/4h9hTd/Jh/6d:600,-600(210.328256)
862:BR,Player:0cc/cr200c/cr600c/cr1800c:8hJd,8cAh|/8d9dKc/Ts/Ad:-2700,2700(-892.882632)
863:Player,BR:0cc/cc/cc/cc:4hAc,3h5c|/2d8sJc/9d/Qc:100,-100(94.133285)
864:BR,Player:0r200c/cr600c/cr1800f:3c8c,3h5c|/9cQhAc/2d:-900,900(-900.000000)
865:Player,BR:0cr200c/cc/cc/cc:QsAs,JdJc|/7sQhKh/4s/7c:300,-300(-143.337891)
866:BR,Player:0r200c/cc/cr300c/cc:3dAc,6s7h|/5dJsJc/9c/6h:-600,600(-331.881077)
867:Player,BR:0cr200c/r300c/cc/cc:5s6s,3hTs|/3s3c8d/Kc/8s:-600,600(-481.994841)
868:BR,Player:0r200c/cc/cc/cr300c:2c8h,8dAd|/2sThJc/Qh/9h:0,-0(20.164816)
869:Player,BR:0cr200c/cc/cc/cc:3h3d,ThAs|/6d8s9h/9s/Ac:-300,300(-235.490655)
870:BR,Player:0r100c/cc/cc/cc:7hQs,3cAh|/5s5cKh/9c/3d:-200,200(-104.773824)
871:Player,BR:0cc/cc/r100c/cc:8hJs,7h9h|/4d7s8s/9c/6s:-200,200(-56.881677)
872:BR,Player:0cc/cc/cr100c/cc:6d8s,3d5s|/7c8cAh/8d/Tc:200,-200(200.000000)
873:Player,BR:0cr200c/r300f:6c8c,9cJs|/3d6d7d:300,-300(300.000000)
874:BR,Player:0r100c/cr200c/cr800f:9dJs,5d8h|/4sQdAs/7h:-400,400(-400.000000)
875:Player,BR:0cr200c/r300c/r600c/cc:JsQs,5sTh|/5h7hQc/8h/9d:1200,-1200(913.816250)
876:BR,Player:0r100c/cr200c/cc/cc:2h9c,6d7d|/2d8cJs/5s/Kd:400,-400(43.677279)
877:Player,BR:0cc/cc/cc/cc:3h9d,2s3c|/6dThJc/2d/Ac:-100,100(-24.630809)
878:BR,Player:0f:3cJc,2h8c|:50,-50(50.000000)
879:Player,BR:0cr200c/cc/cc/cc:5dAs,8sJs|/2d4dQs/Th/7c:300,-300(216.297109)
880:BR,Player:0f:4sKh,2s7d|:50,-50(50.000000)
881:Player,BR:0cr200c/cc/cc/cc:8dQd,7dKh|/TsKsAc/3d/8s:-300,300(-197.278340)
882:BR,Player:0r100c/cr200c/cc/cr800f:JhQs,QhQd|/2d6d7c/Kh/4d:-400,400(-400.000000)
883:Player,BR:0cc/cc/r100f:9hTc,3cTd|/6h9dJh/Kc:100,-100(100.000000)
884:BR,Player:0cc/cc/cc/cc:9sKc,4dKd|/6c9hJh/9d/2h:100,-100(100.000000)
885:Player,BR:0cr200c/r300c/r600f:TdQh,2sKc|/7d9cTh/Ts:600,-600(600.000000)
886:BR,Player:0r100c/cr200c/cc/cc:2hAc,8sAs|/7h7dKh/5s/Qs:0,-0(-13.389984)
887:Player,BR:0cr200c/cc/cc/cc:KhAd,4s6d|/3d3c9d/7d/Qh:300,-300(299.193402)
888:BR,Player:0r200c/cr600f:4dTc,2sKh|/6s7sJc:-300,300(-300.000000)
889:Player,BR:0cc/cc/r100c/cc:2h9d,8cTs|/6h9cJh/7d/Ac:-200,200(-197.942804)
890:BR,Player:0r200c/cc/cc/cc:4hJc,QsKs|/5c6sAc/Th/6d:-300,300(-296.243609)
891:Player,BR:0cc/cc/cc/cc:3h8c,QdAc|/8hJhKd/7s/3c:100,-100(-0.209510)
892:BR,Player:0cc/cr200c/cr600f:5hQs,9sTd|/2h4s7h/Jd:-300,300(-300.000000)
893:Player,BR:0cr200c/r300c/cc/cc:6s7s,4h4c|/3dJsQh/Ad/2h:-600,600(22.620958)
894:BR,Player:0r100c/cr200c/cc/cc:2dKh,6dKd|/6c9s9d/Ts/7s:-400,400(-314.765218)
895:Player,BR:0cc/cc/cc/r100f:5dQh,2d7d|/TdQsAs/Ac/Jh:100,-100(100.000000)
896:BR,Player:0cc/cr200c/cc/cr1200f:2hQs,9sJd|/2d5d7h/5c/Kd:-300,300(-300.000000)
897:Player,BR:0cr200c/r600c/cc/r3600c:5s6d,2dAs|/3c4d8c/3s/Ad:-4500,4500(633.516076)
898:BR,Player:0r200c/cc/cc/cr600c:9sJc,5cAs|/2s9cAh/Qc/7c:-900,900(-299.293086)
899:Player,BR:0cc/r100c/cc/cc:5cQd,8dAh|/2h2cKd/9c/Tc:-200,200(-58.693291)
900:BR,Player:0r200c/cc/cc/cc:2cJh,7dQh|/5c7cKc/4h/8c:300,-300(299.905981)
901:Player,BR:0cr200c/cc/cc/cc:QcKc,6d8c|/2h3h5c/4d/Jd:-300,300(-280.036869)
902:BR,Player:0cc/cr200c/cc/cc:2dTd,2hKc|/TsTcJd/Jh/As:300,-300(280.924403)
903:Player,BR:0cc/cc/cc/cc:3dQh,4c8c|/2d6h8s/Jc/9d:-100,100(-65.999454)
904:BR,Player:0r100c/cr200c/cc/cr800c:KhAh,QsQd|/2h6h9h/8d/As:1200,-1200(1200.000000)
905:Player,BR:0cr200f:3s3c,2h4s|:100,-100(100.000000)
906:BR,Player:0cc/cc/cr100c/cc:4cKs,4sTd|/2hQdAc/5h/5c:200,-200(-5.822336)
907:Player,BR:0cr200c/r300c/r600c/r2400f:5sKs,3cQc|/3d6cTh/7h/Ac:1200,-1200(1200.000000)
908:BR,Player:0r200f:2h5s,2s4s|:-100,100(-100.000000)
909:Player,BR:0cc/cc/cc/cc:4dAh,8sQc|/3d7dQh/9c/6h:-100,100(-89.086527)
910:BR,Player:0r100c/cc/cc/cc:2s3d,5dJs|/3h3cKs/6d/9d:200,-200(200.000000)
911:Player,BR:0cr200c/r300c/cc/cc:JsAc,2s6s|/3s5s9d/7c/5c:600,-600(600.000000)
912:BR,Player:0r100c/cc/cr200c/cr800c:4sAc,6dQc|/4c5c7s/Tc/Ad:1200,-1200(875.180574)
913:Player,BR:0cr200c/cc/cc/r600c:JcAs,5cTd|/7c8sTs/6d/9s:900,-900(298.913602)
914:BR,Player:0f:7dTd,3d7s|:50,-50(50.000000)
915:Player,BR:0cc/cc/cc/cc:9cKh,3h3c|/2d4c5c/7d/5h:-100,100(-72.587539)
916:BR,Player:0r200c/cr600c/cc/cr900c:TsAd,6dQd|/3d7c8s/9h/Td:-1800,1800(-894.927767)
917:Player,BR:0cr200c/r600c/cc/cc:2hAh,4d8s|/2c7c8d/3h/6s:-900,900(-770.213189)
918:BR,Player:0f:7hKd,2s3c|:50,-50(50.000000)
919:Player,BR:0cr200c/cc/r300c/r600c:JsQs,4c8h|/7h8dJd/9c/Td:1200,-1200(558.706603)
920:BR,Player:0r200c/cc/cc/cc:AhAd,6s6c|/3c8sQh/9s/2c:300,-300(300.000000)
921:Player,BR:0cc/cc/cc/cc:2d6c,TdQh|/8c9hKs/6h/Kc:100,-100(-14.768159)
922:BR,Player:0cc/cr200c/cr600c/cr19100f:3cJd,2cQh|/2dQdKd/9c/3s:-900,900(-900.000000)
923:Player,BR:0cc/cc/cc/r100f:5d9c,4cAh|/3h3d5c/Kd/Th:100,-100(100.000000)
924:BR,Player:0r200f:2h5c,QcAd|:-100,100(-100.000000)
925:Player,BR:0cr200f:7hQh,2h4d|:100,-100(100.000000)
926:BR,Player:0r200c/cc/cr300c/cr1200c:JhQh,7c9s|/8s9dJs/9c/4d:-1800,1800(-582.851944)
927:Player,BR:0cr200c/cc/r300c/cc:5c9c,ThJh|/5s6h6d/3s/4d:600,-600(419.384573)
928:BR,Player:0r200f:2c3d,7dQd|:-100,100(-100.000000)
929:Player,BR:0cr200c/cc/r300c/cc:QhKh,2sKd|/8cQdAh/8d/5d:600,-600(279.710101)
930:BR,Player:0r100c/cr200c/cc/cc:2c3d,QhAs|/2h5sTh/8h/6s:400,-400(-128.813502)
931:Player,BR:0cr200c/r300c/cc/r600f:8cQc,9sTs|/2d6dJh/8s/2h:600,-600(600.000000)
932:BR,Player:0cc/cr200c/cr600c/cc:JsQh,6dJd|/5cTsKd/9s/9d:900,-900(900.000000)
933:Player,BR:0cc/cc/cc/cc:6cJc,3s7h|/2c6sQs/3c/Ks:100,-100(-53.054505)
934:BR,Player:0r100c/cr400c/cr600c/cr2400f:5hKd,9cJc|/8dThAd/8h/Qh:-1200,1200(-1200.000000)
935:Player,BR:0cc/cc/cc/cc:4dTh,6dTc|/5s9cQd/Ks/2h:-100,100(52.174386)
936:BR,Player:0f:4cTc,3h9s|:50,-50(50.000000)
937:Player,BR:0cc/cc/r200c/r1200f:8sTc,9sQh|/3h7sKs/7c/5h:300,-300(300.000000)
938:BR,Player:0r200c/cc/cc/cr600c:4sKc,9dTh|/3s5s5d/Jc/3c:900,-900(-288.593514)
939:Player,BR:0cr200c/cc/r600f:JcKd,8hQc|/5c7hJh/9d:300,-300(300.000000)
940:BR,Player:0f:6d9d,2c7h|:50,-50(50.000000)
941:Player,BR:0cc/cc/cc/cc:2s9d,JsAd|/2cQcKh/7d/5c:100,-100(-6.382355)
942:BR,Player:0cc/cr100c/cr400c/cc:8s8c,8h9c|/2s4cQd/Js/8d:600,-600(600.000000)
943:Player,BR:0cc/cc/cc/r100f:9cJs,3sAh|/6hQsQc/4c/Jc:100,-100(100.000000)
944:BR,Player:0r200c/cc/cc/cc:KcAs,6hTs|/3cThJc/Qd/4c:300,-300(300.000000)
945:Player,BR:0cc/r100c/r200f:6h9c,4hJd|/2sTdKc/8d:200,-200(200.000000)
946:BR,Player:0r200c/cc/cr300c/cc:6cQd,JdQh|/9cJhAc/Th/2s:-600,600(-361.051518)
947:Player,BR:0cr200c/cc/cc/cc:3hAh,KdAs|/8cQcAc/Qs/Kh:-300,300(-250.468330)
948:BR,Player:0cc/cc/cc/cc:3dTc,4dQd|/2sJsKc/5s/9s:-100,100(-84.251791)
949:Player,BR:0cr200c/cc/r600c/r1800f:5h6c,3hQd|/2d7dAc/9h/2c:900,-900(900.000000)
950:BR,Player:0r100c/cc/cc/cr200f:7cJd,7sAs|/6s6hTd/4c/Tc:-200,200(-200.000000)
951:Player,BR:0cr200c/cc/cc/cc:3sAs,4hKd|/5c6hAc/3h/4d:300,-300(-34.525759)
952:BR,Player:0r100c/cr400c/cc/cc:6dKh,4s5d|/2h7cAd/9c/4c:-600,600(-417.473562)
953:Player,BR:0cr200c/r300c/cc/cc:JhKc,6sQs|/5h7cAc/2d/3h:600,-600(328.657818)
954:BR,Player:0cc/cr100f:3s6d,3h5s|/4hJsKs:-100,100(-100.000000)
955:Player,BR:0cc/cc/r100c/cc:3sKh,8cAs|/2c3dTc/Qc/2d:200,-200(20.363544)
956:BR,Player:0r100c/cc/cr200c/cr800f:6d9h,7cJs|/6hTcAs/Kh/5s:-400,400(-400.000000)
957:Player,BR:0cr200c/r600c/r900c/cc:7sKh,6cQc|/TsJdKd/5s/3c:1800,-1800(1112.423012)
958:BR,Player:0cc/cr200f:5d6s,3d4h|/9dTdQh:-100,100(-100.000000)
959:Player,BR:0cc/cc/cc/cc:2dKh,4h9s|/8sTdAd/9c/6d:-100,100(-62.765283)
960:BR,Player:0r100c/cr200c/cc/cr800c:7d7c,6s9s|/4s4cAd/5h/7s:1200,-1200(1193.832643)
961:Player,BR:0cr200c/r300c/r600c/r1200c:8cKs,5cJc|/5h8dAs/Qh/Kd:2400,-2400(1138.970698)
962:BR,Player:0r100c/cr200f:2h9d,4hQd|/3s3h5c:-200,200(-200.000000)
963:Player,BR:0cc/cc/cc/r100c:4d8c,KdAc|/3cTsJs/8s/4c:200,-200(92.660647)
964:BR,Player:0r100c/cr200c/cc/cc:5sTd,3sTs|/3d8sAc/6s/9c:-400,400(-370.190606)
965:Player,BR:0cr200c/r300c/cc/cc:KhAd,7dTs|/2s7cJd/4h/7s:-600,600(-576.122460)
966:BR,Player:0r200c/cc/cc/cc:2hQh,JsKc|/7h7cQc/2d/3c:300,-300(299.944206)
967:Player,BR:0cr200c/r600f:JsJh,7cJc|/3h6d9h:300,-300(300.000000)
968:BR,Player:0r200c/cc/cc/cc:2s8d,8hAh|/9sTcQd/Ts/8c:-300,300(171.116191)
969:Player,BR:0cr200c/r300c/r600c/cc:KhAs,3sJc|/2hKdKc/2d/4h:1200,-1200(287.479911)
970:BR,Player:0cc/cc/cc/cc:5s7d,2sTd|/8cJdKc/Qc/6h:-100,100(-99.710135)
971:Player,BR:0cr200c/r300c/cc/cc:2h5h,5sQc|/4d9sAh/3h/Ac:600,-600(379.548944)
972:BR,Player:0cc/cr100c/cr400c/cc:9dQh,4cTd|/6h7cTh/2c/Kd:-600,600(-59.239979)
973:Player,BR:0cr19900f:2dTc,5dAh|:100,-100(100.000000)
974:BR,Player:0r200c/cr300c/cr1200f:9dTd,3c5c|/4d7hQc/8c:-600,600(-600.000000)
975:Player,BR:0cc/cc/cc/cc:6d7h,3sTs|/4s4hQs/9s/5d:-100,100(-97.068282)
976:BR,Player:0cc/cr200c/cr600f:3dJc,ThKd|/4sTcKc/7s:-300,300(-300.000000)
977:Player,BR:0cc/cc/cc/r100f:8dTc,7cQs|/5d8hAs/4s/2s:100,-100(100.000000)
978:BR,Player:0r200c/cr300c/cc/cr600f:5c6c,2sTs|/4h6hKd/2c/Td:-600,600(-600.000000)
979:Player,BR:0cr200c/r300c/cc/cc:QsQh,4h5s|/5c6sTc/Ad/2d:600,-600(-4.888923)
980:BR,Player:0cc/cc/cc/cc:4sKd,7cKc|/2h8cAc/5d/5h:0,-0(64.473767)
981:Player,BR:0cr200c/cc/r300f:7s8h,2cQd|/3h5h8d/6h:300,-300(300.000000)
982:BR,Player:0r200c/cc/cc/cc:6sKc,9h9c|/7sKdAh/Qd/Ad:300,-300(299.865301)
983:Player,BR:0cr200c/r600c/r900c/cc:JcQs,4sKs|/5dTsJs/Kh/3c:-1800,1800(-1176.737645)
984:BR,Player:0cc/cr200c/cr300c/cc:3cAc,3s5c|/4d8cKh/8s/Qd:600,-600(-9.602342)
985:Player,BR:0cr200c/cc/cc/r300f:5h9h,2cJc|/3c8sTs/8h/3d:300,-300(300.000000)
986:BR,Player:0cc/cr100c/cc/cr400f:8cJd,4cAd|/4s6d7d/7h/2s:-200,200(-200.000000)
987:Player,BR:0cc/cc/cc/r100f:3sJs,6d9s|/3c4cQs/Td/2d:100,-100(100.000000)
988:BR,Player:0cc/cc/cc/cr100c:4h6d,5sTh|/2c7dQd/8d/4d:200,-200(114.136705)
989:Player,BR:0cc/cc/cc/cc:TsQc,2d3d|/4h7cJs/Kc/Kh:100,-100(97.590342)
990:BR,Player:0r100c/cc/cc/cc:3sKs,4h6c|/5d9hQc/Jc/6d:-200,200(-175.412333)
991:Player,BR:0cc/cc/r100c/cc:3sTs,TdAc|/5d8sKd/9s/2h:-200,200(76.533908)
992:BR,Player:0r200c/cr600c/cr1800c/cc:3h5h,TsAc|/5s6dJs/Kc/Kd:2700,-2700(1585.575977)
993:Player,BR:0cc/cc/cc/r100f:2s4c,7d9s|/2h5hQh/Kd/Qd:100,-100(100.000000)
994:BR,Player:0f:TsQh,3c8s|:50,-50(50.000000)
995:Player,BR:0cr200c/r300c/cc/r600f:TsAh,2sQc|/3sTcKc/6d/3h:600,-600(600.000000)
996:BR,Player:0cc/cc/cc/cc:QcAc,4h9d|/4c5s6h/8s/8d:-100,100(3.145289)
997:Player,BR:0cc/cc/cc/cc:2dKd,4d8c|/7sJsQd/3s/7d:100,-100(78.137057)
998:BR,Player:0r100c/cr200c/cr400c/cc:QhKc,9hTc|/4s6c8s/8c/6s:800,-800(-243.550457)
999:Player,BR:0cc/cc/cc/cc:6cTd,3c9h|/7hJdKc/7s/Kh:0,-0(47.657189)
1000:BR,Player:0r200c/cr300c/cr600f:2sJc,6hAs|/8s9hQs/5s:-600,600(-600.000000)
RAW BR STATS: n=1000, sum=-14600.000000, sum_sq=1077530000.000000, vr_sum=-26664.256887, vr_sum_sq=633211075.178630
BR STATS: -14.600000(64.332110), -26.664257(49.293127)
RESULTS
1)Player: 14600
2)BR: -14600
