In config file: GAME_DEF=game_def.fullholdem
In config file: ACTIONS_R0=C
In config file: ACTIONS_R1=C
In config file: ACTIONS_R2=F,C,0.05,0.0575,0.066125,0.07604375,0.087450313,0.100567859,0.115653038,0.133000994,0.152951143,0.175893815,0.202277887,0.23261957,0.267512505,0.307639381,0.353785288,0.406853081,0.467881044,0.5380632,0.61877268,0.711588582,0.81832687,0.9410759,1.082237285,1.244572878,1.43125881,1.645947631,1.892839776,2.176765742,2.503280603,2.878772694,3.310588598,3.807176888,4.378253421,5.034991434,5.790240149,6.658776171,7.657592597,8.806231486,10.12716621,11.64624114,13.39317731,15.40215391,17.71247699,20.36934854,23.42475083,26.93846345,30.97923297,35.62611791,40.9700356,47.11554094,54.18287208,62.31030289,71.65684832,82.40537557,94.76618191,A
In config file: ACTIONS_R3=F,C,0.05,0.0575,0.066125,0.07604375,0.087450313,0.100567859,0.115653038,0.133000994,0.152951143,0.175893815,0.202277887,0.23261957,0.267512505,0.307639381,0.353785288,0.406853081,0.467881044,0.5380632,0.61877268,0.711588582,0.81832687,0.9410759,1.082237285,1.244572878,1.43125881,1.645947631,1.892839776,2.176765742,2.503280603,2.878772694,3.310588598,3.807176888,4.378253421,5.034991434,5.790240149,6.658776171,7.657592597,8.806231486,10.12716621,11.64624114,13.39317731,15.40215391,17.71247699,20.36934854,23.42475083,26.93846345,30.97923297,35.62611791,40.9700356,47.11554094,54.18287208,62.31030289,71.65684832,82.40537557,94.76618191,A
Using seed 2.
1:Player,BR:0cr200c/cc/cc/cc:KhAs,5dTs|/4s7sJd/Qh/4h:300,-300(248.232516)
2:BR,Player:0cc/cr200c/r140f:3c9c,3dJc|/9dTdKh/Th:300,-300(300.000000)
3:Player,BR:0cc/cc/r100r187c/cr6816f:9cTs,5d8s|/6sQhAh/9s/5s:-387,387(-387.000000)
4:BR,Player:0cc/cc/cc/cc:8sQs,JhKs|/6d9sAc/Td/8d:100,-100(59.480907)
5:Player,BR:0cc/cc/cr216f:3s5c,9hKc|/6c7s8h/Qh:-100,100(-100.000000)
6:BR,Player:0r100c/cr400c/cc/r211f:TdKs,QdAs|/2s4d9c/8h/3s:600,-600(600.000000)
7:Player,BR:0cc/cc/r100r142r342c/r684f:4s9c,QhAd|/4d9dJd/Kc/8c:684,-684(684.000000)
8:BR,Player:0cc/cc/cc/cr100f:4c7c,4hJc|/6hJdKs/Ad/3h:-100,100(-100.000000)
9:Player,BR:0cc/cc/cr188f:8hTs,8sJd|/3c5c9h/4s:-100,100(-100.000000)
10:BR,Player:0r200c/cr300c/r100r1400c/cc:7s8s,5sJc|/2s7hTd/Qh/Jd:-2100,2100(-2100.000000)
11:Player,BR:0cr200c/r300c/r600r3435f:6s9s,3h4s|/3d7sTh/4c:-1200,1200(-1200.000000)
12:BR,Player:0r200c/cr300c/r139r739r739c/cr2217f:4cTd,5sKh|/5h5dAc/2c/2h:-2217,2217(-2217.000000)
13:Player,BR:0cc/cc/cr188c/cc:4c8h,2s9d|/3c7cAc/Kc/Ah:288,-288(288.000000)
14:BR,Player:0f:KcAh,2d6s|:50,-50(50.000000)
15:Player,BR:0cr200c/r300c/cr139c/cc:8c9d,3c7s|/8hKsKd/Ac/Ts:739,-739(739.000000)
16:BR,Player:0r200c/cr600c/cr1800f:5sKd,QhAc|/7hJcAh/2c:-900,900(-900.000000)
17:Player,BR:0cc/cc/cr100c/cr573c:6sQd,4sJd|/6c7c9s/7d/Jc:-773,773(-600.299154)
18:BR,Player:0r200c/cr600c/r119r2038c/cc:3dAh,3h4h|/2hJdKs/Kh/Ad:3057,-3057(2890.217345)
19:Player,BR:0cr200c/cc/cc/cr747c:8cAs,4s7c|/3cQhAd/9h/Jc:1047,-1047(1047.000000)
20:BR,Player:0f:7dAh,2s4d|:50,-50(50.000000)
21:Player,BR:0cc/cc/cr100c/cr100c:2sAd,5s5d|/4d7sTh/Qh/Qc:-300,300(-52.057019)
22:BR,Player:0cc/cc/r761c/r701f:KsKh,2dQh|/4d5c9c/Qs/8c:861,-861(861.000000)
23:Player,BR:0cc/cc/r100c/cc:6cKd,5h9s|/3d5dJc/7c/8d:-200,200(29.296503)
24:BR,Player:0f:7dTc,3h8s|:50,-50(50.000000)
25:Player,BR:0cc/cc/cr662f:4sJc,5dTc|/9hTsTd/Kd:-100,100(-100.000000)
26:BR,Player:0r200c/cc/cc/cc:7hTs,8sKs|/2c7cAs/Qc/8c:-300,300(16.837892)
27:Player,BR:0cc/cc/cc/cc:4hTd,7hKd|/7c9cTc/Ah/Qh:100,-100(-34.182905)
28:BR,Player:0r200c/cc/cc/cc:5hQs,7sJc|/9dKdAd/6d/Ts:300,-300(-206.560918)
29:Player,BR:0cr200c/cc/r300r321c/cc:AhAd,2d3d|/2c3s4d/5d/Js:921,-921(44.636814)
30:BR,Player:0f:5s8s,3d8c|:50,-50(50.000000)
31:Player,BR:0cc/cc/r100r215r415r9612f:2h7h,6d7s|/4dJcKh/5h:-830,830(-830.000000)
32:BR,Player:0r200c/cr300c/cr1200c/cr3600f:QhKh,TdTc|/4c5s8s/9d/4s:-1800,1800(-1800.000000)
33:Player,BR:0cc/cc/cr100f:2dAh,2s7c|/5d6sKd/Jh:-100,100(-100.000000)
34:BR,Player:0r200c/cc/cc/cc:KcAh,5cKs|/6h7dTc/2s/9s:300,-300(-46.042429)
35:Player,BR:0cc/cc/cr100c/cr163c:2dAs,6hJh|/4h6sTc/4s/Th:-363,363(-192.750598)
36:BR,Player:0r200c/cc/r427r1454c/cr8724f:QsQd,7sKd|/5hTdAc/Jh/4s:-2181,2181(-2181.000000)
37:Player,BR:0cc/cc/r200r491f:3c9d,3sQc|/TcJcQh/Qs:-300,300(-300.000000)
38:BR,Player:0r200c/cr300c/r243r1686r2058r4587c/cr10826f:2sAd,6sAh|/6h6cTc/2h/8c:-9174,9174(-9174.000000)
39:Player,BR:0cc/cc/r100r376f:4dQs,8cTs|/4h5d9s/Jd:-200,200(-200.000000)
40:BR,Player:0cc/cr200c/r100r400f:3hJd,TsAc|/2sThAs/2h:-400,400(-400.000000)
41:Player,BR:0cc/r100c/cr100r600f:7dJd,5h8h|/9s9dAh/Kc:300,-300(300.000000)
42:BR,Player:0r100c/cc/cc/cr400r400f:3sKs,2s6s|/4h5dAc/Th/7s:600,-600(600.000000)
43:Player,BR:0cc/cc/cr100r200c/r400r749c:7cJh,7dJs|/8h8d9d/Qh/Ts:0,-0(-767.140700)
44:BR,Player:0cc/cr200c/r121f:4d6h,5d7h|/4cJdQs/Ah:300,-300(300.000000)
45:Player,BR:0cc/r100c/cr871c/cr2666r16263f:4s5c,3hAh|/2c4dKh/9h/4h:3737,-3737(3737.000000)
46:BR,Player:0r200c/cc/cc/cc:8s9s,4s4h|/8dJdKh/Td/Ah:300,-300(-105.749308)
47:Player,BR:0cc/cc/r100c/cr757f:4s9c,5sTc|/7d8cJc/Qs/Ac:-200,200(-200.000000)
48:BR,Player:0cc/cc/r164f:4s8d,4dKs|/6c8h9c/9h:100,-100(100.000000)
49:Player,BR:0cr200c/r300c/r1200r7836f:6dKd,5hJh|/2d3h9h/8d:-1800,1800(-1800.000000)
50:BR,Player:0r100c/cr400c/r1718f:TdKh,7s9h|/2hThJd/Qh:600,-600(600.000000)
51:Player,BR:0cc/cc/cr164c/cc:5cJs,TsQd|/5s7sKd/3s/Jc:264,-264(236.540109)
52:BR,Player:0cc/cr200c/r323f:5s9h,6hQh|/2c4hAd/4d:300,-300(300.000000)
53:Player,BR:0cr200c/r300c/r600r1123c/cr711r6068f:TcKc,3sTh|/5sKsKh/6c/Ts:3034,-3034(3034.000000)
54:BR,Player:0r200c/cc/r3021f:3hAh,2s2h|/4s8hJh/Qs:300,-300(300.000000)
55:Player,BR:0cc/cc/r200r281f:4cJh,3cQh|/2h3s5s/8h:-300,300(-300.000000)
56:BR,Player:0cc/cr200c/r161f:2h4d,4s9h|/5h6sJs/2d:300,-300(300.000000)
57:Player,BR:0cc/cc/r100c/cc:3d8s,2h5c|/2c3s9c/6h/6c:200,-200(37.769055)
58:BR,Player:0r100c/cr200c/r325r725r3609c/cr14941c:TsQc,7d9c|/4h8hJd/Td/As:-20000,20000(-5018.362495)
59:Player,BR:0cc/cc/r100f:2hQd,7h8h|/6dQsQh/Ks:100,-100(100.000000)
60:BR,Player:0r200c/cc/cc/cc:2cTd,JdKs|/6sJcAs/6c/4d:-300,300(-274.611038)
61:Player,BR:0cr200c/cc/cr427f:7cAs,4h5s|/6h8dQc/6d:-300,300(-300.000000)
62:BR,Player:0cc/cc/r100f:4h6s,2sAc|/5h8d9d/6c:100,-100(100.000000)
63:Player,BR:0cc/cc/cr761c/cr1409c:9cKd,KsAs|/4h6hAd/9d/4c:-2270,2270(-1890.782127)
64:BR,Player:0r100c/cc/r163r726c/cr2178c:6hAd,4sQh|/4d4cJh/6d/3c:-3267,3267(-956.732198)
65:Player,BR:0cr200c/r300c/r1200r1200r6000c/r11000c:8sQd,5d9h|/2d9dTd/9c/6s:-20000,20000(8586.083203)
66:BR,Player:0cc/cc/r100c/cc:KdKc,5d9h|/9sTsJs/7s/9d:-200,200(-34.738570)
67:Player,BR:0cc/cc/cr100f:5cJs,3hTh|/9sKsAh/3c:-100,100(-100.000000)
68:BR,Player:0r100c/cc/r498f:5s8d,7sAc|/3hJsKh/4c:200,-200(200.000000)
69:Player,BR:0cr200c/r300c/cr488c/cr333c:6c7d,8dKs|/3c7hJd/8h/5h:-1421,1421(-586.237359)
70:BR,Player:0r100c/cr200c/r122r1044c/cr1566f:5d5c,8sTc|/3d9sQs/2d/6h:-1566,1566(-1566.000000)
71:Player,BR:0cc/cc/r100r285c/cr148c:9cTd,4c7d|/6d6cTc/3c/5c:633,-633(-207.439392)
72:BR,Player:0cc/cc/cr200f:5sJh,7dJc|/6h8dTs/2s:-100,100(-100.000000)
73:Player,BR:0cr200c/r300c/cr160r1520c/r17720f:6d8d,5c7h|/4s7sAd/9d/3c:2280,-2280(2280.000000)
74:BR,Player:0r200c/cr300c/r321r1842r1842f:6d7c,5d9s|/3c4cKc/6s:2763,-2763(2763.000000)
75:Player,BR:0cc/cc/cr100f:5hKs,9cAs|/6c8dJs/6h:-100,100(-100.000000)
76:BR,Player:0f:7cTc,2c8s|:50,-50(50.000000)
77:Player,BR:0cr200c/r300c/r600c/cc:8hQd,2h4d|/4hTsJs/8s/Tc:1200,-1200(281.104881)
78:BR,Player:0r200c/cr300c/cc/cc:7s7c,4hQc|/8c9sTd/Qs/2h:-600,600(-456.498760)
79:Player,BR:0cc/cc/r100r100c/cc:8sKc,2h4s|/2d9hAc/9d/Tc:-300,300(49.746005)
80:BR,Player:0r100c/cc/cr200r7045f:8dAs,7d7c|/3c6h9h/Ks:400,-400(400.000000)
81:Player,BR:0cr200c/r300c/cr321c/cr1140c:5cAc,2h6d|/5h6h9d/3h/6s:-2061,2061(-1355.082218)
82:BR,Player:0cc/cc/cc/cr400f:4cJc,6s7c|/3hQdKd/3d/Th:-100,100(-100.000000)
83:Player,BR:0cc/r200c/cr371f:5s9h,JcAc|/7dTsKd/Ad:-300,300(-300.000000)
84:BR,Player:0r100c/cc/r19800f:5dQc,KsAs|/5c7sTc/5h:200,-200(200.000000)
85:Player,BR:0cc/cc/cr188f:2c9c,5d7c|/6d7sTc/3h:-100,100(-100.000000)
86:BR,Player:0r200c/cr300c/r184c/cc:3cJc,QhAs|/3d6s9s/2h/5s:784,-784(-175.259426)
87:Player,BR:0cc/r100c/cr100f:9dQc,TsAd|/2h2d6c/4s:-200,200(-200.000000)
88:BR,Player:0r100c/cc/r123f:4hKs,5d6h|/8s8hAs/Kd:200,-200(200.000000)
89:Player,BR:0cc/cc/r200r244c/cr1557f:6sTd,7sAh|/2c4d9d/7d/7h:-544,544(-544.000000)
90:BR,Player:0cc/cr100c/cc/r215f:4sKs,5cTh|/2d3h3c/9h/Kh:200,-200(200.000000)
91:Player,BR:0cc/cc/cr249f:6hKd,ThJc|/3dTsQc/9d:-100,100(-100.000000)
92:BR,Player:0r100c/cr400c/r243f:2hJs,8dQh|/2d4h6h/4s:600,-600(600.000000)
93:Player,BR:0cr200c/r300c/cr2271f:9cTc,2c5h|/3c5dJh/2s:-600,600(-600.000000)
94:BR,Player:0r200c/cc/r323c/cc:4s8c,7h7d|/3cJdQh/2d/Qs:-623,623(-623.000000)
95:Player,BR:0cc/cc/cr100c/cc:2c8s,8dQs|/2sJsKh/Ks/Ad:200,-200(101.244326)
96:BR,Player:0cc/cr100c/r19800f:KsAd,5h9c|/7sKdKc/3h:200,-200(200.000000)
97:Player,BR:0cr19900c/cc/cc/cc:KcAd,4sKs|/2h6h9d/Jh/Ac:20000,-20000(13838.960712)
98:BR,Player:0cc/cc/r124f:6h8c,9sJd|/3h5s6s/Kh:100,-100(100.000000)
99:Player,BR:0cr200c/r600c/r900r1684r3484c/r13032f:5h5c,TsJh|/5dQhQc/8d/Js:6968,-6968(6968.000000)
100:BR,Player:0cc/cr100c/cc/cc:7dKh,2sQh|/5s6s7s/8s/Ac:-200,200(-166.003738)
101:Player,BR:0cr200c/cc/r300r1299f:3sKs,JcAs|/2h8cTd/4s:-600,600(-600.000000)
102:BR,Player:0f:7sJc,2c3d|:50,-50(50.000000)
103:Player,BR:0cc/cc/r100r123f:2d8c,3c5c|/3d6hQd/6d:-200,200(-200.000000)
104:BR,Player:0r100c/cr200c/r18740f:5sAd,2dKs|/5h5cTs/9s:400,-400(400.000000)
105:Player,BR:0cr200c/r300c/r600r9137f:7c8s,2s4s|/2h3c9c/6h:-1200,1200(-1200.000000)
106:BR,Player:0cc/cc/r501f:AsAc,9dKc|/4s6s8c/8d:100,-100(100.000000)
107:Player,BR:0cr200c/cc/r300c/r600c:TsKd,2s7h|/7c9cJc/6s/Qh:1200,-1200(593.520564)
108:BR,Player:0r200c/cr300c/r425c/r237r2524c:8dJs,6d7d|/5s5dJd/3d/Ts:-3786,3786(-1053.740231)
109:Player,BR:0cc/cc/cr19900f:2d3c,7c9h|/6c7h9d/7d:-100,100(-100.000000)
110:BR,Player:0r200c/cc/r121c/cc:6s8d,ThQh|/5c8sKh/Jc/Ts:-421,421(31.287533)
111:Player,BR:0cc/cc/cr501f:6hQc,4h8h|/5dThAs/Kh:-100,100(-100.000000)
112:BR,Player:0f:7hAh,2h8s|:50,-50(50.000000)
113:Player,BR:0cc/cc/r100r163c/cr449c:5d6h,8hJc|/2s3h7h/Qh/2h:-812,812(-500.557162)
114:BR,Player:0f:5s9s,2h9c|:50,-50(50.000000)
115:Player,BR:0cr200c/r300c/cr369f:8dJd,3d6h|/2s2dTc/Ts:-600,600(-600.000000)
116:BR,Player:0r200c/cc/cc/cc:8cTd,ThTc|/KsAhAd/5c/Qd:-300,300(-196.958186)
117:Player,BR:0cr200c/r300c/r600c/r1200f:5c7c,3cTc|/2s3s7h/6c/Jd:1200,-1200(1200.000000)
118:BR,Player:0cc/cc/r100c/cc:JcAh,3hTd|/5s7s7d/3d/6h:-200,200(-108.998187)
119:Player,BR:0cr200c/r300c/cr854f:JcKh,2c7c|/2d4h4d/7s:-600,600(-600.000000)
120:BR,Player:0r200c/cc/r649c/cc:5hKd,7dKs|/3d4s6h/8s/6d:-949,949(-818.976393)
121:Player,BR:0cr200c/cc/cr371r671f:2cJc,2h8c|/3d6cJs/5c:671,-671(671.000000)
122:BR,Player:0cc/cc/r100c/cr400f:2c9c,4dJc|/7hQsKs/9d/Th:-200,200(-200.000000)
123:Player,BR:0cr200c/cc/cc/cr281f:8cKc,3h5d|/2h2d7s/9h/5c:-300,300(-300.000000)
124:BR,Player:0r200c/cr300c/r561f:2hQh,5cKc|/4c9sJd/7d:600,-600(600.000000)
125:Player,BR:0cr200c/r300c/cr18483f:JcAd,4c8h|/2c4hTh/8d:-600,600(-600.000000)
126:BR,Player:0r100c/cr400c/r1718c/r938c:4hJd,5sAs|/2s5c8s/Jh/9d:3256,-3256(1294.856686)
127:Player,BR:0cc/cc/cc/cr100f:6d9s,2hQd|/4cKhKd/7c/7d:-100,100(-100.000000)
128:BR,Player:0f:3h7c,2d3s|:50,-50(50.000000)
129:Player,BR:0cc/cc/cr435f:4hAc,9sQd|/6cThJh/2s:-100,100(-100.000000)
130:BR,Player:0r200c/cr600c/cc/cc:4cAs,8hKc|/7cTdQc/2d/7h:900,-900(476.217257)
131:Player,BR:0cr200c/cc/cc/r300c:4hQh,3cAh|/7sQdKc/Js/8c:600,-600(281.748205)
132:BR,Player:0cc/cr100c/r142f:JhQd,4s9d|/4cQhKc/6c:200,-200(200.000000)
133:Player,BR:0cr200c/r300c/r600r7945f:TcJs,4dKs|/2d5s7d/8c:-1200,1200(-1200.000000)
134:BR,Player:0cc/cc/cc/cc:3dTs,5s9h|/QhKdAs/2d/9s:-100,100(-55.581850)
135:Player,BR:0cr200c/r300c/cr279f:9dKh,8hJd|/3s4cTc/5s:-600,600(-600.000000)
136:BR,Player:0r200c/cr300c/cr1200f:2s9h,4d6d|/ThTdKd/7c:-600,600(-600.000000)
137:Player,BR:0cc/cc/cr1332f:JdQh,2c4s|/3h9cAc/5c:-100,100(-100.000000)
138:BR,Player:0f:7sQh,3c9h|:50,-50(50.000000)
139:Player,BR:0cr200c/r600c/r1800f:KdAc,2sTc|/7sQcAh/3d:900,-900(900.000000)
140:BR,Player:0r100c/cc/cc/r107r307c:2hTh,2dJd|/4c5c7d/8d/Td:-614,614(-301.117815)
141:Player,BR:0cr200c/r300c/cr321c/cc:2dAd,6c9s|/6sAsAc/Qs/3d:921,-921(302.267850)
142:BR,Player:0r200c/cc/cc/r1727c:5s5d,9dQd|/7c8cQs/Kh/5c:2027,-2027(1920.934394)
143:Player,BR:0cr200c/r300c/cr369f:6cJc,2s6s|/8s9s9h/8h:-600,600(-600.000000)
144:BR,Player:0cc/cc/r100c/cr200f:4s4c,7dJd|/9sKcAs/3d/Kd:-200,200(-200.000000)
145:Player,BR:0cr200c/r300c/r1200r2946f:8sQh,6sAc|/6cTcJd/Ad:-1800,1800(-1800.000000)
146:BR,Player:0r200c/cc/r1986f:2d3h,4cQc|/2s4d5d/Jd:300,-300(300.000000)
147:Player,BR:0cc/cc/r200r8036f:7cTd,5hJd|/6sQdAd/Kc:-300,300(-300.000000)
148:BR,Player:0r200c/cr300c/r139c/cr739r1591f:3s5s,2sKc|/JsQhQd/5c/9h:1478,-1478(1478.000000)
149:Player,BR:0cc/cc/cr100c/cc:2c8s,5hKd|/4h5cAs/3d/Qs:200,-200(-21.103571)
150:BR,Player:0r200c/cr600c/r1948f:4h6h,8hTc|/2h5cKh/7h:900,-900(900.000000)
151:Player,BR:0cc/cc/r100r142f:5c6d,3cAd|/2hQdAs/2s:-200,200(-200.000000)
152:BR,Player:0r200c/cr300c/r100f:7s9h,5s9c|/3cQcAs/3s:600,-600(600.000000)
153:Player,BR:0cc/cc/r100r248c/cr137c:5sKc,9d9c|/4c6hKs/2c/Jc:585,-585(-303.946708)
154:BR,Player:0cc/cr100c/r123f:6s9s,3dQc|/4s5cJd/4c:200,-200(200.000000)
155:Player,BR:0cr200c/r300c/r600r1291f:JcQc,3d5s|/5h7sQs/As:-1200,1200(-1200.000000)
156:BR,Player:0r200c/cc/r140c/cc:8h9h,6d8d|/6h9dJc/Ks/Qh:440,-440(-79.651647)
157:Player,BR:0cr200c/cc/cc/cc:5d8d,4c7s|/8hTsKd/2s/4h:300,-300(6.660529)
158:BR,Player:0r200c/cr300c/r369c/r3190f:5c7h,5sAd|/ThTcAc/6c/Jh:969,-969(969.000000)
159:Player,BR:0cc/cc/cr188f:7cTh,2h9c|/3c4cAh/Jh:-100,100(-100.000000)
160:BR,Player:0r200c/cc/r371c/r830c:JsJc,8cTc|/2s4sKh/8s/As:1501,-1501(1004.733728)
161:Player,BR:0cr200c/cc/cr565f:9cQh,2hTs|/4h5d8s/5c:-300,300(-300.000000)
162:BR,Player:0cc/cc/r286f:4sQh,3hTd|/6c9hQd/8h:100,-100(100.000000)
163:Player,BR:0cc/cc/cr662f:2d3s,4sKs|/QdKcAc/4c:-100,100(-100.000000)
164:BR,Player:0r100c/cr400c/cc/cc:2d5c,8cQs|/JcQdKs/2c/4c:-600,600(70.175563)
165:Player,BR:0cc/cc/cr100c/cc:4dAc,2cJd|/2d4sQd/Th/Qc:200,-200(12.833811)
166:BR,Player:0r200c/cr300c/r243f:6sJh,4dJd|/5s5dTc/6c:600,-600(600.000000)
167:Player,BR:0cc/cc/cr142r242r453c/r937f:8sJh,6h8d|/3h7d8h/Kh/9h:937,-937(937.000000)
168:BR,Player:0r100c/cc/cc/cr200f:3s9d,6sKd|/6c8cQh/8s/2d:-200,200(-200.000000)
169:Player,BR:0cr100c/r200c/cr100r500f:7h9d,3hTd|/5hJcAd/Js:500,-500(500.000000)
170:BR,Player:0r100c/cr400c/cr1200f:7sJh,6d7d|/3dThAs/Kd:-600,600(-600.000000)
171:Player,BR:0cr200c/r300c/cc/cc:7dKd,3cKs|/4d6dTs/6h/Ad:600,-600(302.875602)
172:BR,Player:0r200c/cc/cc/cr600f:7sJs,KdAs|/6h6cAc/Th/6d:-300,300(-300.000000)
173:Player,BR:0cc/cc/cr379f:2hQs,6sKh|/7dTcKs/4d:-100,100(-100.000000)
174:BR,Player:0r100c/cr200c/cc/cr1600f:3h3d,8sQd|/5c7sTc/4c/5h:-400,400(-400.000000)
175:Player,BR:0cr200c/cc/r300c/r600r6008f:QsKc,TdTc|/3dQcAs/Ac/Jc:-1200,1200(-1200.000000)
176:BR,Player:0r100c/cc/r658r1716f:2sJs,5c7d|/3c5s8d/6d:-858,858(-858.000000)
177:Player,BR:0cr200c/cc/cr323f:8h9c,2d7s|/4d5sTd/6d:-300,300(-300.000000)
178:BR,Player:0r200c/cc/r3021f:TdQc,9dKc|/6sTsTh/7c:300,-300(300.000000)
179:Player,BR:0cr200c/r600c/cc/r900f:QsAd,4hQc|/9hKcAh/Qh/6s:900,-900(900.000000)
180:BR,Player:0r200c/cc/r18588f:8dTh,4cJs|/3c8s8h/8c:300,-300(300.000000)
181:Player,BR:0cr200c/r300c/r600f:QdKc,2c3h|/5cKhAd/Jc:600,-600(600.000000)
182:BR,Player:0r200c/cc/r212f:4d7s,7cKd|/3sTsQs/8h:300,-300(300.000000)
183:Player,BR:0cc/cc/r100r327c/cr493c:3sQh,ThQd|/4s8c9s/Qs/9h:-1020,1020(-657.837277)
184:BR,Player:0f:5cKh,3h9d|:50,-50(50.000000)
185:Player,BR:0cc/r100c/cr107c/cc:8cAs,2h3h|/4d4c9c/7h/Td:307,-307(306.999984)
186:BR,Player:0r200c/cr600c/r637c/cr1537f:2hKs,JsAc|/3d4cJd/7s/8h:-1537,1537(-1537.000000)
187:Player,BR:0cc/cc/cr124f:2sAh,4sQs|/5dQcKd/9d:-100,100(-100.000000)
188:BR,Player:0cc/cc/r124c/r120c:2d9s,3dKh|/6h6d9c/As/4h:344,-344(191.768473)
189:Player,BR:0cc/cc/cr188f:7c8h,2s3h|/6dJsKd/Th:-100,100(-100.000000)
190:BR,Player:0f:9cAc,2s7h|:50,-50(50.000000)
191:Player,BR:0cr200c/cc/cr323c/cr507c:7d8d,4sQc|/7sTcAh/Qs/Ad:-1130,1130(-627.776400)
192:BR,Player:0cc/cr100c/r123c/cr646f:4cKc,6s9d|/3c5hQd/7d/Qh:-323,323(-323.000000)
193:Player,BR:0cc/cc/cr100f:2s3c,ThAh|/7d9sJh/Tc:-100,100(-100.000000)
194:BR,Player:0r200c/cr300c/r18483f:2d6d,7cAc|/2s6c9c/6h:600,-600(600.000000)
195:Player,BR:0cc/r100c/cr498f:4d8d,4sQs|/7s9cTh/Ad:-200,200(-200.000000)
196:BR,Player:0cc/cr100c/r327f:4hKd,3cTs|/6h7sJd/5c:200,-200(200.000000)
197:Player,BR:0cc/cc/cr100c/cc:2d8c,3c7s|/4d8dTs/Ah/2c:200,-200(200.000000)
198:BR,Player:0r200c/cr600c/r317c/r1992c:8dJc,8s9d|/2d3hTd/9s/6h:-3209,3209(-3209.000000)
199:Player,BR:0cc/cc/cr100f:2h5d,4c6h|/3s8s9c/Jd:-100,100(-100.000000)
200:BR,Player:0cc/cr100c/r658f:8d9c,3hAh|/6d8s8c/5d:200,-200(200.000000)
201:Player,BR:0cr200c/cc/r300f:3c6c,5sKd|/7s9dAh/Qc:300,-300(300.000000)
202:BR,Player:0r200c/cc/r140c/cc:5h9s,5c8h|/4s8cAc/Js/6c:-440,440(-440.000000)
203:Player,BR:0cc/cc/cr188f:3s8h,3cKd|/4c6cQs/2h:-100,100(-100.000000)
204:BR,Player:0cc/cr200c/r140r880c/r175r2990f:5h8s,4cQs|/5s6hTc/2c/8c:-1495,1495(-1495.000000)
205:Player,BR:0cr200c/cc/r300f:4d5d,4c6d|/3s9sJs/Kc:300,-300(300.000000)
206:BR,Player:0r200c/cr600c/cc/cc:6sQh,5c8h|/6h9dJc/Td/Jd:900,-900(-154.333365)
207:Player,BR:0cc/cc/cc/cc:4hQd,3dAc|/7hTcKs/9h/5d:-100,100(3.749720)
208:BR,Player:0r200c/cr300c/r488c/cc:KdAc,7hAh|/2s7s7c/Ks/9s:-1088,1088(-652.203387)
209:Player,BR:0cc/cc/cr1761f:3c8h,3d6d|/7dJdAd/Kc:-100,100(-100.000000)
210:BR,Player:0f:JdJc,2s8c|:50,-50(50.000000)
211:Player,BR:0cc/cc/cc/r100c:4h9d,4c8d|/4d6s7c/As/7s:0,-0(43.927013)
212:BR,Player:0r200c/cc/cc/cc:6cJs,5hJh|/9d9cTc/Kd/8s:0,-0(-228.951820)
213:Player,BR:0cc/cc/r100r327f:3dQd,2dTs|/3c4c6d/Ah:-200,200(-200.000000)
214:BR,Player:0f:8cJs,2d9s|:50,-50(50.000000)
215:Player,BR:0cc/cc/r100r187f:3hQh,6cQs|/2d4s8h/3c:-200,200(-200.000000)
216:BR,Player:0r100c/cr400c/cr600r5224c/cr13576f:2s6c,6sKs|/3c5s7s/Ts/Kc:-6424,6424(-6424.000000)
217:Player,BR:0cr200c/cc/cc/cr185c:6cKc,4s6h|/TdQsQd/Jc/Js:485,-485(393.526317)
218:BR,Player:0f:5dKs,3h8s|:50,-50(50.000000)
219:Player,BR:0cr200c/r300c/r1200r1200f:5s6c,KdAh|/3cTsQd/7d:-1800,1800(-1800.000000)
220:BR,Player:0r200c/cr300c/cr1200r1200c/cr3000f:2d6d,ThJc|/8c9cJs/2h/7d:-3000,3000(-3000.000000)
221:Player,BR:0cr200c/r300c/cr139c/cc:TcAs,QsKs|/2s5s5d/4c/9d:739,-739(310.472541)
222:BR,Player:0r100c/cr400c/r5254c/r4142c:3d7s,JsJc|/2s7cTs/3h/Ac:9996,-9996(7388.568970)
223:Player,BR:0cc/r100c/r200r200c/cc:2hTc,3d6d|/2d2c3s/As/8h:600,-600(335.464083)
224:BR,Player:0r200c/cr300c/r854f:4hJd,KsAc|/2h5s6c/2d:600,-600(600.000000)
225:Player,BR:0cc/cc/cc/cr100f:3dTh,5dJc|/2c6hKc/2d/5h:-100,100(-100.000000)
226:BR,Player:0r200c/cc/r565c/cr1730f:5c8h,6dKs|/QhAhAd/4c/Th:-865,865(-865.000000)
227:Player,BR:0cr200c/r300c/r1200f:9cJd,7sAh|/2d8cQs/Kd:600,-600(600.000000)
228:BR,Player:0cc/cr200c/r100c/cc:9dAd,5s9c|/5cTsKc/Qs/6s:-400,400(-241.934429)
229:Player,BR:0cc/cc/cc/r200f:2s9h,3cAd|/5h6sTh/7s/6h:100,-100(100.000000)
230:BR,Player:0r200c/cc/r3474f:4h9s,JhJc|/2s5hQs/8d:300,-300(300.000000)
231:Player,BR:0cc/cc/cr100f:6cKd,3c7c|/2c7dQs/Th:-100,100(-100.000000)
232:BR,Player:0r200c/cc/r185c/cr970f:5cJd,QhKh|/7h8hJh/8c/6h:-485,485(-485.000000)
233:Player,BR:0cc/cc/cr108f:5cTc,6hAc|/2d6dQh/Ks:-100,100(-100.000000)
234:BR,Player:0r200c/cr300c/r425f:7sTd,5d9s|/2h8cAh/4c:600,-600(600.000000)
235:Player,BR:0cc/cc/r100r163c/cc:2s9c,7cQs|/3d4s7d/9d/3s:363,-363(-60.150752)
236:BR,Player:0r200c/cr300c/r488c/r109r1197c:5c9h,KsKc|/4h7c9c/8d/8s:-2394,2394(-1171.526701)
237:Player,BR:0cc/cc/cc/cr1007f:6hQc,3cAs|/4sTcKs/2d/5c:-100,100(-100.000000)
238:BR,Player:0r200c/cr600c/r100c/cc:4c7c,2cAh|/3c8dQh/4d/6h:1000,-1000(16.640388)
239:Player,BR:0cc/cc/cc/cc:6c8h,7hQs|/JhKsAd/4h/6d:100,-100(-8.696580)
240:BR,Player:0cc/cr100c/r123c/cc:3d4d,6hJc|/5s5c7c/7d/Ts:-323,323(-319.945380)
241:Player,BR:0cc/cc/cr164f:2hQc,JdAs|/4h4c5d/3c:-100,100(-100.000000)
242:BR,Player:0r200c/cc/r988f:9cTd,5s5h|/9hTsAs/4s:300,-300(300.000000)
243:Player,BR:0cc/cc/r100r215c/cc:5h9d,2c4s|/5s9sAh/Ad/8c:415,-415(415.000000)
244:BR,Player:0r200c/cc/cc/cc:3d4d,2h2c|/4hJcAd/8h/9s:300,-300(-15.190378)
245:Player,BR:0cr200c/r300c/cr2612f:JdKh,6s7h|/3d7sTc/6c:-600,600(-600.000000)
246:BR,Player:0cc/cc/cc/r164f:3d5d,7dAc|/4h9hKh/Ts/Jd:100,-100(100.000000)
247:Player,BR:0cr200c/r300c/cr561r2322f:5sQs,6cAh|/5dJdQc/8s:1161,-1161(1161.000000)
248:BR,Player:0cc/cr100c/r142c/cr342r846f:2d9s,4s8d|/3d6h8h/Kd/Kh:684,-684(684.000000)
249:Player,BR:0cr200c/cc/cc/cr121c:2h2c,ThAc|/4s5hKs/6c/9c:421,-421(112.465875)
250:BR,Player:0r200c/cc/cc/cr600f:6hKh,4dJh|/7s8sJc/7h/5s:-300,300(-300.000000)
251:Player,BR:0cc/cc/cc/cc:5sQh,TcQc|/6h9dKs/2s/Kc:-100,100(-4.273869)
252:BR,Player:0cc/cr100c/r1001f:4sTs,8s9h|/4cTdAc/5h:200,-200(200.000000)
253:Player,BR:0cr200c/r300c/cr646f:6c8c,9cJc|/2c7sJh/As:-600,600(-600.000000)
254:BR,Player:0r200c/cr300c/r1493f:2c5c,5d6s|/3s7cQc/9c:600,-600(600.000000)
255:Player,BR:0cr200c/cc/cr323r623r8250f:2dAd,5dQd|/4cQsAs/2h:-1246,1246(-1246.000000)
256:BR,Player:0f:TsQh,2d7h|:50,-50(50.000000)
257:Player,BR:0cr200c/r300c/cr854c/cr778c:6c7d,8hAd|/3d7h8c/Qh/2c:-2232,2232(-1211.625428)
258:BR,Player:0cc/cc/cr100c/cc:3hKd,4d9c|/5s6cJs/Jh/3c:200,-200(75.654428)
259:Player,BR:0cc/cc/cr108c/cr100f:5hAd,JsAc|/JdQdKc/4h/8d:-208,208(-208.000000)
260:BR,Player:0cc/cc/r142f:8hTd,2hTc|/4s5h7d/4d:100,-100(100.000000)
261:Player,BR:0cr200c/r600c/r1800f:4h8h,6c9h|/4sTsKh/5s:900,-900(900.000000)
262:BR,Player:0cc/cr100c/cc/cr400r488c:6s9c,4sAd|/8hJsAs/9d/Ks:-1088,1088(-1088.000000)
263:Player,BR:0cr200c/r300c/r1200c/cr180r18020f:TsKc,2d3d|/2cTcKd/6s/7h:1980,-1980(1980.000000)
264:BR,Player:0cc/cr200c/r140r440r823f:7cTc,6hQd|/5d6sKh/As:880,-880(880.000000)
265:Player,BR:0cc/cc/cr329f:2d4s,3sQs|/4h6hQc/8d:-100,100(-100.000000)
266:BR,Player:0cc/cc/cc/cr200f:6dTh,4s6s|/2c9cAc/Qd/3h:-100,100(-100.000000)
267:Player,BR:0cr200c/r300c/cr1129c/cr608c:6sAs,QhKh|/4s8cKd/Ah/Tc:2337,-2337(-962.357303)
268:BR,Player:0r200c/cc/r121c/r1386c:5d9h,AsAh|/8h9sJc/8d/9c:1807,-1807(1594.126199)
269:Player,BR:0cr200c/r300c/r1200r7836c/cr10364f:6c9c,9hTh|/3c8dQc/7h/6h:-9636,9636(-9636.000000)
270:BR,Player:0cc/cr200c/r121r421c/cc:KhAd,TcKd|/2c6dTd/2d/7s:-842,842(-355.871777)
271:Player,BR:0cc/cc/cr100f:2h4h,2s2d|/5c6cJc/5s:-100,100(-100.000000)
272:BR,Player:0f:7hQc,2h3s|:50,-50(50.000000)
273:Player,BR:0cc/cc/r200r212f:8hJs,TdKs|/5s7s7c/9c:-300,300(-300.000000)
274:BR,Player:0r200c/cc/r18588f:5c6c,5h8s|/5d7c9c/4c:300,-300(300.000000)
275:Player,BR:0cr200c/r300c/cr1493c/cc:7s9d,5hTh|/2s4d9c/2h/4c:2093,-2093(2093.000000)
276:BR,Player:0cc/cc/cc/cr100c:QcAs,4c9h|/3d6hKs/7s/5s:-200,200(-99.214543)
277:Player,BR:0cc/cc/cr108c/cc:7sAh,8h8c|/2dTsQs/3h/3s:-208,208(6.430090)
278:BR,Player:0r100c/cr200c/cc/cr800f:3hAh,7sJc|/4h5d6c/Qd/8d:-400,400(-400.000000)
279:Player,BR:0cc/cc/cr379f:6h9s,5hAs|/4sTcJc/Ah:-100,100(-100.000000)
280:BR,Player:0r200c/cc/cr600c/r137f:9sTh,8s9c|/7hQcAc/Jc/7s:900,-900(900.000000)
281:Player,BR:0cc/cc/r100c/cc:3s8h,3cKh|/2d4sAh/Qc/3d:-200,200(111.234906)
282:BR,Player:0cc/cc/cr100r1152f:JdAd,3hKh|/3s6s8c/Qd:200,-200(200.000000)
283:Player,BR:0cr19900c/cc/cc/cc:4cJd,2dQs|/3s8s8c/7c/3d:-20000,20000(12441.446704)
284:BR,Player:0r100c/cr200c/r2648f:6sKd,JsQc|/6h9sKc/5c:400,-400(400.000000)
285:Player,BR:0cc/cc/cr188c/cr100c:9dKs,6s8h|/7hKhAc/3h/8c:388,-388(-52.701483)
286:BR,Player:0cc/cc/r1158f:9dQh,3d5c|/8s9hQc/Ks:100,-100(100.000000)
287:Player,BR:0cr200c/r300c/r1200c/r1800r4455c:JsAd,8s9d|/6sKcAh/9c/8d:-8055,8055(-4413.929356)
288:BR,Player:0r200c/cr300c/cc/r121f:TdJc,7h8c|/2c4d4c/9h/3h:600,-600(600.000000)
289:Player,BR:0cr200c/r300c/r600r600c/cr479c:QsKh,TdAh|/3c8dQc/Ac/4d:-2279,2279(-1028.625861)
290:BR,Player:0cc/cc/r100c/cr400c:KsAc,5dJc|/2h3s3c/Td/8d:600,-600(-181.454918)
291:Player,BR:0cc/cc/r100c/cc:5c7d,7hAh|/3c4hQc/8s/9s:-200,200(97.188842)
292:BR,Player:0r200c/cr600c/cr1800f:9cKc,6dQd|/2h4dJd/6h:-900,900(-900.000000)
293:Player,BR:0cc/cc/cr100r400c/cr1299f:9hJd,2cAh|/7s7hKc/3h/6d:-600,600(-600.000000)
294:BR,Player:0r100c/cr200c/cr800c/cc:8s9s,5sAh|/KdAdAc/8d/6c:-1200,1200(371.354796)
295:Player,BR:0cr200c/cc/r300c/cc:7s8d,3dAs|/7c8sJh/Kh/3s:600,-600(293.495696)
296:BR,Player:0cc/cc/r142f:3s9c,4c6s|/8h9sQh/5c:100,-100(100.000000)
297:Player,BR:0cc/cc/r100r187c/r387f:3hAd,9cJs|/3d4s4c/5s/2d:387,-387(387.000000)
298:BR,Player:0cc/cc/cc/cc:4s8s,4c9s|/5dJcAs/4d/6h:-100,100(40.546238)
299:Player,BR:0cc/cc/cr100f:3c6s,3d5s|/2s7cAh/8c:-100,100(-100.000000)
300:BR,Player:0r200c/cc/r323c/r166c:8s8h,TsAs|/3d7c9c/Th/8d:789,-789(497.518320)
301:Player,BR:0cr200c/r300c/r600r7945f:ThQs,3cTd|/5cJdQd/9s:-1200,1200(-1200.000000)
302:BR,Player:0r200c/cr300c/r854f:TsKc,8sAc|/8c9hKs/Js:600,-600(600.000000)
303:Player,BR:0cr200c/r300c/cr1493c/cr17907c:3h6h,7hAh|/2d5dKh/Qh/4h:-20000,20000(-20000.000000)
304:BR,Player:0r100c/cc/r1324f:5sKc,7sJh|/3c6dQs/9d:200,-200(200.000000)
305:Player,BR:0cc/cc/r100c/cr376c:5hTd,6sKc|/3d9sTc/5s/8h:576,-576(576.000000)
306:BR,Player:0cc/cr100c/r433c/r294c:AsAc,6h7c|/4h7hQd/Jh/Kc:927,-927(429.152459)
307:Player,BR:0cr200c/cc/r300r561f:4cKc,9sTd|/5d8h8c/Jh:-600,600(-600.000000)
308:BR,Player:0cc/cc/r329f:4d7c,4c9s|/4s5c6d/Ah:100,-100(100.000000)
309:Player,BR:0cc/cc/cr164f:7cQd,8cTs|/2s4sAd/6s:-100,100(-100.000000)
310:BR,Player:0f:3d3c,2d9s|:50,-50(50.000000)
311:Player,BR:0cc/cc/r200c/r1200f:5sJc,6hKd|/2d7h8s/2c/4d:300,-300(300.000000)
312:BR,Player:0cc/cc/cr100c/cc:6cAd,ThJc|/3h8d9d/2h/2c:200,-200(-37.976193)
313:Player,BR:0cr100c/cc/cc/r200f:4dAd,3h5s|/8s9h9c/9d/Td:200,-200(200.000000)
314:BR,Player:0f:3d5d,2c4s|:50,-50(50.000000)
315:Player,BR:0cc/cc/cc/cc:2hAd,TcQs|/5c6sKh/9s/7c:100,-100(38.051183)
316:BR,Player:0r100c/cr200c/r1317c/r525r8968f:3h4d,QsQh|/2s4hTs/3c/Ks:-2242,2242(-2242.000000)
317:Player,BR:0cr200c/cc/cr565c/cc:8sKc,ThJs|/4s7d8h/7s/4d:865,-865(863.788613)
318:BR,Player:0r100c/cc/r123c/r100c:7dJd,ThTd|/3c7sQc/8s/5d:-423,423(152.120320)
319:Player,BR:0cc/cc/cc/cc:2d7c,3hJd|/3s6sKd/4s/8s:-100,100(27.176965)
320:BR,Player:0cc/cc/r19900f:9cTc,3s3h|/4sQsKd/Jh:100,-100(100.000000)
321:Player,BR:0cc/cc/cr286c/cr136c:3hQh,5hJd|/3c8c9s/Js/Kc:-522,522(-378.054526)
322:BR,Player:0cc/cc/cr200c/cr600f:3cKd,6d7s|/8cJcAs/9c/Ad:-300,300(-300.000000)
323:Player,BR:0cc/cc/cc/cc:ThJd,5sJs|/4dQhKs/Qc/Qs:0,-0(-42.734226)
324:BR,Player:0r100c/cc/cc/cc:4hAc,3hAd|/2h9dTs/Jh/5s:0,-0(-72.823016)
325:Player,BR:0cc/cc/r100r871f:3h8c,4s8s|/2s4hKc/4c:-200,200(-200.000000)
326:BR,Player:0r100c/cc/cc/r123c:3h6s,9hQc|/2dKhKd/8s/6c:323,-323(218.431185)
327:Player,BR:0cc/cc/r100r433f:6cTh,QhAc|/5dJcAd/Td:-200,200(-200.000000)
328:BR,Player:0r100c/cr200c/r100r500c/cc:3s8c,8d9s|/JhAsAc/3d/Td:1000,-1000(-138.071557)
329:Player,BR:0cc/cc/r100r248f:4hTh,2hQs|/5s8s9h/Js:-200,200(-200.000000)
330:BR,Player:0r100c/cr400c/r743f:4dAh,6c7s|/3s8hAs/Td:600,-600(600.000000)
331:Player,BR:0cc/cc/r100r285f:3h5s,JhQs|/4c6cJd/9c:-200,200(-200.000000)
332:BR,Player:0r100c/cc/cr200c/cc:5cAs,6d8c|/7h7cKh/Jc/Kd:400,-400(33.177211)
333:Player,BR:0cc/cc/cc/cc:3cJc,3dQh|/2h9sKs/4h/4d:-100,100(10.959089)
334:BR,Player:0f:3h8s,2h7s|:50,-50(50.000000)
335:Player,BR:0cr200c/r300c/cc/cc:7s7d,4dQc|/4h6dAc/Jd/5c:600,-600(144.448187)
336:BR,Player:0cc/cc/cc/cr200f:6cTd,4h8c|/3cQsAs/5h/2s:-100,100(-100.000000)
337:Player,BR:0cc/cc/r100r327c/cr4013f:7d9h,4d8d|/5s5d7s/3d/6h:-527,527(-527.000000)
338:BR,Player:0r100c/cc/r498c/cr1396f:TcJc,3h5s|/4s8h9h/6d/Kd:-698,698(-698.000000)
339:Player,BR:0cr200c/r300c/cc/cr1718c:2d5d,9dAc|/4d5hQc/Kh/Jc:2318,-2318(2181.891101)
340:BR,Player:0r200c/cr300c/r19400c/cc:2h3d,5sAc|/4s5cAs/Jh/Kd:20000,-20000(18948.611523)
341:Player,BR:0cr200c/r300c/r1200f:6h9h,2h4c|/6cTdKs/Qc:600,-600(600.000000)
342:BR,Player:0r200c/cc/r100c/cr800f:2h9d,JsQh|/2cQdAd/5d/Jc:-400,400(-400.000000)
343:Player,BR:0cr200c/r300c/cr1718f:3s3h,2cQd|/4cTcJs/9s:-600,600(-600.000000)
344:BR,Player:0r200c/cr600c/cc/cr3600f:3dQs,KdAs|/8hTsKh/8s/Kc:-900,900(-900.000000)
345:Player,BR:0cc/cc/cr100f:3hJc,4cAs|/2h6sQh/Qc:-100,100(-100.000000)
346:BR,Player:0cc/cc/r164r528c/r211r4012f:9sJs,4s7s|/4d6hKd/9h/Ks:-1003,1003(-1003.000000)
347:Player,BR:0cr200c/cc/cr121c/cr112c:JcQc,2d3c|/3s6hAs/7d/8d:-533,533(-149.796091)
348:BR,Player:0r200c/cc/cc/r140c:9cQh,6cQc|/7s7cKd/Kc/Qd:440,-440(342.286382)
349:Player,BR:0cc/cc/r100c/r400r2271f:3cQd,9sAd|/4s5h6s/4h/2s:-600,600(-600.000000)
350:BR,Player:0cc/cc/cc/cc:4sJd,9dTh|/2cQhAs/Qc/6c:100,-100(-2.377266)
351:Player,BR:0cr200c/r300c/cr488f:6c8c,JsQs|/2hQhAc/5s:-600,600(-600.000000)
352:BR,Player:0r100c/cc/r248f:3cJd,6dQh|/5s5hJs/4d:200,-200(200.000000)
353:Player,BR:0cc/cc/r200c/r300r854c:7sJc,4h8s|/3s5hJd/8h/5c:1454,-1454(1453.999966)
354:BR,Player:0r100c/cc/cr200r2003f:TdKc,QhAd|/2c7d8s/8h:400,-400(400.000000)
355:Player,BR:0cr200c/r300c/cr19400f:JcAc,8c9h|/5d6c7h/3d:-600,600(-600.000000)
356:BR,Player:0r100c/cr200c/r569c/r100c:9dQd,7dKh|/9sQcKc/5c/Td:1069,-1069(379.370626)
357:Player,BR:0cc/cc/cr188f:4c9c,3h7s|/ThTcQd/5s:-100,100(-100.000000)
358:BR,Player:0r100c/cc/r19800c/cc:8sJd,8cQs|/6s7c9h/Ts/2c:20000,-20000(17624.323006)
359:Player,BR:0cc/cc/cc/cc:7cAs,8cKc|/4c6hJh/3d/Td:100,-100(54.157372)
360:BR,Player:0r200c/cr300c/cc/cr2400f:QcAs,8dTd|/4h6c9s/7h/Jd:-600,600(-600.000000)
361:Player,BR:0cc/cc/cc/cr100c:3sKh,TcKc|/5hJcAh/8d/Ad:-200,200(-45.516220)
362:BR,Player:0cc/cc/cr100f:3s5h,8hTs|/4s9dJh/Qc:-100,100(-100.000000)
363:Player,BR:0cc/cc/cr100f:8cQh,5dQs|/3d4d9d/9h:-100,100(-100.000000)
364:BR,Player:0f:5dAh,3d7c|:50,-50(50.000000)
365:Player,BR:0cr200c/r300c/r600f:QcKh,5d6s|/JsQsKs/2c:600,-600(600.000000)
366:BR,Player:0r200c/cr300c/cr600c/cc:ThAd,5c7h|/2c4s9c/6d/7d:-1200,1200(-719.727046)
367:Player,BR:0cr200c/r300c/cr1299c/cc:AhAd,5c8s|/4hQsQc/2c/4d:1899,-1899(1891.774834)
368:BR,Player:0r100c/cr200c/r214c/cc:5h6s,8cAc|/7h7cQc/3h/2h:-614,614(-614.000000)
369:Player,BR:0cc/cc/cr435f:2h7d,8cQh|/5c9cTh/7s:-100,100(-100.000000)
370:BR,Player:0r100c/cr200c/r106c/cr1012f:2h4s,6c8c|/2dJdJc/Tc/Kh:-506,506(-506.000000)
371:Player,BR:0cc/cc/r200r9241f:2c6c,4dTc|/9sJcQh/Kc:-300,300(-300.000000)
372:BR,Player:0r200c/cr300c/r243r843r843c/cr5058f:3s7s,8d9d|/2s2dKh/Kd/3c:-2529,2529(-2529.000000)
373:Player,BR:0cc/cc/cr188f:3d4h,3s6c|/5c8dTd/Qd:-100,100(-100.000000)
374:BR,Player:0r200c/cr300c/r743c/cc:4h6d,QsKs|/3h3d9s/3c/9h:0,-0(-70.657656)
375:Player,BR:0cc/cc/cc/cc:4cKs,4hKc|/3c5hAc/Js/Jd:0,-0(-24.021654)
376:BR,Player:0cc/cr200c/r100f:TsQh,5c7h|/4s9dJs/4d:300,-300(300.000000)
377:Player,BR:0cc/cc/r100r123c/r323f:2s3c,5cKc|/3d9hKd/9d/3h:323,-323(323.000000)
378:BR,Player:0r200c/cr300c/r184f:3dTc,7cKd|/2s3h5c/2c:600,-600(600.000000)
379:Player,BR:0cc/cc/cc/r100f:5sQc,8sTc|/6hKhAs/2s/5c:100,-100(100.000000)
380:BR,Player:0r200c/cr300c/r561c/r203c:3s7c,3d4c|/2s6dKs/5s/Qs:1364,-1364(468.235286)
381:Player,BR:0cr200c/r300c/r1200c/cr180r18020f:6hQh,9hKs|/2h3h5s/Td/Ts:1980,-1980(1980.000000)
382:BR,Player:0cc/cc/r100r200r3503f:4s5d,2s8s|/4h8dAs/7c:400,-400(400.000000)
383:Player,BR:0cc/cc/cr100c/cc:2s4h,5dQd|/2cAhAd/Ks/8d:200,-200(5.258822)
384:BR,Player:0cc/cr200c/r212r512f:3s3d,8d8c|/5d6h7s/9s:-512,512(-512.000000)
385:Player,BR:0cr200c/cc/r300c/cc:9dKd,KhAh|/4c5s8h/6c/6s:-600,600(41.631719)
386:BR,Player:0r200c/cc/r244r544c/cc:2cAd,6cTs|/2d7h7d/Th/8h:-1088,1088(-452.747783)
387:Player,BR:0cc/cc/cr286f:6s8d,3cQs|/4c5cAh/Jh:-100,100(-100.000000)
388:BR,Player:0f:6h7h,3h8d|:50,-50(50.000000)
389:Player,BR:0cc/cc/cr662f:2cTs,QcKs|/5dThKd/4s:-100,100(-100.000000)
390:BR,Player:0r200c/cr300c/r561f:TdJd,8sJh|/2d3h5s/Qd:600,-600(600.000000)
391:Player,BR:0cr200c/cc/cr988f:8cAs,6dKh|/3d5dQc/Jd:-300,300(-300.000000)
392:BR,Player:0r100c/cr200c/cc/cr800f:8dAh,JhAd|/3h7dTd/6s/Js:-400,400(-400.000000)
393:Player,BR:0cc/cc/cr216c/cr296c:8hJs,6sKc|/8cQdQc/Kh/9h:-612,612(-353.716669)
394:BR,Player:0r200c/cc/r1986f:5c7c,6h7s|/2hQcAc/6c:300,-300(300.000000)
395:Player,BR:0cc/cc/r100c/cr163c:2h5d,8hAs|/2dTcQs/Ts/6d:363,-363(350.749521)
396:BR,Player:0r100c/cc/r376c/r268c:JsJh,7sKc|/9dTcKh/5c/5d:-844,844(372.137923)
397:Player,BR:0cc/cc/cr286f:2cJd,4hQs|/3h7sQc/Td:-100,100(-100.000000)
398:BR,Player:0cc/cr100c/r142f:6c9d,4hTs|/3h8d9h/3c:200,-200(200.000000)
399:Player,BR:0cc/cc/cr9423f:2s4h,3dJd|/5hThKd/9d:-100,100(-100.000000)
400:BR,Player:0r100c/cc/r123c/cc:6h7c,3s3h|/2h7sKc/8c/Ac:323,-323(-77.455299)
401:Player,BR:0cc/cc/cr249f:3dJd,6hJs|/8sTcQc/Qs:-100,100(-100.000000)
402:BR,Player:0cc/cc/r100c/cc:ThAc,5hTd|/4hQsKs/Ts/7s:200,-200(-91.952177)
403:Player,BR:0cr200c/r300c/cr321f:JsAh,6h8d|/4h4d8s/9h:-600,600(-600.000000)
404:BR,Player:0cc/cc/cr100r100c/cc:5c9h,4dJc|/2s2h4s/Kc/Js:-300,300(-298.939370)
405:Player,BR:0cc/cc/cc/r100r498f:9hJs,3sAc|/4c7sQd/Th/9d:-200,200(-200.000000)
406:BR,Player:0r100c/cc/cc/cr200c:8sAc,7cAh|/4c7dJd/2d/6c:-400,400(-191.063281)
407:Player,BR:0cc/r100c/cr285f:3hJc,8cQc|/2c4h4c/Qh:-200,200(-200.000000)
408:BR,Player:0cc/cc/cr100f:3s5s,4s9h|/8h8dQh/4c:-100,100(-100.000000)
409:Player,BR:0cc/cc/cr188c/cr234c:8cKh,6cTh|/5h9sTs/5c/3h:-522,522(-322.486200)
410:BR,Player:0r200c/cr300c/r1718f:3d4d,7s9s|/3s7dKd/Td:600,-600(600.000000)
411:Player,BR:0cr200c/r300c/cr7991f:JdAs,6hQd|/2h3s9s/5d:-600,600(-600.000000)
412:BR,Player:0r100c/cc/r19800f:4s7s,5cQh|/5h6sKs/3h:200,-200(200.000000)
413:Player,BR:0cc/cc/cr100f:4d9s,3d3c|/2h7sTd/Kd:-100,100(-100.000000)
414:BR,Player:0r200c/cr300c/cr600c/cr2400f:QdKs,5c6s|/2c3hJc/6d/4s:-1200,1200(-1200.000000)
415:Player,BR:0cc/cc/r100r100c/cc:3c9d,3sKd|/2d7sTh/3h/7h:-300,300(-49.429716)
416:BR,Player:0r200c/cc/r121c/r1048c:5s6d,2sAc|/9cTsAs/7h/3d:-1469,1469(-1469.000000)
417:Player,BR:0cc/cc/cc/r100r285f:3d5s,6h8c|/TsJhQs/Ac/2d:-200,200(-200.000000)
418:BR,Player:0cc/cr200c/r185f:5d9d,2dTs|/4h5s6d/Ah:300,-300(300.000000)
419:Player,BR:0cc/cc/cc/r100r107f:5dQh,3s4h|/TcQdKh/3c/9c:-200,200(-200.000000)
420:BR,Player:0cc/cr100c/r100r600r842c/cc:6c7h,3dKs|/4d8dKd/7s/Kh:-1742,1742(-526.005981)
421:Player,BR:0cc/cc/cr576c/cr18108c:6hQd,5s7c|/6s8hKc/Qs/4d:-18784,18784(-18784.000000)
422:BR,Player:0r200c/cr300c/r369r1938f:4c9c,5d6d|/7d8dTh/2h:-969,969(-969.000000)
423:Player,BR:0cc/r100c/r200r655f:5dTd,JcKh|/3h4sKd/Ts:-400,400(-400.000000)
424:BR,Player:0r200c/cc/cr600c/cc:4dKh,2d5d|/3s8cQd/As/5c:-900,900(-607.975697)
425:Player,BR:0cr200c/cc/cc/cr244f:3hAh,7sKc|/7d8d9c/Tc/7c:-300,300(-300.000000)
426:BR,Player:0r200c/cc/cr600f:4hTs,9cJh|/2d9sQc/7s:-300,300(-300.000000)
427:Player,BR:0cc/cc/cc/cr142f:7cQd,3sKh|/2s9sJd/Jh/3d:-100,100(-100.000000)
428:BR,Player:0f:7dQd,3d8h|:50,-50(50.000000)
429:Player,BR:0cc/cc/r100r187c/cr479c:5cJs,5d9h|/8sThJc/2d/9c:866,-866(853.264422)
430:BR,Player:0f:9hKh,2h3c|:50,-50(50.000000)
431:Player,BR:0cc/cc/cr249c/cr869f:7dQs,8sQd|/3s6sKs/8c/Qh:-349,349(-349.000000)
432:BR,Player:0f:5c8s,2c4d|:50,-50(50.000000)
433:Player,BR:0cr200c/r300c/cc/r600r1485r17315f:JsKd,4dKc|/2h3s8s/Qh/5s:2685,-2685(2685.000000)
434:BR,Player:0r100c/cr200c/r246f:4sTd,3cAs|/2h8cTh/8h:400,-400(400.000000)
435:Player,BR:0cr200c/r300c/r1200r1200r3000c/cr14000f:6c8c,QcAh|/KhKcAd/2c/Ac:-6000,6000(-6000.000000)
436:BR,Player:0r100c/cc/r100c/cc:4sJs,7hAc|/5s9hQc/8c/Qs:-300,300(-300.000000)
437:Player,BR:0cc/cc/cr108c/cc:5hJd,7s8h|/3h6hJc/3d/9s:208,-208(208.000000)
438:BR,Player:0r200c/cr300c/r279f:3cQs,9sQd|/6s7dAc/As:600,-600(600.000000)
439:Player,BR:0cr200c/r300c/cr561c/cr1086c:9h9c,7cQd|/5dThTd/8s/Qh:-2247,2247(-1398.714375)
440:BR,Player:0r200c/cc/cc/cr600r600f:2dQh,JsJc|/3s9hKd/8c/6d:900,-900(900.000000)
441:Player,BR:0cr200c/cc/cr323r623f:4h7h,9cJs|/2d3c5c/6h:623,-623(623.000000)
442:BR,Player:0r200c/cr300c/r321f:8h9h,9dJh|/6dAsAh/2s:600,-600(600.000000)
443:Player,BR:0cc/cc/cc/cc:6dAc,2d3s|/3h8hAh/Th/Ad:100,-100(34.724991)
444:BR,Player:0r200c/cc/cr600f:3hJs,7c8d|/2d5h9c/Kc:-300,300(-300.000000)
445:Player,BR:0cr200c/cc/r300f:7dKh,4cTs|/7s8sKc/5c:300,-300(300.000000)
446:BR,Player:0r100c/cr200c/r122r1044f:2d3d,8h8d|/8cTdQs/5s:-522,522(-522.000000)
447:Player,BR:0cc/cc/cr100c/cc:2h4h,2sKc|/2c6sTh/Js/3h:-200,200(46.189752)
448:BR,Player:0cc/cc/cr200c/cr600r1948r5696f:2hJc,6sKs|/2s5s9s/Qh/Th:-2848,2848(-2848.000000)
449:Player,BR:0cr200c/r300c/r1200c/cc:6d8d,QsAh|/5s6cTs/9d/3c:1800,-1800(64.981698)
450:BR,Player:0cc/cr200c/r1136f:5dQd,3dTh|/2d6d7s/3c:300,-300(300.000000)
451:Player,BR:0cc/cc/cr216c/cc:5dKh,6sTs|/5s8hKc/2d/3h:316,-316(316.000000)
452:BR,Player:0r200c/cr300c/r1129f:KhKc,4h6s|/3hTsTc/9d:600,-600(600.000000)
453:Player,BR:0cc/cc/cr100f:2c3d,5c9h|/5d6cAd/Qs:-100,100(-100.000000)
454:BR,Player:0r200c/cr300c/r561f:3dTc,4c7s|/2c8sTd/9c:600,-600(600.000000)
455:Player,BR:0cc/cc/r200f:7hQs,5hJh|/8dThQd/3s:100,-100(100.000000)
456:BR,Player:0r200c/cc/cc/cc:4h8s,6h8d|/TcJdKs/Ah/3d:0,-0(-190.777718)
457:Player,BR:0cr200c/r300c/cr1718f:TsAc,TdAs|/8dJsJd/Ks:-600,600(-600.000000)
458:BR,Player:0r100c/cr200c/r495r1790f:5d8h,5hQd|/7dThKd/3d:-895,895(-895.000000)
459:Player,BR:0cr200c/cc/cr281f:9hKh,5hTs|/5c8d8c/2c:-300,300(-300.000000)
460:BR,Player:0r200c/cc/r18588f:6sKs,5d5c|/8cQcKd/6d:300,-300(300.000000)
461:Player,BR:0cr200c/r300c/cr1299c/cc:5cQc,2d3s|/5hQsAs/8s/8d:1899,-1899(1899.000000)
462:BR,Player:0cc/cc/r435f:9cTd,5hKd|/2c8d9h/6c:100,-100(100.000000)
463:Player,BR:0cc/cc/cr19900c/cc:8c9d,KhAd|/TsJsQc/7c/Qh:-20000,20000(-11071.873851)
464:BR,Player:0r200c/cc/r185c/cc:4s8d,ThKc|/5dAhAd/Kh/5c:-485,485(-250.275880)
465:Player,BR:0cc/cc/r100r327r527f:4d9d,7h9s|/2d5c6h/5d:527,-527(527.000000)
466:BR,Player:0cc/cc/r662f:9dKd,3s7c|/6dTcJh/Jd:100,-100(100.000000)
467:Player,BR:0cr200c/cc/cr19700f:9hTs,QcAc|/5hQdAd/4s:-300,300(-300.000000)
468:BR,Player:0r200c/cr600c/cc/r1694c:7dQd,5h8h|/3c4cTh/8s/6s:-2594,2594(-2594.000000)
469:Player,BR:0cc/cc/cr1332f:3d9s,JcAh|/2cJdAc/5d:-100,100(-100.000000)
470:BR,Player:0r200c/cc/r323r623c/cr2492f:4sJc,6hJh|/7s7hJd/9h/Th:-1246,1246(-1246.000000)
471:Player,BR:0cr200c/cc/r300c/cr854f:4h5d,2cAh|/8dKhKd/Ks/Kc:-600,600(-600.000000)
472:BR,Player:0r200c/cc/cr600f:5hTc,9cQc|/4cQsKc/6s:-300,300(-300.000000)
473:Player,BR:0cr200c/r300c/r1200f:JcQh,4s6s|/ThAsAh/8c:600,-600(600.000000)
474:BR,Player:0r200c/cr300c/r243f:9h9d,8dQs|/7s7hTs/2h:600,-600(600.000000)
475:Player,BR:0cc/cc/cr142f:3cJs,3hJh|/4h7cTd/4c:-100,100(-100.000000)
476:BR,Player:0cc/cc/cc/cc:4cJs,6h7s|/6d8sQs/Qd/Th:-100,100(-68.885048)
477:Player,BR:0cc/cc/cr100c/cc:2h4d,5d8h|/4c5hAs/Jc/2c:200,-200(16.537693)
478:BR,Player:0r200c/cr300c/r488r1088c/cc:4cKc,5cJs|/6s6d7s/3h/7d:2176,-2176(-147.781129)
479:Player,BR:0cr200c/r300c/cr100c/cr1318f:4cAc,8hQh|/2hJcKc/2s/3d:-700,700(-700.000000)
480:BR,Player:0r100c/cc/cr200c/cc:3dQc,8s9d|/6c8dJs/6d/9c:-400,400(-189.660305)
481:Player,BR:0cc/cc/cr100f:3d9s,QsQh|/6h8cAc/Kh:-100,100(-100.000000)
482:BR,Player:0r100c/cr200c/cc/cr800f:7cJd,2cAc|/2dTsAh/5d/5c:-400,400(-400.000000)
483:Player,BR:0cc/cc/r100c/r400r1129f:6dQd,7hKd|/3d8dQc/5s/2h:-600,600(-600.000000)
484:BR,Player:0r100c/cc/cc/cr400r1975f:4h8s,8dKh|/7s9dTd/Ad/4s:600,-600(600.000000)
485:Player,BR:0cr200c/r300c/cc/r600f:8dKc,3h8h|/4sKsKd/9c/9d:600,-600(600.000000)
486:BR,Player:0r200c/cc/cc/cc:JdQd,TdAh|/2c4h5h/Kc/8s:-300,300(-240.652095)
487:Player,BR:0cr200c/r300c/r600r1291c/cr17509f:8sQh,3hTd|/2d8dKh/Qd/9h:-2491,2491(-2491.000000)
488:BR,Player:0r200c/cc/r212c/cc:4c7h,8dQs|/6sQcAc/2c/9h:-512,512(-512.000000)
489:Player,BR:0cc/cc/cr761f:3dAs,5sTd|/8dThKc/Tc:-100,100(-100.000000)
490:BR,Player:0r200c/cr300c/r100r700f:5d6c,2h3h|/9cTsKh/Ah:-700,700(-700.000000)
491:Player,BR:0cr200c/r300c/r600r1123c/cr940c:6hTh,7dJs|/2h4sJc/Ts/5d:-3263,3263(-1454.481870)
492:BR,Player:0r200c/cc/r427f:8cJs,7sTs|/5c6cAc/Qd:300,-300(300.000000)
493:Player,BR:0cc/cc/r200c/r1200f:2s9c,JsKh|/5s5c9d/9h/4s:300,-300(300.000000)
494:BR,Player:0cc/cr200c/cc/cc:2h5c,4s4d|/2s3c9d/7s/Jh:-300,300(-31.110110)
495:Player,BR:0cr200c/cc/cr140c/cr2533c:QsAc,2sKc|/4c6cAd/2d/2c:-2973,2973(-2500.182361)
496:BR,Player:0cc/cc/cc/cc:6cJs,4h9s|/8hQhAc/5c/4c:-100,100(-50.974123)
497:Player,BR:0cr200c/r300c/r600r5224f:3s5s,9s9c|/6s8cTs/7d:-1200,1200(-1200.000000)
498:BR,Player:0f:6cQd,2d3h|:50,-50(50.000000)
499:Player,BR:0cc/cc/cr100c/cc:2cQd,8hQs|/3hAsAc/7d/2s:200,-200(76.066559)
500:BR,Player:0cc/cc/r286c/r156c:JcKh,2hQd|/9dJdQh/5c/6h:-542,542(204.348588)
RAW BR STATS: n=500, sum=101117.000000, sum_sq=4413208813.000000, vr_sum=45779.001049, vr_sum_sq=2649020777.601703
BR STATS: 202.234000(259.809353), 91.558002(201.597385)
RESULTS
1)Player: -101117
2)BR: 101117
