In config file: GAME_DEF=game_def.fullholdem
In config file: ACTIONS_R0=C
In config file: ACTIONS_R1=C
In config file: ACTIONS_R2=F,C,0.05,0.0575,0.066125,0.07604375,0.087450313,0.100567859,0.115653038,0.133000994,0.152951143,0.175893815,0.202277887,0.23261957,0.267512505,0.307639381,0.353785288,0.406853081,0.467881044,0.5380632,0.61877268,0.711588582,0.81832687,0.9410759,1.082237285,1.244572878,1.43125881,1.645947631,1.892839776,2.176765742,2.503280603,2.878772694,3.310588598,3.807176888,4.378253421,5.034991434,5.790240149,6.658776171,7.657592597,8.806231486,10.12716621,11.64624114,13.39317731,15.40215391,17.71247699,20.36934854,23.42475083,26.93846345,30.97923297,35.62611791,40.9700356,47.11554094,54.18287208,62.31030289,71.65684832,82.40537557,94.76618191,A
In config file: ACTIONS_R3=F,C,0.05,0.0575,0.066125,0.07604375,0.087450313,0.100567859,0.115653038,0.133000994,0.152951143,0.175893815,0.202277887,0.23261957,0.267512505,0.307639381,0.353785288,0.406853081,0.467881044,0.5380632,0.61877268,0.711588582,0.81832687,0.9410759,1.082237285,1.244572878,1.43125881,1.645947631,1.892839776,2.176765742,2.503280603,2.878772694,3.310588598,3.807176888,4.378253421,5.034991434,5.790240149,6.658776171,7.657592597,8.806231486,10.12716621,11.64624114,13.39317731,15.40215391,17.71247699,20.36934854,23.42475083,26.93846345,30.97923297,35.62611791,40.9700356,47.11554094,54.18287208,62.31030289,71.65684832,82.40537557,94.76618191,A
Using seed 4.
1:Player,BR:0cc/cc/r100r498f:5dTc,JcAs|/2s9sAc/3d:-200,200(-200.000000)
2:BR,Player:0cc/cr100c/cr200f:3c7s,TdJs|/QdKsAc/Th:-200,200(-200.000000)
3:Player,BR:0cr200c/cc/r300r1129f:9sQh,7cJh|/3h4h5c/Ah:-600,600(-600.000000)
4:BR,Player:0r100c/cc/r871c/cr2142f:8dTh,8hQs|/7c9dQd/Qc/Ah:-1071,1071(-1071.000000)
5:Player,BR:0cc/cc/r100f:3d5h,3hTh|/2h7d8s/4s:100,-100(100.000000)
6:BR,Player:0r200c/cc/cr300c/cc:4hAc,5hTh|/7c9s9d/Js/2c:600,-600(-42.604021)
7:Player,BR:0cr200c/cc/r300r1299f:9hTs,JcQs|/8hJsJh/6h:-600,600(-600.000000)
8:BR,Player:0f:4d7c,3d8h|:50,-50(50.000000)
9:Player,BR:0cc/cc/cr100c/cr100c:3dJh,8cJs|/9s9cKd/Jc/2d:0,-0(-81.341221)
10:BR,Player:0r200c/cc/cr300r6948f:4hKs,2cKd|/8c9hTs/Qd:600,-600(600.000000)
11:Player,BR:0cc/cc/r200r281c/r581c:2dTd,3h6s|/8d8cJd/6c/6d:-1162,1162(160.490128)
12:BR,Player:0cc/cc/r164f:3cTs,4c6h|/3hTcQs/Qc:100,-100(100.000000)
13:Player,BR:0cc/cc/cr6196f:2d8d,4sKh|/5h8c9h/6h:-100,100(-100.000000)
14:BR,Player:0r100c/cr400c/r425c/r1459r4968f:2c5h,4hAh|/JhQcKh/6d/7h:-2484,2484(-2484.000000)
15:Player,BR:0cr200c/r300c/cr184r784c/r3136f:5hKh,KdAc|/3h4sJd/7h/9h:1568,-1568(1568.000000)
16:BR,Player:0r100c/cc/cc/cc:3hKc,5dJs|/5c6hTh/Qd/2h:-200,200(-199.655016)
17:Player,BR:0cc/cc/cr142f:2h3c,8s8c|/3s5c6c/As:-100,100(-100.000000)
18:BR,Player:0r100c/cr200c/cc/cr800f:7sQd,TcAh|/9sKcAd/3h/2h:-400,400(-400.000000)
19:Player,BR:0cr200c/cc/cc/r300r1975f:9dQd,3h5d|/6cQhAc/8s/5s:-600,600(-600.000000)
20:BR,Player:0cc/cc/cc/cc:JcKh,5c9s|/8s9dAd/Qd/7s:-100,100(12.790611)
21:Player,BR:0cc/cc/cc/cc:4sKh,9hKs|/3dJhQd/2s/7d:-100,100(39.779596)
22:BR,Player:0r100c/cc/r123c/cc:5cAc,7sKs|/8s8cTh/8h/Qd:323,-323(93.872133)
23:Player,BR:0cc/cc/cr379f:3dQh,4s7d|/4d6h8h/9c:-100,100(-100.000000)
24:BR,Player:0r100c/cc/r100c/cc:6hJh,4cAd|/3c6dKc/8c/3h:300,-300(8.514387)
25:Player,BR:0cr200c/cc/cc/cr565r865f:QdKd,6dJd|/2s2c9h/8h/Ks:865,-865(865.000000)
26:BR,Player:0cc/cc/r124c/r19776f:3d5s,2cQd|/2h6cAs/Th/4d:224,-224(224.000000)
27:Player,BR:0cr200c/r300c/cc/cc:TcQs,4cKd|/5hThJs/5s/6s:600,-600(418.705973)
28:BR,Player:0r100c/cr400c/r982f:7c9s,3sTs|/3c8d9c/2h:600,-600(600.000000)
29:Player,BR:0cr200c/r300c/cc/cr139c:6c8d,4d8s|/3s8hJd/Qd/5h:739,-739(-248.256501)
30:BR,Player:0r100c/cc/r1523f:7h8d,8s9h|/4d9cKc/6h:200,-200(200.000000)
31:Player,BR:0cc/cc/r200r565f:2cAs,7h7c|/3s3d6d/3h:-300,300(-300.000000)
32:BR,Player:0r100c/cc/cc/cr400f:3dTc,7s9c|/7hQsKs/5d/Qh:-200,200(-200.000000)
33:Player,BR:0cc/cc/cc/cr188f:6hAs,9dKc|/5s8dTs/3h/9h:-100,100(-100.000000)
34:BR,Player:0r200c/cr300c/cc/cc:5sQs,3sKc|/4s4d6h/9h/Th:-600,600(-522.745136)
35:Player,BR:0cr200c/r300c/cr561f:TcJc,KhKc|/5s6dQs/As:-600,600(-600.000000)
36:BR,Player:0r200c/cr300c/cc/cc:5hAh,3cQh|/4sKhKc/8s/7s:600,-600(-198.291914)
37:Player,BR:0cr200c/r300c/r600c/r1200f:7cTc,6dJd|/5d6cKs/9c/Kd:1200,-1200(1200.000000)
38:BR,Player:0r200c/cr300c/r184c/r158c:2s8s,KhAd|/5h5dTs/8d/4s:942,-942(350.364077)
39:Player,BR:0cc/cc/r100r285r970c/cr1030f:4h6c,4sJs|/2h5s7h/Jd/Kc:-1455,1455(-1455.000000)
40:BR,Player:0f:JcKd,2d3s|:50,-50(50.000000)
41:Player,BR:0cc/cc/cr761f:3d6h,9hQh|/7c8dTs/6s:-100,100(-100.000000)
42:BR,Player:0r200c/cc/r244f:6cJd,9cQh|/2s6dKs/5d:300,-300(300.000000)
43:Player,BR:0cc/cc/cc/cc:4c9h,5cJh|/3d4h6s/5d/8c:-100,100(-5.875142)
44:BR,Player:0f:9dQh,3c8d|:50,-50(50.000000)
45:Player,BR:0cc/cc/r200r212f:8sTh,2cTc|/6c7dKc/7h:-300,300(-300.000000)
46:BR,Player:0r200c/cc/r371r1342f:2sTd,6dKc|/5h6c8h/4c:-671,671(-671.000000)
47:Player,BR:0cc/cc/r100r215r415f:5sQc,6c9d|/8sJsQd/Qs:415,-415(415.000000)
48:BR,Player:0r200c/cc/cc/cc:3cQc,5h7d|/8sJsKs/Jd/9s:300,-300(-262.235450)
49:Player,BR:0cc/cc/cc/cc:6cAs,9sAd|/4c8dKd/3s/Qc:-100,100(1.888338)
50:BR,Player:0r200c/cr600c/cr900f:2sJh,8d8c|/8h9hKs/5d:-900,900(-900.000000)
51:Player,BR:0cr200c/r300c/cr105c/cc:KcAh,3cJs|/4cTsKs/4d/7d:705,-705(695.200632)
52:BR,Player:0r200c/cr600c/r275r2350c/cc:6cKh,7dJc|/6h8c9h/8s/5c:-3525,3525(-2414.849124)
53:Player,BR:0cc/cc/r100r100c/cc:5sTh,4hJc|/2s4c7h/Tc/2c:300,-300(83.970710)
54:BR,Player:0cc/cc/r142f:JhAc,2dKc|/4sJsQs/3h:100,-100(100.000000)
55:Player,BR:0cr200c/r300c/r600r3435f:4c6h,4hJs|/4d7hJc/9c:-1200,1200(-1200.000000)
56:BR,Player:0r200c/cc/r1502f:KcAd,7dJc|/6sJdKh/3s:300,-300(300.000000)
57:Player,BR:0cc/cc/r100r100r300c/cc:9dKh,6d7s|/4d8dQd/Kd/Ts:600,-600(-92.897469)
58:BR,Player:0r200c/cr300c/cc/cc:4d8s,8hQs|/7s7c9s/8c/3s:-600,600(155.452408)
59:Player,BR:0cr200c/r300c/r1200r6814f:5dAd,9cKh|/3d6sTd/Qh:-1800,1800(-1800.000000)
60:BR,Player:0r100c/cr200c/r186c/cr1172f:9sJd,8sTc|/8h8cQh/Kh/3c:-586,586(-586.000000)
61:Player,BR:0cc/cc/r100r376f:3h8c,3cKd|/7dKhAc/Kc:-200,200(-200.000000)
62:BR,Player:0f:6h8h,3c8d|:50,-50(50.000000)
63:Player,BR:0cr200c/r300c/cr488f:6h9h,3h4s|/4d5s6c/3d:-600,600(-600.000000)
64:BR,Player:0r200c/cr300c/r100c/cc:3c5s,4cQd|/JsAdAc/Kh/9h:-700,700(-674.455969)
65:Player,BR:0cr200c/cc/cc/r600r3918f:6s7s,3hAs|/4h4dTc/8d/Qc:-900,900(-900.000000)
66:BR,Player:0cc/cc/r142c/r171f:4cKs,6c8c|/2h2dKc/Tc/9d:242,-242(242.000000)
67:Player,BR:0cc/cc/r100r2316f:2h9d,4d8d|/3h5d7c/6c:-200,200(-200.000000)
68:BR,Player:0cc/cr100c/r100c/cc:4sAc,2cTd|/JsQhAh/Kh/2h:-300,300(-248.821456)
69:Player,BR:0cr200c/r300c/cr488f:2h4h,7c9c|/2d6dQs/Kd:-600,600(-600.000000)
70:BR,Player:0r200c/cr300c/r1718f:5h7h,4sQs|/7d7cTs/2c:600,-600(600.000000)
71:Player,BR:0cc/cc/cr216f:9cQh,3h6d|/2h5sKc/6s:-100,100(-100.000000)
72:BR,Player:0r200c/cr300c/r1299f:7hQh,2d9d|/3d4sTh/5c:600,-600(600.000000)
73:Player,BR:0cr200c/r300c/cc/cr488f:3s3h,6sQc|/8dTsJs/Qh/Jh:-600,600(-600.000000)
74:BR,Player:0f:3sKh,2c7d|:50,-50(50.000000)
75:Player,BR:0cc/cc/cc/r100c:6hTd,2d3h|/3s9cQh/6s/6c:200,-200(33.393612)
76:BR,Player:0cc/cr100c/r248r896r1663f:7dTd,7hAd|/2s5dTc/Ac:1344,-1344(1344.000000)
77:Player,BR:0cr200c/cc/cr212c/cr180c:9sQs,JhAh|/7c9cTh/Js/3d:-692,692(-419.426558)
78:BR,Player:0r100c/cr400c/r321c/r1311f:2cTh,6c9h|/4h7sTd/9d/2d:921,-921(921.000000)
79:Player,BR:0cc/cc/cr164c/cc:7dJh,6s9d|/3h4dJc/Th/Ks:264,-264(257.563103)
80:BR,Player:0cc/cc/r5388f:JdJc,3d5d|/3s9cJs/Th:100,-100(100.000000)
81:Player,BR:0cc/cc/cr100f:4hTh,5dAs|/5s7dQs/Jh:-100,100(-100.000000)
82:BR,Player:0r100c/cc/cr200f:4cJh,7s8c|/2s7h9c/5c:-200,200(-200.000000)
83:Player,BR:0cc/cc/r100c/cc:5d8h,TdJh|/5s6hQc/Qs/3c:200,-200(165.606619)
84:BR,Player:0cc/cc/cc/r100r400r854f:TdJh,3cAc|/6h6dAs/8c/Th:600,-600(600.000000)
85:Player,BR:0cc/cc/cr100c/cc:6cJs,4hAs|/3c6h9c/3h/Qd:200,-200(49.930249)
86:BR,Player:0cc/cr100c/cr400f:QcKs,9cJh|/4d6h9h/8d:-200,200(-200.000000)
87:Player,BR:0cr19900c/cc/cc/cc:9hAd,6sJc|/5hQsKc/Jh/2s:-20000,20000(1299.966818)
88:BR,Player:0r200c/cc/r212f:4dJd,2s2c|/8cTcAs/Js:300,-300(300.000000)
89:Player,BR:0cc/cc/cr379f:2hQd,6dJh|/4d7cJs/8s:-100,100(-100.000000)
90:BR,Player:0r200c/cr600c/r732f:8hJh,8cKs|/3c7cJd/6s:900,-900(900.000000)
91:Player,BR:0cc/cc/cr108c/cc:4c9d,7sJs|/3d4h5c/7d/3c:-208,208(6.291072)
92:BR,Player:0r100c/cr200c/r283c/r5981f:3cTs,3s5h|/7s9sJc/6c/6s:683,-683(683.000000)
93:Player,BR:0cr200c/cc/cc/r600r5959f:7d8h,6d9s|/3dJhKc/3c/2d:-900,900(-900.000000)
94:BR,Player:0r200c/cr300c/r425c/cc:4h7h,TsJs|/5sTdAc/Kh/Jh:-1025,1025(-1025.000000)
95:Player,BR:0cc/cc/cc/r200f:7cAh,9hQs|/2c5h7s/4d/Ad:100,-100(100.000000)
96:BR,Player:0r100c/cr200c/r866f:TsTh,JsAh|/6c7h8d/9c:400,-400(400.000000)
97:Player,BR:0cc/cc/cr19900f:4dQh,8d9d|/2h4h8c/9s:-100,100(-100.000000)
98:BR,Player:0cc/cc/r379f:QdKs,3s4d|/TdJcQc/9c:100,-100(100.000000)
99:Player,BR:0cr200c/r300c/r1200r2562r15638c/cc:QcKh,6dQd|/6s7hQh/Kd/Jd:20000,-20000(5042.516003)
100:BR,Player:0cc/cr200c/r565f:4dQd,3hJd|/3c6cTh/Qh:300,-300(300.000000)
101:Player,BR:0cc/cc/cr761f:4sKd,5h9s|/3d5dAc/9h:-100,100(-100.000000)
102:BR,Player:0cc/cc/cc/cr200f:7hTs,JsJd|/4c5hKd/5d/2h:-100,100(-100.000000)
103:Player,BR:0cc/cc/cr100r200c/r800r976r8704f:ThKs,6sKc|/3h6h8d/Tc/4h:2176,-2176(2176.000000)
104:BR,Player:0cc/cc/r100f:8cAs,3d5c|/2d7sQh/7h:100,-100(100.000000)
105:Player,BR:0cc/cc/cr100c/cc:3cKs,4d8c|/8sQsKc/Qd/9h:200,-200(-36.528686)
106:BR,Player:0cc/cc/r100c/cc:3c5h,3hQc|/6hKsAh/8d/7d:-200,200(-200.000000)
107:Player,BR:0cc/cc/cr249f:3c6d,TdAc|/3s7hTc/Jh:-100,100(-100.000000)
108:BR,Player:0r200c/cc/r212r512r6780f:9d9c,3dAh|/2sTdQd/8s:1024,-1024(1024.000000)
109:Player,BR:0cc/cc/cr249r349c/r698f:7hKd,6dQs|/4s8hQd/8c/Ad:698,-698(698.000000)
110:BR,Player:0r200c/cr600c/r100c/r535f:4d5s,4c7c|/6hKcAs/9c/Qd:1000,-1000(1000.000000)
111:Player,BR:0cc/cc/cc/cc:3sKd,8sAd|/4d6dJc/3c/2s:100,-100(76.348927)
112:BR,Player:0r200c/cc/r244f:8c9c,9sJh|/2s3hKd/5s:300,-300(300.000000)
113:Player,BR:0cc/cc/cc/r100r163f:3sTh,4h6h|/6d9cJd/Tc/Ah:-200,200(-200.000000)
114:BR,Player:0r200c/cr300c/r100c/r1742c:4h8c,7dTs|/7s7cJd/8h/8d:2442,-2442(2048.647169)
115:Player,BR:0cc/cc/cr100r400f:4cAh,4s8c|/9hTcAc/5d:200,-200(200.000000)
116:BR,Player:0r200c/cr300c/r982c/r3424f:4dJs,5c8s|/2h5hJd/7d/4s:1582,-1582(1582.000000)
117:Player,BR:0cc/cc/cr188c/cr310f:3cKh,8sAh|/4s4cQd/As/Kd:-288,288(-288.000000)
118:BR,Player:0r200c/cc/r491f:2cQs,5dAd|/6s9cQc/8s:300,-300(300.000000)
119:Player,BR:0cr200c/r300c/cr369f:TsQc,7h9c|/4d7c8h/8s:-600,600(-600.000000)
120:BR,Player:0f:3sKh,2d7h|:50,-50(50.000000)
121:Player,BR:0cr200c/cc/r600r600c/cr198c:6h8h,JhAs|/7h9hJd/9c/5s:1698,-1698(-762.948434)
122:BR,Player:0r100c/cr400c/r321c/r245c:6dJh,8sTs|/2dTdJc/2h/4d:1166,-1166(587.226196)
123:Player,BR:0cc/cc/cc/cc:7cTd,3c5h|/3s6dKd/Qs/Th:100,-100(-28.443850)
124:BR,Player:0f:3sJh,2d5h|:50,-50(50.000000)
125:Player,BR:0cc/cc/cr249c/cr162c:3h8d,JsKd|/8sKhAh/2h/7c:-511,511(-315.064181)
126:BR,Player:0r200c/cr300c/r982f:2h4d,5cJs|/6s8cTs/9d:600,-600(600.000000)
127:Player,BR:0cc/cc/cr286f:2dJh,7h9s|/5d6d7d/7c:-100,100(-100.000000)
128:BR,Player:0f:4s5h,2d6h|:50,-50(50.000000)
129:Player,BR:0cr200c/r300c/r600r1291c/cc:3cAc,9dJs|/2d3h7c/2s/6c:2491,-2491(2491.000000)
130:BR,Player:0cc/cc/r501f:6s8d,5hTs|/9sTcJs/7h:100,-100(100.000000)
131:Player,BR:0cr200c/r300c/cr2271f:5h7h,8dAc|/8c9cKs/7c:-600,600(-600.000000)
132:BR,Player:0r200c/cr300c/r1718f:7h8c,9hQc|/3h4h5h/3s:600,-600(600.000000)
133:Player,BR:0cr200c/cc/cr18588f:9dAh,2c9c|/7cJcAc/8s:-300,300(-300.000000)
134:BR,Player:0r200c/cc/r1986f:3c8s,5hQs|/2c9dTc/7s:300,-300(300.000000)
135:Player,BR:0cr200c/r300c/cr561c/cr470c:7s7h,6hJc|/3sTcJd/9c/4d:-1631,1631(-995.921129)
136:BR,Player:0r200c/cr600c/r100c/r405f:9s9h,JcQd|/2sKdAc/3h/5d:1000,-1000(1000.000000)
137:Player,BR:0cr200c/cc/cc/cr427r19273f:9hQh,5d9c|/8hKhAh/6c/4d:727,-727(727.000000)
138:BR,Player:0r100c/cr400c/r211c/r100c:3h6d,QcKd|/5h9hTh/6s/Tc:911,-911(306.836865)
139:Player,BR:0cc/cc/r100r163c/cc:6cQd,5sTh|/6d9dAc/Kd/7c:363,-363(363.000000)
140:BR,Player:0cc/cc/r100c/r100c:6c9h,6sKh|/2c9sAh/Kc/8h:-300,300(102.177010)
141:Player,BR:0cc/cc/cc/cc:2cTd,3dKh|/6hJcAh/Qd/9d:-100,100(-7.844756)
142:BR,Player:0f:3hTs,2s6h|:50,-50(50.000000)
143:Player,BR:0cr200c/cc/cc/r300r488f:2c5c,5sQh|/TdKsAs/Ah/Jc:-600,600(-600.000000)
144:BR,Player:0r100c/cc/cc/r100c:2dTs,7dQh|/KsKhAc/8d/2c:300,-300(72.685043)
145:Player,BR:0cc/cc/r200r427r727r6330r12216f:9hKd,2d9s|/6d7d8c/Jd:7784,-7784(7784.000000)
146:BR,Player:0cc/cc/cc/cc:3hKd,6h8s|/4d6s9d/Ac/Tc:-100,100(-7.296628)
147:Player,BR:0cc/cc/r100r107c/cr578f:8sKd,2c9s|/3h7dAd/7s/Jd:-307,307(-307.000000)
148:BR,Player:0r100c/cc/r100r600f:2c5d,3dAc|/7s9hTh/6h:-300,300(-300.000000)
149:Player,BR:0cr200c/r300c/cr854f:2h5h,6h9c|/8h8cKs/7d:-600,600(-600.000000)
150:BR,Player:0r100c/cc/r142f:6h8s,8cKc|/3hJsAh/5c:200,-200(200.000000)
151:Player,BR:0cr200c/cc/cr565f:ThKc,7hTd|/5h9sAc/8h:-300,300(-300.000000)
152:BR,Player:0cc/cc/cc/cc:3d8h,4sAd|/7s9hJs/7d/Ks:-100,100(-99.340211)
153:Player,BR:0cc/cc/cc/cc:3sKc,ThKs|/3d7h9c/Ac/5d:100,-100(-6.700060)
154:BR,Player:0cc/cc/r100f:4hQc,6h7c|/2s4dKd/Td:100,-100(100.000000)
155:Player,BR:0cc/cc/cr108f:4d6h,8h9c|/2c7sKh/2s:-100,100(-100.000000)
156:BR,Player:0r200c/cr600c/cc/r18229f:QsKc,5dKs|/4c7d8s/9s/Js:900,-900(900.000000)
157:Player,BR:0cc/r100c/r200r200c/cc:6dAs,3d6h|/2d2c5h/6c/7h:600,-600(292.288935)
158:BR,Player:0r100c/cc/cc/cr200c:3hJs,5hKc|/2hTdAd/Kd/4s:-400,400(-190.160419)
159:Player,BR:0cc/cc/cr100f:3s7d,2d8c|/4dTdAs/Qs:-100,100(-100.000000)
160:BR,Player:0r200c/cr300c/cc/cc:3c8d,4cJd|/3h4d6c/9s/Tc:-600,600(156.965395)
161:Player,BR:0cc/cc/cr108f:3c6d,5cTc|/2s8hAh/Kc:-100,100(-100.000000)
162:BR,Player:0r200c/cr300c/cr600c/r485r6740f:2dAh,3cKs|/6cJhJd/Kc/Kh:-1685,1685(-1685.000000)
163:Player,BR:0cc/cc/cr164f:3hKd,4h6c|/2hAhAc/Jc:-100,100(-100.000000)
164:BR,Player:0r100c/cr200c/r495f:2hTs,4dAh|/4s7cTc/5d:400,-400(400.000000)
165:Player,BR:0cc/cc/cr188c/cc:3cAh,2c6h|/KsKdAs/Jh/7c:288,-288(288.000000)
166:BR,Player:0r200c/cr300c/cc/cc:TdQh,9sKc|/4s5hJc/As/Js:-600,600(-255.731703)
167:Player,BR:0cc/cc/cr188f:4hTd,6hJs|/3c5cQh/8s:-100,100(-100.000000)
168:BR,Player:0r200c/cc/cr300f:5h6d,5d7h|/8cThQh/2c:-300,300(-300.000000)
169:Player,BR:0cc/cc/cr100f:2hAd,9cQc|/5h6s7s/4s:-100,100(-100.000000)
170:BR,Player:0r100c/cr400c/r100f:4sTh,7d8d|/5cQsAh/2c:600,-600(600.000000)
171:Player,BR:0cr200c/r300c/r1200f:ThKh,7hKc|/6h8hAs/Qd:600,-600(600.000000)
172:BR,Player:0r100c/cc/r248c/r970f:6s7s,4c9c|/JsQcAs/5c/Kh:448,-448(448.000000)
173:Player,BR:0cc/cc/r100r327f:4dQh,5d6s|/5s6d7h/Th:-200,200(-200.000000)
174:BR,Player:0r200c/cc/r212f:3s5s,5d8d|/KhKcAc/9h:300,-300(300.000000)
175:Player,BR:0cr100c/cc/r200c/cr2003f:7sAs,6sKs|/4s4cJh/Jd/Js:-400,400(-400.000000)
176:BR,Player:0r200c/cr600c/r100r2000r8588r8412f:6d7d,TsTh|/5sTdJc/Ad:-11588,11588(-11588.000000)
177:Player,BR:0cr200c/cc/cr212c/cc:QsAd,2d4d|/4s6d7d/9s/5h:-512,512(78.323172)
178:BR,Player:0r100c/cr400c/cr1200r1465c/cr6530f:2hKd,6c7c|/4s5s9c/4c/Ts:-3265,3265(-3265.000000)
179:Player,BR:0cc/cc/cc/r100f:4c9d,6cJh|/3h5hKc/Qd/7s:100,-100(100.000000)
180:BR,Player:0r100c/cc/r1751f:3c4d,5s9s|/5c6hJd/Tc:200,-200(200.000000)
181:Player,BR:0cr200c/cc/r600c/r900r2228f:5sAs,8cKh|/7sTsKc/Qd/8d:-1800,1800(-1800.000000)
182:BR,Player:0r200c/cc/cr600r7881f:8sJd,6sKs|/7h9sQh/2c:900,-900(900.000000)
183:Player,BR:0cc/cc/cc/cr188f:2c5h,6d8s|/QhKcAc/2d/3c:-100,100(-100.000000)
184:BR,Player:0cc/cr200c/r427f:4sTs,4dTc|/2c3h5h/5c:300,-300(300.000000)
185:Player,BR:0cc/cc/cr435f:3dTd,JdQd|/4h9hTs/Qh:-100,100(-100.000000)
186:BR,Player:0cc/cr200c/cr600r842c/cc:ThAh,AdAc|/3s7dKc/5h/4d:-1742,1742(-1742.000000)
187:Player,BR:0cc/cc/cr216f:6sKh,TsQh|/4c7sJh/2s:-100,100(-100.000000)
188:BR,Player:0r100c/cc/r3522f:3sJh,6s8h|/3cTdJd/5h:200,-200(200.000000)
189:Player,BR:0cc/cc/cc/cr249f:2c6h,6sKd|/2d5cJd/Qs/Kc:-100,100(-100.000000)
190:BR,Player:0f:3cKd,2d5c|:50,-50(50.000000)
191:Player,BR:0cc/cc/cr18953f:4sAd,QsQd|/QcKsKd/9d:-100,100(-100.000000)
192:BR,Player:0cc/cr100c/r327c/r282c:3hAc,5cTs|/4sKcAs/Tc/6h:809,-809(440.245935)
193:Player,BR:0cr200c/r300c/r1200r1200f:9dTs,QdKs|/8cQsKh/Ah:-1800,1800(-1800.000000)
194:BR,Player:0r200c/cc/r100c/r100r1000f:6h8c,JdQd|/5dQsKc/6c/Kd:-500,500(-500.000000)
195:Player,BR:0cr200c/cc/cr491c/cc:5sAc,9sJh|/2d3h6h/2c/7c:791,-791(790.994141)
196:BR,Player:0cc/cc/r249c/r162c:8h8c,6hQh|/3h3c6d/7d/Tc:511,-511(264.507498)
197:Player,BR:0cc/cc/cr18953f:2c9s,JsKs|/5d7cJh/Jd:-100,100(-100.000000)
198:BR,Player:0r100c/cc/r285c/cc:7hTs,JhQs|/3sKdKc/7d/As:485,-485(220.533883)
199:Player,BR:0cc/cc/cr18953f:9hQd,JhKc|/7d8dJs/Jc:-100,100(-100.000000)
200:BR,Player:0r100c/cr200c/r753r1153r1234c/cr16460f:5hTs,6dQd|/4c7dTd/5d/6h:-3540,3540(-3540.000000)
201:Player,BR:0cr200c/r300c/cr854f:5d7d,3hQh|/2d9sQc/2h:-600,600(-600.000000)
202:BR,Player:0cc/cr100c/r100c/r10627c:JsAc,5s9c|/5hTdQh/5d/Ks:10927,-10927(7122.284755)
203:Player,BR:0cc/cc/cr142f:2c8d,7h9h|/2d5sAs/Jh:-100,100(-100.000000)
204:BR,Player:0r100c/cr400c/r561f:4h8d,6hQs|/3d6d7s/Tc:600,-600(600.000000)
205:Player,BR:0cc/cc/cr576f:5d9h,8cKs|/5h7sKh/Ts:-100,100(-100.000000)
206:BR,Player:0cc/cr100c/cr400r425f:3s3d,7cKc|/2s6d9d/Td:600,-600(600.000000)
207:Player,BR:0cc/cc/r200r323c/cc:4cKd,7hQc|/3d4h5c/5s/3c:623,-623(617.502864)
208:BR,Player:0r100c/cr200c/cc/cc:5cAs,6s7s|/5sTsJc/7d/Kc:-400,400(-58.103280)
209:Player,BR:0cc/cc/r100r498c/cr9296f:5c7h,JsAs|/3s6cAh/5d/Ad:-698,698(-698.000000)
210:BR,Player:0r200c/cr300c/r3004f:8hTd,3cKh|/3dTcQh/Ts:600,-600(600.000000)
211:Player,BR:0cr200c/r300c/cr982f:7h7c,5cAh|/3d4cAd/Tc:-600,600(-600.000000)
212:BR,Player:0r100c/cr200c/cr800f:2hTd,7sAs|/5c8s8d/6c:-400,400(-400.000000)
213:Player,BR:0cr200c/cc/r300c/r600f:9s9c,JcKd|/5d6h6d/9h/4h:600,-600(600.000000)
214:BR,Player:0f:3c7d,2c4d|:50,-50(50.000000)
215:Player,BR:0cc/cc/cc/r100r142f:8hQs,2dKh|/8sTsAd/3d/9s:-200,200(-200.000000)
216:BR,Player:0cc/cc/r108r208r208c/r772f:QhAc,2cAs|/6h6cKs/Kh/6d:624,-624(624.000000)
217:Player,BR:0cc/cc/cr100c/cc:4cTh,5d8s|/4h8dKd/Qs/2h:-200,200(-22.591064)
218:BR,Player:0r200c/cc/r281f:4sJh,8hJc|/2s7cAd/3s:300,-300(300.000000)
219:Player,BR:0cr200c/cc/cc/cr565f:6dAd,6c9c|/7dTsJh/Qs/5h:-300,300(-300.000000)
220:BR,Player:0r200c/cr300c/r561r1161f:2hTd,8dJd|/5h6sAd/4d:-1161,1161(-1161.000000)
221:Player,BR:0cc/cc/cr662f:6cAh,5cQd|/4d9dAd/Td:-100,100(-100.000000)
222:BR,Player:0r100c/cc/cc/cc:7dKc,2cAs|/3h5d8d/8c/8h:-200,200(-102.188188)
223:Player,BR:0cc/cc/cc/r100r1001c:6cTc,4hQc|/5s6s9h/Kc/Ts:1201,-1201(1201.000000)
224:BR,Player:0r200c/cc/r1306f:5hKd,9cQh|/2h7cKs/Kh:300,-300(300.000000)
225:Player,BR:0cr200c/cc/cr100c/cc:2dJd,QcKh|/5cJcAs/Ac/3h:400,-400(148.334482)
226:BR,Player:0cc/cc/cr100r1324c/cr1524f:9dJd,3dTs|/3cQcAs/Td/7s:-1524,1524(-1524.000000)
227:Player,BR:0cc/cc/r100r285f:7hKc,9sQh|/4c5dQs/3d:-200,200(-200.000000)
228:BR,Player:0r200c/cc/r747c/cc:JsQc,5s9d|/9sTdJd/5c/Qd:1047,-1047(300.041860)
229:Player,BR:0cc/cc/cc/cc:2c3h,2h2d|/3s9hAs/Kh/8c:100,-100(-16.869490)
230:BR,Player:0r200c/cr300c/r321f:9dJh,7dKs|/6h6c9c/2c:600,-600(600.000000)
231:Player,BR:0cc/cc/cr164f:7hQs,5s6s|/3h8hTc/8d:-100,100(-100.000000)
232:BR,Player:0r100c/cr200c/r186c/r415r2002r6500c:8sTd,8dQs|/4d5sJs/9c/Ts:-9503,9503(-9503.000000)
233:Player,BR:0cr200c/cc/r300r300f:9cQc,3sAh|/3c6s6d/Jh:-600,600(-600.000000)
234:BR,Player:0cc/cr200c/r491c/r851f:3s7d,4s7c|/5c6cTh/Ts/4c:791,-791(791.000000)
235:Player,BR:0cr200c/r300c/cc/r1200r2562f:4hQh,3dKh|/3h5s8h/6c/7d:-1800,1800(-1800.000000)
236:BR,Player:0cc/cc/cc/cr400r468f:8dKs,4h6s|/3c7cTd/Ac/Qd:500,-500(500.000000)
237:Player,BR:0cc/r200c/r600r600c/cr347c:6hTh,2sAh|/8h9sAd/3h/Ts:-1847,1847(-138.023798)
238:BR,Player:0r100c/cr200c/r100c/cc:3s4d,3d3c|/TdQdQc/As/7s:-500,500(-500.000000)
239:Player,BR:0cr200c/cc/r600r600f:2h5h,TcKc|/6d7cKs/3d:-900,900(-900.000000)
240:BR,Player:0r200c/cc/r565c/r100r1930f:7cKd,9h9c|/2s5hTh/Kh/Ad:-965,965(-965.000000)
241:Player,BR:0cc/cc/cc/cr662r19238f:3c9c,4dKd|/5c7cJs/2c/8h:762,-762(762.000000)
242:BR,Player:0r200c/cc/r1986f:QcKc,6sQd|/2cQsAd/Kh:300,-300(300.000000)
243:Player,BR:0cc/cc/cr188r288r10145f:7cJh,4c9h|/3d7dJc/5h:-576,576(-576.000000)
244:BR,Player:0r100c/cr200c/r122r522r739f:3dJd,7dKs|/5h5cQc/Jh:1044,-1044(1044.000000)
245:Player,BR:0cc/cc/cc/cr435f:5h7c,2hAd|/TcJsKd/7d/Qh:-100,100(-100.000000)
246:BR,Player:0f:6d7s,2s7h|:50,-50(50.000000)
247:Player,BR:0cc/cc/r200r8036f:4sQc,8sAc|/5s7hJd/6s:-300,300(-300.000000)
248:BR,Player:0cc/cc/r108c/cc:9hAc,JsJc|/2d3h4d/5d/Td:208,-208(43.088167)
249:Player,BR:0cr200c/cc/r600r732f:JdQs,6sAc|/7d9sTd/Tc:-900,900(-900.000000)
250:BR,Player:0r200c/cr600c/r2963f:4h8s,JcAd|/6dKhAh/Qh:900,-900(900.000000)
251:Player,BR:0cr200c/cc/r300f:3c4c,4s5c|/8cJsQh/2d:300,-300(300.000000)
252:BR,Player:0r200c/cr300c/r425r1025c/cc:QsQd,3sKc|/2s3c5s/6c/Td:2050,-2050(602.751246)
253:Player,BR:0cc/cc/cr100c/cr498c:3dAc,6dAs|/2d9hTd/7d/Ah:0,-0(-458.434878)
254:BR,Player:0f:8d9s,2d9h|:50,-50(50.000000)
255:Player,BR:0cr200c/r300c/r600r7945c/cc:QsQh,7hKh|/3h9hTs/Qd/4s:9145,-9145(9144.988679)
256:BR,Player:0r100c/cc/r1751f:KcAd,9hJh|/2c3sKd/6s:200,-200(200.000000)
257:Player,BR:0cc/cc/cr576f:3c9d,9cTh|/7d8dQs/Qh:-100,100(-100.000000)
258:BR,Player:0r200c/cr600c/r137c/cc:5dKs,5hAd|/5sQdAc/Qh/3h:-1037,1037(343.250367)
259:Player,BR:0cc/cc/r100r433f:9cJh,5s7d|/5h5c8d/6d:-200,200(-200.000000)
260:BR,Player:0r100c/cc/r100r300c/cc:5dJd,6s7h|/5c7sAd/4c/Kd:-600,600(-284.633999)
261:Player,BR:0cr200c/r300c/cc/cc:TsKh,4hAc|/TdJhJd/8d/Qc:600,-600(385.497424)
262:BR,Player:0r200c/cc/r212c/cr1024r1250f:7h8h,QcAd|/2d9sTs/Ac/7s:1536,-1536(1536.000000)
263:Player,BR:0cr200c/cc/r300f:9cTd,4cQs|/7s8sAh/9d:300,-300(300.000000)
264:BR,Player:0r200c/cr600c/cr1800f:2dKd,5hJs|/5s7dQh/3h:-900,900(-900.000000)
265:Player,BR:0cc/cc/cr188f:5hJd,2cKh|/3d7dKc/3c:-100,100(-100.000000)
266:BR,Player:0r200c/cr600c/cr1800f:7h8s,QsAc|/2d6dTh/Ks:-900,900(-900.000000)
267:Player,BR:0cc/cc/cr100c/cr100r1200f:5sQc,2s2d|/4c6dAc/6h/6s:300,-300(300.000000)
268:BR,Player:0r200c/cr300c/cc/cr1200f:QhKh,8hJc|/4s5d6c/9d/Th:-600,600(-600.000000)
269:Player,BR:0cc/cc/r100r215f:2s8h,7hAd|/2c6sKc/6c:-200,200(-200.000000)
270:BR,Player:0cc/cc/r576f:3c4h,3d6c|/5sAsAh/Js:100,-100(100.000000)
271:Player,BR:0cc/cc/cr124c/cr558c:5hJd,TdAd|/7hQsKc/Tc/Jc:-782,782(-530.325678)
272:BR,Player:0r200c/cc/cc/cr600f:4h9h,8cTd|/7dQcKc/Th/Tc:-300,300(-300.000000)
273:Player,BR:0cr200c/r300c/r600c/cr241r5764f:6sAs,7cKc|/3sQsKh/5s/6c:1441,-1441(1441.000000)
274:BR,Player:0f:8dAc,2d9c|:50,-50(50.000000)
275:Player,BR:0cc/cc/cr124f:5dJs,4d7s|/7cKdKc/2c:-100,100(-100.000000)
276:BR,Player:0r100c/cr200c/cc/r162f:3d6s,8hQc|/2d2c9c/7c/Th:400,-400(400.000000)
277:Player,BR:0cc/cc/r100c/r400r1299c:3h4s,9dKc|/3c4cAd/Th/7h:1899,-1899(1899.000000)
278:BR,Player:0cc/cc/r249r349f:8dTc,4cJc|/2h4h4d/6d:-349,349(-349.000000)
279:Player,BR:0cr200c/r300c/r600f:JcKd,7cQs|/5dTdAd/6h:600,-600(600.000000)
280:BR,Player:0cc/cr200c/r565r1730r1730c/cc:7h8c,5s7c|/3d4h6s/8d/Ad:-4325,4325(-1739.625658)
281:Player,BR:0cr200c/r300c/cr100r1400f:TcKh,5c9c|/4hJsAd/Qs:700,-700(700.000000)
282:BR,Player:0cc/cr100c/cc/r215c:2c3h,4dJh|/4c7h7c/Js/9d:-415,415(-415.000000)
283:Player,BR:0cc/cc/cr435f:4cAs,6cQh|/2h7d9c/5h:-100,100(-100.000000)
284:BR,Player:0r200c/cr300c/r646r1246c/cc:4hQs,QdAh|/2s3dQc/2c/7h:-2492,2492(-44.673618)
285:Player,BR:0cc/cc/r100f:4sTs,2h7d|/3c4c9s/8d:100,-100(100.000000)
286:BR,Player:0r100c/cc/r19800f:7sJc,8hQc|/5h5d7c/7d:200,-200(200.000000)
287:Player,BR:0cc/cc/cc/cr379c:4h9s,2s8s|/2d6h9d/Kd/2c:-479,479(-429.282680)
288:BR,Player:0cc/cc/r329f:3cJh,3hQd|/5s7sJd/8h:100,-100(100.000000)
289:Player,BR:0cr200c/cc/cr371f:7s7d,4sAd|/8dKhAh/Jh:-300,300(-300.000000)
290:BR,Player:0r200c/cc/cc/cc:8dAc,5dKd|/4hJcQs/2d/Qc:300,-300(100.535733)
291:Player,BR:0cr200c/r300c/cr279c/cc:ThJc,4s5c|/3hTdKs/9s/Ad:879,-879(879.000000)
292:BR,Player:0cc/cr100c/r248f:QhQc,3h6s|/5s9dTd/Kd:200,-200(200.000000)
293:Player,BR:0cc/cc/cr124r224c/r896r1258c:8cQd,5sQc|/3s9cKc/Qs/Qh:0,-0(1558.839162)
294:BR,Player:0r200c/cc/r1136f:QsQc,3cKs|/5h6s8d/Tc:300,-300(300.000000)
295:Player,BR:0cr200c/cc/r600f:JhAh,3hTc|/2s9hJs/6d:300,-300(300.000000)
296:BR,Player:0f:7c9c,2s3h|:50,-50(50.000000)
297:Player,BR:0cr200c/r300c/cr1299c/cr2703c:6c7h,2d8c|/4c6sAs/9d/Qd:4602,-4602(4602.000000)
298:BR,Player:0r200c/cr300c/r982r1582r7876f:7s9d,KdKc|/2c4d8s/6s:3164,-3164(3164.000000)
299:Player,BR:0cc/cc/cr435f:4cTh,7hKh|/2h3h9c/8c:-100,100(-100.000000)
300:BR,Player:0r100c/cr400c/r211c/r1154f:2s8d,6sKs|/3d6dTc/Jc/5s:811,-811(811.000000)
301:Player,BR:0cc/r200c/r300f:3sJs,5d8c|/9sJcAh/Jh:300,-300(300.000000)
302:BR,Player:0r200c/cc/r491f:6sJh,2cKh|/6dTdJs/Th:300,-300(300.000000)
303:Player,BR:0cc/cc/cc/r100r1001f:5hTs,5sJc|/2hQdAd/4h/6h:-200,200(-200.000000)
304:BR,Player:0r100c/cc/r123c/cc:QcAd,4cAh|/2h8sTd/Jd/4h:-323,323(-6.426531)
305:Player,BR:0cc/cc/cc/cc:4dQh,3h9d|/3dQsKh/7d/8d:100,-100(-37.966776)
306:BR,Player:0r200c/cr600c/cc/cc:2c7s,TdAh|/7h8dQh/Tc/9d:-900,900(-730.049502)
307:Player,BR:0cc/cc/r100r248f:5hQc,4dJh|/3d4cTd/5d:-200,200(-200.000000)
308:BR,Player:0f:7d9s,2h9d|:50,-50(50.000000)
309:Player,BR:0cc/cc/cc/cc:6hKc,7dTd|/5cQdAc/Jh/2h:100,-100(35.883638)
310:BR,Player:0cc/cc/r1332f:JhKd,2d7d|/3h9dKc/Jc:100,-100(100.000000)
311:Player,BR:0cr200c/r300c/r1200f:9dTs,2s8s|/ThQcKc/8h:600,-600(600.000000)
312:BR,Player:0r100c/cc/r871f:8cAd,8sQc|/3sKhAc/2d:200,-200(200.000000)
313:Player,BR:0cr200c/cc/r600c/r900r1937r3737f:QsAd,9dKh|/5d7cAc/Js/Ah:3737,-3737(3737.000000)
314:BR,Player:0f:5s6d,3d9s|:50,-50(50.000000)
315:Player,BR:0cc/cc/r100r123f:5cAd,2dAh|/3h4h5h/6d:-200,200(-200.000000)
316:BR,Player:0r200c/cc/r100f:2sJd,6hJs|/2c5c9s/Kh:300,-300(300.000000)
317:Player,BR:0cr200c/r300c/cr1718c/cc:5c6s,3sKs|/4d5d9h/2d/Ts:2318,-2318(2317.999995)
318:BR,Player:0r200c/cr600c/r637c/r356r3786r9295f:6dTs,7sTd|/5c7dTh/9h/2s:5679,-5679(5679.000000)
319:Player,BR:0cr200c/r300c/cr184c/cc:3d6d,5s5h|/4d7sQc/6h/7d:784,-784(69.561234)
320:BR,Player:0r100c/cc/r248c/r240f:9s9d,9hKh|/3dTcQs/Qc/2s:448,-448(448.000000)
321:Player,BR:0cr200c/r300c/cr18483f:4c6c,8sQs|/2d3s7s/6s:-600,600(-600.000000)
322:BR,Player:0r200c/cr300c/r1299f:6h8s,9dQd|/2h2d8h/2c:600,-600(600.000000)
323:Player,BR:0cr200c/r300c/cr488f:9dJd,4h6h|/3c6d7h/4s:-600,600(-600.000000)
324:BR,Player:0r200c/cr300c/cc/cc:2c5d,4hQd|/2s4sKs/Td/Ts:-600,600(-204.573432)
325:Player,BR:0cc/cc/cr249f:5cKs,7dTc|/4c6sJs/9c:-100,100(-100.000000)
326:BR,Player:0r200c/cr300c/r2612c/r562r3774c:4sAd,3d7d|/5cTdKd/4d/Ac:-7548,7548(-3764.733906)
327:Player,BR:0cr200c/r300c/cr139c/cr3217c:6c7h,2d3h|/5c8sAh/6s/7d:3956,-3956(3956.000000)
328:BR,Player:0r200c/cc/cc/cr600r4506f:7sKh,ThTd|/5cJsJd/Qd/6s:900,-900(900.000000)
329:Player,BR:0cc/cc/cc/cr100f:4dJd,QhKc|/2s2c8c/3h/7h:-100,100(-100.000000)
330:BR,Player:0r100c/cc/cc/cr200f:3hQs,6d9s|/6s8h8d/Ad/9d:-200,200(-200.000000)
331:Player,BR:0cc/cc/cr100c/cc:2hAd,3h8c|/3c9dQd/9c/Jh:-200,200(-32.129739)
332:BR,Player:0cc/cc/r100c/cr400r854r18546f:TsAd,6hJh|/5cQhKh/Tc/4h:-1454,1454(-1454.000000)
333:Player,BR:0cc/cc/cr100c/cc:7dAh,2cKd|/5s8hAc/8c/Qd:200,-200(140.813128)
334:BR,Player:0r200c/cc/cc/r161c:6cTh,QdKc|/2c3hJc/8h/6h:461,-461(193.731385)
335:Player,BR:0cc/cc/cr19900f:2h3d,8sKh|/5s8hKc/Td:-100,100(-100.000000)
336:BR,Player:0r200c/cc/cr300f:6hJd,7s7h|/3s8hQh/4d:-300,300(-300.000000)
337:Player,BR:0cc/cc/cr124f:2h6d,3s9s|/5c8cJs/Ad:-100,100(-100.000000)
338:BR,Player:0r200c/cr300c/r279c/cc:5hAs,6dTc|/8dQsQd/Ad/8c:879,-879(156.190214)
339:Player,BR:0cr200c/r300c/cr982c/cc:5s6s,3sTd|/4h6h6d/8h/Qs:1582,-1582(1582.000000)
340:BR,Player:0r200c/cc/r121c/cc:2h8d,8hAd|/5c6s7s/8c/7c:-421,421(2.130366)
341:Player,BR:0cr200c/cc/cr649f:8hAh,6sTd|/3d7dKd/2d:-300,300(-300.000000)
342:BR,Player:0r200c/cr300c/r160r760r1422f:4dKs,3s4c|/5c6c7s/8c:1520,-1520(1520.000000)
343:Player,BR:0cc/cc/r100r327f:2d7c,4dKs|/JdQcKc/5d:-200,200(-200.000000)
344:BR,Player:0cc/cc/r164r528f:3c5h,5c9h|/2h8h9s/7c:-264,264(-264.000000)
345:Player,BR:0cc/cc/cc/cr501r19399f:2c9s,2hTc|/4c8dKs/Qs/Kc:601,-601(601.000000)
346:BR,Player:0r200c/cr600c/r2576f:TsAs,4cJd|/TcQdAh/3s:900,-900(900.000000)
347:Player,BR:0cc/cc/cc/r100r1523f:5h9s,7sKd|/8cTcAh/Qs/7h:-200,200(-200.000000)
348:BR,Player:0r200c/cr300c/r646r1246f:3c9c,5cJh|/2s2h5s/4s:-1246,1246(-1246.000000)
349:Player,BR:0cc/cc/r100c/cc:6sTc,9hQd|/7h8d8c/Kd/As:-200,200(-23.139373)
350:BR,Player:0r100c/cc/r658f:6cAs,3cTc|/3h9sJs/Ad:200,-200(200.000000)
351:Player,BR:0cr200c/cc/cr1727c/cr2181c:3hAh,4s5s|/4cKsAs/Jd/5d:-4208,4208(-2349.938804)
352:BR,Player:0r200c/cc/cr600f:6hJs,2dJd|/3d4s9s/8h:-300,300(-300.000000)
353:Player,BR:0cc/cc/r100r100c/cc:5d9c,6s9s|/6dAdAc/7c/4c:-300,300(-31.140280)
354:BR,Player:0r200c/cr600c/cc/cc:7cTh,5d7d|/6c9hQs/7h/3d:900,-900(246.047886)
355:Player,BR:0cc/cc/r200r244r544r8284f:7hJc,5h8d|/8c9cKc/8s:-1088,1088(-1088.000000)
356:BR,Player:0cc/cc/r100f:2h7c,3cTd|/4h6h6d/Qh:100,-100(100.000000)
357:Player,BR:0cc/cc/cr576f:2h8c,3c6d|/4d5sJh/Kc:-100,100(-100.000000)
358:BR,Player:0r100c/cc/r871f:2dAd,3s3d|/8cJdAc/2c:200,-200(200.000000)
359:Player,BR:0cr200c/cc/r300f:TsTd,3d7h|/5s5dQc/Jd:300,-300(300.000000)
360:BR,Player:0r100c/cr200c/cc/cr1600c:2sAs,8hQc|/6h9cTc/4d/4h:2000,-2000(-378.249615)
361:Player,BR:0cr200c/cc/cr3995f:5cAc,9hAh|/2dThJd/4h:-300,300(-300.000000)
362:BR,Player:0r200c/cr300c/r18483f:2dKc,8h9c|/2h2cQd/7h:600,-600(600.000000)
363:Player,BR:0cc/cc/cr100c/r200r374c:7hJc,5c7c|/8cQhAh/8h/5h:774,-774(774.000000)
364:BR,Player:0cc/cc/r216f:TdKh,5hTs|/3d8dAs/4d:100,-100(100.000000)
365:Player,BR:0cc/cc/r100r215r830c/cc:4hQd,7sKs|/3d5d6h/Kd/2d:1245,-1245(1245.000000)
366:BR,Player:0r100c/cc/cc/cc:8c9c,5cAc|/3cJhKd/2s/5s:-200,200(-199.974984)
367:Player,BR:0cr200c/r600c/cr1694r5188f:5s9s,2hJs|/TdQcKd/5c:2594,-2594(2594.000000)
368:BR,Player:0f:2d4h,2h8d|:50,-50(50.000000)
369:Player,BR:0cc/cc/r100r433c/cr294r1854c:6cAh,6sJh|/7h9hTh/Kh/Kc:2781,-2781(924.137103)
370:BR,Player:0r200c/cc/cc/cr300f:4d5c,JcAc|/8hJhKc/6s/Ad:-300,300(-300.000000)
371:Player,BR:0cc/cc/cr142f:7sJd,2h8s|/6s9dKh/Kc:-100,100(-100.000000)
372:BR,Player:0r100c/cr200c/cr800c/cc:2c4d,TdAs|/4cThKd/Ad/Kc:-1200,1200(-2.997049)
373:Player,BR:0cc/cc/r200c/r300r854r1454f:4dAs,2d3s|/2s4s7h/4c/Kd:1454,-1454(1454.000000)
374:BR,Player:0cc/cc/r100f:4h6h,4c8d|/3h6sQc/9h:100,-100(100.000000)
375:Player,BR:0cr100c/r200c/r800c/r1200r2970f:ThJh,4cKh|/2c6sAc/9h/8d:-2400,2400(-2400.000000)
376:BR,Player:0r100c/cr200c/r1514c/r2060c:5c6c,9hQs|/3h6h6d/9d/Kc:3974,-3974(2476.693635)
377:Player,BR:0cc/cc/cr19900f:9hJc,QsQh|/5d5cQc/9d:-100,100(-100.000000)
378:BR,Player:0f:4s8c,3s9c|:50,-50(50.000000)
379:Player,BR:0cr200c/cc/cr1502f:5cAc,AsAh|/4h7s9h/Qd:-300,300(-300.000000)
380:BR,Player:0r200c/cc/r244c/r100c:2h8d,4d7d|/4c8sAs/3c/3d:644,-644(260.039394)
381:Player,BR:0cc/cc/cr100c/cc:5sAh,2hJd|/3d9dKd/9s/6h:200,-200(193.060437)
382:BR,Player:0r100c/cr400c/r243f:6s8h,9dJs|/2s6c7h/4h:600,-600(600.000000)
383:Player,BR:0cc/cc/cr188f:6d8h,5h6h|/3d4dTh/3s:-100,100(-100.000000)
384:BR,Player:0r100c/cr400c/r743c/cc:2dQd,JhJd|/6c8dTh/5s/Ac:-1343,1343(-1287.595653)
385:Player,BR:0cc/cc/r100r573f:5c8d,KdKc|/2d6h9s/Jd:-200,200(-200.000000)
386:BR,Player:0r200c/cr300c/r1129c/r1223c:2dJd,8hAc|/4c8dJc/3d/3h:2952,-2952(1490.349554)
387:Player,BR:0cc/cc/cr216f:2sAd,4dJs|/6h8s8d/3h:-100,100(-100.000000)
388:BR,Player:0r200c/cr300c/r1299f:4c6h,8cTh|/6d6cJs/5h:600,-600(600.000000)
389:Player,BR:0cr200c/cc/r300c/cr100f:6hQh,8cAh|/TcKhKc/Js/Th:-600,600(-600.000000)
390:BR,Player:0f:KcAh,2s4h|:50,-50(50.000000)
391:Player,BR:0cc/cc/cr329f:2d3c,QsQc|/8s8c9h/4s:-100,100(-100.000000)
392:BR,Player:0r100c/cc/r757f:6s6d,TsKs|/3h5c7h/4s:200,-200(200.000000)
393:Player,BR:0cc/cc/cr100f:6s9c,5sAs|/3hJdKs/Kd:-100,100(-100.000000)
394:BR,Player:0r100c/cr200c/r214c/cc:6s8h,6h9c|/4c6dTh/2h/3s:-614,614(187.173761)
395:Player,BR:0cr200c/cc/cr140c/cc:9dKd,9cAs|/3c4h5c/5s/6h:-440,440(-2.085936)
396:BR,Player:0f:7dQd,2c9s|:50,-50(50.000000)
397:Player,BR:0cc/cc/cr501c/cr647c:4hJc,JdKc|/6d7cTd/Js/3c:-1248,1248(-699.609765)
398:BR,Player:0r200c/cr300c/r425c/cc:8s9d,4cJc|/4d7sKd/9c/Td:1025,-1025(147.935292)
399:Player,BR:0cr200c/cc/cr859f:4cKc,3h8d|/3d9dTd/4s:-300,300(-300.000000)
400:BR,Player:0r100c/cc/cc/cr800f:2c4h,3h4c|/7d8dKs/7c/8h:-200,200(-200.000000)
401:Player,BR:0cc/cc/r100r100c/cc:3d6s,5d6d|/2d5sTs/Jc/Ks:-300,300(11.213783)
402:BR,Player:0cc/cr200c/r427f:3c5c,4cJh|/2d3h6d/4d:300,-300(300.000000)
403:Player,BR:0cc/cc/cc/r100r123c:6s8c,7cJh|/4cQcAc/9s/2c:323,-323(-151.803118)
404:BR,Player:0f:4h9c,2d3s|:50,-50(50.000000)
405:Player,BR:0cr200c/r300c/cr1129c/cc:9hTc,3s5c|/TsTdJd/Ac/Kd:1729,-1729(1729.000000)
406:BR,Player:0r200c/cr300c/r561r1161r6647c/r1804c:4d5h,9hJc|/6h7dJs/9c/8s:10773,-10773(9199.974237)
407:Player,BR:0cr200c/r300c/cr7991r8591f:5s5h,7h8s|/3s4d6h/Kh:8591,-8591(8591.000000)
408:BR,Player:0r100c/cr200c/r430c/cc:2dJc,6sTc|/5dTdQh/7h/7d:-830,830(-754.107394)
409:Player,BR:0cc/cc/cr576f:3dTd,QhKh|/5s8hQs/Jh:-100,100(-100.000000)
410:BR,Player:0r100c/cc/cc/cc:8h9s,9cJc|/7h7dQs/Ks/5d:-200,200(-199.999964)
411:Player,BR:0cc/cc/cr2025f:2s4c,JcKd|/9hJhKc/4h:-100,100(-100.000000)
412:BR,Player:0r200c/cr300c/r100f:9hJc,2s9s|/3cQcKs/Qh:600,-600(600.000000)
413:Player,BR:0cr200c/cc/cc/cc:9s9c,7sKs|/3dQdAd/8s/6d:300,-300(258.450830)
414:BR,Player:0r200c/cr600c/cc/cc:4sKd,4h7d|/9hTsAh/6d/4d:900,-900(221.599960)
415:Player,BR:0cc/cc/cr249f:4h9h,QhKc|/2cJsAc/7c:-100,100(-100.000000)
416:BR,Player:0r100c/cr200c/r569f:9h9c,6sQc|/5h6hJh/8d:400,-400(400.000000)
417:Player,BR:0cc/r100c/cr100f:6d7h,2h9d|/JdJcKh/9s:-200,200(-200.000000)
418:BR,Player:0r200c/cc/r244c/r220c:8sQd,4sAd|/4d6hKs/8c/3h:764,-764(410.877109)
419:Player,BR:0cc/r200c/r600c/cr100r4000f:2h3c,7h9d|/9hKcAh/6s/3h:1000,-1000(1000.000000)
420:BR,Player:0r100c/cc/cc/cc:4cKs,7s8d|/4dJsQd/6c/7d:-200,200(-8.731696)
421:Player,BR:0cc/cc/cr249f:2s6d,5dQc|/3s8sJc/Qs:-100,100(-100.000000)
422:BR,Player:0cc/cc/cr200c/cc:2sQd,4d7c|/2c5c7h/4c/6d:-300,300(-291.723564)
423:Player,BR:0cc/r200c/r600f:7sAd,2c3d|/7cJdAs/6h:300,-300(300.000000)
424:BR,Player:0r200c/cc/r1502c/cr18198f:4h8h,ThTc|/2d9hAs/5h/Ts:-1802,1802(-1802.000000)
425:Player,BR:0cr200c/r300c/cr1129c/r1729f:QcAd,3d6h|/7cTsQs/5c/Qh:1729,-1729(1729.000000)
426:BR,Player:0r200c/cr300c/r279r1758c/cr5274f:4sKc,6s9h|/2s4d6h/9s/5d:-2637,2637(-2637.000000)
427:Player,BR:0cc/cc/r100r285c/cr171c:6c8h,KsKd|/3d7h8s/3c/4c:-656,656(-469.110026)
428:BR,Player:0r200c/cr600c/cc/r317f:3dTc,7dKs|/4h8d9s/5s/Ts:900,-900(900.000000)
429:Player,BR:0cc/cc/r100r163f:4sJc,6d9h|/3d5d6s/Ac:-200,200(-200.000000)
430:BR,Player:0r100c/cc/cc/cc:JcQd,8sKh|/2c3h7s/Ac/9s:-200,200(-81.492161)
431:Player,BR:0cc/cc/r100r1152f:3s5d,6d7s|/6c7cQs/2d:-200,200(-200.000000)
432:BR,Player:0cc/cc/cc/cr200r323f:5sTh,4cQd|/7h7dKc/9c/Qh:300,-300(300.000000)
433:Player,BR:0cc/cc/cc/cr100f:2dJh,7s9c|/7d8cKh/Qh/Ks:-100,100(-100.000000)
434:BR,Player:0cc/cr200c/cc/cr600r1694f:5h8d,2s7s|/5s6cQs/Tc/Jh:900,-900(900.000000)
435:Player,BR:0cc/cc/cc/cc:2c8d,3h9h|/3d4s6c/Ts/6s:-100,100(-38.833650)
436:BR,Player:0r100c/cr200c/r655f:9sTc,5sKc|/4s4d6d/Th:400,-400(400.000000)
437:Player,BR:0cr200c/cc/cr1986f:7cKc,6sJs|/7s8s9d/Ad:-300,300(-300.000000)
438:BR,Player:0r100c/cr400c/cc/cc:6sAh,TsJh|/2c8sKh/4c/5s:600,-600(-118.065371)
439:Player,BR:0cr200c/cc/r300r300c/r3600f:5sKs,6d9h|/7c8sTs/9d/Qs:900,-900(900.000000)
440:BR,Player:0cc/cr100c/cr200f:3s5d,5sJh|/6c9hJs/Qs:-200,200(-200.000000)
441:Player,BR:0cc/cc/cc/r100r1152f:8dTs,2c7c|/2h8hKc/Qs/6h:-200,200(-200.000000)
442:BR,Player:0cc/cr200c/r140r880r1879c/cc:2d6h,5h8h|/6s9hAh/4s/5c:3199,-3199(-605.241300)
443:Player,BR:0cr200c/cc/r600c/cr4506f:4h8h,3cKh|/6sQcAd/As/4s:-900,900(-900.000000)
444:BR,Player:0cc/cr200c/r1306c/cr3212f:5h8s,2dJs|/2s3cJd/4c/Jc:-1606,1606(-1606.000000)
445:Player,BR:0cc/cc/cr108r208r9690f:2d9h,7hQh|/4sTcJh/7d:-416,416(-416.000000)
446:BR,Player:0cc/cc/cc/cc:3s4s,JdAc|/3h8sTh/6c/5h:100,-100(29.279340)
447:Player,BR:0cr200c/cc/cr1502f:5hKh,6sTs|/2s2d9s/8c:-300,300(-300.000000)
448:BR,Player:0cc/cr200c/r100f:8sQh,5cTs|/4h7cKd/7s:300,-300(300.000000)
449:Player,BR:0cr200c/cc/cr649f:3cQc,5sAd|/6d7s7d/4s:-300,300(-300.000000)
450:BR,Player:0r100c/cc/r2014c/r7288f:2c7c,8dKh|/5s6cKc/2d/2s:2214,-2214(2214.000000)
451:Player,BR:0cc/cc/cr249f:3d4c,9hJs|/5cJhKh/3h:-100,100(-100.000000)
452:BR,Player:0r100c/cr400c/cr600c/cc:7h7c,TcQd|/6c8hKd/Qh/3c:-1200,1200(-51.093875)
453:Player,BR:0cc/cc/cr216f:2hTs,2d8s|/7dAhAc/3d:-100,100(-100.000000)
454:BR,Player:0cc/cc/cr100f:4s6c,5d9s|/ThJsAd/7s:-100,100(-100.000000)
455:Player,BR:0cc/cc/cr19900f:3h6c,7dKd|/6d7sJd/9d:-100,100(-100.000000)
456:BR,Player:0r200c/cc/r649c/r508f:5sTs,6s9c|/3s4d7c/Th/Kd:949,-949(949.000000)
457:Player,BR:0cc/cc/r100r187c/r387f:8dQc,5dKh|/4d8sAs/3s/Ah:387,-387(387.000000)
458:BR,Player:0cc/cc/r576f:2h8c,5h9s|/5c6hJh/6c:100,-100(100.000000)
459:Player,BR:0cc/cc/cr19900f:2d9d,3s3h|/4s7sQh/3d:-100,100(-100.000000)
460:BR,Player:0cc/cr100c/r376c/r354f:3dAs,6cQh|/5s7s8c/Ac/Td:576,-576(576.000000)
461:Player,BR:0cc/cc/r100c/r800c:3sAh,5s8c|/8hQdAc/Tc/3c:1000,-1000(192.810944)
462:BR,Player:0r200c/cr600c/r19100f:8dAs,4sQs|/3h8sAc/Ah:900,-900(900.000000)
463:Player,BR:0cr200c/r300c/cr561c/cr470r3262f:JcAc,6dQs|/7dTsKs/Kh/Qh:1631,-1631(1631.000000)
464:BR,Player:0r200c/cr300c/r425c/r1268f:4h9s,4sKc|/6dJhQs/Td/8d:1025,-1025(1025.000000)
465:Player,BR:0cr200c/r300c/r600c/cc:4sQs,3s3d|/2d4cKc/Kh/5h:1200,-1200(459.260455)
466:BR,Player:0r100c/cr400c/r100c/cc:7dTs,5h8d|/7c9hTc/Jc/Kc:-700,700(-385.050940)
467:Player,BR:0cc/cc/r100c/r200r866f:2d4s,7sQd|/3d4hAs/Ac/8d:-400,400(-400.000000)
468:BR,Player:0r200c/cc/cc/cc:2dKs,4h5h|/9s9cAc/Qd/7c:300,-300(-75.116466)
469:Player,BR:0cr200c/cc/cr427f:6h8s,4hAh|/QhKsAc/Qc:-300,300(-300.000000)
470:BR,Player:0cc/cr100c/r100r300f:5hTd,5cJc|/4h6sJs/8h:-300,300(-300.000000)
471:Player,BR:0cr200c/r300c/cr1493f:QdKh,JhAc|/4h7cJs/4s:-600,600(-600.000000)
472:BR,Player:0cc/cr100c/r100r600c/r419f:2dKh,7s8h|/3s3c6d/3d/Kc:900,-900(900.000000)
473:Player,BR:0cc/cc/r200c/r600r2240f:3sJh,TsQs|/3h4hJd/As/Qh:-900,900(-900.000000)
474:BR,Player:0r100c/cr400c/cr600c/cc:3h9d,8dTs|/3d7sTh/Kd/5c:-1200,1200(-456.562877)
475:Player,BR:0cr200c/cc/cr161f:9cJd,4dTh|/4h8sAd/8c:-300,300(-300.000000)
476:BR,Player:0r200c/cc/r988f:6sTh,9cQs|/3c4d5d/9d:300,-300(300.000000)
477:Player,BR:0cr200c/cc/r600c/r1800f:TdJh,JsQh|/6s8c9c/7c/6h:900,-900(900.000000)
478:BR,Player:0r200c/cr600c/r2240f:5dTh,3s5h|/2sTcAd/5s:900,-900(900.000000)
479:Player,BR:0cc/cc/cc/cr249f:3hAd,2hQh|/4d6hJs/8c/3c:-100,100(-100.000000)
480:BR,Player:0r100c/cr400c/cc/cc:8dAd,4c5c|/3s7dTh/4s/Tc:-600,600(68.807720)
481:Player,BR:0cc/cc/cr164f:6cJc,3c8d|/4h4d8h/7s:-100,100(-100.000000)
482:BR,Player:0r200c/cr600c/r100f:3s8h,6d8d|/3h9dQh/4s:900,-900(900.000000)
483:Player,BR:0cr200c/cc/cr323c/cr583f:QdKd,8hKs|/4d8s9d/7s/9s:-623,623(-623.000000)
484:BR,Player:0cc/cc/r435c/r164r1398f:QsAh,ThJs|/2hTdQh/7h/Tc:-699,699(-699.000000)
485:Player,BR:0cc/cc/cr286f:2c6h,AsAh|/5s5d9s/Th:-100,100(-100.000000)
486:BR,Player:0cc/cr200c/r281f:3hKc,5c9h|/4h7cQh/3d:300,-300(300.000000)
487:Player,BR:0cc/cc/r100r163c/cr1374f:8sJd,8cTc|/4s7sJs/4c/2h:-363,363(-363.000000)
488:BR,Player:0cc/cc/r164f:2cJd,2hQd|/6d7sJs/Ad:100,-100(100.000000)
489:Player,BR:0cr200c/cc/cr323f:7cAc,4sQs|/3d6sTd/2c:-300,300(-300.000000)
490:BR,Player:0cc/cr100c/cr200r1317f:2h9d,7d8h|/2c4cKs/Qd:400,-400(400.000000)
491:Player,BR:0cr200c/r300c/cr184c/cr137c:6dAd,7cKc|/6hTdQh/7s/4h:-921,921(-107.992638)
492:BR,Player:0r100c/cr200c/r374c/r156c:9hAs,6hAc|/2c7s7c/9c/2s:930,-930(418.629785)
493:Player,BR:0cr200c/cc/cr100c/cc:TsTh,4s5s|/4cQhKd/6c/6d:400,-400(10.279974)
494:BR,Player:0r200c/cc/cc/cr600r1281c:8hKs,7d9c|/3s7sTd/3h/3d:-2181,2181(-2181.000000)
495:Player,BR:0cr200c/r300c/r600c/r1200f:7c8c,5s7h|/5hQcAd/4h/9s:1200,-1200(1200.000000)
496:BR,Player:0cc/cc/r100c/r100c:6c7h,9dAc|/3s6dQs/Tc/Qd:300,-300(64.950216)
497:Player,BR:0cc/cc/cr188f:2c3d,2h7d|/TsTdAc/9s:-100,100(-100.000000)
498:BR,Player:0cc/cr100c/r248r896r1446c/cr11160f:4d9h,6h8h|/5h7sAc/2h/4h:-2790,2790(-2790.000000)
499:Player,BR:0cr200c/r300c/cr1718r2318c/cr705c:QhAh,9cKd|/2hQdKs/5h/6c:-5341,5341(-3993.707352)
500:BR,Player:0r100c/cc/cr400f:3s6h,8dTh|/7h9cQh/9d:-200,200(-200.000000)
RAW BR STATS: n=500, sum=-9128.000000, sum_sq=2038208752.000000, vr_sum=-24126.676609, vr_sum_sq=991960603.500685
BR STATS: -18.256000(176.967145), -48.253353(123.389521)
RESULTS
1)Player: 9128
2)BR: -9128
