In config file: GAME_DEF=game_def.fullholdem
In config file: ACTIONS_R0=C
In config file: ACTIONS_R1=C
In config file: ACTIONS_R2=F,C,1,A
In config file: ACTIONS_R3=F,C,1,A
Using seed 23.
1:BR,Player:0r200c/cc/cc/cc:4d9s,5h7s|/3c5cAc/Kh/Ad:-300,300(-300.000000)
2:Player,BR:0cc/cc/cc/r200r600f:5c7s,3dJd|/3c8hQs/Ac/4c:-300,300(-300.000000)
3:BR,Player:0cc/cc/cr200f:4c6d,2dTc|/5sQcKd/9s:-100,100(-100.000000)
4:Player,BR:0cr200c/r600c/cr1800r5400c/cc:TsQh,8h8c|/3c5hJd/9s/2c:-8100,8100(-3205.367795)
5:BR,Player:0r200c/cc/cc/cc:4hKs,7hKc|/4dJsQd/Qc/8s:300,-300(189.422161)
6:Player,BR:0cr200c/cc/r600c/cc:TdJh,4dKs|/9d9cQh/Ad/4s:-900,900(-316.311808)
7:BR,Player:0cc/cr200c/cr600c/cr19100f:9dJs,2dTc|/4c5c8h/Qs/9s:-900,900(-900.000000)
8:Player,BR:0cr200c/cc/cc/cc:QcAs,3s9d|/4s5cJd/5h/7h:300,-300(299.999995)
9:BR,Player:0f:7dKc,2s3h|:50,-50(50.000000)
10:Player,BR:0cc/cc/cr200f:8cQd,6dTd|/2h4s7s/6s:-100,100(-100.000000)
11:BR,Player:0cc/cc/r19900f:7sTs,9dKc|/3c7dTh/2d:100,-100(100.000000)
12:Player,BR:0cc/cc/r200f:7cJc,3h4s|/5s8dJs/8h:100,-100(100.000000)
13:BR,Player:0r200c/cr600c/r1800c/cr5400f:8dQd,TsJd|/4d9sQc/3d/7c:-2700,2700(-2700.000000)
14:Player,BR:0cc/cc/cc/cr200f:2s4d,4hTc|/6hKdAd/2c/8c:-100,100(-100.000000)
15:BR,Player:0r200c/cr600c/cc/r1800f:3h6s,3d5d|/4h4d8h/Qd/Js:900,-900(900.000000)
16:Player,BR:0cc/cc/cc/cc:3cKs,2sQc|/7dTsAd/9c/As:100,-100(16.473532)
17:BR,Player:0r200c/cr600c/r1800f:9cTs,6d9h|/8dKsKd/7h:900,-900(900.000000)
18:Player,BR:0cc/cc/cr200f:3d6h,7sJs|/2s3h9h/7d:-100,100(-100.000000)
19:BR,Player:0cc/cc/cr200c/cc:5hAc,2c5s|/3c7c9h/3d/8s:300,-300(3.416141)
20:Player,BR:0cc/cc/cc/cr200c:2sQd,3s6d|/9dJsKc/Jd/Ks:300,-300(300.000000)
21:BR,Player:0r200c/cc/cc/cr600f:7s8h,7d9s|/2dJcKc/Js/5s:-300,300(-300.000000)
22:Player,BR:0cc/r200c/cr600f:4s9s,4h7d|/3s3d3c/7c:-300,300(-300.000000)
23:BR,Player:0r200c/cr600c/cr1800f:2s8c,8hTs|/4sQsAd/9h:-900,900(-900.000000)
24:Player,BR:0cc/cc/r200c/cc:8sJd,3dJh|/2h6c9c/Js/4c:300,-300(-142.246014)
25:BR,Player:0cc/cr200c/cc/cc:3dJh,9sKc|/5d7dKd/Ah/7s:-300,300(65.683098)
26:Player,BR:0cc/cc/cc/cc:4cTs,4s9s|/2s8dKd/Td/9h:100,-100(-57.005585)
27:BR,Player:0cc/cc/cc/cr200f:4h8s,6sTd|/3c9sQh/2s/Th:-100,100(-100.000000)
28:Player,BR:0cc/cc/r200c/cc:5dTd,2s2c|/QsKdAh/7d/Kc:-300,300(-48.674010)
29:BR,Player:0r200c/cc/cr600c/cc:8hQd,4s5d|/5sTcAs/2d/9h:-900,900(-414.834478)
30:Player,BR:0cc/cc/cc/r200c:6h9c,8hKd|/2s9hTh/4d/8s:300,-300(41.228360)
31:BR,Player:0r200c/cc/r19700f:6h6d,8cJd|/6sJhAd/7h:300,-300(300.000000)
32:Player,BR:0cc/cc/cr200c/cr600f:7sAh,3cTs|/3s6hTh/2h/Ks:-300,300(-300.000000)
33:BR,Player:0r200c/cr600c/r1800f:QsAs,7hTc|/3c4dKh/Ac:900,-900(900.000000)
34:Player,BR:0cr200c/r600c/cr1800f:4s6s,2c8s|/4d7dQh/Qc:-900,900(-900.000000)
35:BR,Player:0r200c/cc/r600f:2cAc,8sKs|/3c4hJc/Qh:300,-300(300.000000)
36:Player,BR:0cr200c/cc/cr600r1800r5400r11900c/cc:6c7d,ThQh|/5h8hTs/4c/9s:20000,-20000(11132.134484)
37:BR,Player:0cc/cc/r200c/cc:8cTs,2cKs|/6d7dKd/Tc/3s:-300,300(153.857434)
38:Player,BR:0cr200c/cc/cr19700f:8sJc,3hTc|/3s3dQs/8d:-300,300(-300.000000)
39:BR,Player:0cc/cr200c/cc/r600f:6sKc,6h9h|/4cTdKd/As/6c:300,-300(300.000000)
40:Player,BR:0cr200c/r600c/cr1800f:2sJs,2d8c|/3h4c5h/Kc:-900,900(-900.000000)
41:BR,Player:0r200c/cc/cc/cc:5c6h,3cKh|/5dJcAs/2s/Th:300,-300(101.463964)
42:Player,BR:0cc/cc/cr200c/cc:3h8h,7sAd|/3s5s9s/8d/Qd:300,-300(243.229312)
43:BR,Player:0r200c/cr600c/cc/cc:8dAc,6h9h|/3sKsKh/6s/4s:-900,900(-824.468836)
44:Player,BR:0cc/cc/cr19900f:4cQh,TdKd|/TcKhAd/9c:-100,100(-100.000000)
45:BR,Player:0r200c/cc/cr600c/cc:6sKc,5hKd|/4dJdAh/Qc/3c:900,-900(28.808995)
46:Player,BR:0cc/cc/cr200c/cc:5h9s,6hJh|/2c5d9c/8h/Ad:300,-300(279.720578)
47:BR,Player:0r200c/cc/r19700f:5sAd,5c9c|/4d9dTd/3d:300,-300(300.000000)
48:Player,BR:0cc/cc/r200c/cc:6dAc,7dKc|/5sTdJh/6s/2c:300,-300(15.156964)
49:BR,Player:0r200c/cr600c/cc/cc:3dQh,4sTs|/3h9hJs/7d/4d:-900,900(-199.115614)
50:Player,BR:0cc/cc/cr19900f:5hTs,5cTc|/6c8c9c/3d:-100,100(-100.000000)
51:BR,Player:0cc/cc/r19900f:7dAd,6hQc|/2d6sKd/9d:100,-100(100.000000)
52:Player,BR:0cc/cc/cc/cr200r600f:6sKh,7d9d|/JhKsKc/2d/9s:300,-300(300.000000)
53:BR,Player:0cc/cr200c/r600f:3d5d,2sJh|/6c7s8c/Kc:300,-300(300.000000)
54:Player,BR:0cr200c/cc/cr600f:6h6d,JsJc|/4h7dKd/9h:-300,300(-300.000000)
55:BR,Player:0cc/cc/cc/cr200c:3cTc,3sJd|/JhQdQc/Qh/Ts:-300,300(-44.111501)
56:Player,BR:0cr200c/cc/cc/cc:2sJs,7s8d|/6hJdQc/Kd/Th:300,-300(274.428115)
57:BR,Player:0f:8sKh,3s9c|:50,-50(50.000000)
58:Player,BR:0cc/cc/cc/r200f:8dQh,2c6s|/7dTsJh/9h/Th:100,-100(100.000000)
59:BR,Player:0r200c/cc/r19700f:9sTh,4s4d|/2s2dTc/Ts:300,-300(300.000000)
60:Player,BR:0cc/cc/cr200c/cr600f:5d7h,3sJh|/4s5c9c/Js/3h:-300,300(-300.000000)
61:BR,Player:0cc/cc/cc/cr200c:2sKh,ThAh|/3s3c5s/2h/Ac:-300,300(-91.440806)
62:Player,BR:0cc/cc/cr200c/cc:7hQc,7c9h|/6h8cAc/Qd/Ks:300,-300(293.919774)
63:BR,Player:0cc/cr200c/cc/cr600c:4sJd,4hTc|/3d4cTh/5d/As:-900,900(-293.300849)
64:Player,BR:0cc/cc/r200c/cc:7dTc,5hTs|/2h5d9c/Jd/4c:-300,300(16.983792)
65:BR,Player:0r200c/cc/r600c/cc:ThAh,9dJh|/8s9hKh/3c/5d:-900,900(-873.500860)
66:Player,BR:0cc/cc/cc/cr200f:4dJc,4c7s|/3h9dQh/Ts/Th:-100,100(-100.000000)
67:BR,Player:0f:9hQh,2h4s|:50,-50(50.000000)
68:Player,BR:0cc/cc/cc/cc:7sAh,9cJs|/4s4h8d/Qs/Kh:100,-100(14.148340)
69:BR,Player:0r200c/cc/cc/cr600f:5s8h,6cAs|/6h7hTs/Ad/3d:-300,300(-300.000000)
70:Player,BR:0cr200c/cc/cr600f:6h7d,JcAc|/TsThJh/5h:-300,300(-300.000000)
71:BR,Player:0r200c/cr600c/cr1800c/cc:QsQd,QhAh|/8h9sJh/As/Ks:-2700,2700(-414.843488)
72:Player,BR:0cr200c/cc/cc/cc:8d9s,QsKh|/3h9dJd/4d/Ad:300,-300(239.235322)
73:BR,Player:0r200c/cc/cc/cr600f:7hQs,4c6c|/KdAsAd/8s/9s:-300,300(-300.000000)
74:Player,BR:0cc/cc/cc/r200r600f:3dKs,2h3h|/2s9hJs/Ad/Kd:-300,300(-300.000000)
75:BR,Player:0r200c/cr600c/cc/cc:4h5s,3sTs|/4d9dAs/7s/7h:900,-900(526.008248)
76:Player,BR:0cr200c/cc/cc/cc:5dAc,7s9h|/3sJhJd/Kc/Qh:300,-300(297.780581)
77:BR,Player:0r200c/cr600c/r1800c/cr5400f:7cTd,2dQd|/2s4c6s/Th/As:-2700,2700(-2700.000000)
78:Player,BR:0cc/cc/cr200f:2hKc,JhAh|/7d8dJc/Qd:-100,100(-100.000000)
79:BR,Player:0r200c/cc/r600c/cr1800c:6c9h,8sTc|/9sQsQh/7d/3c:2700,-2700(-820.447778)
80:Player,BR:0cc/cc/cr200c/cc:6d8c,8sQh|/2h5c8h/9d/7c:300,-300(-62.586179)
81:BR,Player:0r200c/cr600c/r1800c/cr5400f:3d8h,JdKd|/2h5sJc/Jh/Tc:-2700,2700(-2700.000000)
82:Player,BR:0cr200c/cc/cc/cc:2d2c,2h7h|/6h7cTd/Jc/8c:-300,300(-73.489799)
83:BR,Player:0r200c/cc/r19700f:4hTh,2hKd|/4c8dTd/2c:300,-300(300.000000)
84:Player,BR:0cc/cc/r200c/cc:4cTh,5hTc|/6s7cKh/5d/2s:-300,300(-56.240877)
85:BR,Player:0cc/cc/r200c/r600f:8cKs,7dTd|/2c7hKh/4c/9s:300,-300(300.000000)
86:Player,BR:0cc/cc/cr200f:3d4s,5d7h|/6hJcQs/9s:-100,100(-100.000000)
87:BR,Player:0cc/cr200c/r600f:6cTc,TdJs|/4d9cAh/5s:300,-300(300.000000)
88:Player,BR:0cr200c/cc/cc/cc:9dAc,8hAd|/3c7sKh/Jc/5d:300,-300(254.045630)
89:BR,Player:0cc/cc/cc/r200f:2d6d,3cQd|/5h8hAc/9d/7h:100,-100(100.000000)
90:Player,BR:0cc/cc/cc/r200f:6cKs,8dAc|/4dThQh/2c/Kh:100,-100(100.000000)
91:BR,Player:0cc/cr200c/r600c/cr1800f:TdAd,4dAs|/6h8hAh/Qs/9h:-900,900(-900.000000)
92:Player,BR:0cc/cc/r200c/cr600f:9cQh,3cQc|/4d7cTh/Kh/5d:-300,300(-300.000000)
93:BR,Player:0r200c/cr600c/r19100f:KsKh,7dJs|/2s4s8d/9h:900,-900(900.000000)
94:Player,BR:0cc/cc/cr200f:6sKh,6h8s|/5cTsTd/8h:-100,100(-100.000000)
95:BR,Player:0r200c/cr600c/r1800c/cr5400f:2d9s,8hKh|/2h9hJh/4s/Jd:-2700,2700(-2700.000000)
96:Player,BR:0cr200c/cc/cc/r600r1800r17300f:AdAc,7hKs|/6sQsQd/As/4d:2700,-2700(2700.000000)
97:BR,Player:0r200c/cc/r600c/cc:2sQd,3dJd|/7s8hJh/Qc/Tc:900,-900(53.495578)
98:Player,BR:0cr200c/r600c/cr1800f:8dTd,3c8s|/6sAhAc/Qd:-900,900(-900.000000)
99:BR,Player:0r200c/cr600c/r19100f:QsAs,9cQd|/5h6sTs/5s:900,-900(900.000000)
100:Player,BR:0cc/cc/cr200c/cc:6hQc,2s3h|/6d9cTh/Kh/2c:300,-300(236.452168)
101:BR,Player:0r200c/cc/cc/cc:9dAs,4d6s|/6d8sQs/2h/3c:-300,300(-178.287487)
102:Player,BR:0cr200c/cc/cc/r600r1800c:6s7c,7h7d|/5s8dTh/9d/4c:2700,-2700(2700.000000)
103:BR,Player:0r200c/cr600c/r1800f:5dTc,4c9c|/5s6cJh/5c:900,-900(900.000000)
104:Player,BR:0cc/cc/cr200c/cr600f:2d7d,JsKs|/7h9cKd/4s/4c:-300,300(-300.000000)
105:BR,Player:0cc/cr200c/cc/cc:3cAs,TsQc|/7d8sTh/3s/9h:-300,300(-248.797236)
106:Player,BR:0cc/cc/cr200c/cc:5sJs,ThQd|/8dJdKh/3s/4h:300,-300(275.530330)
107:BR,Player:0cc/cc/r200c/r600f:8d9c,2cJd|/3d5hJh/6h/7c:300,-300(300.000000)
108:Player,BR:0cr200c/r600c/cr1800f:JhQs,2s3s|/4d8h9h/9c:-900,900(-900.000000)
109:BR,Player:0f:9dKh,3s8d|:50,-50(50.000000)
110:Player,BR:0cc/cc/cr200c/r600f:4dTs,3s7h|/ThTdAs/8s/Ac:300,-300(300.000000)
111:BR,Player:0r200c/cr600c/cc/cc:QcAh,3dAs|/3c6cJs/Jc/3s:-900,900(198.609399)
112:Player,BR:0cr200c/cc/cc/cc:8hKh,2hKs|/3c4d5d/5h/4h:0,-0(14.605921)
113:BR,Player:0r200c/cr600c/cc/cr1800r5400f:JdKh,5cAc|/3s8cJs/Td/4c:2700,-2700(2700.000000)
114:Player,BR:0cc/cc/cr200f:5h8d,9cJh|/6cTsJd/6h:-100,100(-100.000000)
115:BR,Player:0cc/cc/cc/cr200f:6s9d,6hQs|/2hThJh/2d/Kh:-100,100(-100.000000)
116:Player,BR:0cc/cc/cr200f:2s3h,7c9c|/6s7hQc/Ts:-100,100(-100.000000)
117:BR,Player:0cc/cr200c/cc/r600f:QhAd,4sKd|/2h5s7c/4c/3h:300,-300(300.000000)
118:Player,BR:0cr200c/r600c/cr1800f:6h7c,3h9s|/2c8dTh/Qd:-900,900(-900.000000)
119:BR,Player:0r200c/cc/cr600f:4hJh,7c9s|/6h8s8c/Qd:-300,300(-300.000000)
120:Player,BR:0cr200c/cc/r600c/r1800f:5d8d,3h3d|/6s7cJh/Qh/2c:900,-900(900.000000)
121:BR,Player:0cc/cc/cr200c/cr600f:9cTc,4hAc|/5hJdAh/2d/7h:-300,300(-300.000000)
122:Player,BR:0cc/r200c/cr600f:7sAd,ThQh|/5d7hQs/8h:-300,300(-300.000000)
123:BR,Player:0r200c/cr600c/cc/r1800c:8sQc,7hAd|/3sTsAh/3d/2d:-2700,2700(-2700.000000)
124:Player,BR:0cr200c/r600c/cr1800f:TsQc,2c8s|/3dJdAs/Jc:-900,900(-900.000000)
125:BR,Player:0cc/cr200c/cc/cc:8sJd,5cTh|/6h8h9s/As/Tc:-300,300(5.523520)
126:Player,BR:0cc/cc/cr200c/cc:3s9d,5dQd|/2d3c8h/Qc/9c:300,-300(-155.587617)
127:BR,Player:0cc/cr200c/r600f:3c9d,2s5c|/4d5dKc/4h:300,-300(300.000000)
128:Player,BR:0cc/cc/cr200f:3h9h,3dQs|/6h7dAc/Qc:-100,100(-100.000000)
129:BR,Player:0r200c/cc/r600f:JsAc,6sTc|/7cThKd/Jh:300,-300(300.000000)
130:Player,BR:0cc/cc/cr19900f:7cAh,8sKs|/5d8h8c/Kc:-100,100(-100.000000)
131:BR,Player:0r200c/cc/cr600c/cr1800f:3d8h,4d7s|/3s9cTs/9h/6c:-900,900(-900.000000)
132:Player,BR:0cr200c/r600c/r1800c/cc:7d9s,2s9d|/2c5s8h/4h/Ks:-2700,2700(235.396496)
133:BR,Player:0r200c/cc/r600f:6c7c,6d7d|/4h4c9c/Jc:300,-300(300.000000)
134:Player,BR:0cc/cc/cr200f:6sJd,7cAh|/5dKdAs/Tc:-100,100(-100.000000)
135:BR,Player:0r200c/cr600c/cc/cc:5s9d,4hJh|/7s8sTs/4s/2d:900,-900(482.518504)
136:Player,BR:0cr200c/cc/cc/r600f:4c6c,3d6s|/5c6h8d/Jh/7c:300,-300(300.000000)
137:BR,Player:0r200c/cc/cc/cc:2cTd,5hKd|/9hThQh/6s/Qc:300,-300(252.439864)
138:Player,BR:0cc/cc/cr200c/cr600c:2d6d,2cQc|/5c6h9d/4c/Qh:-900,900(-546.310461)
139:BR,Player:0r200c/cc/cr600c/cr1800c:2hJd,5h8d|/2sQhKs/Kh/3h:2700,-2700(-825.039784)
140:Player,BR:0cc/cc/r200c/cc:2c5d,6hJs|/4h4cAc/9c/9h:0,-0(119.246019)
141:BR,Player:0cc/cc/cc/cr200r600f:QdKd,5cKc|/7c9hAd/5h/Ac:300,-300(300.000000)
142:Player,BR:0cc/cc/r200c/cc:2sAc,5c6h|/TdQhAd/6d/7d:300,-300(300.000000)
143:BR,Player:0cc/cc/cc/cc:3d4s,5s5d|/6h9dTc/2c/8s:-100,100(-100.000000)
144:Player,BR:0cc/cc/cc/r200f:6h9d,3cTh|/2s6sQc/2c/4c:100,-100(100.000000)
145:BR,Player:0r200c/cr600c/r1800c/cr5400f:3cTh,4d7s|/4s4cQh/2c/Kh:-2700,2700(-2700.000000)
146:Player,BR:0cc/cc/cr200c/cc:4hKd,7cKc|/4s7h9s/3h/8s:-300,300(-124.205688)
147:BR,Player:0cc/cr200c/r600c/r1800f:8hTh,9hQs|/5h6c8s/Tc/3h:900,-900(900.000000)
148:Player,BR:0cc/cc/cc/cr200c:2s3h,6d9h|/2c6hTc/Jd/Ad:-300,300(-29.041179)
149:BR,Player:0r200c/cc/r600f:8dQc,3s7s|/7hTsQd/Jc:300,-300(300.000000)
150:Player,BR:0cc/cc/cc/r200f:5cQh,4hJs|/3s6c8s/Qc/9s:100,-100(100.000000)
151:BR,Player:0r200c/cr600c/cc/cr1800f:9cAc,5hKc|/3h4cJs/Jh/Ks:-900,900(-900.000000)
152:Player,BR:0cr200c/cc/cr600f:JsKs,4c9d|/2c6dTd/8c:-300,300(-300.000000)
153:BR,Player:0r200c/cc/cr600f:7hTd,7s9c|/2c6c8c/6d:-300,300(-300.000000)
154:Player,BR:0cc/cc/cc/cc:3dKh,3c7d|/2s4sKs/Ts/7c:100,-100(19.318141)
155:BR,Player:0r200c/cc/r600f:6sTh,JdQs|/2s5d6c/Ah:300,-300(300.000000)
156:Player,BR:0cr200c/cc/cc/r600r1800f:6h7h,4hJd|/7s8s8d/8c/Js:-900,900(-900.000000)
157:BR,Player:0r200c/cc/cc/cc:4dTs,2cKd|/7c9hAh/Jc/3d:-300,300(-290.931342)
158:Player,BR:0cc/cc/cr200c/cr600f:8hJs,6sAd|/6cJhAh/Ks/5d:-300,300(-300.000000)
159:BR,Player:0r200c/cc/r600f:8cJc,6h9s|/3d5d6c/Ac:300,-300(300.000000)
160:Player,BR:0cc/cc/cc/r200f:5s8d,9dAd|/6d8sQc/7h/4s:100,-100(100.000000)
161:BR,Player:0cc/cr200c/cr600c/cr1800f:6dKs,7dJc|/5d8sJh/2c/7s:-900,900(-900.000000)
162:Player,BR:0cc/cc/cc/cc:2s5h,7c9h|/TsKsAd/6h/7h:-100,100(-44.206794)
163:BR,Player:0r200c/cr600c/cr1800c/cc:JdKh,9dJc|/2h2d7d/3c/Ac:2700,-2700(948.399175)
164:Player,BR:0cc/cc/cc/r200f:5dTh,7sKc|/6d9cAh/2c/Jc:100,-100(100.000000)
165:BR,Player:0r200c/cc/cc/cr600c:7dAd,6hKd|/3sTcJd/Qs/Ac:-900,900(-90.102642)
166:Player,BR:0cc/cc/r200c/cc:6dQs,8c9c|/2c4cQd/9d/4d:300,-300(-68.742523)
167:BR,Player:0r200c/cr600c/cc/cc:4hJd,ThAs|/4d6s7s/8h/2c:900,-900(-112.432911)
168:Player,BR:0cc/cc/cr200f:3h5s,2d5c|/8hKhAs/Kc:-100,100(-100.000000)
169:BR,Player:0cc/cr200c/r600c/cr1800f:5c6h,6d8h|/2h7d8s/8c/Ac:-900,900(-900.000000)
170:Player,BR:0cr200c/r600c/r1800c/cc:6dTd,3dAh|/9dJhJd/Ks/9c:-2700,2700(-200.124465)
171:BR,Player:0cc/cc/r200f:QdKc,2s5s|/8h9dKh/5h:100,-100(100.000000)
172:Player,BR:0cc/cc/cc/cr200f:6dJs,4d9c|/9sQhAc/As/6h:-100,100(-100.000000)
173:BR,Player:0cc/cc/r200c/r600f:5cAh,4hJc|/8hJhAd/Qd/2s:300,-300(300.000000)
174:Player,BR:0cc/cc/cr200f:2d3c,6c9s|/8s8cQs/6s:-100,100(-100.000000)
175:BR,Player:0r200c/cc/cc/cc:KcAs,8hAc|/2s5h5c/Tc/Jc:300,-300(179.958350)
176:Player,BR:0cc/cc/r200c/cc:5h7d,2c9s|/4h6s9d/Kd/Js:-300,300(-171.782527)
177:BR,Player:0r200c/cc/cc/cr600c:2dJs,5s6d|/JcQhAs/4h/7s:900,-900(-299.340028)
178:Player,BR:0cc/cc/r200f:2c7c,3h4h|/6s9cAs/Ac:100,-100(100.000000)
179:BR,Player:0cc/cr200c/cc/cc:3cKs,4s9h|/2sQhKd/Ad/Qd:300,-300(272.270375)
180:Player,BR:0cc/cc/cc/cr200r600f:4hKh,2dTs|/5dKsKd/Qd/7h:300,-300(300.000000)
181:BR,Player:0r200c/cr600c/cr1800f:8hTc,QcKc|/2c5sKh/Jd:-900,900(-900.000000)
182:Player,BR:0cr200c/cc/cr600c/cr1800f:4h7h,6c9s|/4s8sTs/7d/As:-900,900(-900.000000)
183:BR,Player:0f:5h7s,2h5c|:50,-50(50.000000)
184:Player,BR:0cr200c/cc/cr600f:JhKh,9s9h|/3h4d8d/Ac:-300,300(-300.000000)
185:BR,Player:0r200c/cc/cr600c/cc:5cAd,6cKs|/4h6dTc/4d/Js:-900,900(-139.662690)
186:Player,BR:0cc/cc/cc/r200f:6dTc,5hQs|/2dKdAc/Th/Ah:100,-100(100.000000)
187:BR,Player:0r200c/cr600c/cc/cc:7dQc,TdJh|/5d7sTc/6d/5h:-900,900(569.382913)
188:Player,BR:0cr200c/cc/cr600f:4c5c,6sKs|/2dThJh/Kc:-300,300(-300.000000)
189:BR,Player:0cc/cc/cr200c/cr600f:ThJd,2dAd|/3d9sAc/4d/8s:-300,300(-300.000000)
190:Player,BR:0cc/cc/r200c/r600f:5c8h,5sJd|/6c9sKh/2c/Kc:300,-300(300.000000)
191:BR,Player:0cc/cr200c/cc/cc:2d4h,5hTs|/4cJsKs/6h/As:300,-300(56.829986)
192:Player,BR:0cr200c/r600c/cc/cc:2h2c,QhAh|/3h4s4c/5s/7s:900,-900(619.421546)
193:BR,Player:0cc/cc/cc/cr200f:2cJs,2dTh|/3d7hKh/Qs/3h:-100,100(-100.000000)
194:Player,BR:0cr200c/cc/cc/cc:4h5c,JsAh|/2d9cTd/5s/2h:300,-300(123.890083)
195:BR,Player:0cc/cc/r200c/r600f:5hAc,8sJs|/6s9cAh/Ks/7c:300,-300(300.000000)
196:Player,BR:0cc/cc/cc/cc:2sJd,5cQc|/9d9cTs/Ac/6s:-100,100(4.860520)
197:BR,Player:0cc/cc/r200f:JsKh,3cJh|/7d8dKc/9d:100,-100(100.000000)
198:Player,BR:0cc/cc/cr19900f:6hAc,9hTs|/5d9cTc/9d:-100,100(-100.000000)
199:BR,Player:0cc/cc/r19900f:6cJd,6sAs|/6dThJs/5s:100,-100(100.000000)
200:Player,BR:0cr200c/cc/r600r19100c/cc:7c9c,7hTs|/6s8s9d/3c/Qc:-20000,20000(-19467.057638)
201:BR,Player:0cc/cc/r200f:7hQh,2sTd|/6h7dJc/8d:100,-100(100.000000)
202:Player,BR:0cc/cc/cr200c/cc:4s7c,9sTs|/5d6c9c/7d/3s:300,-300(19.565408)
203:BR,Player:0r200c/cc/r600f:JdAs,5dKh|/2d7cAh/Td:300,-300(300.000000)
204:Player,BR:0cr200c/r600c/cr1800f:8cKd,4sTd|/5c8dQs/7d:-900,900(-900.000000)
205:BR,Player:0cc/cr200c/r600c/cc:3cTc,8dKd|/TsQcKh/3d/2h:900,-900(728.449443)
206:Player,BR:0cc/cc/cr200c/cc:5dQh,8sJd|/2d6c8c/5h/3h:-300,300(-100.924748)
207:BR,Player:0cc/cr200c/cr600r1800f:3d5h,ThJc|/4s5sJh/7h:900,-900(900.000000)
208:Player,BR:0cr200c/cc/cc/cc:JsAs,3hJd|/2d3sKd/8d/6h:-300,300(-56.075303)
209:BR,Player:0r200c/cc/cc/cc:9dJh,3d3c|/4d6hTh/2c/Qh:-300,300(-300.000000)
210:Player,BR:0cc/cc/cr200f:3sQc,7s8h|/2s5s9c/2h:-100,100(-100.000000)
211:BR,Player:0r200c/cr600c/cr1800f:5c6d,9hQh|/2hJhKc/As:-900,900(-900.000000)
212:Player,BR:0cc/cc/r200c/r600f:7sKc,5dQd|/7dJsKs/6h/9s:300,-300(300.000000)
213:BR,Player:0f:8cTc,3h9s|:50,-50(50.000000)
214:Player,BR:0cr19900c/cc/cc/cc:9hAd,8sJd|/5s7cQh/2h/Qc:20000,-20000(13688.077280)
215:BR,Player:0f:3c5c,3s8h|:50,-50(50.000000)
216:Player,BR:0cr200c/cc/r600c/cc:4cKc,9sAs|/JsJdQs/Tc/Jh:-900,900(-259.065577)
217:BR,Player:0r200c/cc/cc/r600f:9hQc,7d9s|/2c4s6h/4c/Qh:300,-300(300.000000)
218:Player,BR:0cr200c/cc/cr600f:2s2c,4hTs|/5h6d7s/Ac:-300,300(-300.000000)
219:BR,Player:0r200c/cr600c/cr1800f:2c4s,TdQd|/ThQcAd/Jh:-900,900(-900.000000)
220:Player,BR:0cc/cc/cr200f:3h9c,2hKc|/6s7h7d/7c:-100,100(-100.000000)
221:BR,Player:0cc/cc/cc/cc:9dTs,3d5d|/4d4cKc/6d/6h:0,-0(-40.465790)
222:Player,BR:0cr200c/r600c/r1800c/cc:4h5c,7hKc|/7dQdKd/3h/Ah:-2700,2700(-767.376518)
223:BR,Player:0cc/cc/r200f:4c7d,ThQs|/4h5d9d/7h:100,-100(100.000000)
224:Player,BR:0cc/cc/r200r19700f:8sQh,5cAc|/6s7c9c/Jc:-300,300(-300.000000)
225:BR,Player:0cc/cr200c/cr600f:3dKh,2s2h|/2c7h8d/9s:-300,300(-300.000000)
226:Player,BR:0cr200c/r600c/cc/cr1800c:7sAs,2s8d|/4s8sJs/Qs/Ts:2700,-2700(2662.087002)
227:BR,Player:0r200c/cc/r600f:4s8d,JhAd|/3h8c9d/8h:300,-300(300.000000)
228:Player,BR:0cc/cc/r200r600f:6hQc,5d9d|/2c4h8c/3c:-300,300(-300.000000)
229:BR,Player:0r200c/cc/r600f:3s6s,8c9d|/4d5h7h/Qh:300,-300(300.000000)
230:Player,BR:0cc/cc/cc/cc:2dTc,2c5c|/5h6sJh/6h/Qh:-100,100(3.277894)
231:BR,Player:0r200c/cr600c/cc/r1800f:3c7c,5sJh|/2s8sJd/9h/Kc:900,-900(900.000000)
232:Player,BR:0cc/cc/cr200c/cr600f:5h9d,TcQs|/3sQcAs/5s/Ac:-300,300(-300.000000)
233:BR,Player:0r200c/cc/r600c/cr1800f:9hTc,KhAh|/5d7c8d/Ac/Ad:-900,900(-900.000000)
234:Player,BR:0cr200c/cc/r600c/cr1800c:5sAs,3c4s|/4h5d6h/5h/6d:2700,-2700(2700.000000)
235:BR,Player:0r200c/cc/r600c/cc:8dJd,ThKd|/2dTsAh/9s/2c:-900,900(-900.000000)
236:Player,BR:0cr200c/r600c/r1800r17300c/cc:9cKc,KdAh|/6d9sKh/As/6h:-20000,20000(-7766.625968)
237:BR,Player:0r200c/cr600c/cc/r1800c:4dAh,KhAd|/5cJhAc/8s/3h:-2700,2700(312.123692)
238:Player,BR:0cc/cc/cr200f:2d9s,5sJc|/4hTsTh/7d:-100,100(-100.000000)
239:BR,Player:0r200c/cr600c/r1800f:4h5c,8dQs|/2d6c9s/9d:900,-900(900.000000)
240:Player,BR:0cr200c/r600c/cr1800f:9hTd,5s7c|/JcKsKd/6d:-900,900(-900.000000)
241:BR,Player:0f:JcAc,3c8s|:50,-50(50.000000)
242:Player,BR:0cr200c/cc/cr600f:9dAd,KhAh|/4h4cTs/Kc:-300,300(-300.000000)
243:BR,Player:0cc/cr200c/cr600f:6dKd,6sAs|/7s8s9h/3s:-300,300(-300.000000)
244:Player,BR:0cc/cc/cr200f:5d7s,QsAs|/8h8d8c/2d:-100,100(-100.000000)
245:BR,Player:0cc/cc/cr200c/cc:4d8s,3hAs|/4cTcAd/Kd/Kc:-300,300(92.563393)
246:Player,BR:0cc/cc/r200r600c/cc:7s8h,QsQc|/5c6d8d/6h/7c:-900,900(411.258213)
247:BR,Player:0r200c/cc/r19700f:2sJc,6cTs|/2h2dJh/7s:300,-300(300.000000)
248:Player,BR:0cr200c/cc/cr600f:5c6s,3d4c|/2hQhAd/Ks:-300,300(-300.000000)
249:BR,Player:0cc/cc/r200c/cc:3cKc,6dKh|/3h6c7c/9s/7d:-300,300(-37.208912)
250:Player,BR:0cc/cc/cr200c/cc:5hKs,4c8d|/3d7dAs/4d/Qc:-300,300(117.180368)
251:BR,Player:0cc/cr200c/r600f:4sJh,2dTc|/5h6d9d/Jd:300,-300(300.000000)
252:Player,BR:0cr200c/r600c/r1800f:6dJd,6cQd|/8dKsAd/Jh:900,-900(900.000000)
253:BR,Player:0cc/cr200c/cr600f:2c7c,3s6c|/3cJsKs/9h:-300,300(-300.000000)
254:Player,BR:0cc/cc/cc/cc:8sKh,2hAd|/3s3d7c/5s/Qd:-100,100(-11.007945)
255:BR,Player:0cc/cc/r200c/r600c:QhKd,3s9h|/6sKhAc/9c/As:900,-900(605.129097)
256:Player,BR:0cr200c/cc/cc/r600c:2h2c,QhAh|/7h7c9s/Jh/Js:-900,900(239.055121)
257:BR,Player:0r200c/cr600c/cr1800f:2h3d,4d5c|/6d8sJc/Qd:-900,900(-900.000000)
258:Player,BR:0cr200c/r600c/cr1800f:TsJd,TcQd|/5sQhAs/Ad:-900,900(-900.000000)
259:BR,Player:0r200c/cc/cc/cc:5hKd,8hKc|/9dAdAc/6s/2h:-300,300(-67.867713)
260:Player,BR:0cc/cc/cr200f:2s3d,2d9c|/4c8hKd/Th:-100,100(-100.000000)
261:BR,Player:0cc/cr200c/r600c/r1800f:4hKs,TsJd|/4dQsKc/7s/3d:900,-900(900.000000)
262:Player,BR:0cc/cc/cr200c/cc:6sTd,3hQs|/5c6dQd/5d/Th:-300,300(-96.996541)
263:BR,Player:0cc/cc/cc/cc:2s8d,4hJd|/9hTsTd/9d/8c:-100,100(-99.122433)
264:Player,BR:0cr200c/cc/cc/cc:JcQh,6c8h|/4s6sAd/3h/Js:300,-300(-62.597608)
265:BR,Player:0r200c/cc/cc/cc:6cAh,3h3c|/8sTcQd/2c/9h:-300,300(-170.730667)
266:Player,BR:0cc/cc/r200c/cc:5hAc,2cJd|/4h5dJc/4c/6c:-300,300(35.275930)
267:BR,Player:0r200c/cc/cc/cc:JcAh,6s8s|/6c9hTs/Tc/Kh:-300,300(-136.074502)
268:Player,BR:0cc/cc/cc/cc:6cQs,QdKs|/2h2dJd/7c/3c:-100,100(5.849879)
269:BR,Player:0cc/cr200c/cr600f:JhAd,9dQc|/4s7h8c/5c:-300,300(-300.000000)
270:Player,BR:0cr200c/cc/cc/r600c:5c8c,3sQd|/2d6hQh/Kh/9s:-900,900(276.461438)
271:BR,Player:0r200c/cc/r600f:8dKs,3sQd|/5hJcKd/5d:300,-300(300.000000)
272:Player,BR:0cr200c/cc/cr600f:7c9d,JhAs|/3s3hJs/Qc:-300,300(-300.000000)
273:BR,Player:0r200c/cc/cc/cc:KhAc,6h7s|/3d6d8d/9c/Td:-300,300(-274.539872)
274:Player,BR:0cr200c/cc/cc/cc:7sAc,TdQc|/2h9d9c/4s/8s:300,-300(285.904565)
275:BR,Player:0cc/cc/r200f:QcKh,7sAh|/2c4cJs/Kc:100,-100(100.000000)
276:Player,BR:0cc/cc/cr200f:4cKc,8sAd|/2d9sJs/As:-100,100(-100.000000)
277:BR,Player:0r200c/cr600c/r1800f:2h2c,8dJs|/3h4s5s/3d:900,-900(900.000000)
278:Player,BR:0cr200c/cc/cc/r600f:6s7h,4d6h|/2sJdAd/8h/Qd:300,-300(300.000000)
279:BR,Player:0cc/cr200c/r600c/r19100f:5hAh,2cQs|/TdJhQh/8c/Kh:900,-900(900.000000)
280:Player,BR:0cr200c/cc/r600c/cc:4cKc,7sAs|/3d7c8s/Tc/5h:-900,900(-574.679150)
281:BR,Player:0cc/cc/cr200c/cr600f:6sKs,2s9c|/3h5hQs/Qd/Th:-300,300(-300.000000)
282:Player,BR:0cc/cc/cc/cc:3d5s,2s8c|/8hTsKs/Qd/4h:-100,100(-46.630883)
283:BR,Player:0r200c/cc/cc/cc:4s5d,4d5s|/2d4cTh/Kd/Qc:0,-0(58.543652)
284:Player,BR:0cc/cc/cc/r200f:5c7h,5hKs|/6s9d9c/7d/4s:100,-100(100.000000)
285:BR,Player:0r200c/cc/r600f:9s9d,6sAs|/2h8sQc/Th:300,-300(300.000000)
286:Player,BR:0cc/cc/cr200f:6sKd,4hAh|/2s9sJc/4d:-100,100(-100.000000)
287:BR,Player:0cc/cr200c/cr600f:7sAc,TcKh|/4dQhKc/9c:-300,300(-300.000000)
288:Player,BR:0cr200c/cc/cc/r600f:7s7h,5cTh|/2s2d4c/9c/Js:300,-300(300.000000)
289:BR,Player:0r200c/cc/cr600r1800f:3h8c,4dAc|/9dTdQh/6h:900,-900(900.000000)
290:Player,BR:0cr200c/cc/cr600c/cr19100f:3cAc,5hAh|/2d6hQs/5d/5c:-900,900(-900.000000)
291:BR,Player:0cc/cc/r200c/cc:3cJc,2hQd|/4hJdQc/5h/8h:-300,300(93.953649)
292:Player,BR:0cr200c/cc/r600c/cc:8d8c,5s6s|/6d7h9c/2c/3d:900,-900(-45.634104)
293:BR,Player:0r200c/cc/cc/cr600f:4cKd,3d6d|/6h9sJh/5c/3h:-300,300(-300.000000)
294:Player,BR:0cr200c/cc/cc/cc:AhAc,9hAs|/2h6sTs/3h/Qh:300,-300(112.320656)
295:BR,Player:0cc/cr200c/cc/cr600f:2d8c,4h4c|/2h7s7c/As/4s:-300,300(-300.000000)
296:Player,BR:0cc/cc/cc/cr200c:2sJc,7d9d|/7c8cQs/Js/9h:-300,300(-171.751950)
297:BR,Player:0cc/cr200c/cc/r600c:4d7h,2hQc|/TsJsAc/Ks/7s:-900,900(-900.000000)
298:Player,BR:0cc/cc/cr200f:5dKc,KhKd|/3s8hQd/Ad:-100,100(-100.000000)
299:BR,Player:0r200c/cc/r600f:6sJs,KsAh|/3c6c8s/Qs:300,-300(300.000000)
300:Player,BR:0cc/cc/r200c/r600f:4c9d,9hAs|/6d7dKd/Td/8s:300,-300(300.000000)
301:BR,Player:0cc/cr200c/r600c/cc:5d6d,3h4c|/4sTcQs/4d/Ts:-900,900(-899.848532)
302:Player,BR:0cr200c/cc/cc/cc:ThKd,9d9c|/6s6dAs/7h/Ks:300,-300(14.445432)
303:BR,Player:0r200c/cc/cr600c/cc:TsJc,5sJh|/5c9s9h/5h/9d:0,-0(-0.000000)
304:Player,BR:0cr200c/cc/cc/r600c:TdJc,5dAd|/2d5hTh/Ks/7c:900,-900(293.407200)
305:BR,Player:0cc/cr200c/cc/cc:6sKs,7cTc|/4c7s9c/Qd/6h:-300,300(126.884326)
306:Player,BR:0cc/cc/r200c/r600r1800r5400f:2c6d,4c6h|/4d5d8s/9h/3s:2700,-2700(2700.000000)
307:BR,Player:0cc/cc/r200r600c/cc:6dKh,9dTc|/4d5s8c/6h/Td:-900,900(199.341117)
308:Player,BR:0cc/cc/r200c/r600r1800f:2cAd,ThJd|/3hTsAs/7c/Ks:-900,900(-900.000000)
309:BR,Player:0r200c/cc/cr600c/cc:3sJh,3cTc|/8dKsAc/5c/Th:-900,900(-179.570427)
310:Player,BR:0cc/cc/cc/r200c:6sTh,8sJh|/2hKsAh/3d/6d:300,-300(99.527690)
311:BR,Player:0f:2c4s,2h7s|:50,-50(50.000000)
312:Player,BR:0cr200c/cc/r600c/r1800c:7hQh,2cJs|/5hTsJd/9c/4h:-2700,2700(533.807114)
313:BR,Player:0r200c/cc/cc/cc:9cTh,KdKc|/2c9sJs/As/Qh:-300,300(82.460231)
314:Player,BR:0cc/cc/cc/cc:2sQh,7hQs|/4h6sTs/4c/5c:-100,100(35.442619)
315:BR,Player:0f:3d4d,2h5d|:50,-50(50.000000)
316:Player,BR:0cr200c/r600c/r1800f:JhKs,7c9d|/5s6dJc/2d:900,-900(900.000000)
317:BR,Player:0cc/cr200c/cc/cr600f:4hQd,5s6s|/3d8sJh/5c/5h:-300,300(-300.000000)
318:Player,BR:0cr200c/cc/cc/cc:KcAc,TsKd|/3h7hJh/Kh/7d:300,-300(-18.580164)
319:BR,Player:0r200c/cc/cc/cc:6d8s,9s9d|/7sTcAc/Kc/5c:-300,300(-295.412435)
320:Player,BR:0cc/cc/r200c/r600r1800f:6sQc,2d4d|/8sTdQs/4h/Kd:-900,900(-900.000000)
321:BR,Player:0f:6d9s,3s7c|:50,-50(50.000000)
322:Player,BR:0cc/cc/cc/cc:5hJh,2cAs|/3d5c9s/Kc/6s:100,-100(19.391880)
323:BR,Player:0r200c/cr600c/cr1800r5400c/cc:4hJh,JcAh|/6cJsAs/5h/4s:-8100,8100(-1349.112521)
324:Player,BR:0cc/cc/r200c/cc:9sQd,TdJh|/8s9hTh/Js/8h:300,-300(-164.902990)
325:BR,Player:0cc/cc/r200c/r600f:5d7s,7hAd|/6s8s8c/Ac/4c:300,-300(300.000000)
326:Player,BR:0cc/cc/cr200c/cr600f:4hAc,6hKh|/2s6s6c/3c/Qh:-300,300(-300.000000)
327:BR,Player:0cc/cc/r19900f:6h9s,4s9h|/5c7s8h/2c:100,-100(100.000000)
328:Player,BR:0cc/cc/cc/r200f:2c8d,3cAh|/6dKsKd/7d/9s:100,-100(100.000000)
329:BR,Player:0r200c/cr600c/r1800r5400c/cr11900c:2c3h,4h5d|/2s3dQs/6h/9d:-20000,20000(-7472.304240)
330:Player,BR:0cc/cc/r200r19700f:2h3d,TdKd|/TcQdAd/4d:-300,300(-300.000000)
331:BR,Player:0r200c/cr600c/cc/r1800f:3hAh,7s8h|/5s7cQc/9d/4d:900,-900(900.000000)
332:Player,BR:0cr200c/cc/cr19700f:TdAs,JcKc|/8dKsKh/7d:-300,300(-300.000000)
333:BR,Player:0r200c/cr600c/cc/cc:TsAc,KhAs|/7dThKd/9s/6d:-900,900(46.802254)
334:Player,BR:0cr200c/cc/cc/cr600f:9s9h,5hAs|/2d4sKs/7c/Ac:-300,300(-300.000000)
335:BR,Player:0cc/cc/r200c/cc:2hJc,TdQh|/7hTsJs/3c/9d:300,-300(265.200569)
336:Player,BR:0cc/cc/cr200f:4sTd,6s8d|/5h5cAc/As:-100,100(-100.000000)
337:BR,Player:0r200c/cr600c/cr1800f:3c8s,3sQd|/6d7d8d/9h:-900,900(-900.000000)
338:Player,BR:0cr200c/cc/r600f:5c6s,5h7c|/3s9hQh/Ks:300,-300(300.000000)
339:BR,Player:0r200c/cr600c/r1800f:5s9s,9dJh|/3d8hQs/3s:900,-900(900.000000)
340:Player,BR:0cr200c/r600c/r1800r5400f:3d4d,8sTh|/7d9sTd/3c:-2700,2700(-2700.000000)
341:BR,Player:0cc/cc/cr200f:3s5s,5h6c|/7hKhKc/8s:-100,100(-100.000000)
342:Player,BR:0cc/cc/cr200f:6dQs,6cTs|/3hThKs/5s:-100,100(-100.000000)
343:BR,Player:0r200c/cc/cr600f:4c5s,8dQh|/6sThJc/7d:-300,300(-300.000000)
344:Player,BR:0cc/cc/cr200f:3s9s,5cJs|/3d7cJc/Kc:-100,100(-100.000000)
345:BR,Player:0cc/cc/cc/cc:5h6s,4c8s|/TcJcKs/Ac/Qc:-100,100(-21.959382)
346:Player,BR:0cc/cc/cc/cr200f:7dJh,5c8h|/5h9hJs/Qh/Tc:-100,100(-100.000000)
347:BR,Player:0r200c/cr600c/r1800f:3c8c,3s9s|/4cTsKc/5s:900,-900(900.000000)
348:Player,BR:0cr200c/cc/cr600c/cc:QdKh,5s7d|/3d6cAs/Ad/Qs:900,-900(900.000000)
349:BR,Player:0cc/cr200c/r600f:JhAs,5s7c|/2s4hJs/2c:300,-300(300.000000)
350:Player,BR:0cc/cc/r200f:6c9h,3s4d|/7sTsKd/2d:100,-100(100.000000)
351:BR,Player:0cc/cr200c/r600c/cc:JsKd,7dTd|/5sTsJc/6c/4s:900,-900(445.089489)
352:Player,BR:0cc/cc/cc/cc:2h8s,5sAh|/7cJcQh/3s/Qc:-100,100(-8.745178)
353:BR,Player:0r200c/cr600c/r1800f:2d4c,6h7s|/3s3h8h/Qs:900,-900(900.000000)
354:Player,BR:0cc/cc/cc/cc:4h8s,5s8d|/JsKdAs/5d/3d:-100,100(-45.565006)
355:BR,Player:0cc/cr200c/cr600f:8hTd,9hJh|/3c7cJs/Qd:-300,300(-300.000000)
356:Player,BR:0cc/cc/cc/cc:7dKc,7sTc|/8cKdAd/Qh/2h:100,-100(44.098452)
357:BR,Player:0r200c/cc/r600f:4hKs,8h9s|/4s5d7d/Kh:300,-300(300.000000)
358:Player,BR:0cc/cc/cr200f:7hAd,6hQh|/4h4d9d/3h:-100,100(-100.000000)
359:BR,Player:0r200c/cc/cc/cr600f:3s5h,4d5s|/7s9cJc/Ad/6d:-300,300(-300.000000)
360:Player,BR:0cc/cc/r200r600f:3dTh,5c9h|/7h8hAd/Kh:-300,300(-300.000000)
361:BR,Player:0cc/cc/cc/cr200f:TsQc,6sJh|/7cAdAc/6d/5c:-100,100(-100.000000)
362:Player,BR:0cc/cc/cr200c/cc:8cTs,2h6c|/TdJcAd/4c/Kh:300,-300(299.292013)
363:BR,Player:0r200c/cc/r600c/r1800f:2hQd,9dQc|/2d4dKd/Js/Qh:900,-900(900.000000)
364:Player,BR:0cc/cc/cr200f:2s7s,8s9c|/8h8cKd/Jd:-100,100(-100.000000)
365:BR,Player:0cc/cc/r200f:3cTh,2dJc|/3s3d4h/5h:100,-100(100.000000)
366:Player,BR:0cc/cc/cr200f:4cAd,7d8h|/6hJsJc/2d:-100,100(-100.000000)
367:BR,Player:0r200c/cr600c/cc/cc:7sQc,4c6c|/2sTsTc/2d/8c:900,-900(-120.461557)
368:Player,BR:0cc/cc/cr200c/cc:4c7d,JsAs|/6h7sJh/7h/2h:300,-300(46.036436)
369:BR,Player:0r200c/cr600c/r1800f:4d7d,5h6d|/4h9sTd/2d:900,-900(900.000000)
370:Player,BR:0cc/cc/cc/cr200c:4d7s,8dKs|/4h4cAh/2h/Ad:300,-300(-43.530271)
371:BR,Player:0cc/cc/cc/cr200c:JcAc,5hTd|/3c7dKh/7h/Th:-300,300(-97.375263)
372:Player,BR:0cr200c/cc/cc/cr600f:JcQc,QhAc|/8hKhKc/6s/8c:-300,300(-300.000000)
373:BR,Player:0cc/cc/cc/cc:2d3s,3hKh|/7hTdAc/7c/Js:-100,100(-97.156102)
374:Player,BR:0cc/cc/cc/cr200f:3h8s,4sJd|/6h9h9c/Kd/7h:-100,100(-100.000000)
375:BR,Player:0r200c/cr600c/r1800c/cc:4c6c,8dAd|/7s8hKd/Ks/As:-2700,2700(-2700.000000)
376:Player,BR:0cc/cc/r200c/cc:4h5s,3hJd|/3s7h9c/2h/7d:-300,300(-121.237194)
377:BR,Player:0r200c/cc/cr600f:2d6d,2s8s|/3s8cAs/9s:-300,300(-300.000000)
378:Player,BR:0cc/cc/r200c/cr600f:4dTd,TcJs|/3h4h8d/3c/Ad:-300,300(-300.000000)
379:BR,Player:0cc/cc/r200c/cc:3sTs,5dTh|/TdTcQs/8c/Jd:0,-0(276.327022)
380:Player,BR:0cr200c/r600c/cc/cr1800f:9dJc,JdKc|/3c5cQd/6h/9s:-900,900(-900.000000)
381:BR,Player:0r200c/cc/r600c/cc:5h8h,7c9c|/4s4d7h/Ac/Js:-900,900(-900.000000)
382:Player,BR:0cc/cc/cc/cr200f:3s7c,4d6h|/9sJdKh/9d/5d:-100,100(-100.000000)
383:BR,Player:0r200c/cr600c/cr1800r5400c/cr11900f:8cJs,5cTc|/7c9dJc/Ah/2c:-8100,8100(-8100.000000)
384:Player,BR:0cc/cc/cc/cc:2cTc,6sJc|/7d9dAh/As/9s:-100,100(-6.121269)
385:BR,Player:0r200c/cc/r600f:5c9d,8dKc|/2c6dQs/4d:300,-300(300.000000)
386:Player,BR:0cc/cc/cr200c/cc:9hTc,4h6h|/2d9cAs/Qs/Ah:300,-300(294.701178)
387:BR,Player:0cc/cr200c/r600f:4c5h,4d9s|/6h7dAs/7h:300,-300(300.000000)
388:Player,BR:0cr200c/cc/r600c/r1800f:5s6s,9cJh|/8s8dTc/Ks/4s:900,-900(900.000000)
389:BR,Player:0r200c/cc/cc/cr600r1800f:9dAs,6d8d|/4h8sTh/3h/Tc:900,-900(900.000000)
390:Player,BR:0cc/cc/r200c/r600c:2d5h,7dTd|/4sTcAh/9h/6s:-900,900(283.633522)
391:BR,Player:0cc/cr200c/r600c/cr1800f:2d8s,QcAs|/5hAhAd/5c/7s:-900,900(-900.000000)
392:Player,BR:0cr200c/cc/cc/r600c:5d7c,TdAs|/4hKsKd/6d/4s:-900,900(292.069279)
393:BR,Player:0r200c/cc/cc/cr600f:5sAs,2c5c|/8d9hKc/7s/Ts:-300,300(-300.000000)
394:Player,BR:0cc/cc/cr200f:3h9s,7cKd|/6s6c7h/Ad:-100,100(-100.000000)
395:BR,Player:0r200c/cc/cc/cr600f:3hAc,5sQh|/2d2c9d/Qc/Jd:-300,300(-300.000000)
396:Player,BR:0cr200c/r600c/r1800r5400c/r11900f:JhKc,6cTh|/6dTcJc/2d/Js:8100,-8100(8100.000000)
397:BR,Player:0r200c/cc/r600f:4sJs,6dQc|/9dJcKs/2s:300,-300(300.000000)
398:Player,BR:0cc/cc/cr200f:8sJc,3c7d|/2h6cAc/7s:-100,100(-100.000000)
399:BR,Player:0r200c/cc/cr600c/cr1800f:2c4s,3cQd|/4d7dQh/6d/8d:-900,900(-900.000000)
400:Player,BR:0cc/cc/cc/r200f:4c9c,TsKc|/2s7s8c/Qd/Js:100,-100(100.000000)
401:BR,Player:0r200c/cc/cc/r600c:6d7s,2dKc|/2s3c4c/6s/5c:900,-900(812.122434)
402:Player,BR:0cc/cc/cr200f:2h6d,4sTs|/2c9sKs/8c:-100,100(-100.000000)
403:BR,Player:0cc/cr200c/cc/cr600f:9cJs,4sTd|/4hTcKh/9d/Ac:-300,300(-300.000000)
404:Player,BR:0cc/cc/cr200f:5s8h,QdAc|/JhJdQh/Tc:-100,100(-100.000000)
405:BR,Player:0r200c/cr600c/r1800f:6dTh,2sAc|/3s3hJh/4c:900,-900(900.000000)
406:Player,BR:0cr200c/r600c/cr1800f:ThJh,TcQd|/2h6dQs/4d:-900,900(-900.000000)
407:BR,Player:0cc/cc/cc/cc:2dQc,4hKh|/2hJhAd/Ts/3d:100,-100(25.451135)
408:Player,BR:0cc/cc/cr200f:3dJs,7cQs|/6cTdQd/8s:-100,100(-100.000000)
409:BR,Player:0r200c/cc/cc/cc:2dAd,6dKc|/8dJhQs/6c/Th:-300,300(-228.291071)
410:Player,BR:0cc/cc/r200c/cc:4hKh,8hTh|/3d4dQh/Ac/8d:-300,300(-134.970248)
411:BR,Player:0f:4dTc,3d8c|:50,-50(50.000000)
412:Player,BR:0cc/cc/cc/r200c:5s8h,QdAh|/3s4sKh/Jd/3d:-300,300(94.962039)
413:BR,Player:0r200c/cr600c/r1800f:TdKd,6d7s|/5h6hJs/Ks:900,-900(900.000000)
414:Player,BR:0cc/cc/cr200r600f:6dAs,2d8h|/6hTdKc/5c:300,-300(300.000000)
415:BR,Player:0cc/cc/r200c/r600r1800c:6cTc,4s7c|/4d4c5h/8s/7d:-2700,2700(-899.960280)
416:Player,BR:0cr200c/r600c/r1800r5400f:2dJd,4cQs|/5sThKd/As:-2700,2700(-2700.000000)
417:BR,Player:0cc/cc/r200c/r600f:8hQh,4s4d|/3d3cQd/3s/Tc:300,-300(300.000000)
418:Player,BR:0cr200c/cc/cc/cc:QcKd,6c9c|/4hJcAh/8d/7s:300,-300(299.992052)
419:BR,Player:0r200c/cc/r600c/r1800f:TcJh,6s6d|/TsQdAh/Th/Ks:900,-900(900.000000)
420:Player,BR:0cc/cc/cc/cc:3c8s,9dJs|/4s4cKc/4d/Qs:0,-0(36.676061)
421:BR,Player:0f:2d8s,2s8c|:50,-50(50.000000)
422:Player,BR:0cr200c/cc/cr600f:JcKs,9sQs|/2d3c8d/5d:-300,300(-300.000000)
423:BR,Player:0cc/cc/r19900f:QcAc,2d9s|/TsQsQh/6h:100,-100(100.000000)
424:Player,BR:0cr200c/cc/cc/cr600f:6d6c,JsJd|/QhQdAs/Kd/Ts:-300,300(-300.000000)
425:BR,Player:0r200c/cc/cr600c/cc:6hTs,7s8s|/6sKsAh/Qh/4h:900,-900(59.406199)
426:Player,BR:0cr200c/cc/cc/cc:TcQd,8d8c|/2s4d5h/3s/5s:-300,300(-12.439627)
427:BR,Player:0r200c/cr600c/r1800f:JsJh,2sAc|/5s7h8s/8d:900,-900(900.000000)
428:Player,BR:0cc/cc/cc/cr200c:2s5d,4h6s|/6d7sTc/2d/Ks:-300,300(-40.882528)
429:BR,Player:0r200c/cc/r600f:5cJd,QcKh|/4s4c6h/7d:300,-300(300.000000)
430:Player,BR:0cc/cc/cr200c/cc:8c9d,5d8h|/2h9sTh/9h/2d:300,-300(300.000000)
431:BR,Player:0r200c/cc/r600c/cc:5h8c,6sAh|/2c4s7s/3d/Qd:-900,900(-900.000000)
432:Player,BR:0cr200c/cc/r600c/r1800c:8dTs,3hKc|/4d7cQs/Kh/Ad:-2700,2700(590.477636)
433:BR,Player:0r200c/cc/r600f:5hQh,4hTh|/9dQcKc/8h:300,-300(300.000000)
434:Player,BR:0cr200c/cc/cr600c/cc:3dQd,3c7c|/4c6hQh/8c/9h:900,-900(900.000000)
435:BR,Player:0r200c/cr600c/r19100f:3d4c,6d8d|/3c4sAc/3h:900,-900(900.000000)
436:Player,BR:0cc/cc/r200f:3cAh,7dTs|/4c5h9c/Kh:100,-100(100.000000)
437:BR,Player:0cc/cc/r200c/cc:2h8h,2sQc|/6d8sQs/6c/As:-300,300(-32.706031)
438:Player,BR:0cr200c/r600c/cc/r1800f:2c4c,6hAh|/3hTcKc/8c/2h:900,-900(900.000000)
439:BR,Player:0r200c/cr600c/r1800f:4sKs,6sAh|/2h6cKh/4c:900,-900(900.000000)
440:Player,BR:0cc/cc/cc/cc:6sTh,2dJc|/8sQsAd/Td/2s:100,-100(-30.126698)
441:BR,Player:0cc/cc/r200f:9d9c,3dAd|/7dJsQc/Jc:100,-100(100.000000)
442:Player,BR:0cr200c/cc/cr600f:QdKd,2hJh|/5s6c7h/3d:-300,300(-300.000000)
443:BR,Player:0cc/cc/r200c/cr600r1800f:7dQh,2sJh|/3h5hQc/4h/As:900,-900(900.000000)
444:Player,BR:0cc/cc/r200r600f:6cTs,7sJs|/5s7hKc/4s:-300,300(-300.000000)
445:BR,Player:0f:2dJd,2c4d|:50,-50(50.000000)
446:Player,BR:0cc/cc/cc/cc:3dKs,3sKc|/7hJdAh/2c/7d:0,-0(-13.094409)
447:BR,Player:0r200c/cr600c/cr1800c/cc:3s9d,8hQd|/2c7c9s/Qs/7h:-2700,2700(622.597147)
448:Player,BR:0cc/cc/r200c/cr600f:4dTd,9h9c|/3s5dJh/6s/Th:-300,300(-300.000000)
449:BR,Player:0cc/cc/r19900f:3dKc,7hQh|/3s3h9d/8h:100,-100(100.000000)
450:Player,BR:0cc/cc/cc/cc:6dJh,2s2d|/9dKhAh/9h/4c:-100,100(-34.639289)
451:BR,Player:0r200c/cr600c/r1800c/cr5400c:9dKd,3c7c|/TcJcKs/Kc/8s:-8100,8100(-2587.143714)
452:Player,BR:0cr200c/cc/r600f:9dAh,2s4d|/7d7c9s/8c:300,-300(300.000000)
453:BR,Player:0r200c/cr600c/cr1800c/cr5400f:2dTd,QhQc|/7c9dTc/3s/3d:-2700,2700(-2700.000000)
454:Player,BR:0cr200c/cc/cc/cc:JsQd,4h5s|/7d8hKc/5h/7s:-300,300(-64.923838)
455:BR,Player:0cc/cc/cc/cc:3h5h,6c7s|/6d9cKs/Ad/Jh:-100,100(-100.000000)
456:Player,BR:0cc/cc/cc/cr200f:6sJc,2c9c|/2s8sAh/Th/Tc:-100,100(-100.000000)
457:BR,Player:0cc/cc/cc/cr200f:2cAs,6sJs|/5sJdQc/Td/4h:-100,100(-100.000000)
458:Player,BR:0cc/cc/cr200c/cr600f:5sQh,9dTs|/7d7c8h/5d/Th:-300,300(-300.000000)
459:BR,Player:0r200c/cc/cc/cc:QhAd,5h6d|/3h6cKs/3d/9h:-300,300(77.803897)
460:Player,BR:0cr19900c/cc/cc/cc:9cAh,JdQd|/2c7dJc/5d/Kh:-20000,20000(-2396.650726)
461:BR,Player:0cc/cr200c/r19700f:TcJs,4sJd|/TsThJh/3c:300,-300(300.000000)
462:Player,BR:0cr200c/r600c/cc/cr1800f:TdKd,2dAh|/4d7h8d/5c/6c:-900,900(-900.000000)
463:BR,Player:0r200c/cc/r600c/r19100f:KsKc,7h9s|/5c7dQs/4c/Kh:900,-900(900.000000)
464:Player,BR:0cc/cc/cc/cr200f:TcJd,JsAh|/2h2c7d/3d/2s:-100,100(-100.000000)
465:BR,Player:0r200c/cc/cc/cc:2d9s,6dTd|/JcQsAc/5s/Ad:-300,300(-235.435624)
466:Player,BR:0cr200c/r600c/cr1800f:4h5d,2h3h|/2dThQh/Qc:-900,900(-900.000000)
467:BR,Player:0r200c/cc/cc/cc:4c9d,5h9h|/3s5s6d/4h/Th:-300,300(-38.733813)
468:Player,BR:0cr200c/r600c/r1800f:9cTd,6d8h|/QsQhQc/4s:900,-900(900.000000)
469:BR,Player:0cc/cc/cr200c/cc:2cQs,9hJd|/2s4c6h/5c/9s:-300,300(74.500205)
470:Player,BR:0cc/cc/cc/r200f:4d8c,9hTc|/2h6hAs/6s/2c:100,-100(100.000000)
471:BR,Player:0r200c/cr600c/cc/r1800c:4s4h,7dTs|/7sTcKs/Jc/6d:-2700,2700(-2700.000000)
472:Player,BR:0cc/cc/cr200f:7dTh,5sQc|/5cJcKh/3c:-100,100(-100.000000)
473:BR,Player:0r200c/cc/r600f:2c5d,6cJs|/8dQdAs/3d:300,-300(300.000000)
474:Player,BR:0cr200c/r600c/cr1800c/cc:8cAd,5h7h|/6c8hJs/3h/Ks:2700,-2700(2540.995801)
475:BR,Player:0cc/cc/cc/cr200c:TcAs,5hQs|/2h4cQc/Kh/3s:-300,300(-96.487292)
476:Player,BR:0cc/cc/r200r600f:3s4h,3d8h|/2h9hKh/6s:-300,300(-300.000000)
477:BR,Player:0r200c/cc/cc/cc:4c5d,KdAd|/7s8s9h/5h/Qc:300,-300(-114.583986)
478:Player,BR:0cc/cc/cr200f:4sTc,3dTh|/8dJdQd/Kh:-100,100(-100.000000)
479:BR,Player:0r200c/cr600c/cc/cc:3dAs,5d8c|/2d5sKc/6d/Js:-900,900(-356.663936)
480:Player,BR:0cc/cc/cc/cr200c:8dAh,4h8h|/3sTcKd/8s/6s:300,-300(-37.953126)
481:BR,Player:0cc/cr200c/r600f:4dAs,9cTd|/3d5sJs/7s:300,-300(300.000000)
482:Player,BR:0cc/r200c/cc/r600f:4dJd,5hAc|/3dJsKd/Jc/Tc:300,-300(300.000000)
483:BR,Player:0cc/cr200c/cr600r1800f:8hQs,3sQh|/4h6s7s/Jh:900,-900(900.000000)
484:Player,BR:0cr200c/cc/cc/cr600c:4c5c,2sTd|/5hJhQd/Th/Qc:-900,900(-119.448358)
485:BR,Player:0r200c/cc/cc/cr600f:3h5c,5h6h|/JhJdQd/Tc/3c:-300,300(-300.000000)
486:Player,BR:0cc/cc/cc/cr200c:5hTc,6hJc|/8sTsKd/6c/Js:-300,300(-293.423256)
487:BR,Player:0cc/cc/cc/cr200r600c:2s6h,KsKc|/4s8c9s/Qh/6s:-900,900(-900.000000)
488:Player,BR:0cr200c/r600c/cc/cc:7s8d,6cTd|/3s5h8h/Qs/Jh:900,-900(800.944585)
489:BR,Player:0r200c/cc/r600f:5hAc,7h9h|/4s4cAs/2c:300,-300(300.000000)
490:Player,BR:0cr200c/r600c/cr1800c/cc:QhKs,2hJh|/5c9cKh/Ad/Kd:2700,-2700(2665.597837)
491:BR,Player:0f:9cAs,3s8d|:50,-50(50.000000)
492:Player,BR:0cc/cc/cr200f:7sKh,3s7c|/8cJdQd/6c:-100,100(-100.000000)
493:BR,Player:0cc/cc/cc/cc:5hQs,5sTd|/2hJdKh/9d/8s:100,-100(-46.694250)
494:Player,BR:0cr200c/cc/r600c/cc:8sQs,7hAd|/8cQhKh/4d/3h:900,-900(95.046590)
495:BR,Player:0f:KdAh,3h8s|:50,-50(50.000000)
496:Player,BR:0cc/cc/cr200c/cc:7hTc,7s8d|/6hJhKh/As/3c:300,-300(300.000000)
497:BR,Player:0cc/cc/cc/cc:6cKs,9hAd|/2d7sQc/4h/8d:-100,100(-27.363408)
498:Player,BR:0cr200c/r600c/cr1800f:7d9s,3s7h|/3d5hAd/Qc:-900,900(-900.000000)
499:BR,Player:0cc/cc/r200c/r600f:2cAh,TsQh|/8cTcAd/5s/9h:300,-300(300.000000)
500:Player,BR:0cc/cc/r200f:2c9s,4d8h|/5d5cJc/Th:100,-100(100.000000)
RAW BR STATS: n=500, sum=-20200.000000, sum_sq=3069460000.000000, vr_sum=-26379.579174, vr_sum_sq=1189172753.617208
BR STATS: -40.400000(217.149741), -52.759158(135.099659)
RESULTS
1)BR: -20200
2)Player: 20200
