In config file: GAME_DEF=game_def.fullholdem
In config file: ACTIONS_R0=C
In config file: ACTIONS_R1=C
In config file: ACTIONS_R2=F,C,0.05,0.0575,0.066125,0.07604375,0.087450313,0.100567859,0.115653038,0.133000994,0.152951143,0.175893815,0.202277887,0.23261957,0.267512505,0.307639381,0.353785288,0.406853081,0.467881044,0.5380632,0.61877268,0.711588582,0.81832687,0.9410759,1.082237285,1.244572878,1.43125881,1.645947631,1.892839776,2.176765742,2.503280603,2.878772694,3.310588598,3.807176888,4.378253421,5.034991434,5.790240149,6.658776171,7.657592597,8.806231486,10.12716621,11.64624114,13.39317731,15.40215391,17.71247699,20.36934854,23.42475083,26.93846345,30.97923297,35.62611791,40.9700356,47.11554094,54.18287208,62.31030289,71.65684832,82.40537557,94.76618191,A
In config file: ACTIONS_R3=F,C,0.05,0.0575,0.066125,0.07604375,0.087450313,0.100567859,0.115653038,0.133000994,0.152951143,0.175893815,0.202277887,0.23261957,0.267512505,0.307639381,0.353785288,0.406853081,0.467881044,0.5380632,0.61877268,0.711588582,0.81832687,0.9410759,1.082237285,1.244572878,1.43125881,1.645947631,1.892839776,2.176765742,2.503280603,2.878772694,3.310588598,3.807176888,4.378253421,5.034991434,5.790240149,6.658776171,7.657592597,8.806231486,10.12716621,11.64624114,13.39317731,15.40215391,17.71247699,20.36934854,23.42475083,26.93846345,30.97923297,35.62611791,40.9700356,47.11554094,54.18287208,62.31030289,71.65684832,82.40537557,94.76618191,A
Using seed 1.
1:Player,BR:0cr200c/r300c/r600f:KhKc,6h9c|/2s5dTs/2d:600,-600(600.000000)
2:BR,Player:0cc/cc/cc/cc:7hJh,3cKd|/2s9sQc/4s/Ad:-100,100(-72.777180)
3:Player,BR:0cc/cc/cc/cr876f:7dKh,9sJd|/5cQdAc/Tc/8s:-100,100(-100.000000)
4:BR,Player:0r200c/cr600c/r637f:JcAh,TsKh|/4h5s6h/7h:900,-900(900.000000)
5:Player,BR:0cr200c/r300c/cr279c/cr2894c:JcAs,7d8s|/2sJhKc/2h/6c:3773,-3773(3773.000000)
6:BR,Player:0cc/cc/r188f:9sTs,6cQs|/3s5h5d/Ks:100,-100(100.000000)
7:Player,BR:0cc/r200c/cr3474f:2hQh,2sTc|/3dThQd/Ts:-300,300(-300.000000)
8:BR,Player:0r200c/cr600c/r2963c/r3143f:9cKs,4sAs|/5s8sKh/9h/Tc:3863,-3863(3863.000000)
9:Player,BR:0cc/cc/cr100f:4h8h,3h3d|/2sKsKd/Js:-100,100(-100.000000)
10:BR,Player:0cc/cc/r576f:KsAc,6cJs|/5h9dAh/Tc:100,-100(100.000000)
11:Player,BR:0cr200c/r300c/r1200f:7sKs,5dKc|/8c9cQs/As:600,-600(600.000000)
12:BR,Player:0r200c/cc/cr600f:3h7c,7h9d|/6dTsAd/Kd:-300,300(-300.000000)
13:Player,BR:0cr200c/cc/cr491c/cr560f:JsQs,5sAd|/6c7hJd/8c/9s:-791,791(-791.000000)
14:BR,Player:0r200c/cc/cr600f:5s8h,2c5c|/KhKdAh/9c:-300,300(-300.000000)
15:Player,BR:0cc/r200c/cr212c/cr180c:7sTc,8sJs|/6s6dAh/Ts/Jh:-692,692(-290.092939)
16:BR,Player:0r200c/cc/r988c/r1386c:ThTd,8cJc|/3d8s9d/9h/2h:2674,-2674(1422.366615)
17:Player,BR:0cc/cc/r100r498r1396f:2d9d,QhKs|/2h3d9c/8s:698,-698(698.000000)
18:BR,Player:0cc/cr200c/r100f:5sJc,4d7s|/2d8cKd/Qs:300,-300(300.000000)
19:Player,BR:0cc/cc/cr100c/cr658c:8c9d,8d9s|/9hQdAd/4h/8h:0,-0(-656.751058)
20:BR,Player:0r100c/cc/r100f:3c5s,4cKh|/3hTdJs/8h:200,-200(200.000000)
21:Player,BR:0cc/cc/r200r491f:7hKs,5dJc|/2s3d4h/6c:-300,300(-300.000000)
22:BR,Player:0cc/cc/r876f:7cKs,9cQd|/5hJdKh/7h:100,-100(100.000000)
23:Player,BR:0cc/cc/r100r187f:5h9s,4dTh|/2c8hTs/8c:-200,200(-200.000000)
24:BR,Player:0cc/cc/r286f:7h8c,5cQc|/6sJsAh/5s:100,-100(100.000000)
25:Player,BR:0cr200c/cc/cr323c/cc:4h6d,3hQc|/6c7cTd/9s/Ks:623,-623(623.000000)
26:BR,Player:0r100c/cr400c/cr600c/r278c:2c5s,7c9d|/2d6h7d/9s/5d:-1478,1478(677.169958)
27:Player,BR:0cc/cc/cc/r200r427f:5s8d,3d4c|/3h6cAd/Qs/4h:-300,300(-300.000000)
28:BR,Player:0r200c/cc/r1306f:7h9c,6hAc|/3d4h9s/8s:300,-300(300.000000)
29:Player,BR:0cr200c/r300c/r600f:7cTc,7sQc|/4d6dAd/5h:600,-600(600.000000)
30:BR,Player:0cc/cr200c/r185r485r789c/cr1759f:4s8c,7dKd|/7cQcKs/4d/5c:-1759,1759(-1759.000000)
31:Player,BR:0cc/cc/r100r100f:3h5d,9sTc|/6hQhKd/6c:-200,200(-200.000000)
32:BR,Player:0r200c/cc/r1306f:9hJs,5hQd|/6sTcJc/4h:300,-300(300.000000)
33:Player,BR:0cc/cc/cr435f:5sKh,2hTs|/6dTdTc/8d:-100,100(-100.000000)
34:BR,Player:0r200c/cc/cc/r185r485r1588c:9h9c,4c6s|/7hTsJs/As/8s:-2558,2558(-2558.000000)
35:Player,BR:0cr100c/r200c/r400c/cc:JcKs,2s9d|/7sJhKc/2c/4s:800,-800(395.088419)
36:BR,Player:0r200c/cc/cc/cc:6s6d,5d7c|/3sThQd/Ac/4s:300,-300(126.974551)
37:Player,BR:0cc/cc/cr662f:2dKd,QdAs|/3h7s9c/Ah:-100,100(-100.000000)
38:BR,Player:0cc/cr100c/r285c/r395r1760r4969f:9s9c,4dAc|/2c4c8h/Ad/7d:2640,-2640(2640.000000)
39:Player,BR:0cc/cc/cc/r100r573f:8cQd,JcKd|/3s4cTc/7h/2s:-200,200(-200.000000)
40:BR,Player:0cc/cr100c/r498c/r568c:5s5d,6cAh|/4h6h7s/7h/3d:1266,-1266(718.068635)
41:Player,BR:0cr200c/r300c/r1200r1684f:5h9h,7hKh|/8dJcKs/7s:-1800,1800(-1800.000000)
42:BR,Player:0f:5h7c,2d8s|:50,-50(50.000000)
43:Player,BR:0cr200c/r300c/cr121c/cr675c:4cKc,6c7h|/4sQhAc/Ah/3c:1396,-1396(1396.000000)
44:BR,Player:0cc/cc/cc/cr200c:9dKh,4hJd|/3s3d7h/6c/8d:300,-300(-92.321431)
45:Player,BR:0cc/cc/cr100f:6hQs,4d9s|/9dKdAd/3c:-100,100(-100.000000)
46:BR,Player:0cc/cc/r100r200c/cr800f:QhAh,4hTc|/7cTsTd/2h/2s:-400,400(-400.000000)
47:Player,BR:0cc/cc/r100f:3d7h,4c9s|/TdQdAd/Qh:100,-100(100.000000)
48:BR,Player:0r100c/cc/r123f:2sKd,4d9d|/7s7cAs/Kh:200,-200(200.000000)
49:Player,BR:0cr200c/r600c/cr1694r5188f:7dQd,3d6h|/TdJdKh/9h:2594,-2594(2594.000000)
50:BR,Player:0r200c/cr300c/cr1200f:2s9d,6sJd|/4s5sTs/7h:-600,600(-600.000000)
51:Player,BR:0cc/cc/cc/cc:4cQh,5cQs|/ThAsAd/Jc/2s:0,-0(10.618909)
52:BR,Player:0cc/cc/cc/cr200r859f:2s9s,6cJc|/2d5sTh/Kh/Jd:300,-300(300.000000)
53:Player,BR:0cc/cc/cr124f:2h9s,JsJd|/4dTsQs/Ad:-100,100(-100.000000)
54:BR,Player:0r100c/cr200c/r569f:5d9d,ThQc|/3h4dAd/Kh:400,-400(400.000000)
55:Player,BR:0cr200c/cc/cc/cc:6s8s,3d5s|/6dThQh/7h/Ks:300,-300(299.362517)
56:BR,Player:0cc/cc/r100c/r100c:JcKd,JdKc|/6sJsQs/Ah/9c:0,-0(83.023433)
57:Player,BR:0cc/cc/cr379f:5cTs,6hQd|/5s9hQc/3c:-100,100(-100.000000)
58:BR,Player:0r200c/cr300c/cc/cr600r976c:6s9d,3cKs|/9cQhKd/As/4c:-2176,2176(-2176.000000)
59:Player,BR:0cc/cc/cr108c/cr1821c:6hAd,5hAc|/3c5cJh/Th/As:-2029,2029(-1937.882123)
60:BR,Player:0cc/cr200c/r140c/cr440f:TcQd,3c6s|/4h5hKh/Ah/9h:-440,440(-440.000000)
61:Player,BR:0cc/cc/cc/r100f:7dTs,9hQs|/3d6hTc/Ac/Jc:100,-100(100.000000)
62:BR,Player:0r200c/cc/r649f:7hTd,3h5d|/2s5c9s/8s:300,-300(300.000000)
63:Player,BR:0cc/cc/cr188f:6dTc,5c9c|/7sKhAh/6h:-100,100(-100.000000)
64:BR,Player:0cc/cr100c/r100r300r425r1025c/cr4100f:9hKh,3s6s|/3c6h6d/8h/Ts:-2050,2050(-2050.000000)
65:Player,BR:0cr19900c/cc/cc/cc:9s9h,4h7h|/9cQsAs/7c/Qh:20000,-20000(9214.229853)
66:BR,Player:0cc/cr200c/r185r485f:2s7s,9dJh|/6h8dJc/4h:-485,485(-485.000000)
67:Player,BR:0cc/cc/r100r187r387c/cr102r1752c:2c4c,8sJs|/5d7cAd/Jc/Qs:-2628,2628(674.595292)
68:BR,Player:0cc/cr200c/r859f:JcKs,4h7s|/6d9cTh/2c:300,-300(300.000000)
69:Player,BR:0cc/cc/r200r244c/cr166c:4h6d,4sTc|/3d5s6h/5d/Td:-710,710(-364.166844)
70:BR,Player:0cc/cr100c/r142c/cc:3h8c,2d5h|/2cJdQh/6d/9h:-342,342(-342.000000)
71:Player,BR:0cc/cc/r100r187c/cc:2s7s,QdKd|/5s6cAh/9s/6d:-387,387(325.539729)
72:BR,Player:0r200c/cr300c/r646f:6c8s,5h9d|/3s7cTh/Td:600,-600(600.000000)
73:Player,BR:0cc/cc/cc/cr100f:3cKs,3d8d|/3hJcKh/Th/Qs:-100,100(-100.000000)
74:BR,Player:0cc/cr100c/cc/r498f:JsAc,4s7s|/2h6hQd/3h/Ad:200,-200(200.000000)
75:Player,BR:0cr200c/r300c/cr321c/cr282c:QsAh,5cAd|/5d6cJh/2h/9s:-1203,1203(-369.797050)
76:BR,Player:0r200c/cc/r244f:2hJs,3s9s|/4h8cKd/Tc:300,-300(300.000000)
77:Player,BR:0cr200c/cc/r600c/cr732f:3sKs,2d4s|/4h5c7h/Ad/Tc:-900,900(-900.000000)
78:BR,Player:0cc/cc/r100f:7cTc,4sQs|/6d7d9c/5c:100,-100(100.000000)
79:Player,BR:0cc/cc/r100r376f:2cTd,3d5s|/6dAsAd/9d:-200,200(-200.000000)
80:BR,Player:0cc/cc/r576c/r478c:TsAs,4c8h|/3c8d9h/Ac/5d:1154,-1154(771.490280)
81:Player,BR:0cc/cc/cr142c/cr797f:4cJd,8s9c|/2c4dAs/Kc/3c:-242,242(-242.000000)
82:BR,Player:0cc/cr100c/cc/cc:6sAs,3sTc|/4h4dQs/Jd/3d:-200,200(24.841182)
83:Player,BR:0cr200c/r300c/r1200c/cr1274c:7dAd,9h9c|/5c6c8d/Ts/Ks:-3074,3074(-1405.834234)
84:BR,Player:0cc/cr100c/r573c/r206f:JsAh,5h7h|/7c8hJh/2s/9c:773,-773(773.000000)
85:Player,BR:0cr200c/r300c/cr425c/cr361c:3hAh,8cTh|/3c4cTc/4d/Qh:-1386,1386(-686.955395)
86:BR,Player:0r200c/cc/cc/cc:2dKh,TdAh|/8c9sQh/5s/9h:-300,300(-255.825799)
87:Player,BR:0cr200c/cc/cr281c/cc:QhQc,6h8s|/4s7hKs/8h/Ts:581,-581(28.028134)
88:BR,Player:0r200c/cc/r323r623r7174f:KsKd,7cAs|/2h8cQs/Ac:1246,-1246(1246.000000)
89:Player,BR:0cc/cc/cc/r200r988f:4dTc,KsKd|/5c6c9c/Ac/3s:-300,300(-300.000000)
90:BR,Player:0r200c/cr600c/r2576c/r2460c:3h9h,QdAc|/7h8hAs/4h/4d:5936,-5936(3801.291154)
91:Player,BR:0cc/cc/r100c/cr376f:5dTc,7cKc|/8sJdQs/6s/Th:-200,200(-200.000000)
92:BR,Player:0cc/cc/cc/cc:8cTs,2cKs|/2hJdQc/6h/7h:-100,100(-52.120527)
93:Player,BR:0cr200c/cc/cr649f:3s3d,4s6s|/8d9hAs/7c:-300,300(-300.000000)
94:BR,Player:0cc/cr200c/r185r485r789c/cr3518f:9cTc,5s8s|/2c6d7s/2s/5c:-1759,1759(-1759.000000)
95:Player,BR:0cr200c/r300c/cr743f:ThAh,JsQc|/9sKsKc/8c:-600,600(-600.000000)
96:BR,Player:0cc/cr100c/r327c/r185r1424c:3h7s,6s8d|/4d7dAs/Ah/6d:2136,-2136(-682.057386)
97:Player,BR:0cc/cc/r100c/cr163c:7hAd,5dQc|/3s3c9h/Ts/Jc:363,-363(363.000000)
98:BR,Player:0r200c/cc/r140f:2s7d,6cTc|/4dJsKd/3s:300,-300(300.000000)
99:Player,BR:0cr200c/cc/cc/cr1502f:9cKd,3sJc|/5cQdAd/8c/7s:-300,300(-300.000000)
100:BR,Player:0r100c/cr200c/cr800c/cr1200c:JsAh,7cTd|/2h3d8s/Qd/9c:2400,-2400(-1079.940208)
101:Player,BR:0cc/cc/r200r200c/cc:2hTs,TcAd|/8cThJh/5d/4s:-500,500(35.482322)
102:BR,Player:0r200c/cr300c/r100r1400c/cr2100c:7cKc,8d9d|/2sJhJd/Ad/3c:4200,-4200(-2088.962695)
103:Player,BR:0cr200c/r300c/r600c/cr2597c:9cAc,2s3c|/3s9hAh/Kc/5h:3797,-3797(3797.000000)
104:BR,Player:0cc/cr200c/r371c/r1921c:5h6h,9hAd|/7hTdAs/Ts/2d:-2592,2592(-2592.000000)
105:Player,BR:0cr200c/cc/cr1727f:5c6h,9hJc|/8d9sJh/6s:-300,300(-300.000000)
106:BR,Player:0r100c/cc/cc/cc:8cAc,4s9s|/7s7d9d/Jd/6s:-200,200(-24.383071)
107:Player,BR:0cc/cc/r100r871f:4h8c,3sQd|/3h7sQh/Kc:-200,200(-200.000000)
108:BR,Player:0cc/cc/r142f:3cJs,2dKc|/8dJcAd/Tc:100,-100(100.000000)
109:Player,BR:0cc/cc/r100c/r400r1975f:4cQc,8hAs|/3sQdKs/4h/Js:-600,600(-600.000000)
110:BR,Player:0r200c/cc/r988c/r792r2080c:7sTd,QcKh|/2s3d9c/Tc/Ah:4160,-4160(-2031.696156)
111:Player,BR:0cc/cc/cr19900f:3h4c,7hTd|/9s9cTc/Ts:-100,100(-100.000000)
112:BR,Player:0r200c/cc/r1727f:6d7d,5cJs|/3d4h8d/2c:300,-300(300.000000)
113:Player,BR:0cr200c/cc/cr281c/cr235r816r1756f:JcKc,8cTs|/5d8sQd/7c/2d:-1632,1632(-1632.000000)
114:BR,Player:0r100c/cr200c/r214r1228f:3cQs,4d8d|/8h9dKh/4s:-614,614(-614.000000)
115:Player,BR:0cc/cc/cr100c/cc:6s8d,JsKc|/5h5c9c/8c/Qs:200,-200(147.266604)
116:BR,Player:0cc/cr200c/r161r922f:2d6h,JhQs|/4hThKh/Jc:-461,461(-461.000000)
117:Player,BR:0cc/cc/cc/cr100f:2sTd,QsKd|/6c7hAc/4s/7c:-100,100(-100.000000)
118:BR,Player:0f:7h9h,2c8d|:50,-50(50.000000)
119:Player,BR:0cr200c/cc/cr859c/cr2509c:2cKc,7hJs|/9sKsAh/4s/2h:3668,-3668(3668.000000)
120:BR,Player:0r200c/cr300c/r425r1025f:5sTc,3d4c|/3c6dJs/Ah:-1025,1025(-1025.000000)
121:Player,BR:0cc/cc/cr286f:6hJd,QsQd|/4h4c7c/2c:-100,100(-100.000000)
122:BR,Player:0r200c/cr300c/cc/cr1200f:4cAd,2h8h|/TsThKh/3h/7s:-600,600(-600.000000)
123:Player,BR:0cc/cc/cc/r100r658c:8cQs,KdAs|/4d6cTs/3h/Qh:858,-858(858.000000)
124:BR,Player:0cc/cr100c/r100f:6d7h,2cKc|/4s6cAh/8s:200,-200(200.000000)
125:Player,BR:0cc/cc/r100r433f:6h8c,KhKc|/4d5d9c/5c:-200,200(-200.000000)
126:BR,Player:0cc/cc/r286f:3sJc,2dQc|/6h7dJh/4d:100,-100(100.000000)
127:Player,BR:0cc/cc/r100r1001f:7s9d,6sKs|/8sTsKh/Qh:-200,200(-200.000000)
128:BR,Player:0cc/cc/cc/cc:4c9s,4hJs|/3d6cQd/Jd/Td:-100,100(-99.592080)
129:Player,BR:0cc/cc/cr188c/cc:3sJd,5s9d|/2d6sAc/3c/7c:288,-288(288.000000)
130:BR,Player:0cc/cc/r100r200c/r996c:6s8h,3cKs|/5d6dKd/9h/7c:1396,-1396(858.245152)
131:Player,BR:0cc/cc/r100f:5cJd,3c8d|/5s7sQc/5h:100,-100(100.000000)
132:BR,Player:0r100c/cc/r142c/cc:2s5s,4h6s|/6c7s7h/2c/Kh:-342,342(68.216181)
133:Player,BR:0cc/cc/cr18953f:5hTc,KcAd|/6dAsAc/7h:-100,100(-100.000000)
134:BR,Player:0r200c/cc/r491f:4hAd,6s9s|/3s8h8d/4d:300,-300(300.000000)
135:Player,BR:0cc/cc/r200c/r600r1114c:3cKs,2dAs|/8d9sQc/Jc/Th:2014,-2014(1442.394514)
136:BR,Player:0r200c/cr300c/cr1200f:ThQd,9sJh|/3d4c9c/As:-600,600(-600.000000)
137:Player,BR:0cc/cc/cr576f:6sJc,7cTd|/6d8dQd/Ah:-100,100(-100.000000)
138:BR,Player:0r200c/cr600c/r181c/r1769f:3h6c,5h6s|/2sTsKc/4d/2h:1081,-1081(1081.000000)
139:Player,BR:0cc/cc/r100r327c/cc:6sQd,8hQh|/5d6cJc/Th/As:527,-527(426.294140)
140:BR,Player:0cc/cc/r379f:7cJc,8sQs|/5cAdAc/7d:100,-100(100.000000)
141:Player,BR:0cr200c/r300c/r600c/r1200r2246f:KsKc,5cJc|/3d5d7d/Qs/Jh:-2400,2400(-2400.000000)
142:BR,Player:0cc/cr200c/r185f:2hJs,2dTc|/4d8hAd/6s:300,-300(300.000000)
143:Player,BR:0cr200c/r300c/cr279f:7sJs,4h7h|/ThQdQc/6c:-600,600(-600.000000)
144:BR,Player:0cc/cc/r435f:3h6d,9cJd|/2s3c6s/Qs:100,-100(100.000000)
145:Player,BR:0cr100c/r200c/r400f:JdKh,2c3c|/5cQdAd/7h:400,-400(400.000000)
146:BR,Player:0r100c/cc/r757f:5hAs,7cJs|/9sQhAc/4d:200,-200(200.000000)
147:Player,BR:0cr200c/r300c/r600f:TdAs,2h8s|/6sJhQc/9s:600,-600(600.000000)
148:BR,Player:0f:8hKh,2s6c|:50,-50(50.000000)
149:Player,BR:0cc/cc/cc/cr100f:2dTd,3d5s|/6s8cJs/3h/8s:-100,100(-100.000000)
150:BR,Player:0r100c/cc/r123f:7c8d,5sAs|/7d9cKd/3d:200,-200(200.000000)
151:Player,BR:0cc/cc/cr100f:5d9s,4cQd|/TsKsAc/Ah:-100,100(-100.000000)
152:BR,Player:0r100c/cc/r658f:4c8c,7hJh|/6s9cAs/Qc:200,-200(200.000000)
153:Player,BR:0cr200c/r300c/cr743f:8c9s,8sTc|/2h4s7s/7h:-600,600(-600.000000)
154:BR,Player:0f:8s8h,3c9d|:50,-50(50.000000)
155:Player,BR:0cc/cc/cc/r100r285f:6cJh,2cKd|/3d4h8h/3s/Ad:-200,200(-200.000000)
156:BR,Player:0r200c/cr300c/r211c/cr3244f:4cQh,8c9c|/2h3s7c/2s/8s:-811,811(-811.000000)
157:Player,BR:0cr200c/r600c/cr637f:4d6d,4h9c|/5h6c9d/Ts:-900,900(-900.000000)
158:BR,Player:0r200c/cc/r323f:4s8c,3sKd|/2hTdTc/7s:300,-300(300.000000)
159:Player,BR:0cr200c/r300c/cr6948f:QhKs,3sJc|/2s4c8s/5d:-600,600(-600.000000)
160:BR,Player:0r200c/cr300c/cc/cr600r1708c:9sKd,ThJh|/8hQsQd/Jc/2c:-2908,2908(-2908.000000)
161:Player,BR:0cr200c/r300c/cc/cc:JsQs,JdAs|/2d6h8d/5c/4h:-600,600(56.809894)
162:BR,Player:0cc/cc/r329c/cr858f:3sJc,5dTc|/8sTsQd/5s/Th:-429,429(-429.000000)
163:Player,BR:0cc/cc/cr164c/cr100c:6cAh,2s5c|/6s8hKs/4s/5s:-364,364(-222.515899)
164:BR,Player:0r200c/cc/r1136f:7d9d,6hKc|/5s5cAd/Td:300,-300(300.000000)
165:Player,BR:0cc/cc/r100c/cr142r684f:2s9s,3dQs|/6sJsKd/Jh/Tc:342,-342(342.000000)
166:BR,Player:0r200c/cc/r427f:4cTc,JhAc|/2s5h7d/8h:300,-300(300.000000)
167:Player,BR:0cc/cc/r100c/cc:2dAh,8cKs|/6cTcAd/7h/Qd:200,-200(10.120374)
168:BR,Player:0r100c/cc/r248c/r1696f:7s9d,2dTd|/6h7hKs/2c/7c:448,-448(448.000000)
169:Player,BR:0cc/cc/cc/cc:6dJs,5s6h|/5d8dAh/Ks/9h:-100,100(-48.846518)
170:BR,Player:0r200c/cc/cc/cc:3hTs,QcKs|/2dJsJd/4d/As:-300,300(-265.954329)
171:Player,BR:0cc/cc/r100r187c/cc:4s7h,3c9h|/6s7sAc/Th/2h:387,-387(328.318951)
172:BR,Player:0r200c/cc/r2627c/cr2927c:4sAs,ThKd|/2c3cJs/Ks/8d:-5854,5854(-2831.075714)
173:Player,BR:0cr100c/r200c/cc/cr2303f:4d5d,TdKc|/6d6cAc/Qh/9c:-400,400(-400.000000)
174:BR,Player:0cc/cr200c/cr300r7991f:6dQc,2cKh|/6h7dKd/9h:600,-600(600.000000)
175:Player,BR:0cc/cc/cr124f:3sQd,8s9s|/5c6h8h/Th:-100,100(-100.000000)
176:BR,Player:0r200c/cr300c/r488f:9dTc,7cTd|/5s6hKh/5h:600,-600(600.000000)
177:Player,BR:0cc/cc/cc/cr124c:3sJc,9cQc|/5c7hKd/Ah/Qs:-224,224(-134.049589)
178:BR,Player:0r200c/cr600c/r554c/r1565r16981f:4dQs,7d9h|/9s9dTh/Jc/Kh:-3019,3019(-3019.000000)
179:Player,BR:0cc/cc/r100r285c/cc:5c7d,3dJd|/2s4h8h/5s/3s:485,-485(456.884586)
180:BR,Player:0r100c/cc/cc/cc:JcQh,4h6h|/6c7s8h/Ad/8c:-200,200(-153.967100)
181:Player,BR:0cc/cc/cc/r400r2177f:7sQd,5s8s|/8cTdQh/Kh/7d:-500,500(-500.000000)
182:BR,Player:0r200c/cr300c/r321f:2d6d,4hJh|/3h3c9c/Td:600,-600(600.000000)
183:Player,BR:0cc/cc/r100c/cr871c:3d6s,8sJd|/9dKsKh/6d/2c:1071,-1071(1071.000000)
184:BR,Player:0r200c/cc/r859c/cr1159f:5d8c,TsQd|/4h4cQc/3d/3h:-1159,1159(-1159.000000)
185:Player,BR:0cr200c/cc/cr427c/cr256c:3d3c,2cJh|/5d6hJd/4d/5c:-983,983(-705.980801)
186:BR,Player:0cc/cr200c/r100r400c/cc:5hJd,5c8d|/3s5d8h/3d/4d:-800,800(-352.170259)
187:Player,BR:0cc/cc/cr501c/cr489c:4hTd,JdAs|/3sTcAd/5h/6h:-1090,1090(-527.932553)
188:BR,Player:0r100c/cr200c/r374f:5cTc,2d3d|/9sQcAc/Kd:400,-400(400.000000)
189:Player,BR:0cr200c/r300c/cr561c/cc:3s3c,7h8s|/4sThJd/Tc/Td:1161,-1161(1161.000000)
190:BR,Player:0r200c/cc/r6076f:7d9h,JcKs|/2s5h6d/6h:300,-300(300.000000)
191:Player,BR:0cr200c/r300c/cr1299c/cc:9sJd,3cKs|/2c9hQh/Ac/Ah:1899,-1899(1871.189758)
192:BR,Player:0r200c/cr600c/r364r1264r6293c/cr11179f:5d7h,3h5c|/6s7dAd/4c/Ts:-8821,8821(-8821.000000)
193:Player,BR:0cr200c/cc/cr649f:2sJs,TsQc|/4h7d9h/5s:-300,300(-300.000000)
194:BR,Player:0cc/cc/r164f:3c8d,3hJc|/2d4h8s/Qs:100,-100(100.000000)
195:Player,BR:0cr200c/r300c/r600f:9cKs,2sQc|/6c7hJc/5d:600,-600(600.000000)
196:BR,Player:0r200c/cr300c/r982f:6dQd,5hAs|/4h4dTc/Qs:600,-600(600.000000)
197:Player,BR:0cc/cc/cr19900f:2sQd,TsKs|/6sTcKc/5s:-100,100(-100.000000)
198:BR,Player:0r100c/cc/r123c/cr323f:8hTh,5hKh|/3c6d9c/Kc/4d:-323,323(-323.000000)
199:Player,BR:0cc/cc/r100r285f:3sTc,4cKd|/2s5cKs/4s:-200,200(-200.000000)
200:BR,Player:0cc/cc/cc/r249f:4sTd,6c7s|/3s8cQd/Js/9s:100,-100(100.000000)
201:Player,BR:0cr200c/r300c/cr1129f:2s5s,2h9d|/4cTcAd/7h:-600,600(-600.000000)
202:BR,Player:0r100c/cr400c/r1975r2575r2575r12275f:TcAs,3c4s|/2h5d6c/Ts:-7725,7725(-7725.000000)
203:Player,BR:0cc/cc/cr100c/r200r200c:7dTh,2d9d|/4dTcKh/6h/8s:600,-600(600.000000)
204:BR,Player:0r100c/cr200c/r430r830r3124c/r15216c:3h4d,TdTc|/5hThKs/6s/Jh:-20000,20000(-20000.000000)
205:Player,BR:0cc/cc/cr164c/cr107c:9hKs,4cJc|/9sJhAd/7h/2s:-371,371(-185.144417)
206:BR,Player:0r200c/cr300c/r743c/cc:7cQs,5hKs|/6d6c9h/5d/Ad:-1343,1343(-1343.000000)
207:Player,BR:0cr200c/r300c/r600c/cc:QhAc,5h6c|/6d7cAd/3d/Tc:1200,-1200(675.328370)
208:BR,Player:0r200c/cc/r121c/cc:7c9h,5dTh|/5cKhAh/2h/8s:-421,421(-421.000000)
209:Player,BR:0cr200c/cc/cr185c/cr100c:8sJh,3d7d|/4sJsQh/5c/7c:585,-585(-37.494582)
210:BR,Player:0r100c/cr400c/r425f:JsQd,2sTs|/8c9dQc/6h:600,-600(600.000000)
211:Player,BR:0cr200c/r300c/r1200f:KhKc,8d9s|/3d4cQh/Tc:600,-600(600.000000)
212:BR,Player:0r100c/cr200c/r569f:6hJh,3d7d|/5s5d9h/7c:400,-400(400.000000)
213:Player,BR:0cr200c/cc/cc/cc:7cJc,3dJs|/3h8dKh/Ad/8s:-300,300(16.868324)
214:BR,Player:0r200c/cr300c/cc/cc:5sQc,6h9h|/4dAhAd/2h/7d:600,-600(-224.444497)
215:Player,BR:0cr200c/cc/cc/cc:8hAs,4c5s|/6s9hKd/Jd/Ks:300,-300(294.312780)
216:BR,Player:0r200c/cc/cc/cc:8hKh,6h6c|/TdKdAd/Js/9s:300,-300(123.301600)
217:Player,BR:0cc/cc/r200c/cc:3hTc,5dTd|/4c5c9s/As/8s:-300,300(68.636500)
218:BR,Player:0r100c/cr400c/cr1200c/cc:2hJs,4c9c|/7dJcKh/Qs/Kd:1800,-1800(542.767711)
219:Player,BR:0cr200c/r300c/r600c/r2400f:5c6c,4cJh|/5h5dTc/2c/Jd:1200,-1200(1200.000000)
220:BR,Player:0r200c/cc/r1727c/cc:3sKs,JhKc|/4d8sJd/9s/9d:-2027,2027(-2027.000000)
221:Player,BR:0cc/cc/r100c/r200r495c:9sKc,2d4d|/8sTdKs/4h/Js:895,-895(895.000000)
222:BR,Player:0cc/cr100c/r327f:5dQd,5c8c|/3h7h9h/Qc:200,-200(200.000000)
223:Player,BR:0cr200c/r300c/cr279f:7sTs,8s8d|/4h9dKd/5s:-600,600(-600.000000)
224:BR,Player:0f:7hTd,2h8s|:50,-50(50.000000)
225:Player,BR:0cr200c/cc/r600f:7dAc,5s7h|/6cQhAs/9d:300,-300(300.000000)
226:BR,Player:0r200c/cc/r121c/cc:9cKd,6hJs|/5s7s8s/9h/Jh:-421,421(-147.438812)
227:Player,BR:0cr200c/r300c/cr982f:TcQd,6c7d|/4h8cAc/As:-600,600(-600.000000)
228:BR,Player:0cc/cr200c/r121f:3c8c,4d8h|/2s3hJh/Js:300,-300(300.000000)
229:Player,BR:0cc/cc/r100r248c/cc:8hAd,8c9s|/6dTdTc/5d/3s:448,-448(448.000000)
230:BR,Player:0cc/cc/cc/cc:3d7h,5d6h|/5hJcKd/Qs/As:-100,100(-99.682700)
231:Player,BR:0cc/cc/cr100c/cc:4h6s,2c7h|/6c7dAd/Jh/9c:-200,200(-10.608373)
232:BR,Player:0r100c/cr200c/r569f:9sJd,6cJh|/7c8sKh/5s:400,-400(400.000000)
233:Player,BR:0cc/cc/cr164c/cr100c:6sQh,7d8h|/3h6c8s/9c/Kh:-364,364(-190.280427)
234:BR,Player:0r200c/cr300c/r1718f:5h6c,7hKd|/4d7sQh/Ac:600,-600(600.000000)
235:Player,BR:0cr200c/r300c/cr18483f:TdQs,7hQh|/4s9hJh/3h:-600,600(-600.000000)
236:BR,Player:0f:9dKc,2d7s|:50,-50(50.000000)
237:Player,BR:0cc/cc/cr249f:6cJs,QdQc|/6d9hKc/5c:-100,100(-100.000000)
238:BR,Player:0r100c/cr400c/r100f:2s4d,6c7s|/8sQcAs/Kd:600,-600(600.000000)
239:Player,BR:0cc/cc/cc/cc:3s8s,7cQc|/2h8cAh/9h/5c:100,-100(35.162471)
240:BR,Player:0cc/cc/r761f:8sTh,6dKs|/6c8cJs/Td:100,-100(100.000000)
241:Player,BR:0cc/cc/r100r142c/cc:5dTs,5h7d|/4s6d9s/5c/Tc:342,-342(196.220912)
242:BR,Player:0r200c/cr600c/r119r2038c/r3783r13160f:4s9d,2dKs|/5d7s8s/9s/Ah:-6840,6840(-6840.000000)
243:Player,BR:0cr200c/cc/cr100c/cr141r541r1164f:6sKs,4c8d|/4s9hAs/5d/9d:-1082,1082(-1082.000000)
244:BR,Player:0r200c/cr300c/cr600c/cr2400f:2cJh,3s3h|/3c4cTc/3d/7d:-1200,1200(-1200.000000)
245:Player,BR:0cc/cc/cr216f:3dTd,7dKs|/4hJcKc/Jh:-100,100(-100.000000)
246:BR,Player:0cc/cc/cr100c/cr400f:2dJs,4c6d|/4s4d5c/Kc/8h:-200,200(-200.000000)
247:Player,BR:0cc/cc/r100f:7dJs,5s9h|/2sTdAh/Jd:100,-100(100.000000)
248:BR,Player:0r100c/cc/r100c/cr300r1299f:4dAh,KdKc|/2cQhQc/5d/Jc:600,-600(600.000000)
249:Player,BR:0cr200c/r600c/r900c/cc:ThQd,4cAh|/TcKdAd/5d/Qs:1800,-1800(1760.849866)
250:BR,Player:0r100c/cc/cc/cc:4sJs,5s7c|/8dAdAc/Kc/5d:-200,200(-193.263452)
251:Player,BR:0cc/cc/cr329f:8dKc,3h8c|/8sTcJs/3s:-100,100(-100.000000)
252:BR,Player:0r100c/cc/cc/cc:3c5h,8dAc|/6sJsQd/Kh/6c:-200,200(-176.791402)
253:Player,BR:0cr200c/r600c/r1800r2906c/cr6938f:QhKd,3dAd|/3h7hKc/As/5s:-5606,5606(-5606.000000)
254:BR,Player:0r200c/cr300c/r211r811f:3c8c,TdKd|/5sJsQc/Qh:-811,811(-811.000000)
255:Player,BR:0cc/cc/cr142f:6h8c,ThTd|/2h7dQc/7s:-100,100(-100.000000)
256:BR,Player:0r100c/cr200c/r374c/cc:5dAd,7d9c|/7hJdQc/Td/5h:-774,774(-642.766024)
257:Player,BR:0cc/cc/cr108f:8dJs,3sJd|/4d9cAs/5d:-100,100(-100.000000)
258:BR,Player:0r200c/cc/r121f:8sQs,2cKc|/8h9dAd/5c:300,-300(300.000000)
259:Player,BR:0cr200c/r300c/cr184f:TcJs,4dJd|/5s5dAs/2c:-600,600(-600.000000)
260:BR,Player:0r200c/cr300c/r488f:7c9d,2cJc|/8dThQc/5d:600,-600(600.000000)
261:Player,BR:0cr200c/cc/r300c/cr1299f:4s7s,TdJd|/9dTcKc/5h/Kd:-600,600(-600.000000)
262:BR,Player:0r200c/cr300c/r100c/cc:4hKh,5hAs|/QdQcAc/8s/8c:-700,700(-379.797594)
263:Player,BR:0cc/cc/cr249f:3dQh,2dKh|/5s9cJc/Kc:-100,100(-100.000000)
264:BR,Player:0f:6dQd,2c3d|:50,-50(50.000000)
265:Player,BR:0cc/r100c/cr142f:7cAh,8dQd|/6s6cQs/3s:-200,200(-200.000000)
266:BR,Player:0cc/cc/cc/cc:2sTh,5cAd|/4s4d8c/7s/Qs:-100,100(-94.090563)
267:Player,BR:0cr200c/cc/r300c/cr646f:7hTc,3s5s|/5d8dKd/4c/7d:-600,600(-600.000000)
268:BR,Player:0r200c/cc/r281f:4c9s,7h8d|/3s6hAh/2s:300,-300(300.000000)
269:Player,BR:0cc/cc/r200c/cc:4c8s,3sTc|/2c3cQs/Ad/2d:-300,300(-181.971672)
270:BR,Player:0r100c/cr400c/r854c/cr1454f:4dQh,QcAs|/3cTcQd/4c/Ac:-1454,1454(-1454.000000)
271:Player,BR:0cc/cc/cc/cc:5hJs,5dJc|/QhKsKd/6s/Ad:0,-0(-43.358160)
272:BR,Player:0r200c/cr300c/r100c/cr700f:3s9s,KdAh|/JsJhQc/Td/Th:-700,700(-700.000000)
273:Player,BR:0cc/cc/cr100f:2s9d,3cAc|/3h8cQc/Jh:-100,100(-100.000000)
274:BR,Player:0r200c/cr600c/cr1800c/cc:5dKd,5hJc|/2c7h9h/4c/5s:2700,-2700(1783.686767)
275:Player,BR:0cc/cc/cr124f:8sQd,6dQs|/3h6h7d/Js:-100,100(-100.000000)
276:BR,Player:0cc/cc/r100c/r163f:4s7c,4d7h|/6s7sAd/Ts/9s:200,-200(200.000000)
277:Player,BR:0cr200c/r300c/cr3973f:3h3c,5dJd|/2c8hKd/2d:-600,600(-600.000000)
278:BR,Player:0r100c/cr200c/cc/cc:TcAd,3cAh|/4h7dJd/5c/Qc:400,-400(-187.319973)
279:Player,BR:0cc/cc/r100r498c/cr429f:4d9d,KsAc|/4h8dKc/3d/7c:-698,698(-698.000000)
280:BR,Player:0r100c/cr200c/cc/r325f:5dAh,3s5h|/7sTdKs/6d/9d:400,-400(400.000000)
281:Player,BR:0cc/cc/cr164f:2cJh,7c8h|/4sTdKd/Ts:-100,100(-100.000000)
282:BR,Player:0r200c/cc/cr600c/cc:4s6d,8cKs|/4c9sKc/5c/7s:-900,900(-149.532370)
283:Player,BR:0cc/cc/cr100c/cc:5cTh,8d9d|/8sJsAh/5s/Qh:-200,200(29.655569)
284:BR,Player:0cc/cr100c/r163r363f:5h9h,6sJc|/4h7cJs/2c:-363,363(-363.000000)
285:Player,BR:0cc/cc/cr329c/cc:3d4c,3c7h|/4h6c8d/3h/Ks:429,-429(213.165878)
286:BR,Player:0f:2c8c,2s9d|:50,-50(50.000000)
287:Player,BR:0cc/cc/cr100c/cr100r1200f:2sKc,2dTh|/4h4cQh/5s/Ts:300,-300(300.000000)
288:BR,Player:0r200c/cr600c/r2576f:5cAc,8hKh|/4s5d7h/Ad:900,-900(900.000000)
289:Player,BR:0cr200c/r600c/cr1694f:4d6d,2s4h|/TdQsAs/3c:-900,900(-900.000000)
290:BR,Player:0f:KsKh,2s4d|:50,-50(50.000000)
291:Player,BR:0cc/cc/r100r215c/cc:6sTh,3h7d|/4d5hTc/5c/Qc:415,-415(401.391784)
292:BR,Player:0f:5s5c,2s5h|:50,-50(50.000000)
293:Player,BR:0cr200c/r300c/r600f:9hQh,3s4c|/7h9cJc/2d:600,-600(600.000000)
294:BR,Player:0r100c/cc/r100c/cr300r561c:6dTd,3hKc|/6hQsKs/Kh/As:-1161,1161(-1161.000000)
295:Player,BR:0cc/cc/cr379f:4hTd,9cKc|/5c6hKh/4s:-100,100(-100.000000)
296:BR,Player:0r100c/cc/r123r646r7378c/cr11653f:3c4s,4d7s|/3s5h8c/6h/Js:-8347,8347(-8347.000000)
297:Player,BR:0cc/cc/r100r107f:6hQc,JcAd|/8hKsKh/8s:-200,200(-200.000000)
298:BR,Player:0cc/cc/r188f:4sTh,4h8s|/9dTcKh/Kd:100,-100(100.000000)
299:Player,BR:0cr200c/cc/cr649c/cc:2sAs,4d6s|/5s8h8d/3h/Ks:949,-949(949.000000)
300:BR,Player:0r200c/cc/r281c/r155c:6h8h,TdAc|/5dThJc/3s/8s:-736,736(296.365148)
301:Player,BR:0cc/cc/r100r327f:2c3h,4h9c|/4sAdAc/4d:-200,200(-200.000000)
302:BR,Player:0r200c/cc/cc/cc:5s6d,3cKc|/2s7hJh/Tc/9h:-300,300(-290.277301)
303:Player,BR:0cr200c/r300c/cr1493f:6h7s,6dKc|/2s4cKs/Qd:-600,600(-600.000000)
304:BR,Player:0cc/cc/cr100c/cr400r854f:4h7h,8sAc|/5dTdAd/4c/Jh:600,-600(600.000000)
305:Player,BR:0cc/cc/cr142c/cr171f:8cKh,6cQs|/2s3dAc/Qd/7h:-242,242(-242.000000)
306:BR,Player:0cc/cr200c/r427f:3dJd,2dTs|/2hAhAd/3c:300,-300(300.000000)
307:Player,BR:0cr200c/cc/r600r1281c/cr1543r16276f:4d8d,QdKh|/4s8hQh/2s/8c:3724,-3724(3724.000000)
308:BR,Player:0r200c/cc/r19700f:9s9c,5dJd|/6c9dQd/6d:300,-300(300.000000)
309:Player,BR:0cc/cc/r200r8036f:8sAh,3c9h|/6c8hTh/2s:-300,300(-300.000000)
310:BR,Player:0r100c/cc/cr400c/cc:6c9h,2hJh|/4cTdAd/6d/Tc:600,-600(178.466080)
311:Player,BR:0cc/cc/cr100c/cr100c:2c7d,3d9d|/2d3cJc/Kh/Jd:-300,300(-138.930665)
312:BR,Player:0r200c/cr300c/r160r760r1422f:7hAh,8hQc|/3sThTd/4h:1520,-1520(1520.000000)
313:Player,BR:0cc/cc/cr501c/cr1131f:4hKs,4cQs|/9dTsJd/Kh/Qd:-601,601(-601.000000)
314:BR,Player:0r200c/cc/r427c/cc:6c7d,JcKc|/QhAhAc/5d/Ks:-727,727(-727.000000)
315:Player,BR:0cr200c/r300c/r600c/cr138c:ThQc,4hTs|/4d9hJd/Jc/As:-1338,1338(-210.168268)
316:BR,Player:0r200c/cc/r106f:9sKs,2d4d|/9hThAs/8d:300,-300(300.000000)
317:Player,BR:0cc/cc/cr124c/cc:5cAh,3c4h|/7cThTc/6c/3s:-224,224(73.139991)
318:BR,Player:0r100c/cc/cc/cc:3dQc,3cAd|/7hThJh/3h/2d:-200,200(-87.670283)
319:Player,BR:0cc/cc/cr876f:2h3d,9dTs|/7s9sQc/9c:-100,100(-100.000000)
320:BR,Player:0cc/cr100c/r2664f:3cTs,8cKc|/8hTdAd/3s:200,-200(200.000000)
321:Player,BR:0cr200c/cc/r300r854c/cr4162c:6cJc,JhQs|/3h3c6s/9d/2d:5616,-5616(5616.000000)
322:BR,Player:0r200c/cr300c/r646r2492f:6s7s,5cKh|/2s4dQh/3h:-1246,1246(-1246.000000)
323:Player,BR:0cc/cc/cc/cr876f:6hQh,4dJc|/3sKsKc/8s/Qs:-100,100(-100.000000)
324:BR,Player:0r100c/cr200c/r283c/cc:5s7d,4sAh|/6d7hQs/4c/6h:683,-683(-49.962827)
325:Player,BR:0cc/cc/cr100f:2c3d,4c9h|/9cJsQh/5c:-100,100(-100.000000)
326:BR,Player:0f:4dJh,2d9s|:50,-50(50.000000)
327:Player,BR:0cc/cc/cr216f:4c6h,2d8h|/QhQdQc/Ks:-100,100(-100.000000)
328:BR,Player:0r200c/cc/r185f:4cAs,5cKh|/3h8sJd/4d:300,-300(300.000000)
329:Player,BR:0cr200c/cc/cr988f:5c7h,6hKd|/4s4dQd/Jd:-300,300(-300.000000)
330:BR,Player:0r100c/cr400c/cr1200r2946c/cr15254f:6dAd,4s4h|/3c4d7c/8h/Ks:-4746,4746(-4746.000000)
331:Player,BR:0cc/cc/r100f:3sAc,4d8d|/3c9cQd/5h:100,-100(100.000000)
332:BR,Player:0r200c/cr300c/r488r2176c/r998c:6d8c,TcAc|/5d6cJs/Jc/6s:4262,-4262(4262.000000)
333:Player,BR:0cc/cc/cr100c/cc:8sTc,6hQs|/9cTsKh/4s/7c:200,-200(173.977476)
334:BR,Player:0cc/cr100c/r433f:KhAs,2cTd|/3hTcQd/6h:200,-200(200.000000)
335:Player,BR:0cc/cc/r200r6988f:5d8s,4s7s|/2c3dAc/8d:-300,300(-300.000000)
336:BR,Player:0r200c/cc/r185c/r148c:4sJc,ThAd|/3dJdAc/2d/3h:-633,633(288.131670)
337:Player,BR:0cr200c/r300c/r600c/r2400f:6d7s,3s3h|/4h5dAd/8d/Jh:1200,-1200(1200.000000)
338:BR,Player:0r200c/cc/cc/cr300r1718f:6dQs,5cKh|/7d7cJs/3h/Kc:600,-600(600.000000)
339:Player,BR:0cc/cc/cr3080f:2c3s,8sKs|/2hQsAd/Ts:-100,100(-100.000000)
340:BR,Player:0cc/cc/r100f:5hJs,3s9d|/4hJhAc/Kh:100,-100(100.000000)
341:Player,BR:0cr200c/r300c/r600r600f:8dTc,8s9s|/3sQsQh/9c:-1200,1200(-1200.000000)
342:BR,Player:0r200c/cr300c/r488c/r1548c:2c6s,7hTs|/5c8sJh/9h/3h:-2636,2636(-2636.000000)
343:Player,BR:0cc/cc/r100r163c/cr257f:3s7d,TdJd|/7sAsAh/Ts/8d:-363,363(-363.000000)
344:BR,Player:0r200c/cr300c/cc/cr1200f:3c8h,6cKs|/7h8cKh/Js/Kd:-600,600(-600.000000)
345:Player,BR:0cr200c/r300c/cc/cr105c:2h2c,KdAc|/6c7hJs/3s/6s:705,-705(-102.976402)
346:BR,Player:0f:7h7c,2c8s|:50,-50(50.000000)
347:Player,BR:0cc/cc/cr286c/cr156c:5d9c,4dTd|/5h7c8s/Tc/Ad:-542,542(-363.627155)
348:BR,Player:0cc/cr100c/cc/r433f:TdQh,6s7h|/9sAsAc/5d/Qd:200,-200(200.000000)
349:Player,BR:0cr200c/cc/cc/cr859r2318f:TsJc,2d8c|/TcQhKh/4s/Qd:1159,-1159(1159.000000)
350:BR,Player:0r100c/cr200c/r100c/cc:3d9h,6s7h|/3h7sAc/2h/5c:-500,500(-235.671101)
351:Player,BR:0cr19900c/cc/cc/cc:JsJc,4d8h|/5h6cAs/6d/3d:20000,-20000(19545.188560)
352:BR,Player:0r200c/cc/r100c/cr800f:8dJd,ThTc|/9cJcAc/7c/6d:-400,400(-400.000000)
353:Player,BR:0cc/cc/cr1007f:6s9h,5hQs|/4c8dQc/Qd:-100,100(-100.000000)
354:BR,Player:0r200c/cr300c/r211c/r1004f:2cJs,TsKs|/3d6cQd/Qh/5d:811,-811(811.000000)
355:Player,BR:0cr200c/r300c/r600r600c/cr416c:7dAd,7hKh|/4c7sJc/Jd/3h:2216,-2216(-464.276805)
356:BR,Player:0r100c/cr400c/r100r700c/cc:5sKd,QcKc|/2d6cQd/6h/4s:-1400,1400(-904.356449)
357:Player,BR:0cc/cc/cr876f:5sAd,7cJd|/7h8sJc/2h:-100,100(-100.000000)
358:BR,Player:0r200c/cr300c/r279f:4s7d,7cKd|/3s3c9h/Th:600,-600(600.000000)
359:Player,BR:0cc/cc/cr142f:5cKd,5hJc|/3sJdQc/2h:-100,100(-100.000000)
360:BR,Player:0r100c/cr400c/r488f:5c8d,3d5h|/4h5s8h/7c:600,-600(600.000000)
361:Player,BR:0cr200c/cc/r600r600r1500f:KhKc,6cQs|/2s2cTc/7s:1500,-1500(1500.000000)
362:BR,Player:0cc/cc/cc/r100f:6cAc,2sTh|/4d7h9d/Qc/6h:100,-100(100.000000)
363:Player,BR:0cc/cc/cr164c/cr100r1456c:2sQs,5s8c|/2c8sJh/7s/As:1820,-1820(348.793212)
364:BR,Player:0cc/cr100c/r215r415r444c/cr1274c:QhKh,3cJs|/2d7sKs/As/2h:2548,-2548(-1242.249390)
365:Player,BR:0cc/cc/cr188f:2cQd,9dQc|/2d6c7s/5h:-100,100(-100.000000)
366:BR,Player:0r200c/cc/cc/cr600f:2d3c,2h4h|/7sJdKs/Qd/Jc:-300,300(-300.000000)
367:Player,BR:0cc/cc/r100r376f:4sAc,2s5s|/3sQsQc/7d:-200,200(-200.000000)
368:BR,Player:0r100c/cr200c/r374c/cc:7cTc,6sKd|/4s4h6d/Qh/Qd:-774,774(-605.774610)
369:Player,BR:0cc/cc/r100c/cc:2cKc,5d8h|/8s9dJc/Ts/Th:-200,200(41.531035)
370:BR,Player:0r200c/cr300c/r1493f:JsAd,QhKh|/4d8cJh/7s:600,-600(600.000000)
371:Player,BR:0cc/cc/cr188c/cr1907c:3d9d,2c3h|/6c7d9h/Qd/3c:2195,-2195(2195.000000)
372:BR,Player:0r200c/cc/r1986c/r699c:2d9c,TsJc|/3cTcQd/Qc/7c:-2985,2985(823.057500)
373:Player,BR:0cc/cc/cr108f:3c8s,8cTs|/6cThKh/As:-100,100(-100.000000)
374:BR,Player:0r200c/cr300c/r488f:2dJc,7sQh|/3hTdTc/6c:600,-600(600.000000)
375:Player,BR:0cc/cc/cr100r200r200f:2sJs,4hJh|/3s3c7s/7h:-400,400(-400.000000)
376:BR,Player:0cc/cr100c/r215r415r587c/cc:4d7s,QcKh|/9sJsJh/6s/Ac:-1417,1417(-1417.000000)
377:Player,BR:0cc/cc/cr188r576r6579f:6hAc,4sTs|/6d7d8c/As:-864,864(-864.000000)
378:BR,Player:0r200c/cc/r100c/r283f:TdQd,5sQh|/TcKhKc/Ac/Th:400,-400(400.000000)
379:Player,BR:0cc/cc/cr329f:4c9c,3cKs|/5dJdQs/Kc:-100,100(-100.000000)
380:BR,Player:0r100c/cc/r327c/r324f:ThQc,5c9c|/3h6hQh/9h/Qs:527,-527(527.000000)
381:Player,BR:0cc/cc/cr164f:3cKd,6cJd|/5c7h9c/4c:-100,100(-100.000000)
382:BR,Player:0cc/cc/r379c/cr479r1363c:2h5s,9sKd|/5dJdAd/5h/4d:-2321,2321(-2320.999527)
383:Player,BR:0cc/cc/cc/cc:4d7c,3hQc|/6d9cKh/2d/2c:-100,100(1.287719)
384:BR,Player:0r100c/cr200c/r100c/cc:4d5d,4hKd|/2c4sJc/2d/Ts:-500,500(82.110193)
385:Player,BR:0cc/cc/r200r244c/cr774f:2d6s,7c9d|/5s6dAs/Ad/Th:-544,544(-544.000000)
386:BR,Player:0r200c/cc/r281c/cc:3d7s,5cAd|/2d6sKd/5h/Qc:-581,581(-581.000000)
387:Player,BR:0cr200c/r300c/r1200r7836f:QsAc,3h5s|/2c4sQh/8d:-1800,1800(-1800.000000)
388:BR,Player:0r100c/cr200c/r374c/r1457c:2s4c,8hAh|/5c8s9s/8d/9c:-2231,2231(-2231.000000)
389:Player,BR:0cc/cc/cr124f:4s7c,8hQd|/3c9dQs/As:-100,100(-100.000000)
390:BR,Player:0r200c/cr300c/cc/cr600f:5cKs,8c9c|/4d4cTd/8h/3h:-600,600(-600.000000)
391:Player,BR:0cc/cc/cr164f:2d3h,3cTc|/5hTdQc/Qs:-100,100(-100.000000)
392:BR,Player:0r200c/cr300c/cr600f:5hTh,8dAc|/2s6hAs/9s:-600,600(-600.000000)
393:Player,BR:0cr200c/r300c/cr743f:TsQs,9cJc|/4h6c7d/4s:-600,600(-600.000000)
394:BR,Player:0cc/cr100c/cc/cc:9hQh,2cTd|/2h7dAd/4s/Kh:-200,200(-73.204774)
395:Player,BR:0cc/cc/cc/cr100c:6dQc,4d7c|/7sKhAs/9h/9d:-200,200(-110.372249)
396:BR,Player:0r200c/cc/r747c/cc:3c5h,7cKc|/4cJcAs/Ah/8h:-1047,1047(-1047.000000)
397:Player,BR:0cc/cc/cc/cc:3hJc,5sQc|/8cTsAd/Th/Kd:-100,100(-31.346520)
398:BR,Player:0cc/cr100c/cc/cc:8hAs,3cKs|/2c4sQh/Qd/Qs:200,-200(56.815931)
399:Player,BR:0cc/cc/cr100c/cc:4hKs,4dJh|/5sKdAd/5c/6s:200,-200(155.470039)
400:BR,Player:0cc/cr100c/cc/cc:5sJs,JcKh|/8dQdAh/3h/5d:200,-200(107.911330)
401:Player,BR:0cr200c/r600c/cr419c/cr305c:9cQh,3d3c|/2d9sJh/Jc/7c:1624,-1624(-557.193968)
402:BR,Player:0r200c/cr600c/r364c/cr2528f:3cAh,ThQh|/7h8d9c/7s/5d:-1264,1264(-1264.000000)
403:Player,BR:0cc/cc/r100r433c/cr592c:3sJs,5d9d|/3c5s5h/2h/Jd:-1225,1225(-791.080170)
404:BR,Player:0cc/cr200c/r100r400r566c/cr2732f:QcAs,3c4d|/5cKcAc/5h/3h:-1366,1366(-1366.000000)
405:Player,BR:0cr200c/cc/cr140f:6hAh,2sTd|/7sTcJd/8s:-300,300(-300.000000)
406:BR,Player:0r200c/cc/r161c/r141r2408f:4dTs,2hAh|/7s7cKc/Th/3s:-602,602(-602.000000)
407:Player,BR:0cc/cc/cr876f:4d9h,AsAd|/5s6dJh/Tc:-100,100(-100.000000)
408:BR,Player:0cc/cc/r1532f:8hAh,6sKs|/3c5c9h/Qh:100,-100(100.000000)
409:Player,BR:0cc/cc/cc/cc:4d7h,4sJc|/2cTcQh/Qs/3d:-100,100(64.220765)
410:BR,Player:0r200c/cr600c/cc/r969f:4sQs,5hAc|/7h9dKh/7c/Jh:900,-900(900.000000)
411:Player,BR:0cc/cc/cr249f:3c8c,KsKc|/4c8sQs/As:-100,100(-100.000000)
412:BR,Player:0r200c/cr300c/r425f:2cJh,7h9s|/3h3dQh/5d:600,-600(600.000000)
413:Player,BR:0cc/cc/cr100f:2hTh,2cKd|/4d8cAh/Ac:-100,100(-100.000000)
414:BR,Player:0cc/cr100c/r215c/r12784f:2c6h,TsAd|/4s8cTc/5d/3s:415,-415(415.000000)
415:Player,BR:0cr200c/cc/cc/cc:7d8h,5cQd|/2h2cAc/Kh/9c:-300,300(96.140942)
416:BR,Player:0r200c/cr300c/r743f:4dJh,QdAs|/2c3h8c/6d:600,-600(600.000000)
417:Player,BR:0cc/cc/r100c/cr2316f:4dKh,4hAd|/4sThKc/Qh/Jd:-200,200(-200.000000)
418:BR,Player:0r200c/cr300c/r425c/r1268c:4d7s,5sJd|/3c5hQh/Jh/2d:-2293,2293(-2293.000000)
419:Player,BR:0cr200c/r300c/r600r2597c/cr9451f:8h9c,QhQc|/2d4sJc/8c/4h:-3797,3797(-3797.000000)
420:BR,Player:0cc/cc/cc/cr400f:6s8h,9dQc|/TsTcKs/Jc/7d:-100,100(-100.000000)
421:Player,BR:0cc/cc/cr379f:4sAd,5dQh|/2h7hQd/9c:-100,100(-100.000000)
422:BR,Player:0cc/cr100c/cc/cc:3hAs,4d9h|/5c7h8s/7s/Js:200,-200(23.296768)
423:Player,BR:0cc/cc/r100r498f:5hQh,TcKh|/2s8hKs/5d:-200,200(-200.000000)
424:BR,Player:0r200c/cr600c/cr1800f:2dAh,8hJh|/6s9cKh/7h:-900,900(-900.000000)
425:Player,BR:0cr200c/r300c/r600r1123c/cc:6h7c,TsTc|/2s5h6c/Jh/4s:-2323,2323(18.475254)
426:BR,Player:0r200c/cr300c/r425f:7hJh,QsAc|/2c6hKs/9h:600,-600(600.000000)
427:Player,BR:0cr200c/cc/cr427c/cc:5s6h,6dTh|/3d3c8c/5c/5d:727,-727(727.000000)
428:BR,Player:0r100c/cr400c/r321f:4hTs,3c5s|/7c9cJs/Kc:600,-600(600.000000)
429:Player,BR:0cc/cc/r100c/r200r283f:8hTc,JhQs|/3s3d9h/Ks/4h:-400,400(-400.000000)
430:BR,Player:0r100c/cc/r163c/cc:3s9d,TcQd|/2d2c9c/Kh/Qc:-363,363(-2.105454)
431:Player,BR:0cc/cc/cr142c/r242f:3sJc,2c3h|/4c6hJh/6c/Js:242,-242(242.000000)
432:BR,Player:0r100c/cr200c/cr400c/cr1600f:3d8s,4d6h|/3s4c9h/6c/Ks:-800,800(-800.000000)
433:Player,BR:0cr200c/cc/cr281c/cc:QhKs,4s7h|/2c3hAs/Qd/Ts:581,-581(581.000000)
434:BR,Player:0cc/cc/r142f:QsQc,2cTs|/5c6c7h/As:100,-100(100.000000)
435:Player,BR:0cr200c/cc/r300f:9cQc,5sJc|/2h8sKd/9d:300,-300(300.000000)
436:BR,Player:0r200c/cc/r212c/r274r1572f:7dJh,3s4h|/ThJcKc/3c/2h:-786,786(-786.000000)
437:Player,BR:0cr200c/cc/cr100c/r800r976r17824f:ThQh,6c9s|/4h6h7h/5c/8d:2176,-2176(2176.000000)
438:BR,Player:0r200c/cr300c/r369c/r1824c:2s6d,6cAc|/4h5h8h/8s/9d:-2793,2793(-2793.000000)
439:Player,BR:0cr200c/r300c/r1200c/cr2228f:ThKc,3dJd|/4cJcQd/Qs/5h:-1800,1800(-1800.000000)
440:BR,Player:0r100c/cc/r123f:2h7d,8cQh|/3c4sKd/5h:200,-200(200.000000)
441:Player,BR:0cr100c/r200c/r400c/r1600f:3hQs,7c9d|/8d9cJh/Js/4d:800,-800(800.000000)
442:BR,Player:0r200c/cc/cc/r371c:2d9c,9dKc|/4dQhAc/Th/3c:-671,671(-671.000000)
443:Player,BR:0cc/cc/cr576f:5hTd,7dTs|/7cThKc/3c:-100,100(-100.000000)
444:BR,Player:0r200c/cr600c/r119r1019f:6d8s,9dQh|/3d9cQd/4s:-1019,1019(-1019.000000)
445:Player,BR:0cr200c/r300c/r600c/cr3435c:TsKd,3h6s|/4hThQh/3d/Ad:4635,-4635(4406.459358)
446:BR,Player:0cc/cc/r501f:KdAd,4sTh|/2c3sKc/4c:100,-100(100.000000)
447:Player,BR:0cr200c/r300c/r1200c/r3600f:TdAc,8s8h|/2dJhQh/3c/Kh:1800,-1800(1800.000000)
448:BR,Player:0f:5hAc,2h5c|:50,-50(50.000000)
449:Player,BR:0cr200c/r300c/cc/cr105r1410c:5c6d,7cAc|/3d5dKh/3h/5s:2115,-2115(681.133780)
450:BR,Player:0cc/cc/r188c/r234c:2hJd,5c8d|/5s5h6c/3h/4h:522,-522(226.588885)
451:Player,BR:0cr200c/r300c/cr1718f:6s6h,4hJh|/2dThQc/Ks:-600,600(-600.000000)
452:BR,Player:0cc/cc/r249f:6h9s,2sJc|/6d7c8d/5d:100,-100(100.000000)
453:Player,BR:0cc/cc/cr2679f:4dTd,7h8c|/2c8s8h/6d:-100,100(-100.000000)
454:BR,Player:0f:5sJh,2h4s|:50,-50(50.000000)
455:Player,BR:0cr200c/r300c/cr1718c/cr7631f:TsJh,4dJs|/3dTdQc/Kc/5s:-2318,2318(-2318.000000)
456:BR,Player:0r200c/cc/r185r485r4856f:6dTc,JdJc|/6h8cQc/3c:970,-970(970.000000)
457:Player,BR:0cc/cc/cr164f:2c4s,9dJs|/7h8hAc/Jh:-100,100(-100.000000)
458:BR,Player:0f:3h6s,3d8h|:50,-50(50.000000)
459:Player,BR:0cc/cc/r100c/cr187f:3c8s,8dAc|/3s4c6d/2d/Qc:-200,200(-200.000000)
460:BR,Player:0r200c/cc/cc/cc:6dJd,9d9c|/5hQhAh/Kh/2c:-300,300(-192.161350)
461:Player,BR:0cc/cc/cc/cc:4hQd,ThKs|/2d8sAh/4s/9s:100,-100(-8.907598)
462:BR,Player:0r200c/cr300c/r561r1161r1643r3965f:3s7d,JhKh|/4h4dJd/6d:-3965,3965(-3965.000000)
463:Player,BR:0cc/cc/cr18953f:2d8h,3dAs|/3h3c4c/7d:-100,100(-100.000000)
464:BR,Player:0r100c/cr200c/r495f:9sJc,6cKh|/7sTsAh/Qd:400,-400(400.000000)
465:Player,BR:0cc/cc/cr108c/cc:8sKc,7h8h|/2d6hQs/Ts/5c:208,-208(208.000000)
466:BR,Player:0f:4c9h,3s9c|:50,-50(50.000000)
467:Player,BR:0cc/cc/cr100c/cr100c:8sKh,2s3c|/5h5d8d/3s/5c:300,-300(-60.724947)
468:BR,Player:0f:7sKh,2c3s|:50,-50(50.000000)
469:Player,BR:0cr200c/cc/cr565f:2dAd,2s9d|/3c5s9h/7h:-300,300(-300.000000)
470:BR,Player:0r100c/cr200c/r100c/cr2000f:4s7h,5s6h|/3cThKh/2c/9h:-500,500(-500.000000)
471:Player,BR:0cc/r100c/cr215f:6dAc,5s8c|/3sQhQd/8d:-200,200(-200.000000)
472:BR,Player:0r200c/cc/cc/cc:2c7h,5c7d|/8hJsKh/6s/7c:0,-0(101.587510)
473:Player,BR:0cc/cc/r100r376c/cc:4d9c,6cJd|/3h6d8d/9d/8c:576,-576(386.194100)
474:BR,Player:0r100c/cr200c/cr800c/cc:8s8d,7dAs|/4sJcAc/9h/Td:-1200,1200(-485.611276)
475:Player,BR:0cc/cc/cr100c/r200f:6dAh,ThAc|/7d8dKc/Kd/2d:200,-200(200.000000)
476:BR,Player:0cc/cr200c/r212c/r634f:9hTc,6c9c|/4s8dTs/Jh/Th:512,-512(512.000000)
477:Player,BR:0cr200c/r300c/cr425r1025c/r2050c:QsAc,2dJc|/5d5cJh/2c/Ad:4100,-4100(2044.619462)
478:BR,Player:0r100c/cc/r1152r1352f:9hQd,9sJd|/2h4d7c/8c:-1352,1352(-1352.000000)
479:Player,BR:0cr200c/r300c/cr561f:6d8d,2h3c|/7d7cKd/Kc:-600,600(-600.000000)
480:BR,Player:0r200c/cc/cc/r100c:6s6d,JcKc|/ThAsAd/9d/8h:400,-400(114.045388)
481:Player,BR:0cr200c/r300c/cr321c/cc:5cJc,4dJh|/9cJdQh/3c/Kh:0,-0(99.695407)
482:BR,Player:0r200c/cc/r859c/cr2318c:9cQs,5dTd|/9sQhAs/Jc/Jd:3477,-3477(-1069.156599)
483:Player,BR:0cr200c/r300c/r1200r1200c/cc:QhKs,QcKh|/5dJcKc/Ts/3h:0,-0(189.187822)
484:BR,Player:0r200c/cr300c/r279r879c/cc:6cJh,6sJs|/4c6hAd/As/3h:0,-0(206.330171)
485:Player,BR:0cc/r200c/cr747f:8d9c,2h6c|/4c7sAc/7c:-300,300(-300.000000)
486:BR,Player:0r200c/cc/cc/cr300r1493f:5h9h,2sKh|/5sJsKc/Ah/3c:600,-600(600.000000)
487:Player,BR:0cc/cc/r100c/r800f:5cJh,7h7c|/5h9dJs/Th/3c:200,-200(200.000000)
488:BR,Player:0cc/cc/r379f:8s8c,2hKc|/6dAhAd/7d:100,-100(100.000000)
489:Player,BR:0cc/cc/cr142c/cr260c:3cQh,4sQs|/4d6dQd/6s/9h:0,-0(-317.575286)
490:BR,Player:0cc/cc/cc/r379f:2s6s,4d7s|/TcJsKd/9c/5s:100,-100(100.000000)
491:Player,BR:0cr200c/cc/cc/cc:2s2h,4s9d|/QdKcAd/9c/7h:-300,300(13.982499)
492:BR,Player:0cc/cc/r662f:6dJc,5h7c|/5cThJd/Js:100,-100(100.000000)
493:Player,BR:0cr200c/r300c/r600c/cr4543f:7hJh,4c9d|/9sQhKd/5d/9c:-1200,1200(-1200.000000)
494:BR,Player:0r200c/cr300c/cc/cc:5c6s,5h9s|/6hJsAd/Qd/Jc:600,-600(14.338551)
495:Player,BR:0cr200c/cc/cr244c/cr890f:QsQd,7c8s|/2d3cAd/4s/Td:-544,544(-544.000000)
496:BR,Player:0f:2sAs,2h6d|:50,-50(50.000000)
497:Player,BR:0cr200c/cc/cc/cc:JhAd,4h6h|/5d5c9c/Jc/Js:300,-300(293.636788)
498:BR,Player:0r100c/cr200c/r495r895r5892c/cr12318f:8s9d,3dAd|/3c7d9c/Jd/6c:-7682,7682(-7682.000000)
499:Player,BR:0cr200c/r600c/r900f:4h6h,2d8c|/2hQsAh/Th:900,-900(900.000000)
500:BR,Player:0cc/cc/cr100f:2s9h,ThTd|/3sJdKc/Ac:-100,100(-100.000000)
RAW BR STATS: n=500, sum=-110834.000000, sum_sq=2226429252.000000, vr_sum=-123313.791908, vr_sum_sq=1698558955.401208
BR STATS: -221.668000(183.942043), -246.627584(160.104355)
RESULTS
1)Player: 110834
2)BR: -110834
