In config file: GAME_DEF=game_def.fullholdem
In config file: ACTIONS_R0=C
In config file: ACTIONS_R1=C
In config file: ACTIONS_R2=F,C,1,A
In config file: ACTIONS_R3=F,C,1,A
Using seed 16.
1:BR,Player:0cc/cr200c/r600c/r1800f:3d4s,3c4c|/6cThJc/Ks/Td:900,-900(900.000000)
2:Player,BR:0cc/cc/cc/r200r600f:5h8d,5dAh|/4sTdQh/8s/Qd:-300,300(-300.000000)
3:BR,Player:0r200c/cr600c/r1800f:3cKc,6c8d|/5s9cJc/9s:900,-900(900.000000)
4:Player,BR:0cr200c/cc/cr600f:2s3s,6s7d|/4c6c8h/7h:-300,300(-300.000000)
5:BR,Player:0cc/cr200c/cc/cc:4hTd,9dJs|/9hJdKh/Ks/Kd:-300,300(-39.163132)
6:Player,BR:0cr200c/cc/cc/cc:QcAh,3s3h|/2d4s8s/5d/9d:-300,300(-68.314471)
7:BR,Player:0r200c/cc/cc/cc:2hAs,3s3c|/7c8sQc/Jd/7h:-300,300(-142.191427)
8:Player,BR:0cr200c/r600c/cr1800c/cc:TdAh,8sKd|/2h6sTh/7d/2c:2700,-2700(2612.505422)
9:BR,Player:0cc/cc/r200f:7cJs,3s7d|/2c9hAd/Jc:100,-100(100.000000)
10:Player,BR:0cr200c/cc/cr600c/cr1800f:8h9h,2sKs|/7d9cKd/4h/6h:-900,900(-900.000000)
11:BR,Player:0cc/cc/cc/r200r600f:2h4s,4d6h|/3c8sJs/Th/6c:-300,300(-300.000000)
12:Player,BR:0cc/cc/cr200f:3c9c,6hJh|/3s4h6c/2s:-100,100(-100.000000)
13:BR,Player:0r200c/cc/cr600f:3c6d,7sAd|/8d9hAh/Qc:-300,300(-300.000000)
14:Player,BR:0cc/cc/cr200c/cr600f:3c9s,9dQc|/9hTdKs/4d/Jc:-300,300(-300.000000)
15:BR,Player:0cc/cc/cc/r200c:3d7h,3hQc|/7c8s9d/8d/2d:300,-300(60.032913)
16:Player,BR:0cc/cc/r200f:7dKc,2s8d|/5sJsJd/7c:100,-100(100.000000)
17:BR,Player:0r200c/cc/r600f:7s9c,9sTh|/7d9dKd/6c:300,-300(300.000000)
18:Player,BR:0cr200c/cc/cc/cr600c:9hAd,4c8h|/5h8dKh/5s/7s:-900,900(-127.299977)
19:BR,Player:0cc/cr200c/r600r1800c/r17300f:TdQd,9hJd|/3d8sTh/Qs/Qh:2700,-2700(2700.000000)
20:Player,BR:0cc/cc/cr200f:6hJc,3h7h|/5sTsTc/5h:-100,100(-100.000000)
21:BR,Player:0cc/cc/r200c/r600f:6d7s,3hQc|/6c7dKs/Qh/5s:300,-300(300.000000)
22:Player,BR:0cc/cc/cr200f:4s9h,QsAd|/2sJsAc/6h:-100,100(-100.000000)
23:BR,Player:0cc/cc/cc/cr200c:TsKd,4hTd|/2d3s4s/8d/9h:-300,300(-99.708381)
24:Player,BR:0cc/cc/cr200f:3cQh,7sAs|/6cKcAc/9s:-100,100(-100.000000)
25:BR,Player:0r200c/cr600c/r1800f:2s7h,5cTc|/4sKsKc/3c:900,-900(900.000000)
26:Player,BR:0cc/cc/cr200c/cc:3dJc,5dQh|/8c9cKh/Qc/8h:-300,300(-32.001481)
27:BR,Player:0cc/cc/cr200c/cr600r1800r5400f:4dAs,8cKc|/TsQcKh/6c/4s:-2700,2700(-2700.000000)
28:Player,BR:0cr200c/r600c/r1800f:JsQs,7dQc|/5s8s9h/As:900,-900(900.000000)
29:BR,Player:0r200c/cr600c/r1800c/r5400c:5cQh,8s8d|/2s6d7h/4d/8c:8100,-8100(5365.250627)
30:Player,BR:0cc/cc/cr200r600f:5cQh,4s9c|/7s8h8d/6h:300,-300(300.000000)
31:BR,Player:0r200c/cc/cc/cc:3h5c,ThTd|/5d9cQd/7d/6c:-300,300(-65.449595)
32:Player,BR:0cr200c/cc/cc/r600f:ThTc,5sQh|/4h9sKd/8h/6h:300,-300(300.000000)
33:BR,Player:0f:6dAs,2s6h|:50,-50(50.000000)
34:Player,BR:0cc/cc/cr200c/cc:9hJs,2s9c|/4d8hJd/Qs/Ah:300,-300(299.229654)
35:BR,Player:0r200c/cc/r19700f:JcQc,5d6h|/5hTsAs/Kd:300,-300(300.000000)
36:Player,BR:0cr19900c/cc/cc/cc:4h9d,JhAc|/2hQsQh/4d/6c:20000,-20000(6545.704930)
37:BR,Player:0r200c/cc/cc/cc:7d9c,4cTc|/ThQhAd/2d/5s:-300,300(-229.036114)
38:Player,BR:0cc/cc/r200c/r600f:3sTc,7cTh|/6h7sQs/5s/9h:300,-300(300.000000)
39:BR,Player:0cc/cr200c/r600f:5h6s,3sTc|/2d2c8h/Js:300,-300(300.000000)
40:Player,BR:0cc/cc/cr200f:6sTs,JsAs|/2h5dAc/3d:-100,100(-100.000000)
41:BR,Player:0r200c/cr600c/cc/cc:7s9c,TcJd|/8hThKd/9h/Ac:-900,900(-504.492192)
42:Player,BR:0cr200c/r600c/cr1800f:2dAd,8dKs|/6cThQd/7c:-900,900(-900.000000)
43:BR,Player:0r200c/cc/r600f:AhAd,8hQs|/2d4hJd/4d:300,-300(300.000000)
44:Player,BR:0cr200c/cc/cr600c/cc:AhAc,JhJd|/5sKhKc/9c/9s:900,-900(-92.417075)
45:BR,Player:0r200c/cr600c/cc/cc:3hQc,7cQs|/2s7dJc/4d/9c:-900,900(-750.477099)
46:Player,BR:0cr200c/cc/cc/cr600c:9h9d,2h3d|/2dJdAd/Jc/3h:900,-900(256.860962)
47:BR,Player:0r200c/cr600c/r1800f:6d9c,6hKd|/7s8c9h/3d:900,-900(900.000000)
48:Player,BR:0cr200c/r600c/cr1800c/cc:QsQh,2d5c|/8dJsJd/As/9h:2700,-2700(2700.000000)
49:BR,Player:0r200c/cr600c/cc/cc:8sAc,5hTh|/3h6hQs/Kd/Kc:900,-900(173.240020)
50:Player,BR:0cc/cc/cr19900f:3s7c,AhAd|/3d5sAs/3c:-100,100(-100.000000)
51:BR,Player:0f:TcAs,2h6d|:50,-50(50.000000)
52:Player,BR:0cr200c/r600c/cc/cc:9hKc,5cQc|/9dKhAd/9s/5s:900,-900(-183.627980)
53:BR,Player:0r200c/cr600c/r1800f:6hJc,6dQh|/2s4s5d/2c:900,-900(900.000000)
54:Player,BR:0cr200c/cc/cc/cc:TcQh,3dKc|/6hAdAc/5s/6c:-300,300(-153.397000)
55:BR,Player:0cc/cr200c/r600c/cc:QcKc,TdAh|/3d7sAc/8c/2d:-900,900(-849.433439)
56:Player,BR:0cr200c/cc/r600f:6d7s,3cQd|/5h8hJs/9h:300,-300(300.000000)
57:BR,Player:0r200c/cc/cc/cr600f:3d5c,QcKd|/9cKsAc/As/Jd:-300,300(-300.000000)
58:Player,BR:0cc/cc/r200c/cc:8cTs,4h4c|/2s5hTd/3d/8d:300,-300(-0.734870)
59:BR,Player:0r200c/cr600c/r1800f:2s7h,2dJd|/3d6h6c/3c:900,-900(900.000000)
60:Player,BR:0cc/cc/cr200f:5s9d,6sTs|/6cQhKc/Th:-100,100(-100.000000)
61:BR,Player:0cc/cc/cc/cc:2hJs,3cQd|/6hKsAs/Kh/Tc:-100,100(-60.981977)
62:Player,BR:0cr200c/cc/cc/cr600f:QhAh,KdAd|/2h9sJc/9c/8s:-300,300(-300.000000)
63:BR,Player:0r200c/cr600c/r1800f:QcKh,9sTc|/2sJsKd/3c:900,-900(900.000000)
64:Player,BR:0cc/cc/r200c/r600f:4h7c,2dQs|/4s5h7s/Ks/Qd:300,-300(300.000000)
65:BR,Player:0r200c/cc/cc/cc:3dQc,2h3h|/2c8sKc/7d/Kd:-300,300(-249.771235)
66:Player,BR:0cr200c/cc/cc/cc:QsKd,8cJd|/4h9sAc/3d/5d:300,-300(289.040314)
67:BR,Player:0cc/cc/cr200c/cc:4dAc,2cKh|/4h5sKd/7d/8c:-300,300(-111.976558)
68:Player,BR:0cc/cc/cr200f:2d5c,2c4c|/7cQsAh/6h:-100,100(-100.000000)
69:BR,Player:0f:2sJs,2c3s|:50,-50(50.000000)
70:Player,BR:0cc/cc/r200r600c/cc:2hKd,4s7c|/2d7hKh/4h/2s:900,-900(647.523734)
71:BR,Player:0f:8sQc,2h6d|:50,-50(50.000000)
72:Player,BR:0cc/cc/cr200f:3cTs,2cTd|/2h8h9s/9c:-100,100(-100.000000)
73:BR,Player:0r200c/cc/cr600c/cr1800f:4hAs,8hQc|/6cJsQh/Qd/Kc:-900,900(-900.000000)
74:Player,BR:0cc/cc/cr200f:7h9d,4hTh|/3cJsKh/2h:-100,100(-100.000000)
75:BR,Player:0cc/cc/cc/cr200f:8hJc,5sAd|/2s2c6s/Qs/Ts:-100,100(-100.000000)
76:Player,BR:0cc/cc/cc/cr200f:3dAh,7hQh|/8hQsKs/8c/9c:-100,100(-100.000000)
77:BR,Player:0r200c/cr600c/cr1800r5400f:9dKc,2cAd|/8cTsQc/2h:2700,-2700(2700.000000)
78:Player,BR:0cc/cc/r200c/cr600f:5s9h,KsAd|/4h9sAs/4c/Qs:-300,300(-300.000000)
79:BR,Player:0r200c/cc/cc/cc:3cAh,8sKs|/2d7dJc/Qc/6d:300,-300(-194.559478)
80:Player,BR:0cc/r200c/cc/cr600c:5hKh,6dAs|/8dQhKd/Jd/2c:900,-900(900.000000)
81:BR,Player:0cc/cc/r200f:6d7d,2dJh|/5d7h9s/6s:100,-100(100.000000)
82:Player,BR:0cc/cc/cr200c/cc:4dTc,5sQh|/3hQcAd/4h/6d:-300,300(-85.858326)
83:BR,Player:0r200c/cc/cc/cc:4s7d,5hAc|/4h8dKs/5d/Tc:-300,300(115.982823)
84:Player,BR:0cc/cc/cc/r200c:3hJs,JdKc|/2s6dQh/8h/4d:-300,300(98.849482)
85:BR,Player:0r200c/cc/cc/cc:3sKc,5c8d|/8sTdAd/Ac/5h:-300,300(-161.651791)
86:Player,BR:0cr200c/cc/cc/r600c:7d9d,TcJs|/4d5hQh/2s/Td:-900,900(33.911785)
87:BR,Player:0cc/cr200c/r600c/r1800c:2s8d,5cAh|/5h5dKd/Qd/6s:-2700,2700(-2700.000000)
88:Player,BR:0cc/cc/r200c/r600r1800c:2d7d,5cQs|/2cJdAs/7c/4d:2700,-2700(2700.000000)
89:BR,Player:0cc/cr200c/cc/cr600f:2s9h,5dJc|/2c3cQc/9c/5h:-300,300(-300.000000)
90:Player,BR:0cc/cc/cr200f:5s7c,2cKc|/QcKhAd/5h:-100,100(-100.000000)
91:BR,Player:0r200c/cr600c/r1800f:4cTd,6h7d|/5s8dQh/Jh:900,-900(900.000000)
92:Player,BR:0cc/cc/r200c/r600r1800r5400f:2sQd,9dAh|/2cThQc/3h/2d:2700,-2700(2700.000000)
93:BR,Player:0r200c/cr600c/r1800c/cr5400f:9hJd,TsKs|/7d8sJh/6s/6d:-2700,2700(-2700.000000)
94:Player,BR:0cc/cc/cc/cr200f:4c9h,3d9d|/5cJcKc/Jd/2s:-100,100(-100.000000)
95:BR,Player:0cc/cc/cc/r200c:4d7c,3h6s|/2h8hKc/Td/3c:-300,300(-300.000000)
96:Player,BR:0cr200c/cc/cr600c/cc:6d7d,9sTs|/4d7hAs/5s/2c:900,-900(890.374941)
97:BR,Player:0r200c/cr600c/cc/cc:5hAc,6c8h|/4h4dKc/Qc/2c:900,-900(219.065040)
98:Player,BR:0cr200c/cc/cc/r600f:7cAh,6cTd|/2cKhAc/3s/5h:300,-300(300.000000)
99:BR,Player:0f:3sQh,2c8d|:50,-50(50.000000)
100:Player,BR:0cr200c/cc/cr600f:8s8h,KdAh|/3dTsAd/Js:-300,300(-300.000000)
101:BR,Player:0cc/cc/r200c/r600c:6d9c,8hAd|/5d6hJh/6s/Jd:900,-900(413.094381)
102:Player,BR:0cr200c/cc/cr600f:8hAh,JhKh|/2s9dJs/3s:-300,300(-300.000000)
103:BR,Player:0cc/cc/cc/cc:3hJh,5d9s|/5c8cKc/Ks/Jc:100,-100(63.539734)
104:Player,BR:0cc/cc/cr200c/cc:4d8d,3d9s|/7s7d8s/Td/3h:300,-300(173.904763)
105:BR,Player:0r200c/cr600c/cc/cr1800c:2d8d,7hTd|/4cQhQd/Tc/8s:-2700,2700(-864.250278)
106:Player,BR:0cc/cc/cr200f:5hKs,JsJc|/9hQhQd/4d:-100,100(-100.000000)
107:BR,Player:0r200c/cr600c/cr1800f:3hTc,7cKs|/2h2d7s/9h:-900,900(-900.000000)
108:Player,BR:0cr200c/r600c/cc/cc:5sKs,5cKd|/2s5hAc/8h/6d:0,-0(202.230531)
109:BR,Player:0r200c/cc/cc/cc:3d6d,KhAc|/7s7hJd/2s/Td:-300,300(-300.000000)
110:Player,BR:0cc/cc/r200c/cc:3c9c,7cAh|/5d9dQc/4c/2c:300,-300(154.772701)
111:BR,Player:0r200c/cr600c/r1800c/cc:2c8s,JdKh|/6sThJs/Tc/Ad:-2700,2700(-2700.000000)
112:Player,BR:0cc/cc/cr200f:7dQh,9sKh|/4s9hAs/Jh:-100,100(-100.000000)
113:BR,Player:0r200c/cr600c/cc/cc:9hKh,9dTs|/TdQdKc/3d/As:900,-900(109.539718)
114:Player,BR:0cc/cc/cr200r600f:9cJh,4c6c|/2h7hAs/7d:300,-300(300.000000)
115:BR,Player:0r200c/cr600c/cr1800c/cc:QhQd,7hKs|/2d3h6s/4s/Td:2700,-2700(1508.861764)
116:Player,BR:0cr200c/cc/r600c/cr1800r17300f:2s2h,7h7c|/JsJdKh/2c/5s:2700,-2700(2700.000000)
117:BR,Player:0cc/cr200c/cr600f:4s9c,TdAh|/2cThJh/7h:-300,300(-300.000000)
118:Player,BR:0cr200c/cc/cr600c/cr1800c:8hTh,5c8s|/8d8cAd/Ts/Ac:0,-0(-736.286915)
119:BR,Player:0r200c/cc/cc/cr600f:2d6s,9dAc|/5sQcKs/Ad/5c:-300,300(-300.000000)
120:Player,BR:0cc/cc/r200f:8cJh,7cQd|/2c3dJs/4s:100,-100(100.000000)
121:BR,Player:0cc/cc/cc/cc:5hQc,5dAc|/4d6cJh/8h/6d:-100,100(-79.275375)
122:Player,BR:0cc/cc/cc/r200f:2c5h,6c7h|/TdJsKc/3c/6d:100,-100(100.000000)
123:BR,Player:0r200c/cc/cc/cc:3hKd,3dKs|/3s6cQh/Th/Td:0,-0(199.213498)
124:Player,BR:0cc/cc/cr200f:2cTh,6c7s|/4d4c9s/Jc:-100,100(-100.000000)
125:BR,Player:0cc/cr200c/r600c/cr19100f:2d8c,JdAc|/5c9hJc/3s/4h:-900,900(-900.000000)
126:Player,BR:0cc/cc/cr200c/cc:6h9d,3s4h|/6s8dQc/Ts/2h:300,-300(300.000000)
127:BR,Player:0r200c/cc/r600c/cc:8cAh,4sAs|/6h7h9s/2s/Kh:900,-900(-831.846538)
128:Player,BR:0cr200c/r600c/cr19100f:8hTs,4cQc|/2h4hJs/4s:-900,900(-900.000000)
129:BR,Player:0r200c/cr600c/cr1800f:5sKh,2d4d|/3d6h9d/Qh:-900,900(-900.000000)
130:Player,BR:0cc/cc/r200r600f:2dTc,5cKh|/5h6cKs/Td:-300,300(-300.000000)
131:BR,Player:0cc/cr200c/r600f:8hTh,3d5d|/4h9s9h/7d:300,-300(300.000000)
132:Player,BR:0cc/cc/r200c/r600f:2h8s,3sQd|/6c9dJh/7h/As:300,-300(300.000000)
133:BR,Player:0r200c/cr600c/cr1800r5400f:6hQd,7sTh|/2d9hJd/3d:2700,-2700(2700.000000)
134:Player,BR:0cr200c/r600c/r1800r5400f:3s4s,8h9c|/2s6cJh/7d:-2700,2700(-2700.000000)
135:BR,Player:0r200c/cc/cc/cc:3hAs,4cJd|/4h6h7s/Kh/2d:-300,300(-274.511626)
136:Player,BR:0cc/cc/cr19900f:2cQh,7cTs|/3s4sTd/Tc:-100,100(-100.000000)
137:BR,Player:0r200c/cc/r600c/r1800f:3dQd,7c8h|/5s6dTd/Ts/2d:900,-900(900.000000)
138:Player,BR:0cc/cc/cr200f:2hKc,2sTs|/8cTdAs/7c:-100,100(-100.000000)
139:BR,Player:0r200c/cc/r600f:9hTc,5d8h|/3s6dTh/2h:300,-300(300.000000)
140:Player,BR:0cr200c/cc/cr600r1800c/cc:7c8h,5cAc|/6c9hAs/Ts/7s:2700,-2700(1689.020191)
141:BR,Player:0cc/cc/cc/cr200f:9dTd,4d9h|/2h3s8s/3h/6s:-100,100(-100.000000)
142:Player,BR:0cr200c/r600c/cc/cc:7hAh,3s5d|/3h7dJd/6c/6s:900,-900(-100.208821)
143:BR,Player:0r200c/cr600c/r1800c/cc:AsAh,4s4d|/2s2h3s/9s/8h:2700,-2700(1783.350894)
144:Player,BR:0cr200c/cc/cr600f:QdAc,2c5s|/3h6sKh/6d:-300,300(-300.000000)
145:BR,Player:0r200c/cr600c/r1800c/cc:5sJs,7sTs|/3s6cKs/Qh/Kd:2700,-2700(-2645.749562)
146:Player,BR:0cc/cc/cc/cc:3sTh,8dJd|/4d7cAc/Ks/Qc:-100,100(6.233276)
147:BR,Player:0r200c/cr600c/cc/cr1800f:2h9d,4s6s|/3h6hAd/Jd/6c:-900,900(-900.000000)
148:Player,BR:0cc/cc/r200f:3s5h,3h9c|/7h8dAs/2c:100,-100(100.000000)
149:BR,Player:0r200c/cc/cc/cc:6s9h,5dQc|/5c8cTh/6d/Ks:300,-300(176.501138)
150:Player,BR:0cr19900c/cc/cc/cc:KhAs,4c5d|/3h6hTd/Qc/Jh:20000,-20000(19984.260480)
151:BR,Player:0r200c/cc/cc/cr600c:8s8h,QsQd|/3hTsKh/5h/Kd:-900,900(-266.609255)
152:Player,BR:0cr200c/r600c/cc/cr19100f:9sTc,3c7d|/3d5sTd/Jh/4h:-900,900(-900.000000)
153:BR,Player:0cc/cc/r200c/r600c:JcAd,3sJd|/7h9dJs/Tc/Ac:900,-900(103.134816)
154:Player,BR:0cr200c/cc/cr600f:QsAd,KsKh|/3c8d9c/4d:-300,300(-300.000000)
155:BR,Player:0r200c/cc/r600c/cr1800f:KcAs,5cKs|/6s9dQs/9s/Th:-900,900(-900.000000)
156:Player,BR:0cc/cc/cc/cr200c:2h4c,2s4h|/2cTsQh/Ks/Kc:0,-0(-23.288267)
157:BR,Player:0r200c/cc/r600f:7dTh,6h8s|/3sTdKc/5h:300,-300(300.000000)
158:Player,BR:0cr200c/r600c/r1800f:QsQh,7cKd|/3s4cTc/Js:900,-900(900.000000)
159:BR,Player:0cc/cr200c/cc/cc:2h8c,4sTc|/8s9cQc/9h/5s:300,-300(213.191136)
160:Player,BR:0cc/cc/cc/cc:6sQh,2s4h|/4d9hKs/Qd/Qs:100,-100(-51.293071)
161:BR,Player:0r200c/cc/r600c/cr1800f:2c3c,8sQd|/JsKhAc/5d/Th:-900,900(-900.000000)
162:Player,BR:0cc/cc/cc/cr200c:6h8d,5c7c|/4s7dQd/8s/5d:300,-300(-187.165071)
163:BR,Player:0r200c/cc/r600c/cr1800f:JdJc,7s9s|/5dTsAh/4s/3c:-900,900(-900.000000)
164:Player,BR:0cc/cc/cr200f:3hJc,9sAc|/QhKcAs/6d:-100,100(-100.000000)
165:BR,Player:0cc/cr200c/cc/r600c:7sJd,2s5h|/2c4cTc/7c/5d:-900,900(-900.000000)
166:Player,BR:0cr200c/cc/cc/r600f:5s6c,8dKs|/5cTsQh/Qd/5d:300,-300(300.000000)
167:BR,Player:0r200c/cc/cr600c/cc:6s6d,KdAh|/9sJcAc/3c/Jd:-900,900(269.313600)
168:Player,BR:0cc/cc/cr200c/cc:5sKd,5c6c|/9sKsKh/Js/Ac:300,-300(300.000000)
169:BR,Player:0r200c/cc/r600f:8cAs,4d4c|/8dQsAh/Qc:300,-300(300.000000)
170:Player,BR:0cc/cc/r200c/r600r1800f:2cTs,2hKc|/2d9hQc/Th/4d:-900,900(-900.000000)
171:BR,Player:0cc/cc/cc/r200f:9dKh,5cJs|/3cQsQc/Qd/9c:100,-100(100.000000)
172:Player,BR:0cr200c/r600c/r1800f:9cAc,9sQc|/6sTdAh/4d:900,-900(900.000000)
173:BR,Player:0cc/cr200c/cc/cr600c:8sKh,5d7h|/5c7s9d/7d/8d:-900,900(-299.925717)
174:Player,BR:0cc/cc/cr200f:2sAd,3h7h|/5sQcKd/2c:-100,100(-100.000000)
175:BR,Player:0cc/cr200c/cr600r1800r5400c/cr11900f:5c7s,5s6d|/4s7cJc/3h/5d:-8100,8100(-8100.000000)
176:Player,BR:0cc/cc/cr200c/cc:7dQc,3h5d|/4hJcKs/7h/Qs:300,-300(300.000000)
177:BR,Player:0f:QcAh,3d8h|:50,-50(50.000000)
178:Player,BR:0cc/cc/r200c/cr600c:3sKh,7dAh|/6c8hQs/Kd/Ad:-900,900(-618.960310)
179:BR,Player:0r200c/cc/cr600c/r19100f:4h4d,JsAd|/5d8c9s/Ah/4s:900,-900(900.000000)
180:Player,BR:0cr200c/cc/r600f:JsQs,4sKh|/7d9sJh/2d:300,-300(300.000000)
181:BR,Player:0cc/cc/cc/cc:6cQh,4h8d|/5sTcJc/4d/Ts:-100,100(-100.000000)
182:Player,BR:0cr200c/r600c/cr1800r5400f:5d6d,2h8d|/6hTsAc/2c:2700,-2700(2700.000000)
183:BR,Player:0cc/cr200c/cc/cc:2c4h,5hTc|/4d8sQc/6h/Ks:300,-300(-12.172736)
184:Player,BR:0cc/cc/cc/cr200f:9hKs,5c9d|/6dTsJs/Td/7s:-100,100(-100.000000)
185:BR,Player:0r200c/cr600c/cr1800f:6d8h,3hAd|/3dQcAs/7c:-900,900(-900.000000)
186:Player,BR:0cr200c/cc/cc/cr600f:8hKh,4cKs|/5c6cAs/7h/3s:-300,300(-300.000000)
187:BR,Player:0r200c/cc/r600f:8sKd,8dJd|/7cQhKh/9c:300,-300(300.000000)
188:Player,BR:0cc/cc/cc/cc:5dQh,TdQc|/2s2dAd/Jh/As:0,-0(2.763353)
189:BR,Player:0r200c/cr600c/r1800c/r5400f:6d8d,TdJh|/4c9dAd/7d/6h:2700,-2700(2700.000000)
190:Player,BR:0cr200c/r600c/cr1800f:7c9c,5h7d|/TsJdAd/Ks:-900,900(-900.000000)
191:BR,Player:0cc/cr200c/cc/cc:JcKh,3sAs|/3c4s9d/7c/8d:-300,300(-111.094971)
192:Player,BR:0cc/cc/cr200f:4cJh,4hQc|/8hQhAd/3h:-100,100(-100.000000)
193:BR,Player:0r200c/cc/cc/cr600f:2c9c,7s8s|/4s8hKd/3c/4c:-300,300(-300.000000)
194:Player,BR:0cr200c/r600c/cc/cc:7h9h,6dKh|/6cTsAs/3d/9c:900,-900(16.053747)
195:BR,Player:0r200c/cc/r600f:6dJd,6sAh|/3d5h8d/8s:300,-300(300.000000)
196:Player,BR:0cc/cc/cc/r200c:2dTc,3d5h|/5d9cAh/6d/7h:-300,300(99.456596)
197:BR,Player:0f:4cTh,2h8d|:50,-50(50.000000)
198:Player,BR:0cc/cc/cc/cc:5cAd,3cJs|/4s4cKc/Qh/6s:100,-100(4.826241)
199:BR,Player:0r200c/cc/cc/cr600f:5hTc,5dTd|/2h7sAc/Qs/8h:-300,300(-300.000000)
200:Player,BR:0cr200c/cc/cc/cr600c:JdQc,3d5d|/4s4cKh/Qh/9s:900,-900(900.000000)
201:BR,Player:0r200c/cr600c/r1800f:2c7c,6cQd|/4d6sJh/8c:900,-900(900.000000)
202:Player,BR:0cr200c/cc/cc/cc:8sTs,6c8h|/8cTdQh/Qc/As:300,-300(21.501031)
203:BR,Player:0cc/cr200c/cc/cc:2h9c,3c9d|/4d8h9h/4h/7d:0,-0(249.886571)
204:Player,BR:0cr200c/r600c/r1800f:TsKh,4dQs|/3c6h8h/Js:900,-900(900.000000)
205:BR,Player:0f:3c7c,2h7s|:50,-50(50.000000)
206:Player,BR:0cr200c/cc/cc/r600f:3hKh,7dJh|/4dJdAs/Ks/Ac:300,-300(300.000000)
207:BR,Player:0f:JdKd,2c6s|:50,-50(50.000000)
208:Player,BR:0cc/cc/cr200f:3h6d,4h6c|/3s7d9s/Qc:-100,100(-100.000000)
209:BR,Player:0cc/cr200c/cc/r600f:TdQd,2cJs|/4sTsKc/3h/5c:300,-300(300.000000)
210:Player,BR:0cc/cc/cr200c/cc:4s6c,6hJs|/2h6s9d/5d/8s:-300,300(44.133971)
211:BR,Player:0cc/cr200c/r600c/cr1800f:8cQs,3sKs|/5d6s9s/4s/2c:-900,900(-900.000000)
212:Player,BR:0cr200c/cc/cc/cc:6cTc,6hKs|/9hAsAh/5c/5s:-300,300(2.077384)
213:BR,Player:0cc/cr200c/r600f:8d9s,5cTd|/8cJhQh/8s:300,-300(300.000000)
214:Player,BR:0cr200c/cc/cr600f:3h3d,TsTc|/4c7sJs/Qh:-300,300(-300.000000)
215:BR,Player:0cc/cr200c/r600c/cc:8hJd,8d9h|/6h7s8c/Jc/9s:900,-900(553.980409)
216:Player,BR:0cr200c/cc/cc/r600f:JhKh,4hJd|/8c9cAd/2h/Kd:300,-300(300.000000)
217:BR,Player:0f:9hAs,2d6s|:50,-50(50.000000)
218:Player,BR:0cc/cc/r200f:7cAs,6h8h|/4hKsAc/Tc:100,-100(100.000000)
219:BR,Player:0r200c/cr600c/cc/r1800c:4s4c,3hJh|/8h9sQh/9h/Qs:-2700,2700(-2700.000000)
220:Player,BR:0cc/cc/cr200f:4h7c,6d8d|/5c9hKs/Kd:-100,100(-100.000000)
221:BR,Player:0cc/cc/cc/cr200c:8sKs,4sAd|/2d9sQc/9d/Qd:-300,300(-94.138327)
222:Player,BR:0cc/cc/cr200f:3d5h,5d9s|/2d9dKc/7d:-100,100(-100.000000)
223:BR,Player:0r200c/cc/cc/cc:2dTh,TcQc|/4s8sKd/6d/As:-300,300(-300.000000)
224:Player,BR:0cr200c/cc/cr600f:ThJs,4c8h|/2s4h6c/2c:-300,300(-300.000000)
225:BR,Player:0cc/cc/cc/cc:2h3c,4c7s|/8sThJd/5d/7h:-100,100(-100.000000)
226:Player,BR:0cc/cc/cr19900f:9hKd,6c9d|/6s9cTs/6d:-100,100(-100.000000)
227:BR,Player:0r200c/cr600c/cc/cc:3h6d,2h7h|/4s4cKh/3c/9h:900,-900(283.439326)
228:Player,BR:0cc/cc/cr200c/cc:4d7s,2cJd|/6h8dJs/7h/8c:-300,300(-129.935260)
229:BR,Player:0cc/cc/cr200c/cr600f:3cQs,6c7c|/7s7h8h/Jd/7d:-300,300(-300.000000)
230:Player,BR:0cc/cc/cr200f:4cJd,9hJc|/2d6s9c/2h:-100,100(-100.000000)
231:BR,Player:0r200c/cr600c/cr1800f:4d6d,JhQs|/9sTdKs/6h:-900,900(-900.000000)
232:Player,BR:0cr200c/r600c/r1800f:JsQc,TdJc|/6sKsAd/9c:900,-900(900.000000)
233:BR,Player:0r200c/cr600c/cc/cc:5dQc,8hAd|/3s8cKc/4c/5h:-900,900(-59.803360)
234:Player,BR:0cc/cc/cc/cr200c:4sJc,4hQh|/8c9hKc/Ks/9d:-300,300(-5.885813)
235:BR,Player:0r200c/cc/cc/cr600f:3cAh,8s9d|/9sKhKd/9c/Qd:-300,300(-300.000000)
236:Player,BR:0cc/cc/cr200f:4hKh,6cTd|/8cTsTh/Qs:-100,100(-100.000000)
237:BR,Player:0f:2cJs,2h3d|:50,-50(50.000000)
238:Player,BR:0cr200c/r600c/cc/cc:5d9d,3hKc|/2d8dJc/8c/2h:-900,900(29.731656)
239:BR,Player:0cc/cc/cc/cr200c:3sJs,2dQc|/2s3hQh/4h/Qs:-300,300(-89.928564)
240:Player,BR:0cr200c/r600c/cr1800c/cr5400c:QcKc,7hKs|/QdKhAc/7s/2s:8100,-8100(-2887.876204)
241:BR,Player:0r200c/cc/r600c/r1800c:8cAc,JdJc|/4dAsAd/5d/6h:2700,-2700(1056.479020)
242:Player,BR:0cc/cc/r200c/cc:5h8c,4c7c|/6s9dJc/4s/2s:-300,300(-62.241529)
243:BR,Player:0cc/cr200c/cc/cc:3cKs,7hJh|/2sTsKh/Th/5d:300,-300(277.703411)
244:Player,BR:0cr200c/r600c/cc/cc:4d5s,9cTd|/5c6sKs/6d/Tc:-900,900(-353.946860)
245:BR,Player:0r200c/cc/r600c/cc:3d5s,7hKs|/2h4hKh/Td/9d:-900,900(-900.000000)
246:Player,BR:0cr200c/cc/cc/cc:9cAc,3hQs|/5sJdKc/Jh/5d:300,-300(221.192489)
247:BR,Player:0r200c/cc/cc/cc:7dAs,8cKs|/2c4dQh/Ts/2d:300,-300(11.391344)
248:Player,BR:0cr200c/cc/cc/cc:2s2h,4hAs|/6s8d8c/2d/7s:300,-300(52.029526)
249:BR,Player:0r200c/cc/r600c/cc:6hKs,TsJs|/4cJdKc/9h/8d:900,-900(786.042428)
250:Player,BR:0cr200c/cc/cc/cr600f:ThAc,2h4h|/6d7cKc/6c/9h:-300,300(-300.000000)
251:BR,Player:0r200c/cr600c/cc/cc:2d3c,7d9s|/3h5d9h/Js/6d:-900,900(-497.185845)
252:Player,BR:0cc/cc/cc/cc:8sJd,9sKh|/6d8cAs/Qs/Ts:100,-100(2.373689)
253:BR,Player:0f:6c9d,2c7s|:50,-50(50.000000)
254:Player,BR:0cc/cc/cr19900f:6dQh,5s8s|/3s5h7s/2s:-100,100(-100.000000)
255:BR,Player:0f:8dQd,2d8h|:50,-50(50.000000)
256:Player,BR:0cr200c/cc/r600c/cc:JhAd,3d8s|/3h7sJc/6s/4h:900,-900(557.308969)
257:BR,Player:0f:5cTh,3d9s|:50,-50(50.000000)
258:Player,BR:0cc/cc/cc/cr200f:4d5s,4hJc|/3h9dKs/8d/3d:-100,100(-100.000000)
259:BR,Player:0r200c/cc/cc/cr600f:5cKh,6d7d|/3s9cJs/Th/9s:-300,300(-300.000000)
260:Player,BR:0cc/cc/r200c/cc:3c6d,8hJd|/2cQcAd/5c/Qh:-300,300(-123.738047)
261:BR,Player:0r200c/cr600c/r1800f:8h9d,9sQs|/4d5cTd/7s:900,-900(900.000000)
262:Player,BR:0cc/cc/cc/r200f:9hTc,7sJd|/5s5cAc/Ts/9s:100,-100(100.000000)
263:BR,Player:0f:3c7c,2d3h|:50,-50(50.000000)
264:Player,BR:0cc/cc/cc/r200f:6cTd,3sKd|/5s6s9c/2h/8c:100,-100(100.000000)
265:BR,Player:0cc/cc/cc/cc:8dAd,4d8h|/4sQcKs/Jd/Kc:-100,100(-32.548601)
266:Player,BR:0cr200c/cc/cr600c/cc:JsKd,2h6d|/4hJhAs/Qh/2s:900,-900(811.260475)
267:BR,Player:0cc/cr200c/cc/r600f:2c6s,3h9s|/8hKsAc/Jd/3d:300,-300(300.000000)
268:Player,BR:0cr200c/r600c/cc/cr1800c:5cQc,8sKd|/3h6dJd/Qs/2s:2700,-2700(2700.000000)
269:BR,Player:0cc/cc/r200c/cr600r1800f:7dTc,9hKd|/4s5dTd/Qd/8h:900,-900(900.000000)
270:Player,BR:0cc/cc/cr200f:3cTc,JsKd|/5sKcAd/9d:-100,100(-100.000000)
271:BR,Player:0cc/cc/cc/r200f:QcAd,8sAh|/2d4sJd/Ks/Qd:100,-100(100.000000)
272:Player,BR:0cr200c/r600c/r1800r5400f:6hKh,2s4d|/2d4h8s/Th:-2700,2700(-2700.000000)
273:BR,Player:0cc/cc/cr200f:4h8d,5h6s|/3dTsQc/7d:-100,100(-100.000000)
274:Player,BR:0cr200c/cc/cr600c/cc:TdTc,8c9s|/4c5cQd/2s/Jd:900,-900(884.089005)
275:BR,Player:0cc/cc/cc/r200c:4s5d,4dTc|/7c8dKs/Ts/3s:-300,300(-300.000000)
276:Player,BR:0cc/cc/cr200f:3d9c,8c9d|/5s7hTd/Qc:-100,100(-100.000000)
277:BR,Player:0r200c/cr600c/r1800c/cr17300f:2c3d,3h5h|/2s7hAd/4c/8s:-2700,2700(-2700.000000)
278:Player,BR:0cr19900c/cc/cc/cc:KcAh,ThJc|/7c8cQs/Tc/3c:20000,-20000(-7769.217844)
279:BR,Player:0r200c/cc/r600f:JhAd,2hKh|/3d7c9s/8s:300,-300(300.000000)
280:Player,BR:0cc/cc/cc/cc:5d8h,4s4c|/6h7sJh/5h/9h:100,-100(72.698591)
281:BR,Player:0cc/cc/cc/r200f:5d8s,TcJs|/3h4cQh/Qs/8d:100,-100(100.000000)
282:Player,BR:0cr200c/cc/cc/cc:JcKd,4s5s|/5dKhAs/3d/6c:300,-300(11.128461)
283:BR,Player:0r200c/cc/cc/r600c:3s6s,JsAd|/TsJcQh/Ac/2d:-900,900(-900.000000)
284:Player,BR:0cr200c/cc/cr600f:7hKc,3h6c|/3s4s4h/5s:-300,300(-300.000000)
285:BR,Player:0r200c/cc/cc/r600f:3cQs,8cKc|/2d3d9d/2c/3s:300,-300(300.000000)
286:Player,BR:0cc/cc/cc/cc:2h5c,5hTs|/9hQcKh/3s/As:-100,100(40.953575)
287:BR,Player:0r200c/cr600c/cc/cr1800f:3h5s,6c9d|/2d3sJd/4c/Tc:-900,900(-900.000000)
288:Player,BR:0cc/cc/cc/cc:4s9c,TcQh|/7cKhKd/2h/3d:-100,100(7.954729)
289:BR,Player:0r200c/cr600c/r19100f:6h7d,2d5d|/3d8d9s/Tc:900,-900(900.000000)
290:Player,BR:0cr200c/r600c/cr1800c/cr17300f:JcAc,3sQh|/2d2cQc/Qs/2h:-2700,2700(-2700.000000)
291:BR,Player:0cc/cc/r200f:6dAs,4d8s|/3s3cJs/5s:100,-100(100.000000)
292:Player,BR:0cr200c/cc/cc/cc:8h8c,JhQh|/3c5d7d/9d/Ac:300,-300(300.000000)
293:BR,Player:0r200c/cc/r600f:4cTc,8s8c|/JhKcAh/7c:300,-300(300.000000)
294:Player,BR:0cr200c/cc/cc/cc:5c6d,2cTh|/3d6s8s/Qc/4s:300,-300(300.000000)
295:BR,Player:0r200c/cc/cc/cc:5c7d,7sKd|/5sKhAd/4s/3d:-300,300(92.551617)
296:Player,BR:0cc/cc/cc/cr200f:3s8d,3hTd|/4c9hAd/Qd/7c:-100,100(-100.000000)
297:BR,Player:0cc/cc/r200c/cr600f:7cTs,2h2c|/9cJcQs/Qc/Th:-300,300(-300.000000)
298:Player,BR:0cc/cc/cr200f:4sJd,5cQh|/2c3cTh/6d:-100,100(-100.000000)
299:BR,Player:0r200c/cr600c/r1800r5400f:9sTd,6s7c|/4c6h8h/Jc:-2700,2700(-2700.000000)
300:Player,BR:0cr200c/cc/r600c/r1800c:8dKh,2cAd|/2h5h9s/6h/7s:2700,-2700(898.077830)
301:BR,Player:0f:2h7h,2d9h|:50,-50(50.000000)
302:Player,BR:0cr200c/r600c/r1800r5400f:ThJd,JhAh|/5c9hJc/3s:-2700,2700(-2700.000000)
303:BR,Player:0r200c/cc/cc/cc:3cQc,5dTd|/2s9cAh/5s/Qh:300,-300(272.063942)
304:Player,BR:0cc/cc/cc/cr200c:5d7h,TsTc|/2dJhKh/9h/7c:-300,300(-189.888883)
305:BR,Player:0r200c/cr600c/r1800f:2d5h,8dQh|/9s9cTs/3s:900,-900(900.000000)
306:Player,BR:0cc/cc/r200r19700f:2d4h,3c5h|/2sJhAs/4d:-300,300(-300.000000)
307:BR,Player:0r200c/cc/cc/cc:4c9d,7sAs|/7h8cTh/9s/5h:300,-300(77.107593)
308:Player,BR:0cr200c/r600c/r1800f:9dQh,5c6h|/2h3d9c/Qd:900,-900(900.000000)
309:BR,Player:0cc/cr200c/cr600c/cc:9dKd,3c6d|/4h5c8h/Ad/Ks:900,-900(633.556633)
310:Player,BR:0cr200c/r600c/r1800f:9dQd,7c9c|/5hThKd/2d:900,-900(900.000000)
311:BR,Player:0cc/cc/cc/r200c:4d5c,3d7h|/3s8dKc/5h/5s:300,-300(284.659571)
312:Player,BR:0cc/cc/cr200f:4s9d,7hKd|/5h5c7d/3d:-100,100(-100.000000)
313:BR,Player:0r200c/cc/cc/cc:3d4c,QhKd|/5h7dTh/3c/Ad:300,-300(-145.056046)
314:Player,BR:0cr200c/cc/cr600c/cc:9d9c,6dQs|/8dThQd/3c/Ah:-900,900(-104.194819)
315:BR,Player:0f:4h6s,3d8s|:50,-50(50.000000)
316:Player,BR:0cr200c/cc/cc/r600f:QcKs,4s8c|/3h3cKh/9h/7c:300,-300(300.000000)
317:BR,Player:0r200c/cr600c/r1800c/cc:8dAs,5dKh|/7c9hKd/Ad/Qd:2700,-2700(-57.800763)
318:Player,BR:0cc/cc/cr200f:5h8c,JsJd|/9dKhKd/Ad:-100,100(-100.000000)
319:BR,Player:0cc/cr200c/cr600f:3sAs,4h7d|/6sThJh/9c:-300,300(-300.000000)
320:Player,BR:0cr200c/cc/cr600c/cc:6s6c,4dQh|/7s7hQd/7d/As:-900,900(-6.322623)
321:BR,Player:0f:4s9s,2c7d|:50,-50(50.000000)
322:Player,BR:0cc/cc/cc/cr200c:9hTc,JsKc|/4s9sQc/4h/Kd:-300,300(-256.358301)
323:BR,Player:0r200c/cr600c/cc/r1800c:5d6h,8dJh|/8hJcQd/3c/2h:-2700,2700(-2700.000000)
324:Player,BR:0cc/cc/r200c/cr600f:3sKh,QcKc|/2h3d9d/2d/6s:-300,300(-300.000000)
325:BR,Player:0r200c/cc/cc/cc:7cKd,6hAs|/3s8hTc/4h/Qc:-300,300(-274.398432)
326:Player,BR:0cr200c/cc/cc/cr600f:8dAc,8cQs|/4d7sJh/Th/Tc:-300,300(-300.000000)
327:BR,Player:0r200c/cc/r600f:2s8h,2c3c|/ThJhAs/Qs:300,-300(300.000000)
328:Player,BR:0cr200c/cc/cc/r600c:6hQh,4s4c|/3hQcKs/2c/Kd:900,-900(243.479851)
329:BR,Player:0r200c/cc/cc/cc:5s8c,QsQc|/5h6h9h/Jh/8d:300,-300(119.884728)
330:Player,BR:0cr200c/cc/cc/r600c:QhQc,KdAd|/6s6d7s/Ts/9d:900,-900(294.185808)
331:BR,Player:0r200c/cr600c/r1800c/r5400f:4dKd,6d8d|/2d5s7h/3c/Kh:2700,-2700(2700.000000)
332:Player,BR:0cc/cc/cr200f:4h9s,5sJd|/5d8hAc/3c:-100,100(-100.000000)
333:BR,Player:0f:4sQd,2d5h|:50,-50(50.000000)
334:Player,BR:0cc/cc/cr200f:8hTs,9dKd|/2c5hJs/Kc:-100,100(-100.000000)
335:BR,Player:0r200c/cc/cc/cc:7hJc,8sAs|/6s6cQh/4c/2d:-300,300(-299.795754)
336:Player,BR:0cr200c/cc/cr600f:KhAs,6cJh|/7h9hQc/8s:-300,300(-300.000000)
337:BR,Player:0r200c/cc/r600f:JdKh,3c9c|/4hJsQd/7s:300,-300(300.000000)
338:Player,BR:0cc/cc/r200c/r600r1800r5400f:4sTs,8sQc|/6h9sKc/3s/Qs:2700,-2700(2700.000000)
339:BR,Player:0r200c/cr600c/cr1800f:3c4d,4sJh|/5c6s8h/Tc:-900,900(-900.000000)
340:Player,BR:0cc/cc/r200r600f:2h3s,8cQd|/4d5h8d/Qh:-300,300(-300.000000)
341:BR,Player:0cc/cr200c/cc/r600r1800f:2s9d,5d8h|/4sThJs/9h/2h:-900,900(-900.000000)
342:Player,BR:0cr200c/cc/cc/cc:5h6h,9sJs|/2d5dAd/9d/Ks:-300,300(82.662201)
343:BR,Player:0f:5dAs,2d4s|:50,-50(50.000000)
344:Player,BR:0cr200c/cc/cr600c/cc:5d5c,7dTc|/2d8d9c/2s/5s:900,-900(896.480586)
345:BR,Player:0cc/cc/cc/cc:2cKd,2s7s|/6d7h9s/Ah/3c:-100,100(-43.804155)
346:Player,BR:0cc/cc/cr200c/cr600c:4h9c,6s7d|/5h8hAh/9s/Qc:-900,900(-900.000000)
347:BR,Player:0r200c/cc/r600f:9hAh,QsAc|/7h9sTd/2s:300,-300(300.000000)
348:Player,BR:0cr19900c/cc/cc/cc:KcAh,2h8c|/2c9hKs/3d/Qd:20000,-20000(9417.065564)
349:BR,Player:0cc/cr200c/cc/cc:7dJh,3h6c|/2sTdJc/Th/2h:300,-300(231.820033)
350:Player,BR:0cc/cc/cc/r200r600f:2s7h,QsKh|/4d6h9s/9d/Ac:-300,300(-300.000000)
351:BR,Player:0r200c/cr600c/cr1800c/cr17300f:4cQs,9cAd|/9hAsAh/Ac/8d:-2700,2700(-2700.000000)
352:Player,BR:0cr200c/cc/cr600f:2s5s,5dKh|/7c9cKd/Ts:-300,300(-300.000000)
353:BR,Player:0r200c/cr600c/r1800f:5dTc,4c5s|/6h8hQc/8c:900,-900(900.000000)
354:Player,BR:0cc/cc/cr200f:3c7h,6s9c|/4s8cTs/Ac:-100,100(-100.000000)
355:BR,Player:0r200c/cr600c/r1800f:7h9c,4cKh|/6c8cTc/7s:900,-900(900.000000)
356:Player,BR:0cc/cc/cc/r200c:4hKh,4d5c|/5sJcQs/Ac/Td:300,-300(96.207747)
357:BR,Player:0r200c/cc/cc/cr600r1800f:2h6s,TsKc|/2dKhAs/5h/3h:900,-900(900.000000)
358:Player,BR:0cr200c/cc/cc/cc:7h9s,8dTh|/2dJcAd/Jh/Kh:-300,300(228.739147)
359:BR,Player:0cc/cc/r200f:TdQd,5c9d|/5dThKc/3h:100,-100(100.000000)
360:Player,BR:0cr200c/cc/cr600c/cc:6hJh,6cTd|/2c5h9d/6d/9c:900,-900(-248.288695)
361:BR,Player:0r200c/cc/r600f:5hQd,JcQh|/5d6cTh/Td:300,-300(300.000000)
362:Player,BR:0cr200c/cc/cc/cc:2s2c,6hKc|/4d7dQs/Qc/3h:300,-300(295.757556)
363:BR,Player:0cc/cc/cc/cc:5d7s,2sJc|/8dJdQd/8h/8s:-100,100(-80.581721)
364:Player,BR:0cc/cc/r200c/cc:3dJs,6sJh|/2d5hTd/6h/8c:-300,300(-24.256207)
365:BR,Player:0r200c/cc/cc/cc:2d3c,AsAd|/4cJcKc/9c/Ks:300,-300(273.979173)
366:Player,BR:0cr200c/r600c/cc/r1800f:7h8h,TcQc|/2c8dKs/8c/6s:900,-900(900.000000)
367:BR,Player:0r200c/cc/r600f:7cKh,5cAc|/3sThKc/Js:300,-300(300.000000)
368:Player,BR:0cc/cc/cr200c/cc:7sJh,6cKc|/5h7h8s/Ts/2c:300,-300(275.843612)
369:BR,Player:0r200c/cc/cc/cr600f:6dKc,8d9h|/5s8cJc/Qd/Qc:-300,300(-300.000000)
370:Player,BR:0cc/cc/cr200c/cc:3cTh,2s5c|/8s9cTs/9d/Jc:300,-300(300.000000)
371:BR,Player:0r200c/cr600c/r1800c/cr5400f:8dKc,6s8s|/3c4d5h/Kd/9s:-2700,2700(-2700.000000)
372:Player,BR:0cr200c/cc/cc/r600f:4d5d,3s4h|/9sQsKc/7h/Jc:300,-300(300.000000)
373:BR,Player:0r200c/cc/cc/cc:2c3d,2sKc|/ThKhAd/3c/5c:-300,300(-71.076611)
374:Player,BR:0cc/cc/cc/cr200f:2cTc,6cTd|/3dJcKh/3h/As:-100,100(-100.000000)
375:BR,Player:0cc/cc/cc/cc:2c5d,JhAs|/7sQdKd/9h/8d:-100,100(-99.430447)
376:Player,BR:0cr200c/cc/r600r1800c/cr5400r11900f:ThTd,JcKs|/2d3sJh/Tc/As:8100,-8100(8100.000000)
377:BR,Player:0r200c/cc/cc/cr600f:2d6d,8s8h|/6c7sTh/Jh/8c:-300,300(-300.000000)
378:Player,BR:0cr19900c/cc/cc/cc:2dJc,3hJs|/2s3sTc/7h/6c:-20000,20000(-9181.779477)
379:BR,Player:0r200c/cc/r19700f:2h8c,6h6c|/2c7hKh/2d:300,-300(300.000000)
380:Player,BR:0cr200c/cc/cc/cc:7d7c,2d5c|/4s9dTc/Td/Kd:300,-300(299.999971)
381:BR,Player:0r200c/cc/cc/cc:8sQs,6hKs|/3dTsAd/2c/4c:-300,300(-211.111758)
382:Player,BR:0cc/cc/r200c/r600f:2s3h,3cAc|/4s6dQs/6h/Jd:300,-300(300.000000)
383:BR,Player:0cc/cr200c/cc/cc:6sKd,2dKc|/QsQhQd/Js/8d:0,-0(99.158341)
384:Player,BR:0cr200c/cc/cr600c/cr1800c:7h8h,KsKh|/2s7dQs/4d/Jc:-2700,2700(-1976.446724)
385:BR,Player:0cc/cc/cc/cr200r600f:4cKs,3cTh|/TdJdQs/Js/Jh:300,-300(300.000000)
386:Player,BR:0cr200c/cc/cc/cc:4s6s,6h9h|/3d6cQd/8c/Ac:-300,300(76.775785)
387:BR,Player:0cc/cc/r200c/r600c:2h9h,5hQd|/2s2dQh/4c/Td:900,-900(778.686186)
388:Player,BR:0cr200c/r600c/cr1800f:4c5h,9dQc|/3s7d9c/5s:-900,900(-900.000000)
389:BR,Player:0r200c/cc/cr600c/r1800c:7hTc,JhAs|/TdJsQd/5c/7s:2700,-2700(1433.080468)
390:Player,BR:0cc/cc/cr200c/cc:8cJd,3h4c|/4hAhAd/8h/3s:300,-300(75.596753)
391:BR,Player:0r200c/cc/r600f:4s8h,6c7h|/2h8dTd/3s:300,-300(300.000000)
392:Player,BR:0cc/cc/r200c/cc:2sAh,4h6h|/4s9hAc/2d/9d:300,-300(-134.696445)
393:BR,Player:0cc/cc/cr200c/cc:5sJc,3sQd|/7sQsAs/4c/9s:300,-300(205.267146)
394:Player,BR:0cr200c/cc/cc/cr600f:TsAs,2c3h|/2d5c8d/8c/Kh:-300,300(-300.000000)
395:BR,Player:0r200c/cr600c/cc/cc:5d6c,3s6s|/5s8hJh/Qs/3d:900,-900(82.835330)
396:Player,BR:0cc/cc/cr200c/cr600c:3dAh,8sAs|/QsKhAc/2c/Kd:0,-0(-128.123314)
397:BR,Player:0r200c/cc/cc/r600c:7hQc,6cAs|/JhJdAd/7c/7s:900,-900(777.724325)
398:Player,BR:0cc/cc/r200c/cr600f:7hQc,9cJs|/8d9dTc/Ts/5c:-300,300(-300.000000)
399:BR,Player:0cc/cc/r200f:AhAd,3h4s|/6d8h9s/Th:100,-100(100.000000)
400:Player,BR:0cr200c/cc/cc/cr600c:KdAc,ThJs|/2c3cQh/5c/9s:900,-900(899.997434)
401:BR,Player:0f:6sTd,2h8c|:50,-50(50.000000)
402:Player,BR:0cc/cc/cr200f:7hJs,9s9c|/3c4hKh/8h:-100,100(-100.000000)
403:BR,Player:0cc/cc/cc/cc:6c8s,4cJd|/8hQhAd/9s/Ks:100,-100(41.215385)
404:Player,BR:0cr200c/r600c/cc/cr1800f:3sAs,3hQd|/JdQsKd/5d/Qc:-900,900(-900.000000)
405:BR,Player:0r200c/cc/cr600f:3sJd,QdKh|/7d9cAc/Tc:-300,300(-300.000000)
406:Player,BR:0cr200c/cc/cr600f:9cJc,4d9d|/5d6sKd/Ks:-300,300(-300.000000)
407:BR,Player:0f:ThAd,2c4s|:50,-50(50.000000)
408:Player,BR:0cr200c/cc/r600c/cr1800f:8dJd,5dTs|/4s5s9c/6d/3s:-900,900(-900.000000)
409:BR,Player:0r200c/cc/cc/cc:3dTh,JcKd|/2s3h5h/Ad/9s:300,-300(8.675184)
410:Player,BR:0cc/cc/cc/cr200f:3h7h,JsKs|/2c4c6d/3s/Qs:-100,100(-100.000000)
411:BR,Player:0cc/cc/cc/cc:8h8d,3cTh|/2s2dTd/Jh/7h:-100,100(73.889898)
412:Player,BR:0cr200c/cc/cr600c/cc:2h2c,5h6h|/3h9cAh/7s/3s:900,-900(897.239322)
413:BR,Player:0r200c/cc/r600c/cc:2d3c,8sTd|/6h9cAc/7c/Kc:900,-900(480.269266)
414:Player,BR:0cr200c/cc/cc/r600r1800f:8sTs,5h6d|/6cJcKc/3d/9h:-900,900(-900.000000)
415:BR,Player:0r200c/cr600c/cr1800f:3c6d,2cQc|/5c9hAd/3d:-900,900(-900.000000)
416:Player,BR:0cr200c/cc/cc/cr600f:QhKd,3dTh|/3c5c8d/4h/5h:-300,300(-300.000000)
417:BR,Player:0cc/cc/r200f:4s5c,5d9c|/4hKhKc/As:100,-100(100.000000)
418:Player,BR:0cr200c/cc/r600f:6s8h,7sJh|/3s5cKc/9h:300,-300(300.000000)
419:BR,Player:0cc/cc/cc/cc:4sKd,8dQd|/8hTdAs/7c/6h:-100,100(-21.707792)
420:Player,BR:0cr200c/r600c/cr1800f:4d5c,9hAs|/8dThAd/7c:-900,900(-900.000000)
421:BR,Player:0r200c/cc/cc/cr600r1800c:2dJs,AdAc|/2s9cTs/Th/8c:-2700,2700(-2699.992598)
422:Player,BR:0cr200c/r600c/r1800r5400c/cc:9dQh,9cAd|/7hThJc/Kc/5h:8100,-8100(7304.823783)
423:BR,Player:0cc/cc/cc/cr200f:2sTd,2dJs|/5hJhQs/Jc/6c:-100,100(-100.000000)
424:Player,BR:0cr200c/cc/cc/cc:5c6d,5s6h|/8hThJs/As/Ah:0,-0(280.249367)
425:BR,Player:0r200c/cc/r600c/cc:2s9h,QsKd|/5sKcAd/4d/Ts:-900,900(-872.966591)
426:Player,BR:0cc/cc/cc/r200c:8hTs,QcKs|/2s5sJh/4d/Js:-300,300(93.183858)
427:BR,Player:0r200c/cc/r600f:JcQh,5s5d|/2h4h7d/Jh:300,-300(300.000000)
428:Player,BR:0cc/cc/r200c/cc:3d9s,3sAd|/4s6d7s/Ks/6c:-300,300(-126.501604)
429:BR,Player:0r200c/cc/cc/cr600c:2d2c,5sAs|/TsTcQd/Jh/Kc:-900,900(-282.694342)
430:Player,BR:0cc/cc/cr200f:8dKs,QsAc|/5hTdQd/2s:-100,100(-100.000000)
431:BR,Player:0r200c/cc/r600f:7cQd,JcAc|/6s8dTh/3d:300,-300(300.000000)
432:Player,BR:0cr200c/cc/cr600f:7cKs,2d5c|/2c5hAc/Js:-300,300(-300.000000)
433:BR,Player:0cc/cc/r200f:8sKh,2cJd|/6d9sKc/2h:100,-100(100.000000)
434:Player,BR:0cr200c/cc/cc/r600f:JdQs,5h9s|/8cTsJs/Jc/Kd:300,-300(300.000000)
435:BR,Player:0r200c/cr600c/r1800f:AhAd,3cQc|/5c6h9s/Kd:900,-900(900.000000)
436:Player,BR:0cr200c/r600c/r1800c/r5400f:QdKd,5cTh|/4hTsJd/Ah/Ad:2700,-2700(2700.000000)
437:BR,Player:0cc/cc/r200c/r600f:2d7d,8hQh|/2h8dKc/7s/6s:300,-300(300.000000)
438:Player,BR:0cr200c/r600c/r1800f:JcAc,2h5s|/4cJsJd/6c:900,-900(900.000000)
439:BR,Player:0cc/cc/r200f:3hKs,6cJs|/7d7cKd/2h:100,-100(100.000000)
440:Player,BR:0cr200c/cc/cr600c/cr1800f:8sKs,2cQc|/4h5sQs/Qh/6h:-900,900(-900.000000)
441:BR,Player:0cc/cr200c/cc/cr600f:7hJs,6dJc|/3s8dTc/4c/3c:-300,300(-300.000000)
442:Player,BR:0cc/cc/cc/cr200c:6cQd,2dTs|/4c6h8d/7c/Kd:300,-300(300.000000)
443:BR,Player:0r200c/cc/r600r1800f:TdJs,3hAs|/7c8dQs/3s:-900,900(-900.000000)
444:Player,BR:0cc/cc/cr200f:6s9h,6d9c|/3c4sJh/Kh:-100,100(-100.000000)
445:BR,Player:0r200c/cr600c/cr1800f:3hTs,JcAc|/8hQcKc/6s:-900,900(-900.000000)
446:Player,BR:0cr200c/cc/cc/cc:7d8s,5cJs|/9hThJh/4h/Ad:300,-300(68.558474)
447:BR,Player:0r200c/cc/cc/cr600f:6hAc,5c6c|/8c9s9d/8h/Tc:-300,300(-300.000000)
448:Player,BR:0cc/cc/cr200c/cc:9cQd,3h7s|/2c5cTd/9h/Jh:300,-300(294.861506)
449:BR,Player:0r200c/cr600c/cc/cc:3d8s,2hAs|/4h6c8c/Jd/Jc:900,-900(841.910327)
450:Player,BR:0cr200c/cc/cr600c/cr1800c:KsKc,7sAh|/JdJcAs/Qd/3c:-2700,2700(-395.495155)
451:BR,Player:0f:6hKd,3c8h|:50,-50(50.000000)
452:Player,BR:0cc/cc/cr200f:4sKs,4c9s|/3hJcAc/8c:-100,100(-100.000000)
453:BR,Player:0cc/cc/cc/cc:5hTs,6hAh|/3c8cKh/8h/4d:-100,100(-99.999930)
454:Player,BR:0cr200c/r600c/r1800f:4sAs,7cTc|/3d8sQh/2c:900,-900(900.000000)
455:BR,Player:0cc/cc/cr200f:3c4s,6sAc|/7sJdKc/As:-100,100(-100.000000)
456:Player,BR:0cr200c/cc/cr600c/cc:4c5c,5h8h|/4s7h9s/Kc/2d:900,-900(900.000000)
457:BR,Player:0cc/cr200c/r600c/cc:2c4h,3s4d|/2d5hTc/3c/5s:-900,900(-900.000000)
458:Player,BR:0cc/cc/cr200f:2d7d,9cTc|/5s6dQh/3s:-100,100(-100.000000)
459:BR,Player:0r200c/cc/cc/r600f:3h5d,9hKh|/5c6dAh/8c/5h:300,-300(300.000000)
460:Player,BR:0cc/cc/cr200f:2s3h,QhKh|/5cQcAd/6h:-100,100(-100.000000)
461:BR,Player:0cc/cr200c/cr600c/cc:2h3s,3h3d|/2c4sAs/Kd/Ah:-900,900(181.671080)
462:Player,BR:0cc/cc/cr200c/cc:2sQc,2cQd|/3cTdQs/3d/8c:0,-0(-149.475576)
463:BR,Player:0cc/cc/r200f:QdAh,9sTc|/5h5dAd/2d:100,-100(100.000000)
464:Player,BR:0cr200c/r600c/cr1800c/cc:QcAs,2c3c|/8cTsQs/Th/Js:2700,-2700(2700.000000)
465:BR,Player:0r200c/cc/cc/r600f:4s9h,4c6d|/2d9cQh/Ad/9d:300,-300(300.000000)
466:Player,BR:0cc/cc/r200r600f:5dJc,4h7h|/3hAdAc/2c:-300,300(-300.000000)
467:BR,Player:0r200c/cc/r600f:TsAd,6s6h|/2d8sKd/7d:300,-300(300.000000)
468:Player,BR:0cr200c/cc/cr19700f:8cAd,6h9d|/3h4h6s/9s:-300,300(-300.000000)
469:BR,Player:0cc/cr200c/cc/cr600f:6dKd,7dTd|/9hJsQd/5s/8h:-300,300(-300.000000)
470:Player,BR:0cc/cc/cr200f:2d3h,3s8c|/3c6h9d/5s:-100,100(-100.000000)
471:BR,Player:0cc/cc/r200c/r600f:2cTd,2s7s|/7h9hJs/8s/Qd:300,-300(300.000000)
472:Player,BR:0cc/cc/cc/r200f:4c6h,3d9c|/4hTsAc/Qc/4s:100,-100(100.000000)
473:BR,Player:0r200c/cr600c/cc/r1800f:8dTh,4d5c|/2c3s7d/Ks/9c:900,-900(900.000000)
474:Player,BR:0cr200c/cc/cc/r600f:QsQc,3dAc|/7cThTd/Qd/2d:300,-300(300.000000)
475:BR,Player:0r200c/cc/r600f:TsKh,4dQs|/2hJcKd/5d:300,-300(300.000000)
476:Player,BR:0cr200c/cc/cc/cc:2sAs,3s4c|/8dTsTd/2c/Qs:300,-300(299.999992)
477:BR,Player:0r200c/cc/r600c/cc:2s7h,6d7s|/6h9sAh/8c/2c:-900,900(-651.430107)
478:Player,BR:0cr200c/cc/cc/r600r1800f:7d9s,4sKh|/2d4cQc/5c/4d:-900,900(-900.000000)
479:BR,Player:0r200c/cr600c/r1800c/r5400f:5d6h,KcAh|/8s9cKs/7d/9d:2700,-2700(2700.000000)
480:Player,BR:0cr200c/cc/cc/cc:5hKh,5sKs|/4d5cAd/8d/Jd:0,-0(149.686563)
481:BR,Player:0cc/cr200c/cr600c/cr1800f:5dAs,5h9c|/TsJdKs/Td/6h:-900,900(-900.000000)
482:Player,BR:0cc/cc/cc/r200f:2hAd,2s4d|/7h9cAh/8c/Ks:100,-100(100.000000)
483:BR,Player:0cc/cc/cr200f:6h9h,3s6d|/5dKsAh/2d:-100,100(-100.000000)
484:Player,BR:0cc/cc/cr200c/cc:3sTs,9dJc|/3h9sKc/8s/Qc:-300,300(-113.564224)
485:BR,Player:0cc/cr200c/r600c/cc:JcKh,9cTh|/3sQdKd/Tc/2d:900,-900(-59.425247)
486:Player,BR:0cc/cc/cc/cc:3s9s,9cTc|/2s2cJs/4s/2d:100,-100(68.660702)
487:BR,Player:0cc/cr200c/cc/cr600r1800f:4h5d,9dQc|/3c8d9h/5h/Ts:900,-900(900.000000)
488:Player,BR:0cc/cc/r200r600c/cc:2d6h,7s8c|/4c6c7h/2s/4h:-900,900(-13.446826)
489:BR,Player:0f:2hTd,2c6s|:50,-50(50.000000)
490:Player,BR:0cc/cc/r200c/r600f:9hKd,7hQd|/2h9dKc/Qs/Js:300,-300(300.000000)
491:BR,Player:0cc/cc/cc/cr200f:4h8s,2hQd|/5s5cQc/2c/9s:-100,100(-100.000000)
492:Player,BR:0cc/cc/r200c/cr600r1800f:4dKh,ThQd|/3s4hKs/Tc/8d:900,-900(900.000000)
493:BR,Player:0cc/cc/cc/cr200f:2hJh,9dKc|/2d4s7c/Kd/5d:-100,100(-100.000000)
494:Player,BR:0cr200c/r600c/r1800c/cc:QcKh,3sTs|/7cTdJh/Qd/4s:2700,-2700(-235.755734)
495:BR,Player:0r200c/cr600c/cr1800f:JhKd,8hAs|/4s4dQs/Ts:-900,900(-900.000000)
496:Player,BR:0cr200c/cc/cr600f:JhQd,6s7d|/2cTsTh/4s:-300,300(-300.000000)
497:BR,Player:0r200c/cc/cc/cr600r1800c:7cAc,5cKh|/9sQdKd/2c/2h:-2700,2700(-2700.000000)
498:Player,BR:0cc/cc/cc/cc:7dTs,2s6d|/3c9hAd/6h/Qs:-100,100(-42.687071)
499:BR,Player:0r200c/cc/cc/cc:2sTc,7h7d|/8h9cAd/8c/3c:-300,300(-300.000000)
500:Player,BR:0cc/cc/cr200f:8sQd,7d8h|/3h7cKc/7s:-100,100(-100.000000)
RAW BR STATS: n=500, sum=-102800.000000, sum_sq=2767140000.000000, vr_sum=-63490.077825, vr_sum_sq=1240767118.920932
BR STATS: -205.600000(205.417138), -126.980156(137.630811)
RESULTS
1)BR: -102800
2)Player: 102800
