In config file: GAME_DEF=game_def.fullholdem
In config file: ACTIONS_R0=C
In config file: ACTIONS_R1=C
In config file: ACTIONS_R2=F,C,0.05,0.0575,0.066125,0.07604375,0.087450313,0.100567859,0.115653038,0.133000994,0.152951143,0.175893815,0.202277887,0.23261957,0.267512505,0.307639381,0.353785288,0.406853081,0.467881044,0.5380632,0.61877268,0.711588582,0.81832687,0.9410759,1.082237285,1.244572878,1.43125881,1.645947631,1.892839776,2.176765742,2.503280603,2.878772694,3.310588598,3.807176888,4.378253421,5.034991434,5.790240149,6.658776171,7.657592597,8.806231486,10.12716621,11.64624114,13.39317731,15.40215391,17.71247699,20.36934854,23.42475083,26.93846345,30.97923297,35.62611791,40.9700356,47.11554094,54.18287208,62.31030289,71.65684832,82.40537557,94.76618191,A
In config file: ACTIONS_R3=F,C,0.05,0.0575,0.066125,0.07604375,0.087450313,0.100567859,0.115653038,0.133000994,0.152951143,0.175893815,0.202277887,0.23261957,0.267512505,0.307639381,0.353785288,0.406853081,0.467881044,0.5380632,0.61877268,0.711588582,0.81832687,0.9410759,1.082237285,1.244572878,1.43125881,1.645947631,1.892839776,2.176765742,2.503280603,2.878772694,3.310588598,3.807176888,4.378253421,5.034991434,5.790240149,6.658776171,7.657592597,8.806231486,10.12716621,11.64624114,13.39317731,15.40215391,17.71247699,20.36934854,23.42475083,26.93846345,30.97923297,35.62611791,40.9700356,47.11554094,54.18287208,62.31030289,71.65684832,82.40537557,94.76618191,A
Using seed 17.
1:Player,BR:0cc/cc/cc/cr100f:3hTh,8sQh|/5dKsAd/4d/8d:-100,100(-100.000000)
2:BR,Player:0f:2s8s,3h9s|:50,-50(50.000000)
3:Player,BR:0cc/cc/cr100f:3sAd,5dQc|/6h8s9s/6d:-100,100(-100.000000)
4:BR,Player:0r200c/cc/cc/cr600f:4hKc,5h9h|/8c9cAs/Qh/5d:-300,300(-300.000000)
5:Player,BR:0cc/cc/cr108f:TdKc,7sJd|/4s7hQh/6h:-100,100(-100.000000)
6:BR,Player:0r200c/cr300c/r646c/cc:TsKs,2cAh|/KhKcAc/Jc/7c:-1246,1246(-697.090652)
7:Player,BR:0cr19900c/cc/cc/cc:4d7c,5dJs|/9h9dKh/Qh/6c:-20000,20000(13157.579530)
8:BR,Player:0r200c/cc/cc/cr600f:2d7h,3hKd|/6sJcKs/Qh/6c:-300,300(-300.000000)
9:Player,BR:0cc/cc/cr1332f:3c5h,4sAc|/KcAhAd/Qc:-100,100(-100.000000)
10:BR,Player:0f:2h7s,2d8h|:50,-50(50.000000)
11:Player,BR:0cc/cc/r100r187r774f:5sTh,6s9c|/5h8sJh/Qc:387,-387(387.000000)
12:BR,Player:0r200c/cr300c/cc/cr2400f:3d8s,3h7h|/5dJhKh/8h/Kc:-600,600(-600.000000)
13:Player,BR:0cc/cc/cr100c/cc:5sKc,9dAs|/4hTsTh/6s/7h:-200,200(27.729784)
14:BR,Player:0r200c/cc/r106c/cc:3hQc,TdAh|/2s9dKd/3c/5c:406,-406(86.650419)
15:Player,BR:0cc/cc/cr188f:9cAd,8cTh|/4h6hKs/Qc:-100,100(-100.000000)
16:BR,Player:0cc/cc/cc/cr400r619f:QsKc,5cTd|/2s4cJh/7s/7c:500,-500(500.000000)
17:Player,BR:0cc/cc/cr100c/cc:2dKs,4dAd|/7d9cKd/Jh/3h:200,-200(157.558137)
18:BR,Player:0cc/cr100c/cc/cc:4sKc,3d6d|/2c3h9d/Qc/Qs:-200,200(-54.873299)
19:Player,BR:0cc/cc/cr662f:2d7s,3hQd|/9hQcAc/Qs:-100,100(-100.000000)
20:BR,Player:0cc/cc/r100f:3s5s,2hTs|/3h7c8d/6c:100,-100(100.000000)
21:Player,BR:0cr200c/r300c/r1200r1200r3000c/r6000f:KdAc,3cQc|/6c9cAh/Ad/Qd:6000,-6000(6000.000000)
22:BR,Player:0r200c/cc/r244r544f:7c8h,QsQc|/3s9cKh/2s:-544,544(-544.000000)
23:Player,BR:0cr200c/r300c/r1200f:QdAd,6h9h|/3s8hAc/2s:600,-600(600.000000)
24:BR,Player:0r100c/cr400c/r743f:6c8c,4dAc|/2d6s8s/7s:600,-600(600.000000)
25:Player,BR:0cr200c/cc/cc/r600f:8hAh,5hJh|/7h8s8d/2c/6s:300,-300(300.000000)
26:BR,Player:0r100c/cc/r376c/cc:3c9h,6sQs|/7hKsAs/4h/Jd:-576,576(-575.425117)
27:Player,BR:0cc/cc/cr100c/cr248c:4dQc,3h9h|/2h2dQd/6c/6s:448,-448(448.000000)
28:BR,Player:0cc/cr100c/r376f:QdKh,6c8s|/5hJdAh/6d:200,-200(200.000000)
29:Player,BR:0cc/cc/cr249f:2c6s,7d8d|/8sJsJc/8h:-100,100(-100.000000)
30:BR,Player:0r100c/cr200c/cr400c/cc:9h9d,6cQd|/4cJhQc/As/4d:-800,800(-243.734590)
31:Player,BR:0cr200c/cc/cr565c/cr809c:ThQs,3h6d|/8sTdAd/Kd/Jd:-1674,1674(-1016.698217)
32:BR,Player:0cc/cc/cr100f:6hTd,3d8d|/2d8sAd/3s:-100,100(-100.000000)
33:Player,BR:0cc/cc/r100c/r200f:8cQh,4dJh|/2s4h6s/5d/2h:200,-200(200.000000)
34:BR,Player:0cc/cc/r188c/cc:8dQc,3hJc|/5sJhQh/5h/4h:-288,288(-60.115269)
35:Player,BR:0cc/cc/r200c/r600c:8sAd,3sJd|/6hJcKd/Ah/5d:900,-900(297.347558)
36:BR,Player:0cc/cc/r100c/cc:4h5c,3s7c|/2c7dQs/8s/Qh:-200,200(-200.000000)
37:Player,BR:0cc/cc/r100r215r415r511f:7dQs,8cKc|/4c5hQd/5c:-830,830(-830.000000)
38:BR,Player:0r200c/cc/r185c/r112r1194f:2sKc,ThQc|/2h9cTd/Ts/3h:-597,597(-597.000000)
39:Player,BR:0cc/cc/cc/cc:3dAc,9dKs|/4cJhQs/5d/8c:100,-100(21.432162)
40:BR,Player:0cc/cr200c/r185f:5hKc,9hTc|/2s4sKs/4d:300,-300(300.000000)
41:Player,BR:0cr200c/r300c/r1200r18126f:4s6s,5hJd|/2d5cQh/Js:-1800,1800(-1800.000000)
42:BR,Player:0r200c/cr600c/cc/cr3600f:QhKh,JdAd|/4c8dTd/6h/7d:-900,900(-900.000000)
43:Player,BR:0cr200c/r300c/r1200c/cr963f:3sAs,9hAd|/2c4s8h/Jh/Js:-1800,1800(-1800.000000)
44:BR,Player:0cc/cr100c/r573c/r629c:3s5s,3hQc|/3c4cKc/3d/Th:-1402,1402(843.901614)
45:Player,BR:0cc/cc/cc/cc:6sQc,ThTd|/3c5c6h/4h/9s:-100,100(-20.277838)
46:BR,Player:0r200c/cc/r281c/r3847f:3c6s,2c7c|/5dQdQc/7s/9c:581,-581(581.000000)
47:Player,BR:0cr200c/r300c/r1200c/r3600f:KhAs,9dKd|/6s7hAd/Ac/Jh:1800,-1800(1800.000000)
48:BR,Player:0r200c/cr300c/r982r3164c/r3358f:6c9d,7cTd|/3d8d9c/2s/9s:4746,-4746(4746.000000)
49:Player,BR:0cr200c/cc/r300r300r900f:9sTs,3sJs|/7d7c8h/Ac:900,-900(900.000000)
50:BR,Player:0r100c/cc/r100c/cc:7cTd,3sAc|/7hJdKd/2c/Qh:300,-300(21.398169)
51:Player,BR:0cr200c/r300c/cc/cc:6c7h,3cKc|/TdQdQc/7d/Ts:-600,600(-73.245427)
52:BR,Player:0r200c/cc/r100c/cc:2hTs,2dTd|/2sKhAh/4d/Qh:0,-0(-235.559713)
53:Player,BR:0cc/cc/cr164f:7hKd,6cQc|/4sTdJc/3s:-100,100(-100.000000)
54:BR,Player:0cc/cr200c/r121c/cr842r3615f:ThAc,5d7h|/9dQhAd/Kd/2c:1263,-1263(1263.000000)
55:Player,BR:0cc/cc/cc/cc:4sAd,4hAc|/9cTsTh/7c/Qs:0,-0(-38.613794)
56:BR,Player:0r100c/cr400c/cr1200r3896c/cr11392c:8hAs,6s7d|/2d4cTs/5c/Ad:17088,-17088(-3614.920422)
57:Player,BR:0cr200c/r300c/cr982c/cc:4cKc,2cJs|/9sKdAc/5s/6h:1582,-1582(1582.000000)
58:BR,Player:0r200c/cc/r281c/r3847f:3c8h,ThJc|/6hJhAd/2h/4d:581,-581(581.000000)
59:Player,BR:0cc/cc/r100f:4h7d,3s5c|/8dQdKd/Qh:100,-100(100.000000)
60:BR,Player:0r100c/cr200c/r141f:7dJc,7cKc|/9sTdAc/5s:400,-400(400.000000)
61:Player,BR:0cr200c/r300c/cr279c/cc:4d4c,5s6s|/9cAsAd/2c/8d:879,-879(879.000000)
62:BR,Player:0r100c/cr200c/cr400c/cc:6sAh,6dJh|/3c5h5d/Jd/9c:-800,800(-310.764148)
63:Player,BR:0cc/cc/r100r498f:8cTs,5h5c|/2c4sKc/Ks:-200,200(-200.000000)
64:BR,Player:0r100c/cc/r285f:JcKc,4h5c|/8s9d9c/7s:200,-200(200.000000)
65:Player,BR:0cc/cc/cr286f:7sTd,JcAs|/3d6hKc/Js:-100,100(-100.000000)
66:BR,Player:0r200c/cr300c/r2612f:2dQh,7sTc|/2c4dQs/6d:600,-600(600.000000)
67:Player,BR:0cr200c/cc/r300c/cr561c:JcAc,9sAh|/3s4d4c/5c/2h:0,-0(-592.919900)
68:BR,Player:0r200c/cc/cr300f:4s9c,2d5d|/5c7dTh/2c:-300,300(-300.000000)
69:Player,BR:0cr200c/r300c/cr1299f:8dJc,7c8c|/5c9h9d/9c:-600,600(-600.000000)
70:BR,Player:0r200c/cr300c/cr1200f:JdAd,7h7c|/2h7dQh/8h:-600,600(-600.000000)
71:Player,BR:0cc/cc/r100f:2s3d,2c6h|/4d8hQs/Ac:100,-100(100.000000)
72:BR,Player:0cc/cc/r100c/cr400r4569f:2s5c,7hJs|/3c5d9c/Jc/Ah:600,-600(600.000000)
73:Player,BR:0cr200c/cc/r300r300c/cc:3h7h,5hKc|/6s6d7c/5c/Ad:900,-900(462.644652)
74:BR,Player:0r100c/cc/cr200f:2s6c,6dTs|/8h8dJh/3d:-200,200(-200.000000)
75:Player,BR:0cr200c/r600c/cr239c/cr806f:JhKs,8h8d|/3dThTd/9d/Ts:-1139,1139(-1139.000000)
76:BR,Player:0cc/cr200c/cc/r491f:3dJs,4s5c|/4dAsAc/Ts/2c:300,-300(300.000000)
77:Player,BR:0cr200c/cc/cr491c/cr2604c:8hAd,6sJd|/2d4h5c/2h/8c:3395,-3395(3395.000000)
78:BR,Player:0cc/cr100c/cr400r743f:5s8h,2dQs|/5c6d9d/Td:600,-600(600.000000)
79:Player,BR:0cr200c/cc/cr244f:9hJd,4h9d|/3h4s5c/5d:-300,300(-300.000000)
80:BR,Player:0f:3h8d,2h5s|:50,-50(50.000000)
81:Player,BR:0cc/r100c/cr100f:8hJd,2dKh|/3d3c9c/2s:-200,200(-200.000000)
82:BR,Player:0cc/cc/cc/cc:JcQd,4cTs|/7h9sKd/Ah/Kc:100,-100(62.091006)
83:Player,BR:0cc/cc/cr249f:2hKc,8h9s|/5h7dQh/9h:-100,100(-100.000000)
84:BR,Player:0r200c/cc/r244c/cr544r1171f:5dJd,7s7c|/3s9cQd/6h/As:1088,-1088(1088.000000)
85:Player,BR:0cr200c/cc/r300r321c/r921f:2s3s,6h9s|/5s9dJc/Js/4h:921,-921(921.000000)
86:BR,Player:0r200c/cr600c/r208r1108c/cr4432r7154c:2cAs,AdAc|/2d8hTd/3c/4c:-13802,13802(-13802.000000)
87:Player,BR:0cr200c/r300c/cr854f:TsQc,5h6c|/4s7sKc/6s:-600,600(-600.000000)
88:BR,Player:0f:7cQc,2c9h|:50,-50(50.000000)
89:Player,BR:0cc/cc/cr164c/cr2312f:7cQh,8s9d|/2d3dJs/7d/2c:-264,264(-264.000000)
90:BR,Player:0f:3dTd,2c4h|:50,-50(50.000000)
91:Player,BR:0cc/cc/cr142f:6h7c,6cKs|/2s4cAd/Kd:-100,100(-100.000000)
92:BR,Player:0f:JsKd,2c4d|:50,-50(50.000000)
93:Player,BR:0cr200c/cc/cc/cc:5cAh,6cKh|/4s4d7c/Jc/3c:300,-300(299.242110)
94:BR,Player:0r100c/cr400c/r425f:7h7d,TcJh|/2c3h4h/6h:600,-600(600.000000)
95:Player,BR:0cr200c/r300c/cr243c/cr9762f:8hTc,3s4s|/7h8sQc/5h/2d:-843,843(-843.000000)
96:BR,Player:0r100c/cc/r3522f:7h9d,JhKc|/3c5s7c/9h:200,-200(200.000000)
97:Player,BR:0cc/cc/cr100c/cc:5h8d,2d6h|/5dQcKd/As/4c:200,-200(200.000000)
98:BR,Player:0cc/cc/cc/cc:6s7c,5sTc|/TdQhQd/Kh/9h:-100,100(-87.113364)
99:Player,BR:0cr200c/r300c/cr3004f:7h8d,4h5c|/4s7cAh/4c:-600,600(-600.000000)
100:BR,Player:0r200c/cc/r140c/cr880r1420c:3s6h,ThTc|/6d8hAs/Ac/Qd:-2740,2740(-2739.999986)
101:Player,BR:0cc/cc/cr188r288r408f:3h4d,2sTc|/5c6hQc/4h:-576,576(-576.000000)
102:BR,Player:0cc/cr100c/r163r363r591r1317f:QsAs,8s9h|/3d4c9c/9s:-1317,1317(-1317.000000)
103:Player,BR:0cc/cc/cr100r200c/cc:9dAh,KhKd|/QhQcAs/Jh/Ac:400,-400(26.465838)
104:BR,Player:0cc/cc/cc/cr200f:2s6h,8hQh|/3s4h7h/Ac/Th:-100,100(-100.000000)
105:Player,BR:0cc/cc/r100r327c/r527f:6hAc,2cTc|/4h5d6c/4c/6s:527,-527(527.000000)
106:BR,Player:0cc/cr100c/r658f:6h8s,5dKd|/6cThJc/7h:200,-200(200.000000)
107:Player,BR:0cr200c/r600c/cr554f:2s2c,8hKh|/8c9dAc/3s:-900,900(-900.000000)
108:BR,Player:0r200c/cc/r1136f:5sQc,4dJs|/4s6c9h/3h:300,-300(300.000000)
109:Player,BR:0cc/cc/cr100f:7dTc,5sKd|/3sQsQc/As:-100,100(-100.000000)
110:BR,Player:0r200c/cr600c/r637r3074r6562c/r8827f:8sQc,5d6d|/4h6s7d/9d/5c:11173,-11173(11173.000000)
111:Player,BR:0cc/cc/r100r498f:5dTd,3d4s|/5s6sJs/3c:-200,200(-200.000000)
112:BR,Player:0r200c/cr300c/r1493f:4sAc,8sKd|/6cAsAh/5h:600,-600(600.000000)
113:Player,BR:0cr200c/cc/cr244c/cr126c:6h6c,6d7h|/4d8dQh/7s/Th:-670,670(-79.108318)
114:BR,Player:0r100c/cc/r1001f:6hJc,8dQh|/3c5c8c/7s:200,-200(200.000000)
115:Player,BR:0cr200c/r300c/cr243c/cc:7d9d,3dJs|/5cQdAc/7c/Ad:843,-843(823.980453)
116:BR,Player:0cc/cr200c/r244f:3cTs,4cJh|/2h5d6d/Qc:300,-300(300.000000)
117:Player,BR:0cc/cc/r100c/cr1152f:5d7c,6sJc|/4h8cTd/Kh/Kc:-200,200(-200.000000)
118:BR,Player:0r200c/cc/cc/cc:3hKc,3cKs|/9dThAc/8s/4c:0,-0(-202.446171)
119:Player,BR:0cr200c/r300c/cr1129f:3dAd,TcKs|/5hJdQc/Qs:-600,600(-600.000000)
120:BR,Player:0cc/cr200c/r19700f:9dKh,TsJs|/5s5h9c/9s:300,-300(300.000000)
121:Player,BR:0cr200c/cc/r600r600c/r1500c:2d4d,6cAs|/5h6dKd/Ad/Js:3000,-3000(1498.384502)
122:BR,Player:0r100c/cr200c/r374c/cc:4d6d,ThJd|/2d9dAc/Qs/6h:774,-774(-428.554453)
123:Player,BR:0cr200c/r600c/r1800c/cc:QcKc,8hAd|/ThQhKd/Ts/7d:2700,-2700(835.627868)
124:BR,Player:0r200c/cc/r212f:4dTs,5cTd|/6cQdAs/8h:300,-300(300.000000)
125:Player,BR:0cc/cc/r100r215f:6hQd,4cJd|/2c5d9c/7c:-200,200(-200.000000)
126:BR,Player:0cc/cr100c/cc/cc:4dJh,5s8h|/7cQdKs/4h/Qc:200,-200(99.581958)
127:Player,BR:0cr200c/r300c/cr425f:6h8d,5dTc|/2dJdKd/9s:-600,600(-600.000000)
128:BR,Player:0cc/cr100c/r100c/cc:2d4s,JhJd|/2sKsKc/5c/Qh:-300,300(106.396775)
129:Player,BR:0cr200c/r300c/r600r3435f:9hQh,5c8d|/5h8sTd/4d:-1200,1200(-1200.000000)
130:BR,Player:0r200c/cc/r281f:6dJh,7hQs|/2cJdAh/2s:300,-300(300.000000)
131:Player,BR:0cr200c/cc/r300r300f:9sTd,3hJh|/3d5s5c/Ks:-600,600(-600.000000)
132:BR,Player:0cc/cc/cr100f:6c7d,6s8c|/2h2dJc/8d:-100,100(-100.000000)
133:Player,BR:0cc/cc/cr124c/cr138f:8sJh,9h9c|/5s7sQs/8h/Ah:-224,224(-224.000000)
134:BR,Player:0f:3d7c,2s7d|:50,-50(50.000000)
135:Player,BR:0cc/cc/cr188f:8dTc,2h8c|/3s4c5c/9c:-100,100(-100.000000)
136:BR,Player:0r100c/cr400c/r100r700c/r1310c:5hAc,9sJd|/5d8sQc/Tc/5c:-2710,2710(1175.224225)
137:Player,BR:0cr200c/r600c/r900r3388r14812f:JhAs,3s7s|/TsQhAd/Ks:5188,-5188(5188.000000)
138:BR,Player:0r200c/cr300c/r854f:3s8s,7dQs|/4s5hTc/2h:600,-600(600.000000)
139:Player,BR:0cc/cc/cr188c/cc:9dQs,8cTs|/5s9hKc/3s/7c:288,-288(281.754819)
140:BR,Player:0r100c/cc/cr200c/cr800f:6cJs,4s5c|/9sKdKc/9h/2c:-400,400(-400.000000)
141:Player,BR:0cr200c/r300c/r600r1291c/cc:2hKh,2sQh|/4dThAh/Ad/4s:2491,-2491(2251.388445)
142:BR,Player:0r100c/cr200c/r100c/r133f:6h8c,4dTd|/8dAsAd/Qc/3h:500,-500(500.000000)
143:Player,BR:0cr200c/cc/cr185c/cr129r614r3057c:QcKd,6d8d|/2c5c8c/6c/Ks:4285,-4285(4284.988817)
144:BR,Player:0cc/cc/cc/cc:KhAh,2s5d|/7h9dQs/4d/5h:-100,100(6.100325)
145:Player,BR:0cc/cc/r100r248c/cr181c:6cJh,ThJs|/2h8dJd/8c/Kh:0,-0(-249.164987)
146:BR,Player:0cc/cc/r100f:3h6s,5dTh|/6d9hAc/4d:100,-100(100.000000)
147:Player,BR:0cc/cc/cr1761f:5sTd,9s9d|/2d9hTh/Qh:-100,100(-100.000000)
148:BR,Player:0r200c/cr300c/r425f:8hJc,6c9h|/6sTdJh/Ad:600,-600(600.000000)
149:Player,BR:0cc/cc/cr100c/cc:8dAh,2dAd|/3hTsJh/3c/9d:0,-0(58.202364)
150:BR,Player:0cc/cr100c/r187c/r315c:4hQh,3sTh|/6h8h9h/5h/3d:702,-702(430.214550)
151:Player,BR:0cr200c/r300c/cr743f:TcAs,7d8d|/2d6dKh/2s:-600,600(-600.000000)
152:BR,Player:0f:7s7d,2d9s|:50,-50(50.000000)
153:Player,BR:0cc/cc/cr124c/cc:4dAh,5cTs|/4h5d8h/Qd/6d:-224,224(15.757681)
154:BR,Player:0cc/cr100c/r248c/r419f:7hJc,6s6d|/2d5d8s/Ac/Js:448,-448(448.000000)
155:Player,BR:0cc/cc/r100r187f:2s3h,9sKd|/4s5cTc/8d:-200,200(-200.000000)
156:BR,Player:0f:AhAd,3s7c|:50,-50(50.000000)
157:Player,BR:0cc/cc/r100r327c/r527r2281c:2s7d,9sTs|/4dKhKd/2h/7c:3335,-3335(3335.000000)
158:BR,Player:0r200c/cr300c/r321c/r4611f:5s6d,5h6h|/4hQhQc/4d/8h:921,-921(921.000000)
159:Player,BR:0cr200c/cc/r300r646r2492f:5c9c,7hTc|/4s9sJc/6c:1246,-1246(1246.000000)
160:BR,Player:0r200c/cr300c/r184c/cc:2h8d,9hTc|/3sTsJh/5h/Kh:-784,784(-758.874347)
161:Player,BR:0cr200c/r300c/cr854c/cc:QsKh,8hTh|/2s2dKs/5c/3c:1454,-1454(1454.000000)
162:BR,Player:0cc/cr200c/r2627c/r16852c:9dQh,6sAh|/6h9hQs/As/Qc:19779,-19779(12956.917535)
163:Player,BR:0cc/cc/r100r107f:3c6d,2sAd|/TdJdQc/Jc:-200,200(-200.000000)
164:BR,Player:0f:7sJd,3h9s|:50,-50(50.000000)
165:Player,BR:0cr200c/r600c/cr969c/cc:9s9h,3h6s|/2d4h8h/8c/4c:1869,-1869(1781.468928)
166:BR,Player:0r100c/cr200c/r430f:6sJc,4s5c|/2d7sJs/2h:400,-400(400.000000)
167:Player,BR:0cc/cc/cr249c/cr284c:2c8d,2sKd|/5c8cJs/Kc/6h:-633,633(-362.273824)
168:BR,Player:0cc/cc/cc/cc:5s7s,3d5h|/5dQdAh/Td/Kh:0,-0(-46.524963)
169:Player,BR:0cr200c/cc/cr281c/cc:6s6c,4d5h|/3h7hTs/Ks/2c:581,-581(581.000000)
170:BR,Player:0cc/cr100c/cc/cc:2s2h,TsJh|/4cThKd/Kh/Ac:-200,200(2.578041)
171:Player,BR:0cc/cc/cr286f:3dJh,JsJd|/5h8d9s/5c:-100,100(-100.000000)
172:BR,Player:0f:JdAd,2h6c|:50,-50(50.000000)
173:Player,BR:0cr200c/r300c/cr743c/cr543c:QhAs,3s6s|/2h3dKh/Kc/2s:-1886,1886(-1295.878230)
174:BR,Player:0r100c/cr200c/r19600f:JhQs,3dAd|/7sQhQd/7h:400,-400(400.000000)
175:Player,BR:0cr200c/r300c/r600r738c/cr2758r4696c:8cJc,8h8d|/2c4d5c/7c/6h:9392,-9392(4648.625390)
176:BR,Player:0r100c/cc/cc/cr400f:9sTd,8cTs|/2d3cJh/Js/5h:-200,200(-200.000000)
177:Player,BR:0cc/cc/r100c/r400f:5sTs,9dTc|/2c5hKs/Kh/3h:200,-200(200.000000)
178:BR,Player:0f:6cQd,3h7c|:50,-50(50.000000)
179:Player,BR:0cc/cc/r100c/r400f:4hAs,5s5c|/3h6hAc/8c/Qd:200,-200(200.000000)
180:BR,Player:0r200c/cr600c/r275c/cr4700f:8s8d,3h5h|/2dJhQd/6c/9c:-1175,1175(-1175.000000)
181:Player,BR:0cr200c/r600c/cr732c/cr759c:3c5c,JcAh|/6c7c9c/Kc/Ts:-2391,2391(-1592.133464)
182:BR,Player:0r100c/cc/r1523c/cc:9cTh,TsTc|/2cJsQc/2h/Jh:-1723,1723(-1723.000000)
183:Player,BR:0cc/cc/cr188f:3hKs,7d8s|/4c5d5c/Td:-100,100(-100.000000)
184:BR,Player:0r200c/cr600c/cr900f:2s6d,6s8c|/4c9sKc/7c:-900,900(-900.000000)
185:Player,BR:0cr200c/r300c/r1200f:4cAc,7c8s|/6sTcQd/3c:600,-600(600.000000)
186:BR,Player:0cc/cr100c/r107f:2s8s,2hTs|/3cJdKh/7c:200,-200(200.000000)
187:Player,BR:0cc/cc/cr435f:5sAc,8sTs|/2h9hKc/Jd:-100,100(-100.000000)
188:BR,Player:0cc/cr100c/r163f:5h7c,4hTc|/3c9h9c/Qc:200,-200(200.000000)
189:Player,BR:0cc/cc/cr2679f:2d9h,3s5h|/6h7cJd/4h:-100,100(-100.000000)
190:BR,Player:0r100c/cr400c/r425f:8hJc,6hQc|/3d5hTh/5d:600,-600(600.000000)
191:Player,BR:0cc/r100c/cr100c/cc:9cKh,4d5c|/2h2d4s/6h/As:-300,300(78.113804)
192:BR,Player:0cc/cr100c/cr200c/cc:6cKd,5d7d|/5h7cTc/Qd/Qh:-400,400(-91.550060)
193:Player,BR:0cc/cc/r100r215f:4cJh,4hKh|/5c6d7h/7d:-200,200(-200.000000)
194:BR,Player:0f:9sJh,3d8h|:50,-50(50.000000)
195:Player,BR:0cr200c/cc/cr565f:8cKc,5h8s|/3d6dQh/Qc:-300,300(-300.000000)
196:BR,Player:0r100c/cr200c/r214r614f:7d9h,TsAc|/5hTcKh/Ad:-614,614(-614.000000)
197:Player,BR:0cr200c/r300c/r600r849c/cr4435f:6d7d,ThJd|/2h2d5h/6c/8c:-2049,2049(-2049.000000)
198:BR,Player:0r100c/cr200c/cc/cc:3dQc,JhAd|/3c6s9h/5s/8s:400,-400(-120.341574)
199:Player,BR:0cr200c/cc/cr212c/cc:4s4c,2s9d|/7d9sKd/6h/Ts:-512,512(72.424867)
200:BR,Player:0r200c/cc/r565f:TsTd,8cKc|/2h6dAc/Ah:300,-300(300.000000)
201:Player,BR:0cc/cc/cc/cc:2sKh,6cKs|/5sTsTh/8h/4d:-100,100(-21.784132)
202:BR,Player:0r100c/cr200c/r100r500c/cr2000f:7cQc,7sAc|/KhAhAd/3s/8c:-1000,1000(-1000.000000)
203:Player,BR:0cc/cc/cr124c/cr138f:8dKc,2d9h|/3c7s7d/2c/Js:-224,224(-224.000000)
204:BR,Player:0r100c/cr200c/r246r646c/cc:5dJd,6dTc|/6c9sKs/Jc/4d:1292,-1292(-115.007452)
205:Player,BR:0cc/cc/cr108f:2sTh,5h9s|/6cKhAh/7d:-100,100(-100.000000)
206:BR,Player:0f:6dJc,2s8h|:50,-50(50.000000)
207:Player,BR:0cr200c/r300c/cr1129f:3cKc,JsQd|/2hTdJh/7s:-600,600(-600.000000)
208:BR,Player:0r200c/cr300c/r100f:JhAd,6hTd|/3h8hQs/3c:600,-600(600.000000)
209:Player,BR:0cr200c/r300c/cr488f:JsAh,6h8s|/4s9sQh/4d:-600,600(-600.000000)
210:BR,Player:0r200c/cr600c/r637f:6h9c,3dAc|/TsJcKh/7c:900,-900(900.000000)
211:Player,BR:0cr200c/r300c/cr121c/cc:5h5d,4c8h|/8dJhJd/9c/7h:-721,721(10.702959)
212:BR,Player:0cc/cc/r100c/r142r684c:7d9h,2cJh|/8d9dAh/Jc/Js:-1026,1026(-335.952976)
213:Player,BR:0cc/cc/r100r123f:2h3c,7hQh|/8s8cAs/5h:-200,200(-200.000000)
214:BR,Player:0f:4cQh,2h9c|:50,-50(50.000000)
215:Player,BR:0cc/cc/cr249f:2dJs,9hAd|/3c4d6s/6c:-100,100(-100.000000)
216:BR,Player:0cc/cc/r100r200r214f:7cQs,2dJs|/5d8h9d/7d:400,-400(400.000000)
217:Player,BR:0cc/cc/cr188f:2s7d,8sTs|/3d6sTh/Jh:-100,100(-100.000000)
218:BR,Player:0cc/cr200c/r121f:ThJc,4c8d|/5dTsKd/2d:300,-300(300.000000)
219:Player,BR:0cr200c/cc/cr427c/cc:QcKh,4h5c|/2d9dAc/7s/Jc:727,-727(727.000000)
220:BR,Player:0cc/cr100c/r123r323r1398c/cr8176f:6hQh,5h6c|/3c4hAc/Jh/4s:-2044,2044(-2044.000000)
221:Player,BR:0cr200c/r300c/cr369f:8dAc,2d7c|/3sTdJc/5s:-600,600(-600.000000)
222:BR,Player:0cc/cc/cr100c/cr800r3292f:6cKh,5s9c|/6h9hAc/Js/5c:1000,-1000(1000.000000)
223:Player,BR:0cr200c/r600c/r900r2562c/cc:8s8c,6dKs|/2h5s7d/Kh/7h:-4362,4362(331.335571)
224:BR,Player:0r200c/cr300c/r160c/cc:2cTc,TdKs|/4sTsQh/7s/Ac:-760,760(358.363677)
225:Player,BR:0cr200c/cc/cc/cc:TdJd,7h8d|/4sTsKs/Qc/Qd:300,-300(272.589320)
226:BR,Player:0r100c/cc/r1001c/r2260f:2s3c,6s7h|/4h6hAh/5s/Kc:1201,-1201(1201.000000)
227:Player,BR:0cc/cc/cr164f:2h4c,2c8h|/JhQdQc/6d:-100,100(-100.000000)
228:BR,Player:0cc/cc/cc/cc:6h7c,7sAc|/2d8sQs/Qc/9d:-100,100(-89.579383)
229:Player,BR:0cc/r100c/cr376f:9sQd,2h8d|/2s2cJc/Ac:-200,200(-200.000000)
230:BR,Player:0r200c/cc/r2284f:8sJh,5d6s|/2dJcAc/8d:300,-300(300.000000)
231:Player,BR:0cr200c/cc/cr121c/cr100c:8cJh,4dAs|/4c8sKh/5h/9d:521,-521(-104.430294)
232:BR,Player:0cc/cc/r188f:5cKd,3hJs|/4hKhAc/7c:100,-100(100.000000)
233:Player,BR:0cc/cc/cr286c/cr136f:8sKh,5d9c|/6h7h9d/4s/Ac:-386,386(-386.000000)
234:BR,Player:0r100c/cr200c/r100f:3s4d,9cJd|/3c5dQc/As:400,-400(400.000000)
235:Player,BR:0cr200c/cc/cr371c/cr236r3628f:8cQc,8sTd|/5dThQh/2c/6c:907,-907(907.000000)
236:BR,Player:0r200c/cc/r244c/r509c:TsQc,9h9d|/7cTcJc/Js/8c:1053,-1053(562.567298)
237:Player,BR:0cr200c/r600c/cr275f:9sTd,4c7d|/2d4d8s/3h:-900,900(-900.000000)
238:BR,Player:0r100c/cc/cc/r1152f:3c8c,8sQd|/6cAsAd/9d/6s:200,-200(200.000000)
239:Player,BR:0cr200c/cc/r300r743c/r1343r1343f:QhQc,7sTs|/5s6h7d/8d/9d:-2686,2686(-2686.000000)
240:BR,Player:0f:5dTh,3d8h|:50,-50(50.000000)
241:Player,BR:0cr200c/r300c/r600c/cc:7d7c,2hJd|/2d6s7s/9d/4c:1200,-1200(240.452813)
242:BR,Player:0r200c/cc/r18588f:2hQd,4c9c|/2s2dTh/Jd:300,-300(300.000000)
243:Player,BR:0cc/cc/cr100f:4c5h,3h7d|/2cQhKs/Kh:-100,100(-100.000000)
244:BR,Player:0r200c/cr600c/r1281f:JsJh,3s6s|/3hQsQd/Td:900,-900(900.000000)
245:Player,BR:0cc/cc/cr188f:7cAh,3hQd|/8cJdQh/Kd:-100,100(-100.000000)
246:BR,Player:0r200c/cc/r100f:4dQs,2dKh|/4s5c7s/6h:300,-300(300.000000)
247:Player,BR:0cr200c/cc/cc/cc:5cKc,8cJc|/2sTsQs/Qd/Ad:300,-300(219.105518)
248:BR,Player:0cc/cr100c/cr400c/r100r1400c:TdQh,6sTs|/4s8sAh/Ac/Qs:-2100,2100(-694.800656)
249:Player,BR:0cc/cc/r200c/cr649f:3dAs,QdKd|/8d8cQs/3h/4c:-300,300(-300.000000)
250:BR,Player:0r100c/cc/r3522c/r990c:9dJc,8hJs|/5c6cJh/9h/7c:-4712,4712(2585.878056)
251:Player,BR:0cc/cc/cr108c/cc:2d9d,8c9h|/2hQhAs/6d/Ac:208,-208(208.000000)
252:BR,Player:0r200c/cr300c/cr1200f:6dJc,2c9c|/2d9sQh/5d:-600,600(-600.000000)
253:Player,BR:0cc/cc/cr435f:2s7h,7s9h|/3s4d6h/8h:-100,100(-100.000000)
254:BR,Player:0r200c/cc/r371c/cr671c:6dKc,6s8c|/2d3h5d/9d/9h:1342,-1342(-625.335419)
255:Player,BR:0cc/cc/r100r658c/cc:5h8c,2d4d|/7d8hKc/5d/Kh:858,-858(858.000000)
256:BR,Player:0cc/cr200c/cr600f:7s9c,6cJd|/TdQsKc/3d:-300,300(-300.000000)
257:Player,BR:0cr200c/r300c/r1200c/r1800f:2dJd,4cAc|/4d6h6d/Kd/5s:1800,-1800(1800.000000)
258:BR,Player:0r100c/cc/r18846f:7c8c,5dAd|/6sTcAc/6c:200,-200(200.000000)
259:Player,BR:0cr200c/cc/cr323c/cr583c:8hJd,QhQc|/9sJcAd/2s/2d:-1206,1206(-790.119702)
260:BR,Player:0r100c/cr200c/r996c/r1987c:7hJh,JcQs|/9hJsJd/6h/Kh:3383,-3383(3072.011789)
261:Player,BR:0cc/cc/cr108r208r208r624f:5dJc,6s7c|/4h4d5h/5s:624,-624(624.000000)
262:BR,Player:0cc/cr100c/r573c/r360r2266f:QdQc,6s8d|/3c6cJs/Ts/4d:-1133,1133(-1133.000000)
263:Player,BR:0cc/cc/cr142f:2sJh,KhKd|/5c6d7s/9s:-100,100(-100.000000)
264:BR,Player:0r200c/cr300c/r369c/r1586r5110f:2s5h,QhKh|/6s6cQd/3c/4c:-2555,2555(-2555.000000)
265:Player,BR:0cc/cc/cc/r400f:2hTc,2sKh|/5hJcAs/9h/4d:100,-100(100.000000)
266:BR,Player:0cc/cc/r286f:QsAd,6s7c|/5dTsKs/Qh:100,-100(100.000000)
267:Player,BR:0cc/cc/cr249c/cr100r898f:3sJc,2dQd|/JdQsKs/Kd/Js:449,-449(449.000000)
268:BR,Player:0cc/cc/cr100c/cr400f:JdQd,5cAd|/3s4dAs/Tc/Td:-200,200(-200.000000)
269:Player,BR:0cr200c/r300c/cr1493c/cr6890c:TsAh,2h7d|/4sQhAd/5h/5d:8983,-8983(8983.000000)
270:BR,Player:0cc/cc/r124f:3hTc,5dKh|/6s8hQc/Th:100,-100(100.000000)
271:Player,BR:0cr200c/cc/cr323f:4d4c,3hTs|/6s8s9h/2h:-300,300(-300.000000)
272:BR,Player:0r200c/cc/r9241f:4hTh,8cKc|/3d5h6c/Ad:300,-300(300.000000)
273:Player,BR:0cc/cc/cc/cc:5dAc,4dAs|/8hTdJs/7h/4h:-100,100(8.679581)
274:BR,Player:0r100c/cr200c/cr800r800r2000c/cr4000f:5cKc,7cAh|/6c7h7d/Qc/4d:-4000,4000(-4000.000000)
275:Player,BR:0cr200c/r300c/cr6042f:5s5h,2c5d|/3d4s9c/Td:-600,600(-600.000000)
276:BR,Player:0r100c/cc/r7085f:3c6s,ThQh|/2d5s8s/Ad:200,-200(200.000000)
277:Player,BR:0cc/cc/cc/r100r285f:5d9h,9sJc|/8sQdKh/8c/5h:-200,200(-200.000000)
278:BR,Player:0f:9hQc,2c9d|:50,-50(50.000000)
279:Player,BR:0cc/cc/r200f:6hQd,3dTc|/4s9sQc/Qs:100,-100(100.000000)
280:BR,Player:0r200c/cc/cr300c/cr1200f:7cQs,6h8s|/9s9hJc/2d/2h:-600,600(-600.000000)
281:Player,BR:0cc/cc/cr100f:2sTd,JsQc|/6hKdAc/As:-100,100(-100.000000)
282:BR,Player:0cc/cr100c/cc/cc:9hQh,6h7d|/4sJdAs/4c/Ad:200,-200(33.599581)
283:Player,BR:0cc/cc/cr329f:2dQd,6sKd|/3c4c7d/5s:-100,100(-100.000000)
284:BR,Player:0cc/cr200c/r161f:3d8h,4s9h|/5h6dKc/8c:300,-300(300.000000)
285:Player,BR:0cc/cc/cc/cc:9sQh,3cQc|/2s4dKc/8d/Ah:100,-100(23.854952)
286:BR,Player:0r200c/cc/r747f:5dKs,5s7c|/3cQsKd/4c:300,-300(300.000000)
287:Player,BR:0cc/cc/cr435f:5h7d,3sAc|/6hQdAd/5c:-100,100(-100.000000)
288:BR,Player:0cc/cc/r100f:6cTc,9sKc|/3h7cJs/4s:100,-100(100.000000)
289:Player,BR:0cr200c/cc/cr1986c/cr1223c:8hAh,5dKd|/3hKcAc/5s/8c:3509,-3509(-1804.004179)
290:BR,Player:0r200c/cc/r1306f:3sKh,8sJd|/3h7hAs/9h:300,-300(300.000000)
291:Player,BR:0cr200c/cc/cc/r300f:8h9d,5hTh|/JsAsAc/4h/4c:300,-300(300.000000)
292:BR,Player:0r200c/cc/cc/cc:2c7h,5sAc|/3dTdJc/Qh/3h:-300,300(-252.708792)
293:Player,BR:0cr200c/r300c/cr1718f:JdAd,6hKh|/3h4hTc/8d:-600,600(-600.000000)
294:BR,Player:0cc/cc/r164r264r751f:8dTc,2sQd|/3h9sQh/5d:528,-528(528.000000)
295:Player,BR:0cc/cc/cr100r400r400f:6dKh,4sQd|/2s5s7c/4c:-600,600(-600.000000)
296:BR,Player:0r100c/cc/r187f:TcJs,7hQc|/4d5sAd/Jd:200,-200(200.000000)
297:Player,BR:0cr200c/cc/cr19700f:6s7s,TdQs|/TcQcAh/Th:-300,300(-300.000000)
298:BR,Player:0r200c/cc/r19700c/cc:7dTc,8dTs|/3s7sTh/Td/Ks:20000,-20000(15569.356445)
299:Player,BR:0cc/cc/cc/cr249f:3dJd,JhKd|/7c8hAd/4s/Ks:-100,100(-100.000000)
300:BR,Player:0r100c/cr200c/r569c/r518f:6sQd,8hKd|/3s8dQc/5h/7h:969,-969(969.000000)
301:Player,BR:0cr200c/r300c/cr854f:7d9h,3c4s|/7c8dKh/Ah:-600,600(-600.000000)
302:BR,Player:0r200c/cr300c/r2612f:5c9h,6cTd|/5d7d8h/5h:600,-600(600.000000)
303:Player,BR:0cc/cc/cr216f:4d7h,2cJs|/3h8sTs/As:-100,100(-100.000000)
304:BR,Player:0f:3s9c,2d5c|:50,-50(50.000000)
305:Player,BR:0cc/cc/cr188f:2h6h,5d6c|/9h9dTd/9c:-100,100(-100.000000)
306:BR,Player:0r200c/cr600c/r732r1632c/cr3264c:9s9d,4cQs|/3s5s7h/Kh/6s:-6528,6528(-3079.838382)
307:Player,BR:0cr200c/cc/cc/r300r1718f:9hTc,2cQs|/3d5sKd/Ah/7s:-600,600(-600.000000)
308:BR,Player:0r200c/cc/cc/cc:5dJc,3d9d|/9sKhAd/4c/2s:-300,300(-249.159009)
309:Player,BR:0cc/cc/cr108c/cc:5hKc,3c9c|/3d8sAd/2h/5c:208,-208(28.253575)
310:BR,Player:0f:4s6s,2d3c|:50,-50(50.000000)
311:Player,BR:0cr100c/r200c/cr214c/cc:6s7c,6cKc|/2c6dJd/5d/3d:-614,614(272.361224)
312:BR,Player:0cc/cc/r108f:2c3c,7sJs|/8s8hKd/Ac:100,-100(100.000000)
313:Player,BR:0cr200c/r300c/cr982f:6hQh,QsQc|/7s9cKh/4c:-600,600(-600.000000)
314:BR,Player:0cc/cr100c/r18846f:8sKc,9hAs|/5h8cTc/8h:200,-200(200.000000)
315:Player,BR:0cc/cc/cr164c/cc:2h5c,4sTd|/3cJsKc/5s/5d:264,-264(257.621186)
316:BR,Player:0r200c/cc/r491f:7cTc,KcAh|/2d7dJs/4h:300,-300(300.000000)
317:Player,BR:0cr200c/cc/r300r19400f:AsAc,5hJs|/2s5dJd/5s:-600,600(-600.000000)
318:BR,Player:0r100c/cc/cc/cr200f:4dAs,5s7c|/2h9hJd/Td/3h:-200,200(-200.000000)
319:Player,BR:0cc/r100c/r200c/r800r800f:5hJs,9cAc|/2d4h6h/6s/Jc:-1200,1200(-1200.000000)
320:BR,Player:0cc/cc/r164c/cr528f:8sTc,4c7c|/3d4h5s/7d/Ac:-264,264(-264.000000)
321:Player,BR:0cr200c/r300c/cr425f:2sAs,3h5d|/4c8dKs/Th:-600,600(-600.000000)
322:BR,Player:0r100c/cc/r107c/cc:5dQd,2dKh|/2c4h5s/As/7d:307,-307(107.483461)
323:Player,BR:0cc/cc/cc/r100r142f:3h5s,4hQd|/8h9cKs/7c/Jh:-200,200(-200.000000)
324:BR,Player:0cc/cr100c/r433f:2hAs,5cTd|/5h9cAh/7c:200,-200(200.000000)
325:Player,BR:0cr200c/cc/cr244c/cc:9dJc,5cJs|/4c7hTh/8d/Qs:544,-544(538.057723)
326:BR,Player:0cc/cc/cr200c/cr1200f:5cJc,3s6h|/2s6d9s/9c/4h:-300,300(-300.000000)
327:Player,BR:0cc/cc/r100c/cc:7dTc,9cAh|/3c5dJh/7h/6d:200,-200(200.000000)
328:BR,Player:0cc/cc/r100c/r100f:2c4s,2sQc|/7h9s9c/As/4h:200,-200(200.000000)
329:Player,BR:0cc/cc/cr188f:4cTh,3cQs|/8h9dKh/Qc:-100,100(-100.000000)
330:BR,Player:0r200c/cc/r649f:9cJd,6sTh|/4d8dKd/7d:300,-300(300.000000)
331:Player,BR:0cc/cc/cc/cr100r400f:2hKd,6cJs|/4d5c6d/7c/Ah:200,-200(200.000000)
332:BR,Player:0r100c/cc/r100f:8sAh,6h7c|/2sThJc/3h:200,-200(200.000000)
333:Player,BR:0cr200c/cc/r300r300c/cc:TdQh,KcAh|/2s2c4h/Qc/9s:900,-900(305.087065)
334:BR,Player:0r200c/cc/r19700f:2s2d,QcKs|/7cJsAc/2h:300,-300(300.000000)
335:Player,BR:0cc/cc/r100c/r400f:2d9d,3hTd|/4hJdKs/5d/8c:200,-200(200.000000)
336:BR,Player:0r200c/cc/r323c/cr1246f:QhQd,9cTs|/6d8dKd/7h/6s:-623,623(-623.000000)
337:Player,BR:0cc/cc/cc/cr286f:2c8c,5c6s|/4s9hJh/Th/8s:-100,100(-100.000000)
338:BR,Player:0r200c/cr600c/r637f:2h6c,3h8h|/7cTsQh/7s:900,-900(900.000000)
339:Player,BR:0cc/cc/cr100f:5d7s,3h9s|/2h9cJd/Ts:-100,100(-100.000000)
340:BR,Player:0r100c/cc/cc/cc:3h6d,4sKd|/8s9cAd/Js/8d:-200,200(-200.000000)
341:Player,BR:0cr200c/cc/r300f:QhQd,7dTd|/5s6sJs/Qc:300,-300(300.000000)
342:BR,Player:0r200c/cc/r185f:3c8c,4hJd|/5sKhAs/7c:300,-300(300.000000)
343:Player,BR:0cc/cc/cr100c/cc:9cQd,5sAc|/6cJsKd/5h/2h:-200,200(35.797991)
344:BR,Player:0cc/cc/r188f:2s9d,2d7d|/3c6s6h/5d:100,-100(100.000000)
345:Player,BR:0cr100c/r200c/cr1741f:5d6c,KsAd|/3sTdKh/5c:-400,400(-400.000000)
346:BR,Player:0r200c/cc/cc/cc:6cJc,8hAh|/9sQcKs/7h/5c:-300,300(-299.458011)
347:Player,BR:0cc/cc/cc/r200f:8sJh,3d7s|/3sJdKh/Ac/Js:100,-100(100.000000)
348:BR,Player:0r200c/cr300c/cr1200c/cc:3h4h,8cAd|/3c6hKs/Td/Ts:1800,-1800(522.353989)
349:Player,BR:0cc/cc/cr100f:7dJs,9cQd|/TcQcAc/Ts:-100,100(-100.000000)
350:BR,Player:0r200c/cr600c/cr1800r5082c/cr12218f:3cKh,4sJs|/3d9sTd/7s/6s:-7782,7782(-7782.000000)
351:Player,BR:0cr200c/r300c/r600f:9dJh,3cTh|/2d4dKh/8c:600,-600(600.000000)
352:BR,Player:0cc/cr100c/r498c/cc:9cKd,2sTc|/2d8dTd/Jh/As:-698,698(-698.000000)
353:Player,BR:0cc/cc/cr100f:2cKs,8sTc|/5c8c9c/Qs:-100,100(-100.000000)
354:BR,Player:0cc/cr200c/r988f:4dAs,7s8c|/3s9dJc/Ac:300,-300(300.000000)
355:Player,BR:0cc/cc/cr100f:7s9h,6dJd|/2cJhKs/Ad:-100,100(-100.000000)
356:BR,Player:0f:4h6h,2d3s|:50,-50(50.000000)
357:Player,BR:0cc/cc/r100r163c/cc:6hAs,7d8s|/TsTcAh/2h/Qs:363,-363(361.939966)
358:BR,Player:0r200c/cr300c/r160c/cc:2h6s,5hKh|/2s4hTd/5c/Ad:-760,760(-518.681070)
359:Player,BR:0cr200c/r300c/cr1129c/cc:8sKs,7h9c|/3d5c8c/Kh/2h:1729,-1729(1662.884033)
360:BR,Player:0r100c/cr200c/r162c/cr562f:9dTh,4s4c|/5d5c6h/Kd/6d:-562,562(-562.000000)
361:Player,BR:0cr200c/cc/cr8036f:7s7c,3h7d|/2c4dKs/5c:-300,300(-300.000000)
362:BR,Player:0r200c/cr300c/r982c/r557c:7cKh,TsKd|/5s8cQd/Kc/Jd:-2139,2139(895.637587)
363:Player,BR:0cr200c/cc/r600r600r1500c/r3000f:8sQs,JcKc|/4s8dQc/4d/6s:3000,-3000(3000.000000)
364:BR,Player:0r100c/cr200c/r430r830c/cr6640c:8hJs,7dKh|/4hThJd/5h/Qd:8300,-8300(-1177.600504)
365:Player,BR:0cc/cc/cc/cc:ThKc,TcQd|/6c7cAd/4d/Jc:100,-100(28.168375)
366:BR,Player:0r100c/cr200c/cr800r1123f:5cAh,7dKs|/3d6d8d/7c:1200,-1200(1200.000000)
367:Player,BR:0cc/cc/cr100r200f:JhQc,2h7h|/8cJdJc/6h:200,-200(200.000000)
368:BR,Player:0r100c/cr200c/cr400r1309f:4cJs,9hQd|/4s8sKh/9d:800,-800(800.000000)
369:Player,BR:0cr200c/cc/cr747c/cr1127c:5cAd,9dQc|/9hTsAh/Qh/5d:2174,-2174(-1214.480183)
370:BR,Player:0r200c/cr300c/cc/cc:6c9d,8d9h|/2h4sJs/As/9c:-600,600(241.120774)
371:Player,BR:0cc/cc/r100r573f:5hQd,8c9d|/2h9cTd/8d:-200,200(-200.000000)
372:BR,Player:0r200c/cc/r2284c/cc:3h9h,JhQh|/3cJcAh/Kh/8s:-2584,2584(-2584.000000)
373:Player,BR:0cc/cc/cr108c/cc:9dQh,6h9s|/4s4dQd/As/Ts:208,-208(208.000000)
374:BR,Player:0f:QcAh,2s6d|:50,-50(50.000000)
375:Player,BR:0cr200c/r300c/cr100c/cr122c:7hKc,3dTd|/9sThQc/Ah/4d:-822,822(-224.994935)
376:BR,Player:0r100c/cc/r18846f:5s9s,3h9h|/3s8hKs/Qs:200,-200(200.000000)
377:Player,BR:0cc/cc/r200c/r300r425c:3sTs,5c8h|/8sTdQd/3h/Qs:1025,-1025(1024.982048)
378:BR,Player:0r100c/cr200c/r374f:4h9d,3cAh|/8c9sTc/4c:400,-400(400.000000)
379:Player,BR:0cc/cc/cr188f:3s4d,4s6h|/8hTsJh/2c:-100,100(-100.000000)
380:BR,Player:0r100c/cc/r100r300c/cc:KhAh,6sTc|/3c7sTh/2s/Js:-600,600(-310.064807)
381:Player,BR:0cr200c/r600c/r1800c/cc:JcKs,2s2d|/5d9sTs/Ah/6c:-2700,2700(300.583482)
382:BR,Player:0r100c/cr400c/r561r1161r6647c/cr11031f:3c5s,AdAc|/3s8c9c/2c/Qc:-8969,8969(-8969.000000)
383:Player,BR:0cr200c/cc/cr1136r2872f:6cAc,4cJd|/5cTcAd/3h:1436,-1436(1436.000000)
384:BR,Player:0r200c/cc/r323f:4s6h,9cAc|/2s3cQd/Td:300,-300(300.000000)
385:Player,BR:0cc/cc/cr1158f:3h5s,2s9s|/6dTsQd/8s:-100,100(-100.000000)
386:BR,Player:0r100c/cc/r1001c/r1486f:JcAs,4h5d|/2s9sAd/5c/Kh:1201,-1201(1201.000000)
387:Player,BR:0cr100c/r200c/cr1741f:JdAd,5cKs|/7sKhKd/3s:-400,400(-400.000000)
388:BR,Player:0r200c/cc/r100c/cc:7d8h,TsTd|/4sQsKs/3h/Ac:-400,400(-400.000000)
389:Player,BR:0cc/cc/cc/cc:4h8s,2c7h|/9hJdQs/2h/Kd:-100,100(-1.933138)
390:BR,Player:0r200c/cc/r1986c/cc:6cTd,JdKc|/5h9cQh/Kd/6d:-2286,2286(-1824.356822)
391:Player,BR:0cc/cc/r100c/r800f:5dTc,3dJc|/6h7dQc/6c/9h:200,-200(200.000000)
392:BR,Player:0r100c/cc/r433c/cr1266f:3h7c,6dKd|/5s6s6h/9d/9h:-633,633(-633.000000)
393:Player,BR:0cc/cc/r100c/r400r1718c:ThJs,4d8s|/TdQcAh/8h/9h:2318,-2318(2318.000000)
394:BR,Player:0r100c/cc/r1152f:5h7h,QdAh|/3d7s7c/8d:200,-200(200.000000)
395:Player,BR:0cc/cc/cr100c/cc:9dKc,6h9h|/3s3dTd/9s/8h:200,-200(-14.097472)
396:BR,Player:0r200c/cc/r1727f:3s9h,5c6h|/2d6dTh/7s:300,-300(300.000000)
397:Player,BR:0cr200c/r300c/r600c/r1200f:9hTs,6c7c|/7hQdAh/Jh/9s:1200,-1200(1200.000000)
398:BR,Player:0cc/cr100c/r215f:4h8c,4dTc|/2h6h6d/8h:200,-200(200.000000)
399:Player,BR:0cr200c/r300c/r1200c/r7200f:5s8s,4cJs|/5c6hAd/4s/7d:1800,-1800(1800.000000)
400:BR,Player:0f:8dJs,3h7d|:50,-50(50.000000)
401:Player,BR:0cc/cc/cr876f:4d9s,6d9d|/5c6s9h/Jc:-100,100(-100.000000)
402:BR,Player:0r200c/cr600c/r842f:JcKc,5d8c|/6h9cQs/9d:900,-900(900.000000)
403:Player,BR:0cr200c/r300c/r1200f:5dAd,5s8h|/2d4cJh/9h:600,-600(600.000000)
404:BR,Player:0cc/cc/r100c/r1324c:3d7s,9sKc|/6c8dKd/6d/9h:-1524,1524(-1524.000000)
405:Player,BR:0cr200c/r300c/cr854f:7h8h,7sTd|/3d8dAc/Ad:-600,600(-600.000000)
406:BR,Player:0r100c/cc/cc/cc:6sJc,7d9h|/4cKcAs/7s/Kd:-200,200(-182.659723)
407:Player,BR:0cr200c/cc/cr140c/cc:9cAh,TsAd|/4s4c8h/7h/9h:440,-440(110.424307)
408:BR,Player:0r100c/cc/r1751f:5sJs,3h3d|/9sTsAh/9c:200,-200(200.000000)
409:Player,BR:0cc/cc/cr216f:2dAc,4sTh|/3s8d9c/6s:-100,100(-100.000000)
410:BR,Player:0cc/cc/r100c/cc:4hKc,3s3d|/JsQdAd/Qh/2h:-200,200(-51.305896)
411:Player,BR:0cc/cc/r100c/cr573c:5hTs,3hKd|/2c5cQc/6s/Qh:773,-773(669.736840)
412:BR,Player:0r200c/cr300c/r100c/cc:7sQs,7dKd|/3h7cAc/Td/8c:-700,700(-98.152916)
413:Player,BR:0cc/cc/cc/cc:7cTd,7sKd|/2h5cQh/3c/8h:-100,100(56.660819)
414:BR,Player:0r100c/cc/r163f:6c9d,8hJc|/4dQhAd/5s:200,-200(200.000000)
415:Player,BR:0cc/cc/r100r573f:7sQh,5hTc|/5dTsJd/Qs:-200,200(-200.000000)
416:BR,Player:0r100c/cc/cr400f:4d6d,4cTc|/2h9cJc/Ts:-200,200(-200.000000)
417:Player,BR:0cc/cc/cr329c/cr151r2320c:2s5c,TdAh|/5s8dTh/8c/Ks:-2900,2900(568.266932)
418:BR,Player:0r100c/cc/r433c/r448f:4hJc,3dAd|/4c6h6d/6s/9c:633,-633(633.000000)
419:Player,BR:0cr200c/cc/cc/r300r1975f:QhQd,4h5c|/5d9cKs/As/Kc:-600,600(-600.000000)
420:BR,Player:0cc/cr100c/r498f:KhKc,9dQh|/4d5sTh/6h:200,-200(200.000000)
421:Player,BR:0cc/cc/cr100f:7cQd,3c5h|/2d6c8d/3h:-100,100(-100.000000)
422:BR,Player:0r200c/cc/r323f:JsJd,6s6h|/4c8hAc/Ts:300,-300(300.000000)
423:Player,BR:0cr200c/r300c/cr854f:JdKh,TcKc|/2c5hTs/5d:-600,600(-600.000000)
424:BR,Player:0r200c/cr600c/cc/r637f:4h8h,6c9h|/5cTcQs/9s/3s:900,-900(900.000000)
425:Player,BR:0cr200c/cc/cr1727f:JhKh,6cTd|/2d4c5c/Kc:-300,300(-300.000000)
426:BR,Player:0r200c/cr600c/r419f:4h5c,2s9s|/7d8cJc/Kh:900,-900(900.000000)
427:Player,BR:0cc/cc/cr100c/cc:4hKd,6cKs|/6d7cAs/Jh/3s:-200,200(3.819414)
428:BR,Player:0f:6cAd,3h9s|:50,-50(50.000000)
429:Player,BR:0cr200c/cc/cr161c/cr162c:7dKd,5cTc|/9sThAh/7c/2h:-623,623(-252.854446)
430:BR,Player:0cc/cc/cc/cc:4d4c,2dQh|/5d9hAh/Th/Ac:100,-100(53.743904)
431:Player,BR:0cc/cc/r100r6161f:9hTs,4cAs|/5h5cAd/Ac:-200,200(-200.000000)
432:BR,Player:0r100c/cc/cr200f:4s9d,7d9h|/5sJdKd/Jh:-200,200(-200.000000)
433:Player,BR:0cc/cc/cr142f:2h7c,5hTh|/4h5dJs/2c:-100,100(-100.000000)
434:BR,Player:0cc/cr200c/r649c/r508c:QhQd,7dKd|/3s6d7h/9c/Jd:1457,-1457(697.552470)
435:Player,BR:0cc/cc/cr100r400c/r1200f:2cAh,6h6d|/4h7hAd/Qc/2d:600,-600(600.000000)
436:BR,Player:0r200c/cc/r565c/cc:5c8c,4sQs|/TcKdKc/Qd/Qh:-865,865(-700.262423)
437:Player,BR:0cc/cc/cr100f:3sQc,4d9d|/5h8cTh/8h:-100,100(-100.000000)
438:BR,Player:0r100c/cr400c/r139f:5s9c,7cQd|/2s5cTc/8d:600,-600(600.000000)
439:Player,BR:0cr100c/cc/cc/cc:9sQs,2sQc|/3c6dKd/Ac/6s:0,-0(45.912318)
440:BR,Player:0r100c/cc/r187f:8h9d,4dKc|/3hThAs/Jd:200,-200(200.000000)
441:Player,BR:0cc/cc/cr100f:2c5d,2dJd|/KcAhAc/Js:-100,100(-100.000000)
442:BR,Player:0cc/cc/r142f:7d7c,2dKc|/2h4c5s/6c:100,-100(100.000000)
443:Player,BR:0cr200c/cc/r600f:6s6h,2hTh|/8sQhKs/6c:300,-300(300.000000)
444:BR,Player:0r200c/cr600c/r100f:2d4d,5h8c|/4hKcAc/9d:900,-900(900.000000)
445:Player,BR:0cc/cc/cr100c/cc:2s7h,5s8c|/3d7cAd/9c/Kd:200,-200(197.489776)
446:BR,Player:0cc/cr100c/r163r363c/cr1452f:5cKs,2d2c|/2sJsAd/Kc/Qd:-726,726(-726.000000)
447:Player,BR:0cc/cc/r100c/r200r996f:6cAd,8cKs|/2h4c9h/6s/Qs:-400,400(-400.000000)
448:BR,Player:0r200c/cc/r1502c/r2565c:4c6s,5d7d|/4h5s8s/4d/Qc:4367,-4367(3230.939170)
449:Player,BR:0cr200c/r300c/r1200c/r1800f:JcKc,9h9d|/4s7cTc/3c/Js:1800,-1800(1800.000000)
450:BR,Player:0r100c/cc/r5357f:2d6c,JdQc|/5c9cAc/Ah:200,-200(200.000000)
451:Player,BR:0cr200c/cc/cc/cr323r623f:4dAd,2h5c|/7hQsAs/Ah/Ks:623,-623(623.000000)
452:BR,Player:0r200c/cr300c/r321c/cr1842f:9dTh,6c7h|/5d5cKs/4c/8c:-921,921(-921.000000)
453:Player,BR:0cc/cc/cr761f:2d4h,TsAh|/2s7d9s/Ks:-100,100(-100.000000)
454:BR,Player:0r200c/cc/cc/cc:4h8c,6dJh|/QhQdKd/Ks/7h:-300,300(-277.026761)
455:Player,BR:0cr200c/cc/cr427c/r727r4162f:KdAs,JhQs|/6c7dKs/Qh/Td:-1454,1454(-1454.000000)
456:BR,Player:0r200c/cr300c/r100r700f:2h9c,TsTc|/JsQhKc/Ac:-700,700(-700.000000)
457:Player,BR:0cc/cc/cr124f:4sJd,2s7d|/6hQsAh/6s:-100,100(-100.000000)
458:BR,Player:0r200c/cr600c/r1114c/r1885c:2dJd,9hJs|/3h8h9d/Ts/7h:0,-0(2907.055819)
459:Player,BR:0cr200c/r300c/r600f:JcKs,4h7d|/3sQdKd/Qs:600,-600(600.000000)
460:BR,Player:0r200c/cc/r19700f:TdJs,7c8s|/4hQhKc/Ac:300,-300(300.000000)
461:Player,BR:0cr200c/r300c/r600f:7dTd,9dQh|/5c7hJc/2d:600,-600(600.000000)
462:BR,Player:0r100c/cr400c/r243c/r1043c:9cAd,2hTh|/3d5dAh/4s/9h:-1886,1886(1164.400438)
463:Player,BR:0cr200c/cc/cc/cr323c:5hAc,7hJs|/TcQsQd/Qc/7d:-623,623(-445.854141)
464:BR,Player:0cc/cr100c/r163f:7hTc,5s9d|/4s4hJs/8c:200,-200(200.000000)
465:Player,BR:0cc/cc/cc/cr164f:5cJs,7dQd|/2d3cKh/2h/3d:-100,100(-100.000000)
466:BR,Player:0cc/cr100c/cc/r285c:9cAh,3sJd|/3d7dQc/8s/9s:485,-485(337.957244)
467:Player,BR:0cr200c/cc/cc/r300f:8s8d,6cTh|/3c5cAs/Jh/Jc:300,-300(300.000000)
468:BR,Player:0r200c/cc/r244c/r100r1288r4809c:5cQh,8s8h|/4sQcAc/8c/6h:-6741,6741(-6741.000000)
469:Player,BR:0cr200c/r300c/cr561f:7h8s,5h7d|/4dQhKd/Qc:-600,600(-600.000000)
470:BR,Player:0r200c/cc/r427f:JdQs,6hJc|/4dTdAd/Ts:300,-300(300.000000)
471:Player,BR:0cc/r100c/r400r646f:5h9d,4s5c|/6s7s7d/Qc:-600,600(-600.000000)
472:BR,Player:0cc/cr100c/cr400f:2d8d,TdJh|/3c4s7s/Ts:-200,200(-200.000000)
473:Player,BR:0cc/cc/r100r187f:5cJd,3c9d|/5dTdAs/6h:-200,200(-200.000000)
474:BR,Player:0r100c/cc/cr200c/cc:2s6s,9sJh|/6c9dKd/7c/Ah:-400,400(-96.113609)
475:Player,BR:0cr200c/r300c/cr854c/cc:KsKc,8cTc|/5d6sQd/Ah/4d:1454,-1454(1454.000000)
476:BR,Player:0r200c/cc/r19700f:QsAc,TsTc|/2hQhQd/4s:300,-300(300.000000)
477:Player,BR:0cr200c/r300c/cr425f:5dJd,JsJh|/4s6sAd/8c:-600,600(-600.000000)
478:BR,Player:0r100c/cr400c/r121c/cc:7h8d,9cJc|/4h7cQs/3c/Js:-721,721(252.681852)
479:Player,BR:0cc/cc/r100r248f:8cTs,4d5d|/JsJcAd/Kd:-200,200(-200.000000)
480:BR,Player:0f:2cTs,2d5s|:50,-50(50.000000)
481:Player,BR:0cr200c/cc/r300r3004f:4c5s,4s6c|/2c6h6d/5c:-600,600(-600.000000)
482:BR,Player:0f:6h9d,3d7s|:50,-50(50.000000)
483:Player,BR:0cr200c/cc/cc/cr988f:5hAh,5s7h|/2sTcJs/Kh/3d:-300,300(-300.000000)
484:BR,Player:0f:6hQs,2s4h|:50,-50(50.000000)
485:Player,BR:0cc/cc/cr142f:5dTd,4cAd|/9h9dAh/Jc:-100,100(-100.000000)
486:BR,Player:0r100c/cc/r123c/cr323r695c:4c5h,QhQd|/3c9dAd/5s/3d:-1341,1341(-1341.000000)
487:Player,BR:0cr200c/r300c/r600r6909c/r11891f:TsAs,5d6d|/6s8s9d/2c/7s:8109,-8109(8109.000000)
488:BR,Player:0cc/cr100c/r100f:JsKs,4s7h|/2s8cAh/As:200,-200(200.000000)
489:Player,BR:0cc/cc/cr249r698c/cc:8cKh,5hTc|/3dKdKc/Th/Ad:1047,-1047(560.200944)
490:BR,Player:0r200c/cr300c/r488c/r440c:6hQd,6s9s|/6dKhKc/2h/7c:1528,-1528(945.394762)
491:Player,BR:0cc/cc/cc/cr142f:2cQs,8s8c|/TdKsAd/9c/7c:-100,100(-100.000000)
492:BR,Player:0cc/cr200c/cr600f:2h6d,7h8d|/4h9sJs/Th:-300,300(-300.000000)
493:Player,BR:0cr200c/r300c/r600r2597f:5c6c,7sTc|/3d7hTd/6h:-1200,1200(-1200.000000)
494:BR,Player:0cc/cr200c/r100r800f:5dTh,TdKh|/6sQdAd/8h:-400,400(-400.000000)
495:Player,BR:0cr200c/r300c/cc/cc:6d9d,7cAc|/3c9sKh/2d/3d:600,-600(130.668842)
496:BR,Player:0r200c/cc/cc/cc:4h5c,8hJs|/8dQhAs/Ts/7s:-300,300(-298.614446)
497:Player,BR:0cr200c/r300c/cr211c/cr142c:4h6h,2h6s|/3c6d8h/Ts/5c:0,-0(-74.207338)
498:BR,Player:0f:8c9h,2h5d|:50,-50(50.000000)
499:Player,BR:0cc/cc/cr188f:5sTs,3h6s|/2h9cKd/4s:-100,100(-100.000000)
500:BR,Player:0cc/cr100c/r376c/r100f:JhAc,2sAs|/2d6hJs/Kh/9h:576,-576(576.000000)
RAW BR STATS: n=500, sum=6045.000000, sum_sq=2848566927.000000, vr_sum=-40277.695578, vr_sum_sq=1662446664.354672
BR STATS: 12.090000(209.215429), -80.555391(159.674553)
RESULTS
1)Player: -6045
2)BR: 6045
