In config file: GAME_DEF=game_def.fullholdem
In config file: ACTIONS_R0=C
In config file: ACTIONS_R1=F,C,0.05,0.0575,0.066125,0.07604375,0.087450313,0.100567859,0.115653038,0.133000994,0.152951143,0.175893815,0.202277887,0.23261957,0.267512505,0.307639381,0.353785288,0.406853081,0.467881044,0.5380632,0.61877268,0.711588582,0.81832687,0.9410759,1.082237285,1.244572878,1.43125881,1.645947631,1.892839776,2.176765742,2.503280603,2.878772694,3.310588598,3.807176888,4.378253421,5.034991434,5.790240149,6.658776171,7.657592597,8.806231486,10.12716621,11.64624114,13.39317731,15.40215391,17.71247699,20.36934854,23.42475083,26.93846345,30.97923297,35.62611791,40.9700356,47.11554094,54.18287208,62.31030289,71.65684832,82.40537557,94.76618191,A
In config file: ACTIONS_R2=F,C
In config file: ACTIONS_R3=F,C
Loading player: rgbr_nl_cprg.so
Player args: /home/viliam/cprg/project_uoapoker/trunk/src/c/meta_player.so /home/viliam/cprg/project_uoapoker/trunk/src/c/acpc14.map
Using seed 26.
1:BR,Player:0r130c/r1001c/cr1184f:4sQc,8sJh|/9sTcAs/5s:-1231,1231(-1231.000000)
2:Player,BR:0cc/cr435f:4s9h,7dQs|/3d5cJd:-100,100(-100.000000)
3:BR,Player:0r130c/cc/cc/cr299f:7dQs,9cJc|/2dKsAc/9s/Ah:-230,230(-230.000000)
4:Player,BR:0cr300c/cr246c/cc/cc:7hTs,6cQs|/TcQcAh/3c/2s:-646,646(-321.830836)
5:BR,Player:0r130c/r2014f:9dQh,6d9s|/4dJsAd:230,-230(230.000000)
6:Player,BR:0cr200c/cr1306f:5c9c,5hQc|/6hThJh:-300,300(-300.000000)
7:BR,Player:0r300c/r1741f:9cJc,5c7h|/2s9sAs:400,-400(400.000000)
8:Player,BR:0cr200c/cr1306f:9h9c,JcAc|/5d7d8s:-300,300(-300.000000)
9:BR,Player:0r130c/r498c/cc/cc:3d9s,8dJc|/5d8c9d/Ah/7h:728,-728(57.766992)
10:Player,BR:0cc/cr124f:3d7c,8dJc|/9h9dJs:-100,100(-100.000000)
11:BR,Player:0r200c/r1136c/cr364c/cc:3sKh,ThTd|/8h9sKs/Qc/4h:1800,-1800(1583.293574)
12:Player,BR:0cc/cr435f:6hTs,3c7c|/2hAsAd:-100,100(-100.000000)
13:BR,Player:0r130c/r2014f:8sKs,7dQs|/4s5cAc:230,-230(230.000000)
14:Player,BR:0cc/cr435f:TsJh,5sAd|/4c8cQs:-100,100(-100.000000)
15:BR,Player:0f:6c9d,2c3d|:50,-50(50.000000)
16:Player,BR:0cr300c/cr16295f:7d9d,4c5c|/6s7c8s:-400,400(-400.000000)
17:BR,Player:0cc/r435c/cr515f:2s4s,3c6s|/4d5c8c/7h:-535,535(-535.000000)
18:Player,BR:0cr300c/cr3503f:TsAs,9sKd|/3c4hAc:-400,400(-400.000000)
19:BR,Player:0r130c/r1001r3599r3599f:6d7c,8sTh|/6c8cJd:4830,-4830(4830.000000)
20:Player,BR:0cr200c/cr2627r12673f:4c5c,9sTc|/2d6c8c:2927,-2927(2927.000000)
21:BR,Player:0r130c/r2014f:ThKd,2cAd|/4c8c9s:230,-230(230.000000)
22:Player,BR:0cc/cr124r236c/r598f:6sKd,KsAh|/6h6d9s/4d:460,-460(460.000000)
23:BR,Player:0r200c/r1306f:5s7h,4s4c|/3c9hQh:300,-300(300.000000)
24:Player,BR:0cc/cr142c/r208c/cc:3c8c,7cQh|/9s9cTc/Ts/7s:-450,450(277.411397)
25:BR,Player:0r200c/r100r1200f:3h8h,2cAd|/8cJcQd:-400,400(-400.000000)
26:Player,BR:0cr300c/cr19600f:7sKc,TdAc|/JdQdKd:-400,400(-400.000000)
27:BR,Player:0r130c/r2014f:5cKs,3h3c|/2dKcAc:230,-230(230.000000)
28:Player,BR:0cc/cr3080f:6h9d,5cKc|/2c9cQs:-100,100(-100.000000)
29:BR,Player:0r130c/r498c/cc/cr859c:8s8h,AdAc|/3c5dJs/Jh/2s:-1587,1587(-718.072487)
30:Player,BR:0cr200c/cr5284f:7dAh,2hAs|/2c8sKd:-300,300(-300.000000)
31:BR,Player:0r130c/r285f:9dQh,5sTd|/2s9sKd:230,-230(230.000000)
32:Player,BR:0cc/cr876f:6h7d,9hTs|/2h8hKh:-100,100(-100.000000)
33:BR,Player:0r130c/r2014f:2dQd,6c7h|/4dKsAh:230,-230(230.000000)
34:Player,BR:0cr300c/r800r10508f:9cJc,5sQs|/5d8sTc:-1200,1200(-1200.000000)
35:BR,Player:0r130c/r1001f:7s9h,4h6d|/4s5hAd:230,-230(230.000000)
36:Player,BR:0cc/cr876f:3d4s,6sJs|/5d8s9c:-100,100(-100.000000)
37:BR,Player:0f:TcAc,3h7d|:50,-50(50.000000)
38:Player,BR:0cr600c/cr3047f:JsKs,2d6h|/2c7cAd:-700,700(-700.000000)
39:BR,Player:0r200c/r19700f:6sJd,8dJc|/5s6hJh:300,-300(300.000000)
40:Player,BR:0cc/cr876f:3dKc,4hTc|/7s8c9d:-100,100(-100.000000)
41:BR,Player:0r130c/r327f:5hTh,9cTs|/8dKhAc:230,-230(230.000000)
42:Player,BR:0cc/cr216c/cc/cc:6c7d,5sTc|/3h5cJd/Ts/6s:-316,316(-257.234188)
43:BR,Player:0r130c/r4051f:3s7s,2s6s|/TdJsAc:230,-230(230.000000)
44:Player,BR:0cc/cr435f:6s8d,4h9d|/3h3c8c:-100,100(-100.000000)
45:BR,Player:0r130c/r2014f:JhKc,6cTd|/2h2c9d:230,-230(230.000000)
46:Player,BR:0cc/cr876f:6hQc,6dQs|/2h3s9h:-100,100(-100.000000)
47:BR,Player:0r200c/r1306f:4hAc,5s6s|/2s7hJh:300,-300(300.000000)
48:Player,BR:0cr300c/cr3503f:QsKh,5hAs|/6h6dJd:-400,400(-400.000000)
49:BR,Player:0cc/r435f:2dAc,5hTd|/2c8sJc:100,-100(100.000000)
50:Player,BR:0cc/cr761f:4dTd,AsAc|/4sJhQc:-100,100(-100.000000)
51:BR,Player:0f:5sJs,2c7h|:50,-50(50.000000)
52:Player,BR:0cc/cr1761f:8hTd,6hJh|/QdKdKc:-100,100(-100.000000)
53:BR,Player:0r130c/r1001f:3cJs,4c6d|/4h7dKc:230,-230(230.000000)
54:Player,BR:0cc/cr1761f:2c4h,6c8s|/2sTcJd:-100,100(-100.000000)
55:BR,Player:0r130c/r2014c/cr4633f:3sQd,4d5c|/2dTsAd/Ks:-2244,2244(-2244.000000)
56:Player,BR:0cr300c/cr3503f:2s2d,TcQh|/6d8cJs:-400,400(-400.000000)
57:BR,Player:0r130c/r871f:AdAc,9cAs|/2h3hQs:230,-230(230.000000)
58:Player,BR:0cc/cr216c/cc/cc:3sKh,2s7s|/3d7hQc/4h/7d:-316,316(-263.533925)
59:BR,Player:0cc/r876f:3c4c,5s9d|/ThJdAd:100,-100(100.000000)
60:Player,BR:0cc/cr876f:4cAh,5hQs|/4d8d9d:-100,100(-100.000000)
61:BR,Player:0f:7hKh,2d8h|:50,-50(50.000000)
62:Player,BR:0cc/cr379f:2d7h,4dAs|/3h4s8c:-100,100(-100.000000)
63:BR,Player:0r200c/r2627f:4c8c,2sJs|/4d6hTd:300,-300(300.000000)
64:Player,BR:0cc/cr435f:6dQc,2s6c|/9s9h9c:-100,100(-100.000000)
65:BR,Player:0cc/r3080f:5cAh,3c6d|/2s8dQs:100,-100(100.000000)
66:Player,BR:0cr200c/r600r3407f:9dAc,5s9h|/3d5d9s:-900,900(-900.000000)
67:BR,Player:0r130c/r2014f:6s8s,QdAh|/9dTsAs:230,-230(230.000000)
68:Player,BR:0cc/cr876f:9sQh,2cKh|/2h4h6d:-100,100(-100.000000)
69:BR,Player:0r200c/r2627f:3c8d,4sTc|/6s9cQh:300,-300(300.000000)
70:Player,BR:0cc/cr19900f:6hAd,5h5c|/5dJdAc:-100,100(-100.000000)
71:BR,Player:0r130c/r2014f:3h7c,5cQc|/4cJsAh:230,-230(230.000000)
72:Player,BR:0cr200c/cr1136f:8hAh,7h9c|/6s8s9d:-300,300(-300.000000)
73:BR,Player:0f:9dJh,3s7c|:50,-50(50.000000)
74:Player,BR:0cc/cr876f:4c8s,4hAc|/6cThKs:-100,100(-100.000000)
75:BR,Player:0r130c/r1001f:9sJh,8hJc|/7sThTc:230,-230(230.000000)
76:Player,BR:0cc/cr876f:2hAc,7sQd|/6hTcKs:-100,100(-100.000000)
77:BR,Player:0cc/r379f:KsKc,3h6s|/8s9cJd:100,-100(100.000000)
78:Player,BR:0cc/cr1532f:8sKd,JdQd|/2d4d6h:-100,100(-100.000000)
79:BR,Player:0cc/r876c/cc/cc:6hAs,2hKh|/4sQhKc/4d/8d:-976,976(-976.000000)
80:Player,BR:0cr300c/cr141c/r100c/r1159f:6h9h,8d9c|/8sTcAd/2h/2s:641,-641(641.000000)
81:BR,Player:0r130c/r1001f:2d9d,6cJc|/5hQdKh:230,-230(230.000000)
82:Player,BR:0cr600c/r910r2291f:2s5c,6d7h|/5sJhAc:-1610,1610(-1610.000000)
83:BR,Player:0r130c/r1001f:3hQd,3dKh|/2s8sQs:230,-230(230.000000)
84:Player,BR:0cr300c/r520r1309c/cc/r1083f:9hJs,2d3c|/2s8cTh/Kc/Qs:2229,-2229(2229.000000)
85:BR,Player:0r130c/r2014f:JdQd,8h8d|/4d9dAs:230,-230(230.000000)
86:Player,BR:0cc/cr435f:3dJc,2h7c|/4h8sKh:-100,100(-100.000000)
87:BR,Player:0cc/r100c/cc/cc:JcAd,3dJh|/3s7hKd/Qc/6d:-200,200(-95.189161)
88:Player,BR:0cr300c/r800r1708f:4s8s,2sJs|/2cTsQh:-1200,1200(-1200.000000)
89:BR,Player:0cc/r435f:7dTh,7cAs|/4h6h9d:100,-100(100.000000)
90:Player,BR:0cc/cr379f:4c9c,TcAh|/KsKhAs:-100,100(-100.000000)
91:BR,Player:0r130c/r2014c/cr1344f:6h8s,TdKs|/JhQdAc/6c:-2244,2244(-2244.000000)
92:Player,BR:0cr200c/cr2627f:8cAh,2dQd|/3d6cJd:-300,300(-300.000000)
93:BR,Player:0r200c/r19700f:2sJs,9hAd|/2d4hJc:300,-300(300.000000)
94:Player,BR:0cr200c/cr1306f:TcQh,5c7s|/6s9s9h:-300,300(-300.000000)
95:BR,Player:0r130c/r1001c/cr1184c/cc:5sJh,TsAh|/4s6sAd/Ks/7h:-2415,2415(-2415.000000)
96:Player,BR:0cc/cr435c/r305c/r420c:5s8d,5hKc|/2s4c7s/Kh/6d:1260,-1260(-278.245605)
97:BR,Player:0cc/r876f:3c4c,6s9d|/4dTsJc:100,-100(100.000000)
98:Player,BR:0cc/cr124c/cc/r376c:3cQs,2s5c|/4c5hQh/7c/Qc:600,-600(71.109769)
99:BR,Player:0r130c/r2014f:6s7h,5dQd|/3s5h9s:230,-230(230.000000)
100:Player,BR:0cr200c/r390r3004f:JhAs,JdQd|/9cTsAc:-690,690(-690.000000)
101:BR,Player:0r200c/r1306f:JdKd,5c8s|/4h5h7s:300,-300(300.000000)
102:Player,BR:0cr130c/r690r1309f:8d9d,JcQh|/5h6dJh:-920,920(-920.000000)
103:BR,Player:0r130c/r1001f:3s4s,8dJc|/7s7cQc:230,-230(230.000000)
104:Player,BR:0cc/cr8194f:JdQh,JcAh|/9sKsAd:-100,100(-100.000000)
105:BR,Player:0r130c/r2014f:JcAd,4cKc|/3h7dKd:230,-230(230.000000)
106:Player,BR:0cc/cr3080f:5hTd,4h9d|/TsJdQc:-100,100(-100.000000)
107:BR,Player:0r200c/r2627f:5hJd,JhAs|/5s6c9d:300,-300(300.000000)
108:Player,BR:0cr600c/cr3047c/cc/cc:5hKh,3d5d|/8h9sKd/Ad/9c:3747,-3747(3747.000000)
109:BR,Player:0f:2sQs,3s8h|:50,-50(50.000000)
110:Player,BR:0cr300c/cr1741f:4h5c,7c9c|/3d5s6s:-400,400(-400.000000)
111:BR,Player:0r130c/r1751f:7dAs,6h7s|/6cQdAd:230,-230(230.000000)
112:Player,BR:0cc/cr761f:2s7d,9hQd|/8d9dJs:-100,100(-100.000000)
113:BR,Player:0r130c/r3522r3522r9002c/cr3724c/cc:9sAc,KsKc|/2d4s9h/5h/4c:-20000,20000(-14586.701973)
114:Player,BR:0cc/cr876f:6hAd,QhKc|/7s9sTd:-100,100(-100.000000)
115:BR,Player:0r130c/r2014f:3d5h,5s9s|/2d7sKc:230,-230(230.000000)
116:Player,BR:0cc/cr379c/cc/r441c:JhQc,9hQh|/3c7c9c/2s/Th:-920,920(18.419995)
117:BR,Player:0r130c/r1001f:4dAd,2hQh|/7s7d9c:230,-230(230.000000)
118:Player,BR:0cc/cr876f:9dKc,8sTs|/8hJcAc:-100,100(-100.000000)
119:BR,Player:0r130c/r1001f:3cJh,4h7h|/2s6d9s:230,-230(230.000000)
120:Player,BR:0cr600c/cr1742c/cc/cc:3sAs,9hJh|/2cQcAh/Kd/4d:2442,-2442(2442.000000)
121:BR,Player:0cc/r435f:4c6d,7sKh|/6sTdJs:100,-100(100.000000)
122:Player,BR:0cc/cr3080f:4c9d,6sKs|/4h9hQc:-100,100(-100.000000)
123:BR,Player:0r130c/r1751f:KhKd,JdKc|/4s8hTd:230,-230(230.000000)
124:Player,BR:0cr300c/r520r520c/r1320c/r3588c:9cKc,9dKs|/5c8dQc/6h/Ts:0,-0(-1937.870377)
125:BR,Player:0r130c/r2014f:4h4d,5dKc|/5hJcAc:230,-230(230.000000)
126:Player,BR:0cc/cr1532f:4sJc,9sAd|/6s7sAh:-100,100(-100.000000)
127:BR,Player:0r130c/r2014f:6cTc,4h5d|/7c8dJd:230,-230(230.000000)
128:Player,BR:0cc/cr876c/r584f:3dKd,8cTc|/3s9hKs/5c:976,-976(976.000000)
129:BR,Player:0r130c/r142f:3sKd,3c7c|/8hKsAh:230,-230(230.000000)
130:Player,BR:0cr300c/r1200r6966r11434f:QsKc,8c9c|/5cThQd:8566,-8566(8566.000000)
131:BR,Player:0r130c/cr299r4632c/cr10656c/cr4183f:5h5c,8dTs|/6s9cAd/Jc/7c:-15817,15817(-15817.000000)
132:Player,BR:0cc/cr435f:2s7c,4s9s|/9cJsQd:-100,100(-100.000000)
133:BR,Player:0r200c/r1306f:2sTc,7sAs|/5c8dJs:300,-300(300.000000)
134:Player,BR:0cc/cr124c/cc/r100f:4cQd,TdTc|/9cKsAc/2h/Qc:224,-224(224.000000)
135:BR,Player:0r130c/r1001f:3sAh,7d7c|/8hJdQh:230,-230(230.000000)
136:Player,BR:0cc/cr19900f:5d8d,3h6h|/2h4hKh:-100,100(-100.000000)
137:BR,Player:0r130c/r2014f:4dTc,9h9d|/4s5s8s:230,-230(230.000000)
138:Player,BR:0cr300c/cr1514c/cc/cc:QhQd,3cKd|/8dJsKs/9s/Ac:-1914,1914(-618.756409)
139:BR,Player:0r130c/r1001f:3hTc,8cQc|/2d5h5c:230,-230(230.000000)
140:Player,BR:0cc/cr876f:7sQh,6cQc|/5s5hAh:-100,100(-100.000000)
141:BR,Player:0r200c/r2627f:4h5c,3hQd|/8hTsQs:300,-300(300.000000)
142:Player,BR:0cc/cr100f:2dQh,QcKh|/5d9sAh:-100,100(-100.000000)
143:BR,Player:0r130c/r285f:6c7d,5cJh|/7hAsAd:230,-230(230.000000)
144:Player,BR:0cc/cr19900f:4dJs,2s5h|/2c5s5c:-100,100(-100.000000)
145:BR,Player:0r200c/r371c/cc/cr709f:QhKh,8h8c|/5h5dQs/As/8d:-671,671(-671.000000)
146:Player,BR:0cr300c/cr1741f:9hAc,6d8h|/2d4d7s:-400,400(-400.000000)
147:BR,Player:0r130c/r1001f:3cJh,7d9c|/2c5hTs:230,-230(230.000000)
148:Player,BR:0cr300c/r520r1309f:QdKd,2d4h|/6s7sTd:-920,920(-920.000000)
149:BR,Player:0r130c/cc/cr299c/cc:9sKd,6hTc|/5h5cTd/3d/Kc:529,-529(529.000000)
150:Player,BR:0cr600c/cr3047f:QhAc,4d7h|/3c5h9h:-700,700(-700.000000)
151:BR,Player:0r130c/r1001f:9hAh,6hQs|/2c8dJd:230,-230(230.000000)
152:Player,BR:0cc/cr379f:6sTh,6hKd|/2d8hKh:-100,100(-100.000000)
153:BR,Player:0r200c/r1136f:AhAc,7hKd|/2hJcQs:300,-300(300.000000)
154:Player,BR:0cr300c/r520r2290c/cc/cc:4s7s,8sTs|/5s9sKd/7d/8h:-3210,3210(2039.718051)
155:BR,Player:0r130c/r2014c/cc/cr4633f:4s7s,3hJh|/2h6s9h/Kh/8c:-2244,2244(-2244.000000)
156:Player,BR:0cc/cr379f:7dQh,ThAh|/3d4dAc:-100,100(-100.000000)
157:BR,Player:0r130c/r1751f:9cJh,4sAs|/8d9sJc:230,-230(230.000000)
158:Player,BR:0cr200c/cr1306c/cc/r914f:8cAc,5h9c|/3cKsAd/Qc/Ts:1606,-1606(1606.000000)
159:BR,Player:0r130c/r2014c/cc/cc:QhKd,4s6s|/4h7sAs/3h/Kc:2244,-2244(212.598005)
160:Player,BR:0cc/cr876f:3hAs,3cKd|/3d6d9h:-100,100(-100.000000)
161:BR,Player:0r130c/r1001f:5d9h,6cAd|/TcQsQc:230,-230(230.000000)
162:Player,BR:0cc/cr3080f:3hQs,3sAh|/4s9hJs:-100,100(-100.000000)
163:BR,Player:0r130c/r19770f:JdJc,6h9c|/3dJhKh:230,-230(230.000000)
164:Player,BR:0cr200c/cr1306f:JdAs,5c6s|/2h4cQh:-300,300(-300.000000)
165:BR,Player:0r300c/r1741f:6h6d,4dQh|/5cJhQd:400,-400(400.000000)
166:Player,BR:0cr300c/cr1741f:4c6d,3c9s|/9hQdKh:-400,400(-400.000000)
167:BR,Player:0r130c/r1001c/cc/cc:3cKd,7sKs|/3d8sJs/2h/7h:-1231,1231(-363.207204)
168:Player,BR:0cc/cr216r374r374c/r1006f:8cKh,4s6s|/4c8s8d/2d:1064,-1064(1064.000000)
169:BR,Player:0cc/r379f:5c9h,2h3h|/6s7d9c:100,-100(100.000000)
170:Player,BR:0cr600c/cr1742f:5d7h,ThAc|/3s8sJs:-700,700(-700.000000)
171:BR,Player:0r130c/r327f:6c8d,4c7d|/2cKsAd:230,-230(230.000000)
172:Player,BR:0cr300c/cr1741f:7hTh,6h9c|/2c7cJs:-400,400(-400.000000)
173:BR,Player:0r130c/r871f:8s9c,3h5d|/8d8cKc:230,-230(230.000000)
174:Player,BR:0cr300c/cr1741f:8cKc,8s9d|/7s7dAs:-400,400(-400.000000)
175:BR,Player:0r130c/r163c/cc/cc:3h9s,7dAc|/2d7sTc/6h/8d:393,-393(393.000000)
176:Player,BR:0cc/cr435f:4dAs,4cTs|/6s6cQh:-100,100(-100.000000)
177:BR,Player:0r130c/r2014f:4cTd,8cJc|/2d5dKs:230,-230(230.000000)
178:Player,BR:0cc/cr435f:4cQh,KcAh|/2d6d9d:-100,100(-100.000000)
179:BR,Player:0r130c/r498f:8dTh,7hAd|/4h8h9d:230,-230(230.000000)
180:Player,BR:0cc/cr1761f:6dAc,9dJc|/8sQsKd:-100,100(-100.000000)
181:BR,Player:0r200c/r2627f:2h7c,9s9h|/4h5sKs:300,-300(300.000000)
182:Player,BR:0cr200c/cr2627f:9hKc,3hKs|/JsJdQs:-300,300(-300.000000)
183:BR,Player:0r130c/r573c/cc/cc:7cQh,QsKc|/3h4hKh/7h/7d:803,-803(803.000000)
184:Player,BR:0cr300c/cr3503f:JsAd,2h5s|/3h7hQd:-400,400(-400.000000)
185:BR,Player:0r200c/r1306f:7d9d,9cAs|/2c3h4c:300,-300(300.000000)
186:Player,BR:0cc/cr435f:3dTh,JcAh|/2s5d7c:-100,100(-100.000000)
187:BR,Player:0r130c/r3522c/cr5218c/cc:8c9s,5s5c|/2s2h9d/Ad/8h:8970,-8970(8970.000000)
188:Player,BR:0cr200c/cr2284c/cc/cc:2cTc,KdAc|/7dJcKc/3d/Qc:2584,-2584(-1137.096611)
189:BR,Player:0r130c/cc/cc/cr299f:6dKh,3h6h|/8dJhAs/5c/Td:-230,230(-230.000000)
190:Player,BR:0cr300c/cr3503f:7sAs,2d4d|/2c8s9h:-400,400(-400.000000)
191:BR,Player:0cc/r19900f:4s9s,JhJd|/QsKsAs:100,-100(100.000000)
192:Player,BR:0cr200c/cr1306f:3s4d,3cJd|/5s7s8h:-300,300(-300.000000)
193:BR,Player:0r130c/r1001f:KdAc,6s8c|/4h5h6c:230,-230(230.000000)
194:Player,BR:0cc/cr876f:8cJs,5c7d|/4c9cAs:-100,100(-100.000000)
195:BR,Player:0r130c/r285c/cr175c/cr1380f:JdKc,9cJh|/9hKsAh/5h/3h:-690,690(-690.000000)
196:Player,BR:0cr200c/r390r390r2094f:JcQc,2sTd|/5c9dQh:1080,-1080(1080.000000)
197:BR,Player:0r130c/r2014f:3c7s,5dTs|/2hTdKc:230,-230(230.000000)
198:Player,BR:0cr600c/cr1515f:2d4h,9hKc|/6c7sKs:-700,700(-700.000000)
199:BR,Player:0f:4c9c,2h9s|:50,-50(50.000000)
200:Player,BR:0cc/cr1761f:2d6d,2cQh|/4c7s9c:-100,100(-100.000000)
201:BR,Player:0r200c/r1306c/cc/cc:2c9d,3h5h|/3s7cAh/Qh/Qs:-1606,1606(-1606.000000)
202:Player,BR:0cc/cr124f:7sJd,3sQd|/2hQcKs:-100,100(-100.000000)
203:BR,Player:0r130c/r2014f:2cTd,JhQd|/5sJcAd:230,-230(230.000000)
204:Player,BR:0cr300c/cr1741f:7dJd,2h4s|/ThQcKh:-400,400(-400.000000)
205:BR,Player:0r200c/r212r523c/cc/cc:QdQc,5c7d|/5hJhAd/9h/7h:-1035,1035(-467.485521)
206:Player,BR:0cc/cr3080f:2c4h,5s8c|/2d5cKs:-100,100(-100.000000)
207:BR,Player:0r200c/r649c/cr401c/cr2700c:2s8h,7cAh|/4d5s8c/6d/Ts:-4050,4050(-721.109594)
208:Player,BR:0cc/cr379f:4dAs,4hQh|/2c8cQc:-100,100(-100.000000)
209:BR,Player:0r130c/r2014f:5h8h,5sAc|/6dQhKs:230,-230(230.000000)
210:Player,BR:0cr600c/cr996c/cc/r824f:QsKd,4sKh|/6cTsQd/9d/7d:1696,-1696(1696.000000)
211:BR,Player:0r200c/r1306f:6s6d,9dQc|/JhKhAh:300,-300(300.000000)
212:Player,BR:0cc/cr435f:3sAh,8dKc|/4h9hJd:-100,100(-100.000000)
213:BR,Player:0r130c/r3522f:7d9d,3cTc|/7c9sJs:230,-230(230.000000)
214:Player,BR:0cc/cr379f:2dQh,JdJc|/2s7s9s:-100,100(-100.000000)
215:BR,Player:0r130c/cc/cc/cr460f:4cJh,QdKc|/9cKhAs/Th/4h:-230,230(-230.000000)
216:Player,BR:0cc/cr435f:5sTc,6h7c|/8sKhAs:-100,100(-100.000000)
217:BR,Player:0f:8dTh,3h7s|:50,-50(50.000000)
218:Player,BR:0cc/cr876f:2sKh,5h7c|/3sKsAs:-100,100(-100.000000)
219:BR,Player:0r130c/r285c/cc/cc:3c8d,4d5s|/4s8c9h/6c/6s:515,-515(425.980645)
220:Player,BR:0cc/cr3080f:4sTc,6s8c|/2sJhKc:-100,100(-100.000000)
221:BR,Player:0r130c/r2014f:6dQs,7cJh|/4s8dKs:230,-230(230.000000)
222:Player,BR:0cc/cr761c/r189c/cc:8s9h,2sAc|/2c3c8c/As/Jc:-1050,1050(-1050.000000)
223:BR,Player:0r130c/r1001f:4c9h,4dTd|/5c7dQs:230,-230(230.000000)
224:Player,BR:0cc/cr1761f:2sJc,4cKd|/4s6cTs:-100,100(-100.000000)
225:BR,Player:0r200c/r747f:6dKd,2dTd|/7dJhJc:300,-300(300.000000)
226:Player,BR:0cr600c/r4200f:3h7h,2d2c|/4s6cJc:700,-700(700.000000)
227:BR,Player:0r130c/r1001c/cc/cc:2c7c,6dKd|/5h5dTd/Ac/5s:-1231,1231(-1231.000000)
228:Player,BR:0cc/cr3080c/cc/cc:3cQc,JdAc|/2c9cQd/Kc/6h:3180,-3180(3180.000000)
229:BR,Player:0r130c/r1001r5209f:TsAh,7cJd|/5c7hJc:-1231,1231(-1231.000000)
230:Player,BR:0cc/cr19900f:2s7d,ThQh|/2h4h7h:-100,100(-100.000000)
231:BR,Player:0cc/r124c/cc/cr236c:7sKd,3dKh|/8hKsAs/2s/9h:0,-0(-28.066485)
232:Player,BR:0cr600c/cr3047f:3dAd,8s9s|/5c7c9d:-700,700(-700.000000)
233:BR,Player:0cc/r876f:7hQh,4dKh|/4h9sJc:100,-100(100.000000)
234:Player,BR:0cr300c/cr3503f:TdQh,4cQc|/4s7sAh:-400,400(-400.000000)
235:BR,Player:0cc/r435f:4d8s,4h8d|/3cJcQh:100,-100(100.000000)
236:Player,BR:0cc/cr876f:3hQc,ThJs|/4s9hKs:-100,100(-100.000000)
237:BR,Player:0r200c/r1306f:5dTd,3c9c|/3h8hAh:300,-300(300.000000)
238:Player,BR:0cc/cr3080f:4cAh,3d7d|/2c5sJd:-100,100(-100.000000)
239:BR,Player:0r130c/r327c/cr478c/cc:4dKh,KsKd|/2h3c4c/Ad/2c:-1035,1035(-308.194214)
240:Player,BR:0cr300c/cr3503f:7cTs,QdAd|/4d6h9s:-400,400(-400.000000)
241:BR,Player:0r130c/r2014c/cc/cc:5cKd,JhJc|/3d9hTs/9c/3s:-2244,2244(-2223.897318)
242:Player,BR:0cc/cr435c/r305f:5cQh,7dQc|/3d5hJh/6d:535,-535(535.000000)
243:BR,Player:0r130c/r1001f:7sQs,5sAh|/4h6dTc:230,-230(230.000000)
244:Player,BR:0cr600c/cr3047f:3s4s,3d4c|/4h5cQs:-700,700(-700.000000)
245:BR,Player:0r130c/r2014f:6d9c,5s5h|/4c8cAd:230,-230(230.000000)
246:Player,BR:0cr130c/r299r4632f:6cQc,2s2h|/4c7sAd:-529,529(-529.000000)
247:BR,Player:0r130c/r498c/cr859c/cc:6dAh,5h7c|/5c6cJd/Ks/Qc:1587,-1587(583.162995)
248:Player,BR:0cc/cr876f:4hQd,2s7d|/8d9hJd:-100,100(-100.000000)
249:BR,Player:0cc/r100c/cc/cr100f:8hQc,7hAd|/2hJhJd/9s/7s:-200,200(-200.000000)
250:Player,BR:0cr200c/r390r982c/cc/r812c:3sAs,2h4h|/2s5hQd/Qh/Jc:-2484,2484(956.181767)
251:BR,Player:0r130c/r871c/cr279c/cr1794c:7cAc,3dAh|/QsKdAs/3c/2d:-3174,3174(1329.369033)
252:Player,BR:0cr300c/r520r520f:6hAh,JsQd|/3c8cKh:-920,920(-920.000000)
253:BR,Player:0f:5cAh,3d7c|:50,-50(50.000000)
254:Player,BR:0cc/cr435f:4c5s,7sJh|/6hThKh:-100,100(-100.000000)
255:BR,Player:0r200c/r1306f:5cAh,2d6d|/3h7c8s:300,-300(300.000000)
256:Player,BR:0cc/cr876f:7c8h,3s4c|/6s9sAs:-100,100(-100.000000)
257:BR,Player:0r200c/r1306c/cr1544c/cc:5cKh,4sKc|/4c5sTs/9h/8s:3150,-3150(109.462941)
258:Player,BR:0cc/cr3080c/r2970f:7dKh,3d4d|/7s9hKc/5s:3180,-3180(3180.000000)
259:BR,Player:0f:3c7h,2h9s|:50,-50(50.000000)
260:Player,BR:0cr600c/r1400c/cc/r1050f:ThTd,2sAs|/TsQdAc/7d/Kh:2100,-2100(2100.000000)
261:BR,Player:0r130c/r19770f:4h4c,3h5d|/4d8hAh:230,-230(230.000000)
262:Player,BR:0cr300c/r520r4005f:8s8d,ThAc|/5h7dJs:-920,920(-920.000000)
263:BR,Player:0r130c/r2014c/cr4633f:7dAh,4cKd|/4h6hKc/8s:-2244,2244(-2244.000000)
264:Player,BR:0cr300c/cr3503f:6s7s,9cAh|/2c5hJh:-400,400(-400.000000)
265:BR,Player:0r200c/r2627f:QsKd,7d9h|/3h6d7c:300,-300(300.000000)
266:Player,BR:0cr300c/cr1514f:7c8c,6cAs|/5sTsAd:-400,400(-400.000000)
267:BR,Player:0f:2s6d,2h5s|:50,-50(50.000000)
268:Player,BR:0cc/cr876f:7s9h,8hJd|/7hTcQc:-100,100(-100.000000)
269:BR,Player:0cc/r124c/cr376c/cr780c:3c4h,9sQd|/2h3d8d/7c/6s:1380,-1380(1328.414010)
270:Player,BR:0cc/cr761c/cc/r189c:2c5c,3cKc|/2s6sKh/3s/4d:1050,-1050(-331.631221)
271:BR,Player:0r130c/r285r865r3435f:2h9h,4h5s|/5c9dKh:1380,-1380(1380.000000)
272:Player,BR:0cr130c/cr3522f:7dKd,8dJh|/4h6d8h:-230,230(-230.000000)
273:BR,Player:0r130c/r1751f:QsKd,4c6d|/5s8cKh:230,-230(230.000000)
274:Player,BR:0cc/cr435c/r305f:2d3s,6s8s|/4dJhAh/3d:535,-535(535.000000)
275:BR,Player:0f:2h7s,2d6h|:50,-50(50.000000)
276:Player,BR:0cc/cr124c/cc/cc:4hKc,3sJc|/2cJsAc/Tc/9s:-224,224(-148.194530)
277:BR,Player:0r130c/r498r1342r5153f:5cTh,4dKh|/5dAsAh:2070,-2070(2070.000000)
278:Player,BR:0cc/cr876f:5hJh,2c8s|/2s5sQd:-100,100(-100.000000)
279:BR,Player:0r130c/r1001f:3sQs,TcQh|/5h7c9d:230,-230(230.000000)
280:Player,BR:0cc/cr876f:6dAc,7cKh|/2hJsQh:-100,100(-100.000000)
281:BR,Player:0r200c/r2627c/cr1753f:2h4h,JhJc|/9sThTd/5c:-2927,2927(-2927.000000)
282:Player,BR:0cr600c/cr3047f:8h8d,2dAd|/ThJcKs:-700,700(-700.000000)
283:BR,Player:0r130c/r1001f:3d5s,7c8d|/KhKdAh:230,-230(230.000000)
284:Player,BR:0cr300c/cr246c/cc/cc:JhQc,QsKh|/3sAsAh/7h/5c:-646,646(-377.416111)
285:BR,Player:0r200c/r427c/cc/cr1973f:3dQc,4sQs|/3s5s5h/5c/3c:-727,727(-727.000000)
286:Player,BR:0cc/cr435f:4h8h,3dQh|/7s7d9c:-100,100(-100.000000)
287:BR,Player:0cc/r435r1565f:QhKd,4h8s|/5h7d8d:-535,535(-535.000000)
288:Player,BR:0cr200c/r390r3004r7415f:JcKc,3c5d|/5h9cJd:3694,-3694(3694.000000)
289:BR,Player:0f:6cAc,2d4h|:50,-50(50.000000)
290:Player,BR:0cc/cr3080f:8d9h,5hKd|/5d9cTh:-100,100(-100.000000)
291:BR,Player:0cc/r1761f:3sAc,3hAd|/2d5sTs:100,-100(100.000000)
292:Player,BR:0cr130c/r299r4632f:6s6d,2sJd|/9sKdAc:-529,529(-529.000000)
293:BR,Player:0r130c/r1001f:7dJh,3h6h|/2s9hKc:230,-230(230.000000)
294:Player,BR:0cc/cr761f:4sTc,3s7d|/3h7cJh:-100,100(-100.000000)
295:BR,Player:0r130c/r871f:JcQs,9dTh|/4s6cQd:230,-230(230.000000)
296:Player,BR:0cr300c/cr1741f:7cTh,6sAd|/2hTdQh:-400,400(-400.000000)
297:BR,Player:0r130c/r2014f:7c9h,5dKs|/2s3hJs:230,-230(230.000000)
298:Player,BR:0cr300c/cr3046f:2h2d,JdQc|/6d8hQs:-400,400(-400.000000)
299:BR,Player:0r130c/r2014f:4d6d,4hQc|/6sThKh:230,-230(230.000000)
300:Player,BR:0cr200c/cr1306f:JsAd,4s9d|/4c6c8c:-300,300(-300.000000)
301:BR,Player:0r130c/r327r1513f:7sAd,6dQh|/4d6s6h:-557,557(-557.000000)
302:Player,BR:0cc/cr435f:4hTs,2c4s|/8d9dJd:-100,100(-100.000000)
303:BR,Player:0r130c/r2014f:6hAs,9dQd|/2cThKd:230,-230(230.000000)
304:Player,BR:0cr600c/cr996c/cc/r1454c:2c3h,5hAd|/4cTcJc/As/Qd:-3150,3150(1542.764909)
305:BR,Player:0r130c/r2014f:5cTc,JsQs|/3c6s7d:230,-230(230.000000)
306:Player,BR:0cc/cr876f:8d9s,4d9h|/3c5dTd:-100,100(-100.000000)
307:BR,Player:0r130c/r1001f:4s9c,4h5d|/7s9sAs:230,-230(230.000000)
308:Player,BR:0cr200c/cr1306f:TcQc,6s8d|/4d6d7h:-300,300(-300.000000)
309:BR,Player:0r200c/r2627f:8cTh,JhKc|/4s6s7d:300,-300(300.000000)
310:Player,BR:0cc/cr216c/cc/r584f:3dTs,6hJd|/3h6dKd/2s/Tc:316,-316(316.000000)
311:BR,Player:0cc/r142f:3s5d,7d8h|/2hJcQs:100,-100(100.000000)
312:Player,BR:0cc/cr761f:4h8c,5hKc|/2c5c9c:-100,100(-100.000000)
313:BR,Player:0r130c/r1001c/cr1184c/cc:JdAd,7c9s|/5s6c7s/Ah/4d:2415,-2415(-1216.976127)
314:Player,BR:0cc/cr876f:2dQh,7hAc|/6cJsKh:-100,100(-100.000000)
315:BR,Player:0r200c/r19700f:7dKd,2h7h|/3d5d9d:300,-300(300.000000)
316:Player,BR:0cc/cr3080f:3s8d,7s9h|/5d8cAs:-100,100(-100.000000)
317:BR,Player:0r130c/r2014f:2sTs,7hQc|/3h4s9h:230,-230(230.000000)
318:Player,BR:0cc/cr876f:2cAs,5cKh|/3d7d9c:-100,100(-100.000000)
319:BR,Player:0r200c/r427f:2h4d,6cTd|/4s7sKs:300,-300(300.000000)
320:Player,BR:0cr300c/cr569f:8sKs,2sQd|/2c6dTh:-400,400(-400.000000)
321:BR,Player:0r130c/r1001f:9dJd,3h4h|/4sKsAs:230,-230(230.000000)
322:Player,BR:0cc/cr876f:8sJh,4sAd|/5c8cQd:-100,100(-100.000000)
323:BR,Player:0r130c/r2014f:4hTd,9hQc|/2c8sAc:230,-230(230.000000)
324:Player,BR:0cr600c/r910r7009r11381f:5h5d,ThTd|/5c8dAd:8619,-8619(8619.000000)
325:BR,Player:0cc/r3080f:3d9c,8sAh|/3s8hKd:100,-100(100.000000)
326:Player,BR:0cc/cr379f:3hJd,JhAd|/3sQhAh:-100,100(-100.000000)
327:BR,Player:0f:4h5d,2c4s|:50,-50(50.000000)
328:Player,BR:0cc/cr379c/r121c/cc:2dJc,8c9h|/2c7c8s/9d/9s:-600,600(-590.405845)
329:BR,Player:0r130c/r1001f:4cKc,6s9h|/5s5cQc:230,-230(230.000000)
330:Player,BR:0cc/cr876f:4cKh,TcKc|/8d9dAh:-100,100(-100.000000)
331:BR,Player:0r130c/r285c/cc/cr543f:8h9c,4h5s|/4s9sJd/2h/4d:-515,515(-515.000000)
332:Player,BR:0cc/cr876f:5c6s,9hAd|/4s5sTh:-100,100(-100.000000)
333:BR,Player:0r200c/r2627f:TdKc,4hKh|/4c9dQd:300,-300(300.000000)
334:Player,BR:0cc/cr1761f:6d8s,4hKs|/5d7sAh:-100,100(-100.000000)
335:BR,Player:0r130c/r1001f:8c9h,5c7c|/4d9dAd:230,-230(230.000000)
336:Player,BR:0cc/cr1761f:2dAs,6d9c|/4h5hJc:-100,100(-100.000000)
337:BR,Player:0r130c/r142c/cc/cc:4d9h,ThKs|/9sJcAd/2d/6s:372,-372(301.558991)
338:Player,BR:0cr300c/cr1741f:7hAd,8hTh|/6hJhJc:-400,400(-400.000000)
339:BR,Player:0r130c/r1001c/cr701f:5dJh,8dTh|/7s9hKd/6s:-1231,1231(-1231.000000)
340:Player,BR:0cr300c/cr996f:7cQc,5s9s|/6dKsAc:-400,400(-400.000000)
341:BR,Player:0r130c/r1001f:TcAh,4dKc|/7cQsKh:230,-230(230.000000)
342:Player,BR:0cc/cr876f:8dJs,3sTh|/4s9cKh:-100,100(-100.000000)
343:BR,Player:0r130c/r1001f:3s3c,TcKd|/2s4c6c:230,-230(230.000000)
344:Player,BR:0cr200c/r390r390r3060f:3s3d,2s5c|/3cTcKh:1080,-1080(1080.000000)
345:BR,Player:0r200c/r212c/cr523c/cr2070f:6hJc,2s9s|/7sJdAh/8h/Ts:-1035,1035(-1035.000000)
346:Player,BR:0cc/cr1761f:2s7h,2d4d|/4s5dJs:-100,100(-100.000000)
347:BR,Player:0r130c/r4051f:4c7s,5hAs|/2s6hJs:230,-230(230.000000)
348:Player,BR:0cr200c/r390r1718c/r904f:9h9c,6dKs|/6s9s9d/5h:2408,-2408(2408.000000)
349:BR,Player:0r130c/r285c/cr543c/cr1375f:7dTd,QsKh|/2h7cKs/Js/4s:-1058,1058(-1058.000000)
350:Player,BR:0cc/cr876f:3s9h,9sAd|/2c5dKh:-100,100(-100.000000)
351:BR,Player:0r130c/r327f:4hTs,3h4s|/2d9dJs:230,-230(230.000000)
352:Player,BR:0cr300c/cr3046f:9cQd,QcAc|/4s4dAs:-400,400(-400.000000)
353:BR,Player:0r130c/r871f:KcAd,TdQd|/4s6cAc:230,-230(230.000000)
354:Player,BR:0cc/cr142f:4c5d,3d8h|/9d9cKh:-100,100(-100.000000)
355:BR,Player:0r130c/r285c/cc/cc:5h6h,9h9c|/4s6sTd/3d/Qc:-515,515(334.980883)
356:Player,BR:0cc/cr142c/cc/cc:3cAh,4c5c|/QdKsKh/Tc/8d:242,-242(242.000000)
357:BR,Player:0r200c/r371r1729r17600c/cc/cc:3s8d,4h5h|/2d8cAh/Qd/8h:20000,-20000(15399.377629)
358:Player,BR:0cc/cr379f:2hAd,KdKc|/8d9sJc:-100,100(-100.000000)
359:BR,Player:0cc/r876f:5cJs,2hKd|/QhKcAs:100,-100(100.000000)
360:Player,BR:0cr300c/r520r19080f:6h9h,TcKd|/2cTdKc:-920,920(-920.000000)
361:BR,Player:0cc/r1761f:2d4s,3sJh|/7h8dAc:100,-100(100.000000)
362:Player,BR:0cr300c/r520r1309f:9dAh,3d8h|/4d5c8d:-920,920(-920.000000)
363:BR,Player:0r130c/r285r543r4606f:9cKc,5sAd|/3s9dTs:1058,-1058(1058.000000)
364:Player,BR:0cr200c/r600r7881f:6s6d,ThKh|/5d7h7c:-900,900(-900.000000)
365:BR,Player:0r130c/r871c/cr279c/cc:QhQd,3c6c|/6dTsTc/8h/Ad:1380,-1380(1259.733553)
366:Player,BR:0cc/cr142f:3c8s,4hKd|/7d7cJh:-100,100(-100.000000)
367:BR,Player:0r130c/r1751f:JcAc,5c6s|/8sQhAs:230,-230(230.000000)
368:Player,BR:0cc/cr876f:2h8d,4sJd|/4d6hKs:-100,100(-100.000000)
369:BR,Player:0r130c/r2014f:8cAd,9dKs|/5sJsKd:230,-230(230.000000)
370:Player,BR:0cc/cr876c/r584f:9cAh,2h2c|/4s9hKs/7d:976,-976(976.000000)
371:BR,Player:0r600c/r186c/cc/cc:TcJs,4c6c|/7dJhAd/Td/5c:886,-886(886.000000)
372:Player,BR:0cc/cr876f:2c8d,4dKh|/3c8h9c:-100,100(-100.000000)
373:BR,Player:0r130c/r4051f:4cJd,8h9s|/9hTcKc:230,-230(230.000000)
374:Player,BR:0cr600c/cr866c/cc/r534c:JhJc,QsQc|/5cTcKh/7c/6s:-2100,2100(-1228.336228)
375:BR,Player:0cc/r100c/cc/cc:KdAd,6s7d|/4d7s9c/Tc/2c:-200,200(-119.997352)
376:Player,BR:0cr300c/cr1741c/r1219f:JdQh,6sJh|/TsKsKh/2s:2141,-2141(2141.000000)
377:BR,Player:0r130c/r2014f:2cJh,QsKs|/7d9cAc:230,-230(230.000000)
378:Player,BR:0cc/cr876f:2sQc,4d8c|/6dJcQh:-100,100(-100.000000)
379:BR,Player:0r130c/r2014c/cc/cc:5s7d,8d9d|/2h3s9s/Qh/2c:-2244,2244(-2244.000000)
380:Player,BR:0cc/cr1761f:5h6c,8cQh|/4dJsJh:-100,100(-100.000000)
381:BR,Player:0r130c/r2014f:6sQd,3c5c|/4s7h8s:230,-230(230.000000)
382:Player,BR:0cr300c/cr1741f:4dAd,4s9s|/3sQhKh:-400,400(-400.000000)
383:BR,Player:0r130c/r2014f:2s3d,7d9d|/8sJsJh:230,-230(230.000000)
384:Player,BR:0cr300c/cr3503f:4h4d,3sTs|/6h7c9s:-400,400(-400.000000)
385:BR,Player:0r130c/r285f:2sQh,6s8d|/5cQsAd:230,-230(230.000000)
386:Player,BR:0cc/cr435f:JsKh,JdQc|/5s5d9d:-100,100(-100.000000)
387:BR,Player:0r130c/r1001f:5dKh,8hAc|/7cTcQs:230,-230(230.000000)
388:Player,BR:0cc/cr1761f:7sJd,5c8s|/2s2c4d:-100,100(-100.000000)
389:BR,Player:0f:6s7c,2h5c|:50,-50(50.000000)
390:Player,BR:0cc/cr379f:5sKh,TsTd|/4s8sAc:-100,100(-100.000000)
391:BR,Player:0r130c/cr299r1317c/cr693c/cc:8hKh,9dKd|/3dTcQd/Ks/6s:-2539,2539(1831.506930)
392:Player,BR:0cc/cr379c/cc/cc:7cQh,7sQd|/5d7dJd/Ac/2d:-479,479(-348.690363)
393:BR,Player:0r130c/r163f:3sQc,7sKd|/3c8dJs:230,-230(230.000000)
394:Player,BR:0cc/cr876f:4cJd,5h8h|/2h9dKd:-100,100(-100.000000)
395:BR,Player:0r130c/r1001f:9cAh,QsQc|/4s6sAs:230,-230(230.000000)
396:Player,BR:0cc/cr124c/cc/cc:7hQd,3sAs|/9dKsKc/5h/5s:-224,224(-82.345260)
397:BR,Player:0r130c/r1751f:3d6d,7sJc|/4h5dQd:230,-230(230.000000)
398:Player,BR:0cc/cr876f:7dTc,5s8c|/3cQdKc:-100,100(-100.000000)
399:BR,Player:0r200c/r2627f:KsAh,3s9s|/4sTdQc:300,-300(300.000000)
400:Player,BR:0cc/cr876f:2cAh,5s9d|/3dJhAd:-100,100(-100.000000)
401:BR,Player:0r200c/cc/cc/cc:6sAh,TdQc|/2s4h9d/2h/2c:300,-300(300.000000)
402:Player,BR:0cr300c/r800r10508f:9hJh,4c5s|/2s3cTh:-1200,1200(-1200.000000)
403:BR,Player:0r130c/r1001f:4h7s,TsKd|/5h8hAh:230,-230(230.000000)
404:Player,BR:0cc/cr435c/r305c/r168f:2hKc,8c9d|/3c5cKh/3d/Qs:840,-840(840.000000)
405:BR,Player:0r200c/r427f:7hAc,7dKd|/9h9dJh:300,-300(300.000000)
406:Player,BR:0cc/cr124c/cc/cc:9sJd,7s7h|/5dQcAh/3s/Kd:-224,224(-74.589563)
407:BR,Player:0r200c/r747f:6hQd,7sKs|/4d8d8c:300,-300(300.000000)
408:Player,BR:0cc/cr19900f:6sTc,6c7c|/3d4d5h:-100,100(-100.000000)
409:BR,Player:0f:7h9s,3cTd|:50,-50(50.000000)
410:Player,BR:0cr300c/cr569f:JhAd,8dTd|/4c7cQc:-400,400(-400.000000)
411:BR,Player:0r130c/r1001f:5c7s,3sJd|/5hKhAs:230,-230(230.000000)
412:Player,BR:0cc/cr876f:3dQh,6hAc|/2dJsKs:-100,100(-100.000000)
413:BR,Player:0r200c/r1306f:4sJd,9cQc|/2s6d6c:300,-300(300.000000)
414:Player,BR:0cc/cr19900f:6s9h,3cTh|/3s3h3d:-100,100(-100.000000)
415:BR,Player:0r130c/r285c/cc/cc:3sAh,6cTs|/6hKsAs/3h/2c:515,-515(515.000000)
416:Player,BR:0cc/cr876f:6d7s,8cJd|/2hTsQh:-100,100(-100.000000)
417:BR,Player:0r130c/r1001f:4sKc,2d2c|/6cJcAh:230,-230(230.000000)
418:Player,BR:0cc/cr3080f:3dJc,5s5h|/8hJsJh:-100,100(-100.000000)
419:BR,Player:0cc/r876f:9hKd,TcKs|/8dTdJh:100,-100(100.000000)
420:Player,BR:0cc/cr1761f:3c6h,2c9d|/5hJsJd:-100,100(-100.000000)
421:BR,Player:0r130c/r285c/cc/cr543f:4cQc,3hAd|/9cQdAh/2d/2c:-515,515(-515.000000)
422:Player,BR:0cc/cr1761f:2hQc,2s3s|/2cKdAh:-100,100(-100.000000)
423:BR,Player:0r130c/r1001f:2s4c,9cKc|/7s7hAs:230,-230(230.000000)
424:Player,BR:0cc/cr876f:6c7h,2c8h|/7cJcQh:-100,100(-100.000000)
425:BR,Player:0r130c/r871f:9sAs,7cAc|/2d3s9d:230,-230(230.000000)
426:Player,BR:0cr200c/cr2627c/r1753c/r2340c:AsAd,4cTh|/2h5cKd/Td/Jd:7020,-7020(3589.285253)
427:BR,Player:0r200c/r1306f:7s9s,5h8h|/3sQhKc:300,-300(300.000000)
428:Player,BR:0cr130c/cr1001f:8cTh,5hAs|/4cTdQd:-230,230(-230.000000)
429:BR,Player:0cc/r124r376r5254f:5hTs,3s6s|/4s5dQc:600,-600(600.000000)
430:Player,BR:0cr300c/cr1741f:4d4c,3s6s|/7hJcAc:-400,400(-400.000000)
431:BR,Player:0cc/r876f:ThQd,5d9s|/9hJhAc:100,-100(100.000000)
432:Player,BR:0cc/cr876f:6dJc,8cJs|/3dQhAd:-100,100(-100.000000)
433:BR,Player:0r200c/r1306f:8cTd,4h6d|/6sTsJs:300,-300(300.000000)
434:Player,BR:0cr600c/r910r910c/cc/r4886c:KhAh,6d9s|/3d9hAs/Qc/6s:-7406,7406(-1488.647042)
435:BR,Player:0r130c/r4051f:4c7h,6c9h|/2c5s6h:230,-230(230.000000)
436:Player,BR:0cc/cr124f:8cTd,2sQd|/2h6cKd:-100,100(-100.000000)
437:BR,Player:0cc/r876c/cr974f:TcJh,3cQs|/2d5hQh/3d:-976,976(-976.000000)
438:Player,BR:0cc/cr876f:4d5s,2dJs|/5d5cTh:-100,100(-100.000000)
439:BR,Player:0cc/r435f:TcAs,3dJc|/3h9hKh:100,-100(100.000000)
440:Player,BR:0cr300c/cr1741f:6sKs,4cKd|/TdQsQc:-400,400(-400.000000)
441:BR,Player:0r300c/r3503f:6c7c,KhKd|/6sJdQs:400,-400(400.000000)
442:Player,BR:0cr600c/cr19300f:3s5s,TsJd|/QdKcAc:-700,700(-700.000000)
443:BR,Player:0r200c/r2627f:5h9s,4cQc|/6dTsAs:300,-300(300.000000)
444:Player,BR:0cr200c/r600r1281c/cc/r1059f:8sTs,ThQs|/2c7s8c/Js/5s:2181,-2181(2181.000000)
445:BR,Player:0r200c/r1306c/cc/cr3224f:4d8h,TcQc|/7cAdAc/Qh/Ts:-1606,1606(-1606.000000)
446:Player,BR:0cc/cr1761f:2h7s,3hKc|/4h5sQs:-100,100(-100.000000)
447:BR,Player:0r130c/r327f:6hTs,9cQh|/JdAsAh:230,-230(230.000000)
448:Player,BR:0cr600c/cr2650c/r100c/r582c:5c8s,9dKh|/3c5d9h/3d/Ad:-4032,4032(431.658446)
449:BR,Player:0r130c/r871c/cc/cr1015c:9d9c,2sTs|/3s4s7c/Ac/4d:2116,-2116(-699.901480)
450:Player,BR:0cc/cr876f:9dKc,JhAc|/5h8dTd:-100,100(-100.000000)
451:BR,Player:0r130c/r285c/cc/cc:QsQd,7hAs|/3d7cKd/Tc/3c:515,-515(479.935288)
452:Player,BR:0cr300c/cr3503f:JsJd,2s9c|/2h6sKc:-400,400(-400.000000)
453:BR,Player:0r200c/r1306r3224r3224r11946f:4cAc,6cTd|/3d7dTh:-8054,8054(-8054.000000)
454:Player,BR:0cr600c/cr3047f:4d4c,3hJh|/2cJcKh:-700,700(-700.000000)
455:BR,Player:0r300c/r569c/cc/cc:7h9h,9cJc|/JsAhAd/Ts/Qd:-969,969(-969.000000)
456:Player,BR:0cc/cr124f:6hJc,6c9c|/8d9sKd:-100,100(-100.000000)
457:BR,Player:0r130c/r1001r3599r6874r8296f:4dQc,AsAd|/2s7h8s:-11704,11704(-11704.000000)
458:Player,BR:0cc/cr876f:8sQc,4hTc|/2c6hAh:-100,100(-100.000000)
459:BR,Player:0r200c/r427f:4hJd,8cAd|/2sQsKh:300,-300(300.000000)
460:Player,BR:0cr300c/cr3503f:4d6h,2h4s|/5dJcKh:-400,400(-400.000000)
461:BR,Player:0cc/r8194f:4h9h,4d7d|/2d9sTc:100,-100(100.000000)
462:Player,BR:0cr600c/cr3047f:8sQd,7sJd|/5h6hAc:-700,700(-700.000000)
463:BR,Player:0r200c/r1306c/cc/cr4694f:5h8c,QhAh|/ThKcAc/2h/Js:-1606,1606(-1606.000000)
464:Player,BR:0cr300c/cr1741f:8h9d,4c5s|/2c7sQd:-400,400(-400.000000)
465:BR,Player:0r130c/r1001f:7hQs,5h8c|/2d4sTs:230,-230(230.000000)
466:Player,BR:0cc/cr876f:TdJh,8sQc|/3c4d9s:-100,100(-100.000000)
467:BR,Player:0cc/r435f:2c6c,8sAh|/8dThTd:100,-100(100.000000)
468:Player,BR:0cr300c/cr1741c/cc/cc:QhQd,8dJc|/3d9h9c/2s/Ad:2141,-2141(2141.000000)
469:BR,Player:0f:3sAd,2hJc|:50,-50(50.000000)
470:Player,BR:0cc/cr100f:4dTh,6hAh|/7d8d8c:-100,100(-100.000000)
471:BR,Player:0r130c/r2014r6726f:4c6c,5cQd|/5s7sQh:-2244,2244(-2244.000000)
472:Player,BR:0cr600c/cr1515c/r305c/cc:5cKc,QhAd|/3d5dAc/7h/Ah:-2520,2520(-2323.104795)
473:BR,Player:0r130c/r871c/cr279c/cr2760f:9hJd,8dQs|/3dTcJs/Td/7s:-1380,1380(-1380.000000)
474:Player,BR:0cr300c/cr3503f:4d6s,5cAs|/4c9dQh:-400,400(-400.000000)
475:BR,Player:0cc/r379c/cr121c/cc:2hJs,2sJh|/JdJcKh/Qh/Td:0,-0(292.210022)
476:Player,BR:0cc/cr876f:2h4c,3c7d|/5s5dJd:-100,100(-100.000000)
477:BR,Player:0r130c/r1001f:9dKd,8dKh|/6h9hQh:230,-230(230.000000)
478:Player,BR:0cr600c/cr3047f:TsJd,2d7h|/4d6cQc:-700,700(-700.000000)
479:BR,Player:0cc/r435f:8sTh,4c8h|/5c9sKs:100,-100(100.000000)
480:Player,BR:0cc/cr876f:JsQd,5d8c|/9s9hQh:-100,100(-100.000000)
481:BR,Player:0r130c/r2014f:7d7c,4dTh|/2c9dKc:230,-230(230.000000)
482:Player,BR:0cr300c/cr569f:3c5h,6s6h|/2h2cJs:-400,400(-400.000000)
483:BR,Player:0cc/r435f:4dTh,7cAd|/8d9cQc:100,-100(100.000000)
484:Player,BR:0cc/cr876f:3h4c,2dJd|/4h8sTc:-100,100(-100.000000)
485:BR,Player:0r130c/r871f:5hTh,6hTc|/5s5d7c:230,-230(230.000000)
486:Player,BR:0cc/cr435f:2dKs,TcJs|/2s6c8h:-100,100(-100.000000)
487:BR,Player:0r130c/r285c/cr175c/cc:8d9d,6sJc|/3s8sTd/8h/6d:690,-690(690.000000)
488:Player,BR:0cr300c/cr1741f:4c8c,3sJd|/6d7d8s:-400,400(-400.000000)
489:BR,Player:0r200c/r1306f:3cKs,2d2c|/4h7hAh:300,-300(300.000000)
490:Player,BR:0cr300c/cr7045f:7hTs,5s9d|/6cThAs:-400,400(-400.000000)
491:BR,Player:0r130c/r1001f:3c5c,3h4d|/8d9cTs:230,-230(230.000000)
492:Player,BR:0cr300c/r520r1309f:JdAc,9cQh|/9sKsAd:-920,920(-920.000000)
493:BR,Player:0r200c/r2284f:2d8d,2h7h|/8s8cJd:300,-300(300.000000)
494:Player,BR:0cr300c/cr283c/cc/r1157c:ThKd,2c3c|/2s4dKh/Qh/Qd:1840,-1840(485.620302)
495:BR,Player:0r130c/r285c/cr543c/cc:9s9d,4h7h|/2s3sAd/Kh/4s:1058,-1058(-256.319286)
496:Player,BR:0cc/cr435f:4hKd,2dQs|/4s6h7h:-100,100(-100.000000)
497:BR,Player:0r300c/r1741c/cr4299f:8dJd,6c8c|/4dTsTc/2d:-2141,2141(-2141.000000)
498:Player,BR:0cr300c/r520r4005r15075f:KsKd,3s3c|/2c7sJs:4925,-4925(4925.000000)
499:BR,Player:0r130c/r2014f:8dJc,7cTd|/3sJsKh:230,-230(230.000000)
500:Player,BR:0cc/cr124c/cc/cc:7d9c,3sTc|/3d9hAh/9d/Ts:224,-224(-65.135632)
501:BR,Player:0cc/r876c/cr974f:4dJc,4hJh|/8h9cTs/As:-976,976(-976.000000)
502:Player,BR:0cc/cr19900f:3s9c,8dKh|/5d8s8c:-100,100(-100.000000)
503:BR,Player:0r130c/r1001f:7hAs,5h9d|/3cThQh:230,-230(230.000000)
504:Player,BR:0cc/cr216r584r13784f:3h7s,7c9h|/3d7h8h:-900,900(-900.000000)
505:BR,Player:0r130c/r1001f:5cQc,2sKs|/2c5dAd:230,-230(230.000000)
506:Player,BR:0cr200c/r600c/r2700f:AhAd,3c9h|/3d7dAs/8s:900,-900(900.000000)
507:BR,Player:0r130c/r327f:7sJs,5d7c|/3h8s8c:230,-230(230.000000)
508:Player,BR:0cc/cr435f:4d9h,4h5d|/2s2d7h:-100,100(-100.000000)
509:BR,Player:0f:3dQc,2dTh|:50,-50(50.000000)
510:Player,BR:0cc/cr876f:3d6h,2h8c|/4h6sKd:-100,100(-100.000000)
511:BR,Player:0f:TdAc,2h4d|:50,-50(50.000000)
512:Player,BR:0cc/cr876c/cc/r974f:3cKc,5s6d|/7d9cAc/Kd/5d:976,-976(976.000000)
513:BR,Player:0f:AdAc,2d4s|:50,-50(50.000000)
514:Player,BR:0cr300c/r520r520f:4h7h,2h8s|/6d6cQs:-920,920(-920.000000)
515:BR,Player:0r130c/r871f:9hKh,4hJc|/3d5hKs:230,-230(230.000000)
516:Player,BR:0cr200c/cr19700f:7s7c,2hQc|/2cJcQd:-300,300(-300.000000)
517:BR,Player:0r130c/r100c/cr429c/cc:3s8c,TdTc|/8hQdAd/6d/Kc:-759,759(-230.281992)
518:Player,BR:0cc/cr249f:6hTc,7sJd|/4s4h4d:-100,100(-100.000000)
519:BR,Player:0r130c/r2014f:5dAc,6h9h|/5c8d9s:230,-230(230.000000)
520:Player,BR:0cr300c/cr1741c/r1219f:QsKd,3h8s|/6s9sKs/5c:2141,-2141(2141.000000)
521:BR,Player:0cc/r876f:8hQh,3cJh|/5dJdKh:100,-100(100.000000)
522:Player,BR:0cc/cr876f:2d9c,7h8c|/3h6cAh:-100,100(-100.000000)
523:BR,Player:0r130c/r1001c/cr1184f:8sQd,KsKc|/7d7cTd/7h:-1231,1231(-1231.000000)
524:Player,BR:0cc/cr876f:4s9d,JdQc|/2c8hKd:-100,100(-100.000000)
525:BR,Player:0r200c/r649c/cc/cr1751f:3hKc,7hAh|/3c4h4d/Jh/2h:-949,949(-949.000000)
526:Player,BR:0cr300c/cr19600f:4cKc,7s7h|/2c7cAs:-400,400(-400.000000)
527:BR,Player:0r130c/r2014f:2s8h,9sAs|/3h4cJc:230,-230(230.000000)
528:Player,BR:0cc/cr3080f:5sTd,6cKd|/4d9hJh:-100,100(-100.000000)
529:BR,Player:0r200c/r140c/cr910c/cc:2cAs,2dAc|/9cJhJc/Ah/7s:0,-0(631.134498)
530:Player,BR:0cr300c/r520r8056f:4c6h,4s4d|/7hTsKh:-920,920(-920.000000)
531:BR,Player:0r130c/r327c/cc/cr1513f:2dKd,8h9c|/5s6h6d/5d/Ac:-557,557(-557.000000)
532:Player,BR:0cc/r600r600f:2s6c,3h4d|/3c5s7d:-700,700(-700.000000)
533:BR,Player:0r130c/r1001f:3h6c,6hKs|/6s8hTd:230,-230(230.000000)
534:Player,BR:0cr600c/cr214c/cc/cc:JhQd,5h6h|/9dAhAc/Kc/Js:914,-914(914.000000)
535:BR,Player:0f:4h9h,2d6c|:50,-50(50.000000)
536:Player,BR:0cr200c/cr2627f:9dJh,7sTc|/2s6c8d:-300,300(-300.000000)
537:BR,Player:0r200c/r2627c/cc/cr2923f:7sAh,JsKh|/2cJcKs/Td/4d:-2927,2927(-2927.000000)
538:Player,BR:0cc/cr876f:5dQs,2h7s|/4s5c9c:-100,100(-100.000000)
539:BR,Player:0r130c/r2014f:4h5s,5cJh|/6s8cKh:230,-230(230.000000)
540:Player,BR:0cc/cr1761r18139f:4cTd,9cKc|/4s5dTc:1861,-1861(1861.000000)
541:BR,Player:0r130c/r871f:TdKh,4h7d|/2h9dTh:230,-230(230.000000)
542:Player,BR:0cr300c/cr1741f:2hTh,JsAd|/8hTdKd:-400,400(-400.000000)
543:BR,Player:0r130c/r2014f:5dJd,6s9s|/5c9dTs:230,-230(230.000000)
544:Player,BR:0cc/cr142f:5cKh,5dKc|/7s7c8s:-100,100(-100.000000)
545:BR,Player:0r130c/r19770f:5hQh,6sJs|/5c9hQd:230,-230(230.000000)
546:Player,BR:0cc/cr876f:4cJh,9sAh|/4hTdQc:-100,100(-100.000000)
547:BR,Player:0r300c/r1741f:JdKc,8cJs|/3s5sTh:400,-400(400.000000)
548:Player,BR:0cr200c/cr1306f:4c6c,4dJs|/3d8cQs:-300,300(-300.000000)
549:BR,Player:0r300c/r1741f:JdQh,3s5d|/7c8hAh:400,-400(400.000000)
550:Player,BR:0cr300c/cr3503c/cc/r16097f:9hQd,8hJh|/4h6cQs/Qc/8s:3903,-3903(3903.000000)
551:BR,Player:0r130c/r2014f:2d7c,5h5d|/4hTdKd:230,-230(230.000000)
552:Player,BR:0cc/cr124f:5dTc,5cJd|/2dJsQd:-100,100(-100.000000)
553:BR,Player:0r130c/r1001f:5sTs,7hQd|/3c8h9c:230,-230(230.000000)
554:Player,BR:0cc/cr3080f:4hKs,2dAd|/7hTsQh:-100,100(-100.000000)
555:BR,Player:0r130c/r1001f:2c5d,7dJd|/3s9hKc:230,-230(230.000000)
556:Player,BR:0cr200c/cr1306f:5hJd,2hTs|/2c5c8c:-300,300(-300.000000)
557:BR,Player:0cc/r142c/cr208c/cr1350c:4s8d,5dTh|/4d5s5h/9s/Qc:-1800,1800(-136.451841)
558:Player,BR:0cc/cr435f:3cKs,5dTs|/6s9dJc:-100,100(-100.000000)
559:BR,Player:0r200c/r2627f:4s5c,7dJd|/ThTdJh:300,-300(300.000000)
560:Player,BR:0cc/cr8194f:4d6s,KhAs|/3sQdKc:-100,100(-100.000000)
561:BR,Player:0r130c/r1001f:3cTh,5dQs|/4d5c7c:230,-230(230.000000)
562:Player,BR:0cc/cr124c/cc/cc:5hTh,3hAc|/4s4h5c/9c/9d:224,-224(-47.921076)
563:BR,Player:0r200c/r371c/cr709c/cc:5hAc,ThQd|/2d5d8h/Qs/Kd:-1380,1380(-726.348311)
564:Player,BR:0cc/cr435f:2cQh,5cJs|/3c8dQd:-100,100(-100.000000)
565:BR,Player:0r130c/r4051f:2h5s,9dTh|/3s4dQh:230,-230(230.000000)
566:Player,BR:0cc/cr435f:2d8s,9sKh|/6hTsQd:-100,100(-100.000000)
567:BR,Player:0r130c/r2014f:3s7c,4cTs|/4s9s9c:230,-230(230.000000)
568:Player,BR:0cr600c/cr3047f:7sAh,6cTs|/2hKhKd:-700,700(-700.000000)
569:BR,Player:0r130c/r1001f:8sQd,4sJd|/4c6h9h:230,-230(230.000000)
570:Player,BR:0cc/cr1761f:6s7d,3c6h|/4h7hAc:-100,100(-100.000000)
571:BR,Player:0r130c/r1751f:TsQs,JcQd|/2h7cTd:230,-230(230.000000)
572:Player,BR:0cc/cr124c/cc/cc:JhKd,ThKh|/6cTdQs/3h/Qc:-224,224(-186.693256)
573:BR,Player:0r130c/r2014f:2sJh,6cJc|/5s9dQh:230,-230(230.000000)
574:Player,BR:0cc/cr876c/r974f:7cQh,7s7h|/9dJcKh/Qc:976,-976(976.000000)
575:BR,Player:0r130c/r285f:4dTs,7sJd|/4s5d5c:230,-230(230.000000)
576:Player,BR:0cc/cr100c/cc/cc:3d6s,3s6h|/3c7dQd/8s/2h:0,-0(-33.069264)
577:BR,Player:0r130c/r2014c/cr4633f:7sJd,JhQs|/9sThQc/5d:-2244,2244(-2244.000000)
578:Player,BR:0cc/cr19900f:8hAs,TdKs|/JhKdKc:-100,100(-100.000000)
579:BR,Player:0r300c/r1741f:2s2h,4s4c|/3d8sJh:400,-400(400.000000)
580:Player,BR:0cc/cr435f:6hTc,2s7h|/4s5hKd:-100,100(-100.000000)
581:BR,Player:0r130c/r1001c/cr1184f:2s2c,JhJd|/7h8dTc/5s:-1231,1231(-1231.000000)
582:Player,BR:0cr300c/r800r10508r8292f:6d6c,5h5c|/6hTcKs:11708,-11708(11708.000000)
583:BR,Player:0cc/r216c/cr584c/cc:3sAh,3hQh|/TsThAs/7s/Jd:900,-900(848.111432)
584:Player,BR:0cc/cr876f:3sKc,TdQs|/5c6s8d:-100,100(-100.000000)
585:BR,Player:0f:3cTd,2h6c|:50,-50(50.000000)
586:Player,BR:0cc/cr1532f:9dTc,7hJd|/5dJsJh:-100,100(-100.000000)
587:BR,Player:0cc/r19900f:6d6c,7cTs|/4c6sKc:100,-100(100.000000)
588:Player,BR:0cr200c/cr2627f:6cAh,3s7s|/4d5dJd:-300,300(-300.000000)
589:BR,Player:0r130c/r2014c/cc/cc:6s9c,7cKh|/8dQhKs/Qd/5h:-2244,2244(-2244.000000)
590:Player,BR:0cc/cr435c/cc/cc:5sKh,4h9h|/5h5c6c/Tc/4c:535,-535(535.000000)
591:BR,Player:0r130c/r2014c/cc/cr4633f:6hTh,QhKs|/2s4sKh/2h/Qs:-2244,2244(-2244.000000)
592:Player,BR:0cr200c/r600r7881f:9cAd,5sKs|/3cJsAh:-900,900(-900.000000)
593:BR,Player:0r200c/r1306f:TdKh,8dTh|/2d2c3s:300,-300(300.000000)
594:Player,BR:0cc/cr8194f:6sJs,QsAd|/8d9cAh:-100,100(-100.000000)
595:BR,Player:0r130c/r1001f:8dJh,KdAs|/2s4c5d:230,-230(230.000000)
596:Player,BR:0cr300c/cr1741f:9s9d,5cJh|/2c6cTs:-400,400(-400.000000)
597:BR,Player:0r130c/r1001f:4hKs,TdAc|/3d8s9d:230,-230(230.000000)
598:Player,BR:0cr300c/cr1514f:JcQh,7hAh|/6h8hAd:-400,400(-400.000000)
599:BR,Player:0r130c/r1001r3599r3599f:2cQc,8cKc|/5d8dAh:4830,-4830(4830.000000)
600:Player,BR:0cc/cr124c/cc/cc:3sAh,9sKc|/2s9hTd/Th/Ad:224,-224(-44.586089)
601:BR,Player:0cc/r876f:9cKs,8dAc|/2h8sTs:100,-100(100.000000)
602:Player,BR:0cr300c/cr1741f:9dTs,7sTd|/5c8dAh:-400,400(-400.000000)
603:BR,Player:0r200c/r1306f:2cKc,5d6s|/7h8dJc:300,-300(300.000000)
604:Player,BR:0cc/cr379f:2s5s,6s9c|/8c9hAd:-100,100(-100.000000)
605:BR,Player:0r130c/r498c/cr307c/cr2070f:9s9c,6hKs|/4s6s6c/Ad/Qd:-1035,1035(-1035.000000)
606:Player,BR:0cc/cr876f:8c9s,ThKc|/3s8sQs:-100,100(-100.000000)
607:BR,Player:0cc/r100c/cc/cc:TcQd,2cKc|/9cAdAc/4h/8h:-200,200(-46.557593)
608:Player,BR:0cr200c/r600r7881f:5hKh,3s7d|/2c3h9h:-900,900(-900.000000)
609:BR,Player:0f:4s5h,2c3s|:50,-50(50.000000)
610:Player,BR:0cr300c/r520r1309f:JsKc,2h9c|/4c6c9d:-920,920(-920.000000)
611:BR,Player:0r130c/r1001r2472f:5c9d,KdAd|/TsJcQs:-1231,1231(-1231.000000)
612:Player,BR:0cr600c/cr3047f:2c3d,5hJd|/4s9hQd:-700,700(-700.000000)
613:BR,Player:0r130c/r2014f:2h6c,5h9d|/3cTcKh:230,-230(230.000000)
614:Player,BR:0cr300c/r520r520c/cc/cc:JsAh,8cTd|/2h2dTh/Ks/3h:-1440,1440(-680.091649)
615:BR,Player:0r130c/r498c/cr859c/cr2063c:4hJs,AsAd|/2h3cJc/Qh/Kc:-3650,3650(-1213.344184)
616:Player,BR:0cr600c/cr19300f:5h7s,8hJd|/9hTcQd:-700,700(-700.000000)
617:BR,Player:0cc/r435f:7d8d,3cQs|/4s9hTh:100,-100(100.000000)
618:Player,BR:0cc/cr876f:3sTc,2d9c|/6s8hAs:-100,100(-100.000000)
619:BR,Player:0f:9hKc,3d7c|:50,-50(50.000000)
620:Player,BR:0cc/cr19900c/cc/cc:7hAs,AdAc|/7cKdAh/Qc/Kc:-20000,20000(-20000.000000)
621:BR,Player:0f:9dJc,2h9c|:50,-50(50.000000)
622:Player,BR:0cc/cr876f:4d9h,8hKh|/9dQcAh:-100,100(-100.000000)
623:BR,Player:0r130c/r573c/cc/cr1313f:6hQd,6c8c|/4c6s7d/3d/5c:-803,803(-803.000000)
624:Player,BR:0cr300c/cr495r19105f:ThAh,3sKc|/4h9hKh:895,-895(895.000000)
625:BR,Player:0r130c/r871c/cc/cr1659c:QhKs,TsJd|/JsKdAh/7d/Jh:-2760,2760(1862.846321)
626:Player,BR:0cc/cr124c/cc/cc:3h8h,8d9h|/4c8sQh/6d/5d:-224,224(-139.666677)
627:BR,Player:0r130c/r2014f:3s4s,6dKd|/2h7cKs:230,-230(230.000000)
628:Player,BR:0cc/cr379f:5cTc,4s8d|/4hAsAh:-100,100(-100.000000)
629:BR,Player:0r130c/r2014f:5d8s,2cJh|/3s6c7h:230,-230(230.000000)
630:Player,BR:0cr300c/cr1514f:TdKh,8dAs|/2sKsAc:-400,400(-400.000000)
631:BR,Player:0r130c/r2014f:2s9s,4h5d|/2d5h7c:230,-230(230.000000)
632:Player,BR:0cc/cr876f:6sAh,9hKc|/2dJsAd:-100,100(-100.000000)
633:BR,Player:0r130c/r1751f:5h6d,6s8s|/5s6hQh:230,-230(230.000000)
634:Player,BR:0cr300c/r520r3483f:TdJd,4hQc|/3sQsQh:-920,920(-920.000000)
635:BR,Player:0r130c/r327r1030r6909f:8s9d,5hKc|/2h7d7c:1587,-1587(1587.000000)
636:Player,BR:0cr200c/cr1306c/cc/r3224f:7hAs,3hQd|/3d6dAh/8h/9c:1606,-1606(1606.000000)
637:BR,Player:0r130c/r2014f:3d4s,TcKs|/TdQhAs:230,-230(230.000000)
638:Player,BR:0cc/cr876f:2c6s,5cJd|/4h8c9c:-100,100(-100.000000)
639:BR,Player:0r130c/r1001f:7d9c,5cQd|/3cQcAd:230,-230(230.000000)
640:Player,BR:0cc/cr876f:4s8c,4cJs|/4h5c9s:-100,100(-100.000000)
641:BR,Player:0r130c/r1001r2472r2472f:2c7h,9h9d|/ThJhQh:3703,-3703(3703.000000)
642:Player,BR:0cr300c/cr1741f:KcAh,5s8h|/5d6dQd:-400,400(-400.000000)
643:BR,Player:0r130c/r19770f:3dAd,4cQd|/2s4h5d:230,-230(230.000000)
644:Player,BR:0cc/cr876f:3s7d,2h8h|/6sThKc:-100,100(-100.000000)
645:BR,Player:0cc/r379c/cc/cr721f:6d8d,3dQc|/6sQsQd/Ac/8s:-479,479(-479.000000)
646:Player,BR:0cc/cr435f:6d9h,5h7c|/2s3h5d:-100,100(-100.000000)
647:BR,Player:0r200c/r747c/cr393f:9sJd,4sAc|/TcJsKc/Qd:-1047,1047(-1047.000000)
648:Player,BR:0cr200c/cr1306c/cc/r914c:7dKd,8dTd|/2d6cQd/Ts/7c:-2520,2520(-1611.788021)
649:BR,Player:0r130c/r1001f:3dJd,3hAc|/8c9sAh:230,-230(230.000000)
650:Player,BR:0cr300c/cr1741f:4h4d,3h5h|/6s7h8h:-400,400(-400.000000)
651:BR,Player:0r130c/r2014f:8hTh,9hJc|/4c8sJh:230,-230(230.000000)
652:Player,BR:0cc/cr761f:5c6s,9hTh|/8s9cJc:-100,100(-100.000000)
653:BR,Player:0cc/r435f:8cTc,4h7d|/2cJcAs:100,-100(100.000000)
654:Player,BR:0cr600c/r910r2291f:7sTs,ThAd|/2h3h5s:-1610,1610(-1610.000000)
655:BR,Player:0r130c/r1001f:4h5h,8hJs|/2s6s7c:230,-230(230.000000)
656:Player,BR:0cr200c/r390r390r2094f:JdJc,4c9h|/2c3c8c:1080,-1080(1080.000000)
657:BR,Player:0r300c/r495r2305r2305f:4sAh,6hQh|/2dKhAd:3200,-3200(3200.000000)
658:Player,BR:0cc/cr435f:6dJs,9dTc|/5c8cKh:-100,100(-100.000000)
659:BR,Player:0r130c/r2014f:5d7c,8h8c|/7hTsKh:230,-230(230.000000)
660:Player,BR:0cc/cr761c/cc/cc:4cQh,AsAh|/2c4d7c/6d/3h:-861,861(-457.165140)
661:BR,Player:0r130c/r2014f:3sTs,2sJs|/6c7cKh:230,-230(230.000000)
662:Player,BR:0cc/cr216f:4h5d,3cJd|/7d9hJh:-100,100(-100.000000)
663:BR,Player:0r130c/r2014f:2sJs,5d6h|/7hTsQs:230,-230(230.000000)
664:Player,BR:0cr600c/cr3047f:8s9s,6dKh|/2d3h7c:-700,700(-700.000000)
665:BR,Player:0r130c/r871f:8sKc,5s8h|/3s9sKs:230,-230(230.000000)
666:Player,BR:0cc/cr3080f:9hQc,7sJd|/TcKdAc:-100,100(-100.000000)
667:BR,Player:0r200c/r371f:QhAh,2dJd|/3c5h5c:300,-300(300.000000)
668:Player,BR:0cc/cr379f:2dQc,5sAs|/3cKsAh:-100,100(-100.000000)
669:BR,Player:0r130c/r1001c/cc/cc:2c3h,7cTh|/7d9sTd/Kh/6s:-1231,1231(-1231.000000)
670:Player,BR:0cr300c/cr3503c/cc/r3897f:KhAh,7d8h|/2h4dTs/Kc/Ad:3903,-3903(3903.000000)
671:BR,Player:0r200c/r2627f:3s7d,5sQc|/TdJhQd:300,-300(300.000000)
672:Player,BR:0cc/cr876f:3hQh,KhAc|/2s3sJh:-100,100(-100.000000)
673:BR,Player:0r130c/r1001c/cc/cr3599c:4c6h,8hQh|/2c3d8d/8c/6s:-4830,4830(-1125.008287)
674:Player,BR:0cc/cr142c/cc/cc:5hKh,8cTh|/9hKcAc/4s/9d:242,-242(242.000000)
675:BR,Player:0r130c/r285f:8dAs,7sTd|/5h8cQc:230,-230(230.000000)
676:Player,BR:0cc/r200c/r600c/r450f:6s9d,4hAc|/8s8dAd/5d/4d:900,-900(900.000000)
677:BR,Player:0f:2h7d,3c8s|:50,-50(50.000000)
678:Player,BR:0cc/cr379f:9dQh,2hTd|/3s4sTc:-100,100(-100.000000)
679:BR,Player:0r130c/r871c/cr279c/cc:8hQc,2s3s|/3d7cQs/Qh/Qd:1380,-1380(1380.000000)
680:Player,BR:0cc/cr3080f:3sJs,8sKc|/4s9dJd:-100,100(-100.000000)
681:BR,Player:0r200c/r1306f:JdKs,3hQs|/5d6h7c:300,-300(300.000000)
682:Player,BR:0cc/cr876f:4dTc,3c8s|/6s6hJs:-100,100(-100.000000)
683:BR,Player:0r130c/r2014f:2c8s,ThTc|/4d7dAc:230,-230(230.000000)
684:Player,BR:0cr200c/r390r390f:7dAs,2cJd|/3c4sQs:-690,690(-690.000000)
685:BR,Player:0r130c/r2014f:4s6h,6c7c|/5sTsJh:230,-230(230.000000)
686:Player,BR:0cc/cr435f:3cAd,3dQs|/4c9cTc:-100,100(-100.000000)
687:BR,Player:0cc/r435f:5c9s,2hAd|/3c4cTc:100,-100(100.000000)
688:Player,BR:0cr300c/cr3503c/cc/r3897c:5h7s,3sKs|/7h7dJh/9d/Kd:7800,-7800(1609.510546)
689:BR,Player:0cc/r876f:2sTs,4s7h|/7cJsKc:100,-100(100.000000)
690:Player,BR:0cc/cr435f:4d7s,5h9c|/7hTsQd:-100,100(-100.000000)
691:BR,Player:0f:4c5h,3d8h|:50,-50(50.000000)
692:Player,BR:0cr200c/cr1136f:JdQd,KsAh|/3h3cAc:-300,300(-300.000000)
693:BR,Player:0cc/cc/cr130c/cc:5cKc,7h8s|/4hTsTh/7d/4c:-230,230(-86.851373)
694:Player,BR:0cr300c/cr1741f:ThTc,5h9d|/4h5dKs:-400,400(-400.000000)
695:BR,Player:0r130c/r871f:9sTc,TsJh|/5c6c9h:230,-230(230.000000)
696:Player,BR:0cr300c/cr162r818r818c/r1114f:9dTd,6cKs|/6s7dTh/8s:2198,-2198(2198.000000)
697:BR,Player:0r300c/r1741r4299f:4d9h,2cAc|/3s5c7d:-2141,2141(-2141.000000)
698:Player,BR:0cr200c/cr2627f:7cAc,6s7h|/3h5cKs:-300,300(-300.000000)
699:BR,Player:0r130c/r4051f:4h8h,7hKc|/2s2cKh:230,-230(230.000000)
700:Player,BR:0cr130c/r299r2303f:JhKs,6s8c|/3c6hTc:-529,529(-529.000000)
701:BR,Player:0r130c/r2014f:JhAs,TsJd|/2d9hTh:230,-230(230.000000)
702:Player,BR:0cc/cr435f:7cQh,2hAc|/5d6s8s:-100,100(-100.000000)
703:BR,Player:0cc/r435f:4c9s,3hKh|/7cTcJh:100,-100(100.000000)
704:Player,BR:0cc/cr124c/cc/cc:4sKh,JcKs|/9sJsAh/9c/2s:-224,224(-39.496885)
705:BR,Player:0f:7cQd,2dTh|:50,-50(50.000000)
706:Player,BR:0cc/cr876f:2s6c,3c4d|/4cTdQc:-100,100(-100.000000)
707:BR,Player:0r130c/r2014c/cr1344f:4c5d,6cQc|/6sQsKd/9h:-2244,2244(-2244.000000)
708:Player,BR:0cc/cr435f:4dQh,6cQs|/2dAsAh:-100,100(-100.000000)
709:BR,Player:0r130c/r163f:3dQh,6hJd|/3c8dKs:230,-230(230.000000)
710:Player,BR:0cr200c/cr1306f:KcAh,TcQh|/2d4s6d:-300,300(-300.000000)
711:BR,Player:0f:QdAc,3d9c|:50,-50(50.000000)
712:Player,BR:0cr130c/r299c/cc/r1058f:JsKd,4s4d|/7hTcKc/7s/2h:529,-529(529.000000)
713:BR,Player:0r130c/r2014f:6d7c,8hQd|/5s9sQs:230,-230(230.000000)
714:Player,BR:0cr300c/cr3503f:JcKs,3cTd|/2c5s6h:-400,400(-400.000000)
715:BR,Player:0r130c/r871f:8cQc,3d5h|/3c4h8s:230,-230(230.000000)
716:Player,BR:0cc/cr435f:5sKc,3c8h|/6dTsJs:-100,100(-100.000000)
717:BR,Player:0r130c/r1001f:6hAh,7cQh|/3h8cTd:230,-230(230.000000)
718:Player,BR:0cc/cr876f:4h9s,5dJh|/3s7cAc:-100,100(-100.000000)
719:BR,Player:0r200c/r1306f:3cTs,JsQh|/3d4c8c:300,-300(300.000000)
720:Player,BR:0cc/cr876f:7cQd,3cKh|/4dJcAh:-100,100(-100.000000)
721:BR,Player:0cc/r124f:2cAs,4d9c|/6hQdQc:100,-100(100.000000)
722:Player,BR:0cr200c/cr1306f:9h9d,2c6h|/4s8sTh:-300,300(-300.000000)
723:BR,Player:0r130c/r1001f:KhAh,3dTd|/6h9dJs:230,-230(230.000000)
724:Player,BR:0cc/cr379f:4hKd,JcAc|/5d7sAd:-100,100(-100.000000)
725:BR,Player:0r130c/r2014f:7h9s,9d9c|/3sKhKc:230,-230(230.000000)
726:Player,BR:0cr300c/r1200r1200f:TdQs,4dAh|/5h8cJc:-1600,1600(-1600.000000)
727:BR,Player:0r130c/r2014f:6h7s,3c4s|/5d8hTd:230,-230(230.000000)
728:Player,BR:0cr300c/cr1741f:8s9s,4s6h|/3h8dAh:-400,400(-400.000000)
729:BR,Player:0r130c/r1001f:4c8c,4h4d|/5s5cJc:230,-230(230.000000)
730:Player,BR:0cc/cr1761f:7sKc,8dJd|/2hThKs:-100,100(-100.000000)
731:BR,Player:0r200c/r1306f:4hKd,5sJc|/TcJdAh:300,-300(300.000000)
732:Player,BR:0cr600c/r1400r2989f:2cTc,5d6c|/3s5c9d:-2100,2100(-2100.000000)
733:BR,Player:0r200c/r747f:7hQc,JsAc|/5d8s8d:300,-300(300.000000)
734:Player,BR:0cc/cr216f:6c9s,5dTd|/3h5cJs:-100,100(-100.000000)
735:BR,Player:0r200c/r371f:8dTc,4dAd|/5s8sQh:300,-300(300.000000)
736:Player,BR:0cr600c/cr2650c/cc/r850c:KdAc,6dKs|/4d5cKh/9s/4c:4200,-4200(930.063065)
737:BR,Player:0r130c/r1001f:4cKh,2d2c|/5c7c8s:230,-230(230.000000)
738:Player,BR:0cc/cr379f:3hKd,9cQh|/2s4dQc:-100,100(-100.000000)
739:BR,Player:0r130c/r2014f:2sQh,5dAh|/4hTsAs:230,-230(230.000000)
740:Player,BR:0cc/cr379c/cc/r121c:7sKc,4cAd|/5s7hAs/Qs/Qc:-600,600(-482.157841)
741:BR,Player:0cc/r19900f:AsAh,8dQd|/JhQcAd:100,-100(100.000000)
742:Player,BR:0cc/cr3080f:7dQh,3sTh|/2c9dKh:-100,100(-100.000000)
743:BR,Player:0f:2sJd,4c9d|:50,-50(50.000000)
744:Player,BR:0cr600c/r910f:AhAd,7cQc|/6d9dTd:700,-700(700.000000)
745:BR,Player:0r130c/r1001f:4c8c,JdKc|/3s3h3d:230,-230(230.000000)
746:Player,BR:0cc/cr3080f:2hAc,2c8d|/ThQcAd:-100,100(-100.000000)
747:BR,Player:0cc/r761r761r761f:6sAs,6d8d|/7c8cAh:1622,-1622(1622.000000)
748:Player,BR:0cc/cr124f:5dKc,JcAh|/4s4cTs:-100,100(-100.000000)
749:BR,Player:0r200c/r2284c/cr566c/cr4095c:6sAh,5sAs|/5c9dAd/Tc/3d:-7245,7245(-1027.190260)
750:Player,BR:0cc/cr435f:4cJc,5dTh|/4d5c7s:-100,100(-100.000000)
751:BR,Player:0f:AhAd,2d8s|:50,-50(50.000000)
752:Player,BR:0cc/cr876f:3h8h,2c3s|/2d6dAd:-100,100(-100.000000)
753:BR,Player:0r130c/r2014f:7dAd,6hQh|/3s9dQd:230,-230(230.000000)
754:Player,BR:0cr600c/cr866c/cc/cc:QsAh,4d6c|/2d6s7s/Jh/9d:-1566,1566(-1066.240756)
755:BR,Player:0r130c/r327c/cc/cr1030f:2h8d,8hAc|/4c9h9d/8c/Ks:-557,557(-557.000000)
756:Player,BR:0cr600c/cr3047f:5h7c,5sJh|/2h7sTh:-700,700(-700.000000)
757:BR,Player:0r130c/r871f:QcKh,8sJs|/6c7sKd:230,-230(230.000000)
758:Player,BR:0cc/cr876f:5hJs,6d8s|/3h4h8h:-100,100(-100.000000)
759:BR,Player:0cc/r3080f:3sAh,2hQd|/5h5cQs:100,-100(100.000000)
760:Player,BR:0cc/cr876f:5sTs,2s3h|/2c4h9h:-100,100(-100.000000)
761:BR,Player:0r130c/r1001f:9cJd,5s6h|/TcKcAs:230,-230(230.000000)
762:Player,BR:0cc/cr435f:7dQc,2dTs|/4c8sAd:-100,100(-100.000000)
763:BR,Player:0r130c/r1001f:4d8d,4hKs|/3d6d9c:230,-230(230.000000)
764:Player,BR:0cc/cr3080f:4c9h,6cKs|/3d9dQs:-100,100(-100.000000)
765:BR,Player:0r200c/r2627f:2hKh,9hJs|/2c6d8s:300,-300(300.000000)
766:Player,BR:0cc/cr435f:3d5h,5c8c|/9dTdJh:-100,100(-100.000000)
767:BR,Player:0r130c/r871r1659r1659c/cc/cc:9sJd,9hAs|/4s7s9c/8d/Qc:-4419,4419(-218.019893)
768:Player,BR:0cr300c/cr3503c/cc/r8057f:5d8h,2s9c|/5s5h8d/Kh/Ac:3903,-3903(3903.000000)
769:BR,Player:0r130c/r1751f:KhAd,5sAc|/4s5dKc:230,-230(230.000000)
770:Player,BR:0cr300c/cr1741c/cc/r1219f:ThQh,7sKc|/9cJcAd/Ks/3c:2141,-2141(2141.000000)
771:BR,Player:0r200c/r14055f:2s4d,TsAc|/4s4c6c:300,-300(300.000000)
772:Player,BR:0cr200c/cr2627f:ThAc,3s5s|/2d4sQd:-300,300(-300.000000)
773:BR,Player:0r130c/r2014f:6d9c,4cTs|/2d7sAd:230,-230(230.000000)
774:Player,BR:0cr300c/cr3503f:9dJs,4d5c|/3d7hQc:-400,400(-400.000000)
775:BR,Player:0r130c/r327f:6dKd,JhQh|/8h8cAs:230,-230(230.000000)
776:Player,BR:0cr600c/cr19300f:JdAd,3dQc|/2c3s3h:-700,700(-700.000000)
777:BR,Player:0r130c/r1001f:6s8c,QdAc|/2d4sKh:230,-230(230.000000)
778:Player,BR:0cr300c/r520r4005f:9cTc,5hKh|/4d7h9s:-920,920(-920.000000)
779:BR,Player:0cc/r435f:2sQs,8hTs|/3c7dJc:100,-100(100.000000)
780:Player,BR:0cc/cr876f:2sQd,2cTc|/6hThJc:-100,100(-100.000000)
781:BR,Player:0r130c/r2014f:2s4h,7c8d|/3d4dAh:230,-230(230.000000)
782:Player,BR:0cr300c/r520r2290f:5dJc,9sQh|/2c5hKc:-920,920(-920.000000)
783:BR,Player:0r130c/r573c/cr301c/cc:ThAs,3d6d|/3c9cTc/9d/4d:1104,-1104(1104.000000)
784:Player,BR:0cr300c/cr1741c/cc/r6259f:5c7d,8sJc|/5s5hAc/Kh/Qd:2141,-2141(2141.000000)
785:BR,Player:0r130c/r1001c/cc/cr3599c:4h7c,KdAs|/3cQcAd/7s/4d:4830,-4830(3478.093526)
786:Player,BR:0cr300c/r800r5224f:3s4d,3hKc|/2h6cQc:-1200,1200(-1200.000000)
787:BR,Player:0r130c/r2014f:4d9h,7hJh|/6hQdKs:230,-230(230.000000)
788:Player,BR:0cc/cr876f:5dTh,6cQc|/4c9dKs:-100,100(-100.000000)
789:BR,Player:0r130c/r1001f:6hQd,8hTc|/5c8cKd:230,-230(230.000000)
790:Player,BR:0cr200c/cr2627f:2s2d,7cAh|/3s5dTc:-300,300(-300.000000)
791:BR,Player:0r130c/r871f:3cKd,6d9s|/2d3dJd:230,-230(230.000000)
792:Player,BR:0cc/cr435f:3c9d,4dTd|/3s4s5h:-100,100(-100.000000)
793:BR,Player:0f:6c7h,3h9c|:50,-50(50.000000)
794:Player,BR:0cc/cr379c/cc/cc:2h4c,3s4h|/2c3dAd/Qc/6s:-479,479(80.356863)
795:BR,Player:0r130c/r871f:AhAd,7d8s|/3s9h9c:230,-230(230.000000)
796:Player,BR:0cr300c/cr1741c/r6259f:5c7h,2s4d|/5s5dKh/3d:2141,-2141(2141.000000)
797:BR,Player:0r130c/r2014c/cr2241f:7hQc,8sAs|/2s9hKs/7s:-2244,2244(-2244.000000)
798:Player,BR:0cc/cr435c/cc/r515f:3dQh,2d5c|/3s3h7d/6c/Js:535,-535(535.000000)
799:BR,Player:0cc/r435c/cr1075f:4c7s,2sKd|/2cQsKc/6d:-535,535(-535.000000)
800:Player,BR:0cc/cr142f:3h9s,4dTh|/JsJdKd:-100,100(-100.000000)
801:BR,Player:0r200c/r244c/cc/cr836c:6s7d,2sAd|/9cJdAs/6c/5c:-1380,1380(-283.725178)
802:Player,BR:0cr200c/cr1306f:7sKs,3h4c|/4h5h6c:-300,300(-300.000000)
803:BR,Player:0r130c/r2014f:5h9h,4sKs|/5dQsAh:230,-230(230.000000)
804:Player,BR:0cr200c/r390r390c/cc/r3060c:4d6d,5c6h|/4h4c9h/7c/8h:-4140,4140(-1207.937552)
805:BR,Player:0r130c/r1001f:3cQh,9cKh|/TcKsAd:230,-230(230.000000)
806:Player,BR:0cr300c/cr3503f:2cJc,8dKs|/6h7dAs:-400,400(-400.000000)
807:BR,Player:0r130c/r573f:4d9d,4hJc|/9cTcJd:230,-230(230.000000)
808:Player,BR:0cr300c/r1200r2277f:5c8d,4s6s|/9sTcAh:-1600,1600(-1600.000000)
809:BR,Player:0r130c/r1001f:5d8s,3hJh|/4h7dJc:230,-230(230.000000)
810:Player,BR:0cr600c/cr3047c/r3603c/cc:8d9d,7hAd|/5s5d6d/Kh/9s:7350,-7350(6720.589726)
811:BR,Player:0cc/r761f:2s9s,4dTc|/9d9cKd:100,-100(100.000000)
812:Player,BR:0cc/cr876c/r974c/r3900f:5d8d,3c7h|/3h4d9d/Kc/9s:1950,-1950(1950.000000)
813:BR,Player:0r200c/r1306r3224f:TcJh,3s5d|/2c6s6h:-1606,1606(-1606.000000)
814:Player,BR:0cc/cr435f:5hTd,2d3c|/8sKhAs:-100,100(-100.000000)
815:BR,Player:0f:7hAh,2s4c|:50,-50(50.000000)
816:Player,BR:0cc/cr1761c/cc/r1589f:8sAh,7hKc|/JcQhAd/Qd/8c:1861,-1861(1861.000000)
817:BR,Player:0cc/r142r448r448f:3d4c,4s7h|/7c8sAs:690,-690(690.000000)
818:Player,BR:0cc/cr876f:6h8s,2cAh|/7c9hJd:-100,100(-100.000000)
819:BR,Player:0r130c/r2014c/cc/cr6726c:7c8d,9s9d|/6dQhAd/Ts/Jh:-8970,8970(-1672.193128)
820:Player,BR:0cc/cr379c/cc/r121c:8d9c,7hKd|/4d6d7d/4c/6s:-600,600(-67.575503)
821:BR,Player:0r130c/r163f:2sTh,6sTc|/2h8cKs:230,-230(230.000000)
822:Player,BR:0cc/cr435c/r515f:6cKs,5cQh|/3d6sJh/7h:535,-535(535.000000)
823:BR,Player:0r130c/r2014f:4s7s,6dQd|/3s3hAd:230,-230(230.000000)
824:Player,BR:0cc/cr876f:6cKh,3cQc|/2sJdKs:-100,100(-100.000000)
825:BR,Player:0r130c/r2014f:6c9d,4s8s|/3d4d7h:230,-230(230.000000)
826:Player,BR:0cc/cr1761f:4cAd,5h6h|/2s3h3c:-100,100(-100.000000)
827:BR,Player:0r200c/r244c/cr1256c/cr3600f:2c3h,7sKh|/2s9cKd/Kc/4d:-1800,1800(-1800.000000)
828:Player,BR:0cc/cr3080f:4h8c,4c5s|/3s6hQs:-100,100(-100.000000)
829:BR,Player:0r130c/r1001f:4h7h,QsAc|/5hTsTd:230,-230(230.000000)
830:Player,BR:0cc/cr876c/r974f:4sKd,7c8c|/2d4hQs/Th:976,-976(976.000000)
831:BR,Player:0r130c/r2014f:TdAc,8cAh|/3d4cQd:230,-230(230.000000)
832:Player,BR:0cr300c/r520r1309c/r1083f:4d6d,7d9s|/5sKdAd/2s:2229,-2229(2229.000000)
833:BR,Player:0r200c/r1306c/cr1544f:2c7d,8hAh|/3d5hQh/8d:-1606,1606(-1606.000000)
834:Player,BR:0cr200c/cr2627f:TcAd,2s7h|/2d4hQd:-300,300(-300.000000)
835:BR,Player:0f:2sJh,3cTh|:50,-50(50.000000)
836:Player,BR:0cr600c/cr186c/cc/r954f:6dTd,5s8d|/8cJsKc/2s/4h:886,-886(886.000000)
837:BR,Player:0cc/r124r236r2003f:2sTc,5cTs|/5h9sTh:460,-460(460.000000)
838:Player,BR:0cc/cr435f:3sQs,8sAd|/2h4sJh:-100,100(-100.000000)
839:BR,Player:0r130c/r285c/cr175c/cc:4hQh,7c9c|/3c4dJs/2d/Qs:690,-690(690.000000)
840:Player,BR:0cc/cr435f:7dQh,2dTh|/3d4sJs:-100,100(-100.000000)
841:BR,Player:0r130c/r1001f:4s7d,JdQc|/4d5s8c:230,-230(230.000000)
842:Player,BR:0cc/cr3080f:7hTs,4d5c|/4h8cJh:-100,100(-100.000000)
843:BR,Player:0r130c/r1001f:5d8h,5cJd|/2s3s5s:230,-230(230.000000)
844:Player,BR:0cc/cr876f:6c8s,2dKc|/4sTcQs:-100,100(-100.000000)
845:BR,Player:0r200c/r2627c/cr2923f:3cTc,JsAc|/6hQcAd/7d:-2927,2927(-2927.000000)
846:Player,BR:0cc/cr1532f:4c9s,QcKh|/7dTcQh:-100,100(-100.000000)
847:BR,Player:0r200c/r244c/cc/cc:2d7d,4h7s|/2c4sTh/Ah/As:-544,544(-118.523650)
848:Player,BR:0cc/cr876c/r584c/r312c:3cAs,5s5c|/6d9dJd/6h/Kh:-1872,1872(-34.212315)
849:BR,Player:0r130c/r1751c/cc/cc:KsKh,JdQc|/3s6cQs/6s/4h:1981,-1981(1934.871085)
850:Player,BR:0cr300c/cr1741c/cc/r4299f:8dJc,5h7s|/JhJdKh/7h/Qs:2141,-2141(2141.000000)
851:BR,Player:0r200c/r1306f:6h8d,5d7d|/2cQhKs:300,-300(300.000000)
852:Player,BR:0cc/cr379c/cc/cc:7sQc,5s8d|/2h7c8s/4d/5d:-479,479(-394.252898)
853:BR,Player:0cc/r435f:4c8h,TcAh|/4sKsAs:100,-100(100.000000)
854:Player,BR:0cr300c/cr3503f:9cKd,9hKh|/4s5hQs:-400,400(-400.000000)
855:BR,Player:0f:4dJh,3c8h|:50,-50(50.000000)
856:Player,BR:0cr300c/cr3503f:8s8d,TsAs|/6c9hJh:-400,400(-400.000000)
857:BR,Player:0cc/r876f:2c8d,4d8c|/3s5hJc:100,-100(100.000000)
858:Player,BR:0cc/cr876f:2d3c,KhAs|/6s8dTh:-100,100(-100.000000)
859:BR,Player:0r130c/r19770f:8s9d,9sJh|/5h6d7d:230,-230(230.000000)
860:Player,BR:0cr300c/cr1514f:6dAd,TdKc|/5dQsKs:-400,400(-400.000000)
861:BR,Player:0cc/r124f:2d7c,2hJd|/4s7s9c:100,-100(100.000000)
862:Player,BR:0cc/cr100r400r400c/r440f:9sKc,2sAs|/5d9d9c/Tc:1000,-1000(1000.000000)
863:BR,Player:0r200c/cr900f:9cTs,2h3h|/3d6dJh:-300,300(-300.000000)
864:Player,BR:0cr600c/cr1742f:6d7d,9hKh|/6hJhJd:-700,700(-700.000000)
865:BR,Player:0r130c/r2014f:5s5d,2hAd|/7hKdAh:230,-230(230.000000)
866:Player,BR:0cc/cr3080f:3hJd,6c7s|/ThQsAd:-100,100(-100.000000)
867:BR,Player:0r130c/r327f:TcJs,2sQh|/3c6cKc:230,-230(230.000000)
868:Player,BR:0cr200c/cr2627f:4h7s,JcAs|/2d6c7h:-300,300(-300.000000)
869:BR,Player:0r200c/r1306f:3hJh,6dAs|/2c4dAc:300,-300(300.000000)
870:Player,BR:0cr130c/cr4051c/r3654c/cc:7sAc,JdKh|/7c8hAs/Kd/8s:7935,-7935(7253.420250)
871:BR,Player:0f:2cAc,2d5h|:50,-50(50.000000)
872:Player,BR:0cr600c/cr1742f:7h9h,KcAh|/ThTdQd:-700,700(-700.000000)
873:BR,Player:0cc/r216f:TdKh,2hQc|/JsJhKd:100,-100(100.000000)
874:Player,BR:0cr200c/r390r19310c/cc/cc:QhQd,6h9d|/4s6d9c/Tc/Td:20000,-20000(11878.794502)
875:BR,Player:0r200c/r2627f:6d7h,6s8s|/2hKsAh:300,-300(300.000000)
876:Player,BR:0cc/cr435f:9hKc,ThAs|/5c6hJs:-100,100(-100.000000)
877:BR,Player:0r130c/r2014r9716f:2hTh,7s9s|/7d8sJs:-2244,2244(-2244.000000)
878:Player,BR:0cr300c/r520r8056f:QhQc,4c9c|/6sThJh:-920,920(-920.000000)
879:BR,Player:0r130c/r1751c/cr100c/cr11443c:TcAc,QcKd|/5dTdAd/6d/Js:-13524,13524(6954.455767)
880:Player,BR:0cc/cr379c/r121c/r1200f:5dTh,7cJs|/7h9dJd/9c/3s:600,-600(600.000000)
881:BR,Player:0f:4d5h,3c8d|:50,-50(50.000000)
882:Player,BR:0cr300c/cr1514c/cc/cc:7dAd,5hJh|/2c7sJc/7h/4d:1914,-1914(-955.602006)
883:BR,Player:0r130c/r573f:8sJc,3sAh|/TdJsQd:230,-230(230.000000)
884:Player,BR:0cc/cr435c/r305f:5d9s,4d6c|/3h8s9c/Jc:535,-535(535.000000)
885:BR,Player:0r130c/r1001f:5hQc,5cKh|/2h2d8d:230,-230(230.000000)
886:Player,BR:0cc/cr876f:5sKh,2sTh|/4s8cJd:-100,100(-100.000000)
887:BR,Player:0f:7dAd,2c4s|:50,-50(50.000000)
888:Player,BR:0cr200c/cr19700f:6h7s,TdKh|/3hTsKc:-300,300(-300.000000)
889:BR,Player:0r130c/r1001f:8cTh,6dKd|/2h5hJh:230,-230(230.000000)
890:Player,BR:0cr200c/cr121c/cc/cc:7sQc,3dJh|/JcKsAc/7c/5s:-421,421(-164.616330)
891:BR,Player:0r130c/r1001f:9hQc,7hAh|/2d3s5h:230,-230(230.000000)
892:Player,BR:0cr300c/cr3503f:4s4c,TcQh|/2h7sAh:-400,400(-400.000000)
893:BR,Player:0r200c/r1136f:3cAd,JhKc|/4s9cAc:300,-300(300.000000)
894:Player,BR:0cc/cr876f:2d6s,5dTc|/4cJhJc:-100,100(-100.000000)
895:BR,Player:0cc/r435f:8sQs,6sJc|/3s6cTh:100,-100(100.000000)
896:Player,BR:0cr300c/cr996f:3h6s,JdAs|/8hKsKc:-400,400(-400.000000)
897:BR,Player:0r130c/r163r665r665r3143f:7dAh,4cAc|/4s4dTc:-1723,1723(-1723.000000)
898:Player,BR:0cr600c/r910r910f:7d9s,5d8c|/3h6sKs:-1610,1610(-1610.000000)
899:BR,Player:0cc/r435f:7cJc,7hQh|/7s8sAs:100,-100(100.000000)
900:Player,BR:0cc/cr761c/cc/r189c:6c8h,2s4s|/2h4c7s/Ah/Qd:-1050,1050(-864.162638)
901:BR,Player:0r200c/r1306f:6d9c,5c9h|/4s5sJh:300,-300(300.000000)
902:Player,BR:0cr200c/cr649f:6sKs,8dAd|/3d8sQh:-300,300(-300.000000)
903:BR,Player:0r200c/r427r1973f:4s6h,9dQs|/7d9hQd:-727,727(-727.000000)
904:Player,BR:0cr600c/cc/cc/r140f:KhAd,3cTh|/2d5s7c/9s/4c:700,-700(700.000000)
905:BR,Player:0r130c/r327f:4hAs,4sJh|/8s9h9d:230,-230(230.000000)
906:Player,BR:0cr200c/cr1306f:3sTd,JdAc|/2sQsKh:-300,300(-300.000000)
907:BR,Player:0r200c/r2627f:3dAh,2sQh|/3s5sKd:300,-300(300.000000)
908:Player,BR:0cc/cr1761f:3dKd,5dKh|/JsQhAd:-100,100(-100.000000)
909:BR,Player:0cc/r761f:2cQc,2dJh|/7s8dQs:100,-100(100.000000)
910:Player,BR:0cr200c/cr2627f:7s7c,6c9s|/5h5cJc:-300,300(-300.000000)
911:BR,Player:0r300c/r3503f:4d8s,5dTc|/2c3c9c:400,-400(400.000000)
912:Player,BR:0cr200c/cr2627f:6s9s,4cKh|/7dJhAd:-300,300(-300.000000)
913:BR,Player:0r200c/r1306r3224f:3sJh,2sTs|/4s8hKs:-1606,1606(-1606.000000)
914:Player,BR:0cr300c/cr1741f:6h9s,2s4d|/6dKdAd:-400,400(-400.000000)
915:BR,Player:0r130c/r1001f:7hJd,6sQs|/5hTdTc:230,-230(230.000000)
916:Player,BR:0cc/cr435f:4dQc,7sJh|/2hThQh:-100,100(-100.000000)
917:BR,Player:0r200c/r2627f:3dQs,7c8c|/4c8dAd:300,-300(300.000000)
918:Player,BR:0cr200c/cr2627f:6d6c,8cTh|/2c4h5s:-300,300(-300.000000)
919:BR,Player:0cc/r3080f:2cTd,2dJs|/3h8cKs:100,-100(100.000000)
920:Player,BR:0cr300c/cr1741c/r2059c/cc:TdQd,6d8s|/7hThAd/9h/3h:-4200,4200(-883.285205)
921:BR,Player:0r130c/r1001f:6d9h,8hJh|/4d6c8c:230,-230(230.000000)
922:Player,BR:0cc/cr379f:3hKd,9cQd|/6h9sAd:-100,100(-100.000000)
923:BR,Player:0r130c/r1001f:3cQc,2dQs|/7dJdAs:230,-230(230.000000)
924:Player,BR:0cr300c/r520r4005f:3d3c,KsAc|/2s5dQh:-920,920(-920.000000)
925:BR,Player:0cc/r761c/cc/cc:JcAh,9hTd|/2h6hTh/5d/3c:-861,861(-861.000000)
926:Player,BR:0cc/cr379c/cc/cc:4dJd,9s9d|/3d5cQd/9c/2d:479,-479(-414.431260)
927:BR,Player:0r130c/r2014f:3h4d,4s5s|/2dTcKs:230,-230(230.000000)
928:Player,BR:0cc/cr876c/cc/r584c:2hJs,5cKs|/2d8hJh/As/Td:1560,-1560(814.984448)
929:BR,Player:0cc/r142f:6s8c,6c7s|/2cJdQc:100,-100(100.000000)
930:Player,BR:0cc/cr876f:2s3s,5hAd|/4s7c9c:-100,100(-100.000000)
931:BR,Player:0cc/r124f:7cJd,2sKc|/4s7d8s:100,-100(100.000000)
932:Player,BR:0cr300c/cr1741c/cc/cc:AsAd,7hKh|/6h8s9c/Qc/Kc:2141,-2141(-1188.469045)
933:BR,Player:0cc/r435f:7h9h,4s6d|/3hThJd:100,-100(100.000000)
934:Player,BR:0cr600c/cr866c/r534f:9cAd,4c9h|/5c9dQh/8h:1566,-1566(1566.000000)
935:BR,Player:0r200c/r1306f:4dTc,7c9s|/2c3cKd:300,-300(300.000000)
936:Player,BR:0cr200c/r390r3004f:5cKh,2c7c|/3h4sJc:-690,690(-690.000000)
937:BR,Player:0r130c/r2014f:5c6d,QhKs|/7sTcJc:230,-230(230.000000)
938:Player,BR:0cr130c/cr1001f:QsKh,4s6d|/2h3d7s:-230,230(-230.000000)
939:BR,Player:0r130c/r163f:2cAh,7cJd|/6s6dKc:230,-230(230.000000)
940:Player,BR:0cc/cr3080f:5hQd,3d9h|/8dTdKs:-100,100(-100.000000)
941:BR,Player:0cc/r379f:7sKh,4c5h|/3s5dKs:100,-100(100.000000)
942:Player,BR:0cc/cr876f:6dAc,6hAs|/5c7dQc:-100,100(-100.000000)
943:BR,Player:0r130c/r2014f:2d6c,4cJc|/2s5dAs:230,-230(230.000000)
944:Player,BR:0cc/cr249f:5hKd,2c6c|/9cJdAh:-100,100(-100.000000)
945:BR,Player:0r200c/r427c/cc/cc:TcKd,8s8d|/3hQsQh/Kc/Th:727,-727(633.542418)
946:Player,BR:0cr600c/r910r4008f:JcKh,QcAc|/3c8hJd:-1610,1610(-1610.000000)
947:BR,Player:0r200c/cc/cc/cc:3s3d,7sAc|/6s8cJh/2c/Kd:300,-300(59.213473)
948:Player,BR:0cc/cr1532f:2s4d,TdKc|/JdQhAd:-100,100(-100.000000)
949:BR,Player:0r130c/r1001f:4cKd,8dTd|/6cJhAs:230,-230(230.000000)
950:Player,BR:0cc/cr3080f:2cJh,4d5h|/2h9dKc:-100,100(-100.000000)
951:BR,Player:0r130c/r1001f:3dTd,6sJd|/KsAsAd:230,-230(230.000000)
952:Player,BR:0cc/cr3080f:6cTs,3dKc|/7s9sQh:-100,100(-100.000000)
953:BR,Player:0cc/r876f:2h8c,TdAh|/5s7hAd:100,-100(100.000000)
954:Player,BR:0cc/cr876f:5cTs,9hQh|/4d8sTc:-100,100(-100.000000)
955:BR,Player:0r130c/r3522f:3dAd,TcKc|/3s8dAc:230,-230(230.000000)
956:Player,BR:0cc/cr124f:5h7d,8s9c|/8cTcAh:-100,100(-100.000000)
957:BR,Player:0r200c/r1306f:4c8h,5c8s|/2d3d9d:300,-300(300.000000)
958:Player,BR:0cc/cr1532f:6cTs,9cQc|/7sQdAs:-100,100(-100.000000)
959:BR,Player:0f:6h8s,2d3s|:50,-50(50.000000)
960:Player,BR:0cc/cr1761f:3cKs,9sAd|/5h6sQd:-100,100(-100.000000)
961:BR,Player:0r130c/r2014f:2cTc,4sJc|/2d7sKs:230,-230(230.000000)
962:Player,BR:0cr200c/cr1306f:5hJc,7cTs|/2d3h9c:-300,300(-300.000000)
963:BR,Player:0r130c/cc/cc/cr299f:6cJd,8s9h|/2d7cQd/Ts/9d:-230,230(-230.000000)
964:Player,BR:0cc/cr3080f:4d5c,4sQd|/4c9hTc:-100,100(-100.000000)
965:BR,Player:0r130c/r2014f:6dKh,ThTc|/2d4hQs:230,-230(230.000000)
966:Player,BR:0cc/cr379f:3sKc,8dKh|/2d8hAd:-100,100(-100.000000)
967:BR,Player:0r130c/r1001f:TsKc,5cAh|/8cTdJd:230,-230(230.000000)
968:Player,BR:0cc/cr876f:4h5s,4c6c|/6d8cTd:-100,100(-100.000000)
969:BR,Player:0r130c/r1001f:4sQs,3s5h|/7h9dAh:230,-230(230.000000)
970:Player,BR:0cr600c/cr866c/cc/cc:QcAh,5h7h|/4h4c7c/2d/2c:-1566,1566(-939.310512)
971:BR,Player:0r130c/r19770f:QhAs,3s9s|/JsKhAd:230,-230(230.000000)
972:Player,BR:0cc/cr124f:6hTd,3s5h|/2c5dJh:-100,100(-100.000000)
973:BR,Player:0cc/r876f:JcAc,4h9d|/6h7hTs:100,-100(100.000000)
974:Player,BR:0cc/cr379r441r441f:7sKh,8sQc|/3s3d8c:-920,920(-920.000000)
975:BR,Player:0r130c/r285c/cc/cc:7sJc,2sKh|/2hJdQh/3d/9d:515,-515(467.684784)
976:Player,BR:0cr300c/r520r520f:3sTs,3d7d|/7sKdKc:-920,920(-920.000000)
977:BR,Player:0f:5c9s,2h3s|:50,-50(50.000000)
978:Player,BR:0cr200c/r390r3004c/cc/cc:6s7s,2hTc|/3d4c6c/4d/3h:3694,-3694(3694.000000)
979:BR,Player:0cc/r435f:4h8c,9dKc|/7hQsKs:100,-100(100.000000)
980:Player,BR:0cr600c/cr3047f:2s4c,8sKs|/2c3cQh:-700,700(-700.000000)
981:BR,Player:0cc/r142c/cr448c/cr1380c:5cQd,5d7h|/4s8cJh/Kd/Ac:2070,-2070(1462.859831)
982:Player,BR:0cc/cr3080f:5hAc,9dJd|/TdKhAd:-100,100(-100.000000)
983:BR,Player:0r130c/r2014f:KcAh,8s8c|/7sTdJd:230,-230(230.000000)
984:Player,BR:0cc/cr379c/cc/cc:3cAh,9dAd|/5sThAc/5h/3s:0,-0(-346.639934)
985:BR,Player:0cc/r124r236r2003f:8hAh,3cTd|/2hTsTc:460,-460(460.000000)
986:Player,BR:0cc/cr876f:9cTs,4d8c|/4hQcKd:-100,100(-100.000000)
987:BR,Player:0cc/r1532f:ThKc,8hJs|/TsQhAd:100,-100(100.000000)
988:Player,BR:0cc/cr3080f:3hJc,5d8s|/2h7cTh:-100,100(-100.000000)
989:BR,Player:0r300c/r3503f:5hJs,6dJc|/2d3dQh:400,-400(400.000000)
990:Player,BR:0cr200c/cr1136c/r364c/r360f:TsAc,3cQc|/TcJhQs/Th/8d:1800,-1800(1800.000000)
991:BR,Player:0r200c/r1306f:5cQd,7sKc|/3s5sAc:300,-300(300.000000)
992:Player,BR:0cr300c/cr1741f:2cTc,3c4s|/2hJsJh:-400,400(-400.000000)
993:BR,Player:0r130c/r2014f:2cAs,8hTc|/2h5c7h:230,-230(230.000000)
994:Player,BR:0cr200c/r390r854f:3h3c,6d8d|/4c6c8s:-690,690(-690.000000)
995:BR,Player:0r130c/r2014r4633f:6s9c,4h4d|/4cTdKd:-2244,2244(-2244.000000)
996:Player,BR:0cr300c/cr3503f:9s9d,7hQd|/2s4hTh:-400,400(-400.000000)
997:BR,Player:0r130c/r2014f:7h7d,6hAh|/4cTsKc:230,-230(230.000000)
998:Player,BR:0cr300c/cr3503f:9cKh,2cJs|/5s5cTd:-400,400(-400.000000)
999:BR,Player:0r130c/r2014f:5dTc,3d4c|/2h6hAs:230,-230(230.000000)
1000:Player,BR:0cr600c/r910r910f:2s4c,7hKc|/3s3cJc:-1610,1610(-1610.000000)
RAW BR STATS: n=1000, sum=-63278.000000, sum_sq=3951159752.000000, vr_sum=-9686.902165, vr_sum_sq=2650236590.380553
BR STATS: -63.278000(123.139730), -9.686902(100.899893)
RESULTS
1)BR: -63278
2)Player: 63278
