In config file: GAME_DEF=game_def.fullholdem
In config file: ACTIONS_R0=F,C
In config file: ACTIONS_R1=F,C
In config file: ACTIONS_R2=F,C
In config file: ACTIONS_R3=F,C
Loading player: rgbr_nl_cprg.so
Player args: /home/viliam/cprg/project_uoapoker/trunk/src/c/meta_player.so /home/viliam/cprg/project_uoapoker/trunk/src/c/acpc14.map
Using seed 9.
1:BR,Player:0r200c/cc/cc/cr600c:7dJc,8hJh|/3s3dJd/5d/4h:-900,900(-225.738362)
2:Player,BR:0cr300c/cc/r800c/r240f:8dJd,3cTh|/7cTdJh/9h/Kc:1200,-1200(1200.000000)
3:BR,Player:0r130c/cr299c/cr1058c/cc:3s8h,9hQs|/3c6s6c/3d/Th:1587,-1587(1587.000000)
4:Player,BR:0cc/cc/cc/r130c:2s5h,JsKh|/6d8dAc/Kc/6h:-230,230(-195.425620)
5:BR,Player:0cc/cc/cc/cr130c:3cAc,6h7s|/5cKhAd/8s/4c:-230,230(149.383131)
6:Player,BR:0cc/cc/cc/cc:JsKd,5hTd|/4c5d9h/3s/8h:-100,100(-86.180154)
7:BR,Player:0r130c/cr299f:4cTh,9sKs|/6s6c9c:-230,230(-230.000000)
8:Player,BR:0cr200c/cc/cc/cc:3d4s,8hJs|/4cJhQc/Ks/7d:-300,300(-241.627104)
9:BR,Player:0r200c/cc/cc/cc:6cAc,2dAh|/4d4cJc/6s/8h:300,-300(300.000000)
10:Player,BR:0cc/cc/cc/r130c:4h6d,6s7s|/2c5h7h/Js/Ah:-230,230(-57.455481)
11:BR,Player:0f:4h5s,3d7h|:50,-50(50.000000)
12:Player,BR:0cc/cc/cc/r200c:2s8h,QhAd|/5c8sKs/2c/8d:300,-300(3.309881)
13:BR,Player:0f:5hTd,3h8d|:50,-50(50.000000)
14:Player,BR:0cc/cc/cc/cc:5s6d,2c5d|/8s8dJs/4s/3h:100,-100(98.775627)
15:BR,Player:0f:QsAs,2hTs|:50,-50(50.000000)
16:Player,BR:0cr130c/cc/cc/cc:9hAd,JsAs|/2s5cTs/Qd/4d:-230,230(-129.834908)
17:BR,Player:0r200c/cr390c/cr897c/cr2063c:8dTs,5sTh|/JcQcKh/Ad/5d:0,-0(1027.413542)
18:Player,BR:0cr600f:5d9s,6sJd|:100,-100(100.000000)
19:BR,Player:0f:3dTs,2d4c|:50,-50(50.000000)
20:Player,BR:0cr600f:5hAc,7s8d|:100,-100(100.000000)
21:BR,Player:0r200c/cc/cr390c/cc:2sKs,5d8s|/2h5s6c/3h/As:-690,690(135.831185)
22:Player,BR:0cc/cc/cc/r130f:2hQh,7cKc|/4h5cTs/Jh/5h:100,-100(100.000000)
23:BR,Player:0r200c/cr390c/cc/cc:4sKc,6sJc|/4d5sJs/Ac/Qs:-690,690(-24.933011)
24:Player,BR:0cr300c/cc/cc/r200c:5s5c,6hJd|/3d8sQd/3s/4h:600,-600(312.295813)
25:BR,Player:0r130c/cc/cr299c/cc:4h6d,KcAd|/6s8s8d/4s/Qs:529,-529(-121.240180)
26:Player,BR:0cc/cc/r200f:4dJh,2d3c|/5d6sQd/7d:100,-100(100.000000)
27:BR,Player:0r130c/cr460c/cr1380c/cc:9cQc,7d9s|/8hJcKc/As/9h:2070,-2070(1814.719774)
28:Player,BR:0cr300f:5sQd,4c9h|:100,-100(100.000000)
29:BR,Player:0r200c/cc/cc/cr390f:8hQd,2s6s|/4hTsTh/Kh/Ks:-300,300(-300.000000)
30:Player,BR:0cc/cc/cc/cc:4cKs,2h4s|/5s8h8d/5h/Js:100,-100(69.099545)
31:BR,Player:0cc/cr130c/cc/cc:3sAs,8c9d|/2s3d8d/Tc/Jh:-230,230(62.255386)
32:Player,BR:0cr300f:TsAh,2h4s|:100,-100(100.000000)
33:BR,Player:0r130c/cr299f:4d5h,2s9s|/6sTdJc:-230,230(-230.000000)
34:Player,BR:0cr130c/cc/cc/cc:9dAs,5s8c|/3c4hJc/6h/Tc:230,-230(230.000000)
35:BR,Player:0f:QsKc,3s8c|:50,-50(50.000000)
36:Player,BR:0cr600c/cc/r4200c/cc:4h5c,QhAd|/6dThJc/Jd/7d:-4900,4900(-4900.000000)
37:BR,Player:0r130c/cc/cc/cc:9hTd,9sAs|/4cTsKh/7s/6d:230,-230(230.000000)
38:Player,BR:0cc/cc/cc/cc:7dQh,8hTd|/3h5cJc/3s/3c:100,-100(55.437557)
39:BR,Player:0r130c/cc/cc/cr299c:7c9s,TcKs|/7hTsAd/Qs/7d:529,-529(491.543969)
40:Player,BR:0cc/cc/cc/r130c:7hQs,7dJh|/2sTcQd/9h/8c:-230,230(-185.669606)
41:BR,Player:0r130c/cc/cr115c/cr1035c:QhAc,9dAh|/7hThJs/8h/3c:-1380,1380(37.199266)
42:Player,BR:0cr300f:2d2c,5c6s|:100,-100(100.000000)
43:BR,Player:0f:4h6c,2d8s|:50,-50(50.000000)
44:Player,BR:0cc/cc/cc/cc:4dQc,6d9d|/2h5dKc/Kh/3d:100,-100(95.619831)
45:BR,Player:0cc/cc/cc/cr130c:5sQs,3hQd|/5cQhAc/4h/Kh:230,-230(135.817588)
46:Player,BR:0cc/cc/cc/cc:5cKc,7dQh|/2s9hJc/Qs/Jh:-100,100(-88.908158)
47:BR,Player:0cc/cc/cc/cc:7hQs,2sAc|/8cTcKh/9d/Ks:-100,100(-71.785610)
48:Player,BR:0cr300f:4c5c,2h3d|:100,-100(100.000000)
49:BR,Player:0cc/cc/cc/cr130c:5h6d,TsJd|/7d7cTd/5c/2h:-230,230(61.801460)
50:Player,BR:0cr300c/r800c/cc/r1560c:9hJc,9cKc|/4s5h6h/2s/Qc:-2760,2760(-1054.983926)
51:BR,Player:0cc/cr130c/cc/cc:2hAc,6c9s|/7hJdAs/4c/Ah:230,-230(230.000000)
52:Player,BR:0cc/cc/cc/r130f:6cJd,4c5c|/7dTsJs/As/5h:100,-100(100.000000)
53:BR,Player:0r130c/cr299c/cr687c/cr3648f:5d6c,QsAc|/6dTsJc/Ks/5c:-1216,1216(-1216.000000)
54:Player,BR:0cc/cc/cc/r300f:8d9h,7dJs|/2s3h5h/Qd/3c:100,-100(100.000000)
55:BR,Player:0r130c/cr299c/cc/cr687c:4dQc,4hAs|/5d6d8s/Js/Qd:1216,-1216(-37.729107)
56:Player,BR:0cc/cc/cc/r130f:7cQd,6sAs|/4d7d8s/Js/3d:100,-100(100.000000)
57:BR,Player:0r130c/cr299c/cc/cc:KsKd,5h5d|/3d8h8c/Qc/7s:529,-529(529.000000)
58:Player,BR:0cc/cc/cc/cc:3s8d,9sKh|/8sJsAs/5c/9c:-100,100(-77.080504)
59:BR,Player:0r130c/cr299c/cc/cc:6dJc,3d4h|/5c6sJd/3s/Ks:529,-529(529.000000)
60:Player,BR:0cr300c/r520f:3cTc,3dTh|/4s4c9s:400,-400(400.000000)
61:BR,Player:0r130c/cc/cc/cc:5dAc,9sQs|/7hJhAd/Jc/7s:230,-230(230.000000)
62:Player,BR:0cr200c/cc/cc/cc:JsKd,7c9d|/JcQcKs/5d/Qd:300,-300(300.000000)
63:BR,Player:0r130c/cr299c/cc/cc:6c7h,3hQc|/5s7cKd/Ks/3s:529,-529(524.956468)
64:Player,BR:0cr300c/cc/r200c/cc:2s3s,9cKd|/3c4dAh/4c/Qs:600,-600(87.182470)
65:BR,Player:0r200c/cr390c/cc/cr1380f:7d9h,3s3d|/4s4hKd/8s/3h:-690,690(-690.000000)
66:Player,BR:0cc/cc/cc/r130c:7sJc,7cAh|/3cJhAd/6s/6h:-230,230(-224.059316)
67:BR,Player:0r130c/cr299c/cr1058c/cr2063f:3dTd,JsKc|/ThQhKs/2s/Kh:-1587,1587(-1587.000000)
68:Player,BR:0cr200c/r600c/cc/cc:TcKs,2d7d|/2c7c8h/7h/7s:-900,900(-900.000000)
69:BR,Player:0r130c/cr299c/cr687c/cc:6cQs,7cAd|/2dThAc/Kc/8s:-1216,1216(-149.498699)
70:Player,BR:0cr200c/cc/r390f:QdKs,7c9c|/8sKdKc/Js:300,-300(300.000000)
71:BR,Player:0r130c/cc/cr460c/cr897c:2c4d,6hQc|/2s9hAh/3d/Jd:1587,-1587(232.000559)
72:Player,BR:0cc/cc/cc/cc:5dJc,JsAc|/4s9cAd/5h/Tc:-100,100(-86.281528)
73:BR,Player:0r130c/cc/cc/cr299c:5hJs,KhKc|/7s7hTc/Ad/Jd:-529,529(312.261036)
74:Player,BR:0cr130c/cc/r460c/r138c:8s9s,JhAh|/5d6hJc/9d/Th:-828,828(-770.538045)
75:BR,Player:0r200c/cr900f:5c8h,5h9h|/8sQhKc:-300,300(-300.000000)
76:Player,BR:0cc/cc/cc/cc:2cKs,3sQs|/3c6cJs/2d/8c:-100,100(-73.283070)
77:BR,Player:0r130c/cr299c/cc/cc:2cKh,4s7h|/3s9dJd/7c/Qd:-529,529(-261.536454)
78:Player,BR:0cc/cc/cc/cc:3cAh,7sKh|/5d6sQc/Th/6h:100,-100(-12.362237)
79:BR,Player:0cc/cr130c/cr460f:4c6h,8hTs|/2s5hTc/7h:-230,230(-230.000000)
80:Player,BR:0cc/cc/cc/cc:2h9d,7d8s|/8dTsAs/Qh/7c:-100,100(-90.305030)
81:BR,Player:0f:4hTc,3h8s|:50,-50(50.000000)
82:Player,BR:0cc/cc/cc/cc:TsQd,2dJh|/5d5cKd/Ad/3s:100,-100(2.469086)
83:BR,Player:0r130c/cc/cr299c/cr687c:6c9c,7cJc|/5cJsAc/Kc/8h:-1216,1216(-344.020988)
84:Player,BR:0cr300f:9d9c,4d6c|:100,-100(100.000000)
85:BR,Player:0r130c/cr460c/cr1380f:TdQs,7d9d|/6c8dAd/Js:-690,690(-690.000000)
86:Player,BR:0cc/cc/cc/cc:2s5c,5s6h|/5dTdAd/8s/Ts:0,-0(-38.143751)
87:BR,Player:0r200c/cr600c/cr1170c/cc:TdQh,ThAc|/3hJdAh/9h/9s:-2070,2070(-2055.256816)
88:Player,BR:0cc/cc/cc/cc:4d7h,8h8d|/4c6dQh/9s/Tc:-100,100(-75.117251)
89:BR,Player:0r130c/cr299f:7s8c,AhAd|/2c4sJh:-230,230(-230.000000)
90:Player,BR:0cc/cc/cc/r130f:6dAs,2s9s|/5cTdQc/Ac/3h:100,-100(100.000000)
91:BR,Player:0cc/cr130c/cc/cc:4dTh,2hJc|/2d6hAc/5d/3d:230,-230(230.000000)
92:Player,BR:0cc/cc/cc/r130f:8cQd,3h9s|/2s3cAc/Ts/8s:100,-100(100.000000)
93:BR,Player:0r200c/cc/cr390c/cc:7dKc,6cTd|/2cTcAh/4h/5d:-690,690(-248.604780)
94:Player,BR:0cr300c/cc/cc/cc:TcAd,9hKc|/9cTsJd/8h/4d:400,-400(32.626697)
95:BR,Player:0r130c/cc/cc/cr460c:KdAs,6c8s|/2d3d4s/Ad/Jc:690,-690(155.319790)
96:Player,BR:0cc/cc/r130c/r460f:TcQs,KcAd|/2h3s4s/9s/Ts:230,-230(230.000000)
97:BR,Player:0r130c/cc/cr299c/cr687f:9h9d,7dJs|/4hJhQd/5d/Qs:-529,529(-529.000000)
98:Player,BR:0cc/cc/r130c/r299c:2c7c,QhAd|/7s7dJd/Qd/5c:529,-529(199.886089)
99:BR,Player:0r200c/cr390c/cc/cr897c:TdJs,7s9s|/2c5s5d/Kh/6h:1587,-1587(245.715070)
100:Player,BR:0cc/cc/cc/cc:8cKh,4cJh|/7sTdQd/4h/6h:-100,100(-34.236006)
101:BR,Player:0r130c/cr299c/cr1058c/cc:9hJh,9dTd|/7sKsKc/Jd/9c:1587,-1587(1587.000000)
102:Player,BR:0cr300c/cc/r520c/r460f:JhKc,8sQs|/9hQdKd/3d/9s:920,-920(920.000000)
103:BR,Player:0r130c/cr299c/cc/cc:3h8h,8cKd|/4c7d8s/5s/Qh:-529,529(172.374812)
104:Player,BR:0cr600c/cc/cc/cc:JcKd,9sJd|/4c7cAc/7h/2s:700,-700(700.000000)
105:BR,Player:0r130c/cr299c/cc/cc:8s9c,QcAs|/2s5sTs/3c/Kd:-529,529(-447.301652)
106:Player,BR:0cc/cc/r130f:5cTd,4c7d|/2c5dTs/Tc:100,-100(100.000000)
107:BR,Player:0r200c/cc/cc/cr390f:2c9c,9s9d|/5hQsAd/Ac/6c:-300,300(-300.000000)
108:Player,BR:0cr200c/cc/r150c/r225c:5h7s,7d8c|/2c5d8s/Jc/8d:-675,675(-539.819961)
109:BR,Player:0r130c/cr299c/cr687c/cc:5cJh,6hQd|/3hJdQh/Ts/7d:-1216,1216(278.793108)
110:Player,BR:0cr300c/cc/cc/cc:JhKc,5sTc|/2c9hQs/6h/Qd:400,-400(400.000000)
111:BR,Player:0r130c/cc/cc/cr299c:8h9c,TcKc|/4s6h8c/Qd/9d:529,-529(484.146390)
112:Player,BR:0cc/cc/cc/cc:7cQc,5d9s|/8s8dJs/2d/6h:100,-100(71.689864)
113:BR,Player:0r200c/cc/cr390c/cr897c:7dJd,QsKd|/7s7hKh/Qc/Ts:1587,-1587(1587.000000)
114:Player,BR:0cr300c/cc/cc/r200c:9sQs,9cAc|/2h8cAd/Qh/5h:-600,600(-412.227849)
115:BR,Player:0r300f:2h5d,5h7s|:-100,100(-100.000000)
116:Player,BR:0cc/cc/cc/cc:2cAs,9hQd|/2d6dJd/8c/Kc:100,-100(53.027368)
117:BR,Player:0r130c/cr299c/cc/cc:2c9d,7dJc|/3d9cKd/6h/6c:529,-529(494.870786)
118:Player,BR:0cr300f:7sAs,2hTc|:100,-100(100.000000)
119:BR,Player:0r130c/cc/cc/cc:3s4d,QsKc|/3h6d9d/6h/Td:230,-230(230.000000)
120:Player,BR:0cc/cc/r130c/cc:4d9s,4s9c|/7hKcAd/3s/Jh:0,-0(111.795003)
121:BR,Player:0cc/cr130f:5c7d,4dTs|/9cQhQd:-100,100(-100.000000)
122:Player,BR:0cc/cc/cc/cc:2hTs,6dQs|/JcAhAd/5d/7d:-100,100(19.918481)
123:BR,Player:0r130c/cr299c/cr687f:5s6h,6d8h|/4h7hAd/9s:-529,529(-529.000000)
124:Player,BR:0cr200c/cc/r150f:5cKh,4dKc|/2h7sQs/6d:300,-300(300.000000)
125:BR,Player:0r130c/cc/cr115c/cr1035f:4c9s,4sQc|/7d9h9d/5h/6h:-345,345(-345.000000)
126:Player,BR:0cc/cc/cc/cc:3hAd,9sAh|/5sTdJh/8s/8h:0,-0(-50.629868)
127:BR,Player:0f:2h5c,2s6d|:50,-50(50.000000)
128:Player,BR:0cc/cc/cc/cc:4dTh,3dAd|/2h6sQh/Js/Jc:-100,100(-46.699948)
129:BR,Player:0r200c/cr600c/cr1170f:6s8c,8sQs|/9sTcJh/9d:-900,900(-900.000000)
130:Player,BR:0cr200c/cc/cc/cc:2h2c,7s7d|/5c6hAs/3c/5s:-300,300(-189.444388)
131:BR,Player:0cc/cc/cc/cc:4cQc,8cQh|/3h6hAd/Js/3c:0,-0(-64.859884)
132:Player,BR:0cc/cc/cc/cc:2c4s,JhJd|/9sQcAs/6c/3d:-100,100(-76.651743)
133:BR,Player:0r130c/cr299c/cc/cc:5dQs,4c7d|/5h7cAd/Js/2c:-529,529(-195.059536)
134:Player,BR:0cc/cc/r130f:JcQd,2d8s|/3sQsQc/3d:100,-100(100.000000)
135:BR,Player:0r200c/cc/cc/cr600f:3c9c,7hAc|/4d6sKs/4s/5s:-300,300(-300.000000)
136:Player,BR:0cr130c/cc/cc/cc:9sKs,2hJs|/4h5dTs/8h/8c:230,-230(230.000000)
137:BR,Player:0f:QsQh,2c8h|:50,-50(50.000000)
138:Player,BR:0cr600f:3hAh,2hQc|:100,-100(100.000000)
139:BR,Player:0f:2c6d,2s4c|:50,-50(50.000000)
140:Player,BR:0cc/cc/cc/cc:5dQc,5s7c|/4h7sJd/Kd/2d:-100,100(-80.119757)
141:BR,Player:0r130c/cc/cc/cc:7sTc,ThQh|/2s9cKs/4c/5c:-230,230(-230.000000)
142:Player,BR:0cc/cc/cc/r130f:2cKd,3s5s|/7s7dQs/2d/8h:100,-100(100.000000)
143:BR,Player:0r200c/cc/cr390c/cc:TcKs,3hQh|/JsQcAh/9h/8d:690,-690(690.000000)
144:Player,BR:0cc/cc/cc/cc:4h7s,9cQd|/3cQsKc/Js/4d:-100,100(-84.780165)
145:BR,Player:0cc/cr130c/cr690c/cr2760f:4cTs,6c7d|/4h8cAd/Js/5s:-920,920(-920.000000)
146:Player,BR:0cr300c/cc/r800c/cc:QhAc,5hAh|/3dKsAd/8d/Jd:1200,-1200(1197.079671)
147:BR,Player:0cc/cc/cr130c/cr460c:4h4d,2s5s|/JhJcQd/8s/3s:690,-690(363.325186)
148:Player,BR:0cr200c/r390c/r345c/r1345f:8dKc,4s9h|/TsJhQh/Tc/3h:1035,-1035(1035.000000)
149:BR,Player:0r200c/cr390c/cr345c/cr3105f:4dAd,TsKc|/6hTcKd/3h/8d:-1035,1035(-1035.000000)
150:Player,BR:0cc/cc/r200c/cc:5hJc,4s4d|/3h7cAd/Ac/8c:-300,300(-297.127235)
151:BR,Player:0r130c/cr299c/cr687f:9s9d,ThKh|/4c8hKc/6c:-529,529(-529.000000)
152:Player,BR:0cr200c/cc/cc/cc:JhAs,5s9c|/9hQcKc/Jc/7c:-300,300(-275.859823)
153:BR,Player:0r200c/cr390f:3s5c,QsAc|/2c7hAd:-300,300(-300.000000)
154:Player,BR:0cr200c/r390c/cc/r2070f:7s8s,6sQh|/3s9s9d/8d/2s:690,-690(690.000000)
155:BR,Player:0r130c/cr460c/cc/cc:8cKs,8dQc|/4h7cTc/7h/Td:690,-690(445.026051)
156:Player,BR:0cr300c/cc/r800c/cc:JsQd,3cKs|/2sThAs/7d/Ah:-1200,1200(-862.032559)
157:BR,Player:0r200c/cr390c/cr1380c/cr6210f:6s9s,3s5d|/2h6d7c/4c/Ts:-2070,2070(-2070.000000)
158:Player,BR:0cr300c/cc/r200c/r300c:7s7d,4sTc|/6cTdAd/As/2s:-900,900(-614.233525)
159:BR,Player:0r130c/cr299c/cc/cc:8dKs,8hKh|/4s9sJs/6s/Qh:529,-529(529.000000)
160:Player,BR:0cc/cc/cc/r130c:JcAh,7dQh|/2s3dQd/2c/3c:-230,230(-85.651756)
161:BR,Player:0f:5c6s,2s5h|:50,-50(50.000000)
162:Player,BR:0cc/cc/cc/r130f:5s7h,3sKc|/5d9cTh/7c/6h:100,-100(100.000000)
163:BR,Player:0cc/cc/cr130c/cr690f:9sTs,2hJs|/8dJdJc/5d/2d:-230,230(-230.000000)
164:Player,BR:0cc/cc/cc/cc:5cTd,6d8h|/7c8dAc/5s/2c:-100,100(-74.786839)
165:BR,Player:0r130c/cc/cr460c/cc:4cKc,JdKs|/6c7dAh/Js/6d:-690,690(465.413835)
166:Player,BR:0cc/cc/cc/cc:2d8h,ThJd|/2c6cKc/Jc/Js:-100,100(-63.454493)
167:BR,Player:0r130c/cr460c/cc/cc:7hAd,9cKs|/2s5d8h/2c/6h:690,-690(-403.396237)
168:Player,BR:0cr300f:JsJc,5h8d|:100,-100(100.000000)
169:BR,Player:0r200c/cc/cr600c/cc:3d5s,8dKc|/2d4d7h/3c/7c:900,-900(883.162131)
170:Player,BR:0cr200c/r390c/r1380f:9hTd,7dJc|/3h9dTc/2h:690,-690(690.000000)
171:BR,Player:0r130c/cr460c/cr1380c/cr6210f:2h8s,8cTc|/2c4c7h/4h/Kc:-2070,2070(-2070.000000)
172:Player,BR:0cc/cc/cc/cc:5h9d,5cQh|/JhKsAd/7d/Ac:-100,100(-28.082705)
173:BR,Player:0r200c/cc/cc/cr600f:3d7d,2hAc|/4dQdAs/Qh/9s:-300,300(-300.000000)
174:Player,BR:0cc/cc/cc/r130c:5h8c,5dKh|/8hJcAs/7s/4s:230,-230(95.860957)
175:BR,Player:0f:6cQh,3s7h|:50,-50(50.000000)
176:Player,BR:0cc/cc/cc/cc:9hQd,6h9s|/4s4d5s/5c/7c:100,-100(65.855030)
177:BR,Player:0r130c/cr299c/cc/cr687f:8h9h,6dJs|/5h7hJc/Kd/4s:-529,529(-529.000000)
178:Player,BR:0cc/cc/r200c/cc:TcJd,4cQd|/6h9sJs/2s/Td:300,-300(-32.536805)
179:BR,Player:0r130c/cc/cc/cr299c:2h6d,ThKh|/3c4sQc/7d/6s:529,-529(-86.628524)
180:Player,BR:0cc/cc/cc/cc:3c8d,4c9d|/2s3hTh/7c/8c:100,-100(95.397071)
181:BR,Player:0r200c/cc/cr150f:8cTh,7hJd|/2s6sQh/Ad:-300,300(-300.000000)
182:Player,BR:0cr1200c/cc/r260c/cc:7d9d,5hKh|/7sQcAc/2d/Td:1560,-1560(1560.000000)
183:BR,Player:0r130c/cc/cr299c/cr1587f:9hJh,7s8c|/9sTdJc/2s/2c:-529,529(-529.000000)
184:Player,BR:0cc/cc/cc/cc:4dKd,QdAc|/3cTdTc/Ts/8c:-100,100(-93.526357)
185:BR,Player:0r130c/cc/cr460f:7dKd,9hAc|/2h3hJs/9d:-230,230(-230.000000)
186:Player,BR:0cc/cc/cc/r130f:3h4s,4d9d|/3s7cAh/Td/2s:100,-100(100.000000)
187:BR,Player:0cc/cr130c/cc/cc:5hTh,8h9d|/7cTcQs/9h/3c:230,-230(195.717620)
188:Player,BR:0cr600c/r1400c/cc/cc:5h7d,6cKh|/4c6h6d/9s/7c:-2100,2100(-1352.653243)
189:BR,Player:0r130c/cc/cc/cr460f:6s6d,5c8c|/QsQdKs/7s/3h:-230,230(-230.000000)
190:Player,BR:0cc/cc/cc/cc:2s7c,3hJd|/7s8dQd/Ks/Td:100,-100(58.481794)
191:BR,Player:0r130c/cr299f:5cTd,8dQh|/7c9hKs:-230,230(-230.000000)
192:Player,BR:0cc/cc/r300c/r1200c:3d5c,3h4s|/4c7sJd/6s/2d:1600,-1600(-344.326762)
193:BR,Player:0r200c/cc/cr390f:2s3s,6cQd|/4hTcAd/9d:-300,300(-300.000000)
194:Player,BR:0cc/cc/cc/r130c:2sQc,5hTc|/8sKsKc/Ac/Kd:230,-230(44.515657)
195:BR,Player:0r130c/cc/cc/cr299c:5h6h,TsQs|/2s9dKc/2d/9c:0,-0(-158.158178)
196:Player,BR:0cc/cc/cc/cc:5cAh,5s8h|/3h6sKh/Qh/3c:100,-100(74.999541)
197:BR,Player:0r130c/cr299c/cc/cc:TcAd,9hTs|/2c5sJh/5h/2h:529,-529(425.371270)
198:Player,BR:0cc/cc/cc/cc:2c3s,6dKd|/2h7d9s/4d/Ad:-100,100(-100.000000)
199:BR,Player:0r130c/cc/cc/cc:4d7s,7dAh|/5s5h8c/Js/Kd:-230,230(-230.000000)
200:Player,BR:0cr200c/cc/cc/cc:8sAh,7h9s|/8h8cKs/9h/Ts:300,-300(-200.519368)
201:BR,Player:0r300f:3c4d,2s7s|:-100,100(-100.000000)
202:Player,BR:0cc/cc/cc/cc:3dQh,3sQd|/4h9sKd/7d/5c:0,-0(33.481777)
203:BR,Player:0cc/cr130c/cc/cc:2sTh,2d6d|/3dQsKc/Ts/Kh:230,-230(230.000000)
204:Player,BR:0cr130c/cc/cc/r299c:8h8d,7sTs|/5s6dTc/Kh/2s:-529,529(-475.595845)
205:BR,Player:0r200c/cc/cr150c/cr585f:2c9h,6sAc|/3h9sAh/Qd/Kd:-450,450(-450.000000)
206:Player,BR:0cr200c/cc/cc/cc:JsQh,3sTc|/2s9sAh/Ks/Kd:300,-300(299.339893)
207:BR,Player:0r130c/cc/cc/cc:4s7s,8dQh|/8sTcAh/Js/Jd:-230,230(-230.000000)
208:Player,BR:0cc/cc/r130c/r299f:4sJc,5h9d|/3d5sKd/Ks/Jh:230,-230(230.000000)
209:BR,Player:0cc/cc/cc/cr130c:4sAs,5dQc|/2d7h9h/Qh/2c:-230,230(98.663937)
210:Player,BR:0cr300c/cc/r200c/r300c:5s6h,QsKd|/3c6sKc/2c/Kh:-900,900(-826.848776)
211:BR,Player:0r130c/cc/cc/cr460f:3d5h,4c5c|/2d7cKc/2c/6c:-230,230(-230.000000)
212:Player,BR:0cr300f:AsAh,3d8d|:100,-100(100.000000)
213:BR,Player:0r200c/cc/cc/cr390f:6dTc,JcQc|/3s4d6s/Ac/Qs:-300,300(-300.000000)
214:Player,BR:0cc/cc/cc/r130c:7c8s,5cQs|/3c4dTc/9s/7h:230,-230(5.883204)
215:BR,Player:0f:4h9d,2c8d|:50,-50(50.000000)
216:Player,BR:0cr300c/r520f:8dJd,6d9h|/4d5hTs:400,-400(400.000000)
217:BR,Player:0r130c/cc/cc/cr299c:9hAh,6cTs|/7cQdKd/Ac/8h:529,-529(264.492713)
218:Player,BR:0cr600f:KsAc,2s6h|:100,-100(100.000000)
219:BR,Player:0r200c/cc/cc/cr390f:5hQd,9hAd|/2s3h5s/4d/Th:-300,300(-300.000000)
220:Player,BR:0cc/cc/cc/r130f:3d8c,3c7s|/2d4hJd/8d/Kd:100,-100(100.000000)
221:BR,Player:0r200c/cc/cr390f:5cJd,4cKc|/2d8cKs/Ac:-300,300(-300.000000)
222:Player,BR:0cc/cc/r130c/r460c:2s8d,9sAs|/3h4cJc/5s/9d:-690,690(-44.232858)
223:BR,Player:0cc/cc/cc/cr130f:2d6s,4c6h|/3h3cKd/2h/Ks:-100,100(-100.000000)
224:Player,BR:0cc/cc/r130c/r115f:3d7h,8h9c|/4h5cQs/7d/4d:230,-230(230.000000)
225:BR,Player:0r130c/cr299c/cr264c/cc:4d9c,4hAh|/5c6h7h/3d/4s:0,-0(-0.000000)
226:Player,BR:0cc/cc/r130c/cc:7h8s,9sTc|/3sTdAc/Jh/7s:-230,230(-76.243857)
227:BR,Player:0r130c/cc/cr115c/cc:ThJh,7hKc|/3sQsAh/7d/9c:-345,345(-310.711749)
228:Player,BR:0cc/cc/r130c/cc:7c8d,9hTc|/2h9sTs/4h/Td:-230,230(-229.542167)
229:BR,Player:0cc/cr130c/cr460c/cc:4hTh,4cAh|/3d4sAd/9h/3h:-690,690(-85.199383)
230:Player,BR:0cc/cc/r130c/r299c:3c4s,5s6c|/5h6s9c/9d/Td:-529,529(-385.959004)
231:BR,Player:0r130c/cc/cr299c/cr687c:4cJh,4h6s|/2h6h6c/6d/Kc:-1216,1216(-476.375104)
232:Player,BR:0cc/cc/cc/cc:2c7c,6dKc|/3s5cTd/2h/4c:-100,100(-93.125771)
233:BR,Player:0r200c/cc/cr390c/cc:8s9d,3c4d|/2h3d7h/7s/Th:-690,690(-675.457210)
234:Player,BR:0cc/cc/cc/r130c:3d5c,2c8s|/3c5dTd/6c/8c:230,-230(-132.844404)
235:BR,Player:0f:2c3h,2d8c|:50,-50(50.000000)
236:Player,BR:0cc/cc/r130f:4sKc,7h9s|/6hJhKd/Jd:100,-100(100.000000)
237:BR,Player:0r200c/cc/cc/cr390c:3c5h,3sJs|/3h4d8d/Qd/Jc:-690,690(207.451452)
238:Player,BR:0cc/cc/cc/r130f:6d8s,4s5h|/3h4c9s/6s/Kd:100,-100(100.000000)
239:BR,Player:0r200c/cr390c/cr897c/cr3174c:8hAd,4s6s|/5d7s7c/9c/Ac:4761,-4761(2272.605938)
240:Player,BR:0cc/cc/r130c/r115f:6sQh,5c9c|/QsKhKd/Ks/2h:230,-230(230.000000)
241:BR,Player:0r130c/cr299c/cc/cc:TsTd,6hJh|/5d6sTh/8d/2h:529,-529(529.000000)
242:Player,BR:0cc/cc/cc/r130f:3d9h,4s8d|/4c6cTc/Jh/Kd:100,-100(100.000000)
243:BR,Player:0cc/cc/cr200c/cc:8hAc,4hTc|/9d9cQd/8s/Ad:300,-300(300.000000)
244:Player,BR:0cr600c/cc/r2100f:2h3h,QcAc|/7h8h9h/Kd:700,-700(700.000000)
245:BR,Player:0r130c/cr299c/cc/cr1058c:TdAd,6dKh|/4h6hQs/Qd/5c:-1587,1587(281.836481)
246:Player,BR:0cr600c/r2100c/cc/cc:9sTc,8sQd|/8cQsAs/5h/3h:-2800,2800(-2419.462849)
247:BR,Player:0f:4s4d,3c8s|:50,-50(50.000000)
248:Player,BR:0cr200c/r390c/r897c/r2063c:JhQs,9hTc|/5h9dKs/4s/Th:3650,-3650(-1943.476701)
249:BR,Player:0r200c/cc/cc/cr390c:4h5d,JsAs|/2h7s9c/5h/Jd:-690,690(-276.946870)
250:Player,BR:0cc/cc/cc/cc:2cKc,TcAs|/5s6c7s/9d/2d:100,-100(55.299512)
251:BR,Player:0r130c/cc/cc/cc:8hQc,9dJc|/JsQdAd/Th/Td:230,-230(100.524570)
252:Player,BR:0cc/cc/cc/cc:5cKs,5h8d|/3h6cJh/6s/Qd:100,-100(87.175622)
253:BR,Player:0r130c/cr690f:8dTc,6c9c|/3c5h9h:-230,230(-230.000000)
254:Player,BR:0cr600f:4d5h,2s3d|:100,-100(100.000000)
255:BR,Player:0r130c/cc/cc/cc:6h7s,TsAh|/2h4sAc/5c/3h:230,-230(230.000000)
256:Player,BR:0cc/cc/cc/r130c:5dTd,9hTs|/6sTcJd/Ac/9d:-230,230(-182.223004)
257:BR,Player:0f:7hKs,4h9d|:50,-50(50.000000)
258:Player,BR:0cc/cc/cc/cc:6dAc,2dJd|/7cJcKs/8s/Qd:-100,100(-70.000486)
259:BR,Player:0r130c/cr299c/cr1058f:5d6c,3d8d|/4s7hTd/4h:-529,529(-529.000000)
260:Player,BR:0cc/cc/cc/cc:2sKc,4c7h|/6s8hTh/Ac/5h:-100,100(-95.997442)
261:BR,Player:0r130c/cc/cr115c/cc:6hQd,5sTc|/7c9hAd/7s/Kc:345,-345(-102.815535)
262:Player,BR:0cc/cc/r130c/cc:2d9s,JcAh|/7dAsAd/5d/2s:-230,230(-224.375984)
263:BR,Player:0r130c/cr460c/cr897f:2cAd,2s3s|/2dThJh/6h:-690,690(-690.000000)
264:Player,BR:0cc/cc/r130c/r115f:6sQc,5dAs|/3c5sTs/6d/9s:230,-230(230.000000)
265:BR,Player:0cc/cc/cr130f:6d9d,2dKs|/9sJsQc/Ts:-100,100(-100.000000)
266:Player,BR:0cr200c/cc/cc/cc:9sQs,4s7c|/3h3c6d/6s/3s:0,-0(7.976869)
267:BR,Player:0r130c/cc/cr299c/cr1587c:4s5d,JcKc|/5s9s9c/Kh/Th:-2116,2116(-316.354167)
268:Player,BR:0cr300c/cc/r200c/r300f:7d9h,JsQs|/7s7h8h/Td/4c:600,-600(600.000000)
269:BR,Player:0r130c/cc/cc/cr460c:5s5c,TsJs|/4s4cTd/5d/7d:690,-690(689.950889)
270:Player,BR:0cc/cc/cc/r130c:7cJd,9dAh|/5hJsQh/8s/Ts:-230,230(-192.352216)
271:BR,Player:0r130c/cr299c/cc/cc:8cJs,5hKs|/4s7cTh/Jh/8h:529,-529(529.000000)
272:Player,BR:0cc/cc/cc/r200f:2hJd,2cQs|/4cJsJh/3h/6h:100,-100(100.000000)
273:BR,Player:0cc/cc/cr130c/cc:7dTd,2cKs|/6h7sQh/4c/Qs:230,-230(230.000000)
274:Player,BR:0cc/cc/cc/cc:4hQs,6hKd|/JhKhAd/Jc/Qc:-100,100(-72.797110)
275:BR,Player:0r200c/cc/cc/cc:9hQd,3s3h|/2c6cAd/7d/8c:-300,300(-300.000000)
276:Player,BR:0cc/cc/r130c/r299c:2h6c,7dQc|/7c8hQs/9c/Kh:-529,529(-402.269626)
277:BR,Player:0r130c/cc/cc/cc:4h4d,2sQd|/6dKsAh/4c/Qh:230,-230(230.000000)
278:Player,BR:0cc/cc/cc/cc:TcQs,3h6s|/4d6c8d/6d/Td:-100,100(-58.851768)
279:BR,Player:0r130c/cr690c/cr1196c/cc:QhQc,9sKc|/5cTsJd/As/4c:2116,-2116(2116.000000)
280:Player,BR:0cr300c/cc/r520c/cc:4d6c,JdKd|/2h2d8d/6s/7d:-920,920(-869.596023)
281:BR,Player:0r200c/cr600f:3d5d,KcAd|/8d9hAh:-300,300(-300.000000)
282:Player,BR:0cc/cc/cc/cc:3cKd,3d4c|/TsTdQs/6c/8c:100,-100(90.536270)
283:BR,Player:0r130c/cr299f:2s3c,6s6c|/6h7hJs:-230,230(-230.000000)
284:Player,BR:0cc/cc/cc/cc:JcKd,2c4d|/3d4s6c/Tc/8d:-100,100(-72.867924)
285:BR,Player:0f:6sJd,2h7s|:50,-50(50.000000)
286:Player,BR:0cr200c/cc/cc/cc:8sAc,8hQc|/6h9sKh/2c/3d:300,-300(300.000000)
287:BR,Player:0cc/cc/cr130c/cr460c:5c8c,6hTh|/2c3cQc/4s/Ac:690,-690(426.933630)
288:Player,BR:0cr300c/cc/r200c/cc:QcAd,JsQs|/3c7dTd/Ts/4s:600,-600(469.737513)
289:BR,Player:0r130c/cr460c/cr2070c/cc:3dAh,4d5d|/2cThKs/Ts/3h:2760,-2760(2760.000000)
290:Player,BR:0cc/cc/cc/r130c:2c8d,5dJs|/4s5h6s/9d/6c:-230,230(-161.060802)
291:BR,Player:0cc/cc/cc/cr200c:5sQs,5dJh|/2s6d7s/9h/9c:300,-300(156.230892)
292:Player,BR:0cc/cc/r200c/cc:7sJc,3c8c|/2d6cTs/8h/4h:-300,300(-273.003900)
293:BR,Player:0r130c/cr299c/cc/cc:4s4c,5c9s|/6s8cTh/9d/As:-529,529(-286.935122)
294:Player,BR:0cc/cc/cc/r300c:8c9s,QhQc|/5c9hTs/2s/8h:400,-400(-63.527637)
295:BR,Player:0r130c/cc/cc/cc:7cJd,4h5s|/5d6dKh/9s/2c:-230,230(-230.000000)
296:Player,BR:0cc/cc/r200c/r390c:7cQh,TdAh|/6dThQd/7d/Jh:690,-690(-15.572634)
297:BR,Player:0cc/cr130c/cc/cc:KdAd,3hJc|/3s8hAc/8d/Ah:230,-230(230.000000)
298:Player,BR:0cc/cc/cc/cc:2c9d,8hKh|/3h9sJc/Qh/Th:-100,100(-99.842696)
299:BR,Player:0f:5h8h,2s4h|:50,-50(50.000000)
300:Player,BR:0cc/cc/cc/cc:2d7d,3h7c|/2c9dJh/8h/Ts:0,-0(-66.484661)
301:BR,Player:0r130c/cr299c/cc/cc:7cQc,4h7h|/2d8sQs/Ks/8c:529,-529(391.941816)
302:Player,BR:0cr300c/cc/cc/r200c:QsKs,7cAs|/3s8sJs/3d/Qh:600,-600(377.239628)
303:BR,Player:0r200c/cr390c/cc/cc:8cQs,4sJs|/6d6c8d/9s/9d:690,-690(492.217865)
304:Player,BR:0cr300c/r520c/r1196c/cc:8sTs,7cJd|/2d6sKs/Ac/9h:-2116,2116(1272.987354)
305:BR,Player:0r200c/cc/cc/cc:4cTh,5s8d|/5cJcAh/Qh/2s:-300,300(-300.000000)
306:Player,BR:0cr300c/cc/cc/r800f:8h9d,5s7s|/9sTsQd/Ac/9h:400,-400(400.000000)
307:BR,Player:0r200c/cc/cc/cr600c:7hJh,2c5c|/6sQhKh/Td/6d:900,-900(584.659936)
308:Player,BR:0cr300c/cc/cc/cc:JsKs,QdQc|/6h7h7d/Ts/4h:-400,400(-330.968223)
309:BR,Player:0r130c/cr460f:4d5c,KdAs|/7cJcAd:-230,230(-230.000000)
310:Player,BR:0cc/cc/cc/cc:4d5h,3cJc|/7s7h7d/Qh/8d:-100,100(3.363111)
311:BR,Player:0cc/cr130c/cr115f:7cKh,4d5h|/2c3h6s/9d:-230,230(-230.000000)
312:Player,BR:0cr300c/cc/cc/cc:5c6s,8s8d|/3s6dQs/As/Kc:-400,400(-60.241115)
313:BR,Player:0r130c/cr299c/cc/cr1058f:9hKc,JcKs|/4h5hKd/2c/5c:-529,529(-529.000000)
314:Player,BR:0cr300c/cc/cc/cc:2h2c,7dJh|/6c8h9d/7s/8s:-400,400(-17.542190)
315:BR,Player:0r130c/cr299c/cr1058f:6cQc,2hKh|/2s4h7h/Kc:-529,529(-529.000000)
316:Player,BR:0cc/cc/cc/cc:3cKh,7cTc|/7s9sQc/4c/6h:-100,100(-71.958871)
317:BR,Player:0cc/cc/cc/cc:9sTs,3hKc|/2h7dJd/Qc/8c:100,-100(100.000000)
318:Player,BR:0cc/cc/cc/r130c:3cJd,2c8h|/2h4sQh/6s/8d:-230,230(-226.466136)
319:BR,Player:0r130c/cr690c/cr1840c/cr5520c:TcJs,QhKs|/6d9sKc/3d/Qs:8280,-8280(8280.000000)
320:Player,BR:0cr300c/cc/r200c/r780f:4s6s,4d5d|/3sKsAd/5s/8s:600,-600(600.000000)
321:BR,Player:0r200c/cc/cr600c/cc:6dKs,6c7s|/2hJcAh/4d/4h:900,-900(656.873989)
322:Player,BR:0cr600c/r910c/cc/r2093f:6s6d,ThQh|/3dKsKd/4d/6c:1610,-1610(1610.000000)
323:BR,Player:0r130c/cr299c/cc/cc:5hTc,2d3d|/2hTsJd/Qc/7d:529,-529(101.599946)
324:Player,BR:0cc/cc/r200c/r390c:3cKc,4cQd|/2s8s9c/Kd/2d:690,-690(10.596436)
325:BR,Player:0r130c/cr299c/cc/cr687c:5hTs,6d8c|/3hThTd/7s/Jc:1216,-1216(1157.208028)
326:Player,BR:0cc/r200c/cc/r390c:2s7d,7sAh|/2c4sTc/As/Jd:-690,690(-690.000000)
327:BR,Player:0r130c/cc/cc/cr299c:8hKh,4c5h|/6hJhAh/Jc/4h:529,-529(511.597135)
328:Player,BR:0cr300f:KsAs,3h9c|:100,-100(100.000000)
329:BR,Player:0cc/cr130c/cr299c/cr687f:QdAh,4d9s|/2h3h5d/8h/6c:-529,529(-529.000000)
330:Player,BR:0cc/cc/r130c/cc:3c9s,2cJc|/2d6dKh/Ts/5d:-230,230(91.944776)
331:BR,Player:0r130c/cr299c/cr1058f:QdQc,3h4h|/2s5hKh/8s:-529,529(-529.000000)
332:Player,BR:0cr130c/r690c/cc/cc:7cTc,QsKd|/2h5c9s/4h/6h:-920,920(183.107614)
333:BR,Player:0r130c/cr299c/cc/cc:ThAc,6d9d|/2s4s9h/Td/7h:529,-529(529.000000)
334:Player,BR:0cc/cc/cc/cc:6c7h,AsAc|/3s6h9c/Tc/Ah:-100,100(-99.099888)
335:BR,Player:0r130c/cc/cc/cc:3dJc,TcKs|/3c6c8d/8s/2s:230,-230(230.000000)
336:Player,BR:0cc/cc/cc/r130c:7hJc,2sKs|/2d2cTd/7c/8c:-230,230(-221.254939)
337:BR,Player:0r130c/cc/cr299c/cr1058f:9dJc,TdAd|/7cQsKs/Js/3h:-529,529(-529.000000)
338:Player,BR:0cc/cc/cc/cc:3d8d,7hKc|/2s3sQc/5d/Ad:100,-100(52.524497)
339:BR,Player:0r200c/cc/cc/cr390f:6d7c,4d5h|/8cThJc/Ac/3s:-300,300(-300.000000)
340:Player,BR:0cc/cc/cc/cc:8sAd,5d7c|/9dTcKc/8h/Qh:100,-100(100.000000)
341:BR,Player:0r300c/cc/cc/cr800c:7cAh,TdJc|/3h5h8s/7d/2d:1200,-1200(1200.000000)
342:Player,BR:0cr200c/cc/cc/cc:2s5s,8s9s|/5cTsKh/7h/9d:-300,300(-230.070087)
343:BR,Player:0f:6h9h,3c6s|:50,-50(50.000000)
344:Player,BR:0cr300c/r800c/r1560c/cc:2sKs,7cAs|/3s4h8c/Ad/Tc:-2760,2760(-2760.000000)
345:BR,Player:0r200c/cc/cr390f:2d4d,8hKs|/TcKcAh/3h:-300,300(-300.000000)
346:Player,BR:0cc/cc/cc/cc:6cKh,4c7c|/4s8sQc/Th/Ah:-100,100(-16.206352)
347:BR,Player:0r130c/cc/cc/cc:6dAc,AsAh|/7c9cJc/9s/Qc:230,-230(230.000000)
348:Player,BR:0cr200c/cc/r150c/cc:5cKc,7s7h|/4d6hTh/Td/4h:-450,450(-432.668683)
349:BR,Player:0r130c/cr299c/cc/cc:5d7s,4sQc|/3d4d8c/Jh/3h:-529,529(-512.848791)
350:Player,BR:0cr600c/cc/cc/cc:5h8d,8hTs|/4h8cQh/9d/Qd:-700,700(-579.528060)
351:BR,Player:0r130c/cc/cr299f:9hJs,6c8s|/3c7sQh/8c:-230,230(-230.000000)
352:Player,BR:0cc/cc/cc/r130f:8s9d,7dJh|/2s5h9h/Ah/3c:100,-100(100.000000)
353:BR,Player:0r130c/cr460c/cr897f:2dKs,4sJs|/3s3dAs/Td:-690,690(-690.000000)
354:Player,BR:0cr600f:TsQs,4cJs|:100,-100(100.000000)
355:BR,Player:0f:QhQc,2h9c|:50,-50(50.000000)
356:Player,BR:0cc/cc/cc/cc:4h9d,7cTc|/4c7sAc/6h/Qs:-100,100(-67.936773)
357:BR,Player:0r130c/cr299f:3c6d,5s5c|/2h2d9h:-230,230(-230.000000)
358:Player,BR:0cc/cc/r300c/r1200c:3c4h,9hAc|/2d6dQd/6c/6s:-1600,1600(-552.156053)
359:BR,Player:0r200c/cc/cc/cr900f:ThTc,QcAd|/4s6c7d/Jd/Ac:-300,300(-300.000000)
360:Player,BR:0cc/cc/r200f:2hTc,3sJh|/JcQsKd/5h:100,-100(100.000000)
361:BR,Player:0r200c/cc/cc/cc:7dQd,6s6d|/4c5c9c/Kc/2c:0,-0(-0.000000)
362:Player,BR:0cr200c/cc/r900f:3d4d,8c9s|/7hJdKs/5d:300,-300(300.000000)
363:BR,Player:0cc/cr200c/cc/cc:6dKh,3hJs|/2s9sKs/9d/2d:300,-300(298.636260)
364:Player,BR:0cc/cc/cc/cc:JdQc,KcAd|/4d6sAc/Td/8h:-100,100(-87.562358)
365:BR,Player:0cc/cc/cc/cr200f:7h9d,6s8h|/3d4sTc/8d/5s:-100,100(-100.000000)
366:Player,BR:0cc/cc/cc/cc:3s9d,8cQs|/5h7cTd/Ac/Ts:-100,100(-3.306408)
367:BR,Player:0r200c/cr390c/cr345c/cr2070c:8sAh,6sTd|/5h5cKd/Qc/8d:3105,-3105(2382.193309)
368:Player,BR:0cr200c/cc/r390c/r1380c:8hJd,2hTd|/2d8sJs/8d/2s:2070,-2070(-1318.794695)
369:BR,Player:0f:6hKc,2h5c|:50,-50(50.000000)
370:Player,BR:0cc/cc/r300f:6s8d,3s5c|/4s7dTs/2c:100,-100(100.000000)
371:BR,Player:0r200c/cr390c/cc/cc:9hQh,7hAs|/3s3h5s/9d/5h:690,-690(690.000000)
372:Player,BR:0cr300f:8d8c,3h6d|:100,-100(100.000000)
373:BR,Player:0r130c/cr299c/cc/cr1587c:3dKs,8sKh|/5sThKd/7h/4h:-2116,2116(-384.982343)
374:Player,BR:0cr300f:4dAd,2s8c|:100,-100(100.000000)
375:BR,Player:0r200c/cc/cr600f:6sQs,7sAd|/9hTcKh/Ah:-300,300(-300.000000)
376:Player,BR:0cc/cc/r300c/r800c:2sQs,QdKs|/5s9sAs/Td/7s:-1200,1200(-1200.000000)
377:BR,Player:0r130c/cr299c/cr1587c/cr6348c:2hJc,4s9s|/2s8cQh/As/Td:8464,-8464(8464.000000)
378:Player,BR:0cr200c/cc/r150c/cc:QsKd,6hAc|/2s4h6d/Ah/8d:-450,450(-426.288247)
379:BR,Player:0r130c/cr299f:4s7s,7c8h|/6h6cJd:-230,230(-230.000000)
380:Player,BR:0cc/cc/cc/cc:3hQh,2h4d|/7dQcKs/7h/Ah:100,-100(51.400354)
381:BR,Player:0f:6dJd,2hTs|:50,-50(50.000000)
382:Player,BR:0cc/cc/cc/r130c:3h8c,4s5s|/KsKhAs/2h/3c:-230,230(-224.856824)
383:BR,Player:0r130c/cr299c/cr1587f:2sJd,QsKc|/2h6cKh/8s:-529,529(-529.000000)
384:Player,BR:0cr300c/cc/cc/cc:8hJh,QdKh|/2sTsAs/2d/Ah:-400,400(-210.203734)
385:BR,Player:0cc/cc/cc/cc:9dTh,9cKs|/3c8dJs/Ah/As:-100,100(-91.848756)
386:Player,BR:0cc/cc/r200c/cc:4cTh,2cJh|/3hQdAd/Ks/9c:-300,300(-92.957860)
387:BR,Player:0r130c/cr690f:3sQh,8s8h|/2d8cTc:-230,230(-230.000000)
388:Player,BR:0cc/cc/cc/r130c:5dJs,5sAd|/5h6h8d/7d/Jh:230,-230(28.214420)
389:BR,Player:0r200c/cr390c/cr897c/cc:7c8s,8hJh|/6h7sJc/5c/6c:-1587,1587(-1587.000000)
390:Player,BR:0cr300c/r520c/cc/r1840f:JhKd,4cQd|/2cJcKc/9h/2h:920,-920(920.000000)
391:BR,Player:0r130c/cc/cc/cc:8cJh,7hQd|/TdKdKc/4d/Kh:-230,230(-214.297559)
392:Player,BR:0cc/cc/cc/cc:2cAc,2s8c|/ThKsKh/7d/9d:100,-100(81.508453)
393:BR,Player:0r130c/cr299f:4s6c,5d7c|/8d9dQs:-230,230(-230.000000)
394:Player,BR:0cr200c/r600f:TsKd,2hJs|/4dQsKh:300,-300(300.000000)
395:BR,Player:0r130c/cr299c/cc/cr1058c:4d8c,JsJh|/5d6s7d/5c/2h:1587,-1587(1240.646430)
396:Player,BR:0cc/cc/cc/r130c:2s9c,2d6h|/2h7h9s/Kc/6s:230,-230(-203.825550)
397:BR,Player:0r130c/cc/cr460c/cc:8cAc,3h8h|/7s9dAh/6c/2c:690,-690(690.000000)
398:Player,BR:0cc/cc/cc/cc:2cKh,5h9h|/3sTsQs/Qh/3c:100,-100(69.344100)
399:BR,Player:0r130c/cr690f:9hTd,8hTh|/5hKsAc:-230,230(-230.000000)
400:Player,BR:0cc/cc/r130c/cc:7cJd,4d5h|/4s8hKh/6d/6h:-230,230(-212.405274)
401:BR,Player:0r130c/cr299c/cc/cc:7h9h,4dQs|/8c9cTc/6c/5c:0,-0(-0.000000)
402:Player,BR:0cc/cc/cc/r130c:2cAd,3cQh|/2h4sKc/Kh/2s:230,-230(12.661266)
403:BR,Player:0r130c/cc/cr115c/cc:5s7s,6s8d|/6cTsTh/4h/9s:-345,345(-345.000000)
404:Player,BR:0cr300f:ThAh,2sTd|:100,-100(100.000000)
405:BR,Player:0cc/cc/cc/cc:9sQd,2dJh|/2c5dTc/Ac/Ah:-100,100(-43.895244)
406:Player,BR:0cr300c/cc/cc/r200f:8s8d,7cTc|/5h9cQc/4s/9h:400,-400(400.000000)
407:BR,Player:0f:5cQs,3dTc|:50,-50(50.000000)
408:Player,BR:0cc/cc/cc/cc:JdQc,4h5s|/6dTcQh/6c/6h:100,-100(61.937586)
409:BR,Player:0r130c/cc/cc/cc:9hJh,7d9c|/7s8cAs/Kh/5s:-230,230(-230.000000)
410:Player,BR:0cr200c/cc/r390c/r897c:2c4c,8cJd|/5s7hKc/Ad/Ah:-1587,1587(-259.358322)
411:BR,Player:0r130c/cr460c/cr2070f:3c9s,3dTd|/3sTcJd/6h:-690,690(-690.000000)
412:Player,BR:0cr300c/cc/r200c/r300c:TdKc,4hJc|/2s6cAs/Kh/5c:900,-900(438.084038)
413:BR,Player:0r130c/cc/cr115c/cc:6hTs,5c7s|/7hTdJc/3d/Jh:345,-345(345.000000)
414:Player,BR:0cc/cc/cc/cc:3d4s,5hTd|/9hTcQc/8h/5d:-100,100(-73.937810)
415:BR,Player:0cc/cr200c/cc/cc:2c5d,4dJh|/5s7c9d/Th/Ts:300,-300(300.000000)
416:Player,BR:0cc/cc/r300f:6sJs,6hTs|/4s7sKh/4c:100,-100(100.000000)
417:BR,Player:0cc/cc/cr300f:4d8s,3sJc|/2dTdQs/Kc:-100,100(-100.000000)
418:Player,BR:0cr300f:ThJh,2cTs|:100,-100(100.000000)
419:BR,Player:0r130c/cr299c/cr1058c/cc:6d9d,JdJc|/5d7h7d/8c/Ac:1587,-1587(1587.000000)
420:Player,BR:0cr300c/cc/r520c/cc:7sAh,8dAd|/4s6sAs/Jd/Ts:920,-920(122.280201)
421:BR,Player:0r200c/cc/cc/cc:ThQc,4dJs|/7d8hAs/Kh/Jh:300,-300(300.000000)
422:Player,BR:0cc/cc/cc/cc:3cJs,4h6s|/5s6dKc/6h/Ac:-100,100(-95.138244)
423:BR,Player:0f:3d6s,2c9d|:50,-50(50.000000)
424:Player,BR:0cc/cc/cc/cc:3dTd,4s8s|/5s7sKd/Jh/7d:100,-100(82.292945)
425:BR,Player:0r130c/cr299c/cr687c/cc:8sQd,7dAh|/2d8h9d/4h/Ks:1216,-1216(-636.334116)
426:Player,BR:0cr200c/cc/cc/r150f:3d4d,5dTc|/3c6dQs/Ks/Kc:300,-300(300.000000)
427:BR,Player:0r130c/cr299f:3d8c,7hQh|/5h6cQd:-230,230(-230.000000)
428:Player,BR:0cr300c/cc/r200c/cc:3hAh,3sJc|/2h2dTs/7h/Qc:600,-600(579.706029)
429:BR,Player:0r130c/cc/cr115c/cr690c:6s8h,6h7s|/3s4hQd/7h/5h:1035,-1035(1035.000000)
430:Player,BR:0cr200c/cc/cc/cc:4dQd,7c8d|/JsJdAc/5s/2h:300,-300(300.000000)
431:BR,Player:0r130c/cc/cc/cr460f:5s6s,4cKh|/9hQdKd/7d/7c:-230,230(-230.000000)
432:Player,BR:0cc/cc/r130c/cc:9dTh,5sTc|/5d7c9h/Qh/8c:230,-230(228.597647)
433:BR,Player:0r130c/cc/cc/cr460c:TcQh,TdKh|/5hTsAs/7h/Ad:-690,690(605.750759)
434:Player,BR:0cr600c/cc/r140c/r1680f:QsKc,8hJs|/7cQdAd/Qh/7h:840,-840(840.000000)
435:BR,Player:0r130c/cc/cr299f:7hQc,7s9h|/2s9dTc/8c:-230,230(-230.000000)
436:Player,BR:0cr200c/cc/cc/cc:4h4c,TsJc|/7d9cAh/8h/Kh:-300,300(-277.667912)
437:BR,Player:0r130c/cr299c/cr687f:2hAh,5d7d|/8sThJs/5s:-529,529(-529.000000)
438:Player,BR:0cr300c/r520c/cc/cc:TdQd,6c7h|/2c4cTc/3c/5c:-920,920(-920.000000)
439:BR,Player:0r130c/cc/cc/cc:4sAd,5c6h|/4c5dJd/Kh/7c:-230,230(95.245813)
440:Player,BR:0cc/cc/cc/cc:TsKd,7hQh|/2c9s9c/7s/Ad:-100,100(-75.532431)
441:BR,Player:0cc/cr130c/cc/cc:ThKd,7hAs|/3s3dQs/2c/5h:-230,230(6.650529)
442:Player,BR:0cr300c/cc/r2400c/cc:9sTd,6hAd|/3c7sQd/Kc/6d:-2800,2800(-1117.310649)
443:BR,Player:0r130c/cr460f:3dJs,4sQd|/5d7sAd:-230,230(-230.000000)
444:Player,BR:0cc/cc/r200c/cc:5cTd,3s7s|/7c8sJc/Jd/Ts:300,-300(295.399254)
445:BR,Player:0r130c/cc/cc/cc:ThAc,6hJh|/6s7cAs/Ts/3c:230,-230(230.000000)
446:Player,BR:0cc/cc/cc/r130c:5d9c,9hQh|/5s8cTs/Jh/4c:-230,230(-229.415026)
447:BR,Player:0f:7dKc,2s3h|:50,-50(50.000000)
448:Player,BR:0cc/cc/cc/r130f:8dTh,7cTc|/4c5hJd/3h/9d:100,-100(100.000000)
449:BR,Player:0r200c/cc/cc/cr390c:4cKs,7s8d|/5h8hKh/2s/5d:690,-690(477.891151)
450:Player,BR:0cc/cc/r130c/r299f:9dJc,2h8s|/2s5c9s/Ad/7s:230,-230(230.000000)
451:BR,Player:0r130c/cr460c/cc/cc:9hKd,3d6d|/4c5cJd/Qc/4s:690,-690(-146.157039)
452:Player,BR:0cc/cc/cc/cc:2dTs,3hJh|/3d5s9d/5c/2s:-100,100(-77.187131)
453:BR,Player:0r130c/cc/cr460f:5c9h,6d8h|/4c7sQs/Ah:-230,230(-230.000000)
454:Player,BR:0cc/cc/cc/cc:2d9d,2s5c|/7s8d8c/Qc/Kd:100,-100(88.534633)
455:BR,Player:0r130c/cr460c/cc/cc:2sAd,3s7s|/4h6d8d/4d/4c:690,-690(690.000000)
456:Player,BR:0cr300f:9hTh,3s7h|:100,-100(100.000000)
457:BR,Player:0cc/cc/cc/cc:2s3h,2hKc|/3dAsAd/Jd/Qs:100,-100(100.000000)
458:Player,BR:0cc/cc/cc/cc:5sQc,QsQd|/6s9dTs/5c/Ac:-100,100(-74.463405)
459:BR,Player:0cc/cc/cr200c/cr600c:KhKc,4h9s|/2s5c6c/Th/Td:900,-900(600.186610)
460:Player,BR:0cc/cc/cc/cc:3sKd,5hTc|/8sJhAh/Qh/5c:-100,100(-19.670031)
461:BR,Player:0r130c/cr299c/cc/cc:2cAc,4sQh|/8h9sAh/7c/8c:529,-529(529.000000)
462:Player,BR:0cr600c/r910c/r3220c/r2415f:TsTh,2sQs|/5s5d8s/7h/3c:4830,-4830(4830.000000)
463:BR,Player:0r200c/cc/cr390f:2s9c,QdAd|/4d5dKs/6c:-300,300(-300.000000)
464:Player,BR:0cr130c/cc/cc/r115f:KhKc,8sJd|/4h7d7c/Qh/Qs:230,-230(230.000000)
465:BR,Player:0cc/cc/cc/cc:2s9h,3cTs|/8s8dJs/Qs/4h:-100,100(-100.000000)
466:Player,BR:0cc/cc/cc/cc:4s6h,TsAs|/9hTdKh/6d/3h:-100,100(-80.516163)
467:BR,Player:0r130c/cr299c/cr264c/cr1030c:2hQd,7hQh|/TcJdKs/9s/9h:0,-0(-0.000000)
468:Player,BR:0cr200c/cc/cc/r390c:KdKc,8dJc|/3h5sJs/3c/7d:690,-690(-232.203303)
469:BR,Player:0r130c/cr299c/cc/cc:8cQc,6sQd|/2c6dKh/4s/Ad:-529,529(-53.005125)
470:Player,BR:0cc/cc/cc/r130c:3s5h,5d8d|/2s9cTs/Qc/8h:-230,230(-14.443347)
471:BR,Player:0r130c/cc/cr690c/cr1196f:6sKd,5sAs|/3d4cAd/Ac/Jc:-920,920(-920.000000)
472:Player,BR:0cr200c/cc/cc/r900f:QcAs,9hAh|/5h6c9d/3d/Qs:300,-300(300.000000)
473:BR,Player:0r200c/cr390c/cr1380c/cc:9dTh,4dQd|/7s8dQh/3c/5h:-2070,2070(-2068.634628)
474:Player,BR:0cc/cc/cc/cc:5hKd,QsAs|/3d7hKc/4h/7s:100,-100(-31.759799)
475:BR,Player:0f:8sTd,3d6c|:50,-50(50.000000)
476:Player,BR:0cc/cc/cc/r130f:8d9s,2dQc|/8sKdAh/7s/2h:100,-100(100.000000)
477:BR,Player:0r130c/cr299f:4c7c,5hQs|/5s5dJh:-230,230(-230.000000)
478:Player,BR:0cc/cc/r200c/r600c:TsKh,4dJc|/4c7sTd/Kc/As:900,-900(136.818164)
479:BR,Player:0r200c/cr390f:5s9s,5c6c|/4d7sQh:-300,300(-300.000000)
480:Player,BR:0cr300c/cc/cc/r520f:5d7d,3hQc|/5cTsAh/Ad/5s:400,-400(400.000000)
481:BR,Player:0r130c/cc/cr460c/cr1380f:JhAc,ThKc|/2h6c7c/Tc/3h:-690,690(-690.000000)
482:Player,BR:0cc/cc/cc/cc:3cKs,KhKc|/2c6cTh/Qh/2d:-100,100(-65.402712)
483:BR,Player:0r130c/cc/cc/cc:9hAc,KcAs|/4h8s9c/2d/Th:230,-230(230.000000)
484:Player,BR:0cr130c/r299f:QsKs,3s8c|/TdQhQc:230,-230(230.000000)
485:BR,Player:0r130c/cc/cc/cc:7dQs,7hKd|/3d9hAd/Th/6d:-230,230(-230.000000)
486:Player,BR:0cr300c/cc/r800c/cc:3sAs,6h6d|/5c8dJs/4c/Jc:-1200,1200(-726.466531)
487:BR,Player:0cc/cc/cr130c/cc:9dAh,3d4h|/2s4s5h/5c/8c:-230,230(-156.425336)
488:Player,BR:0cc/cc/r130c/cc:7dTh,8dQc|/8sJcAc/5h/Qh:-230,230(-230.000000)
489:BR,Player:0r130c/cc/cr460c/cc:JhKh,6d8h|/2s4cAh/3c/Kd:690,-690(689.263167)
490:Player,BR:0cc/cc/cc/cc:7sKh,TdAh|/5s6s8c/6d/2h:-100,100(-46.434717)
491:BR,Player:0f:9dJs,2c5s|:50,-50(50.000000)
492:Player,BR:0cr300c/cc/r800c/r1560c:9h9d,QsQh|/2h4d7d/3h/4s:-2760,2760(-1382.846288)
493:BR,Player:0r200c/cr390c/cr2070c/cr3588f:JsKd,KsKh|/4c5hQc/9h/5d:-2760,2760(-2760.000000)
494:Player,BR:0cr300c/cc/r200c/r120f:TsAd,7c8s|/JhQhKh/9s/9c:600,-600(600.000000)
495:BR,Player:0r200c/cc/cr390c/cc:JcQs,7sAd|/4cKsKh/Kd/6s:-690,690(-536.224367)
496:Player,BR:0cr300c/cc/r1200c/r2080f:2dQd,KcAc|/4d9dKd/7h/Qs:1600,-1600(1600.000000)
497:BR,Player:0r200c/cr390c/cc/cc:5sQs,2cKh|/5cJhQc/2d/Qh:690,-690(690.000000)
498:Player,BR:0cc/cc/cc/cc:8dJc,5d8h|/2d9hAh/7h/6h:-100,100(-69.737529)
499:BR,Player:0r130c/cr299c/cc/cc:8s8h,7cQh|/6s9sKh/2c/9c:529,-529(529.000000)
500:Player,BR:0cr200c/r600c/cc/cc:6c8c,8hTd|/JhJcQd/6d/Kh:900,-900(-76.593630)
501:BR,Player:0r130c/cc/cc/cc:7cKh,3h5d|/5h7h9s/Ts/Ah:230,-230(205.656843)
502:Player,BR:0cc/cc/r130c/cc:8cTh,2d8s|/4h6h7h/2h/3s:230,-230(174.959361)
503:BR,Player:0cc/cr200c/cc/cc:8s9c,4dTh|/5hQhKd/Qc/6h:-300,300(34.734390)
504:Player,BR:0cr130c/cc/cc/cc:QsKs,2hJc|/4cThTd/7h/2c:-230,230(-164.363048)
505:BR,Player:0r130c/cr299f:5h9c,8hTh|/6hQhAd:-230,230(-230.000000)
506:Player,BR:0cr300c/r520c/r460c/r1794f:QcAs,8cKc|/4sJhQd/9h/Qs:1380,-1380(1380.000000)
507:BR,Player:0f:AsAh,2h9d|:50,-50(50.000000)
508:Player,BR:0cc/r130c/r115c/cc:3h6d,8h9s|/5d7h9h/6s/Ts:-345,345(-345.000000)
509:BR,Player:0r130c/cr299c/cr1587c/cr6348c:5s9d,5dTc|/8s9cKd/3c/Ks:8464,-8464(8003.120517)
510:Player,BR:0cr200c/r600f:8hTh,2s3s|/9hQdAd:300,-300(300.000000)
511:BR,Player:0cc/cc/cc/cc:5d9s,2hJd|/3dQsAc/Ks/Kh:-100,100(-94.422334)
512:Player,BR:0cc/cc/cc/cc:3d7c,8dAh|/2s8sKs/7h/9h:-100,100(-78.386708)
513:BR,Player:0r200c/cr390f:4d8s,4hJd|/2d3h3c:-300,300(-300.000000)
514:Player,BR:0cr200c/cc/r900f:6sAs,4s6d|/3d7cAh/Jc:300,-300(300.000000)
515:BR,Player:0f:8dQs,3h8s|:50,-50(50.000000)
516:Player,BR:0cc/cc/cc/cc:ThKc,JdAs|/4dTdTc/8d/6d:-100,100(-85.701883)
517:BR,Player:0r130c/cr299f:2hJs,7hKs|/6d8sQh:-230,230(-230.000000)
518:Player,BR:0cc/cc/cc/cc:4h8h,6s6c|/4d5cJd/4s/Tc:100,-100(-65.850979)
519:BR,Player:0r130c/cr299c/cc/cr687f:9cJs,9sQc|/2hThQh/Jc/7c:-529,529(-529.000000)
520:Player,BR:0cc/cc/r200c/r600f:3sJh,QdKs|/5d7dTh/Js/6s:300,-300(300.000000)
521:BR,Player:0r200c/cc/cc/cr600c:4cKd,5s7h|/8c9sKh/Th/3s:900,-900(222.024878)
522:Player,BR:0cc/cc/cc/r130f:6sTc,6cKs|/3h7hJc/Jh/8c:100,-100(100.000000)
523:BR,Player:0r300c/cr520c/cr1840c/cc:6sQc,6c8c|/2c9hKc/5d/8s:-2760,2760(-2760.000000)
524:Player,BR:0cc/cc/cc/cc:4hAc,4s7d|/7s8d8c/5h/6d:0,-0(-62.146850)
525:BR,Player:0r200c/cc/cc/cr600f:7cKd,7s9d|/6dTsTc/2h/8h:-300,300(-300.000000)
526:Player,BR:0cc/cc/cc/r130f:4cKh,3sTh|/4h7d9h/9d/8h:100,-100(100.000000)
527:BR,Player:0cc/cc/cr130f:2h7h,4d7s|/6sQhAs/5d:-100,100(-100.000000)
528:Player,BR:0cc/cc/cc/r130c:9cAd,4c6h|/6d6c9s/Ac/Kh:-230,230(35.554227)
529:BR,Player:0r130c/cr460c/cc/cc:4sAs,3d6c|/6h9dQs/Tc/9h:-690,690(-295.224313)
530:Player,BR:0cr300f:4hKh,3h7h|:100,-100(100.000000)
531:BR,Player:0r130c/cc/cr115c/cr2070c:2dTd,8dTs|/2c3s4c/7s/Jd:2415,-2415(514.245763)
532:Player,BR:0cc/cc/r130f:2s3c,6h7h|/4c9cQd/Kc:100,-100(100.000000)
533:BR,Player:0r200c/cr390c/cc/cc:6c7h,9hQh|/6s6hQc/Td/Ac:690,-690(690.000000)
534:Player,BR:0cc/cc/cc/r130f:7c9d,5cKs|/2c3s7h/Tc/Ac:100,-100(100.000000)
535:BR,Player:0r130c/cr460c/cc/cc:2sJc,8hJs|/9cQcKc/Th/6c:690,-690(690.000000)
536:Player,BR:0cc/cc/r200c/r390f:5hAs,3sJd|/9dKdAc/Qd/3c:300,-300(300.000000)
537:BR,Player:0r200c/cc/cc/cc:5dKd,6cKs|/3s9cTh/2s/2d:0,-0(-256.723022)
538:Player,BR:0cc/cc/cc/cc:3dAh,6d7h|/7sTcKc/2c/9h:-100,100(-64.824568)
539:BR,Player:0r130c/cc/cc/cc:5h9s,9h9d|/2s5dAc/Ks/Ts:-230,230(139.345887)
540:Player,BR:0cc/cc/cc/r130c:6cJh,KsKd|/4c7dTh/7s/3c:-230,230(-195.735599)
541:BR,Player:0cc/cc/cc/cr200c:8h9d,3hJc|/5hTcKh/2s/8c:300,-300(-49.542954)
542:Player,BR:0cr600f:KhKd,2cJd|:100,-100(100.000000)
543:BR,Player:0f:5c9s,2d5s|:50,-50(50.000000)
544:Player,BR:0cr600c/cc/r350c/cc:2s6s,6dAh|/8d9cTh/Kd/As:-1050,1050(-1035.461798)
545:BR,Player:0cc/cc/cr130f:2sAs,4d7h|/4hThKc/Ts:-100,100(-100.000000)
546:Player,BR:0cc/cc/r200f:3sAc,2c3c|/7c8dAs/6d:100,-100(100.000000)
547:BR,Player:0r200c/cr390c/cr2070c/cc:5hAc,7s8s|/4c5s9s/Jd/5d:2760,-2760(2760.000000)
548:Player,BR:0cc/cc/r130c/r299f:9cJs,2dKc|/2s4dJd/8d/4c:230,-230(230.000000)
549:BR,Player:0cc/cr200c/cr600f:2c6c,7s8c|/6s9cJd/Th:-300,300(-300.000000)
550:Player,BR:0cr200c/cc/cc/cc:TsKh,4h6d|/3c5s9h/3d/7c:-300,300(-298.307422)
551:BR,Player:0r130c/cc/cc/cc:4s7d,5c8s|/2hThKd/5d/Js:-230,230(-230.000000)
552:Player,BR:0cc/cc/r130c/r299f:9sKc,4s8h|/6h7cTh/Kh/Tc:230,-230(230.000000)
553:BR,Player:0r200c/cc/cc/cc:7s7d,4sQh|/8s8dTd/Ah/7h:300,-300(300.000000)
554:Player,BR:0cr300f:3d5d,5s6d|:100,-100(100.000000)
555:BR,Player:0cc/cc/cr130c/cc:4dAh,4cKc|/8dJhAd/Kh/8h:230,-230(230.000000)
556:Player,BR:0cc/cc/cc/r130c:9dJc,2cQc|/2s6h8d/3c/8s:-230,230(49.839959)
557:BR,Player:0r130c/cr690f:5s8c,KcAh|/3cQsAs:-230,230(-230.000000)
558:Player,BR:0cr300c/cc/cc/cc:7sJs,4hTh|/8d9cQh/7c/Ah:400,-400(400.000000)
559:BR,Player:0f:5h5c,3h9d|:50,-50(50.000000)
560:Player,BR:0cr200c/cc/r150c/cc:7dAc,3s7c|/3c6hTd/2d/Jd:-450,450(38.360116)
561:BR,Player:0r130c/cc/cc/cc:8hTc,TsAh|/3d4hQd/7h/Kc:-230,230(-230.000000)
562:Player,BR:0cr300c/cc/r1200c/cc:7cTc,7d8c|/6c7h9c/4s/Ah:1600,-1600(775.175431)
563:BR,Player:0r200c/cc/cc/cr390f:2sTc,7d8d|/6h8cAc/3d/3c:-300,300(-300.000000)
564:Player,BR:0cc/cc/r200c/r390c:7dJh,5s5d|/4c8d9d/Jd/Td:690,-690(-384.490613)
565:BR,Player:0f:9hKc,3s6c|:50,-50(50.000000)
566:Player,BR:0cr200c/r390c/cc/cc:4d5d,6cAd|/2dJcQs/Ks/2c:-690,690(-268.613387)
567:BR,Player:0r200c/cc/cr600c/cc:5hQh,7s8c|/JhQdAs/Tc/9d:-900,900(-359.183070)
568:Player,BR:0cr300c/r520c/r184c/r1435c:7h7c,6dAh|/2s4h8c/8d/3d:2539,-2539(-1464.406495)
569:BR,Player:0r130c/cc/cc/cr460c:9hAc,3dAd|/6d7cKh/Qd/2d:-690,690(-61.136187)
570:Player,BR:0cr300c/cc/cc/r200f:4sKs,4hTh|/6hAsAc/5h/5c:400,-400(400.000000)
571:BR,Player:0r130c/cr299c/cc/cr687f:4cKd,6cQd|/3h8s8h/4d/Qs:-529,529(-529.000000)
572:Player,BR:0cr600f:3d3c,5hQc|:100,-100(100.000000)
573:BR,Player:0r130c/cc/cc/cr299f:3d9d,3sKc|/JsJdKd/Tc/Ks:-230,230(-230.000000)
574:Player,BR:0cr200c/cc/cc/r390c:5d9d,2h2d|/3cJcQd/Th/8s:690,-690(230.017665)
575:BR,Player:0r130c/cc/cc/cc:6s7s,5s5h|/3c8hTd/Qs/9c:230,-230(230.000000)
576:Player,BR:0cr300c/cc/cc/cc:TsKd,4dQd|/5dQcAs/7c/8s:-400,400(-377.059724)
577:BR,Player:0r130c/cr299c/cr1058f:7c9d,2s3s|/TsKcAs/Tc:-529,529(-529.000000)
578:Player,BR:0cr200c/cc/r150c/cc:7s7c,3d6d|/3s4cKc/Qs/Ts:450,-450(383.820731)
579:BR,Player:0r130c/cr299c/cr687c/cc:3cQd,5cTd|/3d7hKh/Qc/5h:1216,-1216(1216.000000)
580:Player,BR:0cr200c/r1800c/r4200c/cc:6cTc,4dQd|/2d5c9d/Jc/Qs:-6300,6300(-1635.214449)
581:BR,Player:0r130c/cc/cc/cc:8cAd,8hQs|/2dJhAh/Kc/5c:230,-230(230.000000)
582:Player,BR:0cr200c/r390c/r897c/r3174f:2h4h,5hQh|/2c3dTd/2d/6h:1587,-1587(1587.000000)
583:BR,Player:0r200c/cr390f:4s9d,2cAh|/2h8sAd:-300,300(-300.000000)
584:Player,BR:0cr200c/r390c/r897c/r793c:9hAh,TdAc|/4dKsAs/7d/5s:-2380,2380(-283.853457)
585:BR,Player:0r130c/cc/cc/cr460c:QcAs,9cTc|/5s5c7h/Kd/5d:690,-690(475.346514)
586:Player,BR:0cc/cc/cc/cc:5sKh,9dKs|/2c4h7c/6c/5d:100,-100(95.334037)
587:BR,Player:0r200c/cc/cc/cr390f:7dJc,5cKh|/6c8hAh/Ad/Kd:-300,300(-300.000000)
588:Player,BR:0cc/cc/r130c/r115f:4d8h,9hQh|/9s9dTd/Ad/8d:230,-230(230.000000)
589:BR,Player:0r130c/cr299c/cr1058c/cc:5s6h,7sJh|/6cQdAs/Kd/Jc:-1587,1587(-1501.351613)
590:Player,BR:0cc/cc/r130c/r460c:3h6d,8cTh|/5d8h9h/Ac/2c:-690,690(-361.382611)
591:BR,Player:0cc/cc/cr130f:3dTd,7h8d|/8sQhKs/8c:-100,100(-100.000000)
592:Player,BR:0cc/cc/r130c/r299c:8hJc,4hAh|/2d5sTd/5c/Qs:-529,529(-75.880386)
593:BR,Player:0r130c/cr299c/cc/cc:QdKh,8c9d|/4d6sTd/9c/Ad:-529,529(48.799141)
594:Player,BR:0cr130c/r299c/cc/cc:TcQs,5hAd|/4d6h7s/Ks/8s:-529,529(-509.886412)
595:BR,Player:0r130c/cc/cr690f:9sJc,8h9d|/3c5sJd/Kc:-230,230(-230.000000)
596:Player,BR:0cc/cc/cc/cc:4d5c,9sKh|/QsQhKc/3d/8c:-100,100(-87.219548)
597:BR,Player:0r130c/cr299c/cr687c/cc:7hQh,9s9c|/7s8dJs/Ks/Kc:-1216,1216(610.560191)
598:Player,BR:0cr300c/cc/r200c/r780c:JdKs,6cQs|/QhQdKh/8c/Tc:-1380,1380(-1233.974051)
599:BR,Player:0r130c/cc/cc/cc:TsJd,9dQd|/2cQcKc/4h/7c:-230,230(-230.000000)
600:Player,BR:0cc/cc/cc/cc:2s4d,3sKh|/8h9cTd/9d/7d:-100,100(59.211443)
601:BR,Player:0cc/cr200c/cc/cc:JcKc,3cJh|/2h3s8c/4s/4c:-300,300(-165.575274)
602:Player,BR:0cc/cc/cc/cc:6d9s,2sQh|/7d8dKs/6h/8s:100,-100(29.426103)
603:BR,Player:0r130c/cc/cc/cc:3h6s,6hTs|/6dJdQs/7h/8h:-230,230(65.866109)
604:Player,BR:0cc/cc/cc/r130f:6hQs,2cKd|/4c8dTc/6s/Jd:100,-100(100.000000)
605:BR,Player:0r200c/cc/cc/cr600f:7dKc,8hJd|/3c8dTh/Qc/Jc:-300,300(-300.000000)
606:Player,BR:0cc/cc/cc/r130c:6dJs,2hKh|/3h9hTh/Jd/5s:-230,230(-230.000000)
607:BR,Player:0cc/cc/cc/cr200f:4s7c,3cJs|/4cJcKs/5h/Kd:-100,100(-100.000000)
608:Player,BR:0cr200c/cc/r150c/cc:TcQc,3sAd|/7cAsAc/Kh/Js:450,-450(-371.834938)
609:BR,Player:0r130c/cr299c/cc/cr687c:JdQs,3sAc|/5c6cJc/7s/4h:-1216,1216(-367.222259)
610:Player,BR:0cr200f:TcQd,3h4d|:100,-100(100.000000)
611:BR,Player:0cc/cr130c/cc/cc:6s6c,8dJc|/2cTsKc/7d/4d:230,-230(217.164847)
612:Player,BR:0cr300f:3h3c,2s5h|:100,-100(100.000000)
613:BR,Player:0r130c/cc/cr115c/cr1035f:2h7c,8dAc|/5s5cJd/Ad/Qh:-345,345(-345.000000)
614:Player,BR:0cc/cc/cc/cc:2d4c,2sTh|/6dQhAh/Jd/Qd:-100,100(10.904594)
615:BR,Player:0r200c/cc/cr150c/cc:7h8h,8c9s|/2dJsAh/Th/5d:-450,450(-396.742130)
616:Player,BR:0cc/cc/cc/cc:5dTs,AsAc|/5h7d9h/4h/Jc:-100,100(-72.785776)
617:BR,Player:0r130c/cc/cc/cc:4hAs,7dAc|/5c8sJd/Kd/Qc:0,-0(-159.352215)
618:Player,BR:0cr600c/cc/r140c/r1680f:KcAh,5dAc|/7d8sTc/Td/Ks:840,-840(840.000000)
619:BR,Player:0r130c/cr299c/cc/cc:9d9c,5dAc|/4s7hJd/8d/3s:529,-529(529.000000)
620:Player,BR:0cc/cc/cc/cc:2cAh,4hAc|/5d9cTc/4d/Th:-100,100(-97.369853)
621:BR,Player:0r130c/cr299c/cr3174c/cc:3cTd,JhQh|/4cTsKs/6c/Qc:-3703,3703(-3125.534731)
622:Player,BR:0cc/cc/cc/r130f:TdJh,6hJs|/4s7hTs/Ah/7c:100,-100(100.000000)
623:BR,Player:0r200c/cr390c/cc/cc:8dQs,2cAd|/4c5sQc/5h/5c:690,-690(690.000000)
624:Player,BR:0cc/cc/cc/r130f:5c8s,2s6s|/5h9dJd/Ah/As:100,-100(100.000000)
625:BR,Player:0r130c/cc/cc/cr299c:2dKc,QsAc|/6dQhKd/8c/3c:529,-529(483.279820)
626:Player,BR:0cr600f:3dKd,7h8d|:100,-100(100.000000)
627:BR,Player:0r130c/cc/cc/cc:4c8c,QhAc|/5c9cTh/4d/7c:230,-230(230.000000)
628:Player,BR:0cr1200f:8c9c,2c6d|:100,-100(100.000000)
629:BR,Player:0cc/cc/cc/cc:4hQh,6hJs|/7hKsAd/7d/Td:100,-100(49.144350)
630:Player,BR:0cr200c/r390c/cc/r345f:8s9d,5sJc|/2h8h8d/4h/2c:690,-690(690.000000)
631:BR,Player:0r130c/cr299c/cc/cc:8sQc,TsKc|/4s5c9d/6d/As:-529,529(-515.155237)
632:Player,BR:0cc/cc/cc/r130c:2dTs,3sJs|/4h8sJc/4d/6s:-230,230(-155.005754)
633:BR,Player:0cc/cc/cc/cr200f:2s8s,6dTd|/3sKsAc/7d/3d:-100,100(-100.000000)
634:Player,BR:0cc/cc/cc/cc:3sAc,8sKs|/8c9sJc/Qc/6s:-100,100(-33.017311)
635:BR,Player:0r130c/cc/cc/cc:6s9s,7s7c|/6cTdKh/2h/Js:-230,230(144.605461)
636:Player,BR:0cc/cc/cc/cc:5dQs,3s4c|/2d6hQc/Jh/As:100,-100(100.000000)
637:BR,Player:0f:3c5c,2d4s|:50,-50(50.000000)
638:Player,BR:0cc/cc/cc/r200c:7hAc,4dTs|/3c5hQc/7s/7d:300,-300(10.731993)
639:BR,Player:0f:4h5s,2s9h|:50,-50(50.000000)
640:Player,BR:0cc/cc/cc/r300c:5sAh,4cJs|/4s6hAd/4d/Jh:-400,400(-395.284090)
641:BR,Player:0cc/cr200c/cc/cc:2cAh,3cTs|/4d5d7c/8d/Td:-300,300(-201.289276)
642:Player,BR:0cc/cc/cc/cc:6cQh,7s7h|/2h9hTd/8d/3d:-100,100(-82.183915)
643:BR,Player:0r130c/cc/cr299c/cc:7sKd,5hJd|/7dQsAs/Qd/Qc:529,-529(383.878443)
644:Player,BR:0cc/cc/r200c/r390f:3h8h,6sJh|/2d4c6h/9s/5s:300,-300(300.000000)
645:BR,Player:0r130c/cc/cc/cc:6s9c,5hAs|/9sThJs/8c/3s:230,-230(-12.289353)
646:Player,BR:0cr200c/cc/r150c/cc:9cAs,JsKc|/8s8hJc/3h/7d:-450,450(-411.699798)
647:BR,Player:0cc/cr130c/cc/cr460c:4h5h,7dTd|/5d8cQc/4c/5s:690,-690(690.000000)
648:Player,BR:0cc/cc/cc/cc:2hKs,9dTc|/6c9sAc/5c/2s:-100,100(-73.395006)
649:BR,Player:0r130c/cc/cr299c/cc:4hAd,9sQs|/2hJdAc/Qc/4s:529,-529(529.000000)
650:Player,BR:0cc/cc/r130c/cc:6h8c,9hKc|/3s4hTh/8h/7h:-230,230(-191.967520)
651:BR,Player:0r200c/cc/cc/cc:7s7h,8dKh|/9dQdAd/8s/Qc:-300,300(54.254306)
652:Player,BR:0cr300c/cc/cc/r200f:7cJc,2dKs|/3d6c7d/Ts/3c:400,-400(400.000000)
653:BR,Player:0f:7sAh,3s9h|:50,-50(50.000000)
654:Player,BR:0cc/cc/cc/r130f:3s8h,2d3c|/3h8dQs/Ks/Kd:100,-100(100.000000)
655:BR,Player:0r130c/cr299c/cc/cr687f:KcAs,2cKd|/6cTsJd/8c/3h:-529,529(-529.000000)
656:Player,BR:0cr130c/r299f:QdKs,4d9s|/3hJdKh:230,-230(230.000000)
657:BR,Player:0r200c/cc/cc/cc:3d4c,7s7d|/8s8dTs/3h/Qh:-300,300(260.348208)
658:Player,BR:0cc/cc/cc/r130f:2sTd,2hAh|/4dTcJs/9s/9h:100,-100(100.000000)
659:BR,Player:0r200c/cr390f:3s8d,6d7h|/2s2dKd:-300,300(-300.000000)
660:Player,BR:0cr300f:7cAh,2d5d|:100,-100(100.000000)
661:BR,Player:0r130c/cc/cr115c/cr448c:7d8h,9cJd|/5c6dKh/5h/4d:793,-793(764.467235)
662:Player,BR:0cr130c/cc/cc/cc:2hAh,2c5d|/6sJdQs/6c/9h:230,-230(230.000000)
663:BR,Player:0f:6d7s,3h7d|:50,-50(50.000000)
664:Player,BR:0cc/cc/r130c/cc:6s9c,9dKd|/4c5s7h/8c/8s:230,-230(78.516592)
665:BR,Player:0r130c/cc/cc/cr690f:9hTd,9dQs|/5c6cQd/Jd/6d:-230,230(-230.000000)
666:Player,BR:0cr200c/r900c/r240c/cc:QdKh,5s5d|/4d7sKd/6d/Td:1440,-1440(1281.043176)
667:BR,Player:0r130c/cc/cc/cr299f:6dQc,9dKh|/4d9sTs/Qd/Jd:-230,230(-230.000000)
668:Player,BR:0cc/cc/cc/cc:8cJh,6hTd|/2h3cAd/9c/2s:100,-100(94.184838)
669:BR,Player:0cc/cc/cr200f:2cTh,5sTc|/4c7hQh/9c:-100,100(-100.000000)
670:Player,BR:0cc/cc/cc/cc:6h7s,9hJd|/2hJcQs/3c/2s:-100,100(-55.779910)
671:BR,Player:0r200c/cr600c/cc/cc:2hAd,4dKh|/3d7hJc/9s/4h:-900,900(390.855895)
672:Player,BR:0cr300c/cc/cc/r200c:TcQc,6cJs|/4h5sAh/8d/Jh:-600,600(265.058925)
673:BR,Player:0r130c/cc/cc/cc:5d9c,7hAs|/2hThKc/4s/8h:-230,230(-230.000000)
674:Player,BR:0cc/cc/cc/cc:2c6h,4sJs|/ThQsQd/3c/Ts:-100,100(-17.606034)
675:BR,Player:0r130c/cr299c/cr1058f:5sTs,3cAs|/3dTcAc/9h:-529,529(-529.000000)
676:Player,BR:0cr200c/r390c/r345c/r1345f:9sAs,8sAh|/5s6sQs/7h/5d:1035,-1035(1035.000000)
677:BR,Player:0f:2c3s,2h4d|:50,-50(50.000000)
678:Player,BR:0cr200f:7hKh,2s3h|:100,-100(100.000000)
679:BR,Player:0cc/cr300c/cr800c/cc:3c9c,6sAc|/4c8cQc/Td/8h:1200,-1200(1200.000000)
680:Player,BR:0cc/cc/cc/cc:9cTs,4h6s|/3c4sJd/2s/Kc:-100,100(-62.836252)
681:BR,Player:0r130c/cc/cr299c/cc:6cJc,7cKh|/ThTcQc/9s/5c:529,-529(529.000000)
682:Player,BR:0cr300c/cc/cc/cc:3hQh,9hKd|/3c7cKc/8s/Td:-400,400(-360.560021)
683:BR,Player:0f:6dKs,3d8c|:50,-50(50.000000)
684:Player,BR:0cc/cc/cc/cc:3h6c,3c7c|/3sTdQs/9s/3d:0,-0(-85.549710)
685:BR,Player:0r130c/cr299c/cc/cr1058c:TsTc,6hQs|/2c4c6s/3h/Qd:-1587,1587(198.407680)
686:Player,BR:0cr600c/cc/r910c/cc:JdKs,3h3c|/2c8cQd/6h/Ts:-1610,1610(-833.809047)
687:BR,Player:0f:4sTh,2s3d|:50,-50(50.000000)
688:Player,BR:0cc/cc/cc/r130c:2cKs,2h9c|/JsQdKh/9s/As:230,-230(-39.859505)
689:BR,Player:0r300f:2hTc,9sAs|:-100,100(-100.000000)
690:Player,BR:0cc/cc/cc/cc:2c3h,5s7s|/4c6sJc/9c/4s:-100,100(86.953046)
691:BR,Player:0r300f:4h7c,6sJc|:-100,100(-100.000000)
692:Player,BR:0cc/cc/cc/cc:2h8c,7h7d|/5cQdKd/8s/6d:100,-100(-61.146916)
693:BR,Player:0r200c/cc/cc/cc:3c5s,6h9d|/5c9cKd/Qh/8c:-300,300(-24.076746)
694:Player,BR:0cc/cc/r200c/cc:5cTs,KhKc|/3c9cAs/4h/7c:-300,300(-293.953916)
695:BR,Player:0r130c/cc/cc/cc:5s9h,2hKc|/3d6d7h/As/Jc:-230,230(-230.000000)
696:Player,BR:0cc/r130c/cc/cc:4s7s,2cJh|/8sQdAc/Td/6h:-230,230(-230.000000)
697:BR,Player:0r200c/cc/cc/cr390c:5dQh,7dTs|/5s9dQc/Tc/4s:690,-690(669.809124)
698:Player,BR:0cr300c/cc/cc/cc:9sQh,6sKh|/2c6cQc/7d/Js:400,-400(-219.006210)
699:BR,Player:0r130c/cr690f:6s8s,2h2d|/7dJhQd:-230,230(-230.000000)
700:Player,BR:0cc/cc/cc/cc:4h9d,3dJs|/5c7cJd/As/5d:-100,100(-75.505119)
701:BR,Player:0r130c/cc/cc/cc:6sTd,4cAs|/7s9cTh/9d/5h:230,-230(230.000000)
702:Player,BR:0cr200c/cc/cc/r390f:ThJs,7h8h|/5cJcKd/Qs/7s:300,-300(300.000000)
703:BR,Player:0r130c/cc/cc/cc:9cQd,QcKs|/3d8dJh/2d/Td:230,-230(230.000000)
704:Player,BR:0cc/cc/r130c/r115c:6c9s,7dQc|/2cJhQs/5h/6s:-345,345(-223.195981)
705:BR,Player:0cc/cc/cc/cr130f:7s9s,TsJc|/2cJhKh/2s/8s:-100,100(-100.000000)
706:Player,BR:0cc/cc/r200c/cc:3h8h,QdAc|/7s9hQs/6h/9s:-300,300(-283.957720)
707:BR,Player:0r130c/cc/cr299c/cc:9hQs,4d7s|/4s8cKd/Ks/Qc:529,-529(529.000000)
708:Player,BR:0cr600c/cc/cc/cc:2d2c,2sAs|/3d4h7c/6h/Ts:700,-700(650.840727)
709:BR,Player:0r200c/cc/cc/cr900f:9cTh,TcQc|/8h8cAh/Jh/9d:-300,300(-300.000000)
710:Player,BR:0cc/cc/cc/cc:4hTs,4sQs|/7h8cKs/Qd/3h:-100,100(-80.417494)
711:BR,Player:0r130c/cr299c/cr1058c/cc:KsKc,TsQc|/2s7dJh/7c/Td:1587,-1587(1587.000000)
712:Player,BR:0cr300c/cc/r800c/cc:4s7s,TdQh|/9cQdKh/Ad/8s:-1200,1200(-1185.409667)
713:BR,Player:0r130c/cr299c/cr1587c/cc:2hKs,4cTd|/2d2c9s/7d/6d:2116,-2116(2116.000000)
714:Player,BR:0cr600c/r2100f:JcKc,5sAh|/5d6cQs:700,-700(700.000000)
715:BR,Player:0r200c/cc/cc/cc:2c9s,9dAc|/4sJdQc/7d/Td:-300,300(-300.000000)
716:Player,BR:0cr300c/cc/cc/r520c:3hTh,8cJs|/4h8d9d/2c/7s:-920,920(-47.985951)
717:BR,Player:0cc/cr130c/cc/cc:3dQd,4h9c|/4s8dAd/Ac/6s:-230,230(-98.666882)
718:Player,BR:0cr300c/cc/r1200f:JsKs,5sTs|/5h6dQh/Kc:400,-400(400.000000)
719:BR,Player:0f:6dJh,2h4c|:50,-50(50.000000)
720:Player,BR:0cr200c/cc/r150f:2h9h,4s5s|/8d9cQs/3d:300,-300(300.000000)
721:BR,Player:0r130c/cr299c/cr1587c/cc:TsAh,JcQc|/4d8cQd/Js/8h:-2116,2116(-1634.956892)
722:Player,BR:0cr300c/r520c/cc/r1196f:KhKd,8d9c|/6h7cJs/Ad/Ac:920,-920(920.000000)
723:BR,Player:0r130c/cr1380c/cc/cc:8sJd,4s8d|/6dQdKc/7c/Ks:1610,-1610(1610.000000)
724:Player,BR:0cc/cc/cc/cc:3s8s,8dTd|/5c6hQh/3h/9h:100,-100(89.255070)
725:BR,Player:0r130c/cr460f:5dTc,5sQc|/3d6c8h:-230,230(-230.000000)
726:Player,BR:0cc/cc/r130c/r115f:8dTs,3sAd|/2h5d8h/Ks/9s:230,-230(230.000000)
727:BR,Player:0r130c/cc/cr299c/cr1058c:TsAs,3h6h|/2d6c9d/3c/Ad:-1587,1587(1048.134070)
728:Player,BR:0cc/cc/cc/cc:7sJh,5cAh|/2c5dAs/9s/Ad:-100,100(-99.682393)
729:BR,Player:0cc/cc/cc/cr200f:5h6s,9dTh|/4cAhAc/5d/2c:-100,100(-100.000000)
730:Player,BR:0cr300f:9cQd,2d8d|:100,-100(100.000000)
731:BR,Player:0r200c/cr390c/cr897c/cc:5hAh,KsKh|/2d2cJh/Td/Jd:-1587,1587(805.977092)
732:Player,BR:0cc/cc/cc/cc:2sKh,4s6s|/4c6d9s/7d/Ts:-100,100(-72.175920)
733:BR,Player:0r130c/cc/cc/cr299f:6s9h,5hJs|/2sThQh/Jh/7s:-230,230(-230.000000)
734:Player,BR:0cc/cc/cc/cc:3cTd,4h6c|/2s3d9d/Ks/6d:-100,100(-63.995973)
735:BR,Player:0r200c/cr390f:5d6d,8hAd|/3sTcAh:-300,300(-300.000000)
736:Player,BR:0cr200c/r900c/r1560c/cc:5s6h,TsQs|/2s7h8h/3h/Js:-2760,2760(-2368.304422)
737:BR,Player:0r130c/cc/cr115c/cr1035c:4c6h,4sJs|/5d9hKh/6c/Ks:1380,-1380(1311.910558)
738:Player,BR:0cc/cc/cc/cc:6h8c,3c5c|/2s3hQs/9c/2d:-100,100(-42.164852)
739:BR,Player:0r130c/cr299c/cc/cc:3hQh,5hQc|/3c9d9c/Kc/4d:529,-529(199.540588)
740:Player,BR:0cc/cc/cc/cc:2cKc,9sKd|/3c7dQc/Td/8c:100,-100(37.692663)
741:BR,Player:0r130c/cc/cc/cc:2c6s,6dJd|/3d7hKc/2s/7s:230,-230(230.000000)
742:Player,BR:0cc/cc/cc/cc:4h6c,3cJd|/ThQhKh/Jh/Ks:100,-100(44.596287)
743:BR,Player:0r130c/cc/cr115c/cc:3h6h,9dQd|/7c9cTd/6c/Ah:-345,345(-233.621328)
744:Player,BR:0cc/cc/r130c/cc:7dTh,6sAd|/6h9cQd/4d/9d:-230,230(-122.522443)
745:BR,Player:0r130c/cc/cr299f:7d9s,ThQh|/8cJsAd/5d:-230,230(-230.000000)
746:Player,BR:0cc/cc/r130f:8sJc,2d6s|/7s8hAc/5c:100,-100(100.000000)
747:BR,Player:0r130c/cc/cc/cc:5h7h,6dAd|/4dTcJc/7s/5s:230,-230(230.000000)
748:Player,BR:0cc/cc/cc/cc:3sKh,9sQc|/6s7dQs/Td/5s:-100,100(-81.484597)
749:BR,Player:0r200c/cr600f:2s7s,3c5h|/4h6cJs:-300,300(-300.000000)
750:Player,BR:0cc/cc/cc/r130c:4h8s,2cTc|/3h7cAc/Qc/5s:-230,230(-228.356066)
751:BR,Player:0f:JhKs,3h7s|:50,-50(50.000000)
752:Player,BR:0cc/cc/cc/r130c:4s6h,8h8c|/TcJdAh/4h/Ad:-230,230(-68.065901)
753:BR,Player:0f:2s4s,2c8h|:50,-50(50.000000)
754:Player,BR:0cc/cc/r130c/cc:3h8c,7cQh|/6dQsKh/Js/8h:-230,230(-210.981860)
755:BR,Player:0cc/cc/cr130c/cc:TcJc,9sQh|/3h9dKs/As/2c:-230,230(28.000654)
756:Player,BR:0cr300c/cc/cc/cc:JsKh,6c7c|/5d6d8s/2c/As:-400,400(-186.044060)
757:BR,Player:0r130c/cr299c/cc/cr687f:7sKd,6hAd|/2d4s6c/9s/Jd:-529,529(-529.000000)
758:Player,BR:0cr300c/r520c/r1840c/cc:7dAc,6cAs|/9cThKc/6s/5h:-2760,2760(-2177.439516)
759:BR,Player:0r200c/cr390c/cc/cc:8cQd,4hAc|/2s6dKd/6c/7c:-690,690(83.908960)
760:Player,BR:0cc/cc/cc/cc:3s4h,7hAs|/4d8dQs/9h/Jc:100,-100(16.738351)
761:BR,Player:0r130c/cc/cr115f:3d9s,TsAd|/4c8sQc/4d:-230,230(-230.000000)
762:Player,BR:0cc/cc/r130c/r690c:3hQs,4dAd|/5cTsJc/9s/Tc:-920,920(-918.682207)
763:BR,Player:0f:8cJs,3dTs|:50,-50(50.000000)
764:Player,BR:0cr300c/cc/cc/cc:9cKs,7h8d|/5h5c8h/Ts/Ah:-400,400(-184.155235)
765:BR,Player:0r130c/cr299c/cc/cc:2h5c,3c6c|/5d9hQd/Ad/8d:529,-529(-50.419691)
766:Player,BR:0cc/cc/r130f:2hAd,4hTs|/2d9dKh/2s:100,-100(100.000000)
767:BR,Player:0r200c/cr390c/cr897c/cc:TsQd,6sAd|/4sKhAh/2s/Js:1587,-1587(1587.000000)
768:Player,BR:0cc/cc/cc/r130f:4hQd,2c5h|/4c7hAc/7d/Td:100,-100(100.000000)
769:BR,Player:0r130c/cr460c/cr1380f:3cJd,6dQd|/8dQcKd/Ad:-690,690(-690.000000)
770:Player,BR:0cc/cc/r130c/r115c:4cQd,4sQh|/5dThQs/9h/Ah:0,-0(-95.402253)
771:BR,Player:0r130c/cr299c/cc/cc:3cTh,7sTc|/2hJhAd/9h/7h:529,-529(529.000000)
772:Player,BR:0cc/cc/cc/cc:2dAd,5h9d|/2h3c9c/6d/9h:-100,100(-96.166569)
773:BR,Player:0r200c/cc/cr390f:3h7d,2cQh|/6d9dJh/5c:-300,300(-300.000000)
774:Player,BR:0cc/cc/r200c/r900f:3h6d,TsKc|/7s9hQc/5d/4d:300,-300(300.000000)
775:BR,Player:0r130c/cc/cr115c/cr690f:2hAh,5d6d|/2s6c7h/6s/4h:-345,345(-345.000000)
776:Player,BR:0cc/cc/cc/r130f:3d7c,4c8d|/ThTcAh/3h/6s:100,-100(100.000000)
777:BR,Player:0r130c/cc/cr115c/cc:AhAc,5s5c|/2s2cKs/6c/Td:345,-345(345.000000)
778:Player,BR:0cc/cc/cc/r300c:5d7c,7hQc|/ThQdKc/8h/9c:-400,400(-342.434564)
779:BR,Player:0r200c/cc/cc/cc:TcAc,2s2c|/4s7hTh/6s/8s:300,-300(255.497896)
780:Player,BR:0cc/cc/cc/r130c:4c9s,2s6h|/2h6s6c/2d/7c:-230,230(-220.097701)
781:BR,Player:0r200c/cc/cc/cr390c:6h7s,3sKc|/4s9hJh/7h/Qs:690,-690(-253.873325)
782:Player,BR:0cr200c/cc/cc/r900c:8sJs,3d5d|/6sJdAh/Qd/8d:-1200,1200(-1111.931737)
783:BR,Player:0f:5cQh,2hJc|:50,-50(50.000000)
784:Player,BR:0cc/cc/cc/cc:5c6s,2h7s|/3d4hQc/Ad/6h:100,-100(100.000000)
785:BR,Player:0r130c/cr299c/cc/cr1058f:TdKc,7s8s|/9hJhJc/2d/Th:-529,529(-529.000000)
786:Player,BR:0cr600f:KdAh,5s6c|:100,-100(100.000000)
787:BR,Player:0r130c/cr299c/cc/cc:JcKd,7dKc|/TcJdQd/3c/2c:529,-529(529.000000)
788:Player,BR:0cc/cc/r300f:8hJs,2h9c|/7s7dTc/4s:100,-100(100.000000)
789:BR,Player:0cc/cc/cc/cr130f:6cQc,3s6h|/4cTcQh/As/Th:-100,100(-100.000000)
790:Player,BR:0cc/cc/cc/cc:6cKd,ThAs|/2s3sTs/8d/4d:-100,100(-85.818299)
791:BR,Player:0r130c/cr299c/cr687c/cc:8dQd,7h9h|/5d7d9s/3h/6s:1216,-1216(1216.000000)
792:Player,BR:0cr200c/cc/r600c/r1170c:5s5d,9hTs|/5hJcAs/2d/8d:2070,-2070(77.226837)
793:BR,Player:0r130c/cc/cr299f:4s9s,9h9c|/5hKcAc/7h:-230,230(-230.000000)
794:Player,BR:0cr300c/cc/r520c/r1196c:AsAc,6s8d|/2h4s7s/5s/Qh:-2116,2116(-1992.334955)
795:BR,Player:0r130c/cc/cc/cr299c:2dKd,7hAh|/4h4cTc/9d/2h:529,-529(119.201050)
796:Player,BR:0cc/cc/cc/r200c:2d4h,5dAh|/3c7hAd/7d/2c:-300,300(-287.816953)
797:BR,Player:0r130c/cc/cc/cr460f:2c5h,TdAh|/3d7dKc/Qh/Ad:-230,230(-230.000000)
798:Player,BR:0cc/cc/r200c/cc:8h9s,9cAs|/6sQcAc/7c/Ks:-300,300(-277.363934)
799:BR,Player:0r130c/cr299c/cc/cc:9dJc,8dTs|/3d4hQd/Th/7h:-529,529(-333.633273)
800:Player,BR:0cc/cc/cc/r130c:2h8s,4cAd|/4s8cJd/Jc/Qh:230,-230(18.154959)
801:BR,Player:0r130c/cc/cc/cr299f:2s3s,7h9s|/TdQsAh/Qh/Kc:-230,230(-230.000000)
802:Player,BR:0cc/cc/cc/cc:2cJh,2h9h|/6d7hKs/Kh/4s:100,-100(84.822225)
803:BR,Player:0r130c/cc/cr299c/cc:3s4c,5sQc|/3d7sJc/7c/5c:-529,529(145.525491)
804:Player,BR:0cc/cc/r130c/r115c:5sKd,AsAc|/6c8dQc/Ks/6s:-345,345(-342.239833)
805:BR,Player:0r300c/cc/cc/cr520c:9cKd,7dJh|/2h2dKs/7c/2s:920,-920(916.525208)
806:Player,BR:0cr130c/cc/r299c/r687c:TdJd,2sQs|/2c4hTh/9h/2d:-1216,1216(-1096.896387)
807:BR,Player:0r130c/cc/cc/cr460f:3d6c,JhAd|/4c5sKc/9s/Ac:-230,230(-230.000000)
808:Player,BR:0cc/cc/cc/cc:6sJh,JsKc|/4s4dQc/9d/7d:-100,100(-10.728653)
809:BR,Player:0r130c/cc/cc/cr460f:8s8c,3cKc|/QsQhAd/Th/As:-230,230(-230.000000)
810:Player,BR:0cc/cc/cc/cc:3hAs,ThQd|/5s7dQc/4h/9h:-100,100(-93.578683)
811:BR,Player:0r130c/cr299c/cr687c/cc:7sTc,3c8c|/6s9cTs/Qh/8d:1216,-1216(1167.390513)
812:Player,BR:0cc/cc/r130c/r299c:2d6c,8sKs|/3c4h8c/8d/6d:-529,529(-514.953225)
813:BR,Player:0r200c/cr600f:3c5c,5d7d|/2c8d9s:-300,300(-300.000000)
814:Player,BR:0cc/cc/r130c/r460c:3s6d,9hQd|/5d7c8c/2d/Th:-690,690(-25.390045)
815:BR,Player:0r130c/cc/cc/cc:4h6s,6dAs|/5hTsQs/8c/Kd:-230,230(-230.000000)
816:Player,BR:0cr600c/cc/cc/cc:JcAd,TcKd|/3d8h9s/Qh/Kh:-700,700(-568.199859)
817:BR,Player:0r130c/cc/cc/cc:6cTc,6sAc|/8s9dQh/4c/Td:230,-230(215.012440)
818:Player,BR:0cr300c/cc/cc/cc:5h5c,5dQs|/2d9cAh/Jd/8h:400,-400(397.207546)
819:BR,Player:0r130c/cr299c/cc/cr687c:4cJc,8dKc|/2dThKh/Jd/7d:-1216,1216(-441.595134)
820:Player,BR:0cr300c/cc/r200c/cc:JhAc,9sKc|/2c4hKs/7c/Tc:-600,600(-471.157320)
821:BR,Player:0r200c/cc/cr600f:2cJd,KsAd|/3h5s9c/Ac:-300,300(-300.000000)
822:Player,BR:0cr200c/cc/r150f:3hTc,3c7c|/2dQcAs/2h:300,-300(300.000000)
823:BR,Player:0cc/cc/cc/cr300c:3hKc,3cJc|/6h6d9h/2c/4c:400,-400(400.000000)
824:Player,BR:0cc/cc/cc/r300f:3cTs,7dKc|/3d5cTh/8d/Jh:100,-100(100.000000)
825:BR,Player:0f:3h5h,2d9s|:50,-50(50.000000)
826:Player,BR:0cc/cc/r130c/r115c:6s8c,3hAd|/2d6h6d/8d/9d:345,-345(-314.748478)
827:BR,Player:0cc/cc/cc/cc:QsAh,2dJh|/7cKdAc/4c/4s:100,-100(100.000000)
828:Player,BR:0cr200c/cc/r150c/cc:6sQs,9cKh|/7c9sTs/5s/Th:450,-450(-259.591715)
829:BR,Player:0r130c/cc/cc/cr460c:3dJd,3h6c|/7cQhKd/7s/4s:690,-690(481.085731)
830:Player,BR:0cr300c/cc/cc/r800c:TcQd,3h3c|/2h8dKh/9s/4c:-1200,1200(-860.655309)
831:BR,Player:0r130c/cc/cc/cc:6hQs,8dQh|/2c5sAc/6d/6c:230,-230(230.000000)
832:Player,BR:0cc/cc/cc/r300c:2d3c,4c8h|/8dJsKh/Td/Qs:-400,400(-77.596535)
833:BR,Player:0r130c/cr299c/cc/cr1058f:6sKd,8cJs|/2c7h8s/6d/7c:-529,529(-529.000000)
834:Player,BR:0cc/cc/cc/cc:2h7d,3hJc|/2d9cTd/6d/Ac:100,-100(89.559197)
835:BR,Player:0r130c/cc/cc/cr460c:9d9c,8sTh|/7c8cAc/2s/5h:690,-690(291.184550)
836:Player,BR:0cr300f:3h6h,3c9d|:100,-100(100.000000)
837:BR,Player:0r130c/cc/cr299c/cr1058f:4cKc,5s9c|/4h7dTh/Jh/8s:-529,529(-529.000000)
838:Player,BR:0cr200c/r390c/cc/r2070c:6s9d,TdJc|/5cThJh/Ts/2h:-2760,2760(-2760.000000)
839:BR,Player:0r130c/cc/cc/cr299f:3s7s,8sQc|/5cJsAd/8h/Ac:-230,230(-230.000000)
840:Player,BR:0cr600f:JsAc,4sJh|:100,-100(100.000000)
841:BR,Player:0r130c/cc/cc/cc:3c5d,JhKh|/5c7sTh/9d/7h:230,-230(180.051874)
842:Player,BR:0cr600f:4hKh,2c8c|:100,-100(100.000000)
843:BR,Player:0r200c/cr600f:2sJh,7hJd|/5dTsKd:-300,300(-300.000000)
844:Player,BR:0cr300c/cc/r200c/r300c:8h8d,JhAh|/5h5dKh/3d/6s:900,-900(189.646302)
845:BR,Player:0r130c/cr299c/cr687c/cr1580c:9dKd,5sJc|/7c9hAc/7s/6c:2796,-2796(2763.723016)
846:Player,BR:0cc/cc/r300f:JcQh,3hTs|/2d5cQc/3d:100,-100(100.000000)
847:BR,Player:0r130c/cr299c/cr687c/cc:4d9s,3sKc|/4h6d9h/5c/3c:1216,-1216(723.812100)
848:Player,BR:0cc/cc/cc/cc:2s9s,QdKh|/3d9cQs/Ah/2h:100,-100(-86.823805)
849:BR,Player:0r130c/cr299c/cr687c/cr1580c:5sTc,5cKh|/6d7sTd/4s/2h:2796,-2796(773.348096)
850:Player,BR:0cr200c/cc/cc/cc:JhAc,5h8d|/6h9dKd/Th/4d:300,-300(300.000000)
851:BR,Player:0r200c/cc/cc/cc:8dJc,7hAh|/3c4d6c/Td/7c:-300,300(-300.000000)
852:Player,BR:0cc/cc/r130c/cc:8cJs,KdAs|/5h7sTh/4h/9h:230,-230(225.445792)
853:BR,Player:0cc/cr130c/cc/cr460f:JcAc,5sTh|/6s7d8h/9d/7h:-230,230(-230.000000)
854:Player,BR:0cr200c/r390c/cc/cc:7c9d,4hQd|/4s8dAc/7s/Jh:690,-690(298.248965)
855:BR,Player:0r130c/cr460c/cr1380c/cr6210c:5c6c,4sJd|/4c5h8c/4h/4d:-8280,8280(4069.214249)
856:Player,BR:0cc/cc/cc/cc:3sAh,KdAs|/6d6cTs/6h/Td:0,-0(7.390896)
857:BR,Player:0r130c/cr299c/cc/cc:6sJc,3s5h|/4s7hKd/3h/Ks:-529,529(-285.774950)
858:Player,BR:0cc/cc/cc/cc:5d9d,JcQs|/6c9hTc/4d/8s:-100,100(-99.693697)
859:BR,Player:0f:3d8d,2s6c|:50,-50(50.000000)
860:Player,BR:0cc/cc/cc/r200f:5hTd,4hAs|/2sTsTc/Kd/Ks:100,-100(100.000000)
861:BR,Player:0cc/cc/cc/cr300c:5h8h,4s6d|/2cThJd/5c/9h:400,-400(232.349900)
862:Player,BR:0cc/cc/cc/r130c:3hJc,5d7d|/6dQdKd/4c/2d:-230,230(-194.615668)
863:BR,Player:0r200c/cr390c/cr897f:8cAh,9hTd|/2h6cKh/2c:-690,690(-690.000000)
864:Player,BR:0cr300c/cc/cc/cc:5sKd,6dAs|/7hTdJs/2c/Ac:-400,400(-253.949975)
865:BR,Player:0r130c/cr299c/cr687c/cc:7sJd,4h5d|/2hTcAh/9s/9c:1216,-1216(-559.686779)
866:Player,BR:0cc/cc/r130c/r299f:8cKd,2c8h|/6h9hKh/7c/9s:230,-230(230.000000)
867:BR,Player:0r200c/cc/cc/cc:TcQh,8cAd|/4s6dQs/Js/Kd:300,-300(300.000000)
868:Player,BR:0cc/cc/r130c/r690c:3s5h,3cJh|/4cJsKc/7d/8d:-920,920(-920.000000)
869:BR,Player:0f:6d9s,2d4s|:50,-50(50.000000)
870:Player,BR:0cc/cc/cc/cc:9cJh,9hKd|/2s8hAc/6h/Qd:-100,100(21.808248)
871:BR,Player:0r130c/cc/cc/cc:JhQh,6sAd|/5d7sTd/Ks/4c:-230,230(-230.000000)
872:Player,BR:0cr300c/cc/cc/cc:4s4h,KhAc|/7cThJd/2c/5c:400,-400(67.353934)
873:BR,Player:0r130c/cc/cc/cr460f:6sJs,TsQd|/4s8hKh/5d/Tc:-230,230(-230.000000)
874:Player,BR:0cc/cc/cc/cc:4hAs,3hTs|/3c8dQc/5d/Ks:-100,100(-31.513093)
875:BR,Player:0cc/cc/cc/cc:7dTs,4s9d|/4d8dTc/5s/Ac:100,-100(100.000000)
876:Player,BR:0cr300c/cc/cc/r200f:9sAd,4sJs|/QsKdAh/Qc/Kc:400,-400(400.000000)
877:BR,Player:0f:KsAd,3h8d|:50,-50(50.000000)
878:Player,BR:0cc/cc/r130c/r299f:3hJc,4cAs|/2h5hJs/4h/9s:230,-230(230.000000)
879:BR,Player:0f:7d8h,3s9d|:50,-50(50.000000)
880:Player,BR:0cr300c/r520c/r1196c/r4232f:2d9d,4s6s|/3d6h6d/5d/7h:2116,-2116(2116.000000)
881:BR,Player:0r130c/cr299c/cr1587c/cc:2c8s,4dJh|/2d9sKd/9d/8h:2116,-2116(2116.000000)
882:Player,BR:0cc/cc/cc/cc:5d9d,6dAh|/6hTdQc/7h/9h:100,-100(0.014157)
883:BR,Player:0r130c/cr299f:2s3c,6hQc|/8d9dTs:-230,230(-230.000000)
884:Player,BR:0cc/cc/r130c/r115f:9cQh,3s9h|/5sQcKh/7s/6s:230,-230(230.000000)
885:BR,Player:0r130c/cc/cc/cc:4sQd,5s5c|/4d7sTc/9h/Qs:230,-230(230.000000)
886:Player,BR:0cr300c/cc/cc/cc:9cKc,JdAd|/4hThJs/9d/8c:-400,400(-187.142339)
887:BR,Player:0r200c/cc/cc/cc:6cJd,QsAs|/2d4sTc/8h/Jh:300,-300(300.000000)
888:Player,BR:0cc/cc/cc/cc:4cKh,8d9s|/4d7cJc/Ts/5s:-100,100(-99.673025)
889:BR,Player:0r130c/cr299c/cc/cc:5dJs,7h9d|/2sJcQh/4s/Qs:529,-529(529.000000)
890:Player,BR:0cr200c/cc/r150c/cc:9sAh,9cAd|/TsQhKc/Td/4d:0,-0(217.897505)
891:BR,Player:0r130c/cr299c/cc/cc:3cAc,4dJh|/5s5d6d/Kh/4h:-529,529(28.445881)
892:Player,BR:0cc/cc/cc/r130f:7sKh,3s8d|/5sJsAc/Td/Qc:100,-100(100.000000)
893:BR,Player:0r200c/cr600f:8c9d,4c7h|/2s2d3d:-300,300(-300.000000)
894:Player,BR:0cr130c/r299c/r1058c/r2063f:JsKs,2hAs|/3d8cJh/2s/4c:1587,-1587(1587.000000)
895:BR,Player:0cc/cc/cr200f:2d9d,8d9s|/7dJcKs/Ts:-100,100(-100.000000)
896:Player,BR:0cc/cc/cc/r200c:6dKs,6sQd|/9dTdJs/4d/Ad:-300,300(-300.000000)
897:BR,Player:0r130c/cr460c/cc/cr1380c:7hJs,QsQd|/4h8s9c/Tc/Ts:2070,-2070(2070.000000)
898:Player,BR:0cr300c/cc/cc/r200f:JhAs,3sKc|/6d7dAd/8c/Ah:400,-400(400.000000)
899:BR,Player:0r130c/cr299c/cr1058c/cc:4sJd,6h7h|/5h9sKc/Qd/7c:-1587,1587(-1587.000000)
900:Player,BR:0cc/cc/cc/r200c:2c8d,6s6h|/7d8sAh/8c/2h:300,-300(-127.269671)
901:BR,Player:0r130c/cc/cc/cc:6hTc,3dKh|/5cJcAh/7d/9d:-230,230(-230.000000)
902:Player,BR:0cc/cc/r130f:2d5c,2s4d|/3c6hQd/3h:100,-100(100.000000)
903:BR,Player:0r200c/cr600f:3hTc,JdKs|/6s7s9c:-300,300(-300.000000)
904:Player,BR:0cr200c/cc/cc/cc:7hAd,2d2c|/5s8dTc/3c/As:300,-300(1.470863)
905:BR,Player:0r200c/cr900c/cr2400f:KhKd,TsJc|/5c8s9d/Qd:-1200,1200(-1200.000000)
906:Player,BR:0cr600f:4h5s,5c8s|:100,-100(100.000000)
907:BR,Player:0r130c/cr299c/cr687c/cc:7sQh,JdQs|/3s5cJc/6d/7d:-1216,1216(-566.662777)
908:Player,BR:0cc/cc/cc/r200f:8dTc,4sJc|/2s4h9h/7c/8c:100,-100(100.000000)
909:BR,Player:0r130c/cr299c/cc/cc:8c9s,7h9h|/2cThJd/7d/Ts:529,-529(529.000000)
910:Player,BR:0cr200c/cc/r150c/r585c:9hQh,2sKs|/2d6dKd/7d/Kh:-1035,1035(-1035.000000)
911:BR,Player:0cc/cc/cc/cr130c:6hJh,5d6s|/7h8sQh/2s/Th:230,-230(229.969981)
912:Player,BR:0cc/cc/r130c/cc:2hQs,7h9h|/7s8hKc/Qd/3h:230,-230(-40.228796)
913:BR,Player:0r200c/cr390c/cc/cc:7h8d,3d4d|/8s8cTs/2c/6c:690,-690(690.000000)
914:Player,BR:0cr200c/r390c/cc/cc:4d6d,6hAs|/JhQcKd/2h/Jd:-690,690(-1.459073)
915:BR,Player:0cc/cc/cc/cc:2cTh,8s9c|/KhKdAs/Tc/6c:100,-100(100.000000)
916:Player,BR:0cc/cc/cc/cc:5hQd,8d9h|/4c5s5d/2s/Kh:100,-100(91.905543)
917:BR,Player:0cc/cr300f:5d8s,5hJh|/3c4hAh:-100,100(-100.000000)
918:Player,BR:0cr300f:9sAs,2c7d|:100,-100(100.000000)
919:BR,Player:0r200c/cr390c/cr897c/cr3174c:2cAd,4s6h|/8h9sJs/8s/Kh:4761,-4761(-679.900875)
920:Player,BR:0cr130c/r299c/cc/r264f:9dAs,QhAc|/4s5dAd/7h/6d:529,-529(529.000000)
921:BR,Player:0cc/cc/cc/cc:4hJh,3h6s|/TdQdKc/3c/9c:100,-100(100.000000)
922:Player,BR:0cr300c/cc/cc/r200c:8cKc,7dQh|/2s5sQc/6s/3s:-600,600(-492.985097)
923:BR,Player:0r130c/cc/cc/cc:4h6s,3dKh|/2s6d6c/Ad/Ac:230,-230(230.000000)
924:Player,BR:0cc/cc/cc/r130f:5d6c,2cJs|/5c6hTd/8c/7c:100,-100(100.000000)
925:BR,Player:0r130c/cr690c/cr1840f:ThTd,7s9d|/5d6c8c/7d:-920,920(-920.000000)
926:Player,BR:0cr300c/r520c/cc/cc:JsQc,8sKh|/3h5cTh/4c/Qs:920,-920(283.113624)
927:BR,Player:0r200c/cc/cc/cc:TdKs,5sJh|/5h7h8h/6s/Ac:-300,300(-300.000000)
928:Player,BR:0cc/cc/r130c/r299c:JsKc,7h7d|/3d4dKs/7c/5c:-529,529(98.686852)
929:BR,Player:0r130c/cr1380c/cc/cc:9sKh,9cTs|/2h5sKc/Th/8h:1610,-1610(1610.000000)
930:Player,BR:0cr200c/cc/cc/r390c:5d7d,JdKh|/2hTcQs/9h/4c:-690,690(-683.764340)
931:BR,Player:0r200c/cc/cc/cc:JhKh,8cAh|/4dQsQc/Ks/Qh:300,-300(300.000000)
932:Player,BR:0cc/cc/r200c/cc:2cQh,4h7c|/4d9dAh/3h/3s:-300,300(-124.605274)
933:BR,Player:0r130c/cr299c/cc/cr687c:5sJs,ThQc|/2c4c6d/Ts/Jd:1216,-1216(252.901088)
934:Player,BR:0cc/cc/r200c/r900f:3c7d,6dAd|/7s9dJh/7c/4h:300,-300(300.000000)
935:BR,Player:0r130c/cc/cr115c/cc:5s5h,6h7s|/2hAdAc/7d/8d:-345,345(-201.546166)
936:Player,BR:0cc/cc/cc/cc:2hKc,2c9h|/2d5h7h/5s/4h:100,-100(-57.000618)
937:BR,Player:0r200c/cr390c/cc/cc:4h4d,5dKd|/3s5cJh/Qd/2c:-690,690(116.782272)
938:Player,BR:0cr300c/cc/cc/cc:8hAs,5hJd|/4dJhQc/Th/2s:-400,400(-268.785594)
939:BR,Player:0r200c/cr390c/cr1380c/cr2691c:8c9h,6dTc|/6c9sTh/6h/5s:-4761,4761(-461.906777)
940:Player,BR:0cc/cc/r130c/cc:2h3h,4c5c|/2s8cTh/Tc/7s:230,-230(230.000000)
941:BR,Player:0r200c/cc/cc/cr390c:5hTs,3cJc|/3h8s9d/7h/9c:-690,690(-201.749239)
942:Player,BR:0cr300c/cc/r200c/r300f:5d8d,9d9c|/TdKdAd/Jc/Qc:600,-600(600.000000)
943:BR,Player:0r200c/cc/cc/cr600c:9dAs,7cAd|/3h5h7h/2s/Qd:-900,900(-10.736963)
944:Player,BR:0cr200c/cc/r900f:3h6h,2dJs|/7s9hKh/7d:300,-300(300.000000)
945:BR,Player:0r130c/cc/cc/cr299c:6dJd,4cAd|/2h6h7c/Kh/5c:529,-529(154.461407)
946:Player,BR:0cr200c/cc/cc/r150f:JhJc,2c8h|/5d9cAs/Qc/4c:300,-300(300.000000)
947:BR,Player:0cc/cr130c/cc/cc:2dJs,5c9s|/4h8hKd/Ts/3d:230,-230(-108.297024)
948:Player,BR:0cr200f:2cJc,2s7c|:100,-100(100.000000)
949:BR,Player:0r200c/cc/cr150c/cc:3c6c,QcKc|/5h5d7h/Ac/4d:450,-450(450.000000)
950:Player,BR:0cc/cc/cc/cc:4d5s,9h9d|/JdJcKd/7s/7d:-100,100(-62.686257)
951:BR,Player:0r130c/cc/cc/cc:TdKd,2hAc|/5d8s9c/Kc/Jh:230,-230(230.000000)
952:Player,BR:0cc/cc/cc/cc:6dQc,9hJs|/4h4cTs/7c/7d:100,-100(51.155256)
953:BR,Player:0r130c/cc/cr115c/cr448c:8s8d,5c9c|/5s7sJd/7d/3s:793,-793(731.960994)
954:Player,BR:0cc/cc/cc/r130c:6hQd,JsAd|/4s8hTc/Jc/2d:-230,230(-179.511144)
955:BR,Player:0r130c/cc/cr690c/cr1840f:9cJc,4h5c|/2c4d6d/4s/9d:-920,920(-920.000000)
956:Player,BR:0cc/cc/cc/r130c:2sKh,7c8c|/8sQcKd/3c/6h:230,-230(-29.538433)
957:BR,Player:0r130c/cc/cr115c/cr1035f:6hAd,6dTc|/6s8d9s/7h/Kh:-345,345(-345.000000)
958:Player,BR:0cr300c/r520c/cc/cc:7h8d,2dQc|/3d4s6s/Qs/Jc:-920,920(-721.325692)
959:BR,Player:0r130c/cr299c/cr687c/cr1580c:QcKc,KsAs|/7s7cQd/Kh/4d:2796,-2796(2196.416889)
960:Player,BR:0cc/cc/cc/cc:3dTh,8dJd|/6h7hKd/Qd/4h:-100,100(17.673487)
961:BR,Player:0r130c/cr299c/cc/cc:8h9s,3dKh|/4sQsQc/Ks/Js:529,-529(529.000000)
962:Player,BR:0cr200c/r390c/cc/r345c:KsKc,JhKd|/4s7hKh/7s/9c:1035,-1035(-899.085520)
963:BR,Player:0r130c/cr690c/cc/cc:ThAh,TsKh|/3s5dTc/Jd/Qh:920,-920(441.554603)
964:Player,BR:0cc/cc/r300c/r520f:2cAh,6s6h|/3s9dAc/8h/4h:400,-400(400.000000)
965:BR,Player:0r200c/cc/cr390c/cc:7hAd,3cTc|/8h9hTh/5s/7c:-690,690(-577.030245)
966:Player,BR:0cr300c/cc/r800c/r1560c:9cQs,4hQh|/4c5hJc/Ac/Th:-2760,2760(916.845151)
967:BR,Player:0r130c/cr299c/cc/cr687c:2h3d,5cQd|/2cThJd/8c/Tc:1216,-1216(375.264646)
968:Player,BR:0cc/cc/cc/cc:3sQs,3c7s|/5hTdQh/Ks/Tc:100,-100(78.344608)
969:BR,Player:0cc/cr130c/cr460f:6dAd,9s9d|/3d9hJc/6h:-230,230(-230.000000)
970:Player,BR:0cc/cc/r300f:JdKs,5d8h|/2h3sKd/Qc:100,-100(100.000000)
971:BR,Player:0f:2sKh,2c4h|:50,-50(50.000000)
972:Player,BR:0cr300c/cc/r520c/r460f:3cQc,5hJc|/7hQhQd/Qs/7s:920,-920(920.000000)
973:BR,Player:0r130c/cc/cc/cc:ThTd,4h4d|/3c8s9h/Ac/Jc:230,-230(230.000000)
974:Player,BR:0cc/cc/cc/cc:2c7d,3s3c|/9sTsAs/4h/2s:-100,100(-54.078660)
975:BR,Player:0r200c/cr390f:6c8d,TsTc|/2s7hJh:-300,300(-300.000000)
976:Player,BR:0cc/cc/cc/cc:3sTd,6d9c|/4d9dKd/5d/9h:100,-100(-54.065409)
977:BR,Player:0r130c/cr690c/cc/cc:6h6c,6sTd|/JsKcAs/7s/7h:920,-920(920.000000)
978:Player,BR:0cc/cc/cc/cc:TdAh,4hAs|/2c6cQd/Ks/Qh:100,-100(-60.652080)
979:BR,Player:0r130c/cr460c/cr2070c/cr17240f:2dKd,7sTd|/4s7cTs/Ad/3d:-2760,2760(-2760.000000)
980:Player,BR:0cc/cc/r200f:5h9c,3d9s|/8hQhKs/2d:100,-100(100.000000)
981:BR,Player:0r130c/cc/cc/cr460c:3cKh,5sTh|/2d2cKd/4c/Qc:690,-690(422.181686)
982:Player,BR:0cc/cc/cc/cc:6c9s,QhKd|/4dTsQd/4h/Kc:-100,100(-89.536685)
983:BR,Player:0r130c/cc/cc/cr299c:3c7c,3hKs|/3d5d9h/7s/Kh:-529,529(481.349578)
984:Player,BR:0cr130c/r299c/cc/cc:4cJc,3c9d|/2hTdQd/Jd/9s:529,-529(-24.609420)
985:BR,Player:0r130c/cc/cc/cr115c:7dKc,JhQc|/4d9cAd/6d/7h:345,-345(345.000000)
986:Player,BR:0cc/cc/r130c/cc:2hKh,8s9s|/8cJhJd/2c/5h:-230,230(-215.805600)
987:BR,Player:0r130c/cc/cc/cc:4sAc,7hJd|/6hQcKc/6d/9d:230,-230(-38.076279)
988:Player,BR:0cc/cc/cc/r130c:4c8c,2sKh|/2d7d7c/As/3s:-230,230(-38.872350)
989:BR,Player:0r130c/cc/cr115c/cr448c:TcKs,5dKd|/2hAsAd/4d/Kc:793,-793(790.686522)
990:Player,BR:0cr600c/r910c/r9660f:5hAd,3h3c|/TdJsQd/Ks:1610,-1610(1610.000000)
991:BR,Player:0r200f:2c5s,7dAc|:-100,100(-100.000000)
992:Player,BR:0cr200c/cc/r600c/r450f:JcKc,3cAs|/6sQcKd/Td/8d:900,-900(900.000000)
993:BR,Player:0r130c/cc/cr115c/cr690c:6c7c,4h7d|/2s7sKd/7h/Qc:0,-0(351.057542)
994:Player,BR:0cc/cc/cc/cc:2d4c,4h8s|/6h8dKh/2h/Kd:-100,100(-89.375261)
995:BR,Player:0r130c/cr299f:7h9d,9hTs|/6d6cKh:-230,230(-230.000000)
996:Player,BR:0cc/cc/r200c/r390c:2d6s,7cKs|/4h5sAh/8d/8c:-690,690(240.773636)
997:BR,Player:0r200c/cr390c/cr1380c/cc:4dAd,6hKs|/3d7cQs/Tc/6s:-2070,2070(-223.175438)
998:Player,BR:0cc/cc/cc/cc:7sKd,2sKh|/3d8s9c/6s/Js:100,-100(59.308791)
999:BR,Player:0r130c/cc/cr299c/cr1587f:9hTc,8hJh|/5cJsJc/7h/4c:-529,529(-529.000000)
1000:Player,BR:0cc/r130c/cc/r115f:5sQc,3d4h|/3c5cAh/Tc/Qs:230,-230(230.000000)
RAW BR STATS: n=1000, sum=20425.000000, sum_sq=972015855.000000, vr_sum=46468.013005, vr_sum_sq=616736626.830513
BR STATS: 20.425000(61.094136), 46.468013(48.589714)
RESULTS
1)BR: 20425
2)Player: -20425
