In config file: GAME_DEF=game_def.fullholdem
In config file: ACTIONS_R0=F,C
In config file: ACTIONS_R1=F,C
In config file: ACTIONS_R2=F,C
In config file: ACTIONS_R3=F,C
Loading player: rgbr_nl_cprg.so
Player args: /home/viliam/cprg/project_uoapoker/trunk/src/c/meta_player.so /home/viliam/cprg/project_uoapoker/trunk/src/c/acpc14.map
Using seed 15.
1:BR,Player:0r130c/cc/cr460c/cc:4dQc,2sAs|/8d9dTd/5d/Ac:690,-690(690.000000)
2:Player,BR:0cc/cc/cc/cc:5sAd,8sJc|/6hQhQd/Td/2h:100,-100(37.038043)
3:BR,Player:0f:4hQc,2c3d|:50,-50(50.000000)
4:Player,BR:0cc/cc/cc/cc:2hKs,9d9c|/5c7hTd/9s/6s:-100,100(-73.582811)
5:BR,Player:0cc/cr130c/cc/cr460c:3sAc,4s8h|/3h7cTs/Jc/6d:690,-690(576.084619)
6:Player,BR:0cc/cc/cc/cc:3h7c,6dAh|/7s9sAs/6s/2h:-100,100(-56.195519)
7:BR,Player:0cc/cr130c/cc/cc:6sTh,5sQc|/3c5dKs/8h/Jc:-230,230(-125.198163)
8:Player,BR:0cr600c/r1400c/r4200c/r13700f:AhAd,9cQc|/3c5hQs/7d/3d:6300,-6300(6300.000000)
9:BR,Player:0r130c/cc/cr460f:7sJd,QhAc|/3c6hTc/Qc:-230,230(-230.000000)
10:Player,BR:0cc/cc/cc/r130c:6h9d,3cTh|/8sAdAc/4s/Kh:-230,230(56.504166)
11:BR,Player:0r130c/cc/cc/cr299c:4hTh,5cAs|/3c8cAd/Td/2s:-529,529(98.661209)
12:Player,BR:0cr300c/cc/r200c/cc:4dKd,8hQc|/9sQdKh/Jd/Tc:0,-0(32.128065)
13:BR,Player:0f:2s4c,2cJs|:50,-50(50.000000)
14:Player,BR:0cc/cc/cc/cc:9hKd,6hJs|/4h5dQs/3s/7d:-100,100(-94.486670)
15:BR,Player:0r130c/cc/cc/cc:2h6d,5sKs|/7d9sAc/8h/Js:-230,230(-230.000000)
16:Player,BR:0cr600f:KsKh,5h8s|:100,-100(100.000000)
17:BR,Player:0r130c/cc/cc/cr299c:2sTh,9cTs|/TcKsKd/5h/Kh:0,-0(128.652474)
18:Player,BR:0cr130c/r299c/r1587f:ThQs,9cJs|/5dQhQd/9d:529,-529(529.000000)
19:BR,Player:0r200c/cc/cr150c/cr585f:7c8c,JcAs|/2dTsKs/Kh/Jh:-450,450(-450.000000)
20:Player,BR:0cc/cc/cc/cc:4c6h,6dJh|/2cThAc/Js/As:-100,100(-88.757932)
21:BR,Player:0r200c/cc/cc/cc:TdAc,6c9h|/5d6sAh/8s/Kh:300,-300(300.000000)
22:Player,BR:0cr600c/cc/cc/r140c:2h3d,TdAs|/4dTsQc/Jd/5c:-840,840(-750.429141)
23:BR,Player:0f:7sQh,3hTc|:50,-50(50.000000)
24:Player,BR:0cr300f:9hTh,4d9s|:100,-100(100.000000)
25:BR,Player:0f:3s3c,2h4s|:50,-50(50.000000)
26:Player,BR:0cr300c/r520c/cc/cc:5h9h,6dKs|/4cTcJc/6c/Td:-920,920(-98.792785)
27:BR,Player:0r200c/cr390c/cr1380c/cc:TsKd,8dAs|/5dJcAc/Qh/Qd:2070,-2070(2070.000000)
28:Player,BR:0cc/cc/cc/r130c:4h6s,4sQs|/2h2c7s/Kh/3d:-230,230(50.122479)
29:BR,Player:0r130c/cc/cr460c/cr2070c:JcKh,9dTh|/3c7s8h/Kc/3d:2760,-2760(2760.000000)
30:Player,BR:0cc/cc/cc/r130c:9sTd,TcAd|/3c9dKc/6h/Jd:230,-230(3.829582)
31:BR,Player:0f:6hJh,3h7d|:50,-50(50.000000)
32:Player,BR:0cc/cc/cc/cc:6d7s,TdKc|/6cQsAc/4s/Js:-100,100(-98.129443)
33:BR,Player:0r130c/cr690c/cc/cc:QdKc,5sTs|/8hQhAh/Qs/6s:920,-920(920.000000)
34:Player,BR:0cc/cc/r130c/r115f:5cTd,2d6s|/3s7dJh/2h/5d:230,-230(230.000000)
35:BR,Player:0cc/cc/cr130c/cr299c:2c3d,3cTs|/2s6hTh/6s/8s:-529,529(327.592904)
36:Player,BR:0cc/cc/cc/r130f:3c9s,7dKs|/6d6cAs/Jd/2c:100,-100(100.000000)
37:BR,Player:0r130c/cc/cc/cr299f:2s3s,AhAc|/9h9dJc/4s/Js:-230,230(-230.000000)
38:Player,BR:0cc/cc/cc/cc:2h7c,8cTc|/3h5d9d/Td/5s:-100,100(-75.272026)
39:BR,Player:0r130c/cc/cr299c/cc:4c5h,2cQc|/3c4dJd/4h/Kd:529,-529(529.000000)
40:Player,BR:0cr600c/cc/cc/r910c:4s5c,ThKd|/JcKhAs/7h/Ac:-1610,1610(-976.909401)
41:BR,Player:0r130c/cc/cr299f:5sTh,7cJs|/2s6sKd/7s:-230,230(-230.000000)
42:Player,BR:0cr1200c/cc/cc/r260c:3h4h,5dKs|/5hTsQh/3s/8c:-1560,1560(-1560.000000)
43:BR,Player:0r200c/cc/cc/cr390f:4d5d,4h6c|/3d9hQd/Jc/Ac:-300,300(-300.000000)
44:Player,BR:0cc/cc/r130c/r115f:3dJh,6dAc|/5h8sJd/5c/Qs:230,-230(230.000000)
45:BR,Player:0r200c/cr390c/cr2070c/cc:6dJc,9sAh|/4d8sJs/Qd/2h:2760,-2760(1899.949137)
46:Player,BR:0cc/cc/cc/cc:5cTh,5hQh|/JdJcQd/Js/Kd:-100,100(-70.585985)
47:BR,Player:0cc/cr130c/cr460c/cc:5dAc,6d6c|/2d3h6h/Th/4s:690,-690(690.000000)
48:Player,BR:0cc/cc/cc/r130c:4sTc,QsAs|/8sTdJc/6c/Kh:-230,230(-230.000000)
49:BR,Player:0r130c/cr690f:4c7h,2d9d|/5s8dTh:-230,230(-230.000000)
50:Player,BR:0cc/cc/r200c/cc:6d7h,2cKd|/2h3c4d/4h/3h:-300,300(-231.954607)
51:BR,Player:0r200c/cr390c/cc/cc:6hAc,7hTh|/8h8dKc/5s/Qh:690,-690(105.473549)
52:Player,BR:0cr300c/cc/r200c/r780c:TsAs,5sAh|/4s7h7c/Ac/9d:1380,-1380(473.984285)
53:BR,Player:0r130c/cc/cr460c/cc:TdQc,8sTc|/5d7hKh/Ac/Qd:690,-690(690.000000)
54:Player,BR:0cr300c/r800c/cc/cc:9sTs,JhAh|/3s5h8d/4c/3h:-1200,1200(-133.387592)
55:BR,Player:0r130c/cc/cc/cc:6h7c,5sAs|/3cQdKd/8s/Th:-230,230(-230.000000)
56:Player,BR:0cc/cc/cc/cc:3dJc,7hAc|/6s8hQh/4c/Kd:-100,100(31.417675)
57:BR,Player:0r200c/cc/cc/cc:7cQd,5cAs|/7sTcJh/5d/8c:300,-300(151.136821)
58:Player,BR:0cc/cc/cc/cc:9cTs,4dTc|/5c9hJd/6h/6c:100,-100(79.075693)
59:BR,Player:0r200c/cr390c/cc/cc:2cAc,7sJd|/3cTsQc/8d/Qh:690,-690(178.502652)
60:Player,BR:0cr300f:8cQd,3s8d|:100,-100(100.000000)
61:BR,Player:0f:7dAh,4s9h|:50,-50(50.000000)
62:Player,BR:0cr600f:5c6c,3c6h|:100,-100(100.000000)
63:BR,Player:0cc/cc/cr130c/cc:5d5c,9cTs|/2s2h8s/3h/7c:230,-230(154.596383)
64:Player,BR:0cc/cc/cc/r130f:2c9c,6hTd|/5dQhKs/2s/Qc:100,-100(100.000000)
65:BR,Player:0r130c/cr299c/cc/cc:5hQc,4cQh|/5c7d7c/8c/Td:529,-529(-46.611969)
66:Player,BR:0cr200c/r390f:6hKc,5h7d|/9hTdKh:300,-300(300.000000)
67:BR,Player:0r200f:2s7h,TsQh|:-100,100(-100.000000)
68:Player,BR:0cc/cc/cc/r130f:2d6h,8cKc|/4d9dAh/2c/Ac:100,-100(100.000000)
69:BR,Player:0r130c/cr299c/cr1058c/cr3174f:JdKh,TsKd|/2hTdKc/3d/6d:-1587,1587(-1587.000000)
70:Player,BR:0cc/cc/cc/cc:4dQs,2hJs|/5cKdAd/5s/9c:100,-100(-4.651474)
71:BR,Player:0r200c/cc/cr390c/cr2070f:6hJh,8hJs|/2s8s8c/3c/9c:-690,690(-690.000000)
72:Player,BR:0cc/cc/cc/r130c:2d9c,5hTc|/2h8cTd/6c/6s:-230,230(-184.143925)
73:BR,Player:0r130c/cc/cr115f:5hQc,6cKc|/6h8sJh/6s:-230,230(-230.000000)
74:Player,BR:0cc/cc/cc/cc:4s9c,3hQs|/3d8dAd/2s/Jh:-100,100(-67.274981)
75:BR,Player:0r200c/cc/cc/cr390c:8sQc,3c5c|/2s7cQh/7h/2d:690,-690(653.517678)
76:Player,BR:0cc/cc/cc/cc:2h7c,7d8h|/5cKsAc/8d/Kd:-100,100(-82.058675)
77:BR,Player:0r200c/cc/cr390f:8c9s,7sQc|/6hQhAd/3d:-300,300(-300.000000)
78:Player,BR:0cc/cc/cc/r130f:5cTh,3dTs|/2d7hJd/Qh/6h:100,-100(100.000000)
79:BR,Player:0r130c/cr299f:2s4c,5cJh|/3s7d9c:-230,230(-230.000000)
80:Player,BR:0cc/cc/r130c/r299f:2hAd,5d8d|/8hJdAc/4d/Kh:230,-230(230.000000)
81:BR,Player:0f:3dJc,2c7h|:50,-50(50.000000)
82:Player,BR:0cc/cc/cc/cc:6hAc,9sQh|/2s4cTd/Js/7s:100,-100(53.825700)
83:BR,Player:0f:QdKc,2s9c|:50,-50(50.000000)
84:Player,BR:0cc/cc/cc/cc:3s7c,4hQh|/7hThKs/Js/Jc:100,-100(17.836378)
85:BR,Player:0r130c/cr460c/cc/cc:KcAh,4sAs|/3c4hTd/Jc/Kd:690,-690(690.000000)
86:Player,BR:0cc/cc/cc/cc:3s9h,2sKh|/3c4dKs/Td/Qh:-100,100(-83.621743)
87:BR,Player:0r200c/cc/cc/cc:7cTs,6hAh|/2d8h9d/Qs/Qd:-300,300(-300.000000)
88:Player,BR:0cc/cc/cc/cc:3hQh,2h6h|/2d7s7h/Ks/4c:-100,100(-33.932314)
89:BR,Player:0r130c/cc/cc/cc:4s5c,3h4d|/9sQcKs/3d/8s:-230,230(-230.000000)
90:Player,BR:0cc/cc/cc/cc:5sQd,4hJd|/9sThKd/Qc/Jc:0,-0(0.000000)
91:BR,Player:0r130c/cc/cr115c/cc:4sTh,7hTs|/2h7d9c/2c/Qc:-345,345(-345.000000)
92:Player,BR:0cr200c/r600f:KhAs,4hJd|/8s9hAh:300,-300(300.000000)
93:BR,Player:0r130c/cr299c/cr1058c/cr9522c:4cAh,5h6c|/2d7dJs/Jd/9s:11109,-11109(1107.474645)
94:Player,BR:0cr300c/cc/cc/r800c:JcQs,5hTd|/5d6dAc/3s/9s:-1200,1200(-207.683071)
95:BR,Player:0r130c/cr460c/cr897c/cc:5cKh,3h6h|/5s7h8d/3d/Qc:1587,-1587(-604.289999)
96:Player,BR:0cr300c/cc/cc/cc:TsJc,7hTh|/6s9cQs/9h/Qd:400,-400(223.312851)
97:BR,Player:0r130c/cr299f:2d9h,6h9c|/5d8hQh:-230,230(-230.000000)
98:Player,BR:0cc/cc/r200c/r390f:3hJc,4s5d|/2h5s9c/4c/6d:300,-300(300.000000)
99:BR,Player:0r200c/cc/cc/cc:4dJs,8cKs|/9hTdAc/8d/Jd:300,-300(171.232439)
100:Player,BR:0cc/cc/cc/cc:6h7c,3c4c|/3s8dKd/2h/9c:-100,100(-60.724627)
101:BR,Player:0r200c/cr390c/cr1380c/cr12420c:9cAs,8hQd|/2d5h9s/Ts/Ah:14490,-14490(12025.644384)
102:Player,BR:0cr300c/r520c/cc/r1840c:9cAh,4cJd|/3cJsAd/Ks/Ac:2760,-2760(-443.565445)
103:BR,Player:0r130c/cc/cc/cc:8dKh,6hAc|/7cTdJc/Js/3c:-230,230(-181.875223)
104:Player,BR:0cc/cc/cc/cc:4dQh,7d9c|/3h5dKc/Ah/As:100,-100(70.995514)
105:BR,Player:0r200c/cr600c/cr2700c/cc:8dAd,TsJh|/3s4c5s/9s/2s:-3600,3600(-3329.746140)
106:Player,BR:0cc/cc/cc/cc:6h8c,5h9c|/5s8hAc/9d/As:-100,100(-88.333095)
107:BR,Player:0r130c/cc/cc/cr460c:2d2c,7h9c|/7c8h8c/6d/5c:-690,690(131.417494)
108:Player,BR:0cr130c/cc/cc/cc:JhAh,6c8s|/2h5s7s/3d/Kh:230,-230(230.000000)
109:BR,Player:0r200c/cc/cr150c/cc:4hAh,3s4s|/2cQhKh/Ks/4c:450,-450(450.000000)
110:Player,BR:0cr200c/cc/cc/cc:8dAs,KsKh|/2cTsJd/4c/Jh:-300,300(-293.460175)
111:BR,Player:0r130c/cc/cr299c/cc:ThAd,5h7s|/8hKcAh/3d/7h:529,-529(529.000000)
112:Player,BR:0cc/cc/cc/cc:3dQs,2dKs|/3h6hJh/Th/8d:100,-100(96.885235)
113:BR,Player:0r200c/cr600c/cr2700c/cr7200f:4cJc,7sQd|/4hTdJs/9d/Ks:-3600,3600(-3600.000000)
114:Player,BR:0cc/cc/cc/cc:8sKh,6sJd|/2c9cAc/5s/3s:100,-100(99.203564)
115:BR,Player:0r130c/cr299c/cc/cc:2h6c,4d9d|/3c6h7d/4c/Ks:529,-529(29.026937)
116:Player,BR:0cc/cc/cc/r130c:8sQc,7c9h|/4h8d9d/Ac/Ks:-230,230(-70.126646)
117:BR,Player:0r130c/cc/cr460c/cc:6sTd,2s3s|/7h8h8c/8d/Kd:690,-690(-7.857026)
118:Player,BR:0cc/cc/cc/cc:7s9d,TsQs|/4d5s6h/7c/6s:100,-100(98.023868)
119:BR,Player:0r200f:2c5s,7dQc|:-100,100(-100.000000)
120:Player,BR:0cr300c/cc/cc/cc:8cKh,9dQh|/2d9cQd/4d/Ks:-400,400(-342.884764)
121:BR,Player:0r130c/cr299c/cr687c/cc:5hTs,6hKc|/5d8cKd/Tc/Jh:1216,-1216(1216.000000)
122:Player,BR:0cc/cc/r130c/r460f:6cKh,5cKs|/6h7d8h/6s/8s:230,-230(230.000000)
123:BR,Player:0r130c/cc/cr115c/cc:7cKs,6dKd|/2c8hTh/5h/6c:-345,345(-345.000000)
124:Player,BR:0cr300c/cc/cc/r200f:JdJc,3hJs|/6s8sQs/Kh/7c:400,-400(400.000000)
125:BR,Player:0r200c/cr600c/cr1170c/cr17930f:3hAh,KhKc|/2s9sKs/3c/2c:-2070,2070(-2070.000000)
126:Player,BR:0cc/cc/cc/cc:2cQc,6cTd|/3dAhAc/6s/As:-100,100(-93.503112)
127:BR,Player:0r130c/cr299c/cc/cr1058c:6hJs,9sJh|/7s8sJd/Td/Tc:-1587,1587(583.534990)
128:Player,BR:0cc/cc/cc/r300c:6d9s,7dAh|/2h4sKd/Ad/Qd:-400,400(-93.754465)
129:BR,Player:0r200c/cc/cc/cc:7c9s,5h8c|/5s6hAd/9c/6s:300,-300(298.010852)
130:Player,BR:0cr200c/cc/cc/cc:KdAd,9hQh|/4s7hQc/Td/5h:-300,300(-251.847798)
131:BR,Player:0r130c/cr299f:3h4h,6hJd|/8hTsTd:-230,230(-230.000000)
132:Player,BR:0cr300c/cc/cc/r800c:TdAd,5sJs|/6cQhAc/9s/Ks:1200,-1200(-106.104901)
133:BR,Player:0r200c/cr390c/cr1380f:2dAd,4s8s|/5s7hTs/6h:-690,690(-690.000000)
134:Player,BR:0cc/cc/cc/cc:5hAc,3d6c|/7c8hTs/Js/2h:100,-100(94.068166)
135:BR,Player:0r130c/cr299c/cr687c/cc:4c6s,9s9d|/4d8hQc/5h/8s:-1216,1216(257.740693)
136:Player,BR:0cr300c/cc/r200c/r780f:JdKs,6sQc|/2cTcJs/Td/7s:600,-600(600.000000)
137:BR,Player:0r130c/cr460c/cc/cc:JdQd,6s7c|/2c4cKs/Qs/Js:690,-690(690.000000)
138:Player,BR:0cc/cc/cc/cc:3s7c,ThAh|/7s8hQh/Kd/6h:-100,100(-100.000000)
139:BR,Player:0r130c/cc/cr460c/cr897c:4h4c,TcJd|/4s7s8d/3h/8s:1587,-1587(1587.000000)
140:Player,BR:0cr200c/r600f:4s6s,6h8s|/3sKdAh:300,-300(300.000000)
141:BR,Player:0r130c/cc/cc/cc:7dKd,6hAd|/2c5hTh/Qd/8h:-230,230(-230.000000)
142:Player,BR:0cc/cc/cc/r300f:2sAd,2h8s|/4s9hJs/5c/3c:100,-100(100.000000)
143:BR,Player:0r130c/cc/cr115c/cr448c:5sJs,JdJc|/3d4dKd/5h/Kc:-793,793(102.053223)
144:Player,BR:0cc/cc/cc/cc:7sJd,2s6c|/9dTcQd/7d/Ts:100,-100(86.673636)
145:BR,Player:0r200c/cr600f:2dTs,8d9s|/7cJcQc:-300,300(-300.000000)
146:Player,BR:0cc/cc/cc/cc:5d9h,5cJs|/3h6sTs/3d/Th:-100,100(54.208830)
147:BR,Player:0cc/cc/cr130c/cr460c:5sJs,5d9d|/2c7sQc/3s/7h:690,-690(-202.203150)
148:Player,BR:0cc/cc/cc/cc:2h8c,7hAd|/2c8d9h/7d/Js:100,-100(-46.033036)
149:BR,Player:0r200c/cr390c/cr897c/cr2063c:TsJh,JdAd|/4s4cTd/Js/4h:0,-0(-743.216386)
150:Player,BR:0cc/cc/r130c/r115c:3c9s,5d6s|/6d8dJc/Ah/7c:-345,345(135.500284)
151:BR,Player:0cc/cc/cc/cc:6dJd,2hJs|/7c8cQc/7d/5h:0,-0(-74.144025)
152:Player,BR:0cc/cc/cc/cc:3c8d,3h4s|/7hTsKs/9d/4h:-100,100(-20.840570)
153:BR,Player:0f:3c4d,2d4h|:50,-50(50.000000)
154:Player,BR:0cc/cc/r130f:4cAs,5h6s|/7hTsAd/9d:100,-100(100.000000)
155:BR,Player:0r130c/cc/cc/cc:4hQd,5cKd|/2c9dAh/Jc/Th:-230,230(-230.000000)
156:Player,BR:0cr200c/cc/cc/r390c:TdTc,JcQh|/3d6hQs/Ad/8c:-690,690(-562.996267)
157:BR,Player:0r130c/cc/cc/cr460c:8h8d,QhAs|/7h9dKh/2c/Ac:-690,690(-38.956779)
158:Player,BR:0cc/cc/cc/cc:7dQc,4hQd|/2hThKh/Ac/4d:-100,100(-63.895782)
159:BR,Player:0r200c/cc/cr390f:2cTc,5sQs|/9hJsQh/Qc:-300,300(-300.000000)
160:Player,BR:0cc/cc/cc/r130c:4dTc,2hAh|/3c4hQs/5d/Kh:-230,230(-214.492857)
161:BR,Player:0r130c/cr460c/cr897c/cc:6s7s,3cKh|/5h7hQc/Ah/4c:1587,-1587(1073.239824)
162:Player,BR:0cr200c/r390c/r345c/r517f:7dKd,ThAd|/2s8h9d/4c/Ks:1035,-1035(1035.000000)
163:BR,Player:0r130c/cc/cc/cr460f:9dTd,5c8s|/4d7sKh/2d/6c:-230,230(-230.000000)
164:Player,BR:0cc/cc/cc/r300c:6d8s,4s4c|/4hAsAc/3h/7s:-400,400(-397.192277)
165:BR,Player:0r130c/cc/cc/cr299c:4d5h,9cJh|/7h7dTh/3h/9h:-529,529(86.302525)
166:Player,BR:0cc/cc/cc/r130c:7hTc,3sJh|/5dTsKd/Qs/4c:230,-230(72.401122)
167:BR,Player:0r130c/cc/cr690c/cc:JsJc,5c6c|/3dThAh/9d/9h:920,-920(920.000000)
168:Player,BR:0cc/cc/cc/r130f:6dJh,3c9d|/5c8cAs/Jd/4c:100,-100(100.000000)
169:BR,Player:0r200c/cr390c/cc/cc:KdKc,4dTd|/2h6cAd/Jc/Kh:690,-690(690.000000)
170:Player,BR:0cc/cc/cc/cc:5s8d,4c7c|/5h5d7d/3s/3h:100,-100(-78.226534)
171:BR,Player:0f:7d9s,4s9d|:50,-50(50.000000)
172:Player,BR:0cr200c/r390f:AsAc,5s7d|/2hKcAh:300,-300(300.000000)
173:BR,Player:0r200c/cr390c/cr897f:6hKs,5cAc|/3cKcAd/5s:-690,690(-690.000000)
174:Player,BR:0cc/cc/cc/cc:3dQd,3h6h|/8hKhAc/5d/Jh:-100,100(-99.128542)
175:BR,Player:0r130c/cc/cr115c/cr690f:2c9s,2dKd|/5d5cKc/8h/Qs:-345,345(-345.000000)
176:Player,BR:0cc/cc/r200c/cc:5d9c,TcAd|/5sKhAc/3h/2s:-300,300(-180.326901)
177:BR,Player:0r130c/cr460c/cr345c/cr3105c:4dJh,4h7c|/2s6hKd/Jd/5c:4140,-4140(4140.000000)
178:Player,BR:0cc/cc/cc/cc:2s8d,6dQs|/2c4c6s/Th/9d:-100,100(-80.061360)
179:BR,Player:0r130c/cc/cc/cc:5dJh,2dQd|/7hJsKd/8h/Kh:230,-230(230.000000)
180:Player,BR:0cr200c/cc/cc/r900c:JhQh,6cQd|/9hTsKc/5h/Th:1200,-1200(21.104244)
181:BR,Player:0r130c/cc/cr460c/cc:8sTs,7dQs|/7h9hJd/Qc/8h:690,-690(690.000000)
182:Player,BR:0cr300f:8hTs,2s7s|:100,-100(100.000000)
183:BR,Player:0r130c/cc/cr299c/cr1587c:JcQh,7c9d|/2c8cAd/Kd/6s:2116,-2116(1039.251771)
184:Player,BR:0cr130c/r299c/r687f:6cTc,QdAd|/4s7cJd/5s:529,-529(529.000000)
185:BR,Player:0r130c/cr460c/cr897c/cc:KdAh,5h7h|/4d8hQs/Kh/2c:1587,-1587(1587.000000)
186:Player,BR:0cc/cc/r300f:3hJh,2cJc|/5h6hQd/8d:100,-100(100.000000)
187:BR,Player:0r130c/cc/cc/cr299c:6sKd,5s8d|/2h7s7h/Jh/7c:529,-529(-51.627846)
188:Player,BR:0cr600c/r1400c/r4200c/cc:JdKc,ThQs|/5h9cQd/Ah/8d:-6300,6300(-6300.000000)
189:BR,Player:0r200c/cc/cc/cr600c:7dQd,5sTs|/8sTdKc/4c/2s:-900,900(-160.103983)
190:Player,BR:0cc/cc/r200c/r390f:7hQh,ThAs|/JsQsQc/5h/8s:300,-300(300.000000)
191:BR,Player:0f:4sAd,2dJc|:50,-50(50.000000)
192:Player,BR:0cc/cc/cc/r130f:6c9s,2s8h|/3h9hTs/As/5h:100,-100(100.000000)
193:BR,Player:0r130c/cc/cc/cr299f:5c8c,3dAd|/4s6hAc/4h/As:-230,230(-230.000000)
194:Player,BR:0cc/cc/cc/cc:5d9h,2d3d|/4d5s7h/Qd/Qs:100,-100(100.000000)
195:BR,Player:0cc/cc/cc/cc:6sJd,3cAh|/2s9dTs/Qh/Jc:100,-100(91.131688)
196:Player,BR:0cc/cc/cc/cc:4c9c,2dJd|/3d7s7d/As/5c:-100,100(49.638446)
197:BR,Player:0r200c/cr600c/cc/cc:ThJh,4cAh|/3h5c6d/9d/5s:-900,900(-878.206290)
198:Player,BR:0cc/cc/r200c/r600c:5h9s,5s7h|/3s4cQs/7d/Ah:-900,900(-485.074181)
199:BR,Player:0cc/cc/cc/cc:9hJs,2h2c|/3s4sKs/Ts/3c:100,-100(100.000000)
200:Player,BR:0cr200c/r390f:2h2c,6d9d|/JhKhAd:300,-300(300.000000)
201:BR,Player:0r130c/cr299c/cr687c/cr2432c:6sJh,KsAh|/6dJcAd/6c/5h:3648,-3648(3265.137555)
202:Player,BR:0cr300c/r520c/cc/cc:JcQh,7hKs|/5c7dJd/7s/Ts:-920,920(-767.652269)
203:BR,Player:0r130c/cc/cc/cr299c:KhAd,8hTd|/4dThQs/Ah/6c:529,-529(428.711141)
204:Player,BR:0cr300f:6s6h,2c4s|:100,-100(100.000000)
205:BR,Player:0r130c/cc/cc/cr690f:9s9c,KhAs|/5h6hQc/9h/Ah:-230,230(-230.000000)
206:Player,BR:0cc/cc/cc/cc:4dKd,7d9d|/3c8d9h/Qh/4s:-100,100(-81.829535)
207:BR,Player:0r130c/cc/cc/cr460f:6h8c,9dJc|/2s2hTs/Jd/4s:-230,230(-230.000000)
208:Player,BR:0cc/cc/cc/cc:2hKc,JdJc|/3c8c9s/5h/Th:-100,100(-80.828035)
209:BR,Player:0r130c/cr690f:4h8d,7sQc|/5c9dTh:-230,230(-230.000000)
210:Player,BR:0cc/cc/r200c/cc:5cQh,6sQd|/8dJdQc/7d/4h:0,-0(-249.821487)
211:BR,Player:0r130c/cr299c/cc/cc:6sTs,5s8h|/3cKsAh/8s/Kh:-529,529(220.181085)
212:Player,BR:0cr600c/cc/cc/r140f:3c7c,7dKd|/3h5cAc/6h/2s:700,-700(700.000000)
213:BR,Player:0f:2dAh,3d7h|:50,-50(50.000000)
214:Player,BR:0cc/cc/r130c/r299c:2s8c,JhQh|/7hTdAh/7d/Jd:-529,529(-163.084778)
215:BR,Player:0r130c/cr299c/cc/cc:9h9c,6dTh|/3s7cAh/4d/6c:529,-529(525.979306)
216:Player,BR:0cr200c/r390f:6c7d,2s5s|/6d7sQd:300,-300(300.000000)
217:BR,Player:0r130c/cc/cc/cr690f:2s6c,5d5c|/3sTdJh/7h/5h:-230,230(-230.000000)
218:Player,BR:0cr130c/r460c/cc/cc:9sKc,5s5h|/7s8cQc/7d/8h:690,-690(499.231095)
219:BR,Player:0r200c/cc/cr390f:4s6c,9s9h|/6sJsAc/9d:-300,300(-300.000000)
220:Player,BR:0cc/cc/cc/cc:8cKd,3c6h|/4sQhQc/5s/Ad:100,-100(100.000000)
221:BR,Player:0cc/cc/cr200c/cc:2c5s,4c9d|/5cTsJh/Qd/4h:300,-300(212.378251)
222:Player,BR:0cr200c/r900c/cc/r3600f:2h2c,8s9c|/2d8hAh/7d/5c:1200,-1200(1200.000000)
223:BR,Player:0cc/cr130c/cc/cc:4hJc,7s8h|/6cKdAc/Ah/Js:230,-230(228.343233)
224:Player,BR:0cr300c/cc/r200c/cc:9cAc,7hJh|/4s8h8d/Qd/4h:600,-600(508.284342)
225:BR,Player:0r130c/cc/cc/cc:7h9d,7cKs|/7d8sJs/4h/4s:-230,230(190.815059)
226:Player,BR:0cc/cc/cc/cc:8dAc,4cJd|/7hTdKc/7c/4h:-100,100(-39.869674)
227:BR,Player:0r130c/cc/cc/cr460c:JhQh,7sJc|/4dJsQd/4s/Jd:690,-690(690.000000)
228:Player,BR:0cc/cc/cc/cc:3s8h,6dTs|/7s9cTh/6s/Kd:100,-100(-76.163651)
229:BR,Player:0r200c/cc/cr390c/cc:KhKd,4cTc|/2cTsKs/6c/2d:690,-690(690.000000)
230:Player,BR:0cc/cc/cc/r130f:3cTs,5dKd|/2h9cQd/6h/Qc:100,-100(100.000000)
231:BR,Player:0r130c/cr460c/cc/cc:4sTc,9sAh|/4d5sAs/4c/2d:690,-690(690.000000)
232:Player,BR:0cr300f:TsAs,2h4h|:100,-100(100.000000)
233:BR,Player:0cc/cc/cc/cr200c:4s8s,7cQc|/4d8dQd/Js/4c:300,-300(300.000000)
234:Player,BR:0cr200c/r390c/r1380c/cc:QsKc,2sJd|/3c5sJc/9s/8s:-2070,2070(-1742.237050)
235:BR,Player:0r200c/cr1800c/cc/cc:9cKh,4c5s|/8dJsAh/Jh/5d:-2100,2100(-888.219741)
236:Player,BR:0cr600c/r910c/r2093f:4h5h,8cAd|/2c3hJc/Th:1610,-1610(1610.000000)
237:BR,Player:0r130c/cc/cc/cc:3cTh,KhAd|/7c9hJd/5d/Qc:-230,230(-230.000000)
238:Player,BR:0cc/cc/cc/r300c:JdKc,3s4d|/4hJsJc/8s/7d:400,-400(-271.620663)
239:BR,Player:0r200c/cc/cc/cr390c:7cQd,2h8h|/7d9dAd/2c/2d:690,-690(690.000000)
240:Player,BR:0cc/cc/r300c/cc:6cTc,2c8c|/9cQcKc/Ts/Kd:400,-400(-393.940333)
241:BR,Player:0r130c/cc/cc/cr460f:TsQc,6dKh|/KsAhAc/8d/Td:-230,230(-230.000000)
242:Player,BR:0cc/cc/cc/cc:3sQc,3d8s|/2h2cAd/Qs/7d:100,-100(100.000000)
243:BR,Player:0r130c/cc/cr115c/cr2070f:4dQh,8s8d|/6s7s8h/6h/3c:-345,345(-345.000000)
244:Player,BR:0cc/cc/cc/cc:4dKh,3s6d|/5s8s9c/8c/3h:-100,100(-59.898600)
245:BR,Player:0r130c/cc/cc/cc:4d9d,4sTc|/4c8dQd/Ad/2d:230,-230(230.000000)
246:Player,BR:0cr300c/cc/cc/r200f:QhKs,5cKd|/3h7c8h/4s/Th:400,-400(400.000000)
247:BR,Player:0r130c/cc/cc/cc:3dQc,JsKc|/3s7c8h/2d/Ac:230,-230(194.062899)
248:Player,BR:0cr200c/cc/r600f:8hKd,4h8d|/2s8cJs/5c:300,-300(300.000000)
249:BR,Player:0cc/cc/cc/cr130c:7hTd,3cAd|/4h8h8c/7c/8s:230,-230(198.387675)
250:Player,BR:0cr600f:5c8h,2h7d|:100,-100(100.000000)
251:BR,Player:0r130c/cc/cc/cc:4s8c,9dAc|/4c5sTh/7c/3h:230,-230(64.400020)
252:Player,BR:0cc/cc/cc/cc:4dKc,5cTh|/6h8sAd/Qd/8c:100,-100(56.048056)
253:BR,Player:0f:TcAd,2c5s|:50,-50(50.000000)
254:Player,BR:0cc/cc/cc/r130c:4c9d,2h7d|/2s2c9c/Qc/6s:-230,230(-215.351301)
255:BR,Player:0r200c/cc/cc/cc:9hJh,JdKh|/6c7hAs/5s/Ah:-300,300(-300.000000)
256:Player,BR:0cr300c/cc/r200c/r1200c:8d9s,2sJd|/4cKhAh/4s/3d:-1800,1800(-1776.407629)
257:BR,Player:0cc/cr130f:6d9c,2sJc|/4d5hJd:-100,100(-100.000000)
258:Player,BR:0cc/cc/cc/cc:2dTc,QdKc|/4s7d9h/Jd/6h:-100,100(24.680832)
259:BR,Player:0cc/cc/cr200c/cc:QdQc,5s9h|/3d4s8c/Js/4h:300,-300(300.000000)
260:Player,BR:0cr300c/cc/cc/r200c:QsQd,8cAs|/5sKsAh/9h/7s:-600,600(-433.272440)
261:BR,Player:0cc/cc/cc/cc:5dKh,5sJs|/4s9dKd/9c/7d:100,-100(100.000000)
262:Player,BR:0cc/cc/cc/r130c:7cJd,8dKd|/TsTdJs/Th/6s:230,-230(95.933064)
263:BR,Player:0r130c/cr460f:4sQs,TdKh|/7d9sJd:-230,230(-230.000000)
264:Player,BR:0cc/cc/cc/r300c:2s6h,7hTs|/5h9dAc/3d/8h:-400,400(15.590592)
265:BR,Player:0cc/cc/cc/cc:2c4c,2hJs|/7cQhAc/6d/6c:100,-100(100.000000)
266:Player,BR:0cr600f:5c7d,4sJc|:100,-100(100.000000)
267:BR,Player:0r200c/cc/cc/cr900c:6d7c,7dJc|/8s8dAh/Td/9h:-1200,1200(932.041781)
268:Player,BR:0cc/cc/cc/cc:2h7s,5c8c|/2d3cKd/4s/Qh:100,-100(100.000000)
269:BR,Player:0r130c/cc/cc/cc:3d9s,ThKs|/4d5d9h/3c/As:230,-230(230.000000)
270:Player,BR:0cc/cc/r200c/r150f:3cKc,3sAd|/2c9cTs/Jc/Kd:300,-300(300.000000)
271:BR,Player:0r130c/cc/cc/cr299f:9cJh,5hQs|/2sQhAs/3h/8s:-230,230(-230.000000)
272:Player,BR:0cc/cc/cc/cc:3d7h,3hTc|/8dThQd/7c/2c:-100,100(-78.070096)
273:BR,Player:0f:5hJd,4h9c|:50,-50(50.000000)
274:Player,BR:0cr300f:5cQc,2d5h|:100,-100(100.000000)
275:BR,Player:0f:2c3c,3d9c|:50,-50(50.000000)
276:Player,BR:0cr200c/cc/r150c/r585f:7hKs,5d8s|/4d5hKd/3h/Kh:450,-450(450.000000)
277:BR,Player:0r130c/cr299c/cc/cc:4d9s,3sAc|/2c8cQh/8h/8d:-529,529(204.155531)
278:Player,BR:0cr200c/cc/cc/r150c:2c5d,9sKc|/2d8hJh/9d/9c:-450,450(-427.598357)
279:BR,Player:0r200c/cc/cc/cr390f:4hTs,5cQs|/9cQhKh/7h/Qc:-300,300(-300.000000)
280:Player,BR:0cc/cc/cc/r300c:4sQc,6cAh|/4d7dQd/Jd/9d:0,-0(2.251957)
281:BR,Player:0r130c/cr299c/cc/cr1587f:3sTd,9dKd|/2s2h9s/8d/Kc:-529,529(-529.000000)
282:Player,BR:0cc/cc/cc/cc:2c3d,2s9d|/JcQdAh/2d/5s:0,-0(-18.859722)
283:BR,Player:0cc/cc/cr130c/cr690f:5sQc,QsKc|/8s8hKs/3s/Ts:-230,230(-230.000000)
284:Player,BR:0cc/cc/cc/cc:4sQh,TdKc|/2c7h7c/2s/Ts:-100,100(-67.964358)
285:BR,Player:0r130c/cr299c/cc/cr687c:9sQh,7dAh|/3cKsAd/Ac/2s:-1216,1216(-317.277132)
286:Player,BR:0cc/cc/cc/cc:3c9s,TcKd|/5h6hTs/2c/3d:-100,100(-72.513945)
287:BR,Player:0f:3c7c,2s9c|:50,-50(50.000000)
288:Player,BR:0cc/cc/r200f:9dJh,2s9c|/5h6c8d/3c:100,-100(100.000000)
289:BR,Player:0r130c/cr299c/cc/cc:2dKc,5dJs|/6s8hAs/4s/Jh:-529,529(4.819050)
290:Player,BR:0cc/cc/cc/cc:3d4c,4dJd|/7sAdAc/Qd/7h:0,-0(48.626670)
291:BR,Player:0r200c/cr390f:6sTs,AsAc|/4h7hJd:-300,300(-300.000000)
292:Player,BR:0cc/cc/r130c/r299c:JsKc,5d6c|/2d2cAh/5c/5s:-529,529(-528.892181)
293:BR,Player:0cc/cc/cr130f:8sKh,5cKc|/6s9cTd/Ac:-100,100(-100.000000)
294:Player,BR:0cc/cc/cc/cc:2hJc,5cAh|/8cKdAd/6h/3c:-100,100(-85.367138)
295:BR,Player:0r130c/cr299c/cc/cc:6dJc,5hKc|/2d5s8c/7d/Jh:529,-529(529.000000)
296:Player,BR:0cr300f:TcAd,2h4s|:100,-100(100.000000)
297:BR,Player:0r130c/cr460c/cr4140c/cr15170f:2h8d,6c7c|/4s8sTc/5c/Kc:-4830,4830(-4830.000000)
298:Player,BR:0cc/cc/cc/cc:4dQc,2cAs|/5cTdAc/9d/Ad:-100,100(-95.730582)
299:BR,Player:0r200c/cc/cc/cr390c:2d5d,6s7d|/TdJcQc/8c/Kd:0,-0(-28.875496)
300:Player,BR:0cc/cc/r200c/r390c:2s7c,4cQc|/5s6d8c/Ac/Kh:-690,690(-71.810721)
301:BR,Player:0f:9hJh,2s6d|:50,-50(50.000000)
302:Player,BR:0cr200c/cc/cc/cc:4c6c,9dTd|/6sQhAh/5c/Js:300,-300(300.000000)
303:BR,Player:0r130c/cr460c/cr2070c/cr5520c:7sKh,9cAc|/8h9sAh/Th/6h:8280,-8280(8280.000000)
304:Player,BR:0cc/cc/cc/r130f:7d9h,2d4d|/3d7sQs/6s/8c:100,-100(100.000000)
305:BR,Player:0r130c/cc/cr299c/cc:2d9c,5hAh|/2cThQh/5d/Td:-529,529(-0.744212)
306:Player,BR:0cr200c/cc/cc/cc:9hQs,3c6h|/8s8dAh/8h/Td:300,-300(159.803230)
307:BR,Player:0f:TcQh,3d8h|:50,-50(50.000000)
308:Player,BR:0cc/cc/cc/r130f:TdQs,6s7c|/3s9dKd/Kc/Ks:100,-100(100.000000)
309:BR,Player:0cc/cr200c/cr390c/cc:9h9c,3cTh|/6dJhKs/5c/Kh:690,-690(640.725414)
310:Player,BR:0cr300f:7dKd,2h8d|:100,-100(100.000000)
311:BR,Player:0r200c/cr390c/cr2070f:3dQc,2dKc|/2s7hAd/Ks:-690,690(-690.000000)
312:Player,BR:0cr300c/cc/r200c/cc:JsKs,2cQc|/5c7c9c/Td/5s:-600,600(-534.493270)
313:BR,Player:0r130c/cr299c/cr687c/cr2432f:4s5s,8cQc|/2c6sQs/8d/9h:-1216,1216(-1216.000000)
314:Player,BR:0cc/cc/cc/r130c:4sKs,5sAd|/2c9dKd/9s/4c:230,-230(60.519193)
315:BR,Player:0cc/cc/cc/cc:2sAs,3c4d|/2h3hAh/Ks/7s:100,-100(100.000000)
316:Player,BR:0cr600f:9cAd,6sTd|:100,-100(100.000000)
317:BR,Player:0cc/cc/cc/cr300f:4sAh,2dQs|/7hQhKs/Ac/2h:-100,100(-100.000000)
318:Player,BR:0cc/cc/r300c/r520c:5c6d,5sAh|/7h9cQh/8c/Jd:920,-920(-272.305257)
319:BR,Player:0r130c/cr299c/cr1058f:2d4c,7dKc|/2h8h9s/6c:-529,529(-529.000000)
320:Player,BR:0cr300c/r520c/r1196f:4h6h,4dJd|/2d8hQs/5s:920,-920(920.000000)
321:BR,Player:0r130c/cr299f:2s9h,QsAc|/3h4cJs:-230,230(-230.000000)
322:Player,BR:0cc/cc/cc/cc:4hJs,4d9h|/3d8dAh/7c/Jd:100,-100(89.951148)
323:BR,Player:0r130c/cr299c/cr687f:5c8d,2sKc|/6s7cAs/7h:-529,529(-529.000000)
324:Player,BR:0cr300c/r520c/cc/cc:KdAd,7hKc|/3s3c5h/Tc/5c:920,-920(-17.320876)
325:BR,Player:0r300c/cc/cr520f:3hTh,5sTd|/4c9d9c/8d:-400,400(-400.000000)
326:Player,BR:0cc/cc/cc/cc:4dQs,8cAh|/3d9hJc/9d/5d:-100,100(-52.539064)
327:BR,Player:0f:2s7d,3s6d|:50,-50(50.000000)
328:Player,BR:0cr200c/cc/cc/r150c:8sQd,9cTd|/5h9sKc/8h/Jh:-450,450(-87.382737)
329:BR,Player:0r130c/cr299c/cc/cc:4s7h,9hTs|/4h7dQh/3s/3d:529,-529(529.000000)
330:Player,BR:0cr300f:9hKd,3h4d|:100,-100(100.000000)
331:BR,Player:0r200c/cr390c/cc/cc:2cQc,4hJs|/3c4sQh/5s/Th:690,-690(690.000000)
332:Player,BR:0cr600f:5h7c,2d9h|:100,-100(100.000000)
333:BR,Player:0r130c/cr299c/cr1587c/cr2750c:5cAd,3d6d|/8d9h9d/7c/5s:-4866,4866(1067.538316)
334:Player,BR:0cr600c/cc/r140c/cc:QdAd,9dQc|/8dTsKh/2s/9c:-840,840(-325.423358)
335:BR,Player:0cc/cr200c/cr390c/cr897f:4d7d,3dTs|/7s8dJh/Jc/8h:-690,690(-690.000000)
336:Player,BR:0cc/cc/r130c/r299c:8dTh,9hQc|/3h6sKh/3s/9d:-529,529(-147.481440)
337:BR,Player:0f:4d6h,2s9c|:50,-50(50.000000)
338:Player,BR:0cr300c/r520c/r2760c/cc:6cKc,8hAd|/5c7hTd/4c/6s:-3680,3680(-3680.000000)
339:BR,Player:0f:6hTd,2c9h|:50,-50(50.000000)
340:Player,BR:0cr300c/cc/cc/cc:9dJc,8cAh|/6h6cAc/3h/Qc:-400,400(-376.940240)
341:BR,Player:0r200c/cc/cc/cc:3d4h,4s5h|/5s6cTd/Kh/7d:300,-300(300.000000)
342:Player,BR:0cr300c/r520c/cc/r1840f:7s9s,4dTd|/5s5hQd/6d/As:920,-920(920.000000)
343:BR,Player:0r200c/cr390c/cr345f:5hAs,6cKs|/2cQdKh/Td:-690,690(-690.000000)
344:Player,BR:0cc/cc/cc/cc:2sTc,JcQc|/9hTsKd/4c/2d:-100,100(-99.913354)
345:BR,Player:0f:6cQh,2s4c|:50,-50(50.000000)
346:Player,BR:0cr300f:6hJh,2h9d|:100,-100(100.000000)
347:BR,Player:0f:4sKd,3h9c|:50,-50(50.000000)
348:Player,BR:0cc/cc/cc/cc:8hKc,3d9c|/6sThAc/Qd/Ts:100,-100(31.696232)
349:BR,Player:0r130c/cc/cc/cr460c:5hAh,4s4h|/JcQcAs/6c/7c:690,-690(110.927451)
350:Player,BR:0cc/cc/r130c/r299f:9hQd,2h9c|/7cQhAh/3s/2s:230,-230(230.000000)
351:BR,Player:0f:3dQc,2sTd|:50,-50(50.000000)
352:Player,BR:0cc/cc/cc/r130f:3cAs,QhKd|/2h4s6d/5h/Tc:100,-100(100.000000)
353:BR,Player:0r130c/cc/cr299f:2dJd,4dTc|/6s8sKs/6h:-230,230(-230.000000)
354:Player,BR:0cr200c/r390c/cc/cc:6dQd,TcAh|/2h6h9c/Ac/Kc:-690,690(-620.005374)
355:BR,Player:0cc/cc/cc/cr200c:7h8c,7cQc|/7dJsAd/5d/Qh:-300,300(-58.511298)
356:Player,BR:0cc/cc/cc/r130c:3c9s,TsKc|/3s8cQs/Td/Jh:230,-230(67.207045)
357:BR,Player:0r130c/cc/cc/cc:JsQd,9hJd|/7hJhQc/7s/Ks:230,-230(230.000000)
358:Player,BR:0cc/r130c/cc/cc:7dQc,2dJc|/JdQdAd/9d/4s:230,-230(230.000000)
359:BR,Player:0r130c/cr299f:2d6c,5dQh|/4dTcKd:-230,230(-230.000000)
360:Player,BR:0cc/cc/cc/r130c:3s8d,7sJh|/2sKsKd/Ts/9s:-230,230(-114.508505)
361:BR,Player:0f:2cAd,2sJh|:50,-50(50.000000)
362:Player,BR:0cc/cc/r130c/cc:8dTc,4dAh|/5h9cAs/9d/7d:-230,230(-222.833664)
363:BR,Player:0r130c/cr299c/cc/cc:TdJd,5sAs|/ThKsAc/7c/Tc:529,-529(529.000000)
364:Player,BR:0cc/cc/r130c/cc:6s8c,JdKd|/3cThQh/Qd/2s:-230,230(72.774692)
365:BR,Player:0r130c/cr299c/cr687c/cr7296c:3c4c,8sKc|/4s7hQc/3d/2h:8512,-8512(8129.645388)
366:Player,BR:0cc/cc/cc/cc:6hAs,3dJs|/2h9cTd/9s/Kh:100,-100(55.709307)
367:BR,Player:0r130c/cr299c/cc/cc:6h7d,4dJc|/5d6sKc/Ts/Ah:529,-529(71.048516)
368:Player,BR:0cc/cc/cc/cc:2hKd,3d5s|/6c8cAc/9c/Ks:100,-100(96.006855)
369:BR,Player:0r130c/cc/cr115c/cr448c:4dKh,6c9s|/2s5s8s/7c/6h:-793,793(325.743660)
370:Player,BR:0cc/cc/r300c/cc:9hTs,JcKh|/2d6d8c/3h/5d:-400,400(-76.343288)
371:BR,Player:0cc/cr130c/cr460c/cc:2sTh,8cJh|/5dTcAs/Kc/7c:690,-690(398.556422)
372:Player,BR:0cc/cc/cc/cc:2cKs,2hTh|/2d8hAh/Qd/9s:100,-100(-34.233060)
373:BR,Player:0cc/cc/cc/cc:8h9s,5s9c|/5d7dTd/Jd/2h:100,-100(100.000000)
374:Player,BR:0cc/cc/cc/cc:2h6c,2cJc|/7hQsKd/4s/3h:-100,100(55.750831)
375:BR,Player:0f:6d9s,2c5s|:50,-50(50.000000)
376:Player,BR:0cc/cc/r300f:3cQc,8d9d|/8c9cTd/Js:100,-100(100.000000)
377:BR,Player:0r130c/cr299c/cc/cr1058f:3c7c,5c7s|/3d9sAc/4c/As:-529,529(-529.000000)
378:Player,BR:0cc/cc/cc/r130f:7s8c,7hAs|/4s8sTc/Kh/Ks:100,-100(100.000000)
379:BR,Player:0r200c/cc/cr390c/cc:8cJd,2cKs|/2h3sJs/3d/6c:690,-690(690.000000)
380:Player,BR:0cr300f:TsAh,3d5c|:100,-100(100.000000)
381:BR,Player:0r130c/cr299c/cr687c/cr1580f:2c4d,7s8d|/2s5d8s/6d/4h:-1216,1216(-1216.000000)
382:Player,BR:0cc/cc/cc/cc:5dQc,5h7d|/2c3d8d/3s/8s:100,-100(80.550103)
383:BR,Player:0r130c/cc/cc/cr460c:2dJd,QcKc|/4c5d6h/Jc/8h:690,-690(346.359163)
384:Player,BR:0cc/cc/r130f:2d9d,7c9h|/TdKdAs/6c:100,-100(100.000000)
385:BR,Player:0r130c/cr460c/cr897c/cc:2cQd,9sAd|/4c6cAs/Jc/3h:-1587,1587(-1587.000000)
386:Player,BR:0cc/cc/cc/cc:5c9d,3cJd|/4c6cKd/4s/5s:100,-100(61.829289)
387:BR,Player:0r130c/cc/cr115c/cr690f:2cKc,5dKh|/3d4c7h/Ks/Jd:-345,345(-345.000000)
388:Player,BR:0cc/cc/r130c/cc:2hKd,4h5c|/4c5s5h/5d/3h:-230,230(-230.000000)
389:BR,Player:0r130c/cr299c/cc/cc:2dKd,JdAd|/5c9sTh/Jc/Qs:529,-529(529.000000)
390:Player,BR:0cc/cc/r130c/r690c:7dTs,4d8h|/4s9sAc/6c/2h:-920,920(-177.127397)
391:BR,Player:0r130c/cr460f:6s9d,4sKs|/2h3hQc:-230,230(-230.000000)
392:Player,BR:0cc/cc/r130c/cc:7s8h,QsAs|/5c9h9c/Kc/Js:-230,230(-198.572906)
393:BR,Player:0r200c/cr390c/cr897c/cc:8cQh,4s9s|/6s7c9h/Ks/Ah:-1587,1587(-1469.111153)
394:Player,BR:0cc/cc/r130c/cc:4s7d,6d8d|/2s3s8h/Ac/3h:-230,230(-211.759907)
395:BR,Player:0r130c/cr299c/cc/cc:5c6s,7c9s|/3s4dTc/Ah/7s:529,-529(529.000000)
396:Player,BR:0cr200c/cc/r150c/r225c:5h7c,QcKd|/3d8cJc/Jh/2h:-675,675(366.103027)
397:BR,Player:0r130c/cr299c/cr687c/cr2432f:7sTc,4h5c|/3c6sAc/Ad/9c:-1216,1216(-1216.000000)
398:Player,BR:0cr130c/r690f:8sKd,3sAs|/6hTdJd:230,-230(230.000000)
399:BR,Player:0r200c/cr600f:4c7h,2sAc|/2dKdKc:-300,300(-300.000000)
400:Player,BR:0cc/cc/cc/r130c:2c7c,5hTh|/9dTdQh/3c/4d:-230,230(-104.647966)
401:BR,Player:0r130c/cc/cr460c/cr897c:8sKc,9sKh|/2s7h8h/6h/Kd:1587,-1587(1587.000000)
402:Player,BR:0cr300f:JsKd,5h7c|:100,-100(100.000000)
403:BR,Player:0cc/cr130c/cr690f:7sQh,8sQs|/6sTsTh/3h:-230,230(-230.000000)
404:Player,BR:0cr300f:JhAs,2d6h|:100,-100(100.000000)
405:BR,Player:0cc/cc/cr130f:9cQd,2dKs|/JsJhKh/4c:-100,100(-100.000000)
406:Player,BR:0cc/cc/cc/cc:3s9h,7hKd|/4s5sKc/3d/6s:-100,100(-93.691283)
407:BR,Player:0r130c/cr299c/cr1587c/cr2750f:7sJs,9dTh|/4d5s9s/Td/Kc:-2116,2116(-2116.000000)
408:Player,BR:0cc/cc/cc/r130c:3cJc,3sJd|/6d8sAh/4d/9h:0,-0(42.741216)
409:BR,Player:0r130c/cc/cc/cc:3dKh,5dAd|/2h7c8c/Ks/Qs:230,-230(230.000000)
410:Player,BR:0cr600c/cc/r910c/r322c:4h5h,QdAd|/3s9cTd/6c/Qs:-1932,1932(-1054.100164)
411:BR,Player:0r130c/cc/cc/cc:8dJc,ThQd|/3d4sKh/9h/9c:-230,230(-229.729569)
412:Player,BR:0cc/cc/r130c/r115c:2d6c,6sKs|/3h3d9s/4h/Kd:-345,345(-196.118529)
413:BR,Player:0r200c/cc/cc/cc:6cAd,6sAh|/7c8h9s/2s/3s:0,-0(-147.415704)
414:Player,BR:0cc/cc/cc/cc:4cKs,5d9h|/2c7h8s/3d/Th:100,-100(96.477985)
415:BR,Player:0r200c/cc/cc/cc:3c9d,5h9c|/9sJdAc/Tc/Kc:0,-0(-73.345887)
416:Player,BR:0cc/cc/r130c/cc:3hTd,4hQc|/7sJdQs/9s/4c:-230,230(-179.615833)
417:BR,Player:0r130c/cc/cc/cc:9dTd,JhAs|/5d6d9s/9h/8s:230,-230(230.000000)
418:Player,BR:0cc/cc/cc/cc:4c7h,3h7d|/JdQdAc/Js/9d:0,-0(65.102962)
419:BR,Player:0r200c/cr390c/cr4140c/cc:4d7d,4c5s|/9sThJc/9d/4s:0,-0(3249.138487)
420:Player,BR:0cc/cc/cc/r130c:8dTh,3sJc|/2c5hTs/Qh/4s:230,-230(81.176987)
421:BR,Player:0r130c/cr299c/cr1058c/cr4761c:3cAs,5h7d|/2c4sQs/Ks/Ad:6348,-6348(4423.393253)
422:Player,BR:0cc/cc/cc/cc:3s6h,5sKh|/7s9sJh/Qh/6c:100,-100(48.760699)
423:BR,Player:0r130c/cr460c/cc/cc:3s3c,5s9s|/3h6dTs/Tc/2h:690,-690(690.000000)
424:Player,BR:0cc/cc/cc/cc:9hKd,6d9s|/6h9cTc/7c/Jd:-100,100(-79.784118)
425:BR,Player:0cc/cr300c/cc/cc:5cKd,JhQs|/2h8cTd/8s/As:400,-400(386.832216)
426:Player,BR:0cr200c/cc/cc/cc:5cKd,9dTh|/7s7hJd/Qs/7c:300,-300(298.246245)
427:BR,Player:0f:2s9d,2hTc|:50,-50(50.000000)
428:Player,BR:0cr300f:JdKs,2d6c|:100,-100(100.000000)
429:BR,Player:0r200c/cc/cc/cc:7hTd,6cAh|/8s9s9c/5s/9d:-300,300(-300.000000)
430:Player,BR:0cr300c/r520c/r1196f:8dAd,6h7h|/QhKhAc/3s:920,-920(920.000000)
431:BR,Player:0r200f:2s6h,3d3c|:-100,100(-100.000000)
432:Player,BR:0cc/cc/cc/r130f:5sTh,4s7c|/TcQsQd/4c/Kh:100,-100(100.000000)
433:BR,Player:0r130c/cr299c/cc/cr687f:4hAc,7sAs|/8sKsAh/5c/2h:-529,529(-529.000000)
434:Player,BR:0cc/cc/cc/cc:2c9h,2hKc|/5d8cQd/6d/6h:-100,100(35.008372)
435:BR,Player:0f:4c7s,2d3h|:50,-50(50.000000)
436:Player,BR:0cc/cc/cc/r130f:8sAd,3hKc|/7d9cJh/7h/9s:100,-100(100.000000)
437:BR,Player:0r130c/cr690c/cc/cc:4h7c,9sJc|/6s7sKh/5s/5c:920,-920(732.355981)
438:Player,BR:0cc/cc/cc/cc:6hJc,7hKs|/3sQsAh/Kc/6s:-100,100(-81.684937)
439:BR,Player:0r130c/cr299c/cc/cr687c:QhAc,5hAh|/7cTcAs/3s/9h:1216,-1216(802.114047)
440:Player,BR:0cr130c/r299c/r687c/r1580f:7hQd,7sQh|/2d6h7c/3s/2s:1216,-1216(1216.000000)
441:BR,Player:0r200c/cc/cr150f:3h9h,QcAs|/6cThKs/Kd:-300,300(-300.000000)
442:Player,BR:0cr200c/cc/cc/cc:5h9h,5sTh|/4h6hKh/Kd/6c:300,-300(289.297198)
443:BR,Player:0f:4dTh,2d8s|:50,-50(50.000000)
444:Player,BR:0cr300c/cc/cc/cc:6h6c,JdQd|/9cQsAs/3c/Tc:-400,400(-314.049476)
445:BR,Player:0r130c/cr299c/cc/cr687c:2hJd,7cAs|/6dKhAh/8s/8d:-1216,1216(-406.962192)
446:Player,BR:0cr300f:JsAc,3s8h|:100,-100(100.000000)
447:BR,Player:0r130c/cr299c/cc/cr687f:4dQh,TdJd|/8s8hKd/Qc/Ah:-529,529(-529.000000)
448:Player,BR:0cc/cc/cc/cc:5hAd,8cJc|/3s6hQh/6c/4s:100,-100(37.065177)
449:BR,Player:0r130c/cc/cc/cc:2c4h,3cKd|/2s4d4c/Ah/Jh:230,-230(230.000000)
450:Player,BR:0cc/cc/cc/r130c:3c5d,4c7c|/4d5cTc/Ac/2d:-230,230(-227.463209)
451:BR,Player:0r130c/cc/cc/cr299f:7sQc,5s8s|/4c8d9h/9c/4s:-230,230(-230.000000)
452:Player,BR:0cc/cc/cc/r130f:2c9c,3dKs|/4h7sAs/9s/Th:100,-100(100.000000)
453:BR,Player:0r130c/cc/cr460c/cr1380c:8hAs,3cJd|/6d7s9d/4c/8c:2070,-2070(2070.000000)
454:Player,BR:0cc/cc/cc/cc:8cQd,6h9h|/6cJdKs/2s/3h:-100,100(-81.354319)
455:BR,Player:0r130c/cc/cc/cr299c:2c6s,7hAd|/4h5c6c/2d/7s:529,-529(194.723771)
456:Player,BR:0cc/cc/cc/cc:3sTc,8hKd|/6sJcAs/3c/Ks:-100,100(-82.173307)
457:BR,Player:0cc/cc/cc/cr200f:4d6c,TcQh|/2hQdAc/3d/9s:-100,100(-100.000000)
458:Player,BR:0cc/cc/r130c/cc:6s9h,3s4c|/3h4hKh/2h/Ah:230,-230(58.118787)
459:BR,Player:0r200c/cr600c/cc/cc:9dAc,3c4h|/3h8cTh/2d/6h:-900,900(-39.448256)
460:Player,BR:0cc/cc/r130f:4s7h,5h7d|/2s4dKs/Ah:100,-100(100.000000)
461:BR,Player:0r130c/cc/cc/cr299c:4s7s,5c7d|/2h3cJs/7h/9d:-529,529(-76.121836)
462:Player,BR:0cr600f:QsQd,7h8d|:100,-100(100.000000)
463:BR,Player:0r130c/cr299c/cr687c/cr3648f:2h9c,5s5c|/5h9hQc/Ad/2d:-1216,1216(-1216.000000)
464:Player,BR:0cr300c/cc/r1200f:7dTd,8cJs|/5h9sQd/2d:400,-400(400.000000)
465:BR,Player:0r130c/cc/cr460f:8c9c,6dQd|/4s5cTd/Ad:-230,230(-230.000000)
466:Player,BR:0cr200c/cc/cc/r390c:TsKs,5s7c|/7d8s8d/6d/Th:690,-690(277.922670)
467:BR,Player:0f:4dKs,2d9s|:50,-50(50.000000)
468:Player,BR:0cc/cc/cc/cc:8cTh,QcAh|/7hKsKh/3c/Kc:-100,100(-90.810196)
469:BR,Player:0r130c/cr299c/cc/cr1058f:8h9d,5d7s|/5s7cKd/4d/9h:-529,529(-529.000000)
470:Player,BR:0cc/cc/cc/cc:4cQs,4dKc|/5h9sKd/9c/7h:-100,100(-76.923650)
471:BR,Player:0r130c/cc/cc/cc:2d5s,TdJd|/3s6d6c/6h/4h:230,-230(230.000000)
472:Player,BR:0cr130c/cc/r690c/r1840c:KdAs,3dKc|/2s3hKs/Qd/3s:-2760,2760(-2760.000000)
473:BR,Player:0r130c/cr299c/cc/cr687c:7cJc,3s8s|/3h8dKc/Ks/3c:-1216,1216(413.323306)
474:Player,BR:0cr200c/cc/cc/cc:3s3d,8dJd|/7d9sQd/6s/4s:300,-300(300.000000)
475:BR,Player:0cc/cr130c/cc/cc:8hTd,2cKh|/2hQhQc/7c/5c:-230,230(-92.463699)
476:Player,BR:0cr200f:3sTs,2c6d|:100,-100(100.000000)
477:BR,Player:0r130c/cr299c/cc/cc:5h5c,4d7c|/KsKhAd/5d/Js:529,-529(529.000000)
478:Player,BR:0cc/cc/cc/cc:4sTh,2d8s|/8d9cTs/Ah/Jc:100,-100(23.465912)
479:BR,Player:0cc/cc/cc/cr130c:6cJs,7hAd|/2h7cJh/Qd/6h:230,-230(215.881311)
480:Player,BR:0cc/cc/cc/r130f:2h3c,9cQs|/4d6hAc/3s/As:100,-100(100.000000)
481:BR,Player:0r130c/cr299c/cc/cc:5dJc,9cJd|/2hQhKd/8s/5s:529,-529(366.604350)
482:Player,BR:0cc/cc/cc/cc:2c9c,7h8s|/5h6d6c/Td/As:100,-100(87.803429)
483:BR,Player:0r200c/cc/cc/cr390f:4d9c,3dKs|/2hKcAh/8h/3h:-300,300(-300.000000)
484:Player,BR:0cc/cc/r130c/r460c:8hTs,3c8s|/8d9sJh/7d/Td:0,-0(10.425225)
485:BR,Player:0r130c/cr460c/cr1380f:3c7s,5dQc|/2d3hTd/4s:-690,690(-690.000000)
486:Player,BR:0cc/cc/cc/cc:4s8c,7h9s|/ThJhJc/2c/7c:-100,100(-76.033153)
487:BR,Player:0r130c/cc/cr115c/cc:KsKh,QsKc|/7hJdAs/7d/4s:345,-345(345.000000)
488:Player,BR:0cr200f:7d8d,2c5s|:100,-100(100.000000)
489:BR,Player:0cc/cc/cc/cr200c:5hAd,3dJh|/9hJsKh/Qh/3s:-300,300(13.817947)
490:Player,BR:0cr600f:5d9c,3cQs|:100,-100(100.000000)
491:BR,Player:0r130c/cc/cc/cc:3c8h,2cQc|/4sKcAs/Ad/Td:-230,230(-230.000000)
492:Player,BR:0cr200c/cc/r150f:9sAh,TcJd|/2s4d6s/2d:300,-300(300.000000)
493:BR,Player:0r130c/cc/cc/cr299f:JsKh,7hAc|/3h5s5c/6h/4d:-230,230(-230.000000)
494:Player,BR:0cc/cc/r130c/r115f:4cJh,8h9h|/3c5cJd/7c/Kh:230,-230(230.000000)
495:BR,Player:0r130c/cc/cc/cc:3hTd,3s3d|/5h7d9s/5s/Ah:-230,230(-230.000000)
496:Player,BR:0cr300f:2cJc,5h6s|:100,-100(100.000000)
497:BR,Player:0r130c/cc/cc/cr460c:5hKh,3cAd|/5cKsAs/6h/8h:690,-690(597.278936)
498:Player,BR:0cc/r130c/cc/cc:2s5s,8s9h|/7h7dKs/Jc/6h:-230,230(94.552553)
499:BR,Player:0r130c/cc/cc/cr299c:3cJs,QcAd|/4d8dJh/Kd/Ts:-529,529(74.387449)
500:Player,BR:0cc/cc/r200c/r390c:4d9h,2cQc|/4c7s9d/5s/7h:690,-690(221.211689)
501:BR,Player:0r200c/cc/cr150f:2c5c,4hQh|/6hQsAh/7h:-300,300(-300.000000)
502:Player,BR:0cr200c/cc/r150c/r225f:ThTc,JcAh|/4h7dKs/9c/9h:450,-450(450.000000)
503:BR,Player:0r200c/cr390c/cc/cr897f:7d7c,4sKh|/2c3d9s/4c/Kc:-690,690(-690.000000)
504:Player,BR:0cr300f:QcKd,2h6s|:100,-100(100.000000)
505:BR,Player:0r130c/cc/cc/cr460c:ThJd,QhAs|/3sQsKd/4c/9c:690,-690(673.006939)
506:Player,BR:0cr300c/cc/r1200c/r3200c:5h7s,5s9d|/2s6h9h/4c/3d:4800,-4800(-2139.893943)
507:BR,Player:0f:4cQd,2d7h|:50,-50(50.000000)
508:Player,BR:0cc/cc/r200f:3sJh,3c7c|/6d9hQc/Tc:100,-100(100.000000)
509:BR,Player:0r130c/cr299c/cr687c/cc:5sQc,7sQd|/2c3c4c/Th/4d:-1216,1216(-524.817470)
510:Player,BR:0cc/cc/cc/cc:3h5c,4hJd|/2d9dTc/Qh/4c:-100,100(-66.720987)
511:BR,Player:0r130c/cr299c/cr687c/cc:5cKh,QhKc|/6d9dJc/Qs/2h:-1216,1216(-656.532213)
512:Player,BR:0cc/cc/cc/r130c:3c6d,9dTs|/5sQhQc/Jc/2s:-230,230(68.617468)
513:BR,Player:0r130c/cr299c/cc/cr687c:8cAh,9sAs|/6s8sAc/6d/7c:1216,-1216(803.107871)
514:Player,BR:0cr300c/cc/r200f:8hKh,4hJh|/5c6s9c/Th:400,-400(400.000000)
515:BR,Player:0r200c/cc/cc/cc:5cQd,8hAs|/4d5h9d/Kc/7c:300,-300(276.938196)
516:Player,BR:0cr600c/cc/cc/r1400f:JdKs,9cAs|/2d3cKd/9h/Qd:700,-700(700.000000)
517:BR,Player:0cc/cr130c/cr299c/cc:TdAd,2cJs|/6c9h9c/As/Ac:529,-529(529.000000)
518:Player,BR:0cc/cc/cc/cc:7hKc,4cJs|/ThJhJc/4d/2h:-100,100(-99.720402)
519:BR,Player:0r130c/cr299c/cc/cr1058f:5d7h,TdKs|/3h6sKc/3d/Js:-529,529(-529.000000)
520:Player,BR:0cr600f:7d9d,3s4h|:100,-100(100.000000)
521:BR,Player:0r200c/cc/cc/cc:7dTs,7cKc|/5c9hAc/Ah/3d:-300,300(-300.000000)
522:Player,BR:0cc/cc/r130f:8sTh,4h5d|/3d7hTs/Kc:100,-100(100.000000)
523:BR,Player:0f:TsAh,2s8c|:50,-50(50.000000)
524:Player,BR:0cc/cc/cc/cc:4hKc,ThJd|/8s8hJs/Qd/Ah:-100,100(-62.165473)
525:BR,Player:0r130c/cc/cc/cc:7s7d,9hAs|/9sJcQs/Kc/3s:-230,230(-9.111740)
526:Player,BR:0cc/cc/cc/r130c:6d9h,JcQh|/4c7sQs/5h/Ts:-230,230(-113.311112)
527:BR,Player:0cc/cr130c/cc/cc:7sQc,JhKh|/3s8sAd/3d/Th:-230,230(-14.132306)
528:Player,BR:0cc/cc/cc/cc:5hJc,4d7d|/8hKsKd/9d/9c:100,-100(64.952148)
529:BR,Player:0f:4c8d,3s7c|:50,-50(50.000000)
530:Player,BR:0cr600f:2s4d,3sJc|:100,-100(100.000000)
531:BR,Player:0r130c/cr299c/cc/cc:5dKs,5s7d|/4d9hAs/5c/Ah:529,-529(529.000000)
532:Player,BR:0cc/cc/r130c/cc:3h4s,3sKs|/QdAsAh/4c/Kh:-230,230(-228.840101)
533:BR,Player:0r200c/cc/cc/cc:3h6s,6h9s|/3sJcQc/Kh/Qd:300,-300(188.584901)
534:Player,BR:0cr300c/r520c/r1196f:8sAs,TdJh|/6h8dAc/8h:920,-920(920.000000)
535:BR,Player:0cc/cr130c/cr115c/cc:5sQh,6cAs|/3d6h7c/Kd/Qs:345,-345(345.000000)
536:Player,BR:0cr200c/cc/r150c/r900c:4h5d,7dJh|/9sTdQs/7c/2d:-1350,1350(215.227165)
537:BR,Player:0r200c/cc/cr600f:5cAc,2hAs|/4s7dQd/Ks:-300,300(-300.000000)
538:Player,BR:0cc/cc/cc/cc:2hTc,7sAc|/8hJdKh/Kd/Jh:-100,100(-84.603999)
539:BR,Player:0r130c/cr299c/cc/cr687c:8hQh,9hJd|/2c4d7c/9c/3d:-1216,1216(-255.421729)
540:Player,BR:0cc/r130c/r299c/r687c:4c9c,ThJd|/3h5dQc/6h/Qh:-1216,1216(-1216.000000)
541:BR,Player:0cc/cc/cc/cc:2h5s,TdJs|/2s3cQh/6d/Kc:100,-100(46.630117)
542:Player,BR:0cc/cc/cc/cc:2c9d,7c9h|/5s5hJs/3s/Jc:0,-0(45.909763)
543:BR,Player:0r130c/cr299c/cr687c/cr7296f:8sJh,JsQs|/3s5sJc/Kh/2s:-1216,1216(-1216.000000)
544:Player,BR:0cr130c/cc/r460f:4s4d,2h6h|/4h5d7d/Qs:230,-230(230.000000)
545:BR,Player:0r130c/cr299c/cc/cr687f:5dQc,2dTd|/7c8dKs/Jh/9d:-529,529(-529.000000)
546:Player,BR:0cc/r200c/r390f:7dTs,3s9d|/6c8c9h/4h:300,-300(300.000000)
547:BR,Player:0r130c/cr299f:3h6c,AsAc|/7s9hAd:-230,230(-230.000000)
548:Player,BR:0cc/cc/r130c/r299c:5hKc,QsAs|/QdKsAh/4s/7h:-529,529(-509.047517)
549:BR,Player:0f:4cJh,3d8s|:50,-50(50.000000)
550:Player,BR:0cc/cc/cc/cc:2h8d,5cAd|/4sThQc/Ks/8s:100,-100(10.049512)
551:BR,Player:0r130c/cc/cr115c/cc:2hAc,5c6h|/9d9cJd/4c/Qs:345,-345(-179.011841)
552:Player,BR:0cr300c/cc/r200c/r300f:8c9c,5hJh|/5d9sTc/6s/Qs:600,-600(600.000000)
553:BR,Player:0r130c/cr299c/cc/cc:9sJc,5sTs|/6h9hQs/2c/3c:529,-529(529.000000)
554:Player,BR:0cc/cc/cc/cc:6hJd,JcKs|/TsTcAc/8d/3c:-100,100(-15.856883)
555:BR,Player:0f:3h8d,2s9c|:50,-50(50.000000)
556:Player,BR:0cr200f:TdQd,2h7d|:100,-100(100.000000)
557:BR,Player:0r200c/cr390c/cc/cr897c:9cJd,TdAs|/2s3s9s/8s/7c:-1587,1587(-651.209667)
558:Player,BR:0cc/cc/cc/r130f:9cTd,4sTh|/9hJhAd/8c/6c:100,-100(100.000000)
559:BR,Player:0cc/cc/cc/cc:4s9d,2cKs|/8h8dJc/5c/Ad:-100,100(-100.000000)
560:Player,BR:0cc/cc/r130c/cc:8s9d,5cQh|/7cTsQs/4h/Jc:230,-230(-181.112367)
561:BR,Player:0r130c/cc/cc/cc:4d9s,5sKs|/7cQsQd/Jd/Ah:-230,230(-230.000000)
562:Player,BR:0cc/cc/cc/cc:4s7d,7hJh|/TsQcAd/7c/2s:-100,100(-62.506235)
563:BR,Player:0r130c/cc/cc/cr460c:TsQs,5c6d|/3sJdKh/Js/4d:690,-690(437.693817)
564:Player,BR:0cr600c/cc/cc/cc:7c9s,4hKd|/5sTdKs/Qh/5d:-700,700(-618.913270)
565:BR,Player:0r200c/cr390f:3c8h,4cKd|/4h7h7c:-300,300(-300.000000)
566:Player,BR:0cc/cc/r130f:9hJc,3d8s|/2s5s9c/Kc:100,-100(100.000000)
567:BR,Player:0cc/cr130c/cr460f:JcAd,5c8c|/6c7hTd/Tc:-230,230(-230.000000)
568:Player,BR:0cr300c/cc/cc/r200c:QcAs,3s3h|/2d6h8c/9h/2s:-600,600(-206.179468)
569:BR,Player:0r130c/cr299c/cr1587c/cc:6sAd,JcQh|/3c8hQd/9d/4d:-2116,2116(413.303194)
570:Player,BR:0cr200c/r390c/r897c/r793c:6d9c,9sTc|/2h8d9h/4c/3h:-2380,2380(-1449.188093)
571:BR,Player:0r130c/cc/cc/cc:8cQc,3cJc|/5hKsKc/Qd/6d:230,-230(230.000000)
572:Player,BR:0cr600f:2h2c,4dJs|:100,-100(100.000000)
573:BR,Player:0cc/cr130c/cc/cr299f:2d3c,3sTd|/2hJsJc/Th/9c:-230,230(-230.000000)
574:Player,BR:0cc/cc/cc/r130f:5dKs,3dQd|/2c5sAs/2d/3s:100,-100(100.000000)
575:BR,Player:0r200c/cr390c/cr897c/cr2063c:JsJc,4d6c|/7s8dJd/4s/9d:3650,-3650(1372.193561)
576:Player,BR:0cc/cc/cc/r130f:2hQc,4h5h|/8s8cQh/9s/Qs:100,-100(100.000000)
577:BR,Player:0r130c/cc/cc/cr299f:9dJs,2hKc|/JdQcKd/Qh/Kh:-230,230(-230.000000)
578:Player,BR:0cc/cc/cc/cc:4hTc,3d4d|/2s8sAh/4s/5d:-100,100(-92.483490)
579:BR,Player:0r130c/cr299c/cc/cc:6cQh,6h7c|/JcKsKc/Ts/8d:529,-529(-41.187620)
580:Player,BR:0cr300c/cc/cc/r800c:7h9h,5dQc|/5sAsAc/Td/6d:-1200,1200(-484.593323)
581:BR,Player:0r130c/cc/cc/cr299c:KhAs,4d6c|/2d3cAh/9s/Jc:529,-529(413.790219)
582:Player,BR:0cc/cc/r130c/r115c:5d7s,4dKc|/4c8sAs/Js/2h:-345,345(-22.345593)
583:BR,Player:0r200c/cc/cc/cr600f:7c9s,8dQs|/3hTcAd/Kc/Jd:-300,300(-300.000000)
584:Player,BR:0cc/cc/cc/cc:6s9d,8hAh|/5cTcQs/2h/5h:-100,100(-9.351229)
585:BR,Player:0r200c/cc/cc/cc:6cQh,7dTs|/3d9hJc/3c/7c:-300,300(-300.000000)
586:Player,BR:0cr130c/cc/cc/cc:JhKc,4c8c|/2hThQd/5s/As:230,-230(230.000000)
587:BR,Player:0r130c/cr299c/cc/cr1058f:4dQs,AhAd|/6cJsQd/6d/Kd:-529,529(-529.000000)
588:Player,BR:0cr200c/r390f:5h5c,2hJc|/3d4cTh:300,-300(300.000000)
589:BR,Player:0cc/cr200c/cr600c/cr1800f:7hKh,8dTh|/6s8s8c/9c/4d:-900,900(-900.000000)
590:Player,BR:0cc/cc/cc/cc:7dKh,3dKs|/9hTsQh/4s/Ad:0,-0(4.337951)
591:BR,Player:0r200c/cr390c/cc/cc:QhAh,3h4c|/2s2h6d/3s/8s:-690,690(-97.085919)
592:Player,BR:0cr300c/r520c/cc/r460c:3s6h,7hJc|/3d7s8c/Ts/Qc:-1380,1380(841.333763)
593:BR,Player:0r130c/cc/cc/cr460c:5cAc,4dJs|/3hTcQc/As/6h:690,-690(203.790064)
594:Player,BR:0cr300f:TsQd,2s7c|:100,-100(100.000000)
595:BR,Player:0r200c/cc/cc/cc:3dQh,9dAs|/4d6cQc/3h/7c:300,-300(300.000000)
596:Player,BR:0cr300c/cc/cc/cc:2sQs,6hKs|/2d9hAs/Js/Kd:-400,400(-339.413986)
597:BR,Player:0cc/cc/cc/cr130c:3hAd,7sQs|/5cThAh/Js/Qc:230,-230(167.947212)
598:Player,BR:0cc/cc/cc/r130c:2s9h,JsAc|/8d9cQh/Qs/9s:230,-230(-23.138817)
599:BR,Player:0cc/cc/cc/cr200c:2sAs,4sAh|/3c8cTh/4c/8s:-300,300(68.508340)
600:Player,BR:0cr300c/cc/r200c/r1200f:QhAh,7sJh|/4s4cQc/6c/Th:600,-600(600.000000)
601:BR,Player:0cc/cc/cc/cc:3dKc,JhQd|/4s4cKd/3s/Kh:100,-100(100.000000)
602:Player,BR:0cr200c/r390c/r1380f:3d6d,8dAh|/4s9dQd/Jc:690,-690(690.000000)
603:BR,Player:0r200c/cc/cr150c/cc:JdAh,4s9s|/7dJcAs/6c/9d:450,-450(450.000000)
604:Player,BR:0cc/cc/cc/r300f:7s8c,2cAc|/JdKhKc/9h/Tc:100,-100(100.000000)
605:BR,Player:0r130c/cr299c/cr687c/cr1580c:JhKs,4h8h|/2c3d6h/9s/Th:2796,-2796(-154.627933)
606:Player,BR:0cr130c/cc/cc/cc:7sAd,2sKc|/4c8h9c/2c/9s:-230,230(-129.785987)
607:BR,Player:0r130c/cr460c/cc/cc:2dQs,QhKh|/3h7cTh/3s/9c:-690,690(176.473799)
608:Player,BR:0cr300f:9sJs,3d7s|:100,-100(100.000000)
609:BR,Player:0f:TsAh,3c9s|:50,-50(50.000000)
610:Player,BR:0cr130c/cc/cc/cc:ThQd,6sJd|/3c7d7c/2d/5c:230,-230(230.000000)
611:BR,Player:0r300c/cc/cr200c/cc:2hJs,7sJc|/7cTsAh/4h/8c:-600,600(-361.605665)
612:Player,BR:0cr200c/cc/cc/cc:JdKd,6s8c|/2d4c7c/6c/4s:-300,300(-268.075365)
613:BR,Player:0r130c/cr299c/cr687c/cc:3d4s,8d9h|/3c6s9c/2h/2d:-1216,1216(-475.429781)
614:Player,BR:0cc/cc/r200c/r390f:5cAs,5s8s|/2h8dAc/3d/Qd:300,-300(300.000000)
615:BR,Player:0r130c/cc/cc/cc:6hTh,9hQh|/5s7sAd/3s/5h:-230,230(-230.000000)
616:Player,BR:0cr130c/r460c/r345c/r2070f:ThQs,5dAd|/3d8h8c/Tc/Td:1035,-1035(1035.000000)
617:BR,Player:0r130c/cr460c/cr1380c/cr6210c:2s3d,9hTd|/2d8cAc/7h/As:8280,-8280(6106.381394)
618:Player,BR:0cc/cc/cc/r130c:2h7s,4h5s|/5c7hQs/6c/Ac:230,-230(53.803076)
619:BR,Player:0r130c/cc/cr460c/cc:ThTc,8cJc|/6h6cTd/Qc/Qh:690,-690(690.000000)
620:Player,BR:0cc/cc/cc/cc:2c3c,5sKc|/6d9hQc/Qs/4d:-100,100(3.327042)
621:BR,Player:0cc/cc/cr130f:8h9s,2sJd|/4h4dTh/5s:-100,100(-100.000000)
622:Player,BR:0cr130c/cc/r460c/r345c:8sTh,3dJd|/4s9sKs/5h/Tc:1035,-1035(338.832403)
623:BR,Player:0r130c/cc/cc/cc:6h8c,8sJc|/7hQdAd/Ah/4h:-230,230(-230.000000)
624:Player,BR:0cc/cc/cc/cc:7hKs,2sJh|/3hTdKc/Ts/8s:100,-100(75.687885)
625:BR,Player:0r130c/cr299c/cr3174f:5cKd,2h5h|/3s4cTc/Jd:-529,529(-529.000000)
626:Player,BR:0cr300c/cc/r520f:8dAd,2dQs|/7sTcAc/5d:400,-400(400.000000)
627:BR,Player:0r200c/cc/cc/cc:2cQh,4c6d|/4h7sKs/Ts/Qc:300,-300(300.000000)
628:Player,BR:0cc/cc/cc/r300c:4d9s,9dTs|/7cTcJc/6h/8h:0,-0(-208.266497)
629:BR,Player:0r130c/cr299c/cr687c/cc:7dKs,3s7s|/2c5d5c/9h/9d:1216,-1216(1033.664800)
630:Player,BR:0cr300c/cc/r200c/cc:7s9d,7dKs|/4s4dKh/Ac/Qh:-600,600(-570.757131)
631:BR,Player:0r130c/cc/cr115c/cc:6hJh,2c5c|/2d8cQs/6c/Kh:345,-345(183.159901)
632:Player,BR:0cr200c/cc/cc/r150c:9cAh,2cAd|/7sTsKc/4s/Qs:450,-450(280.176766)
633:BR,Player:0r130c/cr299c/cc/cc:6sAh,5sKs|/2h7s7d/6h/3d:529,-529(529.000000)
634:Player,BR:0cr300c/r520c/r1840c/r3588c:7d9d,5cKc|/3s4sTd/6h/Ks:-6348,6348(94.531309)
635:BR,Player:0r130c/cc/cc/cc:4dTs,6hAs|/6s8cJs/Tc/Qc:230,-230(230.000000)
636:Player,BR:0cc/cc/r200c/r390f:4dKc,2sAs|/7dJcQd/Ts/9s:300,-300(300.000000)
637:BR,Player:0r130c/cr299c/cc/cr687f:5sQh,8s9s|/2c7dKd/9h/4h:-529,529(-529.000000)
638:Player,BR:0cc/cc/r130c/r299f:7dKc,3sQs|/9cJcKh/4h/Ad:230,-230(230.000000)
639:BR,Player:0r200c/cc/cc/cr600c:5sKc,3s4h|/3c6s7h/4c/2d:900,-900(900.000000)
640:Player,BR:0cr300f:2s2c,3h5h|:100,-100(100.000000)
641:BR,Player:0r130c/cr690f:3h4s,QcAs|/9dTcAh:-230,230(-230.000000)
642:Player,BR:0cc/cc/cc/r130f:2c9h,2sTd|/5s6c9c/Jh/8s:100,-100(100.000000)
643:BR,Player:0r300c/cc/cc/cr520c:JcKs,7s7c|/4s8h9c/6h/Kd:920,-920(127.310811)
644:Player,BR:0cr300f:8sQs,3s4h|:100,-100(100.000000)
645:BR,Player:0r200c/cc/cc/cr390f:3cAd,7c9d|/2dJcQs/9s/8d:-300,300(-300.000000)
646:Player,BR:0cc/cc/cc/cc:3d9h,4dKh|/JcAhAd/Ts/6c:-100,100(-49.811476)
647:BR,Player:0r130c/cr299c/cr687f:5sTh,3hKc|/6s7hKh/2s:-529,529(-529.000000)
648:Player,BR:0cc/cc/cc/cc:7cKs,3s3h|/7s8s8h/Qs/5c:100,-100(-49.069878)
649:BR,Player:0r200c/cc/cc/cc:TsJd,7hKd|/4d8dAc/Tc/3s:300,-300(300.000000)
650:Player,BR:0cc/cc/cc/cc:6sQh,6c7c|/4cThKh/4s/Td:0,-0(21.251179)
651:BR,Player:0r130c/cc/cr460c/cc:2hAd,9sKs|/5h7sTc/6c/2s:690,-690(255.164619)
652:Player,BR:0cc/cc/r130c/r460c:JsKh,TdJh|/TcJcKs/3h/Jd:690,-690(-641.482896)
653:BR,Player:0r200c/cc/cr150c/cc:4cJs,4sJd|/4hTcKd/9h/As:0,-0(-71.040591)
654:Player,BR:0cc/cc/cc/cc:4dJd,2cJc|/2h2d3s/Tc/Js:-100,100(-99.836920)
655:BR,Player:0r200c/cc/cr390c/cr2070c:8cTc,3s8s|/8hKcAs/8d/Jc:0,-0(1734.175427)
656:Player,BR:0cr300c/cc/cc/cc:3h4s,6cTd|/3cJdQs/Ah/4c:400,-400(398.996445)
657:BR,Player:0r130c/cr299c/cc/cr1058f:9dQs,4h7d|/4s4cJc/Ac/Js:-529,529(-529.000000)
658:Player,BR:0cc/cc/cc/r130f:4h8s,4s8c|/2d6d9h/Tc/3h:100,-100(100.000000)
659:BR,Player:0r200c/cr390c/cc/cc:7dJc,7s9c|/3sTcJs/2c/9h:690,-690(690.000000)
660:Player,BR:0cc/cc/cc/cc:4cQd,3s7s|/3hTsKd/Td/7c:-100,100(-64.742411)
661:BR,Player:0f:3c5c,2h9d|:50,-50(50.000000)
662:Player,BR:0cc/cc/cc/cc:8dQc,7sTs|/2h6dKd/7d/Ks:-100,100(-89.619767)
663:BR,Player:0f:3s3h,2c4h|:50,-50(50.000000)
664:Player,BR:0cr200c/cc/r600c/cc:TsJc,5c9c|/4c5d7s/2c/9d:-900,900(-885.446283)
665:BR,Player:0r130c/cr299c/cc/cc:QsKh,6cJs|/5c9sAd/2h/4d:529,-529(104.674014)
666:Player,BR:0cc/r300f:4h5s,4c5h|/2h7cAd:100,-100(100.000000)
667:BR,Player:0r130c/cc/cr460c/cc:JdQd,5s5h|/8s8cTh/2d/9c:690,-690(690.000000)
668:Player,BR:0cr200c/r390f:KdKc,4c7d|/2s9hJd:300,-300(300.000000)
669:BR,Player:0r300f:2s9h,3d8d|:-100,100(-100.000000)
670:Player,BR:0cc/cc/r130c/cc:3sKc,2c5d|/2s2d5c/3h/7d:-230,230(-229.015506)
671:BR,Player:0r130c/cr299c/cr1058f:3dQc,6c7d|/4h5cTd/Ah:-529,529(-529.000000)
672:Player,BR:0cc/r130c/r115f:2s4c,4h9s|/2c4sAh/Th:230,-230(230.000000)
673:BR,Player:0r130c/cc/cr299f:2s7h,JdAs|/6cTcQd/9c:-230,230(-230.000000)
674:Player,BR:0cc/cc/cc/r130c:4d5h,6dTc|/7s8cKc/9s/8s:-230,230(-223.732099)
675:BR,Player:0r130c/cc/cc/cc:6cTc,4cQh|/2dKhAc/Th/Kd:230,-230(216.348465)
676:Player,BR:0cc/cc/cc/cc:3c7s,5hQc|/3h4hKd/Jh/As:100,-100(33.056492)
677:BR,Player:0r130c/cr299c/cc/cc:6s9c,7hAd|/3h8d9h/3c/6h:529,-529(529.000000)
678:Player,BR:0cr200c/cc/r150c/r225c:6dKh,3h8d|/7h8hJh/Jc/9c:-675,675(126.617188)
679:BR,Player:0r130c/cc/cr690c/cr2760c:9cQh,3dJd|/5s7hAh/Kc/Th:3680,-3680(3358.107487)
680:Player,BR:0cc/cc/cc/cc:3hTh,5cJs|/4hJhKc/4d/5s:-100,100(-71.795945)
681:BR,Player:0r130c/cc/cc/cr299c:JdQh,4dQs|/2sQdAh/Ac/3d:529,-529(479.146496)
682:Player,BR:0cc/cc/cc/r130c:3sAc,4cJs|/2d7hJh/3h/9c:-230,230(-156.443445)
683:BR,Player:0r130c/cc/cr299c/cc:9dTs,7sAs|/2h3dTc/7c/Kc:529,-529(529.000000)
684:Player,BR:0cc/cc/cc/r300c:8hKd,TsKs|/7s7cJd/Td/Kc:-400,400(-322.580229)
685:BR,Player:0r130c/cr299c/cr264c/cc:5hTh,9dTc|/2d6hAd/4h/6s:-793,793(-793.000000)
686:Player,BR:0cc/cc/r130c/cc:9sAh,2c7s|/3h5hKh/7h/As:230,-230(35.505338)
687:BR,Player:0cc/cr130c/cr1380f:2sTc,8s8h|/8c9cTs/9d:-230,230(-230.000000)
688:Player,BR:0cr600c/cc/cc/cc:9hQd,3cAs|/4c6sJc/9d/6d:700,-700(175.789520)
689:BR,Player:0r200c/cc/cc/cr600c:6cJs,3dJd|/2c3s6h/9s/9d:900,-900(900.000000)
690:Player,BR:0cr200c/r390c/cc/cc:2sTd,8dKs|/3s4cAc/4s/2c:690,-690(-107.111776)
691:BR,Player:0r130c/cc/cc/cc:4hQh,4c5c|/8d9hAs/4d/Kh:230,-230(-23.342397)
692:Player,BR:0cc/cc/cc/cc:6dAc,8dJs|/2h5dQh/Th/9h:-100,100(-73.798837)
693:BR,Player:0r130c/cc/cc/cc:QsKc,4hAs|/6d7h7c/Jh/Qc:230,-230(230.000000)
694:Player,BR:0cr300c/cc/cc/cc:8hAs,4cQc|/3d6cKs/5d/4d:-400,400(-173.940648)
695:BR,Player:0r130c/cr299c/cc/cc:3h3d,7dQd|/4c7hTs/Jd/Ad:-529,529(24.476815)
696:Player,BR:0cc/cc/cc/cc:3dKc,2s5c|/6h9hTs/Ad/Tc:100,-100(90.549114)
697:BR,Player:0f:4s7c,3c9s|:50,-50(50.000000)
698:Player,BR:0cc/cc/r130c/r299f:TsQc,3cKs|/4h6hQs/Ad/5d:230,-230(230.000000)
699:BR,Player:0r200c/cr390c/cr897c/cc:TsKd,4hJh|/2h3cJd/8s/Qs:-1587,1587(-1353.431180)
700:Player,BR:0cc/cc/r200f:6hTs,5c8s|/4s4h7c/9h:100,-100(100.000000)
701:BR,Player:0r130c/cr460c/cr897c/cr4761c:4d8c,5sTc|/2c6c7d/8s/Jh:6348,-6348(6240.142973)
702:Player,BR:0cr200c/cc/cc/cc:KhKc,4hJs|/4d5s7h/6c/3s:0,-0(4.224799)
703:BR,Player:0r200c/cc/cr150c/cc:2h2c,2dAd|/2s4cKc/Jd/6d:450,-450(450.000000)
704:Player,BR:0cr600f:JhJd,2s3h|:100,-100(100.000000)
705:BR,Player:0r200c/cc/cc/cr390f:2hKs,2s2d|/9hQdQc/7h/7c:-300,300(-300.000000)
706:Player,BR:0cr600f:2d4s,6s7h|:100,-100(100.000000)
707:BR,Player:0r130c/cc/cc/cc:8sQc,3hKs|/7h7cJc/Kc/Ac:230,-230(230.000000)
708:Player,BR:0cr300c/cc/r1200c/r800f:TdKd,5sAh|/3c6sKh/8c/9d:1600,-1600(1600.000000)
709:BR,Player:0cc/cr130c/cc/cc:5hTc,3s3h|/9dTsTd/Qc/4s:230,-230(230.000000)
710:Player,BR:0cc/cc/cc/r130c:2h7s,9h9c|/4h9dAh/5d/8c:-230,230(-216.337455)
711:BR,Player:0cc/cc/cr200c/cc:8cKs,4h9c|/2h7sJd/9s/5h:-300,300(-106.017583)
712:Player,BR:0cc/cc/r200c/cc:5hTh,8dQh|/2s7d9c/Qs/Ah:-300,300(-300.000000)
713:BR,Player:0r130c/cc/cr115c/cr1035f:5dAc,4s6s|/3h4h6d/Td/Kh:-345,345(-345.000000)
714:Player,BR:0cr300c/r520f:9sKs,3sQd|/8s9hAs:400,-400(400.000000)
715:BR,Player:0r130c/cr299c/cr687f:6sJc,8h9h|/2c5h9s/5c:-529,529(-529.000000)
716:Player,BR:0cc/cc/r200c/r150f:4hTh,5sTd|/2d4d8h/3h/Ks:300,-300(300.000000)
717:BR,Player:0r200c/cr390c/cc/cc:4s7d,5c7h|/4h5sJc/6c/Jh:-690,690(92.103853)
718:Player,BR:0cc/cc/cc/cc:4sQc,3c9s|/2c7hTh/5h/7s:100,-100(87.613363)
719:BR,Player:0r200c/cr390c/cr1380c/cc:5s9d,TdJd|/2c5d7s/Js/4h:-2070,2070(890.547160)
720:Player,BR:0cr600c/cc/cc/r140c:6c8c,9hKh|/2dTsQd/Ad/Td:-840,840(-373.222110)
721:BR,Player:0r130c/cc/cr460f:8hAs,7sTs|/2s7d7c/9d:-230,230(-230.000000)
722:Player,BR:0cc/cc/cc/cc:4sQd,4d8c|/8hThQh/Qc/5h:100,-100(-4.479999)
723:BR,Player:0r200c/cr600c/cc/cc:JhAc,6d8d|/4dQcKh/4h/Ts:900,-900(900.000000)
724:Player,BR:0cr600c/r1400c/cc/cc:3dKd,QcKs|/9sTdQh/7s/8s:-2100,2100(-1527.152398)
725:BR,Player:0r130c/cc/cc/cc:ThAd,3cKs|/3s8c9s/Qd/7c:-230,230(-73.306072)
726:Player,BR:0cc/cc/cc/cc:2hJd,5d9s|/2d9dTh/2s/Kc:100,-100(-55.897350)
727:BR,Player:0r200c/cr390c/cr1380c/cc:2cKc,JhQc|/7cTsAs/6c/7d:2070,-2070(111.558574)
728:Player,BR:0cc/cc/r200f:3s9c,2s3c|/6h8dJd/7c:100,-100(100.000000)
729:BR,Player:0r130c/cr299f:3s4c,7d8h|/5d9h9d:-230,230(-230.000000)
730:Player,BR:0cr600f:6h8h,2sKh|:100,-100(100.000000)
731:BR,Player:0r130c/cc/cr115c/cr1035c:5cAs,3h4s|/7sQhAd/Qc/Qd:1380,-1380(1113.801062)
732:Player,BR:0cr300f:7sQs,4h8d|:100,-100(100.000000)
733:BR,Player:0r300c/cr1200c/cr2080c/cc:6dJc,4hQh|/3hKhAc/2d/Ad:-3680,3680(-3680.000000)
734:Player,BR:0cc/cc/r300f:TdKc,7c9d|/4cQsKs/7h:100,-100(100.000000)
735:BR,Player:0f:7dJh,2h9d|:50,-50(50.000000)
736:Player,BR:0cr300f:3d4d,2c7d|:100,-100(100.000000)
737:BR,Player:0r200c/cc/cr150c/cc:7d9h,5d8c|/7s8hKd/Tc/4d:-450,450(-207.452471)
738:Player,BR:0cr200c/r390c/cc/cc:4h6h,JhAd|/8d9hAc/9s/8s:-690,690(-558.448783)
739:BR,Player:0r130c/cr460f:2h6s,5cAs|/3d4c7d:-230,230(-230.000000)
740:Player,BR:0cr300c/cc/cc/r520f:8sAh,4sJd|/3s9hQh/8d/Qd:400,-400(400.000000)
741:BR,Player:0r200c/cr390c/cr345c/cr3105c:7dAh,2hJh|/4h6dKd/8c/Qh:4140,-4140(4140.000000)
742:Player,BR:0cc/cc/cc/cc:8sQh,6sJs|/4s4dTs/Tc/Jh:-100,100(-88.855772)
743:BR,Player:0r130c/cc/cc/cc:KsAc,9hQd|/2c3d8h/Jd/2d:230,-230(203.012241)
744:Player,BR:0cc/cc/cc/cc:4d7h,6sAh|/3sQsQc/Jh/Ac:-100,100(-87.993394)
745:BR,Player:0r130c/cc/cr460f:2hJs,6dJh|/3d5dAd/7h:-230,230(-230.000000)
746:Player,BR:0cr300f:2d5d,2s8s|:100,-100(100.000000)
747:BR,Player:0cc/cc/cc/cc:4cAh,6dQh|/7sTcAs/5h/Ad:100,-100(100.000000)
748:Player,BR:0cr200c/cc/cc/r600f:QhKd,5s7s|/TsTdAc/Kh/Jc:300,-300(300.000000)
749:BR,Player:0cc/cc/cc/cr130c:9dJd,7h7c|/5h5d9c/3d/3h:230,-230(104.088005)
750:Player,BR:0cr200c/r390c/cc/cc:7sAd,6hTd|/3d6cKd/Kh/4s:-690,690(-595.028120)
751:BR,Player:0cc/cr130c/cr299c/cr1587c:7d8h,TdJc|/2h4c6s/9d/5d:2116,-2116(2116.000000)
752:Player,BR:0cr130c/cc/r299c/r1587f:3s9s,7dKs|/2d7hJh/8c/5s:529,-529(529.000000)
753:BR,Player:0r130c/cc/cc/cr299c:3cAs,8hQs|/2s9hKh/7c/Ts:529,-529(-191.560721)
754:Player,BR:0cc/cc/r130c/cc:5d9c,ThAh|/4c8sQh/6s/Jc:-230,230(45.729428)
755:BR,Player:0r130c/cr299c/cr687c/cr1580f:JsAs,4sKs|/2h4h4c/Kc/5h:-1216,1216(-1216.000000)
756:Player,BR:0cc/cc/cc/r130c:4s7c,5cAh|/9hTdQc/2c/Kh:-230,230(79.394403)
757:BR,Player:0r130c/cc/cr460f:6sJd,9hKc|/3d4s5s/9c:-230,230(-230.000000)
758:Player,BR:0cc/cc/cc/cc:3sJs,4h9c|/TsKhAc/As/6c:100,-100(44.266678)
759:BR,Player:0r200c/cr390c/cc/cr1380f:5sKs,3sQc|/4hTcQh/Kc/Qd:-690,690(-690.000000)
760:Player,BR:0cr600f:6c8c,5s7d|:100,-100(100.000000)
761:BR,Player:0f:6c7s,2sTd|:50,-50(50.000000)
762:Player,BR:0cc/cc/r130c/r115c:2hAd,JcKc|/2c8cJd/6c/7c:-345,345(-330.376994)
763:BR,Player:0r130c/cr299c/cr1587c/cc:TdJc,4dJd|/4h6cJh/Kd/6h:0,-0(1297.303943)
764:Player,BR:0cr300c/cc/r200c/r120f:8c9d,6cQc|/9sKcAh/Kd/5d:600,-600(600.000000)
765:BR,Player:0r130c/cr299c/cc/cr1058c:7hTc,2cAc|/JhKcAh/7d/As:-1587,1587(103.740803)
766:Player,BR:0cc/cc/cc/cc:5sTc,3c7s|/2s2hJh/8s/Jd:100,-100(88.070423)
767:BR,Player:0r130c/cc/cr115c/cc:4cJd,2c8c|/QsQhKc/Th/Jc:345,-345(165.129493)
768:Player,BR:0cc/cc/cc/r130c:5c8d,5dKh|/8c9dKs/8h/As:230,-230(-82.034532)
769:BR,Player:0r130c/cr690f:2h8s,8hJh|/4s7sTh:-230,230(-230.000000)
770:Player,BR:0cc/cc/cc/cc:2c5h,5sQd|/8d8c9h/8s/9d:0,-0(7.431926)
771:BR,Player:0r200c/cc/cr600c/cc:4c7c,7sKs|/2c3dJc/4d/As:900,-900(-562.872135)
772:Player,BR:0cc/cc/r200c/cc:6d8c,2h4d|/7hTdJh/2s/2d:-300,300(-300.000000)
773:BR,Player:0r130c/cr299f:2c8h,9sQh|/3sJcQc:-230,230(-230.000000)
774:Player,BR:0cc/cc/cc/r130f:6cQd,7dJd|/2c5h5c/Qs/2d:100,-100(100.000000)
775:BR,Player:0r130c/cr460c/cc/cc:4cKd,7d8c|/2c6hQc/2h/Ah:690,-690(245.074326)
776:Player,BR:0cc/cc/cc/cc:3dJh,ThQs|/8h8dKd/Kc/Qh:-100,100(-88.838835)
777:BR,Player:0r130c/cc/cr690c/cc:5c6s,3dTd|/5s8sAc/4h/Jd:920,-920(402.751007)
778:Player,BR:0cr300c/cc/cc/r200c:8s8d,5dJs|/7h9hKh/Ks/Jd:-600,600(-501.079487)
779:BR,Player:0f:2cJs,3sTh|:50,-50(50.000000)
780:Player,BR:0cc/cc/cc/cc:3d7h,3h8c|/8hQsAd/Ts/Td:-100,100(-48.603276)
781:BR,Player:0r200c/cc/cc/cc:7sTs,5sJd|/5c9sTd/Th/Kc:300,-300(300.000000)
782:Player,BR:0cc/cc/cc/r300c:3d5c,4h6c|/8hQdAh/9d/4c:-400,400(-230.109734)
783:BR,Player:0r130c/cc/cr299c/cr1587f:8cJh,9cQs|/3dQcAs/Td/Qd:-529,529(-529.000000)
784:Player,BR:0cc/r130c/r115c/r690c:9cQs,3s9s|/3c6c8s/5d/Jc:-1035,1035(-1035.000000)
785:BR,Player:0r200c/cr390c/cr1380c/cc:8d9s,6sQs|/2h4c8s/2c/3h:2070,-2070(1177.536241)
786:Player,BR:0cc/cc/cc/cc:2h4d,7h7c|/4h5dQh/8c/8s:-100,100(-84.496681)
787:BR,Player:0r200c/cc/cc/cc:7s8h,4dKc|/6c9s9d/Ac/9h:-300,300(-300.000000)
788:Player,BR:0cr200c/cc/r150c/r225f:QhAh,5cJs|/6cAsAc/6h/Tc:450,-450(450.000000)
789:BR,Player:0f:5sKc,2c4s|:50,-50(50.000000)
790:Player,BR:0cc/cc/r200c/cc:2s8d,2dTs|/5d7c9h/Jd/2h:-300,300(-255.835145)
791:BR,Player:0cc/cc/cc/cc:3hJd,4hAd|/7dTcKs/8h/Ts:-100,100(-100.000000)
792:Player,BR:0cc/cc/r130f:3s7h,2dTc|/3h4s4h/8s:100,-100(100.000000)
793:BR,Player:0r130c/cr299c/cr687c/cr3648c:8sKh,QcAh|/7h8h9h/Ts/4h:-4864,4864(444.677443)
794:Player,BR:0cc/cc/r300f:TdKc,8cAc|/2hQsKs/3c:100,-100(100.000000)
795:BR,Player:0r130c/cc/cc/cc:5cJs,7hQc|/8dKhAc/7d/8c:-230,230(-216.538352)
796:Player,BR:0cc/cc/cc/cc:JdQs,8s9d|/3c5cTc/2d/9h:-100,100(-77.293565)
797:BR,Player:0f:8hAc,2d4h|:50,-50(50.000000)
798:Player,BR:0cr200c/cc/r150c/r225f:3h6c,5cQh|/7sQsAs/3c/6s:450,-450(450.000000)
799:BR,Player:0r130c/cc/cc/cc:5hQh,JdAh|/6s9cQc/4h/9s:230,-230(230.000000)
800:Player,BR:0cr300f:3d5d,2sTc|:100,-100(100.000000)
801:BR,Player:0r200c/cr390f:3sJh,8sJd|/2d6h9c:-300,300(-300.000000)
802:Player,BR:0cc/cc/cc/r200c:7sTh,TsTc|/2sQsKd/4s/As:-300,300(-300.000000)
803:BR,Player:0cc/cr130c/cr299c/cr687c:4sJc,6c9d|/JsKhKc/8d/Jd:1216,-1216(1216.000000)
804:Player,BR:0cc/cc/r130c/r115c:6h8s,6c8c|/6dAdAc/2s/Td:0,-0(-37.411634)
805:BR,Player:0cc/cc/cc/cr300c:2s4h,9sQh|/2d3s4s/6h/Tc:400,-400(400.000000)
806:Player,BR:0cr600c/cc/r910f:KdAs,7c8c|/4dTdKs/5s:700,-700(700.000000)
807:BR,Player:0r200c/cr390c/cr897c/cr4761f:5cJs,QdAd|/4d9dJd/Qc/9s:-1587,1587(-1587.000000)
808:Player,BR:0cc/cc/cc/cc:3dJd,QhKh|/7h7c8d/As/Ac:-100,100(-48.573263)
809:BR,Player:0f:4dKs,2c7s|:50,-50(50.000000)
810:Player,BR:0cc/cc/r300c/r520f:9sJh,8hKh|/3d7c8c/3s/Jd:400,-400(400.000000)
811:BR,Player:0f:6hTd,4c9h|:50,-50(50.000000)
812:Player,BR:0cc/cc/r300c/cc:4sKc,8dAs|/2s3s7h/9c/9s:-400,400(-340.727999)
813:BR,Player:0r130c/cr299c/cc/cc:7sAh,TdTc|/5s9cKc/7h/3h:-529,529(339.445523)
814:Player,BR:0cc/cc/cc/cc:6cJs,4d8d|/7d9h9c/Td/Kh:100,-100(92.715078)
815:BR,Player:0r200c/cr390f:3c6s,TdQd|/8s9sTh:-300,300(-300.000000)
816:Player,BR:0cc/cc/cc/cc:4cKh,5c7d|/3c7sQc/9c/9d:-100,100(-76.385748)
817:BR,Player:0cc/cr130c/cr460f:3dTs,7d9c|/2d4d9d/2s:-230,230(-230.000000)
818:Player,BR:0cc/cc/cc/cc:5hKs,7dQc|/8dQhKh/4h/Kd:100,-100(-90.985294)
819:BR,Player:0f:6dTc,4c9s|:50,-50(50.000000)
820:Player,BR:0cc/cc/r130c/cc:5cTh,4cTc|/2d7h9s/8c/2s:0,-0(91.273579)
821:BR,Player:0cc/cc/cr130c/cr460c:TsQc,2s4s|/JsJcKd/Th/7c:690,-690(661.154833)
822:Player,BR:0cr200c/cc/cc/cc:7cQd,5c6h|/5s5dJs/Jc/Th:-300,300(-297.786506)
823:BR,Player:0r130c/cr460c/cr2070c/cc:9hAs,2dJd|/3d4c8d/Ks/Qh:2760,-2760(1844.251360)
824:Player,BR:0cr600c/cc/r910c/cc:KcAs,7sJh|/2h2d7h/7d/6c:-1610,1610(-1415.249429)
825:BR,Player:0r130c/cr299c/cc/cc:2cTc,5h6d|/4hJdJc/9s/9h:529,-529(-47.237374)
826:Player,BR:0cc/cc/cc/cc:2dJh,5dTd|/5s6s7d/Kd/5h:-100,100(-87.129161)
827:BR,Player:0r130c/cc/cr115c/cr172f:4cAc,9sJs|/4d8cTc/3d/9d:-345,345(-345.000000)
828:Player,BR:0cc/cc/r130c/r115f:TcQd,2s2h|/7sThJs/6d/4s:230,-230(230.000000)
829:BR,Player:0r130c/cr460c/cc/cc:TsTh,2h9h|/2s8sJs/6s/Ac:690,-690(690.000000)
830:Player,BR:0cc/cc/cc/cc:8sQc,5hAs|/4h9cJs/9s/Ad:-100,100(-91.265438)
831:BR,Player:0cc/cc/cc/cc:2s5d,4hKh|/2c5sTc/Td/5h:100,-100(100.000000)
832:Player,BR:0cr300c/cc/cc/r200c:6sTh,QhKh|/7dQsQd/Jh/7c:-600,600(-599.933622)
833:BR,Player:0r130c/cr299f:7hTh,6hJs|/3c4s8d:-230,230(-230.000000)
834:Player,BR:0cc/cc/cc/cc:7dJh,5hQc|/3s9hAc/As/9c:-100,100(-54.562264)
835:BR,Player:0r130c/cc/cr460f:4h6s,QcKh|/TdAdAc/Jc:-230,230(-230.000000)
836:Player,BR:0cr200c/cc/cc/cc:5s5h,6c8c|/3dJsQc/9d/7d:300,-300(300.000000)
837:BR,Player:0cc/cc/cc/cr200f:8cTc,4h7s|/4s5sKs/Qc/6s:-100,100(-100.000000)
838:Player,BR:0cc/cc/cc/cc:6hTh,5dJc|/3h3dKd/7c/4c:-100,100(59.420500)
839:BR,Player:0r130c/cr299c/cc/cc:3s3c,6sQc|/4s4c7c/Kd/9d:529,-529(314.302616)
840:Player,BR:0cc/cc/cc/cc:TsJh,KsAc|/3h4c9h/2c/Tc:100,-100(46.511415)
841:BR,Player:0r130c/cc/cr460f:2hQd,2d9d|/4h5dTh/Ks:-230,230(-230.000000)
842:Player,BR:0cr600c/r1400c/cc/r6300f:3d4d,9dKc|/3cTsAc/Qd/3h:2100,-2100(2100.000000)
843:BR,Player:0r130c/cc/cc/cr299c:7hAd,9sQc|/9hTsAc/2s/4h:529,-529(485.040934)
844:Player,BR:0cc/cc/cc/cc:3d9s,7d9h|/8sJhKc/6h/6s:0,-0(75.260669)
845:BR,Player:0r130c/cr299c/cr687c/cc:3sQs,6hQc|/8dTsQh/4c/9c:0,-0(-329.501370)
846:Player,BR:0cc/cc/cc/cc:6cJs,JdQh|/6d7sTs/8h/2d:100,-100(84.006437)
847:BR,Player:0f:4c8h,2c3h|:50,-50(50.000000)
848:Player,BR:0cc/cc/cc/cc:8dQd,JcKh|/3sTdJh/3h/Kd:-100,100(-89.113833)
849:BR,Player:0r130c/cc/cr115c/cc:8d9c,3sJc|/3c4sQh/8c/9h:345,-345(345.000000)
850:Player,BR:0cc/cc/cc/r130f:7s9d,8dQd|/4s4d7d/5c/Jc:100,-100(100.000000)
851:BR,Player:0r200c/cc/cc/cr600f:6hJc,7dKd|/2d3s4h/8s/Kh:-300,300(-300.000000)
852:Player,BR:0cc/cc/cc/r300c:3dJc,8dJd|/2s2hQh/Kc/2d:0,-0(22.440538)
853:BR,Player:0f:6sQc,2s7c|:50,-50(50.000000)
854:Player,BR:0cr300c/cc/cc/cc:TsAs,JcAd|/8hKsKh/5d/9h:-400,400(-148.006782)
855:BR,Player:0f:7cQc,2h7d|:50,-50(50.000000)
856:Player,BR:0cc/cc/cc/cc:3sAh,3dQs|/7d9cQh/2h/8c:-100,100(-91.798647)
857:BR,Player:0r200f:2s4h,9cAc|:-100,100(-100.000000)
858:Player,BR:0cc/cc/r130c/cc:7cQc,4sAc|/9hThJs/2h/Ah:-230,230(11.034648)
859:BR,Player:0r200c/cc/cc/cc:8cJc,ThKs|/2d7cQh/Qs/Qc:-300,300(-289.166387)
860:Player,BR:0cc/cc/r200c/r390c:5d6s,9cTd|/2sTsQc/3c/Qh:-690,690(-333.928238)
861:BR,Player:0r130c/cc/cr460c/cr2070f:5hKc,6s8h|/6h7hQc/8s/2d:-690,690(-690.000000)
862:Player,BR:0cc/cc/r200c/cc:6s9h,8hAs|/3h4hKc/7d/7c:-300,300(-280.823488)
863:BR,Player:0r130c/cc/cc/cr299f:2dQd,5s5c|/4c9hJd/8s/3s:-230,230(-230.000000)
864:Player,BR:0cr200c/r390c/r1380f:3h6h,4sTh|/6d6cAh/Qs:690,-690(690.000000)
865:BR,Player:0f:7cAh,3s7h|:50,-50(50.000000)
866:Player,BR:0cr130c/r299c/cc/r105f:9cKc,4s7h|/5h6sKs/2c/5d:529,-529(529.000000)
867:BR,Player:0r200c/cc/cc/cc:TsQh,2cQd|/2s4sAc/3s/5c:0,-0(-0.000000)
868:Player,BR:0cc/cc/r200c/r900f:2h4d,4c6h|/2s4s4h/7d/3d:300,-300(300.000000)
869:BR,Player:0f:3h4d,3d8h|:50,-50(50.000000)
870:Player,BR:0cc/r130c/r115f:5h8c,6sQc|/3c4hAs/2h:230,-230(230.000000)
871:BR,Player:0f:4h8s,2c5s|:50,-50(50.000000)
872:Player,BR:0cr300c/r520c/r2760c/r7360c:3d7d,9dQd|/5s6s8d/Jd/Ad:-11040,11040(-11040.000000)
873:BR,Player:0r130c/cc/cr299c/cc:5sAh,TdTc|/5h6d7s/7d/3h:-529,529(-89.558076)
874:Player,BR:0cr200c/cc/r150c/r225c:2d5d,9dAh|/3hTcQh/Qd/8s:-675,675(297.149648)
875:BR,Player:0f:KdAs,3dTc|:50,-50(50.000000)
876:Player,BR:0cr200c/cc/cc/cc:2d4d,5dKs|/2s8sJd/3s/Ts:-300,300(-275.696101)
877:BR,Player:0r200c/cc/cr390c/cr897c:JdKh,QhQd|/5h6h7h/2s/3h:1587,-1587(1587.000000)
878:Player,BR:0cc/cc/cc/cc:2hKh,2d4c|/5d7hTc/5s/7d:100,-100(84.597422)
879:BR,Player:0r130c/cr299f:5s6s,6hQs|/3dJdQh:-230,230(-230.000000)
880:Player,BR:0cc/cc/r300f:TsKd,3d6s|/4dQsKs/8c:100,-100(100.000000)
881:BR,Player:0r130c/cc/cr299c/cc:9sQs,3h6h|/3dJhJd/8h/Ac:-529,529(-350.035394)
882:Player,BR:0cc/cc/r130c/r115c:4dAh,3h6h|/3s5cAs/2c/Kh:345,-345(-64.139513)
883:BR,Player:0r130c/cc/cc/cc:5hAd,JsKh|/3h6sQs/Tc/4h:230,-230(-108.936929)
884:Player,BR:0cc/cc/cc/cc:3s7d,2hJh|/7hQdKs/9d/5d:100,-100(56.105908)
885:BR,Player:0r130c/cr299f:5h6d,3hJs|/3c8hJd:-230,230(-230.000000)
886:Player,BR:0cc/cc/r130c/cc:5dJc,6cAd|/2h4sAs/9c/7c:-230,230(-181.261010)
887:BR,Player:0cc/cr130f:8c9s,2dQh|/4d6sKd:-100,100(-100.000000)
888:Player,BR:0cc/cc/r130c/r299c:3sJh,TdQh|/4h7hTh/2s/5d:-529,529(-323.012565)
889:BR,Player:0r130c/cc/cc/cc:8hAc,4hTc|/JsQsAd/4c/7h:230,-230(230.000000)
890:Player,BR:0cr300c/cc/r200c/cc:8hQh,8dJd|/4d7dTc/Qs/Js:600,-600(-493.599604)
891:BR,Player:0r130c/cc/cc/cc:5s7h,ThKc|/3dQdAd/4s/3c:-230,230(-230.000000)
892:Player,BR:0cr300c/cc/cc/cc:3s4s,JhAd|/3d7sJd/Qh/6h:-400,400(-322.184784)
893:BR,Player:0cc/cc/cc/cc:7sJh,3cAh|/8s9dTc/Ts/Js:100,-100(100.000000)
894:Player,BR:0cc/cc/cc/cc:5cAs,ThJs|/2c3c8c/8h/5s:100,-100(79.433795)
895:BR,Player:0r130c/cc/cr115c/cr448f:6sQd,5h8c|/6c7d8d/4h/7s:-345,345(-345.000000)
896:Player,BR:0cr600f:9hTd,5dTc|:100,-100(100.000000)
897:BR,Player:0r130c/cr299f:2h5s,6cAc|/9cJsQc:-230,230(-230.000000)
898:Player,BR:0cr200f:7h7d,2d6c|:100,-100(100.000000)
899:BR,Player:0r130c/cr460c/cc/cr897f:7c9c,8cJc|/2c7hJd/Th/2h:-690,690(-690.000000)
900:Player,BR:0cr300c/cc/cc/cc:JhQs,7d9d|/2d3sAs/5h/5s:400,-400(400.000000)
901:BR,Player:0r130c/cr460c/cc/cr897c:3c6s,7sKd|/2d3h7c/4d/Ts:-1587,1587(-10.587790)
902:Player,BR:0cr600f:9cQh,2cKs|:100,-100(100.000000)
903:BR,Player:0r130c/cc/cc/cr460f:4h6d,4dKc|/5s8dTc/Kd/Jd:-230,230(-230.000000)
904:Player,BR:0cr300c/r1200c/cc/cc:5d6d,7cKh|/2s7hAd/Tc/4d:-1600,1600(-1169.842079)
905:BR,Player:0r200c/cr390c/cc/cc:5hQc,KcAc|/4h4c9h/Js/Qs:690,-690(690.000000)
906:Player,BR:0cc/cc/cc/r130c:3s8d,9hJh|/5h8cTh/3d/Jd:230,-230(-152.418782)
907:BR,Player:0r130c/cc/cc/cc:3cKs,4dQc|/4c5h6d/Ac/7c:230,-230(230.000000)
908:Player,BR:0cc/cc/r300f:6hTc,7s8d|/TdQhAs/Ts:100,-100(100.000000)
909:BR,Player:0r200c/cr390c/cr2070f:4sJc,9cTd|/3s5dKc/7d:-690,690(-690.000000)
910:Player,BR:0cc/cc/r130f:6c9s,6h7c|/3s8sTd/5h:100,-100(100.000000)
911:BR,Player:0r130c/cr299c/cc/cc:8h8d,4cQh|/3d7cTh/As/2c:529,-529(482.866405)
912:Player,BR:0cc/cc/cc/r130f:7h8s,3h6s|/7s8d9d/4c/3d:100,-100(100.000000)
913:BR,Player:0cc/cc/cc/cc:4d6s,9dQs|/5d7c8d/5c/5s:100,-100(100.000000)
914:Player,BR:0cc/cc/r130c/r115f:8cKh,4s9c|/7s7h8d/4h/Js:230,-230(230.000000)
915:BR,Player:0r130c/cc/cr115c/cc:6sJd,9cTc|/4dQsAc/4c/2s:345,-345(-310.686143)
916:Player,BR:0cc/cc/r130c/r460c:2d6h,5hQc|/7h8dJh/5d/3c:-690,690(-424.127694)
917:BR,Player:0r200c/cr900c/cr1560c/cc:JcQc,8dQd|/4d7hQs/Jh/Kc:2760,-2760(2760.000000)
918:Player,BR:0cc/cc/cc/r130f:5hJc,4hTh|/3sJsKc/Kd/Qh:100,-100(100.000000)
919:BR,Player:0r130c/cc/cc/cr299f:2h7c,4cKc|/5s7hKs/8d/3d:-230,230(-230.000000)
920:Player,BR:0cr300f:7sJs,4h8c|:100,-100(100.000000)
921:BR,Player:0r200c/cc/cc/cr390c:6sQd,2dJd|/6hQhKh/9s/Td:-690,690(392.850937)
922:Player,BR:0cr200c/cc/r150c/cc:3h9h,3sTs|/ThTdKs/7d/Js:-450,450(-423.299090)
923:BR,Player:0cc/cc/cc/cc:8sKd,6sAd|/7cTdQs/Ks/3d:100,-100(100.000000)
924:Player,BR:0cr300f:8dJd,3d7h|:100,-100(100.000000)
925:BR,Player:0r200c/cr600c/cc/cc:ThKh,5cJh|/2s3hKd/Qh/8c:900,-900(900.000000)
926:Player,BR:0cr300c/cc/cc/cc:6c7d,TsKc|/9cJhKs/7h/Qh:-400,400(-356.854788)
927:BR,Player:0r130c/cr299c/cr687c/cc:8hJd,8c9s|/6c7c9d/As/Jc:1216,-1216(108.307066)
928:Player,BR:0cc/cc/r130c/r299c:5dKd,4h8d|/9sTcQc/Js/4c:529,-529(-116.318361)
929:BR,Player:0r130c/cc/cr115f:3h4s,8dQh|/2c7cAc/9s:-230,230(-230.000000)
930:Player,BR:0cr300c/cc/r1200c/cc:2sQs,3sAd|/5s7cAc/As/3c:-1600,1600(-1600.000000)
931:BR,Player:0r130c/cc/cc/cr299c:4sJc,4d8h|/9dThTc/3h/Kc:529,-529(-201.299603)
932:Player,BR:0cc/cc/r200f:3h6s,3d8h|/7sJcKd/4c:100,-100(100.000000)
933:BR,Player:0r200c/cr390c/cr897f:4d4c,8sKd|/8dTcKc/Ks:-690,690(-690.000000)
934:Player,BR:0cc/cc/r130c/r115c:6d7s,JdQd|/5dAsAd/4d/9d:-345,345(-191.226946)
935:BR,Player:0r130c/cr299f:3s8s,5cKc|/5h5dKd:-230,230(-230.000000)
936:Player,BR:0cc/cc/cc/cc:7dJs,2d4d|/2h5s9h/2c/5c:-100,100(-73.250595)
937:BR,Player:0r130c/cc/cc/cr690c:3d4d,6s8h|/JsJcKd/4h/As:920,-920(913.655842)
938:Player,BR:0cc/cc/r130c/r299f:3d4h,2c5s|/2d7hJc/8h/Jh:230,-230(230.000000)
939:BR,Player:0r130c/cc/cr115c/cc:8d8c,2cKc|/2d3s5c/Qc/Td:345,-345(345.000000)
940:Player,BR:0cr130c/cc/r115c/r172f:8hAs,7s7h|/3sQsKs/Qd/8d:345,-345(345.000000)
941:BR,Player:0f:8h8d,3d8s|:50,-50(50.000000)
942:Player,BR:0cr600f:JdAh,2dQh|:100,-100(100.000000)
943:BR,Player:0r200c/cr390c/cc/cr897f:3dAs,8dTd|/5h9hKh/8s/Ts:-690,690(-690.000000)
944:Player,BR:0cc/cc/r130c/r115c:9sKd,KsKc|/2d9dTs/Qd/Qc:-345,345(-39.543250)
945:BR,Player:0r130c/cr299c/cr105c/cr3804c:ThKd,3sJd|/4sTdKh/8c/6d:4438,-4438(4438.000000)
946:Player,BR:0cc/cc/cc/cc:3cTs,4hQs|/2d5cKs/3d/7d:100,-100(79.899367)
947:BR,Player:0cc/cr130f:6h7d,5hAc|/2s3hAs:-100,100(-100.000000)
948:Player,BR:0cr200c/r900c/cc/cc:2hTd,JsAs|/6s9dAd/Ks/Ah:-1200,1200(-1200.000000)
949:BR,Player:0r130c/cc/cc/cc:TdAd,6hKc|/4hTsAh/Jc/5c:230,-230(230.000000)
950:Player,BR:0cc/cc/r130c/cc:7h8c,4s6s|/3s4hJh/8s/As:-230,230(-229.011446)
951:BR,Player:0r200c/cc/cc/cc:9dKd,9cQd|/3c5dTd/Ts/Ad:300,-300(300.000000)
952:Player,BR:0cr300c/cc/r800c/r1560f:TsAs,QcKh|/5h8cKc/Ad/4s:1200,-1200(1200.000000)
953:BR,Player:0r130c/cr299c/cc/cr687f:JhKh,6c8d|/5h5c9h/6s/5d:-529,529(-529.000000)
954:Player,BR:0cr600c/cc/r350f:8h8c,2cKc|/5s8dAs/Jh:700,-700(700.000000)
955:BR,Player:0cc/cc/cc/cc:5s7d,3s6h|/2h2d4c/9h/3h:-100,100(-100.000000)
956:Player,BR:0cc/cc/cc/cc:6sKd,2c8c|/2d9hAs/4s/9d:-100,100(-82.111450)
957:BR,Player:0r130c/cc/cc/cc:3h6h,5h8h|/8d9hJs/Ad/7h:-230,230(-230.000000)
958:Player,BR:0cr130c/cc/cc/r299c:4cJc,3dQs|/2dKdAc/9h/8d:-529,529(-268.557679)
959:BR,Player:0r200c/cc/cc/cc:QsKc,7hAc|/3hTcQc/6h/Jc:300,-300(300.000000)
960:Player,BR:0cr300c/cc/r200c/r300c:4d7d,3hQd|/6hTsQh/Ad/5s:-900,900(-407.730302)
961:BR,Player:0cc/cr200c/cr390c/cc:JhJc,6h9c|/2s4h9s/7c/Qd:690,-690(489.932330)
962:Player,BR:0cc/cc/r130c/r115c:7hQs,5d5c|/4s5hAd/7d/Ks:-345,345(-323.358811)
963:BR,Player:0f:2d7d,2hTd|:50,-50(50.000000)
964:Player,BR:0cr600c/cc/r910c/r805c:9cQh,6sKc|/3d6cTs/Jh/2c:-2415,2415(-2415.000000)
965:BR,Player:0r130c/cc/cr115c/cr690c:2dJh,8dQc|/5d7cAs/2s/3h:1035,-1035(-183.365154)
966:Player,BR:0cc/cc/cc/r130c:6h9s,TcQd|/3h6dKh/3s/Ts:-230,230(-163.068723)
967:BR,Player:0r200c/cr390c/cc/cc:KhAh,6dKc|/2s2cQh/2d/8c:690,-690(690.000000)
968:Player,BR:0cc/cc/cc/cc:JcQs,3c4d|/3s6s6h/7s/Kh:-100,100(-50.113971)
969:BR,Player:0cc/cc/cc/cr130c:4h7d,2sQc|/6d6cQh/7h/9c:-230,230(-53.012688)
970:Player,BR:0cc/cc/r130c/cc:8sQd,5hKd|/7s8cQh/Qc/5s:230,-230(-150.291405)
971:BR,Player:0r200c/cc/cc/cr150f:QdKh,2sKc|/2h5h7d/3c/5d:-300,300(-300.000000)
972:Player,BR:0cc/cc/r130c/cc:4sJh,2d4c|/2h6sAc/7c/6d:-230,230(-213.333368)
973:BR,Player:0r130c/cc/cc/cr460f:6c9c,5d6d|/3d8dKh/Jh/4h:-230,230(-230.000000)
974:Player,BR:0cr600f:2hTh,5d8s|:100,-100(100.000000)
975:BR,Player:0f:JhJd,2c8d|:50,-50(50.000000)
976:Player,BR:0cc/cc/cc/cc:3d9d,7cJc|/2d3hKh/As/8c:100,-100(55.602517)
977:BR,Player:0f:JdQd,2d7c|:50,-50(50.000000)
978:Player,BR:0cc/cc/r200c/cc:5cAh,8dJh|/TsJdAc/4h/Qd:300,-300(143.070958)
979:BR,Player:0f:5s8h,3c9d|:50,-50(50.000000)
980:Player,BR:0cc/cc/cc/r130c:9cJd,2sTs|/3d9sQh/Kc/5h:230,-230(82.702884)
981:BR,Player:0r130c/cr299c/cr1058f:4s8s,JhKc|/KhKdAd/9s:-529,529(-529.000000)
982:Player,BR:0cr600f:7cQc,4cJs|:100,-100(100.000000)
983:BR,Player:0r130c/cr299c/cc/cc:2hAc,7sQh|/4h7hAd/3c/3h:529,-529(529.000000)
984:Player,BR:0cc/cc/r130c/r460c:6dTc,9sKs|/6h6c8s/4d/8c:690,-690(15.726146)
985:BR,Player:0r200c/cc/cc/cr600c:4sJd,4cJs|/5dQcAd/2s/8h:0,-0(-292.762714)
986:Player,BR:0cr300c/r800c/cc/cc:2h3h,3s3c|/3d5h9d/Jc/9s:-1200,1200(-1138.421306)
987:BR,Player:0r130c/cc/cc/cc:9dAc,6s6d|/8dJsKd/8h/7c:-230,230(51.010984)
988:Player,BR:0cr300f:7s8c,2hTs|:100,-100(100.000000)
989:BR,Player:0r130c/cc/cc/cc:2d8c,7s8h|/ThKdAd/8s/Jc:0,-0(-216.726237)
990:Player,BR:0cc/cc/r130c/r115c:2hTc,9s9c|/6h9dTh/5s/Jh:-345,345(-292.780206)
991:BR,Player:0r130c/cr690f:3c5d,7sJh|/7dJsAd:-230,230(-230.000000)
992:Player,BR:0cc/cc/r130c/r690f:5h7s,3s8s|/6d9hKh/8h/Jd:230,-230(230.000000)
993:BR,Player:0f:JcQd,2s8c|:50,-50(50.000000)
994:Player,BR:0cr600f:2c8c,3d7d|:100,-100(100.000000)
995:BR,Player:0r200c/cr900c/cr1560c/cc:4cKh,3cQh|/2s2dAc/5c/3d:2760,-2760(2760.000000)
996:Player,BR:0cc/cc/cc/r200f:6hTs,6cJc|/3d5h8d/Ad/2s:100,-100(100.000000)
997:BR,Player:0r130c/cc/cr299c/cc:2h3d,JhQh|/2d6d7c/9h/Kd:529,-529(-22.133985)
998:Player,BR:0cr130c/cc/r115c/cc:4h8h,2c4c|/4s6s9h/2h/Kc:-345,345(-323.980786)
999:BR,Player:0cc/cr200c/cc/cc:3h9h,4d8d|/3sQsAs/3d/3c:300,-300(300.000000)
1000:Player,BR:0cc/cc/cc/cc:8dAh,3hTc|/6c7hKc/Th/8s:-100,100(-70.370930)
RAW BR STATS: n=1000, sum=95648.000000, sum_sq=1484366772.000000, vr_sum=93596.168067, vr_sum_sq=989216801.881164
BR STATS: 95.648000(75.280797), 93.596168(61.371996)
RESULTS
1)BR: 95648
2)Player: -95648
