In config file: GAME_DEF=game_def.fullholdem
In config file: ACTIONS_R0=C
In config file: ACTIONS_R1=F,C,0.05,0.0575,0.066125,0.07604375,0.087450313,0.100567859,0.115653038,0.133000994,0.152951143,0.175893815,0.202277887,0.23261957,0.267512505,0.307639381,0.353785288,0.406853081,0.467881044,0.5380632,0.61877268,0.711588582,0.81832687,0.9410759,1.082237285,1.244572878,1.43125881,1.645947631,1.892839776,2.176765742,2.503280603,2.878772694,3.310588598,3.807176888,4.378253421,5.034991434,5.790240149,6.658776171,7.657592597,8.806231486,10.12716621,11.64624114,13.39317731,15.40215391,17.71247699,20.36934854,23.42475083,26.93846345,30.97923297,35.62611791,40.9700356,47.11554094,54.18287208,62.31030289,71.65684832,82.40537557,94.76618191,A
In config file: ACTIONS_R2=F,C
In config file: ACTIONS_R3=F,C
Loading player: rgbr_nl_cprg.so
Player args: /home/viliam/cprg/project_uoapoker/trunk/src/c/meta_player.so /home/viliam/cprg/project_uoapoker/trunk/src/c/acpc14.map
Using seed 48.
1:BR,Player:0f:4h4d,2d7h|:50,-50(50.000000)
2:Player,BR:0cc/cr1761f:5c6h,3c6d|/2d5dTs:-100,100(-100.000000)
3:BR,Player:0r300c/r1741c/cc/cc:4sTs,JcAc|/4c6d7c/4d/7h:2141,-2141(2141.000000)
4:Player,BR:0cc/cr876f:6h8s,5hJh|/3sQhKd:-100,100(-100.000000)
5:BR,Player:0r200c/r1306f:7hJc,6c7c|/2sTcAh:300,-300(300.000000)
6:Player,BR:0cc/cr435f:2h5d,2cJh|/6d7dAh:-100,100(-100.000000)
7:BR,Player:0cc/r379c/cc/cc:6cJs,5dJc|/4h8dJd/Ad/Ks:0,-0(245.117952)
8:Player,BR:0cc/cr876f:3sKd,8sQs|/4d5dTs:-100,100(-100.000000)
9:BR,Player:0cc/r876f:5dAd,2cJc|/7s8hQd:100,-100(100.000000)
10:Player,BR:0cc/cr124c/cc/r236c:2h5s,8cKc|/QsAhAd/3c/Kd:-460,460(-358.833026)
11:BR,Player:0r130c/r1001f:7sTc,KcAs|/3c4sQh:230,-230(230.000000)
12:Player,BR:0cc/cr3080f:3d6s,TsJs|/4c6cKh:-100,100(-100.000000)
13:BR,Player:0r130c/cr690r4005f:3sKd,9sAh|/8sJcAd:920,-920(920.000000)
14:Player,BR:0cr300c/cr3503f:7sJs,JcAs|/7h9hTd:-400,400(-400.000000)
15:BR,Player:0f:6s9h,2d7s|:50,-50(50.000000)
16:Player,BR:0cc/cr876f:6d9d,6h8c|/3c4d5c:-100,100(-100.000000)
17:BR,Player:0r130c/r1001f:QdAc,9sAh|/5cJhKd:230,-230(230.000000)
18:Player,BR:0cc/cr1761f:5dTc,7cKs|/9dQcAd:-100,100(-100.000000)
19:BR,Player:0r200c/r2627c/cc/cr6043f:7sKd,KsKh|/8dJdQs/2c/5d:-2927,2927(-2927.000000)
20:Player,BR:0cc/cr435f:5h9d,6hTd|/5dQcAd:-100,100(-100.000000)
21:BR,Player:0r130c/r2014f:6d7h,6cQs|/8cTdJs:230,-230(230.000000)
22:Player,BR:0cr600c/cr3047c/cc/r2133f:4c5h,7dAc|/4h5c6h/3h/2h:3747,-3747(3747.000000)
23:BR,Player:0r130c/r1001f:2s6h,TdTc|/5h7d8s:230,-230(230.000000)
24:Player,BR:0cr200c/cr1306f:4d7h,4c8d|/2h5hQd:-300,300(-300.000000)
25:BR,Player:0cc/r19900c/cc/cc:4h5s,4c5d|/2d3sAh/2s/8s:0,-0(3593.275325)
26:Player,BR:0cc/cr3080f:3c7c,4s7d|/TcJdKd:-100,100(-100.000000)
27:BR,Player:0cc/r435f:2sJc,3cJh|/6h8dKd:100,-100(100.000000)
28:Player,BR:0cc/cr435c/cc/r305f:8cAs,2dKd|/7s8hAh/Ad/Tc:535,-535(535.000000)
29:BR,Player:0r130c/r1001f:8h9c,4hAc|/3dQdAs:230,-230(230.000000)
30:Player,BR:0cc/cr1761f:5cKd,7sJd|/9dTdTc:-100,100(-100.000000)
31:BR,Player:0r130c/r1001c/cc/cr3599f:3h4s,JhKs|/TdKcAs/7h/Kd:-1231,1231(-1231.000000)
32:Player,BR:0cc/cr379f:8hTd,3sAh|/5s7hAs:-100,100(-100.000000)
33:BR,Player:0cc/r435r1565r1565c/cr13135f:8c9d,TsJs|/2s6cTd/3h:-3665,3665(-3665.000000)
34:Player,BR:0cr200c/cr2627f:JdAh,4h9c|/3c8s8h:-300,300(-300.000000)
35:BR,Player:0r130c/r285c/cr175c/cr2070c:KsAc,7cQh|/2s3s3c/8d/9d:2760,-2760(1373.892568)
36:Player,BR:0cc/cr435c/r305c/r168f:6c7s,8c9d|/3c4sAs/8s/5d:840,-840(840.000000)
37:BR,Player:0r130c/r285f:TcQh,3d4s|/6cQdAs:230,-230(230.000000)
38:Player,BR:0cc/cr435f:2hJs,8dQd|/2d4h7h:-100,100(-100.000000)
39:BR,Player:0r300c/r3503f:TdQh,8dJd|/3c7sAd:400,-400(400.000000)
40:Player,BR:0cc/cr3080f:5dQc,4d6h|/8dTsTc:-100,100(-100.000000)
41:BR,Player:0r130c/r285f:7sQs,2c3c|/7cKhKd:230,-230(230.000000)
42:Player,BR:0cc/cr876f:6d8s,9sJs|/2c6sKs:-100,100(-100.000000)
43:BR,Player:0r130c/r3522c/cc/cc:KsKd,8cTs|/6s7cTh/2c/4h:3752,-3752(3608.683182)
44:Player,BR:0cc/cr435f:8cJs,7hAs|/3s5cKc:-100,100(-100.000000)
45:BR,Player:0f:JhJd,2h7c|:50,-50(50.000000)
46:Player,BR:0cr300c/cr1514f:9dTs,JcAs|/5h8hAd:-400,400(-400.000000)
47:BR,Player:0f:8cAh,2d5c|:50,-50(50.000000)
48:Player,BR:0cc/cr876f:7hQc,5d8s|/9cJcAs:-100,100(-100.000000)
49:BR,Player:0r200c/r2627f:5h9h,3sJd|/7d8hQs:300,-300(300.000000)
50:Player,BR:0cc/cr3080f:3cKs,8s9s|/2cThJs:-100,100(-100.000000)
51:BR,Player:0r130c/r285f:8c9d,5sQh|/4s9sTc:230,-230(230.000000)
52:Player,BR:0cc/cr1761f:8sQh,4cQd|/4h8d9h:-100,100(-100.000000)
53:BR,Player:0r130c/r285f:4hAh,9dAs|/3d4s7h:230,-230(230.000000)
54:Player,BR:0cr300c/cr1741f:6cKc,5s6d|/5d9hTs:-400,400(-400.000000)
55:BR,Player:0r130c/r2014f:2h6c,7sQc|/4d9s9d:230,-230(230.000000)
56:Player,BR:0cr200c/cr2627c/cc/r2923f:6cTc,4sJd|/QsQcAc/Js/8c:2927,-2927(2927.000000)
57:BR,Player:0r130c/r1001f:2c4d,6sAc|/7dTdKs:230,-230(230.000000)
58:Player,BR:0cc/cr435c/cc/r515f:TcQs,9cAs|/6s8cJh/9s/5s:535,-535(535.000000)
59:BR,Player:0r130c/r573f:5hKc,4dKd|/3h6hTh:230,-230(230.000000)
60:Player,BR:0cr200c/r390r2612f:TsJd,3dAh|/5h6cAd:-690,690(-690.000000)
61:BR,Player:0r130c/r1001c/cr1184f:9hAh,QsQh|/4c5s8d/6c:-1231,1231(-1231.000000)
62:Player,BR:0cc/cr876f:5s9c,3dAc|/2c7hKs:-100,100(-100.000000)
63:BR,Player:0r130c/r19770f:QdAd,8s8h|/3d6d9d:230,-230(230.000000)
64:Player,BR:0cr130c/cc/cc/cc:7cAs,5dAh|/4dJhKc/9d/6d:230,-230(192.989044)
65:BR,Player:0cc/r1532c/cr100c/cr2753f:4d7d,3cAs|/4h7cAc/Ad/Kc:-1732,1732(-1732.000000)
66:Player,BR:0cr300c/r520r4005f:JsQs,6c8d|/2h4c9c:-920,920(-920.000000)
67:BR,Player:0r130c/r2014f:3cKc,6s6d|/3sJsQs:230,-230(230.000000)
68:Player,BR:0cc/cr1761f:3sAh,2hQd|/2s9d9c:-100,100(-100.000000)
69:BR,Player:0cc/cc/cc/cc:5sQh,3dKc|/2d2c7s/6d/6s:-100,100(-26.151494)
70:Player,BR:0cc/cr761f:3dKh,2s6h|/2h5c6c:-100,100(-100.000000)
71:BR,Player:0r130c/r871f:7hAc,4sTd|/JsKcAd:230,-230(230.000000)
72:Player,BR:0cr300c/cr1741c/r1219c/r672f:7h8d,2s4c|/2d6s7d/Qd/5d:3360,-3360(3360.000000)
73:BR,Player:0r130c/r1001c/cc/cc:6h9d,8dJd|/4d5hJc/5d/4c:-1231,1231(-1231.000000)
74:Player,BR:0cc/cr100f:6sTc,6h6d|/4d7sJs:-100,100(-100.000000)
75:BR,Player:0r130c/r1001f:5sJh,TsJs|/2d3h6c:230,-230(230.000000)
76:Player,BR:0cc/r200r1136f:3cTc,3s5d|/2d4h6c:-300,300(-300.000000)
77:BR,Player:0r130c/r1001f:6cQc,6dKd|/2d7cTh:230,-230(230.000000)
78:Player,BR:0cr200c/r390r1718c/r904c/r1656c:7s9s,8cKd|/4h6sKs/Qh/Tc:-4968,4968(-840.169568)
79:BR,Player:0r130c/r2014f:5dQh,4sAc|/8cKsKh:230,-230(230.000000)
80:Player,BR:0cr300c/r520r520c/r768f:QcKc,6d6c|/3c7hKd/9c:1440,-1440(1440.000000)
81:BR,Player:0r130c/r327f:2sJd,3d8d|/5sKcAs:230,-230(230.000000)
82:Player,BR:0cc/cr876f:4d8h,TsJh|/4s5c9s:-100,100(-100.000000)
83:BR,Player:0r130c/r871f:QsAh,9dJs|/9hTcAc:230,-230(230.000000)
84:Player,BR:0cr300c/cr569r3831r3831r11369f:4h6h,JsKd|/5c7d8h:8631,-8631(8631.000000)
85:BR,Player:0r130c/r2014f:JsKc,3cQc|/2s7h9s:230,-230(230.000000)
86:Player,BR:0cc/cr435f:4sTc,6h7c|/2sTdQc:-100,100(-100.000000)
87:BR,Player:0r130c/r1001r2472r2472r13825f:4d8d,6c7s|/4h5s7d:-6175,6175(-6175.000000)
88:Player,BR:0cr300c/cr1741f:JdQh,8sAd|/3h5c7s:-400,400(-400.000000)
89:BR,Player:0r130c/r1001f:8c9h,6c7h|/4sQcKs:230,-230(230.000000)
90:Player,BR:0cr300c/cr1741r17459f:3dQd,6sQs|/5d8dAh:2141,-2141(2141.000000)
91:BR,Player:0r130c/r498c/cr307c/cr2070c:KcAs,JsKs|/2s3s3h/Kh/4d:3105,-3105(1474.693071)
92:Player,BR:0cc/cr124c/cc/cc:8sKd,7sQs|/5s5dQd/Js/2s:-224,224(-214.030698)
93:BR,Player:0r200c/r1306r3224f:2s7s,4s9s|/6d7h8c:-1606,1606(-1606.000000)
94:Player,BR:0cc/cr3080f:5s6h,2d8d|/7c9cQs:-100,100(-100.000000)
95:BR,Player:0f:KhAc,2h4s|:50,-50(50.000000)
96:Player,BR:0cr300c/cr1741f:8c9h,2cTd|/7h9cKs:-400,400(-400.000000)
97:BR,Player:0r130c/r2014f:KsAh,4s7s|/2s8sJh:230,-230(230.000000)
98:Player,BR:0cc/cr435f:7cJd,3cQd|/7hKhAs:-100,100(-100.000000)
99:BR,Player:0r130c/r2014f:7sAc,4hQd|/6sTdKd:230,-230(230.000000)
100:Player,BR:0cc/cr8194f:JhQd,4hAs|/AhAdAc:-100,100(-100.000000)
101:BR,Player:0r130c/r1001f:5cQc,6dJd|/2s8s9d:230,-230(230.000000)
102:Player,BR:0cc/cr124f:3s7h,5hAs|/2dJsJc:-100,100(-100.000000)
103:BR,Player:0r130c/r1001f:7s8d,4s7c|/4hThQh:230,-230(230.000000)
104:Player,BR:0cr200c/r600f:9cTc,2h9s|/8dQhQc:300,-300(300.000000)
105:BR,Player:0r200c/r371f:9dKc,6cKh|/4s9cQs:300,-300(300.000000)
106:Player,BR:0cc/cr876f:2d6s,7d8d|/JhKcAs:-100,100(-100.000000)
107:BR,Player:0r130c/r163r987r6008f:KsAs,2dJd|/3c5d8h:1380,-1380(1380.000000)
108:Player,BR:0cc/cr124c/cc/cc:7dAh,9cAc|/4s9dKs/9h/Qh:-224,224(-215.957889)
109:BR,Player:0cc/r435f:3sAd,7s8d|/3cJcQd:100,-100(100.000000)
110:Player,BR:0cc/cr1761f:7hAc,5c8d|/3s3d6h:-100,100(-100.000000)
111:BR,Player:0r200c/r2284c/cc/cc:4dAd,8sAc|/4cJhAs/5c/7d:2584,-2584(2582.690931)
112:Player,BR:0cr130c/r299r299r3404r6023f:6c9c,6hJd|/5hKcAs:-4232,4232(-4232.000000)
113:BR,Player:0r130c/cc/cc/cc:3dKh,6dAc|/5sJsJh/7c/8d:-230,230(-230.000000)
114:Player,BR:0cc/cr435c/cc/r305c:6dQd,6sAc|/2d5d7h/Ah/9d:840,-840(-645.373546)
115:BR,Player:0r130c/r1001c/cc/cc:5hJh,6cQh|/5cTdQd/Ks/8d:-1231,1231(-1231.000000)
116:Player,BR:0cr130c/r460r982r3089f:TcQs,3cTs|/9sJcKh:1672,-1672(1672.000000)
117:BR,Player:0r130c/r2014f:4h6c,KdAd|/2c5c8h:230,-230(230.000000)
118:Player,BR:0cr300c/cr3503f:9cTh,4d6d|/7d8c9h:-400,400(-400.000000)
119:BR,Player:0r130c/r163f:7s7c,3d5d|/TsJsJc:230,-230(230.000000)
120:Player,BR:0cr200c/r390r3004f:9sKs,2sAh|/3h7h8s:-690,690(-690.000000)
121:BR,Player:0r200c/r371c/cr1129c/cr2340c:8cTs,4cKh|/7d8dKs/4s/Td:-4140,4140(-1022.588950)
122:Player,BR:0cc/cr876f:2c5s,2s5h|/3c6cKc:-100,100(-100.000000)
123:BR,Player:0r130c/r2014f:4h5h,TdQh|/5d7cKc:230,-230(230.000000)
124:Player,BR:0cr200c/cr1306f:4cQc,3h3d|/8sJsAs:-300,300(-300.000000)
125:BR,Player:0r200c/r2627f:8cJc,JdKs|/5d9hQc:300,-300(300.000000)
126:Player,BR:0cc/cr3080f:3h6h,5d8c|/4h9sJs:-100,100(-100.000000)
127:BR,Player:0r130c/r2014f:3d4h,9cKs|/6h7c8h:230,-230(230.000000)
128:Player,BR:0cc/cr3080f:7hQs,3d7c|/3sTsAc:-100,100(-100.000000)
129:BR,Player:0r130c/r2014f:9hJd,2hKd|/3c6c7h:230,-230(230.000000)
130:Player,BR:0cc/cr876f:3s5c,4d7h|/2s6sQc:-100,100(-100.000000)
131:BR,Player:0f:9hTd,2s3c|:50,-50(50.000000)
132:Player,BR:0cc/cr876f:6dAc,6sJs|/6h7cTs:-100,100(-100.000000)
133:BR,Player:0r200c/r1136r1324r3928f:7cTd,5dKh|/7d8dJd:2760,-2760(2760.000000)
134:Player,BR:0cr200c/r390r3004f:QdKd,4s9c|/4hTcJd:-690,690(-690.000000)
135:BR,Player:0r130c/r1001f:8hQh,3hKh|/3d4c9s:230,-230(230.000000)
136:Player,BR:0cr300c/r520r4005f:9dAc,QcAd|/3h6c9h:-920,920(-920.000000)
137:BR,Player:0f:JhAd,3h7d|:50,-50(50.000000)
138:Player,BR:0cr300c/cr19600f:JsJh,4h9d|/4c9sQc:-400,400(-400.000000)
139:BR,Player:0r130c/r285c/cc/cc:7c9s,7h8s|/5h7sJc/Kh/2s:515,-515(341.289810)
140:Player,BR:0cr300c/r520r1309f:4c5h,ThJc|/3h4sQh:-920,920(-920.000000)
141:BR,Player:0r130c/r1001f:5sQh,5d8h|/4s4hKh:230,-230(230.000000)
142:Player,BR:0cc/cr876f:7sQc,6s7c|/3h4hAc:-100,100(-100.000000)
143:BR,Player:0cc/r124r376r4569f:8d9c,2sJs|/2h9dAc:600,-600(600.000000)
144:Player,BR:0cr600c/cr6130f:JsJh,9dQd|/5cTcAs:-700,700(-700.000000)
145:BR,Player:0r130c/r285c/cr543c/cc:QdKc,6hQc|/3sKdAc/Jd/6s:1058,-1058(-85.841920)
146:Player,BR:0cr130c/r460r460c/r506c/r4968c:3d6d,ThAs|/4dTdKc/2c/Jc:-6624,6624(-6624.000000)
147:BR,Player:0f:2c8h,3dTh|:50,-50(50.000000)
148:Player,BR:0cc/cr124f:5dTd,6dAs|/6cQhKs:-100,100(-100.000000)
149:BR,Player:0f:4d7s,2s7c|:50,-50(50.000000)
150:Player,BR:0cr300c/cr1514f:2s2d,4hQd|/6h7sQh:-400,400(-400.000000)
151:BR,Player:0r200c/r427f:8dAs,7sTh|/5d6s6h:300,-300(300.000000)
152:Player,BR:0cc/cr379f:2hQc,9cTd|/6d9dAc:-100,100(-100.000000)
153:BR,Player:0r200c/r1306f:6dQs,JdQc|/4cJcKh:300,-300(300.000000)
154:Player,BR:0cc/cr435f:5cKh,8hQc|/2d5sAd:-100,100(-100.000000)
155:BR,Player:0f:2hJh,2d8c|:50,-50(50.000000)
156:Player,BR:0cc/cr1761f:3s8s,3dJc|/ThTcKh:-100,100(-100.000000)
157:BR,Player:0r130c/r2014f:7hJh,TsAc|/2d3s8c:230,-230(230.000000)
158:Player,BR:0cr600c/cr2650c/r100c/r1590f:5d6h,8cKs|/4s6c8d/7s/2c:3450,-3450(3450.000000)
159:BR,Player:0r200c/r1306c/cc/cr4694c:ThKd,5dQs|/5h9hQc/Qd/Ks:-6300,6300(-127.064725)
160:Player,BR:0cr300c/cr1741f:5hJd,8dTh|/3h5s9h:-400,400(-400.000000)
161:BR,Player:0cc/r435f:2d7c,4d5h|/2c4cTd:100,-100(100.000000)
162:Player,BR:0cc/cr124c/cc/cc:7dAc,3h9s|/9dTsTc/9c/Th:0,-0(4.867715)
163:BR,Player:0cc/r124c/cr236c/cc:QsAs,5sQc|/2s4d4c/8s/Jc:460,-460(-122.590263)
164:Player,BR:0cr300c/cr3503f:5d5c,3sJh|/2h2c4d:-400,400(-400.000000)
165:BR,Player:0r200c/r427c/cr353c/cr1404c:5sKc,8cKd|/6s8s8d/6h/Ks:-2484,2484(1679.087638)
166:Player,BR:0cr300c/cr1741f:6dKd,3sKs|/3h7sAh:-400,400(-400.000000)
167:BR,Player:0r130c/r2014f:JcQc,5s8c|/2s3c7c:230,-230(230.000000)
168:Player,BR:0cc/cr876c/r584c/r780c:9hJc,3h8c|/4s8dTc/2s/6d:-2340,2340(-774.384027)
169:BR,Player:0r130c/r142c/cc/cr421f:7s7h,6dTs|/2h9cTh/4h/Ad:-372,372(-372.000000)
170:Player,BR:0cr600c/cr3047c/cc/cc:QsKs,2cJc|/5d8sQd/2s/9d:3747,-3747(3747.000000)
171:BR,Player:0r200c/r2627r6043f:4h9c,8sKs|/5s6s8d:-2927,2927(-2927.000000)
172:Player,BR:0cr200c/cr371c/r100c/cc:5d9c,6h8h|/5s8sJc/2c/3s:-771,771(-173.880092)
173:BR,Player:0cc/r435f:4d9d,7dAh|/2c5sKd:100,-100(100.000000)
174:Player,BR:0cr300c/cr3503f:QsQh,5sAc|/7s9sKh:-400,400(-400.000000)
175:BR,Player:0r200c/r2627f:5dQd,8dKd|/4sTcAc:300,-300(300.000000)
176:Player,BR:0cc/cr435f:9sTc,3cTd|/6s9dJh:-100,100(-100.000000)
177:BR,Player:0r200c/r2627f:4hAh,5s9h|/7c9dQd:300,-300(300.000000)
178:Player,BR:0cc/cr1761f:4hAd,4d4c|/5h7sJh:-100,100(-100.000000)
179:BR,Player:0r130c/r1001f:7hQs,4s4d|/TsJcKh:230,-230(230.000000)
180:Player,BR:0cc/cr876f:6sTc,4cAs|/4s7h8h:-100,100(-100.000000)
181:BR,Player:0f:4sJc,3hTd|:50,-50(50.000000)
182:Player,BR:0cc/cr3080f:6sQs,3hKh|/5s9dTs:-100,100(-100.000000)
183:BR,Player:0f:TcAh,3h9c|:50,-50(50.000000)
184:Player,BR:0cc/cr876f:4s6h,2cTc|/6d7h9s:-100,100(-100.000000)
185:BR,Player:0r200c/r1306c/cr914c/cr5040f:3dTd,4d5c|/5s5d9h/Th/8h:-2520,2520(-2520.000000)
186:Player,BR:0cc/cr1532f:2sTc,KdAh|/5dTsAc:-100,100(-100.000000)
187:BR,Player:0r200c/r371f:8cTc,5d9h|/8dJdJc:300,-300(300.000000)
188:Player,BR:0cr130c/cr4051f:2d2c,9sQd|/4h8sTc:-230,230(-230.000000)
189:BR,Player:0r130c/r1001c/cr1184f:6c9d,5s7s|/2c3dAh/7c:-1231,1231(-1231.000000)
190:Player,BR:0cr300c/cr1741f:9sJs,2d9h|/6c7h9c:-400,400(-400.000000)
191:BR,Player:0r130c/cr299r4632f:4s7h,5h7c|/3d8sTh:529,-529(529.000000)
192:Player,BR:0cc/cr19900f:3cKs,2d3d|/4s5hAh:-100,100(-100.000000)
193:BR,Player:0r130c/r2014f:3sJd,5c6h|/2cJsKs:230,-230(230.000000)
194:Player,BR:0cr200c/cr19700f:7h8d,QhQd|/TdJdQc:-300,300(-300.000000)
195:BR,Player:0cc/r142c/cc/cc:2s7d,3hKs|/4cKhAc/Qh/7c:-242,242(-103.881912)
196:Player,BR:0cr300c/r520r4005f:9hTs,2s6c|/4d5d8s:-920,920(-920.000000)
197:BR,Player:0r200c/cr390r6042f:9sAd,7cJd|/3d6hQh:690,-690(690.000000)
198:Player,BR:0cc/cr435f:2hJs,JdAs|/4d7dQs:-100,100(-100.000000)
199:BR,Player:0f:2h4h,2d8c|:50,-50(50.000000)
200:Player,BR:0cr130c/cr2014f:5h5d,6d8c|/4s9sAh:-230,230(-230.000000)
201:BR,Player:0r130c/r163r987r1964c/cc/cc:7dAs,QhQc|/3d4hJc/Ks/Th:-3344,3344(-3344.000000)
202:Player,BR:0cc/cr435f:3cQs,TdQd|/4c6hAs:-100,100(-100.000000)
203:BR,Player:0r130c/r2014f:ThAc,4sAs|/3s6h8d:230,-230(230.000000)
204:Player,BR:0cr600c/cr214c/cc/r2236f:7hAc,5s8d|/2h2dAd/Td/Ts:914,-914(914.000000)
205:BR,Player:0r130c/r3522c/cc/cr8208f:QsQc,2h8h|/2s2d8s/5c/3c:-3752,3752(-3752.000000)
206:Player,BR:0cr300c/cr1741f:9cKd,8dAd|/4d5h7s:-400,400(-400.000000)
207:BR,Player:0r130c/r2014f:3c4d,4h9h|/9sJsQd:230,-230(230.000000)
208:Player,BR:0cc/cr100c/cc/r100c:6c7s,TdKh|/7d9s9h/Ts/5h:-300,300(-271.640663)
209:BR,Player:0r130c/r1001c/cc/cr5209f:4d7h,AhAd|/2d5dTs/6h/5h:-1231,1231(-1231.000000)
210:Player,BR:0cr600c/cr214c/r346f:ThAc,5dKh|/JhAsAd/8c:914,-914(914.000000)
211:BR,Player:0cc/r3080f:2cJs,QhAh|/TcKcAd:100,-100(100.000000)
212:Player,BR:0cr130c/cr1001c/cc/r1184f:4cQc,3dTd|/7hJdQd/2h/6h:1231,-1231(1231.000000)
213:BR,Player:0r130c/r2014f:3sAc,7c8c|/2d4d8h:230,-230(230.000000)
214:Player,BR:0cc/cr876f:4dTs,7d9c|/2c5c6h:-100,100(-100.000000)
215:BR,Player:0r130c/r2014f:4d8h,4h6c|/9cThJh:230,-230(230.000000)
216:Player,BR:0cc/cr876c/r974f:8sQc,3d4s|/8cTsQh/As:976,-976(976.000000)
217:BR,Player:0r200c/r1306f:5sKs,JsAd|/4h8hJh:300,-300(300.000000)
218:Player,BR:0cr130c/cc/cc/r299f:TsJc,2h3s|/8hJsKs/Jd/Kh:230,-230(230.000000)
219:BR,Player:0r130c/r2014f:6c9s,4hAs|/3s4sQh:230,-230(230.000000)
220:Player,BR:0cr130c/cr2014f:4s4c,2d6d|/8hTsKh:-230,230(-230.000000)
221:BR,Player:0r200c/r1306c/cc/cr1544c:2c8s,7dAd|/2h6hAs/Js/9c:-3150,3150(-1406.376179)
222:Player,BR:0cc/cr3080f:2h8h,3s3c|/4dJhKs:-100,100(-100.000000)
223:BR,Player:0r130c/r871f:QdAh,5h9h|/8s9sAd:230,-230(230.000000)
224:Player,BR:0cr600c/cr3047f:7s9s,8dTh|/5c9dKc:-700,700(-700.000000)
225:BR,Player:0r200c/r1306f:4cQd,5c9s|/2s7dAc:300,-300(300.000000)
226:Player,BR:0cc/cr435f:2h3h,QhKc|/3c5s9h:-100,100(-100.000000)
227:BR,Player:0cc/r124r376r5254f:9cKh,8sQs|/4h9sTs:600,-600(600.000000)
228:Player,BR:0cc/cr876f:ThQd,2c4d|/8s8cKc:-100,100(-100.000000)
229:BR,Player:0cc/cc/cc/cc:7dKs,7hAd|/2h8dJs/3s/6c:-100,100(-60.154926)
230:Player,BR:0cc/cr876f:JhKs,5h7d|/5c6cQc:-100,100(-100.000000)
231:BR,Player:0r200c/r2627f:5c6s,3c6c|/2dQsAs:300,-300(300.000000)
232:Player,BR:0cc/cr19900f:3sQs,QcAh|/TcJcKd:-100,100(-100.000000)
233:BR,Player:0r130c/r1751f:3s6d,2h8h|/5s6s6c:230,-230(230.000000)
234:Player,BR:0cc/cr876f:4sJs,3c5h|/2s3d6c:-100,100(-100.000000)
235:BR,Player:0r130c/r1001f:2c9h,TsJc|/2h5cTh:230,-230(230.000000)
236:Player,BR:0cc/cr100c/r100f:5c8d,2sKd|/2h4d7c/3c:200,-200(200.000000)
237:BR,Player:0r130c/r1001f:2sQs,5h9d|/8d9cJd:230,-230(230.000000)
238:Player,BR:0cc/cr876f:3hAs,JhQh|/4sThKs:-100,100(-100.000000)
239:BR,Player:0r130c/r1001f:8sAc,KdAd|/2c9sTc:230,-230(230.000000)
240:Player,BR:0cc/cr761f:2s4c,TdQh|/5h6cQs:-100,100(-100.000000)
241:BR,Player:0f:2d6d,4d9s|:50,-50(50.000000)
242:Player,BR:0cr300c/r520r520c/cc/cc:8sQs,5dJh|/5c8cAh/2s/Td:1440,-1440(433.319363)
243:BR,Player:0f:3cAh,2hTs|:50,-50(50.000000)
244:Player,BR:0cc/cr379f:9sAd,6cJd|/2h6sQd:-100,100(-100.000000)
245:BR,Player:0cc/r435f:KdAh,5cTd|/9sThJc:100,-100(100.000000)
246:Player,BR:0cc/cr142c/cc/r448f:8dJh,7dTc|/2d6dJd/3h/Td:242,-242(242.000000)
247:BR,Player:0r200c/r2627f:ThJd,QcAd|/5d6s9h:300,-300(300.000000)
248:Player,BR:0cc/cr379f:7s9h,8hQd|/3s4c8c:-100,100(-100.000000)
249:BR,Player:0r130c/r3522f:JsKd,ThTd|/7d9sJd:230,-230(230.000000)
250:Player,BR:0cc/cr1761f:4hQh,5h6d|/9dKdAs:-100,100(-100.000000)
251:BR,Player:0r130c/r285c/cc/cc:6hKs,6d8s|/4d6c9c/8c/5d:-515,515(96.103377)
252:Player,BR:0cc/cr8194f:8cQh,2d6d|/5d6sKd:-100,100(-100.000000)
253:BR,Player:0f:ThKd,2c7d|:50,-50(50.000000)
254:Player,BR:0cr600c/cr866c/cc/cc:JhAs,7d8d|/7h9h9d/2h/Js:1566,-1566(-575.876962)
255:BR,Player:0cc/r876f:4cJd,3s6c|/2s6dQh:100,-100(100.000000)
256:Player,BR:0cc/cr124f:5sTh,6dAc|/9s9hAd:-100,100(-100.000000)
257:BR,Player:0f:9dJs,4h9s|:50,-50(50.000000)
258:Player,BR:0cr200c/cr2627c/r2923f:7dKc,4c9h|/5d5cKd/3d:2927,-2927(2927.000000)
259:BR,Player:0f:JhJd,3s8d|:50,-50(50.000000)
260:Player,BR:0cr300c/cr1741c/cc/cc:5s7d,5d9h|/5h6s8s/7s/3c:-2141,2141(-670.956139)
261:BR,Player:0r130c/r142c/cc/cc:6sJh,4s5c|/7dJdAc/7c/4d:372,-372(365.829075)
262:Player,BR:0cr300c/cr3503f:9d9c,7d8h|/4s5cTh:-400,400(-400.000000)
263:BR,Player:0r130c/r1001r3599f:4s9s,5cAc|/8cTdAs:-1231,1231(-1231.000000)
264:Player,BR:0cc/cr435f:4h8s,2dKh|/5cTcJc:-100,100(-100.000000)
265:BR,Player:0r130c/r1001r2472r2472c/cc/cc:6dTs,AsAd|/4h5d8d/Kh/7c:6175,-6175(6175.000000)
266:Player,BR:0cc/cr876f:6sJd,2hKd|/5s6cAs:-100,100(-100.000000)
267:BR,Player:0r200c/r371c/cr1729c/cc:7hJh,5d6c|/3c7s8c/Qc/6h:2400,-2400(2400.000000)
268:Player,BR:0cr300c/r520r2290f:6hTs,2h3c|/3d9sTd:-920,920(-920.000000)
269:BR,Player:0r130c/r1751f:3h9s,JsKs|/3c9dKc:230,-230(230.000000)
270:Player,BR:0cr300c/r520r4005c/cc/r14395c:5cQc,2s4s|/4d8cJc/7h/2d:-19320,19320(-17643.909140)
271:BR,Player:0r200c/r1136c/cc/cc:3dQs,ThJc|/2hJsQd/4c/Ks:1436,-1436(303.688390)
272:Player,BR:0cr300c/cr1741f:5cKd,3h7s|/5h7cAd:-400,400(-400.000000)
273:BR,Player:0r130c/r498c/cr307c/cc:7s8s,4c7h|/3h7dQc/4h/6s:-1035,1035(-641.250596)
274:Player,BR:0cc/cr3080f:4hQd,2sAd|/2c8dJd:-100,100(-100.000000)
275:BR,Player:0f:5cTc,2d3c|:50,-50(50.000000)
276:Player,BR:0cr300c/cr1741f:5s6s,7s8d|/4c6hKd:-400,400(-400.000000)
277:BR,Player:0r130c/r2014f:2h4c,5s9s|/3sQdAc:230,-230(230.000000)
278:Player,BR:0cr200c/cr1306r4694f:8cKc,5dJc|/3s7c8d:1606,-1606(1606.000000)
279:BR,Player:0r200c/r2627f:4cJd,JhKc|/3c6c7d:300,-300(300.000000)
280:Player,BR:0cc/cr761f:2dAh,4sKd|/8sKsKh:-100,100(-100.000000)
281:BR,Player:0cc/r435f:8hAh,QhKd|/3s6s7c:100,-100(100.000000)
282:Player,BR:0cr600c/cr866f:5hAs,8hQh|/9dTdQs:-700,700(-700.000000)
283:BR,Player:0f:4d8c,3d7s|:50,-50(50.000000)
284:Player,BR:0cr300c/cr1741f:6d9s,6h9c|/4cKsAs:-400,400(-400.000000)
285:BR,Player:0r200c/cc/cr390c/cr2070f:5hKs,9dJc|/8s8cTc/7h/4s:-690,690(-690.000000)
286:Player,BR:0cc/cr142f:4dAc,8cTh|/JsJdQh:-100,100(-100.000000)
287:BR,Player:0r130c/r2014f:3dKd,5hJc|/8d9sQd:230,-230(230.000000)
288:Player,BR:0cr300c/cr19600f:JsAc,TcKd|/ThTdQd:-400,400(-400.000000)
289:BR,Player:0r130c/r285c/cr543c/cc:5dJs,6d8c|/3c5c8h/4c/Kc:-1058,1058(-674.774926)
290:Player,BR:0cc/cr761f:8sJh,7hTc|/3cThTd:-100,100(-100.000000)
291:BR,Player:0r130c/r2014f:2d5s,4cTh|/6cJhAh:230,-230(230.000000)
292:Player,BR:0cc/cr124c/cc/cc:3s5c,TdTc|/5s9cQs/Ac/7s:-224,224(-16.583551)
293:BR,Player:0f:2d8s,3h9s|:50,-50(50.000000)
294:Player,BR:0cr600c/r910r4008f:5cAh,8sKc|/2s5dQs:-1610,1610(-1610.000000)
295:BR,Player:0r130c/r1751f:4cTh,6cAc|/4hTsKs:230,-230(230.000000)
296:Player,BR:0cr130c/r690r8056f:7s8s,2cQd|/5c9hKd:-920,920(-920.000000)
297:BR,Player:0r130c/r3522f:KsKd,3s4c|/7dJcQc:230,-230(230.000000)
298:Player,BR:0cc/r130r1001f:3d4s,2hKc|/4d4c9h:-230,230(-230.000000)
299:BR,Player:0r130c/r2014f:4c5s,QsAs|/6c7s9h:230,-230(230.000000)
300:Player,BR:0cr300c/r520c/r2760f:ThJh,5sKd|/4sQsAh/8h:920,-920(920.000000)
301:BR,Player:0f:9sQh,2d7s|:50,-50(50.000000)
302:Player,BR:0cr130c/cr1001f:4c6c,8cKc|/3d6s9d:-230,230(-230.000000)
303:BR,Player:0f:7s8c,2dTs|:50,-50(50.000000)
304:Player,BR:0cr300c/cr3503f:7dAs,2h2c|/3cTdJd:-400,400(-400.000000)
305:BR,Player:0f:4hKd,3s8h|:50,-50(50.000000)
306:Player,BR:0cc/cr1761f:2s9h,8hKh|/5s7dJd:-100,100(-100.000000)
307:BR,Player:0r130c/r2014r4633r4633f:4hJs,3sJd|/4s9cAd:6877,-6877(6877.000000)
308:Player,BR:0cr300c/cr1741f:QhAd,2sKh|/5c6s7c:-400,400(-400.000000)
309:BR,Player:0r130c/r2014f:3h9c,7hKs|/5h6cQs:230,-230(230.000000)
310:Player,BR:0cc/cr379c/cc/cc:4hTs,KcAh|/4cJhKh/7c/Qs:-479,479(-425.754740)
311:BR,Player:0cc/r379f:8cKs,5c9c|/3h8dAd:100,-100(100.000000)
312:Player,BR:0cr200c/cr1136f:TsAh,6hJh|/2c7hJd:-300,300(-300.000000)
313:BR,Player:0r300c/r3046f:4sJc,5sKc|/2hJsJd:400,-400(400.000000)
314:Player,BR:0cc/cr435f:5cKh,5d6s|/6h8cJd:-100,100(-100.000000)
315:BR,Player:0r200c/r371f:JhJd,6dJs|/2s7cQc:300,-300(300.000000)
316:Player,BR:0cc/cr876r4224r4224f:9sKc,7dQh|/8h9d9c:-5200,5200(-5200.000000)
317:BR,Player:0r200c/r2627f:3dKc,5sJd|/6s9dQh:300,-300(300.000000)
318:Player,BR:0cc/cr3080f:5sQc,4c9d|/3hJdKs:-100,100(-100.000000)
319:BR,Player:0r130c/r498c/cr307c/cr3105f:4cQc,2d9d|/3d8dQs/5c/Jh:-1035,1035(-1035.000000)
320:Player,BR:0cr200c/cr371c/cc/cc:KcAh,7s9h|/2h7dJc/5d/Qs:-671,671(-386.815200)
321:BR,Player:0r130c/r1001f:8dKc,4hJd|/6c8s9c:230,-230(230.000000)
322:Player,BR:0cc/cr876c/cc/r2014f:6hQd,9dTc|/6sQsQh/Ts/5d:976,-976(976.000000)
323:BR,Player:0r200c/r371r709r709c/cc/cc:9dAh,4d4c|/3d8s8h/7s/Kd:-2089,2089(-2077.599657)
324:Player,BR:0cc/cr876c/r584c/r2028c:5h7s,3sKc|/3h6dQc/8c/Qd:-3588,3588(-47.480829)
325:BR,Player:0f:6sAd,2d3s|:50,-50(50.000000)
326:Player,BR:0cc/cr435f:3s8s,6dKc|/3d4d4c:-100,100(-100.000000)
327:BR,Player:0r130c/r100r660r1409c/cr2056f:QdKs,2s2c|/2d8cAs/3h:-2399,2399(-2399.000000)
328:Player,BR:0cc/cr1761c/cc/r1589f:2dAd,4dTd|/6cJdAc/9s/6h:1861,-1861(1861.000000)
329:BR,Player:0cc/r19900f:9d9c,3sJc|/9hJdQc:100,-100(100.000000)
330:Player,BR:0cc/cr249f:3dKs,5sAc|/6h9s9d:-100,100(-100.000000)
331:BR,Player:0r130c/r1001c/cr2472c/cc:JdAd,7dJc|/8s9hKd/2d/8d:3703,-3703(3703.000000)
332:Player,BR:0cr200c/cr2627f:6s7s,4hTd|/6d9cQd:-300,300(-300.000000)
333:BR,Player:0cc/r100f:9cKd,4s9d|/TcQhQc:100,-100(100.000000)
334:Player,BR:0cc/cr876f:3sTc,5dTd|/7d8cKc:-100,100(-100.000000)
335:BR,Player:0r130c/r1001c/cc/cc:7s8h,9dAd|/ThKdAc/Kh/Td:-1231,1231(-1231.000000)
336:Player,BR:0cc/cr3080f:5sQc,5h9c|/7dJsQh:-100,100(-100.000000)
337:BR,Player:0r200c/r2627f:TcQd,7cJh|/5cQsAc:300,-300(300.000000)
338:Player,BR:0cc/cr876f:8hQd,7hTc|/5s5dAs:-100,100(-100.000000)
339:BR,Player:0r130c/r1001f:3hQc,9hTh|/2s3c4c:230,-230(230.000000)
340:Player,BR:0cr130c/cr7085f:9dKd,6d7d|/4c5sAs:-230,230(-230.000000)
341:BR,Player:0f:4h7s,4d9s|:50,-50(50.000000)
342:Player,BR:0cr130c/r299r2303f:7cKh,9cJs|/3h5sQh:-529,529(-529.000000)
343:BR,Player:0r130c/r1001f:4sTc,3cKh|/2c9dQd:230,-230(230.000000)
344:Player,BR:0cr300c/cr1514f:4h4c,TcQd|/3s9dTd:-400,400(-400.000000)
345:BR,Player:0r130c/r1751f:KsKd,5sTs|/3hJcQh:230,-230(230.000000)
346:Player,BR:0cr600c/cr19300f:TcAs,KsAc|/5cQdKd:-700,700(-700.000000)
347:BR,Player:0cc/r379f:2cJh,5dTc|/6s7dJd:100,-100(100.000000)
348:Player,BR:0cc/cr876f:5sTc,2h2c|/8dJhQc:-100,100(-100.000000)
349:BR,Player:0r130c/r327f:3dQh,5cJs|/7h7cAs:230,-230(230.000000)
350:Player,BR:0cr300c/cr3503c/cc/r2337c:4h6h,2d3s|/3h7cKh/2c/Kc:-6240,6240(3227.437785)
351:BR,Player:0r130c/r1001r3599f:2h5d,4dKh|/4sAsAh:-1231,1231(-1231.000000)
352:Player,BR:0cc/cr1761f:5sAd,6sJs|/6d7dKc:-100,100(-100.000000)
353:BR,Player:0r130c/r2014f:2d6s,9cJh|/8sTsTd:230,-230(230.000000)
354:Player,BR:0cc/cr876f:7dTc,3hAh|/4s8dKs:-100,100(-100.000000)
355:BR,Player:0r200c/r2627f:9sQs,JcKd|/ThQdKs:300,-300(300.000000)
356:Player,BR:0cc/cr435f:2cKs,2dKh|/3d5cQc:-100,100(-100.000000)
357:BR,Player:0cc/r876r2014f:4hQc,8s8h|/8dKcAc:-976,976(-976.000000)
358:Player,BR:0cr300c/cr1741f:3s3c,JsQd|/4cKdAh:-400,400(-400.000000)
359:BR,Player:0r200c/r2627f:8dQd,4d6h|/5hJcKd:300,-300(300.000000)
360:Player,BR:0cc/cr876f:8h9c,7d9d|/6dTdJh:-100,100(-100.000000)
361:BR,Player:0r130c/r1001f:7h8d,7dKc|/4c9cQh:230,-230(230.000000)
362:Player,BR:0cr130c/cr1001c/r1184f:JsJc,3hKd|/8sJhQs/Ts:1231,-1231(1231.000000)
363:BR,Player:0f:9sTd,2s5c|:50,-50(50.000000)
364:Player,BR:0cr300c/cr1741f:KhAh,6h9d|/2s2dKc:-400,400(-400.000000)
365:BR,Player:0r200c/r1306f:7hKc,7cTs|/6h9hJd:300,-300(300.000000)
366:Player,BR:0cr300c/cr3503c/r2337c/r1248c:QsAh,9s9c|/3h4sAs/Tc/Kc:7488,-7488(2649.583475)
367:BR,Player:0r200c/r1136c/cr364c/cc:6c9s,5hJs|/2d5s9h/4h/Qd:1800,-1800(1560.221631)
368:Player,BR:0cc/cr100c/cc/r260f:4d8h,9cAc|/2s2h4c/5s/2c:200,-200(200.000000)
369:BR,Player:0r130c/r2014c/cr2241c/cr5830f:3d8s,JhKs|/4d5hKc/2h/Qc:-4485,4485(-4485.000000)
370:Player,BR:0cr130c/cr1751c/cc/cc:9s9h,6dQh|/2d8sQc/Th/Jc:1981,-1981(-180.540997)
371:BR,Player:0cc/cr200r9241f:4cAd,3sQd|/3h6dJs:300,-300(300.000000)
372:Player,BR:0cc/cr379f:3s7c,8hAh|/2hQdAd:-100,100(-100.000000)
373:BR,Player:0r130c/r1001f:3c4c,7cJd|/6hJsAd:230,-230(230.000000)
374:Player,BR:0cc/cr761c/r100c/r2189f:3c4s,9cQc|/2d6cQd/Kh/5s:961,-961(961.000000)
375:BR,Player:0r130c/r871c/cr1015c/cr2750f:9cKh,8dTc|/6c7hKd/2c/5c:-2116,2116(-2116.000000)
376:Player,BR:0cr600c/r2100r6970r10230c/cc/cc:6h6d,5dTd|/6cKdAd/Qd/Ac:20000,-20000(20000.000000)
377:BR,Player:0cc/r1761f:5dTd,2cJh|/8hJdJc:100,-100(100.000000)
378:Player,BR:0cr300c/cr3503f:2c3c,4dKs|/2d5d6s:-400,400(-400.000000)
379:BR,Player:0r130c/r163r665r4606f:7dAh,JcQs|/2s4h9h:1058,-1058(1058.000000)
380:Player,BR:0cc/cr761c/r100c/r299c:8h9d,9sTh|/7c9cTs/Jd/Kd:1260,-1260(292.846278)
381:BR,Player:0r200c/r14055f:8hQc,TdAd|/5cQsQd:300,-300(300.000000)
382:Player,BR:0cc/cr876f:4hKh,2cTc|/2s7c9d:-100,100(-100.000000)
383:BR,Player:0r200c/r371c/cr709c/cr2760c:4h6s,4sQs|/6cAsAh/5s/7s:-4140,4140(1181.875401)
384:Player,BR:0cc/cr876f:2s7h,2cQd|/3c6sAs:-100,100(-100.000000)
385:BR,Player:0r130c/r285f:8d8c,4hTh|/5s7sAh:230,-230(230.000000)
386:Player,BR:0cr300c/cr3503f:9cTs,4cAc|/6dThJh:-400,400(-400.000000)
387:BR,Player:0r130c/r1001f:8cTc,5hAd|/2s5s8s:230,-230(230.000000)
388:Player,BR:0cr300c/cr3503f:5d9d,2dTc|/4h4cQs:-400,400(-400.000000)
389:BR,Player:0r200c/r2627c/cc/cc:6cKs,8d9h|/2dTsJs/9s/4c:-2927,2927(-2927.000000)
390:Player,BR:0cr130c/cr1001f:3d5d,7c8d|/2c4s5c:-230,230(-230.000000)
391:BR,Player:0r130c/r2014f:7sAd,4sKc|/5h8sJc:230,-230(230.000000)
392:Player,BR:0cr300c/cr1741f:TsKs,5h6s|/2s9dAd:-400,400(-400.000000)
393:BR,Player:0f:8h8c,3hTd|:50,-50(50.000000)
394:Player,BR:0cc/cr124c/r100c/r876c:4h8h,JsJh|/7hQdKh/9d/3d:-1200,1200(-1200.000000)
395:BR,Player:0cc/r142f:QcKc,4s8c|/5d5cTd:100,-100(100.000000)
396:Player,BR:0cc/cr435f:9hKc,KhAc|/4d7sQs:-100,100(-100.000000)
397:BR,Player:0r130c/r1001f:3h8s,3dTd|/6cJsAc:230,-230(230.000000)
398:Player,BR:0cc/cr1532f:4s9d,4cAs|/2hKdAc:-100,100(-100.000000)
399:BR,Player:0r300c/r1741f:2d8d,9sKd|/JdQsKc:400,-400(400.000000)
400:Player,BR:0cc/cr216f:4dTc,5c8s|/5s9h9d:-100,100(-100.000000)
401:BR,Player:0cc/r876c/cr584f:8cQc,8sKh|/2hThKs/7h:-976,976(-976.000000)
402:Player,BR:0cr200c/cr1306f:7dKc,3dQd|/6d9hTh:-300,300(-300.000000)
403:BR,Player:0r130c/r2014f:5hQs,5c7s|/2c6cKs:230,-230(230.000000)
404:Player,BR:0cc/r200r1306f:9hTc,6c9s|/4c8s8h:-300,300(-300.000000)
405:BR,Player:0r130c/r2014c/cc/cr9716f:4dJc,QdKh|/2cQhKd/2d/Qs:-2244,2244(-2244.000000)
406:Player,BR:0cc/cr435f:2hAd,3h6d|/8dThQs:-100,100(-100.000000)
407:BR,Player:0f:2dKs,2c8h|:50,-50(50.000000)
408:Player,BR:0cr200c/cr5284f:9hQh,7s9d|/ThJsAc:-300,300(-300.000000)
409:BR,Player:0cc/r124c/cr100c/cr876c:7d9c,2sKh|/6h7hAc/9h/8h:-1200,1200(363.049995)
410:Player,BR:0cc/cr876c/r584c/r2028c:5s7d,3sAh|/6s8d9s/3c/Kh:3588,-3588(-710.042187)
411:BR,Player:0r130c/r1001f:5s8c,4s6s|/7sJcAd:230,-230(230.000000)
412:Player,BR:0cc/cr1532f:9cTs,QhKs|/2h6cQs:-100,100(-100.000000)
413:BR,Player:0cc/r435r1075r1075f:7s9s,6h9h|/QsKhKd:1610,-1610(1610.000000)
414:Player,BR:0cr300c/cr1741f:6dKd,9h9d|/7c8cAs:-400,400(-400.000000)
415:BR,Player:0r130c/r1001c/cr701c/cc:3dJc,TcAh|/QdAsAc/3s/4d:-1932,1932(1429.622859)
416:Player,BR:0cc/cr876f:5d9h,2cKs|/7c8dJs:-100,100(-100.000000)
417:BR,Player:0r200c/r1306f:3h3c,5hJs|/8hQhKc:300,-300(300.000000)
418:Player,BR:0cc/cr876f:3c4h,4d8h|/5h9s9h:-100,100(-100.000000)
419:BR,Player:0r200c/r427f:JdKh,5hTh|/7d8dQd:300,-300(300.000000)
420:Player,BR:0cc/cr876f:4hTh,7dQh|/7h8hKd:-100,100(-100.000000)
421:BR,Player:0r130c/r1001f:6h8h,5sAs|/3h3d9d:230,-230(230.000000)
422:Player,BR:0cr300c/r520r1309c/r1083c/r4305c:3s6s,QhQc|/4d5hAh/Jd/5c:-7617,7617(2624.846162)
423:BR,Player:0r130c/r871c/cr279c/cr2760c:QdKs,8hKh|/8c9hQs/Kd/6h:4140,-4140(2605.057085)
424:Player,BR:0cc/cr1761f:6sJd,3h8d|/4s5hTc:-100,100(-100.000000)
425:BR,Player:0r130c/r1001c/cc/cr2472c:5dQh,TdJc|/8d9cAs/6s/3c:3703,-3703(-50.335021)
426:Player,BR:0cr300c/cr3503f:4d4c,JcAh|/5d6cTh:-400,400(-400.000000)
427:BR,Player:0r130c/r2014f:3cQs,8hTs|/4h5dJc:230,-230(230.000000)
428:Player,BR:0cc/cr876f:2h6h,ThJh|/7s8sKd:-100,100(-100.000000)
429:BR,Player:0r130c/r871c/cr1015c/cc:TcQc,JdKh|/5sQsQh/6s/8c:2116,-2116(1897.298260)
430:Player,BR:0cr600c/r910r4008f:2s3s,7hKs|/9dTsAc:-1610,1610(-1610.000000)
431:BR,Player:0r130c/r285c/cc/cc:6dKs,5sQs|/4dKcAs/4c/9d:515,-515(341.351272)
432:Player,BR:0cc/cr761c/cc/cc:7sKd,AhAc|/6cQcKc/8s/3d:-861,861(-698.854683)
433:BR,Player:0r130c/r3522f:ThKh,9hAd|/3h6dJh:230,-230(230.000000)
434:Player,BR:0cc/cr876c/cc/r584c:4dKs,4s8h|/4c9cKc/Th/7d:1560,-1560(919.528254)
435:BR,Player:0f:2dTd,2h5s|:50,-50(50.000000)
436:Player,BR:0cc/cr379f:6cJd,JsJh|/5sTdAd:-100,100(-100.000000)
437:BR,Player:0cc/r876f:3c7c,2sKh|/QcKsAc:100,-100(100.000000)
438:Player,BR:0cc/cr876f:5h8c,3cAd|/9sJdKd:-100,100(-100.000000)
439:BR,Player:0r130c/r2014c/cr2241f:3hAc,6hJh|/5hTsKh/Qd:-2244,2244(-2244.000000)
440:Player,BR:0cr300c/cr3503f:3c4s,7dQh|/4h7c8d:-400,400(-400.000000)
441:BR,Player:0r200c/r2627f:3dAc,7sQh|/6sQcKc:300,-300(300.000000)
442:Player,BR:0cc/cr876f:8hQs,4s8s|/2s5hKs:-100,100(-100.000000)
443:BR,Player:0cc/r435f:4hJh,4c8d|/5s6hQc:100,-100(100.000000)
444:Player,BR:0cr300c/r800r800r18000f:4h7h,6hQc|/3h4dAh:2000,-2000(2000.000000)
445:BR,Player:0r130c/r1001f:5c6d,JdQs|/8h9s9d:230,-230(230.000000)
446:Player,BR:0cc/cr379c/cc/r121f:3c8h,2cTd|/2d8dKd/8c/7h:479,-479(479.000000)
447:BR,Player:0r130c/r1001f:3d5s,2c8c|/3hJsAs:230,-230(230.000000)
448:Player,BR:0cr600c/cr495c/cc/r3005f:QdAd,2s2d|/4c6h8d/Qc/4h:1195,-1195(1195.000000)
449:BR,Player:0r130c/cr460r982c/cr3089c/cc:9hKs,4s7s|/3d6sJc/Ad/6c:4761,-4761(4761.000000)
450:Player,BR:0cc/cr435c/r305f:6sJs,3sQd|/5dTcJc/2d:535,-535(535.000000)
451:BR,Player:0f:4hJh,2d9s|:50,-50(50.000000)
452:Player,BR:0cc/r130r498c/r100c/cc:2h3d,JcQd|/4sQhAh/2s/8d:-828,828(-750.925780)
453:BR,Player:0r130c/r1001f:8cTd,KcAc|/3s7hJs:230,-230(230.000000)
454:Player,BR:0cr300c/cr3503f:TdAs,2cQd|/4h7sKs:-400,400(-400.000000)
455:BR,Player:0r130c/r285f:6dJh,6s9d|/5cJcAs:230,-230(230.000000)
456:Player,BR:0cc/cr876f:2d4s,5cAc|/4c6h7s:-100,100(-100.000000)
457:BR,Player:0r130c/r1001f:5dTc,9sJh|/2s3s4d:230,-230(230.000000)
458:Player,BR:0cr130c/r299r2303f:TsQd,4c8h|/4d5c9c:-529,529(-529.000000)
459:BR,Player:0r130c/r1001f:4hKc,9cKd|/5c9sJc:230,-230(230.000000)
460:Player,BR:0cc/cr761f:2h9d,7dAc|/JsAsAd:-100,100(-100.000000)
461:BR,Player:0r130c/r285f:7h8d,3cAd|/5c7sJc:230,-230(230.000000)
462:Player,BR:0cc/cr1761f:2cQd,6h9d|/7s7dAs:-100,100(-100.000000)
463:BR,Player:0r130c/r871f:KsKc,2h4h|/2c6c7c:230,-230(230.000000)
464:Player,BR:0cc/cr761f:3cAs,6hAc|/6sQhQd:-100,100(-100.000000)
465:BR,Player:0r130c/r4051f:2s9c,QsKd|/5d7hTs:230,-230(230.000000)
466:Player,BR:0cr300c/cr1514f:6dKd,3cQs|/JhQhQc:-400,400(-400.000000)
467:BR,Player:0r200c/r1306c/cc/cc:6hQh,5sAc|/4d9sAh/6s/Tc:-1606,1606(-913.589224)
468:Player,BR:0cr200c/cr649f:6d8d,4hKs|/JsKhAc:-300,300(-300.000000)
469:BR,Player:0r130c/r2014f:ThJd,4dTc|/6h9sQh:230,-230(230.000000)
470:Player,BR:0cr200c/r390r390r2094r4517f:JhJd,9dKd|/3h9cTs:-3174,3174(-3174.000000)
471:BR,Player:0cc/r435f:2s6d,ThJd|/3s3dQh:100,-100(100.000000)
472:Player,BR:0cr300c/r520r2290f:8cKc,9dTs|/6dTdQd:-920,920(-920.000000)
473:BR,Player:0cc/r1761f:JhAd,3c5c|/2s8dTd:100,-100(100.000000)
474:Player,BR:0cc/cr435f:3cAh,9cTc|/8dTdAd:-100,100(-100.000000)
475:BR,Player:0f:7s7h,3s6h|:50,-50(50.000000)
476:Player,BR:0cr300c/r520r4005f:7dJc,3d9s|/4c5c8h:-920,920(-920.000000)
477:BR,Player:0r130c/cr299r4632f:8hAh,6dJs|/4d7sQs:529,-529(529.000000)
478:Player,BR:0cc/cr1761f:JcQs,5c9h|/5h7sJs:-100,100(-100.000000)
479:BR,Player:0f:5dTh,2hTs|:50,-50(50.000000)
480:Player,BR:0cc/cr435f:7hAd,3sJd|/2sQsKc:-100,100(-100.000000)
481:BR,Player:0cc/cc/cc/cr200c:TsKc,2sJc|/4h8sQh/9h/7d:300,-300(256.150571)
482:Player,BR:0cc/cr435c/cc/r305f:8hQd,4s9c|/4hQhKc/Ah/5d:535,-535(535.000000)
483:BR,Player:0r130c/r1001f:3cTh,7dTs|/3h4d5s:230,-230(230.000000)
484:Player,BR:0cr300c/r520r2290f:2hTh,2dJd|/5sQdKd:-920,920(-920.000000)
485:BR,Player:0r130c/r1001c/cc/cc:JdQd,9dQh|/2d7h9c/8h/Tc:1231,-1231(1231.000000)
486:Player,BR:0cr300c/r520r2290c/r1206f:3c4s,3d7c|/2s5hKh/Qh:3210,-3210(3210.000000)
487:BR,Player:0cc/r876r2014f:4d9d,8hQd|/6h7hTh:-976,976(-976.000000)
488:Player,BR:0cr300c/cr1741f:4d4c,9cQd|/3c5cAs:-400,400(-400.000000)
489:BR,Player:0r130c/r2014f:6d7d,4hTh|/5dJsKd:230,-230(230.000000)
490:Player,BR:0cr600c/r8400f:TcQc,5hJc|/4d5cQs:700,-700(700.000000)
491:BR,Player:0r130c/r1001f:7c9h,KhKd|/3d8d9d:230,-230(230.000000)
492:Player,BR:0cc/cr379c/cc/cc:2sQh,JdAc|/2d6sAs/6h/5s:-479,479(-379.559924)
493:BR,Player:0cc/r216c/cr584c/cr1800f:8dAh,3sTh|/3h3d8h/2c/7d:-900,900(-900.000000)
494:Player,BR:0cc/cr876f:4sTc,3sAh|/6s9sKs:-100,100(-100.000000)
495:BR,Player:0r200c/r371f:TcQc,7c9h|/KsAdAc:300,-300(300.000000)
496:Player,BR:0cc/cr876f:6s8d,9hTd|/7dKhKd:-100,100(-100.000000)
497:BR,Player:0r130c/r2014f:4s5d,8hJd|/2h6d7d:230,-230(230.000000)
498:Player,BR:0cc/cr435f:2sQc,8sTc|/4h7dJc:-100,100(-100.000000)
499:BR,Player:0r130c/r285c/cc/cr543f:8sJs,9hKc|/3c8hKd/4s/Ad:-515,515(-515.000000)
500:Player,BR:0cr300c/cr3046c/cc/r100c:4c5h,7d8s|/4h5s7c/Td/3d:3546,-3546(989.599113)
501:BR,Player:0r130c/r2014f:9hQc,6c9s|/4c5sTh:230,-230(230.000000)
502:Player,BR:0cc/cr1532c/r100c/cc:7cTs,5s9s|/6h7h8d/2s/9d:1732,-1732(327.034413)
503:BR,Player:0r130c/r2014f:3s3h,3c8c|/2s6c9s:230,-230(230.000000)
504:Player,BR:0cc/cr876f:2cKc,9sQd|/2d8sJc:-100,100(-100.000000)
505:BR,Player:0r200c/r2627f:5cQs,6d9h|/5hKsAc:300,-300(300.000000)
506:Player,BR:0cc/cr876f:3hQd,2c7h|/ThQcKh:-100,100(-100.000000)
507:BR,Player:0r130c/r19770f:9sAd,5dTd|/9h9dQc:230,-230(230.000000)
508:Player,BR:0cc/cr761f:4dKh,9hTd|/3d7dTc:-100,100(-100.000000)
509:BR,Player:0r200c/r1306f:8cJd,6sKh|/7d9cKs:300,-300(300.000000)
510:Player,BR:0cc/cr1761f:6d7h,3dTs|/TdJhAd:-100,100(-100.000000)
511:BR,Player:0r130c/r163c/cc/cr665f:5d9h,4cQd|/3hQcKd/5s/7s:-393,393(-393.000000)
512:Player,BR:0cc/cr876f:6hQc,2sTd|/3d8cKh:-100,100(-100.000000)
513:BR,Player:0cc/r379f:TsKh,3sAc|/4s8dKs:100,-100(100.000000)
514:Player,BR:0cr300c/cr1741f:6s9c,2h7c|/4hThJd:-400,400(-400.000000)
515:BR,Player:0r200c/r1306f:2c3s,8hKc|/5d8c9c:300,-300(300.000000)
516:Player,BR:0cr200c/cr2627f:9dJs,9sTc|/3s3d6c:-300,300(-300.000000)
517:BR,Player:0r130c/r1001f:7sJh,5s6h|/2h9s9c:230,-230(230.000000)
518:Player,BR:0cc/cr3080f:2dTh,6h7d|/8s9cKh:-100,100(-100.000000)
519:BR,Player:0f:7cQd,2hTc|:50,-50(50.000000)
520:Player,BR:0cc/cr1761f:2h4c,6cQc|/2d8dKh:-100,100(-100.000000)
521:BR,Player:0r200c/r747f:4hQd,3s4d|/8s8hKs:300,-300(300.000000)
522:Player,BR:0cc/cr435f:2d8h,6dAh|/3h8dKd:-100,100(-100.000000)
523:BR,Player:0r130c/r2014f:8c9s,9hJc|/5c7hAd:230,-230(230.000000)
524:Player,BR:0cc/cr9423f:4cKh,7c9s|/JhJcQs:-100,100(-100.000000)
525:BR,Player:0r200c/r1306f:9cTs,QdKc|/4hJsJc:300,-300(300.000000)
526:Player,BR:0cr200c/cr2627f:3h5h,3cAh|/6c9cJh:-300,300(-300.000000)
527:BR,Player:0r200c/r244f:QhAd,5h8s|/4s4dTs:300,-300(300.000000)
528:Player,BR:0cc/cr9423f:4sJd,4h6d|/8sAhAc:-100,100(-100.000000)
529:BR,Player:0r200c/r371f:6sTh,4c7d|/5sTcJs:300,-300(300.000000)
530:Player,BR:0cc/cr876f:6cAs,4hTc|/2c7cKs:-100,100(-100.000000)
531:BR,Player:0r130c/r1001f:2c7c,4s7d|/3s3cKc:230,-230(230.000000)
532:Player,BR:0cr200c/cr2627f:8sKd,6hAc|/4c9cTs:-300,300(-300.000000)
533:BR,Player:0r130c/r4051f:2h6c,4hJs|/8sJhAh:230,-230(230.000000)
534:Player,BR:0cr300c/r800r2987f:9cJh,5dKh|/8sTsTd:-1200,1200(-1200.000000)
535:BR,Player:0r200c/r1306f:4d7c,7dJh|/3h3d8d:300,-300(300.000000)
536:Player,BR:0cc/cr379f:2h7h,3cTh|/3dTdQh:-100,100(-100.000000)
537:BR,Player:0r130c/r871c/cc/cr1659c:3sQs,6c7d|/5c8hQd/5d/Th:2760,-2760(-889.999427)
538:Player,BR:0cc/cr124c/r100c/cc:9cTd,7h7d|/2c8sQd/8h/8d:-324,324(-71.874282)
539:BR,Player:0cc/r876f:5d8d,4s5c|/2s9cAc:100,-100(100.000000)
540:Player,BR:0cr200c/cr2627f:9cJd,3cJs|/9sQsQh:-300,300(-300.000000)
541:BR,Player:0r130c/r2014f:2dAd,6dJd|/4h9dQh:230,-230(230.000000)
542:Player,BR:0cc/cr876f:3c8h,4sAd|/8s9sTs:-100,100(-100.000000)
543:BR,Player:0r130c/r163c/cc/cr987c:3dAh,AdAc|/4s4d8h/7d/5c:-1380,1380(-22.394367)
544:Player,BR:0cr300c/cr3503f:TsTc,3h7c|/3s8sJh:-400,400(-400.000000)
545:BR,Player:0cc/r876c/cc/cc:5c9d,QdKs|/6dThKd/4h/2h:-976,976(-976.000000)
546:Player,BR:0cr600c/cr1515c/cc/cc:6c8c,AhAc|/9hTcQc/6s/4d:-2215,2215(-1445.818895)
547:BR,Player:0r200c/r2627f:3h4h,9cAs|/4cTsKs:300,-300(300.000000)
548:Player,BR:0cc/cr379f:3c7s,8h8c|/5c9h9c:-100,100(-100.000000)
549:BR,Player:0r130c/r2014f:5dJh,5sQh|/2cTcKh:230,-230(230.000000)
550:Player,BR:0cr600c/r910r2291c/cc/cc:9sAd,9cTd|/4c6d9d/Kh/4d:3901,-3901(2541.498755)
551:BR,Player:0cc/r379c/cc/cc:8cKs,5cAd|/5h6dKd/7d/Jc:479,-479(478.856535)
552:Player,BR:0cc/cr876f:2h7d,2c8s|/2d3hQd:-100,100(-100.000000)
553:BR,Player:0r200c/r2627f:2s6c,7hTh|/6dTdAc:300,-300(300.000000)
554:Player,BR:0cc/cr435f:5hJc,9hKc|/2h4h8c:-100,100(-100.000000)
555:BR,Player:0f:TcKd,2s6d|:50,-50(50.000000)
556:Player,BR:0cr200c/cr2627f:JhQd,TsQh|/2h5cKd:-300,300(-300.000000)
557:BR,Player:0r130c/r1001f:7cKc,8hQh|/TcKsAd:230,-230(230.000000)
558:Player,BR:0cc/cr761c/r189c/r3150f:2c9h,4s9s|/2s6c9c/As/5h:1050,-1050(1050.000000)
559:BR,Player:0r200c/r1306c/cr1544f:2c9s,9h9c|/4c6s6d/5c:-1606,1606(-1606.000000)
560:Player,BR:0cc/cr435f:5hAd,3hQc|/3c6h8s:-100,100(-100.000000)
561:BR,Player:0r130c/r2014f:3s9c,9hKd|/2hTdKs:230,-230(230.000000)
562:Player,BR:0cr300c/cr1741c/r1219f:3h5s,8dQc|/2h4dKd/3c:2141,-2141(2141.000000)
563:BR,Player:0r130c/r1001c/cr701f:3hKc,JhAs|/3s4sJs/2s:-1231,1231(-1231.000000)
564:Player,BR:0cc/cr1761f:7hQc,3cTh|/4d9hQs:-100,100(-100.000000)
565:BR,Player:0f:6sQh,2d8c|:50,-50(50.000000)
566:Player,BR:0cr600c/cr16305f:KhAd,6sQh|/2cQsQc:-700,700(-700.000000)
567:BR,Player:0f:9sJd,2cJh|:50,-50(50.000000)
568:Player,BR:0cr300c/cr1741f:4d6c,2s9s|/8cJcAs:-400,400(-400.000000)
569:BR,Player:0r130c/r1001c/cc/cr2472f:2c5h,6cKc|/4s7c9c/3d/8s:-1231,1231(-1231.000000)
570:Player,BR:0cr200c/cr2627f:TsJc,2cQc|/5h7s9d:-300,300(-300.000000)
571:BR,Player:0r200c/cr390r3004f:3dAd,6d7s|/4hTsKc:690,-690(690.000000)
572:Player,BR:0cr300c/cr569f:7s9h,8cKs|/JcQsQd:-400,400(-400.000000)
573:BR,Player:0r130c/r163c/cc/cr987c:7sAc,8d8c|/2h3sQd/Th/8s:-1380,1380(307.342443)
574:Player,BR:0cc/cr761f:2cJd,3c4d|/3s4c8h:-100,100(-100.000000)
575:BR,Player:0r130c/r4051f:3h4s,5h7h|/2d7cJc:230,-230(230.000000)
576:Player,BR:0cr300c/cr1741f:6h6c,7dQc|/7c9hAh:-400,400(-400.000000)
577:BR,Player:0f:7c9d,3s6d|:50,-50(50.000000)
578:Player,BR:0cc/cr876f:4dJd,5sTc|/2s6hJs:-100,100(-100.000000)
579:BR,Player:0cc/r1761f:2c4c,5cKc|/7c8s8d:100,-100(100.000000)
580:Player,BR:0cr300c/cr19600f:7h7c,9dQh|/8d9s9h:-400,400(-400.000000)
581:BR,Player:0cc/r435f:9cAd,4h7c|/3hJcKd:100,-100(100.000000)
582:Player,BR:0cc/cr1761f:3s9c,5cKh|/4s7sTc:-100,100(-100.000000)
583:BR,Player:0r130c/r871c/cc/cc:KcAh,JdAd|/JcQsAc/Ks/2c:1101,-1101(1051.931205)
584:Player,BR:0cc/r130r1001f:8hTd,2hTc|/7s7cAd:-230,230(-230.000000)
585:BR,Player:0f:8cTd,2s4d|:50,-50(50.000000)
586:Player,BR:0cc/cr876f:2d7c,5sQh|/6s6cKs:-100,100(-100.000000)
587:BR,Player:0r130c/r1001f:5sAd,8hQh|/3d9cTd:230,-230(230.000000)
588:Player,BR:0cc/cr876f:5d8c,TcJd|/2hQhKh:-100,100(-100.000000)
589:BR,Player:0r130c/r2014c/cr4633f:JsQd,AhAd|/4h5sKs/6s:-2244,2244(-2244.000000)
590:Player,BR:0cc/cr124r236c/cc/r598f:4hAd,5d9c|/4d4c5s/4s/Th:460,-460(460.000000)
591:BR,Player:0r130c/r2014f:2c5d,QdKh|/2s4h8c:230,-230(230.000000)
592:Player,BR:0cc/cr876f:3cQc,6sQh|/JcAhAc:-100,100(-100.000000)
593:BR,Player:0r130c/r1001f:TdQs,5hAd|/2s4d7h:230,-230(230.000000)
594:Player,BR:0cc/cr379c/r121c/r120c:2h6h,5cJc|/2s5s5h/Js/5d:-720,720(-720.000000)
595:BR,Player:0cc/r435f:JdQc,6dAd|/2s4dKs:100,-100(100.000000)
596:Player,BR:0cc/cr1532f:9dJs,6cKc|/6h6d8s:-100,100(-100.000000)
597:BR,Player:0r200c/r2627f:2dAs,5sTs|/3s9hJc:300,-300(300.000000)
598:Player,BR:0cr300c/cr1741c/cc/r1219c:7d8c,7cTc|/2s4d6c/9s/7h:-3360,3360(-453.021061)
599:BR,Player:0r200c/r1306c/cr3224c/cc:8dKh,3dQs|/5s6sQh/6d/2c:-4830,4830(-3215.116522)
600:Player,BR:0cc/cr1761f:5hQd,4cAd|/4s7d9d:-100,100(-100.000000)
601:BR,Player:0f:2c4s,3s9d|:50,-50(50.000000)
602:Player,BR:0cr300c/cr1514f:8dKc,8sTh|/7h8c9s:-400,400(-400.000000)
603:BR,Player:0r130c/r2014r9716f:JdQh,TsTd|/8dTcKd:-2244,2244(-2244.000000)
604:Player,BR:0cc/cr379c/cc/r121c:3sAd,2dKh|/4c5sKc/7h/Jc:-600,600(-187.971172)
605:BR,Player:0f:QdKc,2cTs|:50,-50(50.000000)
606:Player,BR:0cr200c/r600f:KhKd,5h6s|/4c9cQh:300,-300(300.000000)
607:BR,Player:0r130c/r1001c/cr1184f:5c9h,6cJd|/2d3h6d/7c:-1231,1231(-1231.000000)
608:Player,BR:0cr200c/r390r390c/cc/r3060f:QdKc,7h7d|/5d6dKs/8s/Kd:1080,-1080(1080.000000)
609:BR,Player:0r300c/r3503f:5c6d,QhAh|/8d8cJh:400,-400(400.000000)
610:Player,BR:0cc/cr2679f:2c5h,2s8h|/6c8d8c:-100,100(-100.000000)
611:BR,Player:0r130c/r1001c/cr1184f:TcJc,5c6h|/3d4hQc/2s:-1231,1231(-1231.000000)
612:Player,BR:0cc/cr1761f:4c9s,2sJs|/4h6dTc:-100,100(-100.000000)
613:BR,Player:0r130c/cc/cr115c/cr448f:7sAs,8dKs|/9cQdKh/2s/Th:-345,345(-345.000000)
614:Player,BR:0cr300c/cr996c/r524c/r960f:8cKc,9sQh|/5s6sKh/9h/4c:1920,-1920(1920.000000)
615:BR,Player:0r130c/r2014f:6hJs,4sJh|/3s7c8h:230,-230(230.000000)
616:Player,BR:0cr300c/r520r1309f:2d4d,3s8c|/3c5c9c:-920,920(-920.000000)
617:BR,Player:0f:4s8c,3s7h|:50,-50(50.000000)
618:Player,BR:0cc/cr379f:4hJs,2hTc|/3s9cTd:-100,100(-100.000000)
619:BR,Player:0f:5dJc,2s9d|:50,-50(50.000000)
620:Player,BR:0cc/cr3080f:3h7s,4h5d|/8c9cQd:-100,100(-100.000000)
621:BR,Player:0r130c/r1001r3599f:8d9s,2sAs|/2d4s5s:-1231,1231(-1231.000000)
622:Player,BR:0cr300c/cr1741f:3s3h,4d8d|/TdJsJc:-400,400(-400.000000)
623:BR,Player:0r200c/r1306c/cc/cr4694c:7s8d,JsKh|/8c9hTh/9c/3s:6300,-6300(5414.906657)
624:Player,BR:0cc/cr435f:5cTh,KsAd|/3c6d8s:-100,100(-100.000000)
625:BR,Player:0f:6cQs,2d7h|:50,-50(50.000000)
626:Player,BR:0cr600c/cr3047c/r2133f:JsAh,2hQd|/3h5hTc/3d:3747,-3747(3747.000000)
627:BR,Player:0r200c/r2627f:3dKh,8sKs|/7hTsAh:300,-300(300.000000)
628:Player,BR:0cc/cr1761f:3d8c,3s6s|/4d7dAc:-100,100(-100.000000)
629:BR,Player:0r130c/r2014f:8h9h,2hQh|/5cJcAd:230,-230(230.000000)
630:Player,BR:0cc/cr1761f:4d5c,2sKd|/2h7cJc:-100,100(-100.000000)
631:BR,Player:0r130c/r2014f:4hAc,4d8c|/3h5cJs:230,-230(230.000000)
632:Player,BR:0cc/cr1761f:9sQd,4h5s|/5hJcKh:-100,100(-100.000000)
633:BR,Player:0r130c/r1001f:8sAd,5h9c|/8hJdQd:230,-230(230.000000)
634:Player,BR:0cr300c/cr3503f:QsAd,2cTh|/5sJcKc:-400,400(-400.000000)
635:BR,Player:0r130c/r1001c/cr2472f:JdAh,4cAc|/3s9cTc/6s:-1231,1231(-1231.000000)
636:Player,BR:0cc/cr379f:4h8s,8cQh|/3s9sQd:-100,100(-100.000000)
637:BR,Player:0r200c/r2627f:6dJd,2sKs|/3c9dKh:300,-300(300.000000)
638:Player,BR:0cc/cr3080f:5cJh,3hKs|/2sTsQd:-100,100(-100.000000)
639:BR,Player:0f:6cKh,2h4s|:50,-50(50.000000)
640:Player,BR:0cc/cr379f:3d9s,6hKc|/2h5hKd:-100,100(-100.000000)
641:BR,Player:0r130c/r1001c/cc/cc:5sAs,9cQc|/9hQhKd/2d/2c:-1231,1231(-1231.000000)
642:Player,BR:0cc/cr3080f:9cJh,6cKs|/4sTcJs:-100,100(-100.000000)
643:BR,Player:0r200c/r2627f:4hJd,7s9h|/4s8sQd:300,-300(300.000000)
644:Player,BR:0cr200c/r390r982f:3h3c,4cAs|/7s7dJh:-690,690(-690.000000)
645:BR,Player:0cc/r1761f:4hAh,3dKs|/2c6s9c:100,-100(100.000000)
646:Player,BR:0cr600c/cr3047f:2s3h,3d6c|/4d4cKd:-700,700(-700.000000)
647:BR,Player:0r130c/r123c/cc/cc:6s6c,3s4h|/4dJcKh/9s/2s:353,-353(230.405962)
648:Player,BR:0cc/cr379f:2s4h,9cAd|/2c9dKs:-100,100(-100.000000)
649:BR,Player:0f:TdAd,2s3c|:50,-50(50.000000)
650:Player,BR:0cr600c/cr1742c/r918c/cc:5sAh,5h7h|/3s3c4s/3h/8c:3360,-3360(3360.000000)
651:BR,Player:0r130c/r2014c/cc/cr4633f:2s7h,QhAd|/4d8dAs/6s/8h:-2244,2244(-2244.000000)
652:Player,BR:0cc/cr876f:4h9s,TdKs|/3d7c8s:-100,100(-100.000000)
653:BR,Player:0cc/r142f:8s9c,4c8d|/6dQcKd:100,-100(100.000000)
654:Player,BR:0cr130c/cr7085f:6d8d,9sAh|/2s7sJh:-230,230(-230.000000)
655:BR,Player:0r130c/r1001f:6dJh,3h5h|/8cThAh:230,-230(230.000000)
656:Player,BR:0cr200c/cr1306c/r1544f:6hQh,6c9h|/8sThQs/As:1606,-1606(1606.000000)
657:BR,Player:0cc/r1761f:6s9h,3c6d|/4h5d5c:100,-100(100.000000)
658:Player,BR:0cr300c/cr3503f:2c9d,QdKs|/3s6h9c:-400,400(-400.000000)
659:BR,Player:0r200c/r1306f:5d7s,5s5h|/4c8hKd:300,-300(300.000000)
660:Player,BR:0cr130c/r299r4632f:4s5d,5hQh|/6s8dAd:-529,529(-529.000000)
661:BR,Player:0r130c/r285c/cc/cr543c:3h7s,KhAs|/5s7hTd/Jd/Qh:-1058,1058(-407.377340)
662:Player,BR:0cr130c/cr871c/r100c/r455c:JsJd,AsAc|/8d8c9h/4s/2s:-1656,1656(-1571.113733)
663:BR,Player:0r200c/r1306f:3s8d,QcKc|/5d9dJs:300,-300(300.000000)
664:Player,BR:0cc/cr8194f:2hQs,7sAc|/7d7cJh:-100,100(-100.000000)
665:BR,Player:0r130c/r142r2043r6011f:9dJc,KdAc|/9hKsAh:2415,-2415(2415.000000)
666:Player,BR:0cc/cr1761f:5h7d,4h6h|/4c8d9c:-100,100(-100.000000)
667:BR,Player:0r200c/r1306f:5d9s,3c6s|/2d8hJs:300,-300(300.000000)
668:Player,BR:0cc/cr876f:4cAs,8h9c|/3hQsAd:-100,100(-100.000000)
669:BR,Player:0r200c/r1306f:3hKh,2cKc|/5h7s8d:300,-300(300.000000)
670:Player,BR:0cc/cr876c/cc/r974f:6h8c,2hQh|/4s5h8d/3c/Td:976,-976(976.000000)
671:BR,Player:0r130c/r1001r2472r2472f:5hAc,JsJd|/3s4d6s:3703,-3703(3703.000000)
672:Player,BR:0cc/cr876f:2d4c,4hAc|/3cQhKd:-100,100(-100.000000)
673:BR,Player:0r130c/r19770f:3d3c,5c9c|/3s4dJd:230,-230(230.000000)
674:Player,BR:0cr300c/cr1741f:4h4d,7sTd|/8d9d9c:-400,400(-400.000000)
675:BR,Player:0r130c/r1001f:2cJc,KhAh|/6d8dKs:230,-230(230.000000)
676:Player,BR:0cc/cr2679f:3sQh,7sQd|/4dJsQs:-100,100(-100.000000)
677:BR,Player:0cc/r1761f:4cTc,ThJc|/3c7s7d:100,-100(100.000000)
678:Player,BR:0cr600c/cr214c/cc/r346f:7dTd,7cKd|/5s7hAh/6c/3c:914,-914(914.000000)
679:BR,Player:0f:QcAc,2d4h|:50,-50(50.000000)
680:Player,BR:0cc/cr876f:7dQs,7sQc|/6s6cKs:-100,100(-100.000000)
681:BR,Player:0f:5s8h,3h8d|:50,-50(50.000000)
682:Player,BR:0cc/cr435f:6cTh,4c6h|/3d8h9s:-100,100(-100.000000)
683:BR,Player:0r130c/r1001f:6dJc,7dJs|/ThTdQd:230,-230(230.000000)
684:Player,BR:0cc/cr216f:2dJh,9d9c|/4d7hQc:-100,100(-100.000000)
685:BR,Player:0r130c/r1751f:5hAd,3cKs|/7dAsAc:230,-230(230.000000)
686:Player,BR:0cr300c/cr3503c/r3897c/cc:2dQd,3s8s|/2s2c6s/3d/Kh:7800,-7800(5096.785444)
687:BR,Player:0f:4dTd,2s4h|:50,-50(50.000000)
688:Player,BR:0cr300c/cr1514c/r100c/cc:KsKh,4cTc|/2d8sTs/2h/Ad:2014,-2014(-543.823468)
689:BR,Player:0r200c/r5284f:4c8s,6s9d|/5s7cKd:300,-300(300.000000)
690:Player,BR:0cc/cr876f:4hJd,2c6d|/4cQdAh:-100,100(-100.000000)
691:BR,Player:0r130c/r1001f:2cQs,4d4c|/8d9dTd:230,-230(230.000000)
692:Player,BR:0cc/cr435f:9dKc,5cJh|/2hQsQh:-100,100(-100.000000)
693:BR,Player:0f:6cKd,2c7s|:50,-50(50.000000)
694:Player,BR:0cr200c/cr1306c/cc/cc:5h7h,8hKc|/4h5dQc/Kh/Td:-1606,1606(-1340.821292)
695:BR,Player:0r130c/r2014f:6cTs,9hTd|/2cKsAs:230,-230(230.000000)
696:Player,BR:0cr200c/cr19700f:6sKc,JdQd|/8sJcQh:-300,300(-300.000000)
697:BR,Player:0cc/r1761f:3c4d,5sTs|/5hJsKh:100,-100(100.000000)
698:Player,BR:0cc/cr1761f:4hKc,2cAd|/5s7hJh:-100,100(-100.000000)
699:BR,Player:0r130c/r163f:3h6c,4hQs|/3s9dKh:230,-230(230.000000)
700:Player,BR:0cc/cr1761f:6cKs,7dJs|/4sKhKd:-100,100(-100.000000)
701:BR,Player:0r130c/r12392f:QsKs,4cAc|/ThJdAs:230,-230(230.000000)
702:Player,BR:0cc/cr124f:6d8s,TcQs|/JsJhAc:-100,100(-100.000000)
703:BR,Player:0r130c/r1001f:2sKh,6dQs|/8sJdAd:230,-230(230.000000)
704:Player,BR:0cc/cr876f:6dJs,5sJh|/2h3s7c:-100,100(-100.000000)
705:BR,Player:0r130c/r163f:5hQh,6h8d|/5dKcAd:230,-230(230.000000)
706:Player,BR:0cc/cr124f:4dKc,JhJd|/6sTsQc:-100,100(-100.000000)
707:BR,Player:0r130c/r871c/cc/cc:5hJd,5d6s|/4d6dJs/Kh/9h:1101,-1101(544.859999)
708:Player,BR:0cc/cr1532f:3hKh,8cAc|/3c7hJc:-100,100(-100.000000)
709:BR,Player:0cc/r761c/cc/cc:8dAs,3cQd|/QcKdAd/5h/6d:861,-861(812.350945)
710:Player,BR:0cr130c/cr2014c/r1344c/r7176f:5h5c,TsQh|/2s2h5s/Td/Ad:3588,-3588(3588.000000)
711:BR,Player:0cc/r124f:8s9c,2d8d|/5h9sTc:100,-100(100.000000)
712:Player,BR:0cc/cr2679f:2h5h,7cQc|/2cQsQd:-100,100(-100.000000)
713:BR,Player:0f:3cTs,2h6c|:50,-50(50.000000)
714:Player,BR:0cr600c/cr3047f:8cJh,2d8d|/3hJsAc:-700,700(-700.000000)
715:BR,Player:0r130c/r1001c/cr2472f:2s9s,8sKd|/3d7dJd/6h:-1231,1231(-1231.000000)
716:Player,BR:0cr300c/cr996c/r1004f:8cAc,4sTs|/6dKsKc/Kh:1396,-1396(1396.000000)
717:BR,Player:0cc/r249c/cc/cr251c:3hTc,5d5c|/2d9dQd/8h/Ts:600,-600(560.818292)
718:Player,BR:0cc/cr379f:TsKc,3h6c|/2h4d6d:-100,100(-100.000000)
719:BR,Player:0f:4h9s,3h7d|:50,-50(50.000000)
720:Player,BR:0cc/cr124r376r376f:6dKh,4h9s|/5d9hQs:-600,600(-600.000000)
721:BR,Player:0r200c/r1306f:3s5h,2s2h|/6c9hJh:300,-300(300.000000)
722:Player,BR:0cr200c/cr1306f:4cJc,JhQc|/2s7sTd:-300,300(-300.000000)
723:BR,Player:0r200c/r2627f:7s9h,3sJd|/2s8cKh:300,-300(300.000000)
724:Player,BR:0cc/cr1532f:3s5h,KhAh|/4h9hKd:-100,100(-100.000000)
725:BR,Player:0r130c/cc/cc/cr299f:6cJs,QsAs|/KdKcAh/Td/2h:-230,230(-230.000000)
726:Player,BR:0cr300c/cr12322f:6sKs,8dTs|/2d3sAd:-400,400(-400.000000)
727:BR,Player:0r130c/r2014f:2c7c,JhAs|/5hQsKd:230,-230(230.000000)
728:Player,BR:0cr130c/r299r2303f:JdAc,2h3c|/4c8sAs:-529,529(-529.000000)
729:BR,Player:0r200c/r747c/cr753f:5dQh,7cTc|/7sJhJc/6d:-1047,1047(-1047.000000)
730:Player,BR:0cc/cr100f:7d9s,4cAd|/6s6hQc:-100,100(-100.000000)
731:BR,Player:0r200c/r1306f:3sKs,4sJs|/3d4dAc:300,-300(300.000000)
732:Player,BR:0cr300c/cr1514f:2d4d,8hTs|/3s6s8c:-400,400(-400.000000)
733:BR,Player:0r130c/r1001f:4d5s,KdAh|/4c6cKc:230,-230(230.000000)
734:Player,BR:0cc/cr876f:4d9s,5cKd|/4s8sJs:-100,100(-100.000000)
735:BR,Player:0r130c/r2014f:7cAc,4hJs|/2dQhKh:230,-230(230.000000)
736:Player,BR:0cc/cr124f:2s4d,8hTh|/8dJhQc:-100,100(-100.000000)
737:BR,Player:0r200c/r371c/cc/cc:QdKh,4dKc|/4sQcAh/8d/Jc:671,-671(626.774657)
738:Player,BR:0cr130c/r690c/r1840c/cc:7dKs,3s5d|/5cTsQs/Js/7c:2760,-2760(-764.252639)
739:BR,Player:0r200c/r1306f:4c7s,6d9s|/JcQdAs:300,-300(300.000000)
740:Player,BR:0cc/cr876c/r584c/cc:4dTd,6s6c|/5d7dAd/Tc/Ts:1560,-1560(-742.661587)
741:BR,Player:0cc/cc/cr130f:3dTh,3cJh|/QdAhAc/Kc:-100,100(-100.000000)
742:Player,BR:0cr300c/cr1741f:9sKd,5sKh|/3sTsTh:-400,400(-400.000000)
743:BR,Player:0r130c/r285r543c/cc/cc:TdJh,7h9h|/3cTcQh/3d/2s:1058,-1058(985.808507)
744:Player,BR:0cc/cr1761f:2s6d,6s7s|/2c8cKd:-100,100(-100.000000)
745:BR,Player:0r130c/r285c/cr865c/cc:JhJc,3cAd|/3h9cAs/4s/4h:-1380,1380(36.482714)
746:Player,BR:0cc/cr876f:2sTd,4sJc|/6s6dKs:-100,100(-100.000000)
747:BR,Player:0r200c/r1306f:2s3c,7dTs|/3s6s7s:300,-300(300.000000)
748:Player,BR:0cc/cr876f:6c7s,KdAh|/6s8hQs:-100,100(-100.000000)
749:BR,Player:0r130c/r2014f:7cQc,4h7h|/2s5cKc:230,-230(230.000000)
750:Player,BR:0cr300c/r520r520f:5s8s,JsQh|/7dJdAs:-920,920(-920.000000)
751:BR,Player:0f:TsJd,3c7d|:50,-50(50.000000)
752:Player,BR:0cc/cr876r2014r7443f:7dJd,8dTs|/3c6d7s:-2990,2990(-2990.000000)
753:BR,Player:0r200c/r2627c/cr1753c/cc:JsAh,5c8s|/8cTcKd/Td/7s:-4680,4680(-4679.096081)
754:Player,BR:0cc/r130r7085f:6dAs,3c7s|/2s6sQc:-230,230(-230.000000)
755:BR,Player:0cc/r435c/cc/cr1075c:3cJc,3hJh|/4s5hTh/2s/Ts:0,-0(-75.000801)
756:Player,BR:0cr200c/cr2627f:3c6s,7sJd|/4c5cKc:-300,300(-300.000000)
757:BR,Player:0cc/r1761f:9s9h,2hJh|/5h6sJd:100,-100(100.000000)
758:Player,BR:0cr300c/cr283r1157r2619r15541f:3h5d,2c7h|/2s4d6s:4459,-4459(4459.000000)
759:BR,Player:0r130c/r163c/cc/cr665f:2s8s,QdAd|/2d5cJs/Ah/Ts:-393,393(-393.000000)
760:Player,BR:0cr200c/r390r3004c/r3551f:5cAc,3hAd|/TdQcKc/8c:3694,-3694(3694.000000)
761:BR,Player:0cc/r1761f:6h8d,6sJh|/9hJcQh:100,-100(100.000000)
762:Player,BR:0cc/cr379c/cc/cc:JdKc,8d8c|/4s5h5d/7h/Ah:-479,479(-282.839715)
763:BR,Player:0r130c/r1001f:3c8d,3h9h|/2h7d7c:230,-230(230.000000)
764:Player,BR:0cr200c/cr2627f:8sQd,4sKh|/2h8hJs:-300,300(-300.000000)
765:BR,Player:0r130c/r1001f:JcKh,2c5c|/7c8hQs:230,-230(230.000000)
766:Player,BR:0cc/cr100f:2sQh,JhKd|/3c7dAh:-100,100(-100.000000)
767:BR,Player:0r130c/r2014f:4c9h,2sTs|/3c6h8c:230,-230(230.000000)
768:Player,BR:0cc/cr876c/r584f:9dTh,5cQd|/3dTcAd/2s:976,-976(976.000000)
769:BR,Player:0cc/r876f:5sQs,4c8d|/2h7sAc:100,-100(100.000000)
770:Player,BR:0cc/cr876f:8dKc,7hJc|/2s9sAd:-100,100(-100.000000)
771:BR,Player:0f:3h8c,2h9d|:50,-50(50.000000)
772:Player,BR:0cr200c/cr2627r12673f:AhAc,9cKs|/3dTdQc:2927,-2927(2927.000000)
773:BR,Player:0cc/r3080f:9cAh,JsKc|/4s4hKd:100,-100(100.000000)
774:Player,BR:0cr300c/r520r1309c/r1083f:7s7d,5dQd|/2c6hJd/4c:2229,-2229(2229.000000)
775:BR,Player:0cc/r379f:3d9s,3h6c|/2s8d9h:100,-100(100.000000)
776:Player,BR:0cr200c/r390r12153f:6dKh,5s9h|/7hQdKs:-690,690(-690.000000)
777:BR,Player:0r130c/r2014f:6sQh,2d9d|/2h5s8h:230,-230(230.000000)
778:Player,BR:0cc/cr435f:4sAd,7hQh|/5h9dJc:-100,100(-100.000000)
779:BR,Player:0r300c/r3503f:8dTc,5cTh|/2c6cQh:400,-400(400.000000)
780:Player,BR:0cc/cr761f:3hTd,8d8c|/6h7c9h:-100,100(-100.000000)
781:BR,Player:0r200c/r4595f:QhQc,2h3h|/5c7hTd:300,-300(300.000000)
782:Player,BR:0cc/cr124r376r5254f:7s9h,8hTc|/5d8dJc:-600,600(-600.000000)
783:BR,Player:0r130c/r2014f:JsQs,JhQc|/7s8sKd:230,-230(230.000000)
784:Player,BR:0cc/cr435f:6h7s,TcQc|/3h3dJs:-100,100(-100.000000)
785:BR,Player:0r130c/r871f:2hAs,9dKh|/7hQdAc:230,-230(230.000000)
786:Player,BR:0cr300c/r520r520c/cc/r768c:3d4d,6sTc|/5d5c7h/7s/Qc:0,-0(977.165192)
787:BR,Player:0r300c/r1741c/cc/cr6259f:6s6c,KhKd|/7hJcQs/2d/5d:-2141,2141(-2141.000000)
788:Player,BR:0cc/cr876f:3hQc,5h5d|/6s9hKd:-100,100(-100.000000)
789:BR,Player:0r200c/r2627f:TsQh,3c5d|/2c8dJh:300,-300(300.000000)
790:Player,BR:0cr200c/cr427c/r353c/r540f:6cQc,6sJh|/ThTdQs/Jc/4d:1080,-1080(1080.000000)
791:BR,Player:0r130c/r1001f:9hAh,TcKs|/4c5h7c:230,-230(230.000000)
792:Player,BR:0cr200c/cr2627f:6sQd,5c7h|/4hTcQh:-300,300(-300.000000)
793:BR,Player:0cc/r435f:7dTd,9dJs|/3d5s5c:100,-100(100.000000)
794:Player,BR:0cc/cr1761f:3c7h,4hJc|/8dKsAs:-100,100(-100.000000)
795:BR,Player:0r130c/r2014f:3sQh,7cTh|/4hJhKc:230,-230(230.000000)
796:Player,BR:0cr200c/r390r1718f:5hAh,9dAc|/2c4cKs:-690,690(-690.000000)
797:BR,Player:0r200c/r1306f:7cJh,8sTs|/3h5c6d:300,-300(300.000000)
798:Player,BR:0cr1200c/cr18700f:3s9s,JhJc|/5h9cQc:-1300,1300(-1300.000000)
799:BR,Player:0cc/r124f:4c6s,7hJh|/5d6dAc:100,-100(100.000000)
800:Player,BR:0cr200c/r600r600c/cc/r2640c:5s7s,6dQh|/6s9hKc/4h/9c:-4140,4140(-1940.643931)
801:BR,Player:0r130c/r871f:9sQc,TdJh|/2d3hQs:230,-230(230.000000)
802:Player,BR:0cc/cr2679f:2sKc,8c9c|/5h9h9d:-100,100(-100.000000)
803:BR,Player:0r130c/r2014f:4hJd,JcQd|/3s5c8c:230,-230(230.000000)
804:Player,BR:0cc/cr876f:6dTc,2d6c|/5c9sAh:-100,100(-100.000000)
805:BR,Player:0r300c/r1741f:4s4h,8s8h|/9dQdAd:400,-400(400.000000)
806:Player,BR:0cr200c/cr2627f:ThAc,6sJs|/4h9sKc:-300,300(-300.000000)
807:BR,Player:0r130c/r1001r2472r2472r10858f:5cJc,4d5h|/2c3s6d:-6175,6175(-6175.000000)
808:Player,BR:0cc/cr876f:2d3c,3s5c|/6h9cAh:-100,100(-100.000000)
809:BR,Player:0r130c/r1001f:2d4h,7cQd|/3c9hTh:230,-230(230.000000)
810:Player,BR:0cc/cr876c/r584f:6d8s,3c6s|/7h8h8c/4h:976,-976(976.000000)
811:BR,Player:0r200c/r1306f:4c5h,9s9h|/6hQdKh:300,-300(300.000000)
812:Player,BR:0cc/cr435c/r305c/r420c:7cQd,2dTd|/3s4hQs/9d/Ad:1260,-1260(491.263541)
813:BR,Player:0f:2hJd,3c6h|:50,-50(50.000000)
814:Player,BR:0cr600c/r910r7009c/cc/r11381f:7cQc,8dTc|/2c6d9c/8s/5c:8619,-8619(8619.000000)
815:BR,Player:0r200c/r1306f:2cJh,7sQd|/7cKdAc:300,-300(300.000000)
816:Player,BR:0cr300c/r520r4005r14395f:KdAd,4dTd|/2dThAs:4925,-4925(4925.000000)
817:BR,Player:0r130c/r1001f:2d4h,7cJs|/5c6c9s:230,-230(230.000000)
818:Player,BR:0cc/cr435f:2hTd,3hAh|/7dJcQc:-100,100(-100.000000)
819:BR,Player:0r200c/r2627f:TdJc,8sKh|/4d5s8c:300,-300(300.000000)
820:Player,BR:0cr200c/cr1306c/r914f:9hAh,8s8c|/7cJdAs/2c:1606,-1606(1606.000000)
821:BR,Player:0cc/r761c/cc/cr1239c:4sAc,JhQd|/2cThAd/6d/6s:2100,-2100(135.916941)
822:Player,BR:0cc/cr876f:6cTd,7s9d|/2c4sQd:-100,100(-100.000000)
823:BR,Player:0f:6h9d,2s8d|:50,-50(50.000000)
824:Player,BR:0cc/cr124f:2s9h,8sTd|/6hTcQs:-100,100(-100.000000)
825:BR,Player:0r130c/r871c/cc/cc:TdAh,KhKd|/7s8dAd/4s/7h:1101,-1101(1083.826545)
826:Player,BR:0cc/cr876f:2h5c,5dAc|/7h8cJs:-100,100(-100.000000)
827:BR,Player:0f:JhKs,2c8h|:50,-50(50.000000)
828:Player,BR:0cr200c/cr1306f:QcAc,TcJc|/2s7d9d:-300,300(-300.000000)
829:BR,Player:0r130c/r1001f:4d9h,JsKh|/2d6sAh:230,-230(230.000000)
830:Player,BR:0cc/cr216f:6sQd,5cQc|/2s5d9c:-100,100(-100.000000)
831:BR,Player:0r130c/r2014f:7hAh,5h9s|/4s5dTs:230,-230(230.000000)
832:Player,BR:0cc/cr876f:3c7h,5d7d|/2h2c9c:-100,100(-100.000000)
833:BR,Player:0r130c/r2014f:5s7c,5cTc|/9cThJd:230,-230(230.000000)
834:Player,BR:0cc/cr435f:JdKc,JcKd|/3d4sAh:-100,100(-100.000000)
835:BR,Player:0cc/r3080f:QdAs,3s6d|/2c3h9s:100,-100(100.000000)
836:Player,BR:0cc/cr761c/cc/r1939f:2c5h,JhAh|/4sThAd/Qs/3s:861,-861(861.000000)
837:BR,Player:0r130c/r142c/cc/cr421f:6d7s,7h9s|/7dTcQh/3s/4h:-372,372(-372.000000)
838:Player,BR:0cc/cr124f:3h9d,4s5d|/4cJsJh:-100,100(-100.000000)
839:BR,Player:0r130c/r1001f:5s9h,7d8h|/4h4dQh:230,-230(230.000000)
840:Player,BR:0cc/cr876f:3c8h,QdKc|/3h5hTd:-100,100(-100.000000)
841:BR,Player:0f:5d8c,3h7s|:50,-50(50.000000)
842:Player,BR:0cr600c/cr3047r15853f:4s5h,2cJc|/4d6h7c:3747,-3747(3747.000000)
843:BR,Player:0r200c/r371c/cc/cr709c:5dAd,5c7c|/3c9h9d/6d/6c:1380,-1380(-153.269787)
844:Player,BR:0cc/cr876f:4sQc,9dAd|/3h5c6s:-100,100(-100.000000)
845:BR,Player:0r200c/r2284f:KhAs,4sAh|/7d9sKd:300,-300(300.000000)
846:Player,BR:0cr300c/cr1741f:4h8h,4d7s|/2sKcAc:-400,400(-400.000000)
847:BR,Player:0r200c/r2627f:TdKs,8d9s|/6dJhAc:300,-300(300.000000)
848:Player,BR:0cr130c/r299r753f:7s8c,2cKs|/2s3s4h:-529,529(-529.000000)
849:BR,Player:0f:7sAh,2hJc|:50,-50(50.000000)
850:Player,BR:0cc/cr379c/cc/cc:2s7s,4cKc|/2c4d9s/6c/Jd:-479,479(-216.935650)
851:BR,Player:0r130c/r2014f:QcAh,6dQh|/3s5d7h:230,-230(230.000000)
852:Player,BR:0cr300c/cr3046f:TsAh,8h9h|/5d7h8s:-400,400(-400.000000)
853:BR,Player:0f:QdKc,2cTs|:50,-50(50.000000)
854:Player,BR:0cc/cr3080f:3d9h,7dTs|/2c8cJh:-100,100(-100.000000)
855:BR,Player:0r130c/r1001r2472r5270f:4sTc,TsQc|/3c9cJc:3703,-3703(3703.000000)
856:Player,BR:0cr600c/cr19300f:8hKc,4d5h|/2c3sAc:-700,700(-700.000000)
857:BR,Player:0f:4hTh,2s5c|:50,-50(50.000000)
858:Player,BR:0cr200c/cr2627f:7c8h,3hAc|/4cJcQd:-300,300(-300.000000)
859:BR,Player:0r130c/cr299r299c/cr1605f:6hKh,4c9c|/4s4d8c/2c:-828,828(-828.000000)
860:Player,BR:0cc/cr435f:5sTs,2dTh|/3c5dKc:-100,100(-100.000000)
861:BR,Player:0r300c/r3503f:2d8c,7hJc|/6cThJh:400,-400(400.000000)
862:Player,BR:0cc/cr1761f:4sQs,9hTd|/3h8dAh:-100,100(-100.000000)
863:BR,Player:0r130c/r871f:3cJh,QcAd|/2h4hJd:230,-230(230.000000)
864:Player,BR:0cc/cr876f:8d9h,TsJh|/2h6s9s:-100,100(-100.000000)
865:BR,Player:0r130c/r327c/cc/cr1513c:3h6s,JcAh|/5dThQd/3c/Ad:-2070,2070(-483.743463)
866:Player,BR:0cc/cr435f:8hTc,3d9d|/6h6d7d:-100,100(-100.000000)
867:BR,Player:0r130c/r1001f:5d8c,7sQs|/3d3cKh:230,-230(230.000000)
868:Player,BR:0cr130c/r299r753f:QcKc,2s3c|/6sJsKs:-529,529(-529.000000)
869:BR,Player:0r200c/r140c/cc/cc:TsAc,7cJc|/2s7d9d/Tc/2h:440,-440(440.000000)
870:Player,BR:0cc/cr124c/cc/cc:2d5h,3d8h|/2c3sKh/Ks/8d:-224,224(-191.359307)
871:BR,Player:0r130c/cr299r4632f:9sQh,4cQs|/3c4hKs:529,-529(529.000000)
872:Player,BR:0cc/cr1532f:4sAh,9s9h|/2s6h8c:-100,100(-100.000000)
873:BR,Player:0r130c/r4051f:6d9c,9sQc|/2hQsKc:230,-230(230.000000)
874:Player,BR:0cc/cr876f:4d5c,5s7c|/6h7h8h:-100,100(-100.000000)
875:BR,Player:0r130c/r19770f:3sKh,4c5d|/3c4sKd:230,-230(230.000000)
876:Player,BR:0cc/cr876f:8sAc,3h3d|/5d6hKs:-100,100(-100.000000)
877:BR,Player:0f:7sJd,2h3d|:50,-50(50.000000)
878:Player,BR:0cc/cr1761c/cc/r3429f:8h9c,4d7d|/TcJcQc/Th/7s:1861,-1861(1861.000000)
879:BR,Player:0r130c/r327c/cc/cc:8dTd,QsKd|/2s7sQh/Ad/Th:-557,557(50.047675)
880:Player,BR:0cr300c/cr3503f:7cQd,6h7h|/2s4cJh:-400,400(-400.000000)
881:BR,Player:0r130c/r285c/cc/cr543c:KsAd,8sJs|/5cQsQc/4h/Jc:-1058,1058(52.598727)
882:Player,BR:0cc/cr435f:5sTc,3h8s|/2h5h6h:-100,100(-100.000000)
883:BR,Player:0r130c/r163c/cr297c/cr1380f:3h6c,QsKh|/3d8cQh/8s/2d:-690,690(-690.000000)
884:Player,BR:0cr300c/cr3503f:7c8h,4s5h|/5c8dTh:-400,400(-400.000000)
885:BR,Player:0r130c/r1001f:6c7d,JcQh|/4s6d8s:230,-230(230.000000)
886:Player,BR:0cc/cr876f:7dAs,8sTh|/3s5hAh:-100,100(-100.000000)
887:BR,Player:0r130c/r2014r9716f:9hAs,KsKc|/3h6hQc:-2244,2244(-2244.000000)
888:Player,BR:0cr600c/cr3047f:QsAh,QcAs|/2c9dTs:-700,700(-700.000000)
889:BR,Player:0r130c/r2014f:6d6c,2h5h|/3d7cAd:230,-230(230.000000)
890:Player,BR:0cr300c/cr1741f:9hTh,7dKh|/TcJdAd:-400,400(-400.000000)
891:BR,Player:0cc/r435f:3d5s,2cKd|/6d7h9c:100,-100(100.000000)
892:Player,BR:0cc/cr435f:4dJd,ThKh|/6s8sAd:-100,100(-100.000000)
893:BR,Player:0r130c/r2014f:3cQh,2c6c|/3d9dAs:230,-230(230.000000)
894:Player,BR:0cc/cr876f:4c7h,3h6d|/7cTcJd:-100,100(-100.000000)
895:BR,Player:0cc/r124f:QcKd,3cTs|/5hKcAd:100,-100(100.000000)
896:Player,BR:0cr600c/cr866f:7sTs,4sAd|/2cJcAh:-700,700(-700.000000)
897:BR,Player:0r200c/r1136c/cr364c/cc:5cJc,6cKs|/4s4d5h/9s/6h:-1800,1800(-72.227706)
898:Player,BR:0cc/cr379c/cc/cc:8cTs,6h9s|/3c7c9h/Kc/6d:479,-479(-368.938550)
899:BR,Player:0r130c/r285f:9hAh,4s6d|/7s9sQd:230,-230(230.000000)
900:Player,BR:0cc/cr124c/cc/r100c:6cTs,JcKh|/6dJdQs/Ad/2d:-324,324(175.519490)
901:BR,Player:0r200c/r1306f:4d9s,8cKc|/4s6d7c:300,-300(300.000000)
902:Player,BR:0cc/cr876f:2d9s,QhKc|/5h8cTs:-100,100(-100.000000)
903:BR,Player:0cc/r100c/cc/cr260c:2d7c,KsKc|/2s5dJs/5h/6d:-460,460(-167.947511)
904:Player,BR:0cr600c/cr996f:5sAc,4dTd|/2h8hJh:-700,700(-700.000000)
905:BR,Player:0r130c/r1001f:6dJd,5d7d|/5c8cKc:230,-230(230.000000)
906:Player,BR:0cc/cr1761f:2cJh,7sQd|/4d8hAd:-100,100(-100.000000)
907:BR,Player:0r200c/r2627f:4sJc,6sKd|/2s9s9h:300,-300(300.000000)
908:Player,BR:0cc/cr379c/cc/cc:4sAh,7d9h|/5d9cAc/7c/2c:-479,479(-52.477150)
909:BR,Player:0r200c/r140c/cr910c/cc:QcKh,TdAh|/2d7sAd/Js/5d:-1350,1350(-159.307805)
910:Player,BR:0cr600c/cr186r954r2619f:4cQc,4sTd|/TcKsAd:-1840,1840(-1840.000000)
911:BR,Player:0r130c/r1001c/cc/cr2472c:6c8s,4h8h|/3s9hQh/Ts/8c:0,-0(-1008.483608)
912:Player,BR:0cc/cr379f:ThKs,KcAc|/2c4dAd:-100,100(-100.000000)
913:BR,Player:0r130c/r498r859r1964f:5c9s,3sJh|/5hAsAd:1587,-1587(1587.000000)
914:Player,BR:0cr200c/cr747c/cc/r1713c:TsJh,2h3h|/2s8dQc/Ks/2d:-2760,2760(-2289.595629)
915:BR,Player:0cc/r876f:2h6c,3dQc|/7dAhAd:100,-100(100.000000)
916:Player,BR:0cr300c/cr3503f:7cTc,3sKd|/3h6sJs:-400,400(-400.000000)
917:BR,Player:0r300c/r1514c/cc/cc:6dJs,4cJd|/2s2cJh/Kh/Kd:1914,-1914(289.966392)
918:Player,BR:0cc/cr435f:4d9s,6dTh|/JhJcAs:-100,100(-100.000000)
919:BR,Player:0cc/r100c/cc/cr400c:2c4h,7hKs|/2d8dQc/Jh/Th:600,-600(-112.182286)
920:Player,BR:0cc/cr379c/r121c/cc:4dAc,2sKc|/2h2c7h/6d/Qh:-600,600(-562.560517)
921:BR,Player:0cc/r761f:KhAd,8d9h|/5sTdKd:100,-100(100.000000)
922:Player,BR:0cr200c/cr1306c/cc/r6794f:9hAh,ThKs|/6h8dAs/7h/4h:1606,-1606(1606.000000)
923:BR,Player:0f:4cQs,2c3h|:50,-50(50.000000)
924:Player,BR:0cc/cr124c/cc/r100f:9sJh,5sQs|/5hJdAh/3c/2h:224,-224(224.000000)
925:BR,Player:0f:KdKc,2c9s|:50,-50(50.000000)
926:Player,BR:0cc/cr1532c/cc/r1358c:3sQs,2dTc|/2c7sTs/Ac/9h:-2990,2990(-2437.641861)
927:BR,Player:0r130c/r2014f:TcJc,6dTd|/4dKhAd:230,-230(230.000000)
928:Player,BR:0cr300c/cr1741f:2dTd,7c8c|/4s9hQs:-400,400(-400.000000)
929:BR,Player:0cc/r124r236c/cr598f:5s5d,ThJc|/3h7hJs/4d:-460,460(-460.000000)
930:Player,BR:0cc/cr100c/cc/cc:9dJc,6hKh|/3h9cAs/8s/4h:200,-200(124.373566)
931:BR,Player:0r200c/r19700f:7s7c,4d6s|/2s3h7d:300,-300(300.000000)
932:Player,BR:0cc/cr1761f:TsJd,8sTd|/8d9dJh:-100,100(-100.000000)
933:BR,Player:0r200c/r2627c/cc/cr1753f:4c7d,ThJh|/4d5h6h/Ts/Kh:-2927,2927(-2927.000000)
934:Player,BR:0cr300c/cr1741f:2cJc,4hKd|/6dJsQh:-400,400(-400.000000)
935:BR,Player:0cc/r435f:3cTd,7sJh|/6sQcAc:100,-100(100.000000)
936:Player,BR:0cc/cr379f:3s7d,9dKh|/2c3d9c:-100,100(-100.000000)
937:BR,Player:0r130c/r1001f:TcAh,TdKh|/5c7cJd:230,-230(230.000000)
938:Player,BR:0cr300c/cr1741c/cc/r2059f:JhJd,4h6s|/5h5cAd/Ah/3s:2141,-2141(2141.000000)
939:BR,Player:0cc/r124f:5h7d,4d8h|/2h7cQs:100,-100(100.000000)
940:Player,BR:0cc/cr3080f:2cQd,6c9h|/7c8sKc:-100,100(-100.000000)
941:BR,Player:0r130c/r2014c/cc/cc:6c7c,4hAc|/2c3s8h/7d/2d:2244,-2244(449.969781)
942:Player,BR:0cc/cr876c/r584c/r780c:9cTs,ThKs|/6c7dQs/Td/As:-2340,2340(300.288689)
943:BR,Player:0r130c/cc/cc/cc:5dTd,8sQh|/4sJcKh/9c/Ac:-230,230(-230.000000)
944:Player,BR:0cc/cr761f:4hTc,7c8c|/2c6s7h:-100,100(-100.000000)
945:BR,Player:0r130c/r1001f:3s6h,9sAd|/7h9hJs:230,-230(230.000000)
946:Player,BR:0cr300c/cr569c/cc/r831f:5s8s,3s7s|/3c8h8c/Kh/6s:969,-969(969.000000)
947:BR,Player:0cc/r435f:8dTs,8s9h|/5hJsAc:100,-100(100.000000)
948:Player,BR:0cr300c/cr1741c/r1219c/cc:8sJc,6sTs|/8dTcJh/4h/As:3360,-3360(1441.447636)
949:BR,Player:0r130c/r2014f:4s5h,7sKc|/9dTcQc:230,-230(230.000000)
950:Player,BR:0cr200c/cr1306c/r914f:3s6d,8sTs|/3h4d6s/4h:1606,-1606(1606.000000)
951:BR,Player:0r130c/r1001f:4h9h,3sAs|/3d4c8d:230,-230(230.000000)
952:Player,BR:0cc/cr1761f:8sAc,6dKs|/7c9hQs:-100,100(-100.000000)
953:BR,Player:0r130c/r2014f:6hTs,2s9s|/3cJdKd:230,-230(230.000000)
954:Player,BR:0cr300c/r520r4005f:QcAh,6cQd|/7s8hQs:-920,920(-920.000000)
955:BR,Player:0cc/r216c/cc/cr584c:8hKh,TsKc|/8s9hAc/Td/Kd:-900,900(319.624062)
956:Player,BR:0cc/cr124f:4h5c,9cQh|/3h9sJc:-100,100(-100.000000)
957:BR,Player:0r200c/r2627c/cc/cc:4d8d,JhAd|/2sTdAs/4s/Kh:-2927,2927(-2837.893578)
958:Player,BR:0cr130c/r299r2003c/r642c/r4126f:4sQs,4h5c|/4d4c7d/Jd/3h:3174,-3174(3174.000000)
959:BR,Player:0r130c/r1001f:3s8d,7cAd|/4h9cTc:230,-230(230.000000)
960:Player,BR:0cr200c/r390r1718f:7d9s,6sQs|/3hJcAd:-690,690(-690.000000)
961:BR,Player:0r130c/r2014c/cc/cc:6sAh,7dAd|/4d5hTd/9s/4c:0,-0(-1236.058224)
962:Player,BR:0cc/cr876c/r584c/cc:JdQs,5sAh|/2s9hKc/3d/9s:-1560,1560(-366.840126)
963:BR,Player:0r130c/r1001f:5dTh,TsJd|/4hJhKh:230,-230(230.000000)
964:Player,BR:0cc/cr435f:3h6h,9dQs|/2s7cJh:-100,100(-100.000000)
965:BR,Player:0r300c/r1741f:3h5h,9hKd|/JdQhQd:400,-400(400.000000)
966:Player,BR:0cc/cr435c/r305f:8hQs,9hAc|/3cTsQd/6s:535,-535(535.000000)
967:BR,Player:0r130c/r1001f:5c6h,5sQs|/3h8dTs:230,-230(230.000000)
968:Player,BR:0cc/cr876f:4d6s,3h8d|/9dTsQs:-100,100(-100.000000)
969:BR,Player:0r130c/r573f:4d7h,6hAc|/5c8h8d:230,-230(230.000000)
970:Player,BR:0cc/cr876f:2c8d,5cKd|/3c8hTs:-100,100(-100.000000)
971:BR,Player:0r130c/r1001f:2sQd,8cQc|/2d3h4h:230,-230(230.000000)
972:Player,BR:0cc/cr435f:9cKd,7dKs|/8s9hTd:-100,100(-100.000000)
973:BR,Player:0r130c/r1001f:3d7d,6dKd|/4d8s8d:230,-230(230.000000)
974:Player,BR:0cc/cr1761f:7sQd,3h4h|/2c8dTc:-100,100(-100.000000)
975:BR,Player:0r130c/r285c/cr1325f:7hJd,8h8d|/2c7cAd/As:-515,515(-515.000000)
976:Player,BR:0cc/cr1761f:2h4s,2d5d|/5h7sJs:-100,100(-100.000000)
977:BR,Player:0r200c/r2284c/cc/cc:5c8c,KhAh|/4d5h8h/Js/Kc:2584,-2584(2584.000000)
978:Player,BR:0cc/cr124c/cc/r376c:2hKh,QsAs|/4s4d9h/5d/Kc:600,-600(161.954259)
979:BR,Player:0r200c/r1306f:4h6h,7cAh|/3d5dTd:300,-300(300.000000)
980:Player,BR:0cc/cr19900f:6cAs,2d6h|/3d4c5h:-100,100(-100.000000)
981:BR,Player:0r130c/r123c/cc/cc:8dAc,9dJd|/2c6sKh/Ts/Kc:353,-353(-95.305791)
982:Player,BR:0cc/cr124c/cc/cc:4hAd,8cTc|/2d8sQh/5h/9c:-224,224(-176.811985)
983:BR,Player:0r130c/r2014f:4s5s,3hAh|/8d8cAc:230,-230(230.000000)
984:Player,BR:0cc/cr124c/cc/r576c:6hKd,3dJc|/5cJdQd/8h/Jh:-800,800(-800.000000)
985:BR,Player:0r130c/r871f:QsAd,4s4h|/JdQdAc:230,-230(230.000000)
986:Player,BR:0cc/cr3080f:5dQc,6sJd|/8c9dKh:-100,100(-100.000000)
987:BR,Player:0cc/r379f:JsAd,4d9s|/8sTdJc:100,-100(100.000000)
988:Player,BR:0cr600c/cr3047f:TsAc,8sAd|/8dTdJs:-700,700(-700.000000)
989:BR,Player:0r130c/r2014c/cr2241c/cc:5s5h,9cAd|/7h9dKd/Ks/3h:-4485,4485(803.158067)
990:Player,BR:0cc/cr435f:TdQh,8cTh|/3h4dKs:-100,100(-100.000000)
991:BR,Player:0r130c/r2014f:8cQh,8d9c|/2d5hKh:230,-230(230.000000)
992:Player,BR:0cc/cr876f:8sQc,3d4d|/5sQsAs:-100,100(-100.000000)
993:BR,Player:0r130c/r3522f:8h9d,5hJc|/5d8d9c:230,-230(230.000000)
994:Player,BR:0cr200c/cr2627f:7sKh,2sJh|/2d6dTs:-300,300(-300.000000)
995:BR,Player:0f:6h7c,3c9s|:50,-50(50.000000)
996:Player,BR:0cc/cr124c/cc/cc:2s8c,4dTh|/8sTcAs/Kd/3d:-224,224(-133.838256)
997:BR,Player:0r200c/r1306f:2s5d,4hQc|/6hTcAs:300,-300(300.000000)
998:Player,BR:0cr600c/cr3047c/r3603f:5sAc,4d7c|/2d5h5c/Qd:3747,-3747(3747.000000)
999:BR,Player:0r130c/r871c/cc/cr279f:4d9d,QhAc|/4s9sQc/Td/Ts:-1101,1101(-1101.000000)
1000:Player,BR:0cc/cr379f:2s6c,5d7d|/5s7hQh:-100,100(-100.000000)
RAW BR STATS: n=1000, sum=5606.000000, sum_sq=2613320584.000000, vr_sum=19024.082683, vr_sum_sq=2026142257.858577
BR STATS: 5.606000(100.195866), 19.024083(88.216992)
RESULTS
1)BR: 5606
2)Player: -5606
