In config file: GAME_DEF=game_def.fullholdem
In config file: ACTIONS_R0=C
In config file: ACTIONS_R1=F,C,0.05,0.0575,0.066125,0.07604375,0.087450313,0.100567859,0.115653038,0.133000994,0.152951143,0.175893815,0.202277887,0.23261957,0.267512505,0.307639381,0.353785288,0.406853081,0.467881044,0.5380632,0.61877268,0.711588582,0.81832687,0.9410759,1.082237285,1.244572878,1.43125881,1.645947631,1.892839776,2.176765742,2.503280603,2.878772694,3.310588598,3.807176888,4.378253421,5.034991434,5.790240149,6.658776171,7.657592597,8.806231486,10.12716621,11.64624114,13.39317731,15.40215391,17.71247699,20.36934854,23.42475083,26.93846345,30.97923297,35.62611791,40.9700356,47.11554094,54.18287208,62.31030289,71.65684832,82.40537557,94.76618191,A
In config file: ACTIONS_R2=F,C
In config file: ACTIONS_R3=F,C
Loading player: rgbr_nl_cprg.so
Player args: /home/viliam/cprg/project_uoapoker/trunk/src/c/meta_player.so /home/viliam/cprg/project_uoapoker/trunk/src/c/acpc14.map
Using seed 30.
1:BR,Player:0r200c/r2627f:3hKh,5s6s|/2d4hQs:300,-300(300.000000)
2:Player,BR:0cc/cr379f:8s9h,6hKh|/2dTdKd:-100,100(-100.000000)
3:BR,Player:0r130c/r1001f:7c8s,5h8d|/5dTcJs:230,-230(230.000000)
4:Player,BR:0cr300c/cr1741f:5s6h,2h5d|/9dKhAd:-400,400(-400.000000)
5:BR,Player:0cc/r761f:KcAh,4dJd|/7cQcKs:100,-100(100.000000)
6:Player,BR:0cc/cr876f:2c6s,JsKd|/6c9dQh:-100,100(-100.000000)
7:BR,Player:0r130c/r2014f:TcKd,2sAh|/6d9hQc:230,-230(230.000000)
8:Player,BR:0cc/cr379c/cc/cc:2h5h,8s8c|/4s6sAh/5d/Qs:-479,479(-321.809954)
9:BR,Player:0cc/r3080f:4dAd,4s5c|/5s6sKd:100,-100(100.000000)
10:Player,BR:0cr300c/r520r4005f:8s9h,2hKh|/2d4d7s:-920,920(-920.000000)
11:BR,Player:0f:3dAc,2h6s|:50,-50(50.000000)
12:Player,BR:0cc/cr876f:2sQh,6dJs|/5s7d9h:-100,100(-100.000000)
13:BR,Player:0r200c/r1306c/cr3224f:5s6d,5h9s|/8cQsQd/8h:-1606,1606(-1606.000000)
14:Player,BR:0cr200c/cr1306c/r914f:QsQc,3dQd|/6h7hTd/3h:1606,-1606(1606.000000)
15:BR,Player:0r130c/r327f:7hJc,5sJh|/4hKcAh:230,-230(230.000000)
16:Player,BR:0cc/cr876f:3cAd,QcKd|/2c3d6s:-100,100(-100.000000)
17:BR,Player:0r130c/r2014f:6sTc,5d8d|/4s7cJc:230,-230(230.000000)
18:Player,BR:0cc/r130r573c/r301c/r552f:4s7h,3hKs|/6h8cTs/5c/6d:1104,-1104(1104.000000)
19:BR,Player:0r200c/r19700f:7cKc,4dKs|/7s7dQc:300,-300(300.000000)
20:Player,BR:0cr200c/cr1306f:QdKd,2c9c|/3h6h6c:-300,300(-300.000000)
21:BR,Player:0cc/r1761f:6c9s,8s9h|/9dThAc:100,-100(100.000000)
22:Player,BR:0cr200c/r390r12153f:8hKh,9sJc|/2h7sQd:-690,690(-690.000000)
23:BR,Player:0cc/r435f:5s6s,6c9s|/2c4sJc:100,-100(100.000000)
24:Player,BR:0cr300c/cr3046f:7cTs,QsQc|/5d8cJh:-400,400(-400.000000)
25:BR,Player:0r130c/r2014f:3cQc,7dJh|/2s8cAc:230,-230(230.000000)
26:Player,BR:0cc/cr435c/cc/r515f:9dAs,2dTc|/3s3dAd/3h/2h:535,-535(535.000000)
27:BR,Player:0r200c/r371r709r709f:5d7d,4d6d|/3s7sJc:1380,-1380(1380.000000)
28:Player,BR:0cr300c/r800r4543c/cc/r13457f:3s6s,JsJh|/4d5c9s/Qd/7d:5743,-5743(5743.000000)
29:BR,Player:0r200c/r2627f:2cQd,TsAs|/3c5sKd:300,-300(300.000000)
30:Player,BR:0cr130c/cr2014f:4sJs,7hQs|/4c6d7c:-230,230(-230.000000)
31:BR,Player:0cc/r876f:TcAs,8cQs|/3c6h7s:100,-100(100.000000)
32:Player,BR:0cc/cr876f:5sKs,4hAs|/7cTcJs:-100,100(-100.000000)
33:BR,Player:0r200c/r1306f:5h6d,3h4c|/2s5sQs:300,-300(300.000000)
34:Player,BR:0cc/cr1761f:3hTs,2d3s|/8h9cQs:-100,100(-100.000000)
35:BR,Player:0r200c/r2627f:3c4c,7sJd|/9cTdAd:300,-300(300.000000)
36:Player,BR:0cc/cr1761f:ThJc,9dKd|/4c7dAs:-100,100(-100.000000)
37:BR,Player:0r200c/r1306f:3hKs,3sKd|/2h6s9s:300,-300(300.000000)
38:Player,BR:0cr200c/r390r3004f:9dQd,2d4c|/3h6h8h:-690,690(-690.000000)
39:BR,Player:0r200c/r212c/cr163c/cc:7c9c,6cTs|/6h9hAd/Th/Ah:-675,675(-496.850171)
40:Player,BR:0cr200c/cr19700f:QhKd,3c4c|/2c5h6d:-300,300(-300.000000)
41:BR,Player:0r130c/r2014f:5d5c,3c9c|/6d9dTc:230,-230(230.000000)
42:Player,BR:0cc/cr124c/cc/cc:4d9d,TcQh|/4sQcKc/6s/7s:-224,224(-156.950715)
43:BR,Player:0r130c/r2014f:4dJc,6sAd|/5d6cTh:230,-230(230.000000)
44:Player,BR:0cr300c/cr1741f:2h9c,4cQd|/2sKsAs:-400,400(-400.000000)
45:BR,Player:0f:QhKh,3s8c|:50,-50(50.000000)
46:Player,BR:0cr300c/r520r2290f:KhAs,QcAc|/4h4cTd:-920,920(-920.000000)
47:BR,Player:0r130c/r2014f:2h3s,4d8d|/9hTcJh:230,-230(230.000000)
48:Player,BR:0cr300c/r520r520f:9hJc,8s9s|/4h6hKd:-920,920(-920.000000)
49:BR,Player:0r130c/r19770f:2d4c,7dKc|/2h2c7s:230,-230(230.000000)
50:Player,BR:0cc/cr379c/cc/r721f:6cJc,5c9s|/3c4s9c/8d/7s:479,-479(479.000000)
51:BR,Player:0cc/r19900f:ThJs,6d9c|/6cJhJd:100,-100(100.000000)
52:Player,BR:0cc/cr3080f:4dKs,6h8d|/2c5s9h:-100,100(-100.000000)
53:BR,Player:0f:7dTh,2hTc|:50,-50(50.000000)
54:Player,BR:0cc/cr1761f:7dKc,6cJc|/TsKhAd:-100,100(-100.000000)
55:BR,Player:0r130c/r327r1030r1030r4683f:2c5d,6sTc|/3sTdQs:-2617,2617(-2617.000000)
56:Player,BR:0cr200c/r390r390f:5s6s,9cAc|/5dQsAd:-690,690(-690.000000)
57:BR,Player:0r130c/r2014c/cr4633f:3dJc,AsAh|/5cQsAd/7d:-2244,2244(-2244.000000)
58:Player,BR:0cr300c/cr569c/cc/r2631f:9sQs,3c8s|/JcKdAs/3d/Js:969,-969(969.000000)
59:BR,Player:0r130c/r163c/cr297c/cc:2dJh,4sAh|/2s7dKs/Js/8s:-690,690(389.109810)
60:Player,BR:0cr200c/cr1306f:ThTd,KsAh|/7d9d9c:-300,300(-300.000000)
61:BR,Player:0r200c/r371r709r3435r7881f:8sQs,QhQc|/3c8h9h:-4815,4815(-4815.000000)
62:Player,BR:0cr300c/r520r520f:5s7s,2dTc|/2c8dJs:-920,920(-920.000000)
63:BR,Player:0r200c/r2284f:8dKh,3c7c|/3h9hKs:300,-300(300.000000)
64:Player,BR:0cc/cr435c/r305f:9hQs,6hKs|/4d8h9d/Qd:535,-535(535.000000)
65:BR,Player:0r300c/r3503f:9cKd,8cJc|/2s3hJs:400,-400(400.000000)
66:Player,BR:0cr300c/cr569r7431f:4s6s,QsAd|/2s3s6h:969,-969(969.000000)
67:BR,Player:0f:7cAd,2s8d|:50,-50(50.000000)
68:Player,BR:0cc/cr876f:9sTd,4h7h|/2s3c6h:-100,100(-100.000000)
69:BR,Player:0f:3hJd,3c8s|:50,-50(50.000000)
70:Player,BR:0cc/cr1761f:4h8c,3d7d|/4sQhQc:-100,100(-100.000000)
71:BR,Player:0r200c/r371f:3h5c,5h8d|/3sKdKc:300,-300(300.000000)
72:Player,BR:0cr300c/cr1741c/r2059f:4cAc,5sTs|/7hKcAh/3s:2141,-2141(2141.000000)
73:BR,Player:0r130c/r1001f:6c8h,7hQc|/2d5d9h:230,-230(230.000000)
74:Player,BR:0cc/cr435f:4cQs,2dQc|/7s8d9s:-100,100(-100.000000)
75:BR,Player:0cc/r761c/cc/cc:9sKh,8dTh|/2s8h9d/7c/Ks:861,-861(861.000000)
76:Player,BR:0cc/cr1761f:8hAc,8sTc|/4sJdJc:-100,100(-100.000000)
77:BR,Player:0r130c/r2014r9716f:5cTs,JdAc|/3c9hJc:-2244,2244(-2244.000000)
78:Player,BR:0cr200c/r390r982f:JcAd,4d6h|/9hQsAh:-690,690(-690.000000)
79:BR,Player:0f:6sKc,2cTd|:50,-50(50.000000)
80:Player,BR:0cc/cr216c/cc/cc:3sQd,7d8h|/5d8dAh/Ks/6h:-316,316(-232.211459)
81:BR,Player:0r130c/r1001f:2hAd,6h8c|/6d9dJs:230,-230(230.000000)
82:Player,BR:0cc/cr761f:5sKd,KsAc|/3c6sAs:-100,100(-100.000000)
83:BR,Player:0cc/r142f:9cTd,4cQc|/5hKcAs:100,-100(100.000000)
84:Player,BR:0cc/cr876f:2d3c,3sJc|/3h6d9d:-100,100(-100.000000)
85:BR,Player:0r130c/r1751f:JsQc,5dKh|/4hQsKs:230,-230(230.000000)
86:Player,BR:0cc/cr876f:4sAc,7dKh|/7h8d9h:-100,100(-100.000000)
87:BR,Player:0r200c/r1136f:ThQh,4cAs|/9dTcQd:300,-300(300.000000)
88:Player,BR:0cc/cr876f:6c8d,9hTs|/6hJdQd:-100,100(-100.000000)
89:BR,Player:0cc/r124c/cc/cc:TcQh,4sJc|/TsKsAs/4d/7h:224,-224(222.315492)
90:Player,BR:0cr300c/cr1741f:7hTd,2dKs|/2cQsAc:-400,400(-400.000000)
91:BR,Player:0r130c/r1001f:JdQs,6cTh|/3s3h4d:230,-230(230.000000)
92:Player,BR:0cc/cr435f:2s9d,7sKs|/3d6h9c:-100,100(-100.000000)
93:BR,Player:0f:2s9c,3s9d|:50,-50(50.000000)
94:Player,BR:0cc/cr435f:3hJc,8sTd|/2h7cQs:-100,100(-100.000000)
95:BR,Player:0r130c/r2014f:3cKc,8hJc|/4s6cQh:230,-230(230.000000)
96:Player,BR:0cr300c/cr1741f:8c9h,5hKh|/7c8hTs:-400,400(-400.000000)
97:BR,Player:0r300c/r1514c/cc/cr1766f:5cJc,JhAh|/2s2hJs/Ks/8s:-1914,1914(-1914.000000)
98:Player,BR:0cr300c/cr1741f:TsKd,2s9d|/7s8sTc:-400,400(-400.000000)
99:BR,Player:0r300c/r1741f:TdAs,8sKc|/5d9cQs:400,-400(400.000000)
100:Player,BR:0cr300c/r800r800c/cc/r880f:QhQd,9cKs|/2d8dTs/Ac/Jd:2000,-2000(2000.000000)
101:BR,Player:0cc/r876f:3h8s,2hQs|/4d5sAh:100,-100(100.000000)
102:Player,BR:0cr200c/cr747c/cc/r2553f:8sKd,2c7c|/6sKhAs/Th/8h:1047,-1047(1047.000000)
103:BR,Player:0r130c/r1001f:TdQs,5c7s|/4h4cJh:230,-230(230.000000)
104:Player,BR:0cc/cr876f:4cTh,5h9h|/7d8cTc:-100,100(-100.000000)
105:BR,Player:0cc/r876f:5h6h,7hJh|/9dQdAd:100,-100(100.000000)
106:Player,BR:0cr200c/cr747c/r393f:QdAs,3sJh|/2dTdKc/6c:1047,-1047(1047.000000)
107:BR,Player:0r200c/r1136f:6sAh,6cTs|/5d8cAs:300,-300(300.000000)
108:Player,BR:0cr300c/r520r4005f:7c8d,KsAc|/2d3d9c:-920,920(-920.000000)
109:BR,Player:0r200c/r1306f:5cAs,TdTc|/7d8hJd:300,-300(300.000000)
110:Player,BR:0cr300c/r1200f:5dKd,5c9h|/2h7dTd:400,-400(400.000000)
111:BR,Player:0r130c/r2014f:JcKc,6sJs|/6hTdAd:230,-230(230.000000)
112:Player,BR:0cr300c/r520r4005f:5d7h,9hAc|/4h6hJc:-920,920(-920.000000)
113:BR,Player:0cc/r435f:7c9d,4h7d|/2d3c8h:100,-100(100.000000)
114:Player,BR:0cc/cr876f:8dJh,4h7s|/9cKsAh:-100,100(-100.000000)
115:BR,Player:0r130c/r1001c/cc/cr3599f:7c9d,7dKd|/4s4hKc/5h/4d:-1231,1231(-1231.000000)
116:Player,BR:0cr200c/cr1306f:7hKh,2sJs|/2c4hQc:-300,300(-300.000000)
117:BR,Player:0f:9cJh,3d9s|:50,-50(50.000000)
118:Player,BR:0cr200c/cr1306f:TdKh,2cAh|/6s6h7h:-300,300(-300.000000)
119:BR,Player:0r200c/r2627c/cc/cc:7hTs,KdAs|/5h6sAd/9d/8s:2927,-2927(2927.000000)
120:Player,BR:0cc/cr876f:2sAc,TsAd|/2d5sJd:-100,100(-100.000000)
121:BR,Player:0r130c/r1001f:5d9d,6hQc|/2s3d7s:230,-230(230.000000)
122:Player,BR:0cc/cr876f:7sTc,5dJs|/4d6c8s:-100,100(-100.000000)
123:BR,Player:0r130c/r1001f:6c7c,8s9c|/4h4dTh:230,-230(230.000000)
124:Player,BR:0cr200c/r900r1708c/cc/r1412f:8h8c,3hKc|/2s5h7d/9c/7h:2908,-2908(2908.000000)
125:BR,Player:0f:5d6d,2h8d|:50,-50(50.000000)
126:Player,BR:0cr600c/cr3047f:QsKc,5cQc|/4h7dJc:-700,700(-700.000000)
127:BR,Player:0r200c/r2627f:9hKh,6s9d|/4cJcAd:300,-300(300.000000)
128:Player,BR:0cc/r300f:ThJs,4sQh|/6d8s9h:100,-100(100.000000)
129:BR,Player:0cc/r216c/cc/cc:9dTd,4dTs|/4c9hAd/3h/Kd:316,-316(271.238336)
130:Player,BR:0cc/cr1532f:4hAc,QsAs|/3sThKs:-100,100(-100.000000)
131:BR,Player:0r130c/r1001f:5cAd,9sQd|/2s2d6d:230,-230(230.000000)
132:Player,BR:0cc/cr100c/r100c/r600c:8cTd,2sAh|/7d9s9h/Qh/Kh:-900,900(-768.566846)
133:BR,Player:0r200c/r2627f:5c6h,JsKs|/3hTsKc:300,-300(300.000000)
134:Player,BR:0cc/cr876f:JhKs,2hTh|/4h4c6d:-100,100(-100.000000)
135:BR,Player:0r200c/r140r595r2576f:4hTc,2h3h|/8sJhAd:1035,-1035(1035.000000)
136:Player,BR:0cc/cr876f:8sQc,8dTc|/2h4dKh:-100,100(-100.000000)
137:BR,Player:0r130c/r871c/cr279c/cr2760f:7dKd,4cTc|/9cQdKc/6c/Qh:-1380,1380(-1380.000000)
138:Player,BR:0cc/cr100c/cc/cc:7cQc,JhAh|/3s3d7d/Kc/8h:200,-200(-17.448510)
139:BR,Player:0r130c/r2014f:9cTh,7d9d|/5h6d7h:230,-230(230.000000)
140:Player,BR:0cr200c/cr1136c/r100c/cc:2cJc,JsJh|/2h6cTh/3d/8h:-1536,1536(-851.176067)
141:BR,Player:0r130c/r163c/cr297c/cr897f:2c4c,9dTd|/2s9cQs/Jc/8d:-690,690(-690.000000)
142:Player,BR:0cc/cr761f:3cKc,3dJc|/4h7cJd:-100,100(-100.000000)
143:BR,Player:0r130c/r2014f:2c8d,6cTh|/3d6h9s:230,-230(230.000000)
144:Player,BR:0cc/cr3080f:3h9d,8hTs|/9hJhAd:-100,100(-100.000000)
145:BR,Player:0r130c/r1001f:2s4h,3s4s|/5h6s9h:230,-230(230.000000)
146:Player,BR:0cc/cr876f:3cKs,2hTh|/3h5d6c:-100,100(-100.000000)
147:BR,Player:0r130c/r327f:QsKd,5s8s|/9h9cAs:230,-230(230.000000)
148:Player,BR:0cc/cr435f:2d9s,5d7d|/8sJsQd:-100,100(-100.000000)
149:BR,Player:0f:8dKc,2s6c|:50,-50(50.000000)
150:Player,BR:0cr200c/cr1136f:5h9d,AdAc|/8hJsJc:-300,300(-300.000000)
151:BR,Player:0r130c/cr299r2303f:7hQc,6cKh|/3h3cTs:529,-529(529.000000)
152:Player,BR:0cc/cr1532f:4cJh,8c9s|/ThJcQh:-100,100(-100.000000)
153:BR,Player:0cc/r124f:3hAc,2hQd|/3d7s8c:100,-100(100.000000)
154:Player,BR:0cc/cr876f:3s6d,3d4c|/7dTcJd:-100,100(-100.000000)
155:BR,Player:0r200c/r371f:8cAh,6dTs|/2h2d7c:300,-300(300.000000)
156:Player,BR:0cc/cr876f:6dJc,9dJh|/2cThTc:-100,100(-100.000000)
157:BR,Player:0r130c/r4051f:8sQs,9hQd|/2d3s9s:230,-230(230.000000)
158:Player,BR:0cc/cr379f:6dTd,JsKs|/4c8hKh:-100,100(-100.000000)
159:BR,Player:0r130c/r2014f:8c9s,QsAs|/3h5hJs:230,-230(230.000000)
160:Player,BR:0cc/cr1761c/r899f:3dQd,7dKc|/8d9dQh/As:1861,-1861(1861.000000)
161:BR,Player:0r130c/r1001f:9hAc,9dTs|/3s4c5h:230,-230(230.000000)
162:Player,BR:0cr200c/cr427c/cc/r623f:8sQs,7s9h|/2hQcAd/Ks/Th:727,-727(727.000000)
163:BR,Player:0r130c/r1001f:2c7c,4cTh|/7dTsAd:230,-230(230.000000)
164:Player,BR:0cr130c/cr498c/r100c/r1656c:QhKh,7cAd|/3s7d8h/Kd/Qs:2484,-2484(-929.041930)
165:BR,Player:0r130c/r327c/cr478f:4s9h,3dJd|/6d8cJs/4h:-557,557(-557.000000)
166:Player,BR:0cr200c/r390r3004f:7d9d,4c7s|/3s3d5h:-690,690(-690.000000)
167:BR,Player:0r130c/r498f:3dJd,TsKs|/3c8h8d:230,-230(230.000000)
168:Player,BR:0cc/cr124c/cc/cc:3c4s,9h9c|/3sThKs/7d/8d:-224,224(-154.410278)
169:BR,Player:0f:QhAd,2h6d|:50,-50(50.000000)
170:Player,BR:0cr200c/r390r3004f:JdAs,9hKd|/2hQsQh:-690,690(-690.000000)
171:BR,Player:0r130c/r1001f:2s2h,4dJc|/8sQsAh:230,-230(230.000000)
172:Player,BR:0cc/cr1532f:3d8s,TcJc|/7c9cQd:-100,100(-100.000000)
173:BR,Player:0r130c/r285f:7dJc,TcQc|/4h6d7h:230,-230(230.000000)
174:Player,BR:0cc/cr19900f:8c9s,7dAc|/3d9hAs:-100,100(-100.000000)
175:BR,Player:0cc/r876f:8cTc,3h6s|/2s9hJs:100,-100(100.000000)
176:Player,BR:0cc/cr435f:8hQd,2c3s|/6c7sJh:-100,100(-100.000000)
177:BR,Player:0r130c/r2014f:5sKd,4dAs|/2s8d9d:230,-230(230.000000)
178:Player,BR:0cc/cr124f:5d7c,9sQs|/4c9cJh:-100,100(-100.000000)
179:BR,Player:0r130c/r2014c/cc/cr1344f:6cJh,AsAh|/7dTcKh/8d/Td:-2244,2244(-2244.000000)
180:Player,BR:0cr300c/cr1741f:TdKs,3hJh|/5s7dAs:-400,400(-400.000000)
181:BR,Player:0r130c/r1001f:4dTh,8h9c|/3s5s5d:230,-230(230.000000)
182:Player,BR:0cr300c/cr3503f:QcAd,QdKs|/4s9sTd:-400,400(-400.000000)
183:BR,Player:0r130c/r1001f:3sTh,7sJh|/8h8c9h:230,-230(230.000000)
184:Player,BR:0cc/cr435f:3s9c,TcAd|/2d5s7s:-100,100(-100.000000)
185:BR,Player:0f:JcQs,2c6d|:50,-50(50.000000)
186:Player,BR:0cr200c/r390r3004f:8sJh,5hQh|/3c9dJc:-690,690(-690.000000)
187:BR,Player:0r130c/r2014f:3d9c,6cKh|/2d2cJs:230,-230(230.000000)
188:Player,BR:0cc/cr435f:2c4h,6hAd|/2d9dJs:-100,100(-100.000000)
189:BR,Player:0cc/r3080f:QdKc,2cAs|/9cJhAh:100,-100(100.000000)
190:Player,BR:0cc/cr876f:9hJc,8hKs|/4d8dJd:-100,100(-100.000000)
191:BR,Player:0r200c/r2627f:8dAd,4h4c|/6d7sKs:300,-300(300.000000)
192:Player,BR:0cr300c/r520r4005f:3sAs,8sJc|/2h3cQd:-920,920(-920.000000)
193:BR,Player:0r130c/r163f:ThAh,7c9h|/2c4dJs:230,-230(230.000000)
194:Player,BR:0cr200c/cr2627c/cc/cc:JsKd,2c4d|/9sQhKc/9d/8s:2927,-2927(2927.000000)
195:BR,Player:0r130c/r1001f:KsAh,3cJh|/3s5s7d:230,-230(230.000000)
196:Player,BR:0cr300c/cr569c/r471f:QhAd,7cTs|/2h2cJd/4d:969,-969(969.000000)
197:BR,Player:0cc/r124c/cc/cr236f:2cAd,9d9c|/2h3sQh/3h/9h:-224,224(-224.000000)
198:Player,BR:0cc/cr1761f:4h6c,5s8c|/6h9hQs:-100,100(-100.000000)
199:BR,Player:0r130c/r285c/cr543c/cc:9s9c,5sKs|/2h3dKh/Js/2c:-1058,1058(235.845405)
200:Player,BR:0cc/cr876c/r584f:6d8c,2dJc|/7c8h8d/5s:976,-976(976.000000)
201:BR,Player:0r200c/r4595f:8dKd,5cTh|/6d7hKc:300,-300(300.000000)
202:Player,BR:0cr300c/r520r520c/cc/r2792f:7hJh,2dQc|/4h9dKh/Jd/Js:1440,-1440(1440.000000)
203:BR,Player:0r130c/r1001f:2hKs,7cJh|/4c9dAh:230,-230(230.000000)
204:Player,BR:0cc/cr876f:4s5h,2c6h|/4d6d8d:-100,100(-100.000000)
205:BR,Player:0r130c/r2014f:5sJh,6sQs|/2sJdQc:230,-230(230.000000)
206:Player,BR:0cr300c/r1200r1200c/cc/r4560f:QhKs,5s6h|/2s8cKd/Js/2h:2800,-2800(2800.000000)
207:BR,Player:0r130c/r1001f:4s8s,2h7h|/9cJsKs:230,-230(230.000000)
208:Player,BR:0cc/r130r4051f:7hAc,3s5h|/4c9dAd:-230,230(-230.000000)
209:BR,Player:0cc/r1761f:6sTs,2h6h|/8hJsJd:100,-100(100.000000)
210:Player,BR:0cr300c/cr3503f:3s8s,3hQc|/2d8d9h:-400,400(-400.000000)
211:BR,Player:0r300c/r3503f:5c9s,JhAs|/6sThKc:400,-400(400.000000)
212:Player,BR:0cr200c/cr4595c/cc/r100c:5s9c,8dQd|/5d9dQs/8s/7s:-4995,4995(-2323.777753)
213:BR,Player:0r130c/r871f:6hJh,8cTc|/4hTsJd:230,-230(230.000000)
214:Player,BR:0cc/cr876f:3sKs,6dJc|/4d8cTd:-100,100(-100.000000)
215:BR,Player:0r200c/r2627f:TsKc,4hAc|/4s5sQh:300,-300(300.000000)
216:Player,BR:0cr600c/cr495c/cc/cc:7hAc,3dTc|/3s5h6c/9h/5c:-1195,1195(-586.805028)
217:BR,Player:0f:9sQd,2s4h|:50,-50(50.000000)
218:Player,BR:0cr300c/cr3503c/cc/r16097c:3c8c,8d9c|/6cTsJc/9h/5h:-20000,20000(1654.638943)
219:BR,Player:0r130c/r1751f:QsQd,5c7s|/3d9dJc:230,-230(230.000000)
220:Player,BR:0cr200c/cr2627f:QdKs,4d6c|/4s5cTc:-300,300(-300.000000)
221:BR,Player:0r130c/r871f:5cJh,9cAs|/5s5hTc:230,-230(230.000000)
222:Player,BR:0cr300c/cr569f:9dKc,QhAs|/2h6s6h:-400,400(-400.000000)
223:BR,Player:0cc/r435f:7s8d,3cJc|/3h9hKh:100,-100(100.000000)
224:Player,BR:0cr300c/cr1741f:7cAc,2h6h|/7hQhKc:-400,400(-400.000000)
225:BR,Player:0f:JhAc,2h6c|:50,-50(50.000000)
226:Player,BR:0cc/cr19900f:4sJc,QhQc|/5d7sQd:-100,100(-100.000000)
227:BR,Player:0f:4s4h,2h4d|:50,-50(50.000000)
228:Player,BR:0cr200c/r600r3918f:3c4h,4s6h|/2d6dKs:-900,900(-900.000000)
229:BR,Player:0r130c/r2014f:2c8s,JsKc|/7dQhKh:230,-230(230.000000)
230:Player,BR:0cc/cr876f:4c8c,9sJc|/3s5hTh:-100,100(-100.000000)
231:BR,Player:0r200c/r1306f:7dAc,4cKc|/5h6s7s:300,-300(300.000000)
232:Player,BR:0cc/cr3080f:9sJh,7sJs|/8hQsQh:-100,100(-100.000000)
233:BR,Player:0r130c/r285c/cc/cr543c:2c8h,6sQc|/7s8dQs/Th/2h:1058,-1058(979.631824)
234:Player,BR:0cc/cr3080f:2s3s,6h6c|/TcKcAh:-100,100(-100.000000)
235:BR,Player:0r130c/r2014f:QdKs,3cJh|/2h5cAh:230,-230(230.000000)
236:Player,BR:0cc/cr876c/r974c/r975c:3dTh,JcQs|/3s7cTd/Jd/8c:2925,-2925(1924.326219)
237:BR,Player:0r130c/r2014f:5s8c,JcKd|/3s7c9s:230,-230(230.000000)
238:Player,BR:0cc/cr1761f:5cAd,3c5d|/7h8hKs:-100,100(-100.000000)
239:BR,Player:0r200c/r2627f:4d8c,8dQc|/4h5hQd:300,-300(300.000000)
240:Player,BR:0cr300c/cr495c/cc/r100c:ThQh,9sAd|/2s9hQs/4c/4d:995,-995(-855.769195)
241:BR,Player:0r130c/cc/cr115c/cr690f:2dAc,7sJc|/3h7dTc/2c/3c:-345,345(-345.000000)
242:Player,BR:0cc/cr216f:8cJd,3d4d|/2c4sKd:-100,100(-100.000000)
243:BR,Player:0r200c/r2627f:3hJh,5hAc|/7s8d9s:300,-300(300.000000)
244:Player,BR:0cc/cr761f:6sTc,JdKd|/2sKsKc:-100,100(-100.000000)
245:BR,Player:0cc/r876f:6s8c,2h2d|/3d4s5h:100,-100(100.000000)
246:Player,BR:0cc/cr876f:2d8c,9hTs|/4d4c6s:-100,100(-100.000000)
247:BR,Player:0cc/r435f:ThAd,4dJd|/6h7d8c:100,-100(100.000000)
248:Player,BR:0cc/r130r573c/r301c/r2208c:3s6c,4sJs|/5d7c9h/Th/Kh:-3312,3312(-2229.101287)
249:BR,Player:0cc/r761c/cr189c/cc:8sTs,4h9d|/2s4c6s/5h/As:1050,-1050(1050.000000)
250:Player,BR:0cc/cr761f:5h9c,8hJs|/3d7s8c:-100,100(-100.000000)
251:BR,Player:0cc/r3080f:2s4d,JhAs|/7s7dAh:100,-100(100.000000)
252:Player,BR:0cc/cr876f:6hTc,4h5h|/3s7hJs:-100,100(-100.000000)
253:BR,Player:0r130c/r2014f:5h8s,8cJc|/4c6hTd:230,-230(230.000000)
254:Player,BR:0cc/cr379c/cc/r121c:7dTs,9cQh|/5d7hQd/Td/Tc:600,-600(-557.735182)
255:BR,Player:0cc/r379f:8dAh,TdKh|/4h6s8h:100,-100(100.000000)
256:Player,BR:0cr300c/cr1514f:3h3d,ThKh|/8h8cTs:-400,400(-400.000000)
257:BR,Player:0r200c/r2627f:8sAd,7dQs|/5dTsJd:300,-300(300.000000)
258:Player,BR:0cc/cr216c/cc/cc:6h9c,7c9h|/7dQsQd/Jc/Jh:0,-0(274.368819)
259:BR,Player:0f:2cKd,2s3h|:50,-50(50.000000)
260:Player,BR:0cc/cr876f:2h3h,5cJd|/4d9hKc:-100,100(-100.000000)
261:BR,Player:0cc/r1761f:TdAh,ThQd|/3d7sKd:100,-100(100.000000)
262:Player,BR:0cr200c/r390r3004f:7hQh,3hTs|/2s6dQd:-690,690(-690.000000)
263:BR,Player:0r130c/r2014f:5s6d,JhQd|/3s8c9c:230,-230(230.000000)
264:Player,BR:0cc/cr435f:2sAc,4h6s|/7dQdKh:-100,100(-100.000000)
265:BR,Player:0r130c/r1001c/cr2472c/cr4813f:4hJc,7cTc|/4d5s8c/9c/2c:-3703,3703(-3703.000000)
266:Player,BR:0cc/cr124f:7sKd,5d8c|/3d5hQc:-100,100(-100.000000)
267:BR,Player:0r130c/r1001c/cc/cc:2s5c,9hTh|/2dJsQs/Ts/7d:-1231,1231(-1231.000000)
268:Player,BR:0cc/cr876f:4hQd,4cKc|/5s7sAh:-100,100(-100.000000)
269:BR,Player:0r130c/r2014f:2c3s,9dJd|/7sQdAs:230,-230(230.000000)
270:Player,BR:0cc/cr876c/cc/r584f:5d8s,3c5c|/6d7sKh/8c/6c:976,-976(976.000000)
271:BR,Player:0cc/r435f:4sJh,6s7c|/6hKhAs:100,-100(100.000000)
272:Player,BR:0cc/cr876f:4dTc,7hJd|/2c3hTh:-100,100(-100.000000)
273:BR,Player:0r130c/r285c/cr865c/cc:QsQd,TcKh|/4d7dKs/8h/6c:-1380,1380(-229.368958)
274:Player,BR:0cc/cr124f:2hTc,8c9h|/3h9cQs:-100,100(-100.000000)
275:BR,Player:0r130c/r285c/cc/cr543c:7s7h,TcJs|/2s6hAs/6c/Kh:1058,-1058(-212.045444)
276:Player,BR:0cc/cr876f:4s7c,4dJc|/8s8cQh:-100,100(-100.000000)
277:BR,Player:0r130c/r2014f:2c6d,3hQh|/8s8dTd:230,-230(230.000000)
278:Player,BR:0cr130c/cr7085f:7hAc,4d7d|/2s2hTh:-230,230(-230.000000)
279:BR,Player:0r130c/r1001f:7hQh,8sQs|/7c8dTh:230,-230(230.000000)
280:Player,BR:0cc/cr216c/cc/r584c:4d8s,7dKh|/6c7sQc/Kc/2d:-900,900(-739.301340)
281:BR,Player:0f:TsTh,2c4s|:50,-50(50.000000)
282:Player,BR:0cc/cr379f:2s7s,9dKs|/6h9sAh:-100,100(-100.000000)
283:BR,Player:0r130c/r2014f:3cTs,KdAh|/6dQhAs:230,-230(230.000000)
284:Player,BR:0cc/cr249f:7hQh,2s4s|/TsThQd:-100,100(-100.000000)
285:BR,Player:0r130c/r1751f:KhAh,6hJd|/5d9hAs:230,-230(230.000000)
286:Player,BR:0cr200c/cr19700f:5d5c,2d9h|/2c9cQs:-300,300(-300.000000)
287:BR,Player:0r130c/r2014f:8dTs,7dJc|/4c8hAh:230,-230(230.000000)
288:Player,BR:0cr200c/cr1306c/cc/r1544f:JhKs,4sJd|/2c5sKc/4c/7h:1606,-1606(1606.000000)
289:BR,Player:0r130c/r1001f:8cAd,TdAs|/2d3dJh:230,-230(230.000000)
290:Player,BR:0cc/cr435f:8dTc,5sQs|/3h8h9h:-100,100(-100.000000)
291:BR,Player:0f:2dQh,2c8h|:50,-50(50.000000)
292:Player,BR:0cr200c/cr2627f:5d5c,4h9h|/2hThJc:-300,300(-300.000000)
293:BR,Player:0f:JcKh,3hTc|:50,-50(50.000000)
294:Player,BR:0cc/cr876f:4h9d,5d7s|/JhQsAd:-100,100(-100.000000)
295:BR,Player:0r130c/r2014f:2c6h,8sJh|/5hTdJd:230,-230(230.000000)
296:Player,BR:0cc/r200r200f:2cJs,4s8c|/4c9sTs:-300,300(-300.000000)
297:BR,Player:0r130c/r2014r17756f:6s9c,9dTc|/8dTdQs:-2244,2244(-2244.000000)
298:Player,BR:0cc/cr435f:2h6s,4dQd|/6c8dJh:-100,100(-100.000000)
299:BR,Player:0f:ThKs,3d6h|:50,-50(50.000000)
300:Player,BR:0cr130c/cr1001f:5d5c,8dKs|/TdQsQh:-230,230(-230.000000)
301:BR,Player:0r130c/r2014f:3h4h,6d8h|/2s9cKs:230,-230(230.000000)
302:Player,BR:0cc/cr761r761r2007c/cc/r235c:2d9h,2s6d|/2h6c9d/4d/6s:-3864,3864(-2593.098934)
303:BR,Player:0r130c/r1001f:9dJc,3d5c|/6d7sKd:230,-230(230.000000)
304:Player,BR:0cr200c/cr1306f:6cKd,4cAc|/8c9sQd:-300,300(-300.000000)
305:BR,Player:0r130c/r871c/cc/cc:3cQd,4c5h|/2h4sQh/6s/Kc:1101,-1101(580.867676)
306:Player,BR:0cc/cr761r1239r1239f:8cTs,7dQc|/5h9cQd:-2100,2100(-2100.000000)
307:BR,Player:0r200c/r1306f:2d3h,8hTs|/3d4dAd:300,-300(300.000000)
308:Player,BR:0cc/cr1761f:5dKc,2s5c|/4h7d7c:-100,100(-100.000000)
309:BR,Player:0r200c/r14055f:JsKs,8cKh|/3hJhJd:300,-300(300.000000)
310:Player,BR:0cr600c/r1400c/cc/cc:3d6d,TdKc|/3sTsAc/4d/9s:-2100,2100(-1470.115455)
311:BR,Player:0r130c/r1001f:3hQd,9hAd|/4s5h7c:230,-230(230.000000)
312:Player,BR:0cc/cr1761f:8hTd,7hTs|/7s8dQc:-100,100(-100.000000)
313:BR,Player:0r200c/cc/cc/cc:2h2d,3cQs|/3s8cAd/6h/9s:-300,300(78.614571)
314:Player,BR:0cr300c/cr866f:7hKh,7s7c|/2s6s8c:-400,400(-400.000000)
315:BR,Player:0r200c/r1306f:7hJd,5c6h|/3s5sAh:300,-300(300.000000)
316:Player,BR:0cr200c/cr371r709f:7s8s,QhQd|/7c8dAs:671,-671(671.000000)
317:BR,Player:0f:3d8s,2s7c|:50,-50(50.000000)
318:Player,BR:0cr600c/cr3047f:JhAh,2s3h|/4c5d7h:-700,700(-700.000000)
319:BR,Player:0r200c/r2627f:4cQc,TcAc|/3s3d6h:300,-300(300.000000)
320:Player,BR:0cr200c/cr427f:7dAd,5c9c|/2c8sTd:-300,300(-300.000000)
321:BR,Player:0r200c/r1306f:4c8d,5dKh|/7sJcAh:300,-300(300.000000)
322:Player,BR:0cc/cr876f:5cKs,6hQs|/3d8sKc:-100,100(-100.000000)
323:BR,Player:0r130c/r2014f:ThKd,4hJc|/2d3cQd:230,-230(230.000000)
324:Player,BR:0cc/cr435f:2sKc,8s8d|/6c9hTd:-100,100(-100.000000)
325:BR,Player:0r200c/r649f:2s6s,5h8c|/3s3h6d:300,-300(300.000000)
326:Player,BR:0cc/cr3080f:4cKc,8cJc|/3d9cQd:-100,100(-100.000000)
327:BR,Player:0r130c/r871f:JdAd,9dQd|/2h5sAs:230,-230(230.000000)
328:Player,BR:0cr200c/r390r982f:8c9s,7sKc|/3c4c6d:-690,690(-690.000000)
329:BR,Player:0r130c/r1001c/cr701f:6h9s,7hKd|/3s4dKc/8s:-1231,1231(-1231.000000)
330:Player,BR:0cr600c/cr3047f:JcAd,2s7h|/4c8s8c:-700,700(-700.000000)
331:BR,Player:0r130c/r2014f:2d3c,5cAc|/QsKdAd:230,-230(230.000000)
332:Player,BR:0cc/cr435c/r305f:9sKh,4c7h|/2sJhQd/Ad:535,-535(535.000000)
333:BR,Player:0r130c/r3522f:QhKh,7s8s|/3h5d8h:230,-230(230.000000)
334:Player,BR:0cc/cr876f:5hTd,6s9c|/TsJhKd:-100,100(-100.000000)
335:BR,Player:0r130c/r2014f:3h8s,7hTh|/QdKcAc:230,-230(230.000000)
336:Player,BR:0cc/cr876f:8cQd,7s9c|/2c3hAh:-100,100(-100.000000)
337:BR,Player:0r130c/r327c/cc/cr1513f:8s9d,QsAh|/4h7dQh/As/9h:-557,557(-557.000000)
338:Player,BR:0cc/cr435f:6dAs,QcKs|/8h9hTs:-100,100(-100.000000)
339:BR,Player:0r130c/r2014f:8sKs,6s6c|/3d5s9h:230,-230(230.000000)
340:Player,BR:0cc/cr8194c/r8106f:9cJh,JdKc|/9dJsAd/8d:8294,-8294(8294.000000)
341:BR,Player:0r130c/r1001c/cc/cr2472f:4h6s,4s8s|/2s9cQs/Ad/5d:-1231,1231(-1231.000000)
342:Player,BR:0cc/cr1761f:8hTd,6cKh|/3d8cAh:-100,100(-100.000000)
343:BR,Player:0r130c/r2014f:5hKd,7dJs|/JdQcAd:230,-230(230.000000)
344:Player,BR:0cc/cr876f:4dTc,JcQd|/5d7s8s:-100,100(-100.000000)
345:BR,Player:0r200c/r1306f:QsAd,8sAs|/2d6c9h:300,-300(300.000000)
346:Player,BR:0cc/cr3080f:5cKh,6hAh|/3hTdKs:-100,100(-100.000000)
347:BR,Player:0r130c/r3522f:KsAs,9sAh|/2s4cKd:230,-230(230.000000)
348:Player,BR:0cc/cr3080f:5c9d,2s9s|/2dTcAh:-100,100(-100.000000)
349:BR,Player:0cc/r761f:9sQs,4h8c|/7cJhQc:100,-100(100.000000)
350:Player,BR:0cc/cr379f:7dQd,5sQh|/2c5cAs:-100,100(-100.000000)
351:BR,Player:0f:TdQs,2d5c|:50,-50(50.000000)
352:Player,BR:0cc/cr3080f:2h5c,8h9c|/4dThKh:-100,100(-100.000000)
353:BR,Player:0r200c/r1306f:8sTd,JdAd|/6h6c9h:300,-300(300.000000)
354:Player,BR:0cr200c/cr2627r12673f:JsAc,8hQh|/4c7sAd:2927,-2927(2927.000000)
355:BR,Player:0r130c/r2014f:8hTh,4c5d|/9dQhKh:230,-230(230.000000)
356:Player,BR:0cr130c/cr4051f:4d4c,2s3c|/6dQdKh:-230,230(-230.000000)
357:BR,Player:0f:5s8h,3s9d|:50,-50(50.000000)
358:Player,BR:0cr600c/r910r2291f:2s3d,4s4h|/2h7hJs:-1610,1610(-1610.000000)
359:BR,Player:0r130c/r1001c/cr701f:9hJh,KhKc|/3c7d7c/Qc:-1231,1231(-1231.000000)
360:Player,BR:0cc/cr3080f:4s8c,3h4c|/7dJcAc:-100,100(-100.000000)
361:BR,Player:0r130c/r1001f:4sTh,8dAs|/4h5cJc:230,-230(230.000000)
362:Player,BR:0cc/cr876f:3sAh,QdKc|/5h6d9h:-100,100(-100.000000)
363:BR,Player:0r130c/r1001c/cc/cc:4c7c,7dTd|/5s5dTs/Qc/8c:-1231,1231(-1231.000000)
364:Player,BR:0cr130c/cr1001r3599f:7h9h,JsQh|/3h6h9c:1231,-1231(1231.000000)
365:BR,Player:0r130c/r2014f:3s6d,3c5s|/6sKhAs:230,-230(230.000000)
366:Player,BR:0cc/cr761f:5cQh,TcJs|/2h7cTs:-100,100(-100.000000)
367:BR,Player:0r200c/r19700f:3hQd,4hJd|/3d3c7h:300,-300(300.000000)
368:Player,BR:0cr200c/r900f:JsQs,6dTs|/5cJdQd:300,-300(300.000000)
369:BR,Player:0r130c/r2014f:4sQc,3d4c|/5hTdKs:230,-230(230.000000)
370:Player,BR:0cc/cr876f:2hAd,4cKs|/7dJdQs:-100,100(-100.000000)
371:BR,Player:0r130c/r1001f:3dKd,7dAh|/6c9sJc:230,-230(230.000000)
372:Player,BR:0cr600c/r910r4008f:6dQd,2d5d|/3d7s9s:-1610,1610(-1610.000000)
373:BR,Player:0f:6cKh,2d3c|:50,-50(50.000000)
374:Player,BR:0cr200c/cr1306f:2h4h,7cAd|/4sJdQs:-300,300(-300.000000)
375:BR,Player:0r130c/r4051f:TdJc,5sJh|/2d2cKs:230,-230(230.000000)
376:Player,BR:0cr300c/r520r1309f:8cQc,4hAc|/4s8dKh:-920,920(-920.000000)
377:BR,Player:0r130c/r327f:3sTc,8cJc|/6h6dAc:230,-230(230.000000)
378:Player,BR:0cc/cr379f:7dJh,KhKc|/4hQdAh:-100,100(-100.000000)
379:BR,Player:0r130c/r1001f:5sKh,6h9s|/4h9h9d:230,-230(230.000000)
380:Player,BR:0cr600c/r2100r10600f:5h8d,6sAc|/3d7cAs:-2800,2800(-2800.000000)
381:BR,Player:0cc/r435f:JsKd,5h7d|/2s5d9c:100,-100(100.000000)
382:Player,BR:0cc/cr9423f:2d5c,4dTd|/QhKdAs:-100,100(-100.000000)
383:BR,Player:0f:9cJs,3h8d|:50,-50(50.000000)
384:Player,BR:0cr200c/r390r854f:4s6s,9dQd|/2h8c9s:-690,690(-690.000000)
385:BR,Player:0f:2s2h,3hTs|:50,-50(50.000000)
386:Player,BR:0cr300c/r520r4005c/r2803c/r1545c:8c9c,4dTd|/3d5c8d/7d/Ks:-9273,9273(-7414.924285)
387:BR,Player:0r130c/r19770f:TcKs,5dKh|/JhQsAh:230,-230(230.000000)
388:Player,BR:0cr200c/r600r3407c/r100c/r777f:8cTc,9s9d|/3c5s8d/Jd/Td:4407,-4407(4407.000000)
389:BR,Player:0r300c/r1741f:5d7h,8hJd|/7s9sAd:400,-400(400.000000)
390:Player,BR:0cc/cr876f:2c6d,JcQh|/2s8dAc:-100,100(-100.000000)
391:BR,Player:0f:9hJd,2c9s|:50,-50(50.000000)
392:Player,BR:0cr300c/cr3503f:7s8c,9dJh|/2cThQd:-400,400(-400.000000)
393:BR,Player:0cc/r1761f:8h9h,5sTc|/4h7cTd:100,-100(100.000000)
394:Player,BR:0cc/cr876f:7hQs,TsKh|/2h3c6h:-100,100(-100.000000)
395:BR,Player:0r130c/r2014f:3d5d,4sJd|/3cJsAd:230,-230(230.000000)
396:Player,BR:0cr600c/cr3047f:KcAd,3hQd|/2d5h6h:-700,700(-700.000000)
397:BR,Player:0r200c/r1136f:9cAc,8hJh|/6s7sAh:300,-300(300.000000)
398:Player,BR:0cr300c/cr1741c/r1219f:9sAd,2c9h|/8dJdAs/Ah:2141,-2141(2141.000000)
399:BR,Player:0r130c/r871c/cr279c/cc:5sKc,8hAh|/7d8sKh/2s/4h:1380,-1380(1380.000000)
400:Player,BR:0cc/cr1761f:2h8s,5cKs|/2dTsJh:-100,100(-100.000000)
401:BR,Player:0cc/r3080f:4cJc,4h9c|/ThTdKc:100,-100(100.000000)
402:Player,BR:0cc/cr435f:4c7s,3c7d|/5s8cJh:-100,100(-100.000000)
403:BR,Player:0f:3dKs,3h9s|:50,-50(50.000000)
404:Player,BR:0cr300c/cr866f:JhAh,6cAd|/2d3c6s:-400,400(-400.000000)
405:BR,Player:0r130c/r19770f:9cTs,4c6d|/6s7s8c:230,-230(230.000000)
406:Player,BR:0cc/cr3080f:2h7c,3s7s|/4d9hQh:-100,100(-100.000000)
407:BR,Player:0cc/r124r576r576c/cr544f:5cTh,2cAh|/2s2d5s/8d:-1376,1376(-1376.000000)
408:Player,BR:0cc/cr876f:2hTd,4h5d|/3d7s9h:-100,100(-100.000000)
409:BR,Player:0f:6c7h,3c6d|:50,-50(50.000000)
410:Player,BR:0cc/cr761f:TsJh,4s7s|/4d5h7h:-100,100(-100.000000)
411:BR,Player:0r130c/r2014f:3h7c,6sKh|/2s4hKs:230,-230(230.000000)
412:Player,BR:0cr300c/cr495f:3h5c,7s8c|/2s8dTc:-400,400(-400.000000)
413:BR,Player:0cc/r2679f:JcKd,5d7c|/5hJdQs:100,-100(100.000000)
414:Player,BR:0cc/cr124f:4d8s,8cKc|/2hKsAd:-100,100(-100.000000)
415:BR,Player:0f:5dTs,2d5h|:50,-50(50.000000)
416:Player,BR:0cc/cr876f:5sAd,2dAs|/3d9cKs:-100,100(-100.000000)
417:BR,Player:0f:KcAs,3s9d|:50,-50(50.000000)
418:Player,BR:0cc/cr379c/cc/r121c:6c7s,4dAs|/3h4sAc/Kd/Tc:-600,600(-593.711772)
419:BR,Player:0r130c/r19770f:4h4c,9dJc|/3s4dJd:230,-230(230.000000)
420:Player,BR:0cr200c/cr1306f:3d3c,JhKc|/6sQhQd:-300,300(-300.000000)
421:BR,Player:0f:9cQc,2d4c|:50,-50(50.000000)
422:Player,BR:0cc/cr1761f:3dAc,4hJc|/8hQhKd:-100,100(-100.000000)
423:BR,Player:0r130c/r2014f:2c8h,3s8s|/4sThKd:230,-230(230.000000)
424:Player,BR:0cc/cr876f:5cJc,9cQs|/4d5d7c:-100,100(-100.000000)
425:BR,Player:0r130c/r285c/cr175c/cr1380c:4d5s,3d7d|/4hQdQc/8s/Td:2070,-2070(1475.372000)
426:Player,BR:0cr300c/cr996f:JdAc,TcJh|/8cKsKh:-400,400(-400.000000)
427:BR,Player:0r200c/r1136r2164c/cc/cr4680c:4sQc,6c7h|/3dQsQh/As/5c:8280,-8280(5529.558637)
428:Player,BR:0cc/cr124c/cc/cc:2c6h,QsKh|/6sKdAh/Jh/Js:-224,224(-141.500155)
429:BR,Player:0f:5c8s,2cJd|:50,-50(50.000000)
430:Player,BR:0cc/r130r4051f:5sQh,QcKs|/3h4d7c:-230,230(-230.000000)
431:BR,Player:0cc/r876f:5hKd,7dQd|/TsJhAh:100,-100(100.000000)
432:Player,BR:0cr300c/cr1741c/r1219f:9sQs,4dAs|/3s9dJh/8c:2141,-2141(2141.000000)
433:BR,Player:0r130c/r1001f:9hKd,6s8s|/7dJsAc:230,-230(230.000000)
434:Player,BR:0cc/cr876f:2d9s,3cJc|/6h6d8c:-100,100(-100.000000)
435:BR,Player:0f:6cQd,3d7s|:50,-50(50.000000)
436:Player,BR:0cr130c/cr2014f:JcKs,3dKd|/5c9dTd:-230,230(-230.000000)
437:BR,Player:0r130c/r2014c/cc/cr2241f:5sAh,JsKd|/4dTdJh/Jd/8s:-2244,2244(-2244.000000)
438:Player,BR:0cc/cr1532f:4cAs,QsQh|/3s5c9h:-100,100(-100.000000)
439:BR,Player:0f:7h8d,2dTs|:50,-50(50.000000)
440:Player,BR:0cr300c/cr19600f:JcAh,8sKs|/3h8dKc:-400,400(-400.000000)
441:BR,Player:0cc/r1532f:6s9s,QdAd|/2s5c9d:100,-100(100.000000)
442:Player,BR:0cc/cr876f:9hJd,4d7c|/2c6hAh:-100,100(-100.000000)
443:BR,Player:0r130c/r327f:2c8s,8dKd|/3s5s7s:230,-230(230.000000)
444:Player,BR:0cc/cr876c/cc/r974f:8dTh,JhQd|/2s7c8c/8s/9h:976,-976(976.000000)
445:BR,Player:0r130c/r1001f:6cTc,7d7c|/5h8sKh:230,-230(230.000000)
446:Player,BR:0cc/cr435c/cc/r515c:5h9c,6dJs|/9hKsKd/6h/3d:1050,-1050(95.013273)
447:BR,Player:0r130c/r871c/cc/cr1659c:9cJc,8hTh|/2c4cTc/Ts/Ah:2760,-2760(2522.684431)
448:Player,BR:0cr200c/cr2627f:5s8s,2hJd|/5c9sKh:-300,300(-300.000000)
449:BR,Player:0r130c/r285c/cr543c/cr2116f:2cJh,4sKs|/3dJsQh/As/Tc:-1058,1058(-1058.000000)
450:Player,BR:0cc/cr1761f:4cAh,7hTs|/5sTcJc:-100,100(-100.000000)
451:BR,Player:0r130c/r2014f:3cTd,4dAs|/2h5h8d:230,-230(230.000000)
452:Player,BR:0cr600c/r910r2291f:5sKs,8hQs|/4c5hTd:-1610,1610(-1610.000000)
453:BR,Player:0r200c/r1306f:2dQd,6hKh|/7h7c8d:300,-300(300.000000)
454:Player,BR:0cc/cr876f:6dQs,9dAh|/5c7cKd:-100,100(-100.000000)
455:BR,Player:0cc/r3080c/cc/cr13220f:2d5c,TsJc|/3d8c9s/6s/Qd:-3180,3180(-3180.000000)
456:Player,BR:0cc/cr876f:4h9d,JhAd|/6c7h9s:-100,100(-100.000000)
457:BR,Player:0r200c/r2627c/cr2923f:6d8s,2dAd|/5dTcAs/2s:-2927,2927(-2927.000000)
458:Player,BR:0cc/cr876f:4sJd,TcJc|/2c4hAs:-100,100(-100.000000)
459:BR,Player:0cc/r379f:8dAs,3h6d|/2h7sAh:100,-100(100.000000)
460:Player,BR:0cc/cr19900f:2d4s,9cQh|/8hTdJd:-100,100(-100.000000)
461:BR,Player:0r130c/r163c/cc/cr987c:3d4c,7dTh|/3h8dTs/3c/2s:1380,-1380(1364.859540)
462:Player,BR:0cr600c/cr214c/r346c/r1638c:6s6h,7sKh|/6dAsAd/7d/8d:2898,-2898(-113.781397)
463:BR,Player:0cc/r216f:4dJd,8sQs|/2h3c4s:100,-100(100.000000)
464:Player,BR:0cc/cr1761f:9sQc,8s9c|/2d3hQs:-100,100(-100.000000)
465:BR,Player:0cc/r379r721r1708f:8sJh,3s6d|/3d4dJs:1200,-1200(1200.000000)
466:Player,BR:0cr600c/cr866r2634r2634r13166c/cc/cc:8hTc,TsTd|/6s7hQc/8c/5c:-20000,20000(9413.290896)
467:BR,Player:0r130c/r2014f:8hJc,9dTc|/2s7hKs:230,-230(230.000000)
468:Player,BR:0cc/cr876f:3c9d,ThQh|/4c5h9c:-100,100(-100.000000)
469:BR,Player:0f:2cJd,4h9d|:50,-50(50.000000)
470:Player,BR:0cc/cr435f:4sJc,5hKs|/3d5c6s:-100,100(-100.000000)
471:BR,Player:0r130c/r1001f:5d6c,2cQd|/4s5cAd:230,-230(230.000000)
472:Player,BR:0cc/cr3080f:2d5s,2sTs|/6hJdJc:-100,100(-100.000000)
473:BR,Player:0r200c/r2627f:TsJd,9hTd|/5c9dQh:300,-300(300.000000)
474:Player,BR:0cc/cr876c/r974c/r2535c:6c9h,6d7h|/7c8dTd/7s/4h:4485,-4485(1328.021008)
475:BR,Player:0r130c/r871f:QcKh,5s6s|/AsAdAc:230,-230(230.000000)
476:Player,BR:0cc/cr19900f:3c6s,AhAc|/4h8sAd:-100,100(-100.000000)
477:BR,Player:0r130c/r1001f:2h5d,6hKh|/3d5s6d:230,-230(230.000000)
478:Player,BR:0cc/cr379c/cc/cc:8cTs,2hKc|/9hJsKs/Ah/Tc:-479,479(-202.174171)
479:BR,Player:0r200c/r1306f:5c6s,9hTs|/2h4dJh:300,-300(300.000000)
480:Player,BR:0cc/cr379f:ThKd,6cJs|/3d5s6d:-100,100(-100.000000)
481:BR,Player:0r130c/r2014f:KhAd,4c5d|/4d8s9s:230,-230(230.000000)
482:Player,BR:0cr600c/r910r2291c/r1895f:ThAc,7d8c|/7sKhAh/4s:3901,-3901(3901.000000)
483:BR,Player:0r130c/r2014f:2d4s,6cTc|/3sTsAh:230,-230(230.000000)
484:Player,BR:0cc/cr435c/cc/cc:7hJs,8dKc|/2c3d7c/4d/5c:535,-535(535.000000)
485:BR,Player:0r200c/r244c/cc/cr1256c:2dKh,7d8s|/2c5s9d/Qd/Th:1800,-1800(731.500432)
486:Player,BR:0cc/cr435f:ThQs,6sAc|/2c7hJd:-100,100(-100.000000)
487:BR,Player:0r130c/r100r660r4310f:6cAh,6sJs|/QsQhKs:990,-990(990.000000)
488:Player,BR:0cc/cr876f:3h9s,4cAs|/4h6cKd:-100,100(-100.000000)
489:BR,Player:0cc/r435r1075f:9dTh,8hAc|/7s8s8c:-535,535(-535.000000)
490:Player,BR:0cc/cr379c/cc/cc:6s9c,7dTs|/4c9dTc/9h/Ac:479,-479(-159.228154)
491:BR,Player:0cc/r435f:3d7s,6cJc|/3s4c9d:100,-100(100.000000)
492:Player,BR:0cc/cr3080f:5sKd,5hTd|/6sJhJc:-100,100(-100.000000)
493:BR,Player:0r130c/r2014f:2c3c,6hKh|/2h7dAd:230,-230(230.000000)
494:Player,BR:0cr130c/cr2014f:TcJh,5s6c|/9s9cAs:-230,230(-230.000000)
495:BR,Player:0cc/r435f:4s8s,3s7s|/2c3c4h:100,-100(100.000000)
496:Player,BR:0cc/cr761f:5dKc,AsAd|/2s3h6s:-100,100(-100.000000)
497:BR,Player:0r130c/r4051f:7hJc,TdAs|/4s8hQc:230,-230(230.000000)
498:Player,BR:0cc/cr876c/r974c/r2535c:4hTs,3hQh|/5hThTd/Qs/Kh:-4485,4485(-2704.583167)
499:BR,Player:0r130c/r285f:JsKs,2c5c|/7hJdAh:230,-230(230.000000)
500:Player,BR:0cr200c/cr1306f:7d8s,QdAh|/3c8c9h:-300,300(-300.000000)
501:BR,Player:0r200c/r1306f:7d8h,JcKc|/8d9hAs:300,-300(300.000000)
502:Player,BR:0cc/cr3080f:5d7c,6d9s|/9cThAs:-100,100(-100.000000)
503:BR,Player:0r130c/r871f:4sTs,8dKd|/2h9sTd:230,-230(230.000000)
504:Player,BR:0cc/cr124c/cc/r376c:2dAh,3hKs|/3d7cAc/As/Td:600,-600(-155.772296)
505:BR,Player:0r130c/r1751f:9hAh,4dTh|/5dKsAd:230,-230(230.000000)
506:Player,BR:0cr300c/cr19600f:QsAc,9cKc|/9hJsKs:-400,400(-400.000000)
507:BR,Player:0r130c/r2014f:5c9d,5h8d|/6sQcKh:230,-230(230.000000)
508:Player,BR:0cr200c/cr2627f:4s5s,2hKs|/5h7dTs:-300,300(-300.000000)
509:BR,Player:0cc/r876f:9sQd,4s8s|/7s7cAc:100,-100(100.000000)
510:Player,BR:0cr300c/cr3503f:ThJs,3c8c|/3d5cAc:-400,400(-400.000000)
511:BR,Player:0r200c/r2627f:6d9c,2c3c|/8dTsJs:300,-300(300.000000)
512:Player,BR:0cc/cr8194f:4cQh,TdQd|/5dQcKh:-100,100(-100.000000)
513:BR,Player:0r200c/r2627f:2h6s,4d7s|/5s7hAs:300,-300(300.000000)
514:Player,BR:0cr600c/cr10721f:JcAd,3c5h|/2h3d7s:-700,700(-700.000000)
515:BR,Player:0r130c/r1001c/cr701f:4dJc,5cAc|/5sThTd/Kc:-1231,1231(-1231.000000)
516:Player,BR:0cc/cr1761f:5sJd,8s9d|/5c6sQd:-100,100(-100.000000)
517:BR,Player:0r130c/r1001c/cc/cr3599f:3h7d,6c9c|/JsJcAc/8h/Kc:-1231,1231(-1231.000000)
518:Player,BR:0cc/cr876f:2hJc,JdKc|/7s9dTc:-100,100(-100.000000)
519:BR,Player:0r130c/r19770f:JcKd,5s9d|/JdKhKc:230,-230(230.000000)
520:Player,BR:0cc/cr876f:6dQh,QsKd|/2h5hTd:-100,100(-100.000000)
521:BR,Player:0cc/r435f:6cQh,3s5d|/8dQdKd:100,-100(100.000000)
522:Player,BR:0cc/cr876f:4cKs,5h9s|/2c4d8h:-100,100(-100.000000)
523:BR,Player:0r130c/r2014r6726f:6h6d,7s7h|/4d7dAs:-2244,2244(-2244.000000)
524:Player,BR:0cc/cr124f:3s8s,QsQh|/7dTsKh:-100,100(-100.000000)
525:BR,Player:0r130c/r1001f:8sTh,JhQd|/2h5sKc:230,-230(230.000000)
526:Player,BR:0cr300c/cr19600f:9cAd,5cTd|/4s5dTh:-400,400(-400.000000)
527:BR,Player:0r130c/r2014c/cc/cc:3s7d,JhQd|/3cTsQs/4h/Kc:-2244,2244(-1868.947751)
528:Player,BR:0cc/cr876f:4c7s,2h5d|/3s3hTs:-100,100(-100.000000)
529:BR,Player:0r200c/r1306f:3s8s,2c6c|/4c6dJd:300,-300(300.000000)
530:Player,BR:0cr300c/cr996f:JsQd,3s4d|/5s5h6d:-400,400(-400.000000)
531:BR,Player:0r130c/r1001f:6d8h,5h6c|/3d9cKs:230,-230(230.000000)
532:Player,BR:0cr300c/cr3046f:9cAs,JhAd|/6s8cJd:-400,400(-400.000000)
533:BR,Player:0cc/r435c/cc/cc:2s9s,TdJd|/3s7h8d/Js/5h:-535,535(-535.000000)
534:Player,BR:0cc/cr876c/r584c/r2028c:TdJc,3s5h|/5c9cKd/9h/2c:-3588,3588(-504.179567)
535:BR,Player:0r130c/r1001f:5h9s,8s9c|/3s6hKh:230,-230(230.000000)
536:Player,BR:0cc/cr876f:4sAh,2c3c|/5dJdAd:-100,100(-100.000000)
537:BR,Player:0r200c/r1306r6794f:3c7c,7d9s|/6h8hTs:-1606,1606(-1606.000000)
538:Player,BR:0cc/cr876f:JsKc,4hAh|/3c5hTs:-100,100(-100.000000)
539:BR,Player:0r130c/r2014f:6dAc,5hAd|/5d6sKd:230,-230(230.000000)
540:Player,BR:0cr130c/cr7085f:TdQh,5hAd|/3s8dQs:-230,230(-230.000000)
541:BR,Player:0r130c/r2014f:2s4s,6s7s|/8cTsAh:230,-230(230.000000)
542:Player,BR:0cc/cr100f:4h9d,2hJd|/2dQcKc:-100,100(-100.000000)
543:BR,Player:0cc/r435f:5c9h,2hKh|/2s7s9s:100,-100(100.000000)
544:Player,BR:0cc/cr876f:3hAs,6dAc|/4hJdQh:-100,100(-100.000000)
545:BR,Player:0r130c/r871r1015r1015f:9cTc,4cTd|/5c6sTs:2116,-2116(2116.000000)
546:Player,BR:0cc/cr876f:2h7s,TdKh|/2d6sAs:-100,100(-100.000000)
547:BR,Player:0r130c/r2014f:2s3h,QsKh|/5dQcAs:230,-230(230.000000)
548:Player,BR:0cc/cr435f:ThKd,4cTc|/3sJhJc:-100,100(-100.000000)
549:BR,Player:0r200c/r1306f:ThJc,6sJs|/2d4s4h:300,-300(300.000000)
550:Player,BR:0cr300c/cr1741f:4hKh,9dTh|/2s5c7c:-400,400(-400.000000)
551:BR,Player:0r130c/r1001f:JcKs,7cKh|/9sTdTc:230,-230(230.000000)
552:Player,BR:0cr300c/r520r520c/r768f:TdAh,5c6s|/QcKhKd/4d:1440,-1440(1440.000000)
553:BR,Player:0r130c/r327c/cc/cc:2hKc,6s8c|/5s5d6d/Js/Kd:557,-557(548.483980)
554:Player,BR:0cr300c/cr16295f:TdJc,3sTc|/3h3cJd:-400,400(-400.000000)
555:BR,Player:0f:4h6d,2dTs|:50,-50(50.000000)
556:Player,BR:0cr300c/r520r4005r15075f:5hAd,6s9h|/3s3h5d:4925,-4925(4925.000000)
557:BR,Player:0r130c/r871c/cr279c/cr4140f:9cJd,5c7d|/3h4hJs/6d/8s:-1380,1380(-1380.000000)
558:Player,BR:0cc/cr876f:3dJh,9hJc|/2s3c8h:-100,100(-100.000000)
559:BR,Player:0r300c/r1741c/cc/cc:9cAd,QdAs|/JcQsKh/6s/4s:-2141,2141(-2141.000000)
560:Player,BR:0cc/cr1761f:5cQs,3sKd|/JsQhAc:-100,100(-100.000000)
561:BR,Player:0r130c/r2014f:TdJh,4s6c|/3c6s8h:230,-230(230.000000)
562:Player,BR:0cc/cr876f:2h4c,9sQc|/2c6hJc:-100,100(-100.000000)
563:BR,Player:0cc/r435f:6h7c,3sAh|/9cTcKh:100,-100(100.000000)
564:Player,BR:0cr130c/cr19770f:4s4h,5s5c|/5d8dAs:-230,230(-230.000000)
565:BR,Player:0r130c/r2014f:2c3c,7cAc|/5hThQc:230,-230(230.000000)
566:Player,BR:0cc/cr435f:6sTh,TdQh|/5s6c8s:-100,100(-100.000000)
567:BR,Player:0r200c/r2627f:4sTd,TcKc|/4d6h9h:300,-300(300.000000)
568:Player,BR:0cc/cr876f:5d9s,5h8s|/6dQsAs:-100,100(-100.000000)
569:BR,Player:0r130c/r285c/cr865c/cr4140c:3sJs,JcAs|/8sJhKd/Jd/8h:0,-0(-0.000000)
570:Player,BR:0cc/cr876f:5cTh,4dQh|/9hTdAd:-100,100(-100.000000)
571:BR,Player:0r130c/r2014f:3h7c,JhKs|/4cJdQc:230,-230(230.000000)
572:Player,BR:0cc/cr1532f:3sAc,KdAd|/3c6dKh:-100,100(-100.000000)
573:BR,Player:0cc/r1761f:8hAd,5c7s|/6dJcQh:100,-100(100.000000)
574:Player,BR:0cc/cr142c/cc/cc:3dAs,6dKh|/4s4c5s/Tc/9d:242,-242(214.447694)
575:BR,Player:0r130c/r2014f:9sTd,8dQs|/4dQhKc:230,-230(230.000000)
576:Player,BR:0cc/cr379f:2d4s,3h6s|/6h6cKd:-100,100(-100.000000)
577:BR,Player:0cc/r379c/cr721c/cr2400f:8sJd,4s5h|/3c8hAh/2c/As:-1200,1200(-1200.000000)
578:Player,BR:0cr300c/r520r2290f:5cJc,2dQc|/6s7s8c:-920,920(-920.000000)
579:BR,Player:0cc/r876f:QsAh,3hJd|/2c9sTh:100,-100(100.000000)
580:Player,BR:0cc/cr876c/cc/r974f:9sQh,6h6c|/9dThQs/4d/8h:976,-976(976.000000)
581:BR,Player:0r130c/r2014f:4s6c,TcAc|/4h7c8d:230,-230(230.000000)
582:Player,BR:0cr200c/cr1306f:3dTs,6d8c|/2d9hAc:-300,300(-300.000000)
583:BR,Player:0r200c/r212f:2d5h,3c4d|/2h7cQd:300,-300(300.000000)
584:Player,BR:0cc/cr876c/r584c/cc:3dQc,3sQs|/3c8c9c/Kd/5s:0,-0(-577.503046)
585:BR,Player:0r130c/r3522f:3d8d,7s8h|/3h6dKd:230,-230(230.000000)
586:Player,BR:0cc/cr435f:4hTc,9sJh|/4dQdKs:-100,100(-100.000000)
587:BR,Player:0r130c/r2014f:3s8h,ThKs|/2d9dKc:230,-230(230.000000)
588:Player,BR:0cr300c/cr1741f:TsTh,3hAc|/6h7d8c:-400,400(-400.000000)
589:BR,Player:0r130c/r2014f:4s7c,5c6s|/2h5h9h:230,-230(230.000000)
590:Player,BR:0cr300c/cr3503f:KsAh,4c9c|/TsJdKh:-400,400(-400.000000)
591:BR,Player:0r130c/r871f:5d6c,8hJh|/3d5c6d:230,-230(230.000000)
592:Player,BR:0cc/cr876f:3dTc,2d3c|/6d7cQh:-100,100(-100.000000)
593:BR,Player:0r130c/r285c/cr543c/cr3174f:8h8c,3s5s|/2s7sKh/Js/6d:-1058,1058(-1058.000000)
594:Player,BR:0cr300c/cr3503f:5d7d,6d7c|/4h8sJc:-400,400(-400.000000)
595:BR,Player:0r200c/r1306f:6dJd,JcAd|/3c7hKc:300,-300(300.000000)
596:Player,BR:0cc/r130r498f:4s8c,6s6d|/6c9hTc:-230,230(-230.000000)
597:BR,Player:0cc/r8194c/cc/cc:9dTh,5s8s|/2c7s9s/9c/4h:8294,-8294(8294.000000)
598:Player,BR:0cc/cr142f:5dAs,6cKh|/TsThQc:-100,100(-100.000000)
599:BR,Player:0f:9sTd,2s5d|:50,-50(50.000000)
600:Player,BR:0cc/cr876f:TsQc,5hJh|/3c8cTh:-100,100(-100.000000)
601:BR,Player:0r130c/r1001f:8dJh,6cJs|/7cQsKd:230,-230(230.000000)
602:Player,BR:0cr200c/r390r390f:5s8h,4sQd|/3c9cAd:-690,690(-690.000000)
603:BR,Player:0r130c/r1001f:5s5c,2dQd|/7c8h9d:230,-230(230.000000)
604:Player,BR:0cr300c/cr569f:QdKh,6cTd|/5s5dJc:-400,400(-400.000000)
605:BR,Player:0r130c/r142c/cc/cc:7s7c,4h6s|/4cKhAs/8h/8c:372,-372(96.113863)
606:Player,BR:0cc/cr3080f:3cJd,2sQs|/2d9sTh:-100,100(-100.000000)
607:BR,Player:0r130c/r285f:4s7h,6cAd|/3c4h9d:230,-230(230.000000)
608:Player,BR:0cc/cr876f:2c8s,5c8c|/6h9cAs:-100,100(-100.000000)
609:BR,Player:0r130c/r2014f:3cQc,3h5d|/4h5hJh:230,-230(230.000000)
610:Player,BR:0cr300c/cr1741c/r1219f:TdJh,7hTs|/2cQhKs/9h:2141,-2141(2141.000000)
611:BR,Player:0r130c/r871f:KhKd,5c9c|/7c8s8h:230,-230(230.000000)
612:Player,BR:0cc/cr3080f:4cAh,2d8c|/2c5hJs:-100,100(-100.000000)
613:BR,Player:0r130c/r2014f:4dJs,TdAd|/2c7c9d:230,-230(230.000000)
614:Player,BR:0cc/cr435f:8cQs,7sKc|/5s8dJh:-100,100(-100.000000)
615:BR,Player:0f:4cAh,2hJc|:50,-50(50.000000)
616:Player,BR:0cc/cr1761f:3cJh,4hJs|/3hAsAh:-100,100(-100.000000)
617:BR,Player:0cc/r124c/cr100c/cr876c:6dTh,3sKc|/5c6cJd/8s/Qc:1200,-1200(375.174758)
618:Player,BR:0cr300c/r520r520f:4s8s,2c3s|/5hJsQc:-920,920(-920.000000)
619:BR,Player:0r200c/r2627f:4c9d,QcKc|/6s6dQd:300,-300(300.000000)
620:Player,BR:0cr600c/r910r4008c/r2110f:2dAd,4dQh|/2s8hAs/6s:5618,-5618(5618.000000)
621:BR,Player:0r130c/r142c/cr421c/cc:9h9d,5cKd|/6cQsAd/9s/4s:793,-793(793.000000)
622:Player,BR:0cr600c/cr1742f:8sTd,3s3h|/9hQdKs:-700,700(-700.000000)
623:BR,Player:0cc/r876f:2sTd,5sTc|/3d4cJh:100,-100(100.000000)
624:Player,BR:0cr300c/cr495c/cc/cc:4h6c,6dJs|/4d6h8s/7s/Ah:895,-895(633.550006)
625:BR,Player:0r130c/r1001f:8cTs,6sQc|/9h9d9c:230,-230(230.000000)
626:Player,BR:0cc/cr124c/r100c/r576f:2d6h,8cKs|/2sKdAs/2c/4d:324,-324(324.000000)
627:BR,Player:0r200c/r2627r12673f:4s4h,9hTh|/7h9dJc:-2927,2927(-2927.000000)
628:Player,BR:0cr600c/cr3047c/cc/r15853f:KhAh,3d5d|/7s9hQd/Jc/9d:3747,-3747(3747.000000)
629:BR,Player:0cc/r2679f:TcJd,2sQh|/7cTdQc:100,-100(100.000000)
630:Player,BR:0cc/cr876c/r584f:3d5s,2hAd|/5h7sKc/7c:976,-976(976.000000)
631:BR,Player:0cc/r379r441r2290f:JhKd,4c5h|/4d7hKh:920,-920(920.000000)
632:Player,BR:0cr600c/cr3047f:QhQd,4d7c|/TdTcKc:-700,700(-700.000000)
633:BR,Player:0r130c/r1001f:2h8c,6sJh|/4d5d9c:230,-230(230.000000)
634:Player,BR:0cc/cr876f:5dJd,TsKd|/2h4s9s:-100,100(-100.000000)
635:BR,Player:0r200c/r1306f:3hAs,6hJc|/6c9sTc:300,-300(300.000000)
636:Player,BR:0cc/cr249f:5hAd,5c7h|/2h2c6d:-100,100(-100.000000)
637:BR,Player:0r130c/r1001f:7sAh,5sTd|/6h7c9s:230,-230(230.000000)
638:Player,BR:0cc/cr876c/cc/cc:3d8h,5cTc|/3h7d8s/Qc/Jc:976,-976(976.000000)
639:BR,Player:0r130c/r2014f:2dQh,9d9c|/3h4sTh:230,-230(230.000000)
640:Player,BR:0cc/cr435f:7cKs,4s4c|/5c6d8c:-100,100(-100.000000)
641:BR,Player:0r200c/r1306f:TdAc,9d9c|/5d7h8s:300,-300(300.000000)
642:Player,BR:0cc/cr876f:5s9d,3c6c|/9hJsQh:-100,100(-100.000000)
643:BR,Player:0r130c/r1001f:9sJc,5hTd|/3h5sKh:230,-230(230.000000)
644:Player,BR:0cc/cr3080f:8s9h,5dTc|/5sJdQs:-100,100(-100.000000)
645:BR,Player:0r130c/r871f:2hQs,6dKh|/4c8dQc:230,-230(230.000000)
646:Player,BR:0cc/cr100f:5s6d,5dAh|/7cTsTd:-100,100(-100.000000)
647:BR,Player:0cc/r142c/cr208f:7s9h,5hKh|/3s3c5c/4s:-242,242(-242.000000)
648:Player,BR:0cc/cr435c/cc/cc:8dTs,2h6d|/5hTcAd/Qd/Jh:535,-535(535.000000)
649:BR,Player:0r130c/r2014f:2dKc,7dTs|/3h4s8h:230,-230(230.000000)
650:Player,BR:0cr200c/cr2627f:6cKs,4hJh|/9dTdQc:-300,300(-300.000000)
651:BR,Player:0r130c/r1001f:2s8h,9cJh|/7dTsAs:230,-230(230.000000)
652:Player,BR:0cc/cr876f:4cKd,TsJd|/5c7hAh:-100,100(-100.000000)
653:BR,Player:0cc/r435f:4cJs,3h4h|/3c6dKs:100,-100(100.000000)
654:Player,BR:0cr600c/cc/r350c/r1365f:TsAh,3dQh|/5d8hAc/7s/2h:1050,-1050(1050.000000)
655:BR,Player:0r130c/r2014f:6cJd,4hAd|/2d5d7c:230,-230(230.000000)
656:Player,BR:0cc/cr876f:7c9d,5sAs|/5cQdKc:-100,100(-100.000000)
657:BR,Player:0r130c/r2014c/cr1344c/cc:QdKs,8hQc|/3dTsJh/Jd/Qh:3588,-3588(1209.969090)
658:Player,BR:0cc/cr435f:2dKd,7h8h|/6sThQc:-100,100(-100.000000)
659:BR,Player:0r130c/r1001f:6h8c,JhQd|/4s4hAh:230,-230(230.000000)
660:Player,BR:0cc/cr761f:5hTc,JhQd|/6s9dQs:-100,100(-100.000000)
661:BR,Player:0r130c/r285f:5d8c,2s9s|/7h8dQh:230,-230(230.000000)
662:Player,BR:0cc/cr876c/r584f:8h9s,2d5h|/6d7dQc/7c:976,-976(976.000000)
663:BR,Player:0r300c/r3503f:9dJh,5h7c|/2h3dTc:400,-400(400.000000)
664:Player,BR:0cr130c/cr4051f:9dJd,4c7d|/9cJcQs:-230,230(-230.000000)
665:BR,Player:0cc/r2679f:5d6c,4sTc|/5s5h9d:100,-100(100.000000)
666:Player,BR:0cc/cr1761f:2dKc,4dQc|/5h5c9d:-100,100(-100.000000)
667:BR,Player:0f:5hKh,2c7s|:50,-50(50.000000)
668:Player,BR:0cr300c/cr3503r16097f:ThQd,3dAs|/5d9dJh:3903,-3903(3903.000000)
669:BR,Player:0r130c/r1001c/cr701c/cr3864c:2cTd,JsKs|/6d7cJc/Jh/2h:-5796,5796(437.855983)
670:Player,BR:0cr300c/cr1741c/r1219f:5dAs,3s5s|/4c8dAd/3d:2141,-2141(2141.000000)
671:BR,Player:0cc/r876f:4sAh,5c7h|/2c5dQc:100,-100(100.000000)
672:Player,BR:0cc/cr379f:5s8s,8dQs|/2hJdQh:-100,100(-100.000000)
673:BR,Player:0r130c/r1751f:9hTd,4hAh|/7h9cTs:230,-230(230.000000)
674:Player,BR:0cc/cr379c/cc/r121c:5cJh,8hKc|/4cJcKh/Ts/Kd:-600,600(-495.686345)
675:BR,Player:0r130c/r2014f:3cTh,2dQd|/5sQsAh:230,-230(230.000000)
676:Player,BR:0cr200c/cr2627f:8cKc,9hQc|/ThJsAs:-300,300(-300.000000)
677:BR,Player:0r130c/r1001r2472f:8d9s,8hKh|/4hThQh:-1231,1231(-1231.000000)
678:Player,BR:0cc/cr216c/r134c/cc:8cQh,QcKh|/8hKdAd/2s/7s:-450,450(-94.745448)
679:BR,Player:0r200c/r1306f:3s8d,6cTs|/KhKcAs:300,-300(300.000000)
680:Player,BR:0cr200c/r390r390c/cc/r990f:KcAh,3cKh|/4d7sAc/Jc/3s:1080,-1080(1080.000000)
681:BR,Player:0r130c/r1001f:6hJc,4d6d|/3cKdAs:230,-230(230.000000)
682:Player,BR:0cr300c/cr1741f:JcQh,6dTc|/2sQsAc:-400,400(-400.000000)
683:BR,Player:0r130c/r871c/cc/cc:2sTs,5hAh|/3h6sTh/3s/Qs:1101,-1101(1101.000000)
684:Player,BR:0cc/cr3080f:5s6h,2cTh|/9hQcAs:-100,100(-100.000000)
685:BR,Player:0f:8dJc,3cTd|:50,-50(50.000000)
686:Player,BR:0cr300c/cr866c/cc/r1494f:KsAh,3d8h|/2h3c7h/Ad/Qs:1266,-1266(1266.000000)
687:BR,Player:0f:4s7c,2c7d|:50,-50(50.000000)
688:Player,BR:0cc/cr435f:4c8h,2d3s|/2cQcKd:-100,100(-100.000000)
689:BR,Player:0f:6hKh,2c7h|:50,-50(50.000000)
690:Player,BR:0cc/cr876f:4sJh,3h7d|/4c8cKc:-100,100(-100.000000)
691:BR,Player:0r130c/r871f:9dJs,6dQc|/2h4s9h:230,-230(230.000000)
692:Player,BR:0cc/cr435f:2d9h,6hAd|/5hTcQd:-100,100(-100.000000)
693:BR,Player:0r200c/r2627c/cc/cr6043f:3c7d,5h7h|/9hQdAh/2c/4d:-2927,2927(-2927.000000)
694:Player,BR:0cc/cr1761c/r899c/r1380f:2c7h,2dJc|/2h7c9c/Td/5h:2760,-2760(2760.000000)
695:BR,Player:0cc/r124r376r10567f:8h8d,4s5c|/5hTsAc:600,-600(600.000000)
696:Player,BR:0cc/cr1761f:8dQh,5s7h|/3c8hAh:-100,100(-100.000000)
697:BR,Player:0f:JdQh,2c8d|:50,-50(50.000000)
698:Player,BR:0cr300c/r800f:JsJc,3d4s|/2c7c8d:400,-400(400.000000)
699:BR,Player:0r130c/r2014c/cr1344c/cr7176c:7cKh,6hJd|/6cTsJh/6d/4d:-10764,10764(2240.162940)
700:Player,BR:0cc/cr142f:5dTd,5hKh|/2c6h6c:-100,100(-100.000000)
701:BR,Player:0r200c/r747f:TdJs,8dAd|/7s9s9h:300,-300(300.000000)
702:Player,BR:0cc/cr1761f:6cJd,5sTc|/3h8sAh:-100,100(-100.000000)
703:BR,Player:0r130c/r2014f:3hKc,7cQh|/3c6sTc:230,-230(230.000000)
704:Player,BR:0cc/cr876f:4d5h,JhAh|/2s3c4h:-100,100(-100.000000)
705:BR,Player:0r200c/r2627f:7hQc,QsAh|/8c9sJc:300,-300(300.000000)
706:Player,BR:0cc/cr3080f:3d6c,4h7c|/4sTcKh:-100,100(-100.000000)
707:BR,Player:0f:4hAc,2sTd|:50,-50(50.000000)
708:Player,BR:0cr300c/cr162f:6hTc,QdAh|/2s3cKs:-400,400(-400.000000)
709:BR,Player:0f:2c7s,3c9h|:50,-50(50.000000)
710:Player,BR:0cc/cr876f:2h5c,3sAh|/4hTcKh:-100,100(-100.000000)
711:BR,Player:0r130c/r871f:2sQd,JcKs|/4d6hQs:230,-230(230.000000)
712:Player,BR:0cc/cr124c/cc/cc:3hKs,TsQc|/4s4hQd/As/Jh:-224,224(-104.175107)
713:BR,Player:0r130c/r1001f:4dJc,6h7h|/5d7dAd:230,-230(230.000000)
714:Player,BR:0cr200c/cr2627f:8sQc,6dTh|/2h9dQd:-300,300(-300.000000)
715:BR,Player:0r200c/r2627f:4d8s,2sAs|/9sJhJd:300,-300(300.000000)
716:Player,BR:0cr300c/cr3503f:ThQc,2hTd|/5h5cJh:-400,400(-400.000000)
717:BR,Player:0r130c/r1751f:9cTd,8dQh|/4c9h9d:230,-230(230.000000)
718:Player,BR:0cc/cr1761f:4sTs,8sTc|/JcQhQc:-100,100(-100.000000)
719:BR,Player:0r200c/r140c/cr595c/cr1345f:6cKs,JcAh|/QsQcAc/5d/8s:-1035,1035(-1035.000000)
720:Player,BR:0cc/cr3080c/cc/r9120f:JdQh,6sQs|/8cJhJc/3d/Ks:3180,-3180(3180.000000)
721:BR,Player:0r200c/r19700f:7dKd,5s6h|/5d6dAd:300,-300(300.000000)
722:Player,BR:0cc/cr124r236r8102f:3cJc,7dAs|/5cJsJh:-460,460(-460.000000)
723:BR,Player:0r130c/r498c/cr307c/cr3105c:2dAd,5h6s|/4d9hAs/Kd/8s:4140,-4140(1937.945112)
724:Player,BR:0cc/cr124f:2s5d,4cAc|/7d9s9c:-100,100(-100.000000)
725:BR,Player:0cc/r435f:JcQd,2hKc|/7h8s9s:100,-100(100.000000)
726:Player,BR:0cc/cr1761f:3h9s,5dKs|/4s7hTs:-100,100(-100.000000)
727:BR,Player:0r130c/r163c/cr665c/cc:2c8c,5s6d|/2h4h9c/Th/7s:1058,-1058(427.531519)
728:Player,BR:0cc/cr435f:5s9c,4dKd|/3d9hTs:-100,100(-100.000000)
729:BR,Player:0cc/r761c/cc/cc:AhAd,3sTh|/7cTsJh/6d/5h:861,-861(845.451566)
730:Player,BR:0cc/cr1532f:2sQh,QsAc|/6hKdAs:-100,100(-100.000000)
731:BR,Player:0r130c/r327f:3cQs,TsJh|/4h4d5h:230,-230(230.000000)
732:Player,BR:0cr300c/cr996c/cc/r3404f:QdAh,6d9s|/8dTdAd/4s/4c:1396,-1396(1396.000000)
733:BR,Player:0r130c/r163f:2c5s,2hQs|/5cKsAd:230,-230(230.000000)
734:Player,BR:0cc/cr876c/r974f:JdQs,4s4d|/8sJhQd/Jc:976,-976(976.000000)
735:BR,Player:0r130c/r327f:8sKh,2h5h|/6sQsQd:230,-230(230.000000)
736:Player,BR:0cc/cr435f:5sTh,6s9d|/3s3cAh:-100,100(-100.000000)
737:BR,Player:0cc/r142c/cr208f:2h3d,2dKs|/JsKcAd/Kd:-242,242(-242.000000)
738:Player,BR:0cc/cr435c/r515f:3hQc,6d9h|/3c8hQd/Ac:535,-535(535.000000)
739:BR,Player:0r200c/r1306f:2d7s,2cKs|/4s5d7h:300,-300(300.000000)
740:Player,BR:0cc/cr379f:5hQd,3dJd|/5c8sJc:-100,100(-100.000000)
741:BR,Player:0r200c/r2627f:3dTc,8sTs|/9hJsJh:300,-300(300.000000)
742:Player,BR:0cc/cr435f:3s9c,3h8s|/4s7hJd:-100,100(-100.000000)
743:BR,Player:0r200c/r212r1288r4480f:QhAs,3sJh|/2h6dTh:1800,-1800(1800.000000)
744:Player,BR:0cc/cr876f:2dAs,6sJs|/4s6cTh:-100,100(-100.000000)
745:BR,Player:0r130c/r1751f:8s9s,5d8c|/7s9hQs:230,-230(230.000000)
746:Player,BR:0cc/cr876f:7c9d,7d9s|/4h6hQd:-100,100(-100.000000)
747:BR,Player:0cc/r876f:3cJd,5s6d|/6h8hTs:100,-100(100.000000)
748:Player,BR:0cc/cr1532f:7d9c,4s5s|/8sTsQs:-100,100(-100.000000)
749:BR,Player:0r130c/r2014f:2sKs,7hAs|/3c9cQh:230,-230(230.000000)
750:Player,BR:0cc/cr1761f:3dTh,4s4c|/TcQcAd:-100,100(-100.000000)
751:BR,Player:0r130c/r1001c/cc/cc:3c9s,JcAd|/4hTcAs/3s/Th:-1231,1231(-569.871072)
752:Player,BR:0cr200c/cr2627f:KhAd,9sTc|/5s8dJh:-300,300(-300.000000)
753:BR,Player:0r130c/r1001f:TsJs,8sQc|/3c4c7s:230,-230(230.000000)
754:Player,BR:0cc/cr3080f:6s8c,7sJh|/2hTcKc:-100,100(-100.000000)
755:BR,Player:0r130c/r285c/cr175c/cc:3h5h,KhAc|/4s4h5d/4c/5s:690,-690(690.000000)
756:Player,BR:0cr300c/r520r2290f:6dTc,7hQc|/8dJcKc:-920,920(-920.000000)
757:BR,Player:0r200c/r649f:4sAs,6hAc|/8s8hJs:300,-300(300.000000)
758:Player,BR:0cc/cr876f:2hAs,2c6h|/8sThAc:-100,100(-100.000000)
759:BR,Player:0r130c/r163c/cr665c/cr3174c:6hAs,7sKc|/2c4d9h/Qs/Jh:4232,-4232(3090.007344)
760:Player,BR:0cr130c/cr2014f:7cKc,8hTc|/JhJdAd:-230,230(-230.000000)
761:BR,Player:0r200c/r1306f:3d6d,7cAc|/4h6sQh:300,-300(300.000000)
762:Player,BR:0cc/cr1532f:2c3h,9dKs|/3s9sTs:-100,100(-100.000000)
763:BR,Player:0r130c/r2014f:2h9h,KcAs|/4c5cTh:230,-230(230.000000)
764:Player,BR:0cr300c/r520r520r2792r2792f:5sQs,8hJc|/7sThAs:-4232,4232(-4232.000000)
765:BR,Player:0r200c/r2627f:2s4s,4dTh|/9hKsAh:300,-300(300.000000)
766:Player,BR:0cr300c/cr495c/cc/cc:8s8d,8c9c|/5d9dKs/Js/4c:-895,895(-586.239571)
767:BR,Player:0r130c/r285c/cc/cc:JhAh,3dKc|/2c4s4c/Jc/3h:515,-515(515.000000)
768:Player,BR:0cr600c/cr3047f:JdKs,3c8c|/4s6s6c:-700,700(-700.000000)
769:BR,Player:0r130c/r2014f:2dQd,TcAd|/3cTsKh:230,-230(230.000000)
770:Player,BR:0cc/cr124c/cc/cc:ThKd,5h8c|/7d7c8s/Js/Jh:-224,224(-177.146532)
771:BR,Player:0r130c/r2014f:6cTd,7cTs|/5sQhAc:230,-230(230.000000)
772:Player,BR:0cr200c/r900r900c/cc/r3420f:TsJd,TdQc|/QsKsAc/6s/5c:2100,-2100(2100.000000)
773:BR,Player:0cc/r216c/cc/cr374f:7d9c,7h8c|/4h7sKh/Qh/Th:-316,316(-316.000000)
774:Player,BR:0cr130c/r460f:TsJc,3c6s|/5dThJs:230,-230(230.000000)
775:BR,Player:0r130c/r1001r3599f:8sJh,9sKh|/7dJdKs:-1231,1231(-1231.000000)
776:Player,BR:0cc/cr876f:4c9c,2h8d|/9dTcQh:-100,100(-100.000000)
777:BR,Player:0r200c/r2627f:3sTd,JhKc|/4cKsAd:300,-300(300.000000)
778:Player,BR:0cc/cr435f:6d9c,7d8c|/2sTsQd:-100,100(-100.000000)
779:BR,Player:0r130c/r2014f:3sJh,6cQd|/8d9dQc:230,-230(230.000000)
780:Player,BR:0cc/cr1761f:8dKs,ThTc|/5cJhAh:-100,100(-100.000000)
781:BR,Player:0r200c/r2284r3716r7797f:3dTc,6hAh|/6cThTd:6300,-6300(6300.000000)
782:Player,BR:0cc/cr435f:2h4d,3c5c|/9s9h9d:-100,100(-100.000000)
783:BR,Player:0f:KdKc,2s6d|:50,-50(50.000000)
784:Player,BR:0cc/cr435c/cc/cc:7cJs,3s9d|/7d8s9c/3d/Ad:-535,535(-416.399289)
785:BR,Player:0r130c/r285f:6h7c,2cQh|/5h7dJs:230,-230(230.000000)
786:Player,BR:0cc/cr216c/cc/r374c:2hJs,KhKc|/2d2c7c/Jd/Ad:690,-690(114.774347)
787:BR,Player:0r200c/r2627f:5d8s,9hJs|/5s7hKh:300,-300(300.000000)
788:Player,BR:0cr200c/cr649r1121r5153f:7s8s,5dAh|/4h4d5c:-2070,2070(-2070.000000)
789:BR,Player:0r130c/r1001f:2s6c,7d9h|/9sTsQs:230,-230(230.000000)
790:Player,BR:0cc/cr124f:2d8h,3c9s|/6d9hQd:-100,100(-100.000000)
791:BR,Player:0r130c/r871f:9h9c,JdAc|/6h7hAh:230,-230(230.000000)
792:Player,BR:0cc/cr379f:4h9c,2dJs|/7d8hJd:-100,100(-100.000000)
793:BR,Player:0f:2s7c,2d5h|:50,-50(50.000000)
794:Player,BR:0cc/cr876f:2cTd,QhKh|/6dTsAs:-100,100(-100.000000)
795:BR,Player:0cc/r876f:3d4s,4c9d|/7d9cKs:100,-100(100.000000)
796:Player,BR:0cr130c/r299r299r2346f:6s7d,7cKc|/5h8sTd:828,-828(828.000000)
797:BR,Player:0cc/r435f:6c9c,5c6h|/8dTdKd:100,-100(100.000000)
798:Player,BR:0cc/cr876f:6dKs,2sQs|/5d6hAh:-100,100(-100.000000)
799:BR,Player:0r130c/r2014f:9cJs,9dTd|/2h3s8c:230,-230(230.000000)
800:Player,BR:0cr200c/cr649f:2cTc,8hQd|/3s6cQs:-300,300(-300.000000)
801:BR,Player:0r200c/r1306f:6s7d,4s9s|/2c3c8s:300,-300(300.000000)
802:Player,BR:0cc/cr435f:JhQd,3s7h|/2c3cAd:-100,100(-100.000000)
803:BR,Player:0r130c/r2014f:2cKh,7cKs|/3s5s8d:230,-230(230.000000)
804:Player,BR:0cr600c/cr3047f:4h6h,5cKd|/JsJhQs:-700,700(-700.000000)
805:BR,Player:0r130c/r19770f:5cJh,3d8d|/5d6hJc:230,-230(230.000000)
806:Player,BR:0cc/cr124c/cc/r236f:3sQh,8h9s|/8cQcKs/Kh/Ah:224,-224(224.000000)
807:BR,Player:0r130c/r1001c/cc/cc:3c8c,5sAs|/5d6s6c/Ts/4d:-1231,1231(-1231.000000)
808:Player,BR:0cc/cr435f:2dQc,3hJh|/4s6s7c:-100,100(-100.000000)
809:BR,Player:0cc/r379c/cc/cc:6sAc,2sJc|/3hJsAh/7s/5s:479,-479(418.606757)
810:Player,BR:0cr300c/cr495r945f:9sKs,TsTh|/5h9hKd:895,-895(895.000000)
811:BR,Player:0r130c/r2014f:3hAh,6c9s|/4hJdKd:230,-230(230.000000)
812:Player,BR:0cr200c/cr2627f:9hQh,2dQs|/3c4s5d:-300,300(-300.000000)
813:BR,Player:0r130c/cr460r982f:5dKc,7c8d|/6s6cTh:690,-690(690.000000)
814:Player,BR:0cc/cr379f:3hTc,6s6c|/3s4d5s:-100,100(-100.000000)
815:BR,Player:0r130c/r2014f:7dKh,7hJd|/2d5d8c:230,-230(230.000000)
816:Player,BR:0cr300c/r520r4005f:9hQc,5s5d|/2d7sQd:-920,920(-920.000000)
817:BR,Player:0cc/r876f:2d5d,9sKh|/6c8sTs:100,-100(100.000000)
818:Player,BR:0cc/cr1761f:2sTc,5h8c|/4dKhKd:-100,100(-100.000000)
819:BR,Player:0cc/r8194f:7dAd,2hKc|/7h9dTd:100,-100(100.000000)
820:Player,BR:0cc/cr435f:3c5s,4d6d|/2h5d8c:-100,100(-100.000000)
821:BR,Player:0r200c/r2627f:4dTs,JsJc|/2s7s7d:300,-300(300.000000)
822:Player,BR:0cc/cr216f:3cKs,6hKc|/5d6sTd:-100,100(-100.000000)
823:BR,Player:0cc/r435c/cc/cc:6cQd,3dTh|/3hKsKh/8c/Jc:-535,535(-535.000000)
824:Player,BR:0cr600c/cr3047c/r2133f:3h7h,8cTd|/6s6hJh/6d:3747,-3747(3747.000000)
825:BR,Player:0r130c/r2014f:4d7h,6cTh|/5d7sKs:230,-230(230.000000)
826:Player,BR:0cr200c/r390r6042f:TsKc,3s6d|/2s7cTh:-690,690(-690.000000)
827:BR,Player:0r130c/r1001f:9dQh,3hAd|/5d6sKc:230,-230(230.000000)
828:Player,BR:0cr130c/r299r9317f:TdKh,7hJd|/2h6sKs:-529,529(-529.000000)
829:BR,Player:0cc/r876c/cc/cc:4h9s,8sJc|/TcJsAd/5s/3d:-976,976(-976.000000)
830:Player,BR:0cc/cr124c/cc/r236c:3cKh,7cKd|/5hKsAh/Tc/8s:0,-0(-167.986873)
831:BR,Player:0r200c/r1306f:6dJs,6s6h|/2d4dTh:300,-300(300.000000)
832:Player,BR:0cr600c/cr1742f:2hTh,5s7h|/3d5hJc:-700,700(-700.000000)
833:BR,Player:0r200c/r1306f:3h9c,9dAd|/4c6hJc:300,-300(300.000000)
834:Player,BR:0cr300c/cr1514c/r100c/r866f:3cAc,QcKs|/6sKdAs/8d/2s:2014,-2014(2014.000000)
835:BR,Player:0r200c/r2627f:2d6d,2cAc|/5cJdKd:300,-300(300.000000)
836:Player,BR:0cc/cr3080f:5dJh,3cAc|/8dQhKh:-100,100(-100.000000)
837:BR,Player:0r130c/r1001c/cc/cr2472f:2d7s,TsKd|/4c9dTd/3c/5s:-1231,1231(-1231.000000)
838:Player,BR:0cr300c/cr1741f:7s8c,3s4d|/3h7dJs:-400,400(-400.000000)
839:BR,Player:0r200c/r1136f:JsKc,8cTh|/2s5hJd:300,-300(300.000000)
840:Player,BR:0cr300c/cr1741f:8h9d,4hKc|/5s7sAs:-400,400(-400.000000)
841:BR,Player:0r200c/r1306f:2c4d,9cQh|/6cKcAh:300,-300(300.000000)
842:Player,BR:0cc/cr124c/cc/r236c:7hQs,6s6c|/2hJdKh/4h/Jh:460,-460(112.620241)
843:BR,Player:0r130c/r2014f:3dAc,9h9d|/4h5cKs:230,-230(230.000000)
844:Player,BR:0cr200c/cr2627c/r1753f:QsKh,4dTs|/6hKsAs/6d:2927,-2927(2927.000000)
845:BR,Player:0r130c/r1001f:2h3h,7hKc|/4c6sQc:230,-230(230.000000)
846:Player,BR:0cc/cr379c/cc/r121c:3hKc,5hQd|/3c5cAh/9c/4d:-600,600(253.359005)
847:BR,Player:0r130c/r2014f:6sJc,5c6c|/4hKcAd:230,-230(230.000000)
848:Player,BR:0cr300c/cr1741f:2sQs,3cTc|/4h5s8h:-400,400(-400.000000)
849:BR,Player:0r200c/r2627f:8sAs,5hJc|/4cQdKc:300,-300(300.000000)
850:Player,BR:0cc/cr876f:3cQs,8dTc|/9cJcKs:-100,100(-100.000000)
851:BR,Player:0r130c/r1001f:3d6s,8cKs|/JdKhAh:230,-230(230.000000)
852:Player,BR:0cc/cr142f:4sTd,4dAd|/2d6s6c:-100,100(-100.000000)
853:BR,Player:0cc/r19900f:8hJs,4hKd|/6h7hJd:100,-100(100.000000)
854:Player,BR:0cc/cr876c/r584c/r780c:9cAs,5cKd|/7cTdAh/Qh/6h:2340,-2340(284.580278)
855:BR,Player:0cc/r19900f:5cKh,3hQc|/5s9dKd:100,-100(100.000000)
856:Player,BR:0cc/cr876f:2c8h,4hAd|/8cTsQs:-100,100(-100.000000)
857:BR,Player:0f:5c9d,3c7h|:50,-50(50.000000)
858:Player,BR:0cc/cr876f:4d7c,5dAh|/3s6h8s:-100,100(-100.000000)
859:BR,Player:0r130c/r498f:9h9d,TdAs|/3c6cJh:230,-230(230.000000)
860:Player,BR:0cc/cr100c/cc/r400c:2c5d,3c9h|/3h6dJd/6h/9d:-600,600(160.528653)
861:BR,Player:0r130c/cc/cr115c/cr1035f:2dQd,3h3c|/9hKcAh/3s/9s:-345,345(-345.000000)
862:Player,BR:0cr130c/cr2014f:7hKd,2s8d|/5h5d9c:-230,230(-230.000000)
863:BR,Player:0r130c/r2014f:2c4s,TdAh|/2s8cAs:230,-230(230.000000)
864:Player,BR:0cr300c/r520r4005f:9sTs,2cJs|/4cQhAs:-920,920(-920.000000)
865:BR,Player:0r130c/r1001f:5sAs,4c7c|/9sQdKd:230,-230(230.000000)
866:Player,BR:0cc/cr379c/r121c/r300c:7sAh,3dQs|/6s7hQc/9d/8c:-900,900(-544.588752)
867:BR,Player:0r130c/r2014f:2sKc,5dJc|/5s7cTc:230,-230(230.000000)
868:Player,BR:0cc/cr124f:6s9d,4hKh|/5hKsAs:-100,100(-100.000000)
869:BR,Player:0r130c/r1001c/cc/cr2472f:8s9d,8dKd|/3h5dQd/4h/5h:-1231,1231(-1231.000000)
870:Player,BR:0cr300c/r520r4005f:2c3c,2dAs|/2h8h9s:-920,920(-920.000000)
871:BR,Player:0f:6cAs,2d6s|:50,-50(50.000000)
872:Player,BR:0cc/cr876f:7cKh,6cKc|/3sJsJc:-100,100(-100.000000)
873:BR,Player:0r200c/r1306f:6dTh,4cKd|/6h8h9s:300,-300(300.000000)
874:Player,BR:0cr200c/cr5284f:5c6c,6dJs|/6hKcAd:-300,300(-300.000000)
875:BR,Player:0r200c/r2627f:7cTc,QhAc|/4d9sJs:300,-300(300.000000)
876:Player,BR:0cr600c/cr3047f:7d9s,4sJs|/3s4c5c:-700,700(-700.000000)
877:BR,Player:0r200c/r1136f:9cJc,7dAc|/9hJdQd:300,-300(300.000000)
878:Player,BR:0cc/cr435f:2hTs,2d6h|/2sKsAc:-100,100(-100.000000)
879:BR,Player:0r130c/r1001c/cc/cr3599f:5d8s,8cQc|/6hTcKc/Qd/Qh:-1231,1231(-1231.000000)
880:Player,BR:0cc/cr761f:3dJc,ThAh|/5c6cTd:-100,100(-100.000000)
881:BR,Player:0r130c/r1001c/cc/cr2472c:2sAc,7s8d|/3d5c6h/As/3c:3703,-3703(3134.402798)
882:Player,BR:0cc/cr216c/cc/cc:3d4c,6s6d|/4s5cKc/2s/Qd:-316,316(-235.678230)
883:BR,Player:0r200c/r1306f:8s8c,JhKh|/2s5sAd:300,-300(300.000000)
884:Player,BR:0cc/cr435f:6cKs,8sQc|/7s8cTc:-100,100(-100.000000)
885:BR,Player:0r200c/r1306f:8hKd,4sAd|/3h9hAh:300,-300(300.000000)
886:Player,BR:0cc/cr124c/cc/cc:6sTh,5s9c|/6c9sKd/9d/Jd:-224,224(-189.105252)
887:BR,Player:0r130c/r1001r2472r2472r13825f:TsQs,9cAd|/7d9hAs:-6175,6175(-6175.000000)
888:Player,BR:0cc/cr435c/r515c/r210c:TdJh,7dQc|/2d8h9h/9d/6c:-1260,1260(393.200018)
889:BR,Player:0r130c/r2014f:2sKd,6cAh|/5d9dTs:230,-230(230.000000)
890:Player,BR:0cr200c/cr2627f:TsJc,8sTc|/4s7d9h:-300,300(-300.000000)
891:BR,Player:0r200c/r212c/cc/cc:9sKs,5dJc|/QhQcKd/Kc/8d:512,-512(512.000000)
892:Player,BR:0cr130c/cr1001f:4s4c,2h6h|/7hJsQs:-230,230(-230.000000)
893:BR,Player:0cc/r3080f:4sTd,5h9d|/2d2c8s:100,-100(100.000000)
894:Player,BR:0cr300c/cr3503f:5cTd,2s2d|/4c7dTc:-400,400(-400.000000)
895:BR,Player:0r200c/r2627c/cr2923f:4h8h,7dQh|/7c9sQd/2h:-2927,2927(-2927.000000)
896:Player,BR:0cr300c/r520r2290f:6sKs,4sQh|/3hJcKh:-920,920(-920.000000)
897:BR,Player:0cc/r379c/cc/cc:4hKs,4s5h|/5dQhKh/Kd/Kc:479,-479(479.000000)
898:Player,BR:0cr200c/cr1306f:9s9c,3dTs|/2sKhAs:-300,300(-300.000000)
899:BR,Player:0cc/r124c/cr236c/cr598c:7h7c,4sAh|/2hKcAc/Ad/8c:-1058,1058(-85.219476)
900:Player,BR:0cr600c/cr3047f:6s6d,3d4d|/8dThAd:-700,700(-700.000000)
901:BR,Player:0cc/cr130r14250f:6cJs,5dAh|/2d3h9h:230,-230(230.000000)
902:Player,BR:0cc/cr876f:4dAs,QsAh|/6d9sJs:-100,100(-100.000000)
903:BR,Player:0cc/r876f:5hTh,2d4d|/2h7dKh:100,-100(100.000000)
904:Player,BR:0cc/cr435f:9hQs,6sTc|/4s4dKh:-100,100(-100.000000)
905:BR,Player:0r130c/r2014f:4s9d,5h7c|/5d6sTc:230,-230(230.000000)
906:Player,BR:0cc/cr435f:4dKh,9cQc|/2c5h8s:-100,100(-100.000000)
907:BR,Player:0r130c/r2014f:3d9s,7cTc|/3sJsQd:230,-230(230.000000)
908:Player,BR:0cc/cr435f:5d7h,2h8c|/9hJdQs:-100,100(-100.000000)
909:BR,Player:0r200c/r1306f:2dJs,8hQd|/4h7dAd:300,-300(300.000000)
910:Player,BR:0cc/cr876f:6h8d,7hQh|/2hJdAd:-100,100(-100.000000)
911:BR,Player:0r130c/r2014f:4c5h,6sJh|/2sJcAd:230,-230(230.000000)
912:Player,BR:0cc/cr435f:8hJd,JcQd|/5c7cKc:-100,100(-100.000000)
913:BR,Player:0f:8hAh,3d8c|:50,-50(50.000000)
914:Player,BR:0cc/cr761f:4hQh,9hTd|/2s6c9c:-100,100(-100.000000)
915:BR,Player:0r130c/r498f:2cJs,4cQh|/2s8d8c:230,-230(230.000000)
916:Player,BR:0cr200c/cr1136f:5hKh,8s9s|/2d7d9c:-300,300(-300.000000)
917:BR,Player:0r200c/r427c/cr1343f:4h5d,9dKc|/2c9cTs/9s:-727,727(-727.000000)
918:Player,BR:0cr300c/r800r800c/cc/r7600c:5d7s,7dAd|/6h8hJs/2c/Jd:-9600,9600(-9507.349995)
919:BR,Player:0r130c/r2014f:4d8c,5c7d|/3hThTd:230,-230(230.000000)
920:Player,BR:0cc/cr3080f:3c7s,4d8c|/4cTdJc:-100,100(-100.000000)
921:BR,Player:0r130c/r2014f:2s5c,2cAh|/5sJcQs:230,-230(230.000000)
922:Player,BR:0cr200c/r600f:2d4d,2s2c|/7dKsAd:300,-300(300.000000)
923:BR,Player:0r130c/r285f:5c6h,8hQd|/4h6dKs:230,-230(230.000000)
924:Player,BR:0cc/cr1761f:6cJh,2s9d|/2c7cTs:-100,100(-100.000000)
925:BR,Player:0r130c/r327f:2d5h,9hAs|/5d7s7d:230,-230(230.000000)
926:Player,BR:0cr200c/cr2627f:JcQc,9hKc|/5h7sAh:-300,300(-300.000000)
927:BR,Player:0r130c/r1751f:2hAh,5h7d|/2cQdAc:230,-230(230.000000)
928:Player,BR:0cr300c/r520r1309c/r1083f:6s6c,JsQc|/6d9sAh/5d:2229,-2229(2229.000000)
929:BR,Player:0r130c/r285c/cc/cr865f:7s7c,JdAs|/5h5cQs/Ah/6c:-515,515(-515.000000)
930:Player,BR:0cr300c/cr1741c/cc/r1219f:3dAd,3sTh|/2h4d9h/Js/Qh:2141,-2141(2141.000000)
931:BR,Player:0r130c/r2014f:5dKc,4d6h|/6d8sQs:230,-230(230.000000)
932:Player,BR:0cr200c/cr371c/cc/cc:JcAs,9sJh|/5s9dTc/7s/7h:-671,671(-452.555044)
933:BR,Player:0r200c/r1306c/cc/cr6794f:2h5h,9sAs|/TcQsKd/4d/Kc:-1606,1606(-1606.000000)
934:Player,BR:0cc/cr876f:6dTh,6hJs|/3s7cAd:-100,100(-100.000000)
935:BR,Player:0r130c/r2014f:7cTd,JsKc|/3c6cAh:230,-230(230.000000)
936:Player,BR:0cc/cr876f:3s5c,4sAc|/6h8sTh:-100,100(-100.000000)
937:BR,Player:0r200c/r1306c/cc/cr4694f:2h9s,KhAh|/7cJcAs/5s/7d:-1606,1606(-1606.000000)
938:Player,BR:0cc/cr876c/cc/r584c:2s6s,QsKh|/2h6cTh/Ac/2d:1560,-1560(774.508865)
939:BR,Player:0r200c/r1306f:6sQc,8sJh|/2s3c4c:300,-300(300.000000)
940:Player,BR:0cr200c/cr121c/r779c/cc:TcJc,9sQc|/9dKdAs/9c/Ad:-1200,1200(-1200.000000)
941:BR,Player:0r130c/r285c/cc/cr1325c:8dTd,8c9s|/2sTsJh/Ks/Th:1840,-1840(1840.000000)
942:Player,BR:0cr130c/cr2014c/cc/r2241f:8d8c,6dJs|/3d7s7h/4h/As:2244,-2244(2244.000000)
943:BR,Player:0f:7c9s,2d8h|:50,-50(50.000000)
944:Player,BR:0cc/cr379f:2d6s,8sJc|/5s5dJs:-100,100(-100.000000)
945:BR,Player:0r300c/r495f:8dJc,8sKd|/3cJsQd:400,-400(400.000000)
946:Player,BR:0cr300c/cr3503f:7sJs,7dJd|/5dThAd:-400,400(-400.000000)
947:BR,Player:0r130c/r1001f:6cQs,4sKc|/JdKhAc:230,-230(230.000000)
948:Player,BR:0cc/cr876f:3s9d,7hKh|/2c5sTh:-100,100(-100.000000)
949:BR,Player:0f:2cQc,3sTc|:50,-50(50.000000)
950:Player,BR:0cc/cr100f:6cJh,2h3s|/2s7sQh:-100,100(-100.000000)
951:BR,Player:0r200c/r427f:4d6c,QsKs|/2h8h9c:300,-300(300.000000)
952:Player,BR:0cc/cr1761c/r1589c/r1725c:ThQd,5hQs|/TdQcKs/8s/2c:5175,-5175(2992.080320)
953:BR,Player:0r130c/r871f:4dKh,8dQs|/2h9sKd:230,-230(230.000000)
954:Player,BR:0cc/cr1761f:8dTs,3c4h|/JcQdQc:-100,100(-100.000000)
955:BR,Player:0r130c/r2014f:3c5d,4s7s|/8s9hQd:230,-230(230.000000)
956:Player,BR:0cc/cr124c/cc/cc:4hAs,2sQd|/5sQcKs/5c/7d:-224,224(-58.865512)
957:BR,Player:0f:3s9h,3c7h|:50,-50(50.000000)
958:Player,BR:0cc/cr876f:5hTd,3d7h|/4h4dQs:-100,100(-100.000000)
959:BR,Player:0r130c/r2014f:4d9d,2cAh|/4s6sKc:230,-230(230.000000)
960:Player,BR:0cc/cr379c/cc/r121c:4s5d,3hAh|/2h3dTd/Jc/8h:-600,600(227.018948)
961:BR,Player:0r130c/r2014f:2c6s,7h8c|/3d8dTd:230,-230(230.000000)
962:Player,BR:0cr600c/r910r7009f:4s5d,6d7c|/3cJsQs:-1610,1610(-1610.000000)
963:BR,Player:0f:4h4d,2d4s|:50,-50(50.000000)
964:Player,BR:0cr300c/cr1741f:6dJd,4sQc|/5h6c9c:-400,400(-400.000000)
965:BR,Player:0r200c/r1306f:TdKs,2s4s|/2d5d7s:300,-300(300.000000)
966:Player,BR:0cc/cr876f:2sAc,2h3c|/4s4hQh:-100,100(-100.000000)
967:BR,Player:0f:8hTd,2dTc|:50,-50(50.000000)
968:Player,BR:0cc/cr435f:2s6c,6dJc|/5h9dQh:-100,100(-100.000000)
969:BR,Player:0f:6d8s,3dTh|:50,-50(50.000000)
970:Player,BR:0cr300c/cr10715r8885c/cc/cc:JdKd,ThQh|/QdQcKs/3s/6c:-20000,20000(-7984.502934)
971:BR,Player:0r130c/r1001f:TsQh,TcAc|/8s8hAh:230,-230(230.000000)
972:Player,BR:0cc/cr379f:3sQc,TsKs|/4d8cKh:-100,100(-100.000000)
973:BR,Player:0r200c/r2627f:9cJs,4h4d|/3h5cKh:300,-300(300.000000)
974:Player,BR:0cc/cr876f:3sJd,5cTh|/4c6hAd:-100,100(-100.000000)
975:BR,Player:0f:4d7s,2h4c|:50,-50(50.000000)
976:Player,BR:0cc/cr876f:3c6d,JhJc|/8s9sQs:-100,100(-100.000000)
977:BR,Player:0cc/r876f:2c9h,4cQc|/6s6h7h:100,-100(100.000000)
978:Player,BR:0cc/cr216f:3hJs,7d9d|/4h7cQd:-100,100(-100.000000)
979:BR,Player:0f:2s5c,3s7d|:50,-50(50.000000)
980:Player,BR:0cc/cr876f:4sJh,8cAh|/2s9hKs:-100,100(-100.000000)
981:BR,Player:0r130c/r285c/cc/cr865f:3c6d,8sTs|/4s4h6h/Tc/Kd:-515,515(-515.000000)
982:Player,BR:0cc/cr124c/cc/cc:6hKd,2hAd|/9s9hAc/Qh/Qc:-224,224(-72.548153)
983:BR,Player:0r130c/r2014f:8hKs,6hQs|/3s5hJc:230,-230(230.000000)
984:Player,BR:0cc/cr216f:6hQd,7s8s|/3d8cAc:-100,100(-100.000000)
985:BR,Player:0cc/r124c/cc/cc:QhQd,4c9s|/4sJdAd/Ts/7h:224,-224(224.000000)
986:Player,BR:0cr300c/r1200r1200c/cc/r10000f:4s4d,TsTc|/4h6d9d/Jc/Qc:2800,-2800(2800.000000)
987:BR,Player:0r130c/r285f:4dQd,8hTd|/2c4cAh:230,-230(230.000000)
988:Player,BR:0cr300c/cr1514f:5cKc,AhAc|/4s4h8d:-400,400(-400.000000)
989:BR,Player:0r130c/r1001f:5hTd,2dQh|/3s6s8c:230,-230(230.000000)
990:Player,BR:0cr300c/cr3503r11697f:AsAd,2c8c|/6sJdKd:3903,-3903(3903.000000)
991:BR,Player:0r130c/r871f:5dKc,7sTd|/4sQdKh:230,-230(230.000000)
992:Player,BR:0cr200c/r600r2240f:8s8c,5sKd|/6s7cJd:-900,900(-900.000000)
993:BR,Player:0r130c/r1001f:2cJh,5hJd|/8hTdKd:230,-230(230.000000)
994:Player,BR:0cr200c/cr1306f:9hAd,7hJh|/3d6d7s:-300,300(-300.000000)
995:BR,Player:0r200c/r2627f:7sKd,8hAs|/9hQdAd:300,-300(300.000000)
996:Player,BR:0cr300c/r800r1708f:6h9s,3h4c|/7hTsAd:-1200,1200(-1200.000000)
997:BR,Player:0cc/r435c/cr1075c/cc:TdJd,7hJh|/2c6c7d/6d/Ac:-1610,1610(31.678508)
998:Player,BR:0cr300c/cr3503f:8s9h,3s5d|/5c7cJh:-400,400(-400.000000)
999:BR,Player:0cc/r876f:3h9s,4c8d|/ThQsAs:100,-100(100.000000)
1000:Player,BR:0cc/cr761f:6sJd,AsAh|/3s7dTc:-100,100(-100.000000)
RAW BR STATS: n=1000, sum=101186.000000, sum_sq=2745759560.000000, vr_sum=52296.602946, vr_sum_sq=1294277271.461468
BR STATS: 101.186000(102.512328), 52.296603(70.438548)
RESULTS
1)BR: 101186
2)Player: -101186
