In config file: GAME_DEF=game_def.fullholdem
In config file: ACTIONS_R0=F,C
In config file: ACTIONS_R1=F,C
In config file: ACTIONS_R2=F,C
In config file: ACTIONS_R3=F,C
Loading player: rgbr_nl_cprg.so
Player args: /home/viliam/cprg/project_uoapoker/trunk/src/c/meta_player.so /home/viliam/cprg/project_uoapoker/trunk/src/c/acpc14.map
Using seed 41.
1:BR,Player:0r130c/cr299c/cc/cc:4sKs,9cQc|/4h4c8c/8h/2d:529,-529(529.000000)
2:Player,BR:0cc/cc/cc/cc:6dTd,8hJs|/2s8cKs/Ts/5c:100,-100(-62.823748)
3:BR,Player:0cc/cc/cc/cr300c:JsAs,3h6d|/4d8dAh/Tc/Th:400,-400(400.000000)
4:Player,BR:0cc/cc/cc/cc:5d6c,8h9c|/3hJhQh/Jc/As:-100,100(45.831107)
5:BR,Player:0r200c/cr390c/cc/cr2070c:3dJc,5d6h|/TdJsAd/6s/Qc:2760,-2760(2760.000000)
6:Player,BR:0cc/cc/r130c/cc:4cTc,3sAc|/7s9s9c/9d/5s:-230,230(-127.567296)
7:BR,Player:0r130c/cc/cr690f:5dTc,9cJd|/6sKdAs/4h:-230,230(-230.000000)
8:Player,BR:0cr300c/cc/cc/cc:3s3c,6sQs|/2c9hKh/7h/4h:400,-400(389.805686)
9:BR,Player:0r200c/cr390c/cr1380f:8hQs,JhJc|/3h4s4h/5c:-690,690(-690.000000)
10:Player,BR:0cc/cc/cc/cc:6d8h,3s9d|/JhJdAs/4s/8s:100,-100(56.188194)
11:BR,Player:0f:6hTs,2c5d|:50,-50(50.000000)
12:Player,BR:0cc/cc/r130c/r299c:7sKc,9sJs|/6d9dTc/8h/Qd:-529,529(-457.022347)
13:BR,Player:0r130c/cc/cc/cr299c:QhQd,4cAd|/2hTcAc/Jc/3s:-529,529(252.189896)
14:Player,BR:0cc/cc/cc/r130c:3h9s,8dTc|/2h3d4c/Ts/Kd:-230,230(-134.414963)
15:BR,Player:0r200c/cc/cc/cr390c:3s3c,4hQs|/8hQdKc/9s/7c:-690,690(-145.180672)
16:Player,BR:0cr200c/r390c/cc/cc:5cQc,8dKh|/4s4c5h/3c/7h:690,-690(56.861237)
17:BR,Player:0r130c/cr299f:5h6h,5c8c|/2s2dAc:-230,230(-230.000000)
18:Player,BR:0cr300c/cc/cc/r800c:9dAh,ThJd|/5d6d7d/Qd/2h:-1200,1200(-1003.034364)
19:BR,Player:0cc/cc/cc/cc:7cQs,2sJd|/2c5hTs/9s/Ks:-100,100(-65.825010)
20:Player,BR:0cc/cc/r300c/cc:7h8c,4cJc|/2hTsJh/4s/7s:-400,400(-389.367021)
21:BR,Player:0r130c/cc/cr299c/cr687c:3hAc,3d5c|/6hJdKs/Qd/Ah:1216,-1216(142.290701)
22:Player,BR:0cc/cc/r130c/r115c:4s8d,QdKc|/2d4d8h/6d/7d:-345,345(-237.251192)
23:BR,Player:0cc/cc/cc/cc:8hAh,7hJd|/2h2dKh/Kc/Ts:100,-100(100.000000)
24:Player,BR:0cr300f:7s8h,5c6d|:100,-100(100.000000)
25:BR,Player:0r130c/cr299c/cr1587c/cr4232c:3dJd,7d8h|/9hQsKh/Ah/Qd:6348,-6348(5288.946597)
26:Player,BR:0cc/cc/cc/cc:3hQd,8cTd|/7hTcKd/6h/Ac:-100,100(-90.879061)
27:BR,Player:0r130c/cc/cr460f:2dTs,5cKd|/5h9dJs/4s:-230,230(-230.000000)
28:Player,BR:0cc/cc/cc/cc:4cQs,4hKd|/2s9dJc/5d/Ac:-100,100(37.806186)
29:BR,Player:0r200c/cr600c/cc/cc:6s6d,4cJs|/7cTdAc/9c/Tc:-900,900(-750.844109)
30:Player,BR:0cr300c/cc/cc/cc:2dJd,2hQs|/8hJsQh/Ts/Ah:-400,400(-73.970387)
31:BR,Player:0r200c/cr600c/cc/cc:TsQs,8s9s|/3h6cAd/Tc/3s:900,-900(761.265489)
32:Player,BR:0cc/cc/cc/cc:3c9d,2c4d|/TsJsJc/Th/Tc:0,-0(7.128110)
33:BR,Player:0f:3h9d,2s5d|:50,-50(50.000000)
34:Player,BR:0cc/cc/cc/r130c:2hTs,6hJh|/6dTdAs/Qs/7d:230,-230(-2.574915)
35:BR,Player:0r200c/cc/cc/cc:2dJh,9dAh|/3s5d8c/8h/Jd:300,-300(300.000000)
36:Player,BR:0cr200c/cc/cc/r390c:5cJd,JcQd|/2s9hKc/Js/7d:-690,690(-514.595002)
37:BR,Player:0r200c/cr390c/cc/cc:6dJh,7dQs|/3d5cJs/Kh/6h:690,-690(690.000000)
38:Player,BR:0cr200c/r390c/r345f:JcKs,8dJd|/9dKcAh/Ac:690,-690(690.000000)
39:BR,Player:0r200c/cc/cr390c/cr2070c:7cTs,9sKc|/4c7hJs/5h/7s:2760,-2760(2760.000000)
40:Player,BR:0cr130c/cc/r115c/r448f:JhJc,3c9c|/3hKsKd/Th/Kc:345,-345(345.000000)
41:BR,Player:0r130c/cr299c/cc/cc:3s6s,8c9d|/7sTdKs/4h/7d:-529,529(-498.842075)
42:Player,BR:0cc/cc/cc/cc:3sKh,TsQh|/4d6cQd/4c/7s:-100,100(-94.512440)
43:BR,Player:0r130c/cc/cc/cr460f:4d7c,6hAc|/3c7dTc/Ah/8h:-230,230(-230.000000)
44:Player,BR:0cr200c/cc/cc/cc:4d7h,KdAc|/TcQsAd/7d/Kh:-300,300(-248.225868)
45:BR,Player:0r200c/cc/cc/cc:8dQd,TsKh|/3h3c5c/4s/5h:-300,300(-219.323007)
46:Player,BR:0cc/cc/cc/cc:8cKd,9sQc|/TcQsQd/3d/5c:-100,100(-98.192569)
47:BR,Player:0r130c/cc/cc/cr460c:9sQs,8dQc|/2h6sAc/7s/9d:690,-690(201.751795)
48:Player,BR:0cc/cc/cc/r130c:2sTd,7cAd|/4c9s9h/5s/3s:-230,230(62.415806)
49:BR,Player:0r130c/cc/cc/cc:4h7c,JcKd|/3h5s7s/8c/3c:230,-230(230.000000)
50:Player,BR:0cr600c/r910f:8dTs,4sJs|/3d8sTc:700,-700(700.000000)
51:BR,Player:0r130c/cc/cc/cr299f:2d6c,9hQd|/4hKhKd/2c/Qc:-230,230(-230.000000)
52:Player,BR:0cr300c/cc/cc/cc:7hTs,4cAh|/7d8sAs/3s/5h:-400,400(-239.608635)
53:BR,Player:0r130c/cc/cr460c/cr1380f:5hAc,4hJc|/7h8sTc/6d/9d:-690,690(-690.000000)
54:Player,BR:0cr200c/cc/cc/cc:9dAh,QcKc|/9cJhKs/Td/6d:-300,300(-285.754365)
55:BR,Player:0r130c/cc/cc/cc:3c6h,9cKs|/5h5c7d/Td/Ad:-230,230(-230.000000)
56:Player,BR:0cr600c/cc/cc/r140c:KhKd,JcKc|/7h8s9s/Ah/4c:840,-840(378.067126)
57:BR,Player:0r200c/cr600c/cr1800c/cc:5c7d,9dQh|/2h5h6s/Td/5d:2700,-2700(2700.000000)
58:Player,BR:0cr200c/cc/cc/cc:9dQd,4h9c|/5h9sJc/Kc/As:300,-300(-72.061787)
59:BR,Player:0cc/cr130c/cr299f:5cAs,8dTs|/7s9hTh/5h:-230,230(-230.000000)
60:Player,BR:0cr300c/r520c/r1840c/cc:JdJc,2sKd|/8dTsQc/Ks/Kc:-2760,2760(-2519.394357)
61:BR,Player:0r130c/cc/cc/cr299c:9cJd,TsKs|/4c6hAd/Kh/3s:-529,529(-224.947294)
62:Player,BR:0cr300c/cc/cc/r200c:4c7c,2hKs|/3d7dTs/3h/6s:600,-600(336.034020)
63:BR,Player:0r130c/cc/cc/cr299c:2cJd,TsQd|/5cJhKd/Tc/6s:529,-529(255.718114)
64:Player,BR:0cc/cc/r200c/r390c:4d8d,TsJc|/2d3h3d/4c/Td:690,-690(-303.481880)
65:BR,Player:0cc/cc/cr130c/cc:8sJs,4h8c|/5d9dKs/Qc/Ts:230,-230(230.000000)
66:Player,BR:0cr300c/r1200c/cc/r4800c:8dAd,JhAc|/4dQdKh/4c/7c:0,-0(1385.339629)
67:BR,Player:0r130c/cr299c/cr687f:2d7s,JcQs|/7cTcQh/Jh:-529,529(-529.000000)
68:Player,BR:0cr200f:QhQc,2h5d|:100,-100(100.000000)
69:BR,Player:0r200c/cc/cc/cc:8dAc,3d3c|/2s2d6d/9d/Ah:300,-300(300.000000)
70:Player,BR:0cc/cc/r130c/r115c:6sTc,8h8d|/5h7dJd/3c/Ks:-345,345(-126.376642)
71:BR,Player:0r200c/cr390c/cc/cc:4c8d,7hTh|/4d6cQd/2s/Ad:690,-690(211.922592)
72:Player,BR:0cc/cc/cc/cc:2dKs,QcAd|/6c7hJd/Jh/8h:-100,100(-58.799112)
73:BR,Player:0r130c/cc/cr299c/cr1058f:2c6c,5dKs|/6s8sAc/Kc/5h:-529,529(-529.000000)
74:Player,BR:0cc/cc/cc/cc:4cTh,TcQd|/3h4s7h/Jh/6s:100,-100(89.355884)
75:BR,Player:0f:TcAh,2c7d|:50,-50(50.000000)
76:Player,BR:0cc/cc/cc/r130c:5c9d,8cKh|/TdAsAd/Kc/9s:-230,230(-225.732608)
77:BR,Player:0r130c/cc/cc/cc:TdAs,8sQd|/2s9hAc/3s/2h:230,-230(230.000000)
78:Player,BR:0cr200c/cc/cc/cc:3s3d,6sQc|/8c9sKd/Ts/4s:300,-300(300.000000)
79:BR,Player:0r130c/cc/cc/cc:3hJd,3dKh|/5d8cJc/8s/Ts:230,-230(230.000000)
80:Player,BR:0cc/cc/cc/cc:8hTd,6cJd|/3hKsKc/Ad/Js:-100,100(-73.043779)
81:BR,Player:0r130c/cc/cr299f:5sQh,2cJs|/7cJcAd/6s:-230,230(-230.000000)
82:Player,BR:0cr200c/r390c/cc/cc:3s4s,8s9c|/6s8dAc/Jc/Qc:-690,690(80.394191)
83:BR,Player:0f:8cKh,2s3c|:50,-50(50.000000)
84:Player,BR:0cr130c/cc/cc/r115c:7hQd,4cAd|/4s6s9c/4d/3d:-345,345(-345.000000)
85:BR,Player:0f:QcKs,2c9d|:50,-50(50.000000)
86:Player,BR:0cr200c/r390c/cc/cc:3hTh,9dJs|/4d8cAh/9s/4c:-690,690(-662.057156)
87:BR,Player:0r200c/cc/cc/cc:9cJc,4sAc|/5c7d8h/3c/Kd:-300,300(-300.000000)
88:Player,BR:0cc/cc/cc/cc:8cQs,4cKh|/5dAsAh/4s/4h:-100,100(-93.057145)
89:BR,Player:0r200c/cr390c/cr897f:4dKc,5sQh|/TcJdKs/As:-690,690(-690.000000)
90:Player,BR:0cc/cc/cc/cc:2h5c,TsTh|/JsQcKs/3h/7s:-100,100(-51.771627)
91:BR,Player:0cc/cr130c/cc/cc:7dTh,2dJh|/5h6h7s/Qd/Jc:-230,230(77.047805)
92:Player,BR:0cc/cc/r130c/cc:8cQs,6sAc|/4h6dJh/5s/8d:230,-230(-6.862380)
93:BR,Player:0r130c/cr299c/cc/cr1058c:4hTd,3d9d|/8sJhKc/6d/Kh:1587,-1587(117.312196)
94:Player,BR:0cc/cc/cc/cc:5hJc,6cJs|/2h3dAd/Jd/Ts:-100,100(-71.806818)
95:BR,Player:0r200c/cc/cc/cr390f:5d8d,3d5s|/6cQcKh/2c/Ac:-300,300(-300.000000)
96:Player,BR:0cc/cc/cc/r130c:5hTc,2hAh|/6sJsAs/3h/9c:-230,230(-148.385769)
97:BR,Player:0f:3hQc,2d9s|:50,-50(50.000000)
98:Player,BR:0cc/cc/cc/cc:4dQc,6h8c|/5s6sAh/6d/6c:-100,100(-100.000000)
99:BR,Player:0cc/cr130c/cr299f:3sQc,2cJs|/6h9cJd/7s:-230,230(-230.000000)
100:Player,BR:0cr300c/cc/r800c/r2400c:JhJc,4cTs|/4h4d6h/4s/Jd:-3600,3600(-3600.000000)
101:BR,Player:0f:JdKs,3c9s|:50,-50(50.000000)
102:Player,BR:0cr600f:4cKc,3c4s|:100,-100(100.000000)
103:BR,Player:0r200c/cr600c/cc/cc:2cJh,4c6s|/7sJcQc/7c/Qd:900,-900(755.883017)
104:Player,BR:0cc/cc/cc/r130f:6hQd,4dTc|/9dQhKs/6c/9h:100,-100(100.000000)
105:BR,Player:0r200c/cc/cc/cc:6d9c,7sKc|/2d6c9d/9h/Th:300,-300(300.000000)
106:Player,BR:0cc/cc/cc/cc:2c6d,4sTs|/2dTcKh/4d/2s:100,-100(-66.491856)
107:BR,Player:0r130c/cr299c/cc/cr1058f:7c9d,9hJh|/6s7sQd/4s/5s:-529,529(-529.000000)
108:Player,BR:0cc/cc/cc/r130f:2s6c,2c8h|/7hThTd/9c/3c:100,-100(100.000000)
109:BR,Player:0r130c/cr299c/cr1058f:9dTh,6sKs|/4sQsKc/3d:-529,529(-529.000000)
110:Player,BR:0cc/cc/cc/r130f:2cKd,4h5s|/3d6cQs/3c/Ks:100,-100(100.000000)
111:BR,Player:0cc/cr130c/cr299c/cr687c:5d5c,3sJc|/2d5h9s/9h/Tc:1216,-1216(1216.000000)
112:Player,BR:0cc/cc/r130c/cc:5s9d,8s8h|/4cKdAs/4h/5c:-230,230(-123.722920)
113:BR,Player:0r130c/cc/cc/cr299f:5c6c,3d6h|/7hJsJh/5h/Qs:-230,230(-230.000000)
114:Player,BR:0cc/cc/r130c/cc:4s9s,8sTc|/2dQsKs/7d/9h:230,-230(50.319154)
115:BR,Player:0r130c/cc/cc/cr299c:2dQd,JhJd|/3sQsAd/Ts/7h:529,-529(210.885895)
116:Player,BR:0cr200c/cc/cc/r150f:9h9d,7cTs|/4h5cKc/As/Kd:300,-300(300.000000)
117:BR,Player:0r130c/cc/cc/cc:5d5c,3cQc|/4d9cKs/Ac/As:230,-230(219.746572)
118:Player,BR:0cc/cc/cc/cc:4hQs,7s9h|/2s7cJs/Kd/Ac:-100,100(-36.428598)
119:BR,Player:0r200c/cc/cr150c/cc:8dJs,JhKh|/2h2dAs/6s/Ks:-450,450(-355.477629)
120:Player,BR:0cr300c/r520c/r1840c/r3588c:6d7d,TdQh|/3h4s4c/5c/Jh:6348,-6348(-1240.503649)
121:BR,Player:0r300c/cc/cc/cc:7dKs,5sKh|/ThTdJh/5d/7c:400,-400(400.000000)
122:Player,BR:0cr200c/r390c/cc/cc:3d4s,5d8s|/2s9sKd/Ac/8h:-690,690(-322.257732)
123:BR,Player:0f:3s9h,3c8s|:50,-50(50.000000)
124:Player,BR:0cc/cc/r300f:6h9h,3c6d|/5c8hKh/Jc:100,-100(100.000000)
125:BR,Player:0r130c/cc/cr690f:3cJd,6hQc|/4hTdQd/2c:-230,230(-230.000000)
126:Player,BR:0cr600f:8sJc,4dTc|:100,-100(100.000000)
127:BR,Player:0r200c/cc/cr600c/cc:6d8c,6cAh|/8hTdAc/6s/9h:-900,900(317.063810)
128:Player,BR:0cc/cc/cc/cc:6hAd,4cJs|/2d3sTh/8h/8c:100,-100(78.786278)
129:BR,Player:0r130c/cc/cc/cr299f:2hJc,6cTd|/4sQcKs/8c/Jh:-230,230(-230.000000)
130:Player,BR:0cc/cc/r300c/r800f:3dAh,7h8c|/4hQdAd/5s/2d:400,-400(400.000000)
131:BR,Player:0cc/cc/cr130c/cr460f:3d6c,TdQh|/3h5d8s/Qd/Js:-230,230(-230.000000)
132:Player,BR:0cr200f:5sAd,3s4c|:100,-100(100.000000)
133:BR,Player:0r130c/cc/cr299c/cc:3c7d,7s8d|/3s4hJc/Qh/Kh:529,-529(-198.003281)
134:Player,BR:0cc/cc/r200c/r150c:2h9d,ThJc|/3s6s7h/8c/Kh:-450,450(212.252385)
135:BR,Player:0r130c/cc/cc/cr299f:2d6h,4hKh|/3c4cJc/6c/4s:-230,230(-230.000000)
136:Player,BR:0cc/cc/cc/cc:4c5h,9dTh|/3sTsJh/9c/Js:-100,100(-84.866449)
137:BR,Player:0r130c/cc/cc/cr299f:2c4d,7sTc|/3hTdKc/5c/Jc:-230,230(-230.000000)
138:Player,BR:0cc/cc/cc/r130f:2d3c,7hTc|/4s8dJc/8c/2s:100,-100(100.000000)
139:BR,Player:0r130c/cc/cc/cc:6c7c,5d6s|/5hQdKc/3s/Kd:-230,230(-230.000000)
140:Player,BR:0cc/cc/cc/cc:ThJs,2s2d|/5d5cKd/5h/9s:-100,100(-78.827015)
141:BR,Player:0r130c/cc/cc/cc:2d8c,3cAd|/7cKdKc/6d/Kh:-230,230(-230.000000)
142:Player,BR:0cc/cc/cc/cc:2s9s,6cQc|/9hJhQs/Kd/8s:-100,100(-66.604927)
143:BR,Player:0r130c/cc/cr115c/cr448c:ThKd,AdAc|/TdJdKh/Jh/Ts:793,-793(357.424673)
144:Player,BR:0cc/cc/cc/cc:2s5s,7dQc|/3d8sQh/7h/6c:-100,100(-98.025043)
145:BR,Player:0r130c/cc/cr299c/cc:8sAs,4sQc|/2h3s6h/Kd/Qs:-529,529(-325.348448)
146:Player,BR:0cr130c/cc/r299c/cc:8sTd,6h6d|/3c7dQc/Jd/Qd:-529,529(-507.258877)
147:BR,Player:0r130c/cc/cc/cc:6cQs,3s6s|/6h7h8c/5s/Ks:230,-230(-61.935816)
148:Player,BR:0cc/cc/cc/cc:6dKs,6hKh|/8hQsQd/2d/As:0,-0(-49.876393)
149:BR,Player:0r130c/cc/cc/cc:8cAh,5c8h|/6h8sJs/Qs/Kh:230,-230(227.344360)
150:Player,BR:0cr300c/cc/r200c/r300c:QdKd,3dAs|/6s7sQs/7d/Ah:-900,900(-564.719456)
151:BR,Player:0cc/cc/cc/cr130f:3c5d,TsQh|/2s2hTh/7s/4s:-100,100(-100.000000)
152:Player,BR:0cc/cc/cc/r130c:6s8h,7dKc|/5cJsKs/8c/2d:-230,230(-197.327930)
153:BR,Player:0r130c/cr299c/cc/cc:4sTs,5sQc|/2h5cAd/Ac/Jh:-529,529(-403.974740)
154:Player,BR:0cc/r130c/cc/cc:3dKh,9dTc|/2s3h8s/7c/6h:-230,230(-230.000000)
155:BR,Player:0r200c/cc/cr150c/cr900c:7hTs,5dJd|/6h8s9d/2d/6s:1350,-1350(1015.100699)
156:Player,BR:0cr300c/cc/cc/r200c:7hQh,8sAd|/3dThKc/5c/6s:-600,600(329.525022)
157:BR,Player:0f:5cKs,3s9c|:50,-50(50.000000)
158:Player,BR:0cc/cc/cc/cc:5cAd,9cKc|/6d7dQh/3h/6s:100,-100(16.789469)
159:BR,Player:0r130c/cc/cr299c/cc:2d3d,5c8h|/9dQhAd/3h/8c:-529,529(-263.960532)
160:Player,BR:0cc/cc/cc/cc:9sQh,8d9c|/2d3dKh/4s/5s:100,-100(100.000000)
161:BR,Player:0r130c/cr299c/cr1058c/cr3174c:4sJh,7hAh|/7sThKh/3h/3c:-4761,4761(4671.542653)
162:Player,BR:0cr300f:9dTd,3h5h|:100,-100(100.000000)
163:BR,Player:0r200c/cr390c/cc/cr897c:TdJc,4s8s|/2s7cJd/6c/2h:1587,-1587(792.223985)
164:Player,BR:0cc/cc/cc/cc:8cKd,2dTd|/QhQdKh/4h/Jd:100,-100(18.892745)
165:BR,Player:0r200c/cr390f:2s8h,4sTs|/7sJhKd:-300,300(-300.000000)
166:Player,BR:0cc/cc/cc/cc:9cJh,7sQh|/2d5dJc/Ad/9h:100,-100(63.410205)
167:BR,Player:0r130c/cc/cr299c/cr687c:9dAd,8hQh|/7hTcAs/6s/9c:-1216,1216(445.995758)
168:Player,BR:0cc/cc/cc/cc:5hQs,4cJc|/3s6dJd/9s/Jh:-100,100(-98.318901)
169:BR,Player:0r130c/cr299c/cc/cc:7dQc,7hKh|/4d8d9s/Qd/Td:529,-529(529.000000)
170:Player,BR:0cc/cc/cc/cc:6sAd,4h9s|/3s4sKh/3d/Jh:-100,100(-37.267481)
171:BR,Player:0r130c/cc/cc/cc:5cJd,6h6d|/7sJhJc/Kh/Qd:230,-230(230.000000)
172:Player,BR:0cc/r200c/cc/cc:2c3s,3d8d|/5s5dKc/5c/6h:-300,300(-274.853661)
173:BR,Player:0cc/cr200c/cr600c/cr2700f:4s5c,5d6s|/2h3s4c/Kh/2d:-900,900(-900.000000)
174:Player,BR:0cr300c/r520c/cc/cc:5dAd,8cAc|/2d5cQh/7h/Th:920,-920(566.168678)
175:BR,Player:0r130c/cc/cc/cr460f:8sQh,KdKc|/5d6c9h/9s/4d:-230,230(-230.000000)
176:Player,BR:0cc/cc/cc/cc:2h7c,8h9c|/5d8dAs/2s/Th:-100,100(-77.037392)
177:BR,Player:0r130c/cc/cr115c/cc:8hQs,4h8c|/3dJhAd/4s/9s:-345,345(-253.514776)
178:Player,BR:0cr600c/cc/cc/r350f:7cKc,QsKs|/2h7s8c/As/5c:700,-700(700.000000)
179:BR,Player:0r130c/cr299c/cc/cc:JdQs,7sJc|/3s3d7d/9d/Ts:-529,529(-412.623449)
180:Player,BR:0cr200c/cc/r150c/r225c:6hQh,5dAd|/7d8hQc/Ks/Tc:675,-675(205.086106)
181:BR,Player:0r130c/cc/cc/cc:5d7h,3dAh|/4h8sQc/6s/3c:230,-230(230.000000)
182:Player,BR:0cc/cc/r300c/cc:7dJc,JhKs|/8cTcQc/6d/4h:-400,400(-140.984803)
183:BR,Player:0r130c/cr299c/cr3174c/cr11109c:6h9d,3c5s|/2hJhAc/Ah/3h:14812,-14812(14812.000000)
184:Player,BR:0cc/cc/r300c/cc:5hJs,KsKh|/4s6h8c/As/Qc:-400,400(-393.016312)
185:BR,Player:0r130c/cr299c/cc/cr1058c:6dQs,5c8d|/3s9cJs/Jd/9h:1587,-1587(784.247815)
186:Player,BR:0cc/cc/cc/cc:3c4d,7c9d|/6s9hKs/Qd/Js:-100,100(-40.066359)
187:BR,Player:0f:4hAs,3hTd|:50,-50(50.000000)
188:Player,BR:0cr600f:QdAs,5d9h|:100,-100(100.000000)
189:BR,Player:0r200c/cr390c/cr1380c/cc:7sKs,5d9d|/3d3cJh/4h/5s:-2070,2070(1072.819422)
190:Player,BR:0cc/cc/r130c/cc:2s6d,JdQs|/3d7dJh/4c/Kc:-230,230(-202.806530)
191:BR,Player:0r130c/cc/cr115c/cr2070f:JhKs,3h3c|/9cKcAs/3s/Qc:-345,345(-345.000000)
192:Player,BR:0cc/cc/r130c/r460c:4cQd,4sKd|/3h7sAh/5s/2s:0,-0(-145.591511)
193:BR,Player:0cc/cc/cr130c/cc:2hKd,3hTs|/7h8cAc/2c/8s:230,-230(170.579446)
194:Player,BR:0cc/cc/cc/cc:4dJh,2sAs|/5c7h9h/Tc/2c:-100,100(-37.468678)
195:BR,Player:0r200c/cr600c/cr2700c/cr7200c:3d6c,5hJd|/2h3c7d/8d/8h:10800,-10800(10800.000000)
196:Player,BR:0cc/cc/cc/r130f:2s4c,8h9c|/2h3hTd/2c/3d:100,-100(100.000000)
197:BR,Player:0r130c/cc/cr115c/cr1035c:QcAh,6cAs|/5dTcAc/4s/5h:1380,-1380(-155.224141)
198:Player,BR:0cr200c/r390c/cc/r345f:TdQd,QsKc|/7s9dAs/4d/Jd:690,-690(690.000000)
199:BR,Player:0r200c/cr390c/cr897c/cc:4s7h,3cJs|/2d4h5s/Kh/5c:1587,-1587(446.655750)
200:Player,BR:0cc/cc/r200c/cc:6h7c,TcQc|/4c5sTs/Jc/Js:-300,300(-254.976870)
201:BR,Player:0cc/cc/cc/cc:4dAd,5cTd|/5hQdKd/7d/7s:100,-100(100.000000)
202:Player,BR:0cr200f:6dTd,2s5c|:100,-100(100.000000)
203:BR,Player:0r200c/cc/cr600c/cc:2hTc,5sKs|/4c8sKd/2s/8c:-900,900(56.552030)
204:Player,BR:0cc/cc/r130c/cc:5hAc,JhAd|/3h7cAs/6d/8s:-230,230(-221.916404)
205:BR,Player:0r200c/cc/cc/cc:5c8s,2h2c|/5hTdQd/Jc/5d:300,-300(300.000000)
206:Player,BR:0cr300f:JcQc,2sTd|:100,-100(100.000000)
207:BR,Player:0r130c/cc/cc/cc:6c9c,5s8h|/5dQcKs/9h/4h:230,-230(228.501211)
208:Player,BR:0cc/cc/cc/r130c:2c8h,4h6h|/6s9cJs/Jc/7h:-230,230(-12.355284)
209:BR,Player:0f:TdJd,3d7s|:50,-50(50.000000)
210:Player,BR:0cr600f:2s4c,6dJc|:100,-100(100.000000)
211:BR,Player:0r130c/cr299c/cc/cr687c:ThAs,2h8h|/3sTdAc/Ks/5s:1216,-1216(675.070357)
212:Player,BR:0cr300c/cc/cc/cc:TcJd,9cAs|/6sJhQd/4c/Qc:400,-400(19.173787)
213:BR,Player:0r200c/cc/cc/cc:9hJs,2dAc|/5d8cQs/3d/9s:300,-300(300.000000)
214:Player,BR:0cr300f:6c9s,3d9h|:100,-100(100.000000)
215:BR,Player:0r130c/cr299c/cr264c/cc:6sTd,6c7h|/5s5c6h/2c/2h:793,-793(617.537473)
216:Player,BR:0cr200c/cc/r150c/cc:QcKs,4s8c|/3d9sAc/2s/Td:450,-450(448.478687)
217:BR,Player:0cc/cr200c/cc/cr390c:TcQs,3s6d|/2d4s9s/Qd/5h:-690,690(361.400580)
218:Player,BR:0cc/cc/cc/r300c:4s5c,6sAc|/7c9sQh/2s/Js:-400,400(-65.936311)
219:BR,Player:0r200c/cc/cc/cr600f:9d9c,4cKc|/7cTdQs/Kh/5h:-300,300(-300.000000)
220:Player,BR:0cc/cc/cc/r130c:JsQd,7d9s|/5sTcAs/3s/Ks:230,-230(-169.487186)
221:BR,Player:0r130c/cr299c/cc/cc:ThAh,9hJs|/7hKhAc/7c/2d:529,-529(529.000000)
222:Player,BR:0cr300c/r520c/cc/r184c:7dQd,8cTd|/4h6s7s/8s/3h:-1104,1104(-464.703027)
223:BR,Player:0r130c/cc/cc/cc:7cQc,4sKc|/2c6dAd/8s/5s:-230,230(-230.000000)
224:Player,BR:0cc/cc/r130c/r460f:4cJh,3dKs|/7dJdJc/Ac/5s:230,-230(230.000000)
225:BR,Player:0f:4hJc,2s3d|:50,-50(50.000000)
226:Player,BR:0cr130c/cc/cc/r115f:TsQd,5dTh|/5c6sQh/3h/4c:230,-230(230.000000)
227:BR,Player:0r130c/cc/cc/cr460c:7d8d,3cAc|/4sKhAs/5h/6d:690,-690(683.455626)
228:Player,BR:0cr300c/r800c/r1560c/r1380f:4d7d,4cTc|/3h6dAc/7c/4s:2760,-2760(2760.000000)
229:BR,Player:0r130c/cc/cr115c/cc:5sKc,9hKh|/JhJcAh/6c/Ac:0,-0(181.497272)
230:Player,BR:0cc/cc/cc/r130f:5sQh,7cTc|/4c8hJs/5c/2s:100,-100(100.000000)
231:BR,Player:0cc/cc/cc/cr200c:3d3c,3h5c|/3s6d9h/8d/5h:300,-300(289.882066)
232:Player,BR:0cr200c/r390c/r345c/cc:AhAc,TdJc|/4c5c9c/Qh/3s:1035,-1035(1035.000000)
233:BR,Player:0r130c/cr299c/cr1058c/cc:7hTc,9cTh|/2d4cTs/6d/6s:-1587,1587(445.594309)
234:Player,BR:0cc/cc/cc/cc:2c9h,7s9d|/4hTsKc/8s/6s:-100,100(-98.305248)
235:BR,Player:0r200c/cr600c/cr1170c/cr1035c:ThKh,8cQc|/2c3s9d/Jh/Jc:3105,-3105(3105.000000)
236:Player,BR:0cc/cc/cc/cc:2cAh,8h9s|/4dTdJd/7h/Jh:-100,100(-95.766505)
237:BR,Player:0r130c/cc/cr115c/cc:QsAc,3hQh|/3d4hJd/Ks/4c:-345,345(107.709932)
238:Player,BR:0cr200c/cc/r900f:AsAd,7d9d|/6cQsKh/2c:300,-300(300.000000)
239:BR,Player:0r200c/cc/cc/cc:3cTc,5cKc|/3hQsAh/Js/Jd:300,-300(148.669778)
240:Player,BR:0cc/cc/cc/r130c:5dTh,4dAd|/3c8cKc/Ah/4c:-230,230(-35.519839)
241:BR,Player:0r130c/cr299c/cc/cr687c:TsKd,8dTc|/4s8s9d/3d/7d:-1216,1216(-150.044401)
242:Player,BR:0cr600c/cc/r140c/r1092f:5s6s,3dQd|/3s9sJc/Ac/4c:840,-840(840.000000)
243:BR,Player:0f:4hAs,2c8d|:50,-50(50.000000)
244:Player,BR:0cc/cc/r130c/r115c:3cQh,6s7h|/3h3d5d/7s/Qs:345,-345(-97.366827)
245:BR,Player:0r130c/cc/cr299c/cc:KsAd,6sJs|/2dThAs/3h/9d:529,-529(529.000000)
246:Player,BR:0cc/cc/cc/cc:3d9c,TcKd|/3c5hAc/2c/6d:100,-100(55.479393)
247:BR,Player:0r130c/cr299c/cc/cr1058c:6cQd,4d6h|/8dTsTd/Th/4c:-1587,1587(-355.487688)
248:Player,BR:0cc/cc/cc/cc:8cQc,TsQd|/5s5cJh/8d/5h:100,-100(12.515445)
249:BR,Player:0r200c/cr600f:3dJc,3sQc|/5s8hKc:-300,300(-300.000000)
250:Player,BR:0cr300c/r520c/cc/cc:5hAh,7cJh|/3s7hJs/7d/9c:-920,920(-916.646782)
251:BR,Player:0r130c/cc/cr690f:6hAd,2cQc|/2d7d8s/Qs:-230,230(-230.000000)
252:Player,BR:0cc/cc/cc/cc:5sTs,AdAc|/2c3s3d/Ks/2d:-100,100(-79.788174)
253:BR,Player:0r200c/cr600f:2sTd,8sTs|/5h7sQh:-300,300(-300.000000)
254:Player,BR:0cr300c/cc/r800c/cc:7s9h,5hQh|/4c8hQs/Td/3h:-1200,1200(-1163.279196)
255:BR,Player:0r130c/cc/cc/cr690c:7h7c,4h5d|/8d9dKc/Td/9c:920,-920(367.960915)
256:Player,BR:0cc/cc/r130c/r299f:4hJd,3sTc|/4d4c5d/7h/5c:230,-230(230.000000)
257:BR,Player:0r130c/cr299c/cr1587c/cr4232f:TdKh,2sQs|/2c9dTh/Jc/8h:-2116,2116(-2116.000000)
258:Player,BR:0cr200c/cc/cc/cc:3s5s,TcQc|/2s5hAh/3h/7d:300,-300(248.312319)
259:BR,Player:0r130c/cc/cr299c/cc:9hTd,6sJs|/5d7sQd/Qc/5c:-529,529(-239.890788)
260:Player,BR:0cc/cc/r200c/cc:6h8c,4hTh|/7s9hJs/Jd/7d:-300,300(-54.090483)
261:BR,Player:0f:2h6d,3cTd|:50,-50(50.000000)
262:Player,BR:0cr200c/cc/r150c/r225f:TsJs,6s9h|/3c4dTd/Kh/Th:450,-450(450.000000)
263:BR,Player:0r200c/cc/cc/cc:3s7d,7sAd|/2h5d8d/6h/Js:-300,300(-300.000000)
264:Player,BR:0cc/cc/cc/cc:5hJd,5sTc|/6d8sQd/Ts/4h:-100,100(-81.040602)
265:BR,Player:0cc/cc/cc/cc:2d8d,2sAh|/4s6sKh/4d/Tc:-100,100(-100.000000)
266:Player,BR:0cc/cc/r200c/r390f:5cAh,8hAd|/2h3sAc/7h/4s:300,-300(300.000000)
267:BR,Player:0r130c/cc/cc/cr460f:4h7h,7s9s|/4d9hQh/Qs/8s:-230,230(-230.000000)
268:Player,BR:0cr600f:6s7s,2cJh|:100,-100(100.000000)
269:BR,Player:0f:AsAh,2c4h|:50,-50(50.000000)
270:Player,BR:0cc/cc/cc/cc:6sQd,2d8c|/3d4hTc/Td/7d:100,-100(98.306271)
271:BR,Player:0r130c/cr299c/cc/cr687f:JhQh,KhKc|/3c8cTc/6h/Ah:-529,529(-529.000000)
272:Player,BR:0cc/cc/cc/cc:5s6c,6dQd|/3hJhKd/Ac/2c:-100,100(30.495865)
273:BR,Player:0r130c/cc/cr690c/cc:5hKd,5cQs|/8dThJd/Ad/Ah:920,-920(920.000000)
274:Player,BR:0cr300c/cc/r520f:8cTc,4d5d|/8hThAs/7d:400,-400(400.000000)
275:BR,Player:0r130c/cc/cc/cc:6hKc,JdKh|/2d7hQh/3d/4c:-230,230(-195.562482)
276:Player,BR:0cc/cc/cc/cc:4d6c,3c4s|/TdJcQd/7s/Ad:0,-0(86.854702)
277:BR,Player:0r200c/cc/cc/cc:5hQh,QdAd|/4s6h9c/2d/Th:-300,300(-300.000000)
278:Player,BR:0cc/cc/cc/cc:2s7s,7hTc|/3sTdQd/2d/Js:-100,100(-60.399695)
279:BR,Player:0f:6hQs,2s7c|:50,-50(50.000000)
280:Player,BR:0cc/cc/r300c/r520f:9hAs,3sJd|/2d4hAc/Kd/Js:400,-400(400.000000)
281:BR,Player:0f:TsQh,2c6h|:50,-50(50.000000)
282:Player,BR:0cr300c/cc/r200c/r300c:8c9d,JhJd|/4d9cQc/3d/Kh:-900,900(-818.519626)
283:BR,Player:0r130c/cr690c/cr1196f:5cJd,2sQh|/3h6hJc/Qs:-920,920(-920.000000)
284:Player,BR:0cr200c/cc/cc/cc:8hAh,JsKc|/5sJcKh/3d/Qh:-300,300(-269.191031)
285:BR,Player:0r130c/cr460c/cr897c/cr2063f:9dKc,3c6h|/2c7cTc/8s/7h:-1587,1587(-1587.000000)
286:Player,BR:0cr130c/cc/cc/cc:ThAd,8s8d|/5s9hQs/Jd/9d:-230,230(-81.763305)
287:BR,Player:0r130c/cr299c/cc/cc:3s5h,TdQh|/4h6c8s/6d/As:-529,529(-508.623892)
288:Player,BR:0cc/cc/cc/cc:3cJd,4h4d|/8s9dJc/Ts/Ad:100,-100(80.491492)
289:BR,Player:0f:TsJh,2c5d|:50,-50(50.000000)
290:Player,BR:0cr200c/cc/cc/cc:6c7c,8s8c|/4d7sAd/9h/Kd:-300,300(-112.966685)
291:BR,Player:0r200c/cc/cc/cc:3sJh,6c9d|/TsQsKc/3h/9s:300,-300(300.000000)
292:Player,BR:0cr300c/cc/cc/cc:7dTh,8cTs|/3d6c7c/Jc/3c:-400,400(-315.116748)
293:BR,Player:0f:4c5h,3h9d|:50,-50(50.000000)
294:Player,BR:0cc/cc/r200c/r390c:2c5h,3h4d|/3c8sAd/Ac/3d:-690,690(-690.000000)
295:BR,Player:0r130c/cc/cc/cc:5s6h,5hKh|/3h4c5c/2c/Kc:230,-230(230.000000)
296:Player,BR:0cr300c/r520c/r2760c/r7360f:QcKh,TsTh|/2dKsKc/6s/8c:3680,-3680(3680.000000)
297:BR,Player:0f:8dTc,3d9c|:50,-50(50.000000)
298:Player,BR:0cr600c/cc/r350c/r2100f:JcAc,6hQs|/7d8s8h/4d/Js:1050,-1050(1050.000000)
299:BR,Player:0r130c/cr299c/cc/cc:5sTs,6dKh|/4s8sJh/2s/3c:529,-529(529.000000)
300:Player,BR:0cr300f:6s6h,4h9d|:100,-100(100.000000)
301:BR,Player:0r200c/cr600c/cr2700c/cc:6h6d,7d9c|/5h8sTs/Qd/2h:3600,-3600(2703.093490)
302:Player,BR:0cc/r200f:TcJd,3s5h|/8s9hQd:100,-100(100.000000)
303:BR,Player:0r130c/cc/cc/cr460c:JhKc,6sKd|/4c8cKs/9h/5d:690,-690(532.317907)
304:Player,BR:0cr200c/cc/r150c/r225c:TsJd,9hJh|/6h7sTd/7d/Ah:675,-675(340.603132)
305:BR,Player:0r130c/cc/cc/cc:2hKs,TdAh|/7c9dQh/8h/Kh:230,-230(230.000000)
306:Player,BR:0cc/cc/r200c/cc:8sQc,4hQs|/5h5cJc/3h/5d:0,-0(-127.480686)
307:BR,Player:0f:8dJd,2c3s|:50,-50(50.000000)
308:Player,BR:0cc/cc/r130c/r115f:5c6s,3h6d|/2s5h9d/3s/7d:230,-230(230.000000)
309:BR,Player:0r130c/cc/cr460c/cr1380c:4sKs,QsQh|/5s9h9c/Jd/2c:-2070,2070(31.489079)
310:Player,BR:0cc/cc/cc/cc:8dQh,6h9c|/6d6cJs/Tc/5h:-100,100(-96.425522)
311:BR,Player:0r200c/cr600c/cc/cr2700c:TdKc,8cAc|/7sQdAd/Jh/8h:3600,-3600(3600.000000)
312:Player,BR:0cc/cc/cc/cc:8sJd,4c6h|/7d9cQd/9h/Ts:100,-100(99.071978)
313:BR,Player:0r130c/cr299c/cr687c/cc:2sJc,9dJh|/2c9sAs/Ah/4s:-1216,1216(-549.413839)
314:Player,BR:0cr600c/cc/r140c/r2520c:7cAs,6hQh|/5h9hQc/7h/7d:-3360,3360(-1436.579947)
315:BR,Player:0r130c/cc/cr115c/cc:6sAd,2s3s|/2d4sAh/9c/7h:345,-345(345.000000)
316:Player,BR:0cc/cc/r200c/cc:7d9s,5hTs|/8h8cQs/Tc/9c:-300,300(-204.360147)
317:BR,Player:0r130c/cr299c/cr687c/cr3648f:8sJc,6c9c|/5c8hQc/3c/6d:-1216,1216(-1216.000000)
318:Player,BR:0cc/cc/cc/r130c:2c4h,2s9h|/3s7h9c/9s/3h:-230,230(-220.714299)
319:BR,Player:0r200c/cc/cc/cr390c:5hKd,7dQc|/4h9hAc/2c/3d:690,-690(690.000000)
320:Player,BR:0cr600c/cc/cc/r350c:8hQc,6dKc|/4s5s8s/9d/Kd:-1050,1050(-808.899020)
321:BR,Player:0r130c/cc/cr115c/cr690c:8dTh,5h9h|/6h8s8h/Kh/Ah:1035,-1035(692.273650)
322:Player,BR:0cc/cc/r130c/r299f:2dAc,8cAh|/2h5s5d/6s/2c:230,-230(230.000000)
323:BR,Player:0r200c/cc/cr150c/cc:9dKs,2s3s|/3d5s5d/7s/6c:-450,450(-450.000000)
324:Player,BR:0cc/cc/cc/cc:3h9d,3sQd|/7hQsKd/6c/5s:-100,100(-83.016850)
325:BR,Player:0r130c/cc/cr115c/cc:8d9h,JdJc|/3cThKs/9c/Tc:-345,345(243.167887)
326:Player,BR:0cr600f:5c8d,4cTs|:100,-100(100.000000)
327:BR,Player:0cc/cr130c/cr115c/cc:4h8d,6dKh|/9cTdJs/As/5h:-345,345(-345.000000)
328:Player,BR:0cr300c/r520c/r1196c/cc:7hJc,2sKd|/2h6sJh/Tc/6d:2116,-2116(-1420.575791)
329:BR,Player:0r130c/cr460c/cc/cc:8cQs,7d7c|/2s5h6s/Tc/Ah:-690,690(-369.898682)
330:Player,BR:0cc/cc/cc/r130c:5d7c,3s5s|/3d4c9c/6s/8d:230,-230(75.334908)
331:BR,Player:0r130c/cc/cc/cr299c:2dKh,JcAc|/2h4c9d/Th/9c:529,-529(304.568244)
332:Player,BR:0cr300c/r520c/r460c/r276c:7cAs,8sKd|/3s6s8c/7d/Qc:-1656,1656(-603.601846)
333:BR,Player:0r130c/cr299f:2h7d,8d9d|/3d4sKh:-230,230(-230.000000)
334:Player,BR:0cc/cc/cc/cc:3sTc,2s4h|/3cJdKd/6c/2d:100,-100(26.019466)
335:BR,Player:0cc/cc/cc/cc:3h7c,3sTd|/3d6d8d/4s/4c:-100,100(65.116533)
336:Player,BR:0cc/cc/r200c/cc:3h7d,4h9h|/4d6c8h/Th/7h:-300,300(-299.968722)
337:BR,Player:0r130c/cc/cr115c/cc:3dKh,KdAs|/4h8hQc/8d/9h:-345,345(-324.044129)
338:Player,BR:0cr300c/r520c/cc/cc:KsAd,8hKh|/7hAsAh/Ac/6s:920,-920(-476.150858)
339:BR,Player:0f:TdKd,2d9h|:50,-50(50.000000)
340:Player,BR:0cc/cc/cc/r130c:ThKs,QhAd|/5d7h9c/Kh/5s:230,-230(55.938222)
341:BR,Player:0r130c/cc/cc/cc:2s4s,QsAc|/2h7s9d/4d/2c:230,-230(230.000000)
342:Player,BR:0cr300f:7sAh,3s6s|:100,-100(100.000000)
343:BR,Player:0r130c/cc/cr115c/cr448c:4c9h,8s8c|/QsQcAc/7c/3c:-793,793(-1.634798)
344:Player,BR:0cr200c/cc/cc/cc:JsKh,8cKd|/6dThAh/9h/3s:300,-300(264.766413)
345:BR,Player:0r130c/cr299c/cr687c/cr1580f:8sAd,3dJs|/ThQdKc/Ts/9h:-1216,1216(-1216.000000)
346:Player,BR:0cc/cc/cc/cc:4dJs,JcKc|/4hTcKh/Qh/8h:-100,100(-34.691015)
347:BR,Player:0r130c/cc/cr115c/cr690f:6hQc,7dKc|/4d5h8s/6s/Jc:-345,345(-345.000000)
348:Player,BR:0cc/cc/cc/r130c:8d9c,6sKd|/7s7c8c/Ah/9s:230,-230(10.538927)
349:BR,Player:0cc/cc/cc/cr200f:7h8h,7cKh|/5cKcAh/5d/3d:-100,100(-100.000000)
350:Player,BR:0cr200c/cc/r390c/cc:AdAc,5s7d|/6s7hTs/Qh/Qd:690,-690(-247.262225)
351:BR,Player:0r130c/cc/cc/cc:6h6c,JsKd|/7d7c8d/4c/8c:-230,230(-230.000000)
352:Player,BR:0cc/cc/cc/cc:2hJc,6hAs|/9h9cKh/Ts/5c:-100,100(-34.953985)
353:BR,Player:0r130c/cc/cr115c/cc:4hKh,KsAs|/3d5h8c/8d/3s:-345,345(-187.085174)
354:Player,BR:0cc/cc/cc/r130f:4c9s,4h8d|/6s9cQh/7s/Jc:100,-100(100.000000)
355:BR,Player:0f:3dKh,2sTd|:50,-50(50.000000)
356:Player,BR:0cc/cc/cc/cc:5c9h,4cQd|/5d8dTs/6c/Jd:100,-100(75.031178)
357:BR,Player:0r200c/cc/cc/cc:9cJd,QsAd|/2h6d7s/9s/5c:300,-300(300.000000)
358:Player,BR:0cr200c/cc/r150c/cc:3h9h,4d8h|/7s8cAs/Qc/Ks:-450,450(16.196318)
359:BR,Player:0f:6d9s,3c9h|:50,-50(50.000000)
360:Player,BR:0cr600f:2hAh,3sQh|:100,-100(100.000000)
361:BR,Player:0r130c/cc/cc/cr460c:7h9d,4d8c|/5s6sQh/Ah/5d:690,-690(-111.547574)
362:Player,BR:0cc/cc/r130c/cc:2d3h,3dAc|/7s7c9h/2c/8c:230,-230(117.673769)
363:BR,Player:0r200f:2s5d,QdKd|:-100,100(-100.000000)
364:Player,BR:0cr600c/cc/r2100f:7dKd,7sAs|/4h8dTd/Jc:700,-700(700.000000)
365:BR,Player:0f:7h7c,2s9d|:50,-50(50.000000)
366:Player,BR:0cc/cc/cc/r130c:3hAc,4cTh|/4dJhJd/2h/3d:-230,230(-193.015023)
367:BR,Player:0f:3dQd,2c3s|:50,-50(50.000000)
368:Player,BR:0cr600c/cc/r140c/r1092c:4c7s,8cAd|/2c7d7c/2s/Qd:1932,-1932(-1201.440586)
369:BR,Player:0f:7cKc,2d7h|:50,-50(50.000000)
370:Player,BR:0cc/cc/cc/cc:4s8d,5cJs|/7cTdQh/Ks/Qs:-100,100(0.703773)
371:BR,Player:0r200c/cr390f:4d7s,3c4s|/2h6cJd:-300,300(-300.000000)
372:Player,BR:0cr300c/cc/r800c/r3600c:6h6c,4sQs|/3d5s6s/Ad/9s:-4800,4800(-2415.675547)
373:BR,Player:0r130c/cr690c/cc/cr1196c:6s7c,4cAh|/3h4s5c/Td/As:2116,-2116(2116.000000)
374:Player,BR:0cr200f:ThAs,3h4s|:100,-100(100.000000)
375:BR,Player:0r130c/cr299c/cr687f:TdKc,5dJh|/3d7d8s/Js:-529,529(-529.000000)
376:Player,BR:0cc/cc/cc/r300f:4dQc,5d8d|/3s6sQd/Jc/5c:100,-100(100.000000)
377:BR,Player:0r130c/cr299c/cc/cr1058f:8d9s,3hKh|/2sTsKd/5s/3d:-529,529(-529.000000)
378:Player,BR:0cc/cc/cc/cc:2sTc,QdQc|/3cKsAd/6s/5s:-100,100(-68.093407)
379:BR,Player:0r130c/cc/cr299c/cc:7dTs,4hQc|/8dJdAc/Js/Tc:529,-529(356.263652)
380:Player,BR:0cc/cc/cc/cc:ThJc,6h8h|/6c9sAs/3c/Ac:-100,100(-67.320375)
381:BR,Player:0cc/cc/cc/cr130f:5h8s,5sTd|/ThQcAs/7d/9s:-100,100(-100.000000)
382:Player,BR:0cc/cc/cc/r130f:2c3h,4s5d|/7h9sAc/9c/6c:100,-100(100.000000)
383:BR,Player:0cc/cr200c/cr390c/cr2070f:TcQc,3s6d|/3c6s8h/Td/Kc:-690,690(-690.000000)
384:Player,BR:0cr300c/r520c/r1840c/r3588f:5hAh,5sAd|/2d7sJh/6h/9c:2760,-2760(2760.000000)
385:BR,Player:0r200c/cr390c/cc/cc:3c6c,4hKc|/4c5hQd/9s/3s:-690,690(-561.247140)
386:Player,BR:0cr300f:9cAd,2h8s|:100,-100(100.000000)
387:BR,Player:0f:5s7s,3s7h|:50,-50(50.000000)
388:Player,BR:0cr600f:7dJd,7s9d|:100,-100(100.000000)
389:BR,Player:0r130c/cc/cr460c/cc:6dAh,5sQh|/3c6hQc/4s/5h:-690,690(-131.744817)
390:Player,BR:0cr600c/r910c/cc/cc:ThQd,4hQh|/6h6c8d/6d/6s:0,-0(-1134.042095)
391:BR,Player:0cc/cc/cr130c/cc:8h9d,JsKc|/8cTcQc/Jd/4d:230,-230(230.000000)
392:Player,BR:0cc/cc/r130c/cc:9hKs,9sKh|/4c6c7h/3h/Qs:0,-0(91.614202)
393:BR,Player:0r130c/cc/cr299c/cr1587f:9hAd,5d9s|/3d5sJh/Jd/5c:-529,529(-529.000000)
394:Player,BR:0cc/cc/cc/cc:7hQh,5d8h|/3c9hKc/4s/6s:100,-100(95.342780)
395:BR,Player:0r130c/cc/cc/cr299c:3s4d,8c9h|/5dQdAc/2s/Jh:529,-529(491.468225)
396:Player,BR:0cr300c/cc/cc/r800f:9dAd,8d9h|/4c5hAs/Qd/Js:400,-400(400.000000)
397:BR,Player:0r200c/cc/cc/cr390c:7hJs,7cTc|/6s7dTs/8s/Kd:-690,690(-214.287783)
398:Player,BR:0cr300c/cc/r200c/r300f:QdAh,8cKh|/3d9sTc/3s/3h:600,-600(600.000000)
399:BR,Player:0r200c/cr390c/cr1380f:4s6d,JsJh|/5s7s7h/Td:-690,690(-690.000000)
400:Player,BR:0cr300c/cc/r1200f:8sJs,6h8c|/4s7s7h/Ad:400,-400(400.000000)
401:BR,Player:0r130c/cc/cc/cc:3h4h,2dKd|/7d8sTc/3c/7h:230,-230(201.016580)
402:Player,BR:0cr130c/cc/cc/cc:5hAh,9cTc|/7c8s9s/Jh/9d:-230,230(-215.172464)
403:BR,Player:0r200c/cr390c/cc/cc:ThAh,4hTd|/7dTsAc/6c/5s:690,-690(690.000000)
404:Player,BR:0cr200c/cc/r600f:5c8d,3sQh|/7d9h9c/Kh:300,-300(300.000000)
405:BR,Player:0r200c/cr600f:5h9d,4h6s|/7sQcKs:-300,300(-300.000000)
406:Player,BR:0cr200c/r390f:6cKc,5d7h|/3s6sJd:300,-300(300.000000)
407:BR,Player:0f:JsQc,3s9h|:50,-50(50.000000)
408:Player,BR:0cr200c/cc/r900c/cc:2sTd,9sJd|/6d7dQs/8d/Qh:-1200,1200(160.845678)
409:BR,Player:0r130c/cr299c/cr687c/cc:8hTs,7dKh|/4c6s8d/Ad/As:1216,-1216(769.384719)
410:Player,BR:0cr200c/cc/cc/cc:7cAc,2sKd|/5c9sKs/6d/7s:-300,300(-152.334164)
411:BR,Player:0r200c/cr390c/cr345c/cr1345f:4dTd,6dTs|/2h7hTc/8c/3d:-1035,1035(-1035.000000)
412:Player,BR:0cc/cc/cc/r130c:6sTh,4d5s|/4cJsQd/7h/Ts:230,-230(78.029680)
413:BR,Player:0f:4c6h,2d9h|:50,-50(50.000000)
414:Player,BR:0cr130c/cc/r460c/r138c:8cJd,5hAh|/2d9hAs/7h/Js:-828,828(-690.715684)
415:BR,Player:0r200c/cc/cc/cr390c:4d6s,7c8c|/5sTcKh/Td/4h:690,-690(338.579348)
416:Player,BR:0cc/cc/r130c/cc:9cQs,ThJh|/4sKcAd/As/3c:230,-230(-49.784568)
417:BR,Player:0r130c/cc/cc/cc:2dKd,8hAc|/3c4d6c/Js/2s:230,-230(159.323341)
418:Player,BR:0cc/cc/cc/cc:2s3d,6h8c|/9cJdQd/Kd/Qh:0,-0(70.496920)
419:BR,Player:0cc/cr130c/cr1380f:7d8s,4d9c|/2sAsAd/Ah:-230,230(-230.000000)
420:Player,BR:0cc/cc/cc/r130c:3d4h,2dTh|/7hAhAd/Ts/4s:-230,230(-168.112115)
421:BR,Player:0r200c/cr600c/cc/cc:9d9c,8h9h|/2s4sJs/Ah/8d:900,-900(900.000000)
422:Player,BR:0cc/cc/r130c/r115c:3h4c,4h7d|/2s3d4d/Jd/Js:-345,345(-259.127895)
423:BR,Player:0r200c/cc/cc/cr390f:5hKh,QcAc|/2d4s6d/9d/2s:-300,300(-300.000000)
424:Player,BR:0cr300f:JcKc,4s9d|:100,-100(100.000000)
425:BR,Player:0r200c/cc/cr600c/cr1800c:7s8d,5sJc|/4s6s8s/9h/Kd:2700,-2700(328.818766)
426:Player,BR:0cr200c/cc/r390c/cc:TsJs,5sQc|/5h7d8h/Kh/7s:-690,690(18.150891)
427:BR,Player:0f:8sQc,3c9d|:50,-50(50.000000)
428:Player,BR:0cr130c/r460f:TsQc,2h8s|/4c5d7c:230,-230(230.000000)
429:BR,Player:0r130c/cr690c/cc/cc:4sAs,8dTs|/5sJdKh/4h/Qh:920,-920(920.000000)
430:Player,BR:0cc/cc/cc/cc:4dQs,4hJd|/TsQcAh/7h/Td:100,-100(27.907374)
431:BR,Player:0r130c/cc/cc/cc:7dKc,5s7h|/5c8dAh/Qc/3c:-230,230(-173.614583)
432:Player,BR:0cc/cc/cc/cc:5s8d,2s3h|/8cJsAs/Qh/Tc:100,-100(80.094203)
433:BR,Player:0r130c/cr460c/cr1380c/cr2691c:QhQd,5dKd|/2s5sKh/Jh/9h:-4761,4761(3269.064611)
434:Player,BR:0cr300c/r520c/r1840c/r552f:9sQs,9dAd|/5s7s7d/2h/Qc:2760,-2760(2760.000000)
435:BR,Player:0r200c/cc/cr390f:4s5s,6hTc|/6c7hAd/Td:-300,300(-300.000000)
436:Player,BR:0cr600f:2sJs,3sJc|:100,-100(100.000000)
437:BR,Player:0r130c/cc/cc/cr460f:4s8s,5hTs|/2dJdQs/2h/6h:-230,230(-230.000000)
438:Player,BR:0cc/cc/cc/cc:2cQh,4c6d|/4dJhAd/Jc/Tc:-100,100(-85.567906)
439:BR,Player:0r130c/cc/cc/cc:4h9s,5hAh|/2hTsQs/3d/7d:-230,230(-230.000000)
440:Player,BR:0cr600c/cc/cc/r910f:5s8c,3hKd|/2c8hJc/4h/Ts:700,-700(700.000000)
441:BR,Player:0r130c/cr299f:6h8c,5cJh|/2c3hKh:-230,230(-230.000000)
442:Player,BR:0cc/cc/cc/cc:4hQd,5cQc|/3d7hTd/8s/6s:0,-0(81.707417)
443:BR,Player:0r200c/cr600c/cc/cr1170c:3s5h,6dTh|/4d5s6h/3c/7d:0,-0(-0.000000)
444:Player,BR:0cc/cc/r200c/cc:2sKs,9dKd|/2h8cJc/Kh/Kc:300,-300(-273.173854)
445:BR,Player:0cc/cc/cc/cc:8dTc,JdQs|/4d8hAc/2c/3d:100,-100(100.000000)
446:Player,BR:0cr200c/r390c/r138c/r1076f:9cKd,5sAs|/5c6sKh/Qs/4d:828,-828(828.000000)
447:BR,Player:0r200c/cr390c/cc/cc:JsQh,5d6h|/2c5sKc/3d/2s:-690,690(-53.582441)
448:Player,BR:0cc/cc/cc/cc:2cQh,4hKc|/2h8hKd/5d/4s:-100,100(-95.716554)
449:BR,Player:0r130c/cc/cr299c/cc:4dAd,9sQh|/4cQcAs/5s/3d:529,-529(529.000000)
450:Player,BR:0cc/cc/cc/r130f:5cTh,TsAh|/4cTcJc/Kh/7c:100,-100(100.000000)
451:BR,Player:0cc/cr130c/cc/cc:5hQs,6sJh|/7h7cQh/Ah/Ad:230,-230(230.000000)
452:Player,BR:0cr200c/r390c/r345c/r2070c:QdKs,KhAs|/2h9hKd/5h/4d:-3105,3105(-1676.283389)
453:BR,Player:0f:3h7d,3c6s|:50,-50(50.000000)
454:Player,BR:0cr200c/cc/cc/r390f:5cKh,9sQh|/2c7s8c/3d/Tc:300,-300(300.000000)
455:BR,Player:0r130c/cc/cr115c/cr1035c:8hJs,4c7c|/6dQsQd/Ks/3h:1380,-1380(823.294398)
456:Player,BR:0cr300f:5hQh,3d4h|:100,-100(100.000000)
457:BR,Player:0r300c/cr520c/cr1196c/cc:4cTh,7hTd|/4d6dQh/2s/7d:-2116,2116(-2116.000000)
458:Player,BR:0cc/cc/r200c/r150c:TsKh,6hAh|/3c7cTc/2s/Jh:450,-450(107.091068)
459:BR,Player:0r130c/cr299c/cc/cc:5hJh,8dQc|/3c4d6c/3h/Jd:529,-529(529.000000)
460:Player,BR:0cr300c/r800c/cc/cc:6hKh,3s3c|/2dJcQs/5c/Qc:-1200,1200(-1153.607989)
461:BR,Player:0r130c/cc/cr299c/cc:3sJc,TcAd|/2c8dJd/9d/9h:529,-529(529.000000)
462:Player,BR:0cc/cc/cc/cc:JsKd,4d7h|/2h5dAs/7c/8s:-100,100(-88.872432)
463:BR,Player:0r130c/cr299c/cc/cc:5sKs,2dKd|/TdQhAs/Qc/8s:0,-0(-104.690815)
464:Player,BR:0cc/cc/cc/r200c:TcKh,5sAd|/3h8s9c/6s/7h:300,-300(48.744911)
465:BR,Player:0r130c/cr460c/cc/cr897f:TcKh,3cAd|/2d3h4h/Js/5c:-690,690(-690.000000)
466:Player,BR:0cc/cc/cc/cc:2h8c,8hTs|/2d4c6s/Jc/Kc:100,-100(86.305829)
467:BR,Player:0r130c/cr299c/cc/cc:2cQs,JdAc|/9hQhAd/2h/5h:529,-529(407.787805)
468:Player,BR:0cr200c/cc/cc/cc:6dAc,8sTd|/2c9hJd/4c/2d:300,-300(300.000000)
469:BR,Player:0cc/cr130c/cr299c/cc:5sQc,2sKh|/7d9hKc/8h/6h:529,-529(529.000000)
470:Player,BR:0cc/cc/cc/cc:6h9s,ThAc|/TsQdKc/Kh/Tc:-100,100(-87.072532)
471:BR,Player:0r130c/cc/cc/cc:QsAs,2c4c|/4d9cKs/Jd/7c:-230,230(-7.313046)
472:Player,BR:0cc/cc/r200c/r390c:3h4d,8dAh|/2s9dTc/7h/Jd:-690,690(-296.069121)
473:BR,Player:0r130c/cr299c/cc/cc:3sJd,TcAd|/4d5s6c/5d/Jh:529,-529(529.000000)
474:Player,BR:0cc/cc/cc/cc:2dKh,6cQc|/2c4sAh/Ts/6d:-100,100(-73.109683)
475:BR,Player:0r200c/cr390c/cc/cc:TdAs,7h7d|/2d5hJd/Kc/6c:-690,690(-125.595633)
476:Player,BR:0cr300c/cc/cc/r200c:8sQs,4dKd|/5cJsKh/Ts/3c:-600,600(-484.029958)
477:BR,Player:0r130c/cc/cc/cr299f:4hTd,JcAs|/4cJdKd/7h/3s:-230,230(-230.000000)
478:Player,BR:0cc/cc/cc/cc:5s6h,4d9s|/4hJcQd/Ad/6s:100,-100(-25.822369)
479:BR,Player:0r130c/cc/cc/cc:5s6c,8hQs|/2c3cJh/Ac/2d:-230,230(-230.000000)
480:Player,BR:0cc/cc/cc/cc:3cQs,9sJs|/5c8d9d/5d/2s:-100,100(-78.404863)
481:BR,Player:0r200c/cr600c/cr2700c/cc:9hJc,7c9s|/3s5c8c/7s/9c:-3600,3600(-3188.989779)
482:Player,BR:0cc/cc/cc/cc:3cQh,4d9c|/2c6hTs/7s/5h:100,-100(91.703743)
483:BR,Player:0cc/cr130c/cc/cc:8sKc,8d9h|/4sJcQd/5d/3h:230,-230(-143.849771)
484:Player,BR:0cc/cc/r300f:3d9h,5c6d|/2hKhAc/2d:100,-100(100.000000)
485:BR,Player:0r300c/cc/cr800c/cc:TdJh,TcKc|/4s8cJs/7h/Qd:1200,-1200(1132.036052)
486:Player,BR:0cc/cc/cc/cc:7sKh,9hKc|/2s9sAc/4c/5d:-100,100(-68.492572)
487:BR,Player:0r130c/cc/cc/cc:4s8h,4cTh|/7c8dJs/4d/Jd:230,-230(230.000000)
488:Player,BR:0cc/cc/cc/cc:7sKh,3c4d|/5h9hTc/5d/As:100,-100(82.824720)
489:BR,Player:0r130c/cr299f:3h5d,6dJh|/2cQsQd:-230,230(-230.000000)
490:Player,BR:0cc/cc/r130c/r299f:2hJc,3cAs|/6hTdJs/4c/9s:230,-230(230.000000)
491:BR,Player:0r200f:2h4d,9dKh|:-100,100(-100.000000)
492:Player,BR:0cr300f:TdAd,4d7s|:100,-100(100.000000)
493:BR,Player:0r130c/cr299c/cr687c/cc:6hKh,5dKc|/7d9hTc/3d/As:0,-0(-139.726015)
494:Player,BR:0cc/cc/r300c/r1200c:5sQc,ThJd|/5c6dQh/9s/4c:1600,-1600(-190.323403)
495:BR,Player:0r130c/cr299c/cc/cc:6h6d,3h4c|/3cJdQs/5d/Td:529,-529(220.507351)
496:Player,BR:0cc/cc/cc/r130c:4d7s,JsQd|/6s6hTd/Qs/5s:-230,230(-214.877208)
497:BR,Player:0r130c/cc/cr299c/cr1587f:2hTs,6sKs|/6h8hTh/6c/5d:-529,529(-529.000000)
498:Player,BR:0cc/cc/cc/cc:6cTd,TsTh|/6sJcQs/2d/8s:-100,100(-73.190448)
499:BR,Player:0r130c/cc/cc/cr299c:3dJd,9hJc|/2sJhAh/6h/2c:0,-0(103.217208)
500:Player,BR:0cr300c/cc/cc/r800c:2cQc,8h9d|/9cQhKs/8s/3d:-1200,1200(-1117.021014)
501:BR,Player:0r130c/cr690c/cc/cc:JcQc,3cJd|/2d2c7d/4d/8h:920,-920(710.082620)
502:Player,BR:0cc/cc/cc/cc:3h9h,2cTs|/6d6cKs/Jc/8s:-100,100(39.523985)
503:BR,Player:0cc/cr130c/cc/cc:3cQd,4d8c|/2h5hTs/Qc/6s:230,-230(230.000000)
504:Player,BR:0cr300f:3cAc,4c8h|:100,-100(100.000000)
505:BR,Player:0r200c/cc/cc/cr390c:9sTc,QdQc|/4cAdAc/Js/3h:-690,690(325.497647)
506:Player,BR:0cc/cc/cc/cc:7dQh,2s4h|/5c6c9s/Th/2d:-100,100(-2.174399)
507:BR,Player:0r200f:2s3d,5h9h|:-100,100(-100.000000)
508:Player,BR:0cc/cc/r130c/r299c:8hKs,4sQh|/4h6cAc/As/Kh:529,-529(-122.984166)
509:BR,Player:0cc/cc/cc/cc:4c9d,3cKh|/2s2c8d/7d/4s:100,-100(100.000000)
510:Player,BR:0cr130c/cc/cc/cc:TsAs,4d7c|/9dQhKh/7h/8h:-230,230(150.130468)
511:BR,Player:0r130c/cc/cc/cr299f:5dKh,4c7d|/9hQsQc/7h/Jc:-230,230(-230.000000)
512:Player,BR:0cc/cc/cc/cc:2sKh,ThAh|/4sQhQc/Ad/4d:-100,100(-82.497320)
513:BR,Player:0r130c/cr299c/cc/cc:7hTc,8c9d|/6hJcQd/6c/Ah:0,-0(-218.115169)
514:Player,BR:0cr130c/cc/r115c/cc:7cQs,7hTs|/2s8c9h/5h/7d:345,-345(62.872519)
515:BR,Player:0cc/cc/cc/cc:9d9c,4sTc|/6hJsAc/Ad/4c:100,-100(100.000000)
516:Player,BR:0cc/cc/cc/r130f:4s7h,8d9h|/2d5sQd/Kc/7d:100,-100(100.000000)
517:BR,Player:0r130c/cr299c/cr1058f:7h8c,8sAd|/2cTdAh/4c:-529,529(-529.000000)
518:Player,BR:0cr130c/cc/r460c/r138f:7h7d,2h3s|/4s6d8c/2d/6s:690,-690(690.000000)
519:BR,Player:0r130c/cr299c/cr1058c/cr3174c:6sJc,TdJd|/4s6dKd/3h/2s:4761,-4761(4675.590498)
520:Player,BR:0cc/cc/cc/cc:6hAc,3d7h|/3s7d9d/3c/Jh:-100,100(-99.276823)
521:BR,Player:0cc/cc/cr130f:3hKs,4hKd|/4s9dJd/2c:-100,100(-100.000000)
522:Player,BR:0cc/cc/r200c/r600c:2d8d,9s9h|/7sJhQh/Jd/9d:-900,900(-900.000000)
523:BR,Player:0r130c/cc/cc/cr460f:4d4c,4hJs|/4s5sAs/9h/2s:-230,230(-230.000000)
524:Player,BR:0cr300c/cc/cc/cc:4s7c,JhQd|/2h7d8c/2c/Ts:400,-400(400.000000)
525:BR,Player:0r130c/cr299f:3c5h,7cAd|/7sTcAh:-230,230(-230.000000)
526:Player,BR:0cc/cc/cc/r130f:8dAh,2d7h|/8hTcQs/6c/3h:100,-100(100.000000)
527:BR,Player:0f:9dJh,2d8c|:50,-50(50.000000)
528:Player,BR:0cc/cc/cc/r130c:3h8d,2cQs|/7d9sKd/5s/Ah:-230,230(16.638312)
529:BR,Player:0cc/cr130c/cr460c/cr1380c:QdAd,4d7s|/2d3h8h/9c/2s:2070,-2070(775.849300)
530:Player,BR:0cc/cc/r300c/r200f:5sJh,8sTs|/4h6cJs/Td/As:400,-400(400.000000)
531:BR,Player:0r130c/cr299c/cr687c/cr1580c:QsQc,4cKs|/2h3hQh/Kd/4d:2796,-2796(2214.150727)
532:Player,BR:0cc/cc/cc/r130f:2s5s,4hJh|/3d8cKd/7s/Ts:100,-100(100.000000)
533:BR,Player:0cc/cc/cr200f:2hTc,5dAs|/3s3h7s/7d:-100,100(-100.000000)
534:Player,BR:0cr200c/cc/cc/cc:8dKh,2hQh|/2s5d5c/7c/5s:-300,300(-212.569157)
535:BR,Player:0r130c/cr460f:4hTd,9sKh|/2d7h8c:-230,230(-230.000000)
536:Player,BR:0cc/cc/cc/r130c:4dJs,9dTh|/6s6cTs/Qc/Jc:230,-230(19.960993)
537:BR,Player:0r130c/cr299c/cc/cc:2c8h,5hJs|/2h4c5d/9h/3h:-529,529(-488.330188)
538:Player,BR:0cr300c/cc/cc/cc:9sAc,JhKd|/2h4s6d/3c/Th:400,-400(247.894534)
539:BR,Player:0r130c/cc/cc/cc:ThQh,5d9d|/5h6cAd/8h/6h:230,-230(230.000000)
540:Player,BR:0cc/cc/cc/r300c:6d8h,7h9s|/2c9cQs/3s/Kc:-400,400(-400.000000)
541:BR,Player:0cc/cc/cc/cc:6dQs,8hAc|/3hTcJd/Kc/Ks:-100,100(-96.856019)
542:Player,BR:0cc/cc/r200f:5dKd,4d8h|/4hJsKh/Ts:100,-100(100.000000)
543:BR,Player:0r130c/cr299c/cr687c/cr3648c:8sTc,3d5s|/2dQsAc/Ks/2h:0,-0(-70.424188)
544:Player,BR:0cc/cc/cc/cc:2h9c,3cTh|/3sTcJs/5s/8s:-100,100(-44.401214)
545:BR,Player:0r200c/cc/cr390c/cc:2d9d,4dTc|/2s6s9c/6h/2h:690,-690(690.000000)
546:Player,BR:0cc/cc/r300f:7d9s,3c4h|/8dTsKd/As:100,-100(100.000000)
547:BR,Player:0r130c/cr460c/cc/cc:7dKc,TcJs|/5s8cTd/5h/8d:-690,690(153.515114)
548:Player,BR:0cc/cc/cc/cc:4s8h,3hJd|/8s9hQd/6d/4d:100,-100(85.679030)
549:BR,Player:0r130c/cc/cr299f:4dTc,8cQh|/2d6d9h/5d:-230,230(-230.000000)
550:Player,BR:0cr300c/cc/r800c/cc:TdJh,6cKs|/5s7cKd/Ad/Tc:-1200,1200(-887.117758)
551:BR,Player:0r130c/cr299f:5d8s,TdKs|/3sJcQd:-230,230(-230.000000)
552:Player,BR:0cr200c/r390c/cc/cc:9hTh,4c9d|/4d6h6c/5d/8d:-690,690(478.241834)
553:BR,Player:0r130c/cr299c/cr687c/cc:QcKc,9sAs|/3s6h8s/Ah/Jh:-1216,1216(-1049.847001)
554:Player,BR:0cc/cc/cc/cc:6hQc,4d8h|/6cQdKs/9h/4h:100,-100(-30.194492)
555:BR,Player:0r130c/cr460c/cr897f:7dJd,9hKd|/4h8c9c/5c:-690,690(-690.000000)
556:Player,BR:0cr200c/cc/cc/cc:5s5c,KsAs|/6h9cQc/8s/6c:300,-300(65.748396)
557:BR,Player:0r130c/cr299c/cc/cc:7hTd,9cTs|/3h4cAh/5d/9s:-529,529(-491.494459)
558:Player,BR:0cr200c/cc/r390f:6sAh,3h8s|/TsJcQs/Tc:300,-300(300.000000)
559:BR,Player:0r200c/cc/cc/cc:KsAs,8cKh|/5c8dJd/6d/9s:-300,300(-187.362774)
560:Player,BR:0cc/cc/cc/r130c:6cQd,6s9d|/JhKsAd/6h/3s:230,-230(-35.920310)
561:BR,Player:0r200c/cr390c/cc/cc:2s5s,5cJs|/3s8hKs/Qh/5h:-690,690(52.671166)
562:Player,BR:0cc/cc/cc/cc:3sKh,4sAd|/4d5sQc/8d/Jc:-100,100(-49.441370)
563:BR,Player:0cc/cc/cc/cc:5sQs,4d8h|/3c4hAd/5d/Ac:100,-100(100.000000)
564:Player,BR:0cc/cc/cc/cc:5sTh,TdJd|/7h9s9d/Kd/9h:-100,100(28.963533)
565:BR,Player:0r130c/cr460c/cr1380c/cr17930c:3h7d,6d6c|/5s6h7h/7c/3d:20000,-20000(20000.000000)
566:Player,BR:0cc/cc/cc/r130c:6sQh,JhAs|/5c8sTd/9h/Qd:-230,230(-205.493906)
567:BR,Player:0cc/cc/cc/cr130f:4dJh,7cJd|/4h9sQh/3c/7s:-100,100(-100.000000)
568:Player,BR:0cr300c/cc/cc/cc:2s2d,8cQh|/5c7c9c/7s/Ts:400,-400(400.000000)
569:BR,Player:0r130c/cr460c/cc/cc:3cQd,9hAd|/9dQhKs/Qs/Jh:690,-690(690.000000)
570:Player,BR:0cr200c/cc/r150f:8cKh,4c5d|/6hJhKs/5c:300,-300(300.000000)
571:BR,Player:0r130c/cr299c/cr1058c/cr4761f:2sKh,QdKd|/5sQsQh/Td/5c:-1587,1587(-1587.000000)
572:Player,BR:0cc/cc/cc/r130c:3c9s,7sTh|/2h4dJd/Td/4c:-230,230(11.428886)
573:BR,Player:0cc/cc/cc/cc:4h5h,7hQh|/7dJdKd/5c/3d:-100,100(-57.319721)
574:Player,BR:0cc/cc/r130f:4cQh,2hTs|/4d9cJh/9d:100,-100(100.000000)
575:BR,Player:0cc/cc/cr130c/cr299c:6sQd,2c3c|/6dTsKh/Qc/9c:529,-529(-120.650356)
576:Player,BR:0cc/cc/cc/r130c:3sQd,2d7s|/7d7cKd/4h/3h:-230,230(-214.531896)
577:BR,Player:0r130c/cc/cc/cr299f:8d9d,8hTs|/4sTdKs/2c/Ac:-230,230(-230.000000)
578:Player,BR:0cc/cc/cc/r130c:2h8h,8sKs|/3s4h9s/As/8c:-230,230(-230.000000)
579:BR,Player:0r130c/cc/cr115c/cc:3c4c,3hAc|/7d7c8c/7s/Ks:-345,345(-345.000000)
580:Player,BR:0cc/cc/cc/cc:3c9h,5h5d|/2s7cQh/6s/9c:100,-100(-48.158906)
581:BR,Player:0r130c/cc/cc/cr299f:TsAs,KsKc|/2c4h6c/6d/9h:-230,230(-230.000000)
582:Player,BR:0cc/cc/cc/cc:4dTd,5c9h|/4s6cAh/7c/Qd:100,-100(96.771579)
583:BR,Player:0r130c/cr299c/cc/cc:JcAc,8cTh|/3h8s9s/2c/Ks:-529,529(-172.725888)
584:Player,BR:0cc/cc/cc/cc:6hTs,2sQd|/3d6s9h/Kc/Tc:100,-100(51.053934)
585:BR,Player:0r130c/cc/cr115c/cr690c:6cQs,3s6d|/2cKdAc/9d/Jh:1035,-1035(114.080830)
586:Player,BR:0cc/r130c/cc/r299c:3s9s,3cKd|/7sJdJc/2h/5c:-529,529(-511.975075)
587:BR,Player:0r130c/cr299f:TdJs,2hQh|/3c4c6c:-230,230(-230.000000)
588:Player,BR:0cc/cc/r300c/r520c:3s6h,5dKd|/4s5hKs/Qh/Jh:-920,920(-498.427742)
589:BR,Player:0r130c/cc/cr115c/cc:2d3h,7dKc|/2s9hJh/8c/5d:345,-345(-148.205050)
590:Player,BR:0cr200c/cc/r390c/cc:3dTh,5sJh|/8c9d9c/7s/Qh:-690,690(121.469761)
591:BR,Player:0r130c/cr299f:6hTs,5h9d|/4h8dKc:-230,230(-230.000000)
592:Player,BR:0cr200c/r390f:TcJd,2dTh|/3s3c9h:300,-300(300.000000)
593:BR,Player:0r200c/cc/cc/cc:2hKd,4cJs|/4hQhKh/7c/Kc:300,-300(300.000000)
594:Player,BR:0cr600f:9cTd,7d8h|:100,-100(100.000000)
595:BR,Player:0r130c/cc/cc/cc:JhAh,JsQh|/6cKhAs/7d/5c:230,-230(230.000000)
596:Player,BR:0cr200f:JcAs,2c6h|:100,-100(100.000000)
597:BR,Player:0r130c/cc/cr460c/cc:TsAs,2dQd|/3s9cJd/5c/8c:690,-690(-575.539906)
598:Player,BR:0cr300c/cc/r200c/cc:TdJc,TsKc|/7s8dQd/Js/6h:600,-600(600.000000)
599:BR,Player:0r130c/cc/cc/cc:8hAs,9hKh|/4d8sAh/Qc/Qd:230,-230(230.000000)
600:Player,BR:0cr600f:5s7d,2dJc|:100,-100(100.000000)
601:BR,Player:0r130c/cc/cr460c/cr897f:5s5h,TcJd|/2s9sQs/2h/Kd:-690,690(-690.000000)
602:Player,BR:0cr300c/cc/r800c/cc:8cAh,6dKs|/2s7hJd/3d/9d:1200,-1200(575.967385)
603:BR,Player:0cc/cc/cr130f:4d8c,2cKd|/9sQdAd/Jd:-100,100(-100.000000)
604:Player,BR:0cc/cc/cc/cc:6sJc,2sQc|/4h8s8c/Ac/4c:0,-0(9.017452)
605:BR,Player:0r130c/cc/cc/cc:8hKc,8cQc|/2dTdAs/9h/Tc:230,-230(-22.634909)
606:Player,BR:0cr200c/cc/cc/cc:4s4h,8hTs|/2c3c7c/9c/2d:300,-300(300.000000)
607:BR,Player:0r130c/cc/cc/cc:3h8s,5d8h|/TdQcKh/5s/2s:-230,230(-230.000000)
608:Player,BR:0cc/cc/r130c/r460c:2sTh,5h8d|/6d8cTd/5s/6h:690,-690(159.427191)
609:BR,Player:0cc/cr200f:3s4s,9dTs|/5c8hTh:-100,100(-100.000000)
610:Player,BR:0cc/cc/r200c/cc:9dJc,7dTs|/5s9hTc/9s/Ad:300,-300(-240.208968)
611:BR,Player:0r130c/cc/cr299c/cc:8dTs,5sAd|/2c4s8c/5d/Jc:529,-529(529.000000)
612:Player,BR:0cc/cc/r200f:5sTh,6c8d|/2c4cAd/4d:100,-100(100.000000)
613:BR,Player:0r130c/cc/cr115f:6s8c,6c9s|/JsJcKs/3d:-230,230(-230.000000)
614:Player,BR:0cr200c/cc/cc/cc:JcAd,7cQh|/2s7sKd/4h/4s:-300,300(-171.847412)
615:BR,Player:0r130c/cc/cr460f:2c3d,JcQd|/ThJdAd/9c:-230,230(-230.000000)
616:Player,BR:0cc/cc/r130c/r690c:4d9s,3h4s|/4cJsJc/8s/4h:0,-0(-599.309946)
617:BR,Player:0r200c/cc/cc/cr390f:4cJh,6c8c|/5h5c7d/Ad/8s:-300,300(-300.000000)
618:Player,BR:0cc/cc/r200c/r150c:8hQc,2d9h|/4s5c7c/9c/6c:450,-450(237.852831)
619:BR,Player:0r130c/cr299c/cc/cc:ThJh,4h8h|/3h9hAs/Ad/6d:529,-529(63.889200)
620:Player,BR:0cc/cc/r200f:4sAd,4h5d|/7dThAh/Qd:100,-100(100.000000)
621:BR,Player:0f:JhQd,2s4h|:50,-50(50.000000)
622:Player,BR:0cc/cc/r300f:7sJh,6c8d|/3h9hAh/Kd:100,-100(100.000000)
623:BR,Player:0r130c/cc/cr299c/cr1587c:9hAc,3sQs|/2dJdKh/8d/Ts:2116,-2116(-278.367384)
624:Player,BR:0cc/cc/cc/cc:3dAh,8cJs|/4d8dQs/2s/5c:100,-100(-89.583676)
625:BR,Player:0f:6cJc,3h7c|:50,-50(50.000000)
626:Player,BR:0cr600c/cc/cc/r1400f:QhAh,8hQc|/TcJsJc/4c/Kh:700,-700(700.000000)
627:BR,Player:0cc/cr200c/cr390c/cc:5hKh,4cTh|/8c9hJd/9d/8s:690,-690(441.056307)
628:Player,BR:0cc/cc/r130c/cc:2c5s,QhKc|/3h3dAc/7s/5d:230,-230(2.209972)
629:BR,Player:0r130c/cr299f:4s5s,KcAs|/6hJcAc:-230,230(-230.000000)
630:Player,BR:0cr600c/cc/cc/r350c:2d3c,6dKs|/7s9hAs/Ah/Qs:-1050,1050(39.247618)
631:BR,Player:0f:3s4c,2s5d|:50,-50(50.000000)
632:Player,BR:0cc/cc/cc/cc:3dAs,9cKh|/2c7s7c/Th/Kd:-100,100(-80.991448)
633:BR,Player:0r200c/cr600c/cc/cc:3sKc,6sTc|/2d5s8s/Ac/Td:-900,900(-215.837267)
634:Player,BR:0cr200c/cc/r150f:7cKc,5s8c|/2sTdAd/Js:300,-300(300.000000)
635:BR,Player:0r200f:2c3h,TdJd|:-100,100(-100.000000)
636:Player,BR:0cc/cc/cc/r200c:2s8s,3sQh|/3d7cQc/Kc/7s:-300,300(-131.875370)
637:BR,Player:0r200c/cc/cr600c/cc:2hQc,6cJc|/4h8hQd/Td/Jd:900,-900(412.869530)
638:Player,BR:0cc/cc/cc/r130c:3c7d,4c8s|/2c7c9c/8h/8c:-230,230(-93.521045)
639:BR,Player:0r130c/cr299c/cr1058f:3dKc,5c8d|/2c7cQh/Jh:-529,529(-529.000000)
640:Player,BR:0cc/cc/cc/cc:3c7d,6sJc|/2c5dQh/Js/Kh:-100,100(-66.477853)
641:BR,Player:0r130c/cc/cc/cr299c:4dAs,8sTc|/5dQcAh/5s/6d:529,-529(509.125092)
642:Player,BR:0cc/cc/cc/cc:2c6h,3h8h|/2s7sJd/4h/4c:100,-100(98.196579)
643:BR,Player:0r200c/cr390c/cr1380f:8h9c,8sQd|/2h3sQs/Ts:-690,690(-690.000000)
644:Player,BR:0cr300c/r1200f:6dKd,6cKh|/2dTdQc:400,-400(400.000000)
645:BR,Player:0f:6hKc,3d6s|:50,-50(50.000000)
646:Player,BR:0cc/cc/cc/cc:4cAh,4h6h|/3d9hJd/7d/7h:100,-100(95.550827)
647:BR,Player:0f:6hAh,2dTc|:50,-50(50.000000)
648:Player,BR:0cc/cc/cc/cc:2c8c,9s9c|/2sJcQh/6d/7d:-100,100(-49.380261)
649:BR,Player:0r130c/cr299c/cc/cr687c:4d5c,9dJd|/4h5dKd/4s/Td:1216,-1216(1122.157871)
650:Player,BR:0cr600c/cc/r140c/r2520f:JcAc,7hJs|/3d7cTc/5s/Ah:840,-840(840.000000)
651:BR,Player:0r130c/cr299c/cc/cc:6hJh,4dTd|/3c7cJc/7h/Ah:529,-529(432.700431)
652:Player,BR:0cr300f:AhAd,2c3s|:100,-100(100.000000)
653:BR,Player:0r130c/cr299c/cr3174c/cr7406f:2c4s,3dAd|/2s5s9h/7c/4h:-3703,3703(-3703.000000)
654:Player,BR:0cc/cc/cc/cc:3dKh,4d8h|/2h2d5s/5c/Jh:100,-100(62.832394)
655:BR,Player:0r130c/cc/cc/cr690f:3h7s,6sTd|/5cTsKs/8d/6d:-230,230(-230.000000)
656:Player,BR:0cr200c/cc/r900f:QdQc,4h8c|/2s6h9s/Ts:300,-300(300.000000)
657:BR,Player:0cc/cc/cr130c/cr299f:7hTd,4s8c|/3c8sAc/7c/2d:-230,230(-230.000000)
658:Player,BR:0cr200c/cc/cc/cc:ThAd,TdTc|/8hTsQh/5d/8s:-300,300(-299.665561)
659:BR,Player:0r300c/cr520c/cr2760c/cc:4cQd,6dJc|/2c5d7h/9s/4d:3680,-3680(2903.963549)
660:Player,BR:0cc/cc/cc/r130c:6cQh,JsJd|/9s9cTs/8h/Qs:-230,230(-204.794324)
661:BR,Player:0r130c/cc/cc/cc:6s9s,7dAs|/2h2c3h/Kc/Td:-230,230(-230.000000)
662:Player,BR:0cc/cc/cc/cc:3d7h,TcAs|/3s4h5c/Ah/8s:-100,100(-90.185959)
663:BR,Player:0r200c/cc/cr600c/cc:9dJh,4c6c|/3s8dJs/2d/4h:900,-900(900.000000)
664:Player,BR:0cc/cc/cc/cc:2cKs,5h9d|/2sThQh/8c/Kc:100,-100(73.470825)
665:BR,Player:0r200c/cc/cc/cr600f:3s8s,5s6h|/2c3h7c/Kc/Qh:-300,300(-300.000000)
666:Player,BR:0cr300f:TsJs,2d8d|:100,-100(100.000000)
667:BR,Player:0r130c/cc/cc/cr460c:3hQc,6sTc|/2sQhKc/5h/Kh:690,-690(115.431965)
668:Player,BR:0cc/cc/r130c/cc:3dTd,8hAh|/2sTsTc/6s/Ks:230,-230(212.159604)
669:BR,Player:0r130c/cc/cr460c/cc:5dKd,6hJd|/2c5sQc/Ad/5h:690,-690(690.000000)
670:Player,BR:0cr200c/cc/cc/r390c:5sAd,4sQd|/3s9dAc/Td/3d:690,-690(207.677979)
671:BR,Player:0r130c/cr299c/cr1058f:5dQc,4sTd|/3d4hQs/4c:-529,529(-529.000000)
672:Player,BR:0cr300c/cc/cc/cc:TcKd,4cQd|/7c8h9s/As/2s:400,-400(400.000000)
673:BR,Player:0r130c/cr299c/cc/cc:5dTc,4sJd|/7s7hQc/Ac/Th:529,-529(422.443316)
674:Player,BR:0cc/cc/cc/cc:6dQh,2s5d|/3d4dAs/7h/4s:-100,100(-94.657273)
675:BR,Player:0r130c/cc/cc/cr299f:4d6c,JhKc|/4s5dQh/7s/Kd:-230,230(-230.000000)
676:Player,BR:0cc/cc/cc/cc:2s7h,5cJh|/2c4c9c/Td/8s:100,-100(92.351949)
677:BR,Player:0r130c/cr299c/cc/cc:4hKc,2h7h|/2s7sTc/8d/8c:-529,529(-236.405506)
678:Player,BR:0cr600f:8d9d,4d8h|:100,-100(100.000000)
679:BR,Player:0r130c/cr460c/cc/cc:7sKd,4d6d|/2d7cJs/2s/Ah:690,-690(483.246980)
680:Player,BR:0cr300c/cc/r200c/r780c:3d4d,KsKd|/7dTcJh/7h/9h:-1380,1380(-310.313018)
681:BR,Player:0f:KsKh,3s7h|:50,-50(50.000000)
682:Player,BR:0cc/cc/cc/cc:4sAh,2h8h|/2s3h7d/Ks/7s:-100,100(-56.362427)
683:BR,Player:0f:2h9d,2d4h|:50,-50(50.000000)
684:Player,BR:0cc/cc/cc/cc:3s8h,JcQd|/3h3d9c/4h/Jh:100,-100(-86.277543)
685:BR,Player:0r130c/cr299f:2sJh,7hTc|/7dTsKd:-230,230(-230.000000)
686:Player,BR:0cc/cc/cc/cc:3h9s,4c9h|/6d8hTh/9d/8d:0,-0(-70.401018)
687:BR,Player:0r200c/cr390c/cr4140c/cc:TdKh,4d6d|/3hJcAh/5s/As:4830,-4830(4783.909859)
688:Player,BR:0cc/cc/r130c/r299f:3dJd,6c8h|/3s3c4c/Qc/Kd:230,-230(230.000000)
689:BR,Player:0r130c/cr299f:2dJh,2cTc|/3c4s9d:-230,230(-230.000000)
690:Player,BR:0cr300c/cc/r200c/r300c:4cAc,5dKh|/3d6dAh/3s/8c:900,-900(364.858965)
691:BR,Player:0cc/cr130c/cc/cc:7sAs,3s4c|/JcQsAc/Js/4s:230,-230(230.000000)
692:Player,BR:0cc/cc/cc/r130c:2d8c,3dKc|/5c7dAs/3h/3s:-230,230(-210.928767)
693:BR,Player:0r130c/cc/cr115c/cr690f:5c8d,4dTd|/5sThJd/4s/3d:-345,345(-345.000000)
694:Player,BR:0cr200c/cc/r600f:2cQc,ThJs|/3d5c9c/6s:300,-300(300.000000)
695:BR,Player:0cc/cr130c/cr690c/cr1196f:2cTc,2sQc|/2h5hQs/9d/Jh:-920,920(-920.000000)
696:Player,BR:0cr200c/cc/cc/cc:2dAd,4d9c|/2h4h7d/Jd/Qh:-300,300(-201.559236)
697:BR,Player:0r130c/cc/cr115c/cr2070c:3h5h,6hJc|/3s7hTs/Kh/5c:2415,-2415(2415.000000)
698:Player,BR:0cc/cc/cc/r130c:5dJs,7hQd|/QsAsAc/9h/5h:-230,230(-198.334782)
699:BR,Player:0cc/cc/cc/cc:4c9c,2hAd|/7sQdKh/8h/Qc:-100,100(-100.000000)
700:Player,BR:0cc/cc/cc/r130f:3c9h,2h4s|/9s9cJh/8h/Td:100,-100(100.000000)
701:BR,Player:0r130c/cr299f:7dTc,3s8s|/5h6hKs:-230,230(-230.000000)
702:Player,BR:0cr300c/cc/cc/cc:2sQs,7cTs|/2c3sAd/4c/Td:-400,400(-121.549383)
703:BR,Player:0r200c/cr390c/cr897f:2sAh,ThAs|/8dJhJc/7c:-690,690(-690.000000)
704:Player,BR:0cr300f:JsAc,5c8d|:100,-100(100.000000)
705:BR,Player:0r130c/cr299f:2d7s,4s6h|/QsQcKs:-230,230(-230.000000)
706:Player,BR:0cr200c/cc/cc/cc:TcAd,8s9d|/5s8dQh/6d/6h:-300,300(-186.021827)
707:BR,Player:0r130c/cc/cr460f:2hQc,7d8h|/8s9hTh/8c:-230,230(-230.000000)
708:Player,BR:0cc/cc/cc/cc:2hTc,5cJc|/2d5dKc/9s/7c:-100,100(-61.921162)
709:BR,Player:0r130c/cr299c/cc/cr687c:4dQd,9s9d|/2s6h6c/Qs/5s:1216,-1216(424.464982)
710:Player,BR:0cc/cc/cc/cc:2dJs,3dJd|/2hQdKd/8s/Kc:100,-100(22.271597)
711:BR,Player:0r200c/cc/cc/cr390c:2s8h,5d6d|/3s8d8c/Qh/3h:690,-690(690.000000)
712:Player,BR:0cc/cc/cc/cc:ThJc,2d4h|/7hKdAs/8s/2h:-100,100(-56.576749)
713:BR,Player:0r130c/cr299c/cc/cc:2dAd,6d7h|/QcKhAh/Jh/4s:529,-529(323.017031)
714:Player,BR:0cc/r200c/cc/cc:2dJs,4s9h|/2sTdJh/Th/Qd:300,-300(-0.921641)
715:BR,Player:0r130c/cc/cr299c/cr1058c:7d8h,3s6c|/7sJhAc/Td/5d:1587,-1587(1517.889255)
716:Player,BR:0cr300c/cc/cc/cc:3hTh,9h9c|/5h5cTc/6c/Kc:-400,400(-326.596200)
717:BR,Player:0r300f:3d5s,8dKh|:-100,100(-100.000000)
718:Player,BR:0cr200c/cc/cc/cc:3sAs,JsAh|/8c9dQc/5d/5c:-300,300(1.457869)
719:BR,Player:0r130c/cc/cc/cr299c:4hKd,8c9s|/4cTcJc/Js/8d:-529,529(-97.463305)
720:Player,BR:0cr300c/r520c/cc/cc:6sKs,5dJc|/7h8c9h/7c/4c:920,-920(676.803284)
721:BR,Player:0r130c/cc/cc/cc:5dQs,5cTh|/8sTsJc/Ks/Ah:230,-230(230.000000)
722:Player,BR:0cc/cc/cc/cc:5dQs,4hTd|/3dKcAd/Ts/6s:-100,100(-68.957333)
723:BR,Player:0cc/cr130c/cc/cc:5s5c,3cJh|/7h9dJs/Ac/Qc:-230,230(-18.923495)
724:Player,BR:0cr300c/cc/cc/cc:7hJh,3hJs|/7dTsKd/8d/4d:400,-400(400.000000)
725:BR,Player:0r130c/cr460f:3dTd,7hJc|/5c8sKc:-230,230(-230.000000)
726:Player,BR:0cr130c/cc/r115c/r172c:7s7d,JsQh|/3s4hQs/Jh/4s:-517,517(-475.140280)
727:BR,Player:0r130c/cc/cr115c/cr1035c:6h9h,4h5s|/2d9s9c/Ah/3s:-1380,1380(-330.842794)
728:Player,BR:0cr130c/cc/r299c/cc:ThQd,JdKd|/2c8c9s/3s/Ad:-529,529(-389.070831)
729:BR,Player:0cc/cc/cr130c/cc:5dKd,3hTd|/4s5s6c/Tc/Qd:-230,230(-194.017259)
730:Player,BR:0cc/cc/cc/cc:3hKd,6h7d|/3c8d9s/Tc/4s:-100,100(-97.424363)
731:BR,Player:0r130c/cr299c/cr1587c/cc:KhKc,ThQs|/7c9sAh/8s/9h:2116,-2116(1499.312692)
732:Player,BR:0cc/cc/cc/cc:4sTd,6s7h|/4c5dAh/8h/Jh:-100,100(-97.002930)
733:BR,Player:0r200c/cr390c/cc/cc:2h2d,5s6s|/8cJsAd/9c/Kc:690,-690(7.946604)
734:Player,BR:0cr300c/cc/r200c/cc:9dAs,7dKh|/5s8cQc/Ah/Qd:600,-600(322.086162)
735:BR,Player:0r130c/cr299f:2dTh,9sTs|/5d8sJd:-230,230(-230.000000)
736:Player,BR:0cr600f:7cKc,4cTh|:100,-100(100.000000)
737:BR,Player:0r130c/cr299c/cr687c/cc:8dKs,5hKh|/2c6sTh/Kd/3s:1216,-1216(1169.905276)
738:Player,BR:0cc/cc/cc/r300f:5c8s,6c7c|/9dQcKh/3s/2s:100,-100(100.000000)
739:BR,Player:0f:6hTc,3h6d|:50,-50(50.000000)
740:Player,BR:0cr300c/cc/cc/cc:7sAh,ThJh|/3d5sKh/Tc/4c:-400,400(-374.679350)
741:BR,Player:0r130c/cc/cr115c/cc:5s9c,6cKs|/6hTdQs/Jh/Kd:345,-345(229.255755)
742:Player,BR:0cc/cc/cc/cc:3s6d,2h9c|/4cQhKc/As/7c:-100,100(62.841876)
743:BR,Player:0f:9cAh,3s8h|:50,-50(50.000000)
744:Player,BR:0cc/cc/cc/cc:8h9s,4h8c|/8dAdAc/Ts/2s:0,-0(-72.698012)
745:BR,Player:0f:6sTd,2c3h|:50,-50(50.000000)
746:Player,BR:0cc/cc/cc/r130c:9hTc,3hAh|/2d4sJs/6c/Jc:-230,230(75.819288)
747:BR,Player:0cc/cc/cr130c/cc:4cKd,4h8d|/3s4dQd/Jh/7d:230,-230(192.920291)
748:Player,BR:0cc/cc/r130c/cc:4h5c,4sAs|/5h9dKc/2d/Qs:230,-230(34.649477)
749:BR,Player:0r130c/cc/cc/cr460c:2hAh,7d9d|/4h6d7h/5h/4c:690,-690(690.000000)
750:Player,BR:0cc/cc/r130f:7dTs,2d5h|/8hQsAc/3d:100,-100(100.000000)
751:BR,Player:0cc/cc/cc/cc:3d8d,JsKc|/4c5hAs/7h/Qs:-100,100(-100.000000)
752:Player,BR:0cr200f:7sAh,2h3d|:100,-100(100.000000)
753:BR,Player:0r130c/cr299c/cc/cr687f:8hJd,9sAd|/7sJhAc/7c/6h:-529,529(-529.000000)
754:Player,BR:0cc/cc/r130c/r299c:6cJh,8cJc|/5h9hJs/Th/2c:-529,529(-263.297674)
755:BR,Player:0r130c/cr299c/cc/cc:6sKc,3cQh|/5d7h9c/9h/6d:529,-529(457.642394)
756:Player,BR:0cc/cc/r130c/r115c:8hTd,6cTh|/7sTsKh/Ad/Kd:0,-0(72.895055)
757:BR,Player:0cc/cr200c/cc/cc:2d6h,3cJh|/2s4c9c/Kd/Ad:300,-300(75.870801)
758:Player,BR:0cc/cc/cc/cc:5dKh,8hAh|/3s9dAc/9h/3h:-100,100(-87.335444)
759:BR,Player:0r130c/cr460c/cc/cc:6c8d,4dJc|/2d7dTs/Js/7s:-690,690(-525.107241)
760:Player,BR:0cc/cc/cc/r200c:2sTd,5sQs|/3dJcKh/5d/8h:-300,300(2.067112)
761:BR,Player:0f:6d9d,2c4h|:50,-50(50.000000)
762:Player,BR:0cr200c/cc/cc/cc:TdAc,5dJd|/3hQsKh/Ks/Jh:300,-300(-164.338600)
763:BR,Player:0r130c/cr1380c/cc/cr2093c:AhAd,3cAs|/5sJcKs/Qc/9h:3703,-3703(3703.000000)
764:Player,BR:0cr300c/cc/cc/cc:6h6d,JhAd|/3c7cKc/6s/4h:400,-400(91.768867)
765:BR,Player:0r200c/cc/cc/cr390f:2cQs,4cAh|/3d5d9s/6c/Ad:-300,300(-300.000000)
766:Player,BR:0cc/cc/cc/cc:7dJs,2sTc|/5h8s8d/Qc/Kh:100,-100(36.869069)
767:BR,Player:0r130c/cc/cc/cc:6cAc,2cQc|/3sJhKh/Td/3c:230,-230(-52.349194)
768:Player,BR:0cr300c/r800f:9hTs,9sTc|/2d5dJh:400,-400(400.000000)
769:BR,Player:0r130c/cr299c/cc/cr1058f:8sQh,2cAs|/2h4s6h/4c/2s:-529,529(-529.000000)
770:Player,BR:0cc/cc/r130c/r460f:2s7c,QsKh|/7s7h9h/3d/2d:230,-230(230.000000)
771:BR,Player:0r130c/cc/cr115c/cc:5h6d,9cAd|/4h6s8s/4c/Kh:345,-345(238.515755)
772:Player,BR:0cc/cc/cc/cc:8cJs,ThKs|/4s7cKh/3s/Td:-100,100(-99.280995)
773:BR,Player:0r130c/cc/cr115c/cc:8hJh,6d7s|/3d9hJc/5h/6h:345,-345(345.000000)
774:Player,BR:0cc/cc/cc/cc:6cQh,QsAc|/8c9h9d/6h/2d:100,-100(-49.729452)
775:BR,Player:0r130c/cr299c/cc/cr687c:6dAh,7dAd|/5d8sKd/Qc/Tc:0,-0(-65.080506)
776:Player,BR:0cc/cc/cc/cc:6cJs,KdKc|/8d8cQs/3c/7h:-100,100(-91.398323)
777:BR,Player:0r130c/cc/cr115c/cc:2dAc,6sQd|/4c6dJd/3d/Tc:-345,345(-279.434957)
778:Player,BR:0cc/cc/cc/r200f:6c8d,5c8s|/ThTdQs/5h/4d:100,-100(100.000000)
779:BR,Player:0r130c/cc/cr299c/cr687c:9sJc,8hAs|/3d6hJd/Ac/7c:-1216,1216(-403.818444)
780:Player,BR:0cr300c/r520c/r460f:3sAs,2sJc|/3c8h8c/3h:920,-920(920.000000)
781:BR,Player:0r130c/cc/cr115c/cc:2h3s,5c6c|/5sQdKd/3d/Ad:-345,345(-279.028223)
782:Player,BR:0cr300c/r520f:TcKc,6cJd|/8hTsKd:400,-400(400.000000)
783:BR,Player:0r200c/cr390c/cr345c/cr1345f:8s8h,TsTh|/7h7d9h/Tc/Qc:-1035,1035(-1035.000000)
784:Player,BR:0cc/cc/cc/cc:6dAh,7dKc|/8sTcJd/7c/5s:-100,100(-28.974547)
785:BR,Player:0cc/cr300c/cr800f:6s7c,3h4h|/5d7hAs/Jh:-400,400(-400.000000)
786:Player,BR:0cc/cc/cc/cc:7c8d,6sKc|/4d9sJh/7h/Qs:100,-100(52.848416)
787:BR,Player:0f:KhKc,3s9c|:50,-50(50.000000)
788:Player,BR:0cc/cc/cc/r130f:6dTh,3dTd|/5d6hJh/7s/5c:100,-100(100.000000)
789:BR,Player:0r200c/cr900c/cc/cc:ThAs,5c6d|/3dKdAh/2h/7h:1200,-1200(1200.000000)
790:Player,BR:0cr300c/cc/cc/cc:5cAs,3cKc|/2h7cTc/8d/2s:400,-400(377.704762)
791:BR,Player:0cc/cc/cc/cr200c:7sAh,5sTc|/9hTsKh/7d/Kd:-300,300(-32.534622)
792:Player,BR:0cc/cc/cc/r130f:9hKd,KsAc|/2h9cTc/8d/8s:100,-100(100.000000)
793:BR,Player:0r130c/cr299c/cr687c/cc:9cKc,2hAd|/2s8s8d/Ac/4c:-1216,1216(210.501236)
794:Player,BR:0cr130c/cc/cc/r115f:7c9h,7sQd|/TsKdAc/5h/2s:230,-230(230.000000)
795:BR,Player:0f:5dJs,2h8c|:50,-50(50.000000)
796:Player,BR:0cr300c/cc/cc/r200c:9hAc,7cQs|/5s5dQc/3h/2d:-600,600(-599.106606)
797:BR,Player:0r130c/cc/cr460f:7cJc,4sJd|/3h9dQd/5s:-230,230(-230.000000)
798:Player,BR:0cr300f:JsKs,3d8s|:100,-100(100.000000)
799:BR,Player:0f:TdQs,2h7d|:50,-50(50.000000)
800:Player,BR:0cc/cc/r130c/r115c:8cJs,KcAd|/4c5h7c/2s/Kd:-345,345(-323.746953)
801:BR,Player:0r130c/cr299c/cr1058c/cr2063c:3h3d,6dJd|/2h3cTs/8h/Ac:3650,-3650(2640.028600)
802:Player,BR:0cr200c/cc/cc/r900f:JdAs,2cKc|/5d7s8c/Jh/5c:300,-300(300.000000)
803:BR,Player:0r130c/cc/cc/cr460c:2d6s,TsKc|/5c7hQs/4c/3h:690,-690(611.523353)
804:Player,BR:0cc/cc/cc/r300c:2h9s,TsJs|/4h5dQc/Qh/Ah:-400,400(-335.940826)
805:BR,Player:0r130c/cr299c/cr687c/cr2432f:4d9s,3d5s|/3h3c9c/5c/6s:-1216,1216(-1216.000000)
806:Player,BR:0cr300c/cc/cc/r800f:7dJs,4dKs|/2s9h9c/4s/Jh:400,-400(400.000000)
807:BR,Player:0r130c/cc/cc/cr299c:2h4h,9cJh|/3c6sQs/As/4d:529,-529(9.456307)
808:Player,BR:0cc/cc/r130c/cc:6hQc,TdKh|/3c4hJs/2s/7c:-230,230(83.162320)
809:BR,Player:0cc/cc/cc/cr130f:6c7c,4s7s|/9dTdTc/Ac/Js:-100,100(-100.000000)
810:Player,BR:0cc/cc/cc/cc:2s6d,9sQd|/5sQhKd/2c/7s:-100,100(-70.113363)
811:BR,Player:0r130c/cc/cr460f:7h7d,JsKs|/3c4dTs/Qc:-230,230(-230.000000)
812:Player,BR:0cr200c/r390f:8sAs,4d7d|/3s6sTs:300,-300(300.000000)
813:BR,Player:0r130c/cr299c/cc/cc:7cKs,4d8d|/4s8cQs/Qd/5c:-529,529(-236.664414)
814:Player,BR:0cc/cc/cc/cc:8dAh,5cJd|/ThAdAc/4h/9c:100,-100(50.820363)
815:BR,Player:0r130c/cc/cc/cc:2h8s,7dQd|/8dKdKc/5h/As:230,-230(226.151137)
816:Player,BR:0cc/cc/cc/r300f:2cAd,2h4c|/3h6h6c/Ac/Td:100,-100(100.000000)
817:BR,Player:0r130c/cc/cc/cc:3s5d,4hQs|/TcQhKd/Ac/Ah:-230,230(-230.000000)
818:Player,BR:0cc/cc/cc/r130c:4s9d,2c8s|/4d4c6h/2h/5d:230,-230(56.370979)
819:BR,Player:0r130c/cr299c/cc/cc:3hJh,JdAs|/2d7sTh/Tc/4d:-529,529(-274.551207)
820:Player,BR:0cc/cc/cc/r130c:2hQh,2cJd|/3h4c5d/Jc/3d:-230,230(-66.310149)
821:BR,Player:0cc/cc/cc/cr200c:3s3c,6hQc|/3dTsKc/Qd/Th:300,-300(300.000000)
822:Player,BR:0cr600f:QsAs,4h6d|:100,-100(100.000000)
823:BR,Player:0r300c/cc/cc/cc:5hKd,8dJs|/3sQdAh/5c/2c:400,-400(281.179297)
824:Player,BR:0cr300c/cc/cc/r520c:JhAd,2sQs|/2c6dQd/Kd/Tc:920,-920(-438.019711)
825:BR,Player:0f:JhQh,2d5c|:50,-50(50.000000)
826:Player,BR:0cr600f:3cKc,5sJc|:100,-100(100.000000)
827:BR,Player:0r130c/cc/cr460c/cc:8d9c,6sKc|/ThJdAc/8s/Ad:690,-690(-15.007322)
828:Player,BR:0cc/cc/cc/cc:8sQc,9hKc|/8dThQd/Tc/Jc:-100,100(-98.373980)
829:BR,Player:0r130c/cc/cr115c/cc:7cQd,QhKh|/8sTdAh/8c/3d:-345,345(-336.554782)
830:Player,BR:0cr300f:7hQh,3s8s|:100,-100(100.000000)
831:BR,Player:0r130c/cc/cr299c/cr1587f:2h2d,3cTc|/7s9hAd/6s/8d:-529,529(-529.000000)
832:Player,BR:0cr600c/r910c/cc/cc:2sTs,8cQd|/3c5h6d/2c/8s:-1610,1610(-1483.014743)
833:BR,Player:0f:7sTs,2h4d|:50,-50(50.000000)
834:Player,BR:0cr300c/cc/r200c/r780c:7s7h,4hTh|/6sQdKc/3h/Kd:1380,-1380(171.974464)
835:BR,Player:0cc/cc/cc/cc:4sAc,3d6c|/2d6s9h/Qd/2s:-100,100(2.318170)
836:Player,BR:0cr200c/cc/r390c/cc:7sTc,5d7h|/2c4c6c/3h/3s:-690,690(-679.829429)
837:BR,Player:0r130c/cr299c/cc/cc:4hAs,5s8d|/JsKsKh/9c/7d:529,-529(-262.185532)
838:Player,BR:0cr200c/cc/r150c/cc:QsKd,2dQc|/9cTsAd/7h/7s:450,-450(279.023771)
839:BR,Player:0r200c/cc/cr390f:2cJc,4dKc|/6h8sTd/Qd:-300,300(-300.000000)
840:Player,BR:0cc/cc/cc/cc:3s8d,2sJd|/9dJsQh/3h/4h:-100,100(-75.482846)
841:BR,Player:0cc/cr130c/cr460c/cr1380c:2d9c,3d6h|/7d8s9s/Ac/Ah:2070,-2070(1826.929662)
842:Player,BR:0cc/r130c/r299c/r1587c:9hTs,2s7s|/3s3c7h/Kd/Ad:-2116,2116(-2116.000000)
843:BR,Player:0r130c/cr299f:5sTh,8hAc|/2d8c9s:-230,230(-230.000000)
844:Player,BR:0cc/cc/cc/r130f:2c6h,6c9d|/7hJcAc/Tc/5s:100,-100(100.000000)
845:BR,Player:0f:2sJs,2d7s|:50,-50(50.000000)
846:Player,BR:0cr600c/cc/cc/r140f:QcKs,6sAs|/4s9cJd/5h/Kh:700,-700(700.000000)
847:BR,Player:0cc/cc/cc/cr200f:TcJc,4dQd|/3h6sJd/Kd/Qc:-100,100(-100.000000)
848:Player,BR:0cc/cc/r130c/cc:3s5d,4c5s|/4h6h8d/Ah/5c:-230,230(-84.706389)
849:BR,Player:0cc/cc/cr200f:2hKs,6s8d|/5s5hJc/9h:-100,100(-100.000000)
850:Player,BR:0cc/cc/cc/cc:ThKs,2hTc|/3c7sQs/Jc/4s:100,-100(77.070049)
851:BR,Player:0r130c/cc/cc/cr299c:9hJs,7cAs|/5dJdKd/2h/6d:529,-529(-203.763282)
852:Player,BR:0cc/cc/cc/cc:2hKd,4c9s|/3c5s7s/6h/Qh:-100,100(-98.394731)
853:BR,Player:0f:JcKd,3c9s|:50,-50(50.000000)
854:Player,BR:0cc/cc/cc/cc:8sKc,6dJc|/3s5dQd/3d/2s:100,-100(72.535201)
855:BR,Player:0f:5c7s,3h8c|:50,-50(50.000000)
856:Player,BR:0cc/cc/r130c/cc:3dJd,8sKs|/5c8d9c/Js/Ts:230,-230(227.220335)
857:BR,Player:0r130c/cc/cr299f:2h8d,QcKh|/7s8sJs/Kc:-230,230(-230.000000)
858:Player,BR:0cr300f:2c4c,5c8h|:100,-100(100.000000)
859:BR,Player:0f:4d7h,2d9h|:50,-50(50.000000)
860:Player,BR:0cr200c/cc/r150c/cc:4h4d,JdQh|/3h5cKh/9c/8c:450,-450(316.327709)
861:BR,Player:0f:4cKs,2s6d|:50,-50(50.000000)
862:Player,BR:0cc/cc/cc/cc:2sKc,8d9d|/3s4s7s/4c/8c:-100,100(-75.167613)
863:BR,Player:0r200c/cc/cc/cc:2s8d,8hJd|/8sKsAs/Ts/7c:300,-300(300.000000)
864:Player,BR:0cr300f:9cJs,3c8c|:100,-100(100.000000)
865:BR,Player:0r200c/cc/cc/cc:4dJc,4cAs|/5s8d9d/Qd/3d:300,-300(300.000000)
866:Player,BR:0cc/cc/r300f:3c4d,7hQd|/2c8cKd/6d:100,-100(100.000000)
867:BR,Player:0r130c/cr460c/cr897c/cr2063f:3hAs,9hQh|/4d6h9c/Ah/9d:-1587,1587(-1587.000000)
868:Player,BR:0cr200c/cc/cc/cc:6dAd,8sTh|/2h9hQh/5s/Kc:300,-300(300.000000)
869:BR,Player:0r130c/cr690c/cr2760c/cc:5dJd,4cKc|/5c7hAc/4h/Kh:-3680,3680(2014.271553)
870:Player,BR:0cr300c/cc/cc/cc:9s9h,2sAd|/3hKdAc/2c/4h:-400,400(-373.860715)
871:BR,Player:0r130c/cc/cc/cc:9cKd,QhAs|/4sTcJc/8h/7s:230,-230(230.000000)
872:Player,BR:0cc/cc/cc/cc:4dKc,9cTd|/7s8hQs/Qc/Ah:100,-100(54.093534)
873:BR,Player:0r200c/cc/cc/cc:5hTc,5sAc|/6h9hJc/7d/2s:-300,300(-300.000000)
874:Player,BR:0cc/cc/cc/cc:3h4d,5cJh|/4sThAd/Qs/As:100,-100(0.929189)
875:BR,Player:0r200c/cr390c/cr897c/cc:QsKd,4cJd|/3h9hJs/3d/9d:-1587,1587(-1151.179064)
876:Player,BR:0cc/cc/cc/cc:6h9c,3sQc|/2h5cJs/Qd/2d:-100,100(-65.891161)
877:BR,Player:0r130c/cc/cr115f:2c4h,TcKd|/7d8s9s/Ts:-230,230(-230.000000)
878:Player,BR:0cr200c/cc/cc/cc:KcAc,QcAd|/6d9dJd/Qh/4c:-300,300(-228.108285)
879:BR,Player:0r130c/cc/cr460c/cc:2dAs,8dTd|/QcKhKc/9h/5d:690,-690(550.597631)
880:Player,BR:0cr300f:3h5d,3d7d|:100,-100(100.000000)
881:BR,Player:0r200c/cc/cc/cr900f:8dTd,4cAc|/5d9hAh/Kh/3c:-300,300(-300.000000)
882:Player,BR:0cc/cc/cc/cc:2dKs,5sAs|/6c7h7c/9c/Jh:-100,100(-29.867530)
883:BR,Player:0f:2h7h,2c4s|:50,-50(50.000000)
884:Player,BR:0cc/cc/cc/cc:4dJh,TcJc|/3c5sQd/8s/Ac:-100,100(39.924030)
885:BR,Player:0f:7cTs,3d7h|:50,-50(50.000000)
886:Player,BR:0cr300c/r520c/r1196c/r1058f:QhAc,4cTh|/4h8sAd/Jh/7h:2116,-2116(2116.000000)
887:BR,Player:0r130c/cc/cc/cr299f:6hTh,4sKd|/2d9cQd/Qh/4d:-230,230(-230.000000)
888:Player,BR:0cr300c/cc/r200c/cc:JcQh,2d9d|/8c9hQd/Kh/3c:600,-600(-387.548483)
889:BR,Player:0r130c/cr299c/cr1058c/cr9522c:JcAs,3hAd|/5s7dQh/Tc/Kd:11109,-11109(11109.000000)
890:Player,BR:0cc/cc/r130c/r115c:5c9d,5d7s|/2s5hAh/Js/Jh:0,-0(20.625616)
891:BR,Player:0r130c/cc/cc/cc:4cTh,7hAc|/2sKhKd/Jd/8d:-230,230(-230.000000)
892:Player,BR:0cc/cc/cc/cc:2d9s,2sTd|/5sThJc/Qs/8h:100,-100(-57.127977)
893:BR,Player:0r130c/cc/cc/cc:3c4h,JhKh|/2c3dAs/Ts/8h:230,-230(217.641883)
894:Player,BR:0cc/cc/cc/cc:5dKh,8hKd|/3hJsJc/4s/7s:-100,100(-18.943341)
895:BR,Player:0r130c/cc/cr460f:3cQs,9hTh|/6cJdKh/Ah:-230,230(-230.000000)
896:Player,BR:0cr200c/cc/r600f:TdTc,3d7c|/4s9sTs/Qh:300,-300(300.000000)
897:BR,Player:0cc/cc/cr130c/cc:4cTc,7hJh|/6c8hKs/Jc/6s:-230,230(-77.674788)
898:Player,BR:0cc/cc/r130c/cc:5c6h,7cJh|/3h8cQc/7d/5d:-230,230(-120.678830)
899:BR,Player:0r130c/cc/cr460f:3cAh,6h7d|/2c8s9h/Qh:-230,230(-230.000000)
900:Player,BR:0cc/cc/cc/cc:4cQc,KhAh|/2d4h8c/As/5s:-100,100(-97.729155)
901:BR,Player:0r130c/cc/cr115c/cc:9dQs,8h9c|/5h6d8d/4h/4s:-345,345(-345.000000)
902:Player,BR:0cr200f:2cTh,3d4s|:100,-100(100.000000)
903:BR,Player:0r200c/cc/cc/cc:6c8d,5dJd|/3c5c7c/Ad/6s:300,-300(182.287087)
904:Player,BR:0cr600f:5dKd,3cTd|:100,-100(100.000000)
905:BR,Player:0f:8cKc,3c7h|:50,-50(50.000000)
906:Player,BR:0cc/cc/cc/r300f:7sAc,2c5c|/8hTsAs/3c/Qs:100,-100(100.000000)
907:BR,Player:0r130c/cc/cc/cr460f:5h8h,8sKd|/ThQcKs/Qs/2s:-230,230(-230.000000)
908:Player,BR:0cc/cc/r200f:9dJh,3c5h|/2h6hQd/Jd:100,-100(100.000000)
909:BR,Player:0f:9h9c,2h5s|:50,-50(50.000000)
910:Player,BR:0cc/cc/cc/r130c:ThAs,TcKh|/8cAhAc/3s/7h:230,-230(78.565199)
911:BR,Player:0r200c/cc/cc/cc:7cAh,4sAd|/ThTdQc/Js/2s:0,-0(75.974149)
912:Player,BR:0cc/cc/cc/cc:TsAc,4s7s|/3s4cKd/7h/Tc:-100,100(-88.865507)
913:BR,Player:0r130c/cr299c/cc/cc:2d9d,4sTc|/QcKcAh/Ad/9h:529,-529(523.819969)
914:Player,BR:0cc/cc/cc/cc:8hTc,2sQs|/5c6c7d/6s/8c:100,-100(100.000000)
915:BR,Player:0r130c/cr299c/cc/cc:7s7h,4hJh|/6cTcJd/9s/Ac:-529,529(-200.818961)
916:Player,BR:0cc/cc/r200c/r900f:4cKd,2c3s|/2d4dAd/9d/3d:300,-300(300.000000)
917:BR,Player:0cc/cc/cc/cr200c:5d7d,2sTs|/5c6d8s/Kc/Kd:300,-300(-8.974461)
918:Player,BR:0cc/cc/r130c/cc:3cJh,2h9h|/2s6dTh/2d/As:-230,230(-212.041117)
919:BR,Player:0r130c/cr299c/cr687c/cc:7hJd,5sKd|/2h4d5h/2s/Tc:-1216,1216(-1042.759389)
920:Player,BR:0cc/cc/cc/cc:3s4c,ThAd|/5cTdJd/Kd/3c:-100,100(-65.525291)
921:BR,Player:0r130c/cc/cr460c/cr1380f:4s8d,TcAc|/8cJhKs/7c/Js:-690,690(-690.000000)
922:Player,BR:0cc/cc/cc/cc:7hTd,6cJd|/5dQcKd/4c/8c:-100,100(41.145843)
923:BR,Player:0r130c/cr460f:5d7s,8sJc|/6c9hQh:-230,230(-230.000000)
924:Player,BR:0cr600c/cc/r910c/cc:7hTh,7sJs|/4d6cAs/5d/Jc:-1610,1610(-1582.847353)
925:BR,Player:0r200c/cr390c/cc/cc:5c8c,6hAd|/3d5h8s/4s/Ts:690,-690(690.000000)
926:Player,BR:0cc/cc/r130f:6hJc,3s8h|/KsKhKd/Jh:100,-100(100.000000)
927:BR,Player:0r130c/cc/cc/cc:3dKh,7s8s|/3h3cTc/7d/Jc:230,-230(230.000000)
928:Player,BR:0cc/cc/cc/r130f:7s9d,7dKc|/3d4cAd/Ts/8d:100,-100(100.000000)
929:BR,Player:0r130c/cc/cc/cr460c:JhAh,9dKc|/3c5cTh/Qh/Kh:690,-690(690.000000)
930:Player,BR:0cc/cc/cc/r130f:6cAd,TcQs|/2s8sJh/Js/Ac:100,-100(100.000000)
931:BR,Player:0f:6cTd,3h7c|:50,-50(50.000000)
932:Player,BR:0cr200c/cc/r150c/r225c:6dAc,7sJh|/6cJsQh/2s/2c:-675,675(-668.156536)
933:BR,Player:0r130c/cr299c/cc/cc:2cKh,4d9d|/8sQcAs/9c/Ks:529,-529(529.000000)
934:Player,BR:0cr600f:9dAd,2c7c|:100,-100(100.000000)
935:BR,Player:0cc/cc/cc/cr130f:6dQh,4s8c|/8sThJd/2s/8h:-100,100(-100.000000)
936:Player,BR:0cc/cc/cc/cc:3dKs,9sAh|/4hThQc/9c/7d:-100,100(-82.733917)
937:BR,Player:0r200c/cr600c/cc/cc:4hQs,9dTc|/4d6dJh/5h/Jd:900,-900(477.337627)
938:Player,BR:0cr300c/cc/r200c/cc:4s6c,5h9d|/5c6sTd/Ks/Qd:600,-600(449.113942)
939:BR,Player:0r130c/cc/cr299f:5h6h,2cQd|/3s7sQs/2d:-230,230(-230.000000)
940:Player,BR:0cc/cc/cc/r130f:8dQh,5s9d|/3c6sJd/Kc/8s:100,-100(100.000000)
941:BR,Player:0r130c/cr690c/cr1196c/cc:9hJd,4s5c|/5s9sJc/8s/6s:-2116,2116(-1950.266325)
942:Player,BR:0cc/cc/cc/cc:2d7s,6hJh|/4h6dTd/Tc/Qh:-100,100(-80.197495)
943:BR,Player:0r130c/cr299c/cr1058c/cr9522c:TsAs,2hAc|/4c6sKc/Js/Td:11109,-11109(11109.000000)
944:Player,BR:0cr300c/cc/r200c/r780f:7cTh,5hQd|/5sJcQs/Ah/Kc:600,-600(600.000000)
945:BR,Player:0r200c/cr390f:7sTh,4dJd|/5s5c9h:-300,300(-300.000000)
946:Player,BR:0cr300f:4s4d,2c6s|:100,-100(100.000000)
947:BR,Player:0r130c/cc/cr460c/cc:9dKc,8sTs|/2h5hJc/Qh/5s:690,-690(552.524633)
948:Player,BR:0cr300c/r520c/cc/r2760c:KdAc,9cQh|/7cKhAh/7s/6c:3680,-3680(-113.393413)
949:BR,Player:0r130c/cc/cr460c/cc:2c6s,ThTc|/5s6c7h/6h/8h:690,-690(-303.308267)
950:Player,BR:0cc/cc/cc/cc:5dAc,4hQc|/2d8dTc/6h/9h:100,-100(95.229584)
951:BR,Player:0r200c/cr390c/cc/cc:9sKh,4c6h|/8s8dQd/Ts/Ac:690,-690(93.234004)
952:Player,BR:0cr300f:8dAh,3h4s|:100,-100(100.000000)
953:BR,Player:0cc/cr130c/cc/cr299f:8sQh,4d9s|/2c3s9d/Kd/3c:-230,230(-230.000000)
954:Player,BR:0cc/cc/cc/r130f:2c9s,2h3h|/4c7sQd/6s/Js:100,-100(100.000000)
955:BR,Player:0f:6hAc,2d8s|:50,-50(50.000000)
956:Player,BR:0cr300c/cc/cc/cc:QsAs,5cKc|/2c9cTc/2h/3s:-400,400(-392.926992)
957:BR,Player:0f:9sQd,2c3h|:50,-50(50.000000)
958:Player,BR:0cr300f:2hTh,4c5s|:100,-100(100.000000)
959:BR,Player:0r200c/cr390c/cr897c/cc:4dJh,8hKs|/4h5sJs/5d/8d:1587,-1587(938.947856)
960:Player,BR:0cc/cc/r130c/r299c:4s9c,7dQc|/6hJcKs/Jd/2d:-529,529(-126.035133)
961:BR,Player:0r130c/cc/cc/cr299c:JdAs,4cAc|/5d6dTd/Kd/6h:529,-529(525.524145)
962:Player,BR:0cr300f:QdKs,4d7s|:100,-100(100.000000)
963:BR,Player:0cc/cc/cc/cr130c:KcAs,2dJc|/6hJsAc/9c/9d:230,-230(230.000000)
964:Player,BR:0cr200f:ThTd,2h4c|:100,-100(100.000000)
965:BR,Player:0r300c/cr800c/cc/cr2400f:8hTd,4cQh|/3s9sJs/Th/8c:-1200,1200(-1200.000000)
966:Player,BR:0cc/cc/cc/r130c:7cQd,2dAs|/5d6s7s/6h/Kd:230,-230(63.449121)
967:BR,Player:0cc/cr300f:6dJd,2dQh|/2c9cTc:-100,100(-100.000000)
968:Player,BR:0cc/cc/r200c/r150c:5hKd,5d6c|/3h5cJh/Jd/6s:-450,450(-409.693200)
969:BR,Player:0r200c/cr390c/cc/cc:4s8h,3s9s|/5c6s7s/6c/9h:690,-690(690.000000)
970:Player,BR:0cr600f:9sAs,2h6h|:100,-100(100.000000)
971:BR,Player:0r130c/cc/cr299c/cc:4s6c,3cQs|/2h6dKs/7c/Jc:529,-529(-228.727146)
972:Player,BR:0cc/cc/r130c/r299c:7sTd,7hJc|/8h9cJh/Ad/Ac:529,-529(-33.787888)
973:BR,Player:0cc/cr130f:5c7s,6cJc|/TsQhKc:-100,100(-100.000000)
974:Player,BR:0cc/cc/r130c/cc:3cAh,4h9h|/8c9sQh/3d/Jc:-230,230(-30.820775)
975:BR,Player:0r200c/cr390c/cr897c/cc:JcKh,AsAh|/4c9sKd/5c/Qs:-1587,1587(580.431531)
976:Player,BR:0cr300c/r520c/r1196c/r2750f:5c8c,JcKs|/3d6cAd/Tc/Ac:2116,-2116(2116.000000)
977:BR,Player:0f:9sQd,3h6d|:50,-50(50.000000)
978:Player,BR:0cc/cc/cc/r300f:2hAs,4cKd|/7d9h9c/Ah/7s:100,-100(100.000000)
979:BR,Player:0r130c/cr299c/cc/cc:9cKd,4c5h|/8d9hAh/5c/Jc:529,-529(188.190068)
980:Player,BR:0cr300c/cc/r200c/cc:JhQc,4cTh|/8d9cQh/Jc/Tc:0,-0(19.515624)
981:BR,Player:0r200c/cr390c/cc/cc:3dKs,KdAc|/2sTdQc/9h/5c:-690,690(-275.331096)
982:Player,BR:0cr300c/cc/r200c/cc:TsAd,6sKd|/3h8cJd/3s/Kc:-600,600(-539.943544)
983:BR,Player:0r130c/cc/cr299c/cc:9sAs,2c8c|/ThQdKs/3h/8s:-529,529(-493.168182)
984:Player,BR:0cc/cc/cc/r130c:4d6h,9dKc|/4h9hAs/2h/5h:230,-230(66.494798)
985:BR,Player:0f:6sTd,2sTc|:50,-50(50.000000)
986:Player,BR:0cc/cc/cc/r130f:4dKh,8hTh|/6hQdAs/Qs/Kd:100,-100(100.000000)
987:BR,Player:0r200c/cr600c/cr1170c/cc:5cKd,6s7d|/2h3s3d/9c/4s:2070,-2070(428.206069)
988:Player,BR:0cc/cc/cc/r130c:3dJc,6cQd|/7dJdQs/2d/5s:-230,230(-190.250430)
989:BR,Player:0f:4h7c,2c3h|:50,-50(50.000000)
990:Player,BR:0cc/cc/cc/cc:4d8s,7dKs|/QhQdKd/5s/Kc:-100,100(-94.560351)
991:BR,Player:0r130c/cc/cr299f:2hJc,3s9s|/3d5sTc/Td:-230,230(-230.000000)
992:Player,BR:0cc/cc/cc/r130f:3hTd,4h6s|/2h7dQh/Tc/4c:100,-100(100.000000)
993:BR,Player:0r130c/cr460c/cr897f:4dJc,2sAc|/2d2cKd/Td:-690,690(-690.000000)
994:Player,BR:0cc/cc/cc/cc:5dKd,KsKh|/4dQhAs/Ac/4h:-100,100(-52.558680)
995:BR,Player:0r130c/cr299c/cr687c/cc:8hJd,4cKs|/2d4s4d/Td/Ad:1216,-1216(1216.000000)
996:Player,BR:0cr300f:3h4h,5s6c|:100,-100(100.000000)
997:BR,Player:0f:9cTd,2c5h|:50,-50(50.000000)
998:Player,BR:0cr600c/cc/cc/cc:2d3c,JdQd|/4s8dKc/4c/8s:0,-0(113.217133)
999:BR,Player:0r200c/cc/cc/cc:4sQc,6d7c|/3dTsKs/9s/6s:300,-300(300.000000)
1000:Player,BR:0cc/cc/cc/cc:4hQs,2sTc|/8h9dAc/8s/Ts:-100,100(-74.436862)
RAW BR STATS: n=1000, sum=79347.000000, sum_sq=1727595581.000000, vr_sum=107622.410768, vr_sum_sq=1451431086.175025
BR STATS: 79.347000(81.317555), 107.622411(74.372858)
RESULTS
1)BR: 79347
2)Player: -79347
