In config file: GAME_DEF=game_def.fullholdem
In config file: ACTIONS_R0=F,C
In config file: ACTIONS_R1=F,C
In config file: ACTIONS_R2=F,C
In config file: ACTIONS_R3=F,C
Loading player: rgbr_nl_cprg.so
Player args: /home/viliam/cprg/project_uoapoker/trunk/src/c/meta_player.so /home/viliam/cprg/project_uoapoker/trunk/src/c/acpc14.map
Using seed 11.
1:BR,Player:0r130c/cc/cc/cr460f:3hKh,7h8c|/6sTdAs/8s/9h:-230,230(-230.000000)
2:Player,BR:0cc/cc/cc/r130f:ThQc,3dTs|/6d9dAh/Qd/4s:100,-100(100.000000)
3:BR,Player:0r130c/cc/cc/cc:5sAh,5cQh|/4h4dTd/Qd/7d:-230,230(-119.772913)
4:Player,BR:0cc/cc/cc/cc:5cKc,TdJc|/5h5d9d/3d/3c:100,-100(40.754645)
5:BR,Player:0r130c/cr299f:5d7h,QhQc|/JsQsKd:-230,230(-230.000000)
6:Player,BR:0cr200c/cc/cc/cc:7cKs,7d9d|/5s5cAc/Js/As:300,-300(300.000000)
7:BR,Player:0r200c/cr390c/cc/cr1380f:6hKh,7dTd|/8dAsAh/7h/7c:-690,690(-690.000000)
8:Player,BR:0cc/cc/cc/r130c:3d9h,3h5d|/7sTsJs/4c/6s:-230,230(40.907216)
9:BR,Player:0r200c/cc/cr600c/cc:9sTs,4cTd|/2c5cTc/3s/5s:900,-900(900.000000)
10:Player,BR:0cc/cc/cc/cc:9cQs,3c5c|/4cJsJc/8c/4s:-100,100(-67.924330)
11:BR,Player:0r130c/cr299c/cr687c/cr1580c:8sQc,3c4s|/5d8h8d/Jc/6c:2796,-2796(2601.792145)
12:Player,BR:0cr600f:4h7s,2s7h|:100,-100(100.000000)
13:BR,Player:0cc/cc/cc/cc:5sKs,8hQs|/5c9hKh/Ad/9s:100,-100(87.133619)
14:Player,BR:0cc/cc/r200c/r1800c:6dJh,7cAh|/3h5sTc/4s/9d:-2100,2100(-2100.000000)
15:BR,Player:0r130c/cc/cc/cc:4h9d,6hAd|/3hTdJc/2d/8d:-230,230(-230.000000)
16:Player,BR:0cc/cc/cc/r130f:4h6d,QsAd|/5h6s7s/2c/7h:100,-100(100.000000)
17:BR,Player:0r130c/cr299f:5d9h,4c9c|/3d3c6s:-230,230(-230.000000)
18:Player,BR:0cr130c/cc/cc/cc:4s4c,9sQh|/5d6sTh/Ac/Kc:230,-230(230.000000)
19:BR,Player:0r130c/cr460c/cr4140c/cc:4s7d,3c4c|/9sJsJh/2h/Ad:4830,-4830(4830.000000)
20:Player,BR:0cr130c/cc/r115c/cc:9cAh,JcKs|/5d8s8d/2h/Td:345,-345(343.870104)
21:BR,Player:0r130c/cr299c/cr687c/cc:7cQd,4sQh|/2hTsTh/8s/8c:0,-0(288.660272)
22:Player,BR:0cc/cc/cc/cc:2cQd,7cKc|/6hTdKd/2d/4s:-100,100(-88.035779)
23:BR,Player:0r200c/cc/cc/cr390c:6cAc,JhJc|/2c3cQh/4s/6h:-690,690(374.510460)
24:Player,BR:0cc/cc/cc/cc:3hAd,9cAc|/4d8cQh/7h/Th:-100,100(5.450131)
25:BR,Player:0r130c/cc/cc/cc:8h8c,7h7c|/4c9sAc/Kc/Th:230,-230(145.355516)
26:Player,BR:0cr200c/cc/r150f:6cAc,3d7s|/2c5cKh/Qc:300,-300(300.000000)
27:BR,Player:0r130c/cr299c/cr687c/cr3648f:2hQd,ThKh|/4h5hKd/Jh/5d:-1216,1216(-1216.000000)
28:Player,BR:0cc/cc/r130c/cc:6cTh,QdAh|/3s7hAd/8d/Jd:-230,230(-214.466482)
29:BR,Player:0cc/cc/cc/cr130c:8hQs,4d7c|/6cTsKh/3d/As:230,-230(-79.164712)
30:Player,BR:0cc/cc/cc/cc:4hAd,8dJh|/3h7dQh/Jc/6h:-100,100(-75.498838)
31:BR,Player:0r130c/cr299c/cc/cc:2c9c,5hJh|/TsKsAh/9s/Qs:-529,529(-529.000000)
32:Player,BR:0cc/cc/r300c/r520c:4h9h,6cTd|/ThTcAs/8h/Ah:-920,920(-639.815019)
33:BR,Player:0f:5hTd,3h7d|:50,-50(50.000000)
34:Player,BR:0cr200c/r390c/cc/r138f:8hKh,3hAh|/8cTdKs/7d/9s:690,-690(690.000000)
35:BR,Player:0f:3s6d,2d8c|:50,-50(50.000000)
36:Player,BR:0cr200c/cc/cc/cc:5d7d,6dAd|/6c7cQc/Ah/Jh:-300,300(-230.877256)
37:BR,Player:0cc/cr130c/cr460c/cc:8dQs,5c9d|/6h7cJc/7d/Kd:690,-690(577.639355)
38:Player,BR:0cc/cc/cc/r130c:6cQh,8h8c|/9dQcAd/2d/Ah:230,-230(67.915746)
39:BR,Player:0cc/cr130c/cc/cc:ThTd,3sTc|/4s6hJc/8h/Ah:230,-230(220.117013)
40:Player,BR:0cc/cc/r130c/cc:4sQc,5s8h|/2h8cTs/5h/2d:-230,230(-194.743641)
41:BR,Player:0r130c/cc/cr299f:2hJs,5d6d|/QhKcAs/Qs:-230,230(-230.000000)
42:Player,BR:0cr300c/r520f:JdQc,5d9h|/2c3s8h:400,-400(400.000000)
43:BR,Player:0cc/cr200c/cc/cc:3d4d,4cTc|/2d5sAc/Td/2s:300,-300(300.000000)
44:Player,BR:0cc/cc/cc/cc:5dKc,2hJd|/3cTsQd/4d/7s:100,-100(78.572304)
45:BR,Player:0r130c/cc/cr115f:8cTd,2hJs|/5c6cAs/Ah:-230,230(-230.000000)
46:Player,BR:0cc/cc/cc/r130c:6c7h,8sAh|/3s6d8c/3d/2s:-230,230(-190.681899)
47:BR,Player:0r200c/cr900c/cc/cr1560f:4cTd,9hKh|/7dTcJs/8c/Qh:-1200,1200(-1200.000000)
48:Player,BR:0cr200c/cc/cc/cc:3s3d,4cAc|/7c9hAd/4s/2h:-300,300(-288.272291)
49:BR,Player:0r130c/cr299c/cr687c/cc:5sKs,5dQs|/2cTsQc/8c/Jh:-1216,1216(-319.916025)
50:Player,BR:0cr600f:3sTs,2s9c|:100,-100(100.000000)
51:BR,Player:0r130c/cr299c/cc/cc:9dKc,3cJd|/2s4s9s/5c/Ts:529,-529(153.324919)
52:Player,BR:0cc/r130c/r460f:6hQs,4d9d|/JhAsAc/Tc:230,-230(230.000000)
53:BR,Player:0cc/cr130c/cr460f:5sTd,4h5d|/3c7s7d/9h:-230,230(-230.000000)
54:Player,BR:0cc/cc/cc/r130c:5cTc,7cAc|/ThKhAd/7s/As:-230,230(-229.402063)
55:BR,Player:0f:4d7c,2s3c|:50,-50(50.000000)
56:Player,BR:0cc/cc/r130c/r299c:2s6h,5hJd|/4h8sAc/7s/7d:-529,529(44.044659)
57:BR,Player:0f:6s6c,2s4d|:50,-50(50.000000)
58:Player,BR:0cc/cc/cc/r300c:4c9d,7cKh|/3d7dQs/6d/Js:-400,400(55.536812)
59:BR,Player:0r200c/cc/cr150c/cc:9cAh,6d8h|/4h5sJd/6s/2d:-450,450(-287.399706)
60:Player,BR:0cr600f:2hJh,5hTh|:100,-100(100.000000)
61:BR,Player:0f:7hKd,2c6d|:50,-50(50.000000)
62:Player,BR:0cr200c/cc/cc/r390c:5d8c,9hKc|/7h7c8d/3h/Qh:690,-690(272.705297)
63:BR,Player:0r130c/cc/cc/cr299c:6sAs,7cJc|/7h8dQh/Ad/7s:-529,529(228.664500)
64:Player,BR:0cc/cc/cc/r130c:2s5h,2h9s|/5dTsKs/6h/Kc:230,-230(98.836472)
65:BR,Player:0r130c/cc/cr460f:4d5d,4sAd|/3c9hQd/4h:-230,230(-230.000000)
66:Player,BR:0cr300f:3cTc,5d6s|:100,-100(100.000000)
67:BR,Player:0cc/cc/cc/cr130c:9h9c,8cQs|/3d7s9d/2h/Qd:230,-230(224.646395)
68:Player,BR:0cr130c/cc/r115c/cc:4s6c,TcQh|/4h7dKc/7h/Ac:345,-345(112.797636)
69:BR,Player:0r130c/cr299c/cc/cr687c:5h7d,TsKd|/5d9sKc/5c/4s:1216,-1216(1191.213385)
70:Player,BR:0cr600c/cc/cc/r350c:5s5h,QcAc|/3c7hQs/Qh/Ks:-1050,1050(-1016.240526)
71:BR,Player:0r200c/cr390c/cc/cr897c:2dAs,5h9d|/2hAhAd/4d/9s:1587,-1587(1587.000000)
72:Player,BR:0cc/cc/r600c/cc:3h4c,8dQc|/2dThTc/Ks/5s:-700,700(-666.898323)
73:BR,Player:0r130c/cc/cc/cc:2sJd,5cAs|/9sTcQh/3d/7c:-230,230(-230.000000)
74:Player,BR:0cc/cc/cc/r130c:4hAd,6sJd|/8sThJs/7c/As:230,-230(80.966983)
75:BR,Player:0r200c/cc/cr150c/cr1350f:2d9s,ThAs|/8hAhAc/7s/3s:-450,450(-450.000000)
76:Player,BR:0cr200c/cc/cc/r390f:4sKs,8dJh|/2c9dKh/5d/9h:300,-300(300.000000)
77:BR,Player:0r130c/cc/cc/cr299f:7hJs,8dQc|/4c9dKh/8s/9s:-230,230(-230.000000)
78:Player,BR:0cc/cc/cc/r130f:2cAc,2h3h|/7sQsKc/5s/6s:100,-100(100.000000)
79:BR,Player:0r200c/cc/cc/cr600f:7sTs,6sJs|/2h7hJd/3h/8s:-300,300(-300.000000)
80:Player,BR:0cc/cc/cc/cc:8dQs,5d5c|/8sThQc/Ah/3d:100,-100(-34.149975)
81:BR,Player:0r130c/cr299c/cr687f:3cQc,3d8d|/2s5dKh/4d:-529,529(-529.000000)
82:Player,BR:0cr300f:JdAc,2c5c|:100,-100(100.000000)
83:BR,Player:0r130c/cr460f:3sJc,6d9d|/8hTsAd:-230,230(-230.000000)
84:Player,BR:0cc/cc/cc/r130f:3s5h,4c8d|/2c7sKh/7h/9h:100,-100(100.000000)
85:BR,Player:0r200c/cr600c/cc/cc:5d6c,7hTs|/5c6d8c/Jh/Kc:900,-900(900.000000)
86:Player,BR:0cc/cc/cc/cc:2s7h,QsQd|/2d3dQc/8s/Ks:-100,100(-100.000000)
87:BR,Player:0f:5c9h,2s4d|:50,-50(50.000000)
88:Player,BR:0cr200c/cc/cc/r150c:5c6s,8sJd|/3s9dQc/Th/Kh:-450,450(-363.025151)
89:BR,Player:0r130c/cc/cc/cc:7dQd,3sAs|/9dThKc/Qh/6h:230,-230(216.667497)
90:Player,BR:0cc/cc/r130f:7d8h,3s7h|/5sTcQd/Th:100,-100(100.000000)
91:BR,Player:0r130c/cc/cr460f:JcAd,8h9s|/6c7d9c/Kh:-230,230(-230.000000)
92:Player,BR:0cc/cc/cc/cc:3dJd,3h5h|/2c7dKh/Kd/2h:100,-100(100.000000)
93:BR,Player:0r130c/cr299f:2d4h,5h7d|/3h7cTc:-230,230(-230.000000)
94:Player,BR:0cr130c/r299f:8d9d,8hTh|/2h6dAc:230,-230(230.000000)
95:BR,Player:0cc/cr130c/cr460f:8dQs,4c5c|/7d9sAs/3h:-230,230(-230.000000)
96:Player,BR:0cr300c/cc/r800c/cc:7dTh,5cTc|/4d9hJd/5d/9s:-1200,1200(-1023.830633)
97:BR,Player:0f:9sQd,3s9h|:50,-50(50.000000)
98:Player,BR:0cc/cc/cc/cc:2dKs,5s6s|/4s8cTc/Ad/9d:100,-100(92.179686)
99:BR,Player:0r130c/cc/cr115c/cc:6dJs,6sKh|/5dThAc/Ah/2h:-345,345(-332.636413)
100:Player,BR:0cr200f:2cQc,2d6h|:100,-100(100.000000)
101:BR,Player:0r130c/cr299c/cc/cr687c:TcAh,JcKh|/9sJsJh/Ks/5c:-1216,1216(-490.531266)
102:Player,BR:0cc/cc/cc/cc:3sQh,6cTd|/8hJsJc/6s/Ks:-100,100(-73.706985)
103:BR,Player:0cc/cc/cc/cc:8h9c,3sJd|/6dKsAh/Qs/8d:100,-100(89.540199)
104:Player,BR:0cc/cc/r130c/cc:6d8h,3hQc|/3d5s5d/9s/Jd:-230,230(-118.695264)
105:BR,Player:0cc/cc/cc/cr130c:5cJc,9s9d|/2h2dQh/5s/Td:-230,230(41.467549)
106:Player,BR:0cc/cc/cc/cc:2dAc,4cQs|/6h9s9h/Ad/6s:100,-100(8.382340)
107:BR,Player:0f:TsTc,3h8s|:50,-50(50.000000)
108:Player,BR:0cc/cc/cc/cc:2hKs,7cQh|/3h5s6h/5c/Js:100,-100(64.531999)
109:BR,Player:0r200c/cc/cc/cr390f:4h6d,8h9h|/4sJdQh/8d/Qc:-300,300(-300.000000)
110:Player,BR:0cr300c/cc/cc/cc:8hQh,4dAd|/4sJdQs/6s/Kd:400,-400(-20.625472)
111:BR,Player:0r130c/cr299c/cc/cc:2s4c,5dTd|/2h4hAh/8s/Kc:529,-529(529.000000)
112:Player,BR:0cc/cc/cc/cc:6cTh,3cAs|/6s9cKd/Jc/Ah:-100,100(-84.277784)
113:BR,Player:0r130c/cr299f:5hJh,6d9d|/7dTdQd:-230,230(-230.000000)
114:Player,BR:0cc/cc/r200c/r150c:6sAd,3sTs|/3cThTc/6c/7s:-450,450(-434.846972)
115:BR,Player:0r130c/cc/cr299c/cc:4h6s,8dJs|/7d8cTh/5d/Qc:529,-529(529.000000)
116:Player,BR:0cc/cc/cc/cc:2c9d,5s5h|/6h8h8d/Ts/2h:-100,100(-55.145554)
117:BR,Player:0r130c/cr299c/cr687f:ThTc,3dTs|/6d9dQh/5s:-529,529(-529.000000)
118:Player,BR:0cr200f:7hKd,2d3h|:100,-100(100.000000)
119:BR,Player:0r130c/cr299c/cc/cr687c:TdTc,7hKd|/2cJdQh/9c/Qd:1216,-1216(486.087810)
120:Player,BR:0cc/cc/r130c/r115f:2c3c,4sKs|/5sJsJd/6d/Qd:230,-230(230.000000)
121:BR,Player:0cc/cr130f:2c8d,3s4d|/TsAsAh:-100,100(-100.000000)
122:Player,BR:0cc/cc/r130c/cc:4sKc,9sJs|/3s8dAd/Ac/Jd:-230,230(-218.809573)
123:BR,Player:0r130c/cc/cr460c/cr897f:4cKc,TdJs|/5sTsKs/9s/5h:-690,690(-690.000000)
124:Player,BR:0cr300c/r520c/r1196c/cc:6c8c,JhQh|/3h9hTh/Qs/5s:-2116,2116(-2116.000000)
125:BR,Player:0f:7h8h,2d5s|:50,-50(50.000000)
126:Player,BR:0cr200c/cc/r150c/cc:6c8c,4cJh|/2h4h6d/8d/8h:450,-450(-363.524332)
127:BR,Player:0r130c/cc/cc/cr460f:2sTs,9dAs|/2c6h7s/Jc/Ah:-230,230(-230.000000)
128:Player,BR:0cr300c/cc/cc/cc:QcAc,6s9s|/4h8s9h/Ts/3c:-400,400(-227.473283)
129:BR,Player:0r130c/cr299c/cr1058c/cc:2s3c,8dJh|/2d3s6h/7d/As:1587,-1587(1568.231846)
130:Player,BR:0cr130c/cc/r299c/r264c:9cAc,7h7c|/8h9sJh/5d/2s:793,-793(333.961014)
131:BR,Player:0r130c/cr690c/cc/cc:4s7c,8sJs|/5c7sQd/3c/4h:920,-920(920.000000)
132:Player,BR:0cc/cc/cc/r130c:3h5c,2s8c|/9dQhAh/7c/2c:-230,230(74.496992)
133:BR,Player:0f:7sJc,3h7c|:50,-50(50.000000)
134:Player,BR:0cr300c/cc/cc/r200f:4s4d,4hKh|/2s9cJs/8d/Jc:400,-400(400.000000)
135:BR,Player:0f:2cQh,3d7s|:50,-50(50.000000)
136:Player,BR:0cr300c/r800c/cc/cc:2dTd,6dJd|/7d9sJc/As/7c:-1200,1200(-1152.541870)
137:BR,Player:0cc/cc/cr200c/cc:7hQc,8dTs|/3s9hAh/5d/Th:-300,300(-300.000000)
138:Player,BR:0cc/cc/r200c/r390f:2h9s,JsQc|/5c8sAc/3s/4d:300,-300(300.000000)
139:BR,Player:0f:7s9s,2h7d|:50,-50(50.000000)
140:Player,BR:0cr300c/r800f:6hJh,8s9h|/6dJcAd:400,-400(400.000000)
141:BR,Player:0r130c/cr460f:4dTs,5s9c|/2s3c8c:-230,230(-230.000000)
142:Player,BR:0cc/cc/cc/r130c:4dTh,5d8d|/5h8cTc/3h/Td:230,-230(-171.090392)
143:BR,Player:0cc/cc/cr300c/cr4800f:2sJd,6c9d|/5h8hKd/4d/7s:-400,400(-400.000000)
144:Player,BR:0cr300c/cc/r200c/r1200c:4h6s,8cTd|/8dQcKh/8h/Qs:-1800,1800(-1760.850993)
145:BR,Player:0r130c/cc/cr299c/cc:5cAh,5hQc|/3c8hKh/9d/Jc:529,-529(129.700162)
146:Player,BR:0cc/cc/cc/cc:5hQs,3sTc|/2h4s8h/Js/3d:-100,100(-71.413713)
147:BR,Player:0r130c/cr299c/cr1058c/cc:3c8s,9dQd|/6d8hTd/3s/Ah:1587,-1587(1587.000000)
148:Player,BR:0cc/cc/cc/r130f:2hKh,KcAh|/2c7dJs/6d/Jd:100,-100(100.000000)
149:BR,Player:0r130c/cr299c/cr1058c/cr9522c:4dKh,5cJs|/2d4sKs/7h/8s:11109,-11109(10742.880178)
150:Player,BR:0cc/cc/cc/r130f:3d8h,4s9c|/2cThQc/2h/6d:100,-100(100.000000)
151:BR,Player:0r200c/cc/cr600c/cr2700c:3s3c,6h7h|/2d3h8s/Th/8h:3600,-3600(3600.000000)
152:Player,BR:0cc/cc/r130f:6d9s,3d6c|/5d8hAh/5s:100,-100(100.000000)
153:BR,Player:0r200c/cc/cr600c/cr1800c:7sJd,5d8c|/9cTsTc/4c/As:2700,-2700(1333.471609)
154:Player,BR:0cr600c/cc/r140c/cc:KcAs,6cJc|/3s4hQs/9h/Ad:840,-840(840.000000)
155:BR,Player:0r130c/cr299c/cc/cr687c:5sKs,JdKh|/6c7cJh/4c/3d:1216,-1216(1178.764960)
156:Player,BR:0cc/cc/cc/cc:2d6s,7c8d|/2s8hJs/Kd/Jd:-100,100(-85.954949)
157:BR,Player:0r200c/cr390c/cr2070f:3c8s,5d8c|/3d6cQd/7c:-690,690(-690.000000)
158:Player,BR:0cr300f:JdKd,3h7s|:100,-100(100.000000)
159:BR,Player:0cc/cc/cc/cc:2cJc,3cJh|/5s8dKs/Qc/5h:0,-0(-41.711770)
160:Player,BR:0cc/cc/cc/cc:5sKd,TsQd|/2h2dAc/Tc/Th:-100,100(-96.285893)
161:BR,Player:0r130c/cc/cc/cc:3c9c,6h7d|/6s9hQc/Jh/5d:230,-230(215.179069)
162:Player,BR:0cc/cc/cc/cc:2c6d,4dKh|/6s9hAh/8c/7h:100,-100(62.520392)
163:BR,Player:0f:7c9s,2cTh|:50,-50(50.000000)
164:Player,BR:0cr200c/cc/r600c/r450f:JhJd,TdJc|/3c5h6c/Ts/Qs:900,-900(900.000000)
165:BR,Player:0r130c/cr299c/cc/cr1058f:2h4h,5dQs|/5hJsJh/Tc/5s:-529,529(-529.000000)
166:Player,BR:0cr200c/r390c/r138c/r414f:JsJc,6d8s|/4h5dTc/4d/3s:828,-828(828.000000)
167:BR,Player:0r130c/cr299c/cc/cr687c:2cKs,6hQd|/4c6sAd/2s/6c:-1216,1216(400.389205)
168:Player,BR:0cc/cc/cc/r130c:2s6c,5sKh|/5h9cTh/Js/Qd:-230,230(-146.136101)
169:BR,Player:0cc/cc/cc/cc:8dTc,JsKd|/4d5d6s/Qd/As:-100,100(-100.000000)
170:Player,BR:0cc/cc/r130c/r299f:3hKd,8dTh|/3c5sAd/Jh/Kc:230,-230(230.000000)
171:BR,Player:0r130c/cr299c/cc/cc:5h9h,5s6c|/7h9dQd/2d/Kc:529,-529(-98.073644)
172:Player,BR:0cr200c/cc/r390f:8h9d,8cQs|/3c5h6d/9h:300,-300(300.000000)
173:BR,Player:0r130c/cr299f:7sTd,4d8h|/3d5h9h:-230,230(-230.000000)
174:Player,BR:0cr300f:QsQd,2s4c|:100,-100(100.000000)
175:BR,Player:0f:4s6d,3d7s|:50,-50(50.000000)
176:Player,BR:0cc/cc/r130c/r115c:8cJh,6d8d|/4c8hTd/2h/Kh:345,-345(142.405416)
177:BR,Player:0cc/cr200f:3sKc,4d6h|/2s7d8c:-100,100(-100.000000)
178:Player,BR:0cr200c/cc/cc/cc:JdAh,5sQc|/3c4sKs/8c/6c:300,-300(300.000000)
179:BR,Player:0r130c/cr299c/cr687f:7dTd,9sQs|/2s2d6d/Kh:-529,529(-529.000000)
180:Player,BR:0cr600f:9s9d,2h6d|:100,-100(100.000000)
181:BR,Player:0r130c/cc/cr115c/cr690f:6sKs,QhKc|/2c7cTh/Jh/9d:-345,345(-345.000000)
182:Player,BR:0cr300f:7sJh,2c7h|:100,-100(100.000000)
183:BR,Player:0r200c/cr390f:5hTh,JsAs|/2s4d9s:-300,300(-300.000000)
184:Player,BR:0cr300f:6dKd,3c4s|:100,-100(100.000000)
185:BR,Player:0r130c/cr299c/cc/cc:7cAh,8dQh|/3c4s4h/9s/7h:529,-529(529.000000)
186:Player,BR:0cc/cc/cc/cc:2c5d,6cTs|/5hQsQc/9c/7c:100,-100(71.591776)
187:BR,Player:0f:3dKc,3sTh|:50,-50(50.000000)
188:Player,BR:0cc/cc/cc/cc:6dAc,2cTs|/9hQdKh/Ks/5s:100,-100(42.607057)
189:BR,Player:0cc/cc/cr130c/cc:6c8h,9hJs|/9dQhKh/7h/Kd:-230,230(-213.396729)
190:Player,BR:0cc/cc/cc/r300f:4dQc,5s7c|/5c6d6c/Qs/3d:100,-100(100.000000)
191:BR,Player:0r130c/cc/cc/cr299f:8cJc,QsKd|/2d6cAh/4h/2c:-230,230(-230.000000)
192:Player,BR:0cr130c/cc/r115c/cc:2cAc,4s9s|/2d4hJs/Ks/6c:-345,345(-212.807333)
193:BR,Player:0cc/cr130c/cc/cc:9hTs,5cTh|/3c5dQs/3h/6d:-230,230(-44.720551)
194:Player,BR:0cc/cc/cc/cc:2cJh,7sAc|/7c8sQc/3h/Ah:-100,100(-99.780601)
195:BR,Player:0r130c/cr460f:2d4d,3h9h|/TdJhKc:-230,230(-230.000000)
196:Player,BR:0cr300c/cc/r200c/r120c:KsAs,6h7c|/4s7h8d/8s/3h:-720,720(-502.227151)
197:BR,Player:0r130c/cc/cc/cc:5dTs,4h6c|/4d8cKc/Js/Ah:-230,230(-230.000000)
198:Player,BR:0cc/cc/cc/r130f:4d9d,2c4c|/7d9sQs/Tc/2d:100,-100(100.000000)
199:BR,Player:0cc/cc/cc/cr200f:6h8h,7c8d|/8c9sQd/As/7h:-100,100(-100.000000)
200:Player,BR:0cc/cc/cc/r130f:7cAh,7s9s|/3dQdAd/Qs/5s:100,-100(100.000000)
201:BR,Player:0r300f:2h5h,5cJs|:-100,100(-100.000000)
202:Player,BR:0cr300c/cc/r200c/r1200f:9cQh,7hKc|/3h3d4s/Qc/Td:600,-600(600.000000)
203:BR,Player:0f:8cAc,2cTh|:50,-50(50.000000)
204:Player,BR:0cc/cc/r130c/r690f:2d9h,7cKd|/2c4sQc/2h/Qs:230,-230(230.000000)
205:BR,Player:0r130c/cc/cr460c/cr1380c:4s5c,7cQc|/4c5dJs/9d/Th:2070,-2070(1690.221187)
206:Player,BR:0cc/cc/cc/cc:2d4s,2c7d|/4c5d7s/8h/5c:-100,100(-38.472316)
207:BR,Player:0r130c/cc/cc/cc:5dAd,QsAc|/8hTsJs/7c/3h:-230,230(-170.948930)
208:Player,BR:0cc/cc/cc/cc:7d8h,9hKs|/6hTcQs/5s/Jd:-100,100(-99.178004)
209:BR,Player:0r300c/cc/cc/cc:JsKs,2s2d|/6c7d8h/Jc/Qh:400,-400(400.000000)
210:Player,BR:0cr600f:JsAh,4d6c|:100,-100(100.000000)
211:BR,Player:0r130c/cc/cc/cc:7cQd,3h4c|/4s5sJc/Ac/6c:-230,230(-230.000000)
212:Player,BR:0cc/cc/r130c/cc:5d8s,4dQh|/6cThJs/4s/Tc:-230,230(-73.774774)
213:BR,Player:0f:KsAh,3h8d|:50,-50(50.000000)
214:Player,BR:0cr300f:5s7s,5c6h|:100,-100(100.000000)
215:BR,Player:0f:4h7d,2d3c|:50,-50(50.000000)
216:Player,BR:0cc/cc/cc/cc:4cKd,7dKc|/3s7c9d/Jh/5c:-100,100(-74.597807)
217:BR,Player:0r130c/cr460c/cc/cr1380c:7cJs,JhQc|/8h9dQs/Ts/Kh:0,-0(690.377249)
218:Player,BR:0cc/cc/r130f:3cJc,3h4h|/TdQsAc/5d:100,-100(100.000000)
219:BR,Player:0r130c/cc/cc/cr460f:4h8h,3dJd|/9h9cJh/8d/6d:-230,230(-230.000000)
220:Player,BR:0cc/cc/cc/cc:6h8c,9sTc|/5s6sQd/Ks/Ts:-100,100(-88.774296)
221:BR,Player:0cc/cc/cr130c/cc:7sTs,4h8c|/3d6h6c/Kc/Kd:230,-230(194.460845)
222:Player,BR:0cc/cc/r130f:2c8s,7d9h|/TcQcKh/4c:100,-100(100.000000)
223:BR,Player:0r130c/cc/cc/cc:9sJd,TsKs|/4s6hAd/5s/Qd:-230,230(-220.848295)
224:Player,BR:0cc/cc/cc/cc:3s7h,6dQs|/8cJdJc/Kh/As:-100,100(-23.847571)
225:BR,Player:0f:3d5d,3c7s|:50,-50(50.000000)
226:Player,BR:0cr300c/cc/cc/cc:3h3c,9dTs|/2s3dJd/9h/Qs:400,-400(-242.954151)
227:BR,Player:0r200c/cr390c/cc/cr897c:KhAs,8hJs|/4s7dJd/Kd/Kc:1587,-1587(1490.683038)
228:Player,BR:0cr300c/r520c/r460c/r1794f:KsAc,ThTc|/6s7sAd/Qs/6c:1380,-1380(1380.000000)
229:BR,Player:0cc/cc/cr130c/cc:QhQc,5hAc|/7s7hKc/9s/2d:230,-230(230.000000)
230:Player,BR:0cc/cc/cc/r130c:3d4h,2s2c|/9hJsJc/Qc/Kd:-230,230(37.158612)
231:BR,Player:0r130c/cc/cr115c/cr448f:6c7c,8hQd|/6s8cAh/3h/4s:-345,345(-345.000000)
232:Player,BR:0cr200c/cc/cc/cc:2dAd,4cJc|/QhKdKc/3h/6s:300,-300(274.427848)
233:BR,Player:0cc/cc/cc/cr130c:JcKc,3hQs|/5d7cTd/Th/2s:230,-230(-68.574048)
234:Player,BR:0cc/cc/r130c/r460c:2d6s,5hTc|/3h4sQh/7c/9h:-690,690(164.684150)
235:BR,Player:0r130c/cc/cr299c/cr1587f:2cJs,4c5d|/2s3s6s/Jd/Kd:-529,529(-529.000000)
236:Player,BR:0cr200c/r600f:JcAs,4c5s|/2sTcAd:300,-300(300.000000)
237:BR,Player:0r200c/cr390c/cr897f:5dJs,6hJh|/6s6cQh/Kc:-690,690(-690.000000)
238:Player,BR:0cr600c/r1400c/cc/cc:9s9h,5cKs|/3d7d7c/Td/4c:2100,-2100(-1089.145714)
239:BR,Player:0r200c/cc/cc/cc:9cQc,5hKs|/2h2c8d/4s/Ad:-300,300(-189.111360)
240:Player,BR:0cc/cc/cc/cc:4sTh,KdAs|/8h8cQh/2c/Ac:-100,100(-83.955094)
241:BR,Player:0r200c/cc/cr390c/cr2070c:ThJs,6dKh|/9dTsJc/3s/4c:2760,-2760(1513.938830)
242:Player,BR:0cr200f:6d9h,2h5d|:100,-100(100.000000)
243:BR,Player:0r130c/cc/cr299f:4h9s,8sKc|/3c5hAc/6c:-230,230(-230.000000)
244:Player,BR:0cc/cc/cc/cc:8sKc,JsKs|/4d9sAs/3d/2s:-100,100(-100.000000)
245:BR,Player:0cc/cc/cc/cr200f:4sTs,3s6h|/6sJhAd/7c/3c:-100,100(-100.000000)
246:Player,BR:0cc/cc/cc/cc:5sKh,4h8h|/8s9s9h/6s/2d:-100,100(-83.345043)
247:BR,Player:0r200c/cr390c/cr1380c/cr2691f:2cKh,2dJd|/2s6cJh/9h/7d:-2070,2070(-2070.000000)
248:Player,BR:0cc/cc/r130c/cc:7cJh,6cAd|/3h8hAs/8c/3c:-230,230(-153.507163)
249:BR,Player:0r200c/cc/cc/cr600f:5s7d,7c9s|/9cJsJd/3s/6h:-300,300(-300.000000)
250:Player,BR:0cc/cc/cc/r300f:5dKs,3sJs|/7sKdAs/9c/Ah:100,-100(100.000000)
251:BR,Player:0r130c/cc/cr115c/cc:TdKs,KdAh|/2s7dJh/Js/5s:-345,345(-342.552884)
252:Player,BR:0cc/cc/cc/cc:2s8d,KsKh|/4cThQs/9c/Ah:-100,100(-81.831237)
253:BR,Player:0r130c/cr460f:4d8c,4sAc|/3s5d7h:-230,230(-230.000000)
254:Player,BR:0cr300f:3sTs,3c8h|:100,-100(100.000000)
255:BR,Player:0r130c/cc/cc/cr299c:TdAc,9cKc|/6h8c9h/Qd/Kd:-529,529(52.905481)
256:Player,BR:0cc/cc/r130c/r115c:2c9h,QcKh|/3h4h9s/Jh/8s:345,-345(186.518233)
257:BR,Player:0r130c/cc/cc/cc:QhKs,5cKh|/4c5d7s/8h/Qd:230,-230(230.000000)
258:Player,BR:0cc/cc/cc/cc:3c9h,6cAs|/7sJhKs/Tc/9d:100,-100(84.199666)
259:BR,Player:0r130c/cr690c/cc/cr1196c:7cKs,JhKh|/8hQdKd/Td/Ac:-2116,2116(832.882792)
260:Player,BR:0cr130c/cc/r115c/r172c:9hJh,4c8d|/8s9cKc/4h/Th:-517,517(-513.573583)
261:BR,Player:0cc/cr130c/cc/cc:TdKc,5dTh|/2d3hAd/6d/Kh:230,-230(230.000000)
262:Player,BR:0cr300c/cc/r200c/r120c:ThTc,3hAc|/4s7hAs/5c/Jd:-720,720(-506.346710)
263:BR,Player:0r130c/cr299c/cc/cc:TdJs,2h2d|/9cQhQc/6s/7c:-529,529(-487.228028)
264:Player,BR:0cc/cc/cc/cc:2s7d,JsKc|/8dTdQh/Ah/7c:-100,100(-99.764340)
265:BR,Player:0r130c/cr299c/cc/cr1058f:7hKd,8hJs|/3c8sTd/4h/5h:-529,529(-529.000000)
266:Player,BR:0cr300f:7c9c,5s6c|:100,-100(100.000000)
267:BR,Player:0r130c/cc/cr115c/cr690f:TcKd,4c6h|/2h2d9h/9s/5c:-345,345(-345.000000)
268:Player,BR:0cc/cc/cc/cc:7sQs,5dKd|/2h5hTc/Js/5s:-100,100(-97.720054)
269:BR,Player:0r200c/cc/cc/cr600f:5cJs,2s2h|/9cQsAs/Td/2d:-300,300(-300.000000)
270:Player,BR:0cr200c/r600c/cc/r450c:TdQd,ThAh|/2h4c8c/4d/6c:-1350,1350(-1180.244707)
271:BR,Player:0r200c/cr390c/cc/cc:5c6s,2dAh|/4s7d9c/6d/9d:690,-690(293.502446)
272:Player,BR:0cc/cc/cc/cc:6dKh,6cJc|/4d5s7d/5d/As:100,-100(72.834035)
273:BR,Player:0r130c/cr299c/cc/cc:6dKh,JsKs|/4c6hKc/Ad/4s:529,-529(529.000000)
274:Player,BR:0cr600c/cc/r140c/r1092c:4d6d,5cKh|/3sTsKc/8s/As:-1932,1932(-1316.880815)
275:BR,Player:0r130c/cc/cr690f:2dAc,JsKs|/8sJhQc/Qd:-230,230(-230.000000)
276:Player,BR:0cc/cc/cc/cc:2d9h,2s7s|/2h5sQc/3s/5h:0,-0(-52.622623)
277:BR,Player:0r200c/cr600c/cc/cc:KhKd,7s9s|/4d6hAs/4h/Th:900,-900(900.000000)
278:Player,BR:0cc/cc/cc/r130c:4d9s,5d6s|/3sJhJd/6h/4c:-230,230(-173.732636)
279:BR,Player:0r130c/cc/cc/cr299c:3dJh,8c9s|/6h9cJd/Kd/7d:529,-529(389.037163)
280:Player,BR:0cc/cc/cc/cc:3sQs,4s8s|/7dJhJc/7s/4h:100,-100(59.009298)
281:BR,Player:0r130c/cc/cc/cc:2hQc,4hKd|/8s8c9c/5h/Ad:-230,230(-230.000000)
282:Player,BR:0cr130c/cc/r460c/r897c:JhQh,8sAh|/2d8cJc/4s/Qc:1587,-1587(448.180963)
283:BR,Player:0r130c/cc/cr115c/cr690f:ThQs,6hKd|/3s5cKc/8s/Kh:-345,345(-345.000000)
284:Player,BR:0cr300c/cc/cc/cc:9sKs,9hKh|/2c5dAs/8h/2d:0,-0(45.784132)
285:BR,Player:0cc/cc/cc/cr200c:7s7c,TcJs|/2cThAh/4h/9d:-300,300(-62.105196)
286:Player,BR:0cr600f:4h5h,3s8c|:100,-100(100.000000)
287:BR,Player:0r130c/cc/cc/cr299c:4sTh,5hAh|/9hTsTd/2h/7h:-529,529(432.331174)
288:Player,BR:0cc/cc/cc/r130c:4cJc,TdAh|/9cJsKd/Ac/3h:-230,230(-227.456395)
289:BR,Player:0r130c/cc/cr115c/cc:5dQd,7hAs|/6h6dTd/Ks/5c:345,-345(265.712975)
290:Player,BR:0cc/cc/cc/cc:3sJd,9dAh|/3h9hKh/Qc/7d:-100,100(-64.614537)
291:BR,Player:0r200c/cc/cr600f:7cAc,TsAh|/9hQhKs/Ad:-300,300(-300.000000)
292:Player,BR:0cc/cc/r130c/r299c:8sKh,7d7c|/5hAdAc/Th/8d:529,-529(19.386104)
293:BR,Player:0r130c/cc/cc/cc:4sKh,5cJh|/2s6sTs/7h/5h:-230,230(-230.000000)
294:Player,BR:0cc/cc/cc/cc:3h4c,7c8s|/QhKsAd/As/6c:-100,100(73.972888)
295:BR,Player:0r130c/cc/cr460f:4d6h,9sAd|/7s9cKs/2c:-230,230(-230.000000)
296:Player,BR:0cr300c/cc/r800c/r3600c:2s9s,4s4d|/5c7cAh/8h/Jd:-4800,4800(-2752.503950)
297:BR,Player:0r300c/cr520c/cc/cr1196f:4hAh,6cQc|/4s5c8s/Qh/Qd:-920,920(-920.000000)
298:Player,BR:0cc/cc/cc/cc:9sAh,2s6h|/7dThJs/3d/Kh:100,-100(92.299007)
299:BR,Player:0r130c/cr299f:4h9d,5d8h|/2h7sTs:-230,230(-230.000000)
300:Player,BR:0cc/cc/r200c/r390f:4c9c,6hJc|/4d8dQs/9h/Kc:300,-300(300.000000)
301:BR,Player:0r130c/cc/cr299c/cr1587c:7d9s,8h9c|/4sJsQs/Kd/7c:2116,-2116(215.728123)
302:Player,BR:0cc/cc/cc/cc:3sQh,TcKc|/7dJsKh/Kd/5h:-100,100(-98.955947)
303:BR,Player:0cc/cc/cc/cc:2cKh,5sJs|/3h8cAc/5c/Tc:100,-100(100.000000)
304:Player,BR:0cr200c/cc/r150c/cc:5dJd,3s4s|/3hAsAh/9s/Ad:-450,450(-397.989879)
305:BR,Player:0r200c/cc/cr600c/cr2700c:6s6c,8cTd|/3h5d6h/7s/3c:3600,-3600(3600.000000)
306:Player,BR:0cc/cc/cc/cc:2hQc,7dKs|/3d4h6d/8c/4s:-100,100(27.195383)
307:BR,Player:0cc/cr130c/cc/cc:8cTh,4s9c|/3h6cAc/8d/Td:230,-230(230.000000)
308:Player,BR:0cc/cc/cc/cc:7hJs,8dAc|/6c9sAh/9h/5s:-100,100(-94.866874)
309:BR,Player:0r130c/cc/cr460f:2sJh,4cJd|/3h8dKc/Td:-230,230(-230.000000)
310:Player,BR:0cc/cc/cc/cc:2cAh,3cQc|/4c5hJs/Jd/Ks:100,-100(14.983598)
311:BR,Player:0f:8dJc,2s4h|:50,-50(50.000000)
312:Player,BR:0cc/cc/cc/r130c:3hTh,3dJs|/4h5sTd/Qc/Jc:-230,230(-85.945591)
313:BR,Player:0cc/cr130c/cc/cc:8sQd,2hJc|/6dTsKh/8h/Td:230,-230(203.778995)
314:Player,BR:0cc/cc/cc/cc:2h6c,4s9s|/6sThTc/Ks/5d:100,-100(60.167620)
315:BR,Player:0f:9cKd,2c8d|:50,-50(50.000000)
316:Player,BR:0cr200f:5h5d,2s3h|:100,-100(100.000000)
317:BR,Player:0cc/cr200c/cc/cc:5cJh,4d8c|/2s3h9d/Kc/Qd:300,-300(84.683945)
318:Player,BR:0cr300c/cc/cc/cc:TdTc,5d9s|/2hKsAs/5h/3s:400,-400(76.662330)
319:BR,Player:0r130c/cr299c/cc/cr687c:9hKh,4s8d|/3d6s8c/Ad/8s:-1216,1216(-495.385949)
320:Player,BR:0cc/cc/cc/cc:TdJc,3dJs|/2c6h7s/Qs/3c:-100,100(-80.223929)
321:BR,Player:0r200c/cr390c/cr1380f:6sJh,QhKs|/3d8cQs/6c:-690,690(-690.000000)
322:Player,BR:0cc/cc/cc/cc:7sAc,4cKh|/2s3d8c/6c/9d:100,-100(59.232599)
323:BR,Player:0r130c/cc/cc/cc:3d5d,4h4d|/5cKhAh/Qh/6d:230,-230(-32.032212)
324:Player,BR:0cc/cc/cc/r130c:5hTs,5s7h|/4c5cQs/6d/Qd:230,-230(-24.615231)
325:BR,Player:0r130c/cc/cc/cc:8hQh,6cAh|/5h9hTs/3d/3c:-230,230(-230.000000)
326:Player,BR:0cc/cc/cc/cc:2h9c,5d9h|/8h8dJc/Kd/Kc:0,-0(52.832953)
327:BR,Player:0r200c/cr390f:5d7d,8sTd|/2c3h8c:-300,300(-300.000000)
328:Player,BR:0cc/cc/r130c/cc:4cTd,TsJc|/5d8hJs/Qs/5h:-230,230(-224.429718)
329:BR,Player:0r200c/cr600c/cc/cr1800f:8hKd,JhKc|/ThJdKs/6d/8d:-900,900(-900.000000)
330:Player,BR:0cr200c/cc/r900f:5cAc,6cAh|/5s8cTd/5d:300,-300(300.000000)
331:BR,Player:0r130c/cc/cc/cc:6sQc,TsAh|/4c5sKc/Qd/9c:230,-230(230.000000)
332:Player,BR:0cc/cc/cc/cc:4dAc,JdAs|/6s9cKc/5d/9d:-100,100(-24.735719)
333:BR,Player:0r200c/cc/cr600c/cr1170c:9hAh,8cJd|/9sQsQh/3d/5s:2070,-2070(278.722847)
334:Player,BR:0cc/cc/r130c/cc:4dTc,QcAd|/5c7sJc/9d/2c:-230,230(-65.556784)
335:BR,Player:0f:7s9d,3d8c|:50,-50(50.000000)
336:Player,BR:0cc/cc/r130c/r299f:2dKd,4hTh|/QdKhAs/4d/5s:230,-230(230.000000)
337:BR,Player:0r200c/cc/cr390c/cc:5hTs,5dJd|/4c7cTh/Qs/3s:690,-690(690.000000)
338:Player,BR:0cc/cc/cc/cc:9sQh,6dAh|/JhJcAs/4c/3h:-100,100(-90.513058)
339:BR,Player:0r130c/cc/cr115c/cr1035f:7sKd,4d9d|/4s7cAc/4h/Kh:-345,345(-345.000000)
340:Player,BR:0cc/cc/r130f:4h9c,3d5h|/4c7hAs/Ah:100,-100(100.000000)
341:BR,Player:0r130c/cc/cc/cr299c:7sAd,TsJh|/2c6c7c/8d/5h:529,-529(-45.579222)
342:Player,BR:0cc/cc/cc/cc:5sKc,5h7h|/3s6d9d/6h/Tc:100,-100(93.899029)
343:BR,Player:0r130c/cc/cr299c/cc:6hKs,7hAs|/TdJsJd/Jc/3c:-529,529(-102.329935)
344:Player,BR:0cr300f:KsKh,3s9d|:100,-100(100.000000)
345:BR,Player:0r130c/cc/cr299f:2h6s,3s7s|/5h9dAh/Qd:-230,230(-230.000000)
346:Player,BR:0cr600f:7c8c,6cTh|:100,-100(100.000000)
347:BR,Player:0r130c/cc/cc/cr299f:JsAd,6d8d|/6s9hKd/4s/2h:-230,230(-230.000000)
348:Player,BR:0cr300c/r520c/r1196f:2s2h,8s9s|/3h5s7h/Ah:920,-920(920.000000)
349:BR,Player:0r200c/cc/cr390c/cc:JsJd,JcKd|/2h6s7h/Qh/6c:690,-690(105.490999)
350:Player,BR:0cc/cc/cc/cc:6sKh,2hKd|/9hTsQd/7d/5h:0,-0(67.128366)
351:BR,Player:0r130c/cr299c/cc/cr687f:JdJc,5cKd|/2s4hTh/Kh/4c:-529,529(-529.000000)
352:Player,BR:0cc/cc/cc/cc:5sTh,6dJc|/3c6cTc/2c/Td:-100,100(-89.809340)
353:BR,Player:0r130c/cr299c/cc/cc:2hAd,4d6h|/4c5hAc/As/8c:529,-529(529.000000)
354:Player,BR:0cc/cc/cc/r130f:5dKs,6s7d|/3cTsAd/Jc/5s:100,-100(100.000000)
355:BR,Player:0r130c/cc/cc/cc:3cKc,6sJs|/6h7cAd/2s/Qd:-230,230(-213.389941)
356:Player,BR:0cr300c/r520c/cc/r460f:5d5c,7sJc|/4hQsQd/6h/3c:920,-920(920.000000)
357:BR,Player:0r130c/cr460c/cc/cr897f:9hJh,QcKs|/6h8hKc/As/7d:-690,690(-690.000000)
358:Player,BR:0cr130c/r299c/r687c/r243c:QdKc,2dAs|/QcKdAd/5s/Qs:1459,-1459(-728.823072)
359:BR,Player:0cc/cr130c/cc/cr299f:9cQs,7cAs|/7dJsJc/5s/6c:-230,230(-230.000000)
360:Player,BR:0cr200c/cc/cc/r390f:8dAh,3s5h|/4s6dKd/7c/5d:300,-300(300.000000)
361:BR,Player:0r200c/cc/cc/cc:3sJd,7sAs|/4d6d8c/Qh/3h:300,-300(160.110424)
362:Player,BR:0cr200c/cc/cc/r390c:7cTs,6cJc|/3sTdTc/Jh/6d:690,-690(-225.103471)
363:BR,Player:0cc/cr200c/cr900c/cr7200c:9hKc,3d4s|/5s7sAd/Tc/Kh:8400,-8400(8399.882922)
364:Player,BR:0cc/cc/r130c/cc:5hTd,2cKs|/2d8d8c/Ah/4s:-230,230(-150.491737)
365:BR,Player:0r130c/cr460c/cc/cc:6dTh,3c5d|/9cQcKh/8h/3s:-690,690(-363.164540)
366:Player,BR:0cc/cc/cc/r130c:TcJh,7c9s|/3dTsQs/Qd/Kd:230,-230(75.726311)
367:BR,Player:0r130c/cr299c/cc/cr1058c:3h6c,2h9h|/6dQsAs/Tc/8s:1587,-1587(381.436464)
368:Player,BR:0cc/cc/r130c/r299c:7cKd,2d3h|/3dTdQd/8s/4c:-529,529(58.592491)
369:BR,Player:0cc/cc/cc/cc:6hQc,2h2c|/8h9dJh/As/9h:-100,100(-65.318084)
370:Player,BR:0cc/cc/cc/cc:2s3d,4sTh|/5d6h9s/7c/2h:100,-100(100.000000)
371:BR,Player:0r200c/cr900c/cc/cc:3hTd,9cQs|/2c3d7c/Ad/Ts:1200,-1200(1200.000000)
372:Player,BR:0cr130c/cc/r299c/cc:JsAs,7sJc|/3d8sTh/3h/Qh:529,-529(-321.611707)
373:BR,Player:0r130c/cr299c/cc/cc:3cJs,8dJc|/3h8sAc/7h/Td:-529,529(-269.803080)
374:Player,BR:0cc/cc/cc/cc:2cJh,4dAs|/5c6d9d/Td/Kc:-100,100(26.682001)
375:BR,Player:0cc/cc/cc/cr130c:8dQc,3sTh|/6hTdKd/8c/5c:-230,230(-38.913136)
376:Player,BR:0cc/cc/cc/cc:2h3s,7hAd|/8dQdQc/As/Kd:-100,100(-92.912930)
377:BR,Player:0r130c/cr299c/cc/cc:5sAd,9dKs|/4c5d7s/3s/9h:-529,529(-277.595914)
378:Player,BR:0cc/cc/cc/cc:3dKc,TsAc|/5d8sTh/2d/Qh:-100,100(-79.661031)
379:BR,Player:0r130c/cr299c/cc/cc:QsAd,3cAh|/3s5h7s/7d/Qh:529,-529(529.000000)
380:Player,BR:0cc/cc/r200f:5h9s,6dKh|/2h4s8s/Qs:100,-100(100.000000)
381:BR,Player:0r130c/cr299c/cc/cc:3cTd,9sTc|/2d3h5c/5d/5s:529,-529(529.000000)
382:Player,BR:0cc/cc/cc/cc:4hAs,7cTs|/5h6hTh/Qd/Jd:-100,100(-64.043097)
383:BR,Player:0cc/cc/cc/cc:5dQc,4cKc|/6c8s8d/9s/5h:100,-100(100.000000)
384:Player,BR:0cc/cc/cc/r130c:7cTd,7d9c|/3cTsJh/Kc/5d:230,-230(60.327338)
385:BR,Player:0cc/cc/cc/cc:2h7d,7hAc|/4s6sQd/Kc/8s:-100,100(-100.000000)
386:Player,BR:0cr300f:6s6c,2cTh|:100,-100(100.000000)
387:BR,Player:0r200c/cc/cr150c/cr1350f:8dKd,9hAd|/2c4dAs/Qd/9c:-450,450(-450.000000)
388:Player,BR:0cc/cc/r130f:8s9c,7s8h|/3s4sJh/3d:100,-100(100.000000)
389:BR,Player:0r200c/cc/cc/cc:4dKh,4sQh|/7hJcKc/Td/7d:300,-300(300.000000)
390:Player,BR:0cc/cc/cc/cc:5sJh,8hTc|/4h6cQh/Kd/Ah:100,-100(50.127094)
391:BR,Player:0r130c/cc/cc/cr299f:4s6h,8dKc|/2s8cJs/Qs/2c:-230,230(-230.000000)
392:Player,BR:0cr200c/cc/cc/r150f:8sJs,7cAs|/5c6dKs/2c/6s:300,-300(300.000000)
393:BR,Player:0f:4sTc,3c9d|:50,-50(50.000000)
394:Player,BR:0cc/cc/cc/cc:3sJs,3c5c|/3h4dTc/Qh/7d:100,-100(-20.788607)
395:BR,Player:0r130c/cr460f:6d8c,7h9s|/3s4hKs:-230,230(-230.000000)
396:Player,BR:0cr300c/r800c/r600c/r5400f:9hAc,3hTs|/3c8cQc/Ah/Kc:1800,-1800(1800.000000)
397:BR,Player:0r130c/cr299c/cr687c/cc:ThAd,5c9c|/3c4d9d/4s/Tc:1216,-1216(1216.000000)
398:Player,BR:0cc/cc/cc/r130f:7d9s,6h9d|/4c6c7c/As/Ts:100,-100(100.000000)
399:BR,Player:0r130c/cr299c/cc/cc:5sJd,5hTc|/2h2c9c/Qh/2d:529,-529(123.740162)
400:Player,BR:0cr200c/cc/r150c/r585f:3sAs,5d6s|/9s9hAd/Jd/3d:450,-450(450.000000)
401:BR,Player:0r130c/cc/cc/cc:8sQd,6dKs|/2cKcAh/8d/8h:230,-230(230.000000)
402:Player,BR:0cr300c/r520c/r460f:KsAh,5dJs|/4h4dAc/Qc:920,-920(920.000000)
403:BR,Player:0f:8cQc,3sTc|:50,-50(50.000000)
404:Player,BR:0cc/cc/cc/cc:6sAh,9sTh|/4d7cKh/3s/9h:-100,100(-81.991931)
405:BR,Player:0r130c/cr299c/cr687c/cc:8cTd,9dAh|/2c3c6d/4s/2d:-1216,1216(537.540384)
406:Player,BR:0cc/cc/cc/r130c:2c3h,5dJs|/6dJhAs/Ad/Jd:-230,230(-204.911239)
407:BR,Player:0cc/cr300c/cr800c/cc:3c5h,2cAd|/3d5d7c/Js/4c:-1200,1200(160.549968)
408:Player,BR:0cr130c/r299c/cc/cc:5h5c,8hKc|/3h7cKs/Td/3c:-529,529(-529.000000)
409:BR,Player:0r130c/cc/cc/cc:5dQd,JdKh|/2s3hQh/8c/5h:230,-230(230.000000)
410:Player,BR:0cc/cc/cc/r130c:2d5h,7dTh|/3c8dJd/Kd/Qh:-230,230(11.957384)
411:BR,Player:0r130c/cc/cc/cr299c:2sQd,8c9s|/2cQhAs/7c/Ad:529,-529(204.230300)
412:Player,BR:0cr200f:KsAs,3c4h|:100,-100(100.000000)
413:BR,Player:0r130c/cr460c/cr1380c/cr6210c:3d5d,2d2c|/2hKsAh/4c/Js:8280,-8280(8280.000000)
414:Player,BR:0cr200c/cc/r150c/cc:2h5h,3dQd|/3h5c8s/Kh/7c:450,-450(143.139210)
415:BR,Player:0f:TcQh,2c9s|:50,-50(50.000000)
416:Player,BR:0cc/cc/cc/cc:5dKc,7cTd|/8d8cKd/5s/Kh:100,-100(26.226666)
417:BR,Player:0cc/cr300c/cc/cr800c:5h9d,AhAd|/5dQcKh/5s/8s:1200,-1200(1200.000000)
418:Player,BR:0cr130c/cc/r460f:6dAd,3h8h|/2s4sTc/Td:230,-230(230.000000)
419:BR,Player:0r130c/cr299c/cr687c/cr2432f:KsAc,4c5c|/2c5s9h/4h/Kc:-1216,1216(-1216.000000)
420:Player,BR:0cc/cc/cc/cc:2s6s,6c7s|/9s9hKs/2d/Js:100,-100(77.785371)
421:BR,Player:0r130c/cr299c/cc/cc:4d7h,7cJh|/4s6dAh/7d/8s:529,-529(529.000000)
422:Player,BR:0cc/cc/cc/cc:4hAc,4d9s|/2c5hKd/8d/3c:100,-100(100.000000)
423:BR,Player:0f:7d9d,2h9c|:50,-50(50.000000)
424:Player,BR:0cr130c/cc/r299f:7s7h,2s6h|/TsTdQc/Qs:230,-230(230.000000)
425:BR,Player:0cc/cc/cr130c/cc:3c7c,4d8h|/4sKsKc/9c/6d:-230,230(-224.528152)
426:Player,BR:0cr130c/r299c/r105c/cc:3h4h,7h9c|/4d6s8d/Kc/2h:634,-634(634.000000)
427:BR,Player:0r130c/cc/cc/cc:KsAc,TdAd|/2h8cKc/4c/4s:230,-230(230.000000)
428:Player,BR:0cr130c/cc/cc/cc:7sKs,QcAs|/4h5hTd/5s/6d:-230,230(-127.331043)
429:BR,Player:0r130c/cc/cc/cc:3sAh,TdAd|/4s7hKs/9d/7c:-230,230(-90.551615)
430:Player,BR:0cc/cc/cc/r130f:3s8c,9hJs|/5s6c8s/Qd/2h:100,-100(100.000000)
431:BR,Player:0cc/cc/cc/cc:3d5h,TsKh|/2h3s7s/4h/9c:100,-100(85.848968)
432:Player,BR:0cc/cc/r130c/cc:4cJd,7dKd|/5c8dKc/7c/Qd:-230,230(-212.205647)
433:BR,Player:0r300f:4c9h,8sKd|:-100,100(-100.000000)
434:Player,BR:0cc/cc/cc/cc:9dTh,6h8d|/6cJsAc/9h/9s:100,-100(-60.921058)
435:BR,Player:0r300c/cr520c/cc/cc:TdJc,TcJs|/5c8cKh/7c/Th:0,-0(808.906677)
436:Player,BR:0cc/cc/r600c/cc:3cTs,2d8h|/2c5d5c/6c/8s:-700,700(-594.107896)
437:BR,Player:0r130c/cc/cr115c/cr690c:AsAd,8dQc|/8hTdTc/2d/7d:1035,-1035(963.789032)
438:Player,BR:0cc/cc/r130c/cc:3d4s,8h9h|/2d9cAh/4d/Th:-230,230(-145.573406)
439:BR,Player:0r130c/cc/cr299c/cc:2s7d,4dJc|/2h4s7s/2c/5d:529,-529(529.000000)
440:Player,BR:0cr300c/cc/r520f:JcQd,5c6c|/JdAhAc/8d:400,-400(400.000000)
441:BR,Player:0r130c/cr299c/cc/cc:5sJc,7s8h|/2h2c3s/9d/Tc:529,-529(-296.501138)
442:Player,BR:0cc/cc/cc/r300c:2s5h,3s4c|/7cKsAh/Th/3h:-400,400(-288.043990)
443:BR,Player:0r130c/cr299c/cc/cc:9hKh,5c9d|/4h4d8s/Ts/9s:529,-529(475.076156)
444:Player,BR:0cr300f:TdTc,2s5c|:100,-100(100.000000)
445:BR,Player:0r130c/cc/cr115f:2c8c,3s3d|/4dThKd/Ts:-230,230(-230.000000)
446:Player,BR:0cc/cc/r300c/cc:8hAc,2h2d|/5h6s9s/3c/Kc:-400,400(-8.281365)
447:BR,Player:0cc/cr130f:5c7c,4dJh|/3c8sJs:-100,100(-100.000000)
448:Player,BR:0cc/cc/cc/cc:8hAc,3sQc|/4s7dKs/5c/7h:100,-100(37.777624)
449:BR,Player:0cc/cr130c/cc/cr299f:4dAs,6c9s|/3h4c9h/3c/Ks:-230,230(-230.000000)
450:Player,BR:0cr300c/cc/cc/r520c:7cAc,9dQh|/3h4c8d/Ad/Jd:920,-920(350.813703)
451:BR,Player:0r130c/cc/cr115c/cc:5h9c,4cKs|/4d8dKd/Qd/Jh:-345,345(-228.320267)
452:Player,BR:0cc/cc/cc/cc:3d8d,JsJc|/3c7s9h/4c/As:-100,100(-73.573221)
453:BR,Player:0r130c/cc/cr299f:4s7s,5dAh|/9s9dQh/9c:-230,230(-230.000000)
454:Player,BR:0cr200c/cc/cc/r600f:TsTd,4sTh|/3c4h8d/7h/9h:300,-300(300.000000)
455:BR,Player:0f:3dQh,2sTc|:50,-50(50.000000)
456:Player,BR:0cr300c/r520c/cc/cc:4d7d,6hTc|/3h5sAd/6s/6d:920,-920(-849.365648)
457:BR,Player:0r300c/cr520c/cr1840f:7cAh,TcKc|/7dQsKh/5s:-920,920(-920.000000)
458:Player,BR:0cc/cc/cc/cc:2d7s,TcJh|/9hQsKc/As/Th:-100,100(-90.289598)
459:BR,Player:0r130c/cr299c/cc/cr687c:2c8d,3cJh|/5c6h7h/4c/4s:1216,-1216(1158.411934)
460:Player,BR:0cr200c/r600c/r1800f:8dTd,5hJc|/6cJsAd/4d:900,-900(900.000000)
461:BR,Player:0r200c/cr390c/cc/cr897c:4cKd,5dQh|/3cJhJd/9d/Qs:-1587,1587(-340.830217)
462:Player,BR:0cr200c/cc/r900c/cc:4c5h,2dTd|/8s9sJd/3s/7d:-1200,1200(-1050.104526)
463:BR,Player:0r130c/cc/cr460f:2hJh,8cTs|/3h7cQd/Kc:-230,230(-230.000000)
464:Player,BR:0cc/cc/cc/cc:3cJc,5s6d|/7dJsKd/Td/Jd:-100,100(-70.273007)
465:BR,Player:0cc/cc/cc/cc:4s5c,3dJh|/8sJsQs/9c/Tc:0,-0(-0.000000)
466:Player,BR:0cc/cc/cc/r130c:6c8h,7sJc|/3sAhAc/4s/5c:-230,230(2.708205)
467:BR,Player:0r130c/cr690f:5d8s,5sTd|/9dQsKd:-230,230(-230.000000)
468:Player,BR:0cc/cc/cc/cc:8dKc,9cJs|/3s3d4d/Jh/2s:-100,100(-86.046590)
469:BR,Player:0r200c/cc/cr390c/cr2070c:5c8h,ThQd|/2c8d9h/Jd/6h:-2760,2760(213.283441)
470:Player,BR:0cc/cc/r130f:4dQd,5d7c|/4sQhAd/Jc:100,-100(100.000000)
471:BR,Player:0r130c/cc/cr690f:5c7h,8d9s|/4sTsQh/Kc:-230,230(-230.000000)
472:Player,BR:0cc/cc/r130c/r690c:2dKc,2sQs|/2c4cKd/5h/Qc:920,-920(54.389698)
473:BR,Player:0r200c/cr390c/cr897f:7h8s,3hKd|/6h9hJs/9c:-690,690(-690.000000)
474:Player,BR:0cr130c/cc/cc/cc:7cAc,4s8h|/3s5sQd/6h/9d:230,-230(230.000000)
475:BR,Player:0r130c/cc/cr299c/cc:6h8c,4dTs|/6d8s8d/Tc/9c:529,-529(529.000000)
476:Player,BR:0cc/cc/cc/cc:5cJs,8sKc|/6c7h7c/7s/9h:-100,100(-32.707767)
477:BR,Player:0r130c/cr299c/cc/cr687c:2cAh,7s7c|/5h8d8c/6h/2s:-1216,1216(133.169495)
478:Player,BR:0cc/cc/r200f:8s9c,JhQc|/2c5d9s/7s:100,-100(100.000000)
479:BR,Player:0r130c/cr299c/cr264c/cc:JsJh,3hTh|/2h7hTc/6c/9d:793,-793(778.164715)
480:Player,BR:0cc/cc/cc/cc:2s3d,9sAc|/8hThKd/Ts/4h:-100,100(-12.313128)
481:BR,Player:0r130c/cr299c/cr687f:8d8c,3cQs|/QdQcAd/6h:-529,529(-529.000000)
482:Player,BR:0cr130c/r299c/r687f:3d6d,3hKs|/3c4h5s/Qs:529,-529(529.000000)
483:BR,Player:0r130c/cr460f:5dJh,6d8s|/3s6s8d:-230,230(-230.000000)
484:Player,BR:0cc/cc/r130c/r299f:5h9c,JhAs|/5cQhQc/4h/2d:230,-230(230.000000)
485:BR,Player:0cc/cc/cr130c/cr299c:2c3d,5s9d|/2h7hKd/7c/6c:529,-529(15.142738)
486:Player,BR:0cc/r300c/r200c/r120c:4hQs,AdAc|/5h6h8d/Qd/9s:-720,720(-596.538313)
487:BR,Player:0f:7hJd,2h8d|:50,-50(50.000000)
488:Player,BR:0cc/cc/r200c/r900c:4d9c,4h9d|/6hThKc/7c/8s:0,-0(0.000000)
489:BR,Player:0r130c/cc/cr299c/cr3174c:8sQs,7s8h|/5s5d6d/2s/Th:3703,-3703(674.339935)
490:Player,BR:0cr200f:8dKd,2h5s|:100,-100(100.000000)
491:BR,Player:0r130c/cr299c/cc/cc:5dKc,6hQs|/2s6cJd/2h/3h:-529,529(-114.263952)
492:Player,BR:0cr200c/cc/r150c/r225f:6dQh,QcAs|/4d6s9d/Jc/3s:450,-450(450.000000)
493:BR,Player:0r130c/cc/cc/cr460f:7s9s,6hAs|/4dKhAh/8h/Ks:-230,230(-230.000000)
494:Player,BR:0cc/cc/r130c/cc:5c8d,3cJd|/4c6hTs/6s/Qs:-230,230(-32.679863)
495:BR,Player:0r200c/cr390c/cc/cc:8sQs,6hAs|/4d6sKd/Js/4s:690,-690(690.000000)
496:Player,BR:0cr300c/r520c/r2760f:2s2c,QsKh|/2h3s8d/3c:920,-920(920.000000)
497:BR,Player:0r200c/cr600f:4c5h,6h7s|/8h9cQs:-300,300(-300.000000)
498:Player,BR:0cr300c/r800c/cc/r600f:5h5d,6cTh|/5c6h9h/7d/6d:1200,-1200(1200.000000)
499:BR,Player:0f:5dKc,2cTs|:50,-50(50.000000)
500:Player,BR:0cr200c/cc/cc/cc:2h2c,TcAc|/6d8dKc/Jh/Qc:-300,300(-292.942774)
501:BR,Player:0r200c/cc/cc/cc:4cKc,4d6d|/6h8sJs/Tc/5c:-300,300(-300.000000)
502:Player,BR:0cc/cc/cc/r300c:5h7s,2sKc|/3s4s6c/6d/Th:400,-400(-121.118333)
503:BR,Player:0r130c/cr299f:2h7s,6sQd|/4sJhQh:-230,230(-230.000000)
504:Player,BR:0cr600c/cc/r350c/cc:8cJd,7d8d|/9cQhAc/2c/Kd:1050,-1050(363.760875)
505:BR,Player:0r130c/cc/cc/cr299c:5sTh,2s8s|/8dJhKs/As/8h:-529,529(-127.419721)
506:Player,BR:0cc/cc/cc/r130f:6cKd,4s9d|/6s7hQs/Jh/2c:100,-100(100.000000)
507:BR,Player:0r200c/cr600f:3d6h,JhKh|/9cJsKs:-300,300(-300.000000)
508:Player,BR:0cr300c/cc/r520f:JhAc,3sJc|/4d9hTc/9s:400,-400(400.000000)
509:BR,Player:0cc/cc/cc/cc:8hKd,6dAc|/7h8s8d/Jh/Tc:100,-100(100.000000)
510:Player,BR:0cr600c/cc/r350f:5s5h,3hKc|/2h4c7c/8s:700,-700(700.000000)
511:BR,Player:0r130c/cr299c/cr1587c/cc:3d4c,4h4d|/4s7cTd/Th/Tc:0,-0(1873.719495)
512:Player,BR:0cc/cc/cc/cc:6sKc,4s8s|/7d8dQs/Jh/6c:-100,100(-68.009396)
513:BR,Player:0cc/cr130c/cr299c/cr3174c:ThKc,4s7c|/6h9cAs/2d/8d:3703,-3703(3152.984302)
514:Player,BR:0cr200c/r390c/cc/cc:JcQh,7sAs|/2s8hQs/2c/Qc:690,-690(-352.171065)
515:BR,Player:0r130c/cc/cr299c/cc:9hAh,6dTh|/2cQsQc/Qd/4d:529,-529(383.151090)
516:Player,BR:0cr300c/cc/r200c/r780c:TsJh,JcKh|/2s4cTh/5c/Js:1380,-1380(-1098.640680)
517:BR,Player:0r130c/cc/cc/cr299c:9hJh,QdQc|/7s9sKh/4d/4h:-529,529(274.878984)
518:Player,BR:0cc/cc/cc/r130c:3cAs,7sAh|/9sJdAc/5c/Kd:0,-0(-206.602165)
519:BR,Player:0cc/cc/cr130c/cr690c:TdAc,5sTc|/7dTsAs/5d/Qd:920,-920(920.000000)
520:Player,BR:0cc/cc/cc/cc:8dTh,3d5c|/6h7d7c/9d/4h:100,-100(-94.451665)
521:BR,Player:0r130c/cc/cr299c/cr1058c:2s3c,TdAc|/2dTcQh/Ad/2c:1587,-1587(1572.918238)
522:Player,BR:0cr600f:QhAd,3c5s|:100,-100(100.000000)
523:BR,Player:0r130c/cr299f:4d9h,4c5c|/3c5sQh:-230,230(-230.000000)
524:Player,BR:0cr200c/cc/r390f:2c4c,5d8s|/3d6h6c/Ac:300,-300(300.000000)
525:BR,Player:0r200c/cc/cc/cc:3h8h,KcAc|/2d4d5c/8d/Jd:300,-300(93.212905)
526:Player,BR:0cr130c/cc/cc/cc:8h8d,5d7h|/TdTcAh/6s/5h:230,-230(120.833707)
527:BR,Player:0cc/cc/cr130c/cc:4c8d,4d9s|/6sTdKc/8h/Ad:230,-230(228.919914)
528:Player,BR:0cr300c/cc/cc/cc:9dKh,7s7d|/3sJcAs/Js/2s:-400,400(-233.332276)
529:BR,Player:0r130c/cr690c/cc/cc:6cKs,TcAc|/7s9dAh/6s/5c:-920,920(-84.598101)
530:Player,BR:0cc/cc/cc/cc:7dJc,2c8s|/7c8dAs/9s/9d:-100,100(-83.952579)
531:BR,Player:0r130c/cr460c/cc/cc:8hQs,8dKd|/4s6h7c/Ah/Qd:690,-690(679.455043)
532:Player,BR:0cr300f:TsKd,5c7d|:100,-100(100.000000)
533:BR,Player:0r200c/cc/cc/cc:4s5s,8cAd|/9hThQc/7c/5h:300,-300(-16.616818)
534:Player,BR:0cr200c/cc/r150c/cc:7dTd,2cJd|/2d4sAh/7h/Ks:450,-450(153.914029)
535:BR,Player:0r130c/cc/cr299f:4d5s,9sJs|/2s7hKc/9d:-230,230(-230.000000)
536:Player,BR:0cr300c/cc/r520c/r460c:9sJs,3sJc|/2s5sQs/4h/5d:1380,-1380(364.631130)
537:BR,Player:0r130c/cc/cr299c/cr1587f:8c9d,4d8d|/6dAhAd/7c/Qd:-529,529(-529.000000)
538:Player,BR:0cc/cc/r130c/r115c:5dJs,3hKs|/3cTsJh/6h/Kd:-345,345(-345.000000)
539:BR,Player:0cc/cr200f:5cTs,4sJc|/2c9sQd:-100,100(-100.000000)
540:Player,BR:0cc/cc/r130c/cc:7hTd,6hTc|/AhAdAc/7s/As:0,-0(-105.290310)
541:BR,Player:0f:KdKc,3c9s|:50,-50(50.000000)
542:Player,BR:0cc/cc/cc/cc:3h8h,6s9d|/2h9cTc/Ks/8c:-100,100(-55.888666)
543:BR,Player:0cc/cr200c/cr390c/cr4140f:3sQs,5h9h|/2sQhAh/3d/7h:-690,690(-690.000000)
544:Player,BR:0cr300f:7dAd,3s4s|:100,-100(100.000000)
545:BR,Player:0r130c/cc/cr460f:4cKd,7d7c|/JsQhAc/7s:-230,230(-230.000000)
546:Player,BR:0cc/cc/cc/cc:2c7d,6dJc|/2s7sJh/Qd/9h:100,-100(-76.095288)
547:BR,Player:0cc/cc/cr200c/cc:5hKd,5dTh|/4c7d8c/Kc/2c:300,-300(108.782040)
548:Player,BR:0cc/cc/r130c/cc:6s8d,JcAh|/3s5sTd/9d/Ac:-230,230(-166.245072)
549:BR,Player:0r130c/cc/cc/cr115f:3hJh,7dKs|/4s6cKc/6d/4h:-230,230(-230.000000)
550:Player,BR:0cr200c/cc/r600f:4c5c,6sQd|/7h8dAh/Kh:300,-300(300.000000)
551:BR,Player:0r200f:2d6s,3hJs|:-100,100(-100.000000)
552:Player,BR:0cr130c/cc/r115f:7sQc,6hQd|/7h9cAh/2c:230,-230(230.000000)
553:BR,Player:0r130c/cc/cc/cc:7cKh,6cKs|/4s5hAh/3c/Qd:230,-230(-122.486100)
554:Player,BR:0cr200c/cc/cc/r390c:TsKc,3d6h|/2c6d8h/Jd/5d:-690,690(-395.976853)
555:BR,Player:0f:2d5h,3c9h|:50,-50(50.000000)
556:Player,BR:0cc/cc/cc/cc:4s7h,9hTc|/5s9dQd/Qs/Jh:-100,100(-54.919977)
557:BR,Player:0r130c/cr299c/cc/cr687f:7s8d,5d8c|/2c6d9c/Qs/2h:-529,529(-529.000000)
558:Player,BR:0cr300c/cc/r520f:JsQd,7sJc|/4c6sQc/8h:400,-400(400.000000)
559:BR,Player:0r130c/cr690c/cr2760c/cr7360f:JdAd,4hAh|/6h8hQc/Js/Qh:-3680,3680(-3680.000000)
560:Player,BR:0cc/cc/r200c/cc:8cJd,JhJc|/4hTsTd/5s/Kd:-300,300(-275.657461)
561:BR,Player:0r200c/cc/cc/cr390c:3dAd,9sKs|/7d9cJs/6c/Qh:-690,690(-277.523414)
562:Player,BR:0cr300f:7hAd,2c6h|:100,-100(100.000000)
563:BR,Player:0r130c/cr299c/cr1058c/cc:8sAs,3hKd|/2h5c7s/Ah/3s:1587,-1587(332.665243)
564:Player,BR:0cc/cc/cc/cc:6hKs,5cQh|/7h7dJs/8h/9s:100,-100(80.892874)
565:BR,Player:0r200c/cr390f:4d5s,2s6s|/2d7cKs:-300,300(-300.000000)
566:Player,BR:0cc/cc/cc/cc:4hKd,2h7d|/6h7hQc/4c/Qh:-100,100(-87.002947)
567:BR,Player:0r200c/cr390c/cr2070c/cc:5cAs,9dAh|/6h7cTd/Kh/5d:2760,-2760(2567.547153)
568:Player,BR:0cr300f:5d5c,3c7d|:100,-100(100.000000)
569:BR,Player:0cc/cc/cr130c/cc:6hAc,4d8s|/4c7s7d/Ad/2c:230,-230(230.000000)
570:Player,BR:0cc/cc/cc/r130c:4c7d,9h9c|/7cQcKc/Qd/4h:-230,230(-107.260553)
571:BR,Player:0f:5dQc,2c6s|:50,-50(50.000000)
572:Player,BR:0cr300c/cc/r200c/r300c:8sAc,3hAs|/3s3cAh/Ks/5s:-900,900(-820.646974)
573:BR,Player:0r130c/cc/cc/cr299f:4dAh,6sTs|/6h8c9d/Js/5h:-230,230(-230.000000)
574:Player,BR:0cr600c/cc/cc/cc:KdAc,AsAh|/4c5h7d/3s/2d:0,-0(-511.212975)
575:BR,Player:0r130c/cr460c/cr1380c/cc:JdKs,4sQh|/2s6sJc/5h/Qd:-2070,2070(772.361520)
576:Player,BR:0cc/cc/cc/r130c:4cAd,4s7s|/6hJdJc/6c/7c:-230,230(-111.793105)
577:BR,Player:0r130c/cc/cr460f:7d8s,ThQd|/5c9cAd/Qs:-230,230(-230.000000)
578:Player,BR:0cc/cc/r130c/r115f:5s8c,5d6c|/2c7h8h/7d/Jc:230,-230(230.000000)
579:BR,Player:0r200c/cr390c/cr897c/cr3174c:8hKd,7dJs|/2d6h8s/Kc/9d:4761,-4761(4761.000000)
580:Player,BR:0cc/cc/r130c/cc:2hQd,JdAd|/7d9hTd/9d/7h:-230,230(-180.548231)
581:BR,Player:0r130c/cr299c/cr687c/cc:9hQs,4d4c|/4s8sAs/2c/7s:1216,-1216(1216.000000)
582:Player,BR:0cc/cc/cc/cc:7hTc,2d3h|/3s7dJs/Kc/8d:100,-100(-15.702151)
583:BR,Player:0r130c/cc/cc/cr299c:TdQs,5s8h|/8d9sKd/4h/4c:-529,529(-150.087883)
584:Player,BR:0cc/cc/cc/cc:8s9d,4c6h|/5hThQc/8c/9h:100,-100(84.408204)
585:BR,Player:0r200c/cr900f:5h7d,3cJs|/2c9dTc:-300,300(-300.000000)
586:Player,BR:0cr300c/r520c/cc/r184c:6s6c,3dTs|/3s3h5s/Kc/2c:-1104,1104(-1102.217793)
587:BR,Player:0r130c/cc/cc/cr115c:5d6s,QdAc|/2c7c8s/6h/2d:345,-345(326.251935)
588:Player,BR:0cc/cc/cc/cc:2c3d,7h9s|/4h4d6d/6s/2h:-100,100(70.277154)
589:BR,Player:0r200c/cr390c/cc/cc:7hKh,7d8d|/2s4dQc/Kd/2h:690,-690(690.000000)
590:Player,BR:0cc/cc/r200c/cc:4c5d,9dAs|/2c8sAc/Jc/Qc:300,-300(290.547938)
591:BR,Player:0f:JdKh,2h8c|:50,-50(50.000000)
592:Player,BR:0cr600c/cc/cc/r140f:6c8c,TdKd|/9hJcAh/5c/9c:700,-700(700.000000)
593:BR,Player:0r130c/cr299c/cc/cc:8cJc,2dTd|/QdAsAc/Th/Kd:529,-529(529.000000)
594:Player,BR:0cr300c/cc/cc/cc:JdQd,3dJs|/2c6hKc/4d/2s:400,-400(400.000000)
595:BR,Player:0r130c/cr299c/cc/cc:2h5h,7d8h|/TsThJh/2d/4d:529,-529(289.140878)
596:Player,BR:0cr600f:2hJh,3s4d|:100,-100(100.000000)
597:BR,Player:0r130c/cc/cc/cr299f:ThKc,3cKh|/3s7h9s/4h/7d:-230,230(-230.000000)
598:Player,BR:0cr600f:4h5d,2hJh|:100,-100(100.000000)
599:BR,Player:0r130c/cr460c/cc/cc:3sJc,3h5h|/2c7sKd/Jd/5s:690,-690(643.045351)
600:Player,BR:0cr200c/cc/cc/cc:3d9d,4dQs|/5d8dKc/7d/As:300,-300(298.411719)
601:BR,Player:0cc/cc/cc/cc:ThAh,4sJs|/4c5c6s/Tc/Kh:100,-100(100.000000)
602:Player,BR:0cr200c/cc/r390f:9s9d,3d9h|/6hKdKc/4h:300,-300(300.000000)
603:BR,Player:0cc/cc/cc/cc:QhKs,3cJs|/5s5hAd/As/Ah:0,-0(-0.000000)
604:Player,BR:0cc/cc/cc/r130c:2d4s,4hJc|/7cKdAh/6d/3h:-230,230(97.016975)
605:BR,Player:0cc/cc/cc/cc:2d5s,2sAc|/6h7h8s/5h/Qs:100,-100(-54.567175)
606:Player,BR:0cc/cc/cc/r130c:6c7h,QcAh|/4sJcAd/5s/2s:-230,230(-66.930931)
607:BR,Player:0r130c/cr299c/cc/cc:3hKd,KsAh|/7s9cTc/9s/Qs:-529,529(-302.776662)
608:Player,BR:0cc/cc/cc/cc:4sAc,4c9h|/6d7dJd/9d/2s:-100,100(11.987898)
609:BR,Player:0r130c/cr299c/cr1058c/cc:5sAd,7sKh|/4s8cQd/As/5h:1587,-1587(1587.000000)
610:Player,BR:0cc/cc/cc/cc:6hQc,4sQh|/7hTcKh/5c/2d:100,-100(49.049065)
611:BR,Player:0r130c/cc/cr115c/cc:2d9h,5cJh|/5s9cTh/Qd/Qc:345,-345(345.000000)
612:Player,BR:0cc/cc/cc/r130c:7d8h,4dJc|/6cJdAc/9d/3h:-230,230(-190.168664)
613:BR,Player:0f:8cKc,2d9h|:50,-50(50.000000)
614:Player,BR:0cr200c/cc/cc/r390c:3s5d,TdJs|/2h9hAc/3h/4d:690,-690(95.009986)
615:BR,Player:0f:2c7h,3h8c|:50,-50(50.000000)
616:Player,BR:0cc/cc/cc/cc:3hAs,2hJd|/5hTdKs/8d/Jc:-100,100(-72.209014)
617:BR,Player:0r130c/cr299c/cr264c/cr1030f:JsKh,8dQc|/6h9dTd/7s/4s:-793,793(-793.000000)
618:Player,BR:0cc/cc/cc/cc:5s6d,5c8s|/3dTdAd/Qc/3c:0,-0(73.253018)
619:BR,Player:0r130c/cr299c/cc/cc:2dJh,8sAs|/2s9hTs/4d/7c:529,-529(-128.136958)
620:Player,BR:0cr600f:4d5h,3cJd|:100,-100(100.000000)
621:BR,Player:0r130c/cc/cr115c/cc:5d7s,7c8h|/9cJdKh/Qd/7h:0,-0(106.155462)
622:Player,BR:0cc/cc/r130c/cc:6c8h,QsKd|/JsJdJc/9d/5h:-230,230(71.633690)
623:BR,Player:0r200c/cc/cc/cr390f:3s3c,5h7s|/7dQhKh/4h/6h:-300,300(-300.000000)
624:Player,BR:0cr300c/cc/r200c/r300c:JsJh,4d9d|/7hTdJd/Qc/8c:-900,900(-537.085411)
625:BR,Player:0r130c/cc/cr460c/cc:4sKs,2cKc|/5s6d7s/3d/9c:690,-690(234.843836)
626:Player,BR:0cr200c/r390c/cc/cc:6s7s,6d8c|/8dTcQh/Ts/3s:-690,690(-441.375687)
627:BR,Player:0r130c/cc/cc/cr299f:3dJc,7cAh|/4s4cQc/5h/Ac:-230,230(-230.000000)
628:Player,BR:0cr200c/cc/r900c/r2400c:4c6c,4d5c|/5hJhQd/7d/8c:3600,-3600(-713.342516)
629:BR,Player:0cc/cc/cr130f:2s7s,9cJh|/6dJdJc/Td:-100,100(-100.000000)
630:Player,BR:0cc/cc/r300f:8d9s,8cAd|/4h5sQs/Ts:100,-100(100.000000)
631:BR,Player:0r130c/cc/cc/cc:2cTh,5cKh|/2sAdAc/6s/3h:230,-230(230.000000)
632:Player,BR:0cc/cc/cc/r130c:6cAh,8hQc|/2d5sJh/Qd/Ac:230,-230(-88.773875)
633:BR,Player:0f:6s8c,3c8d|:50,-50(50.000000)
634:Player,BR:0cc/r130c/cc/cc:3d6d,5sKs|/5h8sQd/5c/Qs:-230,230(-190.261429)
635:BR,Player:0r130c/cc/cc/cr299c:4dAs,2dJd|/5h7hTs/2s/7d:-529,529(96.549783)
636:Player,BR:0cr300f:TsKs,5h7d|:100,-100(100.000000)
637:BR,Player:0r130c/cc/cr460f:6c7h,5hTc|/JsQhQc/8c:-230,230(-230.000000)
638:Player,BR:0cc/cc/r130c/r460c:3d9c,6cAc|/7dAsAh/2d/5h:-690,690(-506.838417)
639:BR,Player:0r130c/cc/cc/cr299f:7d8d,3d4c|/2sJsQc/Qh/As:-230,230(-230.000000)
640:Player,BR:0cr200c/r390c/cc/cc:9sQs,7c8c|/7dTsAh/Tc/8s:-690,690(-380.819961)
641:BR,Player:0r130c/cc/cc/cc:3d4s,3c9c|/9dJhQh/6c/6h:-230,230(-230.000000)
642:Player,BR:0cr300c/cc/cc/r1200c:8sJc,8h8d|/3s4d9h/6d/4h:-1600,1600(-1015.554790)
643:BR,Player:0r200c/cc/cc/cr390c:QhQc,8cTh|/7sTcQd/9c/7h:690,-690(690.000000)
644:Player,BR:0cc/cc/cc/r130c:5sKs,4s8h|/6c8s8c/5c/2s:-230,230(-218.192481)
645:BR,Player:0f:5hTc,3s7h|:50,-50(50.000000)
646:Player,BR:0cr300c/r520c/r460c/r1794c:7s9s,2sJs|/TcKsAs/8s/5h:-3174,3174(-3174.000000)
647:BR,Player:0f:2sAd,3dTc|:50,-50(50.000000)
648:Player,BR:0cr300c/cc/cc/cc:QhKd,9dAd|/3h6cJc/5c/3d:-400,400(-22.036516)
649:BR,Player:0f:JhKd,3dTc|:50,-50(50.000000)
650:Player,BR:0cr200c/cc/r150c/r225c:4s6d,3s9h|/7c9dTh/7h/8h:675,-675(294.930803)
651:BR,Player:0f:7s7c,3d8h|:50,-50(50.000000)
652:Player,BR:0cc/cc/r130c/r115c:5dTh,8dKs|/2s9dKd/Ts/6c:-345,345(-313.692437)
653:BR,Player:0r130c/cr299c/cr1058c/cc:6s6c,QdAc|/6hTdJs/Qc/9s:1587,-1587(493.803825)
654:Player,BR:0cr300c/cc/r200c/cc:5h6h,9dKh|/7c9sJc/Kc/3d:-600,600(-501.922710)
655:BR,Player:0r130c/cc/cc/cc:7c8c,3sAs|/6c8dKs/Tc/Ts:230,-230(229.628354)
656:Player,BR:0cc/cc/r130c/cc:6s9h,5dAc|/8dTsAd/4c/Ks:-230,230(-228.828689)
657:BR,Player:0r200c/cc/cc/cr390c:2hQd,4h6s|/9hTcJh/6h/Th:-690,690(254.906911)
658:Player,BR:0cr300c/cc/r200c/r1800c:QsKc,8dKd|/6c8h9h/Js/2c:-2400,2400(145.687052)
659:BR,Player:0f:TcKh,2d5c|:50,-50(50.000000)
660:Player,BR:0cc/cc/cc/r200f:2hJc,3cKs|/8sTsJh/Ac/Jd:100,-100(100.000000)
661:BR,Player:0r130c/cr299c/cc/cc:3s3h,8sTs|/2d5hKh/2h/Ah:529,-529(529.000000)
662:Player,BR:0cc/cc/cc/r200c:5hJc,4d9h|/6cTcQh/9s/4s:-300,300(-185.118320)
663:BR,Player:0r130c/cc/cr299c/cr1587f:2dTs,QsAc|/6s9sAs/8d/Qc:-529,529(-529.000000)
664:Player,BR:0cc/cc/cc/cc:2h7s,QhAs|/3c9s9c/Kh/8s:-100,100(-2.401569)
665:BR,Player:0r130c/cc/cc/cr460f:4cJd,9sAh|/4h8s8d/2c/Ac:-230,230(-230.000000)
666:Player,BR:0cc/r200c/cc/cc:2c3d,2d6s|/5s5dKh/4s/9h:-300,300(-7.659667)
667:BR,Player:0r200c/cc/cc/cr600c:7dAc,2cAh|/4d6cAd/5s/Qs:900,-900(341.912987)
668:Player,BR:0cr300c/cc/r520c/r1196c:JdAc,TdAh|/8hKdAd/4d/7s:2116,-2116(-1814.698171)
669:BR,Player:0r130c/cc/cc/cc:2s5h,9cAd|/3d4h4d/3h/3s:0,-0(-0.000000)
670:Player,BR:0cc/cc/cc/cc:2s8c,5cTd|/3c9sAd/2h/Tc:-100,100(-80.739253)
671:BR,Player:0f:7h9c,3sTh|:50,-50(50.000000)
672:Player,BR:0cc/cc/cc/cc:2hQd,8d9d|/5h8sKd/Ts/Jd:-100,100(-46.388674)
673:BR,Player:0r200c/cc/cr150c/cr2700c:4sTh,2h6h|/5s5cJc/Kh/7d:3150,-3150(1064.492220)
674:Player,BR:0cc/cc/r130c/cc:7s8c,9hJh|/9dQhKh/Ts/2c:-230,230(-179.991150)
675:BR,Player:0r130c/cc/cc/cc:TdTc,4d7c|/4hThKc/Qh/8h:230,-230(230.000000)
676:Player,BR:0cr200c/r600f:KsAh,8dTs|/3s6sKc:300,-300(300.000000)
677:BR,Player:0r200c/cr600c/cr1170c/cc:JdAs,8cTd|/JcQcKd/2c/4s:2070,-2070(1579.313798)
678:Player,BR:0cr300c/cc/r200c/cc:7h8s,9cKh|/4c6dQc/Ah/7d:600,-600(600.000000)
679:BR,Player:0r130c/cc/cc/cr299c:4d6s,5dJh|/8sKsAd/Tc/6h:529,-529(-110.489919)
680:Player,BR:0cc/cc/cc/r130c:5dJc,4d9c|/2c9dAc/7s/Ts:-230,230(-115.715387)
681:BR,Player:0r130c/cc/cr299c/cr1058c:JhAd,5h9s|/6d7cQd/Qh/6s:1587,-1587(991.192054)
682:Player,BR:0cc/cc/cc/r130c:5dKs,7dJs|/4s8c9c/5h/Qs:230,-230(65.695772)
683:BR,Player:0r130c/cc/cr115c/cr690c:6hKc,4s6c|/5cJdAs/5d/2c:1035,-1035(556.195457)
684:Player,BR:0cr600c/cc/r910c/cc:9dTh,9sKc|/3s7dJd/Ah/8c:1610,-1610(1269.771878)
685:BR,Player:0cc/cc/cc/cc:3c5h,6sQs|/2c4d7c/Kh/Ac:100,-100(100.000000)
686:Player,BR:0cc/cc/cc/cc:4hQh,3dQc|/6c7hAd/3c/3s:-100,100(-92.937237)
687:BR,Player:0r130c/cc/cc/cc:3d4h,JcKs|/7s7cQs/4s/Th:230,-230(204.057005)
688:Player,BR:0cc/cc/r130f:6dJd,8cJs|/3h5c6c/3d:100,-100(100.000000)
689:BR,Player:0r200c/cr390f:2s8h,3c5d|/6cKdAc:-300,300(-300.000000)
690:Player,BR:0cr600c/r910c/r3220c/cc:JsAc,9s9c|/4sJcAh/Tc/2d:4830,-4830(-584.078789)
691:BR,Player:0r200c/cc/cr390f:2h9d,6dQh|/8dTcKc/5h:-300,300(-300.000000)
692:Player,BR:0cr130c/r299c/cc/cc:9dQd,QsQh|/6hTdAc/3h/Kh:-529,529(-432.329757)
693:BR,Player:0r130c/cc/cc/cc:KsAs,JcKh|/4cQcAh/8h/5s:230,-230(230.000000)
694:Player,BR:0cc/cc/r130c/cc:8dTs,TdQd|/4s9sQs/9c/Kd:-230,230(-208.695233)
695:BR,Player:0r130c/cr299c/cr1587c/cc:2cKs,ThQd|/4d9dJh/Jc/5c:2116,-2116(1736.350657)
696:Player,BR:0cc/cc/cc/cc:9sQc,8s8c|/6d6c8d/6s/Kh:-100,100(-94.378054)
697:BR,Player:0r130c/cc/cr115c/cc:2d9h,7hTs|/2h2cAd/6d/7d:345,-345(345.000000)
698:Player,BR:0cr130c/cc/cc/r115c:7hAd,JdKc|/3s4d9h/2c/4c:345,-345(133.894288)
699:BR,Player:0r130c/cc/cr460f:2h8s,6s7h|/7s7cTc/4c:-230,230(-230.000000)
700:Player,BR:0cc/cc/cc/cc:4cJd,5h7c|/3h7dAs/Kh/Qc:-100,100(-28.603953)
701:BR,Player:0r130c/cr460c/cc/cc:JdAh,JsQc|/5s8h9c/3d/6s:690,-690(169.535449)
702:Player,BR:0cr300c/cc/cc/r200c:6c9d,4sQd|/2d8cQc/As/9c:-600,600(-173.669168)
703:BR,Player:0cc/cc/cc/cc:7d8s,3c5d|/6c8dKh/Th/3d:100,-100(100.000000)
704:Player,BR:0cc/cc/r200c/r390c:7d8h,5sQc|/6dJcQd/4s/Ah:-690,690(-109.995569)
705:BR,Player:0f:4c8h,3c8s|:50,-50(50.000000)
706:Player,BR:0cc/cc/r130c/cc:8hTd,9hJh|/3h6hQc/9d/4d:-230,230(-202.089901)
707:BR,Player:0r130c/cr690c/cr1196c/cc:JsJh,3h5c|/2d5h6s/Ks/Ac:2116,-2116(2056.172160)
708:Player,BR:0cc/cc/cc/r130c:9sKd,5s5d|/4hKsKc/5h/9c:230,-230(-221.379026)
709:BR,Player:0cc/cc/cr600c/cc:5hAh,2s4s|/5c9dAd/6d/7s:700,-700(700.000000)
710:Player,BR:0cr300f:4d5c,2c3d|:100,-100(100.000000)
711:BR,Player:0r130c/cr299c/cc/cc:TcAc,2c9c|/7hThQd/5h/Ah:529,-529(410.882035)
712:Player,BR:0cc/cc/cc/cc:2hKc,3s8s|/2s5h9h/Ad/2d:100,-100(97.875536)
713:BR,Player:0r130c/cr299c/cr687f:4cQc,4hKs|/7h8sAs/Jd:-529,529(-529.000000)
714:Player,BR:0cc/cc/cc/cc:7sTh,3s7c|/4dTcQh/9s/Jd:100,-100(53.178504)
715:BR,Player:0r130c/cr299f:4hJd,8hJh|/2h6h7s:-230,230(-230.000000)
716:Player,BR:0cc/cc/cc/cc:2cKs,8hQd|/4d5cJd/Ad/Jh:100,-100(28.048211)
717:BR,Player:0r130c/cr299c/cc/cc:2cAc,5s6h|/4d9sKd/6s/2s:-529,529(97.875899)
718:Player,BR:0cc/cc/r130c/cc:5sAc,8dTs|/4s4hJd/5h/Ad:230,-230(-4.309762)
719:BR,Player:0f:7h8s,2h4s|:50,-50(50.000000)
720:Player,BR:0cc/cc/r200f:8s9d,2c3h|/TsJdKc/4d:100,-100(100.000000)
721:BR,Player:0r130c/cr460c/cc/cr897c:KhKd,QdQc|/3c7cTs/Ad/2s:1587,-1587(855.240587)
722:Player,BR:0cr300c/cc/r200c/cc:7cKh,3cAs|/6h9dTd/4c/4s:-600,600(-46.048045)
723:BR,Player:0r130c/cc/cr115c/cr2070f:QdKh,JhQc|/7dKcAd/7s/Tc:-345,345(-345.000000)
724:Player,BR:0cc/cc/cc/cc:4sAh,2cKs|/2d3h9h/8c/5h:100,-100(-36.339663)
725:BR,Player:0cc/cr130c/cc/cr299c:TdTc,5dJs|/8hThAs/2c/4d:529,-529(529.000000)
726:Player,BR:0cr200c/r390c/cc/cc:JdAs,3h5c|/3cThTc/Ks/7d:-690,690(-455.370066)
727:BR,Player:0r130c/cr299f:4d7c,6sTh|/2h5sTd:-230,230(-230.000000)
728:Player,BR:0cc/cc/cc/r130f:2s8h,5h8d|/2cQdAh/2h/Ad:100,-100(100.000000)
729:BR,Player:0r130c/cc/cc/cc:7cQc,2s2h|/6cTcKs/9c/4h:230,-230(230.000000)
730:Player,BR:0cr300c/cc/r200c/r300f:5d5c,ThQs|/2c7dKd/Kh/Ks:600,-600(600.000000)
731:BR,Player:0r200c/cr900c/cc/cc:9hAs,6sJd|/2h8sQs/4h/8h:1200,-1200(727.620818)
732:Player,BR:0cc/cc/cc/r130c:4dKd,3sAh|/QhQcKc/8h/As:-230,230(-114.984548)
733:BR,Player:0r130c/cr299f:4c5c,7cQd|/6dTsAd:-230,230(-230.000000)
734:Player,BR:0cr300c/cc/r200c/cc:5cAc,3sTs|/4d6s9s/8d/Kc:600,-600(600.000000)
735:BR,Player:0r130c/cr299c/cr1058c/cr2063c:7hQh,4dAs|/4h7cAd/3s/4s:-3650,3650(1782.107543)
736:Player,BR:0cc/cc/cc/r130f:3hJd,3d7d|/2d6c8h/6s/Tc:100,-100(100.000000)
737:BR,Player:0r130c/cr299c/cc/cc:9hKs,3cAd|/TsTdTc/4c/5h:-529,529(-140.058228)
738:Player,BR:0cc/cc/cc/cc:6sJc,JdAd|/4dQsAs/Ah/7c:-100,100(-99.339467)
739:BR,Player:0r130c/cc/cr460f:9sJs,TdJc|/2c4d8h/6s:-230,230(-230.000000)
740:Player,BR:0cc/r130c/r1380f:6s9h,7sJs|/6d9s9d/As:230,-230(230.000000)
741:BR,Player:0r130c/cc/cc/cr115c:9sAs,7dAd|/3c4d5s/2c/3d:0,-0(-0.000000)
742:Player,BR:0cc/cc/cc/cc:3sJs,TsJd|/5d6cKs/5c/2h:-100,100(45.774559)
743:BR,Player:0r130c/cr299c/cr687f:4dTh,TsJs|/4c9cJd/7h:-529,529(-529.000000)
744:Player,BR:0cc/cc/r200c/cc:3hTd,3c9d|/5c9hQs/Kc/8s:-300,300(-205.035662)
745:BR,Player:0r130c/cr299c/cc/cc:7hKs,KdAh|/3d4h9s/Ts/9d:-529,529(-253.530071)
746:Player,BR:0cr200c/r390c/cc/cc:TdJh,9h9d|/6cThAd/Ks/Kh:690,-690(-266.514134)
747:BR,Player:0r200c/cc/cr390c/cr1380c:TsJh,QhAh|/4d8c9h/Qd/6s:2070,-2070(2070.000000)
748:Player,BR:0cr200c/cc/cc/cc:7dAd,6sQs|/4h5sKh/9h/2c:300,-300(300.000000)
749:BR,Player:0f:6dJs,3s9d|:50,-50(50.000000)
750:Player,BR:0cr200c/r390c/cc/cc:3dTd,6h9h|/4dKcAs/Ac/7c:690,-690(196.362470)
751:BR,Player:0f:5h8s,2d9s|:50,-50(50.000000)
752:Player,BR:0cc/cc/cc/r200f:6dKs,2s3c|/6s8hAs/Qc/6c:100,-100(100.000000)
753:BR,Player:0cc/cc/cc/cr200c:8cAs,JhJc|/2d3hQc/9h/6s:-300,300(97.946518)
754:Player,BR:0cc/cc/cc/r130f:3dTs,3c7h|/4hTcKh/7s/Jh:100,-100(100.000000)
755:BR,Player:0r130c/cc/cr299c/cr1587f:3h6s,KdAs|/3d5dAh/Qc/5c:-529,529(-529.000000)
756:Player,BR:0cr200c/cc/r390c/r345c:5h6h,4cQd|/3c7hKh/4h/2h:1035,-1035(427.433751)
757:BR,Player:0r130c/cr299c/cr687f:4hKd,7dJd|/4c6cJc/5s:-529,529(-529.000000)
758:Player,BR:0cr300c/cc/cc/cc:9hJh,ThKd|/6d9sQs/6s/As:400,-400(328.306160)
759:BR,Player:0r200c/cr390c/cr897f:8hQc,3d4d|/4cTsTd/2h:-690,690(-690.000000)
760:Player,BR:0cc/cc/cc/r300c:3h9d,8h8d|/4d8cAc/Js/Jd:-400,400(-400.000000)
761:BR,Player:0cc/cc/cr130f:3d5h,4h6c|/2c6dAh/Js:-100,100(-100.000000)
762:Player,BR:0cc/cc/r200f:8cTd,3d9d|/2s2cJs/7d:100,-100(100.000000)
763:BR,Player:0r200c/cc/cc/cr390c:5sTc,4c6c|/2s2dJs/5d/Jd:690,-690(238.487003)
764:Player,BR:0cc/cc/r200c/r150c:TcQh,9dAd|/2s5s6s/Th/8h:450,-450(200.004637)
765:BR,Player:0r130c/cr299f:3c8d,7s8s|/6s6d7d:-230,230(-230.000000)
766:Player,BR:0cr300c/cc/cc/r200f:AsAc,4dQd|/4c6h9s/7h/3h:400,-400(400.000000)
767:BR,Player:0cc/cc/cc/cc:6dQd,9hKc|/9cTsTc/7d/8c:100,-100(100.000000)
768:Player,BR:0cr300f:JhQs,2h4c|:100,-100(100.000000)
769:BR,Player:0r300c/cr520c/cc/cr460f:8hAs,6h8c|/2h9hTc/6c/9d:-920,920(-920.000000)
770:Player,BR:0cc/cc/r200c/cc:4d8c,9dKc|/7s7hKs/6c/Jd:-300,300(-287.743716)
771:BR,Player:0r200c/cc/cc/cr390c:4s7h,3dJc|/3h6c7s/Qs/Th:690,-690(288.402220)
772:Player,BR:0cc/cc/cc/cc:3h4d,9h9c|/2s7cTs/7s/6d:-100,100(-70.818737)
773:BR,Player:0r130c/cr299f:2h9d,4cTs|/5s6sQh:-230,230(-230.000000)
774:Player,BR:0cc/cc/cc/cc:2sQd,7cQs|/5s7hJh/Tc/Ks:-100,100(-68.158334)
775:BR,Player:0f:6hKs,2d8c|:50,-50(50.000000)
776:Player,BR:0cc/cc/cc/r130f:5sQh,2h3c|/QsQdAs/Jc/5h:100,-100(100.000000)
777:BR,Player:0r130c/cr299c/cr1058c/cc:3s8c,4s7d|/8hQcKd/6c/Jd:1587,-1587(454.621872)
778:Player,BR:0cc/cc/cc/cc:4h6s,TdQc|/7d8hJh/5s/9s:-100,100(-99.413117)
779:BR,Player:0r200c/cr390c/cc/cr897c:4hQh,JhQs|/2h6dJc/5d/Qd:-1587,1587(285.351640)
780:Player,BR:0cc/cc/r130c/r115c:4h6s,9cAs|/8cQhKc/5h/Qc:-345,345(-62.223284)
781:BR,Player:0r130c/cr299c/cr687c/cc:6sQs,6cJs|/2s2d5d/Kc/Kh:1216,-1216(597.505819)
782:Player,BR:0cc/cc/cc/r130f:2cAs,6hTs|/2s8dQd/Jc/7h:100,-100(100.000000)
783:BR,Player:0r200c/cr900c/cr3600c/cr6240f:JsAs,2s5s|/4sJcQh/6c/3c:-4800,4800(-4800.000000)
784:Player,BR:0cr200c/r390c/r345c/r517c:8s9s,4cTs|/4d8hAd/2s/4s:-1552,1552(-1364.860401)
785:BR,Player:0cc/cc/cr200c/cr390c:2hAd,3cTh|/2d7sJs/Kh/4d:690,-690(499.343270)
786:Player,BR:0cr200c/r390c/r138c/r1076c:9hQh,6d8s|/4s5h8h/6h/8d:-1904,1904(-1904.000000)
787:BR,Player:0f:KcAh,3d7c|:50,-50(50.000000)
788:Player,BR:0cc/cc/cc/cc:8hJc,QsAc|/3s8cQh/Kh/9d:-100,100(-69.295497)
789:BR,Player:0r130c/cc/cr460c/cc:3sQc,3cQs|/2h5s9s/5c/5h:0,-0(-0.000000)
790:Player,BR:0cc/cc/r200c/r600f:3d7s,QsQc|/3s3cAh/6s/2d:300,-300(300.000000)
791:BR,Player:0r130c/cr299c/cr1058f:3cAd,TsQh|/3sJdQs/9h:-529,529(-529.000000)
792:Player,BR:0cc/cc/cc/cc:5sTs,6hJh|/TcJcKs/3c/Qs:-100,100(-25.518298)
793:BR,Player:0f:9sQs,2c6s|:50,-50(50.000000)
794:Player,BR:0cc/cc/cc/cc:7cJd,3h8s|/2sJcKd/5s/7d:100,-100(94.132835)
795:BR,Player:0cc/cc/cc/cc:4hKh,5hJh|/KsKcAh/9h/Td:100,-100(100.000000)
796:Player,BR:0cc/r200c/cc/r150f:7hAs,4h9h|/7d7cKd/2s/Kh:300,-300(300.000000)
797:BR,Player:0cc/cc/cr130c/cc:2h6s,9hTd|/6c8sKc/9c/2c:230,-230(139.835149)
798:Player,BR:0cc/cc/cc/r130f:4c8d,7c8c|/2dTdQs/6c/Qc:100,-100(100.000000)
799:BR,Player:0r130c/cr299c/cr1058c/cc:6cJs,3dAd|/3cJhKc/9c/9d:1587,-1587(1186.927990)
800:Player,BR:0cc/cc/cc/cc:3h7s,4cTs|/7cJdJc/Js/9h:100,-100(34.361669)
801:BR,Player:0r130c/cc/cr460c/cc:TsJh,4hJd|/6s8cQc/5c/Tc:690,-690(-8.337252)
802:Player,BR:0cr300f:QhAh,4c5s|:100,-100(100.000000)
803:BR,Player:0r200c/cc/cr390c/cc:4d9s,4hAs|/7c9dKs/Qh/7h:690,-690(326.145335)
804:Player,BR:0cr600f:7dQd,4cQh|:100,-100(100.000000)
805:BR,Player:0cc/cr130c/cr690f:3hQh,2sJc|/2d8sAc/Jh:-230,230(-230.000000)
806:Player,BR:0cc/cc/cc/r130c:3hTh,8cJd|/7hTcQd/Ad/2d:230,-230(79.438603)
807:BR,Player:0f:QhKc,4s9h|:50,-50(50.000000)
808:Player,BR:0cc/cc/cc/cc:2c3d,5h6c|/3c9dTd/Ac/6s:-100,100(-63.669713)
809:BR,Player:0r130c/cc/cr115c/cr448c:6sAd,5cJc|/3c4hKh/8s/Qc:793,-793(629.145488)
810:Player,BR:0cr300c/r520c/r1196c/cc:KcAs,3cAc|/4h8dKd/6h/Jc:2116,-2116(512.839718)
811:BR,Player:0r130c/cr299c/cc/cc:9sAd,6hKd|/TcJhQc/9c/2c:-529,529(-529.000000)
812:Player,BR:0cc/cc/cc/cc:3sJd,JhAh|/7c9sJc/7h/Js:0,-0(-90.286643)
813:BR,Player:0cc/cr130c/cr299c/cc:7hAd,4cJs|/5dQsQc/9h/As:529,-529(516.587527)
814:Player,BR:0cc/cc/cc/cc:3s6c,4sKd|/6h8cQd/Qh/9h:100,-100(-3.324273)
815:BR,Player:0r130c/cc/cc/cr299c:4sQd,3h4c|/7cTdQs/Jd/8c:529,-529(450.502412)
816:Player,BR:0cc/cc/cc/cc:7sJd,7cKc|/9h9dJs/Jh/5d:100,-100(-56.908357)
817:BR,Player:0r130c/cc/cr115f:2hTc,5s5d|/6c7sKh/6s:-230,230(-230.000000)
818:Player,BR:0cc/cc/cc/cc:3h9d,3c7d|/6cTsKc/Jc/4h:100,-100(80.696307)
819:BR,Player:0r300c/cc/cc/cr520c:KdAc,9hJd|/3h4sQs/8s/8d:920,-920(18.069282)
820:Player,BR:0cc/cc/cc/r300f:5d7c,6s7d|/4h6cAh/3h/3c:100,-100(100.000000)
821:BR,Player:0r130c/cc/cr115c/cr1035c:4hAh,4sKs|/2d7h9c/3s/Jh:1380,-1380(323.359648)
822:Player,BR:0cc/cc/cc/r200c:6cAd,QsKd|/3c4cKc/4s/Ks:-300,300(-300.000000)
823:BR,Player:0r130c/cc/cc/cc:6cJc,7h7c|/3h3cJh/Ac/9c:230,-230(230.000000)
824:Player,BR:0cc/cc/cc/cc:8hAd,4sQh|/5hJsQs/8d/Th:-100,100(-81.195021)
825:BR,Player:0r130c/cr299c/cr687c/cc:6sQd,4dAc|/2d8dJc/Ah/9c:-1216,1216(-1216.000000)
826:Player,BR:0cr300c/r520c/cc/r184c:4d4c,TcKd|/2s7dKc/5d/7s:-1104,1104(-1102.615903)
827:BR,Player:0r130c/cc/cc/cr299f:6c9s,8hQs|/3h7hJh/Td/4h:-230,230(-230.000000)
828:Player,BR:0cr300c/r520c/r1840f:3c5s,8sTc|/4h6hQc/2c:920,-920(920.000000)
829:BR,Player:0r200c/cr390c/cr897c/cr2063f:7c9h,QsKh|/2cQdQc/Ac/Jh:-1587,1587(-1587.000000)
830:Player,BR:0cr200c/r390c/r897c/cc:9dTd,8hJs|/2d6h6d/As/Jh:-1587,1587(-1185.301387)
831:BR,Player:0r200c/cc/cc/cc:5h8s,4dAc|/2cJcQh/7h/Td:-300,300(-300.000000)
832:Player,BR:0cc/cc/cc/r130c:2dQd,2s7s|/3d5dJs/Tc/7c:-230,230(-21.163799)
833:BR,Player:0r200c/cc/cc/cr390c:5sAh,4c7h|/2s9sAs/9h/7d:690,-690(259.067755)
834:Player,BR:0cc/cc/cc/r200c:6d8h,4cTc|/2sThAc/8c/7c:-300,300(-299.001346)
835:BR,Player:0r130c/cr299c/cc/cc:6h8s,6dKd|/2h3s6s/5s/Ts:529,-529(529.000000)
836:Player,BR:0cr300c/cc/cc/cc:TcJc,8h9s|/2hTsQd/9c/Td:400,-400(-198.153878)
837:BR,Player:0r130c/cc/cc/cc:4s5s,5h6d|/7hTcAs/6c/Jd:-230,230(-230.000000)
838:Player,BR:0cr130c/cc/cc/cc:4d4c,3dAs|/2h9sQs/Ac/6s:-230,230(-164.021006)
839:BR,Player:0r130c/cc/cr115c/cr690c:JdAh,9dTd|/3d4s8h/2d/Tc:-1035,1035(72.800317)
840:Player,BR:0cc/cc/cc/cc:9sKd,3h7h|/2d6h8h/Qd/Qc:100,-100(96.384559)
841:BR,Player:0r130c/cc/cc/cc:4cQd,8sKd|/2hTcQc/Js/5c:230,-230(230.000000)
842:Player,BR:0cr300f:5dJh,2d6c|:100,-100(100.000000)
843:BR,Player:0cc/cc/cr200f:2sAs,7d8h|/4h7cQd/5h:-100,100(-100.000000)
844:Player,BR:0cr300c/cc/cc/cc:QcKd,8hKh|/2cQsKc/3s/6c:400,-400(-304.231648)
845:BR,Player:0f:3dQd,2s6d|:50,-50(50.000000)
846:Player,BR:0cc/cc/r130c/r115c:5d7s,4d8s|/2cTcAh/4h/9s:-345,345(78.044234)
847:BR,Player:0r130c/cc/cr115c/cr448c:4hTs,8hQd|/4s4d8c/7s/Js:793,-793(793.000000)
848:Player,BR:0cc/cc/cc/r130c:2h8h,5s6c|/9cJcQc/Tc/3s:-230,230(-162.122513)
849:BR,Player:0r130c/cc/cr115c/cc:4h6h,5h8s|/5dTcJc/6d/9c:345,-345(136.019715)
850:Player,BR:0cc/cc/cc/cc:4cQd,6c7s|/5s5h9d/Th/9c:100,-100(97.529771)
851:BR,Player:0r200c/cr390c/cc/cc:4cAh,6d9h|/3c5hTd/6s/2h:690,-690(690.000000)
852:Player,BR:0cr300c/cc/cc/r520c:9dTs,8cTc|/3dQcAs/4d/8s:-920,920(-54.293606)
853:BR,Player:0cc/cc/cc/cc:2hJs,2dQc|/6cJdAd/5c/8s:100,-100(100.000000)
854:Player,BR:0cc/cc/r200f:8sJd,5c6d|/3s7d8h/Ks:100,-100(100.000000)
855:BR,Player:0r200c/cr390f:2dTd,5dKd|/3c4h9c:-300,300(-300.000000)
856:Player,BR:0cc/cc/cc/r130c:3s9c,6cAc|/5d7cQc/4s/Ad:-230,230(-173.523832)
857:BR,Player:0cc/cc/cc/cc:7sKh,8dAs|/3s4h6c/2s/3d:-100,100(-74.687697)
858:Player,BR:0cr600c/cc/r1400f:AhAc,6h9h|/4c7dQh/Ad:700,-700(700.000000)
859:BR,Player:0f:6h7d,3c9d|:50,-50(50.000000)
860:Player,BR:0cr600f:3c4c,3dTs|:100,-100(100.000000)
861:BR,Player:0cc/cc/cc/cr200f:3s3c,5d8h|/5h9cAh/2h/7h:-100,100(-100.000000)
862:Player,BR:0cr300c/cc/r520f:4c7c,5s7s|/6hJdQh/Jh:400,-400(400.000000)
863:BR,Player:0r130c/cr299c/cr687c/cc:JdQh,5hAh|/3h4dJh/3c/Js:1216,-1216(1216.000000)
864:Player,BR:0cr200c/cc/cc/r600c:9sAh,8c9d|/5d7hKd/6s/As:-900,900(-889.756262)
865:BR,Player:0r130c/cc/cc/cc:5s5h,2dKh|/6h6dQh/7s/Ad:230,-230(84.490897)
866:Player,BR:0cc/cc/cc/cc:3cAh,9sQc|/2c3h5h/Ad/Qs:100,-100(-63.899652)
867:BR,Player:0r130c/cc/cc/cr299f:2dJc,8dKc|/5d7h8h/As/4d:-230,230(-230.000000)
868:Player,BR:0cr130c/cc/cc/r460c:5d8c,2dJs|/3d8sJd/Jh/4d:-690,690(-671.694552)
869:BR,Player:0r300c/cr520f:6dTc,6hJd|/3c5s9s:-400,400(-400.000000)
870:Player,BR:0cr300c/cc/r200c/cc:9hAh,9dTs|/3sQsQc/3h/Kh:600,-600(378.378172)
871:BR,Player:0r130c/cc/cr115c/cc:4hAd,QhKh|/6h7cAh/6s/Ts:345,-345(345.000000)
872:Player,BR:0cc/cc/cc/r130f:3h7s,8hAs|/6s7dKs/Td/Th:100,-100(100.000000)
873:BR,Player:0r130c/cc/cc/cr299f:6dTd,5d7c|/5c7s9s/Qs/2c:-230,230(-230.000000)
874:Player,BR:0cr300c/cc/cc/r200c:8d8c,5cKh|/3h7s8h/Jh/5h:-600,600(-554.973058)
875:BR,Player:0r130c/cr299f:5d9s,6h9c|/4s6sKd:-230,230(-230.000000)
876:Player,BR:0cr600f:2hJh,3c5d|:100,-100(100.000000)
877:BR,Player:0r130c/cc/cc/cc:4d4c,9sKd|/ThQsAd/Qd/Kh:-230,230(-210.028016)
878:Player,BR:0cc/cc/cc/cc:2sTd,8sJc|/3sQsKs/7h/Ac:-100,100(27.340420)
879:BR,Player:0r200c/cc/cc/cr390c:3s8c,7s7c|/6sTsQh/As/Ks:-690,690(342.006691)
880:Player,BR:0cr200c/cc/r150c/r225f:TdQh,8cKs|/4hTsJs/2d/9s:450,-450(450.000000)
881:BR,Player:0f:2s8d,2cTd|:50,-50(50.000000)
882:Player,BR:0cc/cc/r130c/r460c:4sJc,JsAs|/4c8cJd/5d/9h:690,-690(-441.705618)
883:BR,Player:0r200c/cc/cr150c/cc:2s8h,6hAc|/8dTsJc/9d/Ad:-450,450(-231.051540)
884:Player,BR:0cr200c/cc/cc/r390f:7s8c,4s4h|/3s3hQc/Qh/7c:300,-300(300.000000)
885:BR,Player:0r200c/cr600f:7dJh,5sJc|/TcQdQc:-300,300(-300.000000)
886:Player,BR:0cr300c/cc/r1200c/r2080f:3s3d,7dJs|/8dQsKd/5h/4c:1600,-1600(1600.000000)
887:BR,Player:0r130c/cr299c/cc/cr687f:TdQc,9hJs|/6sThJh/Kd/2h:-529,529(-529.000000)
888:Player,BR:0cc/cc/cc/cc:3dQd,KsKd|/2c8cJc/5d/9h:-100,100(-92.550767)
889:BR,Player:0r130c/cc/cc/cc:8hAh,9sQs|/JsKhKc/7c/5s:230,-230(62.138620)
890:Player,BR:0cc/cc/cc/cc:4hJc,2dKd|/TcJdQs/8d/As:-100,100(-100.000000)
891:BR,Player:0r130c/cc/cr115c/cr448c:4dJd,5sTc|/4cKhKc/6h/8s:793,-793(-169.752809)
892:Player,BR:0cr300c/cc/cc/cc:7dKd,9hKh|/TsQcAc/7h/6s:400,-400(389.486113)
893:BR,Player:0r200c/cc/cr150c/cr1350c:5sQs,4s6c|/8d9sAd/2s/5h:1800,-1800(4.450294)
894:Player,BR:0cc/cc/r200c/cc:2sJd,9s9c|/6c9dTc/Kh/3d:-300,300(-291.322992)
895:BR,Player:0cc/cc/cr130f:2h2d,5h9c|/4d9sTs/6d:-100,100(-100.000000)
896:Player,BR:0cr300c/cc/r200c/cc:4h6s,6cTh|/3h3cJc/4c/Kh:600,-600(349.432135)
897:BR,Player:0cc/cr130c/cr299f:2h8c,JcQh|/5dTcQs/Ks:-230,230(-230.000000)
898:Player,BR:0cc/cc/cc/cc:6h8s,6cJc|/3s3dQs/3h/Jh:-100,100(-59.170990)
899:BR,Player:0r130c/cr460c/cc/cc:KsKc,3dQd|/5d7hKd/2s/Jh:690,-690(690.000000)
900:Player,BR:0cc/cc/cc/cc:4s8h,3s9h|/3d7s8d/Qd/3c:-100,100(-83.322688)
901:BR,Player:0r130c/cr299c/cc/cc:4s7h,3h4d|/4h7s8c/7d/As:529,-529(529.000000)
902:Player,BR:0cr200c/cc/r600c/cc:7hQs,9sQd|/5s6cKc/Ks/2s:-900,900(-536.798999)
903:BR,Player:0r130c/cr299c/cc/cr1058f:8hQd,JsAh|/9s9hJh/Ad/3h:-529,529(-529.000000)
904:Player,BR:0cr600f:QhKs,5cTc|:100,-100(100.000000)
905:BR,Player:0r200c/cr390c/cr897c/cc:7hKs,4sTh|/3h7s9c/6c/2d:1587,-1587(1006.376013)
906:Player,BR:0cc/cc/cc/cc:8sAc,6dQd|/2d3h3d/3c/2c:0,-0(3.022131)
907:BR,Player:0r130c/cc/cr115c/cr1035c:2dQh,8hTd|/4c5dJh/Ah/5h:1380,-1380(173.790453)
908:Player,BR:0cr300c/cc/cc/r520c:6c7h,6dAs|/7s9sAc/9d/9h:-920,920(-806.045995)
909:BR,Player:0r130c/cr690f:5sJc,8dQs|/2d3s7s:-230,230(-230.000000)
910:Player,BR:0cc/cc/cc/cc:2cTh,7s8d|/2h8cQd/Kh/9s:-100,100(-66.464782)
911:BR,Player:0r130c/cr299c/cr687c/cc:5h7d,7sQs|/3d6s6h/8c/2d:-1216,1216(-1070.156269)
912:Player,BR:0cc/cc/cc/cc:4hKd,3hKh|/5sTcQc/Th/8d:0,-0(-12.207187)
913:BR,Player:0r200c/cr600c/cr2700c/cr16400f:3s5d,4s6d|/3h7c9d/5h/2c:-3600,3600(-3600.000000)
914:Player,BR:0cc/cc/cc/cc:5sQd,3h8h|/7d8sTc/Ah/7c:-100,100(-38.129160)
915:BR,Player:0r130c/cr299f:3h4c,ThKh|/5d7sKc:-230,230(-230.000000)
916:Player,BR:0cc/cc/r130c/cc:6c8s,6dTd|/5s5h7h/Ac/6h:0,-0(-68.156813)
917:BR,Player:0r130c/cc/cr299c/cr1058c:9dAd,6c9s|/4d8dTd/Qs/Qd:1587,-1587(1512.361902)
918:Player,BR:0cr600f:4s5c,3c8c|:100,-100(100.000000)
919:BR,Player:0r130c/cc/cc/cc:4d8s,7s9c|/5cKdAc/5s/9h:-230,230(-230.000000)
920:Player,BR:0cc/cc/r130c/r115f:8sAd,3sKh|/7s7hJc/Jd/9h:230,-230(230.000000)
921:BR,Player:0r130c/cc/cc/cr460c:TdKs,6s8d|/JcQsKc/2d/Ac:690,-690(531.353619)
922:Player,BR:0cr600f:6d7d,2s4d|:100,-100(100.000000)
923:BR,Player:0r300c/cc/cr200c/cc:7h8h,2sKh|/2h6h9h/Tc/Jd:600,-600(600.000000)
924:Player,BR:0cc/cc/cc/cc:2cJs,5c7d|/2h6s9s/8h/4d:-100,100(-98.230001)
925:BR,Player:0f:3sKd,2h4c|:50,-50(50.000000)
926:Player,BR:0cc/cc/cc/r130f:6dJd,9cAh|/3c5c6c/8s/Kh:100,-100(100.000000)
927:BR,Player:0r130c/cc/cc/cr460f:5sJh,7cKc|/2c3hKd/Ah/Ks:-230,230(-230.000000)
928:Player,BR:0cr300f:7sJc,3h9c|:100,-100(100.000000)
929:BR,Player:0f:5h9h,3hTs|:50,-50(50.000000)
930:Player,BR:0cr130c/r460c/cc/r897c:8hJd,4cQc|/3c5d9s/9c/2h:-1587,1587(-1350.415759)
931:BR,Player:0r130c/cc/cr690f:5s9c,QdAh|/8dJsQc/Jc:-230,230(-230.000000)
932:Player,BR:0cr300f:4h7h,3s6s|:100,-100(100.000000)
933:BR,Player:0r130c/cc/cc/cr299c:2cKc,8hAs|/4d8dKd/Js/6s:529,-529(514.037796)
934:Player,BR:0cr300f:2dJd,2s7h|:100,-100(100.000000)
935:BR,Player:0r130c/cc/cr299f:5cTd,5h5d|/4h6dJs/6s:-230,230(-230.000000)
936:Player,BR:0cc/cc/cc/cc:2hAc,6d8h|/3d7dTs/4h/5s:-100,100(-99.602788)
937:BR,Player:0r130c/cc/cr299c/cc:8dQd,JhAh|/7h7d8h/6h/6d:-529,529(184.620697)
938:Player,BR:0cc/cc/cc/r130c:4dKh,6cAd|/2d3d9h/Kc/7h:230,-230(58.254820)
939:BR,Player:0r130c/cr299c/cc/cr1058c:3h4c,9cQd|/3c5d8h/4d/4s:1587,-1587(1397.330477)
940:Player,BR:0cc/cc/cc/cc:2dAh,2s5h|/QsQhKc/5s/3h:-100,100(-85.312673)
941:BR,Player:0r130c/cc/cr299c/cc:2cQc,6h6d|/5d7cAh/3h/Js:-529,529(-429.833012)
942:Player,BR:0cr300f:6cTc,4s9h|:100,-100(100.000000)
943:BR,Player:0r200c/cc/cr390f:3d5d,5s8h|/6s6hQc/4h:-300,300(-300.000000)
944:Player,BR:0cc/cc/cc/r300c:9sQc,8h8c|/2c5h6d/9c/5c:400,-400(46.438516)
945:BR,Player:0r130c/cr299f:3d6h,7hJs|/2d9sAc:-230,230(-230.000000)
946:Player,BR:0cr200c/cc/r150c/cc:QsAh,5h9d|/3h4sTd/Jd/6d:450,-450(254.501260)
947:BR,Player:0r130c/cc/cc/cr299c:7d8s,TdKh|/9dTcJh/Ks/6c:529,-529(529.000000)
948:Player,BR:0cc/cc/cc/cc:JsKc,5h7h|/2sJcAc/2d/Kd:100,-100(61.409772)
949:BR,Player:0r130c/cr460c/cc/cr1380f:TdKh,6hQc|/5d7hJh/6d/Qh:-690,690(-690.000000)
950:Player,BR:0cc/cc/cc/r130c:3s9h,3cKh|/6d7cQd/3d/7h:-230,230(58.832855)
951:BR,Player:0cc/cc/cc/cc:7s9d,4h9s|/2c5c6s/4s/2s:-100,100(-100.000000)
952:Player,BR:0cr300f:TsAd,2s3s|:100,-100(100.000000)
953:BR,Player:0r130c/cc/cr115c/cc:5s6c,ThKh|/3h3d4s/2c/5d:345,-345(345.000000)
954:Player,BR:0cc/cc/cc/r130c:2h8h,8sKc|/9d9cQd/5d/2d:230,-230(83.722412)
955:BR,Player:0cc/cc/cr130c/cr460c:8hJh,6cTc|/4cTsQs/6d/Jc:-690,690(-105.190047)
956:Player,BR:0cc/cc/cc/r130f:4h8d,4s6s|/7c8cJc/Ah/As:100,-100(100.000000)
957:BR,Player:0r130c/cr299c/cc/cc:7s9c,4h7d|/3sKhAh/Qs/7h:0,-0(350.212263)
958:Player,BR:0cr200c/cc/cc/r150c:3c4h,3h6h|/3s5hKh/7s/6s:450,-450(-377.206570)
959:BR,Player:0r130c/cc/cc/cr299c:5hKh,JsQd|/2hJcAh/4h/6s:529,-529(529.000000)
960:Player,BR:0cc/cc/r130c/r299c:QdKc,7sAc|/4d7hKh/6s/3s:529,-529(214.654859)
961:BR,Player:0r200c/cc/cr390c/cc:5cAd,2dJd|/3h7cTs/4c/Qd:690,-690(-456.233755)
962:Player,BR:0cc/cc/cc/cc:3d7s,6cTs|/KsKdAs/4c/Ah:-100,100(-4.687741)
963:BR,Player:0cc/cr200c/cc/cc:2h6d,5c9c|/6s8cTh/Kd/8s:300,-300(24.770861)
964:Player,BR:0cr300c/cc/r520c/r1196c:QsQc,KdKc|/6h9sTs/4h/5s:-2116,2116(-336.826055)
965:BR,Player:0r200c/cc/cc/cc:4sJd,6sAh|/3d7hJh/7c/Ks:300,-300(300.000000)
966:Player,BR:0cr130c/r690f:5cAh,7hKs|/2c3cQd:230,-230(230.000000)
967:BR,Player:0cc/cc/cc/cc:8dKd,4dAs|/3h9sKs/5c/Qd:100,-100(100.000000)
968:Player,BR:0cr200c/cc/cc/r150f:7s8s,7dAc|/3c5cQc/8d/9s:300,-300(300.000000)
969:BR,Player:0r130c/cc/cr299f:2h9s,JcAc|/7cQsQc/Kc:-230,230(-230.000000)
970:Player,BR:0cc/cc/cc/r130f:2d5c,9dTc|/7sJhQd/5d/Qc:100,-100(100.000000)
971:BR,Player:0r130c/cc/cc/cc:4c7s,3hAc|/7h7cJh/Tc/5d:230,-230(230.000000)
972:Player,BR:0cc/cc/r200c/cc:4s9s,5cJd|/5s6dAc/7c/7h:-300,300(-300.000000)
973:BR,Player:0r130c/cc/cr460f:7hTs,8hQh|/5c6hJc/2d:-230,230(-230.000000)
974:Player,BR:0cc/cc/r130c/cc:5s7h,6cAs|/8cThJc/6s/9h:230,-230(230.000000)
975:BR,Player:0r130c/cc/cr115c/cr1035c:6h7c,3c4d|/JsJhQc/9s/6c:1380,-1380(124.133710)
976:Player,BR:0cr600c/cc/r140c/r1092c:JdJc,6dTd|/7c8sKc/9c/3d:-1932,1932(-1517.656431)
977:BR,Player:0cc/cc/cc/cc:6c7c,2d7d|/TcJsQs/Ts/Qh:0,-0(-12.683030)
978:Player,BR:0cr300f:3h6h,4c5d|:100,-100(100.000000)
979:BR,Player:0r130c/cr460c/cr897c/cc:6hQc,ThTd|/3h5c6c/5d/Jd:-1587,1587(-1234.349166)
980:Player,BR:0cc/cc/cc/r300c:6cJs,2cKh|/4h8s8c/Ts/5c:-400,400(-318.893676)
981:BR,Player:0cc/cc/cc/cr130f:TsJd,2hKh|/8dKsAd/4d/As:-100,100(-100.000000)
982:Player,BR:0cr200f:4d6h,2c4h|:100,-100(100.000000)
983:BR,Player:0r130c/cr299c/cr1058f:9sKc,8cQd|/7sJsQh/5c:-529,529(-529.000000)
984:Player,BR:0cr300f:5c7c,3c8s|:100,-100(100.000000)
985:BR,Player:0f:8dQh,2c7s|:50,-50(50.000000)
986:Player,BR:0cc/cc/cc/cc:4h7h,8hJc|/7sThJd/Qh/5s:-100,100(-79.328197)
987:BR,Player:0r200c/cc/cr150c/cc:5hKd,QdKs|/2c8dTd/Jc/Jh:-450,450(-256.148247)
988:Player,BR:0cc/cc/cc/cc:2h8d,5h9h|/5c8cAs/Jd/Tc:100,-100(-22.784170)
989:BR,Player:0cc/cr130c/cr115c/cr448c:6d8d,4h8s|/2hThQd/9c/2s:0,-0(-13.942258)
990:Player,BR:0cc/cc/r130f:9dKh,6h9s|/4sAsAh/8d:100,-100(100.000000)
991:BR,Player:0r200c/cr390c/cc/cc:KsAh,6sKc|/4d7cTs/4c/Ad:690,-690(690.000000)
992:Player,BR:0cc/cc/cc/r130f:4h8s,2s2h|/3h8hKh/Qs/Kc:100,-100(100.000000)
993:BR,Player:0r200c/cr390c/cr897f:9sQd,4d6h|/5dJdAs/6d:-690,690(-690.000000)
994:Player,BR:0cc/cc/cc/cc:8dJs,7sQh|/2hJhKd/Td/3d:100,-100(48.421239)
995:BR,Player:0r300c/cr520c/cr1840c/cc:KhAh,3dTd|/5s6h7h/6d/9h:2760,-2760(2760.000000)
996:Player,BR:0cc/cc/cc/cc:5cQs,3sAc|/6h8cAs/Ts/9d:-100,100(-69.039944)
997:BR,Player:0r130c/cc/cc/cc:6cKh,7h7c|/3h4sKd/Ts/Qc:230,-230(230.000000)
998:Player,BR:0cr300f:5cAc,4c6s|:100,-100(100.000000)
999:BR,Player:0f:3c5h,2d3s|:50,-50(50.000000)
1000:Player,BR:0cr300f:KsKh,2d6s|:100,-100(100.000000)
RAW BR STATS: n=1000, sum=60706.000000, sum_sq=897361796.000000, vr_sum=84355.728565, vr_sum_sq=643521210.832168
BR STATS: 60.706000(58.593071), 84.355729(49.445067)
RESULTS
1)BR: 60706
2)Player: -60706
