In config file: GAME_DEF=game_def.fullholdem
In config file: ACTIONS_R0=F,C
In config file: ACTIONS_R1=F,C
In config file: ACTIONS_R2=F,C
In config file: ACTIONS_R3=F,C
Loading player: rgbr_nl_cprg.so
Player args: /home/viliam/cprg/project_uoapoker/trunk/src/c/meta_player.so /home/viliam/cprg/project_uoapoker/trunk/src/c/acpc14.map
Using seed 3.
1:Player,BR:0cr600c/cc/cc/r350f:5h8s,9hTd|/5c6cJd/Qh/6h:700,-700(700.000000)
2:BR,Player:0r130c/cc/cc/cc:TsAs,QcKd|/2d7s8h/4c/7c:230,-230(230.000000)
3:Player,BR:0cc/cc/cc/cc:2c3s,8dJh|/2s5h8h/6d/Kh:-100,100(-69.215476)
4:BR,Player:0r130c/cr299c/cr687c/cc:3hKd,8sQh|/4d5d8h/Ks/Jd:1216,-1216(1185.067832)
5:Player,BR:0cr300c/cc/cc/r800c:4h6d,4dJd|/7d7cTc/Kc/8d:-1200,1200(-250.942425)
6:BR,Player:0r130c/cc/cr299f:6c8h,7hJs|/9sJcQs/7d:-230,230(-230.000000)
7:Player,BR:0cr130c/cc/cc/r690f:JsJh,2h8c|/8h9s9h/Jd/Kh:230,-230(230.000000)
8:BR,Player:0f:5s7d,3h8c|:50,-50(50.000000)
9:Player,BR:0cr300f:QsAh,2d9h|:100,-100(100.000000)
10:BR,Player:0r130c/cr299c/cc/cc:5dQc,3hKc|/4sTdTc/Ad/Qs:529,-529(489.659725)
11:Player,BR:0cr300f:6d7c,4d9h|:100,-100(100.000000)
12:BR,Player:0r130c/cc/cr460c/cr1380c:JhAd,5dJs|/4h7dJd/9h/6h:2070,-2070(1993.260870)
13:Player,BR:0cr300f:9dKd,2h4d|:100,-100(100.000000)
14:BR,Player:0r200c/cr600f:5s7c,9sAh|/2d3d4d:-300,300(-300.000000)
15:Player,BR:0cc/r130c/cc/cc:2c9c,2h9s|/6d6cQd/Th/8s:0,-0(-57.894120)
16:BR,Player:0r130c/cr299c/cc/cc:2hKd,5c9d|/2c6hKc/Td/Jd:529,-529(529.000000)
17:Player,BR:0cr200c/cc/cc/r390c:7d8d,TdQs|/2c5hTh/8s/3d:-690,690(-634.204235)
18:BR,Player:0r200c/cr900f:3dKc,QhAh|/4hTsJc:-300,300(-300.000000)
19:Player,BR:0cc/r130c/cc/r460f:2s9s,4dKd|/2d7c9c/Td/3h:230,-230(230.000000)
20:BR,Player:0r130c/cr299c/cr687c/cr3648c:QdAh,6d9s|/3d4h8h/Kh/Ts:4864,-4864(-657.344942)
21:Player,BR:0cc/cc/cc/cc:3h8s,7h9s|/4d9cTs/2d/3s:-100,100(-81.513845)
22:BR,Player:0r200c/cc/cc/cr390c:7sAs,TsQs|/4sQdAd/5c/4c:690,-690(650.969005)
23:Player,BR:0cr300c/r520c/cc/cc:4h6c,9dAc|/JhKhKd/Qh/5h:920,-920(555.895321)
24:BR,Player:0r130c/cr299c/cr687c/cr2432c:5dJs,6s8d|/3d9cTh/2h/Qc:3648,-3648(2780.209387)
25:Player,BR:0cr300c/cc/cc/cc:2h2d,JcAs|/4c6s8d/Ks/Js:-400,400(-283.120460)
26:BR,Player:0r200c/cc/cr150c/cr585c:4hAs,3hJh|/6c7cAd/7h/9h:1035,-1035(178.434795)
27:Player,BR:0cc/cc/r130f:2cQs,3d9s|/2s4sKh/2h:100,-100(100.000000)
28:BR,Player:0r130c/cr299c/cc/cc:3h5s,6sQh|/2c3s6h/9d/7s:-529,529(-254.794744)
29:Player,BR:0cc/cc/cc/cc:2h4s,3cAd|/4d7hQh/5s/5c:100,-100(-39.619525)
30:BR,Player:0cc/cr130c/cc/cc:5hAh,2c4c|/8c9hTc/8s/5d:230,-230(229.967180)
31:Player,BR:0cr300f:QsQc,4d8c|:100,-100(100.000000)
32:BR,Player:0r130c/cr299f:4s5d,3sQd|/6hThJc:-230,230(-230.000000)
33:Player,BR:0cc/cc/cc/r130c:8d9h,6dKc|/3s3cKd/9d/As:-230,230(-197.294839)
34:BR,Player:0r200c/cc/cc/cc:5s6h,3s9s|/3h8hTc/4c/Qc:-300,300(-300.000000)
35:Player,BR:0cr200c/r390f:5d9d,4c7h|/8hTdAs:300,-300(300.000000)
36:BR,Player:0f:2c4s,3h9d|:50,-50(50.000000)
37:Player,BR:0cr300c/cc/r200c/r1200c:TsKs,AsAc|/3dQhQc/Qd/Kh:-1800,1800(-1800.000000)
38:BR,Player:0r200c/cr390c/cc/cr1380c:TsJd,8hJc|/2d4c5s/Jh/7c:2070,-2070(1948.974305)
39:Player,BR:0cr200c/cc/r150c/cc:KdAh,8sQd|/2d2c9c/3d/Ks:450,-450(273.135771)
40:BR,Player:0f:ThTc,3c7h|:50,-50(50.000000)
41:Player,BR:0cc/cc/cc/r130f:4sTh,3dTs|/2c4d9c/9d/6d:100,-100(100.000000)
42:BR,Player:0r200c/cc/cc/cr600c:2h2c,5c6d|/5sQhKs/4d/Qs:-900,900(-133.073562)
43:Player,BR:0cc/cc/r130c/r299c:6dTd,8hJd|/6s6h8c/Jh/7c:529,-529(-245.271973)
44:BR,Player:0r130c/cc/cc/cc:4c7c,3cQc|/3h5c6d/Ks/Ah:230,-230(230.000000)
45:Player,BR:0cr300f:JsAh,3h5c|:100,-100(100.000000)
46:BR,Player:0r130c/cr460c/cc/cc:9dAc,8sTs|/4c5hAd/5c/As:690,-690(690.000000)
47:Player,BR:0cc/cc/cc/r200f:4sJs,7d8s|/2sTsQs/4d/5d:100,-100(100.000000)
48:BR,Player:0r130c/cr299c/cr687c/cr3648c:5hTc,8cAh|/4h5dAc/Ks/8d:-4864,4864(1175.697545)
49:Player,BR:0cc/cc/cc/cc:5dQh,4dQd|/2h6hJd/Kc/9h:0,-0(60.064766)
50:BR,Player:0r130c/cc/cr299f:3cQd,QsKh|/5h5d7s/Kc:-230,230(-230.000000)
51:Player,BR:0cc/cc/cc/cc:3cKd,QsQc|/8h9sAs/3d/4c:-100,100(-79.470026)
52:BR,Player:0cc/cc/cc/cc:4s5c,2dKh|/3c7sJs/7d/5d:100,-100(100.000000)
53:Player,BR:0cc/cc/cc/r300f:9cAh,3d6c|/7hJcKs/8h/Ac:100,-100(100.000000)
54:BR,Player:0r200f:2d4h,KsAd|:-100,100(-100.000000)
55:Player,BR:0cc/cc/cc/cc:4sKd,4h8c|/6hTdJc/5d/3d:100,-100(93.493035)
56:BR,Player:0f:5sQd,4d9h|:50,-50(50.000000)
57:Player,BR:0cr200c/cc/r900c/r600c:KdAh,8cTh|/5h6h9s/7h/Tc:-1800,1800(-1755.863518)
58:BR,Player:0r130c/cr299c/cc/cc:4sTs,5cKs|/3s8s9h/Ad/6s:529,-529(529.000000)
59:Player,BR:0cc/cc/cc/cc:2dTh,6h8h|/3d5s9h/9d/5h:100,-100(70.317830)
60:BR,Player:0r130c/cc/cr299f:3c6h,JsJh|/4hAsAd/7h:-230,230(-230.000000)
61:Player,BR:0cc/cc/cc/r200f:2sKd,5c9s|/3sQcKh/9c/3d:100,-100(100.000000)
62:BR,Player:0r300c/cc/cc/cr520c:9hAs,9sJd|/4d8hKs/7h/Kh:920,-920(130.044546)
63:Player,BR:0cc/cc/cc/cc:4c8d,QhKd|/2c5s7d/7h/5h:-100,100(-84.469298)
64:BR,Player:0r130c/cc/cr299c/cr1058f:5s5d,2cQd|/2sJsAh/2d/Td:-529,529(-529.000000)
65:Player,BR:0cc/cc/r130c/r299f:9dTh,7c9s|/4s8hAc/4d/6s:230,-230(230.000000)
66:BR,Player:0r130c/cc/cc/cc:6c8s,3c4h|/3h7dQs/Ac/2d:-230,230(-230.000000)
67:Player,BR:0cr300c/r520c/cc/cc:5d6d,7h7d|/2s6hJh/9d/2c:-920,920(-639.806623)
68:BR,Player:0r130c/cr690f:5d6h,2hKh|/7cJdQd:-230,230(-230.000000)
69:Player,BR:0cr300c/r520c/r1840c/r1380c:2d4d,JdAh|/2c6sKh/Qc/Jh:-4140,4140(-1122.274057)
70:BR,Player:0r130c/cc/cr460c/cc:3cKs,5s5h|/7d7cAc/3h/Js:-690,690(258.490242)
71:Player,BR:0cc/cc/r130c/cc:4hTh,TsQh|/3cJcKs/Ad/Kc:-230,230(-219.061278)
72:BR,Player:0cc/cc/cc/cc:5s6s,3sKh|/7s8cJd/Jc/Th:-100,100(-100.000000)
73:Player,BR:0cr200c/r390c/cc/cc:TcJs,9sKs|/4d8dKh/Jc/2h:-690,690(-667.685630)
74:BR,Player:0f:4s6d,2h6s|:50,-50(50.000000)
75:Player,BR:0cc/cc/cc/cc:4h9s,2sKc|/5s8dQs/5h/Kd:-100,100(-78.867457)
76:BR,Player:0r130c/cc/cc/cr299f:4h6c,8dJd|/3sTcKd/2s/9d:-230,230(-230.000000)
77:Player,BR:0cc/cc/cc/cc:2s5d,ThTd|/2d3dJc/4c/9d:-100,100(-88.509786)
78:BR,Player:0r200c/cc/cr150c/cc:QsAh,7cQd|/7dTdJh/5d/6s:-450,450(-450.000000)
79:Player,BR:0cr200c/r390c/r2070f:AsAc,5dTc|/2c7cJc/8c:690,-690(690.000000)
80:BR,Player:0f:5c7h,4d9s|:50,-50(50.000000)
81:Player,BR:0cr300c/r520c/cc/r184f:7h7c,QhAc|/2h6hKs/2d/8c:920,-920(920.000000)
82:BR,Player:0r130c/cr299c/cc/cr1058f:8hKh,3sJc|/4s6sJd/7d/6h:-529,529(-529.000000)
83:Player,BR:0cr200c/r600c/r1170f:7sAh,5dQh|/5cJdAc/7c:900,-900(900.000000)
84:BR,Player:0r130c/cc/cr299c/cc:2d7h,7dQh|/2s3dKh/6h/Td:529,-529(28.393761)
85:Player,BR:0cr130c/cc/r115c/cc:6sKc,2sQs|/2d8h9h/4h/Ah:-345,345(98.147299)
86:BR,Player:0r130c/cc/cr299c/cc:4dAd,5cJs|/3s9hAh/4c/9s:529,-529(529.000000)
87:Player,BR:0cc/cc/cc/r130c:2c9d,7cAc|/3s4d8d/7s/6d:-230,230(-94.016749)
88:BR,Player:0r130c/cr299f:3cTd,5dAs|/4d7cAh:-230,230(-230.000000)
89:Player,BR:0cc/cc/cc/r130c:3hQh,8hAc|/3s6dAd/9h/9d:-230,230(-195.837296)
90:BR,Player:0r300f:4h9d,7hJc|:-100,100(-100.000000)
91:Player,BR:0cr600f:7s8s,4sJc|:100,-100(100.000000)
92:BR,Player:0r130c/cc/cr299c/cc:5h9s,2c8c|/3h4dAh/5c/7s:-529,529(252.033824)
93:Player,BR:0cr200c/r390c/cc/cc:5s6d,3cJs|/2c9sAc/Qc/Td:-690,690(-364.866970)
94:BR,Player:0r130c/cc/cr115c/cc:3h7h,7s9d|/2d4s5c/Jd/7c:-345,345(223.983434)
95:Player,BR:0cr600f:2cAc,4c7d|:100,-100(100.000000)
96:BR,Player:0r130c/cc/cr115c/cr690f:QdKs,8dAh|/5sAdAc/Jd/3c:-345,345(-345.000000)
97:Player,BR:0cc/cc/r130c/cc:5dJd,ThAd|/2c3sAh/7c/As:-230,230(-227.112896)
98:BR,Player:0r130c/cc/cr299f:3s4h,6dQh|/8cTdKs/Qc:-230,230(-230.000000)
99:Player,BR:0cc/cc/r130c/cc:5c8s,6cJc|/3d4h5s/Qh/2s:-230,230(-213.128594)
100:BR,Player:0r130c/cr299c/cc/cr1058f:4sKh,5d9c|/2h8d9h/Jc/5h:-529,529(-529.000000)
101:Player,BR:0cr200c/cc/cc/r390f:7cAc,3c7d|/4c6hTh/7h/Qc:300,-300(300.000000)
102:BR,Player:0r130c/cr299f:2c6d,9hKh|/4c9cQh:-230,230(-230.000000)
103:Player,BR:0cc/cc/cc/cc:6cAd,4d7c|/TsJsQh/6d/5h:100,-100(74.902331)
104:BR,Player:0r130c/cc/cc/cc:6dQc,TdAh|/3d6c8d/Kc/7s:230,-230(206.222062)
105:Player,BR:0cc/cc/r200c/r600f:6sTs,4s4d|/9sQdKs/8s/8d:300,-300(300.000000)
106:BR,Player:0r130c/cr299c/cr687c/cc:3d4c,6sAc|/4s5sTd/Jh/Kd:1216,-1216(167.514284)
107:Player,BR:0cc/cc/cc/cc:4dKh,8sKc|/7h8cQh/3h/Ac:-100,100(-66.310560)
108:BR,Player:0f:JsQd,3c7s|:50,-50(50.000000)
109:Player,BR:0cr300c/cc/cc/r200c:6c7s,7hTh|/6h7cTd/Ks/Kc:-600,600(-510.018042)
110:BR,Player:0f:5h6h,2s9d|:50,-50(50.000000)
111:Player,BR:0cr130c/r299f:9cTc,2sJc|/4s7hQd:230,-230(230.000000)
112:BR,Player:0r130c/cc/cc/cc:6d7s,2hKh|/4s7d9d/Tc/Ts:230,-230(230.000000)
113:Player,BR:0cc/cc/cc/cc:7dQd,4sTh|/5hTsKc/4h/Kd:-100,100(-88.400084)
114:BR,Player:0r200c/cr390c/cr897c/cr3174f:TcKs,8sTs|/4h5s8h/8d/4d:-1587,1587(-1587.000000)
115:Player,BR:0cr130c/cc/r460f:QcKs,3s3c|/4sTcQs/Jd:230,-230(230.000000)
116:BR,Player:0r130c/cc/cc/cc:9sQc,6cAd|/3h7dJc/Ks/Jd:-230,230(-163.342985)
117:Player,BR:0cr600c/cc/r140c/r1092f:TdQd,5hQh|/3c7sKc/9c/Ks:840,-840(840.000000)
118:BR,Player:0r130c/cr299c/cc/cc:6dKc,JsQs|/7cTcAs/Th/7h:0,-0(-13.898044)
119:Player,BR:0cc/cc/r130f:6sTd,5s6h|/2c4d8s/Kh:100,-100(100.000000)
120:BR,Player:0cc/cr130c/cc/cr299f:3s4c,4hKc|/3dThKd/9d/6s:-230,230(-230.000000)
121:Player,BR:0cc/cc/cc/cc:9dJh,3sAs|/ThKsKc/3d/5s:-100,100(-48.022479)
122:BR,Player:0cc/cr130c/cc/cc:6h7s,4h9d|/6cThQs/Kh/2c:230,-230(135.561174)
123:Player,BR:0cc/cc/cc/r130c:2c8h,5dAd|/3c5h6s/Qc/Kh:-230,230(-37.116069)
124:BR,Player:0r200c/cc/cr390f:9hTc,5h6d|/4h6hAs/Ad:-300,300(-300.000000)
125:Player,BR:0cr300c/cc/cc/r200c:5c6c,6h8d|/5d7dKd/8c/4d:-600,600(-361.002585)
126:BR,Player:0f:5d6h,4h9d|:50,-50(50.000000)
127:Player,BR:0cc/cc/r130c/r299f:7hQs,3hQh|/2d5h6h/9d/5c:230,-230(230.000000)
128:BR,Player:0cc/cr200c/cc/cc:6dAh,3c5h|/JcKdAs/3h/Jd:300,-300(300.000000)
129:Player,BR:0cc/cc/cc/cc:6sQd,5s9s|/2s7c9h/4s/3h:-100,100(-83.865041)
130:BR,Player:0r130c/cr299c/cr1058f:8h9s,JhJc|/4s4c7s/2h:-529,529(-529.000000)
131:Player,BR:0cr200f:8cKh,2h7c|:100,-100(100.000000)
132:BR,Player:0r200c/cc/cc/cc:7dQc,4s8s|/JhKsKc/Jc/Jd:0,-0(-0.000000)
133:Player,BR:0cc/cc/cc/cc:5cTs,6cKh|/7s8dAc/3s/Tc:100,-100(17.293875)
134:BR,Player:0r130c/cr299c/cr1058c/cc:7sAd,9hQh|/3h4d4c/5h/8s:1587,-1587(-241.295741)
135:Player,BR:0cc/cc/cc/cc:2hAd,7dAh|/4h6sJs/Jd/3s:-100,100(-46.603884)
136:BR,Player:0cc/cc/cc/cr300f:2d3h,5hJh|/8cTdQd/Ac/9d:-100,100(-100.000000)
137:Player,BR:0cc/cc/cc/cc:2s4h,4sJd|/8dJcAh/8s/9d:-100,100(-69.400845)
138:BR,Player:0r200c/cc/cc/cc:8s9d,5hAh|/QsQcKd/2d/9h:300,-300(300.000000)
139:Player,BR:0cc/cc/cc/cc:4c5d,5h7h|/2s5sQd/Td/8c:0,-0(-54.995533)
140:BR,Player:0f:2sQd,2hJc|:50,-50(50.000000)
141:Player,BR:0cc/cc/cc/cc:6hAc,3cJs|/9sTsTd/Kc/Jh:-100,100(-26.230308)
142:BR,Player:0r200c/cc/cc/cc:6sKs,9sAd|/3s6hKd/Qd/2s:300,-300(300.000000)
143:Player,BR:0cr300c/cc/cc/cc:QdKd,QcAc|/2h2c9d/6c/Jh:-400,400(-339.058605)
144:BR,Player:0f:3sQc,2c9d|:50,-50(50.000000)
145:Player,BR:0cc/cc/cc/cc:8hKs,7d9d|/3dQhKd/5h/Qc:100,-100(64.463247)
146:BR,Player:0r130c/cr299c/cr264f:2cKd,3dJd|/3cThTd/5h:-529,529(-529.000000)
147:Player,BR:0cc/cc/r130c/r115c:2hQh,3h4s|/4h6dAh/Qs/4c:-345,345(-345.000000)
148:BR,Player:0r130c/cr460f:4cTc,4hKc|/6h7h9d:-230,230(-230.000000)
149:Player,BR:0cr600f:TsAc,3c4s|:100,-100(100.000000)
150:BR,Player:0r130c/cc/cr299c/cc:2h3h,7sJs|/4c7hKd/5h/As:529,-529(529.000000)
151:Player,BR:0cc/cc/cc/cc:6hQd,7dKd|/2s2d8h/8d/3s:-100,100(-55.991069)
152:BR,Player:0r130c/cc/cc/cr115f:QhAh,5dAd|/4d9cKh/5s/8c:-230,230(-230.000000)
153:Player,BR:0cr1200c/r1690c/cc/cc:7c9c,8hJd|/7dKhAd/Kc/5s:2990,-2990(-1978.478175)
154:BR,Player:0r130c/cr460c/cc/cc:2hAc,8d9d|/5d6hTs/9h/3c:-690,690(196.696221)
155:Player,BR:0cc/cc/cc/cc:4dQd,4s6d|/TcJsJd/8d/5c:100,-100(89.835951)
156:BR,Player:0r130c/cc/cr115c/cr2070f:3c7c,3d9d|/6s9hJd/9s/6d:-345,345(-345.000000)
157:Player,BR:0cc/cc/cc/r300f:2dKc,8dTs|/2hJsJh/Qc/Ks:100,-100(100.000000)
158:BR,Player:0f:4hQd,2d6s|:50,-50(50.000000)
159:Player,BR:0cc/cc/r130f:2sKc,2d4h|/5s5c8d/5h:100,-100(100.000000)
160:BR,Player:0r130c/cr299c/cc/cc:7hQd,5dAd|/2h5c7c/6h/6s:529,-529(435.218259)
161:Player,BR:0cr200c/cc/r150c/cc:QdKd,3c9s|/2c4h5c/Jd/Jh:450,-450(444.214320)
162:BR,Player:0r130c/cc/cc/cc:4dTh,7sAs|/2s3dKc/Jd/Kh:-230,230(-230.000000)
163:Player,BR:0cr300c/r520c/cc/cc:9hKc,8hQc|/2sJhJd/6s/4d:920,-920(593.912823)
164:BR,Player:0f:3sAs,2c4s|:50,-50(50.000000)
165:Player,BR:0cr200c/cc/r150c/cc:2h2c,2dQs|/4h4d7c/As/Kd:450,-450(169.024493)
166:BR,Player:0r200c/cc/cc/cc:3sKs,9s9d|/TcQcAh/8h/4c:-300,300(-146.405704)
167:Player,BR:0cc/cc/r130c/cc:3sJs,8hJd|/4h6hTs/7s/Td:-230,230(-100.290536)
168:BR,Player:0r200c/cc/cr390f:2c7c,4hJd|/8dThJc/6s:-300,300(-300.000000)
169:Player,BR:0cc/cc/cc/cc:2sTh,6d9c|/3h4sKh/Jd/Qs:100,-100(70.654802)
170:BR,Player:0r200c/cr390c/cr897c/cc:TdQd,4sKs|/4h4c6s/8s/5h:-1587,1587(-1010.541143)
171:Player,BR:0cc/cc/r130c/r460c:4sJd,2dKd|/8dAsAd/5d/7d:-690,690(-661.345392)
172:BR,Player:0r130c/cc/cc/cc:5cTs,6c7c|/6sKdAc/Qh/5h:-230,230(-91.133025)
173:Player,BR:0cc/cc/cc/cc:8dQs,4hKc|/6sQhQd/Qc/7d:100,-100(-62.386491)
174:BR,Player:0r130c/cc/cr299f:5d9h,JhKc|/4h6hQd/Kd:-230,230(-230.000000)
175:Player,BR:0cr130c/r299c/r1058c/cc:6sQs,QhQc|/3c5h7h/9c/Ac:-1587,1587(-1010.067435)
176:BR,Player:0cc/cr130c/cr299c/cr1587f:QcAh,2sKc|/2d3h8s/Ks/Kd:-529,529(-529.000000)
177:Player,BR:0cr300c/cc/cc/cc:QcAc,2cKc|/7c8dTd/Js/7h:400,-400(399.330233)
178:BR,Player:0cc/cc/cc/cc:JdAs,4s9d|/9cTdKh/7c/7d:-100,100(23.914729)
179:Player,BR:0cc/cc/cc/r130c:4cKd,3d5c|/9dJhQs/Ks/3h:230,-230(88.419265)
180:BR,Player:0r130c/cr299c/cc/cc:ThKh,6cJc|/4c6sQh/7d/8d:-529,529(-481.461559)
181:Player,BR:0cc/cc/cc/cc:3sKd,QhAs|/9dJhQc/4d/3h:-100,100(-94.983139)
182:BR,Player:0r200c/cr390c/cr1380c/cc:9sAd,8dJs|/KdKcAs/2c/9h:2070,-2070(2070.000000)
183:Player,BR:0cc/cc/r130f:9hKd,5d5c|/6cAsAc/9s:100,-100(100.000000)
184:BR,Player:0r200c/cc/cr390f:QhAs,ThKs|/6h6c9s/Ts:-300,300(-300.000000)
185:Player,BR:0cc/cc/r200c/cc:5dTc,4sJd|/4d7s9d/Kh/Jc:-300,300(-275.350443)
186:BR,Player:0r130c/cc/cr115c/cc:5c8h,6cAc|/2d7hKh/6h/Qc:-345,345(-345.000000)
187:Player,BR:0cr600f:QdAh,3hTh|:100,-100(100.000000)
188:BR,Player:0r130c/cr299c/cc/cc:2s9s,9dJs|/5hTsTd/3h/6h:-529,529(-395.205448)
189:Player,BR:0cr200c/cc/cc/r150f:6cAc,9dQh|/2s2d3h/Td/3d:300,-300(300.000000)
190:BR,Player:0cc/cr130c/cr690c/cc:3dKd,4s5c|/2s3c5s/Kc/8s:920,-920(920.000000)
191:Player,BR:0cc/cc/r130c/r115f:6cTc,QhKd|/3d5c6h/3h/9d:230,-230(230.000000)
192:BR,Player:0r130c/cc/cc/cc:2hKd,7d7c|/3s5sKs/8h/8s:230,-230(198.778962)
193:Player,BR:0cc/cc/cc/r130f:4sQs,2d6d|/4d8dAs/Ks/Kh:100,-100(100.000000)
194:BR,Player:0r130c/cc/cc/cc:6dJh,2s9s|/7h7cKd/7s/Ac:0,-0(-1.054676)
195:Player,BR:0cc/cc/cc/cc:3c8d,3sTh|/5cTdJh/9s/Jd:-100,100(-87.044538)
196:BR,Player:0f:2d6h,2s7c|:50,-50(50.000000)
197:Player,BR:0cc/cc/cc/cc:4dJd,7cTs|/3hKsAc/8d/6s:100,-100(73.130038)
198:BR,Player:0r200c/cc/cc/cr900f:3h7h,3cQh|/7sQcAd/Ah/2h:-300,300(-300.000000)
199:Player,BR:0cc/cc/r130c/r299c:8dQh,4h6s|/3d5cQc/6h/9s:529,-529(76.801650)
200:BR,Player:0r130c/cc/cc/cr299c:3h8c,TsQc|/7sJhKc/Js/Ac:-529,529(149.264802)
201:Player,BR:0cc/cc/cc/cc:3sAd,2sQs|/4h6s8c/Ts/Ah:100,-100(73.547199)
202:BR,Player:0r130c/cc/cc/cc:3c9c,5hKh|/6cJcAc/3d/3s:230,-230(230.000000)
203:Player,BR:0cc/cc/r130c/r299c:4h6c,6hAh|/5h9hKd/2d/Tc:-529,529(-312.289459)
204:BR,Player:0r130c/cc/cc/cr460c:TcJh,4c9c|/ThTdJc/As/5s:690,-690(687.343560)
205:Player,BR:0cc/cc/r130f:7cQh,4s6s|/9dQcKc/8s:100,-100(100.000000)
206:BR,Player:0f:2h4c,2s7h|:50,-50(50.000000)
207:Player,BR:0cc/cc/cc/r130f:2h5h,7dQh|/2sKdAh/6d/Ac:100,-100(100.000000)
208:BR,Player:0r130c/cc/cc/cc:5hAc,8sAd|/7hThJd/Td/Tc:0,-0(63.153850)
209:Player,BR:0cr300c/r520c/cc/cc:5s9d,JdKd|/2cJsQc/4h/6h:-920,920(-845.855934)
210:BR,Player:0r200c/cr900c/cr1560f:JdAh,8cQd|/5s9cTh/Qh:-1200,1200(-1200.000000)
211:Player,BR:0cc/cc/cc/cc:3dAs,8h8d|/3c6s9h/7c/Ts:-100,100(-94.953680)
212:BR,Player:0r200c/cr390c/cc/cr897c:4sAc,4c6c|/5s5h7c/5d/4h:0,-0(359.419648)
213:Player,BR:0cr200c/cc/cc/cc:3h3c,6cKs|/8d9hJh/4s/5h:300,-300(300.000000)
214:BR,Player:0r130c/cr299c/cc/cr687c:5hQc,ThKh|/2c5d9d/8d/Kc:-1216,1216(-429.111659)
215:Player,BR:0cr600f:2c4d,7d8s|:100,-100(100.000000)
216:BR,Player:0r130c/cr299c/cr264c/cc:5dTh,2c9c|/4d5s9s/3c/Jd:-793,793(-793.000000)
217:Player,BR:0cc/cc/cc/cc:4hTc,5s6c|/5c7d9s/4d/3s:-100,100(-93.372432)
218:BR,Player:0r200c/cc/cr600c/cr1800f:3d5h,6h7d|/4d6d8h/5c/4c:-900,900(-900.000000)
219:Player,BR:0cc/cc/cc/cc:4c7d,JhQh|/5h7cAc/Th/9h:-100,100(-99.238204)
220:BR,Player:0r130c/cr460f:2s7d,QcKd|/6c9dKs:-230,230(-230.000000)
221:Player,BR:0cr300c/cc/cc/r200c:5sQs,JsJh|/8c9h9d/5h/Tc:-600,600(-564.193130)
222:BR,Player:0r200c/cr390c/cc/cc:9sAd,8cTc|/4d6s8d/2s/5s:-690,690(-576.824556)
223:Player,BR:0cc/cc/cc/cc:2c7s,8s9c|/2d6hAd/3d/Th:100,-100(92.468193)
224:BR,Player:0r130c/cc/cc/cc:6c9d,3hAd|/6hKhKc/8s/7c:230,-230(207.433432)
225:Player,BR:0cr200c/cc/r600c/r450c:4d6h,4hKc|/2h2c3c/2s/Kh:-1350,1350(-1340.621617)
226:BR,Player:0r130c/cr299c/cr687c/cr3648f:8h9c,JdKd|/6hTdQc/9s/Js:-1216,1216(-1216.000000)
227:Player,BR:0cr200c/cc/cc/cc:6hKc,4hQs|/2c5h5d/7s/Qd:-300,300(-214.732531)
228:BR,Player:0r130c/cr460c/cc/cc:5hTh,2d2c|/4s4h9c/Kd/Qd:-690,690(-1.927808)
229:Player,BR:0cr300c/cc/cc/cc:4d4c,4sJc|/6h8hKd/9s/Ac:400,-400(400.000000)
230:BR,Player:0r130c/cr299f:5cJs,JdKd|/2d6c7d:-230,230(-230.000000)
231:Player,BR:0cc/cc/cc/r130c:4sKc,7d8c|/5d6cQd/Jc/Kd:230,-230(79.161968)
232:BR,Player:0r130c/cc/cc/cc:3cJd,4c6c|/ThQsKs/6s/8c:-230,230(-230.000000)
233:Player,BR:0cr200c/cc/r600c/cc:8dKd,5s6s|/2c3d5d/9c/2s:-900,900(-842.060748)
234:BR,Player:0r130c/cc/cc/cc:5hTs,7hAc|/4c5sJd/Kc/Td:230,-230(230.000000)
235:Player,BR:0cr130c/cc/cc/r115f:QcAc,JhAs|/3c5h7c/6d/Qs:230,-230(230.000000)
236:BR,Player:0cc/cc/cc/cc:3cAc,3s6h|/3d5cAs/4h/Qs:100,-100(100.000000)
237:Player,BR:0cc/cc/cc/cc:3c8c,4sTh|/2h4dJh/Kd/Td:-100,100(-89.890627)
238:BR,Player:0cc/cc/cc/cc:5h6h,9h9c|/5cJcAh/Kc/7h:-100,100(45.252485)
239:Player,BR:0cc/cc/cc/cc:7dQh,4cTd|/6h7s8h/3d/5d:-100,100(-66.743627)
240:BR,Player:0cc/cc/cc/cc:5hTd,6cAd|/5d7sQs/9h/Jd:100,-100(84.258092)
241:Player,BR:0cc/cc/r200f:7s8h,5h7h|/3c6s6h/Ks:100,-100(100.000000)
242:BR,Player:0f:TdQs,2c8d|:50,-50(50.000000)
243:Player,BR:0cc/cc/cc/cc:5cQh,3sAh|/4h7hJd/7d/2c:-100,100(-15.704195)
244:BR,Player:0r130c/cr299c/cr1058c/cc:ThJc,7hQs|/3dJhJd/8s/4s:1587,-1587(1587.000000)
245:Player,BR:0cr300f:TsAd,2h3h|:100,-100(100.000000)
246:BR,Player:0r130c/cc/cr115f:8h9d,6cTs|/ThKcAc/3h:-230,230(-230.000000)
247:Player,BR:0cc/cc/cc/cc:2d4c,8h9h|/6h9sKh/Td/Qs:-100,100(-18.380078)
248:BR,Player:0r200c/cc/cc/cr390f:3s5s,3c5c|/4h4c9h/Qd/Tc:-300,300(-300.000000)
249:Player,BR:0cc/cc/cc/cc:6sKd,7c9c|/2s8s8d/Ad/Tc:100,-100(94.656826)
250:BR,Player:0r200c/cr390c/cr2070c/cc:4s6s,4cKd|/6h8h8c/Jd/Ac:2760,-2760(2760.000000)
251:Player,BR:0cc/cc/cc/r130c:2d9h,6hTs|/2c9sTh/Qc/6s:-230,230(-216.931058)
252:BR,Player:0r130c/cr690c/cc/cr1196f:TsTd,QhAs|/8sJdAh/2d/5d:-920,920(-920.000000)
253:Player,BR:0cc/cc/r300f:4h6s,2s6c|/3h8dJs/7d:100,-100(100.000000)
254:BR,Player:0r130c/cr299c/cr1058c/cc:KdKc,9sJd|/2h7dTc/Qs/Td:1587,-1587(1583.290689)
255:Player,BR:0cc/cc/r130c/cc:7c8d,6c9h|/3sThJh/3h/7h:-230,230(-212.363755)
256:BR,Player:0r300c/cc/cc/cr520c:JhQc,5dTs|/3s8cKc/8s/6h:920,-920(319.628913)
257:Player,BR:0cc/cc/r200c/cc:4hKc,7hQd|/JsJhAh/Jd/2c:300,-300(235.655110)
258:BR,Player:0cc/cc/cr130f:3h7s,5hTs|/6sKhAd/9h:-100,100(-100.000000)
259:Player,BR:0cc/cc/cc/r130f:4dKh,2c5d|/6sThTc/Kd/Td:100,-100(100.000000)
260:BR,Player:0cc/cr200c/cr390c/cc:6dAd,5dTh|/2d4s7h/Td/6s:-690,690(-689.625130)
261:Player,BR:0cr300c/cc/cc/cc:JhAd,3cKh|/2c5c9c/Qc/Ts:-400,400(-288.527352)
262:BR,Player:0r130c/cr299c/cr687c/cc:6sKd,5dKh|/2h3c6h/Th/Qs:1216,-1216(262.739781)
263:Player,BR:0cr200c/cc/cc/cc:QhAd,7c9h|/3h8sJd/9d/3d:-300,300(-205.757733)
264:BR,Player:0r200c/cc/cr390f:5s5d,TdKh|/8hTcJd/7s:-300,300(-300.000000)
265:Player,BR:0cc/cc/cc/r130c:9hTs,4dJh|/2d7h8d/4h/7d:-230,230(-161.992666)
266:BR,Player:0r130c/cr299c/cr687c/cr3648c:TdQh,QcKh|/2s7dQd/Qs/7s:0,-0(-0.000000)
267:Player,BR:0cr130c/cc/r115c/r172f:9s9h,JdKc|/6c7dTs/6h/3s:345,-345(345.000000)
268:BR,Player:0f:TsTd,2d4c|:50,-50(50.000000)
269:Player,BR:0cr130c/cc/r299f:4hAh,6sQh|/6h8cAc/7h:230,-230(230.000000)
270:BR,Player:0r130c/cc/cc/cc:6cJc,8hAh|/7c9sKh/8d/6s:-230,230(-108.173628)
271:Player,BR:0cc/cc/r130c/r460c:3h7s,9cAd|/8sTdJs/6s/Jh:-690,690(-215.062538)
272:BR,Player:0r200c/cc/cr390c/cr1380c:7sJs,2d2c|/QdQcKs/2s/8s:-2070,2070(1714.978811)
273:Player,BR:0cr600c/r910c/cc/cc:2dTd,TcKd|/4h7dQs/Ac/7h:-1610,1610(-887.064879)
274:BR,Player:0cc/cc/cc/cr300f:TcKc,4d8c|/5h7hAc/4s/4c:-100,100(-100.000000)
275:Player,BR:0cc/cc/cc/cc:6h7s,3dJd|/4s4d6s/5s/9s:100,-100(97.058094)
276:BR,Player:0r130c/cc/cr115c/cr690c:4cJs,6d7s|/5cQsKc/5d/Jc:1035,-1035(931.313448)
277:Player,BR:0cc/cc/cc/cc:2c7h,QsAs|/5s7sAd/Th/7c:100,-100(-74.410372)
278:BR,Player:0f:JhKh,3c6d|:50,-50(50.000000)
279:Player,BR:0cr300f:7d8d,3h9c|:100,-100(100.000000)
280:BR,Player:0r130c/cc/cc/cr460f:5cTc,6s8s|/3c6d7c/9s/2h:-230,230(-230.000000)
281:Player,BR:0cr200c/r390f:8cAh,6h7s|/2s5sAc:300,-300(300.000000)
282:BR,Player:0r130c/cr460c/cc/cr897f:JhJc,3s4c|/TdTcAs/5d/2d:-690,690(-690.000000)
283:Player,BR:0cr600c/cc/r140c/r1092f:3sAs,7dQh|/JdJcAc/2s/7h:840,-840(840.000000)
284:BR,Player:0r130c/cr460c/cc/cc:5dJd,4s6d|/2c5sQh/Tc/Jc:690,-690(690.000000)
285:Player,BR:0cr600c/r1400c/cc/cc:2s6s,2cQc|/6dQhAs/Jd/Ac:-2100,2100(-1172.227008)
286:BR,Player:0r200c/cr390c/cc/cc:2sQd,4dAh|/5sTsJh/2c/8d:690,-690(397.547612)
287:Player,BR:0cc/cc/cc/r130c:8cJd,6h7d|/5s6cJs/5h/Ah:230,-230(63.173529)
288:BR,Player:0r130c/cc/cr299c/cc:JdQs,8dKd|/2s5d7h/6c/3d:-529,529(-162.310576)
289:Player,BR:0cc/cc/cc/cc:2h3h,6c9s|/2c8hJc/6d/Qd:-100,100(-66.854787)
290:BR,Player:0r130c/cr299c/cc/cc:4c5s,5hKc|/2d3d7d/7c/6h:529,-529(529.000000)
291:Player,BR:0cc/cc/cc/cc:3s5d,6cKs|/4d4cTc/9d/6h:-100,100(-66.641300)
292:BR,Player:0cc/cc/cc/cc:3d6d,TdKs|/5d6hAc/9c/4c:100,-100(100.000000)
293:Player,BR:0cc/cc/r130c/r299c:2sKh,8s8c|/7c8hKd/8d/6h:-529,529(-529.000000)
294:BR,Player:0cc/cr130f:5h6c,8hTc|/TsThQc:-100,100(-100.000000)
295:Player,BR:0cc/cc/cc/cc:2h7s,8dKs|/3h6hQs/Jh/8s:-100,100(-72.688442)
296:BR,Player:0r130c/cc/cr115c/cc:6h9h,8cQs|/8sThTc/9s/2s:345,-345(345.000000)
297:Player,BR:0cc/cc/cc/cc:ThQs,JdJc|/5s6c7d/6h/As:-100,100(-67.299805)
298:BR,Player:0r130c/cc/cr115c/cc:ThQc,TcKs|/5h9cAs/5c/4s:-345,345(-293.681936)
299:Player,BR:0cc/cc/r130c/r115f:2s9h,8s8h|/6d9cAc/Ad/Jd:230,-230(230.000000)
300:BR,Player:0f:4cJh,2c8s|:50,-50(50.000000)
301:Player,BR:0cr200c/r390f:8sQs,7hTd|/2h5s6s:300,-300(300.000000)
302:BR,Player:0r130c/cc/cr460c/cr897f:3cKh,7sJd|/9dThKd/8s/Qc:-690,690(-690.000000)
303:Player,BR:0cc/cc/cc/cc:4hJs,3c4s|/4dTdKd/5h/8s:100,-100(-15.277355)
304:BR,Player:0r200c/cc/cr600c/cc:JdQc,6hTc|/2d8sKh/8h/5s:900,-900(661.087367)
305:Player,BR:0cc/cc/cc/r130f:7cQc,8dTd|/3s3hJc/Qs/8s:100,-100(100.000000)
306:BR,Player:0r130c/cr299c/cr687f:2c8s,4hAh|/8hThQh/Qd:-529,529(-529.000000)
307:Player,BR:0cr300c/cc/r520c/r460f:5s9h,TdAs|/2h4h5h/5d/8h:920,-920(920.000000)
308:BR,Player:0r130c/cc/cc/cr299f:3s8d,7hTc|/TdJdQc/Js/8s:-230,230(-230.000000)
309:Player,BR:0cr200c/cc/r150c/r585c:QcAd,6cAs|/3h4dJc/3c/Ac:1035,-1035(140.991993)
310:BR,Player:0f:4dJd,3c8s|:50,-50(50.000000)
311:Player,BR:0cc/cc/r200c/cc:2c6d,7h9s|/3s4s4d/Qh/Jh:-300,300(-252.007252)
312:BR,Player:0cc/cr130c/cc/cc:3cTc,3d6h|/7s9dAc/9h/9c:230,-230(65.136878)
313:Player,BR:0cr300f:JdKs,3c5h|:100,-100(100.000000)
314:BR,Player:0f:7dJh,2s4h|:50,-50(50.000000)
315:Player,BR:0cr600f:8h9d,7sTd|:100,-100(100.000000)
316:BR,Player:0r130c/cc/cr299c/cr1058c:8dTs,KcAc|/8hTcQd/Ad/6c:1587,-1587(1502.815409)
317:Player,BR:0cr600f:KdAs,4sJd|:100,-100(100.000000)
318:BR,Player:0r200c/cr600c/cc/cc:2s7s,3sQc|/2h3c7d/7c/Ks:900,-900(900.000000)
319:Player,BR:0cr300c/r520f:TcKh,6dTs|/4c7hJc:400,-400(400.000000)
320:BR,Player:0f:3hQh,3d9s|:50,-50(50.000000)
321:Player,BR:0cr130c/r299c/cc/r105f:9hJh,8cKs|/7sThJd/7d/Qd:529,-529(529.000000)
322:BR,Player:0r200f:2s5c,TsKd|:-100,100(-100.000000)
323:Player,BR:0cr300c/cc/r200f:TsAc,7d9d|/3c8hKc/8d:400,-400(400.000000)
324:BR,Player:0r200c/cc/cc/cc:6cJc,4sTs|/4h7dAd/Qs/2h:-300,300(-300.000000)
325:Player,BR:0cr300c/cc/cc/r520c:2s4s,6c9h|/6dQsKs/6s/3s:920,-920(35.844770)
326:BR,Player:0r300c/cr520c/cr460c/cc:2sJc,6hJd|/2c6sKs/4h/7d:-1380,1380(-1380.000000)
327:Player,BR:0cr300c/cc/r200c/cc:KsAs,6h7h|/2s2d5h/Qh/5d:600,-600(297.637499)
328:BR,Player:0f:TcAc,2d7h|:50,-50(50.000000)
329:Player,BR:0cr600c/cc/cc/r350f:QhKs,TcQc|/2h9sAd/4h/Qd:700,-700(700.000000)
330:BR,Player:0r130c/cc/cc/cc:KsAs,8dQc|/3hKhKd/5s/7c:230,-230(230.000000)
331:Player,BR:0cc/cc/cc/cc:2sQc,4s4d|/3h9s9h/5c/Jd:-100,100(-90.347677)
332:BR,Player:0r130c/cc/cc/cc:JsKd,5sKc|/2d9hAh/Qh/6s:230,-230(-15.948739)
333:Player,BR:0cc/cc/r130c/cc:5h9c,6dKs|/4s4dKh/Ah/Js:-230,230(-198.352037)
334:BR,Player:0cc/cr300c/cc/cc:ThAh,4c9h|/3h6d7s/6c/2d:400,-400(310.983516)
335:Player,BR:0cc/cc/cc/cc:8cAs,3hTc|/3d6c7h/4c/4s:-100,100(-16.274077)
336:BR,Player:0r200c/cc/cc/cr390c:5hAh,5dQc|/4h8dKh/Qd/7c:-690,690(-229.234668)
337:Player,BR:0cc/cc/cc/cc:6hAd,8h9s|/2c5sJc/8s/4d:-100,100(-91.528505)
338:BR,Player:0r130c/cr299c/cr3174f:3sAs,QcKc|/2c4d6c/8d:-529,529(-529.000000)
339:Player,BR:0cc/cc/cc/cc:5cKs,7cAc|/7h9h9c/Qd/9d:-100,100(-70.070791)
340:BR,Player:0r130c/cc/cr115c/cc:2h4s,3hAd|/2s8sTs/3d/5c:-345,345(-297.729532)
341:Player,BR:0cc/cc/cc/r130c:8hKc,6hJh|/8dTcQs/5s/4h:230,-230(55.377623)
342:BR,Player:0r130c/cc/cc/cc:6dKd,3s3d|/4c6cTh/Qd/9c:230,-230(228.110588)
343:Player,BR:0cr200c/cc/cc/r150f:3s3h,3d6c|/7s9cTh/Ad/Ah:300,-300(300.000000)
344:BR,Player:0r130c/cc/cc/cc:TsQc,6sKd|/5s8cAs/2s/2c:-230,230(-187.980905)
345:Player,BR:0cr300f:4h7h,3d7d|:100,-100(100.000000)
346:BR,Player:0r200c/cr900f:2h9d,KdAc|/7sQdKc:-300,300(-300.000000)
347:Player,BR:0cr130c/r299c/cc/cc:7h8s,8dTs|/9hAhAc/Qd/7d:529,-529(369.436171)
348:BR,Player:0cc/cc/cc/cr200c:TdQh,3sTc|/2cJhAc/Qs/Kh:0,-0(113.305930)
349:Player,BR:0cc/cc/r130f:5cTh,5dJd|/4sTcQh/Td:100,-100(100.000000)
350:BR,Player:0r200c/cr390c/cr4140f:4dAd,7sTs|/4h5dJs/2s:-690,690(-690.000000)
351:Player,BR:0cr300c/r520c/r460c/r1794c:8hTh,8d8c|/5sJdQd/5c/5h:-3174,3174(482.927026)
352:BR,Player:0cc/cc/cc/cr130c:9h9c,2cTc|/3h6sKh/4d/8h:230,-230(152.051240)
353:Player,BR:0cr200c/cc/r390f:5s9h,4d7h|/8c9sQh/5d:300,-300(300.000000)
354:BR,Player:0r130c/cc/cr115c/cr690f:TdQd,6cAd|/5d9sAs/8s/8d:-345,345(-345.000000)
355:Player,BR:0cc/cc/cc/cc:3s7h,9hTc|/2c5dAd/9s/3c:-100,100(-78.451675)
356:BR,Player:0cc/cr200c/cc/cr900c:4hTh,9sJh|/5s8cAc/2c/4s:1200,-1200(1200.000000)
357:Player,BR:0cr600c/cc/r140c/r420c:JsJh,9dQd|/6sTdKh/5d/Jd:-1260,1260(-1260.000000)
358:BR,Player:0r130c/cr299c/cc/cc:4cTh,6h7c|/5cJcQd/Jd/Js:529,-529(331.342578)
359:Player,BR:0cc/cc/cc/cc:4h8c,4c8d|/6cJcQd/6s/5h:0,-0(78.682528)
360:BR,Player:0cc/cc/cc/cr130c:QhAh,QcKh|/3d5cJh/5d/Ad:230,-230(168.981596)
361:Player,BR:0cr200c/cc/cc/r150c:2sJc,JsAs|/4sKcAh/3d/6h:-450,450(-392.135193)
362:BR,Player:0f:7sKd,3h9d|:50,-50(50.000000)
363:Player,BR:0cr130c/r690c/r460c/cc:6dKc,QdKd|/3d7c9d/Ad/9s:-1380,1380(-1380.000000)
364:BR,Player:0r130c/cr299c/cr687c/cc:JdQh,5sKh|/3sThKd/Jc/8s:-1216,1216(-616.207363)
365:Player,BR:0cc/cc/cc/cc:2sJd,7sAd|/2c7cKc/8c/8d:-100,100(-11.088794)
366:BR,Player:0r130c/cc/cc/cc:8dJc,8cAh|/3s6hQd/3d/Js:230,-230(230.000000)
367:Player,BR:0cc/cc/cc/r130f:3d8c,JsKh|/4c6cAd/Ts/2s:100,-100(100.000000)
368:BR,Player:0r130c/cc/cr115c/cc:4hJs,5h7d|/7s8dKs/8c/4c:-345,345(92.992936)
369:Player,BR:0cc/cc/cc/cc:7cKs,4s6h|/8cQsAc/9d/Ts:100,-100(100.000000)
370:BR,Player:0cc/cc/cc/cr200c:3h8h,6c7h|/2hJdQh/4h/Ac:300,-300(300.000000)
371:Player,BR:0cc/cc/cc/cc:3cKs,2h8h|/6h8cQs/2s/2c:-100,100(-99.484969)
372:BR,Player:0r200c/cc/cc/cc:4hQs,3cQh|/9cJsAs/Qd/8d:0,-0(269.022184)
373:Player,BR:0cc/cc/cc/cc:2sKd,9dAc|/3d9sAh/7s/Kc:-100,100(-100.000000)
374:BR,Player:0r130c/cc/cr115c/cr1035c:2hJh,7d8d|/2sQsAc/4d/9c:1380,-1380(746.753412)
375:Player,BR:0cc/cc/cc/cc:3dJs,TcKh|/2c8cKs/4s/4h:-100,100(-77.372969)
376:BR,Player:0r130c/cc/cc/cr299f:2hTc,8hJd|/KsKhAc/5h/8d:-230,230(-230.000000)
377:Player,BR:0cc/cc/cc/cc:3cAh,8hQh|/3h6c7s/Kc/4c:100,-100(84.279875)
378:BR,Player:0r130c/cc/cc/cc:7hJh,3sAh|/4c8c9s/9c/7s:230,-230(230.000000)
379:Player,BR:0cr300f:2dTd,4d6h|:100,-100(100.000000)
380:BR,Player:0r130c/cc/cr115c/cc:QdAh,9sKs|/4s4cJs/Ad/Tc:345,-345(345.000000)
381:Player,BR:0cr300f:9dJd,2h4d|:100,-100(100.000000)
382:BR,Player:0r130c/cc/cr299f:3s7d,8cTh|/5h6sJc/Jd:-230,230(-230.000000)
383:Player,BR:0cc/cc/cc/cc:5cJd,5sJc|/3d6hKs/8s/Ad:0,-0(68.207574)
384:BR,Player:0r130c/cr460f:2h6s,3s4c|/ThTdKs:-230,230(-230.000000)
385:Player,BR:0cr300c/cc/r800f:6dAd,5h9d|/6s8s8c/4s:400,-400(400.000000)
386:BR,Player:0r200c/cc/cr390c/cr2070f:6cKh,4d6d|/3c9s9d/9c/4h:-690,690(-690.000000)
387:Player,BR:0cc/cc/cc/cc:6dJs,6h8h|/4h9hAs/Th/Qc:-100,100(-99.371400)
388:BR,Player:0r200f:2c7h,QhAs|:-100,100(-100.000000)
389:Player,BR:0cr200c/cc/cc/cc:9dKh,QsQd|/3c4cAc/2d/4s:-300,300(61.020258)
390:BR,Player:0r130c/cr690f:5h8c,7h7c|/7sTsKc:-230,230(-230.000000)
391:Player,BR:0cc/cc/cc/r130c:5hJc,JdAd|/3d5cQh/Kc/3h:230,-230(39.805320)
392:BR,Player:0r200c/cr390c/cr1380f:8h8c,2s7s|/5cJsKh/Qs:-690,690(-690.000000)
393:Player,BR:0cc/cc/r130c/cc:3h9h,5d7c|/3d4sAh/9c/Th:230,-230(230.000000)
394:BR,Player:0r130c/cr299c/cr687c/cr1580c:4s8h,5hJh|/5d7hJs/8c/Qd:-2796,2796(659.531458)
395:Player,BR:0cc/cc/cc/r130f:8hTc,9sTd|/6c8dQh/6s/Kc:100,-100(100.000000)
396:BR,Player:0r130c/cr299c/cc/cr687c:2hQh,KdKc|/5h8h9h/9s/7s:1216,-1216(1178.673667)
397:Player,BR:0cc/cc/cc/cc:2sKc,2hJd|/4cTdJs/9s/Ad:-100,100(-85.849761)
398:BR,Player:0r130c/cc/cc/cc:8cJh,4dAd|/5c6cQd/Th/7h:-230,230(-230.000000)
399:Player,BR:0cc/cc/cc/cc:ThQd,7cQc|/3d4sAd/Ac/8h:100,-100(-7.611606)
400:BR,Player:0r130c/cr460c/cc/cc:3c9d,2dQh|/3dJcKh/Ts/7c:690,-690(293.820931)
401:Player,BR:0cc/cc/cc/r300c:3s7d,5cAh|/2c8cAd/Kh/As:-400,400(-399.956829)
402:BR,Player:0f:4h6h,3d6s|:50,-50(50.000000)
403:Player,BR:0cc/cc/cc/cc:4dKc,6s9c|/9dTdJh/4s/Th:-100,100(-81.130757)
404:BR,Player:0r130c/cr299f:4h6c,7sTh|/JhJcQd:-230,230(-230.000000)
405:Player,BR:0cc/cc/cc/cc:4h5s,7cQs|/JdAdAc/Qd/3h:-100,100(-88.793549)
406:BR,Player:0cc/cr200f:2c8s,4d7h|/3c5h9h:-100,100(-100.000000)
407:Player,BR:0cc/cc/cc/r130c:5hAd,6c7h|/7cQhAh/3d/Th:230,-230(63.060936)
408:BR,Player:0r130c/cc/cc/cr460c:4cTh,KdAh|/4s5dQh/2h/5h:690,-690(233.404021)
409:Player,BR:0cr300c/cc/cc/r200f:QhQc,8hJh|/3s3d7s/7c/6c:400,-400(400.000000)
410:BR,Player:0r130c/cc/cc/cr460f:6hJh,8dKs|/7dTdJd/2s/2d:-230,230(-230.000000)
411:Player,BR:0cr200c/r390c/cc/cc:3s4h,6s7s|/5sTsJc/Qd/Ac:-690,690(632.173591)
412:BR,Player:0cc/cc/cr130f:2cTc,6h7s|/7cQdKh/5h:-100,100(-100.000000)
413:Player,BR:0cr600c/cc/cc/r910f:5h9c,6c8c|/6d9sJh/2d/3c:700,-700(700.000000)
414:BR,Player:0cc/cc/cr130f:2h6h,5c9c|/7d7cKd/3h:-100,100(-100.000000)
415:Player,BR:0cc/cc/r300c/r200c:3h7h,JdAd|/4s6sJc/6c/8c:-600,600(-600.000000)
416:BR,Player:0f:3c9d,2c9h|:50,-50(50.000000)
417:Player,BR:0cr600f:6s7s,5sJh|:100,-100(100.000000)
418:BR,Player:0cc/cc/cr130f:2sKc,4sQs|/2d3cAd/5d:-100,100(-100.000000)
419:Player,BR:0cr130c/r299c/r687f:QhKd,2cKc|/3s6cQd/9d:529,-529(529.000000)
420:BR,Player:0cc/cc/cr200c/cc:6dKh,5c8h|/7dJcQs/Ts/5s:-300,300(-223.565450)
421:Player,BR:0cc/cc/cc/r130c:4cTh,4h6d|/6sQsQh/4s/2c:-230,230(-130.404412)
422:BR,Player:0r130c/cc/cr299c/cc:4s5h,5dKd|/5sTcAs/Ah/4c:-529,529(55.628347)
423:Player,BR:0cc/cc/cc/cc:5dJs,3h9s|/4dTcKh/4c/Kd:100,-100(81.886678)
424:BR,Player:0f:7c9s,2d8c|:50,-50(50.000000)
425:Player,BR:0cr600c/cc/cc/r910c:2d6d,QcKh|/7h9cAh/7c/Kc:-1610,1610(-203.140149)
426:BR,Player:0r130c/cr299f:3sJc,2h8h|/4s5d9d:-230,230(-230.000000)
427:Player,BR:0cr300f:9dKd,2d8h|:100,-100(100.000000)
428:BR,Player:0r130c/cr299c/cr687f:7h9s,6sTh|/2cQcAs/Qs:-529,529(-529.000000)
429:Player,BR:0cr300c/r1200c/r3200c/r15200f:8s8c,QsAs|/8hKdAh/Ac/3s:4800,-4800(4800.000000)
430:BR,Player:0r130c/cc/cc/cr460c:7hJh,AsAh|/3d4h7s/5d/9d:-690,690(153.175246)
431:Player,BR:0cc/cc/cc/cc:9cTd,2s3s|/7s7hTs/Jc/Ac:100,-100(78.927560)
432:BR,Player:0r130c/cr299f:4h7c,9sQc|/2d9h9d:-230,230(-230.000000)
433:Player,BR:0cc/cc/cc/cc:3dJc,5d8c|/2c3c4s/Td/5c:-100,100(-77.982629)
434:BR,Player:0r130c/cc/cc/cc:2cAd,ThAc|/5h9dQd/4s/9h:-230,230(-69.919388)
435:Player,BR:0cr300c/cc/cc/cc:4s5c,2h2c|/6cJsAc/5d/8s:400,-400(81.990849)
436:BR,Player:0r130c/cr299c/cr1058f:3s7d,6hKs|/5h6dKd/Qs:-529,529(-529.000000)
437:Player,BR:0cc/cc/cc/cc:JhQs,2s6d|/3sJcQd/6h/Kc:100,-100(-36.382416)
438:BR,Player:0r300c/cr520c/cr1196f:QdKc,TsKs|/4h5s8s/Tc:-920,920(-920.000000)
439:Player,BR:0cc/cc/cc/cc:6hTs,7sTc|/4c7cJh/4h/5d:-100,100(-83.002886)
440:BR,Player:0r200c/cr390c/cc/cc:TcJd,7cJs|/2c5d9d/Qd/6s:690,-690(-395.783901)
441:Player,BR:0cc/cc/r130c/r115f:6dKh,TcAh|/3d6cQc/6s/5h:230,-230(230.000000)
442:BR,Player:0r130c/cc/cr299f:5d8d,4dKh|/4c6hAh/6s:-230,230(-230.000000)
443:Player,BR:0cr600c/cc/cc/cc:KdAh,TcAc|/5d9dQc/2d/4s:700,-700(334.347775)
444:BR,Player:0r130c/cc/cr115c/cr1035c:2dAs,5hJd|/7h7cKc/2h/8h:1380,-1380(774.259493)
445:Player,BR:0cr300f:QdAs,4h5d|:100,-100(100.000000)
446:BR,Player:0cc/cc/cc/cr200f:7h9s,4cJd|/6hJhKc/3h/8s:-100,100(-100.000000)
447:Player,BR:0cr200c/cc/r390c/r345f:6d9c,2sAc|/2d6sTd/9d/Jd:690,-690(690.000000)
448:BR,Player:0f:JsQs,3h7c|:50,-50(50.000000)
449:Player,BR:0cc/cc/cc/cc:2cQh,6h7h|/3c4hTc/8c/4s:100,-100(92.024426)
450:BR,Player:0r130c/cc/cc/cr460c:9sAs,9cJs|/4d4c6d/Td/7d:690,-690(-184.105545)
451:Player,BR:0cc/cc/cc/cc:5dJs,4c5h|/2c6dAh/Kc/2s:100,-100(100.000000)
452:BR,Player:0r130c/cc/cc/cr299c:4cQd,7s8d|/3h4s5c/3s/Ks:529,-529(-137.180741)
453:Player,BR:0cr300c/cc/cc/cc:TsKs,6h7d|/2c6dQc/3h/2h:-400,400(-237.151430)
454:BR,Player:0r130c/cr299f:2h6s,9dJc|/4s4cAc:-230,230(-230.000000)
455:Player,BR:0cc/cc/cc/cc:3cJs,2c4s|/2sQdAc/Kh/3h:100,-100(-5.414107)
456:BR,Player:0r200c/cr390c/cr897c/cc:2sJs,8sJc|/2d6d6c/Kh/2h:1587,-1587(1587.000000)
457:Player,BR:0cr600c/r4200f:KsKc,6cQd|/7dJdQh:700,-700(700.000000)
458:BR,Player:0cc/cc/cc/cc:8c9d,ThJh|/2d6sKc/6d/2h:0,-0(-23.619360)
459:Player,BR:0cr300f:2cTc,5c7d|:100,-100(100.000000)
460:BR,Player:0r130c/cc/cc/cc:9cQh,6hAd|/4s7dJs/Td/5d:-230,230(-221.820374)
461:Player,BR:0cc/cc/cc/cc:4dJh,QsKs|/7h9sTs/2h/Qd:-100,100(-82.314620)
462:BR,Player:0r200c/cc/cc/cc:KdAc,4sQs|/8s8hKc/Ad/7h:300,-300(300.000000)
463:Player,BR:0cc/cc/cc/cc:8cQs,5d9h|/9d9cTh/Jh/9s:-100,100(-100.000000)
464:BR,Player:0f:3c8c,3s9h|:50,-50(50.000000)
465:Player,BR:0cc/cc/cc/cc:2sTh,8sQs|/4hTsTc/Qd/Ac:100,-100(-75.425502)
466:BR,Player:0r200c/cr600c/cr1800f:4cQh,QsQd|/3h5hJc/3s:-900,900(-900.000000)
467:Player,BR:0cc/cc/r300c/r1200c:4cJc,7dKs|/4h6dJd/2d/Jh:1600,-1600(308.813235)
468:BR,Player:0r130c/cc/cr299c/cc:7hTs,6sQd|/5hThAd/7d/Ac:529,-529(478.656445)
469:Player,BR:0cr200c/cc/r150c/cc:8hAh,7sQc|/4sQsQd/9h/5d:-450,450(-422.837763)
470:BR,Player:0r130c/cc/cc/cr299c:TsAd,8s8h|/5h5cJd/Qc/Qs:-529,529(-136.488216)
471:Player,BR:0cr200c/cc/cc/cc:2h4h,7cAh|/4c6dAd/8d/As:-300,300(-261.642987)
472:BR,Player:0r130c/cr299c/cr264c/cc:4sJs,2hAh|/2s3d5c/6s/8c:793,-793(793.000000)
473:Player,BR:0cc/cc/cc/cc:3s6h,2h9c|/4sJhKd/Kc/Tc:-100,100(21.422482)
474:BR,Player:0r130c/cr299c/cr687c/cc:3hAd,5d8c|/2c7s8s/3d/Js:-1216,1216(-1136.322664)
475:Player,BR:0cr300c/cc/r800c/r600c:AhAc,5sKd|/3s7sTh/Jh/Qs:1800,-1800(1163.151108)
476:BR,Player:0r130c/cc/cc/cr299f:2h3h,6cKc|/8h8cTd/Ts/2c:-230,230(-230.000000)
477:Player,BR:0cr200c/cc/r390c/cc:3c6s,JhJd|/7c9cKc/As/Tc:690,-690(216.146703)
478:BR,Player:0r130c/cc/cr460f:2s4h,8cJc|/6c8dKs/Jd:-230,230(-230.000000)
479:Player,BR:0cc/cc/cc/cc:4d7d,3cTd|/6cJcAc/Ts/Tc:-100,100(-63.887540)
480:BR,Player:0r130c/cc/cr115c/cc:6sTc,5s7h|/2d7sQc/2s/Kh:-345,345(-345.000000)
481:Player,BR:0cc/cc/r130c/r115c:2dKc,4cJs|/9sQcKs/Jd/Jh:-345,345(62.374795)
482:BR,Player:0r130c/cc/cc/cc:TsKc,7dKh|/3s6dTh/Jc/2d:230,-230(230.000000)
483:Player,BR:0cr300c/cc/r520c/cc:7s9d,8dJh|/5h6hTd/3h/Qs:-920,920(170.668696)
484:BR,Player:0f:2cAc,2h5s|:50,-50(50.000000)
485:Player,BR:0cc/cc/r200c/r150c:4d8c,4sAd|/3c5c8d/2s/8s:-450,450(-152.083208)
486:BR,Player:0r130c/cc/cc/cr299c:2dKh,8cQc|/5sTsAs/Qd/Ks:529,-529(-151.872378)
487:Player,BR:0cr600c/cc/r350c/cc:8hJh,8c9h|/8dKdAs/Kc/Ts:0,-0(141.858725)
488:BR,Player:0r200c/cc/cr150c/cc:TcQs,QhKh|/3d3cAc/7c/Ad:-450,450(-60.210085)
489:Player,BR:0cc/cc/r130c/cc:8sJc,KdAd|/2cKsAh/Tc/3h:-230,230(-208.105699)
490:BR,Player:0r130c/cc/cr460c/cc:9hTc,6cKc|/3s6s9c/2h/Qc:690,-690(690.000000)
491:Player,BR:0cr300f:6h6d,3h6s|:100,-100(100.000000)
492:BR,Player:0r130c/cc/cc/cr299f:4hTc,JhAh|/8h9dKs/3s/5s:-230,230(-230.000000)
493:Player,BR:0cr130c/cc/r115c/cc:9cJc,8hAc|/3s4sKh/9d/2c:345,-345(281.219421)
494:BR,Player:0r130c/cc/cc/cr299f:3c4h,6d8c|/7dJdQc/8h/3s:-230,230(-230.000000)
495:Player,BR:0cr300c/cc/r520c/cc:2cKc,3dJc|/5c7s8s/4c/3h:-920,920(-881.309019)
496:BR,Player:0r130c/cc/cc/cc:6dJc,JsQd|/4cKcAs/9c/Ks:-230,230(-202.748908)
497:Player,BR:0cr200c/cc/r150c/r585f:QsQc,4h6c|/3s6hAd/2d/8c:450,-450(450.000000)
498:BR,Player:0r200c/cc/cc/cc:6cTd,9sAd|/2h4h8h/Jc/Qc:-300,300(-300.000000)
499:Player,BR:0cc/cc/cc/r130f:2hAh,3hKh|/5sTsTh/8c/5h:100,-100(100.000000)
500:BR,Player:0r200c/cr390c/cc/cc:5c8s,4c7h|/5s8h8d/Kd/7s:690,-690(690.000000)
501:Player,BR:0cc/cc/cc/cc:3s8h,7hAs|/4s9sQh/Qd/7d:-100,100(-74.795889)
502:BR,Player:0r200c/cr600c/cc/cc:4s6h,2hAs|/4h9hTs/8c/2c:900,-900(-111.424989)
503:Player,BR:0cc/cc/r130f:6h8c,2d5d|/3sTdJh/Js:100,-100(100.000000)
504:BR,Player:0r130c/cc/cc/cr460c:4cJs,QhQc|/3dTcKh/4s/2d:-690,690(240.225912)
505:Player,BR:0cc/cc/cc/r130c:4cTh,QcKh|/3cTcKs/2h/Ad:-230,230(-156.795876)
506:BR,Player:0cc/cc/cr130c/cr460f:9s9h,3hKc|/2h8dQc/Kd/Td:-230,230(-230.000000)
507:Player,BR:0cc/cc/cc/cc:4cKd,2h6h|/4sThJc/6d/7d:-100,100(-51.482524)
508:BR,Player:0r130c/cc/cc/cc:2s8c,5dAd|/2c7sJh/Jc/6h:230,-230(197.597841)
509:Player,BR:0cr300c/r520c/r1196f:9cTs,8sJh|/3s8h9d/2h:920,-920(920.000000)
510:BR,Player:0r200c/cr390c/cr897c/cc:QsAs,6d8d|/3dQcKc/2c/4h:1587,-1587(1587.000000)
511:Player,BR:0cr600c/cc/r2100f:9sQh,8hKd|/2c7h9h/Qd:700,-700(700.000000)
512:BR,Player:0cc/cc/cc/cr300f:3h4s,8s9h|/5cTdKs/2d/Kd:-100,100(-100.000000)
513:Player,BR:0cc/cc/cc/cc:4h9c,9dAh|/TdQcAc/8s/Tc:-100,100(-76.991059)
514:BR,Player:0r130c/cr299c/cr1058f:5s6c,5dJd|/5cJhKs/7h:-529,529(-529.000000)
515:Player,BR:0cc/cc/r130c/cc:4sJc,2dJd|/3d5h5c/8s/8d:0,-0(-9.012875)
516:BR,Player:0r200c/cr390c/cr1380c/cr6210c:3c5d,8h9h|/3s4h6c/Tc/4c:8280,-8280(1109.421461)
517:Player,BR:0cr200c/cc/r150c/cc:7sJd,3hKc|/6h7dKd/7h/6d:450,-450(-72.356496)
518:BR,Player:0r130c/cr299c/cc/cr687c:JhAs,5c8c|/7d9hJc/Kh/Th:-1216,1216(510.363065)
519:Player,BR:0cr300c/cc/r200c/r1800f:6s6h,2cKc|/6d8hKh/8c/2s:600,-600(600.000000)
520:BR,Player:0r130c/cr299c/cc/cc:4sKs,6s7s|/TsThJd/Qh/Tc:529,-529(118.459851)
521:Player,BR:0cr300c/cc/r520c/cc:2s4s,5hJc|/5c6s9c/Kh/8c:-920,920(533.076267)
522:BR,Player:0r200c/cr1800f:4s9d,5cTc|/7sQcAh:-300,300(-300.000000)
523:Player,BR:0cc/cc/cc/cc:3cJc,ThQs|/3d5dQd/Qc/Ad:-100,100(-61.224351)
524:BR,Player:0f:8sQs,2h6s|:50,-50(50.000000)
525:Player,BR:0cc/cc/cc/cc:2cKs,8sQd|/9sQcKd/3d/Ad:100,-100(-73.391077)
526:BR,Player:0f:3hJd,2d5h|:50,-50(50.000000)
527:Player,BR:0cc/cc/cc/r130c:2d7s,4dQs|/8hQcAc/7c/4s:-230,230(-199.281009)
528:BR,Player:0r200c/cc/cc/cc:7cQc,ThKc|/2d5cAs/4c/5h:-300,300(-300.000000)
529:Player,BR:0cr200c/cc/r600f:4h6c,3c6h|/2s7hKh/5c:300,-300(300.000000)
530:BR,Player:0f:5cKd,2dJc|:50,-50(50.000000)
531:Player,BR:0cr300c/r520c/r1196c/r423c:9dTs,9s9c|/4s4h8s/5h/Th:2539,-2539(1819.749466)
532:BR,Player:0cc/cr200f:2s6d,3d6h|/4h7sKh:-100,100(-100.000000)
533:Player,BR:0cc/cc/cc/cc:9sJc,QdKd|/4sKhKc/Js/2d:-100,100(-97.231204)
534:BR,Player:0f:JhKc,3sTd|:50,-50(50.000000)
535:Player,BR:0cr300c/cc/cc/cc:QcKh,8dAd|/3h4c5s/3d/2d:-400,400(-231.309184)
536:BR,Player:0f:6cTs,2c4h|:50,-50(50.000000)
537:Player,BR:0cr300c/cc/cc/r200f:KhAs,8sKd|/5c6sQh/3c/6d:400,-400(400.000000)
538:BR,Player:0r200c/cc/cr390c/cr2070f:5dJc,6s9s|/5c9d9c/Js/Kd:-690,690(-690.000000)
539:Player,BR:0cr200c/cc/r150c/cc:ThQh,KsKd|/3h9sAh/Jd/2s:-450,450(-273.905421)
540:BR,Player:0r130c/cc/cc/cr299f:2s9d,4cQs|/3hQdAd/2c/5h:-230,230(-230.000000)
541:Player,BR:0cr600c/cc/cc/r350f:7h7d,5sKd|/4sJdAc/As/2c:700,-700(700.000000)
542:BR,Player:0r300c/cc/cr520f:7h9h,6dJc|/2h3s5c/Ac:-400,400(-400.000000)
543:Player,BR:0cc/cc/cc/cc:4hJd,2d4s|/3s3cTd/5h/5d:100,-100(81.461970)
544:BR,Player:0r200c/cc/cc/cr390f:3s9s,KsKh|/6s8cAs/4d/Ad:-300,300(-300.000000)
545:Player,BR:0cr200c/cc/r150c/r225c:8sKh,5d9d|/TsTcAc/5h/8c:675,-675(439.801912)
546:BR,Player:0r130c/cc/cr115c/cr448c:4d5c,AsAd|/2s3sJc/6d/Jh:793,-793(793.000000)
547:Player,BR:0cc/cc/r130c/cc:2d5h,8dAh|/3sTcAs/5c/9c:-230,230(-163.913940)
548:BR,Player:0f:5sJs,2sJh|:50,-50(50.000000)
549:Player,BR:0cc/cc/cc/r130c:3dAh,7h7c|/3s9hQh/6c/6d:-230,230(-170.611612)
550:BR,Player:0cc/cc/cc/cc:7sJc,6sAh|/5dTsKd/Jd/5s:100,-100(80.663213)
551:Player,BR:0cr300c/cc/r520c/r1196c:7c8d,3sJh|/5h9sJs/As/Ks:-2116,2116(390.403410)
552:BR,Player:0r130c/cc/cr115c/cr448c:5cAd,JsQs|/7hJhAc/2s/Th:793,-793(367.016406)
553:Player,BR:0cr300c/cc/cc/cc:2h2c,JdAc|/7dQsKd/5c/3c:400,-400(53.454755)
554:BR,Player:0r130c/cr299c/cc/cc:6h6d,8cTd|/5s6cQc/8h/2h:529,-529(529.000000)
555:Player,BR:0cr300f:9dJc,2h7h|:100,-100(100.000000)
556:BR,Player:0r130c/cc/cc/cr299f:7c9c,2sAc|/3c5dAs/2h/3s:-230,230(-230.000000)
557:Player,BR:0cr300c/r800c/cc/r3600f:TcQs,9hTd|/3c5hQd/Qc/Ad:1200,-1200(1200.000000)
558:BR,Player:0r130c/cc/cr299c/cc:2sJh,5d8d|/2h2c9c/Kh/5h:529,-529(529.000000)
559:Player,BR:0cc/cc/cc/r130c:2h6c,4cKs|/3cJsQd/Qs/Kh:-230,230(-206.386730)
560:BR,Player:0r200c/cr390c/cc/cr897f:4h7s,9hJs|/7h9sJh/Jc/Qs:-690,690(-690.000000)
561:Player,BR:0cc/cc/cc/cc:2cTs,3d7s|/2s3h4c/Ac/8d:-100,100(-29.609263)
562:BR,Player:0r130c/cc/cc/cc:8hTd,KdAh|/4h6cTh/Qc/9h:230,-230(230.000000)
563:Player,BR:0cc/cc/cc/cc:3sAc,7cJd|/2c5d6c/3h/7d:-100,100(-76.493489)
564:BR,Player:0cc/cr200c/cr390c/cc:3d5s,9dQs|/3c5dJd/Qd/7s:690,-690(690.000000)
565:Player,BR:0cr200c/cc/cc/r150c:QsQh,8dKc|/8h9dTd/9h/7c:450,-450(113.355298)
566:BR,Player:0r130c/cr299c/cr687c/cr1580f:7dJh,9hQc|/3c6h6c/2d/5d:-1216,1216(-1216.000000)
567:Player,BR:0cc/cc/cc/cc:7hJc,7c8h|/2h2dTc/Qs/Jd:100,-100(63.494922)
568:BR,Player:0cc/cc/cr200f:9hTc,KsAh|/2s4d6c/Kd:-100,100(-100.000000)
569:Player,BR:0cc/cc/cc/cc:4dAc,ThJd|/9sTcQh/7h/Kh:-100,100(-96.737765)
570:BR,Player:0r130c/cc/cr460c/cr1380f:5sKh,8dAc|/7c9hJc/As/2d:-690,690(-690.000000)
571:Player,BR:0cr300c/cc/r200c/cc:8sQc,5dKs|/7s8cTd/Ac/4c:600,-600(543.317494)
572:BR,Player:0r130c/cc/cc/cr460c:8cJs,KhKd|/6hJhJc/Qh/8d:690,-690(690.000000)
573:Player,BR:0cc/cc/cc/cc:4c8d,JsKc|/9sJdKh/5h/Ah:-100,100(-96.132470)
574:BR,Player:0r130c/cc/cc/cr299f:4c8d,7dJs|/7h9hKs/4d/5c:-230,230(-230.000000)
575:Player,BR:0cc/cc/cc/r130c:6c8d,4s5h|/3h6sTh/9c/5s:230,-230(55.942868)
576:BR,Player:0f:2sQs,3h8d|:50,-50(50.000000)
577:Player,BR:0cc/cc/cc/cc:5sKh,3h5c|/2dJhQs/Ad/3d:-100,100(-59.220518)
578:BR,Player:0r130c/cc/cr115c/cc:5s5d,2h2d|/7hKdAs/Ac/Ah:345,-345(305.171755)
579:Player,BR:0cc/cc/r200c/r900f:6dQc,8c9d|/5h6h8d/6c/5c:300,-300(300.000000)
580:BR,Player:0cc/cr300c/cc/cc:QcKh,3hJd|/2h5cAs/Js/6d:-400,400(169.107480)
581:Player,BR:0cr300f:JdKd,3c4d|:100,-100(100.000000)
582:BR,Player:0f:6s9h,3h7s|:50,-50(50.000000)
583:Player,BR:0cr300f:2h4h,3d6d|:100,-100(100.000000)
584:BR,Player:0r130c/cr299c/cc/cc:3dAs,7s9c|/6hQdKh/8d/2d:529,-529(186.465683)
585:Player,BR:0cc/cc/r130c/r460f:8c9d,6dKh|/7s9hJh/Js/Tc:230,-230(230.000000)
586:BR,Player:0f:8dJc,2c6h|:50,-50(50.000000)
587:Player,BR:0cc/cc/cc/r130c:8hTd,5cKd|/5h6dQd/Ts/2h:230,-230(83.883146)
588:BR,Player:0r130c/cc/cc/cr460c:4dTc,3cQh|/2dJsQs/9h/9d:-690,690(-4.408120)
589:Player,BR:0cr300c/r520c/cc/r184f:9hJh,7c8s|/9sThKh/Tc/3s:920,-920(920.000000)
590:BR,Player:0cc/cc/cc/cc:4c9d,6sKh|/JcQsAs/Qh/4d:100,-100(76.856509)
591:Player,BR:0cc/cc/cc/cc:3cKc,6sJc|/2h5hKh/Qs/7s:100,-100(33.077308)
592:BR,Player:0f:9dJs,4c9s|:50,-50(50.000000)
593:Player,BR:0cc/cc/r300f:3h8h,5d8s|/JdQhAh/9c:100,-100(100.000000)
594:BR,Player:0r130c/cc/cr115c/cc:2hAh,4c5h|/3c4dAs/Ts/Td:345,-345(345.000000)
595:Player,BR:0cc/cc/cc/r130c:5d9d,3d8s|/4c5hTc/8d/2d:-230,230(-107.355939)
596:BR,Player:0r200c/cr390c/cr345c/cc:2sAh,8hJc|/2d4s5s/3s/6d:0,-0(-0.000000)
597:Player,BR:0cc/cc/r130f:3sTs,5hTh|/2h2cKc/9d:100,-100(100.000000)
598:BR,Player:0f:2hTd,3h6s|:50,-50(50.000000)
599:Player,BR:0cc/cc/cc/r130f:7hAs,5dJs|/4c6sKs/4h/4s:100,-100(100.000000)
600:BR,Player:0r130c/cr299c/cc/cc:TcQc,4dTs|/2h2c5d/4c/3d:-529,529(-287.711485)
601:Player,BR:0cr300c/cc/cc/cc:8sTs,7dJs|/8h9hQh/Kh/7s:400,-400(244.739073)
602:BR,Player:0f:TsAc,2dJs|:50,-50(50.000000)
603:Player,BR:0cr200c/cc/cc/r390c:6h7h,7cJs|/2d3d9s/7s/5h:-690,690(-647.882017)
604:BR,Player:0r130c/cc/cc/cc:8cJh,5hKs|/3cTcKc/7c/Qs:230,-230(230.000000)
605:Player,BR:0cc/cc/cc/r130c:6sJd,3sQd|/5c7hAd/7s/6d:230,-230(8.083383)
606:BR,Player:0r130c/cc/cc/cc:2sAc,5sQh|/4s6s9s/5c/3d:230,-230(230.000000)
607:Player,BR:0cr600c/r1400c/r1050f:JsJh,TcJc|/6sQdQc/7d:2100,-2100(2100.000000)
608:BR,Player:0r130c/cr299c/cr1058f:7hAc,9hAh|/8sJhQh/5h:-529,529(-529.000000)
609:Player,BR:0cr300c/cc/r200c/cc:JhAc,4cQd|/5s5h6c/8c/Ks:600,-600(600.000000)
610:BR,Player:0cc/cc/cr130f:2sJd,2dJs|/4d5hQd/9c:-100,100(-100.000000)
611:Player,BR:0cr600f:5sAh,4sJd|:100,-100(100.000000)
612:BR,Player:0cc/cc/cc/cr130c:3d7c,4h9s|/4c7hJs/Ac/3h:230,-230(227.952597)
613:Player,BR:0cc/cc/cc/cc:TsQd,6c7h|/2h3hKh/4d/6h:-100,100(-68.524377)
614:BR,Player:0r130c/cc/cr299c/cc:7dTc,3d8d|/3sThJs/9s/As:529,-529(63.327873)
615:Player,BR:0cc/cc/r130c/cc:9hTs,5sQs|/4c5d8s/6c/3c:-230,230(189.666297)
616:BR,Player:0r200c/cc/cr390c/cr897f:2s9c,4cQd|/3d7d9d/2d/7s:-690,690(-690.000000)
617:Player,BR:0cc/cc/cc/cc:9cTs,8cKd|/7h8dTd/Qd/4d:-100,100(-93.742400)
618:BR,Player:0r200c/cc/cc/cr900f:4s6h,TdJh|/4hQhAh/9h/Js:-300,300(-300.000000)
619:Player,BR:0cr300c/cc/cc/cc:QsQh,QdAh|/6hJdAd/As/2h:-400,400(-393.649535)
620:BR,Player:0r130c/cr299c/cr1058f:8hJc,9sJs|/2s3d5s/6s:-529,529(-529.000000)
621:Player,BR:0cc/cc/cc/cc:5sAc,2s2c|/9d9cKd/2h/7c:-100,100(-99.386040)
622:BR,Player:0r130c/cc/cc/cc:5hKd,4s4c|/QcKcAd/8h/Ks:230,-230(230.000000)
623:Player,BR:0cc/cc/cc/cc:2c4h,7s7h|/7c8hTs/3h/Td:-100,100(-98.423599)
624:BR,Player:0r130c/cc/cc/cc:8sJc,JsAd|/7h9hQc/7s/Ks:-230,230(-220.826909)
625:Player,BR:0cr200c/cc/r150c/r225f:5c9d,TcAc|/3c5h8s/4d/4h:450,-450(450.000000)
626:BR,Player:0r200c/cc/cc/cc:TdAc,5cQc|/6s8cKd/Ad/Tc:300,-300(300.000000)
627:Player,BR:0cc/cc/cc/cc:7h8s,3s5s|/4hTdKs/Qc/Ah:100,-100(91.752115)
628:BR,Player:0r130c/cc/cr299f:6c7c,3hAd|/3c9dTd/Th:-230,230(-230.000000)
629:Player,BR:0cc/cc/r130f:5h8s,6d8h|/4h7sKd/2c:100,-100(100.000000)
630:BR,Player:0r130c/cc/cc/cc:QdKc,6sKd|/9sQcAh/4h/3c:230,-230(230.000000)
631:Player,BR:0cc/cc/r200c/cc:3dQd,TcKd|/3c9h9c/9s/3s:0,-0(0.000000)
632:BR,Player:0cc/cr130c/cr299c/cr1058f:2dAh,5s7d|/5cKsAc/7c/6d:-529,529(-529.000000)
633:Player,BR:0cc/cc/cc/r300c:3sTc,4dKh|/5d8dTs/8s/3h:400,-400(-178.203874)
634:BR,Player:0r200c/cr390c/cr897c/cr3174f:6sQs,4d6d|/3d7hTc/9d/2d:-1587,1587(-1587.000000)
635:Player,BR:0cc/cc/r300c/cc:5sJc,2c8c|/6cQdKc/7c/4c:400,-400(-151.561388)
636:BR,Player:0r130c/cr299c/cc/cc:3cAs,4cKc|/JdQcKd/9s/2d:-529,529(-67.897871)
637:Player,BR:0cr300c/cc/r1200c/r2080c:TsJs,7dTd|/3h8dQc/9c/Jh:0,-0(-1445.189329)
638:BR,Player:0r300c/cc/cc/cr200f:8sAh,4d4c|/6d6cQd/Jh/6h:-400,400(-400.000000)
639:Player,BR:0cr200c/cc/r600f:9dAc,4s9c|/QhQdAd/8h:300,-300(300.000000)
640:BR,Player:0r200c/cr390c/cr2070c/cr8280f:9dQd,JhAd|/3dAsAc/Qc/2h:-2760,2760(-2760.000000)
641:Player,BR:0cc/cc/cc/cc:4s7d,4cJc|/2c7sKs/2h/Kd:100,-100(29.492855)
642:BR,Player:0r130c/cc/cc/cr460f:3d4h,9sJd|/2hQdAh/7c/Ts:-230,230(-230.000000)
643:Player,BR:0cc/cc/cc/cc:6cJd,6s9d|/3h8cAd/Ts/2h:100,-100(86.096115)
644:BR,Player:0r130c/cc/cc/cc:7dAs,TdQd|/2c3cAc/8d/2s:230,-230(230.000000)
645:Player,BR:0cc/cc/r130f:4hTc,6s8d|/2s3c9c/As:100,-100(100.000000)
646:BR,Player:0r130c/cr299c/cc/cc:2d3h,7h9s|/3c4dAh/3d/6d:529,-529(529.000000)
647:Player,BR:0cr200f:7sAd,2h3c|:100,-100(100.000000)
648:BR,Player:0r200c/cr390f:4hTd,JhKc|/3s7cKh:-300,300(-300.000000)
649:Player,BR:0cc/cc/r200c/r390c:5dQs,JsJc|/6s7c9d/4d/5h:-690,690(-198.380127)
650:BR,Player:0r130c/cr460c/cc/cc:6cTc,5s7s|/9s9hQc/Ah/Qs:0,-0(-0.000000)
651:Player,BR:0cc/cc/cc/r130f:6h8d,4h6c|/5h8cTd/9c/Ts:100,-100(100.000000)
652:BR,Player:0r130c/cc/cc/cr299f:4cTc,7cKc|/6d7dJd/3s/6c:-230,230(-230.000000)
653:Player,BR:0cc/cc/cc/cc:9cJs,JdQh|/2d4cAc/Kc/Qs:-100,100(-72.737647)
654:BR,Player:0r200c/cc/cr390c/cr2070f:KsKh,5cJc|/7cJhJd/Ts/2c:-690,690(-690.000000)
655:Player,BR:0cr200c/r390c/cc/r897f:9h9c,2cKs|/3s5s8h/Jd/Js:690,-690(690.000000)
656:BR,Player:0r200c/cr390c/cc/cc:6sAd,4hJd|/2cThKd/8c/7d:690,-690(134.479724)
657:Player,BR:0cr600f:KdAc,2h5h|:100,-100(100.000000)
658:BR,Player:0cc/cr130c/cr460f:9cTs,5d9d|/4h6dKs/6h:-230,230(-230.000000)
659:Player,BR:0cc/cc/cc/r130c:2sJd,6sKs|/4h7dAs/5d/Jh:230,-230(49.949168)
660:BR,Player:0cc/cc/cr130c/cc:5h8c,8sTd|/7d8dJc/3s/Qd:-230,230(-129.176603)
661:Player,BR:0cr600c/cc/cc/r140c:5s5c,8h8d|/2h3cKc/9c/Qs:-840,840(-233.766142)
662:BR,Player:0f:7s8s,4c9d|:50,-50(50.000000)
663:Player,BR:0cc/cc/r130f:4c6s,6hKd|/5sTcQh/8h:100,-100(100.000000)
664:BR,Player:0f:7sKd,4h9c|:50,-50(50.000000)
665:Player,BR:0cc/cc/cc/r130c:3d4s,JdAc|/5d6d8c/7d/4d:230,-230(-13.302545)
666:BR,Player:0r130c/cc/cc/cc:9hKd,JdAc|/4s6s9d/7s/Qc:230,-230(230.000000)
667:Player,BR:0cc/cc/cc/r130f:7d9s,9hJd|/7h8hQc/4d/3d:100,-100(100.000000)
668:BR,Player:0r130c/cr299c/cc/cc:5h9d,9cQh|/8hJsAd/5s/2s:529,-529(443.495119)
669:Player,BR:0cc/cc/cc/cc:9dAs,4s9s|/3d6h6d/Kd/4h:-100,100(-85.204127)
670:BR,Player:0r130c/cr299c/cr687f:6cAh,JcQs|/4s9hQh/8c:-529,529(-529.000000)
671:Player,BR:0cr300f:9cAd,2s9d|:100,-100(100.000000)
672:BR,Player:0r130c/cr299f:4s8s,6cKd|/3cQhKh:-230,230(-230.000000)
673:Player,BR:0cc/cc/cc/cc:3sQc,8sQd|/5d7c9c/3c/4s:100,-100(95.271797)
674:BR,Player:0r200c/cr600c/cc/cc:6cQc,5s8s|/4s4h8c/Jh/Qd:900,-900(900.000000)
675:Player,BR:0cc/cc/cc/cc:2h8d,3dTd|/5d8sAh/6d/7h:100,-100(100.000000)
676:BR,Player:0r130c/cr299f:2h7c,6dKh|/6cKdAc:-230,230(-230.000000)
677:Player,BR:0cc/cc/cc/cc:2h7d,2c3s|/5sJcAc/Tc/7s:100,-100(95.100166)
678:BR,Player:0r200c/cc/cc/cr390c:JcAd,5h8h|/4cQsQc/7c/3c:690,-690(689.331420)
679:Player,BR:0cr300c/cc/r520c/r460c:7d7c,KhKc|/4c5s6c/Jd/8d:1380,-1380(-550.917284)
680:BR,Player:0r130c/cr460f:2s7s,6hJh|/6s8h8c:-230,230(-230.000000)
681:Player,BR:0cc/cc/cc/cc:6cKd,7sKc|/4h5c8h/3d/Ah:-100,100(63.506588)
682:BR,Player:0r130c/cc/cr299c/cc:8s9d,2s3s|/2d6hTh/Tc/9s:529,-529(529.000000)
683:Player,BR:0cc/cc/cc/cc:7hAd,2cTd|/3sThJd/4h/6s:-100,100(-92.396852)
684:BR,Player:0r130c/cc/cc/cc:QsKs,ThKh|/2h4d8s/Ac/5d:230,-230(93.926385)
685:Player,BR:0cr200c/cc/r390c/cc:JhJd,KhAd|/3h6h7d/8h/5s:690,-690(280.928939)
686:BR,Player:0r200c/cr390c/cc/cc:4hTc,3s4d|/3hTsKh/Kc/Th:690,-690(690.000000)
687:Player,BR:0cr300f:5d6d,2s7c|:100,-100(100.000000)
688:BR,Player:0r130c/cr460c/cr2070c/cc:8cKc,7dAs|/5d7hAd/9d/2s:-2760,2760(883.129310)
689:Player,BR:0cc/cc/r130c/r115f:4s7c,TsJc|/2c3s7s/Qh/5h:230,-230(230.000000)
690:BR,Player:0r130c/cr299c/cc/cc:5dKh,TdAd|/2s2hJs/9s/Tc:-529,529(-281.494512)
691:Player,BR:0cc/cc/cc/r130c:5h9s,7hKc|/2c4sJd/Qd/4h:-230,230(43.190698)
692:BR,Player:0r130c/cr299c/cr1058f:5h9d,ThJd|/6s9hKh/4s:-529,529(-529.000000)
693:Player,BR:0cc/cc/cc/cc:4hJc,9dTs|/9hQsAs/8h/2c:-100,100(-83.865330)
694:BR,Player:0cc/cc/cr130c/cc:8cQc,4h7c|/3h4d9s/3c/Th:-230,230(-77.153674)
695:Player,BR:0cc/cc/cc/cc:5cQh,6cTd|/5sQcAh/Jh/Ks:-100,100(-94.189289)
696:BR,Player:0r130c/cr460c/cr1380c/cc:4s7d,6hKc|/7c8cJc/Js/8h:-2070,2070(-2070.000000)
697:Player,BR:0cr300c/cc/cc/cc:8hAc,4hKs|/2c3s4c/7s/Jc:-400,400(-213.225333)
698:BR,Player:0f:KhAd,2h9d|:50,-50(50.000000)
699:Player,BR:0cc/cc/r300c/cc:4d7c,8sQd|/3d5sAh/5h/Ks:-400,400(-376.314264)
700:BR,Player:0f:9cKs,3h6s|:50,-50(50.000000)
701:Player,BR:0cc/cc/cc/cc:7dJd,9dKs|/2s8dTc/Jc/Kh:-100,100(-86.341498)
702:BR,Player:0r130c/cr690c/cr1196c/cc:2h6c,5s9s|/2s5hQs/Th/9h:-2116,2116(226.309708)
703:Player,BR:0cc/cc/cc/r130f:6d7s,4d9d|/3d6cTc/5c/5h:100,-100(100.000000)
704:BR,Player:0r130c/cc/cc/cc:3s7h,5sAs|/4hTsQh/9d/2c:-230,230(-230.000000)
705:Player,BR:0cc/cc/cc/r200f:8sKh,5dKs|/2c8cKd/Jc/8d:100,-100(100.000000)
706:BR,Player:0r130c/cr690f:7dAd,JcAh|/4h8cJd:-230,230(-230.000000)
707:Player,BR:0cr130c/cc/cc/cc:5s5h,3h6h|/4c9sKc/4s/Ts:230,-230(230.000000)
708:BR,Player:0r200f:2s4h,6hAs|:-100,100(-100.000000)
709:Player,BR:0cc/cc/cc/cc:9hKc,5c7c|/8s9cQs/4d/7h:100,-100(-70.918703)
710:BR,Player:0r130c/cr299c/cc/cc:4cJc,4sJh|/3s3dAc/Qd/6c:0,-0(-162.235565)
711:Player,BR:0cc/cc/cc/cc:8dJs,3hQh|/2h3sAh/7s/Ks:-100,100(-53.607634)
712:BR,Player:0r130c/cr299c/cc/cc:2s6d,5d8s|/6s9cAd/6c/9d:529,-529(529.000000)
713:Player,BR:0cr600c/cc/cc/cc:TcKc,4sAc|/6hKsAd/6c/4c:-700,700(-699.432570)
714:BR,Player:0r200c/cr390c/cr897c/cr2063c:7hJd,KhKc|/2s5h7s/3d/3s:-3650,3650(-1053.076780)
715:Player,BR:0cr130c/r299c/cc/cc:TsKc,9cKs|/4d7dQh/5s/9d:-529,529(-413.478905)
716:BR,Player:0f:2sQs,2cTs|:50,-50(50.000000)
717:Player,BR:0cc/cc/r200c/cc:3dTs,8sQs|/7hQdKs/9h/2c:-300,300(-267.440734)
718:BR,Player:0r130c/cc/cc/cc:TcAs,3sAh|/2c9dQd/6h/7h:230,-230(-31.082655)
719:Player,BR:0cr200c/r390f:TcJh,2s9c|/6h7dQh:300,-300(300.000000)
720:BR,Player:0r130c/cr299c/cc/cr1058f:7dAd,6cTc|/5sQcKs/9h/3h:-529,529(-529.000000)
721:Player,BR:0cr200c/r390c/cc/cc:9cJd,4c6h|/2h4sTs/9h/6c:-690,690(-628.357387)
722:BR,Player:0r130c/cr299c/cr264f:QsAh,3h8h|/3cJdJc/7d:-529,529(-529.000000)
723:Player,BR:0cr300c/cc/r200c/cc:KdAd,8hKc|/2dTsQc/4d/5h:600,-600(508.159209)
724:BR,Player:0r200c/cr390c/cr897c/cr3174c:3cKs,4d6s|/4s4c7c/Jd/Kd:-4761,4761(-1552.849030)
725:Player,BR:0cc/cc/r130f:3c7d,2c6d|/4sTsTd/3d:100,-100(100.000000)
726:BR,Player:0r200c/cc/cr390f:6h9c,QdAd|/3s5hTs/As:-300,300(-300.000000)
727:Player,BR:0cr300c/cc/cc/cc:8cAc,9cQd|/4d6cKh/Js/2c:400,-400(400.000000)
728:BR,Player:0r200c/cr390c/cc/cr897c:7d7c,3s4s|/QhKdAs/6s/Jd:1587,-1587(694.097553)
729:Player,BR:0cc/cc/r130c/cc:4s6c,9sTc|/2d5hTd/Qd/Js:-230,230(-181.971970)
730:BR,Player:0r130c/cr299c/cr1058f:6sQh,5hAc|/3s4sJc/8c:-529,529(-529.000000)
731:Player,BR:0cr200c/cc/cc/cc:8dTd,7cJd|/8h9cTc/As/8s:300,-300(-290.873543)
732:BR,Player:0r130c/cc/cc/cr299f:6h7h,9hKh|/3h3c4d/Jd/9c:-230,230(-230.000000)
733:Player,BR:0cc/cc/cc/cc:9sQh,4c5s|/4s7dKc/Jd/Js:-100,100(-71.045949)
734:BR,Player:0cc/cr130c/cc/cr690c:TcJc,4c7h|/3h8dQs/3c/2c:920,-920(307.592711)
735:Player,BR:0cr300c/cc/cc/cc:QsAh,3h9h|/3c4d7s/2h/9d:-400,400(-381.802561)
736:BR,Player:0f:9dJh,4h9c|:50,-50(50.000000)
737:Player,BR:0cc/r200f:JcAh,6s7d|/9dQdAd:100,-100(100.000000)
738:BR,Player:0r200c/cr600c/cc/cc:3d8d,JcKc|/5c7s8h/As/9c:900,-900(519.089316)
739:Player,BR:0cc/cc/cc/cc:7sJh,5d8d|/7c9sAc/As/Kd:100,-100(84.107847)
740:BR,Player:0r130c/cr299c/cc/cc:6hQc,6sQh|/4d5sTd/8c/4h:0,-0(-471.222390)
741:Player,BR:0cc/cc/cc/cc:9hJc,8sTc|/2d6d7s/8h/Qs:-100,100(-85.773527)
742:BR,Player:0cc/cr130c/cc/cr299c:KsAh,2dQc|/3c9dTc/Js/3s:529,-529(-2.712499)
743:Player,BR:0cr130c/cc/r115c/cc:JcAs,4s4h|/5sQsQh/7s/2d:-345,345(-142.590084)
744:BR,Player:0r300c/cr520c/cr1196c/cr17884c:JsJd,5sTd|/5h5cQh/Th/Jc:20000,-20000(20000.000000)
745:Player,BR:0cc/cc/cc/cc:5dTd,7dAc|/8hJsKc/9d/6h:-100,100(-2.864441)
746:BR,Player:0r200c/cr600c/cc/cc:KhAc,TsAd|/4s5s6d/3d/Th:-900,900(-465.222510)
747:Player,BR:0cr200c/cc/cc/cc:9sKs,4c6c|/3cQhAs/2d/3d:300,-300(300.000000)
748:BR,Player:0r130c/cr299f:5c8h,QsKd|/2c7dQc:-230,230(-230.000000)
749:Player,BR:0cr300f:JhJc,4c7h|:100,-100(100.000000)
750:BR,Player:0r200c/cr600c/cr1800c/cc:6s9s,3s5c|/2cJsKh/4s/Tc:2700,-2700(1290.423734)
751:Player,BR:0cr600c/cc/r350c/r2100c:7h8h,8dQd|/3s3h4s/8s/4h:-3150,3150(-2591.857213)
752:BR,Player:0r130c/cc/cr460c/cr897f:KhKc,4hJd|/8d9dTh/6h/Qs:-690,690(-690.000000)
753:Player,BR:0cr300c/r520f:JdQh,4h8h|/5hTdQc:400,-400(400.000000)
754:BR,Player:0r130c/cr299c/cc/cc:3sJd,2sQc|/4s9sTh/6c/Kc:-529,529(-493.102969)
755:Player,BR:0cc/cc/cc/cc:3s5d,3d6h|/5c9hJs/3h/Qc:100,-100(4.215882)
756:BR,Player:0r130c/cr299f:3s4h,9sAh|/2cJsJh:-230,230(-230.000000)
757:Player,BR:0cc/cc/cc/r300c:6h8s,5cQh|/3s8dAs/6s/Qc:400,-400(-91.605925)
758:BR,Player:0r130c/cc/cr299f:2c9h,6cJh|/6s7sKc/Js:-230,230(-230.000000)
759:Player,BR:0cc/cc/cc/cc:3hQh,2sTc|/4h8s9s/4d/6s:100,-100(80.522996)
760:BR,Player:0cc/cc/cr130c/cr460f:8sQs,3c7c|/5sKhAc/5c/Qc:-230,230(-230.000000)
761:Player,BR:0cr300c/cc/r200c/r1800f:KdAs,8hQh|/3h4d9d/4s/Ah:600,-600(600.000000)
762:BR,Player:0r300c/cc/cc/cr520f:JdAh,5cTh|/TsKdKc/7d/Ks:-400,400(-400.000000)
763:Player,BR:0cc/cc/cc/r130c:7dAh,KdKc|/3d5d5c/7c/8d:-230,230(-187.921259)
764:BR,Player:0r200c/cr390c/cr897f:2dJs,5h8d|/4h5sKd/5d:-690,690(-690.000000)
765:Player,BR:0cr600f:8cJs,3c8s|:100,-100(100.000000)
766:BR,Player:0cc/cr130c/cr115c/cr690f:3hTh,5h9s|/5c9hTd/3d/5s:-345,345(-345.000000)
767:Player,BR:0cc/cc/cc/cc:4sAh,4dTc|/6dTdJc/2d/Qh:-100,100(-70.930778)
768:BR,Player:0r200c/cr390f:4c9d,5s6c|/3c6sKh:-300,300(-300.000000)
769:Player,BR:0cc/cc/cc/r200c:3d9c,KhAd|/2h4sKs/6d/8s:-300,300(-286.591653)
770:BR,Player:0r200c/cc/cr600f:5d6c,8dJh|/3c8hKh/2d:-300,300(-300.000000)
771:Player,BR:0cc/cc/r300f:4sQh,3d9d|/6hJcQd/7c:100,-100(100.000000)
772:BR,Player:0r130c/cc/cr299f:3s5c,4h5d|/4sJhAc/4c:-230,230(-230.000000)
773:Player,BR:0cc/cc/cc/cc:3d8s,TcKh|/QsAsAd/3c/7h:100,-100(-30.456288)
774:BR,Player:0r130c/cr460f:2h6c,TdQc|/3hJsAc:-230,230(-230.000000)
775:Player,BR:0cc/cc/r130c/r460c:3cJd,6cQs|/7s8hAc/Td/2h:-690,690(108.188232)
776:BR,Player:0r300c/cc/cr200c/cr1800c:3cAd,6cJh|/9h9cAs/5c/Qh:2400,-2400(2400.000000)
777:Player,BR:0cc/cc/cc/cc:2h9h,7dKd|/2c5h6c/Qc/7s:-100,100(-79.524808)
778:BR,Player:0r130c/cc/cr299c/cc:2d3h,7dJs|/3s4hKs/6s/Ad:529,-529(-69.496726)
779:Player,BR:0cc/cc/cc/cc:7hKc,5s8c|/3hQdAc/6s/4d:100,-100(95.922450)
780:BR,Player:0f:2cQd,3c8h|:50,-50(50.000000)
781:Player,BR:0cr200c/cc/r150c/cc:7s7h,8hQc|/2c4d5s/Qh/3h:-450,450(-192.221187)
782:BR,Player:0cc/cr130c/cc/cc:3c5d,7cTs|/2s5c8d/Kh/7d:-230,230(39.193364)
783:Player,BR:0cr600c/r910c/cc/cc:5s6h,KsKc|/JsJdQs/9d/Kd:-1610,1610(-1589.371953)
784:BR,Player:0f:2c4c,2h6d|:50,-50(50.000000)
785:Player,BR:0cc/cc/r130c/cc:5cJh,9cKc|/6s6d8d/8s/4s:-230,230(-118.783058)
786:BR,Player:0r200c/cc/cc/cc:4s7c,6d7d|/6s8dQh/Qd/Th:-300,300(-300.000000)
787:Player,BR:0cc/cc/cc/r130c:7sTd,6sKc|/2d8cAh/5h/Tc:230,-230(56.343770)
788:BR,Player:0r130c/cr460c/cr897f:9cTc,2hQh|/3c4hQc/Qs:-690,690(-690.000000)
789:Player,BR:0cr300f:7hAh,2s4h|:100,-100(100.000000)
790:BR,Player:0r130c/cr690c/cc/cc:8hQs,TsTh|/4d5s8c/Kh/9c:-920,920(63.668633)
791:Player,BR:0cc/cc/cc/r130c:7c8s,4dQc|/2c8c9s/2s/5h:230,-230(63.668091)
792:BR,Player:0f:8cKd,3s8d|:50,-50(50.000000)
793:Player,BR:0cr300c/r520c/cc/cc:9hQh,3cKh|/9cKsKd/Ad/Js:-920,920(-864.876350)
794:BR,Player:0r300c/cr520c/cr460f:6h8d,4dQs|/2s2h6d/Qc:-920,920(-920.000000)
795:Player,BR:0cc/cc/cc/cc:6dAh,4h7c|/3d9hQs/Qd/Kc:100,-100(74.044383)
796:BR,Player:0r130c/cc/cr115c/cc:9sTh,3h3d|/2h8sQh/Qd/9h:345,-345(345.000000)
797:Player,BR:0cr130c/cc/cc/r690c:8cTd,8sTs|/3h6hAc/5s/6d:0,-0(-60.560451)
798:BR,Player:0r130c/cr299c/cr1058f:9dJd,5cKc|/5s5d7c/6h:-529,529(-529.000000)
799:Player,BR:0cc/cc/cc/cc:6hKs,3h9s|/9cJdQc/Qd/7h:-100,100(-58.431419)
800:BR,Player:0r130c/cr299c/cr1058f:8cQd,TsAh|/6c9hTh/5h:-529,529(-529.000000)
801:Player,BR:0cr600c/r2100c/r3640f:JhJc,7hAs|/2s5h7c/8s:2800,-2800(2800.000000)
802:BR,Player:0r130c/cc/cr115c/cr690c:6sQd,6c8d|/3dJcKs/2c/7d:1035,-1035(1027.941652)
803:Player,BR:0cr300f:5d8c,2d6s|:100,-100(100.000000)
804:BR,Player:0f:5d8s,2s5h|:50,-50(50.000000)
805:Player,BR:0cc/cc/cc/cc:6cKd,4cJc|/2s2c4s/3s/Jd:-100,100(-82.248888)
806:BR,Player:0r130c/cr299f:2h5d,2dQd|/7d9sAs:-230,230(-230.000000)
807:Player,BR:0cc/cc/cc/cc:3hJc,5cKc|/5hAhAd/4d/Kh:-100,100(-71.902715)
808:BR,Player:0r130c/cc/cc/cc:9hQc,3d4d|/3cTcQs/Ah/Ts:230,-230(230.000000)
809:Player,BR:0cr300c/cc/cc/cc:KhKd,4h6h|/2c5c8h/Ac/3h:-400,400(-383.071632)
810:BR,Player:0r130c/cc/cc/cc:7c8d,6sJs|/JcKdAc/4h/4c:-230,230(-230.000000)
811:Player,BR:0cc/cc/cc/r130f:5dKs,4cJh|/4s5sQh/6d/6s:100,-100(100.000000)
812:BR,Player:0r130c/cc/cc/cc:2dQs,6d8d|/2hKcAh/6s/Qc:230,-230(230.000000)
813:Player,BR:0cc/cc/cc/cc:5dKh,4s4d|/4h7c8s/Jc/Ks:-100,100(-97.987070)
814:BR,Player:0r200c/cc/cc/cr600f:9dJh,7cTc|/2h5sAc/Ts/8s:-300,300(-300.000000)
815:Player,BR:0cc/cc/cc/cc:4dKh,3cQc|/4c5cQs/Td/6h:-100,100(-82.233926)
816:BR,Player:0cc/cr130c/cc/cr460c:3s3c,TdQh|/5d8sQd/3h/6s:690,-690(554.739929)
817:Player,BR:0cc/cc/cc/cc:7hQd,4hTh|/3sJsAh/As/3d:100,-100(64.788776)
818:BR,Player:0r200c/cr390c/cr4140c/cc:5c9c,2d7d|/5d6hKc/9s/Jh:4830,-4830(4830.000000)
819:Player,BR:0cr600f:JhAd,3d7h|:100,-100(100.000000)
820:BR,Player:0r200c/cr390c/cc/cc:6hJs,4cTc|/6sAhAd/Qd/2h:690,-690(459.529684)
821:Player,BR:0cr130c/r299c/cc/r1058f:3sAs,TdKc|/3c4h5c/Ac/9h:529,-529(529.000000)
822:BR,Player:0r130c/cc/cr299c/cc:3d7s,5dQd|/2h7cAd/Ts/7d:529,-529(529.000000)
823:Player,BR:0cr300c/r520c/cc/cc:6d8d,TsJc|/9hJdQh/3c/5h:-920,920(-743.456878)
824:BR,Player:0r130c/cc/cc/cr460f:4c8h,ThJd|/2s6dKd/Qs/3d:-230,230(-230.000000)
825:Player,BR:0cc/cc/cc/cc:2h6h,9dQh|/7s7cJs/3d/4d:-100,100(27.852246)
826:BR,Player:0r130c/cr299c/cc/cr687f:7sQd,JsKc|/2hTcJc/Th/3h:-529,529(-529.000000)
827:Player,BR:0cc/cc/cc/cc:3sKc,3d9h|/TsJcAc/5h/Js:100,-100(24.461818)
828:BR,Player:0r130c/cc/cr460c/cc:6d7h,2dTd|/3s5dTs/4h/9c:690,-690(690.000000)
829:Player,BR:0cr300c/cc/r520f:5s6s,5dTd|/2c4cAh/Qd:400,-400(400.000000)
830:BR,Player:0r200c/cr390c/cc/cc:TsQd,4hKd|/TcJhKc/Js/7h:-690,690(237.247563)
831:Player,BR:0cr200c/cc/cc/r390f:9cTc,2s3s|/4s5hKs/Td/8h:300,-300(300.000000)
832:BR,Player:0r130c/cr299c/cc/cc:3sJs,4c7h|/3d5dAc/3c/Qc:529,-529(529.000000)
833:Player,BR:0cc/cc/r200c/r390c:5c6s,7c8c|/TdKdAc/Ks/7s:-690,690(177.441122)
834:BR,Player:0cc/cc/cr130c/cr299c:9d9c,5cTh|/4d5h6s/7s/Qc:529,-529(529.000000)
835:Player,BR:0cr200c/r390f:5dAh,9cJd|/4s5cKs:300,-300(300.000000)
836:BR,Player:0r130c/cr299c/cc/cc:9cAd,2dQc|/5h8dTd/7c/2c:-529,529(-244.362515)
837:Player,BR:0cc/cc/cc/cc:3d7c,8sJc|/4s9sKd/4d/As:-100,100(14.241078)
838:BR,Player:0f:7hQh,3c7s|:50,-50(50.000000)
839:Player,BR:0cc/cc/cc/cc:3sJd,4s9d|/4h4dTh/7h/Kd:-100,100(-95.231186)
840:BR,Player:0f:4hKc,3cTs|:50,-50(50.000000)
841:Player,BR:0cr300c/cc/r520f:4sKs,9dTh|/3cQsAh/5h:400,-400(400.000000)
842:BR,Player:0r130c/cc/cr299c/cc:9h9c,5cQd|/7h7cKc/9d/4h:529,-529(529.000000)
843:Player,BR:0cr300c/cc/cc/cc:QcAc,QhKd|/4dQdKh/6d/7h:-400,400(-344.653661)
844:BR,Player:0cc/cr130c/cc/cc:7sQd,2dKc|/2s8d9h/9c/5h:-230,230(-32.527097)
845:Player,BR:0cc/cc/cc/r300c:2s6h,4sQh|/3c5c9h/Ac/Jd:-400,400(-73.914074)
846:BR,Player:0f:7c9c,3s6h|:50,-50(50.000000)
847:Player,BR:0cr600f:3c5d,2s7s|:100,-100(100.000000)
848:BR,Player:0r130c/cc/cc/cc:QhKc,2s2h|/3c8c9d/4d/As:-230,230(-85.110428)
849:Player,BR:0cc/cc/r130c/r115f:9sKd,8hTc|/5s8c9c/3h/6h:230,-230(230.000000)
850:BR,Player:0f:JdKs,2c9h|:50,-50(50.000000)
851:Player,BR:0cc/cc/r200c/r390c:2dAc,QdKd|/8cTsAh/9s/5d:690,-690(55.621872)
852:BR,Player:0r200c/cr390c/cc/cc:8hKc,7dAd|/4h5s7s/9s/4d:-690,690(31.599619)
853:Player,BR:0cc/cc/r130c/cc:6s9c,QdAh|/2c4dKh/2s/7s:-230,230(-108.887603)
854:BR,Player:0r200c/cc/cc/cr390c:JdQd,7sAs|/3c8d9h/6c/Tc:690,-690(690.000000)
855:Player,BR:0cc/cc/cc/cc:6sKd,8hQs|/2d8sTc/9c/2s:-100,100(-72.908148)
856:BR,Player:0r200c/cr390c/cr1380f:5s7c,3hQs|/4h8c9s/Kc:-690,690(-690.000000)
857:Player,BR:0cc/cc/cc/cc:8cTs,6cTd|/QcAhAd/Ks/2s:0,-0(25.890752)
858:BR,Player:0f:4c9s,2d8h|:50,-50(50.000000)
859:Player,BR:0cr300c/cc/r200c/r120c:3sQs,6dKc|/9dQcKd/2s/Ts:-720,720(75.837976)
860:BR,Player:0r130c/cr299c/cc/cc:2d7d,4hJd|/2c5d8c/Qc/8s:529,-529(186.761007)
861:Player,BR:0cr300c/cc/cc/r520f:TdAs,9sKh|/2c3d4s/Ad/8c:400,-400(400.000000)
862:BR,Player:0cc/cc/cc/cr130f:2s6c,4sJh|/7c9sKd/Jc/8s:-100,100(-100.000000)
863:Player,BR:0cr200c/cc/r600c/cc:7s8s,ThJh|/7c9sQs/6h/Ah:900,-900(523.151612)
864:BR,Player:0cc/cc/cr130c/cr690c:3cTs,4c8s|/9d9cAd/Tc/5s:920,-920(533.379573)
865:Player,BR:0cc/cc/cc/cc:2cQd,3cAc|/4c5hKd/Js/Td:-100,100(26.073742)
866:BR,Player:0cc/cc/cr300c/cr520c:QhKh,7cJc|/2s4c5d/6s/2h:920,-920(812.520456)
867:Player,BR:0cr130c/cc/r299f:TcQs,4h9c|/2d3c6s/Js:230,-230(230.000000)
868:BR,Player:0r130c/cc/cc/cc:9sKs,JsAh|/5hTdQh/2c/6d:-230,230(-196.200632)
869:Player,BR:0cr600c/cc/r350c/r1365c:KsKh,8dKc|/3h3d5d/Kd/6s:2415,-2415(188.966883)
870:BR,Player:0r130c/cc/cr460c/cc:7dAh,JhKc|/6hJsAs/4h/Th:690,-690(690.000000)
871:Player,BR:0cc/cc/r130c/r115c:6sAd,3h6h|/2h3s6c/7c/8d:-345,345(-334.159210)
872:BR,Player:0r200c/cr390c/cr897c/cc:TcQc,6s7c|/4sJhAs/3s/Kc:1587,-1587(1587.000000)
873:Player,BR:0cc/cc/cc/r300c:TsKh,4s7h|/9dQsKc/2h/Qd:400,-400(-14.522939)
874:BR,Player:0f:8dTh,3s8h|:50,-50(50.000000)
875:Player,BR:0cr600c/cc/r140c/cc:KcAc,4hAd|/2d3c8c/9d/Td:840,-840(840.000000)
876:BR,Player:0r300f:5d6c,9sKc|:-100,100(-100.000000)
877:Player,BR:0cc/cc/cc/cc:4sTc,3hQd|/7d8dTd/Jc/Jd:-100,100(-80.041747)
878:BR,Player:0r200c/cr600c/cc/cr1800c:9sJs,TcQh|/4c7d9d/Ad/5d:2700,-2700(488.729320)
879:Player,BR:0cc/cc/r300f:5sKc,6d8s|/2s7s7c/9h:100,-100(100.000000)
880:BR,Player:0r130c/cc/cc/cc:9hQs,2s9s|/5dQcAd/Ts/2d:230,-230(230.000000)
881:Player,BR:0cc/cc/r300c/r1200c:7cJd,5cQs|/6d7hAd/Jh/2s:1600,-1600(-605.043725)
882:BR,Player:0r130c/cr299c/cr687c/cc:2hAc,3d5d|/6hThQh/7d/8c:1216,-1216(-600.514188)
883:Player,BR:0cc/cc/r130f:8c9h,2d5s|/6h6d7d/Jh:100,-100(100.000000)
884:BR,Player:0r200c/cr390c/cc/cc:ThAs,5dQc|/6cJcQh/Ks/3d:690,-690(690.000000)
885:Player,BR:0cc/cc/cc/cc:ThJc,3s8d|/5s5dAd/6c/5c:100,-100(80.576714)
886:BR,Player:0cc/cc/cc/cc:3c6s,3dQh|/5d8d9d/Kc/Kh:-100,100(-100.000000)
887:Player,BR:0cr300f:QdAd,5d7c|:100,-100(100.000000)
888:BR,Player:0cc/cr130c/cc/cc:4sKc,5dTh|/3h9d9c/Ks/As:230,-230(223.179793)
889:Player,BR:0cr200c/cc/cc/cc:6sAd,4d8s|/3h7d9s/8h/6h:-300,300(-81.527770)
890:BR,Player:0r200c/cc/cc/cc:9cAc,6hJd|/6d7s8c/8s/Kc:-300,300(-65.166258)
891:Player,BR:0cc/cc/r200c/r900c:6d8c,9sAh|/5c9cAs/Ad/5h:-1200,1200(-1200.000000)
892:BR,Player:0f:5sJc,4s9h|:50,-50(50.000000)
893:Player,BR:0cc/cc/cc/cc:9hQc,JhQd|/6d7sTd/As/6c:-100,100(-4.517852)
894:BR,Player:0r130c/cr299c/cr687c/cr3648c:6cAc,QcAh|/TsJhKd/Td/6h:-4864,4864(60.862776)
895:Player,BR:0cc/cc/r130c/r460f:6hJh,3dJc|/7h9hTc/Td/Jd:230,-230(230.000000)
896:BR,Player:0r130c/cr299c/cc/cc:2c6h,5cTc|/6c9s9d/4d/Jd:529,-529(406.114294)
897:Player,BR:0cc/cc/r200c/r600f:5c6s,4sTs|/4h7hJh/Tc/3s:300,-300(300.000000)
898:BR,Player:0r130c/cr299c/cr687c/cc:2d4d,7hQs|/2c4h7c/3c/2h:1216,-1216(1216.000000)
899:Player,BR:0cr300c/cc/r1200c/cc:4c5d,7hQc|/3s3c6d/6h/Kh:0,-0(0.000000)
900:BR,Player:0r130c/cc/cr115c/cr448f:7s9s,6hQc|/3hQsKh/Ks/5d:-345,345(-345.000000)
901:Player,BR:0cr300c/cc/r200c/cc:8hAh,3cJs|/4h6sKc/3s/Tc:-600,600(29.012890)
902:BR,Player:0r200c/cc/cc/cr390f:8h9s,9hAc|/7s7dQd/4h/Ad:-300,300(-300.000000)
903:Player,BR:0cc/cc/cc/cc:4cKs,3dJc|/6h9s9d/9c/8s:100,-100(32.935200)
904:BR,Player:0r130c/cc/cc/cr299c:4dAd,5d7c|/2d7dTs/6d/9s:529,-529(529.000000)
905:Player,BR:0cr300f:8sTs,5h8c|:100,-100(100.000000)
906:BR,Player:0r130c/cc/cr460f:3cKc,4s7d|/2h5sJh/Qs:-230,230(-230.000000)
907:Player,BR:0cc/cc/cc/cc:7hTd,2s2d|/7sQhAh/Js/4d:100,-100(-1.196704)
908:BR,Player:0f:4s6s,2h4d|:50,-50(50.000000)
909:Player,BR:0cc/cc/r130f:6c7d,4cTc|/2h5hKh/9c:100,-100(100.000000)
910:BR,Player:0r130c/cc/cc/cc:3d4c,TsKs|/2sQdAh/5h/7h:230,-230(230.000000)
911:Player,BR:0cr600c/cc/cc/cc:2sJs,8s8c|/KhAhAc/7s/5h:-700,700(-513.056688)
912:BR,Player:0cc/cc/cc/cr130c:4cJh,8h9s|/ThQdAd/Jc/Qs:-230,230(165.289172)
913:Player,BR:0cc/cc/cc/cc:6c9h,7dJc|/8s9sQh/Js/4h:-100,100(-75.036514)
914:BR,Player:0r200c/cr390c/cc/cc:5h5c,6h7d|/2d4cQd/Ac/2s:690,-690(377.691630)
915:Player,BR:0cc/r130f:4sJs,5d9c|/3d8sJc:100,-100(100.000000)
916:BR,Player:0r200c/cc/cr150c/cc:2sAc,6d9d|/9hQdQc/Ts/Kh:-450,450(-386.213993)
917:Player,BR:0cc/cc/cc/r130c:5h8c,9s9h|/3sAhAd/2h/Kd:-230,230(-163.926702)
918:BR,Player:0r130c/cr299c/cc/cc:5cJc,2s2c|/QsQdAh/3h/5d:529,-529(498.419428)
919:Player,BR:0cc/cc/r130c/cc:3cQd,9cAd|/2c3s5s/Kd/4h:-230,230(-204.155303)
920:BR,Player:0f:5dQd,2h9c|:50,-50(50.000000)
921:Player,BR:0cc/cc/cc/r300f:7hJc,6h8s|/2sAdAc/4d/Jh:100,-100(100.000000)
922:BR,Player:0r130c/cr299c/cr687c/cc:3h3d,9cJc|/7h7dTs/5s/Ad:1216,-1216(835.008791)
923:Player,BR:0cc/cc/cc/r130f:2c6d,4sAc|/7sTsQs/Th/6c:100,-100(100.000000)
924:BR,Player:0r130c/cr460c/cc/cc:2d7h,9cKs|/2c8d9d/Qs/6s:-690,690(-265.961211)
925:Player,BR:0cc/cc/cc/cc:2c3c,QsAc|/7hQdKh/9h/3s:-100,100(-77.093646)
926:BR,Player:0r200c/cr600c/cc/cc:7s8h,5dJs|/3h4c8s/4h/Th:900,-900(537.079734)
927:Player,BR:0cc/cc/cc/cc:2hJc,8sTd|/2s7hAs/Th/9c:-100,100(-86.168655)
928:BR,Player:0r130c/cr299c/cr1058f:4sTh,6s7h|/5dJhKh/2s:-529,529(-529.000000)
929:Player,BR:0cr300f:JsQs,2h6d|:100,-100(100.000000)
930:BR,Player:0r130c/cc/cc/cr460c:5d8s,6s8c|/2sTdKd/3d/Qd:690,-690(-212.928421)
931:Player,BR:0cc/cc/r200f:4hQc,8cAd|/2d6sQh/Jd:100,-100(100.000000)
932:BR,Player:0r130c/cc/cr115c/cc:9hQd,5s9c|/2d4cAs/4h/2c:0,-0(-23.254481)
933:Player,BR:0cc/cc/cc/r130c:9hJc,4cAs|/3d5s6c/Kc/Ts:-230,230(42.513185)
934:BR,Player:0cc/cc/cc/cr130f:8hTs,8sTh|/5d6hJs/Ks/7h:-100,100(-100.000000)
935:Player,BR:0cr300c/r520c/cc/r1840f:8sTs,2sAd|/2h3s4h/Ac/7d:920,-920(920.000000)
936:BR,Player:0cc/cc/cc/cc:AhAd,4sTd|/4h8cJd/5s/Qd:100,-100(100.000000)
937:Player,BR:0cr200c/cc/r150c/cc:6hKc,2d6d|/3s3cKh/2c/9c:450,-450(-230.126813)
938:BR,Player:0r200c/cc/cc/cc:4c7s,3h3c|/8s8cTs/4h/Jd:300,-300(195.780386)
939:Player,BR:0cc/cc/cc/cc:2dQh,6d7d|/2s9hAs/Ah/Th:100,-100(81.431812)
940:BR,Player:0r130c/cr299c/cr687f:7dJd,6hTd|/5h8sTh/4s:-529,529(-529.000000)
941:Player,BR:0cr200c/cc/cc/r900c:3s5s,2dAd|/9cTdQc/Qh/8s:-1200,1200(-991.281239)
942:BR,Player:0cc/cc/cc/cc:3dKd,6cQs|/6hTsJc/Tc/Ks:100,-100(100.000000)
943:Player,BR:0cr200c/cc/cc/r600c:JsAd,3dKc|/6cJhKd/Kh/Th:-900,900(-629.848497)
944:BR,Player:0r130c/cc/cr299f:4dTs,6cJc|/5dKhAc/7s:-230,230(-230.000000)
945:Player,BR:0cr300f:KsAd,2c4c|:100,-100(100.000000)
946:BR,Player:0r300c/cr1200c/cr3200c/cc:6sKd,5c6c|/2h4d6d/Qc/8c:4800,-4800(2455.093291)
947:Player,BR:0cr300c/cc/cc/cc:TsAc,6s8s|/4h6d8c/4s/5h:-400,400(-256.983719)
948:BR,Player:0r130c/cc/cr115c/cr1035f:5sKs,5h9h|/4h6dQc/Qh/Kh:-345,345(-345.000000)
949:Player,BR:0cr600c/cc/r140c/cc:2c4s,TsAs|/6cTcQs/8d/2d:-840,840(-534.422037)
950:BR,Player:0r130c/cr299f:6d8s,2hKd|/2d7sKh:-230,230(-230.000000)
951:Player,BR:0cc/cc/cc/cc:5sTs,4sKh|/JdQhKd/Qd/Tc:-100,100(-41.753922)
952:BR,Player:0cc/cr130c/cr299c/cr1587c:6sQs,ThJd|/2c6hTd/5c/Ts:-2116,2116(1042.392212)
953:Player,BR:0cr200c/cc/cc/r150f:5dAc,9sJc|/4s4h8c/8s/Ts:300,-300(300.000000)
954:BR,Player:0r200f:2h4s,7dAd|:-100,100(-100.000000)
955:Player,BR:0cr200c/cc/r150c/r225c:3hAh,6hKh|/4s5s5d/2h/3c:-675,675(-533.864178)
956:BR,Player:0r130c/cc/cc/cc:3d9d,4h4d|/7sJcKd/Ad/7c:-230,230(-230.000000)
957:Player,BR:0cc/cc/r130c/cc:4s9s,8hJh|/6hKdKc/7c/Ac:-230,230(-106.821338)
958:BR,Player:0r130c/cc/cr460c/cc:5d8c,7h7d|/6d9cTd/5c/Ah:-690,690(-322.609425)
959:Player,BR:0cr130c/r299c/cc/cc:6sQs,6hAh|/2h9dTh/7s/9c:-529,529(-80.923078)
960:BR,Player:0r130c/cc/cc/cc:5dJd,JhAh|/2h9sKc/Jc/Qd:-230,230(178.579728)
961:Player,BR:0cc/cc/r130c/r460f:2d7d,8dQd|/4s7h7c/Ad/5c:230,-230(230.000000)
962:BR,Player:0r130c/cr299c/cc/cr687c:4sAs,JsJh|/4c6d9s/Kh/2d:-1216,1216(-461.336128)
963:Player,BR:0cr200f:KsAs,2h4d|:100,-100(100.000000)
964:BR,Player:0r200c/cc/cr150c/cc:7dAh,9sKc|/4cJhAs/Ac/Qh:450,-450(450.000000)
965:Player,BR:0cr200c/cc/r150f:QcAh,5c8c|/2h3sJc/Kd:300,-300(300.000000)
966:BR,Player:0r130c/cr299c/cc/cc:4h9c,6dKs|/3c6h9h/2h/5c:529,-529(529.000000)
967:Player,BR:0cc/cc/r130f:9cTh,4h6h|/2s3sJs/8d:100,-100(100.000000)
968:BR,Player:0r130c/cr299c/cc/cc:JdKc,5c9h|/7sQsAh/Js/3h:529,-529(529.000000)
969:Player,BR:0cc/cc/cc/cc:2d3c,3dKd|/3h4dQd/4s/9c:-100,100(-49.804445)
970:BR,Player:0f:3cTc,3s6h|:50,-50(50.000000)
971:Player,BR:0cr300c/r1200c/cc/r2080f:3h5d,4s4c|/5h6hTd/Ad/3c:1600,-1600(1600.000000)
972:BR,Player:0r130c/cr299c/cc/cc:7cAh,5d8c|/6dJdJc/6c/Kh:529,-529(369.695142)
973:Player,BR:0cc/cc/cc/r130c:2sJh,6sTc|/6c9cKd/Jd/3h:230,-230(59.915360)
974:BR,Player:0f:8dQs,2c8s|:50,-50(50.000000)
975:Player,BR:0cr300f:8c9d,5d6h|:100,-100(100.000000)
976:BR,Player:0r300f:3h8s,5sQh|:-100,100(-100.000000)
977:Player,BR:0cr130c/cc/r115c/cc:TsAd,6s8c|/3h3d9d/Qs/Kc:345,-345(309.231490)
978:BR,Player:0r200c/cc/cr600f:7h8h,7d8d|/4dTsJc/Kd:-300,300(-300.000000)
979:Player,BR:0cc/cc/r200c/cc:4h5s,2c4c|/2dJdAc/Ah/2s:-300,300(-287.414149)
980:BR,Player:0cc/cr200c/cc/cc:2d5h,4c8s|/2h7d8d/Td/Kh:-300,300(-182.051890)
981:Player,BR:0cc/cc/cc/cc:2hTc,3d3c|/6s7sAc/Ad/9s:-100,100(-53.694032)
982:BR,Player:0r200f:2s7c,3h5h|:-100,100(-100.000000)
983:Player,BR:0cc/cc/cc/cc:3s4c,4dQs|/7s8sJd/5d/5h:-100,100(61.683363)
984:BR,Player:0r130c/cc/cc/cr299f:6h9d,2h2d|/7c8hJc/Jh/2s:-230,230(-230.000000)
985:Player,BR:0cc/cc/r300c/r800f:7hJh,7s7c|/5dJcQs/Js/8c:400,-400(400.000000)
986:BR,Player:0r130c/cc/cc/cr460c:6h9c,2h9h|/QsKcAd/4s/6c:690,-690(113.646010)
987:Player,BR:0cr600c/r1400c/cc/cc:TsQs,KdAs|/4cJdQd/4h/3d:2100,-2100(901.889693)
988:BR,Player:0r200c/cr390f:3d5c,5hJc|/4c8c9d:-300,300(-300.000000)
989:Player,BR:0cc/cc/cc/cc:5cTh,5d9s|/3dTsKd/2h/4c:100,-100(96.567955)
990:BR,Player:0r300f:2s3h,3c9c|:-100,100(-100.000000)
991:Player,BR:0cc/cc/cc/r130f:5hJd,9hKh|/JhAsAh/4d/Qc:100,-100(100.000000)
992:BR,Player:0r200c/cc/cr390f:8d9d,6cKd|/4c7dKc/3d:-300,300(-300.000000)
993:Player,BR:0cr200c/r390c/r345c/cc:5sKh,6dTd|/2d3d4d/Ad/6h:-1035,1035(-621.415437)
994:BR,Player:0r130c/cc/cc/cc:7s8d,3h4d|/3s6cTd/9d/6h:230,-230(230.000000)
995:Player,BR:0cc/cc/cc/r200f:6dKs,5c6c|/4s9dTd/8d/Jh:100,-100(100.000000)
996:BR,Player:0r130c/cc/cc/cc:2sAh,7d9h|/5c8sAc/Kd/9d:230,-230(230.000000)
997:Player,BR:0cc/cc/r130c/r299c:5s7c,7hQs|/6cQdKc/9s/Jc:-529,529(163.755507)
998:BR,Player:0r130c/cr299c/cc/cc:5hAc,4s8s|/2sJdAd/8c/Ah:529,-529(529.000000)
999:Player,BR:0cr200c/r390c/r345f:7hAc,4cTd|/4sAsAh/8s:690,-690(690.000000)
1000:BR,Player:0cc/cc/cc/cc:2s5h,7s8d|/4c8sQd/Ad/4d:-100,100(-100.000000)
RAW BR STATS: n=1000, sum=11922.000000, sum_sq=1062605830.000000, vr_sum=19549.059778, vr_sum_sq=699957322.448452
BR STATS: 11.922000(63.887092), 19.549060(51.840987)
RESULTS
1)Player: -11922
2)BR: 11922
