In config file: GAME_DEF=game_def.fullholdem
In config file: ACTIONS_R0=F,C
In config file: ACTIONS_R1=F,C
In config file: ACTIONS_R2=F,C
In config file: ACTIONS_R3=F,C
Loading player: rgbr_nl_cprg.so
Player args: /home/viliam/cprg/project_uoapoker/trunk/src/c/meta_player.so /home/viliam/cprg/project_uoapoker/trunk/src/c/acpc14.map
Using seed 14.
1:Player,BR:0cr200c/cc/r600c/r450f:TsKh,4h4c|/2h7cKd/Qs/2c:900,-900(900.000000)
2:BR,Player:0r130c/cr299c/cc/cc:6c9h,9dJh|/4s5s9s/Ks/Kd:-529,529(14.052757)
3:Player,BR:0cc/cc/r130c/r460f:4hKd,5h9c|/3s6cTh/5d/2h:230,-230(230.000000)
4:BR,Player:0r200c/cr390f:4d6d,7s8s|/3dJsKs:-300,300(-300.000000)
5:Player,BR:0cc/cc/cc/cc:4dQh,8dTh|/5h7cKs/Ah/7s:100,-100(54.195766)
6:BR,Player:0r130c/cc/cc/cc:QhKd,8sAd|/3s3c4s/6h/Jh:-230,230(10.587403)
7:Player,BR:0cc/cc/cc/r200f:TsQh,3s9d|/5c8dKh/4d/Th:100,-100(100.000000)
8:BR,Player:0f:5hJh,2d8s|:50,-50(50.000000)
9:Player,BR:0cr600c/cc/r140c/r1092c:JsJc,7cKd|/6s6dKh/4h/Th:-1932,1932(-1328.792840)
10:BR,Player:0r130c/cc/cc/cc:4c8c,2sQs|/7s7dAh/9d/Kc:-230,230(-230.000000)
11:Player,BR:0cc/cc/cc/cc:5cKh,TcKd|/8sJcQs/7h/4d:-100,100(25.601207)
12:BR,Player:0r130c/cc/cc/cc:7dKs,7sTd|/ThKhAh/Jc/Ad:230,-230(184.307293)
13:Player,BR:0cc/cc/cc/cc:3cKc,5s5c|/2s4cJs/9s/2c:-100,100(-68.758165)
14:BR,Player:0f:8cJs,2h7d|:50,-50(50.000000)
15:Player,BR:0cc/cc/cc/cc:5d8c,TsKc|/7sKhAs/3h/5s:-100,100(-78.489940)
16:BR,Player:0r200c/cr390c/cr897f:8sTs,TcKc|/8dQdKd/9c:-690,690(-690.000000)
17:Player,BR:0cc/cc/cc/cc:2h3s,4c6d|/6s6hTd/9d/3h:-100,100(-95.941558)
18:BR,Player:0r130c/cc/cr299c/cr1058c:6cKs,2dTd|/2c9cJd/2h/7c:-1587,1587(295.018682)
19:Player,BR:0cc/cc/cc/r130f:8hTc,2c4s|/3h8cJs/Qc/7d:100,-100(100.000000)
20:BR,Player:0r300c/cr800c/cc/cc:6sTd,6d8d|/3d4s7c/Ah/Ks:1200,-1200(-562.193339)
21:Player,BR:0cr300c/cc/cc/cc:TcQs,8dTh|/3h4sAc/9h/3s:400,-400(400.000000)
22:BR,Player:0r200c/cc/cr150c/cc:2dKh,QsAs|/3d4s8s/8d/9h:-450,450(-424.982044)
23:Player,BR:0cc/cc/cc/cc:6sQh,2hTd|/TcKhAd/Ks/Ts:-100,100(-87.600175)
24:BR,Player:0r130c/cc/cc/cr299c:8cKh,5hAd|/3c6sKc/9h/Ac:-529,529(370.359173)
25:Player,BR:0cc/cc/cc/cc:2d7d,5h8d|/6hJhAd/4h/Ac:-100,100(76.415916)
26:BR,Player:0r130c/cr299c/cc/cr687f:3s6s,7d9s|/2c4s9c/Td/4c:-529,529(-529.000000)
27:Player,BR:0cc/cc/cc/r130f:5d8c,JdAd|/5h7sKs/Tc/Ts:100,-100(100.000000)
28:BR,Player:0r130c/cc/cr299c/cr1058f:2s6h,2c5c|/6c7hQc/Ac/Jd:-529,529(-529.000000)
29:Player,BR:0cc/cc/cc/r130f:2cTh,2s3h|/4h5cKs/Td/Qd:100,-100(100.000000)
30:BR,Player:0r130c/cc/cc/cr299c:KcAh,3dAc|/9h9dQs/Js/Ts:529,-529(442.126110)
31:Player,BR:0cr300c/cc/cc/cc:TsJd,4hQs|/3s8h8c/Tc/9d:400,-400(361.633816)
32:BR,Player:0r300c/cc/cc/cc:9hTs,QsAc|/4c7dJs/Kh/8h:400,-400(400.000000)
33:Player,BR:0cr600f:9sAs,3s7h|:100,-100(100.000000)
34:BR,Player:0r130c/cc/cc/cc:9hQd,9sQs|/9cThJh/2c/Ac:0,-0(168.211236)
35:Player,BR:0cc/cc/cc/cc:2h6d,7dJd|/6sKcAs/4h/8s:100,-100(52.378806)
36:BR,Player:0f:6cJc,3c7d|:50,-50(50.000000)
37:Player,BR:0cc/cc/cc/cc:3hJd,6h9d|/7h7dQh/2c/8d:100,-100(88.640292)
38:BR,Player:0r200c/cc/cc/cc:6c9c,8dAh|/3s3cJs/9d/7c:300,-300(300.000000)
39:Player,BR:0cr300c/r520c/cc/cc:5h7s,AhAd|/6s6d6c/Tc/9s:-920,920(-864.225852)
40:BR,Player:0r200c/cr390c/cc/cc:7dQh,4hKs|/2h2c9d/4s/Th:-690,690(-409.999183)
41:Player,BR:0cc/cc/r130c/r115c:7c8d,5hJh|/4hThAh/2h/2s:-345,345(-296.651538)
42:BR,Player:0cc/cc/cc/cr200f:6dJs,3hKh|/2c5c7s/Kd/4c:-100,100(-100.000000)
43:Player,BR:0cc/cc/cc/cc:2c7h,2s8d|/7cQsKh/Ah/Td:100,-100(88.875819)
44:BR,Player:0r130c/cc/cc/cc:2h5h,9cQc|/5cThAd/Ac/3h:230,-230(230.000000)
45:Player,BR:0cr300c/r800c/r1560c/cc:JcQd,6s9c|/2d7s9d/Jh/8h:2760,-2760(1459.591995)
46:BR,Player:0f:4c5s,2c6d|:50,-50(50.000000)
47:Player,BR:0cc/cc/r200c/r390f:5dQs,2dKc|/2s4s4d/3s/6c:300,-300(300.000000)
48:BR,Player:0r200c/cc/cr390c/cr4140f:9cAd,4h6h|/5h9hQc/3c/8h:-690,690(-690.000000)
49:Player,BR:0cc/cc/r130c/r299c:3hKs,6h9s|/7d9dKc/2s/Th:529,-529(184.786192)
50:BR,Player:0r130c/cc/cc/cc:9cKh,6dQc|/2s2dKs/7h/9h:230,-230(230.000000)
51:Player,BR:0cc/cc/cc/cc:6c9d,9sTc|/2d2cTs/3s/2s:-100,100(-82.575030)
52:BR,Player:0r130c/cr299f:2c5s,JsKs|/3c9cKh:-230,230(-230.000000)
53:Player,BR:0cr130c/cc/cc/r115f:9cKc,4c6h|/9dTsJh/4d/2s:230,-230(230.000000)
54:BR,Player:0r130c/cc/cc/cr299c:7sQc,7cTd|/4s7hJd/6d/4c:529,-529(-155.767458)
55:Player,BR:0cc/cc/cc/cc:4cJs,6cAd|/ThTdTc/7s/5h:-100,100(-70.787570)
56:BR,Player:0r200c/cr390c/cr897c/cc:4s6c,4d5h|/3d6sKh/Th/Td:1587,-1587(835.170768)
57:Player,BR:0cc/cc/cc/cc:5cAs,4dAc|/3s6dTs/2h/6c:100,-100(2.862914)
58:BR,Player:0r130c/cr299c/cr1058c/cc:9dKs,8cAh|/2h4c8d/7d/Td:-1587,1587(-796.975075)
59:Player,BR:0cc/cc/cc/cc:2cJd,TsKh|/2h8c9h/9d/Kc:-100,100(-87.049335)
60:BR,Player:0r130c/cc/cc/cr460c:3sKd,7d8h|/3d4hQc/3h/6c:690,-690(690.000000)
61:Player,BR:0cc/cc/r130c/r115c:QcKd,7hQd|/7d8sTd/9s/3h:-345,345(-230.725552)
62:BR,Player:0r300c/cc/cr200c/cr1800f:7dAh,3d5s|/5h8s8c/5c/Qc:-600,600(-600.000000)
63:Player,BR:0cr300f:5c8c,2c8s|:100,-100(100.000000)
64:BR,Player:0r200c/cc/cc/cr390f:4h6s,5cTc|/2sThJd/Qd/Qs:-300,300(-300.000000)
65:Player,BR:0cr200c/cc/cc/r600c:8dQh,3c7d|/7sTsKd/3s/9s:-900,900(-330.636469)
66:BR,Player:0r130c/cc/cc/cr460c:7hAd,7cKc|/3s4dQd/Jd/6d:690,-690(690.000000)
67:Player,BR:0cr300c/cc/r200f:ThTc,5h9c|/6h8dJh/4s:400,-400(400.000000)
68:BR,Player:0r130c/cc/cr460f:9hTs,5s5d|/4s7cQc/2h:-230,230(-230.000000)
69:Player,BR:0cc/cc/cc/cc:3s7h,TdQs|/7c9hAc/6c/5h:100,-100(79.286910)
70:BR,Player:0r130c/cr299c/cc/cr1058c:8sTs,QhAc|/3h5dJc/Tc/Ah:-1587,1587(-348.579701)
71:Player,BR:0cc/cc/cc/cc:9hQd,9cKh|/2d7dAs/Ts/5h:-100,100(-9.863800)
72:BR,Player:0r130c/cr690c/cc/cc:6s8h,2sAc|/3c7s9s/3d/Tc:920,-920(920.000000)
73:Player,BR:0cr300c/cc/cc/cc:5sAs,5dJh|/7h9hTc/6c/2c:400,-400(400.000000)
74:BR,Player:0r200c/cr600f:7d9d,5d8s|/2s6sJc:-300,300(-300.000000)
75:Player,BR:0cc/cc/cc/cc:5cTc,6cJh|/QhKdAs/3c/7c:-100,100(39.616387)
76:BR,Player:0cc/cc/cr200c/cc:4dKd,8sQd|/3d5d7s/Js/9s:300,-300(121.095157)
77:Player,BR:0cc/cc/cc/cc:JhQd,QsKs|/6h6d7s/4h/5h:-100,100(69.589391)
78:BR,Player:0f:5cQs,2c8d|:50,-50(50.000000)
79:Player,BR:0cr300f:2d3d,2h6d|:100,-100(100.000000)
80:BR,Player:0cc/cc/cc/cc:5h9s,ThKc|/2c5c9h/2d/5s:100,-100(100.000000)
81:Player,BR:0cr300c/cc/r200c/cc:8hTh,3sTs|/2cQsQc/3h/6c:-600,600(-497.757046)
82:BR,Player:0cc/cc/cr200c/cr1800f:8h8d,9d9c|/4s6dQh/9h/Ks:-300,300(-300.000000)
83:Player,BR:0cc/cc/cc/cc:2dJs,2hTs|/3h6hJc/6c/Qh:100,-100(37.177026)
84:BR,Player:0r200c/cr390c/cc/cc:2hAd,8sJd|/4d5s5h/Qc/7d:690,-690(-438.911452)
85:Player,BR:0cc/cc/cc/cc:JhKs,2dJs|/2s5h9s/4h/7h:-100,100(11.575515)
86:BR,Player:0r130c/cc/cc/cc:6cQd,5h9s|/3h4s5s/7c/Qs:230,-230(230.000000)
87:Player,BR:0cc/cc/cc/r130f:6cKs,2cJh|/5s6s7h/5h/Tc:100,-100(100.000000)
88:BR,Player:0r130c/cc/cr115f:3c6c,5c7d|/5s9dKs/9s:-230,230(-230.000000)
89:Player,BR:0cr600c/cc/r140c/r420c:JsJh,7dKs|/6h8h8c/As/Th:1260,-1260(510.768353)
90:BR,Player:0r130c/cr460f:3cQs,6hJc|/4s7c9c:-230,230(-230.000000)
91:Player,BR:0cr200c/cc/cc/r390c:5d7d,QsAc|/9cJsKc/3s/Qh:-690,690(66.824493)
92:BR,Player:0r200c/cc/cr390c/cr897f:8hTs,TdTc|/5s8c9h/3s/9s:-690,690(-690.000000)
93:Player,BR:0cc/cc/cc/r130c:6sKh,5sJc|/3c9sKd/3h/3s:230,-230(31.336121)
94:BR,Player:0r200c/cc/cr150c/cr1350c:8sAc,6c7d|/4h5s9s/9d/Qd:1800,-1800(379.295215)
95:Player,BR:0cr130c/r299c/cc/cc:4s6d,TcQd|/4d8sJh/2d/5s:529,-529(313.798501)
96:BR,Player:0r130c/cc/cc/cc:6dJs,3hKd|/8cJdAh/Qh/Jc:230,-230(230.000000)
97:Player,BR:0cc/cc/r200c/r390c:5d6h,3dJc|/2c6d6c/Jh/5h:690,-690(157.319834)
98:BR,Player:0r130c/cr299c/cc/cc:9sJh,6dTh|/5dJcAc/2h/4s:529,-529(520.872320)
99:Player,BR:0cc/cc/cc/r130c:3cJh,3s4c|/4hKsAc/Qc/4s:-230,230(-228.342288)
100:BR,Player:0r130c/cc/cc/cr460c:7s7h,2d8d|/2c3cJs/4s/4c:690,-690(214.470100)
101:Player,BR:0cc/cc/cc/cc:3dTc,7cQh|/6dQsAd/Ks/2h:-100,100(-77.273737)
102:BR,Player:0r130c/cc/cr115c/cc:7h9d,6sTd|/7c8cTs/Qc/Ad:-345,345(-196.433214)
103:Player,BR:0cc/cc/cc/cc:3sAc,2s9c|/5h9hJh/3c/8s:-100,100(-82.879614)
104:BR,Player:0r130c/cr299c/cc/cc:6dAh,4s6s|/3h6hKs/Ac/8s:529,-529(529.000000)
105:Player,BR:0cc/cc/cc/cc:4d9h,7cKh|/2s9cJh/6d/Js:100,-100(14.261233)
106:BR,Player:0r130c/cr460c/cr2070f:2sAh,3s8s|/3c5cJs/6s:-690,690(-690.000000)
107:Player,BR:0cc/cc/cc/r130c:8c9d,2h3s|/2d6c8s/As/9s:230,-230(79.368579)
108:BR,Player:0r300f:3c9h,KsKc|:-100,100(-100.000000)
109:Player,BR:0cc/cc/cc/r130f:7dKh,3sJc|/5c9sAc/9d/Ks:100,-100(100.000000)
110:BR,Player:0r130c/cr299c/cr687f:6h9h,2s2c|/7cTcJh/Kc:-529,529(-529.000000)
111:Player,BR:0cr200c/cc/r900c/cc:2hAh,2s8h|/7s8sQd/Kh/7d:-1200,1200(-1148.311096)
112:BR,Player:0r130c/cr299c/cr1058f:JsKh,7dAd|/5c6dQd/3c:-529,529(-529.000000)
113:Player,BR:0cc/cc/r300c/cc:3sAc,6sJs|/5s9sQh/2h/9h:400,-400(104.771816)
114:BR,Player:0r130c/cc/cc/cc:7cJh,9cQc|/3h7hKs/2d/4d:230,-230(230.000000)
115:Player,BR:0cc/cc/cc/cc:4dTd,3dKd|/5s9sAc/3s/Qd:-100,100(-16.709595)
116:BR,Player:0cc/cc/cc/cc:9hQd,JsAh|/7d8sKd/4s/4h:-100,100(-18.386153)
117:Player,BR:0cc/cc/cc/cc:3dKc,2c6c|/5c8cQh/4h/Qc:-100,100(-94.590525)
118:BR,Player:0r200c/cr600c/cr1170c/cr2691c:5hTc,5c8d|/4c9cQc/2d/2h:4761,-4761(4761.000000)
119:Player,BR:0cc/cc/cc/cc:5d7c,2h5s|/2dTdQc/3c/2c:-100,100(-86.227509)
120:BR,Player:0r130c/cr299c/cc/cr687c:9hAs,7c8s|/3h3d5s/7h/2s:-1216,1216(-30.842885)
121:Player,BR:0cc/cc/r200c/cc:4h6s,4dKd|/8cTcKs/5s/3h:-300,300(-293.384158)
122:BR,Player:0f:QhAc,2s4d|:50,-50(50.000000)
123:Player,BR:0cc/cc/cc/r130c:7sQc,4s9d|/5c7h8d/2s/4d:230,-230(19.147380)
124:BR,Player:0r200c/cc/cc/cc:6dKs,2dAc|/5sJsKc/Kd/9h:300,-300(300.000000)
125:Player,BR:0cr130c/cc/cc/cc:7dAc,JcQh|/4hTsKh/9c/2d:-230,230(-228.592965)
126:BR,Player:0r130c/cr460c/cc/cc:8c9c,5d7s|/2c3d9d/Th/3c:690,-690(690.000000)
127:Player,BR:0cc/cc/cc/cc:9dQs,TsTc|/3d5s6s/3h/Td:-100,100(-100.000000)
128:BR,Player:0f:6hJc,2d3c|:50,-50(50.000000)
129:Player,BR:0cc/cc/cc/cc:6cQs,3d7d|/8hAsAh/2d/5c:100,-100(100.000000)
130:BR,Player:0r200c/cc/cr600c/cc:6sQc,8cKh|/3cJsQs/Th/7d:900,-900(900.000000)
131:Player,BR:0cc/cc/cc/cc:2d6s,7dQh|/TsJdAs/8d/2h:100,-100(50.543120)
132:BR,Player:0f:4d6h,2h4c|:50,-50(50.000000)
133:Player,BR:0cc/cc/r200c/cc:3d8c,7cAs|/2c5sQd/5d/3s:300,-300(100.759373)
134:BR,Player:0r130c/cc/cc/cc:9cTh,3cKc|/8d9dAd/5h/2h:230,-230(230.000000)
135:Player,BR:0cc/cc/r300c/r800f:4sKh,4c5d|/5cThKc/4h/9c:400,-400(400.000000)
136:BR,Player:0cc/cr130c/cc/cc:9hTd,2cQh|/3d9dJd/6c/Kh:230,-230(229.214351)
137:Player,BR:0cc/cc/r130c/r299c:9sKh,JhQd|/3d4sQc/9h/7s:-529,529(-426.610918)
138:BR,Player:0r200c/cc/cr150c/cc:9cAh,8cTs|/4h5d8h/5c/Jd:-450,450(-331.756380)
139:Player,BR:0cr300c/r520c/cc/r5520c:TcKh,7s8h|/5s7hJd/5c/Ad:-6440,6440(-6439.401996)
140:BR,Player:0r300c/cc/cc/cc:3cKc,8dAd|/2d4cQc/Ks/5d:400,-400(400.000000)
141:Player,BR:0cr300c/r520c/r460c/cc:6s7c,4sTh|/2d3cTc/Ac/8s:-1380,1380(-1208.440221)
142:BR,Player:0r130c/cc/cc/cc:5s8c,4hKd|/2d9sTd/Qh/Ac:-230,230(-230.000000)
143:Player,BR:0cr200c/r390c/r897c/cc:9s9h,KsKc|/3c6d8d/5h/4s:-1587,1587(-717.449666)
144:BR,Player:0r130c/cr299c/cc/cc:5cJc,5hTh|/7c9sTc/Kd/6h:-529,529(-369.459613)
145:Player,BR:0cc/cc/cc/r130c:3d8c,8dTd|/6dAdAc/5d/8s:-230,230(-224.556452)
146:BR,Player:0f:3s9h,2d9s|:50,-50(50.000000)
147:Player,BR:0cc/r130c/r460c/cc:2d3c,8dTc|/4cQcAd/Qs/6s:-690,690(-689.248620)
148:BR,Player:0r130c/cc/cc/cr460c:2h7s,7c9h|/2c9sKh/Kd/6s:-690,690(-158.231988)
149:Player,BR:0cc/cc/cc/cc:3h7d,5sKd|/3c8dKs/Jc/2s:-100,100(-85.978906)
150:BR,Player:0r130c/cr299c/cc/cr1058f:5h9h,6d8s|/6h6cQd/Qh/As:-529,529(-529.000000)
151:Player,BR:0cr600f:KhKd,4sTs|:100,-100(100.000000)
152:BR,Player:0f:2sTd,2h6s|:50,-50(50.000000)
153:Player,BR:0cc/cc/cc/cc:3sQh,4cJh|/4s4hQs/Qd/2s:100,-100(-92.525185)
154:BR,Player:0r130c/cc/cc/cr299f:4h7c,7hTh|/9dTdAs/2s/Qs:-230,230(-230.000000)
155:Player,BR:0cr300f:9cJc,2s6s|:100,-100(100.000000)
156:BR,Player:0r130c/cc/cc/cr299f:2d8d,5cQh|/5h7dTs/Tc/3c:-230,230(-230.000000)
157:Player,BR:0cc/cc/cc/cc:8cKh,9hJd|/4hJsAs/Ah/4c:-100,100(-75.582498)
158:BR,Player:0r130c/cr460f:5h6s,8hTc|/2s7sKh:-230,230(-230.000000)
159:Player,BR:0cc/cc/cc/r130c:6sJh,AhAd|/3c4sQd/4h/6d:-230,230(-198.967025)
160:BR,Player:0r130c/cr460c/cr897c/cc:5hTh,QsKh|/5sTcQh/9d/9s:-1587,1587(-1587.000000)
161:Player,BR:0cr200c/cc/r900c/r3600f:9cTc,7h9d|/6s7cQc/5s/3c:1200,-1200(1200.000000)
162:BR,Player:0cc/cr130c/cc/cr299f:8sTd,2sQc|/2dTcKd/6h/Qd:-230,230(-230.000000)
163:Player,BR:0cr200c/cc/r390f:KhAc,2h2d|/4c9cKd/As:300,-300(300.000000)
164:BR,Player:0r130c/cc/cr299c/cc:7dAd,2cQc|/TsQsAc/4c/7s:529,-529(529.000000)
165:Player,BR:0cr200c/cc/cc/cc:8cQh,7hJh|/2s3dJc/Ks/As:-300,300(-140.098464)
166:BR,Player:0r200c/cc/cc/cc:2h8d,4sKc|/4h9cJd/7s/As:-300,300(-300.000000)
167:Player,BR:0cc/cc/r130c/cc:5h9d,3hKd|/4h5cKs/Ac/6h:-230,230(-220.741196)
168:BR,Player:0cc/cr130c/cc/cc:5sAs,4dJh|/3c6sAh/Td/Qs:230,-230(230.000000)
169:Player,BR:0cc/cc/cc/cc:2c3s,3h4c|/5d9hTc/Kh/Ah:0,-0(92.429852)
170:BR,Player:0r200c/cc/cc/cr390f:3d6d,6hAd|/9sJsKh/8d/Tc:-300,300(-300.000000)
171:Player,BR:0cr300c/r520c/r460c/r2760c:5c8s,9dKd|/2s9cKs/4s/Th:-4140,4140(-555.365571)
172:BR,Player:0f:3d4h,3c9s|:50,-50(50.000000)
173:Player,BR:0cc/cc/cc/cc:2hTs,9hAc|/8dThKc/Js/9d:100,-100(17.886765)
174:BR,Player:0f:3s9d,2h5c|:50,-50(50.000000)
175:Player,BR:0cr600f:JdAs,3c6c|:100,-100(100.000000)
176:BR,Player:0r130c/cr299c/cc/cr687f:KcAd,ThTd|/3s4h4c/3c/7s:-529,529(-529.000000)
177:Player,BR:0cr300c/cc/r200c/r780f:5h6d,9h9d|/3c5dQd/4h/5s:600,-600(600.000000)
178:BR,Player:0r130c/cc/cc/cc:4hTh,6dKs|/3h7sAh/7h/5s:230,-230(230.000000)
179:Player,BR:0cc/cc/cc/cc:9dQh,4h7c|/2cTcJs/3h/3s:100,-100(96.361200)
180:BR,Player:0r200c/cc/cr600c/cc:JhJc,8cKc|/4d8sQd/5s/2h:900,-900(756.735258)
181:Player,BR:0cr200c/cc/cc/r150f:9hKh,3sTc|/6d7dAd/5h/8h:300,-300(300.000000)
182:BR,Player:0r130c/cr299c/cc/cc:3sQs,4s5h|/2s9s9h/Th/2c:529,-529(218.797651)
183:Player,BR:0cr600c/cc/cc/r910f:JsQd,8d9h|/7s7hKc/5d/Qs:700,-700(700.000000)
184:BR,Player:0r130c/cc/cr115c/cr2070f:8hTs,7sJc|/5hJhJd/5d/Ad:-345,345(-345.000000)
185:Player,BR:0cc/cc/cc/r300c:2dKc,7cTh|/3h8hQh/6h/4c:-400,400(-349.359280)
186:BR,Player:0r130c/cc/cr299f:6sAh,2hQh|/7hJsJd/3d:-230,230(-230.000000)
187:Player,BR:0cc/cc/cc/r130f:6sQd,4s9s|/7cJdJc/6h/Kc:100,-100(100.000000)
188:BR,Player:0r130c/cc/cr460f:3hTd,ThQd|/8sQsKd/5h:-230,230(-230.000000)
189:Player,BR:0cc/cc/cc/cc:3d7s,2cKh|/2s7hAd/Kd/Ts:-100,100(-96.391862)
190:BR,Player:0f:8sJs,3c8h|:50,-50(50.000000)
191:Player,BR:0cc/cc/cc/cc:4hAs,2hAh|/7dTcKs/8c/Kd:0,-0(-38.262124)
192:BR,Player:0r130c/cr299c/cc/cc:9hJc,6dTc|/4d4cAd/5h/8h:529,-529(-420.556801)
193:Player,BR:0cc/cc/cc/r200f:7s8c,4s9c|/5c8hTd/Ts/7h:100,-100(100.000000)
194:BR,Player:0r200c/cr390f:5s7d,4dTd|/3d9sQc:-300,300(-300.000000)
195:Player,BR:0cc/cc/r130c/cc:4sJd,3hJc|/3d4c6d/2s/7s:230,-230(226.582635)
196:BR,Player:0cc/cr130c/cc/cc:9hQc,2sJh|/4d9sTc/Kc/3h:230,-230(230.000000)
197:Player,BR:0cr300c/cc/cc/r200c:7d9h,3cJc|/JhQcAc/5c/8c:-600,600(-592.783618)
198:BR,Player:0r200c/cc/cr600c/cc:TsAs,4dJc|/2d8dJd/5c/Kd:-900,900(-352.162049)
199:Player,BR:0cc/cc/cc/r130c:3c9h,5c7d|/2h3h5d/Ks/8c:-230,230(-120.360107)
200:BR,Player:0r130c/cc/cc/cc:3hAs,7hAd|/3dQsKh/2h/3c:230,-230(230.000000)
201:Player,BR:0cc/cc/cc/cc:5dQc,2d6h|/9sQhKs/5s/Jd:100,-100(82.852471)
202:BR,Player:0r130c/cc/cr299c/cc:4cTc,5s9c|/6hTdAh/3d/2c:529,-529(467.662856)
203:Player,BR:0cc/cc/cc/cc:2hTs,4hAc|/7hJdAs/Ad/Ah:-100,100(-100.000000)
204:BR,Player:0r200c/cc/cc/cr390f:5dQh,7dAh|/2dTsQs/Kc/Jd:-300,300(-300.000000)
205:Player,BR:0cc/cc/r130c/cc:3sKc,7cQs|/AsAhAd/4s/2s:230,-230(183.407917)
206:BR,Player:0f:6sTh,2c4h|:50,-50(50.000000)
207:Player,BR:0cr200c/cc/cc/r900c:3dAd,4dKd|/4c8s9h/Kc/Ac:-1200,1200(-952.703183)
208:BR,Player:0r300c/cr800f:5c7s,5h7d|/4h4dKs:-400,400(-400.000000)
209:Player,BR:0cc/cc/cc/r130c:2s8c,8sJh|/6s7h9h/8d/9d:-230,230(7.460721)
210:BR,Player:0r200c/cc/cr900c/cc:2d5d,3h8h|/5s6cKs/2c/Jd:1200,-1200(1200.000000)
211:Player,BR:0cc/cc/cc/r130f:4s7h,TcQc|/3s8cKh/7c/2d:100,-100(100.000000)
212:BR,Player:0cc/cc/cc/cc:7sKd,5hAs|/8dQcKs/9h/9d:100,-100(100.000000)
213:Player,BR:0cc/cc/cc/cc:JhAc,2s9h|/4d6cTh/3c/7h:100,-100(100.000000)
214:BR,Player:0f:8dTh,2c4d|:50,-50(50.000000)
215:Player,BR:0cc/cc/r200c/cc:5dJs,8cTd|/4h9sJc/Ts/8h:-300,300(-218.486662)
216:BR,Player:0r130c/cc/cc/cc:TsQc,QsKh|/6hTdAs/7s/7h:230,-230(230.000000)
217:Player,BR:0cr200c/cc/cc/cc:TcAs,5d7h|/4h8hKs/6c/Qh:-300,300(-284.275201)
218:BR,Player:0r130c/cc/cr460c/cc:4c7c,6dKd|/4h9cQs/7d/Qd:690,-690(561.184402)
219:Player,BR:0cc/cc/cc/cc:2hTd,2s3s|/4sQhKh/As/Ah:100,-100(99.446888)
220:BR,Player:0r130c/cc/cc/cc:4cTs,2sAs|/2h5sKd/8c/Jh:-230,230(-230.000000)
221:Player,BR:0cc/cc/cc/cc:4hTc,3s8c|/4d8s9h/Qs/Ks:-100,100(-44.402620)
222:BR,Player:0r130c/cr299c/cr687c/cc:9dKc,5dKs|/2sTdKd/4c/7h:1216,-1216(1216.000000)
223:Player,BR:0cc/cc/cc/cc:2s4c,6sKs|/8h8dAc/6c/7c:-100,100(-79.027938)
224:BR,Player:0cc/cc/cc/cr130f:4hTc,4d8h|/5c6dKc/Qs/Kh:-100,100(-100.000000)
225:Player,BR:0cr200c/cc/r150c/r225f:8hAc,2h2d|/6c7s8s/5h/7d:450,-450(450.000000)
226:BR,Player:0cc/cc/cc/cc:8dAd,2dAh|/7c9sQh/2h/8s:100,-100(100.000000)
227:Player,BR:0cc/cc/cc/cc:9hJc,2sQh|/2hQsAc/4c/5s:-100,100(-62.303436)
228:BR,Player:0f:3cAs,2h7c|:50,-50(50.000000)
229:Player,BR:0cr130c/r299c/r264c/r396f:ThKd,6d9c|/4s6hTs/3s/Td:793,-793(793.000000)
230:BR,Player:0cc/cr200c/cr600c/cc:QhKd,3c5c|/2c9cQc/8s/6c:-900,900(-900.000000)
231:Player,BR:0cr200c/cc/cc/cc:8sAh,6hAs|/3s4c7d/Td/2h:300,-300(58.658761)
232:BR,Player:0r130c/cc/cc/cr299f:2d5s,4sQh|/3sQsAh/3d/Jd:-230,230(-230.000000)
233:Player,BR:0cr200c/r390c/cc/r1380f:7sJh,3h9c|/9dTcQc/8s/Qs:690,-690(690.000000)
234:BR,Player:0cc/cr130c/cc/cc:2d6h,8h9d|/2s8sQs/7h/Js:-230,230(-104.905586)
235:Player,BR:0cc/cc/cc/r130f:6hTd,9dJs|/8cKcAs/6c/8h:100,-100(100.000000)
236:BR,Player:0r130c/cc/cc/cr299c:5d7h,8sJh|/5s5cAh/2h/Js:529,-529(485.737362)
237:Player,BR:0cc/cc/cc/cc:7cAs,2h5s|/3s3h9h/Kd/Jc:100,-100(77.476246)
238:BR,Player:0r200c/cr600f:3sQh,4cAh|/5c7hJc:-300,300(-300.000000)
239:Player,BR:0cr200c/cc/r150c/cc:KcAc,2c8h|/3d9sTc/7s/Jh:-450,450(-425.847654)
240:BR,Player:0r130c/cc/cc/cc:3s9s,6dQh|/2hKdAd/4h/4c:-230,230(-230.000000)
241:Player,BR:0cr200f:8hAs,2d3c|:100,-100(100.000000)
242:BR,Player:0r130c/cc/cc/cr460f:7d8h,QsQh|/5h6sAs/5d/Th:-230,230(-230.000000)
243:Player,BR:0cr130c/r299f:3h6h,4c7s|/5c8sAh:230,-230(230.000000)
244:BR,Player:0r130c/cc/cc/cr460f:3s9h,9s9d|/5c6hTs/8c/8s:-230,230(-230.000000)
245:Player,BR:0cr130c/r299c/cc/cc:7c9c,2h6c|/6sQsQh/4d/Kc:-529,529(-519.602714)
246:BR,Player:0r200c/cc/cr150c/cc:3d8h,3hAh|/8dKdAd/9d/Ks:450,-450(450.000000)
247:Player,BR:0cr300f:KhKd,5c6d|:100,-100(100.000000)
248:BR,Player:0r130c/cr299c/cr687c/cr2432c:8d8c,4sTd|/2d2c7c/9h/Kd:3648,-3648(2121.054635)
249:Player,BR:0cr200c/cc/cc/cc:8hAh,4c8s|/2h5d7h/Jc/3s:300,-300(300.000000)
250:BR,Player:0r200c/cr390c/cc/cc:KcAd,TsJh|/3d9hTc/Qd/9c:-690,690(-283.886218)
251:Player,BR:0cc/cc/r130c/r299f:5cAs,3c4c|/4sTsQc/Ks/6s:230,-230(230.000000)
252:BR,Player:0r130c/cr299f:2h6d,2dAs|/7c8hAc:-230,230(-230.000000)
253:Player,BR:0cc/cc/cc/cc:8dQh,6sAh|/3cThTd/6d/6c:-100,100(-86.228435)
254:BR,Player:0r130c/cr299c/cr687c/cc:6dKc,9cAs|/5c9dJh/2c/8h:-1216,1216(-1216.000000)
255:Player,BR:0cc/cc/cc/r130c:3d4s,2hTh|/2s6sQs/5c/5h:230,-230(84.702779)
256:BR,Player:0r130c/cr299c/cr687c/cr3648f:5hKc,3d4d|/2d5s7d/9d/4h:-1216,1216(-1216.000000)
257:Player,BR:0cc/cc/cc/r130f:5hAs,2h3s|/6sKdAc/Qh/Qs:100,-100(100.000000)
258:BR,Player:0r200c/cc/cc/cc:4c9h,2sAh|/4s9cQh/9d/6c:300,-300(300.000000)
259:Player,BR:0cr200c/r600f:8cTc,6s8h|/2s5cJs:300,-300(300.000000)
260:BR,Player:0r130c/cc/cr115c/cc:3cKh,5cJc|/5h8cTh/Ts/6c:-345,345(-345.000000)
261:Player,BR:0cc/cc/cc/cc:6hKs,4c7s|/9d9cTs/Ah/8d:100,-100(100.000000)
262:BR,Player:0r200c/cr390c/cc/cc:5sKh,8sJc|/3h3c6d/6c/2d:690,-690(270.658072)
263:Player,BR:0cc/cc/cc/cc:3d6d,7cTh|/3cTsQs/5c/7d:-100,100(-96.973590)
264:BR,Player:0f:8sJc,2sTc|:50,-50(50.000000)
265:Player,BR:0cr300f:9sJs,3h8d|:100,-100(100.000000)
266:BR,Player:0r130c/cr299c/cc/cc:5c6c,8sTs|/2d3sKs/Qh/Ad:-529,529(-525.661423)
267:Player,BR:0cc/cc/cc/cc:7hQc,TsAh|/2hThKs/7s/4c:-100,100(-84.381057)
268:BR,Player:0cc/cc/cc/cc:6c8c,9sQc|/2cThTd/7h/Ac:-100,100(-100.000000)
269:Player,BR:0cc/cc/cc/cc:3c8s,2hJc|/2dQcAd/9h/2c:-100,100(-91.524024)
270:BR,Player:0r200c/cr600f:5c6d,3c6c|/2d3h9c:-300,300(-300.000000)
271:Player,BR:0cc/cc/cc/r130f:6s7c,9hKs|/5s5dTd/Ah/6d:100,-100(100.000000)
272:BR,Player:0r200c/cr600c/cr1800f:2s9d,QsQh|/2d4d8s/8h:-900,900(-900.000000)
273:Player,BR:0cc/cc/cc/r130c:6d7s,5h9h|/5s5cJs/Ah/7d:-230,230(-223.413159)
274:BR,Player:0f:2sTc,3c7d|:50,-50(50.000000)
275:Player,BR:0cc/cc/cc/cc:2cAs,8c9d|/3h6h7d/Kh/Ah:100,-100(95.826009)
276:BR,Player:0r130c/cr460f:4d6c,8cTs|/7c9sQd:-230,230(-230.000000)
277:Player,BR:0cc/cc/cc/cc:5dQs,6hJc|/KcAhAc/Ts/8s:100,-100(-6.320843)
278:BR,Player:0r130c/cc/cr115f:4c8h,3s5d|/2d3c7c/Kh:-230,230(-230.000000)
279:Player,BR:0cr300c/cc/r200c/cc:9sJs,JcKc|/JhKhAh/7d/Tc:-600,600(-321.690966)
280:BR,Player:0r200c/cc/cr390c/cr1380c:5dQd,8dTd|/2h8hQc/Ts/2d:2070,-2070(2070.000000)
281:Player,BR:0cc/cc/cc/cc:6cQc,4dQh|/2h7c8h/4h/9s:-100,100(-68.703283)
282:BR,Player:0r130c/cc/cr115c/cr448f:TcJh,KhAh|/2d8sQc/8c/As:-345,345(-345.000000)
283:Player,BR:0cr130c/r299c/cc/cc:TcJs,7s8d|/3s3c8c/6d/3h:-529,529(-409.732432)
284:BR,Player:0r130c/cc/cr115c/cr690c:ThAs,2c3c|/7h7c8h/Ad/6d:1035,-1035(919.192016)
285:Player,BR:0cc/cc/cc/r130f:6dKc,9sTc|/4s5h8h/7d/8s:100,-100(100.000000)
286:BR,Player:0r200c/cc/cc/cr600c:6d9s,6cQh|/6s7dKh/9c/6h:900,-900(900.000000)
287:Player,BR:0cr600c/r1400c/r2730c/r9660f:5s6s,3cKh|/3d4s7h/Ad/8c:4830,-4830(4830.000000)
288:BR,Player:0r130c/cc/cr299c/cr687c:2h3c,4s7s|/3h3dTd/8s/6h:1216,-1216(1216.000000)
289:Player,BR:0cc/cc/cc/r130f:3d9s,4c7s|/5c6cTd/Ad/Kh:100,-100(100.000000)
290:BR,Player:0r130c/cc/cc/cr299c:3c5d,2hTh|/2d7dAd/4h/Tc:529,-529(529.000000)
291:Player,BR:0cr200c/r600c/r1170c/r4140f:TcJc,7cQh|/8h9dKc/Qd/3d:2070,-2070(2070.000000)
292:BR,Player:0r130c/cr299c/cr1058c/cc:KdAc,7cQs|/5d9s9c/5h/3c:1587,-1587(1587.000000)
293:Player,BR:0cc/cc/cc/cc:2dTc,3h7d|/2c5dKd/Qd/7s:-100,100(-62.578824)
294:BR,Player:0r130c/cr299c/cr1058c/cr4761c:2h3c,3s5d|/2s4c8h/Td/6s:-6348,6348(2848.737783)
295:Player,BR:0cc/cc/cc/cc:2cTh,4s6s|/5c9h9c/Tc/Ad:100,-100(86.648445)
296:BR,Player:0r130c/cr299c/cr687c/cr14592c:TsAh,9sQc|/3s4cKs/8c/8s:15808,-15808(7283.684314)
297:Player,BR:0cr200c/cc/cc/cc:3h4d,9sTc|/9cTsAh/Qd/Qh:-300,300(-236.545941)
298:BR,Player:0r200c/cc/cc/cr600c:3cKc,7s8s|/2d3h4d/5d/3s:900,-900(900.000000)
299:Player,BR:0cr300f:8cTc,5c6s|:100,-100(100.000000)
300:BR,Player:0r130c/cc/cr115c/cr1035f:2dJs,7d9h|/7h8hTd/8s/Jc:-345,345(-345.000000)
301:Player,BR:0cc/cc/cc/cc:2h6s,5c7h|/TcJcAc/6h/Js:100,-100(68.734660)
302:BR,Player:0r130c/cr690f:2h7h,6cJs|/QcKcAs:-230,230(-230.000000)
303:Player,BR:0cc/cc/r200f:4d8c,5s9h|/3dJcKd/3h:100,-100(100.000000)
304:BR,Player:0r130c/cc/cc/cc:6cQh,6dJd|/TcJhQs/Ts/9h:230,-230(229.169370)
305:Player,BR:0cr600f:KsAd,5sTd|:100,-100(100.000000)
306:BR,Player:0r130c/cc/cc/cr299c:2dTs,9cQc|/6cThKd/3h/9s:529,-529(33.621613)
307:Player,BR:0cc/cc/r130c/r460c:3dAs,9hQc|/8sQdAc/5s/4s:690,-690(-36.928255)
308:BR,Player:0f:8sKc,2c5s|:50,-50(50.000000)
309:Player,BR:0cr600f:2d4s,4c7c|:100,-100(100.000000)
310:BR,Player:0r130c/cc/cc/cr299c:6s8d,5s5c|/8sThQc/Kh/Jh:529,-529(193.057995)
311:Player,BR:0cc/cc/cc/cc:5hJs,8dJh|/2d6cQd/8s/7h:-100,100(-90.338587)
312:BR,Player:0r130c/cr299c/cc/cc:7dAd,6d7c|/4cQsQc/7h/As:529,-529(529.000000)
313:Player,BR:0cc/cc/cc/cc:4s8d,6dKh|/2h2c7c/Qs/5h:-100,100(16.673082)
314:BR,Player:0r130c/cc/cr115c/cr1035c:QhQd,3c5h|/5d5c9d/9c/6d:-1380,1380(756.062996)
315:Player,BR:0cc/cc/cc/cc:7hJc,8sKd|/2h3h5d/Qh/8c:-100,100(-77.985691)
316:BR,Player:0r130c/cc/cc/cc:5dAc,7cKh|/TdQsQd/Ts/Qc:0,-0(-0.000000)
317:Player,BR:0cc/cc/r200c/r150c:6sJh,TdJs|/5d9hTs/Jd/Ad:-450,450(-426.008913)
318:BR,Player:0cc/cc/cc/cc:4sQs,2sQd|/8s8cTc/Td/Ks:0,-0(-0.000000)
319:Player,BR:0cr200c/cc/r150c/r225c:6sKs,4dJc|/5h6dJd/Js/7h:-675,675(-580.907343)
320:BR,Player:0r130c/cr299f:3s4h,6dKs|/5c8cKh:-230,230(-230.000000)
321:Player,BR:0cc/cc/r130f:8cKd,3s5s|/6sKcAh/8d:100,-100(100.000000)
322:BR,Player:0r200c/cr390c/cc/cr897f:8sAh,7hQs|/3s7cKd/3c/4h:-690,690(-690.000000)
323:Player,BR:0cc/cc/r130c/cc:JcKh,TdAc|/6h8sJs/9h/7d:-230,230(-228.225703)
324:BR,Player:0cc/cr600f:5sQs,9cKd|/8c9sKc:-100,100(-100.000000)
325:Player,BR:0cc/cc/cc/cc:5s8c,2s9s|/QhQcKs/4s/4c:0,-0(40.785828)
326:BR,Player:0r130c/cc/cr115f:7sJh,QcKd|/2d4d8c/Qd:-230,230(-230.000000)
327:Player,BR:0cc/cc/r130c/cc:6c7d,3cJc|/2d5c9d/As/8s:230,-230(47.795055)
328:BR,Player:0r200c/cc/cr900c/cc:JcAs,2dQh|/8s8cKc/7h/6d:1200,-1200(-233.800717)
329:Player,BR:0cr200c/cc/r390f:TsAh,6s6h|/2sKhAs/Qh:300,-300(300.000000)
330:BR,Player:0cc/cr200f:6sTd,3cAh|/4c5h8h:-100,100(-100.000000)
331:Player,BR:0cc/cc/cc/cc:2d9c,7h9s|/2s7sQd/3d/6h:-100,100(-85.550002)
332:BR,Player:0f:7d8d,3s9d|:50,-50(50.000000)
333:Player,BR:0cc/cc/cc/cc:7c8s,9cAc|/7sThJc/Qh/Qc:100,-100(-13.703733)
334:BR,Player:0r130c/cr460f:5h6h,TsAh|/3c8c9c:-230,230(-230.000000)
335:Player,BR:0cc/cc/cc/r130f:9hKc,3hTd|/4h9cQs/9d/4s:100,-100(100.000000)
336:BR,Player:0r130c/cr299c/cc/cc:JsJh,3s4s|/5c7hJd/7d/2h:529,-529(529.000000)
337:Player,BR:0cc/cc/cc/cc:4dTs,8dJh|/4s8cAh/6c/Jc:-100,100(-91.274439)
338:BR,Player:0cc/cc/cc/cc:JsAs,2hJc|/8sKsKh/Ac/9h:100,-100(100.000000)
339:Player,BR:0cr300f:5hAc,3h4d|:100,-100(100.000000)
340:BR,Player:0f:5hQc,2d7s|:50,-50(50.000000)
341:Player,BR:0cr600f:KdAh,5h6d|:100,-100(100.000000)
342:BR,Player:0r200c/cr390c/cr1380c/cc:2dJs,KdAc|/2c7dKh/Jc/Th:2070,-2070(2070.000000)
343:Player,BR:0cc/cc/r130c/r690c:5dJh,6sJd|/3s8hQh/4s/6h:-920,920(-699.371024)
344:BR,Player:0r130c/cc/cc/cr299c:3c9s,4c5d|/8c9hQd/3s/Qc:529,-529(399.633601)
345:Player,BR:0cc/cc/cc/cc:2hJs,TdKc|/3sJhQh/9s/3h:-100,100(-94.360460)
346:BR,Player:0r200c/cr900c/cr1560f:5dKc,AhAd|/2h6s9d/9h:-1200,1200(-1200.000000)
347:Player,BR:0cc/cc/r130c/r460f:7s9d,3sAh|/4s6dQh/9h/7d:230,-230(230.000000)
348:BR,Player:0r130c/cr460c/cc/cr897f:3dTh,4sAs|/2c5hTd/Qc/Qh:-690,690(-690.000000)
349:Player,BR:0cr600c/cc/r350c/r525c:7c8c,5hAh|/3c8s8h/8d/Qc:1575,-1575(1023.490539)
350:BR,Player:0r200c/cc/cc/cc:9dQh,7cKc|/7sTsJc/6d/Ad:-300,300(-300.000000)
351:Player,BR:0cr300c/cc/cc/cc:7d7c,8dJd|/8hQdKh/Qs/Ts:-400,400(-43.808207)
352:BR,Player:0cc/cr300c/cr800c/cr2400f:8sKd,QcKh|/TdJcKc/8h/As:-1200,1200(-1200.000000)
353:Player,BR:0cc/cc/r130c/r115c:3c9h,JsKs|/6h8c9d/4d/Jh:-345,345(-288.182339)
354:BR,Player:0cc/cc/cc/cc:6cKc,8sKd|/2c3c9c/Td/5h:100,-100(100.000000)
355:Player,BR:0cc/cc/cc/cc:3h6c,6hKd|/4hJdAs/8c/3c:100,-100(12.781228)
356:BR,Player:0r130c/cr299c/cr1587f:2h3c,5sQc|/3s5cAd/Qh:-529,529(-529.000000)
357:Player,BR:0cc/cc/r200c/cc:8d9s,3cJd|/3dTcAh/Qs/Kd:-300,300(-300.000000)
358:BR,Player:0f:4h4c,3d7c|:50,-50(50.000000)
359:Player,BR:0cc/cc/r130f:4dKc,3d4h|/6c9hKh/9c:100,-100(100.000000)
360:BR,Player:0r200f:2d4c,4s7d|:-100,100(-100.000000)
361:Player,BR:0cc/cc/r130c/r460c:4c6s,6dKd|/5dKhAc/8s/Ks:-690,690(-574.809366)
362:BR,Player:0f:3hKc,2c7h|:50,-50(50.000000)
363:Player,BR:0cc/cc/cc/cc:9sJd,3d8s|/4cTdAc/4s/2h:100,-100(86.682594)
364:BR,Player:0r130c/cc/cr299c/cc:6s6h,7hTh|/JdAsAh/8h/Td:-529,529(-529.000000)
365:Player,BR:0cr600f:6s6h,3h4h|:100,-100(100.000000)
366:BR,Player:0r130c/cr299c/cr1058f:6sJc,2d4d|/4s8dQh/3d:-529,529(-529.000000)
367:Player,BR:0cc/cc/cc/r130f:8sKh,7cTs|/3s8c9s/Qs/9c:100,-100(100.000000)
368:BR,Player:0r130c/cc/cc/cr460c:5c6s,8sAc|/3s5sKd/7h/4h:690,-690(567.734981)
369:Player,BR:0cr300f:QsKs,2cTd|:100,-100(100.000000)
370:BR,Player:0cc/cc/cc/cc:3dJh,JcQh|/4s8hAd/7h/7d:-100,100(-95.000779)
371:Player,BR:0cc/cc/cc/cc:8hJs,7sAh|/2d4sKh/Tc/2h:-100,100(-7.548605)
372:BR,Player:0r200c/cc/cc/cc:4h9c,QhKh|/5s6c8d/Td/5c:-300,300(-300.000000)
373:Player,BR:0cc/cc/cc/cc:7dKc,7cTs|/2c6d9h/5d/Jh:100,-100(100.000000)
374:BR,Player:0r300c/cr520c/cc/cc:JdKs,8cKd|/3c7dTs/Ah/4s:920,-920(247.198759)
375:Player,BR:0cc/cc/r130c/r115f:4s5h,4h8h|/4c7hKh/7s/5c:230,-230(230.000000)
376:BR,Player:0r130c/cc/cc/cc:5d9h,5sKd|/5c8h9d/Ts/Ad:230,-230(230.000000)
377:Player,BR:0cc/cc/cc/cc:TcQh,3dTd|/4d8dJs/5s/Ah:100,-100(81.143089)
378:BR,Player:0r130c/cr299f:3h9s,TdJc|/4c7cKh:-230,230(-230.000000)
379:Player,BR:0cc/cc/cc/cc:2c3h,6s7c|/9dKcAc/8d/4d:-100,100(64.953700)
380:BR,Player:0r200f:2h6c,ThAc|:-100,100(-100.000000)
381:Player,BR:0cc/cc/cc/r130c:2h3d,9s9d|/8hQsKh/5s/Th:-230,230(72.152240)
382:BR,Player:0cc/cc/cr130c/cc:5c6d,7s8c|/6sThJd/Ts/Js:-230,230(-209.747885)
383:Player,BR:0cc/cc/cc/cc:2h8d,7hKs|/7dQdKh/5h/6d:-100,100(-96.009615)
384:BR,Player:0r130c/cc/cr115c/cc:2s2d,9hKd|/3dKcAs/Tc/4d:-345,345(-299.401174)
385:Player,BR:0cc/cc/cc/cc:3c5s,TsTd|/ThJcQh/Ac/Ad:-100,100(-99.771711)
386:BR,Player:0r130c/cc/cr460c/cr1380c:2hAh,7c8s|/2cTcJc/6s/5d:2070,-2070(756.162170)
387:Player,BR:0cc/cc/cc/r130f:3s9h,JdAc|/8h9cTd/Kh/9s:100,-100(100.000000)
388:BR,Player:0r130c/cc/cr115c/cr448f:6s8h,6d7h|/7cKcAs/7d/Kh:-345,345(-345.000000)
389:Player,BR:0cr300f:7s7d,3c6c|:100,-100(100.000000)
390:BR,Player:0r130c/cc/cr299f:4dKs,2dAs|/9sQsAh/Js:-230,230(-230.000000)
391:Player,BR:0cc/cc/cc/cc:4dJs,8dQc|/2s9hKs/6h/8c:-100,100(-74.412850)
392:BR,Player:0r130c/cr299c/cc/cc:2sJd,8hKs|/4h8dAd/Js/9h:529,-529(465.456253)
393:Player,BR:0cr300c/cc/cc/cc:7dKs,4dTc|/4c6sJh/Ts/Th:-400,400(-400.000000)
394:BR,Player:0r130c/cc/cr299c/cr1587f:2hAh,8dKs|/7sKhKc/Jh/6c:-529,529(-529.000000)
395:Player,BR:0cr300c/cc/r800c/cc:5s6h,9sQd|/4d7s7d/7c/Kc:-1200,1200(156.744601)
396:BR,Player:0r130c/cr299c/cr1058c/cr3174c:7hKd,9sTh|/4s5dKh/3d/2s:4761,-4761(4761.000000)
397:Player,BR:0cc/cc/r300c/r200f:5d9h,4dQc|/4c6h7h/Ac/3h:400,-400(400.000000)
398:BR,Player:0r130c/cc/cc/cr299f:4d6h,5s8c|/9sJcKd/3s/9h:-230,230(-230.000000)
399:Player,BR:0cr300c/cc/r200c/r780c:2sQs,KsAs|/4s7s8s/2c/Td:-1380,1380(-1372.221728)
400:BR,Player:0cc/cc/cc/cc:6cQh,3dJc|/7s8sQs/7c/8d:100,-100(100.000000)
401:Player,BR:0cc/cc/cc/cc:2dKs,3h9h|/7cThJs/8c/Qc:-100,100(-93.971124)
402:BR,Player:0r130c/cr460c/cc/cc:2c8d,3h3c|/2h6h6c/Ks/4h:-690,690(-155.001082)
403:Player,BR:0cc/cc/cc/cc:2c8d,3hJh|/2s6c9h/Ks/2h:100,-100(64.705246)
404:BR,Player:0r130c/cr460f:5sTs,ThQd|/8c9dQc:-230,230(-230.000000)
405:Player,BR:0cc/cc/r130c/r460f:7sQd,9cJd|/9hThQh/Ts/Qc:230,-230(230.000000)
406:BR,Player:0f:2c9s,2d8c|:50,-50(50.000000)
407:Player,BR:0cr200c/cc/r600f:JdQh,2hKd|/4s9dJh/7d:300,-300(300.000000)
408:BR,Player:0f:5c9c,2d6c|:50,-50(50.000000)
409:Player,BR:0cc/cc/cc/cc:3s5d,JsKh|/5c6c8h/2c/Ac:100,-100(79.817661)
410:BR,Player:0r130c/cc/cc/cr299f:2c3d,JcQc|/7c9hJs/As/Ts:-230,230(-230.000000)
411:Player,BR:0cr600c/r910c/r805f:8d9s,8hAd|/9h9dQh/8s:1610,-1610(1610.000000)
412:BR,Player:0r200c/cc/cr900c/cc:3d7s,4hJd|/3h5h9h/8d/Ah:-1200,1200(-1200.000000)
413:Player,BR:0cr200c/cc/r150c/cc:6d6c,JcAc|/3h5s8h/As/Td:-450,450(-416.234071)
414:BR,Player:0r130c/cr299c/cc/cr687f:6hTh,5d5c|/2d4c8h/9h/5s:-529,529(-529.000000)
415:Player,BR:0cr300f:9hAs,5d6s|:100,-100(100.000000)
416:BR,Player:0r200c/cr390c/cc/cc:6sTd,7s8c|/4h5dAh/Ks/Js:690,-690(-101.124293)
417:Player,BR:0cr200f:7hAc,2c5h|:100,-100(100.000000)
418:BR,Player:0r130c/cc/cc/cr299c:3cQc,9cAs|/2h4cAc/3s/8c:529,-529(519.872416)
419:Player,BR:0cc/cc/r130c/cc:2cJd,8dQd|/7h9dJh/Ts/Kc:-230,230(-201.286604)
420:BR,Player:0cc/cc/cr130c/cc:4cTs,2sJc|/4h9hTh/8s/Tc:230,-230(230.000000)
421:Player,BR:0cc/cc/cc/cc:3cQc,9h9c|/5c7dKs/3s/Js:-100,100(-78.053388)
422:BR,Player:0cc/cr130c/cc/cr460f:2c6c,4hKc|/2d9sKh/Ad/Ks:-230,230(-230.000000)
423:Player,BR:0cr600f:3s7s,2s5s|:100,-100(100.000000)
424:BR,Player:0r200c/cr390c/cr1380f:4hKs,JhAh|/2c5dJs/3s:-690,690(-690.000000)
425:Player,BR:0cc/cc/cc/r130c:4c9h,5h9s|/3c9dJs/Ac/2h:-230,230(-69.915650)
426:BR,Player:0f:3hQs,2c5d|:50,-50(50.000000)
427:Player,BR:0cr200c/cc/r150f:7hAh,4dJd|/7d9hTh/5c:300,-300(300.000000)
428:BR,Player:0r200c/cc/cc/cr390c:7cTd,5s7h|/TsJhAc/3c/9h:690,-690(-192.490737)
429:Player,BR:0cr600f:9dQc,5hJc|:100,-100(100.000000)
430:BR,Player:0cc/cc/cc/cr130f:2d7s,3hQc|/6dQdKs/6c/Kc:-100,100(-100.000000)
431:Player,BR:0cr300c/cc/cc/cc:TsKd,2hQd|/7d7c9c/3c/4d:400,-400(400.000000)
432:BR,Player:0r130c/cc/cc/cc:7h9s,4d7s|/7c9hJd/Kc/8c:230,-230(230.000000)
433:Player,BR:0cc/cc/cc/cc:TdQs,2c6d|/3c7dKs/As/7c:100,-100(97.704599)
434:BR,Player:0cc/cc/cc/cc:4c9s,3sQs|/6h9hKc/Kh/7c:100,-100(100.000000)
435:Player,BR:0cr300c/cc/r800f:5d6c,7s8s|/7h9h9c/Kc:400,-400(400.000000)
436:BR,Player:0cc/cc/cr130c/cc:7dKs,4sTc|/4h5c9s/9h/Jh:-230,230(-211.671803)
437:Player,BR:0cc/cc/cc/r200f:2hKh,7dTd|/5s6d7c/9c/3d:100,-100(100.000000)
438:BR,Player:0r130c/cr299f:2sTc,7hQs|/6d9cQd:-230,230(-230.000000)
439:Player,BR:0cr200c/r900c/cc/cc:3dTs,5sJs|/4d5dJh/Qh/7s:-1200,1200(-1200.000000)
440:BR,Player:0r130c/cc/cr299c/cc:7hJd,6h6d|/2c9cQs/9d/3c:-529,529(-427.523395)
441:Player,BR:0cc/cc/r130c/r460c:9sKh,7dQc|/8dJhKc/Ad/9d:690,-690(212.774320)
442:BR,Player:0r130c/cc/cr299c/cr1587c:6dAd,4h5c|/TsThJc/Ks/7c:2116,-2116(1282.281304)
443:Player,BR:0cc/cc/cc/r130f:8s9h,TcAc|/2h5dKd/8d/Ks:100,-100(100.000000)
444:BR,Player:0r200c/cr390c/cr2070f:7sAh,JcKc|/5h9hQc/7d:-690,690(-690.000000)
445:Player,BR:0cc/cc/r130c/cc:7c9h,2sKc|/2c5s8d/6d/8h:230,-230(-100.893866)
446:BR,Player:0r130c/cc/cr299f:ThJc,6h9d|/3s6d8c/8h:-230,230(-230.000000)
447:Player,BR:0cc/cc/cc/cc:9dJs,JdAh|/4s6cQs/3c/2c:-100,100(55.981350)
448:BR,Player:0r130c/cc/cr460c/cc:QhKd,3dJd|/5h6d6c/4c/Kh:690,-690(690.000000)
449:Player,BR:0cc/cc/cc/r130c:6dTh,TsQc|/9cTdQs/4d/8h:-230,230(-150.021583)
450:BR,Player:0cc/cc/cr200c/cr390c:7hJd,3d4s|/6s9cAh/9s/Kc:690,-690(647.664179)
451:Player,BR:0cc/cc/cc/r200f:4s7h,6dJd|/4d7cTd/Kh/Js:100,-100(100.000000)
452:BR,Player:0r130c/cr299c/cc/cr687f:5h7s,TcJs|/6c9cAs/Jc/Ts:-529,529(-529.000000)
453:Player,BR:0cc/cc/cc/r200c:3cJs,9dJc|/4hJdAh/Td/5h:-300,300(-285.375274)
454:BR,Player:0r130c/cr299c/cr1587f:2dJc,4sAs|/4d5cAc/9d:-529,529(-529.000000)
455:Player,BR:0cr300c/cc/cc/r200f:6d9d,4cAh|/6h8sQd/3s/2c:400,-400(400.000000)
456:BR,Player:0r200c/cc/cc/cc:6dKd,7dAh|/7h8c9d/4h/5c:300,-300(300.000000)
457:Player,BR:0cc/cc/r130c/cc:6cQs,2dAc|/4c7d8d/3c/Kc:-230,230(70.668682)
458:BR,Player:0r200c/cc/cc/cc:7s8s,7h9c|/5h7cKc/4c/Qs:-300,300(244.384606)
459:Player,BR:0cc/cc/cc/r130c:8dTc,2dKd|/3h6s6d/Qd/4d:-230,230(-222.079850)
460:BR,Player:0r130c/cr690c/cc/cc:8dKh,7dKc|/3d6cQd/Td/6h:0,-0(-79.374847)
461:Player,BR:0cc/cc/cc/r300c:6hQd,7c9h|/7hJdQs/7d/5c:-400,400(-396.692227)
462:BR,Player:0r130c/cc/cr115c/cr1035c:4cQc,3s4s|/5dThQh/2c/Qd:1380,-1380(1374.810605)
463:Player,BR:0cc/cc/r130c/cc:3d6s,6c7h|/ThAsAh/6d/7d:-230,230(-121.007171)
464:BR,Player:0r300c/cr520c/cc/cc:5s7s,4hJd|/3s8c9h/2c/Kd:-920,920(-920.000000)
465:Player,BR:0cc/cc/cc/cc:7cQs,5s6d|/9sKsAc/3d/4s:100,-100(92.891583)
466:BR,Player:0r200c/cc/cc/cc:8hTc,2dQc|/7h8sKh/Th/Kc:300,-300(272.316933)
467:Player,BR:0cc/cc/cc/cc:3d8d,QsKc|/3s5h6h/Jd/4c:100,-100(83.675886)
468:BR,Player:0r130c/cc/cc/cr115c:TsAd,4hQd|/6c7c9s/3s/Kc:345,-345(345.000000)
469:Player,BR:0cr300c/r520c/cc/r460f:4h8h,9cKc|/2h2d3h/8c/8d:920,-920(920.000000)
470:BR,Player:0r200c/cr390c/cr1380c/cr17930f:2h3h,4cQc|/2c6h7c/8h/Kc:-2070,2070(-2070.000000)
471:Player,BR:0cr600c/cc/r910f:8sTc,9cJd|/7cTsTh/5s:700,-700(700.000000)
472:BR,Player:0r200c/cc/cc/cc:TdJc,2s6s|/8c9cTh/9d/Kh:300,-300(300.000000)
473:Player,BR:0cc/cc/cc/cc:5c6d,4cAd|/2h5hTh/3d/6s:-100,100(-92.185151)
474:BR,Player:0r130c/cc/cc/cr460c:QhKd,5h8c|/3d5d8d/Ac/7s:-690,690(160.025774)
475:Player,BR:0cc/cc/cc/cc:7hTd,3d7d|/6d7sQc/8s/9d:100,-100(0.724329)
476:BR,Player:0f:2c4c,3c8d|:50,-50(50.000000)
477:Player,BR:0cr200c/cc/r390c/r897f:8sKd,7dTs|/5d7sKc/6s/9d:690,-690(690.000000)
478:BR,Player:0r200c/cr390c/cc/cc:9cTs,2sAs|/2c3d8c/Qh/6s:-690,690(-515.786430)
479:Player,BR:0cc/cc/r130f:3d8h,7d8c|/5cThAh/Qh:100,-100(100.000000)
480:BR,Player:0r130c/cc/cr299c/cr1058c:3s5s,4c8c|/5d7hKd/9c/Qc:1587,-1587(1533.010035)
481:Player,BR:0cc/cc/cc/cc:3cKc,3d8c|/5s7s9s/6c/2d:-100,100(-86.680155)
482:BR,Player:0r130c/cr299c/cr687c/cr3648f:TdKh,5h6h|/4h9hJh/8s/3c:-1216,1216(-1216.000000)
483:Player,BR:0cc/cc/cc/cc:4dQs,9dTc|/3d5s7s/Kh/Ts:-100,100(-79.543502)
484:BR,Player:0r130c/cc/cc/cc:2dTs,3c5s|/3d9hJh/Qd/Ah:-230,230(-230.000000)
485:Player,BR:0cr600f:TcAs,3h9h|:100,-100(100.000000)
486:BR,Player:0r130c/cc/cr460f:4c5s,2h3h|/3d7sQh/2c:-230,230(-230.000000)
487:Player,BR:0cr300c/cc/r200c/cc:4h6s,7d8d|/7s9sAc/Ks/3s:600,-600(545.208183)
488:BR,Player:0r200c/cc/cc/cr600c:2cAc,JsAs|/7s8dKh/Jd/2h:-900,900(376.656485)
489:Player,BR:0cc/cc/cc/cc:2c6d,3d4c|/3h8dJc/9c/As:-100,100(-4.091902)
490:BR,Player:0r130c/cc/cr299c/cr1058f:2c3h,6h6c|/3c5dQh/6d/9d:-529,529(-529.000000)
491:Player,BR:0cc/cc/cc/cc:3hJh,5c7c|/7hJsKc/As/6c:100,-100(-42.692146)
492:BR,Player:0r130c/cc/cc/cr299c:2cJs,TcKs|/4sTdJd/6s/2d:529,-529(501.197643)
493:Player,BR:0cc/cc/r200c/cc:5hTd,6dTs|/3s7s9c/Qh/8c:-300,300(-300.000000)
494:BR,Player:0r130c/cc/cc/cc:6h7d,5sAs|/5h6dJd/Th/2s:230,-230(230.000000)
495:Player,BR:0cc/cc/r300f:2s8h,5dJh|/4c8dJd/8c:100,-100(100.000000)
496:BR,Player:0r130c/cc/cr115c/cr2070c:4d8c,6cTh|/2s5cAc/8s/2d:2415,-2415(1883.800888)
497:Player,BR:0cc/cc/cc/cc:6sJc,KcAc|/2s6hQs/Jh/Ad:100,-100(-84.671970)
498:BR,Player:0r200c/cc/cc/cr390c:4cJc,2hKd|/9dTsAd/Kc/Ks:-690,690(-230.719339)
499:Player,BR:0cr300c/cc/cc/r520c:JhKh,2dAc|/5h7sAd/Jc/4s:-920,920(-745.506178)
500:BR,Player:0r130c/cc/cc/cr299c:4dKd,7h8c|/KsAdAc/3c/Qc:529,-529(-20.019250)
501:Player,BR:0cr300c/cc/cc/r200c:2d9d,8cAs|/5c8d9s/Qh/2c:600,-600(-205.133967)
502:BR,Player:0r130c/cc/cr115c/cc:7sQc,4cTh|/3dJsJc/2s/As:345,-345(342.640311)
503:Player,BR:0cr200c/cc/cc/cc:JdKc,8dKh|/3d7dQh/Ac/7c:0,-0(14.246339)
504:BR,Player:0r130c/cr299f:4s5d,5c8c|/2d6c9h:-230,230(-230.000000)
505:Player,BR:0cc/cc/cc/cc:8cAd,5h6d|/2s8dJs/Qd/Ks:100,-100(86.948377)
506:BR,Player:0r130c/cc/cc/cr299c:JcAs,JsKs|/3s3h6c/Jd/Tc:529,-529(110.643871)
507:Player,BR:0cc/cc/cc/cc:2c4s,9sAh|/3s8cTd/3d/8d:-100,100(-57.807399)
508:BR,Player:0r130c/cr299c/cr3174f:2hTh,7cQd|/4c5cAd/6s:-529,529(-529.000000)
509:Player,BR:0cr600f:5dAc,3h9h|:100,-100(100.000000)
510:BR,Player:0r130c/cc/cc/cr299c:4s5c,5s6s|/8cTdKd/Ad/4c:529,-529(-113.305003)
511:Player,BR:0cc/r130c/cc/cc:4sQs,3c9d|/KsAsAd/5s/3d:230,-230(3.101275)
512:BR,Player:0cc/cc/cr130c/cc:5sTh,6s9c|/2s9sTs/5h/7d:230,-230(230.000000)
513:Player,BR:0cr300c/cc/cc/r520c:5c6s,8sAd|/3s3d8h/Qc/2h:-920,920(-852.422217)
514:BR,Player:0r130c/cr299c/cr1058c/cr2063f:8c9h,7d9s|/3c8dTd/Jd/Th:-1587,1587(-1587.000000)
515:Player,BR:0cr200c/cc/r150c/r585f:KhKd,4h5h|/JdQhAh/5d/As:450,-450(450.000000)
516:BR,Player:0cc/cr200c/cr390f:4d4c,5sTs|/3s8cTd/As:-300,300(-300.000000)
517:Player,BR:0cc/cc/cc/cc:5d9c,6sJh|/6cQhAs/Ks/5c:-100,100(-42.308926)
518:BR,Player:0f:5s5c,2h3c|:50,-50(50.000000)
519:Player,BR:0cc/cc/r130c/r460c:2c3s,7cKh|/5d6sAh/4s/Qd:690,-690(187.076918)
520:BR,Player:0r130c/cr460c/cr1380c/cc:4s6d,JsJd|/2c6h7h/6c/3c:2070,-2070(2070.000000)
521:Player,BR:0cr200c/cc/cc/cc:8dAd,8cTd|/4c5sTh/3c/Ks:-300,300(-189.539088)
522:BR,Player:0r130c/cc/cc/cc:2s6s,6dAs|/4h4dJc/7d/9s:-230,230(-230.000000)
523:Player,BR:0cc/cc/r130f:5sQh,TdJh|/3c4s6d/2c:100,-100(100.000000)
524:BR,Player:0r130c/cr460f:6cJh,5h6h|/3d7c8s:-230,230(-230.000000)
525:Player,BR:0cc/cc/r130c/cc:7dJh,3sTh|/9sTcAh/Kc/6d:-230,230(-216.314390)
526:BR,Player:0r130c/cr299c/cr687c/cr2432c:8cKh,AhAc|/4h5sKc/Ad/Jc:-3648,3648(-201.211785)
527:Player,BR:0cc/cc/cc/cc:3hKs,7sJc|/5s7cQc/6s/5h:-100,100(-62.737001)
528:BR,Player:0cc/cr200c/cc/cc:9hKs,4hQh|/3s7hJc/3c/8c:300,-300(293.257171)
529:Player,BR:0cc/cc/cc/r130c:6sQh,6c9d|/3d6h9c/Ac/5c:-230,230(-214.555386)
530:BR,Player:0r200c/cc/cr390c/cc:QsAh,2cKc|/QhKsAc/8h/Tc:690,-690(690.000000)
531:Player,BR:0cc/cc/r130c/r460f:7dTs,3sQd|/9dTdTc/7s/6h:230,-230(230.000000)
532:BR,Player:0r200c/cc/cc/cr390c:2s7s,4c5c|/7h9sKh/Qd/9h:690,-690(-246.332434)
533:Player,BR:0cr600c/r910c/cc/cc:3h4h,9cTs|/2d7c8h/9d/4d:-1610,1610(-1225.845171)
534:BR,Player:0r130c/cc/cc/cc:2h3s,6hKs|/2d2cJs/Qd/9s:230,-230(230.000000)
535:Player,BR:0cr200c/cc/r150c/cc:9sKc,4sJh|/2h6cAs/2c/7s:450,-450(432.255015)
536:BR,Player:0r130c/cr690c/cr1840c/cr5520c:9sKc,TcQh|/9h9cJc/Kd/6h:8280,-8280(8280.000000)
537:Player,BR:0cc/r130c/cc/cc:3s8c,QdAd|/5c6s7d/Js/Th:-230,230(-214.116229)
538:BR,Player:0cc/cc/cc/cr200f:6sJs,3sTc|/2dThKs/5h/7d:-100,100(-100.000000)
539:Player,BR:0cr200c/cc/r150f:7hKc,2hQd|/3d6sAd/7s:300,-300(300.000000)
540:BR,Player:0f:6c7c,3cTh|:50,-50(50.000000)
541:Player,BR:0cc/cc/cc/r130c:5sKc,6sQs|/2h5cQc/8h/3c:-230,230(-161.094411)
542:BR,Player:0r130c/cr460c/cc/cr897c:6hKc,8dJc|/9dThQs/Jd/4d:1587,-1587(-45.704810)
543:Player,BR:0cc/cc/r130f:2c5h,2s5s|/4c6cTs/Th:100,-100(100.000000)
544:BR,Player:0r130c/cr460c/cr897f:5sJh,3dQh|/2d2cAs/8s:-690,690(-690.000000)
545:Player,BR:0cr200c/cc/r150c/r225f:2dTc,7cQc|/2c4d5d/5s/6s:450,-450(450.000000)
546:BR,Player:0r200c/cr390c/cc/cc:QdAd,2s3s|/5c8cKc/5s/Jc:690,-690(193.993936)
547:Player,BR:0cc/cc/r130c/cc:3hQc,8sKc|/6h8dAh/Qh/2d:230,-230(-180.795747)
548:BR,Player:0cc/cr130c/cc/cc:QhKc,4c7c|/3h6hTh/7s/9d:-230,230(-30.187916)
549:Player,BR:0cr300f:QcKc,4c6s|:100,-100(100.000000)
550:BR,Player:0r130c/cr299f:2h6c,9cTh|/5h8h8c:-230,230(-230.000000)
551:Player,BR:0cr130c/cc/r115c/r448f:4hKh,4d8c|/7h9sKd/Ks/8h:345,-345(345.000000)
552:BR,Player:0r130c/cr299f:3dQs,TdJh|/5h7d8h:-230,230(-230.000000)
553:Player,BR:0cr300c/cc/r200c/r780c:6d7d,8d8c|/2d8hKd/5s/Ac:-1380,1380(-1378.880525)
554:BR,Player:0r200c/cc/cc/cr600f:7d9h,8hAc|/7hTdQs/6h/9c:-300,300(-300.000000)
555:Player,BR:0cc/cc/cc/r130c:3s8d,6dAd|/5h7c9d/Kh/Qs:-230,230(15.958202)
556:BR,Player:0r200c/cr390c/cc/cr897c:7sAh,9h9c|/5h6c7h/Kh/Th:1587,-1587(1587.000000)
557:Player,BR:0cc/cc/cc/r130c:3c7s,5c6s|/5sTsAc/Jh/4c:-230,230(-14.567017)
558:BR,Player:0cc/cc/cr130c/cc:8cQs,4sTh|/8sKsAs/2c/Jc:230,-230(137.961359)
559:Player,BR:0cc/cc/cc/cc:4cJh,3d7c|/6s6dTs/2s/8d:100,-100(95.725608)
560:BR,Player:0r130c/cr299c/cr1058c/cc:8sAc,5sAd|/2d4hJh/Ts/7h:1587,-1587(-702.860251)
561:Player,BR:0cc/cc/cc/cc:3sQd,ThJc|/2s6s8d/2c/Ts:-100,100(-78.069399)
562:BR,Player:0r130c/cr299f:7h8c,6hKs|/3cJdQh:-230,230(-230.000000)
563:Player,BR:0cr300f:7sTc,3d6c|:100,-100(100.000000)
564:BR,Player:0cc/cr130c/cc/cc:5cKh,7h8d|/5h6sJh/Jd/Qs:230,-230(199.377486)
565:Player,BR:0cr600f:8dKs,6sJh|:100,-100(100.000000)
566:BR,Player:0r200c/cc/cc/cc:QdKh,3dAd|/7s9dQh/4s/Ts:300,-300(300.000000)
567:Player,BR:0cc/cc/cc/r130f:5h7c,JsAh|/2s2h3c/7h/Qh:100,-100(100.000000)
568:BR,Player:0f:6sTh,2s8c|:50,-50(50.000000)
569:Player,BR:0cr300c/cc/cc/r200c:8dAs,5c9s|/4c7cJs/2c/8c:-600,600(-576.897134)
570:BR,Player:0r130c/cc/cr115c/cc:3h7h,5s5c|/4c7d9d/4s/Kc:345,-345(287.982687)
571:Player,BR:0cc/cc/cc/cc:TcAd,7s7d|/5hAsAc/5d/8s:100,-100(-44.721423)
572:BR,Player:0r130c/cc/cc/cc:4d9h,8hAc|/2h5hQh/9c/Td:230,-230(230.000000)
573:Player,BR:0cc/cc/r300c/cc:2dAs,7c9c|/4sAhAc/6h/Kd:400,-400(-25.176670)
574:BR,Player:0f:5s9s,2d3s|:50,-50(50.000000)
575:Player,BR:0cc/cc/cc/r200c:8h9d,JsQd|/7d8dAc/4s/3h:300,-300(84.468283)
576:BR,Player:0r130c/cc/cc/cc:8dQc,6hKd|/9sJcAd/2c/Jd:-230,230(-205.310597)
577:Player,BR:0cc/cc/cc/r130c:6h8d,8cAs|/6dKhAh/8s/7c:-230,230(-230.000000)
578:BR,Player:0r200c/cc/cr390c/cr897c:5sJd,8h9h|/4cQsKs/Ad/7h:1587,-1587(20.302339)
579:Player,BR:0cc/cc/cc/cc:8dAs,3h9h|/2h3s5s/4s/Ad:0,-0(9.198782)
580:BR,Player:0r130c/cr299c/cr687c/cr2432f:5sAc,3s3h|/2d3dKh/Jc/6c:-1216,1216(-1216.000000)
581:Player,BR:0cc/cc/r200c/r390f:2c5h,7hKh|/3c6s9h/7d/8s:300,-300(300.000000)
582:BR,Player:0cc/cr130c/cc/cc:4hAd,4d7s|/5sJsJh/5h/Ah:230,-230(219.704645)
583:Player,BR:0cc/cc/r130c/r115f:3c9s,6sQd|/3s5s5c/8d/9c:230,-230(230.000000)
584:BR,Player:0r130c/cr299c/cc/cr687f:2hJh,5c8c|/3d8h9s/7h/6s:-529,529(-529.000000)
585:Player,BR:0cc/cc/cc/r130f:2cJh,3h5s|/6dJdAh/Qd/Qh:100,-100(100.000000)
586:BR,Player:0r130c/cc/cr115c/cc:QhAh,4sKc|/8h8cTd/9d/2d:345,-345(184.711197)
587:Player,BR:0cc/cc/r130c/cc:2d9h,3sJs|/6s8h8c/7c/9s:230,-230(220.762337)
588:BR,Player:0r130c/cr299c/cc/cr687f:6dJh,5h7s|/3cTsQs/Qh/7c:-529,529(-529.000000)
589:Player,BR:0cr600f:8hKc,2hTc|:100,-100(100.000000)
590:BR,Player:0r130c/cc/cc/cr299c:3hTd,5h6c|/7h9dQh/Th/4h:-529,529(76.028490)
591:Player,BR:0cc/cc/cc/cc:6h7s,6dJd|/7d9hQh/9s/9d:100,-100(38.362123)
592:BR,Player:0r300c/cr520c/cr2760c/cc:JsAs,3h9h|/3s4c9d/2s/2c:-3680,3680(1814.883365)
593:Player,BR:0cc/cc/cc/cc:2h5c,4sTs|/QdKhKc/Ah/Qc:0,-0(10.444514)
594:BR,Player:0cc/cr200f:3c6s,AsAh|/7sJcQc:-100,100(-100.000000)
595:Player,BR:0cc/cc/cc/cc:8hKs,8cJd|/5h7hAd/Td/2c:100,-100(80.784249)
596:BR,Player:0r130c/cr460c/cr897c/cr4761c:7s7d,6c8h|/3d5sJc/4d/5c:6348,-6348(2691.795980)
597:Player,BR:0cr600c/r910c/cc/r2093f:KdAs,4h4d|/5h5cKh/6h/7c:1610,-1610(1610.000000)
598:BR,Player:0cc/cr130c/cr690c/cr1196f:8sKh,JhAs|/9cAhAc/7d/3c:-920,920(-920.000000)
599:Player,BR:0cr130c/cc/r115c/cc:9sKc,6dQc|/2d5dQh/Jd/8d:-345,345(-323.972929)
600:BR,Player:0r200c/cr390f:7s8c,3cJc|/2s3d9h:-300,300(-300.000000)
601:Player,BR:0cc/cc/cc/cc:4hQd,2dAs|/8c9hAc/Jh/9c:-100,100(-75.894859)
602:BR,Player:0r130c/cr299c/cr264c/cc:8cAh,8dKc|/9cTdKs/Jh/7d:0,-0(664.787220)
603:Player,BR:0cc/cc/cc/cc:5h9s,TcQh|/2s9hQd/Ks/2d:-100,100(-59.007153)
604:BR,Player:0r300c/cc/cc/cr800c:3c5c,6cJs|/7dAsAc/Qh/7s:0,-0(-0.000000)
605:Player,BR:0cc/cc/cc/cc:4sQh,2s6d|/3d5s7s/Ks/8h:100,-100(97.897421)
606:BR,Player:0cc/cr130f:3s5d,2cQs|/2d8s9h:-100,100(-100.000000)
607:Player,BR:0cc/cc/cc/cc:5s6h,8cKs|/4h4dJc/9h/7c:-100,100(3.481894)
608:BR,Player:0r200c/cc/cc/cr390c:5dKc,2sJs|/2d9sTc/5c/5h:690,-690(688.571122)
609:Player,BR:0cc/cc/cc/r130f:7dAc,2d3h|/2s7cJd/Ah/6s:100,-100(100.000000)
610:BR,Player:0cc/cr130c/cc/cc:3sKh,3cJh|/2d5sTh/6d/3h:230,-230(-36.836042)
611:Player,BR:0cc/cc/cc/cc:9hKd,7hQh|/7cQsKc/4s/Jh:-100,100(-95.702139)
612:BR,Player:0f:4s5d,2hTd|:50,-50(50.000000)
613:Player,BR:0cc/cc/r130c/r460c:3h5s,3dJs|/7hJhAd/6d/Qc:-690,690(-350.567854)
614:BR,Player:0r200c/cr390f:2sTd,7sTs|/3s8cAc:-300,300(-300.000000)
615:Player,BR:0cr200c/r600c/r1800c/r1350c:4c5c,6cQd|/6h7dJd/4h/Qc:-4050,4050(-3214.111603)
616:BR,Player:0r130c/cc/cr115c/cc:7cJc,2cKc|/7hTdQh/6d/2s:345,-345(279.746883)
617:Player,BR:0cc/cc/cc/cc:6cKd,8h8d|/3s6hTc/7c/Kc:100,-100(-64.302000)
618:BR,Player:0r130c/cr299c/cc/cc:7sAc,6h8d|/4s9hKh/Qs/7h:529,-529(293.579618)
619:Player,BR:0cc/r200c/cc/cc:3s4c,3c8s|/2h2cQd/7d/7h:0,-0(0.694921)
620:BR,Player:0cc/cr130c/cr299c/cr687c:4cTs,7h8d|/4hJdAc/Kd/2s:1216,-1216(1044.596801)
621:Player,BR:0cr300c/r520c/cc/r2760f:JhQs,7s9h|/2h9sJs/Td/Kc:920,-920(920.000000)
622:BR,Player:0r200c/cr900f:6dQc,8cKh|/5h9hTs:-300,300(-300.000000)
623:Player,BR:0cr300c/cc/cc/r200f:2sTs,2cTc|/6h9cQd/9d/7c:400,-400(400.000000)
624:BR,Player:0cc/cc/cr130c/cc:5sKd,4d6h|/KcAsAc/6d/Js:230,-230(230.000000)
625:Player,BR:0cr300f:JhAd,4d6c|:100,-100(100.000000)
626:BR,Player:0r130c/cc/cr299c/cr1587f:9dAc,ThQd|/3sJhKs/Ad/7s:-529,529(-529.000000)
627:Player,BR:0cc/cc/cc/cc:7hJd,3h5s|/3dKcAs/Kd/8s:-100,100(-86.175078)
628:BR,Player:0cc/cc/cr200c/cc:8hJd,7h9c|/3c9sTd/5h/8s:-300,300(-272.578144)
629:Player,BR:0cc/cc/cc/cc:4hKc,3c5c|/7cTdJc/Jd/9c:-100,100(-97.653068)
630:BR,Player:0r200c/cc/cc/cc:2d9s,3dKh|/2cTdJh/Th/4d:300,-300(300.000000)
631:Player,BR:0cr200c/r390f:7dTh,4h5c|/2sJhKs:300,-300(300.000000)
632:BR,Player:0r200f:2d7h,7sTh|:-100,100(-100.000000)
633:Player,BR:0cc/cc/cc/cc:JsQc,9dKh|/4s8hKs/7c/Ad:-100,100(-59.964723)
634:BR,Player:0r130c/cc/cr299f:8hJc,5hQh|/9sQsAh/7c:-230,230(-230.000000)
635:Player,BR:0cc/cc/cc/r130c:4h7c,4cTd|/2c5dTc/5s/As:-230,230(-184.298374)
636:BR,Player:0r200c/cr900f:6cTd,4s6d|/3s3h4h:-300,300(-300.000000)
637:Player,BR:0cr200f:KhKd,2h5s|:100,-100(100.000000)
638:BR,Player:0r130c/cc/cc/cc:6hAs,5sAh|/7s7dTh/3s/6c:230,-230(230.000000)
639:Player,BR:0cr600f:AhAc,3h9d|:100,-100(100.000000)
640:BR,Player:0f:9sKs,2s8d|:50,-50(50.000000)
641:Player,BR:0cc/cc/cc/cc:3cJs,TsJc|/5d6c7h/Kd/Kh:-100,100(69.296152)
642:BR,Player:0r130c/cr299c/cc/cc:5d9s,3d7d|/JhKhKd/2s/2d:0,-0(-129.428044)
643:Player,BR:0cc/cc/cc/r130c:8hAd,7cKc|/3hTsKs/9d/As:230,-230(-143.455657)
644:BR,Player:0r130c/cr460c/cr345c/cc:6d9d,QhQc|/3d5d7h/Qd/Kd:1035,-1035(1035.000000)
645:Player,BR:0cc/cc/r130c/r299c:3s7d,4sQd|/2dTsJd/Kd/5h:-529,529(173.485918)
646:BR,Player:0r130c/cc/cc/cr299c:7s9c,4dTh|/5d6c8c/Ad/5c:529,-529(525.339128)
647:Player,BR:0cc/cc/cc/cc:7dKs,TcQh|/3d9dTs/Ac/9c:-100,100(-71.454002)
648:BR,Player:0f:3c6s,2c9d|:50,-50(50.000000)
649:Player,BR:0cc/cc/cc/r300f:2cQd,6cJs|/2h4c5c/Td/Qs:100,-100(100.000000)
650:BR,Player:0r200c/cr900f:6d9s,QhAh|/4sKdAd:-300,300(-300.000000)
651:Player,BR:0cr300f:7hAd,4d8c|:100,-100(100.000000)
652:BR,Player:0r130c/cc/cc/cc:3dTh,4dAs|/6dTcKd/7d/Ks:230,-230(230.000000)
653:Player,BR:0cr200c/cc/cc/cc:5cAh,3c7c|/2d9sJd/2s/8c:300,-300(300.000000)
654:BR,Player:0f:3h5s,2h9c|:50,-50(50.000000)
655:Player,BR:0cc/cc/cc/r130c:6h8s,2h2c|/2d4cQd/Tc/4d:-230,230(-227.672222)
656:BR,Player:0r200c/cc/cc/cr390f:2cJd,TcAh|/4s6d7c/5s/Ac:-300,300(-300.000000)
657:Player,BR:0cr300f:9cAd,3h5d|:100,-100(100.000000)
658:BR,Player:0r200c/cr390c/cc/cr897c:JhKh,9dTh|/2h5cTs/2d/Kc:1587,-1587(1584.352493)
659:Player,BR:0cc/cc/cc/cc:4sAd,6sTc|/6hJsKh/Th/Kc:-100,100(-76.345791)
660:BR,Player:0f:2s6s,2dTs|:50,-50(50.000000)
661:Player,BR:0cc/cc/r130c/r299c:2c4h,8cAc|/3c6cQh/9h/9d:-529,529(-65.576677)
662:BR,Player:0f:3h6s,2c6h|:50,-50(50.000000)
663:Player,BR:0cc/cc/r130f:4d9h,3c5h|/TsThAd/7c:100,-100(100.000000)
664:BR,Player:0r130c/cr299c/cc/cc:9cAc,3sTs|/3c6h6d/2d/5c:-529,529(-236.560849)
665:Player,BR:0cr300c/cc/cc/cc:QhKh,6hTs|/4c6dJh/7d/4s:-400,400(-335.326567)
666:BR,Player:0r130c/cr299c/cc/cc:9hJc,6cQd|/5c6hAs/Js/Td:529,-529(529.000000)
667:Player,BR:0cr300c/r520f:3h7h,6h9c|/8cJdKd:400,-400(400.000000)
668:BR,Player:0r130c/cr299f:3hTc,6d9s|/4s8sQc:-230,230(-230.000000)
669:Player,BR:0cr200c/cc/r390c/cc:AsAc,7dQc|/4s5sTc/7s/2s:690,-690(-139.859711)
670:BR,Player:0cc/cc/cr300c/cc:3hAs,2dJd|/8hJsAh/3c/9c:400,-400(400.000000)
671:Player,BR:0cr200c/cc/cc/cc:3dTd,2h9s|/ThJcKh/Ah/6s:300,-300(292.973765)
672:BR,Player:0r130c/cr299c/cr687f:2cKh,5cTd|/2d3h8d/4d:-529,529(-529.000000)
673:Player,BR:0cr300c/r520c/r1840c/r3588f:8h9h,9cKh|/3h5h8s/8c/4s:2760,-2760(2760.000000)
674:BR,Player:0r130c/cr299c/cr687c/cr1580f:4cQd,2hAs|/2s6sAc/3c/Tc:-1216,1216(-1216.000000)
675:Player,BR:0cr300c/r800c/r2400f:7sKs,7hQs|/6h7dKd/Ts:1200,-1200(1200.000000)
676:BR,Player:0r130c/cr299f:5h9c,6cKc|/3d6dTc:-230,230(-230.000000)
677:Player,BR:0cc/cc/cc/cc:2h3s,5s5d|/5cKhKd/6h/8h:-100,100(-98.686421)
678:BR,Player:0r130c/cr299c/cr687f:7d9s,7c8h|/4s5c6d/Ah:-529,529(-529.000000)
679:Player,BR:0cr300c/cc/cc/cc:JsAc,7cJc|/7hQdKc/6c/4h:-400,400(-254.683998)
680:BR,Player:0cc/cc/cr130f:2s4d,2hKd|/9hTsKc/7s:-100,100(-100.000000)
681:Player,BR:0cr300f:4h4d,2c8s|:100,-100(100.000000)
682:BR,Player:0cc/cr130f:2h6s,7cJs|/3d5dTc:-100,100(-100.000000)
683:Player,BR:0cc/cc/cc/r130f:9dQs,3s4c|/3h5dJc/Td/9c:100,-100(100.000000)
684:BR,Player:0cc/cc/cc/cc:2d5c,TdKh|/3d5s7d/7c/7h:100,-100(100.000000)
685:Player,BR:0cc/cc/r130c/r299f:4s9c,3hJs|/3sKcAc/5h/5c:230,-230(230.000000)
686:BR,Player:0r130c/cc/cc/cc:2c4s,5hAc|/6cQsQd/7d/Th:-230,230(-230.000000)
687:Player,BR:0cc/cc/cc/r200f:2hAc,9cJh|/2c4dAs/Qd/3h:100,-100(100.000000)
688:BR,Player:0r130c/cc/cc/cc:AsAc,JhKd|/3h6h8h/2c/4d:230,-230(230.000000)
689:Player,BR:0cr300c/r520c/r1196c/r423c:4sAs,9hAh|/8hJdAd/3c/5s:-2539,2539(-2539.000000)
690:BR,Player:0r200c/cr390c/cc/cr897f:5c8c,8sAc|/3hQdAd/3d/4c:-690,690(-690.000000)
691:Player,BR:0cc/cc/cc/cc:3s4d,2h8h|/6c7s7d/6h/Js:0,-0(57.794502)
692:BR,Player:0cc/cc/cc/cc:9dKc,2hAd|/6h7cQc/Kd/8h:100,-100(100.000000)
693:Player,BR:0cr300f:JsJd,4c8h|:100,-100(100.000000)
694:BR,Player:0r200c/cc/cr390f:3c6s,3sKh|/2s9dQs/Jd:-300,300(-300.000000)
695:Player,BR:0cc/cc/r130f:7h8c,5s6d|/4hJdKs/Ts:100,-100(100.000000)
696:BR,Player:0r130c/cc/cr460f:7dJc,5s7c|/2c4s5d/8h:-230,230(-230.000000)
697:Player,BR:0cc/cc/r130c/r299f:2s7s,QhKh|/4c5h5c/7h/5d:230,-230(230.000000)
698:BR,Player:0cc/cr200f:4c5c,4sQs|/2dTdQh:-100,100(-100.000000)
699:Player,BR:0cr200c/r390c/r897c/r2063c:6d9d,8cTc|/3cThJh/Kd/4c:-3650,3650(-2832.325205)
700:BR,Player:0r200c/cr390f:2s7s,7dKh|/3c6hJd:-300,300(-300.000000)
701:Player,BR:0cc/cc/r300c/r520c:3d5h,8cQh|/4dQsKh/6s/4c:-920,920(279.768574)
702:BR,Player:0r300c/cr1200c/cc/cc:JdQs,4cKs|/5c6cQh/8h/Th:1600,-1600(1600.000000)
703:Player,BR:0cr200c/r390c/r138c/r2484f:9dKd,5d5c|/TdQdKh/8d/4s:828,-828(828.000000)
704:BR,Player:0r130c/cr299f:3d7c,5cJs|/5h5dKs:-230,230(-230.000000)
705:Player,BR:0cc/cc/cc/cc:7hQh,9cJs|/3d3cTc/Jh/6d:-100,100(-84.094456)
706:BR,Player:0cc/cr130c/cr460c/cr1380c:8dKd,4h9d|/3s9h9c/8s/Ad:-2070,2070(1006.520515)
707:Player,BR:0cc/cc/cc/r130f:6sAc,2s7h|/4d9cKc/6c/2d:100,-100(100.000000)
708:BR,Player:0cc/cr130c/cc/cc:3sAc,4h8d|/3h9sKh/Ks/7d:230,-230(227.719818)
709:Player,BR:0cr200c/r390f:AsAc,7cTh|/5s8sKs:300,-300(300.000000)
710:BR,Player:0r130c/cc/cc/cc:8d8c,6cKd|/2hQsAc/Jh/Qd:230,-230(203.894748)
711:Player,BR:0cr600f:JhAh,2d9d|:100,-100(100.000000)
712:BR,Player:0r200c/cc/cc/cc:5h7d,4h7c|/5d9hAd/4c/9c:300,-300(300.000000)
713:Player,BR:0cc/cc/cc/cc:9cTh,QdAh|/5s7h8c/6h/5h:100,-100(62.838273)
714:BR,Player:0r130c/cc/cc/cc:7c9s,6sKd|/5hJsAs/3h/Qc:-230,230(-230.000000)
715:Player,BR:0cc/cc/cc/cc:6sJc,3dTh|/4cTcKh/4h/Qs:-100,100(-36.991905)
716:BR,Player:0r130c/cc/cr115c/cr1035c:9hQd,2hQh|/7d8sTd/5d/6h:1380,-1380(1243.936724)
717:Player,BR:0cc/cc/cc/cc:9sJc,6d9c|/3h7hKd/Qs/2c:100,-100(93.793160)
718:BR,Player:0r130c/cr299c/cc/cr687c:9cQs,6hKs|/4s6d9s/Qc/Kh:-1216,1216(-93.471046)
719:Player,BR:0cc/cc/r130c/r299f:TdQs,8cJd|/3d6cKs/Qc/Ah:230,-230(230.000000)
720:BR,Player:0r130c/cr299f:4d9s,6sJs|/3h5h8c:-230,230(-230.000000)
721:Player,BR:0cr600c/cc/cc/cc:TcAs,9hJc|/2s7cQh/3c/8h:700,-700(700.000000)
722:BR,Player:0r130c/cc/cc/cr460f:JcAh,9dJd|/6s6h9h/2s/3d:-230,230(-230.000000)
723:Player,BR:0cc/cc/cc/r130c:2d3c,8sQc|/5h5d8d/9d/8h:-230,230(-215.184981)
724:BR,Player:0r130c/cc/cc/cc:3h8d,4d5c|/TdQhQc/Kd/Ks:0,-0(-75.313552)
725:Player,BR:0cc/cc/r130c/cc:3h8d,7c9s|/2cThQs/Tc/7h:-230,230(-185.331872)
726:BR,Player:0cc/cr300c/cc/cc:TcQh,4cTs|/2s7cKc/3s/7d:400,-400(400.000000)
727:Player,BR:0cc/cc/cc/cc:9dQs,QcKc|/2h8sAc/3h/4h:-100,100(34.088103)
728:BR,Player:0f:5c8h,2d7h|:50,-50(50.000000)
729:Player,BR:0cc/cc/r130c/r460f:3hAd,5dKs|/3c7dAc/6d/7c:230,-230(230.000000)
730:BR,Player:0cc/cc/cr130f:7hQc,4d7c|/4h9sTd/3s:-100,100(-100.000000)
731:Player,BR:0cc/cc/cc/cc:9dKs,8dKh|/3d7hAd/4d/6s:100,-100(54.360276)
732:BR,Player:0r130c/cr460f:6s9d,3cJc|/ThQsKc:-230,230(-230.000000)
733:Player,BR:0cc/cc/r130c/cc:5s9h,AdAc|/2c6h8c/5d/Jc:-230,230(-220.819033)
734:BR,Player:0r130c/cc/cr299c/cr1587c:8hKh,9hQh|/9dJcAd/9s/3h:-2116,2116(-432.614638)
735:Player,BR:0cc/cc/cc/cc:5cTd,ThAc|/7hJcQs/3s/Jd:-100,100(-69.839768)
736:BR,Player:0f:QcKd,3d9c|:50,-50(50.000000)
737:Player,BR:0cc/cc/cc/cc:6dTs,5s8d|/ThJsQs/Qd/Jd:0,-0(41.176778)
738:BR,Player:0r130c/cr299c/cr687c/cr3648c:7cAs,2hQh|/4s6hTh/8h/5h:-4864,4864(-517.351326)
739:Player,BR:0cc/cc/r130c/r690f:6s9s,4cJh|/7c9cKh/3d/6d:230,-230(230.000000)
740:BR,Player:0r130c/cc/cc/cc:5s8d,JhQs|/4dAsAd/9c/6h:-230,230(-230.000000)
741:Player,BR:0cr200c/r390c/r1380c/r2691f:8cQs,4dJs|/8h8dAc/Jd/3d:2070,-2070(2070.000000)
742:BR,Player:0r130c/cc/cr115f:3c7s,5h8h|/5d9dKc/9s:-230,230(-230.000000)
743:Player,BR:0cc/cc/cc/cc:4h5c,5d9c|/6d8c9d/Ah/9h:-100,100(-96.510791)
744:BR,Player:0cc/cc/cr130c/cr460f:4sAh,2cJs|/3s5s5d/9h/Th:-230,230(-230.000000)
745:Player,BR:0cc/cc/cc/r200f:5d6s,4sQh|/7d8dTs/4d/Ad:100,-100(100.000000)
746:BR,Player:0cc/cr130c/cr299c/cc:4c7h,3h6c|/3s7sTs/5d/Jd:529,-529(52.358822)
747:Player,BR:0cr200c/r600c/cc/r2700c:JsQc,7sKd|/7hJcQh/Ks/Qd:3600,-3600(-807.400928)
748:BR,Player:0r130c/cc/cc/cc:2c6d,2dAd|/6cJsKd/Jh/3d:230,-230(217.256051)
749:Player,BR:0cc/cc/r200f:7sTc,3s8s|/2d6sKd/9c:100,-100(100.000000)
750:BR,Player:0r200c/cr390c/cr897c/cr2063f:3hKc,ThQh|/6hTsTc/Ac/5d:-1587,1587(-1587.000000)
751:Player,BR:0cr200c/cc/cc/r900c:5dQd,7cAs|/9cQsAd/5h/5s:1200,-1200(-1106.999458)
752:BR,Player:0r200c/cc/cc/cc:JsQs,8hAh|/6sTdKd/8c/Qc:300,-300(300.000000)
753:Player,BR:0cc/cc/cc/cc:8cKd,3h6h|/5s7sJs/4c/Ac:-100,100(-94.041599)
754:BR,Player:0r130c/cc/cr299c/cc:QdQc,4hQs|/3h6s9c/Ah/4d:529,-529(529.000000)
755:Player,BR:0cr300c/cc/cc/r200f:QsAh,6dKd|/5c6cJd/Ad/Tc:400,-400(400.000000)
756:BR,Player:0r130c/cr299c/cr687f:8cJc,7sQc|/2s3cTd/5s:-529,529(-529.000000)
757:Player,BR:0cc/cc/cc/cc:4cTd,2d7c|/2c3s4d/Js/6s:100,-100(32.586836)
758:BR,Player:0cc/cc/cr130c/cr690f:7d7c,3dAh|/KsKdAd/9s/Ac:-230,230(-230.000000)
759:Player,BR:0cc/cc/cc/cc:5dTs,7sKc|/6hJcKs/Kh/Jd:-100,100(-95.734310)
760:BR,Player:0r130c/cc/cc/cc:8hTd,QdAd|/8cTsJh/Jd/3c:230,-230(230.000000)
761:Player,BR:0cr200c/cc/r150c/r225c:QdKc,9sAs|/6sTdJc/3h/7s:-675,675(300.576987)
762:BR,Player:0r130c/cc/cr115f:2d3d,6s8s|/4s6cAs/Qh:-230,230(-230.000000)
763:Player,BR:0cr200c/r390c/cc/r2070c:3dTh,QhKc|/7dJhQd/8c/5h:-2760,2760(-1884.551263)
764:BR,Player:0r130c/cr299c/cc/cc:6cKh,5s8d|/2s9dAc/8c/6d:-529,529(142.755127)
765:Player,BR:0cc/cc/cc/cc:8sTd,2dTs|/2c3cAc/3h/2s:-100,100(-82.887465)
766:BR,Player:0cc/cc/cc/cr200f:3d9c,6s7c|/2dTsTc/8d/5d:-100,100(-100.000000)
767:Player,BR:0cr300f:TsTh,2s8d|:100,-100(100.000000)
768:BR,Player:0r130c/cc/cc/cc:2h4h,3dQd|/8hTdKh/Jc/Qc:-230,230(-230.000000)
769:Player,BR:0cc/cc/cc/r130c:6cAh,JdAs|/ThKhAd/Ac/7c:-230,230(-221.729768)
770:BR,Player:0r130c/cc/cc/cc:4cJc,9sAh|/3c4d7h/6c/Js:230,-230(230.000000)
771:Player,BR:0cr200c/r600f:JhKs,8sTc|/5d9dKh:300,-300(300.000000)
772:BR,Player:0f:9sAh,2hJd|:50,-50(50.000000)
773:Player,BR:0cc/cc/r130c/r299f:6hAd,4hTd|/3dJcAc/Ts/9d:230,-230(230.000000)
774:BR,Player:0r200c/cr390c/cr2070f:6sAd,QcKd|/2h5cKc/7s:-690,690(-690.000000)
775:Player,BR:0cc/cc/cc/cc:2dTh,7hKs|/5h6s9s/Qh/As:-100,100(16.215949)
776:BR,Player:0cc/cc/cc/cc:7hJs,3cAs|/7c8hQc/Kc/2s:100,-100(92.791584)
777:Player,BR:0cr200c/r600c/cc/cc:8hTh,JsKc|/7cJdQh/3c/5h:-900,900(-742.640032)
778:BR,Player:0r200c/cc/cr150c/cc:TsKh,3cJd|/ThAsAh/3h/Qd:450,-450(419.854459)
779:Player,BR:0cr300c/cc/r800f:AsAc,6sJs|/9hQdKh/8d:400,-400(400.000000)
780:BR,Player:0cc/cc/cc/cc:9sTh,3h4c|/4hJsAd/5h/6c:-100,100(-100.000000)
781:Player,BR:0cc/cc/cc/cc:4c6h,5hAh|/2s2c7s/Th/6c:100,-100(-52.574148)
782:BR,Player:0r200c/cc/cc/cr600c:3hJs,3c6h|/8sJdAs/Jh/2s:900,-900(886.999460)
783:Player,BR:0cc/cc/cc/cc:2h8s,4sTd|/9s9h9d/5d/As:-100,100(36.630614)
784:BR,Player:0r130c/cr299c/cr687f:8cAs,5cKs|/5sQsKh/Td:-529,529(-529.000000)
785:Player,BR:0cc/cc/r200f:4s9s,AsAh|/4d4cTs/Qs:100,-100(100.000000)
786:BR,Player:0r130c/cc/cr690c/cc:6s7c,4d6d|/2c7hAh/Js/6h:920,-920(920.000000)
787:Player,BR:0cc/cc/cc/cc:6h7d,5cJd|/7c9hKh/8d/Js:-100,100(-81.826440)
788:BR,Player:0r130c/cc/cc/cr460c:TsKs,7hKc|/2dAhAc/Kh/4c:690,-690(689.772161)
789:Player,BR:0cr300c/cc/cc/cc:JsAh,4dTc|/6h6c9c/5c/4c:-400,400(-338.825279)
790:BR,Player:0cc/cr200c/cr600c/cc:2d6s,4h9c|/2c8cTs/7c/Jc:-900,900(-900.000000)
791:Player,BR:0cc/cc/cc/cc:ThKc,2h8c|/3c4h5s/5c/Qs:100,-100(100.000000)
792:BR,Player:0r130c/cr299c/cr687c/cc:6c7h,QsAc|/5d7sQd/9d/Th:-1216,1216(-1171.426636)
793:Player,BR:0cc/cc/cc/cc:4d9s,7d8s|/5cThAh/9d/Qc:100,-100(69.442768)
794:BR,Player:0r130c/cr299f:4s5c,6s6d|/6cJdKd:-230,230(-230.000000)
795:Player,BR:0cc/cc/cc/r300c:2dKs,4cJs|/5h8hQc/Kc/9s:400,-400(-115.767124)
796:BR,Player:0f:3c4s,3s9c|:50,-50(50.000000)
797:Player,BR:0cc/cc/r130c/r115c:8hQd,5s5h|/3s8cAd/5d/Js:-345,345(-315.763786)
798:BR,Player:0r300c/cr520f:6s8d,5cTs|/3d4dKc:-400,400(-400.000000)
799:Player,BR:0cc/cc/cc/r130c:5h8s,4d8d|/2c3cJc/Kd/4c:-230,230(2.134811)
800:BR,Player:0r200c/cc/cr900c/cc:3d4d,2sKs|/4h8dTc/Td/9d:1200,-1200(1200.000000)
801:Player,BR:0cc/cc/cc/cc:6d7s,3hJc|/4d6c8c/9s/Ah:100,-100(84.669404)
802:BR,Player:0r130c/cr299c/cr1058f:TcAc,5s7s|/2s9sJs/8s:-529,529(-529.000000)
803:Player,BR:0cr200c/r390c/r897c/r2063c:7hTh,4s9c|/3s5h6d/4d/4c:3650,-3650(-1447.908795)
804:BR,Player:0cc/cc/cc/cr130c:4sJc,4hJs|/8sJdKd/3s/8d:0,-0(43.014041)
805:Player,BR:0cc/cc/r130c/r460c:5cQs,KdKc|/7sThQc/9d/Qh:690,-690(-193.948263)
806:BR,Player:0cc/cc/cc/cr300c:4hKs,TdKh|/8dKdAc/4c/Qh:400,-400(400.000000)
807:Player,BR:0cc/cc/r130c/cc:8dAs,4hKd|/5hTdKc/Ts/4d:-230,230(-192.746884)
808:BR,Player:0r200f:2c5s,9dJd|:-100,100(-100.000000)
809:Player,BR:0cc/cc/cc/cc:4h8h,3d6h|/6dJsAs/Tc/4d:-100,100(-72.184415)
810:BR,Player:0cc/cr130c/cc/cc:TsJs,7sAc|/4d6d7c/5d/3s:0,-0(-0.000000)
811:Player,BR:0cr300c/cc/cc/cc:3h3c,2cAc|/4d5c7h/9d/8c:400,-400(260.719318)
812:BR,Player:0r130c/cr299f:6d7s,4dKc|/2c3dQd:-230,230(-230.000000)
813:Player,BR:0cr200c/r600c/cc/r1170c:TsKs,8d8c|/8h9hJc/7d/Jd:-2070,2070(-2070.000000)
814:BR,Player:0r130c/cc/cc/cr299c:7hKs,6sAs|/2h9cKd/5h/6h:529,-529(402.375875)
815:Player,BR:0cc/cc/cc/cc:6cTs,5s9c|/8dJdKd/6d/4h:100,-100(98.817655)
816:BR,Player:0r130c/cc/cr115c/cr448f:KsAd,6s9h|/9cTsTd/7s/4h:-345,345(-345.000000)
817:Player,BR:0cc/cc/cc/cc:5cQd,7cTd|/9dKsKd/4c/Tc:-100,100(-81.173959)
818:BR,Player:0r130c/cc/cc/cr299c:QcAd,5h8h|/2dTsJc/8s/7d:-529,529(68.149465)
819:Player,BR:0cr300c/r520c/r184c/cc:TsAh,9hKc|/2h4cJs/Jd/6s:1104,-1104(1104.000000)
820:BR,Player:0r130c/cr299c/cr687c/cr7296c:TcJc,6s7c|/2c4c5h/5s/2d:8512,-8512(8512.000000)
821:Player,BR:0cc/cc/r130c/r460f:4h9d,QdKd|/3c5h6d/2s/Jd:230,-230(230.000000)
822:BR,Player:0r130c/cr460f:4hJs,9sQc|/6h9h9c:-230,230(-230.000000)
823:Player,BR:0cr200c/r390f:6cQc,4dTh|/7h9cJd:300,-300(300.000000)
824:BR,Player:0cc/cc/cc/cr130c:5s5c,3cTd|/6s9hQd/4d/Jc:230,-230(-58.569187)
825:Player,BR:0cc/cc/cc/cc:7cQc,4sJh|/2cJdKs/Kc/4c:100,-100(-85.769026)
826:BR,Player:0r200c/cc/cc/cr390c:5sJd,7s9d|/4h9sTc/Jh/6d:690,-690(605.536397)
827:Player,BR:0cc/cc/r130c/cc:2hTc,ThAh|/6d8d9s/Jc/4h:-230,230(-45.706238)
828:BR,Player:0r130c/cc/cr299c/cr1587c:9dKc,ThTc|/4h9sKh/Ks/7d:2116,-2116(2116.000000)
829:Player,BR:0cc/cc/r130c/r115c:3h9s,4dKd|/7c8dQc/Ad/6c:-345,345(50.276863)
830:BR,Player:0r130c/cc/cr115c/cc:JdQs,3sQd|/5sJhAs/3d/6d:345,-345(345.000000)
831:Player,BR:0cc/cc/r200c/r150f:5hTh,7d9h|/5s9sTc/5d/5c:300,-300(300.000000)
832:BR,Player:0cc/cc/cc/cr130c:8cQd,7dAc|/3s5s5d/Qc/7h:230,-230(110.809070)
833:Player,BR:0cc/cc/cc/cc:4sKh,4dTd|/9dThAh/7h/Js:-100,100(-63.328955)
834:BR,Player:0r130c/cc/cr299c/cc:4cAh,5h7d|/2s4s6s/6h/5s:-529,529(-328.340059)
835:Player,BR:0cr300c/r800f:3cTc,5sQh|/8hKcAc:400,-400(400.000000)
836:BR,Player:0r200c/cc/cr390c/cc:KsKd,9cQh|/2c4sTd/3s/Ad:690,-690(424.617841)
837:Player,BR:0cr300c/cc/r200c/cc:AsAd,8cAc|/JdQhAh/Ks/Td:0,-0(0.000000)
838:BR,Player:0r130c/cc/cc/cc:5s6h,9cKh|/2h5hJs/8d/4d:230,-230(230.000000)
839:Player,BR:0cr130c/cc/cc/r115f:TcJs,6d9d|/5sTsAh/Qc/4s:230,-230(230.000000)
840:BR,Player:0r130c/cr299c/cr687c/cr1580c:4dQc,4h6s|/5c7s8d/4c/3s:-2796,2796(-1213.719033)
841:Player,BR:0cc/cc/cc/r130c:3h9d,4d4c|/2h6h7h/Qd/Kh:230,-230(62.011822)
842:BR,Player:0r200c/cc/cc/cc:6cKs,4d4c|/2s5hJs/9c/6h:300,-300(300.000000)
843:Player,BR:0cc/cc/cc/cc:3cTh,TsKc|/6s9hJc/2c/8d:-100,100(22.105525)
844:BR,Player:0r130c/cr460c/cr345c/cc:QhAs,2h8h|/3s6c7c/4c/5c:-1035,1035(-1035.000000)
845:Player,BR:0cc/cc/cc/cc:6dJh,6hQc|/3hJsJd/5h/Qd:100,-100(-83.411942)
846:BR,Player:0r200c/cc/cc/cc:8sTd,QsAs|/6c8dJc/2h/4d:300,-300(300.000000)
847:Player,BR:0cc/cc/cc/cc:5cTh,9hTd|/5d6s8h/4d/Js:100,-100(99.846852)
848:BR,Player:0r200c/cr390c/cc/cc:KhAd,5cJh|/4dTdKs/3h/6h:690,-690(690.000000)
849:Player,BR:0cc/cc/cc/cc:6h9c,2sTc|/3s4d9d/Th/5h:-100,100(-89.224881)
850:BR,Player:0r200c/cr390c/cr2070c/cc:QdAs,TdKh|/2s3cTs/Qs/7s:2760,-2760(2760.000000)
851:Player,BR:0cr600c/cc/cc/r2100f:JdKc,8sAc|/2s2dQh/9h/Ks:700,-700(700.000000)
852:BR,Player:0r130c/cc/cr115c/cc:7d9d,8cAh|/2c7sQh/2h/3s:345,-345(345.000000)
853:Player,BR:0cc/cc/r130c/cc:5cTs,KhAh|/5dQsAd/2s/6h:-230,230(-166.246072)
854:BR,Player:0r130c/cr460c/cr897c/cr2063c:2h8d,6hKc|/7h8s9c/3s/Qs:3650,-3650(2261.714468)
855:Player,BR:0cr300c/cc/cc/r200f:TsTh,9s9h|/3c7sQh/Jh/Ad:400,-400(400.000000)
856:BR,Player:0r300c/cr520c/cr1196c/cr2750f:KhAc,TcQd|/7dQhQc/8h/2c:-2116,2116(-2116.000000)
857:Player,BR:0cc/cc/cc/r130f:2hAs,2c4h|/5sTcKh/5d/Ac:100,-100(100.000000)
858:BR,Player:0r130c/cc/cc/cr460c:5cJs,7cJc|/2s8s8d/9c/Tc:-690,690(-217.861637)
859:Player,BR:0cc/cc/cc/cc:3d5h,4s9s|/4c8hAh/5s/Qc:100,-100(-21.203708)
860:BR,Player:0r130c/cr299c/cr687c/cc:7sJd,QhQd|/4c7d9h/Ts/Js:1216,-1216(1196.694007)
861:Player,BR:0cc/cc/cc/cc:2s9h,6dQh|/TcJsQc/3h/9d:-100,100(-82.287282)
862:BR,Player:0r130c/cc/cr299c/cr1587c:6hKd,8c9d|/7hQdAs/Ac/Jd:2116,-2116(488.004804)
863:Player,BR:0cr300c/cc/cc/r520c:7sAs,4sTs|/QcKdKc/3s/7d:920,-920(341.693163)
864:BR,Player:0r130c/cc/cc/cc:4sJh,4dKd|/7dJsAs/Jc/9c:230,-230(230.000000)
865:Player,BR:0cc/cc/cc/cc:JdKc,5hKs|/2dQdAd/Qs/6h:100,-100(-16.206138)
866:BR,Player:0r200c/cr600c/cc/cc:JdQh,7sJs|/3sQsKh/7h/6h:900,-900(900.000000)
867:Player,BR:0cc/cc/r200f:4d7c,2h5s|/8s9hTd/As:100,-100(100.000000)
868:BR,Player:0r200c/cr390c/cr4140c/cc:7hQd,2hJh|/2s9cKs/7d/Qc:4830,-4830(4830.000000)
869:Player,BR:0cc/cc/cc/cc:5dJh,6hTc|/4s8hQd/3h/3d:100,-100(73.167006)
870:BR,Player:0r130c/cr299c/cc/cc:5h5c,2c3c|/7s8sJc/6c/2d:529,-529(58.189176)
871:Player,BR:0cc/cc/cc/cc:3cKd,9hQh|/8hTsKs/Td/Kc:100,-100(-53.593901)
872:BR,Player:0r130c/cr299c/cc/cc:8s8d,6hQc|/7dThQd/9s/5d:-529,529(-20.788384)
873:Player,BR:0cc/cc/cc/cc:7dJh,2s6s|/5c7cKc/Qc/9d:100,-100(100.000000)
874:BR,Player:0r130c/cr460c/cc/cc:QhKs,3sQs|/2c3hTc/4h/2s:-690,690(125.677775)
875:Player,BR:0cr300c/cc/r520c/r1840c:JsKc,7dQs|/5s8sKh/4h/3h:2760,-2760(260.010679)
876:BR,Player:0r130c/cr299c/cc/cc:9dQh,3c5d|/5hJdQs/9h/Qd:529,-529(529.000000)
877:Player,BR:0cr300c/cc/r200c/r780c:5dJc,8hTs|/4h9d9c/Th/Kh:-1380,1380(-574.230059)
878:BR,Player:0r130c/cc/cr115c/cc:7cKc,4dQs|/2s8c9h/3s/3c:345,-345(144.430370)
879:Player,BR:0cc/cc/r130c/r299c:2h7s,7hQd|/4h6h8h/Jd/Kc:-529,529(-124.425228)
880:BR,Player:0cc/cr130c/cr460f:3cTd,3sJd|/2d7sJs/3d:-230,230(-230.000000)
881:Player,BR:0cc/cc/cc/cc:8cAh,7d9h|/7cJhKc/Jc/9c:100,-100(-4.709275)
882:BR,Player:0r130c/cr299c/cc/cc:7cQs,5c6d|/2s9dJh/Td/6h:-529,529(-218.589610)
883:Player,BR:0cc/cc/cc/cc:7cKs,5dTd|/8d9s9d/3c/Kh:100,-100(77.339893)
884:BR,Player:0r130c/cr299c/cr1058c/cc:8hJs,5cKh|/3d4sJd/6s/8c:1587,-1587(1587.000000)
885:Player,BR:0cr300f:KsKd,2d5c|:100,-100(100.000000)
886:BR,Player:0r130c/cc/cr115c/cc:TdKh,9sJc|/8s8cJh/7d/9c:345,-345(345.000000)
887:Player,BR:0cc/cc/cc/r200f:2cJs,5d6d|/AhAdAc/3c/Jd:100,-100(100.000000)
888:BR,Player:0r200c/cr390c/cc/cc:KdKc,7d8d|/4d7hTc/3h/5c:690,-690(690.000000)
889:Player,BR:0cc/cc/cc/cc:2h4s,8dJs|/3c9dTd/Jh/Tc:-100,100(-84.058689)
890:BR,Player:0cc/cc/cc/cc:5h9d,4hQh|/2d8sKc/5d/2s:100,-100(100.000000)
891:Player,BR:0cr300c/cc/cc/cc:6d6c,TsJh|/7dJdAs/Ks/4s:-400,400(-211.946349)
892:BR,Player:0r200c/cr390c/cc/cc:4d4c,7h9c|/5c6h7s/Js/6s:-690,690(-123.666049)
893:Player,BR:0cr200c/cc/cc/r150c:8dKd,6hAs|/3d9cAc/4d/Qd:450,-450(-312.407665)
894:BR,Player:0cc/cr130c/cc/cc:5h6s,4d8s|/5d5cAh/Ts/Qd:230,-230(230.000000)
895:Player,BR:0cr200c/cc/cc/cc:JdKd,5cQd|/2c6sTd/6d/6h:300,-300(287.712476)
896:BR,Player:0r130c/cr299c/cr687f:2h2d,6hAd|/8cKcAs/9h:-529,529(-529.000000)
897:Player,BR:0cc/cc/cc/cc:3c5h,7cAc|/6c7dJd/4c/Qs:100,-100(-71.879726)
898:BR,Player:0r200c/cc/cr600f:5hQh,6sAh|/7dKhKc/6c:-300,300(-300.000000)
899:Player,BR:0cr300f:5s7s,4d7h|:100,-100(100.000000)
900:BR,Player:0r130c/cr460c/cr897f:9sJh,6dAc|/2h6cAh/Ks:-690,690(-690.000000)
901:Player,BR:0cc/cc/cc/cc:5cKh,6c9c|/5h6s8c/Qs/4c:-100,100(-54.700076)
902:BR,Player:0cc/cr200c/cr390c/cc:3hKc,6sTs|/8cJhQh/Jd/4h:690,-690(327.959346)
903:Player,BR:0cc/cc/cc/r130c:2d4h,7dQd|/4cJdKs/2c/5h:230,-230(65.071154)
904:BR,Player:0r130c/cc/cr460c/cr897f:4hJc,KsKd|/3dJhJd/Ts/Kh:-690,690(-690.000000)
905:Player,BR:0cc/cc/r130c/cc:7cKh,4sTc|/3c7h9h/7d/Ac:230,-230(59.947644)
906:BR,Player:0r130c/cc/cr299c/cr687c:7dJh,4dQc|/TdKdAc/Js/4h:-1216,1216(-77.124861)
907:Player,BR:0cc/cc/r130c/cc:2c8h,3sAc|/4h5dQh/Th/4c:-230,230(-162.658653)
908:BR,Player:0r300c/cc/cc/cc:3h9h,5hKd|/5s6d9c/7d/3c:400,-400(400.000000)
909:Player,BR:0cr300f:5s7s,3s5c|:100,-100(100.000000)
910:BR,Player:0f:8sKc,2s5c|:50,-50(50.000000)
911:Player,BR:0cc/cc/cc/cc:2c4h,8s9s|/6s9cAd/Js/Ks:-100,100(-99.108237)
912:BR,Player:0r200c/cc/cc/cr390c:8dQd,JdAh|/5c6h8h/Qc/Qs:690,-690(690.000000)
913:Player,BR:0cr200c/r600c/r450c/r270f:5d8d,6c7c|/2d4c7d/8h/Tc:1350,-1350(1350.000000)
914:BR,Player:0r130c/cc/cr299c/cr1587c:3h9d,5dJs|/8h9cAc/9s/Tc:2116,-2116(1199.370040)
915:Player,BR:0cc/cc/r130c/cc:2h8c,5h6c|/7c9sQc/9h/3c:230,-230(230.000000)
916:BR,Player:0r130c/cr460c/cr1380c/cc:3s7d,4s5c|/2d2cAs/3h/4c:-2070,2070(-2070.000000)
917:Player,BR:0cc/cc/r130c/cc:4s8s,JdJc|/7dQcAc/6h/Js:-230,230(-230.000000)
918:BR,Player:0r130c/cc/cr460c/cr4140c:6hAs,6s9s|/7sQdKs/Jd/Kd:4830,-4830(4655.959024)
919:Player,BR:0cc/cc/cc/r130c:2d8c,4s7h|/3d3cJc/Ac/Kd:0,-0(49.267518)
920:BR,Player:0cc/cc/cr130c/cc:2cJh,3hQh|/6dJdJc/8d/9s:230,-230(230.000000)
921:Player,BR:0cr200c/cc/r150c/cc:5d6d,2hQc|/6c8hTd/2s/Kc:450,-450(381.142379)
922:BR,Player:0r130c/cc/cc/cr299c:6hTd,QdAd|/3d5sKs/Th/Ah:-529,529(-8.980094)
923:Player,BR:0cr200c/cc/r390c/r897c:3s6c,4h6h|/5sQhKh/Jc/8c:0,-0(22.255194)
924:BR,Player:0r130c/cr299c/cc/cc:8sTd,5h9d|/6d7h7c/2d/6h:529,-529(-253.683214)
925:Player,BR:0cc/cc/r130c/cc:3h7s,2cJs|/2s5cKc/5d/Qs:-230,230(-165.005017)
926:BR,Player:0cc/cr130c/cc/cc:6cKc,3c6s|/3hKhAd/9d/Qd:230,-230(230.000000)
927:Player,BR:0cr300f:TdAh,2s6h|:100,-100(100.000000)
928:BR,Player:0r200c/cr390c/cr2070f:8sJs,7dTd|/2c9dAs/3d:-690,690(-690.000000)
929:Player,BR:0cc/cc/r130c/cc:5dKd,3h9c|/2d3d5c/2c/4s:230,-230(230.000000)
930:BR,Player:0r130c/cr299c/cc/cc:8sTd,4h7c|/2c7sQc/Jh/6c:-529,529(-127.498865)
931:Player,BR:0cc/cc/r200c/r600c:2dQh,9d9c|/8sQsQc/7d/7h:900,-900(-157.630877)
932:BR,Player:0r200c/cr390c/cc/cc:3dKh,8hKd|/4s5d8d/7s/Ac:-690,690(-677.911696)
933:Player,BR:0cc/cc/r130f:4dJd,6sTs|/3h5hJh/7d:100,-100(100.000000)
934:BR,Player:0cc/cc/cc/cc:5h8h,5cQc|/6dTdAd/6h/7h:-100,100(-100.000000)
935:Player,BR:0cc/cc/r600f:2hQc,4dKs|/2s3hJs/2c:100,-100(100.000000)
936:BR,Player:0r130c/cc/cr115c/cc:2hAh,JdQc|/JsKsAs/2d/3s:345,-345(300.090400)
937:Player,BR:0cr300c/r520c/r184c/r2208f:JcAd,TdQh|/4dThJs/Jd/Kd:1104,-1104(1104.000000)
938:BR,Player:0r200c/cr390c/cc/cc:QdKs,5dJs|/2c9hAs/Th/7c:690,-690(224.594551)
939:Player,BR:0cr600f:2s5h,5d9d|:100,-100(100.000000)
940:BR,Player:0r130c/cc/cc/cr299c:QsAs,3c5s|/9dJsQh/6c/Kh:529,-529(326.915626)
941:Player,BR:0cc/r130c/r690c/cc:3c6s,2c8h|/5c7h8s/Kd/3s:-920,920(-920.000000)
942:BR,Player:0r130c/cr299c/cr687c/cr2432f:AhAc,3cKd|/2dKsKh/8d/Jd:-1216,1216(-1216.000000)
943:Player,BR:0cr300c/cc/r200c/r780f:6cAc,7dKh|/5c7hJh/Ad/9s:600,-600(600.000000)
944:BR,Player:0r130c/cr299f:4c8h,4d7c|/3s6sAs:-230,230(-230.000000)
945:Player,BR:0cc/cc/cc/cc:2hTs,8d9h|/3h3cKd/Tc/4d:100,-100(87.242847)
946:BR,Player:0r130c/cr299c/cr687c/cc:7dQd,6sQc|/5cTcQh/Jc/9h:0,-0(-575.269267)
947:Player,BR:0cc/cc/cc/cc:4cKs,3h7d|/2h9dQh/Ts/Td:100,-100(71.923138)
948:BR,Player:0r130c/cc/cr115c/cr448c:2sTd,3h7h|/4h7sAh/7c/2c:-793,793(-250.443650)
949:Player,BR:0cc/cc/cc/cc:5hTc,QdKc|/3h4dJd/2h/Kd:-100,100(-78.075199)
950:BR,Player:0r130c/cr690c/cc/cc:9cJc,8d9h|/5d6dKs/2c/Js:920,-920(899.023641)
951:Player,BR:0cc/cc/r200c/r600c:5cJd,8sKc|/7sTsQd/2c/Qs:-900,900(-381.218961)
952:BR,Player:0f:QsAd,2dTs|:50,-50(50.000000)
953:Player,BR:0cr300c/cc/cc/cc:5dAc,6d8s|/2d9sAd/Qc/2h:400,-400(400.000000)
954:BR,Player:0f:4c6d,3h7c|:50,-50(50.000000)
955:Player,BR:0cc/cc/cc/cc:5sKd,3hQc|/4s7sAd/8c/9c:100,-100(62.837110)
956:BR,Player:0r200c/cr390c/cc/cc:8cTh,4hJh|/9dTcAh/Js/2c:-690,690(13.495224)
957:Player,BR:0cc/cc/cc/r130f:8cQs,8dTs|/2h3d7d/Ah/Qd:100,-100(100.000000)
958:BR,Player:0r200c/cc/cr150f:3h6d,3s3c|/5h5dTc/Kd:-300,300(-300.000000)
959:Player,BR:0cc/cc/cc/cc:3cQh,3hAh|/3s5c8s/9d/Td:-100,100(-50.468824)
960:BR,Player:0f:4c7c,2h5d|:50,-50(50.000000)
961:Player,BR:0cc/cc/cc/r130c:2h5s,9cQh|/3s9sAh/3c/Kd:-230,230(-113.680584)
962:BR,Player:0r130c/cc/cr115f:5c7c,3hJc|/2d6dAh/Ac:-230,230(-230.000000)
963:Player,BR:0cr200c/r390c/r4140f:8sKs,4dQc|/2c5dKh/8c:690,-690(690.000000)
964:BR,Player:0r130c/cc/cc/cc:6dTs,9sTd|/9hJcKh/2h/Ah:-230,230(-230.000000)
965:Player,BR:0cr600f:7h9h,5c6c|:100,-100(100.000000)
966:BR,Player:0r130c/cc/cc/cr299c:TcKs,6hKd|/9cKhAc/2d/3c:529,-529(362.971329)
967:Player,BR:0cr600c/cc/cc/r910f:2d8d,6hKh|/6s8sQd/9d/Qh:700,-700(700.000000)
968:BR,Player:0r130c/cc/cc/cr460c:7hQd,7cJc|/7s8dKh/Kd/Js:-690,690(-68.226183)
969:Player,BR:0cc/cc/cc/r300c:2dKs,KdAd|/4c6dKc/Ac/Qs:-400,400(-284.717754)
970:BR,Player:0r130c/cc/cc/cr460c:QdKh,8hTd|/QsKdAd/7d/6c:690,-690(647.404555)
971:Player,BR:0cr600f:KcAc,5c9h|:100,-100(100.000000)
972:BR,Player:0cc/cr130c/cr299f:7hQs,7sKd|/JhQdKh/Ks:-230,230(-230.000000)
973:Player,BR:0cc/cc/cc/cc:8sKd,4hAd|/5s7c9c/4c/As:-100,100(-81.030071)
974:BR,Player:0r130c/cr299c/cr1587c/cc:7c9d,4sAs|/5d8sJh/Qs/8h:-2116,2116(-1042.936481)
975:Player,BR:0cr130c/cc/r115c/cc:4dAd,5sQs|/8sThQc/7s/2d:-345,345(-252.200222)
976:BR,Player:0r130c/cc/cc/cc:3h9d,6hAc|/2d7dTc/2s/4h:-230,230(-230.000000)
977:Player,BR:0cc/cc/cc/cc:6cKd,6h8h|/2s4d7h/8d/9h:-100,100(-88.142740)
978:BR,Player:0r130c/cc/cr115c/cc:3dTs,6cJh|/2d2cTd/Ad/Th:345,-345(345.000000)
979:Player,BR:0cc/cc/cc/r130c:4sKd,JcQd|/3h5dTh/7c/6d:230,-230(94.545693)
980:BR,Player:0r130c/cr299c/cr687c/cc:3s8s,4cJc|/4s5cJs/3c/5d:-1216,1216(164.320018)
981:Player,BR:0cc/cc/cc/r130f:8hTc,3cQh|/2h6dJd/4s/Ts:100,-100(100.000000)
982:BR,Player:0r200c/cr600f:4h5s,KdAd|/8sKhAh:-300,300(-300.000000)
983:Player,BR:0cr300f:4s4d,3d5h|:100,-100(100.000000)
984:BR,Player:0r130c/cc/cc/cc:QsAc,2s2h|/6c9sKh/Ah/3d:230,-230(230.000000)
985:Player,BR:0cr200c/cc/cc/cc:KsKh,3cKc|/3s5h6h/2h/Qd:300,-300(-113.319441)
986:BR,Player:0r130c/cr460f:6hJh,AsAh|/7dTdQh:-230,230(-230.000000)
987:Player,BR:0cc/cc/cc/cc:5cJd,3cTh|/8dTsQh/Qc/As:-100,100(-87.434525)
988:BR,Player:0r130c/cc/cr299c/cc:8cQh,7dKd|/5cTdAs/Ks/9d:-529,529(-437.331434)
989:Player,BR:0cr300f:9sJs,3h9d|:100,-100(100.000000)
990:BR,Player:0r130c/cr460c/cr4140c/cr14490f:2hQc,TdAs|/2s3s9s/Jh/4s:-4830,4830(-4830.000000)
991:Player,BR:0cc/cc/cc/cc:3dAs,5c8h|/2c9sTh/Qc/4s:100,-100(68.090790)
992:BR,Player:0r130c/cr460f:5hQd,3sTs|/3c6d9h:-230,230(-230.000000)
993:Player,BR:0cr300f:QdAd,5h7c|:100,-100(100.000000)
994:BR,Player:0r200c/cr390c/cr897f:3hKc,9cAc|/4h7c9s/Qc:-690,690(-690.000000)
995:Player,BR:0cc/cc/cc/cc:5cQd,8dAs|/7s7hKh/Ad/2d:-100,100(-91.493297)
996:BR,Player:0cc/cc/cr130c/cc:6sAh,8cKd|/4d5c8s/5h/6c:-230,230(214.678711)
997:Player,BR:0cc/cc/cc/cc:ThJs,4dAh|/8dJhQd/Kc/Qh:100,-100(2.011268)
998:BR,Player:0r130c/cc/cc/cr299c:8dAd,7c8h|/TcJsQc/9d/2c:0,-0(124.782206)
999:Player,BR:0cc/cc/cc/cc:JhQc,7hTs|/8s9cAd/8c/2c:100,-100(78.674921)
1000:BR,Player:0r300c/cc/cr200f:2dKc,8h8d|/3h9hTh/6d:-400,400(-400.000000)
RAW BR STATS: n=1000, sum=27406.000000, sum_sq=1178148062.000000, vr_sum=43539.912921, vr_sum_sq=671316170.291382
BR STATS: 27.406000(67.253909), 43.539913(50.711395)
RESULTS
1)Player: -27406
2)BR: 27406
