In config file: GAME_DEF=game_def.fullholdem
In config file: ACTIONS_R0=C
In config file: ACTIONS_R1=F,C,0.05,0.0575,0.066125,0.07604375,0.087450313,0.100567859,0.115653038,0.133000994,0.152951143,0.175893815,0.202277887,0.23261957,0.267512505,0.307639381,0.353785288,0.406853081,0.467881044,0.5380632,0.61877268,0.711588582,0.81832687,0.9410759,1.082237285,1.244572878,1.43125881,1.645947631,1.892839776,2.176765742,2.503280603,2.878772694,3.310588598,3.807176888,4.378253421,5.034991434,5.790240149,6.658776171,7.657592597,8.806231486,10.12716621,11.64624114,13.39317731,15.40215391,17.71247699,20.36934854,23.42475083,26.93846345,30.97923297,35.62611791,40.9700356,47.11554094,54.18287208,62.31030289,71.65684832,82.40537557,94.76618191,A
In config file: ACTIONS_R2=F,C
In config file: ACTIONS_R3=F,C
Loading player: rgbr_nl_cprg.so
Player args: /home/viliam/cprg/project_uoapoker/trunk/src/c/meta_player.so /home/viliam/cprg/project_uoapoker/trunk/src/c/acpc14.map
Using seed 2.
1:BR,Player:0cc/r435f:KhAs,5dTs|/4s7sJd:100,-100(100.000000)
2:Player,BR:0cr600c/cr3047f:3c9c,3dJc|/9dTdKh:-700,700(-700.000000)
3:BR,Player:0r130c/r2014f:9cTs,5d8s|/6sQhAh:230,-230(230.000000)
4:Player,BR:0cr200c/r390r3004f:8sQs,JhKs|/6d9sAc:-690,690(-690.000000)
5:BR,Player:0r200c/r2627f:3s5c,9hKc|/6c7s8h:300,-300(300.000000)
6:Player,BR:0cr200c/cr427f:TdKs,QdAs|/2s4d9c:-300,300(-300.000000)
7:BR,Player:0r130c/r871c/cr1015c/cc:4s9c,QhAd|/4d9dJd/Kc/8c:2116,-2116(1897.596112)
8:Player,BR:0cr200c/cr371f:4c7c,4hJc|/6hJdKs:-300,300(-300.000000)
9:BR,Player:0r200c/r1306f:8hTs,8sJd|/3c5c9h:300,-300(300.000000)
10:Player,BR:0cr200c/cr1306c/r914f:7s8s,5sJc|/2s7hTd/Qh:1606,-1606(1606.000000)
11:BR,Player:0r200c/r2627f:6s9s,3h4s|/3d7sTh:300,-300(300.000000)
12:Player,BR:0cc/cr19900f:4cTd,5sKh|/5h5dAc:-100,100(-100.000000)
13:BR,Player:0f:4c8h,2s9d|:50,-50(50.000000)
14:Player,BR:0cr300c/cr3503c/cc/r2337f:KcAh,2d6s|/7hQcKd/Qh/8d:3903,-3903(3903.000000)
15:BR,Player:0f:8c9d,3c7s|:50,-50(50.000000)
16:Player,BR:0cc/cr1532f:5sKd,QhAc|/7hJcAh:-100,100(-100.000000)
17:BR,Player:0r130c/r1001f:6sQd,4sJd|/6c7c9s:230,-230(230.000000)
18:Player,BR:0cc/cr3080f:3dAh,3h4h|/2hJdKs:-100,100(-100.000000)
19:BR,Player:0r130c/r1751f:8cAs,4s7c|/3cQhAd:230,-230(230.000000)
20:Player,BR:0cr200c/cr5284f:7dAh,2s4d|/5sTsKd:-300,300(-300.000000)
21:BR,Player:0r130c/r2014f:2sAd,5s5d|/4d7sTh:230,-230(230.000000)
22:Player,BR:0cr200c/cr1306c/r914c/r1260f:KsKh,2dQh|/4d5c9c/Qs/8c:2520,-2520(2520.000000)
23:BR,Player:0cc/r876f:6cKd,5h9s|/3d5dJc:100,-100(100.000000)
24:Player,BR:0cc/cr435f:7dTc,3h8s|/6dTsJc:-100,100(-100.000000)
25:BR,Player:0r200c/r427c/cr353c/cr6480f:4sJc,5dTc|/9hTsTd/Kd/5h:-1080,1080(-1080.000000)
26:Player,BR:0cc/cr876f:7hTs,8sKs|/2c7cAs:-100,100(-100.000000)
27:BR,Player:0r130c/r327f:4hTd,7hKd|/7c9cTc:230,-230(230.000000)
28:Player,BR:0cc/cr876f:5hQs,7sJc|/9dKdAd:-100,100(-100.000000)
29:BR,Player:0r130c/r1751c/cr434c/cc:AhAd,2d3d|/2c3s4d/5d/Js:2415,-2415(2415.000000)
30:Player,BR:0cc/r130r1001f:5s8s,3d8c|/2s5h6c:-230,230(-230.000000)
31:BR,Player:0r200c/r2627f:2h7h,6d7s|/4dJcKh:300,-300(300.000000)
32:Player,BR:0cr300c/cr866f:QhKh,TdTc|/4c5s8s:-400,400(-400.000000)
33:BR,Player:0f:2dAh,2s7c|:50,-50(50.000000)
34:Player,BR:0cr200c/cr1306f:KcAh,5cKs|/6h7dTc:-300,300(-300.000000)
35:BR,Player:0cc/r3080f:2dAs,6hJh|/4h6sTc:100,-100(100.000000)
36:Player,BR:0cr600c/cr3047f:QsQd,7sKd|/5hTdAc:-700,700(-700.000000)
37:BR,Player:0r200c/r1306f:3c9d,3sQc|/TcJcQh:300,-300(300.000000)
38:Player,BR:0cc/cr1532f:2sAd,6sAh|/6h6cTc:-100,100(-100.000000)
39:BR,Player:0r130c/r2014f:4dQs,8cTs|/4h5d9s:230,-230(230.000000)
40:Player,BR:0cc/cr19900f:3hJd,TsAc|/2sThAs:-100,100(-100.000000)
41:BR,Player:0r130c/r1001f:7dJd,5h8h|/9s9dAh:230,-230(230.000000)
42:Player,BR:0cc/cr435f:3sKs,2s6s|/4h5dAc:-100,100(-100.000000)
43:BR,Player:0r130c/r1001f:7cJh,7dJs|/8h8d9d:230,-230(230.000000)
44:Player,BR:0cr300c/cr1741f:4d6h,5d7h|/4cJdQs:-400,400(-400.000000)
45:BR,Player:0r130c/r1001c/cc/cr2472c:4s5c,3hAh|/2c4dKh/9h/4h:-3703,3703(2427.335012)
46:Player,BR:0cr200c/cr2627f:8s9s,4s4h|/8dJdKh:-300,300(-300.000000)
47:BR,Player:0r130c/r2014f:4s9c,5sTc|/7d8cJc:230,-230(230.000000)
48:Player,BR:0cc/cr876f:4s8d,4dKs|/6c8h9c:-100,100(-100.000000)
49:BR,Player:0cc/cr200r5284f:6dKd,5hJh|/2d3h9h:300,-300(300.000000)
50:Player,BR:0cr200c/cr2627f:TdKh,7s9h|/2hThJd:-300,300(-300.000000)
51:BR,Player:0r130c/r2014f:5cJs,TsQd|/5s7sKd:230,-230(230.000000)
52:Player,BR:0cc/cr435f:5s9h,6hQh|/2c4hAd:-100,100(-100.000000)
53:BR,Player:0f:TcKc,3sTh|:50,-50(50.000000)
54:Player,BR:0cr200c/r1800r9142f:3hAh,2s2h|/4s8hJh:-2100,2100(-2100.000000)
55:BR,Player:0r130c/r1001f:4cJh,3cQh|/2h3s5s:230,-230(230.000000)
56:Player,BR:0cc/cr876f:2h4d,4s9h|/5h6sJs:-100,100(-100.000000)
57:BR,Player:0f:3d8s,2h5c|:50,-50(50.000000)
58:Player,BR:0cc/cr876f:TsQc,7d9c|/4h8hJd:-100,100(-100.000000)
59:BR,Player:0r130c/r871c/cr279c/cc:2hQd,7h8h|/6dQsQh/Ks/6h:1380,-1380(1380.000000)
60:Player,BR:0cc/cr761f:2cTd,JdKs|/6sJcAs:-100,100(-100.000000)
61:BR,Player:0r130c/r1001f:7cAs,4h5s|/6h8dQc:230,-230(230.000000)
62:Player,BR:0cc/cr876f:4h6s,2sAc|/5h8d9d:-100,100(-100.000000)
63:BR,Player:0cc/r435r2265f:9cKd,KsAs|/4h6hAd:-535,535(-535.000000)
64:Player,BR:0cc/cr19900f:6hAd,4sQh|/4d4cJh:-100,100(-100.000000)
65:BR,Player:0r130c/r573f:8sQd,5d9h|/2d9dTd:230,-230(230.000000)
66:Player,BR:0cr600c/cr996f:KdKc,5d9h|/9sTsJs:-700,700(-700.000000)
67:BR,Player:0cc/r435r1075r2291f:5cJs,3hTh|/9sKsAh:1610,-1610(1610.000000)
68:Player,BR:0cc/cr876f:5s8d,7sAc|/3hJsKh:-100,100(-100.000000)
69:BR,Player:0r200c/r371f:6c7d,8dKs|/3c7hJd:300,-300(300.000000)
70:Player,BR:0cr600c/cr3047f:5d5c,8sTc|/3d9sQs:-700,700(-700.000000)
71:BR,Player:0r200c/r649f:9cTd,4c7d|/6d6cTc:300,-300(300.000000)
72:Player,BR:0cc/cr876f:5sJh,7dJc|/6h8dTs:-100,100(-100.000000)
73:BR,Player:0r200c/r1306f:6d8d,5c7h|/4s7sAd:300,-300(300.000000)
74:Player,BR:0cc/cr876f:6d7c,5d9s|/3c4cKc:-100,100(-100.000000)
75:BR,Player:0r200c/r1306f:5hKs,9cAs|/6c8dJs:300,-300(300.000000)
76:Player,BR:0cr130c/cr7085f:7cTc,2c8s|/2h6sKc:-230,230(-230.000000)
77:BR,Player:0f:8hQd,2h4d|:50,-50(50.000000)
78:Player,BR:0cr200c/cr1306f:7s7c,4hQc|/8c9sTd:-300,300(-300.000000)
79:BR,Player:0f:8sKc,2h4s|:50,-50(50.000000)
80:Player,BR:0cr300c/cr495f:8dAs,7d7c|/3c6h9h:-400,400(-400.000000)
81:BR,Player:0f:5cAc,2h6d|:50,-50(50.000000)
82:Player,BR:0cr130c/cr327f:4cJc,6s7c|/3hQdKd:-230,230(-230.000000)
83:BR,Player:0r200c/r1306f:5s9h,JcAc|/7dTsKd:300,-300(300.000000)
84:Player,BR:0cc/cr1761f:5dQc,KsAs|/5c7sTc:-100,100(-100.000000)
85:BR,Player:0r130c/r1001f:2c9c,5d7c|/6d7sTc:230,-230(230.000000)
86:Player,BR:0cc/cr876f:3cJc,QhAs|/3d6s9s:-100,100(-100.000000)
87:BR,Player:0r200c/r747c/cr753c/cc:9dQc,TsAd|/2h2d6c/4s/7c:-1800,1800(-1800.000000)
88:Player,BR:0cc/cr876c/cc/r584f:4hKs,5d6h|/8s8hAs/Kd/9h:976,-976(976.000000)
89:BR,Player:0cc/r435f:6sTd,7sAh|/2c4d9d:100,-100(100.000000)
90:Player,BR:0cr130c/cr4051f:4sKs,5cTh|/2d3h3c:-230,230(-230.000000)
91:BR,Player:0cc/r142c/cr208f:6hKd,ThJc|/3dTsQc/9d:-242,242(-242.000000)
92:Player,BR:0cc/cr876f:2hJs,8dQh|/2d4h6h:-100,100(-100.000000)
93:BR,Player:0f:9cTc,2c5h|:50,-50(50.000000)
94:Player,BR:0cc/cr124f:4s8c,7h7d|/3cJdQh:-100,100(-100.000000)
95:BR,Player:0cc/r100c/cc/cc:2c8s,8dQs|/2sJsKh/Ks/Ad:200,-200(95.938792)
96:Player,BR:0cr600c/cr996c/cc/r1454f:KsAd,5h9c|/7sKdKc/3h/8s:1696,-1696(1696.000000)
97:BR,Player:0r130c/r2014f:KcAd,4sKs|/2h6h9d:230,-230(230.000000)
98:Player,BR:0cc/cr435f:6h8c,9sJd|/3h5s6s:-100,100(-100.000000)
99:BR,Player:0r130c/r19770f:5h5c,TsJh|/5dQhQc:230,-230(230.000000)
100:Player,BR:0cr300c/cr1741f:7dKh,2sQh|/5s6s7s:-400,400(-400.000000)
101:BR,Player:0r130c/r1001f:3sKs,JcAs|/2h8cTd:230,-230(230.000000)
102:Player,BR:0cc/cr876f:7sJc,2c3d|/5s5cJs:-100,100(-100.000000)
103:BR,Player:0r130c/r2014f:2d8c,3c5c|/3d6hQd:230,-230(230.000000)
104:Player,BR:0cc/cr142r958r2987f:5sAd,2dKs|/5h5cTs:-1200,1200(-1200.000000)
105:BR,Player:0r130c/r2014f:7c8s,2s4s|/2h3c9c:230,-230(230.000000)
106:Player,BR:0cr300c/cr1741f:AsAc,9dKc|/4s6s8c:-400,400(-400.000000)
107:BR,Player:0f:TsKd,2s7h|:50,-50(50.000000)
108:Player,BR:0cc/cr876c/cc/r974c:8dJs,6d7d|/5s5dJd/3d/Ts:-1950,1950(-1726.336372)
109:BR,Player:0r130c/r2014c/cr1344f:2d3c,7c9h|/6c7h9d/7d:-2244,2244(-2244.000000)
110:Player,BR:0cc/cr3080f:6s8d,ThQh|/5c8sKh:-100,100(-100.000000)
111:BR,Player:0r200c/r5284f:6hQc,4h8h|/5dThAs:300,-300(300.000000)
112:Player,BR:0cr200c/cr2627f:7hAh,2h8s|/5cThJs:-300,300(-300.000000)
113:BR,Player:0r200c/r1306f:5d6h,8hJc|/2s3h7h:300,-300(300.000000)
114:Player,BR:0cr200c/cr747f:5s9s,2h9c|/4dKdAd:-300,300(-300.000000)
115:BR,Player:0r130c/r1001f:8dJd,3d6h|/2s2dTc:230,-230(230.000000)
116:Player,BR:0cr300c/cr246f:8cTd,ThTc|/KsAhAd:-400,400(-400.000000)
117:BR,Player:0r300c/r1514c/cc/cc:5c7c,3cTc|/2s3s7h/6c/Jd:1914,-1914(1812.955551)
118:Player,BR:0cr600c/cr3047f:JcAh,3hTd|/5s7s7d:-700,700(-700.000000)
119:BR,Player:0r130c/r163c/cc/cr665f:JcKh,2c7c|/2d4h4d/7s/9s:-393,393(-393.000000)
120:Player,BR:0cc/cr435c/r305c/r1680c:5hKd,7dKs|/3d4s6h/8s/6d:-2520,2520(-32.830122)
121:BR,Player:0f:2cJc,2h8c|:50,-50(50.000000)
122:Player,BR:0cr200c/r390r3004f:2c9c,4dJc|/7hQsKs:-690,690(-690.000000)
123:BR,Player:0r130c/r163c/cr297c/cc:8cKc,3h5d|/2h2d7s/9h/5c:-690,690(-451.867927)
124:Player,BR:0cc/cr435f:2hQh,5cKc|/4c9sJd:-100,100(-100.000000)
125:BR,Player:0cc/r1761f:JcAd,4c8h|/2c4hTh:100,-100(100.000000)
126:Player,BR:0cc/cr2679f:4hJd,5sAs|/2s5c8s:-100,100(-100.000000)
127:BR,Player:0cc/r435f:6d9s,2hQd|/4cKhKd:100,-100(100.000000)
128:Player,BR:0cc/cr1761f:3h7c,2d3s|/3d8cAd:-100,100(-100.000000)
129:BR,Player:0r200c/r2627f:4hAc,9sQd|/6cThJh:300,-300(300.000000)
130:Player,BR:0cc/cr3080f:4cAs,8hKc|/7cTdQc:-100,100(-100.000000)
131:BR,Player:0r130c/r285f:4hQh,3cAh|/7sQdKc:230,-230(230.000000)
132:Player,BR:0cr300c/cr1741f:JhQd,4s9d|/4cQhKc:-400,400(-400.000000)
133:BR,Player:0r130c/r1001f:TcJs,4dKs|/2d5s7d:230,-230(230.000000)
134:Player,BR:0cc/cr9423f:3dTs,5s9h|/QhKdAs:-100,100(-100.000000)
135:BR,Player:0r130c/cc/cr115c/cr1035c:9dKh,8hJd|/3s4cTc/5s/6s:1380,-1380(1326.757202)
136:Player,BR:0cc/cr1761f:2s9h,4d6d|/ThTdKd:-100,100(-100.000000)
137:BR,Player:0f:JdQh,2c4s|:50,-50(50.000000)
138:Player,BR:0cr130c/cr4051f:7sQh,3c9h|/2c6hAs:-230,230(-230.000000)
139:BR,Player:0f:KdAc,2sTc|:50,-50(50.000000)
140:Player,BR:0cr300c/cr3503f:2hTh,2dJd|/4c5c7d:-400,400(-400.000000)
141:BR,Player:0r200c/r1136c/cr364c/cc:2dAd,6c9s|/6sAsAc/Qs/3d:1800,-1800(1766.623587)
142:Player,BR:0cr300c/cr1514f:5s5d,9dQd|/7c8cQs:-400,400(-400.000000)
143:BR,Player:0r200c/r747c/cc/cr2553f:6cJc,2s6s|/8s9s9h/8h/2c:-1047,1047(-1047.000000)
144:Player,BR:0cr300c/cr1741f:4s4c,7dJd|/9sKcAs:-400,400(-400.000000)
145:BR,Player:0r200c/r2627f:8sQh,6sAc|/6cTcJd:300,-300(300.000000)
146:Player,BR:0cc/cr435f:2d3h,4cQc|/2s4d5d:-100,100(-100.000000)
147:BR,Player:0r130c/r2014f:7cTd,5hJd|/6sQdAd:230,-230(230.000000)
148:Player,BR:0cr600c/cr3047f:3s5s,2sKc|/JsQhQd:-700,700(-700.000000)
149:BR,Player:0r130c/r1001r2472r2472f:2c8s,5hKd|/4h5cAs:3703,-3703(3703.000000)
150:Player,BR:0cr600c/r910r4008r14382f:4h6h,8hTc|/2h5cKh:5618,-5618(5618.000000)
151:BR,Player:0r130c/r327c/cc/cr1030f:5c6d,3cAd|/2hQdAs/2s/Jd:-557,557(-557.000000)
152:Player,BR:0cr300c/cr1741f:7s9h,5s9c|/3cQcAs:-400,400(-400.000000)
153:BR,Player:0r200c/r1136c/cc/cc:5sKc,9d9c|/4c6hKs/2c/Jc:1436,-1436(842.904679)
154:Player,BR:0cr600c/r910f:6s9s,3dQc|/4s5cJd:700,-700(700.000000)
155:BR,Player:0r130c/r871c/cc/cc:JcQc,3d5s|/5h7sQs/As/8c:1101,-1101(809.294323)
156:Player,BR:0cr200c/cr2627f:8h9h,6d8d|/6h9dJc:-300,300(-300.000000)
157:BR,Player:0r130c/r2014f:5d8d,4c7s|/8hTsKd:230,-230(230.000000)
158:Player,BR:0cr300c/r520r520f:5c7h,5sAd|/ThTcAc:-920,920(-920.000000)
159:BR,Player:0f:7cTh,2h9c|:50,-50(50.000000)
160:Player,BR:0cr200c/cr1306c/cc/r1544f:JsJc,8cTc|/2s4sKh/8s/As:1606,-1606(1606.000000)
161:BR,Player:0f:9cQh,2hTs|:50,-50(50.000000)
162:Player,BR:0cc/cr3080f:4sQh,3hTd|/6c9hQd:-100,100(-100.000000)
163:BR,Player:0r130c/r2014f:2d3s,4sKs|/QdKcAc:230,-230(230.000000)
164:Player,BR:0cc/cr876f:2d5c,8cQs|/JcQdKs:-100,100(-100.000000)
165:BR,Player:0cc/r379c/cr441c/cc:4dAc,2cJd|/2d4sQd/Th/Qc:920,-920(407.455135)
166:Player,BR:0cc/cr876f:6sJh,4dJd|/5s5dTc:-100,100(-100.000000)
167:BR,Player:0r130c/r871c/cr1015c/cc:8sJh,6h8d|/3h7d8h/Kh/9h:2116,-2116(2116.000000)
168:Player,BR:0cc/cr124f:3s9d,6sKd|/6c8cQh:-100,100(-100.000000)
169:BR,Player:0cc/r435f:7h9d,3hTd|/5hJcAd:100,-100(100.000000)
170:Player,BR:0cc/cr3080f:7sJh,6d7d|/3dThAs:-100,100(-100.000000)
171:BR,Player:0r200c/r2284f:7dKd,3cKs|/4d6dTs:300,-300(300.000000)
172:Player,BR:0cc/cr379f:7sJs,KdAs|/6h6cAc:-100,100(-100.000000)
173:BR,Player:0r200c/r1306c/cr1544f:2hQs,6sKh|/7dTcKs/4d:-1606,1606(-1606.000000)
174:Player,BR:0cr300c/cr3503f:3h3d,8sQd|/5c7sTc:-400,400(-400.000000)
175:BR,Player:0r200c/r371c/cc/cc:QsKc,TdTc|/3dQcAs/Ac/Jc:671,-671(653.339481)
176:Player,BR:0cr300c/r520r2290f:2sJs,5c7d|/3c5s8d:-920,920(-920.000000)
177:BR,Player:0f:8h9c,2d7s|:50,-50(50.000000)
178:Player,BR:0cr130c/cr573c/r301c/r220f:TdQc,9dKc|/6sTsTh/7c/Tc:1104,-1104(1104.000000)
179:BR,Player:0r130c/r1751f:QsAd,4hQc|/9hKcAh:230,-230(230.000000)
180:Player,BR:0cr300c/cr1741c/r1219f:8dTh,4cJs|/3c8s8h/8c:2141,-2141(2141.000000)
181:BR,Player:0f:QdKc,2c3h|:50,-50(50.000000)
182:Player,BR:0cc/cr435f:4d7s,7cKd|/3sTsQs:-100,100(-100.000000)
183:BR,Player:0r130c/r2014c/cr2241c/cc:3sQh,ThQd|/4s8c9s/Qs/9h:-4485,4485(-296.471924)
184:Player,BR:0cc/cr876f:5cKh,3h9d|/2s4hTh:-100,100(-100.000000)
185:BR,Player:0r200c/r140f:8cAs,2h3h|/4d4c9c:300,-300(300.000000)
186:Player,BR:0cc/cr379f:2hKs,JsAc|/3d4cJd:-100,100(-100.000000)
187:BR,Player:0r200c/r2627f:2sAh,4sQs|/5dQcKd:300,-300(300.000000)
188:Player,BR:0cr300c/cr1741f:2d9s,3dKh|/6h6d9c:-400,400(-400.000000)
189:BR,Player:0f:7c8h,2s3h|:50,-50(50.000000)
190:Player,BR:0cr300c/cr569c/r831f:9cAc,2s7h|/2d9h9d/5d:969,-969(969.000000)
191:BR,Player:0r130c/r2014f:7d8d,4sQc|/7sTcAh:230,-230(230.000000)
192:Player,BR:0cc/cr876f:4cKc,6s9d|/3c5hQd:-100,100(-100.000000)
193:BR,Player:0r130c/r1001r2472f:2s3c,ThAh|/7d9sJh:-1231,1231(-1231.000000)
194:Player,BR:0cr200c/cr4595c/r100c/cc:2d6d,7cAc|/2s6c9c/6h/Ah:4995,-4995(-3750.349886)
195:BR,Player:0r300c/r3503f:4d8d,4sQs|/7s9cTh:400,-400(400.000000)
196:Player,BR:0cc/cr435f:4hKd,3cTs|/6h7sJd:-100,100(-100.000000)
197:BR,Player:0f:2d8c,3c7s|:50,-50(50.000000)
198:Player,BR:0cc/cr876f:8dJc,8s9d|/2d3hTd:-100,100(-100.000000)
199:BR,Player:0cc/r435f:2h5d,4c6h|/3s8s9c:100,-100(100.000000)
200:Player,BR:0cr300c/cr1741c/r1219f:8d9c,3hAh|/6d8s8c/5d:2141,-2141(2141.000000)
201:BR,Player:0r130c/r1001f:3c6c,5sKd|/7s9dAh:230,-230(230.000000)
202:Player,BR:0cc/cr379f:5h9s,5c8h|/4s8cAc:-100,100(-100.000000)
203:BR,Player:0cc/r1761f:3s8h,3cKd|/4c6cQs:100,-100(100.000000)
204:Player,BR:0cr300c/cr3503f:5h8s,4cQs|/5s6hTc:-400,400(-400.000000)
205:BR,Player:0r200c/r1306f:4d5d,4c6d|/3s9sJs:300,-300(300.000000)
206:Player,BR:0cc/cr435f:6sQh,5c8h|/6h9dJc:-100,100(-100.000000)
207:BR,Player:0cc/r1761f:4hQd,3dAc|/7hTcKs:100,-100(100.000000)
208:Player,BR:0cr300c/cr19600f:KdAc,7hAh|/2s7s7c:-400,400(-400.000000)
209:BR,Player:0r130c/r1001c/cr1184f:3c8h,3d6d|/7dJdAd/Kc:-1231,1231(-1231.000000)
210:Player,BR:0cr300c/cr569c/cc/r471f:JdJc,2s8c|/2hQhQd/Ah/6s:969,-969(969.000000)
211:BR,Player:0r130c/r2014f:4h9d,4c8d|/4d6s7c:230,-230(230.000000)
212:Player,BR:0cc/cr435f:6cJs,5hJh|/9d9cTc:-100,100(-100.000000)
213:BR,Player:0f:3dQd,2dTs|:50,-50(50.000000)
214:Player,BR:0cc/cr1761f:8cJs,2d9s|/2cJcAd:-100,100(-100.000000)
215:BR,Player:0r130c/r2014f:3hQh,6cQs|/2d4s8h:230,-230(230.000000)
216:Player,BR:0cc/cr2679f:2s6c,6sKs|/3c5s7s:-100,100(-100.000000)
217:BR,Player:0r130c/r1001f:6cKc,4s6h|/TdQsQd:230,-230(230.000000)
218:Player,BR:0cc/cr876c/r584f:5dKs,3h8s|/4sTsAs/Ah:976,-976(976.000000)
219:BR,Player:0cc/r142c/cc/cc:5s6c,KdAh|/3cTsQd/7d/6h:242,-242(41.086865)
220:Player,BR:0cc/cr379f:2d6d,ThJc|/8c9cJs:-100,100(-100.000000)
221:BR,Player:0r200c/r427c/cc/cc:TcAs,QsKs|/2s5s5d/4c/9d:727,-727(-359.345841)
222:Player,BR:0cc/cr761f:3d7s,JsJc|/2s7cTs:-100,100(-100.000000)
223:BR,Player:0r130c/r3522r16248c/cc/cc:2hTc,3d6d|/2d2c3s/As/8h:20000,-20000(7603.992621)
224:Player,BR:0cc/cr876f:4hJd,KsAc|/2h5s6c:-100,100(-100.000000)
225:BR,Player:0r130c/r2014f:3dTh,5dJc|/2c6hKc:230,-230(230.000000)
226:Player,BR:0cr200c/r390r390f:5c8h,6dKs|/QhAhAd:-690,690(-690.000000)
227:BR,Player:0r130c/r1001f:9cJd,7sAh|/2d8cQs:230,-230(230.000000)
228:Player,BR:0cr300c/cr1741f:9dAd,5s9c|/5cTsKc:-400,400(-400.000000)
229:BR,Player:0r130c/r2014f:2s9h,3cAd|/5h6sTh:230,-230(230.000000)
230:Player,BR:0cc/cr216f:4h9s,JhJc|/2s5hQs:-100,100(-100.000000)
231:BR,Player:0cc/cc/cr130c/cc:6cKd,3c7c|/2c7dQs/Th/5h:-230,230(89.078871)
232:Player,BR:0cc/cr19900f:5cJd,QhKh|/7h8hJh:-100,100(-100.000000)
233:BR,Player:0r130c/r2014f:5cTc,6hAc|/2d6dQh:230,-230(230.000000)
234:Player,BR:0cr200c/cr2627f:7sTd,5d9s|/2h8cAh:-300,300(-300.000000)
235:BR,Player:0r200c/r2627f:2s9c,7cQs|/3d4s7d:300,-300(300.000000)
236:Player,BR:0cr300c/cr1514c/r100c/r866c:5c9h,KsKc|/4h7c9c/8d/8s:-2880,2880(-2275.025751)
237:BR,Player:0r130c/r1001f:6hQc,3cAs|/4sTcKs:230,-230(230.000000)
238:Player,BR:0cr300c/r520r8056f:4c7c,2cAh|/3c8dQh:-920,920(-920.000000)
239:BR,Player:0r130c/r1001f:6c8h,7hQs|/JhKsAd:230,-230(230.000000)
240:Player,BR:0cr300c/r800r800f:3d4d,6hJc|/5s5c7c:-1200,1200(-1200.000000)
241:BR,Player:0r130c/r327f:2hQc,JdAs|/4h4c5d:230,-230(230.000000)
242:Player,BR:0cc/cr1761r3429f:9cTd,5s5h|/9hTsAs:1861,-1861(1861.000000)
243:BR,Player:0f:5h9d,2c4s|:50,-50(50.000000)
244:Player,BR:0cr1200c/cr5660f:3d4d,2h2c|/4hJcAd:-1300,1300(-1300.000000)
245:BR,Player:0r200c/r1306r4694r13636f:JdKh,6s7h|/3d7sTc:6300,-6300(6300.000000)
246:Player,BR:0cr300c/r520r520f:3d5d,7dAc|/4h9hKh:-920,920(-920.000000)
247:BR,Player:0r130c/r1751f:5sQs,6cAh|/5dJdQc:230,-230(230.000000)
248:Player,BR:0cc/cr379f:2d9s,4s8d|/3d6h8h:-100,100(-100.000000)
249:BR,Player:0r130c/r2014f:2h2c,ThAc|/4s5hKs:230,-230(230.000000)
250:Player,BR:0cr200c/cr371f:6hKh,4dJh|/7s8sJc:-300,300(-300.000000)
251:BR,Player:0r200c/r1306c/cc/cr3224f:5sQh,TcQc|/6h9dKs/2s/Kc:-1606,1606(-1606.000000)
252:Player,BR:0cc/cr876c/cc/r2014f:4sTs,8s9h|/4cTdAc/5h/Qh:976,-976(976.000000)
253:BR,Player:0r130c/r1001c/cc/cr1184f:6c8c,9cJc|/2c7sJh/As/7d:-1231,1231(-1231.000000)
254:Player,BR:0cr200c/cr2627f:2c5c,5d6s|/3s7cQc:-300,300(-300.000000)
255:BR,Player:0r130c/r871f:2dAd,5dQd|/4cQsAs:230,-230(230.000000)
256:Player,BR:0cc/cr1761f:TsQh,2d7h|/5h5d8s:-100,100(-100.000000)
257:BR,Player:0r130c/r285r543r4606f:6c7d,8hAd|/3d7h8c:1058,-1058(1058.000000)
258:Player,BR:0cc/cr1761f:3hKd,4d9c|/5s6cJs:-100,100(-100.000000)
259:BR,Player:0r130c/r1001c/cc/cc:5hAd,JsAc|/JdQdKc/4h/8d:-1231,1231(-1231.000000)
260:Player,BR:0cc/cr876f:8hTd,2hTc|/4s5h7d:-100,100(-100.000000)
261:BR,Player:0r200c/r1306f:4h8h,6c9h|/4sTsKh:300,-300(300.000000)
262:Player,BR:0cc/cr2679f:6s9c,4sAd|/8hJsAs:-100,100(-100.000000)
263:BR,Player:0r130c/r19770f:TsKc,2d3d|/2cTcKd:230,-230(230.000000)
264:Player,BR:0cr600c/cr1742f:7cTc,6hQd|/5d6sKh:-700,700(-700.000000)
265:BR,Player:0r130c/r2014f:2d4s,3sQs|/4h6hQc:230,-230(230.000000)
266:Player,BR:0cc/cr876f:6dTh,4s6s|/2c9cAc:-100,100(-100.000000)
267:BR,Player:0r130c/r2014c/cc/cc:6sAs,QhKh|/4s8cKd/Ah/Tc:2244,-2244(2027.576151)
268:Player,BR:0cc/cr379f:5d9h,AsAh|/8h9sJc:-100,100(-100.000000)
269:BR,Player:0r130c/r2014f:6c9c,9hTh|/3c8dQc:230,-230(230.000000)
270:Player,BR:0cr300c/cr1514c/r100c/cc:KhAd,TcKd|/2c6dTd/2d/7s:-2014,2014(-1385.938860)
271:BR,Player:0r200c/r1306f:2h4h,2s2d|/5c6cJc:300,-300(300.000000)
272:Player,BR:0cc/cr435f:7hQc,2h3s|/JsJhJc:-100,100(-100.000000)
273:BR,Player:0cc/r435f:8hJs,TdKs|/5s7s7c:100,-100(100.000000)
274:Player,BR:0cr200c/cr2627r8773f:5c6c,5h8s|/5d7c9c:2927,-2927(2927.000000)
275:BR,Player:0r130c/r871f:7s9d,5hTh|/2s4d9c:230,-230(230.000000)
276:Player,BR:0cr300c/cr996f:QcAs,4c9h|/3d6hKs:-400,400(-400.000000)
277:BR,Player:0r130c/r2014f:7sAh,8h8c|/2dTsQs:230,-230(230.000000)
278:Player,BR:0cr300c/cr1741f:3hAh,7sJc|/4h5d6c:-400,400(-400.000000)
279:BR,Player:0r130c/cc/cc/cr460c:6h9s,5hAs|/4sTcJc/Ah/2d:-690,690(112.214801)
280:Player,BR:0cr300c/cr7045f:9sTh,8s9c|/7hQcAc:-400,400(-400.000000)
281:BR,Player:0r200c/r1306f:3s8h,3cKh|/2d4sAh:300,-300(300.000000)
282:Player,BR:0cr600c/cr996f:JdAd,3hKh|/3s6s8c:-700,700(-700.000000)
283:BR,Player:0cc/r435f:4cJd,2dQs|/3s8s8c:100,-100(100.000000)
284:Player,BR:0cc/r130r2014f:6sKd,JsQc|/6h9sKc:-230,230(-230.000000)
285:BR,Player:0r200c/r212r838r838f:9dKs,6s8h|/7hKhAc:1350,-1350(1350.000000)
286:Player,BR:0cc/cr1761c/cc/r1589f:9dQh,3d5c|/8s9hQc/Ks/2d:1861,-1861(1861.000000)
287:BR,Player:0r130c/r1751f:JsAd,8s9d|/6sKcAh:230,-230(230.000000)
288:Player,BR:0cr200c/r390r3004f:TdJc,7h8c|/2c4d4c:-690,690(-690.000000)
289:BR,Player:0r130c/r1751f:QsKh,TdAh|/3c8dQc:230,-230(230.000000)
290:Player,BR:0cr600c/r910r910c/cc/cc:KsAc,5dJc|/2h3s3c/Td/8d:2520,-2520(2520.000000)
291:BR,Player:0r130c/r2014f:5c7d,7hAh|/3c4hQc:230,-230(230.000000)
292:Player,BR:0cr300c/cr3503f:9cKc,6dQd|/2h4dJd:-400,400(-400.000000)
293:BR,Player:0r200c/r1306f:9hJd,2cAh|/7s7hKc:300,-300(300.000000)
294:Player,BR:0cr200c/cr4595f:8s9s,5sAh|/KdAdAc:-300,300(-300.000000)
295:BR,Player:0r130c/r871f:7s8d,3dAs|/7c8sJh:230,-230(230.000000)
296:Player,BR:0cc/cr876f:3s9c,4c6s|/8h9sQh:-100,100(-100.000000)
297:BR,Player:0r130c/r498f:3hAd,9cJs|/3d4s4c:230,-230(230.000000)
298:Player,BR:0cr300c/cr1741f:4s8s,4c9s|/5dJcAs:-400,400(-400.000000)
299:BR,Player:0r200c/r1306c/cr3224f:3c6s,3d5s|/2s7cAh/8c:-1606,1606(-1606.000000)
300:Player,BR:0cr300c/cr1741f:8s8h,TsAs|/3d7c9c:-400,400(-400.000000)
301:BR,Player:0cc/r379f:ThQs,3cTd|/5cJdQd:100,-100(100.000000)
302:Player,BR:0cr200c/cr5284f:TsKc,8sAc|/8c9hKs:-300,300(-300.000000)
303:BR,Player:0r200c/r2627f:3h6h,7hAh|/2d5dKh:300,-300(300.000000)
304:Player,BR:0cc/cr876f:5sKc,7sJh|/3c6dQs:-100,100(-100.000000)
305:BR,Player:0r130c/r871f:5hTd,6sKc|/3d9sTc:230,-230(230.000000)
306:Player,BR:0cr300c/r520r4005r9887f:AsAc,6h7c|/4h7hQd:4925,-4925(4925.000000)
307:BR,Player:0r130c/r573f:4cKc,9sTd|/5d8h8c:230,-230(230.000000)
308:Player,BR:0cc/r130r327c/r1513c/r6210c:4d7c,4c9s|/4s5c6d/Ah/Jh:-8280,8280(-8280.000000)
309:BR,Player:0r200c/r1306f:7cQd,8cTs|/2s4sAd:300,-300(300.000000)
310:Player,BR:0cr200c/cr427f:3d3c,2d9s|/2h4dQc:-300,300(-300.000000)
311:BR,Player:0r130c/r2014f:5sJc,6hKd|/2d7h8s:230,-230(230.000000)
312:Player,BR:0cc/cr876f:6cAd,ThJc|/3h8d9d:-100,100(-100.000000)
313:BR,Player:0r130c/r327f:4dAd,3h5s|/8s9h9c:230,-230(230.000000)
314:Player,BR:0cr200c/r600c/cc/r1800c:3d5d,2c4s|/2s7sQs/Qd/8c:-2700,2700(-2700.000000)
315:BR,Player:0r130c/r2014f:2hAd,TcQs|/5c6sKh:230,-230(230.000000)
316:Player,BR:0cc/cr761f:3h4d,QsQh|/2s4hTs:-100,100(-100.000000)
317:BR,Player:0cc/r379c/cr121c/cr1200c:8sKc,ThJs|/4s7d8h/7s/4d:1800,-1800(528.368130)
318:Player,BR:0cr300c/cr866c/cc/cc:7dJd,ThTd|/3c7sQc/8s/5d:-1266,1266(-1127.632059)
319:BR,Player:0r130c/r1001f:2d7c,3hJd|/3s6sKd:230,-230(230.000000)
320:Player,BR:0cr300c/cr1741f:9cTc,3s3h|/4sQsKd:-400,400(-400.000000)
321:BR,Player:0r130c/r2014f:3hQh,5hJd|/3c8c9s:230,-230(230.000000)
322:Player,BR:0cc/cr3080f:3cKd,6d7s|/8cJcAs:-100,100(-100.000000)
323:BR,Player:0r200c/r2627f:ThJd,5sJs|/4dQhKs:300,-300(300.000000)
324:Player,BR:0cc/cr876f:4hAc,3hAd|/2h9dTs:-100,100(-100.000000)
325:BR,Player:0cc/r435f:3h8c,4s8s|/2s4hKc:100,-100(100.000000)
326:Player,BR:0cc/cr100f:3h6s,9hQc|/2dKhKd:-100,100(-100.000000)
327:BR,Player:0r130c/r2014c/cc/cr4633f:6cTh,QhAc|/5dJcAd/Td/5h:-2244,2244(-2244.000000)
328:Player,BR:0cc/cr3080f:3s8c,8d9s|/JhAsAc:-100,100(-100.000000)
329:BR,Player:0r130c/r1001f:4hTh,2hQs|/5s8s9h:230,-230(230.000000)
330:Player,BR:0cc/cr1761f:4dAh,6c7s|/3s8hAs:-100,100(-100.000000)
331:BR,Player:0r130c/r2014f:3h5s,JhQs|/4c6cJd:230,-230(230.000000)
332:Player,BR:0cc/cr876f:5cAs,6d8c|/7h7cKh:-100,100(-100.000000)
333:BR,Player:0r200c/r1306f:3cJc,3dQh|/2h9sKs:300,-300(300.000000)
334:Player,BR:0cc/cr435f:3h8s,2h7s|/6h6cKd:-100,100(-100.000000)
335:BR,Player:0r300c/r1741f:7s7d,4dQc|/4h6dAc:400,-400(400.000000)
336:Player,BR:0cc/cr876f:6cTd,4h8c|/3cQsAs:-100,100(-100.000000)
337:BR,Player:0r130c/r285c/cc/cr865f:7d9h,4d8d|/5s5d7s/3d/6h:-515,515(-515.000000)
338:Player,BR:0cr300c/cr3503f:TcJc,3h5s|/4s8h9h:-400,400(-400.000000)
339:BR,Player:0r130c/r2014f:2d5d,9dAc|/4d5hQc:230,-230(230.000000)
340:Player,BR:0cc/cr2679r2679r11814c/r2728c/cc:2h3d,5sAc|/4s5cAs/Jh/Kd:20000,-20000(20000.000000)
341:BR,Player:0f:6h9h,2h4c|:50,-50(50.000000)
342:Player,BR:0cc/cr216c/cc/cc:2h9d,JsQh|/2cQdAd/5d/Jc:-316,316(-221.494641)
343:BR,Player:0r130c/r2014f:3s3h,2cQd|/4cTcJs:230,-230(230.000000)
344:Player,BR:0cc/cr761f:3dQs,KdAs|/8hTsKh:-100,100(-100.000000)
345:BR,Player:0cc/r876f:3hJc,4cAs|/2h6sQh:100,-100(100.000000)
346:Player,BR:0cr300c/cr1741f:9sJs,4s7s|/4d6hKd:-400,400(-400.000000)
347:BR,Player:0f:JcQc,2d3c|:50,-50(50.000000)
348:Player,BR:0cr300c/cr1741f:9cQh,6cQc|/7s7cKd:-400,400(-400.000000)
349:BR,Player:0r200c/r1306f:3cQd,9sAd|/4s5h6s:300,-300(300.000000)
350:Player,BR:0cc/cr876f:4sJd,9dTh|/2cQhAs:-100,100(-100.000000)
351:BR,Player:0r200c/r1306f:6c8c,JsQs|/2hQhAc:300,-300(300.000000)
352:Player,BR:0cc/cr876f:3cJd,6dQh|/5s5hJs:-100,100(-100.000000)
353:BR,Player:0cc/r379f:7sJc,4h8s|/3s5hJd:100,-100(100.000000)
354:Player,BR:0cc/cr876f:TdKc,QhAd|/2c7d8s:-100,100(-100.000000)
355:BR,Player:0r130c/r1001c/cr701f:JcAc,8c9h|/5d6c7h/3d:-1231,1231(-1231.000000)
356:Player,BR:0cr300c/cr866c/cc/r534f:9dQd,7dKh|/9sQcKc/5c/Td:1266,-1266(1266.000000)
357:BR,Player:0f:4c9c,3h7s|:50,-50(50.000000)
358:Player,BR:0cr130c/r299r1317c/r693c/cc:8sJd,8cQs|/6s7c9h/Ts/2c:2539,-2539(-1602.405117)
359:BR,Player:0r130c/r1001f:7cAs,8cKc|/4c6hJh:230,-230(230.000000)
360:Player,BR:0cr300c/cr1741f:QcAs,8dTd|/4h6c9s:-400,400(-400.000000)
361:BR,Player:0r130c/r2014f:3sKh,TcKc|/5hJcAh:230,-230(230.000000)
362:Player,BR:0cr300c/cr3503f:3s5h,8hTs|/4s9dJh:-400,400(-400.000000)
363:BR,Player:0r130c/r1001f:8cQh,5dQs|/3d4d9d:230,-230(230.000000)
364:Player,BR:0cc/cr435f:5dAh,3d7c|/3s4sJh:-100,100(-100.000000)
365:BR,Player:0r200c/r1136c/cr364c/cr2340f:QcKh,5d6s|/JsQsKs/2c/As:-1800,1800(-1800.000000)
366:Player,BR:0cr200c/cr1306f:ThAd,5c7h|/2c4s9c:-300,300(-300.000000)
367:BR,Player:0r130c/r871f:AhAd,5c8s|/4hQsQc:230,-230(230.000000)
368:Player,BR:0cr600c/cr3047f:5h6s,8cAc|/7h7cQc:-700,700(-700.000000)
369:BR,Player:0r130c/r1001r2472f:2h7d,8cQh|/5c9cTh:-1231,1231(-1231.000000)
370:Player,BR:0cc/cr435c/cc/cc:2h4s,6c8c|/2dJdJc/Tc/Kh:535,-535(535.000000)
371:BR,Player:0r130c/r1001c/cc/cr3599c:2c6c,4dTc|/9sJcQh/Kc/Qc:4830,-4830(-247.124716)
372:Player,BR:0cc/cr435f:3s7s,8d9d|/2s2dKh:-100,100(-100.000000)
373:BR,Player:0f:3d4h,3s6c|:50,-50(50.000000)
374:Player,BR:0cc/cr142f:4h6d,QsKs|/3h3d9s:-100,100(-100.000000)
375:BR,Player:0r130c/r2014c/cr2241c/cr8970c:4cKs,4hKc|/3c5hAc/Js/Jd:0,-0(6720.524290)
376:Player,BR:0cc/cr3080c/r1740f:TsQh,5c7h|/4s9dJs/4d:3180,-3180(3180.000000)
377:BR,Player:0r130c/r2014f:2s3c,5cKc|/3d9hKd:230,-230(230.000000)
378:Player,BR:0cc/cr435f:3dTc,7cKd|/2s3h5c:-100,100(-100.000000)
379:BR,Player:0r130c/r2014f:5sQc,8sTc|/6hKhAs:230,-230(230.000000)
380:Player,BR:0cc/cr876f:3s7c,3d4c|/2s6dKs:-100,100(-100.000000)
381:BR,Player:0r130c/r1751f:6hQh,9hKs|/2h3h5s:230,-230(230.000000)
382:Player,BR:0cc/cr1532f:4s5d,2s8s|/4h8dAs:-100,100(-100.000000)
383:BR,Player:0cc/r1532f:2s4h,5dQd|/2cAhAd:100,-100(100.000000)
384:Player,BR:0cr300c/cr3046f:3s3d,8d8c|/5d6h7s:-400,400(-400.000000)
385:BR,Player:0r130c/r1001f:9dKd,KhAh|/4c5s8h:230,-230(230.000000)
386:Player,BR:0cc/cr876f:2cAd,6cTs|/2d7h7d:-100,100(-100.000000)
387:BR,Player:0r130c/r1001f:6s8d,3cQs|/4c5cAh:230,-230(230.000000)
388:Player,BR:0cr300c/r1200f:6h7h,3h8d|/5d9sKd:400,-400(400.000000)
389:BR,Player:0r130c/r285r543r2634f:2cTs,QcKs|/5dThKd:1058,-1058(1058.000000)
390:Player,BR:0cr300c/r1200r6966f:TdJd,8sJh|/2d3h5s:-1600,1600(-1600.000000)
391:BR,Player:0r130c/r2014f:8cAs,6dKh|/3d5dQc:230,-230(230.000000)
392:Player,BR:0cc/cr435f:8dAh,JhAd|/3h7dTd:-100,100(-100.000000)
393:BR,Player:0r130c/r285c/cc/cr543f:8hJs,6sKc|/8cQdQc/Kh/9h:-515,515(-515.000000)
394:Player,BR:0cr200c/cr1306f:5c7c,6h7s|/2hQcAc:-300,300(-300.000000)
395:BR,Player:0r130c/r2014f:2h5d,8hAs|/2dTcQs:230,-230(230.000000)
396:Player,BR:0cr600c/cr1515c/r305c/cc:JsJh,7sKc|/9dTcKh/5c/5d:-2520,2520(-1034.684108)
397:BR,Player:0r130c/cc/cc/cr299f:2cJd,4hQs|/3h7sQc/Td/Kc:-230,230(-230.000000)
398:Player,BR:0cc/cr876f:6c9d,4hTs|/3h8d9h:-100,100(-100.000000)
399:BR,Player:0r200c/r2627f:2s4h,3dJd|/5hThKd:300,-300(300.000000)
400:Player,BR:0cc/cr124c/cc/cc:6h7c,3s3h|/2h7sKc/8c/Ac:224,-224(-34.595725)
401:BR,Player:0r130c/r2014f:3dJd,6hJs|/8sTcQc:230,-230(230.000000)
402:Player,BR:0cr200c/cr1306f:ThAc,5hTd|/4hQsKs:-300,300(-300.000000)
403:BR,Player:0r130c/r285c/cc/cc:JsAh,6h8d|/4h4d8s/9h/Th:-515,515(-194.056938)
404:Player,BR:0cc/cr124f:5c9h,4dJc|/2s2h4s:-100,100(-100.000000)
405:BR,Player:0r130c/r573f:9hJs,3sAc|/4c7sQd:230,-230(230.000000)
406:Player,BR:0cr300c/cr495f:8sAc,7cAh|/4c7dJd:-400,400(-400.000000)
407:BR,Player:0r130c/r1001c/cc/cc:3hJc,8cQc|/2c4h4c/Qh/Th:-1231,1231(-1231.000000)
408:Player,BR:0cr200c/r390r1718f:3s5s,4s9h|/8h8dQh:-690,690(-690.000000)
409:BR,Player:0r130c/r2014f:8cKh,6cTh|/5h9sTs:230,-230(230.000000)
410:Player,BR:0cr1200c/cr1609c/cc/cc:3d4d,7s9s|/3s7dKd/Td/Qs:2909,-2909(-2478.146249)
411:BR,Player:0r130c/r285f:JdAs,6hQd|/2h3s9s:230,-230(230.000000)
412:Player,BR:0cr300c/r520r4005c/cc/r4735f:4s7s,5cQh|/5h6sKs/3h/Qd:4925,-4925(4925.000000)
413:BR,Player:0r300c/r283c/cc/cc:4d9s,3d3c|/2h7sTd/Kd/6h:-683,683(-683.000000)
414:Player,BR:0cr300c/r520r4005f:QdKs,5c6s|/2c3hJc:-920,920(-920.000000)
415:BR,Player:0r130c/r163f:3c9d,3sKd|/2d7sTh:230,-230(230.000000)
416:Player,BR:0cr300c/r520r1309f:5s6d,2sAc|/9cTsAs:-920,920(-920.000000)
417:BR,Player:0r130c/r1001f:3d5s,6h8c|/TsJhQs:230,-230(230.000000)
418:Player,BR:0cr200c/cr2627f:5d9d,2dTs|/4h5s6d:-300,300(-300.000000)
419:BR,Player:0r130c/r573f:5dQh,3s4h|/TcQdKh:230,-230(230.000000)
420:Player,BR:0cc/cr379f:6c7h,3dKs|/4d8dKd:-100,100(-100.000000)
421:BR,Player:0r130c/r2014c/cc/cr6726c:6hQd,5s7c|/6s8hKc/Qs/4d:-8970,8970(5743.261028)
422:Player,BR:0cc/cr876f:4c9c,5d6d|/7d8dTh:-100,100(-100.000000)
423:BR,Player:0r130c/r1001c/cr1184c/cr3139f:5dTd,JcKh|/3h4sKd/Ts/3s:-2415,2415(-2415.000000)
424:Player,BR:0cc/cr435f:4dKh,2d5d|/3s8cQd:-100,100(-100.000000)
425:BR,Player:0r130c/r1001f:3hAh,7sKc|/7d8d9c:230,-230(230.000000)
426:Player,BR:0cc/cr124f:4hTs,9cJh|/2d9sQc:-100,100(-100.000000)
427:BR,Player:0r130c/r1001f:7cQd,3sKh|/2s9sJd:230,-230(230.000000)
428:Player,BR:0cr300c/r520r4005c/cc/r9887f:7dQd,3d8h|/4s6dTd/2h/4d:4925,-4925(4925.000000)
429:BR,Player:0r130c/r285c/cr543c/cc:5cJs,5d9h|/8sThJc/2d/9c:1058,-1058(2.834667)
430:Player,BR:0cr200c/r600r3918f:9hKh,2h3c|/6sQcKc:-900,900(-900.000000)
431:BR,Player:0r130c/r327c/cc/cr1513c:7dQs,8sQd|/3s6sKs/8c/Qh:-2070,2070(-24.903159)
432:Player,BR:0cc/cr3080f:5c8s,2c4d|/6dQsQc:-100,100(-100.000000)
433:BR,Player:0r130c/r163f:JsKd,4dKc|/2h3s8s:230,-230(230.000000)
434:Player,BR:0cc/cr876f:4sTd,3cAs|/2h8cTh:-100,100(-100.000000)
435:BR,Player:0r130c/r2014c/cc/cr6726f:6c8c,QcAh|/KhKcAd/2c/Ac:-2244,2244(-2244.000000)
436:Player,BR:0cr200c/r390r390f:4sJs,7hAc|/5s9hQc:-690,690(-690.000000)
437:BR,Player:0r130c/r871f:5hJd,7s8h|/3h6hJc:230,-230(230.000000)
438:Player,BR:0cc/cr1761f:3cQs,9sQd|/6s7dAc:-100,100(-100.000000)
439:BR,Player:0r200c/r649f:9h9c,7cQd|/5dThTd:300,-300(300.000000)
440:Player,BR:0cc/cr379f:2dQh,JsJc|/3s9hKd:-100,100(-100.000000)
441:BR,Player:0r130c/r2014f:4h7h,9cJs|/2d3c5c:230,-230(230.000000)
442:Player,BR:0cr200c/r390r390f:8h9h,9dJh|/6dAsAh:-690,690(-690.000000)
443:BR,Player:0f:6dAc,2d3s|:50,-50(50.000000)
444:Player,BR:0cc/cr3080f:3hJs,7c8d|/2d5h9c:-100,100(-100.000000)
445:BR,Player:0cc/r8194f:7dKh,4cTs|/7s8sKc:100,-100(100.000000)
446:Player,BR:0cr300c/cr19600f:2d3d,8h8d|/8cTdQs:-400,400(-400.000000)
447:BR,Player:0r130c/r2014f:2h4h,2sKc|/2c6sTh:230,-230(230.000000)
448:Player,BR:0cc/cr19900f:2hJc,6sKs|/2s5s9s:-100,100(-100.000000)
449:BR,Player:0r130c/r285c/cc/cc:6d8d,QsAh|/5s6cTs/9d/3c:515,-515(515.000000)
450:Player,BR:0cr300c/r1200f:5dQd,3dTh|/2d6d7s:400,-400(400.000000)
451:BR,Player:0r130c/r19770f:5dKh,6sTs|/5s8hKc:230,-230(230.000000)
452:Player,BR:0cr200c/cr2627c/r2923f:KhKc,4h6s|/3hTsTc/9d:2927,-2927(2927.000000)
453:BR,Player:0cc/r435f:2c3d,5c9h|/5d6cAd:100,-100(100.000000)
454:Player,BR:0cc/cr876c/r584f:3dTc,4c7s|/2c8sTd/9c:976,-976(976.000000)
455:BR,Player:0r200c/r371c/cr709c/cr4140f:7hQs,5hJh|/8dThQd/3s/9s:-1380,1380(-1380.000000)
456:Player,BR:0cc/cr876f:4h8s,6h8d|/TcJdKs:-100,100(-100.000000)
457:BR,Player:0r130c/r163c/cc/cc:TsAc,TdAs|/8dJsJd/Ks/3h:0,-0(-98.782253)
458:Player,BR:0cc/cr3080f:5d8h,5hQd|/7dThKd:-100,100(-100.000000)
459:BR,Player:0r130c/r1001f:9hKh,5hTs|/5c8d8c:230,-230(230.000000)
460:Player,BR:0cr300c/cr1741c/r1219c/r4368c:6sKs,5d5c|/8cQcKd/6d/2d:7728,-7728(-405.220244)
461:BR,Player:0f:5cQc,2d3s|:50,-50(50.000000)
462:Player,BR:0cr200c/r600r3918f:9cTd,5hKd|/2c8d9h:-900,900(-900.000000)
463:BR,Player:0r200c/r1136r1324r1324c/cr4196c/cr10764f:8c9d,KhAd|/TsJsQc/7c/Qh:-8280,8280(-8280.000000)
464:Player,BR:0cc/cr124f:4s8d,ThKc|/5dAhAd:-100,100(-100.000000)
465:BR,Player:0cc/r876f:4d9d,7h9s|/2d5c6h:100,-100(100.000000)
466:Player,BR:0cr200c/r600f:9dKd,3s7c|/6dTcJh:300,-300(300.000000)
467:BR,Player:0r200c/r2627c/cr8773f:9hTs,QcAc|/5hQdAd/4s:-2927,2927(-2927.000000)
468:Player,BR:0cr300c/cr1741f:7dQd,5h8h|/3c4cTh:-400,400(-400.000000)
469:BR,Player:0r130c/r2014r4633f:3d9s,JcAh|/2cJdAc:-2244,2244(-2244.000000)
470:Player,BR:0cc/cr216c/r134c/cc:4sJc,6hJh|/7s7hJd/9h/Th:-450,450(-440.927008)
471:BR,Player:0r130c/r1001f:4h5d,2cAh|/8dKhKd:230,-230(230.000000)
472:Player,BR:0cc/cr2679f:5hTc,9cQc|/4cQsKc:-100,100(-100.000000)
473:BR,Player:0r200c/r427f:JcQh,4s6s|/ThAsAh:300,-300(300.000000)
474:Player,BR:0cr300c/cr1741f:9h9d,8dQs|/7s7hTs:-400,400(-400.000000)
475:BR,Player:0r130c/r2014f:3cJs,3hJh|/4h7cTd:230,-230(230.000000)
476:Player,BR:0cc/cr1761f:4cJs,6h7s|/6d8sQs:-100,100(-100.000000)
477:BR,Player:0r200c/r2627f:2h4d,5d8h|/4c5hAs:300,-300(300.000000)
478:Player,BR:0cr600c/cr3047f:4cKc,5cJs|/6s6d7s:-700,700(-700.000000)
479:BR,Player:0r130c/r3522f:4cAc,8hQh|/2hJcKc:230,-230(230.000000)
480:Player,BR:0cc/cr124f:3dQc,8s9d|/6c8dJs:-100,100(-100.000000)
481:BR,Player:0r130c/r1001f:3d9s,QsQh|/6h8cAc:230,-230(230.000000)
482:Player,BR:0cc/cr1532f:7cJd,2cAc|/2dTsAh:-100,100(-100.000000)
483:BR,Player:0r130c/r3522f:6dQd,7hKd|/3d8dQc:230,-230(230.000000)
484:Player,BR:0cr200c/cr2627f:4h8s,8dKh|/7s9dTd:-300,300(-300.000000)
485:BR,Player:0r130c/r1751f:8dKc,3h8h|/4sKsKd:230,-230(230.000000)
486:Player,BR:0cr300c/cr3503f:JdQd,TdAh|/2c4h5h:-400,400(-400.000000)
487:BR,Player:0cc/r379f:8sQh,3hTd|/2d8dKh:100,-100(100.000000)
488:Player,BR:0cc/cr379f:4c7h,8dQs|/6sQcAc:-100,100(-100.000000)
489:BR,Player:0cc/r1761f:3dAs,5sTd|/8dThKc:100,-100(100.000000)
490:Player,BR:0cr600c/cr3047f:5d6c,2h3h|/9cTsKh:-700,700(-700.000000)
491:BR,Player:0r200c/r1306c/cc/cr1544f:6hTh,7dJs|/2h4sJc/Ts/5d:-1606,1606(-1606.000000)
492:Player,BR:0cr130c/cr1001c/cc/r1184f:8cJs,7sTs|/5c6cAc/Qd/Qc:1231,-1231(1231.000000)
493:BR,Player:0r200c/r371c/cc/cc:2s9c,JsKh|/5s5c9d/9h/4s:671,-671(671.000000)
494:Player,BR:0cc/cr216c/cc/cc:2h5c,4s4d|/2s3c9d/7s/Jh:-316,316(-224.350790)
495:BR,Player:0r130c/r1751f:QsAc,2sKc|/4c6cAd:230,-230(230.000000)
496:Player,BR:0cc/cr435f:6cJs,4h9s|/8hQhAc:-100,100(-100.000000)
497:BR,Player:0r200c/r1306f:3s5s,9s9c|/6s8cTs:300,-300(300.000000)
498:Player,BR:0cc/cr876f:6cQd,2d3h|/4s4hJh:-100,100(-100.000000)
499:BR,Player:0r130c/r573f:2cQd,8hQs|/3hAsAc:230,-230(230.000000)
500:Player,BR:0cr600c/cr3047f:JcKh,2hQd|/9dJdQh:-700,700(-700.000000)
501:BR,Player:0r130c/r1001f:JdAh,5hAd|/4cQcKh:230,-230(230.000000)
502:Player,BR:0cc/cr1761f:5dKd,2dJs|/3d6cAs:-100,100(-100.000000)
503:BR,Player:0r300c/r3503c/cr2337f:4s8d,5s6s|/3h7sJh/Ah:-3903,3903(-3903.000000)
504:Player,BR:0cc/cr3080f:3d9d,2h4c|/7c9hQc:-100,100(-100.000000)
505:BR,Player:0r130c/r573f:8dTh,6cTc|/TsQhKd:230,-230(230.000000)
506:Player,BR:0cc/cr3080f:6c8d,5dTh|/5c7sKs:-100,100(-100.000000)
507:BR,Player:0f:6hKh,2s9h|:50,-50(50.000000)
508:Player,BR:0cc/cr876f:7s8c,TsKs|/2c4d9d:-100,100(-100.000000)
509:BR,Player:0cc/r876f:2c5h,7h7c|/2s3c6h:100,-100(100.000000)
510:Player,BR:0cr200c/r390r3004c/cc/cc:5s9s,TsJs|/5h9dJd/3h/4s:3694,-3694(-1313.241006)
511:BR,Player:0cc/r142f:9hQc,5d6h|/2h2dAd:100,-100(100.000000)
512:Player,BR:0cc/cr876f:7sJc,9sTc|/4h7cKh:-100,100(-100.000000)
513:BR,Player:0r130c/r1001f:8hTd,7hJh|/5c8cJc:230,-230(230.000000)
514:Player,BR:0cr600c/r1400r2989f:JcKh,2cTc|/7dTdAs:-2100,2100(-2100.000000)
515:BR,Player:0cc/r379c/cc/cc:4cQs,6s6c|/2c4dTh/Ah/9c:-479,479(171.068208)
516:Player,BR:0cc/cr435c/r305c/r420c:2h9h,3c7h|/5hQhKc/7c/3s:-1260,1260(-568.905291)
517:BR,Player:0cc/r216f:7h8s,2hAd|/3h7sKh:100,-100(100.000000)
518:Player,BR:0cc/cr124f:5sKd,9cJs|/2h2dJh:-100,100(-100.000000)
519:BR,Player:0f:5sTc,3c7d|:50,-50(50.000000)
520:Player,BR:0cc/cr1761f:3dQc,3h9c|/3s6d8h:-100,100(-100.000000)
521:BR,Player:0r130c/r1001f:6hAd,JhAs|/3s4c5h:230,-230(230.000000)
522:Player,BR:0cc/cr761f:4sJh,KhKd|/4h9cTc:-100,100(-100.000000)
523:BR,Player:0r200c/r747f:2dQs,8sKh|/KcAsAc:300,-300(300.000000)
524:Player,BR:0cc/cr3080f:2sAh,2h3c|/2d8dTs:-100,100(-100.000000)
525:BR,Player:0r130c/r1001f:4hKs,9sAd|/2s4c5s:230,-230(230.000000)
526:Player,BR:0cc/cr435f:4s8d,3s6h|/7s7dQc:-100,100(-100.000000)
527:BR,Player:0cc/r435r1075r1075f:7d8h,3hKd|/2s5hAc:1610,-1610(1610.000000)
528:Player,BR:0cr300c/cr3503f:5c6s,4s4d|/3hJhKc:-400,400(-400.000000)
529:BR,Player:0r130c/r1001f:9dTd,6dTh|/2s4sAs:230,-230(230.000000)
530:Player,BR:0cc/cr435f:2c8d,4cJs|/8sTcKd:-100,100(-100.000000)
531:BR,Player:0cc/r379c/cr121c/cr1800c:9dJc,4d9h|/8cThJd/8s/3h:2400,-2400(1296.625002)
532:Player,BR:0cr600c/cr3047f:JdAh,5sJs|/2d4cKc:-700,700(-700.000000)
533:BR,Player:0r130c/r1001f:2c5d,6sTs|/8d9s9h:230,-230(230.000000)
534:Player,BR:0cc/cr876f:8h9s,2s7d|/TdJhKd:-100,100(-100.000000)
535:BR,Player:0r200c/r1136f:9cKs,5dTd|/6hQhKd:300,-300(300.000000)
536:Player,BR:0cr1200c/cr5660f:QsAc,JdAs|/4s7dTd:-1300,1300(-1300.000000)
537:BR,Player:0f:2h5s,2s9h|:50,-50(50.000000)
538:Player,BR:0cc/cr1761f:4hJs,6s8d|/2d7h9h:-100,100(-100.000000)
539:BR,Player:0r130c/r871c/cc/cc:9dTh,8cKs|/3s8h9s/6d/Ts:1101,-1101(1087.235794)
540:Player,BR:0cc/cr435c/r1565f:7cKs,2c7d|/9sTcJh/Td:535,-535(535.000000)
541:BR,Player:0r130c/r1001f:3hJd,2sAh|/8hJhKc:230,-230(230.000000)
542:Player,BR:0cr300c/cr3046f:TdJd,3c6c|/2cJcAc:-400,400(-400.000000)
543:BR,Player:0r200c/r1306f:5hTs,2sAc|/6h7c8s:300,-300(300.000000)
544:Player,BR:0cr600c/cr3047f:4s4h,5c6h|/6sJdQc:-700,700(-700.000000)
545:BR,Player:0cc/r124c/cr100c/cr876f:ThTc,2h7h|/2d9sJc/2c/6h:-324,324(-324.000000)
546:Player,BR:0cc/cr876f:7d9h,KdAc|/2h9cTd:-100,100(-100.000000)
547:BR,Player:0f:QsAc,2d3h|:50,-50(50.000000)
548:Player,BR:0cr600c/cr3047f:JsKh,6sJh|/3d7d9s:-700,700(-700.000000)
549:BR,Player:0cc/r124f:3dJs,3s6d|/2dJcAs:100,-100(100.000000)
550:Player,BR:0cc/cr876c/r584c/cc:2s6s,9dAd|/2c6h7d/Ks/8c:1560,-1560(1560.000000)
551:BR,Player:0r130c/r2014f:6c8c,2hKs|/5s7dKh:230,-230(230.000000)
552:Player,BR:0cc/cr876f:2dJc,2c7s|/2h5s8h:-100,100(-100.000000)
553:BR,Player:0f:7sTh,3s7c|:50,-50(50.000000)
554:Player,BR:0cc/cr124c/cc/cc:7sJd,8s8d|/2sTdKh/Kd/9s:-224,224(-199.211031)
555:BR,Player:0r130c/r1001f:7h8h,3hQd|/JdKsAc:230,-230(230.000000)
556:Player,BR:0cr200c/r600r1281f:9hKh,QsAh|/4cQcKd:-900,900(-900.000000)
557:BR,Player:0cc/r142c/cc/cc:2cTh,8sJc|/8hQsAh/6s/9c:-242,242(-242.000000)
558:Player,BR:0cr300c/cr866c/cc/cc:8h8d,QsQh|/2cJdKs/5c/3h:-1266,1266(-1038.273212)
559:BR,Player:0r300c/r3503f:5hTc,ThQd|/3sKdAd:400,-400(400.000000)
560:Player,BR:0cr300c/cr1741f:3c4c,2d4d|/9cTsQh:-400,400(-400.000000)
561:BR,Player:0r130c/r2014f:6hTc,4cQh|/9sJdAh:230,-230(230.000000)
562:Player,BR:0cr600c/r4200r15100c/cc/cc:JsJc,AsAd|/3h4s9c/2c/Ac:-20000,20000(-20000.000000)
563:BR,Player:0r130c/r2014f:2dQs,6cAc|/3sJhAh:230,-230(230.000000)
564:Player,BR:0cc/cr1761f:2d3h,3c5s|/TdQdAh:-100,100(-100.000000)
565:BR,Player:0cc/r435f:8dJc,7cKs|/2c4d9d:100,-100(100.000000)
566:Player,BR:0cc/cr124c/cc/cc:6d7c,2c8s|/6s8dQc/Th/8h:-224,224(-198.860560)
567:BR,Player:0r130c/r871f:ThKs,7hJc|/3s9hKh:230,-230(230.000000)
568:Player,BR:0cc/cr876f:3h8c,2cQs|/6d7dTh:-100,100(-100.000000)
569:BR,Player:0cc/r124c/cc/cr376f:9dAc,4h6c|/4d9sTh/Jc/8d:-224,224(-224.000000)
570:Player,BR:0cr300c/cr569c/cc/cc:TsKs,2h5c|/7d9sJh/Qd/Jd:969,-969(969.000000)
571:BR,Player:0r200c/cc/cr150c/cc:TdKd,4cQc|/4s8sAh/Tc/5s:450,-450(450.000000)
572:Player,BR:0cc/cr1761f:3dQc,9cTh|/3c7sKd:-100,100(-100.000000)
573:BR,Player:0r200c/r1306f:4c7d,JdAh|/4h5d9h:300,-300(300.000000)
574:Player,BR:0cc/cr1761f:4cTd,6d6c|/8dTsAd:-100,100(-100.000000)
575:BR,Player:0r130c/r1751f:5sAs,QhQd|/5cJcAc:230,-230(230.000000)
576:Player,BR:0cc/cr19900f:TsJd,AsAd|/7hJsAh:-100,100(-100.000000)
577:BR,Player:0r130c/r1001f:4s6s,KhAh|/3c5cTs:230,-230(230.000000)
578:Player,BR:0cc/cr876f:3d7c,4c7s|/6d9cAd:-100,100(-100.000000)
579:BR,Player:0r130c/r1001f:7d8d,KhAc|/7s9dTs:230,-230(230.000000)
580:Player,BR:0cc/cr1761f:3s6c,5d9s|/TdKsAh:-100,100(-100.000000)
581:BR,Player:0r300c/r996c/cc/cc:6dKs,7c9s|/2s4sJs/8c/8s:1396,-1396(1396.000000)
582:Player,BR:0cc/cr876f:4cTs,6c7d|/3h9hAd:-100,100(-100.000000)
583:BR,Player:0r130c/r2014f:6h8d,3s5c|/9h9dAd:230,-230(230.000000)
584:Player,BR:0cc/cr876f:6dTc,3sAs|/5h8dTh:-100,100(-100.000000)
585:BR,Player:0r130c/r1001c/cr1184c/cc:6s6c,7dQd|/2d3c7c/4d/Kh:-2415,2415(794.476686)
586:Player,BR:0cr200c/r390r6042f:6sAd,8sKh|/4d5s9d:-690,690(-690.000000)
587:BR,Player:0f:3s7s,2d3h|:50,-50(50.000000)
588:Player,BR:0cc/cr124c/cc/r100c:7dKh,5d6c|/2c5hTs/7h/7c:324,-324(-48.487062)
589:BR,Player:0r130c/r573f:2sQc,2dAs|/6s8h8c:230,-230(230.000000)
590:Player,BR:0cc/cr1532f:6h8s,TsQs|/9sThTc:-100,100(-100.000000)
591:BR,Player:0r200c/r1306f:KcAs,7hAc|/5s6s9c:300,-300(300.000000)
592:Player,BR:0cc/cr435c/cc/r515f:2hAh,5d7s|/2s4dAs/5s/9c:535,-535(535.000000)
593:BR,Player:0r130c/r871f:QcKh,7sJh|/2d9cKs:230,-230(230.000000)
594:Player,BR:0cc/cr876f:5dKs,9hAd|/3dJsQh:-100,100(-100.000000)
595:BR,Player:0r130c/r1001f:9sKc,5cQd|/4c6hQc:230,-230(230.000000)
596:Player,BR:0cc/cr876f:3hQc,2hKs|/8hQsAd:-100,100(-100.000000)
597:BR,Player:0r130c/r2014f:3d5d,TcAh|/2d9sJd:230,-230(230.000000)
598:Player,BR:0cc/cr761f:5hKc,6cAd|/5d9dAs:-100,100(-100.000000)
599:BR,Player:0r130c/r1001c/cc/cc:3hTs,6d9d|/4d9sJc/4c/2s:-1231,1231(-1231.000000)
600:Player,BR:0cc/cr3080f:8hTc,7sQs|/3h6sKc:-100,100(-100.000000)
601:BR,Player:0cc/r216f:3dTh,4h7c|/TsAhAc:100,-100(100.000000)
602:Player,BR:0cr300c/cr1741f:6h6d,2cKc|/ThQhQc:-400,400(-400.000000)
603:BR,Player:0r130c/r573c/cr577f:2hAs,JsQc|/5s6s6c/8d:-803,803(-803.000000)
604:Player,BR:0cc/cr249f:3h5c,8cTc|/6s6h6c:-100,100(-100.000000)
605:BR,Player:0r130c/r1001f:9cTs,4sQh|/2c5cJs:230,-230(230.000000)
606:Player,BR:0cc/cr3080f:2s7d,7hQh|/4cTsKs:-100,100(-100.000000)
607:BR,Player:0r130c/r1001c/cc/cc:6hJc,9s9c|/2c8hTh/5s/6d:-1231,1231(-330.202805)
608:Player,BR:0cc/cr435f:8dQh,9sJd|/2h6sAc:-100,100(-100.000000)
609:BR,Player:0r130c/r2014f:7c8s,2cQc|/4d7hAd:230,-230(230.000000)
610:Player,BR:0cc/cr876f:9sJd,2d9h|/2c5hJc:-100,100(-100.000000)
611:BR,Player:0cc/r876f:3d8d,5sTh|/7d8sJh:100,-100(100.000000)
612:Player,BR:0cc/cr3080f:7cAd,2h7d|/TsQcAs:-100,100(-100.000000)
613:BR,Player:0r200c/r1306f:5d5c,7cQs|/JhJcAc:300,-300(300.000000)
614:Player,BR:0cr130c/cr12392f:8dAc,4hQc|/4d4c7c:-230,230(-230.000000)
615:BR,Player:0r130c/r871f:9dAc,5sTc|/3s5c9s:230,-230(230.000000)
616:Player,BR:0cr300c/r800r1708f:TcQc,8c9s|/5s7c8d:-1200,1200(-1200.000000)
617:BR,Player:0r200c/r1306f:7s7c,5h9d|/8sJsAc:300,-300(300.000000)
618:Player,BR:0cc/cr124f:5s6d,TsAc|/9hKhKc:-100,100(-100.000000)
619:BR,Player:0cc/r379f:7d8h,4s6c|/6d7c8c:100,-100(100.000000)
620:Player,BR:0cr200c/cr1306f:JcKs,5c7s|/6h7h9h:-300,300(-300.000000)
621:BR,Player:0f:7cKh,2s8c|:50,-50(50.000000)
622:Player,BR:0cc/cr2679f:5d6s,4sQc|/2cKcAc:-100,100(-100.000000)
623:BR,Player:0r130c/r1001f:3c5d,7d8d|/6s6hQh:230,-230(230.000000)
624:Player,BR:0cr300c/cr1514c/r100c/cc:9dQc,2hAh|/QdKcAc/8h/7s:-2014,2014(-1431.053211)
625:BR,Player:0r130c/r2014f:2hAd,3cQc|/5c6s9d:230,-230(230.000000)
626:Player,BR:0cc/cr1761f:3s7s,3dTd|/4s4c6c:-100,100(-100.000000)
627:BR,Player:0cc/r1761f:2h8c,3d5h|/5s7sQh:100,-100(100.000000)
628:Player,BR:0cc/cr379f:4cAh,9cQh|/5cTcQs:-100,100(-100.000000)
629:BR,Player:0cc/r379f:9dQs,6d8c|/2s7cQc:100,-100(100.000000)
630:Player,BR:0cr200c/cr5284f:TdTc,3h9d|/2c4sQd:-300,300(-300.000000)
631:BR,Player:0cc/r435c/cc/cc:6s9s,4h8c|/8hJhJd/6d/3c:-535,535(-445.831996)
632:Player,BR:0cr300c/r520r1309f:4c8c,9dQh|/6h7c9h:-920,920(-920.000000)
633:BR,Player:0r130c/r2014c/cr2241f:4h8h,4cKs|/3s3cAc/7s:-2244,2244(-2244.000000)
634:Player,BR:0cr200c/cr427f:9sQh,2cQc|/4d5dQd:-300,300(-300.000000)
635:BR,Player:0r200c/r2627f:5hTs,2h2c|/4d6hQc:300,-300(300.000000)
636:Player,BR:0cr200c/cr1306f:6d7s,3dAd|/7d8c9h:-300,300(-300.000000)
637:BR,Player:0r200c/r2627f:4s9d,6h7s|/3sKcAc:300,-300(300.000000)
638:Player,BR:0cr200c/r600r19100f:6cTc,KhKd|/2s7cTs:-900,900(-900.000000)
639:BR,Player:0r200c/r1306f:2c9d,6d9c|/3h4h8h:300,-300(300.000000)
640:Player,BR:0cr200c/cr19700f:JhQh,2c3d|/2d3s7d:-300,300(-300.000000)
641:BR,Player:0r200c/r212r523c/cc/cr1345f:5h9s,8cJh|/4c9cAh/5c/Tc:-1035,1035(-1035.000000)
642:Player,BR:0cc/cr216f:2dJs,5dAs|/4s5hTd:-100,100(-100.000000)
643:BR,Player:0r130c/r1001f:2dQc,5sJh|/4h5hQh:230,-230(230.000000)
644:Player,BR:0cr300c/cr3503r11697f:JhQh,3h8c|/4h7cJs:3903,-3903(3903.000000)
645:BR,Player:0cc/r124c/cc/cr376c:QdAs,TdKc|/8h8cJd/Ks/3d:-600,600(-168.823028)
646:Player,BR:0cc/cr876f:4h7s,2s3s|/4c6cAc:-100,100(-100.000000)
647:BR,Player:0f:TsJs,3c7d|:50,-50(50.000000)
648:Player,BR:0cc/cr876f:6c8d,9dAc|/2h4cKd:-100,100(-100.000000)
649:BR,Player:0r130c/r573c/cr301c/cr1435f:QdKh,6s9s|/7s8sKs/Jh/5h:-1104,1104(-1104.000000)
650:Player,BR:0cc/cr8194f:4dTc,KcAh|/8d9sAd:-100,100(-100.000000)
651:BR,Player:0f:9sKc,2d7c|:50,-50(50.000000)
652:Player,BR:0cr300c/r520r2290f:ThKh,3hJs|/3d5c8h:-920,920(-920.000000)
653:BR,Player:0r130c/r2014f:8sJd,2s9s|/5d7dKh:230,-230(230.000000)
654:Player,BR:0cr200c/cr2627f:QdQc,2d4h|/3s7c9s:-300,300(-300.000000)
655:BR,Player:0f:9cKs,2h9d|:50,-50(50.000000)
656:Player,BR:0cr300c/cr7045r12555f:KsKc,6sQc|/5cTsKh:7445,-7445(7445.000000)
657:BR,Player:0r200c/r1306f:3s9c,3hQd|/8cJsQh:300,-300(300.000000)
658:Player,BR:0cc/cr876f:3hAd,6hAc|/3d8hTs:-100,100(-100.000000)
659:BR,Player:0r130c/r285r865r6008r12612f:7h9h,9sTh|/2d9cTd:-7388,7388(-7388.000000)
660:Player,BR:0cr200c/r390r390f:5c7c,3hJd|/4h9hQc:-690,690(-690.000000)
661:BR,Player:0r200c/r2627f:4cKh,TdJc|/3h5s8s:300,-300(300.000000)
662:Player,BR:0cc/cr216f:5h8c,ThQc|/TdJdJc:-100,100(-100.000000)
663:BR,Player:0f:8d9s,2d9c|:50,-50(50.000000)
664:Player,BR:0cc/cr876f:3sJh,9cTd|/6d7cQc:-100,100(-100.000000)
665:BR,Player:0r130c/r2014f:5dAh,4sAc|/7sTsJs:230,-230(230.000000)
666:Player,BR:0cc/cr876f:3c7d,2h9c|/8h8cQs:-100,100(-100.000000)
667:BR,Player:0cc/cc/cr130c/cr460c:2dKh,2hJh|/5s8s9s/6d/2s:690,-690(-206.315088)
668:Player,BR:0cc/cr435f:9dKs,5dQd|/4c6c7c:-100,100(-100.000000)
669:BR,Player:0r130c/r285c/cc/cr543c:4cAs,7hJc|/4s7c9h/4h/9d:1058,-1058(1058.000000)
670:Player,BR:0cc/cr379f:2h4d,4cKc|/6dJsKs:-100,100(-100.000000)
671:BR,Player:0cc/r1532f:8hJs,4dAh|/2c3h8s:100,-100(100.000000)
672:Player,BR:0cc/cr142f:2s3h,4h8c|/JsJhKh:-100,100(-100.000000)
673:BR,Player:0r130c/r285c/cr543c/cr3174f:2dTs,5s5h|/7sTdJc/5c/6d:-1058,1058(-1058.000000)
674:Player,BR:0cc/cr379f:3h9d,5s6d|/5h5cKh:-100,100(-100.000000)
675:BR,Player:0r130c/r2014f:4h8h,4cKd|/2dJcAh:230,-230(230.000000)
676:Player,BR:0cc/cr876f:2dAs,4hQh|/TcQsKc:-100,100(-100.000000)
677:BR,Player:0r130c/r2014f:4hJs,8cAh|/4d9dQs:230,-230(230.000000)
678:Player,BR:0cc/cr876f:7dQc,4hQs|/2d5c6c:-100,100(-100.000000)
679:BR,Player:0r130c/cr299r1317r3020f:2sQh,5hKs|/5dKcAh:-1846,1846(-1846.000000)
680:Player,BR:0cc/cr435f:9dJh,6c8s|/2h4hKc:-100,100(-100.000000)
681:BR,Player:0r130c/r871f:7cQd,9hJc|/5c8cQc:230,-230(230.000000)
682:Player,BR:0cc/cr876f:5h6s,2sKd|/4h7s9s:-100,100(-100.000000)
683:BR,Player:0f:3h9c,2cTs|:50,-50(50.000000)
684:Player,BR:0cc/cr124c/cc/r376c:6d8c,JhQh|/5dAsAh/Ks/Qs:-600,600(-439.501026)
685:BR,Player:0r200c/cr600r3918c/cr4632c/cr10550f:QdKc,5s6h|/2h4h7s/2c/3c:-9450,9450(-9450.000000)
686:Player,BR:0cc/cr435f:3d8h,5hTd|/2d8dQh:-100,100(-100.000000)
687:BR,Player:0r200c/r1306f:5d7s,5s9c|/2c8h8d:300,-300(300.000000)
688:Player,BR:0cc/cr876f:4h9c,6h8d|/5s8cTh:-100,100(-100.000000)
689:BR,Player:0r130c/r2014f:8s9s,5cQc|/2d6cTs:230,-230(230.000000)
690:Player,BR:0cc/cr1532f:2dTs,3hJh|/3c4cJd:-100,100(-100.000000)
691:BR,Player:0r130c/r2014f:9dKh,JcKd|/6hQsAs:230,-230(230.000000)
692:Player,BR:0cc/cr876f:9cTh,9hAs|/3c6cQd:-100,100(-100.000000)
693:BR,Player:0f:4sAd,3d7h|:50,-50(50.000000)
694:Player,BR:0cc/cr124r576r3483f:3d7h,8h8d|/2d2cJc:-800,800(-800.000000)
695:BR,Player:0r200c/r1306r3224r3224r11946f:7hAc,2s9s|/2h6s8d:-8054,8054(-8054.000000)
696:Player,BR:0cr200c/cr1306f:9cKd,4hTc|/2c3cAc:-300,300(-300.000000)
697:BR,Player:0r130c/r1001f:2cKc,4h6c|/7h9dAs:230,-230(230.000000)
698:Player,BR:0cc/cr876f:7d9c,4h7c|/6h9sAs:-100,100(-100.000000)
699:BR,Player:0r130c/r1001f:3h4h,3dJc|/6s6hJh:230,-230(230.000000)
700:Player,BR:0cc/cr124c/cc/cc:7sKd,ThTc|/2dJcQh/2c/Kh:224,-224(43.294885)
701:BR,Player:0r130c/r2014f:7h9d,6d8h|/7sJcAs:230,-230(230.000000)
702:Player,BR:0cr130c/cr2014f:ThAc,9sKs|/8hTdJh:-230,230(-230.000000)
703:BR,Player:0cc/r876f:2h2d,2sKc|/3c5c9h:100,-100(100.000000)
704:Player,BR:0cr300c/cr3046c/r100c/cc:7d8h,TsJd|/6d9sTd/5s/4s:3546,-3546(-461.030042)
705:BR,Player:0r200c/r2627f:2d4d,4cQc|/5h9hQd:300,-300(300.000000)
706:Player,BR:0cr300c/cr569c/cc/r831f:6cJc,2d7c|/3h8cJs/Kc/5d:969,-969(969.000000)
707:BR,Player:0r130c/r1001f:4c8c,8sAh|/3s9hTs:230,-230(230.000000)
708:Player,BR:0cc/cr19900f:9cJd,8s8d|/3d5d8h:-100,100(-100.000000)
709:BR,Player:0r130c/r2014f:7c9c,3cAs|/7dTsQs:230,-230(230.000000)
710:Player,BR:0cc/cr1761f:4dAc,4h7d|/6hJcAh:-100,100(-100.000000)
711:BR,Player:0r200c/r1306f:9sTs,JsQs|/2h6c7d:300,-300(300.000000)
712:Player,BR:0cc/cr124c/cc/cc:3d5s,9sJc|/3h9hKs/8d/Td:-224,224(-130.087763)
713:BR,Player:0r130c/r2014f:5d9c,7h8h|/2cTcQd:230,-230(230.000000)
714:Player,BR:0cc/cr876f:3h4s,2h6c|/6dTcAh:-100,100(-100.000000)
715:BR,Player:0r130c/r871c/cr2579f:8h9d,QdKd|/2d6d9h/5d:-1101,1101(-1101.000000)
716:Player,BR:0cr300c/cr495c/r100c/r157c:6dTd,6sTh|/7sTsQh/4h/9h:0,-0(901.921658)
717:BR,Player:0r200c/r2627f:3dQs,9sTd|/4c5dTh:300,-300(300.000000)
718:Player,BR:0cr300c/cr996f:TsTh,QhKc|/2d3dAs:-400,400(-400.000000)
719:BR,Player:0r130c/r1001f:6h9h,7hAd|/2s3cTd:230,-230(230.000000)
720:Player,BR:0cc/cr761f:4dTc,JhKd|/4h5hKs:-100,100(-100.000000)
721:BR,Player:0r200c/r2627f:JcQc,4hTd|/2d5h8h:300,-300(300.000000)
722:Player,BR:0cc/cr1761f:7d9c,5h8h|/5cTsAd:-100,100(-100.000000)
723:BR,Player:0f:JdKd,2c8s|:50,-50(50.000000)
724:Player,BR:0cr200c/cr1306f:TsKs,2d7h|/4d5s8c:-300,300(-300.000000)
725:BR,Player:0r130c/r2014f:TcJc,4dKc|/7d8hQd:230,-230(230.000000)
726:Player,BR:0cr600c/cr3047f:TcAd,7s8d|/6c8cQs:-700,700(-700.000000)
727:BR,Player:0r130c/r163f:2cJd,4s8c|/7hKdAc:230,-230(230.000000)
728:Player,BR:0cc/cr379f:2sQh,6s8c|/3d4h8d:-100,100(-100.000000)
729:BR,Player:0r130c/r2014c/cc/cr6726f:KcAd,AsAh|/4d6sTd/6h/Ac:-2244,2244(-2244.000000)
730:Player,BR:0cc/cr216f:8dJs,QcKc|/6dKhAc:-100,100(-100.000000)
731:BR,Player:0r130c/r2014f:5d9s,6dKd|/4s6cTc:230,-230(230.000000)
732:Player,BR:0cc/cr124c/cc/r376c:2d9d,JhJc|/TdTcQc/Qh/Jd:-600,600(-583.767256)
733:BR,Player:0r130c/r19770c/cc/cc:6s6d,AdAc|/5s6hJh/9s/Jc:20000,-20000(12940.508114)
734:Player,BR:0cc/cr124c/cc/cc:7cAd,2h5d|/4d5hKs/Jh/Js:-224,224(-138.971416)
735:BR,Player:0r130c/r1001f:3h6c,4c5s|/8dJcKc:230,-230(230.000000)
736:Player,BR:0cr600c/cr866f:8d9s,9cQc|/2sQsKc:-700,700(-700.000000)
737:BR,Player:0r130c/r1001c/cc/cc:5h8d,3cJs|/3d9s9c/4h/8c:1231,-1231(182.110953)
738:Player,BR:0cr300c/cr16295f:5dAd,8c9c|/6s7cTh:-400,400(-400.000000)
739:BR,Player:0cc/r124f:9h9c,3dQh|/2c7cJs:100,-100(100.000000)
740:Player,BR:0cr200c/cr2627f:2s2d,9sJs|/4cQcKc:-300,300(-300.000000)
741:BR,Player:0r200c/r212c/cr838c/cc:4cQh,QcAc|/8cQsKd/3c/8h:-1350,1350(443.888498)
742:Player,BR:0cc/cr435c/cc/cc:4c9s,7cAs|/2s4sQh/5h/3h:-535,535(-327.984406)
743:BR,Player:0r200c/r1136f:5cTd,4h5s|/6d7cTs:300,-300(300.000000)
744:Player,BR:0cr200c/cr2627f:5s5h,3sQd|/2s2hJc:-300,300(-300.000000)
745:BR,Player:0r130c/r573f:8hAd,6c9s|/8s9dJd:230,-230(230.000000)
746:Player,BR:0cr200c/cr2627f:2dAd,6sJs|/3hThQc:-300,300(-300.000000)
747:BR,Player:0r130c/r19770f:6dTs,4h7s|/6s6hKc:230,-230(230.000000)
748:Player,BR:0cr200c/r390r2612f:TdTc,9dJd|/4h9h9c:-690,690(-690.000000)
749:BR,Player:0f:9dQd,3s8h|:50,-50(50.000000)
750:Player,BR:0cc/cr876c/cc/cc:5s8s,6hJc|/5d7s8c/Kd/4s:-976,976(-741.675907)
751:BR,Player:0r200c/r1306f:8cQh,4c6d|/7cThKc:300,-300(300.000000)
752:Player,BR:0cr200c/r390r6042f:6hQh,2c7s|/2h5s8d:-690,690(-690.000000)
753:BR,Player:0r130c/r1001f:JhQs,7sKd|/6h8dAh:230,-230(230.000000)
754:Player,BR:0cc/cr435f:6sJd,3hAc|/2d5d9d:-100,100(-100.000000)
755:BR,Player:0r130c/r2014f:3cKs,5c8s|/3d7d8h:230,-230(230.000000)
756:Player,BR:0cc/cr124f:3s6d,2s9d|/5d9cJc:-100,100(-100.000000)
757:BR,Player:0r130c/r871c/cr279c/cc:JsJd,6d8d|/2c3c8h/Td/Kh:1380,-1380(1339.299420)
758:Player,BR:0cr300c/cr246f:8hAd,6sTd|/6c9hKs:-400,400(-400.000000)
759:BR,Player:0r200c/r2627f:2h3h,9dAc|/4h8dTh:300,-300(300.000000)
760:Player,BR:0cc/cr124c/r100c/r366c:7s9d,6h7d|/2c6c9s/6d/Ks:-690,690(-688.806668)
761:BR,Player:0cc/r761f:2dAh,4d9c|/3h4h5s:100,-100(100.000000)
762:Player,BR:0cr200c/cr747f:8cAd,3sTh|/5hJhAh:-300,300(-300.000000)
763:BR,Player:0cc/r435f:4c6c,3dQc|/2cKcAh:100,-100(100.000000)
764:Player,BR:0cr200c/cr1306f:8hJh,2c9h|/8dTdAd:-300,300(-300.000000)
765:BR,Player:0f:4h5d,3cTh|:50,-50(50.000000)
766:Player,BR:0cc/cr124f:2dQh,TsQd|/6s6h6d:-100,100(-100.000000)
767:BR,Player:0f:2sJh,2d9s|:50,-50(50.000000)
768:Player,BR:0cr300c/cr1741c/cc/r2059f:6sKs,4s7c|/3cTcKd/6h/Kc:2141,-2141(2141.000000)
769:BR,Player:0r130c/r285f:9dJs,6hKc|/2s9cQs:230,-230(230.000000)
770:Player,BR:0cc/cr216f:5h9s,6hJd|/4c6dQh:-100,100(-100.000000)
771:BR,Player:0r130c/r1001r2472r2472f:4dJh,7dJc|/3s8dTc:3703,-3703(3703.000000)
772:Player,BR:0cc/cr435f:2s6s,8cTs|/2d3dKs:-100,100(-100.000000)
773:BR,Player:0r130c/r1001f:4sTs,4cTc|/6hJhJc:230,-230(230.000000)
774:Player,BR:0cc/cr124f:2s5c,5sQh|/3hQdKh:-100,100(-100.000000)
775:BR,Player:0r200c/r244f:JcAd,6hKd|/2c3sTd:300,-300(300.000000)
776:Player,BR:0cr300c/cr1741f:TdAs,3h7d|/3s4dKc:-400,400(-400.000000)
777:BR,Player:0r130c/cc/cr115c/cc:7dJh,3h5h|/5dKhAc/Ad/Qh:-345,345(-203.604773)
778:Player,BR:0cc/cr435f:8hTs,6s9d|/2c5dAc:-100,100(-100.000000)
779:BR,Player:0r200c/r2627r6043f:JdKc,QhAh|/8hThAs:-2927,2927(-2927.000000)
780:Player,BR:0cr300c/cr3503c/cc/r16097c:9dKd,3cTc|/2hTdAd/4h/8s:-20000,20000(-18578.585856)
781:BR,Player:0f:6d9c,3sTd|:50,-50(50.000000)
782:Player,BR:0cc/cr379f:3d8c,KsKd|/3s4dAs:-100,100(-100.000000)
783:BR,Player:0f:QsQc,2s6c|:50,-50(50.000000)
784:Player,BR:0cc/cr3080f:5s9s,2hTs|/2d5dJh:-100,100(-100.000000)
785:BR,Player:0r200c/r2627f:4d8d,7sAd|/2cQdAc:300,-300(300.000000)
786:Player,BR:0cc/cr379f:3cAs,4dKc|/2d9dKh:-100,100(-100.000000)
787:BR,Player:0r130c/r1001f:5h9s,8cAh|/TsQsQd:230,-230(230.000000)
788:Player,BR:0cc/cr379f:4h8h,7cQd|/2d4s7s:-100,100(-100.000000)
789:BR,Player:0f:5d7s,2h6s|:50,-50(50.000000)
790:Player,BR:0cc/cr876c/r584c/r4680f:9hQc,5hJh|/7s8sTd/5c/Js:1560,-1560(1560.000000)
791:BR,Player:0r200c/cr390r390r4440f:2hKc,4hTs|/4s4c9h:-1080,1080(-1080.000000)
792:Player,BR:0cc/cr876f:8hJd,2cQh|/8cTdAh:-100,100(-100.000000)
793:BR,Player:0r200c/r427c/cr623c/cc:3cAc,5hAh|/6hQdQc/2d/4d:-1350,1350(-1218.643171)
794:Player,BR:0cr300c/r1200r3983f:QcKs,3sKc|/9s9hQd:-1600,1600(-1600.000000)
795:BR,Player:0r200c/r5284f:7s9s,8dAd|/5hKsAh:300,-300(300.000000)
796:Player,BR:0cc/cr1761f:3c8d,4s4c|/5h6dTc:-100,100(-100.000000)
797:BR,Player:0r130c/r1751f:3d4s,3hAc|/2h3s4d:230,-230(230.000000)
798:Player,BR:0cc/cr3080f:3s4c,2d5c|/3h6d9c:-100,100(-100.000000)
799:BR,Player:0r130c/r285c/cc/cr865c:QcAh,5s9s|/8hJhJc/7h/3d:1380,-1380(99.413524)
800:Player,BR:0cr130c/r690r4005f:TcQs,3h5h|/4hJsAd:-920,920(-920.000000)
801:BR,Player:0r130c/r1001f:4cKd,5sTc|/8s9hJd:230,-230(230.000000)
802:Player,BR:0cc/cr876f:9sKc,2c8h|/3hTcAh:-100,100(-100.000000)
803:BR,Player:0cc/r124c/cr236c/cc:2cKd,7cQc|/2h7hJd/6c/2d:460,-460(460.000000)
804:Player,BR:0cc/cr379f:3sTh,2s7s|/5s7dAh:-100,100(-100.000000)
805:BR,Player:0r130c/r1001c/cr1184c/cc:JsKc,7d9h|/5d8hAd/Ks/9c:2415,-2415(-228.413062)
806:Player,BR:0cr600c/r1400r1400f:3s7s,8d9s|/3cTsJd:-2100,2100(-2100.000000)
807:BR,Player:0cc/r435f:8dJd,5h6s|/7cQhKc:100,-100(100.000000)
808:Player,BR:0cc/cr435f:3cJh,9sTh|/5hAsAh:-100,100(-100.000000)
809:BR,Player:0r130c/r1751f:3h9h,5dAc|/3s9cKs:230,-230(230.000000)
810:Player,BR:0cr200c/cr1306f:5dQd,9hJc|/3s6s7h:-300,300(-300.000000)
811:BR,Player:0r130c/r871f:7hKs,8cTh|/3hJdKh:230,-230(230.000000)
812:Player,BR:0cc/cr876f:3dKs,2d6h|/2c7dAc:-100,100(-100.000000)
813:BR,Player:0r130c/r2014c/cc/cr6726c:6cAh,5h9h|/3h4h7d/2s/8s:8970,-8970(6125.174406)
814:Player,BR:0cc/cr876c/r584f:TsQc,KcAh|/9sTcQs/8s:976,-976(976.000000)
815:BR,Player:0r130c/r1001c/cr3599f:6hQh,4dJs|/4cTcJd/3d:-1231,1231(-1231.000000)
816:Player,BR:0cc/cr3080f:5hQd,3hTs|/3cJdQc:-100,100(-100.000000)
817:BR,Player:0r130c/r1001f:9dKs,QsQd|/2h6hAh:230,-230(230.000000)
818:Player,BR:0cc/cr876f:6sTc,6cTh|/7hJsKh:-100,100(-100.000000)
819:BR,Player:0r130c/r1001c/cc/cc:2c6c,4hKh|/4s4dTs/9s/Js:-1231,1231(-1231.000000)
820:Player,BR:0cc/cr379f:TdJc,8cTc|/2d4s8d:-100,100(-100.000000)
821:BR,Player:0r130c/r1001f:6s8h,JcKc|/4s5s5h:230,-230(230.000000)
822:Player,BR:0cr300c/r800r5224f:JhQh,3hQd|/3c9cJs:-1200,1200(-1200.000000)
823:BR,Player:0r130c/r1001f:5d8s,3c5c|/2d9hKc:230,-230(230.000000)
824:Player,BR:0cc/cr435f:7dJc,8hKd|/3c9dTs:-100,100(-100.000000)
825:BR,Player:0r130c/r1001f:2c6c,QdQc|/7s8sJc:230,-230(230.000000)
826:Player,BR:0cc/cr2679f:8cKh,8dQh|/5sQdAh:-100,100(-100.000000)
827:BR,Player:0cc/r379f:8s8h,JcQh|/3d5hAs:100,-100(100.000000)
828:Player,BR:0cc/cr124c/cc/cc:2h8h,8dKc|/4c8s9s/2c/Js:224,-224(-157.110315)
829:BR,Player:0r130c/r327c/cc/cc:5hQd,7s7h|/5c6d6c/8c/As:-557,557(-168.265109)
830:Player,BR:0cc/cr876c/r974f:4hAd,4c6c|/8sTcAs/Js:976,-976(976.000000)
831:BR,Player:0cc/r876r2014r7443f:9hTs,4hJh|/8hJdKh:2990,-2990(2990.000000)
832:Player,BR:0cc/cr1761f:3dKh,9dTs|/TdJsQh:-100,100(-100.000000)
833:BR,Player:0r130c/cc/cr115c/cr448c:7dQc,6cTd|/3h3cKd/2d/2c:0,-0(-24.938424)
834:Player,BR:0cc/cr19900f:4sJs,ThTd|/3dTcQh:-100,100(-100.000000)
835:BR,Player:0cc/r216c/cc/cc:4hTh,TdAs|/4c8d8c/9d/Ks:316,-316(115.225939)
836:Player,BR:0cc/cr435c/cc/r305c:3sKh,6dJc|/3c5hKc/6s/4c:840,-840(447.382126)
837:BR,Player:0cc/r1761f:3d7h,3sAh|/5dJdAs:100,-100(100.000000)
838:Player,BR:0cr300c/cr3503f:5sJs,4s7s|/3h3c8d:-400,400(-400.000000)
839:BR,Player:0f:7s9s,3c8d|:50,-50(50.000000)
840:Player,BR:0cr300c/cr1514c/r100c/cc:8hKh,TdJh|/5h9hTs/8c/6d:-2014,2014(-323.708540)
841:BR,Player:0r130c/r573f:9cQh,JcKs|/4h5hAh:230,-230(230.000000)
842:Player,BR:0cc/cr435f:3sQs,8sKc|/7dJdAh:-100,100(-100.000000)
843:BR,Player:0r130c/r285c/cr543c/cr6348f:7sTs,JcQd|/5dTcKd/Ah/4c:-1058,1058(-1058.000000)
844:Player,BR:0cr300c/cr1741f:2c5c,6c8s|/8d9hTh:-400,400(-400.000000)
845:BR,Player:0f:8hJh,2h9c|:50,-50(50.000000)
846:Player,BR:0cc/cr876f:4dTc,8c9d|/JdQhKd:-100,100(-100.000000)
847:BR,Player:0r200c/r371c/cc/cc:8h9h,7s7c|/5c9dAh/5d/As:671,-671(478.325562)
848:Player,BR:0cc/cr876f:2dKs,7dAd|/6dQhKh:-100,100(-100.000000)
849:BR,Player:0r200c/cr390r3004f:4dAc,7hKc|/2s8cJh:690,-690(690.000000)
850:Player,BR:0cc/cr876f:2hKs,5dAs|/2d4sJd:-100,100(-100.000000)
851:BR,Player:0f:6hTc,2c4h|:50,-50(50.000000)
852:Player,BR:0cr300c/r1200r1200r6800f:QhAd,2s7c|/3h7sQc:2800,-2800(2800.000000)
853:BR,Player:0r130c/r1001f:7h8s,3d4s|/3hJcKs:230,-230(230.000000)
854:Player,BR:0cc/cr761f:5c9c,8sAd|/3h5d8h:-100,100(-100.000000)
855:BR,Player:0r130c/r2014f:3s6s,JdQd|/2c5s8c:230,-230(230.000000)
856:Player,BR:0cc/cr1761c/r1589c/cc:3sJs,5d7s|/7hKsAs/9h/Ts:3450,-3450(3450.000000)
857:BR,Player:0r200c/r747c/cr753c/cr2340f:2h7c,8cAh|/TcQcAs/2s/Ac:-1800,1800(-1800.000000)
858:Player,BR:0cc/cr124c/cc/cc:2dQc,4hAs|/6s6hAh/Ac/Qh:-224,224(-198.325045)
859:BR,Player:0r130c/r2014f:JdKd,JcKs|/2d5hQh:230,-230(230.000000)
860:Player,BR:0cr600c/r910r7009r11381f:7h8h,TsJh|/5hJcAh:8619,-8619(8619.000000)
861:BR,Player:0r130c/r1001f:9dQd,5d8h|/6c8dKc:230,-230(230.000000)
862:Player,BR:0cr200c/cr2627r6043f:7h8d,3hAd|/7d7cTh:2927,-2927(2927.000000)
863:BR,Player:0r130c/r1001f:9dQs,TdJd|/2h3h5h:230,-230(230.000000)
864:Player,BR:0cc/cr379f:2dAs,7cKd|/6cThKc:-100,100(-100.000000)
865:BR,Player:0r130c/r2014f:2d5s,5hQs|/7sKdAd:230,-230(230.000000)
866:Player,BR:0cr300c/cr3503f:6c9c,3cKh|/8c9hQd:-400,400(-400.000000)
867:BR,Player:0r130c/r2014f:4dJc,2h9h|/9dAsAh:230,-230(230.000000)
868:Player,BR:0cc/cr876f:4dTs,4hTh|/5c9hKd:-100,100(-100.000000)
869:BR,Player:0r130c/r1001f:3dJd,TsAd|/6c9sKc:230,-230(230.000000)
870:Player,BR:0cr300c/r520r19080f:5c7s,KsAh|/2c8hAs:-920,920(-920.000000)
871:BR,Player:0cc/r761f:2hJh,6cAd|/2cJdQs:100,-100(100.000000)
872:Player,BR:0cr300c/r520r1309c/r1083f:6dKd,ThAh|/2d6cJh/4d:2229,-2229(2229.000000)
873:BR,Player:0f:ThTc,2d9s|:50,-50(50.000000)
874:Player,BR:0cr600c/r4200c/r15100c/cc:AhAd,9sJh|/3dJsKc/9c/5c:-20000,20000(-20000.000000)
875:BR,Player:0r130c/r2014f:6cQs,5sKd|/5dJcAh:230,-230(230.000000)
876:Player,BR:0cc/cr876f:2c3h,6cKh|/2d7h7d:-100,100(-100.000000)
877:BR,Player:0r130c/r327c/cc/cc:9hTd,8h8c|/4s7sAs/Tc/Ah:557,-557(512.061836)
878:Player,BR:0cr300c/cr1741f:7hAs,8dTs|/JhJcKc:-400,400(-400.000000)
879:BR,Player:0r130c/r1001f:3h4h,2cAs|/6h8dTd:230,-230(230.000000)
880:Player,BR:0cc/cr435f:2sKs,8sAd|/4c9cJd:-100,100(-100.000000)
881:BR,Player:0r130c/r1001f:TcQh,2cJs|/2d5s6c:230,-230(230.000000)
882:Player,BR:0cc/cr435f:7dTd,TcJd|/5c6s7h:-100,100(-100.000000)
883:BR,Player:0r130c/r573f:5dJd,3d4h|/JcQsKd:230,-230(230.000000)
884:Player,BR:0cr600c/cr3047f:4sKs,2h3d|/4d6d7s:-700,700(-700.000000)
885:BR,Player:0r130c/r1001f:4c5c,6sQh|/2h4dAh:230,-230(230.000000)
886:Player,BR:0cr600c/cr1742f:JdAh,6h8d|/5c9cQs:-700,700(-700.000000)
887:BR,Player:0r130c/r1001f:4hKs,4sQc|/7s7dQs:230,-230(230.000000)
888:Player,BR:0cr300c/r800r800c/cc/r1600c:7d8d,7hQs|/3s7c8s/Qd/9s:-3600,3600(-3379.605073)
889:BR,Player:0r130c/r1001f:5cTs,7sJh|/3h4hTh:230,-230(230.000000)
890:Player,BR:0cr200c/cr5284f:QdAh,2cQc|/6s8cKh:-300,300(-300.000000)
891:BR,Player:0f:5sKc,2dTh|:50,-50(50.000000)
892:Player,BR:0cr600c/r4200r15100f:4c5d,JdJc|/6h7cJs:-4900,4900(-4900.000000)
893:BR,Player:0r130c/r2014c/cr4633f:9hKc,2hKh|/4hTcAh/Qc:-2244,2244(-2244.000000)
894:Player,BR:0cc/cr876c/r974f:5hQd,6hJs|/5d5cQs/3d:976,-976(976.000000)
895:BR,Player:0r130c/r1001f:9dTd,7hJc|/5dQhQc:230,-230(230.000000)
896:Player,BR:0cc/cr435c/r305c/cc:9hTs,7sQs|/4c6s9d/3h/Qd:-840,840(-711.586070)
897:BR,Player:0r130c/r871f:6hJc,4hTd|/3c9sJs:230,-230(230.000000)
898:Player,BR:0cc/cr379f:7h8d,5sKs|/TsKhAd:-100,100(-100.000000)
899:BR,Player:0cc/r100c/cc/cr260f:6cAs,JhKs|/2h3h3d/9s/Jd:-200,200(-200.000000)
900:Player,BR:0cc/cr435f:2d8d,9dJh|/2c4hKh:-100,100(-100.000000)
901:BR,Player:0cc/r876c/cc/cc:4hKc,4s7c|/4c6h7s/5h/Qs:-976,976(-976.000000)
902:Player,BR:0cc/cr1532f:8dQh,JcAh|/2c7cJd:-100,100(-100.000000)
903:BR,Player:0cc/r435f:4c7c,9hKd|/2s3hJd:100,-100(100.000000)
904:Player,BR:0cr300c/r520r520f:4s7s,3c7d|/2d5c9s:-920,920(-920.000000)
905:BR,Player:0cc/r3080f:2h5h,JcQd|/4s9hKh:100,-100(100.000000)
906:Player,BR:0cr300c/r520r4005f:7dJd,4hAc|/2h2cTd:-920,920(-920.000000)
907:BR,Player:0r130c/r1001f:3s7h,5h9h|/3d8dQd:230,-230(230.000000)
908:Player,BR:0cc/cr3080f:3sAc,4d8s|/2c5h9s:-100,100(-100.000000)
909:BR,Player:0cc/r19900f:4h7d,2cQs|/2d4d7h:100,-100(100.000000)
910:Player,BR:0cc/cr124c/cc/r236c:2d7h,JdAc|/2s2cKs/5d/Jh:460,-460(76.322387)
911:BR,Player:0r130c/r2014f:4c6d,7dJs|/2s9dKs:230,-230(230.000000)
912:Player,BR:0cc/r130r4051f:3d8d,3c6c|/2s7dJs:-230,230(-230.000000)
913:BR,Player:0r200c/r2627f:TsJs,3sKs|/4s9hQd:300,-300(300.000000)
914:Player,BR:0cc/cr435r1075f:6s8c,4hQc|/3c4d5h:535,-535(535.000000)
915:BR,Player:0r130c/r285c/cc/cc:JcQs,KsKd|/6sJhAh/Jd/8h:515,-515(515.000000)
916:Player,BR:0cc/cr379f:7sQc,2d6c|/6s6h8c:-100,100(-100.000000)
917:BR,Player:0f:3d9s,2s4c|:50,-50(50.000000)
918:Player,BR:0cc/cr216f:5cQs,6c9s|/3h6sAc:-100,100(-100.000000)
919:BR,Player:0cc/r1761f:TdJc,3c5s|/5hQhKs:100,-100(100.000000)
920:Player,BR:0cc/cr761f:4cTd,QsKc|/9sTsKd:-100,100(-100.000000)
921:BR,Player:0f:3d6d,2c9d|:50,-50(50.000000)
922:Player,BR:0cr300c/r520r1309f:9hTh,2dKs|/QsQdQc:-920,920(-920.000000)
923:BR,Player:0r130c/r871f:ThQd,3h3d|/2s6cTc:230,-230(230.000000)
924:Player,BR:0cc/cr124c/cc/cc:4hKs,3s6h|/4s4c6d/6s/5s:-224,224(-202.119308)
925:BR,Player:0cc/r435c/cr1075f:5d7s,TdQh|/2d8cTc/Qd:-535,535(-535.000000)
926:Player,BR:0cc/cr876f:4s7h,9d9c|/5s7sAs:-100,100(-100.000000)
927:BR,Player:0cc/r216r584r3918r9672f:7h7d,3d5d|/4h6dTd:-4818,4818(-4818.000000)
928:Player,BR:0cr300c/r520r1139r5301f:5cQc,2hQh|/3s5hQs:2059,-2059(2059.000000)
929:BR,Player:0r130c/r1001c/cr1184f:5cQd,AsAh|/4d4cJd/2d:-1231,1231(-1231.000000)
930:Player,BR:0cc/cr761f:3hTd,6hAs|/8cJcAc:-100,100(-100.000000)
931:BR,Player:0r200c/r5284r14416f:5dJd,TsTd|/5sThQc:-5584,5584(-5584.000000)
932:Player,BR:0cr130c/r299r1317c/r693c/r1269c:TsJs,5s5h|/3h4sAs/2h/9h:-3808,3808(-3786.905560)
933:BR,Player:0r200c/r2627c/cc/cr6043f:3h6h,9hTh|/5dJsQh/3c/7c:-2927,2927(-2927.000000)
934:Player,BR:0cr200c/cr2627c/r2923f:TcQc,4sTs|/JhJcAc/4h:2927,-2927(2927.000000)
935:BR,Player:0r130c/r1001f:2cKh,4c5h|/ThJsQs:230,-230(230.000000)
936:Player,BR:0cc/cr1761f:8sQh,2hJs|/TsQsQd:-100,100(-100.000000)
937:BR,Player:0r130c/r163c/cc/cc:9hAd,TdJd|/4s4cTs/Kc/9c:-393,393(112.585947)
938:Player,BR:0cc/cr435f:4cJc,3cTd|/2d5dJd:-100,100(-100.000000)
939:BR,Player:0r130c/r4051f:5cKs,4cAh|/2d6cJc:230,-230(230.000000)
940:Player,BR:0cr200c/cr2627c/cc/r12673f:7hKs,TcAc|/2hJhKd/8h/7s:2927,-2927(2927.000000)
941:BR,Player:0f:3hTh,2c9h|:50,-50(50.000000)
942:Player,BR:0cc/cr876c/r584f:2dTs,8h9d|/2hQsQh/4c:976,-976(976.000000)
943:BR,Player:0cc/r435f:2d4c,6c7d|/3c6hJc:100,-100(100.000000)
944:Player,BR:0cr600c/r910r4008f:5d8c,JdAs|/2s6d6c:-1610,1610(-1610.000000)
945:BR,Player:0cc/r876f:2d6c,3dQd|/6h7dTc:100,-100(100.000000)
946:Player,BR:0cr300c/cr1741f:JdAc,2c6s|/3c4h6d:-400,400(-400.000000)
947:BR,Player:0r130c/r1001c/cc/cc:4hKs,AsAh|/9cThTc/6h/7c:-1231,1231(-1231.000000)
948:Player,BR:0cr600c/cr866f:4h5h,TcQc|/6dTdJh:-700,700(-700.000000)
949:BR,Player:0r200c/r1136r1324r1324r15916f:9cAd,ThTd|/3d7c9d:-4084,4084(-4084.000000)
950:Player,BR:0cr300c/cr1741f:2h2c,2d4h|/TcJhJc:-400,400(-400.000000)
951:BR,Player:0r300c/r1741f:6cQc,3c9c|/8sKsKc:400,-400(400.000000)
952:Player,BR:0cr300c/r520r520f:5c8h,8cJh|/2c3d9s:-920,920(-920.000000)
953:BR,Player:0f:2c4h,2d6h|:50,-50(50.000000)
954:Player,BR:0cc/cr1532f:2s3d,8sKs|/6h7sTs:-100,100(-100.000000)
955:BR,Player:0r130c/r871c/cc/cr1015c:JsQc,9cTs|/4s7sJc/5c/6d:2116,-2116(216.301975)
956:Player,BR:0cc/cr761f:3sTd,JdKs|/6c9sJc:-100,100(-100.000000)
957:BR,Player:0r200c/r1306f:8hJd,TdAs|/2d3cQd:300,-300(300.000000)
958:Player,BR:0cr300c/cr1741f:6c9d,9cKs|/2h3dJc:-400,400(-400.000000)
959:BR,Player:0r130c/r2014f:6c7h,7cKc|/2d3s8c:230,-230(230.000000)
960:Player,BR:0cr300c/cr1741f:JhAc,2d7h|/5h5c9s:-400,400(-400.000000)
961:BR,Player:0f:6dJc,2hTs|:50,-50(50.000000)
962:Player,BR:0cc/cr435f:2hQc,4dTs|/4h5dAs:-100,100(-100.000000)
963:BR,Player:0r130c/r2014c/cr1344c/cr7176c:8dAh,ThJd|/6h9cQh/5c/9d:10764,-10764(2118.869535)
964:Player,BR:0cc/cr8194f:7sQh,9hTh|/9cTcAs:-100,100(-100.000000)
965:BR,Player:0r130c/r871f:6dAs,3dTd|/9dJsAh:230,-230(230.000000)
966:Player,BR:0cr300c/r520r1309f:9hTs,2h2c|/3c4dQs:-920,920(-920.000000)
967:BR,Player:0cc/r1761f:5c8h,2cKs|/7h9dQh:100,-100(100.000000)
968:Player,BR:0cc/cr876f:6h7d,4h8d|/6d9dTs:-100,100(-100.000000)
969:BR,Player:0r130c/r1001c/cc/cr2472f:6c7c,JsKh|/4s9dJc/6s/9c:-1231,1231(-1231.000000)
970:Player,BR:0cc/cr1761f:4hQc,9hTs|/JdJcKs:-100,100(-100.000000)
971:BR,Player:0r200c/r2627f:6s7c,QdAs|/2cTsTc:300,-300(300.000000)
972:Player,BR:0cc/cr876f:2h3d,3s8c|/2s6sJc:-100,100(-100.000000)
973:BR,Player:0r130c/r285c/cr543c/cr1375c:KhKc,3sAc|/4c9dAd/3h/8h:-2433,2433(-1004.600145)
974:Player,BR:0cr130c/r460f:7dKc,3sAc|/6h7s7h:230,-230(230.000000)
975:BR,Player:0f:2hJs,3d9s|:50,-50(50.000000)
976:Player,BR:0cc/cr876f:9dKs,4dJd|/2h7d8c:-100,100(-100.000000)
977:BR,Player:0cc/r435f:8sKs,2dJd|/5d6h6d:100,-100(100.000000)
978:Player,BR:0cc/cr435f:6cTh,4h9c|/7s7dJc:-100,100(-100.000000)
979:BR,Player:0r130c/r285f:3dQd,4s9s|/QhKsKh:230,-230(230.000000)
980:Player,BR:0cr200c/cr427f:5d9d,2sTh|/4s7sQs:-300,300(-300.000000)
981:BR,Player:0r200c/r212r838r3360f:QsAd,2c7c|/2s5hTc:1350,-1350(1350.000000)
982:Player,BR:0cc/cr3080f:8d9h,4d5c|/3sTdKh:-100,100(-100.000000)
983:BR,Player:0r130c/r573f:8sJd,7dKd|/9hQhQd:230,-230(230.000000)
984:Player,BR:0cr600c/cr3047f:7h8h,2hKd|/TsJsQc:-700,700(-700.000000)
985:BR,Player:0cc/r379f:TcJh,5d9c|/3c8hJd:100,-100(100.000000)
986:Player,BR:0cr130c/cr1001f:JhKc,8c9d|/2h4cAs:-230,230(-230.000000)
987:BR,Player:0r200c/r1306f:8dQh,8cAh|/2d5sAs:300,-300(300.000000)
988:Player,BR:0cc/cr1761f:3cTd,4sAh|/4d7cTs:-100,100(-100.000000)
989:BR,Player:0r130c/r1001f:TdQd,7sAh|/6c8hKh:230,-230(230.000000)
990:Player,BR:0cc/cr216f:5sTh,4dQs|/4hJdJc:-100,100(-100.000000)
991:BR,Player:0r130c/cc/cc/cc:7sQs,JhQc|/3hKhAd/9c/9d:0,-0(-60.339415)
992:Player,BR:0cr300c/r520r520c/r768f:QcKh,5dTs|/6dAsAh/8c:1440,-1440(1440.000000)
993:BR,Player:0cc/r876f:3c4d,8h9c|/9hTsQd:100,-100(100.000000)
994:Player,BR:0cr600c/cr3047f:4sQs,5d6h|/7dTdKs:-700,700(-700.000000)
995:BR,Player:0cc/r1761f:3c8s,4c9d|/3d7cKc:100,-100(100.000000)
996:Player,BR:0cc/cr435f:7d9h,5c7s|/8s9dTh:-100,100(-100.000000)
997:BR,Player:0r130c/r327c/cc/cr1030c:5sTc,QcKc|/8h9dTh/Ts/2s:1587,-1587(1296.178881)
998:Player,BR:0cc/cr876f:4sKc,8cJd|/3s4dQd:-100,100(-100.000000)
999:BR,Player:0r130c/r2014f:JsQc,9dQs|/4h7dAs:230,-230(230.000000)
1000:Player,BR:0cc/cr435r2265r2265f:3dJd,4s8d|/4cThJs:-2800,2800(-2800.000000)
RAW BR STATS: n=1000, sum=111797.000000, sum_sq=4218966339.000000, vr_sum=130173.775301, vr_sum_sq=3203015979.116254
BR STATS: 111.797000(127.120284), 130.173775(110.632768)
RESULTS
1)BR: 111797
2)Player: -111797
