In config file: GAME_DEF=game_def.fullholdem
In config file: ACTIONS_R0=C
In config file: ACTIONS_R1=C
In config file: ACTIONS_R2=F,C,1,A
In config file: ACTIONS_R3=F,C,1,A
Loading player: rgbr_nl_cprg.so
Player args: /home/viliam/cprg/project_uoapoker/trunk/src/c/meta_player.so /home/viliam/cprg/project_uoapoker/trunk/src/c/acpc14.map
Using seed 46.
1:Player,BR:0cr600c/r2100c/r3640r12880f:5dAs,2c8s|/3s4s7h/9d:-6440,6440(-6440.000000)
2:BR,Player:0r130c/cr299c/cc/r1058c:9sTd,6d9d|/5c6sQs/3d/2c:-1587,1587(-1587.000000)
3:Player,BR:0cc/cc/cr200f:2d5s,7hKc|/9hKhKd/Jd:-100,100(-100.000000)
4:BR,Player:0r130c/cr299c/r19471f:2s4d,8hQd|/2h6h8d/2d:529,-529(529.000000)
5:Player,BR:0cr200c/r900c/cr2400f:TdAh,5cQs|/8cQhAd/8s:-1200,1200(-1200.000000)
6:BR,Player:0r130c/cc/cc/r19770f:4c5h,5c8s|/6hThQd/4d/3s:230,-230(230.000000)
7:Player,BR:0cr600c/cc/cc/cc:5sKs,JhQs|/2d7dQh/Ad/Td:-700,700(-22.239485)
8:BR,Player:0r200c/cc/r19700f:5s9h,3h3d|/TdQdAc/8h:300,-300(300.000000)
9:Player,BR:0cr130c/cc/r115r690c/r207f:7s7h,4c9d|/7c8dJc/3c/7d:1035,-1035(1035.000000)
10:BR,Player:0r130c/cr299c/r1058f:QdKc,5hAd|/3d7sJc/9d:529,-529(529.000000)
11:Player,BR:0cc/cc/r130f:JdKh,3c5c|/7d8dJh/9s:100,-100(100.000000)
12:BR,Player:0r130c/cr299c/r1058c/r3174f:3s3h,QcKh|/9dThKs/Ad/Jd:1587,-1587(1587.000000)
13:Player,BR:0cr1200c/cc/r2600r7800f:3d9d,7h8d|/2d8hJc/Qd:-3900,3900(-3900.000000)
14:BR,Player:0r200c/cc/r19700f:9sAd,TsTc|/8c9dQc/As:300,-300(300.000000)
15:Player,BR:0cc/cc/cc/cr200c:5hTs,2s4c|/8hQhKh/2h/2d:300,-300(-71.358156)
16:BR,Player:0r200c/cc/r19700f:2cAc,9cAs|/3c8hKc/5c:300,-300(300.000000)
17:Player,BR:0cc/cc/r130c/r690c:2d5c,7cAh|/3h6hJc/Js/Qs:-920,920(-707.173701)
18:BR,Player:0r130c/cc/r19770f:4h8d,3hQs|/7s7dJh/2c:230,-230(230.000000)
19:Player,BR:0cc/cc/r130r460c/cr19310f:6hTc,KdKc|/ThAsAh/4d/8c:-690,690(-690.000000)
20:BR,Player:0r200c/cc/r600f:6h8h,TsKs|/6d8cAh/9c:300,-300(300.000000)
21:Player,BR:0cc/cc/cc/r130r19770f:6hJs,JhKh|/6d7s8c/4d/8h:-230,230(-230.000000)
22:BR,Player:0r130c/cc/cr460c/r19310f:TdAc,4h6h|/3c9dKc/5s/Ah:690,-690(690.000000)
23:Player,BR:0cc/cc/cr200f:4cAs,QhKs|/7dJhQs/Kd:-100,100(-100.000000)
24:BR,Player:0r300c/cc/r800c/r18800f:QcKd,6hJd|/6d7h7d/3c/5c:1200,-1200(1200.000000)
25:Player,BR:0cc/cc/r130c/r460r19310f:6s8d,9sQc|/2d3h4h/Jh/5d:-690,690(-690.000000)
26:BR,Player:0cc/cr130c/cr460r1380f:8s9s,2s5s|/4s8cAc/Kh:690,-690(690.000000)
27:Player,BR:0cr130c/cc/cr19770f:7sKd,8hQd|/8dQhQc/Td:-230,230(-230.000000)
28:BR,Player:0r130c/cc/r460f:6s9c,ThQd|/2c5s7s/9h:230,-230(230.000000)
29:Player,BR:0cc/cc/r130f:5d9d,5s6d|/8dJcQd/4c:100,-100(100.000000)
30:BR,Player:0r200c/cc/cr390f:QhAc,5sQc|/5d7hKc/7s:-300,300(-300.000000)
31:Player,BR:0cr600c/cc/r910r3220f:QcKc,4c5d|/6dTdKd/2s:-1610,1610(-1610.000000)
32:BR,Player:0r130c/cc/r460f:5dKc,5c8s|/3dJdKd/Jc:230,-230(230.000000)
33:Player,BR:0cr300c/r1200c/cr18400f:6dJd,6c8d|/3cQdKd/Js:-1600,1600(-1600.000000)
34:BR,Player:0r130c/cc/r460f:5dJh,8cTd|/3d4c6c/4h:230,-230(230.000000)
35:Player,BR:0cc/cc/cr200f:2c7d,7hKh|/4d6s8d/7s:-100,100(-100.000000)
36:BR,Player:0r130c/cc/cc/cr460r19310f:2h3c,5c7d|/9hJsJc/2s/8c:690,-690(690.000000)
37:Player,BR:0cr200c/r390c/r897c/cr3174r14283c:8cTc,6c9h|/4d6dJd/7h/Kh:-19044,19044(-15760.461689)
38:BR,Player:0r130c/cc/cc/cc:5s9h,7cKs|/5c8sAs/8h/Ts:230,-230(189.640000)
39:Player,BR:0cr200c/cc/cc/cr19700f:4h4c,4dQc|/5d8sTc/Jh/7d:-300,300(-300.000000)
40:BR,Player:0r130c/cc/r460f:5sAc,5hKc|/7c8sQh/Td:230,-230(230.000000)
41:Player,BR:0cc/cc/cc/cc:3h5d,7cKh|/8h9sAc/Js/3c:100,-100(18.113226)
42:BR,Player:0r200c/cc/cc/cc:7s8d,6h7h|/6sQsKs/Jd/Qd:-300,300(-300.000000)
43:Player,BR:0cc/cc/r130f:4s7c,2c5d|/3c6h8s/Qh:100,-100(100.000000)
44:BR,Player:0r130c/cr460c/r1380f:3dQh,6dKh|/5d8hQd/2d:690,-690(690.000000)
45:Player,BR:0cc/cc/cr200c/cc:4sJc,5cQh|/3s7hJh/8h/3d:300,-300(300.000000)
46:BR,Player:0r200c/cc/cc/cc:2d2c,QcKc|/5h8dAd/Js/5c:300,-300(67.753509)
47:Player,BR:0cc/cc/cc/cr200r900r18800f:4hJc,ThKc|/3c4d7h/4c/Tc:-1200,1200(-1200.000000)
48:BR,Player:0r300c/cc/cr1200r18400f:3c7h,5hTc|/7dKcAd/4s:1600,-1600(1600.000000)
49:Player,BR:0cr300c/cc/r200c/r120r19280f:9sTc,2cTs|/7d8dTh/3h/Kd:-720,720(-720.000000)
50:BR,Player:0cc/cc/cc/r19900f:2cJc,2sQd|/7s7hKc/3h/Qs:100,-100(100.000000)
51:Player,BR:0cr600c/r1400c/cr17900f:AsAd,6sTh|/7c8sQc/9s:-2100,2100(-2100.000000)
52:BR,Player:0cc/cr130c/cr460c/cr1380r17930f:7dAh,2hJd|/3s5dJc/2d/8c:2070,-2070(2070.000000)
53:Player,BR:0cr200c/cc/r150r900f:9hJd,AsAh|/QcKhKd/Kc:-450,450(-450.000000)
54:BR,Player:0r200c/cr390c/r1380f:KhAc,5hKc|/2h3c8s/Tc:690,-690(690.000000)
55:Player,BR:0cc/cc/r200r600f:3c6d,6c9c|/7cJsAd/Qh:-300,300(-300.000000)
56:BR,Player:0r130c/cr299c/r1058f:3h4s,TdKc|/6c7dTh/9d:529,-529(529.000000)
57:Player,BR:0cr130c/r299c/r687f:4cQc,TsTh|/3cJhAc/2c:529,-529(529.000000)
58:BR,Player:0r200c/cr390c/cc/r19310f:8cJd,4d7h|/6cAsAh/2c/3h:690,-690(690.000000)
59:Player,BR:0cr300c/cc/r520c/r460f:3d3c,3hJs|/3s7h9s/Ts/9h:920,-920(920.000000)
60:BR,Player:0cc/cr130c/cr299f:4c8s,3sTh|/8cTdAc/3d:-230,230(-230.000000)
61:Player,BR:0cc/cc/cc/cr19900f:2h3s,3cQd|/4d9dKs/7h/6d:-100,100(-100.000000)
62:BR,Player:0r130c/cc/r460c/cr138r1656f:3sAd,4hQd|/3cJdQc/2s/5s:828,-828(828.000000)
63:Player,BR:0cc/cc/r130c/cr460f:3h5d,3dKs|/8cQhAs/2d/7d:-230,230(-230.000000)
64:BR,Player:0r130c/cr299c/cc/r1058f:2dTs,7s9d|/4cQdAc/6c/2s:529,-529(529.000000)
65:Player,BR:0cc/cc/cr200c/cr19700f:9dKc,KdAh|/4sQsQc/6d/Jh:-300,300(-300.000000)
66:BR,Player:0r130c/cc/r460f:9sTs,6sKs|/4h8dAh/3s:230,-230(230.000000)
67:Player,BR:0cr200c/cc/r150c/r585c:7hQs,7dKs|/2d6cTh/4h/Jd:-1035,1035(-777.504690)
68:BR,Player:0r130c/cc/r460f:5dKc,3h4h|/4s6d7s/Ks:230,-230(230.000000)
69:Player,BR:0cr200c/cc/cr600c/cr1800f:8dKc,3dAs|/QsKsAh/Qd/4d:-900,900(-900.000000)
70:BR,Player:0r200c/cc/r600c/r1800c:7cTc,6sTs|/3dTdAh/8c/Th:0,-0(2402.841067)
71:Player,BR:0cc/cc/cr19900f:6cTh,QsQd|/5cJsQh/2c:-100,100(-100.000000)
72:BR,Player:0cc/cc/cr130r460f:7c8s,3h5h|/9sJcAh/7s:230,-230(230.000000)
73:Player,BR:0cc/cc/cr200f:5sAh,6d7h|/JsJhQh/3c:-100,100(-100.000000)
74:BR,Player:0r130c/cc/r460f:2cAc,3d5c|/5hJcAs/6s:230,-230(230.000000)
75:Player,BR:0cr300c/cc/cc/r200r1200f:2dTd,7dAh|/8s8cTc/5h/Kc:-600,600(-600.000000)
76:BR,Player:0r200c/cr390c/cc/r1380f:JcQs,4dTc|/6sQcKh/8d/Qd:690,-690(690.000000)
77:Player,BR:0cc/cc/r130r19770f:4hJd,2c6d|/7hAsAc/4d:-230,230(-230.000000)
78:BR,Player:0r130c/cr460c/cr1380f:3cJh,TdAc|/7dJdQc/Ad:-690,690(-690.000000)
79:Player,BR:0cc/cc/cr200f:4cQh,3s6c|/5s7cTs/4s:-100,100(-100.000000)
80:BR,Player:0f:9dKh,3d7h|:50,-50(50.000000)
81:Player,BR:0cc/cc/r130r460f:JsQc,6h6d|/2h8hTh/6c:-230,230(-230.000000)
82:BR,Player:0r130c/cr299c/cc/r19471f:9hJc,ThKh|/6s7dQc/4s/Qd:529,-529(529.000000)
83:Player,BR:0cc/cc/cr200c/cc:4hJh,JcAh|/ThTdKh/Ac/8h:300,-300(-192.226887)
84:BR,Player:0r200c/cc/cc/cr390c:4dQh,3c9c|/7d8cKd/5h/Qs:690,-690(111.245520)
85:Player,BR:0cc/cc/cr200f:TcKd,4d6s|/2h5hJs/4s:-100,100(-100.000000)
86:BR,Player:0cc/cc/r200f:2sTs,4h9c|/2c5sKs/Qh:100,-100(100.000000)
87:Player,BR:0cr300c/cc/r520c/r460r18620c:KhKc,2h2c|/4cJsKd/9s/4d:20000,-20000(20000.000000)
88:BR,Player:0f:7cKd,3h8s|:50,-50(50.000000)
89:Player,BR:0cc/cc/cr19900f:2s8h,TcJd|/7h9cKd/8d:-100,100(-100.000000)
90:BR,Player:0r200c/cr390c/cc/cr897f:2cKh,6hTs|/5s7sJs/Ac/Ks:-690,690(-690.000000)
91:Player,BR:0cc/cc/r130r460c/cc:6cJc,3sTs|/5h8c9h/7c/2c:690,-690(690.000000)
92:BR,Player:0r300c/cc/cc/r19600f:8dJh,QsAh|/2c4cKs/Qh/6d:400,-400(400.000000)
93:Player,BR:0cc/cc/cr200f:3c6d,2s5s|/2cQcAd/Ah:-100,100(-100.000000)
94:BR,Player:0f:7h8s,2h7s|:50,-50(50.000000)
95:Player,BR:0cc/cc/r130c/r460r1380c:8dJs,4dKh|/8hJdQh/Jh/Qd:2070,-2070(2070.000000)
96:BR,Player:0r130c/cc/cr690r1840f:9dQh,9hJc|/2c4hKs/8h:920,-920(920.000000)
97:Player,BR:0cr600c/cc/r2100c/cr5600c:4h6h,5sJc|/3d4d5c/3c/Js:-8400,8400(-8400.000000)
98:BR,Player:0cc/cr130c/cr1380f:7s9c,9sKd|/2sTdQc/3c:-230,230(-230.000000)
99:Player,BR:0cc/cc/cc/cc:3h9d,6sKs|/4sTdAh/3c/2h:100,-100(46.238310)
100:BR,Player:0r200c/cc/r600c/r1800f:5cTd,7sJs|/9dJhQs/Jd/8d:900,-900(900.000000)
101:Player,BR:0cc/cc/cc/cc:5hQd,TsQh|/6hKsAc/6d/3h:0,-0(-26.779282)
102:BR,Player:0r200c/cr600c/cr2700f:7sQc,8hKh|/4h4c9c/Ad:-900,900(-900.000000)
103:Player,BR:0cr300c/cc/r200f:KhAd,2s8c|/5d9cQc/Qh:400,-400(400.000000)
104:BR,Player:0r200c/cr390c/r1380c/r17930f:QsQd,4hQh|/3h6h9d/7d/5d:2070,-2070(2070.000000)
105:Player,BR:0cc/cc/cc/cr200f:3sAc,2sQd|/6s7h7d/Tc/Jh:-100,100(-100.000000)
106:BR,Player:0f:8dQs,2dTs|:50,-50(50.000000)
107:Player,BR:0cr200c/r390c/r345r18965f:JcKd,2dAc|/2cAsAh/4c:-1035,1035(-1035.000000)
108:BR,Player:0r130c/cc/cc/cr460f:8cAs,6s8d|/5s5dKd/7c/9d:-230,230(-230.000000)
109:Player,BR:0cr300c/cc/cc/cc:QcAd,3d8s|/2cJsKd/5s/7s:400,-400(400.000000)
110:BR,Player:0r130c/cc/cc/r19770f:5dAc,8cAd|/7h8dJs/Jc/5h:230,-230(230.000000)
111:Player,BR:0cr300c/cc/r520r1840f:QdKd,3s9s|/3h4cKh/3c:-920,920(-920.000000)
112:BR,Player:0r130c/cc/r460c/r19310f:3dTs,6c8s|/5h8dJs/9d/2c:690,-690(690.000000)
113:Player,BR:0cc/cc/r200c/r900r2400f:2d6d,ThJh|/3d7d8h/8s/Kd:-1200,1200(-1200.000000)
114:BR,Player:0r130c/cr299c/r1058f:6hAc,3sKh|/5h6d8d/8h:529,-529(529.000000)
115:Player,BR:0cr300c/r520c/r460r2760f:7s7c,6sKc|/2s3cTs/6c:-1380,1380(-1380.000000)
116:BR,Player:0r130c/cc/r460c/r1380f:2d8h,ThJd|/3h3cTd/6d/Kh:690,-690(690.000000)
117:Player,BR:0cc/cc/cr200c/cr600f:4dTc,3d6h|/JsJhJd/Th/Ts:-300,300(-300.000000)
118:BR,Player:0r200c/cc/r600f:4cKc,9sAd|/5sQdKh/3c:300,-300(300.000000)
119:Player,BR:0cc/cc/r300r800f:8sTd,2c5d|/7hAdAc/6s:-400,400(-400.000000)
120:BR,Player:0cc/cc/r200f:TdQh,2dKs|/5c7hTc/4s:100,-100(100.000000)
121:Player,BR:0cr300c/cc/r520r1840c/cr17240f:9sAd,JhAh|/4h5h6s/9c/3d:-2760,2760(-2760.000000)
122:BR,Player:0r130c/cc/r460c/cc:9s9h,5dAc|/3dQsQd/3s/2s:690,-690(660.479954)
123:Player,BR:0cr200c/cc/r390f:7s7d,9cTc|/3s5dKd/6s:300,-300(300.000000)
124:BR,Player:0r130c/cr299c/cc/r19471f:JhKc,TdQs|/4c5s5d/8h/Qc:529,-529(529.000000)
125:Player,BR:0cr130c/cc/r115f:8cJh,2dQs|/7c8d9c/Ah:230,-230(230.000000)
126:BR,Player:0r130c/cc/cr299r19471f:7hQs,9sJc|/5c6sKc/6h:529,-529(529.000000)
127:Player,BR:0cc/cc/cc/cc:5cAh,2s9h|/4h6cQc/Ks/Ts:100,-100(70.220761)
128:BR,Player:0f:5c7c,2sJc|:50,-50(50.000000)
129:Player,BR:0cr200c/r600c/cr1800c/r540r6480r10280f:QhQd,7c9c|/4h6dQs/8c/4c:9720,-9720(9720.000000)
130:BR,Player:0r130c/cr299c/r1058f:9dQd,3s6s|/2dTdTc/Qs:529,-529(529.000000)
131:Player,BR:0cr300c/r520c/r1840f:7c8s,8dJd|/5h6cAd/Js:920,-920(920.000000)
132:BR,Player:0r130c/cr299c/cc/cr1058f:2s9s,6d8h|/7s9dQh/4c/Td:-529,529(-529.000000)
133:Player,BR:0cr200c/r390c/r897c/r2063c:3h4h,4c7h|/8dAsAc/2h/6d:-3650,3650(137.348614)
134:BR,Player:0r130c/cc/cc/cc:8dKc,QhAc|/5s8sTs/9d/5h:230,-230(205.296599)
135:Player,BR:0cc/cc/cc/cc:4cQs,2dKs|/8d9cAs/2s/Ad:-100,100(-51.034175)
136:BR,Player:0r130c/cr299c/cc/r19471f:3s9d,QsAs|/5sJhJd/8h/2s:529,-529(529.000000)
137:Player,BR:0cc/cc/r130r460f:6cTd,2s7d|/3c8sQd/4c:-230,230(-230.000000)
138:BR,Player:0r200c/cc/cc/cc:4sTh,7h8h|/8cTsQs/Kc/2c:300,-300(252.340250)
139:Player,BR:0cr200c/cc/r600r1800f:9hTc,3d5d|/3cJhQh/Js:-900,900(-900.000000)
140:BR,Player:0r130c/cc/r460f:5d7c,TdAs|/2h4h7s/Qd:230,-230(230.000000)
141:Player,BR:0cc/cc/cc/cc:4cTd,KcAc|/3c6sJh/9d/8s:-100,100(-7.950879)
142:BR,Player:0f:2h3c,3d8s|:50,-50(50.000000)
143:Player,BR:0cc/cc/cr200f:2hAd,2d3s|/4d7h9c/9h:-100,100(-100.000000)
144:BR,Player:0r200c/cc/cr150r19550f:3dJs,2sTs|/6c8hAs/9h:450,-450(450.000000)
145:Player,BR:0cr200c/r390c/cr19310f:3s3h,6hKd|/2s2dJc/9d:-690,690(-690.000000)
146:BR,Player:0cc/cc/cc/r200f:3cJd,ThAd|/7sQdKh/2s/9s:100,-100(100.000000)
147:Player,BR:0cr200c/r390c/cc/cc:7cTc,8h9h|/3d8sJd/As/Js:-690,690(-526.417798)
148:BR,Player:0r130c/cr299c/cr687r2432f:7cQd,2s9s|/4h8h8d/5d:1216,-1216(1216.000000)
149:Player,BR:0cr130c/cc/r115r690c/cr2070f:9cAd,2d8d|/3h8cQd/8s/9d:-1035,1035(-1035.000000)
150:BR,Player:0r130c/cc/r460c/cc:9d9c,8hQc|/8dTcAh/4s/Jc:690,-690(-15.225008)
151:Player,BR:0cc/cc/cr200f:7sQh,5h7c|/5d5c9s/Td:-100,100(-100.000000)
152:BR,Player:0f:3c6h,2h4c|:50,-50(50.000000)
153:Player,BR:0cc/cc/cc/cc:6hAs,3s7c|/3c9dKs/4s/4h:-100,100(-41.634352)
154:BR,Player:0cc/cr130c/r460r897f:2h6c,9sAh|/4s9cAs/Kh:-690,690(-690.000000)
155:Player,BR:0cc/cc/r130f:3sTh,3h4h|/6d9dQc/8c:100,-100(100.000000)
156:BR,Player:0r130c/cr460c/cr897f:2cKc,6dJd|/6cJcAd/5d:-690,690(-690.000000)
157:Player,BR:0cc/cc/r130c/cc:4cJd,5d9c|/9dThQc/2d/3s:-230,230(-188.557635)
158:BR,Player:0cc/cc/r19900f:2s2h,9dQh|/4h7hJd/Td:100,-100(100.000000)
159:Player,BR:0cc/cc/cr200f:7cKs,4s6d|/6hJhAh/Jd:-100,100(-100.000000)
160:BR,Player:0cc/cr130c/r460f:KsKh,9hQd|/6c7cJs/2s:230,-230(230.000000)
161:Player,BR:0cc/r130c/r460r1380r12420c/r5510c:6h8s,7s8d|/2c7c8h/3h/4h:-20000,20000(-20000.000000)
162:BR,Player:0f:7hAh,2dTh|:50,-50(50.000000)
163:Player,BR:0cc/cc/r130c/r299r19471f:2c4s,4d6s|/5h6hAd/8d/9s:-529,529(-529.000000)
164:BR,Player:0r130c/cc/cc/cc:2h8c,4cAd|/7sJcKh/9d/9h:-230,230(-230.000000)
165:Player,BR:0cr200c/cc/r390r1380f:4h6h,3hJc|/2h3d3c/8s:-690,690(-690.000000)
166:BR,Player:0r200c/cc/cc/r19700f:6cTh,5hKs|/4hAsAh/Kd/4s:300,-300(300.000000)
167:Player,BR:0cc/cc/cr200f:9sJd,6dTd|/2c4dTh/3s:-100,100(-100.000000)
168:BR,Player:0r130c/cr299c/cr687c/r2432r16352f:2c6h,2sQs|/3cQhQc/2d/Th:-3648,3648(-3648.000000)
169:Player,BR:0cc/cc/cr200c/cr600c:9hTc,5c7s|/9cThKc/Ad/Qc:900,-900(900.000000)
170:BR,Player:0f:TcKh,3d9s|:50,-50(50.000000)
171:Player,BR:0cr600c/cc/r1400f:4cQc,5sKs|/6c8h9d/Td:700,-700(700.000000)
172:BR,Player:0f:QhAh,3s6d|:50,-50(50.000000)
173:Player,BR:0cc/cc/cc/cr200f:3cJd,JcKs|/4s5c8c/3d/6h:-100,100(-100.000000)
174:BR,Player:0r130c/cc/r460f:5hJc,2s4s|/5s7cTh/9h:230,-230(230.000000)
175:Player,BR:0cr200c/cc/r150c/r225f:7sKs,9hAc|/4dTcQc/7d/2s:450,-450(450.000000)
176:BR,Player:0r130c/cc/r460c/r19310f:8sJh,AhAd|/3d5dJc/6s/Qd:690,-690(690.000000)
177:Player,BR:0cc/cc/r130r460f:4cTc,6sKd|/5h7hKc/8s:-230,230(-230.000000)
178:BR,Player:0r200c/cr390c/cr2070f:3d4h,QhKs|/2d4cKd/Ts:-690,690(-690.000000)
179:Player,BR:0cr200c/cc/cr19700f:QhAs,4s8h|/2s5sKc/9c:-300,300(-300.000000)
180:BR,Player:0r130c/cr299c/cc/r19471f:4h9s,5hAc|/2s6hKd/Kh/2d:529,-529(529.000000)
181:Player,BR:0cc/cc/cc/cr19900f:2c4d,3s7d|/TcQdKs/3d/Ts:-100,100(-100.000000)
182:BR,Player:0r130c/cc/r19770f:2h5s,7sQs|/6dJhKs/Kc:230,-230(230.000000)
183:Player,BR:0cc/cc/cr200c/r150r19550f:TcQd,4c8c|/4d5hTh/6d/Ks:-450,450(-450.000000)
184:BR,Player:0f:9sJh,2c6d|:50,-50(50.000000)
185:Player,BR:0cc/cc/r130c/cr19770f:2hKc,7dAd|/TsThKs/3h/3c:-230,230(-230.000000)
186:BR,Player:0cc/cc/cr130r460c/r19310f:5dTs,ThJc|/6cJdAd/Qc/4d:690,-690(690.000000)
187:Player,BR:0cr130c/r690c/cr1840f:8s9s,8cQd|/2dJhAs/7d:-920,920(-920.000000)
188:BR,Player:0r130c/cr299c/r19471f:2h2d,7c9d|/2cTsAd/5c:529,-529(529.000000)
189:Player,BR:0cr200c/cc/cc/r390r1380f:6c8c,3h6d|/3c8sQh/7h/2c:-690,690(-690.000000)
190:BR,Player:0cc/cr130c/cc/r19770f:4d8h,3hTd|/KhAsAh/Ks/Qh:230,-230(230.000000)
191:Player,BR:0cc/cc/cr200c/cr600c:6h8s,QdAd|/6sThAc/8h/Jc:900,-900(-313.587276)
192:BR,Player:0r200c/cc/cc/r19700f:3sJc,8d9s|/6c9cQh/Qd/2h:300,-300(300.000000)
193:Player,BR:0cc/cc/cc/cr200f:5dQh,JdQc|/4s8d9c/Ah/As:-100,100(-100.000000)
194:BR,Player:0r200c/cc/cc/r600r2700c:TcAd,7hAc|/TsQhKd/3d/Jh:0,-0(-0.000000)
195:Player,BR:0cc/cc/cr200f:7h9d,2s6h|/3dKsAc/5s:-100,100(-100.000000)
196:BR,Player:0f:4h6s,2d5c|:50,-50(50.000000)
197:Player,BR:0cr300c/cc/cc/cr19600c:3c7c,2d5s|/7d9sKh/7s/3d:20000,-20000(20000.000000)
198:BR,Player:0r130c/cc/cr460f:4hQc,6cJs|/2s7dJc/6s:-230,230(-230.000000)
199:Player,BR:0cc/r200c/r600r19100f:4s7s,9sTc|/3sThAd/5d:-900,900(-900.000000)
200:BR,Player:0r130c/cc/r19770f:3d8d,5sQc|/4c7cKc/Ah:230,-230(230.000000)
201:Player,BR:0cr600c/cc/cc/cr19300f:AhAc,6d8d|/JhJcQc/Kc/4h:-700,700(-700.000000)
202:BR,Player:0r130c/cr299c/cc/r19471f:9dTc,5cJh|/4s4cAd/Qd/8c:529,-529(529.000000)
203:Player,BR:0cc/cc/r130r460f:4h9c,6hQh|/6dTsTc/5h:-230,230(-230.000000)
204:BR,Player:0r130c/cc/r460c/r19310f:6h8s,6dAs|/QsQcAc/3c/Kh:690,-690(690.000000)
205:Player,BR:0cc/cc/cc/cc:2sKc,4dTc|/2h7d9c/Jc/6c:100,-100(87.711878)
206:BR,Player:0cc/cc/r19900f:4cKd,3dAc|/7h8dTc/3h:100,-100(100.000000)
207:Player,BR:0cc/cc/cc/r130f:4d9c,ThQc|/2cJcKs/5d/8h:100,-100(100.000000)
208:BR,Player:0cc/cr200c/r600f:3c5c,6sQd|/4c7dJd/7s:300,-300(300.000000)
209:Player,BR:0cc/cc/cc/r130f:7cTh,3cTc|/5hJcQs/7s/2h:100,-100(100.000000)
210:BR,Player:0r130c/cr299c/cr1058r18413f:6dJh,6hJd|/2d4h5c/7d:1587,-1587(1587.000000)
211:Player,BR:0cr200c/cc/cr600c/cr1800f:6sAd,4s9s|/2h3h4c/9c/7s:-900,900(-900.000000)
212:BR,Player:0r200c/cr390c/cc/cr2070r5520f:4sJs,2hAc|/3d5cKc/5h/4c:2760,-2760(2760.000000)
213:Player,BR:0cr200c/r600c/cc/cc:JsQc,7d9s|/5s7cTs/8d/3h:-900,900(-851.851510)
214:BR,Player:0r130c/cr299c/cr1587f:4s4d,8c9s|/6hTcKs/7s:-529,529(-529.000000)
215:Player,BR:0cc/cc/cr200f:2h7h,7dJh|/ThJdKs/3d:-100,100(-100.000000)
216:BR,Player:0r130c/cc/r460f:7hKd,3h5h|/7c8s8h/Qs:230,-230(230.000000)
217:Player,BR:0cc/cc/r300r800f:5dTs,2h9d|/3d7c8s/6s:-400,400(-400.000000)
218:BR,Player:0f:QsAc,2s4c|:50,-50(50.000000)
219:Player,BR:0cr300c/cc/cc/r520c:KsKc,4c5s|/7dThAd/8c/4s:920,-920(335.240360)
220:BR,Player:0r200c/cc/cr390r1380c/r4140f:9hJd,7c8d|/5h6cQh/5s/8h:2070,-2070(2070.000000)
221:Player,BR:0cr300c/cc/cr800c/cc:AsAc,7cQs|/4s6hJc/3h/8h:1200,-1200(1200.000000)
222:BR,Player:0f:5dJh,2d5c|:50,-50(50.000000)
223:Player,BR:0cc/cc/r130c/r299r19471f:8h9s,7h7c|/4s8dKh/Ks/2d:-529,529(-529.000000)
224:BR,Player:0cc/cc/cc/r19900f:3cJs,8sTh|/6s6d7h/7s/5d:100,-100(100.000000)
225:Player,BR:0cc/cc/cr200f:2s5c,7cQh|/6h8c9h/Qs:-100,100(-100.000000)
226:BR,Player:0f:5dTc,3c9s|:50,-50(50.000000)
227:Player,BR:0cc/cc/r130r19770f:4cQh,6h7s|/8dTsJd/9c:-230,230(-230.000000)
228:BR,Player:0cc/cc/cc/r19900f:7sKc,ThQs|/5h5dTd/4c/2d:100,-100(100.000000)
229:Player,BR:0cc/cc/cr200c/cr600f:5cJc,3h9d|/2h4h7c/5d/6c:-300,300(-300.000000)
230:BR,Player:0cc/cr130c/r460f:2c5c,4d9c|/JcKhKc/8c:230,-230(230.000000)
231:Player,BR:0cc/cc/cc/cr19900f:6hTc,4h4c|/QhQcAd/Ks/8d:-100,100(-100.000000)
232:BR,Player:0r130c/cr460c/r1380f:8hTd,7cJh|/4h6hAs/4d:690,-690(690.000000)
233:Player,BR:0cc/cc/cr200f:4cAd,TcKc|/5h6dKh/Qc:-100,100(-100.000000)
234:BR,Player:0cc/cr200c/cr390c/r19310f:8dAh,4hJh|/5c8sJs/3h/3s:690,-690(690.000000)
235:Player,BR:0cr300c/cc/cr800f:3s3d,5sJh|/8s9d9c/5h:-400,400(-400.000000)
236:BR,Player:0r130c/cc/cr115r690f:4h6d,6c9s|/9hKhAs/Kc:345,-345(345.000000)
237:Player,BR:0cc/cc/cr200c/cc:3sQc,8cAd|/5s7dQh/9s/Ks:300,-300(246.627145)
238:BR,Player:0r130c/cc/r19770f:6s6d,4cTc|/JdQdAs/5d:230,-230(230.000000)
239:Player,BR:0cr300c/cc/cc/cc:6dKd,TcKh|/7h8hJd/7c/4c:-400,400(281.790501)
240:BR,Player:0r200c/cc/r600f:QdQc,9hTh|/2c3sKc/Js:300,-300(300.000000)
241:Player,BR:0cr300c/cc/r200c/r120c:QhQd,9hKs|/5sTdKc/Ah/Th:-720,720(-154.621747)
242:BR,Player:0cc/cc/r200f:JcQc,3dJh|/2h5s7s/Qh:100,-100(100.000000)
243:Player,BR:0cr300c/r520c/cr1840f:3h4h,3sKd|/2d7d8d/7s:-920,920(-920.000000)
244:BR,Player:0cc/cc/r200f:2h5d,3sTh|/7h7cAs/9d:100,-100(100.000000)
245:Player,BR:0cc/cc/cr19900f:JdQh,5h7h|/4c6sAs/8d:-100,100(-100.000000)
246:BR,Player:0r200c/cr390c/r1380r2691c/cr9522f:6h9h,7h9s|/3h3c4h/8h/6s:-4761,4761(-4761.000000)
247:Player,BR:0cr600c/cc/cc/r350r2100c:5d7c,4c7h|/6h7sJs/Ks/2c:0,-0(1323.490055)
248:BR,Player:0r130c/cr299c/cr687r18784f:QhKc,7sKd|/6c9hJc/8d:1216,-1216(1216.000000)
249:Player,BR:0cc/cc/cr200f:4cQd,9dQs|/5c6cJd/8h:-100,100(-100.000000)
250:BR,Player:0r130c/cc/r460c/cc:6c7c,QsQh|/4h5s6s/5d/Kc:-690,690(249.826929)
251:Player,BR:0cc/cc/cr200c/cr600c:6h7s,8sAc|/4d8cTh/7d/Td:-900,900(-773.722263)
252:BR,Player:0r130c/cc/cc/cc:QcAh,6cKs|/3d5dTs/2s/Js:230,-230(100.352380)
253:Player,BR:0cr300c/cc/cc/r800r18800f:TdAh,8dQd|/6s9cTc/Kc/Ks:-1200,1200(-1200.000000)
254:BR,Player:0r200c/cr900c/cr1560r17240f:8sAh,QdQc|/5d9dTh/9c:2760,-2760(2760.000000)
255:Player,BR:0cr600c/r910c/r4830r12880f:2s3h,4d8d|/5s5dKs/Ah:-6440,6440(-6440.000000)
256:BR,Player:0f:9s9d,4d9c|:50,-50(50.000000)
257:Player,BR:0cr130c/cc/cr19770f:6dKc,AhAc|/4h5sAs/Jd:-230,230(-230.000000)
258:BR,Player:0r130c/cr299c/r1058f:4dJc,TcJs|/6c7cAh/8c:529,-529(529.000000)
259:Player,BR:0cr300c/r520c/r460r18620f:6c7c,3h5h|/2d4s7d/8c:-1380,1380(-1380.000000)
260:BR,Player:0cc/cc/r200f:7cKd,3h6c|/6dTsQd/9d:100,-100(100.000000)
261:Player,BR:0cr300c/cc/cr800c/cc:8dJd,5s7h|/9sThJc/8s/3s:-1200,1200(-386.011299)
262:BR,Player:0r300c/cr520c/cr1196r4232f:3cQs,4hAc|/9cJsAh/2h:2116,-2116(2116.000000)
263:Player,BR:0cr130c/r299c/r687c/r1580r5592f:TsKh,9dJh|/5d8sKs/2c/5h:-2796,2796(-2796.000000)
264:BR,Player:0r200c/cc/cc/r19700f:JsJd,7sTd|/6hKdAc/9c/Ks:300,-300(300.000000)
265:Player,BR:0cc/cc/cr200c/cr19700f:8dTh,4d8s|/2h5s9s/Jd/Js:-300,300(-300.000000)
266:BR,Player:0r200c/cr390c/cc/r1380f:5s8h,6h7s|/2s2cQs/9h/9s:690,-690(690.000000)
267:Player,BR:0cc/cc/cr19900f:2h8h,3cTh|/3h4cTc/3s:-100,100(-100.000000)
268:BR,Player:0r130c/cc/cr299r1058f:TsKd,3h9h|/5s6h6c/Jd:529,-529(529.000000)
269:Player,BR:0cr130c/cc/cr460f:7hKh,3d4h|/2d4cJs/Tc:-230,230(-230.000000)
270:BR,Player:0f:7dJs,3c8s|:50,-50(50.000000)
271:Player,BR:0cc/cc/cr200f:2d9c,TdAs|/5hTcKs/Js:-100,100(-100.000000)
272:BR,Player:0r200c/cc/r600c/r1800c:ThJh,7cAd|/8h9sAs/2d/4d:-2700,2700(-2700.000000)
273:Player,BR:0cc/cc/r130r460f:3cJs,4d8d|/2d5hTh/As:-230,230(-230.000000)
274:BR,Player:0r130c/cc/r460f:3sAs,4c6s|/8hTsTh/Ac:230,-230(230.000000)
275:Player,BR:0cc/cc/r130c/r460r19310f:7sTd,4dKc|/4c8sQd/5h/6s:-690,690(-690.000000)
276:BR,Player:0r130c/cr460c/r1380c/r17930f:6c7h,7c8c|/2s3sQc/Ac/Jh:2070,-2070(2070.000000)
277:Player,BR:0cr200c/cc/cr600c/r180c:2d4d,8dKc|/2h7dKd/Td/8c:1080,-1080(801.018817)
278:BR,Player:0r200c/cc/r600f:ThAc,5cJh|/5s9cAh/7c:300,-300(300.000000)
279:Player,BR:0cr600c/cc/cr1400c/r420r17480f:2s2h,5dTs|/4s9dQs/As/4c:-2520,2520(-2520.000000)
280:BR,Player:0cc/cc/r200f:JdKd,5hQh|/3h3dTs/Js:100,-100(100.000000)
281:Player,BR:0cc/cc/cc/r300c:4cTh,4h6d|/6cJhQd/8d/3h:-400,400(-323.177831)
282:BR,Player:0f:JsKd,2d6h|:50,-50(50.000000)
283:Player,BR:0cc/cc/cr200r3600r16100f:5c7h,2h9c|/4s6dAc/Kh:-3900,3900(-3900.000000)
284:BR,Player:0r130c/cc/r460f:3cJc,3dAs|/4cTcJs/7d:230,-230(230.000000)
285:Player,BR:0cc/cc/cc/r300r800f:8s9h,7cTd|/6h9cKh/6c/Kd:-400,400(-400.000000)
286:BR,Player:0f:2h2c,3c8d|:50,-50(50.000000)
287:Player,BR:0cc/cc/cc/cc:3d8c,3sAs|/2c4c7c/Kc/9c:100,-100(37.217430)
288:BR,Player:0r300c/cc/r800f:TsKs,4s4d|/8h9sKc/Jh:400,-400(400.000000)
289:Player,BR:0cr130c/r299c/cr1058f:ThJh,4s8h|/4c6sAs/Ad:-529,529(-529.000000)
290:BR,Player:0r200c/cr390c/cc/r1380c:7sJh,9sJd|/5c6sJs/Ad/4h:-2070,2070(398.710628)
291:Player,BR:0cr300c/cc/r520c/cr1840c:7c9c,TcJd|/7sQhQc/Qs/Jh:-2760,2760(-2760.000000)
292:BR,Player:0r130c/cr299c/cc/r19471f:7hAs,9sKs|/5h6c9c/4d/Jh:529,-529(529.000000)
293:Player,BR:0cr300c/cc/r200f:QdKs,5s8d|/3c7hAd/As:400,-400(400.000000)
294:BR,Player:0r130c/cc/cr460r1380c/r4140f:2h9d,4h5h|/5sTcQs/4c/Th:2070,-2070(2070.000000)
295:Player,BR:0cc/cc/r200c/r600r19100f:6d9s,6cQh|/3cTsKs/Js/Qs:-900,900(-900.000000)
296:BR,Player:0r300c/cc/r800c/cr2400f:2c6h,4hJc|/TdJsAh/Jd/Th:-1200,1200(-1200.000000)
297:Player,BR:0cr200c/cc/r150c/r225r19325f:9hTs,4cKd|/2d5cQs/2c/Kh:-675,675(-675.000000)
298:BR,Player:0r130c/cc/cc/cc:8h9d,3s6h|/3h4hAs/8d/Qh:230,-230(209.019688)
299:Player,BR:0cc/cc/cc/cr200c:5hQs,QcAc|/3h8sTc/Kd/Qh:-300,300(-300.000000)
300:BR,Player:0f:6cTh,3c9s|:50,-50(50.000000)
301:Player,BR:0cc/cc/r200r19700f:3h9d,6s7h|/2c4s8h/9c:-300,300(-300.000000)
302:BR,Player:0r130c/cr299c/cr687f:3d9h,7dJd|/TcQcKs/6h:-529,529(-529.000000)
303:Player,BR:0cc/cc/cr200f:2hKc,4d6h|/2sTdJh/3d:-100,100(-100.000000)
304:BR,Player:0f:QhQd,3d8c|:50,-50(50.000000)
305:Player,BR:0cr200c/r390c/r1380c/r2691f:QcKd,2d6d|/2c3dTh/Ks/Js:2070,-2070(2070.000000)
306:BR,Player:0r200c/cr390c/cr345r2070f:4cQc,QhKs|/6d7sJc/8d:1035,-1035(1035.000000)
307:Player,BR:0cc/cc/cr200f:5dQh,TcKh|/7c8dTs/As:-100,100(-100.000000)
308:BR,Player:0r200c/cc/r600c/cc:7s8s,3h5d|/2s5cQs/4c/Jc:-900,900(-900.000000)
309:Player,BR:0cr200c/cc/r150f:7sKc,3c4s|/5d8sKd/Jd:300,-300(300.000000)
310:BR,Player:0r130c/cc/cc/cc:8d9s,6h7d|/4s7cQs/Th/Kd:-230,230(-230.000000)
311:Player,BR:0cr600c/cc/r1400r4200c/cr12600f:QhAh,ThJc|/7hJdQc/4d/4s:-6300,6300(-6300.000000)
312:BR,Player:0r130c/cr690c/cc/r1840f:4c5s,2s4s|/8c9cJs/6d/6s:920,-920(920.000000)
313:Player,BR:0cr300c/cc/cr800c/cr18800f:7hAh,2hTc|/6h8cTs/Kh/Td:-1200,1200(-1200.000000)
314:BR,Player:0r130c/cc/cc/cr299r19471f:JhAd,8d9d|/4c7hKc/8s/3h:529,-529(529.000000)
315:Player,BR:0cc/cc/cr200f:4sQh,6cJs|/8d9d9c/6h:-100,100(-100.000000)
316:BR,Player:0r300c/cc/r800f:ThJd,2hAd|/6h8cTs/Ks:400,-400(400.000000)
317:Player,BR:0cr300c/cc/cc/cr800f:3d4d,4s4c|/3c9dTh/Qc/7h:-400,400(-400.000000)
318:BR,Player:0f:2d7s,2c5h|:50,-50(50.000000)
319:Player,BR:0cc/cc/cr200f:3hJc,4d6h|/4sTsTd/7c:-100,100(-100.000000)
320:BR,Player:0r130c/cc/r19770f:5d7d,8cJd|/JcKcAh/6d:230,-230(230.000000)
321:Player,BR:0cr600c/r1400c/cc/cc:8dJc,5hAc|/4s9dAd/2s/Qs:-2100,2100(-906.934268)
322:BR,Player:0f:8cAd,3c8h|:50,-50(50.000000)
323:Player,BR:0cr200c/cc/cr600c/cc:4c6c,JhKs|/2d4s7c/6h/7s:900,-900(900.000000)
324:BR,Player:0r130c/cc/cc/cc:2c8s,7s9s|/2h9hTh/Qd/5h:-230,230(-174.839163)
325:Player,BR:0cc/cc/cc/cr19900f:4hTh,TcKs|/8h8cQs/3c/Js:-100,100(-100.000000)
326:BR,Player:0r130c/cr690c/cc/r19080f:JdJc,KsAh|/4s7cAd/8h/7d:920,-920(920.000000)
327:Player,BR:0cr300c/cc/r520r19080f:TcQc,6d6c|/3h5cKc/Qh:-920,920(-920.000000)
328:BR,Player:0r200c/cc/r600f:9hKc,7s9d|/8cJdKd/3h:300,-300(300.000000)
329:Player,BR:0cr300c/cc/r800r2400f:QhAd,5hTh|/4dJdQs/9h:-1200,1200(-1200.000000)
330:BR,Player:0r130c/cr299c/cr687f:3c8d,4s6s|/3h5d6c/6h:-529,529(-529.000000)
331:Player,BR:0cc/cc/cr200c/cr19700f:6hKc,7d9s|/4c8dTh/4d/2c:-300,300(-300.000000)
332:BR,Player:0r130c/cc/r460c/cr1380r4140f:6s6c,2cJc|/2s4h9h/4d/9d:2070,-2070(2070.000000)
333:Player,BR:0cr600c/cc/r350r18950f:2dJd,TsQs|/6s7hJc/5s:-1050,1050(-1050.000000)
334:BR,Player:0r130c/cc/r460f:5sTh,JhKh|/4d8h8d/Tc:230,-230(230.000000)
335:Player,BR:0cc/cc/cc/r130r19770f:3cAh,4d4c|/8hThTd/9s/9h:-230,230(-230.000000)
336:BR,Player:0r130c/cc/cc/r19770f:4c6s,JsAh|/6d9dTs/Tc/Ad:230,-230(230.000000)
337:Player,BR:0cr600c/cc/cc/r910r18390f:QdQc,8hTh|/5c8cAd/5d/6s:-1610,1610(-1610.000000)
338:BR,Player:0r130c/cr299c/cr687c/r18784f:8hAs,5c7h|/3s9cAh/Kh/3c:1216,-1216(1216.000000)
339:Player,BR:0cc/cc/cr200c/r150r900f:2d8h,QhKh|/2h5d6s/4h/3c:-450,450(-450.000000)
340:BR,Player:0r200c/cc/cr600r1800f:6s8h,6d9c|/3c4cQc/3d:900,-900(900.000000)
341:Player,BR:0cr200c/r600c/r1170r4140f:3h6s,4h8d|/4s5h8c/5c:-2070,2070(-2070.000000)
342:BR,Player:0r200c/cc/r600c/cc:8h8d,6h7h|/7d9dQd/6c/Qh:900,-900(394.386147)
343:Player,BR:0cr600c/r4200c/r15100f:3s5h,9sAh|/2h6h8c/5d:4900,-4900(4900.000000)
344:BR,Player:0cc/cc/r19900f:8d9h,5c6h|/2d5h7s/5s:100,-100(100.000000)
345:Player,BR:0cc/cc/cc/cr19900f:4d9h,6hQc|/4s5sAh/9s/Js:-100,100(-100.000000)
346:BR,Player:0r200c/cr390c/r1380c/cc:7c8c,4hKh|/2c6h7h/2s/6s:2070,-2070(-347.313276)
347:Player,BR:0cc/cc/r200r600f:9cKd,8dTs|/6s7cTh/2c:-300,300(-300.000000)
348:BR,Player:0r130c/cc/cc/r19770f:4sQd,9dKd|/2c5dAc/4d/7s:230,-230(230.000000)
349:Player,BR:0cc/cc/r200f:4sJc,4h4c|/7sJsKh/Ts:100,-100(100.000000)
350:BR,Player:0r130c/cc/cr460r19310f:QcAd,6d8h|/9dKsKd/5h:690,-690(690.000000)
351:Player,BR:0cr200c/r390c/r345r2070f:2h6h,9dAh|/5c7hTh/9c:-1035,1035(-1035.000000)
352:BR,Player:0f:2s6d,2h5c|:50,-50(50.000000)
353:Player,BR:0cc/cc/cr200c/cc:9hKd,4dJh|/3h7s8h/4h/5c:-300,300(132.971245)
354:BR,Player:0cc/cr130c/cc/cc:3c9h,4c7s|/3dJsKs/Jc/6h:230,-230(160.916863)
355:Player,BR:0cc/cc/cr200c/cr600f:6d9s,KcAh|/2h9dQd/Ac/3s:-300,300(-300.000000)
356:BR,Player:0r130c/cr299c/r19471f:4s4c,5hKs|/4h5d9d/Jc:529,-529(529.000000)
357:Player,BR:0cc/cc/cr200c/cr19700f:5d6s,3h9h|/2d6hKh/Qs/Kd:-300,300(-300.000000)
358:BR,Player:0r130c/cr299c/cr687f:8cTd,6dAs|/3dKhAc/4d:-529,529(-529.000000)
359:Player,BR:0cr600c/cc/r350r2100f:3h7h,9h9d|/2h3cJd/4s:-1050,1050(-1050.000000)
360:BR,Player:0r130c/cc/r19770c/cc:5s7c,3c6c|/6d8cQh/Qc/9d:20000,-20000(20000.000000)
361:Player,BR:0cc/cc/cc/cc:3h7h,4s8h|/3s3cAd/Ac/9s:100,-100(83.861136)
362:BR,Player:0f:6d8c,4h9c|:50,-50(50.000000)
363:Player,BR:0cc/cc/r130r460f:3d8c,6h7s|/5d8dJs/4c:-230,230(-230.000000)
364:BR,Player:0r130c/cr299c/r1058c/r3174f:6cKh,KsAs|/7h7dJc/5d/Jd:1587,-1587(1587.000000)
365:Player,BR:0cc/cc/cc/cr200f:5cTs,3sJs|/QdKhKc/7s/9s:-100,100(-100.000000)
366:BR,Player:0r130c/cr299c/cr687r2432f:5c7c,2dQc|/8dTdKh/8c:1216,-1216(1216.000000)
367:Player,BR:0cc/cc/r130c/r299r1058f:3s7c,7h8d|/8h9dTc/Ks/9c:-529,529(-529.000000)
368:BR,Player:0r130c/cc/cc/cc:5dAh,8hTs|/8dJhKh/Qd/Qs:-230,230(-132.157112)
369:Player,BR:0cc/cc/cr200f:7dJh,2h2c|/2d5cTs/4s:-100,100(-100.000000)
370:BR,Player:0r130c/cr299c/cc/r19471f:4dQc,5cKs|/2h5sJc/8h/5h:529,-529(529.000000)
371:Player,BR:0cc/cc/cr200c/cr19700f:3c4d,6sTs|/2c5c6c/7s/4h:-300,300(-300.000000)
372:BR,Player:0r200c/cc/cc/cc:TdQc,KcAd|/2h6s7h/9c/Th:300,-300(300.000000)
373:Player,BR:0cc/cc/cr200f:2c7s,5s6c|/8dJhJd/Kd:-100,100(-100.000000)
374:BR,Player:0r130c/cc/r19770f:5hAc,3sQs|/3h7h8h/4h:230,-230(230.000000)
375:Player,BR:0cc/cc/r130f:5s9d,2s8h|/3d7d7c/Qh:100,-100(100.000000)
376:BR,Player:0r130c/cr299c/r1058f:9cJc,TsQs|/2d8dTd/5d:529,-529(529.000000)
377:Player,BR:0cc/cc/cr200c/cr19700f:4cTh,6s8d|/3c4h5d/Ks/Kh:-300,300(-300.000000)
378:BR,Player:0r200c/cc/r600c/r19100f:9dTs,TdAs|/2s7sJd/Kh/3d:900,-900(900.000000)
379:Player,BR:0cr200c/cc/cr600f:2cJs,7sQs|/7h8cKc/4d:-300,300(-300.000000)
380:BR,Player:0r130c/cc/r460r897r3174f:8cTc,3sAs|/7s9hJc/3h:1587,-1587(1587.000000)
381:Player,BR:0cr300c/cc/cr800c/cr18800f:JcQc,2hKh|/3cTsTd/9s/9c:-1200,1200(-1200.000000)
382:BR,Player:0r130c/cr299c/cc/cc:5h8c,4hQc|/6h6cJh/6d/Ts:-529,529(-454.899332)
383:Player,BR:0cc/cc/cr200f:3cKd,7cAc|/3h7sTh/6h:-100,100(-100.000000)
384:BR,Player:0r200c/cc/r600f:4c5d,9dJc|/3d5sTh/2h:300,-300(300.000000)
385:Player,BR:0cc/cc/cc/cr200r390f:7dQd,3cTs|/2d6dAc/3d/5s:300,-300(300.000000)
386:BR,Player:0r130c/cc/r460c/r19310f:5s7c,9sQh|/2d9dAc/6s/2h:690,-690(690.000000)
387:Player,BR:0cr300c/cc/r200r1200c/cr18200f:7hAc,5sJh|/3h4cAd/Ks/9s:-1800,1800(-1800.000000)
388:BR,Player:0r130c/cr460c/cr1380c/r17930f:3s7h,QdKd|/4d7dJh/Tc/8c:2070,-2070(2070.000000)
389:Player,BR:0cr300c/cc/cc/r200r19400f:5d5c,2d7h|/3h8hTh/Kd/8c:-600,600(-600.000000)
390:BR,Player:0r130c/cr299c/cc/cr687r18784f:QdAs,6d9s|/2d3cTc/5h/2c:1216,-1216(1216.000000)
391:Player,BR:0cr300c/cc/cc/r520r19080f:9hAc,4dQs|/8dTsKh/7c/As:-920,920(-920.000000)
392:BR,Player:0r130c/cr299c/r1058f:5sTh,7sJc|/2d2c5c/3d:529,-529(529.000000)
393:Player,BR:0cr200c/r390c/cr1380f:5s7h,3c5d|/8s9sTh/Tc:-690,690(-690.000000)
394:BR,Player:0r130c/cc/cc/cc:7s9h,3cAd|/9sJdKh/6c/6s:230,-230(189.513244)
395:Player,BR:0cc/cc/cr200f:6h9s,2s9h|/4d8sQd/4c:-100,100(-100.000000)
396:BR,Player:0r130c/cr299c/cr687c/r18784f:5sQc,3cAd|/5dAsAc/Kd/Jc:1216,-1216(1216.000000)
397:Player,BR:0cr200c/r390c/r1380r4140c/cc:TdAs,6c8c|/2sThAd/4s/5s:6210,-6210(6210.000000)
398:BR,Player:0r200c/cc/r600f:6hTd,4h7c|/7d8dQd/Ac:300,-300(300.000000)
399:Player,BR:0cc/cc/r200c/r150r19550f:2c8h,JcAs|/3h5cKh/8d/5d:-450,450(-450.000000)
400:BR,Player:0r130c/cc/r460c/cr1380f:4dQh,5cJh|/2h8s8h/4h/7d:-690,690(-690.000000)
401:Player,BR:0cc/cc/cr200f:2c9h,8c9d|/4c7cKd/7d:-100,100(-100.000000)
402:BR,Player:0r300c/cr520c/cc/r19080f:9cJs,3s9s|/2d6d7h/Kc/9h:920,-920(920.000000)
403:Player,BR:0cc/cc/cr200f:8dKh,3sTh|/7h7dQs/Ad:-100,100(-100.000000)
404:BR,Player:0r130c/cc/r460f:QsKs,4c8s|/2cTsTh/Qh:230,-230(230.000000)
405:Player,BR:0cc/cc/cc/r130r19770f:6c7s,7hTd|/3sJcAh/6h/5d:-230,230(-230.000000)
406:BR,Player:0r130c/cr690c/cr1840r5520f:4hAh,3c5c|/2s9dKc/Qc:2760,-2760(2760.000000)
407:Player,BR:0cc/cc/cr200f:2c5h,7h8c|/2s4s8d/Kd:-100,100(-100.000000)
408:BR,Player:0r130c/cr460c/r1380c/cc:7cJc,8sKh|/7h8hJh/2d/Ts:2070,-2070(1638.444179)
409:Player,BR:0cr300c/r800c/r1560c/r5520c:5s9c,5cAc|/3h4sQd/7s/Ad:-8280,8280(-6914.623244)
410:BR,Player:0r130c/cr299c/cr687r2432f:8dQs,2s7s|/5hTsAd/3c:1216,-1216(1216.000000)
411:Player,BR:0cr200c/cc/cr600c/cr1800f:7cAs,6h9d|/4h5cTh/3d/5s:-900,900(-900.000000)
412:BR,Player:0f:6dJh,2d5h|:50,-50(50.000000)
413:Player,BR:0cc/cc/cr200f:2c7d,5s6d|/3s9dJc/Ts:-100,100(-100.000000)
414:BR,Player:0r130c/cr460c/cr897c/cr3174r9522f:5dAc,4s8c|/9dThJh/4c/4h:4761,-4761(4761.000000)
415:Player,BR:0cc/cc/r130c/r460r19310f:3hTc,6hTs|/4s5cKc/Jc/9d:-690,690(-690.000000)
416:BR,Player:0r200c/cr390c/r1380f:3cQc,5s8h|/2s4sQd/Ad:690,-690(690.000000)
417:Player,BR:0cc/cc/cr200c/cr19700f:TsJc,8h9c|/7s7dQh/As/5d:-300,300(-300.000000)
418:BR,Player:0r130c/cr299c/cc/r1058f:2d7h,3d3c|/2c8cAs/Js/9c:529,-529(529.000000)
419:Player,BR:0cc/cc/cr200f:6dAs,4cQc|/8hKsKc/4h:-100,100(-100.000000)
420:BR,Player:0r130c/cc/r460f:8cTc,4h4d|/3hJdAc/7h:230,-230(230.000000)
421:Player,BR:0cc/cc/cc/r130r460f:3s6c,3c6d|/4c8h9h/Kh/Jh:-230,230(-230.000000)
422:BR,Player:0r130c/cc/r460c/r1380f:JcQd,9dQc|/3d8hKd/9c/Ad:690,-690(690.000000)
423:Player,BR:0cc/cc/r200r600f:2sQh,7c9h|/3d4dJs/5h:-300,300(-300.000000)
424:BR,Player:0r300c/cr1200c/r18400f:3h4c,JhAc|/6c7hJd/8c:1600,-1600(1600.000000)
425:Player,BR:0cc/cc/cc/cr200c:6sAc,3hQh|/4d5d5c/Th/3c:-300,300(-134.088223)
426:BR,Player:0f:JhQd,2d4s|:50,-50(50.000000)
427:Player,BR:0cc/cc/cc/cr200f:4cAd,2d9h|/2s3h7d/Ks/9s:-100,100(-100.000000)
428:BR,Player:0r200c/cr900c/cr3600f:3h5d,6cQc|/8cTcKc/6d:-1200,1200(-1200.000000)
429:Player,BR:0cr600c/cc/cr1400f:ThAc,8hJd|/5d7sJs/6s:-700,700(-700.000000)
430:BR,Player:0cc/cr200c/r600r1800r17300f:5sTh,8d9h|/3d5h8s/9s:2700,-2700(2700.000000)
431:Player,BR:0cc/cc/cr200c/cr600f:6hJc,5dAh|/2cJdAc/Ts/5s:-300,300(-300.000000)
432:BR,Player:0r130c/cc/r460c/r1380c:7sAs,9hJd|/5sJhAh/6d/8s:2070,-2070(1197.759659)
433:Player,BR:0cr300c/cc/cc/cc:5hJh,2h6c|/4dTdJd/Ad/9c:400,-400(400.000000)
434:BR,Player:0f:6d7h,2sTh|:50,-50(50.000000)
435:Player,BR:0cr200c/cc/cc/cr600c:5dQd,3s6h|/6s9h9c/Td/As:-900,900(-792.485130)
436:BR,Player:0r130c/cc/r460c/cc:3s9d,QdKh|/5c7cAh/Qs/7h:-690,690(-690.000000)
437:Player,BR:0cr300c/cc/cc/cc:JdKh,7hJs|/2c5c8s/3h/2h:400,-400(400.000000)
438:BR,Player:0r200c/cc/cr390f:6h7s,JsQc|/2sJcKd/Qd:-300,300(-300.000000)
439:Player,BR:0cr300c/cc/cr800c/cr2400f:5sAs,3c9c|/4s6c8d/9s/Qd:-1200,1200(-1200.000000)
440:BR,Player:0cc/cr300c/cc/r800f:2cJd,5hTd|/4c8cJc/4d/5c:400,-400(400.000000)
441:Player,BR:0cc/cc/r130c/r115c:6d8c,4d4c|/2d7sTd/5s/9s:345,-345(123.819655)
442:BR,Player:0r130c/cc/cr460r19310f:7cQs,8sAc|/TdTcAd/6h:690,-690(690.000000)
443:Player,BR:0cr300c/cc/r800c/cc:2h4h,8s8c|/JsJdAh/5c/2d:-1200,1200(-1196.073131)
444:BR,Player:0r130c/cc/r460c/r19310f:5c7c,3h9h|/8s9cAs/Ad/Js:690,-690(690.000000)
445:Player,BR:0cr130c/cc/r115c/cr690c:6cAc,5sJd|/4hJhAh/3s/5h:-1035,1035(-76.565907)
446:BR,Player:0r130c/cr299c/cc/cc:JsAh,8sTs|/2d4s5c/Kc/5h:529,-529(375.888831)
447:Player,BR:0cc/cc/r130r460f:5cJc,6dAc|/8cTsAd/9h:-230,230(-230.000000)
448:BR,Player:0r130c/cc/cc/cr460r1380f:3hQd,5d7s|/2s6sTs/As/6h:690,-690(690.000000)
449:Player,BR:0cc/cc/cc/r130r460f:5s7c,7dAs|/3dJhKh/5d/3c:-230,230(-230.000000)
450:BR,Player:0r130c/cr299c/cr687r2432f:5h5c,9h9d|/4d8sAd/3h:1216,-1216(1216.000000)
451:Player,BR:0cc/cc/cr200f:5hAc,4sKd|/9dQsQd/Kc:-100,100(-100.000000)
452:BR,Player:0f:9sAc,2dTs|:50,-50(50.000000)
453:Player,BR:0cc/cc/r130c/r460f:4sTs,2sJd|/2d5c6s/9s/6h:230,-230(230.000000)
454:BR,Player:0r200c/cc/cc/r19700f:2dAh,7cAs|/2c4hKc/8h/7s:300,-300(300.000000)
455:Player,BR:0cc/cc/cc/cr19900f:3cJd,6c7d|/4sQcAh/Jc/3s:-100,100(-100.000000)
456:BR,Player:0f:5h8h,3s9d|:50,-50(50.000000)
457:Player,BR:0cc/cc/cr200c/cr19700f:2hQc,5dAh|/5sKdKc/7d/Qs:-300,300(-300.000000)
458:BR,Player:0r130c/cc/r460r2070r17240f:8s8c,4cTh|/2s4h7h/Td:2760,-2760(2760.000000)
459:Player,BR:0cr130c/r460c/cc/cr19310f:4d5h,6d8c|/7hJdAd/9c/Js:-690,690(-690.000000)
460:BR,Player:0r130c/cc/r19770f:ThAh,6hKs|/JhQhKd/2d:230,-230(230.000000)
461:Player,BR:0cr200c/cc/r150f:6dKd,2c9h|/5dAsAd/8s:300,-300(300.000000)
462:BR,Player:0cc/cr130c/r460f:2d5s,6h7d|/8cJhAc/6c:230,-230(230.000000)
463:Player,BR:0cr300c/r520c/r460r18620c/cc:KdKc,6d7c|/2h2dKs/8d/4h:20000,-20000(20000.000000)
464:BR,Player:0cc/cc/r200f:4c9h,3sJd|/2c6sKc/8c:100,-100(100.000000)
465:Player,BR:0cr200c/cc/r900r2400f:2cAc,3dKh|/2h8h9h/Td:-1200,1200(-1200.000000)
466:BR,Player:0r130c/cr299c/r1058c/cc:AsAh,6dAc|/4c6cTc/4h/Qs:1587,-1587(1572.931441)
467:Player,BR:0cc/cc/cc/cc:3s8h,9sTh|/2d7dAd/5d/4h:100,-100(100.000000)
468:BR,Player:0f:6sKs,2d3h|:50,-50(50.000000)
469:Player,BR:0cc/cc/cc/cc:7hQh,7sKc|/8h8c9d/5d/2d:-100,100(-6.494223)
470:BR,Player:0r130c/cc/r460c/r19310f:4dTc,4h4c|/2c8sJd/3d/6h:690,-690(690.000000)
471:Player,BR:0cr300c/r520c/r184r2208c/cr6624f:TsTd,2c5s|/4c6d7h/8h/6s:-3312,3312(-3312.000000)
472:BR,Player:0r200c/cc/cr150r19550f:KhKd,7sTh|/2d2c6s/Ah:450,-450(450.000000)
473:Player,BR:0cc/cc/cc/cc:8sAd,5hJs|/3d3cQh/9h/Kh:100,-100(5.085322)
474:BR,Player:0r130c/cr299c/r19471f:3s3h,8dTd|/3c4cTh/4d:529,-529(529.000000)
475:Player,BR:0cc/cc/cc/cc:4s9h,3dKd|/5cJcQd/Qh/7d:-100,100(1.217649)
476:BR,Player:0cc/cr130c/cr460r19310f:3sAc,9sJc|/3c5d8s/Kd:690,-690(690.000000)
477:Player,BR:0cc/cc/cr200f:5dQc,3h4c|/3d4hJs/9h:-100,100(-100.000000)
478:BR,Player:0r130c/cc/cc/cc:3d7d,7sAc|/5h6hKh/3c/8c:230,-230(-19.864807)
479:Player,BR:0cc/cc/cc/cc:6cJs,5cAc|/4hQsKs/2c/4d:-100,100(-4.471503)
480:BR,Player:0f:9dKh,2hTd|:50,-50(50.000000)
481:Player,BR:0cc/cc/cc/r130r19770f:2sTc,5sAc|/2d6cQs/6d/Kd:-230,230(-230.000000)
482:BR,Player:0r130c/cr460c/r1380c/r4140f:8sJh,TcKs|/7s8hJc/9d/8c:2070,-2070(2070.000000)
483:Player,BR:0cc/cc/cr200c/cr600c:5dKc,6cQc|/2c4s5h/Jc/4h:900,-900(900.000000)
484:BR,Player:0r130c/cc/r460c/r1380c:JsAd,ThQd|/5cQcAc/Ah/8s:2070,-2070(1966.248393)
485:Player,BR:0cr1200c/r3900c/r6760f:QcAs,4s8h|/6sJcAh/7d:5200,-5200(5200.000000)
486:BR,Player:0r130c/cr299c/r1058f:2cTc,7dQd|/9sQsKd/Ac:529,-529(529.000000)
487:Player,BR:0cr130c/cc/r690f:9sKc,6c8h|/3c9hJc/Kh:230,-230(230.000000)
488:BR,Player:0r130c/cc/r460f:9d9c,TcKd|/3s8sAh/6d:230,-230(230.000000)
489:Player,BR:0cc/cc/r130r460c/cc:ThKc,5h9c|/4d5dKs/9h/Td:690,-690(-205.400497)
490:BR,Player:0r200c/cr390c/r19310f:7h8d,6s7s|/5d8cTs/5s:690,-690(690.000000)
491:Player,BR:0cr200c/cc/r150r900c/cr18650f:8s8c,5dJh|/3s7hAd/4d/4c:-1350,1350(-1350.000000)
492:BR,Player:0cc/cr200c/r600c/r19100f:JsQc,6d8c|/2h3s7c/5c/3c:900,-900(900.000000)
493:Player,BR:0cc/cc/r130r460f:3h4c,2s6s|/2h4s7c/Td:-230,230(-230.000000)
494:BR,Player:0r130c/cr460c/r1380c/r4140r13790f:KsAc,2hKc|/5h7hKd/2c/Jd:-6210,6210(-6210.000000)
495:Player,BR:0cc/cc/cc/r200r600f:5cKd,KsAh|/3d5s8h/Qh/Qc:-300,300(-300.000000)
496:BR,Player:0r130c/cc/r460r897c/cr4761c:3d8c,3s9s|/3c5cAc/Qc/2s:6348,-6348(6348.000000)
497:Player,BR:0cc/cc/cr200r900r2400f:5hQc,7s8d|/2h3c4c/9s:-1200,1200(-1200.000000)
498:BR,Player:0r130c/cr299c/r1058c/cc:8s8c,7cTs|/2c5cAd/7h/Ks:1587,-1587(1155.779975)
499:Player,BR:0cc/cc/cr200c/cr600c:9sKd,6h7s|/3h8h8d/Ad/As:900,-900(900.000000)
500:BR,Player:0r130c/cr299c/r1058f:8cQh,5cKs|/2c9sQc/6c:529,-529(529.000000)
501:Player,BR:0cc/cc/cc/r200r19700f:2dTc,2sTh|/9sJdQc/6s/8d:-300,300(-300.000000)
502:BR,Player:0r200c/cc/cc/cr390r19310f:7hQh,8cQc|/7sTsQs/Tc/5s:690,-690(690.000000)
503:Player,BR:0cc/cc/cc/cr200r900r2400f:4hQc,3d6s|/2h6h8c/9s/2d:-1200,1200(-1200.000000)
504:BR,Player:0f:7dAc,2dTs|:50,-50(50.000000)
505:Player,BR:0cc/cc/cr200c/cr19700f:6hTd,5h7s|/2d6c9h/8c/Ts:-300,300(-300.000000)
506:BR,Player:0r130c/cr299c/r19471f:QhAh,3sJc|/2dQsQc/3h:529,-529(529.000000)
507:Player,BR:0cc/cc/cr200r600r1800f:7cQc,ThQd|/3hTsTc/Js:-900,900(-900.000000)
508:BR,Player:0cc/cc/cr130c/cr460r19310f:6d7c,4d8h|/4s4c7h/9h/Qs:690,-690(690.000000)
509:Player,BR:0cc/cc/cr200f:2s4d,3c5c|/8h9cKs/Js:-100,100(-100.000000)
510:BR,Player:0cc/cr130c/r460f:3hTc,5sTd|/6d7c8s/Ks:230,-230(230.000000)
511:Player,BR:0cc/cc/cc/cc:3d5h,2c6c|/5s6h8h/7h/7s:-100,100(30.560287)
512:BR,Player:0r200c/cc/cc/r600f:9hKs,7dTh|/TdJsAh/6c/9s:300,-300(300.000000)
513:Player,BR:0cr130c/r460c/cr19310f:ThJd,8cKd|/9sKsKh/9c:-690,690(-690.000000)
514:BR,Player:0r200c/cc/r600c/cc:2c5h,9cJs|/5c9hQs/4s/Ks:-900,900(-525.829796)
515:Player,BR:0cc/cc/cr200r900f:4s7s,TcKd|/4c7hKc/8s:300,-300(300.000000)
516:BR,Player:0cc/cc/r200c/r600f:4hTh,4dTs|/3cTcQh/7c/7s:300,-300(300.000000)
517:Player,BR:0cr300c/cc/cr19600f:7sQd,5d7h|/JcKcAh/Kd:-400,400(-400.000000)
518:BR,Player:0r130c/cr299c/cr687r18784f:4c5h,3hJc|/7c8h9h/2c:1216,-1216(1216.000000)
519:Player,BR:0cc/cc/cr200c/cr600c:9cTs,9dQs|/2d4c8h/9s/2s:-900,900(-849.390082)
520:BR,Player:0r200c/cc/cc/cr390r19310f:5hAh,4s7h|/4d5dJs/7d/Kh:690,-690(690.000000)
521:Player,BR:0cr300c/cc/cr800f:5cAc,3d4c|/3s6s6h/Tc:-400,400(-400.000000)
522:BR,Player:0r200c/cr390c/cc/r1380c:4d7s,9sQh|/2c4hQs/3s/7c:2070,-2070(1759.893667)
523:Player,BR:0cr300c/cc/cr800f:8hAd,7h7c|/4cJhQh/6c:-400,400(-400.000000)
524:BR,Player:0r130c/cc/cr115r690f:8hKs,4hTd|/4d9sQs/2s:345,-345(345.000000)
525:Player,BR:0cc/cc/cc/r130r460f:7h9s,TsJh|/2d4dKc/7s/Qh:-230,230(-230.000000)
526:BR,Player:0r200c/cr390c/cr2070r17240f:6c8c,8dTd|/7c9dAd/8h:2760,-2760(2760.000000)
527:Player,BR:0cc/cc/cc/cc:2c3d,QdAd|/6s8d9c/7h/5c:0,-0(6.328754)
528:BR,Player:0r130c/cc/cr115r690f:2hQs,9sTh|/4c5dAs/4s:345,-345(345.000000)
529:Player,BR:0cr300c/cc/cr800f:3s3d,9dKd|/4h8cAs/9h:-400,400(-400.000000)
530:BR,Player:0cc/cr130c/cr299f:3cQh,7cAs|/8dJcAh/6s:-230,230(-230.000000)
531:Player,BR:0cc/cc/cr200c/cr600f:4sKc,5c8h|/2c8s8c/8d/7c:-300,300(-300.000000)
532:BR,Player:0r130c/cc/cc/r19770f:3dJd,5hQs|/ThKhAd/Ts/9s:230,-230(230.000000)
533:Player,BR:0cc/cc/r130r19770f:2c7s,6hJd|/3c4h9c/7h:-230,230(-230.000000)
534:BR,Player:0cc/cc/cc/r19900f:3c4s,7dAh|/8dJsKh/Th/7s:100,-100(100.000000)
535:Player,BR:0cr300c/r520c/r184c/cr2208f:9hJs,7hKs|/3sQcKc/Ac/9c:-1104,1104(-1104.000000)
536:BR,Player:0r130c/cc/cc/cc:3c8s,TsKc|/2d9hAh/Jc/4h:-230,230(-230.000000)
537:Player,BR:0cc/cc/cc/cr19900f:2hQd,5d8s|/JsQhAc/8c/Td:-100,100(-100.000000)
538:BR,Player:0r130c/cc/cc/r19770f:3s4s,5d7c|/4d7d9s/Td/6s:230,-230(230.000000)
539:Player,BR:0cc/cc/r300c/cr800f:6h7c,8hKd|/4hJcKs/Jh/9c:-400,400(-400.000000)
540:BR,Player:0r200c/cr390c/cc/cc:2d5d,4s4h|/2c3c6h/Qs/Jd:-690,690(-135.261442)
541:Player,BR:0cr200c/cc/cr600f:7hKc,2d6h|/5s8sAh/3d:-300,300(-300.000000)
542:BR,Player:0r130c/cc/cr115r19655f:3dKc,4hTs|/7s7hAc/2s:345,-345(345.000000)
543:Player,BR:0cr600c/r910c/r2093c/r11109f:7hAd,3c4c|/3d4s8d/Kd/Td:3703,-3703(3703.000000)
544:BR,Player:0r130c/cc/cc/r19770f:6cAh,3dAs|/TdJsKc/8h/Jc:230,-230(230.000000)
545:Player,BR:0cc/cc/cr200f:2h8d,5s8c|/4dQsAd/6h:-100,100(-100.000000)
546:BR,Player:0r200c/cr390c/cr897r3174f:9cAd,ThAc|/5c9dTd/3d:1587,-1587(1587.000000)
547:Player,BR:0cr600c/r910c/cr3220c/cr15170f:9cTh,3c9d|/TsTcJs/8s/Qs:-4830,4830(-4830.000000)
548:BR,Player:0cc/cc/cc/r19900f:8hTs,8dQh|/3s6hAc/Kc/6s:100,-100(100.000000)
549:Player,BR:0cr300c/cc/r200c/r120c:8dAs,3dJh|/TsThQd/Jc/Jd:-720,720(-703.901964)
550:BR,Player:0r130c/cr299c/r1058f:5s6c,2d2c|/7h7cQc/Jh:529,-529(529.000000)
551:Player,BR:0cc/cc/r200r19700f:3sQs,JsKd|/2d3hTh/9s:-300,300(-300.000000)
552:BR,Player:0r200c/cc/r19700f:7s8h,ThAc|/3s5d9c/Qd:300,-300(300.000000)
553:Player,BR:0cc/cc/cr200c/cr19700f:7sKc,2s4d|/3s8s8c/8h/5h:-300,300(-300.000000)
554:BR,Player:0f:3s8h,3d7c|:50,-50(50.000000)
555:Player,BR:0cr200c/cc/r150c/r585r2070f:5sKc,3c9h|/ThQsKh/8d/Ts:-1035,1035(-1035.000000)
556:BR,Player:0r200c/cr390c/r1380c/cc:6h9s,3sKc|/2c3c7d/7h/Td:-2070,2070(-2070.000000)
557:Player,BR:0cc/r130c/r460r19310f:4s9s,2c6s|/5dJcAs/Js:-690,690(-690.000000)
558:BR,Player:0r130c/cc/r460f:JdKh,4d5c|/8d9hJc/9s:230,-230(230.000000)
559:Player,BR:0cc/cc/cc/cr19900f:4hJs,7s9h|/6sTdAc/Jc/Jh:-100,100(-100.000000)
560:BR,Player:0r130c/cr299c/cc/cc:5c6d,4c7s|/3cKcAs/Jd/6h:529,-529(383.167528)
561:Player,BR:0cr200c/r390c/r897c/cc:3c4c,6c8h|/5d9sAh/Kc/Jd:-1587,1587(-1587.000000)
562:BR,Player:0f:9sAs,2h4s|:50,-50(50.000000)
563:Player,BR:0cc/cc/r300c/cc:2s8s,6c9s|/7sJdAd/6s/Ah:-400,400(-369.535819)
564:BR,Player:0r130c/cr299c/cr687r18784f:5c9c,2hAh|/3d4dQc/8s:1216,-1216(1216.000000)
565:Player,BR:0cc/cc/cr200f:4hJc,4s7d|/6s7sQc/5s:-100,100(-100.000000)
566:BR,Player:0r130c/cc/r19770f:4c6d,4h6s|/2dTdJs/Jh:230,-230(230.000000)
567:Player,BR:0cc/cc/r130r460f:5s6c,QhKc|/4s4hAs/2h:-230,230(-230.000000)
568:BR,Player:0r130c/cc/cc/r19770f:4dTd,4cQc|/7sQdAs/7d/Jh:230,-230(230.000000)
569:Player,BR:0cr600c/r910c/cr18390f:2c5h,7dKh|/2sTdQs/Jc:-1610,1610(-1610.000000)
570:BR,Player:0r130c/cc/r460c/r19310f:2sTc,6cTd|/4c7d9s/7c/4d:690,-690(690.000000)
571:Player,BR:0cr200c/r900c/r1560c/cc:6hKh,ThAh|/3d9hJh/Ac/Kc:-2760,2760(-2760.000000)
572:BR,Player:0cc/cc/cc/r19900f:4sAs,5hTc|/7h7d9s/6d/Qs:100,-100(100.000000)
573:Player,BR:0cc/cc/cr200f:2dKs,5cQc|/5s6cJs/4d:-100,100(-100.000000)
574:BR,Player:0r130c/cc/cc/r19770f:5dKc,5cAh|/6h9sTc/6d/8d:230,-230(230.000000)
575:Player,BR:0cc/cc/cc/cr200f:4sQs,7cTs|/5s8dAh/8c/Tc:-100,100(-100.000000)
576:BR,Player:0r130c/cc/r460f:QsKd,5sAc|/7hTdQh/8h:230,-230(230.000000)
577:Player,BR:0cc/cc/cr200f:3cQh,8dKs|/6dKhAd/9d:-100,100(-100.000000)
578:BR,Player:0r130c/cr299c/r1058f:2s7s,3dAs|/2c3s7h/6c:529,-529(529.000000)
579:Player,BR:0cr200c/cc/cr600c/cr1800f:9h9d,AhAc|/2c3hKs/5d/3d:-900,900(-900.000000)
580:BR,Player:0r130c/cr1380c/cr3220f:2d3c,3hTd|/5hJdKh/4h:-1610,1610(-1610.000000)
581:Player,BR:0cc/cc/cr200f:2h8s,6dAc|/6s6cQc/7h:-100,100(-100.000000)
582:BR,Player:0r130c/cc/cr299r1058f:8dQc,4c6h|/ThJcKd/7c:529,-529(529.000000)
583:Player,BR:0cc/cc/cr200c/cr600r1170r4140f:6dQh,AdAc|/7sJdQs/4h/Qd:-2070,2070(-2070.000000)
584:BR,Player:0cc/cr600c/cr1400r17900f:TsAh,9hAd|/3cQdAs/2s:2100,-2100(2100.000000)
585:Player,BR:0cr200c/cc/cr600r1170c/r4140f:9hJc,4dQs|/2d8dTh/Qh/3c:2070,-2070(2070.000000)
586:BR,Player:0cc/cc/r200f:6sQd,2dKs|/9sQcAd/Ah:100,-100(100.000000)
587:Player,BR:0cc/cc/cr200f:2cTs,6hTd|/4d7cAh/2d:-100,100(-100.000000)
588:BR,Player:0r200c/cc/cc/cc:3s8s,3h3c|/5sJcKc/8h/Th:300,-300(200.811598)
589:Player,BR:0cr300c/cc/cr800f:5d5c,3hAd|/3s7h8c/Ac:-400,400(-400.000000)
590:BR,Player:0r130c/cr299c/cr687f:5sJs,ThAc|/3c9cKc/3d:-529,529(-529.000000)
591:Player,BR:0cc/cc/cc/cr19900f:2cQd,6sKd|/3cTdAh/7d/4s:-100,100(-100.000000)
592:BR,Player:0r200c/cc/cc/cc:4c6d,JdAc|/5d8hKh/3d/5h:-300,300(-300.000000)
593:Player,BR:0cc/cc/cr200f:4dKh,7cJh|/8cJdQc/Js:-100,100(-100.000000)
594:BR,Player:0r130c/cr299c/r19471f:4sAd,6sJd|/4c5sTh/7d:529,-529(529.000000)
595:Player,BR:0cr200c/cc/cr600c/cc:TdAs,KcAh|/4s5hQd/Js/Qs:-900,900(450.954819)
596:BR,Player:0f:5hQs,2cJs|:50,-50(50.000000)
597:Player,BR:0cr600c/r910c/cc/cc:TcKc,6hTd|/6s9sQh/4s/8c:-1610,1610(695.689451)
598:BR,Player:0cc/cc/r200f:4d7s,KdAs|/3s4s7c/9h:100,-100(100.000000)
599:Player,BR:0cr600c/cc/r350c/r2100f:7d8d,ThKs|/5c7hQc/Qh/Qs:1050,-1050(1050.000000)
600:BR,Player:0r130c/cc/r460c/cc:TdKc,9sJc|/7h9cQc/Ac/Ts:690,-690(174.893237)
601:Player,BR:0cc/cc/cc/cc:ThJc,8h8d|/5s5cKh/Td/7d:100,-100(-50.905203)
602:BR,Player:0r130c/cr690c/cc/r1840f:5cKd,ThQh|/2h4dQs/As/8s:920,-920(920.000000)
603:Player,BR:0cr200c/cc/r900r2400f:3h4h,6hTd|/3s7sKd/Th:-1200,1200(-1200.000000)
604:BR,Player:0r130c/cr299c/cc/r19471f:6d7c,6cKh|/7h8sJh/Qd/5d:529,-529(529.000000)
605:Player,BR:0cr200c/cc/cr19700f:KsAh,3s8h|/2sJsQc/5c:-300,300(-300.000000)
606:BR,Player:0f:3h6s,2h6d|:50,-50(50.000000)
607:Player,BR:0cc/cc/cc/cr19900f:4cKh,4h9c|/8cQsQh/Jh/2d:-100,100(-100.000000)
608:BR,Player:0r200c/cr390c/cc/cr897r3174f:7cAs,TcAd|/5sJcAc/3h/4h:1587,-1587(1587.000000)
609:Player,BR:0cc/cc/r130r460f:2d7d,3cKd|/3h3d8s/Qs:-230,230(-230.000000)
610:BR,Player:0f:8hQc,2hJc|:50,-50(50.000000)
611:Player,BR:0cr300c/r800c/cr18800f:8hAs,6sAh|/3s4s8d/Kc:-1200,1200(-1200.000000)
612:BR,Player:0r130c/cc/r460f:5s9s,JhAd|/3h6d9c/2d:230,-230(230.000000)
613:Player,BR:0cr200c/cc/r600r1800f:5s8s,4dTh|/TsJdQd/Qs:-900,900(-900.000000)
614:BR,Player:0f:4sQc,2hTc|:50,-50(50.000000)
615:Player,BR:0cr600c/r910c/cc/cc:KsKd,8h8c|/6sTcAh/Kc/4d:1610,-1610(-984.436775)
616:BR,Player:0r200c/cr1800c/cr2730f:6sJh,AsAc|/7dQhKc/4d:-2100,2100(-2100.000000)
617:Player,BR:0cr600c/cc/cr1400f:5dAh,2cKd|/6s9sTd/2d:-700,700(-700.000000)
618:BR,Player:0f:4dAh,4c9h|:50,-50(50.000000)
619:Player,BR:0cr300c/r800c/cr18800f:QcAd,2s6h|/7dTcQs/8s:-1200,1200(-1200.000000)
620:BR,Player:0r300c/cr520c/r1840c/cr3588f:9dKd,3c4c|/4sJdAc/5c/Kc:-2760,2760(-2760.000000)
621:Player,BR:0cr300c/cc/cr800f:2h2d,6cTd|/3sTsKs/4d:-400,400(-400.000000)
622:BR,Player:0r130c/cr460c/r19310f:KdAd,TcAc|/2h6dTd/7h:690,-690(690.000000)
623:Player,BR:0cc/cc/r130c/r299r19471f:9sKh,6hQd|/4h5c9d/Ks/3h:-529,529(-529.000000)
624:BR,Player:0r130c/cc/r460f:9dJh,6hAs|/7dJsKh/2c:230,-230(230.000000)
625:Player,BR:0cr300c/cc/cr800f:JdQc,8cTd|/2c5cAs/2d:-400,400(-400.000000)
626:BR,Player:0cc/cc/r200c/r600f:8d9s,4c9d|/7s7d9c/8s/Td:300,-300(300.000000)
627:Player,BR:0cc/cc/r130r460f:4sTc,4h7h|/6c8sAh/5s:-230,230(-230.000000)
628:BR,Player:0r200c/cc/r600f:6dQs,TcQc|/2h5dJd/8d:300,-300(300.000000)
629:Player,BR:0cc/cc/r130r460f:6h9d,3s9c|/TdKhAc/8s:-230,230(-230.000000)
630:BR,Player:0r130c/cc/cr115r690r3105f:3s5d,QsKd|/2dJcAs/Td:-1035,1035(-1035.000000)
631:Player,BR:0cc/cc/cc/r130r19770f:6cQh,7sKs|/6sJdQd/Tc/2h:-230,230(-230.000000)
632:BR,Player:0r200c/cr390c/r1380f:5c9c,4sTd|/2c8dKh/Ks:690,-690(690.000000)
633:Player,BR:0cr130c/cc/r690r1840f:3hAh,5cAc|/2d7h9s/8h:-920,920(-920.000000)
634:BR,Player:0cc/cr130c/cc/r460r2070c:3c8h,KdKc|/2h9hJh/Th/4h:2760,-2760(2760.000000)
635:Player,BR:0cc/cc/cc/cr200f:2dKs,6cQh|/4s4d7h/3s/Jd:-100,100(-100.000000)
636:BR,Player:0r130c/cr299c/r1058f:2c8s,TcAs|/3c4sAc/5s:529,-529(529.000000)
637:Player,BR:0cr200c/cc/cr600f:8hAc,6sKs|/2sJdKc/7h:-300,300(-300.000000)
638:BR,Player:0r130c/cc/r460c/r1380c:7s9d,6cTs|/6h8cKh/Th/Qs:2070,-2070(1804.111136)
639:Player,BR:0cr300c/cc/cr800f:5hQh,6hJc|/6c9dAc/7c:-400,400(-400.000000)
640:BR,Player:0r130c/cr299c/r1058c/cc:7dJc,4d8h|/3h5h5d/8c/As:-1587,1587(-1587.000000)
641:Player,BR:0cc/cc/cr200f:3cAh,6sKc|/8cThKh/Qs:-100,100(-100.000000)
642:BR,Player:0f:4s7c,2c3d|:50,-50(50.000000)
643:Player,BR:0cc/cc/r130c/r460f:2d9d,7h9h|/7dKdAh/4s/5h:230,-230(230.000000)
644:BR,Player:0r200c/cc/cr150c/r19550f:8cQs,9hKs|/TdJcAh/7h/3c:450,-450(450.000000)
645:Player,BR:0cc/cc/cr200f:2h6h,3h6c|/3cJsJd/3d:-100,100(-100.000000)
646:BR,Player:0f:3s3h,2s7c|:50,-50(50.000000)
647:Player,BR:0cr300c/cc/cc/cc:8cAc,9hQd|/3c5sTc/Ks/5d:400,-400(371.250901)
648:BR,Player:0r130c/cc/r19770f:5hKh,5s9s|/JsQdAh/4h:230,-230(230.000000)
649:Player,BR:0cc/cc/cr200f:7hQh,6d9h|/9cTcKd/4s:-100,100(-100.000000)
650:BR,Player:0r200c/cc/r600f:7cQh,6cKc|/2s8dAc/Qs:300,-300(300.000000)
651:Player,BR:0cc/cc/cc/cc:3dJc,6s6c|/5s8dKc/Ah/8s:-100,100(-61.096184)
652:BR,Player:0r300c/cc/r19600f:5h8s,TdAd|/4d6c7s/Ts:400,-400(400.000000)
653:Player,BR:0cc/cc/r300c/cr19600f:3d8c,9s9h|/4sThQh/4d/9d:-400,400(-400.000000)
654:BR,Player:0r130c/cr460c/r19310c/cc:9sQh,5cAc|/TdJhAs/5s/5d:-20000,20000(-19223.212804)
655:Player,BR:0cr300c/r520c/cc/r5520f:8sJs,9sAc|/3dTsAs/4s/5h:920,-920(920.000000)
656:BR,Player:0f:QsAc,3s9h|:50,-50(50.000000)
657:Player,BR:0cc/cc/r300r800f:3d8c,3s5h|/7c9sTh/2c:-400,400(-400.000000)
658:BR,Player:0r130c/cr299c/cr687f:9sKc,7d8c|/8h8dKs/Td:-529,529(-529.000000)
659:Player,BR:0cc/cc/cr200f:2s7s,6sKh|/TdKsKd/Qh:-100,100(-100.000000)
660:BR,Player:0r130c/cc/r460c/r19310f:7c9h,6dAc|/3h4hQc/7d/5h:690,-690(690.000000)
661:Player,BR:0cr300c/cc/r200r1200f:4h7s,KcAs|/3h8sTc/9c:-600,600(-600.000000)
662:BR,Player:0r130c/cc/r19770f:9cQs,8cKs|/3d9sQh/9h:230,-230(230.000000)
663:Player,BR:0cc/cc/cc/cr19900f:5hAd,5c8s|/3s9dKh/Jc/4h:-100,100(-100.000000)
664:BR,Player:0f:8h9c,2h9s|:50,-50(50.000000)
665:Player,BR:0cc/cc/cr200c/cr600f:5hTd,QsAh|/9hTsKh/9d/Jd:-300,300(-300.000000)
666:BR,Player:0cc/cc/r200f:3sAs,9sQc|/4h8cAd/4d:100,-100(100.000000)
667:Player,BR:0cc/cc/cr200f:7cKs,AsAd|/6c8cQh/Jc:-100,100(-100.000000)
668:BR,Player:0r130c/cr299c/cr1058r3174f:2h8h,7c8c|/3h6sJd/Tc:1587,-1587(1587.000000)
669:Player,BR:0cc/cc/r130c/cc:2d8h,8dJd|/3h7cTd/3c/Kc:-230,230(-155.976344)
670:BR,Player:0r130c/cc/cr115r19655f:3dQd,8hJc|/2h5sAh/3c:345,-345(345.000000)
671:Player,BR:0cc/cc/cc/r130r460f:4dJh,4s8s|/6d8dQd/6h/Jd:-230,230(-230.000000)
672:BR,Player:0cc/cr130c/r460f:3d6d,3hTc|/3sQdKc/4d:230,-230(230.000000)
673:Player,BR:0cr600c/cc/r140c/r1092r18068f:5cJs,3c4c|/2s2hKh/7s/9c:-1932,1932(-1932.000000)
674:BR,Player:0r200c/cc/cr150c/r19550f:4d9d,QcAd|/5c6s7h/5h/3s:450,-450(450.000000)
675:Player,BR:0cr600c/cc/r910r3220f:2c3h,3s5h|/6sJsKs/4d:-1610,1610(-1610.000000)
676:BR,Player:0r130c/cr299c/cr1058f:2d6c,JhAd|/9h9dAh/2c:-529,529(-529.000000)
677:Player,BR:0cc/cc/cr200c/cr19700f:8dKc,3s8s|/6cThTc/Ad/7d:-300,300(-300.000000)
678:BR,Player:0cc/cr130c/cr299f:7sAd,9dKc|/2c5h9h/Tc:-230,230(-230.000000)
679:Player,BR:0cr300c/cc/cc/cc:QsAh,3sTh|/2dQcKd/8s/8d:400,-400(400.000000)
680:BR,Player:0r200c/cr390c/cc/cr1380f:6hJs,2sQc|/4hJdQs/8c/Qh:-690,690(-690.000000)
681:Player,BR:0cr300c/r520c/cr19080f:5d6s,3cKd|/6dTdJc/7s:-920,920(-920.000000)
682:BR,Player:0f:7cJh,2hTs|:50,-50(50.000000)
683:Player,BR:0cr130c/cc/cc/r115r19655f:2c3c,6dQc|/5s8s9h/Kh/7c:-345,345(-345.000000)
684:BR,Player:0r200c/cc/r600f:4cTd,7cKs|/9dAhAc/Tc:300,-300(300.000000)
685:Player,BR:0cr300c/r520c/cr1840c/cr17240f:7cTh,5c8d|/5d7sTc/6c/3s:-2760,2760(-2760.000000)
686:BR,Player:0r130c/cc/r19770f:7dTh,4d7h|/5dKdAd/2h:230,-230(230.000000)
687:Player,BR:0cc/cc/cr200f:JcKd,4s6s|/2c4c5h/3h:-100,100(-100.000000)
688:BR,Player:0r130c/cr299c/r1058f:4cJd,5h5d|/9h9cQs/Ks:529,-529(529.000000)
689:Player,BR:0cc/cc/cr200c/cr600c:9dKs,2dAs|/7h8dAh/Kh/5s:-900,900(-209.397912)
690:BR,Player:0r130c/cr299c/cc/r19471f:3c9h,KcAc|/7dThAs/Jd/9s:529,-529(529.000000)
691:Player,BR:0cr300c/cc/cr800f:9hQh,5cAc|/3d4dJc/As:-400,400(-400.000000)
692:BR,Player:0f:2d7c,2h6d|:50,-50(50.000000)
693:Player,BR:0cc/cc/cr200c/cr600c:8sKd,8cAc|/2sQcAh/Kc/7s:-900,900(-234.007037)
694:BR,Player:0r130c/cr460c/r1380f:4s6h,3dKs|/2s4h6s/Ac:690,-690(690.000000)
695:Player,BR:0cc/cc/cr200f:8sTh,3dJd|/5cJcKc/6d:-100,100(-100.000000)
696:BR,Player:0r130c/cr299c/cr1058f:7h9d,2h5h|/7cAhAd/3h:-529,529(-529.000000)
697:Player,BR:0cc/cc/r130r460f:2d5d,8dKc|/2c3h3c/Kh:-230,230(-230.000000)
698:BR,Player:0r130c/cr299c/r1058f:4cKc,3hJd|/2h8sTs/5c:529,-529(529.000000)
699:Player,BR:0cr130c/cc/r115c/cc:6sKc,QhKh|/5d8h9d/8d/8s:-345,345(156.800133)
700:BR,Player:0r130c/cc/r460f:5s6s,4dAh|/7s7h9c/5h:230,-230(230.000000)
701:Player,BR:0cc/cc/r200c/cr19700f:5c6s,4d6h|/8s9dJd/4s/9s:-300,300(-300.000000)
702:BR,Player:0r130c/cr299c/cr1058c/cr2063f:JcQd,8cKs|/3dTcKc/Kh/2d:-1587,1587(-1587.000000)
703:Player,BR:0cc/cc/r200c/cr600f:4sTh,8sTs|/5cQdAd/3s/Jd:-300,300(-300.000000)
704:BR,Player:0cc/cc/r200c/cr900r18800f:5cKh,6s9c|/6c7sJc/6h/Td:1200,-1200(1200.000000)
705:Player,BR:0cc/cc/r130c/r115r19655f:9dJh,2s8h|/3s7sTd/8c/7h:-345,345(-345.000000)
706:BR,Player:0r300c/cr1200c/cc/r3200f:3hJh,2sJs|/5sTcAc/7s/8d:1600,-1600(1600.000000)
707:Player,BR:0cr300c/cc/r2400r17200f:6s7s,3d6c|/2dQcAd/Ks:-2800,2800(-2800.000000)
708:BR,Player:0r130c/cc/r460c/cc:2h3s,4cAs|/3d5s6d/6c/Jc:690,-690(-165.008579)
709:Player,BR:0cr200c/cc/r600r1800f:6cKs,3hQs|/5s7dAd/9h:-900,900(-900.000000)
710:BR,Player:0r130c/cr299c/r1058f:4hAd,4c5h|/2h2dKs/Qh:529,-529(529.000000)
711:Player,BR:0cc/cc/cc/cc:7dKs,5hQc|/2hTcKh/Kd/6h:100,-100(14.143711)
712:BR,Player:0f:3h4c,2s5c|:50,-50(50.000000)
713:Player,BR:0cc/cc/cr200f:5h6d,4c8s|/2c3s9c/Qd:-100,100(-100.000000)
714:BR,Player:0r130c/cc/r460f:2h7h,TsKs|/2d6hAh/4h:230,-230(230.000000)
715:Player,BR:0cr300c/r520c/r1840c/cr5520f:4s6s,2dKd|/5d7c9h/2h/2c:-2760,2760(-2760.000000)
716:BR,Player:0r130c/cc/cr299r1058f:4sJc,5sAh|/9hTsKs/Ac:529,-529(529.000000)
717:Player,BR:0cc/cc/cr200f:4hJh,2hKd|/5h5dKs/3d:-100,100(-100.000000)
718:BR,Player:0cc/cc/cr200r19700f:6hQs,9dKc|/TdKdAd/Qc:300,-300(300.000000)
719:Player,BR:0cc/cc/cr200c/cr600c:2dAc,3s6h|/6c7dAd/4h/Td:900,-900(502.094607)
720:BR,Player:0r200c/cr390c/cr1380f:4cTc,2sAc|/2c7h8s/Ad:-690,690(-690.000000)
721:Player,BR:0cc/cc/cc/cr19900f:7dQs,JcAs|/6hThKh/5h/Tc:-100,100(-100.000000)
722:BR,Player:0f:8s8c,2d6h|:50,-50(50.000000)
723:Player,BR:0cc/cc/cc/r130r460c:8hJc,TdAh|/2c5sKs/Jh/7h:690,-690(690.000000)
724:BR,Player:0cc/cc/r200c/r600f:QsAs,3cTd|/3hQdKd/7h/Qh:300,-300(300.000000)
725:Player,BR:0cr300c/cc/cr800r2400r7200f:2c5s,3d6h|/2s6cKh/7s:-3600,3600(-3600.000000)
726:BR,Player:0r130c/cc/r460c/cr1380c:3cAd,6dKs|/3sQsQc/3h/Jd:2070,-2070(2028.910358)
727:Player,BR:0cc/cc/cr200c/cr19700f:2cAd,3cJs|/2s3d8s/Kh/Th:-300,300(-300.000000)
728:BR,Player:0r130c/cc/r19770f:2cAc,JdQs|/6h6cKd/8c:230,-230(230.000000)
729:Player,BR:0cc/cc/cc/cr200f:6cKd,5sTh|/4hJcQh/2s/7d:-100,100(-100.000000)
730:BR,Player:0cc/cr130c/r19770f:3h5h,5s6d|/2h4s7d/Ad:230,-230(230.000000)
731:Player,BR:0cr300c/cc/r200r1200c/cr3600f:7hAh,5dKd|/2h4sTs/Ad/3h:-1800,1800(-1800.000000)
732:BR,Player:0r200c/cc/cc/cc:5hAh,8sAs|/5cTcQh/7s/Td:300,-300(272.334208)
733:Player,BR:0cr300c/r520c/r460c/r1794r16826f:TcKc,9hAc|/2h8dQs/Jh/2c:-3174,3174(-3174.000000)
734:BR,Player:0f:2dJh,2s9d|:50,-50(50.000000)
735:Player,BR:0cc/cc/cr200f:4s9s,3c7h|/3d8cAc/Kc:-100,100(-100.000000)
736:BR,Player:0r200c/cc/r600f:8s8h,2sAh|/6h8dQc/9s:300,-300(300.000000)
737:Player,BR:0cr300c/r520c/cc/cr1840f:3c8c,5h6c|/7cJdQd/Js/Th:-920,920(-920.000000)
738:BR,Player:0r200c/cr390c/r1380c/r4140f:6c9h,8h9d|/4d5s7d/Kh/Qs:2070,-2070(2070.000000)
739:Player,BR:0cc/cc/r300r800c/cr18800c:3cAd,7cAc|/4h8cAs/9h/5d:-20000,20000(-19362.037472)
740:BR,Player:0r130c/cc/cr115r19655f:9sAs,8hKh|/5d6cKc/Qh:345,-345(345.000000)
741:Player,BR:0cc/cc/r130c/r690f:9cAh,7cTh|/4cKhAc/4d/9s:230,-230(230.000000)
742:BR,Player:0cc/cr130c/cc/cr299f:KhAs,9h9d|/2c3cTs/3d/7c:-230,230(-230.000000)
743:Player,BR:0cr300c/cc/cr800c/cc:KsKc,3sTd|/3cTsQc/Ac/4c:1200,-1200(312.100089)
744:BR,Player:0f:5d9h,3h8s|:50,-50(50.000000)
745:Player,BR:0cc/cc/cr200f:3dTs,4hAd|/5dJdAc/8c:-100,100(-100.000000)
746:BR,Player:0r130c/cr299c/r19471f:7h8c,3dKh|/2s4hJc/5h:529,-529(529.000000)
747:Player,BR:0cr130c/r299c/r687r18784f:JhJc,4h5s|/2c7dTd/4c:-1216,1216(-1216.000000)
748:BR,Player:0r130c/cc/cc/r460f:3c7h,2h3h|/2c9sQc/6c/Td:230,-230(230.000000)
749:Player,BR:0cr200c/r390c/cr19310f:QdKd,5h8d|/2c6sTh/4h:-690,690(-690.000000)
750:BR,Player:0r130c/cc/r460c/r1380c:5cQc,6d7c|/6cJhQd/4d/9h:2070,-2070(1146.242461)
751:Player,BR:0cc/cc/cr200c/cc:7dJc,2s3s|/6c8s9s/7c/2c:300,-300(294.453387)
752:BR,Player:0f:5sQs,2c4s|:50,-50(50.000000)
753:Player,BR:0cr200c/r600c/r450c/r1755f:TdKd,JcAd|/3d6d8c/Jd/Qh:1350,-1350(1350.000000)
754:BR,Player:0cc/cc/r200f:6cKs,6sJs|/3s3hKd/Td:100,-100(100.000000)
755:Player,BR:0cc/cc/cc/r130c:2h9s,4sAd|/8cJhKh/Qh/4h:230,-230(98.863693)
756:BR,Player:0r130c/cc/r460c/r19310f:5dKh,3cKc|/TdQcKs/2h/9h:690,-690(690.000000)
757:Player,BR:0cc/cc/r130r460c/cr19310f:6dJd,5hJc|/6s6h9s/3c/Kh:-690,690(-690.000000)
758:BR,Player:0r130c/cr460c/r1380r2691r15239f:3hTs,2dAh|/2s5sTh/4s:4761,-4761(4761.000000)
759:Player,BR:0cc/cc/cr200f:4cJc,5s7s|/6c9hKh/3s:-100,100(-100.000000)
760:BR,Player:0r200c/cc/cc/cc:3h3d,2sAc|/4h9cKh/Ks/8h:300,-300(174.557140)
761:Player,BR:0cr600c/cc/r350c/r1365c:8sTs,5cJh|/3s3dKs/4h/Ad:-2415,2415(-1413.162035)
762:BR,Player:0r200c/cr390c/cc/r19310f:5sJh,QhAh|/7dKsKh/6c/7c:690,-690(690.000000)
763:Player,BR:0cc/cc/r200r600f:4c8c,2hKh|/5d6hKd/6s:-300,300(-300.000000)
764:BR,Player:0r130c/cr299c/cr687c/cc:8sAc,3dKh|/9dTcQc/Td/Qs:1216,-1216(563.260666)
765:Player,BR:0cc/cc/cr200c/cr600c:4d7h,2hTc|/4c6d8h/4h/Jh:900,-900(900.000000)
766:BR,Player:0r130c/cc/cc/cr460r19310f:4cAd,8sQd|/5h7cTc/4s/6h:690,-690(690.000000)
767:Player,BR:0cc/cc/r130r460f:2d5h,4hQd|/3h6d8c/8h:-230,230(-230.000000)
768:BR,Player:0r130c/cc/r460f:7hQc,2hAc|/4h8d9s/7c:230,-230(230.000000)
769:Player,BR:0cr600c/r910c/r322r3864f:7h7d,6sKh|/2c6dAd/Tc:-1932,1932(-1932.000000)
770:BR,Player:0r130c/cc/r460f:JhAh,5c9s|/5h6sQh/Tc:230,-230(230.000000)
771:Player,BR:0cr200c/cc/r150f:ThKs,TcJs|/8sAsAh/5d:300,-300(300.000000)
772:BR,Player:0r130c/cr299c/r1058f:8hTc,7c9s|/3s5d6d/Td:529,-529(529.000000)
773:Player,BR:0cr300c/cc/r200c/cr1200f:6hKh,3s7d|/8c9dJs/Qs/8d:-600,600(-600.000000)
774:BR,Player:0cc/cc/r200f:2d5d,4h8c|/QsKsKh/6h:100,-100(100.000000)
775:Player,BR:0cc/cc/cr200c/cr19700f:2hKh,5s7d|/8hAdAc/7h/9s:-300,300(-300.000000)
776:BR,Player:0cc/cc/cc/r200f:2hKd,3dQs|/6h8dTh/8s/9c:100,-100(100.000000)
777:Player,BR:0cc/cc/r130r460f:6h7d,2sJd|/5sQsAh/9h:-230,230(-230.000000)
778:BR,Player:0r130c/cc/r460f:3dTs,3cKd|/ThQsQc/9h:230,-230(230.000000)
779:Player,BR:0cr600c/cc/cc/cr1400r2730r15170f:3s3h,4s9d|/2h7cQd/3c/5h:-4830,4830(-4830.000000)
780:BR,Player:0f:6h9d,2c4s|:50,-50(50.000000)
781:Player,BR:0cc/cc/r130c/r690r19080f:4s6d,5c6s|/3s5s8s/9c/Qh:-920,920(-920.000000)
782:BR,Player:0f:2h5h,3c7s|:50,-50(50.000000)
783:Player,BR:0cr200c/r900c/cc/cc:4cJc,7dKh|/3c5dQh/8h/Qs:-1200,1200(-1200.000000)
784:BR,Player:0r130c/cc/cr460r19310f:TsKd,7dQd|/4c6sJd/8s:690,-690(690.000000)
785:Player,BR:0cc/cc/cc/r130r19770f:4c7h,TcAd|/4s5s7s/Qc/Kh:-230,230(-230.000000)
786:BR,Player:0r130c/cc/r19770f:5sTc,8h9s|/3c5cTs/Th:230,-230(230.000000)
787:Player,BR:0cr200c/cc/cc/r150r900f:4h5d,4dJh|/8s9sKd/8h/Kc:-450,450(-450.000000)
788:BR,Player:0r130c/cc/cr115r19655f:3dQc,4s5h|/JdQhKd/7h:345,-345(345.000000)
789:Player,BR:0cr130c/cc/cr460c/cr1380f:7s7c,KcAd|/2c6hKd/Qd/Jc:-690,690(-690.000000)
790:BR,Player:0r130c/cr299c/cc/r19471f:KcAh,5s7c|/4h6cJh/2s/Tc:529,-529(529.000000)
791:Player,BR:0cr300c/cc/cr800f:QsAd,4sAh|/3c6d8h/5s:-400,400(-400.000000)
792:BR,Player:0f:9dAd,2dTs|:50,-50(50.000000)
793:Player,BR:0cc/cc/cc/r200r600f:2cQh,2sKh|/7dThJd/5d/9s:-300,300(-300.000000)
794:BR,Player:0r130c/cc/r460c/cc:6s6c,4hJh|/3h4c6d/Ac/2c:690,-690(690.000000)
795:Player,BR:0cr200c/cc/r150r900f:7s7h,KcAc|/6hJhAd/5s:-450,450(-450.000000)
796:BR,Player:0cc/cc/r200f:QhAs,5h7h|/2sJcQs/2c:100,-100(100.000000)
797:Player,BR:0cc/cc/cc/r130r19770f:3dAs,7cQs|/5dKsAd/Th/Js:-230,230(-230.000000)
798:BR,Player:0r130c/cc/cc/cr299r19471f:4d9h,2d6d|/3s8sQc/5c/Ah:529,-529(529.000000)
799:Player,BR:0cc/cc/cr200f:8h9d,4c5s|/3cTsKh/4d:-100,100(-100.000000)
800:BR,Player:0r130c/cr299c/cr687f:3s3h,2s2h|/6h8cQh/5c:-529,529(-529.000000)
801:Player,BR:0cr300c/r520c/r1840r5520f:3c6c,6dJc|/8sQcKd/6h:-2760,2760(-2760.000000)
802:BR,Player:0cc/cr200c/r600r1800f:6d8c,6s7c|/3h4s5d/Qd:-900,900(-900.000000)
803:Player,BR:0cc/cc/cr200f:4dKs,QcKd|/6dQhAh/Qd:-100,100(-100.000000)
804:BR,Player:0r200c/cc/cr150c/cc:4s8d,6hKs|/2d4dAh/2s/Kh:-450,450(-152.367876)
805:Player,BR:0cc/cc/cc/r130f:9sTd,3dQc|/7sTcKd/7d/9d:100,-100(100.000000)
806:BR,Player:0r300c/cc/cc/r19600f:4dAc,6c7c|/9cJsKh/4c/7s:400,-400(400.000000)
807:Player,BR:0cc/cc/cr200r390f:3d8s,5c8c|/2d3s8d/3c:300,-300(300.000000)
808:BR,Player:0r130c/cc/r460c/r1380c:9dJd,4cQs|/4d6cAd/4s/8d:2070,-2070(2070.000000)
809:Player,BR:0cr200c/cc/r150c/r585r18965f:9sAs,7sQd|/8cJcAd/8h/4h:-1035,1035(-1035.000000)
810:BR,Player:0f:QcAh,3d9c|:50,-50(50.000000)
811:Player,BR:0cc/cc/r300r19600f:3hAd,8s9h|/7sTcKd/Ac:-400,400(-400.000000)
812:BR,Player:0r200c/cc/cr390c/cr897r18413f:9hAs,5h6s|/9cQdKh/Kc/Qc:1587,-1587(1587.000000)
813:Player,BR:0cc/cc/r300f:2hQh,4c8s|/5d6hTh/Jc:100,-100(100.000000)
814:BR,Player:0r130c/cr299c/r1058c/r18413f:5h6s,8cJh|/4c8hAh/Kh/Qs:1587,-1587(1587.000000)
815:Player,BR:0cc/cc/r130r460c/r345r18965f:TdQh,3cJh|/7s8hAh/Th/9h:-1035,1035(-1035.000000)
816:BR,Player:0cc/cr130c/cc/cc:2d8c,4sTh|/2sJsAd/6d/Ts:-230,230(-43.049967)
817:Player,BR:0cc/cc/cc/cr200f:2s9h,8hKc|/5sTsQc/4s/8d:-100,100(-100.000000)
818:BR,Player:0r200c/cr390c/cr1380f:4cJh,3cTc|/6s7d8d/Kd:-690,690(-690.000000)
819:Player,BR:0cc/cc/cr19900f:3cAh,2h4s|/4h4cTd/4d:-100,100(-100.000000)
820:BR,Player:0r200c/cc/r600f:2h8c,4hAh|/3c9sKs/Kd:300,-300(300.000000)
821:Player,BR:0cr200c/cc/r600r1800f:TcAs,8hQh|/2c5hJh/Ac:-900,900(-900.000000)
822:BR,Player:0r130c/cr299c/cr1058r3174f:6dKd,7h9h|/6sTdAh/Th:1587,-1587(1587.000000)
823:Player,BR:0cc/cc/cr200f:8s9c,5h8h|/4s4c6h/Qh:-100,100(-100.000000)
824:BR,Player:0r130c/cc/cr115f:2sAd,5sKc|/5h7dTh/Qh:-230,230(-230.000000)
825:Player,BR:0cc/cc/cr200f:3hKc,3s7s|/6sJhQh/7d:-100,100(-100.000000)
826:BR,Player:0r130c/cr299c/cc/cr1058r3174f:7c8d,7hTd|/3c4sAs/3s/Qs:1587,-1587(1587.000000)
827:Player,BR:0cc/cc/r200r600f:2c7c,6sTc|/4h6h8d/5d:-300,300(-300.000000)
828:BR,Player:0r200c/cr390c/cc/r1380f:JsKh,8dKs|/3c4s7c/7d/2s:690,-690(690.000000)
829:Player,BR:0cr600c/cc/cr19300f:7hKh,6dQc|/2c4sTs/5c:-700,700(-700.000000)
830:BR,Player:0r130c/cr299c/cr687f:9cKd,TdTc|/2s4s8d/Jh:-529,529(-529.000000)
831:Player,BR:0cr300c/cc/r520r1840f:4h8h,5sJd|/2hTdQh/2d:-920,920(-920.000000)
832:BR,Player:0cc/cc/r200f:2sJd,9hAc|/3hQcKd/4d:100,-100(100.000000)
833:Player,BR:0cc/cc/cr200r390r19310f:3h4s,5hQd|/3c4d9h/7c:-690,690(-690.000000)
834:BR,Player:0cc/cc/r200c/cc:4c6d,6hKd|/3c4s7h/3d/Tc:300,-300(105.341249)
835:Player,BR:0cc/cc/cc/r130r460f:2d8h,5d8d|/6cQcKd/3s/3h:-230,230(-230.000000)
836:BR,Player:0r300c/cc/r19600f:6d8s,2hAh|/6c8dQs/3s:400,-400(400.000000)
837:Player,BR:0cr600c/cc/cr1400c/cr17900f:QhQd,5h8d|/7s8cAh/2d/Ac:-2100,2100(-2100.000000)
838:BR,Player:0f:5cQd,3cTh|:50,-50(50.000000)
839:Player,BR:0cc/cc/cc/r130r19770f:3d6h,3c8h|/5dThJs/8c/Jd:-230,230(-230.000000)
840:BR,Player:0r200c/cr900c/cr240r18560f:9sTd,5cAc|/9dJcQc/Ah:1440,-1440(1440.000000)
841:Player,BR:0cr600c/cc/cr19300f:TdAh,7cTs|/7d9dQc/3h:-700,700(-700.000000)
842:BR,Player:0r130c/cr299c/cr1058f:4cAh,4hKc|/KhKdAs/Jc:-529,529(-529.000000)
843:Player,BR:0cc/cc/cr200f:8cTs,6s6d|/3c5s5h/2d:-100,100(-100.000000)
844:BR,Player:0cc/cc/r19900f:5c6h,4s9h|/2d3cAs/7c:100,-100(100.000000)
845:Player,BR:0cc/cc/cr200f:8hJd,7dKh|/2s4dQs/5h:-100,100(-100.000000)
846:BR,Player:0r130c/cc/r460f:6dAh,7sJh|/5d8s8c/Kh:230,-230(230.000000)
847:Player,BR:0cc/cc/cr200f:3d6h,AsAh|/4c8cTh/Jc:-100,100(-100.000000)
848:BR,Player:0r130c/cr299c/r19471f:6d6c,JdQs|/6s7d9c/9s:529,-529(529.000000)
849:Player,BR:0cc/cc/r200r600f:3d7h,2sJc|/6d9dKd/Tc:-300,300(-300.000000)
850:BR,Player:0r130c/cc/cc/r19770f:3sQh,4s4c|/5c7cTd/8d/Ah:230,-230(230.000000)
851:Player,BR:0cc/cc/cc/cc:9cQh,8sAd|/4hJcKh/4s/7d:-100,100(-9.565098)
852:BR,Player:0r200c/cc/r600f:2s7h,TcKh|/2d4s6s/7c:300,-300(300.000000)
853:Player,BR:0cr200c/cc/cr19700f:7s7d,3hAs|/2sJcAd/9h:-300,300(-300.000000)
854:BR,Player:0f:TdJs,2d4s|:50,-50(50.000000)
855:Player,BR:0cr300c/r800c/r600r3600c/cr14600f:JcKc,7sKh|/6c8dJh/5c/6h:-5400,5400(-5400.000000)
856:BR,Player:0r200c/cc/r600c/r19100f:TdKd,9hAd|/4sTcJd/Kh/Kc:900,-900(900.000000)
857:Player,BR:0cr130c/cc/cr460c/cr19310f:JhKh,7cTd|/5h7sAh/9s/8d:-690,690(-690.000000)
858:BR,Player:0r200c/cr390c/cc/r1380f:4cJc,5d6h|/3d5sQc/Js/7c:690,-690(690.000000)
859:Player,BR:0cc/cc/cr200c/cr600c:5h9c,5dAs|/7c9hAh/7s/Jc:-900,900(-719.129244)
860:BR,Player:0r300c/cc/cc/r800c:9cJc,5hTs|/2h3h6h/5d/7c:-1200,1200(-1200.000000)
861:Player,BR:0cr300c/cc/cr800c/cr18800f:8sJh,9cQs|/3c5sTd/8h/7h:-1200,1200(-1200.000000)
862:BR,Player:0r130c/cc/cc/cc:2hKd,6c7c|/6sQsAh/As/Th:-230,230(-35.309347)
863:Player,BR:0cr200c/r390c/r897r3174f:4c6d,5c9h|/6h8dKc/Jh:-1587,1587(-1587.000000)
864:BR,Player:0r130c/cc/r460f:TcQs,6hJs|/5dQcAs/2s:230,-230(230.000000)
865:Player,BR:0cr300c/cc/cc/r200c:9hAs,5c9d|/5hTdKd/Qh/Js:600,-600(-104.508292)
866:BR,Player:0r130c/cr299c/cr1058r3174c/cr9522f:5c6h,5h7s|/4c9sAh/6s/3s:-4761,4761(-4761.000000)
867:Player,BR:0cr300c/cc/r200r19400f:9cJd,6dAc|/3d8dJh/3h:-600,600(-600.000000)
868:BR,Player:0cc/cc/cr130r19770f:2h9d,5hTc|/2c6dTd/8s:230,-230(230.000000)
869:Player,BR:0cc/r130c/cr460f:5s7c,4cKs|/8c9dKd/2s:-230,230(-230.000000)
870:BR,Player:0cc/cr130c/cr460r1380f:3hQs,4c5h|/2c3c8h/Jc:690,-690(690.000000)
871:Player,BR:0cr200c/cc/r900f:9dTd,4d7s|/2hJdAd/Ks:300,-300(300.000000)
872:BR,Player:0r300c/cr520c/r1840c/cr5520f:5h8h,9h9d|/2h9sKc/Ad/Jd:-2760,2760(-2760.000000)
873:Player,BR:0cr130c/r299c/r105r1268f:ThQh,JdQs|/3h6c7d/Js:-634,634(-634.000000)
874:BR,Player:0r130c/cc/cr460r19310f:8cAh,6sKs|/6d9dJh/Kd:690,-690(690.000000)
875:Player,BR:0cc/cc/cc/r130r460c:JsQd,3s4s|/8dTsQs/8h/4c:690,-690(690.000000)
876:BR,Player:0r130c/cc/cr299r19471f:TdKh,AdAc|/6c8cQh/8s:529,-529(529.000000)
877:Player,BR:0cr300c/cc/r520c/r460r2760f:2dJd,5cAd|/4c7sJs/6h/7d:-1380,1380(-1380.000000)
878:BR,Player:0r130c/cr690c/cc/r1840f:2sKs,5c7d|/2d9sTd/6c/7c:920,-920(920.000000)
879:Player,BR:0cr300c/cc/cr800f:8sKs,4d8h|/2d5cTc/Th:-400,400(-400.000000)
880:BR,Player:0r130c/cc/cr299f:5hQs,8cTs|/2h8sJd/6s:-230,230(-230.000000)
881:Player,BR:0cr300c/r520c/r1840f:5c6s,5s7h|/2c8h9c/4s:920,-920(920.000000)
882:BR,Player:0cc/cc/cr300r19600f:4dTd,6d7h|/3sJdQs/2h:400,-400(400.000000)
883:Player,BR:0cc/cc/cc/r130r460f:7d8h,7cTc|/2hKcAs/Jc/6d:-230,230(-230.000000)
884:BR,Player:0f:3c7d,2d9h|:50,-50(50.000000)
885:Player,BR:0cr300c/r520c/cr1840f:QcAh,2sAc|/5h5dTc/Jd:-920,920(-920.000000)
886:BR,Player:0r300c/cc/r19600f:QsQc,5s7h|/6c7sQh/6h:400,-400(400.000000)
887:Player,BR:0cr130c/cc/r299r1058c/cc:6d8d,3sJc|/3d6hQs/4d/Ah:1587,-1587(949.667854)
888:BR,Player:0cc/cc/r200f:4c6c,2sQd|/3h8cJc/9s:100,-100(100.000000)
889:Player,BR:0cc/cc/cr200f:5cTd,3s8h|/4h5sAh/Kc:-100,100(-100.000000)
890:BR,Player:0r130c/cr690c/cc/r19080c:3dAd,2hJh|/4d7h9s/3h/Th:-20000,20000(-20000.000000)
891:Player,BR:0cr600c/cc/r910c/r322r3864r11592r2612c:7cKc,2hQc|/3d4d7s/4c/Qd:-20000,20000(-20000.000000)
892:BR,Player:0r200c/cc/cr390f:2cTh,3cQd|/3d6c7s/Qh:-300,300(-300.000000)
893:Player,BR:0cr300c/r1200c/cr3200f:7hJh,4s9c|/2s3d4h/Ah:-1600,1600(-1600.000000)
894:BR,Player:0r130c/cc/r460c/cr1380r17930f:5d6s,KcAd|/3c4c8d/Ah/8s:2070,-2070(2070.000000)
895:Player,BR:0cc/cc/cc/r130r460c:5c9d,9hKd|/4h5dTd/8s/8c:690,-690(690.000000)
896:BR,Player:0r130c/cr299c/cc/cr1058r3174f:ThJd,6c9c|/2cJsAh/8d/2d:1587,-1587(1587.000000)
897:Player,BR:0cr300c/cc/r200c/cr1200f:2hJh,6c8h|/8sJcAc/7h/Ks:-600,600(-600.000000)
898:BR,Player:0f:4s9d,2h8s|:50,-50(50.000000)
899:Player,BR:0cr200c/cc/cr600f:2d4d,JsKs|/5sJcQh/4h:-300,300(-300.000000)
900:BR,Player:0f:QsQd,2d5s|:50,-50(50.000000)
901:Player,BR:0cc/cc/cc/cr200c:4sTh,6hQd|/JdKsKd/9s/Tc:-300,300(-300.000000)
902:BR,Player:0r130c/cr460c/cr1380c/cc:6s9c,JsAh|/3c5hJh/6h/Qs:-2070,2070(1445.128578)
903:Player,BR:0cc/r130c/r115r19655f:8dQs,4sAc|/TdJdQd/4h:-345,345(-345.000000)
904:BR,Player:0f:5cQh,3sTc|:50,-50(50.000000)
905:Player,BR:0cr300c/cc/cr800f:2s2d,6sTd|/3s4sJc/Th:-400,400(-400.000000)
906:BR,Player:0r130c/cr299c/cr687r2432c/r16352c:ThKd,5c6c|/4s9cJc/4c/Kh:-20000,20000(-20000.000000)
907:Player,BR:0cr130c/cc/cr460c/cc:5cKc,8cAh|/2h3c9s/4s/Qd:-690,690(4.788047)
908:BR,Player:0r130c/cc/cc/r19770f:3d8h,4s5h|/5s9cKh/Ac/3h:230,-230(230.000000)
909:Player,BR:0cr1200c/cc/r260f:3c6c,2c8d|/6hJcAc/4d:1300,-1300(1300.000000)
910:BR,Player:0r200c/cc/cr390f:2s3h,3d5h|/4s5c7h/4c:-300,300(-300.000000)
911:Player,BR:0cc/cc/cr200c/cc:4d9h,7d9d|/5hQhKc/9c/8c:0,-0(38.891515)
912:BR,Player:0r200c/cc/r600c/r1800f:JhKs,7c9h|/2c7dJc/6s/Kc:900,-900(900.000000)
913:Player,BR:0cc/cc/r130r460f:2s5c,3h9h|/5hThTd/Kc:-230,230(-230.000000)
914:BR,Player:0r200c/cc/cc/cc:3s3c,4c5d|/5c6s8h/Ts/Qs:-300,300(-19.515560)
915:Player,BR:0cc/cc/r200r19700f:7cJc,5cTc|/4c7s9c/3s:-300,300(-300.000000)
916:BR,Player:0cc/cr130c/cr690r19080f:2hJh,8sQd|/7h9dQc/Js:920,-920(920.000000)
917:Player,BR:0cc/cc/cc/cr19900f:5dJs,6cJd|/7h9dKc/Qs/5s:-100,100(-100.000000)
918:BR,Player:0r130c/cc/cc/cr299r1058f:2d8d,2s3s|/5h9hAd/Js/Ks:529,-529(529.000000)
919:Player,BR:0cc/cc/cr200c/cr600f:2d3s,3h4h|/2hThTd/Ah/9d:-300,300(-300.000000)
920:BR,Player:0cc/cr130c/r460c/r1380c:3h5h,9cQd|/2h6cQh/2d/4s:2070,-2070(2070.000000)
921:Player,BR:0cc/cc/r200f:4c8d,2s8h|/3d6hKc/5h:100,-100(100.000000)
922:BR,Player:0r130c/cc/r19770f:5sTs,6dKs|/4sJdQh/2s:230,-230(230.000000)
923:Player,BR:0cr300c/cc/r520c/r184r2208c:ThAh,TsQc|/3c8c9d/As/7c:3312,-3312(3312.000000)
924:BR,Player:0r130c/cr690c/r19080f:6dKh,4c9c|/7sKsAs/Ac:920,-920(920.000000)
925:Player,BR:0cr600c/cc/r2100r5600f:5hKh,4dTd|/6d9hJd/Jh:-2800,2800(-2800.000000)
926:BR,Player:0r300c/cr520c/cc/cr1196r17884f:5hAs,4sKd|/3h3cKs/Td/6s:2116,-2116(2116.000000)
927:Player,BR:0cc/cc/cr200c/cr19700f:2h9s,7cJc|/7d8hTd/2s/5c:-300,300(-300.000000)
928:BR,Player:0r130c/cc/cr299r1058f:5c6s,4hQc|/ThJcQs/3s:529,-529(529.000000)
929:Player,BR:0cc/cc/r130c/cc:5d9d,5hKs|/7sKdAc/8s/4h:-230,230(-164.749486)
930:BR,Player:0r200c/cc/cr390f:4sQc,7sJh|/2d5h6c/Ad:-300,300(-300.000000)
931:Player,BR:0cr200c/cc/cr600c/cr1800c:KsKd,8hAh|/7dAdAc/5s/Tc:-2700,2700(-2644.626347)
932:BR,Player:0f:4dAd,3h7c|:50,-50(50.000000)
933:Player,BR:0cc/cc/cc/cc:6sQh,5hKh|/9sThAc/8d/6d:100,-100(46.408603)
934:BR,Player:0r200c/cr390c/cr897r18413f:3s8d,QhKd|/4dTcQc/9h:1587,-1587(1587.000000)
935:Player,BR:0cr600c/cc/r140c/r1092r18068f:4h5h,6d7s|/2d8hTh/Ac/Jd:-1932,1932(-1932.000000)
936:BR,Player:0r130c/cc/r460f:5sAs,5d5c|/6sJhAh/3s:230,-230(230.000000)
937:Player,BR:0cc/cc/cr200c/cr600f:6dTh,4hQs|/6h8dAc/Qc/Qd:-300,300(-300.000000)
938:BR,Player:0r200c/cc/r600c/r1800c:JhJc,9sAh|/2d2cQd/7s/Ad:-2700,2700(584.137938)
939:Player,BR:0cc/cc/r130c/r299r1058f:6dJc,5sKh|/JhJdKc/7d/Ks:-529,529(-529.000000)
940:BR,Player:0r300c/cc/r800f:7h9s,9dKs|/2d3hAh/7d:400,-400(400.000000)
941:Player,BR:0cc/cc/cr200c/cr600c:2cQc,2d3d|/2s3sJd/Kc/Td:-900,900(-588.258677)
942:BR,Player:0cc/cc/cc/r19900f:3dJc,4c8d|/5s6cAd/Ah/8c:100,-100(100.000000)
943:Player,BR:0cc/cc/r130r460c/r138r19172f:9hTd,4sAs|/4d6hQh/9s/Jd:-828,828(-828.000000)
944:BR,Player:0cc/cc/cc/r19900f:5h6c,4h8s|/2hJdAd/Tc/Ac:100,-100(100.000000)
945:Player,BR:0cc/cc/cc/r130r460f:8cTd,QdAc|/5sJdKs/8h/3h:-230,230(-230.000000)
946:BR,Player:0f:8dTs,2c9h|:50,-50(50.000000)
947:Player,BR:0cr300c/r520c/r1196c/r1058f:5s8h,3cQd|/8s8cKd/Ts/9s:2116,-2116(2116.000000)
948:BR,Player:0r200c/cc/r600c/r19100f:8sQs,4dAs|/5d8cJh/2d/3h:900,-900(900.000000)
949:Player,BR:0cr300c/cc/cr800f:2cQc,7cQd|/6d8hTs/5s:-400,400(-400.000000)
950:BR,Player:0f:QcAd,2dJc|:50,-50(50.000000)
951:Player,BR:0cc/cc/r130c/cc:4dKc,7sQd|/2h6d9h/Ks/Jd:230,-230(16.988035)
952:BR,Player:0r130c/cc/r460c/r19310f:2h6s,3cTc|/4d5cAs/4s/2c:690,-690(690.000000)
953:Player,BR:0cr200c/cc/cc/r150c:8dQc,5d7h|/4d7sJc/Ac/2s:-450,450(-29.823551)
954:BR,Player:0f:6sJh,2d3h|:50,-50(50.000000)
955:Player,BR:0cc/cc/r130r460f:5c7h,8s8d|/6s9dQh/Qd:-230,230(-230.000000)
956:BR,Player:0r130c/cc/r460c/r1380f:KcAc,TsJc|/TdKhAd/3s/2h:690,-690(690.000000)
957:Player,BR:0cc/cc/cc/r130r460f:2c7s,8dTd|/3c6dQh/6s/8h:-230,230(-230.000000)
958:BR,Player:0r130c/cr299c/cc/r19471f:5c7d,5hQh|/9h9dTs/7s/Ac:529,-529(529.000000)
959:Player,BR:0cr300c/cc/cr800f:3s4s,8cKc|/7h8sKh/Td:-400,400(-400.000000)
960:BR,Player:0f:QhKc,2s3h|:50,-50(50.000000)
961:Player,BR:0cc/cc/cr200f:4s8h,6s9s|/5s6d9d/As:-100,100(-100.000000)
962:BR,Player:0r200c/cc/cr150c/r900f:4c6s,7d9s|/7h8dAs/6c/3c:450,-450(450.000000)
963:Player,BR:0cc/cc/cc/cr200f:4c9d,JcQs|/3c7sAc/4h/5s:-100,100(-100.000000)
964:BR,Player:0r130c/cc/r460f:7sKd,8sKs|/3d4d9c/5d:230,-230(230.000000)
965:Player,BR:0cc/cc/cc/r130r460f:5cJh,4cQd|/JdKsAs/4h/Kc:-230,230(-230.000000)
966:BR,Player:0f:5s5d,3c6d|:50,-50(50.000000)
967:Player,BR:0cc/cc/cr200f:6cTs,8sQs|/5d8dQc/6d:-100,100(-100.000000)
968:BR,Player:0cc/cc/r200f:6s7h,4h9s|/3h3cKd/2c:100,-100(100.000000)
969:Player,BR:0cc/cc/cr200c/cc:7dTh,9cTd|/3h4dTs/8s/Js:-300,300(-129.067761)
970:BR,Player:0r130c/cc/r460f:TsQc,5s7s|/9dQhAh/8s:230,-230(230.000000)
971:Player,BR:0cr200c/cc/cc/r390r19310f:7sAd,TcAc|/4h4cQh/Jd/7c:-690,690(-690.000000)
972:BR,Player:0r130c/cc/r19770f:8dQc,7cQd|/2h8cJh/Qs:230,-230(230.000000)
973:Player,BR:0cc/cc/cr19900f:3dTs,6sQh|/6c7sQd/6h:-100,100(-100.000000)
974:BR,Player:0r130c/cc/r460c/r1380c:4c5h,5c8d|/4h7dTc/5d/5s:2070,-2070(2070.000000)
975:Player,BR:0cc/cc/r200r600c/r180f:3c5d,QdKc|/5hAsAc/3s/2c:900,-900(900.000000)
976:BR,Player:0f:3c8s,2cJs|:50,-50(50.000000)
977:Player,BR:0cr300c/cc/cr19600f:5dQd,5s8d|/6s6dJh/Js:-400,400(-400.000000)
978:BR,Player:0r130c/cc/r460f:3c7d,4c6c|/3h8hTd/9h:230,-230(230.000000)
979:Player,BR:0cc/cc/cr200f:5dQh,3c6d|/6c8dKh/Ks:-100,100(-100.000000)
980:BR,Player:0f:6s7c,3s8c|:50,-50(50.000000)
981:Player,BR:0cr300c/r520c/cr1840r3588c/cc:7d7c,8h8c|/3d7h9c/4d/Ad:6348,-6348(6348.000000)
982:BR,Player:0r130c/cc/cc/r19770f:5h8c,6d9s|/2h9hTd/Jd/8s:230,-230(230.000000)
983:Player,BR:0cc/cc/r130r460f:5s9c,JsKc|/3s3dAh/7s:-230,230(-230.000000)
984:BR,Player:0r200c/cc/cc/cc:ThAs,KsAh|/4d7sQs/8d/7h:-300,300(-68.177671)
985:Player,BR:0cr300c/cc/cc/cc:6d9h,4s8d|/5c8s9s/6s/Jc:400,-400(-145.309655)
986:BR,Player:0r130c/cr299c/r1058f:7dAc,9sTh|/5s7cQs/7s:529,-529(529.000000)
987:Player,BR:0cr600c/cc/r2100r17200f:JhAc,5cTs|/2c7d8s/Ad:-2800,2800(-2800.000000)
988:BR,Player:0r200c/cr390c/cc/r1380f:5hAh,9dTd|/7h8sQd/5s/7c:690,-690(690.000000)
989:Player,BR:0cc/cc/r200c/r390f:7sJd,8sKh|/5hJsQs/Jc/7h:300,-300(300.000000)
990:BR,Player:0cc/cr600c/r1400f:ThKd,2sJc|/4c7hAc/Ah:700,-700(700.000000)
991:Player,BR:0cc/cc/cc/cr19900f:5dJc,2s5s|/4cTdQd/Jd/3h:-100,100(-100.000000)
992:BR,Player:0r130c/cc/r460f:7sJs,QhAc|/5c7h9c/8s:230,-230(230.000000)
993:Player,BR:0cc/cc/r130f:7hJh,4s8h|/3s6hJc/As:100,-100(100.000000)
994:BR,Player:0f:2sQs,4d9h|:50,-50(50.000000)
995:Player,BR:0cr200c/cc/r150r900c/cr2700f:QhKh,9dAs|/5h6d7d/Ks/5d:-1350,1350(-1350.000000)
996:BR,Player:0r130c/cr299c/cc/cc:4hAs,QdKc|/3s3cAh/7s/Kh:529,-529(529.000000)
997:Player,BR:0cc/cc/cc/r130r19770f:2c7d,9dQh|/5cJdKh/Jc/3c:-230,230(-230.000000)
998:BR,Player:0cc/cc/r200c/cr390f:3hTd,9cAs|/7hTcQc/Js/8s:-300,300(-300.000000)
999:Player,BR:0cr130c/r299c/r1058f:7cKc,3h5s|/5cTdKd/7d:529,-529(529.000000)
1000:BR,Player:0r130c/cc/cc/r460c:4h4c,3dQh|/4s5c7h/6d/7c:690,-690(690.000000)
RAW BR STATS: n=1000, sum=358996.000000, sum_sq=5892318158.000000, vr_sum=348095.509010, vr_sum_sq=5633138800.415833
BR STATS: 358.996000(148.797954), 348.095509(145.515558)
RESULTS
1)Player: -358996
2)BR: 358996
