In config file: GAME_DEF=game_def.fullholdem
In config file: ACTIONS_R0=C
In config file: ACTIONS_R1=F,C,0.05,0.0575,0.066125,0.07604375,0.087450313,0.100567859,0.115653038,0.133000994,0.152951143,0.175893815,0.202277887,0.23261957,0.267512505,0.307639381,0.353785288,0.406853081,0.467881044,0.5380632,0.61877268,0.711588582,0.81832687,0.9410759,1.082237285,1.244572878,1.43125881,1.645947631,1.892839776,2.176765742,2.503280603,2.878772694,3.310588598,3.807176888,4.378253421,5.034991434,5.790240149,6.658776171,7.657592597,8.806231486,10.12716621,11.64624114,13.39317731,15.40215391,17.71247699,20.36934854,23.42475083,26.93846345,30.97923297,35.62611791,40.9700356,47.11554094,54.18287208,62.31030289,71.65684832,82.40537557,94.76618191,A
In config file: ACTIONS_R2=F,C
In config file: ACTIONS_R3=F,C
Loading player: rgbr_nl_cprg.so
Player args: /home/viliam/cprg/project_uoapoker/trunk/src/c/meta_player.so /home/viliam/cprg/project_uoapoker/trunk/src/c/acpc14.map
Using seed 25.
1:BR,Player:0cc/r19900f:QhKd,2sKh|/JsQsQd:100,-100(100.000000)
2:Player,BR:0cc/cr876f:2sJh,9sJc|/3d6d8h:-100,100(-100.000000)
3:BR,Player:0r130c/r1001f:7c9c,JcAs|/3c4sTh:230,-230(230.000000)
4:Player,BR:0cc/cr876f:2dTs,4h5h|/2cJcAs:-100,100(-100.000000)
5:BR,Player:0r130c/r2014f:2c9s,5d6c|/3sQdAs:230,-230(230.000000)
6:Player,BR:0cr200c/cr1306f:TcAd,3h4s|/6s6c8c:-300,300(-300.000000)
7:BR,Player:0r130c/r2014f:4hJc,8hTc|/9s9dKs:230,-230(230.000000)
8:Player,BR:0cc/cr876f:4sQd,3dJh|/2c8sAh:-100,100(-100.000000)
9:BR,Player:0r130c/r2014f:5sQh,JhKc|/4c8s9s:230,-230(230.000000)
10:Player,BR:0cr200c/cr2284f:7c8c,KhAd|/9cJdKd:-300,300(-300.000000)
11:BR,Player:0r130c/cr299r299f:JhQd,7cTd|/2c8dKh:529,-529(529.000000)
12:Player,BR:0cr200c/r600r1281c/cc/r5919c:KhAs,7cQd|/6dJcAd/3d/2d:-8100,8100(-2693.568877)
13:BR,Player:0r200c/r371c/cr229c/cc:5dQc,9cAh|/4s4cQh/Qs/5c:900,-900(900.000000)
14:Player,BR:0cc/cr435f:6d8s,3c9d|/5dTcQh:-100,100(-100.000000)
15:BR,Player:0r200c/r1306f:3c5s,9cKh|/8s9dQd:300,-300(300.000000)
16:Player,BR:0cc/cr379f:6cJd,2dQc|/5dTcQd:-100,100(-100.000000)
17:BR,Player:0r130c/cr299r4632f:4sTh,TcKh|/3dQsKc:529,-529(529.000000)
18:Player,BR:0cr130c/r299r1317c/cc/r3020c:7h8s,8cJs|/6d9cJh/2c/Qc:-4866,4866(-3736.762384)
19:BR,Player:0r130c/r2014c/cc/cc:4dQs,4hJh|/4s7sAh/Js/3c:-2244,2244(-1988.866318)
20:Player,BR:0cr1200c/cr1609f:JcKd,8s8d|/4h7d9h:-1300,1300(-1300.000000)
21:BR,Player:0f:8sTc,3d7h|:50,-50(50.000000)
22:Player,BR:0cc/cr435f:6cTh,5hTs|/TdKcAd:-100,100(-100.000000)
23:BR,Player:0f:9hJc,3hTs|:50,-50(50.000000)
24:Player,BR:0cr300c/cr1741f:2hJh,QsAh|/TsTcJs:-400,400(-400.000000)
25:BR,Player:0cc/r876f:6hAd,4dTd|/3s9cKh:100,-100(100.000000)
26:Player,BR:0cr200c/cr2627f:8dQc,2c7h|/TsTcJc:-300,300(-300.000000)
27:BR,Player:0r130c/r163c/cr297c/cr897f:6s6d,2hKh|/3s7cKd/Kc/5c:-690,690(-690.000000)
28:Player,BR:0cr130c/r299r2303f:TsKd,6d9d|/4c7cTd:-529,529(-529.000000)
29:BR,Player:0cc/r3080f:4c6s,4h9s|/2d7s7h:100,-100(100.000000)
30:Player,BR:0cc/cr124c/cc/cc:2sQd,5d7c|/3s3d7s/Ac/Kh:-224,224(1.124860)
31:BR,Player:0r130c/r285f:2dTc,2hKh|/TdQsQd:230,-230(230.000000)
32:Player,BR:0cc/cr876c/cc/cc:4d5c,4sAc|/2d5hKd/9h/2s:976,-976(609.510965)
33:BR,Player:0r130c/r1001f:8c9d,TcQs|/6h7h8h:230,-230(230.000000)
34:Player,BR:0cc/cr876f:2h8d,5h7h|/2dQhAc:-100,100(-100.000000)
35:BR,Player:0r200c/r1306c/cc/cr13094c:JhQs,7dAc|/6c7cKh/Tc/Ad:14700,-14700(8886.628449)
36:Player,BR:0cc/cr19900f:6sTd,7c8h|/5h6d9c:-100,100(-100.000000)
37:BR,Player:0r130c/r2014c/cc/cr6726f:6cKd,7hAc|/4c9cAd/Ah/3d:-2244,2244(-2244.000000)
38:Player,BR:0cc/cr876f:2s9d,6hJc|/4d6sTh:-100,100(-100.000000)
39:BR,Player:0cc/r876c/cr974f:5h9h,2h2d|/2c3d4c/7s:-976,976(-976.000000)
40:Player,BR:0cc/cr876c/r584c/r2028c:TdAc,3cJh|/3d5hTs/Th/8s:3588,-3588(-1180.942692)
41:BR,Player:0f:6cQh,3c8h|:50,-50(50.000000)
42:Player,BR:0cc/cr216f:2c9c,7sQh|/7hKhKd:-100,100(-100.000000)
43:BR,Player:0r200c/r1306f:3sKh,4sJd|/2d7s9c:300,-300(300.000000)
44:Player,BR:0cr300c/r800c/r600f:7cQh,3c6h|/5d6c8c/Qs:1200,-1200(1200.000000)
45:BR,Player:0r130c/r1001f:6h6c,9hKc|/3s8sAs:230,-230(230.000000)
46:Player,BR:0cc/cr1761f:8dTh,2sJs|/TcJhKd:-100,100(-100.000000)
47:BR,Player:0r130c/r2014c/cr4633c/cc:4sKd,7sTc|/2d3dTh/4c/Jc:-6877,6877(-2067.254049)
48:Player,BR:0cr200c/cr1136c/cc/r1324c:5hQh,JsJc|/8hJhKh/Ks/Th:-2760,2760(-2534.579145)
49:BR,Player:0r130c/r2014c/cr1344c/cr7176f:JhAc,3sJs|/8hQsKs/Ad/3c:-3588,3588(-3588.000000)
50:Player,BR:0cr300c/cr3503f:9cKc,5dJs|/4s6d7d:-400,400(-400.000000)
51:BR,Player:0f:6cQc,3hTs|:50,-50(50.000000)
52:Player,BR:0cr300c/cr1741c/r1219c/r16640c:4s5h,7hTs|/3c6d8h/Kh/9d:-20000,20000(-20000.000000)
53:BR,Player:0r130c/r573f:8sQc,QsAs|/7d9sJc:230,-230(230.000000)
54:Player,BR:0cc/cr876f:4sJs,8hQh|/6cTsKd:-100,100(-100.000000)
55:BR,Player:0cc/r435f:4hQs,7hJs|/3h6dTc:100,-100(100.000000)
56:Player,BR:0cc/cr876f:5h9d,4dTs|/3hJsKs:-100,100(-100.000000)
57:BR,Player:0r130c/r285f:3h6d,7hJd|/3sKdKc:230,-230(230.000000)
58:Player,BR:0cc/cr435c/cc/cc:6cAs,4c9s|/6hThJs/Qd/4h:535,-535(534.460219)
59:BR,Player:0r130c/r871f:2sAc,4d6d|/5d9cAs:230,-230(230.000000)
60:Player,BR:0cr200c/cr1306c/r914c/r504c:3h5c,8cKd|/7cJcAc/Kc/7h:-3024,3024(172.211105)
61:BR,Player:0cc/r142r958f:2c8h,9s9c|/6c9hTd:-242,242(-242.000000)
62:Player,BR:0cc/cr216f:4dJs,6h7h|/3c6cKh:-100,100(-100.000000)
63:BR,Player:0cc/r216c/cc/cc:ThAs,6cQh|/6dTsKd/3c/Jh:316,-316(286.274468)
64:Player,BR:0cr300c/r800f:4d5d,8hTs|/2sQdKs:400,-400(400.000000)
65:BR,Player:0r130c/r2014f:5d8s,8cQs|/4d6cJd:230,-230(230.000000)
66:Player,BR:0cr200c/cr1306f:7sAs,ThAd|/9cTsJd:-300,300(-300.000000)
67:BR,Player:0r200c/r1306f:9cKh,6cAs|/5s7sTd:300,-300(300.000000)
68:Player,BR:0cr200c/cr19700f:3d3c,7h7d|/2h7cJd:-300,300(-300.000000)
69:BR,Player:0r200c/r2284c/cc/cr566c:8s9h,8hTc|/8c9cAs/4c/Kc:-3150,3150(-2168.617229)
70:Player,BR:0cr300c/cr3503f:4d6s,7cKs|/3s6dQd:-400,400(-400.000000)
71:BR,Player:0r130c/r1751f:3dTd,5hAh|/3cTsQd:230,-230(230.000000)
72:Player,BR:0cc/cr3080f:3d8h,3c5s|/4cJhKs:-100,100(-100.000000)
73:BR,Player:0cc/r379f:6cAd,2sKd|/3c5sAc:100,-100(100.000000)
74:Player,BR:0cr300c/cr283c/cc/cc:TsAc,6h6c|/3d4sQs/4d/8d:-683,683(-98.328757)
75:BR,Player:0cc/r876f:JcQd,3d5s|/2d9sAd:100,-100(100.000000)
76:Player,BR:0cc/cr876f:5h8c,3dTh|/4c9sKd:-100,100(-100.000000)
77:BR,Player:0r130c/r2014c/cc/cr2241f:2h6s,9dQs|/9cTcJs/6c/9s:-2244,2244(-2244.000000)
78:Player,BR:0cc/cr876f:4s7c,3dQh|/2s7h8d:-100,100(-100.000000)
79:BR,Player:0r130c/r1001c/cr5209c/cc:5cAh,5d9d|/4d8dQs/2s/4h:6440,-6440(3919.938066)
80:Player,BR:0cr200c/cr2627c/cc/r1753f:ThQh,6hAs|/7sJdKh/6d/9c:2927,-2927(2927.000000)
81:BR,Player:0f:7s8s,2cTh|:50,-50(50.000000)
82:Player,BR:0cr300c/cr569f:7d8h,3s3h|/4hThJh:-400,400(-400.000000)
83:BR,Player:0r200c/r2627f:2c4s,JsJd|/7c8d9d:300,-300(300.000000)
84:Player,BR:0cr130c/r460r982f:2hAh,4cQh|/2d6d8d:-690,690(-690.000000)
85:BR,Player:0r130c/r1001f:7hTs,3dJh|/4c5s5d:230,-230(230.000000)
86:Player,BR:0cc/cr435c/r305f:8c9h,3d7s|/6hTsQc/6c:535,-535(535.000000)
87:BR,Player:0f:9sAc,2c7h|:50,-50(50.000000)
88:Player,BR:0cr130c/cr498c/r100c/cc:4c8c,ThTc|/4d9sKh/9d/7d:-828,828(-493.980848)
89:BR,Player:0r130c/r1001c/cc/cc:5cQh,7c8h|/7s8sAd/9d/9s:-1231,1231(-1231.000000)
90:Player,BR:0cc/cr876f:5sTs,2s3s|/7d8hAc:-100,100(-100.000000)
91:BR,Player:0cc/r379f:7sKs,3hQh|/4dThKc:100,-100(100.000000)
92:Player,BR:0cr200c/cr2627f:7dTd,9d9c|/8sThJh:-300,300(-300.000000)
93:BR,Player:0r130c/r1001f:5dJs,2cTc|/6d8h9s:230,-230(230.000000)
94:Player,BR:0cr300c/cr1514f:4d5d,JhJd|/3s8cTs:-400,400(-400.000000)
95:BR,Player:0r130c/r1001f:2hTd,6hAc|/7hJsQs:230,-230(230.000000)
96:Player,BR:0cr200c/cr1136c/cc/cc:TcAd,5sAh|/2dKdAs/5h/3h:-1436,1436(-1270.077134)
97:BR,Player:0r130c/r2014f:2c3h,5sAh|/6s8cQd:230,-230(230.000000)
98:Player,BR:0cc/cr876f:3dTc,5d9h|/3s4s6c:-100,100(-100.000000)
99:BR,Player:0r130c/r1001f:3s9s,4sQh|/6h8hJd:230,-230(230.000000)
100:Player,BR:0cc/cr876f:6sJh,4c7s|/2h6dTd:-100,100(-100.000000)
101:BR,Player:0f:5d6h,2hTd|:50,-50(50.000000)
102:Player,BR:0cc/cr19900f:4sJc,7s7d|/4d7hQh:-100,100(-100.000000)
103:BR,Player:0r130c/r2014f:6cTh,8sTs|/2s3dQc:230,-230(230.000000)
104:Player,BR:0cr300c/cr3503f:6hKh,2c4c|/7c8hAs:-400,400(-400.000000)
105:BR,Player:0cc/r2679f:5dAh,5sTc|/6hQhAs:100,-100(100.000000)
106:Player,BR:0cc/cr3080f:3dJd,6cTd|/7cKsAh:-100,100(-100.000000)
107:BR,Player:0f:8h9s,2s3h|:50,-50(50.000000)
108:Player,BR:0cc/cr3080f:3hKc,8s9h|/5s7dKd:-100,100(-100.000000)
109:BR,Player:0r130c/r1001f:2c6c,5d6h|/3hQhKh:230,-230(230.000000)
110:Player,BR:0cr300c/r520r1309f:5sQs,6hJs|/3dTsKh:-920,920(-920.000000)
111:BR,Player:0r130c/r1001r2472f:3h5c,9sAd|/8d9d9c:-1231,1231(-1231.000000)
112:Player,BR:0cc/cr876f:7sJd,9dTd|/2h4s8h:-100,100(-100.000000)
113:BR,Player:0cc/cr130r1001f:4cQc,3s6h|/2c8hKh:230,-230(230.000000)
114:Player,BR:0cc/cr876f:4sAh,6cKh|/2s4c9s:-100,100(-100.000000)
115:BR,Player:0r130c/r2014f:2h8c,8h9c|/2cQsAh:230,-230(230.000000)
116:Player,BR:0cc/cr1761f:6sQh,6cKs|/4c8cAd:-100,100(-100.000000)
117:BR,Player:0r130c/r285c/cc/cc:JdAh,JsKd|/2d2c5d/9h/4h:515,-515(173.121512)
118:Player,BR:0cr300c/cr3503f:JsAh,6s8h|/3d7hKc:-400,400(-400.000000)
119:BR,Player:0cc/r124c/cc/cc:7cJc,9hAc|/2s2dJs/5c/3s:224,-224(224.000000)
120:Player,BR:0cc/cr3080f:2c8c,6d8s|/4hTcKc:-100,100(-100.000000)
121:BR,Player:0r130c/r1001f:3s6c,3cAc|/2s8dTd:230,-230(230.000000)
122:Player,BR:0cc/cr19900f:5h8c,7hQd|/3h7sQs:-100,100(-100.000000)
123:BR,Player:0cc/r876f:2s5d,3hJd|/8s9sTh:100,-100(100.000000)
124:Player,BR:0cr130c/cr4051c/cc/r3654f:2c5c,7sJd|/5h9cKc/8d/8s:4281,-4281(4281.000000)
125:BR,Player:0r200c/r1306f:2c4d,4hJc|/4c9dQc:300,-300(300.000000)
126:Player,BR:0cr300c/cr3503f:9hAh,8cJh|/2d9sKh:-400,400(-400.000000)
127:BR,Player:0f:6h7s,2s9h|:50,-50(50.000000)
128:Player,BR:0cc/cr435f:3sJc,5s6h|/4s7cQc:-100,100(-100.000000)
129:BR,Player:0r130c/r142c/cc/cr421c:6s8d,2s3s|/6dJsQh/As/4s:-793,793(-335.017496)
130:Player,BR:0cc/cr876f:3cKc,7sJs|/2d8h9d:-100,100(-100.000000)
131:BR,Player:0r130c/r1001f:6dJc,6s6c|/4d7d8d:230,-230(230.000000)
132:Player,BR:0cc/cr19900f:2h5s,9cQh|/6s9dQd:-100,100(-100.000000)
133:BR,Player:0cc/r1761f:JsQd,4s6d|/8hTsAs:100,-100(100.000000)
134:Player,BR:0cc/cr876f:5sQs,7s8s|/JdQhAs:-100,100(-100.000000)
135:BR,Player:0f:7hKd,2c9d|:50,-50(50.000000)
136:Player,BR:0cc/cr435f:8c9d,3hQs|/4h5sJc:-100,100(-100.000000)
137:BR,Player:0r130c/r163c/cr297c/cr4140c:TcAs,7c8s|/4s6hJc/6s/9s:4830,-4830(3180.811751)
138:Player,BR:0cc/cr19900f:6c8s,8dAs|/TdKsAd:-100,100(-100.000000)
139:BR,Player:0r200c/r747f:9cJs,9sKh|/5s5cKc:300,-300(300.000000)
140:Player,BR:0cc/cr1761f:QsKh,8hJh|/4s9hAs:-100,100(-100.000000)
141:BR,Player:0r130c/r163f:5s8c,2sKs|/3h9cQh:230,-230(230.000000)
142:Player,BR:0cc/cr216c/cc/cc:7c9s,4h7s|/2s7hAh/Kc/Qs:0,-0(-6.792230)
143:BR,Player:0f:3hJs,2h3s|:50,-50(50.000000)
144:Player,BR:0cc/cr876f:4s6h,8dAd|/8hThKc:-100,100(-100.000000)
145:BR,Player:0f:KhAs,2dTh|:50,-50(50.000000)
146:Player,BR:0cc/cr216c/cc/cc:3d6h,8dAd|/3h8sKs/Kc/7s:-316,316(-248.473660)
147:BR,Player:0r130c/r1001c/cr2472f:6cQh,7c8c|/JdJcAc/Ks:-1231,1231(-1231.000000)
148:Player,BR:0cc/cr876f:4s7c,3d6c|/TsQcKc:-100,100(-100.000000)
149:BR,Player:0r130c/r285f:8hAc,4cJs|/2dKsKc:230,-230(230.000000)
150:Player,BR:0cc/cr876f:5dJc,3dTd|/2c4d9h:-100,100(-100.000000)
151:BR,Player:0r130c/r327f:3cTs,TdJd|/2s7hQd:230,-230(230.000000)
152:Player,BR:0cc/cr124c/cc/r376c:8sKd,JdAh|/5sJsQh/Ks/Kc:600,-600(-88.331289)
153:BR,Player:0r130c/r2014f:8dJd,4h6d|/2d2cAc:230,-230(230.000000)
154:Player,BR:0cc/cr379c/cc/r121c:7dQh,2sKc|/2h2c7h/6d/Ah:-600,600(-565.513976)
155:BR,Player:0f:7h8d,2c7s|:50,-50(50.000000)
156:Player,BR:0cc/cr435f:2hQc,5sTh|/3h4dAh:-100,100(-100.000000)
157:BR,Player:0r130c/r3522f:6hKh,7sKd|/6s8hAh:230,-230(230.000000)
158:Player,BR:0cr600c/cr3047r7523f:3c6c,3d6h|/2c7cKd:3747,-3747(3747.000000)
159:BR,Player:0f:QhKc,2c7d|:50,-50(50.000000)
160:Player,BR:0cc/cr3080f:4hTs,ThAc|/2s5dKh:-100,100(-100.000000)
161:BR,Player:0r130c/r2014f:5d8h,6sQs|/5c7hKh:230,-230(230.000000)
162:Player,BR:0cc/cr1761f:8cQs,2d9d|/5cJsAd:-100,100(-100.000000)
163:BR,Player:0r300c/r162f:TcQc,6hJc|/8s8hKd:400,-400(400.000000)
164:Player,BR:0cc/cr876f:6h9d,8dAs|/3s5hTh:-100,100(-100.000000)
165:BR,Player:0cc/r3080f:4h8h,5dTh|/9sJhAc:100,-100(100.000000)
166:Player,BR:0cr300c/cr1741c/r6259f:5c9c,3c6c|/TcQcAs/4c:2141,-2141(2141.000000)
167:BR,Player:0r130c/r2014f:5h9d,6h8h|/4hQdAc:230,-230(230.000000)
168:Player,BR:0cc/cr379f:8d9h,6dAs|/2d6cKh:-100,100(-100.000000)
169:BR,Player:0f:2h3c,2c6s|:50,-50(50.000000)
170:Player,BR:0cr300c/cr1741c/cc/r4299f:JhKc,9cAs|/5dTsQd/Th/9d:2141,-2141(2141.000000)
171:BR,Player:0r200c/r2627f:3s3h,3d5d|/2h2cKc:300,-300(300.000000)
172:Player,BR:0cr300c/cr1741f:3dTd,5c8d|/9h9cQs:-400,400(-400.000000)
173:BR,Player:0r130c/r1751f:6cQs,8d9c|/6dQdAh:230,-230(230.000000)
174:Player,BR:0cr300c/cr3503f:8hTh,3dJd|/2dTcQs:-400,400(-400.000000)
175:BR,Player:0r130c/r163c/cr297c/cc:5cAc,4c6h|/6d8s8c/7h/Qs:-690,690(-690.000000)
176:Player,BR:0cc/cr435f:4dJh,6sJc|/5s7cKs:-100,100(-100.000000)
177:BR,Player:0f:8dAd,3d8c|:50,-50(50.000000)
178:Player,BR:0cc/cr1761f:3h8s,5c6h|/3s9dQc:-100,100(-100.000000)
179:BR,Player:0r130c/r2014f:2dAc,3c7c|/2h4cKh:230,-230(230.000000)
180:Player,BR:0cc/cr876f:3hQs,6sJh|/6d8sKh:-100,100(-100.000000)
181:BR,Player:0cc/cr130c/cr690c/cr2760f:4sJh,4c8h|/6dQhAc/7d/5d:-920,920(-920.000000)
182:Player,BR:0cr300c/cr1514f:JdKc,2hAd|/5h8cAs:-400,400(-400.000000)
183:BR,Player:0r200c/r1306f:4dAc,6hAh|/9dQdQc:300,-300(300.000000)
184:Player,BR:0cr300c/cr495c/cc/r1505f:TdAc,4hKh|/KsAhAd/7c/2c:895,-895(895.000000)
185:BR,Player:0cc/r435f:8s9c,5h7d|/3dTsKh:100,-100(100.000000)
186:Player,BR:0cr200c/cr371c/cc/r1129c:8sQs,9cQd|/8c9hKh/Ks/Kc:-1800,1800(0.171995)
187:BR,Player:0f:JsJd,3d9h|:50,-50(50.000000)
188:Player,BR:0cr300c/cr1514c/r100c/r290c:KsKd,3h6h|/3c5h6s/9h/5d:2304,-2304(-85.195199)
189:BR,Player:0r130c/r2014c/cc/cc:9cKd,4d7d|/4hJdAh/7s/6d:-2244,2244(-2180.247508)
190:Player,BR:0cc/cr379c/cc/r441f:5dJc,9dJh|/3s3dJd/Kc/5h:479,-479(479.000000)
191:BR,Player:0cc/r124f:8cAc,6sJh|/4c8dTh:100,-100(100.000000)
192:Player,BR:0cc/cr3080f:3sJd,9cQh|/2c8dTd:-100,100(-100.000000)
193:BR,Player:0r130c/r1001f:3dJd,4sAd|/2s7c9d:230,-230(230.000000)
194:Player,BR:0cr200c/cr2627f:6c7c,8hAd|/2cJcKd:-300,300(-300.000000)
195:BR,Player:0r130c/r871c/cr279c/cr1794f:2dAs,QcAh|/6s7hAc/Kd/8d:-1380,1380(-1380.000000)
196:Player,BR:0cr300c/cr1741f:ThQh,7hQc|/2c3s5h:-400,400(-400.000000)
197:BR,Player:0cc/r3080f:9sKh,6cQs|/4h4dJs:100,-100(100.000000)
198:Player,BR:0cc/cr435f:4hKs,8cJh|/3d9sAc:-100,100(-100.000000)
199:BR,Player:0r130c/r12392f:7dJh,8s9h|/7s7cAh:230,-230(230.000000)
200:Player,BR:0cc/cr435f:2s4h,7dTc|/3d9dJh:-100,100(-100.000000)
201:BR,Player:0r130c/r285c/cr865c/cc:9sAc,5sJc|/3h9dJs/4c/Td:-1380,1380(-696.665096)
202:Player,BR:0cr300c/cr3503c/cc/r8057f:9sJc,2d5s|/3d8c9h/Kh/Jd:3903,-3903(3903.000000)
203:BR,Player:0r200c/r2627f:QdAh,5hKd|/2s8h9s:300,-300(300.000000)
204:Player,BR:0cc/cr876c/cc/r974c:3c5s,5h8c|/3s5dTs/9d/3h:1950,-1950(376.875914)
205:BR,Player:0r130c/r2014f:7cTd,4cJc|/5hJdKh:230,-230(230.000000)
206:Player,BR:0cc/cr435c/cc/r305c:2dAd,JcKh|/5s6d9d/3h/Jd:840,-840(-629.076544)
207:BR,Player:0r200c/r1306f:QcKd,5s8h|/2s3c6h:300,-300(300.000000)
208:Player,BR:0cr600c/cr3047r16253f:KcAd,9hTs|/2c5cKd:3747,-3747(3747.000000)
209:BR,Player:0r130c/r2014f:2h5d,9sQd|/2c9cAd:230,-230(230.000000)
210:Player,BR:0cr130c/cr498c/cc/cc:7hKd,JsJc|/5cAsAh/4c/7s:-728,728(-511.757692)
211:BR,Player:0r300c/r866f:4dAc,5cQh|/6hKcAh:400,-400(400.000000)
212:Player,BR:0cr200c/cr1306f:2sTs,6d8c|/2d4dAd:-300,300(-300.000000)
213:BR,Player:0r130c/r123c/cc/cr440f:6s6c,4dKc|/2sJcQh/9d/Ts:-353,353(-353.000000)
214:Player,BR:0cc/cr379c/cc/cc:5cTc,QdQc|/2h5hJc/3h/As:-479,479(-255.916556)
215:BR,Player:0r130c/r285c/cc/cr543c:JsQh,7dAc|/2cJcAd/As/3c:-1058,1058(394.289760)
216:Player,BR:0cc/cr379c/cc/r121c:2c4d,7s7h|/3c6cAh/7c/8h:-600,600(-338.058728)
217:BR,Player:0r130c/r1001f:4c8s,2cQc|/TdQsKc:230,-230(230.000000)
218:Player,BR:0cr300c/cr3503f:4hAh,3cQs|/3dJhKd:-400,400(-400.000000)
219:BR,Player:0f:2c3d,2s5c|:50,-50(50.000000)
220:Player,BR:0cr200c/r390r3004f:JcKc,6sJd|/2c5h6c:-690,690(-690.000000)
221:BR,Player:0r130c/r142r421r421c/cc/cr2433f:7h7c,6cAh|/6d9cAs/5d/2c:-1214,1214(-1214.000000)
222:Player,BR:0cr600c/cr2650c/cc/cc:6h6d,6sKc|/3d3cKh/9s/5d:-3350,3350(-1201.818054)
223:BR,Player:0cc/r435f:2hKh,3hJs|/2c4sAs:100,-100(100.000000)
224:Player,BR:0cc/cr435f:6d8c,2s3s|/8d9sTc:-100,100(-100.000000)
225:BR,Player:0f:6sAs,2s5h|:50,-50(50.000000)
226:Player,BR:0cc/cr435c/cc/r305f:7sTd,3sKc|/2d8d9s/4d/6h:535,-535(535.000000)
227:BR,Player:0f:9sJs,2d6h|:50,-50(50.000000)
228:Player,BR:0cr200c/r390r3004f:7cAs,2cAh|/2s3d8s:-690,690(-690.000000)
229:BR,Player:0r200c/r1306f:6cQc,6d7h|/5s7sAc:300,-300(300.000000)
230:Player,BR:0cc/cr379c/cc/cc:JcQs,5h6h|/5s7d7c/Ks/Kd:479,-479(479.000000)
231:BR,Player:0r130c/r2014f:5hQd,5s9c|/4h8hAd:230,-230(230.000000)
232:Player,BR:0cc/cr379f:7dAs,8cQd|/2c3hQh:-100,100(-100.000000)
233:BR,Player:0r200c/r1306f:2cTs,9sAs|/5d6d8d:300,-300(300.000000)
234:Player,BR:0cc/cr435f:9cQh,5dQc|/2c3c4d:-100,100(-100.000000)
235:BR,Player:0r130c/r2014f:2d9d,QhAc|/4dTdKc:230,-230(230.000000)
236:Player,BR:0cc/cr3080f:3hKs,8sJh|/2sTsAd:-100,100(-100.000000)
237:BR,Player:0r130c/r871r1659r3928r13312f:3c7s,9s9h|/2d5h7h:-6688,6688(-6688.000000)
238:Player,BR:0cr600c/cr3047c/r2133f:3cAc,8cTc|/5d7sAh/Ks:3747,-3747(3747.000000)
239:BR,Player:0r130c/cr299r9317f:7hQd,3dAs|/2d3sTs:529,-529(529.000000)
240:Player,BR:0cr300c/cr19600f:6h6d,JhKh|/2h3hJs:-400,400(-400.000000)
241:BR,Player:0r130c/r327f:2sQc,3s5h|/9sAsAc:230,-230(230.000000)
242:Player,BR:0cc/cr124c/cc/cc:6hAd,2dAh|/2s3cKd/Qh/Ks:-224,224(-141.974774)
243:BR,Player:0r130c/r2014f:4h6s,5dAh|/5s6dTd:230,-230(230.000000)
244:Player,BR:0cc/cr435f:4s9s,JsQh|/2h4h7c:-100,100(-100.000000)
245:BR,Player:0r200c/cc/cc/cr390c:4sJh,9hKd|/3d8dKh/4d/7h:-690,690(-147.669328)
246:Player,BR:0cc/cr379f:4s5d,2cAd|/7h9sAs:-100,100(-100.000000)
247:BR,Player:0r130c/r163c/cc/cc:2hQs,3hJs|/2d3s6c/Ad/4h:-393,393(-212.744857)
248:Player,BR:0cc/cr876f:2sJc,TcJd|/4d5cAc:-100,100(-100.000000)
249:BR,Player:0cc/r876f:ThJc,8hTd|/3h4h5d:100,-100(100.000000)
250:Player,BR:0cc/r130r1001f:7sTc,2dQh|/9h9dAc:-230,230(-230.000000)
251:BR,Player:0r130c/r2014f:2dQs,4h4c|/2h6hAs:230,-230(230.000000)
252:Player,BR:0cc/cr216c/r134c/cc:9cJs,8hQd|/2sQsAd/7s/2d:-450,450(-209.696609)
253:BR,Player:0cc/r124r236r2003f:8sJs,5d8d|/2dJcKd:460,-460(460.000000)
254:Player,BR:0cc/cr1761f:4cTs,2cAc|/5cTdKd:-100,100(-100.000000)
255:BR,Player:0r200c/r649c/cc/cr1121f:2dAs,7s9d|/7dKdAd/Th/9h:-949,949(-949.000000)
256:Player,BR:0cc/cr1532c/r318c/cc:8s9h,JcKc|/4h8hKd/5c/6s:-1950,1950(-407.156150)
257:BR,Player:0r200c/r2627f:2d9s,8hTh|/5sJdAd:300,-300(300.000000)
258:Player,BR:0cc/cr142f:2c6s,ThKc|/4h8h8c:-100,100(-100.000000)
259:BR,Player:0r200c/cc/cc/cc:7dKd,9sAc|/2d3h8h/Jh/Jc:-300,300(-225.405806)
260:Player,BR:0cr300c/r800r800c/cc/r1600f:JdJc,6hJs|/2d9sTs/3s/5d:2000,-2000(2000.000000)
261:BR,Player:0r200c/r1306c/cr914f:4sKc,3s5d|/3c5hJd/As:-1606,1606(-1606.000000)
262:Player,BR:0cc/cr876f:4cKd,3dAs|/3s6hQd:-100,100(-100.000000)
263:BR,Player:0r130c/r285f:4c7c,5dQs|/2d7d8c:230,-230(230.000000)
264:Player,BR:0cc/cr1761f:5cKh,JcAc|/7h8sQs:-100,100(-100.000000)
265:BR,Player:0r130c/r1001c/cc/cr3599c:5dKs,7dJd|/6d8hJh/3h/4c:-4830,4830(-643.433140)
266:Player,BR:0cr300c/cr1741r17459f:5dAd,2sQc|/2d4h5c:2141,-2141(2141.000000)
267:BR,Player:0r130c/r1751f:2dAd,6h8s|/3dJdAh:230,-230(230.000000)
268:Player,BR:0cc/cr876f:7s9h,2s5s|/5d7c8d:-100,100(-100.000000)
269:BR,Player:0r130c/r1001f:4cTs,9hQh|/7s7h7c:230,-230(230.000000)
270:Player,BR:0cc/cr435f:4dKs,4c5c|/8h9dTs:-100,100(-100.000000)
271:BR,Player:0r130c/r1001f:9hJh,5sKh|/6dKdAc:230,-230(230.000000)
272:Player,BR:0cc/cr876f:2s4h,3c6s|/2h5cQh:-100,100(-100.000000)
273:BR,Player:0r130c/r2014r17756f:8c9d,JcQc|/3hJsQh:-2244,2244(-2244.000000)
274:Player,BR:0cc/cr876c/r584f:8hKs,6cQh|/2c8dKh/Js:976,-976(976.000000)
275:BR,Player:0r130c/r871c/cr279c/cr1794f:TdJh,6s8c|/5h9hJs/3h/9s:-1380,1380(-1380.000000)
276:Player,BR:0cc/cr1761f:3c7s,3h8d|/6s7cTh:-100,100(-100.000000)
277:BR,Player:0r130c/cc/cc/cc:4cAd,7h9c|/7cJhQs/Th/Qd:-230,230(-88.361385)
278:Player,BR:0cc/cr876f:7h8d,8cTh|/4c9cAc:-100,100(-100.000000)
279:BR,Player:0r130c/r1001f:JcKd,4dJs|/4s6h8c:230,-230(230.000000)
280:Player,BR:0cc/cr876f:6c7s,2s8h|/6s6hQs:-100,100(-100.000000)
281:BR,Player:0r300c/r1741f:8hAs,JdAc|/2c3d4d:400,-400(400.000000)
282:Player,BR:0cc/cr435f:4cQh,5hJs|/4s9sTh:-100,100(-100.000000)
283:BR,Player:0r200c/r1136c/cr100c/cr2784c:5h6h,3d5s|/3s4d5d/8c/Qh:-4320,4320(-667.531106)
284:Player,BR:0cc/cr876f:3c5d,3hQh|/4sThKs:-100,100(-100.000000)
285:BR,Player:0r130c/r2014f:3d8h,7sKc|/9d9cAc:230,-230(230.000000)
286:Player,BR:0cr200c/cr1306f:5sKh,6hJc|/7dTsAd:-300,300(-300.000000)
287:BR,Player:0r130c/r1001f:9hTh,JhKd|/2c6s8s:230,-230(230.000000)
288:Player,BR:0cc/cr124c/cc/cc:2s4h,9s9h|/4dQhAc/Ks/Tc:-224,224(113.246813)
289:BR,Player:0cc/r3080f:7sTc,4cJh|/9dJdAs:100,-100(100.000000)
290:Player,BR:0cr300c/r800f:9cTc,4s7c|/2dJsKs:400,-400(400.000000)
291:BR,Player:0r130c/r163c/cr297c/cc:2s4d,ThQd|/4sQhKc/5s/6h:-690,690(-690.000000)
292:Player,BR:0cr300c/cr1741f:5c8d,6h9d|/7sQdAs:-400,400(-400.000000)
293:BR,Player:0r130c/r871f:9dKc,6cQc|/2s8d9h:230,-230(230.000000)
294:Player,BR:0cr600c/cr3047f:2s6s,3s7d|/8dTcAd:-700,700(-700.000000)
295:BR,Player:0r130c/r2014f:4d5h,ThQc|/4c6sQh:230,-230(230.000000)
296:Player,BR:0cr300c/cr1741f:QhKh,6sTs|/5s5cAd:-400,400(-400.000000)
297:BR,Player:0r130c/r1001f:3h5h,5sAs|/3c6c8c:230,-230(230.000000)
298:Player,BR:0cc/cr379f:2dAs,4hJs|/4sKsKd:-100,100(-100.000000)
299:BR,Player:0cc/r435f:8d9c,5dQc|/3dThTd:100,-100(100.000000)
300:Player,BR:0cr600c/cr3047f:5hJc,9hTh|/4hQsQc:-700,700(-700.000000)
301:BR,Player:0r130c/r2014f:5d8d,5hAc|/3c6cAs:230,-230(230.000000)
302:Player,BR:0cr300c/cr3503f:9dQd,3hQc|/8d9hTc:-400,400(-400.000000)
303:BR,Player:0r130c/r1001f:2s3h,5h6h|/7s7dKs:230,-230(230.000000)
304:Player,BR:0cr600c/cr3047f:4dKd,5dJh|/9cQdKc:-700,700(-700.000000)
305:BR,Player:0r130c/cc/cr299c/cc:8hKs,8cQh|/7dQcAs/Jc/5c:-529,529(-501.926949)
306:Player,BR:0cr200c/cr371c/cc/cc:9hKd,6hQc|/8s9sQh/Ad/6s:-671,671(-444.004505)
307:BR,Player:0r200c/r4595f:8c9c,3dKh|/7cTcKd:300,-300(300.000000)
308:Player,BR:0cc/cr124c/cc/cc:8h9d,2hJd|/9sJcAs/Kd/Ts:-224,224(18.378903)
309:BR,Player:0r130c/r2014f:9dAc,JsAh|/6c8hKs:230,-230(230.000000)
310:Player,BR:0cc/cr876f:4dKc,9cTh|/2sQsAs:-100,100(-100.000000)
311:BR,Player:0cc/r3080f:4dAs,2sJh|/7h8sKs:100,-100(100.000000)
312:Player,BR:0cr200c/cr2627f:QsKd,5d8s|/7d7cJh:-300,300(-300.000000)
313:BR,Player:0r130c/r142c/cc/cr663f:2c9d,5hAs|/9sKdAh/6c/Kc:-372,372(-372.000000)
314:Player,BR:0cr200c/r600r3918f:7dAs,9hQs|/2s8cAd:-900,900(-900.000000)
315:BR,Player:0r130c/r871c/cc/cr1015c:TsKc,4cKs|/8h9cKh/3h/4d:-2116,2116(647.378182)
316:Player,BR:0cc/cr435f:9dKh,4c5c|/6d8cAh:-100,100(-100.000000)
317:BR,Player:0cc/r216r374r982f:2d4c,4s7d|/4hKhKc:690,-690(690.000000)
318:Player,BR:0cr200c/cr2627f:2sJd,QcKd|/5s7sTc:-300,300(-300.000000)
319:BR,Player:0r130c/r2014f:2s9c,KsAc|/7h8cQh:230,-230(230.000000)
320:Player,BR:0cc/cr124r576r3483f:2c6d,4d8h|/3h4cTs:-800,800(-800.000000)
321:BR,Player:0r130c/r1001f:6hTs,QdKs|/4d5d7h:230,-230(230.000000)
322:Player,BR:0cr300c/r520r19080f:8sJd,7h7d|/2h7cKc:-920,920(-920.000000)
323:BR,Player:0r130c/r2014f:2s9d,4h6h|/QcKsAs:230,-230(230.000000)
324:Player,BR:0cr130c/r299r9317f:JsQs,3h4d|/2d7sQc:-529,529(-529.000000)
325:BR,Player:0r200c/r1306f:5cTc,7h7c|/8s9hAc:300,-300(300.000000)
326:Player,BR:0cr300c/cr1514c/r486c/r7200c:9cQs,3dQc|/2sQhQd/Td/2h:0,-0(0.000000)
327:BR,Player:0r130c/r1001c/cc/cr2472f:8dQh,2h5h|/3h4sJd/4d/7s:-1231,1231(-1231.000000)
328:Player,BR:0cc/cr124c/cc/r376f:3cKs,6sAs|/3s8h8d/Kh/4s:224,-224(224.000000)
329:BR,Player:0r200c/cc/cr150c/cc:9hAh,KdAc|/4sJsQd/4h/Jh:0,-0(209.657612)
330:Player,BR:0cc/cr124c/cc/r376c:4cTc,7s7h|/6dQsAc/9c/8h:-600,600(-331.113066)
331:BR,Player:0r130c/r2014f:2hAc,6dTd|/2sThQc:230,-230(230.000000)
332:Player,BR:0cr300c/r800r10508f:6c9h,3c9s|/3h4c6d:-1200,1200(-1200.000000)
333:BR,Player:0r200c/r1306f:3hTd,5cTc|/2s7sAd:300,-300(300.000000)
334:Player,BR:0cc/cr435f:3s7d,2s3c|/2h6h8h:-100,100(-100.000000)
335:BR,Player:0r130c/r2014f:2d9h,3hAs|/5d7sAc:230,-230(230.000000)
336:Player,BR:0cr300c/cr866c/cc/cc:QcAs,4sJh|/2hTdJc/6d/5h:-1266,1266(-850.954956)
337:BR,Player:0cc/r435f:2h2c,4s9d|/4c7d8c:100,-100(100.000000)
338:Player,BR:0cr300c/cr3503f:7d9h,6sQd|/3s3h7s:-400,400(-400.000000)
339:BR,Player:0r130c/r2014c/cr2241c/cr13455f:4cTs,8sAs|/6sJsQh/Jc/5s:-4485,4485(-4485.000000)
340:Player,BR:0cr300c/cr1741f:3cAc,2d4s|/4d6sKd:-400,400(-400.000000)
341:BR,Player:0r130c/r1001f:3c6c,5d7s|/6h7hQh:230,-230(230.000000)
342:Player,BR:0cr200c/cr2627f:JhKd,2h3s|/5c7cAd:-300,300(-300.000000)
343:BR,Player:0r130c/r12392f:9dKd,5hAh|/3d9cKs:230,-230(230.000000)
344:Player,BR:0cr300c/cr1741f:9sTc,3h4c|/3sJcKd:-400,400(-400.000000)
345:BR,Player:0cc/r435f:4hAs,2cAd|/8h9dJh:100,-100(100.000000)
346:Player,BR:0cc/cr435f:3dQh,2h9s|/JsJdAd:-100,100(-100.000000)
347:BR,Player:0cc/r876f:8dJh,3sJd|/5cTsQh:100,-100(100.000000)
348:Player,BR:0cr200c/cr1136c/cc/r100c:7hAh,5hJd|/2d7dJh/8d/8s:-1536,1536(-780.891825)
349:BR,Player:0r130c/r498c/cr307c/cc:TdKh,5dKd|/8c9cKc/Jh/6d:1035,-1035(811.117864)
350:Player,BR:0cr300c/cr3503f:KhAh,5hJh|/3c6s9d:-400,400(-400.000000)
351:BR,Player:0f:5cKc,2c4s|:50,-50(50.000000)
352:Player,BR:0cc/cr435f:2hAc,9sJs|/6h6d7h:-100,100(-100.000000)
353:BR,Player:0cc/r1532f:4d8s,6d8c|/4c8dQs:100,-100(100.000000)
354:Player,BR:0cc/cr876f:4cKh,5h7h|/8s8cAh:-100,100(-100.000000)
355:BR,Player:0r130c/r19770f:AhAc,8dKh|/7sTdAd:230,-230(230.000000)
356:Player,BR:0cc/cr761f:4dKh,QdQc|/9dJhJc:-100,100(-100.000000)
357:BR,Player:0cc/r379c/cr121c/cc:TdJh,4cTs|/8cTcKd/2c/7h:600,-600(407.209342)
358:Player,BR:0cc/cr142f:8sQc,TcQs|/4s4c6c:-100,100(-100.000000)
359:BR,Player:0r130c/r1001r5209f:KsAh,7cJs|/4c7d8d:-1231,1231(-1231.000000)
360:Player,BR:0cr200c/cr1306c/r914c/cc:7d8s,JsAd|/6c8d8c/Qh/9d:2520,-2520(2349.695801)
361:BR,Player:0r300c/r495r945r2619f:4dAc,6sJd|/2d2c7h:1840,-1840(1840.000000)
362:Player,BR:0cc/cr435f:5hJd,4c7c|/2s3dAs:-100,100(-100.000000)
363:BR,Player:0f:3c6d,2h3d|:50,-50(50.000000)
364:Player,BR:0cr130c/cr2014f:TcJs,5c6d|/9cThAc:-230,230(-230.000000)
365:BR,Player:0r130c/cc/cc/cr690f:3cKs,TsQc|/4h4cTh/Qh/4d:-230,230(-230.000000)
366:Player,BR:0cc/cr876f:2dTs,4d7d|/2c5dKs:-100,100(-100.000000)
367:BR,Player:0r130c/r1001f:4hQh,7cTs|/6s6dJd:230,-230(230.000000)
368:Player,BR:0cc/cr379c/cc/cc:5h9c,7dAh|/4h5d7h/Ac/8s:-479,479(-260.825155)
369:BR,Player:0cc/r1761f:3h3c,4c8s|/6sQdKc:100,-100(100.000000)
370:Player,BR:0cc/cr1761f:4s8h,2dQc|/2s8c9c:-100,100(-100.000000)
371:BR,Player:0r200c/r1306f:8hQs,JdAh|/3h7sTs:300,-300(300.000000)
372:Player,BR:0cr300c/r520r1139c/cc/cc:6s6d,QdKh|/3c5dKd/4d/Js:-2059,2059(-1479.602858)
373:BR,Player:0r130c/r1001f:7hJc,6cAs|/5d8cQs:230,-230(230.000000)
374:Player,BR:0cc/cr124c/cc/cc:TcKs,7sJc|/7cTsQh/9c/6d:224,-224(23.182404)
375:BR,Player:0cc/r876f:2cTc,3d6s|/7d8d9d:100,-100(100.000000)
376:Player,BR:0cc/cr761f:2s8d,7c9h|/5s6h9d:-100,100(-100.000000)
377:BR,Player:0f:5h9s,3h9c|:50,-50(50.000000)
378:Player,BR:0cr200c/cr1306c/r1544f:7c8c,3dQd|/3c4c9d/6c:1606,-1606(1606.000000)
379:BR,Player:0r130c/r1001c/cr1184f:3c6s,5c8c|/2cKcAc/Js:-1231,1231(-1231.000000)
380:Player,BR:0cc/cr3080f:7hQd,2c4s|/5cTsKh:-100,100(-100.000000)
381:BR,Player:0r130c/r1001c/cr2472f:9dJh,7c8h|/4s5cQh/Js:-1231,1231(-1231.000000)
382:Player,BR:0cc/cr876f:6d8s,5dQd|/2d4sTh:-100,100(-100.000000)
383:BR,Player:0r130c/r285f:9sTd,3dQs|/4dTsKh:230,-230(230.000000)
384:Player,BR:0cr200c/r390r12153f:5s5d,2d8c|/4cJdKh:-690,690(-690.000000)
385:BR,Player:0r200c/r212c/cc/cr523c:KdAc,5sJc|/2h3hJd/6c/4d:-1035,1035(-94.255419)
386:Player,BR:0cc/cr8194f:2d3s,5hKs|/5sQhKh:-100,100(-100.000000)
387:BR,Player:0r130c/r498f:5hAh,7hTd|/2d3s3d:230,-230(230.000000)
388:Player,BR:0cr600c/cr3047f:4sKs,3sQc|/6s6cKc:-700,700(-700.000000)
389:BR,Player:0r130c/r1001f:3hQs,6hTd|/4c7d7c:230,-230(230.000000)
390:Player,BR:0cc/cr1761f:2h3c,2cAh|/6cTdJc:-100,100(-100.000000)
391:BR,Player:0r130c/r2014f:7hAs,8cJc|/2h6dTh:230,-230(230.000000)
392:Player,BR:0cc/cr435f:3cTh,JhAc|/5d8dKc:-100,100(-100.000000)
393:BR,Player:0r130c/r1001c/cr701c/cr11592f:6dJc,AhAc|/ThJsQh/Jd/Ad:-1932,1932(-1932.000000)
394:Player,BR:0cc/cr435f:9cJd,3d8c|/2c5cTc:-100,100(-100.000000)
395:BR,Player:0cc/r876f:8h9h,2dJh|/3hKsKd:100,-100(100.000000)
396:Player,BR:0cc/cr435f:2c3s,3dTd|/4s8cQs:-100,100(-100.000000)
397:BR,Player:0r130c/r871f:2h8d,3c5h|/8s8cJc:230,-230(230.000000)
398:Player,BR:0cc/cr876f:5s6h,7dQd|/4cJhAc:-100,100(-100.000000)
399:BR,Player:0r200c/r2627f:7sKc,JhJd|/3dThAs:300,-300(300.000000)
400:Player,BR:0cr300c/r520r520f:2s2d,ThJd|/4hTsKc:-920,920(-920.000000)
401:BR,Player:0r130c/r1001f:5h6c,TdKd|/3s9sTc:230,-230(230.000000)
402:Player,BR:0cr300c/cr3503f:KdAd,4hKc|/5s7d9h:-400,400(-400.000000)
403:BR,Player:0f:8dKd,3dTh|:50,-50(50.000000)
404:Player,BR:0cc/cr876f:2h8c,4h8h|/4sThQd:-100,100(-100.000000)
405:BR,Player:0r130c/r1001f:7cTh,4cKs|/5h5cKh:230,-230(230.000000)
406:Player,BR:0cc/cr876c/r584c/r4680c:6dQs,ThQh|/4s6sJh/Ts/As:6240,-6240(-1436.180962)
407:BR,Player:0cc/r216c/cr374c/cr2070f:5dTd,JhKh|/3d5cAh/7s/2h:-690,690(-690.000000)
408:Player,BR:0cc/cr876f:6sJd,8dJh|/3c6d7d:-100,100(-100.000000)
409:BR,Player:0r130c/r1001f:8s9c,JcQc|/3c7s7d:230,-230(230.000000)
410:Player,BR:0cc/cr435f:2sKs,ThAh|/6d8cJs:-100,100(-100.000000)
411:BR,Player:0r130c/r327f:4dAc,4cTd|/9sQsQc:230,-230(230.000000)
412:Player,BR:0cc/cr379f:3sQd,6dKc|/3c8dKs:-100,100(-100.000000)
413:BR,Player:0cc/r435f:7s9d,ThQs|/4s6sKc:100,-100(100.000000)
414:Player,BR:0cc/cr124c/cc/cc:3h5d,KdAc|/2h2dQh/Ks/3s:-224,224(-170.898248)
415:BR,Player:0r130c/r1001c/cr2472f:3sTh,5s6d|/2d4d5h/3h:-1231,1231(-1231.000000)
416:Player,BR:0cr300c/cr1514c/cc/r100f:2c5c,3cKd|/5sTcKh/Ah/5h:1914,-1914(1914.000000)
417:BR,Player:0r130c/r2014f:6hAh,QcAd|/7dTcJc:230,-230(230.000000)
418:Player,BR:0cr300c/cr1741f:8hKc,TcAs|/2c4d5s:-400,400(-400.000000)
419:BR,Player:0r200c/r2627f:6sQs,JcQd|/9dJsAs:300,-300(300.000000)
420:Player,BR:0cc/cr379f:5sKc,8s9h|/4c6s8d:-100,100(-100.000000)
421:BR,Player:0r130c/r871f:JsKc,7cTs|/4h4dKs:230,-230(230.000000)
422:Player,BR:0cc/cr876f:3cKc,7sJd|/5s5dTh:-100,100(-100.000000)
423:BR,Player:0r130c/r2014f:TcKs,4c7h|/7dJcAc:230,-230(230.000000)
424:Player,BR:0cc/cr1761f:9hKd,TcJh|/7c9cQs:-100,100(-100.000000)
425:BR,Player:0r200c/r1306f:2hAs,8cAh|/2s3hKs:300,-300(300.000000)
426:Player,BR:0cr600c/r1400f:5s7h,8sJd|/6s6hQh:700,-700(700.000000)
427:BR,Player:0r130c/r285c/cc/cc:KsKc,4hKd|/7s8dAd/2h/8s:515,-515(461.222223)
428:Player,BR:0cc/cr3080f:3hQc,4h9d|/2s6hJs:-100,100(-100.000000)
429:BR,Player:0r130c/r2014c/cr4633f:4hJd,3hAh|/3c5dAd/Kh:-2244,2244(-2244.000000)
430:Player,BR:0cr130c/cr4051f:7d9d,6d8h|/8c9cQh:-230,230(-230.000000)
431:BR,Player:0r130c/r498f:4hAs,9sQh|/2s3c4d:230,-230(230.000000)
432:Player,BR:0cc/cr435f:5dKc,8dQc|/4h7dAh:-100,100(-100.000000)
433:BR,Player:0f:JsKd,2c9d|:50,-50(50.000000)
434:Player,BR:0cc/cr876f:3d7h,8sKs|/3c9h9c:-100,100(-100.000000)
435:BR,Player:0r200c/r1306f:3dKs,6dTc|/ThQdAs:300,-300(300.000000)
436:Player,BR:0cc/cr435f:3hTs,8sQd|/3d4s5h:-100,100(-100.000000)
437:BR,Player:0r130c/r1001f:3sJc,5hJh|/8hTcAc:230,-230(230.000000)
438:Player,BR:0cc/cr876f:5hTc,7c9d|/2h5s6d:-100,100(-100.000000)
439:BR,Player:0r130c/r871f:2cJs,6hTc|/3c9dJd:230,-230(230.000000)
440:Player,BR:0cc/cr435c/cc/r305c:5d8h,2h6c|/3h8cJd/Kh/2c:840,-840(-4.403032)
441:BR,Player:0cc/r761f:AsAd,3cJh|/3s4d9c:100,-100(100.000000)
442:Player,BR:0cc/cr3080f:2h6c,6s9s|/2cJsKh:-100,100(-100.000000)
443:BR,Player:0r130c/r2014c/cc/cr2241c:5h7s,4hJd|/3h8hJs/9c/6c:4485,-4485(4485.000000)
444:Player,BR:0cr300c/cr283f:8cAc,5s5h|/4d6sTh:-400,400(-400.000000)
445:BR,Player:0cc/r435f:4dJc,3s6h|/9hJhKc:100,-100(100.000000)
446:Player,BR:0cc/cr216f:6d8s,2d7s|/2hJdJc:-100,100(-100.000000)
447:BR,Player:0r200c/r1306r3224f:5s7c,9cAc|/8cTcAs:-1606,1606(-1606.000000)
448:Player,BR:0cr300c/cr3503f:8dAd,6dJs|/3s9cTh:-400,400(-400.000000)
449:BR,Player:0r200c/r1306f:5c6s,8cKh|/3d4hAs:300,-300(300.000000)
450:Player,BR:0cc/cr1761f:6dKs,3dQd|/9dKhAd:-100,100(-100.000000)
451:BR,Player:0f:7cAc,2c6s|:50,-50(50.000000)
452:Player,BR:0cr200c/r390r1718c/r904f:TdAc,7hQd|/4cJhAd/4s:2408,-2408(2408.000000)
453:BR,Player:0r200c/r1136f:TcQc,2s8s|/4d5cQh:300,-300(300.000000)
454:Player,BR:0cc/cr435c/r515f:5sKh,7cKs|/3c5c8d/6h:535,-535(535.000000)
455:BR,Player:0cc/r379f:8cAc,4dQd|/2sJsAs:100,-100(100.000000)
456:Player,BR:0cr200c/cr2627f:QdKh,4dAh|/3d5sKd:-300,300(-300.000000)
457:BR,Player:0r130c/r285c/cc/cr865c:8h9h,9sQs|/5c8sTh/Qc/Jh:0,-0(96.613161)
458:Player,BR:0cc/cr379c/cc/cc:9sTd,4cTs|/5c6hTc/4s/8h:-479,479(-340.008450)
459:BR,Player:0cc/r124c/cc/cr236f:7dQc,8c9h|/7hJsJh/3h/9s:-224,224(-224.000000)
460:Player,BR:0cr300c/cr3503f:QhQc,3sJh|/4h4cAh:-400,400(-400.000000)
461:BR,Player:0r200c/r212c/cc/cc:4hTs,6h6c|/3dTdKc/5h/Kh:512,-512(512.000000)
462:Player,BR:0cc/cr100c/cc/r260c:4d6s,TdAh|/3s3c9s/7h/Qh:-460,460(144.304955)
463:BR,Player:0f:QdKh,2s6c|:50,-50(50.000000)
464:Player,BR:0cr130c/r299r299c/cc/r1605c:7h7d,4hQd|/7c9cTs/Qc/As:2433,-2433(-1537.464365)
465:BR,Player:0f:6cKh,2dTs|:50,-50(50.000000)
466:Player,BR:0cc/cr435c/cc/r515c:3h6s,2d8c|/2c4sAd/Td/9d:-1050,1050(-406.603265)
467:BR,Player:0cc/r379f:9sQs,5hTs|/3c9hKs:100,-100(100.000000)
468:Player,BR:0cr300c/r520r520f:3d5s,4sTc|/5h9cTs:-920,920(-920.000000)
469:BR,Player:0r130c/r327f:5h8h,2d4d|/6dJcKs:230,-230(230.000000)
470:Player,BR:0cr130c/r460r460c/r920f:9cKc,JcAd|/3c8sTc/4c:1150,-1150(1150.000000)
471:BR,Player:0r130c/r1001f:3cQc,6d7s|/6sTsTd:230,-230(230.000000)
472:Player,BR:0cc/cr216r584r7881f:4d5s,3cQd|/2h3h7d:-900,900(-900.000000)
473:BR,Player:0r130c/r163f:2h3c,6cQc|/3h4d9s:230,-230(230.000000)
474:Player,BR:0cr130c/r299r753c/cc/r5066f:8dJc,5sAh|/JsJhQh/8h/6c:1282,-1282(1282.000000)
475:BR,Player:0r200c/r14055c/cr5645c/cc:4hAd,KcAc|/QcAsAh/Qd/Kd:-20000,20000(5218.727238)
476:Player,BR:0cc/cr876f:7sKh,3c5s|/8sQdAc:-100,100(-100.000000)
477:BR,Player:0r130c/r2014f:4s6s,7sTc|/QhKsAs:230,-230(230.000000)
478:Player,BR:0cr130c/cr2014f:9dAh,6sKs|/7d8cJc:-230,230(-230.000000)
479:BR,Player:0cc/r142f:3dJs,5dQh|/7cKsAs:100,-100(100.000000)
480:Player,BR:0cc/cr876f:2s4h,3sQc|/3h8cKd:-100,100(-100.000000)
481:BR,Player:0r130c/r871f:7sQs,9dJc|/4s4cQc:230,-230(230.000000)
482:Player,BR:0cc/cr876f:3h7h,2h2c|/ThQdKc:-100,100(-100.000000)
483:BR,Player:0r130c/r871f:TsKd,5dAs|/2c8hKh:230,-230(230.000000)
484:Player,BR:0cc/cr876f:2s4c,9dTc|/3d4sKc:-100,100(-100.000000)
485:BR,Player:0r200c/r19700f:JcKs,8dKc|/9hTcQs:300,-300(300.000000)
486:Player,BR:0cc/cr876f:6cQs,2c6s|/5s7h8s:-100,100(-100.000000)
487:BR,Player:0r130c/r2014c/cc/cc:7c9c,KsAd|/5c8sAh/Jh/5h:-2244,2244(-2244.000000)
488:Player,BR:0cc/cr379c/cc/cc:6dTh,7dAd|/6hJhAc/7s/Jc:-479,479(-289.137611)
489:BR,Player:0r200c/r371c/cr709c/cc:5c9d,4dAh|/3c9hTs/Kh/Ks:1380,-1380(1146.162174)
490:Player,BR:0cr200c/cr2284f:ThQh,5cAd|/5d9hAs:-300,300(-300.000000)
491:BR,Player:0r130c/r285f:3s8h,4cJs|/3dKsKc:230,-230(230.000000)
492:Player,BR:0cc/cr876f:6h9c,3d8c|/5s9dAh:-100,100(-100.000000)
493:BR,Player:0f:7sQs,4c9d|:50,-50(50.000000)
494:Player,BR:0cc/cr435c/cc/cc:7sJc,7dTc|/9sJsAs/6h/Th:535,-535(-46.287542)
495:BR,Player:0r130c/r498f:9s9d,4cTc|/3h5sQc:230,-230(230.000000)
496:Player,BR:0cc/cr435f:5hTh,3d9h|/4c5sQd:-100,100(-100.000000)
497:BR,Player:0f:4sJd,3s7h|:50,-50(50.000000)
498:Player,BR:0cr300c/cr1741f:9cAh,TdAc|/5h7dQd:-400,400(-400.000000)
499:BR,Player:0r130c/r1001f:7c9s,2hKd|/5s6sTs:230,-230(230.000000)
500:Player,BR:0cr600c/r1400r17900f:5cAs,QsQh|/2c3c6d:-2100,2100(-2100.000000)
501:BR,Player:0r130c/r1001f:2h8d,3s6s|/7d7cQd:230,-230(230.000000)
502:Player,BR:0cr200c/cr371c/r100c/r2109f:TdJs,7hQs|/3d7cTh/9h/Ts:771,-771(771.000000)
503:BR,Player:0f:3sAc,2d6c|:50,-50(50.000000)
504:Player,BR:0cc/cr876f:9dKc,3sJc|/4s6c8c:-100,100(-100.000000)
505:BR,Player:0cc/r142f:8sKd,3cJh|/2d7cQh:100,-100(100.000000)
506:Player,BR:0cc/cr216c/cc/cc:JdQs,6cKh|/2s6hTs/Ah/2c:-316,316(-14.189013)
507:BR,Player:0r130c/r1001f:2hQs,3sAs|/2d7dJs:230,-230(230.000000)
508:Player,BR:0cr300c/cr7045f:8s8h,5s6h|/4cThKd:-400,400(-400.000000)
509:BR,Player:0cc/r379f:7s7c,7dAh|/2s4s6d:100,-100(100.000000)
510:Player,BR:0cc/cr435f:2dTh,3c5d|/5sKsAc:-100,100(-100.000000)
511:BR,Player:0r130c/r498c/cc/cr859f:7cKd,KcAc|/4s7hQc/Qh/Ah:-728,728(-728.000000)
512:Player,BR:0cr300c/r520r4005f:QhKc,7sTh|/6s7dKd:-920,920(-920.000000)
513:BR,Player:0cc/r435f:5hKd,2sAs|/9cThJc:100,-100(100.000000)
514:Player,BR:0cc/cr876r2924r2924f:5h8c,9sKd|/5d8hQh:-3900,3900(-3900.000000)
515:BR,Player:0r130c/r285c/cc/cr175c:ThJc,7s7d|/4hJdQs/5d/Qh:690,-690(690.000000)
516:Player,BR:0cr300c/r520r14090f:4c5c,7dQh|/QdQcKc:-920,920(-920.000000)
517:BR,Player:0r130c/r2014r4633f:3s7s,9sKc|/4h9dKs:-2244,2244(-2244.000000)
518:Player,BR:0cc/cr876f:2h4s,6c7c|/3d5dTd:-100,100(-100.000000)
519:BR,Player:0r130c/r1001c/cr1184f:7h9c,5dTd|/5s8sAs/Jc:-1231,1231(-1231.000000)
520:Player,BR:0cc/cr435c/r305c/r420c:2h9c,9hAd|/8cTcJs/Ah/7h:0,-0(-900.078452)
521:BR,Player:0r130c/r871f:TdJs,5hJh|/3h8dTc:230,-230(230.000000)
522:Player,BR:0cc/cr1761c/r899f:TdQc,3d7d|/6hJhKc/8s:1861,-1861(1861.000000)
523:BR,Player:0f:3hQc,2c5d|:50,-50(50.000000)
524:Player,BR:0cc/cr216c/cc/cc:7hJs,8sTd|/TsAdAc/Kh/Kc:316,-316(316.000000)
525:BR,Player:0r130c/r1001f:9cQd,8c9s|/9dThKs:230,-230(230.000000)
526:Player,BR:0cc/cr216c/cc/cc:2dAs,7cJd|/2s7sTd/6s/Qc:-316,316(-137.100356)
527:BR,Player:0cc/r1761f:2s4h,JcKd|/7hKcAs:100,-100(100.000000)
528:Player,BR:0cc/cr19900f:7dQs,8sTs|/6s8dTc:-100,100(-100.000000)
529:BR,Player:0r130c/r2014f:2c3d,9cKs|/4s5dKc:230,-230(230.000000)
530:Player,BR:0cc/cr216f:4c8d,TdQc|/3sQsAc:-100,100(-100.000000)
531:BR,Player:0cc/r100c/cc/cc:2c9h,JsQc|/2h8sKs/7s/Ac:200,-200(-69.872071)
532:Player,BR:0cr300c/cr1741f:TdTc,4c6s|/2d7hJc:-400,400(-400.000000)
533:BR,Player:0r130c/r1001c/cc/cr2472c:5h9h,9dAh|/9cKcAc/5s/5d:3703,-3703(3221.828535)
534:Player,BR:0cc/cr1761f:6dKc,4hQs|/4cThAs:-100,100(-100.000000)
535:BR,Player:0cc/r435r1075f:2d9s,3h6s|/6hThKh:-535,535(-535.000000)
536:Player,BR:0cc/cr3080f:3sAd,9dQc|/4c6dKc:-100,100(-100.000000)
537:BR,Player:0f:2c6s,2d7h|:50,-50(50.000000)
538:Player,BR:0cc/cr1761f:9sQd,5d7c|/4s5h8h:-100,100(-100.000000)
539:BR,Player:0r200c/r427c/cc/cc:3c9d,5h6d|/5d8dKd/7s/Qh:-727,727(-727.000000)
540:Player,BR:0cc/cr435f:7cQh,7h8d|/6h6d9d:-100,100(-100.000000)
541:BR,Player:0r130c/r1001c/cc/cr3599f:2s6h,4d7d|/7hTdJd/8h/Qh:-1231,1231(-1231.000000)
542:Player,BR:0cc/cr435f:9dQh,4h6d|/5cTcJc:-100,100(-100.000000)
543:BR,Player:0cc/r124c/cc/cc:3dTd,9cTs|/8c9sTc/Jc/Ah:-224,224(-114.867667)
544:Player,BR:0cc/cr876f:7cKh,6dQh|/2s3s8h:-100,100(-100.000000)
545:BR,Player:0r130c/r3522f:8h8d,9sJh|/2h3c6d:230,-230(230.000000)
546:Player,BR:0cr300c/cr1741r6259f:JhQd,3cKd|/2dJdQs:2141,-2141(2141.000000)
547:BR,Player:0r200c/r244f:5dKc,3d9d|/7s7cTc:300,-300(300.000000)
548:Player,BR:0cc/cr1761f:6dJs,9sKc|/5h6sAd:-100,100(-100.000000)
549:BR,Player:0f:7c9s,2h3d|:50,-50(50.000000)
550:Player,BR:0cr300c/cr3503f:7c8c,5d6h|/3s9hAd:-400,400(-400.000000)
551:BR,Player:0r130c/r327c/cc/cr1030f:6sJd,6cAd|/9hAsAh/Tc/5c:-557,557(-557.000000)
552:Player,BR:0cc/cr379f:3dQh,8sAd|/3s5dAh:-100,100(-100.000000)
553:BR,Player:0r130c/r871f:TcJd,5s8d|/3c9cTs:230,-230(230.000000)
554:Player,BR:0cc/cr379c/cc/cc:5hQh,3s9h|/4s5d9s/8c/Ad:-479,479(-414.794753)
555:BR,Player:0r130c/r2014c/cc/cc:2sTc,9sAs|/5dJhAd/7c/Kd:-2244,2244(-2244.000000)
556:Player,BR:0cc/cr142r448r3004f:7sQh,9hKh|/3s3cTs:-690,690(-690.000000)
557:BR,Player:0f:8c9c,2c8h|:50,-50(50.000000)
558:Player,BR:0cc/cr876f:5hJs,3c5d|/6s6c8d:-100,100(-100.000000)
559:BR,Player:0r130c/r1751f:8hAd,4hTd|/6dTsAs:230,-230(230.000000)
560:Player,BR:0cc/cr1532f:2dAh,JdQd|/6d9dKh:-100,100(-100.000000)
561:BR,Player:0r130c/r2014f:2dTh,5dJd|/3s8s9s:230,-230(230.000000)
562:Player,BR:0cr300c/cr495c/cc/r945c:3s5h,7hKh|/5c7s9h/6h/Ah:-1840,1840(-1840.000000)
563:BR,Player:0r200c/r1136c/cc/cc:7sAh,2cKc|/2d6s7d/Jh/Qh:1436,-1436(1152.329249)
564:Player,BR:0cc/cr1761f:6hTs,2h7c|/ThTdKc:-100,100(-100.000000)
565:BR,Player:0r130c/r2014f:7d8s,8dAs|/3s7h9c:230,-230(230.000000)
566:Player,BR:0cc/cr876f:6sQh,5d6c|/2d5cQc:-100,100(-100.000000)
567:BR,Player:0r130c/r285c/cr543c/cc:4d5d,5s7c|/2c4hTs/Jc/2h:1058,-1058(555.462155)
568:Player,BR:0cr300c/cr3503f:JdAd,2h8c|/2s5d9d:-400,400(-400.000000)
569:BR,Player:0r130c/r2014f:6h7s,3s5d|/6cTcAs:230,-230(230.000000)
570:Player,BR:0cr200c/cr1136c/cc/cc:7d9d,9cJc|/5d7cTc/8h/2c:-1436,1436(-1328.205608)
571:BR,Player:0r130c/r163f:2d9c,9sQd|/2s6hKd:230,-230(230.000000)
572:Player,BR:0cr130c/cr4051c/cc/r11589f:AsAh,8hQc|/2d4hKc/7s/Jh:4281,-4281(4281.000000)
573:BR,Player:0r200c/r1306f:9dAh,6dAd|/2cTcJc:300,-300(300.000000)
574:Player,BR:0cr200c/r600r6853c/cc/cc:3h4c,2sJh|/2h2c9h/Ac/9d:-7753,7753(-3087.428769)
575:BR,Player:0r130c/r871c/cc/cc:2cKs,5s5c|/3s4hKd/8d/7c:1101,-1101(977.879608)
576:Player,BR:0cc/cr876f:9dTs,5d7c|/2h4c6c:-100,100(-100.000000)
577:BR,Player:0r200c/r1306f:2s9d,8hAc|/JcKdAd:300,-300(300.000000)
578:Player,BR:0cc/cr2679f:2h3d,5d7d|/2d5hQd:-100,100(-100.000000)
579:BR,Player:0r200c/r1136f:2d9h,7hAd|/2s9sQs:300,-300(300.000000)
580:Player,BR:0cc/cr435f:3d8s,7hQd|/2s6s6h:-100,100(-100.000000)
581:BR,Player:0r200c/r1306f:3cQh,TcJd|/7sThAh:300,-300(300.000000)
582:Player,BR:0cr300c/cr3503f:7c9c,5dKs|/3s8h9s:-400,400(-400.000000)
583:BR,Player:0r130c/r3522f:4c6s,JdQs|/5s7s8d:230,-230(230.000000)
584:Player,BR:0cr600c/r910r2291f:8s9h,4s5d|/6cThAc:-1610,1610(-1610.000000)
585:BR,Player:0f:9s9d,2d4c|:50,-50(50.000000)
586:Player,BR:0cc/cr142c/cc/cc:7sJc,6d7h|/9cKcAh/7d/9s:0,-0(48.298105)
587:BR,Player:0f:8dTc,3s9h|:50,-50(50.000000)
588:Player,BR:0cr300c/r520r1139c/cc/cc:6cTd,9cJd|/2c6hJc/4s/9d:-2059,2059(-2007.448412)
589:BR,Player:0r130c/r3522f:5cKs,TsAd|/5sKhAs:230,-230(230.000000)
590:Player,BR:0cc/cr379f:2c8c,5hJs|/4h6cJh:-100,100(-100.000000)
591:BR,Player:0r130c/r1001c/cc/cr2472c:6cKd,8s9h|/6h7sAd/Js/3h:3703,-3703(-622.791544)
592:Player,BR:0cc/cr761f:9cJs,4dQd|/4hQhAd:-100,100(-100.000000)
593:BR,Player:0r200c/r1136f:8cQc,2cKs|/3dJsQh:300,-300(300.000000)
594:Player,BR:0cc/cr876f:2d7c,KhAs|/2s5d8d:-100,100(-100.000000)
595:BR,Player:0r130c/r2014f:5s9c,4d4c|/6sKdKc:230,-230(230.000000)
596:Player,BR:0cr600c/cr3047f:2s8s,TcKd|/5cJhAd:-700,700(-700.000000)
597:BR,Player:0r200c/r1306c/cc/cc:6hJs,QhQd|/4c7s7c/Tc/8c:-1606,1606(-1606.000000)
598:Player,BR:0cr200c/cr371f:8sAd,9cAs|/5c9dJc:-300,300(-300.000000)
599:BR,Player:0r200c/r1306r3224r6874c/cc/cr8296f:4s5h,KhAd|/7hKcAh/Jc/3h:-11704,11704(-11704.000000)
600:Player,BR:0cc/cr876f:9hQd,6dQh|/2h3d8h:-100,100(-100.000000)
601:BR,Player:0cc/r761f:AhAd,7sQs|/2d5cJc:100,-100(100.000000)
602:Player,BR:0cr300c/cr1741f:QsQc,9hJd|/3d4c5s:-400,400(-400.000000)
603:BR,Player:0f:2h9c,3c7s|:50,-50(50.000000)
604:Player,BR:0cr300c/r520r4005f:ThKc,3h4d|/2c4c7h:-920,920(-920.000000)
605:BR,Player:0r200c/r2627f:QcKs,5cJc|/2d5h8h:300,-300(300.000000)
606:Player,BR:0cc/cr379f:5cQh,8cQc|/2s8sKd:-100,100(-100.000000)
607:BR,Player:0r130c/r2014c/cc/cr2241f:QsKh,JdQd|/6hThJc/Qc/8c:-2244,2244(-2244.000000)
608:Player,BR:0cr200c/cr1306f:8hQd,4s7h|/5dThQc:-300,300(-300.000000)
609:BR,Player:0r130c/r1001f:ThKc,7d8d|/3c5sQs:230,-230(230.000000)
610:Player,BR:0cr300c/r520r520r2792r10534f:3s5d,3hAh|/3d8sJh:-4232,4232(-4232.000000)
611:BR,Player:0r130c/r327f:JhKd,7s8s|/2c9h9d:230,-230(230.000000)
612:Player,BR:0cc/cr379f:2h8s,JcQs|/3d9hJh:-100,100(-100.000000)
613:BR,Player:0cc/r19900f:TcAc,4c7h|/3hThTd:100,-100(100.000000)
614:Player,BR:0cc/cr379f:3s8d,JsQd|/TsQhAc:-100,100(-100.000000)
615:BR,Player:0r130c/r2014f:3h8c,ThTc|/2s4hQd:230,-230(230.000000)
616:Player,BR:0cc/cr876f:7hQs,8sTs|/2h8h9h:-100,100(-100.000000)
617:BR,Player:0r130c/r285f:9hJs,6cJd|/8h9sKc:230,-230(230.000000)
618:Player,BR:0cr200c/r390r1718f:QsAs,ThQh|/3c8s8d:-690,690(-690.000000)
619:BR,Player:0r130c/cr299r4632f:8d9s,TcAs|/4hQdKs:529,-529(529.000000)
620:Player,BR:0cc/cr1761f:5d7c,5cJh|/8dKsAd:-100,100(-100.000000)
621:BR,Player:0r130c/r327r2203r3928r13312f:4sQc,9s9d|/5d9hTc:-6688,6688(-6688.000000)
622:Player,BR:0cr600c/cr996f:TsQs,9hQc|/3d5d7d:-700,700(-700.000000)
623:BR,Player:0r130c/cr299r4632f:3hAs,7hTs|/2d6dQh:529,-529(529.000000)
624:Player,BR:0cr200c/r390r3004c/cc/r15626f:3c6d,3hKd|/4d5hJd/3s/9d:3694,-3694(3694.000000)
625:BR,Player:0r130c/r19770f:3hJc,5h7s|/2d3cJd:230,-230(230.000000)
626:Player,BR:0cr200c/cr371f:5c8h,2hAd|/2d4cJh:-300,300(-300.000000)
627:BR,Player:0cc/cc/cr200f:6cAd,QdKs|/4d8sQs/8c:-100,100(-100.000000)
628:Player,BR:0cc/cr1532f:3cAs,9cKh|/7hThJh:-100,100(-100.000000)
629:BR,Player:0f:5dQc,2h8c|:50,-50(50.000000)
630:Player,BR:0cr200c/cr1306c/cc/cc:6s7d,4dTs|/3h5dAs/9c/8d:1606,-1606(1606.000000)
631:BR,Player:0r200c/r1306f:3hAc,2c3c|/6h7hTc:300,-300(300.000000)
632:Player,BR:0cc/cr435f:3cJh,KsAs|/5dThQc:-100,100(-100.000000)
633:BR,Player:0r130c/r2014f:9hQd,7cJs|/4c7dTs:230,-230(230.000000)
634:Player,BR:0cc/cr435f:5hQc,3h4c|/5s9cJc:-100,100(-100.000000)
635:BR,Player:0r200c/r2627f:9sQd,7cAc|/2h5hTs:300,-300(300.000000)
636:Player,BR:0cr300c/cr3503f:7s7d,2dQh|/5c6hJd:-400,400(-400.000000)
637:BR,Player:0r300c/r1741f:4h8d,9hJh|/2sKdAh:400,-400(400.000000)
638:Player,BR:0cr300c/cr1741f:5sAd,ThAc|/3c4c5d:-400,400(-400.000000)
639:BR,Player:0r600c/r1742f:4sJh,QhAh|/2s9cKs:700,-700(700.000000)
640:Player,BR:0cc/cr142f:7sQd,5hAc|/JsJcKs:-100,100(-100.000000)
641:BR,Player:0r130c/r285c/cc/cr543c:9sQd,6s8d|/6d9dJs/Qc/Tc:-1058,1058(-124.201410)
642:Player,BR:0cr300c/cr3503f:9cAd,4c6s|/2d7hQd:-400,400(-400.000000)
643:BR,Player:0cc/r1761f:9cJd,4s8c|/6cQdKd:100,-100(100.000000)
644:Player,BR:0cc/cr876f:5dJs,6cAh|/6d7h9h:-100,100(-100.000000)
645:BR,Player:0r130c/r1751c/cr2849c/cc:TcJc,6cJs|/8cTdQh/3h/4s:4830,-4830(1534.370694)
646:Player,BR:0cr300c/cr495f:8cTc,9dJs|/2s9sAh:-400,400(-400.000000)
647:BR,Player:0f:7sKd,2d9c|:50,-50(50.000000)
648:Player,BR:0cc/cr876f:9cJs,5h8d|/3dQdAs:-100,100(-100.000000)
649:BR,Player:0r130c/r2014f:2c6s,8hJd|/2s5h8s:230,-230(230.000000)
650:Player,BR:0cr130c/cr4051f:4cAc,8h9h|/2cThKs:-230,230(-230.000000)
651:BR,Player:0r130c/r871c/cc/cr1015c:6dKd,5s8h|/4d4c6s/Tc/Ac:2116,-2116(-10.291668)
652:Player,BR:0cr600c/cr3047f:TdAc,5dJh|/4d6c7s:-700,700(-700.000000)
653:BR,Player:0f:4sAh,3d9c|:50,-50(50.000000)
654:Player,BR:0cc/cr435f:2hTs,8hAh|/7cThKs:-100,100(-100.000000)
655:BR,Player:0cc/r435f:7cJd,4s8c|/2h8dKd:100,-100(100.000000)
656:Player,BR:0cc/cr876f:5dTd,7sJd|/6h6cQh:-100,100(-100.000000)
657:BR,Player:0cc/r435f:8cKc,JdQs|/6h7s9h:100,-100(100.000000)
658:Player,BR:0cc/cr876f:4sAh,QsKc|/5c6s7c:-100,100(-100.000000)
659:BR,Player:0cc/r379c/cc/cr721c:9cJd,6d8h|/8cJsJc/8s/5s:1200,-1200(1200.000000)
660:Player,BR:0cc/cr216c/cc/r374c:4dJd,2cTd|/TcQhQd/Jh/5c:690,-690(150.383663)
661:BR,Player:0cc/r435f:6cAc,7hQh|/5c9hKs:100,-100(100.000000)
662:Player,BR:0cc/cr435c/r305f:6sKh,2h3s|/6h6dTh/Qh:535,-535(535.000000)
663:BR,Player:0r130c/r1001f:3s3d,3cQh|/5s9hTs:230,-230(230.000000)
664:Player,BR:0cc/cr876f:5dQs,7dKd|/7h8hQc:-100,100(-100.000000)
665:BR,Player:0cc/r876c/cr4224f:4cJd,7h8s|/6d7dTs/9s:-976,976(-976.000000)
666:Player,BR:0cr600c/r2100r3985r12535r680c/cc/cc:KdAs,4h9s|/4c5sKs/9c/Jd:-20000,20000(-18782.892676)
667:BR,Player:0r130c/r285f:7dTh,3s6c|/8sTdKc:230,-230(230.000000)
668:Player,BR:0cc/cr3080f:7dKc,5s8h|/6sThAc:-100,100(-100.000000)
669:BR,Player:0cc/r1761f:7cAc,5cTc|/3h5s9d:100,-100(100.000000)
670:Player,BR:0cr200c/cr2627f:8dQd,6sJd|/4c6hKc:-300,300(-300.000000)
671:BR,Player:0r130c/r1001c/cr1184f:8hKh,3d4d|/5h6s7c/3c:-1231,1231(-1231.000000)
672:Player,BR:0cc/cr1761f:4cQc,2s6s|/6hKdAd:-100,100(-100.000000)
673:BR,Player:0f:6hTh,2d5s|:50,-50(50.000000)
674:Player,BR:0cr130c/r299r4632f:4cKc,4hJd|/2h3s9h:-529,529(-529.000000)
675:BR,Player:0f:QsKc,3cTs|:50,-50(50.000000)
676:Player,BR:0cr300c/cr1741r4299f:6s6h,5cKs|/3s6c8d:2141,-2141(2141.000000)
677:BR,Player:0r130c/r1001c/cc/cc:6dTc,QsQc|/2h8hKs/4c/7s:-1231,1231(-1231.000000)
678:Player,BR:0cc/cr1761f:2d8d,3hQh|/4c7s7d:-100,100(-100.000000)
679:BR,Player:0f:7sJh,2cTd|:50,-50(50.000000)
680:Player,BR:0cc/cr100f:3dTh,5d9d|/5c7hKc:-100,100(-100.000000)
681:BR,Player:0r130c/r871f:7hTs,4s7d|/5sThTc:230,-230(230.000000)
682:Player,BR:0cc/cr124r376r5254c/r5846f:6sTs,6c8h|/5d6hTd/9d:5854,-5854(5854.000000)
683:BR,Player:0cc/r142f:3s8h,2hJc|/6s9hTd:100,-100(100.000000)
684:Player,BR:0cc/cr876f:3dKs,3s6c|/6sQhKd:-100,100(-100.000000)
685:BR,Player:0r130c/r1001c/cc/cc:7h8c,7s7c|/4h4cQd/3d/2h:-1231,1231(-1231.000000)
686:Player,BR:0cc/cr876f:4c8s,3hAd|/4h6dTd:-100,100(-100.000000)
687:BR,Player:0r130c/r2014r6726f:4h9s,2c6c|/2hTsQd:-2244,2244(-2244.000000)
688:Player,BR:0cc/cr761f:5dJc,AsAh|/4c5s9c:-100,100(-100.000000)
689:BR,Player:0r130c/r871c/cr100c/cr6527f:2cQh,8sJd|/9cThQc/4h/Td:-1201,1201(-1201.000000)
690:Player,BR:0cr200c/cr1306f:8dAd,9cQc|/4s5d6s:-300,300(-300.000000)
691:BR,Player:0r200c/r2284f:QsAc,3d5s|/JsKcAd:300,-300(300.000000)
692:Player,BR:0cr130c/r299r1317f:8d9d,2d3d|/3s4s6d:-529,529(-529.000000)
693:BR,Player:0f:2c3s,3d8s|:50,-50(50.000000)
694:Player,BR:0cc/cr1532f:3cQd,5hAd|/6cQhAc:-100,100(-100.000000)
695:BR,Player:0f:6sQc,2c9d|:50,-50(50.000000)
696:Player,BR:0cc/cr124f:3h4c,4s4d|/2c9hQs:-100,100(-100.000000)
697:BR,Player:0r130c/r1001f:5sKs,5dJh|/2sQdAd:230,-230(230.000000)
698:Player,BR:0cc/cr3080f:2c9s,5h6c|/3sTdAc:-100,100(-100.000000)
699:BR,Player:0r130c/r142c/cr421c/cc:TsQs,8sJh|/9sKdKc/5h/8c:-793,793(95.806648)
700:Player,BR:0cc/cr379c/cc/r721c:3hJc,TcJh|/2c9dJd/Js/6s:-1200,1200(-1108.682835)
701:BR,Player:0r130c/r3522f:2dAd,6sKc|/3d5d7c:230,-230(230.000000)
702:Player,BR:0cc/cr1761f:8cTs,TcJd|/4c9hQs:-100,100(-100.000000)
703:BR,Player:0r130c/r2014c/cr2241f:2dAc,6cAd|/3d6sQd/7c:-2244,2244(-2244.000000)
704:Player,BR:0cc/cr876f:3cJs,3hAc|/2sJdKs:-100,100(-100.000000)
705:BR,Player:0r130c/r871c/cr100c/cr1338c:8dAd,5h6s|/8hQsQc/2h/Ks:2539,-2539(261.938752)
706:Player,BR:0cr130c/cr1001f:ThQs,8hJc|/5c6sAh:-230,230(-230.000000)
707:BR,Player:0r130c/r1001f:TcAc,JhQs|/2s4c6h:230,-230(230.000000)
708:Player,BR:0cr300c/cr1741f:3s4s,2dAc|/TcQsQh:-400,400(-400.000000)
709:BR,Player:0r200c/r14055f:3hQc,4h9h|/3d3cKc:300,-300(300.000000)
710:Player,BR:0cc/cr124f:3c8s,8dAs|/5d7s7h:-100,100(-100.000000)
711:BR,Player:0cc/r876f:5hKh,6cTc|/3c6h8s:100,-100(100.000000)
712:Player,BR:0cc/cr1761f:2d7s,5cQc|/4d8s9h:-100,100(-100.000000)
713:BR,Player:0r130c/r2014f:2h7d,7cKc|/3dJdQs:230,-230(230.000000)
714:Player,BR:0cc/cr761f:TcKh,7h8s|/5d7d8h:-100,100(-100.000000)
715:BR,Player:0r130c/r2014f:5d7h,JhAh|/4d6hTc:230,-230(230.000000)
716:Player,BR:0cc/cr3080f:3sKd,6cAs|/6sJsQc:-100,100(-100.000000)
717:BR,Player:0r130c/r1001f:TdQd,4dAd|/2s3c4c:230,-230(230.000000)
718:Player,BR:0cr200c/r600r7881f:2d4d,5h9h|/2c6hTh:-900,900(-900.000000)
719:BR,Player:0r130c/r1001f:7dKc,QdAs|/3d4s6s:230,-230(230.000000)
720:Player,BR:0cc/cr876f:2cJs,3d8d|/5dQsQd:-100,100(-100.000000)
721:BR,Player:0r130c/r2014f:3s7c,6dQc|/8sQhAd:230,-230(230.000000)
722:Player,BR:0cc/cr3080f:2d9s,3cQh|/4d6sKs:-100,100(-100.000000)
723:BR,Player:0r200c/r2627c/cc/cc:3sTd,AhAd|/2hTsKs/Qs/4d:-2927,2927(-1870.539961)
724:Player,BR:0cr200c/cr1306f:8dAh,3cTd|/6h8s9h:-300,300(-300.000000)
725:BR,Player:0cc/r435f:3cTh,3hJd|/4h7cJh:100,-100(100.000000)
726:Player,BR:0cc/cr379f:8sKd,9sKh|/4d5d9d:-100,100(-100.000000)
727:BR,Player:0r130c/r1001f:2d7d,6c8d|/5dKdAs:230,-230(230.000000)
728:Player,BR:0cr300c/cr3503f:8h8c,2dAh|/6d9cQh:-400,400(-400.000000)
729:BR,Player:0r130c/r163c/cc/cc:2d9s,2hKh|/2s7cJc/6h/5c:-393,393(144.107236)
730:Player,BR:0cc/cr876f:7hKc,6cKh|/5dQdQc:-100,100(-100.000000)
731:BR,Player:0r130c/r285c/cc/cr543c:KdAd,6h7h|/6cJhJc/4c/4s:-1058,1058(-138.846880)
732:Player,BR:0cc/cr876f:2hTc,7sAs|/9dTsQd:-100,100(-100.000000)
733:BR,Player:0r130c/r1001f:6s8h,QdKh|/2s8sQs:230,-230(230.000000)
734:Player,BR:0cc/cr876f:2dTs,5hJh|/3cQdAh:-100,100(-100.000000)
735:BR,Player:0r200c/r747f:TcAd,8dTd|/3s3hJc:300,-300(300.000000)
736:Player,BR:0cc/cr379c/cc/cc:6dTs,2cJc|/6s9hJd/5c/8d:-479,479(-204.722536)
737:BR,Player:0r130c/r4051f:3dTh,7hQc|/2c6s9d:230,-230(230.000000)
738:Player,BR:0cr300c/cr3503f:AdAc,3c5c|/3s6d7s:-400,400(-400.000000)
739:BR,Player:0r200c/r1306f:9cQh,KcAs|/2s5h6d:300,-300(300.000000)
740:Player,BR:0cc/r200f:7hAc,3dQs|/7cJsJd:100,-100(100.000000)
741:BR,Player:0r300c/r866f:3s4s,5hTd|/4cQsQh:400,-400(400.000000)
742:Player,BR:0cr300c/cr1741f:3d5c,7hQh|/5sKsKh:-400,400(-400.000000)
743:BR,Player:0cc/cc/cc/cc:3dKh,4hJh|/7dQhAc/4c/6h:-100,100(4.974994)
744:Player,BR:0cr130c/cr2014f:8hAc,4c8s|/3sJsKs:-230,230(-230.000000)
745:BR,Player:0r200c/r2284c/cr100c/cr340c:6c7c,TdQd|/2c7sQc/Ac/Th:3024,-3024(3024.000000)
746:Player,BR:0cr300c/r800r4543f:6dTd,JhAh|/4h8d9h:-1200,1200(-1200.000000)
747:BR,Player:0r130c/r1001f:7sTh,6h8s|/5d8dKc:230,-230(230.000000)
748:Player,BR:0cc/cr876f:4s5d,JhQs|/5h7cTd:-100,100(-100.000000)
749:BR,Player:0r200c/r427f:2s3s,6cQs|/4d7d8s:300,-300(300.000000)
750:Player,BR:0cc/cr216c/cc/r884f:2d4h,3sAd|/2s2h3h/6d/Jh:316,-316(316.000000)
751:BR,Player:0r130c/r2014f:4cAh,5dKc|/6d8hQh:230,-230(230.000000)
752:Player,BR:0cc/cr1761f:3s8d,JcQh|/7c8sAd:-100,100(-100.000000)
753:BR,Player:0r200c/r1306f:5c6s,9dTh|/5s8sQs:300,-300(300.000000)
754:Player,BR:0cc/cr435f:3h6s,9cAc|/4h6dTh:-100,100(-100.000000)
755:BR,Player:0cc/r435f:3cTc,5s9s|/2sQhQd:100,-100(100.000000)
756:Player,BR:0cc/cr379f:5sKc,7dJs|/3s9dJc:-100,100(-100.000000)
757:BR,Player:0r130c/r100c/cc/cc:8hAs,2c8c|/2d6dQs/4c/9s:-330,330(-84.890793)
758:Player,BR:0cc/cr876f:7dJd,8hAd|/5s7sKh:-100,100(-100.000000)
759:BR,Player:0r130c/r2014f:7h9c,8sKd|/8cJhJd:230,-230(230.000000)
760:Player,BR:0cc/cr761f:2dQh,KsKc|/3s4hTs:-100,100(-100.000000)
761:BR,Player:0r130c/r2014f:KdAs,5cJc|/2d6s9s:230,-230(230.000000)
762:Player,BR:0cr200c/cr1306f:2s6s,9sJc|/2h7d8c:-300,300(-300.000000)
763:BR,Player:0r130c/r2014f:2cKc,TdAs|/2d8d9h:230,-230(230.000000)
764:Player,BR:0cc/cr876f:4sQd,3dQh|/3s8sTh:-100,100(-100.000000)
765:BR,Player:0r130c/r2014f:3d4c,7hAc|/3c5h7d:230,-230(230.000000)
766:Player,BR:0cc/cr216f:2cAs,2hJd|/8sTcJc:-100,100(-100.000000)
767:BR,Player:0r200c/r2627f:TsQd,4hQh|/7hJdKs:300,-300(300.000000)
768:Player,BR:0cc/cr876f:4hTd,2h9c|/9hTsJc:-100,100(-100.000000)
769:BR,Player:0cc/r249f:8cAd,TsQh|/4c5h5c:100,-100(100.000000)
770:Player,BR:0cr300c/cr996c/r524f:JsKs,7hQd|/8s9sTs/4h:1396,-1396(1396.000000)
771:BR,Player:0r200c/r2627c/cr1753c/cr14040c:6h8d,2d4d|/2h4c5c/4h/Jd:-18720,18720(2798.572480)
772:Player,BR:0cc/r200r2284f:5c9c,2h8d|/2d8sJc:-300,300(-300.000000)
773:BR,Player:0r200c/r1306f:6d8c,3s5d|/7sQdAd:300,-300(300.000000)
774:Player,BR:0cc/cr379f:2cJs,8sAc|/3c8hQd:-100,100(-100.000000)
775:BR,Player:0r130c/r1001f:TsKd,6hJc|/6d7h9s:230,-230(230.000000)
776:Player,BR:0cr600c/cr3047f:QcKh,2c6d|/3d7hJd:-700,700(-700.000000)
777:BR,Player:0r130c/r2014f:7hAs,3hKd|/7cThJd:230,-230(230.000000)
778:Player,BR:0cr300c/r520r4005f:QcAh,3dQs|/2h4h9d:-920,920(-920.000000)
779:BR,Player:0r200c/r427c/cr1343f:4d8c,9sAc|/2s9hTs/8h:-727,727(-727.000000)
780:Player,BR:0cc/cr876f:3hAc,8c9s|/5d7sQc:-100,100(-100.000000)
781:BR,Player:0r200c/r747f:6s6c,QdKh|/5d7h8d:300,-300(300.000000)
782:Player,BR:0cr200c/cr5284f:ThTc,6s8c|/7sKhAd:-300,300(-300.000000)
783:BR,Player:0r130c/r3522f:2hKh,6d7s|/2s3hAh:230,-230(230.000000)
784:Player,BR:0cr300c/cr1741f:3sAs,2dKd|/3d7c8c:-400,400(-400.000000)
785:BR,Player:0f:2sTd,3sTc|:50,-50(50.000000)
786:Player,BR:0cc/cr379f:2h7d,2d5c|/2s5sAh:-100,100(-100.000000)
787:BR,Player:0r130c/r1001f:6d7h,3d5c|/3hJcQc:230,-230(230.000000)
788:Player,BR:0cc/cr8194f:6s7d,2cAc|/6cJhQc:-100,100(-100.000000)
789:BR,Player:0r200c/r2627f:3sTd,8cAc|/2d8dQc:300,-300(300.000000)
790:Player,BR:0cc/cr379f:4s9h,5dTd|/6d8cTs:-100,100(-100.000000)
791:BR,Player:0cc/r379c/cr121c/cc:8c9h,TsKd|/2s4d9s/Ad/Js:600,-600(445.295901)
792:Player,BR:0cr300c/cr495c/cc/r305c:JcQs,6sTd|/2hThKs/6h/9s:1200,-1200(-1054.142930)
793:BR,Player:0r130c/r2014f:4dKh,3dJs|/5d6sTs:230,-230(230.000000)
794:Player,BR:0cc/cr435c/r305c/cc:2sJc,3cKc|/2c7s7h/Kh/Qh:-840,840(-465.366460)
795:BR,Player:0r130c/r285c/cc/cc:TdAd,7s9c|/3d3c7h/Qh/Ts:515,-515(515.000000)
796:Player,BR:0cr300c/cr1741f:2s2h,5dQs|/5h6h9c:-400,400(-400.000000)
797:BR,Player:0r130c/r19770f:9dAd,QsQc|/7c9sAc:230,-230(230.000000)
798:Player,BR:0cr300c/cr3503f:4d5d,7cAs|/6h9cJc:-400,400(-400.000000)
799:BR,Player:0f:7h8s,3s8d|:50,-50(50.000000)
800:Player,BR:0cc/cr876f:2c9h,8sTs|/9sJcKh:-100,100(-100.000000)
801:BR,Player:0r130c/r2014f:4s9h,7cQc|/6sAhAd:230,-230(230.000000)
802:Player,BR:0cc/cr876f:5c8c,3h7c|/6cTcKs:-100,100(-100.000000)
803:BR,Player:0cc/r435f:KdAd,4c5h|/2d5c9s:100,-100(100.000000)
804:Player,BR:0cr300c/cr1514f:3d7d,KsAs|/2sThAh:-400,400(-400.000000)
805:BR,Player:0r130c/r1001f:3s5d,TdQc|/7d8cAh:230,-230(230.000000)
806:Player,BR:0cc/r130r327f:TcQs,5cAc|/3d5s6s:-230,230(-230.000000)
807:BR,Player:0r130c/r2014f:JsQc,ThQh|/5sKsAh:230,-230(230.000000)
808:Player,BR:0cc/cr876f:4s9h,5dTs|/3d7hJd:-100,100(-100.000000)
809:BR,Player:0r200c/r2627f:2dTc,3h5c|/2h9hJd:300,-300(300.000000)
810:Player,BR:0cr600c/r1400r1400c/cc/cc:6d7d,4hKh|/2d4s8d/5h/9d:3500,-3500(3500.000000)
811:BR,Player:0r130c/r2014f:2sJc,8h8d|/3c6dQs:230,-230(230.000000)
812:Player,BR:0cc/cr1532f:3h8d,5cKd|/6cKhKc:-100,100(-100.000000)
813:BR,Player:0r200c/r1136f:8cJh,7cAh|/4s5hJc:300,-300(300.000000)
814:Player,BR:0cr200c/cr1306f:8s8d,5hTc|/7sJsAs:-300,300(-300.000000)
815:BR,Player:0cc/r435f:3cTh,3hJh|/2s7sJs:100,-100(100.000000)
816:Player,BR:0cc/cr124f:7c9d,4d5h|/3d4hTc:-100,100(-100.000000)
817:BR,Player:0r130c/r1001f:3d8d,3cQh|/5dQdAs:230,-230(230.000000)
818:Player,BR:0cc/cr876f:6hAd,6sAc|/2c4dKc:-100,100(-100.000000)
819:BR,Player:0cc/r1532f:8dAc,3dJc|/3hQsAd:100,-100(100.000000)
820:Player,BR:0cr300c/r520r2290c/r1206c/r5740c:KcAc,TsQd|/2cJhKs/6h/Ad:-10156,10156(-10156.000000)
821:BR,Player:0cc/cc/cc/cr200c:7cKs,2hQs|/9sQcAc/4h/8d:-300,300(-95.776047)
822:Player,BR:0cc/cr3080f:4dQc,3c7d|/6cJhJd:-100,100(-100.000000)
823:BR,Player:0r130c/r163f:QcAh,3s6s|/9s9dKc:230,-230(230.000000)
824:Player,BR:0cr300c/r520r520c/r768f:JcKs,3h4s|/7dQdKh/9c:1440,-1440(1440.000000)
825:BR,Player:0r130c/r871c/cr100c/cr1338c:6h8s,ThQh|/2s4h8h/2h/9h:-2539,2539(-1095.594971)
826:Player,BR:0cc/cr19900f:3s7h,4sAh|/4dTdAs:-100,100(-100.000000)
827:BR,Player:0r200c/r1306c/cc/cc:5hJs,7h9s|/4h9dAc/4c/3d:-1606,1606(-1606.000000)
828:Player,BR:0cc/cr876f:6cKh,3h8d|/TdQhKc:-100,100(-100.000000)
829:BR,Player:0r130c/r871c/cr279c/cc:6hQc,4s4d|/3sJsQd/8c/2d:1380,-1380(640.175281)
830:Player,BR:0cc/cr379c/cc/cc:3hAc,9dTd|/4s4c9s/As/8s:479,-479(421.111347)
831:BR,Player:0cc/r435f:4dKc,3cQh|/2h3h7c:100,-100(100.000000)
832:Player,BR:0cr200c/r390r854c/cc/r112c:2sTd,6dJd|/2d4sJc/3h/6h:-1656,1656(-1366.973300)
833:BR,Player:0r130c/r2014f:4sTc,5h6c|/3d5c7d:230,-230(230.000000)
834:Player,BR:0cr300c/cr3503f:QdKh,TsJd|/2s9cAh:-400,400(-400.000000)
835:BR,Player:0r130c/r1001c/cr1184f:4s6s,2cQh|/2hQdAd/8c:-1231,1231(-1231.000000)
836:Player,BR:0cr300c/cr1514f:5c7c,7hJh|/2h8dJs:-400,400(-400.000000)
837:BR,Player:0r130c/r4051f:2h8h,3h5s|/9sThKs:230,-230(230.000000)
838:Player,BR:0cr200c/r390r3004f:3dAd,5c8d|/7dTsQc:-690,690(-690.000000)
839:BR,Player:0cc/r3080f:2hAc,4h7s|/5s7cQh:100,-100(100.000000)
840:Player,BR:0cc/cr435f:8dAs,5hTc|/7h9hJc:-100,100(-100.000000)
841:BR,Player:0r200c/r1306f:5hTs,8dJc|/9sQhKs:300,-300(300.000000)
842:Player,BR:0cr600c/cr3047f:4s7d,3hQh|/6dTsJh:-700,700(-700.000000)
843:BR,Player:0r130c/r2014f:8dTh,JsQs|/4d7cKc:230,-230(230.000000)
844:Player,BR:0cc/cr876f:7h9c,8dTh|/3d6hQc:-100,100(-100.000000)
845:BR,Player:0r130c/r1001f:9sTs,6sJs|/5hJcQc:230,-230(230.000000)
846:Player,BR:0cc/cr435f:3dKs,JcAs|/3h6h8h:-100,100(-100.000000)
847:BR,Player:0r130c/r1001c/cc/cr2472f:3d5c,TdKh|/QcKsAh/4d/7s:-1231,1231(-1231.000000)
848:Player,BR:0cr200c/cr2627f:4dKd,4sTd|/9cKsAh:-300,300(-300.000000)
849:BR,Player:0r200c/r2627c/cr2923c/cr7605f:3h7d,8s8c|/7c8hQh/Js/4h:-5850,5850(-5850.000000)
850:Player,BR:0cc/cr876f:3sKh,2cTh|/4sJdQs:-100,100(-100.000000)
851:BR,Player:0r130c/r3522f:2d8h,5sAs|/2h2cQd:230,-230(230.000000)
852:Player,BR:0cc/cr124c/cc/cc:9hQd,7cKd|/8s8hKc/7d/4c:-224,224(-164.320942)
853:BR,Player:0r130c/r498c/cr1342c/cr2691f:5hQc,9dKd|/4h6dQd/5d/Jd:-2070,2070(-2070.000000)
854:Player,BR:0cc/cr124f:4dTs,5s8h|/3d8cJd:-100,100(-100.000000)
855:BR,Player:0f:6h7s,4h9c|:50,-50(50.000000)
856:Player,BR:0cc/cr876f:2s6d,2cJs|/8dQhAs:-100,100(-100.000000)
857:BR,Player:0r200c/r747c/cc/cr1713f:5cQs,QdKc|/8d8cJs/Ks/3c:-1047,1047(-1047.000000)
858:Player,BR:0cc/cr1761f:6s9h,2dAd|/3s5s7h:-100,100(-100.000000)
859:BR,Player:0f:2h5h,2d3c|:50,-50(50.000000)
860:Player,BR:0cc/r130r2014f:ThJc,3s8s|/3h5c9s:-230,230(-230.000000)
861:BR,Player:0r200c/r2627f:3d5d,4hJd|/5h8sTh:300,-300(300.000000)
862:Player,BR:0cc/cr1532f:3c7s,2cJd|/2s2hKc:-100,100(-100.000000)
863:BR,Player:0r130c/r2014f:6cJc,9sJh|/2d5c7h:230,-230(230.000000)
864:Player,BR:0cc/cr379f:3h9c,QdQc|/5d7c8d:-100,100(-100.000000)
865:BR,Player:0r130c/r1001f:3cJs,QhKs|/2c9cAc:230,-230(230.000000)
866:Player,BR:0cr200c/cr371c/cc/cc:4h4d,6sQs|/3d6hAc/Tc/7c:-671,671(-53.705677)
867:BR,Player:0r200c/r2627f:4s9s,2h2c|/3h5c7s:300,-300(300.000000)
868:Player,BR:0cr300c/r520r520f:7cTc,QsAs|/3c4h5d:-920,920(-920.000000)
869:BR,Player:0r200c/r1306f:4dJc,JdAc|/5h7d7c:300,-300(300.000000)
870:Player,BR:0cr300c/cr569f:2d2c,7cTc|/3d5d8s:-400,400(-400.000000)
871:BR,Player:0cc/r876r2014f:3s9d,2dJc|/2c6sJs:-976,976(-976.000000)
872:Player,BR:0cc/cr1761f:2dTc,5s9d|/TdQhQd:-100,100(-100.000000)
873:BR,Player:0cc/r379c/cr441c/cc:6hTc,3cTd|/7c9cTs/Kh/Qs:0,-0(121.699299)
874:Player,BR:0cc/r130r3522f:6hTd,5sKs|/4s5d8c:-230,230(-230.000000)
875:BR,Player:0f:9dJd,3d8s|:50,-50(50.000000)
876:Player,BR:0cc/cr435f:8dKh,2sJs|/5hTdQc:-100,100(-100.000000)
877:BR,Player:0f:4hKd,2c4d|:50,-50(50.000000)
878:Player,BR:0cc/cr124c/cc/cc:3cJh,2d7d|/7hJcQd/Ts/Kc:224,-224(224.000000)
879:BR,Player:0f:TsJc,2sTc|:50,-50(50.000000)
880:Player,BR:0cr300c/cr7045f:2d3d,3c9s|/JsKdAd:-400,400(-400.000000)
881:BR,Player:0r130c/r163f:KcAh,7cKh|/2h8sQs:230,-230(230.000000)
882:Player,BR:0cc/cr3080f:3s9h,2c5s|/8cKsAd:-100,100(-100.000000)
883:BR,Player:0r200c/r2627f:3hQs,2dAc|/3c7dTd:300,-300(300.000000)
884:Player,BR:0cc/cr124c/r100c/r366c:TsKd,8hQs|/5s8c9d/7c/Qd:-690,690(166.403167)
885:BR,Player:0r130c/r573f:6dJh,6s8h|/JcQsKh:230,-230(230.000000)
886:Player,BR:0cr200c/cr1306f:QcKd,8dKs|/4h5h5d:-300,300(-300.000000)
887:BR,Player:0r200c/r2627f:4d6c,6d7s|/3c8h8c:300,-300(300.000000)
888:Player,BR:0cc/cr435f:8c9d,3sJs|/4d8hAh:-100,100(-100.000000)
889:BR,Player:0r200c/r1136c/cc/cr3364c:ThAc,6c8d|/2c9cTc/2d/Kd:4800,-4800(4251.523378)
890:Player,BR:0cc/cr876f:6s9d,3sTs|/6d7cQh:-100,100(-100.000000)
891:BR,Player:0r130c/r1001f:2h6d,9hKd|/JsAsAd:230,-230(230.000000)
892:Player,BR:0cc/cr876f:8sJc,6h7s|/2s4cTc:-100,100(-100.000000)
893:BR,Player:0r130c/r2014f:4s7d,6dQc|/5c9hJd:230,-230(230.000000)
894:Player,BR:0cc/cr1761f:7sJc,4h8h|/TdJdQh:-100,100(-100.000000)
895:BR,Player:0r130c/r1001c/cc/cr2472f:4cTc,KhAs|/2d9sKc/5c/Qs:-1231,1231(-1231.000000)
896:Player,BR:0cc/cr124c/cc/r100c:6cQh,3hQs|/5sQdAs/Ad/8c:0,-0(-215.098012)
897:BR,Player:0cc/r1761f:3hTs,4hTh|/4dJcAc:100,-100(100.000000)
898:Player,BR:0cr300c/cr6126f:JcQs,2dKh|/6sTcKc:-400,400(-400.000000)
899:BR,Player:0r130c/r1001f:4h6d,5dAh|/2s4d7s:230,-230(230.000000)
900:Player,BR:0cc/cr435f:7dQh,9dQc|/3d5c8d:-100,100(-100.000000)
901:BR,Player:0r130c/r2014f:6s7d,5s8h|/9h9cKh:230,-230(230.000000)
902:Player,BR:0cc/cr876f:3cJc,8sQc|/4d7d9h:-100,100(-100.000000)
903:BR,Player:0cc/r876f:7hTs,8cAd|/2s6dQc:100,-100(100.000000)
904:Player,BR:0cr300c/cr3503f:6h6d,8cJs|/7sTdQs:-400,400(-400.000000)
905:BR,Player:0f:4s9d,2s5h|:50,-50(50.000000)
906:Player,BR:0cc/cr876f:7cJs,3s7d|/5sQsQc:-100,100(-100.000000)
907:BR,Player:0r200c/r19700f:8sJs,2d7d|/9dThQc:300,-300(300.000000)
908:Player,BR:0cc/cr876f:5dAc,6s7h|/3sJdKs:-100,100(-100.000000)
909:BR,Player:0cc/r435f:8cJs,4d7d|/2h7cAh:100,-100(100.000000)
910:Player,BR:0cr200c/cr1306f:9cAh,6h8c|/3s4dTh:-300,300(-300.000000)
911:BR,Player:0r130c/r1001f:7cQh,6cTh|/4c6h8c:230,-230(230.000000)
912:Player,BR:0cc/cr379f:4cKd,TsQd|/9sJdQs:-100,100(-100.000000)
913:BR,Player:0r200c/r1306f:JcQh,4sKd|/3s4dAc:300,-300(300.000000)
914:Player,BR:0cc/cr3080f:7cTd,2s4d|/6sQcAd:-100,100(-100.000000)
915:BR,Player:0cc/r876r2924f:3c6c,3sTc|/6d7hTh:-976,976(-976.000000)
916:Player,BR:0cr300c/cr3503f:6sAs,7cAd|/4dJcKh:-400,400(-400.000000)
917:BR,Player:0r200c/r747f:2h5s,7sTd|/ThQdKd:300,-300(300.000000)
918:Player,BR:0cc/cr3080f:4d5h,6h8s|/2s9hJs:-100,100(-100.000000)
919:BR,Player:0r130c/r285c/cr865c/cc:KhAs,2d2c|/3s5s5h/8h/Tc:-1380,1380(559.279617)
920:Player,BR:0cc/cr216c/cc/cc:4sTc,TsTd|/4c6dKs/Qh/Jd:-316,316(-164.063893)
921:BR,Player:0r130c/r1001f:8cQs,TcAs|/4d5h6s:230,-230(230.000000)
922:Player,BR:0cr300c/cr283f:9sTs,2dQc|/2s3c4h:-400,400(-400.000000)
923:BR,Player:0r130c/r1001c/cr1184c/cr4830f:8hJd,2s4s|/4c5sKc/Jh/Td:-2415,2415(-2415.000000)
924:Player,BR:0cc/cr876f:8s9h,TdJd|/4cAsAh:-100,100(-100.000000)
925:BR,Player:0r130c/r2014f:6hKd,5hKh|/4d9cJs:230,-230(230.000000)
926:Player,BR:0cc/cr100c/cc/r260f:4hQh,8dKc|/6hThAs/2c/8s:200,-200(200.000000)
927:BR,Player:0f:7hKh,2h3d|:50,-50(50.000000)
928:Player,BR:0cr300c/cr283c/r277c/cc:7sAs,QsAh|/3d4sJc/2h/Jd:-960,960(231.874093)
929:BR,Player:0cc/cc/cc/cr200f:5sQd,4s8s|/2cTsTh/8h/6d:-100,100(-100.000000)
930:Player,BR:0cr300c/r520r520f:9sJs,4dAd|/7h7cQc:-920,920(-920.000000)
931:BR,Player:0r130c/r2014f:3d8c,2dTd|/6hQdKs:230,-230(230.000000)
932:Player,BR:0cc/cr435f:6cKd,2h9c|/8cKcAs:-100,100(-100.000000)
933:BR,Player:0cc/cr130r7085f:9cQs,8cAd|/3h3c8s:230,-230(230.000000)
934:Player,BR:0cc/cr876f:7dJc,2h2c|/4h5sQs:-100,100(-100.000000)
935:BR,Player:0cc/r761f:3dQs,3hAs|/9sQdKd:100,-100(100.000000)
936:Player,BR:0cr300c/r520r4005f:TdJd,4d9s|/5h6dQd:-920,920(-920.000000)
937:BR,Player:0r130c/r1001f:2cTh,6c7c|/3dJsKc:230,-230(230.000000)
938:Player,BR:0cr200c/r600r2240f:JcKc,6d9d|/5s7hJd:-900,900(-900.000000)
939:BR,Player:0r130c/r2014f:6dQh,5sJc|/3s4sJh:230,-230(230.000000)
940:Player,BR:0cr300c/cr3503f:5s6h,3s9s|/2d8cQd:-400,400(-400.000000)
941:BR,Player:0r200c/r2627f:2h6h,QsKd|/TdJcQd:300,-300(300.000000)
942:Player,BR:0cr200c/r900r5224r12896f:QhAh,2cJd|/9hQcAc:6424,-6424(6424.000000)
943:BR,Player:0r130c/r2014c/cc/cc:4d5s,4cJd|/4hTdJc/5c/Qh:-2244,2244(1767.732193)
944:Player,BR:0cr300c/cr1741f:8cTh,5h8h|/3c4cJh:-400,400(-400.000000)
945:BR,Player:0r200c/r2284f:QcKh,5sKd|/6hJcQd:300,-300(300.000000)
946:Player,BR:0cr300c/cr3503f:ThTd,9sKh|/4d8cJd:-400,400(-400.000000)
947:BR,Player:0cc/r876c/cr584f:TsAc,4h8d|/7s8hJd/5h:-976,976(-976.000000)
948:Player,BR:0cc/cr1761f:5s6h,3d6s|/4sJcAh:-100,100(-100.000000)
949:BR,Player:0cc/r19900f:KhKd,3d5h|/2d7d8d:100,-100(100.000000)
950:Player,BR:0cr200c/cr1306f:9s9d,6c9c|/4s5d6d:-300,300(-300.000000)
951:BR,Player:0r200c/r2284c/cr2246c/cr2415f:TdAd,7sQd|/5d7dQs/Jh/5h:-4830,4830(-4830.000000)
952:Player,BR:0cr300c/cr1741f:4s5s,8s9d|/6hKsAs:-400,400(-400.000000)
953:BR,Player:0r130c/r163c/cc/cc:2cAc,4hTh|/7s7dTc/9s/6c:-393,393(-388.951494)
954:Player,BR:0cr300c/cr1514c/r100c/cc:7dJh,2hKc|/6cJdKh/9c/4c:-2014,2014(-929.795535)
955:BR,Player:0r130c/r4051f:2c8s,KsAh|/4sJhQc:230,-230(230.000000)
956:Player,BR:0cc/cr876f:7dQh,7h8s|/2d5s6c:-100,100(-100.000000)
957:BR,Player:0r130c/r327c/cc/cr1030f:3s4h,7sAd|/2d7c8s/Qd/Qs:-557,557(-557.000000)
958:Player,BR:0cc/cr876f:8sQc,8hTd|/8dJdKh:-100,100(-100.000000)
959:BR,Player:0r130c/r2014f:6d8d,7dJh|/7cQhAd:230,-230(230.000000)
960:Player,BR:0cr200c/cr1136f:6hQd,AsAc|/6c7h9s:-300,300(-300.000000)
961:BR,Player:0f:QdKc,3d7c|:50,-50(50.000000)
962:Player,BR:0cc/cr1761f:5cQh,2h4d|/JsKdKc:-100,100(-100.000000)
963:BR,Player:0r130c/r142c/cc/cr421c:9s9c,3d3c|/7sJcQh/Jh/Qc:793,-793(-165.829780)
964:Player,BR:0cc/cr435c/r305c/r420f:4s8s,9cKd|/5sTsJs/5c/6s:840,-840(840.000000)
965:BR,Player:0r130c/r1001c/cc/cr2472c:4s7c,6c7s|/4d5dAc/6s/8c:0,-0(2394.023778)
966:Player,BR:0cc/cr124r576r6091r13109c/cc/cc:3h4s,8s8h|/5hTcAs/7c/Jc:-20000,20000(-20000.000000)
967:BR,Player:0r130c/r285c/cc/cr543f:4cTd,QcKs|/5hThJd/3s/Qh:-515,515(-515.000000)
968:Player,BR:0cc/cr379f:2cQh,2hAd|/7s8cAc:-100,100(-100.000000)
969:BR,Player:0r130c/r1751f:9dAc,9sJs|/3c7cQc:230,-230(230.000000)
970:Player,BR:0cc/cr1761f:8h9c,3h5s|/5cTdAd:-100,100(-100.000000)
971:BR,Player:0cc/r435c/cc/cc:2hQh,5h9s|/6d8cAs/5d/Jd:-535,535(-535.000000)
972:Player,BR:0cc/cr216f:9cJh,5dQc|/3s4c5h:-100,100(-100.000000)
973:BR,Player:0cc/r379f:8dTc,3hQh|/7h7c8c:100,-100(100.000000)
974:Player,BR:0cc/cr876f:3d9c,7sQh|/9sJcKd:-100,100(-100.000000)
975:BR,Player:0f:3d9s,2c9d|:50,-50(50.000000)
976:Player,BR:0cr300c/cr3503f:8hAd,9cAc|/6d7dJc:-400,400(-400.000000)
977:BR,Player:0f:8cTh,2dTc|:50,-50(50.000000)
978:Player,BR:0cc/r130r3522f:9hQd,JsAs|/3s6cQs:-230,230(-230.000000)
979:BR,Player:0f:8c9c,2h4d|:50,-50(50.000000)
980:Player,BR:0cr600c/cr3047f:JcKh,4d6d|/3s5h9d:-700,700(-700.000000)
981:BR,Player:0r130c/r2014f:4dAh,5c9s|/3h5dJc:230,-230(230.000000)
982:Player,BR:0cc/cr435c/r305c/r168f:3cKs,2s8h|/3s5s7s/2c/Kh:840,-840(840.000000)
983:BR,Player:0r200c/r1136f:4dAs,3h3d|/JdKdAc:300,-300(300.000000)
984:Player,BR:0cr300c/cr495f:4h7h,3d8s|/2d8dKc:-400,400(-400.000000)
985:BR,Player:0r130c/r1001f:2dQc,3sJh|/7c9dAh:230,-230(230.000000)
986:Player,BR:0cr200c/cr212c/cc/cc:7h7c,5sKh|/2sKcAs/8s/2c:-512,512(-174.492015)
987:BR,Player:0r200c/r2627f:3s4s,7dTd|/7hJsJh:300,-300(300.000000)
988:Player,BR:0cc/cr876f:8s9c,7dTc|/6d7h9s:-100,100(-100.000000)
989:BR,Player:0r130c/r2014r6726f:9sKd,8dQs|/8hQdAc:-2244,2244(-2244.000000)
990:Player,BR:0cr300c/r800r2987f:JsAh,2dKs|/3c9sJh:-1200,1200(-1200.000000)
991:BR,Player:0r200c/r371c/cr709c/cr4140c:4d7d,8sKc|/2h7s9c/Qd/Tc:5520,-5520(5228.607009)
992:Player,BR:0cc/cr435f:6cJs,9dQh|/3c4cJc:-100,100(-100.000000)
993:BR,Player:0r130c/r1001f:7dKs,4dTh|/TdKcAs:230,-230(230.000000)
994:Player,BR:0cc/cr3080f:2d3d,4c8d|/3c5c7h:-100,100(-100.000000)
995:BR,Player:0cc/cr130r1001f:2cKs,4c8d|/3h7d7c:230,-230(230.000000)
996:Player,BR:0cc/cr435f:3d6h,7sAh|/3h4dQs:-100,100(-100.000000)
997:BR,Player:0r130c/r163c/cr665c/cc:QhAs,KcAd|/7h7cTh/2h/7s:-1058,1058(414.589339)
998:Player,BR:0cr200c/cr1136f:9cQc,6hJc|/2s2h6c:-300,300(-300.000000)
999:BR,Player:0r130c/r1001f:7dAs,8dKc|/9cTcJc:230,-230(230.000000)
1000:Player,BR:0cc/cr876f:2c4h,3d8h|/7d9hTd:-100,100(-100.000000)
RAW BR STATS: n=1000, sum=69479.000000, sum_sq=3750455351.000000, vr_sum=120836.542979, vr_sum_sq=2411140255.451187
BR STATS: 69.479000(119.955011), 120.836543(95.950734)
RESULTS
1)BR: 69479
2)Player: -69479
