In config file: GAME_DEF=game_def.fullholdem
In config file: ACTIONS_R0=C
In config file: ACTIONS_R1=F,C,0.05,0.0575,0.066125,0.07604375,0.087450313,0.100567859,0.115653038,0.133000994,0.152951143,0.175893815,0.202277887,0.23261957,0.267512505,0.307639381,0.353785288,0.406853081,0.467881044,0.5380632,0.61877268,0.711588582,0.81832687,0.9410759,1.082237285,1.244572878,1.43125881,1.645947631,1.892839776,2.176765742,2.503280603,2.878772694,3.310588598,3.807176888,4.378253421,5.034991434,5.790240149,6.658776171,7.657592597,8.806231486,10.12716621,11.64624114,13.39317731,15.40215391,17.71247699,20.36934854,23.42475083,26.93846345,30.97923297,35.62611791,40.9700356,47.11554094,54.18287208,62.31030289,71.65684832,82.40537557,94.76618191,A
In config file: ACTIONS_R2=F,C
In config file: ACTIONS_R3=F,C
Loading player: rgbr_nl_cprg.so
Player args: /home/viliam/cprg/project_uoapoker/trunk/src/c/meta_player.so /home/viliam/cprg/project_uoapoker/trunk/src/c/acpc14.map
Using seed 25.
1:Player,BR:0cc/cr1761c/cc/cc:QhKd,2sKh|/JsQsQd/5h/Ah:1861,-1861(1861.000000)
2:BR,Player:0r130c/r1001f:2sJh,9sJc|/3d6d8h:230,-230(230.000000)
3:Player,BR:0cr130c/r690r8056f:7c9c,JcAs|/3c4sTh:-920,920(-920.000000)
4:BR,Player:0r130c/r2014f:2dTs,4h5h|/2cJcAs:230,-230(230.000000)
5:Player,BR:0cc/cr435f:2c9s,5d6c|/3sQdAs:-100,100(-100.000000)
6:BR,Player:0r130c/r163f:TcAd,3h4s|/6s6c8c:230,-230(230.000000)
7:Player,BR:0cc/cr435f:4hJc,8hTc|/9s9dKs:-100,100(-100.000000)
8:BR,Player:0cc/r876f:4sQd,3dJh|/2c8sAh:100,-100(100.000000)
9:Player,BR:0cc/cr876f:5sQh,JhKc|/4c8s9s:-100,100(-100.000000)
10:BR,Player:0r130c/r1001c/cc/cc:7c8c,KhAd|/9cJdKd/7s/7d:1231,-1231(1231.000000)
11:Player,BR:0cr200c/cr2627f:JhQd,7cTd|/2c8dKh:-300,300(-300.000000)
12:BR,Player:0r130c/r871f:KhAs,7cQd|/6dJcAd:230,-230(230.000000)
13:Player,BR:0cc/cr249f:5dQc,9cAh|/4s4cQh:-100,100(-100.000000)
14:BR,Player:0f:6d8s,3c9d|:50,-50(50.000000)
15:Player,BR:0cc/cr216f:3c5s,9cKh|/8s9dQd:-100,100(-100.000000)
16:BR,Player:0r130c/r2014f:6cJd,2dQc|/5dTcQd:230,-230(230.000000)
17:Player,BR:0cc/cr761f:4sTh,TcKh|/3dQsKc:-100,100(-100.000000)
18:BR,Player:0r130c/r1001f:7h8s,8cJs|/6d9cJh:230,-230(230.000000)
19:Player,BR:0cc/cr1761f:4dQs,4hJh|/4s7sAh:-100,100(-100.000000)
20:BR,Player:0r130c/r1001f:JcKd,8s8d|/4h7d9h:230,-230(230.000000)
21:Player,BR:0cr130c/r690r8056f:8sTc,3d7h|/7cJsAd:-920,920(-920.000000)
22:BR,Player:0cc/r876f:6cTh,5hTs|/TdKcAd:100,-100(100.000000)
23:Player,BR:0cr300c/r520r16203f:9hJc,3hTs|/2h8cAc:-920,920(-920.000000)
24:BR,Player:0r130c/r285c/cc/cc:2hJh,QsAh|/TsTcJs/8h/6c:515,-515(515.000000)
25:Player,BR:0cc/cr876f:6hAd,4dTd|/3s9cKh:-100,100(-100.000000)
26:BR,Player:0f:8dQc,2c7h|:50,-50(50.000000)
27:Player,BR:0cr300c/cr1514c/r100c/cc:6s6d,2hKh|/3s7cKd/Kc/5c:-2014,2014(-1326.559774)
28:BR,Player:0r130c/r871c/cr100c/cr2111f:TsKd,6d9d|/4c7cTd/8d/Qh:-1201,1201(-1201.000000)
29:Player,BR:0cc/cr435f:4c6s,4h9s|/2d7s7h:-100,100(-100.000000)
30:BR,Player:0r130c/cc/cr115c/cc:2sQd,5d7c|/3s3d7s/Ac/Kh:-345,345(-234.798032)
31:Player,BR:0cc/cr1761f:2dTc,2hKh|/TdQsQd:-100,100(-100.000000)
32:BR,Player:0r130c/r1001f:4d5c,4sAc|/2d5hKd:230,-230(230.000000)
33:Player,BR:0cr300c/cr1741f:8c9d,TcQs|/6h7h8h:-400,400(-400.000000)
34:BR,Player:0r200c/r2627f:2h8d,5h7h|/2dQhAc:300,-300(300.000000)
35:Player,BR:0cr300c/cr1741f:JhQs,7dAc|/6c7cKh:-400,400(-400.000000)
36:BR,Player:0r130c/r1001r2472r5270c/cr4357f:6sTd,7c8h|/5h6d9c/2s:-8973,8973(-8973.000000)
37:Player,BR:0cr130c/cr1751f:6cKd,7hAc|/4c9cAd:-230,230(-230.000000)
38:BR,Player:0r130c/r2014f:2s9d,6hJc|/4d6sTh:230,-230(230.000000)
39:Player,BR:0cr300c/cr10715f:5h9h,2h2d|/2c3d4c:-400,400(-400.000000)
40:BR,Player:0cc/r761f:TdAc,3cJh|/3d5hTs:100,-100(100.000000)
41:Player,BR:0cc/cr124f:6cQh,3c8h|/5c8sJd:-100,100(-100.000000)
42:BR,Player:0r130c/r1001c/cr701f:2c9c,7sQh|/7hKhKd/Ad:-1231,1231(-1231.000000)
43:Player,BR:0cc/cr876f:3sKh,4sJd|/2d7s9c:-100,100(-100.000000)
44:BR,Player:0cc/r435f:7cQh,3c6h|/5d6c8c:100,-100(100.000000)
45:Player,BR:0cr200c/cr2627f:6h6c,9hKc|/3s8sAs:-300,300(-300.000000)
46:BR,Player:0r130c/r100c/cc/cc:8dTh,2sJs|/TcJhKd/9c/Qh:0,-0(-0.000000)
47:Player,BR:0cc/cr379c/cc/cc:4sKd,7sTc|/2d3dTh/4c/Jc:-479,479(-395.767531)
48:BR,Player:0r130c/r19770c/cc/cc:5hQh,JsJc|/8hJhKh/Ks/Th:-20000,20000(-7144.269665)
49:Player,BR:0cr200c/cr1306f:JhAc,3sJs|/8hQsKs:-300,300(-300.000000)
50:BR,Player:0r130c/r1001f:9cKc,5dJs|/4s6d7d:230,-230(230.000000)
51:Player,BR:0cr200c/cr19700c/cc/cc:6cQc,3hTs|/3cTcKd/Kh/6s:-20000,20000(6599.763367)
52:BR,Player:0r200c/r2627f:4s5h,7hTs|/3c6d8h:300,-300(300.000000)
53:Player,BR:0cc/cr876f:8sQc,QsAs|/7d9sJc:-100,100(-100.000000)
54:BR,Player:0cc/r876f:4sJs,8hQh|/6cTsKd:100,-100(100.000000)
55:Player,BR:0cc/cr876f:4hQs,7hJs|/3h6dTc:-100,100(-100.000000)
56:BR,Player:0cc/r435f:5h9d,4dTs|/3hJsKs:100,-100(100.000000)
57:Player,BR:0cc/cr435c/r305f:3h6d,7hJd|/3sKdKc/Ac:535,-535(535.000000)
58:BR,Player:0f:6cAs,4c9s|:50,-50(50.000000)
59:Player,BR:0cc/cr876c/cc/r974f:2sAc,4d6d|/5d9cAs/2d/Qh:976,-976(976.000000)
60:BR,Player:0r130c/r1001f:3h5c,8cKd|/7cJcAc:230,-230(230.000000)
61:Player,BR:0cc/cr19900f:2c8h,9s9c|/6c9hTd:-100,100(-100.000000)
62:BR,Player:0r200c/r427c/cr623c/cc:4dJs,6h7h|/3c6cKh/Jc/Ah:1350,-1350(-505.538501)
63:Player,BR:0cr300c/cr3503f:ThAs,6cQh|/6dTsKd:-400,400(-400.000000)
64:BR,Player:0r130c/r2014f:4d5d,8hTs|/2sQdKs:230,-230(230.000000)
65:Player,BR:0cc/cr876f:5d8s,8cQs|/4d6cJd:-100,100(-100.000000)
66:BR,Player:0r130c/r1001f:7sAs,ThAd|/9cTsJd:230,-230(230.000000)
67:Player,BR:0cr130c/cr1001f:9cKh,6cAs|/5s7sTd:-230,230(-230.000000)
68:BR,Player:0r130c/r163r665r1506r10132f:3d3c,7h7d|/2h7cJd:-2564,2564(-2564.000000)
69:Player,BR:0cc/cr876c/cc/cc:8s9h,8hTc|/8c9cAs/4c/Kc:-976,976(-433.142459)
70:BR,Player:0r130c/r2014f:4d6s,7cKs|/3s6dQd:230,-230(230.000000)
71:Player,BR:0cr300c/cr3503r8057f:3dTd,5hAh|/3cTsQd:3903,-3903(3903.000000)
72:BR,Player:0r200c/r2627f:3d8h,3c5s|/4cJhKs:300,-300(300.000000)
73:Player,BR:0cc/cr876c/cc/r974f:6cAd,2sKd|/3c5sAc/3d/Jc:976,-976(976.000000)
74:BR,Player:0r200c/r1306f:TsAc,6h6c|/3d4sQs:300,-300(300.000000)
75:Player,BR:0cc/cr1761f:JcQd,3d5s|/2d9sAd:-100,100(-100.000000)
76:BR,Player:0cc/r876f:5h8c,3dTh|/4c9sKd:100,-100(100.000000)
77:Player,BR:0cc/cr1532f:2h6s,9dQs|/9cTcJs:-100,100(-100.000000)
78:BR,Player:0r130c/r285f:4s7c,3dQh|/2s7h8d:230,-230(230.000000)
79:Player,BR:0cc/cr876f:5cAh,5d9d|/4d8dQs:-100,100(-100.000000)
80:BR,Player:0cc/r3080f:ThQh,6hAs|/7sJdKh:100,-100(100.000000)
81:Player,BR:0cr600c/cr3047f:7s8s,2cTh|/7hTdAh:-700,700(-700.000000)
82:BR,Player:0r130c/r1001f:7d8h,3s3h|/4hThJh:230,-230(230.000000)
83:Player,BR:0cc/cr379f:2c4s,JsJd|/7c8d9d:-100,100(-100.000000)
84:BR,Player:0r200c/r1306f:2hAh,4cQh|/2d6d8d:300,-300(300.000000)
85:Player,BR:0cc/cr876f:7hTs,3dJh|/4c5s5d:-100,100(-100.000000)
86:BR,Player:0f:8c9h,3d7s|:50,-50(50.000000)
87:Player,BR:0cc/cr249f:9sAc,2c7h|/8s8dJc:-100,100(-100.000000)
88:BR,Player:0r130c/r163c/cc/cc:4c8c,ThTc|/4d9sKh/9d/7d:-393,393(178.366991)
89:Player,BR:0cc/cr19900f:5cQh,7c8h|/7s8sAd:-100,100(-100.000000)
90:BR,Player:0r130c/r1001f:5sTs,2s3s|/7d8hAc:230,-230(230.000000)
91:Player,BR:0cr200c/r390r982f:7sKs,3hQh|/4dThKc:-690,690(-690.000000)
92:BR,Player:0r130c/r1001c/cc/cc:7dTd,9d9c|/8sThJh/6s/5d:1231,-1231(287.544836)
93:Player,BR:0cc/cr3080f:5dJs,2cTc|/6d8h9s:-100,100(-100.000000)
94:BR,Player:0r200c/r2627r12673f:4d5d,JhJd|/3s8cTs:-2927,2927(-2927.000000)
95:Player,BR:0cc/cr876f:2hTd,6hAc|/7hJsQs:-100,100(-100.000000)
96:BR,Player:0r130c/r1751c/cr1722c/cc:TcAd,5sAh|/2dKdAs/5h/3h:-3703,3703(-2029.148368)
97:Player,BR:0cc/cr876f:2c3h,5sAh|/6s8cQd:-100,100(-100.000000)
98:BR,Player:0r130c/r1001f:3dTc,5d9h|/3s4s6c:230,-230(230.000000)
99:Player,BR:0cr200c/cr2627f:3s9s,4sQh|/6h8hJd:-300,300(-300.000000)
100:BR,Player:0r200c/r371f:6sJh,4c7s|/2h6dTd:300,-300(300.000000)
101:Player,BR:0cc/cr216f:5d6h,2hTd|/2sKsKd:-100,100(-100.000000)
102:BR,Player:0r200c/r2627r12673f:4sJc,7s7d|/4d7hQh:-2927,2927(-2927.000000)
103:Player,BR:0cc/cr1761f:6cTh,8sTs|/2s3dQc:-100,100(-100.000000)
104:BR,Player:0r130c/r1001f:6hKh,2c4c|/7c8hAs:230,-230(230.000000)
105:Player,BR:0cc/cr876c/cc/r2014f:5dAh,5sTc|/6hQhAs/Ts/3h:976,-976(976.000000)
106:BR,Player:0r130c/r163f:3dJd,6cTd|/7cKsAh:230,-230(230.000000)
107:Player,BR:0cc/cr876f:8h9s,2s3h|/2c4sAs:-100,100(-100.000000)
108:BR,Player:0r200c/r1136c/cc/cr1324c:3hKc,8s9h|/5s7dKd/Jh/7c:2760,-2760(1512.037536)
109:Player,BR:0cc/cr876f:2c6c,5d6h|/3hQhKh:-100,100(-100.000000)
110:BR,Player:0r130c/r2014f:5sQs,6hJs|/3dTsKh:230,-230(230.000000)
111:Player,BR:0cr300c/cr19600f:3h5c,9sAd|/8d9d9c:-400,400(-400.000000)
112:BR,Player:0r130c/r1001f:7sJd,9dTd|/2h4s8h:230,-230(230.000000)
113:Player,BR:0cr200c/cr5284f:4cQc,3s6h|/2c8hKh:-300,300(-300.000000)
114:BR,Player:0r130c/r498f:4sAh,6cKh|/2s4c9s:230,-230(230.000000)
115:Player,BR:0cc/cr876f:2h8c,8h9c|/2cQsAh:-100,100(-100.000000)
116:BR,Player:0r130c/r2014f:6sQh,6cKs|/4c8cAd:230,-230(230.000000)
117:Player,BR:0cr200c/cr2627f:JdAh,JsKd|/2d2c5d:-300,300(-300.000000)
118:BR,Player:0r200c/r5284f:JsAh,6s8h|/3d7hKc:300,-300(300.000000)
119:Player,BR:0cc/cr876f:7cJc,9hAc|/2s2dJs:-100,100(-100.000000)
120:BR,Player:0r200c/r2627f:2c8c,6d8s|/4hTcKc:300,-300(300.000000)
121:Player,BR:0cc/cr876f:3s6c,3cAc|/2s8dTd:-100,100(-100.000000)
122:BR,Player:0r200c/r1306c/cr3224f:5h8c,7hQd|/3h7sQs/Jh:-1606,1606(-1606.000000)
123:Player,BR:0cc/cr435f:2s5d,3hJd|/8s9sTh:-100,100(-100.000000)
124:BR,Player:0r130c/r2014f:2c5c,7sJd|/5h9cKc:230,-230(230.000000)
125:Player,BR:0cc/cr3080f:2c4d,4hJc|/4c9dQc:-100,100(-100.000000)
126:BR,Player:0r130c/r285f:9hAh,8cJh|/2d9sKh:230,-230(230.000000)
127:Player,BR:0cc/cr435f:6h7s,2s9h|/2c4cKh:-100,100(-100.000000)
128:BR,Player:0r130c/r2014c/cr2241c/cr8970c:3sJc,5s6h|/4s7cQc/7d/Td:13455,-13455(10249.176662)
129:Player,BR:0cc/cr876f:6s8d,2s3s|/6dJsQh:-100,100(-100.000000)
130:BR,Player:0r200c/r1306f:3cKc,7sJs|/2d8h9d:300,-300(300.000000)
131:Player,BR:0cc/cr876f:6dJc,6s6c|/4d7d8d:-100,100(-100.000000)
132:BR,Player:0r130c/r2014c/cr1344f:2h5s,9cQh|/6s9dQd/3s:-2244,2244(-2244.000000)
133:Player,BR:0cr600c/cr3047c/r15853f:JsQd,4s6d|/8hTsAs/8s:3747,-3747(3747.000000)
134:BR,Player:0r130c/r1001f:5sQs,7s8s|/JdQhAs:230,-230(230.000000)
135:Player,BR:0cc/cr1761f:7hKd,2c9d|/3s8dAs:-100,100(-100.000000)
136:BR,Player:0r200c/r1306f:8c9d,3hQs|/4h5sJc:300,-300(300.000000)
137:Player,BR:0cr200c/cr1306f:TcAs,7c8s|/4s6hJc:-300,300(-300.000000)
138:BR,Player:0cc/r876f:6c8s,8dAs|/TdKsAd:100,-100(100.000000)
139:Player,BR:0cc/cr124c/cc/cc:9cJs,9sKh|/5s5cKc/4h/Qd:-224,224(-154.101378)
140:BR,Player:0r130c/r2014f:QsKh,8hJh|/4s9hAs:230,-230(230.000000)
141:Player,BR:0cc/cr3080f:5s8c,2sKs|/3h9cQh:-100,100(-100.000000)
142:BR,Player:0r130c/r285c/cc/cc:7c9s,4h7s|/2s7hAh/Kc/Qs:0,-0(-139.850345)
143:Player,BR:0cc/cr435f:3hJs,2h3s|/7h9sAc:-100,100(-100.000000)
144:BR,Player:0r130c/r1001f:4s6h,8dAd|/8hThKc:230,-230(230.000000)
145:Player,BR:0cr300c/cr1741f:KhAs,2dTh|/3h6d9d:-400,400(-400.000000)
146:BR,Player:0r200c/r140c/cr235c/cr877c:3d6h,8dAd|/3h8sKs/Kc/7s:-1552,1552(-232.921732)
147:Player,BR:0cc/cr435f:6cQh,7c8c|/JdJcAc:-100,100(-100.000000)
148:BR,Player:0cc/r876f:4s7c,3d6c|/TsQcKc:100,-100(100.000000)
149:Player,BR:0cr200c/cc/r150c/cc:8hAc,4cJs|/2dKsKc/6h/7c:450,-450(450.000000)
150:BR,Player:0cc/r876f:5dJc,3dTd|/2c4d9h:100,-100(100.000000)
151:Player,BR:0cc/cr435f:3cTs,TdJd|/2s7hQd:-100,100(-100.000000)
152:BR,Player:0r130c/r2014f:8sKd,JdAh|/5sJsQh:230,-230(230.000000)
153:Player,BR:0cr300c/r520r4005f:8dJd,4h6d|/2d2cAc:-920,920(-920.000000)
154:BR,Player:0r130c/r3522c/cr3125c/cc:7dQh,2sKc|/2h2c7h/6d/Ah:-6877,6877(-1388.981207)
155:Player,BR:0cr130c/cr2014r6726f:7h8d,2c7s|/6h9d9c:2244,-2244(2244.000000)
156:BR,Player:0r130c/r2014f:2hQc,5sTh|/3h4dAh:230,-230(230.000000)
157:Player,BR:0cr300c/r2400r2400r11600f:6hKh,7sKd|/6s8hAh:5200,-5200(5200.000000)
158:BR,Player:0cc/r876f:3c6c,3d6h|/2c7cKd:100,-100(100.000000)
159:Player,BR:0cr300c/cr1741f:QhKc,2c7d|/7sJhAs:-400,400(-400.000000)
160:BR,Player:0cc/r435f:4hTs,ThAc|/2s5dKh:100,-100(100.000000)
161:Player,BR:0cr300c/cr3503f:5d8h,6sQs|/5c7hKh:-400,400(-400.000000)
162:BR,Player:0r130c/r2014f:8cQs,2d9d|/5cJsAd:230,-230(230.000000)
163:Player,BR:0cr200c/cr1306f:TcQc,6hJc|/8s8hKd:-300,300(-300.000000)
164:BR,Player:0r130c/r1001f:6h9d,8dAs|/3s5hTh:230,-230(230.000000)
165:Player,BR:0cr130c/r460r6042f:4h8h,5dTh|/9sJhAc:-690,690(-690.000000)
166:BR,Player:0r130c/r1001f:5c9c,3c6c|/TcQcAs:230,-230(230.000000)
167:Player,BR:0cc/cr876f:5h9d,6h8h|/4hQdAc:-100,100(-100.000000)
168:BR,Player:0r130c/r1001c/cc/cc:8d9h,6dAs|/2d6cKh/4c/9c:1231,-1231(-145.560373)
169:Player,BR:0cc/cr876f:2h3c,2c6s|/9hJhQh:-100,100(-100.000000)
170:BR,Player:0r130c/r2014f:JhKc,9cAs|/5dTsQd:230,-230(230.000000)
171:Player,BR:0cr300c/r800r5224f:3s3h,3d5d|/2h2cKc:-1200,1200(-1200.000000)
172:BR,Player:0r200c/r2627f:3dTd,5c8d|/9h9cQs:300,-300(300.000000)
173:Player,BR:0cc/r130r7085f:6cQs,8d9c|/6dQdAh:-230,230(-230.000000)
174:BR,Player:0r200c/r371r709c/cr8280c/cc:8hTh,3dJd|/2dTcQs/6c/5s:9660,-9660(9660.000000)
175:Player,BR:0cr130c/cr327f:5cAc,4c6h|/6d8s8c:-230,230(-230.000000)
176:BR,Player:0r130c/r1001f:4dJh,6sJc|/5s7cKs:230,-230(230.000000)
177:Player,BR:0cr600c/cr3047f:8dAd,3d8c|/2s7s9h:-700,700(-700.000000)
178:BR,Player:0r130c/r163f:3h8s,5c6h|/3s9dQc:230,-230(230.000000)
179:Player,BR:0cc/cr876f:2dAc,3c7c|/2h4cKh:-100,100(-100.000000)
180:BR,Player:0r130c/r2014f:3hQs,6sJh|/6d8sKh:230,-230(230.000000)
181:Player,BR:0cc/cr3080f:4sJh,4c8h|/6dQhAc:-100,100(-100.000000)
182:BR,Player:0cc/r100c/cr400c/cc:JdKc,2hAd|/5h8cAs/2d/5c:-600,600(58.212070)
183:Player,BR:0cc/cr100c/cc/cc:4dAc,6hAh|/9dQdQc/7c/9h:0,-0(-120.501930)
184:BR,Player:0r200c/r19700f:TdAc,4hKh|/KsAhAd:300,-300(300.000000)
185:Player,BR:0cr300c/cr7045f:8s9c,5h7d|/3dTsKh:-400,400(-400.000000)
186:BR,Player:0cc/r124c/cr100c/cr366c:8sQs,9cQd|/8c9hKh/Ks/Kc:-690,690(-256.347262)
187:Player,BR:0cr200c/cr1306c/cc/r914f:JsJd,3d9h|/4s4dAs/2h/3s:1606,-1606(1606.000000)
188:BR,Player:0r130c/r871c/cr2579f:KsKd,3h6h|/3c5h6s/9h:-1101,1101(-1101.000000)
189:Player,BR:0cc/cr435f:9cKd,4d7d|/4hJdAh:-100,100(-100.000000)
190:BR,Player:0r130c/r871c/cc/cc:5dJc,9dJh|/3s3dJd/Kc/5h:1101,-1101(881.611985)
191:Player,BR:0cr200c/cr1306c/cc/r1544c:8cAc,6sJh|/4c8dTh/2d/Ah:3150,-3150(1150.628198)
192:BR,Player:0cc/r876c/cc/cc:3sJd,9cQh|/2c8dTd/Qc/Th:-976,976(-976.000000)
193:Player,BR:0cc/cr876f:3dJd,4sAd|/2s7c9d:-100,100(-100.000000)
194:BR,Player:0r130c/r2014f:6c7c,8hAd|/2cJcKd:230,-230(230.000000)
195:Player,BR:0cc/cr761c/cc/r189c:2dAs,QcAh|/6s7hAc/Kd/8d:-1050,1050(-588.036743)
196:BR,Player:0r200c/r1306f:ThQh,7hQc|/2c3s5h:300,-300(300.000000)
197:Player,BR:0cc/cr435f:9sKh,6cQs|/4h4dJs:-100,100(-100.000000)
198:BR,Player:0cc/cc/cr200c/cr600f:4hKs,8cJh|/3d9sAc/Tc/Qd:-300,300(-300.000000)
199:Player,BR:0cr300c/r800r800c/r1600f:7dJh,8s9h|/7s7cAh/6h:2000,-2000(2000.000000)
200:BR,Player:0r130c/r1001c/cr2472f:2s4h,7dTc|/3d9dJh/8s:-1231,1231(-1231.000000)
201:Player,BR:0cr300c/cr1514c/r100c/cc:9sAc,5sJc|/3h9dJs/4c/Td:-2014,2014(-1288.123272)
202:BR,Player:0f:9sJc,2d5s|:50,-50(50.000000)
203:Player,BR:0cr600c/cr3047f:QdAh,5hKd|/2s8h9s:-700,700(-700.000000)
204:BR,Player:0r130c/r19770f:3c5s,5h8c|/3s5dTs:230,-230(230.000000)
205:Player,BR:0cc/cr876f:7cTd,4cJc|/5hJdKh:-100,100(-100.000000)
206:BR,Player:0r130c/r2014f:2dAd,JcKh|/5s6d9d:230,-230(230.000000)
207:Player,BR:0cr200c/cr1306f:QcKd,5s8h|/2s3c6h:-300,300(-300.000000)
208:BR,Player:0r130c/r1751f:KcAd,9hTs|/2c5cKd:230,-230(230.000000)
209:Player,BR:0cc/cr379f:2h5d,9sQd|/2c9cAd:-100,100(-100.000000)
210:BR,Player:0r200c/r140c/cr910c/cc:7hKd,JsJc|/5cAsAh/4c/7s:-1350,1350(859.656687)
211:Player,BR:0cc/cr1761f:4dAc,5cQh|/6hKcAh:-100,100(-100.000000)
212:BR,Player:0r130c/r1001f:2sTs,6d8c|/2d4dAd:230,-230(230.000000)
213:Player,BR:0cr200c/cr1306f:6s6c,4dKc|/2sJcQh:-300,300(-300.000000)
214:BR,Player:0cc/r124r376r376c/cr824f:5cTc,QdQc|/2h5hJc/3h:-976,976(-976.000000)
215:Player,BR:0cc/cr379c/cc/r121c:JsQh,7dAc|/2cJcAd/As/3c:-600,600(-464.634521)
216:BR,Player:0r200c/r2627f:2c4d,7s7h|/3c6cAh:300,-300(300.000000)
217:Player,BR:0cc/cr1761f:4c8s,2cQc|/TdQsKc:-100,100(-100.000000)
218:BR,Player:0r130c/r1001f:4hAh,3cQs|/3dJhKd:230,-230(230.000000)
219:Player,BR:0cc/cr876f:2c3d,2s5c|/2h6d8d:-100,100(-100.000000)
220:BR,Player:0r130c/r3522f:JcKc,6sJd|/2c5h6c:230,-230(230.000000)
221:Player,BR:0cr300c/cr19600f:7h7c,6cAh|/6d9cAs:-400,400(-400.000000)
222:BR,Player:0r130c/r2014f:6h6d,6sKc|/3d3cKh:230,-230(230.000000)
223:Player,BR:0cc/cr876f:2hKh,3hJs|/2c4sAs:-100,100(-100.000000)
224:BR,Player:0r130c/r1001f:6d8c,2s3s|/8d9sTc:230,-230(230.000000)
225:Player,BR:0cr130c/cr1001f:6sAs,2s5h|/4sKdKc:-230,230(-230.000000)
226:BR,Player:0cc/r876f:7sTd,3sKc|/2d8d9s:100,-100(100.000000)
227:Player,BR:0cr300c/r800r2987c/r1573f:9sJs,2d6h|/6cTsQd/9d:4187,-4187(4187.000000)
228:BR,Player:0r130c/r1001f:7cAs,2cAh|/2s3d8s:230,-230(230.000000)
229:Player,BR:0cr200c/r390r390f:6cQc,6d7h|/5s7sAc:-690,690(-690.000000)
230:BR,Player:0r130c/r1001c/cr1184c/cr1207c:JcQs,5h6h|/5s7d7c/Ks/Kd:3622,-3622(-981.654915)
231:Player,BR:0cc/cr435f:5hQd,5s9c|/4h8hAd:-100,100(-100.000000)
232:BR,Player:0cc/cr130r130c/cr330f:7dAs,8cQd|/2c3hQh/Jd:-360,360(-360.000000)
233:Player,BR:0cc/cr876f:2cTs,9sAs|/5d6d8d:-100,100(-100.000000)
234:BR,Player:0r130c/r1001c/cr3599c/cc:9cQh,5dQc|/2c3c4d/8h/4h:4830,-4830(612.319762)
235:Player,BR:0cr300c/cr3503f:2d9d,QhAc|/4dTdKc:-400,400(-400.000000)
236:BR,Player:0r300c/r3503f:3hKs,8sJh|/2sTsAd:400,-400(400.000000)
237:Player,BR:0cc/cr761f:3c7s,9s9h|/2d5h7h:-100,100(-100.000000)
238:BR,Player:0r130c/r285c/cr543c/cc:3cAc,8cTc|/5d7sAh/Ks/Th:1058,-1058(538.717052)
239:Player,BR:0cc/cr379f:7hQd,3dAs|/2d3sTs:-100,100(-100.000000)
240:BR,Player:0r200c/r371r709r709c/cc/cr4259c:6h6d,JhKh|/2h3hJs/8c/Ks:-6348,6348(1614.504789)
241:Player,BR:0cc/cr876f:2sQc,3s5h|/9sAsAc:-100,100(-100.000000)
242:BR,Player:0r130c/r1001r2472r5270f:6hAd,2dAh|/2s3cKd:3703,-3703(3703.000000)
243:Player,BR:0cr300c/cr495c/cc/cc:4h6s,5dAh|/5s6dTd/Kh/9h:895,-895(18.006963)
244:BR,Player:0cc/r216f:4s9s,JsQh|/2h4h7c:100,-100(100.000000)
245:Player,BR:0cc/cr761f:4sJh,9hKd|/3d8dKh:-100,100(-100.000000)
246:BR,Player:0r130c/r2014c/cc/cc:4s5d,2cAd|/7h9sAs/4d/6c:-2244,2244(-2064.185410)
247:Player,BR:0cc/cr876f:2hQs,3hJs|/2d3s6c:-100,100(-100.000000)
248:BR,Player:0r200c/r1306f:2sJc,TcJd|/4d5cAc:300,-300(300.000000)
249:Player,BR:0cr130c/r460r982f:ThJc,8hTd|/3h4h5d:-690,690(-690.000000)
250:BR,Player:0cc/r3080f:7sTc,2dQh|/9h9dAc:100,-100(100.000000)
251:Player,BR:0cc/cr124c/cc/cc:2dQs,4h4c|/2h6hAs/Ks/8c:-224,224(-91.706108)
252:BR,Player:0r130c/r1001f:9cJs,8hQd|/2sQsAd:230,-230(230.000000)
253:Player,BR:0cr300c/cr1741f:8sJs,5d8d|/2dJcKd:-400,400(-400.000000)
254:BR,Player:0cc/r124c/cr100c/cr366f:4cTs,2cAc|/5cTdKd/As/8c:-324,324(-324.000000)
255:Player,BR:0cc/cr761c/cc/r100c:2dAs,7s9d|/7dKdAd/Th/9h:-961,961(-849.892683)
256:BR,Player:0r200c/r371c/cr709c/cc:8s9h,JcKc|/4h8hKd/5c/6s:-1380,1380(-1056.320171)
257:Player,BR:0cc/cr435f:2d9s,8hTh|/5sJdAd:-100,100(-100.000000)
258:BR,Player:0r200c/r2627f:2c6s,ThKc|/4h8h8c:300,-300(300.000000)
259:Player,BR:0cr600c/cr3047f:7dKd,9sAc|/2d3h8h:-700,700(-700.000000)
260:BR,Player:0r130c/r871f:JdJc,6hJs|/2d9sTs:230,-230(230.000000)
261:Player,BR:0cc/cr1532f:4sKc,3s5d|/3c5hJd:-100,100(-100.000000)
262:BR,Player:0r130c/r2014f:4cKd,3dAs|/3s6hQd:230,-230(230.000000)
263:Player,BR:0cr300c/cr1741f:4c7c,5dQs|/2d7d8c:-400,400(-400.000000)
264:BR,Player:0r130c/r2014f:5cKh,JcAc|/7h8sQs:230,-230(230.000000)
265:Player,BR:0cc/cr379f:5dKs,7dJd|/6d8hJh:-100,100(-100.000000)
266:BR,Player:0r200c/r2284f:5dAd,2sQc|/2d4h5c:300,-300(300.000000)
267:Player,BR:0cr130c/r299r2303r8277f:2dAd,6h8s|/3dJdAh:2832,-2832(2832.000000)
268:BR,Player:0cc/r435f:7s9h,2s5s|/5d7c8d:100,-100(100.000000)
269:Player,BR:0cc/cr249f:4cTs,9hQh|/7s7h7c:-100,100(-100.000000)
270:BR,Player:0r200c/r1306f:4dKs,4c5c|/8h9dTs:300,-300(300.000000)
271:Player,BR:0cr600c/cr431f:9hJh,5sKh|/6dKdAc:-700,700(-700.000000)
272:BR,Player:0cc/r876f:2s4h,3c6s|/2h5cQh:100,-100(100.000000)
273:Player,BR:0cc/cr19900f:8c9d,JcQc|/3hJsQh:-100,100(-100.000000)
274:BR,Player:0r130c/r19770f:8hKs,6cQh|/2c8dKh:230,-230(230.000000)
275:Player,BR:0cr300c/r520r520c/cc/r2792f:TdJh,6s8c|/5h9hJs/3h/9s:1440,-1440(1440.000000)
276:BR,Player:0f:3c7s,3h8d|:50,-50(50.000000)
277:Player,BR:0cc/cr124c/cc/cc:4cAd,7h9c|/7cJhQs/Th/Qd:-224,224(-20.146718)
278:BR,Player:0cc/r435f:7h8d,8cTh|/4c9cAc:100,-100(100.000000)
279:Player,BR:0cr130c/cr4051f:JcKd,4dJs|/4s6h8c:-230,230(-230.000000)
280:BR,Player:0f:6c7s,2s8h|:50,-50(50.000000)
281:Player,BR:0cc/cr876f:8hAs,JdAc|/2c3d4d:-100,100(-100.000000)
282:BR,Player:0r130c/r1001f:4cQh,5hJs|/4s9sTh:230,-230(230.000000)
283:Player,BR:0cr300c/cr1514c/r100c/cc:5h6h,3d5s|/3s4d5d/8c/Qh:-2014,2014(-1783.382245)
284:BR,Player:0r130c/r2014f:3c5d,3hQh|/4sThKs:230,-230(230.000000)
285:Player,BR:0cc/cr124f:3d8h,7sKc|/9d9cAc:-100,100(-100.000000)
286:BR,Player:0r300c/r3503f:5sKh,6hJc|/7dTsAd:400,-400(400.000000)
287:Player,BR:0cr130c/cr1001f:9hTh,JhKd|/2c6s8s:-230,230(-230.000000)
288:BR,Player:0r200c/r1306f:2s4h,9s9h|/4dQhAc:300,-300(300.000000)
289:Player,BR:0cc/cr124c/cc/r376c:7sTc,4cJh|/9dJdAs/6h/8c:600,-600(-77.047883)
290:BR,Player:0cc/r435f:9cTc,4s7c|/2dJsKs:100,-100(100.000000)
291:Player,BR:0cr600c/r4200c/r980c/r2940c:2s4d,ThQd|/4sQhKc/5s/6h:-8820,8820(-8820.000000)
292:BR,Player:0r130c/r2014f:5c8d,6h9d|/7sQdAs:230,-230(230.000000)
293:Player,BR:0cc/cr876r2014r4255f:9dKc,6cQc|/2s8d9h:-2990,2990(-2990.000000)
294:BR,Player:0f:2s6s,3s7d|:50,-50(50.000000)
295:Player,BR:0cc/cr1532f:4d5h,ThQc|/4c6sQh:-100,100(-100.000000)
296:BR,Player:0r130c/r163f:QhKh,6sTs|/5s5cAd:230,-230(230.000000)
297:Player,BR:0cr300c/cr1741f:3h5h,5sAs|/3c6c8c:-400,400(-400.000000)
298:BR,Player:0r130c/r163c/cr665c/cc:2dAs,4hJs|/4sKsKd/2s/Jc:-1058,1058(344.064336)
299:Player,BR:0cr600c/r910r2291f:8d9c,5dQc|/3dThTd:-1610,1610(-1610.000000)
300:BR,Player:0r130c/cr299r4632f:5hJc,9hTh|/4hQsQc:529,-529(529.000000)
301:Player,BR:0cc/cr379f:5d8d,5hAc|/3c6cAs:-100,100(-100.000000)
302:BR,Player:0r130c/r871f:9dQd,3hQc|/8d9hTc:230,-230(230.000000)
303:Player,BR:0cc/cr876f:2s3h,5h6h|/7s7dKs:-100,100(-100.000000)
304:BR,Player:0r130c/r871r1015r1015f:4dKd,5dJh|/9cQdKc:2116,-2116(2116.000000)
305:Player,BR:0cr300c/cr495f:8hKs,8cQh|/7dQcAs:-400,400(-400.000000)
306:BR,Player:0r130c/r285c/cc/cr543f:9hKd,6hQc|/8s9sQh/Ad/6s:-515,515(-515.000000)
307:Player,BR:0cr200c/r390r390r4440f:8c9c,3dKh|/7cTcKd:1080,-1080(1080.000000)
308:BR,Player:0cc/r124c/cc/cc:8h9d,2hJd|/9sJcAs/Kd/Ts:-224,224(-174.404376)
309:Player,BR:0cc/cr876f:9dAc,JsAh|/6c8hKs:-100,100(-100.000000)
310:BR,Player:0r130c/r1001c/cr2472f:4dKc,9cTh|/2sQsAs/Qd:-1231,1231(-1231.000000)
311:Player,BR:0cc/cr876f:4dAs,2sJh|/7h8sKs:-100,100(-100.000000)
312:BR,Player:0r130c/r1001f:QsKd,5d8s|/7d7cJh:230,-230(230.000000)
313:Player,BR:0cc/cr761f:2c9d,5hAs|/9sKdAh:-100,100(-100.000000)
314:BR,Player:0r130c/r498f:7dAs,9hQs|/2s8cAd:230,-230(230.000000)
315:Player,BR:0cr300c/cr1514r1766r5237f:TsKc,4cKs|/8h9cKh:-3680,3680(-3680.000000)
316:BR,Player:0r130c/r1001f:9dKh,4c5c|/6d8cAh:230,-230(230.000000)
317:Player,BR:0cc/cr124c/cc/r376c:2d4c,4s7d|/4hKhKc/Ts/Td:-600,600(-282.172264)
318:BR,Player:0r130c/r2014f:2sJd,QcKd|/5s7sTc:230,-230(230.000000)
319:Player,BR:0cc/cr876f:2s9c,KsAc|/7h8cQh:-100,100(-100.000000)
320:BR,Player:0cc/r876f:2c6d,4d8h|/3h4cTs:100,-100(100.000000)
321:Player,BR:0cc/cr876f:6hTs,QdKs|/4d5d7h:-100,100(-100.000000)
322:BR,Player:0r130c/r2014c/cr1344c/cr7176c:8sJd,7h7d|/2h7cKc/3h/9h:-10764,10764(-3264.938400)
323:Player,BR:0cc/cr435f:2s9d,4h6h|/QcKsAs:-100,100(-100.000000)
324:BR,Player:0r130c/r871f:JsQs,3h4d|/2d7sQc:230,-230(230.000000)
325:Player,BR:0cc/r200r2627f:5cTc,7h7c|/8s9hAc:-300,300(-300.000000)
326:BR,Player:0cc/r379c/cr121c/cr1800c:9cQs,3dQc|/2sQhQd/Td/2h:0,-0(1845.932117)
327:Player,BR:0cc/cr876f:8dQh,2h5h|/3h4sJd:-100,100(-100.000000)
328:BR,Player:0cc/r216c/cc/cc:3cKs,6sAs|/3s8h8d/Kh/4s:316,-316(316.000000)
329:Player,BR:0cr200c/cr1306f:9hAh,KdAc|/4sJsQd:-300,300(-300.000000)
330:BR,Player:0r130c/r2014f:4cTc,7s7h|/6dQsAc:230,-230(230.000000)
331:Player,BR:0cc/cr124c/cc/cc:2hAc,6dTd|/2sThQc/6h/4s:-224,224(-209.197020)
332:BR,Player:0f:6c9h,3c9s|:50,-50(50.000000)
333:Player,BR:0cr200c/cr1306f:3hTd,5cTc|/2s7sAd:-300,300(-300.000000)
334:BR,Player:0f:3s7d,2s3c|:50,-50(50.000000)
335:Player,BR:0cr300c/cr866f:2d9h,3hAs|/5d7sAc:-400,400(-400.000000)
336:BR,Player:0r130c/r2014f:QcAs,4sJh|/2hTdJc:230,-230(230.000000)
337:Player,BR:0cr200c/r390r3004f:2h2c,4s9d|/4c7d8c:-690,690(-690.000000)
338:BR,Player:0r130c/r498f:7d9h,6sQd|/3s3h7s:230,-230(230.000000)
339:Player,BR:0cc/r130r130f:4cTs,8sAs|/6sJsQh:-230,230(-230.000000)
340:BR,Player:0f:3cAc,2d4s|:50,-50(50.000000)
341:Player,BR:0cr300c/cr1741f:3c6c,5d7s|/6h7hQh:-400,400(-400.000000)
342:BR,Player:0f:JhKd,2h3s|:50,-50(50.000000)
343:Player,BR:0cr130c/r1380r1380r4416f:9dKd,5hAh|/3d9cKs:2990,-2990(2990.000000)
344:BR,Player:0r130c/r1001f:9sTc,3h4c|/3sJcKd:230,-230(230.000000)
345:Player,BR:0cc/cr435f:4hAs,2cAd|/8h9dJh:-100,100(-100.000000)
346:BR,Player:0f:3dQh,2h9s|:50,-50(50.000000)
347:Player,BR:0cc/cr435c/r305f:8dJh,3sJd|/5cTsQh/5d:535,-535(535.000000)
348:BR,Player:0r130c/r285c/cr175c/cr897f:7hAh,5hJd|/2d7dJh/8d/8s:-690,690(-690.000000)
349:Player,BR:0cr200c/cr371f:TdKh,5dKd|/8c9cKc:-300,300(-300.000000)
350:BR,Player:0r200c/r140c/cr595c/cc:KhAh,5hJh|/3c6s9d/9s/Ks:1035,-1035(1035.000000)
351:Player,BR:0cc/cr216c/cc/cc:5cKc,2c4s|/4cKhKd/Ah/Td:316,-316(-20.663199)
352:BR,Player:0r200c/r244f:2hAc,9sJs|/6h6d7h:300,-300(300.000000)
353:Player,BR:0cc/cr124c/cc/r100c:4d8s,6d8c|/4c8dQs/9c/9s:0,-0(-19.378609)
354:BR,Player:0r130c/r327f:4cKh,5h7h|/8s8cAh:230,-230(230.000000)
355:Player,BR:0cr300c/cr3503c/cc/r11697c:AhAc,8dKh|/7sTdAd/As/Qh:15600,-15600(-1902.079194)
356:BR,Player:0r200c/r427c/cr623c/cc:4dKh,QdQc|/9dJhJc/9s/Th:-1350,1350(-1350.000000)
357:Player,BR:0cc/cr876f:TdJh,4cTs|/8cTcKd:-100,100(-100.000000)
358:BR,Player:0r130c/r327f:8sQc,TcQs|/4s4c6c:230,-230(230.000000)
359:Player,BR:0cr300c/cr1741f:KsAh,7cJs|/4c7d8d:-400,400(-400.000000)
360:BR,Player:0r200c/r2284f:7d8s,JsAd|/6c8d8c:300,-300(300.000000)
361:Player,BR:0cc/cr435c/r305f:4dAc,6sJd|/2d2c7h/9s:535,-535(535.000000)
362:BR,Player:0r130c/r1001f:5hJd,4c7c|/2s3dAs:230,-230(230.000000)
363:Player,BR:0cc/cr249f:3c6d,2h3d|/9hJsAc:-100,100(-100.000000)
364:BR,Player:0cc/r1532f:TcJs,5c6d|/9cThAc:100,-100(100.000000)
365:Player,BR:0cc/cr379f:3cKs,TsQc|/4h4cTh:-100,100(-100.000000)
366:BR,Player:0r130c/r163c/cr665c/cr3174c:2dTs,4d7d|/2c5dKs/Tc/3h:4232,-4232(851.998519)
367:Player,BR:0cr130c/cr1001f:4hQh,7cTs|/6s6dJd:-230,230(-230.000000)
368:BR,Player:0r130c/r1001f:5h9c,7dAh|/4h5d7h:230,-230(230.000000)
369:Player,BR:0cr300c/cr3503f:3h3c,4c8s|/6sQdKc:-400,400(-400.000000)
370:BR,Player:0r130c/r285c/cc/cc:4s8h,2dQc|/2s8c9c/Td/3c:515,-515(-76.754437)
371:Player,BR:0cc/cr435f:8hQs,JdAh|/3h7sTs:-100,100(-100.000000)
372:BR,Player:0r200c/r2627c/cr2923c/cr14150f:6s6d,QdKh|/3c5dKd/4d/Js:-5850,5850(-5850.000000)
373:Player,BR:0cc/cr435f:7hJc,6cAs|/5d8cQs:-100,100(-100.000000)
374:BR,Player:0r200c/r371c/cc/cc:TcKs,7sJc|/7cTsQh/9c/6d:671,-671(20.371636)
375:Player,BR:0cr200c/r390r390f:2cTc,3d6s|/7d8d9d:-690,690(-690.000000)
376:BR,Player:0cc/r435f:2s8d,7c9h|/5s6h9d:100,-100(100.000000)
377:Player,BR:0cc/cr379f:5h9s,3h9c|/6c9dAc:-100,100(-100.000000)
378:BR,Player:0r200c/r1306f:7c8c,3dQd|/3c4c9d:300,-300(300.000000)
379:Player,BR:0cc/cr761f:3c6s,5c8c|/2cKcAc:-100,100(-100.000000)
380:BR,Player:0f:7hQd,2c4s|:50,-50(50.000000)
381:Player,BR:0cc/cr1761f:9dJh,7c8h|/4s5cQh:-100,100(-100.000000)
382:BR,Player:0r130c/r1001f:6d8s,5dQd|/2d4sTh:230,-230(230.000000)
383:Player,BR:0cr300c/cr7045f:9sTd,3dQs|/4dTsKh:-400,400(-400.000000)
384:BR,Player:0f:5s5d,2d8c|:50,-50(50.000000)
385:Player,BR:0cr300c/r520r1139f:KdAc,5sJc|/2h3hJd:-920,920(-920.000000)
386:BR,Player:0r130c/r2014c/cr2241f:2d3s,5hKs|/5sQhKh/8s:-2244,2244(-2244.000000)
387:Player,BR:0cr200c/cr2627f:5hAh,7hTd|/2d3s3d:-300,300(-300.000000)
388:BR,Player:0cc/r124c/cr376c/cc:4sKs,3sQc|/6s6cKc/7h/Jh:600,-600(502.590168)
389:Player,BR:0cc/cr876f:3hQs,6hTd|/4c7d7c:-100,100(-100.000000)
390:BR,Player:0cc/r435f:2h3c,2cAh|/6cTdJc:100,-100(100.000000)
391:Player,BR:0cc/cr876f:7hAs,8cJc|/2h6dTh:-100,100(-100.000000)
392:BR,Player:0r130c/r1001f:3cTh,JhAc|/5d8dKc:230,-230(230.000000)
393:Player,BR:0cc/cr379f:6dJc,AhAc|/ThJsQh:-100,100(-100.000000)
394:BR,Player:0f:9cJd,3d8c|:50,-50(50.000000)
395:Player,BR:0cr300c/r520r4005f:8h9h,2dJh|/3hKsKd:-920,920(-920.000000)
396:BR,Player:0r130c/r2014f:2c3s,3dTd|/4s8cQs:230,-230(230.000000)
397:Player,BR:0cc/cr876c/r584f:2h8d,3c5h|/8s8cJc/Qh:976,-976(976.000000)
398:BR,Player:0r130c/r2014f:5s6h,7dQd|/4cJhAc:230,-230(230.000000)
399:Player,BR:0cc/cr379f:7sKc,JhJd|/3dThAs:-100,100(-100.000000)
400:BR,Player:0r130c/r2014f:2s2d,ThJd|/4hTsKc:230,-230(230.000000)
401:Player,BR:0cc/cr761f:5h6c,TdKd|/3s9sTc:-100,100(-100.000000)
402:BR,Player:0cc/r876f:KdAd,4hKc|/5s7d9h:100,-100(100.000000)
403:Player,BR:0cr300c/cr3503f:8dKd,3dTh|/2s4cAc:-400,400(-400.000000)
404:BR,Player:0cc/r1761f:2h8c,4h8h|/4sThQd:100,-100(100.000000)
405:Player,BR:0cc/cr124c/cc/r100c:7cTh,4cKs|/5h5cKh/6c/Jd:-324,324(-256.590619)
406:BR,Player:0r130c/r498f:6dQs,ThQh|/4s6sJh:230,-230(230.000000)
407:Player,BR:0cc/cr435f:5dTd,JhKh|/3d5cAh:-100,100(-100.000000)
408:BR,Player:0r130c/r2014f:6sJd,8dJh|/3c6d7d:230,-230(230.000000)
409:Player,BR:0cr300c/cr3503f:8s9c,JcQc|/3c7s7d:-400,400(-400.000000)
410:BR,Player:0r130c/r2014f:2sKs,ThAh|/6d8cJs:230,-230(230.000000)
411:Player,BR:0cc/cr1761f:4dAc,4cTd|/9sQsQc:-100,100(-100.000000)
412:BR,Player:0r130c/r163c/cc/cr665f:3sQd,6dKc|/3c8dKs/5h/8h:-393,393(-393.000000)
413:Player,BR:0cc/cr3080f:7s9d,ThQs|/4s6sKc:-100,100(-100.000000)
414:BR,Player:0r200c/r2627f:3h5d,KdAc|/2h2dQh:300,-300(300.000000)
415:Player,BR:0cr200c/cr1136f:3sTh,5s6d|/2d4d5h:-300,300(-300.000000)
416:BR,Player:0r200c/r212c/cc/cc:2c5c,3cKd|/5sTcKh/Ah/5h:512,-512(512.000000)
417:Player,BR:0cr200c/cr2627f:6hAh,QcAd|/7dTcJc:-300,300(-300.000000)
418:BR,Player:0cc/r435f:8hKc,TcAs|/2c4d5s:100,-100(100.000000)
419:Player,BR:0cc/cr2679f:6sQs,JcQd|/9dJsAs:-100,100(-100.000000)
420:BR,Player:0r200c/r2627f:5sKc,8s9h|/4c6s8d:300,-300(300.000000)
421:Player,BR:0cr1200c/r1690r1690c/cc/r9074f:JsKc,7cTs|/4h4dKs/8h/7d:4680,-4680(4680.000000)
422:BR,Player:0r130c/cc/cr299f:3cKc,7sJd|/5s5dTh/7h:-230,230(-230.000000)
423:Player,BR:0cr130c/cr2014f:TcKs,4c7h|/7dJcAc:-230,230(-230.000000)
424:BR,Player:0r200c/r371c/cc/cr1129c:9hKd,TcJh|/7c9cQs/2c/2s:1800,-1800(763.992372)
425:Player,BR:0cc/cr435c/r305c/cc:2hAs,8cAh|/2s3hKs/Jh/Qd:840,-840(840.000000)
426:BR,Player:0cc/r3080f:5s7h,8sJd|/6s6hQh:100,-100(100.000000)
427:Player,BR:0cr300c/cr1741f:KsKc,4hKd|/7s8dAd:-400,400(-400.000000)
428:BR,Player:0f:3hQc,4h9d|:50,-50(50.000000)
429:Player,BR:0cc/cr379c/cc/r441c:4hJd,3hAh|/3c5dAd/Kh/Td:-920,920(-905.350761)
430:BR,Player:0r130c/r285c/cr543c/cc:7d9d,6d8h|/8c9cQh/Ah/2c:1058,-1058(356.372539)
431:Player,BR:0cc/cr876f:4hAs,9sQh|/2s3c4d:-100,100(-100.000000)
432:BR,Player:0r200c/r1306f:5dKc,8dQc|/4h7dAh:300,-300(300.000000)
433:Player,BR:0cc/cr876c/r584c/r780f:JsKd,2c9d|/3hTsQs/2h/Kc:1560,-1560(1560.000000)
434:BR,Player:0r200c/r427f:3d7h,8sKs|/3c9h9c:300,-300(300.000000)
435:Player,BR:0cc/cr142c/cc/cc:3dKs,6dTc|/ThQdAs/Ad/Jd:242,-242(134.079906)
436:BR,Player:0cc/r435f:3hTs,8sQd|/3d4s5h:100,-100(100.000000)
437:Player,BR:0cc/cr876f:3sJc,5hJh|/8hTcAc:-100,100(-100.000000)
438:BR,Player:0r130c/r1001c/cr1184c/cr17585f:5hTc,7c9d|/2h5s6d/3c/8c:-2415,2415(-2415.000000)
439:Player,BR:0cc/cr435f:2cJs,6hTc|/3c9dJd:-100,100(-100.000000)
440:BR,Player:0f:5d8h,2h6c|:50,-50(50.000000)
441:Player,BR:0cr200c/cr371c/cc/r229f:AsAd,3cJh|/3s4d9c/Kc/9h:671,-671(671.000000)
442:BR,Player:0r300c/r1741f:2h6c,6s9s|/2cJsKh:400,-400(400.000000)
443:Player,BR:0cc/cr379f:5h7s,4hJd|/3h8hJs:-100,100(-100.000000)
444:BR,Player:0r130c/r163c/cr665c/cc:8cAc,5s5h|/4d6sTh/5c/7s:1058,-1058(1058.000000)
445:Player,BR:0cc/cr876f:4dJc,3s6h|/9hJhKc:-100,100(-100.000000)
446:BR,Player:0f:6d8s,2d7s|:50,-50(50.000000)
447:Player,BR:0cc/cr19900f:5s7c,9cAc|/8cTcAs:-100,100(-100.000000)
448:BR,Player:0r130c/r2014f:8dAd,6dJs|/3s9cTh:230,-230(230.000000)
449:Player,BR:0cc/cr435c/r305c/r2520f:5c6s,8cKh|/3d4hAs/Jc/2s:840,-840(840.000000)
450:BR,Player:0r200c/r1306c/cc/cc:6dKs,3dQd|/9dKhAd/Qh/6c:1606,-1606(1463.216170)
451:Player,BR:0cr300c/cr1741f:7cAc,2c6s|/3s6cKs:-400,400(-400.000000)
452:BR,Player:0r130c/r1751f:TdAc,7hQd|/4cJhAd:230,-230(230.000000)
453:Player,BR:0cr600c/r910r2291c/cc/r1895f:TcQc,2s8s|/4d5cQh/7d/4s:3901,-3901(3901.000000)
454:BR,Player:0r130c/r285c/cr1325c/cc:5sKh,7cKs|/3c5c8d/6h/Qh:1840,-1840(1484.657813)
455:Player,BR:0cr600c/cr996c/cc/cc:8cAc,4dQd|/2sJsAs/Td/Kc:-1696,1696(-1090.096783)
456:BR,Player:0r300c/r1514c/cc/cc:QdKh,4dAh|/3d5sKd/As/8s:-1914,1914(967.340178)
457:Player,BR:0cr130c/cr4051f:8h9h,9sQs|/5c8sTh:-230,230(-230.000000)
458:BR,Player:0cc/r379c/cr441c/cc:9sTd,4cTs|/5c6hTc/4s/8h:-920,920(-148.433861)
459:Player,BR:0cc/cr876c/cc/r584c:7dQc,8c9h|/7hJsJh/3h/9s:-1560,1560(569.483474)
460:BR,Player:0r130c/r285c/cc/cc:QhQc,3sJh|/4h4cAh/Jd/3d:515,-515(498.561275)
461:Player,BR:0cc/cr124c/cc/r236f:4hTs,6h6c|/3dTdKc/5h/Kh:224,-224(224.000000)
462:BR,Player:0cc/r1761f:4d6s,TdAh|/3s3c9s:100,-100(100.000000)
463:Player,BR:0cr130c/cr2014f:QdKh,2s6c|/5s9hTh:-230,230(-230.000000)
464:BR,Player:0r300c/r1514f:7h7d,4hQd|/7c9cTs:400,-400(400.000000)
465:Player,BR:0cc/cr2679c/cc/r671c:6cKh,2dTs|/6hThTd/4s/8h:-3450,3450(-1646.882849)
466:BR,Player:0f:3h6s,2d8c|:50,-50(50.000000)
467:Player,BR:0cr300c/cr3503f:9sQs,5hTs|/3c9hKs:-400,400(-400.000000)
468:BR,Player:0cc/r100c/cc/cr260f:3d5s,4sTc|/5h9cTs/8s/2s:-200,200(-200.000000)
469:Player,BR:0cr300c/cr1741f:5h8h,2d4d|/6dJcKs:-400,400(-400.000000)
470:BR,Player:0r130c/r1751f:9cKc,JcAd|/3c8sTc:230,-230(230.000000)
471:Player,BR:0cc/cr124f:3cQc,6d7s|/6sTsTd:-100,100(-100.000000)
472:BR,Player:0r130c/r2014f:4d5s,3cQd|/2h3h7d:230,-230(230.000000)
473:Player,BR:0cc/cr876f:2h3c,6cQc|/3h4d9s:-100,100(-100.000000)
474:BR,Player:0r130c/r19770f:8dJc,5sAh|/JsJhQh:230,-230(230.000000)
475:Player,BR:0cc/cr19900c/cc/cc:4hAd,KcAc|/QcAsAh/Qd/Kd:-20000,20000(-20000.000000)
476:BR,Player:0r200c/r1306f:7sKh,3c5s|/8sQdAc:300,-300(300.000000)
477:Player,BR:0cr600c/cr6130c/cc/r4090c:4s6s,7sTc|/QhKsAs/3d/Jh:-10920,10920(-8635.062246)
478:BR,Player:0r130c/r1001f:9dAh,6sKs|/7d8cJc:230,-230(230.000000)
479:Player,BR:0cc/cr1761f:3dJs,5dQh|/7cKsAs:-100,100(-100.000000)
480:BR,Player:0r200c/r2627f:2s4h,3sQc|/3h8cKd:300,-300(300.000000)
481:Player,BR:0cc/cr876f:7sQs,9dJc|/4s4cQc:-100,100(-100.000000)
482:BR,Player:0r130c/r1001f:3h7h,2h2c|/ThQdKc:230,-230(230.000000)
483:Player,BR:0cc/cr1761c/cc/r1589f:TsKd,5dAs|/2c8hKh/4d/6s:1861,-1861(1861.000000)
484:BR,Player:0r200c/r1306f:2s4c,9dTc|/3d4sKc:300,-300(300.000000)
485:Player,BR:0cr130c/r299r753c/r622f:JcKs,8dKc|/9hTcQs/3c:1282,-1282(1282.000000)
486:BR,Player:0f:6cQs,2c6s|:50,-50(50.000000)
487:Player,BR:0cr200c/r600r1114r2126c/r828c/r14904c:7c9c,KsAd|/5c8sAh/Jh/5h:-19872,19872(-11856.222921)
488:BR,Player:0r130c/r1001c/cr2472f:6dTh,7dAd|/6hJhAc/7s:-1231,1231(-1231.000000)
489:Player,BR:0cr300c/cr1741f:5c9d,4dAh|/3c9hTs:-400,400(-400.000000)
490:BR,Player:0r130c/r1001c/cr2472c/cr11109f:ThQh,5cAd|/5d9hAs/Ah/Ac:-3703,3703(-3703.000000)
491:Player,BR:0cc/cr435f:3s8h,4cJs|/3dKsKc:-100,100(-100.000000)
492:BR,Player:0f:6h9c,3d8c|:50,-50(50.000000)
493:Player,BR:0cc/cr124f:7sQs,4c9d|/2d4dTc:-100,100(-100.000000)
494:BR,Player:0r200c/r1136f:7sJc,7dTc|/9sJsAs:300,-300(300.000000)
495:Player,BR:0cr300c/cr1741f:9s9d,4cTc|/3h5sQc:-400,400(-400.000000)
496:BR,Player:0f:5hTh,3d9h|:50,-50(50.000000)
497:Player,BR:0cc/cr124c/cc/r576f:4sJd,3s7h|/4d4c7d/2d/6c:224,-224(224.000000)
498:BR,Player:0cc/r876f:9cAh,TdAc|/5h7dQd:100,-100(100.000000)
499:Player,BR:0cr300c/cr3503f:7c9s,2hKd|/5s6sTs:-400,400(-400.000000)
500:BR,Player:0r130c/r1001f:5cAs,QsQh|/2c3c6d:230,-230(230.000000)
501:Player,BR:0cc/cr876f:2h8d,3s6s|/7d7cQd:-100,100(-100.000000)
502:BR,Player:0r130c/r871f:TdJs,7hQs|/3d7cTh:230,-230(230.000000)
503:Player,BR:0cc/cr435c/cc/r1075f:3sAc,2d6c|/5cKcAs/4h/9s:535,-535(535.000000)
504:BR,Player:0r200c/r1306f:9dKc,3sJc|/4s6c8c:300,-300(300.000000)
505:Player,BR:0cc/cr435f:8sKd,3cJh|/2d7cQh:-100,100(-100.000000)
506:BR,Player:0cc/r876f:JdQs,6cKh|/2s6hTs:100,-100(100.000000)
507:Player,BR:0cc/cr1761f:2hQs,3sAs|/2d7dJs:-100,100(-100.000000)
508:BR,Player:0r200c/r212c/cc/cr838c:8s8h,5s6h|/4cThKd/Qs/9h:1350,-1350(651.044836)
509:Player,BR:0cr300c/r520r2290f:7s7c,7dAh|/2s4s6d:-920,920(-920.000000)
510:BR,Player:0cc/r435f:2dTh,3c5d|/5sKsAc:100,-100(100.000000)
511:Player,BR:0cc/cr876c/cc/r974c:7cKd,KcAc|/4s7hQc/Qh/Ah:-1950,1950(-1156.431137)
512:BR,Player:0r130c/r871f:QhKc,7sTh|/6s7dKd:230,-230(230.000000)
513:Player,BR:0cc/cr435f:5hKd,2sAs|/9cThJc:-100,100(-100.000000)
514:BR,Player:0cc/r8194f:5h8c,9sKd|/5d8hQh:100,-100(100.000000)
515:Player,BR:0cc/cr124c/cc/cc:ThJc,7s7d|/4hJdQs/5d/Qh:224,-224(-157.303652)
516:BR,Player:0r130c/r1001r2472f:4c5c,7dQh|/QdQcKc:-1231,1231(-1231.000000)
517:Player,BR:0cr600c/cr16305f:3s7s,9sKc|/4h9dKs:-700,700(-700.000000)
518:BR,Player:0r130c/r1001f:2h4s,6c7c|/3d5dTd:230,-230(230.000000)
519:Player,BR:0cc/r300r996f:7h9c,5dTd|/5s8sAs:-400,400(-400.000000)
520:BR,Player:0r130c/r2014f:2h9c,9hAd|/8cTcJs:230,-230(230.000000)
521:Player,BR:0cr300c/cr569c/cc/r471f:TdJs,5hJh|/3h8dTc/Kd/3d:969,-969(969.000000)
522:BR,Player:0r130c/r2014f:TdQc,3d7d|/6hJhKc:230,-230(230.000000)
523:Player,BR:0cc/cr876f:3hQc,2c5d|/2s4hTh:-100,100(-100.000000)
524:BR,Player:0r200c/r427c/cr623f:7hJs,8sTd|/TsAdAc/Kh:-727,727(-727.000000)
525:Player,BR:0cc/cr876c/r974f:9cQd,8c9s|/9dThKs/Ad:976,-976(976.000000)
526:BR,Player:0r130c/r1001f:2dAs,7cJd|/2s7sTd:230,-230(230.000000)
527:Player,BR:0cc/cr124f:2s4h,JcKd|/7hKcAs:-100,100(-100.000000)
528:BR,Player:0r200c/r1306c/cc/cc:7dQs,8sTs|/6s8dTc/6d/Jd:-1606,1606(-1606.000000)
529:Player,BR:0cc/cr379c/cc/r121c:2c3d,9cKs|/4s5dKc/Qc/Jc:-600,600(-491.904177)
530:BR,Player:0r130c/r1001c/cc/cc:4c8d,TdQc|/3sQsAc/As/5s:-1231,1231(-1231.000000)
531:Player,BR:0cc/cr1761f:2c9h,JsQc|/2h8sKs:-100,100(-100.000000)
532:BR,Player:0r130c/r498f:TdTc,4c6s|/2d7hJc:230,-230(230.000000)
533:Player,BR:0cr200c/cr2284f:5h9h,9dAh|/9cKcAc:-300,300(-300.000000)
534:BR,Player:0r130c/cc/cr115c/cr2070f:6dKc,4hQs|/4cThAs/Jc/Ks:-345,345(-345.000000)
535:Player,BR:0cc/cr876f:2d9s,3h6s|/6hThKh:-100,100(-100.000000)
536:BR,Player:0r130c/r1001f:3sAd,9dQc|/4c6dKc:230,-230(230.000000)
537:Player,BR:0cc/cr1532f:2c6s,2d7h|/2h3s7c:-100,100(-100.000000)
538:BR,Player:0cc/r435c/cc/cc:9sQd,5d7c|/4s5h8h/Qs/7d:-535,535(-148.199012)
539:Player,BR:0cc/cr876f:3c9d,5h6d|/5d8dKd:-100,100(-100.000000)
540:BR,Player:0r130c/r1001f:7cQh,7h8d|/6h6d9d:230,-230(230.000000)
541:Player,BR:0cc/cr2679f:2s6h,4d7d|/7hTdJd:-100,100(-100.000000)
542:BR,Player:0r200c/r1306f:9dQh,4h6d|/5cTcJc:300,-300(300.000000)
543:Player,BR:0cc/cr379c/cc/cc:3dTd,9cTs|/8c9sTc/Jc/Ah:-479,479(-1.707730)
544:BR,Player:0r130c/cc/cr299c/cr1587c:7cKh,6dQh|/2s3s8h/9s/3c:2116,-2116(1225.115262)
545:Player,BR:0cr300c/cr1741r9059f:8h8d,9sJh|/2h3c6d:2141,-2141(2141.000000)
546:BR,Player:0r130c/r19770f:JhQd,3cKd|/2dJdQs:230,-230(230.000000)
547:Player,BR:0cc/cr435f:5dKc,3d9d|/7s7cTc:-100,100(-100.000000)
548:BR,Player:0r130c/r285f:6dJs,9sKc|/5h6sAd:230,-230(230.000000)
549:Player,BR:0cc/cr3080f:7c9s,2h3d|/6sQhQc:-100,100(-100.000000)
550:BR,Player:0r130c/r1001f:7c8c,5d6h|/3s9hAd:230,-230(230.000000)
551:Player,BR:0cc/cr8194f:6sJd,6cAd|/9hAsAh:-100,100(-100.000000)
552:BR,Player:0r130c/r2014f:3dQh,8sAd|/3s5dAh:230,-230(230.000000)
553:Player,BR:0cr600c/cr3047c/cc/r3603f:TcJd,5s8d|/3c9cTs/2h/5d:3747,-3747(3747.000000)
554:BR,Player:0f:5hQh,3s9h|:50,-50(50.000000)
555:Player,BR:0cc/cr761f:2sTc,9sAs|/5dJhAd:-100,100(-100.000000)
556:BR,Player:0r130c/r1001f:7sQh,9hKh|/3s3cTs:230,-230(230.000000)
557:Player,BR:0cr1200c/cr17313r1387c/cc/cc:8c9c,2c8h|/6hTcQc/4h/5c:20000,-20000(20000.000000)
558:BR,Player:0r130c/r327f:5hJs,3c5d|/6s6c8d:230,-230(230.000000)
559:Player,BR:0cc/cr124c/cc/r576c:8hAd,4hTd|/6dTsAs/4s/3c:-800,800(-606.952131)
560:BR,Player:0r200c/r1306c/cr3224f:2dAh,JdQd|/6d9dKh/6h:-1606,1606(-1606.000000)
561:Player,BR:0cc/cr435f:2dTh,5dJd|/3s8s9s:-100,100(-100.000000)
562:BR,Player:0r130c/r2014f:3s5h,7hKh|/5c7s9h:230,-230(230.000000)
563:Player,BR:0cc/cr876c/r974c/r390f:7sAh,2cKc|/2d6s7d/Jh/Qh:1950,-1950(1950.000000)
564:BR,Player:0f:6hTs,2h7c|:50,-50(50.000000)
565:Player,BR:0cc/cr876f:7d8s,8dAs|/3s7h9c:-100,100(-100.000000)
566:BR,Player:0r200c/r1136c/cr364c/cc:6sQh,5d6c|/2d5cQc/2h/4s:1800,-1800(1800.000000)
567:Player,BR:0cr300c/r520r520r2792r6023f:4d5d,5s7c|/2c4hTs:-4232,4232(-4232.000000)
568:BR,Player:0f:JdAd,2h8c|:50,-50(50.000000)
569:Player,BR:0cc/cr876f:6h7s,3s5d|/6cTcAs:-100,100(-100.000000)
570:BR,Player:0r130c/r2014c/cr4633f:7d9d,9cJc|/5d7cTc/8h:-2244,2244(-2244.000000)
571:Player,BR:0cc/cr1761f:2d9c,9sQd|/2s6hKd:-100,100(-100.000000)
572:BR,Player:0r200c/r1136f:AsAh,8hQc|/2d4hKc:300,-300(300.000000)
573:Player,BR:0cr200c/cc/cc/cc:9dAh,6dAd|/2cTcJc/3c/Jd:300,-300(258.171897)
574:BR,Player:0cc/r1761c/cc/cr5039f:3h4c,2sJh|/2h2c9h/Ac/9d:-1861,1861(-1861.000000)
575:Player,BR:0cc/cr216c/cc/r134f:2cKs,5s5c|/3s4hKd/8d/7c:316,-316(316.000000)
576:BR,Player:0r130c/r1001c/cr1184f:9dTs,5d7c|/2h4c6c/7h:-1231,1231(-1231.000000)
577:Player,BR:0cc/cr761f:2s9d,8hAc|/JcKdAd:-100,100(-100.000000)
578:BR,Player:0r200c/r2627r8773f:2h3d,5d7d|/2d5hQd:-2927,2927(-2927.000000)
579:Player,BR:0cc/cr1761f:2d9h,7hAd|/2s9sQs:-100,100(-100.000000)
580:BR,Player:0r130c/r1001f:3d8s,7hQd|/2s6s6h:230,-230(230.000000)
581:Player,BR:0cc/cr8194f:3cQh,TcJd|/7sThAh:-100,100(-100.000000)
582:BR,Player:0r130c/r871f:7c9c,5dKs|/3s8h9s:230,-230(230.000000)
583:Player,BR:0cr300c/r800r800c/r880c/r3744f:4c6s,JdQs|/5s7s8d/Ks/7d:2880,-2880(2880.000000)
584:BR,Player:0r130c/r2014f:8s9h,4s5d|/6cThAc:230,-230(230.000000)
585:Player,BR:0cr600c/cr3047f:9s9d,2d4c|/2h3dTc:-700,700(-700.000000)
586:BR,Player:0r130c/r573f:7sJc,6d7h|/9cKcAh:230,-230(230.000000)
587:Player,BR:0cc/cr3080f:8dTc,3s9h|/4c6dKc:-100,100(-100.000000)
588:BR,Player:0r130c/r285r865r12084f:6cTd,9cJd|/2c6hJc:1380,-1380(1380.000000)
589:Player,BR:0cc/r130r498c/r100c/r1076f:5cKs,TsAd|/5sKhAs/9s/2c:828,-828(828.000000)
590:BR,Player:0r130c/r1001f:2c8c,5hJs|/4h6cJh:230,-230(230.000000)
591:Player,BR:0cc/cr1761f:6cKd,8s9h|/6h7sAd:-100,100(-100.000000)
592:BR,Player:0r300c/r569r1791f:9cJs,4dQd|/4hQhAd:-969,969(-969.000000)
593:Player,BR:0cr300c/cr1741f:8cQc,2cKs|/3dJsQh:-400,400(-400.000000)
594:BR,Player:0r130c/r2014f:2d7c,KhAs|/2s5d8d:230,-230(230.000000)
595:Player,BR:0cc/cr142f:5s9c,4d4c|/6sKdKc:-100,100(-100.000000)
596:BR,Player:0r200c/r2627f:2s8s,TcKd|/5cJhAd:300,-300(300.000000)
597:Player,BR:0cc/cr379f:6hJs,QhQd|/4c7s7c:-100,100(-100.000000)
598:BR,Player:0r200c/r2627f:8sAd,9cAs|/5c9dJc:300,-300(300.000000)
599:Player,BR:0cc/cr19900f:4s5h,KhAd|/7hKcAh:-100,100(-100.000000)
600:BR,Player:0r130c/r1001f:9hQd,6dQh|/2h3d8h:230,-230(230.000000)
601:Player,BR:0cr200c/cr1306c/r914f:AhAd,7sQs|/2d5cJc/Ks:1606,-1606(1606.000000)
602:BR,Player:0r130c/r871f:QsQc,9hJd|/3d4c5s:230,-230(230.000000)
603:Player,BR:0cc/cr3080f:2h9c,3c7s|/3h9dQh:-100,100(-100.000000)
604:BR,Player:0cc/r435f:ThKc,3h4d|/2c4c7h:100,-100(100.000000)
605:Player,BR:0cr300c/cr495c/cc/r100c:QcKs,5cJc|/2d5h8h/3h/Jh:-995,995(-243.039529)
606:BR,Player:0cc/cr130r1001f:5cQh,8cQc|/2s8sKd:230,-230(230.000000)
607:Player,BR:0cr130c/cr871c/r100c/cc:QsKh,JdQd|/6hThJc/Qc/8c:-1201,1201(-537.538328)
608:BR,Player:0cc/r761f:8hQd,4s7h|/5dThQc:100,-100(100.000000)
609:Player,BR:0cr130c/cr2014f:ThKc,7d8d|/3c5sQs:-230,230(-230.000000)
610:BR,Player:0r200c/r140c/cc/cr595c:3s5d,3hAh|/3d8sJh/4c/4h:-1035,1035(-430.233895)
611:Player,BR:0cc/cr876f:JhKd,7s8s|/2c9h9d:-100,100(-100.000000)
612:BR,Player:0r130c/r2014c/cc/cc:2h8s,JcQs|/3d9hJh/5c/5h:-2244,2244(-2244.000000)
613:Player,BR:0cr600c/cr3047c/r2133f:TcAc,4c7h|/3hThTd/2s:3747,-3747(3747.000000)
614:BR,Player:0r130c/r2014f:3s8d,JsQd|/TsQhAc:230,-230(230.000000)
615:Player,BR:0cc/cr379f:3h8c,ThTc|/2s4hQd:-100,100(-100.000000)
616:BR,Player:0r130c/r1001f:7hQs,8sTs|/2h8h9h:230,-230(230.000000)
617:Player,BR:0cc/cr3080f:9hJs,6cJd|/8h9sKc:-100,100(-100.000000)
618:BR,Player:0r200c/r371c/cr709c/cc:QsAs,ThQh|/3c8s8d/Ah/7d:1380,-1380(1380.000000)
619:Player,BR:0cc/cr876f:8d9s,TcAs|/4hQdKs:-100,100(-100.000000)
620:BR,Player:0cc/r876f:5d7c,5cJh|/8dKsAd:100,-100(100.000000)
621:Player,BR:0cc/cr19900f:4sQc,9s9d|/5d9hTc:-100,100(-100.000000)
622:BR,Player:0cc/r142f:TsQs,9hQc|/3d5d7d:100,-100(100.000000)
623:Player,BR:0cc/cr876f:3hAs,7hTs|/2d6dQh:-100,100(-100.000000)
624:BR,Player:0r200c/r2627f:3c6d,3hKd|/4d5hJd:300,-300(300.000000)
625:Player,BR:0cc/cr435c/cc/r515c:3hJc,5h7s|/2d3cJd/Tc/8c:1050,-1050(345.919050)
626:BR,Player:0r200c/r1306r3224f:5c8h,2hAd|/2d4cJh:-1606,1606(-1606.000000)
627:Player,BR:0cc/cr761f:6cAd,QdKs|/4d8sQs:-100,100(-100.000000)
628:BR,Player:0r130c/r2014f:3cAs,9cKh|/7hThJh:230,-230(230.000000)
629:Player,BR:0cc/cr435c/r305c/cc:5dQc,2h8c|/9cTcJd/Qs/4d:-840,840(-258.590990)
630:BR,Player:0r200c/r1306f:6s7d,4dTs|/3h5dAs:300,-300(300.000000)
631:Player,BR:0cc/cr876f:3hAc,2c3c|/6h7hTc:-100,100(-100.000000)
632:BR,Player:0r200c/r2627f:3cJh,KsAs|/5dThQc:300,-300(300.000000)
633:Player,BR:0cc/cr216f:9hQd,7cJs|/4c7dTs:-100,100(-100.000000)
634:BR,Player:0r200c/r2627f:5hQc,3h4c|/5s9cJc:300,-300(300.000000)
635:Player,BR:0cc/cr876f:9sQd,7cAc|/2h5hTs:-100,100(-100.000000)
636:BR,Player:0cc/r1761f:7s7d,2dQh|/5c6hJd:100,-100(100.000000)
637:Player,BR:0cr200c/cr1306f:4h8d,9hJh|/2sKdAh:-300,300(-300.000000)
638:BR,Player:0r200c/r649c/cr401c/cr1755c:5sAd,ThAc|/3c4c5d/6d/7h:0,-0(-138.715309)
639:Player,BR:0cc/cr876f:4sJh,QhAh|/2s9cKs:-100,100(-100.000000)
640:BR,Player:0cc/cc/cr130c/cr299f:7sQd,5hAc|/JsJcKs/Ah/4s:-230,230(-230.000000)
641:Player,BR:0cc/cr435c/cc/r305c:9sQd,6s8d|/6d9dJs/Qc/Tc:-840,840(-333.262069)
642:BR,Player:0r130c/r163f:9cAd,4c6s|/2d7hQd:230,-230(230.000000)
643:Player,BR:0cc/cr876f:9cJd,4s8c|/6cQdKd:-100,100(-100.000000)
644:BR,Player:0r130c/r2014f:5dJs,6cAh|/6d7h9h:230,-230(230.000000)
645:Player,BR:0cr300c/cr3503f:TcJc,6cJs|/8cTdQh:-400,400(-400.000000)
646:BR,Player:0r200c/r1306f:8cTc,9dJs|/2s9sAh:300,-300(300.000000)
647:Player,BR:0cc/cr876c/r584f:7sKd,2d9c|/3sQhKs/Ah:976,-976(976.000000)
648:BR,Player:0r200c/r2627f:9cJs,5h8d|/3dQdAs:300,-300(300.000000)
649:Player,BR:0cc/cr379c/cc/r121c:2c6s,8hJd|/2s5h8s/Js/As:600,-600(124.769733)
650:BR,Player:0r200c/r2627f:4cAc,8h9h|/2cThKs:300,-300(300.000000)
651:Player,BR:0cr200c/r390r6042c/r4032f:6dKd,5s8h|/4d4c6s/Tc:6732,-6732(6732.000000)
652:BR,Player:0r200c/r1306r4694r8966r4734c/cc/cc:TdAc,5dJh|/4d6c7s/8h/5s:0,-0(-0.000000)
653:Player,BR:0cc/cr1761f:4sAh,3d9c|/3hJcAc:-100,100(-100.000000)
654:BR,Player:0r130c/r285c/cc/cr543f:2hTs,8hAh|/7cThKs/8s/Ac:-515,515(-515.000000)
655:Player,BR:0cc/cr124c/cc/r100c:7cJd,4s8c|/2h8dKd/5h/9h:-324,324(169.283929)
656:BR,Player:0r200c/r427f:5dTd,7sJd|/6h6cQh:300,-300(300.000000)
657:Player,BR:0cr300c/r520r520f:8cKc,JdQs|/6h7s9h:-920,920(-920.000000)
658:BR,Player:0r130c/r1001f:4sAh,QsKc|/5c6s7c:230,-230(230.000000)
659:Player,BR:0cr300c/cr495c/r100c/r445c:9cJd,6d8h|/8cJsJc/8s/5s:1440,-1440(-1186.120886)
660:BR,Player:0f:4dJd,2cTd|:50,-50(50.000000)
661:Player,BR:0cr200c/cr2627f:6cAc,7hQh|/5c9hKs:-300,300(-300.000000)
662:BR,Player:0f:6sKh,2h3s|:50,-50(50.000000)
663:Player,BR:0cr600c/cr3047f:3s3d,3cQh|/5s9hTs:-700,700(-700.000000)
664:BR,Player:0r130c/r498f:5dQs,7dKd|/7h8hQc:230,-230(230.000000)
665:Player,BR:0cc/cr435f:4cJd,7h8s|/6d7dTs:-100,100(-100.000000)
666:BR,Player:0f:KdAs,4h9s|:50,-50(50.000000)
667:Player,BR:0cc/cr435c/cc/cc:7dTh,3s6c|/8sTdKc/Tc/7c:535,-535(535.000000)
668:BR,Player:0r130c/r1001f:7dKc,5s8h|/6sThAc:230,-230(230.000000)
669:Player,BR:0cr300c/cr495r945r2619f:7cAc,5cTc|/3h5s9d:-1840,1840(-1840.000000)
670:BR,Player:0r130c/r1001f:8dQd,6sJd|/4c6hKc:230,-230(230.000000)
671:Player,BR:0cr300c/cr19600f:8hKh,3d4d|/5h6s7c:-400,400(-400.000000)
672:BR,Player:0r200c/r2627f:4cQc,2s6s|/6hKdAd:300,-300(300.000000)
673:Player,BR:0cc/cr124c/r100c/cc:6hTh,2d5s|/4h5hQs/6d/Kc:324,-324(243.958255)
674:BR,Player:0r130c/cr299r2303f:4cKc,4hJd|/2h3s9h:529,-529(529.000000)
675:Player,BR:0cr600c/cr3047r10953f:QsKc,3cTs|/4d9hJs:3747,-3747(3747.000000)
676:BR,Player:0r130c/r19770f:6s6h,5cKs|/3s6c8d:230,-230(230.000000)
677:Player,BR:0cc/cr379f:6dTc,QsQc|/2h8hKs:-100,100(-100.000000)
678:BR,Player:0r130c/r1001f:2d8d,3hQh|/4c7s7d:230,-230(230.000000)
679:Player,BR:0cc/cr124c/cc/r576c:7sJh,2cTd|/3cTsKh/5d/8c:-800,800(-113.352997)
680:BR,Player:0r130c/r1001f:3dTh,5d9d|/5c7hKc:230,-230(230.000000)
681:Player,BR:0cr300c/cr1741c/r1219f:7hTs,4s7d|/5sThTc/Jd:2141,-2141(2141.000000)
682:BR,Player:0r130c/r19770f:6sTs,6c8h|/5d6hTd:230,-230(230.000000)
683:Player,BR:0cc/cr876f:3s8h,2hJc|/6s9hTd:-100,100(-100.000000)
684:BR,Player:0cc/r379c/cc/cc:3dKs,3s6c|/6sQhKd/Kh/7s:479,-479(479.000000)
685:Player,BR:0cc/cr124f:7h8c,7s7c|/4h4cQd:-100,100(-100.000000)
686:BR,Player:0r130c/r2014f:4c8s,3hAd|/4h6dTd:230,-230(230.000000)
687:Player,BR:0cc/cr435f:4h9s,2c6c|/2hTsQd:-100,100(-100.000000)
688:BR,Player:0r200c/r1306c/cc/cc:5dJc,AsAh|/4c5s9c/8s/Qc:-1606,1606(-783.005357)
689:Player,BR:0cc/cr19900f:2cQh,8sJd|/9cThQc:-100,100(-100.000000)
690:BR,Player:0r130c/r1001f:8dAd,9cQc|/4s5d6s:230,-230(230.000000)
691:Player,BR:0cr600c/cr6130r13170f:QsAc,3d5s|/JsKcAd:6830,-6830(6830.000000)
692:BR,Player:0r200c/r2627f:8d9d,2d3d|/3s4s6d:300,-300(300.000000)
693:Player,BR:0cc/cr1761f:2c3s,3d8s|/2h9hQh:-100,100(-100.000000)
694:BR,Player:0r200c/r1306f:3cQd,5hAd|/6cQhAc:300,-300(300.000000)
695:Player,BR:0cc/cr435f:6sQc,2c9d|/3c5hJh:-100,100(-100.000000)
696:BR,Player:0r130c/r1001f:3h4c,4s4d|/2c9hQs:230,-230(230.000000)
697:Player,BR:0cr300c/cr1741f:5sKs,5dJh|/2sQdAd:-400,400(-400.000000)
698:BR,Player:0r130c/r2014f:2c9s,5h6c|/3sTdAc:230,-230(230.000000)
699:Player,BR:0cr300c/cr996c/cc/r3404c:TsQs,8sJh|/9sKdKc/5h/8c:-4800,4800(217.412027)
700:BR,Player:0r130c/r871c/cr279c/cr2760c:3hJc,TcJh|/2c9dJd/Js/6s:-4140,4140(2183.361701)
701:Player,BR:0cc/cr1761r3429r3429c/r7151c/r4130f:2dAd,6sKc|/3d5d7c/8s/Kd:15870,-15870(15870.000000)
702:BR,Player:0r130c/r2014c/cc/cr4633c:8cTs,TcJd|/4c9hQs/Js/8d:0,-0(5897.157600)
703:Player,BR:0cc/cr379f:2dAc,6cAd|/3d6sQd:-100,100(-100.000000)
704:BR,Player:0r130c/r2014f:3cJs,3hAc|/2sJdKs:230,-230(230.000000)
705:Player,BR:0cr600c/cr996c/r824f:8dAd,5h6s|/8hQsQc/2h:1696,-1696(1696.000000)
706:BR,Player:0r130c/r2014f:ThQs,8hJc|/5c6sAh:230,-230(230.000000)
707:Player,BR:0cr300c/cr1741f:TcAc,JhQs|/2s4c6h:-400,400(-400.000000)
708:BR,Player:0r130c/r1001f:3s4s,2dAc|/TcQsQh:230,-230(230.000000)
709:Player,BR:0cc/cr876c/cc/r2014f:3hQc,4h9h|/3d3cKc/Qh/8c:976,-976(976.000000)
710:BR,Player:0cc/r1761f:3c8s,8dAs|/5d7s7h:100,-100(100.000000)
711:Player,BR:0cc/cr216c/cc/cc:5hKh,6cTc|/3c6h8s/8d/Ks:316,-316(-125.673197)
712:BR,Player:0r130c/r327f:2d7s,5cQc|/4d8s9h:230,-230(230.000000)
713:Player,BR:0cc/cr3080f:2h7d,7cKc|/3dJdQs:-100,100(-100.000000)
714:BR,Player:0r130c/r1001c/cc/cc:TcKh,7h8s|/5d7d8h/3d/5c:-1231,1231(-1231.000000)
715:Player,BR:0cr300c/r520r1309c/cc/cc:5d7h,JhAh|/4d6hTc/Ks/7d:2229,-2229(2229.000000)
716:BR,Player:0r130c/r2014r6726f:3sKd,6cAs|/6sJsQc:-2244,2244(-2244.000000)
717:Player,BR:0cr200c/cr1306f:TdQd,4dAd|/2s3c4c:-300,300(-300.000000)
718:BR,Player:0r130c/r163c/cc/cr665c:2d4d,5h9h|/2c6hTh/Qs/Jc:1058,-1058(160.688089)
719:Player,BR:0cr200c/cr1306f:7dKc,QdAs|/3d4s6s:-300,300(-300.000000)
720:BR,Player:0r130c/r1001c/cc/cr2472f:2cJs,3d8d|/5dQsQd/2s/2d:-1231,1231(-1231.000000)
721:Player,BR:0cc/cr124f:3s7c,6dQc|/8sQhAd:-100,100(-100.000000)
722:BR,Player:0r130c/r1001f:2d9s,3cQh|/4d6sKs:230,-230(230.000000)
723:Player,BR:0cc/cr761f:3sTd,AhAd|/2hTsKs:-100,100(-100.000000)
724:BR,Player:0cc/r216c/cr584c/cr1170c:8dAh,3cTd|/6h8s9h/Qs/Jh:-2070,2070(-631.841599)
725:Player,BR:0cc/cr379f:3cTh,3hJd|/4h7cJh:-100,100(-100.000000)
726:BR,Player:0r200c/r1306f:8sKd,9sKh|/4d5d9d:300,-300(300.000000)
727:Player,BR:0cc/cr1761c/r899f:2d7d,6c8d|/5dKdAs/Jc:1861,-1861(1861.000000)
728:BR,Player:0r130c/r142c/cc/cc:8h8c,2dAh|/6d9cQh/Td/6c:372,-372(59.345864)
729:Player,BR:0cc/cr1761f:2d9s,2hKh|/2s7cJc:-100,100(-100.000000)
730:BR,Player:0r130c/r327f:7hKc,6cKh|/5dQdQc:230,-230(230.000000)
731:Player,BR:0cr600c/cr495c/cc/cc:KdAd,6h7h|/6cJhJc/4c/4s:-1195,1195(-803.768363)
732:BR,Player:0r130c/r1001f:2hTc,7sAs|/9dTsQd:230,-230(230.000000)
733:Player,BR:0cc/cr379c/cc/cc:6s8h,QdKh|/2s8sQs/Jh/5d:-479,479(-325.105326)
734:BR,Player:0r200c/r2627f:2dTs,5hJh|/3cQdAh:300,-300(300.000000)
735:Player,BR:0cr600c/cr3047f:TcAd,8dTd|/3s3hJc:-700,700(-700.000000)
736:BR,Player:0r200c/r1306f:6dTs,2cJc|/6s9hJd:300,-300(300.000000)
737:Player,BR:0cc/cr876f:3dTh,7hQc|/2c6s9d:-100,100(-100.000000)
738:BR,Player:0r130c/r871c/cc/cc:AdAc,3c5c|/3s6d7s/5h/7h:1101,-1101(852.240845)
739:Player,BR:0cc/cr876f:9cQh,KcAs|/2s5h6d:-100,100(-100.000000)
740:BR,Player:0cc/r124c/cr100c/cc:7hAc,3dQs|/7cJsJd/Th/Kc:324,-324(94.410126)
741:Player,BR:0cr300c/r520r4005f:3s4s,5hTd|/4cQsQh:-920,920(-920.000000)
742:BR,Player:0r130c/r327c/cr478c/cc:3d5c,7hQh|/5sKsKh/8c/2c:1035,-1035(125.498668)
743:Player,BR:0cc/cr3080f:3dKh,4hJh|/7dQhAc:-100,100(-100.000000)
744:BR,Player:0cc/r435f:8hAc,4c8s|/3sJsKs:100,-100(100.000000)
745:Player,BR:0cr600c/cr2650r3090c/cc/r1288f:6c7c,TdQd|/2c7sQc/Ac/Th:6440,-6440(6440.000000)
746:BR,Player:0r200c/r1306c/cr1544f:6dTd,JhAh|/4h8d9h/Kh:-1606,1606(-1606.000000)
747:Player,BR:0cc/cr124f:7sTh,6h8s|/5d8dKc:-100,100(-100.000000)
748:BR,Player:0r130c/r163c/cc/cr1447c:4s5d,JhQs|/5h7cTd/8d/6c:1840,-1840(1840.000000)
749:Player,BR:0cr200c/cr1306f:2s3s,6cQs|/4d7d8s:-300,300(-300.000000)
750:BR,Player:0r130c/r3522r3522r12726c/cc/cc:2d4h,3sAd|/2s2h3h/6d/Jh:20000,-20000(13576.800726)
751:Player,BR:0cc/cr876f:4cAh,5dKc|/6d8hQh:-100,100(-100.000000)
752:BR,Player:0r130c/r2014f:3s8d,JcQh|/7c8sAd:230,-230(230.000000)
753:Player,BR:0cr300c/cr1741f:5c6s,9dTh|/5s8sQs:-400,400(-400.000000)
754:BR,Player:0r130c/r2014f:3h6s,9cAc|/4h6dTh:230,-230(230.000000)
755:Player,BR:0cc/cr435f:3cTc,5s9s|/2sQhQd:-100,100(-100.000000)
756:BR,Player:0r130c/r2014f:5sKc,7dJs|/3s9dJc:230,-230(230.000000)
757:Player,BR:0cc/cr100c/cc/cc:8hAs,2c8c|/2d6dQs/4c/9s:-200,200(18.934172)
758:BR,Player:0r130c/r285f:7dJd,8hAd|/5s7sKh:230,-230(230.000000)
759:Player,BR:0cr300c/r520r520f:7h9c,8sKd|/8cJhJd:-920,920(-920.000000)
760:BR,Player:0r200c/r1306c/cc/cr4694f:2dQh,KsKc|/3s4hTs/4d/Th:-1606,1606(-1606.000000)
761:Player,BR:0cr200c/cr1306f:KdAs,5cJc|/2d6s9s:-300,300(-300.000000)
762:BR,Player:0r130c/r163c/cr665c/cr1375c:2s6s,9sJc|/2h7d8c/8s/Jh:-2433,2433(349.809194)
763:Player,BR:0cc/cr876f:2cKc,TdAs|/2d8d9h:-100,100(-100.000000)
764:BR,Player:0r200c/r1306f:4sQd,3dQh|/3s8sTh:300,-300(300.000000)
765:Player,BR:0cc/cr379r1121r12183f:3d4c,7hAc|/3c5h7d:-1600,1600(-1600.000000)
766:BR,Player:0r130c/r1001f:2cAs,2hJd|/8sTcJc:230,-230(230.000000)
767:Player,BR:0cc/cr435c/r305c/cc:TsQd,4hQh|/7hJdKs/5h/Kc:840,-840(734.051512)
768:BR,Player:0f:4hTd,2h9c|:50,-50(50.000000)
769:Player,BR:0cc/cr876f:8cAd,TsQh|/4c5h5c:-100,100(-100.000000)
770:BR,Player:0r130c/r19770f:JsKs,7hQd|/8s9sTs:230,-230(230.000000)
771:Player,BR:0cc/cr379r441r441c/r1399c/r5520c:6h8d,2d4d|/2h4c5c/4h/Jd:-8280,8280(-8280.000000)
772:BR,Player:0f:5c9c,2h8d|:50,-50(50.000000)
773:Player,BR:0cc/cr876f:6d8c,3s5d|/7sQdAd:-100,100(-100.000000)
774:BR,Player:0r130c/r1001f:2cJs,8sAc|/3c8hQd:230,-230(230.000000)
775:Player,BR:0cc/cr876r2014r2014f:TsKd,6hJc|/6d7h9s:-2990,2990(-2990.000000)
776:BR,Player:0f:QcKh,2c6d|:50,-50(50.000000)
777:Player,BR:0cr600c/cr3047f:7hAs,3hKd|/7cThJd:-700,700(-700.000000)
778:BR,Player:0r200c/r2627f:QcAh,3dQs|/2h4h9d:300,-300(300.000000)
779:Player,BR:0cc/cr3080f:4d8c,9sAc|/2s9hTs:-100,100(-100.000000)
780:BR,Player:0r130c/r1001c/cr1184f:3hAc,8c9s|/5d7sQc/6c:-1231,1231(-1231.000000)
781:Player,BR:0cr300c/cr1741f:6s6c,QdKh|/5d7h8d:-400,400(-400.000000)
782:BR,Player:0r130c/r142c/cr663c/cr2070c:ThTc,6s8c|/7sKhAd/Td/4c:3105,-3105(2422.161327)
783:Player,BR:0cc/cr435c/r305f:2hKh,6d7s|/2s3hAh/Jh:535,-535(535.000000)
784:BR,Player:0cc/r435f:3sAs,2dKd|/3d7c8c:100,-100(100.000000)
785:Player,BR:0cc/cr3080f:2sTd,3sTc|/JsQdAd:-100,100(-100.000000)
786:BR,Player:0f:2h7d,2d5c|:50,-50(50.000000)
787:Player,BR:0cc/cr876f:6d7h,3d5c|/3hJcQc:-100,100(-100.000000)
788:BR,Player:0cc/r100c/cc/cc:6s7d,2cAc|/6cJhQc/3s/Jd:200,-200(174.914187)
789:Player,BR:0cc/cr379f:3sTd,8cAc|/2d8dQc:-100,100(-100.000000)
790:BR,Player:0r130c/r1001c/cc/cr3599f:4s9h,5dTd|/6d8cTs/Th/6h:-1231,1231(-1231.000000)
791:Player,BR:0cr300c/r520r4005f:8c9h,TsKd|/2s4d9s:-920,920(-920.000000)
792:BR,Player:0r130c/r2014f:JcQs,6sTd|/2hThKs:230,-230(230.000000)
793:Player,BR:0cc/cr876f:4dKh,3dJs|/5d6sTs:-100,100(-100.000000)
794:BR,Player:0r200c/r371c/cr229c/cr1170c:2sJc,3cKc|/2c7s7h/Kh/Qh:-2070,2070(1124.675530)
795:Player,BR:0cr300c/r520r2290f:TdAd,7s9c|/3d3c7h:-920,920(-920.000000)
796:BR,Player:0r130c/r1001f:2s2h,5dQs|/5h6h9c:230,-230(230.000000)
797:Player,BR:0cr600c/cr431r3069c/r8400f:9dAd,QsQc|/7c9sAc/5h:4200,-4200(4200.000000)
798:BR,Player:0cc/r3080f:4d5d,7cAs|/6h9cJc:100,-100(100.000000)
799:Player,BR:0cc/cr435f:7h8s,3s8d|/6s7cJd:-100,100(-100.000000)
800:BR,Player:0r130c/r1001f:2c9h,8sTs|/9sJcKh:230,-230(230.000000)
801:Player,BR:0cc/cr100f:4s9h,7cQc|/6sAhAd:-100,100(-100.000000)
802:BR,Player:0f:5c8c,3h7c|:50,-50(50.000000)
803:Player,BR:0cr300c/cr495c/cc/cc:KdAd,4c5h|/2d5c9s/Qs/3c:-895,895(-304.433478)
804:BR,Player:0r130c/r2014f:3d7d,KsAs|/2sThAh:230,-230(230.000000)
805:Player,BR:0cc/cr1761f:3s5d,TdQc|/7d8cAh:-100,100(-100.000000)
806:BR,Player:0r130c/r1001f:TcQs,5cAc|/3d5s6s:230,-230(230.000000)
807:Player,BR:0cc/cr1761f:JsQc,ThQh|/5sKsAh:-100,100(-100.000000)
808:BR,Player:0r130c/r1001f:4s9h,5dTs|/3d7hJd:230,-230(230.000000)
809:Player,BR:0cc/cr435f:2dTc,3h5c|/2h9hJd:-100,100(-100.000000)
810:BR,Player:0r130c/r1751c/cc/cc:6d7d,4hKh|/2d4s8d/5h/9d:1981,-1981(1981.000000)
811:Player,BR:0cc/cr379f:2sJc,8h8d|/3c6dQs:-100,100(-100.000000)
812:BR,Player:0r200c/r1306c/cr1544f:3h8d,5cKd|/6cKhKc/9s:-1606,1606(-1606.000000)
813:Player,BR:0cr130c/r299r299c/r441f:8cJh,7cAh|/4s5hJc/Th:828,-828(828.000000)
814:BR,Player:0r130c/r1001f:8s8d,5hTc|/7sJsAs:230,-230(230.000000)
815:Player,BR:0cc/cr1761f:3cTh,3hJh|/2s7sJs:-100,100(-100.000000)
816:BR,Player:0r200c/r2627f:7c9d,4d5h|/3d4hTc:300,-300(300.000000)
817:Player,BR:0cc/cr124c/r100c/cc:3d8d,3cQh|/5dQdAs/Jc/Kd:324,-324(176.046178)
818:BR,Player:0r130c/r2014f:6hAd,6sAc|/2c4dKc:230,-230(230.000000)
819:Player,BR:0cc/cr876c/r584c/r312c:8dAc,3dJc|/3hQsAd/Td/Kc:-1872,1872(-1709.466250)
820:BR,Player:0r200c/r2284c/cr100c/cr17316f:KcAc,TsQd|/2cJhKs/6h/Ad:-2684,2684(-2684.000000)
821:Player,BR:0cr300c/cr1741f:7cKs,2hQs|/9sQcAc:-400,400(-400.000000)
822:BR,Player:0f:4dQc,3c7d|:50,-50(50.000000)
823:Player,BR:0cr200c/cr1306f:QcAh,3s6s|/9s9dKc:-300,300(-300.000000)
824:BR,Player:0r130c/r871f:JcKs,3h4s|/7dQdKh:230,-230(230.000000)
825:Player,BR:0cc/cr761c/cc/r100c:6h8s,ThQh|/2s4h8h/2h/9h:-961,961(-773.657082)
826:BR,Player:0r200c/r2627c/cr2923f:3s7h,4sAh|/4dTdAs/2c:-2927,2927(-2927.000000)
827:Player,BR:0cc/cr124f:5hJs,7h9s|/4h9dAc:-100,100(-100.000000)
828:BR,Player:0f:6cKh,3h8d|:50,-50(50.000000)
829:Player,BR:0cc/cr142c/cc/r448f:6hQc,4s4d|/3sJsQd/8c/2d:242,-242(242.000000)
830:BR,Player:0cc/r1761f:3hAc,9dTd|/4s4c9s:100,-100(100.000000)
831:Player,BR:0cc/cr216f:4dKc,3cQh|/2h3h7c:-100,100(-100.000000)
832:BR,Player:0r200c/r244c/cr356c/cr1170f:2sTd,6dJd|/2d4sJc/3h/6h:-900,900(-900.000000)
833:Player,BR:0cc/cr1761f:4sTc,5h6c|/3d5c7d:-100,100(-100.000000)
834:BR,Player:0r130c/r100c/cr660c/cc:QdKh,TsJd|/2s9cAh/6h/8h:990,-990(116.865785)
835:Player,BR:0cr200c/cr4595f:4s6s,2cQh|/2hQdAd:-300,300(-300.000000)
836:BR,Player:0r130c/r4051c/cr3654f:5c7c,7hJh|/2h8dJs/Ks:-4281,4281(-4281.000000)
837:Player,BR:0cc/cr876f:2h8h,3h5s|/9sThKs:-100,100(-100.000000)
838:BR,Player:0r130c/r1001f:3dAd,5c8d|/7dTsQc:230,-230(230.000000)
839:Player,BR:0cc/cr124f:2hAc,4h7s|/5s7cQh:-100,100(-100.000000)
840:BR,Player:0cc/r435f:8dAs,5hTc|/7h9hJc:100,-100(100.000000)
841:Player,BR:0cr300c/r520r520f:5hTs,8dJc|/9sQhKs:-920,920(-920.000000)
842:BR,Player:0r130c/r2014f:4s7d,3hQh|/6dTsJh:230,-230(230.000000)
843:Player,BR:0cc/cr435f:8dTh,JsQs|/4d7cKc:-100,100(-100.000000)
844:BR,Player:0r200c/r1306f:7h9c,8dTh|/3d6hQc:300,-300(300.000000)
845:Player,BR:0cr130c/cr285r865r5224c/r100c/cc:9sTs,6sJs|/5hJcQc/7c/4h:-6704,6704(-6641.219856)
846:BR,Player:0cc/r876f:3dKs,JcAs|/3h6h8h:100,-100(100.000000)
847:Player,BR:0cc/cr2679f:3d5c,TdKh|/QcKsAh:-100,100(-100.000000)
848:BR,Player:0r200c/r212f:4dKd,4sTd|/9cKsAh:300,-300(300.000000)
849:Player,BR:0cc/cr8194f:3h7d,8s8c|/7c8hQh:-100,100(-100.000000)
850:BR,Player:0f:3sKh,2cTh|:50,-50(50.000000)
851:Player,BR:0cc/cr249c/r251c/r120f:2d8h,5sAs|/2h2cQd/5c/4c:600,-600(600.000000)
852:BR,Player:0r130c/r1001f:9hQd,7cKd|/8s8hKc:230,-230(230.000000)
853:Player,BR:0cc/cr1532f:5hQc,9dKd|/4h6dQd:-100,100(-100.000000)
854:BR,Player:0r200c/r1306f:4dTs,5s8h|/3d8cJd:300,-300(300.000000)
855:Player,BR:0cc/cr876f:6h7s,4h9c|/6d8hKc:-100,100(-100.000000)
856:BR,Player:0cc/r3080f:2s6d,2cJs|/8dQhAs:100,-100(100.000000)
857:Player,BR:0cc/cr249f:5cQs,QdKc|/8d8cJs:-100,100(-100.000000)
858:BR,Player:0r200c/r2627f:6s9h,2dAd|/3s5s7h:300,-300(300.000000)
859:Player,BR:0cc/cr876f:2h5h,2d3c|/ThJsKc:-100,100(-100.000000)
860:BR,Player:0r130c/r2014c/cr1344f:ThJc,3s8s|/3h5c9s/3d:-2244,2244(-2244.000000)
861:Player,BR:0cr300c/cr3503f:3d5d,4hJd|/5h8sTh:-400,400(-400.000000)
862:BR,Player:0cc/r435c/cc/cr1075f:3c7s,2cJd|/2s2hKc/7h/As:-535,535(-535.000000)
863:Player,BR:0cr300c/r800r2987f:6cJc,9sJh|/2d5c7h:-1200,1200(-1200.000000)
864:BR,Player:0r130c/r1001f:3h9c,QdQc|/5d7c8d:230,-230(230.000000)
865:Player,BR:0cc/cr1761f:3cJs,QhKs|/2c9cAc:-100,100(-100.000000)
866:BR,Player:0r130c/r163c/cc/cc:4h4d,6sQs|/3d6hAc/Tc/7c:-393,393(-85.151288)
867:Player,BR:0cc/cr1761f:4s9s,2h2c|/3h5c7s:-100,100(-100.000000)
868:BR,Player:0r300c/r1741c/cr2059c/cc:7cTc,QsAs|/3c4h5d/4s/8s:-4200,4200(-4200.000000)
869:Player,BR:0cc/cr124f:4dJc,JdAc|/5h7d7c:-100,100(-100.000000)
870:BR,Player:0r130c/r2014f:2d2c,7cTc|/3d5d8s:230,-230(230.000000)
871:Player,BR:0cc/cr379f:3s9d,2dJc|/2c6sJs:-100,100(-100.000000)
872:BR,Player:0cc/r124c/cr100c/cr576c:2dTc,5s9d|/TdQhQd/Kh/4c:900,-900(97.096215)
873:Player,BR:0cc/cr124c/cc/cc:6hTc,3cTd|/7c9cTs/Kh/Qs:0,-0(-74.412417)
874:BR,Player:0r130c/r1001f:6hTd,5sKs|/4s5d8c:230,-230(230.000000)
875:Player,BR:0cr200c/r390r3004f:9dJd,3d8s|/5h8d9c:-690,690(-690.000000)
876:BR,Player:0cc/cc/cr200c/cc:8dKh,2sJs|/5hTdQc/9h/9d:300,-300(11.698899)
877:Player,BR:0cc/r130r327f:4hKd,2c4d|/9hQcKc:-230,230(-230.000000)
878:BR,Player:0r130c/r285c/cc/cr1325c:3cJh,2d7d|/7hJcQd/Ts/Kc:1840,-1840(1008.619058)
879:Player,BR:0cc/r600f:TsJc,2sTc|/QhKdAd:100,-100(100.000000)
880:BR,Player:0f:2d3d,3c9s|:50,-50(50.000000)
881:Player,BR:0cr600c/cr3047f:KcAh,7cKh|/2h8sQs:-700,700(-700.000000)
882:BR,Player:0f:3s9h,2c5s|:50,-50(50.000000)
883:Player,BR:0cc/cr876f:3hQs,2dAc|/3c7dTd:-100,100(-100.000000)
884:BR,Player:0r130c/r1001f:TsKd,8hQs|/5s8c9d:230,-230(230.000000)
885:Player,BR:0cc/cr876f:6dJh,6s8h|/JcQsKh:-100,100(-100.000000)
886:BR,Player:0r130c/r1001f:QcKd,8dKs|/4h5h5d:230,-230(230.000000)
887:Player,BR:0cc/cr876f:4d6c,6d7s|/3c8h8c:-100,100(-100.000000)
888:BR,Player:0r130c/r2014f:8c9d,3sJs|/4d8hAh:230,-230(230.000000)
889:Player,BR:0cr300c/r520r520c/cc/r768f:ThAc,6c8d|/2c9cTc/2d/Kd:1440,-1440(1440.000000)
890:BR,Player:0r200c/r1306f:6s9d,3sTs|/6d7cQh:300,-300(300.000000)
891:Player,BR:0cc/cr124f:2h6d,9hKd|/JsAsAd:-100,100(-100.000000)
892:BR,Player:0r130c/r1001f:8sJc,6h7s|/2s4cTc:230,-230(230.000000)
893:Player,BR:0cc/cr435f:4s7d,6dQc|/5c9hJd:-100,100(-100.000000)
894:BR,Player:0r130c/r1001f:7sJc,4h8h|/TdJdQh:230,-230(230.000000)
895:Player,BR:0cc/r200r200f:4cTc,KhAs|/2d9sKc:-300,300(-300.000000)
896:BR,Player:0r200c/r2627f:6cQh,3hQs|/5sQdAs:300,-300(300.000000)
897:Player,BR:0cc/cr435f:3hTs,4hTh|/4dJcAc:-100,100(-100.000000)
898:BR,Player:0r200c/r1306c/cr1544c/cc:JcQs,2dKh|/6sTcKc/Ah/5h:3150,-3150(3150.000000)
899:Player,BR:0cr130c/cr1001f:4h6d,5dAh|/2s4d7s:-230,230(-230.000000)
900:BR,Player:0r130c/r2014f:7dQh,9dQc|/3d5c8d:230,-230(230.000000)
901:Player,BR:0cr300c/cr3503f:6s7d,5s8h|/9h9cKh:-400,400(-400.000000)
902:BR,Player:0r130c/r1001f:3cJc,8sQc|/4d7d9h:230,-230(230.000000)
903:Player,BR:0cc/cr435f:7hTs,8cAd|/2s6dQc:-100,100(-100.000000)
904:BR,Player:0r130c/r2014f:6h6d,8cJs|/7sTdQs:230,-230(230.000000)
905:Player,BR:0cc/cr1761f:4s9d,2s5h|/2cKhAh:-100,100(-100.000000)
906:BR,Player:0f:7cJs,3s7d|:50,-50(50.000000)
907:Player,BR:0cr300c/r800r800c/cc/r880f:8sJs,2d7d|/9dThQc/3c/5s:2000,-2000(2000.000000)
908:BR,Player:0r130c/r1001r2472r2472f:5dAc,6s7h|/3sJdKs:3703,-3703(3703.000000)
909:Player,BR:0cc/cr216f:8cJs,4d7d|/2h7cAh:-100,100(-100.000000)
910:BR,Player:0r130c/r163f:9cAh,6h8c|/3s4dTh:230,-230(230.000000)
911:Player,BR:0cc/cr1761f:7cQh,6cTh|/4c6h8c:-100,100(-100.000000)
912:BR,Player:0r130c/r1001r2472r5270f:4cKd,TsQd|/9sJdQs:3703,-3703(3703.000000)
913:Player,BR:0cr300c/cr1741f:JcQh,4sKd|/3s4dAc:-400,400(-400.000000)
914:BR,Player:0f:7cTd,2s4d|:50,-50(50.000000)
915:Player,BR:0cr600c/cr866c/cc/cc:3c6c,3sTc|/6d7hTh/9c/4s:-1566,1566(-423.815943)
916:BR,Player:0cc/r1761f:6sAs,7cAd|/4dJcKh:100,-100(100.000000)
917:Player,BR:0cc/cr876f:2h5s,7sTd|/ThQdKd:-100,100(-100.000000)
918:BR,Player:0r130c/r327f:4d5h,6h8s|/2s9hJs:230,-230(230.000000)
919:Player,BR:0cr600c/r910r4008f:KhAs,2d2c|/3s5s5h:-1610,1610(-1610.000000)
920:BR,Player:0r200c/r2627f:4sTc,TsTd|/4c6dKs:300,-300(300.000000)
921:Player,BR:0cc/cr876f:8cQs,TcAs|/4d5h6s:-100,100(-100.000000)
922:BR,Player:0cc/r876f:9sTs,2dQc|/2s3c4h:100,-100(100.000000)
923:Player,BR:0cc/cr435f:8hJd,2s4s|/4c5sKc:-100,100(-100.000000)
924:BR,Player:0r200c/r1306f:8s9h,TdJd|/4cAsAh:300,-300(300.000000)
925:Player,BR:0cc/cr435f:6hKd,5hKh|/4d9cJs:-100,100(-100.000000)
926:BR,Player:0r130c/r2014f:4hQh,8dKc|/6hThAs:230,-230(230.000000)
927:Player,BR:0cr200c/cr1306f:7hKh,2h3d|/2dQdAh:-300,300(-300.000000)
928:BR,Player:0r130c/r163c/cc/cc:7sAs,QsAh|/3d4sJc/2h/Jd:-393,393(-144.855116)
929:Player,BR:0cc/cr876f:5sQd,4s8s|/2cTsTh:-100,100(-100.000000)
930:BR,Player:0r130c/r1001f:9sJs,4dAd|/7h7cQc:230,-230(230.000000)
931:Player,BR:0cc/cr876f:3d8c,2dTd|/6hQdKs:-100,100(-100.000000)
932:BR,Player:0f:6cKd,2h9c|:50,-50(50.000000)
933:Player,BR:0cc/cr379f:9cQs,8cAd|/3h3c8s:-100,100(-100.000000)
934:BR,Player:0r130c/r2014f:7dJc,2h2c|/4h5sQs:230,-230(230.000000)
935:Player,BR:0cc/cr435c/r305f:3dQs,3hAs|/9sQdKd/6h:535,-535(535.000000)
936:BR,Player:0f:TdJd,4d9s|:50,-50(50.000000)
937:Player,BR:0cc/cr3080f:2cTh,6c7c|/3dJsKc:-100,100(-100.000000)
938:BR,Player:0cc/r761f:JcKc,6d9d|/5s7hJd:100,-100(100.000000)
939:Player,BR:0cc/cr379f:6dQh,5sJc|/3s4sJh:-100,100(-100.000000)
940:BR,Player:0r200c/r2627f:5s6h,3s9s|/2d8cQd:300,-300(300.000000)
941:Player,BR:0cc/cr1532f:2h6h,QsKd|/TdJcQd:-100,100(-100.000000)
942:BR,Player:0f:QhAh,2cJd|:50,-50(50.000000)
943:Player,BR:0cc/cr19900f:4d5s,4cJd|/4hTdJc:-100,100(-100.000000)
944:BR,Player:0r130c/r2014f:8cTh,5h8h|/3c4cJh:230,-230(230.000000)
945:Player,BR:0cr200c/r390r390c/cc/r990f:QcKh,5sKd|/6hJcQd/6c/9s:1080,-1080(1080.000000)
946:BR,Player:0r130c/r498f:ThTd,9sKh|/4d8cJd:230,-230(230.000000)
947:Player,BR:0cr200c/cr212c/cc/cc:TsAc,4h8d|/7s8hJd/5h/Qc:-512,512(-335.441888)
948:BR,Player:0r130c/r2014f:5s6h,3d6s|/4sJcAh:230,-230(230.000000)
949:Player,BR:0cr130c/r299r299c/r441f:KhKd,3d5h|/2d7d8d/Th:828,-828(828.000000)
950:BR,Player:0r130c/r1001f:9s9d,6c9c|/4s5d6d:230,-230(230.000000)
951:Player,BR:0cr300c/cr19600f:TdAd,7sQd|/5d7dQs:-400,400(-400.000000)
952:BR,Player:0r200c/r2627f:4s5s,8s9d|/6hKsAs:300,-300(300.000000)
953:Player,BR:0cr200c/cr649f:2cAc,4hTh|/7s7dTc:-300,300(-300.000000)
954:BR,Player:0cc/r124c/cr376c/cc:7dJh,2hKc|/6cJdKh/9c/4c:-600,600(67.094864)
955:Player,BR:0cc/cr876f:2c8s,KsAh|/4sJhQc:-100,100(-100.000000)
956:BR,Player:0cc/r876r2014r2014c/cr3966c/cc:7dQh,7h8s|/2d5s6c/8h/Td:-8970,8970(-8970.000000)
957:Player,BR:0cc/cr216f:3s4h,7sAd|/2d7c8s:-100,100(-100.000000)
958:BR,Player:0r130c/r1001c/cr1184c/cc:8sQc,8hTd|/8dJdKh/5h/Ac:2415,-2415(-431.140288)
959:Player,BR:0cr130c/r460c/r2070c/r3588c:6d8d,7dJh|/7cQhAd/6s/2d:-6348,6348(-6348.000000)
960:BR,Player:0r130c/r1001f:6hQd,AsAc|/6c7h9s:230,-230(230.000000)
961:Player,BR:0cr300c/cr1741f:QdKc,3d7c|/9hKdAd:-400,400(-400.000000)
962:BR,Player:0f:5cQh,2h4d|:50,-50(50.000000)
963:Player,BR:0cr300c/cr1741f:9s9c,3d3c|/7sJcQh:-400,400(-400.000000)
964:BR,Player:0r200c/r1136f:4s8s,9cKd|/5sTsJs:300,-300(300.000000)
965:Player,BR:0cc/cr435f:4s7c,6c7s|/4d5dAc:-100,100(-100.000000)
966:BR,Player:0r200c/r2627f:3h4s,8s8h|/5hTcAs:300,-300(300.000000)
967:Player,BR:0cc/cr1761f:4cTd,QcKs|/5hThJd:-100,100(-100.000000)
968:BR,Player:0r130c/r2014f:2cQh,2hAd|/7s8cAc:230,-230(230.000000)
969:Player,BR:0cr200c/cr2627c/cc/cc:9dAc,9sJs|/3c7cQc/3d/7d:2927,-2927(2927.000000)
970:BR,Player:0r130c/r2014f:8h9c,3h5s|/5cTdAd:230,-230(230.000000)
971:Player,BR:0cc/cr1761f:2hQh,5h9s|/6d8cAs:-100,100(-100.000000)
972:BR,Player:0r130c/r1001f:9cJh,5dQc|/3s4c5h:230,-230(230.000000)
973:Player,BR:0cr300c/cr1741f:8dTc,3hQh|/7h7c8c:-400,400(-400.000000)
974:BR,Player:0r130c/r1001r3599r3599f:3d9c,7sQh|/9sJcKd:4830,-4830(4830.000000)
975:Player,BR:0cc/cr435f:3d9s,2c9d|/5s5h7d:-100,100(-100.000000)
976:BR,Player:0r130c/r1001f:8hAd,9cAc|/6d7dJc:230,-230(230.000000)
977:Player,BR:0cc/cr379c/cc/r441c:8cTh,2dTc|/2c3dTd/4c/2h:-920,920(-920.000000)
978:BR,Player:0r300c/r495c/cr1505c/cr4800c:9hQd,JsAs|/3s6cQs/Ah/6s:-7200,7200(-1401.695632)
979:Player,BR:0cr300c/cr3503f:8c9c,2h4d|/6c9dTs:-400,400(-400.000000)
980:BR,Player:0r130c/r2014c/cc/cr2241f:JcKh,4d6d|/3s5h9d/6c/7h:-2244,2244(-2244.000000)
981:Player,BR:0cc/cr124c/cc/r100c:4dAh,5c9s|/3h5dJc/4h/Kd:-324,324(110.614579)
982:BR,Player:0f:3cKs,2s8h|:50,-50(50.000000)
983:Player,BR:0cc/cr435c/r305c/r1092f:4dAs,3h3d|/JdKdAc/5s/6h:840,-840(840.000000)
984:BR,Player:0f:4h7h,3d8s|:50,-50(50.000000)
985:Player,BR:0cc/cr876f:2dQc,3sJh|/7c9dAh:-100,100(-100.000000)
986:BR,Player:0r130c/r2014f:7h7c,5sKh|/2sKcAs:230,-230(230.000000)
987:Player,BR:0cr300c/cr866f:3s4s,7dTd|/7hJsJh:-400,400(-400.000000)
988:BR,Player:0r130c/r1751r1751r1751r14517c/cc/cc:8s9c,7dTc|/6d7h9s/2c/Jd:20000,-20000(15915.371999)
989:Player,BR:0cc/cr19900f:9sKd,8dQs|/8hQdAc:-100,100(-100.000000)
990:BR,Player:0r130c/r871f:JsAh,2dKs|/3c9sJh:230,-230(230.000000)
991:Player,BR:0cr600c/r910r7009f:4d7d,8sKc|/2h7s9c:-1610,1610(-1610.000000)
992:BR,Player:0r130c/r285f:6cJs,9dQh|/3c4cJc:230,-230(230.000000)
993:Player,BR:0cc/cr435f:7dKs,4dTh|/TdKcAs:-100,100(-100.000000)
994:BR,Player:0cc/r876f:2d3d,4c8d|/3c5c7h:100,-100(100.000000)
995:Player,BR:0cc/cr1761f:2cKs,4c8d|/3h7d7c:-100,100(-100.000000)
996:BR,Player:0r130c/r163c/cc/cc:3d6h,7sAh|/3h4dQs/9h/8c:393,-393(-153.219868)
997:Player,BR:0cr200c/cr212c/cc/cc:QhAs,KcAd|/7h7cTh/2h/7s:-512,512(-251.323982)
998:BR,Player:0r200c/r747c/cr753c/cc:9cQc,6hJc|/2s2h6c/8c/5c:1800,-1800(1800.000000)
999:Player,BR:0cc/cr2679f:7dAs,8dKc|/9cTcJc:-100,100(-100.000000)
1000:BR,Player:0f:2c4h,3d8h|:50,-50(50.000000)
RAW BR STATS: n=1000, sum=84969.000000, sum_sq=5457239353.000000, vr_sum=82071.189720, vr_sum_sq=3365887499.868424
BR STATS: 84.969000(144.695526), 82.071190(113.598053)
RESULTS
1)Player: -84969
2)BR: 84969
