In config file: GAME_DEF=game_def.fullholdem
In config file: ACTIONS_R0=F,C
In config file: ACTIONS_R1=F,C
In config file: ACTIONS_R2=F,C
In config file: ACTIONS_R3=F,C
Loading player: rgbr_nl_cprg.so
Player args: /home/viliam/cprg/project_uoapoker/trunk/src/c/meta_player.so /home/viliam/cprg/project_uoapoker/trunk/src/c/acpc14.map
Using seed 39.
1:BR,Player:0r130c/cc/cc/cr460f:2sKc,9sKs|/8sThAc/6d/7c:-230,230(-230.000000)
2:Player,BR:0cc/cc/r300f:6dQs,2c9c|/3d7cKs/4s:100,-100(100.000000)
3:BR,Player:0r130c/cc/cc/cr299f:2s5h,8dQs|/6s6cQh/Ah/Js:-230,230(-230.000000)
4:Player,BR:0cc/cc/cc/r300c:5dQh,3sTs|/6hJsQd/9d/Jh:400,-400(-102.892165)
5:BR,Player:0r130c/cc/cc/cr299f:8dJc,TcKs|/6s7cAd/Qd/Kh:-230,230(-230.000000)
6:Player,BR:0cc/cc/cc/r130c:5sTc,6hAd|/3hTsJd/Kd/6d:230,-230(38.391922)
7:BR,Player:0r200c/cc/cc/cc:6cQc,6hAh|/7s8s9s/Ts/Ks:0,-0(-0.000000)
8:Player,BR:0cc/cc/cc/r130c:3s7c,6d8s|/2d8hTs/6h/4s:-230,230(-216.670534)
9:BR,Player:0r130c/cr299c/cc/cc:JhQd,4hKs|/2d6sTh/Ac/4s:-529,529(-137.176129)
10:Player,BR:0cc/cc/r200f:4c7c,5s8s|/6cJsJc/2h:100,-100(100.000000)
11:BR,Player:0r130c/cc/cr299f:3hKd,7hKh|/7dJdQh/5h:-230,230(-230.000000)
12:Player,BR:0cr200c/r600c/r1170c/cc:3h5c,4h8s|/4c9hQc/3s/As:-2070,2070(-1800.562098)
13:BR,Player:0r200c/cr900c/cc/cc:4dAd,4sQc|/7h9sAs/5c/5s:1200,-1200(1107.334037)
14:Player,BR:0cr300f:7dTd,3c6s|:100,-100(100.000000)
15:BR,Player:0r200c/cr390c/cr1380c/cc:3d5s,5dQc|/3s3h6s/As/Ah:2070,-2070(1925.597017)
16:Player,BR:0cc/cc/cc/r200f:3hKh,4d6h|/9hJhQs/Ts/9s:100,-100(100.000000)
17:BR,Player:0cc/cc/cc/cc:2hAh,5sQh|/6c9sKd/Th/8d:100,-100(-19.667057)
18:Player,BR:0cc/cc/r130f:4dAh,4c8s|/TcJcAs/5h:100,-100(100.000000)
19:BR,Player:0r130c/cc/cc/cc:2s3c,8h8c|/7sTsJs/Ks/Th:230,-230(230.000000)
20:Player,BR:0cc/cc/cc/cc:4dKs,3c4c|/2d5h6c/Kd/Jd:-100,100(-97.440097)
21:BR,Player:0r200c/cc/cr150f:3s9c,7cTh|/4sKdKc/7d:-300,300(-300.000000)
22:Player,BR:0cc/cc/cc/cc:7hTc,5cJs|/3sTdKh/Jh/Qs:-100,100(-23.228069)
23:BR,Player:0r130c/cc/cc/cc:4s9d,2sKh|/8c9hAs/7c/8h:230,-230(230.000000)
24:Player,BR:0cc/cc/cc/r130f:4hAc,2c7c|/ThKsAd/4d/3s:100,-100(100.000000)
25:BR,Player:0r300c/cc/cc/cc:5hQs,KhAh|/2c8s9d/4c/4d:-400,400(-400.000000)
26:Player,BR:0cc/cc/cc/cc:9sQh,6dQc|/4c8sKs/2d/8c:100,-100(-5.893779)
27:BR,Player:0f:6dJs,2c6s|:50,-50(50.000000)
28:Player,BR:0cc/cc/cc/cc:TcKs,5cTh|/3d6s8h/5s/8s:-100,100(-74.634035)
29:BR,Player:0r200c/cc/cr390c/cc:2hAs,4cQh|/5h7s8s/Ac/3h:690,-690(690.000000)
30:Player,BR:0cr300c/cc/r1200c/r800c:2dTd,KcAc|/2hTcQd/8s/Js:-2400,2400(-2400.000000)
31:BR,Player:0cc/cc/cc/cc:5dKc,7hAc|/3cJhQh/Th/Jc:-100,100(-83.921436)
32:Player,BR:0cr600c/cc/r350c/cc:6s6c,8s9s|/4c7dTd/8c/Kd:-1050,1050(-666.591579)
33:BR,Player:0r130c/cr299c/cr3174c/cc:3c5c,4c5d|/3d5hQd/Ah/Qh:0,-0(638.812589)
34:Player,BR:0cc/cc/r200c/r390c:5d8s,3c9d|/3hQsAh/5c/Ks:690,-690(91.049352)
35:BR,Player:0r130c/cc/cc/cr460c:2dKc,4cJh|/7dTdAh/5h/7c:690,-690(518.243036)
36:Player,BR:0cr200c/r390c/r1380f:QsAc,6hKh|/3c8hQc/2s:690,-690(690.000000)
37:BR,Player:0r200c/cc/cc/cc:5s5c,KsAd|/4c7dTc/8s/Ts:300,-300(187.924764)
38:Player,BR:0cc/cc/cc/cc:2s6s,7hKc|/9dJhAs/4d/9c:-100,100(-49.757093)
39:BR,Player:0r130c/cc/cc/cr299c:5dAc,7cTs|/3hJhKh/6d/4s:529,-529(-110.680852)
40:Player,BR:0cr200c/cc/cc/cc:TcJc,7h7c|/4cTsKd/Qs/9c:300,-300(-100.377726)
41:BR,Player:0r130c/cc/cr115c/cr1035c:6cAh,5dAd|/2s2c8s/2d/Ac:0,-0(-0.000000)
42:Player,BR:0cc/cc/r300c/cc:4s9h,8dQs|/6s7cAh/6c/5s:-400,400(-381.027125)
43:BR,Player:0cc/cc/cc/cr130f:2cQh,9sTc|/2s9dKc/4d/3d:-100,100(-100.000000)
44:Player,BR:0cc/cc/cc/cc:8cQd,2d7d|/9sTcKs/3d/Jd:100,-100(74.959062)
45:BR,Player:0r130c/cc/cc/cr299f:5dKc,4dAc|/3h7d9h/8c/Td:-230,230(-230.000000)
46:Player,BR:0cc/cc/r130c/r460f:TdKh,6hTs|/4dKsAh/9s/3h:230,-230(230.000000)
47:BR,Player:0r130c/cr1380c/cc/cc:ThJd,8cTc|/3sKcAd/Qs/4h:1610,-1610(1610.000000)
48:Player,BR:0cc/cc/cc/r200f:6s7d,8cAs|/9hQcAh/4h/3h:100,-100(100.000000)
49:BR,Player:0r130c/cr299c/cc/cr1058c:2s3d,5s7s|/2cQdAd/Jh/4c:1587,-1587(1138.317946)
50:Player,BR:0cc/cc/cc/r130c:7hJd,8cTh|/5dTcQh/3c/8d:-230,230(-201.309698)
51:BR,Player:0cc/cc/cc/cc:3s4c,4h9d|/4sQcAs/Jd/7c:0,-0(52.899490)
52:Player,BR:0cc/cc/cc/cc:5h6d,4d9d|/9hTcQh/Ks/5s:-100,100(12.986598)
53:BR,Player:0r130c/cc/cc/cr460f:9cAh,7sTs|/5d9hJh/6d/8s:-230,230(-230.000000)
54:Player,BR:0cc/cc/cc/cc:6cTd,ThAh|/3s5c9c/8s/9h:-100,100(-48.556293)
55:BR,Player:0r130c/cc/cr299c/cc:9sKd,4sQh|/6dTcAs/Qs/2d:-529,529(26.062595)
56:Player,BR:0cc/cc/cc/cc:3c6s,2d9s|/JdJcAd/Qd/Qs:0,-0(14.699980)
57:BR,Player:0r130c/cc/cr299f:4hTc,ThTd|/6h7hAh/Ks:-230,230(-230.000000)
58:Player,BR:0cr200c/cc/cc/cc:7sQh,5c8h|/3d5hAd/7c/Qc:300,-300(-96.285177)
59:BR,Player:0f:3h8h,2c3s|:50,-50(50.000000)
60:Player,BR:0cc/cc/r130c/cc:7s9h,6cTs|/5h6sAs/Tc/Td:-230,230(-229.935465)
61:BR,Player:0cc/cr130f:4d5s,6d7c|/7sJsAd:-100,100(-100.000000)
62:Player,BR:0cr200c/cc/cc/cc:JdKd,4s6h|/3s5hAc/Th/8s:300,-300(300.000000)
63:BR,Player:0r130c/cc/cc/cr299c:QdAh,TsKd|/8sThAs/8h/8d:529,-529(529.000000)
64:Player,BR:0cr200c/r390f:JsJd,4d9c|/7hAdAc:300,-300(300.000000)
65:BR,Player:0r130c/cr299f:2s7c,7s8c|/9hTdQd:-230,230(-230.000000)
66:Player,BR:0cr600c/r910f:6s9s,7h9h|/2s4d8c:700,-700(700.000000)
67:BR,Player:0r130c/cr460c/cr1380c/cr6210c:9dQh,5d9s|/3d6s7d/Th/As:8280,-8280(2678.885884)
68:Player,BR:0cr200c/cc/cc/r600f:5h7h,4hJc|/5s7dKs/2h/Ac:300,-300(300.000000)
69:BR,Player:0r130c/cc/cc/cc:5hKd,JhQd|/3h3d6d/6c/6s:0,-0(-0.000000)
70:Player,BR:0cc/cc/cc/r200f:6sTh,2s8c|/4d4c7h/Ts/8h:100,-100(100.000000)
71:BR,Player:0cc/cc/cr200c/cc:9sAs,3hJs|/4h5dJc/Td/2h:-300,300(-204.641681)
72:Player,BR:0cr130c/cc/cc/cc:8cKh,3c9h|/5sThAd/6s/7h:230,-230(230.000000)
73:BR,Player:0f:4cKs,2h7c|:50,-50(50.000000)
74:Player,BR:0cc/cc/r200f:6cTs,5cKh|/3s7cTh/5s:100,-100(100.000000)
75:BR,Player:0r130c/cc/cr115c/cc:4s5h,4d7c|/4h8cKs/Kd/7d:-345,345(186.004722)
76:Player,BR:0cr200c/cc/r150c/r2700f:TsTh,6dQd|/4dTcKh/Jc/4c:450,-450(450.000000)
77:BR,Player:0r130c/cr299c/cc/cc:3c8d,4hJs|/7sTdJd/9s/9c:529,-529(529.000000)
78:Player,BR:0cc/cc/cc/r130f:8hKs,2hJc|/2d8dTc/Qc/7c:100,-100(100.000000)
79:BR,Player:0r300c/cr520c/cr1840c/cc:TdKd,4sQh|/5h9hJc/6c/3d:2760,-2760(1794.952463)
80:Player,BR:0cr200c/cc/cc/cc:6dKd,2hTs|/2d3sQc/Jc/5h:-300,300(-203.576409)
81:BR,Player:0r130c/cc/cc/cc:8hKh,4hAs|/6c7sQc/4s/Th:-230,230(-230.000000)
82:Player,BR:0cc/cc/r130c/r115c:9dAc,3d4c|/4h8s9s/7d/Ks:345,-345(123.124293)
83:BR,Player:0r200c/cr390f:5s9h,9dAd|/3d4dQs:-300,300(-300.000000)
84:Player,BR:0cc/cc/cc/cc:8hTc,5h6s|/4s5s7h/As/Qc:-100,100(-29.233118)
85:BR,Player:0f:5h6h,4s9c|:50,-50(50.000000)
86:Player,BR:0cr600c/r910c/cc/cc:JcAs,3cKd|/8cThKc/8h/Tc:-1610,1610(-1164.965002)
87:BR,Player:0r130c/cr299c/cr687f:7hTs,JsKs|/3d9hKh/Kc:-529,529(-529.000000)
88:Player,BR:0cc/cc/r300f:9dKh,2h5c|/9cKsAs/Qd:100,-100(100.000000)
89:BR,Player:0cc/cr130c/cc/cr460f:2sKc,3dJc|/3s9dQc/Kh/Ts:-230,230(-230.000000)
90:Player,BR:0cc/cc/r130f:7sJd,2s3c|/4cTdAh/Kh:100,-100(100.000000)
91:BR,Player:0cc/cc/cr130c/cr299c:5h8s,4h9s|/6c7c9h/5s/9d:529,-529(529.000000)
92:Player,BR:0cc/cc/cc/cc:3s9d,6s9s|/4c6h8c/Qh/Td:-100,100(-58.964657)
93:BR,Player:0r130c/cr299c/cc/cr687f:5dAd,8hJh|/2s4d9c/2h/6s:-529,529(-529.000000)
94:Player,BR:0cc/cc/cc/r130c:2c7d,5hAh|/4s6cKd/7h/Td:230,-230(-35.817472)
95:BR,Player:0r200c/cr600c/cc/cr1170f:2h9d,3d4c|/8dJcQd/4s/3s:-900,900(-900.000000)
96:Player,BR:0cc/cc/cc/cc:3s7d,5sJs|/9cTdKh/Qc/Qh:-100,100(-92.592145)
97:BR,Player:0r200c/cr390c/cc/cr1380f:7d9s,8sKc|/3sJcKs/Qd/5h:-690,690(-690.000000)
98:Player,BR:0cc/cc/cc/cc:5cTd,4sQd|/4d5hJh/8c/As:100,-100(-53.768080)
99:BR,Player:0r130c/cc/cc/cr299f:8dJd,4cTs|/2c4s5s/6h/6c:-230,230(-230.000000)
100:Player,BR:0cc/cc/r300c/cc:4h5d,6hQd|/8dAhAd/2c/9d:-400,400(-357.155267)
101:BR,Player:0r130c/cc/cc/cr299f:2s7d,8hQd|/QsKsAh/8s/2h:-230,230(-230.000000)
102:Player,BR:0cr300c/cc/r200c/r780c:4d4c,6cAc|/4sTdAd/3c/3s:1380,-1380(-241.770445)
103:BR,Player:0r130c/cr299c/cr687c/cc:5d6s,9dJh|/3h3c5c/Qd/Js:-1216,1216(-1023.350335)
104:Player,BR:0cc/cc/r130f:4s7h,6d7s|/ThJsJh/5s:100,-100(100.000000)
105:BR,Player:0r130c/cc/cr299c/cc:4dJc,8cAc|/4h7s7d/4s/8s:529,-529(529.000000)
106:Player,BR:0cr200c/cc/cc/r150c:JcAc,7dTc|/8sThQh/Qc/Ah:450,-450(229.191211)
107:BR,Player:0r130c/cc/cr115c/cc:JsKh,7dQd|/9cThAs/3h/6h:345,-345(-204.263141)
108:Player,BR:0cc/r130c/r299c/r687c:9dJh,TsKc|/2d5cTd/Qd/5s:-1216,1216(-1216.000000)
109:BR,Player:0r130c/cr460c/cr1380c/cr2691c:4c9c,2sJc|/9hTcQs/3s/Ad:4761,-4761(945.715845)
110:Player,BR:0cc/cc/cc/cc:2h6s,9hQd|/4s9dJd/Ks/2s:-100,100(-74.854944)
111:BR,Player:0r300c/cr800c/cr1560f:6sQd,4sQh|/4cQcAh/4h:-1200,1200(-1200.000000)
112:Player,BR:0cr600c/cc/r910c/r2093f:QdAd,9hAs|/3dThQh/Td/5s:1610,-1610(1610.000000)
113:BR,Player:0r130c/cr299c/cr1058c/cr4761c:7cJd,JcQs|/6h6d7d/2s/Ac:6348,-6348(3147.905175)
114:Player,BR:0cr200c/cc/cc/r390f:4h4d,7dKs|/7h9sTh/5h/Jh:300,-300(300.000000)
115:BR,Player:0r200c/cr390c/cc/cr897f:2c9h,TsAs|/8hQhAh/Kc/6s:-690,690(-690.000000)
116:Player,BR:0cc/cc/r130f:5h8c,4h7c|/2c3hTc/Jc:100,-100(100.000000)
117:BR,Player:0f:3c4d,2cTh|:50,-50(50.000000)
118:Player,BR:0cc/cc/cc/r130c:2h3s,8sTd|/4h8h9h/As/Kh:230,-230(73.140241)
119:BR,Player:0r200c/cc/cc/cr600c:7d8h,3dKd|/5s6cAd/Td/9d:-900,900(393.318594)
120:Player,BR:0cc/cc/cc/r200c:2d9c,3c9d|/4d9sAd/4s/6s:0,-0(3.137340)
121:BR,Player:0r130c/cr299c/cc/cr687c:3cJs,QhAd|/3s5cQs/3d/Jd:1216,-1216(1185.449609)
122:Player,BR:0cr200c/r1800c/cc/cc:6sTs,4h6c|/4sJhAd/Qd/Js:-2100,2100(-2100.000000)
123:BR,Player:0r130c/cr299c/cr687c/cr1580f:3cAs,9hKs|/TcJsQd/Td/9s:-1216,1216(-1216.000000)
124:Player,BR:0cc/cc/r130c/cc:9sTc,JhQc|/4h7d8h/6h/3s:230,-230(103.907932)
125:BR,Player:0cc/cr130c/cr460c/cc:3dTc,4c8d|/7cTsAc/Kc/Td:690,-690(690.000000)
126:Player,BR:0cr300c/cc/r200c/r780f:6sKs,JhAs|/2c5hTd/6c/Ts:600,-600(600.000000)
127:BR,Player:0r130c/cc/cr115c/cr690c:JhAh,QdKh|/7h8cJd/Ks/5s:-1035,1035(-160.855496)
128:Player,BR:0cc/cc/cc/r130c:4dKh,8hJs|/4c6s6c/8d/Ac:-230,230(-175.951070)
129:BR,Player:0r300c/cr1200c/cc/cc:KdAs,4dJh|/2d7h8s/Ad/9c:1600,-1600(1600.000000)
130:Player,BR:0cc/cc/cc/cc:3sKc,3h8h|/5cJsQh/9s/8d:-100,100(-33.835419)
131:BR,Player:0r130c/cc/cc/cr299c:2h6d,3d8d|/7cJcAh/2c/7h:529,-529(-137.819325)
132:Player,BR:0cr200c/r390c/cc/r138f:4h6c,4cJc|/2c7s7d/As/6s:690,-690(690.000000)
133:BR,Player:0r200f:2d3c,5h9h|:-100,100(-100.000000)
134:Player,BR:0cr200c/cc/cc/r900f:2d6d,6sJd|/4d7cAd/Td/6c:300,-300(300.000000)
135:BR,Player:0r130c/cr299f:3d5d,5cAc|/6s6c9c:-230,230(-230.000000)
136:Player,BR:0cc/cc/r130c/cc:8h9c,4c5c|/5dJsAh/Jd/6d:-230,230(-119.952223)
137:BR,Player:0r130c/cr690c/cc/cr1196c:9sTs,3d4h|/QcKhAh/8h/Ac:2116,-2116(-234.957171)
138:Player,BR:0cr600c/r4200c/r6370c/cc:4c5c,5s5h|/6s7hJd/2c/4d:-11270,11270(-11270.000000)
139:BR,Player:0cc/cc/cc/cc:KsAc,8sQh|/9cJhJd/Kh/8d:100,-100(100.000000)
140:Player,BR:0cr300c/r520c/r1840c/cc:9sTh,7hQh|/8sQcKd/3c/Ac:-2760,2760(-555.148913)
141:BR,Player:0r130c/cr299c/cc/cc:6h8c,3sKc|/2c5c9c/5h/8h:529,-529(520.957598)
142:Player,BR:0cc/cc/r130f:2s5h,7sTd|/5dKdAh/3c:100,-100(100.000000)
143:BR,Player:0r130c/cr299f:4h7c,3s5d|/9hAsAd:-230,230(-230.000000)
144:Player,BR:0cr200c/cc/r900f:5h8s,2d8h|/4h7hTd/Qc:300,-300(300.000000)
145:BR,Player:0r130c/cr460c/cc/cc:4d7s,9sJd|/5s6h8s/6c/4h:690,-690(690.000000)
146:Player,BR:0cc/cc/r130c/r299c:4dAh,6s9c|/3h5d9s/Ad/Kc:529,-529(-40.242932)
147:BR,Player:0r130c/cr690c/cc/cr1196f:9hJc,AsAc|/2d8dQh/9d/Qc:-920,920(-920.000000)
148:Player,BR:0cc/cc/r130c/cc:2c6d,2s8d|/7dTdTc/2h/Jc:0,-0(-22.565165)
149:BR,Player:0r200c/cr390c/cc/cc:8h9h,9sAd|/2sJhJc/Kc/2d:-690,690(-285.772065)
150:Player,BR:0cc/cc/cc/r130c:3c5d,7dKd|/2c4cAc/Kh/7c:230,-230(-84.023016)
151:BR,Player:0r130c/cr690f:6s8s,5s8c|/7sKdAh:-230,230(-230.000000)
152:Player,BR:0cc/cc/r300c/cc:2h6s,7dAd|/5d5cKs/3d/5h:-400,400(-361.332854)
153:BR,Player:0r130c/cr460c/cc/cc:TsJh,6dTd|/2dJcKc/Qc/Ac:0,-0(586.346503)
154:Player,BR:0cr300c/r520f:3h5c,7dJh|/4c6dTh:400,-400(400.000000)
155:BR,Player:0r130c/cr299c/cc/cc:7cTs,TdJs|/3h7sKs/Ac/4d:529,-529(163.862050)
156:Player,BR:0cc/cc/cc/cc:2hQc,9cAh|/3sQsAd/Td/2d:100,-100(-84.066458)
157:BR,Player:0r130c/cr299c/cr1058f:7s9h,3dJh|/4hQsQh/Qd:-529,529(-529.000000)
158:Player,BR:0cc/cc/r130c/r460f:8c9h,8dKh|/3s6hTc/3h/2d:230,-230(230.000000)
159:BR,Player:0cc/cr130c/cr460c/cr897f:8sQh,4cTh|/6h8cAd/4s/Tc:-690,690(-690.000000)
160:Player,BR:0cc/cc/cc/cc:3hTs,3sKh|/4h4c9s/9h/3d:-100,100(-81.353075)
161:BR,Player:0r200c/cc/cr600c/cr2700f:9dAc,4d6c|/3s9hJs/7s/5h:-900,900(-900.000000)
162:Player,BR:0cr600f:3h3d,3s5s|:100,-100(100.000000)
163:BR,Player:0f:5cTs,3d9h|:50,-50(50.000000)
164:Player,BR:0cr200c/r390c/r138c/r165c:8hJh,5sAc|/6d9dJc/8d/7h:-993,993(-803.694034)
165:BR,Player:0r130c/cc/cc/cc:7dAh,7cQs|/3h4dKc/5d/5c:230,-230(149.661733)
166:Player,BR:0cc/cc/r130c/cc:8dTh,5d5c|/6d7s9s/As/Ks:230,-230(52.233451)
167:BR,Player:0r130c/cr299f:3sJd,6hJc|/5h9sQh:-230,230(-230.000000)
168:Player,BR:0cc/cc/cc/cc:2dJc,6d8c|/3c7s7c/5s/Qh:100,-100(93.112926)
169:BR,Player:0cc/cc/cc/cc:JdKs,6cJs|/2h7hAc/2s/3d:100,-100(37.528617)
170:Player,BR:0cc/cc/cc/cc:TcKs,3s3h|/5s9s9c/Kd/7c:100,-100(-47.422486)
171:BR,Player:0r130c/cc/cc/cr299c:8dAd,2h8h|/2d7dTh/3c/7c:-529,529(26.757831)
172:Player,BR:0cr300c/cc/r800c/r1560c:4s4h,9sJd|/3h4dKd/Qc/Ts:-2760,2760(-2760.000000)
173:BR,Player:0r200f:2c3s,7cQs|:-100,100(-100.000000)
174:Player,BR:0cc/cc/cc/r130c:7sTc,4h9h|/5c9sKd/4s/7d:-230,230(-194.127090)
175:BR,Player:0cc/cc/cc/cc:8hKd,9sKc|/7d8sQh/Jc/5c:100,-100(100.000000)
176:Player,BR:0cc/r300c/cc/cc:6s7c,8cQc|/3d5c8h/4h/Tc:400,-400(400.000000)
177:BR,Player:0r130c/cr299c/cc/cr1058f:9dQc,4s5h|/4c5cJd/6d/Ts:-529,529(-529.000000)
178:Player,BR:0cc/cc/cc/cc:3hKh,7hTc|/2h9dJd/5c/6h:100,-100(100.000000)
179:BR,Player:0r130c/cc/cr115c/cc:7dAh,2d2c|/3s5cJh/3h/Kc:-345,345(-129.962174)
180:Player,BR:0cr300f:5h5d,2d4s|:100,-100(100.000000)
181:BR,Player:0r130c/cc/cc/cc:TdAd,5s6c|/7dJdKh/8h/6d:230,-230(230.000000)
182:Player,BR:0cr300f:8sJs,2c9h|:100,-100(100.000000)
183:BR,Player:0r130c/cr460c/cr1380c/cr12420f:2sKd,7h8h|/6d9sKh/2h/5c:-2070,2070(-2070.000000)
184:Player,BR:0cc/cc/cc/cc:3h7h,8s8h|/3c9dQd/4c/Ah:-100,100(-63.352404)
185:BR,Player:0r130c/cr690c/cc/cc:JcKd,6c9h|/7hTdJh/7c/Js:920,-920(920.000000)
186:Player,BR:0cr200c/r390c/cc/cc:5sKs,QhKh|/3c6c9s/2c/Jc:-690,690(482.367260)
187:BR,Player:0r130c/cr299c/cc/cc:7s8d,5d9s|/7cJcQs/4h/4d:529,-529(430.421231)
188:Player,BR:0cc/cc/cc/r300c:2c5s,7cJc|/8dJdQs/Kc/3s:-400,400(-233.799102)
189:BR,Player:0r200c/cc/cc/cc:3d7d,ThAc|/2c6cJd/Qc/8h:-300,300(-300.000000)
190:Player,BR:0cr200c/r390c/cc/cc:9hTh,KsKd|/3c6sAd/Jc/7h:-690,690(-631.387341)
191:BR,Player:0r130c/cr299c/cr1058f:6dAs,2h6h|/5c8hQs/Kc:-529,529(-529.000000)
192:Player,BR:0cc/cc/cc/cc:2c4s,3dQc|/6h7c8d/Jh/Td:-100,100(80.718538)
193:BR,Player:0r130c/cr299c/cr1058c/cr4761c:5d6d,6sTc|/7s8d9d/2c/Ks:-6348,6348(-1196.401469)
194:Player,BR:0cc/cc/cc/r130f:4s7c,6dQh|/JcKsKc/Ad/5c:100,-100(100.000000)
195:BR,Player:0r200c/cc/cc/cc:5hJc,9sKd|/4c8dQc/2c/3d:-300,300(-300.000000)
196:Player,BR:0cc/cc/cc/cc:9hQd,4d8s|/4s8hTd/Ks/3d:-100,100(-93.739930)
197:BR,Player:0r200c/cc/cr150c/cr900c:6d7c,4s9s|/2sThTc/3c/6h:1350,-1350(1297.747847)
198:Player,BR:0cc/cc/r130f:5sKh,3c4d|/9dJsKs/Jc:100,-100(100.000000)
199:BR,Player:0r130c/cc/cc/cc:JdKh,5cAh|/4s6h8s/6s/Js:230,-230(203.952284)
200:Player,BR:0cc/cc/cc/cc:7hKd,3h5s|/4c9hQc/Ah/6h:100,-100(96.294555)
201:BR,Player:0r130c/cc/cc/cr299c:2hAc,8sKc|/8c9dQh/2c/7d:-529,529(-159.969341)
202:Player,BR:0cr300c/cc/cc/cc:2s2d,4hQc|/6s9hJd/7h/5c:400,-400(400.000000)
203:BR,Player:0r200c/cr600f:2c9d,7cJc|/5d6c8s:-300,300(-300.000000)
204:Player,BR:0cc/cc/r130f:TdJh,8hKs|/6c9cJs/Qd:100,-100(100.000000)
205:BR,Player:0f:5c7s,2h4c|:50,-50(50.000000)
206:Player,BR:0cr600f:4h5h,2s8h|:100,-100(100.000000)
207:BR,Player:0r130c/cr460c/cc/cr897f:3h9h,7h7c|/6h7s9c/Td/2s:-690,690(-690.000000)
208:Player,BR:0cc/cc/r200c/cc:3d5h,2hJd|/4h4cQc/3h/Qs:-300,300(-244.606432)
209:BR,Player:0r130c/cc/cc/cc:7s7c,3hAs|/4s6dTs/4d/Kc:230,-230(230.000000)
210:Player,BR:0cr200c/cc/r150c/cc:ThAc,4c8d|/2s5s7d/7s/As:450,-450(450.000000)
211:BR,Player:0r130c/cc/cc/cr299f:4c8h,7c9s|/2c7sKs/Jc/3c:-230,230(-230.000000)
212:Player,BR:0cc/cc/cc/cc:5sJd,2hJc|/7d8hAd/3c/Ks:0,-0(55.641368)
213:BR,Player:0r130c/cc/cc/cc:8cKs,8dAh|/3c5h9h/6s/2c:-230,230(-206.660121)
214:Player,BR:0cr200c/cc/cc/r150c:TcAd,5cKh|/4h6hAh/3h/Ac:-450,450(-388.872492)
215:BR,Player:0r130c/cc/cc/cc:3c9c,3dAd|/4hJdKs/4s/7s:-230,230(-230.000000)
216:Player,BR:0cr300f:5s6h,2d8d|:100,-100(100.000000)
217:BR,Player:0r200c/cr900c/cr2400c/cc:8h8c,JdAs|/4d5cJc/Qc/3c:3600,-3600(1337.429503)
218:Player,BR:0cc/cc/cc/cc:2h9c,2cAd|/4cTcJs/Qh/Qc:-100,100(-25.146788)
219:BR,Player:0r130c/cr460c/cc/cc:4sKs,6d9d|/5d6c7c/3d/Kh:690,-690(690.000000)
220:Player,BR:0cc/cc/cc/r200c:6cKh,2cTc|/ThTdJd/Ks/7s:-300,300(-285.679681)
221:BR,Player:0cc/cr130c/cr299f:6dAc,4c8h|/5d8sKc/3h:-230,230(-230.000000)
222:Player,BR:0cc/cc/cc/r130c:2c7h,9dKs|/3cKhAc/6h/4s:-230,230(-202.058773)
223:BR,Player:0cc/cc/cc/cc:7sTd,2dAh|/7dQsKs/9d/9s:100,-100(85.993709)
224:Player,BR:0cc/cc/cc/cc:7sJh,JdJc|/8c9s9d/Ah/8h:-100,100(-79.712922)
225:BR,Player:0r200c/cr390c/cc/cr897f:5cAs,6sJc|/2c5s8c/7c/3c:-690,690(-690.000000)
226:Player,BR:0cc/cc/cc/cc:3sKd,JcAd|/5d9dQd/8d/6d:-100,100(-94.540049)
227:BR,Player:0f:6dTc,2c9d|:50,-50(50.000000)
228:Player,BR:0cc/cc/r200c/cc:5hTs,2sQd|/2c6sQs/7s/Qc:-300,300(-300.000000)
229:BR,Player:0r130c/cr299c/cc/cc:4h6d,4dTs|/2d5cKh/5h/8h:-529,529(-479.867594)
230:Player,BR:0cr600c/cc/r140c/cc:2cTc,7hJh|/8c9hAh/Kd/Qc:-840,840(280.317316)
231:BR,Player:0cc/cr130c/cc/cr299f:2dKh,3dJs|/6cTsJh/2s/5s:-230,230(-230.000000)
232:Player,BR:0cc/cc/cc/r130c:4d8s,2s2c|/5s8dJd/Ad/9d:230,-230(68.615033)
233:BR,Player:0r200c/cr390c/cc/cc:9dTc,7hTd|/3c4sJs/3s/Qc:0,-0(-5.083412)
234:Player,BR:0cc/cc/r130c/r115c:5dKh,6d7h|/7d9cKs/7c/2d:-345,345(-332.225475)
235:BR,Player:0r130c/cr299c/cc/cr1058c:5d8c,7sAs|/2sTsAh/9d/4c:-1587,1587(90.344001)
236:Player,BR:0cc/cc/cc/cc:2h3d,5dKh|/3h7h8c/Tc/Qh:100,-100(58.090499)
237:BR,Player:0cc/cr130c/cr460c/cr897f:QdAh,5hTs|/4h4c7s/6s/5d:-690,690(-690.000000)
238:Player,BR:0cr300c/cc/cc/r520f:ThAs,6dTd|/2sTsJd/Qc/7h:400,-400(400.000000)
239:BR,Player:0f:6dQc,2h7d|:50,-50(50.000000)
240:Player,BR:0cc/cc/cc/r130f:3hAs,8cAd|/2h2d5s/Kc/5c:100,-100(100.000000)
241:BR,Player:0cc/cc/cc/cc:5s8d,2cAs|/3cJsKd/8s/8c:100,-100(100.000000)
242:Player,BR:0cc/cc/r130c/cc:3c9s,2dQh|/5h7cKs/Kc/As:-230,230(-134.624523)
243:BR,Player:0r130c/cc/cc/cr299f:5h8d,5cKc|/9hKdAc/Th/Kh:-230,230(-230.000000)
244:Player,BR:0cr200c/r900c/r3600c/cc:JcKc,TcQc|/2h8cTd/7c/8h:-4800,4800(-4800.000000)
245:BR,Player:0cc/cc/cr130c/cr690c:4h9h,4sTc|/2d7hKh/Ad/3h:920,-920(920.000000)
246:Player,BR:0cc/cc/cc/cc:8sKc,QcAd|/2c3h6s/Qd/Jh:-100,100(-73.344430)
247:BR,Player:0r200c/cr390c/cc/cc:9sQs,4sKc|/3h5sTh/Qh/2d:690,-690(690.000000)
248:Player,BR:0cr200c/cc/r150c/cc:3s3d,9cJh|/6s6c8c/Jc/2h:-450,450(-185.978158)
249:BR,Player:0r130c/cr299c/cc/cc:9dTs,7c8c|/QcKdAc/3h/Qd:529,-529(442.278622)
250:Player,BR:0cr600c/cc/r140c/cc:KcAh,8dJs|/5h9dJc/4d/4h:-840,840(-662.614722)
251:BR,Player:0r130c/cr299c/cc/cc:3hQd,5c9h|/6cQcKs/3d/6s:529,-529(529.000000)
252:Player,BR:0cr200c/cc/r150c/r225c:8s8d,3d6s|/2c6cTc/6h/3s:-675,675(-666.673389)
253:BR,Player:0r130c/cc/cr115c/cr1035c:8dJs,4dKd|/7hJhQd/6c/9c:1380,-1380(932.423456)
254:Player,BR:0cc/cc/cc/cc:3dQd,QsAc|/3h8cTs/As/8d:-100,100(-77.349156)
255:BR,Player:0r200c/cr390c/cr897c/cc:5cQs,5h6d|/2d3h3d/2s/Qc:1587,-1587(1256.806664)
256:Player,BR:0cc/cc/cc/r300f:8hJc,4hKs|/3d6dAs/4c/8s:100,-100(100.000000)
257:BR,Player:0r130c/cc/cc/cc:3dJh,7hJc|/6sQcKh/2d/Qs:-230,230(-229.841061)
258:Player,BR:0cc/cc/cc/cc:5d6h,8s9s|/2sTsAd/Qh/3h:-100,100(66.780417)
259:BR,Player:0r130c/cr299c/cr687c/cc:6h9d,5d7c|/3h8dTd/Qd/6d:1216,-1216(1216.000000)
260:Player,BR:0cr200c/r390f:ThKs,4d8s|/6hQcKd:300,-300(300.000000)
261:BR,Player:0r130c/cc/cc/cc:4sTc,QcKs|/6c8cJd/Ac/6s:-230,230(-230.000000)
262:Player,BR:0cr600f:2hAh,6s7c|:100,-100(100.000000)
263:BR,Player:0r200c/cr600c/cc/cc:6cKs,3c4h|/2c8c9d/7d/Jc:900,-900(-688.545122)
264:Player,BR:0cc/cc/cc/cc:8hQd,6h7c|/2h9hAh/3h/8s:100,-100(-72.389798)
265:BR,Player:0cc/cc/cc/cr200c:8cAc,3cAd|/2hThJs/3h/Tc:-300,300(-94.418549)
266:Player,BR:0cr130c/cc/r299c/cc:7c9h,ThKs|/5d9sJc/8h/Ts:529,-529(270.764393)
267:BR,Player:0r200c/cr600c/cc/cr1170c:QhKh,JcQs|/4h5hTc/9c/Js:2070,-2070(2070.000000)
268:Player,BR:0cr130c/r299c/r1058f:AdAc,8dQc|/6d9hKd/2c:529,-529(529.000000)
269:BR,Player:0r130c/cr299c/cc/cc:4sKd,4cKh|/4d5s5h/7s/Jh:0,-0(345.705228)
270:Player,BR:0cr1200c/cc/cc/cc:3h9h,5hQc|/5cTdQd/8c/5s:-1300,1300(-1300.000000)
271:BR,Player:0r130c/cc/cc/cr299c:7s8s,7c8h|/2d3sTs/Jd/Js:529,-529(506.380336)
272:Player,BR:0cr300c/r800c/r1560c/r8280f:2s2h,2dJh|/2c8cAs/7h/Qh:2760,-2760(2760.000000)
273:BR,Player:0r200c/cr390f:3s4c,6d9c|/2c7dQs:-300,300(-300.000000)
274:Player,BR:0cr300c/cc/cc/r200c:6d6c,7d7c|/8c9hKd/9d/4h:-600,600(-467.331533)
275:BR,Player:0r130c/cc/cr460c/cc:6s7h,9sKs|/3h6cTs/9c/7d:690,-690(491.596884)
276:Player,BR:0cc/cc/cc/cc:2c8d,5c7d|/4c9cKc/Jd/2d:100,-100(91.370701)
277:BR,Player:0r130c/cr299c/cc/cc:8dQc,2sAd|/2d4h4c/5d/9c:-529,529(-382.725223)
278:Player,BR:0cr300f:ThJh,3c4h|:100,-100(100.000000)
279:BR,Player:0r130c/cc/cc/cc:3c8d,7c9s|/7h8hKh/Td/5d:230,-230(195.031975)
280:Player,BR:0cc/cc/r200c/cc:7sJd,3s9c|/8d9sKs/3h/5d:-300,300(-289.051189)
281:BR,Player:0r130c/cr299c/cr1587c/cc:6d6c,ThJh|/3h8s9h/2d/Js:-2116,2116(-817.220921)
282:Player,BR:0cc/cc/r300f:8hTc,3d6h|/4d7c9h/7s:100,-100(100.000000)
283:BR,Player:0r200c/cc/cr390f:4h8d,4sJh|/2c7sTh/Kc:-300,300(-300.000000)
284:Player,BR:0cc/cc/cc/r130c:6cTh,4sQc|/2s2c7d/7c/3s:-230,230(67.359718)
285:BR,Player:0r130c/cc/cr299c/cc:TcQd,4dKs|/8cJhAd/Kc/2c:529,-529(529.000000)
286:Player,BR:0cr200f:7d8h,2h4s|:100,-100(100.000000)
287:BR,Player:0cc/cc/cc/cr130c:9sJd,4d8h|/6c9dKd/5h/Qd:230,-230(-55.764392)
288:Player,BR:0cr200c/r390c/cc/r2070f:5hKh,7cQd|/2c5c6h/Th/7h:690,-690(690.000000)
289:BR,Player:0r130c/cc/cr115c/cr1035c:2cKs,5cAh|/6s8sJh/Ts/4s:1380,-1380(1342.229139)
290:Player,BR:0cc/cc/r200f:2hKs,5h8h|/2sThKd/Js:100,-100(100.000000)
291:BR,Player:0r200c/cr600f:4cTs,6d7c|/5d7d8h:-300,300(-300.000000)
292:Player,BR:0cr300f:4hKh,4s9c|:100,-100(100.000000)
293:BR,Player:0r130c/cc/cc/cc:KdAh,4d4c|/9sTdAd/5s/Th:230,-230(230.000000)
294:Player,BR:0cc/cc/r200c/r390c:3h6h,7sTs|/8h9sKs/4h/5s:-690,690(-690.000000)
295:BR,Player:0r130c/cr299c/cr1587f:KsAh,4d7d|/3d8c9c/5h:-529,529(-529.000000)
296:Player,BR:0cc/cc/r130c/r460c:6s8d,2s8c|/2h7c8h/7d/7s:0,-0(-110.048304)
297:BR,Player:0cc/cc/cc/cr200c:TsQs,3s6d|/4d7d7c/Th/7h:300,-300(297.918479)
298:Player,BR:0cc/cc/cc/r300f:7cJh,3h7d|/3cTcKs/Jd/7s:100,-100(100.000000)
299:BR,Player:0r130c/cr299c/cc/cr687c:2cJd,5dTh|/3s8dAc/6h/6d:1216,-1216(226.153498)
300:Player,BR:0cc/cc/cc/cc:4cQh,9hAh|/2h4s8s/9c/Jd:-100,100(-76.936280)
301:BR,Player:0r130c/cr299c/cr687c/cr1580c:4s4h,QsKh|/2hJhAh/7d/4c:2796,-2796(2590.646338)
302:Player,BR:0cc/cc/cc/cc:4dKs,3cKc|/6c9cAh/8d/Tc:-100,100(-100.000000)
303:BR,Player:0cc/cc/cc/cc:3h3d,2dKd|/9dTcAc/8h/8s:100,-100(62.960552)
304:Player,BR:0cc/cc/r130f:2s8d,2h7c|/8hTsTc/5h:100,-100(100.000000)
305:BR,Player:0f:8d9d,2hTd|:50,-50(50.000000)
306:Player,BR:0cr300c/cc/r200c/r120f:2sKs,9hAd|/8cQdQc/2d/5d:600,-600(600.000000)
307:BR,Player:0r200c/cc/cc/cr390f:4d9d,5cQs|/2sQhAh/8s/3c:-300,300(-300.000000)
308:Player,BR:0cr300c/cc/cc/r520c:3cTc,6sJs|/9hTdKc/Qs/Qc:-920,920(-634.227988)
309:BR,Player:0r130c/cr460f:6dQd,9sKd|/3s8h9h:-230,230(-230.000000)
310:Player,BR:0cc/cc/r200c/r600f:6dQs,2s2d|/6c9dQd/3h/Ah:300,-300(300.000000)
311:BR,Player:0r130c/cr460c/cr2070f:4cTh,5c7h|/9hKhAs/7s:-690,690(-690.000000)
312:Player,BR:0cc/cc/cc/cc:5d9c,ThQh|/6sKhAh/Jh/Jd:-100,100(-100.000000)
313:BR,Player:0r130c/cr299c/cc/cc:JsAd,2cKd|/2h9sAc/4c/Ts:529,-529(529.000000)
314:Player,BR:0cc/cc/r200c/r600f:4cTs,7cJc|/TdTcAs/3c/Ac:300,-300(300.000000)
315:BR,Player:0r200c/cc/cc/cc:8h9s,6dKh|/4dThQd/9d/9c:300,-300(300.000000)
316:Player,BR:0cr200c/cc/r390f:8h8d,2sQh|/7dTdJc/7h:300,-300(300.000000)
317:BR,Player:0r130c/cr299c/cc/cc:TdKh,4s5d|/7c9hJd/7h/8s:529,-529(529.000000)
318:Player,BR:0cr300c/cc/r800c/r3600f:6dQd,7dAc|/8d9dTs/Kd/Kc:1200,-1200(1200.000000)
319:BR,Player:0cc/cr300c/cr800f:6hJc,5d9c|/2hKhAh/9d:-400,400(-400.000000)
320:Player,BR:0cc/cc/cc/r130c:3s7h,6d9c|/5s8h9d/2c/Ac:-230,230(-5.598509)
321:BR,Player:0r130c/cc/cc/cc:3c7d,5hAd|/4d7cAc/Kc/Jc:230,-230(230.000000)
322:Player,BR:0cc/cc/r130c/cc:8dKh,9hQd|/2s6s6c/2d/3h:230,-230(129.476140)
323:BR,Player:0r200c/cr390c/cr1380c/cc:8cAd,3sQh|/2d6hJc/Qc/Kc:-2070,2070(-1176.536141)
324:Player,BR:0cc/cc/cc/r200f:2sQd,6s8c|/3h5dAc/4s/Jd:100,-100(100.000000)
325:BR,Player:0r200c/cr390f:4d6s,4h6c|/3dJcQc:-300,300(-300.000000)
326:Player,BR:0cc/cc/r200c/r150f:2dAc,8cJc|/7sTdAh/Ad/3s:300,-300(300.000000)
327:BR,Player:0r130c/cr460c/cr2070c/cc:KcAh,2h7h|/TsTcJd/3h/6h:2760,-2760(2760.000000)
328:Player,BR:0cr300c/cc/r2400f:QsAs,8s9h|/3hKsAd/2s:400,-400(400.000000)
329:BR,Player:0r130c/cc/cr115f:2d5c,5d8h|/7h8dAd/Tc:-230,230(-230.000000)
330:Player,BR:0cc/cc/cc/cc:8hTs,7dJc|/8c9hTc/9c/Ac:-100,100(-88.160592)
331:BR,Player:0cc/cc/cr130c/cc:4c9d,2hQc|/3s4h9s/4s/Jh:230,-230(230.000000)
332:Player,BR:0cr300c/r520c/cc/r1196c:5dKd,6sKs|/3d7sKh/Qc/6c:-2116,2116(-1961.088549)
333:BR,Player:0r200f:2s5d,7c9h|:-100,100(-100.000000)
334:Player,BR:0cc/cc/r200c/cc:2d7d,JdKc|/5h6s8h/6c/5d:-300,300(-300.000000)
335:BR,Player:0r130c/cr299c/cr1058c/cr4761c:7cAc,5c6c|/2s3sAs/8h/3h:6348,-6348(531.421741)
336:Player,BR:0cc/cc/r130c/r115f:7s8d,2hKd|/3h5d7d/As/3s:230,-230(230.000000)
337:BR,Player:0f:3hKh,2s6d|:50,-50(50.000000)
338:Player,BR:0cr200c/r390c/cc/cc:8dJd,5d9d|/4cTsAh/Ac/3h:690,-690(-10.217558)
339:BR,Player:0f:8hQs,2d8c|:50,-50(50.000000)
340:Player,BR:0cc/cc/cc/cc:7h9d,7d8h|/4c5hQh/4s/Jc:100,-100(100.000000)
341:BR,Player:0r130c/cr299c/cc/cr1058f:9cQc,9hJh|/2s6h7h/6c/Th:-529,529(-529.000000)
342:Player,BR:0cc/cc/r130c/r115c:8hKs,6dAs|/6hJhKh/9c/6c:-345,345(-303.009964)
343:BR,Player:0r200c/cr390c/cc/cc:3sKd,8sJd|/2c6h7c/Jc/Kh:690,-690(690.000000)
344:Player,BR:0cc/cc/cc/cc:4sTh,7h7d|/JsJcKd/3c/Qd:-100,100(-38.743323)
345:BR,Player:0r130c/cr299f:2h8c,4h4d|/9sJhJd:-230,230(-230.000000)
346:Player,BR:0cr600f:ThTd,5d6c|:100,-100(100.000000)
347:BR,Player:0r130c/cc/cr690c/cr1196c:4sTc,4h6s|/3d4c9h/4d/5d:2116,-2116(2116.000000)
348:Player,BR:0cr300c/cc/r200c/r1800c:6c9h,4dTd|/2sJcAd/Ac/Ah:-2400,2400(-2226.722946)
349:BR,Player:0r200c/cc/cc/cc:3d5s,3h4d|/5c9sTc/4c/As:300,-300(127.567872)
350:Player,BR:0cr200c/cc/r390f:TdKh,6c7h|/JcQcKc/5h:300,-300(300.000000)
351:BR,Player:0r200c/cc/cr390c/cr1380f:6s8d,8cKh|/7sJcKs/8s/Ad:-690,690(-690.000000)
352:Player,BR:0cr200c/r600c/cc/r1170c:2h4h,5dQd|/8hJsKc/Ks/7d:-2070,2070(-2048.890355)
353:BR,Player:0r130c/cc/cc/cr299c:3h9c,4d4c|/5s6hAd/As/6c:529,-529(511.615333)
354:Player,BR:0cr130c/cc/cc/cc:9dAc,4dQs|/4hTdKc/3h/5h:-230,230(-146.206132)
355:BR,Player:0r200c/cc/cr900c/cc:5c8h,TsJs|/7d8cTd/2s/7s:-1200,1200(500.042945)
356:Player,BR:0cc/cc/cc/cc:5sQc,8s8d|/8c9sAd/2h/4c:-100,100(-100.000000)
357:BR,Player:0cc/cr130c/cr460c/cc:TcAd,2hKd|/4h7dTd/Jd/6s:690,-690(389.226826)
358:Player,BR:0cc/cc/cc/cc:2c3d,8hKc|/7s8sKs/4d/Qc:-100,100(-96.572535)
359:BR,Player:0r130c/cr299c/cc/cr687f:QhQc,5cKs|/3c8d9c/7c/Kh:-529,529(-529.000000)
360:Player,BR:0cc/cc/r130f:9dQh,2sKs|/9hJhQs/8c:100,-100(100.000000)
361:BR,Player:0r130c/cr299c/cr105c/cr1902f:8sTd,7cQh|/2c4h6d/2d/Js:-634,634(-634.000000)
362:Player,BR:0cc/cc/cc/r130c:3cJs,3d5c|/3s8cKs/6s/5s:230,-230(-34.158927)
363:BR,Player:0r130c/cr299c/cc/cr687c:9s9c,8s8c|/3h7cJh/Th/Jc:1216,-1216(-80.277487)
364:Player,BR:0cc/cc/r130c/cc:3sKc,5hTd|/3d6s6c/Js/8s:230,-230(152.972068)
365:BR,Player:0r200c/cc/cc/cc:2hTc,2sKd|/5hQhAs/9c/6s:-300,300(-300.000000)
366:Player,BR:0cr600f:9dJs,6hTd|:100,-100(100.000000)
367:BR,Player:0r200c/cc/cc/cr390c:5c9d,4s4d|/5s8dQd/Qh/6d:690,-690(-214.864563)
368:Player,BR:0cr300c/cc/r200c/r300c:9dQs,TsTh|/2h5s7c/5c/8c:-900,900(-761.001924)
369:BR,Player:0r300c/cc/cc/cr520f:9sQc,5hQs|/7s7cJc/5d/4d:-400,400(-400.000000)
370:Player,BR:0cr600f:8s9d,3hTc|:100,-100(100.000000)
371:BR,Player:0r130c/cc/cc/cr115c:7dAh,6cAs|/3c7sQd/4s/6d:345,-345(345.000000)
372:Player,BR:0cr600c/r910c/r3220c/cc:JcQd,8sKd|/5hTdTc/8c/4d:-4830,4830(-2920.355824)
373:BR,Player:0r130c/cc/cc/cc:TcJs,2sAh|/3dTsJh/Ks/2c:230,-230(230.000000)
374:Player,BR:0cc/cc/r130c/cc:TsJc,9cAs|/5c7hAc/7c/Kd:-230,230(-203.891376)
375:BR,Player:0r200c/cc/cc/cc:5dQh,9dAc|/2h4dJd/Kc/Qs:300,-300(300.000000)
376:Player,BR:0cc/cc/cc/cc:3cQd,4hKc|/2s8hKh/8s/8d:-100,100(-89.144074)
377:BR,Player:0f:3sAc,2d6c|:50,-50(50.000000)
378:Player,BR:0cc/cc/r130c/cc:6d9s,2c8c|/3c5sKh/2d/Tc:-230,230(70.069171)
379:BR,Player:0r200c/cc/cc/cc:3s5c,6s7d|/JhAhAc/Qh/Kd:0,-0(-210.492540)
380:Player,BR:0cc/cc/cc/cc:JcQs,3h9s|/2s2c7h/9d/Ks:-100,100(-56.962960)
381:BR,Player:0r200c/cc/cc/cr390f:5s9s,4dJd|/8hJhAc/Td/8d:-300,300(-300.000000)
382:Player,BR:0cc/cc/cc/cc:3h9s,3s8c|/4s4d9h/As/8h:100,-100(-74.719528)
383:BR,Player:0r130c/cr299c/cc/cc:9hAc,4h8c|/5h8sKs/Qs/7h:-529,529(-175.578430)
384:Player,BR:0cc/cc/r200c/r600c:9cJh,2hTs|/4c7sTc/2s/6c:-900,900(-327.617556)
385:BR,Player:0r130c/cc/cr299f:8cTh,9hKc|/4h4d4c/9s:-230,230(-230.000000)
386:Player,BR:0cc/cc/cc/cc:2cTs,4s6s|/5dQhKs/3d/Jh:100,-100(98.102840)
387:BR,Player:0r130c/cc/cr460c/cr1380f:2sTh,5c6c|/2d6dKc/6s/2h:-690,690(-690.000000)
388:Player,BR:0cc/cc/r130f:3d6d,5c7s|/8sJsAh/Qc:100,-100(100.000000)
389:BR,Player:0r200c/cc/cc/cc:6sQh,JsAc|/3s9dTd/9h/Kc:-300,300(-292.484497)
390:Player,BR:0cc/cc/cc/r300c:2d6c,5hJd|/4s5sAh/Th/4h:-400,400(-196.640060)
391:BR,Player:0r200c/cc/cr150f:4cTs,4sJc|/5d7dQs/Ah:-300,300(-300.000000)
392:Player,BR:0cr200c/cc/r150f:8sAh,3c6c|/9sJhKd/Js:300,-300(300.000000)
393:BR,Player:0cc/cc/cc/cr130f:4c8h,6cQh|/2c7hKc/3d/6h:-100,100(-100.000000)
394:Player,BR:0cc/r300f:4cAs,6sJh|/4d9hAc:100,-100(100.000000)
395:BR,Player:0r130c/cr299c/cc/cr1058c:8sTs,8c9s|/3s8d9c/Td/2h:1587,-1587(1587.000000)
396:Player,BR:0cc/cc/r300c/r1200c:4cKs,2s4h|/2h3dTh/9c/Qs:-1600,1600(-663.307219)
397:BR,Player:0r130c/cc/cc/cc:2hQs,7sKh|/9s9dQc/Jd/Qh:230,-230(230.000000)
398:Player,BR:0cc/cc/cc/cc:6sAc,5dTh|/2h2cQs/2d/9h:100,-100(54.054957)
399:BR,Player:0cc/cc/cc/cr130c:8d8c,JsAd|/3s3h4c/6d/Ac:-230,230(192.753694)
400:Player,BR:0cc/cc/r200c/r150c:5cJs,4dKd|/3s4cKh/6h/Jd:-450,450(-334.813202)
401:BR,Player:0cc/cc/cr130c/cr1380f:5cKh,6hAc|/6d6c8c/9d/Js:-230,230(-230.000000)
402:Player,BR:0cc/cc/cc/r130f:2sQc,4d9h|/2c7dJh/Ac/7c:100,-100(100.000000)
403:BR,Player:0r130c/cc/cr299c/cr1587c:QsQh,TcKc|/4s6h9c/5c/Kh:-2116,2116(1235.366369)
404:Player,BR:0cr200c/cc/cc/cc:TcAs,5c8d|/8hQhKd/7d/4h:-300,300(-239.893874)
405:BR,Player:0cc/cc/cr130f:4h7h,3d6s|/2s2cAs/Ah:-100,100(-100.000000)
406:Player,BR:0cr300c/cc/r520c/r1196f:7sQs,8dAs|/4d9sQc/2c/4h:920,-920(920.000000)
407:BR,Player:0r130c/cr299f:2h9c,6hAc|/4c6dJd:-230,230(-230.000000)
408:Player,BR:0cr600c/cc/cc/r350c:KsAh,TsAc|/5dQsQh/6s/3s:1050,-1050(607.352760)
409:BR,Player:0cc/cr130f:2s3d,5h9c|/7sTcJs:-100,100(-100.000000)
410:Player,BR:0cc/cc/cc/r130c:7dQs,6hKd|/3dTsJh/Kh/Ad:230,-230(55.998891)
411:BR,Player:0f:6c8s,2d4s|:50,-50(50.000000)
412:Player,BR:0cr200c/r390c/r897c/r4761c:8hTh,9hJh|/3s6hKh/Qs/5c:-6348,6348(-2900.922833)
413:BR,Player:0r130c/cr299f:4hTc,5dKs|/8dQcKh:-230,230(-230.000000)
414:Player,BR:0cc/cc/cc/r130c:4s6h,JsQs|/3cThQd/As/7s:-230,230(-197.487867)
415:BR,Player:0f:7s8c,2cJs|:50,-50(50.000000)
416:Player,BR:0cr300f:6cJc,2c4c|:100,-100(100.000000)
417:BR,Player:0r130c/cc/cc/cc:8hTh,6dKs|/4dQcAd/3c/Jh:-230,230(-229.900962)
418:Player,BR:0cc/cc/cc/r130f:9dJc,6h7d|/2dTsKd/9c/Ad:100,-100(100.000000)
419:BR,Player:0r130c/cc/cr460c/cc:4hAd,7hTc|/4c6s8d/Th/Kc:-690,690(430.789026)
420:Player,BR:0cr300c/cc/r2400f:TcKc,4dJc|/2d7s8s/9d:400,-400(400.000000)
421:BR,Player:0f:6hKh,3s9c|:50,-50(50.000000)
422:Player,BR:0cc/cc/cc/r130c:2s7c,2h5s|/4dJhAh/5h/Qc:-230,230(55.066272)
423:BR,Player:0r200c/cc/cc/cr390f:4hQd,6h9s|/9cTdKs/4c/3s:-300,300(-300.000000)
424:Player,BR:0cr300c/r520c/cc/cc:6sJs,TdQd|/9s9h9c/Qh/3c:-920,920(-823.740889)
425:BR,Player:0r130c/cc/cc/cc:9dTd,5hKs|/9sKhAc/8d/8h:-230,230(50.952949)
426:Player,BR:0cc/cc/r130c/cc:7sJs,2s8h|/2h2cTc/Jd/Ks:-230,230(-176.743564)
427:BR,Player:0r200c/cr390f:2d9h,8d9c|/3d7sTc:-300,300(-300.000000)
428:Player,BR:0cc/cc/cc/r300c:5sTd,2dKh|/3h6dQd/8h/8s:-400,400(-245.561981)
429:BR,Player:0r130c/cc/cc/cr299c:7s7c,TcQd|/3cKsKd/Th/5c:-529,529(103.818523)
430:Player,BR:0cc/cc/r130c/cc:3sAh,2sQh|/4c5dAs/2h/3d:0,-0(5.116830)
431:BR,Player:0r130c/cc/cr115c/cc:3c5s,5h7h|/5dTsTc/Qh/Qs:-345,345(-345.000000)
432:Player,BR:0cc/cc/cc/cc:3hKd,2s4d|/2d3cKh/Kc/Tc:100,-100(-65.473865)
433:BR,Player:0r130c/cr299c/cc/cr687c:4h4d,5h5d|/2h3h8c/Qd/2c:-1216,1216(-197.419720)
434:Player,BR:0cr600f:2hAh,3s9s|:100,-100(100.000000)
435:BR,Player:0r200c/cr390f:8sTc,7sTs|/5h6dQh:-300,300(-300.000000)
436:Player,BR:0cr300c/cc/cc/r800c:2d3d,8cAd|/9dQhKc/8s/5d:-1200,1200(234.706219)
437:BR,Player:0r130c/cr460c/cr1380c/cr6210f:5cQd,6h6c|/2c6s7s/Kh/2h:-2070,2070(-2070.000000)
438:Player,BR:0cr300f:7cTs,3d4h|:100,-100(100.000000)
439:BR,Player:0r130c/cc/cc/cc:6sTs,ThKd|/8hQdAc/2h/3s:-230,230(-230.000000)
440:Player,BR:0cr300c/cc/r200c/cc:8hTs,3s3h|/9sTcKd/5c/Jd:600,-600(600.000000)
441:BR,Player:0r200c/cc/cr390f:4hKd,5h8s|/6s8cTh/2s:-300,300(-300.000000)
442:Player,BR:0cc/cc/r130c/cc:2s6d,3hQc|/3d4sAh/7c/2d:-230,230(52.494118)
443:BR,Player:0cc/cc/cc/cc:6s6d,TdQc|/2c6hAh/4c/2h:100,-100(100.000000)
444:Player,BR:0cr300c/cc/cc/r200f:QcKc,8cTs|/4s5dAc/As/Ah:400,-400(400.000000)
445:BR,Player:0cc/cc/cc/cr200f:5sQd,2sJd|/4s6hJc/9s/Kc:-100,100(-100.000000)
446:Player,BR:0cr200c/cc/cc/r150c:4d5d,9hQs|/9cKsKc/7s/2s:-450,450(-394.939814)
447:BR,Player:0r130c/cc/cr115f:5d9c,6s8s|/2h6hQh/3d:-230,230(-230.000000)
448:Player,BR:0cc/cc/cc/r130c:2h6s,2cTh|/8cJdKd/5c/Qd:-230,230(97.699555)
449:BR,Player:0f:7cKs,2d3c|:50,-50(50.000000)
450:Player,BR:0cr600c/cc/cc/cc:2dKd,8cKc|/2h3h8h/Kh/7d:-700,700(-506.694528)
451:BR,Player:0r130c/cr299c/cr687c/cr2432f:3sJs,TdQs|/3c6c7d/8h/5d:-1216,1216(-1216.000000)
452:Player,BR:0cc/cc/cc/r130f:3cKh,2s8d|/3h6s7s/Jd/7d:100,-100(100.000000)
453:BR,Player:0r200c/cr390c/cc/cc:3d7c,7dKh|/3s8dTc/7h/Ac:690,-690(690.000000)
454:Player,BR:0cr300c/cc/r520c/r184f:6d9c,8cKs|/2d7dTc/2c/9s:920,-920(920.000000)
455:BR,Player:0r130c/cc/cr115c/cc:2h7c,6s8c|/4h6hQd/7s/Th:345,-345(268.182880)
456:Player,BR:0cc/cc/cc/cc:4hKs,5h8d|/3s9sQd/As/2c:100,-100(82.150294)
457:BR,Player:0r130c/cc/cr460c/cr897f:6c7c,2h5h|/4h7s8s/8h/Ah:-690,690(-690.000000)
458:Player,BR:0cr200c/cc/r150c/r900c:9hQc,QsKc|/4s5hTd/6c/Qd:-1350,1350(-1350.000000)
459:BR,Player:0f:5dTs,2hJd|:50,-50(50.000000)
460:Player,BR:0cr600c/cc/r350c/r3150f:JhJc,4dKc|/6h7hAc/Ad/As:1050,-1050(1050.000000)
461:BR,Player:0r200c/cr390c/cc/cc:QhAd,6sJh|/2c5d8d/7d/2s:690,-690(57.520601)
462:Player,BR:0cr200c/r390c/r1380c/cc:5sKs,4dAh|/3c6sJs/9c/Td:-2070,2070(-229.489183)
463:BR,Player:0r130c/cc/cc/cc:JhQs,QdKc|/4h7d7c/3h/2h:-230,230(-215.337503)
464:Player,BR:0cc/cc/r200f:5hTc,5c9c|/3d4d7s/2s:100,-100(100.000000)
465:BR,Player:0cc/cc/cc/cc:JdKd,QcKh|/5c7sJh/5h/As:100,-100(100.000000)
466:Player,BR:0cc/cc/cc/cc:3cQs,9cAc|/6sTsJc/5h/3s:100,-100(6.174950)
467:BR,Player:0r200c/cc/cc/cc:QdAs,7c9s|/8c9hQs/8s/Ac:300,-300(300.000000)
468:Player,BR:0cc/cc/cc/cc:4c7h,6d7s|/2h2d9h/5d/3s:-100,100(93.830685)
469:BR,Player:0r130c/cr299c/cc/cc:2c6h,7dJh|/2d8hAc/Js/Th:-529,529(95.159319)
470:Player,BR:0cc/cc/r200f:4s9h,7c8h|/4h8dJc/4c:100,-100(100.000000)
471:BR,Player:0r130c/cc/cr115c/cc:3cAh,9hAc|/6hTcKd/Td/Kc:0,-0(195.920035)
472:Player,BR:0cc/cc/cc/r130f:5sJs,4h9d|/6dQdKs/8h/Jc:100,-100(100.000000)
473:BR,Player:0r200c/cc/cc/cr390f:3hAc,4cAh|/4h8cTs/5c/4s:-300,300(-300.000000)
474:Player,BR:0cc/cc/cc/cc:3dKs,6sTd|/5c7hJs/2s/9s:100,-100(80.555041)
475:BR,Player:0r130c/cc/cc/cr460c:2d4c,TsQc|/6d7dAd/Js/4d:690,-690(-163.569195)
476:Player,BR:0cc/cc/cc/cc:6cTs,4dTc|/3d7dKd/Kc/As:0,-0(45.072754)
477:BR,Player:0cc/cc/cc/cr130f:7c9d,8sAc|/2h8cTc/Qh/Ts:-100,100(-100.000000)
478:Player,BR:0cc/cc/cc/cc:4h8d,5s9d|/8sTdAc/Js/Kc:100,-100(47.431283)
479:BR,Player:0cc/cc/cc/cr200c:5cKh,QdAd|/3c7dKs/Qs/Js:300,-300(192.151128)
480:Player,BR:0cr1200c/cc/cc/r1690f:JhKd,8cQh|/4hJsAd/5c/7s:1300,-1300(1300.000000)
481:BR,Player:0r130c/cc/cr299c/cr687f:7hJs,2cTc|/4d6cJc/3c/Qh:-529,529(-529.000000)
482:Player,BR:0cr300c/cc/cc/cc:9cAd,6cTs|/2d2cJc/Kc/Qh:400,-400(400.000000)
483:BR,Player:0r130c/cc/cc/cc:9cQs,3c6c|/3hKdAd/Jc/Ac:-230,230(-88.926234)
484:Player,BR:0cc/cc/cc/r300f:3cTd,3h5h|/2s7d8s/Ah/Js:100,-100(100.000000)
485:BR,Player:0f:5hQs,2hTc|:50,-50(50.000000)
486:Player,BR:0cc/cc/cc/r130c:5hKc,5cJc|/4c7dJd/6s/3d:0,-0(-164.494048)
487:BR,Player:0r200c/cc/cr900c/cr2400c:9sTc,3s4h|/7cJsKc/5d/5s:3600,-3600(2536.202929)
488:Player,BR:0cc/cc/cc/cc:2h7s,9s9h|/4d8cAc/Kc/6d:-100,100(-66.905159)
489:BR,Player:0r130c/cr460c/cc/cc:7d8h,3dJd|/7cQcKc/Kd/3c:690,-690(690.000000)
490:Player,BR:0cc/cc/cc/r130f:5h6c,2d7s|/6dJhAc/8d/3h:100,-100(100.000000)
491:BR,Player:0cc/cr130c/cr460c/cc:JdJc,3h5c|/2c9hJh/2h/3d:690,-690(690.000000)
492:Player,BR:0cr130c/cc/r690c/r460c:5sJs,8hAh|/2cQsQd/9s/9d:-1380,1380(-672.199320)
493:BR,Player:0r200c/cr390c/cc/cr1380f:2d8d,TcAc|/5h7d9h/9s/As:-690,690(-690.000000)
494:Player,BR:0cc/cc/cc/cc:7s9h,2hAc|/3d4s5c/6d/Js:100,-100(-67.868679)
495:BR,Player:0r130c/cr299c/cc/cr687f:5s7d,3dJs|/4h6s6c/2c/Ad:-529,529(-529.000000)
496:Player,BR:0cr200c/cc/r150f:4s6c,4d7d|/6sThQc/2d:300,-300(300.000000)
497:BR,Player:0r130c/cc/cr115c/cc:8h9c,3sAc|/8dTcQs/9s/4s:345,-345(345.000000)
498:Player,BR:0cc/cc/r200f:7hTd,2d6s|/4dJhQd/9s:100,-100(100.000000)
499:BR,Player:0r130c/cc/cc/cr460c:2cKh,5dQc|/3c7cJc/2h/Ts:690,-690(350.990606)
500:Player,BR:0cc/cc/r200c/cc:3dTc,2dJs|/8c9sAd/Ac/8s:-300,300(-251.013100)
501:BR,Player:0r130c/cc/cr115c/cc:8c9d,TcQh|/9hJhJd/7d/Ah:345,-345(322.909806)
502:Player,BR:0cr300f:AsAc,4c6h|:100,-100(100.000000)
503:BR,Player:0r130c/cr299c/cc/cc:8cQh,5sQc|/TcKhKc/Ah/9c:0,-0(-68.765352)
504:Player,BR:0cr300f:7dJc,2s8s|:100,-100(100.000000)
505:BR,Player:0r130c/cr299c/cr1587c/cc:2h2c,5dTh|/6dJhJd/Ad/3s:2116,-2116(1910.711370)
506:Player,BR:0cc/cc/cc/r130f:3c6s,9hQc|/8hTdKc/4d/Ah:100,-100(100.000000)
507:BR,Player:0r130c/cr460c/cc/cc:2cAs,5d8c|/7h9cAd/Ts/Td:690,-690(690.000000)
508:Player,BR:0cr300c/r520c/cc/cc:5d9d,6dAs|/6cTsQd/3s/Qs:-920,920(-841.956658)
509:BR,Player:0cc/cr200f:5s6d,4h8c|/3s3hJh:-100,100(-100.000000)
510:Player,BR:0cr300f:5hQh,3d8c|:100,-100(100.000000)
511:BR,Player:0r130c/cc/cr115c/cc:7d8c,9sAd|/2h2c6s/4d/Ks:-345,345(-345.000000)
512:Player,BR:0cc/cc/r130f:4h8d,3c9s|/2c8cJc/8h:100,-100(100.000000)
513:BR,Player:0r130c/cc/cc/cr460f:5hKh,9dQs|/4d9sJc/8h/9h:-230,230(-230.000000)
514:Player,BR:0cr300c/r520c/cc/cc:7h9c,4dKs|/4s8sAd/Ac/6c:-920,920(-788.910959)
515:BR,Player:0r130c/cc/cc/cr690f:4c8h,2cAd|/3s3cAc/Kh/5d:-230,230(-230.000000)
516:Player,BR:0cr300f:8s9d,4h5d|:100,-100(100.000000)
517:BR,Player:0r200c/cc/cc/cr390c:JcAs,5cJd|/7sTsJh/8h/Qd:690,-690(590.222714)
518:Player,BR:0cc/cc/r130c/r460c:9sKh,2dQs|/2h3h5h/9d/3d:690,-690(221.105319)
519:BR,Player:0r130c/cr299c/cr1058c/cr3174c:QhQd,4hTh|/7h8sAd/Kc/Kd:4761,-4761(4043.164033)
520:Player,BR:0cr600c/r1400c/r1050f:AsAh,TsQh|/4cJsKh/Jc:2100,-2100(2100.000000)
521:BR,Player:0cc/cr130c/cr299f:3sJs,9h9c|/2d4dQh/9s:-230,230(-230.000000)
522:Player,BR:0cr300c/cc/r1200f:5cJc,2cAh|/5d7sTs/Kc:400,-400(400.000000)
523:BR,Player:0r130c/cc/cc/cr299f:7sJs,5h6h|/5s6s8c/Tc/Qd:-230,230(-230.000000)
524:Player,BR:0cc/cc/cc/cc:4c7s,4h6h|/4d7c9c/Ts/5s:100,-100(-17.910336)
525:BR,Player:0r130c/cr299c/cr1058c/cc:4dQc,9cJc|/5dKhKc/Ts/Td:1587,-1587(1238.023449)
526:Player,BR:0cr300c/r800f:2cJc,8dQs|/3d7s7c:400,-400(400.000000)
527:BR,Player:0r200c/cr390c/cc/cr897f:ThKh,7d8d|/4h5c8c/7s/Qs:-690,690(-690.000000)
528:Player,BR:0cc/cc/cc/cc:3d5s,6s9s|/JdQdAh/Jh/6c:-100,100(-66.182071)
529:BR,Player:0r200c/cc/cc/cr390c:TcAh,4h5c|/3h7dTd/Js/Ac:690,-690(690.000000)
530:Player,BR:0cr600f:2c4d,4c5h|:100,-100(100.000000)
531:BR,Player:0r130c/cc/cc/cc:6cTc,8s9c|/8dJhQh/4c/7h:-230,230(-230.000000)
532:Player,BR:0cc/cc/r130c/r115f:5d6c,2cJc|/4h5cQc/Ad/Qh:230,-230(230.000000)
533:BR,Player:0cc/cc/cc/cc:QcKh,5sJs|/7cKdAd/Qh/8d:100,-100(100.000000)
534:Player,BR:0cc/cc/cc/r130c:2h7d,TsJh|/8dJdKc/4s/Jc:-230,230(-220.503312)
535:BR,Player:0f:5sAd,2d8s|:50,-50(50.000000)
536:Player,BR:0cr300c/r1200f:2sJs,9sKh|/2h6s7s:400,-400(400.000000)
537:BR,Player:0f:2c3s,3c7s|:50,-50(50.000000)
538:Player,BR:0cc/cc/cc/r130c:6hJc,2hTs|/3s9hTc/4s/6s:-230,230(-168.240590)
539:BR,Player:0r200c/cc/cr150c/cr1350c:TsJc,3dQh|/4s7hQc/2d/2s:-1800,1800(-338.753035)
540:Player,BR:0cr300f:9sQs,5h7s|:100,-100(100.000000)
541:BR,Player:0r130c/cc/cr115c/cr448f:5c6h,7d9c|/2d3cAh/6d/9d:-345,345(-345.000000)
542:Player,BR:0cr300c/cc/cc/cc:3h5c,4cKs|/3dQdAh/5s/Kd:400,-400(-208.099524)
543:BR,Player:0r130c/cc/cc/cr299c:7cJs,3s4s|/6dQcKs/Kc/Kd:529,-529(-50.852132)
544:Player,BR:0cc/cc/cc/cc:2h3c,TsJs|/8d9sAs/Ac/Jc:-100,100(-89.335253)
545:BR,Player:0r130c/cc/cc/cr460f:6dQh,7hKd|/2h5d5c/Js/Kc:-230,230(-230.000000)
546:Player,BR:0cc/cc/cc/cc:6dQh,7cKs|/8sQdKd/Ts/Ac:-100,100(-69.882703)
547:BR,Player:0r130c/cr299c/cr687c/cr3648c:6dKh,4sQc|/2hTcKc/6c/8d:4864,-4864(-402.789060)
548:Player,BR:0cr300c/cc/cc/cc:7h9h,4s4h|/7c9sJs/Ts/3s:-400,400(-325.543978)
549:BR,Player:0f:5c8c,2h9s|:50,-50(50.000000)
550:Player,BR:0cr300f:8h9h,2dTs|:100,-100(100.000000)
551:BR,Player:0r300c/cr520c/cr460f:7hJd,8hAh|/4s4d8c/9c:-920,920(-920.000000)
552:Player,BR:0cr200c/cc/r150c/r225f:6d8d,5cJs|/6sKdKc/3s/Qh:450,-450(450.000000)
553:BR,Player:0r130c/cr460c/cr1380f:5sAh,9hQc|/9d9cKh/4c:-690,690(-690.000000)
554:Player,BR:0cr200c/cc/cc/cc:JhQh,JcKd|/7hTcKs/3d/7d:-300,300(-188.362270)
555:BR,Player:0r130c/cc/cc/cr460c:8c9d,7cTs|/4dTcQc/Ac/2c:690,-690(379.484834)
556:Player,BR:0cc/cc/cc/cc:3sTc,2s8c|/6h6dTh/Kd/Kh:100,-100(96.297079)
557:BR,Player:0r200c/cr390c/cc/cc:5hAh,2hAs|/3d4hQh/7s/3h:690,-690(690.000000)
558:Player,BR:0cr300c/r800c/cc/cc:7h9s,2hJh|/3cTsJs/7c/Kd:-1200,1200(-1028.379608)
559:BR,Player:0r200c/cr1800f:4cTs,AsAh|/3s7hQs:-300,300(-300.000000)
560:Player,BR:0cr300f:8s9d,2s3s|:100,-100(100.000000)
561:BR,Player:0r130c/cc/cc/cr299c:5dKd,4s5s|/8c9sJh/8d/Kh:529,-529(519.769078)
562:Player,BR:0cc/cc/cc/cc:2c8h,3sTc|/JdQhKc/2h/4h:100,-100(55.556143)
563:BR,Player:0r130c/cr299c/cc/cc:6d8d,5hAs|/5c9hJd/4c/9s:-529,529(-496.730779)
564:Player,BR:0cr300c/cc/r200c/cc:TcKd,4d9d|/2s3cJd/6c/Qd:600,-600(600.000000)
565:BR,Player:0r130c/cc/cc/cc:6sKd,4cAc|/8d9hKc/Ks/Jc:230,-230(230.000000)
566:Player,BR:0cr200c/cc/r390f:6cJc,2d7d|/4cKsAh/Td:300,-300(300.000000)
567:BR,Player:0r130c/cr690c/cr1196c/cr2750c:2cQc,3cQh|/TcJcKs/Ah/9d:0,-0(-0.000000)
568:Player,BR:0cr200c/cc/cc/r390f:4dQd,8cJc|/5sThKs/3s/Qh:300,-300(300.000000)
569:BR,Player:0r130c/cr299c/cr687c/cc:5cKd,JhKs|/3s6dJc/7d/6h:-1216,1216(-962.544312)
570:Player,BR:0cr600c/cc/cc/r2100f:QdKd,5dAc|/3s7hJs/Jd/Qc:700,-700(700.000000)
571:BR,Player:0r200c/cc/cr150c/cr1350f:3d8s,JhQd|/7dJcKc/Js/8h:-450,450(-450.000000)
572:Player,BR:0cr300c/cc/cc/cc:TsJh,4h7h|/4s5dTd/Kd/Qc:400,-400(70.700004)
573:BR,Player:0r130c/cr460c/cr2070c/cr3588c:7s8c,3s4d|/7dTsAd/6h/Ac:6348,-6348(6348.000000)
574:Player,BR:0cr200c/cc/r150c/cc:2s5s,7hKs|/2c6cAs/Ad/Qd:450,-450(314.858081)
575:BR,Player:0r130c/cr690c/cr1840f:8hKs,QcKd|/5cQdKh/3c:-920,920(-920.000000)
576:Player,BR:0cc/cc/cc/cc:4hJc,2d3c|/6s7hAd/Qc/6d:100,-100(100.000000)
577:BR,Player:0r130c/cc/cc/cc:2sJh,2d2c|/3h6h8c/Tc/Jd:230,-230(230.000000)
578:Player,BR:0cr300c/r520c/cc/cc:3sTs,8dAd|/2d4d9s/3h/Th:920,-920(-68.789325)
579:BR,Player:0r130c/cr299c/cr687f:5hJc,4hQc|/4sKhKd/2d:-529,529(-529.000000)
580:Player,BR:0cc/cc/r130c/cc:4hJc,7hKh|/TdTcAs/3c/5s:-230,230(69.744451)
581:BR,Player:0r200c/cr390f:5c9d,9cTs|/3s6dQc:-300,300(-300.000000)
582:Player,BR:0cc/cc/cc/r130f:5cJh,3cKc|/6c9s9d/Jd/4c:100,-100(100.000000)
583:BR,Player:0r130c/cc/cr115c/cc:6s9d,9cKc|/8h9hJd/7c/4d:-345,345(59.807283)
584:Player,BR:0cr200c/r390c/r345c/cc:5d7d,4h9c|/2h3h3d/9d/Ks:-1035,1035(-896.849655)
585:BR,Player:0f:TsAd,2d7c|:50,-50(50.000000)
586:Player,BR:0cr300c/cc/cc/r520f:8hJh,2dKc|/2hJsQc/9c/5d:400,-400(400.000000)
587:BR,Player:0r200c/cc/cc/cc:9sQc,8cAc|/2s3dTh/5h/6d:-300,300(-300.000000)
588:Player,BR:0cc/cc/cc/r130f:6s8h,2h5c|/7dJsQs/Kd/3c:100,-100(100.000000)
589:BR,Player:0r130c/cc/cc/cr115f:5cKs,JcKc|/2d7sQc/9d/6s:-230,230(-230.000000)
590:Player,BR:0cc/cc/cc/cc:3cJc,TdJs|/5d6hTs/Qd/3h:-100,100(-90.281512)
591:BR,Player:0f:4h9d,2d3s|:50,-50(50.000000)
592:Player,BR:0cc/r130c/cc/cc:4s5d,3hQh|/2s2cTh/Qd/5h:-230,230(76.416864)
593:BR,Player:0r300f:3h4c,4dKc|:-100,100(-100.000000)
594:Player,BR:0cc/cc/cc/cc:7sQh,2h8d|/4sTsTh/Jc/Ac:100,-100(58.462349)
595:BR,Player:0r200f:2h6c,AdAc|:-100,100(-100.000000)
596:Player,BR:0cc/cc/r130f:4hAs,5s7d|/ThJcAc/9c:100,-100(100.000000)
597:BR,Player:0f:4hTh,3c9s|:50,-50(50.000000)
598:Player,BR:0cc/cc/cc/r130f:4dQh,3h9d|/7s9cTd/7c/8s:100,-100(100.000000)
599:BR,Player:0r130c/cr690c/cc/cc:5hJd,8sJc|/3h5dJs/4s/7d:920,-920(920.000000)
600:Player,BR:0cc/cc/cc/cc:2h9d,5cKc|/3cThQd/2s/Jc:100,-100(54.984939)
601:BR,Player:0r130c/cr299c/cr1058c/cr9522f:2h5c,JcQc|/5hJhJd/Ac/6c:-1587,1587(-1587.000000)
602:Player,BR:0cc/cc/r200c/cc:8hTc,TdJs|/2h3c9d/Qc/8s:-300,300(-300.000000)
603:BR,Player:0r130c/cr690c/cr1840f:2cAh,6d6c|/6h9cKh/2d:-920,920(-920.000000)
604:Player,BR:0cr300c/cc/r200c/r120c:4dKd,9s9h|/3s6c8s/4c/2d:-720,720(-660.254344)
605:BR,Player:0r200c/cr390c/cc/cc:KsKd,6c8d|/2h4h9c/2d/Ac:690,-690(690.000000)
606:Player,BR:0cc/cc/r200f:3cQs,2sKc|/3d6hTh/Qh:100,-100(100.000000)
607:BR,Player:0r200c/cr390c/cc/cc:8hQd,6c9d|/2hTsAd/Ks/4d:690,-690(227.428743)
608:Player,BR:0cr600f:4cAc,2s7c|:100,-100(100.000000)
609:BR,Player:0r300c/cr520c/cr1196f:4cQc,3hKh|/3d5h7h/Js:-920,920(-920.000000)
610:Player,BR:0cc/cc/cc/r130c:9dTs,5hKd|/2s5d7h/4s/7s:-230,230(-225.442540)
611:BR,Player:0r130c/cc/cc/cr299c:7hKs,7dQs|/5sTsKc/9s/Qc:529,-529(221.248004)
612:Player,BR:0cr130c/cc/r690c/cc:4s8s,TdJs|/6sThQd/Jc/3s:-920,920(-920.000000)
613:BR,Player:0r200c/cc/cc/cc:4hKs,6d9d|/6s7h9s/8h/Jc:-300,300(-300.000000)
614:Player,BR:0cc/cc/r300c/r800f:4dAh,7c9h|/4c5cQd/As/7h:400,-400(400.000000)
615:BR,Player:0r130c/cr299f:7c9s,6cJh|/3d6hAh:-230,230(-230.000000)
616:Player,BR:0cc/cc/cc/cc:3c8c,4sAc|/9dJhQd/6h/3s:100,-100(25.023919)
617:BR,Player:0r130c/cc/cc/cc:4hTc,7hQc|/2s6dAs/Th/Ts:230,-230(230.000000)
618:Player,BR:0cr600c/cc/cc/r910c:8cTd,3dKs|/5h7dAh/3h/Qh:-1610,1610(153.202810)
619:BR,Player:0r200c/cc/cc/cc:7cKc,8dAs|/5s5dQc/9d/4c:-300,300(-233.311083)
620:Player,BR:0cr200c/r390f:3h3c,5d7h|/2s2hQs:300,-300(300.000000)
621:BR,Player:0r200c/cc/cr390f:3dTc,7cTs|/5h8hKs/4s:-300,300(-300.000000)
622:Player,BR:0cc/cc/cc/cc:5sTc,3d9s|/4s4cKc/8s/Kh:100,-100(77.281519)
623:BR,Player:0r200c/cc/cc/cr600f:5hJh,4dAh|/3s7dAd/Tc/4h:-300,300(-300.000000)
624:Player,BR:0cr200c/cc/r390c/cc:8sAc,JdKh|/7hKcAh/Qh/5s:690,-690(266.406623)
625:BR,Player:0r130c/cc/cc/cr460c:5sQc,3d4d|/4s7hTc/5d/2c:690,-690(469.954013)
626:Player,BR:0cc/cc/r130c/cc:6h9h,2c4h|/4d5h7s/Qd/6c:230,-230(230.000000)
627:BR,Player:0r130c/cr299c/cr1058f:5cQd,5d8d|/4dJsAh/2c:-529,529(-529.000000)
628:Player,BR:0cc/cc/cc/cc:3sQd,9dKc|/3d5c6s/Ah/9h:-100,100(-89.008592)
629:BR,Player:0r200c/cc/cc/cr390c:8sQs,4c7h|/2d2c5d/Kc/9c:690,-690(-254.970424)
630:Player,BR:0cr300c/cc/cc/r1200c:QsAd,8cTs|/2s4sKh/6s/As:1600,-1600(-1082.145859)
631:BR,Player:0r130c/cr690c/cr460c/cr4140c:2dKs,3hJh|/TcKdAh/4h/Ad:5520,-5520(5520.000000)
632:Player,BR:0cc/cc/cc/cc:6hKs,5d9d|/2dJdAc/8h/3c:100,-100(82.199356)
633:BR,Player:0f:5d8s,2c3d|:50,-50(50.000000)
634:Player,BR:0cr200c/cc/r150c/cc:QsKs,7cJc|/7sJhAc/Js/7d:-450,450(-445.583807)
635:BR,Player:0r200c/cc/cc/cc:5s9c,6s6h|/3sTcJs/8c/Ah:-300,300(-300.000000)
636:Player,BR:0cr300f:7d8d,2c5h|:100,-100(100.000000)
637:BR,Player:0r130c/cr299c/cc/cc:KhAc,7cTd|/3h5cAd/Kc/2h:529,-529(529.000000)
638:Player,BR:0cr300c/cc/r800c/cc:9dQc,8sKc|/2h5hKs/Js/Jc:-1200,1200(-1179.277277)
639:BR,Player:0r130c/cc/cr299c/cr687f:QsAc,9dTh|/3d9cAd/2d/9s:-529,529(-529.000000)
640:Player,BR:0cr600f:QsAc,3s6d|:100,-100(100.000000)
641:BR,Player:0r130c/cr460c/cr897c/cr4761f:7dKs,2s2h|/2cQdKh/2d/5d:-1587,1587(-1587.000000)
642:Player,BR:0cr300c/cc/cc/r800f:6cQc,2dKh|/4d8sJh/4s/Qs:400,-400(400.000000)
643:BR,Player:0f:TcJs,3c6h|:50,-50(50.000000)
644:Player,BR:0cc/cc/cc/cc:2sQh,3c7d|/5c6s6h/Jd/3h:-100,100(-65.257622)
645:BR,Player:0r200c/cc/cc/cc:QhKs,9dAs|/2h4s6h/Td/5d:-300,300(-223.262508)
646:Player,BR:0cc/cc/r130c/cc:5c9s,3s3d|/5s5hAh/2c/Kc:230,-230(-140.795282)
647:BR,Player:0r130c/cc/cr299f:2h6s,3h6h|/TsJhQc/Tc:-230,230(-230.000000)
648:Player,BR:0cr600f:KsAc,2s5s|:100,-100(100.000000)
649:BR,Player:0r130c/cr299c/cc/cr687c:7hTs,9cKh|/3s8hKd/Tc/8d:-1216,1216(-362.244497)
650:Player,BR:0cr300c/cc/r200f:4c6s,7d9h|/5c6dKc/Tc:400,-400(400.000000)
651:BR,Player:0f:2cJc,2d5s|:50,-50(50.000000)
652:Player,BR:0cr300c/cc/r200c/r1800f:QcAh,8dJc|/4d5sAc/2s/Ad:600,-600(600.000000)
653:BR,Player:0r130c/cr299c/cc/cc:3dJc,6cAh|/4s5sQc/Js/Kc:529,-529(251.813750)
654:Player,BR:0cr300c/r520c/cc/cc:6d9d,2sJh|/2d5cKs/6c/9c:920,-920(213.078366)
655:BR,Player:0r130c/cr299c/cr1058f:9hAc,4d5s|/4s9sJc/5h:-529,529(-529.000000)
656:Player,BR:0cc/cc/r130c/r299c:5cQs,9cKd|/5s5h8h/4s/9s:529,-529(-15.402567)
657:BR,Player:0r130c/cr299c/cr1058f:2dQh,JdKs|/7dTcKd/9s:-529,529(-529.000000)
658:Player,BR:0cr600c/cc/r140c/r168c:3h5d,6s6h|/5h8dKc/Td/2c:-1008,1008(-586.576289)
659:BR,Player:0r130c/cc/cc/cr299f:3s8c,7cQc|/4hJsAd/As/7h:-230,230(-230.000000)
660:Player,BR:0cc/cc/r130f:4sKh,6hTc|/3d5c9c/Kd:100,-100(100.000000)
661:BR,Player:0r200c/cr390f:2hTd,7dJh|/3d4c8s:-300,300(-300.000000)
662:Player,BR:0cr600f:7cKc,5c7s|:100,-100(100.000000)
663:BR,Player:0f:9cTh,2s4d|:50,-50(50.000000)
664:Player,BR:0cr600f:9h9d,4sQd|:100,-100(100.000000)
665:BR,Player:0r300c/cr1200f:7hQd,3d9d|/3s9sQc:-400,400(-400.000000)
666:Player,BR:0cr130c/r299c/r264c/r1030c:9hKd,2s9s|/2d4sKs/5d/2h:-1823,1823(-1802.068456)
667:BR,Player:0r130c/cr460f:2h6c,4d5d|/QhKsAd:-230,230(-230.000000)
668:Player,BR:0cr600c/cc/r2100f:6s9s,6h9h|/8hJsAs/Jd:700,-700(700.000000)
669:BR,Player:0f:4h4c,2h7c|:50,-50(50.000000)
670:Player,BR:0cr300c/r800f:6s6d,5hQc|/6h9hJs:400,-400(400.000000)
671:BR,Player:0r130c/cr299c/cc/cc:KhAc,4h8h|/3h9sJh/Kc/Jd:529,-529(529.000000)
672:Player,BR:0cc/cc/cc/cc:6cTs,JhKh|/8cTdQd/2h/6h:100,-100(36.710477)
673:BR,Player:0r130c/cr299c/cr687c/cc:6dJh,3s4d|/4hQsQc/2s/2d:-1216,1216(-602.607552)
674:Player,BR:0cc/cc/cc/cc:6c9s,5dQs|/4sJsQd/Kh/Ts:100,-100(-44.496321)
675:BR,Player:0r200c/cr390f:4c7h,9sJc|/5sQdQc:-300,300(-300.000000)
676:Player,BR:0cc/cc/cc/cc:4c5s,4s6c|/TcQdKh/Kc/4d:0,-0(-71.348821)
677:BR,Player:0r200c/cc/cr150c/cc:8dAc,3cKs|/4h8hAd/6s/3d:450,-450(450.000000)
678:Player,BR:0cc/cc/cc/r130c:9dJc,7sKh|/6cThAd/Jh/5d:230,-230(54.190719)
679:BR,Player:0r200c/cr390c/cc/cc:JdKd,3sKs|/2h2cJs/Ad/Ts:690,-690(629.571547)
680:Player,BR:0cr600f:5d9c,2d4h|:100,-100(100.000000)
681:BR,Player:0r130c/cr299c/cr1587c/cc:5c7h,9sAd|/6h7dTs/Ks/As:-2116,2116(-84.818181)
682:Player,BR:0cc/cc/cc/cc:5hJs,2sQd|/3s6h7d/9d/Ac:-100,100(64.107300)
683:BR,Player:0r130c/cc/cr115c/cr1035f:7d8s,TdJs|/5h6c8h/6s/Ac:-345,345(-345.000000)
684:Player,BR:0cc/cc/cc/r200f:JsQh,4s6d|/5h9s9h/Qc/Ad:100,-100(100.000000)
685:BR,Player:0r200c/cr390c/cc/cc:7hJd,8sAs|/3h6d7d/7s/9h:690,-690(690.000000)
686:Player,BR:0cc/cc/cc/cc:7hKc,5h8s|/7d9cQc/2d/3h:100,-100(93.174152)
687:BR,Player:0r130c/cc/cc/cr460c:8cAs,AdAc|/9cThJs/Jd/9s:-690,690(-37.077900)
688:Player,BR:0cc/cc/r130c/r115c:6hTd,4s6s|/4h5hQd/2d/5d:-345,345(-157.979000)
689:BR,Player:0r130c/cc/cr299c/cr1587c:KsKh,8dQh|/8sTsKc/8h/2h:2116,-2116(2116.000000)
690:Player,BR:0cr300c/cc/r200c/cc:8dKh,TsKd|/3c5c9h/6c/Ah:-600,600(366.112870)
691:BR,Player:0r130c/cc/cr460c/cr897f:2d4s,9cJh|/2s3s8d/7h/Td:-690,690(-690.000000)
692:Player,BR:0cc/cc/cc/cc:3cJd,2h3s|/4s6cQd/Js/7d:100,-100(100.000000)
693:BR,Player:0r130c/cr299c/cc/cc:2hQs,9cKs|/2d7c8d/Td/Ac:529,-529(-101.405613)
694:Player,BR:0cr130c/cc/cc/cc:9hKh,9cJh|/3hQdQc/6h/9s:230,-230(-172.341424)
695:BR,Player:0r130c/cr299c/cc/cr1058f:3cKc,KdAh|/6sJcAd/Qd/Jd:-529,529(-529.000000)
696:Player,BR:0cr200c/cc/r600c/r2700c:9sJd,ThQc|/4c8cTc/Ad/8d:-3600,3600(-2778.164027)
697:BR,Player:0r130c/cr299c/cc/cc:5dJc,4s8d|/3s7dJs/Td/6c:529,-529(529.000000)
698:Player,BR:0cr200f:9sJs,2s7h|:100,-100(100.000000)
699:BR,Player:0r130c/cc/cc/cc:3hJh,QhKc|/3d7d9c/Jd/7c:230,-230(230.000000)
700:Player,BR:0cr300c/cc/r200c/cc:QsKc,JhQc|/5s7s8d/9h/5d:600,-600(589.647322)
701:BR,Player:0f:7c8c,2sJc|:50,-50(50.000000)
702:Player,BR:0cc/cc/cc/cc:4c5s,TcJs|/6sThQd/Qc/Jc:-100,100(-84.058793)
703:BR,Player:0r200c/cr390c/cc/cc:5cAd,8dTs|/3d9cTc/4c/Jc:690,-690(689.888961)
704:Player,BR:0cr130c/r299c/cc/r1058c:ThQs,6sKh|/2s4h8c/4c/6d:-1587,1587(308.422474)
705:BR,Player:0r130c/cc/cr115c/cr2070c:7hAs,9h9c|/QhQdAd/Ts/Qs:2415,-2415(1339.978328)
706:Player,BR:0cr200c/cc/cc/r390c:8sKc,6d9s|/3cQdKd/9d/9c:-690,690(-647.554130)
707:BR,Player:0f:9sQc,2h6d|:50,-50(50.000000)
708:Player,BR:0cr300c/cc/r200c/r300c:3s3c,TdAd|/5d7hTs/2s/5c:-900,900(-688.970249)
709:BR,Player:0r130c/cc/cr460f:4h5d,9dAc|/3sJhKd/As:-230,230(-230.000000)
710:Player,BR:0cc/cc/cc/cc:3d9h,KdKc|/3s7c8d/4s/2h:-100,100(-80.875698)
711:BR,Player:0cc/cr130c/cc/cc:4d5c,3h7h|/6d7sJh/Jd/Ac:-230,230(-209.766082)
712:Player,BR:0cc/cc/cc/r130c:4cTh,TdQc|/3d6hQs/Kc/2c:-230,230(-204.676819)
713:BR,Player:0r130c/cc/cr690f:9hTc,JhKd|/7dKhAs/Ad:-230,230(-230.000000)
714:Player,BR:0cc/cc/r130c/cc:7hAd,5cKh|/6s9cAc/3c/2d:230,-230(-4.138844)
715:BR,Player:0r300c/cc/cc/cc:9cAc,JsAh|/4d5sTh/9s/Qh:400,-400(400.000000)
716:Player,BR:0cc/cc/r200c/r390f:7cKh,8hQc|/3hJcKc/4d/4h:300,-300(300.000000)
717:BR,Player:0r200c/cc/cc/cc:3dTd,8cAd|/3s9dJc/2h/2c:300,-300(268.215385)
718:Player,BR:0cc/cc/cc/cc:QhKs,JcQd|/2h7sTd/5h/4h:100,-100(73.627705)
719:BR,Player:0cc/cc/cc/cc:6cTh,3dJh|/2s8cQc/As/Ah:-100,100(-92.947270)
720:Player,BR:0cr200c/cc/cc/cc:7cKc,5sKs|/4c5dAs/8h/7h:300,-300(-135.331432)
721:BR,Player:0r300c/cc/cr520c/cc:6c7c,9dJs|/5cTsJc/8s/Kd:-920,920(-920.000000)
722:Player,BR:0cc/cc/cc/cc:5hJs,8cQc|/2cTsJd/5d/7s:100,-100(50.920086)
723:BR,Player:0r200c/cc/cc/cc:3dQd,QsAd|/5d8c9h/6d/Ks:-300,300(-300.000000)
724:Player,BR:0cr600c/cc/cc/cc:2sTs,TdQh|/9h9dKd/8d/Js:-700,700(-672.225329)
725:BR,Player:0r130c/cc/cr460c/cr897c:JdKh,3h3d|/7hTdAd/3c/Kc:-1587,1587(-69.205433)
726:Player,BR:0cc/cc/r130c/cc:2h5s,8c9c|/2c6s6h/Tc/Kd:230,-230(189.524581)
727:BR,Player:0r200c/cc/cc/cc:5sAd,QsKs|/2h3h3d/2s/Jh:300,-300(300.000000)
728:Player,BR:0cc/cc/r200c/r390c:5s6h,9cQd|/4s8dTs/Qc/4d:-690,690(-186.434864)
729:BR,Player:0r130c/cr299c/cc/cr1058f:4dJd,9dQc|/3c6dQs/7h/2h:-529,529(-529.000000)
730:Player,BR:0cr600c/cc/r140c/r168c:6c9c,KhAc|/6h7sAh/2h/5s:-1008,1008(-694.039027)
731:BR,Player:0cc/cc/cc/cr130f:4h5s,4d5h|/3c7c9h/3h/Qs:-100,100(-100.000000)
732:Player,BR:0cc/cc/cc/cc:4h9d,KdKc|/3d4d5c/8s/7d:-100,100(-69.465415)
733:BR,Player:0r200f:2d7c,3cAc|:-100,100(-100.000000)
734:Player,BR:0cc/cc/cc/cc:4hQh,2dJh|/3s3cKc/8h/5c:100,-100(74.069329)
735:BR,Player:0f:4h6h,2s4c|:50,-50(50.000000)
736:Player,BR:0cr300c/cc/r520c/r1196c:9cAh,9sAs|/7s8hTh/Jc/Qc:0,-0(-338.644038)
737:BR,Player:0f:2s2c,3d7c|:50,-50(50.000000)
738:Player,BR:0cc/cc/r130c/cc:4c8d,3d5s|/4sTcAs/2h/Qc:-230,230(-229.003450)
739:BR,Player:0cc/cr300c/cc/cc:6cJs,2dJh|/5d7h9h/Qc/Jd:0,-0(290.084343)
740:Player,BR:0cc/cc/cc/cc:6h8s,5sKh|/2h4dTh/Jd/Jc:-100,100(14.968675)
741:BR,Player:0f:9dQs,3h8s|:50,-50(50.000000)
742:Player,BR:0cc/cc/cc/r130c:3d8c,2s4c|/7h9dAd/As/4h:-230,230(27.151134)
743:BR,Player:0cc/cr130f:4h8h,7cJd|/5dTdJs:-100,100(-100.000000)
744:Player,BR:0cc/cc/cc/cc:3h7d,JcKd|/5cJsAd/Kc/7h:-100,100(-98.513668)
745:BR,Player:0r200c/cc/cr600c/cc:4cKh,8hQs|/2c3sKc/8s/5d:900,-900(548.110617)
746:Player,BR:0cc/cc/cc/r200f:2h7d,4c7h|/3cTdAs/Ks/3s:100,-100(100.000000)
747:BR,Player:0r130c/cr299c/cc/cc:6sJs,7cQc|/3s6h8d/Kh/6d:529,-529(529.000000)
748:Player,BR:0cc/cc/r130c/cc:2s4h,5hJd|/3d5cKc/5s/2c:-230,230(-228.642767)
749:BR,Player:0r200c/cc/cc/cc:9hAh,JhKc|/9cQdAd/7c/9d:300,-300(300.000000)
750:Player,BR:0cr300c/cc/cc/r200f:2cTc,7dJh|/TsKhAc/6s/Kd:400,-400(400.000000)
751:BR,Player:0cc/cr200c/cr390f:3h6s,AsAh|/4h5hTh/5s:-300,300(-300.000000)
752:Player,BR:0cc/cc/cc/cc:2c5c,TcJc|/5h8hKs/6d/9c:100,-100(83.976313)
753:BR,Player:0r130c/cr690f:2hQh,2d2c|/8dTcAc:-230,230(-230.000000)
754:Player,BR:0cc/cc/cc/cc:3cKd,JsQh|/4s7d9c/5d/As:100,-100(58.224107)
755:BR,Player:0r130c/cc/cr690c/cr5520f:9cJs,QhQc|/3d5h6s/9h/Qs:-920,920(-920.000000)
756:Player,BR:0cc/cc/cc/cc:5s7d,6c9c|/2s6dKh/8d/Tc:-100,100(-69.213667)
757:BR,Player:0r130c/cc/cc/cc:7s8c,5hAc|/2s9sKh/Ts/8h:230,-230(118.813472)
758:Player,BR:0cc/cc/cc/cc:5sJh,5hQd|/3hTdKs/Ah/3s:-100,100(-33.573989)
759:BR,Player:0f:4dAd,2h5c|:50,-50(50.000000)
760:Player,BR:0cr200c/r600f:4dQd,3d6h|/5d9cTd:300,-300(300.000000)
761:BR,Player:0r130c/cc/cr115f:9cQc,5h9d|/2h5s6c/7s:-230,230(-230.000000)
762:Player,BR:0cc/cc/cc/cc:JhQd,4h6d|/4dThKc/5c/2h:-100,100(-34.994065)
763:BR,Player:0r130c/cr299c/cr1058f:7h9h,3hTh|/JdQsKd/8s:-529,529(-529.000000)
764:Player,BR:0cr300c/cc/r200c/cc:3s3c,2dJc|/4hTsAd/Ks/Qs:-600,600(-550.507485)
765:BR,Player:0f:3hKc,2d5c|:50,-50(50.000000)
766:Player,BR:0cr200c/cc/cc/r150c:2hAh,6hJd|/2d3dQd/5s/4s:-450,450(-331.124138)
767:BR,Player:0r130c/cr299c/cc/cr687c:9dQh,7hKh|/6hJhKc/3s/7c:-1216,1216(791.312837)
768:Player,BR:0cc/cc/cc/r130c:4cKh,9hTs|/4sTdAc/6d/2s:-230,230(-194.357399)
769:BR,Player:0r130c/cr299f:3s8s,7h8h|/5c7dAs:-230,230(-230.000000)
770:Player,BR:0cc/cc/cc/cc:TdJs,3sQh|/ThJhAd/2d/4c:100,-100(53.027307)
771:BR,Player:0cc/cc/cc/cr130c:JdQc,4c7d|/JcQdAh/6s/3c:230,-230(230.000000)
772:Player,BR:0cc/cc/cc/cc:2h6s,3cJs|/3dTsTd/8s/Qs:-100,100(-56.780323)
773:BR,Player:0f:6d8h,2dTs|:50,-50(50.000000)
774:Player,BR:0cr200c/cc/r150c/r225f:5cAc,7cQc|/2d3cJc/Js/5h:450,-450(450.000000)
775:BR,Player:0r130c/cr299c/cr1058c/cc:8dAc,9sTd|/7hQsKd/As/2h:1587,-1587(1134.806607)
776:Player,BR:0cc/cc/cc/cc:5dKh,3c5c|/4h8cTs/As/4d:100,-100(91.450141)
777:BR,Player:0r130c/cc/cr299f:3d9s,6dJs|/8cJcQh/Qs:-230,230(-230.000000)
778:Player,BR:0cc/cc/cc/r130c:6sJd,5d9d|/7hKdKc/6d/3d:-230,230(-222.095287)
779:BR,Player:0r130c/cc/cr299c/cr687f:TcQc,KsKd|/TsJhJd/5s/9h:-529,529(-529.000000)
780:Player,BR:0cr300c/cc/cc/cc:TdAd,6cJs|/2c4dQh/8d/5h:400,-400(400.000000)
781:BR,Player:0r130c/cc/cc/cr299c:ThAs,5hQh|/4c6d9h/3c/Kh:529,-529(-196.889047)
782:Player,BR:0cc/cc/cc/cc:4d8h,3sJs|/4h7s7d/Ah/Qs:100,-100(39.582346)
783:BR,Player:0r130c/cc/cr115c/cc:3dKs,6dQd|/2h3sJs/8h/6s:-345,345(-159.262164)
784:Player,BR:0cc/cc/cc/cc:4dTh,2hQh|/2dKhAd/7h/5d:-100,100(-53.465317)
785:BR,Player:0r200c/cr390c/cc/cc:7h9c,3d5d|/3s5cTc/Th/8s:-690,690(-469.612875)
786:Player,BR:0cr600f:7c8c,4s9s|:100,-100(100.000000)
787:BR,Player:0r130c/cc/cr299f:5c7h,3cQh|/9hTsJh/9c:-230,230(-230.000000)
788:Player,BR:0cr300c/cc/cc/cc:5h5c,6sQd|/8d9dJc/Qc/4d:-400,400(-195.639066)
789:BR,Player:0r200c/cc/cc/cc:5d8c,7cAh|/9sTsJd/9d/2d:-300,300(-300.000000)
790:Player,BR:0cc/cc/cc/cc:3hKs,QdAd|/3dJsAc/5s/4s:-100,100(-84.303127)
791:BR,Player:0r130c/cc/cr690f:2s9h,3hAh|/3s6s8h/Ad:-230,230(-230.000000)
792:Player,BR:0cr200c/cc/r150c/cc:4d4c,2hTc|/2s3sKc/3d/8d:450,-450(-216.217660)
793:BR,Player:0cc/cc/cr200f:7cQc,KhKd|/7d8hTh/4c:-100,100(-100.000000)
794:Player,BR:0cr200c/cc/cc/cc:2cAc,5sJd|/7s7cTc/6h/9s:300,-300(300.000000)
795:BR,Player:0f:8hTc,3h8s|:50,-50(50.000000)
796:Player,BR:0cr300c/r520c/r1196c/r4232c:QsAc,6cAd|/3c8hAs/6s/Kh:-6348,6348(-3833.576349)
797:BR,Player:0r130c/cc/cc/cc:6s8h,JdKh|/3h4hTd/8d/Tc:230,-230(230.000000)
798:Player,BR:0cc/cc/cc/cc:3c6h,5hJc|/6cJhAc/Qd/9d:-100,100(-88.981073)
799:BR,Player:0r200c/cr390c/cc/cc:8hKh,5c6d|/8dThAd/2d/5s:690,-690(620.191877)
800:Player,BR:0cc/cc/cc/cc:3hTc,6sQd|/3d3cAh/2d/7s:100,-100(16.168267)
801:BR,Player:0r130c/cr299c/cr1587f:8dJc,3cKd|/4c7cQd/7h:-529,529(-529.000000)
802:Player,BR:0cc/cc/cc/cc:2c3h,6h8d|/2d9cAs/3s/Jh:100,-100(81.262461)
803:BR,Player:0r130c/cr690f:KcAs,9s9c|/3s9hQc:-230,230(-230.000000)
804:Player,BR:0cc/cc/cc/cc:5h9c,5s6d|/4cJdKh/Ah/6h:-100,100(-47.696040)
805:BR,Player:0r200c/cc/cc/cc:3dKc,JcKh|/2d7hQs/6c/Tc:-300,300(-300.000000)
806:Player,BR:0cr200c/cc/cc/r150c:QsAd,4c5d|/3c6d6c/5c/9d:-450,450(-280.212908)
807:BR,Player:0r130c/cc/cc/cc:TcJh,JdQd|/5h6s6d/Kh/4c:-230,230(-230.000000)
808:Player,BR:0cr600f:KhAh,3cJd|:100,-100(100.000000)
809:BR,Player:0f:8cTc,2d8s|:50,-50(50.000000)
810:Player,BR:0cc/cc/r200c/cc:2c7h,5hQs|/3s4dAc/Qc/7d:-300,300(-278.556943)
811:BR,Player:0r200c/cc/cc/cc:3d9d,TcKh|/2d5cJs/4d/9h:300,-300(300.000000)
812:Player,BR:0cr200c/cc/r600f:QcKc,4cKd|/3sJsJd/Qh:300,-300(300.000000)
813:BR,Player:0r200c/cr390c/cr2070f:2cKd,7s9h|/4d8cAd/6s:-690,690(-690.000000)
814:Player,BR:0cc/cc/cc/cc:9cQh,7c8s|/QdQcKs/4h/2c:100,-100(71.743937)
815:BR,Player:0r130c/cc/cr115c/cr690f:9hJc,JdQs|/2d3sJs/3d/6d:-345,345(-345.000000)
816:Player,BR:0cr600f:4h4c,5h8d|:100,-100(100.000000)
817:BR,Player:0f:3hKh,3c9d|:50,-50(50.000000)
818:Player,BR:0cc/cc/r130c/cc:4s7d,3hAc|/8hQcKh/8s/Tc:-230,230(-187.281982)
819:BR,Player:0f:QcAh,3h7s|:50,-50(50.000000)
820:Player,BR:0cr200c/r390c/cc/cc:4s7d,5hQd|/2d3dKc/4c/9h:690,-690(293.610993)
821:BR,Player:0r130c/cr299c/cc/cc:2dJd,3c4h|/8c9cTd/Ts/7d:529,-529(529.000000)
822:Player,BR:0cc/cc/cc/cc:3sTh,4cAh|/3d4h6s/Ac/5h:-100,100(-37.744052)
823:BR,Player:0r130c/cc/cr115c/cc:JhQc,QhAc|/3cTdKs/Kh/2d:-345,345(-253.361937)
824:Player,BR:0cr200c/cc/cc/cc:3s3c,6h8h|/4h5c7h/Ac/8s:-300,300(-300.000000)
825:BR,Player:0cc/cr130c/cr299c/cr1587f:ThKc,2cQh|/2h9dTc/Js/2d:-529,529(-529.000000)
826:Player,BR:0cc/cc/r130c/r115c:3d4s,9dJc|/5hTdAc/Tc/Jd:-345,345(-300.199345)
827:BR,Player:0r130c/cc/cr115c/cr1035c:8cTh,8h9h|/3d4h6s/6c/7c:1380,-1380(-79.569415)
828:Player,BR:0cc/r200c/cc/cc:7sJs,9hAc|/4c9cTc/2d/Kc:-300,300(-300.000000)
829:BR,Player:0r130c/cr460c/cr897c/cc:TsKh,6cQh|/7h7cAd/8s/8d:0,-0(-0.000000)
830:Player,BR:0cc/cc/cc/cc:4s6d,JsAd|/6cJhKc/5s/6h:100,-100(-70.145059)
831:BR,Player:0r130c/cc/cr115c/cc:5d6d,5hAs|/9s9hJd/8c/3h:-345,345(-343.231298)
832:Player,BR:0cc/cc/cc/cc:8dQc,6d9h|/6cKsAh/2d/4h:-100,100(-68.019315)
833:BR,Player:0r200c/cr390c/cr897f:ThTd,4hKs|/3cQsKh/5c:-690,690(-690.000000)
834:Player,BR:0cr300c/r520c/cc/r1196c:8dQh,3hTh|/2s3d7d/6h/4d:-2116,2116(-1466.349566)
835:BR,Player:0r130c/cc/cr115c/cr690f:3dQd,QsAc|/6s6cAh/2s/2c:-345,345(-345.000000)
836:Player,BR:0cr130c/cc/cc/r115c:3c4c,2h3h|/3dTcJh/6d/6h:0,-0(143.279612)
837:BR,Player:0r200c/cc/cr150c/cr1350c:4hKh,9hJh|/2hThTc/3s/7h:1800,-1800(1799.093693)
838:Player,BR:0cc/cc/r130f:9sKh,6h7d|/3hTsKd/Ac:100,-100(100.000000)
839:BR,Player:0r130c/cr299c/cr687f:6d7s,7h8s|/4h4c5d/2d:-529,529(-529.000000)
840:Player,BR:0cc/cc/cc/cc:4cAd,9hQh|/4s6sTc/Jc/Js:100,-100(30.061536)
841:BR,Player:0r130c/cr460c/cc/cc:6dTd,TsJh|/3s6s7d/2h/Ks:690,-690(360.622434)
842:Player,BR:0cc/cc/cc/cc:4cAh,6s9s|/3h4dAc/8h/9h:100,-100(-81.194292)
843:BR,Player:0r130c/cr690f:3c7h,4hKs|/5d8s9s:-230,230(-230.000000)
844:Player,BR:0cc/cc/cc/cc:6s7d,3h3d|/9hQdQc/2c/Ah:-100,100(-74.105473)
845:BR,Player:0r200c/cc/cr390c/cc:JcAh,7hTs|/3h4d8d/As/7d:690,-690(690.000000)
846:Player,BR:0cr130c/cc/r115c/r172c:4cAc,6c8h|/5s6d9h/4s/7s:-517,517(-482.260065)
847:BR,Player:0r130c/cc/cc/cc:4cKc,8cAd|/5h7cJh/5s/Qh:-230,230(-180.901950)
848:Player,BR:0cc/r130c/r299c/r687c:4d9c,2sTd|/3d5s6c/Qh/Kd:-1216,1216(-1216.000000)
849:BR,Player:0r130c/cc/cc/cr299f:3h5s,4hKc|/7s7hQh/Jd/4s:-230,230(-230.000000)
850:Player,BR:0cc/cc/r130f:5d6h,3s5c|/8h9dJc/4d:100,-100(100.000000)
851:BR,Player:0r130c/cr460c/cr1380c/cc:5hAc,4c8c|/2s7hTc/6c/4h:-2070,2070(-1778.093081)
852:Player,BR:0cc/cc/cc/cc:4s6h,9sAd|/4hTcQd/Jc/7d:100,-100(8.866417)
853:BR,Player:0r200c/cr390f:4s9s,2s8s|/2c8hJd:-300,300(-300.000000)
854:Player,BR:0cr600f:QhAh,4dJs|:100,-100(100.000000)
855:BR,Player:0r130c/cc/cc/cr115c:7s9h,4h4d|/5s6cTs/7d/Td:345,-345(345.000000)
856:Player,BR:0cc/cc/cc/r130c:4cTc,5d6s|/4s6hAc/5s/5c:-230,230(-229.779489)
857:BR,Player:0r130c/cr299f:2cJc,8sQc|/3d7dTc:-230,230(-230.000000)
858:Player,BR:0cc/cc/r200f:4cJs,4d8d|/TsJhAh/7c:100,-100(100.000000)
859:BR,Player:0cc/cc/cc/cc:5d8c,9sQd|/3s4d7h/Ad/4h:-100,100(-100.000000)
860:Player,BR:0cc/cc/cc/r130f:6sKc,3c6d|/5c9s9d/3s/5s:100,-100(100.000000)
861:BR,Player:0f:2dTd,2s5c|:50,-50(50.000000)
862:Player,BR:0cc/cc/cc/r200c:2s6h,QcKc|/7d8hKd/8d/8c:-300,300(-300.000000)
863:BR,Player:0cc/cc/cr130c/cc:8cJc,TdQc|/5sKcAc/Qh/6d:-230,230(-161.387297)
864:Player,BR:0cr200c/cc/cc/cc:2h4h,9hTh|/6hKsAh/4d/Qc:300,-300(300.000000)
865:BR,Player:0r130c/cc/cr115f:3c4d,4sAd|/6s7h9d/Qc:-230,230(-230.000000)
866:Player,BR:0cc/cc/cc/cc:7cJh,6dQh|/2d3c6s/Qs/2c:-100,100(-77.346685)
867:BR,Player:0r130c/cc/cc/cr460c:2hTs,6dJs|/2s4s8s/3d/Kc:690,-690(160.628635)
868:Player,BR:0cr600c/cc/r2100c/r5600f:7s7c,6cKs|/3s3d7d/3c/3h:2800,-2800(2800.000000)
869:BR,Player:0r130c/cr299c/cr687c/cc:8hQc,6cAc|/2c4h4c/5s/4s:-1216,1216(-54.418196)
870:Player,BR:0cc/cc/r130c/r115f:3h6c,KdAc|/2s5c9s/8c/2h:230,-230(230.000000)
871:BR,Player:0r130c/cr460f:4h6h,2c3c|/2d9dJc:-230,230(-230.000000)
872:Player,BR:0cc/cc/cc/r200f:3s9c,5dKs|/3d9dQs/6c/Jh:100,-100(100.000000)
873:BR,Player:0r130c/cc/cc/cc:2h7d,5hAc|/6dTdJc/2d/Qc:230,-230(-48.122418)
874:Player,BR:0cc/cc/cc/cc:2hQs,7dAd|/5h8s8d/9c/Kh:-100,100(-46.527474)
875:BR,Player:0r130c/cc/cc/cr299c:2d9c,4d6c|/7d9hJh/3d/8d:529,-529(120.635986)
876:Player,BR:0cr600c/cc/r350c/cc:ThAs,TdJd|/2d3h3c/9c/8s:1050,-1050(990.294787)
877:BR,Player:0r200f:2s7h,8cAc|:-100,100(-100.000000)
878:Player,BR:0cc/r300f:5d9d,3c4h|/7d8hJc:100,-100(100.000000)
879:BR,Player:0r130c/cc/cc/cr460f:5h5c,TdJs|/7hThKd/7s/Tc:-230,230(-230.000000)
880:Player,BR:0cc/cc/cc/r130c:4c5s,8s8d|/3h5h8c/3s/As:-230,230(-230.000000)
881:BR,Player:0r130c/cc/cr115c/cr1035f:3h8s,2h9h|/TsKsKc/6d/Jc:-345,345(-345.000000)
882:Player,BR:0cr200c/cc/r150f:6cAc,2sQc|/4d6d9c/Ts:300,-300(300.000000)
883:BR,Player:0r130c/cr460c/cr1380c/cc:6cTs,5h6h|/JhQhKs/Ah/8h:-2070,2070(-2070.000000)
884:Player,BR:0cr200c/cc/cc/r150f:8dKc,3s8c|/2cJcKh/Jh/Td:300,-300(300.000000)
885:BR,Player:0r200c/cr390c/cr897c/cr4761c:4c9h,2dKs|/4d5h6d/7c/8h:6348,-6348(6348.000000)
886:Player,BR:0cc/cc/cc/cc:3sQc,3c6s|/2h6c9c/Th/Js:-100,100(-52.832205)
887:BR,Player:0r130c/cr299f:5s6h,KsAc|/3h8cKd:-230,230(-230.000000)
888:Player,BR:0cc/cc/cc/r130f:8dAc,7sQs|/5h8hKh/Js/4c:100,-100(100.000000)
889:BR,Player:0r130c/cc/cr690c/cc:2hJs,4c6h|/3cKcAs/9s/Ks:920,-920(778.934451)
890:Player,BR:0cc/cc/cc/cc:3hTc,4d8d|/2c6h8s/Js/4h:-100,100(-94.991410)
891:BR,Player:0r200c/cc/cr390f:9hAd,6s8c|/2h8sQc/6d:-300,300(-300.000000)
892:Player,BR:0cr300f:5dQd,3s5h|:100,-100(100.000000)
893:BR,Player:0r200c/cr390c/cr897c/cc:2hKh,6sTh|/3h8s9c/Qs/Ts:-1587,1587(-1406.434921)
894:Player,BR:0cr200c/cc/cc/cc:TcKd,TsKh|/9hQdAc/6c/7s:0,-0(205.009679)
895:BR,Player:0r130c/cr299c/cr687c/cr3648c:4hTs,5d9s|/2h3d4c/7s/7d:4864,-4864(1462.351935)
896:Player,BR:0cc/cc/r130c/r460c:9sAh,7dKc|/2s2h4c/4s/4d:0,-0(0.175360)
897:BR,Player:0f:8dTc,3c9s|:50,-50(50.000000)
898:Player,BR:0cc/cc/cc/r130c:5hJd,2sQh|/2c4c9s/Ts/3h:-230,230(47.535401)
899:BR,Player:0r200c/cr600c/cc/cr2700c:QdAs,4h6d|/KhKdKc/Ts/3c:3600,-3600(3600.000000)
900:Player,BR:0cc/cc/cc/r130c:8hJc,8dKd|/3d9hKs/8c/7d:-230,230(-222.056354)
901:BR,Player:0r200c/cc/cc/cc:6sKs,9sAd|/3h4cKd/5c/8s:300,-300(300.000000)
902:Player,BR:0cr200c/cc/r150c/r225c:3cAc,5cJh|/3s5s8s/6d/Jd:-675,675(-449.537284)
903:BR,Player:0r130c/cc/cr299c/cc:3d8s,9hJs|/6d7s9s/Tc/As:529,-529(529.000000)
904:Player,BR:0cr130c/cc/r115c/cc:6d6c,5dQd|/2hKcAh/Kh/Td:345,-345(147.232934)
905:BR,Player:0r130c/cc/cc/cr299f:7dTs,5dJs|/9sJdKc/6c/4h:-230,230(-230.000000)
906:Player,BR:0cc/cc/cc/r130f:2d6c,2s6s|/5c9hKd/Th/Js:100,-100(100.000000)
907:BR,Player:0r130c/cc/cr460c/cc:7dJh,2h9h|/6h8hJs/7s/2s:690,-690(690.000000)
908:Player,BR:0cr200c/cc/cc/r150c:8dKd,ThKh|/7sJsAd/5s/9s:-450,450(188.510159)
909:BR,Player:0cc/cr130c/cr460c/cc:AsAh,2sJd|/7dKdAd/6c/3h:690,-690(690.000000)
910:Player,BR:0cc/cc/cc/r130c:6hQd,4d9h|/QsKsKd/9d/Kc:230,-230(-112.827780)
911:BR,Player:0r130c/cc/cr115f:2s8c,8dQd|/9hQsKd/Td:-230,230(-230.000000)
912:Player,BR:0cc/cc/cc/r130f:3c5s,6h9s|/4h5cAs/5d/Qd:100,-100(100.000000)
913:BR,Player:0cc/cc/cc/cr130f:8dTs,3d6s|/2d4sAh/9d/2c:-100,100(-100.000000)
914:Player,BR:0cc/cc/cc/cc:5cQs,9cTh|/6c9hQh/Js/Td:-100,100(-92.804334)
915:BR,Player:0cc/cc/cc/cc:2h5c,4cQc|/3dJhJc/Ah/Ts:-100,100(-100.000000)
916:Player,BR:0cc/cc/cc/cc:6hJh,7hQs|/2s2hTs/Ah/5d:-100,100(27.011236)
917:BR,Player:0r200c/cc/cc/cr150f:5d6d,6h9s|/9cJhKs/2h/7s:-300,300(-300.000000)
918:Player,BR:0cc/cc/cc/r130c:6h9d,2dKc|/9hTsKh/5d/7s:-230,230(-209.599356)
919:BR,Player:0r130c/cc/cc/cr299f:7s9c,6s8d|/TsQsKc/2h/9h:-230,230(-230.000000)
920:Player,BR:0cr300c/cc/r200c/cc:5h7h,8dJc|/2h5cAs/4h/6h:600,-600(298.620986)
921:BR,Player:0r130c/cr299f:7cJc,2cAd|/2s6sQs:-230,230(-230.000000)
922:Player,BR:0cc/cc/r130c/r299c:4d5s,2c5c|/3h3cAc/Kc/7h:-529,529(-494.493561)
923:BR,Player:0r130c/cr460f:4d8c,3dTd|/2d5hAc:-230,230(-230.000000)
924:Player,BR:0cc/cc/cc/cc:5d9c,4cKc|/4dQhQc/6h/Th:-100,100(-71.542570)
925:BR,Player:0r200c/cc/cc/cr390c:7sKh,9sAh|/8hJcQs/2s/9d:-690,690(-210.927434)
926:Player,BR:0cr600c/r8400f:KcAh,3sAd|/3dQhKs:700,-700(700.000000)
927:BR,Player:0r130c/cc/cc/cc:7sQc,5hAc|/6d7dQd/2h/Jh:230,-230(230.000000)
928:Player,BR:0cc/cc/cc/cc:6dTh,4c9d|/5hQdAs/4s/3d:-100,100(-57.751331)
929:BR,Player:0f:3sJd,2d4s|:50,-50(50.000000)
930:Player,BR:0cc/cc/cc/r130c:2dAs,3h8s|/4h5cKc/2c/Ad:-230,230(-185.683342)
931:BR,Player:0cc/cr200f:6d7s,3d4s|/2hQsKd:-100,100(-100.000000)
932:Player,BR:0cc/cc/r130c/r299f:5cTh,7d9h|/5d8s8c/8h/4c:230,-230(230.000000)
933:BR,Player:0r130c/cr299c/cc/cr687f:5cJh,KdAs|/2s2h4h/Ah/Js:-529,529(-529.000000)
934:Player,BR:0cc/cc/cc/r130c:3d5h,4s4h|/5d6s7d/Jh/5c:230,-230(95.128835)
935:BR,Player:0r200c/cc/cr150c/cr900f:7cJd,8cTd|/4dKhKc/8d/5s:-450,450(-450.000000)
936:Player,BR:0cc/cc/cc/cc:7sKc,3s5c|/TsKsKh/Qh/Qc:100,-100(32.078000)
937:BR,Player:0r130c/cc/cc/cc:4s6c,8hAs|/7cQdKh/Ts/Qh:-230,230(-230.000000)
938:Player,BR:0cr300c/r520c/cc/cc:2d4d,7hTd|/5s6c7d/9h/Kd:-920,920(106.608778)
939:BR,Player:0r130c/cr460c/cr897c/cr4761f:6sTc,5s9c|/3c4s6d/Qc/7h:-1587,1587(-1587.000000)
940:Player,BR:0cc/cc/cc/cc:2sKh,6dAd|/3h6hAc/5d/Kd:-100,100(-96.997117)
941:BR,Player:0f:9dTc,2c6s|:50,-50(50.000000)
942:Player,BR:0cc/cc/cc/cc:3d6s,6h8d|/2h2c7h/Qh/6d:0,-0(-56.357416)
943:BR,Player:0r130c/cr299f:3c6h,8hJh|/2h7hQc:-230,230(-230.000000)
944:Player,BR:0cr300c/cc/r520c/r1196c:3h3d,5sQd|/9s9dJs/Jd/4d:-2116,2116(-2061.312517)
945:BR,Player:0r130c/cc/cc/cc:3d9h,QsKs|/4dJsAc/6c/4h:-230,230(-230.000000)
946:Player,BR:0cc/cc/cc/cc:2c9s,4hQs|/6c9hKs/8s/Th:100,-100(61.993845)
947:BR,Player:0r130c/cc/cc/cc:5c6h,4cKd|/4h7hTs/As/3d:230,-230(230.000000)
948:Player,BR:0cc/cc/cc/r130c:4sAd,3dAc|/2d5s5c/8c/2c:0,-0(60.787905)
949:BR,Player:0r130c/cr460c/cr897f:2d2c,8cQd|/3d9cQc/Js:-690,690(-690.000000)
950:Player,BR:0cc/cc/r130c/cc:4d8h,3h3c|/2s7h7d/4c/2h:230,-230(130.991147)
951:BR,Player:0f:4c7d,4h9d|:50,-50(50.000000)
952:Player,BR:0cc/cc/r130c/cc:6sKd,8sJc|/2h4hQs/3s/Th:230,-230(137.683799)
953:BR,Player:0f:8cAh,3c9h|:50,-50(50.000000)
954:Player,BR:0cr200c/cc/r150c/cc:7hKc,8dJc|/6dAhAc/Qd/3h:450,-450(429.621777)
955:BR,Player:0cc/cc/cc/cc:3cAs,4sTd|/ThQsKh/Qh/Jd:100,-100(100.000000)
956:Player,BR:0cc/cc/cc/cc:8hKd,2s5d|/2cJhJc/9d/3d:-100,100(-37.893446)
957:BR,Player:0r130c/cr299c/cr1058c/cr2063c:JsAh,7s8s|/9sQsQh/6s/Jc:-3650,3650(5.399250)
958:Player,BR:0cc/cc/cc/cc:8cQh,4s5d|/3sThKc/Ks/Ad:100,-100(95.529048)
959:BR,Player:0r130c/cr299c/cr1587c/cc:JhAh,3h5s|/4c6dTd/Kc/Ks:2116,-2116(916.630343)
960:Player,BR:0cc/cc/cc/r200f:5cAh,2d6c|/8dJsAs/Ks/6h:100,-100(100.000000)
961:BR,Player:0f:5c9h,2cTs|:50,-50(50.000000)
962:Player,BR:0cc/cc/cc/cc:2dQd,3d6d|/2h4s9h/3s/5d:-100,100(-93.696106)
963:BR,Player:0r130c/cc/cc/cr299f:4c8s,7s9s|/6h7h8h/Jh/7c:-230,230(-230.000000)
964:Player,BR:0cc/cc/cc/cc:2d5h,ThJs|/3h5cAc/6c/7s:100,-100(91.978210)
965:BR,Player:0r130c/cr299f:5d7s,7cKs|/8dQcKd:-230,230(-230.000000)
966:Player,BR:0cc/cc/r130f:4s7h,6c7s|/4dJsJh/Jc:100,-100(100.000000)
967:BR,Player:0r130c/cc/cc/cc:4dKd,6dAs|/6s9sTd/8h/8c:-230,230(-230.000000)
968:Player,BR:0cr300f:8hTh,3c9h|:100,-100(100.000000)
969:BR,Player:0cc/cc/cr300f:2c4c,9dQc|/3d8hTc/7c:-100,100(-100.000000)
970:Player,BR:0cc/cc/cc/cc:7hAd,8hTd|/7dJdKh/Js/Qc:100,-100(36.711569)
971:BR,Player:0r130c/cr299f:3d6c,4d5c|/9dKdAc:-230,230(-230.000000)
972:Player,BR:0cc/cc/cc/r300f:2sAd,5h8s|/4dQdKc/9d/Ts:100,-100(100.000000)
973:BR,Player:0r130c/cr460c/cr897c/cr2063c:8hKs,4sQd|/3d7sTs/2d/5d:3650,-3650(-516.622126)
974:Player,BR:0cc/cc/r130c/r115c:5sAd,3hKs|/4s5c9h/3c/Tc:345,-345(198.068386)
975:BR,Player:0r130c/cc/cc/cr460c:JhKc,5h8c|/5c8dQc/3c/6h:-690,690(84.503567)
976:Player,BR:0cc/cc/r200c/cc:6h9d,3cAd|/7sQdQc/2h/5h:-300,300(-65.182889)
977:BR,Player:0r200c/cc/cc/cr390f:4s6c,8dKh|/ThAdAc/Qd/Qh:-300,300(-300.000000)
978:Player,BR:0cr300c/cc/cc/cc:4hAh,KcAd|/6d7cJd/7s/5s:-400,400(-169.742882)
979:BR,Player:0r200c/cr390c/cr1380c/cc:3hAh,6s7s|/2d4s5c/Kc/As:2070,-2070(2070.000000)
980:Player,BR:0cr200c/cc/cc/r150c:3c4c,3sJh|/6cThQh/9d/Ks:-450,450(-411.584358)
981:BR,Player:0r130c/cr460c/cr345f:3c7s,9cTh|/3s8cTs/Jc:-690,690(-690.000000)
982:Player,BR:0cc/cc/cc/cc:JcAd,6cQh|/2d3s9s/9c/7c:100,-100(32.195911)
983:BR,Player:0cc/cr130c/cr299c/cr687f:5sTc,3sTh|/5c6hAs/4d/2d:-529,529(-529.000000)
984:Player,BR:0cc/cc/cc/cc:4hQc,3s9c|/2c8hJc/Kd/Ac:100,-100(65.406626)
985:BR,Player:0r130c/cc/cc/cr690c:9hQs,3cQc|/7s7cQd/Jd/5s:0,-0(-14.549214)
986:Player,BR:0cr300c/r800c/cc/r3600c:8s9s,7sAc|/3d8c9h/Td/2h:4800,-4800(1092.543338)
987:BR,Player:0r130c/cr299c/cc/cc:2h8d,9sQh|/5c6h9h/Tc/Jh:-529,529(-529.000000)
988:Player,BR:0cr200c/r390c/r897c/r793f:TcKc,8d9d|/3d7dTh/2h/Qc:1587,-1587(1587.000000)
989:BR,Player:0r130c/cc/cc/cc:JhQd,JcKc|/4hQhAh/4d/6s:230,-230(230.000000)
990:Player,BR:0cc/cc/cc/r130f:QcKs,2sJd|/9sThKd/4s/6c:100,-100(100.000000)
991:BR,Player:0r200c/cc/cr390c/cc:3h4s,8cQh|/2d3dJh/9h/Kh:690,-690(-76.003175)
992:Player,BR:0cc/cc/r130f:4c9h,2c3h|/8hAsAd/Jh:100,-100(100.000000)
993:BR,Player:0r130c/cc/cc/cr460f:4d5d,8dJd|/3d7hKc/Ts/3c:-230,230(-230.000000)
994:Player,BR:0cr200c/cc/cc/r150c:4d8c,6sKd|/5h8dKs/Qh/3s:-450,450(-409.760934)
995:BR,Player:0r200c/cr390c/cr345c/cr2070c:AhAc,2c4c|/3c5hKc/3h/8s:3105,-3105(2105.862184)
996:Player,BR:0cc/cc/r200c/r150f:4h9h,3cAd|/4d7c9c/8d/6c:300,-300(300.000000)
997:BR,Player:0r130c/cc/cc/cc:2cTh,6dAd|/9s9hTc/8d/4d:230,-230(230.000000)
998:Player,BR:0cc/cc/cc/cc:9cAs,2sTc|/4s7hJd/5s/5h:100,-100(83.334674)
999:BR,Player:0r200c/cc/cc/cr390f:8h9d,9h9c|/2sThJc/3s/3h:-300,300(-300.000000)
1000:Player,BR:0cr300f:JsKc,4h5s|:100,-100(100.000000)
RAW BR STATS: n=1000, sum=98925.000000, sum_sq=1174810211.000000, vr_sum=63787.550859, vr_sum_sq=653728349.814614
BR STATS: 98.925000(66.899599), 63.787551(49.957301)
RESULTS
1)BR: 98925
2)Player: -98925
