In config file: GAME_DEF=game_def.fullholdem
In config file: ACTIONS_R0=C
In config file: ACTIONS_R1=C
In config file: ACTIONS_R2=F,C,0.05,0.0575,0.066125,0.07604375,0.087450313,0.100567859,0.115653038,0.133000994,0.152951143,0.175893815,0.202277887,0.23261957,0.267512505,0.307639381,0.353785288,0.406853081,0.467881044,0.5380632,0.61877268,0.711588582,0.81832687,0.9410759,1.082237285,1.244572878,1.43125881,1.645947631,1.892839776,2.176765742,2.503280603,2.878772694,3.310588598,3.807176888,4.378253421,5.034991434,5.790240149,6.658776171,7.657592597,8.806231486,10.12716621,11.64624114,13.39317731,15.40215391,17.71247699,20.36934854,23.42475083,26.93846345,30.97923297,35.62611791,40.9700356,47.11554094,54.18287208,62.31030289,71.65684832,82.40537557,94.76618191,A
In config file: ACTIONS_R3=F,C,0.05,0.0575,0.066125,0.07604375,0.087450313,0.100567859,0.115653038,0.133000994,0.152951143,0.175893815,0.202277887,0.23261957,0.267512505,0.307639381,0.353785288,0.406853081,0.467881044,0.5380632,0.61877268,0.711588582,0.81832687,0.9410759,1.082237285,1.244572878,1.43125881,1.645947631,1.892839776,2.176765742,2.503280603,2.878772694,3.310588598,3.807176888,4.378253421,5.034991434,5.790240149,6.658776171,7.657592597,8.806231486,10.12716621,11.64624114,13.39317731,15.40215391,17.71247699,20.36934854,23.42475083,26.93846345,30.97923297,35.62611791,40.9700356,47.11554094,54.18287208,62.31030289,71.65684832,82.40537557,94.76618191,A
Loading player: rgbr_nl_cprg.so
Player args: /home/viliam/cprg/project_uoapoker/trunk/src/c/meta_player.so /home/viliam/cprg/project_uoapoker/trunk/src/c/acpc14.map
Using seed 29.
1:BR,Player:0r130c/cc/r327c/cr1030r3435c:7dAd,5c9s|/8s9d9c/Th/3c:-5022,5022(-5022.000000)
2:Player,BR:0cc/cc/r300r1514c/r100r7624r8026r2336f:2sQs,3hAh|/9hTcQh/2h/5c:-17664,17664(-17664.000000)
3:BR,Player:0r200c/cc/r19700f:5cJs,5s7s|/7h8sJd/5h:300,-300(300.000000)
4:Player,BR:0cc/cc/cr142f:2s6h,9cQd|/5sKdAc/3h:-100,100(-100.000000)
5:BR,Player:0r130c/cr299c/r655c/r1274c:6hJs,TcKh|/6sJdKd/Qd/6d:2458,-2458(2458.000000)
6:Player,BR:0cc/cc/cr216f:5s6d,3hQd|/9sKcAc/Qh:-100,100(-100.000000)
7:BR,Player:0f:3sAh,2s9h|:50,-50(50.000000)
8:Player,BR:0cc/cc/cr2679f:8cJd,9cKs|/2h9hAc/Kh:-100,100(-100.000000)
9:BR,Player:0r130c/cr299c/r2003f:4sKs,2d9d|/2s3s3c/8s:529,-529(529.000000)
10:Player,BR:0cc/cc/cr435f:2d6h,9sAc|/8sQsQd/6s:-100,100(-100.000000)
11:BR,Player:0r300c/cr520c/r651r3949r13740f:2s2d,9sTs|/3d6c9c/4h:5520,-5520(5520.000000)
12:Player,BR:0cc/cc/cr876f:4dJh,8cTd|/3dKcAs/6d:-100,100(-100.000000)
13:BR,Player:0r200c/cc/cc/r2284f:4d4c,6hJh|/3s7hAd/Jd/5c:300,-300(300.000000)
14:Player,BR:0cr300c/cc/cr1741r4299f:3hAh,8sTs|/2h5hKh/7s:2141,-2141(2141.000000)
15:BR,Player:0r200c/cr390c/r3004f:TsAd,5s6c|/3cJdJc/Kd:690,-690(690.000000)
16:Player,BR:0cc/cc/cr761r1239f:4sTs,8hJh|/7h8sJd/5s:861,-861(861.000000)
17:BR,Player:0cc/cc/cc/r1761f:4sAd,4h8c|/7d9sQs/6h/Js:100,-100(100.000000)
18:Player,BR:0cr600c/cc/cr12329f:JhKd,4sJs|/7s9dQh/3h:-700,700(-700.000000)
19:BR,Player:0r200c/cr390c/r425f:9sTd,JcQd|/6c7sTc/4d:690,-690(690.000000)
20:Player,BR:0cr130c/cc/r115r19655f:7sKs,TsAc|/6sAsAh/Th:-345,345(-345.000000)
21:BR,Player:0r130c/cc/r2014f:2cJh,2dAd|/7sThQd/4h:230,-230(230.000000)
22:Player,BR:0cc/cc/cr435f:3s9c,4cKd|/2c8hTs/9h:-100,100(-100.000000)
23:BR,Player:0r200c/cr390c/r243r619f:6d6c,TdTc|/8d8cTs/Qh:-933,933(-933.000000)
24:Player,BR:0cc/cc/r130r4051f:7cJh,7hQd|/TsJdAs/5h:-230,230(-230.000000)
25:BR,Player:0cc/cc/r761c/r9971f:6c7s,3c4d|/3h4h6d/5s/Kd:861,-861(861.000000)
26:Player,BR:0cc/cc/cr249f:4cTd,3s7h|/8s8dKc/2h:-100,100(-100.000000)
27:BR,Player:0r200c/cr390c/r243c/r8170f:4dJh,5d6h|/4sTsTc/5h/7h:933,-933(933.000000)
28:Player,BR:0cr1200c/cc/r2600r9708f:7h9h,8cTh|/2s5c6h/Js:-3900,3900(-3900.000000)
29:BR,Player:0r130c/cc/r1001f:5dAs,6dKd|/9hJsJc/6c:230,-230(230.000000)
30:Player,BR:0cc/cc/cr216c/cr1196c:5c6d,7sAd|/5h9h9c/7d/3c:-1512,1512(-1254.479721)
31:BR,Player:0r130c/cc/r327c/r6450f:2d5h,6dKc|/6hTsAc/Qd/9h:557,-557(557.000000)
32:Player,BR:0cc/cc/cr3080f:2s7c,5c6s|/2h4h8s/Ks:-100,100(-100.000000)
33:BR,Player:0r130c/cr299c/r753f:4c7h,3h5d|/2s2h9h/9d:529,-529(529.000000)
34:Player,BR:0cc/cc/cr3080f:8dQc,4h6d|/5s5cKc/Qd:-100,100(-100.000000)
35:BR,Player:0r130c/cc/r1751f:5h5c,JdQh|/2c4h8h/3c:230,-230(230.000000)
36:Player,BR:0cr130c/r460c/r1380c/r1035r1035c:9h9c,4hKh|/9dTcQd/2s/6c:4140,-4140(4140.000000)
37:BR,Player:0r200c/cc/cc/r747f:3s3h,TcAs|/5c7c8h/Qd/7s:300,-300(300.000000)
38:Player,BR:0cr300c/r800c/r240r2049c/cc:5s6d,3h8s|/3d4c9h/6h/7c:3489,-3489(3489.000000)
39:BR,Player:0cc/cc/r379c/r6379f:2h9h,6dAh|/4s4d9c/4h/Qd:479,-479(479.000000)
40:Player,BR:0cc/cc/cr379f:4dTs,2sQc|/5hQsKh/6c:-100,100(-100.000000)
41:BR,Player:0r130c/cc/r7085f:JcKc,9hKh|/3dQhAh/2c:230,-230(230.000000)
42:Player,BR:0cc/cc/cr761r1939f:7dQd,7sJd|/6dTdJs/Ad:861,-861(861.000000)
43:BR,Player:0cc/cr130c/r100f:5c9d,7dKc|/5h9hJh/6h:230,-230(230.000000)
44:Player,BR:0cr600c/cc/cr1515c/cr512r1053r4678c:KsAs,2c3d|/3s6d8c/Qh/8d:-8458,8458(-5135.528343)
45:BR,Player:0cc/cc/r9423f:2d8d,4c6h|/TcJhAs/Ks:100,-100(100.000000)
46:Player,BR:0cc/cc/cr1761f:3cJd,2sJh|/4s8cAs/Kh:-100,100(-100.000000)
47:BR,Player:0f:3hJh,2d6h|:50,-50(50.000000)
48:Player,BR:0cr300c/cc/cr3503f:JhAc,4dJd|/8s8d9d/7c:-400,400(-400.000000)
49:BR,Player:0r130c/cr299c/r19471f:9h9c,8dQc|/2c3dJc/9s:529,-529(529.000000)
50:Player,BR:0cc/cc/r130r2014f:3s7c,8dAh|/2s2dQc/8c:-230,230(-230.000000)
51:BR,Player:0f:9hAs,2d5h|:50,-50(50.000000)
52:Player,BR:0cc/cc/cr8194f:6hAd,4dQd|/4h5s7c/Qc:-100,100(-100.000000)
53:BR,Player:0r130c/cc/r14250f:4dTs,4hKs|/5d7sAs/3c:230,-230(230.000000)
54:Player,BR:0cr600c/cc/cr431c/cr1400c:9hAs,8sQd|/TdJhAh/Qc/7s:2531,-2531(-306.778713)
55:BR,Player:0f:7sKs,3h9c|:50,-50(50.000000)
56:Player,BR:0cr300c/r520c/r184r16908f:QsAh,ThQd|/2d2cKh/5d:-1104,1104(-1104.000000)
57:BR,Player:0r200c/cc/r371c/r4443f:3s7s,7dQd|/4d5hTs/7h/Td:671,-671(671.000000)
58:Player,BR:0cr600c/r1400c/cr739r4406f:4s5s,6dJd|/2c3s6h/2d:2839,-2839(2839.000000)
59:BR,Player:0r130c/cc/r1001f:2cTc,6sKh|/4c9dAs/9c:230,-230(230.000000)
60:Player,BR:0cr200c/cc/cr2627f:KcAs,4c7h|/6c8sJc/8h:-300,300(-300.000000)
61:BR,Player:0r130c/cc/r7085f:6c7c,7hKd|/2h9cAh/5s:230,-230(230.000000)
62:Player,BR:0cc/cc/cr1761f:9sKd,3sAd|/8h9hQh/Jh:-100,100(-100.000000)
63:BR,Player:0r300c/cc/r866f:5d6s,QdAs|/4s6hTc/8d:400,-400(400.000000)
64:Player,BR:0cc/cc/cr19900f:5sKh,4h6h|/9hThAd/8h:-100,100(-100.000000)
65:BR,Player:0r130c/cc/r1001c/r14256f:7h8c,8sKh|/2h4hKc/Ks/4s:1231,-1231(1231.000000)
66:Player,BR:0cc/cc/cr3080f:2c6h,7hKd|/9h9cTc/Ad:-100,100(-100.000000)
67:BR,Player:0r130c/cc/r498c/r901f:QsQd,4cQh|/KsKhKc/2d/As:728,-728(728.000000)
68:Player,BR:0cr300c/cc/r200r5254f:5cQc,2c7s|/3s5h9h/2h:-600,600(-600.000000)
69:BR,Player:0r130c/cr299c/r325f:9sJc,5c9d|/JsAhAc/Tc:529,-529(529.000000)
70:Player,BR:0cc/cc/cr9423f:2s7d,TcQh|/3d8d9d/5d:-100,100(-100.000000)
71:BR,Player:0cc/cr130c/r2014f:7s8s,2s5s|/3s4c7h/5h:230,-230(230.000000)
72:Player,BR:0cc/cc/cr876c/cr2429r16595f:2d9d,2hTd|/7c9hAs/Kd/2s:3405,-3405(3405.000000)
73:BR,Player:0r130c/cc/r871c/r7290c:6dTs,4hQd|/JcQhKc/9d/4d:8391,-8391(7357.255708)
74:Player,BR:0cr130c/cc/cr285f:8sKh,QhAc|/2d3s4d/Jh:-230,230(-230.000000)
75:BR,Player:0r130c/cc/r4051f:5s9h,JsJc|/7cQdAh/4d:230,-230(230.000000)
76:Player,BR:0cr300c/cc/r800r2987f:2h3h,2c8h|/JcQdKs/9s:-1200,1200(-1200.000000)
77:BR,Player:0r130c/cc/r6161f:7hQh,8sKc|/4c5d7d/Jc:230,-230(230.000000)
78:Player,BR:0cr130c/cc/cr327f:9h9d,6c7s|/2h5hJs/Ts:-230,230(-230.000000)
79:BR,Player:0r200c/cr390c/r3004c/cc:5d8h,3sJs|/3c5hQh/Jh/4s:-3694,3694(-2663.620770)
80:Player,BR:0cr130c/r299c/r687r10648f:3dAd,4cJh|/9dKdAs/Js:-1216,1216(-1216.000000)
81:BR,Player:0cc/cc/r3080f:3d4d,TcJd|/6sKhKc/Qd:100,-100(100.000000)
82:Player,BR:0cc/cc/cr100c/cr14250f:2sAs,4c6c|/4sJhKs/Jd/9h:-200,200(-200.000000)
83:BR,Player:0f:3dTh,2h6d|:50,-50(50.000000)
84:Player,BR:0cc/cc/cr19900f:7sTc,KdAc|/QdKhKc/8h:-100,100(-100.000000)
85:BR,Player:0r130c/cc/r285c/r637c:7dJh,5s5c|/7cTdQs/3s/Kh:1152,-1152(125.583820)
86:Player,BR:0cr300c/cc/cr7045f:QhKc,9s9c|/2h7h9h/4h:-400,400(-400.000000)
87:BR,Player:0r130c/cr299c/r8102f:JhKd,6dTc|/2d3hKs/8h:529,-529(529.000000)
88:Player,BR:0cr600c/r4200c/r14700f:AhAd,6d7c|/6c9hKc/Js:4900,-4900(4900.000000)
89:BR,Player:0r300c/cr1200c/r1132f:4h9c,5h6h|/4dKdAh/8d:1600,-1600(1600.000000)
90:Player,BR:0cc/cc/cr3080f:4sTd,9cJs|/3h5dTh/Kc:-100,100(-100.000000)
91:BR,Player:0f:3hKd,2h9s|:50,-50(50.000000)
92:Player,BR:0cr600c/r4200c/cr15100f:9dQc,3h6c|/3s5cTc/2s:-4900,4900(-4900.000000)
93:BR,Player:0r130c/cc/r1001f:7d9d,4d6h|/8sTcKc/Qh:230,-230(230.000000)
94:Player,BR:0cc/cc/cr3080f:8hJd,5cTc|/4h6dKd/6s:-100,100(-100.000000)
95:BR,Player:0r130c/cr299c/r2303f:2sJd,8sJc|/4h9sKd/Qd:529,-529(529.000000)
96:Player,BR:0cc/cc/cr8194f:7h8s,QdAs|/JsKsAd/5h:-100,100(-100.000000)
97:BR,Player:0r130c/cc/r1001f:2cJh,9hAs|/3d6c8d/9d:230,-230(230.000000)
98:Player,BR:0cr300c/cc/r200r4569f:KsAh,8d9h|/3c5d9c/2d:-600,600(-600.000000)
99:BR,Player:0r130c/cc/r6161f:4cQs,6hAs|/6s7sQd/3h:230,-230(230.000000)
100:Player,BR:0cr200c/cc/r600r2240c/cr15721f:KsAh,5hQs|/8dQcKh/4h/7s:-3140,3140(-3140.000000)
101:BR,Player:0r130c/cr299c/r8102f:2hKs,TdJh|/3h4h8c/Kc:529,-529(529.000000)
102:Player,BR:0cr300c/cc/cr569f:JhKc,9sAc|/3s4h5c/8c:-400,400(-400.000000)
103:BR,Player:0r130c/cr299c/r2003f:7dAs,8hJc|/4hTcAd/Ah:529,-529(529.000000)
104:Player,BR:0cr300c/cc/cr283c/cr735f:9d9c,6sJh|/7hQcAs/7s/2s:-683,683(-683.000000)
105:BR,Player:0r130c/cc/r142c/r529c:2h9s,6cAh|/2s5dTd/8h/7s:901,-901(23.502698)
106:Player,BR:0cr300c/cc/r800r18800f:KhKc,9dJd|/2h5cJs/9c:-1200,1200(-1200.000000)
107:BR,Player:0r130c/cr299c/r19471f:4s4d,3s7s|/4hTsJd/4c:529,-529(529.000000)
108:Player,BR:0cc/cc/cr876f:6dQc,4hQd|/2d5s8h/5d:-100,100(-100.000000)
109:BR,Player:0cc/cr130c/r142f:5dJd,5hTc|/7hJsKd/3c:230,-230(230.000000)
110:Player,BR:0cc/cc/cr249f:9sTd,2cAh|/3d6dJc/5c:-100,100(-100.000000)
111:BR,Player:0cc/cc/r3080f:2d4d,JsQd|/3c7sKh/Ks:100,-100(100.000000)
112:Player,BR:0cc/cc/cr142f:8cTs,3h8h|/QdKcAd/Td:-100,100(-100.000000)
113:BR,Player:0r200c/cc/r9241f:3d8c,5s7s|/9dTdQh/2d:300,-300(300.000000)
114:Player,BR:0cc/cc/r130r130f:2sJc,4dKc|/6c7h9h/Tc:-230,230(-230.000000)
115:BR,Player:0r200c/cc/r9241f:8dKh,JsAh|/4c5c6h/Jc:300,-300(300.000000)
116:Player,BR:0cc/cc/cr435f:6hQc,3s5h|/2c4s8h/9c:-100,100(-100.000000)
117:BR,Player:0r200c/cc/r427c/r1574f:5s7s,QhAh|/6c9s9h/9c/2d:727,-727(727.000000)
118:Player,BR:0cc/cc/cr1532f:4d8h,8d9s|/2d8c9d/Qs:-100,100(-100.000000)
119:BR,Player:0r130c/cr299c/r100c/r11078f:2cAd,8cJd|/2hThQh/Kc/6s:629,-629(629.000000)
120:Player,BR:0cr300c/cc/r800r5224f:JdQs,6cAs|/3c6s7s/8c:-1200,1200(-1200.000000)
121:BR,Player:0cc/cc/r124c/r2983f:6d8h,4s8c|/4c5cTc/6s/Qs:224,-224(224.000000)
122:Player,BR:0cc/cc/cr142c/cc:3d7d,8cKs|/3cQcAh/Qd/2s:242,-242(-2.591882)
123:BR,Player:0r130c/cc/r7085f:6h7h,2sQs|/JhKdAc/7d:230,-230(230.000000)
124:Player,BR:0cr600c/cc/cr12329f:JhAh,2hJc|/5cTsQc/7h:-700,700(-700.000000)
125:BR,Player:0r200c/cr900c/r1708f:5h6s,4hTs|/JhKhAd/Kc:1200,-1200(1200.000000)
126:Player,BR:0cr300c/cc/r200r5254f:7hKh,6dTc|/5c7c8d/2c:-600,600(-600.000000)
127:BR,Player:0r200c/cr390c/r1718r3940r13652c/cc:9sKc,7hAh|/5h7cJh/Ad/6d:-20000,20000(-20000.000000)
128:Player,BR:0cc/r200c/r600r3918f:7d8s,KsAd|/4d4c5h/Qc:-900,900(-900.000000)
129:BR,Player:0r200c/cr390c/r3004f:9dAc,JhQc|/7h7c9s/Kc:690,-690(690.000000)
130:Player,BR:0cr600c/cc/r140r7355f:9h9c,2c6d|/3hJdQc/7s:-840,840(-840.000000)
131:BR,Player:0r130c/cc/r6161f:5d9s,6cQd|/5s5h7h/6h:230,-230(230.000000)
132:Player,BR:0cr300c/cc/r520f:5hJh,TsQs|/2c4h5d/Jc:400,-400(400.000000)
133:BR,Player:0cc/cr130c/r871f:JsJd,4h9c|/7sKdAs/Jh:230,-230(230.000000)
134:Player,BR:0cc/cc/cr124f:6cTc,7dQh|/3s3dAh/7h:-100,100(-100.000000)
135:BR,Player:0r130c/cr460c/r425c/r14849c:2sAs,5cJs|/3s4s5h/7c/Kd:15964,-15964(15964.000000)
136:Player,BR:0cc/cc/r130r871f:5s7d,3c5c|/5h6cTc/3d:-230,230(-230.000000)
137:BR,Player:0f:4cAh,2d4s|:50,-50(50.000000)
138:Player,BR:0cc/cc/cr142c/cr8573f:8hJs,4cKd|/5d8c9d/8d/Td:-242,242(-242.000000)
139:BR,Player:0f:7cKd,2c5h|:50,-50(50.000000)
140:Player,BR:0cr1200c/r2600c/r1950r8326f:8dTd,5hTc|/JhKdAc/9d:-5850,5850(-5850.000000)
141:BR,Player:0r130c/cc/r4051f:4s5c,3cQd|/7sQcKs/6h:230,-230(230.000000)
142:Player,BR:0cr200c/r390c/cr243c/cr4671f:KcAs,5d7h|/2h3dAd/9s/5h:-933,933(-933.000000)
143:BR,Player:0r130c/cc/r14250f:7dQc,4h6d|/3h7hAh/9h:230,-230(230.000000)
144:Player,BR:0cc/cc/cr379c/cr7336f:5s7d,2sTc|/5c6dQd/Ts/3c:-479,479(-479.000000)
145:BR,Player:0r200c/cc/r16163f:4cQc,JdKc|/2s4h8d/9c:300,-300(300.000000)
146:Player,BR:0cr200c/r600c/r1800r3843f:8dTd,4c6s|/2dKsAh/Js:-2700,2700(-2700.000000)
147:BR,Player:0r200c/cc/r1306f:2d8s,4dAs|/5d6cAh/9s:300,-300(300.000000)
148:Player,BR:0cc/cc/r200r5284f:4dJh,5hQd|/3d4cAc/Kd:-300,300(-300.000000)
149:BR,Player:0r130c/cr299c/r2303f:9cKs,6cQh|/2c3s3c/5s:529,-529(529.000000)
150:Player,BR:0cc/cc/cr3080f:3s8d,3d4c|/QcKsAd/Jc:-100,100(-100.000000)
151:BR,Player:0r130c/cc/r2014f:8cJs,8hJc|/4s7d7c/2d:230,-230(230.000000)
152:Player,BR:0cr200c/cc/r150r3426c/cr3627c:TcAs,6dQc|/3c7sQh/Ts/9c:-7503,7503(-6224.421802)
153:BR,Player:0r130c/cc/r2014f:2d6d,3s4h|/7s8dQd/6c:230,-230(230.000000)
154:Player,BR:0cr300c/cc/cr7045f:8hTd,2cTh|/8c9cQs/3c:-400,400(-400.000000)
155:BR,Player:0r130c/cc/r1001f:2c9h,QsKd|/3s7hTh/7s:230,-230(230.000000)
156:Player,BR:0cc/cc/cr435f:2sAs,4c9d|/3h8dKd/3s:-100,100(-100.000000)
157:BR,Player:0r200c/cc/cc/r16163f:7h9d,4cKs|/7cQhAc/Ts/6d:300,-300(300.000000)
158:Player,BR:0cc/cc/r130r6161f:4c5d,8cQd|/2s5cQh/7h:-230,230(-230.000000)
159:BR,Player:0r130c/cr299c/r4632f:4c6d,5hQh|/2hJsQd/Tc:529,-529(529.000000)
160:Player,BR:0cc/cc/r130r498c/cr5543f:6d9s,AhAc|/2s6sJd/5h/Qd:-728,728(-728.000000)
161:BR,Player:0r130c/cc/r285c/r11996c:4s4c,3hJs|/3s5s7s/4h/6s:12511,-12511(12511.000000)
162:Player,BR:0cc/cc/r130r871r1015r1015f:8sJc,5s6d|/3c4h7c/9c:-2116,2116(-2116.000000)
163:BR,Player:0r130c/cc/r871c/r7290f:4h8d,5s9d|/8s9sAs/4d/5c:1101,-1101(1101.000000)
164:Player,BR:0cr600c/r910c/r805c/r483f:8dTc,QhAh|/9hJdQc/2s/8s:2415,-2415(2415.000000)
165:BR,Player:0r130c/cc/r163c/r740f:8d9h,7cQh|/4hQdKc/Ac/Js:393,-393(393.000000)
166:Player,BR:0cr300c/cc/cr1741f:7d9h,JcAs|/8c9dQs/5s:-400,400(-400.000000)
167:BR,Player:0f:3d5h,2h8c|:50,-50(50.000000)
168:Player,BR:0cc/cc/cr8194f:3h9s,2h2c|/2s6cAd/8s:-100,100(-100.000000)
169:BR,Player:0r200c/cr900c/r738r762r11755f:2sQc,4dJs|/4sQdKd/5c:2700,-2700(2700.000000)
170:Player,BR:0cc/cc/cr876f:3h8d,6dAs|/4c7hKd/Td:-100,100(-100.000000)
171:BR,Player:0cc/cr200c/cc/r5284f:6cTc,4d7s|/2s5c9s/As/8h:300,-300(300.000000)
172:Player,BR:0cc/cc/cr435f:3h4c,6d9s|/3cThQs/As:-100,100(-100.000000)
173:BR,Player:0r130c/cr690c/r8056c/cr11024f:9sKh,8h9h|/4dTcJh/Ah/Qh:-8976,8976(-8976.000000)
174:Player,BR:0cr300c/cc/cr7045f:5c7c,5h8s|/3hJsKd/2s:-400,400(-400.000000)
175:BR,Player:0r130c/cr299c/r2003r2334c/r15134c:9sKs,3cAs|/2d4s5h/Kc/Js:-20000,20000(-692.644313)
176:Player,BR:0cc/cc/cr8194f:6hJd,2cKh|/2h4sKs/6s:-100,100(-100.000000)
177:BR,Player:0r130c/cc/r1001f:3d5d,TsTc|/6cJsKs/8c:230,-230(230.000000)
178:Player,BR:0cr600c/cc/cr6130f:8dKc,8sQs|/2s6hAd/5s:-700,700(-700.000000)
179:BR,Player:0r300c/cc/r569c/r1043c:JdQh,9hAd|/4hKsKh/5h/Qc:2012,-2012(2012.000000)
180:Player,BR:0cr200c/cc/cr9241f:9sAd,5cJs|/2dTsQd/3s:-300,300(-300.000000)
181:BR,Player:0r130c/cr299c/r2303c/cc:5hAd,8sQc|/2c8hQs/Kd/3s:-2832,2832(-2832.000000)
182:Player,BR:0cc/cc/r130r285f:5c9c,4hQd|/7hThQc/3d:-230,230(-230.000000)
183:BR,Player:0cc/cc/r124f:8d8c,4dTs|/9s9hQh/6h:100,-100(100.000000)
184:Player,BR:0cc/cc/r130r2014f:6cQh,5h6s|/3d9sQs/Kc:-230,230(-230.000000)
185:BR,Player:0cc/cc/r1761f:6hJh,6cQd|/4hTdKs/7h:100,-100(100.000000)
186:Player,BR:0cc/cc/r130r130f:8h9c,TdKc|/5c6dAh/Th:-230,230(-230.000000)
187:BR,Player:0cc/cc/r3080f:9dJh,5hQd|/4s6c7c/8d:100,-100(100.000000)
188:Player,BR:0cr600c/cc/r140r17014r2146c/cc:5s5h,2dAd|/5dKsKd/7d/6d:20000,-20000(-13071.651556)
189:BR,Player:0r300c/cc/r7045f:3sAc,5dTs|/2s7hQh/6c:400,-400(400.000000)
190:Player,BR:0cr300c/cc/cr7045f:2d3d,4hKh|/6sJcAd/7h:-400,400(-400.000000)
191:BR,Player:0r130c/cr299c/r4632f:7sQd,JsKh|/5d8dTh/Kc:529,-529(529.000000)
192:Player,BR:0cc/cc/cr124f:JdQs,6d8d|/2c4c7c/6h:-100,100(-100.000000)
193:BR,Player:0f:4c5h,2s5c|:50,-50(50.000000)
194:Player,BR:0cc/cc/cr124f:9sJh,5s6d|/4h4d6s/3s:-100,100(-100.000000)
195:BR,Player:0r130c/cc/r1001f:QdKc,7dAd|/4hJhAh/Jc:230,-230(230.000000)
196:Player,BR:0cc/cc/r130r871f:4c7s,8s8h|/2c3hTd/7h:-230,230(-230.000000)
197:BR,Player:0r130c/cr299c/r186f:2h9s,6cKd|/5c7sQd/Ts:529,-529(529.000000)
198:Player,BR:0cc/cc/cr379f:3s5h,6sKd|/5sKcAh/Js:-100,100(-100.000000)
199:BR,Player:0f:2dTh,2c3d|:50,-50(50.000000)
200:Player,BR:0cc/cc/r600r12329f:5h9s,7hTh|/4d9hJc/5c:-700,700(-700.000000)
201:BR,Player:0r130c/cc/r1751c/r11406f:6dJh,8hQd|/4h8sJc/2h/5s:1981,-1981(1981.000000)
202:Player,BR:0cc/cc/cr249c/cr1149f:4hAd,4s9c|/TsThQd/Qs/Jh:-349,349(-349.000000)
203:BR,Player:0r130c/cr299c/r4632f:6s9h,7sKc|/2d3s7d/3c:529,-529(529.000000)
204:Player,BR:0cr200c/r390c/cr6042f:ThJd,7dAc|/3d4dQs/5s:-690,690(-690.000000)
205:BR,Player:0r130c/cc/r285f:7hAd,5sJc|/2h7c9h/Qc:230,-230(230.000000)
206:Player,BR:0cc/cc/cr3080f:2hKs,JsQh|/3h3d5h/6h:-100,100(-100.000000)
207:BR,Player:0r130c/cr299c/r325f:KsKc,9cTh|/2c5s6h/3d:529,-529(529.000000)
208:Player,BR:0cr300c/cc/cr569f:9dAs,3c8d|/6h7cKc/Jh:-400,400(-400.000000)
209:BR,Player:0r130c/cr299c/r9317f:2hQh,3d7d|/5dTsKh/Jd:529,-529(529.000000)
210:Player,BR:0cr130c/cc/r115r3021f:JcKs,6cKc|/4s5h7h/Jd:-345,345(-345.000000)
211:BR,Player:0cc/cr200c/r100f:6hJh,3sJd|/5h6c8d/2d:300,-300(300.000000)
212:Player,BR:0cr300c/cc/cr1741f:9hAs,9cAd|/7dQsKs/3d:-400,400(-400.000000)
213:BR,Player:0r130c/cc/r1001f:7cAs,2c5c|/3s5hQh/4h:230,-230(230.000000)
214:Player,BR:0cc/cc/cr379f:4s9s,ThAs|/3sQdAd/6d:-100,100(-100.000000)
215:BR,Player:0r130c/cc/r7085f:2c4h,9sAh|/3d3cQc/Ks:230,-230(230.000000)
216:Player,BR:0cc/cc/r130r130r330r12153f:7dAh,6d6c|/4h5hKh/As:-690,690(-690.000000)
217:BR,Player:0r130c/cr299c/r2303f:4sTh,6cKs|/3s7h7c/9h:529,-529(529.000000)
218:Player,BR:0cr300c/cc/cr10715f:5s5d,3h4h|/4cJhQs/4s:-400,400(-400.000000)
219:BR,Player:0r130c/cc/r7085f:JcAd,8dJd|/4h7hTc/Th:230,-230(230.000000)
220:Player,BR:0cc/cc/r130r285r865r865c/r4103r4103f:8dTs,9hQd|/4c7h9s/6s/Js:-6348,6348(-6348.000000)
221:BR,Player:0r130c/cc/r4051f:2sJd,8s8d|/2h5dQd/Th:230,-230(230.000000)
222:Player,BR:0cr300c/cc/r520r8056f:8s9s,TdAc|/3c7h8h/4d:-920,920(-920.000000)
223:BR,Player:0cc/cc/r876f:3d4h,2cAc|/8s8dTd/4s:100,-100(100.000000)
224:Player,BR:0cc/cc/cr3080f:4dJd,6d7c|/7d8hAc/5h:-100,100(-100.000000)
225:BR,Player:0r130c/cc/r1001c/cr2472r14018f:4d6h,5s5c|/2dTdJs/5d/6s:3703,-3703(3703.000000)
226:Player,BR:0cr300c/cc/cr16295c/cr2920f:JhAs,9hJs|/4s8dTd/Qs/2s:-16695,16695(-16695.000000)
227:BR,Player:0r130c/cc/r4051f:9cJh,3cKh|/7hAsAc/8d:230,-230(230.000000)
228:Player,BR:0cc/cc/cr2679f:6c9s,4cKc|/2d8sQc/Kh:-100,100(-100.000000)
229:BR,Player:0r130c/cr299c/r14170f:7d7c,5hKs|/4d9sJh/7h:529,-529(529.000000)
230:Player,BR:0cr300c/cc/r800r2987r6853f:9sQc,3d4s|/8sQsQd/5c:4187,-4187(4187.000000)
231:BR,Player:0r130c/cc/r12392f:5dTc,4hQs|/2h6c9c/Td:230,-230(230.000000)
232:Player,BR:0cc/cc/cr124f:3d8h,JsAd|/2h3cAs/5h:-100,100(-100.000000)
233:BR,Player:0r130c/cc/r7085f:2s6h,9hKh|/8s8cQh/Kc:230,-230(230.000000)
234:Player,BR:0cc/cc/cr1761f:5hKh,5d6s|/7s9sTs/2c:-100,100(-100.000000)
235:BR,Player:0r200c/cc/r1306f:7cTs,9dTc|/6d9hQd/3s:300,-300(300.000000)
236:Player,BR:0cc/cc/cr8194f:JhQd,7cJc|/5d6cTc/9c:-100,100(-100.000000)
237:BR,Player:0r130c/cr460c/r1718c/r13864f:9sQh,TcAd|/2c4cTh/6d/7h:2408,-2408(2408.000000)
238:Player,BR:0cc/cc/cc/cr1532f:JcQs,4dKs|/4h6cQd/5s/Kh:-100,100(-100.000000)
239:BR,Player:0r200c/cc/r4595f:9sJs,KdAs|/2c8hQs/Jd:300,-300(300.000000)
240:Player,BR:0cc/cc/cr124c/cr422r1154r2562f:5cQd,8s8h|/QcKcAd/6h/5h:-1800,1800(-1800.000000)
241:BR,Player:0r200c/cc/r427c/r2393c:7hAs,QsKc|/5d7c9c/8c/3c:-3120,3120(-3120.000000)
242:Player,BR:0cr300c/r520c/cr651f:4h4d,6d8h|/2h3sJd/Th:-920,920(-920.000000)
243:BR,Player:0r130c/cc/r2014f:4c7c,TcAh|/6s8sKs/9c:230,-230(230.000000)
244:Player,BR:0cc/cc/cr124c/r100r173f:8sTc,TdAs|/6hTsQh/9h/Qd:-324,324(-324.000000)
245:BR,Player:0r200c/cc/r1306f:7sTd,9cAs|/5h6h9s/6s:300,-300(300.000000)
246:Player,BR:0cc/cc/cr124c/cr13879f:2c8h,3hTc|/5d9sTs/Jc/8c:-224,224(-224.000000)
247:BR,Player:0r130c/cc/r12392f:2c6d,5cKc|/2h4d6h/7h:230,-230(230.000000)
248:Player,BR:0cc/cc/r200r2627f:6c8s,6hJc|/4d7sQd/Th:-300,300(-300.000000)
249:BR,Player:0f:5c8h,3c9h|:50,-50(50.000000)
250:Player,BR:0cr130c/cc/r115r3021f:6c7c,3d5c|/4hTsKh/Tc:-345,345(-345.000000)
251:BR,Player:0r130c/cr460c/r3004f:2c5c,KhAs|/5d7dAc/3c:690,-690(690.000000)
252:Player,BR:0cr130c/cc/r115r3021f:JdKd,QcKs|/3s5d9c/7h:-345,345(-345.000000)
253:BR,Player:0r130c/cc/r1001f:2s8d,5d8s|/7dKdAc/Jh:230,-230(230.000000)
254:Player,BR:0cc/cc/cr9423f:4hQd,2s8h|/5cThAc/Ah:-100,100(-100.000000)
255:BR,Player:0r130c/cr299c/r2303f:2hJh,7s7d|/2d4hTc/Qh:529,-529(529.000000)
256:Player,BR:0cc/cc/cr379c/r121r9189c:4dJc,8dJh|/2s5cJs/Qh/8c:-9789,9789(-9789.000000)
257:BR,Player:0r130c/cc/r2014c/r14858f:TsJd,QhAc|/4dQcKh/5c/2h:2244,-2244(2244.000000)
258:Player,BR:0cr600c/cc/cr6130f:KcAs,3s5h|/7h8cQc/6s:-700,700(-700.000000)
259:BR,Player:0r200c/cc/r5284f:4s6s,9dAs|/3s3h7d/8h:300,-300(300.000000)
260:Player,BR:0cc/cc/cr142c/cr5637f:TcKh,4sAs|/7c8c9h/8h/5d:-242,242(-242.000000)
261:BR,Player:0r200c/cr390c/r19310f:2c9s,4c6h|/2d6c8s/9c:690,-690(690.000000)
262:Player,BR:0cc/cc/cr249c/cr7069f:6sQh,2s7h|/4h5dQc/4s/Th:-349,349(-349.000000)
263:BR,Player:0r200c/cr390c/r3004f:5dAd,3cKs|/7sQdKc/2d:690,-690(690.000000)
264:Player,BR:0cc/cc/cr435f:6dAc,5cAd|/3h8cQd/9d:-100,100(-100.000000)
265:BR,Player:0r130c/cr460c/r100r1114r8289r9807f:6sJd,7d7c|/7sThAc/Qd:-10193,10193(-10193.000000)
266:Player,BR:0cc/cc/r130r130c/r330r18483f:4h9s,3dJc|/2d5c9d/2c/4s:-690,690(-690.000000)
267:BR,Player:0r130c/cc/r327c/cc:4cQd,3c4d|/5c6c9c/5s/3d:-557,557(-557.000000)
268:Player,BR:0cr200c/cc/cr2284f:7sQc,3h5h|/4h6h9d/Ah:-300,300(-300.000000)
269:BR,Player:0f:3d8c,2s6d|:50,-50(50.000000)
270:Player,BR:0cr200c/r390c/r138c/cr2061f:5h8h,4sKc|/7d8sAh/Ad/Jh:-828,828(-828.000000)
271:BR,Player:0r200c/cc/r1306f:2h9d,TsKh|/9cTcJd/4c:300,-300(300.000000)
272:Player,BR:0cr600c/r910c/cr4008f:ThAs,6cQh|/5c8hKs/2c:-1610,1610(-1610.000000)
273:BR,Player:0f:3h7s,2d5s|:50,-50(50.000000)
274:Player,BR:0cr600c/cc/r140r14794f:7d9s,2h8s|/2c3hTs/5s:-840,840(-840.000000)
275:BR,Player:0f:7dTd,2c7s|:50,-50(50.000000)
276:Player,BR:0cr300c/cc/r200r5254f:ThAd,7dQc|/2h2c4s/5c:-600,600(-600.000000)
277:BR,Player:0r130c/cc/r12392f:3s6s,6cAc|/2h3cJs/7s:230,-230(230.000000)
278:Player,BR:0cr600c/cc/r140r17014f:9hAh,2dKc|/4d5d7d/3d:-840,840(-840.000000)
279:BR,Player:0r130c/cc/r285c/r3410f:4cKh,8h9d|/7s8dAc/Ks/4h:515,-515(515.000000)
280:Player,BR:0cc/cc/cr379f:5hTh,7dJs|/3c6dQh/7c:-100,100(-100.000000)
281:BR,Player:0r130c/cc/r4051f:6s8c,7sKs|/5dJdQh/2s:230,-230(230.000000)
282:Player,BR:0cc/cc/cr876f:8s9h,TdJc|/9sQsAd/6s:-100,100(-100.000000)
283:BR,Player:0r200c/cc/r8036f:4dQc,7sTd|/3s8dJc/Qs:300,-300(300.000000)
284:Player,BR:0cr600c/cc/r140r3657f:8dQd,2s2c|/4hThKs/As:-840,840(-840.000000)
285:BR,Player:0r130c/cr299c/r2303f:2sTs,JcAd|/8s9h9c/3s:529,-529(529.000000)
286:Player,BR:0cc/cc/cr435r1075f:8sTc,2dTh|/7d9cJh/As:535,-535(535.000000)
287:BR,Player:0r200c/cc/r747c/r1971c:6h9s,8sTs|/8dJhAc/9d/2c:3018,-3018(-897.187249)
288:Player,BR:0cc/cc/cr216f:3sJs,2dAc|/3h4d7h/Ad:-100,100(-100.000000)
289:BR,Player:0cc/cr200c/r9241f:5h7d,TdJh|/2d8dJc/6c:300,-300(300.000000)
290:Player,BR:0cr300c/r800c/cr120r1992f:8sKc,2c3d|/JhKsKh/Jc:1320,-1320(1320.000000)
291:BR,Player:0r130c/cc/r6161f:5d6s,5cQd|/6h6d7c/2s:230,-230(230.000000)
292:Player,BR:0cc/cc/cr435f:2h5s,4s6h|/4h5dKc/9c:-100,100(-100.000000)
293:BR,Player:0r130c/cr460c/r3004c/cc:4c6s,TdJd|/5d6hJh/Th/Kc:-3694,3694(-3694.000000)
294:Player,BR:0cc/cc/cr124f:4s5h,9sJd|/KcAhAd/9d:-100,100(-100.000000)
295:BR,Player:0r130c/cr299c/r19471f:ThKh,8sKc|/2hJhKd/9h:529,-529(529.000000)
296:Player,BR:0cr600c/r4200c/cr12197f:2s5d,TdKc|/3s6cJc/5c:-4900,4900(-4900.000000)
297:BR,Player:0r130c/cc/r1001f:6s7s,4hQc|/2sQhAs/Th:230,-230(230.000000)
298:Player,BR:0cc/cc/cr761f:5cQd,6s8s|/7d8d9c/4c:-100,100(-100.000000)
299:BR,Player:0r130c/cc/r163c/r100c:5c6d,ThQh|/2dTcAh/7d/7c:-493,493(-493.000000)
300:Player,BR:0cr130c/r299c/cr4028f:TcJh,5sTh|/3d4hTd/4s:-529,529(-529.000000)
301:BR,Player:0f:2d6c,2c5h|:50,-50(50.000000)
302:Player,BR:0cc/cc/r130r1001c/cc:3cAh,2d9h|/8dTdAc/Jh/3h:1231,-1231(1231.000000)
303:BR,Player:0r130c/cr299c/r186c/r16654c:3d3c,5s5c|/2s6d6c/Ac/5h:-17369,17369(8065.955616)
304:Player,BR:0cc/cc/cr3080f:TcJh,2h9d|/4s7hQs/Ks:-100,100(-100.000000)
305:BR,Player:0r200c/cc/r1306f:4hTd,6s9d|/4sQhAc/2d:300,-300(300.000000)
306:Player,BR:0cc/cc/r130r7085f:7dJh,7cKs|/4dThAd/8d:-230,230(-230.000000)
307:BR,Player:0r130c/cc/r871f:8h9c,6h7s|/7h8sTs/Jc:230,-230(230.000000)
308:Player,BR:0cr200c/cc/r150r640c/cc:QcKc,TcAc|/7dKhKd/3h/5h:1090,-1090(788.417230)
309:BR,Player:0r130c/cr299c/cr687r3027f:7hAd,4sJs|/3c8hJc/5s:1216,-1216(1216.000000)
310:Player,BR:0cr200c/cc/r600r3918f:8sQs,8d9h|/6h7c9d/Kh:-900,900(-900.000000)
311:BR,Player:0r300c/cr520c/r2290f:5s9h,5hTd|/3d9dAh/Jh:920,-920(920.000000)
312:Player,BR:0cr200c/cc/cr9241f:4c6h,2s3s|/4d5sTc/Kh:-300,300(-300.000000)
313:BR,Player:0r130c/cr299c/r1317f:2h4h,9sAh|/3d3cTs/Js:529,-529(529.000000)
314:Player,BR:0cc/cc/cc/r130r327c:2s9c,8dTs|/TcQcAc/Kd/4c:557,-557(557.000000)
315:BR,Player:0r130c/cr299c/r2303f:9hKc,6d7h|/5dAdAc/Jh:529,-529(529.000000)
316:Player,BR:0cr130c/cc/cr285c/cr13795f:4h6h,7dQd|/2s7cJs/4d/9c:-515,515(-515.000000)
317:BR,Player:0r130c/cc/r498c/cr2032c:6d7d,4dTd|/3h6h9d/Jd/Qc:2760,-2760(2760.000000)
318:Player,BR:0cr300c/cc/cr3503c/cc:7cQc,5h6c|/5c7dKc/7s/4c:3903,-3903(1929.851837)
319:BR,Player:0r130c/cc/r12392f:4d4c,9cKh|/2h2c8c/6s:230,-230(230.000000)
320:Player,BR:0cc/cc/cr2679f:2s7d,6s7c|/3s7s9c/5s:-100,100(-100.000000)
321:BR,Player:0r130c/cc/cr460f:2sAc,3cKc|/3hJhKh/3s:-230,230(-230.000000)
322:Player,BR:0cc/cc/cr876f:3dQs,2d5c|/9s9dTd/4s:-100,100(-100.000000)
323:BR,Player:0r200c/cr390c/r243c/r9395f:9cTc,3d6d|/5c7s9s/5s/Qd:933,-933(933.000000)
324:Player,BR:0cr600c/cc/cr996f:KsAd,4c9c|/2s3dJs/6d:-700,700(-700.000000)
325:BR,Player:0f:4cJs,2d7h|:50,-50(50.000000)
326:Player,BR:0cc/cc/cr435c/r305r1818f:4dJd,6dAc|/3c7h8d/Td/Ah:-840,840(-840.000000)
327:BR,Player:0r130c/cr460c/r2612r3046r7856r5796c/cc:8cJh,3d5c|/3h8dJd/5d/Ac:20000,-20000(13530.757584)
328:Player,BR:0cr300c/r800c/r1560r6870f:9dKd,4s7c|/5cQsKc/8h:-2760,2760(-2760.000000)
329:BR,Player:0r130c/cr299c/r186r1664r5922f:5dQc,KcAh|/3h7cKs/9s:2379,-2379(2379.000000)
330:Player,BR:0cc/cc/cr142f:8hKd,9dQc|/4s5cTs/3d:-100,100(-100.000000)
331:BR,Player:0f:3s4h,3d8s|:50,-50(50.000000)
332:Player,BR:0cc/cc/r130r1751c/r100r2575c:6hJh,5sKd|/5h5cTh/6s/7h:4656,-4656(-2122.863206)
333:BR,Player:0r130c/cc/r7085f:8h8c,4cKd|/9cJdKc/6d:230,-230(230.000000)
334:Player,BR:0cr200c/r900c/cr10508f:7c8c,7sJc|/3cThJs/Qh:-1200,1200(-1200.000000)
335:BR,Player:0cc/cc/r124f:3sQs,5d8s|/2h6dQh/As:100,-100(100.000000)
336:Player,BR:0cc/cc/cr142r1858r5227f:3d8c,6sQs|/7c8d9c/Jc:-2100,2100(-2100.000000)
337:BR,Player:0r200c/cc/r371f:ThJd,2h6h|/7sJcKs/9s:300,-300(300.000000)
338:Player,BR:0cc/cc/r130r7085f:3dQh,3sKc|/2c7hQs/Td:-230,230(-230.000000)
339:BR,Player:0r130c/cc/cc/r6161f:2c7c,8cTh|/9sTcKd/Ah/7h:230,-230(230.000000)
340:Player,BR:0cc/cc/cr435f:4s9h,ThAc|/2h4d7h/Jd:-100,100(-100.000000)
341:BR,Player:0r130c/cc/r4051f:4d6s,5h7s|/JdJcAh/7d:230,-230(230.000000)
342:Player,BR:0cc/cc/cr9423f:3cTh,5h9d|/TsJsKh/Jc:-100,100(-100.000000)
343:BR,Player:0r200c/cr390c/r3004f:9cQs,5h8d|/3h7dTs/Jd:690,-690(690.000000)
344:Player,BR:0cr600c/r1400c/r1050r2229f:5d7h,8sTd|/7c9hTh/Ah:-3150,3150(-3150.000000)
345:BR,Player:0r130c/cr299c/r14170f:8sTs,4c5h|/3h6cTc/3d:529,-529(529.000000)
346:Player,BR:0cc/cc/cr435f:6dTh,9hJd|/3s5h8s/Qh:-100,100(-100.000000)
347:BR,Player:0r130c/cr299c/r753f:8dQc,4dKh|/4c9sJh/5c:529,-529(529.000000)
348:Player,BR:0cc/cc/r200c/r390r18483f:3sTh,5hKc|/6s7dAc/8h/2c:-690,690(-690.000000)
349:BR,Player:0cc/cc/r876f:3cAh,4d8h|/5c6sKh/9c:100,-100(100.000000)
350:Player,BR:0cc/cc/cr3080f:4hKc,5sJs|/9h9cTc/6d:-100,100(-100.000000)
351:BR,Player:0r130c/cr460c/r10567f:4cQc,6cAs|/3c4dTc/3d:690,-690(690.000000)
352:Player,BR:0cr300c/cc/cr3503c/cr14776f:KcAd,2d4s|/6c9hKh/Qd/5s:-3903,3903(-3903.000000)
353:BR,Player:0r200c/cc/r2627f:3hKd,6cJh|/5cJsQs/Ts:300,-300(300.000000)
354:Player,BR:0cc/cc/cr379c/cr6379c:8hKc,JsKh|/2cThJd/8s/Ac:-6858,6858(-6135.616823)
355:BR,Player:0r130c/cr690c/r651c/cr2661f:2cTs,JcQh|/3s7h8h/3c/Qd:-1571,1571(-1571.000000)
356:Player,BR:0cr300c/cc/r200r2271f:QdAh,4dJs|/4h4c5d/5c:-600,600(-600.000000)
357:BR,Player:0cc/cr200c/r9241f:8s8h,JhKh|/2dTdKc/9s:300,-300(300.000000)
358:Player,BR:0cc/cc/cr9423f:2dKs,4h8d|/9cThKd/Qd:-100,100(-100.000000)
359:BR,Player:0r130c/cr299c/r2303f:7cKc,TcQh|/2d7sQc/As:529,-529(529.000000)
360:Player,BR:0cr200c/cc/r390r1718f:6c7c,2c8s|/2h3dKh/7d:-690,690(-690.000000)
361:BR,Player:0cc/cc/r435f:2h8d,6cQc|/3c4dTh/Ts:100,-100(100.000000)
362:Player,BR:0cc/cc/cr8194f:3h4s,8sAh|/QhQcKd/Ad:-100,100(-100.000000)
363:BR,Player:0cc/cr130c/r2014f:6d9h,4c7s|/3s5d8d/Kc:230,-230(230.000000)
364:Player,BR:0cc/r130c/cr6161f:4h9c,6cTh|/2h3dAh/Tc:-230,230(-230.000000)
365:BR,Player:0r130c/cr299c/r2303f:8hTc,KhAc|/3s3h9c/2d:529,-529(529.000000)
366:Player,BR:0cc/cc/cr761f:3hQd,9cKh|/4d8dAs/9h:-100,100(-100.000000)
367:BR,Player:0cc/cc/r1761f:3d5d,5s9h|/7h7dKc/Qc:100,-100(100.000000)
368:Player,BR:0cc/cc/cr3080f:2sTd,4d9d|/6h7hKs/8c:-100,100(-100.000000)
369:BR,Player:0r200c/cc/r747c/cc:6dKs,9s9d|/8s8dTs/Tc/3c:-1047,1047(-492.700758)
370:Player,BR:0cc/cc/cr876f:3h4d,3d7d|/4hTcAd/Kd:-100,100(-100.000000)
371:BR,Player:0r130c/cr299c/r2003c/r4766f:ThQd,TsKd|/4cQsAd/Tc/7d:2532,-2532(2532.000000)
372:Player,BR:0cr200c/r900c/cr5224f:2s5s,QhAc|/2d3sJd/5d:-1200,1200(-1200.000000)
373:BR,Player:0cc/cr130c/r498c/r448r1204r10361f:6dKd,5cJc|/3c4sJd/Ks/5h:2380,-2380(2380.000000)
374:Player,BR:0cc/cc/cr435f:8dAh,2sJc|/3c6hKd/9d:-100,100(-100.000000)
375:BR,Player:0cc/cc/r124f:2hTh,9hAs|/3h6hKs/Tc:100,-100(100.000000)
376:Player,BR:0cc/cc/cr9423f:3s9s,6s6d|/JsQsKh/Jh:-100,100(-100.000000)
377:BR,Player:0r130c/cr299c/r753f:4s9c,7sAh|/2c5c6c/2s:529,-529(529.000000)
378:Player,BR:0cc/cc/cr435f:8cQd,7sJc|/5s5hKd/2s:-100,100(-100.000000)
379:BR,Player:0cc/cr130c/r7085f:6h8d,5dQd|/9hQsQh/As:230,-230(230.000000)
380:Player,BR:0cc/cc/cr9423f:4h5d,2c3c|/8cQhAh/9d:-100,100(-100.000000)
381:BR,Player:0r130c/cr690c/r1309r6051f:4sQd,ThTc|/6sTsKh/6d:-2229,2229(-2229.000000)
382:Player,BR:0cc/cc/cc/r130r1001f:2s7d,JdKc|/3s6c9h/3h/Qc:-230,230(-230.000000)
383:BR,Player:0r130c/cc/r871r1659r17240c/cc:3d5c,2d2c|/3c5hAc/Kc/9d:20000,-20000(15202.126640)
384:Player,BR:0cr300c/cc/cr100f:5hQh,9sJh|/5d8dAd/Jd:-400,400(-400.000000)
385:BR,Player:0r200c/cc/r4595f:ThKs,6cAh|/5c8dKd/4h:300,-300(300.000000)
386:Player,BR:0cc/cc/cr379f:4hJs,2h4s|/2c3cTc/2d:-100,100(-100.000000)
387:BR,Player:0f:4d6c,3c9h|:50,-50(50.000000)
388:Player,BR:0cc/cc/r130f:6cTd,7sTc|/3s8dQd/4d:100,-100(100.000000)
389:BR,Player:0r200c/cc/r9241f:7hTc,8sKs|/4s5d9h/9s:300,-300(300.000000)
390:Player,BR:0cc/cc/cr435f:2dQh,8s9c|/6cKdAd/Th:-100,100(-100.000000)
391:BR,Player:0cc/cc/r9423f:9cTd,8hAs|/5s7cJh/7h:100,-100(100.000000)
392:Player,BR:0cr300c/r520c/cr16203f:2d2c,3c6s|/4s4dJd/Th:-920,920(-920.000000)
393:BR,Player:0cc/cr130c/r2014f:4hTc,3sJc|/5cQhQc/Jd:230,-230(230.000000)
394:Player,BR:0cr600c/cc/cr214r346r1793f:2s3h,7cJd|/9hJcAc/6d:-1260,1260(-1260.000000)
395:BR,Player:0cc/cc/r379f:8hJd,3d6s|/9sTcJc/7s:100,-100(100.000000)
396:Player,BR:0cc/cc/r200r371f:5s9s,TdJs|/4h7hTs/3d:-300,300(-300.000000)
397:BR,Player:0r300c/cc/r7045f:9sKd,QsAs|/2s7cTh/8d:400,-400(400.000000)
398:Player,BR:0cc/cc/cr379f:7c8d,JhKc|/3s6hKh/6c:-100,100(-100.000000)
399:BR,Player:0r130c/cc/r327f:QcKd,4cAc|/6d8s8c/Ts:230,-230(230.000000)
400:Player,BR:0cr600c/cc/cr6130f:JsAs,3h4s|/3d8h9d/Ts:-700,700(-700.000000)
401:BR,Player:0r130c/cc/r327c/r3207f:6hKs,9sAd|/7c9cJd/9d/Th:557,-557(557.000000)
402:Player,BR:0cr300c/cc/cc/r800r9137c:8dKd,6dAs|/6cTsKc/9s/6s:-10337,10337(-9664.266357)
403:BR,Player:0r130c/cr299c/r4028f:6cQh,7dKc|/4s8cTh/Qc:529,-529(529.000000)
404:Player,BR:0cc/cc/r200r5284f:JdKc,KhAh|/5s8cJs/4d:-300,300(-300.000000)
405:BR,Player:0r200c/cc/r8036f:TsQs,2sKd|/5sKsAs/8s:300,-300(300.000000)
406:Player,BR:0cr600c/r910c/cr2291c/cr8444f:3cKc,3h9d|/8s8cQh/7c/6h:-3901,3901(-3901.000000)
407:BR,Player:0r130c/cc/r4051f:8s9h,5sKd|/8cJhQh/6s:230,-230(230.000000)
408:Player,BR:0cr300c/cc/r200r425c/cr11870f:JsQs,4h7s|/7cQdKh/Td/5s:-1025,1025(-1025.000000)
409:BR,Player:0r130c/cc/r498f:7dAh,TsAd|/2h4hKd/Kh:230,-230(230.000000)
410:Player,BR:0cc/cc/r600r6130f:7c9d,6cQd|/5s8cKh/3c:-700,700(-700.000000)
411:BR,Player:0f:4s7c,3c6d|:50,-50(50.000000)
412:Player,BR:0cc/cc/cr124f:5h7c,3dAd|/3sQhQd/9d:-100,100(-100.000000)
413:BR,Player:0r200c/cc/r5284f:2dAh,4hKs|/2c5cQd/6c:300,-300(300.000000)
414:Player,BR:0cr300c/cc/r200r200f:QdKd,6cTh|/4h6dAc/2h:-600,600(-600.000000)
415:BR,Player:0r130c/cr460c/r488c/r1928f:TsQs,5h8c|/4d7sAc/5s/Tc:1178,-1178(1178.000000)
416:Player,BR:0cr300c/cc/r800r5224f:8cKc,7dAd|/4d7sTs/5c:-1200,1200(-1200.000000)
417:BR,Player:0r130c/cr460c/r6042f:3s8c,9dJc|/3d6hAd/Ts:690,-690(690.000000)
418:Player,BR:0cr600c/cc/r350r2614f:9sAs,2h6d|/7s7hJs/Jd:-1050,1050(-1050.000000)
419:BR,Player:0f:8hTs,2c9h|:50,-50(50.000000)
420:Player,BR:0cr300c/cc/cr569f:7hTh,8hAs|/7dJhQd/Jd:-400,400(-400.000000)
421:BR,Player:0cc/cc/r124c/r5218f:6cKs,6sAh|/9cTsKd/Jd/6d:224,-224(224.000000)
422:Player,BR:0cr300c/r800c/r1560r6870f:TcQh,5cJc|/3sQsQc/7s:-2760,2760(-2760.000000)
423:BR,Player:0cc/cc/r435f:5d7h,2dKs|/6cTcQs/3s:100,-100(100.000000)
424:Player,BR:0cc/cc/cr876f:6cKs,7s8h|/4sThQd/3d:-100,100(-100.000000)
425:BR,Player:0r130c/cc/r2014f:7sAs,5sQd|/2c6c8h/4d:230,-230(230.000000)
426:Player,BR:0cr300c/cc/cr7045f:KsKd,3h8h|/5c9hAs/2s:-400,400(-400.000000)
427:BR,Player:0r130c/cr690c/r4005f:8s9h,7cJc|/2c6h8h/Ts:920,-920(920.000000)
428:Player,BR:0cr300c/cc/r200r369f:6d9c,5s5c|/2s8dKh/8c:-600,600(-600.000000)
429:BR,Player:0r130c/cr460c/r3004f:7sTc,TsKd|/4c7d9d/6c:690,-690(690.000000)
430:Player,BR:0cr200c/cc/r150r3940f:5s8s,9dJh|/4c8cKh/Ks:-450,450(-450.000000)
431:BR,Player:0r130c/cr460c/r982f:7hTd,8cQs|/4s4dJh/4h:690,-690(690.000000)
432:Player,BR:0cr200c/cc/r150r1959f:5h6h,3s3d|/2d5dKh/8c:-450,450(-450.000000)
433:BR,Player:0r130c/cr299c/r100c/cr829r2075r9589f:JdKs,3h5c|/3c5d9c/5h/Ac:-3533,3533(-3533.000000)
434:Player,BR:0cc/cc/cr9423f:2dQs,3d7h|/KhKcAc/6c:-100,100(-100.000000)
435:BR,Player:0r130c/cr299c/r100f:8cKc,4s8d|/3h5sQc/5d:529,-529(529.000000)
436:Player,BR:0cr600c/r4200c/r6370f:QsQh,4c6h|/4s7sTc/2d:4900,-4900(4900.000000)
437:BR,Player:0r130c/cc/r573c/r2299f:7hAd,7cQd|/8h8d9h/6c/Ac:803,-803(803.000000)
438:Player,BR:0cr600c/cc/cr866c/cc:JdQh,ThKh|/3h3dKs/6c/As:-1566,1566(51.250509)
439:BR,Player:0r130c/cr299c/r186f:5hTd,3d4c|/TcJhKd/Jd:529,-529(529.000000)
440:Player,BR:0cr200c/cc/r150r1959f:QsAh,5d6c|/6s8dTd/7c:-450,450(-450.000000)
441:BR,Player:0cc/cr130c/r1001f:JhAd,5d6c|/4s9sQh/Kc:230,-230(230.000000)
442:Player,BR:0cr300c/r520c/cr3483c/r100r9747r5750c:6h6c,4dJh|/2h4s4h/Kh/Jd:-20000,20000(-20000.000000)
443:BR,Player:0r130c/cc/r4051c/r9266f:2c5d,JsQc|/6h6c9c/Td/7h:4281,-4281(4281.000000)
444:Player,BR:0cc/cc/cr142c/cr9859f:7c9s,2c8h|/5sQsQh/9d/4s:-242,242(-242.000000)
445:BR,Player:0r130c/cr299c/r2303c/cr17168f:7h8c,TdKd|/5dTsTc/2h/6s:-2832,2832(-2832.000000)
446:Player,BR:0cr200c/cc/cr5284f:8h8d,2c8s|/5dQsAc/5c:-300,300(-300.000000)
447:BR,Player:0r130c/cc/r142c/r460c:5sTc,3s6s|/6dTdKd/9s/Ts:832,-832(815.680736)
448:Player,BR:0cr600c/r4200c/r6370f:KsAc,6sJh|/8sQsKd/4h:4900,-4900(4900.000000)
449:BR,Player:0r200c/cr390c/r6042f:4cJd,5hKc|/6cTdKd/7h:690,-690(690.000000)
450:Player,BR:0cr300c/cc/cr3503f:9dKd,4c5s|/2s2hJh/Ac:-400,400(-400.000000)
451:BR,Player:0r130c/cc/r4051f:6hKd,6c7c|/3h6dQh/Jh:230,-230(230.000000)
452:Player,BR:0cc/cc/r130r327f:2c6d,5h6s|/7s7hQd/8d:-230,230(-230.000000)
453:BR,Player:0r200c/cc/r1306f:5s7c,7s9s|/4dJsAs/2c:300,-300(300.000000)
454:Player,BR:0cr600c/r1400c/r1050f:8h9h,8cAd|/3h5h9d/2s:2100,-2100(2100.000000)
455:BR,Player:0f:5hJd,2c8d|:50,-50(50.000000)
456:Player,BR:0cr200c/r390c/cr243c/cr873f:JhAs,6c9c|/3h4dTs/2h/3s:-933,933(-933.000000)
457:BR,Player:0cc/cc/r8194f:5d7h,3c4h|/2d7d8d/3h:100,-100(100.000000)
458:Player,BR:0cr200c/cc/cr2627f:6s6h,4dQd|/3h3c8s/Js:-300,300(-300.000000)
459:BR,Player:0r130c/cr460c/r3004f:5cAd,2d9d|/3s5h6c/4c:690,-690(690.000000)
460:Player,BR:0cr300c/r520c/r1196r3011f:TcJs,9hQc|/2s3s3c/Qs:-2116,2116(-2116.000000)
461:BR,Player:0cc/cr130c/cc/r2014f:5hQd,5dAh|/2c8dTh/Tc/3h:230,-230(230.000000)
462:Player,BR:0cc/cc/r200r200f:3h9h,7hJh|/2c6d8c/7c:-300,300(-300.000000)
463:BR,Player:0r130c/cc/r4051f:2s6s,8cKs|/8hJhAd/5h:230,-230(230.000000)
464:Player,BR:0cc/cc/cr379f:4cKh,8cJs|/5hTsTh/8s:-100,100(-100.000000)
465:BR,Player:0r200c/cr390c/r243f:TcKs,7sQd|/6h9h9d/5d:690,-690(690.000000)
466:Player,BR:0cr600c/cc/r1400r1400r2800r2800f:2s9s,6d9d|/7hJhAh/4h:-6300,6300(-6300.000000)
467:BR,Player:0cc/cr130c/r7085f:5sTh,QdKh|/7hTsKd/4s:230,-230(230.000000)
468:Player,BR:0cr130c/cc/r115r6076f:9sAh,6sJh|/2d5dTs/5c:-345,345(-345.000000)
469:BR,Player:0r130c/cr460c/r982f:3s6c,9dTc|/2h7hQs/Ks:690,-690(690.000000)
470:Player,BR:0cr300c/cc/r200r10567f:5d9d,6cTd|/6hKcAc/3s:-600,600(-600.000000)
471:BR,Player:0r200c/cc/r427c/r8419r10854f:5hTc,7s8d|/5s8sJc/8h/7d:-9146,9146(-9146.000000)
472:Player,BR:0cr200c/r390c/cr982f:3c6h,4h4d|/8d9hAh/Kd:-690,690(-690.000000)
473:BR,Player:0cc/cr200c/r212f:4hTs,5s9h|/3dTdJs/2s:300,-300(300.000000)
474:Player,BR:0cc/cc/cr1761f:7dQd,JsQc|/6h7s9c/Ks:-100,100(-100.000000)
475:BR,Player:0f:JcQs,3c7h|:50,-50(50.000000)
476:Player,BR:0cc/cc/cr761f:3dQc,8dQd|/6cTdQh/Kd:-100,100(-100.000000)
477:BR,Player:0r130c/cc/r2014f:2h3d,7cTs|/6h7d8d/Qd:230,-230(230.000000)
478:Player,BR:0cc/cc/cr124c/cr1483c:5hAd,2c7h|/5d6dKh/7c/2d:-1707,1707(-1330.999854)
479:BR,Player:0r130c/cc/r19770f:5dTd,6sJs|/5hTsKd/Tc:230,-230(230.000000)
480:Player,BR:0cr300c/cc/r520r16203f:TcAc,6s7h|/7cTdKh/3h:-920,920(-920.000000)
481:BR,Player:0r200c/cc/r9241f:7hAs,6sTc|/4s6hQs/2c:300,-300(300.000000)
482:Player,BR:0cc/cc/cr9423f:2c5c,6s9c|/5dThJs/Ah:-100,100(-100.000000)
483:BR,Player:0r130c/cc/r7085f:2dJc,7hQs|/4h9cKd/2s:230,-230(230.000000)
484:Player,BR:0cr130c/cc/r115r3021f:JdKd,2c5s|/6d9sAs/Qh:-345,345(-345.000000)
485:BR,Player:0r130c/cr299c/r2303f:2d3h,9hKh|/2s5c8c/Qd:529,-529(529.000000)
486:Player,BR:0cr300c/cc/r200r854f:2sJs,7cQh|/7d9dJh/8s:-600,600(-600.000000)
487:BR,Player:0r130c/cc/r3522f:5s7h,8cAc|/7s7cJs/8h:230,-230(230.000000)
488:Player,BR:0cc/cc/cr216f:3hTs,4sQc|/4dAhAc/8d:-100,100(-100.000000)
489:BR,Player:0r130c/cr299c/r1317f:6d7s,8h9c|/3d6hAc/Jh:529,-529(529.000000)
490:Player,BR:0cc/cc/cr435f:4dAs,9hKc|/6hThJh/Jd:-100,100(-100.000000)
491:BR,Player:0r130c/cc/r498f:3d7d,9hKc|/3c5s5h/3h:230,-230(230.000000)
492:Player,BR:0cc/cc/cr876f:5hJc,8hTh|/6d7sAh/4s:-100,100(-100.000000)
493:BR,Player:0r130c/cc/cc/r2014f:JdQc,3c4d|/5c7dKc/4h/Kd:230,-230(230.000000)
494:Player,BR:0cr130c/cc/r115r6076f:JhJc,3d8d|/6c7sKs/4c:-345,345(-345.000000)
495:BR,Player:0r130c/cr299c/r753c/r7381f:5sQd,6cQh|/6s6d8d/4d/8h:1282,-1282(1282.000000)
496:Player,BR:0cc/cc/cr3080f:5hAs,4sTh|/9s9dJc/8s:-100,100(-100.000000)
497:BR,Player:0r200c/cr390c/r982f:4c8h,JdAh|/7h7dKs/5h:690,-690(690.000000)
498:Player,BR:0cr300c/cc/r520r8056f:QhKs,8cTd|/6hThJc/Qd:-920,920(-920.000000)
499:BR,Player:0r130c/cc/r2014c/r14858f:5sTh,6cKh|/6h7cQs/Jc/Qh:2244,-2244(2244.000000)
500:Player,BR:0cc/cc/cr876f:6d7c,8hAh|/9sTsJd/5s:-100,100(-100.000000)
501:BR,Player:0cc/cr130c/cc/r1001f:4cKh,QsKc|/6h8dTh/2c/Ac:230,-230(230.000000)
502:Player,BR:0cc/cc/cr9423f:4cJd,3s4h|/2cThAc/8d:-100,100(-100.000000)
503:BR,Player:0r130c/cc/r871c/r1030c:5d7h,6hQd|/2h6s7c/2c/Ks:2131,-2131(1282.744407)
504:Player,BR:0cc/cc/cr379f:5dQc,ThJc|/3s6s6h/Js:-100,100(-100.000000)
505:BR,Player:0f:4dJd,2d5c|:50,-50(50.000000)
506:Player,BR:0cc/cc/cr142f:4s9d,8sKs|/7hJsQh/2c:-100,100(-100.000000)
507:BR,Player:0r130c/cr299c/r162c/cc:KhAh,2hAs|/2c3d4h/4d/9h:-691,691(335.154605)
508:Player,BR:0cr200c/r390c/r345f:TcAc,5hTd|/4sTsAs/Qh:690,-690(690.000000)
509:BR,Player:0r130c/cr299c/r4632f:5s6d,6hQd|/3h7dKh/9c:529,-529(529.000000)
510:Player,BR:0cc/cc/cr9423f:5cTd,2s3h|/ThKsAh/4c:-100,100(-100.000000)
511:BR,Player:0r130c/cc/r3522f:6dJs,3s9s|/6h6c7d/Kc:230,-230(230.000000)
512:Player,BR:0cc/cc/cr3080f:3d9s,3c6s|/3h4s8h/Ks:-100,100(-100.000000)
513:BR,Player:0f:8cAc,2cTd|:50,-50(50.000000)
514:Player,BR:0cr300c/cc/r200c/cr10567f:JsAd,JdKd|/2s2cTd/7s/4h:-600,600(-600.000000)
515:BR,Player:0r130c/cr690c/r4005f:6s9s,6d9d|/3d4hAc/Ts:920,-920(920.000000)
516:Player,BR:0cc/cc/cr761f:2sQc,QhQd|/3s6cTh/2c:-100,100(-100.000000)
517:BR,Player:0r130c/cr299c/r162r260r19049c/cc:9h9d,5c8h|/KhKcAc/8s/5d:20000,-20000(20000.000000)
518:Player,BR:0cr200c/cc/cr9241f:7s9c,9sKs|/3d7c8s/2h:-300,300(-300.000000)
519:BR,Player:0r200c/cc/r1306f:TsAh,8hAd|/2s3h9d/6c:300,-300(300.000000)
520:Player,BR:0cr130c/r299c/r687r3027f:9cQc,TdKc|/2h3cQs/Ts:-1216,1216(-1216.000000)
521:BR,Player:0r130c/cc/r498c/r12822f:JsJd,5hJc|/8s9dTh/8c/Td:728,-728(728.000000)
522:Player,BR:0cc/cc/cr3080f:2c9s,2h3d|/7hThAd/Td:-100,100(-100.000000)
523:BR,Player:0r130c/cr299c/r4632f:2sKc,6dAh|/4h5cTs/2c:529,-529(529.000000)
524:Player,BR:0cr600c/cc/r140r3657f:JdAh,3c5s|/3s8dTc/6h:-840,840(-840.000000)
525:BR,Player:0cc/cc/r9423f:8c9h,9cQs|/2c7cJc/4d:100,-100(100.000000)
526:Player,BR:0cr300c/r520c/r1196r1196f:3s5s,3hQs|/4d4c6c/Kh:-2116,2116(-2116.000000)
527:BR,Player:0r130c/cr460c/r243r2172f:5sKc,4c6d|/2h5h9c/3s:-933,933(-933.000000)
528:Player,BR:0cc/cc/cr876f:7cAs,5sQh|/6c7hJs/6d:-100,100(-100.000000)
529:BR,Player:0r130c/cr299c/r4632f:2h7c,KsAd|/2d9cAh/8s:529,-529(529.000000)
530:Player,BR:0cc/cc/r130r2014f:7d8c,7hKc|/6c8s9h/3c:-230,230(-230.000000)
531:BR,Player:0r200c/cc/r2627f:6d8h,8d9s|/QdKcAc/5h:300,-300(300.000000)
532:Player,BR:0cr200c/cc/cr9241f:4c7h,7dTh|/4hJdKs/Qh:-300,300(-300.000000)
533:BR,Player:0r200c/cr390c/r100r1694f:3h6d,4cAs|/4hTcAh/9c:-790,790(-790.000000)
534:Player,BR:0cc/cc/cr3080f:7s9c,3c9s|/5s6h7d/4c:-100,100(-100.000000)
535:BR,Player:0f:3h6c,2h8d|:50,-50(50.000000)
536:Player,BR:0cr300c/cc/r800r5224f:5c8s,TsAs|/2c6s7h/8c:-1200,1200(-1200.000000)
537:BR,Player:0r200c/cr390c/cr2070r3928f:6c9d,KsAh|/3d9sKd/Js:2760,-2760(2760.000000)
538:Player,BR:0cc/cc/r130r14250r5520c/cc:3h4c,5cJh|/4h8hQh/3s/7d:20000,-20000(20000.000000)
539:BR,Player:0r130c/cc/r142c/r2833f:3sQh,7dQc|/3cKhKc/5h/3d:372,-372(372.000000)
540:Player,BR:0cr600c/cc/r350r9194f:5sAd,4h7c|/2hTcAs/4c:-1050,1050(-1050.000000)
541:BR,Player:0cc/cr600c/r1742f:9h9d,7hTd|/2d3hJd/Ts:700,-700(700.000000)
542:Player,BR:0cr300c/cc/r1200r14010f:4sAs,2sQh|/2h5c8c/Kh:-1600,1600(-1600.000000)
543:BR,Player:0r130c/cc/r3522f:JcAh,QdAd|/4c8dJh/5s:230,-230(230.000000)
544:Player,BR:0cr200c/r390c/r897r897f:ThJc,4s5d|/4d7hQd/Ac:-1587,1587(-1587.000000)
545:BR,Player:0r200c/cc/r1306f:6cQh,ThTd|/7sKdAs/5d:300,-300(300.000000)
546:Player,BR:0cc/cc/cr3080f:2d9s,9hJc|/2c4s6d/Th:-100,100(-100.000000)
547:BR,Player:0r130c/cr299c/r655f:8hAh,6sQh|/2d5c9d/Ad:529,-529(529.000000)
548:Player,BR:0cr200c/cc/r900r4543f:8cJc,5dQh|/3h5s9s/Qc:-1200,1200(-1200.000000)
549:BR,Player:0r130c/cc/r7085f:3sTd,6h9h|/2c6c8s/8c:230,-230(230.000000)
550:Player,BR:0cr300c/cc/r800r800c/cc:QcKc,TdQh|/6s8cKh/9c/Ac:2000,-2000(1808.858329)
551:BR,Player:0cc/cc/r8194f:5sKc,2hJs|/5dJcAc/6d:100,-100(100.000000)
552:Player,BR:0cc/cc/r130r130f:4d5h,3sAc|/5cThQd/2d:-230,230(-230.000000)
553:BR,Player:0r130c/cr299c/r655f:TsQs,5cJc|/3c6hTh/As:529,-529(529.000000)
554:Player,BR:0cr200c/r600c/r1800r5844f:8sTs,4cKh|/9dQcKc/7h:-2700,2700(-2700.000000)
555:BR,Player:0f:5cKs,2s4h|:50,-50(50.000000)
556:Player,BR:0cr300c/r520c/cr324f:JsQd,8cAh|/6d7sKh/5h:-920,920(-920.000000)
557:BR,Player:0r130c/cc/r4051f:5sKc,4dAh|/6d9sJs/5h:230,-230(230.000000)
558:Player,BR:0cc/cc/cr435f:6h8s,6d7d|/2h3dKh/Ac:-100,100(-100.000000)
559:BR,Player:0r200c/cc/r427f:TdAh,8c9c|/4d6dJd/Qs:300,-300(300.000000)
560:Player,BR:0cr600c/cc/r910r2291c/r1895r8249f:AdAc,ThTc|/2d7s8d/Jd/5s:-5796,5796(-5796.000000)
561:BR,Player:0r130c/cc/r285c/r7887f:7dKh,6dJh|/6cTcAs/Kd/Qd:515,-515(515.000000)
562:Player,BR:0cr600c/r910c/cr7009f:9hJd,QcAh|/5dKhKd/6h:-1610,1610(-1610.000000)
563:BR,Player:0r130c/cr299c/r186f:2c6c,3hQh|/4s7sAd/7d:529,-529(529.000000)
564:Player,BR:0cc/cc/cr124f:2c4h,3h5s|/6d7d8c/9d:-100,100(-100.000000)
565:BR,Player:0r130c/cr460c/r19310f:6d9s,6cKs|/7s8hQs/Tc:690,-690(690.000000)
566:Player,BR:0cc/cc/cr379c/cr448c:3hQh,9s9c|/3c5cKd/Kh/7c:-927,927(-852.684248)
567:BR,Player:0r130c/cr299c/r100f:7hAc,7cKs|/8sTdQc/2d:529,-529(529.000000)
568:Player,BR:0cr200c/cc/r390r3004f:7sAd,9sTc|/4dKhKd/2d:-690,690(-690.000000)
569:BR,Player:0r130c/cc/r871f:8dKs,4dQd|/4hTsKc/6c:230,-230(230.000000)
570:Player,BR:0cc/cc/cr216f:TcKd,3dQh|/2d3s6c/8c:-100,100(-100.000000)
571:BR,Player:0r200c/cc/r1306c/r14063f:8dKs,5c9d|/8h9hAs/5d/3s:1606,-1606(1606.000000)
572:Player,BR:0cc/cc/cr124f:4hQd,3c6h|/2c6c9c/Ah:-100,100(-100.000000)
573:BR,Player:0r130c/cc/r285c/r554c:9s9d,6d9h|/3h6sQd/3c/4s:1069,-1069(207.013771)
574:Player,BR:0cr600c/r910c/r3220r3220f:9cJh,8cTc|/2c7h8d/5s:-4830,4830(-4830.000000)
575:BR,Player:0cc/cr200c/r244c/r2724f:6d7h,TsJh|/6h9sTd/4d/9d:544,-544(544.000000)
576:Player,BR:0cr200c/cc/r150r1704f:2h4h,2cJc|/8s9cTs/7s:-450,450(-450.000000)
577:BR,Player:0cc/cc/r2679f:6d7c,9sKd|/4d6hAc/5c:100,-100(100.000000)
578:Player,BR:0cc/cc/cr379f:9cJd,8hAd|/5s6s8s/3c:-100,100(-100.000000)
579:BR,Player:0r130c/cc/r14250f:4d8h,9h9d|/JdKsAc/3h:230,-230(230.000000)
580:Player,BR:0cc/cc/cr1532c/r100r4958c:6sQs,KdKc|/2sAsAd/Jd/Ac:-6690,6690(-6690.000000)
581:BR,Player:0r200c/cc/r212c/r274f:4c9d,6c9s|/2s9hQs/Td/8d:512,-512(512.000000)
582:Player,BR:0cr300c/cc/cr3503f:6s6d,4hAs|/9hQsKd/8h:-400,400(-400.000000)
583:BR,Player:0r130c/cc/r7085f:8sTh,QdKs|/3s4c5s/Js:230,-230(230.000000)
584:Player,BR:0cr300c/r520c/r460r6008f:JdQd,4sTc|/3s3dQc/8s:-1380,1380(-1380.000000)
585:BR,Player:0r130c/cc/r871f:4h6c,8s8d|/4c6hAh/Kc:230,-230(230.000000)
586:Player,BR:0cr600c/cc/cr3047f:8d8c,4hQc|/2s2cJc/3d:-700,700(-700.000000)
587:BR,Player:0r200c/cr390c/r854f:TsTc,6sJh|/5s7hAc/Kc:690,-690(690.000000)
588:Player,BR:0cc/cc/cr8194f:6dAs,6s6h|/3d6c9c/Td:-100,100(-100.000000)
589:BR,Player:0cc/cr200c/r1306f:2s5d,3d7d|/TsJdKd/Js:300,-300(300.000000)
590:Player,BR:0cr300c/r520c/r460r460f:3d4h,5sAs|/5hTcAc/8c:-1380,1380(-1380.000000)
591:BR,Player:0r130c/cr299c/r4632f:5h9h,8hTc|/2c4hKd/Ah:529,-529(529.000000)
592:Player,BR:0cr200c/cc/r390r6042r13268f:2cJc,5h6d|/3c7c9h/Ac:6732,-6732(6732.000000)
593:BR,Player:0r300c/cc/r1741f:4s9c,4d8d|/3cThQs/7d:400,-400(400.000000)
594:Player,BR:0cr200c/cc/r600r1114f:4s6c,2c9c|/2h2dJs/3s:-900,900(-900.000000)
595:BR,Player:0r130c/cr460c/cc/r12153f:6cAs,6sAc|/TdKhAd/8d/7d:690,-690(690.000000)
596:Player,BR:0cr300c/cc/cr7045f:7h9c,6cTs|/2s7dAh/3d:-400,400(-400.000000)
597:BR,Player:0r130c/cc/r1001c/r1523c:3d6h,7sQd|/8dQsQc/As/9d:-2754,2754(-2754.000000)
598:Player,BR:0cc/cc/r130r2014f:7cJs,9sKc|/3s5sJd/5h:-230,230(-230.000000)
599:BR,Player:0f:9sJd,3h9c|:50,-50(50.000000)
600:Player,BR:0cc/cc/cr2679f:8dJc,5sTs|/2h8sKs/6s:-100,100(-100.000000)
601:BR,Player:0r130c/cr460c/r3004f:6s8s,5s9s|/3s6cQh/5h:690,-690(690.000000)
602:Player,BR:0cc/cc/cr3080f:6dJh,3d9d|/6c7sJd/3h:-100,100(-100.000000)
603:BR,Player:0cc/cc/r124c/r13879f:5s8c,8s9h|/3d7hQs/5d/2c:224,-224(224.000000)
604:Player,BR:0cc/cc/cr435f:2c4h,7d8s|/3s4cTd/5h:-100,100(-100.000000)
605:BR,Player:0r130c/cc/r6161f:6s7d,7hAd|/3c5s8s/9c:230,-230(230.000000)
606:Player,BR:0cr300c/r520c/r1840r3928f:2cTc,2hAd|/6d9cKh/2d:-2760,2760(-2760.000000)
607:BR,Player:0r130c/cc/r285c/r1695c:TsKs,8hJc|/5dKhAs/Jh/3s:2210,-2210(993.887893)
608:Player,BR:0cc/cc/cr761f:2c7s,3d8d|/3s3h8h/9c:-100,100(-100.000000)
609:BR,Player:0r130c/cr299c/r4632f:2sJs,7d9h|/5c8s9d/Ts:529,-529(529.000000)
610:Player,BR:0cr300c/r520c/cr4005f:2h2c,6cTc|/3d7cJc/8d:-920,920(-920.000000)
611:BR,Player:0r200c/cc/r1136f:AhAd,3hJc|/7d8hQd/5c:300,-300(300.000000)
612:Player,BR:0cr200c/cc/cr747f:8sQh,9cJd|/2hKsAs/Td:-300,300(-300.000000)
613:BR,Player:0r130c/cr299c/r162c/r9202f:8dAc,7s9c|/6dQcAd/5d/Td:691,-691(691.000000)
614:Player,BR:0cr200c/r390c/cr3004f:4cQc,2s5s|/4sTdTc/As:-690,690(-690.000000)
615:BR,Player:0r130c/cc/r1001c/r12396f:5sAh,4h5c|/4d7sTh/3d/2s:1231,-1231(1231.000000)
616:Player,BR:0cc/cc/cr379f:4hJh,2c5d|/5s5c8d/6s:-100,100(-100.000000)
617:BR,Player:0cc/cr300c/r495r1505r1505f:5sKd,6sJs|/4h9sTc/Kc:2400,-2400(2400.000000)
618:Player,BR:0cr600c/cc/cr495f:2s2d,2c8h|/5s7sQh/9c:-700,700(-700.000000)
619:BR,Player:0r200c/cr390c/r488c/r2217f:8c9d,9hTd|/5d9cTs/Jd/8d:1178,-1178(1178.000000)
620:Player,BR:0cr130c/cc/cr871f:6cKd,2dQd|/8d9sAc/Qh:-230,230(-230.000000)
621:BR,Player:0r130c/cr460c/r19310f:2sTd,5hAs|/3c7d8h/Tc:690,-690(690.000000)
622:Player,BR:0cr200c/cc/cr2627f:9dAd,2d8h|/3c7cQh/Td:-300,300(-300.000000)
623:BR,Player:0r130c/cr299c/r100f:3h9c,6hJd|/2dTcKs/7s:529,-529(529.000000)
624:Player,BR:0cr200c/cc/cr1306f:9dQh,TsQc|/7sKhAc/5h:-300,300(-300.000000)
625:BR,Player:0cc/cc/r379f:7dQs,3hJh|/2c4hQd/Ks:100,-100(100.000000)
626:Player,BR:0cc/cc/cr876f:2cJd,6hAh|/6s9sKc/Jc:-100,100(-100.000000)
627:BR,Player:0f:5dQh,2s3c|:50,-50(50.000000)
628:Player,BR:0cr200c/r390c/cr5254f:4s5s,6dAh|/9d9cAs/Jh:-690,690(-690.000000)
629:BR,Player:0r130c/cc/r1001f:4d7s,9sJc|/KdKcAd/9h:230,-230(230.000000)
630:Player,BR:0cr300c/cc/cr495c/cr1685c:JsJd,7c9h|/3s3c7s/6s/9d:2580,-2580(-1192.217226)
631:BR,Player:0r130c/cc/r7085f:5s7s,9dKh|/6cTsQs/3c:230,-230(230.000000)
632:Player,BR:0cr300c/r520c/r1196r3011f:QsKh,4d8h|/2s7dKd/Jh:-2116,2116(-2116.000000)
633:BR,Player:0cc/cc/r435c/cr515r1494f:9hKd,TsJh|/6h9sQs/8s/2s:1050,-1050(1050.000000)
634:Player,BR:0cc/cc/cr3080f:7dJh,6sQc|/7cTdAh/2d:-100,100(-100.000000)
635:BR,Player:0cc/cr130c/r1751c/r5671c:6d6c,JhKh|/6s9hTh/Qc/9c:7652,-7652(7652.000000)
636:Player,BR:0cc/cc/cr142f:6sAd,5hKd|/6h8hTh/7c:-100,100(-100.000000)
637:BR,Player:0r130c/cr299c/r4632f:5h6c,JhAh|/3d8s8c/4d:529,-529(529.000000)
638:Player,BR:0cc/cc/cr9423f:6sQh,4hTh|/5s5c6c/Qd:-100,100(-100.000000)
639:BR,Player:0r130c/cr299c/r2003f:2cQc,6h9d|/2d5cQs/3s:529,-529(529.000000)
640:Player,BR:0cc/cc/cr216f:3s7d,8dJs|/2cJcAh/3c:-100,100(-100.000000)
641:BR,Player:0r130c/cr460c/r243r1447r10361f:3hTd,7dTh|/5hQcKh/Ac:2380,-2380(2380.000000)
642:Player,BR:0cc/cc/cr142c/cr17243f:7sQd,5hTd|/3h9sKc/Qh/4s:-242,242(-242.000000)
643:BR,Player:0f:7cTd,2h9c|:50,-50(50.000000)
644:Player,BR:0cc/cc/cr379f:6dKs,3s9d|/8h9hQs/5s:-100,100(-100.000000)
645:BR,Player:0r130c/cc/r7085f:2h6c,9dJd|/8h9cQc/3d:230,-230(230.000000)
646:Player,BR:0cc/cc/cr124f:3s7c,9h9d|/2cTsKc/6c:-100,100(-100.000000)
647:BR,Player:0r130c/cc/r2014f:7dKs,7cTs|/8sTcQc/Qs:230,-230(230.000000)
648:Player,BR:0cc/cc/cr3080f:3hKd,4c8h|/5s6d9c/3c:-100,100(-100.000000)
649:BR,Player:0r130c/cc/r285c/r1115f:9sQs,7s8h|/4h7dKh/9h/6d:515,-515(515.000000)
650:Player,BR:0cr300c/cc/cr7045f:8dAd,6dQd|/8s8hTc/Td:-400,400(-400.000000)
651:BR,Player:0r130c/cc/r871f:7c9c,3sAd|/9dQsQh/6s:230,-230(230.000000)
652:Player,BR:0cc/cc/cr435f:3h9s,6cKc|/2s7hJh/5h:-100,100(-100.000000)
653:BR,Player:0r130c/cc/r573f:9sTh,6sJs|/7sQdKd/Qh:230,-230(230.000000)
654:Player,BR:0cr600c/r910c/r2093r16297c/cc:2dKd,6s6c|/2h8dKs/6h/9h:-20000,20000(-15973.175415)
655:BR,Player:0f:2h2d,2c9h|:50,-50(50.000000)
656:Player,BR:0cc/cc/cr761f:5cQd,8dAh|/5h6c8h/Ad:-100,100(-100.000000)
657:BR,Player:0cc/cc/r9423f:2c3h,6hQs|/5d8cKs/Ac:100,-100(100.000000)
658:Player,BR:0cc/cc/cr876f:7hAc,2d4s|/6hThJd/3c:-100,100(-100.000000)
659:BR,Player:0f:2s2d,2h9d|:50,-50(50.000000)
660:Player,BR:0cc/cc/cr379c/cr7336f:8d9s,JhJc|/5h9cQh/Qs/Kc:-479,479(-479.000000)
661:BR,Player:0r130c/cc/r14250f:7hTc,3s6s|/JcKhAh/4s:230,-230(230.000000)
662:Player,BR:0cc/cc/cr761f:3sJh,9hAc|/4h9dQc/7d:-100,100(-100.000000)
663:BR,Player:0r200c/cc/r747r1713r12016f:5hKc,6sTd|/4d8dTs/9d:2760,-2760(2760.000000)
664:Player,BR:0cr300c/cc/cr7045f:4h5c,3s7d|/2h8cKs/Td:-400,400(-400.000000)
665:BR,Player:0f:6d8d,2d9s|:50,-50(50.000000)
666:Player,BR:0cr300c/cc/cr19600f:8cQc,5h5c|/5sAsAd/Ts:-400,400(-400.000000)
667:BR,Player:0r130c/cc/r7085f:5hQc,3h7h|/7s9cKd/Th:230,-230(230.000000)
668:Player,BR:0cr200c/r600c/cr15851f:TsAh,3cJc|/5h6h8d/Qc:-900,900(-900.000000)
669:BR,Player:0r130c/cr299c/r162c/r855f:8sKh,4hQc|/9s9dJh/Kc/Ad:691,-691(691.000000)
670:Player,BR:0cc/cc/cr9423f:7c8d,4cKc|/9dAsAd/Th:-100,100(-100.000000)
671:BR,Player:0f:5dTs,2cJs|:50,-50(50.000000)
672:Player,BR:0cc/cc/cr761f:2cJd,6hQc|/5h6s7d/Qd:-100,100(-100.000000)
673:BR,Player:0r130c/cc/r142c/r805c:4sTc,3hAs|/7sTdAd/3d/8s:-1177,1177(201.261622)
674:Player,BR:0cc/cc/cr3080f:8dTc,6sAc|/7s8sTh/3s:-100,100(-100.000000)
675:BR,Player:0f:4h6d,2h3c|:50,-50(50.000000)
676:Player,BR:0cc/cc/cr761f:5cJs,8cKc|/8hAsAc/8d:-100,100(-100.000000)
677:BR,Player:0r130c/cr299c/cr687r5294f:5dJd,7s7h|/5s6cAh/4s:1216,-1216(1216.000000)
678:Player,BR:0cr200c/r600c/r450r11821f:TsKs,5dAs|/JdQcKh/4d:-1350,1350(-1350.000000)
679:BR,Player:0r130c/cc/r1001f:3sJh,4dTs|/5h5dAc/Ad:230,-230(230.000000)
680:Player,BR:0cc/cc/r130r2014f:9dJc,7c8c|/6dJhQh/Th:-230,230(-230.000000)
681:BR,Player:0r130c/cc/r1001c/r14256f:5d8s,TdJs|/6cThAc/7d/5s:1231,-1231(1231.000000)
682:Player,BR:0cc/cc/cr3080f:6cTs,2hAh|/4c5dKc/6h:-100,100(-100.000000)
683:BR,Player:0r130c/cc/r1001f:3h3d,9dKc|/5dThAs/6s:230,-230(230.000000)
684:Player,BR:0cr600c/cc/r140r1040c/cr6189r11931c:QhAd,4hKc|/4d5h7s/5s/5d:-20000,20000(-9339.979576)
685:BR,Player:0r200c/cc/r19700f:4cJc,5s8d|/3sJhJd/Qc:300,-300(300.000000)
686:Player,BR:0cc/cc/r130r7085f:3h5d,4c6c|/8d9cJd/7h:-230,230(-230.000000)
687:BR,Player:0cc/cr130c/r327f:3d9c,4hKc|/4s5cAh/7d:230,-230(230.000000)
688:Player,BR:0cr200c/cc/r390r12153f:7cKc,6dJc|/2cKsAc/6s:-690,690(-690.000000)
689:BR,Player:0r200c/cc/r747c/cc:8cQh,6d9c|/5hJsJh/9d/7d:-1047,1047(-1047.000000)
690:Player,BR:0cc/cc/r200r5284f:8c9d,2dTd|/2c4hKd/Js:-300,300(-300.000000)
691:BR,Player:0r130c/cr299c/r186c/r582f:3sJc,3dQs|/3h8sTc/6c/Jd:715,-715(715.000000)
692:Player,BR:0cc/cc/cc/r130r4051f:6h8s,9d9c|/4cKdAc/Js/2s:-230,230(-230.000000)
693:BR,Player:0cc/cc/r142c/r9859f:2cAc,6c9s|/4h9hQd/2d/7s:242,-242(242.000000)
694:Player,BR:0cc/cc/cr124c/r100r1411f:6c8s,3hTd|/5h5d8d/3s/Ah:-324,324(-324.000000)
695:BR,Player:0r130c/cc/r2014f:7h9c,3dKd|/5s8sTd/3h:230,-230(230.000000)
696:Player,BR:0cc/cc/cr876c/cr12998f:9sQd,JhKs|/7cThTc/9h/8h:-976,976(-976.000000)
697:BR,Player:0r200c/cr600c/r6853f:KsAs,4sQs|/3s5c7d/Ad:900,-900(900.000000)
698:Player,BR:0cr200c/r390c/cr982f:7cAh,4cAd|/2h3sJh/6c:-690,690(-690.000000)
699:BR,Player:0r130c/cc/r1001r3599r6874f:8sKh,6hQs|/7sQdAh/6d:4830,-4830(4830.000000)
700:Player,BR:0cc/cc/cr876f:2dKc,7h8s|/4hTcKh/Th:-100,100(-100.000000)
701:BR,Player:0r130c/cr299c/r753c/r907c:6c8h,7cTh|/7h7dJs/5c/Ad:-2189,2189(-2189.000000)
702:Player,BR:0cc/cc/cc/cr249f:6cJd,2d2c|/6s7h9h/3d/8c:-100,100(-100.000000)
703:BR,Player:0r200c/cc/r244c/r5478f:5c6d,8cAh|/2cTsTc/Ac/Kd:544,-544(544.000000)
704:Player,BR:0cc/cc/cr124c/cc:7d9c,7s8h|/4s8c9d/Jd/4d:224,-224(128.570029)
705:BR,Player:0f:7dQd,2s3h|:50,-50(50.000000)
706:Player,BR:0cr300c/cc/cr7045f:JsAd,2hAc|/3h8c9h/2c:-400,400(-400.000000)
707:BR,Player:0f:8hKh,2d6s|:50,-50(50.000000)
708:Player,BR:0cr300c/r520c/cr8056f:KhAs,6dAd|/7dQsQh/Jd:-920,920(-920.000000)
709:BR,Player:0cc/cc/r100f:4dAs,8cQs|/2hJdKd/Jc:100,-100(100.000000)
710:Player,BR:0cc/cc/cr761f:5dKh,8sTc|/9hThAs/3c:-100,100(-100.000000)
711:BR,Player:0r200c/cc/r747c/r18440f:6cAs,ThAd|/4s8h9s/Jd/6h:1047,-1047(1047.000000)
712:Player,BR:0cc/cc/cr876f:2d7s,3d6s|/5sTsKs/4h:-100,100(-100.000000)
713:BR,Player:0cc/cr130c/r285f:QsAh,5d7s|/2d6h6c/Qc:230,-230(230.000000)
714:Player,BR:0cc/cc/r130r2014c/r1344r5106f:6cQh,4c5d|/QsQdKh/Ad/7c:-3588,3588(-3588.000000)
715:BR,Player:0r130c/cr299c/r4632f:2c8c,4dAh|/7c8d9d/6s:529,-529(529.000000)
716:Player,BR:0cr300c/cc/r520r8056f:7cJc,4cAd|/2h3d8s/4s:-920,920(-920.000000)
717:BR,Player:0cc/cc/r124c/r848f:JdAs,6s6d|/QsKhKc/2c/4s:224,-224(224.000000)
718:Player,BR:0cc/cc/cr8194f:4dKc,TsAh|/2s8cAc/Js:-100,100(-100.000000)
719:BR,Player:0r130c/cc/r163c/cc:6sKh,5hKs|/5d6cAh/Qc/7c:393,-393(27.072935)
720:Player,BR:0cc/cc/r130r4051r11589c/r4130c:5sTc,5dTd|/5h6dJs/2s/7h:0,-0(0.000000)
721:BR,Player:0r130c/cc/r871c/r7290f:6h9s,8hAs|/7h9h9d/5c/2h:1101,-1101(1101.000000)
722:Player,BR:0cr200c/cc/cr2284f:5d7s,ThQd|/5cTdQs/Jc:-300,300(-300.000000)
723:BR,Player:0r130c/cr299c/cc/r1317f:6s6d,6hQc|/7s9h9d/Jh/Ks:529,-529(529.000000)
724:Player,BR:0cc/r130c/r299r299f:2cTh,3hKd|/3s4h5d/8d:-529,529(-529.000000)
725:BR,Player:0r130c/cr460c/r243r2172r2172f:3h9h,2c8c|/9cTsJs/4h:3105,-3105(3105.000000)
726:Player,BR:0cr200c/cc/cr9241f:6cAd,KcAc|/3h3c8h/Qd:-300,300(-300.000000)
727:BR,Player:0r130c/cr460c/r1493f:8dQh,2d5d|/8cQdAc/9h:690,-690(690.000000)
728:Player,BR:0cr200c/cc/cr1136c/cr9508f:9hAs,8hQs|/3h3c5s/8d/Jh:-1436,1436(-1436.000000)
729:BR,Player:0f:5h7d,3h9s|:50,-50(50.000000)
730:Player,BR:0cr200c/cc/r600r7881f:9dTd,2h8h|/4c6s8s/4d:-900,900(-900.000000)
731:BR,Player:0cc/cr300c/cc/r996f:3h5h,4hKs|/5s8dQh/4s/Th:400,-400(400.000000)
732:Player,BR:0cr600c/cc/r350r350f:KsAc,4dTs|/3c5cQh/6h:-1050,1050(-1050.000000)
733:BR,Player:0r130c/cr299c/r19471f:9hTh,JsKh|/3s8dJd/Qs:529,-529(529.000000)
734:Player,BR:0cc/cc/cr124f:7dKc,3c8d|/2s9dQd/3s:-100,100(-100.000000)
735:BR,Player:0r130c/cc/r498f:JcAc,7s8c|/3dQcAh/Qh:230,-230(230.000000)
736:Player,BR:0cc/cc/cr124f:3cAh,6s9h|/7s8s8c/9c:-100,100(-100.000000)
737:BR,Player:0r130c/cc/r7085f:4c9c,6sTh|/7c8sAd/Qd:230,-230(230.000000)
738:Player,BR:0cr300c/cc/cr246c/cr4919f:8sAc,6hTs|/5s6dAd/9h/6c:-646,646(-646.000000)
739:BR,Player:0r130c/cc/r2014f:5s7c,5hJd|/2c4dQc/Jc:230,-230(230.000000)
740:Player,BR:0cc/cc/cr1761f:9dKh,3d4h|/2d3s5s/Jd:-100,100(-100.000000)
741:BR,Player:0r130c/cc/r573c/r16264f:5d5c,9sJh|/4c7sTs/Qd/4s:803,-803(803.000000)
742:Player,BR:0cc/cc/cr435f:2h4s,5sTc|/8cKhKc/3d:-100,100(-100.000000)
743:BR,Player:0r130c/cr299c/r753c/r2775c:2d8s,7hKs|/2h4d6d/5h/3c:-4057,4057(-4057.000000)
744:Player,BR:0cc/cc/cr379c/cr784f:2c8s,9hAs|/2d4cAc/Jd/7s:-479,479(-479.000000)
745:BR,Player:0r130c/cc/r285c/r19485f:7hKd,3h5c|/2d3c6d/Kh/6c:515,-515(515.000000)
746:Player,BR:0cr300c/r520c/r1840r6870f:ThJd,6dKs|/4h7sQc/2c:-2760,2760(-2760.000000)
747:BR,Player:0r200c/cc/r9241f:4c5d,9dQd|/6d6cQc/9s:300,-300(300.000000)
748:Player,BR:0cc/cc/cc/cr1761f:3sAd,7dJc|/5hThQs/3c/9c:-100,100(-100.000000)
749:BR,Player:0r130c/cc/r327f:JcAc,5dQc|/2d8s9d/7s:230,-230(230.000000)
750:Player,BR:0cr600c/cc/cr1515f:7cKc,2dQh|/2c3h4s/8s:-700,700(-700.000000)
751:BR,Player:0r200c/cc/r1306f:2s7c,7h7d|/4dJcAh/9d:300,-300(300.000000)
752:Player,BR:0cr600c/cc/r910r910f:JsKs,3cAs|/4d5sJc/Ah:-1610,1610(-1610.000000)
753:BR,Player:0r130c/cr299c/r186c/r7200f:2h4d,5hAh|/3d5dJd/Js/2s:715,-715(715.000000)
754:Player,BR:0cc/cc/r130r1001f:2d3s,6sKs|/4cAsAd/Qs:-230,230(-230.000000)
755:BR,Player:0r130c/cc/r4051f:8hKd,7dAd|/3s9dAs/Qc:230,-230(230.000000)
756:Player,BR:0cr130c/r460c/r897r897f:4h8h,6s9c|/2d5dAs/6d:-1587,1587(-1587.000000)
757:BR,Player:0r130c/cr460c/r6042f:4dKd,9hQc|/2hJcQd/8d:690,-690(690.000000)
758:Player,BR:0cc/cc/cr761f:6dJs,3cTc|/3hTsKs/2h:-100,100(-100.000000)
759:BR,Player:0r130c/cc/r14250f:6sTs,7hTd|/3s3hQc/4c:230,-230(230.000000)
760:Player,BR:0cr300c/cc/cr3503f:5cQc,2d9h|/5h6hJc/6d:-400,400(-400.000000)
761:BR,Player:0r200c/cc/r427f:2d8c,4cTh|/6s7dJs/4d:300,-300(300.000000)
762:Player,BR:0cc/cc/r130r1001f:4hJd,2s3h|/7hJcKs/5c:-230,230(-230.000000)
763:BR,Player:0r130c/cc/r1001f:5sQs,6cJd|/3h7d9s/3d:230,-230(230.000000)
764:Player,BR:0cc/cc/cr876f:4cKs,4hJd|/5h8cTh/8h:-100,100(-100.000000)
765:BR,Player:0f:4hQs,2c3d|:50,-50(50.000000)
766:Player,BR:0cr200c/r390c/cr6042f:4c5c,5dAd|/2hQdKs/Ts:-690,690(-690.000000)
767:BR,Player:0r200c/cr390c/r982f:ThJh,9hTd|/6s6cQh/Ad:690,-690(690.000000)
768:Player,BR:0cc/cc/cr249c/cr16350f:5sQh,7cKd|/JcQsQc/8d/Kc:-349,349(-349.000000)
769:BR,Player:0cc/cc/r1761f:5cQh,9sAc|/4d6d7h/As:100,-100(100.000000)
770:Player,BR:0cc/cc/cr1761f:6hJs,2s5s|/4s4cTh/Kh:-100,100(-100.000000)
771:BR,Player:0r130c/cr299c/r2303f:5s6d,9cQc|/3c4s4d/9d:529,-529(529.000000)
772:Player,BR:0cc/cc/cr2679f:5h8s,3s7h|/7d7c8c/Qc:-100,100(-100.000000)
773:BR,Player:0r130c/cr299c/r2303f:3h8h,9dTh|/2s6dJc/7d:529,-529(529.000000)
774:Player,BR:0cc/cc/r200r2284r5816r9039c/cc:6dAs,JsJd|/9hThKc/Jc/4c:-17439,17439(-17439.000000)
775:BR,Player:0cc/cr200c/r1306f:3hJd,9sQd|/2s5d7d/6s:300,-300(300.000000)
776:Player,BR:0cc/cc/cr876f:4s7c,7h9s|/4h6cJh/Th:-100,100(-100.000000)
777:BR,Player:0r130c/cc/r4051f:3cTd,7d7c|/4h9dKc/Ad:230,-230(230.000000)
778:Player,BR:0cr300c/cc/cr283c/cr1286f:7s8d,4hTc|/2c7hAs/9s/4c:-683,683(-683.000000)
779:BR,Player:0f:2s6c,4s9d|:50,-50(50.000000)
780:Player,BR:0cc/cc/cr876f:3cTd,5s6d|/5c7cQc/4d:-100,100(-100.000000)
781:BR,Player:0r200c/cc/r9241f:4h8h,6hTs|/2s7d9d/3d:300,-300(300.000000)
782:Player,BR:0cc/cc/r130r7085c/cc:3cKh,ThAs|/6cJdKd/3h/Kc:7315,-7315(7315.000000)
783:BR,Player:0r130c/cc/r498f:QsQd,5hKc|/2c9s9c/6h:230,-230(230.000000)
784:Player,BR:0cr130c/r299c/cr655f:9cTc,2sAc|/2d5s5c/Ah:-529,529(-529.000000)
785:BR,Player:0f:4h6h,2c6s|:50,-50(50.000000)
786:Player,BR:0cc/cc/cr9423f:2d9c,6hAc|/9sKsKd/8d:-100,100(-100.000000)
787:BR,Player:0r130c/cr299c/cr687r1731f:7h7c,JcKd|/5sTdJs/4s:1216,-1216(1216.000000)
788:Player,BR:0cr300c/cc/r800r800c/cr1231f:QdQc,4s4c|/3s7d8s/2s/Kc:-2000,2000(-2000.000000)
789:BR,Player:0f:4cJc,2d9h|:50,-50(50.000000)
790:Player,BR:0cr600c/cc/cr866c/cr1685r5149r10395f:TcKc,8hKd|/4sQsKs/2d/5d:-8400,8400(-8400.000000)
791:BR,Player:0r130c/cc/r1751f:8dAs,6s7h|/2d3cJc/Ad:230,-230(230.000000)
792:Player,BR:0cr300c/cc/cr18740f:QhQc,8d8c|/5dThAd/5s:-400,400(-400.000000)
793:BR,Player:0r130c/cr690c/r1139r2173r2173f:2h8s,6dKc|/3s4h5s/Ad:4232,-4232(4232.000000)
794:Player,BR:0cc/cc/cr142f:7h9s,2hQc|/2sThAc/3s:-100,100(-100.000000)
795:BR,Player:0r300c/cr1200c/r984f:3s7h,4dQc|/7c9dJs/2c:1600,-1600(1600.000000)
796:Player,BR:0cc/cc/cr379c/cr16969f:5cAh,6sQs|/4h5sJh/Qh/2c:-479,479(-479.000000)
797:BR,Player:0f:5dTs,3cTh|:50,-50(50.000000)
798:Player,BR:0cr300c/cc/r200r16072f:5dAd,6dJs|/2s2d9c/4c:-600,600(-600.000000)
799:BR,Player:0r200c/cc/cr150r19550f:QsKc,6d7h|/6c8h9c/3h:450,-450(450.000000)
800:Player,BR:0cc/cc/cr435f:8sTd,5sAc|/6sTsJh/3c:-100,100(-100.000000)
801:BR,Player:0cc/cr130c/r1001f:6sQc,5sAh|/9sQdAc/Js:230,-230(230.000000)
802:Player,BR:0cc/cc/r130r12392f:6h7d,3s4h|/3h4s4c/As:-230,230(-230.000000)
803:BR,Player:0f:5hTh,3h7c|:50,-50(50.000000)
804:Player,BR:0cc/cc/cr3080f:2c5s,4h6c|/2h7d9d/6d:-100,100(-100.000000)
805:BR,Player:0r130c/cr460c/r243r3207r3207f:5s9h,2s9s|/2d5d8h/Jc:4140,-4140(4140.000000)
806:Player,BR:0cc/cc/r200r2627f:5d8h,3d8c|/2s2d4s/Kd:-300,300(-300.000000)
807:BR,Player:0r200c/cc/r1306f:4cKs,8hQc|/6h8c9h/9c:300,-300(300.000000)
808:Player,BR:0cr300c/cc/cr3503f:7cAc,3dQh|/3s8sJd/6d:-400,400(-400.000000)
809:BR,Player:0r130c/cc/r1001f:2h8d,2cJd|/5h7hTc/3c:230,-230(230.000000)
810:Player,BR:0cc/cc/cr876f:2dQc,4h9d|/3c8dKc/7h:-100,100(-100.000000)
811:BR,Player:0r130c/cc/r2014f:7h9d,4c6c|/5s7s8h/Ts:230,-230(230.000000)
812:Player,BR:0cc/cc/cr3080f:6c8d,5sAd|/2c6dJc/9s:-100,100(-100.000000)
813:BR,Player:0r200c/cc/r16163f:6sQs,4s7d|/2d7c9s/3s:300,-300(300.000000)
814:Player,BR:0cc/cc/r130r7085f:7hAs,2hTd|/3sQcAd/6s:-230,230(-230.000000)
815:BR,Player:0r130c/cr299c/r9317f:8sAc,KsAs|/4sJhKc/Td:529,-529(529.000000)
816:Player,BR:0cc/cc/cr124f:3dKc,9s9h|/2dThJd/7c:-100,100(-100.000000)
817:BR,Player:0cc/cc/r435f:4s8d,5cAh|/8cQsKs/3s:100,-100(100.000000)
818:Player,BR:0cc/cc/cr3080f:5sQd,4hQs|/5d6d7d/Ac:-100,100(-100.000000)
819:BR,Player:0r200c/cr390c/r2612c/r16698f:4c8c,6c7d|/3c4s4h/Qs/8d:3302,-3302(3302.000000)
820:Player,BR:0cr300c/cc/cr16295f:6cQc,5s6d|/2d6sTs/5c:-400,400(-400.000000)
821:BR,Player:0r130c/cc/r1001f:6d9h,4d7c|/3s6sJc/7s:230,-230(230.000000)
822:Player,BR:0cc/cc/r130c/r690r16203f:6d9d,4c9h|/5d9sKd/3s/8d:-920,920(-920.000000)
823:BR,Player:0r130c/cc/r7085f:9hJd,2sAc|/6sTsKh/2h:230,-230(230.000000)
824:Player,BR:0cr300c/cc/r200r854c/cr3147f:ThKh,7hJc|/4hQdAh/As/5c:-1454,1454(-1454.000000)
825:BR,Player:0cc/cc/r876f:8dJs,8sQc|/7hKsKc/6d:100,-100(100.000000)
826:Player,BR:0cc/cc/r130r2014f:3c8s,6dKc|/2h7h9d/5h:-230,230(-230.000000)
827:BR,Player:0r200c/cc/r2627f:2cKc,TsKs|/6h8dQd/4s:300,-300(300.000000)
828:Player,BR:0cc/cc/cr3080f:3c9h,2d4d|/9cTcAc/4h:-100,100(-100.000000)
829:BR,Player:0r130c/cr299c/r2303c/r10721f:6hQh,5sKc|/2c3c9c/Kd/3h:2832,-2832(2832.000000)
830:Player,BR:0cc/cc/cr1761f:5cQd,9cKs|/2sJsQh/Ac:-100,100(-100.000000)
831:BR,Player:0f:6dJc,2sTh|:50,-50(50.000000)
832:Player,BR:0cr130c/cc/cc/r299f:AhAc,2hJs|/3c9h9d/Ks/6c:230,-230(230.000000)
833:BR,Player:0r130c/cc/r2014f:4s8h,5h9c|/7s7h9s/6d:230,-230(230.000000)
834:Player,BR:0cr200c/cc/cr2627f:TcQc,2cAh|/4h9h9c/3h:-300,300(-300.000000)
835:BR,Player:0r130c/cr690c/r3483f:9cAh,4dTc|/5dKdAc/Ts:920,-920(920.000000)
836:Player,BR:0cr200c/cc/r150r3426f:6sQs,5cAs|/2h5sAh/Td:-450,450(-450.000000)
837:BR,Player:0cc/cr130c/r327f:4d5c,4s9h|/2c7hTd/6s:230,-230(230.000000)
838:Player,BR:0cc/cc/cr3080f:6hJc,5c8s|/3s4s9c/3h:-100,100(-100.000000)
839:BR,Player:0cc/cr130c/r498f:9hKc,3s6c|/4cTsQh/Kd:230,-230(230.000000)
840:Player,BR:0cc/cc/cr124c/cr241c:7sTc,7dKs|/5cTdAc/Kh/2h:-465,465(-429.026461)
841:BR,Player:0cc/cr130c/r4051f:2hQh,3sTh|/3c4h6d/Ah:230,-230(230.000000)
842:Player,BR:0cr300c/cc/r200r4569c/cr12866c:7h8s,9dQc|/5d7cQs/4h/5s:-18035,18035(-8043.883782)
843:BR,Player:0f:3h8c,2cTd|:50,-50(50.000000)
844:Player,BR:0cr300c/cc/r200c/cr425f:7dKc,6c9h|/9dTdQs/Kh/Ad:-600,600(-600.000000)
845:BR,Player:0r130c/cc/r7085f:5cQh,KsAs|/4d7d8c/Th:230,-230(230.000000)
846:Player,BR:0cr300c/r520c/cr651c/cr2957f:QsQd,8cJs|/4cThTc/7c/4s:-1571,1571(-1571.000000)
847:BR,Player:0r130c/cc/r4051f:9cKd,TcQc|/4s6c7h/5s:230,-230(230.000000)
848:Player,BR:0cr300c/cc/cr283c/cr735f:ThKh,3d4c|/5hAdAc/7d/7s:-683,683(-683.000000)
849:BR,Player:0r130c/cr299c/r2303f:2cKh,9hJd|/4h6s6h/2h:529,-529(529.000000)
850:Player,BR:0cc/cc/cr1761f:2c4h,TcJc|/5c6hKd/Kh:-100,100(-100.000000)
851:BR,Player:0cc/cr130c/r14250f:2sTs,5cQs|/3h9cJd/5d:230,-230(230.000000)
852:Player,BR:0cr300c/cc/r200r5254f:3hTh,7sQh|/2hKsAs/Kd:-600,600(-600.000000)
853:BR,Player:0r130c/cc/r7085f:2c6d,8hAd|/TsJcKd/Kc:230,-230(230.000000)
854:Player,BR:0cr200c/cc/r150r7926f:9hTd,4cAc|/7dTsJd/8s:-450,450(-450.000000)
855:BR,Player:0f:KcAs,2h9c|:50,-50(50.000000)
856:Player,BR:0cc/cc/cr100f:2c3h,QhAh|/6cJcKd/6h:-100,100(-100.000000)
857:BR,Player:0r130c/cr690c/r4005f:7sQd,JdAc|/9cQcAh/2c:920,-920(920.000000)
858:Player,BR:0cr200c/cc/cr371r1129r2562f:6hAd,5hKd|/8hJhQc/Kh:-1800,1800(-1800.000000)
859:BR,Player:0r200c/cr390c/r488f:TsAs,7hJc|/3h9h9d/Qh:690,-690(690.000000)
860:Player,BR:0cc/cc/cr1761f:2cAd,4d8c|/5cTcQc/5s:-100,100(-100.000000)
861:BR,Player:0f:5s6d,2h6s|:50,-50(50.000000)
862:Player,BR:0cc/cc/cr1761f:7dTd,3s4c|/8dKsKd/7h:-100,100(-100.000000)
863:BR,Player:0r130c/cc/r4051f:4c5c,2h2d|/6c9hAs/Kd:230,-230(230.000000)
864:Player,BR:0cr200c/cc/r390r1718f:9dTh,4sKh|/2d3s9s/Jc:-690,690(-690.000000)
865:BR,Player:0cc/cr200c/r9241f:5cAc,3sQc|/4s6cTc/Qh:300,-300(300.000000)
866:Player,BR:0cr300c/cc/cr12322c/r7278f:KdKc,TdJs|/2d3h7s/3d/7d:12722,-12722(12722.000000)
867:BR,Player:0r200c/cc/r1306c/cc:3c8c,5sAd|/4hKsKd/2c/Ah:-1606,1606(-1606.000000)
868:Player,BR:0cc/cc/r130r4051f:6dJc,4d6c|/9cTsKd/3s:-230,230(-230.000000)
869:BR,Player:0r130c/cr299c/r14170f:3hTs,6sKh|/3c6hKs/Td:529,-529(529.000000)
870:Player,BR:0cc/cc/r200r747f:7dJc,8dAs|/3c6s6h/7s:-300,300(-300.000000)
871:BR,Player:0cc/cc/r9423f:9hKc,JhQs|/2cTdAd/9s:100,-100(100.000000)
872:Player,BR:0cc/cc/cr3080f:2c3d,4cAs|/5s7sJh/8d:-100,100(-100.000000)
873:BR,Player:0r130c/cr299c/r374r1530f:3d8s,JsQd|/6h9dTs/8h:-903,903(-903.000000)
874:Player,BR:0cc/cc/r130r7085f:5h8s,2h6c|/4sKsKd/7d:-230,230(-230.000000)
875:BR,Player:0r130c/cc/r3522c/r6141c:TdQd,QcKd|/2d7cTs/Qs/2c:9893,-9893(8392.782030)
876:Player,BR:0cr300c/cc/cr1741f:9hAd,6s9c|/4h5cJd/Kc:-400,400(-400.000000)
877:BR,Player:0r130c/cc/r4051f:5dQh,5c8c|/5h9dJc/7d:230,-230(230.000000)
878:Player,BR:0cr200c/r900c/r1560r1560c/cc:KhKd,TdJd|/3h7dJc/Kc/2s:4320,-4320(3265.595699)
879:BR,Player:0r130c/cc/r285f:9cTh,JcQc|/6c9sAs/3s:230,-230(230.000000)
880:Player,BR:0cr600c/cc/r140r2091c/cr2743r9446c:8sAs,5hQs|/2s6dTd/4s/3s:15120,-15120(-3881.762578)
881:BR,Player:0r130c/cc/r100c/r5812f:5dTh,3d6d|/8c9dQc/Kd/Kc:330,-330(330.000000)
882:Player,BR:0cr300c/r520c/cr16203f:6cJc,2s8d|/4c5dJd/Qs:-920,920(-920.000000)
883:BR,Player:0r130c/cc/r7085f:8cKh,4hJs|/5c7sJh/6h:230,-230(230.000000)
884:Player,BR:0cr300c/cc/r800r5224f:JhAc,2dAh|/8h9sAs/Qd:-1200,1200(-1200.000000)
885:BR,Player:0r130c/cr460c/r100f:7c8d,8hTc|/6cKhAc/3s:690,-690(690.000000)
886:Player,BR:0cc/cc/cr379c/cr6379f:3s4h,9dJd|/2h3h9s/8s/Qd:-479,479(-479.000000)
887:BR,Player:0r130c/cr299c/r2303c/cc:7dJh,4cTc|/4dTsJs/2h/Ad:-2832,2832(-2055.468464)
888:Player,BR:0cr200c/cc/cr1306f:JcKc,4h8h|/6d7hAd/Td:-300,300(-300.000000)
889:BR,Player:0r130c/cr460c/r1493c/r9504f:6c7c,TdQd|/6d7dTc/4s/Ks:2183,-2183(2183.000000)
890:Player,BR:0cc/cc/cc/r130r327f:3d7d,9cJc|/3hQsAs/5d/5c:-230,230(-230.000000)
891:BR,Player:0r130c/cr299c/r1145f:KsKd,3hAc|/5s6hJc/8c:529,-529(529.000000)
892:Player,BR:0cc/cc/cr876f:3hKh,4cQc|/5c7d8s/7c:-100,100(-100.000000)
893:BR,Player:0r200c/cr390c/r1493f:KcAc,5s8s|/3sTcKs/Jh:690,-690(690.000000)
894:Player,BR:0cc/cc/cr3080f:3cJs,6cJd|/4c5h9c/Kd:-100,100(-100.000000)
895:BR,Player:0r130c/cr299c/r4632f:5h9h,4dQh|/3d5cJd/2s:529,-529(529.000000)
896:Player,BR:0cc/cc/r200r200c/r220r586f:JcQs,3sQc|/2s2h6d/Jh/9c:-720,720(-720.000000)
897:BR,Player:0r130c/cr299c/r2303f:4d7s,5s7d|/4s9dTh/Kd:529,-529(529.000000)
898:Player,BR:0cr300c/cc/cr19600f:ThKh,4s9c|/5d9h9d/2h:-400,400(-400.000000)
899:BR,Player:0r300c/cc/r6126r9074r4400c/cc:7s8s,4dKh|/3s7dAc/5s/2d:-20000,20000(-17358.243698)
900:Player,BR:0cc/cc/cc/r130r498c:5hQc,2s6c|/5c6d9c/8d/6h:-728,728(-564.327454)
901:BR,Player:0r130c/cc/r1001f:8hJd,9sKh|/2cTsTd/Ac:230,-230(230.000000)
902:Player,BR:0cc/cc/r130r2014f:6s9d,2s5s|/7c8cKc/Ah:-230,230(-230.000000)
903:BR,Player:0r130c/cr299c/r655r655c/r243r3630c:9sJd,2h2d|/2s5h9c/4h/8c:-5712,5712(-371.237357)
904:Player,BR:0cc/cc/cr2679f:4d5h,3dQc|/7c9dQh/As:-100,100(-100.000000)
905:BR,Player:0r130c/cc/r1751f:4h4c,9sKd|/2c5hAc/3d:230,-230(230.000000)
906:Player,BR:0cr200c/r600c/r1170r2946f:6dQd,2s3h|/5c7s8c/9s:-2070,2070(-2070.000000)
907:BR,Player:0cc/cc/r100f:TsKd,5sJs|/9hAhAc/4s:100,-100(100.000000)
908:Player,BR:0cc/cc/cr876f:3s8c,3hJh|/2s4cQs/Tc:-100,100(-100.000000)
909:BR,Player:0r130c/cc/r1001f:4s5h,7sQs|/8sJhKh/Qh:230,-230(230.000000)
910:Player,BR:0cc/cc/cr124f:3d9s,9dKh|/5c8cAd/8d:-100,100(-100.000000)
911:BR,Player:0r200c/cr390c/r100f:5s8s,5hJd|/2hTcQc/7h:690,-690(690.000000)
912:Player,BR:0cr130c/r299c/cr100c/cr11078f:4s4c,9dQs|/JhAhAc/6c/3d:-629,629(-629.000000)
913:BR,Player:0f:3d6s,2c7h|:50,-50(50.000000)
914:Player,BR:0cr300c/r800c/r1560r1560f:7h9c,3s5h|/6cTcJd/Kc:-2760,2760(-2760.000000)
915:BR,Player:0r130c/cc/r14250f:4h9c,3sAh|/5c6d8d/Qc:230,-230(230.000000)
916:Player,BR:0cc/cc/r130r3522f:4dQs,6c8h|/7cThJc/9d:-230,230(-230.000000)
917:BR,Player:0f:2sKh,2h6d|:50,-50(50.000000)
918:Player,BR:0cr300c/cc/r1200r1200f:7h9h,4dQh|/3s8dJc/Jd:-1600,1600(-1600.000000)
919:BR,Player:0r200c/cr390c/r6042f:9sTd,5s8s|/2h6cQs/Jc:690,-690(690.000000)
920:Player,BR:0cc/cc/cr124f:6h7c,6cKh|/4s4hAs/Ad:-100,100(-100.000000)
921:BR,Player:0cc/cc/r8194f:JhQh,4s9h|/ThKcAd/2c:100,-100(100.000000)
922:Player,BR:0cc/cc/r130r285c/cr13795f:2h7s,4h8c|/2d4sJh/Jd/6c:-515,515(-515.000000)
923:BR,Player:0f:QdKh,2d5c|:50,-50(50.000000)
924:Player,BR:0cc/cc/r130r327f:7d8h,5dJc|/9dTsTd/9c:-230,230(-230.000000)
925:BR,Player:0r130c/cc/r285c/r13795f:5cJs,6d8s|/6sJcKs/Kd/Qh:515,-515(515.000000)
926:Player,BR:0cr300c/cc/cr1514c/cr774f:5hAh,5sKd|/6s6dKc/4h/Qs:-1914,1914(-1914.000000)
927:BR,Player:0r130c/cr460c/r100f:5sQd,3d7d|/4cKsAd/9s:690,-690(690.000000)
928:Player,BR:0cc/cc/cr761f:3s8d,5sAs|/9dQhAd/Ks:-100,100(-100.000000)
929:BR,Player:0r130c/cr299c/r2303f:3c9s,8sJd|/5hKsKc/8h:529,-529(529.000000)
930:Player,BR:0cr300c/cc/cr495f:6sAs,4sKc|/9cQhKh/7h:-400,400(-400.000000)
931:BR,Player:0cc/cr130c/r4051f:4s9s,4d8c|/5cTdQc/3c:230,-230(230.000000)
932:Player,BR:0cc/cc/cr3080f:2hAd,2s6c|/3s5s8d/9d:-100,100(-100.000000)
933:BR,Player:0r130c/cc/r1001c/cc:7dQd,8s9s|/2sTcKs/8c/Qc:1231,-1231(-458.027975)
934:Player,BR:0cc/cc/cr142c/cr5637f:5dTd,3sKs|/4c7s7d/Th/Qh:-242,242(-242.000000)
935:BR,Player:0r200c/cc/r427r1343f:5d8s,2dAh|/QsQcAs/Ac:-727,727(-727.000000)
936:Player,BR:0cc/cc/cr8194f:5c7s,AhAd|/6cTcJd/Ks:-100,100(-100.000000)
937:BR,Player:0f:JsKs,2hTs|:50,-50(50.000000)
938:Player,BR:0cc/cc/cr876f:6s9h,JdKc|/3h4cQh/Ts:-100,100(-100.000000)
939:BR,Player:0r130c/cr299c/r4632f:5c7d,5h8d|/4sKhKc/Ac:529,-529(529.000000)
940:Player,BR:0cr300c/r520c/cr14090f:JdAd,7s9s|/2s7c9c/5h:-920,920(-920.000000)
941:BR,Player:0r130c/cc/r2014f:2dTs,3h7h|/4sQhAs/5d:230,-230(230.000000)
942:Player,BR:0cc/cc/r300r569f:5d9c,7hQd|/3c7cTh/Jh:-400,400(-400.000000)
943:BR,Player:0cc/cc/r9423f:3sJd,2hQd|/2s5dAc/Kc:100,-100(100.000000)
944:Player,BR:0cc/cc/cr379f:4cTh,3dKd|/6s7h8d/Kc:-100,100(-100.000000)
945:BR,Player:0r130c/cc/r142r421r1129f:4d9d,7dTd|/7sQhQd/4h:793,-793(793.000000)
946:Player,BR:0cr300c/r520c/r460r460c/r644f:TsAd,8dJs|/JhAhAc/7h/7d:1840,-1840(1840.000000)
947:BR,Player:0r200c/cr390c/r18483f:7dAd,JsKh|/3c9hJc/6d:690,-690(690.000000)
948:Player,BR:0cr600c/r910c/cr14098f:TsJd,6c9d|/5d8cKs/Th:-1610,1610(-1610.000000)
949:BR,Player:0r130c/cc/cr115r1502f:2sKs,6hQs|/JhJdQh/Js:345,-345(345.000000)
950:Player,BR:0cc/cc/cr142c/cr17243f:2sJc,7d8s|/8dTcKh/Qs/3s:-242,242(-242.000000)
951:BR,Player:0f:8dJs,3d8c|:50,-50(50.000000)
952:Player,BR:0cc/cc/cr142f:2d3s,TcKd|/4h7c8d/7h:-100,100(-100.000000)
953:BR,Player:0r130c/cc/r14250f:4c6d,7hJd|/JhQcKd/Td:230,-230(230.000000)
954:Player,BR:0cc/cc/cr124r1176f:5s9d,TsAd|/5d9h9c/3c:224,-224(224.000000)
955:BR,Player:0f:KhAc,2c5d|:50,-50(50.000000)
956:Player,BR:0cc/r130c/cr1001f:6cKh,6sJc|/3d5c6d/Qh:-230,230(-230.000000)
957:BR,Player:0f:JcKc,3s8d|:50,-50(50.000000)
958:Player,BR:0cc/cc/cr124c/cr3431f:3s8s,4d7c|/3c9dTc/7h/Jc:-224,224(-224.000000)
959:BR,Player:0r200c/cc/r19700f:6dTd,4d9d|/6c7hAd/6h:300,-300(300.000000)
960:Player,BR:0cr600c/r910c/cr566c/r1446f:4d5s,TcQc|/2c3s4h/6d/8s:2176,-2176(2176.000000)
961:BR,Player:0r200c/cr390c/r100r1114r2710f:4c7c,3hJc|/4hTcAh/Kh:1904,-1904(1904.000000)
962:Player,BR:0cc/cc/cr1761f:2h3s,6sJd|/5s5hTd/Kh:-100,100(-100.000000)
963:BR,Player:0r130c/cr299c/r2303f:4c5h,5d6s|/2dTsTh/Js:529,-529(529.000000)
964:Player,BR:0cc/cc/cr124f:5dQs,5cJh|/4h8d8c/Jc:-100,100(-100.000000)
965:BR,Player:0cc/cc/r379c/r1813c:9hJc,JdKs|/9dKdKc/Ah/5d:-2292,2292(-24.936435)
966:Player,BR:0cc/cc/cr379c/cr7336r12185f:2sKc,7cJs|/2cJhAc/Kh/2d:7815,-7815(7815.000000)
967:BR,Player:0r200c/cc/r9241f:4c9c,JdKd|/5s7hAs/Qd:300,-300(300.000000)
968:Player,BR:0cr200c/r390c/r897r3950f:JcAc,7sTc|/2h2d2c/6d:-1587,1587(-1587.000000)
969:BR,Player:0r130c/cc/r498f:ThJd,4c8h|/2d9dTc/9s:230,-230(230.000000)
970:Player,BR:0cc/cc/cr216c/cr17025f:9cKh,7h7c|/3dTcQs/5d/6h:-316,316(-316.000000)
971:BR,Player:0r130c/cc/cc/r14250f:3sKs,6sAs|/6c7cAc/4d/Kc:230,-230(230.000000)
972:Player,BR:0cc/cc/cr216f:5cKs,3hJs|/9sJdQh/Qc:-100,100(-100.000000)
973:BR,Player:0r200c/cc/r427f:7h8d,5d8c|/8sJcAd/Tc:300,-300(300.000000)
974:Player,BR:0cc/cc/cr3080f:3sKs,5d7d|/2d4hAh/4s:-100,100(-100.000000)
975:BR,Player:0r130c/cc/r7085f:7c9s,QhAd|/6h8hJs/3h:230,-230(230.000000)
976:Player,BR:0cc/cc/cr379f:6hQd,JhAh|/3s7cJc/3d:-100,100(-100.000000)
977:BR,Player:0cc/cc/r9423f:4s7s,9cTs|/2d9sQh/Ad:100,-100(100.000000)
978:Player,BR:0cc/cc/cr435f:7hQs,6c8h|/4dThTc/Ks:-100,100(-100.000000)
979:BR,Player:0r200c/cc/r9241f:TdQc,2dKd|/8c9hAc/3d:300,-300(300.000000)
980:Player,BR:0cc/cc/r130r7085f:5c9d,2dQs|/6c8sJh/2s:-230,230(-230.000000)
981:BR,Player:0r130c/cr299c/r4632f:2c4d,8hKc|/3d5s7s/8c:529,-529(529.000000)
982:Player,BR:0cc/cc/cr379c/cr448c:5sQc,4dAd|/KhKdAc/3c/2s:-927,927(-760.071482)
983:BR,Player:0cc/cc/r3080f:4sJs,5cAd|/6c8c9s/Ac:100,-100(100.000000)
984:Player,BR:0cc/cc/r130r130c/r330r5254f:4cAh,3c6c|/3hJhAc/Qh/3s:-690,690(-690.000000)
985:BR,Player:0f:6sAd,4c9s|:50,-50(50.000000)
986:Player,BR:0cr600c/cc/r1400f:2cTc,4sKh|/4c5dAh/Qc:700,-700(700.000000)
987:BR,Player:0cc/cr300c/r1741f:4dAd,JhQd|/6hThQc/6d:400,-400(400.000000)
988:Player,BR:0cc/cc/cr9423f:3c8h,3h3d|/4c5c7c/Tc:-100,100(-100.000000)
989:BR,Player:0r130c/cc/r6161f:2h7d,5d7s|/2d2c7c/4h:230,-230(230.000000)
990:Player,BR:0cr300c/cc/cr1741c/cr4634c:6s8s,5d9c|/2s8dKs/Qc/8h:6775,-6775(6775.000000)
991:BR,Player:0r130c/cc/r1751f:JdJc,7dQh|/3s3c6s/5c:230,-230(230.000000)
992:Player,BR:0cr200c/cc/cr1306f:6dAh,8dAd|/2s9hJs/Qs:-300,300(-300.000000)
993:BR,Player:0r130c/cr460c/r6042r13268f:7s7d,5s8s|/5d8h9h/4c:-6732,6732(-6732.000000)
994:Player,BR:0cr130c/cc/cr7085f:5sAs,4dQd|/3s6dJd/2h:-230,230(-230.000000)
995:BR,Player:0r130c/cc/r285c/r13795f:3d8h,6s6c|/2h4d8c/Jh/Qd:515,-515(515.000000)
996:Player,BR:0cr300c/cc/r520r520c/cr16676f:4h4d,3cAh|/7hThJh/4c/Ks:-1440,1440(-1440.000000)
997:BR,Player:0r130c/cc/r2014f:2h4c,8sQs|/2d3d7h/9d:230,-230(230.000000)
998:Player,BR:0cc/cc/r130r6161f:6dTc,8hKh|/4s7hAh/9s:-230,230(-230.000000)
999:BR,Player:0r130c/cc/r3522f:5s7c,4hAd|/5d7sJd/Qh:230,-230(230.000000)
1000:Player,BR:0cc/cc/r130r12392f:4dQd,3c9c|/3d4s9d/9h:-230,230(-230.000000)
RAW BR STATS: n=1000, sum=468782.000000, sum_sq=9268894756.000000, vr_sum=539878.495896, vr_sum_sq=6733088856.385728
BR STATS: 468.782000(186.448838), 539.878496(157.309020)
RESULTS
1)BR: 468782
2)Player: -468782
