In config file: GAME_DEF=game_def.fullholdem
In config file: ACTIONS_R0=C
In config file: ACTIONS_R1=C
In config file: ACTIONS_R2=F,C,0.05,0.0575,0.066125,0.07604375,0.087450313,0.100567859,0.115653038,0.133000994,0.152951143,0.175893815,0.202277887,0.23261957,0.267512505,0.307639381,0.353785288,0.406853081,0.467881044,0.5380632,0.61877268,0.711588582,0.81832687,0.9410759,1.082237285,1.244572878,1.43125881,1.645947631,1.892839776,2.176765742,2.503280603,2.878772694,3.310588598,3.807176888,4.378253421,5.034991434,5.790240149,6.658776171,7.657592597,8.806231486,10.12716621,11.64624114,13.39317731,15.40215391,17.71247699,20.36934854,23.42475083,26.93846345,30.97923297,35.62611791,40.9700356,47.11554094,54.18287208,62.31030289,71.65684832,82.40537557,94.76618191,A
In config file: ACTIONS_R3=F,C,0.05,0.0575,0.066125,0.07604375,0.087450313,0.100567859,0.115653038,0.133000994,0.152951143,0.175893815,0.202277887,0.23261957,0.267512505,0.307639381,0.353785288,0.406853081,0.467881044,0.5380632,0.61877268,0.711588582,0.81832687,0.9410759,1.082237285,1.244572878,1.43125881,1.645947631,1.892839776,2.176765742,2.503280603,2.878772694,3.310588598,3.807176888,4.378253421,5.034991434,5.790240149,6.658776171,7.657592597,8.806231486,10.12716621,11.64624114,13.39317731,15.40215391,17.71247699,20.36934854,23.42475083,26.93846345,30.97923297,35.62611791,40.9700356,47.11554094,54.18287208,62.31030289,71.65684832,82.40537557,94.76618191,A
Loading player: rgbr_nl_cprg.so
Player args: /home/viliam/cprg/project_uoapoker/trunk/src/c/meta_player.so /home/viliam/cprg/project_uoapoker/trunk/src/c/acpc14.map
Using seed 32.
1:Player,BR:0cc/cc/cr435f:2c7s,6hQh|/3h5sJc/5h:-100,100(-100.000000)
2:BR,Player:0r130c/cr299c/r8102f:2sJs,7cTc|/3c4h6d/Jd:529,-529(529.000000)
3:Player,BR:0cc/cc/cr435f:6hAc,5d8d|/4h7dKs/Kh:-100,100(-100.000000)
4:BR,Player:0r130c/cc/r1751f:5h8h,7sJc|/2hJhQc/Qh:230,-230(230.000000)
5:Player,BR:0cr200c/cc/cr5284f:QsKs,4d9c|/4h6sAc/8h:-300,300(-300.000000)
6:BR,Player:0f:QdAh,2cTs|:50,-50(50.000000)
7:Player,BR:0cr300c/cc/cr19600f:7h7c,8cJs|/8h8dAs/4c:-400,400(-400.000000)
8:BR,Player:0cc/cc/r435f:QsAs,2sTs|/3c4s6h/7d:100,-100(100.000000)
9:Player,BR:0cc/cc/r130r7085f:2s3d,JhQs|/5s8cAs/Ac:-230,230(-230.000000)
10:BR,Player:0r130c/cr299c/cc/r16295f:2cKc,7dJh|/5hTsQh/7h/Ah:529,-529(529.000000)
11:Player,BR:0cr200c/cc/cr8036f:TcAd,TsTd|/5s5h7s/Kh:-300,300(-300.000000)
12:BR,Player:0r200c/cr390c/r3004f:4c6d,4d6h|/2h7sAh/Jc:690,-690(690.000000)
13:Player,BR:0cr300c/cc/cr569c/cc:9dTc,7cTh|/3h9hQc/Jh/6s:969,-969(969.000000)
14:BR,Player:0r130c/cr299c/r2303c/cc:4sKd,8hTh|/2h4hTs/9d/As:-2832,2832(-2819.307768)
15:Player,BR:0cr300c/cc/cr283r1717r5974f:TcQc,6sQd|/3c5d7d/Kc:-2400,2400(-2400.000000)
16:BR,Player:0r130c/cc/r1751f:9cAc,7cKh|/8hTcAd/6s:230,-230(230.000000)
17:Player,BR:0cc/cc/cr124r576r3483f:3cKs,8dTs|/3h5d8h/Kh:-800,800(-800.000000)
18:BR,Player:0r200c/cc/r1306c/r16172f:3s8d,TcJs|/9sJhAh/Th/4s:1606,-1606(1606.000000)
19:Player,BR:0cc/cc/cr379c/cr7336f:6dKh,TcAh|/3h3cQh/As/6c:-479,479(-479.000000)
20:BR,Player:0cc/cr130c/r7085f:2h9d,3cKc|/3hTcQd/5s:230,-230(230.000000)
21:Player,BR:0cc/cc/cc/cr100c:TcQd,2hAh|/3h6s7s/Kc/3s:-200,200(-40.279629)
22:BR,Player:0r200c/cr390c/r5254f:5d6d,9dJs|/3c4d6h/3s:690,-690(690.000000)
23:Player,BR:0cr300c/cc/cr246r254r1281f:QcKh,9sTc|/2dTdJd/Jh:-900,900(-900.000000)
24:BR,Player:0r130c/cc/r14250f:4cKh,QcKc|/2s3s6s/Js:230,-230(230.000000)
25:Player,BR:0cr300c/cc/cr7045f:9d9c,2s7s|/2dThAc/4h:-400,400(-400.000000)
26:BR,Player:0cc/cc/r9423f:2c9h,6dKd|/5h6h8d/9d:100,-100(100.000000)
27:Player,BR:0cc/cc/r130f:5hQc,2dTs|/5cJsQd/As:100,-100(100.000000)
28:BR,Player:0f:6sKh,3d8h|:50,-50(50.000000)
29:Player,BR:0cc/cc/cr761f:2h4c,JhAc|/5s9dJc/Td:-100,100(-100.000000)
30:BR,Player:0cc/cc/r379c/r6379c:6sQd,5dTc|/2d4hTs/Qh/Js:6858,-6858(2042.637140)
31:Player,BR:0cr300c/cc/cr866r1494r1494f:5c8c,7hJh|/3d8dJd/4h:-2760,2760(-2760.000000)
32:BR,Player:0r130c/cc/r7085r12685c/cc:7h9c,JsAd|/3h7sAc/2s/3s:-20000,20000(-8946.760519)
33:Player,BR:0cc/cc/cr876f:7s8c,4hQs|/3s8dTs/Ad:-100,100(-100.000000)
34:BR,Player:0r130c/cr690c/r4005f:2h7c,7h9h|/6s8hKs/4s:920,-920(920.000000)
35:Player,BR:0cr300c/cc/r200r2612f:5s5h,6sAh|/2sTcKd/4c:-600,600(-600.000000)
36:BR,Player:0r130c/cc/r4051f:6d9s,7cKd|/4h9dQd/Ac:230,-230(230.000000)
37:Player,BR:0cc/cc/cr876c/r584c:6sAc,QcKd|/4h9dAd/Jc/5s:1560,-1560(435.343826)
38:BR,Player:0r130c/cr299c/r2303r5684f:TsQs,3dKc|/3hQdAh/3c:-2832,2832(-2832.000000)
39:Player,BR:0cr130c/cc/cr163c/cr740f:7s7h,4sKs|/6h9dJd/8h/6s:-393,393(-393.000000)
40:BR,Player:0cc/cr130c/r4051f:5h6h,2cQd|/2h3cTc/As:230,-230(230.000000)
41:Player,BR:0cr600c/cc/cr1742c/cr1136c:JhQc,5d9h|/2dTcJd/Qs/Kh:-3578,3578(-2695.596639)
42:BR,Player:0r130c/cr299c/r753f:9dQd,7s9c|/2c3cTc/Ah:529,-529(529.000000)
43:Player,BR:0cc/cc/r300r7045f:TcKs,2h3d|/7hQcKd/Jh:-400,400(-400.000000)
44:BR,Player:0r200c/cc/r2627f:5h6s,8cAh|/3s6hKh/Ts:300,-300(300.000000)
45:Player,BR:0cc/cc/r200r427f:8hTd,QhAh|/5c9dJs/Kd:-300,300(-300.000000)
46:BR,Player:0cc/cc/r216c/r2767f:JdJc,4s7c|/2d4c6s/3h/9h:316,-316(316.000000)
47:Player,BR:0cr300c/r520c/r1196r17884c/cc:TdJd,4cTc|/4hTsTh/Qd/5c:-20000,20000(-14283.766200)
48:BR,Player:0r130c/cr299c/r2003c/r17468f:2cQc,QsAs|/2d9dQh/2h/Td:2532,-2532(2532.000000)
49:Player,BR:0cc/cc/cr379f:ThAd,5hQd|/3c4sQh/7d:-100,100(-100.000000)
50:BR,Player:0f:7cKh,2d3s|:50,-50(50.000000)
51:Player,BR:0cc/cc/r130r14250f:5hJh,7sTh|/4h8c9h/5d:-230,230(-230.000000)
52:BR,Player:0cc/cc/r9423f:9hJd,2cAh|/4h6hAd/3d:100,-100(100.000000)
53:Player,BR:0cr300c/r520c/cr651c/cr9045f:7s9s,3c4s|/5d7cTd/2h/Kc:-1571,1571(-1571.000000)
54:BR,Player:0r130c/cr460c/r3004f:3hJh,3s5s|/QdKcAc/6h:690,-690(690.000000)
55:Player,BR:0cr200c/r390c/r1380r1380c/cr2123c:9s9c,4s9h|/4cQhQd/5c/Ts:5573,-5573(5573.000000)
56:BR,Player:0cc/cr130c/r7085f:3cQs,7hAc|/4dAhAd/3h:230,-230(230.000000)
57:Player,BR:0cc/r300c/cr495f:9dQs,7c9s|/4s5d6h/8s:-400,400(-400.000000)
58:BR,Player:0cc/cc/r1761f:3s6s,QhAh|/9s9hQs/Ac:100,-100(100.000000)
59:Player,BR:0cr300c/r520c/cr3483c/cr12604c:9sJs,2s2c|/2h3c9h/4s/8s:-17007,17007(-16048.567763)
60:BR,Player:0r130c/cr690c/r8056f:6sJh,3h5d|/5c9dJd/Th:920,-920(920.000000)
61:Player,BR:0cc/cc/cr249c/cr7069f:6hTh,7dQh|/2sTcAh/2d/Kd:-349,349(-349.000000)
62:BR,Player:0r200c/cr390c/r3004f:3s8c,ThKs|/6cJcQd/Jd:690,-690(690.000000)
63:Player,BR:0cr200c/cc/cr5284f:8s8d,8cTs|/7dQsKh/Qd:-300,300(-300.000000)
64:BR,Player:0r200c/cc/r212c/cc:5c9h,9dTs|/6h9cAs/Jc/8c:-512,512(216.983269)
65:Player,BR:0cc/cc/cr435f:3sKh,5cAs|/3d5h6h/9d:-100,100(-100.000000)
66:BR,Player:0r130c/cr299c/r2303f:9sJd,4h5d|/2s2d6s/Kd:529,-529(529.000000)
67:Player,BR:0cr130c/r460c/cr6042f:ThQh,3hAd|/3c7hTc/6s:-690,690(-690.000000)
68:BR,Player:0f:9sQd,2dTs|:50,-50(50.000000)
69:Player,BR:0cc/cc/cr124c/cr3431f:6cAd,5d7s|/4s4dQc/7h/Ks:-224,224(-224.000000)
70:BR,Player:0cc/cc/r249c/r18803f:9sQc,6s8h|/6h6cTs/Ah/Jc:349,-349(349.000000)
71:Player,BR:0cc/cc/cr8194f:2cAh,9cAd|/3h8dAc/Kh:-100,100(-100.000000)
72:BR,Player:0r200c/cc/r4595f:7h8d,6hTs|/4h7s7c/Qh:300,-300(300.000000)
73:Player,BR:0cc/cc/r130r2014f:4hKh,8hKc|/TcKsAs/5d:-230,230(-230.000000)
74:BR,Player:0cc/cr130c/r2014f:JdQc,3c6s|/5d7hKc/3s:230,-230(230.000000)
75:Player,BR:0cc/cc/cr3080f:2dKd,2c7h|/TcQsAc/Td:-100,100(-100.000000)
76:BR,Player:0f:8sJh,2d9h|:50,-50(50.000000)
77:Player,BR:0cr600c/cc/cr5330f:2sTs,8sKc|/7d8dQh/8h:-700,700(-700.000000)
78:BR,Player:0r130c/cr299c/r2303f:9hTs,JcKd|/6dQsKc/6h:529,-529(529.000000)
79:Player,BR:0cc/cc/cr216f:3d7h,8dJh|/6s6cJs/2s:-100,100(-100.000000)
80:BR,Player:0r130c/cc/r327f:5hJs,6sJc|/4d8hKd/6d:230,-230(230.000000)
81:Player,BR:0cc/cc/cr100f:3c9h,4c5s|/2c4s5c/3h:-100,100(-100.000000)
82:BR,Player:0r130c/cr299c/r100r829f:4c6s,6hAc|/8cJsAd/3s:-629,629(-629.000000)
83:Player,BR:0cr300c/r520c/cr324c/r412r2357f:9cTc,3sTd|/8h9hAc/Ks/Kd:-1656,1656(-1656.000000)
84:BR,Player:0r200c/cc/cr150r150f:8hQh,6h7d|/2s3cAd/9s:450,-450(450.000000)
85:Player,BR:0cc/cc/cr3080f:6hTd,4h9d|/4c6sKs/Js:-100,100(-100.000000)
86:BR,Player:0r130c/cr690c/r100r304f:5c9h,8hKh|/8d8cKs/3s:-1020,1020(-1020.000000)
87:Player,BR:0cr200c/r390c/r345r15851f:7sKs,3dQd|/2c6dKh/5d:-1035,1035(-1035.000000)
88:BR,Player:0f:5sKs,2c8s|:50,-50(50.000000)
89:Player,BR:0cr200c/cc/r150r3940f:2hTc,3sKc|/4h4dAd/Jc:-450,450(-450.000000)
90:BR,Player:0r200c/cr390c/r6042f:5c7h,4cQd|/3d4sKc/8c:690,-690(690.000000)
91:Player,BR:0cr200c/cc/r900r1485c/r195r12538f:AhAc,6dKc|/4s8hKd/5c/2h:-2880,2880(-2880.000000)
92:BR,Player:0r130c/cr299c/cr687c/cr2432r9080c:7sQs,TcAd|/3hAsAh/2d/Kc:-12728,12728(-12728.000000)
93:Player,BR:0cc/cc/cr3080f:6dJc,2s5d|/2h3dKh/Ah:-100,100(-100.000000)
94:BR,Player:0r130c/cr299c/r325c/r1848f:8s9c,5hAs|/9sQsQh/6d/8d:854,-854(854.000000)
95:Player,BR:0cc/cc/cc/r130r1001f:6d8c,8sAh|/3dJdQs/7d/Tc:-230,230(-230.000000)
96:BR,Player:0f:3d9h,3h7c|:50,-50(50.000000)
97:Player,BR:0cr600c/cc/cr10721c/r2229r6350c:7sTs,TcJc|/7d8hJh/7c/9h:0,-0(-16758.850450)
98:BR,Player:0f:2sTd,3s7h|:50,-50(50.000000)
99:Player,BR:0cc/cc/r300r12322f:6c7s,3c4d|/5d9hKc/2h:-400,400(-400.000000)
100:BR,Player:0r130c/cc/r14250f:TcKd,QsQc|/2d3d4s/Jc:230,-230(230.000000)
101:Player,BR:0cc/cc/r300r300f:9cTs,9dAs|/3d6s6d/7h:-400,400(-400.000000)
102:BR,Player:0r130c/cr299c/r100f:7h9h,5d8d|/2cThKd/3c:529,-529(529.000000)
103:Player,BR:0cc/cc/cr124f:2dQd,4s7d|/3cJhJc/4c:-100,100(-100.000000)
104:BR,Player:0f:8h9c,2d4c|:50,-50(50.000000)
105:Player,BR:0cr300c/cc/r200r4569c/cr8460c:QsAh,4c5h|/5sThKs/5c/4s:-13629,13629(-13629.000000)
106:BR,Player:0r130c/cc/r4051f:7h8s,5hJc|/2h9sAs/Qc:230,-230(230.000000)
107:Player,BR:0cr300c/r520c/r2760r12114f:6d9d,TdAh|/5c8sAd/2d:-3680,3680(-3680.000000)
108:BR,Player:0r130c/cc/r4051f:4c8c,6hJh|/7s7dKh/6c:230,-230(230.000000)
109:Player,BR:0cc/cc/cr19900f:JdKh,2cAd|/3d7dAh/2s:-100,100(-100.000000)
110:BR,Player:0r130c/cc/r7085f:6sKd,8s8c|/3dQhAc/4s:230,-230(230.000000)
111:Player,BR:0cr300c/cc/cr1514f:8sKs,JdAs|/2sQcAc/4h:-400,400(-400.000000)
112:BR,Player:0cc/cr130c/r4051f:2dTc,2cQh|/4d9hJs/8c:230,-230(230.000000)
113:Player,BR:0cc/cc/r130c/r115r10627f:4sTs,3h7d|/4dKdAc/3s/Kc:-345,345(-345.000000)
114:BR,Player:0r130c/cr690c/cr1840r3928f:3dAs,4s5s|/2h6s9c/8c:2760,-2760(2760.000000)
115:Player,BR:0cc/cc/cr3080f:3cAd,4d9h|/6dTsQd/Tc:-100,100(-100.000000)
116:BR,Player:0r130c/cr299c/r100r829r829f:3d4h,6cKh|/3s7dQs/7h:1458,-1458(1458.000000)
117:Player,BR:0cc/cc/cr435f:3hKh,3cAh|/3s9dQh/4c:-100,100(-100.000000)
118:BR,Player:0r130c/cr1380c/r14098f:9dKd,4s5s|/4hTsAd/Jh:1610,-1610(1610.000000)
119:Player,BR:0cc/cc/r200r747f:6dTc,7cJs|/5sJhKc/Qd:-300,300(-300.000000)
120:BR,Player:0r130c/cc/r4051f:5sTh,5hJh|/3sQdAs/7h:230,-230(230.000000)
121:Player,BR:0cr200c/r390c/cr16072f:7sQd,KhKd|/7h7dJh/Jc:-690,690(-690.000000)
122:BR,Player:0cc/cr130c/r1751f:TdAc,8cQs|/3s5d9d/Th:230,-230(230.000000)
123:Player,BR:0cc/cc/cr876f:6sAh,7dTc|/3s4dJc/Qh:-100,100(-100.000000)
124:BR,Player:0r130c/cc/cr115r9241f:4d4c,6sJd|/3c6h7d/Ah:345,-345(345.000000)
125:Player,BR:0cc/cc/cr216c/cr787f:7sKh,8sAs|/5c6sKs/6c/3c:-316,316(-316.000000)
126:BR,Player:0r130c/cr460c/r243r1447f:5cKh,5h7h|/3h4dQs/2s:-933,933(-933.000000)
127:Player,BR:0cr300c/r520c/cr8056f:2s2h,9cTd|/4s4hQs/Qh:-920,920(-920.000000)
128:BR,Player:0f:7d8h,2h6c|:50,-50(50.000000)
129:Player,BR:0cr300c/cc/cr7045f:TdQh,2h4c|/3hJdKs/5h:-400,400(-400.000000)
130:BR,Player:0r130c/cc/r2014c/cr2241f:KdAh,4cAc|/8dTcJd/9c/Kc:-2244,2244(-2244.000000)
131:Player,BR:0cc/cc/cr379r721r721f:2cKh,7c8c|/3d8dQh/Qc:-1200,1200(-1200.000000)
132:BR,Player:0cc/cc/r876f:3h8h,4d8c|/7d9sKd/7c:100,-100(100.000000)
133:Player,BR:0cr300c/cc/cr495f:KcAc,9sKh|/4c6h9h/5h:-400,400(-400.000000)
134:BR,Player:0f:TcJc,2h7c|:50,-50(50.000000)
135:Player,BR:0cr200c/cc/cr1306f:JsAd,QdAh|/7hJcKd/9d:-300,300(-300.000000)
136:BR,Player:0f:7cQd,2s9h|:50,-50(50.000000)
137:Player,BR:0cc/cc/r130r2014f:7hAc,8cQd|/5cTdKs/Jc:-230,230(-230.000000)
138:BR,Player:0r130c/cr690c/r3483c/r8287c:6c8d,3cQc|/8cJhAc/6h/8h:12690,-12690(12690.000000)
139:Player,BR:0cc/cc/cr379f:2d8c,JcQs|/4sJhKs/Tc:-100,100(-100.000000)
140:BR,Player:0r130c/cc/r7085f:2s8s,5s5d|/4cJsQd/9s:230,-230(230.000000)
141:Player,BR:0cr300c/cc/cr3503f:3hAh,2d6d|/4c8c9c/8s:-400,400(-400.000000)
142:BR,Player:0r130c/cc/r2014f:2dTs,QdAh|/3s6dKs/7c:230,-230(230.000000)
143:Player,BR:0cr300c/cc/cr100c/r220r6305f:2h4h,8dTc|/3h6h7h/Th/3c:-720,720(-720.000000)
144:BR,Player:0r200c/cr390c/r982c/r3619f:3s8d,9cAc|/2hThAd/Qh/8s:1672,-1672(1672.000000)
145:Player,BR:0cr300c/cc/r520r520f:8cTc,5cQc|/4h9dKh/Jh:-920,920(-920.000000)
146:BR,Player:0r200c/cr390c/r982c/r3619f:2cJd,2hTh|/4s4cAd/As/Td:1672,-1672(1672.000000)
147:Player,BR:0cr200c/cc/cr4595f:JhKh,7dAc|/3sQcAs/5h:-300,300(-300.000000)
148:BR,Player:0cc/cr130c/r142c/cr663r2576f:QcKc,4c8h|/5s8s8c/Ks/9c:1035,-1035(1035.000000)
149:Player,BR:0cc/cc/cc/cr3080f:3s8h,3dKd|/3hJdQh/5s/Ad:-100,100(-100.000000)
150:BR,Player:0r130c/cc/r7085f:3hAh,ThKh|/2s5d7d/Ks:230,-230(230.000000)
151:Player,BR:0cc/cc/r130r4051f:6hJc,JhQc|/4s8cKs/7d:-230,230(-230.000000)
152:BR,Player:0r130c/cr299c/r4632f:2h3h,7hQd|/3s7sTd/4d:529,-529(529.000000)
153:Player,BR:0cc/cc/cr1761f:4dJc,4cKh|/6s7cQd/As:-100,100(-100.000000)
154:BR,Player:0cc/cr130c/r100f:4h5h,4s8h|/2h2d9h/Js:230,-230(230.000000)
155:Player,BR:0cc/cc/cr761f:3d4s,QhKd|/7h9dKs/2h:-100,100(-100.000000)
156:BR,Player:0f:5h6d,2sTc|:50,-50(50.000000)
157:Player,BR:0cr300c/cc/cr3503r8057f:5sAs,2s6c|/5c8cQs/5d:3903,-3903(3903.000000)
158:BR,Player:0cc/cc/r216c/r1196c:4cQs,2sAs|/4s7hAc/2d/9d:-1512,1512(483.067637)
159:Player,BR:0cc/cc/cr9423f:8hTd,5hTs|/8c9dJs/4s:-100,100(-100.000000)
160:BR,Player:0f:6sJh,3s9h|:50,-50(50.000000)
161:Player,BR:0cr200c/cc/cr9241f:5cKc,2d3h|/5s7cTd/9s:-300,300(-300.000000)
162:BR,Player:0r200c/cr390c/r6042f:4h7d,2dKs|/5h6dTd/Qd:690,-690(690.000000)
163:Player,BR:0cc/cc/cr435f:2s8d,KcAc|/3hTsQs/5h:-100,100(-100.000000)
164:BR,Player:0r200c/cc/r427f:3s8c,3h3d|/2h4d7s/Qd:300,-300(300.000000)
165:Player,BR:0cr200c/cc/r600r600f:ThJs,2s7h|/3h6hKh/5d:-900,900(-900.000000)
166:BR,Player:0r130c/cr299c/r4632f:5sQd,6d7d|/3sTcAd/9h:529,-529(529.000000)
167:Player,BR:0cc/cc/cr435f:6d8h,8d9h|/5h5cAc/Tc:-100,100(-100.000000)
168:BR,Player:0cc/cr300c/r866c/r9640f:4dTc,4h7s|/3h6d8h/Ts/Kh:1266,-1266(1266.000000)
169:Player,BR:0cc/cc/r130r130c/cr14666f:9dQh,2d5h|/3h6sKs/Qc/9h:-360,360(-360.000000)
170:BR,Player:0r130c/cr299c/r100r829r6347f:2d6d,4sQh|/3cTsKs/9h:1458,-1458(1458.000000)
171:Player,BR:0cr300c/cc/r800r800c/cc:5dAd,3c4h|/3s5h6c/5s/Qs:2000,-2000(2000.000000)
172:BR,Player:0f:JsKd,2dJh|:50,-50(50.000000)
173:Player,BR:0cr300c/cc/cr1514f:4c6c,TdQs|/3d4dQd/Th:-400,400(-400.000000)
174:BR,Player:0r130c/cc/r7085f:4c9s,9dTh|/4d6d8d/3h:230,-230(230.000000)
175:Player,BR:0cc/cc/cr876f:4d8d,7s9d|/5h5dKh/4s:-100,100(-100.000000)
176:BR,Player:0r130c/cr299c/r16295f:5cQh,4cAh|/3c4h6s/Jc:529,-529(529.000000)
177:Player,BR:0cr600c/cc/r140r1195c/cr11717f:3d4d,4hJh|/4s7sKd/5d/9h:-2035,2035(-2035.000000)
178:BR,Player:0r200c/cc/r212c/r1938f:5d9h,7sJd|/8dJhAd/9d/4s:512,-512(512.000000)
179:Player,BR:0cc/cc/r130r285c/cr19485f:5hAd,4cAs|/2cJdAh/Qh/Td:-515,515(-515.000000)
180:BR,Player:0r200c/cc/r427f:6s8h,9hJh|/7cKhAc/2c:300,-300(300.000000)
181:Player,BR:0cc/cc/cr435f:ThQc,9hAh|/5h7cJd/3h:-100,100(-100.000000)
182:BR,Player:0cc/cc/r9423f:9hJh,2dAs|/4h8cTh/Ad:100,-100(100.000000)
183:Player,BR:0cc/cc/cr379f:4cQh,9sKs|/5d6hAh/Kc:-100,100(-100.000000)
184:BR,Player:0cc/cc/r876f:5s8h,8dKc|/6sThQc/Js:100,-100(100.000000)
185:Player,BR:0cr600c/cc/r910r2291f:2d6d,4dAs|/3h5sKh/6h:-1610,1610(-1610.000000)
186:BR,Player:0cc/cc/r9423f:4s8c,TdAh|/2c4cJd/Qh:100,-100(100.000000)
187:Player,BR:0cc/cc/cr9423f:4hJc,7cTd|/2c4cAs/Ks:-100,100(-100.000000)
188:BR,Player:0r130c/cr299c/r100c/cr1273f:8cKc,5cTc|/6c9dTh/9s/Td:-629,629(-629.000000)
189:Player,BR:0cc/cc/cr142f:2h4d,2cTh|/6s8h8c/9s:-100,100(-100.000000)
190:BR,Player:0r200c/cr390c/r6042f:4c9s,3dJs|/3sAsAh/Ts:690,-690(690.000000)
191:Player,BR:0cr300c/cc/r200r200r2800r2800f:5cJs,6h6c|/4s4d7s/8c:-3600,3600(-3600.000000)
192:BR,Player:0r200c/cc/r5284f:3c5c,TcJc|/3d8sQh/Qd:300,-300(300.000000)
193:Player,BR:0cr200c/cc/cr100c/cr4028f:JsAs,JhAh|/4c7s8c/6s/6d:-400,400(-400.000000)
194:BR,Player:0f:7hKc,4h9s|:50,-50(50.000000)
195:Player,BR:0cc/cc/cr379c/cr194c:4c8s,4dTd|/4h6cTc/7c/6s:-673,673(-327.954412)
196:BR,Player:0r130c/cc/r285c/r13795f:5sJd,8hJh|/8sTcJs/7s/9h:515,-515(515.000000)
197:Player,BR:0cc/cc/cr2679f:2s8c,6sJc|/6dJhQd/2d:-100,100(-100.000000)
198:BR,Player:0r200c/cr390c/r6042c/cr6723f:JdKh,QdQc|/2d3h9s/5s/Qs:-6732,6732(-6732.000000)
199:Player,BR:0cc/cc/r300r7045f:3h5s,5d7c|/4h6sKc/Th:-400,400(-400.000000)
200:BR,Player:0r130c/cc/r2014f:8hJs,2cAh|/3s9dKc/2d:230,-230(230.000000)
201:Player,BR:0cc/cc/cr379c/cr3172c:5d8c,JdKh|/5h8sAs/Kc/9h:3651,-3651(-1773.369523)
202:BR,Player:0r200c/cc/r212f:ThJd,6s7s|/TdQdKc/Qs:300,-300(300.000000)
203:Player,BR:0cc/cc/cr876f:4hJh,9sQs|/5c8hJc/5d:-100,100(-100.000000)
204:BR,Player:0r200c/cc/r427f:4sTc,2hAd|/9sQsKc/8s:300,-300(300.000000)
205:Player,BR:0cc/cc/cr379f:3c8h,3hJs|/5cJdJc/Qs:-100,100(-100.000000)
206:BR,Player:0r130c/cc/r163c/r13922f:3c8h,2sKs|/TdKcAc/Jc/5h:393,-393(393.000000)
207:Player,BR:0cc/cc/cr100f:9hJc,4sKc|/2d8hAs/2h:-100,100(-100.000000)
208:BR,Player:0f:2s7h,2h5c|:50,-50(50.000000)
209:Player,BR:0cr200c/cc/cr2284f:ThJh,2cAc|/3s4dQc/5s:-300,300(-300.000000)
210:BR,Player:0cc/cr300c/r1741f:QsKh,5dTh|/6h8sAh/8c:400,-400(400.000000)
211:Player,BR:0cr200c/cc/cr4595f:7hAs,JcQd|/2s9dQh/6c:-300,300(-300.000000)
212:BR,Player:0r200c/cc/r1136f:4sKs,9s9d|/6cQdKh/8c:300,-300(300.000000)
213:Player,BR:0cr200c/cc/r600r7881f:2cQc,2dQh|/3c5cJd/8s:-900,900(-900.000000)
214:BR,Player:0r300c/cr520c/cc/r7005f:9sQh,7hJc|/TsTcKs/9c/Th:920,-920(920.000000)
215:Player,BR:0cc/cc/cr9423f:7cQc,7dAd|/5h9hQh/8h:-100,100(-100.000000)
216:BR,Player:0cc/cr130c/r100c/r1652f:4cJc,4h8c|/4s8s9h/Td/5h:330,-330(330.000000)
217:Player,BR:0cc/cc/cr3080f:3hTc,2dJd|/2c5cTh/Qd:-100,100(-100.000000)
218:BR,Player:0r130c/cr460c/r6042f:6s6h,6dJd|/2d4hAh/9s:690,-690(690.000000)
219:Player,BR:0cc/cc/cr124c/cr1706f:3s9h,7s8c|/3d8sQd/Tc/2d:-224,224(-224.000000)
220:BR,Player:0f:8hTs,2s6c|:50,-50(50.000000)
221:Player,BR:0cc/cc/r130r1001c/cr2664f:6cKd,4s6h|/4d9sAd/5d/Ts:-1231,1231(-1231.000000)
222:BR,Player:0r130c/cr299c/r325f:TcJd,2s8s|/7hQsQh/Th:529,-529(529.000000)
223:Player,BR:0cc/cc/cr379f:3d6c,TcKd|/3h8dTs/2d:-100,100(-100.000000)
224:BR,Player:0f:4d8s,2h8c|:50,-50(50.000000)
225:Player,BR:0cc/cc/cc/cc:3cQs,QhKs|/5s5cTc/7d/Ad:-100,100(-60.734002)
226:BR,Player:0r130c/cr460c/r6042f:4h5c,5sQd|/9hJdKc/Ah:690,-690(690.000000)
227:Player,BR:0cr300c/cc/cr3046f:TdAc,8cAh|/4d8hQh/3s:-400,400(-400.000000)
228:BR,Player:0f:6dTh,4h9c|:50,-50(50.000000)
229:Player,BR:0cc/cc/cr216f:4sQd,JsJh|/2s3c6s/Kd:-100,100(-100.000000)
230:BR,Player:0r130c/cc/r1001f:5hKd,4sKs|/7hJhJc/Ad:230,-230(230.000000)
231:Player,BR:0cr300c/cc/r200r2612f:9hJd,8dKs|/7d9dTd/3c:-600,600(-600.000000)
232:BR,Player:0r200c/cr390c/r6042f:3d4c,2sKc|/5h7cJc/Ah:690,-690(690.000000)
233:Player,BR:0cc/cc/cr435f:4c9h,2s7c|/2c4sTd/Jh:-100,100(-100.000000)
234:BR,Player:0r200c/cr390c/cc/r1718f:3h8s,8hAc|/4d8cKd/9h/Ts:690,-690(690.000000)
235:Player,BR:0cc/cc/cc/cc:6s8c,4dAh|/2d2cKs/7s/Qc:-100,100(-30.083674)
236:BR,Player:0r130c/cr299c/r4632f:4sAc,7d9d|/2s3hQh/2c:529,-529(529.000000)
237:Player,BR:0cr300c/cc/cr866f:5s5c,5dAh|/8h9sAc/7h:-400,400(-400.000000)
238:BR,Player:0r130c/cr299c/cc/r16295f:6dAc,4hJd|/8hKsKc/9s/7s:529,-529(529.000000)
239:Player,BR:0cc/cc/r130r4051f:2h9d,QhKc|/3s7sTs/8d:-230,230(-230.000000)
240:BR,Player:0r130c/cc/r871f:6s7d,3dJh|/2s7s9s/7h:230,-230(230.000000)
241:Player,BR:0cr200c/r390c/cr488c/cr630r676f:2h5s,4cAd|/2d2c9h/Ks/As:1808,-1808(1808.000000)
242:BR,Player:0cc/cc/r9423f:3cTh,6d8c|/5d8sQc/Ac:100,-100(100.000000)
243:Player,BR:0cc/cc/cr3080f:3s4d,3d4c|/8sTcAd/8d:-100,100(-100.000000)
244:BR,Player:0r200c/cc/r427c/r1574c:TcQc,2hAs|/5s9sAh/6s/4d:-2301,2301(-2301.000000)
245:Player,BR:0cc/cc/cr379c/cr448r913c:TcQs,AdAc|/3s8sQc/Qh/3h:1840,-1840(-418.124639)
246:BR,Player:0r130c/cr690c/r1309c/r7338f:2d5h,QcAs|/6dTcJc/Ad/8h:2229,-2229(2229.000000)
247:Player,BR:0cc/cc/cr435f:4hKs,JdKh|/4s9sQc/7c:-100,100(-100.000000)
248:BR,Player:0r130c/cr299c/r655f:9s9h,9dQd|/3hJsJc/4s:529,-529(529.000000)
249:Player,BR:0cc/cc/cr379f:6hAc,JcAs|/2cJdKc/7h:-100,100(-100.000000)
250:BR,Player:0r200c/cc/r100c/r14170f:3d4d,4h9h|/9sQsQc/4c/Td:400,-400(400.000000)
251:Player,BR:0cr130c/cc/cr285r865r10508f:2h3h,QhQd|/3s5cAc/9d:-1380,1380(-1380.000000)
252:BR,Player:0r130c/cc/r7085f:9hTs,5cJd|/JhQsAh/4c:230,-230(230.000000)
253:Player,BR:0cr300c/cc/cr1741f:6hJh,2sKd|/4h6s9d/5d:-400,400(-400.000000)
254:BR,Player:0r200c/cr600c/r19100c/cc:9dAd,QhQd|/2d4h7s/9c/5d:-20000,20000(5848.619504)
255:Player,BR:0cc/cc/r200r427c/cr14725f:2cKc,2h7s|/5d9sJc/Kd/Qc:-727,727(-727.000000)
256:BR,Player:0r200c/cc/r1306f:6s6h,2d9d|/5c8sKc/Qd:300,-300(300.000000)
257:Player,BR:0cc/cc/r130r285f:6d7h,2c4h|/TcKcAc/Jc:-230,230(-230.000000)
258:BR,Player:0r200c/cc/r4595c/r490f:8dJh,8s9c|/7dJdKh/5c/Ah:4895,-4895(4895.000000)
259:Player,BR:0cr130c/cc/r115r427c/cr2923f:QhKd,2cAs|/4h4c7d/2s/6s:-772,772(-772.000000)
260:BR,Player:0r200c/cr600c/r7881f:7cQd,4d7s|/2d2c3c/Jd:900,-900(900.000000)
261:Player,BR:0cr300c/cc/r200r16072f:5s8d,4dTc|/6c9sQd/2s:-600,600(-600.000000)
262:BR,Player:0f:3s8c,3d7s|:50,-50(50.000000)
263:Player,BR:0cr600c/r910c/cr7009f:ThAc,QsKc|/JcKhAd/6c:-1610,1610(-1610.000000)
264:BR,Player:0r130c/cc/r14250f:6d9d,5dQs|/6cTcJc/8c:230,-230(230.000000)
265:Player,BR:0cr300c/r520c/cr1991f:9dJc,3sKc|/6s6c7c/Ks:-920,920(-920.000000)
266:BR,Player:0r200c/cc/r371c/r2540f:KhKc,4cJd|/5sTsJs/8d/6s:671,-671(671.000000)
267:Player,BR:0cr200c/r390c/r897r897c/r1324r5419f:7h9h,9sKc|/3h7d7c/Qc/Qd:-3808,3808(-3808.000000)
268:BR,Player:0f:TsAd,2dJs|:50,-50(50.000000)
269:Player,BR:0cc/cc/cr876f:5cKh,4sJc|/2d9s9h/7d:-100,100(-100.000000)
270:BR,Player:0r130c/cc/r871c/cc:5hKs,8hQd|/7hQsKd/2s/As:1101,-1101(962.012287)
271:Player,BR:0cr200c/cc/r390r854c/cr826r16950f:JsQs,5dJh|/7hTsJd/4s/8s:2370,-2370(2370.000000)
272:BR,Player:0f:5dTd,4c9d|:50,-50(50.000000)
273:Player,BR:0cc/cc/cr142r448r6042f:4h9d,3s7d|/3d6d9h/5c:-690,690(-690.000000)
274:BR,Player:0r200c/cc/r1136f:4hQh,2cQs|/4d4cKh/Jh:300,-300(300.000000)
275:Player,BR:0cc/cc/cr9423f:5hKs,8s8h|/QhKcAh/4c:-100,100(-100.000000)
276:BR,Player:0r130c/cr299c/r100r1273r2707c/r15172r219f:6cKd,3s3d|/3c8dJd/9s/8s:-19781,19781(-19781.000000)
277:Player,BR:0cc/cc/cr9423f:2c6d,5dJd|/TcAsAd/Qd:-100,100(-100.000000)
278:BR,Player:0cc/cc/r876f:2dAd,2sQd|/7hQcKc/8h:100,-100(100.000000)
279:Player,BR:0cc/cc/cr8194f:6sTs,8s8d|/8hQdKc/3d:-100,100(-100.000000)
280:BR,Player:0r200c/cc/r1306f:5cTh,2hKc|/6d7d9d/6c:300,-300(300.000000)
281:Player,BR:0cr200c/r390c/cr12153f:5s8d,JdAs|/4d6hTs/Qd:-690,690(-690.000000)
282:BR,Player:0r200c/cr390c/r3004f:5sTh,4dJh|/7sQcKh/9h:690,-690(690.000000)
283:Player,BR:0cc/cc/cr379f:6hKs,3cTc|/9cTsAd/7c:-100,100(-100.000000)
284:BR,Player:0r200c/cr390c/r6042f:TsKh,9dJs|/2c4d6s/2d:690,-690(690.000000)
285:Player,BR:0cc/cc/cr124c/cr1706f:TcKs,JsJh|/QdAdAc/5d/Ah:-224,224(-224.000000)
286:BR,Player:0r130c/cr299c/r753c/r14846f:5s8s,6hTh|/3h5hTs/Jd/Ad:1282,-1282(1282.000000)
287:Player,BR:0cr130c/cc/cr871c/cr12750f:8hTh,JhQh|/TcQdKd/7s/2s:-1101,1101(-1101.000000)
288:BR,Player:0f:QdAd,2c5h|:50,-50(50.000000)
289:Player,BR:0cr130c/cc/r299r2303f:TcKd,4d6h|/2h9dAc/Kc:-529,529(-529.000000)
290:BR,Player:0r300c/cr520c/r16203f:9dQs,6d8d|/3s5c6s/4h:920,-920(920.000000)
291:Player,BR:0cc/cc/r130r130f:3h5s,9sKs|/4h4cTs/7d:-230,230(-230.000000)
292:BR,Player:0r130c/cr460c/r12153f:9dJs,4s7c|/TcJcAs/Kh:690,-690(690.000000)
293:Player,BR:0cr300c/cc/r200r2612f:8dKh,6sQc|/6dKcAs/2h:-600,600(-600.000000)
294:BR,Player:0cc/cr130c/r163r297r297r1393f:2sTh,JhKh|/4h5d8h/7h:-987,987(-987.000000)
295:Player,BR:0cr130c/cc/r115r1502f:7sKc,4hQs|/5d6dKh/Js:-345,345(-345.000000)
296:BR,Player:0r130c/cc/cr460r3004f:4cTc,JhKs|/2d9cQs/Kd:690,-690(690.000000)
297:Player,BR:0cc/cc/r300r569r1791f:2h6h,9sJd|/4d5hQs/Th:969,-969(969.000000)
298:BR,Player:0r130c/cc/r4051f:TdKc,3h5c|/2h3d4s/9c:230,-230(230.000000)
299:Player,BR:0cc/cc/cr435f:2c3h,7sQs|/4c6s9s/2h:-100,100(-100.000000)
300:BR,Player:0r200c/cc/r2627f:5h8c,4d8d|/4h5dKs/2c:300,-300(300.000000)
301:Player,BR:0cr600c/cc/cr2650f:9hAd,TsQd|/8cTcKd/Qh:-700,700(-700.000000)
302:BR,Player:0r200c/cr390c/r100c/r100f:4c6s,7sTd|/9hJhQs/9d/Th:790,-790(790.000000)
303:Player,BR:0cc/cc/cr876f:2c5s,3cTs|/2sJhQh/Ah:-100,100(-100.000000)
304:BR,Player:0r200c/cr390c/r6042r13268f:4hJd,8hAh|/4c8dAd/Tc:-6732,6732(-6732.000000)
305:Player,BR:0cr600c/cc/r910r18390f:5sKs,9cKh|/9dThKd/9h:-1610,1610(-1610.000000)
306:BR,Player:0r130c/cr299c/r4632f:KhAc,QcAh|/7c9sTs/Qh:529,-529(529.000000)
307:Player,BR:0cr300c/cc/cr569f:JcAh,8sAd|/5d7h7d/6h:-400,400(-400.000000)
308:BR,Player:0r130c/cr299c/r19471f:2c7h,QhQd|/2d7d9c/7s:529,-529(529.000000)
309:Player,BR:0cr600c/cc/r140r19160f:4d7d,5c9c|/5d8cAc/Kc:-840,840(-840.000000)
310:BR,Player:0f:7cAh,2hJd|:50,-50(50.000000)
311:Player,BR:0cr300c/cc/cr1741f:5s8s,8dTh|/3dJhKh/7h:-400,400(-400.000000)
312:BR,Player:0r130c/cr299c/r2303c/r3505r10696f:4h5s,ThTd|/3cTsQc/3d/Ad:-6337,6337(-6337.000000)
313:Player,BR:0cc/cc/cr9423f:2h3s,3d5s|/2c8hKh/9h:-100,100(-100.000000)
314:BR,Player:0f:6c7s,2s6h|:50,-50(50.000000)
315:Player,BR:0cc/cc/cr1532f:3cQc,3sKc|/4d7cKh/Ts:-100,100(-100.000000)
316:BR,Player:0r130c/cr690c/r4005f:2c8s,7dTs|/2dJhKs/9h:920,-920(920.000000)
317:Player,BR:0cc/cc/cr3080f:6s8d,3cQc|/3h5s7d/6c:-100,100(-100.000000)
318:BR,Player:0r130c/cr299c/r325f:6dQs,6s8h|/4dJhQh/3c:529,-529(529.000000)
319:Player,BR:0cc/cc/r130r7085f:9dTc,4hTs|/4sQsAc/7h:-230,230(-230.000000)
320:BR,Player:0r130c/cr299c/r2303c/cr5684r5684f:4sTc,9sAc|/2d7d8h/Ah/4d:8516,-8516(8516.000000)
321:Player,BR:0cc/cc/cr1532f:2h9c,8cQc|/2s3c6h/8s:-100,100(-100.000000)
322:BR,Player:0r130c/cr299c/r100c/r5508f:4c9c,4d5h|/7cKhAh/5s/Jh:629,-629(629.000000)
323:Player,BR:0cc/cc/cr124r236c/r598r4606f:3s5c,7s7h|/3c8sKh/3d/9c:-1058,1058(-1058.000000)
324:BR,Player:0f:3d8s,3s8d|:50,-50(50.000000)
325:Player,BR:0cc/cc/r130c/cr871f:3c6h,6s7c|/7d8cAs/9d/7s:-230,230(-230.000000)
326:BR,Player:0r130c/cr299c/cr687r5294f:TcJc,7cAh|/5hQdAs/6h:1216,-1216(1216.000000)
327:Player,BR:0cc/cc/r200r747f:5d8c,4dAs|/2h7d9d/Kh:-300,300(-300.000000)
328:BR,Player:0r130c/cc/r7085f:4dTs,4hQs|/2sQhAs/3c:230,-230(230.000000)
329:Player,BR:0cc/cc/cr379c/cr7336f:5dQs,JhJd|/3c5hTc/Kd/Qh:-479,479(-479.000000)
330:BR,Player:0r130c/cc/r7085f:3hQd,8sJs|/2h2dTs/Kh:230,-230(230.000000)
331:Player,BR:0cc/cc/cr124r376r10567f:9cJd,7h9h|/3cTsJc/9s:-600,600(-600.000000)
332:BR,Player:0r200c/cc/r427c/r4186c:3sJs,7dKs|/2s7s7c/8c/2c:-4913,4913(-4913.000000)
333:Player,BR:0cr200c/cc/cr5284f:4c5c,TdKh|/3s5d6c/8d:-300,300(-300.000000)
334:BR,Player:0r200c/cc/r2627f:6dKs,KdKc|/5h7c8s/8c:300,-300(300.000000)
335:Player,BR:0cr200c/cc/r150c/cr1959f:3s6c,2hAs|/5sJcQh/5c/3h:-450,450(-450.000000)
336:BR,Player:0r130c/cc/r1001f:2h3d,7dQc|/9dTsTh/Jc:230,-230(230.000000)
337:Player,BR:0cc/cc/cr3080f:3h4c,4s6c|/5sTcQh/7h:-100,100(-100.000000)
338:BR,Player:0cc/cc/r3080f:7cJc,2cQs|/2h4c9h/9d:100,-100(100.000000)
339:Player,BR:0cc/cc/r130r573f:4sJh,2dKh|/3d5h7c/7s:-230,230(-230.000000)
340:BR,Player:0r200c/cc/r371r371r3945f:3dAc,6hQh|/4h9s9d/As:1042,-1042(1042.000000)
341:Player,BR:0cr300c/cc/cr1514f:8cAd,2sJc|/3d7cQh/Js:-400,400(-400.000000)
342:BR,Player:0r200c/cc/r2627f:4s7s,7d9h|/2sKdAc/Ah:300,-300(300.000000)
343:Player,BR:0cr600c/cc/cr6130f:TsKs,7cTc|/2c4hAs/Jd:-700,700(-700.000000)
344:BR,Player:0r200c/cr390c/r3004f:8dJc,4sKh|/5s7d9s/7c:690,-690(690.000000)
345:Player,BR:0cc/cc/cr435f:3hQs,9hKh|/3c4c6d/Ts:-100,100(-100.000000)
346:BR,Player:0f:QcKh,3c8d|:50,-50(50.000000)
347:Player,BR:0cc/cc/cr124c/cr1483c:4h7c,7d8c|/6h7sAd/Jd/5d:-1707,1707(-362.950873)
348:BR,Player:0f:4c8h,3c9d|:50,-50(50.000000)
349:Player,BR:0cc/cc/cr435f:3d5c,JsQd|/4c8s9c/Kh:-100,100(-100.000000)
350:BR,Player:0r130c/cc/r7085f:5dJs,8dJh|/6s6c8c/Th:230,-230(230.000000)
351:Player,BR:0cr200c/cc/r150r18332f:KsKh,2s9s|/3h7s8s/6s:-450,450(-450.000000)
352:BR,Player:0r200c/cc/r371c/r10276f:6hQh,4cTd|/6d9d9c/5d/As:671,-671(671.000000)
353:Player,BR:0cc/cc/r200c/r600r600f:7c9h,9cJs|/3d4sAc/6c/2c:-900,900(-900.000000)
354:BR,Player:0r130c/cc/r4051f:2sTc,5s7d|/7c8cJh/As:230,-230(230.000000)
355:Player,BR:0cr200c/r390c/r897r18413f:7hAd,4c7c|/2c5c6d/3h:-1587,1587(-1587.000000)
356:BR,Player:0r130c/cc/r6161f:4d5d,8dAs|/4s5hAh/Js:230,-230(230.000000)
357:Player,BR:0cc/cc/r130c/cr2014f:8hQs,3hKh|/4d5d9c/8d/Tc:-230,230(-230.000000)
358:BR,Player:0r200c/cc/r1306f:2d5h,6h7c|/3c9dTd/3h:300,-300(300.000000)
359:Player,BR:0cr130c/cc/cr285c/cr969c:4sJs,5h7s|/4d7h9s/Tc/2c:-1484,1484(-942.701538)
360:BR,Player:0cc/cr130c/r4051f:9cTc,4h8s|/5dJsQh/Jc:230,-230(230.000000)
361:Player,BR:0cc/cc/r130r2014f:3d5h,7dKc|/2d4c5c/Th:-230,230(-230.000000)
362:BR,Player:0r130c/cr299c/r2003c/r2369r7795f:5cJh,JdKh|/2sJsJc/3h/8d:-4901,4901(-4901.000000)
363:Player,BR:0cr200c/cc/cc/r390r12153f:QdKd,4d7s|/7cThAd/Jh/Kc:-690,690(-690.000000)
364:BR,Player:0r130c/cr299c/r2303c/r14179c:JdQh,4dTs|/3h8sTd/4h/9d:17011,-17011(17011.000000)
365:Player,BR:0cc/cc/cc/cr142f:9dQc,2cQs|/3c7hKc/Jh/3d:-100,100(-100.000000)
366:BR,Player:0cc/cr130c/cc/r14250f:8sKd,4c5h|/7c9hAs/Jd/3s:230,-230(230.000000)
367:Player,BR:0cr200c/cc/r150r366c/cr330c:4h4d,8h8c|/2s3hQs/Jh/Jd:-1146,1146(-849.279177)
368:BR,Player:0r200c/cc/r19700c/cc:9dTh,9sTd|/6d7s7d/8h/Ah:0,-0(12074.601469)
369:Player,BR:0cc/cc/r130r327f:4h7d,JhJc|/6s8cQc/Ad:-230,230(-230.000000)
370:BR,Player:0r130c/cc/r327c/r17158c:JsAc,9sKh|/6s8dTc/8s/3s:17715,-17715(7545.889275)
371:Player,BR:0cc/cc/cr435f:3hAd,4h9s|/2s6dKs/7d:-100,100(-100.000000)
372:BR,Player:0r130c/cr299c/r4028c/r1603c:QdAc,7d9d|/2d5dAs/7c/6c:6160,-6160(2739.612803)
373:Player,BR:0cc/cc/r130r327f:3c4h,6hJc|/4c8cKd/2d:-230,230(-230.000000)
374:BR,Player:0r130c/cr299c/r753f:ThAh,5cQd|/2s2h9h/4c:529,-529(529.000000)
375:Player,BR:0cr130c/r299c/cr4028f:9dTd,QhKh|/4d7sQs/5c:-529,529(-529.000000)
376:BR,Player:0cc/cc/r379c/r1577f:5dAc,3h6h|/3d4s7s/2d/9c:479,-479(479.000000)
377:Player,BR:0cr130c/r299c/r1587r3011r14873f:7h7c,5sQh|/4c7dQd/Tc:5127,-5127(5127.000000)
378:BR,Player:0r130c/cc/r3522f:KhAc,QsQd|/4d9hAs/Th:230,-230(230.000000)
379:Player,BR:0cr300c/cc/cr1741f:6cAc,5cAh|/8hQcKd/Jh:-400,400(-400.000000)
380:BR,Player:0f:6c8h,2d7s|:50,-50(50.000000)
381:Player,BR:0cc/cc/r130r327f:3c4h,2c6h|/4c8d8c/Js:-230,230(-230.000000)
382:BR,Player:0r130c/cc/r3522f:3cJs,7cAc|/2s6hKd/Jd:230,-230(230.000000)
383:Player,BR:0cc/cc/cr124c/cr485f:7sQc,5d6h|/3h5c7h/8s/3c:-224,224(-224.000000)
384:BR,Player:0r130c/cc/r1751f:5cQc,7hJc|/5s5dQh/Ks:230,-230(230.000000)
385:Player,BR:0cr200c/cc/r150r1120f:7dKd,4dTs|/2s8cQc/Jd:-450,450(-450.000000)
386:BR,Player:0f:QsAd,3sTd|:50,-50(50.000000)
387:Player,BR:0cr300c/cc/r200r743f:5dTc,9hKh|/2c9dQh/8c:-600,600(-600.000000)
388:BR,Player:0r130c/cc/r1751f:5d7h,QcKd|/3c5s5c/4h:230,-230(230.000000)
389:Player,BR:0cr600c/cc/r910r7009f:5s7c,3s4c|/6hQdAd/8h:-1610,1610(-1610.000000)
390:BR,Player:0r130c/cr690c/r1309c/cr1083f:9sKc,8cJs|/ThKsAc/Qc/9h:-2229,2229(-2229.000000)
391:Player,BR:0cr300c/cc/cr495c/cr1108f:4hAh,2s4c|/2c3h6d/Qs/Jh:-895,895(-895.000000)
392:BR,Player:0cc/cr130c/r7085f:8dAh,KcAs|/7dTcQs/4h:230,-230(230.000000)
393:Player,BR:0cr600c/cc/r140r7355f:TcAh,4c5c|/3h6cQd/Jc:-840,840(-840.000000)
394:BR,Player:0r200c/cr600c/r637f:3s7h,5h6h|/8sJdQh/3d:900,-900(900.000000)
395:Player,BR:0cr200c/r390c/r1380f:9hAd,3cTh|/8sKdAh/Qc:690,-690(690.000000)
396:BR,Player:0r130c/cr299c/r2303f:7cAc,9sJh|/3s5sQh/4d:529,-529(529.000000)
397:Player,BR:0cr300c/cc/cr7045f:9sQs,7sJc|/QcKhAc/6s:-400,400(-400.000000)
398:BR,Player:0r130c/cc/r14250f:8dJd,3d4s|/5c6h7s/6d:230,-230(230.000000)
399:Player,BR:0cr200c/cc/cr371r1729r17600c/cc:JsJc,TsTh|/7c8cJh/7h/Td:20000,-20000(-18748.686873)
400:BR,Player:0r130c/cc/r142f:8hQs,2d6d|/8cTdJh/5s:230,-230(230.000000)
401:Player,BR:0cr300c/cc/r200r854f:9cQd,TcAh|/5h7h7d/8s:-600,600(-600.000000)
402:BR,Player:0cc/cc/r124f:3h4s,TsJs|/5c6sKd/3c:100,-100(100.000000)
403:Player,BR:0cc/cc/cc/r130r1001f:JdAh,QhKc|/2d5hJs/2s/9d:-230,230(-230.000000)
404:BR,Player:0f:6hTs,2s5c|:50,-50(50.000000)
405:Player,BR:0cr300c/r520c/r1196r1196r3036f:3c5c,7dJs|/3h3d4s/Td:3312,-3312(3312.000000)
406:BR,Player:0cc/cc/r379f:5s9c,3cJd|/2s9hTh/6c:100,-100(100.000000)
407:Player,BR:0cc/cc/r200r747c/cr10543f:2c7s,3s8h|/3h5cAc/4d/5d:-1047,1047(-1047.000000)
408:BR,Player:0r130c/cr299c/r1317f:3c4d,5h8s|/8hQsQd/Ad:529,-529(529.000000)
409:Player,BR:0cc/cc/cr1532f:2dJc,4cAs|/6s9sAd/Td:-100,100(-100.000000)
410:BR,Player:0cc/cc/r435c/r2025f:5cQc,TdJc|/7h7d8d/9c/9s:535,-535(535.000000)
411:Player,BR:0cc/cc/cr379f:2dAc,6cTs|/5d7h8h/Tc:-100,100(-100.000000)
412:BR,Player:0r200c/cr390c/r3004f:5cKd,9hTd|/2s2h5h/7d:690,-690(690.000000)
413:Player,BR:0cc/cc/cr876f:8hQc,7dKc|/2s2c6h/5c:-100,100(-100.000000)
414:BR,Player:0r130c/cc/r2014f:ThQs,8d8c|/7cJsKh/3c:230,-230(230.000000)
415:Player,BR:0cc/cc/r200r2627f:4c8s,7h8d|/5h7sJh/5d:-300,300(-300.000000)
416:BR,Player:0f:3h8c,3c8h|:50,-50(50.000000)
417:Player,BR:0cc/cc/cr142r958f:2sKc,6d8h|/3s9cQc/2h:242,-242(242.000000)
418:BR,Player:0cc/cr130c/r3522c/r7062f:8hJh,6cTc|/2h8cAc/5s/7h:3752,-3752(3752.000000)
419:Player,BR:0cr130c/cc/cr7085f:8dAh,4cQc|/4s6sKc/Th:-230,230(-230.000000)
420:BR,Player:0r130c/cr299c/r374r684f:3c6s,9cJh|/8hTdKs/Jc:-903,903(-903.000000)
421:Player,BR:0cr600c/r910c/r322r2750f:TcJd,6d9h|/3h4sKc/Js:-1932,1932(-1932.000000)
422:BR,Player:0r200c/cc/r2627f:4d6c,6d7d|/2c8sTc/Ac:300,-300(300.000000)
423:Player,BR:0cr200c/r390c/r345r2240f:9sKd,JhJd|/2dJcQs/2c:-1035,1035(-1035.000000)
424:BR,Player:0r130c/cc/r163f:2s4h,7dAc|/3s8sKh/5s:230,-230(230.000000)
425:Player,BR:0cr300c/cc/r200r4569f:7hTh,TcAs|/2d6hAc/3h:-600,600(-600.000000)
426:BR,Player:0cc/cr130c/r498c/r2756c:QhQd,2sKh|/9sQcKc/Js/6s:3484,-3484(1039.784438)
427:Player,BR:0cr300c/r520c/cr8056f:4h5c,4s7h|/2s6hQc/5h:-920,920(-920.000000)
428:BR,Player:0r130c/cr299c/r655c/r3898c:7sAs,5cAh|/4d5hAd/7d/9h:5082,-5082(1202.801660)
429:Player,BR:0cr300c/cc/r200r2612f:6s6c,3c6h|/7sKsAd/Ac:-600,600(-600.000000)
430:BR,Player:0r130c/cr460c/cr2070f:8dQh,6s9d|/5c7h8s/4h:-690,690(-690.000000)
431:Player,BR:0cr200c/cc/r600c/cr317f:9sTd,8sJs|/4c6dKs/Ah/Kd:-900,900(-900.000000)
432:BR,Player:0r130c/cr690c/cr2760r13931f:4d7s,TdJh|/2sKdAc/Jc:3680,-3680(3680.000000)
433:Player,BR:0cc/cc/cr1761f:6cTc,8c9c|/3s3cAh/Js:-100,100(-100.000000)
434:BR,Player:0r130c/cc/r573f:8dQh,ThJd|/2c4dAd/Ah:230,-230(230.000000)
435:Player,BR:0cr300c/cc/cr1741f:5dQd,3dKh|/3s8sTs/6h:-400,400(-400.000000)
436:BR,Player:0r200c/cr390c/r6042f:2h7h,6sAh|/2d6dKs/5h:690,-690(690.000000)
437:Player,BR:0cc/cc/cr876f:5dJc,2d7s|/5c8cTc/Ac:-100,100(-100.000000)
438:BR,Player:0r130c/cc/r871f:AsAd,3dAh|/4cTcQs/6c:230,-230(230.000000)
439:Player,BR:0cc/cc/cr100c/cr142c:4cAs,4sKd|/3h5sAh/3s/8h:342,-342(342.000000)
440:BR,Player:0cc/cc/r3080f:JcQs,8hTd|/2h4c6c/5h:100,-100(100.000000)
441:Player,BR:0cc/cc/cr1532f:4hJs,2sQd|/6dJcAs/Qh:-100,100(-100.000000)
442:BR,Player:0r130c/cr690c/r1139r5301r9108f:2c8c,TcJs|/5c6c7d/4s:7360,-7360(7360.000000)
443:Player,BR:0cc/cc/cr876c/cr6462f:3dTs,2d7c|/3s3h5s/Ad/5d:-976,976(-976.000000)
444:BR,Player:0r300c/cc/r569c/r17066f:2hJd,8hJc|/5sTcQc/7d/3h:969,-969(969.000000)
445:Player,BR:0cr600c/r2100c/r5600f:5s7c,6h9h|/6s8hQc/4c:2800,-2800(2800.000000)
446:BR,Player:0cc/cr130c/r327c/r11282f:8dTd,2cAc|/9sKdAd/6c/7h:557,-557(557.000000)
447:Player,BR:0cr200c/cc/cc/cr2627r6043f:KdAh,2sJd|/7cQdAs/Ac/8s:2927,-2927(2927.000000)
448:BR,Player:0r130c/cr460c/r6042f:5cQd,TsAs|/4h7sTh/3s:690,-690(690.000000)
449:Player,BR:0cr130c/cc/cr7085f:3dAd,8cTh|/5hJcKc/5c:-230,230(-230.000000)
450:BR,Player:0r130c/cc/r7085f:8dJc,2d4d|/3sKhAs/4c:230,-230(230.000000)
451:Player,BR:0cr600c/r1400c/cr2989f:8hTc,6c8s|/2s9cJd/Js:-2100,2100(-2100.000000)
452:BR,Player:0r130c/cc/r2014f:3d4s,5hQc|/6cQhAd/9c:230,-230(230.000000)
453:Player,BR:0cr300c/cc/r200r200c/cr16203f:8s8c,9cQd|/3s4sAc/2s/Kd:-800,800(-800.000000)
454:BR,Player:0r130c/cc/r1751f:6sTd,4dQh|/TsThJc/3h:230,-230(230.000000)
455:Player,BR:0cc/cc/cr124c/cr13879f:2d4s,7dQs|/2c7sKh/Th/3s:-224,224(-224.000000)
456:BR,Player:0cc/cc/r124c/r1706f:ThTc,2cJd|/2dJcAc/Ah/Jh:224,-224(224.000000)
457:Player,BR:0cc/cc/r130r2014r4633f:TsAc,8dKd|/2c4sTh/Tc:2244,-2244(2244.000000)
458:BR,Player:0r130c/cc/r1751f:TdKh,6c8h|/4hQdAd/Th:230,-230(230.000000)
459:Player,BR:0cc/cc/cr100f:3h6c,5cAh|/ThQsQh/8c:-100,100(-100.000000)
460:BR,Player:0r130c/cr299c/cc/r162r1211r1211f:2h9d,5d8h|/4cTcAs/9s/Td:1902,-1902(1902.000000)
461:Player,BR:0cr300c/r1200c/cr160f:9hQs,5cQd|/6dTsAh/5h:-1600,1600(-1600.000000)
462:BR,Player:0f:8s9c,3d7c|:50,-50(50.000000)
463:Player,BR:0cc/cc/cr1761f:4h6s,2s9h|/ThJhQs/5d:-100,100(-100.000000)
464:BR,Player:0r130c/cc/r1001c/r18769f:KcAd,5h7h|/4cQdQc/3d/Qh:1231,-1231(1231.000000)
465:Player,BR:0cc/cc/cr435f:2d3s,9dJs|/2h5d7s/4d:-100,100(-100.000000)
466:BR,Player:0r200c/cc/r9241f:4sTc,6c7d|/2h7cAs/9c:300,-300(300.000000)
467:Player,BR:0cc/cc/r130r130f:3s6c,2dJc|/7s9sTs/5d:-230,230(-230.000000)
468:BR,Player:0f:6dQd,2c7d|:50,-50(50.000000)
469:Player,BR:0cr300c/r520c/cr1309f:5c7c,5h6c|/3c8sQh/Ks:-920,920(-920.000000)
470:BR,Player:0r130c/cc/r2014c/r14858r2898f:4d6s,2h7h|/2d7dJc/3h/2s:-17102,17102(-17102.000000)
471:Player,BR:0cr300c/r520c/r1196r9212f:2s3s,7dQh|/3d9hKd/8s:-2116,2116(-2116.000000)
472:BR,Player:0cc/cc/r124f:7sTd,3h5c|/7h8s9h/8d:100,-100(100.000000)
473:Player,BR:0cr200c/cc/cr244c/r176r1792f:3cAc,8cKd|/5d7h7d/3h/Tc:-720,720(-720.000000)
474:BR,Player:0cc/cc/r1761f:3c9c,3dQh|/7h7dKd/4c:100,-100(100.000000)
475:Player,BR:0cc/cc/r130r498f:8sQh,3c7c|/4c5h7s/2h:-230,230(-230.000000)
476:BR,Player:0f:6cAd,3s7h|:50,-50(50.000000)
477:Player,BR:0cr300c/cc/r800r5224f:7h9s,8cTh|/3c5dQc/8s:-1200,1200(-1200.000000)
478:BR,Player:0r130c/cc/r327c/r19443f:4d5c,8sTs|/2c9hQs/8h/Kc:557,-557(557.000000)
479:Player,BR:0cc/cc/cr124c/r100r4962f:4sTc,5c8c|/8hTdKh/3d/2d:-324,324(-324.000000)
480:BR,Player:0r130c/cc/r2014f:2h3c,TdAh|/JhJdQd/9h:230,-230(230.000000)
481:Player,BR:0cc/cc/cr379f:ThJc,8cJh|/6d8sAs/4c:-100,100(-100.000000)
482:BR,Player:0r200c/cr390c/r211r1583r10814f:8dKs,QsQc|/2d8hJs/3h:2484,-2484(2484.000000)
483:Player,BR:0cc/cc/r130r285f:2d7s,6hJd|/4h5cJh/As:-230,230(-230.000000)
484:BR,Player:0cc/cr130c/cr299r16295f:4s9h,JhKh|/6cTcJs/Ad:529,-529(529.000000)
485:Player,BR:0cc/cc/cr435f:3hKs,4d7c|/3c9hAc/6h:-100,100(-100.000000)
486:BR,Player:0r130c/cc/r2014f:2s5h,6s6c|/7s7dJd/Kc:230,-230(230.000000)
487:Player,BR:0cc/cc/cr435f:3dTh,2c3c|/2d5sKs/7h:-100,100(-100.000000)
488:BR,Player:0r130c/cc/r4051f:JhQd,JdKc|/4c6dAh/Ks:230,-230(230.000000)
489:Player,BR:0cc/cc/cr3080f:6c9h,4h4c|/3s8s9c/Ts:-100,100(-100.000000)
490:BR,Player:0r130c/cr299c/r186r1108r1108c/cr5454f:3h3c,QdKh|/7cKsKd/6c/6d:-2931,2931(-2931.000000)
491:Player,BR:0cc/cc/cr142c/cr5637f:4c6h,6s8s|/4d5c9s/Qd/Qc:-242,242(-242.000000)
492:BR,Player:0r130c/cr299c/r2303r5684f:7hAs,5sQs|/8sTsJs/6c:-2832,2832(-2832.000000)
493:Player,BR:0cc/cc/cr379c/cr3172f:5sTd,7dJc|/5c6cQd/Js/Tc:-479,479(-479.000000)
494:BR,Player:0r130c/cc/r1001f:4cKd,5sQc|/2c8dJd/9s:230,-230(230.000000)
495:Player,BR:0cc/cc/cr435f:3s9d,7d9h|/4dQcAc/Ts:-100,100(-100.000000)
496:BR,Player:0r200c/cr390c/r3004f:7c8s,8hTc|/2c9s9d/Kc:690,-690(690.000000)
497:Player,BR:0cc/cc/cr761f:3s6c,TcKc|/7s9cKs/Jc:-100,100(-100.000000)
498:BR,Player:0r130c/cc/r7085f:JcAh,4dQc|/4s7sTh/2c:230,-230(230.000000)
499:Player,BR:0cr300c/cc/r200r2271f:5h6h,7h8h|/8d8cJd/Qs:-600,600(-600.000000)
500:BR,Player:0r200c/cc/r2627f:4s6h,4dKh|/7s9sKs/5h:300,-300(300.000000)
501:Player,BR:0cr300c/cc/r200r5254c/cr8331r5815f:4h7d,JdAs|/7s7hQs/4d/3h:14185,-14185(14185.000000)
502:BR,Player:0r130c/cc/r285c/r11996f:4h5s,9sJd|/3d4s7h/8d/2s:515,-515(515.000000)
503:Player,BR:0cr200c/cc/r150r1704f:JdAc,2s3c|/2h3hTc/Td:-450,450(-450.000000)
504:BR,Player:0r130c/cr299c/r4632f:3dQc,6sJh|/4d7hKh/6c:529,-529(529.000000)
505:Player,BR:0cc/cc/cr3080f:8d9c,4sJh|/2h8hKh/Ac:-100,100(-100.000000)
506:BR,Player:0r130c/cc/r573f:5sKc,7cKs|/2c6dQs/6s:230,-230(230.000000)
507:Player,BR:0cr300c/r520c/cr651c/cr9045f:7cJc,9cJs|/4s4hAc/7d/Tc:-1571,1571(-1571.000000)
508:BR,Player:0r130c/cc/r3522f:4sTs,TcAs|/4dTdQc/5c:230,-230(230.000000)
509:Player,BR:0cc/cc/r130r573c/cr8086f:3hJh,2c5c|/3d8d9h/8s/4d:-803,803(-803.000000)
510:BR,Player:0r130c/cr299c/r100c/r5508f:9dAs,5cJd|/2s5hQc/Qs/Th:629,-629(629.000000)
511:Player,BR:0cc/cc/cr216c/cr684f:4d9s,4cTs|/3s4h8h/Qs/Kh:-316,316(-316.000000)
512:BR,Player:0r130c/cc/r2014f:4s4h,5s8s|/9h9cJc/Js:230,-230(230.000000)
513:Player,BR:0cc/cc/cr9423f:3sQh,3c7c|/6cKcAh/Qs:-100,100(-100.000000)
514:BR,Player:0cc/cr130c/r2014f:6s8h,2cQh|/3s4s9s/5d:230,-230(230.000000)
515:Player,BR:0cc/cc/cr100f:ThJc,2dTc|/6s6dQc/2h:-100,100(-100.000000)
516:BR,Player:0r130c/cr299c/cr687r5294f:ThKc,7hAs|/2d5s7d/5h:1216,-1216(1216.000000)
517:Player,BR:0cr600c/cc/cr431f:2h3d,5d6s|/5hKsKd/7h:-700,700(-700.000000)
518:BR,Player:0r130c/cc/r1001f:6h8s,7dTc|/7sKsKc/2d:230,-230(230.000000)
519:Player,BR:0cc/cc/cr876f:5s6d,5c6h|/3cTdAd/Jd:-100,100(-100.000000)
520:BR,Player:0f:5dKd,2c6h|:50,-50(50.000000)
521:Player,BR:0cr300c/cc/cr7045f:5d7d,2h5c|/9sJcKs/3d:-400,400(-400.000000)
522:BR,Player:0cc/cr130c/r498c/r2756f:TcKh,2sJs|/4d7hKs/9s/9c:728,-728(728.000000)
523:Player,BR:0cc/cc/r130r285c/cr6859f:5s7d,2hJh|/4d6d7h/Js/7c:-515,515(-515.000000)
524:BR,Player:0r200c/cr600c/r1114r2126c/r10305f:JhQc,4d4c|/4h9dJc/Qs/Td:4140,-4140(4140.000000)
525:Player,BR:0cr600c/r910c/r4830r4830c/cc:JsJd,3c9h|/5cJcKh/2d/9c:11270,-11270(11270.000000)
526:BR,Player:0cc/cc/r3080f:3hJc,5cAd|/5d7h9d/9s:100,-100(100.000000)
527:Player,BR:0cr130c/r460c/r138r138f:8hTc,5sJs|/3d7d8d/4d:-828,828(-828.000000)
528:BR,Player:0r200c/cc/r212r212r3152f:4hJh,4dKc|/4s6h8d/6s:724,-724(724.000000)
529:Player,BR:0cc/cc/cr124c/cr6000f:3h4s,5s5c|/4dJhJd/4c/9h:-224,224(-224.000000)
530:BR,Player:0r130c/cc/r2014f:7h9h,5cKh|/JsQhQd/4h:230,-230(230.000000)
531:Player,BR:0cc/cc/cr8194f:5dKh,4cKd|/2d4hKc/Qh:-100,100(-100.000000)
532:BR,Player:0r130c/cr299c/r186c/r14482f:5dQh,JcKd|/2s4sJh/2h/Ac:715,-715(715.000000)
533:Player,BR:0cc/cc/r130r130f:2cTh,2s6h|/4s4h9s/8d:-230,230(-230.000000)
534:BR,Player:0r200c/cc/r2627f:2h7d,4sKh|/5sJcKs/7c:300,-300(300.000000)
535:Player,BR:0cc/cc/cr3080f:5c8h,7sTs|/3cJhKd/Kc:-100,100(-100.000000)
536:BR,Player:0r130c/cc/r1751f:TsAc,3c6s|/3sJhAs/9d:230,-230(230.000000)
537:Player,BR:0cc/cc/cr435f:2c9c,9sJc|/6d8s8d/5d:-100,100(-100.000000)
538:BR,Player:0r130c/cr460c/r488f:3h9d,7d8h|/2s5sAs/Kc:690,-690(690.000000)
539:Player,BR:0cc/cc/cr876f:5dKc,2dQh|/3h7s8d/7h:-100,100(-100.000000)
540:BR,Player:0cc/cr200c/r427f:9cJs,6h9s|/4c5cQs/Tc:300,-300(300.000000)
541:Player,BR:0cc/cc/cr3080f:6hAc,3c7s|/2s9dJd/Tc:-100,100(-100.000000)
542:BR,Player:0r130c/cr690c/r100f:5cQh,6sQd|/7d8c9s/6c:920,-920(920.000000)
543:Player,BR:0cr200c/cc/cr1306f:KdAd,2d4s|/2s3cJh/Qc:-300,300(-300.000000)
544:BR,Player:0f:KsAs,2s8d|:50,-50(50.000000)
545:Player,BR:0cc/cc/r200r1306c/cr10634f:6h8d,TdQd|/7d9hAs/5s/8s:-1606,1606(-1606.000000)
546:BR,Player:0f:4h6h,2c9s|:50,-50(50.000000)
547:Player,BR:0cr300c/r520c/r1840f:2sTs,4h6s|/8cJsKh/9s:920,-920(920.000000)
548:BR,Player:0r200c/cc/r2627f:8cTs,5s5d|/2d9cJs/3d:300,-300(300.000000)
549:Player,BR:0cr600c/r910c/r4830f:QdAc,6cKd|/2c9hQh/As:1610,-1610(1610.000000)
550:BR,Player:0r130c/cr299c/r186c/r2047f:4cKh,9hJh|/6s6hAd/4h/Jc:715,-715(715.000000)
551:Player,BR:0cr300c/cc/r200r2612f:TdKs,2h3s|/5s6hKh/3h:-600,600(-600.000000)
552:BR,Player:0r130c/cc/r1751f:7dTc,JhKc|/2s6d7s/7c:230,-230(230.000000)
553:Player,BR:0cr200c/cc/r150r1959f:8c9c,7cJd|/3h5c7h/6h:-450,450(-450.000000)
554:BR,Player:0r130c/cc/r1001f:TsKh,3hJc|/5dJdQh/6h:230,-230(230.000000)
555:Player,BR:0cc/cc/cr3080f:3c4h,2h9c|/3s5s6d/Qc:-100,100(-100.000000)
556:BR,Player:0r200c/cc/r9241f:6s9c,2s3s|/2h4hKh/Qs:300,-300(300.000000)
557:Player,BR:0cr200c/cc/cc/cr1136c:9h9d,3h8d|/8sJhKc/As/3s:-1436,1436(-1293.917165)
558:BR,Player:0r130c/cr299c/r753c/r12910f:3cTh,QdKh|/8sJdQs/Ah/9h:1282,-1282(1282.000000)
559:Player,BR:0cr300c/r800c/cc/cr10508f:QhQc,7hJh|/2hTsJs/Qs/3s:-1200,1200(-1200.000000)
560:BR,Player:0r200c/cc/r1136f:7sKc,5dQh|/JhQdAc/Td:300,-300(300.000000)
561:Player,BR:0cc/cc/r130r2014f:9cQs,6cKh|/5d6h8c/3h:-230,230(-230.000000)
562:BR,Player:0r130c/cr299c/r753f:4c5s,9cJh|/3d8cKs/3h:529,-529(529.000000)
563:Player,BR:0cr130c/r299c/r687r1731f:9hJh,5h5d|/4h6cKh/3c:-1216,1216(-1216.000000)
564:BR,Player:0r130c/cc/r7085f:3s6h,QsQc|/5d7hKs/8s:230,-230(230.000000)
565:Player,BR:0cr300c/cc/r520r2290f:5s9h,KhAc|/2h4c8d/6c:-920,920(-920.000000)
566:BR,Player:0cc/cr130c/r1751c/r697c:7hQh,4hTc|/4s7cJh/7s/Js:2678,-2678(1401.111578)
567:Player,BR:0cc/cc/r130r871f:3dAs,4s7s|/3c4h7d/Qh:-230,230(-230.000000)
568:BR,Player:0r130c/cc/r327f:3dKc,6cTh|/5d8c9d/4d:230,-230(230.000000)
569:Player,BR:0cc/cc/cr142f:3cKs,KhAc|/4c8c9d/5h:-100,100(-100.000000)
570:BR,Player:0r200c/cr390c/r982f:3cJs,6h8h|/2sJhKc/Ah:690,-690(690.000000)
571:Player,BR:0cr200c/cc/r150r1704c/cr17846f:5hAc,7hJd|/7cTsAs/Jh/7d:-2154,2154(-2154.000000)
572:BR,Player:0r130c/cc/r871c/r3624c:7cKs,AsAd|/3s7s8h/4s/Jc:-4725,4725(12.561559)
573:Player,BR:0cr600c/cc/cr5330f:QsQc,8hKd|/3d9hKh/2h:-700,700(-700.000000)
574:BR,Player:0r130c/cc/r1751f:6d7h,4hQs|/7d8dKd/7s:230,-230(230.000000)
575:Player,BR:0cc/cc/r200c/r150r3426f:7s8h,JsQs|/5c6d8c/3d/Qd:-450,450(-450.000000)
576:BR,Player:0r130c/cc/r3522c/r16248f:5cKh,TsTc|/6h9dKd/Jc/Ah:3752,-3752(3752.000000)
577:Player,BR:0cc/cc/cr761f:9dKs,3s6h|/5d6d6c/2c:-100,100(-100.000000)
578:BR,Player:0r200c/cr390c/r100f:KsAh,2dQc|/4s4d9d/Jh:690,-690(690.000000)
579:Player,BR:0cc/cc/cr379f:4hJc,8cAs|/QsQhAd/7s:-100,100(-100.000000)
580:BR,Player:0f:6s8s,2d5c|:50,-50(50.000000)
581:Player,BR:0cr600c/cc/r140r594r1086r3586c/cr7556f:JdAh,JhQh|/2h9cTc/Ad/Qc:-6106,6106(-6106.000000)
582:BR,Player:0r130c/cc/r327c/cr1030r3950f:4dKs,KdKc|/7h9hTc/9d/Ac:1587,-1587(1587.000000)
583:Player,BR:0cr600c/cc/r910c/cr14098f:KsKc,2s2c|/2h8dTd/9s/Qh:-1610,1610(-1610.000000)
584:BR,Player:0r200c/cc/r212r838r11821f:TdTc,4hJh|/4c8sAc/Jd:1350,-1350(1350.000000)
585:Player,BR:0cc/cc/cr876f:3d9h,6c9d|/2hQdKs/Ad:-100,100(-100.000000)
586:BR,Player:0r130c/cc/r498f:ThJc,5dKs|/3h8cJs/Qd:230,-230(230.000000)
587:Player,BR:0cc/cc/cr876f:6cKd,4d5c|/3sQhAd/Ac:-100,100(-100.000000)
588:BR,Player:0r130c/cr299c/r4632f:4c6s,3cTc|/5s9h9d/Th:529,-529(529.000000)
589:Player,BR:0cc/cc/cr379f:9cQs,5c8d|/3c5d8h/Ad:-100,100(-100.000000)
590:BR,Player:0r130c/cr460c/r6042f:3sKd,4c7h|/3c6dJs/Qs:690,-690(690.000000)
591:Player,BR:0cc/cc/r130c/r460r460f:7cJd,3d3c|/2dTcJh/4s/2c:-690,690(-690.000000)
592:BR,Player:0r130c/cr299c/r14170f:9s9d,6c7d|/2h9cQh/5s:529,-529(529.000000)
593:Player,BR:0cc/cc/cr142c/cr1393f:3dQd,KsAs|/2dJhQh/9s/2s:-242,242(-242.000000)
594:BR,Player:0r200c/cc/r9241f:3sTd,KdAs|/4s6h9c/Qh:300,-300(300.000000)
595:Player,BR:0cc/cc/cr142f:5hKc,8dJh|/3sThTc/4d:-100,100(-100.000000)
596:BR,Player:0r200c/cr390c/r982c/cc:ThAs,4h4c|/4s5d6c/2c/8s:-1672,1672(-1672.000000)
597:Player,BR:0cr600c/cc/r350r9194f:JhJc,JsAc|/7s8hQc/Ts:-1050,1050(-1050.000000)
598:BR,Player:0r130c/cr299c/cr687r10648f:ThAs,6cTd|/9sQsKh/8h:1216,-1216(1216.000000)
599:Player,BR:0cc/cc/r130r7085f:5s8s,2hQh|/ThKdAd/Kh:-230,230(-230.000000)
600:BR,Player:0r130c/cr460c/r2612f:QsQh,5s6c|/JcQdKc/7c:690,-690(690.000000)
601:Player,BR:0cr600c/cc/cr3047f:2s3d,2c3s|/2h5sKh/8d:-700,700(-700.000000)
602:BR,Player:0cc/cc/r249c/r12363f:5sJc,3cQc|/2dKdAc/Tc/9s:349,-349(349.000000)
603:Player,BR:0cc/cc/r600r1742f:5dTh,8dTd|/7s8sAs/Js:-700,700(-700.000000)
604:BR,Player:0f:5cQc,4s9d|:50,-50(50.000000)
605:Player,BR:0cr130c/cc/cr1001f:7cAd,9cQh|/2c3hJd/Kc:-230,230(-230.000000)
606:BR,Player:0cc/cc/r3080f:2d8d,8cJs|/5c7sAd/Qh:100,-100(100.000000)
607:Player,BR:0cr200c/r390c/r345r2240f:ThJc,6s7h|/2c4c8d/5c:-1035,1035(-1035.000000)
608:BR,Player:0r130c/cc/r14250f:7d8s,6sAc|/7hJhQh/4c:230,-230(230.000000)
609:Player,BR:0cc/cc/cr142c/cr2802f:5h7d,9sQd|/5d6hJh/4s/Td:-242,242(-242.000000)
610:BR,Player:0r130c/cc/r2014f:4s4c,6cAh|/7h8sKs/9h:230,-230(230.000000)
611:Player,BR:0cr600c/cc/r350r4571c/r3199f:6d7d,5dJd|/3d7s7h/2s/Th:5621,-5621(5621.000000)
612:BR,Player:0r130c/cc/r4051f:6cJs,3sAd|/2hThQs/7h:230,-230(230.000000)
613:Player,BR:0cc/cc/cr8194c/r100c:3cKc,8dQd|/3dQcAc/Jd/Ah:-8394,8394(3045.255858)
614:BR,Player:0r130c/cc/r871c/r7290f:ThJs,9hQd|/8hQcAc/Td/Qh:1101,-1101(1101.000000)
615:Player,BR:0cr300c/cc/r520r8056f:5cQd,5s5d|/3s4s8h/Ah:-920,920(-920.000000)
616:BR,Player:0r130c/cc/r19770c/cc:2d4s,KhKc|/2c4d7d/9s/7s:-20000,20000(-18806.554487)
617:Player,BR:0cr300c/cc/cr283c/cr13834f:JdAh,5h7d|/3sJsQc/8h/3c:-683,683(-683.000000)
618:BR,Player:0r130c/cr299c/r2003c/r17468c:3d4h,AhAc|/4dJhAd/3c/Kc:-20000,20000(2572.652137)
619:Player,BR:0cc/cc/cr435c/cr662c:5d9s,4cKs|/6c9dJs/8c/As:1197,-1197(1197.000000)
620:BR,Player:0r130c/cc/r1751f:5dTh,4d8c|/3hTsTc/Jc:230,-230(230.000000)
621:Player,BR:0cr200c/cc/cr5284f:3h5h,8sAs|/5c7d9c/Ks:-300,300(-300.000000)
622:BR,Player:0r200c/cc/r4595f:7sKd,QsQd|/5d7dAc/Ks:300,-300(300.000000)
623:Player,BR:0cc/cc/cr435f:2s3c,2d9s|/6h8sAs/Ks:-100,100(-100.000000)
624:BR,Player:0r200c/cr390c/r243r1447r10361f:3s7h,8cTc|/8s8hQs/Kc:2380,-2380(2380.000000)
625:Player,BR:0cr130c/cc/r115r747f:5cJc,ThKc|/9sTsJh/6s:-345,345(-345.000000)
626:BR,Player:0r130c/cc/r1001f:4h7s,5dQs|/6sQhAs/Jh:230,-230(230.000000)
627:Player,BR:0cr200c/r390c/r1380r1380c/cr11357f:9sJs,TcKc|/3c4h8d/9c/6h:-3450,3450(-3450.000000)
628:BR,Player:0r200c/cc/r212c/r7841f:2sKd,5d7s|/7cKcAh/4c/2c:512,-512(512.000000)
629:Player,BR:0cc/cc/r130r2014f:6h7c,JhKh|/4s8cTd/6c:-230,230(-230.000000)
630:BR,Player:0r130c/cc/r7085f:9cQc,4hQs|/2dJcAs/5s:230,-230(230.000000)
631:Player,BR:0cc/cc/cc/r130r14250f:8d9h,9sJc|/2hQsAd/4h/7s:-230,230(-230.000000)
632:BR,Player:0r200c/cc/r1306f:6dKc,3d3c|/4s5c7h/9s:300,-300(300.000000)
633:Player,BR:0cc/cc/cr124f:6c8d,3sJc|/3d5sJh/5c:-100,100(-100.000000)
634:BR,Player:0r130c/cc/r4051f:3c4h,8d8c|/4cTsKs/2d:230,-230(230.000000)
635:Player,BR:0cr300c/cc/r800r5224c/r3656f:6cJc,5s9c|/5c8cTd/7s/2s:6424,-6424(6424.000000)
636:BR,Player:0cc/cc/r124c/r5218f:3c6s,2cJd|/6h7sKd/2h/9s:224,-224(224.000000)
637:Player,BR:0cr300c/cc/cr7045f:JcAd,TsKd|/3h8sQh/Jd:-400,400(-400.000000)
638:BR,Player:0r130c/cc/r1001f:4d5d,TdJh|/5hTsKd/8c:230,-230(230.000000)
639:Player,BR:0cc/cc/cr8194f:3sQd,5cAd|/5dTdAs/3d:-100,100(-100.000000)
640:BR,Player:0cc/cr200c/r100c/r19600f:5cAd,4h8s|/4d8hKd/Qc/3s:400,-400(400.000000)
641:Player,BR:0cc/cc/cr3080f:4s9d,7dTd|/QsKsAd/As:-100,100(-100.000000)
642:BR,Player:0cc/cr130c/r498c/r6375f:8sKs,4cAd|/4sJdQs/Kd/9h:728,-728(728.000000)
643:Player,BR:0cc/cc/cr142f:2hQc,5dTh|/3c4hJd/9h:-100,100(-100.000000)
644:BR,Player:0r130c/cc/r285f:6s6c,9dJc|/2d4sAc/5h:230,-230(230.000000)
645:Player,BR:0cr300c/cc/cr996f:TcAc,ThQc|/2s8dJc/8h:-400,400(-400.000000)
646:BR,Player:0r130c/cr690c/r4005f:2cJd,7hQc|/4h8s9d/3s:920,-920(920.000000)
647:Player,BR:0cc/cc/cr435f:2h9h,2c8d|/5s6c7d/Ts:-100,100(-100.000000)
648:BR,Player:0r130c/cc/cc/r1751f:QdKs,9hAh|/3d4h7c/Js/Qh:230,-230(230.000000)
649:Player,BR:0cc/cc/r200r1306f:4cTs,2s7h|/6cKhAd/Kd:-300,300(-300.000000)
650:BR,Player:0r130c/cc/r498r1342f:2hJc,9hAc|/4c9cJd/9s:-728,728(-728.000000)
651:Player,BR:0cr300c/r520c/cr3483f:4s4c,KhKd|/3s7sJc/9d:-920,920(-920.000000)
652:BR,Player:0cc/cc/r9423f:9sJc,4sTd|/6d7s9c/8d:100,-100(100.000000)
653:Player,BR:0cc/cc/cr124f:4h7d,3s8h|/2c8cJs/Qd:-100,100(-100.000000)
654:BR,Player:0r130c/cr299c/r655r1249c/r6056c:KsKh,5dJh|/2h5hAc/Jc/3s:-8489,8489(234.776542)
655:Player,BR:0cc/cc/cr761f:4cJc,3sKh|/2s6hQd/Kd:-100,100(-100.000000)
656:BR,Player:0r130c/cc/cr460r18483f:3sAs,QhKd|/2d8dTh/9d:690,-690(690.000000)
657:Player,BR:0cc/cc/r200r5284f:2cQc,2d9h|/3h9dQs/6c:-300,300(-300.000000)
658:BR,Player:0cc/cc/r1761f:4d4c,7c8s|/5d8dKc/Jc:100,-100(100.000000)
659:Player,BR:0cc/cc/cr379f:7s9c,4sAs|/2dTcQh/Ac:-100,100(-100.000000)
660:BR,Player:0r130c/cr460c/r6042f:6sAs,5cJd|/3sTdJs/Qd:690,-690(690.000000)
661:Player,BR:0cc/cc/cr379c/cr11157f:3sQc,5sJs|/3d4hJd/9c/7h:-479,479(-479.000000)
662:BR,Player:0cc/cc/r9423f:2cTd,8sQd|/6h7hKs/7c:100,-100(100.000000)
663:Player,BR:0cc/cc/cr1761f:3sJh,4d5d|/5c7cQd/8c:-100,100(-100.000000)
664:BR,Player:0r130c/cr460c/r243f:3dJc,2sQc|/3s6d9h/8c:690,-690(690.000000)
665:Player,BR:0cc/cc/cr379c/cr19521f:3c4s,9sJc|/4d6sJs/5d/8c:-479,479(-479.000000)
666:BR,Player:0f:5sJd,2s7d|:50,-50(50.000000)
667:Player,BR:0cc/cc/cr9423f:7s8d,6sJc|/2hThAd/Qd:-100,100(-100.000000)
668:BR,Player:0r130c/cr299c/r753f:TsQh,5cKh|/ThJdAh/9c:529,-529(529.000000)
669:Player,BR:0cr200c/cc/cr1306f:4d4c,2d9d|/5s6sTs/2h:-300,300(-300.000000)
670:BR,Player:0r130c/cr299c/r753f:8hKd,4cQs|/4s5hAh/6c:529,-529(529.000000)
671:Player,BR:0cr200c/cc/r900r900f:4s8h,5dAd|/2s3dQd/Qs:-1200,1200(-1200.000000)
672:BR,Player:0f:JcAc,3d7s|:50,-50(50.000000)
673:Player,BR:0cr300c/r520c/cr8056f:5hTs,4hJd|/2c7hAh/8d:-920,920(-920.000000)
674:BR,Player:0r200c/cc/r100c/r2003c:3d8s,5cQh|/6sQsKh/Ac/Qd:-2403,2403(-2403.000000)
675:Player,BR:0cr300c/cc/cr6126f:5c7h,JsKs|/7d9dKc/Kd:-400,400(-400.000000)
676:BR,Player:0r130c/cr299c/r374c/r5199f:2sAs,5d6c|/4s4d5c/8c/Kc:903,-903(903.000000)
677:Player,BR:0cc/cc/cr9423f:4d9h,2s4h|/9dQcAc/Ks:-100,100(-100.000000)
678:BR,Player:0r130c/cc/r7085f:7hAc,QcKh|/7s9cJc/Jh:230,-230(230.000000)
679:Player,BR:0cc/cc/cr9423f:5sTc,3hAc|/3d5d6c/4c:-100,100(-100.000000)
680:BR,Player:0r200c/cr390c/r3004f:3dAs,6d9h|/5hKdAh/Qs:690,-690(690.000000)
681:Player,BR:0cc/cc/r130r285c/cr6859c:8c9s,9dQs|/5d9cAs/4d/Jh:-7374,7374(-7012.783774)
682:BR,Player:0r130c/cc/r1001f:5d6d,9hTd|/3hQcAc/Ks:230,-230(230.000000)
683:Player,BR:0cc/cc/cr876f:2c7s,6hAc|/9dJdKd/5s:-100,100(-100.000000)
684:BR,Player:0f:2hAh,3c9s|:50,-50(50.000000)
685:Player,BR:0cr600c/cc/r140r14794f:TcAc,3h5d|/5h8hQs/Qd:-840,840(-840.000000)
686:BR,Player:0r130c/cc/r871c/r18899f:7cKh,8h9c|/7s7h8c/5c/Qd:1101,-1101(1101.000000)
687:Player,BR:0cr300c/cc/r200r5254f:JsAs,2d5c|/6h7s7d/3h:-600,600(-600.000000)
688:BR,Player:0cc/cc/r9423f:3c8s,4c9d|/4d5dJh/Qs:100,-100(100.000000)
689:Player,BR:0cr200c/cc/r150c/cr7926f:QdAc,6sAd|/3s9hKh/2c/Kd:-450,450(-450.000000)
690:BR,Player:0r200c/cc/r1306f:6cQs,JdAh|/5h7sKc/7h:300,-300(300.000000)
691:Player,BR:0cr300c/r1200c/r2080r2080f:6h7d,3c5h|/3h4dTh/8h:-3680,3680(-3680.000000)
692:BR,Player:0f:5dAc,3cTd|:50,-50(50.000000)
693:Player,BR:0cc/cc/cr435f:6cTs,7c8c|/4d9hAc/Qh:-100,100(-100.000000)
694:BR,Player:0r130c/cc/r7085f:4h8h,6cTd|/3d7sKc/4c:230,-230(230.000000)
695:Player,BR:0cc/cc/r130r130c/r330r6042f:6c8h,5cAc|/3h7h9h/7d/4d:-690,690(-690.000000)
696:BR,Player:0f:6h8c,2cTh|:50,-50(50.000000)
697:Player,BR:0cr300c/cc/cr3503f:7h8h,6h8s|/4d7d9s/9d:-400,400(-400.000000)
698:BR,Player:0cc/cc/r9423f:8s9h,3dTs|/2d3s5d/Jh:100,-100(100.000000)
699:Player,BR:0cc/cc/cr124f:2dKs,5hTh|/3d3c7s/5d:-100,100(-100.000000)
700:BR,Player:0f:2d9d,2c3s|:50,-50(50.000000)
701:Player,BR:0cc/cc/r200r9241f:3h4d,3cJh|/2h8hQh/6d:-300,300(-300.000000)
702:BR,Player:0cc/cc/r9423f:3c7h,9hQc|/2s5dJd/Td:100,-100(100.000000)
703:Player,BR:0cc/cc/r130r130c/cr1802c:2h6h,2cTc|/4h7cJh/5c/8c:-2162,2162(-2162.000000)
704:BR,Player:0r130c/cc/cc/r14250f:4cKd,6d6c|/3h7cAs/Th/7s:230,-230(230.000000)
705:Player,BR:0cc/cc/r300r19600f:8h9c,TsKs|/5cTdKc/2s:-400,400(-400.000000)
706:BR,Player:0cc/cr130c/r871f:8dTc,3sJh|/8cThAs/Qh:230,-230(230.000000)
707:Player,BR:0cc/cc/cr124c/r100r1411f:6dTd,6c7s|/4s7dTs/Jh/5s:-324,324(-324.000000)
708:BR,Player:0r200c/cc/r2627c/r7286c:8cKh,3s7s|/3c5sQh/9s/7h:-10213,10213(-10213.000000)
709:Player,BR:0cr300c/cc/cr6126f:4s5s,9h9d|/7d9sKd/4h:-400,400(-400.000000)
710:BR,Player:0r130c/cc/r327c/cc:2hJs,QdAc|/5d8dTh/5h/4s:-557,557(-557.000000)
711:Player,BR:0cc/cc/cr9423f:2dQs,4s6c|/8dQdAs/2s:-100,100(-100.000000)
712:BR,Player:0r130c/cc/r163f:3hTc,9hQc|/6s7hJs/4h:230,-230(230.000000)
713:Player,BR:0cr200c/cc/r150r1959f:JsJh,8cKd|/2hThAc/9c:-450,450(-450.000000)
714:BR,Player:0r200c/cc/r9241f:7dQc,5dKc|/2s3dKh/Jh:300,-300(300.000000)
715:Player,BR:0cc/cc/cr8194f:3s7h,ThKd|/9dKhAd/8s:-100,100(-100.000000)
716:BR,Player:0r130c/cc/r2014f:6hKh,7sKs|/ThKdAd/2d:230,-230(230.000000)
717:Player,BR:0cr300c/cc/cr1741f:6s6h,3c8d|/4hQcAc/9h:-400,400(-400.000000)
718:BR,Player:0f:2d6d,3d9s|:50,-50(50.000000)
719:Player,BR:0cc/cc/cr379f:6d8c,8dKc|/4h8hKh/4d:-100,100(-100.000000)
720:BR,Player:0r130c/cr299c/r8102f:KhKd,6dJs|/2c7dTh/3d:529,-529(529.000000)
721:Player,BR:0cc/cc/r130r327c/cr394c:3cAs,6s7c|/5hKsAh/2s/5d:951,-951(951.000000)
722:BR,Player:0r130c/cr299c/r655c/r633c:8cTc,5cQd|/2d5d8h/Js/3h:1817,-1817(-177.238451)
723:Player,BR:0cr300c/cc/cr7045f:8dAs,3h8s|/6c9cQc/Qd:-400,400(-400.000000)
724:BR,Player:0f:5sQh,3s9h|:50,-50(50.000000)
725:Player,BR:0cc/cc/cr249f:3c8h,2h4d|/3s5cKc/4c:-100,100(-100.000000)
726:BR,Player:0cc/cr130c/r498c/r1036r12726c:7hQd,2dKh|/2cThQc/5s/6c:14490,-14490(14178.230254)
727:Player,BR:0cc/cc/cr3080f:3cAd,6sTh|/7c9hQd/4c:-100,100(-100.000000)
728:BR,Player:0r200c/cr390c/r211f:ThJh,3d4s|/TcQcKc/6d:690,-690(690.000000)
729:Player,BR:0cr200c/cc/cr2627f:8cKc,9cTd|/7s8dAs/2s:-300,300(-300.000000)
730:BR,Player:0r200c/cr390c/r3004f:6dQs,4cAs|/3h5c7c/8d:690,-690(690.000000)
731:Player,BR:0cc/cc/cr379c/cr1577f:4hTc,TsJc|/3hThQd/9s/Ks:-479,479(-479.000000)
732:BR,Player:0f:2h7d,4d9c|:50,-50(50.000000)
733:Player,BR:0cc/r130c/r460r3004f:3c9c,4cJh|/8dTcKh/7c:-690,690(-690.000000)
734:BR,Player:0cc/cc/r876f:4s6d,3cTd|/9cTsJh/Ah:100,-100(100.000000)
735:Player,BR:0cr600c/cc/r2100c/r3640r9165f:9cAd,6hKs|/6dTcAc/As/4c:-6440,6440(-6440.000000)
736:BR,Player:0r130c/cc/r871c/r14663f:4d9d,8sAc|/2d6dKd/8h/7d:1101,-1101(1101.000000)
737:Player,BR:0cr600c/r1400c/cr739r9761f:9d9c,4d4c|/5c9hJh/8c:2839,-2839(2839.000000)
738:BR,Player:0cc/cr130c/r163f:8hJd,4d8s|/ThTdQc/Kh:230,-230(230.000000)
739:Player,BR:0cc/cc/cr8194f:4sQh,3hKd|/8sKsAc/6c:-100,100(-100.000000)
740:BR,Player:0cc/cr200c/r100c/r14170f:2d8h,4d7s|/3sKsAc/7d/9h:400,-400(400.000000)
741:Player,BR:0cc/cc/cr3080f:2d9c,6hTc|/3sAdAc/Jd:-100,100(-100.000000)
742:BR,Player:0f:4d9h,2h8d|:50,-50(50.000000)
743:Player,BR:0cr300c/cc/cr3046f:3s5s,2d8c|/8sTdJc/8h:-400,400(-400.000000)
744:BR,Player:0r130c/cc/r4051f:8sQc,ThAh|/6c9hKc/7c:230,-230(230.000000)
745:Player,BR:0cc/cc/cr142f:4c6d,2d6h|/9sKdAs/9d:-100,100(-100.000000)
746:BR,Player:0r200c/cc/cc/r16163f:JdKh,8cAs|/2d3d4d/Ah/7c:300,-300(300.000000)
747:Player,BR:0cc/cc/cr761f:6c7d,8cAc|/3c7hAh/Jd:-100,100(-100.000000)
748:BR,Player:0r130c/cr299c/r4632f:2c9c,5dTd|/6d8c9d/5h:529,-529(529.000000)
749:Player,BR:0cc/cc/cr379f:6cKh,4c6d|/2dTsTc/4s:-100,100(-100.000000)
750:BR,Player:0r130c/cc/r1751f:5dQh,6hJc|/ThQsAs/2h:230,-230(230.000000)
751:Player,BR:0cc/cc/cr124f:4hQc,6s8c|/3s9dKc/8d:-100,100(-100.000000)
752:BR,Player:0r130c/cr299c/r4632f:4d8h,4h5s|/3cTsTh/6h:529,-529(529.000000)
753:Player,BR:0cr200c/cc/cr4595f:5c8c,JcQc|/2c8hTh/Qd:-300,300(-300.000000)
754:BR,Player:0r200c/cc/r5284f:3s4c,8cTc|/4d5h8s/Jc:300,-300(300.000000)
755:Player,BR:0cc/cc/cr142r958r9137f:3h7s,7c8h|/4s5hQs/Ac:-1200,1200(-1200.000000)
756:BR,Player:0r130c/cc/cc/r14250f:5d7s,7cAc|/2s9sQd/Kd/Ks:230,-230(230.000000)
757:Player,BR:0cr130c/cc/cr14250f:4sKs,4hJs|/2s2c9d/7s:-230,230(-230.000000)
758:BR,Player:0r130c/cc/r573c/cc:7s8s,JdKc|/2c6sTd/6c/6d:-803,803(-803.000000)
759:Player,BR:0cr200c/cc/cr5284f:TsAc,8dTc|/2d5c6h/7s:-300,300(-300.000000)
760:BR,Player:0r200c/cr390c/r12153f:3hKd,5hQc|/4dAhAd/7d:690,-690(690.000000)
761:Player,BR:0cr200c/cc/cr2627c/cr16852f:JcKs,7cQc|/7h9sAd/Js/3c:-2927,2927(-2927.000000)
762:BR,Player:0r200c/cr390c/r243r1447r5924f:7hKd,9hKc|/7c8hTd/8s:2380,-2380(2380.000000)
763:Player,BR:0cc/cc/r300r7045f:4hQc,5hAs|/4dQsKc/Jd:-400,400(-400.000000)
764:BR,Player:0r130c/cc/r4051f:2s9c,8sKc|/5d7dAh/Jc:230,-230(230.000000)
765:Player,BR:0cc/cc/cr124c/cr2983c:3cAd,3d6d|/4d6cQs/9s/Ah:3207,-3207(-369.306284)
766:BR,Player:0r200c/cc/r427f:4dJh,5d9c|/8hTsKh/7c:300,-300(300.000000)
767:Player,BR:0cc/cc/cr3080f:2sKh,8d9d|/6dTcAs/3h:-100,100(-100.000000)
768:BR,Player:0f:4hQs,3s8c|:50,-50(50.000000)
769:Player,BR:0cc/cc/cr19900f:7cJc,4sKc|/2d4h8s/4c:-100,100(-100.000000)
770:BR,Player:0r130c/cr299c/r753f:7d8s,4hJs|/3d4sKs/6h:529,-529(529.000000)
771:Player,BR:0cr300c/cc/r200r2612f:7s8d,2s4s|/3d9dKs/3h:-600,600(-600.000000)
772:BR,Player:0r130c/cc/r1001r2472r2472r4934f:6cJs,5s5c|/2hQdKc/5h:-6175,6175(-6175.000000)
773:Player,BR:0cc/cc/cr876f:8cAs,2hJs|/4c5sTd/7d:-100,100(-100.000000)
774:BR,Player:0r130c/cc/r4051f:3hQh,8cQs|/6c8hTd/4c:230,-230(230.000000)
775:Player,BR:0cc/cc/cr379f:5hAd,8sTd|/4cJsJd/8d:-100,100(-100.000000)
776:BR,Player:0r130c/cc/r4051f:TsJh,3s5c|/4h5s6h/8c:230,-230(230.000000)
777:Player,BR:0cr300c/cc/cr6126f:3s3h,8hKc|/6c8cTs/Kd:-400,400(-400.000000)
778:BR,Player:0r130c/cr690c/r4005f:4sTs,2dJs|/3h4h9h/7h:920,-920(920.000000)
779:Player,BR:0cr300c/cc/cr16295r3305c/cc:TdJd,8cQh|/8hJcQd/Qc/5c:-20000,20000(-19749.743621)
780:BR,Player:0r200c/cr600c/cr1170r9012f:QdKd,9dQc|/9sQsAh/3d:2070,-2070(2070.000000)
781:Player,BR:0cc/cc/cr379f:8hTs,4s5h|/3d6hAh/5s:-100,100(-100.000000)
782:BR,Player:0r200c/cc/r9241f:4dTc,ThKc|/2d9sAc/Kd:300,-300(300.000000)
783:Player,BR:0cc/cc/cr1532f:4dQh,4c9h|/KhKcAh/As:-100,100(-100.000000)
784:BR,Player:0r130c/cr299c/r4632f:9sJc,4hAc|/4dKdAs/5d:529,-529(529.000000)
785:Player,BR:0cr200c/cc/cr5284f:6d9h,8hAs|/5s9cJs/2c:-300,300(-300.000000)
786:BR,Player:0f:9dTs,3c6d|:50,-50(50.000000)
787:Player,BR:0cr600c/cc/r140r140c/cr1604f:KcAs,7hTd|/6c7cAd/8s/5s:-980,980(-980.000000)
788:BR,Player:0r130c/cr299c/r100c/r2738f:4hTc,2h6h|/2s8hJh/Jd/6c:629,-629(629.000000)
789:Player,BR:0cr200c/cc/r150r3940f:TsTd,6h9s|/4d5hJc/2s:-450,450(-450.000000)
790:BR,Player:0r130c/cc/r4051f:5hTh,8cQh|/4s6hAd/Qc:230,-230(230.000000)
791:Player,BR:0cc/cc/r200r427f:5cTh,4s6s|/9dJcKs/6d:-300,300(-300.000000)
792:BR,Player:0cc/cc/r124c/r6000f:4d4c,4s7h|/6s6h9c/3s/Js:224,-224(224.000000)
793:Player,BR:0cc/cc/cr3080f:5hTh,4dJh|/8sTcQc/2c:-100,100(-100.000000)
794:BR,Player:0r200c/cr390c/r982r3089f:TdJh,AhAd|/2d5dAs/7h:-1672,1672(-1672.000000)
795:Player,BR:0cc/cc/cr3080f:8dQh,3h6d|/4s8sKd/Th:-100,100(-100.000000)
796:BR,Player:0r200c/cr390c/cc/r982f:TcKh,2sTs|/3c5d5c/6c/6h:690,-690(690.000000)
797:Player,BR:0cc/cc/r130r7085f:3d7c,3h3c|/5d7dJh/7s:-230,230(-230.000000)
798:BR,Player:0r130c/cr690c/r1309r4119f:3c5d,8cQc|/5cJcKh/2c:-2229,2229(-2229.000000)
799:Player,BR:0cr300c/cc/r800f:9sJs,9dQh|/2c5sKs/7c:400,-400(400.000000)
800:BR,Player:0r130c/cc/r19770c/cc:3d8c,KdAs|/7c8h8d/Ac/Jh:20000,-20000(6990.959679)
801:Player,BR:0cr200c/cc/cr427f:JdKh,6dKs|/4s7d9h/3d:-300,300(-300.000000)
802:BR,Player:0r130c/cr690c/r8056f:TsJh,6dJc|/3s5c9c/2s:920,-920(920.000000)
803:Player,BR:0cc/cc/cr435f:9dJc,3d5s|/4d6d8s/8d:-100,100(-100.000000)
804:BR,Player:0r200c/cc/r4595c/r3983f:JsAh,3s4s|/5h8hKs/As/9d:4895,-4895(4895.000000)
805:Player,BR:0cr600c/r4200c/r6370c/cc:9sJh,6cAc|/4sQhKd/4d/Qd:-11270,11270(5446.206534)
806:BR,Player:0r130c/cc/r285f:8dQd,9hKc|/2sQcAd/4c:230,-230(230.000000)
807:Player,BR:0cc/cc/cc/cc:2cJh,2hJd|/2d9cQc/7s/Ad:0,-0(-40.301849)
808:BR,Player:0r200c/cr390c/r6042r13268f:3hAc,6s6h|/4d4c6d/7c:-6732,6732(-6732.000000)
809:Player,BR:0cr200c/cc/r150r1959f:7dKc,2sJh|/3dTdJd/4s:-450,450(-450.000000)
810:BR,Player:0r130c/cc/r14250f:2s5s,4c9c|/4dQsAc/Ad:230,-230(230.000000)
811:Player,BR:0cr300c/cc/r200r1493f:2c5h,3hQs|/JcQhAs/Kc:-600,600(-600.000000)
812:BR,Player:0f:2hQc,2cTh|:50,-50(50.000000)
813:Player,BR:0cr600c/r910c/cr2291c/cr12842f:8hJd,2cTh|/QhKsAd/Tc/Qd:-3901,3901(-3901.000000)
814:BR,Player:0r130c/cc/r2014f:6c9c,5s8d|/8hAsAd/5h:230,-230(230.000000)
815:Player,BR:0cc/cc/cr876f:7cJh,TdKd|/8sJsQs/2d:-100,100(-100.000000)
816:BR,Player:0r130c/cr299c/r16295f:5hQd,6d9c|/JhQsAd/Ts:529,-529(529.000000)
817:Player,BR:0cc/cc/r200r5284f:9dKs,3s9h|/3h7hKd/4h:-300,300(-300.000000)
818:BR,Player:0r130c/cr299c/r2303f:4dKc,5hQd|/3s7hJd/3h:529,-529(529.000000)
819:Player,BR:0cr200c/cc/cr427f:7cQs,4sJd|/2h2dAs/5s:-300,300(-300.000000)
820:BR,Player:0r130c/cr690c/r8056f:3h6c,9hJh|/7hTsQc/9c:920,-920(920.000000)
821:Player,BR:0cr300c/cc/cr6126f:5hQd,3d9s|/6c9h9d/5c:-400,400(-400.000000)
822:BR,Player:0r130c/cc/r285f:2hTs,8s9h|/4d5dKs/Td:230,-230(230.000000)
823:Player,BR:0cr300c/cc/cr1741c/cr4634f:9sJd,6cQc|/5dJsKd/4h/5h:-2141,2141(-2141.000000)
824:BR,Player:0f:5cJh,2h3c|:50,-50(50.000000)
825:Player,BR:0cc/cc/r130r3522f:4h9d,TsAh|/8sQcAd/5d:-230,230(-230.000000)
826:BR,Player:0r130c/cc/r14250f:4d5s,QsAc|/6h9cKd/Jd:230,-230(230.000000)
827:Player,BR:0cc/cc/cr435f:3h4d,3c9d|/4sTdAc/6d:-100,100(-100.000000)
828:BR,Player:0r200c/cc/r5284f:4dTd,KhKd|/7h8h9d/Ad:300,-300(300.000000)
829:Player,BR:0cr300c/cc/cr6126f:TsAc,3c5c|/3d5h9h/4d:-400,400(-400.000000)
830:BR,Player:0f:2d9d,2s7c|:50,-50(50.000000)
831:Player,BR:0cr200c/r390c/r345r3918f:9s9h,6h8d|/2s4h8c/6c:-1035,1035(-1035.000000)
832:BR,Player:0r130c/cr690c/cr2760r5237f:7cQs,3sQd|/3d6s8d/Kd:3680,-3680(3680.000000)
833:Player,BR:0cc/cc/cr1761f:3c8s,4hKs|/3hTdAc/7h:-100,100(-100.000000)
834:BR,Player:0r200c/cc/r747f:5h9c,4d9d|/5d7cTh/Qh:300,-300(300.000000)
835:Player,BR:0cc/cc/cr142f:3sQs,3hJs|/6d7hTs/Th:-100,100(-100.000000)
836:BR,Player:0r130c/cc/r4051f:JdQs,5cAs|/7dTcKh/3s:230,-230(230.000000)
837:Player,BR:0cc/cc/cr379f:6cKd,5hTc|/2d3sTh/9s:-100,100(-100.000000)
838:BR,Player:0r130c/cr299c/r2303f:3d7s,TdKd|/4h9sKs/9d:529,-529(529.000000)
839:Player,BR:0cr300c/r520c/cr8056f:TdJs,3c9h|/4d8s8d/Ks:-920,920(-920.000000)
840:BR,Player:0r200c/cr390c/r3004r10796f:4d6d,5h5c|/3d5sQh/Ah:-3694,3694(-3694.000000)
841:Player,BR:0cc/cc/cr3080f:7dTc,4h6s|/3d5hTs/Jc:-100,100(-100.000000)
842:BR,Player:0cc/cc/r761f:8dAh,5sQs|/4h9dTs/Ac:100,-100(100.000000)
843:Player,BR:0cc/cc/r130r871c/cr12750c:6h8s,2s6s|/4s5c7h/8c/4d:0,-0(-7220.285367)
844:BR,Player:0r130c/cr299c/r655r1249r6056f:8d9s,KsKd|/2h4dJc/9h:2433,-2433(2433.000000)
845:Player,BR:0cc/cc/r130r1001f:4dQc,KsAc|/2d6sQh/Tc:-230,230(-230.000000)
846:BR,Player:0r130c/cc/r285c/r1950f:8sAd,2cAs|/7s7cJd/Jh/Ks:515,-515(515.000000)
847:Player,BR:0cc/cc/cr876f:7sKc,TsKd|/3dJsQh/5s:-100,100(-100.000000)
848:BR,Player:0r130c/cc/r14250f:4c5s,3hAd|/2s2cQd/6d:230,-230(230.000000)
849:Player,BR:0cc/cc/cr9423f:3s7h,6cAh|/3h8sKh/Jh:-100,100(-100.000000)
850:BR,Player:0r130c/cc/r12392f:4d5h,9cAc|/4h5s7h/Ad:230,-230(230.000000)
851:Player,BR:0cr130c/cc/r115r1306r2489r2489f:5dAd,JsJc|/2d4h7c/5s:-4140,4140(-4140.000000)
852:BR,Player:0r130c/cr299c/r2303f:2s3s,2dQd|/4s5d5c/Qs:529,-529(529.000000)
853:Player,BR:0cc/cc/cr8194f:4h5c,JsKc|/7c9dQs/Th:-100,100(-100.000000)
854:BR,Player:0r130c/cc/r7085f:5h8c,8hQc|/2d8dKd/6s:230,-230(230.000000)
855:Player,BR:0cr200c/r390c/r138r1178r5446r10606f:4s5s,6hTs|/3d8sKc/7s:-7452,7452(-7452.000000)
856:BR,Player:0r200c/cc/r1136c/r5436f:ThTd,7sAh|/5h6cJs/4c/3c:1436,-1436(1436.000000)
857:Player,BR:0cc/cc/r130r1001c/r701r1367f:5d9h,TdQd|/4d5h9d/Ah/As:-1932,1932(-1932.000000)
858:BR,Player:0r130c/cc/r19770f:4cJs,JhJd|/2s2dKc/Ah:230,-230(230.000000)
859:Player,BR:0cr300c/cc/cr19600f:4d7c,JdQs|/7d9hKh/Td:-400,400(-400.000000)
860:BR,Player:0r130c/cc/r100c/cr463r3452f:3c9s,6d7s|/3d4hAs/Tc/Js:793,-793(793.000000)
861:Player,BR:0cc/cc/cr435f:6cJs,5d8c|/7dThAh/4c:-100,100(-100.000000)
862:BR,Player:0r130c/cr460c/r982r4538f:3c6h,3h5h|/2s4hQc/7d:-1672,1672(-1672.000000)
863:Player,BR:0cc/cc/cr9423f:2hJs,2d7c|/9hTdKd/Qs:-100,100(-100.000000)
864:BR,Player:0r130c/cc/r7085f:2sTs,7c8h|/6d7sAs/5d:230,-230(230.000000)
865:Player,BR:0cc/cc/cr1761f:5d6h,5cTh|/7sQhKs/Jc:-100,100(-100.000000)
866:BR,Player:0r130c/cc/r2014f:QcAd,5d8c|/8h9hTd/3s:230,-230(230.000000)
867:Player,BR:0cr200c/r390c/r345r4506f:5s9s,3cQd|/3h8dTs/8s:-1035,1035(-1035.000000)
868:BR,Player:0r130c/cc/r871f:9dTc,7hQs|/3cTsKc/5s:230,-230(230.000000)
869:Player,BR:0cr300c/cc/r1200r6966f:9dQd,2h6c|/3h8cTs/Kd:-1600,1600(-1600.000000)
870:BR,Player:0r130c/cr460c/r3004f:KsAs,2sKd|/2h3h7h/6c:690,-690(690.000000)
871:Player,BR:0cr300c/cc/r520r4005f:7c8s,ThQs|/2c6c9c/9d:-920,920(-920.000000)
872:BR,Player:0r130c/cr299c/cr687r5294f:2s4d,5dKd|/6sQcKh/4c:1216,-1216(1216.000000)
873:Player,BR:0cc/cc/cr124f:8cTh,3dQd|/2h3hAc/Jd:-100,100(-100.000000)
874:BR,Player:0r130c/cr299c/cr687r10648f:2cAh,6hAd|/6d7d7c/Js:1216,-1216(1216.000000)
875:Player,BR:0cc/cc/cr1532f:4c7s,3hQd|/5s6hQc/Jh:-100,100(-100.000000)
876:BR,Player:0f:7hAs,2d3h|:50,-50(50.000000)
877:Player,BR:0cc/cc/cr435f:2h8d,TcQc|/4cKhAc/7s:-100,100(-100.000000)
878:BR,Player:0cc/cc/r1532f:2d9d,3cTs|/5dTdQd/As:100,-100(100.000000)
879:Player,BR:0cc/cc/cr379c/cr1577c:2sKs,5sKc|/4h9sKd/3h/6s:-2056,2056(-748.137963)
880:BR,Player:0f:2s4h,3cTh|:50,-50(50.000000)
881:Player,BR:0cc/cc/cr9423f:2h7h,2c5d|/JsQhKs/Jh:-100,100(-100.000000)
882:BR,Player:0cc/cc/r876f:4h8c,3d6s|/3s9sJs/Kd:100,-100(100.000000)
883:Player,BR:0cr300c/cc/cr100c/cr1646f:2cKc,ThKs|/4c5h6d/3s/7h:-500,500(-500.000000)
884:BR,Player:0cc/cc/r9423f:2dQh,4hKh|/3s4c7s/9d:100,-100(100.000000)
885:Player,BR:0cc/cc/cr124f:4cJd,6h9h|/3s3c5h/9s:-100,100(-100.000000)
886:BR,Player:0r200c/cc/r1306f:6s7d,5s9d|/TsKhAh/3s:300,-300(300.000000)
887:Player,BR:0cr600c/cc/cr100c/cr651f:QhAh,4dKc|/7c8s9c/4s/Jh:-800,800(-800.000000)
888:BR,Player:0r130c/cr460c/r100f:8s9s,5d6c|/QcKdAd/3c:690,-690(690.000000)
889:Player,BR:0cc/cc/cr142f:2s3c,2h5c|/6cJdKc/Tc:-100,100(-100.000000)
890:BR,Player:0r200c/cc/r5284f:4s4h,TsAh|/6h6c7d/Jc:300,-300(300.000000)
891:Player,BR:0cr130c/r299c/cr186r4836f:6s7s,JdAh|/5s8s9c/2c:715,-715(715.000000)
892:BR,Player:0cc/cc/r19900f:8hAh,JsQd|/9s9hQh/3h:100,-100(100.000000)
893:Player,BR:0cc/cc/cr761f:3d7c,4dKs|/7dTcKc/Qs:-100,100(-100.000000)
894:BR,Player:0r130c/cc/r7085f:ThQc,TsTd|/2d4cJh/7h:230,-230(230.000000)
895:Player,BR:0cc/cc/cr3080f:4sTs,3c6d|/3d9hQc/7c:-100,100(-100.000000)
896:BR,Player:0r130c/cc/r871f:ThTd,4hQd|/3d7hJs/6c:230,-230(230.000000)
897:Player,BR:0cc/cc/cr435f:4dTc,3hTd|/9dQdAd/6h:-100,100(-100.000000)
898:BR,Player:0r130c/cr460c/r5254f:6h6c,5hTd|/2c5d6d/9c:690,-690(690.000000)
899:Player,BR:0cr600c/cc/r910r7009f:2c3s,4hJs|/5c9sQc/5s:-1610,1610(-1610.000000)
900:BR,Player:0cc/cr130c/r163f:6hQd,5d6c|/4hTdAd/2h:230,-230(230.000000)
901:Player,BR:0cc/cc/cr249f:2hKs,4d7s|/8hJdQc/3c:-100,100(-100.000000)
902:BR,Player:0f:3d9s,3h9c|:50,-50(50.000000)
903:Player,BR:0cr300c/cc/cr1514f:6s6h,7sQd|/7dQhKh/Td:-400,400(-400.000000)
904:BR,Player:0r130c/cr299c/r2303f:2s9h,7s9s|/4h4d5c/Kh:529,-529(529.000000)
905:Player,BR:0cc/r200c/r1800r1800f:4dAc,9cAs|/2h5sKd/7s:-2100,2100(-2100.000000)
906:BR,Player:0r130c/cr299c/r14170f:5sJc,7hQd|/4s5hJh/Tc:529,-529(529.000000)
907:Player,BR:0cc/cc/r200r5284f:3c5h,6sAd|/3h4cTh/Td:-300,300(-300.000000)
908:BR,Player:0r130c/cc/r14250f:7dTc,6sKd|/3c4s8c/8d:230,-230(230.000000)
909:Player,BR:0cr200c/r390c/cr3004c/cc:KsKh,5cKc|/3c7dKd/3d/Jd:3694,-3694(3694.000000)
910:BR,Player:0r200c/cc/r100c/r12322c:2s6c,6hJc|/2hJhQh/Jd/9d:-12722,12722(5692.746959)
911:Player,BR:0cc/cc/r130r7085f:3sQh,4s6s|/2h5hQc/8d:-230,230(-230.000000)
912:BR,Player:0r130c/cr299c/r753c/r907r3285f:3s6h,8dTd|/8s8hQh/2d/4d:-2189,2189(-2189.000000)
913:Player,BR:0cr200c/r390c/cr3004f:8hQd,3h7c|/2d6d9c/Ks:-690,690(-690.000000)
914:BR,Player:0r130c/cr299c/r100r829r6347f:7sKh,6dTs|/4h6cAd/6h:1458,-1458(1458.000000)
915:Player,BR:0cc/cc/cr876f:5s6h,QcAd|/2c7dKh/6c:-100,100(-100.000000)
916:BR,Player:0f:9cJc,3d9h|:50,-50(50.000000)
917:Player,BR:0cc/cc/cr435f:5sTd,9cQs|/8hTsAc/4d:-100,100(-100.000000)
918:BR,Player:0r200c/cr600c/r100r3320f:TdQd,4sAh|/4h4cJc/Kd:-1000,1000(-1000.000000)
919:Player,BR:0cr200c/r390c/cr2612r3046r11948f:5h8s,4s8c|/6d7hQc/5s:-6348,6348(-6348.000000)
920:BR,Player:0r130c/cc/r1001f:5c7c,8sJd|/3cThAh/Kc:230,-230(230.000000)
921:Player,BR:0cc/cc/cr435f:2s9c,7cKs|/3d6cTd/3s:-100,100(-100.000000)
922:BR,Player:0r300c/cc/r19600f:9dTh,2h6h|/TdKsKd/Ts:400,-400(400.000000)
923:Player,BR:0cc/cc/cr435f:2sKh,6hKs|/5s8dJs/9d:-100,100(-100.000000)
924:BR,Player:0r130c/cr690c/cr1840r6870r10370f:7sTd,QhQc|/2d9hTs/Qs:-9630,9630(-9630.000000)
925:Player,BR:0cr300c/cc/cr3503f:8h9d,5hTc|/6h9sAh/Qh:-400,400(-400.000000)
926:BR,Player:0r130c/cc/r327c/r1834f:7s8d,JhAd|/4h9cQd/Th/5s:557,-557(557.000000)
927:Player,BR:0cc/cc/cr435f:9hTs,3hQh|/3s4d5c/Ks:-100,100(-100.000000)
928:BR,Player:0cc/cc/r435f:4d9c,6c7d|/2d8hAh/8c:100,-100(100.000000)
929:Player,BR:0cc/cc/r300r12322f:8hJc,2dJd|/5d6sTh/9h:-400,400(-400.000000)
930:BR,Player:0r130c/cc/r1001f:2hQh,4hQs|/4d7dKh/6h:230,-230(230.000000)
931:Player,BR:0cr300c/cc/r1200r1980f:2dQd,QsAd|/3s6cAc/6h:-1600,1600(-1600.000000)
932:BR,Player:0r200c/cr390c/r3004f:5hQc,9sQd|/2h5s9c/4c:690,-690(690.000000)
933:Player,BR:0cc/cc/cr379c/cr1577c:3h7c,8hTs|/3s5d8d/Kh/Kd:-2056,2056(-1259.113494)
934:BR,Player:0r200c/cr390c/r243c/r9395c:5h9d,QsQh|/3d4s7c/2s/7s:-10328,10328(-10328.000000)
935:Player,BR:0cc/cc/cr379r721c/r240f:5sTc,7d9h|/7hTsTd/5c/2h:1200,-1200(1200.000000)
936:BR,Player:0r130c/cc/r14250f:2cJd,8d9s|/5d8sKs/9h:230,-230(230.000000)
937:Player,BR:0cr200c/r600c/r1800r6721f:4d5d,ThKh|/5sKsAd/7c:-2700,2700(-2700.000000)
938:BR,Player:0r130c/cr299c/r1145f:6sJd,6c9c|/TdJcQd/3s:529,-529(529.000000)
939:Player,BR:0cr200c/cc/r150r1959f:JdKd,4dKh|/2cQcKc/9h:-450,450(-450.000000)
940:BR,Player:0r200c/cc/r1306f:2h6h,TdTc|/3d7sQc/7d:300,-300(300.000000)
941:Player,BR:0cc/cc/cr379r441r4005r15075f:6s9d,2s5h|/5d7s8s/2d:4925,-4925(4925.000000)
942:BR,Player:0cc/cc/r142f:7c8h,3h6d|/KcAhAc/Qc:100,-100(100.000000)
943:Player,BR:0cc/cc/cr124f:3hKd,3c8c|/5h8hAc/Jd:-100,100(-100.000000)
944:BR,Player:0r130c/cc/r327f:2h4h,2s2c|/3d7hQs/6s:230,-230(230.000000)
945:Player,BR:0cr300c/cc/cr7045f:TcJs,2d4d|/5cTsAc/4s:-400,400(-400.000000)
946:BR,Player:0r200c/cc/r2627f:7c9d,2dQc|/5c8hAc/Th:300,-300(300.000000)
947:Player,BR:0cc/cc/cr761f:2s7d,9sQs|/2d6hQc/Kc:-100,100(-100.000000)
948:BR,Player:0f:3d7d,3s6c|:50,-50(50.000000)
949:Player,BR:0cr300c/cc/r200r2612f:9cQh,4hQc|/6h9hJd/Th:-600,600(-600.000000)
950:BR,Player:0r130c/cc/r14250f:2hKh,4hQs|/4c8hAs/Ah:230,-230(230.000000)
951:Player,BR:0cc/cc/cr435f:3hAd,8sKh|/2s4d6s/9c:-100,100(-100.000000)
952:BR,Player:0r130c/cc/r1001c/r14256f:8hAd,8cTs|/2h9cJc/8d/Js:1231,-1231(1231.000000)
953:Player,BR:0cc/cc/cr379f:3hAd,2hQc|/4h8h9h/Qd:-100,100(-100.000000)
954:BR,Player:0cc/cr130c/cc/r327c:4hJc,7sAh|/6cTdAc/5h/8h:-557,557(-557.000000)
955:Player,BR:0cr300c/r520c/cr4005f:TcJh,7cQh|/4sKhKd/6c:-920,920(-920.000000)
956:BR,Player:0r130c/cc/r285c/r554r1047r16112f:3c6h,4c7h|/2d4d6c/4s/Qc:2116,-2116(2116.000000)
957:Player,BR:0cc/cc/cr876f:4dJs,8cTd|/3c6cKh/2c:-100,100(-100.000000)
958:BR,Player:0r130c/cc/r498c/r5543f:7hQd,KsKh|/8cQcAs/2s/2d:728,-728(728.000000)
959:Player,BR:0cc/cc/cr1761f:7hQs,7dKd|/3dTcQd/6s:-100,100(-100.000000)
960:BR,Player:0r130c/cr460c/r1718f:2s8h,JdAd|/9sTdQc/9d:690,-690(690.000000)
961:Player,BR:0cc/cc/r130r2014f:4dKh,5h9d|/6h8sKd/9h:-230,230(-230.000000)
962:BR,Player:0r130c/cr299c/r100f:4cTh,6dTs|/2sKcAc/7s:529,-529(529.000000)
963:Player,BR:0cc/cc/r300r12322f:2d4c,8h8d|/5d9dKs/6h:-400,400(-400.000000)
964:BR,Player:0cc/cc/r9423f:7dAs,4sTc|/4d5s6c/Jc:100,-100(100.000000)
965:Player,BR:0cc/cc/cr379f:6sJh,ThKs|/3h9cTs/5h:-100,100(-100.000000)
966:BR,Player:0r130c/cr299c/r2303f:JsAc,5s8h|/2s6d8d/6h:529,-529(529.000000)
967:Player,BR:0cc/cc/cr124c/cr5218f:2sQh,ThJc|/2c9dTc/9h/4s:-224,224(-224.000000)
968:BR,Player:0r130c/cc/r285r1325r16112f:5cQs,7hJh|/8sThQd/8c:1840,-1840(1840.000000)
969:Player,BR:0cc/cc/cr3080f:2cQd,3dJc|/2s4d5h/4h:-100,100(-100.000000)
970:BR,Player:0r130c/cr299c/r9317f:4sTs,3cKh|/2h2c6h/Ah:529,-529(529.000000)
971:Player,BR:0cc/cc/r130r4051f:5sTs,JhKs|/2c6sQd/5c:-230,230(-230.000000)
972:BR,Player:0cc/cc/r379c/r12831f:2h3h,3d4s|/2s4d9h/4h/5d:479,-479(479.000000)
973:Player,BR:0cr300c/r520c/r1196r9212r8672f:5s5h,2d9d|/5cThTc/4h:11328,-11328(11328.000000)
974:BR,Player:0r130c/cc/r285c/r1115f:TcAs,5sKh|/8c9s9h/8s/9c:515,-515(515.000000)
975:Player,BR:0cc/cc/r130r14250f:4dTd,8dQc|/2d4cAc/As:-230,230(-230.000000)
976:BR,Player:0r130c/cc/r285c/r554r1047r9212f:6dKh,7sAs|/4hTcQh/Kd/4c:2116,-2116(2116.000000)
977:Player,BR:0cc/cc/cr142f:7sJd,JhAs|/2h4s8s/4c:-100,100(-100.000000)
978:BR,Player:0cc/cc/r9423f:3s6d,4d7c|/2h9cKc/As:100,-100(100.000000)
979:Player,BR:0cr130c/r299c/r264r1129c/cr16830f:TcQs,3hJh|/6h6c9c/Qd/9h:-1922,1922(-1922.000000)
980:BR,Player:0r200c/cr390c/r6042f:4sAh,5h8h|/3c7cKs/5d:690,-690(690.000000)
981:Player,BR:0cc/cc/cr379f:4hKs,7d9c|/2s6c9d/Ad:-100,100(-100.000000)
982:BR,Player:0r200c/cr390c/r982c/cc:4sTs,KcAc|/3c8h8d/Jc/7d:-1672,1672(-1672.000000)
983:Player,BR:0cr300c/cc/r200r2612c/cr3975f:3d5h,ThAc|/5d7d9c/3h/6d:-3212,3212(-3212.000000)
984:BR,Player:0f:3d6s,2sTd|:50,-50(50.000000)
985:Player,BR:0cc/r300c/cr100f:7c9d,4sAs|/2s2d8d/8c:-400,400(-400.000000)
986:BR,Player:0f:5d6h,3d8h|:50,-50(50.000000)
987:Player,BR:0cr200c/cc/cr212c/cr3899f:6h6d,4h8h|/2d8cQh/9d/3c:-512,512(-512.000000)
988:BR,Player:0r130c/cc/r7085f:2hAs,2sTs|/9sTcKd/5h:230,-230(230.000000)
989:Player,BR:0cc/cc/cr379c/cr448c:2sQd,9s9c|/7s8dQs/3s/As:-927,927(-777.220756)
990:BR,Player:0cc/cc/r379f:9sTc,7hAc|/2cTsKd/Jc:100,-100(100.000000)
991:Player,BR:0cr600c/cc/r140r7355f:8d9s,5s6h|/2s8sKh/5d:-840,840(-840.000000)
992:BR,Player:0cc/cc/r8194f:6c7d,4c9d|/4h6h7c/2h:100,-100(100.000000)
993:Player,BR:0cr130c/r460c/r897f:4hKh,3c7c|/6hThAs/Jh:690,-690(690.000000)
994:BR,Player:0r200c/cc/r5284f:4cTd,8s8d|/9h9cJh/5s:300,-300(300.000000)
995:Player,BR:0cc/cc/cr435f:8hQs,6c9s|/2c3s8c/Td:-100,100(-100.000000)
996:BR,Player:0r130c/cc/r7085f:6h8h,9dKd|/4cJhQd/Ac:230,-230(230.000000)
997:Player,BR:0cr300c/cc/cr1514f:9s9d,6sJh|/5h6dKs/Qh:-400,400(-400.000000)
998:BR,Player:0r130c/cr460c/r19310f:7s7d,3hKc|/4c7cQh/8s:690,-690(690.000000)
999:Player,BR:0cc/cc/cr19900f:TcJs,KsKc|/4dKhAh/Ac:-100,100(-100.000000)
1000:BR,Player:0f:5cAd,2hTs|:50,-50(50.000000)
RAW BR STATS: n=1000, sum=297040.000000, sum_sq=8467114436.000000, vr_sum=396571.136415, vr_sum_sq=6366709682.019369
BR STATS: 297.040000(179.411014), 396.571136(154.448013)
RESULTS
1)Player: -297040
2)BR: 297040
