In config file: GAME_DEF=game_def.fullholdem
In config file: ACTIONS_R0=C
In config file: ACTIONS_R1=C
In config file: ACTIONS_R2=F,C,1,A
In config file: ACTIONS_R3=F,C,1,A
Loading player: rgbr_nl_cprg.so
Player args: /home/viliam/cprg/project_uoapoker/trunk/src/c/meta_player.so /home/viliam/cprg/project_uoapoker/trunk/src/c/acpc14.map
Using seed 40.
1:Player,BR:0cc/cc/cr200c/cr19700f:4hJd,6h8h|/5h8sQc/Jh/3c:-300,300(-300.000000)
2:BR,Player:0f:JcAh,3c7d|:50,-50(50.000000)
3:Player,BR:0cr1200c/cc/cr2600f:8dJd,2dAc|/2cQcAd/As:-1300,1300(-1300.000000)
4:BR,Player:0r200c/cc/r600c/cc:8sAh,QsKs|/2s3hAd/Kh/7h:900,-900(900.000000)
5:Player,BR:0cc/cc/cc/cr200f:3dJh,6cAh|/9sTsKd/5h/6h:-100,100(-100.000000)
6:BR,Player:0r200c/cr390c/cc/cc:2cQh,8dTd|/2s7hAc/7d/Jd:690,-690(331.280311)
7:Player,BR:0cc/cc/cc/r130r460c:3sJh,6d9d|/3h8sAc/8c/6s:-690,690(-330.335688)
8:BR,Player:0r200c/cc/r600f:6sAs,5h5c|/4sQdKc/8s:300,-300(300.000000)
9:Player,BR:0cr200c/cc/cr600f:2dTc,9cKc|/4sKsKh/4c:-300,300(-300.000000)
10:BR,Player:0r200c/cc/cc/r600f:2d4s,TdAs|/5s9dJs/6h/8h:300,-300(300.000000)
11:Player,BR:0cr200c/cc/cr600c/cc:3dTd,ThQh|/2sTcKd/3h/2c:900,-900(-27.085770)
12:BR,Player:0r130c/cr299c/r1058f:3s8h,5h9h|/6h6cTc/4c:529,-529(529.000000)
13:Player,BR:0cr300c/cc/r200r19400c/cc:TcKh,4c8c|/2s9cKd/7c/7s:20000,-20000(20000.000000)
14:BR,Player:0cc/cc/r200c/cr600r1800f:6c7d,8cJd|/4c7cJh/9h/5c:900,-900(900.000000)
15:Player,BR:0cc/r130c/cr460f:8sKc,6s9c|/2h6h8h/9d:-230,230(-230.000000)
16:BR,Player:0r130c/cr460c/cc/r1380f:6c8s,7sQd|/6hTdJd/5s/8c:690,-690(690.000000)
17:Player,BR:0cc/cc/cc/r130c:3d6c,3hQd|/8cJcAc/9s/8h:-230,230(30.019482)
18:BR,Player:0r130c/cc/cc/r460c:5hAd,8hAc|/7sJsKd/Jh/Ah:0,-0(514.301188)
19:Player,BR:0cr600c/cc/r350c/r525r18425f:JdJc,6d9c|/2h8hAd/2c/4s:-1575,1575(-1575.000000)
20:BR,Player:0f:8cQh,2d6s|:50,-50(50.000000)
21:Player,BR:0cr300c/r1200c/cr3200f:8d9s,8sTd|/6sJhQs/Ac:-1600,1600(-1600.000000)
22:BR,Player:0r130c/cr460c/r1380f:4d9h,7dKc|/5c8dJd/8s:690,-690(690.000000)
23:Player,BR:0cc/cc/cr200f:7dKh,QcKd|/4h8d9s/9c:-100,100(-100.000000)
24:BR,Player:0cc/cr130c/cr299r19471f:2d6s,6c8d|/5hJcQh/3s:529,-529(529.000000)
25:Player,BR:0cr300c/r520c/r460r18620f:3c5c,2c6h|/4h7sQs/4c:-1380,1380(-1380.000000)
26:BR,Player:0r130c/cc/r19770f:5sJc,2d4d|/8sKsAs/7d:230,-230(230.000000)
27:Player,BR:0cc/cc/cc/cr200f:5hTc,4cTd|/7h7cQd/6h/Kd:-100,100(-100.000000)
28:BR,Player:0r130c/cc/r19770f:3dJh,3hKh|/8c9sQh/5c:230,-230(230.000000)
29:Player,BR:0cc/cc/cc/r130r460r897r3174f:3sQc,6c9d|/4c8sQs/Kc/Qd:-1587,1587(-1587.000000)
30:BR,Player:0f:8sQc,2s9c|:50,-50(50.000000)
31:Player,BR:0cr600c/cc/r350r2100f:4h4d,7sAc|/KsKdAd/2d:-1050,1050(-1050.000000)
32:BR,Player:0r130c/cc/r19770f:3s3d,7c9c|/2hQsQh/3c:230,-230(230.000000)
33:Player,BR:0cc/cc/cr19900f:6s9h,5cQs|/8cKdAs/Tc:-100,100(-100.000000)
34:BR,Player:0r200c/cc/cc/cc:4sJh,3d5h|/5c8cAh/Kd/Qh:-300,300(-273.412928)
35:Player,BR:0cc/cc/cc/cr19900f:2dTh,6dJh|/4sTdAs/2s/Kh:-100,100(-100.000000)
36:BR,Player:0r200c/cr900c/cc/r18800f:7hKh,ThQh|/4c8hQs/6c/Jc:1200,-1200(1200.000000)
37:Player,BR:0cc/cc/cr19900f:9cTd,ThKh|/4h7hAh/5d:-100,100(-100.000000)
38:BR,Player:0r130c/cc/cc/r460c:7sTh,3c4s|/4cKcAc/4h/Qc:-690,690(-690.000000)
39:Player,BR:0cc/cc/cr200f:5cTc,4h6c|/3hQhQc/Jh:-100,100(-100.000000)
40:BR,Player:0r130c/cr299c/cr687f:3s9d,8h8d|/2h5dAs/7s:-529,529(-529.000000)
41:Player,BR:0cc/cc/cc/cr200f:7cKh,TdKd|/5s8d8c/6c/Tc:-100,100(-100.000000)
42:BR,Player:0r200c/cr390c/r1380f:2s7s,6s7h|/3d8cAh/Qh:690,-690(690.000000)
43:Player,BR:0cc/cc/cc/r130r460f:6sAh,4h8c|/5d9cQc/6d/3c:-230,230(-230.000000)
44:BR,Player:0r130c/cr299c/cr687f:5cQs,6cTc|/7hJsJh/Td:-529,529(-529.000000)
45:Player,BR:0cr200c/cc/cr600f:TdAc,5h9h|/4d6s8c/Jc:-300,300(-300.000000)
46:BR,Player:0cc/cc/r200c/r600f:5cAc,8d9c|/4cJdAs/9s/7d:300,-300(300.000000)
47:Player,BR:0cc/cc/cc/cc:2c7s,6sQd|/2d8hKd/Tc/2s:100,-100(15.088814)
48:BR,Player:0r130c/cr299c/r1058f:7h9d,7cJd|/2d3d3c/Kd:529,-529(529.000000)
49:Player,BR:0cr300c/cc/r200c/cr1200f:7s8d,2hKs|/3c6dJh/4h/Qh:-600,600(-600.000000)
50:BR,Player:0r130c/cr299c/r1058c/cc:4dTh,6d9c|/2h2cTd/6s/Qd:1587,-1587(391.561578)
51:Player,BR:0cc/cc/cr200f:3cAh,8h9c|/5c7c9h/Qc:-100,100(-100.000000)
52:BR,Player:0r200c/cr390c/r19310f:JdJc,8cQs|/4c7cJh/Td:690,-690(690.000000)
53:Player,BR:0cr600c/cc/r140r1680f:4c5h,5d8d|/9sTdKh/3d:-840,840(-840.000000)
54:BR,Player:0r130c/cr299c/r1058c/r3174r14283c:4d6d,6hJs|/8d9s9h/7h/5h:0,-0(-4690.688054)
55:Player,BR:0cc/cc/cc/r130c:2sAh,2d4s|/6c7dQd/2h/7c:230,-230(32.660566)
56:BR,Player:0r200c/cr390c/r19310f:JdQd,8dTd|/2d3dJc/7h:690,-690(690.000000)
57:Player,BR:0cc/r130c/r299r19471f:2h5d,KsAh|/3h3d4s/7h:-529,529(-529.000000)
58:BR,Player:0cc/cc/cc/r19900f:4sJd,6dTd|/7hJsAh/Ks/3d:100,-100(100.000000)
59:Player,BR:0cr300c/cc/cc/cc:8hKh,5hKs|/7s8dTd/3d/5c:400,-400(-79.994715)
60:BR,Player:0r130c/cr299c/cr687c/cc:TsAc,7sJh|/4c6dKs/6c/7d:-1216,1216(-1143.498073)
61:Player,BR:0cr300c/cc/cr800c/cr18800c:5c9c,8hAc|/7c9hAd/Qs/Ts:-20000,20000(-13505.918456)
62:BR,Player:0f:3s7s,2c3d|:50,-50(50.000000)
63:Player,BR:0cr300c/r800c/r1560r17240f:8cJc,3d3c|/5h9cAs/Qs:-2760,2760(-2760.000000)
64:BR,Player:0r130c/cr299c/cr1058r3174c/r9522r5717f:2cQh,3h7h|/3c7c9d/Kd/3d:-14283,14283(-14283.000000)
65:Player,BR:0cc/cc/cr200f:3c8c,4s6c|/5sTcAd/6d:-100,100(-100.000000)
66:BR,Player:0r200c/cr900c/cr2400f:6cTd,QdKc|/7c8hQs/5s:-1200,1200(-1200.000000)
67:Player,BR:0cc/r200c/r600r1800f:6dJd,4cJc|/2d2c3h/Td:-900,900(-900.000000)
68:BR,Player:0r130c/cr460c/cc/r19310f:4d6c,9dJs|/6s8hJc/Ks/Qh:690,-690(690.000000)
69:Player,BR:0cr600c/r910c/r322r3864f:4hAh,5cTs|/2s4sTh/Js:-1932,1932(-1932.000000)
70:BR,Player:0r200c/cc/cc/r19700f:8s8c,9sTd|/7hTsQc/Jc/9d:300,-300(300.000000)
71:Player,BR:0cr300c/cc/r800r2400c/cr16400c:5hAh,9s9d|/3s4h7d/2h/Th:20000,-20000(20000.000000)
72:BR,Player:0r130c/cr299c/cr1058r3174r6189c/r9050c:3h7s,6d9h|/5h7hTh/6c/Tc:20000,-20000(4672.516722)
73:Player,BR:0cr600c/cc/cr1400c/cr4200c:6d6c,6sAh|/5s8sJc/4c/9h:6300,-6300(6300.000000)
74:BR,Player:0f:3s6h,4s9c|:50,-50(50.000000)
75:Player,BR:0cc/cc/r130r460c/r345r18965f:3cJh,KdAh|/4h8hJd/5h/9h:-1035,1035(-1035.000000)
76:BR,Player:0r300c/cc/r19600f:3h5h,6hJc|/7cJsQs/2s:400,-400(400.000000)
77:Player,BR:0cc/cc/cr19900f:6cTd,2d7d|/9cJcQc/3c:-100,100(-100.000000)
78:BR,Player:0r130c/cr299c/cr687f:2c8s,JcKd|/7hThQc/Jh:-529,529(-529.000000)
79:Player,BR:0cc/cc/cr200f:3c9d,4dTd|/4hAhAc/6h:-100,100(-100.000000)
80:BR,Player:0r130c/cc/r460c/r1380c:6c9s,3hKs|/2h7sKd/8c/4s:-2070,2070(-2070.000000)
81:Player,BR:0cr300c/cc/cr800c/cc:KsAd,ThJs|/2s6dAh/Jc/3h:1200,-1200(-11.370921)
82:BR,Player:0r130c/cc/cr299r1058f:6s6d,6cKd|/9hJdQh/Qs:529,-529(529.000000)
83:Player,BR:0cc/cc/cr200c/cr600f:3d5s,8c9s|/3s7dKc/9d/Th:-300,300(-300.000000)
84:BR,Player:0r130c/cc/r460f:JsKc,2s2d|/4hKhAs/6s:230,-230(230.000000)
85:Player,BR:0cc/cc/cr200c/cr600f:7sQh,4h6h|/8cAsAd/6c/6d:-300,300(-300.000000)
86:BR,Player:0r200c/cc/r600c/r1800r16200f:2sJs,ThKd|/2h3cJc/9d/Qd:-2700,2700(-2700.000000)
87:Player,BR:0cr300c/cc/r520f:6h9h,4s5c|/8dTsAd/7d:400,-400(400.000000)
88:BR,Player:0r200c/cc/cr390r1380c/r4140f:8sJc,JsJd|/2s3h4h/Ts/Ad:2070,-2070(2070.000000)
89:Player,BR:0cc/cc/cc/cr19900f:4sQc,4d7h|/9dJsJh/Kd/2d:-100,100(-100.000000)
90:BR,Player:0r200c/cc/r600c/r19100f:KdAd,7cJs|/7dTsKc/4c/Ah:900,-900(900.000000)
91:Player,BR:0cc/cc/cr200f:3dKd,8sAd|/6h9sAc/Ts:-100,100(-100.000000)
92:BR,Player:0r200c/cr390c/cc/r19310f:5c7h,7s8h|/JsKdAs/4s/6h:690,-690(690.000000)
93:Player,BR:0cc/cc/cc/cr200c:2h5s,JsAd|/2c9sQh/6c/Jh:-300,300(-258.177828)
94:BR,Player:0r200c/cc/r600c/r1800r8100c:TdQd,2d8d|/2c6hQh/Js/7s:10800,-10800(10800.000000)
95:Player,BR:0cr300c/cc/cr800c/cr2400r16400f:TsAd,2hQh|/5cJsQc/7h/Ks:3600,-3600(3600.000000)
96:BR,Player:0r130c/cr299c/cc/r19471f:7hKc,3s4c|/JcKhAs/8s/9h:529,-529(529.000000)
97:Player,BR:0cr300c/r520c/cr1840c/cr17240f:QcAc,4d7d|/JdKsAh/5c/7h:-2760,2760(-2760.000000)
98:BR,Player:0r200c/cc/r19700f:6h7c,6sTh|/2d3dTd/6d:300,-300(300.000000)
99:Player,BR:0cr200c/r390c/cc/cr1380f:QdAh,6hQc|/2h6c9h/Tc/8c:-690,690(-690.000000)
100:BR,Player:0r130c/cr460c/cc/r1380f:6sKc,5dKs|/7cTcJh/7h/9c:690,-690(690.000000)
101:Player,BR:0cc/cc/cr200f:2s9h,8hQh|/6dTcKd/8s:-100,100(-100.000000)
102:BR,Player:0r130c/cc/r460c/r19310f:9sJh,6d7h|/5s6hTc/8h/4s:690,-690(690.000000)
103:Player,BR:0cc/cc/cr200f:6d7h,6h8d|/2d5sQs/Kh:-100,100(-100.000000)
104:BR,Player:0r130c/cc/cc/r460c:TsKh,6cQc|/4h7sQh/3s/Kd:690,-690(690.000000)
105:Player,BR:0cc/cc/cr200f:2cQd,7d8s|/4s5s9c/2s:-100,100(-100.000000)
106:BR,Player:0cc/cr130c/cr299f:7hJc,2sQc|/6cThQs/8d:-230,230(-230.000000)
107:Player,BR:0cc/cc/r130c/r299r1058f:2h3s,5h5d|/QdKcAh/7h/7c:-529,529(-529.000000)
108:BR,Player:0r130c/cc/r460f:2dQh,5cKc|/3dTsQs/3c:230,-230(230.000000)
109:Player,BR:0cc/cc/cr19900f:5sAc,3hKh|/2hThQh/7s:-100,100(-100.000000)
110:BR,Player:0r130c/cc/r460f:3d9h,5cAc|/7h9s9d/Jc:230,-230(230.000000)
111:Player,BR:0cr200c/r390c/r897r3174f:TsKc,6sQc|/3s6h9s/Td:-1587,1587(-1587.000000)
112:BR,Player:0r130c/cr299c/r1058f:3h6d,5h7c|/2dKsKd/2h:529,-529(529.000000)
113:Player,BR:0cc/cc/cr200f:5sQc,KsAs|/4s4hAc/9s:-100,100(-100.000000)
114:BR,Player:0cc/cc/r200c/r19700f:8sJc,4c8d|/3d6s6h/2d/Th:300,-300(300.000000)
115:Player,BR:0cc/cc/cc/r130c:2hJc,3c6s|/3h7d9s/Th/5d:-230,230(78.546532)
116:BR,Player:0r200c/cc/cc/r19700f:2cTs,4sJc|/JsAhAd/8s/6c:300,-300(300.000000)
117:Player,BR:0cc/cc/cr200c/cr19700f:6dTd,4dJs|/2hJdKc/Ts/Kd:-300,300(-300.000000)
118:BR,Player:0r130c/cc/cr299r1058f:3c8s,6h9d|/4c7dJs/9h:529,-529(529.000000)
119:Player,BR:0cr300c/cc/cc/r200c:8dAd,2sKs|/8cJdQs/2d/8s:600,-600(248.958132)
120:BR,Player:0cc/cr130c/cc/r460f:8hJs,2dKd|/2c3dTh/9d/5s:230,-230(230.000000)
121:Player,BR:0cc/cc/cr19900f:4cQs,TdKd|/4h9dTs/Kh:-100,100(-100.000000)
122:BR,Player:0r130c/cc/r19770f:JhKs,4dTc|/TdQhKd/3d:230,-230(230.000000)
123:Player,BR:0cc/cc/cc/cc:3sJd,QsAd|/3h6sJs/Kh/3c:100,-100(-28.925030)
124:BR,Player:0r130c/cr299c/cr687c/cr2432c:9dKs,4cTc|/2s3hQs/Ac/9h:3648,-3648(1580.558152)
125:Player,BR:0cc/cc/cr200f:4hKc,7sQd|/4d5s7c/3c:-100,100(-100.000000)
126:BR,Player:0r130c/cr299c/r19471f:7sQd,6s9c|/2h3sQs/2d:529,-529(529.000000)
127:Player,BR:0cc/cc/cr200f:9cKs,8hJs|/4d8cTc/2h:-100,100(-100.000000)
128:BR,Player:0r300c/cr520c/cr1840f:KdAs,5cTh|/3c7sJc/2c:-920,920(-920.000000)
129:Player,BR:0cr300c/r520c/cr1840f:4c7c,3dTd|/2h8hQh/8s:-920,920(-920.000000)
130:BR,Player:0f:6cJs,2s4c|:50,-50(50.000000)
131:Player,BR:0cr600c/cc/cr1400f:2s5d,8sAd|/4dQdKh/Tc:-700,700(-700.000000)
132:BR,Player:0r130c/cc/r460c/r19310f:2c5d,4s6s|/3hQcKc/4h/Ks:690,-690(690.000000)
133:Player,BR:0cc/cc/r130r460c/cr19310f:3d7s,7hTd|/4h4c5s/7d/Ts:-690,690(-690.000000)
134:BR,Player:0r130c/cc/cc/r19770f:6sQd,8sQc|/4dTcAh/3d/8h:230,-230(230.000000)
135:Player,BR:0cc/cc/cr200f:4h8h,6hKs|/TcJcKd/Jd:-100,100(-100.000000)
136:BR,Player:0r130c/cr299c/cr687c/cc:4h5s,QsQh|/2cJdJc/5h/Ac:-1216,1216(694.584490)
137:Player,BR:0cc/cc/r130c/cc:5s8c,6hTd|/2s3cKs/3d/Qs:-230,230(119.830752)
138:BR,Player:0r200c/cc/cc/r19700f:JdKh,QsQh|/3h3dAh/3c/4s:300,-300(300.000000)
139:Player,BR:0cc/cc/r130c/cc:4dQs,3c4s|/3d8c9d/Js/9s:-230,230(-186.553427)
140:BR,Player:0r130c/cc/r460f:7sAs,4h5d|/5hKhKd/7c:230,-230(230.000000)
141:Player,BR:0cr300c/r520c/cr1840f:KsAc,3c8d|/2h7s7c/6c:-920,920(-920.000000)
142:BR,Player:0f:4hJs,2c7s|:50,-50(50.000000)
143:Player,BR:0cr300c/cc/r200r19400f:6hAh,TcJs|/JdJcAc/3h:-600,600(-600.000000)
144:BR,Player:0r130c/cc/cc/r19770f:6h8d,JdKs|/3sQhAc/9h/4d:230,-230(230.000000)
145:Player,BR:0cc/cc/r200c/r390r19310f:ThKc,7cKd|/4hQhKh/3c/9d:-690,690(-690.000000)
146:BR,Player:0r130c/cr299c/cr687r2432r4742f:JhAc,6dAh|/6sQdAd/6h:-3648,3648(-3648.000000)
147:Player,BR:0cc/cc/r130c/r460r19310f:8dKs,6sQc|/4hTdKh/6d/Js:-690,690(-690.000000)
148:BR,Player:0r200c/cr600c/r1800f:4h5d,9sKc|/7s8cJd/Qc:900,-900(900.000000)
149:Player,BR:0cc/cc/cr200f:5sTc,8d9c|/2s4dJh/4h:-100,100(-100.000000)
150:BR,Player:0r130c/cr299c/r1058f:JsKh,6dQh|/3h3d4d/Kc:529,-529(529.000000)
151:Player,BR:0cc/cc/cr200c/cr19700f:TsAh,3s5d|/7s7dTh/9d/Jh:-300,300(-300.000000)
152:BR,Player:0r130c/cr299c/r1058c/cc:5cJc,3c6c|/2c3d6h/Jh/7s:-1587,1587(951.771510)
153:Player,BR:0cr300c/r520c/cr1840f:5hJh,JsKh|/3h3dQs/Ad:-920,920(-920.000000)
154:BR,Player:0r130c/cr299c/r1058f:7s7c,5dKs|/3s5sAd/4d:529,-529(529.000000)
155:Player,BR:0cc/cc/cr200c/cc:3h7d,4c9h|/3d5d7c/6c/9c:-300,300(-63.831022)
156:BR,Player:0r130c/cc/cc/cc:9cAs,KdAh|/5d6sQd/Jd/5s:-230,230(-62.323692)
157:Player,BR:0cr300c/r520c/r1840f:2d5d,4h9d|/6dQhKd/Ah:920,-920(920.000000)
158:BR,Player:0r200c/cc/r19700f:3hJd,JcAh|/2d4d5s/Qd:300,-300(300.000000)
159:Player,BR:0cc/cc/cc/cc:6dKs,3h5s|/2d2c5c/7s/Jh:-100,100(-59.036253)
160:BR,Player:0r200c/cr900c/r2400r4680c/cr11720c:2cQd,5cJd|/2d6s7d/Kd/As:20000,-20000(20000.000000)
161:Player,BR:0cr200c/cc/r150r900f:3h3c,6c7h|/2d4sJs/8c:-450,450(-450.000000)
162:BR,Player:0r200c/cr390c/cr897c/cr3174r15239f:4h9h,2s2c|/2h4dKs/3s/Qd:4761,-4761(4761.000000)
163:Player,BR:0cr600c/cc/r140r1680f:KsAh,JsJc|/2d4dTd/7s:-840,840(-840.000000)
164:BR,Player:0r200c/cc/r600c/r1800c:ThJc,KdAh|/JhQcKh/Js/3h:2700,-2700(2112.165548)
165:Player,BR:0cc/cc/cr200f:6d7h,JdKs|/3cTsKc/7c:-100,100(-100.000000)
166:BR,Player:0r130c/cc/r460f:8hJh,3c4s|/7d8sQd/Js:230,-230(230.000000)
167:Player,BR:0cr300c/r520c/cc/r1196c:TcQc,5d7d|/5s6s9c/2d/8s:-2116,2116(-1751.105256)
168:BR,Player:0f:4h6s,3s8c|:50,-50(50.000000)
169:Player,BR:0cc/cc/cr200c/cr19700f:4cJc,5c8h|/3c6hTh/4d/Qc:-300,300(-300.000000)
170:BR,Player:0f:ThKd,2h3s|:50,-50(50.000000)
171:Player,BR:0cc/cc/r300f:6sAc,6dJd|/3c9dKc/Tc:100,-100(100.000000)
172:BR,Player:0f:6h9c,2h5d|:50,-50(50.000000)
173:Player,BR:0cc/cc/cr200c/cr19700f:5sTh,6sAc|/TsQhQd/6h/Kd:-300,300(-300.000000)
174:BR,Player:0r130c/cc/r19770f:7h9d,4hQc|/2c8sTs/6d:230,-230(230.000000)
175:Player,BR:0cr300c/r520c/cr1840f:4h5h,5sAd|/2d6hTc/Td:-920,920(-920.000000)
176:BR,Player:0r130c/cc/r460f:5dAc,3h6s|/6h7cAs/Ad:230,-230(230.000000)
177:Player,BR:0cc/cc/cc/r200r600r2700f:6hJh,4cJc|/4h5sQh/3d/7h:900,-900(900.000000)
178:BR,Player:0r130c/cr299c/cr1058f:3c7h,5sAs|/6sJsAh/9h:-529,529(-529.000000)
179:Player,BR:0cr300c/cc/r200r1200f:8hKh,3s9s|/6c8cJs/5d:-600,600(-600.000000)
180:BR,Player:0r200c/cc/cc/r600f:8sKd,7s9c|/2c4hQh/7c/8h:300,-300(300.000000)
181:Player,BR:0cc/cc/r300c/r200r19400f:TdJh,2c9d|/3c8s9s/3s/7h:-600,600(-600.000000)
182:BR,Player:0r200c/cr390c/cc/cc:2cKh,9dTc|/3s3c4c/3d/7h:690,-690(479.021160)
183:Player,BR:0cr300c/cc/cr800f:4d4c,ThJh|/3sJdQd/8h:-400,400(-400.000000)
184:BR,Player:0r130c/cc/r19770f:8sAh,7sQd|/TdKdAc/Ad:230,-230(230.000000)
185:Player,BR:0cr300c/cc/cc/r200r19400f:5d9d,2s2h|/3s4h8s/Qc/Ad:-600,600(-600.000000)
186:BR,Player:0r130c/cc/cc/r19770c:3hJc,6hQs|/4s7cQc/9s/Qd:-20000,20000(-20000.000000)
187:Player,BR:0cr600c/r1400c/r6300f:KsAs,2c5c|/4dJdKh/8s:2100,-2100(2100.000000)
188:BR,Player:0r130c/cr299c/r1058r4761r12696r956c/cc:2s4h,3d5h|/2d4cJd/Ah/Ts:-20000,20000(4913.602539)
189:Player,BR:0cr300c/cc/r200c/r1800r17600f:9hAh,5c7d|/2hTcAd/2d/8c:-2400,2400(-2400.000000)
190:BR,Player:0cc/cr130c/cr460r19310f:2sAs,4dJc|/2c4sQc/4h:690,-690(690.000000)
191:Player,BR:0cc/cc/cr200c/cc:4hTh,8cKs|/2c9hKc/Td/6h:-300,300(-214.154465)
192:BR,Player:0r130c/cc/r460f:8h9s,7dQh|/ThJhJd/2s:230,-230(230.000000)
193:Player,BR:0cc/cc/cc/r130r460c:4sQd,JsAs|/5h9dQc/7s/3h:690,-690(690.000000)
194:BR,Player:0r130c/cc/r460f:3s8c,7cAc|/5d8hKs/2c:230,-230(230.000000)
195:Player,BR:0cc/cc/r130c/cc:2sAd,3d9c|/2c7hTc/7c/5c:-230,230(-183.424681)
196:BR,Player:0r130c/cr299c/r1058c/cr2063f:9cJd,3dKs|/3h3c4s/7d/8c:-1587,1587(-1587.000000)
197:Player,BR:0cr300c/r800c/cr2400r4680c/r10764f:5dJd,9dQs|/2s6s8d/4h/3h:8280,-8280(8280.000000)
198:BR,Player:0r200c/cr600c/cc/r19100f:2sKd,TcJc|/2c5d8c/8d/5c:900,-900(900.000000)
199:Player,BR:0cc/cc/cc/cc:2h6d,5hKd|/4cQhAd/3d/Jc:-100,100(24.186846)
200:BR,Player:0r200c/cr600c/r1800c/cr3510f:6c9d,KhKd|/3d5cQh/5s/8c:-2700,2700(-2700.000000)
201:Player,BR:0cc/cc/cc/cc:2sQc,2cAs|/5h6s7h/Jh/2h:-100,100(65.351965)
202:BR,Player:0r300c/cc/cc/cc:4sTc,2d2c|/4c7hAs/Kh/Qh:400,-400(-53.352484)
203:Player,BR:0cc/r130c/cr460f:4s9s,4d8h|/3c7h8s/2h:-230,230(-230.000000)
204:BR,Player:0f:8dKd,3dTc|:50,-50(50.000000)
205:Player,BR:0cc/cc/cr200f:2hKs,JsAs|/3s4c6s/8c:-100,100(-100.000000)
206:BR,Player:0r130c/cr299c/r1058f:5d8c,7dQs|/4d6dAs/Ac:529,-529(529.000000)
207:Player,BR:0cc/cc/cr200c/cr600f:7dQh,7cJs|/4dTsKd/6d/3d:-300,300(-300.000000)
208:BR,Player:0r130c/cc/cr115r690f:4h7s,3h6c|/2c8sAc/8d:345,-345(345.000000)
209:Player,BR:0cc/cc/cr200f:7cQd,5d6d|/4sKdAs/9s:-100,100(-100.000000)
210:BR,Player:0r130c/cc/r19770f:8hQh,6hKh|/2s4s9c/9d:230,-230(230.000000)
211:Player,BR:0cc/cc/cr200c/r150r19550f:6dAh,QcAs|/4s5dQd/3d/9d:-450,450(-450.000000)
212:BR,Player:0r200c/cr600c/r1800r8100f:4sJc,KhAh|/QhKcAd/9h:-2700,2700(-2700.000000)
213:Player,BR:0cc/cc/r130r460f:3d4c,4hTh|/5sJcAc/As:-230,230(-230.000000)
214:BR,Player:0r130c/cc/r460f:6sJh,2h8h|/3hJsKs/Qs:230,-230(230.000000)
215:Player,BR:0cr600c/cc/r350c/r525c:4sQs,4hTc|/8dTsQc/9d/4c:1575,-1575(-1260.982925)
216:BR,Player:0r130c/cr460c/r1380c/r17930f:4sKd,4d7d|/3h5hKs/2d/8h:2070,-2070(2070.000000)
217:Player,BR:0cc/cc/cc/cr19900f:3cKh,2sQh|/3s9hJh/4c/7h:-100,100(-100.000000)
218:BR,Player:0r200c/cr390c/r1380c/r4140c:4hQd,4c5s|/3h5hJd/2s/6s:0,-0(5062.975727)
219:Player,BR:0cc/cc/cr200f:5c6d,JcQh|/TsQsQd/8c:-100,100(-100.000000)
220:BR,Player:0r130c/cr299c/cc/r19471f:2c9d,8dJd|/2h5h8h/Tc/9s:529,-529(529.000000)
221:Player,BR:0cc/cc/r130r460f:2d5s,7dQc|/3s4s7c/Jd:-230,230(-230.000000)
222:BR,Player:0r130c/cr299c/r1058c/r3174c:8cAc,6cAs|/6hQsAh/8h/Jd:4761,-4761(797.206572)
223:Player,BR:0cc/cc/cc/r130f:3hAs,3cTh|/8d9sJs/3s/9h:100,-100(100.000000)
224:BR,Player:0r200c/cr390c/cc/r19310f:3d8s,4s6h|/2h2d7d/4h/9s:690,-690(690.000000)
225:Player,BR:0cc/cc/cr200f:2sKh,3s7s|/6c8dQc/5s:-100,100(-100.000000)
226:BR,Player:0cc/cc/r19900f:8dKc,6sJs|/3sKhAd/Qh:100,-100(100.000000)
227:Player,BR:0cc/cc/cc/cc:3h9c,9hTh|/3d5cJh/2c/8s:100,-100(99.932920)
228:BR,Player:0r130c/cr299c/r1058c/r3174c:AdAc,8cJd|/3d4cJc/Th/Tc:4761,-4761(1467.618496)
229:Player,BR:0cc/cc/cr19900f:JcQd,4h9h|/3c4s4c/9s:-100,100(-100.000000)
230:BR,Player:0r200c/cc/cr390c/r19310f:JhQd,3sJd|/4c8cTs/5s/7h:690,-690(690.000000)
231:Player,BR:0cc/cc/cc/cc:7dKs,4hAc|/2d3s3c/Kd/Ts:100,-100(-24.915695)
232:BR,Player:0r130c/cc/r460f:8hKs,4s6c|/7d9hJd/9c:230,-230(230.000000)
233:Player,BR:0cc/cc/r130r19770f:9hJd,2c6d|/2d3h8h/7c:-230,230(-230.000000)
234:BR,Player:0r130c/cr299c/r1058f:8hAs,2c5c|/3s3hAh/Kd:529,-529(529.000000)
235:Player,BR:0cr200c/cc/cr600f:4s8c,2cKd|/QcKhAd/6c:-300,300(-300.000000)
236:BR,Player:0cc/cc/r19900f:TdKd,3h6c|/6d7sQh/4d:100,-100(100.000000)
237:Player,BR:0cr200c/cc/cc/r150c:8s8c,5sTh|/3c9sKh/3d/7s:450,-450(154.204508)
238:BR,Player:0r200c/cc/cc/cc:9hTc,2dQs|/3hKdAc/8d/4s:-300,300(-300.000000)
239:Player,BR:0cr130c/cc/r115c/r1035c:3s5s,7dQh|/7hJdAh/Jc/Jh:-1380,1380(-1350.194751)
240:BR,Player:0f:7dTh,3h6d|:50,-50(50.000000)
241:Player,BR:0cr200c/cc/cr600f:9dKh,2d6h|/4sQsQh/5h:-300,300(-300.000000)
242:BR,Player:0r130c/cc/r460c/r1380r2691f:ThTd,KdKc|/2s7hAs/3d/Kh:-2070,2070(-2070.000000)
243:Player,BR:0cr300c/cc/cr800f:2c5c,3dJd|/6sQsKh/8d:-400,400(-400.000000)
244:BR,Player:0r130c/cc/r19770f:7cQh,3sAh|/3h5h6d/8h:230,-230(230.000000)
245:Player,BR:0cr300c/r800c/r2400c/r16400c:2dTd,8dKc|/2h5c7d/2c/Kh:20000,-20000(1448.909842)
246:BR,Player:0r130c/cc/cr115r690f:2hKs,7sJh|/5d6h7c/9s:345,-345(345.000000)
247:Player,BR:0cc/cc/cr19900f:3h8d,7hJs|/8hQsAc/9d:-100,100(-100.000000)
248:BR,Player:0r130c/cc/r460c/r1380c:5h7h,4h8c|/2d8sQh/8h/3h:2070,-2070(2056.870530)
249:Player,BR:0cc/cc/cr200f:4c9d,2sKs|/8sQdAs/Qs:-100,100(-100.000000)
250:BR,Player:0r130c/cr299c/r1058f:QhAc,4s8c|/3d6d9h/Qd:529,-529(529.000000)
251:Player,BR:0cc/cc/cc/cr19900f:8sKd,QdKh|/8c9h9c/Ac/2h:-100,100(-100.000000)
252:BR,Player:0r130c/cr460c/cc/r19310f:3h8c,5hQh|/4d5sTc/Kd/4c:690,-690(690.000000)
253:Player,BR:0cc/cc/r130c/r299r1058f:2dAc,9cQh|/7h8dJc/As/7s:-529,529(-529.000000)
254:BR,Player:0cc/cc/r19900f:JcQh,8hAs|/3s4d7h/2c:100,-100(100.000000)
255:Player,BR:0cr600c/cc/r140r1680r3276f:6h6d,JhQc|/3s9cJd/6c:2520,-2520(2520.000000)
256:BR,Player:0f:8hTc,2d5c|:50,-50(50.000000)
257:Player,BR:0cc/cc/r130r460f:3cJh,9sKc|/2h4hKs/7c:-230,230(-230.000000)
258:BR,Player:0r130c/cr299c/r19471f:8cTd,3h9h|/4c5d9c/Th:529,-529(529.000000)
259:Player,BR:0cr300c/cc/r200r1200f:3dTd,2cQc|/7sJcKs/3s:-600,600(-600.000000)
260:BR,Player:0r130c/cc/r460f:2s4c,5dTc|/9dKsAs/5c:230,-230(230.000000)
261:Player,BR:0cc/cc/cr200f:2sKs,6d7d|/4d7cAs/Qh:-100,100(-100.000000)
262:BR,Player:0cc/cc/cc/r19900f:JcQh,8cAd|/4c6hKh/4h/Qc:100,-100(100.000000)
263:Player,BR:0cc/cc/cc/cr19900f:4sQh,5sJh|/6hKdAd/6c/7c:-100,100(-100.000000)
264:BR,Player:0r130c/cc/cc/r460f:2d5d,6sQc|/4s6dTs/Jc/4h:230,-230(230.000000)
265:Player,BR:0cc/cc/cr200f:5dJd,3h6h|/6c8dKh/Th:-100,100(-100.000000)
266:BR,Player:0r200c/cc/cc/r600f:5c7h,8sAs|/7cJcKs/Jh/3s:300,-300(300.000000)
267:Player,BR:0cr300c/cc/cr800f:7cAd,8sKd|/3hJsJc/9s:-400,400(-400.000000)
268:BR,Player:0r200c/cc/cc/cc:8sQs,7sTc|/4c7hKd/4h/9h:-300,300(-243.013825)
269:Player,BR:0cc/cc/cr200c/cr19700f:4h7s,8sKc|/4d5h6h/Kh/3s:-300,300(-300.000000)
270:BR,Player:0r200c/cr390c/cr2070r5520f:8h9s,9cTh|/6cQhQc/8d:2760,-2760(2760.000000)
271:Player,BR:0cr300c/cc/cr800f:9dKc,3h8h|/2s4sQd/3c:-400,400(-400.000000)
272:BR,Player:0r200c/cc/r600f:2d8c,8sQs|/6h9dJd/5d:300,-300(300.000000)
273:Player,BR:0cc/cc/cc/r130c:3c8h,6d9h|/6cKcAh/Ts/2c:-230,230(72.527227)
274:BR,Player:0r130c/cr299c/cr687c/cc:6c8c,8hAc|/5h8dQs/3h/Th:-1216,1216(-1125.271574)
275:Player,BR:0cr600c/r910c/r805r17585f:KdAs,8hQd|/2c7dAd/9d:-2415,2415(-2415.000000)
276:BR,Player:0r130c/cr299c/cc/r1058f:7d9c,4cAc|/3cKsKc/6d/7h:529,-529(529.000000)
277:Player,BR:0cr300c/cc/cc/r200r19400f:8h9s,4s7h|/4d6d8c/Kh/Jd:-600,600(-600.000000)
278:BR,Player:0r200c/cc/cr150c/r19550f:JsKh,4dQs|/2c6cAh/7d/5h:450,-450(450.000000)
279:Player,BR:0cc/cc/r300r800f:7cQd,3c9c|/3d6d8c/5c:-400,400(-400.000000)
280:BR,Player:0r130c/cc/r19770f:2c4h,6dTh|/2dQcKh/Kd:230,-230(230.000000)
281:Player,BR:0cr300c/cc/cr800c/cr18800f:QcKs,JcKh|/JdKdAc/5d/2h:-1200,1200(-1200.000000)
282:BR,Player:0r300c/cr520c/r1840c/r17240f:2c3c,7sTs|/4d6sTc/Js/9c:2760,-2760(2760.000000)
283:Player,BR:0cr300c/cc/cr800f:TsAd,5h6c|/4d7h9d/Kc:-400,400(-400.000000)
284:BR,Player:0r130c/cc/cc/r460c:8hAh,6dAc|/6cTsJd/8c/7d:690,-690(281.213131)
285:Player,BR:0cc/cc/r130c/r299r19471f:8s9h,2dKs|/3h7cTc/6s/6c:-529,529(-529.000000)
286:BR,Player:0r130c/cr299c/cc/cc:8cKd,TcAc|/8h9cTd/7d/2c:-529,529(-375.000219)
287:Player,BR:0cc/cc/cr200c/cr600f:3hAd,TcQd|/4cJhQh/3d/9d:-300,300(-300.000000)
288:BR,Player:0r130c/cc/cr115r690f:5sTh,2dJd|/5d6s9c/8h:345,-345(345.000000)
289:Player,BR:0cc/cc/cr200f:6hAd,4c5h|/2s5s7c/Qd:-100,100(-100.000000)
290:BR,Player:0r200c/cr900c/cr2400f:JcAs,ThAh|/7h8dQh/Td:-1200,1200(-1200.000000)
291:Player,BR:0cc/cc/r200c/cc:9sTh,7sTd|/5h8cQs/6c/4c:-300,300(-15.116513)
292:BR,Player:0r130c/cc/r19770f:4s7d,7h8c|/3d8dQd/Ah:230,-230(230.000000)
293:Player,BR:0cc/cc/cr200f:2dAs,2s9s|/3d6s8h/8s:-100,100(-100.000000)
294:BR,Player:0cc/cc/r200f:6d9d,6cAh|/7dTcQd/Ts:100,-100(100.000000)
295:Player,BR:0cc/cc/cr200c/cr600f:6sAc,8c9d|/2h5hTh/6c/8d:-300,300(-300.000000)
296:BR,Player:0r130c/cc/cc/cc:3h7c,2cKs|/9sTdAh/3d/4s:230,-230(115.368118)
297:Player,BR:0cr300c/r800c/r1560r17240f:KhKd,5dKs|/3h5h8s/3s:-2760,2760(-2760.000000)
298:BR,Player:0f:5sTd,2c3s|:50,-50(50.000000)
299:Player,BR:0cr300c/r520c/r1840f:3s5c,JhKh|/5s5hTd/2h:920,-920(920.000000)
300:BR,Player:0r200c/cc/r600c/r1800f:TsKc,JdQd|/JcQcAc/3c/4c:900,-900(900.000000)
301:Player,BR:0cc/cc/r200f:4sJd,2d4d|/5s9cTd/Jc:100,-100(100.000000)
302:BR,Player:0cc/cc/cr130f:5sQs,2sQd|/3d6dJs/Ad:-100,100(-100.000000)
303:Player,BR:0cr300c/cc/cc/r200f:9sQh,3h7h|/8h9dJs/7c/Jh:400,-400(400.000000)
304:BR,Player:0f:3s5c,3h8c|:50,-50(50.000000)
305:Player,BR:0cr200c/r390c/r345r18965f:5sJs,7cQh|/2dThJc/Qs:-1035,1035(-1035.000000)
306:BR,Player:0r130c/cr299c/cr1587r4232f:3hAd,KsKd|/3c6dJh/5c:2116,-2116(2116.000000)
307:Player,BR:0cr600c/r910c/cr3220f:4h6h,8sAd|/3h4s8c/Qc:-1610,1610(-1610.000000)
308:BR,Player:0r130c/cr299c/cc/r19471f:8hJs,4hJc|/3sTcAc/2c/Qh:529,-529(529.000000)
309:Player,BR:0cr300c/cc/r200f:4s6d,3h8d|/6cJhKh/5s:400,-400(400.000000)
310:BR,Player:0cc/cc/r19900f:4hQh,JsAc|/5c8dQs/4s:100,-100(100.000000)
311:Player,BR:0cc/cc/r200r600f:3cTd,2d8h|/7d8c9d/9c:-300,300(-300.000000)
312:BR,Player:0r130c/cc/r460c/r1380c:TdKs,8hKc|/9h9dKd/Tc/Th:2070,-2070(2070.000000)
313:Player,BR:0cc/cc/cc/cc:6c8h,5h9c|/5dJsQs/Ts/3d:-100,100(-41.263008)
314:BR,Player:0r130c/cr460c/cr2070f:4c7c,8s8h|/2h8d9s/3d:-690,690(-690.000000)
315:Player,BR:0cc/cc/r130r460f:2d6s,6c9s|/7s7hQc/6d:-230,230(-230.000000)
316:BR,Player:0r200c/cc/r19700f:5dTh,6sAc|/5h7dJd/5s:300,-300(300.000000)
317:Player,BR:0cc/cc/r200c/r390f:5cJs,3sKd|/2s5d8h/5h/9h:300,-300(300.000000)
318:BR,Player:0r130c/cr299c/cc/r19471f:4hTs,8cQh|/3sJcQs/Ad/2h:529,-529(529.000000)
319:Player,BR:0cr600c/cc/r350r2100f:4h5s,7s9c|/8sTsKs/Jd:-1050,1050(-1050.000000)
320:BR,Player:0r130c/cc/cr115r19655f:5dTd,8sTh|/3s5s6c/Ac:345,-345(345.000000)
321:Player,BR:0cc/cc/cr200f:5cJh,3sKc|/9h9cAd/6h:-100,100(-100.000000)
322:BR,Player:0cc/cc/r200c/cc:3sJs,TdQh|/8cTsJh/6h/Ks:300,-300(255.007916)
323:Player,BR:0cc/cc/cr200f:4sKd,2d3d|/2s8sTh/3c:-100,100(-100.000000)
324:BR,Player:0r130c/cr299c/cc/cr687r18784f:5sJd,AhAd|/4dTdQd/8s/2c:1216,-1216(1216.000000)
325:Player,BR:0cc/cc/cc/cc:7c8d,7hTc|/3cJdAd/5d/Kc:-100,100(70.525454)
326:BR,Player:0r200c/cc/r600c/r19100f:6d8c,JhQd|/8s8dKs/9c/4s:900,-900(900.000000)
327:Player,BR:0cc/cc/cr200c/r150r19550f:4sQh,2s9c|/3d4dTs/9s/4h:-450,450(-450.000000)
328:BR,Player:0r130c/cr299c/cr1587r4232c/r12696r956f:7cAd,TdJs|/5s8dQh/9s/4c:-19044,19044(-19044.000000)
329:Player,BR:0cc/cc/r130r460f:6sJc,3d9s|/4s5h9d/8d:-230,230(-230.000000)
330:BR,Player:0r130c/cc/r460f:6c9c,5dJc|/7s7dKh/8d:230,-230(230.000000)
331:Player,BR:0cr200c/cc/r150r900f:7dQh,2sAh|/TdQsAs/9s:-450,450(-450.000000)
332:BR,Player:0r200c/cc/r600f:8dAs,7c8h|/9hQsKs/Jc:300,-300(300.000000)
333:Player,BR:0cc/cc/cr200f:2c9h,8cTc|/4d7dJc/Ts:-100,100(-100.000000)
334:BR,Player:0r200c/cc/r600f:KsKh,QsKc|/2h3sJs/4h:300,-300(300.000000)
335:Player,BR:0cc/cc/cr200c/cr600r1170r4140f:7sQd,AdAc|/3h9cKh/7h/9d:-2070,2070(-2070.000000)
336:BR,Player:0r130c/cc/cc/r19770f:4d7h,5cTd|/6sJsKd/Th/8h:230,-230(230.000000)
337:Player,BR:0cc/cc/r200f:4sAh,6h8d|/9dTsAd/2s:100,-100(100.000000)
338:BR,Player:0cc/cr130c/r460f:4dQd,6sQh|/3h8d9d/3d:230,-230(230.000000)
339:Player,BR:0cr200c/cc/r150r900f:6s7h,7cKs|/5cQhQd/Jc:-450,450(-450.000000)
340:BR,Player:0r130c/cr299c/cr687c/r2432f:3h9c,4c8c|/2c3d6d/2s/Ad:1216,-1216(1216.000000)
341:Player,BR:0cr130c/cc/cc/cc:7s7d,3d7h|/3h9sQd/8d/Jd:230,-230(13.539218)
342:BR,Player:0r130c/cc/r19770f:2d7d,8cKh|/6c8dQc/2h:230,-230(230.000000)
343:Player,BR:0cr300c/cc/cr800c/cr2400f:JsQs,8hJd|/4d9dQd/8d/Ad:-1200,1200(-1200.000000)
344:BR,Player:0r130c/cc/cr460c/r19310f:3s6s,4dJd|/6h7hAs/9d/Th:690,-690(690.000000)
345:Player,BR:0cc/cc/cr200c/cr19700f:2sQc,7hKs|/6d8dAs/8c/Ts:-300,300(-300.000000)
346:BR,Player:0r200c/cc/cc/r19700f:4dQh,6c7d|/3s8hTs/4s/5h:300,-300(300.000000)
347:Player,BR:0cc/r200c/cr19700f:3c6d,5c6h|/3d4cAc/4s:-300,300(-300.000000)
348:BR,Player:0r130c/cr299c/cr687c/cc:JhKd,8sKc|/2d5d8c/4h/Qc:-1216,1216(-604.047035)
349:Player,BR:0cc/cc/r130c/r460r1380f:3c7c,6hJc|/2s2c5d/6d/Kc:-690,690(-690.000000)
350:BR,Player:0r130c/cr299c/cr1058c/cc:3cQd,6dTh|/3s4c8h/Kd/5s:1587,-1587(-572.590098)
351:Player,BR:0cr300c/r800c/cr2400f:2hQh,3h4s|/7s8cAh/8h:-1200,1200(-1200.000000)
352:BR,Player:0r200c/cc/r600f:JcKd,4s5c|/TcJsJd/9s:300,-300(300.000000)
353:Player,BR:0cr600c/cc/cc/r140f:KsKd,4dQs|/5h5cAc/2c/7h:700,-700(700.000000)
354:BR,Player:0r200c/cc/r600c/r1800f:8cTd,KsAh|/9sTsJc/5h/7s:900,-900(900.000000)
355:Player,BR:0cr300c/r520c/cc/cc:QhKs,2cQd|/5s6sJd/As/5d:920,-920(404.353627)
356:BR,Player:0r200c/cr900c/cr3600r15200f:7dAh,9sQh|/4h7hTd/5h:4800,-4800(4800.000000)
357:Player,BR:0cr300c/cc/r520c/r1840f:TdKs,7cKc|/4h4dQd/Kd/4c:920,-920(920.000000)
358:BR,Player:0f:4cQh,2sTd|:50,-50(50.000000)
359:Player,BR:0cc/cc/cc/cc:2hTd,3sJc|/9hQsQd/Qc/4c:-100,100(4.215652)
360:BR,Player:0r130c/cr299c/cr1058c/cr4761c:9hKs,2d5d|/3c4sTd/7h/8d:6348,-6348(-1576.930409)
361:Player,BR:0cc/cc/cr200c/cr600f:6c7h,4dQc|/4s9hQs/6d/Qh:-300,300(-300.000000)
362:BR,Player:0r200c/cc/r19700f:5d6d,4sTd|/4d9dQs/2c:300,-300(300.000000)
363:Player,BR:0cc/cc/cc/cc:7sKd,JhKc|/4c7h7c/3h/8h:100,-100(-13.990511)
364:BR,Player:0r200c/cc/r19700f:7cKs,9h9c|/JcKdAd/3d:300,-300(300.000000)
365:Player,BR:0cc/cc/r130r460f:2c6d,5c9d|/3hJsJh/5d:-230,230(-230.000000)
366:BR,Player:0cc/cc/r200f:9s9h,3cQc|/2s6sKc/8s:100,-100(100.000000)
367:Player,BR:0cr200c/r600c/r450r2700f:5dAs,8h8d|/2s3d7c/5h:-1350,1350(-1350.000000)
368:BR,Player:0r130c/cr460c/r1380f:5hTd,JsQs|/3d8s9d/Ac:690,-690(690.000000)
369:Player,BR:0cc/cc/cr200c/cr600c:4h9c,6c9s|/2h2d3c/9d/5d:-900,900(-179.685110)
370:BR,Player:0r130c/cc/cc/cc:6sTd,9h9c|/2s4hAs/Qh/Js:-230,230(-230.000000)
371:Player,BR:0cr200c/cc/cc/r390f:9cJs,4sJh|/4c5d9s/Kc/8c:300,-300(300.000000)
372:BR,Player:0r200c/cc/r600f:AsAc,4h6h|/4c8dQd/Th:300,-300(300.000000)
373:Player,BR:0cc/cc/r200r600c/r180r2160c:5dTd,9dJc|/4c5hJh/Ts/8d:3240,-3240(175.687501)
374:BR,Player:0f:2hTs,3h7c|:50,-50(50.000000)
375:Player,BR:0cc/cc/cr200f:5cKd,2c8c|/6c8hTs/4c:-100,100(-100.000000)
376:BR,Player:0r200c/cr390c/cc/cr897r18413f:2cQd,6cJc|/4h5c7h/Ah/9c:1587,-1587(1587.000000)
377:Player,BR:0cr300c/r520c/r460c/r1794c:6sJs,3sJh|/6h6c9h/3d/3c:3174,-3174(-61.564924)
378:BR,Player:0cc/cr200c/cc/r600f:3hAh,5hKh|/3s6h7h/5d/Ad:300,-300(300.000000)
379:Player,BR:0cr300c/r520c/r1840f:3d5d,2h3s|/6c7d9d/6s:920,-920(920.000000)
380:BR,Player:0r200c/cc/r600c/cc:4dJh,JsKs|/3h5hQs/3s/2h:-900,900(-900.000000)
381:Player,BR:0cc/cc/cr19900c/cc:4dTs,2d5d|/JdQdAc/Ad/Kd:-20000,20000(-2476.887235)
382:BR,Player:0r200c/cc/cr900r2400c/cc:6sAd,TsQs|/2sJhKh/8c/4h:3600,-3600(3267.518240)
383:Player,BR:0cc/cc/cr200f:3s6c,4c9c|/9sQhKd/Kc:-100,100(-100.000000)
384:BR,Player:0f:5sKc,2s6d|:50,-50(50.000000)
385:Player,BR:0cc/cc/r130r460f:4cJc,KdKc|/6hTcAh/Js:-230,230(-230.000000)
386:BR,Player:0r130c/cc/cc/cr299f:3dKs,JdJc|/6d8hQd/Ac/Ad:-230,230(-230.000000)
387:Player,BR:0cc/cc/cr200c/cc:4sTh,7dTc|/4c5cQs/Ts/8s:300,-300(-105.570437)
388:BR,Player:0f:2hQs,3h9d|:50,-50(50.000000)
389:Player,BR:0cc/cc/cr200f:8hJd,3h4c|/5dKsKh/Qc:-100,100(-100.000000)
390:BR,Player:0r200c/cr900c/cr600r18200f:ThKs,2cKc|/3s5c9d/Qd:1800,-1800(1800.000000)
391:Player,BR:0cc/cc/r200c/r390c:4s8c,5hQh|/3d7h8h/5c/3s:690,-690(40.107079)
392:BR,Player:0r130c/cc/r460f:6sAs,4cAd|/6cTsTc/Jd:230,-230(230.000000)
393:Player,BR:0cc/cc/cr200f:4cQs,3s7s|/6d9hAd/5d:-100,100(-100.000000)
394:BR,Player:0r130c/cr460c/cr897r3174c/r9522f:8sQc,9cAs|/4c8h9h/Kc/8d:4761,-4761(4761.000000)
395:Player,BR:0cr200c/r390c/r897r3174f:TsJc,KhAh|/6c7cKs/9c:-1587,1587(-1587.000000)
396:BR,Player:0r200c/cc/r600f:4cQd,8s8c|/6s9cAd/2d:300,-300(300.000000)
397:Player,BR:0cr300c/cc/r200c/cr19400f:KsAh,8s9h|/4d5sQs/Jd/5c:-600,600(-600.000000)
398:BR,Player:0r130c/cr690c/r1840f:4c6s,5s8d|/6cJhKs/8s:920,-920(920.000000)
399:Player,BR:0cc/cc/r130r460f:3d8d,4h6h|/2h3sJc/2s:-230,230(-230.000000)
400:BR,Player:0r200c/cr390c/r19310f:4s9d,6d9c|/4h4d9h/Td:690,-690(690.000000)
401:Player,BR:0cc/cc/cr200c/cr600f:TcKh,9dTs|/7cThQd/4c/9s:-300,300(-300.000000)
402:BR,Player:0r130c/cc/r460c/cr897c:QsAs,6s8s|/4sJsAc/Qc/4c:1587,-1587(654.657829)
403:Player,BR:0cr300c/cc/cc/r200r1200f:7dTh,4hAc|/4s7s8d/Kd/Jc:-600,600(-600.000000)
404:BR,Player:0r130c/cr299c/cc/r19471f:5hTc,3dJh|/4h7hTh/8h/9s:529,-529(529.000000)
405:Player,BR:0cc/cc/cr200f:5s7h,QsKc|/4cQcAc/5h:-100,100(-100.000000)
406:BR,Player:0r130c/cc/cc/cc:3sJh,5h6c|/5dJcQd/Ac/9c:230,-230(228.244624)
407:Player,BR:0cc/cc/cr200f:3dKc,7hTc|/ThJhAh/7c:-100,100(-100.000000)
408:BR,Player:0r200c/cr390c/cc/cc:3sTs,5s6h|/2c3d9h/5d/8h:-690,690(199.323443)
409:Player,BR:0cc/cc/cc/cr200r900r18800f:2sQs,4hJd|/3sQhAc/9d/Qc:-1200,1200(-1200.000000)
410:BR,Player:0r200c/cc/cc/r600f:6h8c,7hAc|/4cJhQh/Kd/6d:300,-300(300.000000)
411:Player,BR:0cr300c/cc/r520f:7sJs,2dQs|/3h6sJc/Th:400,-400(400.000000)
412:BR,Player:0r130c/cc/r460c/r19310f:4s5h,KhAs|/8dJdQc/9h/8c:690,-690(690.000000)
413:Player,BR:0cr600c/cc/r1400f:8dJd,5c9s|/3d4hQd/Ts:700,-700(700.000000)
414:BR,Player:0r200c/cc/r600f:5c7h,8c9d|/2dKsAs/Kc:300,-300(300.000000)
415:Player,BR:0cr600c/cc/r140f:9sTc,3s7s|/2cKhAc/6d:700,-700(700.000000)
416:BR,Player:0r200c/cr390c/r19310f:5c6d,3d5h|/2h7d8h/9s:690,-690(690.000000)
417:Player,BR:0cr300c/cc/cr800f:5c6c,2sKc|/6sJsQd/As:-400,400(-400.000000)
418:BR,Player:0cc/cr130c/cr690r19080f:2cKd,3sKh|/2h5sJc/Td:920,-920(920.000000)
419:Player,BR:0cc/cc/cr200c/cc:3c4h,9cKs|/2d3dKd/6h/Tc:-300,300(-165.249408)
420:BR,Player:0f:8s9s,3s7h|:50,-50(50.000000)
421:Player,BR:0cr200c/cc/cr600f:5s7c,3c9c|/2d8dQc/8h:-300,300(-300.000000)
422:BR,Player:0r130c/cr299c/cc/r19471f:3c4h,6hJh|/5h5cTh/8s/Js:529,-529(529.000000)
423:Player,BR:0cr300c/cc/cr800f:3sAs,5c9h|/4h7d9c/4d:-400,400(-400.000000)
424:BR,Player:0f:3sKs,2h5c|:50,-50(50.000000)
425:Player,BR:0cc/cc/cc/cc:3s5h,4dQh|/2hTsKs/9c/As:-100,100(10.132017)
426:BR,Player:0r200c/cr390c/r1380f:9dJh,3h9h|/TcJdJc/Qd:690,-690(690.000000)
427:Player,BR:0cc/cc/cc/cr19900f:8cQh,6dAd|/2sTsKs/8s/5h:-100,100(-100.000000)
428:BR,Player:0r130c/cr299c/r1058f:JsQd,4h5d|/8s8cTd/Ts:529,-529(529.000000)
429:Player,BR:0cr300c/r520c/cc/r2760f:AhAc,8cTh|/5s5h5d/4h/9s:920,-920(920.000000)
430:BR,Player:0r130c/cc/r460c/r1380f:JdAc,3c5h|/2d3hTs/Ad/As:690,-690(690.000000)
431:Player,BR:0cr200c/cc/r150r900c/cr2700r15950f:8sAs,4hJh|/2s4s7d/Js/5c:4050,-4050(4050.000000)
432:BR,Player:0cc/cr130c/cc/r460f:2s7c,4s8c|/6h7sTs/Kc/2d:230,-230(230.000000)
433:Player,BR:0cc/cc/cc/cr200c:2c5s,3d6d|/8s8hQs/Kd/2s:300,-300(300.000000)
434:BR,Player:0cc/cr300c/cr2400r5600f:4dQs,5d7s|/3c6sTs/Js:2800,-2800(2800.000000)
435:Player,BR:0cc/cc/r130f:4sTs,2c7c|/9sQsQc/Qd:100,-100(100.000000)
436:BR,Player:0f:8dTc,3h7d|:50,-50(50.000000)
437:Player,BR:0cc/cc/cc/r200c:3d6c,9cKh|/7dJcAs/Ac/9d:-300,300(-299.890780)
438:BR,Player:0r200c/cc/r600f:9sJh,3s8s|/5h9hJd/Ad:300,-300(300.000000)
439:Player,BR:0cc/cc/cr200r600r1800c/cc:7d8c,2dKh|/9dTdJd/2h/7c:2700,-2700(2700.000000)
440:BR,Player:0r130c/cc/cc/r460f:3h8h,4d6c|/7c9dTc/Kd/3d:230,-230(230.000000)
441:Player,BR:0cc/cc/cr200f:6cTs,8hJc|/7cJdQh/3h:-100,100(-100.000000)
442:BR,Player:0f:2s5h,2d9s|:50,-50(50.000000)
443:Player,BR:0cr200c/cc/r150r19550f:TcKd,4cTh|/9cJsAc/8d:-450,450(-450.000000)
444:BR,Player:0r130c/cc/r460c/cr897c:5d6c,4dQh|/3h6sQs/4h/7s:1587,-1587(833.988667)
445:Player,BR:0cc/cc/r200r19700f:3h6s,KdAh|/3s5sQh/5h:-300,300(-300.000000)
446:BR,Player:0r130c/cc/r460c/r19310f:TsJd,5s7h|/4d5dJs/9h/2c:690,-690(690.000000)
447:Player,BR:0cr200c/cc/cr600f:5d7d,8sAc|/5s6dAh/2s:-300,300(-300.000000)
448:BR,Player:0f:JcQc,2s4h|:50,-50(50.000000)
449:Player,BR:0cc/cc/cc/cr200f:6sKd,QcAc|/7d8s9c/9s/Ad:-100,100(-100.000000)
450:BR,Player:0r130c/cc/cc/r19770f:2d6d,3s4d|/JdJcAc/Kc/4s:230,-230(230.000000)
451:Player,BR:0cc/cc/cr200f:2s7d,4h6c|/3d9sTs/Ad:-100,100(-100.000000)
452:BR,Player:0r130c/cc/r19770f:7sTs,4d6s|/QhQcAs/4h:230,-230(230.000000)
453:Player,BR:0cc/cc/cc/cc:JsKh,JdAs|/6d7s7c/Th/5c:-100,100(-21.398293)
454:BR,Player:0r200c/cc/r19700c/cc:5cTc,7sKs|/3d7c9c/2h/4d:-20000,20000(-20000.000000)
455:Player,BR:0cr300c/r520c/cr1840c/cr17240f:QsQd,7d8c|/4c6d9s/As/3s:-2760,2760(-2760.000000)
456:BR,Player:0r130c/cc/cc/r460c:3dQh,6h9h|/6d7d9d/Kd/Jh:690,-690(350.068962)
457:Player,BR:0cc/cc/cr200c/cc:3dQh,8d9d|/6hQdKc/Kd/6s:300,-300(297.108123)
458:BR,Player:0r130c/cr299c/r1058c/cr2063c:3cKd,3h6h|/3s6dAh/Kc/2c:3650,-3650(-349.650315)
459:Player,BR:0cc/cc/cr200c/cr19700f:6d9d,2sQd|/7d9sTh/6s/8d:-300,300(-300.000000)
460:BR,Player:0r200c/cc/r600c/r19100f:JhKh,4dKs|/2c6sKc/5s/Jd:900,-900(900.000000)
461:Player,BR:0cr600c/cc/r350r2100c/cc:TdKd,8dKc|/2c3sKh/5c/5h:3150,-3150(-685.921960)
462:BR,Player:0r130c/cr460c/r1380c/r4140f:8d9s,5c6c|/4c7sTh/4d/7c:2070,-2070(2070.000000)
463:Player,BR:0cc/cc/cc/cr19900f:6cQh,2cAh|/4c9cTh/4d/3c:-100,100(-100.000000)
464:BR,Player:0r130c/cc/cr115c/cc:8dQc,7dQd|/6cJhKc/2c/Jd:345,-345(51.065221)
465:Player,BR:0cc/cc/r130r19770f:3hAc,7hTd|/7dKdAh/5h:-230,230(-230.000000)
466:BR,Player:0r200c/cc/cc/r600f:2h9s,QsAc|/5d8cJh/3c/Ks:300,-300(300.000000)
467:Player,BR:0cc/cc/cc/cr19900f:2hKd,4h5d|/4s9hAd/Ks/8d:-100,100(-100.000000)
468:BR,Player:0r130c/cr299c/r1058c/r3174r15239f:6d9d,5d7h|/5s5c8s/Jh/4s:-4761,4761(-4761.000000)
469:Player,BR:0cr300c/cc/cc/r1200r3200f:7hKh,4sAh|/3s3cQs/Kd/6h:-1600,1600(-1600.000000)
470:BR,Player:0r130c/cc/r460c/r1380f:JsAd,6s6d|/9cKsKd/8d/5d:690,-690(690.000000)
471:Player,BR:0cr600c/r910c/cr3220f:7s9s,4s5s|/3c5cTs/Tc:-1610,1610(-1610.000000)
472:BR,Player:0r130c/cc/cr115r19655f:QsQd,4sKd|/2h3hAd/Kc:345,-345(345.000000)
473:Player,BR:0cc/cc/r300r800f:5d9s,2hJh|/8cTdJc/Js:-400,400(-400.000000)
474:BR,Player:0r200c/cc/r600f:4h9h,5hJh|/6s9dTh/2s:300,-300(300.000000)
475:Player,BR:0cr200c/cc/cr600c/cr19100f:6s9c,4h6h|/6d8hTd/2s/Ks:-900,900(-900.000000)
476:BR,Player:0f:TcQd,3h7d|:50,-50(50.000000)
477:Player,BR:0cr200c/cc/cc/cc:7s7h,7d8c|/3cQhAd/Kd/Ah:300,-300(279.057167)
478:BR,Player:0r130c/cc/cc/cc:3c6d,7h7d|/9hQhKs/Ts/3d:-230,230(-21.009237)
479:Player,BR:0cc/cc/cr200c/cc:JdQs,7hQc|/4cAhAd/2d/9d:300,-300(127.350121)
480:BR,Player:0r200c/cc/r600c/cr1170r17930f:2dKs,6c7d|/3s6dQs/Kc/6s:2070,-2070(2070.000000)
481:Player,BR:0cr600c/r1400c/cc/cc:3h5h,4cJc|/3s9hTs/4s/8c:-2100,2100(27.238908)
482:BR,Player:0cc/cc/cr200c/cc:6sJs,8dQc|/2c8hTd/7h/Jc:300,-300(257.914617)
483:Player,BR:0cr300c/cc/cr800c/r240r2880c:8c9c,4sTc|/3s9hTd/5c/Ts:-4320,4320(-4320.000000)
484:BR,Player:0r130c/cc/r460r2070r5520r11720f:AhAd,ThKc|/5hJdAs/Qd:-8280,8280(-8280.000000)
485:Player,BR:0cc/cc/cr200f:2cKd,2d7d|/8h9hJc/5s:-100,100(-100.000000)
486:BR,Player:0f:5hJc,2h6d|:50,-50(50.000000)
487:Player,BR:0cc/cc/r200f:9dKs,3d9c|/2sQhKd/Tc:100,-100(100.000000)
488:BR,Player:0r130c/cr299c/cr687r2432f:2s9d,5dAs|/2d6sJd/3d:1216,-1216(1216.000000)
489:Player,BR:0cc/cc/cr200f:2hJd,6hJc|/3dKhKd/8s:-100,100(-100.000000)
490:BR,Player:0r130c/cr299c/cr687c/cc:3cQh,4hQc|/3s5s5h/Jd/Td:1216,-1216(289.684699)
491:Player,BR:0cc/cc/cr200f:2cKs,4hKd|/3s9cQc/4s:-100,100(-100.000000)
492:BR,Player:0r200c/cr390c/r1380c/r17930f:9cKs,JdJc|/4cAsAd/8h/Qs:2070,-2070(2070.000000)
493:Player,BR:0cc/cc/r200c/r390r19310f:4c7c,9dAs|/8cJdJc/5d/2d:-690,690(-690.000000)
494:BR,Player:0r130c/cc/r460c/r19310f:9hTc,TsAh|/7c8hQs/8s/Qd:690,-690(690.000000)
495:Player,BR:0cc/cc/cr200f:8hAc,TdKc|/3sJcKs/Ts:-100,100(-100.000000)
496:BR,Player:0f:4c6s,2h5c|:50,-50(50.000000)
497:Player,BR:0cr600c/cc/r910c/r2093f:7dQd,4cKc|/4d7hTh/6d/Qh:1610,-1610(1610.000000)
498:BR,Player:0r200c/cr390c/r1380f:2h9s,6dTd|/3s5hJc/Jd:690,-690(690.000000)
499:Player,BR:0cc/cc/cc/cc:5cQs,7cQh|/4d6sAh/Jh/Jd:-100,100(-5.942637)
500:BR,Player:0r300c/cc/cc/r800c:7hKd,4cKh|/8s8hAc/7d/4d:1200,-1200(62.130327)
501:Player,BR:0cc/cc/cr200r600r1800f:7hQh,9cKc|/5d6sKh/8c:-900,900(-900.000000)
502:BR,Player:0cc/cc/r200f:9cQd,8hQh|/6h6d9d/2d:100,-100(100.000000)
503:Player,BR:0cr600c/cc/cr19300f:2d2c,9dQc|/6cJhKs/7s:-700,700(-700.000000)
504:BR,Player:0r130c/cc/cc/cr460r19310f:6dAd,7dKd|/3d5sKc/2s/Ks:690,-690(690.000000)
505:Player,BR:0cr300c/r800c/cr2400f:2h3h,4hTh|/KsKdAs/8h:-1200,1200(-1200.000000)
506:BR,Player:0cc/cc/r19900f:9sTd,4sAh|/2h6cKd/8h:100,-100(100.000000)
507:Player,BR:0cc/cc/cc/r130r19770f:9cQs,5c6c|/2h9dKc/Td/6d:-230,230(-230.000000)
508:BR,Player:0r130c/cr299c/cc/r19471f:2c4s,4d6h|/2h5h7s/6d/Qs:529,-529(529.000000)
509:Player,BR:0cr200c/cc/r600c/r1800r17300f:8sAh,3cKh|/6h7d8d/8c/7s:-2700,2700(-2700.000000)
510:BR,Player:0r130c/cc/cc/r19770f:JsQh,9hQs|/8dQdAc/8h/2c:230,-230(230.000000)
511:Player,BR:0cr600c/cc/r140r1680f:8sAs,2hKc|/3d6c9h/5d:-840,840(-840.000000)
512:BR,Player:0r130c/cc/r19770f:8s9d,4sKh|/3h7hTs/6s:230,-230(230.000000)
513:Player,BR:0cc/cc/cr200f:TsJh,4cAs|/3c4sAc/Qc:-100,100(-100.000000)
514:BR,Player:0r130c/cc/cc/r460c:7cKd,9hTc|/6s6c7s/Ts/2h:-690,690(291.213549)
515:Player,BR:0cc/cc/cr200f:3dQd,6c7h|/5c6s9c/3s:-100,100(-100.000000)
516:BR,Player:0cc/cr130c/r460f:4hAc,2dQs|/4s8dJc/Ad:230,-230(230.000000)
517:Player,BR:0cr300c/cc/cc/cr800c:TdAh,8sQd|/2d9hKh/8h/4s:-1200,1200(-954.008873)
518:BR,Player:0r130c/cc/cr299r19471f:2hTc,4sJd|/4h4d7d/3s:529,-529(529.000000)
519:Player,BR:0cr300c/r520c/r460r2760c/cr15860f:QhKd,ThJs|/TdJdKh/7h/Ks:-4140,4140(-4140.000000)
520:BR,Player:0r130c/cc/cc/cr460r19310f:5d6c,TsQs|/3h6sAd/7h/8d:690,-690(690.000000)
521:Player,BR:0cr130c/r299c/r1058r3174c/cc:9cQc,JcKs|/3s4c9h/7h/Js:-4761,4761(-1047.057222)
522:BR,Player:0cc/cr130c/r460c/cc:6h7h,3hJc|/2c6cJs/4h/8c:-690,690(103.448690)
523:Player,BR:0cc/cc/cc/r130r460f:3sTh,9sKs|/4d8cAs/6s/Ah:-230,230(-230.000000)
524:BR,Player:0r200c/cc/cc/r19700f:2h7h,3hKh|/2cJdQh/Qc/4s:300,-300(300.000000)
525:Player,BR:0cr200c/cc/r150r900c/cr2700c:5cJc,7d7c|/4s6dJd/2h/Tc:4050,-4050(-718.457113)
526:BR,Player:0r130c/cc/r460c/r1380f:JdAd,5dAs|/5hTsJs/7c/7d:690,-690(690.000000)
527:Player,BR:0cc/cc/cr200f:5dJh,2c5h|/2h4h4c/4d:-100,100(-100.000000)
528:BR,Player:0r130c/cr299c/r19471f:5c8d,7h9c|/4c8s8h/5d:529,-529(529.000000)
529:Player,BR:0cr300c/cc/cr19600f:6c7d,2s5h|/4h6h7c/3c:-400,400(-400.000000)
530:BR,Player:0r130c/cc/cc/cr299r1058f:2h5d,6hKh|/2c3c9s/6c/Qd:529,-529(529.000000)
531:Player,BR:0cr130c/cc/cr19770f:QdQc,5h6h|/2c8cAd/Kd:-230,230(-230.000000)
532:BR,Player:0r200c/cc/r600f:5c8c,TsJh|/3d4hAd/9c:300,-300(300.000000)
533:Player,BR:0cc/cc/r130f:3s7s,4d5d|/2s7cQh/Qd:100,-100(100.000000)
534:BR,Player:0r130c/cc/r19770f:8hQh,AsAd|/8s9hQd/7h:230,-230(230.000000)
535:Player,BR:0cc/cc/cr19900f:2d9d,3hQc|/2sThAs/Kh:-100,100(-100.000000)
536:BR,Player:0r130c/cc/r19770f:2hJh,5h8c|/7s8hAd/Js:230,-230(230.000000)
537:Player,BR:0cc/r200c/cr600f:3c7d,4s9s|/3h4cAc/Ks:-300,300(-300.000000)
538:BR,Player:0r130c/cc/r460f:8hQh,7sKd|/2c6hQs/6d:230,-230(230.000000)
539:Player,BR:0cc/cc/cr200f:7dKh,6cAd|/2s2h3c/Jd:-100,100(-100.000000)
540:BR,Player:0r130c/cc/r460f:JsQs,4sKc|/2hTdQh/2c:230,-230(230.000000)
541:Player,BR:0cc/cc/cr200c/cr600f:6dKh,4c8c|/3h5cAd/7s/2s:-300,300(-300.000000)
542:BR,Player:0r130c/cc/cr299r1058f:4cTc,2cAc|/6d7s7h/6s:529,-529(529.000000)
543:Player,BR:0cc/cc/cr200f:8dAc,7sAh|/4c5hTs/6s:-100,100(-100.000000)
544:BR,Player:0r130c/cr460c/cr897r3174f:8dAs,TsKs|/6cJsKd/5d:1587,-1587(1587.000000)
545:Player,BR:0cr300c/cc/r1200r18400c/cc:9s9d,TsJc|/2h9hQd/Kc/3c:-20000,20000(-13337.769964)
546:BR,Player:0r200c/cr390c/cc/r19310f:5c9s,5s8c|/2h7cJd/Tc/3c:690,-690(690.000000)
547:Player,BR:0cr300c/cc/r200c/cc:7cTc,JsAd|/4s4c9c/Th/6c:600,-600(472.379111)
548:BR,Player:0cc/cr130c/r460f:QsQd,5h8d|/2s7c8s/9h:230,-230(230.000000)
549:Player,BR:0cr200c/cc/r600r1800f:6dAd,ThAh|/3c4sAc/Ts:-900,900(-900.000000)
550:BR,Player:0r130c/cr1380c/r3220f:2d8s,4h5c|/3hQdAh/Qs:1610,-1610(1610.000000)
551:Player,BR:0cc/cc/cc/r130r19770f:2sAs,JsQd|/5s6h6c/5d/Jc:-230,230(-230.000000)
552:BR,Player:0r200c/cc/cr150f:7c8h,6dKd|/2sJsAs/6c:-300,300(-300.000000)
553:Player,BR:0cc/cc/cc/cc:2s5d,4s6s|/6d9cJc/Kc/8s:-100,100(-16.142436)
554:BR,Player:0r200c/cr390c/cc/cc:4s6s,JdKd|/6c8sQs/9c/5h:690,-690(78.292587)
555:Player,BR:0cc/cc/r200c/cc:7d8s,TsJh|/5d9sTh/As/Qd:-300,300(-300.000000)
556:BR,Player:0r200c/cc/r19700f:6c9d,4d7s|/7h8cTd/Qh:300,-300(300.000000)
557:Player,BR:0cc/cc/cc/cc:4c7s,4hKc|/5s9sAd/7c/Qd:100,-100(28.039534)
558:BR,Player:0cc/cc/r200c/r600f:QcKh,6cQd|/6s6h9d/9s/9c:300,-300(300.000000)
559:Player,BR:0cr300c/cc/cr800f:9sAd,JcKd|/6c7hTd/Ks:-400,400(-400.000000)
560:BR,Player:0r130c/cr299c/r1058f:2c5d,5h9c|/3sQsAc/9s:529,-529(529.000000)
561:Player,BR:0cc/cc/cr200f:5sQh,4dKd|/TcJdAs/7d:-100,100(-100.000000)
562:BR,Player:0r200c/cc/cc/r19700f:ThQs,3s6s|/3h5cAh/8s/Js:300,-300(300.000000)
563:Player,BR:0cc/cc/cr200c/cr600c:4sKc,2sQs|/6d7sQd/Ks/Ad:900,-900(-354.383191)
564:BR,Player:0r200c/cr600c/cc/r19100f:7dKh,2s3s|/TsJdKd/8c/9c:900,-900(900.000000)
565:Player,BR:0cc/cc/r130c/r299c:3sAd,8hQc|/7hQdAc/7d/9d:529,-529(172.893362)
566:BR,Player:0r130c/cc/cc/r19770f:9cKh,9sAc|/2h2cTh/8d/Jc:230,-230(230.000000)
567:Player,BR:0cc/cc/cc/cc:5cTd,7dJh|/3cQhKh/5s/Ad:100,-100(25.150202)
568:BR,Player:0r130c/cr299c/cc/r19471f:4c5h,5sAd|/7s8d9s/Js/Td:529,-529(529.000000)
569:Player,BR:0cc/cc/cr200f:3hTs,3d7c|/4dJdKd/Ac:-100,100(-100.000000)
570:BR,Player:0r130c/cr299c/cr687c/cr1580f:5dAc,6h8d|/8s8hJc/2d/Ts:-1216,1216(-1216.000000)
571:Player,BR:0cr300c/cc/r800c/cr18800f:5h6c,4cAd|/3s7c8s/Jd/2d:-1200,1200(-1200.000000)
572:BR,Player:0r200c/cr390c/cr897r18413f:7h9c,TcKc|/3c7cKh/6s:1587,-1587(1587.000000)
573:Player,BR:0cr130c/cc/r690f:3s4s,8sTc|/3d4d7s/Ks:230,-230(230.000000)
574:BR,Player:0r130c/cr460c/r1380r2691f:TcAd,4d5h|/3d7d8s/6c:-2070,2070(-2070.000000)
575:Player,BR:0cr300c/cc/cc/cc:9dQd,QsKc|/5hAdAc/7c/5c:-400,400(-160.898069)
576:BR,Player:0cc/cc/r200f:2h9s,8cTs|/2s9dAd/4c:100,-100(100.000000)
577:Player,BR:0cr200c/cc/r390c/r345c:4d5d,4h4c|/3s7h7c/8h/3c:-1035,1035(-679.709565)
578:BR,Player:0r200c/cr390c/cc/r19310f:3hAs,3s5d|/9dJsQd/9c/2s:690,-690(690.000000)
579:Player,BR:0cr300c/r520c/cr1840c/cr5520c:KcAc,2h3d|/8cTcQc/5d/5c:8280,-8280(8280.000000)
580:BR,Player:0r130c/cc/cr115c/cc:4cJs,JcAd|/7sQsKd/Qc/3h:-345,345(-311.875427)
581:Player,BR:0cc/cc/r130r460f:5hKs,5s8d|/2d5d8h/6s:-230,230(-230.000000)
582:BR,Player:0f:9cQs,2hTd|:50,-50(50.000000)
583:Player,BR:0cc/cc/cr200f:6dJs,3dAs|/4c9dQd/3s:-100,100(-100.000000)
584:BR,Player:0r200c/cr600c/r1800f:2d7c,2hJh|/7s8cJc/Ah:900,-900(900.000000)
585:Player,BR:0cr300c/cc/cc/r520c:5s6s,4h4d|/QsQhAd/Kh/Jh:-920,920(-883.400912)
586:BR,Player:0cc/cr130c/r460f:4cAd,2sJh|/8sTcAh/2d:230,-230(230.000000)
587:Player,BR:0cr200c/r390c/r138c/cc:3h3d,7sQd|/2h2c8h/4c/Th:828,-828(828.000000)
588:BR,Player:0cc/cc/cc/r19900f:2sKc,8sQs|/4d9dJs/4s/9c:100,-100(100.000000)
589:Player,BR:0cc/cc/cr200f:6c7s,4c5s|/3dJhKc/Kh:-100,100(-100.000000)
590:BR,Player:0cc/cr130c/cc/r19770f:2hJd,4sJs|/4dQdAc/3d/Qh:230,-230(230.000000)
591:Player,BR:0cc/cc/cr200f:7dKh,6dJc|/2c4dJs/2h:-100,100(-100.000000)
592:BR,Player:0r130c/cr299c/cr687r18784c/cc:TcKd,QhQd|/7dThQs/4c/9h:-20000,20000(-20000.000000)
593:Player,BR:0cc/cc/cc/r130r460f:4h7c,7sKc|/3s9sQc/Th/Tc:-230,230(-230.000000)
594:BR,Player:0f:8sJc,3c7d|:50,-50(50.000000)
595:Player,BR:0cr200c/r390c/cr1380f:6cAc,5cAd|/3h6h9s/Tc:-690,690(-690.000000)
596:BR,Player:0r130c/cr690c/cr1196r17884f:8dJd,5d9d|/5s9sAc/Qh:2116,-2116(2116.000000)
597:Player,BR:0cr600c/r910c/cc/cr3220c:QhAc,3hKh|/7c8dQd/Td/5s:4830,-4830(4830.000000)
598:BR,Player:0r130c/cr460c/r19310f:TcAd,7c9h|/4s4cQs/Js:690,-690(690.000000)
599:Player,BR:0cr600c/cc/r910c/cr18390f:TcJs,4hAd|/4c7c9d/9h/Kh:-1610,1610(-1610.000000)
600:BR,Player:0r200c/cr390c/cr897r3174f:7dKd,4h6c|/4sTcJc/3c:1587,-1587(1587.000000)
601:Player,BR:0cc/cc/cr200c/cc:5s9c,8h9h|/2c8cTh/5c/Jc:300,-300(84.882724)
602:BR,Player:0r130c/cr299c/r1058c/r3174c:9cAh,4s7c|/4h4c8c/9s/9h:4761,-4761(3135.403273)
603:Player,BR:0cc/cc/cc/cc:9dKc,4cKd|/6h7sTs/3d/4h:-100,100(-34.560101)
604:BR,Player:0r130c/cc/r19770f:3cAc,6s8h|/6dTdKd/3d:230,-230(230.000000)
605:Player,BR:0cr200c/cc/cr600c/cc:6sKs,7h9s|/2d5hKd/7s/Ah:900,-900(295.097241)
606:BR,Player:0f:2h8d,2dTh|:50,-50(50.000000)
607:Player,BR:0cc/cc/cr200f:3cTh,2s6d|/3s5d9h/6s:-100,100(-100.000000)
608:BR,Player:0r130c/cr460c/cr897c/cr3174r15239f:5cQs,KsKc|/4c5h9h/9c/9s:4761,-4761(4761.000000)
609:Player,BR:0cr600c/cc/cc/cc:QsKc,3s8d|/7hTdAs/2s/Th:700,-700(649.528040)
610:BR,Player:0r130c/cc/r460f:7dQh,2hTh|/8dTdJc/9c:230,-230(230.000000)
611:Player,BR:0cc/cc/cr200f:3sKd,7dJs|/3c5c6s/9s:-100,100(-100.000000)
612:BR,Player:0r200c/cr390c/r1380f:5hAc,4sJd|/3s7s7d/5d:690,-690(690.000000)
613:Player,BR:0cr300c/cc/r200c/r300f:4s5s,8dAs|/2h2dQh/5d/3s:600,-600(600.000000)
614:BR,Player:0r130c/cr299c/r1058f:4hAs,QsAd|/2s3s3c/Kd:529,-529(529.000000)
615:Player,BR:0cr200c/cc/r150r900f:5d6d,4sTs|/5s9hKs/Kd:-450,450(-450.000000)
616:BR,Player:0cc/cc/r200f:2cTs,8c9s|/4sTcAh/3d:100,-100(100.000000)
617:Player,BR:0cc/cc/cr200c/cr19700f:5h6s,3c6c|/5sTsJs/Th/Kh:-300,300(-300.000000)
618:BR,Player:0r200c/cc/cr150f:2s7h,9h9d|/5cJdQc/Ts:-300,300(-300.000000)
619:Player,BR:0cr300c/r4800c/r6760r8040f:2dQd,7cJh|/6hJcKs/2h:-11960,11960(-11960.000000)
620:BR,Player:0r130c/cc/r460f:TcAh,4d4c|/3s9sAd/Kc:230,-230(230.000000)
621:Player,BR:0cc/cc/r200c/cc:9cTs,4h4c|/2s3h7h/2d/Ah:-300,300(-282.322356)
622:BR,Player:0r130c/cc/r460f:4d8d,5d7h|/9d9cTh/3s:230,-230(230.000000)
623:Player,BR:0cr300c/cc/r200c/r780c:6c7c,4h7h|/4dTcKd/Jd/8d:-1380,1380(-169.557959)
624:BR,Player:0r130c/cr299c/cc/r19471f:3s9s,9cKc|/9dTdKs/4d/8c:529,-529(529.000000)
625:Player,BR:0cr300c/cc/cr800f:JdQd,4s7d|/3c6c7h/Kd:-400,400(-400.000000)
626:BR,Player:0cc/cc/cr300r19600f:9dTd,2sAh|/6h8hKc/Qh:400,-400(400.000000)
627:Player,BR:0cr300c/r520c/r1840r5520f:9dJd,6hQs|/3c4h8s/Kh:-2760,2760(-2760.000000)
628:BR,Player:0cc/cc/cc/cc:3cKs,2cQs|/4d5s9d/8h/3h:100,-100(25.634412)
629:Player,BR:0cr300c/cc/cc/cr19600f:KcAd,2sTs|/5d8sAh/2h/9c:-400,400(-400.000000)
630:BR,Player:0r130c/cc/r460f:6s7h,3dAs|/6h6d9d/Js:230,-230(230.000000)
631:Player,BR:0cc/cc/cr200c/cr600c:5dKc,4d9c|/2d3d4h/Td/3h:-900,900(37.061786)
632:BR,Player:0cc/cc/cc/r200f:ThJd,2sJh|/3s7dAc/Ah/As:100,-100(100.000000)
633:Player,BR:0cc/cc/cc/r130r460f:2h3s,6d9s|/6s7sTc/Qc/4d:-230,230(-230.000000)
634:BR,Player:0r200c/cc/r600c/cc:7h9d,7c9s|/5h9hJc/7s/8h:0,-0(365.036759)
635:Player,BR:0cc/cc/cr200f:3hKh,5d9c|/3c6cTs/5c:-100,100(-100.000000)
636:BR,Player:0r200c/cr390c/cr1380f:3d6d,5d8h|/6h7c9h/Ah:-690,690(-690.000000)
637:Player,BR:0cc/cc/cc/r130r19770f:7hTd,8hJc|/3s5hKc/2d/6s:-230,230(-230.000000)
638:BR,Player:0r200c/cr390c/cr1380f:2c3h,2dJd|/4c7dKc/6d:-690,690(-690.000000)
639:Player,BR:0cc/cc/cr200f:9sKc,6dTh|/4d4c7s/Js:-100,100(-100.000000)
640:BR,Player:0r200c/cr390c/cc/cc:5dQs,8h9s|/4h4d8d/Js/7s:-690,690(-488.078631)
641:Player,BR:0cr130c/cc/cc/cr460r2070c:7dKd,2h2c|/8dJhAd/Tc/3c:-2760,2760(-2642.448910)
642:BR,Player:0r130c/cc/r19770f:3d4c,6dJs|/2d8hAd/Tc:230,-230(230.000000)
643:Player,BR:0cc/cc/cr200c/cr600r1170r17930f:6sTh,7cAd|/4hTsAh/3d/6d:-2070,2070(-2070.000000)
644:BR,Player:0r200c/cr390c/cr897c/cc:8s9h,ThTd|/2c8cQs/5d/6c:-1587,1587(-1169.999208)
645:Player,BR:0cc/cc/cr200c/cc:7cQs,5d6c|/4d9sJc/7d/Th:300,-300(300.000000)
646:BR,Player:0f:9cQs,3cTs|:50,-50(50.000000)
647:Player,BR:0cc/cc/cc/cr200f:2c5s,4sJd|/6s9sQc/Kh/Jc:-100,100(-100.000000)
648:BR,Player:0r130c/cr690c/cc/r1840f:6c8h,4sTd|/2c8dJd/3h/5s:920,-920(920.000000)
649:Player,BR:0cc/cc/r130c/r299c:2d4c,JcAh|/6c8hKh/5d/Jh:-529,529(-89.005343)
650:BR,Player:0r200c/cc/cr150c/r19550f:KhAs,7d8c|/3c7s9d/Qc/5h:450,-450(450.000000)
651:Player,BR:0cc/r130c/cr19770f:8sTc,3s8h|/7s7hAc/Ks:-230,230(-230.000000)
652:BR,Player:0cc/cc/cc/cc:5cTd,2dQc|/7s7hAh/8s/Js:-100,100(-100.000000)
653:Player,BR:0cc/cc/cc/r300c:6h7d,3s5d|/3hQhKd/9s/5c:-400,400(-319.448071)
654:BR,Player:0cc/cc/cc/r19900f:4cJc,ThAd|/2c4d5d/Qs/9d:100,-100(100.000000)
655:Player,BR:0cr130c/cc/r460f:JsJc,8sJh|/5h7dKs/Kh:230,-230(230.000000)
656:BR,Player:0r200c/cc/r19700f:3d7c,9dAd|/4d5sKh/Qc:300,-300(300.000000)
657:Player,BR:0cr200c/cc/cr600c/cr1800f:3s6h,4hTd|/3d4d5h/Tc/9d:-900,900(-900.000000)
658:BR,Player:0cc/cc/r200f:ThQd,4h8d|/3s5c7s/Qh:100,-100(100.000000)
659:Player,BR:0cc/cc/cc/cc:3dKd,6cQd|/4d7h7d/4c/6s:-100,100(-56.785592)
660:BR,Player:0f:8sAd,2d6c|:50,-50(50.000000)
661:Player,BR:0cr300c/r520c/cr19080f:6cJc,TcKh|/2s9cAs/Th:-920,920(-920.000000)
662:BR,Player:0r130c/cr299c/cr687r2432f:2cAc,3d5d|/6s9h9c/Th:1216,-1216(1216.000000)
663:Player,BR:0cc/cc/cr200f:5s8h,2cJs|/4c9cQd/Jh:-100,100(-100.000000)
664:BR,Player:0r130c/cc/cc/r460f:TdQc,6cTh|/6h9dAh/7c/2h:230,-230(230.000000)
665:Player,BR:0cc/cc/cr200f:2dAs,KsAd|/3c8hJd/8d:-100,100(-100.000000)
666:BR,Player:0r200c/cc/r600c/cr1800c:TdQh,2sAc|/6hTcQd/Kc/7c:2700,-2700(1274.079821)
667:Player,BR:0cc/cc/cc/r130f:4h8d,3h4d|/8h9hJh/3c/7d:100,-100(100.000000)
668:BR,Player:0r130c/cr460c/r1380f:6d9s,2cQc|/6s7sTs/Th:690,-690(690.000000)
669:Player,BR:0cr200c/cc/cc/cr600f:TdAd,2s5d|/2h5hQh/Jh/4d:-300,300(-300.000000)
670:BR,Player:0r130c/cr299c/cc/cc:5cTc,5dKh|/4s4hTh/2h/7c:529,-529(529.000000)
671:Player,BR:0cc/cc/r200r600c/cr1800f:5sKc,6s7s|/4s9sKs/6h/3d:-900,900(-900.000000)
672:BR,Player:0cc/cc/cc/r19900f:4sJs,2cQd|/5dAhAc/5h/6c:100,-100(100.000000)
673:Player,BR:0cr600c/cc/r1400c/r2730f:TcAc,2s3c|/2c3hJc/5c/5d:2100,-2100(2100.000000)
674:BR,Player:0r130c/cc/cc/cr299r19471f:7h9d,7sKd|/9cKsAc/Jc/5s:529,-529(529.000000)
675:Player,BR:0cc/cc/r200r600f:8c9h,9cQc|/2s5d9d/4d:-300,300(-300.000000)
676:BR,Player:0r200c/cc/r600f:5dTd,QcAc|/4s9cTh/2d:300,-300(300.000000)
677:Player,BR:0cr600c/cc/cc/cc:8h9c,5d6h|/3s6cQd/8c/7h:700,-700(-352.319704)
678:BR,Player:0r200c/cc/r600c/r19100f:9sJd,7d8d|/2c4dJh/3d/4s:900,-900(900.000000)
679:Player,BR:0cc/cc/cr200f:8sQh,ThJd|/5d7cJs/4s:-100,100(-100.000000)
680:BR,Player:0r130c/cc/r19770f:7sTs,5hAc|/5d6c8c/3h:230,-230(230.000000)
681:Player,BR:0cr200c/r390c/cc/cr1380c:6dAs,4s4d|/3d5s8c/2d/8h:-2070,2070(-2070.000000)
682:BR,Player:0cc/cr200c/r600f:6c7c,3d4h|/9hTdQs/Qh:300,-300(300.000000)
683:Player,BR:0cc/cc/r130c/r460r1380f:9dAc,8sKc|/3s3d3c/4s/As:-690,690(-690.000000)
684:BR,Player:0r130c/cc/r460c/r1380r2691c:JsAd,9cKs|/7h9dQc/Jd/Jc:4761,-4761(4761.000000)
685:Player,BR:0cc/cc/cc/cc:3sJh,5hKc|/2dTsTh/2s/7d:-100,100(-43.814869)
686:BR,Player:0r130c/cr299c/cr1058c/cc:5hTd,2sAh|/4d6dTh/Jh/3c:1587,-1587(1381.834350)
687:Player,BR:0cr600c/cc/r140r1680f:4sKs,2c8s|/5d6d9d/9h:-840,840(-840.000000)
688:BR,Player:0r130c/cc/cc/cc:2c9h,7sTh|/2dJhKd/4h/4c:230,-230(214.562639)
689:Player,BR:0cr600c/cc/r140r19160f:KdAs,3cTd|/5c7d8s/2c:-840,840(-840.000000)
690:BR,Player:0r130c/cc/cc/cr299f:3sJs,JdJc|/4d7cQc/5d/3c:-230,230(-230.000000)
691:Player,BR:0cc/cc/cr200f:3cJd,2s2c|/4s5s5d/Kc:-100,100(-100.000000)
692:BR,Player:0r130c/cr460c/cc/cc:2s6d,7cJh|/2d9hAh/Js/5c:-690,690(-499.067065)
693:Player,BR:0cc/cc/r300r800f:6sJd,TcKs|/4s5cAc/8s:-400,400(-400.000000)
694:BR,Player:0r130c/cc/cc/r460r2070r17240f:8cAd,2h6h|/5d7dQc/Js/5s:2760,-2760(2760.000000)
695:Player,BR:0cc/cc/cr200c/cr600f:4hKd,2h4c|/2d7s8c/2c/Qd:-300,300(-300.000000)
696:BR,Player:0cc/cc/r19900f:4cKd,4hTh|/2s2d9d/5c:100,-100(100.000000)
697:Player,BR:0cc/cc/cc/cr200c:4sKd,3dKs|/JcQhQd/Td/9d:0,-0(-229.790095)
698:BR,Player:0r130c/cr299c/r1058f:9dJd,3d4c|/5s9cJh/8c:529,-529(529.000000)
699:Player,BR:0cc/cc/cc/cr200c:9cJd,3sJs|/3h8dQd/5c/Jh:-300,300(-300.000000)
700:BR,Player:0r130c/cc/r460c/r1380c:3c4d,9cKc|/5d7hJc/Ks/Ad:-2070,2070(-2070.000000)
701:Player,BR:0cr300c/cc/cr800c/cr2400c:6cKc,3cQd|/2d7dQs/Ks/5c:3600,-3600(-574.196083)
702:BR,Player:0r300c/cc/cc/r800f:4c9c,JhAh|/3d6sQs/8d/6d:400,-400(400.000000)
703:Player,BR:0cc/cc/cc/cr19900f:5hQc,8dJs|/4hTdKh/Tc/Ac:-100,100(-100.000000)
704:BR,Player:0cc/cr200c/r600f:4dKd,TsJh|/5s6cKc/4c:300,-300(300.000000)
705:Player,BR:0cr300c/cc/cc/r800f:9cAc,7d8c|/9dKsKc/Ah/Th:400,-400(400.000000)
706:BR,Player:0f:2d9d,2s5h|:50,-50(50.000000)
707:Player,BR:0cr200c/r390c/r2070f:5dJs,7s9d|/5sJcAh/2d:690,-690(690.000000)
708:BR,Player:0r200c/cr390c/cc/r19310f:4cKd,KcAd|/2h2c3d/9s/Kh:690,-690(690.000000)
709:Player,BR:0cc/cc/cr200f:5dTs,9hQh|/3h6dJh/Qc:-100,100(-100.000000)
710:BR,Player:0r130c/cc/r19770f:TdJs,5dAh|/2c7d9c/8h:230,-230(230.000000)
711:Player,BR:0cr130c/cc/r299f:7d7c,TsQs|/4c8cAh/3h:230,-230(230.000000)
712:BR,Player:0cc/cc/cc/r19900f:3sQh,3c4h|/4d6cAd/Td/5c:100,-100(100.000000)
713:Player,BR:0cc/cc/r130c/cc:2hTc,9cQh|/4c9dJc/4s/Td:230,-230(23.878327)
714:BR,Player:0r200c/cc/cc/r19700f:4h7h,4s8s|/8cJsQc/Ts/3h:300,-300(300.000000)
715:Player,BR:0cc/cc/r130c/cc:4sTc,9cJs|/5s8sKd/7c/Ac:-230,230(29.138631)
716:BR,Player:0r200c/cc/r600f:9dQh,7dAh|/2sJcQd/Tc:300,-300(300.000000)
717:Player,BR:0cc/cc/cc/r130r460f:5h8s,9sQc|/2h3h8h/Ah/Tc:-230,230(-230.000000)
718:BR,Player:0r130c/cr299c/cc/cr687r2432f:8cKs,3s8s|/4d6c9d/Ah/Qd:1216,-1216(1216.000000)
719:Player,BR:0cr300c/cc/r200c/cc:6sQs,5sTd|/8sJcKd/3c/Js:600,-600(362.231562)
720:BR,Player:0r200c/cc/r600c/r19100f:9cTd,7hTs|/3s8d8c/7s/Ah:900,-900(900.000000)
721:Player,BR:0cr300c/cc/cc/cr800f:7dAc,2sAd|/2c9dQd/Tc/3c:-400,400(-400.000000)
722:BR,Player:0r200c/cr390c/cc/r1380f:7cJd,8sTh|/4h7dQd/6d/2d:690,-690(690.000000)
723:Player,BR:0cr200c/cc/cr600r2700c/cr16400f:9sAh,7s8d|/4h6d8s/7d/9c:-3600,3600(-3600.000000)
724:BR,Player:0r130c/cc/cc/r19770f:7h9c,7dAd|/9hTsQs/Js/Ah:230,-230(230.000000)
725:Player,BR:0cc/cc/r200r19700f:2cQd,5s8s|/TdJhKc/8d:-300,300(-300.000000)
726:BR,Player:0r130c/cr299c/cc/r19471f:2s7d,2d9d|/5cTcAc/Kd/Jd:529,-529(529.000000)
727:Player,BR:0cc/cc/cr200c/cr19700f:5d8h,6d7c|/4c7h8d/9s/Jc:-300,300(-300.000000)
728:BR,Player:0r200c/cc/cc/cr600r19100f:5c7h,5h6c|/9dKsKd/8d/7c:900,-900(900.000000)
729:Player,BR:0cc/cc/r130c/r299r19471f:3s6c,2sQd|/2c7h9h/8h/8d:-529,529(-529.000000)
730:BR,Player:0cc/cr130c/r460c/r19310f:4d9d,2dQs|/2sAsAc/Qh/3h:690,-690(690.000000)
731:Player,BR:0cc/cc/cc/cr19900f:4h7c,7sQs|/3h4cTd/Ah/9h:-100,100(-100.000000)
732:BR,Player:0r130c/cc/r460f:3h7c,4d9d|/6h6cQs/Qd:230,-230(230.000000)
733:Player,BR:0cr600c/r910c/r805r4830f:7sTs,9dJd|/5c8d9h/Qc:-2415,2415(-2415.000000)
734:BR,Player:0r200c/cr390c/cc/r19310f:4sQc,5cKc|/2h5hKd/7h/3s:690,-690(690.000000)
735:Player,BR:0cr600c/cc/cc/cc:9sAd,7h8d|/3dQsQd/6s/Js:700,-700(697.095857)
736:BR,Player:0f:QsKh,2d5h|:50,-50(50.000000)
737:Player,BR:0cc/cc/cc/cr200f:6cAd,2hJd|/5hTcKh/9h/Qd:-100,100(-100.000000)
738:BR,Player:0r130c/cc/cc/r19770f:7dAs,7c9d|/9hJdKd/Js/3s:230,-230(230.000000)
739:Player,BR:0cc/cc/cc/cc:8sQc,3d7s|/5d8cKs/Jh/Qd:100,-100(85.532710)
740:BR,Player:0r130c/cc/r460c/r1380f:5d7d,4sKh|/5sJsKd/2d/8d:690,-690(690.000000)
741:Player,BR:0cc/cc/cr200c/cr600c:3sQh,5d6d|/4h8s9d/Qd/9h:900,-900(900.000000)
742:BR,Player:0r200c/cc/r600c/r19100f:5c6h,3dJd|/3s5hKc/2h/2s:900,-900(900.000000)
743:Player,BR:0cc/cc/cr200f:2h9s,4c7s|/6sKhAc/8d:-100,100(-100.000000)
744:BR,Player:0cc/cr130c/cr460c/cc:4cKd,TdQs|/5d9sTs/4d/7d:-690,690(-479.105138)
745:Player,BR:0cc/cc/cc/r130r460f:6sKc,9cTc|/9sQhAc/Jd/Kd:-230,230(-230.000000)
746:BR,Player:0cc/cc/r200f:KhAd,4hAc|/ThJsKd/2s:100,-100(100.000000)
747:Player,BR:0cc/cc/cc/cc:3sQh,TdAd|/7hJhKh/6d/2h:100,-100(64.898759)
748:BR,Player:0r130c/cc/r19770f:3dQh,9s9h|/ThJhAd/6s:230,-230(230.000000)
749:Player,BR:0cc/cc/r130r460f:7dAs,8c9s|/2d6s7h/8d:-230,230(-230.000000)
750:BR,Player:0r130c/cc/cc/r460f:3s8h,JcAh|/7h8cKh/Tc/Kc:230,-230(230.000000)
751:Player,BR:0cc/cc/cr200f:2c9s,3h7s|/4c5c7c/Qs:-100,100(-100.000000)
752:BR,Player:0f:3h9c,2s8h|:50,-50(50.000000)
753:Player,BR:0cc/cc/r200r600f:4sQh,5cAc|/6d8cQc/Td:-300,300(-300.000000)
754:BR,Player:0cc/cc/r200c/cc:8hTh,3hKc|/9cTdKh/Tc/Jh:300,-300(274.613380)
755:Player,BR:0cc/r200c/cr600f:4sTs,3d5s|/2c8sKd/Ac:-300,300(-300.000000)
756:BR,Player:0r130c/cc/cc/cr299r19471f:JsKd,6d8c|/5d8sAd/Th/7s:529,-529(529.000000)
757:Player,BR:0cr600c/cc/cr1400f:ThAh,4s8c|/2c7hKc/5c:-700,700(-700.000000)
758:BR,Player:0r200c/cc/cc/cc:2d8c,5dAc|/9s9hJs/6s/7c:-300,300(-300.000000)
759:Player,BR:0cc/cc/r130r460c/cr1380f:JdKc,6hTs|/9cJhQc/2h/2c:-690,690(-690.000000)
760:BR,Player:0r200c/cr900c/r2400c/cr16400c:QcKd,6c8c|/3s4d5h/Ac/Td:20000,-20000(19978.419481)
761:Player,BR:0cc/cc/cc/cc:2hAs,8dQd|/5hKsAc/2d/6s:100,-100(11.521730)
762:BR,Player:0r130c/cr299c/cc/cc:3sQh,7c9s|/6cQdKc/Kh/Td:529,-529(529.000000)
763:Player,BR:0cc/cc/r200c/cc:3h8h,8sQd|/5hAsAh/Tc/Qc:-300,300(-287.045554)
764:BR,Player:0r130c/cr299c/cr1058r18413f:6cKh,6s9d|/4h5dJd/7d:1587,-1587(1587.000000)
765:Player,BR:0cc/cc/cc/cc:3d8d,6s9h|/3c5sQs/Kc/Ah:100,-100(79.375977)
766:BR,Player:0r130c/cr299c/r1058c/r18413c:2d4s,KsKd|/2s7dJh/4d/3c:20000,-20000(6906.088633)
767:Player,BR:0cc/cc/cr200r390f:3s8h,6hJs|/3c4c8s/Ts:300,-300(300.000000)
768:BR,Player:0cc/cr130c/cr460r1380f:7sTc,3c6d|/4s5dKh/Kd:690,-690(690.000000)
769:Player,BR:0cc/cc/cr200f:4sTc,7dJd|/3s7h7c/2s:-100,100(-100.000000)
770:BR,Player:0r200c/cr600c/r1800f:5s7c,8s9c|/3d4s5h/Ts:900,-900(900.000000)
771:Player,BR:0cr130c/cc/cr460f:9sJs,6d7h|/4d5dAd/2c:-230,230(-230.000000)
772:BR,Player:0r130c/cr299c/r1058f:2s9c,ThQd|/6s7c8h/3s:529,-529(529.000000)
773:Player,BR:0cr300c/r520c/r1196c/r423f:8sTd,8dAc|/3hJsQc/Kd/Ah:2116,-2116(2116.000000)
774:BR,Player:0r130c/cr299c/cr1058c/r3174c:6sQh,5cJc|/QcKsKc/7c/4c:-4761,4761(-4761.000000)
775:Player,BR:0cr600c/cc/cc/r1400r4200r13700c:8d9s,8cKs|/5dJhAh/Jd/Kh:-20000,20000(-15538.801172)
776:BR,Player:0cc/cc/cc/cr130r19770f:3d6c,7dJc|/3sTsQh/7h/4c:230,-230(230.000000)
777:Player,BR:0cr200c/r390c/cc/cc:3d5c,4s9c|/8d8c9s/2h/2d:-690,690(-601.562555)
778:BR,Player:0r130c/cr299c/cr1058r18413c/cc:2h8s,ThTc|/6c7d7c/8d/9h:-20000,20000(-20000.000000)
779:Player,BR:0cr300c/cc/r200c/cr1200f:TcKc,7dTd|/6s6cAd/3c/2h:-600,600(-600.000000)
780:BR,Player:0cc/cc/r200c/r19700f:5hAc,JhKh|/3h9d9c/2h/Qd:300,-300(300.000000)
781:Player,BR:0cr600c/cc/r910c/r2093f:6d9d,8cTh|/5h7dQc/8d/Kh:1610,-1610(1610.000000)
782:BR,Player:0r130c/cc/r460c/cr345r18965f:JcQh,9hKs|/JhKcAd/7s/8c:1035,-1035(1035.000000)
783:Player,BR:0cc/cc/cr200f:2h7c,KsAd|/3dQcAs/6s:-100,100(-100.000000)
784:BR,Player:0r130c/cr299c/r1058f:3sKd,8s8d|/3d4c6d/Qd:529,-529(529.000000)
785:Player,BR:0cc/cc/cr200c/cr19700f:4hAd,3cQc|/2d2c9c/Th/9d:-300,300(-300.000000)
786:BR,Player:0cc/cr130c/r460c/cc:9sQs,3h4s|/2c5dQd/4h/8h:690,-690(599.913133)
787:Player,BR:0cr300c/r520c/cc/cc:6hTh,2cAs|/5c8h8c/Kd/7h:-920,920(217.033009)
788:BR,Player:0cc/cr130c/cc/r19770f:3cQs,6cTc|/3d6sJc/5h/Kc:230,-230(230.000000)
789:Player,BR:0cc/cc/cr200c/cr600c:5hQc,3c5d|/5c7cJh/4c/4d:900,-900(900.000000)
790:BR,Player:0r130c/cc/cr115c/r19655f:2dQh,KdAh|/6s8d9d/9h/Qd:345,-345(345.000000)
791:Player,BR:0cr300c/r520c/cr1840f:8h9h,2sKs|/7h7c8d/Kc:-920,920(-920.000000)
792:BR,Player:0r130c/cc/r460c/r19310f:3sTc,4hKd|/8h8cAh/5h/9d:690,-690(690.000000)
793:Player,BR:0cc/cc/cr200f:6hJc,2sAs|/5d8cAd/7d:-100,100(-100.000000)
794:BR,Player:0r200c/cc/r600c/r1800c:AdAc,JhJc|/3hTsQh/9h/4d:2700,-2700(835.491017)
795:Player,BR:0cc/cc/cr200f:3cAd,7c9s|/5dTsTh/Kh:-100,100(-100.000000)
796:BR,Player:0r130c/cc/cc/cc:5hAc,QdKd|/3s6h7s/2h/2c:230,-230(-8.043049)
797:Player,BR:0cc/cc/r130f:3sJc,9dAd|/2d3h6h/6s:100,-100(100.000000)
798:BR,Player:0r130c/cr299c/cr1058r3174f:8hAs,5hTh|/6dQcKh/Js:1587,-1587(1587.000000)
799:Player,BR:0cc/cc/cr200f:3cJh,2c3h|/6sKhAd/8s:-100,100(-100.000000)
800:BR,Player:0r300c/cc/r19600f:QsAh,QcAs|/3d9cTs/2h:400,-400(400.000000)
801:Player,BR:0cr300c/cc/cr19600f:JdAs,7hJc|/5h9hTd/8s:-400,400(-400.000000)
802:BR,Player:0r130c/cr299c/cr3174c/cr7406c:2h9c,4cJh|/3c6s8h/2s/Td:11109,-11109(9414.075555)
803:Player,BR:0cc/cc/r300r19600f:2c7c,7s9h|/2h7hJd/Ac:-400,400(-400.000000)
804:BR,Player:0r130c/cr299c/cc/cr687c:2d7h,QdAs|/4dThTd/2c/5d:1216,-1216(610.141985)
805:Player,BR:0cc/cc/cr200c/cr19700f:3dQh,4c6d|/3c4hKh/Qd/Kd:-300,300(-300.000000)
806:BR,Player:0r130c/cc/r460f:2sQh,5s7d|/2dJcKs/Th:230,-230(230.000000)
807:Player,BR:0cc/cc/cr200f:7sAh,4dQc|/2s8dTh/Qs:-100,100(-100.000000)
808:BR,Player:0r130c/cc/r460f:JsAd,6dAh|/7hJhKs/8s:230,-230(230.000000)
809:Player,BR:0cr300c/cc/r200c/r300c:5c9h,2d6s|/3d6hQc/8h/Qh:-900,900(29.077615)
810:BR,Player:0r200c/cc/cc/cc:2dJh,4h5h|/5c7d9h/Qc/Kd:-300,300(-300.000000)
811:Player,BR:0cr200c/r390c/r345f:7s7h,2s3s|/9s9d9c/Ks:690,-690(690.000000)
812:BR,Player:0r130c/cr299c/cc/r19471f:8dKh,4s5h|/2d5c9d/4c/2c:529,-529(529.000000)
813:Player,BR:0cc/cc/r200r600f:8cTs,2h9h|/4s9sKc/2s:-300,300(-300.000000)
814:BR,Player:0r130c/cr299c/cc/r19471f:3s5c,7h9c|/4d5h9s/Ks/8d:529,-529(529.000000)
815:Player,BR:0cr130c/cc/r460c/cc:2hAh,JdKd|/6h6dQh/9h/Ad:690,-690(-419.905617)
816:BR,Player:0r130c/cr299c/cc/r19471f:2d3s,TdAc|/4s4dKh/Ad/3c:529,-529(529.000000)
817:Player,BR:0cr300c/cc/r200c/r1200r3600f:7hJh,6hAc|/3h5cJd/4d/4s:-1800,1800(-1800.000000)
818:BR,Player:0r130c/cc/r19770f:3h5h,9sKc|/2s4hQd/Ah:230,-230(230.000000)
819:Player,BR:0cr300c/cc/cr800c/cr2400c:KhKd,7hAd|/4s5dJc/6h/8s:-3600,3600(-2836.606078)
820:BR,Player:0r130c/cc/r19770f:2d4h,5hKs|/6d7dKd/Jd:230,-230(230.000000)
821:Player,BR:0cr300c/cc/cr800f:9cAd,JdQs|/7d7cKc/Ts:-400,400(-400.000000)
822:BR,Player:0r130c/cc/cc/cr299c:5c6d,4hQd|/4s9dTd/6c/Qc:-529,529(7.047178)
823:Player,BR:0cr300c/cc/r200c/r300r19100f:5cQd,7h8s|/8dJhQs/Ks/2h:-900,900(-900.000000)
824:BR,Player:0r130c/cc/cc/cr299r19471f:5cKs,8dAc|/6cThQd/3s/8h:529,-529(529.000000)
825:Player,BR:0cc/cc/r130r460f:3d9h,5hKh|/9dJsJh/4h:-230,230(-230.000000)
826:BR,Player:0r130c/cr299c/r1058c/cr2063f:9dKc,7cTs|/7s8sTd/3c/5s:-1587,1587(-1587.000000)
827:Player,BR:0cr200c/r600c/r450r18650f:3h4h,TcQd|/2h6dQc/9s:-1350,1350(-1350.000000)
828:BR,Player:0r130c/cr299c/r1058c/r18413f:6sJd,3c7c|/4s5dAd/9s/2s:1587,-1587(1587.000000)
829:Player,BR:0cc/cc/cc/cc:3sJd,2hJh|/6h6cAc/As/4s:0,-0(-16.643665)
830:BR,Player:0r200c/cr390c/cr1380c/cc:5sTd,5cQh|/2c9cTh/3c/7s:2070,-2070(1184.265304)
831:Player,BR:0cr300c/cc/r200r1200f:4c6h,5sQc|/2s7sKs/9c:-600,600(-600.000000)
832:BR,Player:0r200c/cc/r19700f:6cTc,2cJc|/6hTdAc/3s:300,-300(300.000000)
833:Player,BR:0cc/cc/cr200c/cc:9cQd,7sTs|/ThJcAh/3d/As:-300,300(-36.351818)
834:BR,Player:0r300c/cc/r800c/r2400c:TsQd,6d8d|/8cTcAh/6c/4h:-3600,3600(1173.221820)
835:Player,BR:0cr300c/cc/cc/r520r1840f:2h5c,4cAs|/2c8cKc/Qs/Jc:-920,920(-920.000000)
836:BR,Player:0f:2dQc,3h8s|:50,-50(50.000000)
837:Player,BR:0cc/cc/r130r460c/cr19310f:7d8c,9dQd|/3d7s9c/6s/8d:-690,690(-690.000000)
838:BR,Player:0f:5s7d,3c9h|:50,-50(50.000000)
839:Player,BR:0cc/cc/cr200c/cc:3sKc,TsAd|/9s9dJh/Qc/5h:-300,300(158.337195)
840:BR,Player:0f:5c6s,3h7d|:50,-50(50.000000)
841:Player,BR:0cc/cc/r130f:2d5c,2sTh|/3c7sQd/4c:100,-100(100.000000)
842:BR,Player:0f:6s9h,2c4d|:50,-50(50.000000)
843:Player,BR:0cc/cc/cc/cc:2d4h,QcKs|/7h9dTs/Ac/3c:-100,100(-11.590763)
844:BR,Player:0r130c/cc/r19770f:7dTc,6dKc|/2c3s4d/4s:230,-230(230.000000)
845:Player,BR:0cc/cc/cr200f:5dTs,9h9d|/2c9cAh/Ac:-100,100(-100.000000)
846:BR,Player:0f:3sJh,2d6h|:50,-50(50.000000)
847:Player,BR:0cr200c/cc/cr600c/r180r2160f:8hAh,5hKd|/6c7hTd/7c/Th:-1080,1080(-1080.000000)
848:BR,Player:0r200c/cc/cc/r19700f:3h8h,5s8c|/8s9cTh/7c/3s:300,-300(300.000000)
849:Player,BR:0cc/cc/r130r460c/cr1380f:5s6c,2d6s|/4d6dKc/2h/Ah:-690,690(-690.000000)
850:BR,Player:0cc/cc/cc/cr200r19700f:2cKc,3dQd|/9s9hTh/9c/3h:300,-300(300.000000)
851:Player,BR:0cc/cc/cr200c/cr600f:7hTs,3s9c|/5s7cKc/Ad/Jh:-300,300(-300.000000)
852:BR,Player:0r130c/cr460c/cc/cc:8s8c,5s7c|/3h9cQs/Qc/5h:690,-690(690.000000)
853:Player,BR:0cr300c/r520c/r2760c/cc:4c6c,8dAd|/2cJdAh/Ac/6d:-3680,3680(-3436.412500)
854:BR,Player:0r130c/cr299c/r1058r2063r7300f:2sJh,8cQh|/2hJsQc/5s:3650,-3650(3650.000000)
855:Player,BR:0cc/cc/cc/cr200f:9hQd,4hQh|/5c8s9c/7d/Jh:-100,100(-100.000000)
856:BR,Player:0r130c/cc/r460c/r19310f:9cJd,9sKh|/6sTdQd/5c/8c:690,-690(690.000000)
857:Player,BR:0cr300c/cc/r200r1200f:2sTs,7cQd|/7h9hQc/As:-600,600(-600.000000)
858:BR,Player:0cc/cr130c/r460f:5s9d,6s7h|/5h9sJh/Th:230,-230(230.000000)
859:Player,BR:0cc/cc/cr200c/cc:5cQs,JhKh|/5d7hTd/3h/2c:300,-300(265.110323)
860:BR,Player:0r130c/cc/r460f:4h9h,8sQh|/6hJdKs/7h:230,-230(230.000000)
861:Player,BR:0cc/cc/cr200c/cr19700f:6h9s,4s5c|/9hTsTh/9c/Qc:-300,300(-300.000000)
862:BR,Player:0r130c/cc/r460f:7dTd,6sTh|/2d9dKc/As:230,-230(230.000000)
863:Player,BR:0cc/cc/cr200c/cr600c:5h9c,2d9d|/8c9sTd/3s/9h:0,-0(-793.069545)
864:BR,Player:0r200c/cc/r19700f:4cKs,7sAs|/2d2c4s/4d:300,-300(300.000000)
865:Player,BR:0cr200c/r390c/r897c/r2063f:TsTc,3c6h|/3hTdQd/Kh/7h:1587,-1587(1587.000000)
866:BR,Player:0r200c/cr390c/r1380c/cr1035f:2d4c,6hKs|/3dQcKd/Kh/Qs:-2070,2070(-2070.000000)
867:Player,BR:0cr600c/cc/cr1400f:3h5c,2hAd|/2c7d7c/Td:-700,700(-700.000000)
868:BR,Player:0r130c/cr299c/r1058f:6c9d,9sTc|/2s3hAc/3s:529,-529(529.000000)
869:Player,BR:0cr200c/cc/cc/r150f:8dKh,2c4d|/7dQdKc/3s/8h:300,-300(300.000000)
870:BR,Player:0r130c/cc/r19770f:3s5d,QhQc|/TcQsKc/Ad:230,-230(230.000000)
871:Player,BR:0cc/cc/cr200f:3dTc,5hAs|/4dJdJc/2h:-100,100(-100.000000)
872:BR,Player:0f:6sTh,2d6c|:50,-50(50.000000)
873:Player,BR:0cc/cc/cc/cr200r600f:3dTc,4hTh|/3sJhAh/Qd/3c:300,-300(300.000000)
874:BR,Player:0cc/cc/r200f:2c6c,2hJh|/6s6d9s/Tc:100,-100(100.000000)
875:Player,BR:0cc/cc/cr200f:2h8c,TcAh|/6s6cTs/Qc:-100,100(-100.000000)
876:BR,Player:0r200c/cr390c/cc/r19310f:4d6c,3sTs|/2c5h7c/7s/8d:690,-690(690.000000)
877:Player,BR:0cc/cc/cr200f:6s8c,2c7d|/5dAsAh/2d:-100,100(-100.000000)
878:BR,Player:0cc/cr200c/r19700f:QsKh,3h4d|/5h6cTs/7d:300,-300(300.000000)
879:Player,BR:0cr600c/cc/cr1400c/cc:JsAd,8sTs|/4s8dQs/9d/Td:2100,-2100(-36.813294)
880:BR,Player:0cc/cr130c/r460c/cc:8hKh,4d9h|/3c4c9c/5c/Th:-690,690(-690.000000)
881:Player,BR:0cr200c/cc/r150r900f:5h7h,9sAc|/TcKsAh/8d:-450,450(-450.000000)
882:BR,Player:0r200c/cc/cc/r19700f:3cAh,JdQh|/6hKhKd/5s/5c:300,-300(300.000000)
883:Player,BR:0cc/cc/r130f:7hTd,3h4d|/6sJsQc/Ad:100,-100(100.000000)
884:BR,Player:0r200c/cr390c/cc/cc:JsQc,TdJd|/6h9hJh/7h/Jc:690,-690(107.035175)
885:Player,BR:0cr130c/r299c/cr1058c/cc:AsAd,3dAh|/6s7s9s/Th/9d:1587,-1587(1587.000000)
886:BR,Player:0r130c/cc/cc/r19770f:2c3d,5sKs|/6h9dKd/2d/As:230,-230(230.000000)
887:Player,BR:0cr300c/r520c/r1840f:JsAh,6hKh|/2hQsAd/3s:920,-920(920.000000)
888:BR,Player:0r130c/cc/r19770f:3c5c,6s8d|/2c6dTh/Kd:230,-230(230.000000)
889:Player,BR:0cc/cc/r130r460f:5c9h,2hQd|/4d5sAc/3h:-230,230(-230.000000)
890:BR,Player:0r300c/cr2400c/r5600f:2dAd,4cQh|/6d9sJc/3d:2800,-2800(2800.000000)
891:Player,BR:0cc/cc/r200f:8c9s,3s7c|/2c4sTs/Kd:100,-100(100.000000)
892:BR,Player:0r130c/cc/r19770f:4hAh,8sJs|/7h7dQh/3c:230,-230(230.000000)
893:Player,BR:0cr200c/r390c/cc/cr19310f:3dTs,5c8s|/8hJhKh/2c/Td:-690,690(-690.000000)
894:BR,Player:0r200c/cc/cc/r19700f:QdKd,8hAs|/3c5c6s/5d/Tc:300,-300(300.000000)
895:Player,BR:0cc/cc/cc/cc:8sAd,2cAc|/5c6dTd/4d/Th:100,-100(8.763774)
896:BR,Player:0r130c/cc/cc/r460f:6h8c,TcKd|/3c4c5s/3h/7c:230,-230(230.000000)
897:Player,BR:0cr600c/cc/r1400f:3cKc,9sKd|/4d5h6s/Js:700,-700(700.000000)
898:BR,Player:0r130c/cc/r460f:3h8d,9sJd|/2d5hQh/7s:230,-230(230.000000)
899:Player,BR:0cc/cc/r130f:2d9c,4s5c|/2s3h3c/Kh:100,-100(100.000000)
900:BR,Player:0f:2s7h,2h3d|:50,-50(50.000000)
901:Player,BR:0cr200c/cc/cr600c/cr1800r3510r13790f:7h8d,5h6d|/7dQhAd/7s/Jh:-6210,6210(-6210.000000)
902:BR,Player:0r130c/cc/r19770f:7cQh,JcQc|/2h2c6c/3d:230,-230(230.000000)
903:Player,BR:0cc/cc/cr200f:2d8s,9cKh|/4h6dKd/As:-100,100(-100.000000)
904:BR,Player:0r130c/cc/r460c/cc:6dAs,2hAh|/3c8d8c/8h/Ks:0,-0(101.896461)
905:Player,BR:0cr600c/cc/cr1400c/cc:QcAd,6sJh|/9s9hQh/8h/3d:2100,-2100(2100.000000)
906:BR,Player:0r200c/cr390c/cr1380f:5c8d,JhAs|/3sTdKc/Qc:-690,690(-690.000000)
907:Player,BR:0cc/cc/cc/cr200f:5dQc,9sQh|/2d6cTd/7h/8d:-100,100(-100.000000)
908:BR,Player:0f:5c9d,3s7h|:50,-50(50.000000)
909:Player,BR:0cr300c/r520c/r460f:JdAc,6c7s|/3d7dJs/Qc:920,-920(920.000000)
910:BR,Player:0r130c/cc/r460c/r1380f:JhAh,8h9h|/2s2h9d/As/7c:690,-690(690.000000)
911:Player,BR:0cr130c/r299c/cr1058c/cc:7h8h,5hJc|/2s3c8s/8d/5d:1587,-1587(-123.581259)
912:BR,Player:0r200c/cc/cr900f:3h5c,8sAd|/JdQsAh/8d:-300,300(-300.000000)
913:Player,BR:0cr200c/r390c/cr1380c/cc:5h5c,JhAh|/2h7s7d/2s/2c:0,-0(1240.495828)
914:BR,Player:0r200c/cc/cc/r600c:JhAh,8cKc|/9cTdKd/Jd/Js:900,-900(877.245609)
915:Player,BR:0cr200c/cc/cr600c/cr1800f:4dAd,8hJc|/3s6c9h/2d/Td:-900,900(-900.000000)
916:BR,Player:0r130c/cc/r460f:TsQc,TdJd|/5d9cAs/6c:230,-230(230.000000)
917:Player,BR:0cc/cc/r130r460c/cc:4sJd,4d6h|/9s9dJh/Js/8d:690,-690(690.000000)
918:BR,Player:0r130c/cc/r19770f:7h9h,5sKs|/3h3dQh/5c:230,-230(230.000000)
919:Player,BR:0cr300c/cc/r200c/r1200f:2hQh,7c9h|/6h6cQs/Th/Jh:600,-600(600.000000)
920:BR,Player:0f:6s6d,3s9d|:50,-50(50.000000)
921:Player,BR:0cc/cc/r130r460f:4d7c,7h9s|/2cTsTd/Qd:-230,230(-230.000000)
922:BR,Player:0r130c/cc/r19770f:2h3h,7sAc|/3d6hTs/Td:230,-230(230.000000)
923:Player,BR:0cc/cc/cc/r130r460r897f:9cQh,5hJh|/3h3cQs/Qc/6d:690,-690(690.000000)
924:BR,Player:0r130c/cr460c/cc/r19310f:2c7s,JdKc|/4s9sJc/Qd/Th:690,-690(690.000000)
925:Player,BR:0cr300c/r520c/cr1840f:2c3c,4c6h|/2h8d9h/7s:-920,920(-920.000000)
926:BR,Player:0r200c/cr390c/cc/r19310c:8hJc,4hTs|/4sThTc/2h/Kd:-20000,20000(-20000.000000)
927:Player,BR:0cr300c/cc/cc/cc:5hAh,3hKs|/6s7hAc/9c/8c:400,-400(400.000000)
928:BR,Player:0r130c/cc/cc/r460r897r3174f:4hKd,5d8h|/3h8dJc/7h/5c:1587,-1587(1587.000000)
929:Player,BR:0cc/cc/cr200c/cr600r2700f:7dTs,7c8h|/5h8s9d/9h/6d:900,-900(900.000000)
930:BR,Player:0r130c/cc/r460f:2hJh,7sKh|/3h9dAs/4h:230,-230(230.000000)
931:Player,BR:0cr300c/cc/cr800f:QdKc,8hTh|/3cJhJd/2h:-400,400(-400.000000)
932:BR,Player:0f:6d6c,3c8h|:50,-50(50.000000)
933:Player,BR:0cc/cc/r300c/r2400r5600f:4s8c,8s8h|/2s7sTc/6c/5d:-2800,2800(-2800.000000)
934:BR,Player:0r200c/cc/cr150r19550f:6c8d,7hJh|/3s5hQd/3c:450,-450(450.000000)
935:Player,BR:0cc/cc/r200f:7s9h,3c5c|/8dThJs/Qh:100,-100(100.000000)
936:BR,Player:0r300c/cc/r800f:3hTd,3s3d|/5c6c8c/Th:400,-400(400.000000)
937:Player,BR:0cr200c/cc/r150r19550f:4h6c,TsQc|/8s9hJs/Ah:-450,450(-450.000000)
938:BR,Player:0r200c/cc/cc/r19700f:2cKs,2hAs|/3c8dTh/4d/Tc:300,-300(300.000000)
939:Player,BR:0cr130c/cc/r115r690f:JsKh,5h6d|/2h2c4c/Ad:-345,345(-345.000000)
940:BR,Player:0cc/cc/r200c/r19700f:5hKd,6hQd|/5cKcAs/6d/6c:300,-300(300.000000)
941:Player,BR:0cr300c/cc/r200c/cr1200r2340r15860f:JhAc,6hKd|/5s6c9c/Qc/5d:-4140,4140(-4140.000000)
942:BR,Player:0f:4dJc,3d8s|:50,-50(50.000000)
943:Player,BR:0cc/cc/r130r460f:2c7d,9cAc|/6s9s9d/Td:-230,230(-230.000000)
944:BR,Player:0cc/cc/r19900f:2dJc,6dTd|/4d6hQs/7c:100,-100(100.000000)
945:Player,BR:0cc/cc/cc/r130r460f:2d7c,3h4h|/3dTsKs/Jc/Jd:-230,230(-230.000000)
946:BR,Player:0cc/cc/cc/cc:3hTc,2cKs|/5h8s9d/4s/Ah:-100,100(-100.000000)
947:Player,BR:0cc/cc/r130c/r299r19471f:6hQc,8sAc|/4h7hTs/Qh/Js:-529,529(-529.000000)
948:BR,Player:0r130c/cc/cc/cr299r1058f:3hQd,6h6d|/7c9hTs/Th/2d:529,-529(529.000000)
949:Player,BR:0cc/cc/cc/r130r460f:2hQd,3d5d|/5h8dQh/Th/Ah:-230,230(-230.000000)
950:BR,Player:0r130c/cr299c/cr3174c/cr7406c:9sQd,6s8d|/7cAsAh/Qc/3s:11109,-11109(11109.000000)
951:Player,BR:0cc/cc/cr19900f:8hJs,3h3c|/2d3sTs/Th:-100,100(-100.000000)
952:BR,Player:0cc/cr130c/r460f:5dKs,9sTh|/2s4hAc/2d:230,-230(230.000000)
953:Player,BR:0cr200c/cc/cr600c/cr19100f:7d8h,2c5c|/6h8d9c/6c/Qh:-900,900(-900.000000)
954:BR,Player:0cc/cc/cr130r460f:3s4c,5sTd|/6s7dAc/3h:230,-230(230.000000)
955:Player,BR:0cr300c/r520c/cr1840c/r552f:JsAc,6c7s|/8hAsAh/8s/Jh:2760,-2760(2760.000000)
956:BR,Player:0r130c/cr299c/r1058c/r3174f:3c4h,7d8s|/7s7hTc/As/Ac:1587,-1587(1587.000000)
957:Player,BR:0cc/cc/cc/cr200f:2cTh,6dJc|/7dKhAc/3d/Js:-100,100(-100.000000)
958:BR,Player:0r130c/cc/r460c/cr1380r4140f:4dKc,9sTh|/9hQsKh/9c/8s:2070,-2070(2070.000000)
959:Player,BR:0cc/cc/cc/r130r460f:2c4s,3sAd|/4d8cKs/6s/6c:-230,230(-230.000000)
960:BR,Player:0r200c/cr390c/r1380c/cr2691r9522f:6c7c,5hAs|/6s7sJs/8c/3c:4761,-4761(4761.000000)
961:Player,BR:0cc/cc/cr200f:7dQc,5dJd|/5c8sKh/3s:-100,100(-100.000000)
962:BR,Player:0r130c/cr299c/cr1587r17884f:3s7h,3d6d|/8dTcJd/4h:2116,-2116(2116.000000)
963:Player,BR:0cc/cc/r130r460f:5sQd,2d5d|/3d4h5h/As:-230,230(-230.000000)
964:BR,Player:0r130c/cc/cc/cr690r19080f:6c7h,7c8h|/2c9dJd/Kc/9h:920,-920(920.000000)
965:Player,BR:0cr600c/r910c/r3220r9660f:KdKc,3sJh|/4h6hTd/9c:-4830,4830(-4830.000000)
966:BR,Player:0f:4h6c,2d5c|:50,-50(50.000000)
967:Player,BR:0cc/cc/r130c/r299f:4dAc,3s8s|/5dKcAd/8c/9h:230,-230(230.000000)
968:BR,Player:0r130c/cc/r460f:KhAh,6dQs|/8h8dKd/9s:230,-230(230.000000)
969:Player,BR:0cc/cc/r130c/r460f:4sTc,3cAc|/5cJhQs/9c/2d:230,-230(230.000000)
970:BR,Player:0r130c/cc/r19770f:8s9s,2h2d|/5h6c7s/3h:230,-230(230.000000)
971:Player,BR:0cc/cc/r130c/r299r1058f:6dAc,5cJd|/2c4sTd/Ad/7d:-529,529(-529.000000)
972:BR,Player:0r130c/cc/r460c/r1380f:5sKd,7sQh|/ThQsKs/5d/6c:690,-690(690.000000)
973:Player,BR:0cc/cc/cr200c/r150r19550f:4cTd,2cTs|/5s5dTh/5c/7s:-450,450(-450.000000)
974:BR,Player:0r130c/cc/r460c/cc:4d5s,9dJs|/4cJhQd/2h/Kd:-690,690(-458.698493)
975:Player,BR:0cr300c/cc/cc/cr800f:8cJc,3hQs|/2sKhAc/Ad/As:-400,400(-400.000000)
976:BR,Player:0cc/cr130c/r460c/r19310f:4d5s,7sTs|/8c9s9h/Jh/Jc:690,-690(690.000000)
977:Player,BR:0cc/cc/r130r460c/cr1380f:2dJs,AdAc|/6c9h9d/2h/Jc:-690,690(-690.000000)
978:BR,Player:0r130c/cc/cc/cc:3d5h,8sKc|/6s7dAd/3h/Ac:230,-230(166.377015)
979:Player,BR:0cr200c/cc/r150f:TsAh,3dKh|/4c7d9h/2c:300,-300(300.000000)
980:BR,Player:0cc/cr130c/r460f:5c6s,7c9h|/4s7dJd/4d:230,-230(230.000000)
981:Player,BR:0cc/cc/cr200f:4sJc,2dKc|/2sAhAd/8c:-100,100(-100.000000)
982:BR,Player:0r130c/cr299c/r1058f:4c9s,3dTd|/2c5sAh/Ad:529,-529(529.000000)
983:Player,BR:0cc/cc/cr200f:4hKc,2s3d|/4s6h9h/8s:-100,100(-100.000000)
984:BR,Player:0r130c/cc/r460c/cc:6cJd,8h9d|/4h9hTc/Jc/Qh:-690,690(-597.569441)
985:Player,BR:0cr130c/cc/r299r19471f:ThQh,3c6h|/9hTdKc/6d:-529,529(-529.000000)
986:BR,Player:0r130c/cr460c/r1380r4140f:7dTc,6c8c|/5h7h9d/8d:-2070,2070(-2070.000000)
987:Player,BR:0cr600c/cc/cc/r140r19160f:3s4s,3hKh|/2sTdQc/9d/Ad:-840,840(-840.000000)
988:BR,Player:0r200c/cr390c/r1380f:6dJc,2cTc|/2h3c9s/3d:690,-690(690.000000)
989:Player,BR:0cc/cc/cc/r200r19700f:6h7d,3dQc|/6d8s8c/Ts/8d:-300,300(-300.000000)
990:BR,Player:0r200c/cc/r600f:9cTd,7dTc|/7h8dQc/Qh:300,-300(300.000000)
991:Player,BR:0cr600c/cc/cc/cr1400c:QhAh,6cQs|/3d6d9d/8h/9h:-2100,2100(-2001.976788)
992:BR,Player:0cc/cc/cc/r200f:9dTs,4cQc|/3d3cJs/Td/3s:100,-100(100.000000)
993:Player,BR:0cr300c/cc/r200c/r300r1800c:2d6d,2cJd|/4h5h5d/6c/Js:-2700,2700(-660.372330)
994:BR,Player:0f:4s8s,3h8c|:50,-50(50.000000)
995:Player,BR:0cc/cc/r130r460c/r138r19172f:2d9c,4c6c|/2c6d8s/6h/8c:-828,828(-828.000000)
996:BR,Player:0r130c/cr299c/cr687f:3cJd,2s2c|/4c6s7c/9d:-529,529(-529.000000)
997:Player,BR:0cr300c/r1200c/r3200r15200f:JcQc,3s4h|/2c6sTs/7c:-4800,4800(-4800.000000)
998:BR,Player:0cc/cc/r19900f:TsAd,3h4c|/8h8dKc/Qh:100,-100(100.000000)
999:Player,BR:0cc/cc/cc/cr200r900r18800f:5dJd,7dKs|/8hJhJc/8c/As:-1200,1200(-1200.000000)
1000:BR,Player:0r130c/cc/r19770f:5c6s,6dJs|/4hJhQh/3h:230,-230(230.000000)
RAW BR STATS: n=1000, sum=299513.000000, sum_sq=9424895873.000000, vr_sum=270790.575061, vr_sum_sq=6646189170.451659
BR STATS: 299.513000(189.372801), 270.790575(158.903446)
RESULTS
1)Player: -299513
2)BR: 299513
