In config file: GAME_DEF=game_def.fullholdem
In config file: ACTIONS_R0=C
In config file: ACTIONS_R1=C
In config file: ACTIONS_R2=F,C,1,A
In config file: ACTIONS_R3=F,C,1,A
Loading player: rgbr_nl_cprg.so
Player args: /home/viliam/cprg/project_uoapoker/trunk/src/c/meta_player.so /home/viliam/cprg/project_uoapoker/trunk/src/c/acpc14.map
Using seed 20.
1:BR,Player:0r130c/cc/cc/cr460r19310f:8s8h,6hKc|/JcQhKs/Jd/5h:690,-690(690.000000)
2:Player,BR:0cr300c/cc/r200c/r120r1440f:7s7c,4dAc|/2s2dTh/4h/Js:-720,720(-720.000000)
3:BR,Player:0r130c/cc/r19770f:3d5h,6cTs|/7hTdKs/2c:230,-230(230.000000)
4:Player,BR:0cc/cc/r130c/cc:4d5s,5dJc|/6h6d7h/9h/4h:230,-230(160.827656)
5:BR,Player:0f:9d9c,2s5c|:50,-50(50.000000)
6:Player,BR:0cc/cc/cc/cc:9dKs,3s7c|/5s6sKh/3d/9h:100,-100(-5.883202)
7:BR,Player:0cc/cc/r200c/r600f:6hAs,2hQs|/7cTcQc/Ks/Jd:300,-300(300.000000)
8:Player,BR:0cc/cc/cr200c/cr600f:6hKc,5s7d|/4dJdAh/6d/3c:-300,300(-300.000000)
9:BR,Player:0cc/cc/r200c/r600f:2sKs,JsKh|/3s4dTs/7s/Qd:300,-300(300.000000)
10:Player,BR:0cc/cc/cr200c/cr19700f:5dTd,5h9s|/4s8hTh/4h/3c:-300,300(-300.000000)
11:BR,Player:0r130c/cr299c/r1058f:2d4c,5s7c|/3sQsQc/3c:529,-529(529.000000)
12:Player,BR:0cr300c/r520c/cr19080f:7cTh,7dJh|/2d3cJc/Kd:-920,920(-920.000000)
13:BR,Player:0r130c/cr299c/cr687f:3h7d,3dQd|/2dTsQs/8h:-529,529(-529.000000)
14:Player,BR:0cr600c/r910c/r805r4830f:6c7c,8cJd|/2s2h4c/8d:-2415,2415(-2415.000000)
15:BR,Player:0r130c/cr299c/cr687c/r18784c:2s2d,5sAs|/3h4s7c/Qs/6s:-20000,20000(-20000.000000)
16:Player,BR:0cc/cc/cc/cc:6cTh,2h2c|/QsKdAs/8s/5d:-100,100(13.862969)
17:BR,Player:0r130c/cc/r19770f:3dTh,JhKs|/4d8h9s/6c:230,-230(230.000000)
18:Player,BR:0cc/cc/cc/r300r19600f:5dKh,6dQs|/7sJhKc/6s/5s:-400,400(-400.000000)
19:BR,Player:0r200c/cc/r600c/r1800f:KsKc,4h6d|/4s7cTh/Tc/Qh:900,-900(900.000000)
20:Player,BR:0cc/cc/r200r19700f:6h9c,7s7h|/5c7dTs/Kc:-300,300(-300.000000)
21:BR,Player:0r130c/cc/cr115c/r690f:7cKc,2s8s|/3s9sQh/2h/6c:345,-345(345.000000)
22:Player,BR:0cc/cc/cc/cc:4hKd,6s6c|/TdQsAd/7c/2h:-100,100(-35.039594)
23:BR,Player:0r130c/cc/cr115r690f:6sQc,8hQd|/4dTsKc/3c:345,-345(345.000000)
24:Player,BR:0cr200c/cc/cc/cr19700f:7cAd,4h7d|/8sTcQd/5h/6d:-300,300(-300.000000)
25:BR,Player:0r130c/cc/r19770f:8cQc,6c9s|/9cQsQh/7c:230,-230(230.000000)
26:Player,BR:0cc/cc/cr200f:2c4d,6sJc|/3sQsKs/Qh:-100,100(-100.000000)
27:BR,Player:0r130c/cc/r460f:9cKh,3sKc|/3h7dTd/9d:230,-230(230.000000)
28:Player,BR:0cc/cc/r130f:5dJs,2cTc|/4d7d8c/Ad:100,-100(100.000000)
29:BR,Player:0r200c/cr600c/r19100c/cc:6cQs,AdAc|/3s6hQd/Tc/Ts:-20000,20000(-11315.453896)
30:Player,BR:0cc/cc/cc/r130r460f:6cTd,2cTh|/8hJsAc/5s/7d:-230,230(-230.000000)
31:BR,Player:0r130c/cc/cc/cc:7cKs,7dQh|/2h4d4c/5d/Kd:230,-230(230.000000)
32:Player,BR:0cr200c/cc/cc/cr19700f:8dQh,6sJc|/3s7hKd/As/Ah:-300,300(-300.000000)
33:BR,Player:0r200c/cc/r600f:7hJd,4hTh|/7dQsKs/Qh:300,-300(300.000000)
34:Player,BR:0cc/cc/cr200f:6sTc,7sQs|/2s7cKh/Qc:-100,100(-100.000000)
35:BR,Player:0f:3h8h,2hJd|:50,-50(50.000000)
36:Player,BR:0cc/cc/cr200c/cr600f:4cQs,2c6h|/9cQhAd/7c/Jc:-300,300(-300.000000)
37:BR,Player:0f:2h5s,3sTc|:50,-50(50.000000)
38:Player,BR:0cc/cc/cc/r130r19770f:3s5h,5c8s|/6h8hQh/Jh/2d:-230,230(-230.000000)
39:BR,Player:0r130c/cc/cc/r19770f:8dKs,8sKd|/3dTsTc/4s/4d:230,-230(230.000000)
40:Player,BR:0cc/cc/cc/r130r460f:5d8h,8sTc|/QdKhKc/6d/5s:-230,230(-230.000000)
41:BR,Player:0r130c/cr460c/cr897r3174f:8dKh,6h7c|/2c3d8c/Td:1587,-1587(1587.000000)
42:Player,BR:0cc/cc/cr200f:2hJc,4sAh|/3sKhAd/6h:-100,100(-100.000000)
43:BR,Player:0r200c/cc/r19700f:TsTc,4s5d|/3s4dAc/Td:300,-300(300.000000)
44:Player,BR:0cc/cc/cc/cr200r900f:4sKd,8dTs|/3d4hQh/Ks/Td:300,-300(300.000000)
45:BR,Player:0r200c/cc/cc/cc:2hTd,3hTh|/8sKsAh/2c/Jd:300,-300(-70.397397)
46:Player,BR:0cr130c/r690c/cr1840f:4d6c,2d5h|/3h7sTc/4s:-920,920(-920.000000)
47:BR,Player:0r130c/cc/r460f:ThKd,6h7d|/3d6s9c/Qd:230,-230(230.000000)
48:Player,BR:0cc/cc/cr200f:3hJd,7d8s|/5s7sKh/4d:-100,100(-100.000000)
49:BR,Player:0r200c/cc/r600f:5hQh,9cJd|/8h8dAc/4h:300,-300(300.000000)
50:Player,BR:0cr200c/r390c/r897r3174f:9hJc,7c9d|/4s5hTs/8s:-1587,1587(-1587.000000)
51:BR,Player:0f:7c9h,3s9c|:50,-50(50.000000)
52:Player,BR:0cc/cc/r200r600c/r180r2160f:5dKc,8hAd|/2h6d8d/Kd/7d:-1080,1080(-1080.000000)
53:BR,Player:0cc/cc/cc/cc:8hAs,TcAd|/4h5sKh/6h/9c:-100,100(-2.786664)
54:Player,BR:0cr130c/cc/cc/r115c:4dKd,4c5s|/TdKsKh/4s/2c:345,-345(-136.827289)
55:BR,Player:0cc/cr300c/cc/cr800r18800f:4s8c,6s9h|/2s4c6d/Qd/6h:1200,-1200(1200.000000)
56:Player,BR:0cr130c/cc/r115f:9dJd,2c4s|/7sJcKc/8d:230,-230(230.000000)
57:BR,Player:0cc/cr300c/cc/r800f:3c5c,5sTc|/6d7cQc/Kd/4c:400,-400(400.000000)
58:Player,BR:0cc/cc/cr200f:2d3s,3h8s|/4h7hQs/5h:-100,100(-100.000000)
59:BR,Player:0r130c/cc/r19770f:JcQc,6h6d|/8d9hTc/7s:230,-230(230.000000)
60:Player,BR:0cr600c/r4200c/r6370r8730f:4d5c,9sKc|/3c9hAs/7s:-11270,11270(-11270.000000)
61:BR,Player:0r130c/cc/cc/cr460c:6c9d,3dKc|/6d7hKh/Jc/Qc:-690,690(24.796699)
62:Player,BR:0cr300c/cc/cr19600f:5d7h,6cAh|/2sJsKh/Kc:-400,400(-400.000000)
63:BR,Player:0r130c/cc/cc/r19770f:3s4s,4dKd|/7hTsQc/Jd/Qs:230,-230(230.000000)
64:Player,BR:0cr200c/r900c/cr18800f:JdKs,9cQs|/5s7h8s/Tc:-1200,1200(-1200.000000)
65:BR,Player:0r130c/cr299c/cc/cr1058r18413f:3sQh,5hTs|/3d5cAd/6c/Tc:1587,-1587(1587.000000)
66:Player,BR:0cr600c/cc/r2100c/r3640r12880f:QhAh,JdJc|/4hKsAd/2s/4d:-6440,6440(-6440.000000)
67:BR,Player:0r130c/cr460c/r1380f:2dJd,9dJh|/3s4cTh/Ac:690,-690(690.000000)
68:Player,BR:0cc/cc/cc/r130r460f:8hAc,4c7s|/6s8sKd/Jh/3c:-230,230(-230.000000)
69:BR,Player:0cc/cr200c/r600f:ThAd,5sJs|/2s5c7d/9d:300,-300(300.000000)
70:Player,BR:0cr300c/cc/cc/r200r1200f:5s5c,2c6s|/2h8sKd/Td/Kh:-600,600(-600.000000)
71:BR,Player:0r130c/cr460c/cc/r19310f:4cQs,JdAs|/7dKhAc/3c/4s:690,-690(690.000000)
72:Player,BR:0cc/cc/r130f:6hTd,2h9c|/3s6sTh/3h:100,-100(100.000000)
73:BR,Player:0r130c/cr299c/cc/cc:3d9c,7s9s|/6cJcQc/3c/As:529,-529(529.000000)
74:Player,BR:0cc/cc/cc/cc:ThKs,6s6h|/5d9hAh/Ts/9d:100,-100(-60.111536)
75:BR,Player:0r130c/cc/cc/r19770f:3s3h,7cTd|/7d8cKc/Jh/5d:230,-230(230.000000)
76:Player,BR:0cc/cc/cc/r130f:7dTs,4sKd|/7hThAs/9h/8d:100,-100(100.000000)
77:BR,Player:0r130c/cr460c/r1380r2691c/r9522f:9dTc,6dQs|/3d4c5s/9c/As:4761,-4761(4761.000000)
78:Player,BR:0cc/r130c/r460r1380f:7h8d,5hQc|/6sThKs/Tc:-690,690(-690.000000)
79:BR,Player:0r200c/cr390c/cc/r19310f:8cKd,3c9c|/5c6s9s/Qd/Ad:690,-690(690.000000)
80:Player,BR:0cr300c/cc/r200r1200f:9sAs,TcQs|/2dJsJc/Th:-600,600(-600.000000)
81:BR,Player:0f:4h6c,3c9s|:50,-50(50.000000)
82:Player,BR:0cc/cc/r130c/r299r1058f:3dQd,7dJh|/2s6s7s/9s/6h:-529,529(-529.000000)
83:BR,Player:0cc/cc/r200f:4dJc,2dQs|/8sThJh/6s:100,-100(100.000000)
84:Player,BR:0cr200c/cc/cr600c/cr1800f:8hQd,9dQc|/JdQsKs/4h/4s:-900,900(-900.000000)
85:BR,Player:0r130c/cr460c/cr345r18965f:2d4h,JdAc|/6cKhAs/9d:1035,-1035(1035.000000)
86:Player,BR:0cc/cc/cr200c/cr600r1800r17300f:9hAc,2dAs|/4h4cJh/4d/8d:-2700,2700(-2700.000000)
87:BR,Player:0r300c/cr1200c/r18400f:4cAd,7c9s|/4d8sAs/Kc:1600,-1600(1600.000000)
88:Player,BR:0cc/cc/cc/cr19900f:5sJs,7dAc|/8h8dQs/Tc/2h:-100,100(-100.000000)
89:BR,Player:0f:6c7d,2d4s|:50,-50(50.000000)
90:Player,BR:0cr130c/cc/r690c/r1196r17884f:QhKc,JsQc|/3s7c8s/Kd/9c:-2116,2116(-2116.000000)
91:BR,Player:0r130c/cc/cr460r1380f:2c4d,9dAs|/7h7c9h/6h:690,-690(690.000000)
92:Player,BR:0cc/cc/r130r460c/cr1380f:4cKh,4h7h|/6cJhKs/3h/8h:-690,690(-690.000000)
93:BR,Player:0r200c/cc/cr150c/cc:3sTd,TsAd|/6sTcJs/Qs/7c:-450,450(-2.326945)
94:Player,BR:0cc/cc/cr200f:7dJs,5c9c|/3c6d8s/Ad:-100,100(-100.000000)
95:BR,Player:0r130c/cc/cr115r690f:2d6c,6d7c|/9sTdTc/Ad:345,-345(345.000000)
96:Player,BR:0cc/cc/cr200c/cr600c:4d8s,9sKd|/3c7hKs/4c/Ac:-900,900(-131.619183)
97:BR,Player:0r130c/cr460c/r1380c/cr4140r12420f:9cAc,4dJd|/3c9dJc/6s/4s:6210,-6210(6210.000000)
98:Player,BR:0cr300c/cc/r800r2400c/cc:JsAs,QhAd|/4s9hAc/5c/Ah:-3600,3600(1780.046967)
99:BR,Player:0f:4c5h,2c9d|:50,-50(50.000000)
100:Player,BR:0cc/cc/r200c/cc:6dTs,JdKs|/2h9cTc/7s/Jh:-300,300(-300.000000)
101:BR,Player:0cc/cr130c/r460f:QhAd,3dKs|/3c4hQc/Th:230,-230(230.000000)
102:Player,BR:0cc/cc/cc/cc:6dJh,7sQs|/2h8dAs/Tc/Th:-100,100(31.724785)
103:BR,Player:0r300c/cc/cc/r800f:JcAh,2s2h|/5c7sQd/6h/Ac:400,-400(400.000000)
104:Player,BR:0cc/cc/cr200f:7c9s,4c8d|/4dJhJd/Jc:-100,100(-100.000000)
105:BR,Player:0r130c/cc/cr299r1058f:3cTc,5hKs|/7s7h8s/5d:529,-529(529.000000)
106:Player,BR:0cc/cc/cr200c/cc:2s2d,8dTc|/7dQsAs/7h/4d:300,-300(296.034980)
107:BR,Player:0r200c/cc/cc/cr390r19310f:2s2c,7d9c|/3s8hQd/6s/9s:690,-690(690.000000)
108:Player,BR:0cc/cc/cr200f:4sQc,4cJc|/8dTcKc/2s:-100,100(-100.000000)
109:BR,Player:0r200c/cc/cr390f:6dJc,4h7d|/2cTsTh/7s:-300,300(-300.000000)
110:Player,BR:0cc/cc/cc/cc:3sAd,6d8s|/5s5cJc/5d/Tc:100,-100(79.151697)
111:BR,Player:0cc/cc/cr200c/cr600c:5sTc,8c9d|/4s6hAs/Qs/7s:900,-900(309.848126)
112:Player,BR:0cc/cc/cc/cr200f:4sJc,3dJs|/2hQcKs/6h/Kh:-100,100(-100.000000)
113:BR,Player:0cc/cc/r200f:4s7d,6d7s|/3h9cJh/Th:100,-100(100.000000)
114:Player,BR:0cc/cc/cr200c/cr600f:5h8c,6sJh|/4d5c7d/8s/6d:-300,300(-300.000000)
115:BR,Player:0r200c/cr600c/r1800c/cc:6dKs,QsQc|/4h7dJd/Kc/9s:2700,-2700(932.694887)
116:Player,BR:0cr300c/cc/cr800c/cc:9sAh,4cTh|/2h6h9h/7h/9d:1200,-1200(81.394662)
117:BR,Player:0r130c/cr299c/r1058f:4sQh,5dJs|/2s7hTc/9h:529,-529(529.000000)
118:Player,BR:0cr600c/cc/cr19300f:KhAc,9hJc|/8c9s9d/3c:-700,700(-700.000000)
119:BR,Player:0r130c/cr299c/r19471c/cc:6hKc,4c6d|/5c8s9s/7h/3h:0,-0(4313.506723)
120:Player,BR:0cr200c/r390c/cr1380c/cc:6sQs,3d8c|/2d4c9s/6c/2h:2070,-2070(2070.000000)
121:BR,Player:0cc/cr130c/r460c/r1380f:JcAd,4sTs|/3s8sQh/Ac/5h:690,-690(690.000000)
122:Player,BR:0cc/cc/cc/r300r800c:7h8c,4d6c|/4h5d7s/6s/6h:-1200,1200(-1200.000000)
123:BR,Player:0r130c/cc/r19770f:8dJd,4s8s|/4c5d9d/7d:230,-230(230.000000)
124:Player,BR:0cr200c/cc/cc/cr600c:5sAc,8c9h|/9dTsAs/Qs/Jc:-900,900(-824.181855)
125:BR,Player:0r130c/cc/cc/r460f:7d8c,2dQc|/6s8hTh/6d/4s:230,-230(230.000000)
126:Player,BR:0cc/cc/cr19900f:3h8c,QhAh|/5h7hQs/8h:-100,100(-100.000000)
127:BR,Player:0cc/cc/cc/cc:3s7d,9cQh|/3h4cJh/8h/4s:100,-100(56.490636)
128:Player,BR:0cc/cc/cr200f:4c6s,KhKd|/3s4sTd/Qd:-100,100(-100.000000)
129:BR,Player:0r200c/cr390c/cc/r1380c:4s4h,QcKd|/3d3cQs/Td/5h:-2070,2070(-39.750979)
130:Player,BR:0cr300c/cc/cc/cc:QdAs,5d7s|/7c8d9s/Js/8c:-400,400(-67.681523)
131:BR,Player:0r130c/cr1380c/cr3220r15170f:9cJd,2d3d|/4dQhAs/3h:4830,-4830(4830.000000)
132:Player,BR:0cr600c/cc/r350r2100f:3d4d,8cQd|/8s8hTh/Ac:-1050,1050(-1050.000000)
133:BR,Player:0r130c/cc/cc/cr460r19310f:4s8c,6h8s|/8h9sKh/Td/6d:690,-690(690.000000)
134:Player,BR:0cr200c/cc/r150c/r585r2070f:2sTd,KcAh|/7h7c9h/Ts/4d:-1035,1035(-1035.000000)
135:BR,Player:0r200c/cr390c/cr897c/cr2063r16350f:7dKd,4s5s|/3cAhAc/6s/2c:3650,-3650(3650.000000)
136:Player,BR:0cc/cc/r130c/r460r19310f:8cJs,2hAh|/6c7d7c/2s/8h:-690,690(-690.000000)
137:BR,Player:0r130c/cc/r460c/cr2070f:2hKc,ThQs|/7cJhKh/8h/Qh:-690,690(-690.000000)
138:Player,BR:0cr200c/cc/r600f:JhJc,6hJs|/7hTcAd/9h:300,-300(300.000000)
139:BR,Player:0r130c/cr299c/cc/r1058f:4sQc,JhQh|/6d6cTs/9h/Ac:529,-529(529.000000)
140:Player,BR:0cr600c/r4200c/cr15100c/cc:KsKd,7d9d|/6dJdQc/3d/9h:-20000,20000(-12633.338844)
141:BR,Player:0r200c/cr390c/cr1380c/cc:ThKs,6dTs|/5c7dJs/3c/2s:2070,-2070(1504.361280)
142:Player,BR:0cc/cc/cc/cc:4cTd,JdAh|/4d5dAc/2h/3h:0,-0(5.938326)
143:BR,Player:0r130c/cc/r19770f:2h4c,JhKc|/3d6dTs/5s:230,-230(230.000000)
144:Player,BR:0cr200c/r390c/r1380f:7hTc,2h8c|/6sJdKc/Qh:690,-690(690.000000)
145:BR,Player:0cc/cr130c/cr299r1058c/r18413f:2h7s,3dTs|/3c9s9c/2d/Qs:1587,-1587(1587.000000)
146:Player,BR:0cc/cc/cc/r130f:4hJh,6hQs|/TcJdKd/7d/3s:100,-100(100.000000)
147:BR,Player:0r130c/cr299c/r1058f:2d5h,KhAd|/4d4cTs/3h:529,-529(529.000000)
148:Player,BR:0cc/cc/r130r460f:3s7s,8h9s|/4h8sAc/2d:-230,230(-230.000000)
149:BR,Player:0r130c/cr299c/cr1058f:JdAh,4d6d|/8dQdKh/6c:-529,529(-529.000000)
150:Player,BR:0cc/cc/cc/r130r460c:6sQs,4h5h|/4d6d9c/Jh/4s:-690,690(-673.121970)
151:BR,Player:0r130c/cc/r460f:5sKc,3sTs|/6c9dKd/Jc:230,-230(230.000000)
152:Player,BR:0cc/cc/r130c/cr460f:4d7c,4h6h|/3d7s9h/6c/Jc:-230,230(-230.000000)
153:BR,Player:0cc/cr130c/cc/r460f:7sTd,8s9d|/5s5cJc/4c/6h:230,-230(230.000000)
154:Player,BR:0cr130c/cc/r299r1058c/r317r3808f:2d3d,JcAc|/5c6c8s/4h/Ks:-1904,1904(-1904.000000)
155:BR,Player:0r130c/cc/r460c/r1380r2691c:4s7d,8dJs|/7hJcQs/4h/Ks:4761,-4761(2844.572234)
156:Player,BR:0cr300c/cc/cc/r200r1200r5400c:2dKd,4h4d|/6s9dJh/2s/9s:-7200,7200(-5412.527344)
157:BR,Player:0r130c/cr299c/r19471f:6hAh,2h2d|/3h9dTh/8h:529,-529(529.000000)
158:Player,BR:0cc/cc/r200c/r390f:6hQc,2dTh|/6d6cKd/2h/7h:300,-300(300.000000)
159:BR,Player:0r130c/cc/r19770f:4sAs,8h8d|/4h4dJc/Ah:230,-230(230.000000)
160:Player,BR:0cc/cc/cr200c/cr19700f:JcAs,2h8h|/6h6cQc/Jh/8s:-300,300(-300.000000)
161:BR,Player:0f:KdAc,3s8d|:50,-50(50.000000)
162:Player,BR:0cr300c/cc/r200r1200c/cr3600f:3s3h,2sTs|/2h5sQd/2c/Ks:-1800,1800(-1800.000000)
163:BR,Player:0r130c/cr299c/cr1058c/r3174f:2hTc,6cTh|/5h7d8c/2d/2s:1587,-1587(1587.000000)
164:Player,BR:0cc/cc/cr200r600c/cc:7hKc,5h6s|/4c5d7c/Ks/6c:900,-900(475.902238)
165:BR,Player:0r130c/cc/cr299c/r1058f:ThAd,7hQh|/2d7sJc/3d/2c:529,-529(529.000000)
166:Player,BR:0cr200c/cc/cr600f:QsKd,8hQc|/5d6c9c/5s:-300,300(-300.000000)
167:BR,Player:0r130c/cr299c/cc/r19471f:5hAc,4h8h|/2d3cKc/2s/8d:529,-529(529.000000)
168:Player,BR:0cc/cc/cr200c/cc:5dKc,6hJh|/8hQsQc/5h/Qh:300,-300(45.426969)
169:BR,Player:0r130c/cc/r19770f:5hQc,9dJh|/4c7cKd/2s:230,-230(230.000000)
170:Player,BR:0cc/cc/cr200f:2dKd,8cJc|/3h5dTh/9c:-100,100(-100.000000)
171:BR,Player:0r200c/cc/cc/r600r1800f:JdAc,6c9c|/5h6h9h/3c/9d:-900,900(-900.000000)
172:Player,BR:0cr300c/cc/cc/r520r19080f:9cJc,5cAh|/2d8dKs/5d/2h:-920,920(-920.000000)
173:BR,Player:0r130c/cc/r19770f:3sKd,JcAc|/8h8dAd/4h:230,-230(230.000000)
174:Player,BR:0cc/cc/cc/cc:7sKc,2s8c|/3hThAd/Ks/2h:100,-100(-11.638743)
175:BR,Player:0r200c/cr900c/r2400c/r16400f:6dTc,QhKd|/7cJcKs/4h/4c:3600,-3600(3600.000000)
176:Player,BR:0cc/cc/cr200f:7dJd,ThJh|/2d4s8h/Qh:-100,100(-100.000000)
177:BR,Player:0f:2cAd,2sTd|:50,-50(50.000000)
178:Player,BR:0cr200c/cc/cr600f:9s9c,5h6d|/3sThQd/4h:-300,300(-300.000000)
179:BR,Player:0f:5cTs,2d5h|:50,-50(50.000000)
180:Player,BR:0cr300c/cc/cc/cc:5h5d,TsJd|/8hQdAc/Jh/Ah:-400,400(-294.630308)
181:BR,Player:0r130c/cc/cc/r460c:2d9d,6d8s|/6hTcQh/Ts/4d:-690,690(-690.000000)
182:Player,BR:0cr200c/r390c/cr1380f:5c9h,8sTd|/2h6s8d/Js:-690,690(-690.000000)
183:BR,Player:0cc/cc/cc/cr200r19700f:8hTd,3s3c|/5d9s9h/4d/Kc:300,-300(300.000000)
184:Player,BR:0cc/cc/cr200f:5s8c,2sKh|/5h6sTs/6h:-100,100(-100.000000)
185:BR,Player:0r130c/cc/cc/cc:6dTh,4cAh|/2cJhQc/Ks/Qd:-230,230(-222.924574)
186:Player,BR:0cc/cc/r130c/r460c:2cAs,4hJd|/7cJcAh/3c/Js:-690,690(-424.313073)
187:BR,Player:0r200c/cc/cr900r18800f:5sAs,4hAc|/7cQcKd/Jc:1200,-1200(1200.000000)
188:Player,BR:0cc/cc/r300r800f:4sJs,5dTh|/2c7sJh/3h:-400,400(-400.000000)
189:BR,Player:0r200c/cc/cr390c/r19310f:2sAd,9dQh|/TsQsKs/6h/5d:690,-690(690.000000)
190:Player,BR:0cc/cc/cc/cr19900f:4s8h,8sQc|/9cKsAh/Jd/6c:-100,100(-100.000000)
191:BR,Player:0r130c/cc/cc/cc:8cAs,5cAd|/3s9cQh/7c/Kh:230,-230(-96.358641)
192:Player,BR:0cc/cc/cr200f:4dAs,7hTc|/5h6dKd/Ks:-100,100(-100.000000)
193:BR,Player:0r130c/cr299c/r1058f:TdJs,4sTh|/3d6s6c/8h:529,-529(529.000000)
194:Player,BR:0cc/cc/r130c/cr19770f:5sTh,TsAh|/8d9cKs/4s/4c:-230,230(-230.000000)
195:BR,Player:0f:9cQd,2hTs|:50,-50(50.000000)
196:Player,BR:0cc/cc/cc/cr19900f:5s7h,6h9d|/TcAsAd/Kc/Jc:-100,100(-100.000000)
197:BR,Player:0r200c/cc/cr150r900f:2c4h,4sKs|/7h9cQc/3h:450,-450(450.000000)
198:Player,BR:0cr300c/cc/r1200f:8sKs,4cTh|/3s9cQs/5h:400,-400(400.000000)
199:BR,Player:0cc/cc/r200c/r19700f:9sTh,5hJd|/5d8dTd/Jh/6c:300,-300(300.000000)
200:Player,BR:0cr200c/cc/cc/r390r19310f:4d6c,2h9c|/QhKdAc/Ks/5c:-690,690(-690.000000)
201:BR,Player:0r200c/cr390c/cc/r19310f:5hJc,3hJd|/5dTcAs/9c/7d:690,-690(690.000000)
202:Player,BR:0cr600c/cc/cc/r350r18950f:5h7d,3sTs|/ThJhAh/8h/6d:-1050,1050(-1050.000000)
203:BR,Player:0r130c/cc/cc/cc:5sKd,7hKc|/2cThAs/3c/5h:230,-230(229.164699)
204:Player,BR:0cc/cc/cr200c/cc:5cKd,8s8h|/3c6h7c/7h/4h:300,-300(-96.594245)
205:BR,Player:0cc/cc/r19900f:5dJd,6sAs|/3h7d8s/8d:100,-100(100.000000)
206:Player,BR:0cc/cc/cr200f:5hQc,3cTc|/4d5c6h/9c:-100,100(-100.000000)
207:BR,Player:0r200c/cc/cc/r600f:2s9h,JhAh|/5d6cTd/8c/Qd:300,-300(300.000000)
208:Player,BR:0cc/cc/r130f:4s9h,2c5d|/JhJdJc/6c:100,-100(100.000000)
209:BR,Player:0r130c/cr299c/r1058c/r18413f:6hQh,QdKh|/2h7hQc/4s/6d:1587,-1587(1587.000000)
210:Player,BR:0cc/cc/cc/cr200r900r2400f:2c7d,2h9s|/3sTdAh/2s/2d:-1200,1200(-1200.000000)
211:BR,Player:0r130c/cc/cr299r1058f:7cKc,4hQd|/6sQhAs/Jc:529,-529(529.000000)
212:Player,BR:0cr300c/cc/r1200c/r3200r9600f:3c5c,3hAh|/5s7dQc/3d/6d:-4800,4800(-4800.000000)
213:BR,Player:0r130c/cr299c/r1058c/r3174r14283c:2hTs,8dJh|/2s5d9s/Td/7h:-19044,19044(15377.798043)
214:Player,BR:0cc/cc/r300r19600f:4h8s,7hKc|/6cTsKs/7d:-400,400(-400.000000)
215:BR,Player:0cc/cc/r19900f:3s9s,3cAs|/6h7dQs/4c:100,-100(100.000000)
216:Player,BR:0cc/cc/cr200f:6cAh,3s8s|/8cJsQc/3d:-100,100(-100.000000)
217:BR,Player:0r200c/cc/r600c/cc:QhKh,6d8h|/2c9hKc/6h/Ac:900,-900(888.031129)
218:Player,BR:0cr200c/r600c/r1170f:9dAd,6hKs|/4c8s9c/3c:900,-900(900.000000)
219:BR,Player:0r200c/cr390c/r1380f:3dJc,7sTs|/2cAhAd/9c:690,-690(690.000000)
220:Player,BR:0cc/cc/cr200c/cr600f:2hTd,5cKs|/3dTsJc/Kd/Kh:-300,300(-300.000000)
221:BR,Player:0cc/cc/r200c/cc:7d9c,4hAd|/2h5c9d/Tc/4c:300,-300(202.197090)
222:Player,BR:0cr300c/cc/cc/r520f:6hKh,4s6d|/8dQhAs/Ts/Jd:400,-400(400.000000)
223:BR,Player:0r130c/cc/r460f:KcAh,9hQh|/2s5hAc/4s:230,-230(230.000000)
224:Player,BR:0cc/cc/cc/cc:6cKh,9hJh|/2c4c5s/5h/Qh:100,-100(54.542981)
225:BR,Player:0cc/cc/cr130f:4h8d,3hQd|/6dQcKd/Ac:-100,100(-100.000000)
226:Player,BR:0cc/cc/r130c/r299r19471f:8hQd,7dKh|/3d4h6d/Td/Qc:-529,529(-529.000000)
227:BR,Player:0f:5hAc,3d9h|:50,-50(50.000000)
228:Player,BR:0cc/cc/r130r460c/cr1380f:2cAd,KcAs|/5dTdQc/Ah/Kh:-690,690(-690.000000)
229:BR,Player:0r130c/cr299c/cc/cr687r2432f:2hKc,8sAc|/4dJcAs/6s/6d:1216,-1216(1216.000000)
230:Player,BR:0cc/cc/cc/cc:6dJc,8cQd|/7c9hAd/Kh/5h:-100,100(-12.827993)
231:BR,Player:0r200c/cc/r600f:3dKd,9sTd|/5dAhAd/3s:300,-300(300.000000)
232:Player,BR:0cr300c/cc/r520c/r460r2760c:9hJd,QsQc|/4s4d9d/7d/5s:-4140,4140(-3119.737386)
233:BR,Player:0r130c/cr299c/cc/r19471f:4sTc,7dJd|/2c6cTh/Ac/9h:529,-529(529.000000)
234:Player,BR:0cr200c/r390c/r345r18965f:TdJh,7hKh|/2d4h6h/9h:-1035,1035(-1035.000000)
235:BR,Player:0cc/cc/r19900f:4s8s,4h5d|/9dJcKs/6s:100,-100(100.000000)
236:Player,BR:0cr200c/cc/r390r1380f:KcAs,5c6c|/7cJsJd/6h:-690,690(-690.000000)
237:BR,Player:0r130c/cc/r460c/r1380f:2hAh,5dKc|/JsKdAs/Ac/7h:690,-690(690.000000)
238:Player,BR:0cc/r130c/r460r1380c/cr4140f:4s6d,QdQc|/3s5h7s/8s/3c:-2070,2070(-2070.000000)
239:BR,Player:0r130c/cc/cc/cc:2s9h,7c8c|/7sThQh/As/Kh:-230,230(-230.000000)
240:Player,BR:0cr300c/cc/cc/cr800c:6hAh,3dJs|/3c5c8h/4c/9h:-1200,1200(-531.496702)
241:BR,Player:0r200c/cr390c/cr1380f:4d5c,JsAh|/2sTcQh/2d:-690,690(-690.000000)
242:Player,BR:0cc/cc/cc/cc:4dKd,3d5c|/3s8c9c/As/9h:-100,100(-38.797706)
243:BR,Player:0r200c/cc/cr150c/cc:3s8d,7sTs|/2h2cAh/3d/8c:450,-450(450.000000)
244:Player,BR:0cr200c/cc/r900c/r1560r17240f:JhAc,9hKd|/2s8sJd/4c/8d:-2760,2760(-2760.000000)
245:BR,Player:0f:4sAh,3d6s|:50,-50(50.000000)
246:Player,BR:0cc/cc/cr200f:2sQd,3d5c|/5dTcJs/3s:-100,100(-100.000000)
247:BR,Player:0r130c/cr299c/cr1058f:4hTd,3h4s|/6hJdQc/5d:-529,529(-529.000000)
248:Player,BR:0cr130c/cc/r299r1058f:9dAc,3d6h|/2h4s5h/6s:-529,529(-529.000000)
249:BR,Player:0r200c/cc/cc/r600f:3hKd,2s6s|/8cJcQh/4h/9h:300,-300(300.000000)
250:Player,BR:0cc/cc/cc/cc:6d9h,2hQc|/4h4c9c/Jc/4d:100,-100(35.745103)
251:BR,Player:0cc/cc/r200f:5d8h,5cQc|/4h8sJs/3s:100,-100(100.000000)
252:Player,BR:0cc/cc/cc/r130r460f:3s7d,3hAd|/2sThKc/Js/Ah:-230,230(-230.000000)
253:BR,Player:0r130c/cr299c/cr1058c/r3174f:4hAs,2c3c|/7c8cTd/3h/8s:1587,-1587(1587.000000)
254:Player,BR:0cc/cc/cr200f:2hTd,7h8s|/6sJcAh/Kc:-100,100(-100.000000)
255:BR,Player:0r130c/cc/cc/r460f:3sQd,6s6d|/7dJcKd/Ad/8c:230,-230(230.000000)
256:Player,BR:0cc/cc/r200c/r390r1380r4140f:4sTh,3dKd|/5sTdAd/Tc/4d:2070,-2070(2070.000000)
257:BR,Player:0cc/cc/cr130r19770f:2d8h,4c5d|/5s5hJh/Kd:230,-230(230.000000)
258:Player,BR:0cc/cc/cr200f:6sJd,9dTc|/7s8dAh/3c:-100,100(-100.000000)
259:BR,Player:0f:TsJs,2h6c|:50,-50(50.000000)
260:Player,BR:0cc/cc/cr200f:3c4h,8d9d|/5c8sAs/Qc:-100,100(-100.000000)
261:BR,Player:0f:2c9d,2s7c|:50,-50(50.000000)
262:Player,BR:0cc/cc/cr200f:2hKd,ThQh|/9hQsAc/4s:-100,100(-100.000000)
263:BR,Player:0r130c/cc/r460c/r19310f:AsAc,3h5h|/2s5d7s/9h/5s:690,-690(690.000000)
264:Player,BR:0cr200c/cc/cr19700f:KhKd,6s7h|/3hThTc/Ac:-300,300(-300.000000)
265:BR,Player:0cc/cc/r19900f:4hTs,9dJh|/2d5dAd/9c:100,-100(100.000000)
266:Player,BR:0cc/r130c/cc/cr19770f:4cTh,5c9h|/8d9cJc/8s/6s:-230,230(-230.000000)
267:BR,Player:0r130c/cc/cr299c/cr1058f:2h3h,5hAh|/3cThAs/7c/Kc:-529,529(-529.000000)
268:Player,BR:0cr200c/r390c/cr1380f:7sKs,4hKh|/5s8dJd/Qc:-690,690(-690.000000)
269:BR,Player:0r200c/cc/cr600c/cr1800c:4d8c,4sJs|/6s8dAh/9h/5d:2700,-2700(2119.268421)
270:Player,BR:0cr300c/cc/r520r1840f:JdKc,QcKd|/5s6hJh/Th:-920,920(-920.000000)
271:BR,Player:0r130c/cc/cr460r1380f:9dQh,5hAc|/2s8cAs/Ks:690,-690(690.000000)
272:Player,BR:0cr300c/cc/cr800f:4h6d,JcQh|/5cTsQs/5d:-400,400(-400.000000)
273:BR,Player:0r200c/cr390c/r1380f:KsKh,7h9c|/2s5h5d/Qd:690,-690(690.000000)
274:Player,BR:0cr300c/r520c/cr19080f:6cTc,6h8s|/5h7dAc/Th:-920,920(-920.000000)
275:BR,Player:0r130c/cc/cc/r460f:4cQs,7h9s|/5cKdAd/3s/2h:230,-230(230.000000)
276:Player,BR:0cc/cc/r130r460c/cr1380c:4d6s,6c8s|/2s6dKs/5s/9h:-2070,2070(241.926109)
277:BR,Player:0r300c/cr520c/cr1196c/cr2750f:4dJh,6s9s|/4s9d9c/6h/7c:-2116,2116(-2116.000000)
278:Player,BR:0cc/cc/cr200c/cc:6dQs,TcJc|/3h4sQh/9h/5c:300,-300(281.628389)
279:BR,Player:0r130c/cr299c/r1058c/r3174c:7d8c,ThAd|/8s8h9c/3s/Kc:4761,-4761(3880.060608)
280:Player,BR:0cr600c/cc/cr1400c/cc:5h8c,9sKh|/2s8hKs/Qc/6d:-2100,2100(-1645.196215)
281:BR,Player:0r130c/cc/cc/cc:TcKc,7sKd|/5cJhAh/2c/8s:230,-230(56.982986)
282:Player,BR:0cr130c/r299c/r105c/r126r1520f:7d7c,QcKc|/3h6d9s/Td/2c:-760,760(-760.000000)
283:BR,Player:0r130c/cc/cc/r19770f:5cQc,9cKc|/9sTcJh/As/Qd:230,-230(230.000000)
284:Player,BR:0cc/cc/cr200c/cr600r2700f:TsJh,4d7c|/2c6cQs/8d/9s:900,-900(900.000000)
285:BR,Player:0cc/cr200c/r19700f:2c5h,4cJh|/2s3c5s/5d:300,-300(300.000000)
286:Player,BR:0cc/cc/cc/cc:JcQh,2dQd|/3d5h8s/Ks/9s:100,-100(48.938585)
287:BR,Player:0r130c/cc/cc/cc:3cQs,8h8d|/2c5dJs/Ac/Tc:-230,230(-230.000000)
288:Player,BR:0cr200c/cc/r390c/cr19310f:8c9c,2hKd|/3sTcAc/4s/8d:-690,690(-690.000000)
289:BR,Player:0r130c/cc/r460f:JcKs,2sAc|/4d7c8h/5d:230,-230(230.000000)
290:Player,BR:0cr200c/r390c/r897f:7s7h,QhAc|/2c4h5c/5d:690,-690(690.000000)
291:BR,Player:0r130c/cr299c/r1058f:9cQs,JcAc|/2s2d4s/9d:529,-529(529.000000)
292:Player,BR:0cc/cc/r200c/r150r19550f:3sQh,3cAd|/5h6s7s/Qd/9c:-450,450(-450.000000)
293:BR,Player:0cc/cc/cr130r19770f:TsJh,2sJc|/4s6hAd/8s:230,-230(230.000000)
294:Player,BR:0cc/cc/cr200f:4s8h,3cKh|/6dQsKs/9c:-100,100(-100.000000)
295:BR,Player:0r130c/cr299c/cr687c/r18784f:5s5h,4cTc|/7hKdKc/Jh/Qs:1216,-1216(1216.000000)
296:Player,BR:0cc/cc/r130f:6c9h,4h5h|/7s8sAs/Kh:100,-100(100.000000)
297:BR,Player:0r200c/cc/cc/r19700f:2hKh,6s7h|/6c8dAh/8s/Qh:300,-300(300.000000)
298:Player,BR:0cc/cc/cr200f:4sQd,3s8d|/3h6hJc/Jd:-100,100(-100.000000)
299:BR,Player:0r200c/cc/cr390r19310f:7sAs,ThAd|/2sTcQs/2d:690,-690(690.000000)
300:Player,BR:0cc/cc/r130r460c/cr1380c:7dKh,9sQs|/3s7cQh/5s/3h:-2070,2070(-1465.464402)
301:BR,Player:0r130c/cc/r460c/cr1380r17930f:6hAc,9cTh|/6cTcJc/9h/4d:2070,-2070(2070.000000)
302:Player,BR:0cr600c/cc/r140r1680r5040c/r12440c:7h8h,7dJd|/5dTcKd/6s/4d:-20000,20000(-20000.000000)
303:BR,Player:0r200c/cr900c/r2400f:5cKd,4hJs|/2s3hAc/2h:1200,-1200(1200.000000)
304:Player,BR:0cc/cc/cc/cc:3dKs,2cKh|/5d8c9d/7c/Ah:0,-0(56.443825)
305:BR,Player:0r130c/cr460c/cr897f:6dKd,QhAd|/4h9sQc/As:-690,690(-690.000000)
306:Player,BR:0cc/cc/cr200f:5hTh,2c4h|/3d8hQs/9s:-100,100(-100.000000)
307:BR,Player:0cc/cc/r19900f:6sQc,5hAc|/5c6h9c/Ks:100,-100(100.000000)
308:Player,BR:0cr600c/cc/cr1400f:7h7c,2dTd|/6dQdKh/9c:-700,700(-700.000000)
309:BR,Player:0r130c/cc/r460c/cr1380r17930f:QsKh,4dKc|/4c7c9c/Qd/Tc:2070,-2070(2070.000000)
310:Player,BR:0cc/cc/cc/cr19900f:2sAh,2d3h|/5h8cJc/9d/Tc:-100,100(-100.000000)
311:BR,Player:0r130c/cr299c/cr687r2432c/cc:4sAs,8hKd|/4c9cKh/8c/5h:-3648,3648(-3648.000000)
312:Player,BR:0cr300c/cc/r200c/cc:4c6c,6dAh|/3s7sQd/5d/6s:600,-600(-35.299410)
313:BR,Player:0r130c/cr460c/cc/cc:QsAd,3sJh|/2h7h9s/Kd/9d:690,-690(151.452930)
314:Player,BR:0cc/cc/cc/cr200f:5cQh,4c7s|/6h9cKs/6s/3s:-100,100(-100.000000)
315:BR,Player:0r130c/cr299c/r1058c/r18413f:2sJd,JsQc|/QhQdKh/Kc/2c:1587,-1587(1587.000000)
316:Player,BR:0cc/cc/cr200c/cr600f:3cQh,8cJs|/9hJdQs/Td/2s:-300,300(-300.000000)
317:BR,Player:0r300c/cc/r800f:8hKs,4c8c|/TsQhAd/Qc:400,-400(400.000000)
318:Player,BR:0cc/cc/cr200f:8sKc,3sAd|/4s5h9s/Td:-100,100(-100.000000)
319:BR,Player:0r130c/cc/cr299r1058f:6h7s,TdTc|/JsQhQd/2d:529,-529(529.000000)
320:Player,BR:0cr300c/cc/r200r1200f:5s5d,4cQc|/2h4hQs/As:-600,600(-600.000000)
321:BR,Player:0cc/cc/cr130r460f:QcKh,5s9c|/4d7dJd/2d:230,-230(230.000000)
322:Player,BR:0cc/cc/cr200f:3sJh,7d8d|/6d9hTd/Tc:-100,100(-100.000000)
323:BR,Player:0r130c/cc/cr299f:3d7c,4dQh|/2s5d9h/8h:-230,230(-230.000000)
324:Player,BR:0cr200c/cc/r600r1800r3510r12420f:2dJd,3sKc|/TcAsAc/Js:-6210,6210(-6210.000000)
325:BR,Player:0r130c/cc/cr115r19655f:2s7c,3h5h|/2d3cJs/Ad:345,-345(345.000000)
326:Player,BR:0cc/cc/cr200f:2s8h,3s7s|/2d6c7d/3c:-100,100(-100.000000)
327:BR,Player:0r200c/cr600c/r19100f:7sQd,ThKs|/3s5d8c/7c:900,-900(900.000000)
328:Player,BR:0cr300c/cc/cr800r7200r11600f:QcKd,3s5d|/2h8dJd/Jc:-8400,8400(-8400.000000)
329:BR,Player:0cc/cc/r200f:5hKc,4h9c|/TsTdKd/3h:100,-100(100.000000)
330:Player,BR:0cr300c/r520c/r1840f:KsKc,4s9h|/7h9dKd/Jh:920,-920(920.000000)
331:BR,Player:0r130c/cr299c/r1058r2063r7300f:9hTc,3s5s|/2h2c9d/4d:3650,-3650(3650.000000)
332:Player,BR:0cr200c/cc/cr600f:9cKc,9dKh|/2h4h7d/6h:-300,300(-300.000000)
333:BR,Player:0r130c/cr299c/cc/r19471f:8cAd,9hAc|/4dKsKc/7h/2d:529,-529(529.000000)
334:Player,BR:0cc/cc/cr19900f:2s7s,QdAs|/8sQhAh/5c:-100,100(-100.000000)
335:BR,Player:0f:8c9s,2s4d|:50,-50(50.000000)
336:Player,BR:0cc/cc/r130r460c/cr1380c:2h9d,9sTc|/4c9cAd/3h/Js:-2070,2070(-522.150413)
337:BR,Player:0r130c/cc/cc/r460c:4h7c,8sQc|/8dTsTc/Ks/Jh:-690,690(-690.000000)
338:Player,BR:0cc/cc/cr200f:3c7d,2d7c|/3d5hTs/Js:-100,100(-100.000000)
339:BR,Player:0r130c/cr299c/r1058f:5dKd,9dKc|/4d7h8d/7c:529,-529(529.000000)
340:Player,BR:0cc/cc/r130c/cc:6h9h,JdAs|/2d4dKc/Qc/7s:-230,230(-13.608580)
341:BR,Player:0cc/cc/cc/r19900f:2h7d,5cTd|/4s4hKc/Ks/3s:100,-100(100.000000)
342:Player,BR:0cc/cc/cc/cc:3sAd,TdAs|/5hQcKc/4s/8c:-100,100(6.155118)
343:BR,Player:0r130c/cr299c/r1058f:6c7d,4dQc|/5c6hJh/7s:529,-529(529.000000)
344:Player,BR:0cc/cc/cc/cr200f:2s5c,6sTh|/5sJsAc/9c/Kd:-100,100(-100.000000)
345:BR,Player:0r130c/cc/cc/r460f:4c8s,3s3c|/5sTdQh/8h/4d:230,-230(230.000000)
346:Player,BR:0cr200c/cc/cr19700f:7dKh,8sJh|/4s9cAc/3d:-300,300(-300.000000)
347:BR,Player:0r130c/cr299c/cc/r19471f:3hAd,7cQs|/4h5dJs/4c/Kc:529,-529(529.000000)
348:Player,BR:0cc/cc/r200r19700f:2hQs,2c5c|/4c7cQd/Jd:-300,300(-300.000000)
349:BR,Player:0r200c/cr390c/cr897f:3dQh,6cAd|/8sJdAc/5d:-690,690(-690.000000)
350:Player,BR:0cr300c/r520c/cr19080f:ThQs,5c9c|/5s6s9d/2c:-920,920(-920.000000)
351:BR,Player:0f:3h9d,2c4h|:50,-50(50.000000)
352:Player,BR:0cr200c/cc/r150c/r585r2070c:TcAh,JcAs|/6h8hQh/5c/Ac:-3105,3105(-3105.000000)
353:BR,Player:0r200c/cr390c/cc/r19310f:8cKc,3sQd|/2s7s7c/4c/2d:690,-690(690.000000)
354:Player,BR:0cr200c/cc/cr19700f:6sAc,3dJc|/5c9dTc/4h:-300,300(-300.000000)
355:BR,Player:0cc/cc/r200f:QhKd,2hQc|/JdKhAd/7d:100,-100(100.000000)
356:Player,BR:0cr300c/cc/cr800f:8cKc,TcQs|/5hThAd/9s:-400,400(-400.000000)
357:BR,Player:0r200c/cc/r600f:2c4s,KcAd|/2h4hQh/7c:300,-300(300.000000)
358:Player,BR:0cr300c/r520c/cr1840f:7c8c,2d5s|/5cQhAs/Ts:-920,920(-920.000000)
359:BR,Player:0r130c/cc/r460c/r1380f:4cJc,TcKs|/3c6sQc/6d/8c:690,-690(690.000000)
360:Player,BR:0cr300c/r520c/r2760f:6hJh,8dAh|/5d7h9h/4c:920,-920(920.000000)
361:BR,Player:0r130c/cc/r19770f:8cAh,6d7s|/TsJsKs/8s:230,-230(230.000000)
362:Player,BR:0cc/cc/cc/cc:2s3h,3dJd|/9sKsAh/4h/Kc:-100,100(-11.076895)
363:BR,Player:0r130c/cr299c/cr1058c/r3174c:QdKs,AsAc|/5h7dJd/9s/Td:4761,-4761(4360.503153)
364:Player,BR:0cc/cc/r130r460r4140r9660f:2s7s,9dTc|/3h8sTs/6c:-4830,4830(-4830.000000)
365:BR,Player:0r130c/cc/cc/r19770f:ThKs,QdKc|/4h9s9d/2h/2c:230,-230(230.000000)
366:Player,BR:0cc/cc/cr200f:2d7c,5h8h|/5dThJc/4c:-100,100(-100.000000)
367:BR,Player:0f:6hJd,3hTd|:50,-50(50.000000)
368:Player,BR:0cr300c/r520c/r460c/r690c:2d6d,TdKh|/4d7sAd/Qd/8d:-2070,2070(-1523.059024)
369:BR,Player:0r130c/cc/r460c/r19310f:3c8d,4s5s|/3h8hJh/2d/7s:690,-690(690.000000)
370:Player,BR:0cr300c/r520c/r1196r4232r8252f:2s5s,TcJs|/8s8cAs/3s:6348,-6348(6348.000000)
371:BR,Player:0cc/cc/r200f:4sKs,QdKc|/2s8hJc/4c:100,-100(100.000000)
372:Player,BR:0cc/cc/r130c/r115f:3dKh,2hJh|/8d9sJs/Ks/Ah:230,-230(230.000000)
373:BR,Player:0r130c/cc/r19770f:5s9d,8dJh|/JsKcAc/5h:230,-230(230.000000)
374:Player,BR:0cr600c/cc/r2100c/r3640r12880f:8cAc,5dAs|/6dAhAd/9s/Td:-6440,6440(-6440.000000)
375:BR,Player:0r130c/cc/r19770f:4sTh,8dJc|/2s2dJh/3h:230,-230(230.000000)
376:Player,BR:0cr300c/cc/cc/cc:6s8s,8dAd|/9s9dJh/8c/Th:-400,400(-103.313279)
377:BR,Player:0cc/cc/r19900f:4h9d,TsTh|/3sKsAc/Ah:100,-100(100.000000)
378:Player,BR:0cc/cc/cc/cc:6cAs,5dTd|/JsQhQc/Qs/Ah:100,-100(41.982691)
379:BR,Player:0r130c/cc/r460c/r1380c:5dTs,TcKc|/5hKhAs/Th/8d:-2070,2070(1018.850597)
380:Player,BR:0cc/cc/cr200c/cr19700f:5hAd,4c6s|/7cTsKd/Td/9c:-300,300(-300.000000)
381:BR,Player:0r130c/cr299c/cc/r19471f:2s3c,8sJh|/6cTdAh/8d/Jc:529,-529(529.000000)
382:Player,BR:0cc/cc/r130c/r299r19471f:2c3s,JsJh|/5sThTc/Ac/9s:-529,529(-529.000000)
383:BR,Player:0r130c/cc/r460r897r3174f:8d9s,KhAs|/2h3d8c/Js:1587,-1587(1587.000000)
384:Player,BR:0cc/cc/r130r460f:5hJd,4cQc|/4h6sQh/2h:-230,230(-230.000000)
385:BR,Player:0r130c/cr299c/cc/r1058f:7hKd,5dJd|/2h5s8d/Qc/Kc:529,-529(529.000000)
386:Player,BR:0cc/cc/cr200f:3h9d,7sJs|/5c8s8c/2d:-100,100(-100.000000)
387:BR,Player:0r130c/cc/r460r897r3174r15239f:5dTs,5hJd|/5c6sTh/Jh:-4761,4761(-4761.000000)
388:Player,BR:0cr300c/cc/cr800c/cr18800f:JhAs,8dQc|/7s9sTc/Kh/2c:-1200,1200(-1200.000000)
389:BR,Player:0r200c/cr900c/cr600r18200f:7dAd,QdQc|/6dTsJs/3s:1800,-1800(1800.000000)
390:Player,BR:0cc/cc/r300c/cr800f:7dQc,9cAc|/6d9hJc/Td/Qd:-400,400(-400.000000)
391:BR,Player:0r130c/cc/cc/cc:4h9h,3dAd|/8s9dTc/7c/Jc:0,-0(-0.000000)
392:Player,BR:0cr130c/cc/r299r1058c/r793r17620f:TdQc,2h4c|/3s3h5s/Qh/2d:-2380,2380(-2380.000000)
393:BR,Player:0f:5sTc,2d6c|:50,-50(50.000000)
394:Player,BR:0cr600c/cc/r910f:QdKd,3d4d|/8dJsKc/Qs:700,-700(700.000000)
395:BR,Player:0r200c/cc/r600r1170f:9hKd,5hJs|/2h5c8c/Jh:-900,900(-900.000000)
396:Player,BR:0cc/cc/cc/r300r800f:8hJd,2h7s|/9hJsKh/9s/9d:-400,400(-400.000000)
397:BR,Player:0r130c/cc/r19770c/cc:6cQh,6s9d|/3s3hAd/Kd/Tc:20000,-20000(11244.875206)
398:Player,BR:0cr200c/cc/cr19700f:2sTc,5h5d|/5s7sQh/2c:-300,300(-300.000000)
399:BR,Player:0r130c/cc/cr299r1058f:5s7d,6hAh|/3cTdTc/3s:529,-529(529.000000)
400:Player,BR:0cc/cc/cr200f:2c8h,8sJh|/3c5hTs/Th:-100,100(-100.000000)
401:BR,Player:0r200c/cc/cr390c/cr1380r17930f:6sJd,TdQc|/2d5sQh/Qs/4h:2070,-2070(2070.000000)
402:Player,BR:0cr300c/cc/cc/r200r19400f:7sJd,5h8d|/4cQcKc/5c/6h:-600,600(-600.000000)
403:BR,Player:0r200c/cr900c/cr2400f:4hKc,QhQc|/5hJdQs/9c:-1200,1200(-1200.000000)
404:Player,BR:0cr300c/cc/cr800f:6dAd,8cKh|/2d2c4s/8s:-400,400(-400.000000)
405:BR,Player:0f:3sAh,2d6c|:50,-50(50.000000)
406:Player,BR:0cc/cc/cr200f:3sJh,6hTd|/5dQcAd/7h:-100,100(-100.000000)
407:BR,Player:0r200c/cr900c/cr3600f:2sAs,7dAd|/3dJdQs/8d:-1200,1200(-1200.000000)
408:Player,BR:0cr200c/cc/cr600c/cr19100f:7sKs,6h9h|/7d8h8c/Qc/Jh:-900,900(-900.000000)
409:BR,Player:0r130c/cc/r460c/r1380f:8sQc,3h3d|/6h8dKd/Kc/Js:690,-690(690.000000)
410:Player,BR:0cr300c/r520c/cc/cr1840c:7sQd,4cKd|/2hTcQs/8s/2c:2760,-2760(2760.000000)
411:BR,Player:0r130c/cc/cr299r1058c/r18413f:4d6h,KhAc|/4c7c8h/Tc/Qh:1587,-1587(1587.000000)
412:Player,BR:0cr300c/cc/r200r1200f:6cQc,4dQd|/2h5hJd/Ks:-600,600(-600.000000)
413:BR,Player:0cc/cc/cc/r19900f:6s6d,4hJc|/7hQsAh/7d/8d:100,-100(100.000000)
414:Player,BR:0cr200c/cc/r600r1800r3510r12420f:3h6d,TcJs|/4h8s8d/6s:-6210,6210(-6210.000000)
415:BR,Player:0cc/cc/r200c/r19700f:6sQh,7sKc|/3sQsAd/Jh/Ts:300,-300(300.000000)
416:Player,BR:0cc/cc/cr200f:3d5h,4c7d|/5d7cKs/8c:-100,100(-100.000000)
417:BR,Player:0r130c/cr299c/cc/cr687r18784f:7hAs,8hJd|/3h6dJs/2h/9d:1216,-1216(1216.000000)
418:Player,BR:0cr600c/r910c/r2093c/r1851r11108f:5sAc,TcQs|/2d7hQc/4h/As:-5554,5554(-5554.000000)
419:BR,Player:0r200c/cc/r600c/r19100f:8dQd,QhKh|/9sJhAd/4d/8h:900,-900(900.000000)
420:Player,BR:0cr600c/cc/cc/r140r19160f:8sAs,5c8c|/8hTsQc/Kh/2s:-840,840(-840.000000)
421:BR,Player:0cc/cc/cr130c/cr1380c:QhAs,4hJh|/5s5d7h/6c/Ad:1610,-1610(1610.000000)
422:Player,BR:0cr300c/cc/cr800c/cc:7hAh,5sAs|/3s4h6d/Kc/8h:1200,-1200(1200.000000)
423:BR,Player:0r200c/cc/cr150r19550f:3dQd,2s5s|/4s7cKs/2d:450,-450(450.000000)
424:Player,BR:0cr300c/r520c/cc/r2760f:ThQc,5hAc|/JcKdAh/3s/7c:920,-920(920.000000)
425:BR,Player:0r130c/cr299c/cc/r19471f:7sAh,9sTc|/4d8hJc/Jh/9c:529,-529(529.000000)
426:Player,BR:0cc/cc/cr200c/cr19700f:2sJh,2c3c|/2h7hAc/4s/6d:-300,300(-300.000000)
427:BR,Player:0cc/cc/r200c/r600c:7c8s,3cJs|/5d6sQd/Jc/Jh:-900,900(-900.000000)
428:Player,BR:0cc/cc/r200r600c/r180c:2dKc,ThAh|/2sQcAc/Ks/Jc:-1080,1080(-1039.072563)
429:BR,Player:0cc/cr130c/cc/r460f:6hKs,5dTs|/3s4h8h/3h/Ad:230,-230(230.000000)
430:Player,BR:0cc/cc/cr200c/r150r900c:5cQd,QhAc|/4s8sQc/4d/2s:-1350,1350(-1350.000000)
431:BR,Player:0r130c/cr460c/r1380c/cc:3c8h,7cAs|/6c7hAd/Kd/Kh:-2070,2070(-2070.000000)
432:Player,BR:0cc/cc/cr200f:5cAh,8cKs|/3cThQh/8d:-100,100(-100.000000)
433:BR,Player:0r130c/cr299c/cc/r1058f:7dKh,7sQh|/2s3sJh/4h/Kd:529,-529(529.000000)
434:Player,BR:0cc/cc/r200c/r390r19310f:3hKh,7sTd|/2s5hKs/6c/As:-690,690(-690.000000)
435:BR,Player:0r130c/cc/r460c/cc:6h8c,8d9c|/6c8sAs/9s/Td:-690,690(453.772945)
436:Player,BR:0cc/cc/r130c/r115r19655f:2sAd,8d8c|/3d5dJh/As/4c:-345,345(-345.000000)
437:BR,Player:0r200c/cc/cr150r900c/r2700f:5s7h,4sKh|/2h8sKc/Td/2d:1350,-1350(1350.000000)
438:Player,BR:0cc/cc/cr200c/cr600f:4dTd,2sAh|/4sQcAs/7d/5c:-300,300(-300.000000)
439:BR,Player:0cc/cr130c/cr460r1380c/cr1035r16895f:8h9s,5dQd|/5cJsQh/8s/6h:3105,-3105(3105.000000)
440:Player,BR:0cr200c/cc/r150r900c/r270r3240f:4hJh,QhAd|/3c7sJd/5h/9d:-1620,1620(-1620.000000)
441:BR,Player:0f:2s8h,3h7c|:50,-50(50.000000)
442:Player,BR:0cr130c/r299c/cc/cc:QdQc,8c9s|/2h8dJc/Ac/4h:529,-529(-274.431740)
443:BR,Player:0r200c/cc/r19700f:JhAh,2c7c|/6h8s8h/9h:300,-300(300.000000)
444:Player,BR:0cc/cc/cr200f:2s7h,5sJh|/3sJsKd/Tc:-100,100(-100.000000)
445:BR,Player:0r200c/cr390c/cc/r1380f:7s8h,QdKd|/3dJdAc/Js/3h:690,-690(690.000000)
446:Player,BR:0cc/cc/cr200f:4hTd,5hKc|/2sJsJc/2c:-100,100(-100.000000)
447:BR,Player:0r200c/cr390c/r1380f:4d7h,6s8c|/4cJdQh/7s:690,-690(690.000000)
448:Player,BR:0cc/cc/cr200f:4sKh,ThQc|/5s9hJs/3c:-100,100(-100.000000)
449:BR,Player:0r130c/cr299c/cr1058f:5s7d,6d8h|/6c8dJd/Qc:-529,529(-529.000000)
450:Player,BR:0cc/cc/cc/cr200f:9cJh,5hTh|/2dKsAs/6c/7s:-100,100(-100.000000)
451:BR,Player:0r130c/cr460c/cc/r1380f:2s6h,9hQh|/5s8dJs/4s/Kh:690,-690(690.000000)
452:Player,BR:0cr200c/r390c/r897c/r317r18096f:JcQd,6dAc|/4c7sJd/3c/Ks:-1904,1904(-1904.000000)
453:BR,Player:0r130c/cc/cr115c/cc:TdJs,4d5d|/5s6sQh/Ah/Th:345,-345(345.000000)
454:Player,BR:0cr300c/r520c/cc/r460c:6hQh,QsKd|/4c7hTs/2d/Jc:-1380,1380(-1004.488069)
455:BR,Player:0r130c/cc/cr460c/cr1380f:8dTc,TdKd|/6dQcAh/Jc/4d:-690,690(-690.000000)
456:Player,BR:0cr300c/cc/cc/cc:JhAh,4hAd|/6h7sQs/2s/Jd:400,-400(388.292504)
457:BR,Player:0r130c/cc/r460c/r1380f:8sTc,5s6s|/2c4d9d/Ts/9h:690,-690(690.000000)
458:Player,BR:0cc/cc/cc/cc:2cJs,TsJc|/2h5sQc/7s/7c:100,-100(43.418441)
459:BR,Player:0r130c/cr299c/cc/cc:2s2c,4d9d|/8d8cKc/Qc/4s:-529,529(143.675322)
460:Player,BR:0cr300c/cc/cr800f:9h9d,9sTd|/2s4sAc/Ks:-400,400(-400.000000)
461:BR,Player:0r130c/cc/cr460r19310f:3d9h,5cTd|/2s3hAd/6h:690,-690(690.000000)
462:Player,BR:0cr200c/cc/cc/r390c:5s7s,9dAc|/2s5cKd/7d/6d:690,-690(136.241867)
463:BR,Player:0r130c/cc/r460f:7h7c,3sKd|/5h9cAs/2s:230,-230(230.000000)
464:Player,BR:0cc/cc/r200r600c/r180r2160f:JhKd,QdAh|/2c9sTd/Kh/9h:-1080,1080(-1080.000000)
465:BR,Player:0r130c/cc/cc/cc:4c6c,4hKs|/3d8hAc/Td/8c:-230,230(-230.000000)
466:Player,BR:0cc/cc/r130r19770f:4cTd,ThAs|/3h5sQh/7s:-230,230(-230.000000)
467:BR,Player:0r200c/cc/cr150f:2h3h,6dJc|/8cKhKc/Jd:-300,300(-300.000000)
468:Player,BR:0cr300c/cc/r200r1200f:TsAd,3sQd|/3h3c4c/6h:-600,600(-600.000000)
469:BR,Player:0r130c/cc/cc/cc:3sAc,QdAh|/2hTsKd/5s/5c:-230,230(24.822245)
470:Player,BR:0cr200c/cc/cc/r600r19100f:7dAd,4c5c|/5h8hAh/Kc/Td:-900,900(-900.000000)
471:BR,Player:0r200c/cc/cc/r19700f:TcKh,4cQc|/4s7hAh/9d/Kc:300,-300(300.000000)
472:Player,BR:0cr300c/cc/r200r1200r3600f:JsJh,2c7h|/9dJcKd/4s:1800,-1800(1800.000000)
473:BR,Player:0r130c/cc/cc/r19770f:5hQh,7h8h|/5d6dQd/Ad/4c:230,-230(230.000000)
474:Player,BR:0cr300c/cc/cc/r1200c:5s9d,8cAh|/6cTsKh/6s/4h:-1600,1600(-1568.953933)
475:BR,Player:0r200c/cr390c/r1380r4140f:4sTd,9sAc|/3s7c9d/Ah:-2070,2070(-2070.000000)
476:Player,BR:0cr130c/cc/r115f:7hKh,2s8c|/3s3d4c/Kc:230,-230(230.000000)
477:BR,Player:0r130c/cr299c/r1058f:2s4c,TsAh|/3d6s6d/Jh:529,-529(529.000000)
478:Player,BR:0cc/cc/cr200c/cr600c:8sKh,6c9s|/2c7hAs/6s/8h:900,-900(295.597648)
479:BR,Player:0r130c/cc/cr115c/r19655f:8hJs,9sKs|/2c3h5h/Qh/Qc:345,-345(345.000000)
480:Player,BR:0cc/cc/r300r19600f:6cAh,6hKd|/2d7hAd/Jc:-400,400(-400.000000)
481:BR,Player:0r130c/cc/r460f:2h8d,5d9s|/3d4s5h/As:230,-230(230.000000)
482:Player,BR:0cc/cc/cr200f:4s8s,9dKs|/2h7hKh/9c:-100,100(-100.000000)
483:BR,Player:0r130c/cc/r460r897f:7cKh,KdAh|/9sTcQd/Jc:-690,690(-690.000000)
484:Player,BR:0cc/cc/r130c/r299r19471f:2dKh,6cAs|/5d6dTs/Ks/8c:-529,529(-529.000000)
485:BR,Player:0r130c/cr299c/cc/r19471f:8cQs,3c5h|/6c9cAh/Ks/4d:529,-529(529.000000)
486:Player,BR:0cr300c/cc/r200c/r780r2760f:8dKc,TcAs|/2sQsKh/9d/Qd:-1380,1380(-1380.000000)
487:BR,Player:0r200c/cr390c/cr897r3174c/r9522f:3c8h,TsJh|/6s8sJs/4c/9s:4761,-4761(4761.000000)
488:Player,BR:0cr1200c/r1690c/cr5980f:8dJd,7h9d|/3s6cQd/7c:-2990,2990(-2990.000000)
489:BR,Player:0r130c/cc/cr299r1058f:7d9s,TcJh|/2h6s6h/Ac:529,-529(529.000000)
490:Player,BR:0cr600c/cc/cc/cr19300f:QhKd,3hTc|/2dJhAd/6c/4s:-700,700(-700.000000)
491:BR,Player:0r130c/cc/cc/r19770f:2h8s,8hQc|/3hTcAh/Qh/8c:230,-230(230.000000)
492:Player,BR:0cc/cc/cc/r130r19770f:2h7c,7hJh|/4s8cTc/4d/5d:-230,230(-230.000000)
493:BR,Player:0r130c/cr299c/cc/r19471f:7cKc,4cQs|/2h4h6s/Ac/5d:529,-529(529.000000)
494:Player,BR:0cc/cc/cr200c/cc:8hJd,7h7d|/4s6hQc/Jh/Jc:300,-300(-132.057199)
495:BR,Player:0f:2h8d,2d5s|:50,-50(50.000000)
496:Player,BR:0cc/cc/cr200f:2d4c,5hQc|/JsQsKs/2c:-100,100(-100.000000)
497:BR,Player:0r130c/cr299c/cc/r1058f:7cTd,3c9c|/2d6cQd/3d/8h:529,-529(529.000000)
498:Player,BR:0cc/cc/cr200f:4sQs,3d7h|/3cJhAc/7s:-100,100(-100.000000)
499:BR,Player:0r200c/cr390c/cc/cr897r18413f:9hJs,3s6s|/2dThKh/Ks/7h:1587,-1587(1587.000000)
500:Player,BR:0cc/cc/cr200f:6hQs,4cQd|/2cTdJs/4s:-100,100(-100.000000)
501:BR,Player:0cc/cr130c/cc/cr299r19471f:5sAc,2sAs|/2h7d9d/6s/2d:529,-529(529.000000)
502:Player,BR:0cc/cc/r300c/r520f:9hJs,7c8d|/5s8sJc/Ts/7s:400,-400(400.000000)
503:BR,Player:0r130c/cr460c/r1380c/r4140f:8c9d,6d7c|/8s9hQd/8h/8d:2070,-2070(2070.000000)
504:Player,BR:0cr300c/r800c/r1560c/r1380f:JsJd,5s5c|/9s9d9c/6s/8c:2760,-2760(2760.000000)
505:BR,Player:0r130c/cc/r460c/r1380f:5c9h,4dAd|/4c8hTd/Jc/Qd:690,-690(690.000000)
506:Player,BR:0cr300c/cc/r200r1200c/cr18200f:7d9d,4s8s|/2h5h9c/Qd/3d:-1800,1800(-1800.000000)
507:BR,Player:0r130c/cc/cr115c/r690f:3sQs,QhAc|/2cTcJs/Ts/9s:345,-345(345.000000)
508:Player,BR:0cr300c/cc/cc/cr19600f:6s6c,4d8h|/8dTcAh/6d/Jh:-400,400(-400.000000)
509:BR,Player:0r130c/cc/r460c/r1380c:6s7s,5dAc|/3c8sAd/9s/9d:-2070,2070(-2070.000000)
510:Player,BR:0cr300c/cc/r800c/r1560r17240f:KdAd,9dJh|/3h7cAh/Td/8d:-2760,2760(-2760.000000)
511:BR,Player:0r200c/cr390c/cr2070r5520f:2dTc,9dJs|/JhJdKh/Td:2760,-2760(2760.000000)
512:Player,BR:0cc/cc/cr200c/cr19700f:2cJd,3s6c|/9cKdAd/Js/Tc:-300,300(-300.000000)
513:BR,Player:0r130c/cc/r460c/r1380c:8sJc,8c9c|/5s9sJh/4s/8d:2070,-2070(897.399729)
514:Player,BR:0cr300c/cc/cr800f:8dAs,9cTh|/2h9dKs/Kd:-400,400(-400.000000)
515:BR,Player:0r200c/cc/r600f:2d3s,JsKc|/3h4d5c/6h:300,-300(300.000000)
516:Player,BR:0cr300c/cc/r800f:9hKd,9cQh|/2c3hJs/7h:400,-400(400.000000)
517:BR,Player:0cc/cc/r200c/cc:4c7c,6cAh|/4d9h9d/6s/Ts:-300,300(4.236657)
518:Player,BR:0cc/cc/cc/cr200f:4c9s,7dKc|/4h5s8h/7h/7c:-100,100(-100.000000)
519:BR,Player:0r130c/cr299c/r1058r3174f:5c7s,3sJc|/3dKsAs/Ts:-1587,1587(-1587.000000)
520:Player,BR:0cr130c/cc/cc/r115c:9cAh,6sJh|/7s7hKc/Qc/Kh:345,-345(199.459239)
521:BR,Player:0r130c/cr299c/cc/r1058f:2c4d,4c5d|/3hTcKd/8c/7h:529,-529(529.000000)
522:Player,BR:0cc/cc/cc/cr200c:4h9d,4dKh|/3h8s8d/9c/Kc:-300,300(-300.000000)
523:BR,Player:0r200c/cc/cc/cr390r19310f:5cKc,3c5h|/3hTcAd/7h/7c:690,-690(690.000000)
524:Player,BR:0cr200c/r390c/r345f:8sAh,3s3d|/8dTsAc/6c:690,-690(690.000000)
525:BR,Player:0f:2d8d,3d9h|:50,-50(50.000000)
526:Player,BR:0cr130c/r299c/cr1058f:4s8s,JdKs|/2d3sAh/Kc:-529,529(-529.000000)
527:BR,Player:0f:8sTs,4d9h|:50,-50(50.000000)
528:Player,BR:0cc/cc/cr200f:2d6s,5d5c|/3c9d9c/Th:-100,100(-100.000000)
529:BR,Player:0r130c/cr299c/r1058f:4sJs,JhJd|/2c5s9c/Ah:529,-529(529.000000)
530:Player,BR:0cc/cc/cr200f:6hQc,2h7h|/4h8cAc/9d:-100,100(-100.000000)
531:BR,Player:0r130c/cr460c/r1380c/cr2691r15239f:8hQd,QsAc|/7s8cQc/3c/Js:4761,-4761(4761.000000)
532:Player,BR:0cc/cc/cc/cr19900f:2hKd,7cTh|/2c9hQs/Jh/6h:-100,100(-100.000000)
533:BR,Player:0r200c/cc/cc/r600c:4h5h,7sKs|/6sTcKc/6c/7c:-900,900(-900.000000)
534:Player,BR:0cr300c/cc/cc/r520r1840f:8hQh,8dTc|/JdAdAc/As/8c:-920,920(-920.000000)
535:BR,Player:0f:3sAs,2c3h|:50,-50(50.000000)
536:Player,BR:0cr600c/cc/cc/cr1400f:5h8c,4sKh|/3d5sAd/Ts/Jh:-700,700(-700.000000)
537:BR,Player:0f:5c9h,3d8s|:50,-50(50.000000)
538:Player,BR:0cc/cc/cr200f:3sKd,2hTc|/5s8cTh/7c:-100,100(-100.000000)
539:BR,Player:0r130c/cr299c/r1058f:6c7h,4c6d|/TsTcAc/Kh:529,-529(529.000000)
540:Player,BR:0cc/cc/r300c/cr19600f:4h7d,2hAd|/3cTsJd/5h/9c:-400,400(-400.000000)
541:BR,Player:0f:JdQs,2hTc|:50,-50(50.000000)
542:Player,BR:0cc/cc/cr200c/cr19700f:2hQh,KdAd|/7h9h9d/9c/6h:-300,300(-300.000000)
543:BR,Player:0r200c/cc/cc/cr600r1800f:4cAh,3cQh|/6s7sAs/9h/5s:900,-900(900.000000)
544:Player,BR:0cr300c/cc/cr19600f:QcKh,7h9c|/4cTdAh/2c:-400,400(-400.000000)
545:BR,Player:0r200c/cc/cr390c/cc:6hQd,2dAs|/3cTsKh/Jc/Ks:-690,690(132.384284)
546:Player,BR:0cr300c/cc/r200r1200r3600r10800f:7d9d,8sKs|/3dThTc/6s:-5400,5400(-5400.000000)
547:BR,Player:0r200c/cr390c/r19310f:7h7d,4dQs|/2s2hJc/5h:690,-690(690.000000)
548:Player,BR:0cr300c/cc/cr19600f:8h8c,TdQs|/6hJhAs/3c:-400,400(-400.000000)
549:BR,Player:0r300c/cr1200c/r3200f:3s6s,6cJs|/3d8dAd/7s:1600,-1600(1600.000000)
550:Player,BR:0cr600c/cc/cr1400f:2s8s,5dQd|/5s9cJd/5h:-700,700(-700.000000)
551:BR,Player:0r130c/cr299c/cr1058c/cr3174f:JsKd,7hQc|/4sTcQh/7s/6h:-1587,1587(-1587.000000)
552:Player,BR:0cr200c/cc/r390r1380c/cc:JsQh,QsQd|/2d4c5c/Jd/7d:-2070,2070(-613.601582)
553:BR,Player:0r130c/cc/r460c/cc:7d8d,6sKh|/5h5dKd/Jd/Td:690,-690(690.000000)
554:Player,BR:0cr1200c/cc/cr2600f:7hQd,4h8c|/6h6cJs/Th:-1300,1300(-1300.000000)
555:BR,Player:0r130c/cr299c/cr687r2432f:2h8h,3d5s|/9dJdQc/2d:1216,-1216(1216.000000)
556:Player,BR:0cr200c/cc/cc/cr600r1170r4140r13790f:JcKs,3sJs|/3c5dQh/Th/Ad:6210,-6210(6210.000000)
557:BR,Player:0f:2sKh,2h5d|:50,-50(50.000000)
558:Player,BR:0cr300c/cc/cc/r200r1200r10800r7400f:7dJd,7h9h|/4sJhKc/As/Ks:-12600,12600(-12600.000000)
559:BR,Player:0r130c/cc/r460c/cr897r18413f:7s9h,8sTs|/6c7dKd/5s/2s:1587,-1587(1587.000000)
560:Player,BR:0cr200c/r390c/cr19310f:QhKd,3d6h|/4d5sJh/Th:-690,690(-690.000000)
561:BR,Player:0cc/cc/r19900f:6c8d,7dAc|/9hThQc/As:100,-100(100.000000)
562:Player,BR:0cr200c/cc/r150r900c/cr2700f:8hQh,2d5d|/3sKdAs/8d/Jd:-1350,1350(-1350.000000)
563:BR,Player:0r130c/cr299c/cr687f:8sTc,6sQd|/6h7hQc/3s:-529,529(-529.000000)
564:Player,BR:0cc/cc/cr200f:2s3h,7h9s|/6d7dAh/7c:-100,100(-100.000000)
565:BR,Player:0r130c/cc/cr460r19310f:5sJs,8dAs|/7sTdAh/8h:690,-690(690.000000)
566:Player,BR:0cr300c/cc/cr800f:3s5s,JsAs|/5c9dTd/Ts:-400,400(-400.000000)
567:BR,Player:0r200c/cc/cc/r600f:2c7h,7sQc|/4dKdAh/Jc/4h:300,-300(300.000000)
568:Player,BR:0cc/cc/cr200f:3c7d,4hJc|/3h8dQs/4d:-100,100(-100.000000)
569:BR,Player:0cc/cr130c/cr299r19471f:3h8c,3sTd|/JdKsKh/Th:529,-529(529.000000)
570:Player,BR:0cr300c/r520c/cc/r1840c:9hAh,5c6c|/3d6d7d/Jc/Jd:-2760,2760(-2542.357165)
571:BR,Player:0r130c/cr460c/cr2070c/cc:6s9d,5s7s|/4h6dJs/Td/5d:2760,-2760(-1203.661470)
572:Player,BR:0cr300c/cc/r200r1200f:4s6s,QcAs|/7hJcQh/7c:-600,600(-600.000000)
573:BR,Player:0r300c/cr520c/cr2760f:4hAd,QhAc|/7dKsAh/8h:-920,920(-920.000000)
574:Player,BR:0cc/cc/cr200f:3s4c,4sJh|/9sJdKc/5s:-100,100(-100.000000)
575:BR,Player:0r130c/cc/cr299r1058f:6s9h,TcJs|/6hJdQd/5h:529,-529(529.000000)
576:Player,BR:0cc/cc/cc/cr200c:5sJd,4c9c|/2hTsAs/8s/5d:300,-300(300.000000)
577:BR,Player:0r130c/cc/r460f:4d8d,9cAd|/4s5d8h/5s:230,-230(230.000000)
578:Player,BR:0cc/cc/r200f:5hJs,2h5c|/9dTsKs/6c:100,-100(100.000000)
579:BR,Player:0cc/cc/r200r390r19310f:3c8h,4c9h|/5c6d8s/2d:690,-690(690.000000)
580:Player,BR:0cc/cc/r300c/r2400c:3s7h,3dQh|/5h8hAh/2c/Ts:-2800,2800(-2772.379505)
581:BR,Player:0r130c/cc/cc/cr460r1380f:7d8s,6d7s|/3dTdAd/2c/3s:690,-690(690.000000)
582:Player,BR:0cc/cc/cr200c/cr600c:2sAs,3d6c|/2d2cTd/Jd/Qh:900,-900(900.000000)
583:BR,Player:0r130c/cc/r19770f:TsAs,7s8s|/2d3s6c/Th:230,-230(230.000000)
584:Player,BR:0cr300c/cc/r200r1200f:5sKs,4c9d|/TcAsAc/Ts:-600,600(-600.000000)
585:BR,Player:0cc/cr200c/r19700f:5cAc,4cTd|/2s4h7d/9s:300,-300(300.000000)
586:Player,BR:0cc/cc/r130c/r115r19655f:9dQs,2hQh|/6dQcKs/7h/Js:-345,345(-345.000000)
587:BR,Player:0cc/cc/cr130r19770f:8dJc,7sQs|/3h6h9s/2c:230,-230(230.000000)
588:Player,BR:0cc/cc/cc/r130c:3d7s,6cTs|/5hJsKh/Qh/Kc:-230,230(72.863641)
589:BR,Player:0r130c/cr299c/cc/r1058c:9hKh,4cTh|/6s7dAs/Tc/8d:1587,-1587(1212.173391)
590:Player,BR:0cc/cc/r300c/r1200r18400f:7sKh,8cKd|/6c7dTs/Ks/4h:-1600,1600(-1600.000000)
591:BR,Player:0f:3d5h,2d6s|:50,-50(50.000000)
592:Player,BR:0cc/cc/r130c/r115f:2dKs,8sJd|/6hQhKd/7d/5d:230,-230(230.000000)
593:BR,Player:0cc/cc/r19900f:3h4h,5cAs|/3d9cQh/Ah:100,-100(100.000000)
594:Player,BR:0cr200c/cc/r150c/cc:5dAd,5hJd|/7s8c9s/6s/9c:0,-0(37.748801)
595:BR,Player:0r130c/cc/r460f:3s7s,5hQc|/9sThKs/As:230,-230(230.000000)
596:Player,BR:0cr300c/r520c/r1196r4232f:ThJh,9dQd|/2d4d5h/9h:-2116,2116(-2116.000000)
597:BR,Player:0r130c/cc/cr299f:5d9d,6h7h|/4c7dQh/5s:-230,230(-230.000000)
598:Player,BR:0cc/cc/cr200f:8sTd,5h8h|/4s7dQs/As:-100,100(-100.000000)
599:BR,Player:0r130c/cr299c/cr1058f:JcQh,4sTs|/TdTcJh/5d:-529,529(-529.000000)
600:Player,BR:0cc/r130c/r460r1380f:6c8h,5sJd|/9sTdQs/5c:-690,690(-690.000000)
601:BR,Player:0r200c/cc/cr390r1380c/r4140f:8dQd,9sTs|/4sJdAs/Kc/4d:2070,-2070(2070.000000)
602:Player,BR:0cc/cc/cr200c/cr19700f:2h5d,4d7s|/5hQcKh/3d/Kd:-300,300(-300.000000)
603:BR,Player:0cc/cc/r19900f:QhKh,4d7c|/3hTsJc/As:100,-100(100.000000)
604:Player,BR:0cc/cc/cr200f:2s4h,7h9c|/7cQdKh/7s:-100,100(-100.000000)
605:BR,Player:0r300c/cc/r800c/cc:2h7h,9dKh|/2d4hJc/Kd/Ah:-1200,1200(-1200.000000)
606:Player,BR:0cr200c/r390c/r897r3174f:TdAc,7sAh|/3sJsAd/7d:-1587,1587(-1587.000000)
607:BR,Player:0f:2sTc,3s8d|:50,-50(50.000000)
608:Player,BR:0cc/cc/cc/cr200f:3hAd,3dJh|/7h9hKh/5c/7s:-100,100(-100.000000)
609:BR,Player:0r200c/cc/cr150r900f:6dJh,QdAc|/2h4s5d/2d:450,-450(450.000000)
610:Player,BR:0cr300c/r520c/r1196r4232f:3s7s,4s8s|/2h4d5s/Td:-2116,2116(-2116.000000)
611:BR,Player:0r130c/cc/r460r897f:5h9h,3dKd|/2d8hKh/3c:-690,690(-690.000000)
612:Player,BR:0cc/cc/cr200f:4h8h,5sTs|/9sQhAd/Td:-100,100(-100.000000)
613:BR,Player:0r200c/cc/r19700f:AsAd,9sJd|/3c5c7s/Qd:300,-300(300.000000)
614:Player,BR:0cr600c/r910c/r2093f:7d8d,6sAh|/5cJdKh/Td:1610,-1610(1610.000000)
615:BR,Player:0r130c/cc/r19770f:QdAc,7d7c|/ThJdKh/3d:230,-230(230.000000)
616:Player,BR:0cr300c/r520c/cc/cc:9hAs,3c5d|/5hKhAh/Jd/6h:920,-920(-118.436814)
617:BR,Player:0f:TsQd,2s8c|:50,-50(50.000000)
618:Player,BR:0cr300c/cc/cr800f:6c9h,9cTs|/7s9sJh/Qs:-400,400(-400.000000)
619:BR,Player:0r130c/cr299c/cr687r18784f:4sQd,8hQs|/3h6sJh/3d:1216,-1216(1216.000000)
620:Player,BR:0cr200c/cc/r150c/cr900f:6dQd,3d7s|/5s7hKs/9s/As:-450,450(-450.000000)
621:BR,Player:0cc/cr130c/r460c/r1380c:9dJc,9cTd|/2d4sQc/Tc/Kc:2070,-2070(2046.042299)
622:Player,BR:0cc/cc/cc/r130r19770f:3sJd,QdKd|/2s6sTh/3h/Ac:-230,230(-230.000000)
623:BR,Player:0r200c/cr390c/r1380f:5c8c,7cTh|/3cKhKc/Ad:690,-690(690.000000)
624:Player,BR:0cc/cc/r200r600c/cr19100f:5dAh,7d9c|/2c5s9h/9s/Ad:-900,900(-900.000000)
625:BR,Player:0r130c/cr299c/cc/r1058c:9dKc,4h6h|/7sQcAh/9s/4s:1587,-1587(1355.114726)
626:Player,BR:0cc/cc/cr200f:2h4s,7sJc|/JdKsAh/8d:-100,100(-100.000000)
627:BR,Player:0cc/cr130c/cc/cr460c:2dQh,3cAd|/3s5hJs/9c/3h:-690,690(262.383201)
628:Player,BR:0cc/cc/r300c/r1200r3200f:2d5s,3s8h|/6s8sQc/4s/6d:-1600,1600(-1600.000000)
629:BR,Player:0r200c/cr390c/cc/r19310f:4hQs,2hTh|/4s9hTc/8s/Ad:690,-690(690.000000)
630:Player,BR:0cc/cc/cr200c/cc:6sAh,3s9h|/7d8s8d/Qs/Jc:300,-300(300.000000)
631:BR,Player:0r200c/cr390c/cr897c/cr2063c:7cQh,6s9h|/5h7d8d/8c/Kh:-3650,3650(253.595789)
632:Player,BR:0cc/cc/r200f:6s7h,4s4d|/9s9hAh/5s:100,-100(100.000000)
633:BR,Player:0f:5cJd,2d5s|:50,-50(50.000000)
634:Player,BR:0cc/cc/cc/cr200f:2cTd,6d8h|/3h5sJs/As/Qh:-100,100(-100.000000)
635:BR,Player:0f:8hJs,3c6h|:50,-50(50.000000)
636:Player,BR:0cc/cc/cr200r600r1800f:2c8h,4c9s|/2d7sJs/9d:-900,900(-900.000000)
637:BR,Player:0f:5c7h,2d9c|:50,-50(50.000000)
638:Player,BR:0cc/cc/cr200c/cr600c:3d9h,QsQc|/7c8c9c/3c/4d:-900,900(-900.000000)
639:BR,Player:0f:3h7c,2d5h|:50,-50(50.000000)
640:Player,BR:0cr130c/r299c/cc/cc:JsAd,3dAh|/5d9dQd/5c/Tc:529,-529(114.161588)
641:BR,Player:0r130c/cr299c/cr3174r7406f:6cJc,8dJd|/4d8hJh/Ad:3703,-3703(3703.000000)
642:Player,BR:0cc/cc/r130c/r115c:5dKs,4sJh|/8c9cTd/Jc/3d:-345,345(-201.680702)
643:BR,Player:0r130c/cc/cc/cr299r19471f:5h9s,6cKd|/5cQcAc/6s/Qd:529,-529(529.000000)
644:Player,BR:0cr300c/cc/r1200r3200f:4c7c,6hQs|/3cTcAs/Qd:-1600,1600(-1600.000000)
645:BR,Player:0r200c/cr600c/r1800c/cr3510f:JsJd,3sKh|/3d3cTh/Qs/8d:-2700,2700(-2700.000000)
646:Player,BR:0cr200c/r1800c/r2730f:6c8c,7c9c|/8hKsAd/8s:2100,-2100(2100.000000)
647:BR,Player:0r130c/cc/r19770f:3cJh,TdTc|/5s8sKs/7s:230,-230(230.000000)
648:Player,BR:0cc/cc/cr200f:4dTh,4s9c|/5d6s6h/As:-100,100(-100.000000)
649:BR,Player:0cc/cr200c/cc/r600f:KdAc,5dTs|/7s9dJs/3c/Kc:300,-300(300.000000)
650:Player,BR:0cr600c/cc/cc/cc:2sAs,4dJs|/8h9hKh/8c/2h:700,-700(700.000000)
651:BR,Player:0f:4d6s,2d7c|:50,-50(50.000000)
652:Player,BR:0cr300c/cc/cr800c/cr2400c:6sTh,6dJs|/2sTsAh/Qs/6h:3600,-3600(1680.031063)
653:BR,Player:0r200c/cc/r600f:2sAh,JhKs|/5h6c8d/7h:300,-300(300.000000)
654:Player,BR:0cr200c/r390c/r1380r4140f:5sQs,8dAh|/3s7h7d/3d:-2070,2070(-2070.000000)
655:BR,Player:0cc/cr200c/cr390c/cc:TdAs,5hKh|/2h8s9h/9d/Qc:690,-690(547.089371)
656:Player,BR:0cr600c/r4200c/cr15100f:ThQd,7hJh|/4h6c9h/Kd:-4900,4900(-4900.000000)
657:BR,Player:0cc/cc/r200c/r600f:6cKc,4h8d|/5h8s9h/7d/9c:300,-300(300.000000)
658:Player,BR:0cc/cc/r200r600f:2sAc,9sJd|/QdKdAh/9d:-300,300(-300.000000)
659:BR,Player:0r130c/cr299c/r1058c/r3174c:7cAs,KhKc|/4s4d7s/Ac/2h:4761,-4761(1772.176422)
660:Player,BR:0cc/cc/cr200f:4dQd,2cQh|/2s2h7h/Jh:-100,100(-100.000000)
661:BR,Player:0r130c/cr299c/cc/r19471f:8h8c,9dAc|/2c9hTs/Qc/Kd:529,-529(529.000000)
662:Player,BR:0cc/r300c/cr800f:4d9h,7dTs|/2h5hAs/Jc:-400,400(-400.000000)
663:BR,Player:0r130c/cc/cr115r690c/cr1345f:7dAd,6hAh|/4d5s5h/3h/7s:-1035,1035(-1035.000000)
664:Player,BR:0cr200c/r390c/cc/cr1380f:7sKc,6hAc|/3d4d5d/9h/Kd:-690,690(-690.000000)
665:BR,Player:0r130c/cc/cr299r19471f:4d5c,8hKc|/JdKhAh/9c:529,-529(529.000000)
666:Player,BR:0cc/cc/cc/cc:9cJs,5h6c|/5d6dJd/2d/Ah:-100,100(-31.028872)
667:BR,Player:0r130c/cc/cr115c/cc:2hTh,6s6d|/8dTsJd/8h/4d:345,-345(345.000000)
668:Player,BR:0cr200c/cc/cr600f:7sKs,3dAd|/8h9sAh/2d:-300,300(-300.000000)
669:BR,Player:0r130c/cr299c/cc/r1058f:9hKh,6cKd|/3c8d9c/Js/4d:529,-529(529.000000)
670:Player,BR:0cc/cc/r200r600f:2s7c,7dTs|/5d5c9c/8c:-300,300(-300.000000)
671:BR,Player:0r130c/cc/cc/r460f:4cJs,7sQh|/QsKsKh/Ad/As:230,-230(230.000000)
672:Player,BR:0cc/cc/r200c/cr19700f:9sQh,4d8c|/2h3h4s/Ac/3s:-300,300(-300.000000)
673:BR,Player:0r130c/cr460c/r1380f:7s9c,4cQs|/2h5s7d/6h:690,-690(690.000000)
674:Player,BR:0cc/cc/cr200c/cc:4hAc,6h8s|/2s2h8d/5s/Td:-300,300(-143.458291)
675:BR,Player:0r200c/cr900c/r2400f:4s8c,2dJd|/5h7cTd/3h:1200,-1200(1200.000000)
676:Player,BR:0cc/cc/cr200f:3c5d,2sJs|/3sThKd/Jc:-100,100(-100.000000)
677:BR,Player:0cc/cr130c/cc/r460c:7cJs,5hQc|/5d6d7h/Ah/7d:690,-690(627.168534)
678:Player,BR:0cc/cc/cc/cc:6s9c,5dTd|/2h8c9h/Ah/4h:100,-100(92.148637)
679:BR,Player:0r130c/cc/cr299r19471f:3s9s,8dTh|/5s5h7h/2c:529,-529(529.000000)
680:Player,BR:0cc/cc/r130r19770f:8cQs,2sJh|/TsJcKh/9c:-230,230(-230.000000)
681:BR,Player:0r130c/cr460c/cr897f:3hQc,4c6h|/2d5hJd/3c:-690,690(-690.000000)
682:Player,BR:0cc/cc/cr200f:2d3s,9cQd|/5sQhAh/7s:-100,100(-100.000000)
683:BR,Player:0r130c/cr460c/r1380c/r4140f:7s8s,3h5h|/4s6hQc/Th/Jc:2070,-2070(2070.000000)
684:Player,BR:0cc/cc/cc/cc:3s6c,2s9c|/4hKhAh/9s/Qc:-100,100(-45.276958)
685:BR,Player:0r130c/cc/cr115c/cr1035c:6dKh,2s4s|/6c9hQs/8c/8d:1380,-1380(714.975820)
686:Player,BR:0cc/cc/r200c/cc:4s9c,ThKh|/6c7dQs/8d/Jc:-300,300(-183.694772)
687:BR,Player:0f:TdTc,2c8d|:50,-50(50.000000)
688:Player,BR:0cr300c/cc/r200r19400f:2s9c,2c5s|/3h5h5c/2d:-600,600(-600.000000)
689:BR,Player:0r130c/cr299c/r1058f:KhAc,7s8c|/5s5d5c/Qc:529,-529(529.000000)
690:Player,BR:0cc/cc/cr200c/cr19700f:5dKs,7s8h|/3s3dTh/5s/6s:-300,300(-300.000000)
691:BR,Player:0r130c/cc/r19770f:2c4h,7hAd|/5hThQs/3c:230,-230(230.000000)
692:Player,BR:0cr200c/r390c/r2070c/cc:ThJs,JcKs|/8hKhKc/4s/2s:-2760,2760(-2760.000000)
693:BR,Player:0r200c/cr900c/cc/cr3600f:9sAh,5sTs|/4dJcKs/8s/6s:-1200,1200(-1200.000000)
694:Player,BR:0cc/cc/cr200f:ThKc,7hJc|/2h6sJh/4s:-100,100(-100.000000)
695:BR,Player:0r130c/cr299c/cc/cc:2hQs,3sKd|/3c6sJs/2d/6h:-529,529(270.439170)
696:Player,BR:0cc/cc/r130c/r115r690f:7cJs,2s9d|/9hTdJc/Ah/3s:-345,345(-345.000000)
697:BR,Player:0r130c/cr299c/r1058c/r18413f:5sJh,9cJd|/3d8h9h/Td/8c:1587,-1587(1587.000000)
698:Player,BR:0cc/cc/cr19900f:2hAh,JsQd|/4h8d9c/Td:-100,100(-100.000000)
699:BR,Player:0r200c/cr390c/cc/cr345r2070f:QdAc,5d8s|/2h4s9c/8h/6d:1035,-1035(1035.000000)
700:Player,BR:0cc/cc/cc/cr19900f:6dAs,2cQs|/4s8c9c/Kh/Ad:-100,100(-100.000000)
701:BR,Player:0r130c/cr299c/cc/cr1587r17884f:8sAc,6d9s|/6h6cAh/Jh/5d:2116,-2116(2116.000000)
702:Player,BR:0cr300c/r520c/cr19080f:5d9d,4h9h|/2d5cJs/Kd:-920,920(-920.000000)
703:BR,Player:0cc/cc/cc/r200f:6sJh,6dQd|/6h7sKs/5h/Tc:100,-100(100.000000)
704:Player,BR:0cr300c/r520c/r1196c/cr4232f:8s9s,4hJh|/4s7h7c/Ks/6c:-2116,2116(-2116.000000)
705:BR,Player:0r130c/cr299c/cc/r1058f:3s5h,8sQc|/7hTsAs/5d/3h:529,-529(529.000000)
706:Player,BR:0cc/cc/cr200r600r1800f:5d6c,6dKs|/5hJsJh/Jc:-900,900(-900.000000)
707:BR,Player:0r200c/cr390c/cr1380r4140f:TcJh,5hQs|/4h4c6c/Kc:2070,-2070(2070.000000)
708:Player,BR:0cr130c/r460c/cr1380f:4sQs,6cAs|/2d7d8d/4h:-690,690(-690.000000)
709:BR,Player:0r130c/cc/r460c/r19310f:7hAd,5h7s|/9s9hJh/9c/3d:690,-690(690.000000)
710:Player,BR:0cc/cc/cr200c/cc:9cJs,ThKh|/4dQsAs/Qc/Qh:-300,300(43.069756)
711:BR,Player:0r200c/cc/r600f:7d7c,7sAc|/6d9cQh/4d:300,-300(300.000000)
712:Player,BR:0cc/cc/cr200f:6hKc,7dJd|/2d5d9s/2s:-100,100(-100.000000)
713:BR,Player:0r130c/cc/r460f:8dTc,4hQs|/2dThAd/Jc:230,-230(230.000000)
714:Player,BR:0cr600c/cc/cc/cc:ThQh,7sAh|/3hJcKd/Ks/3s:-700,700(-126.866797)
715:BR,Player:0r200c/cc/cr150c/cc:QdAs,4d7c|/4h8h8d/Kd/5h:-450,450(-34.257048)
716:Player,BR:0cc/cc/cr200f:4cTs,3c4s|/5d9sAd/6c:-100,100(-100.000000)
717:BR,Player:0cc/cc/r19900f:3s8d,3dQc|/2c6s6c/7d:100,-100(100.000000)
718:Player,BR:0cc/cc/cr200f:2hAh,8hKd|/7h9cJc/5s:-100,100(-100.000000)
719:BR,Player:0r130c/cc/r19770f:6d7h,8cKc|/4d5sJc/Ac:230,-230(230.000000)
720:Player,BR:0cr600c/cc/r140r1680c/cr5040c:9sQh,2c8h|/2h9cJs/Kc/8s:-7560,7560(-5693.758987)
721:BR,Player:0r130c/cc/cr299r1058f:3d4d,TcQs|/5hTdJs/7h:529,-529(529.000000)
722:Player,BR:0cr200c/r390c/r2070r17240f:4dKd,2d5s|/9cTdAd/4h:-2760,2760(-2760.000000)
723:BR,Player:0cc/cc/r200c/r600f:2sKs,7dAh|/4d9dKd/3h/8h:300,-300(300.000000)
724:Player,BR:0cr300c/cc/cc/r200r1200c:3sTs,8cQd|/6d7hTd/Ks/Qs:-1800,1800(-625.345909)
725:BR,Player:0r130c/cr299c/cr687c/cr1580r5592r11612f:9dJs,8hKh|/5d6h7h/Ac/Th:-8388,8388(-8388.000000)
726:Player,BR:0cr130c/cc/r299r1058f:9sAd,8h8c|/4s6hQh/5c:-529,529(-529.000000)
727:BR,Player:0r130c/cc/r460f:2c5h,7cKh|/ThJdAd/6d:230,-230(230.000000)
728:Player,BR:0cc/cc/cc/r130r19770f:7sKd,3c9s|/ThJcKc/6d/2c:-230,230(-230.000000)
729:BR,Player:0r130c/cc/cc/r19770f:3sTd,7cTs|/7s9hAs/2s/8d:230,-230(230.000000)
730:Player,BR:0cc/cc/cr200f:2c9d,8s8c|/2d3h4s/8h:-100,100(-100.000000)
731:BR,Player:0cc/cc/r200f:9sJh,4dQd|/3sJsAs/3h:100,-100(100.000000)
732:Player,BR:0cc/cc/r200c/r390f:6hAd,6d9s|/8cQcAh/7s/3h:300,-300(300.000000)
733:BR,Player:0r130c/cc/r460c/r1380c:JsKd,8sQc|/8c9hAd/Ts/Jd:-2070,2070(-2070.000000)
734:Player,BR:0cr300c/r520c/cr19080c/cc:QsQh,8s9h|/2d6sQc/2h/9d:20000,-20000(20000.000000)
735:BR,Player:0r130c/cc/cc/r19770f:3s5s,4cAs|/9cTsJc/5h/2s:230,-230(230.000000)
736:Player,BR:0cr1200c/r2600c/cc/cr7800f:3h9h,2d2c|/5h8sQs/Qd/3c:-3900,3900(-3900.000000)
737:BR,Player:0r130c/cr460c/r1380c/r17930f:3d4h,3h9h|/8hJdAh/Ks/7s:2070,-2070(2070.000000)
738:Player,BR:0cr200c/cc/cc/r390f:KsKh,5hQd|/6hTcAc/9c/Jh:300,-300(300.000000)
739:BR,Player:0r130c/cc/r460f:2hJd,4s8s|/6s6dJh/9h:230,-230(230.000000)
740:Player,BR:0cc/cc/cr200f:3sTh,2s8c|/6hKcAd/4s:-100,100(-100.000000)
741:BR,Player:0r200c/cr390c/r1380f:5c6h,ThJc|/4h5hAc/3c:690,-690(690.000000)
742:Player,BR:0cr300c/cc/r520f:TdAh,8hQs|/2c3c4s/Th:400,-400(400.000000)
743:BR,Player:0r130c/cr299c/r19471f:ThAd,4d6h|/5d6sAh/Td:529,-529(529.000000)
744:Player,BR:0cc/cc/cr200f:4dTc,4sKh|/2h7sKs/As:-100,100(-100.000000)
745:BR,Player:0cc/cc/cr130f:5d9d,5c8c|/4hTcKh/6h:-100,100(-100.000000)
746:Player,BR:0cr200c/cc/r150r19550f:6c9s,2s6d|/5d7dTh/Js:-450,450(-450.000000)
747:BR,Player:0r130c/cc/r460f:8s8c,7dJs|/3hTdTc/4s:230,-230(230.000000)
748:Player,BR:0cc/cc/cr200f:2h7h,4sJh|/3h5d6s/7d:-100,100(-100.000000)
749:BR,Player:0r130c/cc/r19770f:8hTc,5cJc|/2h2d3h/5d:230,-230(230.000000)
750:Player,BR:0cc/cc/cc/cr19900f:2hKh,2cTd|/4d6hAc/Qc/Ah:-100,100(-100.000000)
751:BR,Player:0r200c/cr600c/r1800c/r5400f:4sTs,2sJs|/2h7c8c/9s/8s:2700,-2700(2700.000000)
752:Player,BR:0cr300c/cc/r520r1840r3588r12696f:8h9h,8cKc|/5h6d6c/6s:-6348,6348(-6348.000000)
753:BR,Player:0cc/cc/cc/cc:3sTh,6cQc|/9cKdAh/3c/Js:100,-100(11.994662)
754:Player,BR:0cr200c/cc/r390f:QsAd,7cAc|/7hTsJh/9d:300,-300(300.000000)
755:BR,Player:0cc/cc/r200f:2d7s,3s4h|/4d7cTs/6h:100,-100(100.000000)
756:Player,BR:0cr200c/cc/cr600f:KcAd,7sKs|/5h7hJh/6s:-300,300(-300.000000)
757:BR,Player:0f:7sAh,2c3d|:50,-50(50.000000)
758:Player,BR:0cc/cc/r130r460f:4h6d,KsAs|/5h6sAc/Qd:-230,230(-230.000000)
759:BR,Player:0r130c/cc/r460f:2cAs,3c4c|/3s7hKs/8s:230,-230(230.000000)
760:Player,BR:0cc/cc/r200c/cr600r2700c:7dJs,5s5c|/9sTdQh/4s/5h:-3600,3600(-3600.000000)
761:BR,Player:0r130c/cc/cr460r19310f:3hTh,TdQs|/5s7cJd/4h:690,-690(690.000000)
762:Player,BR:0cr300c/cc/r200r1200c/cr18200c:JcQs,4cQh|/4d8dKc/Qc/Ac:-20000,20000(-17181.233823)
763:BR,Player:0r130c/cc/cr115c/cc:7cAc,4sTs|/7h8dTh/6h/Jh:-345,345(-224.094886)
764:Player,BR:0cc/cc/cc/cc:7sKd,TcAc|/2d9cJh/7d/9s:100,-100(-10.909541)
765:BR,Player:0r130c/cr460c/cc/r19310f:ThAc,4dJd|/6c8dTd/Ks/4h:690,-690(690.000000)
766:Player,BR:0cc/cc/cr200c/cc:7dTc,4cKs|/5h9dKc/7s/6d:-300,300(-143.931926)
767:BR,Player:0cc/cc/cc/r19900f:4cKs,2cKh|/3h9sTh/3s/8d:100,-100(100.000000)
768:Player,BR:0cc/cc/cc/cr200f:TdJc,JsKs|/4s8sAh/3c/Qs:-100,100(-100.000000)
769:BR,Player:0r200c/cr390c/cc/cc:5dQh,3cKd|/2h5c7d/8c/Ad:690,-690(318.421893)
770:Player,BR:0cr200c/cc/r600r1800f:8hQd,5h6s|/4h5cTs/Jh:-900,900(-900.000000)
771:BR,Player:0r130c/cc/r19770f:2s2h,5sAh|/3d7d9h/Tc:230,-230(230.000000)
772:Player,BR:0cc/cc/r130r460c/cc:2cJs,4s5c|/2h7dJc/Qh/Ad:690,-690(690.000000)
773:BR,Player:0r130c/cr299c/r1058f:4c5d,6d9h|/4h5c7h/Kh:529,-529(529.000000)
774:Player,BR:0cc/cc/cc/cc:6sQc,6hQs|/5h6d9c/7c/8s:0,-0(6.428586)
775:BR,Player:0r130c/cc/r460f:7hJh,9hJd|/2h4dKd/2s:230,-230(230.000000)
776:Player,BR:0cr300c/cc/cr800f:8hKh,8dKd|/2d4dTh/Qs:-400,400(-400.000000)
777:BR,Player:0r130c/cr299c/r19471f:3c5h,6cAs|/2h6s9d/4c:529,-529(529.000000)
778:Player,BR:0cr200c/cc/r150r900r2700c/r2025c:QdAh,3s6s|/5sQsQc/3d/Ts:-6075,6075(-6075.000000)
779:BR,Player:0cc/cc/r200f:4c6s,4sAd|/3h7d8h/3c:100,-100(100.000000)
780:Player,BR:0cr300c/cc/cr800f:7hAd,4c5h|/3h5dTc/9c:-400,400(-400.000000)
781:BR,Player:0r130c/cc/cc/r19770f:5sAd,3s5d|/5h7dJh/6d/Ks:230,-230(230.000000)
782:Player,BR:0cc/cc/cr200c/cc:7sKd,JcAd|/7hTdQh/Jd/9s:300,-300(-5.185290)
783:BR,Player:0r200c/cc/cc/r600c:2cAh,7sAc|/8s8cJc/9d/As:0,-0(352.846168)
784:Player,BR:0cr300c/cc/r200c/cr1200f:3sTs,7dQs|/JsJcAd/5h/Ks:-600,600(-600.000000)
785:BR,Player:0f:8hKs,2d9c|:50,-50(50.000000)
786:Player,BR:0cc/cc/r130c/r299r19471f:7cJh,4s4h|/7d8sJs/Kc/Tc:-529,529(-529.000000)
787:BR,Player:0r200c/cr390c/r19310f:3h8s,2cKc|/3s3d9c/5h:690,-690(690.000000)
788:Player,BR:0cc/cc/cr200f:4cQs,3cAd|/5hKcAs/Jc:-100,100(-100.000000)
789:BR,Player:0r200c/cc/cr390r19310f:8hAh,4sQh|/6s9hTc/2s:690,-690(690.000000)
790:Player,BR:0cc/cc/cr200f:3dQd,6cJh|/2c6sAc/7c:-100,100(-100.000000)
791:BR,Player:0f:3c9h,4c9d|:50,-50(50.000000)
792:Player,BR:0cc/cc/cr200f:6sJh,5c9s|/TcKsKd/5h:-100,100(-100.000000)
793:BR,Player:0r130c/cr299c/cc/r19471f:2s3d,6s8s|/5sTdKc/Jd/Tc:529,-529(529.000000)
794:Player,BR:0cr200c/cc/cc/cr19700f:5s5d,4sQc|/3h6hAs/Ks/9d:-300,300(-300.000000)
795:BR,Player:0r130c/cr299c/r1058r2063c/cr4745f:8dJs,7hTc|/8s9cJd/6h/4d:-3650,3650(-3650.000000)
796:Player,BR:0cc/cc/cr200r600c/cr1800f:4c8d,9sAd|/2s6h6c/3d/8h:-900,900(-900.000000)
797:BR,Player:0r130c/cr299c/r1058f:5sQd,JhJc|/7dTsKs/Ah:529,-529(529.000000)
798:Player,BR:0cc/cc/cr200c/cc:8hTd,7hKh|/TsJdKs/7d/Js:-300,300(-130.464669)
799:BR,Player:0cc/cc/cc/r19900f:6s8s,2cJh|/9cJcKd/Qd/4s:100,-100(100.000000)
800:Player,BR:0cr300c/cc/cc/cr19600f:7s7h,4hJd|/JhKsAs/2h/3d:-400,400(-400.000000)
801:BR,Player:0r200c/cc/r600f:7c8c,6sTd|/2s7hJc/3d:300,-300(300.000000)
802:Player,BR:0cr200c/cc/cr19700f:6s6d,4s9c|/9hJhAd/7c:-300,300(-300.000000)
803:BR,Player:0r130c/cr690c/cr1196r4232f:3dAd,6sQh|/5hThJd/9c:2116,-2116(2116.000000)
804:Player,BR:0cr200c/cc/r150r19550f:5h6h,5s5c|/5d9sQd/2c:-450,450(-450.000000)
805:BR,Player:0r130c/cc/r19770f:2h7d,6hKc|/5s5dKs/4h:230,-230(230.000000)
806:Player,BR:0cr200c/cc/cc/cr600f:6cKc,2d8d|/JdJcAh/9s/4h:-300,300(-300.000000)
807:BR,Player:0r130c/cc/r460f:KhAs,5c6c|/5s8sAh/Ks:230,-230(230.000000)
808:Player,BR:0cr200c/r390c/cr1380f:ThTc,2h7c|/3d8hAc/Ks:-690,690(-690.000000)
809:BR,Player:0r130c/cc/cc/cc:6h7h,6dKs|/6c8cTc/8h/Kc:-230,230(-105.490450)
810:Player,BR:0cr300c/cc/cr800r1560f:QhQd,2c3c|/JdQsAd/5s:1200,-1200(1200.000000)
811:BR,Player:0r130c/cc/r460c/r1380f:2h7c,TcQd|/3s3d7h/7s/4s:690,-690(690.000000)
812:Player,BR:0cr300c/cc/cc/cr800c:7cJc,2h2d|/4h7d9c/Ac/Kh:1200,-1200(1200.000000)
813:BR,Player:0r130c/cc/r460c/r1380f:JsAd,TdKc|/6sThAh/Qs/9c:690,-690(690.000000)
814:Player,BR:0cc/cc/cr200f:2cAs,4h7c|/5c7h8h/Jh:-100,100(-100.000000)
815:BR,Player:0f:JsAs,3h9d|:50,-50(50.000000)
816:Player,BR:0cc/cc/cr200c/cr600f:2d3h,2c7h|/3c9hKs/7c/4h:-300,300(-300.000000)
817:BR,Player:0r130c/cc/r460f:QcKd,5d7h|/5hQdAh/Tc:230,-230(230.000000)
818:Player,BR:0cr600c/r2100c/cr17200f:KcAd,9hQh|/2d4sKd/3s:-2800,2800(-2800.000000)
819:BR,Player:0r130c/cc/r460r897r3174c/r15239f:ThKh,8sQs|/7cTsQh/4h/9h:4761,-4761(4761.000000)
820:Player,BR:0cc/cc/cr200f:TdQh,3h5s|/3c6cJc/5h:-100,100(-100.000000)
821:BR,Player:0r130c/cr460c/cr1380r4140f:JsAh,6h9h|/3d4h7h/3s:2070,-2070(2070.000000)
822:Player,BR:0cr600c/cc/r2100r17200f:7h9d,2s6c|/4d4c7d/9c:-2800,2800(-2800.000000)
823:BR,Player:0r130c/cc/r460c/r19310f:7dAd,3cJc|/JsKsAc/3h/6h:690,-690(690.000000)
824:Player,BR:0cr300c/r520c/r184r18896f:2cQc,4d6c|/TsAhAc/Qd:-1104,1104(-1104.000000)
825:BR,Player:0r130c/cc/cr299f:5s5d,2hKd|/7h8dAd/Ks:-230,230(-230.000000)
826:Player,BR:0cc/cc/r300c/r200r19400f:8dJc,4s5d|/2s3d5h/8s/Kc:-600,600(-600.000000)
827:BR,Player:0r130c/cr299c/r1058c/r3174f:6hQs,3dAs|/3c6sJd/6c/Ac:1587,-1587(1587.000000)
828:Player,BR:0cr300c/cc/cc/cr19600f:5sAc,4c5c|/9hThKc/3d/7d:-400,400(-400.000000)
829:BR,Player:0r130c/cr299c/cc/cr1058f:2dKd,9hAc|/7cJhAh/Js/2h:-529,529(-529.000000)
830:Player,BR:0cc/cc/r130f:3hKc,3c5s|/8dTdQc/Jh:100,-100(100.000000)
831:BR,Player:0r130c/cr299c/cr687f:3sQh,QdKh|/7s9sTd/4s:-529,529(-529.000000)
832:Player,BR:0cc/cc/r130c/r460c:3c9h,6hKc|/5h6c8h/Jh/Kd:-690,690(-103.959981)
833:BR,Player:0f:3h5h,3c9h|:50,-50(50.000000)
834:Player,BR:0cr300c/cc/r200r1200f:QdAs,7cAc|/3c6hTs/Jh:-600,600(-600.000000)
835:BR,Player:0f:3hAs,2d9h|:50,-50(50.000000)
836:Player,BR:0cc/cc/cr200f:2h7c,4d8d|/4hJcAh/Ad:-100,100(-100.000000)
837:BR,Player:0r130c/cc/r460c/r1380f:JdAh,QcAd|/5s7hTc/Jh/7d:690,-690(690.000000)
838:Player,BR:0cr300c/cc/r200r1200c/cc:2d4d,5c9s|/3c4hAs/Ks/Js:1800,-1800(1800.000000)
839:BR,Player:0r130c/cc/r460c/r19310f:4cAs,5c8d|/4h6cTs/8c/Qh:690,-690(690.000000)
840:Player,BR:0cr300c/r520c/r1196r17884c/cc:3s3c,2s4s|/3h5dAh/8s/Tc:-20000,20000(-16210.443819)
841:BR,Player:0r130c/cr299c/r1058c/r18413f:2hQh,7sJd|/2s8cJh/8h/8s:1587,-1587(1587.000000)
842:Player,BR:0cc/cc/cr200f:4s9h,2h4d|/2dJcKs/3h:-100,100(-100.000000)
843:BR,Player:0r130c/cr299c/cr264f:5dTd,9cKc|/9hKsKh/9d:-529,529(-529.000000)
844:Player,BR:0cc/cc/cc/cr200f:5dTd,5h9c|/2c7hKd/As/7d:-100,100(-100.000000)
845:BR,Player:0r200c/cc/r600f:7dTh,5cJs|/TcAsAc/9h:300,-300(300.000000)
846:Player,BR:0cr300c/cc/cc/r800r18800f:9dTh,6d8h|/2c9hKc/6s/Ks:-1200,1200(-1200.000000)
847:BR,Player:0r130c/cc/r460f:6cKd,QsKh|/2d3s9h/6d:230,-230(230.000000)
848:Player,BR:0cr300c/r520c/r1196r4232f:QsKc,8hQd|/7c8cTh/Qh:-2116,2116(-2116.000000)
849:BR,Player:0cc/cc/r200f:QsQh,3hKh|/6sQdAh/7c:100,-100(100.000000)
850:Player,BR:0cc/cc/cr19900f:2dTh,JhKc|/2h4cKh/Jc:-100,100(-100.000000)
851:BR,Player:0r130c/cc/cc/r19770f:6d6c,7sKc|/4hKhAh/Td/Jc:230,-230(230.000000)
852:Player,BR:0cr300c/cc/cr19600c/cc:5h6h,2dKh|/5c6dAs/6c/6s:20000,-20000(3020.510485)
853:BR,Player:0r130c/cc/r460c/r1380c:JdAc,5dTd|/2s7sTs/Ad/Ah:2070,-2070(2019.818215)
854:Player,BR:0cc/cc/cr200c/cr600f:6c8h,QhAc|/6h7hKh/3h/Js:-300,300(-300.000000)
855:BR,Player:0r200c/cr600c/r19100f:5dTc,4sKd|/5h8sTs/5s:900,-900(900.000000)
856:Player,BR:0cc/cc/cr200r600c/r2700f:TsKc,3dTc|/2c5cKs/Td/7s:900,-900(900.000000)
857:BR,Player:0r130c/cr690c/cc/r19080f:3sQh,6cQs|/4s8cJs/5c/Ad:920,-920(920.000000)
858:Player,BR:0cc/cc/cc/r130r19770f:5sTs,2dKs|/3c6sJh/4c/9d:-230,230(-230.000000)
859:BR,Player:0r200c/cc/cr150r900f:4c5h,6d7d|/7sTsTc/Qh:450,-450(450.000000)
860:Player,BR:0cc/cc/cc/cr200f:4hAd,5d9s|/2hKhKd/Qc/Th:-100,100(-100.000000)
861:BR,Player:0r130c/cc/cr299r19471f:9hAd,4dKs|/TcQcKd/3c:529,-529(529.000000)
862:Player,BR:0cc/cc/r300r800f:9dTh,JdQs|/6h7hJh/2d:-400,400(-400.000000)
863:BR,Player:0f:7sTd,2c5d|:50,-50(50.000000)
864:Player,BR:0cc/cc/cc/cr200f:3hAc,4sKh|/7hJdQc/Th/9d:-100,100(-100.000000)
865:BR,Player:0r130c/cr299c/cc/cr687c:2hKc,6s9h|/3d3c5s/7s/8d:-1216,1216(-92.986508)
866:Player,BR:0cc/cc/r300c/r800c:7hQc,2cAh|/4d9hTd/8c/2s:-1200,1200(-1191.997084)
867:BR,Player:0f:4d6h,2dJh|:50,-50(50.000000)
868:Player,BR:0cc/cc/r130c/cr19770f:2c5s,8sTc|/2h4s4c/Ks/Js:-230,230(-230.000000)
869:BR,Player:0r130c/cc/r460f:ThJc,7s7c|/4d9cJh/3d:230,-230(230.000000)
870:Player,BR:0cr600c/r910c/cc/r322r3864f:QsQh,JdKs|/8s9cJc/Ah/5s:-1932,1932(-1932.000000)
871:BR,Player:0r200c/cr390c/cr1380c/cr2691r15239c:5sQh,6h8h|/5c9sTc/7d/Th:-20000,20000(-20000.000000)
872:Player,BR:0cc/cc/cr200f:4cKh,4hAh|/6hJdQd/Jh:-100,100(-100.000000)
873:BR,Player:0r130c/cr299c/r1058c/r3174c:5s7s,JsQh|/6s6c9d/Qd/2d:-4761,4761(-4761.000000)
874:Player,BR:0cr300c/cc/r800r2400f:TcQh,2c6s|/4d6h7s/3s:-1200,1200(-1200.000000)
875:BR,Player:0r130c/cr299c/cc/r1058r9522f:5d9h,JhQh|/2c7cQc/Jc/Js:-1587,1587(-1587.000000)
876:Player,BR:0cc/cc/cc/cc:7s9d,7dQs|/9sKdAs/Js/6h:100,-100(11.571985)
877:BR,Player:0cc/cc/r200c/r19700f:2cTs,5cQc|/6cTcKs/Qd/Kh:300,-300(300.000000)
878:Player,BR:0cr200c/cc/r150r900f:7sQd,9dTs|/4s7cKd/Th:-450,450(-450.000000)
879:BR,Player:0r130c/cc/r460c/r1380f:2cKc,QcAs|/6cThKs/4d/4c:690,-690(690.000000)
880:Player,BR:0cc/r130c/cc/cc:2c4h,3hKd|/3c5hAd/Jd/6h:230,-230(167.167044)
881:BR,Player:0r130c/cc/r460c/r1380f:6s6h,6dJs|/AsAhAc/5c/2d:690,-690(690.000000)
882:Player,BR:0cr200c/cc/cc/r150c:6d7c,7sAd|/3s5hQd/6s/9c:450,-450(43.725175)
883:BR,Player:0r200c/cc/r600f:3s7s,5cJc|/9hQsAd/2s:300,-300(300.000000)
884:Player,BR:0cc/cc/cr200f:3dTs,5hQs|/6sKhAh/Qc:-100,100(-100.000000)
885:BR,Player:0r130c/cr299c/cc/cr1058c:8sAc,8cAs|/3c6d7s/4h/5c:0,-0(-0.000000)
886:Player,BR:0cc/cc/r130c/r299c:2hJc,3hQd|/5h6dTh/Jd/Js:529,-529(126.303067)
887:BR,Player:0cc/cr200c/r600f:9sKc,5s9h|/2h8sKh/8h:300,-300(300.000000)
888:Player,BR:0cr300c/cc/r520f:2hQh,2d4s|/5dTcQd/Jh:400,-400(400.000000)
889:BR,Player:0r130c/cr690c/r1840f:JdAh,4cQd|/7s7cTs/3d:920,-920(920.000000)
890:Player,BR:0cc/cc/cc/cr200c:5hTc,2hKd|/3hKhAh/9h/4d:300,-300(-110.923169)
891:BR,Player:0r130c/cc/r460f:JsKd,TsAs|/2d5dJh/8d:230,-230(230.000000)
892:Player,BR:0cr600c/cc/r1400r4200f:5h7s,7d8s|/8dKhAs/4s:-2100,2100(-2100.000000)
893:BR,Player:0r130c/cc/cc/r19770f:TdAh,5cQc|/TcQhKs/2d/7d:230,-230(230.000000)
894:Player,BR:0cr300c/cc/r200r1200f:6h9c,JdQd|/8cQsKc/Kd:-600,600(-600.000000)
895:BR,Player:0r200c/cr390c/cr1380r4140r13790f:6cJd,5hAh|/2s3h6h/Qh:-6210,6210(-6210.000000)
896:Player,BR:0cr300c/cc/r200f:KdAc,5d7h|/6h6cTh/Qs:400,-400(400.000000)
897:BR,Player:0r200c/cc/cc/cc:JdQh,5sAh|/3s6sKs/8h/7c:-300,300(-295.773304)
898:Player,BR:0cc/cc/cc/cc:5dAh,8cTc|/3hJhKd/4h/2h:100,-100(98.626034)
899:BR,Player:0r200c/cc/r600c/cr2700f:8hJh,QcKs|/3s5dAc/Jd/Tc:-900,900(-900.000000)
900:Player,BR:0cr1200c/r1690c/r5980r11030f:3h6h,8sAd|/4d7cAs/8d:-8970,8970(-8970.000000)
901:BR,Player:0r130c/cr299c/cc/r1058f:4s9d,3sJs|/3d7hQd/6s/5c:529,-529(529.000000)
902:Player,BR:0cc/cc/cr200c/cr600f:6h9d,3h5c|/2d3c9s/Kc/Ac:-300,300(-300.000000)
903:BR,Player:0r130c/cc/r460f:6hKs,6sAh|/2c4dKc/9s:230,-230(230.000000)
904:Player,BR:0cr200c/r390c/r2070r5520f:4s6c,2cAs|/2s5d5c/Kh:-2760,2760(-2760.000000)
905:BR,Player:0r130c/cr299c/r1058c/r18413f:3d7d,JcQh|/2sThJd/Ac/Ts:1587,-1587(1587.000000)
906:Player,BR:0cc/cc/cr200f:4cTc,7c9d|/JsJhAd/7s:-100,100(-100.000000)
907:BR,Player:0r130c/cc/cc/cc:2sAh,9hAd|/TdQcKc/Qh/2d:230,-230(96.498248)
908:Player,BR:0cc/cc/cc/cr200f:8hKc,4cAh|/5cJsQh/3h/Jd:-100,100(-100.000000)
909:BR,Player:0r130c/cr299c/cc/cc:9cKs,6cTc|/9dJdAd/Qc/Qh:529,-529(481.873069)
910:Player,BR:0cr200c/r390c/r897c/r793f:3d7d,4dQh|/4hKhKd/2d/Kc:1587,-1587(1587.000000)
911:BR,Player:0cc/cr130c/r460f:2s4d,3s4c|/3cJhJc/9s:230,-230(230.000000)
912:Player,BR:0cc/cc/cr200f:3s8d,4h7c|/7hTsQh/6c:-100,100(-100.000000)
913:BR,Player:0r200c/cc/cc/r19700f:6c9h,5c7s|/5d8cQd/Ac/Ah:300,-300(300.000000)
914:Player,BR:0cc/cc/cr200c/cc:7s9c,TdAd|/7cThQc/8d/Jc:300,-300(-65.628518)
915:BR,Player:0r130c/cc/r460f:JhQc,8cAh|/2c7sQd/4d:230,-230(230.000000)
916:Player,BR:0cc/cc/cr200f:4h9c,4d6d|/2s5s8s/Ad:-100,100(-100.000000)
917:BR,Player:0r130c/cc/cc/r460c:QcKh,JsQh|/3s3dTh/Tc/2s:690,-690(303.788386)
918:Player,BR:0cc/cc/r130c/r299f:4cJc,2dAd|/3s5dJs/Jh/7c:230,-230(230.000000)
919:BR,Player:0r130c/cr460c/r1380f:7dQh,2c3c|/5c8dTs/Js:690,-690(690.000000)
920:Player,BR:0cc/cc/cc/cr19900f:2s7d,6hKd|/3d8hQs/4d/Ad:-100,100(-100.000000)
921:BR,Player:0r130c/cc/r460f:TdAd,2cQc|/5h7dTh/4c:230,-230(230.000000)
922:Player,BR:0cr300c/cc/r1200r3200c/cc:ThKd,TdJs|/2c9sJd/Qd/5h:4800,-4800(816.751438)
923:BR,Player:0cc/cc/r19900f:QdAh,5s7d|/2s4dAc/Ad:100,-100(100.000000)
924:Player,BR:0cr300c/cc/cr800f:8sQs,7cKd|/3h4d7d/Jd:-400,400(-400.000000)
925:BR,Player:0r130c/cc/cc/r19770f:9hTs,QcAs|/4c6d8c/Kc/Ad:230,-230(230.000000)
926:Player,BR:0cc/cc/cr200r600c/r180r2160c:7hAc,6sQs|/7dTdJs/As/4s:-3240,3240(-3240.000000)
927:BR,Player:0cc/cc/r200c/r19700f:8hJh,4d9h|/4s8sQs/Jd/Qd:300,-300(300.000000)
928:Player,BR:0cc/cc/cc/cr19900f:3sTc,4sAs|/5hJhKs/6d/Qh:-100,100(-100.000000)
929:BR,Player:0r130c/cc/r460r897r3174c/r15239f:TcAh,7sTh|/5sTsTd/8s/As:4761,-4761(4761.000000)
930:Player,BR:0cr130c/cc/r299r19471f:7hKh,7cTd|/4c5h9s/Kd:-529,529(-529.000000)
931:BR,Player:0r130c/cc/cr115r19655f:3hTs,8sKs|/5d7dAh/3s:345,-345(345.000000)
932:Player,BR:0cc/cc/cr200f:5s8d,5cJc|/5h6sTh/Js:-100,100(-100.000000)
933:BR,Player:0cc/cc/cc/r200r390r19310f:5s7c,5dTs|/3hThKs/6s/Td:690,-690(690.000000)
934:Player,BR:0cr300c/cc/r200r1200c/r900f:5s8h,2c7h|/3d4hJh/5h/Qh:1800,-1800(1800.000000)
935:BR,Player:0cc/cr130c/cr460c/cr2070r17240f:6sJd,5hJh|/5s5d8s/7h/Kc:2760,-2760(2760.000000)
936:Player,BR:0cr300c/cc/cr800c/cr2400c:6hTh,4h5h|/4c5s6d/Kd/3s:-3600,3600(-741.273311)
937:BR,Player:0r200c/cr390c/cr897r3174f:2d4d,5sQc|/4hTsJd/Ks:1587,-1587(1587.000000)
938:Player,BR:0cc/cc/r130c/r460c:3d6h,5dTc|/2c5s8d/7h/Kd:-690,690(-537.405500)
939:BR,Player:0r200c/cr900c/r18800f:ThQd,2hKc|/4c9hJc/Ac:1200,-1200(1200.000000)
940:Player,BR:0cr200c/cc/cr600c/cr1800r8100f:8cQc,QhAd|/2c9cTh/8s/Jc:2700,-2700(2700.000000)
941:BR,Player:0r200c/cr390c/cr1380f:3d6d,9dJc|/3h8d9c/2h:-690,690(-690.000000)
942:Player,BR:0cc/cc/cr200f:5dQc,8hAd|/2dJsAs/8s:-100,100(-100.000000)
943:BR,Player:0r130c/cr299c/r1058f:5d5c,2hJh|/4h6d7d/2d:529,-529(529.000000)
944:Player,BR:0cr300c/cc/cc/cc:9sAh,4h7h|/2d5cJs/Kd/8h:400,-400(400.000000)
945:BR,Player:0r130c/cr690c/cr1840f:4c5h,TcJh|/2dQsAc/Kh:-920,920(-920.000000)
946:Player,BR:0cr600c/r2100c/r3640r12880r680f:4s4h,6cAs|/4c8s9c/3d:19320,-19320(19320.000000)
947:BR,Player:0r130c/cr460c/cr345r18965f:7dJc,4h4d|/4s8sAd/6s:1035,-1035(1035.000000)
948:Player,BR:0cc/r200c/cr600r1800f:JcKh,7sJd|/9cTdQh/3h:900,-900(900.000000)
949:BR,Player:0r130c/cr299c/cr687r2432f:3hJs,3sKs|/7dJhKd/8c:1216,-1216(1216.000000)
950:Player,BR:0cr600c/r1400c/cc/cr4200f:2h3d,3sJd|/3c5h8c/Kc/6s:-2100,2100(-2100.000000)
951:BR,Player:0r130c/cr299c/r1058f:JsKd,2s6s|/4h8cJc/7h:529,-529(529.000000)
952:Player,BR:0cc/cc/cc/cr200r600r19100f:4dTh,2hAh|/3c7sQd/Tc/Td:-900,900(-900.000000)
953:BR,Player:0r130c/cc/cr460r19310c/cc:2dTh,2h7h|/7s7d9c/3s/Kh:-20000,20000(-20000.000000)
954:Player,BR:0cr300c/r520c/cr1840f:5c7c,9hJs|/4h8cKh/Th:-920,920(-920.000000)
955:BR,Player:0r200c/cr900c/cr3600r9600f:7hKs,3d5s|/4h6cTs/Jd:4800,-4800(4800.000000)
956:Player,BR:0cr300c/cc/cr800f:QsAd,5dAc|/2h9cJh/8d:-400,400(-400.000000)
957:BR,Player:0r200c/cr390c/r19310f:5s5d,2c7c|/2s5c9d/Tc:690,-690(690.000000)
958:Player,BR:0cr300c/cc/r200r1200f:TcKc,7sKs|/3d4c6d/2s:-600,600(-600.000000)
959:BR,Player:0r130c/cc/r460f:8cKd,QsKc|/3h7dJs/4s:230,-230(230.000000)
960:Player,BR:0cc/cc/cr200c/cr600c:8hQc,TsTc|/6c7s7h/Qd/7d:900,-900(-136.373432)
961:BR,Player:0f:JdJc,3s8h|:50,-50(50.000000)
962:Player,BR:0cc/cc/cc/cr200f:4cTs,5s7c|/3dJsKc/8d/Ac:-100,100(-100.000000)
963:BR,Player:0f:6cQs,2hTc|:50,-50(50.000000)
964:Player,BR:0cc/cc/cr200c/cr600c:5dQd,6hQh|/8hQsKh/Qc/2s:0,-0(-861.433562)
965:BR,Player:0r130c/cc/r460c/cc:8dJs,4s6h|/2d4d7h/5s/Jd:690,-690(690.000000)
966:Player,BR:0cc/cc/cc/cc:2hJs,ThKs|/4d8dJc/8s/Ts:100,-100(-82.352259)
967:BR,Player:0r130c/cr299c/cr687f:3h6c,6h8h|/QsQhKh/Jd:-529,529(-529.000000)
968:Player,BR:0cc/cc/r130c/r115r19655f:5s7d,7cTh|/2d5d7s/9s/3h:-345,345(-345.000000)
969:BR,Player:0r200c/cc/r600f:8h9d,5sJd|/3cAdAc/6h:300,-300(300.000000)
970:Player,BR:0cr200c/cc/r150r900c/r270c:6s9c,6c8c|/6h6dJh/Ks/5s:0,-0(-1450.954932)
971:BR,Player:0r130c/cc/r460c/r19310f:4hTc,7h9c|/3d7sTh/As/Kh:690,-690(690.000000)
972:Player,BR:0cr200c/cc/cr600f:4d4c,3dKc|/3c5hQh/Kh:-300,300(-300.000000)
973:BR,Player:0r130c/cr299c/r1058f:2cJd,8hQc|/2s3dAh/Kd:529,-529(529.000000)
974:Player,BR:0cc/cc/r200r600c/cr19100f:3h5d,2d3s|/4dKsKh/5s/7d:-900,900(-900.000000)
975:BR,Player:0r130c/cr299c/cc/r19471f:4c5d,6cTc|/8sTsAc/Js/Kh:529,-529(529.000000)
976:Player,BR:0cc/cc/cr200f:3s9d,8hAd|/5c8dQs/4s:-100,100(-100.000000)
977:BR,Player:0r130c/cr299c/cc/r19471f:2sQs,KdAs|/6dThJc/6c/5s:529,-529(529.000000)
978:Player,BR:0cc/cc/cr200f:4dTs,2c7c|/2d8h8d/3s:-100,100(-100.000000)
979:BR,Player:0r130c/cr299c/cr687f:9dAh,8sKc|/4h8cKs/Kh:-529,529(-529.000000)
980:Player,BR:0cc/cc/cr200f:2h8s,3h5h|/5dTcKh/3c:-100,100(-100.000000)
981:BR,Player:0r130c/cc/cc/r19770f:7h8s,TcAd|/3s6cQd/2d/Ac:230,-230(230.000000)
982:Player,BR:0cc/cc/r130r460c/cr19310c:4cQh,KsAc|/2h4hQc/8h/8c:20000,-20000(20000.000000)
983:BR,Player:0cc/cc/cc/r19900f:3cAh,4hAd|/5d7s8s/8c/Qc:100,-100(100.000000)
984:Player,BR:0cc/cc/r200c/cc:4h9h,4cTc|/2d6cJs/5s/Jd:-300,300(-89.059159)
985:BR,Player:0r300c/cc/r800f:4cAh,5dTh|/3cTcQd/2c:400,-400(400.000000)
986:Player,BR:0cc/cc/cr19900f:3hJs,9h9c|/9dThAd/Td:-100,100(-100.000000)
987:BR,Player:0r130c/cc/r460f:3h7h,4h4d|/8cQhAh/Kh:230,-230(230.000000)
988:Player,BR:0cr300c/cc/r520r1840f:2dTd,6s7h|/3h5cQc/6d:-920,920(-920.000000)
989:BR,Player:0r200c/cc/r600f:8sJd,8hAd|/5c6h6c/Jh:300,-300(300.000000)
990:Player,BR:0cr600c/cc/r140c/cr19160f:JcAh,ThQd|/3d4sKh/8s/6h:-840,840(-840.000000)
991:BR,Player:0r130c/cr299c/cc/cc:2c7c,5sAc|/6s8dQs/7d/6d:529,-529(212.866149)
992:Player,BR:0cr300c/cc/cr800c/cr18800f:AdAc,3d7h|/3c5hKh/Kc/9s:-1200,1200(-1200.000000)
993:BR,Player:0f:2s3h,2h3s|:50,-50(50.000000)
994:Player,BR:0cc/cc/cr200c/cr19700f:3hQd,4cTc|/9cJdKh/3c/2h:-300,300(-300.000000)
995:BR,Player:0r200c/cc/cc/cc:TsJc,8sKd|/2d2cAc/Th/7s:300,-300(300.000000)
996:Player,BR:0cr130c/cc/r299f:8hTd,7d9h|/4dQhAd/Qs:230,-230(230.000000)
997:BR,Player:0r300c/cc/r800f:TsQd,4sJc|/3sJdQh/9d:400,-400(400.000000)
998:Player,BR:0cr130c/cc/r115r19655f:TsAd,9sKd|/6s9dJc/9c:-345,345(-345.000000)
999:BR,Player:0r130c/cr299c/cc/cc:5dJs,5sKc|/2h4d5c/Ts/Qs:-529,529(252.954639)
1000:Player,BR:0cc/cc/cc/cr200f:2sAh,6sTd|/4sQsKh/5d/6d:-100,100(-100.000000)
RAW BR STATS: n=1000, sum=406429.000000, sum_sq=7885101219.000000, vr_sum=438402.869515, vr_sum_sq=6119815889.261880
BR STATS: 406.429000(172.211591), 438.402870(150.902420)
RESULTS
1)BR: 406429
2)Player: -406429
