In config file: GAME_DEF=game_def.fullholdem
In config file: ACTIONS_R0=F,C
In config file: ACTIONS_R1=F,C
In config file: ACTIONS_R2=F,C
In config file: ACTIONS_R3=F,C
Loading player: rgbr_nl_cprg.so
Player args: /home/viliam/cprg/project_uoapoker/trunk/src/c/meta_player.so /home/viliam/cprg/project_uoapoker/trunk/src/c/acpc14.map
Using seed 16.
1:BR,Player:0r130c/cc/cc/cr299f:3d4s,3c4c|/6cThJc/Ks/Td:-230,230(-230.000000)
2:Player,BR:0cc/cc/cc/r130f:5h8d,5dAh|/4sTdQh/8s/Qd:100,-100(100.000000)
3:BR,Player:0r130c/cr460c/cr1380c/cc:3cKc,6c8d|/5s9cJc/9s/5c:2070,-2070(2070.000000)
4:Player,BR:0cr300c/cc/r200c/cc:2s3s,6s7d|/4c6c8h/7h/2d:-600,600(-504.271604)
5:BR,Player:0cc/cr130c/cr299c/cr687c:4hTd,9dJs|/9hJdKh/Ks/Kd:-1216,1216(385.899119)
6:Player,BR:0cr200c/cc/r150c/cc:QcAh,3s3h|/2d4s8s/5d/9d:-450,450(-172.875090)
7:BR,Player:0r200c/cc/cc/cc:2hAs,3s3c|/7c8sQc/Jd/7h:-300,300(-142.243507)
8:Player,BR:0cr130c/r1380f:TdAh,8sKd|/2h6sTh:230,-230(230.000000)
9:BR,Player:0f:7cJs,3s7d|:50,-50(50.000000)
10:Player,BR:0cr130c/cc/cc/r299c:8h9h,2sKs|/7d9cKd/4h/6h:-529,529(-235.436432)
11:BR,Player:0cc/cc/cc/cr130f:2h4s,4d6h|/3c8sJs/Th/6c:-100,100(-100.000000)
12:Player,BR:0cr1200c/cc/cc/cc:3c9c,6hJh|/3s4h6c/2s/Ks:-1300,1300(-1230.388726)
13:BR,Player:0cc/cc/cr200f:3c6d,7sAd|/8d9hAh/Qc:-100,100(-100.000000)
14:Player,BR:0cc/cc/cc/cc:3c9s,9dQc|/9hTdKs/4d/Jc:-100,100(-91.773865)
15:BR,Player:0r200c/cc/cr390c/cc:3d7h,3hQc|/7c8s9d/8d/2d:690,-690(157.048587)
16:Player,BR:0cc/cc/r130f:7dKc,2s8d|/5sJsJd/7c:100,-100(100.000000)
17:BR,Player:0r130c/cc/cr299c/cc:7s9c,9sTh|/7d9dKd/6c/As:529,-529(529.000000)
18:Player,BR:0cr300f:9hAd,4c8h|:100,-100(100.000000)
19:BR,Player:0r200c/cr390c/cr1380c/cr2691c:TdQd,9hJd|/3d8sTh/Qs/Qh:4761,-4761(4580.150994)
20:Player,BR:0cc/cc/cc/cc:6hJc,3h7h|/5sTsTc/5h/4h:100,-100(70.770930)
21:BR,Player:0cc/cr130c/cr115c/cc:6d7s,3hQc|/6c7dKs/Qh/5s:345,-345(345.000000)
22:Player,BR:0cc/cc/r130c/cc:4s9h,QsAd|/2sJsAc/6h/Jc:-230,230(-156.086112)
23:BR,Player:0r130c/cr299c/cc/cc:TsKd,4hTd|/2d3s4s/8d/9h:-529,529(-242.441736)
24:Player,BR:0cc/cc/cc/cc:3cQh,7sAs|/6cKcAc/9s/8s:-100,100(-92.780592)
25:BR,Player:0r200f:2s7h,5cTc|:-100,100(-100.000000)
26:Player,BR:0cc/cc/r130c/cc:3dJc,5dQh|/8c9cKh/Qc/8h:-230,230(-220.895960)
27:BR,Player:0r130c/cc/cr460c/cr897f:4dAs,8cKc|/TsQcKh/6c/4s:-690,690(-690.000000)
28:Player,BR:0cr130c/r460f:JsQs,7dQc|/5s8s9h:230,-230(230.000000)
29:BR,Player:0r130c/cr299c/cr1058c/cc:5cQh,8s8d|/2s6d7h/4d/8c:1587,-1587(1587.000000)
30:Player,BR:0cr300f:5cQh,4s9c|:100,-100(100.000000)
31:BR,Player:0r130c/cc/cr299c/cc:3h5c,ThTd|/5d9cQd/7d/6c:-529,529(-353.632061)
32:Player,BR:0cr200c/cc/r150f:ThTc,5sQh|/4h9sKd/8h:300,-300(300.000000)
33:BR,Player:0f:6dAs,2s6h|:50,-50(50.000000)
34:Player,BR:0cr600f:9hJs,2s9c|:100,-100(100.000000)
35:BR,Player:0r200c/cc/cc/cc:JcQc,5d6h|/5hTsAs/Kd/7d:300,-300(300.000000)
36:Player,BR:0cc/cc/r200c/r150f:4h9d,JhAc|/2hQsQh/4d/6c:300,-300(300.000000)
37:BR,Player:0r200c/cc/cc/cr390f:7d9c,4cTc|/ThQhAd/2d/5s:-300,300(-300.000000)
38:Player,BR:0cc/cc/r130c/r460c:3sTc,7cTh|/6h7sQs/5s/9h:-690,690(-608.749708)
39:BR,Player:0f:5h6s,3sTc|:50,-50(50.000000)
40:Player,BR:0cc/cc/r130c/r299c:6sTs,JsAs|/2h5dAc/3d/Kc:-529,529(-443.958653)
41:BR,Player:0r130c/cc/cr299c/cc:7s9c,TcJd|/8hThKd/9h/Ac:-529,529(59.381665)
42:Player,BR:0cr200c/cc/cc/cc:2dAd,8dKs|/6cThQd/7c/2h:300,-300(300.000000)
43:BR,Player:0r130c/cr299c/cc/cc:AhAd,8hQs|/2d4hJd/4d/6h:529,-529(529.000000)
44:Player,BR:0cr300c/cc/r200c/r780c:AhAc,JhJd|/5sKhKc/9c/9s:1380,-1380(466.251685)
45:BR,Player:0r200c/cc/cr390f:3hQc,7cQs|/2s7dJc/4d:-300,300(-300.000000)
46:Player,BR:0cr300f:9h9d,2h3d|:100,-100(100.000000)
47:BR,Player:0r200c/cr600c/cc/cc:6d9c,6hKd|/7s8c9h/3d/4s:900,-900(900.000000)
48:Player,BR:0cr200f:QsQh,2d5c|:100,-100(100.000000)
49:BR,Player:0r130c/cr299c/cc/cc:8sAc,5hTh|/3h6hQs/Kd/Kc:529,-529(134.938578)
50:Player,BR:0cc/r200c/cc/r390c:3s7c,AhAd|/3d5sAs/3c/2d:-690,690(-690.000000)
51:BR,Player:0f:TcAs,2h6d|:50,-50(50.000000)
52:Player,BR:0cc/r130c/r690f:9hKc,5cQc|/9dKhAd/9s:230,-230(230.000000)
53:BR,Player:0r130c/cc/cc/cc:6hJc,6dQh|/2s4s5d/2c/2h:-230,230(-230.000000)
54:Player,BR:0cc/cc/cc/cc:TcQh,3dKc|/6hAdAc/5s/6c:-100,100(-88.128250)
55:BR,Player:0r130c/cr299c/cr1587c/cc:QcKc,TdAh|/3d7sAc/8c/2d:-2116,2116(-646.788306)
56:Player,BR:0cr200c/cc/r600f:6d7s,3cQd|/5h8hJs/9h:300,-300(300.000000)
57:BR,Player:0r200c/cc/cr390f:3d5c,QcKd|/9cKsAc/As:-300,300(-300.000000)
58:Player,BR:0cr300c/cc/r520c/cc:8cTs,4h4c|/2s5hTd/3d/8d:920,-920(-314.884500)
59:BR,Player:0r130c/cc/cr299f:2s7h,2dJd|/3d6h6c/3c:-230,230(-230.000000)
60:Player,BR:0cc/cc/cc/cc:5s9d,6sTs|/6cQhKc/Th/Ac:-100,100(-86.845755)
61:BR,Player:0cc/cc/cc/cc:2hJs,3cQd|/6hKsAs/Kh/Tc:-100,100(-46.056794)
62:Player,BR:0cr200c/cc/r150c/cc:QhAh,KdAd|/2h9sJc/9c/8s:-450,450(104.207705)
63:BR,Player:0r200c/cc/cc/cr390c:QcKh,9sTc|/2sJsKd/3c/As:690,-690(336.472139)
64:Player,BR:0cc/cc/cc/r130c:4h7c,2dQs|/4s5h7s/Ks/Qd:230,-230(-87.050168)
65:BR,Player:0r130c/cr299c/cc/cc:3dQc,2h3h|/2c8sKc/7d/Kd:-529,529(-157.013564)
66:Player,BR:0cr300c/cc/cc/cc:QsKd,8cJd|/4h9sAc/3d/5d:400,-400(400.000000)
67:BR,Player:0cc/cr130c/cr299c/cc:4dAc,2cKh|/4h5sKd/7d/8c:-529,529(-317.946803)
68:Player,BR:0cc/cc/cc/cc:2d5c,2c4c|/7cQsAh/6h/4s:-100,100(-21.651079)
69:BR,Player:0f:2sJs,2c3s|:50,-50(50.000000)
70:Player,BR:0cc/cc/r130c/cc:2hKd,4s7c|/2d7hKh/4h/2s:230,-230(-193.553876)
71:BR,Player:0f:8sQc,2h6d|:50,-50(50.000000)
72:Player,BR:0cc/cc/cc/r300c:3cTs,2cTd|/2h8h9s/9c/4c:-400,400(-249.718185)
73:BR,Player:0r130c/cr299c/cr1058c/cr2063f:4hAs,8hQc|/6cJsQh/Qd/Kc:-1587,1587(-1587.000000)
74:Player,BR:0cc/cc/r130c/cc:7h9d,4hTh|/3cJsKh/2h/Qc:-230,230(134.488685)
75:BR,Player:0r130c/cc/cc/cr299c:8hJc,5sAd|/2s2c6s/Qs/Ts:-529,529(-215.345185)
76:Player,BR:0cc/cc/cc/cc:3dAh,7hQh|/8hQsKs/8c/9c:-100,100(-65.014177)
77:BR,Player:0r130c/cc/cr115c/cc:9dKc,2cAd|/8cTsQc/2h/3h:-345,345(-196.260139)
78:Player,BR:0cc/cc/cc/r130c:5s9h,KsAd|/4h9sAs/4c/Qs:-230,230(-197.074438)
79:BR,Player:0r130c/cc/cc/cr299c:3cAh,8sKs|/2d7dJc/Qc/6d:529,-529(-166.628138)
80:Player,BR:0cr300c/cc/r200c/r780f:5hKh,6dAs|/8dQhKd/Jd/2c:600,-600(600.000000)
81:BR,Player:0cc/cc/cr200c/cc:6d7d,2dJh|/5d7h9s/6s/7s:300,-300(300.000000)
82:Player,BR:0cc/cc/cc/cc:4dTc,5sQh|/3hQcAd/4h/6d:-100,100(-76.340706)
83:BR,Player:0r130c/cr299c/cc/cc:4s7d,5hAc|/4h8dKs/5d/Tc:-529,529(-342.943860)
84:Player,BR:0cc/cc/cc/r130c:3hJs,JdKc|/2s6dQh/8h/4d:-230,230(99.658536)
85:BR,Player:0r130c/cc/cc/cr299f:3sKc,5c8d|/8sTdAd/Ac/5h:-230,230(-230.000000)
86:Player,BR:0cr130c/r299c/cc/cc:7d9d,TcJs|/4d5hQh/2s/Td:-529,529(-453.389111)
87:BR,Player:0r130c/cr460f:2s8d,5cAh|/5h5dKd:-230,230(-230.000000)
88:Player,BR:0cc/cc/r300c/r1200c:2d7d,5cQs|/2cJdAs/7c/4d:1600,-1600(-420.836337)
89:BR,Player:0r130c/cr299c/cc/cr687f:2s9h,5dJc|/2c3cQc/9c/5h:-529,529(-529.000000)
90:Player,BR:0cc/cc/cc/cc:5s7c,2cKc|/QcKhAd/5h/6s:-100,100(-79.973055)
91:BR,Player:0r200c/cr600f:4cTd,6h7d|/5s8dQh:-300,300(-300.000000)
92:Player,BR:0cc/cc/r300c/r1200c:2sQd,9dAh|/2cThQc/3h/2d:1600,-1600(-105.982067)
93:BR,Player:0r130c/cr460c/cr897c/cc:9hJd,TsKs|/7d8sJh/6s/6d:1587,-1587(629.097665)
94:Player,BR:0cc/cc/cc/cc:4c9h,3d9d|/5cJcKc/Jd/2s:0,-0(65.648571)
95:BR,Player:0cc/cr130f:4d7c,3h6s|/2h8hKc:-100,100(-100.000000)
96:Player,BR:0cr600c/cc/r140c/r168f:6d7d,9sTs|/4d7hAs/5s/2c:840,-840(840.000000)
97:BR,Player:0r130c/cr299c/cc/cc:5hAc,6c8h|/4h4dKc/Qc/2c:529,-529(172.961642)
98:Player,BR:0cc/cc/r200f:7cAh,6cTd|/2cKhAc/3s:100,-100(100.000000)
99:BR,Player:0f:3sQh,2c8d|:50,-50(50.000000)
100:Player,BR:0cr200c/cc/r150c/cc:8s8h,KdAh|/3dTsAd/Js/6d:-450,450(-317.356090)
101:BR,Player:0r130c/cr460c/cc/cc:6d9c,8hAd|/5d6hJh/6s/Jd:690,-690(690.000000)
102:Player,BR:0cr600c/cc/cc/cc:8hAh,JhKh|/2s9dJs/3s/6s:-700,700(-388.750230)
103:BR,Player:0r130c/cc/cr115f:3hJh,5d9s|/5c8cKc/Ks:-230,230(-230.000000)
104:Player,BR:0cr300f:4d8d,3d9s|:100,-100(100.000000)
105:BR,Player:0r200c/cc/cr150c/cr585f:2d8d,7hTd|/4cQhQd/Tc/8s:-450,450(-450.000000)
106:Player,BR:0cr200c/cc/cc/r390c:5hKs,JsJc|/9hQhQd/4d/7c:-690,690(-505.709413)
107:BR,Player:0r130c/cr299c/cc/cc:3hTc,7cKs|/2h2d7s/9h/Ac:-529,529(-503.781268)
108:Player,BR:0cc/cc/cc/r130c:5sKs,5cKd|/2s5hAc/8h/6d:0,-0(-10.689188)
109:BR,Player:0r130c/cr299f:3d6d,KhAc|/7s7hJd:-230,230(-230.000000)
110:Player,BR:0cr1200c/cc/r1690c/r3887f:3c9c,7cAh|/5d9dQc/4c/2c:2990,-2990(2990.000000)
111:BR,Player:0r130c/cr299f:2c8s,JdKh|/6sThJs:-230,230(-230.000000)
112:Player,BR:0cc/cc/cc/cc:7dQh,9sKh|/4s9hAs/Jh/Jc:-100,100(-83.640020)
113:BR,Player:0r130c/cc/cr299c/cc:9hKh,9dTs|/TdQdKc/3d/As:529,-529(156.555159)
114:Player,BR:0cc/cc/cc/cc:9cJh,4c6c|/2h7hAs/7d/6d:-100,100(-76.154988)
115:BR,Player:0cc/cr130c/cc/cr690c:QhQd,7hKs|/2d3h6s/4s/Td:920,-920(920.000000)
116:Player,BR:0cr300c/r800c/r2400f:2s2h,7h7c|/JsJdKh/2c:1200,-1200(1200.000000)
117:BR,Player:0r130c/cc/cr460f:4s9c,TdAh|/2cThJh/7h:-230,230(-230.000000)
118:Player,BR:0cr130c/cc/r115c/r690c:8hTh,5c8s|/8d8cAd/Ts/Ac:0,-0(-970.955067)
119:BR,Player:0r200f:2d6s,9dAc|:-100,100(-100.000000)
120:Player,BR:0cr130c/cc/r460f:8cJh,7cQd|/2c3dJs/4s:230,-230(230.000000)
121:BR,Player:0r130c/cc/cc/cc:5hQc,5dAc|/4d6cJh/8h/6d:-230,230(-230.000000)
122:Player,BR:0cc/cc/cc/r130c:2c5h,6c7h|/TdJsKc/3c/6d:-230,230(5.591231)
123:BR,Player:0r200c/cr390c/cc/cc:3hKd,3dKs|/3s6cQh/Th/Td:0,-0(-57.221366)
124:Player,BR:0cc/cc/cc/cc:2cTh,6c7s|/4d4c9s/Jc/8s:100,-100(85.806466)
125:BR,Player:0r130c/cr690f:2d8c,JdAc|/5c9hJc:-230,230(-230.000000)
126:Player,BR:0cc/cc/cc/cc:6h9d,3s4h|/6s8dQc/Ts/2h:100,-100(100.000000)
127:BR,Player:0r130c/cc/cc/cr460c:8cAh,4sAs|/6h7h9s/2s/Kh:690,-690(43.659416)
128:Player,BR:0cc/cc/cc/cc:8hTs,4cQc|/2h4hJs/4s/Kc:-100,100(-98.354266)
129:BR,Player:0r130c/cr299c/cr1058c/cc:5sKh,2d4d|/3d6h9d/Qh/7h:1587,-1587(-925.765270)
130:Player,BR:0cc/cc/r200c/r150c:2dTc,5cKh|/5h6cKs/Td/6h:-450,450(-450.000000)
131:BR,Player:0r200c/cr390c/cc/cc:8hTh,3d5d|/4h9s9h/7d/8c:690,-690(690.000000)
132:Player,BR:0cc/cc/r130c/cc:2h8s,3sQd|/6c9dJh/7h/As:-230,230(-21.627623)
133:BR,Player:0r130c/cr299c/cc/cc:6hQd,7sTh|/2d9hJd/3d/Ks:529,-529(-266.964181)
134:Player,BR:0cr300c/r800c/r1560c/r3588c:3s4s,8h9c|/2s6cJh/7d/Td:-6348,6348(-6348.000000)
135:BR,Player:0r130c/cr299c/cc/cc:3hAs,4cJd|/4h6h7s/Kh/2d:-529,529(-15.764639)
136:Player,BR:0cc/cc/cc/cc:2cQh,7cTs|/3s4sTd/Tc/6d:-100,100(-94.366184)
137:BR,Player:0r130c/cr460c/cc/cc:3dQd,7c8h|/5s6dTd/Ts/2d:690,-690(690.000000)
138:Player,BR:0cc/cc/cc/cc:2hKc,2sTs|/8cTdAs/7c/9d:-100,100(-43.139854)
139:BR,Player:0r130c/cr299c/cc/cc:9hTc,5d8h|/3s6dTh/2h/6h:529,-529(529.000000)
140:Player,BR:0cc/cc/r1200f:7c8h,5cAc|/6c9hAs/Ts:100,-100(100.000000)
141:BR,Player:0cc/cr130c/cc/cr460c:9dTd,4d9h|/2h3s8s/3h/6s:690,-690(210.999830)
142:Player,BR:0cr300f:7hAh,3s5d|:100,-100(100.000000)
143:BR,Player:0r200c/cr390c/cc/cc:AsAh,4s4d|/2s2h3s/9s/8h:690,-690(690.000000)
144:Player,BR:0cr1200f:QdAc,2c5s|:100,-100(100.000000)
145:BR,Player:0r200c/cr390c/cc/cc:5sJs,7sTs|/3s6cKs/Qh/Kd:690,-690(279.352196)
146:Player,BR:0cc/cc/cc/cc:3sTh,8dJd|/4d7cAc/Ks/Qc:-100,100(15.249217)
147:BR,Player:0r200c/cr390f:2h9d,4s6s|/3h6hAd:-300,300(-300.000000)
148:Player,BR:0cc/cc/r130f:3s5h,3h9c|/7h8dAs/2c:100,-100(100.000000)
149:BR,Player:0r130c/cc/cr115c/cc:6s9h,5dQc|/5c8cTh/6d/Ks:345,-345(205.993417)
150:Player,BR:0cr200c/cc/cc/r150f:KhAs,4c5d|/3h6hTd/Qc/Jh:300,-300(300.000000)
151:BR,Player:0r130c/cc/cc/cr299c:8s8h,QsQd|/3hTsKh/5h/Kd:-529,529(314.545687)
152:Player,BR:0cr600f:9sTc,3c7d|:100,-100(100.000000)
153:BR,Player:0r130c/cr299c/cc/cc:JcAd,3sJd|/7h9dJs/Tc/Ac:529,-529(529.000000)
154:Player,BR:0cr200c/cc/r150c/cc:QsAd,KsKh|/3c8d9c/4d/2c:-450,450(-277.127863)
155:BR,Player:0r200c/cc/cc/cc:KcAs,5cKs|/6s9dQs/9s/Th:300,-300(20.088844)
156:Player,BR:0cr600f:2h4c,2s4h|:100,-100(100.000000)
157:BR,Player:0r130c/cr299c/cc/cr1587c:7dTh,6h8s|/3sTdKc/5h/Jc:2116,-2116(767.008709)
158:Player,BR:0cr130c/r460c/r2070f:QsQh,7cKd|/3s4cTc/Js:690,-690(690.000000)
159:BR,Player:0r130c/cr690c/cc/cc:2h8c,4sTc|/8s9cQc/9h/5s:920,-920(920.000000)
160:Player,BR:0cr200f:6sQh,2s4h|:100,-100(100.000000)
161:BR,Player:0r130c/cc/cc/cr460f:2c3c,8sQd|/JsKhAc/5d/Th:-230,230(-230.000000)
162:Player,BR:0cc/cc/r130c/r460f:6h8d,5c7c|/4s7dQd/8s/5d:230,-230(230.000000)
163:BR,Player:0r130c/cr460c/cr4140c/cc:JdJc,7s9s|/5dTsAh/4s/3c:4830,-4830(4830.000000)
164:Player,BR:0cc/cc/cc/cc:3hJc,9sAc|/QhKcAs/6d/7c:-100,100(-86.164148)
165:BR,Player:0f:7sJd,2s5h|:50,-50(50.000000)
166:Player,BR:0cc/cc/cc/r130c:5s6c,8dKs|/5cTsQh/Qd/5d:230,-230(87.584624)
167:BR,Player:0r200c/cr390c/cc/cr897f:6s6d,KdAh|/9sJcAc/3c/Jd:-690,690(-690.000000)
168:Player,BR:0cc/cc/r130f:5sKd,5c6c|/9sKsKh/Js:100,-100(100.000000)
169:BR,Player:0r300c/cc/cc/cc:8cAs,4d4c|/8dQsAh/Qc/8s:400,-400(400.000000)
170:Player,BR:0cc/cc/cc/r130f:2cTs,2hKc|/2d9hQc/Th/4d:100,-100(100.000000)
171:BR,Player:0r200c/cr390c/cc/cc:9dKh,5cJs|/3cQsQc/Qd/9c:690,-690(690.000000)
172:Player,BR:0cr600c/r4200f:9cAc,9sQc|/6sTdAh:700,-700(700.000000)
173:BR,Player:0r130c/cr299c/cr1587f:8sKh,5d7h|/5c7s9d/7d:-529,529(-529.000000)
174:Player,BR:0cc/cc/cc/cc:2sAd,3h7h|/5sQcKd/2c/3c:-100,100(-38.823942)
175:BR,Player:0r200c/cc/cr390c/cr2070f:5c7s,5s6d|/4s7cJc/3h/5d:-690,690(-690.000000)
176:Player,BR:0cr300f:7dQc,3h5d|:100,-100(100.000000)
177:BR,Player:0f:QcAh,3d8h|:50,-50(50.000000)
178:Player,BR:0cc/cc/r130c/r299c:3sKh,7dAh|/6c8hQs/Kd/Ad:-529,529(-499.269109)
179:BR,Player:0cc/cc/cr200c/cr900c:4h4d,JsAd|/5d8c9s/Ah/4s:1200,-1200(1200.000000)
180:Player,BR:0cr200c/cc/r150c/r585f:JsQs,4sKh|/7d9sJh/2d/6h:450,-450(450.000000)
181:BR,Player:0cc/cr130c/cc/cc:6cQh,4h8d|/5sTcJc/4d/Ts:-230,230(-52.984190)
182:Player,BR:0cr200c/cc/cc/cc:5d6d,2h8d|/6hTsAc/2c/6s:300,-300(-105.351989)
183:BR,Player:0r130c/cc/cr460f:2c4h,5hTc|/4d8sQc/6h:-230,230(-230.000000)
184:Player,BR:0cr130c/r1380f:9hKs,5c9d|/6dTsJs:230,-230(230.000000)
185:BR,Player:0r130c/cr299f:6d8h,3hAd|/3dQcAs:-230,230(-230.000000)
186:Player,BR:0cr200c/cc/r150c/r1350c:8hKh,4cKs|/5c6cAs/7h/3s:-1800,1800(-1800.000000)
187:BR,Player:0r200c/cc/cc/cc:8sKd,8dJd|/7cQhKh/9c/7s:300,-300(300.000000)
188:Player,BR:0cc/cc/cc/cc:5dQh,TdQc|/2s2dAd/Jh/As:0,-0(-3.677163)
189:BR,Player:0cc/cc/cc/cr200c:6d8d,TdJh|/4c9dAd/7d/6h:300,-300(300.000000)
190:Player,BR:0cr600f:7c9c,5h7d|:100,-100(100.000000)
191:BR,Player:0r130c/cc/cr115c/cc:JcKh,3sAs|/3c4s9d/7c/8d:-345,345(-345.000000)
192:Player,BR:0cc/cc/cc/cc:4cJh,4hQc|/8hQhAd/3h/6d:-100,100(-82.015961)
193:BR,Player:0r130c/cc/cc/cr299f:2c9c,7s8s|/4s8hKd/3c/4c:-230,230(-230.000000)
194:Player,BR:0cr130c/r299c/cc/cc:7h9h,6dKh|/6cTsAs/3d/9c:529,-529(-366.058990)
195:BR,Player:0r130c/cr460c/cc/cc:6dJd,6sAh|/3d5h8d/8s/5d:690,-690(690.000000)
196:Player,BR:0cc/cc/cc/r300c:2dTc,3d5h|/5d9cAh/6d/7h:-400,400(-60.303356)
197:BR,Player:0f:4cTh,2h8d|:50,-50(50.000000)
198:Player,BR:0cc/cc/cc/cc:5cAd,3cJs|/4s4cKc/Qh/6s:100,-100(8.196440)
199:BR,Player:0r200c/cr390c/cc/cc:5hTc,5dTd|/2h7sAc/Qs/8h:0,-0(-332.468223)
200:Player,BR:0cr300f:JdQc,3d5d|:100,-100(100.000000)
201:BR,Player:0cc/cr130f:2c7c,6cQd|/4d6sJh:-100,100(-100.000000)
202:Player,BR:0cr130c/r299c/cc/r105f:8sTs,6c8h|/8cTdQh/Qc/As:529,-529(529.000000)
203:BR,Player:0f:2h9c,3c9d|:50,-50(50.000000)
204:Player,BR:0cc/cc/cc/cc:TsKh,4dQs|/3c6h8h/Js/2h:100,-100(87.614492)
205:BR,Player:0f:3c7c,2h7s|:50,-50(50.000000)
206:Player,BR:0cc/cc/cc/r300f:3hKh,7dJh|/4dJdAs/Ks/Ac:100,-100(100.000000)
207:BR,Player:0f:JdKd,2c6s|:50,-50(50.000000)
208:Player,BR:0cr200c/r600f:3h6d,4h6c|/3s7d9s:300,-300(300.000000)
209:BR,Player:0r130c/cr299c/cc/cr1058c:TdQd,2cJs|/4sTsKc/3h/5c:1587,-1587(927.156110)
210:Player,BR:0cr200c/cc/r150c/cc:4s6c,6hJs|/2h6s9d/5d/8s:-450,450(-245.844177)
211:BR,Player:0r200c/cr390c/cr897c/cr4761f:8cQs,3sKs|/5d6s9s/4s/2c:-1587,1587(-1587.000000)
212:Player,BR:0cr200c/cc/r390c/cc:6cTc,6hKs|/9hAsAh/5c/5s:-690,690(-561.727758)
213:BR,Player:0r130c/cr299c/cc/cc:8d9s,5cTd|/8cJhQh/8s/6s:529,-529(529.000000)
214:Player,BR:0cr600c/cc/cc/cc:3h3d,TsTc|/4c7sJs/Qh/2h:-700,700(-367.300439)
215:BR,Player:0cc/cr130c/cc/cc:8hJd,8d9h|/6h7s8c/Jc/9s:230,-230(230.000000)
216:Player,BR:0cr300c/cc/cc/r1200f:JhKh,4hJd|/8c9cAd/2h/Kd:400,-400(400.000000)
217:BR,Player:0f:9hAs,2d6s|:50,-50(50.000000)
218:Player,BR:0cc/cc/r200f:7cAs,6h8h|/4hKsAc/Tc:100,-100(100.000000)
219:BR,Player:0cc/cr200c/cr600c/cc:4s4c,3hJh|/8h9sQh/9h/Qs:-900,900(-661.804607)
220:Player,BR:0cc/cc/r130c/r460c:4h7c,6d8d|/5c9hKs/Kd/Jd:-690,690(-575.012910)
221:BR,Player:0r300c/cc/cc/cr520f:8sKs,4sAd|/2d9sQc/9d/Qd:-400,400(-400.000000)
222:Player,BR:0cr300c/r800c/r600c/r2340c:3d5h,5d9s|/2d9dKc/7d/7c:-4140,4140(-4140.000000)
223:BR,Player:0r130c/cc/cc/cc:2dTh,TcQc|/4s8sKd/6d/As:-230,230(-230.000000)
224:Player,BR:0cr300f:ThJs,4c8h|:100,-100(100.000000)
225:BR,Player:0cc/cc/cr130f:2h3c,4c7s|/8sThJd/5d:-100,100(-100.000000)
226:Player,BR:0cc/cc/cc/cc:9hKd,6c9d|/6s9cTs/6d/2h:-100,100(-100.000000)
227:BR,Player:0cc/cc/cc/cr130f:3h6d,2h7h|/4s4cKh/3c/9h:-100,100(-100.000000)
228:Player,BR:0cc/cc/cc/r130c:4d7s,2cJd|/6h8dJs/7h/8c:-230,230(-185.345790)
229:BR,Player:0r200c/cr390f:3cQs,6c7c|/7s7h8h:-300,300(-300.000000)
230:Player,BR:0cc/cc/cc/cc:4cJd,9hJc|/2d6s9c/2h/Js:-100,100(-86.996038)
231:BR,Player:0r200c/cr600f:4d6d,JhQs|/9sTdKs:-300,300(-300.000000)
232:Player,BR:0cr200c/cc/cc/r390c:JsQc,TdJc|/6sKsAd/9c/Tc:690,-690(299.022630)
233:BR,Player:0r130c/cr299c/cc/cc:5dQc,8hAd|/3s8cKc/4c/5h:-529,529(290.300736)
234:Player,BR:0cc/cc/cc/cc:4sJc,4hQh|/8c9hKc/Ks/9d:-100,100(-55.723162)
235:BR,Player:0r130c/cr299c/cc/cr1058f:3cAh,8s9d|/9sKhKd/9c/Qd:-529,529(-529.000000)
236:Player,BR:0cc/cc/cc/cc:4hKh,6cTd|/8cTsTh/Qs/2c:-100,100(-90.274069)
237:BR,Player:0f:2cJs,2h3d|:50,-50(50.000000)
238:Player,BR:0cr200c/r390c/cc/cc:5d9d,3hKc|/2d8dJc/8c/2h:-690,690(-199.177952)
239:BR,Player:0cc/cr130c/cr460c/cr1380f:3sJs,2dQc|/2s3hQh/4h/Qs:-690,690(-690.000000)
240:Player,BR:0cr300c/r520c/r1196c/r1058c:QcKc,7hKs|/QdKhAc/7s/2s:3174,-3174(242.391791)
241:BR,Player:0r130c/cc/cr299c/cr687c:8cAc,JdJc|/4dAsAd/5d/6h:1216,-1216(841.205205)
242:Player,BR:0cc/cc/r130c/cc:5h8c,4c7c|/6s9dJc/4s/2s:-230,230(-140.907544)
243:BR,Player:0r200c/cc/cr150c/cr1350f:3cKs,7hJh|/2sTsKh/Th/5d:-450,450(-450.000000)
244:Player,BR:0cc/cc/r130c/cc:4d5s,9cTd|/5c6sKs/6d/Tc:-230,230(-175.897706)
245:BR,Player:0r130c/cc/cc/cr460f:3d5s,7hKs|/2h4hKh/Td/9d:-230,230(-230.000000)
246:Player,BR:0cr300c/cc/r200c/cc:9cAc,3hQs|/5sJdKc/Jh/5d:600,-600(261.345177)
247:BR,Player:0r130c/cc/cc/cc:7dAs,8cKs|/2c4dQh/Ts/2d:230,-230(115.482665)
248:Player,BR:0cr600c/cc/r140c/cc:2s2h,4hAs|/6s8d8c/2d/7s:840,-840(840.000000)
249:BR,Player:0r300c/cc/cc/cr520c:6hKs,TsJs|/4cJdKc/9h/8d:920,-920(609.421455)
250:Player,BR:0cr600f:ThAc,2h4h|:100,-100(100.000000)
251:BR,Player:0r130c/cr460c/cc/cc:2d3c,7d9s|/3h5d9h/Js/6d:-690,690(-164.962600)
252:Player,BR:0cc/cc/cc/cc:8sJd,9sKh|/6d8cAs/Qs/Ts:100,-100(-7.485002)
253:BR,Player:0f:6c9d,2c7s|:50,-50(50.000000)
254:Player,BR:0cc/cc/cc/r130c:6dQh,5s8s|/3s5h7s/2s/Qc:-230,230(-225.841359)
255:BR,Player:0f:8dQd,2d8h|:50,-50(50.000000)
256:Player,BR:0cr200c/r600c/r1800f:JhAd,3d8s|/3h7sJc/6s:900,-900(900.000000)
257:BR,Player:0f:5cTh,3d9s|:50,-50(50.000000)
258:Player,BR:0cc/cc/cc/r300c:4d5s,4hJc|/3h9dKs/8d/3d:-400,400(-209.314087)
259:BR,Player:0r200c/cc/cc/cr600f:5cKh,6d7d|/3s9cJs/Th/9s:-300,300(-300.000000)
260:Player,BR:0cc/cc/r200c/r390c:3c6d,8hJd|/2cQcAd/5c/Qh:-690,690(123.319013)
261:BR,Player:0r130c/cr460f:8h9d,9sQs|/4d5cTd:-230,230(-230.000000)
262:Player,BR:0cr200c/cc/cc/r390f:9hTc,7sJd|/5s5cAc/Ts/9s:300,-300(300.000000)
263:BR,Player:0f:3c7c,2d3h|:50,-50(50.000000)
264:Player,BR:0cc/cc/r130c/cc:6cTd,3sKd|/5s6s9c/2h/8c:230,-230(229.106589)
265:BR,Player:0cc/cc/cc/cc:8dAd,4d8h|/4sQcKs/Jd/Kc:-100,100(-27.069518)
266:Player,BR:0cr300f:JsKd,2h6d|:100,-100(100.000000)
267:BR,Player:0f:2c6s,3h9s|:50,-50(50.000000)
268:Player,BR:0cr300c/cc/r520c/r1196f:5cQc,8sKd|/3h6dJd/Qs/2s:920,-920(920.000000)
269:BR,Player:0r200c/cc/cc/cr390c:7dTc,9hKd|/4s5dTd/Qd/8h:690,-690(219.754712)
270:Player,BR:0cc/cc/cc/cc:3cTc,JsKd|/5sKcAd/9d/Ks:-100,100(-99.716890)
271:BR,Player:0r130c/cc/cc/cc:QcAd,8sAh|/2d4sJd/Ks/Qd:230,-230(230.000000)
272:Player,BR:0cr300f:6hKh,2s4d|:100,-100(100.000000)
273:BR,Player:0cc/cr130f:4h8d,5h6s|/3dTsQc:-100,100(-100.000000)
274:Player,BR:0cr300c/cc/r200f:TdTc,8c9s|/4c5cQd/2s:400,-400(400.000000)
275:BR,Player:0r200c/cr390f:4s5d,4dTc|/7c8dKs:-300,300(-300.000000)
276:Player,BR:0cc/cc/cc/cc:3d9c,8c9d|/5s7hTd/Qc/Qs:-100,100(71.403464)
277:BR,Player:0r130c/cr299c/cr687c/cr2432f:2c3d,3h5h|/2s7hAd/4c/8s:-1216,1216(-1216.000000)
278:Player,BR:0cr200c/cc/cc/cc:KcAh,ThJc|/7c8cQs/Tc/3c:300,-300(-261.386862)
279:BR,Player:0r130c/cc/cr299c/cr1587c:JhAd,2hKh|/3d7c9s/8s/5c:2116,-2116(1127.340995)
280:Player,BR:0cr300c/cc/cc/r800c:5d8h,4s4c|/6h7sJh/5h/9h:1200,-1200(-273.120164)
281:BR,Player:0r130c/cc/cc/cc:5d8s,TcJs|/3h4cQh/Qs/8d:230,-230(230.000000)
282:Player,BR:0cc/cc/r130c/r460f:JcKd,4s5s|/5dKhAs/3d/6c:230,-230(230.000000)
283:BR,Player:0r130c/cr690f:3s6s,JsAd|/TsJcQh:-230,230(-230.000000)
284:Player,BR:0cr130c/cc/r115c/cc:7hKc,3h6c|/3s4s4h/5s/5d:345,-345(345.000000)
285:BR,Player:0r130c/cc/cc/cc:3cQs,8cKc|/2d3d9d/2c/3s:230,-230(230.000000)
286:Player,BR:0cc/cc/cc/r300c:2h5c,5hTs|/9hQcKh/3s/As:-400,400(57.391829)
287:BR,Player:0r200c/cr900c/cc/cc:3h5s,6c9d|/2d3sJd/4c/Tc:1200,-1200(1095.722760)
288:Player,BR:0cc/cc/r130c/cc:4s9c,TcQh|/7cKhKd/2h/3d:-230,230(122.282586)
289:BR,Player:0cc/cr130c/cc/cc:6h7d,2d5d|/3d8d9s/Tc/Qs:230,-230(230.000000)
290:Player,BR:0cr200c/r390c/cc/r897c:JcAc,3sQh|/2d2cQc/Qs/2h:-1587,1587(-1410.222330)
291:BR,Player:0cc/cr200c/cc/cc:6dAs,4d8s|/3s3cJs/5s/6h:300,-300(300.000000)
292:Player,BR:0cr200c/cc/r150c/r225f:8h8c,JhQh|/3c5d7d/9d/Ac:450,-450(450.000000)
293:BR,Player:0r130c/cc/cc/cc:4cTc,8s8c|/JhKcAh/7c/9d:-230,230(-230.000000)
294:Player,BR:0cc/cc/cc/r130f:5c6d,2cTh|/3d6s8s/Qc/4s:100,-100(100.000000)
295:BR,Player:0r130c/cc/cr299f:5c7d,7sKd|/5sKhAd/4s:-230,230(-230.000000)
296:Player,BR:0cc/cc/cc/r130f:3s8d,3hTd|/4c9hAd/Qd/7c:100,-100(100.000000)
297:BR,Player:0r130c/cr299c/cr1058c/cc:7cTs,2h2c|/9cJcQs/Qc/Th:1587,-1587(1098.341175)
298:Player,BR:0cc/cc/cc/r130f:4sJd,5cQh|/2c3cTh/6d/5d:100,-100(100.000000)
299:BR,Player:0r200c/cc/cr150c/cc:9sTd,6s7c|/4c6h8h/Jc/Tc:450,-450(446.681442)
300:Player,BR:0cr300c/r800c/r2400f:8dKh,2cAd|/2h5h9s/6h:1200,-1200(1200.000000)
301:BR,Player:0f:2h7h,2d9h|:50,-50(50.000000)
302:Player,BR:0cr300c/cc/r1200c/r800c:ThJd,JhAh|/5c9hJc/3s/Kh:-2400,2400(-1827.929902)
303:BR,Player:0r130c/cr299c/cc/cc:3cQc,5dTd|/2s9cAh/5s/Qh:529,-529(529.000000)
304:Player,BR:0cc/cc/cc/cc:5d7h,TsTc|/2dJhKh/9h/7c:-100,100(-66.606333)
305:BR,Player:0r130c/cr299f:2d5h,8dQh|/9s9cTs:-230,230(-230.000000)
306:Player,BR:0cc/cc/cc/r130c:2d4h,3c5h|/2sJhAs/4d/5d:-230,230(-192.417313)
307:BR,Player:0r200c/cc/cc/cc:4c9d,7sAs|/7h8cTh/9s/5h:300,-300(12.107655)
308:Player,BR:0cc/cc/cc/r130f:9dQh,5c6h|/2h3d9c/Qd/3s:100,-100(100.000000)
309:BR,Player:0f:9dKd,3c6d|:50,-50(50.000000)
310:Player,BR:0cr200c/cc/r150f:9dQd,7c9c|/5hThKd/2d:300,-300(300.000000)
311:BR,Player:0f:4d5c,3d7h|:50,-50(50.000000)
312:Player,BR:0cc/cc/r200c/r390c:4s9d,7hKd|/5h5c7d/3d/2h:-690,690(-468.756225)
313:BR,Player:0r130c/cc/cc/cc:3d4c,QhKd|/5h7dTh/3c/Ad:230,-230(-61.919824)
314:Player,BR:0cr200c/cc/r150c/cc:9d9c,6dQs|/8dThQd/3c/Ah:-450,450(-380.574898)
315:BR,Player:0f:4h6s,3d8s|:50,-50(50.000000)
316:Player,BR:0cr200c/cc/cc/r900c:QcKs,4s8c|/3h3cKh/9h/7c:1200,-1200(253.125133)
317:BR,Player:0r130c/cc/cr115c/cr172c:8dAs,5dKh|/7c9hKd/Ad/Qd:517,-517(517.000000)
318:Player,BR:0cr300c/cc/r520c/r1196c:5h8c,JsJd|/9dKhKd/Ad/2c:-2116,2116(-1525.905003)
319:BR,Player:0cc/cr130c/cc/cc:3sAs,4h7d|/6sThJh/9c/9d:230,-230(169.010165)
320:Player,BR:0cr300c/cc/r200c/r300c:6s6c,4dQh|/7s7hQd/7d/As:-900,900(-830.837118)
321:BR,Player:0f:4s9s,2c7d|:50,-50(50.000000)
322:Player,BR:0cc/cc/cc/cc:9hTc,JsKc|/4s9sQc/4h/Kd:-100,100(-78.507400)
323:BR,Player:0cc/cr200f:5d6h,8dJh|/8hJcQd:-100,100(-100.000000)
324:Player,BR:0cc/cc/r130f:3sKh,QcKc|/2h3d9d/2d:100,-100(100.000000)
325:BR,Player:0r200c/cc/cc/cc:7cKd,6hAs|/3s8hTc/4h/Qc:-300,300(-300.000000)
326:Player,BR:0cc/cc/cc/cc:8dAc,8cQs|/4d7sJh/Th/Tc:100,-100(24.301177)
327:BR,Player:0r130c/cr299f:2s8h,2c3c|/ThJhAs:-230,230(-230.000000)
328:Player,BR:0cr130c/cc/cc/r460f:6hQh,4s4c|/3hQcKs/2c/Kd:230,-230(230.000000)
329:BR,Player:0r200c/cr390c/cc/cc:5s8c,QsQc|/5h6h9h/Jh/8d:690,-690(221.601789)
330:Player,BR:0cr300c/cc/r200c/r300f:QhQc,KdAd|/6s6d7s/Ts/9d:600,-600(600.000000)
331:BR,Player:0r200c/cr600c/cr1800c/cc:4dKd,6d8d|/2d5s7h/3c/Kh:2700,-2700(772.067034)
332:Player,BR:0cc/cc/cc/cc:4h9s,5sJd|/5d8hAc/3c/Ts:-100,100(-69.342252)
333:BR,Player:0f:4sQd,2d5h|:50,-50(50.000000)
334:Player,BR:0cc/cc/cc/r130c:8hTs,9dKd|/2c5hJs/Kc/8d:-230,230(-198.668562)
335:BR,Player:0r200c/cc/cc/cc:7hJc,8sAs|/6s6cQh/4c/2d:-300,300(-300.000000)
336:Player,BR:0cr300c/cc/cc/cc:KhAs,6cJh|/7h9hQc/8s/Jd:-400,400(-309.612855)
337:BR,Player:0r130c/cc/cr460c/cr2070c:JdKh,3c9c|/4hJsQd/7s/2c:2760,-2760(2760.000000)
338:Player,BR:0cc/r130c/r690c/r1196f:4sTs,8sQc|/6h9sKc/3s/Qs:920,-920(920.000000)
339:BR,Player:0r130c/cc/cc/cr299f:3c4d,4sJh|/5c6s8h/Tc/3h:-230,230(-230.000000)
340:Player,BR:0cc/cc/r130c/r460c:2h3s,8cQd|/4d5h8d/Qh/9c:-690,690(-585.554069)
341:BR,Player:0cc/cr130c/cr460c/cr1380c:2s9d,5d8h|/4sThJs/9h/2h:2070,-2070(44.323114)
342:Player,BR:0cr600c/cc/r140c/cc:5h6h,9sJs|/2d5dAd/9d/Ks:-840,840(58.095127)
343:BR,Player:0f:5dAs,2d4s|:50,-50(50.000000)
344:Player,BR:0cr300c/cc/cc/r200f:5d5c,7dTc|/2d8d9c/2s/5s:400,-400(400.000000)
345:BR,Player:0r200c/cc/cc/cc:2cKd,2s7s|/6d7h9s/Ah/3c:-300,300(-199.176187)
346:Player,BR:0cc/cc/cc/r130c:4h9c,6s7d|/5h8hAh/9s/Qc:-230,230(-211.265146)
347:BR,Player:0r200c/cc/cc/cc:9hAh,QsAc|/7h9sTd/2s/4d:300,-300(300.000000)
348:Player,BR:0cr200c/cc/cc/cc:KcAh,2h8c|/2c9hKs/3d/Qd:300,-300(-120.692069)
349:BR,Player:0r130c/cr299c/cc/cr687c:7dJh,3h6c|/2sTdJc/Th/2h:1216,-1216(816.293209)
350:Player,BR:0cc/cc/cc/cc:2s7h,QsKh|/4d6h9s/9d/Ac:-100,100(-70.159243)
351:BR,Player:0r130c/cr460c/cr1380f:4cQs,9cAd|/9hAsAh/Ac:-690,690(-690.000000)
352:Player,BR:0cr300c/cc/cc/r520c:2s5s,5dKh|/7c9cKd/Ts/3d:-920,920(-842.539458)
353:BR,Player:0r200c/cr390f:5dTc,4c5s|/6h8hQc:-300,300(-300.000000)
354:Player,BR:0cc/cc/cc/cc:3c7h,6s9c|/4s8cTs/Ac/6c:-100,100(-53.226842)
355:BR,Player:0r200c/cc/cc/cr900c:7h9c,4cKh|/6c8cTc/7s/3d:1200,-1200(1200.000000)
356:Player,BR:0cr600f:4hKh,4d5c|:100,-100(100.000000)
357:BR,Player:0r130c/cc/cc/cr299c:2h6s,TsKc|/2dKhAs/5h/3h:-529,529(-206.703881)
358:Player,BR:0cc/cc/cc/cc:7h9s,8dTh|/2dJcAd/Jh/Kh:-100,100(9.277243)
359:BR,Player:0cc/cc/cr130c/cc:TdQd,5c9d|/5dThKc/3h/7s:230,-230(230.000000)
360:Player,BR:0cc/r130f:6hJh,6cTd|/2c5h9d:100,-100(100.000000)
361:BR,Player:0r130c/cr299c/cr1058c/cc:5hQd,JcQh|/5d6cTh/Td/8d:1587,-1587(-642.746505)
362:Player,BR:0cr300c/cc/cc/r200c:2s2c,6hKc|/4d7dQs/Qc/3h:600,-600(154.787314)
363:BR,Player:0f:5d7s,2sJc|:50,-50(50.000000)
364:Player,BR:0cc/cc/cc/r130c:3dJs,6sJh|/2d5hTd/6h/8c:-230,230(-90.010367)
365:BR,Player:0r200f:2d3c,AsAd|:-100,100(-100.000000)
366:Player,BR:0cr600c/cc/r350c/r525c:7h8h,TcQc|/2c8dKs/8c/6s:1575,-1575(309.366488)
367:BR,Player:0r130c/cc/cc/cc:7cKh,5cAc|/3sThKc/Js/8h:230,-230(230.000000)
368:Player,BR:0cr300c/cc/cc/cc:7sJh,6cKc|/5h7h8s/Ts/2c:400,-400(398.008469)
369:BR,Player:0r200c/cc/cc/cr390f:6dKc,8d9h|/5s8cJc/Qd/Qc:-300,300(-300.000000)
370:Player,BR:0cc/cc/cc/cc:3cTh,2s5c|/8s9cTs/9d/Jc:100,-100(91.229848)
371:BR,Player:0r130c/cr460c/cr897c/cr4761c:8dKc,6s8s|/3c4d5h/Kd/9s:6348,-6348(-947.864346)
372:Player,BR:0cr300f:4d5d,3s4h|:100,-100(100.000000)
373:BR,Player:0cc/cc/cc/cr200c:2c3d,2sKc|/ThKhAd/3c/5c:-300,300(68.998381)
374:Player,BR:0cr200c/r390f:2cTc,6cTd|/3dJcKh:300,-300(300.000000)
375:BR,Player:0r130c/cc/cc/cc:2c5d,JhAs|/7sQdKd/9h/8d:-230,230(-230.000000)
376:Player,BR:0cr300c/cc/r2400c/r3640f:ThTd,JcKs|/2d3sJh/Tc/As:2800,-2800(2800.000000)
377:BR,Player:0r200c/cc/cc/cr390f:2d6d,8s8h|/6c7sTh/Jh/8c:-300,300(-300.000000)
378:Player,BR:0cc/cc/cc/cc:2dJc,3hJs|/2s3sTc/7h/6c:-100,100(-69.044427)
379:BR,Player:0r200c/cc/cc/cr390c:2h8c,6h6c|/2c7hKh/2d/7d:690,-690(227.713904)
380:Player,BR:0cr300f:7d7c,2d5c|:100,-100(100.000000)
381:BR,Player:0r130c/cc/cc/cc:8sQs,6hKs|/3dTsAd/2c/4c:-230,230(-198.226773)
382:Player,BR:0cc/cc/r130c/r460f:2s3h,3cAc|/4s6dQs/6h/Jd:230,-230(230.000000)
383:BR,Player:0cc/cc/cr130c/cc:6sKd,2dKc|/QsQhQd/Js/8d:0,-0(-32.418343)
384:Player,BR:0cr200c/cc/cc/r390c:7h8h,KsKh|/2s7dQs/4d/Jc:-690,690(-603.877330)
385:BR,Player:0cc/cc/cc/cr130c:4cKs,3cTh|/TdJdQs/Js/Jh:-230,230(-39.020053)
386:Player,BR:0cr300c/r520c/cc/cc:4s6s,6h9h|/3d6cQd/8c/Ac:-920,920(-358.790897)
387:BR,Player:0r130c/cc/cc/cr460c:2h9h,5hQd|/2s2dQh/4c/Td:690,-690(690.000000)
388:Player,BR:0cc/cc/cc/cc:4c5h,9dQc|/3s7d9c/5s/6c:100,-100(-30.024616)
389:BR,Player:0r130c/cc/cr299c/cc:7hTc,JhAs|/TdJsQd/5c/7s:529,-529(529.000000)
390:Player,BR:0cc/cc/r130c/r299f:8cJd,3h4c|/4hAhAd/8h/3s:230,-230(230.000000)
391:BR,Player:0r130c/cr299c/cc/cr687c:4s8h,6c7h|/2h8dTd/3s/Jd:1216,-1216(490.279025)
392:Player,BR:0cc/cc/cc/r300f:2sAh,4h6h|/4s9hAc/2d/9d:100,-100(100.000000)
393:BR,Player:0r200c/cc/cc/cr390c:5sJc,3sQd|/7sQsAs/4c/9s:690,-690(523.131298)
394:Player,BR:0cr600f:TsAs,2c3h|:100,-100(100.000000)
395:BR,Player:0r130c/cr299c/cr1587f:5d6c,3s6s|/5s8hJh/Qs:-529,529(-529.000000)
396:Player,BR:0cc/cc/r130c/r299c:3dAh,8sAs|/QsKhAc/2c/Kd:0,-0(80.454606)
397:BR,Player:0r200c/cc/cc/cr600c:7hQc,6cAs|/JhJdAd/7c/7s:900,-900(771.714742)
398:Player,BR:0cc/cc/r200c/cc:7hQc,9cJs|/8d9dTc/Ts/5c:-300,300(-256.917905)
399:BR,Player:0r130c/cr299c/cc/cr1587c:AhAd,3h4s|/6d8h9s/Th/7h:0,-0(-60.822554)
400:Player,BR:0cr600c/cc/cc/r140c:KdAc,ThJs|/2c3cQh/5c/9s:840,-840(666.481891)
401:BR,Player:0f:6sTd,2h8c|:50,-50(50.000000)
402:Player,BR:0cc/cc/cc/cc:7hJs,9s9c|/3c4hKh/8h/Ac:-100,100(-73.758904)
403:BR,Player:0cc/cc/cc/cc:6c8s,4cJd|/8hQhAd/9s/Ks:100,-100(58.394079)
404:Player,BR:0cr600f:3sAs,3hQd|:100,-100(100.000000)
405:BR,Player:0r130c/cc/cc/cr299f:3sJd,QdKh|/7d9cAc/Tc/Qh:-230,230(-230.000000)
406:Player,BR:0cr300c/r520c/cc/cc:9cJc,4d9d|/5d6sKd/Ks/3d:-920,920(-915.148785)
407:BR,Player:0f:ThAd,2c4s|:50,-50(50.000000)
408:Player,BR:0cr600f:8dJd,5dTs|:100,-100(100.000000)
409:BR,Player:0cc/cc/cr130c/cr690c:3dTh,JcKd|/2s3h5h/Ad/9s:920,-920(920.000000)
410:Player,BR:0cc/cc/cc/cc:3h7h,JsKs|/2c4c6d/3s/Qs:100,-100(85.586441)
411:BR,Player:0f:8h8d,3cTh|:50,-50(50.000000)
412:Player,BR:0cr300c/r520c/cc/cc:2h2c,5h6h|/3h9cAh/7s/3s:920,-920(920.000000)
413:BR,Player:0r130c/cr299f:2d3c,8sTd|/6h9cAc:-230,230(-230.000000)
414:Player,BR:0cr1200f:8sTs,5h6d|:100,-100(100.000000)
415:BR,Player:0r130c/cc/cr690c/cc:3c6d,2cQc|/5c9hAd/3d/7d:920,-920(576.087460)
416:Player,BR:0cr300c/cc/cc/cc:QhKd,3dTh|/3c5c8d/4h/5h:-400,400(-320.034922)
417:BR,Player:0r200c/cc/cr390c/cc:4s5c,5d9c|/4hKhKc/As/Ah:-690,690(-690.000000)
418:Player,BR:0cc/cc/r130c/cc:6s8h,7sJh|/3s5cKc/9h/Tc:-230,230(-64.432248)
419:BR,Player:0r130c/cr460c/cc/cc:4sKd,8dQd|/8hTdAs/7c/6h:-690,690(-226.830995)
420:Player,BR:0cc/cc/r130c/r299c:4d5c,9hAs|/8dThAd/7c/2d:-529,529(-437.275576)
421:BR,Player:0r130c/cr299c/cr1058c/cc:2dJs,AdAc|/2s9cTs/Th/8c:-1587,1587(1007.664175)
422:Player,BR:0cr200c/r600c/cc/r1800f:9dQh,9cAd|/7hThJc/Kc/5h:900,-900(900.000000)
423:BR,Player:0cc/cc/cr130c/cr690c:2sTd,2dJs|/5hJhQs/Jc/6c:-920,920(81.448116)
424:Player,BR:0cr300f:5c6d,5s6h|:100,-100(100.000000)
425:BR,Player:0r200c/cc/cc/cr600f:2s9h,QsKd|/5sKcAd/4d/Ts:-300,300(-300.000000)
426:Player,BR:0cc/cc/cc/cc:8hTs,QcKs|/2s5sJh/4d/Js:-100,100(17.185511)
427:BR,Player:0r200c/cc/cc/cc:JcQh,5s5d|/2h4h7d/Jh/5h:300,-300(300.000000)
428:Player,BR:0cc/cc/r200c/cc:3d9s,3sAd|/4s6d7s/Ks/6c:-300,300(-218.667411)
429:BR,Player:0r130c/cc/cc/cr299f:2d2c,5sAs|/TsTcQd/Jh/Kc:-230,230(-230.000000)
430:Player,BR:0cc/cc/cc/cc:8dKs,QsAc|/5hTdQd/2s/4d:-100,100(-82.344560)
431:BR,Player:0r200c/cc/cc/cc:7cQd,JcAc|/6s8dTh/3d/9c:300,-300(300.000000)
432:Player,BR:0cc/cc/cc/cc:7cKs,2d5c|/2c5hAc/Js/2s:-100,100(-98.436703)
433:BR,Player:0cc/cc/cc/cc:8sKh,2cJd|/6d9sKc/2h/3h:100,-100(100.000000)
434:Player,BR:0cc/cc/cc/cc:JdQs,5h9s|/8cTsJs/Jc/Kd:100,-100(58.478428)
435:BR,Player:0r130c/cr299c/cc/cc:AhAd,3cQc|/5c6h9s/Kd/2d:529,-529(529.000000)
436:Player,BR:0cr300c/r520c/r2760c/r11040f:QdKd,5cTh|/4hTsJd/Ah/Ad:3680,-3680(3680.000000)
437:BR,Player:0r130c/cc/cc/cr460c:2d7d,8hQh|/2h8dKc/7s/6s:690,-690(426.051630)
438:Player,BR:0cr600f:JcAc,2h5s|:100,-100(100.000000)
439:BR,Player:0r130c/cc/cr299c/cc:3hKs,6cJs|/7d7cKd/2h/8s:529,-529(529.000000)
440:Player,BR:0cr300c/cc/cc/cc:8sKs,2cQc|/4h5sQs/Qh/6h:-400,400(-260.306548)
441:BR,Player:0r130c/cc/cr115c/cr448f:7hJs,6dJc|/3s8dTc/4c/3c:-345,345(-345.000000)
442:Player,BR:0cc/cc/cc/cc:6cQd,2dTs|/4c6h8d/7c/Kd:100,-100(100.000000)
443:BR,Player:0r130c/cc/cr115c/cc:TdJs,3hAs|/7c8dQs/3s/9h:345,-345(345.000000)
444:Player,BR:0cr300c/cc/cc/r200f:6s9h,6d9c|/3c4sJh/Kh/5c:400,-400(400.000000)
445:BR,Player:0r200c/cc/cr150c/cr585c:3hTs,JcAc|/8hQcKc/6s/Th:-1035,1035(792.465021)
446:Player,BR:0cr200c/cc/r150c/r225f:7d8s,5cJs|/9hThJh/4h/Ad:450,-450(450.000000)
447:BR,Player:0r130c/cc/cr299c/cr1587c:6hAc,5c6c|/8c9s9d/8h/Tc:2116,-2116(-28.442419)
448:Player,BR:0cc/cc/cc/r130f:9cQd,3h7s|/2c5cTd/9h/Jh:100,-100(100.000000)
449:BR,Player:0r130c/cc/cc/cc:3d8s,2hAs|/4h6c8c/Jd/Jc:230,-230(230.000000)
450:Player,BR:0cr600c/cc/cc/r350c:KsKc,7sAh|/JdJcAs/Qd/3c:-1050,1050(-333.182068)
451:BR,Player:0f:6hKd,3c8h|:50,-50(50.000000)
452:Player,BR:0cr130c/cc/cc/cc:4sKs,4c9s|/3hJcAc/8c/Ah:230,-230(230.000000)
453:BR,Player:0r130c/cc/cc/cc:5hTs,6hAh|/3c8cKh/8h/4d:-230,230(-230.000000)
454:Player,BR:0cr300c/r520c/r1840f:4sAs,7cTc|/3d8sQh/2c:920,-920(920.000000)
455:BR,Player:0cc/cc/cr200f:3c4s,6sAc|/7sJdKc/As:-100,100(-100.000000)
456:Player,BR:0cr300c/cc/cc/r200f:4c5c,5h8h|/4s7h9s/Kc/2d:400,-400(400.000000)
457:BR,Player:0cc/cr130c/cr299c/cc:2c4h,3s4d|/2d5hTc/3c/5s:-529,529(245.291862)
458:Player,BR:0cc/cc/r130f:2d7d,9cTc|/5s6dQh/3s:100,-100(100.000000)
459:BR,Player:0r130c/cc/cc/cc:3h5d,9hKh|/5c6dAh/8c/5h:230,-230(230.000000)
460:Player,BR:0cc/cc/r300c/r800c:2s3h,QhKh|/5cQcAd/6h/9d:-1200,1200(-1150.712719)
461:BR,Player:0r200f:2h3s,3h3d|:-100,100(-100.000000)
462:Player,BR:0cc/cc/cc/r130c:2sQc,2cQd|/3cTdQs/3d/8c:0,-0(-139.881790)
463:BR,Player:0r200c/cc/cc/cr600c:QdAh,9sTc|/5h5dAd/2d/Qh:900,-900(887.307302)
464:Player,BR:0cr300f:QcAs,2c3c|:100,-100(100.000000)
465:BR,Player:0r130c/cr299c/cc/cc:4s9h,4c6d|/2d9cQh/Ad/9d:529,-529(529.000000)
466:Player,BR:0cc/cc/cc/cc:5dJc,4h7h|/3hAdAc/2c/Kh:100,-100(98.993460)
467:BR,Player:0r200c/cc/cc/cc:TsAd,6s6h|/2d8sKd/7d/Kh:-300,300(45.742342)
468:Player,BR:0cr300c/cc/cc/cc:8cAd,6h9d|/3h4h6s/9s/7h:-400,400(-356.549927)
469:BR,Player:0r130c/cr299c/cr1058f:6dKd,7dTd|/9hJsQd/5s:-529,529(-529.000000)
470:Player,BR:0cc/cc/cc/cc:2d3h,3s8c|/3c6h9d/5s/8h:-100,100(-71.569858)
471:BR,Player:0r130c/cc/cc/cc:2cTd,2s7s|/7h9hJs/8s/Qd:230,-230(230.000000)
472:Player,BR:0cr200c/cc/cc/cc:4c6h,3d9c|/4hTsAc/Qc/4s:300,-300(300.000000)
473:BR,Player:0r200c/cr390f:8dTh,4d5c|/2c3s7d:-300,300(-300.000000)
474:Player,BR:0cr300c/cc/cc/r800c:QsQc,3dAc|/7cThTd/Qd/2d:1200,-1200(230.363131)
475:BR,Player:0r130c/cc/cr299c/cc:TsKh,4dQs|/2hJcKd/5d/7c:529,-529(529.000000)
476:Player,BR:0cr130c/cc/r115f:2sAs,3s4c|/8dTsTd/2c:230,-230(230.000000)
477:BR,Player:0r130c/cc/cc/cc:2s7h,6d7s|/6h9sAh/8c/2c:-230,230(-24.885065)
478:Player,BR:0cr600c/r910c/cc/cc:7d9s,4sKh|/2d4cQc/5c/4d:-1610,1610(-1115.432524)
479:BR,Player:0r200c/cr390f:5d6h,KcAh|/8s9cKs:-300,300(-300.000000)
480:Player,BR:0cr200c/r390c/r138c/cc:5hKh,5sKs|/4d5cAd/8d/Jd:0,-0(422.500460)
481:BR,Player:0r200c/cr900c/cc/cc:5dAs,5h9c|/TsJdKs/Td/6h:1200,-1200(-42.294777)
482:Player,BR:0cc/cc/r130f:2hAd,2s4d|/7h9cAh/8c:100,-100(100.000000)
483:BR,Player:0cc/cr130c/cc/cc:6h9h,3s6d|/5dKsAh/2d/As:230,-230(-114.569115)
484:Player,BR:0cc/cc/cc/cc:3sTs,9dJc|/3h9sKc/8s/Qc:-100,100(-66.514448)
485:BR,Player:0r130c/cc/cc/cr115c:JcKh,9cTh|/3sQdKd/Tc/2d:345,-345(345.000000)
486:Player,BR:0cr200c/r390c/r897f:3s9s,9cTc|/2s2cJs/4s:690,-690(690.000000)
487:BR,Player:0r130c/cr690f:4h5d,9dQc|/3c8d9h:-230,230(-230.000000)
488:Player,BR:0cc/cc/cc/r130c:2d6h,7s8c|/4c6c7h/2s/4h:-230,230(-144.913812)
489:BR,Player:0f:2hTd,2c6s|:50,-50(50.000000)
490:Player,BR:0cc/cc/r300f:9hKd,7hQd|/2h9dKc/Qs:100,-100(100.000000)
491:BR,Player:0r130c/cc/cc/cr460f:4h8s,2hQd|/5s5cQc/2c/9s:-230,230(-230.000000)
492:Player,BR:0cc/cc/r130c/cc:4dKh,ThQd|/3s4hKs/Tc/8d:230,-230(-125.726964)
493:BR,Player:0r130c/cr460c/cr897c/cc:2hJh,9dKc|/2d4s7c/Kd/5d:-1587,1587(-854.224754)
494:Player,BR:0cr600f:QcKh,3sTs|:100,-100(100.000000)
495:BR,Player:0r130c/cr299c/cr687f:JhKd,8hAs|/4s4dQs/Ts:-529,529(-529.000000)
496:Player,BR:0cc/cc/cc/r130f:JhQd,6s7d|/2cTsTh/4s/Qh:100,-100(100.000000)
497:BR,Player:0r130c/cc/cr460f:7cAc,5cKh|/9sQdKd/2c:-230,230(-230.000000)
498:Player,BR:0cc/r130f:7dTs,2s6d|/3c9hAd:100,-100(100.000000)
499:BR,Player:0r130c/cc/cc/cr299f:2sTc,7h7d|/8h9cAd/8c/3c:-230,230(-230.000000)
500:Player,BR:0cc/cc/cc/cc:8sQd,7d8h|/3h7cKc/7s/7h:-100,100(-100.000000)
501:BR,Player:0r130c/cc/cc/cc:4dAh,6dAs|/3c9dQs/Jc/Kh:0,-0(-158.980475)
502:Player,BR:0cr130c/cc/cc/r299f:7s7d,7hTd|/3s3hQs/Ad/6h:230,-230(230.000000)
503:BR,Player:0r130c/cc/cc/cc:4d6d,2hQs|/3s7dKd/7h/4c:230,-230(213.768605)
504:Player,BR:0cc/cc/r200f:2dKd,4c5h|/QcKhKc/Ad:100,-100(100.000000)
505:BR,Player:0r200c/cc/cr390f:5cJs,AhAd|/3s3hKh/7h:-300,300(-300.000000)
506:Player,BR:0cr300c/cc/r800c/cc:4h5c,TdAs|/7h8dQc/Kh/5h:1200,-1200(-60.645191)
507:BR,Player:0r200c/cc/cr390c/cc:5sAh,QcKc|/8s8cAs/8h/Jd:690,-690(690.000000)
508:Player,BR:0cc/cc/r200c/cc:8sKc,4hJd|/5c6dKd/5s/8c:300,-300(-66.868037)
509:BR,Player:0r300c/cc/cc/cc:TcKh,4d4c|/5hThAh/7h/4h:400,-400(400.000000)
510:Player,BR:0cr300c/cc/cc/cc:7cAc,7sAs|/2d3h3c/6s/9d:0,-0(-270.547427)
511:BR,Player:0r130c/cr299f:5c7c,6d7d|/2hTcQh:-230,230(-230.000000)
512:Player,BR:0cr200c/r390c/r897f:7d8c,3c9d|/9cTsQd/4c:690,-690(690.000000)
513:BR,Player:0r130c/cc/cc/cc:3dTd,6c8c|/5c6s9s/Kh/3s:-230,230(-45.361184)
514:Player,BR:0cr200c/r600c/r1800c/cc:3dAd,8cTh|/4d8d9s/Qh/7c:-2700,2700(-2529.696194)
515:BR,Player:0r130c/cc/cc/cr299c:8cTs,JsJc|/4c8sAs/6d/9c:-529,529(-111.198478)
516:Player,BR:0cr200c/cc/cc/r150c:8s8h,8dJh|/2h7hQh/Jd/9c:-450,450(-309.673794)
517:BR,Player:0r130c/cc/cc/cc:9sTs,4h7h|/4d9cTd/Jh/Qs:230,-230(230.000000)
518:Player,BR:0cc/cc/r130c/cc:4dJh,8cKs|/2d7hAd/6c/6h:-230,230(-215.441738)
519:BR,Player:0cc/cc/cc/cc:9dTs,TcJd|/3h4sQd/5c/8h:-100,100(-100.000000)
520:Player,BR:0cc/cc/cc/cc:6sJc,2h9c|/7c8c9s/6c/Ad:-100,100(-21.666442)
521:BR,Player:0r130c/cc/cr460f:4dKd,8dTd|/2c8hJd/3s:-230,230(-230.000000)
522:Player,BR:0cc/cc/cc/cc:JhQd,4dTd|/9h9cJs/3s/Ah:100,-100(55.231965)
523:BR,Player:0r130c/cr299c/cc/cr687f:3h9s,7cKc|/4h9dKh/5c/4c:-529,529(-529.000000)
524:Player,BR:0cc/cc/r130c/r299f:7cAs,5dQc|/2s9s9h/Ac/2d:230,-230(230.000000)
525:BR,Player:0r130c/cc/cr115c/cr690f:8dJd,4h6c|/2s4d5d/Qs/3h:-345,345(-345.000000)
526:Player,BR:0cr300c/cc/cc/cc:8dKd,4cAh|/3s5hQc/Js/3d:-400,400(40.211639)
527:BR,Player:0f:4sTd,2d4c|:50,-50(50.000000)
528:Player,BR:0cc/cc/r130c/cc:2cQd,9sJs|/4d9dKc/Jd/8h:-230,230(-215.447865)
529:BR,Player:0r130c/cc/cc/cc:5c9h,6hKd|/7h8dJc/8c/3s:-230,230(-230.000000)
530:Player,BR:0cr130c/r299c/r105c/r126f:5hAh,TcAc|/2s5s9d/9s/Kd:634,-634(634.000000)
531:BR,Player:0r130c/cc/cc/cc:2d3d,4dAh|/3cJcKd/Js/5c:230,-230(230.000000)
532:Player,BR:0cc/cc/cc/cc:5sKd,3cQc|/7s9hAh/Ts/Jc:100,-100(75.617067)
533:BR,Player:0r200c/cr390c/cr1380f:3hKc,JsKs|/6s9cQd/2d:-690,690(-690.000000)
534:Player,BR:0cr130c/cc/cc/cc:6hKd,8s9s|/5c7sQh/2d/7d:230,-230(230.000000)
535:BR,Player:0cc/cc/cc/cc:JhKs,4c8h|/4s6sQs/Ah/5c:-100,100(-17.882825)
536:Player,BR:0cc/cc/cc/cc:6sQh,4s5d|/TdKhAc/Qd/8d:100,-100(78.123052)
537:BR,Player:0r200c/cr390c/cr1380c/cc:2dJs,4d5h|/2s8h9h/Ad/5s:-2070,2070(-1507.448537)
538:Player,BR:0cr130c/cc/cc/r115c:9s9c,ThKd|/3h5hQh/4s/Ks:-345,345(-195.699824)
539:BR,Player:0r130c/cr460c/cc/cc:QsQd,3h5h|/8dThAs/Tc/2c:690,-690(690.000000)
540:Player,BR:0cc/cc/cc/r130c:7d9c,7cKs|/4h7hJc/Qh/5c:-230,230(-98.631817)
541:BR,Player:0r130c/cc/cc/cc:TdAs,9sAd|/3h7cKd/8h/7s:230,-230(-27.265492)
542:Player,BR:0cr300c/cc/r520c/r1196c:7sKh,TdJs|/5d8dQh/9s/2s:-2116,2116(-2116.000000)
543:BR,Player:0r130c/cc/cc/cc:8dJh,7hAs|/8h9dJd/4s/6d:230,-230(230.000000)
544:Player,BR:0cr200c/cc/r150c/r225f:KcAh,2sKh|/4s4h6c/3s/6d:450,-450(450.000000)
545:BR,Player:0f:4h8h,3s8d|:50,-50(50.000000)
546:Player,BR:0cc/cc/cc/cc:2dAs,TcQd|/5h6cQc/Ks/Ac:100,-100(-63.610347)
547:BR,Player:0r200c/cc/cc/cr900f:2d7d,8dKs|/3sKdAs/7h/3c:-300,300(-300.000000)
548:Player,BR:0cr600f:KhAc,3h5d|:100,-100(100.000000)
549:BR,Player:0cc/cc/cr130c/cc:4d7d,6cTc|/4c5sJs/3h/Th:-230,230(-117.142777)
550:Player,BR:0cr200c/r390c/r1380c/r1035f:JsKs,TdQs|/5h7sKc/Ts/7c:2070,-2070(2070.000000)
551:BR,Player:0r130c/cr299c/cc/cc:7hAh,4h5s|/4sTsKc/6d/9s:-529,529(-385.533043)
552:Player,BR:0cr300c/cc/cc/r520c:5h9s,4dKs|/2dJdJc/7s/Ts:-920,920(-18.841492)
553:BR,Player:0cc/cc/cr200f:4c6c,JsQc|/2h3c8c/9s:-100,100(-100.000000)
554:Player,BR:0cc/cc/cc/r130c:3s7d,3dQc|/3c4cKs/Qd/Qs:-230,230(-227.929011)
555:BR,Player:0r200c/cr390c/cc/cc:3sKh,9dJd|/TsTdQc/2h/7s:690,-690(119.206089)
556:Player,BR:0cc/cc/cc/cc:3c6h,8s8h|/ThTcAc/9s/7c:-100,100(-81.874570)
557:BR,Player:0cc/cr130c/cr299c/cc:JdAd,3c5h|/4cQsQh/5s/Ks:-529,529(-65.391986)
558:Player,BR:0cc/cc/cc/cc:4sJd,2cTs|/5s6cJc/6h/Qs:100,-100(41.361616)
559:BR,Player:0cc/cc/cc/cr130f:2hTc,3h6d|/4d9dTd/Qd/Js:-100,100(-100.000000)
560:Player,BR:0cr200c/cc/r390c/r345f:8sTs,5s7c|/4h6d7h/2h/Ks:690,-690(690.000000)
561:BR,Player:0f:4c7h,2d9s|:50,-50(50.000000)
562:Player,BR:0cr300c/cc/r520f:9dAs,7hJs|/3h6dAh/8c:400,-400(400.000000)
563:BR,Player:0f:2c4s,2s5c|:50,-50(50.000000)
564:Player,BR:0cr300c/cc/cc/r520f:7dAs,6cTc|/2s3cAh/Jh/5h:400,-400(400.000000)
565:BR,Player:0r130c/cc/cc/cr299f:2c6d,3d5d|/5h8cQh/6s/3h:-230,230(-230.000000)
566:Player,BR:0cr300f:7d8c,3c9h|:100,-100(100.000000)
567:BR,Player:0r130c/cc/cc/cc:3dJc,6sJs|/3h9dTc/Qc/6h:-230,230(65.614362)
568:Player,BR:0cc/cc/r200c/r390c:6sJh,TdQh|/4h7d9s/8h/3c:-690,690(96.362077)
569:BR,Player:0r300c/cc/cc/cc:KhAs,4sQh|/9sAhAd/2c/Jd:400,-400(400.000000)
570:Player,BR:0cr300c/cc/cc/cc:6cAc,3hAd|/7sTsTd/Qc/Qd:0,-0(-120.821958)
571:BR,Player:0r130c/cr299c/cc/cr687f:TsAh,9hJc|/3h8dKd/5c/Js:-529,529(-529.000000)
572:Player,BR:0cr200c/cc/cc/cc:8cAh,6h8s|/4c9cQd/Ac/3h:300,-300(300.000000)
573:BR,Player:0cc/cc/cc/cc:TdJs,4dAc|/9dTsJh/2c/6c:100,-100(100.000000)
574:Player,BR:0cr200c/r390c/r2070f:TdJd,TsJs|/6cKsKd/2h:690,-690(690.000000)
575:BR,Player:0f:4h8h,2d8s|:50,-50(50.000000)
576:Player,BR:0cr130c/r299c/cc/cc:6dAd,6hJh|/2s6s8c/7h/Ks:529,-529(50.258544)
577:BR,Player:0f:ThJd,2s8d|:50,-50(50.000000)
578:Player,BR:0cc/cc/cc/cc:3s7s,6dQs|/7c9sJh/4s/7d:100,-100(74.713187)
579:BR,Player:0f:9dKh,2d5s|:50,-50(50.000000)
580:Player,BR:0cr300f:5hKh,2c4s|:100,-100(100.000000)
581:BR,Player:0r130c/cc/cc/cr299f:QdKh,TdQc|/2s5s9d/7d/7s:-230,230(-230.000000)
582:Player,BR:0cc/cc/cc/cc:7cTh,8sJh|/3c8dQc/5h/9s:-100,100(-82.561643)
583:BR,Player:0r130c/cc/cc/cr299f:3s8h,2hAc|/5dKsKd/As/Ts:-230,230(-230.000000)
584:Player,BR:0cr600c/cc/r140c/r168c:4h7s,7hAh|/2h7d9d/3d/Jc:-1008,1008(-583.637566)
585:BR,Player:0r130c/cr299f:5d7c,6dTc|/JcQhKh:-230,230(-230.000000)
586:Player,BR:0cc/cc/cc/cc:3c6d,JsJc|/2d5dKs/4c/5h:100,-100(-79.962871)
587:BR,Player:0r200c/cc/cr900f:2dQd,TsTh|/2h9sJc/5c:-300,300(-300.000000)
588:Player,BR:0cc/cc/cc/cc:2h8h,TsAs|/6c8cAc/5h/Qd:-100,100(-92.079129)
589:BR,Player:0r130c/cr299c/cc/cr687c:3d4c,6cQs|/2h3c5c/Ad/Js:1216,-1216(1216.000000)
590:Player,BR:0cr300f:2d5h,2c6s|:100,-100(100.000000)
591:BR,Player:0r130c/cc/cc/cc:3s9d,4dAh|/8s9hQs/Kc/Kh:230,-230(217.312358)
592:Player,BR:0cc/cc/cc/cc:3dAc,7cAs|/3c7hJs/8h/6h:-100,100(-76.928984)
593:BR,Player:0f:7hTs,3c8h|:50,-50(50.000000)
594:Player,BR:0cc/cc/r130c/cc:7cTd,4s6c|/3h6s8d/3s/Kh:-230,230(-37.705163)
595:BR,Player:0r130c/cr299f:6hJs,QhKc|/4d8dTh:-230,230(-230.000000)
596:Player,BR:0cr200f:9hKh,2c5d|:100,-100(100.000000)
597:BR,Player:0r130c/cc/cr299c/cc:6d6c,7hQc|/4d8hAs/5h/7c:529,-529(529.000000)
598:Player,BR:0cr300c/cc/cc/r200f:7s8d,9cQs|/6s7hKs/Td/2s:400,-400(400.000000)
599:BR,Player:0r130c/cr460f:3s5c,7cQh|/6d8sJc:-230,230(-230.000000)
600:Player,BR:0cc/cc/cc/r130c:3s8d,3c4c|/2cJcKh/6c/4s:-230,230(-227.853355)
601:BR,Player:0r200c/cr900f:2hQd,5h9s|/3hTcKh:-300,300(-300.000000)
602:Player,BR:0cc/cc/r130c/r460f:5cTd,JcQd|/8dThAs/Ad/3s:230,-230(230.000000)
603:BR,Player:0r130c/cr299f:4c6s,JdAh|/2d7hJs:-230,230(-230.000000)
604:Player,BR:0cr300c/cc/cc/cc:8hAc,4s8s|/5d7d9h/Td/Kh:400,-400(400.000000)
605:BR,Player:0r130c/cr690c/cr1196c/cr6348f:3h3d,6c8d|/3s6d8h/4s/8s:-2116,2116(-2116.000000)
606:Player,BR:0cc/cc/cc/r300f:2cKs,7cAs|/8s8dQs/Kd/Jd:100,-100(100.000000)
607:BR,Player:0cc/cr130c/cr460f:2cTd,3c6h|/2h4d5h/8h:-230,230(-230.000000)
608:Player,BR:0cr300c/cc/r520c/cc:TdAc,6hJc|/9hQhAh/6d/3h:-920,920(-790.107018)
609:BR,Player:0r130c/cr299f:3sTc,8h9c|/2c6h8c:-230,230(-230.000000)
610:Player,BR:0cc/cc/cc/r130c:8dTh,9dQs|/6dKdAs/8s/5d:230,-230(82.354271)
611:BR,Player:0cc/cr130c/cc/cc:JsAd,2cJc|/QhKcAh/As/7d:230,-230(230.000000)
612:Player,BR:0cr300f:8d8c,4d9c|:100,-100(100.000000)
613:BR,Player:0cc/cr130c/cr460c/cc:QdKs,4dKd|/5dQhKh/3d/Tc:690,-690(690.000000)
614:Player,BR:0cr200c/cc/r150c/cc:5d7c,6dQd|/2s2d5s/Ks/Th:450,-450(329.194053)
615:BR,Player:0cc/cr200c/cr390f:5dJs,9hKd|/JcQsKs/Qh:-300,300(-300.000000)
616:Player,BR:0cc/cc/cc/cc:2s3d,2cQh|/3c9cTh/5s/6h:100,-100(94.964436)
617:BR,Player:0r200c/cc/cc/cr900c:JhKh,6sKd|/9hQsKs/3s/4d:1200,-1200(718.776064)
618:Player,BR:0cc/cc/r130c/r115c:5dKs,3hJh|/9cThQs/Kc/Tc:-345,345(-201.074268)
619:BR,Player:0r130c/cc/cc/cc:3s9c,7hTc|/7c8dAd/Js/Ah:-230,230(-230.000000)
620:Player,BR:0cc/cc/cc/cc:2hJc,2d4s|/5h8dAh/Kh/9s:100,-100(95.683076)
621:BR,Player:0cc/cc/cc/cc:4d7s,4s5h|/4c9sTc/7h/8d:100,-100(100.000000)
622:Player,BR:0cr300f:JdJc,4h7c|:100,-100(100.000000)
623:BR,Player:0r130c/cr299c/cr687f:2s8h,2cKc|/5h6d8s/9h:-529,529(-529.000000)
624:Player,BR:0cc/cc/cc/r130f:4h9c,5sJh|/7h7c9s/Ah/7s:100,-100(100.000000)
625:BR,Player:0r130c/cc/cc/cc:3dJs,3cQc|/ThKhAs/4h/9h:-230,230(-230.000000)
626:Player,BR:0cc/cc/r200f:6dQh,2d3s|/7s7h8c/5h:100,-100(100.000000)
627:BR,Player:0r200c/cc/cc/cc:9cAh,9hAs|/4s5cJs/2h/8s:0,-0(-18.144368)
628:Player,BR:0cc/cc/cc/r130c:TdKs,9cQs|/2s7s8c/Jh/Tc:-230,230(-226.460165)
629:BR,Player:0r130c/cr299c/cc/cc:3dTh,4s5h|/4cKdAh/Ks/2s:-529,529(131.316153)
630:Player,BR:0cr300c/cc/r1200f:6cTs,JcAd|/4s4h6s/4d:400,-400(400.000000)
631:BR,Player:0r130c/cr299c/cr1058c/cc:3h8s,ThAh|/3sQcAc/5s/Kc:-1587,1587(-1092.797627)
632:Player,BR:0cc/cc/cc/cc:7dQs,4dAh|/6s6c9h/Qc/Kh:100,-100(-35.175619)
633:BR,Player:0r300c/cr520c/cc/cr1196f:8h9c,6cJh|/5hTdQd/Kd/5c:-920,920(-920.000000)
634:Player,BR:0cr130c/cc/cc/cc:7s7c,5dQd|/TcQhAs/4d/6c:-230,230(-145.733005)
635:BR,Player:0r200c/cc/cr150c/cc:3hTh,8cAs|/6s9d9c/8d/Js:-450,450(-450.000000)
636:Player,BR:0cc/cc/cc/cc:2sAc,4c8h|/5cTcJd/6c/Qd:100,-100(80.451602)
637:BR,Player:0r130c/cc/cr115c/cr690f:8d9d,9hAc|/8cTsAs/2d/4h:-345,345(-345.000000)
638:Player,BR:0cc/cc/r130c/r115c:5sKs,7s8s|/2s6d9c/5h/5d:-345,345(-330.175857)
639:BR,Player:0f:3c4c,2dTc|:50,-50(50.000000)
640:Player,BR:0cc/cc/cc/r130c:2h5h,8dTd|/7hQcAh/6h/9c:230,-230(-215.237106)
641:BR,Player:0r130c/cc/cc/cc:8cKc,QcKs|/2c3d5h/6h/2h:-230,230(-179.919114)
642:Player,BR:0cc/cc/cc/cc:3s4d,3c4h|/5cThJc/3d/9h:0,-0(-31.178525)
643:BR,Player:0r200c/cc/cc/cc:4d9c,2d3d|/2c5d7h/Jc/8c:-300,300(-300.000000)
644:Player,BR:0cc/cc/r200c/r390c:3dAc,4dQc|/6h9dAs/2s/Qh:690,-690(193.249904)
645:BR,Player:0cc/cc/cc/cc:6s7d,8dQc|/4c7sKs/9h/Jc:100,-100(92.425657)
646:Player,BR:0cc/cc/cc/r130f:4sTc,4dJs|/6d8cAs/8s/2s:100,-100(100.000000)
647:BR,Player:0r130c/cc/cr299c/cr1058c:2h9h,2d9d|/3h7hTs/8h/Ac:1587,-1587(1586.521940)
648:Player,BR:0cc/cc/cc/r130c:4hJh,3sTd|/3d8sTs/3h/2c:-230,230(-229.378790)
649:BR,Player:0r200c/cc/cr150c/cr900f:JhJd,KsAs|/7h9cQc/Ac/Qs:-450,450(-450.000000)
650:Player,BR:0cc/cc/cc/r130c:4hTh,JcQh|/2s3s7c/7d/8s:-230,230(-58.131206)
651:BR,Player:0r200c/cc/cc/cc:9cJs,6hQs|/4sKdAs/Tc/8h:-300,300(-262.089853)
652:Player,BR:0cc/cc/cc/cc:3c8h,5cTc|/3sTdAc/7h/4h:-100,100(-82.359116)
653:BR,Player:0r130c/cr299f:5sTh,7sQd|/6h9sAd:-230,230(-230.000000)
654:Player,BR:0cc/cc/cc/cc:4hQh,5cTs|/2s7hKd/Tc/6s:-100,100(-79.168037)
655:BR,Player:0r300c/cc/cc/cc:4c9c,TcAc|/2h8sJd/7h/Qd:-400,400(-400.000000)
656:Player,BR:0cc/cc/cc/cc:ThQc,TcAc|/6d7h9c/7c/2s:-100,100(-30.756786)
657:BR,Player:0r130c/cr460c/cr897c/cc:2sJh,6dKs|/2d9d9c/Td/7c:1587,-1587(-40.304762)
658:Player,BR:0cc/cc/cc/r130c:7s9h,4hTd|/4sTsAc/2h/Kh:-230,230(-158.843385)
659:BR,Player:0r130c/cc/cr115c/cr2070c:4cAc,3hJh|/4d6c8c/Qh/Qs:2415,-2415(601.961020)
660:Player,BR:0cc/cc/cc/r130c:4cJs,3h5d|/5cJdJc/9c/Qh:230,-230(23.141423)
661:BR,Player:0r130c/cr690f:4dTd,6h9d|/5c7sAs:-230,230(-230.000000)
662:Player,BR:0cc/cc/cc/r130c:5dQc,KsKh|/4s4c6h/5s/9d:-230,230(-178.618304)
663:BR,Player:0cc/cr130c/cc/cr460c:6hJd,4hAc|/2s5cJc/As/8h:-690,690(175.103196)
664:Player,BR:0cr600f:9sTd,2s7c|:100,-100(100.000000)
665:BR,Player:0r200c/cc/cc/cc:8s9c,7sAc|/5hJsKc/6h/3h:-300,300(-300.000000)
666:Player,BR:0cc/cc/cc/cc:2dAh,TcQd|/4h9sKd/7h/6s:100,-100(33.563483)
667:BR,Player:0r130c/cr299c/cc/cc:5sKh,5d9h|/2dAsAd/Jh/4h:529,-529(-14.530338)
668:Player,BR:0cr600c/cc/cc/cc:KhKc,9cKs|/7h9dAc/2c/Qd:700,-700(-431.760041)
669:BR,Player:0r130c/cc/cc/cr299c:TsAh,JsQc|/4hJdAd/3c/6s:529,-529(477.245713)
670:Player,BR:0cr130c/cc/r115c/r172f:TcJc,2s6s|/7hJhAh/2d/5c:345,-345(345.000000)
671:BR,Player:0f:JcAh,4d9s|:50,-50(50.000000)
672:Player,BR:0cc/cc/cc/cc:3hJd,QhKc|/2d4c7c/6c/6h:-100,100(19.734476)
673:BR,Player:0r300c/cr520c/cr1840f:6sJd,QsKh|/6h9cQd/7h:-920,920(-920.000000)
674:Player,BR:0cc/cc/r130f:3s8s,4sTh|/2s5hQs/8h:100,-100(100.000000)
675:BR,Player:0r200c/cc/cc/cr390f:5dAd,6cQd|/4d6s9h/Tc/Td:-300,300(-300.000000)
676:Player,BR:0cr300c/cc/cc/r200f:9s9c,3h9h|/5s8sTh/Qc/8c:400,-400(400.000000)
677:BR,Player:0r130c/cr299c/cr687c/cc:9cTc,8cKc|/6c8dQd/2c/Td:1216,-1216(471.820701)
678:Player,BR:0cc/cc/cc/cc:4s7c,TdKh|/7hQsAs/2h/Qd:100,-100(-53.097473)
679:BR,Player:0r130c/cc/cr115f:2cTc,7cQs|/5s6d9d/Kd:-230,230(-230.000000)
680:Player,BR:0cr200c/r390f:3s6h,2s4s|/3c7d9s:300,-300(300.000000)
681:BR,Player:0r200c/cc/cr600c/cr1800f:8dKd,QdAd|/4s6sQs/9d/8h:-900,900(-900.000000)
682:Player,BR:0cr300c/r520c/r460c/r1794f:7d9d,5cAc|/6cTdQh/6s/8c:1380,-1380(1380.000000)
683:BR,Player:0r130c/cc/cc/cr460c:2c8d,7sKh|/TdJdJc/Ad/2d:690,-690(471.554397)
684:Player,BR:0cc/r200c/cc/r390f:4sJd,3h8d|/3d5hAh/9s/Jh:300,-300(300.000000)
685:BR,Player:0r130c/cr299f:4s9h,8hKc|/2d6c8s:-230,230(-230.000000)
686:Player,BR:0cc/cc/r200f:2hQc,7s9s|/3d4cJd/5c:100,-100(100.000000)
687:BR,Player:0cc/cc/cr130c/cr460c:5d7d,4s8d|/3s7hQc/5c/Jh:690,-690(597.604800)
688:Player,BR:0cc/cc/r200c/r900c:3cJh,9cTc|/3sJsAc/Th/8h:1200,-1200(-440.800959)
689:BR,Player:0r200c/cr390c/cr897f:2dQs,4sAc|/4cJhAs/3s:-690,690(-690.000000)
690:Player,BR:0cr300f:5hQc,3h4c|:100,-100(100.000000)
691:BR,Player:0cc/cc/cc/cc:KcAs,3hQh|/4s8c9s/7c/Ks:100,-100(100.000000)
692:Player,BR:0cc/cc/cc/r130c:3c9s,2hTs|/5c9cAh/Js/8s:230,-230(69.742728)
693:BR,Player:0r130c/cc/cr460c/cr897c:5c9d,3c5d|/JdAhAd/Qc/7c:1587,-1587(1587.000000)
694:Player,BR:0cr200c/r900c/r2400c/r4680c:6c7s,3sKc|/2d9sTd/Ac/3d:-8280,8280(-5430.889998)
695:BR,Player:0r130c/cc/cc/cc:6h7c,8sAc|/5s7dQh/6c/Ts:230,-230(230.000000)
696:Player,BR:0cc/cc/r200c/cc:6c8h,9hJd|/2d9cTs/2s/3s:-300,300(-276.329796)
697:BR,Player:0r300c/cr520c/cc/cr1196f:8dAs,2cJc|/5h7sJs/Td/3s:-920,920(-920.000000)
698:Player,BR:0cr130c/cc/r115c/r172c:8s8d,QdAc|/6dJhAh/5s/As:-517,517(-498.692568)
699:BR,Player:0r200c/cc/cr600c/cc:TdAh,6sKc|/7d8cTc/5s/9h:-900,900(-47.721939)
700:Player,BR:0cr300c/cc/r1200f:5cAc,5h9s|/3h6sTc/Jd:400,-400(400.000000)
701:BR,Player:0f:QdAh,2s5h|:50,-50(50.000000)
702:Player,BR:0cc/cc/cc/cc:6dTh,3h4d|/2dJcAs/Td/Qd:100,-100(100.000000)
703:BR,Player:0cc/cc/cr300f:4sQd,7cAs|/5s6cAh/Js:-100,100(-100.000000)
704:Player,BR:0cr300c/r520c/cc/cc:9hJd,2hQc|/5cQsKc/8c/6h:-920,920(-593.117194)
705:BR,Player:0r130c/cc/cr115c/cc:QcAc,TcQs|/6sKsAd/As/Kh:345,-345(345.000000)
706:Player,BR:0cc/cc/cc/cc:3dTs,2dKd|/4hTcQc/7s/6c:100,-100(49.625953)
707:BR,Player:0r130c/cc/cc/cc:6c7c,8cAd|/2d7hQh/9s/Td:230,-230(151.853115)
708:Player,BR:0cc/cc/cc/cc:3dTc,5c6d|/7cJhJc/7d/5h:100,-100(92.665577)
709:BR,Player:0r130c/cr299c/cr687c/cr2432c:JhAh,9hJd|/2s3s7c/6s/6h:3648,-3648(-373.194426)
710:Player,BR:0cc/cc/r130c/r299f:7d8s,9cKd|/5h5c8h/6s/4c:230,-230(230.000000)
711:BR,Player:0cc/cc/cc/cr130c:8hTs,JsAd|/4h5hQh/Qc/Kd:-230,230(-83.186477)
712:Player,BR:0cr200c/r600c/cc/r450f:8hJh,6cAs|/2c6hJs/Ks/9c:900,-900(900.000000)
713:BR,Player:0r200c/cc/cr390c/cr2070c:AsAd,3hJs|/8hTsQd/6s/2s:2760,-2760(310.309348)
714:Player,BR:0cr200c/r390c/r897c/cc:6d7s,TdQs|/4d7hKc/8h/3c:1587,-1587(153.142717)
715:BR,Player:0r200c/cc/cc/cr390c:7cJd,6d6c|/4h8dQd/4s/7s:690,-690(-130.663858)
716:Player,BR:0cc/cc/cc/cc:4d8s,3cAs|/2c5sKs/4c/Kc:-100,100(-93.915064)
717:BR,Player:0r200c/cr390c/cc/cc:8dTh,6dQs|/9dTsAs/9h/8c:690,-690(83.975777)
718:Player,BR:0cr200c/cc/cc/r150f:9dKd,6c7h|/2sJsKs/Qs/3d:300,-300(300.000000)
719:BR,Player:0r130c/cr460c/cr2070c/cr3588c:TcAd,ThAc|/JcQcKs/9s/9c:0,-0(-1560.624542)
720:Player,BR:0cr600f:9cJd,3d9h|:100,-100(100.000000)
721:BR,Player:0r130c/cc/cc/cr299c:2c4c,7c9h|/4dAhAd/Jh/Ac:529,-529(250.592739)
722:Player,BR:0cc/cc/cc/cc:5hJd,QsQd|/3dQhAc/7c/5s:-100,100(-98.314056)
723:BR,Player:0f:7cQc,3d8h|:50,-50(50.000000)
724:Player,BR:0cc/cc/r300c/cc:3s4c,6cQs|/6dJcQc/2h/2d:-400,400(-264.045414)
725:BR,Player:0r130c/cc/cr299c/cc:ThTd,5d6d|/2c6cJc/Js/3s:529,-529(529.000000)
726:Player,BR:0cr600f:4d7d,3h9d|:100,-100(100.000000)
727:BR,Player:0r130c/cc/cc/cr299c:6cTc,5c7h|/2sQhKc/9c/2h:529,-529(-181.615009)
728:Player,BR:0cc/cc/cc/cc:2s6c,2cKc|/2d3s3d/5c/Qc:-100,100(-68.350638)
729:BR,Player:0r130c/cr299c/cr1058f:7d8c,9cJh|/7sKdAh/Th:-529,529(-529.000000)
730:Player,BR:0cc/cc/cc/cc:4hJc,2h9d|/4s6d7s/Qh/5d:100,-100(100.000000)
731:BR,Player:0f:4s6d,2d8s|:50,-50(50.000000)
732:Player,BR:0cc/cc/cc/cc:5h6s,4hKh|/JhQdAc/6c/As:100,-100(-27.560613)
733:BR,Player:0r130c/cr299c/cr687c/cc:8hKs,3cKh|/TdJdKc/5d/Ac:0,-0(-700.938088)
734:Player,BR:0cc/r130c/r299c/cc:5h7c,2c3c|/3s4cAd/4h/Td:-529,529(-64.389023)
735:BR,Player:0r130c/cc/cr115c/cc:5cTd,5h7c|/8hQdAd/Ac/5d:0,-0(295.386043)
736:Player,BR:0cc/cc/cc/cc:7cQh,5hTh|/3s5c6c/As/2h:-100,100(-76.443121)
737:BR,Player:0r200f:2h4d,3sJs|:-100,100(-100.000000)
738:Player,BR:0cc/cc/cc/cc:6h8s,JdKd|/8dQhAd/Kc/7c:-100,100(-92.113578)
739:BR,Player:0r200c/cr390c/cc/cc:3sKd,5c8c|/3cTsQc/6h/4d:690,-690(123.028776)
740:Player,BR:0cc/cc/cc/cc:5s6h,JsAc|/5c6d8c/Jh/5h:100,-100(-67.539742)
741:BR,Player:0r130c/cc/cc/cc:ThKc,KdAs|/4s5c6c/7c/3c:230,-230(230.000000)
742:Player,BR:0cc/cc/r200c/cc:8c9s,4h8s|/4d5hTh/Tc/6s:-300,300(-224.062696)
743:BR,Player:0r200c/cc/cc/cc:7dAs,ThAh|/3d6cJd/2h/9d:-300,300(-68.274138)
744:Player,BR:0cr600c/r910f:TsAs,6hKh|/2c8cTd:700,-700(700.000000)
745:BR,Player:0cc/cc/cr130c/cr299c:7d8h,3sTh|/4s4c7s/2h/Ac:529,-529(231.510210)
746:Player,BR:0cc/cc/cc/cc:3sKs,2c4d|/2sJcQc/Ac/7c:-100,100(-68.187846)
747:BR,Player:0r200c/cr390c/cr2070c/cc:5d8s,5cKd|/3d8hQc/7d/Tc:2760,-2760(-1451.743865)
748:Player,BR:0cr200c/r390f:6d8d,3hJh|/7sTcAs:300,-300(300.000000)
749:BR,Player:0r130c/cc/cc/cr299f:JhAc,8d9c|/9sTcKh/Kc/3s:-230,230(-230.000000)
750:Player,BR:0cr300c/r1200f:2d9d,7c9h|/2hJcAc:400,-400(400.000000)
751:BR,Player:0r130c/cr690c/cr1840f:2dJh,TcKd|/JsQhAs/5c:-920,920(-920.000000)
752:Player,BR:0cr200c/cc/r150c/cc:5hQh,7sKc|/4d8d9d/7h/4s:-450,450(-305.844149)
753:BR,Player:0r130c/cc/cc/cc:3hQh,9sJs|/2c3sAd/8h/Qc:230,-230(230.000000)
754:Player,BR:0cr1200f:JhKs,2s4d|:100,-100(100.000000)
755:BR,Player:0r130c/cr460f:4s5s,TsJd|/7c8d9s:-230,230(-230.000000)
756:Player,BR:0cc/cc/cc/r130c:4hTd,5s5d|/2c3cAc/6h/2s:-230,230(-113.687003)
757:BR,Player:0f:3hKh,2d7s|:50,-50(50.000000)
758:Player,BR:0cc/cc/r200c/r390c:3s4c,5sAc|/5h9cQh/2h/Jd:-690,690(-88.643591)
759:BR,Player:0r130c/cr299f:2d6h,5dAh|/3d4dJh:-230,230(-230.000000)
760:Player,BR:0cr200c/cc/cc/cc:8hAd,7cAc|/5h9sKc/7h/Th:-300,300(-180.528935)
761:BR,Player:0r200c/cc/cr150c/cc:6d9d,KsAs|/4hQhKh/9c/Th:-450,450(-187.791393)
762:Player,BR:0cc/cc/cc/cc:3dJs,QhAd|/9cKsAh/6h/8c:-100,100(-91.743433)
763:BR,Player:0r130c/cc/cc/cc:8sAc,6sAd|/5hQhAh/Th/Jc:0,-0(57.146455)
764:Player,BR:0cr300f:JcQc,2c3h|:100,-100(100.000000)
765:BR,Player:0r130c/cr299f:2c9d,3d7d|/5s8sAs:-230,230(-230.000000)
766:Player,BR:0cr300c/cc/cc/r520f:2hJh,4s8s|/3sQdAc/6s/5d:400,-400(400.000000)
767:BR,Player:0cc/cr130c/cc/cc:7cJs,6c9c|/QhQcAs/2s/Th:230,-230(-69.695406)
768:Player,BR:0cc/cc/cc/cc:4cTh,TsAh|/2h5s7c/Js/5d:-100,100(-34.280048)
769:BR,Player:0r130c/cc/cc/cr299c:6c8c,9cAc|/4s7cKd/5c/Ad:529,-529(529.000000)
770:Player,BR:0cr200c/cc/r390c/cc:5h8d,8hTd|/4hTcQh/6s/3s:-690,690(-627.365938)
771:BR,Player:0cc/cr130c/cc/cr299c:KcAs,4d8c|/2s3s6h/7s/2c:529,-529(88.052967)
772:Player,BR:0cr300c/cc/r200c/r120c:3hAh,5d9d|/6s7s7h/3d/4h:-720,720(-609.187595)
773:BR,Player:0r130c/cr299c/cc/cc:6c8c,5c7s|/4c8sKc/4d/Ac:529,-529(529.000000)
774:Player,BR:0cc/cc/cc/r130c:2c6h,6cJc|/3s6d8h/Js/Qd:-230,230(-186.937412)
775:BR,Player:0cc/cr130c/cc/cc:KcAd,5sTc|/8c9sAc/Kh/Jc:230,-230(230.000000)
776:Player,BR:0cc/cc/cc/cc:4s5c,4hJs|/2h8cTh/8h/Jc:-100,100(-84.714311)
777:BR,Player:0r130c/cc/cr115c/cc:6sJs,2d6d|/4d6cTc/5c/5h:345,-345(196.078268)
778:Player,BR:0cc/cc/cc/cc:2s6d,2h5s|/3h7s8d/7c/3d:0,-0(91.802753)
779:BR,Player:0r130c/cc/cc/cc:5s7s,5dKh|/4dJsAh/Qh/9h:-230,230(-230.000000)
780:Player,BR:0cc/cc/cc/r130c:2s9s,8hAc|/2h7c9c/Ah/7s:-230,230(-219.465519)
781:BR,Player:0f:QcKh,4d9c|:50,-50(50.000000)
782:Player,BR:0cr300f:5s8s,4d5c|:100,-100(100.000000)
783:BR,Player:0r130c/cr299c/cc/cc:3cQc,6hTc|/2s2d8s/3s/6c:-529,529(260.315686)
784:Player,BR:0cr200c/cc/r150c/cc:2dTs,7hJs|/7c8cTd/9h/3s:-450,450(-417.328616)
785:BR,Player:0r130c/cc/cc/cr460f:9sAh,3sQc|/7s7cQd/8h/Js:-230,230(-230.000000)
786:Player,BR:0cc/cc/cc/r130c:6sTd,2h9d|/9s9cTc/Ks/Kd:-230,230(-226.906749)
787:BR,Player:0r130c/cr299c/cc/cc:6c9d,3s5c|/8h8dQc/9c/8s:529,-529(446.397301)
788:Player,BR:0cc/cc/r300c/r520c:8hQd,3hJs|/3s8cAd/Ah/As:920,-920(247.363656)
789:BR,Player:0cc/cc/cc/cr200c:9hKd,3cJh|/7dTsKs/Th/7h:300,-300(93.862264)
790:Player,BR:0cc/cc/cc/cc:5dJs,5s9s|/3hKdAc/7h/6h:100,-100(98.628278)
791:BR,Player:0cc/cc/cc/cc:3cAc,7dAs|/3sJhQs/6d/6s:100,-100(98.482240)
792:Player,BR:0cc/cc/cc/cc:2cKs,4cKc|/6dJdAc/8s/3s:0,-0(19.526151)
793:BR,Player:0r130c/cr460c/cr1380f:2h8h,KcAh|/9hJhAc/Ks:-690,690(-690.000000)
794:Player,BR:0cr300c/r520c/r1196c/r423f:3cTc,2hQs|/4h5d6s/9h/Ts:2116,-2116(2116.000000)
795:BR,Player:0r130c/cr299c/cc/cc:KhAc,6hQc|/2s8hJh/5c/Ts:529,-529(-90.989666)
796:Player,BR:0cr200c/cc/r390c/r1380f:JhJc,7h7d|/4s4h6d/Td/8h:690,-690(690.000000)
797:BR,Player:0r130c/cr299f:3h8d,2c9c|/2s6dJh:-230,230(-230.000000)
798:Player,BR:0cr300c/cc/cc/r800c:4d5d,2sAc|/8cQhAd/9h/3d:-1200,1200(-137.020639)
799:BR,Player:0r130c/cr460c/cr4140f:7dQd,7sAh|/3s6c9s/5d:-690,690(-690.000000)
800:Player,BR:0cc/cc/cc/cc:3hJs,2cQh|/2d6cQd/4c/Th:-100,100(-94.649177)
801:BR,Player:0f:9cTc,2h7c|:50,-50(50.000000)
802:Player,BR:0cc/cc/r300c/r1200f:9dQs,5sQh|/2h8sQd/7d/9c:400,-400(400.000000)
803:BR,Player:0cc/cc/cc/cc:4s6c,2dKs|/7cJhQh/Tc/6d:100,-100(28.977014)
804:Player,BR:0cc/cc/cc/cc:4sAd,7cJd|/4d5hTc/6c/Qc:100,-100(95.658676)
805:BR,Player:0r130c/cr299c/cc/cc:2sTc,5s6c|/3c7dQc/5d/2c:-529,529(-301.509002)
806:Player,BR:0cc/cc/r130c/cc:3d8h,6sAs|/9d9cQc/9s/4h:-230,230(-169.776283)
807:BR,Player:0r130c/cr690f:7h8s,JdQs|/5s9hKh:-230,230(-230.000000)
808:Player,BR:0cc/cc/cc/cc:3c7s,4s5c|/6cJcAs/Qc/3h:100,-100(93.148601)
809:BR,Player:0r130c/cc/cc/cr115c:5h8c,JhAh|/3c7c8s/7d/6c:345,-345(345.000000)
810:Player,BR:0cr300c/r520c/r1196f:9cQc,3hKs|/2d6cTs/7c:920,-920(920.000000)
811:BR,Player:0r130c/cr299c/cr1058f:7cQh,5h9h|/3dJhAd/2h:-529,529(-529.000000)
812:Player,BR:0cr200c/cc/cc/cc:7hAc,5s6s|/TsJcKh/5c/9s:-300,300(36.850704)
813:BR,Player:0r130c/cc/cc/cr299c:ThJd,4cTs|/3dQdAc/Js/2d:529,-529(97.352164)
814:Player,BR:0cc/cc/cc/r300c:3c8s,9dJd|/6d7dKc/Td/9s:-400,400(-399.868318)
815:BR,Player:0r300c/cr520c/cc/cc:ThKd,6dJh|/7dJsAh/8d/9h:920,-920(920.000000)
816:Player,BR:0cc/cc/cc/r300c:8c9d,TdKs|/3s6dKc/2h/Qd:-400,400(-282.748362)
817:BR,Player:0r130c/cc/cr299c/cc:7dQd,9sJd|/6d9dAc/8c/Kc:-529,529(-138.292265)
818:Player,BR:0cc/cc/cc/cc:2dAs,QdKd|/4h8d9d/7s/Kh:-100,100(-80.751130)
819:BR,Player:0r130c/cc/cr299c/cc:5s6d,7c8h|/2s2d6s/8s/Jh:-529,529(-65.905422)
820:Player,BR:0cr300c/cc/cc/r200f:TsTh,8dTc|/2d5c7c/7s/3c:400,-400(400.000000)
821:BR,Player:0r130c/cc/cr115c/cc:4s4d,JsAd|/6c7cKs/Kc/Ts:345,-345(-5.815976)
822:Player,BR:0cc/cc/cc/r130f:3hQh,2s5h|/6hKsKh/Tc/3c:100,-100(100.000000)
823:BR,Player:0r130c/cc/cc/cc:JsJh,6sAd|/4c8sQd/2c/9h:230,-230(230.000000)
824:Player,BR:0cr300c/cc/cc/cc:8sAd,3hJd|/7dJhQh/6d/Qs:-400,400(-303.816121)
825:BR,Player:0r200c/cc/cr600c/cc:3h4h,TsQs|/2h5dKd/8h/5h:900,-900(900.000000)
826:Player,BR:0cc/cc/cc/cc:6sTs,2d6c|/TdJdQc/3s/9d:100,-100(75.653405)
827:BR,Player:0r130c/cc/cc/cc:JdKh,JcAh|/2h4cQd/9c/8d:-230,230(-163.470795)
828:Player,BR:0cr300c/r520c/r1840c/cc:7s8d,8hTs|/5c9sAd/Qs/Ks:-2760,2760(-2023.989447)
829:BR,Player:0r130c/cc/cr115c/cc:QdAd,3c5s|/4d5hAh/6h/Th:345,-345(232.519324)
830:Player,BR:0cc/cc/cc/r200f:2cQd,9hKc|/6d7dAs/Jc/Qs:100,-100(100.000000)
831:BR,Player:0f:3d4d,2hTd|:50,-50(50.000000)
832:Player,BR:0cr300f:8hJh,2d9c|:100,-100(100.000000)
833:BR,Player:0cc/cc/cr130c/cr1380c:4sTh,5hTc|/3s7sQs/7h/4h:1610,-1610(1610.000000)
834:Player,BR:0cr200c/cc/cc/r150c:7s8d,7h8c|/7cQhAc/9d/2d:0,-0(163.410912)
835:BR,Player:0r130c/cr690f:3c7d,ThQh|/4h6sTc:-230,230(-230.000000)
836:Player,BR:0cc/cc/r130c/cc:3h9c,2hTh|/5s6s7d/Tc/Ah:-230,230(-211.946261)
837:BR,Player:0cc/cr130c/cc/cr299f:ThQs,JsAd|/4d4c7h/7c/2d:-230,230(-230.000000)
838:Player,BR:0cc/cc/cc/cc:2hKd,4c5s|/4dThQc/As/6d:-100,100(-33.440887)
839:BR,Player:0cc/cc/cc/cc:8cJh,2dQs|/3s6d8s/2s/5h:100,-100(100.000000)
840:Player,BR:0cc/cc/cc/cc:6sQd,7sAs|/5d6cTh/8d/Ah:-100,100(-87.722054)
841:BR,Player:0r130c/cr690c/cr1840c/cc:6h6d,AdAc|/3h9dTs/Td/4c:-2760,2760(1645.775320)
842:Player,BR:0cr300c/r800c/cc/cc:3hQh,9dAd|/4d7sAh/2s/Ks:-1200,1200(-1147.490052)
843:BR,Player:0r130c/cr460c/cr897c/cr4761f:TsTd,2sQs|/8sJdKs/5s/Kc:-1587,1587(-1587.000000)
844:Player,BR:0cr300c/cc/cc/r800c:8cTd,JcQh|/5h6cQd/9h/9d:-1200,1200(-728.781997)
845:BR,Player:0cc/cr130f:5h8s,3hTs|/3dJcKs:-100,100(-100.000000)
846:Player,BR:0cc/cc/r130c/r115c:6cTh,5cKs|/2h3c7d/3d/Qs:-345,345(50.079919)
847:BR,Player:0r200c/cr390c/cc/cr1380f:4s9s,KhKd|/4c6h6c/Jh/Qh:-690,690(-690.000000)
848:Player,BR:0cr200c/cc/r390c/r897f:KdAh,2dJc|/4dTdJd/Kc/Th:690,-690(690.000000)
849:BR,Player:0r130c/cc/cr299c/cr687f:2d8c,3s5d|/TsJdKh/6d/Ah:-529,529(-529.000000)
850:Player,BR:0cr300f:7d8h,2d6h|:100,-100(100.000000)
851:BR,Player:0cc/cc/cc/cc:TsAs,3sQh|/4s8s9s/Kc/3h:100,-100(100.000000)
852:Player,BR:0cc/cc/cc/cc:4c6s,ThJc|/3h9sTs/6h/Tc:-100,100(-97.736687)
853:BR,Player:0r130c/cc/cc/cc:2s6h,ThKc|/2h7hQs/5h/Ad:230,-230(125.527265)
854:Player,BR:0cc/cc/r130f:6c7d,3c8d|/9cTcKh/Ks:100,-100(100.000000)
855:BR,Player:0r130c/cr299c/cc/cc:5dQd,2h3h|/2sTcJd/Kc/8c:-529,529(-110.699384)
856:Player,BR:0cc/cc/r130f:3sAd,2d5c|/8d8cAs/Qd:100,-100(100.000000)
857:BR,Player:0r130c/cc/cc/cr299c:TcQs,5hQh|/6sThAd/Qc/5d:529,-529(497.025393)
858:Player,BR:0cr200f:4d6s,2h6c|:100,-100(100.000000)
859:BR,Player:0cc/cr200c/cc/cc:9cJh,3c6h|/2h7hAs/6d/4h:-300,300(-119.157254)
860:Player,BR:0cc/cc/r130c/r115f:6c9s,6sKh|/3s4hTd/7s/Jh:230,-230(230.000000)
861:BR,Player:0r130c/cr299f:5d7s,4dKs|/2s2c4s:-230,230(-230.000000)
862:Player,BR:0cr200c/cc/r150c/cc:2cTd,TsTc|/6c7hAs/9d/Ac:-450,450(-371.453530)
863:BR,Player:0r130c/cc/cr460f:8sQs,ThJh|/2hJdKh/8d:-230,230(-230.000000)
864:Player,BR:0cc/cc/r130c/cc:2d3s,KsKc|/4hQdAc/4s/Js:-230,230(-223.694725)
865:BR,Player:0r130c/cc/cc/cr299f:3hKs,5h9c|/5dJsQh/Ah/5s:-230,230(-230.000000)
866:Player,BR:0cr130c/r460f:6c7c,7h8h|/JhKdAc:230,-230(230.000000)
867:BR,Player:0r130c/cc/cr299c/cr1058f:9cKh,4d6c|/7s9dTs/Th/Jd:-529,529(-529.000000)
868:Player,BR:0cr300c/r1200f:4dAd,6cTs|/7dQsKd:400,-400(400.000000)
869:BR,Player:0r130c/cc/cr115c/cr1035c:8d9d,9cTh|/8sTdQd/Jd/3h:1380,-1380(1380.000000)
870:Player,BR:0cc/cc/r130c/r460f:6sQd,7cJc|/3dJhQh/8s/5d:230,-230(230.000000)
871:BR,Player:0cc/cr130c/cc/cr299f:QcAs,7dJd|/3cThJs/2c/9d:-230,230(-230.000000)
872:Player,BR:0cc/cc/cc/cc:4h9d,JdAd|/JsKsKd/6c/Qd:-100,100(-81.277123)
873:BR,Player:0r200c/cc/cr150c/cr900f:QcAd,8hAs|/2d8sTd/5s/3d:-450,450(-450.000000)
874:Player,BR:0cr200c/cc/cc/cc:3h3d,4dAc|/5cTsKc/Ks/9c:300,-300(29.740736)
875:BR,Player:0f:QdAd,2c8d|:50,-50(50.000000)
876:Player,BR:0cr300c/cc/r1200c/r2080f:QcKh,3hTc|/4h9hTh/8h/5d:1600,-1600(1600.000000)
877:BR,Player:0r200f:2c6h,5h8s|:-100,100(-100.000000)
878:Player,BR:0cc/cc/cc/cc:7dQd,2dAd|/2c3h8c/3c/3s:-100,100(-89.246517)
879:BR,Player:0r130c/cc/cr115c/cc:KsAd,3c4d|/2c4h9d/Kc/6s:345,-345(345.000000)
880:Player,BR:0cc/cc/cc/cc:5sTs,3c4h|/2h3hTc/3s/9h:-100,100(-94.728669)
881:BR,Player:0r130c/cc/cc/cr690c:7dJc,6d8d|/4cKcAh/3c/Ad:920,-920(920.000000)
882:Player,BR:0cc/cc/cc/r130c:5s8s,8c9c|/2h5c6h/9s/Ac:-230,230(-109.337678)
883:BR,Player:0r130c/cc/cc/cc:4dJs,4hKs|/2d3d3c/Qh/7d:-230,230(-230.000000)
884:Player,BR:0cc/cc/cc/r130f:TsKc,3s5d|/3h7dTc/4h/As:100,-100(100.000000)
885:BR,Player:0cc/cr200c/cc/cc:7cKs,3hTs|/6h8hQc/Kc/Qd:300,-300(300.000000)
886:Player,BR:0cc/cc/cc/cc:2s6c,3h4d|/3sQhQd/Ad/Kh:-100,100(-85.029858)
887:BR,Player:0r130c/cc/cr299c/cc:7cAs,4h6d|/9s9cJs/Kc/Jd:529,-529(310.318199)
888:Player,BR:0cc/cc/r130c/cc:3s8c,QhAc|/6dTsAd/6c/9h:-230,230(-216.224729)
889:BR,Player:0r130c/cc/cc/cc:TcJs,4dQh|/3cKsAs/4s/5s:230,-230(230.000000)
890:Player,BR:0cr300c/r800c/cc/cc:9sJd,9hQc|/6d6cTd/Th/Ac:0,-0(147.152233)
891:BR,Player:0r130c/cc/cc/cc:JdQc,2s2c|/4h9dJs/5h/8c:230,-230(230.000000)
892:Player,BR:0cc/cc/cc/cc:4cQs,2d4d|/3s5cTs/3h/9s:100,-100(100.000000)
893:BR,Player:0r130c/cr299c/cc/cc:9dKc,8dAc|/4c7h8c/5c/Qs:-529,529(-364.893942)
894:Player,BR:0cr130c/cc/cc/r460f:8sTh,2s7c|/5h8hKc/7s/3c:230,-230(230.000000)
895:BR,Player:0r200c/cc/cr390f:7cAs,QcAc|/8cTsQd/2h:-300,300(-300.000000)
896:Player,BR:0cc/cc/r200f:2hKs,7cJd|/3h4sTh/Kc:100,-100(100.000000)
897:BR,Player:0r130c/cc/cc/cr460c:2s7d,2d2c|/3c7h8h/4c/4s:690,-690(620.624275)
898:Player,BR:0cc/cc/cc/r130c:2c9s,4s9c|/6s7s9h/Ad/Ks:0,-0(83.039664)
899:BR,Player:0r130c/cc/cc/cr460c:6dAh,6c7h|/8h8cTs/Jc/5h:690,-690(-74.640398)
900:Player,BR:0cc/cc/cc/cc:3c5h,6dJc|/3hQdKh/As/Js:-100,100(-23.829299)
901:BR,Player:0r200c/cc/cc/cr390c:9h9d,4h6h|/3sThAh/9c/Ks:690,-690(669.184893)
902:Player,BR:0cr200f:9sAc,2h4c|:100,-100(100.000000)
903:BR,Player:0r130c/cr299c/cr687c/cc:6h7c,9hAc|/3d4d5s/5d/Ts:1216,-1216(1216.000000)
904:Player,BR:0cr130c/cc/r115c/cc:8hTd,3cJs|/4d8dJh/Jc/4c:-345,345(-341.170208)
905:BR,Player:0r130c/cc/cr299c/cr1058f:2h9h,4sTs|/2d7d8s/Ah/5h:-529,529(-529.000000)
906:Player,BR:0cc/cc/r200c/r150c:4cTh,9sTc|/6h8cTd/3h/Qs:-450,450(-353.261527)
907:BR,Player:0r130c/cc/cr115c/cr690c:7sTs,4d6s|/2h7dAc/Qh/5c:1035,-1035(609.923300)
908:Player,BR:0cc/cc/r200c/r390c:3h5c,7hTs|/6h7c8d/4c/8h:690,-690(195.074765)
909:BR,Player:0f:5cJs,3d9s|:50,-50(50.000000)
910:Player,BR:0cr300c/cc/cc/cc:8dAd,7dQc|/3s5h9s/Qs/Qh:-400,400(-352.719027)
911:BR,Player:0r300f:2h5h,8sJs|:-100,100(-100.000000)
912:Player,BR:0cc/cc/r200c/r390f:4h6c,4dKc|/5h7h7c/5s/8c:300,-300(300.000000)
913:BR,Player:0r130c/cc/cr299c/cr1587c:4h9s,JdQs|/3s6s7h/5h/Ks:2116,-2116(1147.794158)
914:Player,BR:0cc/cc/cc/cc:8sTd,5hJd|/3c6sAs/8c/8d:100,-100(68.183964)
915:BR,Player:0r130c/cr299c/cc/cr687c:7sJc,2sAd|/8hJdAh/7h/Kc:1216,-1216(1072.520175)
916:Player,BR:0cc/cc/cc/r130c:6dQc,5hTs|/8h9hKh/2h/3h:-230,230(-190.330268)
917:BR,Player:0r130c/cc/cc/cc:7d9h,2s2d|/3c9dAh/8h/Ac:230,-230(230.000000)
918:Player,BR:0cc/cc/cc/cc:5hQd,5dQs|/2c3s7d/9c/4d:0,-0(95.966455)
919:BR,Player:0r200c/cr600f:2dTd,4h8h|/3s5h9d:-300,300(-300.000000)
920:Player,BR:0cr130c/r690c/cc/cc:4sQs,9sTc|/7s8cTd/Kc/7d:-920,920(-917.632083)
921:BR,Player:0r200c/cc/cc/cc:3hKd,8hAs|/4c9cTs/2d/6c:-300,300(-300.000000)
922:Player,BR:0cc/cc/r200c/cc:2d8d,7sKh|/7cTcJs/9d/Ks:300,-300(240.001835)
923:BR,Player:0r130c/cc/cc/cc:4h9h,4s7c|/4d6hQh/7h/5h:230,-230(230.000000)
924:Player,BR:0cc/cc/r300c/cc:2h4d,4s8c|/TcKsKh/Ac/Qd:0,-0(0.000000)
925:BR,Player:0f:8cAc,2sTh|:50,-50(50.000000)
926:Player,BR:0cc/cc/r130c/r115f:7d9c,4dAd|/2d5h7s/9d/9h:230,-230(230.000000)
927:BR,Player:0cc/cr300c/cc/cc:2dAh,6sJh|/4d8hTh/Qc/2s:400,-400(-101.527286)
928:Player,BR:0cc/cc/cc/r200f:5hTd,JcAd|/4d6hTs/Qh/6d:100,-100(100.000000)
929:BR,Player:0cc/cc/cc/cc:5s5d,7c8s|/2h8dQd/Kh/Ts:-100,100(43.684088)
930:Player,BR:0cr300c/cc/cc/r800c:QsKs,3sKc|/7d8dTd/2c/Qc:1200,-1200(394.094743)
931:BR,Player:0r200c/cr390c/cr897c/cc:6hAh,7s9h|/JsJhQs/Td/Kd:1587,-1587(1587.000000)
932:Player,BR:0cr130c/cc/cc/r115f:4s5s,5c8c|/4hJsAs/Kc/Kd:230,-230(230.000000)
933:BR,Player:0r200c/cc/cc/cc:5d9s,3h4c|/8dKsAh/3d/9h:300,-300(300.000000)
934:Player,BR:0cc/cc/cc/cc:2hJd,4hTs|/4cKcAh/6h/5d:-100,100(-45.443671)
935:BR,Player:0r130c/cc/cc/cr690f:2h8h,6hTc|/5s6c7h/Kc/Th:-230,230(-230.000000)
936:Player,BR:0cr130c/cc/r115c/r172f:6sQs,9dKd|/5s5cTs/Jh/7s:345,-345(345.000000)
937:BR,Player:0r130c/cc/cr115c/cc:8hAc,6c9c|/5s6s8s/3d/Ks:345,-345(64.280966)
938:Player,BR:0cc/cc/cc/cc:6cAs,9dTs|/5s5dQs/Ks/5c:100,-100(56.375895)
939:BR,Player:0f:2c4h,2d6c|:50,-50(50.000000)
940:Player,BR:0cc/cc/cc/r130c:8cAd,2dTs|/7s7h9c/Td/Th:-230,230(-225.341521)
941:BR,Player:0r130c/cc/cc/cr299c:3dKd,4cTs|/QcKsKc/Tc/3c:529,-529(524.711960)
942:Player,BR:0cc/cc/cc/cc:3h5s,2h8h|/6h8dAd/Jd/6d:-100,100(12.396049)
943:BR,Player:0r130c/cr299c/cc/cc:3dKd,2hAc|/2s8hTd/Ks/9s:529,-529(529.000000)
944:Player,BR:0cr300c/r1200c/cc/r2080f:5cAc,7c9h|/2d9cQc/8c/2s:1600,-1600(1600.000000)
945:BR,Player:0r200c/cc/cc/cc:6c9d,JsAs|/3h4c8d/7d/4d:-300,300(-300.000000)
946:Player,BR:0cr300c/cc/cc/cc:7hAd,3hAs|/6c9sQc/4c/6h:0,-0(207.879631)
947:BR,Player:0r130c/cr299c/cr687c/cc:9dTd,5c8h|/2c4dJd/Kc/5d:1216,-1216(1216.000000)
948:Player,BR:0cc/cc/cc/cc:2dTh,8h8d|/5dJsAs/5s/5h:-100,100(-84.273770)
949:BR,Player:0r130c/cr299c/cc/cc:7hJs,2s6s|/3c8dTc/5h/Qh:529,-529(-329.850166)
950:Player,BR:0cc/cc/cc/r130c:3cTh,6h7h|/6s8dAd/5c/Ts:230,-230(34.081975)
951:BR,Player:0cc/cr200c/cc/cc:2hTd,6h8s|/3sTcJc/Ts/As:300,-300(300.000000)
952:Player,BR:0cc/cc/cc/r130c:3d7d,6dQh|/7sQdAs/6h/5c:-230,230(-217.521758)
953:BR,Player:0r300f:3h7c,7sTd|:-100,100(-100.000000)
954:Player,BR:0cc/cc/r130c/cc:7d9c,TdKc|/2s2h4d/Kd/Qh:-230,230(-201.583333)
955:BR,Player:0f:4h9c,2c5h|:50,-50(50.000000)
956:Player,BR:0cc/cc/cc/cc:4dKs,7dKh|/5sTsQh/Ac/9c:0,-0(-0.305252)
957:BR,Player:0r130c/cr299c/cr687f:5h6d,5s7h|/2s4sAd/Ac:-529,529(-529.000000)
958:Player,BR:0cr300c/r520c/cc/r460c:6d7d,7sQs|/TcJdAh/9d/5s:-1380,1380(-371.562747)
959:BR,Player:0cc/cc/cc/cr130c:7hJh,5sTc|/7cTsJc/6s/Qh:230,-230(230.000000)
960:Player,BR:0cr300c/cc/r200c/cc:6h6c,7dAh|/3c5sJs/2h/Kc:600,-600(560.907955)
961:BR,Player:0r130c/cr299c/cc/cr1058c:8dKs,3d5c|/7h9dJs/Jc/Ad:1587,-1587(1411.884620)
962:Player,BR:0cc/cc/cc/cc:4hKs,4c8c|/3s6s7h/8s/4s:100,-100(-32.201795)
963:BR,Player:0f:5dKd,3s8h|:50,-50(50.000000)
964:Player,BR:0cr300c/cc/cc/r800c:3c5s,8sKc|/8d8cJh/Td/9s:-1200,1200(-822.528648)
965:BR,Player:0r130c/cc/cr299c/cr687f:8sTs,KhKd|/3s5cTd/7s/Qc:-529,529(-529.000000)
966:Player,BR:0cc/cc/cc/r130c:3c7s,9s9d|/2h3dKs/Qd/Kc:-230,230(-109.972753)
967:BR,Player:0r130c/cr299c/cc/cc:7dTc,5s5c|/4c7h8d/8h/9c:529,-529(322.835555)
968:Player,BR:0cc/cc/cc/cc:3sKd,8cTd|/7dTsQd/Qs/9h:-100,100(-78.887894)
969:BR,Player:0r130c/cr299c/cr1587c/cc:ThQc,9cTc|/6dJsJh/Kd/4s:2116,-2116(2116.000000)
970:Player,BR:0cr300f:7s8s,2c3h|:100,-100(100.000000)
971:BR,Player:0r130c/cc/cc/cr299c:2d5s,5dAh|/8c9dQc/5h/3s:-529,529(-209.261118)
972:Player,BR:0cr300c/cc/cc/cc:QcKc,5sKh|/2s6sAs/7d/9s:-400,400(-276.333198)
973:BR,Player:0r300c/cc/cc/cc:4hAh,4cAs|/5h9cKd/7c/4s:0,-0(330.180006)
974:Player,BR:0cr200c/cc/r600c/cc:7c9c,JhKd|/2cQcKh/6s/9h:-900,900(-888.504113)
975:BR,Player:0r200c/cr900f:8cKs,9dQh|/3c6cQd:-300,300(-300.000000)
976:Player,BR:0cc/cc/cc/cc:7cAs,5dQs|/2h5s5c/Td/Qd:-100,100(-99.913336)
977:BR,Player:0r130c/cc/cc/cc:8dJh,2dKh|/5s8sTd/2s/9h:230,-230(230.000000)
978:Player,BR:0cr300c/cc/r800c/r2400f:6h6d,8h8c|/7sTsJd/6s/2h:1200,-1200(1200.000000)
979:BR,Player:0r200f:2s5h,QhAh|:-100,100(-100.000000)
980:Player,BR:0cc/cc/cc/r130c:6c8h,9cAc|/3sTsKc/6h/5s:230,-230(95.238242)
981:BR,Player:0r130c/cc/cc/cc:6hAs,7d7c|/4sTsKh/9c/6d:-230,230(192.386946)
982:Player,BR:0cc/cc/cc/cc:2dTc,7sQs|/5c7h9s/5h/4h:-100,100(-63.911044)
983:BR,Player:0cc/cc/cc/cr130f:2s9c,4c6h|/3cJcKs/8s/Ts:-100,100(-100.000000)
984:Player,BR:0cc/cc/cc/r130f:8dAh,TsAs|/6h6c8h/Qc/Ks:100,-100(100.000000)
985:BR,Player:0r130c/cr299f:2c8d,6hKs|/5h6cJc:-230,230(-230.000000)
986:Player,BR:0cc/cc/r300c/r800c:7c8s,8dTc|/7h7dAs/4d/Qc:1200,-1200(-958.447446)
987:BR,Player:0f:9hJh,3c7h|:50,-50(50.000000)
988:Player,BR:0cc/cc/cc/cc:2h7h,4cJh|/2cTdQc/2s/7s:100,-100(35.568043)
989:BR,Player:0r130c/cr299f:4d7s,4sQc|/3dThJc:-230,230(-230.000000)
990:Player,BR:0cc/cc/r130f:ThJd,3sTd|/4s9dJh/Kh:100,-100(100.000000)
991:BR,Player:0f:6s9d,2c5h|:50,-50(50.000000)
992:Player,BR:0cr300c/cc/r200c/r780f:8d9s,QsAh|/2d3d7d/9c/Jd:600,-600(600.000000)
993:BR,Player:0r200c/cc/cc/cr390f:8cKs,7cAd|/4s4hQd/7s/5h:-300,300(-300.000000)
994:Player,BR:0cr300c/cc/cc/r1200f:KhAs,6dQh|/2s7sAd/8d/Ac:400,-400(400.000000)
995:BR,Player:0r130c/cc/cr460f:5h7h,7cQd|/2hThKs/9d:-230,230(-230.000000)
996:Player,BR:0cr200c/r900f:JhAs,7h9d|/3cQhAd:300,-300(300.000000)
997:BR,Player:0r130c/cc/cc/cr460c:6cAd,4cJd|/5c7dKh/Ts/Ac:690,-690(-53.238464)
998:Player,BR:0cc/cc/cc/cc:5sJh,ThKh|/4d8cAh/9c/Jc:100,-100(0.219036)
999:BR,Player:0cc/cr300f:2h3c,4c8h|/6cJcKd:-100,100(-100.000000)
1000:Player,BR:0cc/cc/cc/r130f:7hKd,4c7s|/9sTcQs/9h/Ks:100,-100(100.000000)
RAW BR STATS: n=1000, sum=55016.000000, sum_sq=649063382.000000, vr_sum=24136.862664, vr_sum_sq=390372671.413315
BR STATS: 55.016000(49.817811), 24.136863(38.696480)
RESULTS
1)BR: 55016
2)Player: -55016
