In config file: GAME_DEF=game_def.fullholdem
In config file: ACTIONS_R0=C
In config file: ACTIONS_R1=C
In config file: ACTIONS_R2=F,C,1,A
In config file: ACTIONS_R3=F,C,1,A
Loading player: rgbr_nl_cprg.so
Player args: /home/viliam/cprg/project_uoapoker/trunk/src/c/meta_player.so /home/viliam/cprg/project_uoapoker/trunk/src/c/acpc14.map
Using seed 32.
1:BR,Player:0r130c/cc/cr115f:2c7s,6hQh|/3h5sJc/5h:-230,230(-230.000000)
2:Player,BR:0cr300c/cc/r200r1200c/cc:2sJs,7cTc|/3c4h6d/Jd/Qd:1800,-1800(1800.000000)
3:BR,Player:0r130c/cr299c/cc/r19471f:6hAc,5d8d|/4h7dKs/Kh/4s:529,-529(529.000000)
4:Player,BR:0cr200c/cc/cr600c/cc:5h8h,7sJc|/2hJhQc/Qh/9c:900,-900(-207.132995)
5:BR,Player:0cc/cc/cc/r19900f:QsKs,4d9c|/4h6sAc/8h/Ad:100,-100(100.000000)
6:Player,BR:0cr200c/cc/cr19700f:QdAh,2cTs|/5s8dTc/2h:-300,300(-300.000000)
7:BR,Player:0r200c/cr390c/cr1380f:7h7c,8cJs|/8h8dAs/4c:-690,690(-690.000000)
8:Player,BR:0cr600c/cc/r140r19160f:QsAs,2sTs|/3c4s6h/7d:-840,840(-840.000000)
9:BR,Player:0r130c/cc/cc/r19770f:2s3d,JhQs|/5s8cAs/Ac/9d:230,-230(230.000000)
10:Player,BR:0cc/cc/cr200f:2cKc,7dJh|/5hTsQh/7h:-100,100(-100.000000)
11:BR,Player:0r130c/cr299c/cc/r19471f:TcAd,TsTd|/5s5h7s/Kh/Qd:529,-529(529.000000)
12:Player,BR:0cr300c/cc/cc/r520f:4c6d,4d6h|/2h7sAh/Jc/5c:400,-400(400.000000)
13:BR,Player:0r130c/cr460c/cc/r19310f:9dTc,7cTh|/3h9hQc/Jh/6s:690,-690(690.000000)
14:Player,BR:0cc/cc/cr200c/cc:4sKd,8hTh|/2h4hTs/9d/As:-300,300(-157.248147)
15:BR,Player:0r200c/cr390c/r1380f:TcQc,6sQd|/3c5d7d/Kc:690,-690(690.000000)
16:Player,BR:0cr300c/r520c/r1196f:9cAc,7cKh|/8hTcAd/6s:920,-920(920.000000)
17:BR,Player:0r200c/cr600c/r1800c/r5400f:3cKs,8dTs|/3h5d8h/Kh/Jc:2700,-2700(2700.000000)
18:Player,BR:0cc/cc/cr200f:3s8d,TcJs|/9sJhAh/Th:-100,100(-100.000000)
19:BR,Player:0r130c/cc/r19770f:6dKh,TcAh|/3h3cQh/As:230,-230(230.000000)
20:Player,BR:0cc/cc/cc/cr200f:2h9d,3cKc|/3hTcQd/5s/5h:-100,100(-100.000000)
21:BR,Player:0r200c/cc/cc/r19700f:TcQd,2hAh|/3h6s7s/Kc/3s:300,-300(300.000000)
22:Player,BR:0cr200c/cc/cr600c/cc:5d6d,9dJs|/3c4d6h/3s/Ks:900,-900(900.000000)
23:BR,Player:0r130c/cc/r460c/cc:QcKh,9sTc|/2dTdJd/Jh/8h:-690,690(-690.000000)
24:Player,BR:0cc/cc/cc/r130r460f:4cKh,QcKc|/2s3s6s/Js/5s:-230,230(-230.000000)
25:BR,Player:0r130c/cc/r460c/r1380c:9d9c,2s7s|/2dThAc/4h/2h:-2070,2070(-2070.000000)
26:Player,BR:0cc/cc/r130r460c/cr19310f:2c9h,6dKd|/5h6h8d/9d/Ts:-690,690(-690.000000)
27:BR,Player:0f:5hQc,2dTs|:50,-50(50.000000)
28:Player,BR:0cc/cc/r130c/r690r1840f:6sKh,3d8h|/5s8cKd/Ks/9s:-920,920(-920.000000)
29:BR,Player:0r200c/cr600c/cc/r1800f:2h4c,JhAc|/5s9dJc/Td/8h:900,-900(900.000000)
30:Player,BR:0cc/cc/r200c/r390r19310f:6sQd,5dTc|/2d4hTs/Qh/Js:-690,690(-690.000000)
31:BR,Player:0r130c/cc/cc/r460c:5c8c,7hJh|/3d8dJd/4h/5s:690,-690(690.000000)
32:Player,BR:0cr600c/cc/r140r19160c/cc:7h9c,JsAd|/3h7sAc/2s/3s:-20000,20000(-13412.886694)
33:BR,Player:0r130c/cr299c/cr687c/r18784f:7s8c,4hQs|/3s8dTs/Ad/6c:1216,-1216(1216.000000)
34:Player,BR:0cc/cc/cr200f:2h7c,7h9h|/6s8hKs/4s:-100,100(-100.000000)
35:BR,Player:0r130c/cc/r460f:5s5h,6sAh|/2sTcKd/4c:230,-230(230.000000)
36:Player,BR:0cc/cc/cc/cr200c:6d9s,7cKd|/4h9dQd/Ac/Kh:-300,300(-256.478411)
37:BR,Player:0r130c/cc/r460c/r1380c:6sAc,QcKd|/4h9dAd/Jc/5s:2070,-2070(1151.654564)
38:Player,BR:0cr600c/r910c/cr3220c/cr9660c:TsQs,3dKc|/3hQdAh/3c/2h:-14490,14490(-14490.000000)
39:BR,Player:0r130c/cc/cc/r460f:7s7h,4sKs|/6h9dJd/8h/6s:230,-230(230.000000)
40:Player,BR:0cr300c/r520c/r1196c/cr4232f:5h6h,2cQd|/2h3cTc/As/6c:-2116,2116(-2116.000000)
41:BR,Player:0r130c/cr299c/r1058f:JhQc,5d9h|/2dTcJd/Qs:529,-529(529.000000)
42:Player,BR:0cr300c/r520c/cr1840f:9dQd,7s9c|/2c3cTc/Ah:-920,920(-920.000000)
43:BR,Player:0f:TcKs,2h3d|:50,-50(50.000000)
44:Player,BR:0cc/cc/cc/r130r460f:5h6s,8cAh|/3s6hKh/Ts/4h:-230,230(-230.000000)
45:BR,Player:0r300c/cc/cc/cc:8hTd,QhAh|/5c9dJs/Kd/5d:-400,400(-400.000000)
46:Player,BR:0cr600c/cc/r350r18950f:JdJc,4s7c|/2d4c6s/3h:-1050,1050(-1050.000000)
47:BR,Player:0r130c/cr299c/r1058c/r3174r14283c:TdJd,4cTc|/4hTsTh/Qd/5c:-19044,19044(-3307.352078)
48:Player,BR:0cr300c/r520c/cr1840r3588f:2cQc,QsAs|/2d9dQh/2h:2760,-2760(2760.000000)
49:BR,Player:0r130c/cc/cr115c/r690c:ThAd,5hQd|/3c4sQh/7d/Td:-1035,1035(80.356291)
50:Player,BR:0cr130c/r299c/cc/r1058f:7cKh,2d3s|/6d7dAs/Jh/7h:529,-529(529.000000)
51:BR,Player:0r200c/cr600c/cr1800c/r5400f:5hJh,7sTh|/4h8c9h/5d/Td:2700,-2700(2700.000000)
52:Player,BR:0cc/cc/cr200f:9hJd,2cAh|/4h6hAd/3d:-100,100(-100.000000)
53:BR,Player:0cc/cr200c/cc/cc:7s9s,3c4s|/5d7cTd/2h/Kc:300,-300(284.854757)
54:Player,BR:0cc/cc/cc/cr19900f:3hJh,3s5s|/QdKcAc/6h/2d:-100,100(-100.000000)
55:BR,Player:0f:9s9c,4s9h|:50,-50(50.000000)
56:Player,BR:0cc/cc/cr200c/cr600f:3cQs,7hAc|/4dAhAd/3h/Jc:-300,300(-300.000000)
57:BR,Player:0r130c/cr690c/cr2760f:9dQs,7c9s|/4s5d6h/8s:-920,920(-920.000000)
58:Player,BR:0cc/cc/r300c/r520r19080f:3s6s,QhAh|/9s9hQs/Ac/5h:-920,920(-920.000000)
59:BR,Player:0r130c/cr1380c/cr322f:9sJs,2s2c|/2h3c9h/4s:-1610,1610(-1610.000000)
60:Player,BR:0cc/cc/r200c/r390r1380f:6sJh,3h5d|/5c9dJd/Th/Tc:-690,690(-690.000000)
61:BR,Player:0r200c/cc/cc/r600c:6hTh,7dQh|/2sTcAh/2d/Kd:900,-900(-108.032193)
62:Player,BR:0cc/cc/cc/cc:3s8c,ThKs|/6cJcQd/Jd/6d:-100,100(-38.549521)
63:BR,Player:0r130c/cr690c/cc/cc:8s8d,8cTs|/7dQsKh/Qd/5h:920,-920(920.000000)
64:Player,BR:0cc/cc/cr200c/cc:5c9h,9dTs|/6h9cAs/Jc/8c:-300,300(32.263928)
65:BR,Player:0r130c/cr299c/cc/r1058f:3sKh,5cAs|/3d5h6h/9d/Kc:529,-529(529.000000)
66:Player,BR:0cc/cc/cr200f:9sJd,4h5d|/2s2d6s/Kd:-100,100(-100.000000)
67:BR,Player:0cc/cr130c/r460f:ThQh,3hAd|/3c7hTc/6s:230,-230(230.000000)
68:Player,BR:0cc/cc/r130f:9sQd,2dTs|/4h8sJc/6d:100,-100(100.000000)
69:BR,Player:0cc/cc/cc/r19900f:6cAd,5d7s|/4s4dQc/7h/Ks:100,-100(100.000000)
70:Player,BR:0cr300c/r520c/cr19080f:9sQc,6s8h|/6h6cTs/Ah:-920,920(-920.000000)
71:BR,Player:0r130c/cr299c/cr1587c/cc:2cAh,9cAd|/3h8dAc/Kh/Qh:-2116,2116(768.489666)
72:Player,BR:0cc/cc/r300c/r520c:7h8d,6hTs|/4h7s7c/Qh/Jc:920,-920(73.413072)
73:BR,Player:0cc/cc/r200c/r19700f:4hKh,8hKc|/TcKsAs/5d/Qc:300,-300(300.000000)
74:Player,BR:0cc/cc/cc/cr19900f:JdQc,3c6s|/5d7hKc/3s/8d:-100,100(-100.000000)
75:BR,Player:0f:2dKd,2c7h|:50,-50(50.000000)
76:Player,BR:0cc/cc/cr200c/cr600f:8sJh,2d9h|/5d9dQh/9s/2s:-300,300(-300.000000)
77:BR,Player:0r130c/cc/r460c/cr897r3174f:2sTs,8sKc|/7d8dQh/8h/Qs:1587,-1587(1587.000000)
78:Player,BR:0cr300c/r520c/cc/r184r18896f:9hTs,JcKd|/6dQsKc/6h/9c:-1104,1104(-1104.000000)
79:BR,Player:0r130c/cc/r460c/cr897r18413f:3d7h,8dJh|/6s6cJs/2s/4c:1587,-1587(1587.000000)
80:Player,BR:0cc/cc/cc/r300c:5hJs,6sJc|/4d8hKd/6d/3d:-400,400(-285.628821)
81:BR,Player:0r130c/cc/cc/r19770f:3c9h,4c5s|/2c4s5c/3h/Td:230,-230(230.000000)
82:Player,BR:0cc/cc/cr200f:4c6s,6hAc|/8cJsAd/3s:-100,100(-100.000000)
83:BR,Player:0f:9cTc,3sTd|:50,-50(50.000000)
84:Player,BR:0cr600c/cc/cr1400f:8hQh,6h7d|/2s3cAd/9s:-700,700(-700.000000)
85:BR,Player:0f:6hTd,4h9d|:50,-50(50.000000)
86:Player,BR:0cc/cc/cr19900f:5c9h,8hKh|/8d8cKs/3s:-100,100(-100.000000)
87:BR,Player:0r130c/cr299c/r1058c/cr3174f:7sKs,3dQd|/2c6dKh/5d/Td:-1587,1587(-1587.000000)
88:Player,BR:0cr600c/r910c/cc/r2093r7406r8891f:5sKs,2c8s|/3s7c8d/9s/2s:11109,-11109(11109.000000)
89:BR,Player:0r130c/cc/r19770f:2hTc,3sKc|/4h4dAd/Jc:230,-230(230.000000)
90:Player,BR:0cc/cc/r130c/cr460f:5c7h,4cQd|/3d4sKc/8c/Jc:-230,230(-230.000000)
91:BR,Player:0r130c/cc/r460c/r19310f:AhAc,6dKc|/4s8hKd/5c/2h:690,-690(690.000000)
92:Player,BR:0cr300c/cc/cr19600f:7sQs,TcAd|/3hAsAh/2d:-400,400(-400.000000)
93:BR,Player:0f:6dJc,2s5d|:50,-50(50.000000)
94:Player,BR:0cc/cc/cc/r130f:8s9c,5hAs|/9sQsQh/6d/8d:100,-100(100.000000)
95:BR,Player:0r130c/cc/r460f:6d8c,8sAh|/3dJdQs/7d:230,-230(230.000000)
96:Player,BR:0cc/cc/cr200c/cr19700f:3d9h,3h7c|/3c7dTd/Ks/Kc:-300,300(-300.000000)
97:BR,Player:0r200c/cr600c/r1800c/cr540c:7sTs,TcJc|/7d8hJh/7c/9h:0,-0(-619.974740)
98:Player,BR:0cr200c/cc/cc/r390r19310f:2sTd,3s7h|/6s9cQc/7c/6c:-690,690(-690.000000)
99:BR,Player:0r130c/cr299c/cr1058r3174c/r9522f:6c7s,3c4d|/5d9hKc/2h/2d:4761,-4761(4761.000000)
100:Player,BR:0cr200c/cc/cr600f:TcKd,QsQc|/2d3d4s/Jc:-300,300(-300.000000)
101:BR,Player:0r130c/cc/r460f:9cTs,9dAs|/3d6s6d/7h:230,-230(230.000000)
102:Player,BR:0cr200c/r600c/cr1800f:7h9h,5d8d|/2cThKd/3c:-900,900(-900.000000)
103:BR,Player:0cc/cr130c/cr460r1380f:2dQd,4s7d|/3cJhJc/4c:690,-690(690.000000)
104:Player,BR:0cc/cc/r200r600c/cc:8h9c,2d4c|/2c4d8c/3s/7s:-900,900(-383.819951)
105:BR,Player:0r130c/cc/cr115r690c/cr1345r17620c:QsAh,4c5h|/5sThKs/5c/4s:-20000,20000(-20000.000000)
106:Player,BR:0cc/cc/cc/r130r460f:7h8s,5hJc|/2h9sAs/Qc/Qd:-230,230(-230.000000)
107:BR,Player:0cc/cr130c/r460c/cr897r18413f:6d9d,TdAh|/5c8sAd/2d/8h:1587,-1587(1587.000000)
108:Player,BR:0cr130c/cc/r690c/cc:4c8c,6hJh|/7s7dKh/6c/3s:-920,920(-919.356605)
109:BR,Player:0r130c/cc/cr460r19310f:JdKh,2cAd|/3d7dAh/2s:690,-690(690.000000)
110:Player,BR:0cc/cc/cr200f:6sKd,8s8c|/3dQhAc/4s:-100,100(-100.000000)
111:BR,Player:0r130c/cr299c/cr687f:8sKs,JdAs|/2sQcAc/4h:-529,529(-529.000000)
112:Player,BR:0cc/cc/r130c/cc:2dTc,2cQh|/4d9hJs/8c/Kh:-230,230(-130.207077)
113:BR,Player:0f:4sTs,3h7d|:50,-50(50.000000)
114:Player,BR:0cc/cc/cr200f:3dAs,4s5s|/2h6s9c/8c:-100,100(-100.000000)
115:BR,Player:0cc/cr130c/cc/r19770f:3cAd,4d9h|/6dTsQd/Tc/8d:230,-230(230.000000)
116:Player,BR:0cr200c/cc/r150r900f:3d4h,6cKh|/3s7dQs/7h:-450,450(-450.000000)
117:BR,Player:0r130c/cr299c/cc/cc:3hKh,3cAh|/3s9dQh/4c/9s:-529,529(96.986111)
118:Player,BR:0cr200c/cc/cc/cr600c:9dKd,4s5s|/4hTsAd/Jh/Kc:900,-900(900.000000)
119:BR,Player:0r130c/cc/cc/r19770f:6dTc,7cJs|/5sJhKc/Qd/5h:230,-230(230.000000)
120:Player,BR:0cc/cc/cc/cr19900f:5sTh,5hJh|/3sQdAs/7h/4s:-100,100(-100.000000)
121:BR,Player:0r130c/cc/r460c/cc:7sQd,KhKd|/7h7dJh/Jc/8s:690,-690(690.000000)
122:Player,BR:0cr200c/r390c/r1380r17930f:TdAc,8cQs|/3s5d9d/Th:-2070,2070(-2070.000000)
123:BR,Player:0r130c/cr299c/cc/cc:6sAh,7dTc|/3s4dJc/Qh/Kd:529,-529(-77.629264)
124:Player,BR:0cr300c/cc/r200c/r780f:4d4c,6sJd|/3c6h7d/Ah/5h:600,-600(600.000000)
125:BR,Player:0r130c/cr299c/r1058c/cc:7sKh,8sAs|/5c6sKs/6c/3c:1587,-1587(593.471811)
126:Player,BR:0cc/cc/r200f:5cKh,5h7h|/3h4dQs/2s:100,-100(100.000000)
127:BR,Player:0r130c/cc/cr460f:2s2h,9cTd|/4s4hQs/Qh:-230,230(-230.000000)
128:Player,BR:0cr200c/r390c/cr1380f:7d8h,2h6c|/KhAhAd/Ts:-690,690(-690.000000)
129:BR,Player:0f:TdQh,2h4c|:50,-50(50.000000)
130:Player,BR:0cr300c/cc/r200r1200f:KdAh,4cAc|/8dTcJd/9c:-600,600(-600.000000)
131:BR,Player:0r130c/cc/r19770f:2cKh,7c8c|/3d8dQh/Qc:230,-230(230.000000)
132:Player,BR:0cc/cc/cr200f:3h8h,4d8c|/7d9sKd/7c:-100,100(-100.000000)
133:BR,Player:0r130c/cr299c/cr687f:KcAc,9sKh|/4c6h9h/5h:-529,529(-529.000000)
134:Player,BR:0cr300c/cc/r800f:TcJc,2h7c|/5c9cTd/8h:400,-400(400.000000)
135:BR,Player:0r200c/cc/r600c/cr2700f:JsAd,QdAh|/7hJcKd/9d/Ts:-900,900(-900.000000)
136:Player,BR:0cc/cc/cr200f:7cQd,2s9h|/3d4c8s/Ah:-100,100(-100.000000)
137:BR,Player:0r130c/cc/r460c/r1380f:7hAc,8cQd|/5cTdKs/Jc/5h:690,-690(690.000000)
138:Player,BR:0cc/cc/cc/cr200r900f:6c8d,3cQc|/8cJhAc/6h/8h:300,-300(300.000000)
139:BR,Player:0r130c/cc/cr299f:2d8c,JcQs|/4sJhKs/Tc:-230,230(-230.000000)
140:Player,BR:0cc/cc/r300f:2s8s,5s5d|/4cJsQd/9s:100,-100(100.000000)
141:BR,Player:0r130c/cc/cr460c/cc:3hAh,2d6d|/4c8c9c/8s/6s:-690,690(-268.414042)
142:Player,BR:0cc/cc/cc/cc:2dTs,QdAh|/3s6dKs/7c/6h:-100,100(-17.417395)
143:BR,Player:0cc/cr200c/cc/cc:2h4h,8dTc|/3h6h7h/Th/3c:300,-300(214.574927)
144:Player,BR:0cc/cc/cr200f:3s8d,9cAc|/2hThAd/Qh:-100,100(-100.000000)
145:BR,Player:0r130c/cr299c/cc/r19471f:8cTc,5cQc|/4h9dKh/Jh/Ts:529,-529(529.000000)
146:Player,BR:0cc/cc/cc/cr200f:2cJd,2hTh|/4s4cAd/As/Td:-100,100(-100.000000)
147:BR,Player:0cc/cr130c/cr460r19310f:JhKh,7dAc|/3sQcAs/5h:690,-690(690.000000)
148:Player,BR:0cr200c/cc/r150r900c/r270r3240f:QcKc,4c8h|/5s8s8c/Ks/9c:-1620,1620(-1620.000000)
149:BR,Player:0r200c/cc/cc/cc:3s8h,3dKd|/3hJdQh/5s/Ad:-300,300(32.911436)
150:Player,BR:0cr300c/cc/r1200r18400f:3hAh,ThKh|/2s5d7d/Ks:-1600,1600(-1600.000000)
151:BR,Player:0r200c/cc/cc/r600f:6hJc,JhQc|/4s8cKs/7d/9h:300,-300(300.000000)
152:Player,BR:0cc/cc/cr200r390r1380f:2h3h,7hQd|/3s7sTd/4d:-690,690(-690.000000)
153:BR,Player:0r200c/cr390c/cr1380r4140f:4dJc,4cKh|/6s7cQd/As:2070,-2070(2070.000000)
154:Player,BR:0cr300c/r520c/r1196f:4h5h,4s8h|/2h2d9h/Js:920,-920(920.000000)
155:BR,Player:0cc/cr300c/r800c/r18800f:3d4s,QhKd|/7h9dKs/2h/5c:1200,-1200(1200.000000)
156:Player,BR:0cc/cc/cc/cr200f:5h6d,2sTc|/2d8dQh/As/Ts:-100,100(-100.000000)
157:BR,Player:0f:5sAs,2s6c|:50,-50(50.000000)
158:Player,BR:0cc/cc/cr19900f:4cQs,2sAs|/4s7hAc/2d:-100,100(-100.000000)
159:BR,Player:0cc/cc/r200c/cr390r19310f:8hTd,5hTs|/8c9dJs/4s/6h:690,-690(690.000000)
160:Player,BR:0cc/cc/cr200f:6sJh,3s9h|/7dTsTc/7c:-100,100(-100.000000)
161:BR,Player:0f:5cKc,2d3h|:50,-50(50.000000)
162:Player,BR:0cc/cc/cc/r300r19600f:4h7d,2dKs|/5h6dTd/Qd/2h:-400,400(-400.000000)
163:BR,Player:0r200c/cr390c/cr2070r17240f:2s8d,KcAc|/3hTsQs/5h:2760,-2760(2760.000000)
164:Player,BR:0cc/cc/cc/r130r19770f:3s8c,3h3d|/2h4d7s/Qd/8h:-230,230(-230.000000)
165:BR,Player:0f:ThJs,2s7h|:50,-50(50.000000)
166:Player,BR:0cc/cc/cr200f:5sQd,6d7d|/3sTcAd/9h:-100,100(-100.000000)
167:BR,Player:0r130c/cc/r460f:6d8h,8d9h|/5h5cAc/Tc:230,-230(230.000000)
168:Player,BR:0cc/cc/r300f:4dTc,4h7s|/3h6d8h/Ts:100,-100(100.000000)
169:BR,Player:0f:9dQh,2d5h|:50,-50(50.000000)
170:Player,BR:0cc/cc/cc/r130r460f:2d6d,4sQh|/3cTsKs/9h/5c:-230,230(-230.000000)
171:BR,Player:0r130c/cr299c/r1058c/cc:5dAd,3c4h|/3s5h6c/5s/Qs:1587,-1587(1584.883360)
172:Player,BR:0cc/cc/r130c/cr460c:JsKd,2dJh|/7h7d9h/Kh/4h:-690,690(-690.000000)
173:BR,Player:0cc/cr130c/cr299c/cr1058r3174f:4c6c,TdQs|/3d4dQd/Th/9s:1587,-1587(1587.000000)
174:Player,BR:0cc/cc/cr200f:4c9s,9dTh|/4d6d8d/3h:-100,100(-100.000000)
175:BR,Player:0r200c/cr600c/r1800f:4d8d,7s9d|/5h5dKh/4s:900,-900(900.000000)
176:Player,BR:0cc/cc/cr200r390r1380f:5cQh,4cAh|/3c4h6s/Jc:-690,690(-690.000000)
177:BR,Player:0cc/cr130c/r460f:3d4d,4hJh|/4s7sKd/5d:230,-230(230.000000)
178:Player,BR:0cr300c/cc/cr800c/cc:5d9h,7sJd|/8dJhAd/9d/4s:-1200,1200(118.746290)
179:BR,Player:0r200c/cc/r600c/cc:5hAd,4cAs|/2cJdAh/Qh/Td:0,-0(604.730844)
180:Player,BR:0cc/cc/cc/cc:6s8h,9hJh|/7cKhAc/2c/6h:100,-100(49.036760)
181:BR,Player:0r130c/cc/cc/cc:ThQc,9hAh|/5h7cJd/3h/5d:-230,230(-221.519585)
182:Player,BR:0cr300c/cc/r1200c/cc:9hJh,2dAs|/4h8cTh/Ad/6c:-1600,1600(-12.837428)
183:BR,Player:0r130c/cc/cc/r19770f:4cQh,9sKs|/5d6hAh/Kc/Td:230,-230(230.000000)
184:Player,BR:0cc/cc/cc/cr19900f:5s8h,8dKc|/6sThQc/Js/Jd:-100,100(-100.000000)
185:BR,Player:0r130c/cc/cc/cc:2d6d,4dAs|/3h5sKh/6h/9s:230,-230(227.675988)
186:Player,BR:0cc/cc/cr200f:4s8c,TdAh|/2c4cJd/Qh:-100,100(-100.000000)
187:BR,Player:0r200c/cr390c/cc/cr897r18413f:4hJc,7cTd|/2c4cAs/Ks/3s:1587,-1587(1587.000000)
188:Player,BR:0cr300c/r800c/cr2400f:8cKc,5cTc|/6c9dTh/9s:-1200,1200(-1200.000000)
189:BR,Player:0f:2h4d,2cTh|:50,-50(50.000000)
190:Player,BR:0cc/cc/r130r460f:4c9s,3dJs|/3sAsAh/Ts:-230,230(-230.000000)
191:BR,Player:0cc/cc/r200c/cc:5cJs,6h6c|/4s4d7s/8c/8s:-300,300(-300.000000)
192:Player,BR:0cr300c/r520c/cr1840f:3c5c,TcJc|/3d8sQh/Qd:-920,920(-920.000000)
193:BR,Player:0r130c/cr299c/r1058f:JsAs,JhAh|/4c7s8c/6s:529,-529(529.000000)
194:Player,BR:0cc/cc/cr200f:7hKc,4h9s|/2h2dQh/Jd:-100,100(-100.000000)
195:BR,Player:0r130c/cr690c/cc/r1840f:4c8s,4dTd|/4h6cTc/7c/6s:920,-920(920.000000)
196:Player,BR:0cc/cc/cr200c/cr19700f:5sJd,8hJh|/8sTcJs/7s/9h:-300,300(-300.000000)
197:BR,Player:0r130c/cr299c/cc/cr1058r18413f:2s8c,6sJc|/6dJhQd/2d/4c:1587,-1587(1587.000000)
198:Player,BR:0cr130c/cc/cr460f:JdKh,QdQc|/2d3h9s/5s:-230,230(-230.000000)
199:BR,Player:0r200c/cr390c/r1380r2691r9522f:3h5s,5d7c|/4h6sKc/Th:4761,-4761(4761.000000)
200:Player,BR:0cc/cc/cc/cr19900f:8hJs,2cAh|/3s9dKc/2d/2h:-100,100(-100.000000)
201:BR,Player:0r130c/cc/r460c/r1380c:5d8c,JdKh|/5h8sAs/Kc/9h:2070,-2070(1714.200928)
202:Player,BR:0cr600c/cc/cc/r350r2100f:ThJd,6s7s|/TdQdKc/Qs/4c:-1050,1050(-1050.000000)
203:BR,Player:0r130c/cr460c/r1380f:4hJh,9sQs|/5c8hJc/5d:690,-690(690.000000)
204:Player,BR:0cc/cc/r130c/cr460f:4sTc,2hAd|/9sQsKc/8s/Qc:-230,230(-230.000000)
205:BR,Player:0r130c/cc/cr690f:3c8h,3hJs|/5cJdJc/Qs:-230,230(-230.000000)
206:Player,BR:0cc/cc/r300c/cc:3c8h,2sKs|/TdKcAc/Jc/5h:-400,400(-324.910797)
207:BR,Player:0r130c/cc/r460f:9hJc,4sKc|/2d8hAs/2h:230,-230(230.000000)
208:Player,BR:0cc/cc/cr200f:2s7h,2h5c|/5h8cKd/Kh:-100,100(-100.000000)
209:BR,Player:0r300c/cr520c/r1840c/r5520c:ThJh,2cAc|/3s4dQc/5s/6h:-8280,8280(-8280.000000)
210:Player,BR:0cr200c/cc/r150r900f:QsKh,5dTh|/6h8sAh/8c:-450,450(-450.000000)
211:BR,Player:0r130c/cr299c/cr1058f:7hAs,JcQd|/2s9dQh/6c:-529,529(-529.000000)
212:Player,BR:0cr300c/r520c/r1196f:4sKs,9s9d|/6cQdKh/8c:920,-920(920.000000)
213:BR,Player:0cc/cc/r19900f:2cQc,2dQh|/3c5cJd/8s:100,-100(100.000000)
214:Player,BR:0cr300c/cc/cc/r520r19080f:9sQh,7hJc|/TsTcKs/9c/Th:-920,920(-920.000000)
215:BR,Player:0r200c/cc/r19700f:7cQc,7dAd|/5h9hQh/8h:300,-300(300.000000)
216:Player,BR:0cc/cc/cr200c/cr600f:4cJc,4h8c|/4s8s9h/Td/5h:-300,300(-300.000000)
217:BR,Player:0r200c/cc/r600c/cc:3hTc,2dJd|/2c5cTh/Qd/5h:900,-900(661.489984)
218:Player,BR:0cr200c/r390c/cc/cc:6s6h,6dJd|/2d4hAh/9s/Qd:690,-690(20.311933)
219:BR,Player:0r130c/cc/r460f:3s9h,7s8c|/3d8sQd/Tc:230,-230(230.000000)
220:Player,BR:0cc/cc/r130r460c/r345r18965f:8hTs,2s6c|/2h8cAh/6s/Qs:-1035,1035(-1035.000000)
221:BR,Player:0r130c/cc/r460f:6cKd,4s6h|/4d9sAd/5d:230,-230(230.000000)
222:Player,BR:0cc/cc/cr200c/cr19700f:TcJd,2s8s|/7hQsQh/Th/Qd:-300,300(-300.000000)
223:BR,Player:0r130c/cr460c/cr897r18413f:3d6c,TcKd|/3h8dTs/2d:1587,-1587(1587.000000)
224:Player,BR:0cr200c/cc/r900f:4d8s,2h8c|/6d7s7d/3h:300,-300(300.000000)
225:BR,Player:0cc/cc/r200c/r19700f:3cQs,QhKs|/5s5cTc/7d/Ad:300,-300(300.000000)
226:Player,BR:0cc/cc/cr19900f:4h5c,5sQd|/9hJdKc/Ah:-100,100(-100.000000)
227:BR,Player:0cc/cc/cc/r19900f:TdAc,8cAh|/4d8hQh/3s/Js:100,-100(100.000000)
228:Player,BR:0cc/cc/cr200f:6dTh,4h9c|/3h3c7h/Ad:-100,100(-100.000000)
229:BR,Player:0r130c/cr299c/cc/cr1058r18413f:4sQd,JsJh|/2s3c6s/Kd/Ah:1587,-1587(1587.000000)
230:Player,BR:0cc/cc/cc/cc:5hKd,4sKs|/7hJhJc/Ad/3c:0,-0(-46.588672)
231:BR,Player:0r200c/cc/r600c/r1800r3510c:9hJd,8dKs|/7d9dTd/3c/8c:6210,-6210(6095.690406)
232:Player,BR:0cc/cc/r130c/r115f:3d4c,2sKc|/5h7cJc/Ah/6c:230,-230(230.000000)
233:BR,Player:0f:4c9h,2s7c|:50,-50(50.000000)
234:Player,BR:0cc/cc/cr200c/cr600c:3h8s,8hAc|/4d8cKd/9h/Ts:-900,900(-318.499210)
235:BR,Player:0r130c/cc/r19770f:6s8c,4dAh|/2d2cKs/7s:230,-230(230.000000)
236:Player,BR:0cc/cc/r130r460c/cr1380f:4sAc,7d9d|/2s3hQh/2c/2d:-690,690(-690.000000)
237:BR,Player:0r130c/cc/cc/r19770f:5s5c,5dAh|/8h9sAc/7h/4h:230,-230(230.000000)
238:Player,BR:0cc/cc/cc/cr200f:6dAc,4hJd|/8hKsKc/9s/7s:-100,100(-100.000000)
239:BR,Player:0r130c/cr460c/cc/r19310f:2h9d,QhKc|/3s7sTs/8d/Ah:690,-690(690.000000)
240:Player,BR:0cr200c/cc/cc/r600f:6s7d,3dJh|/2s7s9s/7h/8h:300,-300(300.000000)
241:BR,Player:0r200c/cc/r19700f:2h5s,4cAd|/2d2c9h/Ks:300,-300(300.000000)
242:Player,BR:0cr200c/cc/cc/cr600c:3cTh,6d8c|/5d8sQc/Ac/3h:-900,900(-732.695872)
243:BR,Player:0r130c/cc/cr299f:3s4d,3d4c|/8sTcAd/8d:-230,230(-230.000000)
244:Player,BR:0cr130c/cc/r115r690f:TcQc,2hAs|/5s9sAh/6s:-345,345(-345.000000)
245:BR,Player:0r200c/cr900c/r18800c/cc:TcQs,AdAc|/3s8sQc/Qh/3h:20000,-20000(16368.112768)
246:Player,BR:0cr200c/cc/cr600f:2d5h,QcAs|/6dTcJc/Ad:-300,300(-300.000000)
247:BR,Player:0r200c/cr390c/cr1380c/cr2691r15239f:4hKs,JdKh|/4s9sQc/7c/5h:4761,-4761(4761.000000)
248:Player,BR:0cr600c/cc/r350c/r2100r6300f:9s9h,9dQd|/3hJsJc/4s/8s:-3150,3150(-3150.000000)
249:BR,Player:0r130c/cc/cc/r19770f:6hAc,JcAs|/2cJdKc/7h/Kh:230,-230(230.000000)
250:Player,BR:0cr200c/cc/r150r900f:3d4d,4h9h|/9sQsQc/4c:-450,450(-450.000000)
251:BR,Player:0r130c/cc/cc/r19770f:2h3h,QhQd|/3s5cAc/9d/8d:230,-230(230.000000)
252:Player,BR:0cc/cc/cr200r600c/cc:9hTs,5cJd|/JhQsAh/4c/2s:-900,900(-900.000000)
253:BR,Player:0cc/cr130c/cc/r19770f:6hJh,2sKd|/4h6s9d/5d/Ad:230,-230(230.000000)
254:Player,BR:0cr300c/cc/r1200c/cr3200c:9dAd,QhQd|/2d4h7s/9c/5d:-4800,4800(-1833.612307)
255:BR,Player:0f:2cKc,2h7s|:50,-50(50.000000)
256:Player,BR:0cr300c/cc/cc/r200r1200f:6s6h,2d9d|/5c8sKc/Qd/8d:-600,600(-600.000000)
257:BR,Player:0f:6d7h,2c4h|:50,-50(50.000000)
258:Player,BR:0cc/cc/cr200c/cr600c:8dJh,8s9c|/7dJdKh/5c/Ah:900,-900(900.000000)
259:BR,Player:0r130c/cr299c/cc/r19471f:QhKd,2cAs|/4h4c7d/2s/6s:529,-529(529.000000)
260:Player,BR:0cc/cc/cr200f:7cQd,4d7s|/2d2c3c/Jd:-100,100(-100.000000)
261:BR,Player:0r200c/cr390c/cc/r1380f:5s8d,4dTc|/6c9sQd/2s/2d:690,-690(690.000000)
262:Player,BR:0cc/cc/cc/cc:3s8c,3d7s|/2c3hTh/4h/Ah:100,-100(46.553937)
263:BR,Player:0r200c/cc/r600r2700r16400f:ThAc,QsKc|/JcKhAd/6c:3600,-3600(3600.000000)
264:Player,BR:0cr300c/cc/cc/cc:6d9d,5dQs|/6cTcJc/8c/Th:400,-400(400.000000)
265:BR,Player:0r130c/cc/r460c/r19310f:9dJc,3sKc|/6s6c7c/Ks/3d:690,-690(690.000000)
266:Player,BR:0cr600c/cc/r910c/r3220r9660f:KhKc,4cJd|/5sTsJs/8d/6s:-4830,4830(-4830.000000)
267:BR,Player:0r130c/cc/r460f:7h9h,9sKc|/3h7d7c/Qc:230,-230(230.000000)
268:Player,BR:0cr300c/cc/r800c/r1560r5520f:TsAd,2dJs|/7sJcAs/4d/Qh:-2760,2760(-2760.000000)
269:BR,Player:0r130c/cr299c/cc/cc:5cKh,4sJc|/2d9s9h/7d/8s:529,-529(-214.595398)
270:Player,BR:0cc/cc/r130c/r299r1058f:5hKs,8hQd|/7hQsKd/2s/As:-529,529(-529.000000)
271:BR,Player:0r130c/cr460c/r1380f:JsQs,5dJh|/7hTsJd/4s:690,-690(690.000000)
272:Player,BR:0cc/r130c/cr19770f:5dTd,4c9d|/9cKhAd/As:-230,230(-230.000000)
273:BR,Player:0f:4h9d,3s7d|:50,-50(50.000000)
274:Player,BR:0cc/r130c/cc/cc:4hQh,2cQs|/4d4cKh/Jh/Ks:230,-230(230.000000)
275:BR,Player:0r130c/cc/r460f:5hKs,8s8h|/QhKcAh/4c:230,-230(230.000000)
276:Player,BR:0cc/cc/cr200f:6cKd,3s3d|/3c8dJd/9s:-100,100(-100.000000)
277:BR,Player:0r200c/cr390c/cr897f:2c6d,5dJd|/TcAsAd/Qd:-690,690(-690.000000)
278:Player,BR:0cc/cc/cr200f:2dAd,2sQd|/7hQcKc/8h:-100,100(-100.000000)
279:BR,Player:0r130c/cr460c/cr897f:6sTs,8s8d|/8hQdKc/3d:-690,690(-690.000000)
280:Player,BR:0cc/cc/cc/r130r460f:5cTh,2hKc|/6d7d9d/6c/Qd:-230,230(-230.000000)
281:BR,Player:0r300c/cc/cc/cc:5s8d,JdAs|/4d6hTs/Qd/4s:-400,400(-400.000000)
282:Player,BR:0cc/cc/r200r600f:5sTh,4dJh|/7sQcKh/9h:-300,300(-300.000000)
283:BR,Player:0r130c/cc/cr299c/cr687f:6hKs,3cTc|/9cTsAd/7c/Qc:-529,529(-529.000000)
284:Player,BR:0cr300c/cc/cr19600f:TsKh,9dJs|/2c4d6s/2d:-400,400(-400.000000)
285:BR,Player:0r130c/cc/cc/cr460f:TcKs,JsJh|/QdAdAc/5d/Ah:-230,230(-230.000000)
286:Player,BR:0cc/cc/cr200c/cr19700f:5s8s,6hTh|/3h5hTs/Jd/Ad:-300,300(-300.000000)
287:BR,Player:0r200c/cc/cr150r19550f:8hTh,JhQh|/TcQdKd/7s:450,-450(450.000000)
288:Player,BR:0cr600c/cc/r350f:QdAd,2c5h|/8dJsJc/3h:700,-700(700.000000)
289:BR,Player:0r130c/cr299c/cc/r1058f:TcKd,4d6h|/2h9dAc/Kc/As:529,-529(529.000000)
290:Player,BR:0cc/cc/r300r800f:9dQs,6d8d|/3s5c6s/4h:-400,400(-400.000000)
291:BR,Player:0r130c/cc/r19770f:3h5s,9sKs|/4h4cTs/7d:230,-230(230.000000)
292:Player,BR:0cr600c/cc/cr1400f:9dJs,4s7c|/TcJcAs/Kh:-700,700(-700.000000)
293:BR,Player:0r130c/cc/r460c/r19310f:8dKh,6sQc|/6dKcAs/2h/Ks:690,-690(690.000000)
294:Player,BR:0cc/cc/r130r19770f:2sTh,JhKh|/4h5d8h/7h:-230,230(-230.000000)
295:BR,Player:0r130c/cr299c/r1058f:7sKc,4hQs|/5d6dKh/Js:529,-529(529.000000)
296:Player,BR:0cc/cc/r200r600f:4cTc,JhKs|/2d9cQs/Kd:-300,300(-300.000000)
297:BR,Player:0r200c/cr600c/cr1800r17300f:2h6h,9sJd|/4d5hQs/Th:2700,-2700(2700.000000)
298:Player,BR:0cr200c/cc/cr600f:TdKc,3h5c|/2h3d4s/9c:-300,300(-300.000000)
299:BR,Player:0r130c/cr299c/cr687c/cr3648r9728f:2c3h,7sQs|/4c6s9s/2h/Jc:4864,-4864(4864.000000)
300:Player,BR:0cc/cc/cc/r130r460f:5h8c,4d8d|/4h5dKs/2c/Qc:-230,230(-230.000000)
301:BR,Player:0r130c/cc/r460c/cr2070f:9hAd,TsQd|/8cTcKd/Qh/Qc:-690,690(-690.000000)
302:Player,BR:0cr300c/cc/cc/r200r1200f:4c6s,7sTd|/9hJhQs/9d/Th:-600,600(-600.000000)
303:BR,Player:0cc/cc/cr130r460f:2c5s,3cTs|/2sJhQh/Ah:230,-230(230.000000)
304:Player,BR:0cc/cc/cr19900f:4hJd,8hAh|/4c8dAd/Tc:-100,100(-100.000000)
305:BR,Player:0cc/cr200c/r600r5400f:5sKs,9cKh|/9dThKd/9h:-900,900(-900.000000)
306:Player,BR:0cr300c/cc/cr800f:KhAc,QcAh|/7c9sTs/Qh:-400,400(-400.000000)
307:BR,Player:0r130c/cc/r19770f:JcAh,8sAd|/5d7h7d/6h:230,-230(230.000000)
308:Player,BR:0cc/cc/r130r460r1380c/r2691f:2c7h,QhQd|/2d7d9c/7s/5d:2070,-2070(2070.000000)
309:BR,Player:0r130c/cr1380c/r3220r6279f:4d7d,5c9c|/5d8cAc/Kc:-4830,4830(-4830.000000)
310:Player,BR:0cc/cc/cr200c/cr19700f:7cAh,2hJd|/4c9hJs/4d/9s:-300,300(-300.000000)
311:BR,Player:0cc/cc/cc/r19900f:5s8s,8dTh|/3dJhKh/7h/Ks:100,-100(100.000000)
312:Player,BR:0cc/cc/cr19900f:4h5s,ThTd|/3cTsQc/3d:-100,100(-100.000000)
313:BR,Player:0r200c/cc/r600f:2h3s,3d5s|/2c8hKh/9h:300,-300(300.000000)
314:Player,BR:0cc/cc/cc/cr200f:6c7s,2s6h|/3c9hTh/2c/Ks:-100,100(-100.000000)
315:BR,Player:0r130c/cc/cc/cr460r1380f:3cQc,3sKc|/4d7cKh/Ts/Th:690,-690(690.000000)
316:Player,BR:0cc/cc/cc/cr200r600r19100f:2c8s,7dTs|/2dJhKs/9h/7h:-900,900(-900.000000)
317:BR,Player:0cc/cr130c/cc/cc:6s8d,3cQc|/3h5s7d/6c/6d:230,-230(230.000000)
318:Player,BR:0cc/cc/r130f:6dQs,6s8h|/4dJhQh/3c:100,-100(100.000000)
319:BR,Player:0cc/cc/cc/cr130r460f:9dTc,4hTs|/4sQsAc/7h/3h:230,-230(230.000000)
320:Player,BR:0cc/cc/cr200f:4sTc,9sAc|/2d7d8h/Ah:-100,100(-100.000000)
321:BR,Player:0r130c/cr299c/cr1058r18413c/cc:2h9c,8cQc|/2s3c6h/8s/Ad:-20000,20000(-12180.535232)
322:Player,BR:0cc/r130c/cr460f:4c9c,4d5h|/7cKhAh/5s:-230,230(-230.000000)
323:BR,Player:0r130c/cc/r460c/r1380f:3s5c,7s7h|/3c8sKh/3d/9c:690,-690(690.000000)
324:Player,BR:0cc/cc/cc/cc:3d8s,3s8d|/9cTcAh/3h/Qd:0,-0(-17.583714)
325:BR,Player:0r130c/cc/cc/cr299r19471f:3c6h,6s7c|/7d8cAs/9d/7s:529,-529(529.000000)
326:Player,BR:0cr300c/r1200c/cc/cc:TcJc,7cAh|/5hQdAs/6h/3s:-1600,1600(-1018.984385)
327:BR,Player:0r200c/cr390c/cc/r19310f:5d8c,4dAs|/2h7d9d/Kh/3s:690,-690(690.000000)
328:Player,BR:0cc/cc/r130r460f:4dTs,4hQs|/2sQhAs/3c:-230,230(-230.000000)
329:BR,Player:0cc/cr300c/cc/cc:5dQs,JhJd|/3c5hTc/Kd/Qh:400,-400(400.000000)
330:Player,BR:0cc/cc/cc/cc:3hQd,8sJs|/2h2dTs/Kh/Kd:100,-100(39.935376)
331:BR,Player:0r130c/cr299c/r1058f:9cJd,7h9h|/3cTsJc/9s:529,-529(529.000000)
332:Player,BR:0cc/cc/r200r19700f:3sJs,7dKs|/2s7s7c/8c:-300,300(-300.000000)
333:BR,Player:0r130c/cc/r460f:4c5c,TdKh|/3s5d6c/8d:230,-230(230.000000)
334:Player,BR:0cc/cc/cr200c/cr600f:6dKs,KdKc|/5h7c8s/8c/Qd:-300,300(-300.000000)
335:BR,Player:0r200c/cc/cc/r19700f:3s6c,2hAs|/5sJcQh/5c/3h:300,-300(300.000000)
336:Player,BR:0cr600c/cc/cr1400f:2h3d,7dQc|/9dTsTh/Jc:-700,700(-700.000000)
337:BR,Player:0r130c/cc/cr299f:3h4c,4s6c|/5sTcQh/7h:-230,230(-230.000000)
338:Player,BR:0cr300c/cc/r1200c/cc:7cJc,2cQs|/2h4c9h/9d/6s:-1600,1600(-1533.291168)
339:BR,Player:0cc/cc/r200f:4sJh,2dKh|/3d5h7c/7s:100,-100(100.000000)
340:Player,BR:0cc/cc/cc/r300r800f:3dAc,6hQh|/4h9s9d/As/Tc:-400,400(-400.000000)
341:BR,Player:0cc/cc/cr130r460f:8cAd,2sJc|/3d7cQh/Js:230,-230(230.000000)
342:Player,BR:0cr300c/r520c/cc/cr1840f:4s7s,7d9h|/2sKdAc/Ah/Kh:-920,920(-920.000000)
343:BR,Player:0r200c/cc/cr150r19550f:TsKs,7cTc|/2c4hAs/Jd:450,-450(450.000000)
344:Player,BR:0cc/cc/r200r600f:8dJc,4sKh|/5s7d9s/7c:-300,300(-300.000000)
345:BR,Player:0r130c/cr299c/cc/cc:3hQs,9hKh|/3c4c6d/Ts/6s:529,-529(482.284620)
346:Player,BR:0cr300c/cc/cr800f:QcKh,3c8d|/2s2h7s/8h:-400,400(-400.000000)
347:BR,Player:0r130c/cc/cc/cc:4h7c,7d8c|/6h7sAd/Jd/5d:-230,230(148.837288)
348:Player,BR:0cc/cc/cr200c/cc:4c8h,3c9d|/3d6s8c/3s/6d:-300,300(-52.992087)
349:BR,Player:0r130c/cc/r460c/r1380f:3d5c,JsQd|/4c8s9c/Kh/Ad:690,-690(690.000000)
350:Player,BR:0cc/cc/cr200f:5dJs,8dJh|/6s6c8c/Th:-100,100(-100.000000)
351:BR,Player:0r130c/cc/r460c/r1380r4140r12420f:KsKh,2s9s|/3h7s8s/6s/2c:6210,-6210(6210.000000)
352:Player,BR:0cr130c/cc/r115r690c/cr18965f:6hQh,4cTd|/6d9d9c/5d/As:-1035,1035(-1035.000000)
353:BR,Player:0r130c/cc/cr299r1058f:7c9h,9cJs|/3d4sAc/6c:529,-529(529.000000)
354:Player,BR:0cc/cc/r130c/r690r19080f:2sTc,5s7d|/7c8cJh/As/9s:-920,920(-920.000000)
355:BR,Player:0r130c/cr460c/r1380r4140f:7hAd,4c7c|/2c5c6d/3h:-2070,2070(-2070.000000)
356:Player,BR:0cr300c/cc/r520r1840c/cr17240f:4d5d,8dAs|/4s5hAh/Js/3c:-2760,2760(-2760.000000)
357:BR,Player:0cc/cr300c/cc/r19600f:8hQs,3hKh|/4d5d9c/8d/Tc:400,-400(400.000000)
358:Player,BR:0cc/cc/cr200f:2d5h,6h7c|/3c9dTd/3h:-100,100(-100.000000)
359:BR,Player:0r130c/cc/r19770f:4sJs,5h7s|/4d7h9s/Tc:230,-230(230.000000)
360:Player,BR:0cr130c/cc/r115f:9cTc,4h8s|/5dJsQh/Jc:230,-230(230.000000)
361:BR,Player:0r130c/cr299c/r1058f:3d5h,7dKc|/2d4c5c/Th:529,-529(529.000000)
362:Player,BR:0cc/cc/cr19900c/cc:5cJh,JdKh|/2sJsJc/3h/8d:-20000,20000(-11337.951596)
363:BR,Player:0r130c/cc/r460f:QdKd,4d7s|/7cThAd/Jh:230,-230(230.000000)
364:Player,BR:0cr200c/cc/r1800r4200f:JdQh,4dTs|/3h8sTd/4h:-2100,2100(-2100.000000)
365:BR,Player:0r130c/cr299c/cr687c/cc:9dQc,2cQs|/3c7hKc/Jh/3d:0,-0(-1127.818793)
366:Player,BR:0cc/cc/cr200c/cr19700f:8sKd,4c5h|/7c9hAs/Jd/3s:-300,300(-300.000000)
367:BR,Player:0r300c/cc/r19600f:4h4d,8h8c|/2s3hQs/Jh:400,-400(400.000000)
368:Player,BR:0cr300c/cc/r1200c/r2080r16320f:9dTh,9sTd|/6d7s7d/8h/Ah:-3680,3680(-3680.000000)
369:BR,Player:0r130c/cc/cc/r19770f:4h7d,JhJc|/6s8cQc/Ad/2s:230,-230(230.000000)
370:Player,BR:0cr200c/cc/r390r1380f:JsAc,9sKh|/6s8dTc/8s:-690,690(-690.000000)
371:BR,Player:0f:3hAd,4h9s|:50,-50(50.000000)
372:Player,BR:0cr300c/cc/cr800c/cc:QdAc,7d9d|/2d5dAs/7c/6c:1200,-1200(35.352729)
373:BR,Player:0r130c/cr460c/cc/cc:3c4h,6hJc|/4c8cKd/2d/4d:690,-690(690.000000)
374:Player,BR:0cr300c/r520c/cr1840c/cc:ThAh,5cQd|/2s2h9h/4c/6h:2760,-2760(2760.000000)
375:BR,Player:0r130c/cr299c/cc/r19471f:9dTd,QhKh|/4d7sQs/5c/5d:529,-529(529.000000)
376:Player,BR:0cc/cc/cr200r390r19310f:5dAc,3h6h|/3d4s7s/2d:-690,690(-690.000000)
377:BR,Player:0r130c/cc/r19770f:7h7c,5sQh|/4c7dQd/Tc:230,-230(230.000000)
378:Player,BR:0cr300c/r520c/r2760c/cc:KhAc,QsQd|/4d9hAs/Th/5h:3680,-3680(-544.566890)
379:BR,Player:0r130c/cc/cc/cr299r1058f:6cAc,5cAh|/8hQcKd/Jh/As:529,-529(529.000000)
380:Player,BR:0cc/cc/r130f:6c8h,2d7s|/4s4d8s/4h:100,-100(100.000000)
381:BR,Player:0f:3c4h,2c6h|:50,-50(50.000000)
382:Player,BR:0cc/cc/cc/cc:3cJs,7cAc|/2s6hKd/Jd/5d:100,-100(23.485313)
383:BR,Player:0cc/cc/r19900f:7sQc,5d6h|/3h5c7h/8s:100,-100(100.000000)
384:Player,BR:0cr300c/cc/r200r1200c/cr3600r14600f:5cQc,7hJc|/5s5dQh/Ks/2c:5400,-5400(5400.000000)
385:BR,Player:0cc/cc/cr200r19700f:7dKd,4dTs|/2s8cQc/Jd:300,-300(300.000000)
386:Player,BR:0cr300c/cc/cc/r520r19080f:QsAd,3sTd|/2d4d6h/3d/2h:-920,920(-920.000000)
387:BR,Player:0r130c/cr299c/cc/r19471f:5dTc,9hKh|/2c9dQh/8c/Qc:529,-529(529.000000)
388:Player,BR:0cc/cc/r130c/r690r1840f:5d7h,QcKd|/3c5s5c/4h/Jc:-920,920(-920.000000)
389:BR,Player:0r130c/cc/cr115r19655f:5s7c,3s4c|/6hQdAd/8h:345,-345(345.000000)
390:Player,BR:0cc/cc/cr200f:9sKc,8cJs|/ThKsAc/Qc:-100,100(-100.000000)
391:BR,Player:0f:4hAh,2s4c|:50,-50(50.000000)
392:Player,BR:0cr300c/cc/cc/cc:8dAh,KcAs|/7dTcQs/4h/4s:-400,400(45.937156)
393:BR,Player:0r130c/cr690c/cr1840r17240f:TcAh,4c5c|/3h6cQd/Jc:2760,-2760(2760.000000)
394:Player,BR:0cc/cc/cc/cr19900f:3s7h,5h6h|/8sJdQh/3d/4h:-100,100(-100.000000)
395:BR,Player:0cc/cc/r200f:9hAd,3cTh|/8sKdAh/Qc:100,-100(100.000000)
396:Player,BR:0cr300c/cc/cr800c/cr18800f:7cAc,9sJh|/3s5sQh/4d/Ks:-1200,1200(-1200.000000)
397:BR,Player:0r130c/cr299c/cr1058r3174f:9sQs,7sJc|/QcKhAc/6s:1587,-1587(1587.000000)
398:Player,BR:0cr200c/cc/cr19700f:8dJd,3d4s|/5c6h7s/6d:-300,300(-300.000000)
399:BR,Player:0r130c/cc/r19770f:JsJc,TsTh|/7c8cJh/7h:230,-230(230.000000)
400:Player,BR:0cc/cc/cc/cc:8hQs,2d6d|/8cTdJh/5s/9d:100,-100(88.936336)
401:BR,Player:0cc/cr130c/cc/r460f:9cQd,TcAh|/5h7h7d/8s/6h:230,-230(230.000000)
402:Player,BR:0cc/r130c/cr19770f:3h4s,TsJs|/5c6sKd/3c:-230,230(-230.000000)
403:BR,Player:0r200c/cc/r600c/r19100f:JdAh,QhKc|/2d5hJs/2s/9d:900,-900(900.000000)
404:Player,BR:0cc/cc/r130f:6hTs,2s5c|/8c9hKh/Jh:100,-100(100.000000)
405:BR,Player:0r200c/cr390c/r19310f:3c5c,7dJs|/3h3d4s/Td:690,-690(690.000000)
406:Player,BR:0cc/cc/r130f:5s9c,3cJd|/2s9hTh/6c:100,-100(100.000000)
407:BR,Player:0f:2c7s,3s8h|:50,-50(50.000000)
408:Player,BR:0cc/cc/cr200f:3c4d,5h8s|/8hQsQd/Ad:-100,100(-100.000000)
409:BR,Player:0r130c/cc/cc/cr299r1058f:2dJc,4cAs|/6s9sAd/Td/8s:529,-529(529.000000)
410:Player,BR:0cr300c/cc/r200r1200f:5cQc,TdJc|/7h7d8d/9c:-600,600(-600.000000)
411:BR,Player:0r130c/cr299c/cr687f:2dAc,6cTs|/5d7h8h/Tc:-529,529(-529.000000)
412:Player,BR:0cc/cc/cr200c/cc:5cKd,9hTd|/2s2h5h/7d/6h:300,-300(300.000000)
413:BR,Player:0r130c/cc/cc/r460f:8hQc,7dKc|/2s2c6h/5c/Jc:230,-230(230.000000)
414:Player,BR:0cr300c/r520c/r1196c/cc:ThQs,8d8c|/7cJsKh/3c/2c:-2116,2116(-1257.741273)
415:BR,Player:0cc/cc/r200c/r19700f:4c8s,7h8d|/5h7sJh/5d/Ah:300,-300(300.000000)
416:Player,BR:0cc/cc/r130f:3h8c,3c8h|/TdJhAd/Tc:100,-100(100.000000)
417:BR,Player:0r130c/cc/cr299r19471f:2sKc,6d8h|/3s9cQc/2h:529,-529(529.000000)
418:Player,BR:0cr1200c/cc/r650r3900f:8hJh,6cTc|/2h8cAc/5s:-1950,1950(-1950.000000)
419:BR,Player:0r300c/cc/r19600f:8dAh,4cQc|/4s6sKc/Th:400,-400(400.000000)
420:Player,BR:0cc/cc/cr200f:3c6s,9cJh|/8hTdKs/Jc:-100,100(-100.000000)
421:BR,Player:0r130c/cr299c/cr1587r4232f:TcJd,6d9h|/3h4sKc/Js:2116,-2116(2116.000000)
422:Player,BR:0cc/cc/cc/r130r19770f:4d6c,6d7d|/2c8sTc/Ac/3d:-230,230(-230.000000)
423:BR,Player:0r130c/cr299c/cr1058c/cr3174f:9sKd,JhJd|/2dJcQs/2c/Ks:-1587,1587(-1587.000000)
424:Player,BR:0cc/cc/r200c/cr19700f:2s4h,7dAc|/3s8sKh/5s/Js:-300,300(-300.000000)
425:BR,Player:0r130c/cr299c/r1058c/cc:7hTh,TcAs|/2d6hAc/3h/Kc:-1587,1587(-1587.000000)
426:Player,BR:0cr300c/cc/r200c/r780r2760f:QhQd,2sKh|/9sQcKc/Js/6s:-1380,1380(-1380.000000)
427:BR,Player:0r130c/cr460c/r1380c/cr2691r9522f:4h5c,4s7h|/2s6hQc/5h/9d:4761,-4761(4761.000000)
428:Player,BR:0cr300c/cc/r520r1840c/cc:7sAs,5cAh|/4d5hAd/7d/9h:2760,-2760(-326.376932)
429:BR,Player:0cc/cc/cc/cr130r460f:6s6c,3c6h|/7sKsAd/Ac/Qd:230,-230(230.000000)
430:Player,BR:0cc/cc/cr19900f:8dQh,6s9d|/5c7h8s/4h:-100,100(-100.000000)
431:BR,Player:0r130c/cc/r460f:9sTd,8sJs|/4c6dKs/Ah:230,-230(230.000000)
432:Player,BR:0cc/cc/cr200f:4d7s,TdJh|/2sKdAc/Jc:-100,100(-100.000000)
433:BR,Player:0r200c/cr390c/r1380f:6cTc,8c9c|/3s3cAh/Js:690,-690(690.000000)
434:Player,BR:0cc/cc/cr200f:8dQh,ThJd|/2c4dAd/Ah:-100,100(-100.000000)
435:BR,Player:0r130c/cc/cc/cc:5dQd,3dKh|/3s8sTs/6h/7h:-230,230(-230.000000)
436:Player,BR:0cc/cc/cr200f:2h7h,6sAh|/2d6dKs/5h:-100,100(-100.000000)
437:BR,Player:0f:5dJc,2d7s|:50,-50(50.000000)
438:Player,BR:0cr300c/cc/r520c/cr1840c:AsAd,3dAh|/4cTcQs/6c/3c:2760,-2760(2760.000000)
439:BR,Player:0r200c/cc/r600c/cc:4cAs,4sKd|/3h5sAh/3s/8h:900,-900(561.246883)
440:Player,BR:0cc/cc/r130r460f:JcQs,8hTd|/2h4c6c/5h:-230,230(-230.000000)
441:BR,Player:0r130c/cc/r460f:4hJs,2sQd|/6dJcAs/Qh:230,-230(230.000000)
442:Player,BR:0cc/r200c/cr600c/r180r18920f:2c8c,TcJs|/5c6c7d/4s/As:-1080,1080(-1080.000000)
443:BR,Player:0f:3dTs,2d7c|:50,-50(50.000000)
444:Player,BR:0cc/cc/cc/cr19900f:2hJd,8hJc|/5sTcQc/7d/3h:-100,100(-100.000000)
445:BR,Player:0r130c/cc/r19770f:5s7c,6h9h|/6s8hQc/4c:230,-230(230.000000)
446:Player,BR:0cr200c/cc/r900r2400c/cr7200r9200f:8dTd,2cAc|/9sKdAd/6c/7h:10800,-10800(10800.000000)
447:BR,Player:0f:KdAh,2sJd|:50,-50(50.000000)
448:Player,BR:0cc/cc/r130r460f:5cQd,TsAs|/4h7sTh/3s:-230,230(-230.000000)
449:BR,Player:0r200c/cr390c/cc/r19310f:3dAd,8cTh|/5hJcKc/5c/2c:690,-690(690.000000)
450:Player,BR:0cc/cc/cr200f:8dJc,2d4d|/3sKhAs/4c:-100,100(-100.000000)
451:BR,Player:0r200c/cc/cc/r600f:8hTc,6c8s|/2s9cJd/Js/7s:300,-300(300.000000)
452:Player,BR:0cr200c/cc/cr600f:3d4s,5hQc|/6cQhAd/9c:-300,300(-300.000000)
453:BR,Player:0cc/cc/r200f:8s8c,9cQd|/3s4sAc/2s:100,-100(100.000000)
454:Player,BR:0cc/cc/r130r460c/r345c:6sTd,4dQh|/TsThJc/3h/7d:1035,-1035(610.409901)
455:BR,Player:0r130c/cr299c/cc/r19471f:2d4s,7dQs|/2c7sKh/Th/3s:529,-529(529.000000)
456:Player,BR:0cr300c/cc/cr800c/cc:ThTc,2cJd|/2dJcAc/Ah/Jh:-1200,1200(-751.828082)
457:BR,Player:0r130c/cc/r460f:TsAc,8dKd|/2c4sTh/Tc:230,-230(230.000000)
458:Player,BR:0cr200c/cc/cc/r150r19550f:TdKh,6c8h|/4hQdAd/Th/2c:-450,450(-450.000000)
459:BR,Player:0cc/cc/cc/r19900f:3h6c,5cAh|/ThQsQh/8c/9d:100,-100(100.000000)
460:Player,BR:0cc/cc/cr200c/cc:2h9d,5d8h|/4cTcAs/9s/Td:300,-300(300.000000)
461:BR,Player:0r130c/cr299c/cc/cc:9hQs,5cQd|/6dTsAh/5h/8d:-529,529(-205.981509)
462:Player,BR:0cc/r200c/cc/cc:8s9c,3d7c|/7h7dQh/2d/Qc:-300,300(-280.269936)
463:BR,Player:0f:4h6s,2s9h|:50,-50(50.000000)
464:Player,BR:0cr300c/r520c/cr1840f:KcAd,5h7h|/4cQdQc/3d:-920,920(-920.000000)
465:BR,Player:0r130c/cr299c/r19471f:2d3s,9dJs|/2h5d7s/4d:529,-529(529.000000)
466:Player,BR:0cc/cc/cr200f:4sTc,6c7d|/2h7cAs/9c:-100,100(-100.000000)
467:BR,Player:0cc/cc/cc/r200f:3s6c,2dJc|/7s9sTs/5d/5s:100,-100(100.000000)
468:Player,BR:0cc/cc/cr200f:6dQd,2c7d|/3h9sTh/Td:-100,100(-100.000000)
469:BR,Player:0r200c/cr390c/r1380f:5c7c,5h6c|/3c8sQh/Ks:690,-690(690.000000)
470:Player,BR:0cc/cc/r130r460f:4d6s,2h7h|/2d7dJc/3h:-230,230(-230.000000)
471:BR,Player:0r130c/cc/cr299c/r19471f:2s3s,7dQh|/3d9hKd/8s/Th:529,-529(529.000000)
472:Player,BR:0cr300c/cc/cc/r200r19400f:7sTd,3h5c|/7h8s9h/8d/Qd:-600,600(-600.000000)
473:BR,Player:0r200c/cr390c/cc/r1380f:3cAc,8cKd|/5d7h7d/3h/Tc:690,-690(690.000000)
474:Player,BR:0cr200c/cc/cc/r390f:3c9c,3dQh|/7h7dKd/4c/Ks:300,-300(300.000000)
475:BR,Player:0r130c/cc/cr299r1058f:8sQh,3c7c|/4c5h7s/2h:529,-529(529.000000)
476:Player,BR:0cc/cc/cr200f:6cAd,3s7h|/3d7sKh/Kd:-100,100(-100.000000)
477:BR,Player:0cc/cr600c/r19300f:7h9s,8cTh|/3c5dQc/8s:700,-700(700.000000)
478:Player,BR:0cr300c/cc/cr800f:4d5c,8sTs|/2c9hQs/8h:-400,400(-400.000000)
479:BR,Player:0r130c/cc/r460c/cc:4sTc,5c8c|/8hTdKh/3d/2d:690,-690(330.468803)
480:Player,BR:0cc/cc/cr200f:2h3c,TdAh|/JhJdQd/9h:-100,100(-100.000000)
481:BR,Player:0r130c/cc/cc/cr299f:ThJc,8cJh|/6d8sAs/4c/4d:-230,230(-230.000000)
482:Player,BR:0cc/cc/r130r460c/cr1380f:8dKs,QsQc|/2d8hJs/3h/Qd:-690,690(-690.000000)
483:BR,Player:0r130c/cr299c/r1058f:2d7s,6hJd|/4h5cJh/As:529,-529(529.000000)
484:Player,BR:0cc/cc/cr200f:4s9h,JhKh|/6cTcJs/Ad:-100,100(-100.000000)
485:BR,Player:0r200c/cr390c/cc/cc:3hKs,4d7c|/3c9hAc/6h/Tc:690,-690(4.020321)
486:Player,BR:0cc/cc/cc/cr200f:2s5h,6s6c|/7s7dJd/Kc/Jh:-100,100(-100.000000)
487:BR,Player:0cc/cc/r200r900r18800f:3dTh,2c3c|/2d5sKs/7h:1200,-1200(1200.000000)
488:Player,BR:0cc/cc/cr200c/cc:JhQd,JdKc|/4c6dAh/Ks/6c:-300,300(-64.091791)
489:BR,Player:0r130c/cc/r460f:6c9h,4h4c|/3s8s9c/Ts:230,-230(230.000000)
490:Player,BR:0cr300c/cc/cr19600f:3h3c,QdKh|/7cKsKd/6c:-400,400(-400.000000)
491:BR,Player:0r130c/cr460c/cr897r18413f:4c6h,6s8s|/4d5c9s/Qd:1587,-1587(1587.000000)
492:Player,BR:0cc/cc/cr19900f:7hAs,5sQs|/8sTsJs/6c:-100,100(-100.000000)
493:BR,Player:0cc/cr130c/cr115f:5sTd,7dJc|/5c6cQd/Js:-230,230(-230.000000)
494:Player,BR:0cc/cc/cr200f:4cKd,5sQc|/2c8dJd/9s:-100,100(-100.000000)
495:BR,Player:0r130c/cr299c/cc/r19471f:3s9d,7d9h|/4dQcAc/Ts/8s:529,-529(529.000000)
496:Player,BR:0cc/r130c/cc/cr460r1380r17930f:7c8s,8hTc|/2c9s9d/Kc/2s:-2070,2070(-2070.000000)
497:BR,Player:0r300c/cc/cr520r19080f:3s6c,TcKc|/7s9cKs/Jc:920,-920(920.000000)
498:Player,BR:0cr300c/cc/cr800f:JcAh,4dQc|/4s7sTh/2c:-400,400(-400.000000)
499:BR,Player:0r200c/cr390c/cr1380f:5h6h,7h8h|/8d8cJd/Qs:-690,690(-690.000000)
500:Player,BR:0cc/cc/cr200r600c/cr19100f:4s6h,4dKh|/7s9sKs/5h/6d:-900,900(-900.000000)
501:BR,Player:0r130c/cc/r460c/r1380f:4h7d,JdAs|/7s7hQs/4d/3h:690,-690(690.000000)
502:Player,BR:0cr600c/cc/cc/cr19300f:4h5s,9sJd|/3d4s7h/8d/2s:-700,700(-700.000000)
503:BR,Player:0f:JdAc,2s3c|:50,-50(50.000000)
504:Player,BR:0cc/cc/cr200f:3dQc,6sJh|/4d7hKh/6c:-100,100(-100.000000)
505:BR,Player:0r200c/cc/cc/r19700f:8d9c,4sJh|/2h8hKh/Ac/8c:300,-300(300.000000)
506:Player,BR:0cc/cc/cc/cc:5sKc,7cKs|/2c6dQs/6s/3d:-100,100(4.170837)
507:BR,Player:0r200c/cc/r19700f:7cJc,9cJs|/4s4hAc/7d:300,-300(300.000000)
508:Player,BR:0cc/cc/cr200c/cc:4sTs,TcAs|/4dTdQc/5c/8c:300,-300(-123.364791)
509:BR,Player:0r130c/cr299c/cc/cc:3hJh,2c5c|/3d8d9h/8s/4d:529,-529(380.162766)
510:Player,BR:0cr200c/cc/r150r900f:9dAs,5cJd|/2s5hQc/Qs:-450,450(-450.000000)
511:BR,Player:0cc/cc/r200c/r19700f:4d9s,4cTs|/3s4h8h/Qs/Kh:300,-300(300.000000)
512:Player,BR:0cr300c/cc/r200r1200f:4s4h,5s8s|/9h9cJc/Js:-600,600(-600.000000)
513:BR,Player:0r200c/cc/cc/r600f:3sQh,3c7c|/6cKcAh/Qs/2h:300,-300(300.000000)
514:Player,BR:0cc/cc/r200r600f:6s8h,2cQh|/3s4s9s/5d:-300,300(-300.000000)
515:BR,Player:0f:ThJc,2dTc|:50,-50(50.000000)
516:Player,BR:0cc/cc/cr200c/cr600f:ThKc,7hAs|/2d5s7d/5h/4s:-300,300(-300.000000)
517:BR,Player:0r200c/cc/cr390r1380f:2h3d,5d6s|/5hKsKd/7h:690,-690(690.000000)
518:Player,BR:0cc/cc/r130r460f:6h8s,7dTc|/7sKsKc/2d:-230,230(-230.000000)
519:BR,Player:0r200c/cc/cc/r19700f:5s6d,5c6h|/3cTdAd/Jd/Qc:300,-300(300.000000)
520:Player,BR:0cr600c/cc/r910f:5dKd,2c6h|/4d9sKs/4c:700,-700(700.000000)
521:BR,Player:0f:5d7d,2h5c|:50,-50(50.000000)
522:Player,BR:0cr300c/cc/r520r19080f:TcKh,2sJs|/4d7hKs/9s:-920,920(-920.000000)
523:BR,Player:0r200c/cr390c/r1380c/cc:5s7d,2hJh|/4d6d7h/Js/7c:2070,-2070(2070.000000)
524:Player,BR:0cr200c/cc/r390r19310c/cc:JhQc,4d4c|/4h9dJc/Qs/Td:-20000,20000(-11681.560734)
525:BR,Player:0f:JsJd,3c9h|:50,-50(50.000000)
526:Player,BR:0cc/cc/cr200f:3hJc,5cAd|/5d7h9d/9s:-100,100(-100.000000)
527:BR,Player:0r130c/cc/r19770f:8hTc,5sJs|/3d7d8d/4d:230,-230(230.000000)
528:Player,BR:0cc/cc/r130c/cr460f:4hJh,4dKc|/4s6h8d/6s/Ad:-230,230(-230.000000)
529:BR,Player:0r200c/cr390c/cr897c/cc:3h4s,5s5c|/4dJhJd/4c/9h:1587,-1587(1587.000000)
530:Player,BR:0cr300c/r520c/r1196c/cr17884f:7h9h,5cKh|/JsQhQd/4h/8d:-2116,2116(-2116.000000)
531:BR,Player:0r130c/cr299c/cr1058r3174r14283f:5dKh,4cKd|/2d4hKc/Qh:-4761,4761(-4761.000000)
532:Player,BR:0cc/cc/cr200f:5dQh,JcKd|/2s4sJh/2h:-100,100(-100.000000)
533:BR,Player:0f:2cTh,2s6h|:50,-50(50.000000)
534:Player,BR:0cc/cc/cr200c/cr600f:2h7d,4sKh|/5sJcKs/7c/Kc:-300,300(-300.000000)
535:BR,Player:0r130c/cr690c/r1840f:5c8h,7sTs|/3cJhKd/Kc:920,-920(920.000000)
536:Player,BR:0cc/cc/r300c/r520r19080f:TsAc,3c6s|/3sJhAs/9d/8h:-920,920(-920.000000)
537:BR,Player:0r130c/cc/r460f:2c9c,9sJc|/6d8s8d/5d:230,-230(230.000000)
538:Player,BR:0cc/cc/cc/cc:3h9d,7d8h|/2s5sAs/Kc/5h:100,-100(90.125308)
539:BR,Player:0cc/cc/cc/r19900f:5dKc,2dQh|/3h7s8d/7h/3s:100,-100(100.000000)
540:Player,BR:0cc/cc/cc/cr19900f:9cJs,6h9s|/4c5cQs/Tc/Ks:-100,100(-100.000000)
541:BR,Player:0f:6hAc,3c7s|:50,-50(50.000000)
542:Player,BR:0cc/cc/cc/cr19900f:5cQh,6sQd|/7d8c9s/6c/Ts:-100,100(-100.000000)
543:BR,Player:0f:KdAd,2d4s|:50,-50(50.000000)
544:Player,BR:0cr300c/cc/r200c/cc:KsAs,2s8d|/2c9dJc/6h/Kc:600,-600(336.063423)
545:BR,Player:0r200c/cc/r19700f:6h8d,TdQd|/7d9hAs/5s:300,-300(300.000000)
546:Player,BR:0cr300c/cc/cc/cr800f:4h6h,2c9s|/2d4sAc/7c/8d:-400,400(-400.000000)
547:BR,Player:0r130c/cc/r460f:2sTs,4h6s|/8cJsKh/9s:230,-230(230.000000)
548:Player,BR:0cc/cc/r300c/cr800f:8cTs,5s5d|/2d9cJs/3d/6h:-400,400(-400.000000)
549:BR,Player:0r130c/cc/r19770f:QdAc,6cKd|/2c9hQh/As:230,-230(230.000000)
550:Player,BR:0cc/cc/cr200c/cc:4cKh,9hJh|/6s6hAd/4h/Jc:-300,300(-144.849773)
551:BR,Player:0f:TdKs,2h3s|:50,-50(50.000000)
552:Player,BR:0cc/cc/cc/cc:7dTc,JhKc|/2s6d7s/7c/9c:100,-100(-0.838467)
553:BR,Player:0r130c/cr460c/r19310f:8c9c,7cJd|/3h5c7h/6h:690,-690(690.000000)
554:Player,BR:0cr300c/r520c/r1196c/r4232c:TsKh,3hJc|/5dJdQh/6h/3c:-6348,6348(-194.114207)
555:BR,Player:0f:3c4h,2h9c|:50,-50(50.000000)
556:Player,BR:0cc/cc/cc/cc:6s9c,2s3s|/2h4hKh/Qs/9h:100,-100(41.442478)
557:BR,Player:0f:9h9d,3h8d|:50,-50(50.000000)
558:Player,BR:0cr200c/r390c/r897c/r793f:3cTh,QdKh|/8sJdQs/Ah/9h:1587,-1587(1587.000000)
559:BR,Player:0r130c/cr460c/r1380f:QhQc,7hJh|/2hTsJs/Qs:690,-690(690.000000)
560:Player,BR:0cr200c/cc/r150c/cc:7sKc,5dQh|/JhQdAc/Td/3c:450,-450(-241.022607)
561:BR,Player:0r130c/cc/r19770f:9cQs,6cKh|/5d6h8c/3h:230,-230(230.000000)
562:Player,BR:0cc/cc/cc/cr200f:4c5s,9cJh|/3d8cKs/3h/8s:-100,100(-100.000000)
563:BR,Player:0cc/cc/r19900f:9hJh,5h5d|/4h6cKh/3c:100,-100(100.000000)
564:Player,BR:0cr200c/r390c/r897r3174f:3s6h,QsQc|/5d7hKs/8s:-1587,1587(-1587.000000)
565:BR,Player:0r130c/cr299c/r1058f:5s9h,KhAc|/2h4c8d/6c:529,-529(529.000000)
566:Player,BR:0cr600c/cc/r140c/r2520f:7hQh,4hTc|/4s7cJh/7s/Js:840,-840(840.000000)
567:BR,Player:0r130c/cr299c/cr687c/cr3648f:3dAs,4s7s|/3c4h7d/Qh/8s:-1216,1216(-1216.000000)
568:Player,BR:0cc/cc/cr200f:3dKc,6cTh|/5d8c9d/4d:-100,100(-100.000000)
569:BR,Player:0r130c/cc/cc/r460f:3cKs,KhAc|/4c8c9d/5h/6h:230,-230(230.000000)
570:Player,BR:0cc/cc/cr200c/cr600f:3cJs,6h8h|/2sJhKc/Ah/Th:-300,300(-300.000000)
571:BR,Player:0r200c/cc/r600c/r1800r16200f:5hAc,7hJd|/7cTsAs/Jh/7d:-2700,2700(-2700.000000)
572:Player,BR:0cc/cc/r130r460c/cr1380f:7cKs,AsAd|/3s7s8h/4s/Jc:-690,690(-690.000000)
573:BR,Player:0r130c/cr299c/cr687c/cc:QsQc,8hKd|/3d9hKh/2h/Tc:-1216,1216(738.418414)
574:Player,BR:0cr200c/cc/cc/cc:6d7h,4hQs|/7d8dKd/7s/9s:300,-300(292.696771)
575:BR,Player:0r130c/cc/r460f:7s8h,JsQs|/5c6d8c/3d:230,-230(230.000000)
576:Player,BR:0cc/cc/r130c/r299r19471f:5cKh,TsTc|/6h9dKd/Jc/Ah:-529,529(-529.000000)
577:BR,Player:0f:9dKs,3s6h|:50,-50(50.000000)
578:Player,BR:0cr130c/cc/r115c/cr690f:KsAh,2dQc|/4s4d9d/Jh/8s:-345,345(-345.000000)
579:BR,Player:0cc/cc/r19900f:4hJc,8cAs|/QsQhAd/7s:100,-100(100.000000)
580:Player,BR:0cr300c/cc/r200r1200c/cc:6s8s,2d5c|/5d6h7d/2s/9c:1800,-1800(-277.814012)
581:BR,Player:0r130c/cc/r460c/r19310f:JdAh,JhQh|/2h9cTc/Ad/Qc:690,-690(690.000000)
582:Player,BR:0cc/cc/cr200f:4dKs,KdKc|/7h9hTc/9d:-100,100(-100.000000)
583:BR,Player:0r200c/cr900c/r2400r4680c/cc:KsKc,2s2c|/2h8dTd/9s/Qh:-8280,8280(-8280.000000)
584:Player,BR:0cr200c/cc/cr600f:TdTc,4hJh|/4c8sAc/Jd:-300,300(-300.000000)
585:BR,Player:0r200c/cc/cr390f:3d9h,6c9d|/2hQdKs/Ad:-300,300(-300.000000)
586:Player,BR:0cr130c/cc/r115r690c/cr18965f:ThJc,5dKs|/3h8cJs/Qd/Ah:-1035,1035(-1035.000000)
587:BR,Player:0r130c/cr299c/cr1587r4232f:6cKd,4d5c|/3sQhAd/Ac:2116,-2116(2116.000000)
588:Player,BR:0cc/cc/cr200f:4c6s,3cTc|/5s9h9d/Th:-100,100(-100.000000)
589:BR,Player:0r200c/cr390c/cr1380r4140c/r13790f:9cQs,5c8d|/3c5d8h/Ad/9d:6210,-6210(6210.000000)
590:Player,BR:0cc/cc/cr200c/cr600f:3sKd,4c7h|/3c6dJs/Qs/4s:-300,300(-300.000000)
591:BR,Player:0r300c/cc/r800f:7cJd,3d3c|/2dTcJh/4s:400,-400(400.000000)
592:Player,BR:0cr200c/r390c/r2070r17240c/cc:9s9d,6c7d|/2h9cQh/5s/Ts:20000,-20000(20000.000000)
593:BR,Player:0r200c/cr390c/cc/r19310f:3dQd,KsAs|/2dJhQh/9s/2s:690,-690(690.000000)
594:Player,BR:0cc/cc/cc/r130r460f:3sTd,KdAs|/4s6h9c/Qh/7h:-230,230(-230.000000)
595:BR,Player:0cc/cr130c/cc/r460f:5hKc,8dJh|/3sThTc/4d/7s:230,-230(230.000000)
596:Player,BR:0cr200c/cc/cr600f:ThAs,4h4c|/4s5d6c/2c:-300,300(-300.000000)
597:BR,Player:0r200c/cc/r600c/r1800f:JhJc,JsAc|/7s8hQc/Ts/2s:900,-900(900.000000)
598:Player,BR:0cr300c/cc/cc/cc:ThAs,6cTd|/9sQsKh/8h/2h:400,-400(400.000000)
599:BR,Player:0r130c/cc/cr115c/r19655f:5s8s,2hQh|/ThKdAd/Kh/3d:345,-345(345.000000)
600:Player,BR:0cr200c/cc/r600f:QsQh,5s6c|/JcQdKc/7c:300,-300(300.000000)
601:BR,Player:0f:2s3d,2c3s|:50,-50(50.000000)
602:Player,BR:0cc/cc/cr19900f:5sJc,3cQc|/2dKdAc/Tc:-100,100(-100.000000)
603:BR,Player:0r200c/cc/r19700f:5dTh,8dTd|/7s8sAs/Js:300,-300(300.000000)
604:Player,BR:0cr300c/r520c/cr19080f:5cQc,4s9d|/3s7cKd/As:-920,920(-920.000000)
605:BR,Player:0r130c/cr299c/cc/r19471f:7cAd,9cQh|/2c3hJd/Kc/Tc:529,-529(529.000000)
606:Player,BR:0cc/cc/cc/cc:2d8d,8cJs|/5c7sAd/Qh/Qd:-100,100(6.562038)
607:BR,Player:0r130c/cc/r460c/r19310f:ThJc,6s7h|/2c4c8d/5c/6h:690,-690(690.000000)
608:Player,BR:0cr300c/cc/cc/r520f:7d8s,6sAc|/7hJhQh/4c/Qc:400,-400(400.000000)
609:BR,Player:0r200c/cc/r600f:5h7d,9sQd|/5d6hJh/4s:300,-300(300.000000)
610:Player,BR:0cr200c/cc/cr600f:4s4c,6cAh|/7h8sKs/9h:-300,300(-300.000000)
611:BR,Player:0cc/cr130c/r460f:6d7d,5dJd|/3d7s7h/2s:230,-230(230.000000)
612:Player,BR:0cc/cc/cc/cr19900f:6cJs,3sAd|/2hThQs/7h/9c:-100,100(-100.000000)
613:BR,Player:0r200c/cc/r600c/r19100f:3cKc,8dQd|/3dQcAc/Jd/Ah:900,-900(900.000000)
614:Player,BR:0cr200c/cc/cr600c/cc:ThJs,9hQd|/8hQcAc/Td/Qh:-900,900(-672.314772)
615:BR,Player:0r130c/cr299c/cc/cc:5cQd,5s5d|/3s4s8h/Ah/Td:-529,529(-181.968289)
616:Player,BR:0cc/cc/cr200r390c/cr1380c:2d4s,KhKc|/2c4d7d/9s/7s:-2070,2070(-2070.000000)
617:BR,Player:0r130c/cr299c/cc/cr687r18784f:JdAh,5h7d|/3sJsQc/8h/3c:1216,-1216(1216.000000)
618:Player,BR:0cc/cc/cr200r390r1380c/cr4140f:3d4h,AhAc|/4dJhAd/3c/Kc:-2070,2070(-2070.000000)
619:BR,Player:0r200c/cc/r600f:5d9s,4cKs|/6c9dJs/8c:300,-300(300.000000)
620:Player,BR:0cc/cc/cc/r130f:5dTh,4d8c|/3hTsTc/Jc/Ac:100,-100(100.000000)
621:BR,Player:0r200c/cc/cc/r600f:3h5h,8sAs|/5c7d9c/Ks/4d:300,-300(300.000000)
622:Player,BR:0cr300c/r520c/r2760r7360r8960f:7sKd,QsQd|/5d7dAc/Ks:11040,-11040(11040.000000)
623:BR,Player:0f:2s3c,2d9s|:50,-50(50.000000)
624:Player,BR:0cc/cc/r130r460f:3s7h,8cTc|/8s8hQs/Kc:-230,230(-230.000000)
625:BR,Player:0r130c/cc/r460c/cr897r3174f:5cJc,ThKc|/9sTsJh/6s/Qc:1587,-1587(1587.000000)
626:Player,BR:0cc/cc/cr200f:4h7s,5dQs|/6sQhAs/Jh:-100,100(-100.000000)
627:BR,Player:0r130c/cc/r460c/cr2070c:9sJs,TcKc|/3c4h8d/9c/6h:2760,-2760(2760.000000)
628:Player,BR:0cc/cc/cc/cr19900f:2sKd,5d7s|/7cKcAh/4c/2c:-100,100(-100.000000)
629:BR,Player:0r130c/cc/r19770f:6h7c,JhKh|/4s8cTd/6c:230,-230(230.000000)
630:Player,BR:0cr200c/r390c/cr1380f:9cQc,4hQs|/2dJcAs/5s:-690,690(-690.000000)
631:BR,Player:0cc/cc/cc/r19900f:8d9h,9sJc|/2hQsAd/4h/7s:100,-100(100.000000)
632:Player,BR:0cc/cc/cc/cc:6dKc,3d3c|/4s5c7h/9s/Qc:-100,100(10.100880)
633:BR,Player:0r130c/cr299c/r1058c/cc:6c8d,3sJc|/3d5sJh/5c/7c:-1587,1587(-1587.000000)
634:Player,BR:0cc/cc/r130c/cc:3c4h,8d8c|/4cTsKs/2d/6d:-230,230(-140.236463)
635:BR,Player:0r130c/cc/r460r1380r4140f:6cJc,5s9c|/5c8cTd/7s:2070,-2070(2070.000000)
636:Player,BR:0cc/cc/cc/cc:3c6s,2cJd|/6h7sKd/2h/9s:100,-100(-23.758606)
637:BR,Player:0r200c/cc/r600c/r1800f:JcAd,TsKd|/3h8sQh/Jd/3c:900,-900(900.000000)
638:Player,BR:0cr200c/cc/cr600c/cr1800c:4d5d,TdJh|/5hTsKd/8c/6s:-2700,2700(-390.177358)
639:BR,Player:0r130c/cr299c/r1058c/r18413f:3sQd,5cAd|/5dTdAs/3d/Ts:1587,-1587(1587.000000)
640:Player,BR:0cc/cc/cr200f:5cAd,4h8s|/4d8hKd/Qc:-100,100(-100.000000)
641:BR,Player:0cc/cr200c/cc/r19700f:4s9d,7dTd|/QsKsAd/As/6s:300,-300(300.000000)
642:Player,BR:0cr600c/cc/r910c/cr18390f:8sKs,4cAd|/4sJdQs/Kd/9h:-1610,1610(-1610.000000)
643:BR,Player:0r130c/cr299c/cr1587r4232f:2hQc,5dTh|/3c4hJd/9h:2116,-2116(2116.000000)
644:Player,BR:0cr200c/cc/r150r900f:6s6c,9dJc|/2d4sAc/5h:-450,450(-450.000000)
645:BR,Player:0r130c/cr299c/cc/cr687r18784f:TcAc,ThQc|/2s8dJc/8h/7s:1216,-1216(1216.000000)
646:Player,BR:0cc/cc/cc/r130r19770f:2cJd,7hQc|/4h8s9d/3s/5c:-230,230(-230.000000)
647:BR,Player:0f:2h9h,2c8d|:50,-50(50.000000)
648:Player,BR:0cr130c/cc/cc/r690r19080f:QdKs,9hAh|/3d4h7c/Js/Qh:-920,920(-920.000000)
649:BR,Player:0f:4cTs,2s7h|:50,-50(50.000000)
650:Player,BR:0cc/cc/cr200c/cr600c:2hJc,9hAc|/4c9cJd/9s/Ks:-900,900(-900.000000)
651:BR,Player:0r130c/cr690c/cr1840r17240f:4s4c,KhKd|/3s7sJc/9d:2760,-2760(2760.000000)
652:Player,BR:0cr600c/r2100c/cr5600f:9sJc,4sTd|/6d7s9c/8d:-2800,2800(-2800.000000)
653:BR,Player:0f:4h7d,3s8h|:50,-50(50.000000)
654:Player,BR:0cr600c/cc/r140r1680f:KsKh,5dJh|/2h5hAc/Jc:-840,840(-840.000000)
655:BR,Player:0cc/cr300c/r19600f:4cJc,3sKh|/2s6hQd/Kd:400,-400(400.000000)
656:Player,BR:0cr200c/cc/cr600f:3sAs,QhKd|/2d8dTh/9d:-300,300(-300.000000)
657:BR,Player:0f:2cQc,2d9h|:50,-50(50.000000)
658:Player,BR:0cr300c/cc/cc/cr800r1560r5520f:4d4c,7c8s|/5d8dKc/Jc/5c:-2760,2760(-2760.000000)
659:BR,Player:0r130c/cc/cr299c/cr687r2432f:7s9c,4sAs|/2dTcQh/Ac/7c:1216,-1216(1216.000000)
660:Player,BR:0cr300c/r1200c/r2080r7360f:6sAs,5cJd|/3sTdJs/Qd:-3680,3680(-3680.000000)
661:BR,Player:0r130c/cc/cr115c/cr690r2070f:3sQc,5sJs|/3d4hJd/9c/7h:1035,-1035(1035.000000)
662:Player,BR:0cr200c/cc/cc/r150r900f:2cTd,8sQd|/6h7hKs/7c/3s:-450,450(-450.000000)
663:BR,Player:0r130c/cc/cc/r19770f:3sJh,4d5d|/5c7cQd/8c/Qs:230,-230(230.000000)
664:Player,BR:0cc/cc/cc/r200f:3dJc,2sQc|/3s6d9h/8c/3h:100,-100(100.000000)
665:BR,Player:0r130c/cr299c/cc/r1058f:3c4s,9sJc|/4d6sJs/5d/8c:529,-529(529.000000)
666:Player,BR:0cc/cc/r130f:5sJd,2s7d|/8s9hTd/Tc:100,-100(100.000000)
667:BR,Player:0r130c/cc/cc/r19770f:7s8d,6sJc|/2hThAd/Qd/9s:230,-230(230.000000)
668:Player,BR:0cr130c/cc/cr19770f:TsQh,5cKh|/ThJdAh/9c:-230,230(-230.000000)
669:BR,Player:0r130c/cr460c/cr897c/cc:4d4c,2d9d|/5s6sTs/2h/Ac:1587,-1587(-189.444378)
670:Player,BR:0cc/cc/cc/cr200f:8hKd,4cQs|/4s5hAh/6c/9c:-100,100(-100.000000)
671:BR,Player:0r130c/cr299c/cr687r18784f:4s8h,5dAd|/2s3dQd/Qs:1216,-1216(1216.000000)
672:Player,BR:0cr200c/cc/r900r2400f:JcAc,3d7s|/4h5cJd/3h:-1200,1200(-1200.000000)
673:BR,Player:0cc/cr130c/cc/r19770f:5hTs,4hJd|/2c7hAh/8d/6s:230,-230(230.000000)
674:Player,BR:0cc/cc/r130c/cr460f:3d8s,5cQh|/6sQsKh/Ac/Qd:-230,230(-230.000000)
675:BR,Player:0r130c/cr690c/r1840c/cr1380r15860f:5c7h,JsKs|/7d9dKc/Kd/7s:4140,-4140(4140.000000)
676:Player,BR:0cc/cc/cr200c/cr19700f:2sAs,5d6c|/4s4d5c/8c/Kc:-300,300(-300.000000)
677:BR,Player:0f:4d9h,2s4h|:50,-50(50.000000)
678:Player,BR:0cr200c/cc/r150r900f:7hAc,QcKh|/7s9cJc/Jh:-450,450(-450.000000)
679:BR,Player:0r130c/cc/r19770f:5sTc,3hAc|/3d5d6c/4c:230,-230(230.000000)
680:Player,BR:0cc/cc/cr19900f:3dAs,6d9h|/5hKdAh/Qs:-100,100(-100.000000)
681:BR,Player:0cc/cr130c/cc/r19770f:8c9s,9dQs|/5d9cAs/4d/Jh:230,-230(230.000000)
682:Player,BR:0cr300c/cc/r200c/cr1200f:5d6d,9hTd|/3hQcAc/Ks/Ah:-600,600(-600.000000)
683:BR,Player:0cc/cc/cc/r19900f:2c7s,6hAc|/9dJdKd/5s/8s:100,-100(100.000000)
684:Player,BR:0cc/cc/cc/cr200f:2hAh,3c9s|/3d5dQh/Js/5s:-100,100(-100.000000)
685:BR,Player:0r130c/cr299c/cc/r1058c:TcAc,3h5d|/5h8hQs/Qd/Ts:1587,-1587(1477.797392)
686:Player,BR:0cc/cc/r300c/r1200r18400f:7cKh,8h9c|/7s7h8c/5c/Qd:-1600,1600(-1600.000000)
687:BR,Player:0f:JsAs,2d5c|:50,-50(50.000000)
688:Player,BR:0cc/cc/cc/r130r460f:3c8s,4c9d|/4d5dJh/Qs/8h:-230,230(-230.000000)
689:BR,Player:0r130c/cc/cc/cc:QdAc,6sAd|/3s9hKh/2c/Kd:230,-230(185.445836)
690:Player,BR:0cc/cc/cc/cr200f:6cQs,JdAh|/5h7sKc/7h/2c:-100,100(-100.000000)
691:BR,Player:0r130c/cr690c/r1840f:6h7d,3c5h|/3h4dTh/8h:920,-920(920.000000)
692:Player,BR:0cr200c/cc/cr600f:5dAc,3cTd|/3s9dQs/7h:-300,300(-300.000000)
693:BR,Player:0r130c/cr299c/cc/r19471f:6cTs,7c8c|/4d9hAc/Qh/8s:529,-529(529.000000)
694:Player,BR:0cr130c/cc/r115f:4h8h,6cTd|/3d7sKc/4c:230,-230(230.000000)
695:BR,Player:0r130c/cc/r460f:6c8h,5cAc|/3h7h9h/7d:230,-230(230.000000)
696:Player,BR:0cc/cc/r130f:6h8c,2cTh|/9cKsKh/7c:100,-100(100.000000)
697:BR,Player:0r130c/cr299c/cr687c/cr3648f:7h8h,6h8s|/4d7d9s/9d/5h:-1216,1216(-1216.000000)
698:Player,BR:0cc/cc/cr200f:8s9h,3dTs|/2d3s5d/Jh:-100,100(-100.000000)
699:BR,Player:0r200c/cr390c/cc/r19310f:2dKs,5hTh|/3d3c7s/5d/6h:690,-690(690.000000)
700:Player,BR:0cc/cc/cr200f:2d9d,2c3s|/6s6h7c/3h:-100,100(-100.000000)
701:BR,Player:0cc/cr200c/r600f:3h4d,3cJh|/2h8hQh/6d:300,-300(300.000000)
702:Player,BR:0cc/cc/cc/cr200f:3c7h,9hQc|/2s5dJd/Td/Ks:-100,100(-100.000000)
703:BR,Player:0cc/cc/r200c/r600r5400f:2h6h,2cTc|/4h7cJh/5c/8c:-900,900(-900.000000)
704:Player,BR:0cc/cc/cc/cr200c:4cKd,6d6c|/3h7cAs/Th/7s:-300,300(-61.212494)
705:BR,Player:0r130c/cr299c/cr3174f:8h9c,TsKs|/5cTdKc/2s:-529,529(-529.000000)
706:Player,BR:0cc/cc/cc/r300c:8dTc,3sJh|/8cThAs/Qh/Ts:400,-400(-332.000013)
707:BR,Player:0r130c/cc/r460f:6dTd,6c7s|/4s7dTs/Jh:230,-230(230.000000)
708:Player,BR:0cc/cc/cr200f:8cKh,3s7s|/3c5sQh/9s:-100,100(-100.000000)
709:BR,Player:0r130c/cr299c/cr687r18784c/cc:4s5s,9h9d|/7d9sKd/4h/Ac:-20000,20000(-20000.000000)
710:Player,BR:0cc/cc/cc/r300r19600f:2hJs,QdAc|/5d8dTh/5h/4s:-400,400(-400.000000)
711:BR,Player:0r200c/cc/r600f:2dQs,4s6c|/8dQdAs/2s:300,-300(300.000000)
712:Player,BR:0cc/cc/cr200f:3hTc,9hQc|/6s7hJs/4h:-100,100(-100.000000)
713:BR,Player:0r200c/cc/r600f:JsJh,8cKd|/2hThAc/9c:300,-300(300.000000)
714:Player,BR:0cc/cc/cr200f:7dQc,5dKc|/2s3dKh/Jh:-100,100(-100.000000)
715:BR,Player:0r130c/cc/r460c/r1380f:3s7h,ThKd|/9dKhAd/8s/8d:690,-690(690.000000)
716:Player,BR:0cr300c/cc/cc/r800r18800f:6hKh,7sKs|/ThKdAd/2d/Ac:-1200,1200(-1200.000000)
717:BR,Player:0f:6s6h,3c8d|:50,-50(50.000000)
718:Player,BR:0cc/cc/cc/cc:2d6d,3d9s|/6s8c9c/7s/Kc:-100,100(-20.389171)
719:BR,Player:0r130c/cr299c/cc/cr687r2432r16352f:6d8c,8dKc|/4h8hKh/4d/Kd:-3648,3648(-3648.000000)
720:Player,BR:0cr600c/r910c/cc/cr18390f:KhKd,6dJs|/2c7dTh/3d/Qh:-1610,1610(-1610.000000)
721:BR,Player:0r200c/cc/r600f:3cAs,6s7c|/5hKsAh/2s:300,-300(300.000000)
722:Player,BR:0cr300c/r520c/cc/r460r2760f:8cTc,5cQd|/2d5d8h/Js/3h:-1380,1380(-1380.000000)
723:BR,Player:0f:8dAs,3h8s|:50,-50(50.000000)
724:Player,BR:0cc/cc/r130r460c/cr19310f:5sQh,3s9h|/5c6hJd/6s/9s:-690,690(-690.000000)
725:BR,Player:0f:3c8h,2h4d|:50,-50(50.000000)
726:Player,BR:0cc/cc/cc/r130r19770f:7hQd,2dKh|/2cThQc/5s/6c:-230,230(-230.000000)
727:BR,Player:0r200c/cc/cc/cr390r19310f:3cAd,6sTh|/7c9hQd/4c/Ks:690,-690(690.000000)
728:Player,BR:0cr200c/cc/cc/r150r900f:ThJh,3d4s|/TcQcKc/6d/Ks:-450,450(-450.000000)
729:BR,Player:0r130c/cr299c/cr687r2432f:8cKc,9cTd|/7s8dAs/2s:1216,-1216(1216.000000)
730:Player,BR:0cr200c/r390c/r1380r4140f:6dQs,4cAs|/3h5c7c/8d:-2070,2070(-2070.000000)
731:BR,Player:0r130c/cc/r460c/cr2070r5520f:4hTc,TsJc|/3hThQd/9s/Ks:2760,-2760(2760.000000)
732:Player,BR:0cc/cc/cr200f:2h7d,4d9c|/7h9dTh/4c:-100,100(-100.000000)
733:BR,Player:0r200c/cr600c/cc/r1800f:3c9c,4cJh|/8dTcKh/7c/5c:900,-900(900.000000)
734:Player,BR:0cc/cc/cr200f:4s6d,3cTd|/9cTsJh/Ah:-100,100(-100.000000)
735:BR,Player:0r200c/cc/r19700f:9cAd,6hKs|/6dTcAc/As:300,-300(300.000000)
736:Player,BR:0cc/cc/cr200r390f:4d9d,8sAc|/2d6dKd/8h:300,-300(300.000000)
737:BR,Player:0r130c/cc/r460f:9d9c,4d4c|/5c9hJh/8c:230,-230(230.000000)
738:Player,BR:0cc/cc/cr19900f:8hJd,4d8s|/ThTdQc/Kh:-100,100(-100.000000)
739:BR,Player:0cc/cc/r19900f:4sQh,3hKd|/8sKsAc/6c:100,-100(100.000000)
740:Player,BR:0cc/cc/cr200f:2d8h,4d7s|/3sKsAc/7d:-100,100(-100.000000)
741:BR,Player:0r130c/cr299c/cr687f:2d9c,6hTc|/3sAdAc/Jd:-529,529(-529.000000)
742:Player,BR:0cc/cc/cc/r130r19770f:4d9h,2h8d|/3h3dAh/Qs/5s:-230,230(-230.000000)
743:BR,Player:0f:3s5s,2d8c|:50,-50(50.000000)
744:Player,BR:0cr300c/r520c/r1840c/cc:8sQc,ThAh|/6c9hKc/7c/6d:-2760,2760(-2084.619477)
745:BR,Player:0f:4c6d,2d6h|:50,-50(50.000000)
746:Player,BR:0cc/cc/cc/cr200f:JdKh,8cAs|/2d3d4d/Ah/7c:-100,100(-100.000000)
747:BR,Player:0r200c/cc/cr150c/cr900r18650f:6c7d,8cAc|/3c7hAh/Jd/3s:1350,-1350(1350.000000)
748:Player,BR:0cc/cc/r130r19770f:2c9c,5dTd|/6d8c9d/5h:-230,230(-230.000000)
749:BR,Player:0r130c/cr299c/cr687c/cr1580r5592f:6cKh,4c6d|/2dTsTc/4s/Th:2796,-2796(2796.000000)
750:Player,BR:0cc/cc/cc/cc:5dQh,6hJc|/ThQsAs/2h/Td:100,-100(30.964828)
751:BR,Player:0r130c/cr299c/cc/r19471f:4hQc,6s8c|/3s9dKc/8d/5d:529,-529(529.000000)
752:Player,BR:0cc/cc/cr200f:4d8h,4h5s|/3cTsTh/6h:-100,100(-100.000000)
753:BR,Player:0r130c/cr299c/cr1058c/cr793r4760f:5c8c,JcQc|/2c8hTh/Qd/Qh:2380,-2380(2380.000000)
754:Player,BR:0cc/cc/cr200f:3s4c,8cTc|/4d5h8s/Jc:-100,100(-100.000000)
755:BR,Player:0r130c/cc/r19770f:3h7s,7c8h|/4s5hQs/Ac:230,-230(230.000000)
756:Player,BR:0cc/cc/cc/cc:5d7s,7cAc|/2s9sQd/Kd/Ks:-100,100(-21.438061)
757:BR,Player:0cc/cc/r200f:4sKs,4hJs|/2s2c9d/7s:100,-100(100.000000)
758:Player,BR:0cr600c/r4200c/cr9800f:7s8s,JdKc|/2c6sTd/6c:-4900,4900(-4900.000000)
759:BR,Player:0r130c/cr299c/cr1058r18413f:TsAc,8dTc|/2d5c6h/7s:1587,-1587(1587.000000)
760:Player,BR:0cc/cc/r200r600f:3hKd,5hQc|/4dAhAd/7d:-300,300(-300.000000)
761:BR,Player:0r130c/cc/r19770f:JcKs,7cQc|/7h9sAd/Js:230,-230(230.000000)
762:Player,BR:0cr300c/cc/r200r1200c/cc:7hKd,9hKc|/7c8hTd/8s/Jh:-1800,1800(-984.772779)
763:BR,Player:0r130c/cc/r460f:4hQc,5hAs|/4dQsKc/Jd:230,-230(230.000000)
764:Player,BR:0cc/cc/cc/r130f:2s9c,8sKc|/5d7dAh/Jc/Jd:100,-100(100.000000)
765:BR,Player:0r130c/cr299c/cc/r1058c:3cAd,3d6d|/4d6cQs/9s/Ah:1587,-1587(1587.000000)
766:Player,BR:0cc/cc/r130r460f:4dJh,5d9c|/8hTsKh/7c:-230,230(-230.000000)
767:BR,Player:0r200c/cc/cc/r19700f:2sKh,8d9d|/6dTcAs/3h/Ks:300,-300(300.000000)
768:Player,BR:0cc/cc/cr19900f:4hQs,3s8c|/QdKhAc/Jc:-100,100(-100.000000)
769:BR,Player:0r200c/cr390c/r1380c/cr6210f:7cJc,4sKc|/2d4h8s/4c/Th:-2070,2070(-2070.000000)
770:Player,BR:0cr200c/r390c/cr1380f:7d8s,4hJs|/3d4sKs/6h:-690,690(-690.000000)
771:BR,Player:0r130c/cr299c/r1058f:7s8d,2s4s|/3d9dKs/3h:529,-529(529.000000)
772:Player,BR:0cc/cc/cr19900f:6cJs,5s5c|/2hQdKc/5h:-100,100(-100.000000)
773:BR,Player:0r130c/cr299c/r19471f:8cAs,2hJs|/4c5sTd/7d:529,-529(529.000000)
774:Player,BR:0cc/cc/cr200f:3hQh,8cQs|/6c8hTd/4c:-100,100(-100.000000)
775:BR,Player:0r130c/cc/cr115c/cr448r19207f:5hAd,8sTd|/4cJsJd/8d/8c:793,-793(793.000000)
776:Player,BR:0cc/cc/r300r800f:TsJh,3s5c|/4h5s6h/8c:-400,400(-400.000000)
777:BR,Player:0r130c/cc/cr460f:3s3h,8hKc|/6c8cTs/Kd:-230,230(-230.000000)
778:Player,BR:0cc/cc/cc/cc:4sTs,2dJs|/3h4h9h/7h/3d:100,-100(95.536805)
779:BR,Player:0r200c/cr600c/r1800c/cr1350f:TdJd,8cQh|/8hJcQd/Qc/5c:-2700,2700(-2700.000000)
780:Player,BR:0cr200c/cc/cr600c/cr1800c:QdKd,9dQc|/9sQsAh/3d/2s:-2700,2700(-2514.432505)
781:BR,Player:0r130c/cr299c/cr1058f:8hTs,4s5h|/3d6hAh/5s:-529,529(-529.000000)
782:Player,BR:0cc/cc/cr200f:4dTc,ThKc|/2d9sAc/Kd:-100,100(-100.000000)
783:BR,Player:0cc/cr130c/r460f:4dQh,4c9h|/KhKcAh/As:230,-230(230.000000)
784:Player,BR:0cc/cc/cr200f:9sJc,4hAc|/4dKdAs/5d:-100,100(-100.000000)
785:BR,Player:0r200c/cc/r600f:6d9h,8hAs|/5s9cJs/2c:300,-300(300.000000)
786:Player,BR:0cc/cc/r130f:9dTs,3c6d|/5d8cTh/9c:100,-100(100.000000)
787:BR,Player:0r130c/cc/r460c/r19310f:KcAs,7hTd|/6c7cAd/8s/5s:690,-690(690.000000)
788:Player,BR:0cc/cc/cr200f:4hTc,2h6h|/2s8hJh/Jd:-100,100(-100.000000)
789:BR,Player:0r200c/cr390c/r1380f:TsTd,6h9s|/4d5hJc/2s:690,-690(690.000000)
790:Player,BR:0cc/cc/cr200f:5hTh,8cQh|/4s6hAd/Qc:-100,100(-100.000000)
791:BR,Player:0r130c/cc/cc/cr460r19310f:5cTh,4s6s|/9dJcKs/6d/6c:690,-690(690.000000)
792:Player,BR:0cr200c/cc/r150r900f:4d4c,4s7h|/6s6h9c/3s:-450,450(-450.000000)
793:BR,Player:0r130c/cr690c/cc/r19080f:5hTh,4dJh|/8sTcQc/2c/7s:920,-920(920.000000)
794:Player,BR:0cr300c/cc/r200r19400f:TdJh,AhAd|/2d5dAs/7h:-600,600(-600.000000)
795:BR,Player:0f:8dQh,3h6d|:50,-50(50.000000)
796:Player,BR:0cc/cc/cc/r130r19770f:TcKh,2sTs|/3c5d5c/6c/6h:-230,230(-230.000000)
797:BR,Player:0r130c/cc/r460c/r1380f:3d7c,3h3c|/5d7dJh/7s/Ac:690,-690(690.000000)
798:Player,BR:0cc/cc/cr19900f:3c5d,8cQc|/5cJcKh/2c:-100,100(-100.000000)
799:BR,Player:0r130c/cc/r460f:9sJs,9dQh|/2c5sKs/7c:230,-230(230.000000)
800:Player,BR:0cc/cc/cr200c/cr600c:3d8c,KdAs|/7c8h8d/Ac/Jh:900,-900(-820.651323)
801:BR,Player:0r130c/cr299c/cc/r1058f:JdKh,6dKs|/4s7d9h/3d/Th:529,-529(529.000000)
802:Player,BR:0cr200c/r390c/cr19310f:TsJh,6dJc|/3s5c9c/2s:-690,690(-690.000000)
803:BR,Player:0r200c/cr390c/cr1380f:9dJc,3d5s|/4d6d8s/8d:-690,690(-690.000000)
804:Player,BR:0cr200c/cc/r900f:JsAh,3s4s|/5h8hKs/As:300,-300(300.000000)
805:BR,Player:0r130c/cc/cc/r460f:9sJh,6cAc|/4sQhKd/4d/Qd:230,-230(230.000000)
806:Player,BR:0cr300c/cc/cc/r1200f:8dQd,9hKc|/2sQcAd/4c/Qh:400,-400(400.000000)
807:BR,Player:0r130c/cr299c/cc/cc:2cJh,2hJd|/2d9cQc/7s/Ad:0,-0(-0.302377)
808:Player,BR:0cc/cc/cr19900f:3hAc,6s6h|/4d4c6d/7c:-100,100(-100.000000)
809:BR,Player:0f:7dKc,2sJh|:50,-50(50.000000)
810:Player,BR:0cr300c/r520c/r1840c/cc:2s5s,4c9c|/4dQsAc/Ad/Kd:-2760,2760(-2747.072413)
811:BR,Player:0cc/cc/r200c/cc:2c5h,3hQs|/JcQhAs/Kc/6s:-300,300(-300.000000)
812:Player,BR:0cc/cc/cr200c/cr600f:2hQc,2cTh|/2sTdAc/5s/3h:-300,300(-300.000000)
813:BR,Player:0f:8hJd,2cTh|:50,-50(50.000000)
814:Player,BR:0cr200c/r390c/cr1380f:6c9c,5s8d|/8hAsAd/5h:-690,690(-690.000000)
815:BR,Player:0r200c/cc/cr390f:7cJh,TdKd|/8sJsQs/2d:-300,300(-300.000000)
816:Player,BR:0cc/cc/cr19900f:5hQd,6d9c|/JhQsAd/Ts:-100,100(-100.000000)
817:BR,Player:0f:9dKs,3s9h|:50,-50(50.000000)
818:Player,BR:0cc/cc/cr200f:4dKc,5hQd|/3s7hJd/3h:-100,100(-100.000000)
819:BR,Player:0r130c/cr299c/r1058r3174r9522f:7cQs,4sJd|/2h2dAs/5s:4761,-4761(4761.000000)
820:Player,BR:0cc/cc/cr200f:3h6c,9hJh|/7hTsQc/9c:-100,100(-100.000000)
821:BR,Player:0f:5hQd,3d9s|:50,-50(50.000000)
822:Player,BR:0cc/cc/cc/r200r600f:2hTs,8s9h|/4d5dKs/Td/4c:-300,300(-300.000000)
823:BR,Player:0r130c/cc/r460f:9sJd,6cQc|/5dJsKd/4h:230,-230(230.000000)
824:Player,BR:0cc/cc/cr200c/cr600c:5cJh,2h3c|/4h4c6h/Jc/Qs:900,-900(900.000000)
825:BR,Player:0r200c/cr600c/cr1170r17930f:4h9d,TsAh|/8sQcAd/5d:2070,-2070(2070.000000)
826:Player,BR:0cc/cc/cc/cr19900f:4d5s,QsAc|/6h9cKd/Jd/4s:-100,100(-100.000000)
827:BR,Player:0f:3h4d,3c9d|:50,-50(50.000000)
828:Player,BR:0cc/cc/r200r600c/r180r18920f:4dTd,KhKd|/7h8h9d/Ad/2c:-1080,1080(-1080.000000)
829:BR,Player:0r200c/cr600c/cc/r19100f:TsAc,3c5c|/3d5h9h/4d/6s:900,-900(900.000000)
830:Player,BR:0cc/cc/cr200f:2d9d,2s7c|/5hThQc/Qs:-100,100(-100.000000)
831:BR,Player:0r200c/cc/r600c/r1800c:9s9h,6h8d|/2s4h8c/6c/2d:2700,-2700(1129.985260)
832:Player,BR:0cc/cc/cc/r130r460f:7cQs,3sQd|/3d6s8d/Kd/4d:-230,230(-230.000000)
833:BR,Player:0r130c/cc/cc/cc:3c8s,4hKs|/3hTdAc/7h/4c:-230,230(97.275172)
834:Player,BR:0cc/cc/cc/r130r460f:5h9c,4d9d|/5d7cTh/Qh/Tc:-230,230(-230.000000)
835:BR,Player:0cc/cr130c/cr299r1058f:3sQs,3hJs|/6d7hTs/Th:529,-529(529.000000)
836:Player,BR:0cr600c/cc/cr19300f:JdQs,5cAs|/7dTcKh/3s:-700,700(-700.000000)
837:BR,Player:0cc/cc/r19900f:6cKd,5hTc|/2d3sTh/9s:100,-100(100.000000)
838:Player,BR:0cc/cc/cr200f:3d7s,TdKd|/4h9sKs/9d:-100,100(-100.000000)
839:BR,Player:0f:TdJs,3c9h|:50,-50(50.000000)
840:Player,BR:0cr300c/r1200c/r3200r15200f:4d6d,5h5c|/3d5sQh/Ah:-4800,4800(-4800.000000)
841:BR,Player:0r200c/cr390c/r19310f:7dTc,4h6s|/3d5hTs/Jc:690,-690(690.000000)
842:Player,BR:0cc/cc/cc/r300r19600f:8dAh,5sQs|/4h9dTs/Ac/Js:-400,400(-400.000000)
843:BR,Player:0cc/cr200c/r600c/cr1170c:6h8s,2s6s|/4s5c7h/8c/4d:0,-0(-139.108380)
844:Player,BR:0cc/cc/cr200c/cc:8d9s,KsKd|/2h4dJc/9h/3d:-300,300(-205.395333)
845:BR,Player:0r130c/cc/r460c/cr897r3174f:4dQc,KsAc|/2d6sQh/Tc/Ad:1587,-1587(1587.000000)
846:Player,BR:0cr300c/cc/cc/cc:8sAd,2cAs|/7s7cJd/Jh/Ks:0,-0(-53.262814)
847:BR,Player:0r200c/cr390c/cc/r1380f:7sKc,TsKd|/3dJsQh/5s/4d:690,-690(690.000000)
848:Player,BR:0cr600c/r910c/r4830c/cc:4c5s,3hAd|/2s2cQd/6d/Js:-6440,6440(-5307.220008)
849:BR,Player:0r130c/cc/cc/r460r2070r17240f:3s7h,6cAh|/3h8sKh/Jh/8h:2760,-2760(2760.000000)
850:Player,BR:0cc/cc/cr200c/cr19700f:4d5h,9cAc|/4h5s7h/Ad/7c:-300,300(-300.000000)
851:BR,Player:0r200c/cr390c/cr1380r4140f:5dAd,JsJc|/2d4h7c/5s:2070,-2070(2070.000000)
852:Player,BR:0cr600c/cc/r910c/cr3220f:2s3s,2dQd|/4s5d5c/Qs/2h:-1610,1610(-1610.000000)
853:BR,Player:0r200c/cr390c/cr897r3174c/cr9522f:4h5c,JsKc|/7c9dQs/Th/Qc:-4761,4761(-4761.000000)
854:Player,BR:0cc/cc/cr200c/cc:5h8c,8hQc|/2d8dKd/6s/4s:-300,300(-139.566094)
855:BR,Player:0r200c/cc/r600f:4s5s,6hTs|/3d8sKc/7s:300,-300(300.000000)
856:Player,BR:0cr300c/cc/r200r19400f:ThTd,7sAh|/5h6cJs/4c:-600,600(-600.000000)
857:BR,Player:0r130c/cr299c/r1058c/cr3174c:5d9h,TdQd|/4d5h9d/Ah/As:4761,-4761(2193.069141)
858:Player,BR:0cc/cc/cc/cc:4cJs,JhJd|/2s2dKc/Ah/Ac:-100,100(-61.843333)
859:BR,Player:0r130c/cr460c/cr1380f:4d7c,JdQs|/7d9hKh/Td:-690,690(-690.000000)
860:Player,BR:0cc/cc/cr200f:3c9s,6d7s|/3d4hAs/Tc:-100,100(-100.000000)
861:BR,Player:0r130c/cc/cc/r460f:6cJs,5d8c|/7dThAh/4c/4s:230,-230(230.000000)
862:Player,BR:0cr300c/r520c/cr1840f:3c6h,3h5h|/2s4hQc/7d:-920,920(-920.000000)
863:BR,Player:0f:2hJs,2d7c|:50,-50(50.000000)
864:Player,BR:0cr200c/r600c/cr1800r5400r11900f:2sTs,7c8h|/6d7sAs/5d:-8100,8100(-8100.000000)
865:BR,Player:0r200c/cc/cr600f:5d6h,5cTh|/7sQhKs/Jc:-300,300(-300.000000)
866:Player,BR:0cr600c/cc/r350r2100f:QcAd,5d8c|/8h9hTd/3s:-1050,1050(-1050.000000)
867:BR,Player:0cc/cr130c/cc/r19770f:5s9s,3cQd|/3h8dTs/8s/7d:230,-230(230.000000)
868:Player,BR:0cr200c/cc/cc/cr19700f:9dTc,7hQs|/3cTsKc/5s/6d:-300,300(-300.000000)
869:BR,Player:0f:9dQd,2h6c|:50,-50(50.000000)
870:Player,BR:0cr300c/cc/cc/cr800f:KsAs,2sKd|/2h3h7h/6c/8c:-400,400(-400.000000)
871:BR,Player:0r130c/cc/r460f:7c8s,ThQs|/2c6c9c/9d:230,-230(230.000000)
872:Player,BR:0cc/cc/cr200r390r1380f:2s4d,5dKd|/6sQcKh/4c:-690,690(-690.000000)
873:BR,Player:0r130c/cr299c/r1058f:8cTh,3dQd|/2h3hAc/Jd:529,-529(529.000000)
874:Player,BR:0cc/cc/cr200c/cc:2cAh,6hAd|/6d7d7c/Js/8h:-300,300(-81.285020)
875:BR,Player:0r200c/cc/cr150r900c/cc:4c7s,3hQd|/5s6hQc/Jh/2s:-1350,1350(-1350.000000)
876:Player,BR:0cr200c/cc/cr600f:7hAs,2d3h|/4h9dQc/6s:-300,300(-300.000000)
877:BR,Player:0r130c/cr460c/cr1380r17930f:2h8d,TcQc|/4cKhAc/7s:2070,-2070(2070.000000)
878:Player,BR:0cc/cc/r200r600c/cc:2d9d,3cTs|/5dTdQd/As/2c:900,-900(708.527263)
879:BR,Player:0r130c/cr299c/cr687c/r18784f:2sKs,5sKc|/4h9sKd/3h/6s:1216,-1216(1216.000000)
880:Player,BR:0cc/cc/cr200f:2s4h,3cTh|/9s9hKd/6c:-100,100(-100.000000)
881:BR,Player:0f:2h7h,2c5d|:50,-50(50.000000)
882:Player,BR:0cc/cc/cc/cr19900f:4h8c,3d6s|/3s9sJs/Kd/8h:-100,100(-100.000000)
883:BR,Player:0r130c/cc/r460f:2cKc,ThKs|/4c5h6d/3s:230,-230(230.000000)
884:Player,BR:0cc/cc/cr200f:2dQh,4hKh|/3s4c7s/9d:-100,100(-100.000000)
885:BR,Player:0r200c/cr390c/r1380c/cc:4cJd,6h9h|/3s3c5h/9s/5s:-2070,2070(-2070.000000)
886:Player,BR:0cr200c/cc/cc/r150r900f:6s7d,5s9d|/TsKhAh/3s/4h:-450,450(-450.000000)
887:BR,Player:0r200c/cr390c/cc/r19310f:QhAh,4dKc|/7c8s9c/4s/Jh:690,-690(690.000000)
888:Player,BR:0cr300c/cc/cr800f:8s9s,5d6c|/QcKdAd/3c:-400,400(-400.000000)
889:BR,Player:0f:2s3c,2h5c|:50,-50(50.000000)
890:Player,BR:0cr130c/cc/r115c/r172r1034f:4s4h,TsAh|/6h6c7d/Jc/3c:-517,517(-517.000000)
891:BR,Player:0r130c/cc/r19770f:6s7s,JdAh|/5s8s9c/2c:230,-230(230.000000)
892:Player,BR:0cr600c/cc/r1400f:8hAh,JsQd|/9s9hQh/3h:700,-700(700.000000)
893:BR,Player:0r130c/cr299c/cc/r19471f:3d7c,4dKs|/7dTcKc/Qs/4s:529,-529(529.000000)
894:Player,BR:0cc/cc/cr200f:ThQc,TsTd|/2d4cJh/7h:-100,100(-100.000000)
895:BR,Player:0cc/cc/cc/r200f:4sTs,3c6d|/3d9hQc/7c/Kc:100,-100(100.000000)
896:Player,BR:0cr130c/cc/r115c/r172r19483f:ThTd,4hQd|/3d7hJs/6c/4d:-517,517(-517.000000)
897:BR,Player:0cc/cc/cr200r19700f:4dTc,3hTd|/9dQdAd/6h:300,-300(300.000000)
898:Player,BR:0cr300c/cc/cr800r1560f:6h6c,5hTd|/2c5d6d/9c:1200,-1200(1200.000000)
899:BR,Player:0r200c/cc/cc/cr390r19310f:2c3s,4hJs|/5c9sQc/5s/2h:690,-690(690.000000)
900:Player,BR:0cc/cc/cr200f:6hQd,5d6c|/4hTdAd/2h:-100,100(-100.000000)
901:BR,Player:0cc/cc/r19900f:2hKs,4d7s|/8hJdQc/3c:100,-100(100.000000)
902:Player,BR:0cc/cc/cr200c/cc:3d9s,3h9c|/2h2c7h/3c/Jc:0,-0(79.657911)
903:BR,Player:0r130c/cr299c/cr687f:6s6h,7sQd|/7dQhKh/Td:-529,529(-529.000000)
904:Player,BR:0cc/cc/cr200f:2s9h,7s9s|/4h4d5c/Kh:-100,100(-100.000000)
905:BR,Player:0r130c/cc/cc/r19770f:4dAc,9cAs|/2h5sKd/7s/9d:230,-230(230.000000)
906:Player,BR:0cc/cc/cc/cc:5sJc,7hQd|/4s5hJh/Tc/Ac:100,-100(61.593109)
907:BR,Player:0r130c/cc/r460f:3c5h,6sAd|/3h4cTh/Td:230,-230(230.000000)
908:Player,BR:0cr200c/r600c/cc/cc:7dTc,6sKd|/3c4s8c/8d/6d:-900,900(-600.657236)
909:BR,Player:0r130c/cc/r19770f:KsKh,5cKc|/3c7dKd/3d:230,-230(230.000000)
910:Player,BR:0cc/cc/cr200f:2s6c,6hJc|/2hJhQh/Jd:-100,100(-100.000000)
911:BR,Player:0r200c/cr900c/r2400f:3sQh,4s6s|/2h5hQc/8d:1200,-1200(1200.000000)
912:Player,BR:0cc/cc/cr200f:3s6h,8dTd|/8s8hQh/2d:-100,100(-100.000000)
913:BR,Player:0f:8hQd,3h7c|:50,-50(50.000000)
914:Player,BR:0cc/cc/cr200f:7sKh,6dTs|/4h6cAd/6h:-100,100(-100.000000)
915:BR,Player:0r130c/cc/cc/r19770f:5s6h,QcAd|/2c7dKh/6c/Jd:230,-230(230.000000)
916:Player,BR:0cr300c/cc/r520r1840f:9cJc,3d9h|/ThKdAh/2c:-920,920(-920.000000)
917:BR,Player:0r130c/cr690c/cc/r19080f:5sTd,9cQs|/8hTsAc/4d/Qh:920,-920(920.000000)
918:Player,BR:0cr200c/cc/cr600c/cr1800r5400f:TdQd,4sAh|/4h4cJc/Kd/9d:2700,-2700(2700.000000)
919:BR,Player:0cc/cc/cr300c/r800c:5h8s,4s8c|/6d7hQc/5s/4d:0,-0(75.686452)
920:Player,BR:0cr300c/cc/r1200r3200f:5c7c,8sJd|/3cThAh/Kc:-1600,1600(-1600.000000)
921:BR,Player:0r130c/cc/r460f:2s9c,7cKs|/3d6cTd/3s:230,-230(230.000000)
922:Player,BR:0cc/cc/cr200c/cc:9dTh,2h6h|/TdKsKd/Ts/4c:300,-300(300.000000)
923:BR,Player:0r130c/cr460c/cc/r19310f:2sKh,6hKs|/5s8dJs/9d/Ad:690,-690(690.000000)
924:Player,BR:0cc/cc/cr200c/cr600c:7sTd,QhQc|/2d9hTs/Qs/7c:-900,900(-900.000000)
925:BR,Player:0cc/cc/r19900f:8h9d,5hTc|/6h9sAh/Qh:100,-100(100.000000)
926:Player,BR:0cc/cc/r200c/cr600f:7s8d,JhAd|/4h9cQd/Th/5s:-300,300(-300.000000)
927:BR,Player:0r130c/cc/cc/r19770f:9hTs,3hQh|/3s4d5c/Ks/5d:230,-230(230.000000)
928:Player,BR:0cc/cc/cc/cr200f:4d9c,6c7d|/2d8hAh/8c/2c:-100,100(-100.000000)
929:BR,Player:0r130c/cc/r19770f:8hJc,2dJd|/5d6sTh/9h:230,-230(230.000000)
930:Player,BR:0cc/cc/cc/cc:2hQh,4hQs|/4d7dKh/6h/9c:-100,100(-15.521945)
931:BR,Player:0r130c/cr299c/cr687c/cr1580r5592f:2dQd,QsAd|/3s6cAc/6h/2s:2796,-2796(2796.000000)
932:Player,BR:0cc/cc/cr200c/cr600c:5hQc,9sQd|/2h5s9c/4c/8d:-900,900(-229.036711)
933:BR,Player:0cc/cr300c/r19600f:3h7c,8hTs|/3s5d8d/Kh:400,-400(400.000000)
934:Player,BR:0cc/r200c/r390r1380f:5h9d,QsQh|/3d4s7c/2s:-690,690(-690.000000)
935:BR,Player:0cc/cc/r19900f:5sTc,7d9h|/7hTsTd/5c:100,-100(100.000000)
936:Player,BR:0cc/cc/cr200f:2cJd,8d9s|/5d8sKs/9h:-100,100(-100.000000)
937:BR,Player:0r130c/cc/cc/cr460r19310f:4d5d,ThKh|/5sKsAd/7c/Qh:690,-690(690.000000)
938:Player,BR:0cc/cc/cc/cr19900f:6sJd,6c9c|/TdJcQd/3s/As:-100,100(-100.000000)
939:BR,Player:0r200c/cc/r600c/cc:JdKd,4dKh|/2cQcKc/9h/6c:900,-900(-207.388453)
940:Player,BR:0cr600c/cc/cr1400f:2h6h,TdTc|/3d7sQc/7d:-700,700(-700.000000)
941:BR,Player:0f:6s9d,2s5h|:50,-50(50.000000)
942:Player,BR:0cc/cc/r130f:7c8h,3h6d|/KcAhAc/Qc:100,-100(100.000000)
943:BR,Player:0r130c/cr299c/cc/r19471f:3hKd,3c8c|/5h8hAc/Jd/5c:529,-529(529.000000)
944:Player,BR:0cr300c/cc/r800c/r600f:2h4h,2s2c|/3d7hQs/6s/5d:1200,-1200(1200.000000)
945:BR,Player:0r130c/cc/r460c/cc:TcJs,2d4d|/5cTsAc/4s/7s:690,-690(440.673662)
946:Player,BR:0cr600c/r910c/cc/cr3220f:7c9d,2dQc|/5c8hAc/Th/As:-1610,1610(-1610.000000)
947:BR,Player:0r130c/cr299c/cc/r1058c:2s7d,9sQs|/2d6hQc/Kc/3s:-1587,1587(-1587.000000)
948:Player,BR:0cc/cc/cr200f:3d7d,3s6c|/2hQsQc/9c:-100,100(-100.000000)
949:BR,Player:0r130c/cr299c/r1058c/cr4761r12696f:9cQh,4hQc|/6h9hJd/Th/5s:6348,-6348(6348.000000)
950:Player,BR:0cc/cc/cr200c/cc:2hKh,4hQs|/4c8hAs/Ah/7c:-300,300(-186.557706)
951:BR,Player:0r130c/cr299c/cr687r2432f:3hAd,8sKh|/2s4d6s/9c:1216,-1216(1216.000000)
952:Player,BR:0cr300c/cc/cr800c/cc:8hAd,8cTs|/2h9cJc/8d/Js:1200,-1200(391.857931)
953:BR,Player:0r200c/cc/cc/cr390r19310f:3hAd,2hQc|/4h8h9h/Qd/5c:690,-690(690.000000)
954:Player,BR:0cc/cc/cr200f:4hJc,7sAh|/6cTdAc/5h:-100,100(-100.000000)
955:BR,Player:0r200c/cr600c/r1800f:TcJh,7cQh|/4sKhKd/6c:900,-900(900.000000)
956:Player,BR:0cr300c/r520c/r460r2760f:3c6h,4c7h|/2d4d6c/4s:-1380,1380(-1380.000000)
957:BR,Player:0r200c/cr390c/cr897r3174f:4dJs,8cTd|/3c6cKh/2c:1587,-1587(1587.000000)
958:Player,BR:0cc/cc/cr200c/cc:7hQd,KsKh|/8cQcAs/2s/2d:-300,300(-142.291781)
959:BR,Player:0r130c/cr299c/r1058c/cr793c:7hQs,7dKd|/3dTcQd/6s/5s:2380,-2380(926.094427)
960:Player,BR:0cc/cc/cr200f:2s8h,JdAd|/9sTdQc/9d:-100,100(-100.000000)
961:BR,Player:0r200c/cc/r600c/r19100f:4dKh,5h9d|/6h8sKd/9h/8d:900,-900(900.000000)
962:Player,BR:0cc/cc/cr200f:4cTh,6dTs|/2sKcAc/7s:-100,100(-100.000000)
963:BR,Player:0r200c/cc/r600c/r19100f:2d4c,8h8d|/5d9dKs/6h/3c:900,-900(900.000000)
964:Player,BR:0cr130c/cc/cc/cr460f:7dAs,4sTc|/4d5s6c/Jc/4h:-230,230(-230.000000)
965:BR,Player:0r200c/cr390c/cr2070f:6sJh,ThKs|/3h9cTs/5h:-690,690(-690.000000)
966:Player,BR:0cr600c/cc/r140r1680f:JsAc,5s8h|/2s6d8d/6h:-840,840(-840.000000)
967:BR,Player:0r200c/cr390c/cc/cr897r3174f:2sQh,ThJc|/2c9dTc/9h/4s:1587,-1587(1587.000000)
968:Player,BR:0cc/cc/cc/r130r460c:5cQs,7hJh|/8sThQd/8c/9s:-690,690(-337.142321)
969:BR,Player:0cc/cr200c/r600c/cr450r18650f:2cQd,3dJc|/2s4d5h/4h/4c:1350,-1350(1350.000000)
970:Player,BR:0cc/cc/cr200f:4sTs,3cKh|/2h2c6h/Ah:-100,100(-100.000000)
971:BR,Player:0r200c/cr390c/cc/cr897r18413f:5sTs,JhKs|/2c6sQd/5c/Js:1587,-1587(1587.000000)
972:Player,BR:0cr300c/cc/r200r1200c/cr3600f:2h3h,3d4s|/2s4d9h/4h/5d:-1800,1800(-1800.000000)
973:BR,Player:0r130c/cr299c/r19471f:5s5h,2d9d|/5cThTc/4h:529,-529(529.000000)
974:Player,BR:0cr300c/cc/r200r1200f:TcAs,5sKh|/8c9s9h/8s:-600,600(-600.000000)
975:BR,Player:0r130c/cc/r460f:4dTd,8dQc|/2d4cAc/As:230,-230(230.000000)
976:Player,BR:0cc/cc/r200c/r390r1380f:6dKh,7sAs|/4hTcQh/Kd/4c:-690,690(-690.000000)
977:BR,Player:0r200c/cc/cc/r19700f:7sJd,JhAs|/2h4s8s/4c/5c:300,-300(300.000000)
978:Player,BR:0cc/cc/cc/cr19900f:3s6d,4d7c|/2h9cKc/As/3c:-100,100(-100.000000)
979:BR,Player:0r130c/cr299c/cc/cc:TcQs,3hJh|/6h6c9c/Qd/9h:529,-529(529.000000)
980:Player,BR:0cc/cc/cr200c/cr19700f:4sAh,5h8h|/3c7cKs/5d/6d:-300,300(-300.000000)
981:BR,Player:0r130c/cr299c/cc/r19471f:4hKs,7d9c|/2s6c9d/Ad/Qd:529,-529(529.000000)
982:Player,BR:0cc/cc/cr200f:4sTs,KcAc|/3c8h8d/Jc:-100,100(-100.000000)
983:BR,Player:0r130c/cc/r460f:3d5h,ThAc|/5d7d9c/3h:230,-230(230.000000)
984:Player,BR:0cr200c/r390c/cc/cr19310f:3d6s,2sTd|/2d7dJh/As/Qd:-690,690(-690.000000)
985:BR,Player:0r200c/cc/r600f:7c9d,4sAs|/2s2d8d/8c:300,-300(300.000000)
986:Player,BR:0cr300c/r800c/r1560r5520r10764f:5d6h,3d8h|/4d8sAd/7s:8280,-8280(8280.000000)
987:BR,Player:0r130c/cr299c/cc/cc:6h6d,4h8h|/2d8cQh/9d/3c:-529,529(329.629008)
988:Player,BR:0cc/cc/cr200f:2hAs,2sTs|/9sTcKd/5h:-100,100(-100.000000)
989:BR,Player:0r130c/cr299c/cc/cr1058r3174f:2sQd,9s9c|/7s8dQs/3s/As:1587,-1587(1587.000000)
990:Player,BR:0cc/cc/cc/cr19900f:9sTc,7hAc|/2cTsKd/Jc/Jd:-100,100(-100.000000)
991:BR,Player:0r200c/cr390c/cc/r1380f:8d9s,5s6h|/2s8sKh/5d/Qs:690,-690(690.000000)
992:Player,BR:0cc/cc/cc/r300r19600f:6c7d,4c9d|/4h6h7c/2h/Ts:-400,400(-400.000000)
993:BR,Player:0cc/cc/r19900f:4hKh,3c7c|/6hThAs/Jh:100,-100(100.000000)
994:Player,BR:0cc/cc/cr200f:4cTd,8s8d|/9h9cJh/5s:-100,100(-100.000000)
995:BR,Player:0r130c/cr460c/cr897c/cr2063r16350f:8hQs,6c9s|/2c3s8c/Td/Th:3650,-3650(3650.000000)
996:Player,BR:0cr300c/r520c/cr1840f:6h8h,9dKd|/4cJhQd/Ac:-920,920(-920.000000)
997:BR,Player:0r300c/cc/cr200r1200f:9s9d,6sJh|/5h6dKs/Qh:600,-600(600.000000)
998:Player,BR:0cr300c/r520c/r1840f:7s7d,3hKc|/4c7cQh/8s:920,-920(920.000000)
999:BR,Player:0r130c/cr1380c/cr3220f:TcJs,KsKc|/4dKhAh/Ac:-1610,1610(-1610.000000)
1000:Player,BR:0cr600c/cc/r1400f:5cAd,2hTs|/3c5h6c/5d:700,-700(700.000000)
RAW BR STATS: n=1000, sum=353998.000000, sum_sq=5773589884.000000, vr_sum=336658.400345, vr_sum_sq=4102242036.589967
BR STATS: 353.998000(147.303817), 336.658400(123.789218)
RESULTS
1)BR: 353998
2)Player: -353998
