In config file: GAME_DEF=game_def.fullholdem
In config file: ACTIONS_R0=C
In config file: ACTIONS_R1=F,C,0.05,0.0575,0.066125,0.07604375,0.087450313,0.100567859,0.115653038,0.133000994,0.152951143,0.175893815,0.202277887,0.23261957,0.267512505,0.307639381,0.353785288,0.406853081,0.467881044,0.5380632,0.61877268,0.711588582,0.81832687,0.9410759,1.082237285,1.244572878,1.43125881,1.645947631,1.892839776,2.176765742,2.503280603,2.878772694,3.310588598,3.807176888,4.378253421,5.034991434,5.790240149,6.658776171,7.657592597,8.806231486,10.12716621,11.64624114,13.39317731,15.40215391,17.71247699,20.36934854,23.42475083,26.93846345,30.97923297,35.62611791,40.9700356,47.11554094,54.18287208,62.31030289,71.65684832,82.40537557,94.76618191,A
In config file: ACTIONS_R2=F,C
In config file: ACTIONS_R3=F,C
Loading player: rgbr_nl_cprg.so
Player args: /home/viliam/cprg/project_uoapoker/trunk/src/c/meta_player.so /home/viliam/cprg/project_uoapoker/trunk/src/c/acpc14.map
Using seed 34.
1:BR,Player:0r130c/r1001f:3s9c,3hJh|/7s9sAd:230,-230(230.000000)
2:Player,BR:0cr300c/cr3503c/cc/r11697c:3s6s,6dTc|/3c4s7c/5c/6c:-15600,15600(-2041.706415)
3:BR,Player:0f:5s7h,3hTd|:50,-50(50.000000)
4:Player,BR:0cc/cr876f:4d5c,9sAs|/5sTcQc:-100,100(-100.000000)
5:BR,Player:0r130c/r285f:7dQc,3h8h|/QsKsKh:230,-230(230.000000)
6:Player,BR:0cc/cr379f:6dTs,AsAd|/5h7d9h:-100,100(-100.000000)
7:BR,Player:0r200c/r1306f:3sQc,4d4c|/7s9dKc:300,-300(300.000000)
8:Player,BR:0cr200c/r390r12153f:QsKs,6sAd|/2d5dKd:-690,690(-690.000000)
9:BR,Player:0r200c/cc/cc/cc:2cQd,4dAc|/7hKhKd/2s/Th:300,-300(277.225000)
10:Player,BR:0cc/cr1761f:2hKs,4s5d|/4dThTc:-100,100(-100.000000)
11:BR,Player:0r130c/r2014f:9cTs,6s9s|/6cKdAc:230,-230(230.000000)
12:Player,BR:0cr300c/cr1741f:ThAc,7dQc|/2s4c8h:-400,400(-400.000000)
13:BR,Player:0r130c/r285c/cc/cr543c:TcAs,2hQc|/4cKdKc/5c/7h:1058,-1058(-183.689622)
14:Player,BR:0cc/cr876f:4sJs,8dAh|/3hTdQd:-100,100(-100.000000)
15:BR,Player:0r130c/r327c/cc/cr478f:3dJh,7sAs|/8s8dAc/9s/Ad:-557,557(-557.000000)
16:Player,BR:0cc/cr876c/r974c/cc:4s8s,2cJc|/TcJsQs/Kh/8h:-1950,1950(549.932447)
17:BR,Player:0r130c/r1001f:4dKs,7d8c|/6h8sQd:230,-230(230.000000)
18:Player,BR:0cc/cr3080f:3s7s,7h9c|/2d9sJd:-100,100(-100.000000)
19:BR,Player:0r200c/r1306f:6s9c,9dAd|/2c4h5c:300,-300(300.000000)
20:Player,BR:0cc/cr1532f:3c6c,QhQc|/3s8cAd:-100,100(-100.000000)
21:BR,Player:0r130c/r142r663r1473f:9s9d,4s7s|/6dTsKh:1035,-1035(1035.000000)
22:Player,BR:0cc/cr876f:2s5h,5d9d|/8cThAh:-100,100(-100.000000)
23:BR,Player:0r200c/r2627f:9hAd,6hTc|/2cQcKh:300,-300(300.000000)
24:Player,BR:0cc/cr379f:7sQs,6d8c|/3s4c8d:-100,100(-100.000000)
25:BR,Player:0r130c/r285c/cc/cr543c:5s5h,3d4d|/2s3sQc/Kc/4c:-1058,1058(-288.020221)
26:Player,BR:0cc/cr876f:2s5s,5dTd|/5c7h8h:-100,100(-100.000000)
27:BR,Player:0cc/r435f:4h9s,4d9c|/6c8hJh:100,-100(100.000000)
28:Player,BR:0cr200c/cr427c/cc/r1343f:QdKd,5d7d|/9hQsAd/7c/2c:727,-727(727.000000)
29:BR,Player:0r200c/r1306f:2cJc,6s7c|/9dQdAd:300,-300(300.000000)
30:Player,BR:0cc/cr1761f:4h7d,6dJc|/2s5d5c:-100,100(-100.000000)
31:BR,Player:0cc/r435c/cc/cc:6hKc,5hJh|/5c7cTs/4h/Kh:535,-535(535.000000)
32:Player,BR:0cc/r130r1001f:6h8c,4cTs|/7s7cAh:-230,230(-230.000000)
33:BR,Player:0r200c/r2627f:3dTd,3h7h|/7s8cQs:300,-300(300.000000)
34:Player,BR:0cr300c/cr1741f:QdAc,9sKh|/8h9cJs:-400,400(-400.000000)
35:BR,Player:0r130c/r871f:8cJh,4s6s|/5sTcJd:230,-230(230.000000)
36:Player,BR:0cc/cr876f:4cQc,4sQd|/2s9sTh:-100,100(-100.000000)
37:BR,Player:0r130c/r2014f:TsQc,4sTh|/8sKdAd:230,-230(230.000000)
38:Player,BR:0cc/cr435f:9cKd,9hQd|/6s6h8h:-100,100(-100.000000)
39:BR,Player:0r130c/r2014f:3dJd,ThTd|/4c9hKd:230,-230(230.000000)
40:Player,BR:0cc/cr379c/cc/r121c:2s8s,QdQc|/6sKsKc/7s/As:600,-600(127.883317)
41:BR,Player:0r130c/r2014f:8d9c,TcKs|/3s6hJs:230,-230(230.000000)
42:Player,BR:0cr600c/cr3047f:TdAd,6c8d|/3c5dQh:-700,700(-700.000000)
43:BR,Player:0r200c/r2627f:2d6h,5s8d|/2c5cTs:300,-300(300.000000)
44:Player,BR:0cc/cr2679f:6dAh,3hAs|/5sKdAc:-100,100(-100.000000)
45:BR,Player:0r130c/r1001f:TcJh,6dJd|/2c5sKh:230,-230(230.000000)
46:Player,BR:0cr300c/cr1741f:2h2d,4s8s|/8h9dJd:-400,400(-400.000000)
47:BR,Player:0r130c/r2014c/cr6726f:5d8h,2h2d|/2s6cQd/8s:-2244,2244(-2244.000000)
48:Player,BR:0cc/cr1532f:2c5d,4d9s|/4h9cTd:-100,100(-100.000000)
49:BR,Player:0cc/r1761f:4dJd,8hAc|/7dJhQh:100,-100(100.000000)
50:Player,BR:0cc/cr379f:5sJd,7c8s|/2s3d8h:-100,100(-100.000000)
51:BR,Player:0r130c/r1001c/cc/cc:4h6h,3hTh|/3s8hKs/4d/Jh:1231,-1231(-1045.220275)
52:Player,BR:0cc/cr3080f:2h8s,6h6d|/7dJhQc:-100,100(-100.000000)
53:BR,Player:0r130c/r871c/cr1015c/cr4232c:ThJc,4c5c|/8s9cTc/6c/Kd:-6348,6348(1862.141027)
54:Player,BR:0cc/cr876f:5h7d,6sJd|/2s5dAc:-100,100(-100.000000)
55:BR,Player:0cc/r435c/cc/cr1075f:7dJs,TcQs|/3c5dTs/7s/9h:-535,535(-535.000000)
56:Player,BR:0cc/cr876f:4h8h,8cTc|/7s9sAs:-100,100(-100.000000)
57:BR,Player:0r130c/r2014f:3sQc,6dAc|/2c6cJs:230,-230(230.000000)
58:Player,BR:0cr200c/cr1306f:2h4h,3d6c|/6h8s9s:-300,300(-300.000000)
59:BR,Player:0cc/r1761f:6cJc,5hAc|/2s4hTs:100,-100(100.000000)
60:Player,BR:0cc/cr3080f:2hJc,3s9h|/7h8sKc:-100,100(-100.000000)
61:BR,Player:0r130c/r871f:JhQc,5h8c|/ThTcJs:230,-230(230.000000)
62:Player,BR:0cr200c/cr427c/cc/r1343f:JdAh,3hKs|/8dTdKd/9c/5d:727,-727(727.000000)
63:BR,Player:0r130c/r100f:8sAd,5d6h|/JsJcKc:230,-230(230.000000)
64:Player,BR:0cr200c/cr1306f:6d9c,3dAh|/5c8s9s:-300,300(-300.000000)
65:BR,Player:0cc/r761f:8cJd,3cTs|/9dJhQs:100,-100(100.000000)
66:Player,BR:0cc/cr876f:4hJd,7d8c|/3c5hAc:-100,100(-100.000000)
67:BR,Player:0r130c/r2014c/cr2241f:2hAc,JsAd|/5h6sJh/3h:-2244,2244(-2244.000000)
68:Player,BR:0cr300c/cr3503f:7c9s,TdJd|/3s4h7h:-400,400(-400.000000)
69:BR,Player:0r200c/r427f:3h6s,5sTc|/2h5hQh:300,-300(300.000000)
70:Player,BR:0cr130c/cr498f:9dJd,7dAh|/3c4sAd:-230,230(-230.000000)
71:BR,Player:0r130c/r2014c/cr4633f:3dKc,TdQs|/4s5sQh/2h:-2244,2244(-2244.000000)
72:Player,BR:0cc/cr19900f:2h8d,7sJc|/2d7cJs:-100,100(-100.000000)
73:BR,Player:0r130c/r163c/cr297c/cr2070f:KcAd,KhKd|/8s9s9d/4h/Jd:-690,690(-690.000000)
74:Player,BR:0cc/cr876f:2h9s,JdQd|/2d4c8s:-100,100(-100.000000)
75:BR,Player:0r130c/r4051f:6s8h,3d7d|/7s9dKs:230,-230(230.000000)
76:Player,BR:0cc/cr435f:6h7c,2h8d|/6s9dKc:-100,100(-100.000000)
77:BR,Player:0r200c/r1306f:4hJs,4dQd|/3s5c9d:300,-300(300.000000)
78:Player,BR:0cc/cr379f:7cJc,7hQc|/6d7dAs:-100,100(-100.000000)
79:BR,Player:0r130c/r1001f:3dJs,6s8d|/7s8c9d:230,-230(230.000000)
80:Player,BR:0cr130c/cr1001f:5sKs,3dAs|/5c7c9s:-230,230(-230.000000)
81:BR,Player:0r200c/r19700f:TsQs,8hAd|/TcQhQc:300,-300(300.000000)
82:Player,BR:0cr300c/r800r2987f:6h7h,4c5s|/3h4d9d:-1200,1200(-1200.000000)
83:BR,Player:0r130c/r285r865r6008f:4sQc,8d9h|/2h7cQh:1380,-1380(1380.000000)
84:Player,BR:0cc/cr1761f:3cKs,TcJc|/5s9sAc:-100,100(-100.000000)
85:BR,Player:0f:6sQs,2h9s|:50,-50(50.000000)
86:Player,BR:0cc/cr876c/cc/r974c:3c5h,9cKs|/2h8hAd/Tc/Js:-1950,1950(-156.013555)
87:BR,Player:0r130c/r327f:3c8s,QsAc|/QhKhKd:230,-230(230.000000)
88:Player,BR:0cc/cr435f:3s6d,4sJh|/2s8cQd:-100,100(-100.000000)
89:BR,Player:0f:2h4d,2c6d|:50,-50(50.000000)
90:Player,BR:0cr300c/cr495c/cc/cc:KcAc,3hJs|/5cJhQs/Jc/4s:-895,895(-719.286356)
91:BR,Player:0r130c/r1001f:2dQc,6cQd|/3d4c7c:230,-230(230.000000)
92:Player,BR:0cc/cr435f:3d5c,3s6d|/8hJsQh:-100,100(-100.000000)
93:BR,Player:0r130c/r1001f:JhQc,6sKh|/5h7s7d:230,-230(230.000000)
94:Player,BR:0cr300c/r1200r6966f:6s8s,3s9s|/6dJdQs:-1600,1600(-1600.000000)
95:BR,Player:0cc/r876f:9hTs,2cJs|/2d6h8c:100,-100(100.000000)
96:Player,BR:0cc/cr761c/r100c/r614c:TdJs,8dKh|/6cThKd/2d/7c:-1575,1575(-186.775597)
97:BR,Player:0r130c/r1001f:8sTc,7cQh|/4dQsAs:230,-230(230.000000)
98:Player,BR:0cc/cr1761f:5hKs,3sTd|/9hQsQd:-100,100(-100.000000)
99:BR,Player:0f:7s8d,2s5d|:50,-50(50.000000)
100:Player,BR:0cr200c/cr2627f:2d2c,9hKs|/4s6hQs:-300,300(-300.000000)
101:BR,Player:0cc/r379f:KhKc,3cKs|/4c8s9s:100,-100(100.000000)
102:Player,BR:0cc/cr876f:7hTc,4hAs|/8hTsQs:-100,100(-100.000000)
103:BR,Player:0r200c/r1306f:9sKs,3h3c|/4s8sAh:300,-300(300.000000)
104:Player,BR:0cc/cr435f:7s9d,JhKd|/4c7dQd:-100,100(-100.000000)
105:BR,Player:0r130c/r163c/cc/cc:2sAc,6sAs|/TsThQd/5h/Tc:0,-0(-6.415896)
106:Player,BR:0cr300c/r1200c/r2080f:ThAh,3sKh|/9sKdAc/4d:1600,-1600(1600.000000)
107:BR,Player:0r200c/r1136f:4d6s,2dTd|/3h4h6h:300,-300(300.000000)
108:Player,BR:0cc/cr1761f:2hQs,7h7d|/6hJhKs:-100,100(-100.000000)
109:BR,Player:0r200c/r1136f:JsQc,8d9d|/2c4hJd:300,-300(300.000000)
110:Player,BR:0cc/cr379f:2hQc,JdAd|/6h8sJs:-100,100(-100.000000)
111:BR,Player:0r200c/r1306f:5d8h,6sQs|/8d9hTh:300,-300(300.000000)
112:Player,BR:0cc/cr876f:4sTd,4hTh|/6s9cAd:-100,100(-100.000000)
113:BR,Player:0r130c/r871c/cr279c/cc:QsQh,5dQd|/6c7cQc/Jd/Ah:1380,-1380(1380.000000)
114:Player,BR:0cr300c/cr1741r4299f:5hJh,2s5d|/7d9hAh:2141,-2141(2141.000000)
115:BR,Player:0r300c/r1741f:5s7d,7hTc|/KhAsAc:400,-400(400.000000)
116:Player,BR:0cc/cr1761f:2d4c,6dJd|/7dKcAc:-100,100(-100.000000)
117:BR,Player:0r130c/r285f:7hKs,5h9c|/2s7dQd:230,-230(230.000000)
118:Player,BR:0cc/cr1761f:2c5d,8dTd|/2s9dAs:-100,100(-100.000000)
119:BR,Player:0r130c/r327f:9hAd,3h4c|/6c8s8d:230,-230(230.000000)
120:Player,BR:0cr300c/cr1741f:7cTs,2hKh|/3h7d9d:-400,400(-400.000000)
121:BR,Player:0r200c/r2284f:JcAs,2hTh|/3cTcJd:300,-300(300.000000)
122:Player,BR:0cc/cr876f:JhKc,6cJc|/6h7c9h:-100,100(-100.000000)
123:BR,Player:0r200c/r427c/cr623f:3c4d,AsAd|/2d7d8d/Kh:-727,727(-727.000000)
124:Player,BR:0cc/cr876f:4s8c,6cKc|/2sJsAs:-100,100(-100.000000)
125:BR,Player:0cc/r3080f:4c9d,3s5d|/6s6dJd:100,-100(100.000000)
126:Player,BR:0cc/cr435f:3h8h,7sTh|/3c4d9c:-100,100(-100.000000)
127:BR,Player:0r130c/r285f:QdAs,5s8s|/4c9d9c:230,-230(230.000000)
128:Player,BR:0cc/cr761f:3d4s,TsAs|/6h9cAd:-100,100(-100.000000)
129:BR,Player:0r200c/r1306f:3h5h,8s9c|/QhKsAh:300,-300(300.000000)
130:Player,BR:0cc/cr3080f:4sAc,9sTs|/2d9hJd:-100,100(-100.000000)
131:BR,Player:0r130c/r2014f:7hJh,6cAh|/4h5sQh:230,-230(230.000000)
132:Player,BR:0cr130c/r299r2303f:ThKs,3d5c|/4c7dJc:-529,529(-529.000000)
133:BR,Player:0r130c/r2014f:TsQd,3c4d|/6hKcAh:230,-230(230.000000)
134:Player,BR:0cc/cr435f:7d8s,2cAs|/8hTdQs:-100,100(-100.000000)
135:BR,Player:0r130c/r1001c/cc/cr3599f:6dJh,KhAh|/5d6h7h/Td/9c:-1231,1231(-1231.000000)
136:Player,BR:0cr130c/cr4051f:6dKh,3d4d|/2sQdKd:-230,230(-230.000000)
137:BR,Player:0r130c/r2014f:3h4s,5s7h|/8d9sQd:230,-230(230.000000)
138:Player,BR:0cr130c/cr12392f:JcKh,4hTh|/4s4cQd:-230,230(-230.000000)
139:BR,Player:0r200c/cc/cr390c/cr2070c:4dJd,7sAs|/KhKcAc/Ad/5h:-2760,2760(340.629462)
140:Player,BR:0cc/cr876f:2d9c,4s8d|/6d8hTs:-100,100(-100.000000)
141:BR,Player:0cc/r124c/cr236c/cr2760f:QcAc,2h4h|/4s4d9c/Kh/Qd:-460,460(-460.000000)
142:Player,BR:0cc/cr876f:5sTd,3s6c|/8h9sAh:-100,100(-100.000000)
143:BR,Player:0r130c/r2014f:8hQs,5h7d|/2d3dTs:230,-230(230.000000)
144:Player,BR:0cr300c/r520r4005f:5h9h,8d9s|/3hKdAc:-920,920(-920.000000)
145:BR,Player:0r130c/r871f:8d9d,4dAh|/4c5d9c:230,-230(230.000000)
146:Player,BR:0cc/cr3080f:4d8h,3d7h|/2h9dQh:-100,100(-100.000000)
147:BR,Player:0cc/r124r236r2003f:4h8d,4dTs|/2c8sTc:460,-460(460.000000)
148:Player,BR:0cc/r130r130f:6cQs,9hKs|/7h8c9c:-230,230(-230.000000)
149:BR,Player:0r200c/r1136f:2sAh,2dKh|/KdAdAc:300,-300(300.000000)
150:Player,BR:0cr300c/cr495c/r100c/cc:KsAs,9cTc|/3d9hQc/9s/4d:-995,995(-879.148183)
151:BR,Player:0r130c/r142r1008r3435f:9s9d,7hKc|/4hTcQd:1380,-1380(1380.000000)
152:Player,BR:0cc/cr876f:6cQh,7cJh|/5c8s9d:-100,100(-100.000000)
153:BR,Player:0r130c/r1001f:2s3d,5d7s|/6c8sTs:230,-230(230.000000)
154:Player,BR:0cr600c/r910c/r322c/r966f:6h8h,6cAd|/3c4h8d/4d/4s:1932,-1932(1932.000000)
155:BR,Player:0r130c/r327c/cc/cc:3hAc,5hJc|/5d6s6d/Tc/8s:-557,557(-427.691281)
156:Player,BR:0cc/cr1761f:6sTd,QsKh|/5c7hTh:-100,100(-100.000000)
157:BR,Player:0f:4cTd,2d4s|:50,-50(50.000000)
158:Player,BR:0cc/cr435c/r305c/r168f:JhQc,6cKh|/3s4cQd/Jc/5d:840,-840(840.000000)
159:BR,Player:0cc/r435f:9dQs,3cJs|/3h6hTs:100,-100(100.000000)
160:Player,BR:0cr130c/r299r299c/cc/r1605f:JsAs,7cAh|/2c8dJc/Td/6s:828,-828(828.000000)
161:BR,Player:0r200c/r2627f:3d7s,6cTs|/4h6dKd:300,-300(300.000000)
162:Player,BR:0cc/cr876f:4d9d,3c8d|/7sTsJc:-100,100(-100.000000)
163:BR,Player:0f:2dKd,2h4d|:50,-50(50.000000)
164:Player,BR:0cr300c/r800c/cc/cc:6h7h,4dJd|/ThJsKc/3d/Kd:-1200,1200(-1196.723194)
165:BR,Player:0cc/r142r448f:6c9c,5dJd|/3dJhKd:-242,242(-242.000000)
166:Player,BR:0cr300c/cr1741f:TdJs,7h8c|/8hKcAh:-400,400(-400.000000)
167:BR,Player:0r130c/r163c/cr297c/cr897f:3s3c,JdQs|/JcKsKh/2d/6d:-690,690(-690.000000)
168:Player,BR:0cc/cr876f:5d6h,8sJs|/9dAhAd:-100,100(-100.000000)
169:BR,Player:0r130c/r2014c/cr2241f:2h9c,AdAc|/5cTdKd/8h:-2244,2244(-2244.000000)
170:Player,BR:0cr300c/cr1741c/r1219f:9sJd,6dAs|/2s4c9c/3c:2141,-2141(2141.000000)
171:BR,Player:0r130c/r1001f:6h7h,7dQh|/6sThAd:230,-230(230.000000)
172:Player,BR:0cc/cr1532f:3c4h,ThQh|/7h8s9h:-100,100(-100.000000)
173:BR,Player:0r130c/r2014f:7h9d,7s8h|/TdJsQh:230,-230(230.000000)
174:Player,BR:0cc/cr876f:6cAs,6s7c|/JhQsKd:-100,100(-100.000000)
175:BR,Player:0r130c/r1001f:3s8c,JcKc|/2s9hTh:230,-230(230.000000)
176:Player,BR:0cc/cr435f:8sQh,2h9c|/3dKhKc:-100,100(-100.000000)
177:BR,Player:0r200c/r2627f:4hQc,QsKd|/3h6sTs:300,-300(300.000000)
178:Player,BR:0cr200c/cr1306r4694f:6h9c,QcKd|/4d5s9h:1606,-1606(1606.000000)
179:BR,Player:0r130c/r2014f:2c3s,7dQd|/2s7hKs:230,-230(230.000000)
180:Player,BR:0cc/cr761f:6dTs,8dAd|/3sKdAc:-100,100(-100.000000)
181:BR,Player:0r130c/r871f:JhAh,7cKs|/3s6cAs:230,-230(230.000000)
182:Player,BR:0cc/cr435c/cc/r515c:7hAs,QhKd|/2s5cAd/Jd/9d:1050,-1050(-138.286755)
183:BR,Player:0r130c/r573f:4d5c,7hJh|/9hKcAc:230,-230(230.000000)
184:Player,BR:0cc/cr435f:2c5c,4cQh|/5s9dTh:-100,100(-100.000000)
185:BR,Player:0r130c/r1001c/cr1184c/cc:2d7c,6sAd|/6c7hAh/2c/3c:-2415,2415(886.194951)
186:Player,BR:0cc/cr876f:2d7d,2cJd|/5s9sTd:-100,100(-100.000000)
187:BR,Player:0r130c/r1001f:9sQc,3c5s|/2d7cTs:230,-230(230.000000)
188:Player,BR:0cr300c/cr1741f:JsKd,8cJd|/5cTsTc:-400,400(-400.000000)
189:BR,Player:0cc/cc/cc/cc:2hKd,TdQh|/6s9dAs/3c/Jc:100,-100(-19.241022)
190:Player,BR:0cc/cr876f:6d8c,7dAd|/4s6sKs:-100,100(-100.000000)
191:BR,Player:0r130c/r2014f:3c4d,4s7c|/TdKsAd:230,-230(230.000000)
192:Player,BR:0cc/cr876c/r584c/r4680c:6c9s,2dJh|/4s5h7s/2h/Kc:-6240,6240(-6240.000000)
193:BR,Player:0cc/r379f:7sJs,4d8h|/8dTsJh:100,-100(100.000000)
194:Player,BR:0cr300c/cr3503f:9sTd,2d9d|/4h5hKs:-400,400(-400.000000)
195:BR,Player:0r200c/r1306f:2sAc,6d9c|/9dTdJd:300,-300(300.000000)
196:Player,BR:0cr300c/cr569f:QdAh,7sJh|/3c8hTd:-400,400(-400.000000)
197:BR,Player:0cc/r379c/cc/cc:8c9s,4h8s|/2d4s9c/Jd/As:479,-479(446.476657)
198:Player,BR:0cr200c/cr1136f:QcAd,7sJd|/3d8cJc:-300,300(-300.000000)
199:BR,Player:0r130c/r2014f:6dKh,5d7c|/2c7dJc:230,-230(230.000000)
200:Player,BR:0cc/cr761f:2dQs,TsKd|/8cJhKs:-100,100(-100.000000)
201:BR,Player:0r130c/r2014c/cr1344c/cc:3c5s,TsQd|/5cQhKh/3h/8c:3588,-3588(3588.000000)
202:Player,BR:0cc/cr876f:8cTd,2d8h|/3h6h9c:-100,100(-100.000000)
203:BR,Player:0r200c/cr390r3004f:8dQh,7dQs|/6sTsKd:690,-690(690.000000)
204:Player,BR:0cc/cr379f:4c5s,9hAd|/2c8c9c:-100,100(-100.000000)
205:BR,Player:0r130c/r1001f:8hQh,JdAh|/2s5c6h:230,-230(230.000000)
206:Player,BR:0cr300c/cr1741f:3c4c,4dKd|/2hJhAd:-400,400(-400.000000)
207:BR,Player:0r130c/r2014f:4hQc,JhJc|/2s2dTc:230,-230(230.000000)
208:Player,BR:0cc/cr216f:7cQh,7s7d|/3s5dTc:-100,100(-100.000000)
209:BR,Player:0r130c/r1001f:2hTs,9dJh|/4h5dQc:230,-230(230.000000)
210:Player,BR:0cr600c/cr866f:8cJh,2cKd|/9sKhAs:-700,700(-700.000000)
211:BR,Player:0f:TcJd,2h4s|:50,-50(50.000000)
212:Player,BR:0cc/cr1761f:5s8s,7h7c|/9sTdAs:-100,100(-100.000000)
213:BR,Player:0r130c/r1001f:TdAh,7s7h|/6h9dJs:230,-230(230.000000)
214:Player,BR:0cr300c/cr3503f:3h5d,9dTs|/4s7dKc:-400,400(-400.000000)
215:BR,Player:0r130c/r1001f:7cAh,3cAd|/9hThKd:230,-230(230.000000)
216:Player,BR:0cc/cr876f:TcAd,2d7d|/5s6sKh:-100,100(-100.000000)
217:BR,Player:0r200c/r1306f:JsKc,7s7c|/3d4d8d:300,-300(300.000000)
218:Player,BR:0cr300c/cr1514c/cc/r486c:TcJs,3dTs|/2h4cTd/4h/8d:2400,-2400(96.397641)
219:BR,Player:0r130c/cc/cr460f:8hTh,3cAs|/4hJsKc/Ad:-230,230(-230.000000)
220:Player,BR:0cc/cr876f:6cAh,5sQh|/4d6h7s:-100,100(-100.000000)
221:BR,Player:0r130c/r871f:8dJh,QdAh|/3s4hJc:230,-230(230.000000)
222:Player,BR:0cc/cr876f:4c7h,9hKd|/2s5s8h:-100,100(-100.000000)
223:BR,Player:0r130c/r163c/cc/cr987f:5d9h,9cJh|/5s6dTc/Qh/4d:-393,393(-393.000000)
224:Player,BR:0cc/cr876f:3h7c,TcAh|/2c4d6s:-100,100(-100.000000)
225:BR,Player:0r130c/r163f:4d5c,2sKh|/4s9cJh:230,-230(230.000000)
226:Player,BR:0cr600c/cr3047f:9sJd,4dAc|/7cJcKh:-700,700(-700.000000)
227:BR,Player:0cc/r435f:9hKh,3sTh|/9dTdQs:100,-100(100.000000)
228:Player,BR:0cr300c/cr283r1717r1717f:4s6d,2h7h|/4d7sKd:-2400,2400(-2400.000000)
229:BR,Player:0r130c/cr299r299c/cr759c/cr3174c:6cAd,8hQc|/4s7dQh/Kh/Qd:-4761,4761(416.289158)
230:Player,BR:0cc/cr3080f:7cKd,4h8c|/2s9sQd:-100,100(-100.000000)
231:BR,Player:0r200c/r1136f:8sJc,2hQs|/4c5sJd:300,-300(300.000000)
232:Player,BR:0cr600c/cr3047r7523f:5s5h,QsAh|/3s5c6c:3747,-3747(3747.000000)
233:BR,Player:0cc/r876f:6hQd,TdQs|/3h9dKd:100,-100(100.000000)
234:Player,BR:0cr300c/cr1741f:5cJc,6cKs|/8h8dAs:-400,400(-400.000000)
235:BR,Player:0r130c/r2014f:TsQc,6sKc|/3d5hJd:230,-230(230.000000)
236:Player,BR:0cc/cr1532f:3d9h,5cJh|/8dJsJd:-100,100(-100.000000)
237:BR,Player:0r200c/r371c/cr100c/cr309c:7sKc,4hQh|/3h3cKs/2d/2h:1080,-1080(1080.000000)
238:Player,BR:0cc/cr876f:6dAc,9dJd|/6c7hTd:-100,100(-100.000000)
239:BR,Player:0r130c/r2014f:3d9s,QdAh|/3s5cAs:230,-230(230.000000)
240:Player,BR:0cc/cr876f:TcQs,6hJs|/3d7sKd:-100,100(-100.000000)
241:BR,Player:0r200c/r140c/cr595c/cr18965f:4h9c,JsKs|/4sTdAc/Qs/2s:-1035,1035(-1035.000000)
242:Player,BR:0cr300c/cr569f:KdAc,3hQs|/8s8hTh:-400,400(-400.000000)
243:BR,Player:0cc/r379f:2dQs,9cKd|/4h7sQh:100,-100(100.000000)
244:Player,BR:0cc/cr379f:2sKc,5hJh|/4dThJc:-100,100(-100.000000)
245:BR,Player:0r130c/r2014f:2c4h,3d3c|/5c6hKd:230,-230(230.000000)
246:Player,BR:0cr200c/cr2627f:2cTd,3s6h|/4d9hKs:-300,300(-300.000000)
247:BR,Player:0r130c/r285r543r2634f:5sKd,5dAh|/4s4d5c:1058,-1058(1058.000000)
248:Player,BR:0cc/cr876f:4h7d,4d8h|/3s9sKs:-100,100(-100.000000)
249:BR,Player:0r200c/r747f:4sTc,5c8h|/KsAsAd:300,-300(300.000000)
250:Player,BR:0cr300c/cr1741f:5d8d,9hAs|/5c6cKh:-400,400(-400.000000)
251:BR,Player:0cc/r435f:TcAc,4c7s|/4d6cKd:100,-100(100.000000)
252:Player,BR:0cr600c/cr3047f:QdAd,6dAh|/9h9cJh:-700,700(-700.000000)
253:BR,Player:0r130c/r2014f:8dKc,6cKs|/5d9hJc:230,-230(230.000000)
254:Player,BR:0cr300c/r520r2290f:5d7h,QcAs|/9cTcJs:-920,920(-920.000000)
255:BR,Player:0r130c/r498f:3sAs,8s9h|/3dThTd:230,-230(230.000000)
256:Player,BR:0cr200c/cr371f:7cTc,5hQc|/3dQhKh:-300,300(-300.000000)
257:BR,Player:0r130c/r2014f:2s2h,TsKc|/3s9cTc:230,-230(230.000000)
258:Player,BR:0cc/cr876f:3cAd,8cTh|/5c6cKs:-100,100(-100.000000)
259:BR,Player:0cc/r435f:9dJs,2dQc|/5c6d7s:100,-100(100.000000)
260:Player,BR:0cr300c/r520r520f:2hTh,2cKd|/9cQhQc:-920,920(-920.000000)
261:BR,Player:0r130c/r2014f:6dKc,2s8s|/3c7d9d:230,-230(230.000000)
262:Player,BR:0cr300c/cr3503f:7d9c,3h9d|/2h4hTs:-400,400(-400.000000)
263:BR,Player:0r130c/cc/cr299c/cr1058f:8dKd,TdKh|/3h5s9s/7h/Th:-529,529(-529.000000)
264:Player,BR:0cr300c/cr495c/r100c/r1213f:5cQd,TcJd|/2sJhQs/3d/2d:995,-995(995.000000)
265:BR,Player:0r200c/r212r523r523c/cr926f:QhAd,2s8s|/2h4sKd/8c:-1558,1558(-1558.000000)
266:Player,BR:0cc/cr876f:4h9d,4c8s|/7h8hQh:-100,100(-100.000000)
267:BR,Player:0r130c/r1001f:6sTs,5sQd|/4h4cKd:230,-230(230.000000)
268:Player,BR:0cr200c/cr4595r4595r8880c/r1630c/cc:3s9s,JhJd|/2d4s9h/6s/Th:-20000,20000(5754.701932)
269:BR,Player:0cc/r876f:6hQd,4dJh|/5h8hKs:100,-100(100.000000)
270:Player,BR:0cc/cr1761f:6dJh,5d7h|/4d6cQs:-100,100(-100.000000)
271:BR,Player:0r130c/r19770f:6s7c,ThQs|/4h5c8d:230,-230(230.000000)
272:Player,BR:0cc/cr216f:4dJc,7hTc|/2c7dKs:-100,100(-100.000000)
273:BR,Player:0r130c/r1001f:4hKh,3h5d|/8cQcAd:230,-230(230.000000)
274:Player,BR:0cc/cr379c/cc/cc:3dJs,QdQc|/4hJcAd/4d/Qh:-479,479(-479.000000)
275:BR,Player:0r130c/cr460r3004f:2s6h,2h2d|/5c7sJd:690,-690(690.000000)
276:Player,BR:0cc/cr3080c/cc/r2970f:9cJd,7dTs|/6sQcAd/Jc/Jh:3180,-3180(3180.000000)
277:BR,Player:0f:6h8h,2c8d|:50,-50(50.000000)
278:Player,BR:0cr600c/cr16305f:JsKh,6cTc|/7d8h9c:-700,700(-700.000000)
279:BR,Player:0cc/r435f:8cQs,9cKd|/5h6hAc:100,-100(100.000000)
280:Player,BR:0cc/cr876c/r584f:9dKs,2s3c|/4dJhKd/6d:976,-976(976.000000)
281:BR,Player:0cc/r435f:3sAc,4h8d|/6dJdQc:100,-100(100.000000)
282:Player,BR:0cc/cr124c/cc/cc:4hTc,6s7s|/4d7cQc/8h/Ks:-224,224(-135.707697)
283:BR,Player:0r130c/r1001f:7cJd,6dJc|/2s3d6c:230,-230(230.000000)
284:Player,BR:0cr600c/cr3047f:5cJd,7h9h|/4dKsKc:-700,700(-700.000000)
285:BR,Player:0r130c/r2014c/cr2241f:7dAs,KsKh|/2c9sTs/4d:-2244,2244(-2244.000000)
286:Player,BR:0cc/cr876f:2c6s,8sQh|/6cTcAc:-100,100(-100.000000)
287:BR,Player:0r300c/r1741f:4dTc,2dKs|/5d6dAd:400,-400(400.000000)
288:Player,BR:0cr200c/r900f:AhAc,2dQd|/5h8hKs:300,-300(300.000000)
289:BR,Player:0r130c/r1001c/cr701c/cr966c:ThJc,5h8h|/2d6s7d/2s/Qc:2898,-2898(1306.228001)
290:Player,BR:0cr200c/cr2627f:6sQs,5hTc|/5c6hJc:-300,300(-300.000000)
291:BR,Player:0f:3sJh,2h3d|:50,-50(50.000000)
292:Player,BR:0cr200c/r900r9137f:5d9d,TcAh|/3dThAs:-1200,1200(-1200.000000)
293:BR,Player:0f:7cAc,2d9h|:50,-50(50.000000)
294:Player,BR:0cc/cr379f:3c6s,7cKs|/2s7dTh:-100,100(-100.000000)
295:BR,Player:0r130c/r163c/cc/cr665f:2cJh,5h8h|/2d8sQh/4s/3c:-393,393(-393.000000)
296:Player,BR:0cr300c/cr3503f:TsQs,4s9c|/3d3c7s:-400,400(-400.000000)
297:BR,Player:0cc/r435f:2hJc,8dAh|/5cTcKc:100,-100(100.000000)
298:Player,BR:0cr200c/cr1306f:9dAc,4s5s|/6s8hTd:-300,300(-300.000000)
299:BR,Player:0r200c/r1306c/cr1544c/cr9450f:6d7d,8h9h|/5h6sQh/Th/8d:-3150,3150(-3150.000000)
300:Player,BR:0cc/cr379c/cc/r121c:6d9d,4s5s|/3d5dAc/3s/3h:-600,600(-128.691326)
301:BR,Player:0f:7hAc,2c5s|:50,-50(50.000000)
302:Player,BR:0cr300c/r520r1309f:5hAs,3s8s|/9dQcAc:-920,920(-920.000000)
303:BR,Player:0r200c/r2627f:7cKd,2hKh|/5c9dQc:300,-300(300.000000)
304:Player,BR:0cr300c/cr3503f:QsKc,6c9s|/7hThKh:-400,400(-400.000000)
305:BR,Player:0r130c/r2014f:9cTs,JhKd|/5sJsQh:230,-230(230.000000)
306:Player,BR:0cc/cr876f:7s9c,8hAd|/5dQsKc:-100,100(-100.000000)
307:BR,Player:0r130c/r1001f:8sAh,4h9h|/2s7sTd:230,-230(230.000000)
308:Player,BR:0cc/cr124f:3s9c,6hAh|/2cJhJc:-100,100(-100.000000)
309:BR,Player:0f:7s9h,2d8c|:50,-50(50.000000)
310:Player,BR:0cc/cr435c/cc/r305c:6s9d,7hJd|/3d6dAh/5h/Jh:-840,840(-359.233968)
311:BR,Player:0r130c/r1001f:5dTd,5hAs|/2d7sAc:230,-230(230.000000)
312:Player,BR:0cc/cr876f:6s7h,3c8c|/3s7sTd:-100,100(-100.000000)
313:BR,Player:0f:4cKh,3s6h|:50,-50(50.000000)
314:Player,BR:0cc/cr876f:2c7d,9hJc|/5d5cAs:-100,100(-100.000000)
315:BR,Player:0r130c/r1751c/cc/cr1722c:5sKc,3d8d|/2s4dKs/9d/Qc:3703,-3703(520.264663)
316:Player,BR:0cr300c/cr3503f:3cAc,JdKc|/4d6sQd:-400,400(-400.000000)
317:BR,Player:0cc/r435f:6d9h,2hQd|/8dJsJc:100,-100(100.000000)
318:Player,BR:0cc/cr1761f:7hKs,TcQd|/3sKdAh:-100,100(-100.000000)
319:BR,Player:0r130c/r2014f:5c7c,4s5h|/2cTcJh:230,-230(230.000000)
320:Player,BR:0cc/cr3080c/cc/r6250f:9sJc,3c8h|/2h5s9d/4c/Ts:3180,-3180(3180.000000)
321:BR,Player:0r130c/r871c/cc/cc:7hKc,3dAc|/2c7cTc/2d/Kh:1101,-1101(1098.911120)
322:Player,BR:0cc/cr876c/r584f:9sJc,2hKd|/6s8dTh/5s:976,-976(976.000000)
323:BR,Player:0r130c/r2014f:2dQc,4h5h|/5c6sKh:230,-230(230.000000)
324:Player,BR:0cc/cr435f:2s5s,8dQs|/3hJhJd:-100,100(-100.000000)
325:BR,Player:0r130c/r285r543r1506c/cr2197c/cc:QsQc,9hAh|/6d9sAs/Td/7d:-4761,4761(-4448.983130)
326:Player,BR:0cr300c/cr1741f:5hJh,2d3s|/7cJcAh:-400,400(-400.000000)
327:BR,Player:0f:9dTc,2s8h|:50,-50(50.000000)
328:Player,BR:0cr200c/cr427f:QsAc,7hKd|/3h8hTh:-300,300(-300.000000)
329:BR,Player:0r130c/r3522c/cc/cc:7cJd,QdKd|/7dJcQc/3s/9c:3752,-3752(3679.607991)
330:Player,BR:0cc/cr435f:9dQc,7dKc|/5h7s8s:-100,100(-100.000000)
331:BR,Player:0r200c/r1306f:9hKc,3dJc|/5d7hAc:300,-300(300.000000)
332:Player,BR:0cc/cr876f:9sTd,7dAc|/2c3dTh:-100,100(-100.000000)
333:BR,Player:0r130c/r19770f:JcAh,2sAd|/4dJhAc:230,-230(230.000000)
334:Player,BR:0cc/cr1761f:4c9s,6h7d|/6s9h9d:-100,100(-100.000000)
335:BR,Player:0r130c/r2014f:3h7c,4sAd|/5dTcAc:230,-230(230.000000)
336:Player,BR:0cc/cr435f:3cKh,TsJd|/3s4s9h:-100,100(-100.000000)
337:BR,Player:0r200c/r747f:8cQd,4d6d|/7s7hJs:300,-300(300.000000)
338:Player,BR:0cc/cr3080f:3hKc,5hTc|/8dJsQc:-100,100(-100.000000)
339:BR,Player:0r130c/r2014f:5s6s,5d8c|/3s4hJc:230,-230(230.000000)
340:Player,BR:0cc/cr124f:5cKs,6d9s|/2s9cTh:-100,100(-100.000000)
341:BR,Player:0r200c/r2627f:8c9s,5sTs|/2sJhKd:300,-300(300.000000)
342:Player,BR:0cc/cr1761f:2h9d,4s9s|/TsJsKc:-100,100(-100.000000)
343:BR,Player:0r130c/r1001f:3d6d,3h4h|/7c8cJd:230,-230(230.000000)
344:Player,BR:0cc/cr8194f:5hTd,8h8c|/4s4c8d:-100,100(-100.000000)
345:BR,Player:0f:7hTs,2c8s|:50,-50(50.000000)
346:Player,BR:0cr300c/cr3503c/r2337f:7h9d,8dQs|/7d9sKd/8c:3903,-3903(3903.000000)
347:BR,Player:0r130c/r1751f:7cAc,8dQs|/2s3cTc:230,-230(230.000000)
348:Player,BR:0cr300c/r520r4005c/cc/r9887f:TcQc,2s8s|/4h8hJc/Ad/Kh:4925,-4925(4925.000000)
349:BR,Player:0r130c/r1001f:6sQs,KhAh|/4c5h8s:230,-230(230.000000)
350:Player,BR:0cr200c/cr2627f:QcKs,4cAh|/2c6s7d:-300,300(-300.000000)
351:BR,Player:0r200c/r2627f:8s9s,8dTs|/5sQcAc:300,-300(300.000000)
352:Player,BR:0cc/cr1761f:7cTs,5c9d|/3d8dKc:-100,100(-100.000000)
353:BR,Player:0r200c/r2627f:2d7c,QdKc|/ThTcQs:300,-300(300.000000)
354:Player,BR:0cr300c/cr866f:JcAs,7sKs|/5c8cKd:-400,400(-400.000000)
355:BR,Player:0r130c/r2014f:9cQd,JdKh|/3s6cTs:230,-230(230.000000)
356:Player,BR:0cc/cr9423f:3hQc,6hTd|/9dAsAh:-100,100(-100.000000)
357:BR,Player:0r200c/r1306f:3cQd,8cKc|/5c9sTh:300,-300(300.000000)
358:Player,BR:0cr300c/cr1741c/cc/r6259f:2h9h,5h8h|/3c9s9c/Ad/7h:2141,-2141(2141.000000)
359:BR,Player:0cc/r435f:6hAs,3c6s|/4dQhKd:100,-100(100.000000)
360:Player,BR:0cc/cr1761f:2hQd,5h6c|/QhKhKc:-100,100(-100.000000)
361:BR,Player:0r130c/r1001f:7d8s,5cAd|/6c8cKh:230,-230(230.000000)
362:Player,BR:0cr300c/cr3503f:8cAc,2d4c|/4h7cAh:-400,400(-400.000000)
363:BR,Player:0r130c/r100c/cr165c/cr1485f:7s7d,9dTh|/9hTcAs/8d/4h:-495,495(-495.000000)
364:Player,BR:0cc/cr876f:5d8c,2d2c|/4sThQs:-100,100(-100.000000)
365:BR,Player:0r130c/r1001c/cc/cc:7s8h,3s5d|/4hKcAc/9s/5c:-1231,1231(-1231.000000)
366:Player,BR:0cc/cr876f:9cQs,5d9h|/4dJsAc:-100,100(-100.000000)
367:BR,Player:0r130c/r1001f:8c9c,TcAd|/3h3d7h:230,-230(230.000000)
368:Player,BR:0cc/cr379c/cc/r721c:8h9s,KhAs|/2s2dTc/Qh/Kd:-1200,1200(-396.821010)
369:BR,Player:0r200c/r2627c/cr1753c/cr6084c:6h8h,TsJs|/5s6cKs/Kc/8d:10764,-10764(173.408406)
370:Player,BR:0cc/cr876f:9dKc,9cTc|/2s4sQc:-100,100(-100.000000)
371:BR,Player:0r130c/r1001f:4sKc,3cAc|/5s7sJd:230,-230(230.000000)
372:Player,BR:0cc/cr124c/cc/r100c:9sKc,6hTc|/5h5c6s/4h/7h:-324,324(-67.127913)
373:BR,Player:0r130c/r573c/cc/cr1957c:5cQc,7sAs|/6cAhAc/Tc/Ts:-2760,2760(94.254748)
374:Player,BR:0cc/cr876f:2s6c,TcJc|/7c9sAs:-100,100(-100.000000)
375:BR,Player:0r300c/r569f:7hQd,4cJh|/6h9cAh:400,-400(400.000000)
376:Player,BR:0cc/cr876f:3h9d,5s9c|/2hKsKh:-100,100(-100.000000)
377:BR,Player:0r130c/r163f:4c8h,7dKh|/4s6d9c:230,-230(230.000000)
378:Player,BR:0cr300c/cr1741c/cc/r2059f:ThAd,3sKc|/7cTcQs/7h/4s:2141,-2141(2141.000000)
379:BR,Player:0f:2d8c,2c8h|:50,-50(50.000000)
380:Player,BR:0cc/cr124f:6d7h,TcKs|/4dKhAh:-100,100(-100.000000)
381:BR,Player:0r130c/r163r1447f:4cTs,KhAh|/6hKsAc:-393,393(-393.000000)
382:Player,BR:0cr200c/cr1306c/r914f:5dQd,ThJs|/2s6sQh/7d:1606,-1606(1606.000000)
383:BR,Player:0r200c/r1306f:6sQc,6d9h|/8hTsJs:300,-300(300.000000)
384:Player,BR:0cc/cr3080f:6dQs,3hKd|/5c9hTh:-100,100(-100.000000)
385:BR,Player:0r130c/r19770f:2cTc,8hAh|/2h6cTd:230,-230(230.000000)
386:Player,BR:0cc/cr435f:3sKd,JdKh|/3h4cQh:-100,100(-100.000000)
387:BR,Player:0r130c/r2014f:2dJd,2sAs|/3d5dQh:230,-230(230.000000)
388:Player,BR:0cc/cr379c/cc/cc:8dKh,QsQh|/3hAdAc/Js/5d:-479,479(-352.046779)
389:BR,Player:0cc/r142c/cc/cr448f:6s7d,2hQs|/8cQdKc/6h/Kd:-242,242(-242.000000)
390:Player,BR:0cc/cr876f:3dKs,2s5h|/4c7c9s:-100,100(-100.000000)
391:BR,Player:0r130c/r2014c/cc/cc:3sKd,JsQh|/4c9hQc/6s/3h:-2244,2244(-1563.664584)
392:Player,BR:0cr200c/r390r390f:4s5s,7dTh|/4hQsAh:-690,690(-690.000000)
393:BR,Player:0r130c/r2014f:8hAs,QdKh|/3c7hTc:230,-230(230.000000)
394:Player,BR:0cc/cr1761f:4s9c,JdAc|/3d8dKc:-100,100(-100.000000)
395:BR,Player:0r200c/r1306f:6sQc,TcJd|/2s3dTd:300,-300(300.000000)
396:Player,BR:0cc/cr435f:9cAh,4d5c|/2h5h7d:-100,100(-100.000000)
397:BR,Player:0r200c/r5284f:3cJd,5d7d|/4hTsAc:300,-300(300.000000)
398:Player,BR:0cc/cr142f:3d8c,9cAc|/ThTdQc:-100,100(-100.000000)
399:BR,Player:0r130c/r1001f:4dKd,7cKh|/4c6sQs:230,-230(230.000000)
400:Player,BR:0cc/cr876f:3sKs,JsAd|/2s3hTd:-100,100(-100.000000)
401:BR,Player:0r200c/r427f:9hAc,2dKs|/7cTsTd:300,-300(300.000000)
402:Player,BR:0cc/cr124f:3cTs,QcAd|/4dQdKs:-100,100(-100.000000)
403:BR,Player:0r130c/r142c/cc/cr421c:QdQc,8dKh|/5hKsAd/Ah/Qs:793,-793(793.000000)
404:Player,BR:0cc/cr19900f:4sKh,4c7h|/3d4h7s:-100,100(-100.000000)
405:BR,Player:0r130c/r2014f:2hAh,7c8h|/4d9cQh:230,-230(230.000000)
406:Player,BR:0cr300c/cr1741f:JcAs,6sKh|/4s7d8d:-400,400(-400.000000)
407:BR,Player:0cc/r876f:ThJs,3hQs|/6h7c9d:100,-100(100.000000)
408:Player,BR:0cc/cr876f:3s9c,3cAc|/3h5dQh:-100,100(-100.000000)
409:BR,Player:0r200c/cr900r2987f:6h7c,6d7d|/2d9sQc:1200,-1200(1200.000000)
410:Player,BR:0cr300c/r2400f:KhAs,5cTs|/6sKcAh:400,-400(400.000000)
411:BR,Player:0r130c/r2014c/cc/cr6726c:9hKc,5d8d|/5h8sQs/Jh/Kh:-8970,8970(-11.374052)
412:Player,BR:0cr130c/r299r2303c/cc/r1611f:8sAd,7sQh|/3c7d8c/Jc/2d:2832,-2832(2832.000000)
413:BR,Player:0r130c/r2014r6726f:3s7s,9sTs|/8sJcKs:-2244,2244(-2244.000000)
414:Player,BR:0cc/cr124f:2c5d,5cQd|/4dQhKs:-100,100(-100.000000)
415:BR,Player:0cc/r876f:7s8d,3d6c|/9sTcKd:100,-100(100.000000)
416:Player,BR:0cc/cr1761f:4c8h,5h9s|/5dQdKd:-100,100(-100.000000)
417:BR,Player:0cc/r435c/cc/cc:6h8c,7h9c|/2d3h9h/Jh/4h:-535,535(369.496818)
418:Player,BR:0cr300c/cr3503f:2c9c,9hQd|/9sThAh:-400,400(-400.000000)
419:BR,Player:0r130c/r573c/cr577c/cr4140f:4dTh,QdAs|/9hTcJc/5c/Kh:-1380,1380(-1380.000000)
420:Player,BR:0cr200c/cr747c/r393f:9hKd,3c6c|/7dKsAs/Kc:1047,-1047(1047.000000)
421:BR,Player:0r300c/r569c/cc/cr2631f:3hJc,7c9h|/7s8h9s/6h/7h:-969,969(-969.000000)
422:Player,BR:0cc/cr876f:3dKc,2s4h|/5d7cKd:-100,100(-100.000000)
423:BR,Player:0f:2cAd,4c9s|:50,-50(50.000000)
424:Player,BR:0cc/cr216f:7dQh,ThTd|/2s3cKs:-100,100(-100.000000)
425:BR,Player:0r130c/r871f:TcJc,8s9d|/3s4hTs:230,-230(230.000000)
426:Player,BR:0cc/cr761f:3h4c,9dKd|/7d7cKh:-100,100(-100.000000)
427:BR,Player:0r130c/r1001f:4s5d,3s4d|/7h7dTh:230,-230(230.000000)
428:Player,BR:0cr300c/r520r4005f:6hJh,2dQd|/5h8cTc:-920,920(-920.000000)
429:BR,Player:0r130c/cr299r1317f:6hKs,4hQd|/3h3cJs:529,-529(529.000000)
430:Player,BR:0cr200c/cr747f:TsQs,4c7d|/5cTcAc:-300,300(-300.000000)
431:BR,Player:0r130c/r1001f:2h4c,7dAs|/2sJcKd:230,-230(230.000000)
432:Player,BR:0cr130c/cr2014f:7s9s,2s7d|/3h7hAs:-230,230(-230.000000)
433:BR,Player:0cc/r124c/cc/cc:JsAh,TcAd|/2h8hKd/9s/7d:224,-224(-129.982493)
434:Player,BR:0cc/cr876f:4cTs,4d7h|/6c9dAc:-100,100(-100.000000)
435:BR,Player:0r130c/r573f:JcAc,5hAh|/6d8d9c:230,-230(230.000000)
436:Player,BR:0cc/cr876f:3dJd,2hJh|/3h6cQs:-100,100(-100.000000)
437:BR,Player:0cc/r435c/cc/cc:2hKd,5c6s|/3c4h9s/6c/3h:-535,535(-535.000000)
438:Player,BR:0cr200c/cr1306f:6cKc,4dKh|/6h8sAd:-300,300(-300.000000)
439:BR,Player:0f:3d8h,2s6d|:50,-50(50.000000)
440:Player,BR:0cr300c/cr3503f:4d5h,2cAc|/5cQhKd:-400,400(-400.000000)
441:BR,Player:0r130c/r871c/cc/cc:9sAs,TsTd|/2d2c9c/Qd/4c:-1101,1101(648.242919)
442:Player,BR:0cc/cr1761f:9cJh,9dQc|/5h7sTh:-100,100(-100.000000)
443:BR,Player:0r130c/cc/cc/cc:4sKd,3cKh|/JsJhQc/2d/5c:0,-0(-170.526874)
444:Player,BR:0cc/cr1761f:5dJc,3h3d|/ThJsKd:-100,100(-100.000000)
445:BR,Player:0r130c/r3522f:7dTd,2sKc|/6d7sTc:230,-230(230.000000)
446:Player,BR:0cc/cr876f:6d9c,4s9h|/TsThAd:-100,100(-100.000000)
447:BR,Player:0cc/r435f:5s8s,ThAd|/3d4dKs:100,-100(100.000000)
448:Player,BR:0cr200c/cr1136c/r364c/cc:TcAs,3s8c|/2s3h7s/9d/9h:-1800,1800(-1686.214070)
449:BR,Player:0f:5cQd,2s5h|:50,-50(50.000000)
450:Player,BR:0cr130c/cr1001f:9sKs,3s6d|/7sJdJc:-230,230(-230.000000)
451:BR,Player:0r130c/r1001f:JcKs,2hAh|/7c9hQc:230,-230(230.000000)
452:Player,BR:0cr300c/cr1741f:2d3d,TcKd|/2h6dAh:-400,400(-400.000000)
453:BR,Player:0r130c/cr299r4632c/cr5154f:3dJs,ThQs|/5hQdQc/Kc:-5161,5161(-5161.000000)
454:Player,BR:0cc/cr435f:7d9c,2hJs|/5dQsAd:-100,100(-100.000000)
455:BR,Player:0r130c/r19770f:7s7d,8sKs|/7hJdKh:230,-230(230.000000)
456:Player,BR:0cc/cr1532f:7sJh,8sQh|/7d8hKh:-100,100(-100.000000)
457:BR,Player:0r200c/r2627f:3hQs,9dQc|/3s5dAs:300,-300(300.000000)
458:Player,BR:0cc/cr216c/cc/cc:4cKc,8hAh|/2h8c9c/Js/9d:-316,316(-154.981308)
459:BR,Player:0r200c/r1136c/cr364c/cr5400f:JhAs,TcQc|/8c9hAc/Jd/3c:-1800,1800(-1800.000000)
460:Player,BR:0cr600c/r4200r4200c/r5600f:9sJs,3dAs|/2h7hTs/9d:9100,-9100(9100.000000)
461:BR,Player:0r130c/r163f:TdAs,5h9h|/2d4d7s:230,-230(230.000000)
462:Player,BR:0cr600c/cr214c/cc/r1501f:8hTc,4s6h|/9dThQc/Td/7s:914,-914(914.000000)
463:BR,Player:0cc/r435f:3d5c,4d8c|/2h4c7s:100,-100(100.000000)
464:Player,BR:0cr200c/cr2627f:7c8d,2s3s|/3h8cJs:-300,300(-300.000000)
465:BR,Player:0r130c/r1001c/cc/cc:TdAh,2cKd|/4d5d6d/Ts/Kc:-1231,1231(818.930882)
466:Player,BR:0cr200c/r390r982f:4d7s,5dAh|/2c4hJs:-690,690(-690.000000)
467:BR,Player:0r130c/r1001f:2d3h,7cQs|/4sQdKs:230,-230(230.000000)
468:Player,BR:0cc/cr1761f:7cTh,2s6s|/TcJsJc:-100,100(-100.000000)
469:BR,Player:0r130c/r285c/cr865c/cr4140c:QsQh,6sJs|/JhJdKc/Jc/8s:-5520,5520(2013.556384)
470:Player,BR:0cc/cr876f:3sAd,3h9s|/5h8hTs:-100,100(-100.000000)
471:BR,Player:0r130c/r1001c/cr1184f:4cTd,9hKd|/3sJhQh/8c:-1231,1231(-1231.000000)
472:Player,BR:0cr1200c/r1690r4255r12755c/cc/cc:JhKs,4h5c|/3c6sKd/8s/7c:-20000,20000(-20000.000000)
473:BR,Player:0r130c/r1751f:4hJs,TdQh|/4d5hJh:230,-230(230.000000)
474:Player,BR:0cr300c/cr1741f:6s8s,3c7d|/ThJhQc:-400,400(-400.000000)
475:BR,Player:0r200c/r2627f:3c6h,7dAd|/2d9cJc:300,-300(300.000000)
476:Player,BR:0cc/r130r1001f:8dJh,3hQc|/2s5d7h:-230,230(-230.000000)
477:BR,Player:0r130c/r2014f:8dTh,5sJs|/5h7h9d:230,-230(230.000000)
478:Player,BR:0cc/cr876f:4c8d,2h7s|/4d9hTh:-100,100(-100.000000)
479:BR,Player:0r130c/r573c/cr577c/cc:TdAs,JsQh|/8s9cJc/2s/Kd:-1380,1380(-1375.149353)
480:Player,BR:0cc/cr124c/cc/cc:2sKh,4c5s|/3h5hQc/6d/Ac:-224,224(-86.695220)
481:BR,Player:0r300c/r3503f:8dJc,5hKd|/2c4c5d:400,-400(400.000000)
482:Player,BR:0cc/cr379f:4cJs,6dAd|/5hTcAs:-100,100(-100.000000)
483:BR,Player:0r130c/r2014f:6dAh,4s8d|/2sJhKs:230,-230(230.000000)
484:Player,BR:0cr300c/cr1514f:TsAs,4cQh|/6h9sQd:-400,400(-400.000000)
485:BR,Player:0r130c/r2014f:9dAs,7sJd|/4cTdQs:230,-230(230.000000)
486:Player,BR:0cr600c/cr3047f:2dQd,6d9d|/TsJsJc:-700,700(-700.000000)
487:BR,Player:0r130c/r871c/cr100c/cc:AhAd,5sQs|/5hJhJd/2c/9d:1201,-1201(1201.000000)
488:Player,BR:0cr600c/cr3047c/r3603f:QhQc,2h9c|/7s7d8h/Ts:3747,-3747(3747.000000)
489:BR,Player:0cc/r1761f:7d8h,6cAd|/2c5sTc:100,-100(100.000000)
490:Player,BR:0cc/cr876c/r974f:6s7d,2s4h|/8s9hKs/5c:976,-976(976.000000)
491:BR,Player:0r200c/r244r836r3435f:2d5h,7dAs|/2c3d8d:1380,-1380(1380.000000)
492:Player,BR:0cc/cr876f:4dTd,ThJs|/7d8cKs:-100,100(-100.000000)
493:BR,Player:0cc/r435f:4s6h,8h9s|/4dQsAs:100,-100(100.000000)
494:Player,BR:0cc/cr3080f:2d4c,6cKh|/2h9sJh:-100,100(-100.000000)
495:BR,Player:0r130c/r2014f:4c5c,4dQh|/3d4hAd:230,-230(230.000000)
496:Player,BR:0cr600c/cr16305f:6h8h,QhAh|/4h5sKh:-700,700(-700.000000)
497:BR,Player:0r200c/r1306c/cr914f:2sTh,8sTc|/JsJdJc/6h:-1606,1606(-1606.000000)
498:Player,BR:0cr200c/cr1306c/r914c/r504c:6h9s,2dJh|/2h5h9h/3h/3s:-3024,3024(-605.979911)
499:BR,Player:0r200c/r2627c/cc/cr2923f:4h7h,5cAc|/9sTcKc/Jc/5d:-2927,2927(-2927.000000)
500:Player,BR:0cc/cr435c/r305f:3cKc,2cJd|/3h8cQh/3s:535,-535(535.000000)
501:BR,Player:0f:3h7d,2d9s|:50,-50(50.000000)
502:Player,BR:0cc/cr761f:2s8s,ThQc|/TsKhAh:-100,100(-100.000000)
503:BR,Player:0r200c/cr390r982c/cr1433f:6sJs,QdKs|/7cKdKc/2c:-1672,1672(-1672.000000)
504:Player,BR:0cc/cr1761f:8hAs,7h9d|/4c5c8s:-100,100(-100.000000)
505:BR,Player:0r130c/r19770f:4s4h,7c8c|/4c7s9h:230,-230(230.000000)
506:Player,BR:0cr600c/cr996f:TsQs,8c9h|/3hQcAh:-700,700(-700.000000)
507:BR,Player:0r200c/r2627f:3d8d,QhAh|/4s6hAs:300,-300(300.000000)
508:Player,BR:0cr300c/r520r1309r4119r4119r9533f:JhJd,3hQc|/2c8sTh:10467,-10467(10467.000000)
509:BR,Player:0r200c/r2627f:3dAd,4dKs|/4c5hTd:300,-300(300.000000)
510:Player,BR:0cc/cr876f:4hQc,2sTh|/2c5hQh:-100,100(-100.000000)
511:BR,Player:0r200c/r1136c/cc/cc:9dAd,TcKd|/2dQhAs/9s/Ts:1436,-1436(1436.000000)
512:Player,BR:0cc/cr876f:4c8c,9sAd|/7cThJh:-100,100(-100.000000)
513:BR,Player:0f:4h7c,2c6d|:50,-50(50.000000)
514:Player,BR:0cr300c/cr1741f:JcAc,5sJd|/7s7dTs:-400,400(-400.000000)
515:BR,Player:0cc/r379c/cc/cc:8sKd,4h7c|/2s7h8h/5h/Jh:-479,479(-399.967255)
516:Player,BR:0cr200c/cr2627f:QhKd,5sTh|/6c8sAc:-300,300(-300.000000)
517:BR,Player:0f:4dKc,3c7d|:50,-50(50.000000)
518:Player,BR:0cc/cr1761f:3hKd,5hQd|/2c8hAc:-100,100(-100.000000)
519:BR,Player:0f:5c9c,3h7c|:50,-50(50.000000)
520:Player,BR:0cc/cr435f:4hAd,6sQc|/3c9dTs:-100,100(-100.000000)
521:BR,Player:0r130c/r1001f:3d3c,9hKs|/7cTcAh:230,-230(230.000000)
522:Player,BR:0cc/cr876f:4c9h,6dAh|/3d7sTs:-100,100(-100.000000)
523:BR,Player:0r130c/r1001c/cc/cr2472f:2s3h,KdKc|/9sTsTc/Jc/3s:-1231,1231(-1231.000000)
524:Player,BR:0cc/cr761f:3dTc,TsAh|/4sKhAc:-100,100(-100.000000)
525:BR,Player:0r130c/r2014f:8s9s,2c5c|/6h7sKh:230,-230(230.000000)
526:Player,BR:0cr300c/r520r1309f:JdQs,6cJh|/6s7cTc:-920,920(-920.000000)
527:BR,Player:0r130c/r2014f:TcQs,8cJs|/7h9cKd:230,-230(230.000000)
528:Player,BR:0cc/cr876f:5c9d,2dJs|/9hThJd:-100,100(-100.000000)
529:BR,Player:0r200c/r244r836r836f:2d9s,8hKd|/2c3s6d:1380,-1380(1380.000000)
530:Player,BR:0cr200c/cr2627f:8sAs,7cKd|/9sTdQh:-300,300(-300.000000)
531:BR,Player:0r200c/r2627f:4s7h,5d5c|/3d6cTd:300,-300(300.000000)
532:Player,BR:0cr200c/cr5284c/r4766f:JsQs,6h9d|/2s7cQd/Qh:5584,-5584(5584.000000)
533:BR,Player:0r130c/r871f:2cTh,5h7h|/4h9cTd:230,-230(230.000000)
534:Player,BR:0cr600c/cr1742c/cc/r918c:6sTs,TcJh|/5sJsQs/5c/Qd:3360,-3360(1746.229589)
535:BR,Player:0f:8dTd,2h5s|:50,-50(50.000000)
536:Player,BR:0cr300c/cr1741f:2c6c,4h9s|/3d5c6d:-400,400(-400.000000)
537:BR,Player:0cc/r435f:4cAc,5c7s|/3sQsKd:100,-100(100.000000)
538:Player,BR:0cc/cr379f:4d9c,8sJs|/4c5c8d:-100,100(-100.000000)
539:BR,Player:0r130c/r1001f:7sKc,8dTd|/4hJsQs:230,-230(230.000000)
540:Player,BR:0cc/cr124c/cc/cc:6hTd,5s9h|/5dKsKd/Ah/Jc:-224,224(-41.519120)
541:BR,Player:0cc/r435c/cc/cr2265c:3dTd,6cKh|/7dKdKc/9s/6d:-2800,2800(835.564841)
542:Player,BR:0cc/cr1761f:2c8h,JcQc|/8cTdKh:-100,100(-100.000000)
543:BR,Player:0r130c/r871c/cr100c/cr6527c:8hQc,6d8d|/7hTcQs/7d/Jc:7728,-7728(5332.352247)
544:Player,BR:0cr600c/cr2650c/cc/r3090c:5dKd,QdQc|/2h7s7d/6d/Jc:-6440,6440(-4097.439675)
545:BR,Player:0r130c/r1001f:5hAs,9sKs|/2h8hKh:230,-230(230.000000)
546:Player,BR:0cc/cr761f:5c9h,KsKh|/3s6d8s:-100,100(-100.000000)
547:BR,Player:0f:4sAh,2h3s|:50,-50(50.000000)
548:Player,BR:0cc/cr1761f:4s9d,3h5s|/TsKdAc:-100,100(-100.000000)
549:BR,Player:0f:TcAh,2h4d|:50,-50(50.000000)
550:Player,BR:0cc/r200r1306f:7d8s,2cJh|/6sTcAd:-300,300(-300.000000)
551:BR,Player:0r130c/r2014f:ThJs,3c5h|/7dQsKc:230,-230(230.000000)
552:Player,BR:0cc/cr435f:2c8c,2dTs|/4h4dJs:-100,100(-100.000000)
553:BR,Player:0cc/r435r1075f:2dAs,6s9s|/3s5d6d:-535,535(-535.000000)
554:Player,BR:0cc/cr876f:6hTd,7cJh|/4sQhAd:-100,100(-100.000000)
555:BR,Player:0r130c/r1001f:2c9d,6hAc|/5h5cQd:230,-230(230.000000)
556:Player,BR:0cr300c/r520r4005c/r14395f:JhJc,8cAs|/2h3d7s/5c:4925,-4925(4925.000000)
557:BR,Player:0r200c/r649c/cr131c/cr3240f:8dAd,QhKh|/TdTcAs/5h/Js:-1080,1080(-1080.000000)
558:Player,BR:0cc/cr1761f:7dQs,7h8s|/JsKdKc:-100,100(-100.000000)
559:BR,Player:0f:2sQc,2c9h|:50,-50(50.000000)
560:Player,BR:0cr300c/cr3503f:JcQs,KhAh|/5s9dQh:-400,400(-400.000000)
561:BR,Player:0r200c/r1136f:3cQh,2cAs|/8cThQd:300,-300(300.000000)
562:Player,BR:0cc/cr3080f:4h9d,2s2d|/3hJhQc:-100,100(-100.000000)
563:BR,Player:0r130c/r1001f:4h9c,3hJh|/5c7d8c:230,-230(230.000000)
564:Player,BR:0cc/cr379f:4dJc,7c9d|/7h7d8s:-100,100(-100.000000)
565:BR,Player:0f:7s9s,2d5c|:50,-50(50.000000)
566:Player,BR:0cc/cr876f:3d7h,4cJh|/4d7s8s:-100,100(-100.000000)
567:BR,Player:0r200c/r2627f:8dTh,3c4h|/2sJcKh:300,-300(300.000000)
568:Player,BR:0cc/cr3080f:2d6s,3s8c|/4dJdQc:-100,100(-100.000000)
569:BR,Player:0r130c/r871f:7sQc,6dTc|/5hThQs:230,-230(230.000000)
570:Player,BR:0cc/cr1761f:5cJc,6cAc|/6s7dJs:-100,100(-100.000000)
571:BR,Player:0cc/r876f:6cKh,4dKs|/5s8hJc:100,-100(100.000000)
572:Player,BR:0cc/cr876f:4hQd,JdAd|/4c5hKd:-100,100(-100.000000)
573:BR,Player:0cc/r216f:5s6s,2hQc|/3h6hKc:100,-100(100.000000)
574:Player,BR:0cr300c/cr3503f:JsAd,9sQs|/2h6sTc:-400,400(-400.000000)
575:BR,Player:0r200c/r2627f:3d9c,ThAh|/3h5d8d:300,-300(300.000000)
576:Player,BR:0cr130c/r299r4632f:JhJd,7sQh|/3h3c9h:-529,529(-529.000000)
577:BR,Player:0r200c/r1306f:4dAs,TdKh|/2h3cQh:300,-300(300.000000)
578:Player,BR:0cr130c/r299r2003c/cc/r3816f:3hQh,3c4s|/3s3d5c/9s/Js:2532,-2532(2532.000000)
579:BR,Player:0r130c/r2014f:2hQs,7cTs|/3c5d9s:230,-230(230.000000)
580:Player,BR:0cr600c/cr3047f:4c5d,2hTc|/9cJhJc:-700,700(-700.000000)
581:BR,Player:0r130c/r163c/cc/cc:3hTs,ThTd|/3d8sAc/Jd/8h:-393,393(-47.052907)
582:Player,BR:0cc/cr876f:5cTc,6h8h|/2s4cQd:-100,100(-100.000000)
583:BR,Player:0r130c/r2014f:4dKs,7d8c|/2h6hQc:230,-230(230.000000)
584:Player,BR:0cc/cr19900f:2dJc,4d9d|/3d7dQd:-100,100(-100.000000)
585:BR,Player:0r200c/r1306f:4s8c,5h7c|/6d9hAs:300,-300(300.000000)
586:Player,BR:0cc/cr124c/cc/cc:5cQs,7dJh|/2dJcQh/Ac/Js:-224,224(-211.807519)
587:BR,Player:0cc/cc/cc/cc:3sAd,TsAh|/5s6h8h/5c/Kh:-100,100(-7.326613)
588:Player,BR:0cc/cr435f:4dQs,6hKs|/2s7hAh:-100,100(-100.000000)
589:BR,Player:0r200c/r1306f:7sTc,5sKd|/2c3h5c:300,-300(300.000000)
590:Player,BR:0cr300c/cr1741f:TsJs,6hQs|/7sKsKh:-400,400(-400.000000)
591:BR,Player:0cc/r379c/cc/cr441c:5s8s,6d7h|/2h4c8d/8c/2c:920,-920(823.951626)
592:Player,BR:0cc/cr876f:6dTc,2cKd|/9dTdJc:-100,100(-100.000000)
593:BR,Player:0r200c/r212c/cc/cc:7hKd,QdQc|/6dKcAh/6c/8h:512,-512(403.718878)
594:Player,BR:0cr130c/cr2014f:TdJh,3d6s|/3sTsKd:-230,230(-230.000000)
595:BR,Player:0r130c/r2014f:2h4c,8cQd|/5dJcAc:230,-230(230.000000)
596:Player,BR:0cr600c/cr1515c/cc/r305c:ThQh,3sAc|/5dJdAh/8d/4s:-2520,2520(-1705.335574)
597:BR,Player:0r200c/r1306f:3h3d,TsAh|/4d5s5d:300,-300(300.000000)
598:Player,BR:0cr300c/cr7045f:9sAh,4dTh|/QhKhKc:-400,400(-400.000000)
599:BR,Player:0r130c/r285c/cc/cr543c:3dJs,8hKh|/ThTdJd/4h/9h:-1058,1058(-310.375709)
600:Player,BR:0cr200c/r390r1718r3940f:8dAd,2c7s|/5c6d7d:2408,-2408(2408.000000)
601:BR,Player:0r130c/r2014f:ThKc,JdAd|/3h5d9c:230,-230(230.000000)
602:Player,BR:0cc/cr3080f:5dAc,8sJc|/2dTcKc:-100,100(-100.000000)
603:BR,Player:0r130c/r1751f:2hJd,4dAh|/2dKdAd:230,-230(230.000000)
604:Player,BR:0cr200c/cr2627f:2dJc,3d6h|/8dJhAc:-300,300(-300.000000)
605:BR,Player:0r130c/r4051f:3c6s,KdAc|/2c5hJh:230,-230(230.000000)
606:Player,BR:0cc/cr876f:2dQc,3c5h|/3d6d9s:-100,100(-100.000000)
607:BR,Player:0f:3d7h,2c9h|:50,-50(50.000000)
608:Player,BR:0cr300c/cr3503f:7cJc,5h5d|/QsKsKd:-400,400(-400.000000)
609:BR,Player:0r130c/r1001f:5d9h,4d5c|/4s6cJs:230,-230(230.000000)
610:Player,BR:0cc/cr19900f:5sJh,9s9h|/5c7h9d:-100,100(-100.000000)
611:BR,Player:0cc/r435f:TcQc,2s4s|/7d9dAd:100,-100(100.000000)
612:Player,BR:0cc/cr435c/r305c/cc:2hQd,QhAc|/2s3dJh/9s/6s:840,-840(589.954544)
613:BR,Player:0r200c/r2627f:ThJd,5d6h|/4dJsAs:300,-300(300.000000)
614:Player,BR:0cc/cr876f:3sTh,4cKd|/2s3h9s:-100,100(-100.000000)
615:BR,Player:0r130c/r1001c/cc/cr2472c:3c8s,TcQh|/6s8c9c/4h/5c:3703,-3703(678.096161)
616:Player,BR:0cc/cr761f:7cAd,3c6h|/3s6s9d:-100,100(-100.000000)
617:BR,Player:0r300c/r1741f:7dKh,2s2c|/3d9hQd:400,-400(400.000000)
618:Player,BR:0cc/cr435f:3cJd,TcJh|/2c3d4c:-100,100(-100.000000)
619:BR,Player:0r130c/r1001f:QhKh,QsAh|/3s5d6d:230,-230(230.000000)
620:Player,BR:0cc/cr142f:2h7d,9hQh|/4s4c6c:-100,100(-100.000000)
621:BR,Player:0r130c/r142c/cr421c/cc:7s7h,4h5s|/3c9cJs/4d/Qd:793,-793(-623.446258)
622:Player,BR:0cc/cr124c/cc/r100c:5cJs,2hJc|/6sJdKs/4s/Ad:0,-0(77.624545)
623:BR,Player:0r130c/r2014r9716f:4hQs,JcKh|/3h4dJh:-2244,2244(-2244.000000)
624:Player,BR:0cr300c/cr3503f:8cAc,2s4c|/4hTdKd:-400,400(-400.000000)
625:BR,Player:0r130c/r285c/cr543c/cr1375f:JcAd,9cTs|/TcQsQh/Qc/4h:-1058,1058(-1058.000000)
626:Player,BR:0cc/cr1761f:2hAs,3sTs|/4s4h6h:-100,100(-100.000000)
627:BR,Player:0r130c/r1001f:7sKd,TdAc|/5h6h9c:230,-230(230.000000)
628:Player,BR:0cr200c/cr2627f:5d6d,6cJs|/4h6hAd:-300,300(-300.000000)
629:BR,Player:0r130c/r1001f:TcKd,3hJd|/3s6h7d:230,-230(230.000000)
630:Player,BR:0cr300c/cr1741f:QdAh,7sJs|/3c4c8s:-400,400(-400.000000)
631:BR,Player:0r130c/cr299r299f:6cAd,5h8s|/3d7cQs:529,-529(529.000000)
632:Player,BR:0cr200c/r390r6042f:5c7h,4h7s|/3h3d8h:-690,690(-690.000000)
633:BR,Player:0r300c/r1741c/cc/cc:7cTd,QcAd|/8sTsJh/As/5d:-2141,2141(-1928.301203)
634:Player,BR:0cc/cr876f:5cKd,7dKh|/2h5s8h:-100,100(-100.000000)
635:BR,Player:0cc/r876f:2d4d,4s8c|/6sThKc:100,-100(100.000000)
636:Player,BR:0cc/cr876f:2h9h,6s7s|/3cJcAs:-100,100(-100.000000)
637:BR,Player:0f:4h4d,2dTc|:50,-50(50.000000)
638:Player,BR:0cc/r130r1751f:3cTs,3sKh|/2h3h7s:-230,230(-230.000000)
639:BR,Player:0r200c/r427f:6s6h,KdAc|/7cJsJd:300,-300(300.000000)
640:Player,BR:0cc/cr876f:6c9d,7hTh|/2c3s6h:-100,100(-100.000000)
641:BR,Player:0r130c/r2014f:8hQc,6cAd|/3s9hTh:230,-230(230.000000)
642:Player,BR:0cc/cr435r1075r1075r17315f:8hJd,2cTd|/3s8dJc:2685,-2685(2685.000000)
643:BR,Player:0r130c/r1001r2472f:3sAh,8cKs|/7c9cTh:-1231,1231(-1231.000000)
644:Player,BR:0cc/cr876f:2h5c,4cAh|/7h8dJc:-100,100(-100.000000)
645:BR,Player:0r130c/r285c/cr175c/cc:8dKh,4hJs|/JdQdKs/2c/7d:690,-690(690.000000)
646:Player,BR:0cr200c/cr427c/cc/cc:4d8c,2sKs|/8dQsAc/6c/2h:727,-727(330.905868)
647:BR,Player:0r130c/r1751f:JdQd,2sAc|/3d8dQc:230,-230(230.000000)
648:Player,BR:0cc/cr435c/r305c/r1092c:7hJc,8sAd|/3s4hJd/8c/8h:-1932,1932(-1782.886531)
649:BR,Player:0r130c/r2014f:8sQh,5hAd|/3h3d9c:230,-230(230.000000)
650:Player,BR:0cc/cr761f:3c9h,6sAh|/3sQhAs:-100,100(-100.000000)
651:BR,Player:0r130c/r1001f:2c4s,JhKd|/6h7sQc:230,-230(230.000000)
652:Player,BR:0cr200c/cr1306f:4s4c,JhKs|/2h5s7s:-300,300(-300.000000)
653:BR,Player:0r130c/r4051f:8sJs,6s6c|/QsKsAd:230,-230(230.000000)
654:Player,BR:0cc/cr876f:3hKh,8cAc|/9sTsJc:-100,100(-100.000000)
655:BR,Player:0r130c/r2014f:2c9c,6dJs|/3c5dKc:230,-230(230.000000)
656:Player,BR:0cc/r130r130c/cc/r330f:5h6c,8cQs|/7h7d8s/4h/Jd:360,-360(360.000000)
657:BR,Player:0r130c/r2014c/cr4633f:6dTc,TdAh|/3s3dJh/8h:-2244,2244(-2244.000000)
658:Player,BR:0cr200c/r390r3004f:2hJs,9cJd|/6c7dJh:-690,690(-690.000000)
659:BR,Player:0r130c/r1001f:5dJs,4dKh|/9hQcAh:230,-230(230.000000)
660:Player,BR:0cr300c/cr1741f:9sAh,5sJd|/3dQhQd:-400,400(-400.000000)
661:BR,Player:0r130c/r327f:9hKs,5s6h|/6sJhJd:230,-230(230.000000)
662:Player,BR:0cr300c/cr1741f:QhAd,7d9c|/4h6sKc:-400,400(-400.000000)
663:BR,Player:0cc/cr130r4051f:5dKc,5cTh|/2d3h7s:230,-230(230.000000)
664:Player,BR:0cr200c/cr371r1729r3416f:QcAs,9sQh|/6d9cJc:-2400,2400(-2400.000000)
665:BR,Player:0r130c/r2014c/cr2241f:2sKh,QhQc|/7dTsJc/Ac:-2244,2244(-2244.000000)
666:Player,BR:0cc/cr435f:9dQc,5s6h|/2s3cKs:-100,100(-100.000000)
667:BR,Player:0r200c/r427c/cc/cc:QdKd,2hAs|/3hJhJc/9h/4s:-727,727(-502.944179)
668:Player,BR:0cr200c/cr1306f:TdAc,JdKh|/3s7dQc:-300,300(-300.000000)
669:BR,Player:0r200c/r1306c/cr1544c/cr4095c:5h8s,4d5s|/3c6c9s/Qc/8c:7245,-7245(-2992.741140)
670:Player,BR:0cc/cr435f:4c5s,4s8h|/7h9cAd:-100,100(-100.000000)
671:BR,Player:0cc/r1761f:TdQs,3dTc|/4h9hKs:100,-100(100.000000)
672:Player,BR:0cr200c/cr1306c/r914f:5s5h,2s4s|/9hThQh/7s:1606,-1606(1606.000000)
673:BR,Player:0r130c/r142c/cc/cr421c:8s9d,8dQh|/9hQdAs/5h/7h:-793,793(-276.737253)
674:Player,BR:0cc/cr761f:6s9c,TdAc|/3dKdAs:-100,100(-100.000000)
675:BR,Player:0r130c/r2014f:3cKd,3h5d|/2h5sAh:230,-230(230.000000)
676:Player,BR:0cr300c/cr1741f:JhAd,6dTc|/4h7hKs:-400,400(-400.000000)
677:BR,Player:0r130c/r1001f:2h9d,5s8c|/JcKdAh:230,-230(230.000000)
678:Player,BR:0cr600c/cr5330c/r100c/cc:9hAh,4dQd|/7dQhAd/8d/Qs:-6130,6130(-5603.739592)
679:BR,Player:0r130c/r285f:7dJd,5dKc|/4h7hQd:230,-230(230.000000)
680:Player,BR:0cc/cr435f:2s5h,9hJs|/5cQsAc:-100,100(-100.000000)
681:BR,Player:0r130c/r1001f:2h8s,2s9s|/TcJcAh:230,-230(230.000000)
682:Player,BR:0cr300c/r520r2290f:9hAs,4dKd|/6sJdAc:-920,920(-920.000000)
683:BR,Player:0r130c/r1001f:2cKh,7hAc|/2h4c5h:230,-230(230.000000)
684:Player,BR:0cc/cr876f:3sKh,2cJc|/4s4c6h:-100,100(-100.000000)
685:BR,Player:0cc/r124c/cc/cr376c:4c6s,4d9c|/6d9hAh/Ad/3s:-600,600(7.976581)
686:Player,BR:0cc/cr761f:5dTs,7c9d|/6h7s9c:-100,100(-100.000000)
687:BR,Player:0r130c/r2014f:3s4c,5dAc|/9sQhKc:230,-230(230.000000)
688:Player,BR:0cr200c/cr2627f:2h2d,9cAh|/4c8sKc:-300,300(-300.000000)
689:BR,Player:0cc/r435f:2c5h,8d9s|/3s7sKh:100,-100(100.000000)
690:Player,BR:0cc/cr435c/r305c/cc:2s3h,2hQh|/2c4sAd/6h/Jc:-840,840(599.646676)
691:BR,Player:0r130c/r1001f:2s5s,4c7d|/4s5dAc:230,-230(230.000000)
692:Player,BR:0cc/cr876f:4s6d,3d9c|/4h5h5d:-100,100(-100.000000)
693:BR,Player:0r130c/r498c/cc/cc:6h6d,7s7d|/4s5c9s/Tc/4h:-728,728(584.189618)
694:Player,BR:0cr200c/r390r982c/r812c/cc:3h3c,2cKd|/3dTdQd/Kc/2s:2484,-2484(-165.075954)
695:BR,Player:0r130c/r1001f:9sJd,3s5c|/8dQdAs:230,-230(230.000000)
696:Player,BR:0cc/cr876f:5cJs,4s7h|/3c5d8d:-100,100(-100.000000)
697:BR,Player:0r300c/r19600f:KsAc,6d8s|/2h2dKc:400,-400(400.000000)
698:Player,BR:0cr300c/cr1514f:QhKs,8cJc|/2d7hJd:-400,400(-400.000000)
699:BR,Player:0r130c/r2014c/cr4633c/cc:JcKc,JhQs|/3h9dQd/Ts/As:6877,-6877(6877.000000)
700:Player,BR:0cc/cr3080f:3s9h,6d9d|/8hQsAs:-100,100(-100.000000)
701:BR,Player:0r130c/r2014f:3c5s,7s7d|/3d8sAs:230,-230(230.000000)
702:Player,BR:0cc/cr876f:3hQc,JdAs|/3s7d9s:-100,100(-100.000000)
703:BR,Player:0r130c/r2014f:2d7d,QsKh|/4d5cQc:230,-230(230.000000)
704:Player,BR:0cc/cr876f:4sKd,6hKc|/5s7s7c:-100,100(-100.000000)
705:BR,Player:0r130c/r2014f:KdAs,3dJc|/7hJdQh:230,-230(230.000000)
706:Player,BR:0cc/cr435f:5s8h,7hAd|/2c4hJc:-100,100(-100.000000)
707:BR,Player:0cc/r435f:QsAh,6s9d|/6d8dJs:100,-100(100.000000)
708:Player,BR:0cc/cr761c/r100c/cc:5sJh,TcKc|/9d9cQc/Ac/3s:-961,961(-874.949381)
709:BR,Player:0r130c/r163c/cr297c/cr4140f:2hKh,5sJd|/TsAsAd/8h/Qs:-690,690(-690.000000)
710:Player,BR:0cr300c/cr1741c/r1219f:TcQs,4dTh|/6cKcAd/7h:2141,-2141(2141.000000)
711:BR,Player:0r130c/r1751f:6cJh,5h7d|/6dJcKh:230,-230(230.000000)
712:Player,BR:0cc/cr876f:3hQd,3d9d|/7sJdKd:-100,100(-100.000000)
713:BR,Player:0cc/r435f:3c4d,7dKh|/9sQsAc:100,-100(100.000000)
714:Player,BR:0cc/cr876f:6hJd,8hAs|/6c9cTs:-100,100(-100.000000)
715:BR,Player:0r130c/r2014f:4sAh,4dTs|/2h7d8h:230,-230(230.000000)
716:Player,BR:0cr600c/cr996c/r1454f:5hAd,JhQs|/2h2c4c/6h:1696,-1696(1696.000000)
717:BR,Player:0r200c/r1306f:JcQc,4hJd|/6c9hTh:300,-300(300.000000)
718:Player,BR:0cr600c/cr6130f:4h4d,3s6d|/5d8sKh:-700,700(-700.000000)
719:BR,Player:0r130c/r1001f:9cJd,3cAd|/QsQcKc:230,-230(230.000000)
720:Player,BR:0cc/cr876f:4c9s,3cJd|/6d8cQc:-100,100(-100.000000)
721:BR,Player:0r200c/r1306c/cr1544f:2cJs,8h8c|/3hJhKh/As:-1606,1606(-1606.000000)
722:Player,BR:0cr200c/cr2284r2284r2284r12848f:2s2c,JsAd|/2dKcAh:7152,-7152(7152.000000)
723:BR,Player:0r130c/r4051r15719f:9sTs,8dQs|/4c8sQh:-4281,4281(-4281.000000)
724:Player,BR:0cc/cr435f:7sTd,8s9h|/JcQcKc:-100,100(-100.000000)
725:BR,Player:0r200c/r14055f:9dTh,4sJh|/2sTsTd:300,-300(300.000000)
726:Player,BR:0cc/cr435f:5hKs,3c7s|/8cThAc:-100,100(-100.000000)
727:BR,Player:0f:4hAc,2s9h|:50,-50(50.000000)
728:Player,BR:0cc/cr876f:3s4d,2s7c|/4c7dTh:-100,100(-100.000000)
729:BR,Player:0r130c/r2014r6726f:4c9s,5s5h|/2c5cQh:-2244,2244(-2244.000000)
730:Player,BR:0cr200c/cr2627c/cc/cc:7cKs,4sKc|/7hJsQc/9h/5c:2927,-2927(2927.000000)
731:BR,Player:0f:4dTs,2d5s|:50,-50(50.000000)
732:Player,BR:0cc/cr876f:5dJc,2dQh|/5c7hAc:-100,100(-100.000000)
733:BR,Player:0r130c/r2014c/cr2241f:8cJc,3d4c|/4dTcKh/4h:-2244,2244(-2244.000000)
734:Player,BR:0cr300c/cr1741c/r2059f:TcAs,4d6s|/4hJsQc/Ah:2141,-2141(2141.000000)
735:BR,Player:0r130c/r2014f:7sTd,7d8h|/4dKcAs:230,-230(230.000000)
736:Player,BR:0cc/cr876f:ThQd,3cJd|/7c8cAc:-100,100(-100.000000)
737:BR,Player:0cc/r124f:2hKs,7s9d|/4cKhAs:100,-100(100.000000)
738:Player,BR:0cr300c/r1200r2277f:QsKs,4h9s|/7c9hTh:-1600,1600(-1600.000000)
739:BR,Player:0r130c/r2014f:9hQh,QdAs|/4cTsJc:230,-230(230.000000)
740:Player,BR:0cc/cr876f:3cJd,8cQs|/3dTdKd:-100,100(-100.000000)
741:BR,Player:0r200c/r1136f:5dKs,4dAh|/8d9cKh:300,-300(300.000000)
742:Player,BR:0cr300c/r520r520f:8cTc,5s7c|/2sJhQs:-920,920(-920.000000)
743:BR,Player:0f:9sQs,2cJs|:50,-50(50.000000)
744:Player,BR:0cc/cr876f:9dJh,6hTd|/3c5cKc:-100,100(-100.000000)
745:BR,Player:0cc/r435f:6cAd,4cJc|/3h9hJh:100,-100(100.000000)
746:Player,BR:0cr300c/r800r800f:5d8c,3c6c|/4sQsKc:-1200,1200(-1200.000000)
747:BR,Player:0r200c/r2627f:9cTc,8cJs|/9hJdAh:300,-300(300.000000)
748:Player,BR:0cr200c/cr1306c/r914c/cc:JhQs,7dKh|/4s8dQh/Ad/Jc:2520,-2520(2520.000000)
749:BR,Player:0r130c/r1001f:4cTh,5hKs|/3d8h9c:230,-230(230.000000)
750:Player,BR:0cc/cr876f:2hAc,5c6h|/2s4d7s:-100,100(-100.000000)
751:BR,Player:0cc/r435f:TcQh,2cJh|/7s9h9c:100,-100(100.000000)
752:Player,BR:0cr200c/cr1306c/cc/r1544f:6dQd,9dAs|/8dJdKd/5s/7h:1606,-1606(1606.000000)
753:BR,Player:0r200c/r1306f:2cKs,4c7s|/3s4hQs:300,-300(300.000000)
754:Player,BR:0cr130c/cr19770c/cc/cc:QhQc,3hJc|/3c7cJh/Ac/7s:20000,-20000(13093.398009)
755:BR,Player:0r130c/r285c/cc/cc:QsQd,5hJd|/5s7hAs/3d/2h:515,-515(374.703082)
756:Player,BR:0cc/cr3080f:2hKh,4c5c|/7dJcAh:-100,100(-100.000000)
757:BR,Player:0f:5d7h,4h9s|:50,-50(50.000000)
758:Player,BR:0cc/cr124c/cc/cc:3c7c,5dAc|/2d2c3s/Qc/6d:224,-224(21.857132)
759:BR,Player:0r200c/r1136c/cc/cc:2hAh,KhKc|/8c9hAc/4h/7s:1436,-1436(1134.745623)
760:Player,BR:0cc/cr1761f:3c4s,7h8c|/3sThJc:-100,100(-100.000000)
761:BR,Player:0r130c/r285c/cr543c/cr1375c:5d7h,3d7d|/2d5sJh/Kh/8s:2433,-2433(-555.489252)
762:Player,BR:0cc/cr876f:2d5c,6sTs|/2sQdAh:-100,100(-100.000000)
763:BR,Player:0r130c/r285f:6s6d,5c8s|/3c7dQh:230,-230(230.000000)
764:Player,BR:0cc/cr876f:4dTh,2sKh|/5c6d7d:-100,100(-100.000000)
765:BR,Player:0f:5h6d,2c7s|:50,-50(50.000000)
766:Player,BR:0cr130c/cr327c/cc/r1513f:5dKd,7h8h|/5hJdKs/3d/2s:557,-557(557.000000)
767:BR,Player:0r130c/r1001f:JsQh,5s6s|/8s8cTh:230,-230(230.000000)
768:Player,BR:0cc/cr379c/cc/r721f:3s6d,7s7d|/4s5hQs/8h/5c:479,-479(479.000000)
769:BR,Player:0r130c/r2014c/cc/cr4633f:3h8h,6h9h|/4s5h7h/Ac/5c:-2244,2244(-2244.000000)
770:Player,BR:0cc/cr876f:2dQh,6h8d|/4c9hKh:-100,100(-100.000000)
771:BR,Player:0r130c/r2014f:5c7h,5d7d|/6dAsAc:230,-230(230.000000)
772:Player,BR:0cc/cr761f:5dJc,6d8s|/5h6h7c:-100,100(-100.000000)
773:BR,Player:0cc/r435f:3sJs,5hJc|/7d9dKc:100,-100(100.000000)
774:Player,BR:0cc/cr19900f:5h7s,7cTs|/8h9sJs:-100,100(-100.000000)
775:BR,Player:0cc/r435f:8hKs,5hAs|/5c6d7s:100,-100(100.000000)
776:Player,BR:0cc/cr876f:2h7c,KcAc|/3c9sTh:-100,100(-100.000000)
777:BR,Player:0r130c/r2014f:4cKh,9dAc|/2h8sAs:230,-230(230.000000)
778:Player,BR:0cr300c/cr1741c/r1219c/r672f:JhJd,3d4d|/2h7s7d/4s/Qc:3360,-3360(3360.000000)
779:BR,Player:0r200c/r100c/cc/cc:8cTh,4h4d|/6dKsAh/Qc/8d:400,-400(47.710533)
780:Player,BR:0cc/cr216f:8dKc,6cJd|/TsJhAs:-100,100(-100.000000)
781:BR,Player:0r130c/r2014f:2h3c,5cTc|/6c9sTd:230,-230(230.000000)
782:Player,BR:0cc/cr435f:3s9h,5cJc|/7sQsKh:-100,100(-100.000000)
783:BR,Player:0f:3cJc,2dJs|:50,-50(50.000000)
784:Player,BR:0cc/cr876f:5cTd,3d7d|/6h9cTs:-100,100(-100.000000)
785:BR,Player:0r200c/r1306f:8hTs,JhAs|/2h4s7s:300,-300(300.000000)
786:Player,BR:0cr300c/cr3503f:7s8s,4d9s|/7dQsQc:-400,400(-400.000000)
787:BR,Player:0cc/r435c/cr515c/cr3150c:2cAh,8dKh|/9hJsQc/5s/Jc:4200,-4200(3960.091066)
788:Player,BR:0cc/cr1761f:3sQh,6h8c|/7s9s9c:-100,100(-100.000000)
789:BR,Player:0f:3h7c,2c9s|:50,-50(50.000000)
790:Player,BR:0cc/cr3080f:7cJd,4d8h|/5h9dTd:-100,100(-100.000000)
791:BR,Player:0r200c/r427c/cc/cc:QcAc,JsAh|/5h6s6c/Kd/Kh:0,-0(-31.746079)
792:Player,BR:0cc/cr876f:3s8d,QhKc|/5s7h9h:-100,100(-100.000000)
793:BR,Player:0r130c/r285c/cc/cc:3c9s,2h6h|/2c9dQh/Js/Kd:515,-515(-168.872535)
794:Player,BR:0cr200c/cr1306c/cc/r1544f:QdAh,2c4c|/4dTsAc/9c/3s:1606,-1606(1606.000000)
795:BR,Player:0r200c/r2627f:TcJh,2s9s|/5cKsAd:300,-300(300.000000)
796:Player,BR:0cc/cr435f:3d5c,7hTd|/2hQhQd:-100,100(-100.000000)
797:BR,Player:0f:6dKc,3d9h|:50,-50(50.000000)
798:Player,BR:0cc/cr142f:2cAd,5c9s|/QhQdKh:-100,100(-100.000000)
799:BR,Player:0r130c/r1001f:2c8h,3sAs|/6c8dTc:230,-230(230.000000)
800:Player,BR:0cr300c/r520r2290f:7dJh,2sQc|/4c6dQd:-920,920(-920.000000)
801:BR,Player:0r200c/r2627f:6hTc,4hTd|/4dQhAd:300,-300(300.000000)
802:Player,BR:0cr130c/r299r753f:7dAc,4cQd|/8sJhAh:-529,529(-529.000000)
803:BR,Player:0cc/r2679f:2cAd,2dJs|/TcKhAc:100,-100(100.000000)
804:Player,BR:0cc/cr249f:2s7s,3d9h|/ThTcQd:-100,100(-100.000000)
805:BR,Player:0r130c/r2014f:4hAs,7dQs|/2d6dJh:230,-230(230.000000)
806:Player,BR:0cr200c/cr1306f:7d9d,JhQd|/6h6dTc:-300,300(-300.000000)
807:BR,Player:0r130c/r2014f:2dTh,3cKh|/6c7cQs:230,-230(230.000000)
808:Player,BR:0cr600c/r910r4008f:2h4d,JdKs|/3c5hTh:-1610,1610(-1610.000000)
809:BR,Player:0r130c/r327r1030r1030c/cr4683f:6cKd,2h5h|/3h4dAh/Tc:-2617,2617(-2617.000000)
810:Player,BR:0cc/cr1761f:2h9d,3h9c|/5h7dJh:-100,100(-100.000000)
811:BR,Player:0r130c/r1001f:3hJh,9cAs|/3c4c6s:230,-230(230.000000)
812:Player,BR:0cr300c/r520r520f:3s4s,KsAd|/2d8s8c:-920,920(-920.000000)
813:BR,Player:0r200c/r2627f:4sQh,7dJs|/3s6s8h:300,-300(300.000000)
814:Player,BR:0cr300c/cr16295f:7s7d,AsAc|/5c8dJd:-400,400(-400.000000)
815:BR,Player:0r130c/r163f:3cAh,3sAc|/8d8c9d:230,-230(230.000000)
816:Player,BR:0cc/cr1761f:3h6h,5s8s|/4d7dJd:-100,100(-100.000000)
817:BR,Player:0r130c/r3522f:9hAh,6dQc|/3hQhKc:230,-230(230.000000)
818:Player,BR:0cr300c/cr1514c/r486c/r1200c:JsAd,9dJd|/3s3dJc/8h/4c:3600,-3600(497.028587)
819:BR,Player:0r130c/r1001c/cr1184f:5s6d,3c5h|/4sQsQc/Tc:-1231,1231(-1231.000000)
820:Player,BR:0cr300c/cr1741f:3s3h,5h8s|/4c7sAh:-400,400(-400.000000)
821:BR,Player:0r130c/r1001f:3hAs,7s9d|/2cQcAc:230,-230(230.000000)
822:Player,BR:0cc/cr1532f:3d4c,6d7d|/6sKdAd:-100,100(-100.000000)
823:BR,Player:0r130c/r1001f:KsAs,3hQs|/3c7h9c:230,-230(230.000000)
824:Player,BR:0cc/cr876f:7sJs,4sTd|/4c6dQd:-100,100(-100.000000)
825:BR,Player:0r130c/r1001f:JsKd,JhAd|/3h5d9h:230,-230(230.000000)
826:Player,BR:0cc/cr1761f:5s6c,7c9h|/2s4cJs:-100,100(-100.000000)
827:BR,Player:0r300c/r495f:TdAh,9hJc|/4h7hAd:400,-400(400.000000)
828:Player,BR:0cr300c/r520r520c/r768c/cc:6dQd,2hKd|/6s9dQc/Qs/Tc:2208,-2208(2208.000000)
829:BR,Player:0r130c/r2014f:6h9c,3h5c|/4cKsAd:230,-230(230.000000)
830:Player,BR:0cc/cr19900f:5cTd,KsKc|/3c5sKd:-100,100(-100.000000)
831:BR,Player:0r130c/r2014f:5dJd,9sTs|/4s6cQh:230,-230(230.000000)
832:Player,BR:0cc/cr435f:3sTc,8hKh|/2d7s7c:-100,100(-100.000000)
833:BR,Player:0r130c/r2014f:6h7h,JdKh|/3s9sAc:230,-230(230.000000)
834:Player,BR:0cr300c/cr16295f:6h9h,8sKs|/3s6s7s:-400,400(-400.000000)
835:BR,Player:0r200c/r1306f:9dTh,KdAh|/2c8sAc:300,-300(300.000000)
836:Player,BR:0cr200c/r390r982r3089f:8d8c,6d8h|/5d8sKs:1672,-1672(1672.000000)
837:BR,Player:0r130c/r1001f:6sJs,4d9d|/3h5d5c:230,-230(230.000000)
838:Player,BR:0cc/cr435f:5d8s,7sKh|/2h6sAd:-100,100(-100.000000)
839:BR,Player:0r130c/r2014f:8sJh,4dKc|/3s3c9d:230,-230(230.000000)
840:Player,BR:0cr130c/cr1751f:7dKh,5dAd|/9cJhAc:-230,230(-230.000000)
841:BR,Player:0r130c/r2014f:5s7h,7s9s|/4sThAc:230,-230(230.000000)
842:Player,BR:0cr600c/cr3047r16253f:QhAh,6sKc|/2h5c9h:3747,-3747(3747.000000)
843:BR,Player:0f:QcKs,2s5h|:50,-50(50.000000)
844:Player,BR:0cc/cr876c/r974f:7dKs,2dTd|/7sJdKd/5s:976,-976(976.000000)
845:BR,Player:0r130c/r1001r3599f:4h7h,5hQh|/JdQdQc:-1231,1231(-1231.000000)
846:Player,BR:0cc/cr124f:5sTc,QhQc|/3s7sKd:-100,100(-100.000000)
847:BR,Player:0f:3d9d,2h5d|:50,-50(50.000000)
848:Player,BR:0cr300c/r520r1309c/cc/cc:JsAc,3h3c|/5dJdAs/5s/Kc:2229,-2229(2229.000000)
849:BR,Player:0r130c/r1001f:4c6c,8dJs|/3s4dQs:230,-230(230.000000)
850:Player,BR:0cc/cr1532c/r100c/r1193c:3h5c,8dAc|/4c6hAd/Kd/4d:-2925,2925(-1239.511977)
851:BR,Player:0cc/r142f:2c5d,4d8c|/6s9hTd:100,-100(100.000000)
852:Player,BR:0cc/cr1761f:8cQh,3cQd|/4hJsJd:-100,100(-100.000000)
853:BR,Player:0r200c/r2627f:2h7d,8sKh|/6hJdAs:300,-300(300.000000)
854:Player,BR:0cc/cr876f:2c7c,6dTs|/4hQsKc:-100,100(-100.000000)
855:BR,Player:0r130c/r573f:TdJc,3hTh|/8hQcAc:230,-230(230.000000)
856:Player,BR:0cc/cr876f:2c8h,2sKh|/7c8d9h:-100,100(-100.000000)
857:BR,Player:0cc/r876f:3h6c,9dQc|/TcJsAs:100,-100(100.000000)
858:Player,BR:0cc/cr124c/r100c/cc:7dTh,9dTs|/4hTdQs/7s/8c:324,-324(-216.480204)
859:BR,Player:0cc/r761c/cr189c/cr1365c:4hAd,3cJs|/7hJdAs/2s/Ah:2415,-2415(2230.207247)
860:Player,BR:0cc/cr876f:3cTh,8sJh|/7s9sAs:-100,100(-100.000000)
861:BR,Player:0f:4hQc,3dTh|:50,-50(50.000000)
862:Player,BR:0cr130c/cr1001f:4h4d,7cJh|/6sAsAh:-230,230(-230.000000)
863:BR,Player:0r130c/r1001f:6hQh,9sAh|/3d3cTh:230,-230(230.000000)
864:Player,BR:0cc/cr1761f:8sQh,2c6h|/2h3c7h:-100,100(-100.000000)
865:BR,Player:0r130c/r285c/cr175c/cr2070c:JhQd,9cKc|/6hQhAc/Th/7c:2760,-2760(-378.089083)
866:Player,BR:0cr130c/cr1001f:QcKc,3sQs|/4sJdJc:-230,230(-230.000000)
867:BR,Player:0r130c/r2014c/cc/cr4633f:9cKh,3d6d|/4d5sTs/8d/Jd:-2244,2244(-2244.000000)
868:Player,BR:0cr300c/r520r520c/cc/cc:8s8c,6c9h|/6dAdAc/9d/Ks:-1440,1440(-405.583909)
869:BR,Player:0f:3hKd,2d5s|:50,-50(50.000000)
870:Player,BR:0cc/cr435f:6c7d,3cJd|/4s9sTc:-100,100(-100.000000)
871:BR,Player:0r130c/r327c/cc/cr1513f:3sAd,7s7h|/5s5h6c/4s/8c:-557,557(-557.000000)
872:Player,BR:0cc/cr1761f:6sAd,7c8h|/5dKsKh:-100,100(-100.000000)
873:BR,Player:0r200c/r1136c/cc/cc:3hTs,QhAd|/3s3cKs/Qs/7c:1436,-1436(1436.000000)
874:Player,BR:0cc/cr876f:2sAd,6cTc|/8s8hQd:-100,100(-100.000000)
875:BR,Player:0r130c/r285c/cr543c/cr3174f:2sTd,3s3h|/2h4d9c/3d/4h:-1058,1058(-1058.000000)
876:Player,BR:0cr600c/cr866f:4s7s,7cQc|/2sTcQh:-700,700(-700.000000)
877:BR,Player:0r130c/r327f:4h8h,2d3d|/ThJsJd:230,-230(230.000000)
878:Player,BR:0cr600c/cr6130r13170f:KdAd,5dJc|/4c8dKh:6830,-6830(6830.000000)
879:BR,Player:0cc/r3080f:6hTs,4cQc|/3s9hQs:100,-100(100.000000)
880:Player,BR:0cr600c/cr3047f:2d8d,JhQh|/5h6h7c:-700,700(-700.000000)
881:BR,Player:0r130c/r2014f:2cAc,6cJd|/3dTdQh:230,-230(230.000000)
882:Player,BR:0cr600c/r910c/cc/r322c:2cQc,5hKc|/3hJhKh/Ah/8h:-1932,1932(-1932.000000)
883:BR,Player:0r130c/r2014c/cc/cc:3c5c,3d9d|/5dJdQs/3s/9s:-2244,2244(1831.052230)
884:Player,BR:0cr200c/r390r2612c/r100c/r572c:8cAc,9sKc|/9cKsAd/Kd/4c:-3974,3974(-2535.200713)
885:BR,Player:0r200c/r1136c/cr364c/cr10800c:JhJd,7s9c|/8sThQd/2h/Ad:12600,-12600(10986.320425)
886:Player,BR:0cr300c/cr1741f:3d5d,8sKh|/7s9h9d:-400,400(-400.000000)
887:BR,Player:0r130c/r871c/cc/cc:TsTh,5h5d|/3s3d9h/Tc/Kc:1101,-1101(1101.000000)
888:Player,BR:0cc/cr435c/r515f:5d9s,3sJc|/5h5c7d/Ad:535,-535(535.000000)
889:BR,Player:0f:5dAc,4s9d|:50,-50(50.000000)
890:Player,BR:0cc/cr379f:4hQs,6sAs|/6hJsJh:-100,100(-100.000000)
891:BR,Player:0cc/r876f:4h5c,3cJc|/7s7dAs:100,-100(100.000000)
892:Player,BR:0cc/cr1761f:3cTh,3h9s|/5d7sAh:-100,100(-100.000000)
893:BR,Player:0r200c/r2627f:2h4s,5d7c|/6dJhJd:300,-300(300.000000)
894:Player,BR:0cc/cr1761f:5s8d,6s8s|/7c9s9d:-100,100(-100.000000)
895:BR,Player:0f:JhQs,2c4s|:50,-50(50.000000)
896:Player,BR:0cc/cr216r374r18483f:TdAh,3hQh|/2d3dTs:-690,690(-690.000000)
897:BR,Player:0cc/r8194f:8hAh,8dAs|/2h7s9h:100,-100(100.000000)
898:Player,BR:0cr600c/r1400r1400f:9hTc,3s5d|/2h4hJs:-2100,2100(-2100.000000)
899:BR,Player:0cc/r19900f:9h9d,TcJh|/4s6c9c:100,-100(100.000000)
900:Player,BR:0cc/cr3080f:6cTh,2dQc|/3d5d7s:-100,100(-100.000000)
901:BR,Player:0r130c/r2014f:4cTd,8dJd|/7d8hAh:230,-230(230.000000)
902:Player,BR:0cc/cr1761f:6hKd,8hAd|/5s7sJd:-100,100(-100.000000)
903:BR,Player:0r130c/r1001f:5h8h,8c9d|/6s6cKh:230,-230(230.000000)
904:Player,BR:0cc/cr1761f:5c7d,3h4c|/2d2c5d:-100,100(-100.000000)
905:BR,Player:0cc/r3080f:7sQc,3dQs|/3s8dAs:100,-100(100.000000)
906:Player,BR:0cr200c/cr1306f:5d9c,2s4s|/8dJdQd:-300,300(-300.000000)
907:BR,Player:0cc/r100c/cr400f:JsKd,ThAd|/5s9hAh/Qd:-200,200(-200.000000)
908:Player,BR:0cc/cr876f:4hQs,2cJc|/2d7s8d:-100,100(-100.000000)
909:BR,Player:0r130c/r285c/cc/cc:9dJd,5hAc|/JcQhQc/Qd/8s:515,-515(515.000000)
910:Player,BR:0cc/cr216f:6hKs,7h9d|/2c9cAd:-100,100(-100.000000)
911:BR,Player:0r130c/r285c/cc/cc:5h6h,9cAs|/6cQhQc/Js/5d:515,-515(417.854883)
912:Player,BR:0cc/cr876f:5dKs,3hJd|/2s5hAh:-100,100(-100.000000)
913:BR,Player:0r130c/r2014f:3sKh,2sJc|/5c7d8s:230,-230(230.000000)
914:Player,BR:0cc/cr19900f:4s7d,3d8d|/2s3c8c:-100,100(-100.000000)
915:BR,Player:0r130c/r285r865r6008f:2h5d,9hKh|/2d3cJs:1380,-1380(1380.000000)
916:Player,BR:0cc/cr379f:2c7c,8s8d|/3h5c6d:-100,100(-100.000000)
917:BR,Player:0r130c/r285c/cc/cr543c:5cQs,KcAc|/7hTdQh/3h/9d:1058,-1058(311.907862)
918:Player,BR:0cc/cr124f:5h8d,2cAs|/QhKsKc:-100,100(-100.000000)
919:BR,Player:0r130c/r1001f:4hJc,JhKh|/2c8s9h:230,-230(230.000000)
920:Player,BR:0cc/cr876f:5sTs,8sTh|/2h4c5d:-100,100(-100.000000)
921:BR,Player:0r130c/r2014f:5d6d,3sJc|/5s7s9c:230,-230(230.000000)
922:Player,BR:0cc/cr216c/cc/cc:4dAs,ThJd|/6hJsQd/3s/5s:-316,316(-132.435071)
923:BR,Player:0r130c/cc/cc/cc:3cKs,3hAh|/2d4d7h/6c/8h:-230,230(-230.000000)
924:Player,BR:0cc/cr3080f:3c9c,3sJs|/6sAsAh:-100,100(-100.000000)
925:BR,Player:0r130c/r1001f:6sKs,8cKd|/2d7c9h:230,-230(230.000000)
926:Player,BR:0cc/cr124f:7d9h,5s9s|/4d5dQc:-100,100(-100.000000)
927:BR,Player:0r200c/r212r838r3360c/cr3390c/cr11900c:QsAh,TsKs|/2s5hTc/Kd/7d:-20000,20000(14453.835860)
928:Player,BR:0cc/cr124c/cc/cc:3sKh,TsAc|/5h5cJs/4h/5d:-224,224(-149.185627)
929:BR,Player:0r200c/r2627f:9d9c,5d8c|/2cJhAh:300,-300(300.000000)
930:Player,BR:0cc/cr1761f:4dJc,3cJh|/6d8sQc:-100,100(-100.000000)
931:BR,Player:0r200c/r2627r8773f:3dTh,QhQc|/5c8hJh:-2927,2927(-2927.000000)
932:Player,BR:0cc/cr876f:4d9d,7c9c|/2h4h6c:-100,100(-100.000000)
933:BR,Player:0r130c/r1751f:9hAh,TdJc|/2c3c9d:230,-230(230.000000)
934:Player,BR:0cc/cr435f:4hKd,4dTd|/6c8dJs:-100,100(-100.000000)
935:BR,Player:0f:2d6s,3h7s|:50,-50(50.000000)
936:Player,BR:0cc/cr3080f:6cTd,4h7c|/2c9sJc:-100,100(-100.000000)
937:BR,Player:0cc/r876f:2d6s,6d9d|/QdKdAc:100,-100(100.000000)
938:Player,BR:0cc/cr435f:3hJc,2s3c|/9dTsJd:-100,100(-100.000000)
939:BR,Player:0f:4c7s,2sTc|:50,-50(50.000000)
940:Player,BR:0cr300c/cr1741f:7sAc,5s8c|/7dTsQd:-400,400(-400.000000)
941:BR,Player:0r130c/r1001f:4sQs,5sJh|/6sJsJc:230,-230(230.000000)
942:Player,BR:0cr200c/cr2627f:4d8c,7sTh|/7cJdQd:-300,300(-300.000000)
943:BR,Player:0cc/r1761f:3h9d,4c5s|/9sTsAd:100,-100(100.000000)
944:Player,BR:0cc/cr124f:2cJd,7d9c|/5c9dQs:-100,100(-100.000000)
945:BR,Player:0r130c/r163f:7cJh,4cQs|/9hKdAd:230,-230(230.000000)
946:Player,BR:0cc/cr876f:2dKc,5dKd|/4s7cQh:-100,100(-100.000000)
947:BR,Player:0r300c/r1741f:JcQs,JhAs|/2c8dKd:400,-400(400.000000)
948:Player,BR:0cc/cr876c/r584f:8sKh,5h9d|/8dQhKs/3c:976,-976(976.000000)
949:BR,Player:0r200c/r19700f:6h6d,5sQh|/4s5d6s:300,-300(300.000000)
950:Player,BR:0cr300c/cr3503f:5cQs,7cKh|/5d8cAd:-400,400(-400.000000)
951:BR,Player:0r200c/r2627f:3hAh,JcKh|/3d7d8s:300,-300(300.000000)
952:Player,BR:0cr200c/cr427f:8hAc,2h7c|/2d5h9s:-300,300(-300.000000)
953:BR,Player:0cc/cr130r1001f:8cTh,2dKh|/KdKcAs:230,-230(230.000000)
954:Player,BR:0cr300c/cr1741c/cc/cc:JhAd,6hAc|/7d8dQd/2h/7s:2141,-2141(2076.982709)
955:BR,Player:0r130c/r573f:2sTs,8cAd|/4h7sQd:230,-230(230.000000)
956:Player,BR:0cc/cr379c/cc/r121c:7sAh,5hJh|/2d7dJc/Ad/5c:600,-600(-486.500513)
957:BR,Player:0r130c/r2014f:5cAc,4sTc|/4c8sKh:230,-230(230.000000)
958:Player,BR:0cc/cr435f:8dTc,8cJd|/3d4hQc:-100,100(-100.000000)
959:BR,Player:0cc/r435f:3h4c,2dQc|/2hJsKh:100,-100(100.000000)
960:Player,BR:0cr600c/cr3047f:4s5h,8sJs|/6sTcAh:-700,700(-700.000000)
961:BR,Player:0cc/r1761f:2hTh,3hAd|/8dKhAc:100,-100(100.000000)
962:Player,BR:0cc/cr876f:3s9c,5hTc|/2h9dAc:-100,100(-100.000000)
963:BR,Player:0r130c/r2014f:3d6d,4s5h|/3h5sQh:230,-230(230.000000)
964:Player,BR:0cc/cr761f:7cJd,9sQs|/4sQdQc:-100,100(-100.000000)
965:BR,Player:0cc/r876f:4c5s,3h4d|/8h9hKh:100,-100(100.000000)
966:Player,BR:0cr300c/r520r520c/cc/r1320f:KhKc,5dQh|/2h8dJc/Th/5h:1440,-1440(1440.000000)
967:BR,Player:0cc/r876c/cr974c/cr2535c:JhAh,4c9d|/3s6h7d/Ad/6s:4485,-4485(3579.678317)
968:Player,BR:0cr200c/cr1306f:6dTd,5cTh|/9cTsJh:-300,300(-300.000000)
969:BR,Player:0cc/r435c/cr515f:8sJh,3s5h|/4s9s9d/4d:-535,535(-535.000000)
970:Player,BR:0cc/cr761f:3cQs,TdJs|/2h3sJd:-100,100(-100.000000)
971:BR,Player:0r200c/r1136f:KhKc,3c4c|/6h7h9d:300,-300(300.000000)
972:Player,BR:0cr200c/cr371f:5hAs,5sTc|/3dTdJc:-300,300(-300.000000)
973:BR,Player:0r130c/r1001f:2h9c,4sKs|/8s8hTc:230,-230(230.000000)
974:Player,BR:0cr300c/cr1741f:5s9s,4hAs|/4d5h8d:-400,400(-400.000000)
975:BR,Player:0r130c/r1001f:3d9s,3h7h|/4c5d8s:230,-230(230.000000)
976:Player,BR:0cr200c/cr5284f:7dQs,8s9c|/6sQdAh:-300,300(-300.000000)
977:BR,Player:0r130c/r285f:7c9d,7dQh|/3h9sAd:230,-230(230.000000)
978:Player,BR:0cr300c/cr19600f:7s7c,2s9d|/2h8c9s:-400,400(-400.000000)
979:BR,Player:0r130c/r1001c/cr2472c/cr7406f:4dAd,7sKs|/4s8s9h/9s/Td:-3703,3703(-3703.000000)
980:Player,BR:0cc/cr435f:7dKc,6dTd|/3h8hAc:-100,100(-100.000000)
981:BR,Player:0r130c/r1001f:5hQs,7sQc|/2dTcJc:230,-230(230.000000)
982:Player,BR:0cc/cr876f:3sKc,ThJc|/2h5dQc:-100,100(-100.000000)
983:BR,Player:0r130c/r1751f:4sAd,5d7c|/4d9dAs:230,-230(230.000000)
984:Player,BR:0cc/cr100c/cc/cc:5dAs,3dAh|/7s8h8d/6h/Ks:0,-0(81.577435)
985:BR,Player:0f:TdKc,3c7s|:50,-50(50.000000)
986:Player,BR:0cr300c/cr7045f:9dAc,QdKd|/2d7cJd:-400,400(-400.000000)
987:BR,Player:0r130c/r1001c/cc/cr3599c:QdAh,7cTc|/3c7s8c/5h/2c:-4830,4830(879.046016)
988:Player,BR:0cc/cr216f:2s7d,9s9c|/2h4hQc:-100,100(-100.000000)
989:BR,Player:0cc/r876f:3hAh,5sQd|/4c6d9h:100,-100(100.000000)
990:Player,BR:0cr600c/r910r7009c/r11381f:KhAh,JcAc|/ThKdAs/7h:8619,-8619(8619.000000)
991:BR,Player:0cc/r3080f:3h4c,7cJh|/3d9sAh:100,-100(100.000000)
992:Player,BR:0cc/cr1761f:6h7c,6cTd|/2sJsKc:-100,100(-100.000000)
993:BR,Player:0r130c/r1751f:KsKd,8s9d|/2s4dQh:230,-230(230.000000)
994:Player,BR:0cc/cr876f:2d6s,6dQs|/5c8s9c:-100,100(-100.000000)
995:BR,Player:0f:6dKc,2hJc|:50,-50(50.000000)
996:Player,BR:0cc/cr876f:4hAd,3hQh|/2d8cJs:-100,100(-100.000000)
997:BR,Player:0r200c/r2284c/cr566c/cc:8sKs,5dJd|/5h9sKd/7c/Th:3150,-3150(1456.409258)
998:Player,BR:0cr300c/cr1741f:TsAd,6h8c|/4c7d9c:-400,400(-400.000000)
999:BR,Player:0f:KsKd,2d3h|:50,-50(50.000000)
1000:Player,BR:0cc/cr124c/cc/r376f:3c6s,KdKc|/4s4h7d/Ad/As:224,-224(224.000000)
RAW BR STATS: n=1000, sum=40570.000000, sum_sq=3874418990.000000, vr_sum=48558.192462, vr_sum_sq=2209583672.563569
BR STATS: 40.570000(121.973952), 48.558192(92.082998)
RESULTS
1)BR: 40570
2)Player: -40570
