In config file: GAME_DEF=game_def.fullholdem
In config file: ACTIONS_R0=C
In config file: ACTIONS_R1=C
In config file: ACTIONS_R2=F,C,1,A
In config file: ACTIONS_R3=F,C,1,A
Loading player: rgbr_nl_cprg.so
Player args: /home/viliam/cprg/project_uoapoker/trunk/src/c/meta_player.so /home/viliam/cprg/project_uoapoker/trunk/src/c/acpc14.map
Using seed 9.
1:BR,Player:0r200c/cc/r600c/r19100c:7dJc,8hJh|/3s3dJd/5d/4h:-20000,20000(-2555.672204)
2:Player,BR:0cr300c/cc/r800c/r240f:8dJd,3cTh|/7cTdJh/9h/Kc:1200,-1200(1200.000000)
3:BR,Player:0r130c/cr299c/r19471f:3s8h,9hQs|/3c6s6c/3d:529,-529(529.000000)
4:Player,BR:0cc/cc/cr200f:2s5h,JsKh|/6d8dAc/Kc:-100,100(-100.000000)
5:BR,Player:0r130c/cc/r460r897r3174c/cr15239f:3cAc,6h7s|/5cKhAd/8s/4c:-4761,4761(-4761.000000)
6:Player,BR:0cc/cc/cr200f:JsKd,5hTd|/4c5d9h/3s:-100,100(-100.000000)
7:BR,Player:0r130c/cr299c/cc/r19471f:4cTh,9sKs|/6s6c9c/8h/2s:529,-529(529.000000)
8:Player,BR:0cc/cc/cr200f:3d4s,8hJs|/4cJhQc/Ks:-100,100(-100.000000)
9:BR,Player:0r130c/cc/r19770f:6cAc,2dAh|/4d4cJc/6s:230,-230(230.000000)
10:Player,BR:0cc/cc/cr200r1800f:4h6d,6s7s|/2c5h7h/Js:300,-300(300.000000)
11:BR,Player:0f:4h5s,3d7h|:50,-50(50.000000)
12:Player,BR:0cc/cc/cc/cr200r3600f:2s8h,QhAd|/5c8sKs/2c/8d:300,-300(300.000000)
13:BR,Player:0f:5hTd,3h8d|:50,-50(50.000000)
14:Player,BR:0cc/cc/cr200c/r150r19550f:5s6d,2c5d|/8s8dJs/4s/3h:-450,450(-450.000000)
15:BR,Player:0f:QsAs,2hTs|:50,-50(50.000000)
16:Player,BR:0cr300c/cc/cc/cc:9hAd,JsAs|/2s5cTs/Qd/4d:-400,400(18.280602)
17:BR,Player:0r300c/cc/r800c/r18800f:8dTs,5sTh|/JcQcKh/Ad/5d:1200,-1200(1200.000000)
18:Player,BR:0cc/cc/cr200c/cr600c:5d9s,6sJd|/5s5h7d/4d/2s:900,-900(900.000000)
19:BR,Player:0f:3dTs,2d4c|:50,-50(50.000000)
20:Player,BR:0cr300c/cc/r200r1200f:5hAc,7s8d|/3s5c7d/6s:-600,600(-600.000000)
21:BR,Player:0r130c/cc/cr115r690f:2sKs,5d8s|/2h5s6c/3h:345,-345(345.000000)
22:Player,BR:0cc/cc/r300r19600f:2hQh,7cKc|/4h5cTs/Jh:-400,400(-400.000000)
23:BR,Player:0cc/cr130c/cc/r19770f:4sKc,6sJc|/4d5sJs/Ac/Qs:230,-230(230.000000)
24:Player,BR:0cr300c/cc/cc/r520r19080f:5s5c,6hJd|/3d8sQd/3s/4h:-920,920(-920.000000)
25:BR,Player:0r130c/cc/r460f:4h6d,KcAd|/6s8s8d/4s:230,-230(230.000000)
26:Player,BR:0cc/cc/r130f:4dJh,2d3c|/5d6sQd/7d:100,-100(100.000000)
27:BR,Player:0r200c/cc/r600f:9cQc,7d9s|/8hJcKc/As:300,-300(300.000000)
28:Player,BR:0cr300c/cc/cc/r520r1840f:5sQd,4c9h|/3d3cKd/Qs/Tc:-920,920(-920.000000)
29:BR,Player:0r130c/cc/cr115c/cc:8hQd,2s6s|/4hTsTh/Kh/Ks:345,-345(317.833573)
30:Player,BR:0cc/cc/cc/cr200f:4cKs,2h4s|/5s8h8d/5h/Js:-100,100(-100.000000)
31:BR,Player:0cc/cr130c/cc/cc:3sAs,8c9d|/2s3d8d/Tc/Jh:-230,230(62.255386)
32:Player,BR:0cr200c/cc/cr600c/cc:TsAh,2h4s|/3s7sTh/6s/Ks:900,-900(-86.987167)
33:BR,Player:0r130c/cr299c/cc/r1058f:4d5h,2s9s|/6sTdJc/4s/4h:529,-529(529.000000)
34:Player,BR:0cr300c/cc/cr800f:9dAs,5s8c|/3c4hJc/6h:-400,400(-400.000000)
35:BR,Player:0f:QsKc,3s8c|:50,-50(50.000000)
36:Player,BR:0cr200c/cc/r150r900f:4h5c,QhAd|/6dThJc/Jd:-450,450(-450.000000)
37:BR,Player:0r300c/cc/r800c/r2400f:9hTd,9sAs|/4cTsKh/7s/6d:1200,-1200(1200.000000)
38:Player,BR:0cc/cc/cc/cr200f:7dQh,8hTd|/3h5cJc/3s/3c:-100,100(-100.000000)
39:BR,Player:0r200c/cc/cc/r600f:7c9s,TcKs|/7hTsAd/Qs/7d:300,-300(300.000000)
40:Player,BR:0cc/cc/r200c/r150r900r1755r6210r10685c:7hQs,7dJh|/2sTcQd/9h/8c:-20000,20000(-20000.000000)
41:BR,Player:0r130c/cc/r460c/cr1380r4140f:QhAc,9dAh|/7hThJs/8h/3c:2070,-2070(2070.000000)
42:Player,BR:0cr300c/cc/r520r19080f:2d2c,5c6s|/4h6hJd/6c:-920,920(-920.000000)
43:BR,Player:0f:4h6c,2d8s|:50,-50(50.000000)
44:Player,BR:0cc/cc/cr200f:4dQc,6d9d|/2h5dKc/Kh:-100,100(-100.000000)
45:BR,Player:0r130c/cc/r460c/cc:5sQs,3hQd|/5cQhAc/4h/Kh:690,-690(690.000000)
46:Player,BR:0cr200c/r600c/r1170r4140f:5cKc,7dQh|/2s9hJc/Qs:-2070,2070(-2070.000000)
47:BR,Player:0r130c/cc/r460f:7hQs,2sAc|/8cTcKh/9d:230,-230(230.000000)
48:Player,BR:0cr300c/cc/r1200r18400f:4c5c,2h3d|/3s6c9c/4h:-1600,1600(-1600.000000)
49:BR,Player:0r130c/cc/cc/r19770f:5h6d,TsJd|/7d7cTd/5c/2h:230,-230(230.000000)
50:Player,BR:0cc/cc/cr200f:9hJc,9cKc|/4s5h6h/2s:-100,100(-100.000000)
51:BR,Player:0cc/cc/r200f:2hAc,6c9s|/7hJdAs/4c:100,-100(100.000000)
52:Player,BR:0cc/cc/cc/cc:6cJd,4c5c|/7dTsJs/As/5h:100,-100(-12.338132)
53:BR,Player:0r130c/cr299c/cr687c/r2432r16352c:5d6c,QsAc|/6dTsJc/Ks/5c:-20000,20000(2870.106917)
54:Player,BR:0cc/cc/cc/r130r19770f:8d9h,7dJs|/2s3h5h/Qd/3c:-230,230(-230.000000)
55:BR,Player:0r130c/cr299c/cc/r1058f:4dQc,4hAs|/5d6d8s/Js/Qd:529,-529(529.000000)
56:Player,BR:0cc/cc/cr200c/cr19700f:7cQd,6sAs|/4d7d8s/Js/3d:-300,300(-300.000000)
57:BR,Player:0r200c/cr390c/r1380f:KsKd,5h5d|/3d8h8c/Qc:690,-690(690.000000)
58:Player,BR:0cc/cc/cc/cc:3s8d,9sKh|/8sJsAs/5c/9c:-100,100(-77.080504)
59:BR,Player:0cc/cr130c/r460c/r1380f:6dJc,3d4h|/5c6sJd/3s/Ks:690,-690(690.000000)
60:Player,BR:0cc/cc/r300r800f:3cTc,3dTh|/4s4c9s/2c:-400,400(-400.000000)
61:BR,Player:0r130c/cc/r460f:5dAc,9sQs|/7hJhAd/Jc:230,-230(230.000000)
62:Player,BR:0cr130c/r299c/r687f:JsKd,7c9d|/JcQcKs/5d:529,-529(529.000000)
63:BR,Player:0r200c/cc/r600f:6c7h,3hQc|/5s7cKd/Ks:300,-300(300.000000)
64:Player,BR:0cc/cc/r200r19700f:2s3s,9cKd|/3c4dAh/4c:-300,300(-300.000000)
65:BR,Player:0r130c/cr299c/r1058f:7d9h,3s3d|/4s4hKd/8s:529,-529(529.000000)
66:Player,BR:0cc/cc/cr200c/cr600c:7sJc,7cAh|/3cJhAd/6s/6h:-900,900(-818.184631)
67:BR,Player:0r130c/cr299c/cr1058r3174f:3dTd,JsKc|/ThQhKs/2s:1587,-1587(1587.000000)
68:Player,BR:0cc/cc/cr19900f:TcKs,2d7d|/2c7c8h/7h:-100,100(-100.000000)
69:BR,Player:0r130c/cr299c/cr264r19207f:6cQs,7cAd|/2dThAc/Kc:793,-793(793.000000)
70:Player,BR:0cr200c/cc/r150r900r1755f:QdKs,7c9c|/8sKdKc/Js:1350,-1350(1350.000000)
71:BR,Player:0cc/cc/cc/r19900f:2c4d,6hQc|/2s9hAh/3d/Jd:100,-100(100.000000)
72:Player,BR:0cc/cc/cr200c/cr600f:5dJc,JsAc|/4s9cAd/5h/Tc:-300,300(-300.000000)
73:BR,Player:0cc/cc/r200c/r19700f:5hJs,KhKc|/7s7hTc/Ad/Jd:300,-300(300.000000)
74:Player,BR:0cr130c/cc/r299r1058c/cr18413f:8s9s,JhAh|/5d6hJc/9d/Th:-1587,1587(-1587.000000)
75:BR,Player:0r130c/cr460c/cc/cc:5c8h,5h9h|/8sQhKc/Kd/9d:-690,690(487.451950)
76:Player,BR:0cc/cc/cr200c/cr600f:2cKs,3sQs|/3c6cJs/2d/8c:-300,300(-300.000000)
77:BR,Player:0cc/cc/cc/r200f:2cKh,4s7h|/3s9dJd/7c/Qd:100,-100(100.000000)
78:Player,BR:0cc/cc/cc/cc:3cAh,7sKh|/5d6sQc/Th/6h:100,-100(-12.362237)
79:BR,Player:0r200c/cr390c/r1380c/r4140f:4c6h,8hTs|/2s5hTc/7h/3h:2070,-2070(2070.000000)
80:Player,BR:0cc/cc/cc/cr200f:2h9d,7d8s|/8dTsAs/Qh/7c:-100,100(-100.000000)
81:BR,Player:0f:4hTc,3h8s|:50,-50(50.000000)
82:Player,BR:0cc/cc/cc/cc:TsQd,2dJh|/5d5cKd/Ad/3s:100,-100(2.469086)
83:BR,Player:0r130c/cr299c/r19471c/cc:6c9c,7cJc|/5cJsAc/Kc/8h:-20000,20000(6967.361536)
84:Player,BR:0cr600c/cc/cc/cc:9d9c,4d6c|/JdQhKs/8d/Jc:700,-700(534.068256)
85:BR,Player:0r200c/cr600c/cr1800r17300f:TdQs,7d9d|/6c8dAd/Js:2700,-2700(2700.000000)
86:Player,BR:0cc/cc/cc/cc:2s5c,5s6h|/5dTdAd/8s/Ts:0,-0(-38.143751)
87:BR,Player:0r200c/cr600c/cr1170r17930f:TdQh,ThAc|/3hJdAh/9h:2070,-2070(2070.000000)
88:Player,BR:0cc/cc/cr200f:4d7h,8h8d|/4c6dQh/9s:-100,100(-100.000000)
89:BR,Player:0r130c/cr299c/r19471f:7s8c,AhAd|/2c4sJh/5c:529,-529(529.000000)
90:Player,BR:0cc/cc/r130f:6dAs,2s9s|/5cTdQc/Ac:100,-100(100.000000)
91:BR,Player:0f:4dTh,2hJc|:50,-50(50.000000)
92:Player,BR:0cc/cc/cr200f:8cQd,3h9s|/2s3cAc/Ts:-100,100(-100.000000)
93:BR,Player:0r200c/cc/cc/cr390r1380f:7dKc,6cTd|/2cTcAh/4h/5d:690,-690(690.000000)
94:Player,BR:0cr300c/cc/cc/cc:TcAd,9hKc|/9cTsJd/8h/4d:400,-400(32.626697)
95:BR,Player:0r130c/cc/r19770f:KdAs,6c8s|/2d3d4s/Ad:230,-230(230.000000)
96:Player,BR:0cc/cc/r130c/r115c:TcQs,KcAd|/2h3s4s/9s/Ts:345,-345(204.144182)
97:BR,Player:0r130c/cc/r460c/r19310f:9h9d,7dJs|/4hJhQd/5d/Qs:690,-690(690.000000)
98:Player,BR:0cc/cc/r130c/r299r19471f:2c7c,QhAd|/7s7dJd/Qd/5c:-529,529(-529.000000)
99:BR,Player:0r200c/cr390c/r1380f:TdJs,7s9s|/2c5s5d/Kh:690,-690(690.000000)
100:Player,BR:0cr300c/cc/cc/r200r1200f:8cKh,4cJh|/7sTdQd/4h/6h:-600,600(-600.000000)
101:BR,Player:0r300c/cc/r800c/r18800f:9hJh,9dTd|/7sKsKc/Jd/9c:1200,-1200(1200.000000)
102:Player,BR:0cr300c/cc/r200c/r780r2760f:JhKc,8sQs|/9hQdKd/3d/9s:-1380,1380(-1380.000000)
103:BR,Player:0r130c/cr460c/cc/cc:3h8h,8cKd|/4c7d8s/5s/Qh:-690,690(33.375756)
104:Player,BR:0cc/cc/cc/cr19900f:JcKd,9sJd|/4c7cAc/7h/2s:-100,100(-100.000000)
105:BR,Player:0r130c/cr299c/cc/r19471f:8s9c,QcAs|/2s5sTs/3c/Kd:529,-529(529.000000)
106:Player,BR:0cc/cc/r130f:5cTd,4c7d|/2c5dTs/Tc:100,-100(100.000000)
107:BR,Player:0r130c/cc/r460c/cc:2c9c,9s9d|/5hQsAd/Ac/6c:-690,690(-690.000000)
108:Player,BR:0cr600c/cc/r140r1680f:5h7s,7d8c|/2c5d8s/Jc:-840,840(-840.000000)
109:BR,Player:0r130c/cr299c/cr687c/cc:5cJh,6hQd|/3hJdQh/Ts/7d:-1216,1216(278.793108)
110:Player,BR:0cr600c/r910c/r4830r12880f:JhKc,5sTc|/2c9hQs/6h:-6440,6440(-6440.000000)
111:BR,Player:0r130c/cc/r460f:8h9c,TcKc|/4s6h8c/Qd:230,-230(230.000000)
112:Player,BR:0cc/cc/cr200f:7cQc,5d9s|/8s8dJs/2d:-100,100(-100.000000)
113:BR,Player:0r130c/cr299c/r1058c/r3174c:7dJd,QsKd|/7s7hKh/Qc/Ts:4761,-4761(2093.352904)
114:Player,BR:0cr130c/cc/r299r19471f:9sQs,9cAc|/2h8cAd/Qh:-529,529(-529.000000)
115:BR,Player:0r130c/cc/cr299r1058f:2h5d,5h7s|/9hJdQs/2s:529,-529(529.000000)
116:Player,BR:0cc/cc/cr200c/cr600c:2cAs,9hQd|/2d6dJd/8c/Kc:900,-900(900.000000)
117:BR,Player:0r130c/cr299c/r1058f:2c9d,7dJc|/3d9cKd/6h:529,-529(529.000000)
118:Player,BR:0cr300c/r520c/r460f:7sAs,2hTc|/8s9cAd/5c:920,-920(920.000000)
119:BR,Player:0r130c/cc/r460f:3s4d,QsKc|/3h6d9d/6h:230,-230(230.000000)
120:Player,BR:0cc/cc/r130c/cr19770f:4d9s,4s9c|/7hKcAd/3s/Jh:-230,230(-230.000000)
121:BR,Player:0r130c/cr299c/r1058f:5c7d,4dTs|/9cQhQd/8c:529,-529(529.000000)
122:Player,BR:0cc/cc/cc/cc:2hTs,6dQs|/JcAhAd/5d/7d:-100,100(19.918481)
123:BR,Player:0r130c/cr299c/cr687r18784f:5s6h,6d8h|/4h7hAd/9s:1216,-1216(1216.000000)
124:Player,BR:0cc/cc/cc/cr19900f:5cKh,4dKc|/2h7sQs/6d/8h:-100,100(-100.000000)
125:BR,Player:0r130c/cc/r460f:4c9s,4sQc|/7d9h9d/5h:230,-230(230.000000)
126:Player,BR:0cc/cc/cc/cc:3hAd,9sAh|/5sTdJh/8s/8h:0,-0(-50.629868)
127:BR,Player:0f:2h5c,2s6d|:50,-50(50.000000)
128:Player,BR:0cc/cc/cc/cc:4dTh,3dAd|/2h6sQh/Js/Jc:-100,100(-46.699948)
129:BR,Player:0r130c/cr299c/cr687f:6s8c,8sQs|/9sTcJh/9d:-529,529(-529.000000)
130:Player,BR:0cr200c/cc/cr600f:2h2c,7s7d|/5c6hAs/3c:-300,300(-300.000000)
131:BR,Player:0r200c/cc/cc/r600f:4cQc,8cQh|/3h6hAd/Js/3c:300,-300(300.000000)
132:Player,BR:0cc/cc/cr200f:2c4s,JhJd|/9sQcAs/6c:-100,100(-100.000000)
133:BR,Player:0r130c/cr299c/cc/r19471f:5dQs,4c7d|/5h7cAd/Js/2c:529,-529(529.000000)
134:Player,BR:0cr300c/r800c/cr2400c/r1800f:JcQd,2d8s|/3sQsQc/3d/8h:3600,-3600(3600.000000)
135:BR,Player:0r200c/cc/cc/cr600r1800f:3c9c,7hAc|/4d6sKs/4s/5s:900,-900(900.000000)
136:Player,BR:0cr300c/cc/cr800f:9sKs,2hJs|/4h5dTs/8h:-400,400(-400.000000)
137:BR,Player:0f:QsQh,2c8h|:50,-50(50.000000)
138:Player,BR:0cr300c/cc/r520c/r460r18620f:3hAh,2hQc|/7sQsAc/8h/Td:-1380,1380(-1380.000000)
139:BR,Player:0f:2c6d,2s4c|:50,-50(50.000000)
140:Player,BR:0cc/cc/cr200f:5dQc,5s7c|/4h7sJd/Kd:-100,100(-100.000000)
141:BR,Player:0r130c/cc/cc/cr460r1380f:7sTc,ThQh|/2s9cKs/4c/5c:690,-690(690.000000)
142:Player,BR:0cc/cc/cr200c/cr600f:2cKd,3s5s|/7s7dQs/2d/8h:-300,300(-300.000000)
143:BR,Player:0cc/cc/r200c/r19700f:TcKs,3hQh|/JsQcAh/9h/8d:300,-300(300.000000)
144:Player,BR:0cc/cc/cr200f:4h7s,9cQd|/3cQsKc/Js:-100,100(-100.000000)
145:BR,Player:0cc/cr130c/cc/cr690f:4cTs,6c7d|/4h8cAd/Js/5s:-230,230(-230.000000)
146:Player,BR:0cr600c/r4200c/cc/cr15100f:QhAc,5hAh|/3dKsAd/8d/Jd:-4900,4900(-4900.000000)
147:BR,Player:0r130c/cc/cc/r19770f:4h4d,2s5s|/JhJcQd/8s/3s:230,-230(230.000000)
148:Player,BR:0cr300c/r520c/cc/cr1840f:8dKc,4s9h|/TsJhQh/Tc/3h:-920,920(-920.000000)
149:BR,Player:0r130c/cr299c/cr687r18784f:4dAd,TsKc|/6hTcKd/3h:1216,-1216(1216.000000)
150:Player,BR:0cr300c/cc/r200c/r300c:5hJc,4s4d|/3h7cAd/Ac/8c:-900,900(131.842503)
151:BR,Player:0r130c/cr299c/cr687r2432f:9s9d,ThKh|/4c8hKc/6c:1216,-1216(1216.000000)
152:Player,BR:0cr200c/cc/cc/cr19700f:JhAs,5s9c|/9hQcKc/Jc/7c:-300,300(-300.000000)
153:BR,Player:0r130c/cr299c/r19471c/cc:3s5c,QsAc|/2c7hAd/4c/7d:20000,-20000(11771.282045)
154:Player,BR:0cr300c/r520c/cc/r1196r17884c:7s8s,6sQh|/3s9s9d/8d/2s:20000,-20000(20000.000000)
155:BR,Player:0r130c/cr460c/cc/cc:8cKs,8dQc|/4h7cTc/7h/Td:690,-690(445.026051)
156:Player,BR:0cc/cc/cc/cc:JsQd,3cKs|/2sThAs/7d/Ah:-100,100(-21.443165)
157:BR,Player:0r130c/cr460c/r1380r2691c/cr952f:6s9s,3s5d|/2h6d7c/4c/Ts:-4761,4761(-4761.000000)
158:Player,BR:0cr300c/cc/r200c/r300c:7s7d,4sTc|/6cTdAd/As/2s:-900,900(-614.233525)
159:BR,Player:0r130c/cr299c/r1058f:8dKs,8hKh|/4s9sJs/6s:529,-529(529.000000)
160:Player,BR:0cr300c/cc/cr800f:JcAh,7dQh|/2s3dQd/2c:-400,400(-400.000000)
161:BR,Player:0f:5c6s,2s5h|:50,-50(50.000000)
162:Player,BR:0cr300c/cc/cc/r520r1840f:5s7h,3sKc|/5d9cTh/7c/6h:-920,920(-920.000000)
163:BR,Player:0cc/cc/cr130r460c/cr897f:9sTs,2hJs|/8dJdJc/5d/2d:-690,690(-690.000000)
164:Player,BR:0cc/cc/cr200f:5cTd,6d8h|/7c8dAc/5s:-100,100(-100.000000)
165:BR,Player:0r200c/cc/cc/cr390r19310f:4cKc,JdKs|/6c7dAh/Js/6d:690,-690(690.000000)
166:Player,BR:0cc/cc/cc/cr200f:2d8h,ThJd|/2c6cKc/Jc/Js:-100,100(-100.000000)
167:BR,Player:0r200c/cr390c/cc/r1380f:7hAd,9cKs|/2s5d8h/2c/6h:690,-690(690.000000)
168:Player,BR:0cr300c/cc/r520r1840c/cr5520f:JsJc,5h8d|/7s9sKs/Kh/2c:-2760,2760(-2760.000000)
169:BR,Player:0r130c/cc/r460f:3d5s,8dKc|/2d4d7h/3c:230,-230(230.000000)
170:Player,BR:0cc/cc/cr200c/cr19700c:9hTd,7dJc|/3h9dTc/2h/Th:20000,-20000(20000.000000)
171:BR,Player:0r200c/cr600c/cr2700f:2h8s,8cTc|/2c4c7h/4h:-900,900(-900.000000)
172:Player,BR:0cr300c/cc/cc/cr19600f:5h9d,5cQh|/JhKsAd/7d/Ac:-400,400(-400.000000)
173:BR,Player:0r200c/cc/r600c/r1800c:3d7d,2hAc|/4dQdAs/Qh/9s:-2700,2700(-2700.000000)
174:Player,BR:0cc/cc/cc/r130r460f:5h8c,5dKh|/8hJcAs/7s/4s:-230,230(-230.000000)
175:BR,Player:0f:6cQh,3s7h|:50,-50(50.000000)
176:Player,BR:0cr300c/cc/cr800f:9hQd,6h9s|/4s4d5s/5c:-400,400(-400.000000)
177:BR,Player:0r130c/cr299c/r1058c/r18413f:8h9h,6dJs|/5h7hJc/Kd/4s:1587,-1587(1587.000000)
178:Player,BR:0cc/cc/r130c/r299r19471f:TcJd,4cQd|/6h9sJs/2s/Td:-529,529(-529.000000)
179:BR,Player:0r200c/cc/r600f:2h6d,ThKh|/3c4sQc/7d:300,-300(300.000000)
180:Player,BR:0cc/cc/cr200c/cr19700f:3c8d,4c9d|/2s3hTh/7c/8c:-300,300(-300.000000)
181:BR,Player:0cc/cc/r19900f:8cTh,7hJd|/2s6sQh/Ad:100,-100(100.000000)
182:Player,BR:0cr600c/cc/r140c/cr1680f:7d9d,5hKh|/7sQcAc/2d/Td:-840,840(-840.000000)
183:BR,Player:0r130c/cc/r460c/r1380c:9hJh,7s8c|/9sTdJc/2s/2c:-2070,2070(580.220343)
184:Player,BR:0cr600c/cc/cr1400c/cr4200c:4dKd,QdAc|/3cTdTc/Ts/8c:-6300,6300(-5192.189545)
185:BR,Player:0r200c/cc/cc/r19700f:7dKd,9hAc|/2h3hJs/9d/6s:300,-300(300.000000)
186:Player,BR:0cc/cc/cr200c/cr600f:3h4s,4d9d|/3s7cAh/Td/2s:-300,300(-300.000000)
187:BR,Player:0r130c/cr690c/cc/r19080f:5hTh,8h9d|/7cTcQs/9h/3c:920,-920(920.000000)
188:Player,BR:0cr600c/cc/r2100r17200f:5h7d,6cKh|/4c6h6d/9s:-2800,2800(-2800.000000)
189:BR,Player:0cc/cc/r200f:6s6d,5c8c|/QsQdKs/7s:100,-100(100.000000)
190:Player,BR:0cc/cc/cc/cr19900f:2s7c,3hJd|/7s8dQd/Ks/Td:-100,100(-100.000000)
191:BR,Player:0r130c/cr299c/cc/cc:5cTd,8dQh|/7c9hKs/Kc/Tc:529,-529(507.672584)
192:Player,BR:0cr300c/cc/r200c/r1200f:3d5c,3h4s|/4c7sJd/6s/2d:600,-600(600.000000)
193:BR,Player:0r130c/cr299c/cc/r19471f:2s3s,6cQd|/4hTcAd/9d/3h:529,-529(529.000000)
194:Player,BR:0cc/cc/cc/r130c:2sQc,5hTc|/8sKsKc/Ac/Kd:230,-230(44.515657)
195:BR,Player:0r130c/cc/r460c/r1380f:5h6h,TsQs|/2s9dKc/2d/9c:690,-690(690.000000)
196:Player,BR:0cc/cc/cr200c/cr600f:5cAh,5s8h|/3h6sKh/Qh/3c:-300,300(-300.000000)
197:BR,Player:0cc/cc/cc/r19900f:TcAd,9hTs|/2c5sJh/5h/2h:100,-100(100.000000)
198:Player,BR:0cr600c/r910c/cr3220f:2c3s,6dKd|/2h7d9s/4d:-1610,1610(-1610.000000)
199:BR,Player:0cc/cr130c/cc/r460f:4d7s,7dAh|/5s5h8c/Js/Kd:230,-230(230.000000)
200:Player,BR:0cr300c/cc/r200c/r1200f:8sAh,7h9s|/8h8cKs/9h/Ts:600,-600(600.000000)
201:BR,Player:0r130c/cr460c/r19310f:3c4d,2s7s|/2c5dJc/As:690,-690(690.000000)
202:Player,BR:0cc/cc/cc/cc:3dQh,3sQd|/4h9sKd/7d/5c:0,-0(33.481777)
203:BR,Player:0cc/cr130c/cc/r19770f:2sTh,2d6d|/3dQsKc/Ts/Kh:230,-230(230.000000)
204:Player,BR:0cr300c/cc/cr800c/cr18800f:8h8d,7sTs|/5s6dTc/Kh/2s:-1200,1200(-1200.000000)
205:BR,Player:0r200c/cc/cc/cr900r18800f:2c9h,6sAc|/3h9sAh/Qd/Kd:1200,-1200(1200.000000)
206:Player,BR:0cr300c/cc/cr800c/cc:JsQh,3sTc|/2s9sAh/Ks/Kd:1200,-1200(1200.000000)
207:BR,Player:0cc/cc/cr130c/cc:4s7s,8dQh|/8sTcAh/Js/Jd:-230,230(-74.880110)
208:Player,BR:0cc/cc/cr200f:4sJc,5h9d|/3d5sKd/Ks:-100,100(-100.000000)
209:BR,Player:0cc/cc/cr130c/cr299r1058f:4sAs,5dQc|/2d7h9h/Qh/2c:529,-529(529.000000)
210:Player,BR:0cc/cc/r130r460r2070r5520f:5s6h,QsKd|/3c6sKc/2c:-2760,2760(-2760.000000)
211:BR,Player:0r130c/cc/r460c/cc:3d5h,4c5c|/2d7cKc/2c/6c:-690,690(-690.000000)
212:Player,BR:0cr300c/r1200c/r2080f:AsAh,3d8d|/3s7sAc/Jd:1600,-1600(1600.000000)
213:BR,Player:0r200c/cc/cc/cr390r19310f:6dTc,JcQc|/3s4d6s/Ac/Qs:690,-690(690.000000)
214:Player,BR:0cr300c/r520c/r1840f:7c8s,5cQs|/3c4dTc/9s:920,-920(920.000000)
215:BR,Player:0f:4h9d,2c8d|:50,-50(50.000000)
216:Player,BR:0cr200c/cc/r900f:8dJd,6d9h|/4d5hTs/9c:300,-300(300.000000)
217:BR,Player:0r200c/cc/r600f:9hAh,6cTs|/7cQdKd/Ac:300,-300(300.000000)
218:Player,BR:0cr600c/r4200c/r14700f:KsAc,2s6h|/5s8sAh/9h:4900,-4900(4900.000000)
219:BR,Player:0r130c/cc/cc/r19770f:5hQd,9hAd|/2s3h5s/4d/Th:230,-230(230.000000)
220:Player,BR:0cc/cc/cr200c/cc:3d8c,3c7s|/2d4hJd/8d/Kd:300,-300(300.000000)
221:BR,Player:0r130c/cc/cr299r19471f:5cJd,4cKc|/2d8cKs/Ac:529,-529(529.000000)
222:Player,BR:0cc/cc/r130c/r299r19471f:2s8d,9sAs|/3h4cJc/5s/9d:-529,529(-529.000000)
223:BR,Player:0r130c/cc/r19770f:2d6s,4c6h|/3h3cKd/2h:230,-230(230.000000)
224:Player,BR:0cc/cc/r130r460c/cr1380f:3d7h,8h9c|/4h5cQs/7d/4d:-690,690(-690.000000)
225:BR,Player:0r130c/cr460c/r1380c/r4140f:4d9c,4hAh|/5c6h7h/3d/4s:2070,-2070(2070.000000)
226:Player,BR:0cc/cc/r130r19770f:7h8s,9sTc|/3sTdAc/Jh:-230,230(-230.000000)
227:BR,Player:0r130c/cc/cc/cc:ThJh,7hKc|/3sQsAh/7d/9c:-230,230(-227.427502)
228:Player,BR:0cr300c/r800c/cr2400f:7c8d,9hTc|/2h9sTs/4h:-1200,1200(-1200.000000)
229:BR,Player:0cc/cr130c/cr460r19310f:4hTh,4cAh|/3d4sAd/9h:690,-690(690.000000)
230:Player,BR:0cc/cc/r130r460f:3c4s,5s6c|/5h6s9c/9d:-230,230(-230.000000)
231:BR,Player:0r130c/cc/cr299c/r1058r4761f:4cJh,4h6s|/2h6h6c/6d/Kc:-1587,1587(-1587.000000)
232:Player,BR:0cc/cc/cc/cr200f:2c7c,6dKc|/3s5cTd/2h/4c:-100,100(-100.000000)
233:BR,Player:0r130c/cc/cr299r1058c/r18413f:8s9d,3c4d|/2h3d7h/7s/Th:1587,-1587(1587.000000)
234:Player,BR:0cc/cc/cr200c/cr600c:3d5c,2c8s|/3c5dTd/6c/8c:900,-900(-352.684957)
235:BR,Player:0f:2c3h,2d8c|:50,-50(50.000000)
236:Player,BR:0cc/cc/cc/r300r800f:4sKc,7h9s|/6hJhKd/Jd/Qh:-400,400(-400.000000)
237:BR,Player:0cc/cc/cc/r19900f:3c5h,3sJs|/3h4d8d/Qd/Jc:100,-100(100.000000)
238:Player,BR:0cc/cc/cr200r390r1380f:6d8s,4s5h|/3h4c9s/6s:-690,690(-690.000000)
239:BR,Player:0r130c/cr299c/cc/cr687c:8hAd,4s6s|/5d7s7c/9c/Ac:1216,-1216(321.039874)
240:Player,BR:0cc/cc/r130c/r115f:6sQh,5c9c|/QsKhKd/Ks/2h:230,-230(230.000000)
241:BR,Player:0r130c/cr299c/r1058f:TsTd,6hJh|/5d6sTh/8d:529,-529(529.000000)
242:Player,BR:0cc/cc/cc/r130r19770f:3d9h,4s8d|/4c6cTc/Jh/Kd:-230,230(-230.000000)
243:BR,Player:0cc/cc/r200c/r600f:8hAc,4hTc|/9d9cQd/8s/Ad:300,-300(300.000000)
244:Player,BR:0cr300c/r520c/r460f:2h3h,QcAc|/7h8h9h/Kd:920,-920(920.000000)
245:BR,Player:0r130c/cr299c/cr687r2432f:TdAd,6dKh|/4h6hQs/Qd:1216,-1216(1216.000000)
246:Player,BR:0cr600c/r2100c/cr5600f:9sTc,8sQd|/8cQsAs/5h:-2800,2800(-2800.000000)
247:BR,Player:0f:4s4d,3c8s|:50,-50(50.000000)
248:Player,BR:0cr200c/r390c/r897c/r2063c:JhQs,9hTc|/5h9dKs/4s/Th:3650,-3650(-1943.476701)
249:BR,Player:0r130c/cc/r460f:4h5d,JsAs|/2h7s9c/5h:230,-230(230.000000)
250:Player,BR:0cc/cc/cc/cc:2cKc,TcAs|/5s6c7s/9d/2d:100,-100(55.299512)
251:BR,Player:0r130c/cc/r19770f:8hQc,9dJc|/JsQdAd/Th:230,-230(230.000000)
252:Player,BR:0cc/cc/cr200c/cr600f:5cKs,5h8d|/3h6cJh/6s/Qd:-300,300(-300.000000)
253:BR,Player:0r200c/cr390c/cr345r18965f:8dTc,6c9c|/3c5h9h/Kc:1035,-1035(1035.000000)
254:Player,BR:0cc/cc/cc/r130r460f:4d5h,2s3d|/6hThKs/6c/5d:-230,230(-230.000000)
255:BR,Player:0r130c/cc/r19770f:6h7s,TsAh|/2h4sAc/5c:230,-230(230.000000)
256:Player,BR:0cc/cc/cr200c/cr600f:5dTd,9hTs|/6sTcJd/Ac/9d:-300,300(-300.000000)
257:BR,Player:0f:7hKs,4h9d|:50,-50(50.000000)
258:Player,BR:0cc/cc/cr200f:6dAc,2dJd|/7cJcKs/8s:-100,100(-100.000000)
259:BR,Player:0r200c/cr390c/r1380f:5d6c,3d8d|/4s7hTd/4h:690,-690(690.000000)
260:Player,BR:0cc/cc/cr200f:2sKc,4c7h|/6s8hTh/Ac:-100,100(-100.000000)
261:BR,Player:0r130c/cc/cr115r690f:6hQd,5sTc|/7c9hAd/7s:345,-345(345.000000)
262:Player,BR:0cc/cc/r130r460f:2d9s,JcAh|/7dAsAd/5d:-230,230(-230.000000)
263:BR,Player:0r130c/cr299c/cr264r19207f:2cAd,2s3s|/2dThJh/6h:793,-793(793.000000)
264:Player,BR:0cc/cc/r130c/r115r690f:6sQc,5dAs|/3c5sTs/6d/9s:-345,345(-345.000000)
265:BR,Player:0r130c/cr460c/cc/cr1380f:6d9d,2dKs|/9sJsQc/Ts/Qs:-690,690(-690.000000)
266:Player,BR:0cr200c/cc/cc/cr19700f:9sQs,4s7c|/3h3c6d/6s/3s:-300,300(-300.000000)
267:BR,Player:0r200c/cc/cr390r1380f:4s5d,JcKc|/5s9s9c/Kh:690,-690(690.000000)
268:Player,BR:0cr600c/r910c/r2093f:7d9h,JsQs|/7s7h8h/Td:1610,-1610(1610.000000)
269:BR,Player:0r130c/cc/r460c/r19310f:5s5c,TsJs|/4s4cTd/5d/7d:690,-690(690.000000)
270:Player,BR:0cr300c/cc/r200r19400f:7cJd,9dAh|/5hJsQh/8s:-600,600(-600.000000)
271:BR,Player:0r130c/cr299c/r1058f:8cJs,5hKs|/4s7cTh/Jh:529,-529(529.000000)
272:Player,BR:0cc/cc/r300c/r520r19080f:2hJd,2cQs|/4cJsJh/3h/6h:-920,920(-920.000000)
273:BR,Player:0cc/cc/r200f:7dTd,2cKs|/6h7sQh/4c:100,-100(100.000000)
274:Player,BR:0cc/cc/cr200c/cr19700f:4hQs,6hKd|/JhKhAd/Jc/Qc:-300,300(-300.000000)
275:BR,Player:0r130c/cc/r460f:9hQd,3s3h|/2c6cAd/7d:230,-230(230.000000)
276:Player,BR:0cc/cc/r200r600f:2h6c,7dQc|/7c8hQs/9c:-300,300(-300.000000)
277:BR,Player:0r130c/cc/r460f:4h4d,2sQd|/6dKsAh/4c:230,-230(230.000000)
278:Player,BR:0cr200c/cc/cr600f:TcQs,3h6s|/4d6c8d/6d:-300,300(-300.000000)
279:BR,Player:0r200c/cc/r600f:QhQc,9sKc|/5cTsJd/As:300,-300(300.000000)
280:Player,BR:0cr200c/r390c/cr1380f:4d6c,JdKd|/2h2d8d/6s:-690,690(-690.000000)
281:BR,Player:0r200c/cr600c/r1800r3510f:3d5d,KcAd|/8d9hAh/Kd:-2700,2700(-2700.000000)
282:Player,BR:0cc/cc/cr200f:3cKd,3d4c|/TsTdQs/6c:-100,100(-100.000000)
283:BR,Player:0r130c/cr690c/cr1840f:2s3c,6s6c|/6h7hJs/Qc:-920,920(-920.000000)
284:Player,BR:0cc/cc/cr200f:JcKd,2c4d|/3d4s6c/Tc:-100,100(-100.000000)
285:BR,Player:0f:6sJd,2h7s|:50,-50(50.000000)
286:Player,BR:0cr200c/cc/cc/cr19700f:8sAc,8hQc|/6h9sKh/2c/3d:-300,300(-300.000000)
287:BR,Player:0r130c/cr299c/r19471f:5c8c,6hTh|/2c3cQc/4s:529,-529(529.000000)
288:Player,BR:0cr600c/cc/cr1400f:QcAd,JsQs|/3c7dTd/Ts:-700,700(-700.000000)
289:BR,Player:0r130c/cr299c/cc/r19471f:3dAh,4d5d|/2cThKs/Ts/3h:529,-529(529.000000)
290:Player,BR:0cc/cc/r130c/cr19770f:2c8d,5dJs|/4s5h6s/9d/6c:-230,230(-230.000000)
291:BR,Player:0r130c/cr299c/r1058f:5sQs,5dJh|/2s6d7s/9h:529,-529(529.000000)
292:Player,BR:0cr300c/cc/r200c/r1200r18200f:7sJc,3c8c|/2d6cTs/8h/4h:-1800,1800(-1800.000000)
293:BR,Player:0r130c/cr299c/cc/r19471f:4s4c,5c9s|/6s8cTh/9d/As:529,-529(529.000000)
294:Player,BR:0cc/cc/cr200c/cr600c:8c9s,QhQc|/5c9hTs/2s/8h:900,-900(-519.515927)
295:BR,Player:0r200c/cc/cc/cc:7cJd,4h5s|/5d6dKh/9s/2c:-300,300(-300.000000)
296:Player,BR:0cc/cc/r200c/r390r19310f:7cQh,TdAh|/6dThQd/7d/Jh:-690,690(-690.000000)
297:BR,Player:0cc/cr200c/r600f:KdAd,3hJc|/3s8hAc/8d:300,-300(300.000000)
298:Player,BR:0cc/cc/cr200f:2c9d,8hKh|/3h9sJc/Qh:-100,100(-100.000000)
299:BR,Player:0f:5h8h,2s4h|:50,-50(50.000000)
300:Player,BR:0cc/cc/cr200c/cc:2d7d,3h7c|/2c9dJh/8h/Ts:0,-0(-214.748470)
301:BR,Player:0r130c/cr299c/cc/cc:7cQc,4h7h|/2d8sQs/Ks/8c:529,-529(391.941816)
302:Player,BR:0cr600c/cc/cc/cr1400r6300f:QsKs,7cAs|/3s8sJs/3d/Qh:2100,-2100(2100.000000)
303:BR,Player:0r130c/cr299c/cr687c/r18784f:8cQs,4sJs|/6d6c8d/9s/9d:1216,-1216(1216.000000)
304:Player,BR:0cr300c/r520c/r1196r4232f:8sTs,7cJd|/2d6sKs/Ac:-2116,2116(-2116.000000)
305:BR,Player:0r130c/cc/cc/r19770f:4cTh,5s8d|/5cJcAh/Qh/2s:230,-230(230.000000)
306:Player,BR:0cr300c/cc/cc/r800f:8h9d,5s7s|/9sTsQd/Ac/9h:400,-400(400.000000)
307:BR,Player:0cc/cc/r19900f:7hJh,2c5c|/6sQhKh/Td:100,-100(100.000000)
308:Player,BR:0cr300c/cc/cr800f:JsKs,QdQc|/6h7h7d/Ts:-400,400(-400.000000)
309:BR,Player:0r130c/cr690c/r1840c/cr1380r15860f:4d5c,KdAs|/7cJcAd/Kc/4h:4140,-4140(4140.000000)
310:Player,BR:0cc/cc/cc/cc:4d5h,3cJc|/7s7h7d/Qh/8d:-100,100(3.363111)
311:BR,Player:0r200c/cr390c/cr2070f:7cKh,4d5h|/2c3h6s/9d:-690,690(-690.000000)
312:Player,BR:0cc/cc/cr200c/cr19700f:5c6s,8s8d|/3s6dQs/As/Kc:-300,300(-300.000000)
313:BR,Player:0r200c/cr390c/r1380c/cc:9hKc,JcKs|/4h5hKd/2c/5c:-2070,2070(1132.767428)
314:Player,BR:0cr300c/cc/cc/cc:2h2c,7dJh|/6c8h9d/7s/8s:-400,400(-17.542190)
315:BR,Player:0cc/cr130c/cr690c/cr5520f:6cQc,2hKh|/2s4h7h/Kc/Ks:-920,920(-920.000000)
316:Player,BR:0cc/cc/cr200f:3cKh,7cTc|/7s9sQc/4c:-100,100(-100.000000)
317:BR,Player:0cc/cc/cc/r200f:9sTs,3hKc|/2h7dJd/Qc/8c:100,-100(100.000000)
318:Player,BR:0cc/cc/cc/r130r460f:3cJd,2c8h|/2h4sQh/6s/8d:-230,230(-230.000000)
319:BR,Player:0r200c/cr390c/cr1380f:TcJs,QhKs|/6d9sKc/3d:-690,690(-690.000000)
320:Player,BR:0cr300c/cc/r520c/cr1840c:4s6s,4d5d|/3sKsAd/5s/8s:2760,-2760(2760.000000)
321:BR,Player:0r200c/cc/cr150r900f:6dKs,6c7s|/2hJcAh/4d:450,-450(450.000000)
322:Player,BR:0cr200c/r390c/cc/r1380r4140r13790f:6s6d,ThQh|/3dKsKd/4d/6c:6210,-6210(6210.000000)
323:BR,Player:0r200c/cr600c/cc/r19100f:5hTc,2d3d|/2hTsJd/Qc/7d:900,-900(900.000000)
324:Player,BR:0cc/cc/r130c/r115r19655f:3cKc,4cQd|/2s8s9c/Kd/2d:-345,345(-345.000000)
325:BR,Player:0r130c/cr299c/r1058f:5hTs,6d8c|/3hThTd/7s:529,-529(529.000000)
326:Player,BR:0cc/r200c/cr600f:2s7d,7sAh|/2c4sTc/As:-300,300(-300.000000)
327:BR,Player:0r200c/cc/r600f:8hKh,4c5h|/6hJhAh/Jc:300,-300(300.000000)
328:Player,BR:0cr600c/cc/r350r2100f:KsAs,3h9c|/2c4s4c/Kc:-1050,1050(-1050.000000)
329:BR,Player:0f:QdAh,4d9s|:50,-50(50.000000)
330:Player,BR:0cc/cc/r130c/r460r1380f:3c9s,2cJc|/2d6dKh/Ts/5d:-690,690(-690.000000)
331:BR,Player:0r130c/cr299c/r1058c/cr2063c:QdQc,3h4h|/2s5hKh/8s/Ah:-3650,3650(-1518.410231)
332:Player,BR:0cc/r300c/cr19600f:7cTc,QsKd|/2h5c9s/4h:-400,400(-400.000000)
333:BR,Player:0r200c/cc/r600c/r1800c:ThAc,6d9d|/2s4s9h/Td/7h:2700,-2700(1523.764756)
334:Player,BR:0cr130c/cc/cr460c/cr1380r4140c:6c7h,AsAc|/3s6h9c/Tc/Ah:-6210,6210(-6210.000000)
335:BR,Player:0r130c/cc/r460f:3dJc,TcKs|/3c6c8d/8s:230,-230(230.000000)
336:Player,BR:0cr200c/cc/cr600c/cr1800f:7hJc,2sKs|/2d2cTd/7c/8c:-900,900(-900.000000)
337:BR,Player:0r130c/cc/r460c/r1380r2691r15239f:9dJc,TdAd|/7cQsKs/Js/3h:4761,-4761(4761.000000)
338:Player,BR:0cc/cc/cc/cr200c:3d8d,7hKc|/2s3sQc/5d/Ad:300,-300(300.000000)
339:BR,Player:0r130c/cc/cc/cr460r19310f:6d7c,4d5h|/8cThJc/Ac/3s:690,-690(690.000000)
340:Player,BR:0cr130c/cc/cr19770f:8sAd,5d7c|/9dTcKc/8h:-230,230(-230.000000)
341:BR,Player:0r130c/cc/r460c/r1380f:7cAh,TdJc|/3h5h8s/7d/2d:690,-690(690.000000)
342:Player,BR:0cr300c/cc/r200r1200f:2s5s,8s9s|/5cTsKh/7h:-600,600(-600.000000)
343:BR,Player:0r130c/cr299c/cc/cc:6h9h,3c6s|/8h9sAs/3h/5c:529,-529(463.060518)
344:Player,BR:0cc/cc/cr200c/cr600f:2sKs,7cAs|/3s4h8c/Ad/Tc:-300,300(-300.000000)
345:BR,Player:0r200c/cc/cr390r19310f:2d4d,8hKs|/TcKcAh/3h:690,-690(690.000000)
346:Player,BR:0cc/cc/cc/cc:6cKh,4c7c|/4s8sQc/Th/Ah:-100,100(-16.206352)
347:BR,Player:0r130c/cc/r460c/r1380r4140f:6dAc,AsAh|/7c9cJc/9s/Qc:-2070,2070(-2070.000000)
348:Player,BR:0cc/cc/cr200f:5cKc,7s7h|/4d6hTh/Td:-100,100(-100.000000)
349:BR,Player:0r130c/cc/r460f:5d7s,4sQc|/3d4d8c/Jh:230,-230(230.000000)
350:Player,BR:0cr130c/r299c/r105r19366f:5h8d,8hTs|/4h8cQh/9d:-634,634(-634.000000)
351:BR,Player:0r130c/cc/cr299f:9hJs,6c8s|/3c7sQh/8c:-230,230(-230.000000)
352:Player,BR:0cr300c/cc/r200r1200f:8s9d,7dJh|/2s5h9h/Ah:-600,600(-600.000000)
353:BR,Player:0r200c/cr390c/r1380c/cr4140r12420f:2dKs,4sJs|/3s3dAs/Td/3c:6210,-6210(6210.000000)
354:Player,BR:0cr600c/r910c/cr18390f:TsQs,4cJs|/2h2c8d/Ah:-1610,1610(-1610.000000)
355:BR,Player:0f:QhQc,2h9c|:50,-50(50.000000)
356:Player,BR:0cc/cc/cr200f:4h9d,7cTc|/4c7sAc/6h:-100,100(-100.000000)
357:BR,Player:0r130c/cr299c/r1058c/cc:3c6d,5s5c|/2h2d9h/2c/3s:-1587,1587(1056.745508)
358:Player,BR:0cr200c/cc/r150r900f:3c4h,9hAc|/2d6dQd/6c:-450,450(-450.000000)
359:BR,Player:0r130c/cc/r460f:ThTc,QcAd|/4s6c7d/Jd:230,-230(230.000000)
360:Player,BR:0cc/cc/r130r19770f:2hTc,3sJh|/JcQsKd/5h:-230,230(-230.000000)
361:BR,Player:0r130c/cc/r19770f:7dQd,6s6d|/4c5c9c/Kc:230,-230(230.000000)
362:Player,BR:0cr200c/cc/r600c/r180r2160r6480f:3d4d,8c9s|/7hJdKs/5d/6d:3240,-3240(3240.000000)
363:BR,Player:0cc/cr200c/cc/r19700f:6dKh,3hJs|/2s9sKs/9d/2d:300,-300(300.000000)
364:Player,BR:0cr300c/r520c/r184r2208f:JdQc,KcAd|/4d6sAc/Td:-1104,1104(-1104.000000)
365:BR,Player:0r200c/cr390c/r1380c/r17930f:7h9d,6s8h|/3d4sTc/8d/5s:2070,-2070(2070.000000)
366:Player,BR:0cc/cc/cc/cc:3s9d,8cQs|/5h7cTd/Ac/Ts:-100,100(-3.306408)
367:BR,Player:0r200c/cc/cc/cr600r19100f:8sAh,6sTd|/5h5cKd/Qc/8d:900,-900(900.000000)
368:Player,BR:0cr600c/r1400c/cc/r4200f:8hJd,2hTd|/2d8sJs/8d/2s:2100,-2100(2100.000000)
369:BR,Player:0f:6hKc,2h5c|:50,-50(50.000000)
370:Player,BR:0cc/cc/r130r460r4140r9660f:6s8d,3s5c|/4s7dTs/2c:-4830,4830(-4830.000000)
371:BR,Player:0r130c/cc/r460f:9hQh,7hAs|/3s3h5s/9d:230,-230(230.000000)
372:Player,BR:0cr300c/cc/r200c/r120r19280f:8d8c,3h6d|/2h4hKh/Ac/4d:-720,720(-720.000000)
373:BR,Player:0r130c/cr299c/r1058c/cc:3dKs,8sKh|/5sThKd/7h/4h:-1587,1587(-627.988488)
374:Player,BR:0cr130c/cc/cr460f:4dAd,2s8c|/2d2cTs/6c:-230,230(-230.000000)
375:BR,Player:0r130c/cc/cr115c/cr690r2070f:6sQs,7sAd|/9hTcKh/Ah/Kc:1035,-1035(1035.000000)
376:Player,BR:0cr300c/cc/r800c/r2400r7200c:2sQs,QdKs|/5s9sAs/Td/7s:-10800,10800(-10800.000000)
377:BR,Player:0r200c/cr900c/r2400c/r7200f:2hJc,4s9s|/2s8cQh/As/Td:3600,-3600(3600.000000)
378:Player,BR:0cr300c/cc/r200r19400f:QsKd,6hAc|/2s4h6d/Ah:-600,600(-600.000000)
379:BR,Player:0r200c/cc/r600f:4s7s,7c8h|/6h6cJd/Jc:300,-300(300.000000)
380:Player,BR:0cr130c/cc/cr460c/cr19310f:3hQh,2h4d|/7dQcKs/7h/Ah:-690,690(-690.000000)
381:BR,Player:0f:6dJd,2hTs|:50,-50(50.000000)
382:Player,BR:0cc/cc/cr200f:3h8c,4s5s|/KsKhAs/2h:-100,100(-100.000000)
383:BR,Player:0r130c/cr299c/cr1587f:2sJd,QsKc|/2h6cKh/8s:-529,529(-529.000000)
384:Player,BR:0cr1200c/cc/r260r18440f:8hJh,QdKh|/2sTsAs/2d:-1560,1560(-1560.000000)
385:BR,Player:0r130c/cc/cc/cc:9dTh,9cKs|/3c8dJs/Ah/As:-230,230(-230.000000)
386:Player,BR:0cc/cc/cc/cr19900f:4cTh,2cJh|/3hQdAd/Ks/9c:-100,100(-100.000000)
387:BR,Player:0r130c/cr690c/cr1840c/cr5520r11720f:3sQh,8s8h|/2d8cTc/Jd/4d:8280,-8280(8280.000000)
388:Player,BR:0cc/cc/cc/r130r460f:5dJs,5sAd|/5h6h8d/7d/Jh:-230,230(-230.000000)
389:BR,Player:0r130c/cr299c/cr687c/cc:7c8s,8hJh|/6h7sJc/5c/6c:-1216,1216(-813.827019)
390:Player,BR:0cr200c/r390c/r897c/r2063r16350f:JhKd,4cQd|/2cJcKc/9h/2h:-3650,3650(-3650.000000)
391:BR,Player:0r130c/cc/cc/r460f:8cJh,7hQd|/TdKdKc/4d/Kh:230,-230(230.000000)
392:Player,BR:0cc/cc/cr200c/cr19700f:2cAc,2s8c|/ThKsKh/7d/9d:-300,300(-300.000000)
393:BR,Player:0r200c/cr390c/cr897r3174f:4s6c,5d7c|/8d9dQs/8c:1587,-1587(1587.000000)
394:Player,BR:0cc/r130c/r115f:TsKd,2hJs|/4dQsKh/Kc:230,-230(230.000000)
395:BR,Player:0r130c/cr460c/r1380c/r4140c:4d8c,JsJh|/5d6s7d/5c/2h:6210,-6210(4870.215993)
396:Player,BR:0cc/cc/cc/r130r460c:2s9c,2d6h|/2h7h9s/Kc/6s:690,-690(-423.685991)
397:BR,Player:0r130c/cc/r460f:8cAc,3h8h|/7s9dAh/6c:230,-230(230.000000)
398:Player,BR:0cc/cc/cc/cr200f:2cKh,5h9h|/3sTsQs/Qh/3c:-100,100(-100.000000)
399:BR,Player:0r130c/cr1380c/cr4830f:9hTd,8hTh|/5hKsAc/Qs:-1610,1610(-1610.000000)
400:Player,BR:0cc/cc/r130c/cc:7cJd,4d5h|/4s8hKh/6d/6h:-230,230(-212.405274)
401:BR,Player:0r130c/cr299c/cc/r1058f:7h9h,4dQs|/8c9cTc/6c/5c:529,-529(529.000000)
402:Player,BR:0cc/cc/r130c/r115f:2cAd,3cQh|/2h4sKc/Kh/2s:230,-230(230.000000)
403:BR,Player:0r130c/cc/r460c/cc:5s7s,6s8d|/6cTsTh/4h/9s:-690,690(-690.000000)
404:Player,BR:0cr300c/cc/r200r1200c/cr3600r14600f:ThAh,2sTd|/6dJdKs/Js/8h:5400,-5400(5400.000000)
405:BR,Player:0cc/cc/cc/r19900f:9sQd,2dJh|/2c5dTc/Ac/Ah:100,-100(100.000000)
406:Player,BR:0cr200c/cc/cr600c/r180r2160f:8s8d,7cTc|/5h9cQc/4s/9h:-1080,1080(-1080.000000)
407:BR,Player:0cc/cr200c/cr600r1800f:5cQs,3dTc|/8d9sJd/2h:900,-900(900.000000)
408:Player,BR:0cc/cc/cc/cr200r390f:JdQc,4h5s|/6dTcQh/6c/6h:300,-300(300.000000)
409:BR,Player:0cc/cc/cc/cc:9hJh,7d9c|/7s8cAs/Kh/5s:-100,100(-57.529423)
410:Player,BR:0cr300c/cc/r800f:2c4c,8cJd|/5s7hKc/Ad:400,-400(400.000000)
411:BR,Player:0r130c/cr299c/r19471c/cc:3c9s,3dTd|/3sTcJd/6h/Kd:-20000,20000(-20000.000000)
412:Player,BR:0cr200c/cc/cc/r150r900c:TdKc,4hJc|/2s6cAs/Kh/5c:1350,-1350(1350.000000)
413:BR,Player:0r130c/cc/r460f:6hTs,5c7s|/7hTdJc/3d:230,-230(230.000000)
414:Player,BR:0cc/cc/cc/cr200f:3d4s,5hTd|/9hTcQc/8h/5d:-100,100(-100.000000)
415:BR,Player:0r130c/cc/r19770f:2c5d,4dJh|/5s7c9d/Th:230,-230(230.000000)
416:Player,BR:0cr300c/cc/r800c/cr18800f:6sJs,6hTs|/4s7sKh/4c/5d:-1200,1200(-1200.000000)
417:BR,Player:0r200c/cr390c/r1380f:4d8s,3sJc|/2dTdQs/Kc:690,-690(690.000000)
418:Player,BR:0cr300c/cc/r520r1840c/r1380r15860f:ThJh,2cTs|/4h8h8c/7d/3s:-4140,4140(-4140.000000)
419:BR,Player:0cc/cc/r19900f:6d9d,JdJc|/5d7h7d/8c:100,-100(100.000000)
420:Player,BR:0cc/cc/cr200c/cr600f:7sAh,8dAd|/4s6sAs/Jd/Ts:-300,300(-300.000000)
421:BR,Player:0r200c/cr390c/cc/r1380c:ThQc,4dJs|/7d8hAs/Kh/Jh:2070,-2070(2070.000000)
422:Player,BR:0cc/cc/cr200f:3cJs,4h6s|/5s6dKc/6h:-100,100(-100.000000)
423:BR,Player:0f:3d6s,2c9d|:50,-50(50.000000)
424:Player,BR:0cr200c/r390c/cr1380f:3dTd,4s8s|/5s7sKd/Jh:-690,690(-690.000000)
425:BR,Player:0cc/cc/r200f:8sQd,7dAh|/2d8h9d/4h:100,-100(100.000000)
426:Player,BR:0cr300c/cc/cr19600f:3d4d,5dTc|/3c6dQs/Ks:-400,400(-400.000000)
427:BR,Player:0cc/cr130c/r460c/r1380f:3d8c,7hQh|/5h6cQd/5d/7s:690,-690(690.000000)
428:Player,BR:0cr300c/cc/r200c/cr1200f:3hAh,3sJc|/2h2dTs/7h/Qc:-600,600(-600.000000)
429:BR,Player:0r200c/cc/r19700f:6s8h,6h7s|/3s4hQd/7h:300,-300(300.000000)
430:Player,BR:0cr200c/r390c/cr1380f:4dQd,7c8d|/JsJdAc/5s:-690,690(-690.000000)
431:BR,Player:0r200c/cr390c/cc/r1380c:5s6s,4cKh|/9hQdKd/7d/7c:-2070,2070(-2070.000000)
432:Player,BR:0cr600c/cc/cc/r140c:9dTh,5sTc|/5d7c9h/Qh/8c:840,-840(192.698986)
433:BR,Player:0r130c/cc/r460c/r1380c:TcQh,TdKh|/5hTsAs/7h/Ad:-2070,2070(318.056754)
434:Player,BR:0cr200c/cc/cc/r900f:QsKc,8hJs|/7cQdAd/Qh/7h:300,-300(300.000000)
435:BR,Player:0r200c/cc/r600c/r1800c:7hQc,7s9h|/2s9dTc/8c/6h:0,-0(1922.197168)
436:Player,BR:0cr600c/cc/cr19300f:4h4c,TsJc|/7d9cAh/8h:-700,700(-700.000000)
437:BR,Player:0r200c/cc/cc/cr600f:2hAh,5d7d|/8sThJs/5s/5h:-300,300(-300.000000)
438:Player,BR:0cr300c/r520c/cc/cr1840r17240c:TdQd,6c7h|/2c4cTc/3c/5c:-20000,20000(-20000.000000)
439:BR,Player:0r130c/cc/r460c/cc:4sAd,5c6h|/4c5dJd/Kh/7c:-690,690(8.818985)
440:Player,BR:0cc/cc/cr200c/cc:TsKd,7hQh|/2c9s9c/7s/Ad:-300,300(-80.792595)
441:BR,Player:0r130c/cr299c/cc/r1058f:ThKd,7hAs|/3s3dQs/2c/5h:529,-529(529.000000)
442:Player,BR:0cr300c/r520c/r1196r17884f:9sTd,6hAd|/3c7sQd/Kc:-2116,2116(-2116.000000)
443:BR,Player:0r300c/cr520c/cc/r19080f:3dJs,4sQd|/5d7sAd/Jh/2d:920,-920(920.000000)
444:Player,BR:0cr300c/cc/r800r2400f:5cTd,3s7s|/7c8sJc/Jd:-1200,1200(-1200.000000)
445:BR,Player:0r200c/cc/r600f:ThAc,6hJh|/6s7cAs/Ts:300,-300(300.000000)
446:Player,BR:0cc/cc/cr19900f:5d9c,9hQh|/5s8cTs/Jh:-100,100(-100.000000)
447:BR,Player:0f:7dKc,2s3h|:50,-50(50.000000)
448:Player,BR:0cr130c/cc/cr460f:8dTh,7cTc|/4c5hJd/3h:-230,230(-230.000000)
449:BR,Player:0r130c/cc/r460c/cc:4cKs,7s8d|/5h8hKh/2s/5d:690,-690(690.000000)
450:Player,BR:0cc/cc/r130c/r299r19471f:9dJc,2h8s|/2s5c9s/Ad/7s:-529,529(-529.000000)
451:BR,Player:0r130c/cr460c/cc/r1380f:9hKd,3d6d|/4c5cJd/Qc/4s:690,-690(690.000000)
452:Player,BR:0cc/cc/cr200f:2dTs,3hJh|/3d5s9d/5c:-100,100(-100.000000)
453:BR,Player:0r200c/cr390c/r1380f:5c9h,6d8h|/4c7sQs/Ah:690,-690(690.000000)
454:Player,BR:0cc/r130c/cr460f:2d9d,2s5c|/7s8d8c/Qc:-230,230(-230.000000)
455:BR,Player:0cc/cr130c/cr299r1058f:2sAd,3s7s|/4h6d8d/4d:529,-529(529.000000)
456:Player,BR:0cr130c/r299c/cr1058f:9hTh,3s7h|/4s8dKd/8s:-529,529(-529.000000)
457:BR,Player:0cc/cc/cc/r19900f:2s3h,2hKc|/3dAsAd/Jd/Qs:100,-100(100.000000)
458:Player,BR:0cc/cc/cr200r900c/r1560r17240f:5sQc,QsQd|/6s9dTs/5c/Ac:-2760,2760(-2760.000000)
459:BR,Player:0cc/cc/r200f:KhKc,4h9s|/2s5c6c/Th:100,-100(100.000000)
460:Player,BR:0cc/cc/cr200f:3sKd,5hTc|/8sJhAh/Qh:-100,100(-100.000000)
461:BR,Player:0r130c/cr299c/r1058f:2cAc,4sQh|/8h9sAh/7c:529,-529(529.000000)
462:Player,BR:0cr300c/r520c/r1196f:TsTh,2sQs|/5s5d8s/7h:920,-920(920.000000)
463:BR,Player:0cc/cr130c/r460c/r19310f:2s9c,QdAd|/4d5dKs/6c/As:690,-690(690.000000)
464:Player,BR:0cr200c/cc/cr600c/cr19100f:KhKc,8sJd|/4h7d7c/Qh/Qs:-900,900(-900.000000)
465:BR,Player:0f:2s9h,3cTs|:50,-50(50.000000)
466:Player,BR:0cc/cc/cr200f:4s6h,TsAs|/9hTdKh/6d:-100,100(-100.000000)
467:BR,Player:0cc/cr130c/r460c/r1380c:2hQd,7hQh|/TcJdKs/9s/9h:0,-0(605.915619)
468:Player,BR:0cr300c/cc/r800c/r3600r9600f:KdKc,8dJc|/3h5sJs/3c/7d:-4800,4800(-4800.000000)
469:BR,Player:0r130c/cr299c/cc/cc:8cQc,6sQd|/2c6dKh/4s/Ad:-529,529(-53.005125)
470:Player,BR:0cc/cc/cc/r130c:3s5h,5d8d|/2s9cTs/Qc/8h:-230,230(-14.443347)
471:BR,Player:0r130c/cc/cr115r690c/r18965f:6sKd,5sAs|/3d4cAd/Ac/Jc:1035,-1035(1035.000000)
472:Player,BR:0cr200c/cc/cr600f:QcAs,9hAh|/5h6c9d/3d:-300,300(-300.000000)
473:BR,Player:0r200c/cr390c/r1380c/cr2691r15239f:9dTh,4dQd|/7s8dQh/3c/5h:4761,-4761(4761.000000)
474:Player,BR:0cc/cc/r130c/r299f:5hKd,QsAs|/3d7hKc/4h/7s:230,-230(230.000000)
475:BR,Player:0cc/cr130c/cc/r19770f:8sTd,3d6c|/3h9dAh/Qd/Qh:230,-230(230.000000)
476:Player,BR:0cc/cc/cr19900f:8d9s,2dQc|/8sKdAh/7s:-100,100(-100.000000)
477:BR,Player:0r130c/cr299c/r1058c/cr2063f:4c7c,5hQs|/5s5dJh/6s/7d:-1587,1587(-1587.000000)
478:Player,BR:0cc/cc/cc/cc:TsKh,4dJc|/4c7sTd/Kc/As:100,-100(-29.825546)
479:BR,Player:0r200c/cr390c/cr2070f:5s9s,5c6c|/4d7sQh/3h:-690,690(-690.000000)
480:Player,BR:0cr200c/cc/r150r900f:5d7d,3hQc|/5cTsAh/Ad:-450,450(-450.000000)
481:BR,Player:0r130c/cr690c/cr1840c/cc:JhAc,ThKc|/2h6c7c/Tc/3h:-2760,2760(-2760.000000)
482:Player,BR:0cc/cc/cr200f:3cKs,KhKc|/2c6cTh/Qh:-100,100(-100.000000)
483:BR,Player:0r130c/cc/r460c/cc:9hAc,KcAs|/4h8s9c/2d/Th:690,-690(690.000000)
484:Player,BR:0cr300c/cc/r200c/r780r2760c:QsKs,3s8c|/TdQhQc/7s/Jh:4140,-4140(4140.000000)
485:BR,Player:0r130c/cc/cc/cc:7dQs,7hKd|/3d9hAd/Th/6d:-230,230(-230.000000)
486:Player,BR:0cr300c/cc/r800c/cr2400f:3sAs,6h6d|/5c8dJs/4c/Jc:-1200,1200(-1200.000000)
487:BR,Player:0r130c/cr299c/cr687c/cc:9dAh,3d4h|/2s4s5h/5c/8c:-1216,1216(-803.157271)
488:Player,BR:0cc/cc/r130r460f:7dTh,8dQc|/8sJcAc/5h:-230,230(-230.000000)
489:BR,Player:0r300c/cc/cr800r18800f:JhKh,6d8h|/2s4cAh/3c:1200,-1200(1200.000000)
490:Player,BR:0cc/cc/cc/cc:7sKh,TdAh|/5s6s8c/6d/2h:-100,100(-46.434717)
491:BR,Player:0f:9dJs,2c5s|:50,-50(50.000000)
492:Player,BR:0cr300c/r520c/cr19080f:9h9d,QsQh|/2h4d7d/3h:-920,920(-920.000000)
493:BR,Player:0r200c/cr390c/cr2070r5520c/r11720c:JsKd,KsKh|/4c5hQc/9h/5d:-20000,20000(-20000.000000)
494:Player,BR:0cr300c/cc/r200r1200c/cc:TsAd,7c8s|/JhQhKh/9s/9c:1800,-1800(1800.000000)
495:BR,Player:0r130c/cc/cr299f:JcQs,7sAd|/4cKsKh/Kd:-230,230(-230.000000)
496:Player,BR:0cr300c/cc/r200r1200r5400f:2dQd,KcAc|/4d9dKd/7h:1800,-1800(1800.000000)
497:BR,Player:0r130c/cr460c/r1380f:5sQs,2cKh|/5cJhQc/2d:690,-690(690.000000)
498:Player,BR:0cc/cc/cr200f:8dJc,5d8h|/2d9hAh/7h:-100,100(-100.000000)
499:BR,Player:0r200c/cr390c/cc/cc:8s8h,7cQh|/6s9sKh/2c/9c:690,-690(690.000000)
500:Player,BR:0cr600c/cc/r350r2100f:6c8c,8hTd|/JhJcQd/6d:-1050,1050(-1050.000000)
501:BR,Player:0r200c/cc/r600f:7cKh,3h5d|/5h7h9s/Ts:300,-300(300.000000)
502:Player,BR:0cc/cc/r130c/cc:8cTh,2d8s|/4h6h7h/2h/3s:230,-230(174.959361)
503:BR,Player:0r200c/cr600c/cc/cc:8s9c,4dTh|/5hQhKd/Qc/6h:-900,900(-638.246254)
504:Player,BR:0cr300c/r520c/cr1840f:QsKs,2hJc|/4cThTd/7h:-920,920(-920.000000)
505:BR,Player:0r130c/cr299c/cc/cr687c:5h9c,8hTh|/6hQhAd/5c/9h:-1216,1216(-46.977656)
506:Player,BR:0cr300c/cc/r200c/r120r1440r2808r9936f:QcAs,8cKc|/4sJhQd/9h/Qs:-4968,4968(-4968.000000)
507:BR,Player:0f:AsAh,2h9d|:50,-50(50.000000)
508:Player,BR:0cc/r130c/cr460f:3h6d,8h9s|/5d7h9h/6s:-230,230(-230.000000)
509:BR,Player:0cc/cr130c/cc/r19770f:5s9d,5dTc|/8s9cKd/3c/Ks:230,-230(230.000000)
510:Player,BR:0cr200c/r600c/r1170f:8hTh,2s3s|/9hQdAd/Ah:900,-900(900.000000)
511:BR,Player:0cc/cc/cc/r19900f:5d9s,2hJd|/3dQsAc/Ks/Kh:100,-100(100.000000)
512:Player,BR:0cc/cc/cr200c/cc:3d7c,8dAh|/2s8sKs/7h/9h:-300,300(-123.154156)
513:BR,Player:0r130c/cc/r19770f:4d8s,4hJd|/2d3h3c/5c:230,-230(230.000000)
514:Player,BR:0cr300c/cc/r800f:6sAs,4s6d|/3d7cAh/Jc:400,-400(400.000000)
515:BR,Player:0f:8dQs,3h8s|:50,-50(50.000000)
516:Player,BR:0cr300c/r520c/cr1840c/cr5520f:ThKc,JdAs|/4dTdTc/8d/6d:-2760,2760(-2760.000000)
517:BR,Player:0r130c/cr299c/cr264r1586f:2hJs,7hKs|/6d8sQh/8h:793,-793(793.000000)
518:Player,BR:0cc/cc/cr200c/r150r19550f:4h8h,6s6c|/4d5cJd/4s/Tc:-450,450(-450.000000)
519:BR,Player:0r130c/cr299c/cc/cr687f:9cJs,9sQc|/2hThQh/Jc/7c:-529,529(-529.000000)
520:Player,BR:0cc/cc/r200c/r600r1800f:3sJh,QdKs|/5d7dTh/Js/6s:-900,900(-900.000000)
521:BR,Player:0r200c/cc/r600f:4cKd,5s7h|/8c9sKh/Th:300,-300(300.000000)
522:Player,BR:0cc/cc/cc/r130r19770f:6sTc,6cKs|/3h7hJc/Jh/8c:-230,230(-230.000000)
523:BR,Player:0r130c/cc/cr460f:6sQc,6c8c|/2c9hKc/5d:-230,230(-230.000000)
524:Player,BR:0cc/cc/cr200c/cr19700f:4hAc,4s7d|/7s8d8c/5h/6d:-300,300(-300.000000)
525:BR,Player:0r130c/cr299c/r1058r2063r7300f:7cKd,7s9d|/6dTsTc/2h:3650,-3650(3650.000000)
526:Player,BR:0cc/cc/cr200c/cc:4cKh,3sTh|/4h7d9h/9d/8h:300,-300(300.000000)
527:BR,Player:0r200c/cr390c/cc/r19310f:2h7h,4d7s|/6sQhAs/5d/6c:690,-690(690.000000)
528:Player,BR:0cr300c/cc/cr800c/cr2400c:9cAd,4c6h|/6d6c9s/Ac/Kh:-3600,3600(-3600.000000)
529:BR,Player:0f:4sAs,3d6c|:50,-50(50.000000)
530:Player,BR:0cc/cc/cc/r300r19600f:4hKh,3h7h|/4d6h8c/Kc/5d:-400,400(-400.000000)
531:BR,Player:0r130c/cc/r19770f:2dTd,8dTs|/2c3s4c/7s:230,-230(230.000000)
532:Player,BR:0cc/cc/r130f:2s3c,6h7h|/4c9cQd/Kc:100,-100(100.000000)
533:BR,Player:0r130c/cr299c/r19471f:6c7h,9hQh|/6s6hQc/Td:529,-529(529.000000)
534:Player,BR:0cc/cc/cc/r130r19770f:7c9d,5cKs|/2c3s7h/Tc/Ac:-230,230(-230.000000)
535:BR,Player:0r130c/cr460c/r1380c/cc:2sJc,8hJs|/9cQcKc/Th/6c:2070,-2070(2070.000000)
536:Player,BR:0cr200c/cc/r390r1380f:5hAs,3sJd|/9dKdAc/Qd:-690,690(-690.000000)
537:BR,Player:0r130c/cr299c/cc/cc:5dKd,6cKs|/3s9cTh/2s/2d:0,-0(100.476107)
538:Player,BR:0cc/cc/cc/cc:3dAh,6d7h|/7sTcKc/2c/9h:-100,100(-64.824568)
539:BR,Player:0r130c/cc/cc/cc:5h9s,9h9d|/2s5dAc/Ks/Ts:-230,230(139.345887)
540:Player,BR:0cc/cc/cr200f:6cJh,KsKd|/4c7dTh/7s:-100,100(-100.000000)
541:BR,Player:0r130c/cr299c/cc/cr1058r18413f:8h9d,3hJc|/5hTcKh/2s/8c:1587,-1587(1587.000000)
542:Player,BR:0cr300c/r520c/cr1840c/r552f:KhKd,2cJd|/5s9sTc/Td/9c:2760,-2760(2760.000000)
543:BR,Player:0f:5c9s,2d5s|:50,-50(50.000000)
544:Player,BR:0cr300c/cc/r200c/r780r18620f:2s6s,6dAh|/8d9cTh/Kd/As:-1380,1380(-1380.000000)
545:BR,Player:0r130c/cc/cr115r690f:2sAs,4d7h|/4hThKc/Ts:345,-345(345.000000)
546:Player,BR:0cc/cc/r200f:3sAc,2c3c|/7c8dAs/6d:100,-100(100.000000)
547:BR,Player:0r200c/cr600c/cr1800r17300f:5hAc,7s8s|/4c5s9s/Jd:2700,-2700(2700.000000)
548:Player,BR:0cc/cc/r130r460c/cr1380f:9cJs,2dKc|/2s4dJd/8d/4c:-690,690(-690.000000)
549:BR,Player:0r130c/cr299c/cr687f:2c6c,7s8c|/6s9cJd/Th:-529,529(-529.000000)
550:Player,BR:0cc/cc/cr200c/cr19700f:TsKh,4h6d|/3c5s9h/3d/7c:-300,300(-300.000000)
551:BR,Player:0r130c/cc/cc/r460f:4s7d,5c8s|/2hThKd/5d/Js:230,-230(230.000000)
552:Player,BR:0cr300c/cc/r200r1200c/cc:9sKc,4s8h|/6h7cTh/Kh/Tc:1800,-1800(1800.000000)
553:BR,Player:0r130c/cr299c/r1058f:7s7d,4sQh|/8s8dTd/Ah:529,-529(529.000000)
554:Player,BR:0cr130c/r460c/r4140r9660f:3d5d,5s6d|/4s6hKc/Tc:-4830,4830(-4830.000000)
555:BR,Player:0r200c/cc/r600c/cc:4dAh,4cKc|/8dJhAd/Kh/8h:900,-900(852.499856)
556:Player,BR:0cc/cc/cc/r200c:9dJc,2cQc|/2s6h8d/3c/8s:-300,300(-219.948760)
557:BR,Player:0r200c/cr900c/cc/r2400c:5s8c,KcAh|/3cQsAs/8s/8h:3600,-3600(3600.000000)
558:Player,BR:0cc/r130c/cc/cr19770f:7sJs,4hTh|/8d9cQh/7c/Ah:-230,230(-230.000000)
559:BR,Player:0f:5h5c,3h9d|:50,-50(50.000000)
560:Player,BR:0cr300c/cc/cr800c/cr2400f:7dAc,3s7c|/3c6hTd/2d/Jd:-1200,1200(-1200.000000)
561:BR,Player:0r130c/cc/cc/cc:8hTc,TsAh|/3d4hQd/7h/Kc:-230,230(-230.000000)
562:Player,BR:0cr200c/cc/r600c/cr1800f:7cTc,7d8c|/6c7h9c/4s/Ah:-900,900(-900.000000)
563:BR,Player:0r200c/cc/cr390r19310f:2sTc,7d8d|/6h8cAc/3d:690,-690(690.000000)
564:Player,BR:0cc/cc/r130c/r460f:7dJh,5s5d|/4c8d9d/Jd/Td:230,-230(230.000000)
565:BR,Player:0f:9hKc,3s6c|:50,-50(50.000000)
566:Player,BR:0cr300c/r520c/cc/cc:4d5d,6cAd|/2dJcQs/Ks/2c:-920,920(-684.611055)
567:BR,Player:0cc/cc/r200f:5hQh,7s8c|/JhQdAs/Tc:100,-100(100.000000)
568:Player,BR:0cr200c/cc/cr600r1800f:7h7c,6dAh|/2s4h8c/8d:900,-900(900.000000)
569:BR,Player:0r130c/cc/r460c/cr1380f:9hAc,3dAd|/6d7cKh/Qd/2d:-690,690(-690.000000)
570:Player,BR:0cc/cc/cr200f:4sKs,4hTh|/6hAsAc/5h:-100,100(-100.000000)
571:BR,Player:0r130c/cr299c/r1058f:4cKd,6cQd|/3h8s8h/4d:529,-529(529.000000)
572:Player,BR:0cr300c/cc/cc/r200f:3d3c,5hQc|/4s9hJh/4c/4h:400,-400(400.000000)
573:BR,Player:0r130c/cc/cc/r460r2070f:3d9d,3sKc|/JsJdKd/Tc/Ks:-690,690(-690.000000)
574:Player,BR:0cc/r130c/cr460f:5d9d,2h2d|/3cJcQd/Th:-230,230(-230.000000)
575:BR,Player:0r130c/cc/r460f:6s7s,5s5h|/3c8hTd/Qs:230,-230(230.000000)
576:Player,BR:0cc/cc/cr200c/cr19700f:TsKd,4dQd|/5dQcAs/7c/8s:-300,300(-300.000000)
577:BR,Player:0cc/cr200c/r600f:7c9d,2s3s|/TsKcAs/Tc:300,-300(300.000000)
578:Player,BR:0cr300c/r520c/cr19080f:7s7c,3d6d|/3s4cKc/Qs:-920,920(-920.000000)
579:BR,Player:0r130c/cr299c/r1058f:3cQd,5cTd|/3d7hKh/Qc:529,-529(529.000000)
580:Player,BR:0cc/cc/r300r800f:6cTc,4dQd|/2d5c9d/Jc:-400,400(-400.000000)
581:BR,Player:0r130c/cc/r460f:8cAd,8hQs|/2dJhAh/Kc:230,-230(230.000000)
582:Player,BR:0cr300c/r520c/cr1840c/cc:2h4h,5hQh|/2c3dTd/2d/6h:2760,-2760(2760.000000)
583:BR,Player:0r200c/cr390c/r1380r4140f:4s9d,2cAh|/2h8sAd/Qs:-2070,2070(-2070.000000)
584:Player,BR:0cr300c/cc/cr800c/cr2400c:9hAh,TdAc|/4dKsAs/7d/5s:-3600,3600(-1669.325622)
585:BR,Player:0r130c/cr299c/cc/r19471f:QcAs,9cTc|/5s5c7h/Kd/5d:529,-529(529.000000)
586:Player,BR:0cc/cc/cc/cr19900f:5sKh,9dKs|/2c4h7c/6c/5d:-100,100(-100.000000)
587:BR,Player:0r300c/cc/r800f:7dJc,5cKh|/6c8hAh/Ad:400,-400(400.000000)
588:Player,BR:0cc/cc/r130r460f:4d8h,9hQh|/9s9dTd/Ad:-230,230(-230.000000)
589:BR,Player:0r130c/cr299c/cr1058r3174f:5s6h,7sJh|/6cQdAs/Kd:1587,-1587(1587.000000)
590:Player,BR:0cc/cc/cr200f:3h6d,8cTh|/5d8h9h/Ac:-100,100(-100.000000)
591:BR,Player:0r130c/cc/cr299f:3dTd,7h8d|/8sQhKs/8c:-230,230(-230.000000)
592:Player,BR:0cc/cc/cc/cc:8hJc,4hAh|/2d5sTd/5c/Qs:-100,100(-25.678746)
593:BR,Player:0r130c/cr460c/cc/r19310f:QdKh,8c9d|/4d6sTd/9c/Ad:690,-690(690.000000)
594:Player,BR:0cc/cc/cr200f:TcQs,5hAd|/4d6h7s/Ks:-100,100(-100.000000)
595:BR,Player:0r130c/cc/r460f:9sJc,8h9d|/3c5sJd/Kc:230,-230(230.000000)
596:Player,BR:0cr600c/cc/r350r2100f:4d5c,9sKh|/QsQhKc/3d:-1050,1050(-1050.000000)
597:BR,Player:0r130c/cr299c/cr687r2432f:7hQh,9s9c|/7s8dJs/Ks:1216,-1216(1216.000000)
598:Player,BR:0cc/cc/cr200c/cr600c:JdKs,6cQs|/QhQdKh/8c/Tc:-900,900(-833.595591)
599:BR,Player:0r130c/cc/r19770f:TsJd,9dQd|/2cQcKc/4h:230,-230(230.000000)
600:Player,BR:0cc/cc/cc/cr200f:2s4d,3sKh|/8h9cTd/9d/7d:-100,100(-100.000000)
601:BR,Player:0cc/cr130c/cc/cc:JcKc,3cJh|/2h3s8c/4s/4c:-230,230(-230.000000)
602:Player,BR:0cc/cc/cc/cc:6d9s,2sQh|/7d8dKs/6h/8s:100,-100(29.426103)
603:BR,Player:0r200c/cc/cc/cc:3h6s,6hTs|/6dJdQs/7h/8h:-300,300(38.241694)
604:Player,BR:0cc/cc/cc/r130f:6hQs,2cKd|/4c8dTc/6s/Jd:100,-100(100.000000)
605:BR,Player:0r130c/cr299c/cc/r1058c:7dKc,8hJd|/3c8dTh/Qc/Jc:-1587,1587(-1587.000000)
606:Player,BR:0cc/cc/r130r19770f:6dJs,2hKh|/3h9hTh/Jd:-230,230(-230.000000)
607:BR,Player:0r200c/cc/cr390r1380f:4s7c,3cJs|/4cJcKs/5h:690,-690(690.000000)
608:Player,BR:0cr200c/cc/r150r900c/cr2700c:TcQc,3sAd|/7cAsAc/Kh/Js:4050,-4050(-2620.653850)
609:BR,Player:0cc/cr130c/cc/r19770f:JdQs,3sAc|/5c6cJc/7s/4h:230,-230(230.000000)
610:Player,BR:0cr300c/r1200c/r800r17600c/cc:TcQd,3h4d|/5d6cJd/Qc/6h:20000,-20000(20000.000000)
611:BR,Player:0r200c/cc/cc/cr600r19100f:6s6c,8dJc|/2cTsKc/7d/4d:900,-900(900.000000)
612:Player,BR:0cr200c/cc/cc/r150f:3h3c,2s5h|/6s8s8h/3s/Ah:300,-300(300.000000)
613:BR,Player:0r130c/cc/cc/cr299r19471f:2h7c,8dAc|/5s5cJd/Ad/Qh:529,-529(529.000000)
614:Player,BR:0cc/cc/cr19900f:2d4c,2sTh|/6dQhAh/Jd:-100,100(-100.000000)
615:BR,Player:0r130c/cc/cr690r1840f:7h8h,8c9s|/2dJsAh/Th:920,-920(920.000000)
616:Player,BR:0cc/cc/cr200c/cc:5dTs,AsAc|/5h7d9h/4h/Jc:-300,300(-179.607002)
617:BR,Player:0r200c/cc/cc/cc:4hAs,7dAc|/5c8sJd/Kd/Qc:0,-0(-173.870130)
618:Player,BR:0cr300c/cc/r200c/cc:KcAh,5dAc|/7d8sTc/Td/Ks:600,-600(319.887540)
619:BR,Player:0r130c/cr460c/cc/r19310f:9d9c,5dAc|/4s7hJd/8d/3s:690,-690(690.000000)
620:Player,BR:0cc/cc/cr200c/cr19700f:2cAh,4hAc|/5d9cTc/4d/Th:-300,300(-300.000000)
621:BR,Player:0r200c/cc/r600c/cc:3cTd,JhQh|/4cTsKs/6c/Qc:-900,900(-83.791826)
622:Player,BR:0cc/cc/cc/cc:TdJh,6hJs|/4s7hTs/Ah/7c:100,-100(72.808113)
623:BR,Player:0r130c/cr460c/cc/r1380r2691r9522f:8dQs,2cAd|/4c5sQc/5h/5c:4761,-4761(4761.000000)
624:Player,BR:0cr600c/cc/cr1400f:5c8s,2s6s|/5h9dJd/Ah:-700,700(-700.000000)
625:BR,Player:0r200c/cc/r600c/r19100f:2dKc,QsAc|/6dQhKd/8c/3c:900,-900(900.000000)
626:Player,BR:0cc/cc/cr200f:3dKd,7h8d|/3s7sJs/8c:-100,100(-100.000000)
627:BR,Player:0r130c/cc/r460f:4c8c,QhAc|/5c9cTh/4d:230,-230(230.000000)
628:Player,BR:0cr130c/r299c/cc/cr1058f:8c9c,2c6d|/4d6hAh/5h/Td:-529,529(-529.000000)
629:BR,Player:0r130c/cr460c/cc/cc:4hQh,6hJs|/7hKsAd/7d/Td:690,-690(336.117430)
630:Player,BR:0cr600c/cc/cc/r140f:8s9d,5sJc|/2h8h8d/4h/2c:700,-700(700.000000)
631:BR,Player:0cc/cc/cr130r460f:8sQc,TsKc|/4s5c9d/6d:230,-230(230.000000)
632:Player,BR:0cc/cc/cr200f:2dTs,3sJs|/4h8sJc/4d:-100,100(-100.000000)
633:BR,Player:0r130c/cr299c/r1058f:2s8s,6dTd|/3sKsAc/7d:529,-529(529.000000)
634:Player,BR:0cc/cc/cc/cc:3sAc,8sKs|/8c9sJc/Qc/6s:-100,100(-33.017311)
635:BR,Player:0r130c/cc/r460f:6s9s,7s7c|/6cTdKh/2h:230,-230(230.000000)
636:Player,BR:0cc/cc/r200f:5dQs,3s4c|/2d6hQc/Jh:100,-100(100.000000)
637:BR,Player:0f:3c5c,2d4s|:50,-50(50.000000)
638:Player,BR:0cr300c/r520c/r460f:7hAc,4dTs|/3c5hQc/7s:920,-920(920.000000)
639:BR,Player:0f:4h5s,2s9h|:50,-50(50.000000)
640:Player,BR:0cc/cc/r130r460c/cr1380c:5sAh,4cJs|/4s6hAd/4d/Jh:-2070,2070(-2070.000000)
641:BR,Player:0f:2cAh,3cTs|:50,-50(50.000000)
642:Player,BR:0cc/cc/cc/cc:6cQh,7s7h|/2h9hTd/8d/3d:-100,100(-82.183915)
643:BR,Player:0r130c/cc/cc/cc:7sKd,5hJd|/7dQsAs/Qd/Qc:230,-230(230.000000)
644:Player,BR:0cc/cc/r200r19700f:3h8h,6sJh|/2d4c6h/9s:-300,300(-300.000000)
645:BR,Player:0cc/cc/r19900f:6s9c,5hAs|/9sThJs/8c:100,-100(100.000000)
646:Player,BR:0cc/cc/r130c/cr460c:9cAs,JsKc|/8s8hJc/3h/7d:-690,690(-690.000000)
647:BR,Player:0r200c/cr390c/r1380f:4h5h,7dTd|/5d8cQc/4c:690,-690(690.000000)
648:Player,BR:0cc/cc/cr200f:2hKs,9dTc|/6c9sAc/5c:-100,100(-100.000000)
649:BR,Player:0r130c/cc/r460f:4hAd,9sQs|/2hJdAc/Qc:230,-230(230.000000)
650:Player,BR:0cc/cc/r130r460c/r138c:6h8c,9hKc|/3s4hTh/8h/7h:-828,828(-142.871130)
651:BR,Player:0r200c/cc/cc/cc:7s7h,8dKh|/9dQdAd/8s/Qc:-300,300(54.254306)
652:Player,BR:0cc/cc/cc/r130f:7cJc,2dKs|/3d6c7d/Ts/3c:100,-100(100.000000)
653:BR,Player:0f:7sAh,3s9h|:50,-50(50.000000)
654:Player,BR:0cc/cc/cc/r130r19770f:3s8h,2d3c|/3h8dQs/Ks/Kd:-230,230(-230.000000)
655:BR,Player:0cc/cc/r19900f:KcAs,2cKd|/6cTsJd/8c:100,-100(100.000000)
656:Player,BR:0cr600c/r1400c/r420r17480f:QdKs,4d9s|/3hJdKh/Td:-2520,2520(-2520.000000)
657:BR,Player:0r130c/cc/r460c/r19310f:3d4c,7s7d|/8s8dTs/3h/Qh:690,-690(690.000000)
658:Player,BR:0cc/cc/cc/r130r460f:2sTd,2hAh|/4dTcJs/9s/9h:-230,230(-230.000000)
659:BR,Player:0r130c/cc/r19770f:3s8d,6d7h|/2s2dKd/4c:230,-230(230.000000)
660:Player,BR:0cr600c/cc/r140r1680c/cr17480f:7cAh,2d5d|/JhQcAd/6s/Jd:-2520,2520(-2520.000000)
661:BR,Player:0r130c/cc/r460f:7d8h,9cJd|/5c6dKh/5h:230,-230(230.000000)
662:Player,BR:0cr200c/cc/cc/cc:2hAh,2c5d|/6sJdQs/6c/9h:300,-300(300.000000)
663:BR,Player:0f:6d7s,3h7d|:50,-50(50.000000)
664:Player,BR:0cr200c/cc/r900f:6s9c,9dKd|/4c5s7h/8c:300,-300(300.000000)
665:BR,Player:0cc/cr130c/r460c/r19310f:9hTd,9dQs|/5c6cQd/Jd/6d:690,-690(690.000000)
666:Player,BR:0cr200c/cc/r390r1380c/cc:QdKh,5s5d|/4d7sKd/6d/Td:2070,-2070(243.679953)
667:BR,Player:0r130c/cc/r460c/cr897r3174f:6dQc,9dKh|/4d9sTs/Qd/Jd:1587,-1587(1587.000000)
668:Player,BR:0cr600c/cc/r140r1680f:8cJh,6hTd|/2h3cAd/9c:-840,840(-840.000000)
669:BR,Player:0cc/cc/r200f:2cTh,5sTc|/4c7hQh/9c:100,-100(100.000000)
670:Player,BR:0cc/cc/cr200f:6h7s,9hJd|/2hJcQs/3c:-100,100(-100.000000)
671:BR,Player:0r130c/cr299c/cr1058c/cc:2hAd,4dKh|/3d7hJc/9s/4h:-1587,1587(-1587.000000)
672:Player,BR:0cr200c/cc/cr600f:TcQc,6cJs|/4h5sAh/8d:-300,300(-300.000000)
673:BR,Player:0cc/cc/r200f:5d9c,7hAs|/2hThKc/4s:100,-100(100.000000)
674:Player,BR:0cc/cc/cc/cc:2c6h,4sJs|/ThQsQd/3c/Ts:-100,100(-17.606034)
675:BR,Player:0r130c/cr299c/cr1058f:5sTs,3cAs|/3dTcAc/9h:-529,529(-529.000000)
676:Player,BR:0cr600c/r910c/r2093f:9sAs,8sAh|/5s6sQs/7h:1610,-1610(1610.000000)
677:BR,Player:0f:2c3s,2h4d|:50,-50(50.000000)
678:Player,BR:0cr130c/r460c/r345r18965f:7hKh,2s3h|/2d5h7s/Js:-1035,1035(-1035.000000)
679:BR,Player:0r130c/cr460c/r1380c/cc:3c9c,6sAc|/4c8cQc/Td/8h:2070,-2070(2070.000000)
680:Player,BR:0cc/cc/cr200f:9cTs,4h6s|/3c4sJd/2s:-100,100(-100.000000)
681:BR,Player:0cc/cc/r200c/r600f:6cJc,7cKh|/ThTcQc/9s/5c:300,-300(300.000000)
682:Player,BR:0cc/cc/cr200f:3hQh,9hKd|/3c7cKc/8s:-100,100(-100.000000)
683:BR,Player:0f:6dKs,3d8c|:50,-50(50.000000)
684:Player,BR:0cr300c/r520c/cr1840f:3h6c,3c7c|/3sTdQs/9s:-920,920(-920.000000)
685:BR,Player:0cc/cr130c/cc/cr460r19310f:TsTc,6hQs|/2c4c6s/3h/Qd:690,-690(690.000000)
686:Player,BR:0cc/cc/cc/cc:JdKs,3h3c|/2c8cQd/6h/Ts:-100,100(-28.034036)
687:BR,Player:0f:4sTh,2s3d|:50,-50(50.000000)
688:Player,BR:0cc/cc/r130r19770f:2cKs,2h9c|/JsQdKh/9s:-230,230(-230.000000)
689:BR,Player:0r200c/cc/cr390f:2hTc,9sAs|/4s4c8c/8h:-300,300(-300.000000)
690:Player,BR:0cc/cc/r130r460f:2c3h,5s7s|/4c6sJc/9c:-230,230(-230.000000)
691:BR,Player:0r130c/cc/r19770f:4h7c,6sJc|/5hKhAd/2c:230,-230(230.000000)
692:Player,BR:0cc/cc/cc/cr200f:2h8c,7h7d|/5cQdKd/8s/6d:-100,100(-100.000000)
693:BR,Player:0r130c/cc/cc/cc:3c5s,6h9d|/5c9cKd/Qh/8c:-230,230(45.925915)
694:Player,BR:0cc/cc/r200c/r600r19100f:5cTs,KhKc|/3c9cAs/4h/7c:-900,900(-900.000000)
695:BR,Player:0r130c/cc/r460f:5s9h,2hKc|/3d6d7h/As:230,-230(230.000000)
696:Player,BR:0cr300c/r520c/cr1840f:4s7s,2cJh|/8sQdAc/Td:-920,920(-920.000000)
697:BR,Player:0r130c/cr299c/r1058f:5dQh,7dTs|/5s9dQc/Tc:529,-529(529.000000)
698:Player,BR:0cc/r200c/r390r1380f:9sQh,6sKh|/2c6cQc/7d:-690,690(-690.000000)
699:BR,Player:0r130c/cr690c/cr1840f:6s8s,2h2d|/7dJhQd/8d:-920,920(-920.000000)
700:Player,BR:0cc/cc/cr200f:4h9d,3dJs|/5c7cJd/As:-100,100(-100.000000)
701:BR,Player:0r130c/cc/r460f:6sTd,4cAs|/7s9cTh/9d:230,-230(230.000000)
702:Player,BR:0cr300c/cc/cc/cr800c:ThJs,7h8h|/5cJcKd/Qs/7s:1200,-1200(-887.891817)
703:BR,Player:0r130c/cc/r460f:9cQd,QcKs|/3d8dJh/2d:230,-230(230.000000)
704:Player,BR:0cc/cc/cr200f:6c9s,7dQc|/2cJhQs/5h:-100,100(-100.000000)
705:BR,Player:0r130c/cc/r460f:7s9s,TsJc|/2cJhKh/2s:230,-230(230.000000)
706:Player,BR:0cc/cc/r200r600c/r180r18920f:3h8h,QdAc|/7s9hQs/6h/9s:-1080,1080(-1080.000000)
707:BR,Player:0r200c/cc/cr390r1380f:9hQs,4d7s|/4s8cKd/Ks:690,-690(690.000000)
708:Player,BR:0cr300c/cc/cc/cc:2d2c,2sAs|/3d4h7c/6h/Ts:400,-400(260.877268)
709:BR,Player:0r130c/cc/r460f:9cTh,TcQc|/8h8cAh/Jh:230,-230(230.000000)
710:Player,BR:0cc/cc/cr200f:4hTs,4sQs|/7h8cKs/Qd:-100,100(-100.000000)
711:BR,Player:0r130c/cr460c/r1380f:KsKc,TsQc|/2s7dJh/7c:690,-690(690.000000)
712:Player,BR:0cr300c/cc/cc/r520r1840f:4s7s,TdQh|/9cQdKh/Ad/8s:-920,920(-920.000000)
713:BR,Player:0r200c/cr390c/r19310f:2hKs,4cTd|/2d2c9s/7d:690,-690(690.000000)
714:Player,BR:0cr200c/cc/cr600f:JcKc,5sAh|/5d6cQs/3d:-300,300(-300.000000)
715:BR,Player:0r130c/cc/cc/r460f:2c9s,9dAc|/4sJdQc/7d/Td:230,-230(230.000000)
716:Player,BR:0cr300c/cc/cr800f:3hTh,8cJs|/4h8d9d/2c:-400,400(-400.000000)
717:BR,Player:0cc/cr130c/cc/cc:3dQd,4h9c|/4s8dAd/Ac/6s:-230,230(-98.666882)
718:Player,BR:0cr300c/cc/r1200f:JsKs,5sTs|/5h6dQh/Kc:400,-400(400.000000)
719:BR,Player:0f:6dJh,2h4c|:50,-50(50.000000)
720:Player,BR:0cc/cc/r130f:2h9h,4s5s|/8d9cQs/3d:100,-100(100.000000)
721:BR,Player:0r130c/cr299c/cr1587r4232c/r12696f:TsAh,JcQc|/4d8cQd/Js/8h:6348,-6348(6348.000000)
722:Player,BR:0cr300c/cc/cr800c/cr2400c:KhKd,8d9c|/6h7cJs/Ad/Ac:3600,-3600(3600.000000)
723:BR,Player:0cc/cr130c/cr690r1840f:8sJd,4s8d|/6dQdKc/7c:920,-920(920.000000)
724:Player,BR:0cc/cc/r200f:3s8s,8dTd|/5c6hQh/3h:100,-100(100.000000)
725:BR,Player:0r130c/cr460c/r1380f:5dTc,5sQc|/3d6c8h/Ts:690,-690(690.000000)
726:Player,BR:0cr600c/r2100c/cr5600f:8dTs,3sAd|/2h5d8h/Ks:-2800,2800(-2800.000000)
727:BR,Player:0r130c/cr299c/cr1587f:TsAs,3h6h|/2d6c9d/3c:-529,529(-529.000000)
728:Player,BR:0cr300c/cc/r200r19400f:7sJh,5cAh|/2c5dAs/9s:-600,600(-600.000000)
729:BR,Player:0r130c/cc/r460f:5h6s,9dTh|/4cAhAc/5d:230,-230(230.000000)
730:Player,BR:0cc/cc/cc/r300r19600f:9cQd,2d8d|/5hTcQh/6s/Qc:-400,400(-400.000000)
731:BR,Player:0r300c/cr520c/cr1196c/cc:5hAh,KsKh|/2d2cJh/Td/Jd:-2116,2116(-2116.000000)
732:Player,BR:0cc/cc/cr200f:2sKh,4s6s|/4c6d9s/7d:-100,100(-100.000000)
733:BR,Player:0r130c/cr460c/cc/r19310f:6s9h,5hJs|/2sThQh/Jh/7s:690,-690(690.000000)
734:Player,BR:0cc/cc/r130r460f:3cTd,4h6c|/2s3d9d/Ks:-230,230(-230.000000)
735:BR,Player:0cc/cr300c/cr520r1840f:5d6d,8hAd|/3sTcAh/3h:920,-920(920.000000)
736:Player,BR:0cc/cc/cc/cr200f:5s6h,TsQs|/2s7h8h/3h/Js:-100,100(-100.000000)
737:BR,Player:0r200c/cc/cr600c/cr1800r5400f:4c6h,4sJs|/5d9hKh/6c/Ks:2700,-2700(2700.000000)
738:Player,BR:0cc/cc/cr200f:6h8c,3c5c|/2s3hQs/9c:-100,100(-100.000000)
739:BR,Player:0r200c/cr390c/r1380f:3hQh,5hQc|/3c9d9c/Kc:690,-690(690.000000)
740:Player,BR:0cc/cc/cc/r130c:2cKc,9sKd|/3c7dQc/Td/8c:230,-230(80.364368)
741:BR,Player:0cc/cr130c/cc/cr299r19471f:2c6s,6dJd|/3d7hKc/2s/7s:529,-529(529.000000)
742:Player,BR:0cc/cc/cc/cc:4h6c,3cJd|/ThQhKh/Jh/Ks:100,-100(44.596287)
743:BR,Player:0r130c/cc/cr115c/cc:3h6h,9dQd|/7c9cTd/6c/Ah:-345,345(-233.621328)
744:Player,BR:0cc/cc/r130r460f:7dTh,6sAd|/6h9cQd/4d:-230,230(-230.000000)
745:BR,Player:0r130c/cr299c/cr1058f:7d9s,ThQh|/8cJsAd/5d:-529,529(-529.000000)
746:Player,BR:0cc/cc/r130r460f:8sJc,2d6s|/7s8hAc/5c:-230,230(-230.000000)
747:BR,Player:0cc/cc/cc/r200f:5h7h,6dAd|/4dTcJc/7s/5s:100,-100(100.000000)
748:Player,BR:0cc/cc/cr200f:3sKh,9sQc|/6s7dQs/Td:-100,100(-100.000000)
749:BR,Player:0cc/cr130c/cr299f:2s7s,3c5h|/4h6cJs/Kh:-230,230(-230.000000)
750:Player,BR:0cc/cc/cr200f:4h8s,2cTc|/3h7cAc/Qc:-100,100(-100.000000)
751:BR,Player:0f:JhKs,3h7s|:50,-50(50.000000)
752:Player,BR:0cr300c/cc/cc/r200r1200f:4s6h,8h8c|/TcJdAh/4h/Ad:-600,600(-600.000000)
753:BR,Player:0f:2s4s,2c8h|:50,-50(50.000000)
754:Player,BR:0cc/cc/r130c/cr460c:3h8c,7cQh|/6dQsKh/Js/8h:-690,690(-621.134371)
755:BR,Player:0r130c/cc/cr299r19471f:TcJc,9sQh|/3h9dKs/As:529,-529(529.000000)
756:Player,BR:0cr200c/cc/cr600f:JsKh,6c7c|/5d6d8s/2c:-300,300(-300.000000)
757:BR,Player:0r130c/cr299c/cc/cr687r2432f:7sKd,6hAd|/2d4s6c/9s/Jd:1216,-1216(1216.000000)
758:Player,BR:0cc/cc/cc/cr200r390r19310f:7dAc,6cAs|/9cThKc/6s/5h:-690,690(-690.000000)
759:BR,Player:0r130c/cc/cc/r19770f:8cQd,4hAc|/2s6dKd/6c/7c:230,-230(230.000000)
760:Player,BR:0cc/cc/cc/cr200f:3s4h,7hAs|/4d8dQs/9h/Jc:-100,100(-100.000000)
761:BR,Player:0r130c/cc/cr115f:3d9s,TsAd|/4c8sQc/4d:-230,230(-230.000000)
762:Player,BR:0cc/cc/r200c/cc:3hQs,4dAd|/5cTsJc/9s/Tc:-300,300(-216.074798)
763:BR,Player:0f:8cJs,3dTs|:50,-50(50.000000)
764:Player,BR:0cr130c/cc/cc/cr460c:9cKs,7h8d|/5h5c8h/Ts/Ah:-690,690(-556.386274)
765:BR,Player:0r130c/cr299c/cc/r19471f:2h5c,3c6c|/5d9hQd/Ad/8d:529,-529(529.000000)
766:Player,BR:0cc/cc/r300f:2hAd,4hTs|/2d9dKh/2s:100,-100(100.000000)
767:BR,Player:0r130c/cr299c/cr687f:TsQd,6sAd|/4sKhAh/2s:-529,529(-529.000000)
768:Player,BR:0cc/cc/cr200c/cr600f:4hQd,2c5h|/4c7hAc/7d/Td:-300,300(-300.000000)
769:BR,Player:0r200c/cc/cr150r900c/cr1755f:3cJd,6dQd|/8dQcKd/Ad/Kh:-1350,1350(-1350.000000)
770:Player,BR:0cc/cc/r130c/r115r690c:4cQd,4sQh|/5dThQs/9h/Ah:0,-0(0.000000)
771:BR,Player:0r130c/cr299c/cc/r1058f:3cTh,7sTc|/2hJhAd/9h/7h:529,-529(529.000000)
772:Player,BR:0cr600c/r8400c/cr10900f:2dAd,5h9d|/2h3c9c/6d:-9100,9100(-9100.000000)
773:BR,Player:0r200c/cc/cr390r19310f:3h7d,2cQh|/6d9dJh/5c:690,-690(690.000000)
774:Player,BR:0cc/cc/r200r19700f:3h6d,TsKc|/7s9hQc/5d:-300,300(-300.000000)
775:BR,Player:0r130c/cc/r460c/cr897c:2hAh,5d6d|/2s6c7h/6s/4h:-1587,1587(-187.630862)
776:Player,BR:0cc/cc/cr200f:3d7c,4c8d|/ThTcAh/3h:-100,100(-100.000000)
777:BR,Player:0r130c/cc/r460c/r1380f:AhAc,5s5c|/2s2cKs/6c/Td:690,-690(690.000000)
778:Player,BR:0cc/cc/cr200f:5d7c,7hQc|/ThQdKc/8h:-100,100(-100.000000)
779:BR,Player:0r130c/cc/r460f:TcAc,2s2c|/4s7hTh/6s:230,-230(230.000000)
780:Player,BR:0cc/cc/r130r460f:4c9s,2s6h|/2h6s6c/2d:-230,230(-230.000000)
781:BR,Player:0r200c/cc/r600f:6h7s,3sKc|/4s9hJh/7h:300,-300(300.000000)
782:Player,BR:0cr600c/cc/cr1400f:8sJs,3d5d|/6sJdAh/Qd:-700,700(-700.000000)
783:BR,Player:0cc/cc/cr130c/cc:5cQh,2hJc|/3c7hJh/Kh/Ad:-230,230(-190.483380)
784:Player,BR:0cc/cc/r130f:5c6s,2h7s|/3d4hQc/Ad:100,-100(100.000000)
785:BR,Player:0r200c/cc/cr390r19310f:TdKc,7s8s|/9hJhJc/2d:690,-690(690.000000)
786:Player,BR:0cr300c/cc/cr800f:KdAh,5s6c|/2c3s7h/8s:-400,400(-400.000000)
787:BR,Player:0r130c/cr299c/r1058c/r3174f:JcKd,7dKc|/TcJdQd/3c/2c:1587,-1587(1587.000000)
788:Player,BR:0cc/cc/r300r800f:8hJs,2h9c|/7s7dTc/4s:-400,400(-400.000000)
789:BR,Player:0cc/cc/r200f:6cQc,3s6h|/4cTcQh/As:100,-100(100.000000)
790:Player,BR:0cc/cc/cr200f:6cKd,ThAs|/2s3sTs/8d:-100,100(-100.000000)
791:BR,Player:0r130c/cr299c/r1058c/r3174c:8dQd,7h9h|/5d7d9s/3h/6s:4761,-4761(4096.244868)
792:Player,BR:0cr200c/r390c/r1380f:5s5d,9hTs|/5hJcAs/2d:690,-690(690.000000)
793:BR,Player:0r130c/cc/cr299r19471f:4s9s,9h9c|/5hKcAc/7h:529,-529(529.000000)
794:Player,BR:0cr200c/cc/r390r19310f:AsAc,6s8d|/2h4s7s/5s:-690,690(-690.000000)
795:BR,Player:0r130c/cc/cc/r19770f:2dKd,7hAh|/4h4cTc/9d/2h:230,-230(230.000000)
796:Player,BR:0cc/cc/cr200r390r1380f:2d4h,5dAh|/3c7hAd/7d:-690,690(-690.000000)
797:BR,Player:0r130c/cc/cc/cr460r19310f:2c5h,TdAh|/3d7dKc/Qh/Ad:690,-690(690.000000)
798:Player,BR:0cc/cc/r300r800f:8h9s,9cAs|/6sQcAc/7c:-400,400(-400.000000)
799:BR,Player:0r130c/cr299c/r1058c/r3174f:9dJc,8dTs|/3d4hQd/Th/7h:1587,-1587(1587.000000)
800:Player,BR:0cc/cc/cr200c/cc:2h8s,4cAd|/4s8cJd/Jc/Qh:300,-300(30.003321)
801:BR,Player:0r200c/cc/cc/r19700f:2s3s,7h9s|/TdQsAh/Qh/Kc:300,-300(300.000000)
802:Player,BR:0cc/cc/cr200f:2cJh,2h9h|/6d7hKs/Kh:-100,100(-100.000000)
803:BR,Player:0r130c/cr299c/cr687c/r18784f:3s4c,5sQc|/3d7sJc/7c/5c:1216,-1216(1216.000000)
804:Player,BR:0cr300c/cc/r800r2400c/cr7200f:5sKd,AsAc|/6c8dQc/Ks/6s:-3600,3600(-3600.000000)
805:BR,Player:0cc/cc/r200c/r600f:9cKd,7dJh|/2h2dKs/7c/2s:300,-300(300.000000)
806:Player,BR:0cr130c/cc/r299c/r687c:TdJd,2sQs|/2c4hTh/9h/2d:-1216,1216(-1096.896387)
807:BR,Player:0r200c/cc/cc/cr900r2400f:3d6c,JhAd|/4c5sKc/9s/Ac:1200,-1200(1200.000000)
808:Player,BR:0cc/cc/cr200f:6sJh,JsKc|/4s4dQc/9d:-100,100(-100.000000)
809:BR,Player:0r130c/cc/r460c/r1380f:8s8c,3cKc|/QsQhAd/Th/As:690,-690(690.000000)
810:Player,BR:0cc/cc/cr200r900r2400f:3hAs,ThQd|/5s7dQc/4h:-1200,1200(-1200.000000)
811:BR,Player:0r130c/cr299c/cr1058c/cc:7sTc,3c8c|/6s9cTs/Qh/8d:1587,-1587(1373.105763)
812:Player,BR:0cc/cc/r130r460f:2d6c,8sKs|/3c4h8c/8d:-230,230(-230.000000)
813:BR,Player:0r130c/cr460c/r19310f:3c5c,5d7d|/2c8d9s/2s:690,-690(690.000000)
814:Player,BR:0cr200c/r390c/r1380c/cr4140f:3s6d,9hQd|/5d7c8c/2d/Th:-2070,2070(-2070.000000)
815:BR,Player:0r200c/cc/cc/cc:4h6s,6dAs|/5hTsQs/8c/Kd:-300,300(-300.000000)
816:Player,BR:0cr200c/cc/cr600c/cc:JcAd,TcKd|/3d8h9s/Qh/Kh:-900,900(-554.032255)
817:BR,Player:0r130c/cc/cc/cc:6cTc,6sAc|/8s9dQh/4c/Td:230,-230(215.012440)
818:Player,BR:0cr600c/cc/r140c/cr1680f:5h5c,5dQs|/2d9cAh/Jd/8h:-840,840(-840.000000)
819:BR,Player:0r130c/cr299c/cr687r2432f:4cJc,8dKc|/2dThKh/Jd:1216,-1216(1216.000000)
820:Player,BR:0cr300c/cc/r200r1200f:JhAc,9sKc|/2c4hKs/7c:-600,600(-600.000000)
821:BR,Player:0cc/cc/r19900f:2cJd,KsAd|/3h5s9c/Ac:100,-100(100.000000)
822:Player,BR:0cc/cc/cc/cc:3hTc,3c7c|/2dQcAs/2h/4c:100,-100(95.460864)
823:BR,Player:0cc/cc/cc/cr300c:3hKc,3cJc|/6h6d9h/2c/4c:400,-400(400.000000)
824:Player,BR:0cc/cc/cc/r300f:3cTs,7dKc|/3d5cTh/8d/Jh:100,-100(100.000000)
825:BR,Player:0f:3h5h,2d9s|:50,-50(50.000000)
826:Player,BR:0cc/cc/cr200r900c/r2400f:6s8c,3hAd|/2d6h6d/8d/9d:1200,-1200(1200.000000)
827:BR,Player:0cc/cc/r19900f:QsAh,2dJh|/7cKdAc/4c:100,-100(100.000000)
828:Player,BR:0cr130c/cc/r115c/cc:6sQs,9cKh|/7c9sTs/5s/Th:345,-345(-48.555556)
829:BR,Player:0r130c/cr299c/cc/r19471f:3dJd,3h6c|/7cQhKd/7s/4s:529,-529(529.000000)
830:Player,BR:0cr130c/cc/r690f:TcQd,3h3c|/2h8dKh/9s:230,-230(230.000000)
831:BR,Player:0cc/cc/r200f:6hQs,8dQh|/2c5sAc/6d:100,-100(100.000000)
832:Player,BR:0cc/cc/cc/r300r19600f:2d3c,4c8h|/8dJsKh/Td/Qs:-400,400(-400.000000)
833:BR,Player:0r130c/cr299c/cc/r19471f:6sKd,8cJs|/2c7h8s/6d/7c:529,-529(529.000000)
834:Player,BR:0cc/cc/cc/cr19900f:2h7d,3hJc|/2d9cTd/6d/Ac:-100,100(-100.000000)
835:BR,Player:0r200c/cc/r600c/cc:9d9c,8sTh|/7c8cAc/2s/5h:900,-900(426.715758)
836:Player,BR:0cr600c/cc/cc/r350c:3h6h,3c9d|/3d6dQs/2d/5h:1050,-1050(-423.653634)
837:BR,Player:0cc/cc/r200f:4cKc,5s9c|/4h7dTh/Jh:100,-100(100.000000)
838:Player,BR:0cc/cc/cr19900f:6s9d,TdJc|/5cThJh/Ts:-100,100(-100.000000)
839:BR,Player:0r200c/cc/cc/cr390r19310f:3s7s,8sQc|/5cJsAd/8h/Ac:690,-690(690.000000)
840:Player,BR:0cr300c/r520c/r1840r17240f:JsAc,4sJh|/4hTdJc/6h:-2760,2760(-2760.000000)
841:BR,Player:0cc/cc/cc/r19900f:3c5d,JhKh|/5c7sTh/9d/7h:100,-100(100.000000)
842:Player,BR:0cr300c/r800c/r600r3600f:4hKh,2c8c|/8s8dQc/3d:-1800,1800(-1800.000000)
843:BR,Player:0r130c/cr460c/cc/r1380f:2sJh,7hJd|/5dTsKd/5s/Ac:690,-690(690.000000)
844:Player,BR:0cr600c/cc/r350c/r525r3150f:8h8d,JhAh|/5h5dKh/3d/6s:-1575,1575(-1575.000000)
845:BR,Player:0r130c/cr299c/cr687c/cr7296c:9dKd,5sJc|/7c9hAc/7s/6c:8512,-8512(8384.167107)
846:Player,BR:0cr200c/cc/r600c/r1170r4140f:JcQh,3hTs|/2d5cQc/3d/2s:-2070,2070(-2070.000000)
847:BR,Player:0r130c/cr299c/r1058f:4d9s,3sKc|/4h6d9h/5c:529,-529(529.000000)
848:Player,BR:0cc/cc/cr200c/cr600c:2s9s,QdKh|/3d9cQs/Ah/2h:900,-900(-370.911315)
849:BR,Player:0r130c/cr299c/cr687r2432f:5sTc,5cKh|/6d7sTd/4s:1216,-1216(1216.000000)
850:Player,BR:0cr300c/cc/cc/cr800f:JhAc,5h8d|/6h9dKd/Th/4d:-400,400(-400.000000)
851:BR,Player:0r130c/cc/cc/r460f:8dJc,7hAh|/3c4d6c/Td/7c:230,-230(230.000000)
852:Player,BR:0cc/cc/r130c/cc:8cJs,KdAs|/5h7sTh/4h/9h:230,-230(225.445792)
853:BR,Player:0cc/cr130c/cr115r19655f:JcAc,5sTh|/6s7d8h/9d:345,-345(345.000000)
854:Player,BR:0cc/r130c/cr460f:7c9d,4hQd|/4s8dAc/7s:-230,230(-230.000000)
855:BR,Player:0cc/cc/r200r600r19100f:5c6c,4sJd|/4c5h8c/4h:900,-900(900.000000)
856:Player,BR:0cc/cc/r130c/r299r1058f:3sAh,KdAs|/6d6cTs/6h/Td:-529,529(-529.000000)
857:BR,Player:0r200c/cr390c/cc/cc:6sJc,3s5h|/4s7hKd/3h/Ks:-690,690(-265.852507)
858:Player,BR:0cc/cc/cr200c/cr600c:5d9d,JcQs|/6c9hTc/4d/8s:-900,900(-900.000000)
859:BR,Player:0f:3d8d,2s6c|:50,-50(50.000000)
860:Player,BR:0cc/cc/cc/r200r19700f:5hTd,4hAs|/2sTsTc/Kd/Ks:-300,300(-300.000000)
861:BR,Player:0r130c/cr299c/r19471f:5h8h,4s6d|/2cThJd/5c:529,-529(529.000000)
862:Player,BR:0cc/cc/cr200f:3hJc,5d7d|/6dQdKd/4c:-100,100(-100.000000)
863:BR,Player:0cc/cr300c/cc/r19600f:8cAh,9hTd|/2h6cKh/2c/6s:400,-400(400.000000)
864:Player,BR:0cc/cc/cc/cr200f:5sKd,6dAs|/7hTdJs/2c/Ac:-100,100(-100.000000)
865:BR,Player:0r200c/cr390c/cc/cc:7sJd,4h5d|/2hTcAh/9s/9c:690,-690(187.862263)
866:Player,BR:0cc/cc/r200r600c/cr19100f:8cKd,2c8h|/6h9hKh/7c/9s:-900,900(-900.000000)
867:BR,Player:0r130c/cc/r460f:TcQh,8cAd|/4s6dQs/Js:230,-230(230.000000)
868:Player,BR:0cc/cc/r130c/cr19770f:3s5h,3cJh|/4cJsKc/7d/8d:-230,230(-230.000000)
869:BR,Player:0f:6d9s,2d4s|:50,-50(50.000000)
870:Player,BR:0cc/cc/cc/cc:9cJh,9hKd|/2s8hAc/6h/Qd:-100,100(21.808248)
871:BR,Player:0r200c/cc/r600f:JhQh,6sAd|/5d7sTd/Ks:300,-300(300.000000)
872:Player,BR:0cr300c/cc/cc/cr800f:4s4h,KhAc|/7cThJd/2c/5c:-400,400(-400.000000)
873:BR,Player:0r130c/cc/cc/r460c:6sJs,TsQd|/4s8hKh/5d/Tc:-690,690(-690.000000)
874:Player,BR:0cc/cc/cc/cc:4hAs,3hTs|/3c8dQc/5d/Ks:-100,100(-31.513093)
875:BR,Player:0f:7dTs,4s9d|:50,-50(50.000000)
876:Player,BR:0cr300c/r520c/cr1840f:9sAd,4sJs|/QsKdAh/Qc:-920,920(-920.000000)
877:BR,Player:0f:KsAd,3h8d|:50,-50(50.000000)
878:Player,BR:0cc/cc/r130c/r299r19471f:3hJc,4cAs|/2h5hJs/4h/9s:-529,529(-529.000000)
879:BR,Player:0f:7d8h,3s9d|:50,-50(50.000000)
880:Player,BR:0cc/cc/cr200c/cc:2d9d,4s6s|/3d6h6d/5d/7h:300,-300(-221.337774)
881:BR,Player:0r130c/cr299c/r1058f:2c8s,4dJh|/2d9sKd/9d:529,-529(529.000000)
882:Player,BR:0cc/r130c/cr460f:5d9d,6dAh|/6hTdQc/7h:-230,230(-230.000000)
883:BR,Player:0r130c/cr460c/r1380c/r17930f:2s3c,6hQc|/8d9dTs/7c/Jc:2070,-2070(2070.000000)
884:Player,BR:0cc/cc/r130c/r115f:9cQh,3s9h|/5sQcKh/7s/6s:230,-230(230.000000)
885:BR,Player:0r130c/cc/r460f:4sQd,5s5c|/4d7sTc/9h:230,-230(230.000000)
886:Player,BR:0cr300c/cc/r200r1200c/cr18200f:9cKc,JdAd|/4hThJs/9d/8c:-1800,1800(-1800.000000)
887:BR,Player:0cc/cc/cc/r200f:6cJd,QsAs|/2d4sTc/8h/Jh:100,-100(100.000000)
888:Player,BR:0cc/cc/cr19900f:4cKh,8d9s|/4d7cJc/Ts:-100,100(-100.000000)
889:BR,Player:0cc/cc/r200f:5dJs,7h9d|/2sJcQh/4s:100,-100(100.000000)
890:Player,BR:0cr130c/r299c/r105r1268f:9sAh,9cAd|/TsQhKc/Td:-634,634(-634.000000)
891:BR,Player:0r200c/cr390c/cc/r19310f:3cAc,4dJh|/5s5d6d/Kh/4h:690,-690(690.000000)
892:Player,BR:0cr300c/cc/r800f:7sKh,3s8d|/5sJsAc/Td:400,-400(400.000000)
893:BR,Player:0r130c/cr299c/r1058f:8c9d,4c7h|/2s2d3d/Kc:529,-529(529.000000)
894:Player,BR:0cr300c/r520c/r1196c/r2750f:JsKs,2hAs|/3d8cJh/2s/4c:2116,-2116(2116.000000)
895:BR,Player:0r130c/cr299c/cr1058f:2d9d,8d9s|/7dJcKs/Ts:-529,529(-529.000000)
896:Player,BR:0cc/cc/cr200c/cr600f:6dKs,6sQd|/9dTdJs/4d/Ad:-300,300(-300.000000)
897:BR,Player:0r200c/cr900c/r2400c/r16400f:7hJs,QsQd|/4h8s9c/Tc/Ts:3600,-3600(3600.000000)
898:Player,BR:0cr200c/cc/r150f:JhAs,3sKc|/6d7dAd/8c:300,-300(300.000000)
899:BR,Player:0r130c/cr299c/cc/r19471f:4sJd,6h7h|/5h9sKc/Qd/7c:529,-529(529.000000)
900:Player,BR:0cc/cc/cr200c/cc:2c8d,6s6h|/7d8sAh/8c/2h:300,-300(-16.210308)
901:BR,Player:0cc/cc/r200f:6hTc,3dKh|/5cJcAh/7d:100,-100(100.000000)
902:Player,BR:0cc/cc/r130r460f:2d5c,2s4d|/3c6hQd/3h:-230,230(-230.000000)
903:BR,Player:0r130c/cr299c/cr1587r4232f:3hTc,JdKs|/6s7s9c/Th:2116,-2116(2116.000000)
904:Player,BR:0cr200c/cc/cc/cr19700f:7hAd,2d2c|/5s8dTc/3c/As:-300,300(-300.000000)
905:BR,Player:0r130c/cc/r460r897c/cr3174f:KhKd,TsJc|/5c8s9d/Qd/2s:-1587,1587(-1587.000000)
906:Player,BR:0cc/cc/r300r800f:4h5s,5c8s|/2s6h9s/9c:-400,400(-400.000000)
907:BR,Player:0r200c/cr390c/r19310f:7sQh,JdQs|/3s5cJc/6d:690,-690(690.000000)
908:Player,BR:0cc/cc/r200c/r150r19550f:8dTc,4sJc|/2s4h9h/7c/8c:-450,450(-450.000000)
909:BR,Player:0r130c/cr299c/r19471f:8c9s,7h9h|/2cThJd/7d:529,-529(529.000000)
910:Player,BR:0cr300c/cc/cc/r200r19400f:9hQh,2sKs|/2d6dKd/7d/Kh:-600,600(-600.000000)
911:BR,Player:0r130c/cr690c/cr1840r17240f:6hJh,5d6s|/7h8sQh/2s:2760,-2760(2760.000000)
912:Player,BR:0cc/cc/cc/r130r460c:2hQs,7h9h|/7s8hKc/Qd/3h:690,-690(685.269244)
913:BR,Player:0r130c/cr299c/r1058f:7h8d,3d4d|/8s8cTs/2c:529,-529(529.000000)
914:Player,BR:0cr200c/r390c/cc/cr19310f:4d6d,6hAs|/JhQcKd/2h/Jd:-690,690(-690.000000)
915:BR,Player:0r300c/cc/r19600f:2cTh,8s9c|/KhKdAs/Tc:400,-400(400.000000)
916:Player,BR:0cc/cc/cr200c/cr19700f:5hQd,8d9h|/4c5s5d/2s/Kh:-300,300(-300.000000)
917:BR,Player:0r130c/cr690c/r1840c/r17240f:5d8s,5hJh|/3c4hAh/Qc/Jd:2760,-2760(2760.000000)
918:Player,BR:0cr200c/cc/r150f:9sAs,2c7d|/ThTcAh/Kh:300,-300(300.000000)
919:BR,Player:0r130c/cr299c/cr687c/cr2432r7296f:2cAd,4s6h|/8h9sJs/8s/Kh:3648,-3648(3648.000000)
920:Player,BR:0cr300c/cc/r200r1200f:9dAs,QhAc|/4s5dAd/7h:-600,600(-600.000000)
921:BR,Player:0r130c/cc/cc/r460f:4hJh,3h6s|/TdQdKc/3c/9c:230,-230(230.000000)
922:Player,BR:0cr300c/cc/cr800f:8cKc,7dQh|/2s5sQc/6s:-400,400(-400.000000)
923:BR,Player:0r130c/cc/r460c/cc:4h6s,3dKh|/2s6d6c/Ad/Ac:690,-690(690.000000)
924:Player,BR:0cc/cc/cc/r130r460f:5d6c,2cJs|/5c6hTd/8c/7c:-230,230(-230.000000)
925:BR,Player:0r200c/cr390c/r1380r4140f:ThTd,7s9d|/5d6c8c/7d:-2070,2070(-2070.000000)
926:Player,BR:0cr600c/cc/r350c/cr18950f:JsQc,8sKh|/3h5cTh/4c/Qs:-1050,1050(-1050.000000)
927:BR,Player:0r130c/cc/cc/r19770f:TdKs,5sJh|/5h7h8h/6s/Ac:230,-230(230.000000)
928:Player,BR:0cr200c/cc/r150r900c/r270c:JsKc,7h7d|/3d4dKs/7c/5c:-1620,1620(-1479.966377)
929:BR,Player:0r130c/cr299c/r1058c/cc:9sKh,9cTs|/2h5sKc/Th/8h:1587,-1587(1006.744943)
930:Player,BR:0cr200c/cc/cr19700f:5d7d,JdKh|/2hTcQs/9h:-300,300(-300.000000)
931:BR,Player:0r130c/cc/r460f:JhKh,8cAh|/4dQsQc/Ks:230,-230(230.000000)
932:Player,BR:0cc/cc/r200c/cr19700f:2cQh,4h7c|/4d9dAh/3h/3s:-300,300(-300.000000)
933:BR,Player:0r130c/cr299c/r1058c/r18413f:5sJs,ThQc|/2c4c6d/Ts/Jd:1587,-1587(1587.000000)
934:Player,BR:0cc/cc/r200c/r600c:3c7d,6dAd|/7s9dJh/7c/4h:900,-900(214.537739)
935:BR,Player:0r130c/cc/r460c/cc:5s5h,6h7s|/2hAdAc/7d/8d:-690,690(-498.026776)
936:Player,BR:0cc/cc/cr200c/cc:2hKc,2c9h|/2d5h7h/5s/4h:300,-300(132.353038)
937:BR,Player:0r130c/cr460c/cc/cc:4h4d,5dKd|/3s5cJh/Qd/2c:-690,690(50.922455)
938:Player,BR:0cr200c/cc/cr600c/cc:8hAs,5hJd|/4dJhQc/Th/2s:-900,900(-323.160338)
939:BR,Player:0r130c/cr460c/cr2070c/cr17240f:8c9h,6dTc|/6c9sTh/6h/5s:-2760,2760(-2760.000000)
940:Player,BR:0cr600c/r1400c/cr17900f:2h3h,4c5c|/2s8cTh/Tc:-2100,2100(-2100.000000)
941:BR,Player:0cc/cc/cc/r19900f:5hTs,3cJc|/3h8s9d/7h/9c:100,-100(100.000000)
942:Player,BR:0cc/cc/cc/r130f:5d8d,9d9c|/TdKdAd/Jc/Qc:100,-100(100.000000)
943:BR,Player:0cc/cr130c/cc/cr299r19471f:9dAs,7cAd|/3h5h7h/2s/Qd:529,-529(529.000000)
944:Player,BR:0cc/cc/cc/cr200f:3h6h,2dJs|/7s9hKh/7d/9c:-100,100(-100.000000)
945:BR,Player:0r200c/cc/cc/r600f:6dJd,4cAd|/2h6h7c/Kh/5c:300,-300(300.000000)
946:Player,BR:0cr130c/cc/cr460f:JhJc,2c8h|/5d9cAs/Qc:-230,230(-230.000000)
947:BR,Player:0r130c/cc/cr299r19471f:2dJs,5c9s|/4h8hKd/Ts:529,-529(529.000000)
948:Player,BR:0cr600c/cc/cr1400c/cr17900f:2cJc,2s7c|/7hTcJd/3d/5s:-2100,2100(-2100.000000)
949:BR,Player:0r200c/cc/cr150r900f:3c6c,QcKc|/5h5d7h/Ac:450,-450(450.000000)
950:Player,BR:0cc/cc/cr200f:4d5s,9h9d|/JdJcKd/7s:-100,100(-100.000000)
951:BR,Player:0r130c/cc/r460f:TdKd,2hAc|/5d8s9c/Kc:230,-230(230.000000)
952:Player,BR:0cc/cc/cc/cc:6dQc,9hJs|/4h4cTs/7c/7d:100,-100(51.155256)
953:BR,Player:0r130c/cc/r460c/cc:8s8d,5c9c|/5s7sJd/7d/3s:690,-690(618.630452)
954:Player,BR:0cc/cc/r130r460f:6hQd,JsAd|/4s8hTc/Jc:-230,230(-230.000000)
955:BR,Player:0r130c/cc/cr299r19471c/cc:9cJc,4h5c|/2c4d6d/4s/9d:-20000,20000(-20000.000000)
956:Player,BR:0cc/cc/cr200c/cc:2sKh,7c8c|/8sQcKd/3c/6h:300,-300(-5.285018)
957:BR,Player:0r130c/cc/cr115r19655f:6hAd,6dTc|/6s8d9s/7h:345,-345(345.000000)
958:Player,BR:0cc/cc/r130r460f:7h8d,2dQc|/3d4s6s/Qs:-230,230(-230.000000)
959:BR,Player:0cc/cr130c/cc/r460c:QcKc,KsAs|/7s7cQd/Kh/4d:690,-690(690.000000)
960:Player,BR:0cc/cc/cc/cr19900f:3dTh,8dJd|/6h7hKd/Qd/4h:-100,100(-100.000000)
961:BR,Player:0r200c/cc/r600c/r1800f:8h9s,3dKh|/4sQsQc/Ks/Js:900,-900(900.000000)
962:Player,BR:0cr600c/r910c/r322r3864c/r2898f:KsKc,JhKd|/4s7hKh/7s/9c:5796,-5796(5796.000000)
963:BR,Player:0cc/cr300c/r800c/r2400f:ThAh,TsKh|/3s5dTc/Jd/Qh:1200,-1200(1200.000000)
964:Player,BR:0cc/cc/cc/r300c:2cAh,6s6h|/3s9dAc/8h/4h:400,-400(-117.333240)
965:BR,Player:0r130c/cc/cr299r1058f:7hAd,3cTc|/8h9hTh/5s:529,-529(529.000000)
966:Player,BR:0cc/cc/cc/cc:9cQs,4hQh|/4c5hJc/Ac/Th:-100,100(-10.196247)
967:BR,Player:0cc/cr200c/cc/r19700f:2h3d,5cQd|/2cThJd/8c/Tc:300,-300(300.000000)
968:Player,BR:0cc/cc/cr200c/cr19700f:3sQs,3c7s|/5hTdQh/Ks/Tc:-300,300(-300.000000)
969:BR,Player:0r200c/cr390c/cr1380r4140r8073f:6dAd,9s9d|/3d9hJc/6h:-6210,6210(-6210.000000)
970:Player,BR:0cc/cc/r200f:JdKs,5d8h|/2h3sKd/Qc:100,-100(100.000000)
971:BR,Player:0f:2sKh,2c4h|:50,-50(50.000000)
972:Player,BR:0cc/cc/r300c/r520f:3cQc,5hJc|/7hQhQd/Qs/7s:400,-400(400.000000)
973:BR,Player:0r200c/cc/r600f:ThTd,4h4d|/3c8s9h/Ac:300,-300(300.000000)
974:Player,BR:0cc/cc/cc/cr200f:2c7d,3s3c|/9sTsAs/4h/2s:-100,100(-100.000000)
975:BR,Player:0r200c/cr390c/cr897r18413f:6c8d,TsTc|/2s7hJh/4s:1587,-1587(1587.000000)
976:Player,BR:0cc/cc/cr200c/cc:3sTd,6d9c|/4d9dKd/5d/9h:300,-300(-59.056619)
977:BR,Player:0r130c/cr460c/cr897r3174f:6h6c,6sTd|/JsKcAs/7s:1587,-1587(1587.000000)
978:Player,BR:0cc/cc/cc/cr200f:TdAh,4hAs|/2c6cQd/Ks/Qh:-100,100(-100.000000)
979:BR,Player:0r200c/cr390c/cr1380c/cr2691f:2dKd,7sTd|/4s7cTs/Ad/3d:-2070,2070(-2070.000000)
980:Player,BR:0cr200c/cc/cc/r600r1800f:5h9c,3d9s|/8hQhKs/2d/7h:-900,900(-900.000000)
981:BR,Player:0r130c/cc/r460f:3cKh,5sTh|/2d2cKd/4c:230,-230(230.000000)
982:Player,BR:0cc/cc/cr200f:6c9s,QhKd|/4dTsQd/4h:-100,100(-100.000000)
983:BR,Player:0r130c/cc/r460c/r19310f:3c7c,3hKs|/3d5d9h/7s/Kh:690,-690(690.000000)
984:Player,BR:0cr200c/r390c/cc/cr1380c:4cJc,3c9d|/2hTdQd/Jd/9s:2070,-2070(2070.000000)
985:BR,Player:0cc/cc/r19900f:7dKc,JhQc|/4d9cAd/6d:100,-100(100.000000)
986:Player,BR:0cr600c/cc/r350r2100f:2hKh,8s9s|/8cJhJd/2c:-1050,1050(-1050.000000)
987:BR,Player:0r130c/cc/cc/cc:4sAc,7hJd|/6hQcKc/6d/9d:230,-230(-38.076279)
988:Player,BR:0cc/cc/cr200f:4c8c,2sKh|/2d7d7c/As:-100,100(-100.000000)
989:BR,Player:0r130c/cc/r460c/r1380c:TcKs,5dKd|/2hAsAd/4d/Kc:2070,-2070(1849.455967)
990:Player,BR:0cc/cc/r130c/r299r19471f:5hAd,3h3c|/TdJsQd/Ks/9s:-529,529(-529.000000)
991:BR,Player:0r130c/cr299c/cc/cr687r18784f:2c5s,7dAc|/2sQhAh/Qs/3h:1216,-1216(1216.000000)
992:Player,BR:0cr300c/cc/r520c/r460r18620f:JcKc,3cAs|/6sQcKd/Td/8d:-1380,1380(-1380.000000)
993:BR,Player:0r130c/cc/r460c/r19310f:6c7c,4h7d|/2s7sKd/7h/Qc:690,-690(690.000000)
994:Player,BR:0cc/cc/cr200f:2d4c,4h8s|/6h8dKh/2h:-100,100(-100.000000)
995:BR,Player:0r130c/cr299c/r1058f:7h9d,9hTs|/6d6cKh/2h:529,-529(529.000000)
996:Player,BR:0cc/cc/r300r19600f:2d6s,7cKs|/4h5sAh/8d:-400,400(-400.000000)
997:BR,Player:0r130c/cr299c/cr1058c/cc:4dAd,6hKs|/3d7cQs/Tc/6s:-1587,1587(-279.446547)
998:Player,BR:0cc/cc/cc/cr19900f:7sKd,2sKh|/3d8s9c/6s/Js:-100,100(-100.000000)
999:BR,Player:0r130c/cr299c/r1058c/r18413f:9hTc,8hJh|/5cJsJc/7h/4c:1587,-1587(1587.000000)
1000:Player,BR:0cc/r200c/cr19700f:5sQc,3d4h|/3c5cAh/Tc:-300,300(-300.000000)
RAW BR STATS: n=1000, sum=229657.000000, sum_sq=6731622071.000000, vr_sum=329416.118784, vr_sum_sq=5186092103.150218
BR STATS: 229.657000(160.179850), 329.416119(139.663955)
RESULTS
1)BR: 229657
2)Player: -229657
