In config file: GAME_DEF=game_def.fullholdem
In config file: ACTIONS_R0=F,C
In config file: ACTIONS_R1=F,C
In config file: ACTIONS_R2=F,C
In config file: ACTIONS_R3=F,C
Loading player: rgbr_nl_cprg.so
Player args: /home/viliam/cprg/project_uoapoker/trunk/src/c/meta_player.so /home/viliam/cprg/project_uoapoker/trunk/src/c/acpc14.map
Using seed 4.
1:Player,BR:0cc/cc/r200c/r600f:5dTc,JcAs|/2s9sAc/3d/4h:300,-300(300.000000)
2:BR,Player:0r130c/cr299f:3c7s,TdJs|/QdKsAc:-230,230(-230.000000)
3:Player,BR:0cr300c/cc/r200c/cc:9sQh,7cJh|/3h4h5c/Ah/2d:0,-0(45.310594)
4:BR,Player:0r130c/cr299c/cr687c/cr2432f:8dTh,8hQs|/7c9dQd/Qc/Ah:-1216,1216(-1216.000000)
5:Player,BR:0cc/cc/r130f:3d5h,3hTh|/2h7d8s/4s:100,-100(100.000000)
6:BR,Player:0r130c/cc/cr299c/cr1058c:4hAc,5hTh|/7c9s9d/Js/2c:1587,-1587(1098.323487)
7:Player,BR:0cc/cc/cc/cc:9hTs,JcQs|/8hJsJh/6h/Ad:-100,100(-96.218560)
8:BR,Player:0f:4d7c,3d8h|:50,-50(50.000000)
9:Player,BR:0cc/cc/cc/cc:3dJh,8cJs|/9s9cKd/Jc/2d:0,-0(-68.312416)
10:BR,Player:0cc/cc/cc/cc:4hKs,2cKd|/8c9hTs/Qd/9s:0,-0(-95.441470)
11:Player,BR:0cr200c/r390f:2dTd,3h6s|/8d8cJd:300,-300(300.000000)
12:BR,Player:0r130c/cr299c/cc/cc:3cTs,4c6h|/3hTcQs/Qc/Ac:529,-529(524.489950)
13:Player,BR:0cc/cc/cc/cc:2d8d,4sKh|/5h8c9h/6h/7h:-100,100(-88.493046)
14:BR,Player:0r130c/cr299f:2c5h,4hAh|/JhQcKh:-230,230(-230.000000)
15:Player,BR:0cr300c/r520c/r1196c/r2750c:5hKh,KdAc|/3h4sJd/7h/9h:4866,-4866(2001.836953)
16:BR,Player:0r200c/cc/cr150c/cc:3hKc,5dJs|/5c6hTh/Qd/2h:-450,450(-450.000000)
17:Player,BR:0cc/cc/cc/cc:2h3c,8s8c|/3s5c6c/As/9c:-100,100(-80.544970)
18:BR,Player:0r130c/cr460c/cr897f:7sQd,TcAh|/9sKcAd/3h:-690,690(-690.000000)
19:Player,BR:0cr200c/cc/cc/r390c:9dQd,3h5d|/6cQhAc/8s/5s:690,-690(41.421828)
20:BR,Player:0cc/cc/cc/cr130f:JcKh,5c9s|/8s9dAd/Qd/7s:-100,100(-100.000000)
21:Player,BR:0cc/cc/cc/cc:4sKh,9hKs|/3dJhQd/2s/7d:-100,100(44.020238)
22:BR,Player:0r130c/cc/cc/cc:5cAc,7sKs|/8s8cTh/8h/Qd:230,-230(230.000000)
23:Player,BR:0cc/cc/cc/r130c:3dQh,4s7d|/4d6h8h/9c/5c:-230,230(-226.920608)
24:BR,Player:0cc/cc/cc/cc:6hJh,4cAd|/3c6dKc/8c/3h:100,-100(88.614496)
25:Player,BR:0cr300c/cc/cc/r200c:QdKd,6dJd|/2s2c9h/8h/Ks:600,-600(-93.024941)
26:BR,Player:0r200c/cr390f:3d5s,2cQd|/2h6cAs:-300,300(-300.000000)
27:Player,BR:0cr130c/cc/r115c/cc:TcQs,4cKd|/5hThJs/5s/6s:345,-345(328.118469)
28:BR,Player:0r130c/cc/cc/cc:7c9s,3sTs|/3c8d9c/2h/4d:230,-230(230.000000)
29:Player,BR:0cc/cc/cc/r130c:6c8d,4d8s|/3s8hJd/Qd/5h:230,-230(29.751007)
30:BR,Player:0cc/cc/cr130c/cc:7h8d,8s9h|/4d9cKc/6h/Ah:-230,230(-230.000000)
31:Player,BR:0cc/cc/r130c/cc:2cAs,7h7c|/3s3d6d/3h/8d:-230,230(-202.212873)
32:BR,Player:0r130c/cc/cc/cc:3dTc,7s9c|/7hQsKs/5d/Qh:-230,230(-230.000000)
33:Player,BR:0cc/cc/cc/cc:6hAs,9dKc|/5s8dTs/3h/9h:-100,100(-87.984380)
34:BR,Player:0r130c/cr299c/cr1058f:5sQs,3sKc|/4s4d6h/9h:-529,529(-529.000000)
35:Player,BR:0cr300c/r520c/cc/cc:TcJc,KhKc|/5s6dQs/As/8h:-920,920(-721.555102)
36:BR,Player:0r200c/cr390c/cr897c/cc:5hAh,3cQh|/4sKhKc/8s/7s:1587,-1587(882.720801)
37:Player,BR:0cr200c/r390c/r1380c/cc:7cTc,6dJd|/5d6cKs/9c/Kd:-2070,2070(-1200.127515)
38:BR,Player:0r130c/cr299f:2s8s,KhAd|/5h5dTs:-230,230(-230.000000)
39:Player,BR:0cr300c/r800f:4h6c,4sJs|/2h5s7h:400,-400(400.000000)
40:BR,Player:0f:JcKd,2d3s|:50,-50(50.000000)
41:Player,BR:0cr200c/cc/cc/cc:3d6h,9hQh|/7c8dTs/6s/8s:-300,300(-219.825807)
42:BR,Player:0r130c/cc/cc/cr690c:6cJd,9cQh|/2s6dKs/5d/4h:920,-920(920.000000)
43:Player,BR:0cc/cc/cc/cc:4c9h,5cJh|/3d4h6s/5d/8c:-100,100(1.845444)
44:BR,Player:0f:9dQh,3c8d|:50,-50(50.000000)
45:Player,BR:0cc/cc/r600f:8sTh,2cTc|/6c7dKc/7h:100,-100(100.000000)
46:BR,Player:0r130c/cc/cr115f:2sTd,6dKc|/5h6c8h/4c:-230,230(-230.000000)
47:Player,BR:0cc/cc/cc/r130c:5sQc,6c9d|/8sJsQd/Qs/Jc:230,-230(43.070673)
48:BR,Player:0r130c/cc/cr460c/cc:3cQc,5h7d|/8sJsKs/Jd/9s:690,-690(136.688142)
49:Player,BR:0cc/cc/cc/cc:6cAs,9sAd|/4c8dKd/3s/Qc:-100,100(18.068077)
50:BR,Player:0r130c/cr299c/cr1058f:2sJh,8d8c|/8h9hKs/5d:-529,529(-529.000000)
51:Player,BR:0cr600f:KcAh,3cJs|:100,-100(100.000000)
52:BR,Player:0cc/cr300c/cr1200c/cc:6cKh,7dJc|/6h8c9h/8s/5c:-1600,1600(750.207184)
53:Player,BR:0cc/cc/r200c/r390f:5sTh,4hJc|/2s4c7h/Tc/2c:300,-300(300.000000)
54:BR,Player:0r200c/cc/cc/cc:JhAc,2dKc|/4sJsQs/3h/4c:300,-300(300.000000)
55:Player,BR:0cr200c/r600c/cc/r1170c:4c6h,4hJs|/4d7hJc/9c/6d:-2070,2070(-1864.820054)
56:BR,Player:0r130c/cc/cc/cr299c:KcAd,7dJc|/6sJdKh/3s/5c:529,-529(434.778972)
57:Player,BR:0cr200c/cc/cc/r900f:9dKh,6d7s|/4d8dQd/Kd/Ts:300,-300(300.000000)
58:BR,Player:0r130c/cc/cc/cr299c:4d8s,8hQs|/7s7c9s/8c/3s:-529,529(207.053982)
59:Player,BR:0cr300c/r1200c/r2080f:5dAd,9cKh|/3d6sTd/Qh:1600,-1600(1600.000000)
60:BR,Player:0r200c/cr390c/cr345f:9sJd,8sTc|/8h8cQh/Kh:-690,690(-690.000000)
61:Player,BR:0cc/cc/r130c/cc:3h8c,3cKd|/7dKhAc/Kc/4d:-230,230(-217.632934)
62:BR,Player:0f:6h8h,3c8d|:50,-50(50.000000)
63:Player,BR:0cr300f:6h9h,3h4s|:100,-100(100.000000)
64:BR,Player:0r200c/cc/cc/cc:3c5s,4cQd|/JsAdAc/Kh/9h:-300,300(-299.000440)
65:Player,BR:0cr130c/cc/r690c/cc:6s7s,3hAs|/4h4dTc/8d/Qc:-920,920(-920.000000)
66:BR,Player:0r130c/cr460c/cr897c/cr2063c:4cKs,6c8c|/2h2dKc/Tc/9d:3650,-3650(3636.989913)
67:Player,BR:0cc/cc/r130c/r299c:2h9d,4d8d|/3h5d7c/6c/Kc:-529,529(-521.037440)
68:BR,Player:0f:4sAc,2cTd|:50,-50(50.000000)
69:Player,BR:0cr300c/cc/cc/cc:2h4h,7c9c|/2d6dQs/Kd/3d:400,-400(400.000000)
70:BR,Player:0r300c/cc/cr800c/cc:5h7h,4sQs|/7d7cTs/2c/3h:1200,-1200(1200.000000)
71:Player,BR:0cc/cc/cc/cc:9cQh,3h6d|/2h5sKc/6s/Kh:-100,100(-87.120036)
72:BR,Player:0r130c/cr299c/cr687c/cr2432c:7hQh,2d9d|/3d4sTh/5c/4c:3648,-3648(2322.722001)
73:Player,BR:0cr200c/cc/cc/r150c:3s3h,6sQc|/8dTsJs/Qh/Jh:-450,450(-329.475712)
74:BR,Player:0f:3sKh,2c7d|:50,-50(50.000000)
75:Player,BR:0cc/cc/cc/cc:6hTd,2d3h|/3s9cQh/6s/6c:100,-100(-49.342539)
76:BR,Player:0r130c/cc/cr460c/cr1380c:7dTd,7hAd|/2s5dTc/Ac/9c:-2070,2070(-641.033737)
77:Player,BR:0cr200c/cc/r150c/cc:9sQs,JhAh|/7c9cTh/Js/3d:-450,450(-170.432742)
78:BR,Player:0r130c/cr299c/cc/cc:2cTh,6c9h|/4h7sTd/9d/2d:529,-529(529.000000)
79:Player,BR:0cc/r130c/cc/r115f:7dJh,6s9d|/3h4dJc/Th/Ks:230,-230(230.000000)
80:BR,Player:0r130c/cc/cc/cc:JdJc,3d5d|/3s9cJs/Th/2d:230,-230(230.000000)
81:Player,BR:0cc/cc/cc/r130c:4hTh,5dAs|/5s7dQs/Jh/6s:-230,230(8.489775)
82:BR,Player:0r130c/cc/cr299f:4cJh,7s8c|/2s7h9c/5c:-230,230(-230.000000)
83:Player,BR:0cc/cc/r200c/cc:5d8h,TdJh|/5s6hQc/Qs/3c:300,-300(-64.541285)
84:BR,Player:0r130c/cc/cr115c/cr1035c:TdJh,3cAc|/6h6dAs/8c/Th:-1380,1380(1.684371)
85:Player,BR:0cc/cc/cc/r130f:6cJs,4hAs|/3c6h9c/3h/Qd:100,-100(100.000000)
86:BR,Player:0r130c/cr299c/cc/cr1058f:QcKs,9cJh|/4d6h9h/8d/9s:-529,529(-529.000000)
87:Player,BR:0cr300c/cc/cc/cc:9hAd,6sJc|/5hQsKc/Jh/2s:-400,400(-238.152797)
88:BR,Player:0cc/cc/cc/cc:4dJd,2s2c|/8cTcAs/Js/7s:100,-100(96.317845)
89:Player,BR:0cc/cc/cc/r130c:2hQd,6dJh|/4d7cJs/8s/3s:-230,230(-174.170190)
90:BR,Player:0r200c/cr600c/cc/cc:8hJh,8cKs|/3c7cJd/6s/5s:900,-900(900.000000)
91:Player,BR:0cc/cc/cc/cc:4c9d,7sJs|/3d4h5c/7d/3c:-100,100(-29.684588)
92:BR,Player:0r130c/cr299c/cr687f:3cTs,3s5h|/7s9sJc/6c:-529,529(-529.000000)
93:Player,BR:0cc/cc/r130c/cc:7d8h,6d9s|/3dJhKc/3c/2d:-230,230(14.551320)
94:BR,Player:0r200c/cc/cc/cr600f:4h7h,TsJs|/5sTdAc/Kh/Jh:-300,300(-300.000000)
95:Player,BR:0cc/cc/r200f:7cAh,9hQs|/2c5h7s/4d:100,-100(100.000000)
96:BR,Player:0r200c/cc/cc/cc:TsTh,JsAh|/6c7h8d/9c/8s:300,-300(300.000000)
97:Player,BR:0cc/cc/cc/cc:4dQh,8d9d|/2h4h8c/9s/Qc:100,-100(-92.255401)
98:BR,Player:0r130c/cc/cc/cc:QdKs,3s4d|/TdJcQc/9c/8s:230,-230(230.000000)
99:Player,BR:0cr300c/cc/r520c/r2760f:QcKh,6dQd|/6s7hQh/Kd/Jd:920,-920(920.000000)
100:BR,Player:0r200c/cc/cr150c/cc:4dQd,3hJd|/3c6cTh/Qh/8c:450,-450(450.000000)
101:Player,BR:0cc/cc/cc/cc:4sKd,5h9s|/3d5dAc/9h/Kh:-100,100(-92.299380)
102:BR,Player:0r200c/cc/cc/cr390f:7hTs,JsJd|/4c5hKd/5d/2h:-300,300(-300.000000)
103:Player,BR:0cr300c/r800c/r1560f:ThKs,6sKc|/3h6h8d/Tc:1200,-1200(1200.000000)
104:BR,Player:0r200c/cr390c/cc/cc:8cAs,3d5c|/2d7sQh/7h/2h:690,-690(554.205621)
105:Player,BR:0cc/cc/cc/cc:3cKs,4d8c|/8sQsKc/Qd/9h:100,-100(-69.384158)
106:BR,Player:0cc/cc/cc/cc:3c5h,3hQc|/6hKsAh/8d/7d:-100,100(-100.000000)
107:Player,BR:0cc/cc/cc/r130c:3c6d,TdAc|/3s7hTc/Jh/2h:-230,230(-163.901929)
108:BR,Player:0r130c/cc/cc/cc:9d9c,3dAh|/2sTdQd/8s/Ts:230,-230(230.000000)
109:Player,BR:0cc/cc/cc/cc:7hKd,6dQs|/4s8hQd/8c/Ad:-100,100(-75.467170)
110:BR,Player:0r130c/cr299f:4d5s,4c7c|/6hKcAs:-230,230(-230.000000)
111:Player,BR:0cc/cc/cc/cc:3sKd,8sAd|/4d6dJc/3c/2s:100,-100(55.501719)
112:BR,Player:0r130c/cc/cc/cc:8c9c,9sJh|/2s3hKd/5s/3c:-230,230(-230.000000)
113:Player,BR:0cc/cc/cc/r130f:3sTh,4h6h|/6d9cJd/Tc/Ah:100,-100(100.000000)
114:BR,Player:0r130c/cr299f:4h8c,7dTs|/7s7cJd:-230,230(-230.000000)
115:Player,BR:0cc/cc/r200f:4cAh,4s8c|/9hTcAc/5d:100,-100(100.000000)
116:BR,Player:0r130c/cc/cc/cr299c:4dJs,5c8s|/2h5hJd/7d/4s:529,-529(371.862149)
117:Player,BR:0cc/cc/cc/r200c:3cKh,8sAh|/4s4cQd/As/Kd:-300,300(-296.857507)
118:BR,Player:0r200c/cc/cc/cc:2cQs,5dAd|/6s9cQc/8s/9s:300,-300(300.000000)
119:Player,BR:0cc/cc/cc/cc:TsQc,7h9c|/4d7c8h/8s/3h:-100,100(-74.652350)
120:BR,Player:0f:3sKh,2d7h|:50,-50(50.000000)
121:Player,BR:0cr600c/r2100c/r560c/r16640f:6h8h,JhAs|/7h9hJd/9c/5s:3360,-3360(3360.000000)
122:BR,Player:0r130c/cc/cc/cr299c:6dJh,8sTs|/2dTdJc/2h/4d:529,-529(524.006298)
123:Player,BR:0cc/cc/cc/r130c:7cTd,3c5h|/3s6dKd/Qs/Th:230,-230(40.653063)
124:BR,Player:0f:3sJh,2d5h|:50,-50(50.000000)
125:Player,BR:0cc/cc/cc/r130c:3h8d,JsKd|/8sKhAh/2h/7c:-230,230(-165.460418)
126:BR,Player:0r130c/cr299f:2h4d,5cJs|/6s8cTs:-230,230(-230.000000)
127:Player,BR:0cc/cc/cc/cc:2dJh,7h9s|/5d6d7d/7c/5h:-100,100(-97.954733)
128:BR,Player:0f:4s5h,2d6h|:50,-50(50.000000)
129:Player,BR:0cr600c/r910f:3cAc,9dJs|/2d3h7c:700,-700(700.000000)
130:BR,Player:0r300c/cc/cc/cr520c:6s8d,5hTs|/9sTcJs/7h/5d:920,-920(920.000000)
131:Player,BR:0cr200c/r390c/r345c/r2070f:5h7h,8dAc|/8c9cKs/7c/7s:1035,-1035(1035.000000)
132:BR,Player:0r130c/cc/cc/cr460f:7h8c,9hQc|/3h4h5h/3s/Th:-230,230(-230.000000)
133:Player,BR:0cr300c/cc/r200c/r780c:9dAh,2c9c|/7cJcAc/8s/8h:-1380,1380(-1370.267574)
134:BR,Player:0r130c/cc/cr115c/cr448f:3c8s,5hQs|/2c9dTc/7s/Qh:-345,345(-345.000000)
135:Player,BR:0cr200c/cc/cc/r150c:7s7h,6hJc|/3sTcJd/9c/4d:-450,450(-381.652842)
136:BR,Player:0cc/cc/cc/cc:9s9h,JcQd|/2sKdAc/3h/5d:100,-100(100.000000)
137:Player,BR:0cr200c/r900f:9hQh,5d9c|/8hKhAh:300,-300(300.000000)
138:BR,Player:0cc/cr130c/cr299c/cc:3h6d,QcKd|/5h9hTh/6s/Tc:529,-529(424.183657)
139:Player,BR:0cc/cc/cc/cc:6cQd,5sTh|/6d9dAc/Kd/7c:100,-100(65.540933)
140:BR,Player:0r130c/cc/cc/cr299c:6c9h,6sKh|/2c9sAh/Kc/8h:-529,529(-172.161722)
141:Player,BR:0cc/cc/cc/cc:2cTd,3dKh|/6hJcAh/Qd/9d:-100,100(1.390990)
142:BR,Player:0f:3hTs,2s6h|:50,-50(50.000000)
143:Player,BR:0cr300c/cc/cc/r520c:2c5c,5sQh|/TdKsAs/Ah/Jc:-920,920(-558.728238)
144:BR,Player:0r200c/cc/cc/cc:2dTs,7dQh|/KsKhAc/8d/2c:300,-300(235.956354)
145:Player,BR:0cc/cc/cc/cc:9hKd,2d9s|/6d7d8c/Jd/7c:100,-100(77.671530)
146:BR,Player:0r130c/cc/cc/cc:3hKd,6h8s|/4d6s9d/Ac/Tc:-230,230(-225.543610)
147:Player,BR:0cr300f:8sKd,2c9s|:100,-100(100.000000)
148:BR,Player:0cc/cc/cc/cc:2c5d,3dAc|/7s9hTh/6h/4h:-100,100(-100.000000)
149:Player,BR:0cr300c/cc/cc/r200f:2h5h,6h9c|/8h8cKs/7d/2d:400,-400(400.000000)
150:BR,Player:0r130c/cc/cc/cc:6h8s,8cKc|/3hJsAh/5c/Qc:-230,230(-230.000000)
151:Player,BR:0cr300c/cc/cc/r200f:ThKc,7hTd|/5h9sAc/8h/Kd:400,-400(400.000000)
152:BR,Player:0r200c/cc/cc/cc:3d8h,4sAd|/7s9hJs/7d/Ks:-300,300(-300.000000)
153:Player,BR:0cc/cc/cc/cc:3sKc,ThKs|/3d7h9c/Ac/5d:100,-100(-9.576825)
154:BR,Player:0r130c/cr299c/cr687c/cr2432c:4hQc,6h7c|/2s4dKd/Td/Js:3648,-3648(1609.224452)
155:Player,BR:0cc/cc/cc/r130c:4d6h,8h9c|/2c7sKh/2s/Qh:-230,230(39.306362)
156:BR,Player:0r130c/cc/cr115c/cr1035c:QsKc,5dKs|/4c7d8s/9s/Js:1380,-1380(-84.651860)
157:Player,BR:0cc/cc/r130c/r299f:6dAs,3d6h|/2d2c5h/6c/7h:230,-230(230.000000)
158:BR,Player:0r130c/cc/cr115f:3hJs,5hKc|/2hTdAd/Kd:-230,230(-230.000000)
159:Player,BR:0cc/cc/cc/cc:3s7d,2d8c|/4dTdAs/Qs/5d:-100,100(91.417693)
160:BR,Player:0r130c/cc/cc/cc:3c8d,4cJd|/3h4d6c/9s/Tc:-230,230(98.933587)
161:Player,BR:0cc/cc/cc/r130f:3c6d,5cTc|/2s8hAh/Kc/Kd:100,-100(100.000000)
162:BR,Player:0cc/cc/cc/cr130f:2dAh,3cKs|/6cJhJd/Kc/Kh:-100,100(-100.000000)
163:Player,BR:0cc/cc/cc/cc:3hKd,4h6c|/2hAhAc/Jc/7s:100,-100(97.387730)
164:BR,Player:0r130c/cr299c/cc/cc:2hTs,4dAh|/4s7cTc/5d/5c:529,-529(529.000000)
165:Player,BR:0cc/cc/r130f:3cAh,2c6h|/KsKdAs/Jh:100,-100(100.000000)
166:BR,Player:0r130c/cc/cc/cc:TdQh,9sKc|/4s5hJc/As/Js:-230,230(-164.771187)
167:Player,BR:0cc/cc/cc/cc:4hTd,6hJs|/3c5cQh/8s/3s:-100,100(60.305127)
168:BR,Player:0r130c/cr299f:5h6d,5d7h|/8cThQh:-230,230(-230.000000)
169:Player,BR:0cc/cc/cc/r130f:2hAd,9cQc|/5h6s7s/4s/Ks:100,-100(100.000000)
170:BR,Player:0r130c/cr299c/cc/cc:4sTh,7d8d|/5cQsAh/2c/Td:529,-529(312.504236)
171:Player,BR:0cr300c/cc/cc/cc:ThKh,7hKc|/6h8hAs/Qd/6c:0,-0(192.385455)
172:BR,Player:0r200c/cc/cc/cr600f:6s7s,4c9c|/JsQcAs/5c/Kh:-300,300(-300.000000)
173:Player,BR:0cc/cc/r200c/r900c:4dQh,5d6s|/5s6d7h/Th/Kh:-1200,1200(-492.595672)
174:BR,Player:0r130c/cc/cr115c/cc:3s5s,5d8d|/KhKcAc/9h/9c:0,-0(-51.118573)
175:Player,BR:0cr300c/cc/r200c/cc:7sAs,6sKs|/4s4cJh/Jd/Js:0,-0(51.789685)
176:BR,Player:0r130c/cr460f:6d7d,TsTh|/5sTdJc:-230,230(-230.000000)
177:Player,BR:0cr600f:QsAd,2d4d|:100,-100(100.000000)
178:BR,Player:0r200c/cr600c/cr450c/cr4050c:2hKd,6c7c|/4s5s9c/4c/Ts:5400,-5400(766.925318)
179:Player,BR:0cc/cc/cc/r130c:4c9d,6cJh|/3h5hKc/Qd/7s:-230,230(47.975336)
180:BR,Player:0r130c/cc/cc/cc:3c4d,5s9s|/5c6hJd/Tc/Jh:-230,230(-230.000000)
181:Player,BR:0cr600c/r1400c/cc/cc:5sAs,8cKh|/7sTsKc/Qd/8d:-2100,2100(-1926.427792)
182:BR,Player:0r130c/cc/cr460f:8sJd,6sKs|/7h9sQh/2c:-230,230(-230.000000)
183:Player,BR:0cc/cc/cc/cc:2c5h,6d8s|/QhKcAc/2d/3c:100,-100(87.800633)
184:BR,Player:0cc/cr130c/cc/cr460c:4sTs,4dTc|/2c3h5h/5c/7h:0,-0(390.363884)
185:Player,BR:0cc/cc/cc/cc:3dTd,JdQd|/4h9hTs/Qh/Th:100,-100(-28.103376)
186:BR,Player:0cc/cc/cr200c/cr390f:ThAh,AdAc|/3s7dKc/5h/4d:-300,300(-300.000000)
187:Player,BR:0cc/cc/cc/r130f:6sKh,TsQh|/4c7sJh/2s/5d:100,-100(100.000000)
188:BR,Player:0r200c/cc/cr390c/cr1380c:3sJh,6s8h|/3cTdJd/5h/Tc:2070,-2070(296.852550)
189:Player,BR:0cc/cc/cc/cc:2c6h,6sKd|/2d5cJd/Qs/Kc:-100,100(-79.194870)
190:BR,Player:0f:3cKd,2d5c|:50,-50(50.000000)
191:Player,BR:0cc/cc/cc/cc:4sAd,QsQd|/QcKsKd/9d/5h:-100,100(-98.171809)
192:BR,Player:0cc/cr130c/cc/cr299c:3hAc,5cTs|/4sKcAs/Tc/6h:529,-529(514.397702)
193:Player,BR:0cr300c/r520c/cc/cc:9dTs,QdKs|/8cQsKh/Ah/7h:-920,920(-903.741315)
194:BR,Player:0r200c/cc/cc/cr390f:6h8c,JdQd|/5dQsKc/6c/Kd:-300,300(-300.000000)
195:Player,BR:0cc/cc/cc/cc:5sAc,9sJh|/2d3h6h/2c/7c:100,-100(94.360019)
196:BR,Player:0r130c/cr299c/cc/cc:8h8c,6hQh|/3h3c6d/7d/Tc:529,-529(529.000000)
197:Player,BR:0cc/cc/cc/cc:2c9s,JsKs|/5d7cJh/Jd/5c:-100,100(-95.543744)
198:BR,Player:0r130c/cc/cc/cc:7hTs,JhQs|/3sKdKc/7d/As:230,-230(224.695810)
199:Player,BR:0cr600c/cc/r2100c/r3640c:9hQd,JhKc|/7d8dJs/Jc/6h:-6440,6440(-3151.751438)
200:BR,Player:0r130c/cr299c/cr1058c/cr9522f:5hTs,6dQd|/4c7dTd/5d/6h:-1587,1587(-1587.000000)
201:Player,BR:0cr300c/r520c/cc/cc:5d7d,3hQh|/2d9sQc/2h/7c:-920,920(-803.276605)
202:BR,Player:0cc/cc/cr130c/cr460c:JsAc,5s9c|/5hTdQh/5d/Ks:690,-690(604.523289)
203:Player,BR:0cc/cc/cc/r130f:2c8d,7h9h|/2d5sAs/Jh/Jd:100,-100(100.000000)
204:BR,Player:0r130c/cc/cr115c/cc:4h8d,6hQs|/3d6d7s/Tc/Jc:-345,345(-345.000000)
205:Player,BR:0cc/cc/cc/r130c:5d9h,8cKs|/5h7sKh/Ts/9s:230,-230(-179.397855)
206:BR,Player:0r130c/cr299c/cc/cc:3s3d,7cKc|/2s6d9d/Td/3c:529,-529(529.000000)
207:Player,BR:0cc/cc/cc/r130f:4cKd,7hQc|/3d4h5c/5s/3c:100,-100(100.000000)
208:BR,Player:0r130c/cc/cc/cc:5cAs,6s7s|/5sTsJc/7d/Kc:-230,230(131.900974)
209:Player,BR:0cr200c/r390c/cc/r138c:5c7h,JsAs|/3s6cAh/5d/Ad:-828,828(-817.201874)
210:BR,Player:0r130c/cr299c/cc/cc:8hTd,3cKh|/3dTcQh/Ts/6s:529,-529(529.000000)
211:Player,BR:0cr300c/cc/cc/r200c:7h7c,5cAh|/3d4cAd/Tc/5s:-600,600(-347.584397)
212:BR,Player:0r130c/cc/cc/cc:2hTd,7sAs|/5c8s8d/6c/2s:230,-230(227.170523)
213:Player,BR:0cr300c/r520c/r1196f:9s9c,JcKd|/5d6h6d/9h:920,-920(920.000000)
214:BR,Player:0f:3c7d,2c4d|:50,-50(50.000000)
215:Player,BR:0cc/cc/cc/cc:8hQs,2dKh|/8sTsAd/3d/9s:100,-100(19.573820)
216:BR,Player:0r130c/cc/cr115c/cc:QhAc,2cAs|/6h6cKs/Kh/6d:0,-0(-0.000000)
217:Player,BR:0cc/cc/cc/cc:4cTh,5d8s|/4h8dKd/Qs/2h:-100,100(-76.158076)
218:BR,Player:0r130c/cc/cc/cr460f:4sJh,8hJc|/2s7cAd/3s/8c:-230,230(-230.000000)
219:Player,BR:0cr300c/cc/cc/cc:6dAd,6c9c|/7dTsJh/Qs/5h:400,-400(400.000000)
220:BR,Player:0r200c/cc/cr390f:2hTd,8dJd|/5h6sAd/4d:-300,300(-300.000000)
221:Player,BR:0cc/cc/cc/r130c:6cAh,5cQd|/4d9dAd/Td/3d:-230,230(-225.690428)
222:BR,Player:0r130c/cr299c/cc/cc:7dKc,2cAs|/3h5d8d/8c/8h:-529,529(189.510074)
223:Player,BR:0cr200c/cc/cc/cc:6cTc,4hQc|/5s6s9h/Kc/Ts:300,-300(300.000000)
224:BR,Player:0cc/cc/cc/cr130c:5hKd,9cQh|/2h7cKs/Kh/Qs:230,-230(215.964979)
225:Player,BR:0cr300c/cc/r200c/r780f:2dJd,QcKh|/5cJcAs/Ac/3h:600,-600(600.000000)
226:BR,Player:0f:9dJd,3dTs|:50,-50(50.000000)
227:Player,BR:0cr200c/cc/r390c/r897f:7hKc,9sQh|/4c5dQs/3d/6d:690,-690(690.000000)
228:BR,Player:0r130c/cc/cr115c/cc:JsQc,5s9d|/9sTdJd/5c/Qd:345,-345(278.157253)
229:Player,BR:0cc/cc/cc/cc:2c3h,2h2d|/3s9hAs/Kh/8c:100,-100(-4.898108)
230:BR,Player:0r130c/cr299c/cc/cc:9dJh,7dKs|/6h6c9c/2c/Kc:-529,529(-2.821907)
231:Player,BR:0cc/cc/cc/cc:7hQs,5s6s|/3h8hTc/8d/9s:100,-100(92.107041)
232:BR,Player:0r200c/cr390c/cr1380f:8sTd,8dQs|/4d5sJs/9c:-690,690(-690.000000)
233:Player,BR:0cr300c/cc/r520c/cc:9cQc,3sAh|/3c6s6d/Jh/3h:-920,920(-902.067032)
234:BR,Player:0r130c/cr299f:3s7d,4s7c|/5c6cTh:-230,230(-230.000000)
235:Player,BR:0cr130c/r299c/r1058c/r793f:4hQh,3dKh|/3h5s8h/6c/7d:1587,-1587(1587.000000)
236:BR,Player:0r130c/cr460c/cc/cc:8dKs,4h6s|/3c7cTd/Ac/Qd:690,-690(210.598338)
237:Player,BR:0cr300c/r520c/r184c/r552c:6hTh,2sAh|/8h9sAd/3h/Ts:-1656,1656(220.407089)
238:BR,Player:0r200c/cr390f:3s4d,3d3c|/TdQdQc:-300,300(-300.000000)
239:Player,BR:0cc/cc/r130c/r115c:2h5h,TcKc|/6d7cKs/3d/3c:-345,345(-309.438727)
240:BR,Player:0cc/cc/cr130c/cc:7cKd,9h9c|/2s5hTh/Kh/Ad:230,-230(230.000000)
241:Player,BR:0cr1200c/cc/r260c/cc:3c9c,4dKd|/5c7cJs/2c/8h:1560,-1560(1560.000000)
242:BR,Player:0r130c/cc/cc/cc:QcKc,6sQd|/2cQsAd/Kh/As:230,-230(230.000000)
243:Player,BR:0cc/cc/cc/r200c:7cJh,4c9h|/3d7dJc/5h/6c:-300,300(-276.360311)
244:BR,Player:0r130c/cc/cc/cc:3dJd,7dKs|/5h5cQc/Jh/9s:230,-230(230.000000)
245:Player,BR:0cc/cc/cc/cc:5h7c,2hAd|/TcJsKd/7d/Qh:-100,100(-100.000000)
246:BR,Player:0f:6d7s,2s7h|:50,-50(50.000000)
247:Player,BR:0cc/cc/r130c/cc:4sQc,8sAc|/5s7hJd/6s/7s:-230,230(-218.932873)
248:BR,Player:0r130c/cc/cc/cc:9hAc,JsJc|/2d3h4d/5d/Td:230,-230(178.500314)
249:Player,BR:0cr300c/cc/r200c/r300c:JdQs,6sAc|/7d9sTd/Tc/3c:-900,900(359.440671)
250:BR,Player:0r130c/cr299f:4h8s,JcAd|/6dKhAh:-230,230(-230.000000)
251:Player,BR:0cr600f:3c4c,4s5c|:100,-100(100.000000)
252:BR,Player:0r130c/cr299c/cc/cc:QsQd,3sKc|/2s3c5s/6c/Td:529,-529(529.000000)
253:Player,BR:0cc/cc/cc/r130c:3dAc,6dAs|/2d9hTd/7d/Ah:0,-0(-144.983455)
254:BR,Player:0f:8d9s,2d9h|:50,-50(50.000000)
255:Player,BR:0cr600c/r2100c/cc/r5600f:QsQh,7hKh|/3h9hTs/Qd/4s:2800,-2800(2800.000000)
256:BR,Player:0r130c/cc/cr115c/cr448c:KcAd,9hJh|/2c3sKd/6s/Js:793,-793(621.941265)
257:Player,BR:0cc/cc/r130c/cc:3c9d,9cTh|/7d8dQs/Qh/Td:-230,230(-222.476365)
258:BR,Player:0r130c/cr299c/cc/cr687f:5dKs,5hAd|/5sQdAc/Qh/3h:-529,529(-529.000000)
259:Player,BR:0cc/cc/r300c/r1200c:9cJh,5s7d|/5h5c8d/6d/2d:-1600,1600(-1312.066250)
260:BR,Player:0r130c/cc/cr299c/cc:5dJd,6s7h|/5c7sAd/4c/Kd:-529,529(-243.491951)
261:Player,BR:0cc/cc/r200c/cc:TsKh,4hAc|/TdJhJd/8d/Qc:300,-300(-21.400438)
262:BR,Player:0r130c/cc/cr115c/cr1035f:7h8h,QcAd|/2d9sTs/Ac/7s:-345,345(-345.000000)
263:Player,BR:0cr300c/cc/cc/r520f:9cTd,4cQs|/7s8sAh/9d/As:400,-400(400.000000)
264:BR,Player:0r130c/cc/cr115f:2dKd,5hJs|/5s7dQh/3h:-230,230(-230.000000)
265:Player,BR:0cc/cc/cc/cc:5hJd,2cKh|/3d7dKc/3c/5d:-100,100(-86.013175)
266:BR,Player:0r130c/cc/cr115c/cc:7h8s,QsAc|/2d6dTh/Ks/Kh:-345,345(-345.000000)
267:Player,BR:0cc/cc/cc/cc:5sQc,2s2d|/4c6dAc/6h/6s:-100,100(-82.834971)
268:BR,Player:0r200c/cc/cr600c/cr5400c:QhKh,8hJc|/4s5d6c/9d/Th:6300,-6300(6300.000000)
269:Player,BR:0cc/cc/cc/r130f:2s8h,7hAd|/2c6sKc/6c/8d:100,-100(100.000000)
270:BR,Player:0f:3c4h,3d6c|:50,-50(50.000000)
271:Player,BR:0cr300c/cc/r520c/cc:5hJd,TdAd|/7hQsKc/Tc/Jc:-920,920(-889.063334)
272:BR,Player:0cc/cc/cc/cr130f:4h9h,8cTd|/7dQcKc/Th/Tc:-100,100(-100.000000)
273:Player,BR:0cr130c/cc/r690c/r5520f:6sAs,7cKc|/3sQsKh/5s/6c:920,-920(920.000000)
274:BR,Player:0f:8dAc,2d9c|:50,-50(50.000000)
275:Player,BR:0cc/cc/cc/cc:5dJs,4d7s|/7cKdKc/2c/9c:-100,100(-17.564189)
276:BR,Player:0r130c/cc/cr115f:3d6s,8hQc|/2d2c9c/7c:-230,230(-230.000000)
277:Player,BR:0cc/cc/cc/r130f:3h4s,9dKc|/3c4cAd/Th/7h:100,-100(100.000000)
278:BR,Player:0r130c/cc/cr299c/cr687f:8dTc,4cJc|/2h4h4d/6d/5h:-529,529(-529.000000)
279:Player,BR:0cc/cc/cc/r130c:JcKd,7cQs|/5dTdAd/6h/Js:230,-230(65.842111)
280:BR,Player:0r130c/cr460f:7h8c,5s7c|/3d4h6s:-230,230(-230.000000)
281:Player,BR:0cr300c/cc/r200f:TcKh,5c9c|/4hJsAd/Qs:400,-400(400.000000)
282:BR,Player:0cc/cc/cc/cr130f:2c3h,4dJh|/4c7h7c/Js/9d:-100,100(-100.000000)
283:Player,BR:0cc/cc/cc/cc:4cAs,6cQh|/2h7d9c/5h/Kc:100,-100(34.761748)
284:BR,Player:0r130c/cr299c/cr687c/cr2432f:4hQs,QdAh|/2s3dQc/2c/7h:-1216,1216(-1216.000000)
285:Player,BR:0cc/cc/cc/cc:4sTs,2h7d|/3c4c9s/8d/Qh:100,-100(97.955402)
286:BR,Player:0r200c/cr390c/cc/cc:7sJc,8hQc|/5h5d7c/7d/Ad:690,-690(690.000000)
287:Player,BR:0cc/cc/cc/r200c:4h9s,2s8s|/2d6h9d/Kd/2c:-300,300(-265.327683)
288:BR,Player:0r130c/cc/cr115c/cr448c:3cJh,3hQd|/5s7sJd/8h/9s:793,-793(592.873656)
289:Player,BR:0cr200c/cc/cc/cc:7s7d,4sAd|/8dKhAh/Jh/3s:-300,300(-241.653251)
290:BR,Player:0r200c/cc/cc/cc:8dAc,5dKd|/4hJcQs/2d/Qc:300,-300(60.531739)
291:Player,BR:0cr200c/cc/r390f:ThJc,4s5c|/3hTdKs/9s:300,-300(300.000000)
292:BR,Player:0cc/cc/cr200c/cr1800c:QhQc,3h6s|/5s9dTd/Kd/As:2100,-2100(2088.453318)
293:Player,BR:0cr600f:8cQd,5sQc|:100,-100(100.000000)
294:BR,Player:0r130c/cr299c/cr687c/cr1580c:QsQc,3cKs|/5h6s8d/Tc/7c:2796,-2796(202.289130)
295:Player,BR:0cr600f:JhAh,3hTc|:100,-100(100.000000)
296:BR,Player:0f:7c9c,2s3h|:50,-50(50.000000)
297:Player,BR:0cc/cc/cc/r130f:6c7h,2d8c|/4c6sAs/9d/Qd:100,-100(100.000000)
298:BR,Player:0r200c/cr390f:7s9d,KdKc|/2c4d8s:-300,300(-300.000000)
299:Player,BR:0cc/cc/cc/r300c:4cTh,7hKh|/2h3h9c/8c/8d:-400,400(-282.120824)
300:BR,Player:0r130c/cr299f:2s8d,6sKs|/3d6dTc:-230,230(-230.000000)
301:Player,BR:0cc/cc/cc/cc:3sJs,5d8c|/9sJcAh/Jh/Ts:100,-100(62.518853)
302:BR,Player:0cc/cc/cc/cc:6sJh,2cKh|/6dTdJs/Th/7h:100,-100(100.000000)
303:Player,BR:0cc/cc/r130c/r299c:5hTs,5sJc|/2hQdAd/4h/6h:-529,529(220.764285)
304:BR,Player:0cc/cc/cc/cr130c:QcAd,4cAh|/2h8sTd/Jd/4h:-230,230(-50.188686)
305:Player,BR:0cc/cc/cc/r130c:4dQh,3h9d|/3dQsKh/7d/8d:230,-230(84.628892)
306:BR,Player:0r130c/cc/cc/cc:2c7s,TdAh|/7h8dQh/Tc/9d:-230,230(-27.081458)
307:Player,BR:0cc/cc/cc/r130f:5hQc,4dJh|/3d4cTd/5d/8c:100,-100(100.000000)
308:BR,Player:0f:7d9s,2h9d|:50,-50(50.000000)
309:Player,BR:0cc/cc/cc/cc:6hKc,7dTd|/5cQdAc/Jh/2h:100,-100(48.420272)
310:BR,Player:0r130c/cc/cr299c/cr687c:JhKd,2d7d|/3h9dKc/Jc/Js:1216,-1216(1216.000000)
311:Player,BR:0cc/cc/cc/r130c:9dTs,2s8s|/ThQcKc/8h/4s:230,-230(81.617850)
312:BR,Player:0r200c/cc/cc/cc:8cAd,8sQc|/3sKhAc/2d/3h:300,-300(300.000000)
313:Player,BR:0cr300c/cc/r1200f:QsAd,9dKh|/5d7cAc/Js:400,-400(400.000000)
314:BR,Player:0f:5s6d,3d9s|:50,-50(50.000000)
315:Player,BR:0cc/cc/cc/cc:5cAd,2dAh|/3h4h5h/6d/3s:-100,100(-52.275155)
316:BR,Player:0r130c/cr299c/cc/cc:2sJd,6hJs|/2c5c9s/Kh/5d:529,-529(411.459555)
317:Player,BR:0cc/cc/r130c/cc:5c6s,3sKs|/4d5d9h/2d/Ts:230,-230(55.513067)
318:BR,Player:0r130c/cr299c/cr687c/cr1580f:6dTs,7sTd|/5c7dTh/9h/2s:-1216,1216(-1216.000000)
319:Player,BR:0cr600c/cc/cc/r910c:3d6d,5s5h|/4d7sQc/6h/7d:1610,-1610(466.393344)
320:BR,Player:0r130c/cr460c/cr897c/cc:9s9d,9hKh|/3dTcQs/Qc/2s:1587,-1587(978.161285)
321:Player,BR:0cr200c/r390c/r897c/cc:4c6c,8sQs|/2d3s7s/6s/As:-1587,1587(-1500.147188)
322:BR,Player:0r130c/cc/cc/cc:6h8s,9dQd|/2h2d8h/2c/3h:230,-230(230.000000)
323:Player,BR:0cr300c/r520c/cc/r184c:9dJd,4h6h|/3c6d7h/4s/9s:-1104,1104(-1104.000000)
324:BR,Player:0r130c/cc/cc/cc:2c5d,4hQd|/2s4sKs/Td/Ts:-230,230(-75.917892)
325:Player,BR:0cc/cc/cc/cc:5cKs,7dTc|/4c6sJs/9c/6h:100,-100(68.180087)
326:BR,Player:0r130c/cc/cr115c/cr448f:4sAd,3d7d|/5cTdKd/4d/Ac:-345,345(-345.000000)
327:Player,BR:0cr300f:6c7h,2d3h|:100,-100(100.000000)
328:BR,Player:0r130c/cr299c/cr264f:7sKh,ThTd|/5cJsJd/Qd:-529,529(-529.000000)
329:Player,BR:0cc/cc/r300c/cc:4dJd,QhKc|/2s2c8c/3h/7h:-400,400(-390.661593)
330:BR,Player:0r130c/cc/cc/cr299c:3hQs,6d9s|/6s8h8d/Ad/9d:-529,529(-63.518274)
331:Player,BR:0cc/cc/cc/cc:2hAd,3h8c|/3c9dQd/9c/Jh:-100,100(-45.951574)
332:BR,Player:0r130c/cr690c/cr2760c/cr16320f:TsAd,6hJh|/5cQhKh/Tc/4h:-3680,3680(-3680.000000)
333:Player,BR:0cr200c/cc/r150c/r585f:7dAh,2cKd|/5s8hAc/8c/Qd:450,-450(450.000000)
334:BR,Player:0r130c/cc/cc/cc:6cTh,QdKc|/2c3hJc/8h/6h:230,-230(230.000000)
335:Player,BR:0cc/cc/cc/cc:2h3d,8sKh|/5s8hKc/Td/9s:-100,100(-95.017984)
336:BR,Player:0r130c/cc/cc/cr299f:6hJd,7s7h|/3s8hQh/4d/Qc:-230,230(-230.000000)
337:Player,BR:0cc/cc/cc/r130c:2h6d,3s9s|/5c8cJs/Ad/9h:-230,230(-27.210734)
338:BR,Player:0r130c/cr299c/cc/cc:5hAs,6dTc|/8dQsQd/Ad/8c:529,-529(474.426721)
339:Player,BR:0cr200c/r390f:5s6s,3sTd|/4h6h6d:300,-300(300.000000)
340:BR,Player:0r130c/cc/cr299c/cc:2h8d,8hAd|/5c6s7s/8c/7c:-529,529(-75.722849)
341:Player,BR:0cr200c/cc/cc/cc:8hAh,6sTd|/3d7dKd/2d/Jd:-300,300(-270.666491)
342:BR,Player:0cc/cc/cc/cr300c:4dKs,3s4c|/5c6c7s/8c/3d:0,-0(-0.000000)
343:Player,BR:0cc/cc/cc/r130c:2d7c,4dKs|/JdQcKc/5d/3d:-230,230(-167.232558)
344:BR,Player:0r130c/cr299f:3c5h,5c9h|/2h8h9s:-230,230(-230.000000)
345:Player,BR:0cc/cc/r130c/cc:2c9s,2hTc|/4c8dKs/Qs/Kc:-230,230(-153.720540)
346:BR,Player:0r130c/cc/cr299c/cc:TsAs,4cJd|/TcQdAh/3s/8h:529,-529(529.000000)
347:Player,BR:0cc/cc/cc/cc:5h9s,7sKd|/8cTcAh/Qs/7h:-100,100(-32.558210)
348:BR,Player:0r130c/cc/cc/cc:3c9c,5cJh|/2s2h5s/4s/8s:-230,230(-230.000000)
349:Player,BR:0cr300c/cc/r1200c/r4800c:6sTc,9hQd|/7h8d8c/Kd/As:-6400,6400(-5671.750385)
350:BR,Player:0r130c/cr299c/cc/cc:6cAs,3cTc|/3h9sJs/Ad/7d:529,-529(529.000000)
351:Player,BR:0cr300c/cc/cc/r200c:3hAh,4s5s|/4cKsAs/Jd/5d:-600,600(-558.037266)
352:BR,Player:0r200c/cr900f:6hJs,2dJd|/3d4s9s:-300,300(-300.000000)
353:Player,BR:0cc/cc/r130c/cc:5d9c,6s9s|/6dAdAc/7c/4c:-230,230(-203.491317)
354:BR,Player:0cc/cc/cc/cr130c:7cTh,5d7d|/6c9hQs/7h/3d:230,-230(18.789358)
355:Player,BR:0cc/cc/cc/cc:7hJc,5h8d|/8c9cKc/8s/6s:-100,100(-93.894813)
356:BR,Player:0cc/cc/cr130f:2h7c,3cTd|/4h6h6d/Qh:-100,100(-100.000000)
357:Player,BR:0cc/cc/cc/r130c:2h8c,3c6d|/4d5sJh/Kc/6h:-230,230(-79.052825)
358:BR,Player:0cc/cc/cc/cc:2dAd,3s3d|/8cJdAc/2c/6d:100,-100(100.000000)
359:Player,BR:0cr300f:TsTd,3d7h|:100,-100(100.000000)
360:BR,Player:0r130c/cr299c/cc/cr687c:2sAs,8hQc|/6h9cTc/4d/4h:1216,-1216(-61.587436)
361:Player,BR:0cr200c/cc/r600c/cc:5cAc,9hAh|/2dThJd/4h/5h:-900,900(-900.000000)
362:BR,Player:0cc/cr300c/cc/cc:2dKc,8h9c|/2h2cQd/7h/3h:400,-400(400.000000)
363:Player,BR:0cc/cc/cc/r200f:7hJc,5c7c|/8cQhAh/8h/5h:100,-100(100.000000)
364:BR,Player:0cc/cc/cr130c/cr690c:TdKh,5hTs|/3d8dAs/4d/9d:920,-920(360.448923)
365:Player,BR:0cc/cc/r200c/r900f:4hQd,7sKs|/3d5d6h/Kd/2d:300,-300(300.000000)
366:BR,Player:0r130c/cc/cc/cr299f:8c9c,5cAc|/3cJhKd/2s/5s:-230,230(-230.000000)
367:Player,BR:0cc/cc/cc/cc:5s9s,2hJs|/TdQcKd/5c/2c:100,-100(-32.689347)
368:BR,Player:0f:2d4h,2h8d|:50,-50(50.000000)
369:Player,BR:0cc/cc/r600f:6cAh,6sJh|/7h9hTh/Kh:100,-100(100.000000)
370:BR,Player:0r200c/cc/cc/cr600f:4d5c,JcAc|/8hJhKc/6s/Ad:-300,300(-300.000000)
371:Player,BR:0cc/cc/cc/cc:7sJd,2h8s|/6s9dKh/Kc/3h:100,-100(79.886808)
372:BR,Player:0r130c/cc/cr299c/cc:2c4d,TdAs|/4cThKd/Ad/Kc:-529,529(-105.918112)
373:Player,BR:0cc/cc/cc/cc:4dAs,2d3s|/2s4s7h/4c/Kd:100,-100(-46.888386)
374:BR,Player:0r130c/cr299c/cc/cc:4h6h,4c8d|/3h6sQc/9h/As:529,-529(-5.200684)
375:Player,BR:0cr130c/r299c/r1058c/r4761c:ThJh,4cKh|/2c6sAc/9h/8d:-6348,6348(-745.200824)
376:BR,Player:0cc/cc/cc/cr200c:5c6c,9hQs|/3h6h6d/9d/Kc:300,-300(296.109821)
377:Player,BR:0cr300c/cc/cc/r520c:9hJc,QsQh|/5d5cQc/9d/6s:-920,920(-918.744053)
378:BR,Player:0f:4s8c,3s9c|:50,-50(50.000000)
379:Player,BR:0cr300c/cc/cc/cc:5cAc,AsAh|/4h7s9h/Qd/Jc:-400,400(-354.100232)
380:BR,Player:0r130c/cc/cr115c/cc:2h8d,4d7d|/4c8sAs/3c/3d:345,-345(337.897247)
381:Player,BR:0cr600f:5sAh,2hJd|:100,-100(100.000000)
382:BR,Player:0r130c/cc/cr115c/cr690c:6s8h,9dJs|/2s6c7h/4h/2d:1035,-1035(737.403450)
383:Player,BR:0cc/cc/cc/r300f:6d8h,5h6h|/3d4dTh/3s/As:100,-100(100.000000)
384:BR,Player:0r200c/cr390c/cr1380f:2dQd,JhJd|/6c8dTh/5s:-690,690(-690.000000)
385:Player,BR:0cr300c/r520c/r1840c/cc:5c8d,KdKc|/2d6h9s/Jd/2h:-2760,2760(-2525.618546)
386:BR,Player:0r200c/cc/cc/cr390c:2dJd,8hAc|/4c8dJc/3d/3h:690,-690(550.343321)
387:Player,BR:0cc/cc/cc/cc:2sAd,4dJs|/6h8s8d/3h/5c:100,-100(100.000000)
388:BR,Player:0r200c/cr600c/cc/cc:4c6h,8cTh|/6d6cJs/5h/2h:900,-900(900.000000)
389:Player,BR:0cr200c/cc/r150c/cc:6hQh,8cAh|/TcKhKc/Js/Th:-450,450(-230.058075)
390:BR,Player:0f:KcAh,2s4h|:50,-50(50.000000)
391:Player,BR:0cc/cc/cc/r130c:2d3c,QsQc|/8s8c9h/4s/7d:-230,230(-198.289935)
392:BR,Player:0r130c/cc/cc/cr460c:6s6d,TsKs|/3h5c7h/4s/4d:690,-690(690.000000)
393:Player,BR:0cc/cc/cc/cc:6s9c,5sAs|/3hJdKs/Kd/Qs:-100,100(-29.310125)
394:BR,Player:0r130c/cc/cr299c/cc:6s8h,6h9c|/4c6dTh/2h/3s:-529,529(130.307822)
395:Player,BR:0cr200c/cc/cc/cc:9dKd,9cAs|/3c4h5c/5s/6h:-300,300(-82.323785)
396:BR,Player:0f:7dQd,2c9s|:50,-50(50.000000)
397:Player,BR:0cc/cc/r130c/r299c:4hJc,JdKc|/6d7cTd/Js/3c:-529,529(-235.451663)
398:BR,Player:0r130c/cc/cc/cc:8s9d,4cJc|/4d7sKd/9c/Td:230,-230(230.000000)
399:Player,BR:0cc/cc/cc/cc:4cKc,3h8d|/3d9dTd/4s/2d:-100,100(-84.398508)
400:BR,Player:0cc/cc/cr130f:2c4h,3h4c|/7d8dKs/7c:-100,100(-100.000000)
401:Player,BR:0cc/cc/r130c/r299c:3d6s,5d6d|/2d5sTs/Jc/Ks:-529,529(-362.549503)
402:BR,Player:0r130c/cr690c/cr1840c/cc:3c5c,4cJh|/2d3h6d/4d/2h:2760,-2760(2084.671890)
403:Player,BR:0cc/cc/r130c/cc:6s8c,7cJh|/4cQcAc/9s/2c:230,-230(-101.982518)
404:BR,Player:0f:4h9c,2d3s|:50,-50(50.000000)
405:Player,BR:0cc/cc/r130f:9hTc,3s5c|/TsTdJd/Ac:100,-100(100.000000)
406:BR,Player:0r130c/cr460c/cr897f:4d5h,9hJc|/6h7dJs/9c:-690,690(-690.000000)
407:Player,BR:0cr200c/cc/r150f:5s5h,7h8s|/3s4d6h/Kh:300,-300(300.000000)
408:BR,Player:0r130c/cc/cc/cr299c:2dJc,6sTc|/5dTdQh/7h/7d:-529,529(-225.547951)
409:Player,BR:0cr300c/cc/r200c/r1200c:3dTd,QhKh|/5s8hQs/Jh/7s:-1800,1800(-975.624394)
410:BR,Player:0r130c/cr299c/cc/cc:8h9s,9cJc|/7h7dQs/Ks/5d:-529,529(-336.954647)
411:Player,BR:0cc/cc/cc/cc:2s4c,JcKd|/9hJhKc/4h/6d:-100,100(-97.962577)
412:BR,Player:0r130c/cr299c/cc/cc:9hJc,2s9s|/3cQcKs/Qh/7h:529,-529(-120.402474)
413:Player,BR:0cr300c/cc/cc/cc:9s9c,7sKs|/3dQdAd/8s/6d:400,-400(400.000000)
414:BR,Player:0r130c/cr299c/cc/cc:4sKd,4h7d|/9hTsAh/6d/4d:529,-529(184.028187)
415:Player,BR:0cc/cc/cc/r130c:4h9h,QhKc|/2cJsAc/7c/5h:-230,230(73.880568)
416:BR,Player:0r130c/cr299c/cc/cc:9h9c,6sQc|/5h6hJh/8d/7d:529,-529(529.000000)
417:Player,BR:0cc/cc/r200c/cc:6d7h,2h9d|/JdJcKh/9s/Qs:-300,300(-297.001900)
418:BR,Player:0r130c/cr299c/cc/cc:8sQd,4sAd|/4d6hKs/8c/3h:529,-529(529.000000)
419:Player,BR:0cc/cc/cc/cc:2h3c,7h9d|/9hKcAh/6s/3h:-100,100(-71.581678)
420:BR,Player:0r130c/cc/cc/cc:4cKs,7s8d|/4dJsQd/6c/7d:-230,230(65.881016)
421:Player,BR:0cc/cc/cc/cc:2s6d,5dQc|/3s8sJc/Qs/9h:-100,100(-89.721175)
422:BR,Player:0r130c/cr299c/cr1587f:2sQd,4d7c|/2c5c7h/4c:-529,529(-529.000000)
423:Player,BR:0cc/cc/cc/r200f:7sAd,2c3d|/7cJdAs/6h/4s:100,-100(100.000000)
424:BR,Player:0r130c/cr299c/cc/cr687f:4h8h,ThTc|/2d9hAs/5h/Ts:-529,529(-529.000000)
425:Player,BR:0cr300f:QcAd,3d6h|:100,-100(100.000000)
426:BR,Player:0r130c/cc/cr299c/cr1058f:4sKc,6s9h|/2s4d6h/9s/5d:-529,529(-529.000000)
427:Player,BR:0cc/cc/cc/r130c:6c8h,KsKd|/3d7h8s/3c/4c:-230,230(-194.689895)
428:BR,Player:0r200c/cr900f:3dTc,7dKs|/4h8d9s:-300,300(-300.000000)
429:Player,BR:0cc/cc/r200c/r600c:4sJc,6d9h|/3d5d6s/Ac/Td:-900,900(-102.592476)
430:BR,Player:0r130c/cc/cc/cc:JcQd,8sKh|/2c3h7s/Ac/9s:-230,230(-212.402662)
431:Player,BR:0cc/cc/r200c/cc:3s5d,6d7s|/6c7cQs/2d/7d:-300,300(-300.000000)
432:BR,Player:0r130c/cc/cr299f:5sTh,4cQd|/7h7dKc/9c:-230,230(-230.000000)
433:Player,BR:0cc/cc/cc/cc:2dJh,7s9c|/7d8cKh/Qh/Ks:-100,100(-71.173569)
434:BR,Player:0r200c/cc/cc/cr600f:5h8d,2s7s|/5s6cQs/Tc/Jh:-300,300(-300.000000)
435:Player,BR:0cc/cc/r200c/r600c:2c8d,3h9h|/3d4s6c/Ts/6s:-900,900(-49.414030)
436:BR,Player:0r130c/cr299f:9sTc,5sKc|/4s4d6d:-230,230(-230.000000)
437:Player,BR:0cr300c/cc/cc/cc:7cKc,6sJs|/7s8s9d/Ad/6h:400,-400(317.235028)
438:BR,Player:0cc/cc/cc/cr200f:6sAh,TsJh|/2c8sKh/4c/5s:-100,100(-100.000000)
439:Player,BR:0cr600f:5sKs,6d9h|:100,-100(100.000000)
440:BR,Player:0r130c/cr299f:3s5d,5sJh|/6c9hJs:-230,230(-230.000000)
441:Player,BR:0cr200c/cc/r150c/cc:8dTs,2c7c|/2h8hKc/Qs/6h:450,-450(-6.226105)
442:BR,Player:0r130c/cc/cr460c/cc:2d6h,5h8h|/6s9hAh/4s/5c:690,-690(-199.694384)
443:Player,BR:0cr300c/cc/r200c/cc:4h8h,3cKh|/6sQcAd/As/4s:600,-600(254.157169)
444:BR,Player:0cc/cr200f:5h8s,2dJs|/2s3cJd:-100,100(-100.000000)
445:Player,BR:0cc/cc/cc/cc:2d9h,7hQh|/4sTcJh/7d/Td:-100,100(-78.553034)
446:BR,Player:0r130c/cc/cc/cc:3s4s,JdAc|/3h8sTh/6c/5h:230,-230(87.767166)
447:Player,BR:0cr300c/r520c/cc/r460c:5hKh,6sTs|/2s2d9s/8c/6c:-1380,1380(385.057704)
448:BR,Player:0r300c/cr520c/cr1840c/cr8280c:8sQh,5cTs|/4h7cKd/7s/9s:11040,-11040(11036.556068)
449:Player,BR:0cc/cc/cc/cc:3cQc,5sAd|/6d7s7d/4s/3d:-100,100(-93.021874)
450:BR,Player:0r130c/cc/cr299c/cr687c:2c7c,8dKh|/5s6cKc/2d/2s:1216,-1216(1198.012294)
451:Player,BR:0cc/cc/cc/cc:3d4c,9hJs|/5cJhKh/3h/Td:-100,100(-82.842710)
452:BR,Player:0cc/cc/cc/cr200f:7h7c,TcQd|/6c8hKd/Qh/3c:-100,100(-100.000000)
453:Player,BR:0cc/cc/cc/cc:2hTs,2d8s|/7dAhAc/3d/Js:100,-100(93.199288)
454:BR,Player:0r130c/cr299f:4s6c,5d9s|/ThJsAd:-230,230(-230.000000)
455:Player,BR:0cc/cc/cc/r130c:3h6c,7dKd|/6d7sJd/9d/2s:-230,230(-229.858113)
456:BR,Player:0r130c/cc/cc/cr299c:5sTs,6s9c|/3s4d7c/Th/Kd:529,-529(78.788326)
457:Player,BR:0cr200c/cc/cc/cc:8dQc,5dKh|/4d8sAs/3s/Ah:300,-300(107.534689)
458:BR,Player:0r130c/cc/cr115f:2h8c,5h9s|/5c6hJh/6c:-230,230(-230.000000)
459:Player,BR:0cc/cc/cc/r130c:2d9d,3s3h|/4s7sQh/3d/4c:-230,230(-223.441881)
460:BR,Player:0r130c/cr460c/cr897c/cr2063c:3dAs,6cQh|/5s7s8c/Ac/Td:3650,-3650(3650.000000)
461:Player,BR:0cc/cc/r200c/r390f:3sAh,5s8c|/8hQdAc/Tc/3c:300,-300(300.000000)
462:BR,Player:0cc/cc/cc/cc:8dAs,4sQs|/3h8sAc/Ah/7h:100,-100(100.000000)
463:Player,BR:0cr600c/cc/cc/cc:JcAc,6dQs|/7dTsKs/Kh/Qh:700,-700(-565.457645)
464:BR,Player:0r130c/cr299f:4h9s,4sKc|/6dJhQs:-230,230(-230.000000)
465:Player,BR:0cc/cc/r200c/r150f:4sQs,3s3d|/2d4cKc/Kh/5h:300,-300(300.000000)
466:BR,Player:0r130c/cc/cr115c/cc:7dTs,5h8d|/7c9hTc/Jc/Kc:-345,345(-105.390802)
467:Player,BR:0cr600c/cc/r1400c/r420f:2d4s,7sQd|/3d4hAs/Ac/8d:2100,-2100(2100.000000)
468:BR,Player:0r130c/cc/cc/cr299f:2dKs,4h5h|/9s9cAc/Qd/7c:-230,230(-230.000000)
469:Player,BR:0cc/cc/r130c/r299c:6h8s,4hAh|/QhKsAc/Qc/9c:-529,529(-46.875841)
470:BR,Player:0r130c/cc/cr299f:5hTd,5cJc|/4h6sJs/8h:-230,230(-230.000000)
471:Player,BR:0cr200c/r390c/cc/cc:QdKh,JhAc|/4h7cJs/4s/9d:-690,690(-608.519040)
472:BR,Player:0r130c/cc/cr690c/cc:2dKh,7s8h|/3s3c6d/3d/Kc:920,-920(920.000000)
473:Player,BR:0cc/cc/r200c/r390f:3sJh,TsQs|/3h4hJd/As/Qh:300,-300(300.000000)
474:BR,Player:0r130c/cr299c/cc/cr687f:3h9d,8dTs|/3d7sTh/Kd/5c:-529,529(-529.000000)
475:Player,BR:0cr600f:9cJd,4dTh|:100,-100(100.000000)
476:BR,Player:0cc/cc/cr130f:6sTh,9cQs|/3c4d5d/9d:-100,100(-100.000000)
477:Player,BR:0cc/cc/cc/r130f:TdJh,JsQh|/6s8c9c/7c/6h:100,-100(100.000000)
478:BR,Player:0r200c/cr390c/cr2070c/cc:5dTh,3s5h|/2sTcAd/5s/6d:2760,-2760(2760.000000)
479:Player,BR:0cc/cc/cc/cc:3hAd,2hQh|/4d6hJs/8c/3c:100,-100(84.720822)
480:BR,Player:0r130c/cc/cc/cr115f:8dAd,4c5c|/3s7dTh/4s/Tc:-230,230(-230.000000)
481:Player,BR:0cc/cc/r130c/cc:6cJc,3c8d|/4h4d8h/7s/6d:-230,230(-23.020108)
482:BR,Player:0r200c/cc/cr600c/cc:3s8h,6d8d|/3h9dQh/4s/6c:-900,900(-640.206746)
483:Player,BR:0cr300c/cc/r200c/cc:QdKd,8hKs|/4d8s9d/7s/9s:-600,600(-153.831682)
484:BR,Player:0r130c/cc/cc/cr299c:QsAh,ThJs|/2hTdQh/7h/Tc:-529,529(314.989449)
485:Player,BR:0cc/cc/cc/cc:2c6h,AsAh|/5s5d9s/Th/4c:-100,100(-91.529822)
486:BR,Player:0r130c/cr299c/cr1058c/cr4761c:3hKc,5c9h|/4h7cQh/3d/7d:6348,-6348(2301.686308)
487:Player,BR:0cc/cc/r130c/r299f:8sJd,8cTc|/4s7sJs/4c/2h:230,-230(230.000000)
488:BR,Player:0r200c/cc/cc/cc:2cJd,2hQd|/6d7sJs/Ad/2d:300,-300(300.000000)
489:Player,BR:0cr300c/cc/r200c/cc:7cAc,4sQs|/3d6sTd/2c/9d:600,-600(600.000000)
490:BR,Player:0r200c/cr390c/cr1380c/cc:2h9d,7d8h|/2c4cKs/Qd/Qs:2070,-2070(-202.238132)
491:Player,BR:0cr300c/cc/cc/cc:6dAd,7cKc|/6hTdQh/7s/4h:-400,400(-334.699701)
492:BR,Player:0r130c/cc/cr299c/cc:9hAs,6hAc|/2c7s7c/9c/2s:529,-529(495.296211)
493:Player,BR:0cr130c/cc/cc/r115c:TsTh,4s5s|/4cQhKd/6c/6d:345,-345(-76.760976)
494:BR,Player:0r130c/cr299c/cc/cr687f:8hKs,7d9c|/3s7sTd/3h/3d:-529,529(-529.000000)
495:Player,BR:0cr300f:7c8c,5s7h|:100,-100(100.000000)
496:BR,Player:0r200c/cc/cc/cc:6c7h,9dAc|/3s6dQs/Tc/Qd:300,-300(300.000000)
497:Player,BR:0cc/cc/cc/cc:2c3d,2h7d|/TsTdAc/9s/6s:-100,100(74.849337)
498:BR,Player:0r130c/cr299f:4d9h,6h8h|/5h7sAc:-230,230(-230.000000)
499:Player,BR:0cr200c/cc/r600c/r450c:QhAh,9cKd|/2hQdKs/5h/6c:-1350,1350(-1350.000000)
500:BR,Player:0r130c/cr299f:3s6h,8dTh|/7h9cQh:-230,230(-230.000000)
501:Player,BR:0cc/cc/cc/cc:2h9s,3dAc|/2c7dAs/6d/4h:-100,100(-90.720213)
502:BR,Player:0r130c/cc/cr115c/cr448c:3sQh,4hJd|/3c6sQs/2d/Jh:793,-793(787.673871)
503:Player,BR:0cr300c/cc/r200c/r1200c:TsJs,6sQd|/2h5d6d/2c/8c:-1800,1800(-151.298850)
504:BR,Player:0f:6hQs,3s9h|:50,-50(50.000000)
505:Player,BR:0cr300c/cc/r200c/cc:7h8d,8cQc|/2s8hAh/3d/9d:-600,600(-527.667654)
506:BR,Player:0r130c/cr299c/cr687c/cr3648f:6s9s,QsKs|/2c6hQh/7h/Qd:-1216,1216(-1216.000000)
507:Player,BR:0cr200c/cc/r150c/cc:6sJs,3hAd|/JhJdJc/8d/3d:450,-450(-385.588140)
508:BR,Player:0r200c/cr390c/cr897c/cr3174c:5d6d,JdAd|/3d4d7s/Td/9s:-4761,4761(3643.307900)
509:Player,BR:0cc/cc/r130c/r690f:4s7d,4c8h|/3h4d7c/Th/Qc:230,-230(230.000000)
510:BR,Player:0r200c/cc/cc/cr600c:4c9c,2s8s|/3h9dQh/4s/Kd:900,-900(587.988134)
511:Player,BR:0cr300c/cc/r200c/cc:5dQh,8cTd|/7cThJc/Jd/7h:-600,600(-237.247508)
512:BR,Player:0f:2d3h,2hTd|:50,-50(50.000000)
513:Player,BR:0cc/cc/cc/cc:5cAd,6c8d|/5h5d9s/Ts/Jh:100,-100(76.206312)
514:BR,Player:0r130c/cr299c/cc/cr687c:3c4d,TsKc|/3h4hTc/5h/Qc:1216,-1216(1070.870727)
515:Player,BR:0cc/cc/cc/r130c:2dTc,3s6h|/7d7cAd/3c/8s:-230,230(-105.237903)
516:BR,Player:0r130c/cr299c/cc/cr1587f:3h3c,9dKc|/5h9cAs/2h/Kd:-529,529(-529.000000)
517:Player,BR:0cr200c/cc/r900f:AhAc,4h7d|/4s5cTd/Qc:300,-300(300.000000)
518:BR,Player:0r130c/cr690c/cc/cc:5cKh,3h4c|/7hThJc/2c/Ah:920,-920(314.284357)
519:Player,BR:0cc/cc/r200c/cc:6sJs,5c7d|/7s9dKd/2c/8h:-300,300(-101.012338)
520:BR,Player:0cc/cr130c/cc/cr299f:9sJc,3h7h|/4c7sKc/6s/5d:-230,230(-230.000000)
521:Player,BR:0cc/cc/r130f:8cAd,3h9s|/2h7dJd/Js:100,-100(100.000000)
522:BR,Player:0r130c/cr460c/cc/cc:QcAh,3d5h|/3s5sKs/As/Qh:690,-690(423.984018)
523:Player,BR:0cr300f:9dAh,5c8h|:100,-100(100.000000)
524:BR,Player:0r130c/cc/cc/cc:ThTd,7sKd|/7d9hTs/Jc/Ac:230,-230(230.000000)
525:Player,BR:0cc/cc/r200c/r900f:4s8d,8hKd|/4dTdAc/8s/2h:300,-300(300.000000)
526:BR,Player:0r130c/cc/cr299f:5s8h,3cKc|/JsQsQh/9c:-230,230(-230.000000)
527:Player,BR:0cc/cc/cc/r130c:3c6h,4dKd|/3d5dAs/9c/6c:230,-230(73.707438)
528:BR,Player:0r130c/cc/cc/cc:TdKc,5cAh|/3s7hKs/5h/Th:230,-230(230.000000)
529:Player,BR:0cr300c/r800f:4c6h,8hQc|/2s5c6d:400,-400(400.000000)
530:BR,Player:0r200c/cc/cc/cc:9hQc,9cAh|/6h7dJc/8h/Jd:-300,300(-300.000000)
531:Player,BR:0cr300c/cc/cc/r200f:JdQc,6sTd|/8s8c9h/8d/8h:400,-400(400.000000)
532:BR,Player:0r130c/cr299c/cc/cr687c:8hJc,6cKh|/3hQhKs/Tc/Kd:-1216,1216(-150.060030)
533:Player,BR:0cr200c/cc/cc/cc:3sAs,3d9h|/2h7cAc/7d/Qd:300,-300(300.000000)
534:BR,Player:0r130c/cr299c/cc/cr687c:JcAh,3cAs|/4c5dAc/8s/Qd:1216,-1216(13.433122)
535:Player,BR:0cc/cc/cc/cc:2sAd,2hQd|/2c6sKh/Td/5h:100,-100(-38.536420)
536:BR,Player:0r130c/cr690f:3dQs,7d9h|/2s6hTh:-230,230(-230.000000)
537:Player,BR:0cr200c/r390c/cc/cc:7s8s,9dKh|/5h7cAd/Th/7d:690,-690(33.921338)
538:BR,Player:0cc/cr130f:4d6c,7cTd|/5d9cAs:-100,100(-100.000000)
539:Player,BR:0cc/cc/cc/r130c:3dTh,7dKd|/7h7cTs/4s/6h:-230,230(-225.914789)
540:BR,Player:0r130c/cc/cc/cc:2c8d,5s5d|/9hJsAs/Td/3c:-230,230(-230.000000)
541:Player,BR:0cc/cc/cc/r130c:4s6d,2s3c|/4d5sKh/4c/As:-230,230(-225.215718)
542:BR,Player:0r130c/cr299c/cc/cc:KcAd,8cTh|/3d8s9s/Ks/Jd:529,-529(529.000000)
543:Player,BR:0cc/cc/cc/r130f:4d8h,5h6h|/2dJcAd/Js/Qd:100,-100(100.000000)
544:BR,Player:0f:7dTh,3s7c|:50,-50(50.000000)
545:Player,BR:0cc/cc/r300c/cc:5c8h,7cKs|/3dQdAd/Kd/9d:0,-0(20.688757)
546:BR,Player:0r200c/cr600c/cr2700c/cr4680f:8dQs,3hAh|/2s5h7h/3c/3d:-3600,3600(-3600.000000)
547:Player,BR:0cc/cc/cc/r300c:4h6s,6cAc|/5d9sAd/Kc/3c:-400,400(-369.397321)
548:BR,Player:0r130c/cc/cc/cc:3cQh,5dJs|/QdQcKh/Kd/Qs:230,-230(230.000000)
549:Player,BR:0cr130c/r299f:7sAc,2dQd|/3s5c7c:230,-230(230.000000)
550:BR,Player:0r200c/cr390c/cc/cc:9sAh,KhAs|/4d7s7c/8h/9d:690,-690(663.950145)
551:Player,BR:0cr200c/cc/r150c/r900c:5cJh,5dKc|/6s9sQs/Kh/2c:-1350,1350(314.156466)
552:BR,Player:0r200c/cc/cr600f:7dTh,JsAc|/8cTsJc/Jh:-300,300(-300.000000)
553:Player,BR:0cc/cc/cc/cc:2d9s,5cQh|/3h4dTd/3s/9h:100,-100(44.085458)
554:BR,Player:0r130c/cc/cc/cc:3c9s,8hAh|/6hTcKs/Jc/Kc:-230,230(-230.000000)
555:Player,BR:0cc/cc/cc/cc:9sKc,8dQh|/2s2hJc/2c/9h:100,-100(19.940664)
556:BR,Player:0f:4dAs,2hTc|:50,-50(50.000000)
557:Player,BR:0cr300c/cc/cc/r1200f:9dKh,TcJh|/2s6c8s/Kd/3c:400,-400(400.000000)
558:BR,Player:0r130c/cr299c/cr1058f:TsQd,8cJd|/4s4dAc/Kd:-529,529(-529.000000)
559:Player,BR:0cc/cc/cc/cc:4hTd,2s3c|/4sTcQd/8h/Ks:100,-100(97.604470)
560:BR,Player:0r130c/cr460c/cc/cr897c:2s2d,9hTh|/2c5dKs/Td/8c:1587,-1587(1587.000000)
561:Player,BR:0cc/cc/r130f:5cTd,6d7h|/4hJsQc/9d:100,-100(100.000000)
562:BR,Player:0r130c/cc/cr299c/cc:KdKc,5s8d|/6cThQc/Jd/9s:529,-529(529.000000)
563:Player,BR:0cr300c/r520c/cc/cc:QsKh,9dJh|/4s7dTc/6h/3h:920,-920(896.002360)
564:BR,Player:0f:TcQh,2c6h|:50,-50(50.000000)
565:Player,BR:0cr300c/cc/cc/cc:JdQc,4hTh|/3c5hKs/4c/Ah:-400,400(-22.032397)
566:BR,Player:0r130c/cr299c/cr687f:6c8h,5d9c|/4s9hKh/Kd:-529,529(-529.000000)
567:Player,BR:0cc/cc/cc/cc:2dAh,4sQd|/4d8dJs/9s/Kd:-100,100(-8.473222)
568:BR,Player:0r130c/cc/cc/cc:4cJs,QsAc|/3h6cJc/Kh/9s:230,-230(230.000000)
569:Player,BR:0cr300c/cc/r200c/cc:5sJh,6dTh|/9dQdQc/7h/9s:600,-600(384.788288)
570:BR,Player:0r200c/cr390c/cc/cc:ThKd,KhAs|/2h8s8d/9h/4d:-690,690(-252.373181)
571:Player,BR:0cc/cc/cc/r130f:6sTd,8cQs|/3c9sAc/Th/Ks:100,-100(100.000000)
572:BR,Player:0r130c/cc/cc/cc:3c5c,5h6c|/8h9sKd/4d/5d:0,-0(97.442212)
573:Player,BR:0cc/cc/cc/r130c:4cAd,JhAc|/4h7h7d/5h/Jc:-230,230(-193.154829)
574:BR,Player:0r130c/cc/cc/cc:4hJc,3cKd|/3dTdAc/6c/Tc:-230,230(-230.000000)
575:Player,BR:0cc/cc/r200c/cc:2d5d,5c7d|/3c4c5s/Kh/Qs:-300,300(-226.565382)
576:BR,Player:0r300c/cc/cr200c/cr1800f:3sAh,5dTs|/2c3c4s/2s/As:-600,600(-600.000000)
577:Player,BR:0cr300c/cc/r200c/r300c:7dKd,3cTs|/2c7hTh/8c/5h:-900,900(-523.193053)
578:BR,Player:0r200c/cr390c/cc/cc:4sKs,3hQd|/JsJdKc/3d/6h:690,-690(690.000000)
579:Player,BR:0cc/cc/cc/cc:6hTs,5cJh|/5h9dTc/5d/4d:-100,100(-96.092354)
580:BR,Player:0cc/cr200f:2s9c,5hTh|/4d7hJh:-100,100(-100.000000)
581:Player,BR:0cc/cc/r300c/r1200f:9cJh,ThTd|/3c9s9d/7s/5h:400,-400(400.000000)
582:BR,Player:0r300c/cc/cr200c/cr1200f:8hKd,JcAh|/3d9cKh/3h/Ad:-600,600(-600.000000)
583:Player,BR:0cr600c/cc/cc/cc:2cAc,3h3d|/9sThQs/3s/Qh:-700,700(-693.012259)
584:BR,Player:0r130c/cc/cc/cr299c:8cQc,QsKs|/9h9dTc/7c/8h:529,-529(-198.132203)
585:Player,BR:0cr200c/cc/r150c/r225c:6d9c,5hJd|/4s8sAs/Jc/3h:-675,675(-64.381720)
586:BR,Player:0r130c/cr299f:4h6h,TsJs|/2d2cKd:-230,230(-230.000000)
587:Player,BR:0cr300f:TsAs,3s7h|:100,-100(100.000000)
588:BR,Player:0r130c/cc/cc/cc:JcKs,QcKd|/2d4d6s/Ac/5h:-230,230(-43.903405)
589:Player,BR:0cc/cc/r200f:5hKs,7dTh|/2s8dQh/Kc:100,-100(100.000000)
590:BR,Player:0cc/cc/cc/cc:6h7c,8hTs|/3s9cQh/3c/As:-100,100(-100.000000)
591:Player,BR:0cc/cc/cc/cc:2s4h,4sKs|/2h8dJd/Ac/Qh:100,-100(30.168608)
592:BR,Player:0r130c/cc/cr460c/cc:3dTs,8sJd|/5hThKc/7h/Tc:690,-690(690.000000)
593:Player,BR:0cc/cc/cc/cc:2h9c,9sKc|/TcJcAd/3h/4s:-100,100(-10.954679)
594:BR,Player:0cc/cr130c/cc/cr460c:JsQc,4s8c|/5hKsKc/2h/6c:690,-690(621.680242)
595:Player,BR:0cc/cc/r200c/r600c:9hTc,5hKh|/2s4dQc/Ks/As:-900,900(-111.581081)
596:BR,Player:0r130c/cc/cc/cc:5hJc,6dQd|/3s3hAh/6s/9s:-230,230(-230.000000)
597:Player,BR:0cc/cc/cc/cc:2sAs,3cAd|/3sTsTd/4d/Kh:-100,100(-70.908619)
598:BR,Player:0r130c/cr460f:6h7d,4h5c|/3c9hAh:-230,230(-230.000000)
599:Player,BR:0cc/cc/r300c/r200f:7dJd,3cTh|/8d9hJs/3d/4c:400,-400(400.000000)
600:BR,Player:0r130c/cr299c/cr1058f:4c8s,7hKd|/8dQcKh/2c:-529,529(-529.000000)
601:Player,BR:0cr300f:7h7c,2h8c|:100,-100(100.000000)
602:BR,Player:0r200c/cr390c/cc/cc:3sQd,2cJc|/9cTsKs/Ah/6c:690,-690(-269.699178)
603:Player,BR:0cr200c/cc/cc/r150c:7h8h,3sKs|/2s8c9c/Kd/Tc:-450,450(-285.472150)
604:BR,Player:0r130c/cc/cc/cc:8sQd,7hQs|/5hTdAd/8d/Ts:230,-230(224.361840)
605:Player,BR:0cr200c/r390c/r897c/cc:9cTs,8cKc|/QsKhAh/8h/6c:-1587,1587(-1516.955490)
606:BR,Player:0r130c/cc/cr460c/cr2070c:2cKh,7hQc|/5h8c9c/Jd/Ah:2760,-2760(624.919916)
607:Player,BR:0cr600c/cc/cc/cc:ThJh,QdAc|/6h7s8s/Tc/8d:700,-700(-139.894615)
608:BR,Player:0r130c/cc/cc/cc:4sQd,7dQh|/6c7cJc/9c/2d:-230,230(-230.000000)
609:Player,BR:0cc/cc/cc/r130f:2hTc,6d9s|/TdQcAh/3d/4h:100,-100(100.000000)
610:BR,Player:0f:9cTs,2h3d|:50,-50(50.000000)
611:Player,BR:0cc/cc/cc/cc:6s9d,3s5d|/5h6hKh/4s/Ah:100,-100(33.273619)
612:BR,Player:0r130c/cc/cr115c/cr172c:9sJs,5c7c|/5d9dTc/4c/Td:517,-517(517.000000)
613:Player,BR:0cc/cc/r200f:TcQs,2h4d|/3sJsQd/Kd:100,-100(100.000000)
614:BR,Player:0r130c/cc/cr299f:3d6s,5sJs|/5d9cTh/5h:-230,230(-230.000000)
615:Player,BR:0cc/cc/cc/cc:2cAh,4s4h|/9hTsJh/6d/9s:-100,100(-33.837907)
616:BR,Player:0r130c/cc/cc/cr299f:4h8h,8dTs|/9cTcKc/5d/6d:-230,230(-230.000000)
617:Player,BR:0cr200c/cc/r600c/cc:6c7c,2s6s|/2cThKs/8s/Qc:-900,900(-900.000000)
618:BR,Player:0f:6sAc,2c4d|:50,-50(50.000000)
619:Player,BR:0cc/cc/cc/cc:7sQc,3d7c|/8sJcAc/9c/5c:100,-100(-70.229271)
620:BR,Player:0f:6hKd,4s9d|:50,-50(50.000000)
621:Player,BR:0cc/cc/cc/r130c:3d8d,2dQc|/4d7sJh/7c/5c:-230,230(96.537796)
622:BR,Player:0r200c/cr900c/cc/cc:9hQd,3h5d|/7h8hAc/5s/2d:-1200,1200(-382.677676)
623:Player,BR:0cc/cc/cc/r300c:2h6s,9dKh|/3c5cAc/9s/Ah:-400,400(-399.067823)
624:BR,Player:0r200c/cc/cc/cc:7sTs,6sAc|/3h3cKc/8s/3s:-300,300(-300.000000)
625:Player,BR:0cr130c/r299c/r105c/r126f:5cAh,QhAc|/4h5s9s/7c/7s:634,-634(634.000000)
626:BR,Player:0r200c/cr600c/cc/cc:5hQc,4h6d|/2c3sAc/7c/7h:900,-900(900.000000)
627:Player,BR:0cr300f:7hTs,2d8c|:100,-100(100.000000)
628:BR,Player:0cc/cc/cr130f:2sKd,5d9d|/3c5s7s/Ah:-100,100(-100.000000)
629:Player,BR:0cr200c/cc/cc/cc:5dAc,8cJc|/5h9cQc/8h/Ts:-300,300(-265.933494)
630:BR,Player:0r130c/cc/cc/cc:3h9h,JdQs|/4s4dKd/7h/2d:-230,230(-230.000000)
631:Player,BR:0cr200f:QsKc,2h5s|:100,-100(100.000000)
632:BR,Player:0cc/cc/cc/cr200c:4dQh,4h9d|/ThJsKs/5s/Ah:300,-300(300.000000)
633:Player,BR:0cc/cc/r130c/r115f:2c5c,3s3c|/4h5sTs/Td/Ad:230,-230(230.000000)
634:BR,Player:0r130c/cr299c/cc/cc:3dKd,4s8s|/5dTsJh/Ad/7d:529,-529(529.000000)
635:Player,BR:0cr300f:8dAs,2c6h|:100,-100(100.000000)
636:BR,Player:0cc/cr130f:4c9d,8dJh|/2h6c7d:-100,100(-100.000000)
637:Player,BR:0cc/cc/cc/r130c:8c9d,4h7h|/6c7s8d/9c/Jc:230,-230(-6.097886)
638:BR,Player:0r130c/cr460c/cr897c/cr4761c:4s6c,5hQh|/2d6s8h/4c/Kc:6348,-6348(5095.523375)
639:Player,BR:0cr200c/cc/r150c/cc:7c9s,8hTh|/5s9cJc/Kh/5h:450,-450(450.000000)
640:BR,Player:0r130c/cr690c/cc/cc:8hQd,3dKh|/4c6hQh/Ad/4s:920,-920(502.776842)
641:Player,BR:0cc/cc/cc/r130f:3d8s,2s3h|/8hJdKh/Jc/4d:100,-100(100.000000)
642:BR,Player:0r130c/cc/cr690c/cc:9dAs,7hJh|/4c6hTd/3d/Ts:920,-920(920.000000)
643:Player,BR:0cc/cc/cc/cc:7sQh,2hQd|/5s7h7d/Js/8s:100,-100(47.851724)
644:BR,Player:0r130c/cr299c/cc/cr687f:5cQh,3sKd|/8hTcKc/Ah/6h:-529,529(-529.000000)
645:Player,BR:0cc/cc/cc/cc:3d6c,3s8s|/7hTcAs/Ad/2h:-100,100(80.167750)
646:BR,Player:0cc/cc/cc/cc:4dTh,5s6c|/6d7dAd/2h/Td:100,-100(100.000000)
647:Player,BR:0cr300c/r520c/r184c/r2208f:5dJd,4cTd|/2s2h3c/9c/7c:1104,-1104(1104.000000)
648:BR,Player:0r130c/cr299c/cc/cr687f:7d7c,4dQs|/4c9dQc/Kc/8h:-529,529(-529.000000)
649:Player,BR:0cr300f:6sTh,2h3c|:100,-100(100.000000)
650:BR,Player:0f:4d5h,3c9d|:50,-50(50.000000)
651:Player,BR:0cr300c/cc/cc/cc:6sKs,5cQh|/2s7h7c/3d/Qd:-400,400(-325.493068)
652:BR,Player:0r200c/cc/cc/cr390c:6cTs,QcAh|/5h8dTh/2c/Ad:-690,690(245.669607)
653:Player,BR:0cc/cc/cc/cc:7sKc,AhAc|/6c8hTh/8s/4d:-100,100(-88.509253)
654:BR,Player:0cc/cc/cc/cc:7s9s,4hAd|/2s6cJd/2h/3h:-100,100(-100.000000)
655:Player,BR:0cr600f:KdAh,5h8h|:100,-100(100.000000)
656:BR,Player:0r130c/cr299c/cc/cc:7c9s,8sJh|/2s3c9d/2d/Tc:529,-529(529.000000)
657:Player,BR:0cr200c/r600c/r2700c/cc:3s3c,KsAc|/3dThTc/7h/Jc:3600,-3600(-506.635724)
658:BR,Player:0cc/cr130c/cr460c/cr897f:3s3d,4cJd|/4s5dJs/2h/8s:-690,690(-690.000000)
659:Player,BR:0cr300c/cc/cc/r200f:9sQc,6d9c|/2d7sKh/7c/Qh:400,-400(400.000000)
660:BR,Player:0r130c/cr299c/cr687c/cc:3sQd,5cKd|/3d6hTs/Kh/9h:-1216,1216(-1130.819040)
661:Player,BR:0cr300c/cc/cc/r200c:9s9c,6h8h|/2h8dAd/Qc/5h:600,-600(278.937297)
662:BR,Player:0r130c/cc/cr299c/cc:3s8s,4hQd|/TsThJc/Qs/9h:529,-529(463.348587)
663:Player,BR:0cr130c/r460f:6hTh,8c9c|/4sQsKs:230,-230(230.000000)
664:BR,Player:0r130c/cc/cr115c/cr690c:8cAh,8dTs|/8hAsAc/3h/5d:1035,-1035(1035.000000)
665:Player,BR:0cc/cc/r200c/r390f:ThAs,9hJs|/2d8sAd/Td/5h:300,-300(300.000000)
666:BR,Player:0r130c/cr299c/cr1058f:TdQd,2s9s|/4s5s8d/8c:-529,529(-529.000000)
667:Player,BR:0cr130c/cc/cc/cc:QsAh,5c7s|/ThKhKd/4h/8s:230,-230(230.000000)
668:BR,Player:0r130c/cc/cc/cr299f:2s6c,7sJd|/7c8dKc/8h/2d:-230,230(-230.000000)
669:Player,BR:0cc/cc/cc/cc:5dAs,6h8c|/2c4sKc/Ts/8s:-100,100(-79.145211)
670:BR,Player:0r130c/cr460c/cr897c/cr2063c:3cJc,2hJh|/2c5h6d/4c/8h:3650,-3650(3119.392045)
671:Player,BR:0cc/cc/cc/r130c:2d6c,8h9s|/4dTdQh/Kc/7c:-230,230(65.519713)
672:BR,Player:0r130c/cr299c/cr687c/cc:2h2c,AdAc|/5c6hTh/7h/4h:1216,-1216(364.234356)
673:Player,BR:0cc/cc/cc/cc:5dJc,3c6h|/3h8cQs/3d/2s:-100,100(-91.682317)
674:BR,Player:0f:3s3c,2d8h|:50,-50(50.000000)
675:Player,BR:0cc/cc/r130c/cc:TdJh,6sQh|/9sJsKd/3d/Jc:230,-230(-128.762172)
676:BR,Player:0r130c/cc/cc/cr460f:3d7h,4h6s|/JdKsKc/5c/3h:-230,230(-230.000000)
677:Player,BR:0cr130c/cc/r299c/r105c:8h8c,KsKd|/6h6d7s/4d/4s:-634,634(-397.142162)
678:BR,Player:0r200c/cr390c/cr897f:5cJh,AhAc|/2d6c7s/7d:-690,690(-690.000000)
679:Player,BR:0cc/cc/cc/cc:9dTs,JdQc|/2d6s6h/5d/8s:-100,100(44.813227)
680:BR,Player:0r130c/cr299c/cr687c/cc:6cAs,8dQc|/2d5dQs/6h/7d:-1216,1216(-1089.544299)
681:Player,BR:0cc/cc/r130c/r299f:4sTs,9cJc|/5dTcKh/Ks/8d:230,-230(230.000000)
682:BR,Player:0r130c/cc/cc/cr299f:5hKc,6sJs|/4c7h8c/Qd/4s:-230,230(-230.000000)
683:Player,BR:0cc/cc/r130c/cc:8sQd,3sJs|/2d6c7d/Jd/2c:-230,230(-198.636756)
684:BR,Player:0r130c/cc/cr460c/cc:3c7s,TsTc|/4h7dAh/9s/5h:-690,690(-440.939019)
685:Player,BR:0cr200c/cc/cc/r150f:5cAh,8dQc|/3s9dKc/3d/Ad:300,-300(300.000000)
686:BR,Player:0r130c/cc/cr299c/cr1058c:6cAh,6hQs|/4d7dKh/9h/2c:1587,-1587(1067.625636)
687:Player,BR:0cr200c/cc/cc/cc:8sQh,3s5s|/2s7d9d/3d/Ks:-300,300(-185.696388)
688:BR,Player:0cc/cr300f:5h9c,3h6s|/2d4d6h:-100,100(-100.000000)
689:Player,BR:0cc/cc/cc/cc:2dAc,ThAh|/2h6hKh/Qd/Ts:-100,100(-100.000000)
690:BR,Player:0r200c/cc/cr150c/cc:9dAd,KsAs|/4h8s8c/7h/2s:-450,450(-376.502539)
691:Player,BR:0cr300f:6h9h,3h4c|:100,-100(100.000000)
692:BR,Player:0r130c/cc/cc/cc:3sKh,9hAd|/3h8dJd/6d/Th:230,-230(75.829040)
693:Player,BR:0cc/cc/cc/cc:4dJc,3cAs|/KsKdAh/9d/2h:-100,100(-90.541091)
694:BR,Player:0r200c/cr900c/cr1560c/cc:2cTd,5s8h|/9h9cKc/Jh/3c:2760,-2760(2760.000000)
695:Player,BR:0cr300f:5d6c,5c7h|:100,-100(100.000000)
696:BR,Player:0r130c/cc/cc/cr460c:3d8d,3cKs|/4c9dJd/9s/Kd:690,-690(674.845903)
697:Player,BR:0cr600f:5h6h,2dTs|:100,-100(100.000000)
698:BR,Player:0r130c/cc/cr460f:4d9d,8dQh|/3s8sJh/6c:-230,230(-230.000000)
699:Player,BR:0cc/cc/cc/cc:9dKs,9hKh|/7dJdAs/2h/Qd:0,-0(15.589022)
700:BR,Player:0r300c/cc/cc/cr800f:7hTh,6s7s|/3hJhQc/Kc/4d:-400,400(-400.000000)
701:Player,BR:0cc/cc/cc/cc:7sKc,ThKd|/4sJcQc/3s/As:-100,100(-98.216086)
702:BR,Player:0r130c/cr299c/cc/cc:4s7c,8cJc|/5h5c8s/Kh/Tc:-529,529(-492.537888)
703:Player,BR:0cr200c/cc/cc/r390f:7hAc,3c8c|/ThJsQd/6s/As:300,-300(300.000000)
704:BR,Player:0r200c/cc/cr600c/cr1800c:9dQh,6cAd|/6h8cJd/6d/7c:-2700,2700(-790.571889)
705:Player,BR:0cr300c/cc/r200c/r1200c:4d7d,TdKh|/5sQhKs/9h/9c:-1800,1800(-974.010085)
706:BR,Player:0cc/cr600c/cc/cc:7sTs,7h8s|/5h9dJs/4d/7d:700,-700(700.000000)
707:Player,BR:0cc/cc/cc/cc:4cTd,KsAh|/7d7c8h/Qc/9s:-100,100(-29.472083)
708:BR,Player:0f:7hAh,2h8s|:50,-50(50.000000)
709:Player,BR:0cr200c/cc/cc/cc:8cKd,4d7d|/3c7sAd/Qd/7h:-300,300(-286.874362)
710:BR,Player:0cc/cc/cc/cr130c:2d7c,4hJd|/4s7dAh/9s/3d:230,-230(133.198725)
711:Player,BR:0cc/cc/cc/cc:5hAd,3hTh|/7hTcJs/4s/7c:-100,100(-67.880450)
712:BR,Player:0f:8dKs,3cTh|:50,-50(50.000000)
713:Player,BR:0cc/cc/cc/r130c:4cQh,2s6d|/7sQdAs/8d/6s:230,-230(27.047420)
714:BR,Player:0r130c/cr299f:2h4s,KhKd|/8hJsKs:-230,230(-230.000000)
715:Player,BR:0cc/cc/cc/r200c:2h4d,3sKc|/7d9cTc/Ts/Qs:-300,300(-148.840824)
716:BR,Player:0r130c/cc/cr299f:2h8c,6s9c|/4d7hJc/Qh:-230,230(-230.000000)
717:Player,BR:0cc/cc/cc/cc:6hTs,6cAd|/JsQcKh/Tc/4d:-100,100(-100.000000)
718:BR,Player:0r130c/cc/cc/cr460c:2h3s,5s6c|/5h7sTs/Js/9s:-690,690(-61.107766)
719:Player,BR:0cc/cc/r130f:TcQh,3d9c|/5c6h7c/Th:100,-100(100.000000)
720:BR,Player:0r130c/cr299f:4h5s,ThKh|/2c7sTc:-230,230(-230.000000)
721:Player,BR:0cr200c/cc/cc/r150f:QdKh,3d8h|/6h6dJc/4d/Ks:300,-300(300.000000)
722:BR,Player:0cc/cc/cr130f:6h8s,2cKd|/4h5cAd/3s:-100,100(-100.000000)
723:Player,BR:0cc/cc/r130c/r115f:2dAc,3dAd|/2c8sKc/Kh/Th:230,-230(230.000000)
724:BR,Player:0r130c/cc/cr460c/cr897f:9dQc,AhAc|/JhJdAs/2c/5d:-690,690(-690.000000)
725:Player,BR:0cc/cc/cc/r130f:6s8c,8sAc|/3d6c7c/Jh/3h:100,-100(100.000000)
726:BR,Player:0r130c/cc/cr115c/cc:7sAh,6cJd|/5h8h9c/3s/Td:345,-345(-210.929153)
727:Player,BR:0cr300c/r520c/r460c/cc:KsAs,4cAc|/2c3s3h/4d/6d:-1380,1380(980.654021)
728:BR,Player:0cc/cc/cc/cr200f:3sAh,7c9s|/4c5h8d/9h/Kh:-100,100(-100.000000)
729:Player,BR:0cc/cc/cc/cc:3cKc,2cJs|/7h7d9c/Ah/2d:-100,100(-46.022742)
730:BR,Player:0f:3c5c,2c8h|:50,-50(50.000000)
731:Player,BR:0cr200c/cc/r900c/r2400f:4h7h,2cKc|/3h8hQd/Ad/Ah:1200,-1200(1200.000000)
732:BR,Player:0r130c/cr299c/cc/cc:3c5h,6cTd|/5d7cJd/9c/6d:-529,529(-79.735238)
733:Player,BR:0cc/cc/cc/cc:6d7s,2sTd|/7c9sJs/3d/4s:100,-100(85.025618)
734:BR,Player:0cc/cc/cr200c/cc:2cQh,6d8d|/2hKsAd/9c/7d:300,-300(233.007297)
735:Player,BR:0cc/cc/cc/r130f:6hKs,8cKd|/2s4c6c/Ts/5c:100,-100(100.000000)
736:BR,Player:0r130c/cr460c/cr2070c/cr3588f:TdTc,7hAc|/2h7s8s/7d/Ks:-2760,2760(-2760.000000)
737:Player,BR:0cc/cc/cc/cc:8dAc,3cQs|/3h4d7c/Jd/7h:-100,100(-70.662550)
738:BR,Player:0r130c/cr299c/cr687c/cr3648f:8cQd,9dAc|/7sJsAd/Ah/8d:-1216,1216(-1216.000000)
739:Player,BR:0cc/cc/cc/cc:6cJd,7d7c|/8cQsKd/6s/2h:-100,100(-77.523270)
740:BR,Player:0r130c/cc/cc/cc:3s5h,6dJc|/JhQsKh/Ac/2s:-230,230(-230.000000)
741:Player,BR:0cr300c/cc/r200c/r1800f:6hKh,5h5c|/8cThKs/Kc/Jd:600,-600(600.000000)
742:BR,Player:0r200f:2d3s,4d5c|:-100,100(-100.000000)
743:Player,BR:0cc/cc/cc/cc:5hKd,3d4s|/4h8s8h/As/8c:-100,100(-85.645939)
744:BR,Player:0r130c/cr299c/cc/cc:TsAh,2cJd|/2h3s8c/5h/Kd:-529,529(-313.270394)
745:Player,BR:0cc/cc/cc/cc:2cTh,6d7d|/9h9dAs/4c/5d:100,-100(100.000000)
746:BR,Player:0r130c/cc/cc/cr299f:5dJd,6cAs|/3h7d8d/Ac/4h:-230,230(-230.000000)
747:Player,BR:0cc/cc/cc/r200f:6dQc,2c6h|/4sJhAh/9d/Qh:100,-100(100.000000)
748:BR,Player:0f:6cQs,3h7s|:50,-50(50.000000)
749:Player,BR:0cr200c/cc/cc/r600c:9cKc,4sAs|/4d6sAh/Jd/Ks:-900,900(-886.329747)
750:BR,Player:0cc/cr130c/cr299f:4s5h,3c4c|/2d6sTs/Kc:-230,230(-230.000000)
751:Player,BR:0cr200c/cc/r150c/cc:4h6d,3dJc|/2cJhKd/4s/Qd:-450,450(-343.509994)
752:BR,Player:0r200c/cc/cc/cc:QdAc,4d5d|/5cJcQc/Td/8s:300,-300(300.000000)
753:Player,BR:0cr200c/cc/cc/cc:TcAs,4s7c|/6s7sJh/9d/3h:-300,300(-189.874913)
754:BR,Player:0r130c/cc/cr299c/cr1587f:3sJs,TcJd|/7dJhQc/9s/8c:-529,529(-529.000000)
755:Player,BR:0cc/cc/r130c/r115c:5cAh,2s4h|/4c5dTh/3c/4d:-345,345(-273.126627)
756:BR,Player:0r130c/cc/cr460c/cr2070f:2dQd,8cTc|/4s5d9s/7s/Jc:-690,690(-690.000000)
757:Player,BR:0cc/cc/cc/cc:5h8h,2s9c|/4s5sTd/9d/Ad:-100,100(-81.664059)
758:BR,Player:0r200c/cr390c/cr897f:3dKh,QdAc|/4hThAs/Td:-690,690(-690.000000)
759:Player,BR:0cr300c/cc/r520c/r1196f:8hAc,7dKc|/4h7hTs/As/2c:920,-920(920.000000)
760:BR,Player:0cc/cc/cc/cr200f:5dQd,8sJh|/6cTcAs/2s/9h:-100,100(-100.000000)
761:Player,BR:0cc/cc/r200c/r390c:3d6c,7cKs|/2hQsQh/Qc/Jc:-690,690(-690.000000)
762:BR,Player:0r130c/cr299f:2h9c,KsAd|/4d5dKc:-230,230(-230.000000)
763:Player,BR:0cc/cc/cc/r130f:7dTh,4s9s|/2c5cTd/5h/2d:100,-100(100.000000)
764:BR,Player:0r200c/cc/cr150c/cr900f:JdKh,6dQd|/5cThAd/4h/Jc:-450,450(-450.000000)
765:Player,BR:0cr600f:2h4c,3sTd|:100,-100(100.000000)
766:BR,Player:0r200c/cr390c/cc/cc:4s8s,9dJc|/4hTdJs/Kd/7c:-690,690(-522.768068)
767:Player,BR:0cc/cc/cc/cc:2s3d,2h9s|/8sThQh/6h/Ah:-100,100(-61.838541)
768:BR,Player:0r130c/cc/cc/cr460f:9dJc,8h9h|/3sThAc/9s/8s:-230,230(-230.000000)
769:Player,BR:0cr200c/r900f:3d7d,7cQc|/5h6s9d:300,-300(300.000000)
770:BR,Player:0r130c/cr299c/cc/cc:3hQh,6dAs|/4d6s8s/Th/Ks:-529,529(-448.531939)
771:Player,BR:0cc/cc/cc/cc:4hQh,5dQd|/5h8cKh/3d/2d:-100,100(-62.363863)
772:BR,Player:0r130c/cc/cr115f:2d6h,8sQc|/9dTcQh/Ks:-230,230(-230.000000)
773:Player,BR:0cc/cc/cc/r130c:2sKh,TdJc|/5c8sKc/7s/9c:-230,230(-218.671329)
774:BR,Player:0f:5h7s,2s8d|:50,-50(50.000000)
775:Player,BR:0cc/cc/cc/r130c:3cTd,KdAh|/2d6d8c/Ac/Qs:-230,230(-194.126219)
776:BR,Player:0f:2d6c,3d7c|:50,-50(50.000000)
777:Player,BR:0cc/cc/r130c/r299c:3hKh,ThQc|/8sJcKs/7h/Qh:529,-529(184.634698)
778:BR,Player:0r200c/cr390c/cc/cc:8h8d,2s7s|/3s6dJh/3h/7h:690,-690(672.808316)
779:Player,BR:0cr600c/r4200c/cc/cc:2sTs,AhAd|/3s5dJh/7h/5s:-4900,4900(-4645.917480)
780:BR,Player:0r130c/cc/cr299c/cr1587f:6d7d,4sAc|/2d7sAd/2h/8h:-529,529(-529.000000)
781:Player,BR:0cc/cc/r200f:3cQd,7cJh|/TsJcAh/Kc:100,-100(100.000000)
782:BR,Player:0r130c/cc/cc/cr299c:7sQd,5hQh|/9sThAs/Qs/2d:0,-0(340.340002)
783:Player,BR:0cc/cc/r130c/r690f:6sJh,5hTs|/6h6cQs/5c/Qh:230,-230(230.000000)
784:BR,Player:0r130c/cr299c/cc/cc:5s5h,8c9c|/2h3h8s/Js/Kc:-529,529(209.647267)
785:Player,BR:0cc/cc/cc/cc:9dQh,6c7s|/2s5sKh/Ac/3d:100,-100(100.000000)
786:BR,Player:0r130c/cc/cc/cr460f:3d8c,3cAd|/4dQhQc/5h/2d:-230,230(-230.000000)
787:Player,BR:0cc/cc/cc/r300c:7c9s,9hTd|/6cKsAd/2d/Kc:-400,400(93.080336)
788:BR,Player:0r130c/cc/cc/cr690c:TsQs,4d8d|/2cKhKc/Ac/9h:920,-920(919.779879)
789:Player,BR:0cc/cc/cc/r130c:2hTc,ThAh|/6s8cAc/Ts/Jd:-230,230(-206.229757)
790:BR,Player:0r200c/cr390c/cr1380f:2dAh,3sJs|/7h8hTc/4c:-690,690(-690.000000)
791:Player,BR:0cr300f:9dKc,3d7d|:100,-100(100.000000)
792:BR,Player:0r200c/cc/cc/cc:6dAd,4s4h|/3s5h8h/Qc/Kc:-300,300(-217.798101)
793:Player,BR:0cr300c/cc/cc/cc:3s6d,2dJs|/3h5d8s/As/Kc:400,-400(400.000000)
794:BR,Player:0f:3d7d,2h4c|:50,-50(50.000000)
795:Player,BR:0cc/cc/cc/r130c:2d4c,9dTs|/7d9sAd/9c/8s:-230,230(-224.021486)
796:BR,Player:0r130c/cc/cc/cc:2h4c,7dKc|/8sTsAh/7c/5h:-230,230(-230.000000)
797:Player,BR:0cr200c/cc/cc/r390c:6cKh,7sQh|/5c7hJd/Td/3h:-690,690(-523.011086)
798:BR,Player:0r130c/cc/cr299c/cr3174f:4hJc,8cQc|/6c7c8h/5c/8s:-529,529(-529.000000)
799:Player,BR:0cr300c/cc/cc/r520c:JhKh,4hAc|/2cQsKd/Ah/6h:-920,920(-824.487097)
800:BR,Player:0cc/cr130c/cr460c/cr1380c:9cAc,8hTd|/4s4h4d/Jc/Jh:0,-0(-0.025731)
801:Player,BR:0cc/cc/r300f:6sAh,2d4d|/6hTcQc/Ac:100,-100(100.000000)
802:BR,Player:0f:QhQd,2d5h|:50,-50(50.000000)
803:Player,BR:0cc/cc/r130c/r299f:6sKh,8cTd|/8sJcKc/3c/Jd:230,-230(230.000000)
804:BR,Player:0r200c/cr600c/cr1170c/cr2691f:4hKc,8cQc|/8sQdAd/3c/Th:-2070,2070(-2070.000000)
805:Player,BR:0cr300c/cc/r200c/cc:8c9d,5cJc|/8h9sKs/9h/Qs:600,-600(187.641685)
806:BR,Player:0r130c/cc/cr299f:4s8h,3s6c|/5s6sAd/2d:-230,230(-230.000000)
807:Player,BR:0cr300c/cc/r800f:KdKc,3dTd|/4c6dQc/5h:400,-400(400.000000)
808:BR,Player:0r200c/cc/cr150c/cr900f:7cAs,8sJd|/2c7dQh/2h/9h:-450,450(-450.000000)
809:Player,BR:0cc/cc/cc/r130c:9dTc,4hAs|/4s5s7s/Qh/3h:-230,230(70.077542)
810:BR,Player:0r130c/cc/cc/cc:5cQd,TdKd|/8cJsJc/5s/2c:230,-230(230.000000)
811:Player,BR:0cr600f:8hQs,6d9c|:100,-100(100.000000)
812:BR,Player:0r200c/cc/cr150f:2h7h,4sKh|/3d9cQs/8s:-300,300(-300.000000)
813:Player,BR:0cc/r130c/cc/cc:6sKc,6cJc|/7s7cAc/Ad/3s:230,-230(-19.920378)
814:BR,Player:0f:5d8c,3c6d|:50,-50(50.000000)
815:Player,BR:0cc/cc/cc/r130c:3c4h,6d8c|/7sTdQs/Ah/Ts:-230,230(35.003140)
816:BR,Player:0cc/cc/cr130c/cc:9h9d,9sKh|/4h7hAs/3c/2d:230,-230(203.911086)
817:Player,BR:0cc/cc/r200c/cc:6s7h,2dJh|/5sKcAh/9d/9s:-300,300(-297.099781)
818:BR,Player:0r130c/cr299c/cr1058c/cc:4cKs,5sKc|/3c4d9d/8h/Jd:1587,-1587(-498.135664)
819:Player,BR:0cc/cc/cc/cc:5d6c,7sKc|/9dTsKs/5c/7h:-100,100(-98.916622)
820:BR,Player:0cc/cc/cr300f:7dKs,4dAs|/2d9hQc/Ad:-100,100(-100.000000)
821:Player,BR:0cr200c/cc/r150c/r585c:3cTs,4s9s|/7h9cTd/7s/3s:1035,-1035(77.629437)
822:BR,Player:0r130c/cc/cc/cc:6dTc,8dAs|/4d7h9h/5c/5h:-230,230(-230.000000)
823:Player,BR:0cr300c/cc/cc/r800c:5cAs,4hAc|/4c7c9s/Ts/8s:-1200,1200(58.644695)
824:BR,Player:0r130c/cc/cr115c/cc:2c4d,5h8c|/7sQdKh/Jd/Ah:-345,345(-283.741899)
825:Player,BR:0cc/cc/r200c/cc:6d8c,4sKs|/3s3dQs/Jd/6h:300,-300(-125.025764)
826:BR,Player:0r300c/cc/cc/cr800c:QhKd,6c7c|/8hTdJs/Kc/3s:1200,-1200(1129.568373)
827:Player,BR:0cc/cc/r130f:5dJh,5s8h|/6c7cJd/3c:100,-100(100.000000)
828:BR,Player:0cc/cc/cc/cr130c:4dJh,3sQc|/3d6h8d/Jd/2s:230,-230(216.025477)
829:Player,BR:0cc/cc/r200f:3s8c,6d7d|/2d5sQs/4h:100,-100(100.000000)
830:BR,Player:0cc/cc/cr130c/cr460c:2d2c,4s7c|/4h8cTc/4d/Qh:-690,690(-148.509829)
831:Player,BR:0cc/cc/cc/cc:4cQd,JsKh|/7h8dKc/6s/4s:-100,100(-98.017065)
832:BR,Player:0f:3s3h,3c9d|:50,-50(50.000000)
833:Player,BR:0cc/cc/cc/cc:2h5h,2s3s|/4c9sJh/Ks/8s:-100,100(-98.705294)
834:BR,Player:0r200c/cc/cr390c/cc:5cQs,2c6c|/6dKdKc/5h/9d:-690,690(-150.283172)
835:Player,BR:0cr600f:TdAd,3h9h|:100,-100(100.000000)
836:BR,Player:0r300c/cc/cc/cr520f:7c9s,4dKh|/8cQdQc/8s/Kc:-400,400(-400.000000)
837:Player,BR:0cc/cc/cc/cc:6cTd,3h9h|/8dJsKh/8h/4s:100,-100(68.059815)
838:BR,Player:0r200c/cc/cc/cc:2dQd,8sJh|/5d8dTc/Ah/Kd:300,-300(300.000000)
839:Player,BR:0cr300c/cc/cc/cc:3h3d,8hAs|/4c6s9h/7c/2c:400,-400(242.698985)
840:BR,Player:0r130c/cr299c/cc/cc:JcKc,4cQs|/3s3h7d/3d/Ad:529,-529(462.693443)
841:Player,BR:0cr200c/cc/cc/r390c:2hJh,JsKh|/7d8hKc/Jc/3d:-690,690(-631.576610)
842:BR,Player:0r130c/cc/cc/cc:8s8d,TsAh|/2s6c7c/Qs/4c:230,-230(230.000000)
843:Player,BR:0cc/cc/r130c/r299c:9hQd,6sKd|/3c6dQs/Ad/2s:529,-529(115.676186)
844:BR,Player:0r200c/cr390c/cr897f:3s3c,2dKh|/TsJhKd/7s:-690,690(-690.000000)
845:Player,BR:0cr300c/cc/r200c/r780f:7d9c,6d9d|/2c4hTd/9h/3d:600,-600(600.000000)
846:BR,Player:0cc/cr200c/cr150c/cr2700f:2dTh,5h8h|/2c3h4h/6c/Kh:-450,450(-450.000000)
847:Player,BR:0cr600c/cc/cc/cc:QsKd,JhAd|/3s4c9d/Tc/8s:-700,700(223.218356)
848:BR,Player:0r130c/cc/cc/cc:JsKd,4s6c|/4d8sTd/Ac/9d:-230,230(-170.734549)
849:Player,BR:0cr200c/cc/cc/r150c:5s5c,5hQh|/3d6hTs/Qd/4c:-450,450(-400.752005)
850:BR,Player:0r130c/cc/cr460f:5sQc,6hAd|/4dTdJs/Kd:-230,230(-230.000000)
851:Player,BR:0cr300c/cc/cc/r200c:3s3d,5dQs|/2h7hQh/4c/7c:-600,600(-357.877312)
852:BR,Player:0r130c/cr460c/cc/cr897c:8hAs,9dTd|/4h7hTc/5d/2h:-1587,1587(-587.673919)
853:Player,BR:0cr300c/r520c/cc/cc:9cTc,JhAh|/6s6c8d/4c/6h:-920,920(-883.077620)
854:BR,Player:0r130c/cr299c/cc/cc:QcAc,5cKs|/4d8cQd/5h/9c:529,-529(529.000000)
855:Player,BR:0cr200c/cc/cc/r150c:6h7h,3s6s|/TsTdQc/3d/4c:-450,450(-371.754267)
856:BR,Player:0cc/cc/cc/cr130f:2dQd,5h9d|/7cTsKs/6s/3d:-100,100(-100.000000)
857:Player,BR:0cc/cc/cc/r130c:TcKd,8sKh|/7sTdQc/3s/Th:230,-230(99.496312)
858:BR,Player:0r130c/cr299c/cc/cr687c:4s7s,9cJh|/3h7h7c/Jc/6s:1216,-1216(1163.092679)
859:Player,BR:0cr200f:7cAh,2h5d|:100,-100(100.000000)
860:BR,Player:0r130c/cr460c/cr1380c/cr4140f:2d6c,7hTd|/2h9sJc/Kd/8d:-2070,2070(-2070.000000)
861:Player,BR:0cr300c/cc/cc/cc:3cTc,5h9h|/8dTdKc/Qc/Jc:400,-400(-336.626534)
862:BR,Player:0cc/cr130f:2d7s,TcKd|/5dQdAc:-100,100(-100.000000)
863:Player,BR:0cr130c/cc/r299c/r687c:8h9h,7s8c|/4s6sTc/Ks/3s:-1216,1216(-950.696798)
864:BR,Player:0cc/cr200c/cr900c/cc:7dAs,5s9h|/5d7h9c/Qs/8c:-1200,1200(-1200.000000)
865:Player,BR:0cr300f:3sTs,4d7s|:100,-100(100.000000)
866:BR,Player:0f:5hKs,3s7d|:50,-50(50.000000)
867:Player,BR:0cr200c/r600c/r1800c/r5400c:8sQs,JsKs|/9cTsAs/3c/3s:-8100,8100(-7122.262687)
868:BR,Player:0r130c/cc/cr299c/cr1587f:8dJd,5h9h|/3s3c5s/5d/2d:-529,529(-529.000000)
869:Player,BR:0cc/cc/cc/r130f:TcJd,4h6c|/5sJhQc/Ac/5d:100,-100(100.000000)
870:BR,Player:0r130c/cc/cr460c/cr1380c:3sKd,2cQh|/4s7h9s/Jc/Td:2070,-2070(2070.000000)
871:Player,BR:0cc/cc/cc/r130c:2h9s,6dJs|/6c7c9d/Ah/5c:230,-230(60.024861)
872:BR,Player:0r300c/cc/cc/cc:6c9c,5dJc|/2d4h6s/5c/7s:400,-400(400.000000)
873:Player,BR:0cr1200c/cc/cc/cc:3c4c,8sQc|/9dThKc/As/7d:-1300,1300(846.067394)
874:BR,Player:0f:9s9h,2d6c|:50,-50(50.000000)
875:Player,BR:0cc/cc/cc/cc:2c8c,7hJs|/2d4hJd/9c/Ah:-100,100(-81.768955)
876:BR,Player:0r200c/cc/cc/cr600f:6h8d,7sJh|/8hTdKs/Qd/9s:-300,300(-300.000000)
877:Player,BR:0cc/cc/cc/cc:8sAh,ThTc|/2h2cQs/3s/5s:-100,100(-75.903256)
878:BR,Player:0r130c/cr299c/cc/cc:5dTh,6d7d|/9hQsQd/Td/Ks:529,-529(237.720439)
879:Player,BR:0cc/cc/cc/r130c:2sTc,3cQh|/4s6cQc/9h/7s:-230,230(-155.593120)
880:BR,Player:0r130c/cr299c/cr1058c/cc:4cKh,JdAc|/3h7hJc/Td/Tc:-1587,1587(-525.473020)
881:Player,BR:0cc/cc/cc/cc:4c7s,7dJd|/2h3h8c/Js/Ad:-100,100(-79.569112)
882:BR,Player:0r130c/cr460c/cc/cc:9dQh,7c9h|/2s4c5c/4s/7s:-690,690(-415.847944)
883:Player,BR:0cc/cc/cc/r300c:3d6s,2d6h|/5s8hTs/Kc/5d:0,-0(85.354222)
884:BR,Player:0f:8sJs,2s6c|:50,-50(50.000000)
885:Player,BR:0cr300c/cc/cc/r200c:JhAh,8h8d|/2c6dTh/3d/Tc:-600,600(-510.754442)
886:BR,Player:0r130c/cc/cr115c/cr690c:9dTd,2cAs|/6hJsKs/Ts/9h:1035,-1035(665.926156)
887:Player,BR:0cr300f:8sJh,2d5s|:100,-100(100.000000)
888:BR,Player:0r130c/cc/cr115f:3s5c,4s6d|/6hJsJh/7d:-230,230(-230.000000)
889:Player,BR:0cc/cc/cc/r300c:3c7h,3sKh|/2s4dQs/9c/Th:-400,400(-203.807572)
890:BR,Player:0r130c/cc/cr115f:5c9s,7cJh|/7sThQs/4h:-230,230(-230.000000)
891:Player,BR:0cr300c/cc/cc/r200c:4s8s,QsKd|/JsAhAc/7h/8h:600,-600(108.961860)
892:BR,Player:0cc/cc/cr200c/cc:6cJc,3dJs|/2h6h9s/Kc/7d:300,-300(229.910320)
893:Player,BR:0cr130c/cc/r115c/r172c:7h7c,6sTd|/9sKdKc/3h/Ts:-517,517(-492.741199)
894:BR,Player:0cc/cc/cc/cr200c:KsAd,8dAs|/TsJhKd/5c/Ah:300,-300(300.000000)
895:Player,BR:0cc/cc/r200c/cc:5cTd,5h5d|/3h6s7h/2s/As:-300,300(-198.244666)
896:BR,Player:0r130c/cr299c/cr1058c/cr4761f:4d8d,8sQs|/6d9hTh/Jd/2c:-1587,1587(-1587.000000)
897:Player,BR:0cr200c/r390f:TdAh,4c5s|/6sKsAc:300,-300(300.000000)
898:BR,Player:0cc/cc/cc/cr200f:9dQc,2hKs|/9sThKd/6s/5h:-100,100(-100.000000)
899:Player,BR:0cr300f:4c6h,5c6s|:100,-100(100.000000)
900:BR,Player:0cc/cr300c/cr520c/cr5520c:5s7d,3hJh|/6d8h9h/Kh/5d:-6440,6440(4735.583613)
901:Player,BR:0cr600c/cc/r140c/r1092c:QsQd,9hAh|/2sJcAs/4c/9d:-1932,1932(-1909.199444)
902:BR,Player:0r130c/cr299c/cc/cc:7h8c,5dJc|/4c8h9c/Th/Kd:529,-529(83.861759)
903:Player,BR:0cc/cc/r300c/r800f:2hKd,7s7d|/7hTcQd/Jh/9d:400,-400(400.000000)
904:BR,Player:0cc/cc/cc/cc:2c7h,6cAd|/5s8hTc/2d/Qd:100,-100(34.920004)
905:Player,BR:0cc/cc/r200f:4dJd,6h7d|/9cKsKh/Td:100,-100(100.000000)
906:BR,Player:0r130c/cc/cc/cr690c:6c8h,2h5h|/7dQdAs/Td/9s:920,-920(913.425429)
907:Player,BR:0cr600c/cc/r140c/r420c:3sKs,6hQc|/6d8s8d/9h/7d:-1260,1260(96.865905)
908:BR,Player:0r130c/cr460c/cc/cc:4hQh,7dJh|/2h5h7s/4s/Kd:-690,690(206.205702)
909:Player,BR:0cc/cc/cc/cc:5sAc,2d9d|/4d5d7s/8d/Qc:-100,100(-99.294312)
910:BR,Player:0cc/cc/cc/cr130c:9cTs,2s6s|/3c8cKc/4s/Jc:230,-230(182.334820)
911:Player,BR:0cc/cc/cc/cc:5cAs,KhAd|/7c8sJs/9d/Ks:-100,100(-88.440324)
912:BR,Player:0r130c/cc/cc/cc:7hKs,5h5d|/JhKcAd/4d/Qd:230,-230(209.846860)
913:Player,BR:0cc/cc/cc/cc:7cQc,3s4s|/9sJcKh/6h/2c:100,-100(98.257277)
914:BR,Player:0cc/cr130c/cr460f:2dKh,7hAd|/5hJsAh/4d:-230,230(-230.000000)
915:Player,BR:0cc/cc/cc/r130c:2d8c,TsAs|/8h8dTh/3s/5c:230,-230(-208.950193)
916:BR,Player:0r130c/cc/cc/cr299c:3sKd,5hKs|/QdAdAc/8d/3d:529,-529(528.463431)
917:Player,BR:0cc/cc/cc/cc:JsQd,4s8h|/TsAhAd/9h/6s:100,-100(57.534959)
918:BR,Player:0cc/cc/cc/cc:JsJd,3cKh|/6c8s9c/Td/9h:100,-100(100.000000)
919:Player,BR:0cc/cc/cc/r130f:4hKs,7sTh|/2c6dJc/4s/6h:100,-100(100.000000)
920:BR,Player:0f:9dKs,3c8d|:50,-50(50.000000)
921:Player,BR:0cr300c/cc/r200c/r300c:9dJh,7hTs|/7d9cQc/4h/6s:900,-900(537.973485)
922:BR,Player:0cc/cr130c/cc/cc:9h9c,2hJd|/2d3h5s/Th/Ac:230,-230(222.325947)
923:Player,BR:0cc/cc/cc/cc:3sAc,2hQd|/4h9sKc/5s/9d:100,-100(25.451535)
924:BR,Player:0r130c/cr299c/cr1058f:3hKd,7hKs|/6h8s8c/4c:-529,529(-529.000000)
925:Player,BR:0cc/cc/cc/cc:2s5s,3sQs|/3h7d9s/Tc/2h:-100,100(-77.279237)
926:BR,Player:0r130c/cr299f:2c9s,2s3s|/3hJhJc:-230,230(-230.000000)
927:Player,BR:0cc/cc/r200c/cc:4sTc,7cKd|/9sJsQd/Jh/5d:-300,300(-106.196251)
928:BR,Player:0r130c/cr299c/cc/cc:4sJc,3d3c|/2s6c8d/7c/Kh:-529,529(-425.217502)
929:Player,BR:0cc/cc/cc/cc:6cTs,7dAd|/3c9cTc/4c/5d:100,-100(77.527232)
930:BR,Player:0r130c/cc/cc/cc:8cTd,9sKc|/2s6dAc/5d/Qd:-230,230(-230.000000)
931:Player,BR:0cc/cc/cc/cc:9cKh,4hKs|/6dTcAs/8c/Jc:100,-100(16.290608)
932:BR,Player:0r130c/cr690f:2dJc,KcAd|/6hTsKs:-230,230(-230.000000)
933:Player,BR:0cr300c/cc/cc/cc:KcAs,6c7h|/2h4c8s/Jd/5d:-400,400(-400.000000)
934:BR,Player:0r130c/cc/cr115f:5c9d,QhKc|/7sTsKs/2s:-230,230(-230.000000)
935:Player,BR:0cc/cc/r200c/r900c:6hJs,3hKh|/2hJhQh/5c/6s:-1200,1200(-1200.000000)
936:BR,Player:0r200c/cr390f:3s5c,8hJs|/4s8dJh:-300,300(-300.000000)
937:Player,BR:0cc/cc/cc/cc:8hQs,2c9h|/2hQdKs/3d/3s:100,-100(-53.607119)
938:BR,Player:0r130c/cr299f:2h4c,8d9s|/TdTcAc:-230,230(-230.000000)
939:Player,BR:0cr600c/cc/cc/r1400c:5d7s,6hQh|/4d7d8d/Kc/6c:2100,-2100(522.968880)
940:BR,Player:0r130c/cr690f:8dTd,5c7d|/3s4h6d:-230,230(-230.000000)
941:Player,BR:0cr300c/cc/r800c/r2400f:JsKd,4hAs|/9hQsKc/Ks/5h:1200,-1200(1200.000000)
942:BR,Player:0r130c/cc/cc/cr460c:4h6s,JdQs|/4c8c9h/6c/Qd:690,-690(385.166341)
943:Player,BR:0cr200c/cc/r150c/r585c:8dAd,5sJh|/2d6d8s/6s/5h:1035,-1035(416.306026)
944:BR,Player:0r130c/cc/cr460f:3cJh,7hQd|/4cQsQh/9d:-230,230(-230.000000)
945:Player,BR:0cr130c/cc/cc/cc:5s8h,JdAd|/7cQcAs/5d/Tc:-230,230(-170.131464)
946:BR,Player:0r130c/cc/cc/cr299f:9hTh,5dKc|/8dTcAc/Qd/Jd:-230,230(-230.000000)
947:Player,BR:0cc/cc/r130c/cc:5c6s,8hQs|/4dQcAh/4s/6d:-230,230(-218.424926)
948:BR,Player:0r130c/cc/cc/cr460c:5cKh,6h8c|/3hThAc/2h/2c:690,-690(419.314659)
949:Player,BR:0cr200c/cc/cc/r150c:ThKs,5cKc|/3h5s6s/7h/6d:-450,450(-413.076015)
950:BR,Player:0r130c/cc/cr115c/cr2070f:5hTc,8dTs|/2h3c9s/4c/Jd:-345,345(-345.000000)
951:Player,BR:0cr300c/cc/r200c/cc:QdKd,4hTs|/4d5s5c/2h/Ac:-600,600(-444.623886)
952:BR,Player:0cc/cc/cr130f:2d4s,3cJd|/3d7d8h/6d:-100,100(-100.000000)
953:Player,BR:0cc/cc/cc/cc:2cQc,2h9h|/6s6cTs/7c/9c:100,-100(-71.978046)
954:BR,Player:0r130c/cc/cr115c/cc:9hJs,4dQs|/2c7h9s/2s/4h:345,-345(345.000000)
955:Player,BR:0cr600c/cc/r910c/r2093c:8c9h,5sKh|/2s7hTd/Qs/5h:-3703,3703(-1111.769907)
956:BR,Player:0r130c/cc/cr460c/cc:6d7s,JsAc|/7h9cQs/8c/2s:690,-690(-185.519665)
957:Player,BR:0cr600c/r1400c/cc/r4200c:2h3h,4dKc|/TcJcAh/6s/9h:-6300,6300(-6300.000000)
958:BR,Player:0r130c/cr299c/cr1058f:5h8h,8c9d|/3d5dQd/9h:-529,529(-529.000000)
959:Player,BR:0cc/cc/cc/cc:3sKh,5cAh|/5h7sJc/9s/Jh:-100,100(-61.334968)
960:BR,Player:0cc/cr130c/cc/cc:7sAh,2d6d|/5hTsJh/Td/9d:230,-230(136.588825)
961:Player,BR:0cc/cc/cc/cc:2dQc,6dTs|/4s4dAc/4c/2c:100,-100(62.899795)
962:BR,Player:0r130c/cr299c/cc/cc:6sAc,3hTh|/2c8dKh/Kc/5c:529,-529(-7.437356)
963:Player,BR:0cc/cc/r200c/cc:2hQc,ThQh|/TcJdAh/9s/9d:-300,300(-238.306034)
964:BR,Player:0cc/cc/cc/cc:JhAs,3c5c|/8c9sTs/5s/Kh:-100,100(-47.231497)
965:Player,BR:0cc/cc/r130c/r460c:7hKd,3dQd|/2c5c9s/Kc/Ah:690,-690(-375.463237)
966:BR,Player:0f:2cQs,3h6s|:50,-50(50.000000)
967:Player,BR:0cr130c/cc/r690c/r460f:8cAh,5dAs|/6s7hAc/9d/4c:920,-920(920.000000)
968:BR,Player:0r130c/cr460c/cr897c/cc:6dJd,9dTs|/4d5d7h/7s/Ac:1587,-1587(93.129119)
969:Player,BR:0cr300c/cc/r200c/cc:4d6h,3cQh|/JsQdQc/2h/Td:-600,600(-526.769969)
970:BR,Player:0cc/cc/cc/cc:3sJh,5sQh|/7hKhAc/8h/Tc:-100,100(-69.234127)
971:Player,BR:0cc/cc/cc/r300c:3sKh,7sKs|/5c8sJc/Qd/Kc:0,-0(90.725385)
972:BR,Player:0r130c/cr299c/cr687c/cc:4s6c,7cAh|/6s7dQc/2s/Qh:-1216,1216(-134.538227)
973:Player,BR:0cc/cc/cc/cc:3s4c,5h8d|/4s6cAc/Qh/2c:100,-100(100.000000)
974:BR,Player:0r130c/cc/cr299f:2s9c,4dAd|/3h6dAs/Td:-230,230(-230.000000)
975:Player,BR:0cc/cc/cc/cc:5c8c,3d5d|/5hQhKd/8d/7c:100,-100(-37.104114)
976:BR,Player:0r130c/cr299c/cr687c/cr2432c:7sKh,TsAs|/5h7hTc/Ad/2h:-3648,3648(646.173107)
977:Player,BR:0cr300f:ThTd,2c4h|:100,-100(100.000000)
978:BR,Player:0r130c/cc/cc/cr299f:5hJh,TsAd|/2d4c8c/7c/2h:-230,230(-230.000000)
979:Player,BR:0cr300c/cc/cc/r800c:4h6s,5cQc|/4s6dJc/7c/6c:1200,-1200(-818.401782)
980:BR,Player:0r130c/cr460c/cc/cc:5sAc,7sQh|/6sTsJh/7d/Td:-690,690(-314.479217)
981:Player,BR:0cc/cc/cc/cc:6dJs,6sTs|/2h2cTh/As/Qd:-100,100(-48.189875)
982:BR,Player:0cc/cr130f:2c3d,4sTh|/6s9hTd:-100,100(-100.000000)
983:Player,BR:0cc/cc/cc/cc:7hJc,7cJd|/TsThJs/6h/9d:0,-0(-86.042336)
984:BR,Player:0r200c/cc/cr150c/cr585c:3d4c,6c7c|/3sThJc/Tc/2s:1035,-1035(274.083103)
985:Player,BR:0cc/cc/r300f:9hKc,4c6d|/JsQhKh/4d:100,-100(100.000000)
986:BR,Player:0f:3dJh,2d5s|:50,-50(50.000000)
987:Player,BR:0cc/cc/cc/cc:5dTd,7cKh|/6c7dKs/5h/2c:-100,100(-95.965954)
988:BR,Player:0r200c/cc/cc/cc:5s8s,3cKh|/QcAhAc/5h/9c:300,-300(190.287966)
989:Player,BR:0cr300c/cc/r200c/cc:QsKs,9hAh|/ThTcJs/Ts/6h:-600,600(-85.921081)
990:BR,Player:0r130c/cc/cc/cc:4dKh,6hKs|/2d3c5h/3d/3s:-230,230(110.327509)
991:Player,BR:0cr300f:JdKd,2c6d|:100,-100(100.000000)
992:BR,Player:0cc/cc/cc/cc:9s9c,2s2d|/7d8cAs/5s/Ts:100,-100(98.526981)
993:Player,BR:0cr300c/cc/r200c/r780c:7dJd,QsAh|/2c4h8s/8d/6s:-1380,1380(560.173226)
994:BR,Player:0r130c/cc/cc/cr460c:3cQd,7dJc|/6s8sQs/5s/Ks:0,-0(-113.539571)
995:Player,BR:0cc/cc/cc/cc:6hAc,6sQc|/8cTsQh/Tc/Jd:-100,100(-79.418202)
996:BR,Player:0r130c/cr299c/cc/cc:5c9c,5hJc|/7h8hQc/9d/8s:529,-529(333.790896)
997:Player,BR:0cr300c/cc/r1200f:QhKs,5d7d|/JcKhKd/5c:400,-400(400.000000)
998:BR,Player:0r130c/cc/cc/cc:TcQc,QdKh|/2h4hAc/Td/8s:230,-230(230.000000)
999:Player,BR:0cc/cc/cc/cc:4hKc,5s5d|/3s8s9d/Ts/Ah:-100,100(-26.583247)
1000:BR,Player:0r130c/cc/cc/cr460c:6dQh,QdKc|/6c7c8s/6s/Qs:690,-690(690.000000)
RAW BR STATS: n=1000, sum=91228.000000, sum_sq=1137857024.000000, vr_sum=68960.394555, vr_sum_sq=706625133.187162
BR STATS: 91.228000(65.872753), 68.960395(51.925930)
RESULTS
1)Player: -91228
2)BR: 91228
