In config file: GAME_DEF=game_def.fullholdem
In config file: ACTIONS_R0=C
In config file: ACTIONS_R1=F,C,0.05,0.0575,0.066125,0.07604375,0.087450313,0.100567859,0.115653038,0.133000994,0.152951143,0.175893815,0.202277887,0.23261957,0.267512505,0.307639381,0.353785288,0.406853081,0.467881044,0.5380632,0.61877268,0.711588582,0.81832687,0.9410759,1.082237285,1.244572878,1.43125881,1.645947631,1.892839776,2.176765742,2.503280603,2.878772694,3.310588598,3.807176888,4.378253421,5.034991434,5.790240149,6.658776171,7.657592597,8.806231486,10.12716621,11.64624114,13.39317731,15.40215391,17.71247699,20.36934854,23.42475083,26.93846345,30.97923297,35.62611791,40.9700356,47.11554094,54.18287208,62.31030289,71.65684832,82.40537557,94.76618191,A
In config file: ACTIONS_R2=F,C
In config file: ACTIONS_R3=F,C
Loading player: rgbr_nl_cprg.so
Player args: /home/viliam/cprg/project_uoapoker/trunk/src/c/meta_player.so /home/viliam/cprg/project_uoapoker/trunk/src/c/acpc14.map
Using seed 23.
1:BR,Player:0r130c/r1001f:4d9s,5h7s|/3c5cAc:230,-230(230.000000)
2:Player,BR:0cr300c/cr569f:5c7s,3dJd|/3c8hQs:-400,400(-400.000000)
3:BR,Player:0f:4c6d,2dTc|:50,-50(50.000000)
4:Player,BR:0cc/cr216c/cc/r584f:TsQh,8h8c|/3c5hJd/9s/2c:316,-316(316.000000)
5:BR,Player:0r130c/r2014f:4hKs,7hKc|/4dJsQd:230,-230(230.000000)
6:Player,BR:0cr200c/cr1306c/r914c/r3276c:TdJh,4dKs|/9d9cQh/Ad/4s:-5796,5796(-4737.768332)
7:BR,Player:0f:9dJs,2dTc|:50,-50(50.000000)
8:Player,BR:0cr600c/cr3047f:QcAs,3s9d|/4s5cJd:-700,700(-700.000000)
9:BR,Player:0f:7dKc,2s3h|:50,-50(50.000000)
10:Player,BR:0cc/cr435f:8cQd,6dTd|/2h4s7s:-100,100(-100.000000)
11:BR,Player:0r200c/r19700f:7sTs,9dKc|/3c7dTh:300,-300(300.000000)
12:Player,BR:0cr300c/cr3503f:7cJc,3h4s|/5s8dJs:-400,400(-400.000000)
13:BR,Player:0r200c/r1136c/cr364c/cr5400c:8dQd,TsJd|/4d9sQc/3d/7c:7200,-7200(-1363.894008)
14:Player,BR:0cc/cr1761f:2s4d,4hTc|/6hKdAd:-100,100(-100.000000)
15:BR,Player:0r130c/r163r665r9264f:3h6s,3d5d|/4h4d8h:1058,-1058(1058.000000)
16:Player,BR:0cc/cr1761f:3cKs,2sQc|/7dTsAd:-100,100(-100.000000)
17:BR,Player:0r200c/r1306f:9cTs,6d9h|/8dKsKd:300,-300(300.000000)
18:Player,BR:0cc/cr876f:3d6h,7sJs|/2s3h9h:-100,100(-100.000000)
19:BR,Player:0f:5hAc,2c5s|:50,-50(50.000000)
20:Player,BR:0cc/cr876f:2sQd,3s6d|/9dJsKc:-100,100(-100.000000)
21:BR,Player:0r130c/r2014f:7s8h,7d9s|/2dJcKc:230,-230(230.000000)
22:Player,BR:0cc/cr249c/cc/cc:4s9s,4h7d|/3s3d3c/7c/3h:349,-349(349.000000)
23:BR,Player:0cc/r1761f:2s8c,8hTs|/4sQsAd:100,-100(100.000000)
24:Player,BR:0cr300c/cr1741f:8sJd,3dJh|/2h6c9c:-400,400(-400.000000)
25:BR,Player:0r130c/r1001c/cc/cc:3dJh,9sKc|/5d7dKd/Ah/7s:-1231,1231(-1231.000000)
26:Player,BR:0cc/cr435f:4cTs,4s9s|/2s8dKd:-100,100(-100.000000)
27:BR,Player:0r130c/r1001f:4h8s,6sTd|/3c9sQh:230,-230(230.000000)
28:Player,BR:0cc/cr435c/cc/r515f:5dTd,2s2c|/QsKdAh/7d/Kc:535,-535(535.000000)
29:BR,Player:0r200c/r2627c/cr2923f:8hQd,4s5d|/5sTcAs/2d:-2927,2927(-2927.000000)
30:Player,BR:0cc/cr1761f:6h9c,8hKd|/2s9hTh:-100,100(-100.000000)
31:BR,Player:0r130c/r12392f:6h6d,8cJd|/6sJhAd:230,-230(230.000000)
32:Player,BR:0cc/cr8194f:7sAh,3cTs|/3s6hTh:-100,100(-100.000000)
33:BR,Player:0r300c/r283f:QsAs,7hTc|/3c4dKh:400,-400(400.000000)
34:Player,BR:0cr200c/cr1306f:4s6s,2c8s|/4d7dQh:-300,300(-300.000000)
35:BR,Player:0r200c/r2284f:2cAc,8sKs|/3c4hJc:300,-300(300.000000)
36:Player,BR:0cc/cr8194f:6c7d,ThQh|/5h8hTs:-100,100(-100.000000)
37:BR,Player:0cc/r876f:8cTs,2cKs|/6d7dKd:100,-100(100.000000)
38:Player,BR:0cc/cr379c/cc/cc:8sJc,3hTc|/3s3dQs/8d/2s:-479,479(-374.145462)
39:BR,Player:0r200c/r1136f:6sKc,6h9h|/4cTdKd:300,-300(300.000000)
40:Player,BR:0cr200c/cr1306f:2sJs,2d8c|/3h4c5h:-300,300(-300.000000)
41:BR,Player:0r130c/r2014f:5c6h,3cKh|/5dJcAs:230,-230(230.000000)
42:Player,BR:0cr300c/cr569f:3h8h,7sAd|/3s5s9s:-400,400(-400.000000)
43:BR,Player:0r130c/r163c/cc/cc:8dAc,6h9h|/3sKsKh/6s/4s:-393,393(-275.250124)
44:Player,BR:0cc/cr8194f:4cQh,TdKd|/TcKhAd:-100,100(-100.000000)
45:BR,Player:0r130c/r2014f:6sKc,5hKd|/4dJdAh:230,-230(230.000000)
46:Player,BR:0cr300c/r800f:5h9s,6hJh|/2c5d9c:400,-400(400.000000)
47:BR,Player:0r130c/r1001f:5sAd,5c9c|/4d9dTd:230,-230(230.000000)
48:Player,BR:0cr200c/cr2627f:6dAc,7dKc|/5sTdJh:-300,300(-300.000000)
49:BR,Player:0r130c/r1001f:3dQh,4sTs|/3h9hJs:230,-230(230.000000)
50:Player,BR:0cc/cr19900f:5hTs,5cTc|/6c8c9c:-100,100(-100.000000)
51:BR,Player:0r130c/r2014f:7dAd,6hQc|/2d6sKd:230,-230(230.000000)
52:Player,BR:0cc/cr1761f:6sKh,7d9d|/JhKsKc:-100,100(-100.000000)
53:BR,Player:0r130c/r2014f:3d5d,2sJh|/6c7s8c:230,-230(230.000000)
54:Player,BR:0cr600c/cr866r2634c/cc/cc:6h6d,JsJc|/4h7dKd/9h/3c:-4200,4200(-4115.069925)
55:BR,Player:0r200c/r1306f:3cTc,3sJd|/JhQdQc:300,-300(300.000000)
56:Player,BR:0cr200c/cr1306f:2sJs,7s8d|/6hJdQc:-300,300(-300.000000)
57:BR,Player:0f:8sKh,3s9c|:50,-50(50.000000)
58:Player,BR:0cc/r130r1001f:8dQh,2c6s|/7dTsJh:-230,230(-230.000000)
59:BR,Player:0r130c/r498c/cr307c/cc:9sTh,4s4d|/2s2dTc/Ts/3d:1035,-1035(1035.000000)
60:Player,BR:0cc/cr876f:5d7h,3sJh|/4s5c9c:-100,100(-100.000000)
61:BR,Player:0r300c/r3503f:2sKh,ThAh|/3s3c5s:400,-400(400.000000)
62:Player,BR:0cc/cr876f:7hQc,7c9h|/6h8cAc:-100,100(-100.000000)
63:BR,Player:0r200c/r371r709r3435c/cc/cc:4sJd,4hTc|/3d4cTh/5d/As:-4815,4815(-4815.000000)
64:Player,BR:0cc/cr124f:7dTc,5hTs|/2h5d9c:-100,100(-100.000000)
65:BR,Player:0cc/r2679f:ThAh,9dJh|/8s9hKh:100,-100(100.000000)
66:Player,BR:0cc/cr3080f:4dJc,4c7s|/3h9dQh:-100,100(-100.000000)
67:BR,Player:0f:9hQh,2h4s|:50,-50(50.000000)
68:Player,BR:0cr200c/cr1306f:7sAh,9cJs|/4s4h8d:-300,300(-300.000000)
69:BR,Player:0r200c/r2627f:5s8h,6cAs|/6h7hTs:300,-300(300.000000)
70:Player,BR:0cr200c/cr649f:6h7d,JcAc|/TsThJh:-300,300(-300.000000)
71:BR,Player:0r200c/r1136c/cr2164c/cc:QsQd,QhAh|/8h9sJh/As/Ks:-3600,3600(2557.690762)
72:Player,BR:0cc/cr435c/r305c/cc:8d9s,QsKh|/3h9dJd/4d/Ad:840,-840(840.000000)
73:BR,Player:0r200c/r747f:7hQs,4c6c|/KdAsAd:300,-300(300.000000)
74:Player,BR:0cc/cr3080f:3dKs,2h3h|/2s9hJs:-100,100(-100.000000)
75:BR,Player:0r200c/r140c/cr1360f:4h5s,3sTs|/4d9dAs/7s:-440,440(-440.000000)
76:Player,BR:0cr600c/cr3047f:5dAc,7s9h|/3sJhJd:-700,700(-700.000000)
77:BR,Player:0r130c/r1001f:7cTd,2dQd|/2s4c6s:230,-230(230.000000)
78:Player,BR:0cc/cr761f:2hKc,JhAh|/7d8dJc:-100,100(-100.000000)
79:BR,Player:0r200c/r212c/cr1288c/cc:6c9h,8sTc|/9sQsQh/7d/3c:1800,-1800(1800.000000)
80:Player,BR:0cc/cr379c/cc/r121c:6d8c,8sQh|/2h5c8h/9d/7c:600,-600(-25.326682)
81:BR,Player:0r130c/r1001c/cc/cr3599f:3d8h,JdKd|/2h5sJc/Jh/Tc:-1231,1231(-1231.000000)
82:Player,BR:0cr300c/cr283f:2d2c,2h7h|/6h7cTd:-400,400(-400.000000)
83:BR,Player:0cc/r19900f:4hTh,2hKd|/4c8dTd:100,-100(100.000000)
84:Player,BR:0cc/cr876f:4cTh,5hTc|/6s7cKh:-100,100(-100.000000)
85:BR,Player:0cc/r379c/cr441c/cc:8cKs,7dTd|/2c7hKh/4c/9s:920,-920(919.319348)
86:Player,BR:0cr200c/cr1306f:3d4s,5d7h|/6hJcQs:-300,300(-300.000000)
87:BR,Player:0cc/r435f:6cTc,TdJs|/4d9cAh:100,-100(100.000000)
88:Player,BR:0cr300c/cr3503f:9dAc,8hAd|/3c7sKh:-400,400(-400.000000)
89:BR,Player:0r200c/r2627f:2d6d,3cQd|/5h8hAc:300,-300(300.000000)
90:Player,BR:0cc/cr876f:6cKs,8dAc|/4dThQh:-100,100(-100.000000)
91:BR,Player:0cc/r379c/cc/cr721f:TdAd,4dAs|/6h8hAh/Qs/9h:-479,479(-479.000000)
92:Player,BR:0cc/cr876f:9cQh,3cQc|/4d7cTh:-100,100(-100.000000)
93:BR,Player:0r130c/r19770f:KsKh,7dJs|/2s4s8d:230,-230(230.000000)
94:Player,BR:0cc/cr1761f:6sKh,6h8s|/5cTsTd:-100,100(-100.000000)
95:BR,Player:0r130c/r1751r2849r2849r12321f:2d9s,8hKh|/2h9hJh:-7679,7679(-7679.000000)
96:Player,BR:0cr200c/cr2627c/r1753c/r936f:AdAc,7hKs|/6sQsQd/As/4d:4680,-4680(4680.000000)
97:BR,Player:0r200c/r2627f:2sQd,3dJd|/7s8hJh:300,-300(300.000000)
98:Player,BR:0cr300c/cr283f:8dTd,3c8s|/6sAhAc:-400,400(-400.000000)
99:BR,Player:0r130c/r3522f:QsAs,9cQd|/5h6sTs:230,-230(230.000000)
100:Player,BR:0cc/cr876f:6hQc,2s3h|/6d9cTh:-100,100(-100.000000)
101:BR,Player:0cc/r876c/cc/cr2924c:9dAs,4d6s|/6d8sQs/2h/3c:-3900,3900(1070.477239)
102:Player,BR:0cc/cr876c/cc/r2014f:6s7c,7h7d|/5s8dTh/9d/4c:976,-976(976.000000)
103:BR,Player:0r200c/r244c/cc/cr1256c:5dTc,4c9c|/5s6cJh/5c/Qs:1800,-1800(1800.000000)
104:Player,BR:0cc/cr761c/r100c/cc:2d7d,JsKs|/7h9cKd/4s/4c:-961,961(-909.581284)
105:BR,Player:0r200c/r1306f:3cAs,TsQc|/7d8sTh:300,-300(300.000000)
106:Player,BR:0cr300c/cr3503f:5sJs,ThQd|/8dJdKh:-400,400(-400.000000)
107:BR,Player:0cc/r435f:8d9c,2cJd|/3d5hJh:100,-100(100.000000)
108:Player,BR:0cc/cr876c/r974f:JhQs,2s3s|/4d8h9h/9c:976,-976(976.000000)
109:BR,Player:0f:9dKh,3s8d|:50,-50(50.000000)
110:Player,BR:0cc/cr876f:4dTs,3s7h|/ThTdAs:-100,100(-100.000000)
111:BR,Player:0r130c/r163c/cc/cr665c:QcAh,3dAs|/3c6cJs/Jc/3s:-1058,1058(-287.249537)
112:Player,BR:0cr200c/cr1306f:8hKh,2hKs|/3c4d5d:-300,300(-300.000000)
113:BR,Player:0r130c/r1751f:JdKh,5cAc|/3s8cJs:230,-230(230.000000)
114:Player,BR:0cr300c/cr3046f:5h8d,9cJh|/6cTsJd:-400,400(-400.000000)
115:BR,Player:0cc/r876f:6s9d,6hQs|/2hThJh:100,-100(100.000000)
116:Player,BR:0cr600c/cr866f:2s3h,7c9c|/6s7hQc:-700,700(-700.000000)
117:BR,Player:0r130c/r163f:QhAd,4sKd|/2h5s7c:230,-230(230.000000)
118:Player,BR:0cc/cr876f:6h7c,3h9s|/2c8dTh:-100,100(-100.000000)
119:BR,Player:0r200c/r747c/cc/cr2553c:4hJh,7c9s|/6h8s8c/Qd/Ah:3600,-3600(1723.043599)
120:Player,BR:0cr200c/cc/r900f:5d8d,3h3d|/6s7cJh/Qh:300,-300(300.000000)
121:BR,Player:0r200c/r2627f:9cTc,4hAc|/5hJdAh:300,-300(300.000000)
122:Player,BR:0cc/cr761c/r100c/cc:7sAd,ThQh|/5d7hQs/8h/2h:-961,961(-955.450309)
123:BR,Player:0r200c/r2627f:8sQc,7hAd|/3sTsAh:300,-300(300.000000)
124:Player,BR:0cc/cr876f:TsQc,2c8s|/3dJdAs:-100,100(-100.000000)
125:BR,Player:0r200c/r1306f:8sJd,5cTh|/6h8h9s:300,-300(300.000000)
126:Player,BR:0cc/cr876c/r584c/cc:3s9d,5dQd|/2d3c8h/Qc/9c:1560,-1560(222.749853)
127:BR,Player:0f:3c9d,2s5c|:50,-50(50.000000)
128:Player,BR:0cr200c/r390r390f:3h9h,3dQs|/6h7dAc:-690,690(-690.000000)
129:BR,Player:0r200c/r1306f:JsAc,6sTc|/7cThKd:300,-300(300.000000)
130:Player,BR:0cr200c/cr19700f:7cAh,8sKs|/5d8h8c:-300,300(-300.000000)
131:BR,Player:0r130c/r1001f:3d8h,4d7s|/3s9cTs:230,-230(230.000000)
132:Player,BR:0cc/cr1761f:7d9s,2s9d|/2c5s8h:-100,100(-100.000000)
133:BR,Player:0r200c/r1306f:6c7c,6d7d|/4h4c9c:300,-300(300.000000)
134:Player,BR:0cc/cr379f:6sJd,7cAh|/5dKdAs:-100,100(-100.000000)
135:BR,Player:0r200c/r427f:5s9d,4hJh|/7s8sTs:300,-300(300.000000)
136:Player,BR:0cr300c/cr1741f:4c6c,3d6s|/5c6h8d:-400,400(-400.000000)
137:BR,Player:0r200c/r1306f:2cTd,5hKd|/9hThQh:300,-300(300.000000)
138:Player,BR:0cr300c/cr1741f:2d6d,2cQc|/5c6h9d:-400,400(-400.000000)
139:BR,Player:0r130c/r2014f:2hJd,5h8d|/2sQhKs:230,-230(230.000000)
140:Player,BR:0cc/cr435f:2c5d,6hJs|/4h4cAc:-100,100(-100.000000)
141:BR,Player:0r130c/r100c/cc/cc:QdKd,5cKc|/7c9hAd/5h/Ac:-330,330(-75.287053)
142:Player,BR:0cc/cr3080f:2sAc,5c6h|/TdQhAd:-100,100(-100.000000)
143:BR,Player:0r130c/r2014f:3d4s,5s5d|/6h9dTc:230,-230(230.000000)
144:Player,BR:0cc/cr876f:6h9d,3cTh|/2s6sQc:-100,100(-100.000000)
145:BR,Player:0cc/r3080f:3cTh,4d7s|/4s4cQh:100,-100(100.000000)
146:Player,BR:0cc/cr876f:4hKd,7cKc|/4s7h9s:-100,100(-100.000000)
147:BR,Player:0r130c/r1751f:8hTh,9hQs|/5h6c8s:230,-230(230.000000)
148:Player,BR:0cc/cr216f:2s3h,6d9h|/2c6hTc:-100,100(-100.000000)
149:BR,Player:0r130c/r871c/cr1015c/cc:8dQc,3s7s|/7hTsQd/Jc/5d:2116,-2116(989.047556)
150:Player,BR:0cc/cr876f:5cQh,4hJs|/3s6c8s:-100,100(-100.000000)
151:BR,Player:0r130c/r163f:9cAc,5hKc|/3h4cJs:230,-230(230.000000)
152:Player,BR:0cr200c/r390r390f:JsKs,4c9d|/2c6dTd:-690,690(-690.000000)
153:BR,Player:0cc/r876c/cr2014f:7hTd,7s9c|/2c6c8c/6d:-976,976(-976.000000)
154:Player,BR:0cc/cr876f:3dKh,3c7d|/2s4sKs:-100,100(-100.000000)
155:BR,Player:0r130c/r871f:6sTh,JdQs|/2s5d6c:230,-230(230.000000)
156:Player,BR:0cr300c/cr1741f:6h7h,4hJd|/7s8s8d:-400,400(-400.000000)
157:BR,Player:0cc/r249f:4dTs,2cKd|/7c9hAh:100,-100(100.000000)
158:Player,BR:0cc/cr19900f:8hJs,6sAd|/6cJhAh:-100,100(-100.000000)
159:BR,Player:0r130c/r1001f:8cJc,6h9s|/3d5d6c:230,-230(230.000000)
160:Player,BR:0cc/cr876f:5s8d,9dAd|/6d8sQc:-100,100(-100.000000)
161:BR,Player:0r130c/r1001c/cr1184f:6dKs,7dJc|/5d8sJh/2c:-1231,1231(-1231.000000)
162:Player,BR:0cr600c/cr6130f:2s5h,7c9h|/TsKsAd:-700,700(-700.000000)
163:BR,Player:0r300c/r996f:JdKh,9dJc|/2h2d7d:400,-400(400.000000)
164:Player,BR:0cr300c/r1200r3983f:5dTh,7sKc|/6d9cAh:-1600,1600(-1600.000000)
165:BR,Player:0r130c/r2014f:7dAd,6hKd|/3sTcJd:230,-230(230.000000)
166:Player,BR:0cc/cr435c/r305c/r420c:6dQs,8c9c|/2c4cQd/9d/4d:1260,-1260(269.486142)
167:BR,Player:0r130c/r2014f:4hJd,ThAs|/4d6s7s:230,-230(230.000000)
168:Player,BR:0cc/cr435f:3h5s,2d5c|/8hKhAs:-100,100(-100.000000)
169:BR,Player:0r200c/r1306f:5c6h,6d8h|/2h7d8s:300,-300(300.000000)
170:Player,BR:0cr600c/cr1742c/cc/r3998c:6dTd,3dAh|/9dJhJd/Ks/9c:-6440,6440(-1903.403865)
171:BR,Player:0cc/r761f:QdKc,2s5s|/8h9dKh:100,-100(100.000000)
172:Player,BR:0cc/cr876f:6dJs,4d9c|/9sQhAc:-100,100(-100.000000)
173:BR,Player:0cc/r379f:5cAh,4hJc|/8hJhAd:100,-100(100.000000)
174:Player,BR:0cc/cr435f:2d3c,6c9s|/8s8cQs:-100,100(-100.000000)
175:BR,Player:0r200c/r649c/cc/cc:KcAs,8hAc|/2s5h5c/Tc/Jc:949,-949(-16.982569)
176:Player,BR:0cc/cr379r441r4005f:5h7d,2c9s|/4h6s9d:-920,920(-920.000000)
177:BR,Player:0r130c/r1001f:2dJs,5s6d|/JcQhAs:230,-230(230.000000)
178:Player,BR:0cc/cr876f:2c7c,3h4h|/6s9cAs:-100,100(-100.000000)
179:BR,Player:0cc/r124f:3cKs,4s9h|/2sQhKd:100,-100(100.000000)
180:Player,BR:0cc/cr876c/cc/r2014f:4hKh,2dTs|/5dKsKd/Qd/7h:976,-976(976.000000)
181:BR,Player:0r130c/r1001c/cr1184f:8hTc,QcKc|/2c5sKh/Jd:-1231,1231(-1231.000000)
182:Player,BR:0cr300c/cr996f:4h7h,6c9s|/4s8sTs:-400,400(-400.000000)
183:BR,Player:0f:5h7s,2h5c|:50,-50(50.000000)
184:Player,BR:0cr300c/cr1514f:JhKh,9s9h|/3h4d8d:-400,400(-400.000000)
185:BR,Player:0r200c/r2627f:5cAd,6cKs|/4h6dTc:300,-300(300.000000)
186:Player,BR:0cc/cr435f:6dTc,5hQs|/2dKdAc:-100,100(-100.000000)
187:BR,Player:0r200c/r371r709r6008f:7dQc,TdJh|/5d7sTc:1380,-1380(1380.000000)
188:Player,BR:0cr300c/cr3503f:4c5c,6sKs|/2dThJh:-400,400(-400.000000)
189:BR,Player:0r300c/r1741f:ThJd,2dAd|/3d9sAc:400,-400(400.000000)
190:Player,BR:0cr130c/cr4051f:5c8h,5sJd|/6c9sKh:-230,230(-230.000000)
191:BR,Player:0cc/r435f:2d4h,5hTs|/4cJsKs:100,-100(100.000000)
192:Player,BR:0cc/cr124c/r100c/r366f:2h2c,QhAh|/3h4s4c/5s/7s:324,-324(324.000000)
193:BR,Player:0f:2cJs,2dTh|:50,-50(50.000000)
194:Player,BR:0cr300c/cr3503f:4h5c,JsAh|/2d9cTd:-400,400(-400.000000)
195:BR,Player:0r130c/r498f:5hAc,8sJs|/6s9cAh:230,-230(230.000000)
196:Player,BR:0cc/cr3080f:2sJd,5cQc|/9d9cTs:-100,100(-100.000000)
197:BR,Player:0cc/r761f:JsKh,3cJh|/7d8dKc:100,-100(100.000000)
198:Player,BR:0cc/cr19900f:6hAc,9hTs|/5d9cTc:-100,100(-100.000000)
199:BR,Player:0r200c/r19700f:6cJd,6sAs|/6dThJs:300,-300(300.000000)
200:Player,BR:0cr130c/cr1751c/r100c/r237c:7c9c,7hTs|/6s8s9d/3c/Qc:-2318,2318(-2318.000000)
201:BR,Player:0f:7hQh,2sTd|:50,-50(50.000000)
202:Player,BR:0cc/cr379r441r1309f:4s7c,9sTs|/5d6c9c:-920,920(-920.000000)
203:BR,Player:0r130c/r3522f:JdAs,5dKh|/2d7cAh:230,-230(230.000000)
204:Player,BR:0cc/cr435c/r515f:8cKd,4sTd|/5c8dQs/7d:535,-535(535.000000)
205:BR,Player:0r130c/r573f:3cTc,8dKd|/TsQcKh:230,-230(230.000000)
206:Player,BR:0cc/cr379f:5dQh,8sJd|/2d6c8c:-100,100(-100.000000)
207:BR,Player:0cc/r124r236r2003f:3d5h,ThJc|/4s5sJh:460,-460(460.000000)
208:Player,BR:0cr200c/cr1306f:JsAs,3hJd|/2d3sKd:-300,300(-300.000000)
209:BR,Player:0r130c/r1001f:9dJh,3d3c|/4d6hTh:230,-230(230.000000)
210:Player,BR:0cc/cr435f:3sQc,7s8h|/2s5s9c:-100,100(-100.000000)
211:BR,Player:0r200c/r2627c/cr8773f:5c6d,9hQh|/2hJhKc/As:-2927,2927(-2927.000000)
212:Player,BR:0cc/cr876r2014f:7sKc,5dQd|/7dJsKs:976,-976(976.000000)
213:BR,Player:0f:8cTc,3h9s|:50,-50(50.000000)
214:Player,BR:0cr300c/cr1741f:9hAd,8sJd|/5s7cQh:-400,400(-400.000000)
215:BR,Player:0f:3c5c,3s8h|:50,-50(50.000000)
216:Player,BR:0cr300c/cr1741f:4cKc,9sAs|/JsJdQs:-400,400(-400.000000)
217:BR,Player:0r200c/r1306f:9hQc,7d9s|/2c4s6h:300,-300(300.000000)
218:Player,BR:0cr600c/cr3047f:2s2c,4hTs|/5h6d7s:-700,700(-700.000000)
219:BR,Player:0r130c/r2014c/cc/cc:2c4s,TdQd|/ThQcAd/Jh/7h:-2244,2244(-2244.000000)
220:Player,BR:0cc/cr876f:3h9c,2hKc|/6s7h7d:-100,100(-100.000000)
221:BR,Player:0r130c/r1001f:9dTs,3d5d|/4d4cKc:230,-230(230.000000)
222:Player,BR:0cc/cr379f:4h5c,7hKc|/7dQdKd:-100,100(-100.000000)
223:BR,Player:0cc/r435f:4c7d,ThQs|/4h5d9d:100,-100(100.000000)
224:Player,BR:0cc/cr1532f:8sQh,5cAc|/6s7c9c:-100,100(-100.000000)
225:BR,Player:0r130c/r2014r4633f:3dKh,2s2h|/2c7h8d:-2244,2244(-2244.000000)
226:Player,BR:0cr200c/cr1306c/r914c/r5040f:7sAs,2s8d|/4s8sJs/Qs/Ts:2520,-2520(2520.000000)
227:BR,Player:0r200c/r371c/cr100c/cc:4s8d,JhAd|/3h8c9d/8h/Qc:771,-771(771.000000)
228:Player,BR:0cc/cr876f:6hQc,5d9d|/2c4h8c:-100,100(-100.000000)
229:BR,Player:0r200c/r19700f:3s6s,8c9d|/4d5h7h:300,-300(300.000000)
230:Player,BR:0cc/cr1761f:2dTc,2c5c|/5h6sJh:-100,100(-100.000000)
231:BR,Player:0r130c/r2014c/cr2241f:3c7c,5sJh|/2s8sJd/9h:-2244,2244(-2244.000000)
232:Player,BR:0cc/cr216f:5h9d,TcQs|/3sQcAs:-100,100(-100.000000)
233:BR,Player:0r130c/r1001f:9hTc,KhAh|/5d7c8d:230,-230(230.000000)
234:Player,BR:0cr600c/cr3047f:5sAs,3c4s|/4h5d6h:-700,700(-700.000000)
235:BR,Player:0r200c/r1306f:8dJd,ThKd|/2dTsAh:300,-300(300.000000)
236:Player,BR:0cr300c/r800r4543r5297r5297r3663c/cc/cc:9cKc,KdAh|/6d9sKh/As/6h:-20000,20000(-8216.802056)
237:BR,Player:0r200c/r2284f:4dAh,KhAd|/5cJhAc:300,-300(300.000000)
238:Player,BR:0cc/cr876f:2d9s,5sJc|/4hTsTh:-100,100(-100.000000)
239:BR,Player:0r130c/r4051f:4h5c,8dQs|/2d6c9s:230,-230(230.000000)
240:Player,BR:0cc/cr1761f:9hTd,5s7c|/JcKsKd:-100,100(-100.000000)
241:BR,Player:0f:JcAc,3c8s|:50,-50(50.000000)
242:Player,BR:0cr300c/r520r520c/r768c/r441c:9dAd,KhAh|/4h4cTs/Kc/6d:-2649,2649(-860.550817)
243:BR,Player:0r130c/r1001c/cr2472f:6dKd,6sAs|/7s8s9h/3s:-1231,1231(-1231.000000)
244:Player,BR:0cr600c/r910r2291f:5d7s,QsAs|/8h8d8c:-1610,1610(-1610.000000)
245:BR,Player:0r130c/r2014f:4d8s,3hAs|/4cTcAd:230,-230(230.000000)
246:Player,BR:0cc/cr379c/cc/cc:7s8h,QsQc|/5c6d8d/6h/7c:-479,479(-282.530417)
247:BR,Player:0r130c/r3522f:2sJc,6cTs|/2h2dJh:230,-230(230.000000)
248:Player,BR:0cc/cr876f:5c6s,3d4c|/2hQhAd:-100,100(-100.000000)
249:BR,Player:0r130c/r3522f:3cKc,6dKh|/3h6c7c:230,-230(230.000000)
250:Player,BR:0cc/cr876f:5hKs,4c8d|/3d7dAs:-100,100(-100.000000)
251:BR,Player:0f:4sJh,2dTc|:50,-50(50.000000)
252:Player,BR:0cc/cr1761c/r899f:6dJd,6cQd|/8dKsAd/Jh:1861,-1861(1861.000000)
253:BR,Player:0cc/r435f:2c7c,3s6c|/3cJsKs:100,-100(100.000000)
254:Player,BR:0cc/cr142f:8sKh,2hAd|/3s3d7c:-100,100(-100.000000)
255:BR,Player:0f:QhKd,3s9h|:50,-50(50.000000)
256:Player,BR:0cr300c/cr1741f:2h2c,QhAh|/7h7c9s:-400,400(-400.000000)
257:BR,Player:0r130c/r2014f:2h3d,4d5c|/6d8sJc:230,-230(230.000000)
258:Player,BR:0cr300c/cr495c/r100c/r1885f:TsJd,TcQd|/5sQhAs/Ad/2d:995,-995(995.000000)
259:BR,Player:0r130c/r327f:5hKd,8hKc|/9dAdAc:230,-230(230.000000)
260:Player,BR:0cc/cr1761f:2s3d,2d9c|/4c8hKd:-100,100(-100.000000)
261:BR,Player:0r130c/r19770f:4hKs,TsJd|/4dQsKc:230,-230(230.000000)
262:Player,BR:0cc/cr379c/cc/r121c:6sTd,3hQs|/5c6dQd/5d/Th:-600,600(-169.152247)
263:BR,Player:0r130c/r1001f:2s8d,4hJd|/9hTsTd:230,-230(230.000000)
264:Player,BR:0cc/cr216f:JcQh,6c8h|/4s6sAd:-100,100(-100.000000)
265:BR,Player:0r200c/r1306f:6cAh,3h3c|/8sTcQd:300,-300(300.000000)
266:Player,BR:0cc/cr379c/r121c/cc:5hAc,2cJd|/4h5dJc/4c/6c:-600,600(-155.994097)
267:BR,Player:0r300c/r3503f:JcAh,6s8s|/6c9hTs:400,-400(400.000000)
268:Player,BR:0cc/cr876f:6cQs,QdKs|/2h2dJd:-100,100(-100.000000)
269:BR,Player:0r300c/r3503f:JhAd,9dQc|/4s7h8c:400,-400(400.000000)
270:Player,BR:0cr200c/cr649f:5c8c,3sQd|/2d6hQh:-300,300(-300.000000)
271:BR,Player:0cc/r379f:8dKs,3sQd|/5hJcKd:100,-100(100.000000)
272:Player,BR:0cr300c/cr1514f:7c9d,JhAs|/3s3hJs:-400,400(-400.000000)
273:BR,Player:0r130c/r1001f:KhAc,6h7s|/3d6d8d:230,-230(230.000000)
274:Player,BR:0cr130c/cr2014f:7sAc,TdQc|/2h9d9c:-230,230(-230.000000)
275:BR,Player:0r130c/r2014f:QcKh,7sAh|/2c4cJs:230,-230(230.000000)
276:Player,BR:0cc/cr1761f:4cKc,8sAd|/2d9sJs:-100,100(-100.000000)
277:BR,Player:0r130c/r1001f:2h2c,8dJs|/3h4s5s:230,-230(230.000000)
278:Player,BR:0cc/cr876f:6s7h,4d6h|/2sJdAd:-100,100(-100.000000)
279:BR,Player:0cc/r1532f:5hAh,2cQs|/TdJhQh:100,-100(100.000000)
280:Player,BR:0cc/cr761f:4cKc,7sAs|/3d7c8s:-100,100(-100.000000)
281:BR,Player:0f:6sKs,2s9c|:50,-50(50.000000)
282:Player,BR:0cc/cr876f:3d5s,2s8c|/8hTsKs:-100,100(-100.000000)
283:BR,Player:0r130c/r285c/cc/cc:4s5d,4d5s|/2d4cTh/Kd/Qc:0,-0(-135.514418)
284:Player,BR:0cc/cr249c/r251f:5c7h,5hKs|/6s9d9c/7d:349,-349(349.000000)
285:BR,Player:0r130c/r285c/cc/cr543c:9s9d,6sAs|/2h8sQc/Th/Jd:1058,-1058(624.209556)
286:Player,BR:0cr200c/r600r2240f:6sKd,4hAh|/2s9sJc:-900,900(-900.000000)
287:BR,Player:0r130c/r1001f:7sAc,TcKh|/4dQhKc:230,-230(230.000000)
288:Player,BR:0cr300c/r520r520c/cc/cc:7s7h,5cTh|/2s2d4c/9c/Js:1440,-1440(1440.000000)
289:BR,Player:0r130c/r2014f:3h8c,4dAc|/9dTdQh:230,-230(230.000000)
290:Player,BR:0cr300c/r520r8056f:3cAc,5hAh|/2d6hQs:-920,920(-920.000000)
291:BR,Player:0cc/r124c/cr236c/cc:3cJc,2hQd|/4hJdQc/5h/8h:-460,460(-20.708439)
292:Player,BR:0cr200c/cr1306c/r914c/r1260f:8d8c,5s6s|/6d7h9c/2c/3d:2520,-2520(2520.000000)
293:BR,Player:0r200c/r2627f:4cKd,3d6d|/6h9sJh:300,-300(300.000000)
294:Player,BR:0cr200c/cr2627c/r1753f:AhAc,9hAs|/2h6sTs/3h:2927,-2927(2927.000000)
295:BR,Player:0r200c/r427r1343r5153f:2d8c,4h4c|/2h7s7c:2070,-2070(2070.000000)
296:Player,BR:0cc/cr876f:2sJc,7d9d|/7c8cQs:-100,100(-100.000000)
297:BR,Player:0cc/r876f:4d7h,2hQc|/TsJsAc:100,-100(100.000000)
298:Player,BR:0cc/cr1532f:5dKc,KhKd|/3s8hQd:-100,100(-100.000000)
299:BR,Player:0r200c/r371c/cc/cc:6sJs,KsAh|/3c6c8s/Qs/Td:671,-671(248.820287)
300:Player,BR:0cc/cr876f:4c9d,9hAs|/6d7dKd:-100,100(-100.000000)
301:BR,Player:0r130c/r327c/cr271f:5d6d,3h4c|/4sTcQs/4d:-557,557(-557.000000)
302:Player,BR:0cr300c/cr1741f:ThKd,9d9c|/6s6dAs:-400,400(-400.000000)
303:BR,Player:0r200c/r1306f:TsJc,5sJh|/5c9s9h:300,-300(300.000000)
304:Player,BR:0cr200c/cr371c/cc/r709c:TdJc,5dAd|/2d5hTh/Ks/7c:1380,-1380(451.655375)
305:BR,Player:0cc/r435c/cc/cc:6sKs,7cTc|/4c7s9c/Qd/6h:-535,535(-304.449746)
306:Player,BR:0cc/cr1761c/r899c/r1380c:2c6d,4c6h|/4d5d8s/9h/3s:4140,-4140(1169.837685)
307:BR,Player:0r130c/r1001f:6dKh,9dTc|/4d5s8c:230,-230(230.000000)
308:Player,BR:0cc/cr216c/cc/cc:2cAd,ThJd|/3hTsAs/7c/Ks:316,-316(-131.810665)
309:BR,Player:0r130c/cc/cc/cc:3sJh,3cTc|/8dKsAc/5c/Th:-230,230(-230.000000)
310:Player,BR:0cc/cr1761f:6sTh,8sJh|/2hKsAh:-100,100(-100.000000)
311:BR,Player:0f:2c4s,2h7s|:50,-50(50.000000)
312:Player,BR:0cr600c/r910r7009f:7hQh,2cJs|/5hTsJd:-1610,1610(-1610.000000)
313:BR,Player:0r130c/r285r543r2634f:9cTh,KdKc|/2c9sJs:1058,-1058(1058.000000)
314:Player,BR:0cc/cr435f:2sQh,7hQs|/4h6sTs:-100,100(-100.000000)
315:BR,Player:0f:3d4d,2h5d|:50,-50(50.000000)
316:Player,BR:0cc/cr1761c/r1589f:JhKs,7c9d|/5s6dJc/2d:1861,-1861(1861.000000)
317:BR,Player:0r130c/r1001f:4hQd,5s6s|/3d8sJh:230,-230(230.000000)
318:Player,BR:0cr300c/cr569f:KcAc,TsKd|/3h7hJh:-400,400(-400.000000)
319:BR,Player:0r200c/r2627f:6d8s,9s9d|/7sTcAc:300,-300(300.000000)
320:Player,BR:0cc/cr435c/r305c/r168c:6sQc,2d4d|/8sTdQs/4h/Kd:1008,-1008(791.914341)
321:BR,Player:0f:6d9s,3s7c|:50,-50(50.000000)
322:Player,BR:0cr300c/cr3503f:5hJh,2cAs|/3d5c9s:-400,400(-400.000000)
323:BR,Player:0r130c/r285r543r1506r17436f:4hJh,JcAh|/6cJsAs:-2564,2564(-2564.000000)
324:Player,BR:0cc/cr379c/cc/cc:9sQd,TdJh|/8s9hTh/Js/8h:479,-479(13.018131)
325:BR,Player:0r130c/r1001f:5d7s,7hAd|/6s8s8c:230,-230(230.000000)
326:Player,BR:0cc/cr19900f:4hAc,6hKh|/2s6s6c:-100,100(-100.000000)
327:BR,Player:0f:6h9s,4s9h|:50,-50(50.000000)
328:Player,BR:0cc/cr100f:2c8d,3cAh|/6dKsKd:-100,100(-100.000000)
329:BR,Player:0cc/r379c/cr121c/cr3600f:2c3h,4h5d|/2s3dQs/6h/9d:-600,600(-600.000000)
330:Player,BR:0cc/cr8194f:2h3d,TdKd|/TcQdAd:-100,100(-100.000000)
331:BR,Player:0r130c/r2014f:3hAh,7s8h|/5s7cQc:230,-230(230.000000)
332:Player,BR:0cr600c/cr16305f:TdAs,JcKc|/8dKsKh:-700,700(-700.000000)
333:BR,Player:0r130c/r285r543r543c/cc/cc:TsAc,KhAs|/7dThKd/9s/6d:-1601,1601(-1601.000000)
334:Player,BR:0cr300c/cr3503f:9s9h,5hAs|/2d4sKs:-400,400(-400.000000)
335:BR,Player:0r300c/r569f:2hJc,TdQh|/7hTsJs:400,-400(400.000000)
336:Player,BR:0cc/cr876f:4sTd,6s8d|/5h5cAc:-100,100(-100.000000)
337:BR,Player:0cc/r142c/cc/cr448c:3c8s,3sQd|/6d7d8d/9h/6c:690,-690(-149.748451)
338:Player,BR:0cc/cr3080f:5c6s,5h7c|/3s9hQh:-100,100(-100.000000)
339:BR,Player:0r130c/r1001f:5s9s,9dJh|/3d8hQs:230,-230(230.000000)
340:Player,BR:0cr200c/cr2284c/r100c/cc:3d4d,8sTh|/7d9sTd/3c/6d:2684,-2684(-225.435613)
341:BR,Player:0r130c/r1001f:3s5s,5h6c|/7hKhKc:230,-230(230.000000)
342:Player,BR:0cc/cr124f:6dQs,6cTs|/3hThKs:-100,100(-100.000000)
343:BR,Player:0r130c/r2014f:4c5s,8dQh|/6sThJc:230,-230(230.000000)
344:Player,BR:0cc/cr379f:3s9s,5cJs|/3d7cJc:-100,100(-100.000000)
345:BR,Player:0r130c/r1001f:5h6s,4c8s|/TcJcKs:230,-230(230.000000)
346:Player,BR:0cr300c/cr3503f:7dJh,5c8h|/5h9hJs:-400,400(-400.000000)
347:BR,Player:0r200c/r1306f:3c8c,3s9s|/4cTsKc:300,-300(300.000000)
348:Player,BR:0cr300c/cr1741f:QdKh,5s7d|/3d6cAs:-400,400(-400.000000)
349:BR,Player:0r130c/r871f:JhAs,5s7c|/2s4hJs:230,-230(230.000000)
350:Player,BR:0cr200c/cr1306f:6c9h,3s4d|/7sTsKd:-300,300(-300.000000)
351:BR,Player:0r130c/r871f:JsKd,7dTd|/5sTsJc:230,-230(230.000000)
352:Player,BR:0cc/cr876f:2h8s,5sAh|/7cJcQh:-100,100(-100.000000)
353:BR,Player:0r130c/r1001f:2d4c,6h7s|/3s3h8h:230,-230(230.000000)
354:Player,BR:0cr200c/cr5284f:4h8s,5s8d|/JsKdAs:-300,300(-300.000000)
355:BR,Player:0r130c/r1001c/cc/cc:8hTd,9hJh|/3c7cJs/Qd/8d:-1231,1231(-438.479151)
356:Player,BR:0cr200c/cr1306f:7dKc,7sTc|/8cKdAd:-300,300(-300.000000)
357:BR,Player:0r200c/r2627f:4hKs,8h9s|/4s5d7d:300,-300(300.000000)
358:Player,BR:0cr600c/cr996f:7hAd,6hQh|/4h4d9d:-700,700(-700.000000)
359:BR,Player:0r200c/r2627f:3s5h,4d5s|/7s9cJc:300,-300(300.000000)
360:Player,BR:0cc/cr435f:3dTh,5c9h|/7h8hAd:-100,100(-100.000000)
361:BR,Player:0r130c/r327f:TsQc,6sJh|/7cAdAc:230,-230(230.000000)
362:Player,BR:0cr300c/cr1741f:8cTs,2h6c|/TdJcAd:-400,400(-400.000000)
363:BR,Player:0r130c/r871f:2hQd,9dQc|/2d4dKd:230,-230(230.000000)
364:Player,BR:0cc/cr761f:2s7s,8s9c|/8h8cKd:-100,100(-100.000000)
365:BR,Player:0cc/r379c/cr121c/cc:3cTh,2dJc|/3s3d4h/5h/6d:-600,600(-80.921485)
366:Player,BR:0cc/cr3080f:4cAd,7d8h|/6hJsJc:-100,100(-100.000000)
367:BR,Player:0r130c/r1001f:7sQc,4c6c|/2sTsTc:230,-230(230.000000)
368:Player,BR:0cc/cr761f:4c7d,JsAs|/6h7sJh:-100,100(-100.000000)
369:BR,Player:0r200c/r1306f:4d7d,5h6d|/4h9sTd:300,-300(300.000000)
370:Player,BR:0cc/cr142c/cc/r958f:4d7s,8dKs|/4h4cAh/2h/Ad:242,-242(242.000000)
371:BR,Player:0cc/r100f:JcAc,5hTd|/3c7dKh:100,-100(100.000000)
372:Player,BR:0cr300c/cr1741f:JcQc,QhAc|/8hKhKc:-400,400(-400.000000)
373:BR,Player:0r130c/r2014f:2d3s,3hKh|/7hTdAc:230,-230(230.000000)
374:Player,BR:0cc/cr876c/r584c/r780c:3h8s,4sJd|/6h9h9c/Kd/7h:-2340,2340(1110.474869)
375:BR,Player:0r200c/r2627c/cc/cc:4c6c,8dAd|/7s8hKd/Ks/As:-2927,2927(-2927.000000)
376:Player,BR:0cc/cr876f:4h5s,3hJd|/3s7h9c:-100,100(-100.000000)
377:BR,Player:0r200c/r5284r14416f:2d6d,2s8s|/3s8cAs:-5584,5584(-5584.000000)
378:Player,BR:0cc/cr435c/r515c/cc:4dTd,TcJs|/3h4h8d/3c/Ad:1050,-1050(1050.000000)
379:BR,Player:0cc/r379c/cr121c/cc:3sTs,5dTh|/TdTcQs/8c/Jd:0,-0(486.732875)
380:Player,BR:0cr300c/r520r1309f:9dJc,JdKc|/3c5cQd:-920,920(-920.000000)
381:BR,Player:0r200c/r747c/cr753c/cc:5h8h,7c9c|/4s4d7h/Ac/Js:-1800,1800(-1800.000000)
382:Player,BR:0cc/cr876f:3s7c,4d6h|/9sJdKh:-100,100(-100.000000)
383:BR,Player:0cc/r379r721r721c/cc/cr7679f:8cJs,5cTc|/7c9dJc/Ah/2c:-1921,1921(-1921.000000)
384:Player,BR:0cr300c/cr1741f:2cTc,6sJc|/7d9dAh:-400,400(-400.000000)
385:BR,Player:0r130c/r2014f:5c9d,8dKc|/2c6dQs:230,-230(230.000000)
386:Player,BR:0cc/cr876c/cc/r974c:9hTc,4h6h|/2d9cAs/Qs/Ah:1950,-1950(79.562682)
387:BR,Player:0cc/r435f:4c5h,4d9s|/6h7dAs:100,-100(100.000000)
388:Player,BR:0cr300c/cr1741f:5s6s,9cJh|/8s8dTc:-400,400(-400.000000)
389:BR,Player:0r130c/r2014f:9dAs,6d8d|/4h8sTh:230,-230(230.000000)
390:Player,BR:0cc/cr124c/r100c/r126c:2d5h,7dTd|/4sTcAh/9h/6s:-450,450(-450.000000)
391:BR,Player:0r130c/r1001c/cr1184f:2d8s,QcAs|/5hAhAd/5c:-1231,1231(-1231.000000)
392:Player,BR:0cc/cr124f:5d7c,TdAs|/4hKsKd:-100,100(-100.000000)
393:BR,Player:0r130c/r1001f:5sAs,2c5c|/8d9hKc:230,-230(230.000000)
394:Player,BR:0cc/cr124f:3h9s,7cKd|/6s6c7h:-100,100(-100.000000)
395:BR,Player:0r130c/r1001f:3hAc,5sQh|/2d2c9d:230,-230(230.000000)
396:Player,BR:0cc/cr1532c/cc/r1358c:JhKc,6cTh|/6dTcJc/2d/Js:2990,-2990(-461.353343)
397:BR,Player:0r130c/r1001f:4sJs,6dQc|/9dJcKs:230,-230(230.000000)
398:Player,BR:0cc/cr876f:8sJc,3c7d|/2h6cAc:-100,100(-100.000000)
399:BR,Player:0r130c/r2014f:2c4s,3cQd|/4d7dQh:230,-230(230.000000)
400:Player,BR:0cc/cr876f:4c9c,TsKc|/2s7s8c:-100,100(-100.000000)
401:BR,Player:0cc/r435r1075r1075f:6d7s,2dKc|/2s3c4c:1610,-1610(1610.000000)
402:Player,BR:0cc/cr876f:2h6d,4sTs|/2c9sKs:-100,100(-100.000000)
403:BR,Player:0cc/r1761c/cr1589f:9cJs,4sTd|/4hTcKh/9d:-1861,1861(-1861.000000)
404:Player,BR:0cc/cr216f:5s8h,QdAc|/JhJdQh:-100,100(-100.000000)
405:BR,Player:0r130c/r1001f:6dTh,2sAc|/3s3hJh:230,-230(230.000000)
406:Player,BR:0cr300c/r520r1991f:ThJh,TcQd|/2h6dQs:-920,920(-920.000000)
407:BR,Player:0r130c/r2014c/cr4633c/cr13123f:2dQc,4hKh|/2hJhAd/Ts/3d:-6877,6877(-6877.000000)
408:Player,BR:0cc/cr379f:3dJs,7cQs|/6cTdQd:-100,100(-100.000000)
409:BR,Player:0r130c/r573f:2dAd,6dKc|/8dJhQs:230,-230(230.000000)
410:Player,BR:0cr200c/cr2627f:4hKh,8hTh|/3d4dQh:-300,300(-300.000000)
411:BR,Player:0f:4dTc,3d8c|:50,-50(50.000000)
412:Player,BR:0cr600c/cr3047f:5s8h,QdAh|/3s4sKh:-700,700(-700.000000)
413:BR,Player:0cc/r435f:TdKd,6d7s|/5h6hJs:100,-100(100.000000)
414:Player,BR:0cc/cr876f:6dAs,2d8h|/6hTdKc:-100,100(-100.000000)
415:BR,Player:0r130c/r1001c/cr1184f:6cTc,4s7c|/4d4c5h/8s:-1231,1231(-1231.000000)
416:Player,BR:0cr300c/r520r520f:2dJd,4cQs|/5sThKd:-920,920(-920.000000)
417:BR,Player:0r200c/r1136c/cc/cc:8hQh,4s4d|/3d3cQd/3s/Tc:1436,-1436(1436.000000)
418:Player,BR:0cc/cr435c/r305f:QcKd,6c9c|/4hJcAh/8d:535,-535(535.000000)
419:BR,Player:0r200c/r747f:TcJh,6s6d|/TsQdAh:300,-300(300.000000)
420:Player,BR:0cc/cr876f:3c8s,9dJs|/4s4cKc:-100,100(-100.000000)
421:BR,Player:0f:2d8s,2s8c|:50,-50(50.000000)
422:Player,BR:0cc/cr876f:JcKs,9sQs|/2d3c8d:-100,100(-100.000000)
423:BR,Player:0f:QcAc,2d9s|:50,-50(50.000000)
424:Player,BR:0cr300c/cr569c/cc/cc:6d6c,JsJd|/QhQdAs/Kd/Ts:-969,969(-652.345490)
425:BR,Player:0r130c/r1001f:6hTs,7s8s|/6sKsAh:230,-230(230.000000)
426:Player,BR:0cc/cr379f:TcQd,8d8c|/2s4d5h:-100,100(-100.000000)
427:BR,Player:0cc/r379f:JsJh,2sAc|/5s7h8s:100,-100(100.000000)
428:Player,BR:0cc/cr876f:2s5d,4h6s|/6d7sTc:-100,100(-100.000000)
429:BR,Player:0r300c/r1741f:5cJd,QcKh|/4s4c6h:400,-400(400.000000)
430:Player,BR:0cc/cr3080f:8c9d,5d8h|/2h9sTh:-100,100(-100.000000)
431:BR,Player:0r200c/r1306f:5h8c,6sAh|/2c4s7s:300,-300(300.000000)
432:Player,BR:0cr130c/cr1001f:8dTs,3hKc|/4d7cQs:-230,230(-230.000000)
433:BR,Player:0r130c/r1001f:5hQh,4hTh|/9dQcKc:230,-230(230.000000)
434:Player,BR:0cc/cr876f:3dQd,3c7c|/4c6hQh:-100,100(-100.000000)
435:BR,Player:0r200c/r1136f:3d4c,6d8d|/3c4sAc:300,-300(300.000000)
436:Player,BR:0cc/cr876f:3cAh,7dTs|/4c5h9c:-100,100(-100.000000)
437:BR,Player:0cc/r124c/cc/cc:2h8h,2sQc|/6d8sQs/6c/As:-224,224(45.817488)
438:Player,BR:0cr300c/cr3503f:2c4c,6hAh|/3hTcKc:-400,400(-400.000000)
439:BR,Player:0r130c/r285c/cc/cc:4sKs,6sAh|/2h6cKh/4c/7s:515,-515(515.000000)
440:Player,BR:0cc/cr435f:6sTh,2dJc|/8sQsAd:-100,100(-100.000000)
441:BR,Player:0r130c/r142c/cc/cc:9d9c,3dAd|/7dJsQc/Jc/2s:372,-372(372.000000)
442:Player,BR:0cr300c/cr1741f:QdKd,2hJh|/5s6c7h:-400,400(-400.000000)
443:BR,Player:0cc/r379f:7dQh,2sJh|/3h5hQc:100,-100(100.000000)
444:Player,BR:0cc/cr216f:6cTs,7sJs|/5s7hKc:-100,100(-100.000000)
445:BR,Player:0f:2dJd,2c4d|:50,-50(50.000000)
446:Player,BR:0cc/cr3080f:3dKs,3sKc|/7hJdAh:-100,100(-100.000000)
447:BR,Player:0r200c/r649f:3s9d,8hQd|/2c7c9s:300,-300(300.000000)
448:Player,BR:0cc/cr216f:4dTd,9h9c|/3s5dJh:-100,100(-100.000000)
449:BR,Player:0r200c/r19700f:3dKc,7hQh|/3s3h9d:300,-300(300.000000)
450:Player,BR:0cc/cr142f:6dJh,2s2d|/9dKhAh:-100,100(-100.000000)
451:BR,Player:0r200c/r649c/cc/cr2651f:9dKd,3c7c|/TcJcKs/Kc/8s:-949,949(-949.000000)
452:Player,BR:0cr300c/cr1741f:9dAh,2s4d|/7d7c9s:-400,400(-400.000000)
453:BR,Player:0r200c/r1306c/cc/cc:2dTd,QhQc|/7c9dTc/3s/3d:-1606,1606(1431.616754)
454:Player,BR:0cc/cr3080f:JsQd,4h5s|/7d8hKc:-100,100(-100.000000)
455:BR,Player:0r200c/r244c/cr836f:3h5h,6c7s|/6d9cKs/Ad:-544,544(-544.000000)
456:Player,BR:0cc/cr124f:6sJc,2c9c|/2s8sAh:-100,100(-100.000000)
457:BR,Player:0cc/r876f:2cAs,6sJs|/5sJdQc:100,-100(100.000000)
458:Player,BR:0cc/cr435f:5sQh,9dTs|/7d7c8h:-100,100(-100.000000)
459:BR,Player:0r200c/r140c/cc/cc:QhAd,5h6d|/3h6cKs/3d/9h:-440,440(46.679397)
460:Player,BR:0cr300c/cr1514f:9cAh,JdQd|/2c7dJc:-400,400(-400.000000)
461:BR,Player:0r200c/r19700f:TcJs,4sJd|/TsThJh:300,-300(300.000000)
462:Player,BR:0cr200c/cr1306c/r1544f:TdKd,2dAh|/4d7h8d/5c:1606,-1606(1606.000000)
463:BR,Player:0r200c/r2284f:KsKc,7h9s|/5c7dQs:300,-300(300.000000)
464:Player,BR:0cc/cr124c/cc/cc:TcJd,JsAh|/2h2c7d/3d/2s:-224,224(-119.498121)
465:BR,Player:0cc/r876f:2d9s,6dTd|/JcQsAc:100,-100(100.000000)
466:Player,BR:0cc/cr1761f:4h5d,2h3h|/2dThQh:-100,100(-100.000000)
467:BR,Player:0r130c/r1001f:4c9d,5h9h|/3s5s6d:230,-230(230.000000)
468:Player,BR:0cc/cr249r571r1309f:9cTd,6d8h|/QsQhQc:-920,920(-920.000000)
469:BR,Player:0r130c/r1001f:2cQs,9hJd|/2s4c6h:230,-230(230.000000)
470:Player,BR:0cc/cr876f:4d8c,9hTc|/2h6hAs:-100,100(-100.000000)
471:BR,Player:0r200c/r2627r6043f:4s4h,7dTs|/7sTcKs:-2927,2927(-2927.000000)
472:Player,BR:0cr300c/cr3503f:7dTh,5sQc|/5cJcKh:-400,400(-400.000000)
473:BR,Player:0r130c/r1001f:2c5d,6cJs|/8dQdAs:230,-230(230.000000)
474:Player,BR:0cc/r130r2014f:8cAd,5h7h|/6c8hJs:-230,230(-230.000000)
475:BR,Player:0r130c/r2014r6726f:TcAs,5hQs|/2h4cQc:-2244,2244(-2244.000000)
476:Player,BR:0cr200c/cr1306f:3s4h,3d8h|/2h9hKh:-300,300(-300.000000)
477:BR,Player:0r130c/r2014f:4c5d,KdAd|/7s8s9h:230,-230(230.000000)
478:Player,BR:0cc/cr3080f:4sTc,3dTh|/8dJdQd:-100,100(-100.000000)
479:BR,Player:0r130c/r1001f:3dAs,5d8c|/2d5sKc:230,-230(230.000000)
480:Player,BR:0cc/cr3080f:8dAh,4h8h|/3sTcKd:-100,100(-100.000000)
481:BR,Player:0r130c/r2014f:4dAs,9cTd|/3d5sJs:230,-230(230.000000)
482:Player,BR:0cc/cr876c/r584c/cc:4dJd,5hAc|/3dJsKd/Jc/Tc:1560,-1560(1507.570497)
483:BR,Player:0r200c/r1306f:8hQs,3sQh|/4h6s7s:300,-300(300.000000)
484:Player,BR:0cr200c/cr1306f:4c5c,2sTd|/5hJhQd:-300,300(-300.000000)
485:BR,Player:0r130c/r1001f:3h5c,5h6h|/JhJdQd:230,-230(230.000000)
486:Player,BR:0cc/cr876f:5hTc,6hJc|/8sTsKd:-100,100(-100.000000)
487:BR,Player:0cc/r142c/cr208f:2s6h,KsKc|/4s8c9s/Qh:-242,242(-242.000000)
488:Player,BR:0cr300c/r800r2987f:7s8d,6cTd|/3s5h8h:-1200,1200(-1200.000000)
489:BR,Player:0r130c/r285f:5hAc,7h9h|/4s4cAs:230,-230(230.000000)
490:Player,BR:0cr130c/cc/r115c/cc:QhKs,2hJh|/5c9cKh/Ad/Kd:345,-345(98.187258)
491:BR,Player:0f:9cAs,3s8d|:50,-50(50.000000)
492:Player,BR:0cc/cr435f:7sKh,3s7c|/8cJdQd:-100,100(-100.000000)
493:BR,Player:0cc/cc/cc/cr200c:5hQs,5sTd|/2hJdKh/9d/8s:300,-300(136.737260)
494:Player,BR:0cr300c/r800f:8sQs,7hAd|/8cQhKh:400,-400(400.000000)
495:BR,Player:0f:KdAh,3h8s|:50,-50(50.000000)
496:Player,BR:0cc/cr876f:7hTc,7s8d|/6hJhKh:-100,100(-100.000000)
497:BR,Player:0r130c/cr299r299f:6cKs,9hAd|/2d7sQc:529,-529(529.000000)
498:Player,BR:0cc/cr435f:7d9s,3s7h|/3d5hAd:-100,100(-100.000000)
499:BR,Player:0r130c/r871r1015r1015f:2cAh,TsQh|/8cTcAd:2116,-2116(2116.000000)
500:Player,BR:0cc/cr876f:2c9s,4d8h|/5d5cJc:-100,100(-100.000000)
501:BR,Player:0f:4s7h,2s5c|:50,-50(50.000000)
502:Player,BR:0cc/cr435f:4dTh,7c8d|/3hJdQc:-100,100(-100.000000)
503:BR,Player:0r130c/r327c/cr478f:5d9s,9dTc|/2h8dQh/4d:-557,557(-557.000000)
504:Player,BR:0cr300c/cr1514r1766r1766r14554f:5s5h,3sAs|/5d7sAh:5446,-5446(5446.000000)
505:BR,Player:0r130c/r1001f:5s6s,7s7h|/9sKdAs:230,-230(230.000000)
506:Player,BR:0cr300c/cr1741c/r2059c/r840c:5sJs,2d5d|/2s6dTs/9c/Kh:-5040,5040(1815.501994)
507:BR,Player:0r130c/r2014c/cc/cr4633c:6dAs,9dQd|/4dJhKd/5c/2s:6877,-6877(2132.490916)
508:Player,BR:0cc/cr876c/cc/cc:9cQh,7hKd|/8c9s9d/7s/Js:976,-976(773.780501)
509:BR,Player:0f:3c4s,3h7c|:50,-50(50.000000)
510:Player,BR:0cr200c/cr2627f:ThKc,7dKs|/8s8hQc:-300,300(-300.000000)
511:BR,Player:0r130c/r1001f:8cTs,2s2h|/4d7c9d:230,-230(230.000000)
512:Player,BR:0cr200c/cr1306f:QsKs,3d8h|/3h4h7s:-300,300(-300.000000)
513:BR,Player:0r130c/r871r1015r1015c/cc/cc:8hAd,2c5c|/2d5s8s/9s/Tc:-3131,3131(-1032.986120)
514:Player,BR:0cc/cr876r4224f:8c9h,5hQd|/7sTdJd:976,-976(976.000000)
515:BR,Player:0r300c/r569f:7cKh,6cJd|/2sAhAc:400,-400(400.000000)
516:Player,BR:0cc/cr9423f:4h5c,3h4d|/QcKdAs:-100,100(-100.000000)
517:BR,Player:0cc/r876f:4cKh,8sAd|/6d9dTh:100,-100(100.000000)
518:Player,BR:0cr300c/cr3503f:2h4h,5cAh|/6d9cTs:-400,400(-400.000000)
519:BR,Player:0f:9dJs,2d3s|:50,-50(50.000000)
520:Player,BR:0cr200c/cr2284f:4sKs,TsAs|/3h3cTd:-300,300(-300.000000)
521:BR,Player:0r130c/r2014f:7s9s,JcAs|/2d6dKd:230,-230(230.000000)
522:Player,BR:0cr300c/cr1741f:TsAs,6hQd|/5h5dKd:-400,400(-400.000000)
523:BR,Player:0r130c/r1001c/cr701f:5s7c,JdQh|/2h9hQs/2d:-1231,1231(-1231.000000)
524:Player,BR:0cr200c/cr1306f:6dTd,5s7s|/8hTsKc:-300,300(-300.000000)
525:BR,Player:0r130c/r2014f:2hAc,5c8s|/6c7sKc:230,-230(230.000000)
526:Player,BR:0cc/cr1761f:2s5h,8cKc|/4sThJh:-100,100(-100.000000)
527:BR,Player:0f:2c8s,3h7s|:50,-50(50.000000)
528:Player,BR:0cc/cr435c/r305f:9sQc,3s6s|/2d7hQs/2s:535,-535(535.000000)
529:BR,Player:0r130c/r1751f:6d6c,5dQc|/3h6h8h:230,-230(230.000000)
530:Player,BR:0cc/cr3080f:3d6h,3c8h|/4c9hJh:-100,100(-100.000000)
531:BR,Player:0r130c/r1751f:KsAs,3cAh|/8hTdKc:230,-230(230.000000)
532:Player,BR:0cc/cr876f:5s9d,9cJc|/3dKcAh:-100,100(-100.000000)
533:BR,Player:0r130c/r1001f:3h4d,QdAd|/7h7dAh:230,-230(230.000000)
534:Player,BR:0cr130c/cr4051r7886f:JdQd,3s5h|/7dTcKs:4281,-4281(4281.000000)
535:BR,Player:0r130c/r1001f:3d9d,8s9s|/2d5cKs:230,-230(230.000000)
536:Player,BR:0cc/cr876f:6cJc,7hKd|/4h6hQd:-100,100(-100.000000)
537:BR,Player:0cc/r142c/cr208c/cr2700c:3cQd,3hJh|/JsJdJc/2h/Ks:-3150,3150(-257.718401)
538:Player,BR:0cr300c/r520r4005f:TsJd,3s9c|/2c4hQs:-920,920(-920.000000)
539:BR,Player:0r130c/r1001f:5dKc,6sQd|/3c7dJs:230,-230(230.000000)
540:Player,BR:0cr300c/cr1741c/r2059f:QhKh,7s8c|/TcQdAd/6h:2141,-2141(2141.000000)
541:BR,Player:0r200c/r1306f:3dAh,5dQh|/4c6c9s:300,-300(300.000000)
542:Player,BR:0cc/cr876f:3d8s,2h9c|/6h7hJc:-100,100(-100.000000)
543:BR,Player:0r130c/r285c/cc/cc:7s8h,7d9c|/4c7hAs/5h/2s:-515,515(207.131555)
544:Player,BR:0cc/cr435f:7dKs,8sAc|/3d4s9d:-100,100(-100.000000)
545:BR,Player:0r300c/r1514c/cr100c/cr866c:8sQc,9cKh|/4hQsQd/4d/4s:2880,-2880(2880.000000)
546:Player,BR:0cr200c/cr1306f:TcJc,8cAc|/5d7dTd:-300,300(-300.000000)
547:BR,Player:0r130c/r1001f:2c4s,3d6c|/4hQdKh:230,-230(230.000000)
548:Player,BR:0cr200c/cr2627f:5sAc,7cJc|/4hQhQc:-300,300(-300.000000)
549:BR,Player:0r200c/r2627f:6cTd,8cTs|/2c4d5h:300,-300(300.000000)
550:Player,BR:0cc/cr3080f:9sKh,2h6d|/7h7c8d:-100,100(-100.000000)
551:BR,Player:0r130c/r1001f:4c7h,7s7c|/2c3cTs:230,-230(230.000000)
552:Player,BR:0cr300c/r520r520c/cc/r768f:5d6s,6h9d|/3s7cJc/4d/Js:1440,-1440(1440.000000)
553:BR,Player:0r200c/r2627f:4c6c,6d7d|/8cQdAc:300,-300(300.000000)
554:Player,BR:0cr200c/cr2627f:7dAh,7sTs|/6s9dQh:-300,300(-300.000000)
555:BR,Player:0r200c/r2627f:3c7h,2h8h|/5s8cTs:300,-300(300.000000)
556:Player,BR:0cr300c/cr495f:4s5h,KsAs|/3h3cJd:-400,400(-400.000000)
557:BR,Player:0r130c/r2014c/cr1344c/cr4664c:JhQs,JsJd|/5s7dAs/Ks/Ts:8252,-8252(8252.000000)
558:Player,BR:0cc/cr435f:3hKs,3c7s|/9cThJc:-100,100(-100.000000)
559:BR,Player:0r200c/r140r595r4506f:5h8d,JdKc|/5s9dKs:1035,-1035(1035.000000)
560:Player,BR:0cc/cr876f:4cTd,6cKc|/3h7hTc:-100,100(-100.000000)
561:BR,Player:0cc/r379f:5hKc,2dJc|/7sQsKd:100,-100(100.000000)
562:Player,BR:0cr300c/cr1741f:ThTd,TcKh|/5c8hAs:-400,400(-400.000000)
563:BR,Player:0r200c/r244f:3d8h,8dKs|/3c4s9h:300,-300(300.000000)
564:Player,BR:0cc/cr876f:5s8h,7dJs|/4dQsAh:-100,100(-100.000000)
565:BR,Player:0r130c/r1001f:4s6c,9hJd|/QcKdAs:230,-230(230.000000)
566:Player,BR:0cr300c/r520r4005f:JsAh,2cKd|/3d5cJd:-920,920(-920.000000)
567:BR,Player:0f:6hJd,4c9h|:50,-50(50.000000)
568:Player,BR:0cr600c/cr3047f:TdAd,5dQs|/4s5h6h:-700,700(-700.000000)
569:BR,Player:0r130c/r2014f:5dQd,8d8c|/5h9cTs:230,-230(230.000000)
570:Player,BR:0cr200c/cr1306c/r914c/cc:3cAc,3hKs|/2d5c9s/Tc/Kh:-2520,2520(-2455.123724)
571:BR,Player:0r130c/r871f:QsQc,3h3d|/5d6c7d:230,-230(230.000000)
572:Player,BR:0cr200c/cr1306f:QsKc,3h3c|/5c6h8h:-300,300(-300.000000)
573:BR,Player:0f:JsQs,2s4h|:50,-50(50.000000)
574:Player,BR:0cc/cr876f:9dKh,8dKd|/6h7cQs:-100,100(-100.000000)
575:BR,Player:0f:9cQh,2dTh|:50,-50(50.000000)
576:Player,BR:0cc/cr216f:3cAh,7s7d|/4c6sTc:-100,100(-100.000000)
577:BR,Player:0r300c/r3503c/cr16097f:3h4c,5cQh|/5sQcKh/Jd:-3903,3903(-3903.000000)
578:Player,BR:0cc/cr379f:5sTh,8cAh|/3s9cAs:-100,100(-100.000000)
579:BR,Player:0r200c/r1306c/cc/cr4694f:3d6c,KcAh|/2dThAc/Td/2c:-1606,1606(-1606.000000)
580:Player,BR:0cr200c/r600c/r1170f:4hKh,2dTd|/6c9hTh/5h:900,-900(900.000000)
581:BR,Player:0r130c/r327f:TcJs,3d5s|/2d7hQs:230,-230(230.000000)
582:Player,BR:0cr300c/cr1741f:3s6s,6hKs|/4h7c8c:-400,400(-400.000000)
583:BR,Player:0r130c/r2014f:7cQh,TsKs|/5s8hAh:230,-230(230.000000)
584:Player,BR:0cr300c/r800r5224f:4h7h,JsQh|/3h6c9s:-1200,1200(-1200.000000)
585:BR,Player:0r130c/r871f:7sKh,JsAd|/3s4s7h:230,-230(230.000000)
586:Player,BR:0cr300c/cr1741c/cc/r6259f:3s4h,6s6c|/5c7cAh/Tc/2s:2141,-2141(2141.000000)
587:BR,Player:0r130c/r4051f:3c4s,4d7s|/8h9hAs:230,-230(230.000000)
588:Player,BR:0cr600c/r4200f:KhAd,3d3c|/6dQdKc:700,-700(700.000000)
589:BR,Player:0r130c/r1751r4459r7970f:TsTd,5c7d|/4d6c7s:6440,-6440(6440.000000)
590:Player,BR:0cc/r130r1001f:2sTc,3dJc|/6d8s9h:-230,230(-230.000000)
591:BR,Player:0r130c/r1001f:5dTh,3cAh|/3h8sQs:230,-230(230.000000)
592:Player,BR:0cr200c/cr1306f:6hAh,4d8c|/4s9cTs:-300,300(-300.000000)
593:BR,Player:0r130c/r2014f:4d7s,7hJh|/3c5d9h:230,-230(230.000000)
594:Player,BR:0cc/cr124c/cc/cc:2hAd,2d5d|/3c5c8s/7c/Kh:-224,224(-92.632511)
595:BR,Player:0r200c/r1306f:7s7c,9cKs|/3d6cAd:300,-300(300.000000)
596:Player,BR:0cr200c/cr427c/r353f:8d9d,2c4d|/8hTsJs/5s:727,-727(727.000000)
597:BR,Player:0r200c/r1306c/cr3224f:6s9c,JcAd|/2s8cJd/Ac:-1606,1606(-1606.000000)
598:Player,BR:0cc/cr435f:3h7c,2hQs|/3dJcAc:-100,100(-100.000000)
599:BR,Player:0cc/r435f:2d8d,3cTd|/3h8hAh:100,-100(100.000000)
600:Player,BR:0cc/cr124c/cc/r376c:2c4d,9dKh|/3hKdAh/3s/8c:-600,600(-225.573142)
601:BR,Player:0r130c/r871c/cr279c/cr2760c:9cKh,8dKc|/8hTcKd/2s/Ks:-4140,4140(3347.467547)
602:Player,BR:0cc/cr435f:4dQh,KhAs|/4s6dJh:-100,100(-100.000000)
603:BR,Player:0r130c/r163c/cc/cc:5cAs,9s9c|/5h6hJd/3s/Kh:-393,393(66.055690)
604:Player,BR:0cc/cr435f:3c4s,3dAc|/4h8sKs:-100,100(-100.000000)
605:BR,Player:0cc/r3080f:2sAh,3hTs|/3s9h9c:100,-100(100.000000)
606:Player,BR:0cr300c/cr1514f:5c7c,JhQs|/6s7sJs:-400,400(-400.000000)
607:BR,Player:0f:5cJd,2h9c|:50,-50(50.000000)
608:Player,BR:0cc/cr3080f:2sJc,6d9h|/2cQhKc:-100,100(-100.000000)
609:BR,Player:0cc/r876f:2s3s,2dAs|/4cTsKh:100,-100(100.000000)
610:Player,BR:0cc/cr216c/cc/r584f:7hTc,6sAd|/5h6cTh/5s/5c:316,-316(316.000000)
611:BR,Player:0r130c/r2014f:9hAs,4d6h|/3s5hJs:230,-230(230.000000)
612:Player,BR:0cc/cr249f:3c8h,2s4h|/6sThTc:-100,100(-100.000000)
613:BR,Player:0r130c/r1001f:2c3h,4d6c|/6h9hJc:230,-230(230.000000)
614:Player,BR:0cr300c/cr16295f:2s2h,8d9h|/7sThJc:-400,400(-400.000000)
615:BR,Player:0r130c/r1751f:JcAc,6s8h|/6hQdAh:230,-230(230.000000)
616:Player,BR:0cc/cr435f:3cKs,3s8c|/ThTcAh:-100,100(-100.000000)
617:BR,Player:0r200c/r1306c/cc/cr3224f:ThJd,4c9c|/5d6h7c/8s/5c:-1606,1606(-1606.000000)
618:Player,BR:0cr600c/cr866c/cc/r4034f:QhQd,3cAh|/3dJdJc/4c/9h:1566,-1566(1566.000000)
619:BR,Player:0cc/r876f:4d8h,2hJc|/ThJdAh:100,-100(100.000000)
620:Player,BR:0cc/cr876f:TcJd,KsAd|/7hTdQd:-100,100(-100.000000)
621:BR,Player:0r130c/r163c/cc/cr987c:8hKc,6s7s|/5h5cAd/Ah/Qc:1380,-1380(131.737775)
622:Player,BR:0cc/cr876f:3sJc,2c9d|/4dQhKd:-100,100(-100.000000)
623:BR,Player:0r200c/r1306f:2d6h,7dJd|/3c6cJc:300,-300(300.000000)
624:Player,BR:0cc/cr435f:7hKd,5hAd|/4c5c7s:-100,100(-100.000000)
625:BR,Player:0r130c/r1001f:5cTs,5sAd|/8sAsAh:230,-230(230.000000)
626:Player,BR:0cr300c/cr1741f:4s7h,5hQc|/5sTdKs:-400,400(-400.000000)
627:BR,Player:0r200c/r2627f:6sJh,8hTs|/4d5h7d:300,-300(300.000000)
628:Player,BR:0cc/cr8194f:4sQh,6d8s|/6c8dAh:-100,100(-100.000000)
629:BR,Player:0r130c/r2014f:2s5c,3cKc|/QhKhAh:230,-230(230.000000)
630:Player,BR:0cc/cr3080f:4hAd,5cKc|/6h7cQh:-100,100(-100.000000)
631:BR,Player:0r130c/r2014r6726f:9sJc,JhQc|/5cTcQd:-2244,2244(-2244.000000)
632:Player,BR:0cr600c/r910r4008c/cc/r14382f:AsAd,3h6d|/5c8sJc/4d/4h:5618,-5618(5618.000000)
633:BR,Player:0f:4dTc,3h8d|:50,-50(50.000000)
634:Player,BR:0cr600c/r910r2291r7208f:2c3d,7cKh|/2s2h6h:3901,-3901(3901.000000)
635:BR,Player:0r130c/cc/cr115c/cc:7sJs,4cQh|/9dKcAs/9s/6d:-345,345(-311.217890)
636:Player,BR:0cc/cr876f:9dTh,5sTd|/2s3c8c:-100,100(-100.000000)
637:BR,Player:0r130c/r1001f:ThQc,7dJs|/8h9sAd:230,-230(230.000000)
638:Player,BR:0cc/cr876f:5sTd,2h6c|/3cJsKc:-100,100(-100.000000)
639:BR,Player:0r130c/r2014f:2d9h,5d8h|/6hTcAc:230,-230(230.000000)
640:Player,BR:0cc/cr876f:2h8c,9cJc|/2d3hAc:-100,100(-100.000000)
641:BR,Player:0r130c/r2014f:8hAh,JhQh|/7d9hKd:230,-230(230.000000)
642:Player,BR:0cc/cr435f:TsJc,QhAd|/4s5s7c:-100,100(-100.000000)
643:BR,Player:0r130c/r1001f:9sJd,6s7h|/2d4c6d:230,-230(230.000000)
644:Player,BR:0cc/cr435c/r515f:7hAs,9cKd|/4sJsQs/3d:535,-535(535.000000)
645:BR,Player:0r300c/r283r1157r8010f:9sAc,KhKd|/3s7dQd:1840,-1840(1840.000000)
646:Player,BR:0cr300c/cr3503f:2d2c,7h8c|/4h5hTs:-400,400(-400.000000)
647:BR,Player:0r130c/r142r421r421f:QsAs,7sKc|/3s8cJd:793,-793(793.000000)
648:Player,BR:0cc/cr876f:2sKc,3s5d|/9s9cQs:-100,100(-100.000000)
649:BR,Player:0r200c/r1306f:7cAh,5s9h|/3hTsQh:300,-300(300.000000)
650:Player,BR:0cr1200c/cr5660c/r6690c/r2730c:7c9c,4cTd|/4h5c6c/2s/5s:-16380,16380(-16380.000000)
651:BR,Player:0cc/r761r1239r1239f:7sQc,4s7h|/6s8sQs:2100,-2100(2100.000000)
652:Player,BR:0cc/cr876f:6dQh,9hTh|/3sQcKc:-100,100(-100.000000)
653:BR,Player:0r200c/r2627f:2h6d,2dJd|/5dTdQc:300,-300(300.000000)
654:Player,BR:0cr200c/cr2627f:4d8h,4c9h|/3s3c5s:-300,300(-300.000000)
655:BR,Player:0r200c/r1306f:3h5h,5dJh|/7h8h8d:300,-300(300.000000)
656:Player,BR:0cc/r130r7085f:6dJd,4s7c|/3d8sTc:-230,230(-230.000000)
657:BR,Player:0r200c/r2627f:2d3d,4s6h|/2cTsAc:300,-300(300.000000)
658:Player,BR:0cc/cr876f:6dTd,QcKd|/4sThAc:-100,100(-100.000000)
659:BR,Player:0f:6sKc,4h9d|:50,-50(50.000000)
660:Player,BR:0cc/cr435f:3dTc,5s6s|/5hJcAh:-100,100(-100.000000)
661:BR,Player:0r130c/r1001f:2dAh,8dKh|/3s5s8s:230,-230(230.000000)
662:Player,BR:0cr300c/cr495f:4h6s,8c9h|/3c9cKd:-400,400(-400.000000)
663:BR,Player:0cc/r379c/cc/cc:6sJc,6dQd|/2s5dJd/Ac/Qc:-479,479(306.294691)
664:Player,BR:0cr300c/cr1741f:5sKs,4sJh|/6cQsAh:-400,400(-400.000000)
665:BR,Player:0r200c/r14055f:2hAd,9dJh|/QdAhAc:300,-300(300.000000)
666:Player,BR:0cr300c/cr3046f:9sAh,TsAd|/2d3d6d:-400,400(-400.000000)
667:BR,Player:0r130c/r1001r2472r5270f:JdQc,3h4h|/4c9s9c:3703,-3703(3703.000000)
668:Player,BR:0cc/cr3080f:2hQs,4h9c|/8dQdQc:-100,100(-100.000000)
669:BR,Player:0r130c/r2014f:4h7d,QcAd|/5hTdKh:230,-230(230.000000)
670:Player,BR:0cc/cr435f:7hJd,3cKc|/3s5dAh:-100,100(-100.000000)
671:BR,Player:0r200c/r244c/cr356f:3h6s,5c7c|/9h9cAs/Kc:-544,544(-544.000000)
672:Player,BR:0cr300c/cr3503f:QsKc,3c9d|/2h5dAh:-400,400(-400.000000)
673:BR,Player:0r130c/r1001f:2sTh,5h8s|/6d8dJs:230,-230(230.000000)
674:Player,BR:0cc/cr124f:7cQd,5d8s|/2c5cTh:-100,100(-100.000000)
675:BR,Player:0r130c/r2014f:2c9d,4dAd|/5h7cQh:230,-230(230.000000)
676:Player,BR:0cc/cr876f:6d8h,6s7h|/JsQcKs:-100,100(-100.000000)
677:BR,Player:0r200c/r1306c/cc/cc:3sTs,QhKd|/5s7sQd/6c/6h:-1606,1606(-1606.000000)
678:Player,BR:0cc/cr876f:3h9s,4cJd|/3cQhKc:-100,100(-100.000000)
679:BR,Player:0r200c/r747c/cr393c/cr17280c:6cJh,KdAh|/TcJcKc/5c/4c:18720,-18720(13243.295608)
680:Player,BR:0cc/cr19900f:3s7c,KhKd|/7d8sKc:-100,100(-100.000000)
681:BR,Player:0r200c/r212r523c/cr1345f:JcKh,9cTd|/5sJsAh/Qh:-1035,1035(-1035.000000)
682:Player,BR:0cr130c/cc/r299f:4cAc,3h4d|/3c8hKs/Ah:230,-230(230.000000)
683:BR,Player:0r130c/r2014f:5cTd,7hKd|/5s6hQs:230,-230(230.000000)
684:Player,BR:0cc/cr124c/cc/cc:TcQd,4d7d|/2d4sTh/5h/Jd:224,-224(-90.047183)
685:BR,Player:0r200c/r2627f:5h9s,8hTs|/7dTcKh:300,-300(300.000000)
686:Player,BR:0cr300c/cr569f:8cAs,TdAd|/2d4hJc:-400,400(-400.000000)
687:BR,Player:0r130c/r1751f:QdQc,5sKd|/2sQsQh:230,-230(230.000000)
688:Player,BR:0cc/cr876f:2s6s,8hJh|/4hTcAs:-100,100(-100.000000)
689:BR,Player:0r300c/r1741f:2s8s,5h6h|/2c3hKc:400,-400(400.000000)
690:Player,BR:0cc/cr876f:2c6h,4cTh|/4d7s8s:-100,100(-100.000000)
691:BR,Player:0r130c/r1001f:2s6d,3dAs|/4d9dKd:230,-230(230.000000)
692:Player,BR:0cr300c/cr569c/cc/r471c:KsAd,2sQc|/8dJdQd/Kc/Tc:1440,-1440(-422.805187)
693:BR,Player:0r200c/r1306f:2c6s,7sAh|/2s4cKc:300,-300(300.000000)
694:Player,BR:0cc/cr3080f:3c5d,4c9c|/7sJdQh:-100,100(-100.000000)
695:BR,Player:0r130c/r871f:TcQc,3hKd|/6d9sQs:230,-230(230.000000)
696:Player,BR:0cc/cr435f:5sJh,ThQc|/2s4s4h:-100,100(-100.000000)
697:BR,Player:0cc/r3080f:3c7s,5hTd|/2s2cJh:100,-100(100.000000)
698:Player,BR:0cr1200c/cr2814c/cc/cc:3h9h,JdQc|/4h8hJc/7h/Qs:4114,-4114(-857.436930)
699:BR,Player:0r130c/r1001f:6d6c,9hAh|/8dTdAs:230,-230(230.000000)
700:Player,BR:0cc/cr876f:8cAs,2s2d|/9sTdAh:-100,100(-100.000000)
701:BR,Player:0r130c/r1001f:3h5c,6hQd|/JhQsKs:230,-230(230.000000)
702:Player,BR:0cc/cr435f:2d8h,5c6h|/5dQsAd:-100,100(-100.000000)
703:BR,Player:0cc/r1761f:2c5c,7s7h|/3c6cKh:100,-100(100.000000)
704:Player,BR:0cr300c/cr495c/cc/cc:QcKh,3s8s|/3c4s9d/Ts/Ah:-895,895(177.895821)
705:BR,Player:0r200c/r427f:6dJs,JdQs|/4h4c5h:300,-300(300.000000)
706:Player,BR:0cr600c/r4200f:5dJs,3d9h|/2d6s9s:700,-700(700.000000)
707:BR,Player:0r130c/r1001f:4hAd,7c9d|/3cQcKd:230,-230(230.000000)
708:Player,BR:0cc/cr1761f:7s8h,3c6c|/2c9hQd:-100,100(-100.000000)
709:BR,Player:0r200c/r1136f:8sAh,JcKh|/4c5c8h:300,-300(300.000000)
710:Player,BR:0cc/cr379c/r121c/cc:5hTh,6hQd|/2s5s6d/3d/6s:-600,600(-380.766054)
711:BR,Player:0r130c/r573c/cc/cc:7sQh,4dAc|/2s2d3d/6s/7h:803,-803(797.854482)
712:Player,BR:0cc/cr876f:3c5s,7hTd|/8dTcJd:-100,100(-100.000000)
713:BR,Player:0r130c/r1001r3599r6874f:4c6h,TdJh|/2h2d2c:4830,-4830(4830.000000)
714:Player,BR:0cc/cr379f:3s5d,6dKs|/5h7cKd:-100,100(-100.000000)
715:BR,Player:0cc/r124c/cc/cr236f:7cQd,5dKd|/8sQhAs/2c/Ks:-224,224(-224.000000)
716:Player,BR:0cr600c/cr3047f:9sJs,5sKh|/5hJdQd:-700,700(-700.000000)
717:BR,Player:0r130c/r3522c/cc/cc:KsAs,JcKd|/5h6sJs/9d/Qc:-3752,3752(-3744.634872)
718:Player,BR:0cc/cr1761f:3sAc,2hTd|/7h9s9h:-100,100(-100.000000)
719:BR,Player:0r200c/r1306f:4h7h,8dJd|/JhAhAd:300,-300(300.000000)
720:Player,BR:0cc/cr2679f:2c9h,7sAs|/8cTsKs:-100,100(-100.000000)
721:BR,Player:0r130c/r1001f:7c9s,JdKc|/4h5s8c:230,-230(230.000000)
722:Player,BR:0cc/cr124r236r14170f:2h3h,8s8d|/5dKdAs:-460,460(-460.000000)
723:BR,Player:0cc/r761f:9cQh,2d5d|/4sJdQc:100,-100(100.000000)
724:Player,BR:0cr200c/cr212f:6h9s,7dKs|/4sKcAc:-300,300(-300.000000)
725:BR,Player:0cc/r435f:5sQh,2hKd|/2d7cAd:100,-100(100.000000)
726:Player,BR:0cr130c/r299r4632f:JhAd,2cAc|/4h4cQc:-529,529(-529.000000)
727:BR,Player:0r130c/r1001f:9d9c,8dTc|/6s8cKc:230,-230(230.000000)
728:Player,BR:0cc/cr1761f:5hQs,8dQd|/3d9s9c:-100,100(-100.000000)
729:BR,Player:0r300c/r19600f:4h9c,5sTh|/4s9dQc:400,-400(400.000000)
730:Player,BR:0cc/cr435f:4c8d,5h9h|/4sJcAs:-100,100(-100.000000)
731:BR,Player:0r130c/r1751c/cc/cc:3s4d,5d6d|/3d4hJd/6h/Jh:-1981,1981(-1453.199579)
732:Player,BR:0cc/cr1532f:2s9c,5cTh|/5dTdKs:-100,100(-100.000000)
733:BR,Player:0r130c/r2014f:2hTd,3sTs|/6hQhKc:230,-230(230.000000)
734:Player,BR:0cc/cr19900f:3hTc,7d7c|/2c7sTs:-100,100(-100.000000)
735:BR,Player:0r200c/r4595f:2hAh,6hAc|/3s5hKh:300,-300(300.000000)
736:Player,BR:0cc/cr876f:5c7h,QsKs|/6hTcAc:-100,100(-100.000000)
737:BR,Player:0r200c/r1136f:7sQs,KhAh|/9dQdQc:300,-300(300.000000)
738:Player,BR:0cc/cr379r721r5224f:3sJh,6hJs|/3c5cJd:-1200,1200(-1200.000000)
739:BR,Player:0cc/r1761f:8sQh,4cTh|/7cJsKd:100,-100(100.000000)
740:Player,BR:0cr200c/cr2627f:8hQd,2d8s|/4c5d9c:-300,300(-300.000000)
741:BR,Player:0r130c/r1001f:2c6c,ThAc|/7h9hJh:230,-230(230.000000)
742:Player,BR:0cc/cr761f:4d6s,TsJh|/9dJsQd:-100,100(-100.000000)
743:BR,Player:0r200c/r1306f:3d7d,QhAs|/TdJhQd:300,-300(300.000000)
744:Player,BR:0cc/cr435f:3s8d,3cJs|/6h7dQd:-100,100(-100.000000)
745:BR,Player:0r200c/r1306r3224r6874r8296f:4cAh,JsJh|/2h6s9h:-11704,11704(-11704.000000)
746:Player,BR:0cr200c/cr2627f:6dAh,3sTc|/4c5h9h:-300,300(-300.000000)
747:BR,Player:0r130c/r871c/cc/cc:TcJh,QcKh|/8hJdQh/As/6d:-1101,1101(-311.763550)
748:Player,BR:0cr300c/r520r4005c/r4735c/r4830f:JsJd,9dJh|/5h6sTh/2c/9h:9660,-9660(9660.000000)
749:BR,Player:0r600c/cc/cr350f:5hKs,4d6d|/3c6hAh/7d:-700,700(-700.000000)
750:Player,BR:0cr300c/cr3503f:9cJc,2s6h|/4dJsQs:-400,400(-400.000000)
751:BR,Player:0r200c/r1306f:6hKd,6dTc|/2s5s8d:300,-300(300.000000)
752:Player,BR:0cc/cr876f:3h7c,6sAc|/8dJcKh:-100,100(-100.000000)
753:BR,Player:0r200c/r2284f:9hJc,TsKc|/7s9cTc:300,-300(300.000000)
754:Player,BR:0cr130c/cr2014f:4sAs,6cTc|/6s7hAh:-230,230(-230.000000)
755:BR,Player:0r130c/r1001f:2s9h,3h4d|/6h6cTs:230,-230(230.000000)
756:Player,BR:0cc/cr876f:5sQd,3d8c|/2h6d9d:-100,100(-100.000000)
757:BR,Player:0cc/r124c/cc/cr236f:8sTs,4d8h|/8cJdAh/5c/5d:-224,224(-224.000000)
758:Player,BR:0cr200c/cr427f:3cAc,9sAs|/6d8dJd:-300,300(-300.000000)
759:BR,Player:0cc/r435c/cr305c/cc:8d9s,3h6c|/3sJhJc/Qc/5c:-840,840(-840.000000)
760:Player,BR:0cc/cr379r441r8056f:3dTc,6cTh|/2h3sTd:-920,920(-920.000000)
761:BR,Player:0f:5sTd,2cJs|:50,-50(50.000000)
762:Player,BR:0cr600c/cr3047c/cc/cc:KdAd,2h7s|/3s3dQc/Ts/Qs:3747,-3747(3747.000000)
763:BR,Player:0f:KdKc,2c9s|:50,-50(50.000000)
764:Player,BR:0cc/cr124f:2d9c,8hAh|/8sTdKh:-100,100(-100.000000)
765:BR,Player:0cc/r379f:ThTd,2hJc|/6s8c9s:100,-100(100.000000)
766:Player,BR:0cr300c/cr569c/r471f:ThAc,7cTd|/3c5sKc/2c:969,-969(969.000000)
767:BR,Player:0r130c/r327c/cr478c/cr2070c:ThAc,2s3s|/7s8s8h/Jc/7c:3105,-3105(1470.686413)
768:Player,BR:0cc/cr3080f:3d7s,3h8c|/9cTcQc:-100,100(-100.000000)
769:BR,Player:0r200c/r2627c/cr2923c/cr2925c:5dAc,4c6c|/4h6sTs/5h/Ah:8775,-8775(7856.491784)
770:Player,BR:0cc/cr876f:7sQd,9hKd|/2h5hAh:-100,100(-100.000000)
771:BR,Player:0r200c/r1306f:7dKc,4dQs|/3s4cAh:300,-300(300.000000)
772:Player,BR:0cc/cr876f:2cQh,5dTd|/6sJcKs:-100,100(-100.000000)
773:BR,Player:0r130c/r573f:8dJc,6d9d|/4c6c7c:230,-230(230.000000)
774:Player,BR:0cc/cr8194f:2hAc,8cKd|/8sQhKh:-100,100(-100.000000)
775:BR,Player:0r130c/cc/cc/cc:TsQh,6hAc|/3h3d8d/7d/Qs:230,-230(230.000000)
776:Player,BR:0cr300c/r520r1309c/cc/r1083f:4dKd,2d8h|/3hJcKs/5d/Th:2229,-2229(2229.000000)
777:BR,Player:0f:3d4s,4c9h|:50,-50(50.000000)
778:Player,BR:0cr200c/cr1306c/r914c/r1260c:7s7d,4s8s|/7c8cKc/6h/Ts:3780,-3780(1063.058448)
779:BR,Player:0f:4c5c,3d9h|:50,-50(50.000000)
780:Player,BR:0cr200c/cr2627f:7h8d,5c7s|/6s7cJc:-300,300(-300.000000)
781:BR,Player:0r200c/r2627r6043f:3d6h,9dTc|/6d7s8s:-2927,2927(-2927.000000)
782:Player,BR:0cr200c/r390r6042f:7sQd,6h7h|/2s3c9s:-690,690(-690.000000)
783:BR,Player:0cc/r876f:4h5c,2sJc|/4c6c8h:100,-100(100.000000)
784:Player,BR:0cc/cr3080f:4hAs,4d9d|/5cQdAh:-100,100(-100.000000)
785:BR,Player:0r130c/r285c/cc/cr543c:8d9d,4dAs|/6s9cAc/2h/8c:1058,-1058(615.733137)
786:Player,BR:0cc/cr435f:5cKs,2d8s|/4s7cJh:-100,100(-100.000000)
787:BR,Player:0r130c/r1001c/cr2472c/cc:4c7d,3s5s|/3d4s6d/Kd/Jd:3703,-3703(3053.106591)
788:Player,BR:0cc/cr435f:7dKc,2s5h|/3h5sJh:-100,100(-100.000000)
789:BR,Player:0f:2cKc,3d9s|:50,-50(50.000000)
790:Player,BR:0cr200c/cr1306f:3s3d,4d8s|/6s6c7h:-300,300(-300.000000)
791:BR,Player:0cc/r435c/cr515c/cr1365c:7dAs,2d5d|/2h5s6h/2c/6s:-2415,2415(-24.377905)
792:Player,BR:0cc/cr124c/cc/r100c:7hQh,TdAd|/4hTcQd/Kd/Ts:-324,324(-310.339368)
793:BR,Player:0r130c/r1001f:9dTs,7d8h|/6cJhAs:230,-230(230.000000)
794:Player,BR:0cc/cr1532f:2c7d,9dKd|/2d4d5s:-100,100(-100.000000)
795:BR,Player:0r200c/r2627f:4c7d,2dKd|/5hQcKc:300,-300(300.000000)
796:Player,BR:0cr130c/r690r4005f:8cKh,7sJh|/2h7hTc:-920,920(-920.000000)
797:BR,Player:0f:3dKh,2c4d|:50,-50(50.000000)
798:Player,BR:0cc/cr876f:7cKd,3d8s|/JdQsKc:-100,100(-100.000000)
799:BR,Player:0f:QsAs,3s8d|:50,-50(50.000000)
800:Player,BR:0cr200c/cr649c/r131c/r540f:5c8c,JdAd|/4c6cAc/3s/9c:1080,-1080(1080.000000)
801:BR,Player:0r130c/r1001c/cr1184c/cr7245f:4h4d,KsAh|/2sQdAs/Kd/3h:-2415,2415(-2415.000000)
802:Player,BR:0cc/cr876f:8dAs,3d7s|/7h8hJc:-100,100(-100.000000)
803:BR,Player:0r130c/r871f:3sKd,2s9s|/6cKsKh:230,-230(230.000000)
804:Player,BR:0cr300c/cr3503f:KsAc,7cAh|/5d8cQh:-400,400(-400.000000)
805:BR,Player:0r130c/r1001c/cc/cc:3dKs,ThTd|/7s7hJc/3s/Ac:-1231,1231(-1228.664091)
806:Player,BR:0cr130c/r299r19471f:5h8s,JcKh|/4dJsJd:-529,529(-529.000000)
807:BR,Player:0r130c/r1001f:7hQh,7sTc|/3h3c8h:230,-230(230.000000)
808:Player,BR:0cc/cr1532f:2d4h,5sAs|/6cKdAc:-100,100(-100.000000)
809:BR,Player:0cc/r124c/cc/cr376c:2h8h,ThKs|/6s6d8d/2c/Tc:-600,600(115.237380)
810:Player,BR:0cc/cr19900f:5dTh,8s8h|/6c8cAd:-100,100(-100.000000)
811:BR,Player:0cc/r876f:4sTc,7dKs|/JdKdAs:100,-100(100.000000)
812:Player,BR:0cc/cr3080f:4dTc,3hTd|/7sJcAh:-100,100(-100.000000)
813:BR,Player:0r200c/r1306f:2c8s,5cJd|/2dTcAs:300,-300(300.000000)
814:Player,BR:0cc/cr1761f:6d9c,6h8d|/2s2h4c:-100,100(-100.000000)
815:BR,Player:0r130c/r2014f:5hQc,8dKh|/2d6d9h:230,-230(230.000000)
816:Player,BR:0cr200c/r390r2612r3046r3046f:6s9d,7sKd|/3d4s5h:-6348,6348(-6348.000000)
817:BR,Player:0r200c/r1306c/cr4694c/cc:4cTh,9sQh|/7c8sTs/As/3c:6300,-6300(6272.167378)
818:Player,BR:0cc/cr379f:2cTd,5dJd|/3h8cJh:-100,100(-100.000000)
819:BR,Player:0cc/r876c/cc/cr2014c:4d7d,5d7h|/4s6sAd/4h/3s:-2990,2990(-832.189230)
820:Player,BR:0cc/cr142c/cc/cc:3dAh,JdQc|/TsThAc/9c/7s:242,-242(242.000000)
821:BR,Player:0r200c/r1306f:8d9s,6sQs|/5h7hKs:300,-300(300.000000)
822:Player,BR:0cc/cr124c/cc/r100c:4d5s,4h8h|/3s4sKc/8d/Jh:-324,324(-287.826633)
823:BR,Player:0r130c/r1001f:2hJc,4h7d|/5d6s6c:230,-230(230.000000)
824:Player,BR:0cc/cr1761f:5cTs,2d8h|/2s7sKh:-100,100(-100.000000)
825:BR,Player:0r130c/r285f:4c7c,5dTc|/7hQsQd:230,-230(230.000000)
826:Player,BR:0cc/cr435f:7d9h,6h7s|/3c5dKd:-100,100(-100.000000)
827:BR,Player:0cc/r435f:8sQd,2hQs|/5d7c9d:100,-100(100.000000)
828:Player,BR:0cc/cr124c/cc/r236c:5cJd,2h9h|/6c9cJh/Tc/4c:460,-460(-21.077428)
829:BR,Player:0r130c/r327c/cr1513c/cr17930c:QcAc,4dJh|/4s7s7c/6c/8c:20000,-20000(20000.000000)
830:Player,BR:0cc/cr216c/cc/r134c:7d8c,6sAh|/2s6c9c/7c/3s:450,-450(262.232391)
831:BR,Player:0r200c/r649f:5s7c,2dKd|/5dTsTh:300,-300(300.000000)
832:Player,BR:0cc/cr876f:3h4s,8dAs|/6c7cQh:-100,100(-100.000000)
833:BR,Player:0r130c/r285c/cc/cc:3h9c,JhKh|/2h3s8d/Ac/4d:515,-515(137.310169)
834:Player,BR:0cr200c/r390r6042f:4c6c,3s9d|/8hTcQs:-690,690(-690.000000)
835:BR,Player:0r130c/r1001f:8cTd,2d5d|/TsKcAh:230,-230(230.000000)
836:Player,BR:0cr600c/cr996c/r824c/r1260f:JhQs,5sAs|/7c9cQh/7s/Jc:2520,-2520(2520.000000)
837:BR,Player:0r130c/r285c/cc/cc:KhKc,4sJh|/7dJcAs/3d/3c:515,-515(513.998347)
838:Player,BR:0cc/cr3080f:6s7h,7sJd|/2h3sKc:-100,100(-100.000000)
839:BR,Player:0f:4dJs,2d4s|:50,-50(50.000000)
840:Player,BR:0cr300c/cr3503f:8cAs,2h7c|/9cTsKs:-400,400(-400.000000)
841:BR,Player:0f:2hJc,2c5h|:50,-50(50.000000)
842:Player,BR:0cr300c/cr495c/cc/r2305f:9dKd,2sQs|/3cQdKs/4d/9s:895,-895(895.000000)
843:BR,Player:0f:TsKc,2h9c|:50,-50(50.000000)
844:Player,BR:0cc/cr876c/cc/r2014c:3s5c,2sAs|/4c7dQs/2d/Ah:2990,-2990(-1274.128966)
845:BR,Player:0r130c/r1001f:7sTh,6cTd|/2c3h5h:230,-230(230.000000)
846:Player,BR:0cr200c/r390r1718f:3h6s,6h9d|/3s9hJd:-690,690(-690.000000)
847:BR,Player:0r130c/cc/cc/cc:3hKd,9cKh|/2s2c7s/8c/8d:0,-0(-9.615627)
848:Player,BR:0cr130c/cr19770f:ThJd,5h5c|/5d8cTc:-230,230(-230.000000)
849:BR,Player:0r200c/r1306f:7dQs,5hAh|/2d6h9d:300,-300(300.000000)
850:Player,BR:0cc/cr876f:4s9c,8dAc|/2hThQh:-100,100(-100.000000)
851:BR,Player:0r130c/r2014r9716f:3c4c,QdKd|/2cJdQc:-2244,2244(-2244.000000)
852:Player,BR:0cc/cr124r236r236c/r408c/r2208f:2c3d,3s4d|/2h3h9c/5c/2d:1104,-1104(1104.000000)
853:BR,Player:0cc/r435f:2dQh,3h6d|/8dTdJs:100,-100(100.000000)
854:Player,BR:0cc/cr876f:4dQc,5cTd|/8cJhAh:-100,100(-100.000000)
855:BR,Player:0r200c/r1306c/cr3224f:7cKd,6h9s|/3h6s6c/Kh:-1606,1606(-1606.000000)
856:Player,BR:0cr200c/cr2627f:9cQc,8s9s|/2d5sTs:-300,300(-300.000000)
857:BR,Player:0r130c/r871f:5sTs,5cAh|/5d6dTd:230,-230(230.000000)
858:Player,BR:0cc/cr435f:6s8c,3dJc|/4cQcKd:-100,100(-100.000000)
859:BR,Player:0r130c/r2014f:JhQh,5hKs|/6dKdAs:230,-230(230.000000)
860:Player,BR:0cr130c/cr3522f:5hAc,2sTc|/7sTsQc:-230,230(-230.000000)
861:BR,Player:0r200c/r427c/cc/cc:8cKh,4hTd|/6d7d8s/4s/Qs:727,-727(270.152292)
862:Player,BR:0cc/cr379f:3d8s,6cJh|/4s5dJc:-100,100(-100.000000)
863:BR,Player:0r130c/r19770f:6s6c,TsKd|/4c6hJs:230,-230(230.000000)
864:Player,BR:0cc/cr19900f:2dJs,JhAs|/3s9sAc:-100,100(-100.000000)
865:BR,Player:0r130c/r2014f:3cJh,TcJd|/7d9hKh:230,-230(230.000000)
866:Player,BR:0cr200c/cr2627f:6sAd,4dJc|/TdKdKc:-300,300(-300.000000)
867:BR,Player:0r130c/r1751f:8s9h,TcJd|/2d4h8h:230,-230(230.000000)
868:Player,BR:0cc/cr876f:3sJh,5cTc|/2d4dJc:-100,100(-100.000000)
869:BR,Player:0r130c/r871c/cc/cc:QdKd,9cQc|/5s7sQh/7h/6h:1101,-1101(943.847856)
870:Player,BR:0cr300c/cr3503f:7s9d,6s8c|/2s5hTd:-400,400(-400.000000)
871:BR,Player:0r130c/r1001f:2h8d,6dAd|/5c6c8c:230,-230(230.000000)
872:Player,BR:0cc/cr142f:7sQc,8dAd|/3s6s6d:-100,100(-100.000000)
873:BR,Player:0r300c/r3503f:3dKh,2s7s|/2c4c5d:400,-400(400.000000)
874:Player,BR:0cc/cr876f:JdQh,2dTs|/3h4sAs:-100,100(-100.000000)
875:BR,Player:0r200c/r747f:3h9d,TcQd|/2c6h6c:300,-300(300.000000)
876:Player,BR:0cr600c/cr2650c/r850c/r840c:TsTd,AsAh|/5sJsJh/7c/4s:-5040,5040(-4714.717913)
877:BR,Player:0f:3c8d,2d4h|:50,-50(50.000000)
878:Player,BR:0cc/cr761f:2d9h,3s6h|/2s3d6d:-100,100(-100.000000)
879:BR,Player:0r130c/r2014f:2c5c,8c9c|/3h5dKc:230,-230(230.000000)
880:Player,BR:0cc/cr876f:6sAc,6cKs|/2s8cJd:-100,100(-100.000000)
881:BR,Player:0r200c/r2627f:2c9h,3d5s|/3hKsAs:300,-300(300.000000)
882:Player,BR:0cc/cr435f:4hKd,4s5h|/3s7dQc:-100,100(-100.000000)
883:BR,Player:0r200c/r427f:7d8s,8d9c|/3c4h4c:300,-300(300.000000)
884:Player,BR:0cr600c/cr996c/cc/r4604f:6s8s,3s9c|/2s5sKs/7h/Kc:1696,-1696(1696.000000)
885:BR,Player:0r130c/r2014f:3cAc,4d7h|/2hThQd:230,-230(230.000000)
886:Player,BR:0cr200c/r390r390f:3s4s,9sJd|/2dTcAc:-690,690(-690.000000)
887:BR,Player:0r130c/r285c/cc/cr543c:TsJh,2c4c|/5cTdAs/2d/2s:-1058,1058(-411.694231)
888:Player,BR:0cc/cr2679f:2hQc,8cQh|/8hQsAs:-100,100(-100.000000)
889:BR,Player:0f:3cTh,2c6s|:50,-50(50.000000)
890:Player,BR:0cr300c/cr3503f:8d8c,4cAs|/4d7c9s:-400,400(-400.000000)
891:BR,Player:0r130c/r1001c/cr1184f:7sJh,AsAd|/7c8cQd/9c:-1231,1231(-1231.000000)
892:Player,BR:0cc/cr876f:5cTd,6s8d|/4h7cJd:-100,100(-100.000000)
893:BR,Player:0cc/r3080f:6s9d,3dAs|/5d8hJs:100,-100(100.000000)
894:Player,BR:0cc/cr876f:2hQs,2d6d|/7cTdJs:-100,100(-100.000000)
895:BR,Player:0r200c/r1306f:5s6h,3dJh|/6d8cTc:300,-300(300.000000)
896:Player,BR:0cr200c/r390r982f:9dQd,4cJc|/5d6sAh:-690,690(-690.000000)
897:BR,Player:0r130c/r1001c/cc/cc:6c9c,QdQc|/2s2c4c/5d/Ks:-1231,1231(-1231.000000)
898:Player,BR:0cc/cr435f:4cTc,2cAd|/5h8hKc:-100,100(-100.000000)
899:BR,Player:0r200c/r5284f:8cTs,6sAd|/3s9hAs:300,-300(300.000000)
900:Player,BR:0cr600c/cr3047f:2s2c,4d5s|/9cThAh:-700,700(-700.000000)
901:BR,Player:0r130c/r2014f:5hJc,5dJs|/2dTcKc:230,-230(230.000000)
902:Player,BR:0cr600c/r910r7009f:3hAh,TdJh|/2d3d7c:-1610,1610(-1610.000000)
903:BR,Player:0cc/r3080r16820f:6c8s,6dTd|/4d7hQd:-3180,3180(-3180.000000)
904:Player,BR:0cc/cr876f:5cTs,9hJc|/2c7hKc:-100,100(-100.000000)
905:BR,Player:0r130c/r2014f:3dAc,JsKd|/5dQdKh:230,-230(230.000000)
906:Player,BR:0cr300c/r520r2290f:7d9h,7hAh|/2c3dKd:-920,920(-920.000000)
907:BR,Player:0r130c/r1751f:2h3h,7hTh|/2s3sAd:230,-230(230.000000)
908:Player,BR:0cc/cr435f:2hAc,4d5h|/3s8h9h:-100,100(-100.000000)
909:BR,Player:0cc/cr130r2014f:8sQd,4c9s|/5cKcAd:230,-230(230.000000)
910:Player,BR:0cr200c/r390r390f:4h8c,2c5c|/2s9sTh:-690,690(-690.000000)
911:BR,Player:0cc/r3080f:5d9s,2hAh|/8d8cKc:100,-100(100.000000)
912:Player,BR:0cc/cr876f:2s6c,6sAc|/5c9sJc:-100,100(-100.000000)
913:BR,Player:0r130c/r2014f:7cAc,JdKh|/5s8sQd:230,-230(230.000000)
914:Player,BR:0cc/cr876f:8hJc,4h9c|/JdKhAs:-100,100(-100.000000)
915:BR,Player:0r130c/r2014c/cr1344f:3d6c,2c9c|/2d5dQc/As:-2244,2244(-2244.000000)
916:Player,BR:0cr300c/cr3503f:QsKh,JhKs|/3h4s7c:-400,400(-400.000000)
917:BR,Player:0r130c/r1001f:4c5c,9dJd|/3s7sTs:230,-230(230.000000)
918:Player,BR:0cc/cr1761f:7dTc,JsQs|/3d8sAd:-100,100(-100.000000)
919:BR,Player:0r130c/r1001f:7hTs,2cTc|/5s9sAh:230,-230(230.000000)
920:Player,BR:0cc/cr876f:3c7d,TsQc|/2d7h8h:-100,100(-100.000000)
921:BR,Player:0r130c/r2014f:6sQs,ThJh|/4c5dKd:230,-230(230.000000)
922:Player,BR:0cc/cr876f:7sAh,5dTs|/6h9cKd:-100,100(-100.000000)
923:BR,Player:0r130c/r2014c/cc/cc:3c8c,7sJs|/4h6sJc/5c/6c:2244,-2244(2244.000000)
924:Player,BR:0cr200c/cr427c/r353c/cc:9sKs,8hJd|/3h4hKh/7c/5s:1080,-1080(1080.000000)
925:BR,Player:0f:3cQd,2d8c|:50,-50(50.000000)
926:Player,BR:0cc/cr1761f:5sTh,3c6c|/3hKdAh:-100,100(-100.000000)
927:BR,Player:0r200c/r2627f:2d6h,9cQs|/4hTdTc:300,-300(300.000000)
928:Player,BR:0cc/cr124r236r4028f:6cJc,2hKd|/QsQhAc:-460,460(-460.000000)
929:BR,Player:0cc/r761f:8sJs,7dJc|/2c6sTs:100,-100(100.000000)
930:Player,BR:0cc/cr1761f:3d8d,3h6c|/4h7dTh:-100,100(-100.000000)
931:BR,Player:0r130c/r19770f:2h2c,TcQd|/2s7c9h:230,-230(230.000000)
932:Player,BR:0cc/cr435f:2c8h,6h9s|/3hJhQh:-100,100(-100.000000)
933:BR,Player:0f:TcQd,3dTh|:50,-50(50.000000)
934:Player,BR:0cr130c/cr871c/cc/cc:4c8c,3dJc|/6d8hJs/2c/6c:-1101,1101(-487.487349)
935:BR,Player:0cc/r124c/cr100c/cc:9cJd,4c7h|/4hJsQd/Ac/8h:324,-324(324.000000)
936:Player,BR:0cr300c/r520r4005f:JhAh,5c6h|/9sKcAs:-920,920(-920.000000)
937:BR,Player:0r130c/r1001f:9sTh,8hKd|/4s4hJh:230,-230(230.000000)
938:Player,BR:0cr300c/cr1514c/r100c/cc:TdQd,7sTc|/5dThKs/8d/3s:2014,-2014(-1439.204354)
939:BR,Player:0cc/r435f:6hAh,4s9c|/8h9dJc:100,-100(100.000000)
940:Player,BR:0cr300c/r520r19080f:7dTs,2h2d|/2c4sTh:-920,920(-920.000000)
941:BR,Player:0r130c/r19770f:QsQd,3h4d|/6h6dQh:230,-230(230.000000)
942:Player,BR:0cr300c/cr3503f:TsJc,4d8h|/5s5hTh:-400,400(-400.000000)
943:BR,Player:0cc/r435f:KdAc,4h9d|/4d6d8s:100,-100(100.000000)
944:Player,BR:0cc/r200r2284f:6c9h,2sAc|/7h7dAs:-300,300(-300.000000)
945:BR,Player:0r130c/r142c/cr145c/cr1551c:4dKd,4c6d|/3sKcAs/Ts/5c:2068,-2068(255.169836)
946:Player,BR:0cr300c/cr866f:3s6s,4dKd|/5c8hKc:-400,400(-400.000000)
947:BR,Player:0r130c/r3522f:JdKd,6s8h|/4d9dJh:230,-230(230.000000)
948:Player,BR:0cr300c/cr1741c/r17859f:4c7c,TsJs|/4s5c9c/6h:2141,-2141(2141.000000)
949:BR,Player:0r130c/r871f:8dTd,7dQh|/5sTsTh:230,-230(230.000000)
950:Player,BR:0cr200c/r390r854c/cc/cc:3h4s,8cQs|/3s3cQc/5h/As:1544,-1544(199.431065)
951:BR,Player:0r130c/r1751f:AdAc,6c8c|/2h4dTd:230,-230(230.000000)
952:Player,BR:0cc/cr876f:4dQs,9dTs|/3s3hQc:-100,100(-100.000000)
953:BR,Player:0r130c/r1001f:7dKd,8cQd|/4h6sJs:230,-230(230.000000)
954:Player,BR:0cr200c/r600r3918f:9cTc,4s5d|/4c6dJc:-900,900(-900.000000)
955:BR,Player:0r130c/r2014f:6h7d,8sAh|/3c6cQs:230,-230(230.000000)
956:Player,BR:0cc/cr435f:8hQc,3s5s|/4h7sQh:-100,100(-100.000000)
957:BR,Player:0r200c/r1306f:2d9d,9hQs|/6s7dJs:300,-300(300.000000)
958:Player,BR:0cc/cr876f:6dQs,3d3c|/6s9hAc:-100,100(-100.000000)
959:BR,Player:0r200c/r1306f:TsKs,8hJh|/3c5cAh:300,-300(300.000000)
960:Player,BR:0cr600c/cr3047f:5hKh,JsAs|/8h8c9d:-700,700(-700.000000)
961:BR,Player:0f:2cKd,2s9c|:50,-50(50.000000)
962:Player,BR:0cr200c/cr1306f:7s7h,4h8s|/3hJcKh:-300,300(-300.000000)
963:BR,Player:0f:4s6d,2s5h|:50,-50(50.000000)
964:Player,BR:0cr300c/r520r1309f:9dAd,2s6h|/3sKsAc:-920,920(-920.000000)
965:BR,Player:0r130c/r163c/cr297c/cr2070c:QdAs,5d6d|/5s5cKd/3c/4s:-2760,2760(-131.953257)
966:Player,BR:0cc/cr876f:3dJd,3c4d|/5s8cQs:-100,100(-100.000000)
967:BR,Player:0cc/r379f:JsKh,5sTd|/2h8hQh:100,-100(100.000000)
968:Player,BR:0cr300c/r1200r1200c/r1040f:9dAs,2d3s|/2cAdAc/5h:2800,-2800(2800.000000)
969:BR,Player:0cc/r216f:6c9c,8s9h|/2h6sAh:100,-100(100.000000)
970:Player,BR:0cc/cr1532f:8hKc,QsAs|/6hTsQh:-100,100(-100.000000)
971:BR,Player:0f:5d7h,3h6c|:50,-50(50.000000)
972:Player,BR:0cc/cr876f:6h9d,4cKd|/5s6dTh:-100,100(-100.000000)
973:BR,Player:0r200c/r2627f:4s8c,9cKd|/3sTcKh:300,-300(300.000000)
974:Player,BR:0cc/cr876f:2h5d,6hKh|/4dJsQd:-100,100(-100.000000)
975:BR,Player:0r200c/r1306f:5c9h,4sJc|/3s4dAh:300,-300(300.000000)
976:Player,BR:0cc/cr876f:2h5s,2sQc|/6c9dJd:-100,100(-100.000000)
977:BR,Player:0r130c/r1001f:3dJd,7sJh|/4d4cAc:230,-230(230.000000)
978:Player,BR:0cr130c/r299r4632f:TsTc,6sQd|/3h3d7d:-529,529(-529.000000)
979:BR,Player:0r130c/r2014f:5d7c,3dAd|/9cJcQs:230,-230(230.000000)
980:Player,BR:0cr130c/cr573f:8c9c,JcQs|/4dKhKd:-230,230(-230.000000)
981:BR,Player:0r130c/r2014f:9cJh,QdKh|/4s5hTc:230,-230(230.000000)
982:Player,BR:0cc/cr761f:4c8c,QcAd|/2h7dAc:-100,100(-100.000000)
983:BR,Player:0f:2hQh,3c9h|:50,-50(50.000000)
984:Player,BR:0cc/cr142c/cc/cc:8hKs,9hKh|/7h7cTd/Qs/Ts:0,-0(182.957598)
985:BR,Player:0r130c/r2014f:6hTh,5cAs|/3h6c8c:230,-230(230.000000)
986:Player,BR:0cr300c/cr1741f:7cJd,8dAs|/4h5cQd:-400,400(-400.000000)
987:BR,Player:0r200c/r1306f:5hKh,QsKs|/7d9dAs:300,-300(300.000000)
988:Player,BR:0cc/cr124c/cc/r236c:2d5c,JcAc|/4h4c6d/3h/Jd:460,-460(-189.945278)
989:BR,Player:0f:TdQc,3d7c|:50,-50(50.000000)
990:Player,BR:0cc/cr876f:2dAd,6dAc|/7s7hKs:-100,100(-100.000000)
991:BR,Player:0r130c/r123r682r2576f:QcAh,3s4h|/2h6sKs:1035,-1035(1035.000000)
992:Player,BR:0cr300c/cr1741f:JhAd,7dAc|/2d3d6s:-400,400(-400.000000)
993:BR,Player:0r130c/r871f:9cJh,6cAd|/2c9s9d:230,-230(230.000000)
994:Player,BR:0cr300c/cr3503f:4cAc,TsQc|/2d3h3d:-400,400(-400.000000)
995:BR,Player:0r200c/r2627c/cc/cc:5s9c,9dAd|/6hTdQd/3c/Js:-2927,2927(-2927.000000)
996:Player,BR:0cc/cr1761f:7sAh,3h8s|/9hQsQc:-100,100(-100.000000)
997:BR,Player:0r130c/r2014f:4c6d,8cTc|/7sJsQc:230,-230(230.000000)
998:Player,BR:0cc/cr249f:8cJd,9cTc|/3d4h4c:-100,100(-100.000000)
999:BR,Player:0cc/r876c/cr974f:5s9s,2dAh|/2h3sKc/7c:-976,976(-976.000000)
1000:Player,BR:0cc/cr1761f:7sTc,TsQs|/5h7cJd:-100,100(-100.000000)
RAW BR STATS: n=1000, sum=117598.000000, sum_sq=3176293214.000000, vr_sum=130696.937927, vr_sum_sq=2273435900.799697
BR STATS: 117.598000(110.222146), 130.696938(93.102150)
RESULTS
1)BR: 117598
2)Player: -117598
