In config file: GAME_DEF=game_def.fullholdem
In config file: ACTIONS_R0=F,C
In config file: ACTIONS_R1=F,C
In config file: ACTIONS_R2=F,C
In config file: ACTIONS_R3=F,C
Loading player: rgbr_nl_cprg.so
Player args: /home/viliam/cprg/project_uoapoker/trunk/src/c/meta_player.so /home/viliam/cprg/project_uoapoker/trunk/src/c/acpc14.map
Using seed 13.
1:Player,BR:0cr200c/cc/r150c/cc:7sTs,2cTd|/2d3sAc/Kc/Tc:-450,450(-391.678455)
2:BR,Player:0r130c/cr299c/cr1058c/cr2063f:5cKh,8hKc|/3d4h8d/8c/Qc:-1587,1587(-1587.000000)
3:Player,BR:0cr600f:KsAd,2hKc|:100,-100(100.000000)
4:BR,Player:0f:JdQs,3s7d|:50,-50(50.000000)
5:Player,BR:0cc/cc/r130f:7cJh,2h5h|/4c8dKd/9s:100,-100(100.000000)
6:BR,Player:0r130c/cr299f:3s4c,2s2h|/7hThJd:-230,230(-230.000000)
7:Player,BR:0cc/cc/cc/cc:7hQc,2d6s|/TcKhKc/Ks/Jh:100,-100(46.405115)
8:BR,Player:0r130c/cc/cr460f:4d7h,5cKd|/6h8hQc/Js:-230,230(-230.000000)
9:Player,BR:0cc/cc/cc/r130f:8hTc,8sKh|/3h6dQc/Ts/4s:100,-100(100.000000)
10:BR,Player:0r200f:2c3s,QsQc|:-100,100(-100.000000)
11:Player,BR:0cc/cc/r200f:8dTc,5c7h|/2hTsTh/2c:100,-100(100.000000)
12:BR,Player:0r130c/cr299f:3c6d,6sQs|/ThJcKs:-230,230(-230.000000)
13:Player,BR:0cc/cc/r130c/r115c:2s4c,5dAd|/5cThAh/Td/9h:-345,345(-249.083748)
14:BR,Player:0r130c/cr299f:7dTs,9cKd|/3s4c9h:-230,230(-230.000000)
15:Player,BR:0cr600c/r910c/cc/cc:KhKd,7hKs|/2c9h9d/Js/2d:1610,-1610(21.575517)
16:BR,Player:0r200c/cc/cc/cc:5cQc,6cTc|/6sKhAh/3h/Qh:300,-300(-150.260248)
17:Player,BR:0cc/cc/r300c/r520c:3s4d,8hTc|/3h4cQs/Td/8s:-920,920(-688.529540)
18:BR,Player:0r130c/cr690f:5c8s,6hKh|/6dThQh:-230,230(-230.000000)
19:Player,BR:0cc/cc/cc/r130c:3sTc,JdKh|/7dTdAh/Ks/Kc:-230,230(-226.904380)
20:BR,Player:0cc/cc/cr200c/cc:6sJs,9dTs|/4c9hAh/8d/Kh:-300,300(-82.326590)
21:Player,BR:0cr600f:4cQc,3d4s|:100,-100(100.000000)
22:BR,Player:0cc/cc/cc/cr200c:ThKs,8hJd|/2c8cTs/3s/7d:300,-300(295.719472)
23:Player,BR:0cr600c/cc/cc/cc:ThAs,2sAc|/3h4d9s/8s/Kd:700,-700(682.722424)
24:BR,Player:0r200c/cc/cc/cr600c:4dKs,7h8s|/4cTsAd/Kh/2d:900,-900(900.000000)
25:Player,BR:0cc/cc/cc/r130f:2s5h,8hKd|/4d4c5s/6s/6c:100,-100(100.000000)
26:BR,Player:0cc/cr130c/cc/cc:2cTs,4d9h|/7hJcQd/4c/Qs:-230,230(-161.038269)
27:Player,BR:0cr300c/r520c/cc/r460f:JsQh,9cAc|/3s3hJc/Ts/2d:920,-920(920.000000)
28:BR,Player:0r130c/cr299c/cr687c/cr1580c:6d6c,QcKh|/2s2hQs/7c/9s:-2796,2796(-965.010857)
29:Player,BR:0cc/cc/cc/r300c:2c7s,3sAs|/6dJdKc/Th/8c:-400,400(-361.538064)
30:BR,Player:0r130c/cc/cr299c/cc:6d8d,4hJh|/4dKcAs/Ad/3h:-529,529(-515.965464)
31:Player,BR:0cr300c/cc/r1200c/r2080f:QdAh,5dQh|/3dTdAc/Jc/8s:1600,-1600(1600.000000)
32:BR,Player:0r130c/cc/cc/cc:3dTh,8hKh|/9dAsAh/4s/Tc:230,-230(230.000000)
33:Player,BR:0cr200c/r390c/r345c/r3105f:5sQs,2cJh|/3s4s4d/2s/Ah:1035,-1035(1035.000000)
34:BR,Player:0cc/cc/cc/cc:6s7h,5dQc|/3h7cAd/7d/9c:100,-100(100.000000)
35:Player,BR:0cc/cc/r200c/r150f:9sKh,JcAc|/2d7s9c/3c/Qs:300,-300(300.000000)
36:BR,Player:0r130c/cr299c/cr1058c/cc:9sQs,9dAs|/2s6sAc/4d/7s:1587,-1587(1587.000000)
37:Player,BR:0cc/cc/r200c/cc:5h6d,TcQd|/2h4h7d/Jc/4c:-300,300(-202.149095)
38:BR,Player:0r200c/cc/cc/cr390f:6dTs,6h7s|/6c7cQc/Qh/Jh:-300,300(-300.000000)
39:Player,BR:0cc/cc/cc/cc:3cJh,5s8s|/7sKhKd/2s/Ac:100,-100(79.045175)
40:BR,Player:0f:8s8c,2s9h|:50,-50(50.000000)
41:Player,BR:0cc/cc/r130c/cc:6d8c,4sQd|/7hQhAc/5c/Ts:-230,230(-192.484710)
42:BR,Player:0r130c/cc/cc/cc:9hTs,2sAs|/7c8cJs/5h/Qd:230,-230(230.000000)
43:Player,BR:0cc/cc/cc/r130f:4c8h,3s4d|/2hJhQh/7d/4s:100,-100(100.000000)
44:BR,Player:0r130c/cr299c/cc/cr687c:6dQs,KcAh|/3h8cKd/8d/6h:-1216,1216(-160.378093)
45:Player,BR:0cc/cc/cc/cc:6hJs,8cQc|/2sTcKd/Th/4h:-100,100(-8.858202)
46:BR,Player:0cc/cc/cc/cc:2h4c,6dAs|/2d7c9d/Qh/Kd:100,-100(12.200284)
47:Player,BR:0cc/cc/r130c/r115f:3h7s,9dTs|/6d7dQs/Qh/Ac:230,-230(230.000000)
48:BR,Player:0cc/cc/cc/cc:9cKc,JsKd|/5cTdAc/7s/4s:-100,100(43.202391)
49:Player,BR:0cc/cc/cc/cc:TsQh,5s8s|/7c9s9h/Ah/Ac:100,-100(60.012624)
50:BR,Player:0r130c/cr299c/cc/cc:7sTc,7dJs|/5dTsJc/Qd/9s:-529,529(-309.280986)
51:Player,BR:0cc/cc/cc/cc:3s5c,TcJs|/4sTdAc/3c/Qh:-100,100(-60.258473)
52:BR,Player:0r130c/cc/cc/cc:4d6h,7dKs|/2h3cTs/9c/5h:230,-230(230.000000)
53:Player,BR:0cc/cc/cc/cc:2c9h,JhQh|/5c8sTh/4c/4d:-100,100(44.142538)
54:BR,Player:0r130c/cr299c/cc/cc:4cKh,7d8c|/2h8dJc/Kc/Ad:529,-529(506.532716)
55:Player,BR:0cc/cc/r130c/cc:4sJh,7sAc|/5h8dQh/9c/Ah:-230,230(-220.810893)
56:BR,Player:0cc/cr130f:3h8c,2dQc|/6dTdQs:-100,100(-100.000000)
57:Player,BR:0cc/cc/cc/cc:6d8h,9cJd|/4hJhKc/3c/Ks:-100,100(-86.168106)
58:BR,Player:0r130c/cc/cc/cc:6h9c,8cKs|/9hTcAh/Qs/7d:230,-230(161.177498)
59:Player,BR:0cc/cc/r130c/r299c:2d5c,6c7d|/JcQcAd/7h/9d:-529,529(-104.574275)
60:BR,Player:0r200c/cr390c/cc/cr1380f:9sQs,8sAs|/2c3h8d/Jh/Jd:-690,690(-690.000000)
61:Player,BR:0cc/cc/r130c/cc:9sJd,3cQh|/6h8cAs/8s/8d:-230,230(-45.478139)
62:BR,Player:0r130c/cr299c/cc/cc:TcKd,2dJd|/3h4s5h/7d/8s:529,-529(-290.603654)
63:Player,BR:0cc/cc/cc/cc:5cKh,3d8d|/6h7hJd/Kc/9s:100,-100(85.321072)
64:BR,Player:0r130c/cr299c/cc/cr1058f:3sJc,TsAd|/6c7cAs/4h/4s:-529,529(-529.000000)
65:Player,BR:0cc/cc/cc/cc:3hQd,4c5s|/7d9dAd/6d/Jd:100,-100(9.140038)
66:BR,Player:0r130c/cr299c/cc/cc:QsKh,QhAs|/2d4h4c/7c/8c:-529,529(-261.827459)
67:Player,BR:0cr300c/cc/r200c/cc:8hTs,QhAc|/7dQcKc/7s/6d:-600,600(-511.480705)
68:BR,Player:0r200f:2c5s,7h9h|:-100,100(-100.000000)
69:Player,BR:0cr300c/r800c/r1560c/r3588c:6c8c,8dKc|/7sKsAc/2c/7d:-6348,6348(-5485.653649)
70:BR,Player:0r200c/cr390c/cc/cc:7d9s,8c9d|/3h5sAs/2h/Jc:-690,690(-584.127463)
71:Player,BR:0cr600c/cc/cc/cc:3sAs,8hTh|/2s7c8c/5c/3c:-700,700(-425.469616)
72:BR,Player:0r130c/cc/cc/cr460c:5s8s,7hJs|/6dKcAd/5c/Tc:690,-690(-118.300393)
73:Player,BR:0cr300c/r520c/cc/r1196c:JcQd,7dKd|/2s6hTs/5d/6c:-2116,2116(-223.058361)
74:BR,Player:0f:JdKh,2s7c|:50,-50(50.000000)
75:Player,BR:0cc/cc/cc/cc:9hQc,6c7d|/7cKsAc/4d/2s:-100,100(-74.633577)
76:BR,Player:0r130c/cr299c/cr1058f:8cTc,2s9s|/2c6dQs/3s:-529,529(-529.000000)
77:Player,BR:0cr200c/cc/cc/cc:7hAh,6cAc|/4dThKd/6h/Td:-300,300(-206.247615)
78:BR,Player:0r130c/cc/cc/cc:8cAd,6dAh|/9sQcKd/6c/8h:230,-230(126.670766)
79:Player,BR:0cc/cc/r200c/r900f:3cTh,2h7c|/2dTdTc/Kh/9h:300,-300(300.000000)
80:BR,Player:0cc/cr130f:3c8h,5hKh|/7d9dJd:-100,100(-100.000000)
81:Player,BR:0cr300c/cc/cc/cc:2h2d,2cKs|/6s7dJs/Ad/Kh:-400,400(-290.334829)
82:BR,Player:0r130c/cr299c/cr687c/cc:7d7c,7hQh|/6d8s9h/Ac/Qd:-1216,1216(61.410026)
83:Player,BR:0cc/cc/cc/cc:2cTh,7d8d|/2s3d6h/Qh/Kc:100,-100(99.910558)
84:BR,Player:0r130c/cc/cc/cc:3hKh,2h2c|/3s6d8h/5s/Qs:230,-230(156.473000)
85:Player,BR:0cc/cc/cc/r130c:6hJs,5hJd|/4d7sTc/4c/Jc:0,-0(-180.332281)
86:BR,Player:0r130c/cc/cr115c/cr448c:9sQs,9dAs|/4h5hJh/9c/7d:-793,793(134.114924)
87:Player,BR:0cc/cc/cc/r130c:4sQh,4hJs|/9hJcAd/5c/3c:-230,230(-139.345864)
88:BR,Player:0r130c/cr299c/cr1058c/cr3174f:2d7s,5cQd|/2s5s8d/Qh/Ts:-1587,1587(-1587.000000)
89:Player,BR:0cc/cc/cc/cc:2hJs,2c9s|/4hQcKh/7s/7h:100,-100(80.390609)
90:BR,Player:0r200c/cc/cr390c/cr1380c:8sJh,4s5s|/ThQhQd/7c/Ts:2070,-2070(1533.658605)
91:Player,BR:0cc/r130c/r460f:7dJs,KdAc|/4s5dJc/6d:230,-230(230.000000)
92:BR,Player:0r130c/cc/cc/cc:9sAs,4dKd|/3d9dAh/Qs/4c:230,-230(230.000000)
93:Player,BR:0cr600c/r910c/cc/cc:8sJc,7dAs|/2d4cAh/Ad/Qs:-1610,1610(-1515.715477)
94:BR,Player:0r130c/cc/cc/cc:2s6d,3d6h|/7h9sKd/4s/3c:-230,230(-230.000000)
95:Player,BR:0cc/cc/cc/cc:6h9d,4hAh|/9cTcQs/Kc/Kh:100,-100(45.015398)
96:BR,Player:0cc/cc/cc/cc:TdKh,3h6d|/4d6sTc/Qh/As:100,-100(100.000000)
97:Player,BR:0cc/cc/cc/r130f:8dTh,3d7s|/4sQsKd/Qh/Td:100,-100(100.000000)
98:BR,Player:0r200c/cr390c/cc/cr897f:4d8h,9sQc|/2hTcQh/8s/9c:-690,690(-690.000000)
99:Player,BR:0cc/cc/cc/cc:5sTs,2s6h|/TdJcKc/7c/7d:100,-100(70.721103)
100:BR,Player:0r200c/cc/cc/cc:3d8c,2cAs|/4s8hTh/2h/Qc:300,-300(265.826978)
101:Player,BR:0cc/cc/cc/cc:4hKd,2h3h|/2s9cJh/Ac/Js:-100,100(-61.795211)
102:BR,Player:0r130c/cc/cr299c/cc:9sJc,5sAd|/6h8d8c/8s/Js:529,-529(529.000000)
103:Player,BR:0cr300c/cc/r200c/r1800c:5dQc,9hQd|/7d8hTs/9s/8d:-2400,2400(-107.829417)
104:BR,Player:0f:4s9s,2c6h|:50,-50(50.000000)
105:Player,BR:0cc/cc/cc/cc:7hQh,2sQs|/3s8sTh/6c/Ts:-100,100(-96.284538)
106:BR,Player:0f:2h7c,3s8h|:50,-50(50.000000)
107:Player,BR:0cr600f:KdAd,2c6s|:100,-100(100.000000)
108:BR,Player:0r130c/cc/cr299c/cr1058c:3dJs,TsKd|/3hThAs/5h/Kc:-1587,1587(-401.324383)
109:Player,BR:0cr300c/cc/cc/r200f:2sJs,8s9s|/4hTsTc/Jc/5d:400,-400(400.000000)
110:BR,Player:0r130c/cr690f:7s8c,JdAh|/4cKdAs:-230,230(-230.000000)
111:Player,BR:0cr200c/cc/r150c/r585f:2dJd,2cQh|/3c8hJs/3d/4c:450,-450(450.000000)
112:BR,Player:0cc/cr130c/cc/cc:3c8d,5hJs|/3h7cQh/5s/2s:-230,230(-142.403821)
113:Player,BR:0cc/cc/r130c/cc:7cTs,5dTh|/6d8hQc/6h/7s:230,-230(230.000000)
114:BR,Player:0r130c/cr299c/cr1058c/cr3174c:JcKd,7sJd|/2h5s6s/4c/6d:4761,-4761(4761.000000)
115:Player,BR:0cc/cc/cc/cc:3cJd,9dTd|/3d5c6s/4s/Qc:100,-100(100.000000)
116:BR,Player:0cc/cc/cr130c/cr460f:3cJh,2hKs|/7hKhAh/Qd/As:-230,230(-230.000000)
117:Player,BR:0cr200c/cc/cc/r150c:KcAh,5sAd|/2c9dTc/5d/5c:-450,450(-382.214716)
118:BR,Player:0r130c/cc/cc/cc:7sAs,6sAc|/4d7h8h/Qd/6h:230,-230(218.000335)
119:Player,BR:0cc/cc/r300c/r520c:3s9h,4c7c|/6cKdAc/8h/9c:-920,920(-920.000000)
120:BR,Player:0r130c/cr299c/cc/cc:2sAc,4c7c|/3h9dQc/7h/Qh:-529,529(43.640830)
121:Player,BR:0cr300c/r800c/cc/r3600f:QhAh,TdKs|/4d7sAs/6c/Ad:1200,-1200(1200.000000)
122:BR,Player:0r200c/cc/cr390c/cc:5sQh,8c9c|/3hJhQc/4h/9s:690,-690(690.000000)
123:Player,BR:0cc/cc/cc/cc:2sAh,4c5s|/2h8d9h/Qs/As:100,-100(96.548794)
124:BR,Player:0r200c/cc/cc/cc:3d6s,8hAc|/3h7sQs/4h/Jc:300,-300(177.749799)
125:Player,BR:0cr200c/cc/cc/cc:8cKc,3c5d|/3dQhQd/4h/Jd:-300,300(-143.398103)
126:BR,Player:0r130c/cc/cr115f:3cKc,6sAs|/7h9hJs/Th:-230,230(-230.000000)
127:Player,BR:0cc/cc/cc/r300f:4h7d,9cJh|/7sTsTc/Ah/7c:100,-100(100.000000)
128:BR,Player:0r200c/cr390f:6s8h,QhKh|/9cTcQc:-300,300(-300.000000)
129:Player,BR:0cr600f:8dQc,3h9d|:100,-100(100.000000)
130:BR,Player:0r130c/cc/cc/cc:7hTd,8hQh|/4cJsKs/4s/2h:-230,230(-226.482414)
131:Player,BR:0cc/cc/cc/r200c:2c9s,7hJs|/5s9hTc/8d/Ad:-300,300(-295.856839)
132:BR,Player:0r130c/cr460f:4c5s,3d5d|/2cQsKh:-230,230(-230.000000)
133:Player,BR:0cr300f:7s7c,3d6s|:100,-100(100.000000)
134:BR,Player:0r130c/cr299c/cc/cc:6h8d,QhKd|/6c8cTd/2s/2d:529,-529(529.000000)
135:Player,BR:0cc/cc/cc/cc:5c8c,5hQd|/2cThJh/2d/Js:-100,100(6.095584)
136:BR,Player:0f:6dQd,2s3c|:50,-50(50.000000)
137:Player,BR:0cc/cc/cc/r300f:5cAh,3s8d|/2cTsQc/9h/Ac:100,-100(100.000000)
138:BR,Player:0r130c/cc/cc/cr299f:3dQs,6cJh|/7d7cJs/8s/7s:-230,230(-230.000000)
139:Player,BR:0cr300c/r520c/r1196c/r2750f:KcAc,2dKh|/3c4dAd/Qs/8c:2116,-2116(2116.000000)
140:BR,Player:0cc/cr130c/cc/cc:9dQh,6d8d|/2h4d5c/Tc/2c:230,-230(-140.833492)
141:Player,BR:0cc/cc/cc/cc:5cAs,KsKd|/2d3c4d/9h/Qs:100,-100(-89.291549)
142:BR,Player:0cc/cr130c/cc/cc:TdAc,4c8h|/3c4dKd/2h/5s:230,-230(230.000000)
143:Player,BR:0cc/cc/r130f:6cAh,3d8s|/4h6hKs/2h:100,-100(100.000000)
144:BR,Player:0cc/cr130c/cc/cr299c:JdAd,4hTs|/3s9cKh/8c/9h:529,-529(305.695153)
145:Player,BR:0cc/cc/cc/cc:3cQd,8cJs|/3s7hKh/Jd/Kc:-100,100(-94.665407)
146:BR,Player:0r130c/cr299c/cr1058c/cr2063f:5sAh,JcAd|/3h8sAs/2d/9c:-1587,1587(-1587.000000)
147:Player,BR:0cr200c/cc/r390c/r1380c:7c8d,JhKd|/9hJcQh/5d/Ad:-2070,2070(-1682.846695)
148:BR,Player:0r130c/cc/cc/cc:9dKh,4sAh|/7s8hTc/Jh/8d:230,-230(230.000000)
149:Player,BR:0cr200c/r390c/r897c/r317c:TsKh,6hJh|/2cJcKd/6d/9h:-1904,1904(-1904.000000)
150:BR,Player:0r130c/cr299c/cc/cc:7hJs,8dQc|/2h6cTh/As/7d:529,-529(268.247317)
151:Player,BR:0cc/cc/r130c/r115c:9dTc,4h8s|/4s8dJc/3c/2d:-345,345(-306.715751)
152:BR,Player:0f:6c8s,2s9h|:50,-50(50.000000)
153:Player,BR:0cc/cc/cc/r130c:2cTs,3d5h|/5d9hQs/Tc/8c:230,-230(50.594514)
154:BR,Player:0cc/cc/cr130f:3dKs,TcKd|/4s4c9c/Th:-100,100(-100.000000)
155:Player,BR:0cc/cc/cc/cc:5hJd,9cTh|/3cKsAs/7c/2c:100,-100(74.315971)
156:BR,Player:0r130c/cr299f:8c9s,2sQs|/TsKdAh:-230,230(-230.000000)
157:Player,BR:0cr300c/r800c/r1560c/cc:9sQs,9d9c|/3c6d9h/2s/Ah:-2760,2760(-2599.677578)
158:BR,Player:0f:5d9d,2c6s|:50,-50(50.000000)
159:Player,BR:0cc/cc/cc/cc:7dKs,2sQs|/5s9hJd/3d/Th:100,-100(77.918722)
160:BR,Player:0r130c/cr299c/cc/cc:TsQh,3sAh|/5d6sTc/6h/Jc:529,-529(529.000000)
161:Player,BR:0cr300c/cc/r200f:2s3s,9hQh|/3c7d7c/6c:400,-400(400.000000)
162:BR,Player:0r130c/cr460c/cr897c/cc:KsAc,5h7d|/4d6d9h/5c/Jd:-1587,1587(-1308.018575)
163:Player,BR:0cc/cc/r130c/r299f:3h8s,6d7s|/6sJhJd/8c/4h:230,-230(230.000000)
164:BR,Player:0cc/cr300f:2d6s,3c6d|/7hQhKh:-100,100(-100.000000)
165:Player,BR:0cc/cc/cc/r130c:4d6h,4cKs|/6cThJc/3d/Kd:-230,230(-137.600380)
166:BR,Player:0r130c/cc/cr690c/cr1840f:3dJc,5h5d|/3h3cTh/5s/2s:-920,920(-920.000000)
167:Player,BR:0cc/cc/cc/r130c:3dJh,3c4h|/2c8cKc/8s/3h:0,-0(-57.590943)
168:BR,Player:0r130c/cc/cr460c/cr897c:7sAs,7hJh|/5s6sAc/2c/8s:1587,-1587(1587.000000)
169:Player,BR:0cc/cc/r130c/r299c:5c6h,JsQh|/7h8sTh/Ah/Ts:-529,529(129.925112)
170:BR,Player:0r130c/cr460c/cc/cc:2cQd,7sQs|/3h8sJc/6h/Ad:-690,690(-258.084388)
171:Player,BR:0cr200c/cc/r150c/cc:JdAd,5cJc|/4h8cQd/4s/8d:450,-450(365.198526)
172:BR,Player:0cc/cc/cr130c/cr690c:JcAd,6d9d|/4h9hAh/6s/As:920,-920(907.895171)
173:Player,BR:0cr300c/cc/r520c/cc:3d5c,7c9c|/9dTdQd/9s/6h:-920,920(-879.586568)
174:BR,Player:0r200c/cr600c/cc/cc:8hAh,3dJc|/7dTsJd/8d/Qh:-900,900(-31.797136)
175:Player,BR:0cr300c/cc/r520c/r1196c:7h7d,7c8s|/6c7s9s/5h/9c:2116,-2116(-1538.197258)
176:BR,Player:0r200c/cc/cr150c/cc:3h5s,TsAs|/4c7sKh/4d/Kc:-450,450(-450.000000)
177:Player,BR:0cc/cc/cc/r300c:2c3d,2dQh|/8cTdJs/Ks/As:-400,400(-391.598841)
178:BR,Player:0r130c/cr460c/cr897c/cc:6hKd,KsKc|/3d7cTh/6c/5s:-1587,1587(-774.138716)
179:Player,BR:0cc/cc/cc/cc:4s5d,2h4h|/5c7hJh/6c/Js:100,-100(100.000000)
180:BR,Player:0r130c/cr460c/cr897c/cr18413c:6cAd,2h2d|/8cTdQd/3h/Kd:-20000,20000(-272.476120)
181:Player,BR:0cr600c/cc/cc/r350c:JdJc,9hQc|/5cKsAh/3s/4d:1050,-1050(-197.173989)
182:BR,Player:0f:2c5c,2s7h|:50,-50(50.000000)
183:Player,BR:0cr200c/cc/r150f:7sKs,5d9d|/7cAdAc/2s:300,-300(300.000000)
184:BR,Player:0f:JhJd,2s7c|:50,-50(50.000000)
185:Player,BR:0cr600c/cc/cc/cc:JhAs,9sTc|/6h7sTh/Kh/4s:-700,700(-502.737772)
186:BR,Player:0r200c/cc/cc/cr390f:8dJs,6d7h|/5cTsKs/Kh/6c:-300,300(-300.000000)
187:Player,BR:0cr130c/r460f:7s7c,5d8h|/7dTdQd:230,-230(230.000000)
188:BR,Player:0cc/cr130f:2c9s,3hQc|/3d7sQs:-100,100(-100.000000)
189:Player,BR:0cc/cc/cc/r130c:2dTc,6d9h|/6hThAd/Kh/9d:-230,230(-200.292488)
190:BR,Player:0cc/cr130f:3d8s,JhKc|/2sTcJc:-100,100(-100.000000)
191:Player,BR:0cc/cc/cc/r130f:3cJd,5s9s|/3h8hKs/2h/7d:100,-100(100.000000)
192:BR,Player:0r130c/cr299c/cc/cc:6sAd,5h7s|/3h4h7d/8h/4s:-529,529(-212.138108)
193:Player,BR:0cc/cc/cc/cc:4h6s,4c9c|/2s7sKh/Jh/Js:-100,100(71.258781)
194:BR,Player:0cc/cc/cc/cr130f:5cJh,2cKd|/4h7hQc/Kc/7d:-100,100(-100.000000)
195:Player,BR:0cr200c/cc/cc/r150c:8sJs,7h9s|/5s5cKd/Ac/Jc:450,-450(210.471320)
196:BR,Player:0r200c/cr390c/cr1380c/cc:3h6d,4sQh|/3d5c9h/Js/Ts:2070,-2070(-544.414039)
197:Player,BR:0cc/cc/cc/cc:3dTs,5d6d|/3sTcAd/Kd/2c:100,-100(95.480499)
198:BR,Player:0r130c/cr299c/cr687c/cc:9sTs,4d6c|/2c3h8c/7h/Ah:1216,-1216(-1049.179473)
199:Player,BR:0cc/cc/cc/cc:8sTc,2dQc|/5h5d7h/Ad/7d:0,-0(11.254273)
200:BR,Player:0r200c/cr390c/cc/cc:4dQs,7dTd|/5c7sAs/8h/Jd:-690,690(-569.675135)
201:Player,BR:0cr200c/cc/r150f:JdKc,3c9h|/4d7hQd/Js:300,-300(300.000000)
202:BR,Player:0cc/cc/cc/cr130c:TcKc,8cTs|/TdQdKs/6d/4c:230,-230(230.000000)
203:Player,BR:0cc/cc/cc/cc:4sQs,TcKs|/5sQhKd/Ac/Td:-100,100(-76.060181)
204:BR,Player:0r130c/cr299c/cc/cc:7dQd,3cAh|/5c6dQs/5h/Js:529,-529(529.000000)
205:Player,BR:0cc/cc/cc/r130f:6sJd,ThQd|/4d8c9d/4c/2d:100,-100(100.000000)
206:BR,Player:0r130c/cc/cc/cc:JhQs,6dTs|/2sThKd/Ac/4c:230,-230(230.000000)
207:Player,BR:0cc/cc/cc/cc:3hQs,5cTc|/2d5d7d/3d/Js:-100,100(19.066309)
208:BR,Player:0f:QcAc,3d8s|:50,-50(50.000000)
209:Player,BR:0cr200c/cc/cc/r150f:TsTd,7cJs|/3s8cQs/Kc/8s:300,-300(300.000000)
210:BR,Player:0r130c/cr299c/cr687c/cr1580c:3cKc,2d5d|/4c8sTs/Qd/8h:2796,-2796(1941.127925)
211:Player,BR:0cc/cc/cc/r130f:5hTd,3d4c|/2h6c7s/6h/Th:100,-100(100.000000)
212:BR,Player:0r130c/cr299c/cc/cc:9dJs,8d9h|/4d6hAh/Jc/3d:529,-529(529.000000)
213:Player,BR:0cc/cc/r130c/cc:6c7h,2s5d|/2d2c6s/7c/7s:230,-230(-172.279227)
214:BR,Player:0r200c/cc/cc/cc:3cAd,4hKc|/9s9cAh/8c/Qs:300,-300(300.000000)
215:Player,BR:0cc/cc/r200c/r150c:JsQd,ThTd|/6h7h8h/9s/Ac:-450,450(-394.504318)
216:BR,Player:0r130c/cr299f:4c8d,4d8c|/2h3hQs:-230,230(-230.000000)
217:Player,BR:0cr200c/cc/cc/r150c:7h7d,8sQh|/2d8c9d/Qs/4s:-450,450(-401.117747)
218:BR,Player:0r130c/cc/cc/cr299f:2cJd,5cAh|/3s3hTh/As/Qd:-230,230(-230.000000)
219:Player,BR:0cc/cc/cc/cc:3cQd,3dTd|/2s2dJh/Jc/5s:100,-100(47.110333)
220:BR,Player:0r200c/cr600c/cr2700c/cc:4hJc,QhQc|/4d5cTh/Jh/2d:3600,-3600(3600.000000)
221:Player,BR:0cc/cc/cc/r130c:2dTh,3c4c|/3s7sKs/3d/6d:-230,230(-206.559027)
222:BR,Player:0r130c/cc/cc/cc:3sTc,6cKs|/2s4c7d/7h/8d:-230,230(-230.000000)
223:Player,BR:0cc/cc/cc/cc:3cKc,7dTh|/3sTdAd/4d/Js:-100,100(-66.431221)
224:BR,Player:0r200c/cc/cc/cc:6cQc,4dKd|/7s8cAh/7c/Js:-300,300(-281.946454)
225:Player,BR:0cr300c/r520c/r1196c/cc:3h4h,5d9h|/5sTdAd/7d/9s:-2116,2116(-2116.000000)
226:BR,Player:0f:8cKh,2dTs|:50,-50(50.000000)
227:Player,BR:0cr300c/cc/cc/cc:5c9d,7hQc|/4c5d6h/Kd/3h:-400,400(-397.353168)
228:BR,Player:0r130c/cr299c/cc/cc:8s9d,7sQh|/3s6cTd/As/Ts:-529,529(-364.536636)
229:Player,BR:0cc/cc/cc/r130c:5d8s,6hQh|/2d3hJd/As/6s:-230,230(-110.301425)
230:BR,Player:0r130c/cc/cc/cc:2s3h,7dKc|/6d9dAh/Qc/Tc:-230,230(-230.000000)
231:Player,BR:0cc/cc/cc/r130f:7cKd,2c3c|/2d7hTs/Jh/6c:100,-100(100.000000)
232:BR,Player:0r300f:3h9c,6c8c|:-100,100(-100.000000)
233:Player,BR:0cr130c/r1380c/r2093c/cc:8s9s,KdKc|/3h7sJc/3d/4d:-3703,3703(-3703.000000)
234:BR,Player:0r130c/cc/cc/cr460f:4cQc,4h5h|/5s7dJh/8h/9h:-230,230(-230.000000)
235:Player,BR:0cc/cc/r130c/r460f:8dJs,JdKd|/4d5hTs/9d/9s:230,-230(230.000000)
236:BR,Player:0r130c/cr690c/cc/cc:JhQh,TcQc|/2c4hTs/3h/As:-920,920(129.592143)
237:Player,BR:0cr300c/cc/r520c/cc:5s7s,6hAc|/9dThJc/3c/7h:920,-920(899.102748)
238:BR,Player:0r300c/cc/cc/cc:JcQs,2sAd|/6s9cTc/Qd/2d:400,-400(400.000000)
239:Player,BR:0cc/cc/r200c/cc:2hTs,TcJh|/4h9hKd/Qd/6h:-300,300(-271.259182)
240:BR,Player:0r130c/cr299f:2hJs,3c9c|/4h6s9s:-230,230(-230.000000)
241:Player,BR:0cc/cc/cc/cc:4c8d,4sQh|/3c8s8h/2s/7d:100,-100(56.950473)
242:BR,Player:0r130c/cr1380f:3h7c,3dJs|/5dQsKs:-230,230(-230.000000)
243:Player,BR:0cc/cc/cc/r200c:3sTs,6sQc|/6c8sAc/7c/5h:-300,300(-263.317137)
244:BR,Player:0cc/cc/cc/cr300f:3d5c,3hJc|/2s6hKs/Jh/9s:-100,100(-100.000000)
245:Player,BR:0cc/cc/cc/r130f:3hAc,8hTd|/JsQsKd/Qd/Kc:100,-100(100.000000)
246:BR,Player:0r200c/cr390c/cc/cr897f:4s6h,3h7h|/2s4h9d/8h/Th:-690,690(-690.000000)
247:Player,BR:0cc/cc/cc/cc:2c7d,2d3c|/ThQdAs/Kc/Jc:0,-0(0.000000)
248:BR,Player:0r130c/cc/cc/cr299f:2cJs,ThTd|/5d5cKd/Qc/9h:-230,230(-230.000000)
249:Player,BR:0cc/cc/r130c/r299f:5s9c,4d4c|/2c9hJh/Js/5d:230,-230(230.000000)
250:BR,Player:0f:KdAh,2c8h|:50,-50(50.000000)
251:Player,BR:0cr300c/cc/r520f:2hTh,6dKc|/5h7hTs/9s:400,-400(400.000000)
252:BR,Player:0f:9cJc,2c3s|:50,-50(50.000000)
253:Player,BR:0cc/cc/cc/r130c:4c5h,KcAs|/7sThAd/5d/7d:-230,230(-206.759154)
254:BR,Player:0r200c/cc/cc/cc:3hQs,TdQh|/6dAdAc/2c/2h:0,-0(-129.559001)
255:Player,BR:0cc/cc/r300f:9sQc,2c5d|/TcJsQh/6h:100,-100(100.000000)
256:BR,Player:0f:2d7d,4h9d|:50,-50(50.000000)
257:Player,BR:0cc/cc/r200c/cc:8dQc,JhQs|/3c8cTs/4h/9c:-300,300(-286.252352)
258:BR,Player:0r130c/cr299c/cc/cc:9hAc,2dTd|/2s4hQh/8d/Js:-529,529(-179.098424)
259:Player,BR:0cc/cc/cc/cc:3h7s,8hTh|/3d5h6c/2d/4c:100,-100(7.132749)
260:BR,Player:0r130c/cr299f:2d3d,8sQc|/TcJsAh:-230,230(-230.000000)
261:Player,BR:0cc/cc/cc/r130c:4h8d,TsAs|/6sQcKc/6c/Jc:-230,230(-84.930722)
262:BR,Player:0r200c/cc/cc/cc:5hTd,7dAh|/2d3hQs/Jh/Jc:-300,300(-300.000000)
263:Player,BR:0cc/cc/cc/r300f:3dQd,4dAc|/5d8cQc/2h/6c:100,-100(100.000000)
264:BR,Player:0r130c/cr299c/cc/cc:8dKh,4c9c|/3hTsQh/Th/3d:529,-529(481.332744)
265:Player,BR:0cr130c/cc/r115c/r172c:TdAh,6s6d|/6h8s9h/Tc/4s:-517,517(-517.000000)
266:BR,Player:0cc/cr200c/cr390c/cc:9cJd,3h7h|/9hTcKs/6s/7s:690,-690(-317.369028)
267:Player,BR:0cc/cc/r130c/r299c:6cKh,TdJs|/6s7d9d/Kd/4c:529,-529(96.654419)
268:BR,Player:0cc/cr200c/cr390c/cr2070f:QhAd,8h8c|/8dQcAh/5h/2h:-690,690(-690.000000)
269:Player,BR:0cr300c/cc/r800c/cc:JcQs,4sAs|/2c8dTs/Tc/6h:-1200,1200(-462.108416)
270:BR,Player:0r130c/cc/cr115c/cr690c:7cTc,3s6s|/9hJsQh/Qc/9d:0,-0(-22.344374)
271:Player,BR:0cc/cc/r130f:3d7c,3c8s|/JdAdAc/Ks:100,-100(100.000000)
272:BR,Player:0r200c/cc/cc/cc:8sJd,8cKh|/7sTdQs/Ts/2d:-300,300(-300.000000)
273:Player,BR:0cc/cc/cc/cc:3sJh,2d7d|/5hQsQc/Ks/5d:0,-0(44.566902)
274:BR,Player:0r130c/cc/cr115c/cc:5dJc,9cJd|/7hTsTd/5c/Tc:345,-345(345.000000)
275:Player,BR:0cr200c/cc/r150c/r225f:7hKs,6d8s|/TdKcAs/9h/3c:450,-450(450.000000)
276:BR,Player:0r130c/cc/cc/cr690c:ThQh,5h6d|/9sTcAc/Ah/8c:920,-920(450.642320)
277:Player,BR:0cr130c/cc/cc/cc:4h5c,6cKc|/2d3dAh/2s/8h:230,-230(-158.828931)
278:BR,Player:0r200c/cr390c/cr897f:TdAd,8c9s|/6d7sQs/4s:-690,690(-690.000000)
279:Player,BR:0cr130c/cc/cc/cc:QdKs,2h4s|/6h8dAc/3h/2c:-230,230(-181.089683)
280:BR,Player:0r130c/cc/cc/cc:JdKs,JsAd|/3c7h7d/9c/Qs:-230,230(-80.261015)
281:Player,BR:0cr130c/cc/cc/cc:9dJd,2hQd|/6hQcAh/Qh/5s:-230,230(-209.690600)
282:BR,Player:0r200c/cc/cr390c/cc:3d7h,7dQd|/5c6hKd/3c/Jh:690,-690(-123.962261)
283:Player,BR:0cc/cc/cc/cc:5sTd,3d4d|/5d6s7c/Js/4s:-100,100(-64.923838)
284:BR,Player:0r200c/cc/cc/cr390f:5dKc,7s8c|/7d9sJd/4c/8d:-300,300(-300.000000)
285:Player,BR:0cr200c/cc/r150c/cc:8sKc,8dJd|/5sAhAd/6c/2d:450,-450(423.117615)
286:BR,Player:0r130c/cr299c/cc/cr687c:ThJd,6sQd|/4h5sAs/2c/Td:1216,-1216(86.840262)
287:Player,BR:0cc/cc/cc/cc:2h5d,2c7s|/2d5c6d/3h/4d:-100,100(-91.379160)
288:BR,Player:0r300f:2c6s,5hTc|:-100,100(-100.000000)
289:Player,BR:0cc/cc/cc/cc:8c9d,5hJs|/TcJcAs/Ks/Td:-100,100(-27.337482)
290:BR,Player:0cc/cc/cc/cc:4s7h,8dJc|/2hQcKh/6h/Qs:-100,100(-100.000000)
291:Player,BR:0cc/cc/cc/r200c:4sJd,5s7c|/3c8sQh/5c/6s:-300,300(-98.140615)
292:BR,Player:0r200c/cc/cr150c/cr1350c:5dAh,QdAs|/3h9cKs/Ad/5s:1800,-1800(1576.430697)
293:Player,BR:0cr130c/cc/cc/r299f:4c8c,7cKc|/3sTsTd/9s/4d:230,-230(230.000000)
294:BR,Player:0r130c/cr460c/cr2070c/cr8280c:8cAc,8dAh|/6cJhAs/8h/2d:0,-0(-0.000000)
295:Player,BR:0cc/cc/r130c/r299f:3dAs,TdQc|/5s8dKc/Ad/8c:230,-230(230.000000)
296:BR,Player:0r200c/cr390f:7d8h,8cKh|/6hKdKc:-300,300(-300.000000)
297:Player,BR:0cr300c/cc/r520c/r1196c:JhAh,5hAs|/4hJsQc/8h/3c:2116,-2116(-118.887234)
298:BR,Player:0r130c/cr299c/cc/cc:8cKs,4s5c|/2h8sJh/Td/Kd:529,-529(529.000000)
299:Player,BR:0cr300c/r520c/cc/cc:5sQs,6dJd|/2h4d5h/3c/Qh:-920,920(-767.569568)
300:BR,Player:0cc/cr300c/cr800c/cc:6s8s,TdJd|/7s8dQd/3c/Tc:-1200,1200(-1200.000000)
301:Player,BR:0cr200c/cc/r390c/r138c:JdAc,4hKs|/TsKdAd/4s/Qs:828,-828(43.190233)
302:BR,Player:0r130c/cr299c/cr105c/cr3804c:6h7c,3cJd|/7h8dQd/2s/5h:4438,-4438(4438.000000)
303:Player,BR:0cr300c/cc/cc/r200f:5dJd,7hTh|/4c6h7s/Js/Ah:400,-400(400.000000)
304:BR,Player:0f:4h8s,3d7s|:50,-50(50.000000)
305:Player,BR:0cc/cc/r300c/r800f:5s7d,3sJh|/5d7sQh/Ad/3d:400,-400(400.000000)
306:BR,Player:0r200c/cc/cc/cc:4hJs,8sTh|/6sTcQs/Kd/6d:-300,300(-291.925085)
307:Player,BR:0cr200c/cc/cc/cc:KsKd,QsAs|/3sTsAc/4c/2d:-300,300(-249.830121)
308:BR,Player:0f:8h9h,2s3h|:50,-50(50.000000)
309:Player,BR:0cc/cc/cc/cc:4h8d,3sKd|/6hAhAd/3h/6s:-100,100(-80.140667)
310:BR,Player:0r200c/cc/cr150c/cc:7hKc,3sQd|/3d5dAd/2h/Kh:450,-450(353.657121)
311:Player,BR:0cr300c/cc/r200c/r1200c:7hJd,5sJc|/8dJsKh/Kd/Kc:0,-0(0.000000)
312:BR,Player:0r130c/cc/cr299c/cr3174f:2c5s,QdKs|/5cTsAc/Jc/2h:-529,529(-529.000000)
313:Player,BR:0cr200c/r600c/cc/r450c:JdQh,QcKh|/8dJsQs/8c/Kc:-1350,1350(-1350.000000)
314:BR,Player:0r130c/cc/cc/cc:TdAc,JcKc|/9cTsTc/4d/7s:230,-230(230.000000)
315:Player,BR:0cc/cc/cc/cc:4s9d,QdAd|/4d7c8d/Jh/Ac:-100,100(-83.093946)
316:BR,Player:0r200c/cc/cc/cr390c:2cJs,KdKc|/2d8dAh/9d/6c:-690,690(-178.974439)
317:Player,BR:0cr300c/cc/r200c/r780c:5c9h,2hQh|/TsTcQs/Ad/Kc:-1380,1380(-1144.081822)
318:BR,Player:0r130c/cr299c/cc/cc:3dTh,JhQs|/KdAhAc/5c/Qc:-529,529(-199.241359)
319:Player,BR:0cr200c/cc/cc/cc:TdKd,5hKh|/3h4s8c/4d/6d:300,-300(224.367079)
320:BR,Player:0r130c/cc/cc/cc:2d7h,8cKh|/3sThAh/2h/Tc:230,-230(219.790455)
321:Player,BR:0cc/cc/cc/cc:3s6c,9sKs|/5cKhAc/8s/3c:-100,100(-82.114842)
322:BR,Player:0r130c/cc/cc/cc:5hKh,QdAh|/8c9sJs/Kc/6h:230,-230(230.000000)
323:Player,BR:0cc/cc/cc/r130f:8s9h,6dQc|/9cTcJd/Qs/5s:100,-100(100.000000)
324:BR,Player:0r130c/cc/cr115f:8dTh,5sJd|/2h4hQd/7c:-230,230(-230.000000)
325:Player,BR:0cc/cc/cc/cc:5cKh,QsAc|/4d6d6c/Qc/9d:-100,100(-85.637768)
326:BR,Player:0f:8dAc,2c7d|:50,-50(50.000000)
327:Player,BR:0cr200c/cc/r150c/cc:6h9d,2hAd|/KsAhAc/2d/Th:-450,450(-440.844048)
328:BR,Player:0r200c/cc/cr390c/cr897c:6s7d,8dKh|/5h6dKs/4d/8s:1587,-1587(1587.000000)
329:Player,BR:0cc/cc/cc/r130c:4hJc,4dQs|/6d9dKs/5d/7s:-230,230(94.252519)
330:BR,Player:0r130c/cc/cr115c/cc:JcKd,JdKs|/4c8sAs/4s/2c:0,-0(-56.401437)
331:Player,BR:0cc/cc/cc/cc:2cQh,QdAh|/KhKcAd/8h/3d:-100,100(-90.281697)
332:BR,Player:0r130c/cc/cc/cr460f:8cQs,7dKs|/3c4sTc/Jd/5d:-230,230(-230.000000)
333:Player,BR:0cc/cc/cc/r130c:4s8c,5dQc|/9hQdKc/6d/7h:-230,230(-152.592891)
334:BR,Player:0f:3hAc,2h7s|:50,-50(50.000000)
335:Player,BR:0cr300c/cc/cc/cc:2cJc,QdQc|/QsQhAd/Ks/Kc:-400,400(-399.646740)
336:BR,Player:0r130c/cc/cr299c/cr1587c:7dKs,7s8c|/3h6hKc/As/9h:2116,-2116(1685.608098)
337:Player,BR:0cc/cc/cc/cc:JsQh,4dKs|/4hTsKd/6c/7h:-100,100(-97.458740)
338:BR,Player:0r130c/cc/cr299c/cr687f:5c8s,JsJh|/4h5sAc/Jc/As:-529,529(-529.000000)
339:Player,BR:0cr130c/cc/r115c/r172c:7s8d,JsAs|/2h8sJh/Qc/3s:-517,517(-64.777650)
340:BR,Player:0r130c/cc/cc/cr299c:3cQc,7cAc|/8sThKh/Ks/8d:-529,529(-215.768824)
341:Player,BR:0cc/cc/r130f:4s5h,4d8s|/9sQhQd/5s:100,-100(100.000000)
342:BR,Player:0r300c/cc/cr200c/cc:4h6h,5cQh|/4s5d8d/6c/2s:600,-600(600.000000)
343:Player,BR:0cr130c/cc/cc/r299c:7hAd,6sKs|/7cJsKh/2c/5c:-529,529(-424.088987)
344:BR,Player:0f:7dTh,3h7s|:50,-50(50.000000)
345:Player,BR:0cc/cc/r200f:2dTs,2s8d|/4c5dAs/Tc:100,-100(100.000000)
346:BR,Player:0r130c/cr299c/cc/cr687f:4sAc,8dAd|/8cQdQc/7c/6d:-529,529(-529.000000)
347:Player,BR:0cr300c/cc/cc/cc:8dQs,3sAs|/5sTcKc/2d/Ks:-400,400(72.679617)
348:BR,Player:0r130c/cr299c/cr687f:2s2d,5hJd|/5d5c7s/Jc:-529,529(-529.000000)
349:Player,BR:0cr130c/cc/r115c/r172f:9cAh,4hQc|/5s5d6h/3c/6s:345,-345(345.000000)
350:BR,Player:0r130c/cr299c/cc/cc:5s7s,6h9d|/3d4h7h/Qs/Jh:529,-529(357.773973)
351:Player,BR:0cc/cc/r300c/cc:3h7h,4sAh|/2s6h9s/Kh/Qd:-400,400(-400.000000)
352:BR,Player:0r130c/cr299c/cr1058c/cr4761c:2c3c,4d8c|/3d7cAs/Qs/Qh:6348,-6348(4286.212844)
353:Player,BR:0cc/cc/cc/cc:4dJc,9dKs|/4h6c8c/Tc/5h:100,-100(73.922366)
354:BR,Player:0r130c/cr299c/cc/cr687f:8cQc,8dTs|/8sTcJd/5s/Jh:-529,529(-529.000000)
355:Player,BR:0cc/cc/cc/cc:9hKc,8cQd|/6sTdJs/Qh/7d:100,-100(-89.451056)
356:BR,Player:0r130c/cc/cc/cr299c:8h9c,5dKd|/4h8dAd/Js/Jd:-529,529(-107.481705)
357:Player,BR:0cc/cc/cc/cc:TdKh,3dQd|/3cJsQc/5s/8h:-100,100(-95.697854)
358:BR,Player:0f:5cAc,2c9s|:50,-50(50.000000)
359:Player,BR:0cc/cc/cc/r130f:3h6s,5dJc|/4h4c6c/Tc/Td:100,-100(100.000000)
360:BR,Player:0r130c/cr690c/cc/cc:5hKd,6cTd|/3d7dJh/Tc/3c:-920,920(-356.302697)
361:Player,BR:0cc/cc/r130c/cc:6h7c,3dQh|/4h5sKd/6c/7h:-230,230(-108.699077)
362:BR,Player:0f:5hAc,2dTc|:50,-50(50.000000)
363:Player,BR:0cc/cc/cc/r130f:3h6c,9cQs|/7cJhAs/2d/4s:100,-100(100.000000)
364:BR,Player:0f:8sJs,2cTs|:50,-50(50.000000)
365:Player,BR:0cc/cc/r200c/r600f:2d7h,4sKh|/2s7cAc/Ks/6s:300,-300(300.000000)
366:BR,Player:0r130c/cr299c/cc/cr1058c:4h6s,5cJh|/2d5hAh/8h/3h:-1587,1587(-320.009159)
367:Player,BR:0cc/cc/cc/cc:2c3s,8sAs|/4sThJs/4c/9s:-100,100(-97.844923)
368:BR,Player:0cc/cr130c/cr460f:6cAh,9cQs|/3cJhQc/4s:-230,230(-230.000000)
369:Player,BR:0cr130c/cc/r115c/cc:TsQs,TcQd|/4s6h7h/6c/2c:0,-0(263.408162)
370:BR,Player:0r200c/cc/cr390c/cr2070f:7s9d,6c7d|/4s5s7h/Jh/3s:-690,690(-690.000000)
371:Player,BR:0cc/cc/cc/cc:3hJd,8hJc|/6sQsQc/Tc/4h:-100,100(16.509113)
372:BR,Player:0r130c/cc/cr460c/cr897c:8sTs,3c4c|/6h6c8h/5s/2h:-1587,1587(-174.956438)
373:Player,BR:0cr200c/r390c/cc/r897c:TsJh,8sQd|/6d7cQc/3s/6c:-1587,1587(-1310.119206)
374:BR,Player:0r130c/cr299c/cc/cc:2dKh,3h6h|/2s8cJc/6d/4d:-529,529(-167.644999)
375:Player,BR:0cr130c/cc/r460c/r345f:QdAd,2h4d|/4h9dAh/8c/5h:690,-690(690.000000)
376:BR,Player:0r130c/cr690f:5d6c,QcAs|/7hTcQs:-230,230(-230.000000)
377:Player,BR:0cr200c/r390c/cc/r897c:2c5c,9hTs|/4s6sAs/Th/4d:-1587,1587(-1486.718097)
378:BR,Player:0f:6c7s,2c5h|:50,-50(50.000000)
379:Player,BR:0cr300f:QcKs,4d6s|:100,-100(100.000000)
380:BR,Player:0cc/cr130c/cc/cc:6s9h,4h8s|/6cKhKd/Ah/4c:230,-230(230.000000)
381:Player,BR:0cc/cc/cc/cc:6s7c,8cAd|/5s6c9c/7s/2h:-100,100(-91.761370)
382:BR,Player:0r200c/cc/cc/cr390f:4cJs,6d7d|/6hKhKc/9c/7h:-300,300(-300.000000)
383:Player,BR:0cc/cc/r130c/cc:7cJh,2hJs|/2c6d7h/8s/9d:230,-230(230.000000)
384:BR,Player:0r130c/cr460f:2c8s,6dTc|/5dKhAd:-230,230(-230.000000)
385:Player,BR:0cc/cc/cc/r130c:3d8c,5hQd|/6c9dJh/4c/5s:-230,230(37.862649)
386:BR,Player:0r130c/cr299c/cr687c/cc:5hKs,7d9c|/4c7s9d/4d/Qd:-1216,1216(-1061.807987)
387:Player,BR:0cc/cc/r200c/r390c:3s6c,8dTc|/7h9sJh/8c/Ah:-690,690(-670.410899)
388:BR,Player:0r200c/cr390c/cr2070c/cr8280f:8cQc,7hJh|/2c4h9h/Qh/8s:-2760,2760(-2760.000000)
389:Player,BR:0cc/cc/cc/cc:4cAd,2d3s|/3c8c9h/7d/Jh:-100,100(16.589893)
390:BR,Player:0r130c/cc/cc/cc:4hTh,4sAc|/3dQdKd/Ks/6s:-230,230(-230.000000)
391:Player,BR:0cc/cc/cc/r300c:2c9s,4sKd|/5cTcQc/3s/Kh:-400,400(-6.295296)
392:BR,Player:0r200f:2c7d,4hJs|:-100,100(-100.000000)
393:Player,BR:0cc/cc/r130c/cc:2s5s,7dAd|/6d9hAs/3h/Ah:-230,230(-203.551723)
394:BR,Player:0r200c/cr390c/cc/cc:6h9s,3s3c|/7h7dTc/2c/Qc:-690,690(-571.604795)
395:Player,BR:0cc/cc/cc/cc:2c4s,3hKs|/6h7sAs/9d/4h:100,-100(17.134628)
396:BR,Player:0r200c/cc/cr390c/cr897c:ThJh,9cAs|/8s9hKh/Kd/3c:-1587,1587(393.452924)
397:Player,BR:0cc/cc/r130f:4cTh,2c5d|/4dJhJc/9h:100,-100(100.000000)
398:BR,Player:0r200c/cc/cr600f:4sQc,7h7c|/8s9cAd/7s:-300,300(-300.000000)
399:Player,BR:0cc/cc/r300c/r520f:4sAd,9dKh|/8sTdJh/Ah/As:400,-400(400.000000)
400:BR,Player:0r130c/cr299c/cc/cc:3d7d,4d5d|/7hQcKc/2d/Kd:529,-529(503.799868)
401:Player,BR:0cc/cc/r200c/r390c:7cJs,5s5d|/3s3h4s/As/2h:-690,690(-460.080289)
402:BR,Player:0r200c/cc/cr150c/cc:5hQd,6s8c|/6hJdAc/5d/3c:-450,450(-341.256340)
403:Player,BR:0cc/cc/cc/cc:9cAh,3s5s|/7d8sTd/4c/2c:100,-100(100.000000)
404:BR,Player:0f:7sQh,3s8c|:50,-50(50.000000)
405:Player,BR:0cc/cc/cc/r130c:5hJh,3s6h|/2s5d8s/4s/4h:-230,230(-219.308006)
406:BR,Player:0r130c/cr299c/cr1058f:6dQs,7hKc|/3d7cTs/Ks:-529,529(-529.000000)
407:Player,BR:0cr600f:ThAs,7s8h|:100,-100(100.000000)
408:BR,Player:0r130c/cc/cr299f:3d9d,3sKs|/4c6s8c/5s:-230,230(-230.000000)
409:Player,BR:0cr600c/cc/r350c/cc:8sJc,9sJs|/3h4h5s/4s/9c:-1050,1050(-799.771625)
410:BR,Player:0r130c/cr299c/cc/cc:5cQd,7s8s|/2sJdQh/Kd/9d:529,-529(151.193819)
411:Player,BR:0cr600c/cc/r140c/cc:JdAd,9dJh|/5s6cTh/2h/Ts:840,-840(840.000000)
412:BR,Player:0r200c/cr900c/cr1560c/cr5520c:6c8h,3h4s|/4h8s9h/Qs/As:8280,-8280(8280.000000)
413:Player,BR:0cr600f:4h5s,2s9c|:100,-100(100.000000)
414:BR,Player:0cc/cr130c/cc/cr299c:JhKs,9hAs|/2c9dQh/2d/Qd:-529,529(-94.965768)
415:Player,BR:0cc/cc/cc/r130f:2hAd,6d8s|/3s9hTd/2c/Tc:100,-100(100.000000)
416:BR,Player:0r130c/cr299f:2hTc,7sQs|/4s5s5c:-230,230(-230.000000)
417:Player,BR:0cr300c/cc/cc/r1200c:4c7h,7c9d|/3hJsKh/2c/8h:-1600,1600(-747.552646)
418:BR,Player:0r200c/cr600c/cr2700f:8hTs,4c6c|/2c3s5c/2s:-900,900(-900.000000)
419:Player,BR:0cr300c/cc/cc/r200c:8h8d,5dJd|/3s9cJh/9h/3h:-600,600(-472.843963)
420:BR,Player:0r200c/cr390c/cr897c/cc:7dKc,5s8c|/4d6dAs/2h/Qs:1587,-1587(520.457137)
421:Player,BR:0cr300c/cc/cc/cc:5d6c,KhAd|/6h7dJs/2c/Th:400,-400(56.713352)
422:BR,Player:0r130c/cr299c/cr687c/cc:TsJd,7hAd|/QcKsAs/6d/5h:1216,-1216(1216.000000)
423:Player,BR:0cr200c/cc/cc/cc:7dAh,2dJd|/3s5d8d/9c/9h:300,-300(283.894989)
424:BR,Player:0r200c/cc/cc/cc:2hKh,5cTd|/7hThKc/Qc/Jd:300,-300(240.168460)
425:Player,BR:0cr300c/cc/r200c/cc:8cTc,QsAh|/6c7d8h/Td/Ac:600,-600(-226.112163)
426:BR,Player:0f:6cJh,3d7s|:50,-50(50.000000)
427:Player,BR:0cr300c/cc/cc/r800f:5c7c,4hKc|/4s5dTd/7h/3c:400,-400(400.000000)
428:BR,Player:0r130c/cr299c/cr687c/cr2432f:8hKd,6h6d|/6sTcKh/3h/Td:-1216,1216(-1216.000000)
429:Player,BR:0cc/cc/cc/r130c:4d8s,ThTd|/3h7sJh/Kd/9h:-230,230(-64.002514)
430:BR,Player:0r200c/cc/cc/cc:2sTc,4cKd|/9h9dTs/Th/8s:300,-300(300.000000)
431:Player,BR:0cr300c/cc/r800c/cc:5c8h,JcKh|/3h4sAd/Qh/4d:-1200,1200(-1042.055677)
432:BR,Player:0r130c/cr299c/cr687c/cr3648c:QhKh,6cAc|/2c9cTs/3c/Qd:-4864,4864(296.716970)
433:Player,BR:0cc/cc/cc/cc:2dAh,4dTs|/2h9cJc/7s/8h:-100,100(-94.312235)
434:BR,Player:0r130c/cr690c/cr1840f:TcAh,QcKd|/2d6sKs/7d:-920,920(-920.000000)
435:Player,BR:0cc/cc/cc/cc:6sQh,3sJs|/5s8s9s/8h/4d:-100,100(-97.625379)
436:BR,Player:0r200c/cr390c/cr897c/cr18413f:6sKs,6d9d|/TdJdAs/7s/2d:-1587,1587(-1587.000000)
437:Player,BR:0cc/cc/cc/cc:4c9d,4s9c|/6s9hTs/4h/2d:0,-0(-97.742181)
438:BR,Player:0r130c/cc/cr115f:5s6d,7sAs|/3s3dKh/3h:-230,230(-230.000000)
439:Player,BR:0cc/cc/cc/cc:9cQd,3s5c|/7cTcAc/3c/5s:100,-100(-72.026101)
440:BR,Player:0r130c/cc/cc/cr299c:2s2h,TsJc|/2d7dQs/Ad/8h:529,-529(497.102776)
441:Player,BR:0cc/cc/cc/r130f:4d7c,3c7s|/4s6h8h/9h/9c:100,-100(100.000000)
442:BR,Player:0r130c/cc/cc/cc:5cQd,2dAc|/5s6sQs/Td/Jd:230,-230(230.000000)
443:Player,BR:0cr300c/cc/r800f:JsAc,4d5d|/2h8cJh/2d:400,-400(400.000000)
444:BR,Player:0r200c/cr390c/cc/cr897c:2hTh,7d9s|/5h6c8h/9d/3h:1587,-1587(1457.549063)
445:Player,BR:0cc/cc/r300f:2d9d,3c9s|/5c6d8d/Js:100,-100(100.000000)
446:BR,Player:0r130c/cc/cc/cr299c:5d8h,3d8d|/4c9hKh/5h/4d:529,-529(-54.469073)
447:Player,BR:0cr300c/cc/cc/cc:JcAc,4cJs|/3d7s8h/Qd/Ks:400,-400(400.000000)
448:BR,Player:0r200c/cc/cc/cr390c:7c8s,5s7s|/2h8hKs/Th/6s:690,-690(84.588136)
449:Player,BR:0cr300c/r800c/r3600c/r6240c:2s4s,5dTh|/3c5s8c/2d/As:11040,-11040(-9122.656519)
450:BR,Player:0cc/cr130c/cc/cc:4cKd,3s6d|/4hTsKc/4d/Qd:230,-230(230.000000)
451:Player,BR:0cc/cc/r200c/r390f:7hKs,8s8h|/2c4hKh/5s/2h:300,-300(300.000000)
452:BR,Player:0r130c/cc/cr115c/cr1035c:6sAh,9cAc|/2s4d6h/As/2h:1380,-1380(1307.912954)
453:Player,BR:0cr200c/cc/r150c/cc:TsTd,2cJs|/4c9cQh/Qc/Ah:450,-450(251.707330)
454:BR,Player:0r130c/cr299f:6h7s,4cAc|/4sJsJd:-230,230(-230.000000)
455:Player,BR:0cr300f:QsQd,5d6s|:100,-100(100.000000)
456:BR,Player:0cc/cc/cr130c/cr690c:7s9h,4s8c|/2h7dTh/As/Kd:920,-920(497.241922)
457:Player,BR:0cr200c/r900c/cc/r600f:TsTd,4dKd|/2h5c6s/Qs/5d:1200,-1200(1200.000000)
458:BR,Player:0r200c/cr1800c/cc/cc:ThQh,4h5d|/2hJdAh/9h/Ad:2100,-2100(2100.000000)
459:Player,BR:0cc/cc/cc/r130c:5cKc,TdKh|/4c5dJd/9d/4s:230,-230(84.521340)
460:BR,Player:0r130c/cc/cc/cc:4d9s,5sAh|/3c8sTc/6d/2s:-230,230(-230.000000)
461:Player,BR:0cr300c/cc/r800c/r2400c:3h6h,5c8c|/5d7sTd/9s/7c:-3600,3600(1015.367650)
462:BR,Player:0f:QdAd,3d6c|:50,-50(50.000000)
463:Player,BR:0cc/cc/r130f:6s7h,3d6h|/2c5dQs/Qc:100,-100(100.000000)
464:BR,Player:0r130c/cr299c/cr687c/cc:2d5c,JhKh|/2h9hJc/Qs/4c:-1216,1216(-704.498535)
465:Player,BR:0cc/cc/cc/cc:3h6s,4s9d|/3s5dAh/8d/Th:100,-100(95.519140)
466:BR,Player:0r130c/cc/cc/cc:7dTh,3s4h|/4c6h9d/7s/Kd:230,-230(230.000000)
467:Player,BR:0cc/cc/r130f:4dTc,2c8d|/3c4h7s/7c:100,-100(100.000000)
468:BR,Player:0r130c/cr299f:2c5h,7s8d|/4h6c9s:-230,230(-230.000000)
469:Player,BR:0cc/cc/cc/cc:9dQs,2h8d|/3c5dKc/Ah/7d:100,-100(100.000000)
470:BR,Player:0r130c/cr299c/cr687c/cc:4c6h,8sQh|/6dJcQs/4d/Kc:1216,-1216(1209.356932)
471:Player,BR:0cr300c/cc/r200c/r120c:KsAc,QhAh|/3h3c7s/5c/Jh:720,-720(244.898650)
472:BR,Player:0r130c/cr299f:2c3d,5cTc|/8d9dQh:-230,230(-230.000000)
473:Player,BR:0cr600f:QhQd,2c7h|:100,-100(100.000000)
474:BR,Player:0cc/cr130c/cr460c/cc:ThKd,6hQh|/3h4s6s/Qd/7s:-690,690(-205.547028)
475:Player,BR:0cr130c/cc/cc/r115c:QdAd,7d9s|/5h6hKs/8c/Kc:-345,345(-345.000000)
476:BR,Player:0r130c/cc/cr299c/cc:4cJs,7cQs|/3sQcAs/5s/2h:529,-529(529.000000)
477:Player,BR:0cc/cc/cc/cc:5cQs,7h8s|/4c9dAs/Ad/6c:100,-100(76.380973)
478:BR,Player:0cc/cr300c/cc/cc:6sKd,4c8s|/TcKhAh/9s/7c:400,-400(400.000000)
479:Player,BR:0cc/cc/cc/cc:7dQc,2s3h|/2h3d4h/4c/4s:-100,100(-74.124904)
480:BR,Player:0r130c/cc/cr299c/cc:6d9s,7sJd|/2c5hKs/3d/Kd:-529,529(-495.585337)
481:Player,BR:0cr200c/r900f:7sTd,8cQs|/6dKdAh:300,-300(300.000000)
482:BR,Player:0r130c/cc/cc/cc:6cQd,5dJc|/5h8d9c/9s/Ac:-230,230(-230.000000)
483:Player,BR:0cc/cc/cc/cc:6cJh,4h7c|/4s5hTh/Td/7h:-100,100(-84.542220)
484:BR,Player:0r130c/cc/cr460f:8h9d,9sQd|/3h7sKh/Qc:-230,230(-230.000000)
485:Player,BR:0cc/r130c/cc/r115c:6sQh,2s3h|/4c5s6h/Ts/9c:-345,345(-342.098397)
486:BR,Player:0cc/cr130c/cc/cc:8cKs,6h9c|/2d4hTs/4s/Tc:230,-230(111.308797)
487:Player,BR:0cr300c/cc/cc/cc:JsAs,9s9c|/2c3s4s/8h/Tc:-400,400(-270.544745)
488:BR,Player:0r200c/cr390c/cr2070c/cr16560f:6c9s,7cTc|/6d8cQc/4c/Kh:-2760,2760(-2760.000000)
489:Player,BR:0cc/cc/r200c/r390f:4d5h,6c8c|/4h6s8s/7c/2h:300,-300(300.000000)
490:BR,Player:0r130c/cr690f:8s9h,3h5s|/3s4cTs:-230,230(-230.000000)
491:Player,BR:0cr300c/cc/r520c/cc:8cKc,5dJs|/5cJcKs/Th/As:-920,920(-920.000000)
492:BR,Player:0r200c/cc/cr390f:6sTs,4dJs|/5c9s9d/4c:-300,300(-300.000000)
493:Player,BR:0cc/cc/cc/cc:7cJc,3hAd|/4sQsKd/5d/As:-100,100(-79.871287)
494:BR,Player:0r130c/cr299c/cc/cc:2sKs,6sKc|/7c8sQh/8d/5s:0,-0(-164.587585)
495:Player,BR:0cc/cc/cc/cc:4dTh,7c9h|/7d8dAd/6c/5h:-100,100(-97.339077)
496:BR,Player:0r130c/cc/cc/cr299f:2s9h,5dKc|/2d4s6c/5c/5h:-230,230(-230.000000)
497:Player,BR:0cc/cc/cc/cc:6h8c,3hJs|/5d5c6d/7s/9s:100,-100(100.000000)
498:BR,Player:0r200c/cr390c/cc/cr2070f:8dAd,KsAs|/4c7sAc/6d/7c:-690,690(-690.000000)
499:Player,BR:0cr300c/r520c/cc/cc:4d6c,6dKh|/3s4hTs/3d/Qd:920,-920(-136.204680)
500:BR,Player:0r200c/cc/cc/cc:TdQd,4hKh|/JsJhJc/7s/5h:-300,300(-201.756049)
501:Player,BR:0cc/cc/cc/r130f:6hTc,9sKh|/7h8hAd/Th/7s:100,-100(100.000000)
502:BR,Player:0r130c/cr299c/cc/cr687f:3hJd,TcKh|/5h9dTh/7d/Ks:-529,529(-529.000000)
503:Player,BR:0cr300f:JdAd,2c3s|:100,-100(100.000000)
504:BR,Player:0cc/cc/cc/cr130f:8dAc,5hTd|/8cJcKh/Ts/4c:-100,100(-100.000000)
505:Player,BR:0cc/cc/cc/r130c:4dJs,QhKd|/4h8hJd/5s/5h:230,-230(48.532299)
506:BR,Player:0r130c/cr460c/cc/cc:6sQh,6hTc|/2s7hAh/7d/8h:690,-690(690.000000)
507:Player,BR:0cr300c/cc/r200c/r300c:TsTc,TdQc|/2d5cJc/9c/Ks:-900,900(-838.601048)
508:BR,Player:0f:3sKs,3dTc|:50,-50(50.000000)
509:Player,BR:0cc/cc/cc/r130c:2c9c,6hKd|/3s4h7c/4s/7s:-230,230(47.397184)
510:BR,Player:0cc/cr130c/cr690c/cr2760c:4cQh,3c7c|/4s6hQd/8h/Ks:3680,-3680(1942.445071)
511:Player,BR:0cr200c/r900c/cc/r1560c:QhKc,6h7h|/5h6dKs/7s/Td:-2760,2760(-2760.000000)
512:BR,Player:0r130c/cc/cc/cr299f:2d9s,8sTs|/5cTcQs/Kd/9c:-230,230(-230.000000)
513:Player,BR:0cr300c/cc/r800c/r1560f:JdAd,7s7d|/2c6cJh/2s/2d:1200,-1200(1200.000000)
514:BR,Player:0r130c/cr299c/cr687c/cr3648f:5hTc,3h9h|/3cTsJd/3d/Ac:-1216,1216(-1216.000000)
515:Player,BR:0cc/cc/r130f:4hTh,7h9d|/2hAsAd/8h:100,-100(100.000000)
516:BR,Player:0r130c/cr299c/cc/cc:9hTc,7sTs|/6cJcKc/5h/2d:529,-529(-253.102818)
517:Player,BR:0cc/cc/cc/cc:TdKc,4h9s|/9cQdAd/7d/Js:100,-100(-65.625160)
518:BR,Player:0r130c/cc/cc/cr299c:KdAs,2s5s|/4dTsQs/Kh/9h:529,-529(494.058673)
519:Player,BR:0cc/cc/cc/cc:2hTd,3h5d|/6hJdKh/Kc/5h:-100,100(-74.600871)
520:BR,Player:0r130c/cc/cc/cr460c:8cQs,6cJd|/4d7d8d/3h/7s:690,-690(560.830881)
521:Player,BR:0cc/cc/cc/cc:4cQc,5cKd|/4s6d9s/3d/Js:100,-100(71.685625)
522:BR,Player:0r130c/cr690c/cc/cr1840c:5dTs,6hQd|/7c9dTd/4d/3d:-2760,2760(-711.337126)
523:Player,BR:0cc/cc/cc/cc:6hQs,QdKd|/3h4c9c/Ks/5s:-100,100(-92.602993)
524:BR,Player:0r130c/cr299c/cr687f:7sKs,5dAd|/2h3cJd/4s:-529,529(-529.000000)
525:Player,BR:0cr200c/r390c/cc/cc:5cQc,5sKc|/3h8hJs/3s/Ts:-690,690(155.982892)
526:BR,Player:0r130c/cr299c/cc/cr1058f:2dAd,JsAs|/3h8s8c/5s/7s:-529,529(-529.000000)
527:Player,BR:0cc/cc/r200c/r390f:3h7d,9dAs|/3dTcQc/2d/3s:300,-300(300.000000)
528:BR,Player:0r130c/cc/cc/cc:5d7d,4cJs|/4h6sQh/8d/6d:230,-230(230.000000)
529:Player,BR:0cc/cc/r130c/r299c:5c9s,6s6d|/7s7dKs/Qs/Th:-529,529(52.256767)
530:BR,Player:0r130c/cr460f:3h4c,QcAd|/6c9cQd:-230,230(-230.000000)
531:Player,BR:0cr200c/cc/r150c/cc:8s9c,6c8h|/4s4hJh/Ah/Kd:0,-0(217.839602)
532:BR,Player:0cc/cc/cc/cc:TsAc,7hKs|/6dJcAs/Td/9h:100,-100(100.000000)
533:Player,BR:0cc/cc/r130c/cc:6h8c,2sJc|/5cQsAd/4h/Jd:-230,230(-208.637450)
534:BR,Player:0r300c/cr520c/cc/cr1196f:8sJs,4dJc|/2c6s7s/8c/5d:-920,920(-920.000000)
535:Player,BR:0cc/cc/r200c/r390c:2d4h,5dJc|/3hAhAd/8c/3s:-690,690(-510.752847)
536:BR,Player:0r130c/cr299c/cr687c/cc:5c8h,7h9h|/4d5d8d/Kc/9s:1216,-1216(1216.000000)
537:Player,BR:0cc/cc/cc/cc:6sTd,2c9h|/JsAdAc/Ks/2h:-100,100(-83.292557)
538:BR,Player:0r200c/cr390c/cc/cr2070c:QdKh,TdQc|/7s8dKd/6d/Jd:2760,-2760(2163.514282)
539:Player,BR:0cr600c/cc/r140c/cc:6h6d,8s9c|/5dJdKc/3h/9d:-840,840(-623.446658)
540:BR,Player:0cc/cr130c/cr460f:2s2c,4h8s|/9cTdJd/8d:-230,230(-230.000000)
541:Player,BR:0cc/cc/cc/cc:4dTh,3dJd|/2s8cKd/Ts/5c:100,-100(75.563238)
542:BR,Player:0r130c/cc/cr115c/cr1035c:KhKd,6d7h|/7c9sAh/7d/2s:-1380,1380(-37.508282)
543:Player,BR:0cr300c/cc/r200c/r780f:8hTh,7sKc|/4s8c9h/2h/6h:600,-600(600.000000)
544:BR,Player:0cc/cr130c/cc/cc:6cJc,5d8d|/2h3sJs/9d/8s:230,-230(230.000000)
545:Player,BR:0cr300c/r520c/cc/r460c:QsAd,2hQd|/ThJhAs/Qh/5d:1380,-1380(916.003957)
546:BR,Player:0cc/cr300c/cr1200f:2s4c,QsKd|/4hTcKc/Jc:-400,400(-400.000000)
547:Player,BR:0cr130c/cc/cc/r115c:7dAc,8cTh|/5h8h9d/3h/Jd:-345,345(-246.110895)
548:BR,Player:0r130c/cr299c/cr1058c/cc:4sKs,ThAh|/6cKhAc/Jd/8d:-1587,1587(146.301213)
549:Player,BR:0cc/cc/r300c/cc:7s8h,7hAd|/4s5hKc/Ac/Qs:-400,400(-400.000000)
550:BR,Player:0f:TcQc,3hTd|:50,-50(50.000000)
551:Player,BR:0cc/cc/cc/cc:4cJh,6cQs|/4hTsQh/3c/Kh:-100,100(-78.810300)
552:BR,Player:0r130c/cc/cc/cr460c:9cQs,ThKc|/3c5sJh/8h/Td:690,-690(637.981128)
553:Player,BR:0cc/cc/cc/cc:5dTs,JhQs|/4c6sAc/4h/Kd:-100,100(-56.652683)
554:BR,Player:0cc/cc/cr130c/cc:JcQs,2cQh|/7h7c9d/Jd/9s:230,-230(230.000000)
555:Player,BR:0cc/cc/cc/r130c:2d7h,2c5h|/2s9hKh/2h/Ks:0,-0(-176.409306)
556:BR,Player:0r200c/cc/cc/cc:8dAh,5hTc|/TdQcKh/3s/4c:-300,300(-128.529438)
557:Player,BR:0cc/cc/cc/cc:2hQd,3cQh|/6d8h8c/As/9d:0,-0(8.440198)
558:BR,Player:0r130c/cr299c/cr1587c/cc:3cJc,5d9d|/2d7sJd/Kh/8c:2116,-2116(2045.093011)
559:Player,BR:0cr300f:6h7h,2d6s|:100,-100(100.000000)
560:BR,Player:0f:5sAh,2h5c|:50,-50(50.000000)
561:Player,BR:0cr300c/cc/r1200c/r4800c:4d6h,JhKd|/2dJdAc/7d/2h:-6400,6400(-5972.058223)
562:BR,Player:0cc/cc/cc/cc:6s9c,3d4h|/8sJdAd/4s/Ah:-100,100(-100.000000)
563:Player,BR:0cc/cc/cc/r130c:5h9d,JhJd|/2c4d9c/2s/4h:-230,230(-177.508875)
564:BR,Player:0r130c/cr19770f:JsQs,9cTs|/7h8cJc:-230,230(-230.000000)
565:Player,BR:0cr300c/cc/cc/cc:2h9h,KhAh|/4d9cJd/Ad/5h:-400,400(-273.112740)
566:BR,Player:0r130c/cc/cc/cr299c:3cAs,JcAc|/2d5dTc/Ks/7h:-529,529(77.287085)
567:Player,BR:0cr130c/cc/r115c/cc:7dAh,5dKh|/4s4d8h/3d/Jh:345,-345(287.456393)
568:BR,Player:0r200c/cc/cr150c/cc:QhKs,7s8s|/8cJsAs/Td/5d:450,-450(450.000000)
569:Player,BR:0cc/cc/cc/cc:5d6h,4hTs|/3s9hJh/Ah/Jd:-100,100(52.557467)
570:BR,Player:0r200f:2d7h,QdAc|:-100,100(-100.000000)
571:Player,BR:0cc/cc/r200c/cc:2s9d,8dAh|/ThQsQc/Js/5c:-300,300(-213.665385)
572:BR,Player:0r200c/cc/cr150f:4s6c,4hQh|/5dQcKd/9d:-300,300(-300.000000)
573:Player,BR:0cr300c/cc/cc/r520f:QsKs,6d7h|/8dQhAs/4d/2d:400,-400(400.000000)
574:BR,Player:0r130c/cr460c/cr345c/cr3105c:JsKc,3s5s|/TsQcKh/As/Qd:4140,-4140(417.738357)
575:Player,BR:0cr300f:QsAc,5s8h|:100,-100(100.000000)
576:BR,Player:0r130c/cc/cc/cr299c:5sTc,7cKh|/3s4cTd/8h/7d:529,-529(519.748729)
577:Player,BR:0cr300c/r520f:5cQd,6c7c|/TdJdAc:400,-400(400.000000)
578:BR,Player:0r130c/cc/cr115c/cc:7cJh,4s4h|/3s8h9c/3d/Ts:345,-345(345.000000)
579:Player,BR:0cr600f:5s7c,2s3h|:100,-100(100.000000)
580:BR,Player:0f:6h9d,3dTs|:50,-50(50.000000)
581:Player,BR:0cc/cc/r130c/cc:TcKh,7sJc|/3s6h8h/5h/Qs:230,-230(92.608174)
582:BR,Player:0r130c/cr299c/cr1587c/cr12696c:8sJh,2s6s|/4d5s8h/Kd/6h:14812,-14812(14812.000000)
583:Player,BR:0cc/cc/cc/r300f:4c8d,5d7d|/3sQhAd/9c/9s:100,-100(100.000000)
584:BR,Player:0cc/cc/cr130c/cr460f:6sQh,2sJc|/4h5h9h/5c/Jd:-230,230(-230.000000)
585:Player,BR:0cr300c/cc/r800c/r1560c:KhAs,QcAc|/6dThJs/Kc/3s:-2760,2760(-2285.609056)
586:BR,Player:0f:2sQd,3c7s|:50,-50(50.000000)
587:Player,BR:0cr300f:6hKh,3d7h|:100,-100(100.000000)
588:BR,Player:0r200c/cr390c/cr2070f:4hJh,3h5h|/2d6cAh/5d:-690,690(-690.000000)
589:Player,BR:0cr300f:5s7c,2c9h|:100,-100(100.000000)
590:BR,Player:0cc/cc/cc/cr130c:9cQd,4h9d|/3sTdTc/9h/5s:230,-230(225.990204)
591:Player,BR:0cc/cc/cc/r130f:3sKd,9sQs|/2c4hJc/Js/Ks:100,-100(100.000000)
592:BR,Player:0r130c/cr299f:4h7c,KsKh|/3d9cKd:-230,230(-230.000000)
593:Player,BR:0cr200c/cc/cc/r150f:7h7c,4sQd|/6dJdAc/Ks/5h:300,-300(300.000000)
594:BR,Player:0f:6dKd,2h6s|:50,-50(50.000000)
595:Player,BR:0cc/cc/cc/cc:2h7d,7sJc|/8c9hAs/5d/Kc:-100,100(46.609428)
596:BR,Player:0r200c/cc/cr390c/cr1380f:9hQc,TdKs|/2h3hTc/Kh/Qd:-690,690(-690.000000)
597:Player,BR:0cc/cc/cc/r130c:JdAh,9sKs|/5s5d8c/Qs/7d:230,-230(74.281679)
598:BR,Player:0r130c/cr299c/cc/cr1058f:5cJc,TsJd|/6cQsKd/Qc/Ah:-529,529(-529.000000)
599:Player,BR:0cr300c/cc/cc/r800c:7cQh,JdAh|/2s2dJs/8d/5c:-1200,1200(-1170.727856)
600:BR,Player:0cc/cc/cc/cr200c:JcAc,4hQh|/2d7d8h/5d/3d:300,-300(52.933919)
601:Player,BR:0cr200c/cc/cc/r900c:5d9h,8cJd|/3c4sJh/Qc/4c:-1200,1200(-974.199520)
602:BR,Player:0cc/cc/cc/cr200c:6sKc,JsQd|/QhKhAc/9h/2d:300,-300(120.766780)
603:Player,BR:0cr600f:5h7d,3d5s|:100,-100(100.000000)
604:BR,Player:0cc/cr130c/cr299f:5s9s,6s6h|/6cQcKs/3h:-230,230(-230.000000)
605:Player,BR:0cc/cc/cc/r130c:6c8d,5d5c|/4hJdAh/8c/2s:230,-230(14.181947)
606:BR,Player:0r130c/cr299f:9cJd,6dKc|/5d8hKh:-230,230(-230.000000)
607:Player,BR:0cr300c/cc/cc/cc:8s8h,2sKc|/3hQsKd/5s/Ts:-400,400(-260.255422)
608:BR,Player:0cc/cr130f:2h4d,JsQd|/8cTsJd:-100,100(-100.000000)
609:Player,BR:0cr300f:6dKd,4c6s|:100,-100(100.000000)
610:BR,Player:0r130c/cr460f:7hJs,JhQs|/2s8sQd:-230,230(-230.000000)
611:Player,BR:0cc/cc/cc/cc:2d4h,3hKc|/7dThKs/6d/4c:-100,100(-80.467612)
612:BR,Player:0cc/cr300f:KhKc,3sAh|/9sJhAc:-100,100(-100.000000)
613:Player,BR:0cc/cc/cc/cc:3dAh,4cQd|/6c8sQc/2d/Jd:-100,100(-96.094486)
614:BR,Player:0f:JdAh,2h7c|:50,-50(50.000000)
615:Player,BR:0cc/cc/cc/cc:2sQs,4cQd|/2hThAs/5h/4h:-100,100(36.234076)
616:BR,Player:0r200c/cr390c/cr897c/cc:5s6c,4d7h|/3c5c8c/4c/Tc:1587,-1587(1587.000000)
617:Player,BR:0cc/cc/r200c/r600c:6c8h,5c8s|/2c4cAc/4d/3h:-900,900(-704.804561)
618:BR,Player:0r130c/cc/cr115f:2c5h,4sAh|/ThTdJh/9d:-230,230(-230.000000)
619:Player,BR:0cr300f:JhJc,2h3d|:100,-100(100.000000)
620:BR,Player:0r200c/cr900c/cc/cc:9sAc,2s3s|/8sKhAh/9c/4c:1200,-1200(1200.000000)
621:Player,BR:0cc/cc/r200f:JcQh,3d6c|/5s9dJh/7d:100,-100(100.000000)
622:BR,Player:0r130c/cc/cr115c/cr448f:4d5d,AhAc|/8dJsJc/4c/2s:-345,345(-345.000000)
623:Player,BR:0cr300c/cc/r200c/cc:6hTh,TdJs|/6dQhAh/3d/Kc:-600,600(-595.368061)
624:BR,Player:0r130c/cr460c/cc/cr897f:8sQc,2s5s|/7cJcAs/Ts/6d:-690,690(-690.000000)
625:Player,BR:0cr300c/r800f:3sTs,5s9h|/3cTdJc:400,-400(400.000000)
626:BR,Player:0r200c/cr900c/cr3600f:8hAh,6h6d|/6s7dKs/3c:-1200,1200(-1200.000000)
627:Player,BR:0cc/cc/cc/cc:2h9h,5h9c|/2s5sQc/4s/4c:-100,100(-66.163402)
628:BR,Player:0cc/cr300f:2h8c,4sJc|/3c7dTh:-100,100(-100.000000)
629:Player,BR:0cc/cc/cc/cc:6cKs,3dQh|/2s5hJc/Th/3s:-100,100(-74.089738)
630:BR,Player:0r130c/cr690c/cr1840c/cc:9hKh,4d7s|/2d5d8h/Ah/Qs:2760,-2760(726.327314)
631:Player,BR:0cr300c/r520c/cc/cc:2hTh,9sJd|/5h5cJs/8s/3c:-920,920(-873.461956)
632:BR,Player:0r130c/cc/cc/cc:4h5s,6dQs|/7cKsAh/Qd/7d:-230,230(-218.560032)
633:Player,BR:0cc/cc/cc/r130f:7sJd,4c6s|/2s7dTs/5s/Ah:100,-100(100.000000)
634:BR,Player:0r130c/cc/cr460f:7dQc,3d3c|/4h8dTd/4d:-230,230(-230.000000)
635:Player,BR:0cc/cc/cc/cc:2hAs,KsAc|/5d6hKc/Qd/8d:-100,100(-93.890566)
636:BR,Player:0r130c/cc/cc/cc:5dJd,3hAs|/4c8dJh/2d/8s:230,-230(230.000000)
637:Player,BR:0cc/cc/cc/cc:3d6d,6s9d|/2s3h3c/9h/8c:100,-100(-76.045721)
638:BR,Player:0r130c/cc/cc/cr299c:7hKd,9cJh|/JcKsAd/7d/2c:529,-529(529.000000)
639:Player,BR:0cr300c/r800c/cc/cc:5h6s,5dKc|/5sQsAc/5c/Ad:0,-0(-943.401745)
640:BR,Player:0cc/cr130c/cc/cr299f:6s6c,3s6h|/7dJhKh/As/4d:-230,230(-230.000000)
641:Player,BR:0cc/cc/r130c/cc:6h9d,5dQd|/7dQcKs/Kd/3c:-230,230(-180.896654)
642:BR,Player:0r300c/cr520c/cc/cr1196f:8dTs,TdQc|/7dJhJd/Tc/3c:-920,920(-920.000000)
643:Player,BR:0cc/cc/r130c/cc:2d5h,3dQs|/2s4sQh/Qc/Jd:-230,230(-224.366567)
644:BR,Player:0r130c/cr299c/cc/cc:6d8d,6hKh|/4c7cJd/Th/4h:-529,529(-496.280654)
645:Player,BR:0cc/cc/cc/r130c:3dTc,8sKd|/4h6cAd/Js/5c:-230,230(14.724952)
646:BR,Player:0f:2cQd,3h9d|:50,-50(50.000000)
647:Player,BR:0cr300c/r520c/r1196f:2cQc,7hTh|/8c9cKs/4c:920,-920(920.000000)
648:BR,Player:0r130c/cc/cc/cc:2s3c,ThAs|/6s8dKc/4c/3h:230,-230(31.957026)
649:Player,BR:0cr200c/cc/cc/r600c:8dTs,JdQd|/3d4cJc/6s/Js:-900,900(-885.727840)
650:BR,Player:0r130c/cc/cr299c/cr1058c:AsAh,4s6s|/2c8hQc/Qd/5s:1587,-1587(936.355531)
651:Player,BR:0cc/cc/cc/cc:3cKh,3dTd|/7hQhAc/2s/4s:100,-100(82.896701)
652:BR,Player:0cc/cr300c/cr520f:9sQd,4h8s|/3c4s8d/Ks:-400,400(-400.000000)
653:Player,BR:0cr200c/cc/r150c/r1350f:QhQd,7hKd|/2d3dAc/Ad/8c:450,-450(450.000000)
654:BR,Player:0cc/cc/cc/cr130c:8hQh,4d9s|/2cKsKd/Jc/3s:230,-230(16.836025)
655:Player,BR:0cr300c/cc/cc/cc:6hKh,6sQc|/7s8sKs/2s/Qs:-400,400(-331.371396)
656:BR,Player:0cc/cc/cc/cr130f:2dTh,4d5h|/6s9cAh/8h/3s:-100,100(-100.000000)
657:Player,BR:0cr200c/cc/cc/r150c:8hJh,9sQh|/2c3s4h/2s/Ac:-450,450(232.347960)
658:BR,Player:0r130c/cc/cc/cc:5cJc,2sAc|/3sTcKs/5h/5s:230,-230(230.000000)
659:Player,BR:0cc/cc/cc/cc:3c6s,3s5d|/7h8cJs/6c/Ad:100,-100(91.019031)
660:BR,Player:0r200c/cc/cc/cr390f:3d5s,KsAs|/5c8dTh/7d/Kh:-300,300(-300.000000)
661:Player,BR:0cr300c/cc/cc/r200c:5s9h,5hKc|/2c8dQh/3d/8c:-600,600(288.563794)
662:BR,Player:0cc/cr130c/cc/cc:9hJd,8hTs|/5cKsAc/7d/4h:230,-230(-122.307113)
663:Player,BR:0cc/cc/cc/cc:4sKd,JhQd|/5s5d7d/Ad/9s:100,-100(-11.612298)
664:BR,Player:0r200c/cc/cc/cr600c:QdAs,5c6d|/2c3cQc/5d/Qh:900,-900(784.340775)
665:Player,BR:0cc/cc/cc/cc:5cTd,8cQs|/2dAsAh/6h/Qd:-100,100(-86.566007)
666:BR,Player:0cc/cc/cc/cr200f:3c6h,3sJc|/4h5d8d/Tc/Jd:-100,100(-100.000000)
667:Player,BR:0cc/cc/r130c/r115c:6d7c,6hKd|/3s7h9d/5h/6s:345,-345(221.333402)
668:BR,Player:0r130c/cc/cr460c/cc:7d9h,3s9s|/8cTsTc/Jd/8d:690,-690(605.347037)
669:Player,BR:0cc/cc/r300c/r200f:8hTc,7s7h|/2s5d8d/3s/Qh:400,-400(400.000000)
670:BR,Player:0cc/cc/cr130c/cc:6cJh,3s9s|/6s6h9d/8s/8h:230,-230(230.000000)
671:Player,BR:0cc/cc/cc/r130c:5sTd,7s7d|/5dJcAs/9h/Tc:230,-230(80.032251)
672:BR,Player:0r130c/cc/cc/cr460c:5c9h,6h7s|/8dJcAd/6c/7d:690,-690(680.925067)
673:Player,BR:0cr300c/cc/cc/cc:8dAc,KcAh|/2h5c6d/5d/7d:-400,400(-299.178882)
674:BR,Player:0r130c/cc/cr115c/cc:2sQs,6cAc|/6h8cKd/4s/9c:-345,345(-345.000000)
675:Player,BR:0cc/cc/cc/cc:8hQd,4d7s|/2s8sQh/6s/5s:-100,100(-68.023559)
676:BR,Player:0r200c/cc/cc/cr600f:6d8d,8hKs|/6s7s8s/Js/Tc:-300,300(-300.000000)
677:Player,BR:0cc/cc/cc/r130c:8sTh,7dAs|/2c4dAc/Ts/3h:-230,230(-192.941537)
678:BR,Player:0f:4hQd,2d5s|:50,-50(50.000000)
679:Player,BR:0cr300f:KsAh,3c6h|:100,-100(100.000000)
680:BR,Player:0r200c/cr600f:3s4c,3hTh|/2h6cJd:-300,300(-300.000000)
681:Player,BR:0cr200c/r390f:4d8s,3c6s|/2h7sTd:300,-300(300.000000)
682:BR,Player:0r130c/cr299c/cc/cc:2d4s,2cAs|/4h6cJs/2s/Tc:529,-529(529.000000)
683:Player,BR:0cc/cc/cc/cc:8dJh,2h8h|/2sTcJc/Ah/7s:100,-100(-18.000871)
684:BR,Player:0r200c/cr390c/cr4140f:KsAd,3c4s|/2h5cJc/6d:-690,690(-690.000000)
685:Player,BR:0cc/cc/cc/r130c:8sTh,2c5c|/2h8c9c/3s/7c:-230,230(-228.339948)
686:BR,Player:0r130c/cr299c/cr1587c/cr17884f:7cQs,3c4c|/2h5sAd/6c/Td:-2116,2116(-2116.000000)
687:Player,BR:0cc/cc/r200c/cc:2dJh,5s9c|/9dThQh/3d/7h:-300,300(-170.335766)
688:BR,Player:0f:9h9c,2c3s|:50,-50(50.000000)
689:Player,BR:0cc/cc/cc/r200c:4c5h,3s7s|/8sThJs/9d/8c:-300,300(-251.718483)
690:BR,Player:0r130c/cc/cr299c/cc:6d9s,4s5s|/4d9cTh/3d/Ks:529,-529(390.902014)
691:Player,BR:0cc/cc/cc/cc:6dJh,JcAd|/3c7c8s/2d/Td:-100,100(15.889898)
692:BR,Player:0r130c/cr299c/cc/cc:9cKh,6hJh|/5dTsJs/As/6s:-529,529(-244.926900)
693:Player,BR:0cc/cc/cc/cc:3c9d,JsQs|/3s6hJd/Ts/As:-100,100(-99.419624)
694:BR,Player:0r300c/cc/cr200f:8d9s,6cTs|/3h4h5s/2h:-400,400(-400.000000)
695:Player,BR:0cc/cc/cc/cc:3d9c,7dAc|/3c5dJc/Kh/5h:100,-100(-15.226942)
696:BR,Player:0cc/cc/cc/cr130f:2dAd,5sJd|/5dQsKd/4s/5h:-100,100(-100.000000)
697:Player,BR:0cc/cc/cc/cc:2hJs,4s7s|/4cTsAs/4d/Qs:-100,100(-97.746778)
698:BR,Player:0r200c/cc/cr390f:2cKc,AhAd|/7s8hQs/3c:-300,300(-300.000000)
699:Player,BR:0cr300c/cc/cc/cc:8hKc,7hKh|/3h3c8s/6h/Tc:400,-400(368.920740)
700:BR,Player:0cc/cc/cr200c/cr600c:5sJc,2sJd|/9d9cJh/Th/9h:0,-0(-24.381804)
701:Player,BR:0cc/cc/cc/cc:6h9c,5s6d|/5dTcJd/Ac/Th:-100,100(-55.941325)
702:BR,Player:0r200c/cr390c/cr2070c/cr16560c:8cAc,5sTs|/2hQcAd/Kc/5c:19320,-19320(19320.000000)
703:Player,BR:0cc/cc/cc/cc:9cKh,AsAc|/5d6s6d/8d/Qh:-100,100(-71.593899)
704:BR,Player:0f:3h7s,3d9h|:50,-50(50.000000)
705:Player,BR:0cr300c/cc/cc/cc:5d8s,7c9h|/8cKcAh/Tc/4h:400,-400(400.000000)
706:BR,Player:0cc/cc/cc/cc:2h4h,5d9c|/QdKsAh/Kd/Jc:0,-0(-55.162370)
707:Player,BR:0cr300c/cc/r200c/cc:6h6d,5s9c|/2sJcKh/Jh/7c:600,-600(596.449065)
708:BR,Player:0r130c/cr299c/cr687c/cc:6d7s,4hAc|/4s5s8h/6h/3d:1216,-1216(1216.000000)
709:Player,BR:0cc/cc/cc/cc:6cJh,7h9d|/8sKsKc/2s/4d:100,-100(82.194883)
710:BR,Player:0r130c/cc/cr115c/cr2070f:6dTc,3cKd|/3d6cTd/Kc/7h:-345,345(-345.000000)
711:Player,BR:0cr200c/cc/r150c/r225c:QhQd,4hJd|/TdJcQc/6s/9h:675,-675(141.845799)
712:BR,Player:0r200c/cc/cr390f:3d8h,5s6d|/2c5dKd/2s:-300,300(-300.000000)
713:Player,BR:0cr600f:ThTc,4c8c|:100,-100(100.000000)
714:BR,Player:0f:8d9s,2s9h|:50,-50(50.000000)
715:Player,BR:0cc/cc/cc/r200c:2hQs,KsAd|/9hQhAc/4c/7s:-300,300(-300.000000)
716:BR,Player:0cc/cc/cr130c/cc:6hQc,6s7d|/3sQhAh/Ad/8s:230,-230(230.000000)
717:Player,BR:0cr600c/r4200f:KhAc,2s2d|/4s9hAs:700,-700(700.000000)
718:BR,Player:0r200c/cc/cc/cr600f:2s8d,7h7d|/2hQsAh/Th/6h:-300,300(-300.000000)
719:Player,BR:0cc/cc/cc/cc:5d8d,TcKh|/5h7dJs/Kd/Ac:-100,100(-65.887250)
720:BR,Player:0r200c/cc/cc/cr390f:9sTs,QsAs|/3d5hKh/Qd/3c:-300,300(-300.000000)
721:Player,BR:0cr600f:7d9s,4hJc|:100,-100(100.000000)
722:BR,Player:0r130c/cr299c/cr687c/cr3648c:2h8h,7cTd|/2c5h8c/As/5s:4864,-4864(1827.630798)
723:Player,BR:0cc/cc/cc/cc:9cJs,7cJh|/3h4sQs/8d/Jc:100,-100(-84.419955)
724:BR,Player:0cc/cc/cc/cr200c:5sQc,2hQs|/4c6h8s/7s/3d:300,-300(298.327139)
725:Player,BR:0cr300f:KcAh,4h7s|:100,-100(100.000000)
726:BR,Player:0r130c/cr299f:3c4h,9sTc|/6d8dTs:-230,230(-230.000000)
727:Player,BR:0cr300c/cc/cc/r200f:6dKd,4sQh|/2s7c9c/Jc/8s:400,-400(400.000000)
728:BR,Player:0r130c/cc/cc/cr460f:4s6h,7h7c|/JdQcAh/8c/Kh:-230,230(-230.000000)
729:Player,BR:0cr200c/cc/r150c/cc:7h8h,3s8s|/3h6cTs/5h/2s:-450,450(-156.585848)
730:BR,Player:0r130c/cr299c/cc/cr687c:2sQd,7hTh|/6hTsJs/Jc/Jh:-1216,1216(146.586341)
731:Player,BR:0cc/cc/cc/cc:2h8d,3c7d|/9sTsKs/9h/As:0,-0(78.037658)
732:BR,Player:0cc/cr200c/cr390c/cc:6dAh,3cTh|/2h8cTc/Ac/4h:690,-690(690.000000)
733:Player,BR:0cr200c/r390c/cc/cc:4h4c,9cKc|/3d4s4d/8d/9h:690,-690(-580.613429)
734:BR,Player:0r130c/cc/cc/cr299c:TsJh,4c6h|/5dJcQc/5c/As:529,-529(-158.175993)
735:Player,BR:0cc/cc/r130c/r690f:7c8d,9sKs|/4hJhAs/9c/Th:230,-230(230.000000)
736:BR,Player:0r130c/cc/cr115c/cr448c:5dQh,2cQs|/5h7dKs/3s/8c:793,-793(-280.220887)
737:Player,BR:0cr130c/r1380f:9hAs,2sQh|/8h9cAd:230,-230(230.000000)
738:BR,Player:0r130c/cc/cr115c/cc:7h9h,7cJh|/4h4dTd/Ac/As:-345,345(-345.000000)
739:Player,BR:0cc/cc/cc/r130c:8dTh,6d9d|/9cTdAd/Tc/8c:230,-230(-120.658306)
740:BR,Player:0r130c/cr299c/cc/cr687c:8dJd,2c4c|/6s6dQd/3d/6h:1216,-1216(-204.512405)
741:Player,BR:0cr200c/r3600c/r780c/cc:7sKs,2s2d|/4sTsQh/9c/8d:-4680,4680(-4680.000000)
742:BR,Player:0r200c/cc/cc/cr390c:3h9h,5h8h|/4cJcKh/3c/Qh:690,-690(-210.707008)
743:Player,BR:0cr300c/cc/r200c/cc:8dTs,2sQc|/3s6d6c/5s/Tc:600,-600(563.994954)
744:BR,Player:0r130c/cr299f:2cQs,8sQh|/3d6d7s:-230,230(-230.000000)
745:Player,BR:0cc/cc/cc/cc:7dKs,QcAc|/3c6d8c/Ad/9d:-100,100(-85.934605)
746:BR,Player:0r130c/cc/cc/cc:JsAd,8sQs|/4s4cAh/6h/5d:230,-230(230.000000)
747:Player,BR:0cc/cc/r130f:6d8h,4c7h|/3c5cKc/2d:100,-100(100.000000)
748:BR,Player:0r130c/cc/cc/cc:9dKh,7cQd|/JdKcAs/4c/3c:230,-230(230.000000)
749:Player,BR:0cc/cc/cc/cc:2d5s,8dAh|/9dKdAs/5c/5h:100,-100(-69.166148)
750:BR,Player:0r130c/cr299c/cr264c/cr1586c:5d6c,9hTd|/3s5h6d/5c/Jc:2379,-2379(2379.000000)
751:Player,BR:0cr300f:4h6s,3s5s|:100,-100(100.000000)
752:BR,Player:0r130c/cc/cr115c/cc:5d8s,4s7h|/2dQsAd/4h/Td:-345,345(-274.309526)
753:Player,BR:0cc/cc/cc/r130f:3d8h,TcJh|/3s5hKh/As/3h:100,-100(100.000000)
754:BR,Player:0r130c/cc/cr299c/cr687c:2c9d,6d7h|/QdQcKs/Jc/4h:1216,-1216(-480.133651)
755:Player,BR:0cr200c/cc/r150c/r225c:8h9s,8dKh|/3s4dJc/As/8c:-675,675(-222.015385)
756:BR,Player:0f:3d4s,3c7s|:50,-50(50.000000)
757:Player,BR:0cr1200f:3s9s,4d8c|:100,-100(100.000000)
758:BR,Player:0r130c/cc/cc/cr460f:3s3c,8hJh|/7cJsQh/6s/2d:-230,230(-230.000000)
759:Player,BR:0cc/cc/cc/r130c:3d7c,4sKd|/2s2h7s/Ks/Jd:-230,230(-195.015928)
760:BR,Player:0r130c/cc/cr299c/cc:7s8d,QcAh|/2s8s8c/5d/6d:529,-529(529.000000)
761:Player,BR:0cr130c/cc/r299c/r1058c:TsJh,6h9h|/2s5c6d/Jd/6s:-1587,1587(-1587.000000)
762:BR,Player:0r130c/cr299c/cc/cc:6h8s,4s6d|/5s9sAh/Ks/9c:529,-529(-186.451684)
763:Player,BR:0cc/cc/cc/cc:4cKh,9cJd|/7hTsAd/6c/5d:100,-100(79.795374)
764:BR,Player:0r130c/cr299c/cr1587c/cr17884c:9cTc,4s5h|/6c7sAc/Qs/Qh:20000,-20000(19403.309378)
765:Player,BR:0cr600c/cc/cc/r350c:3h6h,9cQs|/3s5h7d/Tc/5s:1050,-1050(680.459412)
766:BR,Player:0r130c/cc/cr115c/cc:7cQc,KhAs|/6d7h8s/Ad/5d:-345,345(-219.252423)
767:Player,BR:0cr600c/cc/r910c/r322f:6d9d,7cKd|/7s9cAd/6s/2h:1610,-1610(1610.000000)
768:BR,Player:0cc/cc/cr130f:2d9c,KcAc|/6h7sJd/6s:-100,100(-100.000000)
769:Player,BR:0cr600f:4h5s,2d9d|:100,-100(100.000000)
770:BR,Player:0f:4h5d,2c7s|:50,-50(50.000000)
771:Player,BR:0cc/cc/cc/cc:4c9d,5c8c|/7hKsKc/Tc/6s:100,-100(73.614995)
772:BR,Player:0r200c/cc/cc/cc:6dAc,4cAh|/8s8cJc/Qd/9h:0,-0(-16.797795)
773:Player,BR:0cr600c/cc/cc/cc:7cKc,9hTc|/3h6dAc/4d/3s:700,-700(700.000000)
774:BR,Player:0r130c/cc/cr115f:7cJs,AhAc|/8d9dKd/8s:-230,230(-230.000000)
775:Player,BR:0cc/cc/cc/cc:2cKs,2d4s|/3c7h7c/8h/6d:100,-100(100.000000)
776:BR,Player:0f:4hTc,3h9s|:50,-50(50.000000)
777:Player,BR:0cr200c/cc/r150f:6c9d,3c9s|/4c6dAc/As:300,-300(300.000000)
778:BR,Player:0cc/cc/cc/cc:JcAh,3h4h|/4cQdKh/9d/6h:-100,100(10.680700)
779:Player,BR:0cc/cc/cc/r130c:3s6d,3hQc|/4s5h8h/9c/Qs:-230,230(-135.945719)
780:BR,Player:0r200c/cc/cr390c/cc:2sQh,5d9h|/2cJsJc/Td/8s:690,-690(101.339030)
781:Player,BR:0cc/cc/cc/r300c:5dTs,JhKh|/6s9cJc/9d/6h:-400,400(-331.470015)
782:BR,Player:0r200c/cr390c/cc/cc:5dTd,2cQh|/2d6h6d/As/Qd:690,-690(690.000000)
783:Player,BR:0cc/cc/r300c/cc:4c5h,3cKh|/2h8dKs/6h/8s:-400,400(-400.000000)
784:BR,Player:0r200c/cc/cc/cc:JhAc,6d6c|/4s7c9d/Qs/3c:-300,300(-61.882220)
785:Player,BR:0cr600f:9sJd,3d5c|:100,-100(100.000000)
786:BR,Player:0f:5dKc,2s9d|:50,-50(50.000000)
787:Player,BR:0cc/cc/cc/r200c:8sQh,8cKd|/2c9dJh/8d/Td:300,-300(-7.840676)
788:BR,Player:0r130c/cc/cr299c/cc:9hTc,6dKd|/2c8sQs/5c/5s:-529,529(-308.745407)
789:Player,BR:0cc/cc/r130c/cc:5h9d,2s2c|/7d8hKc/Ad/2d:-230,230(-222.368700)
790:BR,Player:0r130c/cc/cr690f:2h7d,4d8d|/4hTsKs/8h:-230,230(-230.000000)
791:Player,BR:0cc/cc/cc/cc:3dJs,4d7h|/TsQhAc/6h/6c:100,-100(100.000000)
792:BR,Player:0r130c/cc/cc/cc:6dTc,6hJs|/2c3cQh/Qs/8h:-230,230(-230.000000)
793:Player,BR:0cc/cc/cc/cc:6sQc,5cAh|/4h7h9c/3s/2h:-100,100(-93.088529)
794:BR,Player:0r200c/cr600c/cr1170c/cr2691c:2dQd,5cTc|/8c9sKd/8d/8s:4761,-4761(1041.925317)
795:Player,BR:0cr300c/cc/cc/cc:8cAh,6hKc|/KsKhAd/Qh/Jc:-400,400(-377.396604)
796:BR,Player:0r130c/cr299c/cc/cr687f:7hKd,TsAs|/5s8hAh/5h/Qs:-529,529(-529.000000)
797:Player,BR:0cc/cc/r130c/cc:2d9c,3c8c|/2h6s6c/8d/Qc:-230,230(-180.943432)
798:BR,Player:0r130c/cc/cr460c/cc:9dKh,5sQh|/4s4c9c/2s/2h:690,-690(690.000000)
799:Player,BR:0cc/cc/r130c/r115c:5d7h,8sAd|/2s4hAh/Kc/9h:-345,345(-22.413244)
800:BR,Player:0r130c/cr299c/cc/cc:ThKc,JcAh|/TsTdKh/9d/2c:529,-529(529.000000)
801:Player,BR:0cr300c/r800c/r600c/r3600f:3h3c,JcKc|/7hThKs/Kh/3s:1800,-1800(1800.000000)
802:BR,Player:0f:7sKh,2c5d|:50,-50(50.000000)
803:Player,BR:0cc/cc/cc/cc:2s3c,ThKc|/8sKhKd/5c/3d:-100,100(-97.194580)
804:BR,Player:0r130c/cc/cr115c/cc:JdAc,6d9s|/4c8hAh/Jh/Jc:345,-345(345.000000)
805:Player,BR:0cc/cc/r130c/cc:3hTs,3cJd|/9sJsKc/7h/9d:-230,230(-204.702465)
806:BR,Player:0r200c/cc/cr390c/cr897c:8sTh,7c9h|/4s4dQd/6c/Ts:1587,-1587(1587.000000)
807:Player,BR:0cr200c/cc/r150c/cc:7dJs,3s5h|/2c4dKh/8s/Ks:450,-450(450.000000)
808:BR,Player:0r130c/cr299f:2h3c,5c8c|/4d7cTs:-230,230(-230.000000)
809:Player,BR:0cr300c/r520c/r1196f:6sQs,4c7c|/3d6hJs/Qc:920,-920(920.000000)
810:BR,Player:0r130c/cc/cr690f:3h5c,QdAs|/4s8sQc/Th:-230,230(-230.000000)
811:Player,BR:0cc/cc/cc/r130f:4cQd,3c5c|/6dQhKc/3s/4d:100,-100(100.000000)
812:BR,Player:0r130c/cr299c/cc/cc:6sQc,2sTs|/5s9dAc/9c/7s:529,-529(62.581350)
813:Player,BR:0cc/cc/cc/cc:3cTh,TsKh|/6s7s9s/Qc/3d:100,-100(46.767886)
814:BR,Player:0r130c/cc/cr460c/cr897c:8dAc,7s8c|/ThJsKd/Td/2c:1587,-1587(572.930348)
815:Player,BR:0cc/cc/cc/r130c:2h7h,5sKs|/5h8dKd/Ac/Qd:-230,230(-214.638271)
816:BR,Player:0r200c/cr390f:4h9d,4s6h|/7d8hQs:-300,300(-300.000000)
817:Player,BR:0cr200c/cc/cc/cc:KsKd,4c9c|/3h6h6c/Qd/2h:300,-300(300.000000)
818:BR,Player:0r130c/cr299c/cc/cc:JdJc,9dAc|/5h6s8s/6d/8d:529,-529(529.000000)
819:Player,BR:0cr130c/r299c/cc/cc:ThQs,2h5c|/4d6d8c/7s/5s:0,-0(2.120464)
820:BR,Player:0r130c/cc/cc/cc:JhAc,7cJs|/7s9hTc/As/Kd:230,-230(230.000000)
821:Player,BR:0cr300c/cc/r200f:5sQh,2hJd|/5d8d8c/4s:400,-400(400.000000)
822:BR,Player:0r130c/cc/cr115c/cc:7s8s,2sQd|/3s7cKd/9h/6d:345,-345(80.350151)
823:Player,BR:0cc/cc/cc/cc:2s7s,9sQc|/2dKsAc/5h/Js:100,-100(20.127764)
824:BR,Player:0r130c/cr690c/cc/cc:JsAc,3c4s|/2s6dQs/9c/3s:-920,920(-148.942506)
825:Player,BR:0cc/cc/cc/cc:6h8d,6s6c|/3hQsKc/2c/2s:-100,100(-40.045540)
826:BR,Player:0cc/cc/cc/cc:8hTd,6cAs|/4cJhKh/9h/9s:-100,100(-94.212820)
827:Player,BR:0cc/cc/cc/r130c:7dKh,3cQd|/5dJcKc/Ac/Qs:230,-230(64.929619)
828:BR,Player:0f:6cQh,3h7c|:50,-50(50.000000)
829:Player,BR:0cr300f:4cAc,4d9h|:100,-100(100.000000)
830:BR,Player:0r130c/cc/cr460c/cc:5cKc,8cKd|/2s5h9s/7c/Qh:690,-690(100.003266)
831:Player,BR:0cr300c/cc/r200c/r780f:TdTc,TsJs|/4h7hQc/9s/7d:600,-600(600.000000)
832:BR,Player:0r130c/cc/cr115f:3h8s,TcAs|/4s7hAd/Ah:-230,230(-230.000000)
833:Player,BR:0cr600c/cc/cc/r910c:2c5d,8h9d|/7sQhKd/Jh/3c:-1610,1610(-278.419457)
834:BR,Player:0r130c/cr299c/cc/cc:7dTc,4c9c|/6d7h8c/Td/9s:0,-0(-0.000000)
835:Player,BR:0cc/cc/cc/cc:JdQc,2cKc|/3h6cTc/8h/Qh:100,-100(74.324374)
836:BR,Player:0r130c/cr460c/cr1380c/cr4140f:4hKd,JdJc|/3d7sTh/Js/Qc:-2070,2070(-2070.000000)
837:Player,BR:0cr200c/cc/cc/r390f:9cKc,4sAh|/3dJdAc/Qs/Ts:300,-300(300.000000)
838:BR,Player:0r200c/cc/cr150c/cc:3h6d,4s5s|/3d5hQd/9c/Jd:-450,450(-450.000000)
839:Player,BR:0cc/cc/r600f:8d9c,4s6d|/2c5d7d/2h:100,-100(100.000000)
840:BR,Player:0r200c/cr390c/cr1380f:5h5c,7sAs|/2h7hKd/7d:-690,690(-690.000000)
841:Player,BR:0cr300c/cc/cc/r520f:4h6d,2hKs|/2s9hJd/8s/Jc:400,-400(400.000000)
842:BR,Player:0r130c/cr460c/cc/cc:JcKd,8cKh|/2s6hTc/Td/Qh:690,-690(146.651299)
843:Player,BR:0cc/cc/cc/cc:4hQd,TcQs|/2d4s5c/Kh/7h:100,-100(62.558415)
844:BR,Player:0cc/cc/cc/cr200f:5dJh,3dTd|/9sKsAh/Qh/Jc:-100,100(-100.000000)
845:Player,BR:0cr300f:QhQd,3s7s|:100,-100(100.000000)
846:BR,Player:0r200c/cr390c/cc/cc:5hAd,5s7c|/2s7hQd/Jc/Js:-690,690(113.639849)
847:Player,BR:0cc/cc/cc/cc:4dJd,5cKd|/3d4h7c/5h/Td:-100,100(-55.181955)
848:BR,Player:0f:6d8s,2h4s|:50,-50(50.000000)
849:Player,BR:0cc/cc/cc/cc:3c8h,ThTd|/4h7hTs/2h/9h:-100,100(-82.516607)
850:BR,Player:0r130c/cr460c/cr345c/cr1345c:5dAd,6d7h|/2s5sAs/Ac/Jc:2380,-2380(2380.000000)
851:Player,BR:0cc/cc/cc/cc:2s7d,6dKs|/9cAhAd/9s/Kh:-100,100(-69.901495)
852:BR,Player:0cc/cc/cc/cr200c:5sTs,4d8h|/5d6cJh/6d/Th:300,-300(221.511140)
853:Player,BR:0cr300c/cc/r200c/r780f:QdKc,7sJs|/2c8cTs/3h/5d:600,-600(600.000000)
854:BR,Player:0r200c/cc/cr150c/cr1350f:ThQd,8dKc|/5s8cQc/7h/Ks:-450,450(-450.000000)
855:Player,BR:0cr130c/cc/r115c/cc:KhAd,4s8h|/4dJsJd/Qc/Ts:345,-345(-222.855640)
856:BR,Player:0r130c/cr460f:2dJs,TsTd|/3d6s8h:-230,230(-230.000000)
857:Player,BR:0cr300f:8c9c,3d7d|:100,-100(100.000000)
858:BR,Player:0cc/cc/cr200f:3c7d,2sJd|/7sTcJc/2c:-100,100(-100.000000)
859:Player,BR:0cc/cc/cc/cc:5hQs,QcKh|/5d7c8s/7s/6d:100,-100(67.007047)
860:BR,Player:0r200f:2h7s,6h9d|:-100,100(-100.000000)
861:Player,BR:0cc/cc/cc/cc:2dAs,3sJs|/4d8hKh/2s/Td:100,-100(80.513002)
862:BR,Player:0cc/cc/cc/cr200c:2c7s,4s8c|/3h7hKh/As/Qs:300,-300(86.343161)
863:Player,BR:0cr200c/r600f:TdKs,4h7s|/2h8dJd:300,-300(300.000000)
864:BR,Player:0cc/cr130c/cc/cr299f:ThTd,2dKd|/7d8cKc/3s/8d:-230,230(-230.000000)
865:Player,BR:0cr300c/cc/cc/r200c:JcKc,8sAs|/6s9dJs/Kd/7d:600,-600(264.257313)
866:BR,Player:0r130c/cc/cc/cr299c:5sJh,9dQc|/9sJdQd/Ts/9h:-529,529(-79.760412)
867:Player,BR:0cc/cc/cc/r130f:2d8s,4h5c|/3d8hQd/9s/7d:100,-100(100.000000)
868:BR,Player:0r130c/cr690c/cc/cc:5dJs,AsAc|/4sJcKc/Tc/2h:-920,920(689.664300)
869:Player,BR:0cc/cc/cc/r130f:7sJs,4sQh|/4d7cTc/5c/Ts:100,-100(100.000000)
870:BR,Player:0r130c/cr299c/cc/cr1058c:2cAc,5sKc|/8cQsKs/7s/As:-1587,1587(-431.290514)
871:Player,BR:0cr300f:2s2c,4c9d|:100,-100(100.000000)
872:BR,Player:0r130c/cc/cc/cc:7cAc,3s5s|/7d8cTc/Jd/3h:230,-230(220.652631)
873:Player,BR:0cc/cc/cc/cc:8s9h,TdAs|/6c8cQc/Jh/7s:100,-100(13.365710)
874:BR,Player:0r130c/cr460c/cc/cc:6d7d,6h9h|/5d6s8c/Kd/8s:0,-0(515.253918)
875:Player,BR:0cc/cc/cc/r130c:9hQd,7hKs|/6c7s7d/Qc/6s:-230,230(-224.552486)
876:BR,Player:0r130c/cc/cc/cr299f:5dAd,7cJc|/2h7dKc/9h/6h:-230,230(-230.000000)
877:Player,BR:0cc/cc/cc/r130c:5hJh,7hAd|/5d7dQc/Kd/3h:-230,230(-128.337837)
878:BR,Player:0r130c/cc/cc/cr299f:2c7d,TdAh|/2dJdKh/9s/Qh:-230,230(-230.000000)
879:Player,BR:0cc/cc/r200f:2dTs,2sAh|/6h7s8c/Jd:100,-100(100.000000)
880:BR,Player:0cc/cc/cr300f:5s7c,3cJc|/2c8dKh/Jd:-100,100(-100.000000)
881:Player,BR:0cc/cc/cc/cc:2s9d,4s8s|/6dJsKh/6c/5d:100,-100(82.843708)
882:BR,Player:0r200c/cr390c/cc/cr897c:7cAc,7hTh|/5d9cTd/Ah/4c:1587,-1587(1107.210432)
883:Player,BR:0cr300c/cc/r200c/r300c:JcKd,7sQc|/3s9dKs/9h/Js:900,-900(359.859823)
884:BR,Player:0r130c/cr460f:8sQs,2dAh|/3h7hJc:-230,230(-230.000000)
885:Player,BR:0cc/cc/r130c/r299f:6d8s,9h9c|/7sThAh/Td/Ks:230,-230(230.000000)
886:BR,Player:0r130c/cc/cc/cr690c:5sKh,4h6d|/8hJdAc/Tc/7c:920,-920(543.326710)
887:Player,BR:0cc/cc/cc/r130f:3sQh,ThAs|/5d6s9h/5s/3c:100,-100(100.000000)
888:BR,Player:0r200c/cc/cc/cr390c:5sAh,JsKs|/4h4dQh/Ad/Th:-690,690(660.902208)
889:Player,BR:0cc/cc/r200c/r600c:7cQc,JdQd|/2h3dTc/3h/Js:-900,900(-806.688559)
890:BR,Player:0cc/cc/cc/cr130c:2s2d,4d8s|/2h8cTd/5c/Js:230,-230(230.000000)
891:Player,BR:0cc/cc/cc/r200f:5dKs,7hQh|/8dQcKd/8s/Js:100,-100(100.000000)
892:BR,Player:0r200c/cr390c/cr1380c/cc:2sAs,3c5d|/4s4d8d/Kc/3h:-2070,2070(477.260061)
893:Player,BR:0cc/cc/r130c/r460f:2h7s,5sQd|/7h7cAh/9h/5d:230,-230(230.000000)
894:BR,Player:0r130c/cr299c/cc/cc:4c8h,7c9h|/6h8cKc/7d/3h:529,-529(443.100494)
895:Player,BR:0cc/cc/cc/cc:7hKd,8cTc|/4c7s7d/8d/Jh:100,-100(-68.382419)
896:BR,Player:0r130c/cr299c/cc/cc:JdKh,2dKs|/2h4cJc/7h/3h:529,-529(529.000000)
897:Player,BR:0cr300f:3c5c,2s9c|:100,-100(100.000000)
898:BR,Player:0r200c/cr600f:8d9h,7sAc|/4d7cKs:-300,300(-300.000000)
899:Player,BR:0cr600c/cc/cc/cc:9dQs,8dTc|/QdKhAc/2h/4c:700,-700(583.114266)
900:BR,Player:0r130c/cc/cr460f:2sKc,5sAh|/TsTdAd/Th:-230,230(-230.000000)
901:Player,BR:0cr200c/cc/cc/cc:5h9h,3d8h|/5c6dQd/Jd/5s:300,-300(300.000000)
902:BR,Player:0cc/cc/cc/cr130f:3d5d,4d8s|/2h8h9s/2s/8d:-100,100(-100.000000)
903:Player,BR:0cr200c/cc/r150c/r585f:QcKs,3d5c|/3c4c9c/2d/Kh:450,-450(450.000000)
904:BR,Player:0r130c/cc/cc/cr299c:JcAs,TdQc|/3dQsKh/7s/Qd:-529,529(-39.547392)
905:Player,BR:0cr200c/cc/cc/cc:KdAc,6cAs|/7h8cQh/2d/5h:300,-300(225.262118)
906:BR,Player:0cc/cc/cr200f:7cQd,4d4c|/2h4h5h/8d:-100,100(-100.000000)
907:Player,BR:0cc/cc/r130c/cc:4s9d,JdKh|/2s6d9h/8d/Th:230,-230(181.670418)
908:BR,Player:0r200c/cr390c/cc/cr897f:4s5c,TsAs|/3d7sAd/5h/3h:-690,690(-690.000000)
909:Player,BR:0cr300c/r800c/r3600f:TdAd,5dAh|/TcKhAs/4h:1200,-1200(1200.000000)
910:BR,Player:0r130c/cc/cc/cr460c:3dAc,8hTc|/2s4cAs/9h/Kd:690,-690(669.030373)
911:Player,BR:0cc/cc/cc/cc:3d8h,6sKd|/3c7hJd/Kc/Kh:-100,100(-98.475499)
912:BR,Player:0cc/cc/cc/cc:2hJs,3cQh|/6cJcKd/Ad/Ks:100,-100(100.000000)
913:Player,BR:0cc/cc/cc/r130c:5dQs,5sQd|/8dTcJc/2d/9c:0,-0(-151.003160)
914:BR,Player:0f:3dQs,2h9c|:50,-50(50.000000)
915:Player,BR:0cc/cc/cc/cc:5d8h,5c6c|/4sKhAc/Js/Qc:100,-100(91.093790)
916:BR,Player:0r200c/cr390c/cc/cc:QsKh,5d6s|/2d7dQh/3h/6c:690,-690(690.000000)
917:Player,BR:0cr300c/cc/cc/cc:JdKh,7h7c|/TdTcAh/9s/4s:-400,400(-269.707718)
918:BR,Player:0r130c/cr299f:5d6s,3sJd|/QsQcAd:-230,230(-230.000000)
919:Player,BR:0cc/cc/cc/r130f:5hTd,8h9h|/6c7cJh/3h/4d:100,-100(100.000000)
920:BR,Player:0r130c/cr299f:5s9h,KsAh|/4s4d8s:-230,230(-230.000000)
921:Player,BR:0cc/cc/cc/cc:6cJs,JcKd|/7cQdAs/5c/2d:-100,100(14.121503)
922:BR,Player:0f:6s8h,3hTs|:50,-50(50.000000)
923:Player,BR:0cc/cc/r130c/r299f:7cJh,5dTh|/5cJdAs/6c/2c:230,-230(230.000000)
924:BR,Player:0cc/cc/cr200c/cc:8hKc,4s9d|/3h5hJh/5c/9h:300,-300(300.000000)
925:Player,BR:0cr300c/r1200f:JhJd,7c8c|/2d3c9s:400,-400(400.000000)
926:BR,Player:0f:4s8c,3d7h|:50,-50(50.000000)
927:Player,BR:0cc/cc/r130c/cc:6dJs,5h7s|/3d7dTs/9d/Qs:-230,230(1.750544)
928:BR,Player:0f:2c5c,3s6d|:50,-50(50.000000)
929:Player,BR:0cc/r130c/r299c/r1587c:7d9h,3hTd|/6dThTc/2c/2s:-2116,2116(-2065.717486)
930:BR,Player:0cc/cc/cc/cc:3hJc,3sKh|/4s8cQd/7h/Qh:-100,100(-89.341452)
931:Player,BR:0cc/cc/cc/cc:2s3c,5dTc|/2dTsQc/Jd/Th:-100,100(-90.979106)
932:BR,Player:0r130c/cc/cc/cc:5s6c,7d9h|/9cThKd/Jd/4d:-230,230(-230.000000)
933:Player,BR:0cc/cc/cc/cc:8cQd,2s3d|/5d9dKs/Ac/9h:100,-100(97.542527)
934:BR,Player:0r130c/cc/cc/cr299f:7s7d,TdQh|/6hThKd/4d/Jc:-230,230(-230.000000)
935:Player,BR:0cc/cc/cc/r130c:5sTd,5h5c|/TsQhAc/Qc/4h:230,-230(-8.412232)
936:BR,Player:0f:4s9c,2s3h|:50,-50(50.000000)
937:Player,BR:0cr200c/r390c/r2070c/r17240c:TsAs,JdQs|/7sJhKd/9h/6h:-20000,20000(-7604.766239)
938:BR,Player:0r200c/cr600c/cr1800c/cc:5s5c,ThTd|/6h7s9d/9h/3h:-2700,2700(-711.474745)
939:Player,BR:0cr200c/cc/cc/cc:QhAs,3c5c|/7d8sKh/2d/5d:-300,300(-163.061507)
940:BR,Player:0r200c/cc/cc/cc:QhAc,9dTh|/5h9sAh/7h/Qc:300,-300(300.000000)
941:Player,BR:0cr300c/cc/cc/r200c:TcQc,4cJd|/3s9hJs/7h/6c:-600,600(-526.897057)
942:BR,Player:0r200c/cr600c/cr1800f:6h8d,JsJd|/2d3d7d/2c:-900,900(-900.000000)
943:Player,BR:0cr600c/cc/r350c/r1365f:8dQd,4s4h|/6sTsTc/Js/Qc:1050,-1050(1050.000000)
944:BR,Player:0r200c/cc/cc/cc:3h8d,6s7s|/7cJdKc/5c/4c:-300,300(-300.000000)
945:Player,BR:0cc/cc/cc/cc:8dKc,TdQd|/3hJcQh/6h/5s:-100,100(-68.156644)
946:BR,Player:0r130c/cc/cc/cr299c:5h6h,9hTs|/4d7sKd/8d/Qs:529,-529(529.000000)
947:Player,BR:0cr200c/r600c/cc/cc:6sJs,4c6d|/3h4hAd/Qd/5s:-900,900(-360.352147)
948:BR,Player:0cc/cr130c/cc/cc:4cTd,5c9d|/8sQcAs/3c/7d:230,-230(-76.031658)
949:Player,BR:0cc/cc/cc/cc:2d4h,8d9s|/4d8sTc/Jd/Ks:-100,100(-39.556250)
950:BR,Player:0r200c/cr390c/cc/cc:8cAs,4c6d|/2d9hQd/Td/Kc:690,-690(149.396241)
951:Player,BR:0cc/cc/cc/cc:2dAs,JhKs|/5h8h9h/Kd/Td:-100,100(-88.273287)
952:BR,Player:0cc/cr200c/cc/cr600c:3h8d,2sJc|/8s9cTd/3c/6h:900,-900(760.375413)
953:Player,BR:0cr300c/cc/r520c/cc:5h6h,3hQc|/4s4h9h/4d/3c:-920,920(-508.558468)
954:BR,Player:0r130c/cr299c/cc/cr687c:QcAc,6sJh|/2h4h5d/Qd/Th:1216,-1216(728.559038)
955:Player,BR:0cr200c/cc/cc/r150c:4h6c,2d8c|/3sTcJc/9d/As:-450,450(124.840933)
956:BR,Player:0f:9cJs,2d9s|:50,-50(50.000000)
957:Player,BR:0cr200c/cc/cc/r600f:9sTs,3h6s|/4d4c6c/Tc/7s:300,-300(300.000000)
958:BR,Player:0r130c/cc/cc/cr299c:JdJc,7cKd|/7dTdQc/As/7s:-529,529(241.215081)
959:Player,BR:0cc/cc/cc/cc:2cJs,2s3h|/6h9cAs/6s/7s:100,-100(91.396829)
960:BR,Player:0cc/cc/cc/cc:4dJh,6cAs|/5s5d9h/7d/3s:-100,100(-100.000000)
961:Player,BR:0cr300c/cc/cc/r1200c:QcAd,3hQs|/6dThJd/9h/Ks:1600,-1600(-247.060462)
962:BR,Player:0r130c/cr460c/cc/cc:4c7s,3c5h|/5c6hKh/7d/2d:690,-690(502.500625)
963:Player,BR:0cc/cc/r130c/r115c:2sTd,JdAd|/3dAsAc/Tc/Qh:-345,345(-342.310671)
964:BR,Player:0r130c/cc/cr460c/cr2070c:6dJh,8sTc|/3d5s7h/Jd/Ac:2760,-2760(1950.280526)
965:Player,BR:0cc/cc/cc/cc:2cTs,JcAc|/3s6s6h/Th/7c:100,-100(-36.908635)
966:BR,Player:0r200c/cc/cc/cc:6c9c,QsAh|/2c5c7h/8c/Td:300,-300(300.000000)
967:Player,BR:0cc/cc/cc/cc:7sKd,5dJc|/4sTcQs/8s/8h:100,-100(59.774675)
968:BR,Player:0r200c/cc/cc/cc:8dJd,9sAh|/4s5hJs/6h/8h:300,-300(300.000000)
969:Player,BR:0cc/cc/cc/cc:6d8c,2d9d|/3s5cQs/Jh/Ah:-100,100(82.410156)
970:BR,Player:0f:9sQd,3d8c|:50,-50(50.000000)
971:Player,BR:0cc/cc/cc/r130c:3h7h,3d9s|/6dQhAs/Qd/Qc:-230,230(15.844568)
972:BR,Player:0f:4dKh,2h9c|:50,-50(50.000000)
973:Player,BR:0cc/cc/r130c/r460c:3h4c,2hQc|/2dQhKc/5c/6s:690,-690(-305.707831)
974:BR,Player:0r200c/cc/cc/cc:QhKd,QdKh|/9cTdAd/6h/9d:0,-0(3.568960)
975:Player,BR:0cc/cc/cc/r130c:2s8h,5cAc|/7c9hKh/Td/3c:-230,230(90.561153)
976:BR,Player:0r130c/cr299c/cc/cc:9cAh,8sAd|/4d5s8d/7h/Tc:-529,529(-363.041711)
977:Player,BR:0cc/cc/cc/cc:2hJs,2cKs|/3hQsQc/Td/4d:-100,100(15.726509)
978:BR,Player:0r130c/cr299f:3c5h,9s9d|/6s8sQc:-230,230(-230.000000)
979:Player,BR:0cr300f:TcJc,2h7h|:100,-100(100.000000)
980:BR,Player:0r130c/cr299c/cc/cc:QsAc,7hJh|/3cThAh/7s/6d:529,-529(529.000000)
981:Player,BR:0cc/cc/r130c/cc:3h5c,TsJh|/5s6c7c/2h/8d:230,-230(202.999301)
982:BR,Player:0r130c/cr299c/cc/cc:8hKc,3h7h|/4sTcQh/3s/4d:-529,529(231.507022)
983:Player,BR:0cc/cc/r200c/r600c:3c6h,4dKh|/2h4cAh/5c/3h:900,-900(170.441707)
984:BR,Player:0r130c/cr299f:3c5c,5sAd|/2h9cJd:-230,230(-230.000000)
985:Player,BR:0cc/cc/r130f:3sKh,2hTs|/6d9sKc/8h:100,-100(100.000000)
986:BR,Player:0f:6dAh,3h7c|:50,-50(50.000000)
987:Player,BR:0cc/cc/r130c/r299f:4s9c,4hJh|/2d4c9s/Qh/6s:230,-230(230.000000)
988:BR,Player:0f:3d4d,2c3h|:50,-50(50.000000)
989:Player,BR:0cc/cc/r200c/r390f:4sAd,5sTd|/2hTsQh/Ac/6c:300,-300(300.000000)
990:BR,Player:0r130c/cc/cc/cr460f:QsAd,9d9c|/5h5dQh/Ts/9h:-230,230(-230.000000)
991:Player,BR:0cr300c/cc/cc/r1200c:QsAs,4s4d|/9hQdAc/4h/2c:-1600,1600(-1600.000000)
992:BR,Player:0r200c/cc/cc/cc:8sQd,6sAd|/2c8cTd/3s/4s:300,-300(300.000000)
993:Player,BR:0cc/cc/cc/cc:9hJc,2dAc|/7h8s8c/Ks/4d:-100,100(-67.070630)
994:BR,Player:0r130c/cc/cr299c/cr687c:9sKh,5hKs|/2d8hTd/9c/Kc:1216,-1216(369.819368)
995:Player,BR:0cc/cc/r200c/cc:6s7d,2cJs|/3h7sJc/4c/Ad:-300,300(-283.704781)
996:BR,Player:0r130c/cr299c/cc/cr687c:2cQs,7d9c|/3h5sQd/8h/3d:1216,-1216(814.715314)
997:Player,BR:0cr300c/r520c/r1196c/r1058f:8sQs,4cTs|/2s4h8d/6h/7h:2116,-2116(2116.000000)
998:BR,Player:0r130c/cc/cc/cr299f:5c8h,3cJd|/2d7cKh/Jc/Th:-230,230(-230.000000)
999:Player,BR:0cc/cc/cc/r130c:2c5d,2d7d|/7cTsKh/Td/2s:-230,230(-148.284340)
1000:BR,Player:0r130c/cr299c/cc/cc:3h6h,8hTc|/3sQsAs/6s/7d:529,-529(324.261714)
RAW BR STATS: n=1000, sum=108669.000000, sum_sq=2761176115.000000, vr_sum=124313.021973, vr_sum_sq=1645873180.641557
BR STATS: 108.669000(102.771440), 124.313022(79.141768)
RESULTS
1)Player: -108669
2)BR: 108669
