In config file: GAME_DEF=game_def.fullholdem
In config file: ACTIONS_R0=C
In config file: ACTIONS_R1=F,C,0.05,0.0575,0.066125,0.07604375,0.087450313,0.100567859,0.115653038,0.133000994,0.152951143,0.175893815,0.202277887,0.23261957,0.267512505,0.307639381,0.353785288,0.406853081,0.467881044,0.5380632,0.61877268,0.711588582,0.81832687,0.9410759,1.082237285,1.244572878,1.43125881,1.645947631,1.892839776,2.176765742,2.503280603,2.878772694,3.310588598,3.807176888,4.378253421,5.034991434,5.790240149,6.658776171,7.657592597,8.806231486,10.12716621,11.64624114,13.39317731,15.40215391,17.71247699,20.36934854,23.42475083,26.93846345,30.97923297,35.62611791,40.9700356,47.11554094,54.18287208,62.31030289,71.65684832,82.40537557,94.76618191,A
In config file: ACTIONS_R2=F,C
In config file: ACTIONS_R3=F,C
Loading player: rgbr_nl_cprg.so
Player args: /home/viliam/cprg/project_uoapoker/trunk/src/c/meta_player.so /home/viliam/cprg/project_uoapoker/trunk/src/c/acpc14.map
Using seed 39.
1:BR,Player:0r130c/r2014f:2sKc,9sKs|/8sThAc:230,-230(230.000000)
2:Player,BR:0cc/cr1761f:6dQs,2c9c|/3d7cKs:-100,100(-100.000000)
3:BR,Player:0r130c/r1001c/cc/cc:2s5h,8dQs|/6s6cQh/Ah/Js:-1231,1231(-1231.000000)
4:Player,BR:0cc/cr435f:5dQh,3sTs|/6hJsQd:-100,100(-100.000000)
5:BR,Player:0r130c/r1001f:8dJc,TcKs|/6s7cAd:230,-230(230.000000)
6:Player,BR:0cc/cr435f:5sTc,6hAd|/3hTsJd:-100,100(-100.000000)
7:BR,Player:0r130c/r1001f:6cQc,6hAh|/7s8s9s:230,-230(230.000000)
8:Player,BR:0cc/cr124f:3s7c,6d8s|/2d8hTs:-100,100(-100.000000)
9:BR,Player:0cc/r435f:JhQd,4hKs|/2d6sTh:100,-100(100.000000)
10:Player,BR:0cr300c/r520r1309c/r1083f:4c7c,5s8s|/6cJsJc/2h:2229,-2229(2229.000000)
11:BR,Player:0r130c/r2014f:3hKd,7hKh|/7dJdQh:230,-230(230.000000)
12:Player,BR:0cc/cr3080f:3h5c,4h8s|/4c9hQc:-100,100(-100.000000)
13:BR,Player:0r130c/r1751f:4dAd,4sQc|/7h9sAs:230,-230(230.000000)
14:Player,BR:0cc/cr876f:7dTd,3c6s|/2s3d5s:-100,100(-100.000000)
15:BR,Player:0r130c/r1751f:3d5s,5dQc|/3s3h6s:230,-230(230.000000)
16:Player,BR:0cc/cr876c/cc/r974f:3hKh,4d6h|/9hJhQs/Ts/9s:976,-976(976.000000)
17:BR,Player:0r200c/r1306f:2hAh,5sQh|/6c9sKd:300,-300(300.000000)
18:Player,BR:0cc/cr3080f:4dAh,4c8s|/TcJcAs:-100,100(-100.000000)
19:BR,Player:0r200c/r1306f:2s3c,8h8c|/7sTsJs:300,-300(300.000000)
20:Player,BR:0cc/cr19900f:4dKs,3c4c|/2d5h6c:-100,100(-100.000000)
21:BR,Player:0r130c/r327f:3s9c,7cTh|/4sKdKc:230,-230(230.000000)
22:Player,BR:0cc/cr3080f:7hTc,5cJs|/3sTdKh:-100,100(-100.000000)
23:BR,Player:0cc/r216c/cr134c/cc:4s9d,2sKh|/8c9hAs/7c/8h:450,-450(325.702663)
24:Player,BR:0cc/cr1761f:4hAc,2c7c|/ThKsAd:-100,100(-100.000000)
25:BR,Player:0r200c/r2627f:5hQs,KhAh|/2c8s9d:300,-300(300.000000)
26:Player,BR:0cr300c/cr3503f:9sQh,6dQc|/4c8sKs:-400,400(-400.000000)
27:BR,Player:0f:6dJs,2c6s|:50,-50(50.000000)
28:Player,BR:0cr200c/cr2627f:TcKs,5cTh|/3d6s8h:-300,300(-300.000000)
29:BR,Player:0r130c/r1001f:2hAs,4cQh|/5h7s8s:230,-230(230.000000)
30:Player,BR:0cr600c/cr3047r7523f:2dTd,KcAc|/2hTcQd:3747,-3747(3747.000000)
31:BR,Player:0r130c/r1001f:5dKc,7hAc|/3cJhQh:230,-230(230.000000)
32:Player,BR:0cr600c/cr3047f:6s6c,8s9s|/4c7dTd:-700,700(-700.000000)
33:BR,Player:0r130c/r1751c/cc/cc:3c5c,4c5d|/3d5hQd/Ah/Qh:0,-0(-707.182427)
34:Player,BR:0cc/cr100f:5d8s,3c9d|/3hQsAh:-100,100(-100.000000)
35:BR,Player:0r130c/r1001f:2dKc,4cJh|/7dTdAh:230,-230(230.000000)
36:Player,BR:0cr600c/r910r910c/cc/r4886f:QsAc,6hKh|/3c8hQc/2s/6d:2520,-2520(2520.000000)
37:BR,Player:0r130c/r2014f:5s5c,KsAd|/4c7dTc:230,-230(230.000000)
38:Player,BR:0cc/cr876f:2s6s,7hKc|/9dJhAs:-100,100(-100.000000)
39:BR,Player:0r200c/r1306f:5dAc,7cTs|/3hJhKh:300,-300(300.000000)
40:Player,BR:0cr300c/cr283c/cc/cc:TcJc,7h7c|/4cTsKd/Qs/9c:683,-683(213.218128)
41:BR,Player:0r130c/r163c/cr297c/cr2070c:6cAh,5dAd|/2s2c8s/2d/Ac:0,-0(-118.057884)
42:Player,BR:0cc/cr1761f:4s9h,8dQs|/6s7cAh:-100,100(-100.000000)
43:BR,Player:0r130c/r163c/cr665c/cc:2cQh,9sTc|/2s9dKc/4d/3d:-1058,1058(-231.270621)
44:Player,BR:0cr200c/cr427f:8cQd,2d7d|/9sTcKs:-300,300(-300.000000)
45:BR,Player:0r130c/r1001f:5dKc,4dAc|/3h7d9h:230,-230(230.000000)
46:Player,BR:0cr200c/cr1306f:TdKh,6hTs|/4dKsAh:-300,300(-300.000000)
47:BR,Player:0r130c/r1001f:ThJd,8cTc|/3sKcAd:230,-230(230.000000)
48:Player,BR:0cc/cr1532f:6s7d,8cAs|/9hQcAh:-100,100(-100.000000)
49:BR,Player:0r130c/r1001f:2s3d,5s7s|/2cQdAd:230,-230(230.000000)
50:Player,BR:0cc/cr124r236r236f:7hJd,8cTh|/5dTcQh:-460,460(-460.000000)
51:BR,Player:0cc/r1761f:3s4c,4h9d|/4sQcAs:100,-100(100.000000)
52:Player,BR:0cc/cr876f:5h6d,4d9d|/9hTcQh:-100,100(-100.000000)
53:BR,Player:0r130c/r871f:9cAh,7sTs|/5d9hJh:230,-230(230.000000)
54:Player,BR:0cc/cr435f:6cTd,ThAh|/3s5c9c:-100,100(-100.000000)
55:BR,Player:0r130c/r1001f:9sKd,4sQh|/6dTcAs:230,-230(230.000000)
56:Player,BR:0cr300c/r520r520f:3c6s,2d9s|/JdJcAd:-920,920(-920.000000)
57:BR,Player:0r130c/r1001f:4hTc,ThTd|/6h7hAh:230,-230(230.000000)
58:Player,BR:0cc/cr124f:7sQh,5c8h|/3d5hAd:-100,100(-100.000000)
59:BR,Player:0f:3h8h,2c3s|:50,-50(50.000000)
60:Player,BR:0cc/cr216r374r18483f:7s9h,6cTs|/5h6sAs:-690,690(-690.000000)
61:BR,Player:0r130c/r1001f:4d5s,6d7c|/7sJsAd:230,-230(230.000000)
62:Player,BR:0cr300c/cr3503f:JdKd,4s6h|/3s5hAc:-400,400(-400.000000)
63:BR,Player:0r130c/r871c/cc/cc:QdAh,TsKd|/8sThAs/8h/8d:1101,-1101(1031.924672)
64:Player,BR:0cr200c/cr1306c/r1544f:JsJd,4d9c|/7hAdAc/7s:1606,-1606(1606.000000)
65:BR,Player:0cc/r876f:2s7c,7s8c|/9hTdQd:100,-100(100.000000)
66:Player,BR:0cr200c/r390r1718f:6s9s,7h9h|/2s4d8c:-690,690(-690.000000)
67:BR,Player:0cc/r435c/cr1075c/cr9660c:9dQh,5d9s|/3d6s7d/Th/As:11270,-11270(10391.719810)
68:Player,BR:0cr300c/cr3503r16097f:5h7h,4hJc|/5s7dKs:3903,-3903(3903.000000)
69:BR,Player:0r130c/r327f:5hKd,JhQd|/3h3d6d:230,-230(230.000000)
70:Player,BR:0cc/cr1761f:6sTh,2s8c|/4d4c7h:-100,100(-100.000000)
71:BR,Player:0r130c/cr299r2303f:9sAs,3hJs|/4h5dJc:529,-529(529.000000)
72:Player,BR:0cr200c/cc/cc/r150f:8cKh,3c9h|/5sThAd/6s/7h:300,-300(300.000000)
73:BR,Player:0f:4cKs,2h7c|:50,-50(50.000000)
74:Player,BR:0cc/cr876f:6cTs,5cKh|/3s7cTh:-100,100(-100.000000)
75:BR,Player:0r130c/r142c/cr145c/cc:4s5h,4d7c|/4h8cKs/Kd/7d:-517,517(21.641856)
76:Player,BR:0cr300c/r520r520r4080f:TsTh,6dQd|/4dTcKh:1440,-1440(1440.000000)
77:BR,Player:0r200c/r2627f:3c8d,4hJs|/7sTdJd:300,-300(300.000000)
78:Player,BR:0cc/cr3080f:8hKs,2hJc|/2d8dTc:-100,100(-100.000000)
79:BR,Player:0r130c/r2014f:TdKd,4sQh|/5h9hJc:230,-230(230.000000)
80:Player,BR:0cr200c/cr371c/cc/r229c:6dKd,2hTs|/2d3sQc/Jc/5h:-900,900(247.701316)
81:BR,Player:0r130c/r2014f:8hKh,4hAs|/6c7sQc:230,-230(230.000000)
82:Player,BR:0cr600c/cr3047c/r2133c/cc:9dAc,3d4c|/4h8s9s/7d/Ks:5880,-5880(5668.569311)
83:BR,Player:0r130c/r2014c/cc/cr17756f:5s9h,9dAd|/3d4dQs/Th/2c:-2244,2244(-2244.000000)
84:Player,BR:0cr300c/cr1514c/cc/r1766c:8hTc,5h6s|/4s5s7h/As/Qc:-3680,3680(206.978468)
85:BR,Player:0f:5h6h,4s9c|:50,-50(50.000000)
86:Player,BR:0cr300c/r1200r3983f:JcAs,3cKd|/8cThKc:-1600,1600(-1600.000000)
87:BR,Player:0r130c/r2014f:7hTs,JsKs|/3d9hKh:230,-230(230.000000)
88:Player,BR:0cc/r130r1001c/r701f:9dKh,2h5c|/9cKsAs/Qd:1231,-1231(1231.000000)
89:BR,Player:0cc/r876f:2sKc,3dJc|/3s9dQc:100,-100(100.000000)
90:Player,BR:0cc/cr3080f:7sJd,2s3c|/4cTdAh:-100,100(-100.000000)
91:BR,Player:0cc/r2679f:5h8s,4h9s|/6c7c9h:100,-100(100.000000)
92:Player,BR:0cc/cr1761f:3s9d,6s9s|/4c6h8c:-100,100(-100.000000)
93:BR,Player:0r130c/r4051f:5dAd,8hJh|/2s4d9c:230,-230(230.000000)
94:Player,BR:0cc/cr876f:2c7d,5hAh|/4s6cKd:-100,100(-100.000000)
95:BR,Player:0r130c/r2014f:2h9d,3d4c|/8dJcQd:230,-230(230.000000)
96:Player,BR:0cc/cr876f:3s7d,5sJs|/9cTdKh:-100,100(-100.000000)
97:BR,Player:0r130c/r1001c/cc/cr2472f:7d9s,8sKc|/3sJcKs/Qd/5h:-1231,1231(-1231.000000)
98:Player,BR:0cc/cr1761f:5cTd,4sQd|/4d5hJh:-100,100(-100.000000)
99:BR,Player:0cc/r435f:8dJd,4cTs|/2c4s5s:100,-100(100.000000)
100:Player,BR:0cc/cr876f:4h5d,6hQd|/8dAhAd:-100,100(-100.000000)
101:BR,Player:0cc/r876f:2s7d,8hQd|/QsKsAh:100,-100(100.000000)
102:Player,BR:0cr200c/cr1136r2164f:4d4c,6cAc|/4sTdAd:1436,-1436(1436.000000)
103:BR,Player:0r130c/r498f:5d6s,9dJh|/3h3c5c:230,-230(230.000000)
104:Player,BR:0cc/cr1761f:4s7h,6d7s|/ThJsJh:-100,100(-100.000000)
105:BR,Player:0r130c/r498f:4dJc,8cAc|/4h7s7d:230,-230(230.000000)
106:Player,BR:0cr200c/cr427c/r353c/r540f:JcAc,7dTc|/8sThQh/Qc/Ah:1080,-1080(1080.000000)
107:BR,Player:0cc/r1761f:JsKh,7dQd|/9cThAs:100,-100(100.000000)
108:Player,BR:0cc/cr379f:9dJh,TsKc|/2d5cTd:-100,100(-100.000000)
109:BR,Player:0r130c/r1001f:4c9c,2sJc|/9hTcQs:230,-230(230.000000)
110:Player,BR:0cc/cr216f:2h6s,9hQd|/4s9dJd:-100,100(-100.000000)
111:BR,Player:0r130c/r285r543r1506c/cr1244f:6sQd,4sQh|/4cQcAh/4h:-2564,2564(-2564.000000)
112:Player,BR:0cr600c/cr3047c/r2133c/cc:QdAd,9hAs|/3dThQh/Td/5s:5880,-5880(5372.560505)
113:BR,Player:0r130c/r285c/cr543c/cr3174c:7cJd,JcQs|/6h6d7d/2s/Ac:4232,-4232(-592.925433)
114:Player,BR:0cr200c/cr2627f:4h4d,7dKs|/7h9sTh:-300,300(-300.000000)
115:BR,Player:0r200c/r1306f:2c9h,TsAs|/8hQhAh:300,-300(300.000000)
116:Player,BR:0cc/cr876f:5h8c,4h7c|/2c3hTc:-100,100(-100.000000)
117:BR,Player:0f:3c4d,2cTh|:50,-50(50.000000)
118:Player,BR:0cc/cr876f:2h3s,8sTd|/4h8h9h:-100,100(-100.000000)
119:BR,Player:0r200c/r2627f:7d8h,3dKd|/5s6cAd:300,-300(300.000000)
120:Player,BR:0cc/cr124c/cc/r100c:2d9c,3c9d|/4d9sAd/4s/6s:0,-0(-46.518967)
121:BR,Player:0r130c/r2014r6726f:3cJs,QhAd|/3s5cQs:-2244,2244(-2244.000000)
122:Player,BR:0cc/cr1761f:6sTs,4h6c|/4sJhAd:-100,100(-100.000000)
123:BR,Player:0r200c/r1306r3224f:3cAs,9hKs|/TcJsQd:-1606,1606(-1606.000000)
124:Player,BR:0cr200c/cr1306c/r914c/r5040f:9sTc,JhQc|/4h7d8h/6h/3s:2520,-2520(2520.000000)
125:BR,Player:0cc/r1532f:3dTc,4c8d|/7cTsAc:100,-100(100.000000)
126:Player,BR:0cr200c/cr2627f:6sKs,JhAs|/2c5hTd:-300,300(-300.000000)
127:BR,Player:0r130c/r871f:JhAh,QdKh|/7h8cJd:230,-230(230.000000)
128:Player,BR:0cc/cr876f:4dKh,8hJs|/4c6s6c:-100,100(-100.000000)
129:BR,Player:0r130c/r163f:KdAs,4dJh|/2d7h8s:230,-230(230.000000)
130:Player,BR:0cc/cr435f:3sKc,3h8h|/5cJsQh:-100,100(-100.000000)
131:BR,Player:0r200c/r1306f:2h6d,3d8d|/7cJcAh:300,-300(300.000000)
132:Player,BR:0cc/cr435f:4h6c,4cJc|/2c7s7d:-100,100(-100.000000)
133:BR,Player:0r130c/r2014f:2d3c,5h9h|/2s6c8c:230,-230(230.000000)
134:Player,BR:0cr600c/cr3047c/cc/cc:2d6d,6sJd|/4d7cAd/Td/6c:3747,-3747(2747.181409)
135:BR,Player:0r130c/r1001f:3d5d,5cAc|/6s6c9c:230,-230(230.000000)
136:Player,BR:0cc/cr1761f:8h9c,4c5c|/5dJsAh:-100,100(-100.000000)
137:BR,Player:0cc/cr130r2014f:9sTs,3d4h|/QcKhAh:230,-230(230.000000)
138:Player,BR:0cr130c/r299r299c/r759c/cc:4c5c,5s5h|/6s7hJd/2c/4d:-1587,1587(-176.808373)
139:BR,Player:0r130c/r285c/cr543c/cc:KsAc,8sQh|/9cJhJd/Kh/8d:1058,-1058(1058.000000)
140:Player,BR:0cc/cr124c/cc/r100c:9sTh,7hQh|/8sQcKd/3c/Ac:-324,324(-58.275056)
141:BR,Player:0r130c/r1001r2472r2472f:6h8c,3sKc|/2c5c9c:3703,-3703(3703.000000)
142:Player,BR:0cc/cr1761f:2s5h,7sTd|/5dKdAh:-100,100(-100.000000)
143:BR,Player:0r200c/r747f:4h7c,3s5d|/9hAsAd:300,-300(300.000000)
144:Player,BR:0cc/cr1761f:5h8s,2d8h|/4h7hTd:-100,100(-100.000000)
145:BR,Player:0r130c/r19770f:4d7s,9sJd|/5s6h8s:230,-230(230.000000)
146:Player,BR:0cc/cr379c/cc/r121c:4dAh,6s9c|/3h5d9s/Ad/Kc:600,-600(271.218593)
147:BR,Player:0r130c/r2014f:9hJc,AsAc|/2d8dQh:230,-230(230.000000)
148:Player,BR:0cc/cr876f:2c6d,2s8d|/7dTdTc:-100,100(-100.000000)
149:BR,Player:0r130c/r2014f:8h9h,9sAd|/2sJhJc:230,-230(230.000000)
150:Player,BR:0cr300c/r520r520r2792f:3c5d,7dKd|/2c4cAc:1440,-1440(1440.000000)
151:BR,Player:0r130c/r327f:6s8s,5s8c|/7sKdAh:230,-230(230.000000)
152:Player,BR:0cc/cr435f:2h6s,7dAd|/5d5cKs:-100,100(-100.000000)
153:BR,Player:0r130c/r2014f:TsJh,6dTd|/2dJcKc:230,-230(230.000000)
154:Player,BR:0cc/cr876c/r974c/r2535c:3h5c,7dJh|/4c6dTh/Ts/4d:-4485,4485(-2574.246823)
155:BR,Player:0r130c/r285c/cc/cr543c:7cTs,TdJs|/3h7sKs/Ac/4d:1058,-1058(-146.999731)
156:Player,BR:0cc/cr761c/r100c/cc:2hQc,9cAh|/3sQsAd/Td/2d:961,-961(-227.804144)
157:BR,Player:0r130c/r1001f:7s9h,3dJh|/4hQsQh:230,-230(230.000000)
158:Player,BR:0cr300c/cr3503f:8c9h,8dKh|/3s6hTc:-400,400(-400.000000)
159:BR,Player:0cc/r124f:8sQh,4cTh|/6h8cAd:100,-100(100.000000)
160:Player,BR:0cc/cr142f:3hTs,3sKh|/4h4c9s:-100,100(-100.000000)
161:BR,Player:0cc/r124f:9dAc,4d6c|/3s9hJs:100,-100(100.000000)
162:Player,BR:0cr200c/cr2627f:3h3d,3s5s|/9sTcQh:-300,300(-300.000000)
163:BR,Player:0f:5cTs,3d9h|:50,-50(50.000000)
164:Player,BR:0cr1200c/cr1850c/cc/r1530c:8hJh,5sAc|/6d9dJc/8d/7h:-4680,4680(-4680.000000)
165:BR,Player:0r130c/r163f:7dAh,7cQs|/3h4dKc:230,-230(230.000000)
166:Player,BR:0cr300c/cr1741c/r1219f:8dTh,5d5c|/6d7s9s/As:2141,-2141(2141.000000)
167:BR,Player:0r130c/r2014f:3sJd,6hJc|/5h9sQh:230,-230(230.000000)
168:Player,BR:0cc/cr435f:2dJc,6d8c|/3c7s7c:-100,100(-100.000000)
169:BR,Player:0r300c/r283f:JdKs,6cJs|/2h7hAc:400,-400(400.000000)
170:Player,BR:0cc/cr142c/cc/r658f:TcKs,3s3h|/5s9s9c/Kd/7c:242,-242(242.000000)
171:BR,Player:0r130c/r1751f:8dAd,2h8h|/2d7dTh:230,-230(230.000000)
172:Player,BR:0cr200c/cr2627r17073f:4s4h,9sJd|/3h4dKd:2927,-2927(2927.000000)
173:BR,Player:0r130c/r1001f:2c3s,7cQs|/4sJdAd:230,-230(230.000000)
174:Player,BR:0cr300c/cr495f:7sTc,4h9h|/5c9sKd:-400,400(-400.000000)
175:BR,Player:0r130c/r285c/cc/cr865c:8hKd,9sKc|/7d8sQh/Jc/5c:1380,-1380(-80.727953)
176:Player,BR:0cc/cr1532c/r100c/cc:6s7c,8cQc|/3d5c8h/4h/Tc:1732,-1732(-836.702963)
177:BR,Player:0cc/r435c/cr1075f:9dQc,4s5h|/4c5cJd/6d:-535,535(-535.000000)
178:Player,BR:0cr600c/cr3047f:3hKh,7hTc|/2h9dJd:-700,700(-700.000000)
179:BR,Player:0r200c/r1306f:7dAh,2d2c|/3s5cJh:300,-300(300.000000)
180:Player,BR:0cr200c/cr1306f:5h5d,2d4s|/3d6cKs:-300,300(-300.000000)
181:BR,Player:0cc/r2679f:TdAd,5s6c|/7dJdKh:100,-100(100.000000)
182:Player,BR:0cr200c/cc/cc/r150c:8sJs,2c9h|/ThJcAs/8c/7s:-450,450(-435.163497)
183:BR,Player:0r200c/r1136c/cc/cr1324c:2sKd,7h8h|/6d9sKh/2h/5c:-2760,2760(2076.084612)
184:Player,BR:0cc/cr124c/cc/cc:3h7h,8s8h|/3c9dQd/4c/Ah:-224,224(-180.554016)
185:BR,Player:0r200c/r649c/cr1751c/cr3510c:JcKd,6c9h|/7hTdJh/7c/Js:6210,-6210(6187.238488)
186:Player,BR:0cc/cr435f:5sKs,QhKh|/3c6c9s:-100,100(-100.000000)
187:BR,Player:0cc/r435f:7s8d,5d9s|/7cJcQs:100,-100(100.000000)
188:Player,BR:0cc/cr876f:2c5s,7cJc|/8dJdQs:-100,100(-100.000000)
189:BR,Player:0r200c/r1306f:3d7d,ThAc|/2c6cJd:300,-300(300.000000)
190:Player,BR:0cr300c/r520r520f:9hTh,KsKd|/3c6sAd:-920,920(-920.000000)
191:BR,Player:0r130c/r1001f:6dAs,2h6h|/5c8hQs:230,-230(230.000000)
192:Player,BR:0cr600c/cr3047f:2c4s,3dQc|/6h7c8d:-700,700(-700.000000)
193:BR,Player:0r130c/r12392r7378c/cc/cc:5d6d,6sTc|/7s8d9d/2c/Ks:-20000,20000(3810.716366)
194:Player,BR:0cc/cr1761f:4s7c,6dQh|/JcKsKc:-100,100(-100.000000)
195:BR,Player:0cc/r876f:5hJc,9sKd|/4c8dQc:100,-100(100.000000)
196:Player,BR:0cc/cr761c/cc/r749c:9hQd,4d8s|/4s8hTd/Ks/3d:-1610,1610(-785.461029)
197:BR,Player:0r130c/r1001f:6d7c,4s9s|/2sThTc:230,-230(230.000000)
198:Player,BR:0cc/cr876f:5sKh,3c4d|/9dJsKs:-100,100(-100.000000)
199:BR,Player:0r130c/r1001f:JdKh,5cAh|/4s6h8s:230,-230(230.000000)
200:Player,BR:0cc/cr3080f:7hKd,3h5s|/4c9hQc:-100,100(-100.000000)
201:BR,Player:0r200c/r1306f:2hAc,8sKc|/8c9dQh:300,-300(300.000000)
202:Player,BR:0cr300c/cr3503f:2s2d,4hQc|/6s9hJd:-400,400(-400.000000)
203:BR,Player:0r130c/r2014f:2c9d,7cJc|/5d6c8s:230,-230(230.000000)
204:Player,BR:0cr300c/cr3503f:TdJh,8hKs|/6c9cJs:-400,400(-400.000000)
205:BR,Player:0f:5c7s,2h4c|:50,-50(50.000000)
206:Player,BR:0cr300c/cr1741f:4h5h,2s8h|/4s7c8d:-400,400(-400.000000)
207:BR,Player:0r130c/r1001c/cc/cc:3h9h,7h7c|/6h7s9c/Td/2s:-1231,1231(-1223.502417)
208:Player,BR:0cr200c/cr2627f:3d5h,2hJd|/4h4cQc:-300,300(-300.000000)
209:BR,Player:0cc/r124c/cc/cc:7s7c,3hAs|/4s6dTs/4d/Kc:224,-224(214.814667)
210:Player,BR:0cr200c/cr1306f:ThAc,4c8d|/2s5s7d:-300,300(-300.000000)
211:BR,Player:0cc/r435c/cc/cc:4c8h,7c9s|/2c7sKs/Jc/3c:-535,535(-535.000000)
212:Player,BR:0cc/cr876f:5sJd,2hJc|/7d8hAd:-100,100(-100.000000)
213:BR,Player:0r130c/cc/cc/cc:8cKs,8dAh|/3c5h9h/6s/2c:-230,230(-206.660121)
214:Player,BR:0cr300c/cr1741f:TcAd,5cKh|/4h6hAh:-400,400(-400.000000)
215:BR,Player:0r130c/cc/cc/cc:3c9c,3dAd|/4hJdKs/4s/7s:-230,230(-230.000000)
216:Player,BR:0cc/cr876f:5s6h,2d8d|/3dJsAh:-100,100(-100.000000)
217:BR,Player:0r130c/r498c/cc/cc:8h8c,JdAs|/4d5cJc/Qc/3c:728,-728(728.000000)
218:Player,BR:0cc/cr876f:2h9c,2cAd|/4cTcJs:-100,100(-100.000000)
219:BR,Player:0r200c/r1306c/cr3224c/cc:4sKs,6d9d|/5d6c7c/3d/Kh:4830,-4830(4830.000000)
220:Player,BR:0cc/cr379f:6cKh,2cTc|/ThTdJd:-100,100(-100.000000)
221:BR,Player:0cc/r9423f:6dAc,4c8h|/5d8sKc:100,-100(100.000000)
222:Player,BR:0cc/cr124f:2c7h,9dKs|/3cKhAc:-100,100(-100.000000)
223:BR,Player:0r130c/r2014f:7sTd,2dAh|/7dQsKs:230,-230(230.000000)
224:Player,BR:0cc/cr2679f:7sJh,JdJc|/8c9s9d:-100,100(-100.000000)
225:BR,Player:0r130c/r871f:5cAs,6sJc|/2c5s8c:230,-230(230.000000)
226:Player,BR:0cc/cr1532c/cc/r318c:3sKd,JcAd|/5d9dQd/8d/6d:-1950,1950(-1372.992571)
227:BR,Player:0f:6dTc,2c9d|:50,-50(50.000000)
228:Player,BR:0cc/cr1532f:5hTs,2sQd|/2c6sQs:-100,100(-100.000000)
229:BR,Player:0r130c/r1001f:4h6d,4dTs|/2d5cKh:230,-230(230.000000)
230:Player,BR:0cr600c/cr3047f:2cTc,7hJh|/8c9hAh:-700,700(-700.000000)
231:BR,Player:0r130c/r2014f:2dKh,3dJs|/6cTsJh:230,-230(230.000000)
232:Player,BR:0cc/cr876f:4d8s,2s2c|/5s8dJd:-100,100(-100.000000)
233:BR,Player:0r300c/r3503f:9dTc,7hTd|/3c4sJs:400,-400(400.000000)
234:Player,BR:0cc/cr876f:5dKh,6d7h|/7d9cKs:-100,100(-100.000000)
235:BR,Player:0r130c/r2014r6726f:5d8c,7sAs|/2sTsAh:-2244,2244(-2244.000000)
236:Player,BR:0cr600c/r1400r2989f:2h3d,5dKh|/3h7h8c:-2100,2100(-2100.000000)
237:BR,Player:0r200c/r371f:QdAh,5hTs|/4h4c7s:300,-300(300.000000)
238:Player,BR:0cc/cr1761c/r1589f:ThAs,6dTd|/2sTsJd/Qc:1861,-1861(1861.000000)
239:BR,Player:0f:6dQc,2h7d|:50,-50(50.000000)
240:Player,BR:0cc/cr100c/cc/cc:3hAs,8cAd|/2h2d5s/Kc/5c:0,-0(26.640449)
241:BR,Player:0r130c/r1001f:5s8d,2cAs|/3cJsKd:230,-230(230.000000)
242:Player,BR:0cc/cr876f:3c9s,2dQh|/5h7cKs:-100,100(-100.000000)
243:BR,Player:0r130c/r4051f:5h8d,5cKc|/9hKdAc:230,-230(230.000000)
244:Player,BR:0cr200c/r1800r1800f:JcKc,TcQc|/2h8cTd:-2100,2100(-2100.000000)
245:BR,Player:0r200c/r1306f:4h9h,4sTc|/2d7hKh:300,-300(300.000000)
246:Player,BR:0cr200c/cr244f:8sKc,QcAd|/2c3h6s:-300,300(-300.000000)
247:BR,Player:0r130c/r1001f:9sQs,4sKc|/3h5sTh:230,-230(230.000000)
248:Player,BR:0cr300c/cr1741f:3s3d,9cJh|/6s6c8c:-400,400(-400.000000)
249:BR,Player:0r130c/r1001c/cr2472f:9dTs,7c8c|/QcKdAc/3h:-1231,1231(-1231.000000)
250:Player,BR:0cr600c/cr2650f:KcAh,8dJs|/5h9dJc:-700,700(-700.000000)
251:BR,Player:0r200c/r2627f:3hQd,5c9h|/6cQcKs:300,-300(300.000000)
252:Player,BR:0cr130c/cr2014f:8s8d,3d6s|/2c6cTc:-230,230(-230.000000)
253:BR,Player:0r200c/r371c/cr229c/cr2700c:8dJs,4dKd|/7hJhQd/6c/9c:3600,-3600(704.872082)
254:Player,BR:0cc/cr876c/r584c/r312c:3dQd,QsAc|/3h8cTs/As/8d:-1872,1872(-1687.348596)
255:BR,Player:0cc/r435f:5cQs,5h6d|/2d3h3d:100,-100(100.000000)
256:Player,BR:0cc/cr876f:8hJc,4hKs|/3d6dAs:-100,100(-100.000000)
257:BR,Player:0cc/r3080f:3dJh,7hJc|/6sQcKh:100,-100(100.000000)
258:Player,BR:0cc/cr876f:5d6h,8s9s|/2sTsAd:-100,100(-100.000000)
259:BR,Player:0r130c/r1001f:6h9d,5d7c|/3h8dTd:230,-230(230.000000)
260:Player,BR:0cc/cr876c/r974f:ThKs,4d8s|/6hQcKd/Js:976,-976(976.000000)
261:BR,Player:0r130c/r1001f:4sTc,QcKs|/6c8cJd:230,-230(230.000000)
262:Player,BR:0cc/cr435f:2hAh,6s7c|/2c3d3c:-100,100(-100.000000)
263:BR,Player:0r130c/r1001f:6cKs,3c4h|/2c8c9d:230,-230(230.000000)
264:Player,BR:0cc/cr876f:8hQd,6h7c|/2h9hAh:-100,100(-100.000000)
265:BR,Player:0cc/r876f:8cAc,3cAd|/2hThJs:100,-100(100.000000)
266:Player,BR:0cc/cr435f:7c9h,ThKs|/5d9sJc:-100,100(-100.000000)
267:BR,Player:0r200c/r2284f:QhKh,JcQs|/4h5hTc:300,-300(300.000000)
268:Player,BR:0cr300c/cr569c/cc/r3831c:AdAc,8dQc|/6d9hKd/2c/2h:4800,-4800(380.848879)
269:BR,Player:0r300c/r866f:4sKd,4cKh|/4d5s5h:400,-400(400.000000)
270:Player,BR:0cr1200c/cr9899f:3h9h,5hQc|/5cTdQd:-1300,1300(-1300.000000)
271:BR,Player:0cc/r1761f:7s8s,7c8h|/2d3sTs:100,-100(100.000000)
272:Player,BR:0cr200c/r900c/cc/r3600f:2s2h,2dJh|/2c8cAs/7h/Qh:1200,-1200(1200.000000)
273:BR,Player:0cc/r1761f:3s4c,6d9c|/2c7dQs:100,-100(100.000000)
274:Player,BR:0cr600c/cr100c/cc/r400c:6d6c,7d7c|/8c9hKd/9d/4h:-1200,1200(196.994821)
275:BR,Player:0r130c/r285c/cr175c/cc:6s7h,9sKs|/3h6cTs/9c/7d:690,-690(545.537224)
276:Player,BR:0cc/cr876f:2c8d,5c7d|/4c9cKc:-100,100(-100.000000)
277:BR,Player:0r200c/cr390r982f:8dQc,2sAd|/2d4h4c:690,-690(690.000000)
278:Player,BR:0cr300c/r520r2290f:ThJh,3c4h|/7dKsAc:-920,920(-920.000000)
279:BR,Player:0cc/r435f:3c8d,7c9s|/7h8hKh:100,-100(100.000000)
280:Player,BR:0cc/cr876c/cc/r974c:7sJd,3s9c|/8d9sKs/3h/5d:-1950,1950(-1568.384896)
281:BR,Player:0r130c/r163r665r4606r14336f:6d6c,ThJh|/3h8s9h:-5664,5664(-5664.000000)
282:Player,BR:0cr200c/cr1306r4694r4694c/r9006f:8hTc,3d6h|/4d7c9h/7s:10994,-10994(10994.000000)
283:BR,Player:0r130c/r163f:4h8d,4sJh|/2c7sTh:230,-230(230.000000)
284:Player,BR:0cc/cr435f:6cTh,4sQc|/2s2c7d:-100,100(-100.000000)
285:BR,Player:0r130c/r2014f:TcQd,4dKs|/8cJhAd:230,-230(230.000000)
286:Player,BR:0cc/cr876f:7d8h,2h4s|/4dQcKc:-100,100(-100.000000)
287:BR,Player:0cc/r1532f:9sJd,4d8h|/6c9dKd:100,-100(100.000000)
288:Player,BR:0cr300c/r520r4005f:5hKh,7cQd|/2c5c6h:-920,920(-920.000000)
289:BR,Player:0r130c/r1001f:2cKs,5cAh|/6s8sJh:230,-230(230.000000)
290:Player,BR:0cc/cr3080f:2hKs,5h8h|/2sThKd:-100,100(-100.000000)
291:BR,Player:0cc/r435c/cc/cc:4cTs,6d7c|/5d7d8h/8d/Qc:-535,535(-535.000000)
292:Player,BR:0cr200c/cr1306f:4hKh,4s9c|/ThTdAc:-300,300(-300.000000)
293:BR,Player:0r200c/r2284f:KdAh,4d4c|/9sTdAd:300,-300(300.000000)
294:Player,BR:0cc/cr8194f:3h6h,7sTs|/8h9sKs:-100,100(-100.000000)
295:BR,Player:0r130c/r2014f:KsAh,4d7d|/3d8c9c:230,-230(230.000000)
296:Player,BR:0cc/cr8194f:6s8d,2s8c|/2h7c8h:-100,100(-100.000000)
297:BR,Player:0f:TsQs,3s6d|:50,-50(50.000000)
298:Player,BR:0cc/cr1761f:7cJh,3h7d|/3cTcKs:-100,100(-100.000000)
299:BR,Player:0cc/r1761f:2cJd,5dTh|/3s8dAc:100,-100(100.000000)
300:Player,BR:0cc/cr876f:4cQh,9hAh|/2h4s8s:-100,100(-100.000000)
301:BR,Player:0r130c/r1001r10039f:4s4h,QsKh|/2hJhAh:-1231,1231(-1231.000000)
302:Player,BR:0cc/cr876f:4dKs,3cKc|/6c9cAh:-100,100(-100.000000)
303:BR,Player:0cc/r1761f:3h3d,2dKd|/9dTcAc:100,-100(100.000000)
304:Player,BR:0cc/cr3080f:2s8d,2h7c|/8hTsTc:-100,100(-100.000000)
305:BR,Player:0f:8d9d,2hTd|:50,-50(50.000000)
306:Player,BR:0cr300c/cr3503f:2sKs,9hAd|/8cQdQc:-400,400(-400.000000)
307:BR,Player:0r130c/r1001f:4d9d,5cQs|/2sQhAh:230,-230(230.000000)
308:Player,BR:0cc/cr876f:3cTc,6sJs|/9hTdKc:-100,100(-100.000000)
309:BR,Player:0r130c/r1001r2472r2472c/cc/cc:6dQd,9sKd|/3s8h9h/5d/Jd:-6175,6175(-6175.000000)
310:Player,BR:0cc/cr1761r7339f:6dQs,2s2d|/6c9dQd:1861,-1861(1861.000000)
311:BR,Player:0r130c/r573f:4cTh,5c7h|/9hKhAs:230,-230(230.000000)
312:Player,BR:0cr200c/cr19700f:5d9c,ThQh|/6sKhAh:-300,300(-300.000000)
313:BR,Player:0r200c/r2284c/cr5816c/cr10920c:JsAd,2cKd|/2h9sAc/4c/Ts:19320,-19320(9264.548314)
314:Player,BR:0cc/cr876f:4cTs,7cJc|/TdTcAs:-100,100(-100.000000)
315:BR,Player:0r130c/r327f:8h9s,6dKh|/4dThQd:230,-230(230.000000)
316:Player,BR:0cr130c/cr4051f:8h8d,2sQh|/7dTdJc:-230,230(-230.000000)
317:BR,Player:0r130c/r2014f:TdKh,4s5d|/7c9hJd:230,-230(230.000000)
318:Player,BR:0cr200c/cr1306c/r914c/r1260f:6dQd,7dAc|/8d9dTs/Kd/Kc:2520,-2520(2520.000000)
319:BR,Player:0r130c/r1001f:6hJc,5d9c|/2hKhAh:230,-230(230.000000)
320:Player,BR:0cc/cr761f:3s7h,6d9c|/5s8h9d:-100,100(-100.000000)
321:BR,Player:0cc/r216c/cr134c/cc:3c7d,5hAd|/4d7cAc/Kc/Jc:450,-450(319.248111)
322:Player,BR:0cc/cr435f:8dKh,9hQd|/2s6s6c:-100,100(-100.000000)
323:BR,Player:0cc/r100f:8cAd,3sQh|/2d6hJc:100,-100(100.000000)
324:Player,BR:0cc/cr435f:2sQd,6s8c|/3h5dAc:-100,100(-100.000000)
325:BR,Player:0r200c/r1306f:4d6s,4h6c|/3dJcQc:300,-300(300.000000)
326:Player,BR:0cc/r130r2014f:2dAc,8cJc|/7sTdAh:-230,230(-230.000000)
327:BR,Player:0r200c/r371f:KcAh,2h7h|/TsTcJd:300,-300(300.000000)
328:Player,BR:0cr300c/cr1741r4299f:QsAs,8s9h|/3hKsAd:2141,-2141(2141.000000)
329:BR,Player:0r200c/r2627f:2d5c,5d8h|/7h8dAd:300,-300(300.000000)
330:Player,BR:0cr130c/cr19770f:8hTs,7dJc|/8c9hTc:-230,230(-230.000000)
331:BR,Player:0cc/r19900f:4c9d,2hQc|/3s4h9s:100,-100(100.000000)
332:Player,BR:0cr200c/cr1136c/r100c/r624c:5dKd,6sKs|/3d7sKh/Qc/6c:-2160,2160(-2160.000000)
333:BR,Player:0cc/r216f:2s5d,7c9h|/3d5cKh:100,-100(100.000000)
334:Player,BR:0cc/cr435f:2d7d,JdKc|/5h6s8h:-100,100(-100.000000)
335:BR,Player:0r300c/r1741f:7cAc,5c6c|/2s3sAs:400,-400(400.000000)
336:Player,BR:0cc/cr435f:7s8d,2hKd|/3h5d7d:-100,100(-100.000000)
337:BR,Player:0f:3hKh,2s6d|:50,-50(50.000000)
338:Player,BR:0cr300c/cr3503f:8dJd,5d9d|/4cTsAh:-400,400(-400.000000)
339:BR,Player:0f:8hQs,2d8c|:50,-50(50.000000)
340:Player,BR:0cc/cr1761f:7h9d,7d8h|/4c5hQh:-100,100(-100.000000)
341:BR,Player:0r130c/r1001r2472r5270c/cc/cr11027f:9cQc,9hJh|/2s6h7h/6c/Th:-8973,8973(-8973.000000)
342:Player,BR:0cc/cr1761f:8hKs,6dAs|/6hJhKh:-100,100(-100.000000)
343:BR,Player:0r130c/r1001f:3sKd,8sJd|/2c6h7c:230,-230(230.000000)
344:Player,BR:0cc/cr1761f:4sTh,7h7d|/JsJcKd:-100,100(-100.000000)
345:BR,Player:0r130c/r1001f:2h8c,4h4d|/9sJhJd:230,-230(230.000000)
346:Player,BR:0cr600c/r910r910c/cc/r1344c:ThTd,5d6c|/4d4c6s/Kd/6h:-3864,3864(-3864.000000)
347:BR,Player:0r130c/r285c/cr175c/cr1380c:4sTc,4h6s|/3d4c9h/4d/5d:2070,-2070(1374.445903)
348:Player,BR:0cc/cr876f:6c9h,4dTd|/2sJcAd:-100,100(-100.000000)
349:BR,Player:0cc/r100f:3d5s,3h4d|/5c9sTc:100,-100(100.000000)
350:Player,BR:0cr200c/cr1306f:TdKh,6c7h|/JcQcKc:-300,300(-300.000000)
351:BR,Player:0r130c/r1001f:6s8d,8cKh|/7sJcKs:230,-230(230.000000)
352:Player,BR:0cr300c/r2400r2400f:2h4h,5dQd|/8hJsKc:-2800,2800(-2800.000000)
353:BR,Player:0r130c/r2014f:3h9c,4d4c|/5s6hAd:230,-230(230.000000)
354:Player,BR:0cr300c/cr1741f:9dAc,4dQs|/4hTdKc:-400,400(-400.000000)
355:BR,Player:0r200c/r1306c/cr3224f:5c8h,TsJs|/7d8cTd/2s:-1606,1606(-1606.000000)
356:Player,BR:0cc/cr8194f:5sQc,8s8d|/8c9sAd:-100,100(-100.000000)
357:BR,Player:0cc/r379f:TcAd,2hKd|/4h7dTd:100,-100(100.000000)
358:Player,BR:0cc/cr379f:2c3d,8hKc|/7s8sKs:-100,100(-100.000000)
359:BR,Player:0r200c/r2284f:QhQc,5cKs|/3c8d9c:300,-300(300.000000)
360:Player,BR:0cr200c/cr5284r14416f:9dQh,2sKs|/9hJhQs:5584,-5584(5584.000000)
361:BR,Player:0r200c/r1306f:8sTd,7cQh|/2c4h6d:300,-300(300.000000)
362:Player,BR:0cc/cr876f:3cJs,3d5c|/3s8cKs:-100,100(-100.000000)
363:BR,Player:0r300c/r3503f:9s9c,8s8c|/3h7cJh:400,-400(400.000000)
364:Player,BR:0cc/cr1761f:3sKc,5hTd|/3d6s6c:-100,100(-100.000000)
365:BR,Player:0r300c/r3503f:2hTc,2sKd|/5hQhAs:400,-400(400.000000)
366:Player,BR:0cr300c/r800f:9dJs,6hTd|/5c9hJh:400,-400(400.000000)
367:BR,Player:0r300c/r3503f:5c9d,4s4d|/5s8dQd:400,-400(400.000000)
368:Player,BR:0cc/cr761f:9dQs,TsTh|/2h5s7c:-100,100(-100.000000)
369:BR,Player:0r200c/r747f:9sQc,5hQs|/7s7cJc:300,-300(300.000000)
370:Player,BR:0cc/cr435f:8s9d,3hTc|/3c5dJs:-100,100(-100.000000)
371:BR,Player:0r130c/r498f:7dAh,6cAs|/3c7sQd:230,-230(230.000000)
372:Player,BR:0cc/cr1761f:JcQd,8sKd|/5hTdTc:-100,100(-100.000000)
373:BR,Player:0r200c/r19700f:TcJs,2sAh|/3dTsJh:300,-300(300.000000)
374:Player,BR:0cc/cr379c/cc/cc:TsJc,9cAs|/5c7hAc/7c/Kd:-479,479(-256.262410)
375:BR,Player:0r130c/r2014f:5dQh,9dAc|/2h4dJd:230,-230(230.000000)
376:Player,BR:0cc/cr379f:3cQd,4hKc|/2s8hKh:-100,100(-100.000000)
377:BR,Player:0f:3sAc,2d6c|:50,-50(50.000000)
378:Player,BR:0cc/cr876f:6d9s,2c8c|/3c5sKh:-100,100(-100.000000)
379:BR,Player:0cc/r435f:3s5c,6s7d|/JhAhAc:100,-100(100.000000)
380:Player,BR:0cr200c/r390r390f:JcQs,3h9s|/2s2c7h:-690,690(-690.000000)
381:BR,Player:0r130c/r4051f:5s9s,4dJd|/8hJhAc:230,-230(230.000000)
382:Player,BR:0cc/cr1761f:3h9s,3s8c|/4s4d9h:-100,100(-100.000000)
383:BR,Player:0cc/r3080f:9hAc,4h8c|/5h8sKs:100,-100(100.000000)
384:Player,BR:0cr300c/r800r800c/cc/r5200c:9cJh,2hTs|/4c7sTc/2s/6c:-7200,7200(-7200.000000)
385:BR,Player:0r130c/r1001c/cc/cr2472f:8cTh,9hKc|/4h4d4c/9s/7h:-1231,1231(-1231.000000)
386:Player,BR:0cc/cr876f:2cTs,4s6s|/5dQhKs:-100,100(-100.000000)
387:BR,Player:0r130c/r2014f:2sTh,5c6c|/2d6dKc:230,-230(230.000000)
388:Player,BR:0cr300c/cr1741f:3d6d,5c7s|/8sJsAh:-400,400(-400.000000)
389:BR,Player:0r200c/r1306f:6sQh,JsAc|/3s9dTd:300,-300(300.000000)
390:Player,BR:0cc/cr216f:2d6c,5hJd|/4s5sAh:-100,100(-100.000000)
391:BR,Player:0r130c/r2014f:4cTs,4sJc|/5d7dQs:230,-230(230.000000)
392:Player,BR:0cr300c/cr569f:8sAh,3c6c|/9sJhKd:-400,400(-400.000000)
393:BR,Player:0r130c/r2014f:4c8h,6cQh|/2c7hKc:230,-230(230.000000)
394:Player,BR:0cc/r130r130r698r4606f:4cAs,6sJh|/4d9hAc:-1058,1058(-1058.000000)
395:BR,Player:0r130c/r285r865r1964r6178f:8sTs,8c9s|/3s8d9c:-3344,3344(-3344.000000)
396:Player,BR:0cc/cr876f:4cKs,2s4h|/2h3dTh:-100,100(-100.000000)
397:BR,Player:0r200c/r649f:2hQs,7sKh|/9s9dQc:300,-300(300.000000)
398:Player,BR:0cc/cr876f:6sAc,5dTh|/2h2cQs:-100,100(-100.000000)
399:BR,Player:0r130c/r871f:8d8c,JsAd|/3s3h4c:230,-230(230.000000)
400:Player,BR:0cc/cr19900f:5cJs,4dKd|/3s4cKh:-100,100(-100.000000)
401:BR,Player:0r200c/r427c/cr623f:5cKh,6hAc|/6d6c8c/9d:-727,727(-727.000000)
402:Player,BR:0cc/cr1761f:2sQc,4d9h|/2c7dJh:-100,100(-100.000000)
403:BR,Player:0r200c/r19700f:QsQh,TcKc|/4s6h9c:300,-300(300.000000)
404:Player,BR:0cr300c/cr141c/cc/cc:TcAs,5c8d|/8hQhKd/7d/4h:-541,541(-301.682592)
405:BR,Player:0cc/r142f:4h7h,3d6s|/2s2cAs:100,-100(100.000000)
406:Player,BR:0cr300c/cr3503c/cc/cc:7sQs,8dAs|/4d9sQc/2c/4h:3903,-3903(3903.000000)
407:BR,Player:0r200c/r1306f:2h9c,6hAc|/4c6dJd:300,-300(300.000000)
408:Player,BR:0cr600c/r910r910c/cc/cc:KsAh,TsAc|/5dQsQh/6s/3s:2520,-2520(2520.000000)
409:BR,Player:0r130c/r1001f:2s3d,5h9c|/7sTcJs:230,-230(230.000000)
410:Player,BR:0cc/cr435f:7dQs,6hKd|/3dTsJh:-100,100(-100.000000)
411:BR,Player:0f:6c8s,2d4s|:50,-50(50.000000)
412:Player,BR:0cr200c/cr1306c/cc/r3224f:8hTh,9hJh|/3s6hKh/Qs/5c:1606,-1606(1606.000000)
413:BR,Player:0r130c/r2014f:4hTc,5dKs|/8dQcKh:230,-230(230.000000)
414:Player,BR:0cr300c/cr16295f:4s6h,JsQs|/3cThQd:-400,400(-400.000000)
415:BR,Player:0f:7s8c,2cJs|:50,-50(50.000000)
416:Player,BR:0cc/cr876f:6cJc,2c4c|/4d5h6d:-100,100(-100.000000)
417:BR,Player:0r130c/r2014f:8hTh,6dKs|/4dQcAd:230,-230(230.000000)
418:Player,BR:0cc/cr876f:9dJc,6h7d|/2dTsKd:-100,100(-100.000000)
419:BR,Player:0r130c/r1001c/cc/cc:4hAd,7hTc|/4c6s8d/Th/Kc:-1231,1231(-1059.531177)
420:Player,BR:0cr300c/cr1741f:TcKc,4dJc|/2d7s8s:-400,400(-400.000000)
421:BR,Player:0f:6hKh,3s9c|:50,-50(50.000000)
422:Player,BR:0cc/cr435f:2s7c,2h5s|/4dJhAh:-100,100(-100.000000)
423:BR,Player:0r200c/r1306r3224f:4hQd,6h9s|/9cTdKs:-1606,1606(-1606.000000)
424:Player,BR:0cc/cr124r236r2003f:6sJs,TdQd|/9s9h9c:-460,460(-460.000000)
425:BR,Player:0r200c/r212c/cc/cc:9dTd,5hKs|/9sKhAc/8d/8h:-512,512(-17.635709)
426:Player,BR:0cr300c/r520r3483f:7sJs,2s8h|/2h2cTc:-920,920(-920.000000)
427:BR,Player:0cc/r142c/cr208c/cc:2d9h,8d9c|/3d7sTc/8c/As:-450,450(-450.000000)
428:Player,BR:0cc/cr876f:5sTd,2dKh|/3h6dQd:-100,100(-100.000000)
429:BR,Player:0r130c/r871f:7s7c,TcQd|/3cKsKd:230,-230(230.000000)
430:Player,BR:0cc/cr435c/cc/cc:3sAh,2sQh|/4c5dAs/2h/3d:0,-0(45.649883)
431:BR,Player:0r130c/r327c/cr271c/cr1656f:3c5s,5h7h|/5dTsTc/Qh/Qs:-828,828(-828.000000)
432:Player,BR:0cc/cr435c/r515f:3hKd,2s4d|/2d3cKh/Kc:535,-535(535.000000)
433:BR,Player:0r130c/r498c/cr307c/cc:4h4d,5h5d|/2h3h8c/Qd/2c:-1035,1035(-105.349541)
434:Player,BR:0cr600c/r910r2291f:2hAh,3s9s|/3h5cTs:-1610,1610(-1610.000000)
435:BR,Player:0r130c/r2014f:8sTc,7sTs|/5h6dQh:230,-230(230.000000)
436:Player,BR:0cc/cr876f:2d3d,8cAd|/9dQhKc:-100,100(-100.000000)
437:BR,Player:0r130c/r1001r2472r5270r11027f:5cQd,6h6c|/2c6s7s:-8973,8973(-8973.000000)
438:Player,BR:0cc/cr876f:7cTs,3d4h|/4d5dQs:-100,100(-100.000000)
439:BR,Player:0r130c/r2014f:6sTs,ThKd|/8hQdAc:230,-230(230.000000)
440:Player,BR:0cr300c/cr1741f:8hTs,3s3h|/9sTcKd:-400,400(-400.000000)
441:BR,Player:0r130c/r1001f:4hKd,5h8s|/6s8cTh:230,-230(230.000000)
442:Player,BR:0cc/cr876f:2s6d,3hQc|/3d4sAh:-100,100(-100.000000)
443:BR,Player:0r130c/r19770f:6s6d,TdQc|/2c6hAh:230,-230(230.000000)
444:Player,BR:0cr300c/cr3503f:QcKc,8cTs|/4s5dAc:-400,400(-400.000000)
445:BR,Player:0cc/r876c/cc/cc:5sQd,2sJd|/4s6hJc/9s/Kc:-976,976(-976.000000)
446:Player,BR:0cr200c/cr371f:4d5d,9hQs|/9cKsKc:-300,300(-300.000000)
447:BR,Player:0r200c/r427f:5d9c,6s8s|/2h6hQh:300,-300(300.000000)
448:Player,BR:0cc/cr876f:2h6s,2cTh|/8cJdKd:-100,100(-100.000000)
449:BR,Player:0f:7cKs,2d3c|:50,-50(50.000000)
450:Player,BR:0cc/cr379f:2dKd,8cKc|/2h3h8h:-100,100(-100.000000)
451:BR,Player:0cc/r435f:3sJs,TdQs|/3c6c7d:100,-100(100.000000)
452:Player,BR:0cc/cr1761f:3cKh,2s8d|/3h6s7s:-100,100(-100.000000)
453:BR,Player:0r130c/r163f:3d7c,7dKh|/3s8dTc:230,-230(230.000000)
454:Player,BR:0cc/cr876f:6d9c,8cKs|/2d7dTc:-100,100(-100.000000)
455:BR,Player:0r130c/r2014f:2h7c,6s8c|/4h6hQd:230,-230(230.000000)
456:Player,BR:0cc/cr3080f:4hKs,5h8d|/3s9sQd:-100,100(-100.000000)
457:BR,Player:0cc/r124c/cr236c/cr920f:6c7c,2h5h|/4h7s8s/8h/Ah:-460,460(-460.000000)
458:Player,BR:0cr300c/cr3503f:9hQc,QsKc|/4s5hTd:-400,400(-400.000000)
459:BR,Player:0cc/cr130r2014f:5dTs,2hJd|/2dQcAs:230,-230(230.000000)
460:Player,BR:0cr600c/cr3047f:JhJc,4dKc|/6h7hAc:-700,700(-700.000000)
461:BR,Player:0r130c/r2014f:QhAd,6sJh|/2c5d8d:230,-230(230.000000)
462:Player,BR:0cr600c/cr3047c/cc/r10953f:5sKs,4dAh|/3c6sJs/9c/Td:3747,-3747(3747.000000)
463:BR,Player:0cc/r435f:JhQs,QdKc|/4h7d7c:100,-100(100.000000)
464:Player,BR:0cc/cr435f:5hTc,5c9c|/3d4d7s:-100,100(-100.000000)
465:BR,Player:0r130c/r1751f:JdKd,QcKh|/5c7sJh:230,-230(230.000000)
466:Player,BR:0cc/r300r866f:3cQs,9cAc|/6sTsJc:-400,400(-400.000000)
467:BR,Player:0r200c/r1136f:QdAs,7c9s|/8c9hQs:300,-300(300.000000)
468:Player,BR:0cc/cr876f:4c7h,6d7s|/2h2d9h:-100,100(-100.000000)
469:BR,Player:0r130c/r2014f:2c6h,7dJh|/2d8hAc:230,-230(230.000000)
470:Player,BR:0cc/cr124c/r100c/r366f:4s9h,7c8h|/4h8dJc/4c/5c:324,-324(324.000000)
471:BR,Player:0r200c/r2627f:3cAh,9hAc|/6hTcKd:300,-300(300.000000)
472:Player,BR:0cc/cr435f:5sJs,4h9d|/6dQdKs:-100,100(-100.000000)
473:BR,Player:0cc/cr130r2014f:3hAc,4cAh|/4h8cTs:230,-230(230.000000)
474:Player,BR:0cc/cr3080f:3dKs,6sTd|/5c7hJs:-100,100(-100.000000)
475:BR,Player:0r300c/r569f:2d4c,TsQc|/6d7dAd:400,-400(400.000000)
476:Player,BR:0cc/cr876f:6cTs,4dTc|/3d7dKd:-100,100(-100.000000)
477:BR,Player:0r130c/r1001c/cc/cr1184f:7c9d,8sAc|/2h8cTc/Qh/Ts:-1231,1231(-1231.000000)
478:Player,BR:0cc/cr876f:4h8d,5s9d|/8sTdAc:-100,100(-100.000000)
479:BR,Player:0r200c/r1136c/cc/cc:5cKh,QdAd|/3c7dKs/Qs/Js:1436,-1436(935.523636)
480:Player,BR:0cr1200c/cr5660f:JhKd,8cQh|/4hJsAd:-1300,1300(-1300.000000)
481:BR,Player:0r200c/r1136c/cr1324c/cr3588f:7hJs,2cTc|/4d6cJc/3c/Qh:-2760,2760(-2760.000000)
482:Player,BR:0cr130c/cr7085f:9cAd,6cTs|/2d2cJc:-230,230(-230.000000)
483:BR,Player:0r130c/r2014f:9cQs,3c6c|/3hKdAd:230,-230(230.000000)
484:Player,BR:0cc/cr876f:3cTd,3h5h|/2s7d8s:-100,100(-100.000000)
485:BR,Player:0f:5hQs,2hTc|:50,-50(50.000000)
486:Player,BR:0cc/cr379f:5hKc,5cJc|/4c7dJd:-100,100(-100.000000)
487:BR,Player:0cc/r876f:9sTc,3s4h|/7cJsKc:100,-100(100.000000)
488:Player,BR:0cc/cr379f:2h7s,9s9h|/4d8cAc:-100,100(-100.000000)
489:BR,Player:0r130c/r1001f:7d8h,3dJd|/7cQcKc:230,-230(230.000000)
490:Player,BR:0cc/cr3080f:5h6c,2d7s|/6dJhAc:-100,100(-100.000000)
491:BR,Player:0r200c/r19700f:JdJc,3h5c|/2c9hJh:300,-300(300.000000)
492:Player,BR:0cr130c/cr1001f:5sJs,8hAh|/2cQsQd:-230,230(-230.000000)
493:BR,Player:0r130c/r1001f:2d8d,TcAc|/5h7d9h:230,-230(230.000000)
494:Player,BR:0cc/r130r498f:7s9h,2hAc|/3d4s5c:-230,230(-230.000000)
495:BR,Player:0cc/r1761f:5s7d,3dJs|/4h6s6c:100,-100(100.000000)
496:Player,BR:0cr300c/cr3503f:4s6c,4d7d|/6sThQc:-400,400(-400.000000)
497:BR,Player:0r130c/r1001f:8h9c,3sAc|/8dTcQs:230,-230(230.000000)
498:Player,BR:0cc/cr876f:7hTd,2d6s|/4dJhQd:-100,100(-100.000000)
499:BR,Player:0r130c/r1001f:2cKh,5dQc|/3c7cJc:230,-230(230.000000)
500:Player,BR:0cc/cr876f:3dTc,2dJs|/8c9sAd:-100,100(-100.000000)
501:BR,Player:0r130c/r498c/cc/cr1342c:8c9d,TcQh|/9hJhJd/7d/Ah:2070,-2070(56.593986)
502:Player,BR:0cr200c/cr1306f:AsAc,4c6h|/5d6s8d:-300,300(-300.000000)
503:BR,Player:0r130c/r1001f:8cQh,5sQc|/TcKhKc:230,-230(230.000000)
504:Player,BR:0cc/cr379c/cc/cc:7dJc,2s8s|/5h7s8d/6d/8c:-479,479(-299.993175)
505:BR,Player:0r130c/r327c/cr1030f:2h2c,5dTh|/6dJhJd/Ad:-557,557(-557.000000)
506:Player,BR:0cc/cr435f:3c6s,9hQc|/8hTdKc:-100,100(-100.000000)
507:BR,Player:0r130c/r871c/cr279c/cr1794c:2cAs,5d8c|/7h9cAd/Ts/Td:3174,-3174(1355.090420)
508:Player,BR:0cc/cr124c/cc/r236c:5d9d,6dAs|/6cTsQd/3s/Qs:-460,460(147.095263)
509:BR,Player:0cc/r435f:5s6d,4h8c|/3s3hJh:100,-100(100.000000)
510:Player,BR:0cr300c/cr3503f:5hQh,3d8c|/5d8hAd:-400,400(-400.000000)
511:BR,Player:0r200c/r1306f:7d8c,9sAd|/2h2c6s:300,-300(300.000000)
512:Player,BR:0cr200c/cr427f:4h8d,3c9s|/2c8cJc:-300,300(-300.000000)
513:BR,Player:0cc/r876f:5hKh,9dQs|/4d9sJc:100,-100(100.000000)
514:Player,BR:0cc/cr1761f:7h9c,4dKs|/4s8sAd:-100,100(-100.000000)
515:BR,Player:0cc/r142c/cc/cr658f:4c8h,2cAd|/3s3cAc/Kh/5d:-242,242(-242.000000)
516:Player,BR:0cc/cr1761c/r899c/r552c:8s9d,4h5d|/5hTsJd/6d/Jh:-3312,3312(-1081.276536)
517:BR,Player:0r130c/r498c/cr307c/cc:JcAs,5cJd|/7sTsJh/8h/Qd:1035,-1035(475.625176)
518:Player,BR:0cr300c/cr1741f:9sKh,2dQs|/2h3h5h:-400,400(-400.000000)
519:BR,Player:0r130c/r285f:QhQd,4hTh|/7h8sAd:230,-230(230.000000)
520:Player,BR:0cr130c/cr4051c/cc/r2067f:AsAh,TsQh|/4cJsKh/Jc/4s:4281,-4281(4281.000000)
521:BR,Player:0r130c/r2014f:3sJs,9h9c|/2d4dQh:230,-230(230.000000)
522:Player,BR:0cc/cr1761f:5cJc,2cAh|/5d7sTs:-100,100(-100.000000)
523:BR,Player:0r130c/r1751c/cr434c/cc:7sJs,5h6h|/5s6s8c/Tc/Qd:-2415,2415(-2415.000000)
524:Player,BR:0cc/cr876c/cc/r2924c:4c7s,4h6h|/4d7c9c/Ts/5s:3900,-3900(-115.688525)
525:BR,Player:0r200c/cr390r390f:4dQc,9cJc|/5dKhKc:690,-690(690.000000)
526:Player,BR:0cr600c/cr3047f:2cJc,8dQs|/3d7s7c:-700,700(-700.000000)
527:BR,Player:0r130c/r1001c/cc/cc:ThKh,7d8d|/4h5c8c/7s/Qs:-1231,1231(-1231.000000)
528:Player,BR:0cc/cr1761f:3d5s,6s9s|/JdQdAh:-100,100(-100.000000)
529:BR,Player:0r200c/r1136f:TcAh,4h5c|/3h7dTd:300,-300(300.000000)
530:Player,BR:0cc/cr1761f:2c4d,4c5h|/6sKsAc:-100,100(-100.000000)
531:BR,Player:0r200c/r2627f:6cTc,8s9c|/8dJhQh:300,-300(300.000000)
532:Player,BR:0cr300c/cr3503f:5d6c,2cJc|/4h5cQc:-400,400(-400.000000)
533:BR,Player:0r130c/r285f:QcKh,5sJs|/7cKdAd:230,-230(230.000000)
534:Player,BR:0cc/cr124f:2h7d,TsJh|/8dJdKc:-100,100(-100.000000)
535:BR,Player:0f:5sAd,2d8s|:50,-50(50.000000)
536:Player,BR:0cr200c/r390r982r3089r3089r12150f:2sJs,9sKh|/2h6s7s:7850,-7850(7850.000000)
537:BR,Player:0f:2c3s,3c7s|:50,-50(50.000000)
538:Player,BR:0cc/cr379f:6hJc,2hTs|/3s9hTc:-100,100(-100.000000)
539:BR,Player:0cc/r1761f:TsJc,3dQh|/4s7hQc:100,-100(100.000000)
540:Player,BR:0cr300c/cr1741f:9sQs,5h7s|/3c9dKc:-400,400(-400.000000)
541:BR,Player:0r200c/r1306f:5c6h,7d9c|/2d3cAh:300,-300(300.000000)
542:Player,BR:0cc/cr876f:3h5c,4cKs|/3dQdAh:-100,100(-100.000000)
543:BR,Player:0cc/r3080f:7cJs,3s4s|/6dQcKs:100,-100(100.000000)
544:Player,BR:0cr600c/cr16305f:2h3c,TsJs|/8d9sAs:-700,700(-700.000000)
545:BR,Player:0r200c/r1306f:6dQh,7hKd|/2h5d5c:300,-300(300.000000)
546:Player,BR:0cc/cr761f:6dQh,7cKs|/8sQdKd:-100,100(-100.000000)
547:BR,Player:0r200c/r1136f:6dKh,4sQc|/2hTcKc:300,-300(300.000000)
548:Player,BR:0cr300c/cr3503r16097f:7h9h,4s4h|/7c9sJs:3903,-3903(3903.000000)
549:BR,Player:0f:5c8c,2h9s|:50,-50(50.000000)
550:Player,BR:0cr600c/cr3047f:8h9h,2dTs|/3d9cJh:-700,700(-700.000000)
551:BR,Player:0r200c/r1306f:7hJd,8hAh|/4s4d8c:300,-300(300.000000)
552:Player,BR:0cr130c/cr1001f:6d8d,5cJs|/6sKdKc:-230,230(-230.000000)
553:BR,Player:0r200c/r747c/cc/cr1713f:5sAh,9hQc|/9d9cKh/4c/2s:-1047,1047(-1047.000000)
554:Player,BR:0cr300c/r520r1991c/cc/r8129c:JhQh,JcKd|/7hTcKs/3d/7d:-11040,11040(-11040.000000)
555:BR,Player:0r130c/r2014f:8c9d,7cTs|/4dTcQc:230,-230(230.000000)
556:Player,BR:0cc/cr435f:3sTc,2s8c|/6h6dTh:-100,100(-100.000000)
557:BR,Player:0r130c/r3522c/cr733c/cr13455c:5hAh,2hAs|/3d4hQh/7s/3h:17940,-17940(12967.454632)
558:Player,BR:0cc/cr379f:7h9s,2hJh|/3cTsJs:-100,100(-100.000000)
559:BR,Player:0r200c/r747c/cc/cr1713f:4cTs,AsAh|/3s7hQs/4s/6d:-1047,1047(-1047.000000)
560:Player,BR:0cc/cr876f:8s9d,2s3s|/7dKhKd:-100,100(-100.000000)
561:BR,Player:0r130c/r1001f:5dKd,4s5s|/8c9sJh:230,-230(230.000000)
562:Player,BR:0cc/cr876f:2c8h,3sTc|/JdQhKc:-100,100(-100.000000)
563:BR,Player:0r200c/r2627f:6d8d,5hAs|/5c9hJd:300,-300(300.000000)
564:Player,BR:0cr200c/cr1306f:TcKd,4d9d|/2s3cJd:-300,300(-300.000000)
565:BR,Player:0r130c/r871f:6sKd,4cAc|/8d9hKc:230,-230(230.000000)
566:Player,BR:0cc/cr3080f:6cJc,2d7d|/4cKsAh:-100,100(-100.000000)
567:BR,Player:0r130c/r3522f:2cQc,3cQh|/TcJcKs:230,-230(230.000000)
568:Player,BR:0cc/cr1761f:4dQd,8cJc|/5sThKs:-100,100(-100.000000)
569:BR,Player:0r130c/r2014f:5cKd,JhKs|/3s6dJc:230,-230(230.000000)
570:Player,BR:0cr300c/cr3503f:QdKd,5dAc|/3s7hJs:-400,400(-400.000000)
571:BR,Player:0r130c/r1001f:3d8s,JhQd|/7dJcKc:230,-230(230.000000)
572:Player,BR:0cr130c/r460r3004f:TsJh,4h7h|/4s5dTd:-690,690(-690.000000)
573:BR,Player:0r200c/r2627f:7s8c,3s4d|/7dTsAd:300,-300(300.000000)
574:Player,BR:0cc/cr876f:2s5s,7hKs|/2c6cAs:-100,100(-100.000000)
575:BR,Player:0r130c/r871c/cr279c/cc:8hKs,QcKd|/5cQdKh/3c/4c:-1380,1380(713.255807)
576:Player,BR:0cc/cr435f:4hJc,2d3c|/6s7hAd:-100,100(-100.000000)
577:BR,Player:0r130c/r1001f:2sJh,2d2c|/3h6h8c:230,-230(230.000000)
578:Player,BR:0cc/cr1761f:3sTs,8dAd|/2d4d9s:-100,100(-100.000000)
579:BR,Player:0r130c/cr299r4632f:5hJc,4hQc|/4sKhKd:529,-529(529.000000)
580:Player,BR:0cc/cr124f:4hJc,7hKh|/TdTcAs:-100,100(-100.000000)
581:BR,Player:0r130c/r2014f:5c9d,9cTs|/3s6dQc:230,-230(230.000000)
582:Player,BR:0cc/cr249f:5cJh,3cKc|/6c9s9d:-100,100(-100.000000)
583:BR,Player:0r200c/r747f:6s9d,9cKc|/8h9hJd:300,-300(300.000000)
584:Player,BR:0cr300c/r800r2987f:5d7d,4h9c|/2h3h3d:-1200,1200(-1200.000000)
585:BR,Player:0f:TsAd,2d7c|:50,-50(50.000000)
586:Player,BR:0cr300c/cr1741c/cc/cc:8hJh,2dKc|/2hJsQc/9c/5d:2141,-2141(1421.094744)
587:BR,Player:0r200c/r2627f:9sQc,8cAc|/2s3dTh:300,-300(300.000000)
588:Player,BR:0cc/cr876f:6s8h,2h5c|/7dJsQs:-100,100(-100.000000)
589:BR,Player:0r200c/cc/cc/cr390f:5cKs,JcKc|/2d7sQc/9d/6s:-300,300(-300.000000)
590:Player,BR:0cc/cr379f:3cJc,TdJs|/5d6hTs:-100,100(-100.000000)
591:BR,Player:0f:4h9d,2d3s|:50,-50(50.000000)
592:Player,BR:0cr600c/cr3047f:4s5d,3hQh|/2s2cTh:-700,700(-700.000000)
593:BR,Player:0r130c/r1001f:3h4c,4dKc|/8c9cJh:230,-230(230.000000)
594:Player,BR:0cc/cr876f:7sQh,2h8d|/4sTsTh:-100,100(-100.000000)
595:BR,Player:0r200c/r140c/cr910c/cc:2h6c,AdAc|/6d9hKd/7h/9s:-1350,1350(235.885224)
596:Player,BR:0cc/cr3080f:4hAs,5s7d|/ThJcAc:-100,100(-100.000000)
597:BR,Player:0f:4hTh,3c9s|:50,-50(50.000000)
598:Player,BR:0cc/cr876f:4dQh,3h9d|/7s9cTd:-100,100(-100.000000)
599:BR,Player:0cc/r19900f:5hJd,8sJc|/3h5dJs:100,-100(100.000000)
600:Player,BR:0cc/cr435f:2h9d,5cKc|/3cThQd:-100,100(-100.000000)
601:BR,Player:0r200c/r427c/cr1343c/cr4140c:2h5c,JcQc|/5hJhJd/Ac/6c:-6210,6210(-1016.985334)
602:Player,BR:0cr300c/r520r4005f:8hTc,TdJs|/2h3c9d:-920,920(-920.000000)
603:BR,Player:0r130c/r1001r3599f:2cAh,6d6c|/6h9cKh:-1231,1231(-1231.000000)
604:Player,BR:0cr300c/cr1514f:4dKd,9s9h|/3s6c8s:-400,400(-400.000000)
605:BR,Player:0r130c/r1751f:KsKd,6c8d|/2h4h9c:230,-230(230.000000)
606:Player,BR:0cc/cr876f:3cQs,2sKc|/3d6hTh:-100,100(-100.000000)
607:BR,Player:0r130c/r163f:8hQd,6c9d|/2hTsAd:230,-230(230.000000)
608:Player,BR:0cr300c/cr1741c/r1219f:4cAc,2s7c|/3c9d9c/Qh:2141,-2141(2141.000000)
609:BR,Player:0r130c/r1001c/cc/cc:4cQc,3hKh|/3d5h7h/Js/5s:-1231,1231(-1231.000000)
610:Player,BR:0cr600c/cr2650f:9dTs,5hKd|/2s5d7h:-700,700(-700.000000)
611:BR,Player:0r130c/r871f:7hKs,7dQs|/5sTsKc:230,-230(230.000000)
612:Player,BR:0cc/cr124c/cc/r236c:4s8s,TdJs|/6sThQd/Jc/3s:-460,460(-320.179456)
613:BR,Player:0r130c/r2014c/cc/cc:4hKs,6d9d|/6s7h9s/8h/Jc:-2244,2244(-2244.000000)
614:Player,BR:0cc/cr876f:4dAh,7c9h|/4c5cQd:-100,100(-100.000000)
615:BR,Player:0cc/r876f:7c9s,6cJh|/3d6hAh:100,-100(100.000000)
616:Player,BR:0cc/cr876f:3c8c,4sAc|/9dJhQd:-100,100(-100.000000)
617:BR,Player:0r130c/r2014f:4hTc,7hQc|/2s6dAs:230,-230(230.000000)
618:Player,BR:0cr300c/cr1741f:8cTd,3dKs|/5h7dAh:-400,400(-400.000000)
619:BR,Player:0cc/r1761f:7cKc,8dAs|/5s5dQc:100,-100(100.000000)
620:Player,BR:0cr200c/r600r3918f:3h3c,5d7h|/2s2hQs:-900,900(-900.000000)
621:BR,Player:0r130c/r1001f:3dTc,7cTs|/5h8hKs:230,-230(230.000000)
622:Player,BR:0cc/cr876f:5sTc,3d9s|/4s4cKc:-100,100(-100.000000)
623:BR,Player:0r200c/r2627f:5hJh,4dAh|/3s7dAd:300,-300(300.000000)
624:Player,BR:0cr200c/r600c/cc/r1170f:8sAc,JdKh|/7hKcAh/Qh/5s:900,-900(900.000000)
625:BR,Player:0r130c/r2014f:5sQc,3d4d|/4s7hTc:230,-230(230.000000)
626:Player,BR:0cr130c/r690r690c/r3910c/r7176f:6h9h,2c4h|/4d5h7s/Qd/6c:5520,-5520(5520.000000)
627:BR,Player:0r130c/r163f:5cQd,5d8d|/4dJsAh:230,-230(230.000000)
628:Player,BR:0cc/cr876f:3sQd,9dKc|/3d5c6s:-100,100(-100.000000)
629:BR,Player:0r130c/r1001f:8sQs,4c7h|/2d2c5d:230,-230(230.000000)
630:Player,BR:0cr600c/cr3047f:QsAd,8cTs|/2s4sKh:-700,700(-700.000000)
631:BR,Player:0r200c/r212c/cr523c/cc:2dKs,3hJh|/TcKdAh/4h/Ad:1035,-1035(365.139675)
632:Player,BR:0cc/cr1761f:6hKs,5d9d|/2dJdAc:-100,100(-100.000000)
633:BR,Player:0f:5d8s,2c3d|:50,-50(50.000000)
634:Player,BR:0cr130c/cr19770f:QsKs,7cJc|/7sJhAc:-230,230(-230.000000)
635:BR,Player:0r130c/r2014f:5s9c,6s6h|/3sTcJs:230,-230(230.000000)
636:Player,BR:0cr600c/cr3047f:7d8d,2c5h|/3h9hQd:-700,700(-700.000000)
637:BR,Player:0r200c/r4595f:KhAc,7cTd|/3h5cAd:300,-300(300.000000)
638:Player,BR:0cc/cr379f:9dQc,8sKc|/2h5hKs:-100,100(-100.000000)
639:BR,Player:0r200c/r2284f:QsAc,9dTh|/3d9cAd:300,-300(300.000000)
640:Player,BR:0cr300c/r520r520r2792f:QsAc,3s6d|/KsAsAd:1440,-1440(1440.000000)
641:BR,Player:0r130c/r1751r1751r1751c/cc/cr14517f:7dKs,2s2h|/2cQdKh/2d/5d:-5483,5483(-5483.000000)
642:Player,BR:0cr300c/cr1741f:6cQc,2dKh|/4d8sJh:-400,400(-400.000000)
643:BR,Player:0r130c/r1001f:TcJs,3c6h|/8dJhKd:230,-230(230.000000)
644:Player,BR:0cc/cr876f:2sQh,3c7d|/5c6s6h:-100,100(-100.000000)
645:BR,Player:0r200c/r1306f:QhKs,9dAs|/2h4s6h:300,-300(300.000000)
646:Player,BR:0cr300c/r520r1309c/r1083c/r6624f:5c9s,3s3d|/5s5hAh/2c/Kc:3312,-3312(3312.000000)
647:BR,Player:0r130c/cc/cr299f:2h6s,3h6h|/TsJhQc/Tc:-230,230(-230.000000)
648:Player,BR:0cr200c/r390r982c/r1433f:KsAc,2s5s|/JsAhAd/Td:1672,-1672(1672.000000)
649:BR,Player:0r130c/r1001c/cr2472f:7hTs,9cKh|/3s8hKd/Tc:-1231,1231(-1231.000000)
650:Player,BR:0cc/cr1761f:4c6s,7d9h|/5c6dKc:-100,100(-100.000000)
651:BR,Player:0f:2cJc,2d5s|:50,-50(50.000000)
652:Player,BR:0cr200c/cr9241f:QcAh,8dJc|/4d5sAc:-300,300(-300.000000)
653:BR,Player:0r200c/r2627f:3dJc,6cAh|/4s5sQc:300,-300(300.000000)
654:Player,BR:0cr200c/r390r3004f:6d9d,2sJh|/2d5cKs:-690,690(-690.000000)
655:BR,Player:0r130c/r285r543r4606f:9hAc,4d5s|/4s9sJc:1058,-1058(1058.000000)
656:Player,BR:0cc/cr1761c/cc/r5039f:5cQs,9cKd|/5s5h8h/4s/9s:1861,-1861(1861.000000)
657:BR,Player:0r200c/r1306c/cr1544f:2dQh,JdKs|/7dTcKd/9s:-1606,1606(-1606.000000)
658:Player,BR:0cc/cr876f:3h5d,6s6h|/5h8dKc:-100,100(-100.000000)
659:BR,Player:0r130c/r2014f:3s8c,7cQc|/4hJsAd:230,-230(230.000000)
660:Player,BR:0cc/cr435f:4sKh,6hTc|/3d5c9c:-100,100(-100.000000)
661:BR,Player:0r130c/r2014f:2hTd,7dJh|/3d4c8s:230,-230(230.000000)
662:Player,BR:0cr300c/r800r1708f:7cKc,5c7s|/3h9d9c:-1200,1200(-1200.000000)
663:BR,Player:0f:9cTh,2s4d|:50,-50(50.000000)
664:Player,BR:0cr200c/r390r1718f:9h9d,4sQd|/4h5s8d:-690,690(-690.000000)
665:BR,Player:0r130c/r871c/cr279c/cr1794c:7hQd,3d9d|/3s9sQc/2d/4s:-3174,3174(-179.135464)
666:Player,BR:0cr300c/r520r3483f:9hKd,2s9s|/2d4sKs:-920,920(-920.000000)
667:BR,Player:0r130c/r1001f:2h6c,4d5d|/QhKsAd:230,-230(230.000000)
668:Player,BR:0cr300c/cr3503c/r2337f:6s9s,6h9h|/8hJsAs/Jd:3903,-3903(3903.000000)
669:BR,Player:0f:4h4c,2h7c|:50,-50(50.000000)
670:Player,BR:0cr300c/r800f:6s6d,5hQc|/6h9hJs:400,-400(400.000000)
671:BR,Player:0r200c/r2627c/cr12673f:KhAc,4h8h|/3h9sJh/Kc:-2927,2927(-2927.000000)
672:Player,BR:0cr300c/cr1741f:6cTs,JhKh|/8cTdQd:-400,400(-400.000000)
673:BR,Player:0r130c/cr299r4632f:6dJh,3s4d|/4hQsQc:529,-529(529.000000)
674:Player,BR:0cc/cr379f:6c9s,5dQs|/4sJsQd:-100,100(-100.000000)
675:BR,Player:0r200c/r1306f:4c7h,9sJc|/5sQdQc:300,-300(300.000000)
676:Player,BR:0cr600c/cr1742f:4c5s,4s6c|/TcQdKh:-700,700(-700.000000)
677:BR,Player:0r130c/r19770f:8dAc,3cKs|/4h8hAd:230,-230(230.000000)
678:Player,BR:0cc/cr876f:9dJc,7sKh|/6cThAd:-100,100(-100.000000)
679:BR,Player:0r130c/r871f:JdKd,3sKs|/2h2cJs:230,-230(230.000000)
680:Player,BR:0cc/cr876f:5d9c,2d4h|/4cQcAd:-100,100(-100.000000)
681:BR,Player:0r130c/r2014f:5c7h,9sAd|/6h7dTs:230,-230(230.000000)
682:Player,BR:0cc/cr876f:5hJs,2sQd|/3s6h7d:-100,100(-100.000000)
683:BR,Player:0r130c/r1751f:7d8s,TdJs|/5h6c8h:230,-230(230.000000)
684:Player,BR:0cr300c/r520f:JsQh,4s6d|/5h9s9h:400,-400(400.000000)
685:BR,Player:0r200c/r649f:7hJd,8sAs|/3h6d7d:300,-300(300.000000)
686:Player,BR:0cc/cr3080f:7hKc,5h8s|/7d9cQc:-100,100(-100.000000)
687:BR,Player:0r130c/r2014c/cc/cc:8cAs,AdAc|/9cThJs/Jd/9s:-2244,2244(-1995.723801)
688:Player,BR:0cc/cr876f:6hTd,4s6s|/4h5hQd:-100,100(-100.000000)
689:BR,Player:0r200c/r19700f:KsKh,8dQh|/8sTsKc:300,-300(300.000000)
690:Player,BR:0cr300c/cr1741f:8dKh,TsKd|/3c5c9h:-400,400(-400.000000)
691:BR,Player:0r130c/r285c/cr865c/cr2760c:2d4s,9cJh|/2s3s8d/7h/Td:-4140,4140(-92.670925)
692:Player,BR:0cc/cr1761f:3cJd,2h3s|/4s6cQd:-100,100(-100.000000)
693:BR,Player:0cc/r100c/cr260c/cc:2hQs,9cKs|/2d7c8d/Td/Ac:460,-460(66.967191)
694:Player,BR:0cr300c/cr1741f:9hKh,9cJh|/3hQdQc:-400,400(-400.000000)
695:BR,Player:0r200c/r2627c/cr2923f:3cKc,KdAh|/6sJcAd/Qd:-2927,2927(-2927.000000)
696:Player,BR:0cc/cr379f:9sJd,ThQc|/4c8cTc:-100,100(-100.000000)
697:BR,Player:0cc/r379f:5dJc,4s8d|/3s7dJs:100,-100(100.000000)
698:Player,BR:0cr300c/cr1741f:9sJs,2s7h|/4dQhQd:-400,400(-400.000000)
699:BR,Player:0cc/r876f:3hJh,QhKc|/3d7d9c:100,-100(100.000000)
700:Player,BR:0cr200c/cr1306f:QsKc,JhQc|/5s7s8d:-300,300(-300.000000)
701:BR,Player:0cc/r876f:7c8c,2sJc|/4cTdKs:100,-100(100.000000)
702:Player,BR:0cc/cr124f:4c5s,TcJs|/6sThQd:-100,100(-100.000000)
703:BR,Player:0r130c/r2014c/cc/cc:5cAd,8dTs|/3d9cTc/4c/Jc:2244,-2244(1806.179596)
704:Player,BR:0cr300c/r520r4005f:ThQs,6sKh|/2s4h8c:-920,920(-920.000000)
705:BR,Player:0r130c/r285c/cc/cc:7hAs,9h9c|/QhQdAd/Ts/Qs:515,-515(515.000000)
706:Player,BR:0cr600c/cr1742c/cc/cc:8sKc,6d9s|/3cQdKd/9d/9c:-2442,2442(-1286.951440)
707:BR,Player:0f:9sQc,2h6d|:50,-50(50.000000)
708:Player,BR:0cr200c/cr1136f:3s3c,TdAd|/5d7hTs:-300,300(-300.000000)
709:BR,Player:0r130c/r1001f:4h5d,9dAc|/3sJhKd:230,-230(230.000000)
710:Player,BR:0cc/cr761f:3d9h,KdKc|/3s7c8d:-100,100(-100.000000)
711:BR,Player:0r200c/r1306f:4d5c,3h7h|/6d7sJh:300,-300(300.000000)
712:Player,BR:0cc/cr379f:4cTh,TdQc|/3d6hQs:-100,100(-100.000000)
713:BR,Player:0r200c/r100c/cr520c/cc:9hTc,JhKd|/7dKhAs/Ad/2d:-920,920(-299.951478)
714:Player,BR:0cc/cr876f:7hAd,5cKh|/6s9cAc:-100,100(-100.000000)
715:BR,Player:0r130c/r163c/cc/cc:9cAc,JsAh|/4d5sTh/9s/Qh:393,-393(385.961951)
716:Player,BR:0cc/cr876c/cc/r974f:7cKh,8hQc|/3hJcKc/4d/4h:976,-976(976.000000)
717:BR,Player:0r200c/r2627f:3dTd,8cAd|/3s9dJc:300,-300(300.000000)
718:Player,BR:0cr300c/r520r520f:QhKs,JcQd|/2h7sTd:-920,920(-920.000000)
719:BR,Player:0cc/r435f:6cTh,3dJh|/2s8cQc:100,-100(100.000000)
720:Player,BR:0cr300c/cr996f:7cKc,5sKs|/4c5dAs:-400,400(-400.000000)
721:BR,Player:0cc/r435c/cc/cc:6c7c,9dJs|/5cTsJc/8s/Kd:-535,535(-535.000000)
722:Player,BR:0cc/cr1761f:5hJs,8cQc|/2cTsJd:-100,100(-100.000000)
723:BR,Player:0r200c/r1306f:3dQd,QsAd|/5d8c9h:300,-300(300.000000)
724:Player,BR:0cr300c/cr3503f:2sTs,TdQh|/9h9dKd:-400,400(-400.000000)
725:BR,Player:0r130c/r1001f:JdKh,3h3d|/7hTdAd:230,-230(230.000000)
726:Player,BR:0cc/cr249f:2h5s,8c9c|/2c6s6h:-100,100(-100.000000)
727:BR,Player:0r200c/r427c/cr623c/cc:5sAd,QsKs|/2h3h3d/2s/Jh:1350,-1350(-155.436378)
728:Player,BR:0cc/cr3080f:5s6h,9cQd|/4s8dTs:-100,100(-100.000000)
729:BR,Player:0r200c/r1306f:4dJd,9dQc|/3c6dQs:300,-300(300.000000)
730:Player,BR:0cr200c/cr1136f:6c9c,KhAc|/6h7sAh:-300,300(-300.000000)
731:BR,Player:0r200c/r1306f:4h5s,4d5h|/3c7c9h:300,-300(300.000000)
732:Player,BR:0cc/cr379f:4h9d,KdKc|/3d4d5c:-100,100(-100.000000)
733:BR,Player:0r200c/r2627f:2d7c,3cAc|/3dJcKd:300,-300(300.000000)
734:Player,BR:0cr130c/cr7085f:4hQh,2dJh|/3s3cKc:-230,230(-230.000000)
735:BR,Player:0f:4h6h,2s4c|:50,-50(50.000000)
736:Player,BR:0cr200c/cr1306c/r914c/r1260c:9cAh,9sAs|/7s8hTh/Jc/Qc:0,-0(-394.793678)
737:BR,Player:0f:2s2c,3d7c|:50,-50(50.000000)
738:Player,BR:0cc/cr876f:4c8d,3d5s|/4sTcAs:-100,100(-100.000000)
739:BR,Player:0cc/r435f:6cJs,2dJh|/5d7h9h:100,-100(100.000000)
740:Player,BR:0cc/cr876f:6h8s,5sKh|/2h4dTh:-100,100(-100.000000)
741:BR,Player:0f:9dQs,3h8s|:50,-50(50.000000)
742:Player,BR:0cc/cr876f:3d8c,2s4c|/7h9dAd:-100,100(-100.000000)
743:BR,Player:0r200c/r2627f:4h8h,7cJd|/5dTdJs:300,-300(300.000000)
744:Player,BR:0cc/cr379f:3h7d,JcKd|/5cJsAd:-100,100(-100.000000)
745:BR,Player:0r130c/r871f:4cKh,8hQs|/2c3sKc:230,-230(230.000000)
746:Player,BR:0cc/cr3080f:2h7d,4c7h|/3cTdAs:-100,100(-100.000000)
747:BR,Player:0r130c/r285f:6sJs,7cQc|/3s6h8d:230,-230(230.000000)
748:Player,BR:0cc/cr216c/r374c/cc:2s4h,5hJd|/3d5cKc/5s/2c:-690,690(-538.786144)
749:BR,Player:0r130c/r19770f:9hAh,JhKc|/9cQdAd:230,-230(230.000000)
750:Player,BR:0cr600c/cr6130f:2cTc,7dJh|/TsKhAc:-700,700(-700.000000)
751:BR,Player:0r130c/r1001r2472r2472c/cr4934f:3h6s,AsAh|/4h5hTh/5s:-6175,6175(-6175.000000)
752:Player,BR:0cc/cr435f:2c5c,TcJc|/5h8hKs:-100,100(-100.000000)
753:BR,Player:0r130c/r1001f:2hQh,2d2c|/8dTcAc:230,-230(230.000000)
754:Player,BR:0cc/cr876f:3cKd,JsQh|/4s7d9c:-100,100(-100.000000)
755:BR,Player:0r200c/r1306f:9cJs,QhQc|/3d5h6s:300,-300(300.000000)
756:Player,BR:0cr300c/r520r520f:5s7d,6c9c|/2s6dKh:-920,920(-920.000000)
757:BR,Player:0r200c/r2627f:7s8c,5hAc|/2s9sKh:300,-300(300.000000)
758:Player,BR:0cc/cr3080f:5sJh,5hQd|/3hTdKs:-100,100(-100.000000)
759:BR,Player:0f:4dAd,2h5c|:50,-50(50.000000)
760:Player,BR:0cr130c/r299r2303f:4dQd,3d6h|/5d9cTd:-529,529(-529.000000)
761:BR,Player:0r130c/r1001f:9cQc,5h9d|/2h5s6c:230,-230(230.000000)
762:Player,BR:0cr300c/cr1741r4299f:JhQd,4h6d|/4dThKc:2141,-2141(2141.000000)
763:BR,Player:0r200c/r2627f:7h9h,3hTh|/JdQsKd:300,-300(300.000000)
764:Player,BR:0cr200c/cr1306f:3s3c,2dJc|/4hTsAd:-300,300(-300.000000)
765:BR,Player:0f:3hKc,2d5c|:50,-50(50.000000)
766:Player,BR:0cc/cr435f:2hAh,6hJd|/2d3dQd:-100,100(-100.000000)
767:BR,Player:0r130c/r2014c/cc/cr6726f:9dQh,7hKh|/6hJhKc/3s/7c:-2244,2244(-2244.000000)
768:Player,BR:0cc/cr124c/cc/r100c:4cKh,9hTs|/4sTdAc/6d/2s:-324,324(-260.020317)
769:BR,Player:0r300c/r1741f:3s8s,7h8h|/5c7dAs:400,-400(400.000000)
770:Player,BR:0cc/cr3080r16820f:TdJs,3sQh|/ThJhAd:3180,-3180(3180.000000)
771:BR,Player:0r200c/r1136f:JdQc,4c7d|/JcQdAh:300,-300(300.000000)
772:Player,BR:0cc/cr876f:2h6s,3cJs|/3dTsTd:-100,100(-100.000000)
773:BR,Player:0f:6d8h,2dTs|:50,-50(50.000000)
774:Player,BR:0cr300c/r520r4005r9887c/r5188c/cc:5cAc,7cQc|/2d3cJc/Js/5h:20000,-20000(7145.801828)
775:BR,Player:0r130c/r1001c/cr2472f:8dAc,9sTd|/7hQsKd/As:-1231,1231(-1231.000000)
776:Player,BR:0cc/cr876f:5dKh,3c5c|/4h8cTs:-100,100(-100.000000)
777:BR,Player:0r130c/r2014f:3d9s,6dJs|/8cJcQh:230,-230(230.000000)
778:Player,BR:0cc/cr876f:6sJd,5d9d|/7hKdKc:-100,100(-100.000000)
779:BR,Player:0cc/r216c/cc/cr134c:TcQc,KsKd|/TsJhJd/5s/9h:-450,450(404.613300)
780:Player,BR:0cr300c/cr3503f:TdAd,6cJs|/2c4dQh:-400,400(-400.000000)
781:BR,Player:0r130c/r2014f:ThAs,5hQh|/4c6d9h:230,-230(230.000000)
782:Player,BR:0cc/cr1761f:4d8h,3sJs|/4h7s7d:-100,100(-100.000000)
783:BR,Player:0r130c/r2014f:3dKs,6dQd|/2h3sJs:230,-230(230.000000)
784:Player,BR:0cc/cr124f:4dTh,2hQh|/2dKhAd:-100,100(-100.000000)
785:BR,Player:0r130c/r1001c/cr1184c/cc:7h9c,3d5d|/3s5cTc/Th/8s:-2415,2415(-2415.000000)
786:Player,BR:0cr600c/cr3047f:7c8c,4s9s|/8sThAh:-700,700(-700.000000)
787:BR,Player:0cc/r435f:5c7h,3cQh|/9hTsJh:100,-100(100.000000)
788:Player,BR:0cr300c/cr3503f:5h5c,6sQd|/8d9dJc:-400,400(-400.000000)
789:BR,Player:0r130c/r2014f:5d8c,7cAh|/9sTsJd:230,-230(230.000000)
790:Player,BR:0cc/cr761f:3hKs,QdAd|/3dJsAc:-100,100(-100.000000)
791:BR,Player:0r130c/r1001c/cr1184f:2s9h,3hAh|/3s6s8h/Ad:-1231,1231(-1231.000000)
792:Player,BR:0cr600c/r910r2291f:4d4c,2hTc|/2s3sKc:-1610,1610(-1610.000000)
793:BR,Player:0cc/r876f:7cQc,KhKd|/7d8hTh:100,-100(100.000000)
794:Player,BR:0cr200c/cr2627f:2cAc,5sJd|/7s7cTc:-300,300(-300.000000)
795:BR,Player:0f:8hTc,3h8s|:50,-50(50.000000)
796:Player,BR:0cr200c/r390r854c/cc/cc:QsAc,6cAd|/3c8hAs/6s/Kh:-1544,1544(-1513.027539)
797:BR,Player:0cc/r876f:6s8h,JdKh|/3h4hTd:100,-100(100.000000)
798:Player,BR:0cc/cr124c/cc/cc:3c6h,5hJc|/6cJhAc/Qd/9d:-224,224(-137.481395)
799:BR,Player:0r130c/r2014f:8hKh,5c6d|/8dThAd:230,-230(230.000000)
800:Player,BR:0cc/cr435c/cc/r1075f:3hTc,6sQd|/3d3cAh/2d/7s:535,-535(535.000000)
801:BR,Player:0r130c/r2014f:8dJc,3cKd|/4c7cQd:230,-230(230.000000)
802:Player,BR:0cc/cr876f:2c3h,6h8d|/2d9cAs:-100,100(-100.000000)
803:BR,Player:0r130c/r163r665r665r3143f:KcAs,9s9c|/3s9hQc:-1723,1723(-1723.000000)
804:Player,BR:0cc/cr3080f:5h9c,5s6d|/4cJdKh:-100,100(-100.000000)
805:BR,Player:0r130c/cc/cc/cc:3dKc,JcKh|/2d7hQs/6c/Tc:-230,230(-230.000000)
806:Player,BR:0cr600c/cr3047f:QsAd,4c5d|/3c6d6c:-700,700(-700.000000)
807:BR,Player:0r130c/r1001f:TcJh,JdQd|/5h6s6d:230,-230(230.000000)
808:Player,BR:0cr300c/cr3503f:KhAh,3cJd|/4h7d9s:-400,400(-400.000000)
809:BR,Player:0f:8cTc,2d8s|:50,-50(50.000000)
810:Player,BR:0cc/cr435f:2c7h,5hQs|/3s4dAc:-100,100(-100.000000)
811:BR,Player:0r200c/r1306f:3d9d,TcKh|/2d5cJs:300,-300(300.000000)
812:Player,BR:0cr300c/cr1741f:QcKc,4cKd|/3sJsJd:-400,400(-400.000000)
813:BR,Player:0r130c/r2014f:2cKd,7s9h|/4d8cAd:230,-230(230.000000)
814:Player,BR:0cc/cr1761r3429f:9cQh,7c8s|/QdQcKs:1861,-1861(1861.000000)
815:BR,Player:0r130c/r871c/cc/cc:9hJc,JdQs|/2d3sJs/3d/6d:-1101,1101(873.586874)
816:Player,BR:0cr300c/cr1741f:4h4c,5h8d|/9hTcAh:-400,400(-400.000000)
817:BR,Player:0f:3hKh,3c9d|:50,-50(50.000000)
818:Player,BR:0cc/cr3080f:4s7d,3hAc|/8hQcKh:-100,100(-100.000000)
819:BR,Player:0f:QcAh,3h7s|:50,-50(50.000000)
820:Player,BR:0cc/cr435f:4s7d,5hQd|/2d3dKc:-100,100(-100.000000)
821:BR,Player:0r130c/r2014f:2dJd,3c4h|/8c9cTd:230,-230(230.000000)
822:Player,BR:0cc/cr876f:3sTh,4cAh|/3d4h6s:-100,100(-100.000000)
823:BR,Player:0r200c/r2627c/cc/cc:JhQc,QhAc|/3cTdKs/Kh/2d:-2927,2927(-2927.000000)
824:Player,BR:0cr300c/cr19600f:3s3c,6h8h|/4h5c7h:-400,400(-400.000000)
825:BR,Player:0cc/r379c/cr441c/cr1840f:ThKc,2cQh|/2h9dTc/Js/2d:-920,920(-920.000000)
826:Player,BR:0cc/cr3080f:3d4s,9dJc|/5hTdAc:-100,100(-100.000000)
827:BR,Player:0r130c/r1001f:8cTh,8h9h|/3d4h6s:230,-230(230.000000)
828:Player,BR:0cc/r200r649f:7sJs,9hAc|/4c9cTc:-300,300(-300.000000)
829:BR,Player:0r130c/r327f:TsKh,6cQh|/7h7cAd:230,-230(230.000000)
830:Player,BR:0cc/cr216c/cc/r584f:4s6d,JsAd|/6cJhKc/5s/6h:316,-316(316.000000)
831:BR,Player:0r130c/r1001f:5d6d,5hAs|/9s9hJd:230,-230(230.000000)
832:Player,BR:0cc/cr124c/cc/cc:8dQc,6d9h|/6cKsAh/2d/4h:-224,224(-120.016623)
833:BR,Player:0cc/r124c/cr376c/cr300f:ThTd,4hKs|/3cQsKh/5c/Qh:-600,600(-600.000000)
834:Player,BR:0cc/cr216r1784r1784f:8dQh,3hTh|/2s3d7d:-2100,2100(-2100.000000)
835:BR,Player:0r130c/r327c/cc/cc:3dQd,QsAc|/6s6cAh/2s/2c:-557,557(-557.000000)
836:Player,BR:0cr200c/r600r2240f:3c4c,2h3h|/3dTcJh:-900,900(-900.000000)
837:BR,Player:0r130c/r1001f:4hKh,9hJh|/2hThTc:230,-230(230.000000)
838:Player,BR:0cr300c/cr7045f:9sKh,6h7d|/3hTsKd:-400,400(-400.000000)
839:BR,Player:0r130c/r1001f:6d7s,7h8s|/4h4c5d:230,-230(230.000000)
840:Player,BR:0cc/cr435f:4cAd,9hQh|/4s6sTc:-100,100(-100.000000)
841:BR,Player:0r130c/r1001f:6dTd,TsJh|/3s6s7d:230,-230(230.000000)
842:Player,BR:0cc/r130r2014c/r1344f:4cAh,6s9s|/3h4dAc/8h:2244,-2244(2244.000000)
843:BR,Player:0r130c/r1001f:3c7h,4hKs|/5d8s9s:230,-230(230.000000)
844:Player,BR:0cc/cr1761f:6s7d,3h3d|/9hQdQc:-100,100(-100.000000)
845:BR,Player:0r200c/r1306f:JcAh,7hTs|/3h4d8d:300,-300(300.000000)
846:Player,BR:0cr300c/cr495f:4cAc,6c8h|/5s6d9h:-400,400(-400.000000)
847:BR,Player:0r130c/r1001f:4cKc,8cAd|/5h7cJh:230,-230(230.000000)
848:Player,BR:0cc/cr876f:4d9c,2sTd|/3d5s6c:-100,100(-100.000000)
849:BR,Player:0r200c/r747f:3h5s,4hKc|/7s7hQh:300,-300(300.000000)
850:Player,BR:0cc/cr435f:5d6h,3s5c|/8h9dJc:-100,100(-100.000000)
851:BR,Player:0r130c/r100c/cr429c/cc:5hAc,4c8c|/2s7hTc/6c/4h:-759,759(247.769927)
852:Player,BR:0cr200c/cr1306f:4s6h,9sAd|/4hTcQd:-300,300(-300.000000)
853:BR,Player:0r130c/r163r987r987c/cc/cc:4s9s,2s8s|/2c8hJd/Jh/7h:-2367,2367(-2367.000000)
854:Player,BR:0cr200c/cr1306f:QhAh,4dJs|/3d7cTh:-300,300(-300.000000)
855:BR,Player:0r130c/r2014f:7s9h,4h4d|/5s6cTs:230,-230(230.000000)
856:Player,BR:0cc/cr216c/cc/cc:4cTc,5d6s|/4s6hAc/5s/5c:-316,316(-313.989525)
857:BR,Player:0cc/r435f:2cJc,8sQc|/3d7dTc:100,-100(100.000000)
858:Player,BR:0cc/cr3080f:4cJs,4d8d|/TsJhAh:-100,100(-100.000000)
859:BR,Player:0r130c/r2014f:5d8c,9sQd|/3s4d7h:230,-230(230.000000)
860:Player,BR:0cc/cr1761f:6sKc,3c6d|/5c9s9d:-100,100(-100.000000)
861:BR,Player:0f:2dTd,2s5c|:50,-50(50.000000)
862:Player,BR:0cc/cr761f:2s6h,QcKc|/7d8hKd:-100,100(-100.000000)
863:BR,Player:0r130c/r2014c/cr2241c/cc:8cJc,TdQc|/5sKcAc/Qh/6d:-4485,4485(-4479.399561)
864:Player,BR:0cr300c/cr1741f:2h4h,9hTh|/6hKsAh:-400,400(-400.000000)
865:BR,Player:0r130c/r2014f:3c4d,4sAd|/6s7h9d:230,-230(230.000000)
866:Player,BR:0cc/cr761f:7cJh,6dQh|/2d3c6s:-100,100(-100.000000)
867:BR,Player:0r200c/r1306f:2hTs,6dJs|/2s4s8s:300,-300(300.000000)
868:Player,BR:0cr600c/cr3047c/r3603f:7s7c,6cKs|/3s3d7d/3c:3747,-3747(3747.000000)
869:BR,Player:0r200c/r427c/cc/cc:8hQc,6cAc|/2c4h4c/5s/4s:-727,727(-727.000000)
870:Player,BR:0cc/cr435f:3h6c,KdAc|/2s5c9s:-100,100(-100.000000)
871:BR,Player:0r200c/r1306f:4h6h,2c3c|/2d9dJc:300,-300(300.000000)
872:Player,BR:0cc/cr3080f:3s9c,5dKs|/3d9dQs:-100,100(-100.000000)
873:BR,Player:0r130c/r2014f:2h7d,5hAc|/6dTdJc:230,-230(230.000000)
874:Player,BR:0cc/cr124f:2hQs,7dAd|/5h8s8d:-100,100(-100.000000)
875:BR,Player:0cc/r435f:2d9c,4d6c|/7d9hJh:100,-100(100.000000)
876:Player,BR:0cc/cr1761f:ThAs,TdJd|/2d3h3c:-100,100(-100.000000)
877:BR,Player:0r200c/r1306f:2s7h,8cAc|/3h6h7d:300,-300(300.000000)
878:Player,BR:0cr200c/cr2627f:5d9d,3c4h|/7d8hJc:-300,300(-300.000000)
879:BR,Player:0r130c/r2014f:5h5c,TdJs|/7hThKd:230,-230(230.000000)
880:Player,BR:0cr300c/cr19600f:4c5s,8s8d|/3h5h8c:-400,400(-400.000000)
881:BR,Player:0r130c/r1001f:3h8s,2h9h|/TsKsKc:230,-230(230.000000)
882:Player,BR:0cr130c/r299r2303f:6cAc,2sQc|/4d6d9c:-529,529(-529.000000)
883:BR,Player:0r130c/r1001c/cr2472f:6cTs,5h6h|/JhQhKs/Ah:-1231,1231(-1231.000000)
884:Player,BR:0cc/cr1761c/cc/r1589f:8dKc,3s8c|/2cJcKh/Jh/Td:1861,-1861(1861.000000)
885:BR,Player:0r130c/r1001f:4c9h,2dKs|/4d5h6d:230,-230(230.000000)
886:Player,BR:0cc/cr124c/cc/r100c:3sQc,3c6s|/2h6c9c/Th/Js:-324,324(148.529981)
887:BR,Player:0r200c/r2627c/cc/cr17073f:5s6h,KsAc|/3h8cKd/3c/As:-2927,2927(-2927.000000)
888:Player,BR:0cc/cr876f:8dAc,7sQs|/5h8hKh:-100,100(-100.000000)
889:BR,Player:0r130c/r2014f:2hJs,4c6h|/3cKcAs:230,-230(230.000000)
890:Player,BR:0cc/cr379f:3hTc,4d8d|/2c6h8s:-100,100(-100.000000)
891:BR,Player:0cc/r100c/cr260c/cr920f:9hAd,6s8c|/2h8sQc/6d/5h:-460,460(-460.000000)
892:Player,BR:0cc/cr435c/r305f:5dQd,3s5h|/5s9dTh/Qs:535,-535(535.000000)
893:BR,Player:0r300c/r569c/cr1791f:2hKh,6sTh|/3h8s9c/Qs:-969,969(-969.000000)
894:Player,BR:0cc/cr876c/r584c/r780c:TcKd,TsKh|/9hQdAc/6c/7s:0,-0(780.468779)
895:BR,Player:0r130c/r327c/cr478c/cr2070c:4hTs,5d9s|/2h3d4c/7s/7d:3105,-3105(-622.961291)
896:Player,BR:0cr300c/cr3503f:9sAh,7dKc|/2s2h4c:-400,400(-400.000000)
897:BR,Player:0f:8dTc,3c9s|:50,-50(50.000000)
898:Player,BR:0cc/cr876f:5hJd,2sQh|/2c4c9s:-100,100(-100.000000)
899:BR,Player:0r200c/r1136f:QdAs,4h6d|/KhKdKc:300,-300(300.000000)
900:Player,BR:0cc/cr379f:8hJc,8dKd|/3d9hKs:-100,100(-100.000000)
901:BR,Player:0r300c/r866f:6sKs,9sAd|/3h4cKd:400,-400(400.000000)
902:Player,BR:0cr600c/cr3047f:3cAc,5cJh|/3s5s8s:-700,700(-700.000000)
903:BR,Player:0r200c/r2627f:3d8s,9hJs|/6d7s9s:300,-300(300.000000)
904:Player,BR:0cr600c/cr996f:6d6c,5dQd|/2hKcAh:-700,700(-700.000000)
905:BR,Player:0r130c/r1001f:7dTs,5dJs|/9sJdKc:230,-230(230.000000)
906:Player,BR:0cc/cr876f:2d6c,2s6s|/5c9hKd:-100,100(-100.000000)
907:BR,Player:0r130c/r871c/cr279c/cc:7dJh,2h9h|/6h8hJs/7s/2s:1380,-1380(1380.000000)
908:Player,BR:0cr300c/cr1741f:8dKd,ThKh|/7sJsAd:-400,400(-400.000000)
909:BR,Player:0cc/r379c/cr121c/cr780c:AsAh,2sJd|/7dKdAd/6c/3h:1380,-1380(1265.873999)
910:Player,BR:0cc/cr1761f:6hQd,4d9h|/QsKsKd:-100,100(-100.000000)
911:BR,Player:0r130c/cc/cr115f:2s8c,8dQd|/9hQsKd/Td:-230,230(-230.000000)
912:Player,BR:0cc/cr435c/r515c/r2100f:3c5s,6h9s|/4h5cAs/5d/Qd:1050,-1050(1050.000000)
913:BR,Player:0cc/r876f:8dTs,3d6s|/2d4sAh:100,-100(100.000000)
914:Player,BR:0cc/cr124c/cc/cc:5cQs,9cTh|/6c9hQh/Js/Td:-224,224(-132.861066)
915:BR,Player:0r200c/r2627f:2h5c,4cQc|/3dJhJc:300,-300(300.000000)
916:Player,BR:0cr200c/r390r3004f:6hJh,7hQs|/2s2hTs:-690,690(-690.000000)
917:BR,Player:0r200c/r427f:5d6d,6h9s|/9cJhKs:300,-300(300.000000)
918:Player,BR:0cc/cr379f:6h9d,2dKc|/9hTsKh:-100,100(-100.000000)
919:BR,Player:0r130c/r1001f:7s9c,6s8d|/TsQsKc:230,-230(230.000000)
920:Player,BR:0cr300c/cr569c/cc/r831f:5h7h,8dJc|/2h5cAs/4h/6h:969,-969(969.000000)
921:BR,Player:0r130c/r1001r2472f:7cJc,2cAd|/2s6sQs:-1231,1231(-1231.000000)
922:Player,BR:0cr200c/r600r600c/r1200c/r8100c:4d5s,2c5c|/3h3cAc/Kc/7h:-10800,10800(-10800.000000)
923:BR,Player:0r130c/r4051f:4d8c,3dTd|/2d5hAc:230,-230(230.000000)
924:Player,BR:0cc/cr216f:5d9c,4cKc|/4dQhQc:-100,100(-100.000000)
925:BR,Player:0r130c/r573f:7sKh,9sAh|/8hJcQs:230,-230(230.000000)
926:Player,BR:0cr300c/r520r520c/r1320f:KcAh,3sAd|/3dQhKs/7d:1440,-1440(1440.000000)
927:BR,Player:0r130c/r871f:7sQc,5hAc|/6d7dQd:230,-230(230.000000)
928:Player,BR:0cc/cr3080f:6dTh,4c9d|/5hQdAs:-100,100(-100.000000)
929:BR,Player:0f:3sJd,2d4s|:50,-50(50.000000)
930:Player,BR:0cc/cr435f:2dAs,3h8s|/4h5cKc:-100,100(-100.000000)
931:BR,Player:0r130c/r2014f:6d7s,3d4s|/2hQsKd:230,-230(230.000000)
932:Player,BR:0cc/cr1761f:5cTh,7d9h|/5d8s8c:-100,100(-100.000000)
933:BR,Player:0r130c/r1001f:5cJh,KdAs|/2s2h4h:230,-230(230.000000)
934:Player,BR:0cc/cr876f:3d5h,4s4h|/5d6s7d:-100,100(-100.000000)
935:BR,Player:0r200c/cc/cr150c/cr900f:7cJd,8cTd|/4dKhKc/8d/5s:-450,450(-450.000000)
936:Player,BR:0cr200c/cr2627c/cc/r8773f:7sKc,3s5c|/TsKsKh/Qh/Qc:2927,-2927(2927.000000)
937:BR,Player:0cc/r876f:4s6c,8hAs|/7cQdKh:100,-100(100.000000)
938:Player,BR:0cr300c/r520r2290f:2d4d,7hTd|/5s6c7d:-920,920(-920.000000)
939:BR,Player:0r130c/r1001f:6sTc,5s9c|/3c4s6d:230,-230(230.000000)
940:Player,BR:0cc/cr19900f:2sKh,6dAd|/3h6hAc:-100,100(-100.000000)
941:BR,Player:0f:9dTc,2c6s|:50,-50(50.000000)
942:Player,BR:0cc/cr435f:3d6s,6h8d|/2h2c7h:-100,100(-100.000000)
943:BR,Player:0r130c/r1001f:3c6h,8hJh|/2h7hQc:230,-230(230.000000)
944:Player,BR:0cr200c/cr1306f:3h3d,5sQd|/9s9dJs:-300,300(-300.000000)
945:BR,Player:0r200c/r2627c/cr1753f:3d9h,QsKs|/4dJsAc/6c:-2927,2927(-2927.000000)
946:Player,BR:0cc/cr876f:2c9s,4hQs|/6c9hKs:-100,100(-100.000000)
947:BR,Player:0r200c/r1306f:5c6h,4cKd|/4h7hTs:300,-300(300.000000)
948:Player,BR:0cc/cr1761f:4sAd,3dAc|/2d5s5c:-100,100(-100.000000)
949:BR,Player:0cc/r3080f:2d2c,8cQd|/3d9cQc:100,-100(100.000000)
950:Player,BR:0cc/cr761f:4d8h,3h3c|/2s7h7d:-100,100(-100.000000)
951:BR,Player:0cc/r435f:4c7d,4h9d|/9sQsQc:100,-100(100.000000)
952:Player,BR:0cc/cr876f:6sKd,8sJc|/2h4hQs:-100,100(-100.000000)
953:BR,Player:0f:8cAh,3c9h|:50,-50(50.000000)
954:Player,BR:0cr300c/cr283f:7hKc,8dJc|/6dAhAc:-400,400(-400.000000)
955:BR,Player:0r200c/r1306f:3cAs,4sTd|/ThQsKh:300,-300(300.000000)
956:Player,BR:0cr300c/cr569f:8hKd,2s5d|/2cJhJc:-400,400(-400.000000)
957:BR,Player:0r200c/r212c/cc/cr838c:JsAh,7s8s|/9sQsQh/6s/Jc:-1350,1350(503.439151)
958:Player,BR:0cr300c/cr7045f:8cQh,4s5d|/3sThKc:-400,400(-400.000000)
959:BR,Player:0r200c/r1306c/cr3224c/cr14490c:JhAh,3h5s|/4c6dTd/Kc/Ks:19320,-19320(13090.502445)
960:Player,BR:0cc/cr876f:5cAh,2d6c|/8dJsAs:-100,100(-100.000000)
961:BR,Player:0f:5c9h,2cTs|:50,-50(50.000000)
962:Player,BR:0cr600c/cr3047f:2dQd,3d6d|/2h4s9h:-700,700(-700.000000)
963:BR,Player:0r130c/r1001f:4c8s,7s9s|/6h7h8h:230,-230(230.000000)
964:Player,BR:0cc/cr876f:2d5h,ThJs|/3h5cAc:-100,100(-100.000000)
965:BR,Player:0r130c/r1001f:5d7s,7cKs|/8dQcKd:230,-230(230.000000)
966:Player,BR:0cc/cr1761f:4s7h,6c7s|/4dJsJh:-100,100(-100.000000)
967:BR,Player:0r200c/r1306f:4dKd,6dAs|/6s9sTd:300,-300(300.000000)
968:Player,BR:0cr300c/cr3503f:8hTh,3c9h|/4s5c6s:-400,400(-400.000000)
969:BR,Player:0r200c/r1306r3224f:2c4c,9dQc|/3d8hTc:-1606,1606(-1606.000000)
970:Player,BR:0cc/cr876c/r584c/cc:7hAd,8hTd|/7dJdKh/Js/Qc:1560,-1560(1560.000000)
971:BR,Player:0r130c/r573f:3d6c,4d5c|/9dKdAc:230,-230(230.000000)
972:Player,BR:0cc/cr435f:2sAd,5h8s|/4dQdKc:-100,100(-100.000000)
973:BR,Player:0r300c/r569f:8hKs,4sQd|/3d7sTs:400,-400(400.000000)
974:Player,BR:0cr300c/r520r4005f:5sAd,3hKs|/4s5c9h:-920,920(-920.000000)
975:BR,Player:0r130c/r2014c/cr2241f:JhKc,5h8c|/5c8dQc/3c:-2244,2244(-2244.000000)
976:Player,BR:0cc/cr124r236r236c/r408c/r552c:6h9d,3cAd|/7sQdQc/2h/5h:-1656,1656(-198.608810)
977:BR,Player:0r130c/r327f:4s6c,8dKh|/ThAdAc:230,-230(230.000000)
978:Player,BR:0cr300c/cr3503f:4hAh,KcAd|/6d7cJd:-400,400(-400.000000)
979:BR,Player:0r130c/r19770c/cc/cc:3hAh,6s7s|/2d4s5c/Kc/As:20000,-20000(11221.801219)
980:Player,BR:0cr300c/r520r8056f:3c4c,3sJh|/6cThQh:-920,920(-920.000000)
981:BR,Player:0r200c/r2627f:3c7s,9cTh|/3s8cTs:300,-300(300.000000)
982:Player,BR:0cr200c/cr1306f:JcAd,6cQh|/2d3s9s:-300,300(-300.000000)
983:BR,Player:0cc/r876f:5sTc,3sTh|/5c6hAs:100,-100(100.000000)
984:Player,BR:0cc/cr3080f:4hQc,3s9c|/2c8hJc:-100,100(-100.000000)
985:BR,Player:0r130c/r285c/cc/cr543c:9hQs,3cQc|/7s7cQd/Jd/5s:0,-0(334.195561)
986:Player,BR:0cr130c/r299r1317c/cc/r1328f:8s9s,7sAc|/3d8c9h/Td/2h:1846,-1846(1846.000000)
987:BR,Player:0r130c/r1001c/cc/cc:2h8d,9sQh|/5c6h9h/Tc/Jh:-1231,1231(-1231.000000)
988:Player,BR:0cr300c/r520r4005f:TcKc,8d9d|/3d7dTh:-920,920(-920.000000)
989:BR,Player:0r200c/r2284f:JhQd,JcKc|/4hQhAh:300,-300(300.000000)
990:Player,BR:0cr200c/cr1306c/cc/r3224f:QcKs,2sJd|/9sThKd/4s/6c:1606,-1606(1606.000000)
991:BR,Player:0r130c/r285f:3h4s,8cQh|/2d3dJh:230,-230(230.000000)
992:Player,BR:0cc/cr9423f:4c9h,2c3h|/8hAsAd:-100,100(-100.000000)
993:BR,Player:0r130c/r2014f:4d5d,8dJd|/3d7hKc:230,-230(230.000000)
994:Player,BR:0cc/cr379c/cc/cc:4d8c,6sKd|/5h8dKs/Qh/3s:-479,479(-341.456307)
995:BR,Player:0r130c/r871r1015r1015c/cc/cr6602f:AhAc,2c4c|/3c5hKc/3h/8s:-3131,3131(-3131.000000)
996:Player,BR:0cc/cr876c/cc/r974f:4h9h,3cAd|/4d7c9c/8d/6c:976,-976(976.000000)
997:BR,Player:0r130c/r285r543r1506f:2cTh,6dAd|/9s9hTc:1058,-1058(1058.000000)
998:Player,BR:0cr200c/cr1306f:9cAs,2sTc|/4s7hJd:-300,300(-300.000000)
999:BR,Player:0cc/r876f:8h9d,9h9c|/2sThJc:100,-100(100.000000)
1000:Player,BR:0cr600c/cr3047r10953f:JsKc,4h5s|/5c9dJc:3747,-3747(3747.000000)
RAW BR STATS: n=1000, sum=26400.000000, sum_sq=4306524312.000000, vr_sum=34238.631404, vr_sum_sq=2378599019.974002
BR STATS: 26.400000(128.612855), 34.238631(95.567372)
RESULTS
1)BR: 26400
2)Player: -26400
