In config file: GAME_DEF=game_def.fullholdem
In config file: ACTIONS_R0=C
In config file: ACTIONS_R1=F,C,0.05,0.0575,0.066125,0.07604375,0.087450313,0.100567859,0.115653038,0.133000994,0.152951143,0.175893815,0.202277887,0.23261957,0.267512505,0.307639381,0.353785288,0.406853081,0.467881044,0.5380632,0.61877268,0.711588582,0.81832687,0.9410759,1.082237285,1.244572878,1.43125881,1.645947631,1.892839776,2.176765742,2.503280603,2.878772694,3.310588598,3.807176888,4.378253421,5.034991434,5.790240149,6.658776171,7.657592597,8.806231486,10.12716621,11.64624114,13.39317731,15.40215391,17.71247699,20.36934854,23.42475083,26.93846345,30.97923297,35.62611791,40.9700356,47.11554094,54.18287208,62.31030289,71.65684832,82.40537557,94.76618191,A
In config file: ACTIONS_R2=F,C
In config file: ACTIONS_R3=F,C
Loading player: rgbr_nl_cprg.so
Player args: /home/viliam/cprg/project_uoapoker/trunk/src/c/meta_player.so /home/viliam/cprg/project_uoapoker/trunk/src/c/acpc14.map
Using seed 37.
1:BR,Player:0r130c/r2014c/cr2241f:6s8c,3s3c|/3d9dAd/Ts:-2244,2244(-2244.000000)
2:Player,BR:0cc/cr435f:2d9h,4cQd|/7cTsAh:-100,100(-100.000000)
3:BR,Player:0cc/r100c/cr100c/cr600c:6dQs,3d6c|/2dKsKc/Ts/9h:900,-900(269.708521)
4:Player,BR:0cr300c/cr19600f:5d9h,7dQd|/3d9dTd:-400,400(-400.000000)
5:BR,Player:0r130c/r2014f:9sJd,9dAc|/3h5s8h:230,-230(230.000000)
6:Player,BR:0cr200c/cr2627r12673f:AsAh,3d4c|/3h8dJh:2927,-2927(2927.000000)
7:BR,Player:0r130c/r2014r4633f:8sTd,2s7s|/2h2c6d:-2244,2244(-2244.000000)
8:Player,BR:0cc/cr435c/r305c/r168f:6hJc,5c9d|/3s3hJd/5h/Kh:840,-840(840.000000)
9:BR,Player:0r130c/r1751f:AsAh,QdAc|/5h6dJs:230,-230(230.000000)
10:Player,BR:0cr300c/cr1741f:9sTd,6cTc|/3h9cQh:-400,400(-400.000000)
11:BR,Player:0f:7hKs,3h9c|:50,-50(50.000000)
12:Player,BR:0cc/cr876r2924r2924r13176f:2d2c,7cAc|/2h5dJd:6824,-6824(6824.000000)
13:BR,Player:0f:3dQh,2hTc|:50,-50(50.000000)
14:Player,BR:0cc/cr876f:5h6d,8cJh|/4h4dKh:-100,100(-100.000000)
15:BR,Player:0f:4d7h,2s9c|:50,-50(50.000000)
16:Player,BR:0cc/cr876f:3dAc,4d5d|/JsQdQc:-100,100(-100.000000)
17:BR,Player:0r130c/r871f:5dQh,7sJh|/2sThQd:230,-230(230.000000)
18:Player,BR:0cc/cr435f:3s9h,3c9d|/2dThJh:-100,100(-100.000000)
19:BR,Player:0r300c/r3503c/cr3897f:8dQd,8cJc|/5h6cAc/4c:-3903,3903(-3903.000000)
20:Player,BR:0cc/cr124c/cc/r576f:7sJc,6h8s|/2d8hJh/Jd/4c:224,-224(224.000000)
21:BR,Player:0r130c/r1001f:3s6s,7sJc|/2dQhQd:230,-230(230.000000)
22:Player,BR:0cr300c/cr246c/cc/r734c:6dKd,8hKh|/2sKsAc/2c/Kc:0,-0(-1124.667240)
23:BR,Player:0r200c/r1136c/cc/cc:KdKc,4d8d|/3c5s7h/4h/Ks:1436,-1436(1425.208809)
24:Player,BR:0cc/cr876f:5d9h,JhKc|/4s5hAh:-100,100(-100.000000)
25:BR,Player:0r200c/r649f:3dKd,4hJc|/2s3hQc:300,-300(300.000000)
26:Player,BR:0cr200c/cr1306f:6dKs,4c7d|/3d5sAh:-300,300(-300.000000)
27:BR,Player:0cc/r124c/cc/cc:4hTs,3cJd|/2d4dQh/Kh/3d:224,-224(160.391729)
28:Player,BR:0cr600c/r1400r5227f:3d4d,4cAh|/4s9cKd:-2100,2100(-2100.000000)
29:BR,Player:0cc/r142f:5hTh,TsJh|/3c6dQs:100,-100(100.000000)
30:Player,BR:0cr200c/cr427f:5hJd,5d9s|/2hQsKc:-300,300(-300.000000)
31:BR,Player:0r200c/r371c/cr1729c/cr4800f:TcKd,6cAd|/7dTsAc/6s/5c:-2400,2400(-2400.000000)
32:Player,BR:0cc/cr876f:9hJd,3hTh|/3c4hAs:-100,100(-100.000000)
33:BR,Player:0r130c/r871f:QcAh,4c5s|/3hJsQd:230,-230(230.000000)
34:Player,BR:0cc/cr435f:4h9c,9sJh|/2sKsAc:-100,100(-100.000000)
35:BR,Player:0f:5s5h,2s6d|:50,-50(50.000000)
36:Player,BR:0cr600c/cr3047f:QdAs,3d5h|/3s4sJh:-700,700(-700.000000)
37:BR,Player:0r130c/r1001f:JhKs,5cJs|/3s8s9h:230,-230(230.000000)
38:Player,BR:0cc/cr435c/r305c/r1092f:2h6h,9dTc|/4c7hKh/8h/4d:840,-840(840.000000)
39:BR,Player:0r130c/r1001f:6cTs,5dQs|/2c5h7h:230,-230(230.000000)
40:Player,BR:0cr130c/r299r2303f:6sTs,7cJs|/9hJdAh:-529,529(-529.000000)
41:BR,Player:0r130c/r573c/cc/cr1957f:QhAc,AhAd|/4d6c7h/9h/Qd:-803,803(-803.000000)
42:Player,BR:0cc/cr1761f:4s5d,6dKc|/2c8sAc:-100,100(-100.000000)
43:BR,Player:0r130c/r2014r9716f:3h5s,3s4s|/3d4h9d:-2244,2244(-2244.000000)
44:Player,BR:0cc/cr435f:5s7c,8sJd|/3d5cQc:-100,100(-100.000000)
45:BR,Player:0cc/r142f:2h3d,3cKs|/4c7hJd:100,-100(100.000000)
46:Player,BR:0cr200c/cr2627f:QsKd,7hJs|/2d4sTs:-300,300(-300.000000)
47:BR,Player:0r130c/r1001f:2d9d,8dAd|/7h7cKh:230,-230(230.000000)
48:Player,BR:0cc/cr435f:4d9c,7cKh|/4c5dAs:-100,100(-100.000000)
49:BR,Player:0cc/r435f:3cJc,4sQs|/2dKdAd:100,-100(100.000000)
50:Player,BR:0cc/cr379f:2sKh,6h9d|/6s9hTc:-100,100(-100.000000)
51:BR,Player:0r200c/r244f:8cJh,JsKc|/6s6cAh:300,-300(300.000000)
52:Player,BR:0cr600c/cr2650f:5hAc,JdKh|/2h8cKs:-700,700(-700.000000)
53:BR,Player:0cc/r379f:7sJc,4h8h|/9sTcJd:100,-100(100.000000)
54:Player,BR:0cr600c/cr3047f:2hJh,4cTh|/2s9s9h:-700,700(-700.000000)
55:BR,Player:0r200c/r1136c/cc/cc:5hJd,9s9h|/2c6dJh/Qh/6h:1436,-1436(873.480409)
56:Player,BR:0cr130c/cr2014f:QhQc,7dKh|/6d6cTh:-230,230(-230.000000)
57:BR,Player:0f:7dTh,4c9s|:50,-50(50.000000)
58:Player,BR:0cc/cr876f:JdAc,3hQh|/2c3d5d:-100,100(-100.000000)
59:BR,Player:0cc/r3080f:7h8s,6s9s|/4h5dKc:100,-100(100.000000)
60:Player,BR:0cc/cr876f:2s6s,4h7s|/7h8c9h:-100,100(-100.000000)
61:BR,Player:0r130c/r285c/cr543c/cr2116c:5h7s,4cQh|/7hQsQc/6h/Td:-3174,3174(589.908162)
62:Player,BR:0cc/cr435f:4s8d,TdJd|/2h2d3d:-100,100(-100.000000)
63:BR,Player:0cc/r379f:4sJd,3sAd|/9sJhJc:100,-100(100.000000)
64:Player,BR:0cr300c/cr3503f:4d6s,JdAc|/2h2d5h:-400,400(-400.000000)
65:BR,Player:0f:3c6c,3h7s|:50,-50(50.000000)
66:Player,BR:0cc/cr1761f:3hQc,7h8h|/9sThTd:-100,100(-100.000000)
67:BR,Player:0r130c/r1001f:3s9h,7sAd|/5d7d8s:230,-230(230.000000)
68:Player,BR:0cc/cr124r236r236f:2d8d,9dAc|/4dQsQc:-460,460(-460.000000)
69:BR,Player:0r130c/r2014f:5c6h,8c9d|/3d9hJd:230,-230(230.000000)
70:Player,BR:0cc/cr876f:4s9d,QdAh|/2s3h6c:-100,100(-100.000000)
71:BR,Player:0r130c/r285c/cc/cc:6s6h,7cJc|/4d4c8d/7s/5c:515,-515(515.000000)
72:Player,BR:0cc/cr876f:2h3d,4s4d|/7c8sKd:-100,100(-100.000000)
73:BR,Player:0f:TcQh,2cTd|:50,-50(50.000000)
74:Player,BR:0cr300c/cr7045f:5dTs,6d9s|/3hTdKs:-400,400(-400.000000)
75:BR,Player:0f:5dKh,2d7s|:50,-50(50.000000)
76:Player,BR:0cc/cr761r761r3511c/r2112c/r12755c:6hAc,7s7d|/4s5c7c/9h/5s:-20000,20000(-20000.000000)
77:BR,Player:0r130c/r1001f:4dKs,JsAc|/2h3h6s:230,-230(230.000000)
78:Player,BR:0cc/cr3080f:8hQs,3h7s|/7dTcKd:-100,100(-100.000000)
79:BR,Player:0f:JhQs,2c5s|:50,-50(50.000000)
80:Player,BR:0cc/cr435f:5cTc,7dTs|/2h3h4d:-100,100(-100.000000)
81:BR,Player:0r130c/r1001f:3hQh,4d8d|/2hTcJc:230,-230(230.000000)
82:Player,BR:0cc/cr124c/cc/r100c:3h4d,5c6s|/4h6dJh/Kd/5d:-324,324(-108.650241)
83:BR,Player:0r130c/r2014f:TsTd,3dKc|/JdQdKs:230,-230(230.000000)
84:Player,BR:0cc/cr216f:2hKh,3sJh|/7cTcJs:-100,100(-100.000000)
85:BR,Player:0r200c/r2627f:2h4s,KhAh|/3d8dQc:300,-300(300.000000)
86:Player,BR:0cr300c/r800r800f:8hKh,JsAs|/5h5d9s:-1200,1200(-1200.000000)
87:BR,Player:0r130c/r163c/cc/cc:4dQh,9cAc|/6s6h8d/3c/7s:-393,393(-393.000000)
88:Player,BR:0cr300c/r520r8056f:7d8c,2d3d|/2c6sQh:-920,920(-920.000000)
89:BR,Player:0cc/r435c/cr1565c/cc:8cQh,5cTc|/3c7hJc/7c/Qs:-2100,2100(1043.731720)
90:Player,BR:0cr300c/cr569f:QsKd,3c5s|/2s2d6c:-400,400(-400.000000)
91:BR,Player:0r130c/r1001f:QhKs,9hKc|/4s6sJs:230,-230(230.000000)
92:Player,BR:0cc/cr876f:ThQd,2s4h|/4s5c9c:-100,100(-100.000000)
93:BR,Player:0cc/r435f:7cJh,2cQh|/2d4s8s:100,-100(100.000000)
94:Player,BR:0cr300c/r520r2290f:4h7h,6sKd|/2h9dTc:-920,920(-920.000000)
95:BR,Player:0r200c/r2627f:2s4s,QcAs|/3h9cKs:300,-300(300.000000)
96:Player,BR:0cc/cr435c/cc/cc:7cQs,2cAh|/4c7hJd/3c/2h:535,-535(535.000000)
97:BR,Player:0r130c/r2014f:3hTh,2c8c|/4s8sQh:230,-230(230.000000)
98:Player,BR:0cr300c/cr283c/cc/r1717f:5c6c,6h9h|/4d6sKd/5d/6d:683,-683(683.000000)
99:BR,Player:0r200c/r1306c/cr1544c/cr4095c:8dTd,7cTc|/6c7hAc/9s/9c:-7245,7245(1428.268687)
100:Player,BR:0cc/cr1761f:3h9d,2h2d|/4c5sJc:-100,100(-100.000000)
101:BR,Player:0r130c/r1751f:KhAc,8cJh|/7cJdKs:230,-230(230.000000)
102:Player,BR:0cr200c/cr1306c/cc/r1544f:8hAc,2dQc|/4dKhAh/6c/3d:1606,-1606(1606.000000)
103:BR,Player:0r130c/r1001f:5cKs,6c8h|/3s9s9c:230,-230(230.000000)
104:Player,BR:0cr200c/cr1306f:ThQh,2s7d|/3d5c7c:-300,300(-300.000000)
105:BR,Player:0r130c/r142c/cc/cc:2cQc,5d5c|/3dQhAs/6c/Ah:372,-372(372.000000)
106:Player,BR:0cc/cr3080f:4sKd,2dAc|/3hJcQh:-100,100(-100.000000)
107:BR,Player:0r200c/r371c/cc/cr709f:TsQh,3c5c|/9cTcKd/Jh/Qc:-671,671(-671.000000)
108:Player,BR:0cc/cr100r260r260c/r384c/r1435c:5h6c,4c9d|/4d7hQc/9c/Td:-2539,2539(-2283.240423)
109:BR,Player:0r130c/r163f:2s6c,6sJh|/2c9sKd:230,-230(230.000000)
110:Player,BR:0cr300c/r1200r2277f:5cTh,8dJd|/2hJhQs:-1600,1600(-1600.000000)
111:BR,Player:0r130c/cc/cr115c/cc:7hKc,ThKs|/5h9sAc/9h/2c:-345,345(-314.042789)
112:Player,BR:0cr130c/cr1001f:5sAs,5hQd|/8dTdTc:-230,230(-230.000000)
113:BR,Player:0r130c/r871f:AsAc,4h5s|/ThTcQc:230,-230(230.000000)
114:Player,BR:0cr300c/cr1741f:9hQh,4cJc|/4h8dAd:-400,400(-400.000000)
115:BR,Player:0r130c/r498r859r1964c/cc/cc:3h3c,2sAs|/2d9s9c/4s/7d:3551,-3551(589.308589)
116:Player,BR:0cr300c/cr3503f:QcKd,2hTh|/3h3d5s:-400,400(-400.000000)
117:BR,Player:0r200c/r1136f:7s8c,4s7h|/6h7d9d:300,-300(300.000000)
118:Player,BR:0cc/cr435c/cc/r2265c:7c8s,5sAh|/8h9dTs/6c/7s:0,-0(0.000000)
119:BR,Player:0r200c/r2627c/cr2923f:4s4h,7dQs|/3sThQc/Jc:-2927,2927(-2927.000000)
120:Player,BR:0cr600c/r1400r1400f:8s9s,3dTd|/3c4hJs:-2100,2100(-2100.000000)
121:BR,Player:0f:5d6s,3d9c|:50,-50(50.000000)
122:Player,BR:0cc/cr249f:5c7d,2h8d|/6cKsKd:-100,100(-100.000000)
123:BR,Player:0r130c/r1001f:6c8h,8dTc|/QdKdAh:230,-230(230.000000)
124:Player,BR:0cr300c/r520r4005f:4s6s,2hTs|/3s5h8h:-920,920(-920.000000)
125:BR,Player:0r200c/r1306c/cr1544f:4hTh,8dKh|/8hKsKd/Ad:-1606,1606(-1606.000000)
126:Player,BR:0cc/r200r747f:4sJc,2dAs|/3c7h9c:-300,300(-300.000000)
127:BR,Player:0cc/r876c/cr2014f:2c8c,5hAs|/6sTcAh/Ad:-976,976(-976.000000)
128:Player,BR:0cc/cr19900f:3sQd,KsAh|/ThQhAc:-100,100(-100.000000)
129:BR,Player:0r200c/r2284f:QsAd,3hJh|/9hTsAs:300,-300(300.000000)
130:Player,BR:0cr300c/r520r2290c/r2310c/cc:QdQc,2c5h|/5d6dJh/Qs/Ah:5520,-5520(3143.322504)
131:BR,Player:0r200c/cc/cr390c/cr2070f:5hAd,8dTc|/3h8sQd/8h/4s:-690,690(-690.000000)
132:Player,BR:0cr130c/cc/r460c/r138c:8cJh,JcQc|/7s7dKh/Tc/Js:0,-0(7.045684)
133:BR,Player:0f:2s7d,2c8d|:50,-50(50.000000)
134:Player,BR:0cr300c/cr3503r8057f:9sAh,3d3c|/4s9hTh:3903,-3903(3903.000000)
135:BR,Player:0r130c/r2014f:4d5h,4hQd|/8d9cAc:230,-230(230.000000)
136:Player,BR:0cr200c/cr1306c/cc/r914c:6dAd,7hKd|/2s6sTd/Ac/Ks:2520,-2520(367.249518)
137:BR,Player:0f:6s6h,2d3s|:50,-50(50.000000)
138:Player,BR:0cr200c/cr1306f:7d8c,2s8h|/6c7sKs:-300,300(-300.000000)
139:BR,Player:0r130c/r1001f:7cJc,2sKd|/4h4cQd:230,-230(230.000000)
140:Player,BR:0cr200c/r390r3004f:7h8h,6dKc|/2s2d6h:-690,690(-690.000000)
141:BR,Player:0f:4s8d,2s3h|:50,-50(50.000000)
142:Player,BR:0cr600c/cr3047f:4hKh,2d5s|/3sJhJd:-700,700(-700.000000)
143:BR,Player:0r130c/r2014f:2dJd,3d4d|/9hTsQs:230,-230(230.000000)
144:Player,BR:0cr300c/cr3503f:2s2h,8sQd|/3c9cJs:-400,400(-400.000000)
145:BR,Player:0r200c/r1306f:4c7d,2h7h|/3c9hQs:300,-300(300.000000)
146:Player,BR:0cc/cr435f:3sKd,3cKc|/6dTdQc:-100,100(-100.000000)
147:BR,Player:0cc/r379f:9sQs,2cKh|/6cTsQd:100,-100(100.000000)
148:Player,BR:0cc/cr876c/cc/cc:5s9s,2h4c|/2s5dJs/8c/7h:976,-976(806.073004)
149:BR,Player:0r200c/r1306f:4cJc,2h4h|/5s7sAc:300,-300(300.000000)
150:Player,BR:0cc/cr1761f:3cTd,5dKs|/6h9s9h:-100,100(-100.000000)
151:BR,Player:0r200c/r2627f:JcQs,4dKc|/4cTcAd:300,-300(300.000000)
152:Player,BR:0cr200c/cr2627f:TcAd,4h5d|/5c7dJc:-300,300(-300.000000)
153:BR,Player:0r200c/r2627c/cr8773f:2h8s,7cKc|/7s9sKh/2d:-2927,2927(-2927.000000)
154:Player,BR:0cc/cr435f:5cKs,2dTd|/6s6h9c:-100,100(-100.000000)
155:BR,Player:0cc/r1761f:ThAd,4cAh|/4h6sKd:100,-100(100.000000)
156:Player,BR:0cr200c/r390r982c/r812f:KdAs,2d6c|/7dJhAh/9s:1672,-1672(1672.000000)
157:BR,Player:0r130c/r1001f:5hTc,3s7s|/8cJhKh:230,-230(230.000000)
158:Player,BR:0cc/cr876f:4cJd,3sTd|/3c4dKd:-100,100(-100.000000)
159:BR,Player:0r200c/r140c/cc/cr595f:9sAd,7s8s|/2c3cJs/3s/Qh:-440,440(-440.000000)
160:Player,BR:0cr300c/r520r4005f:3hAh,6h6c|/3s4c8s:-920,920(-920.000000)
161:BR,Player:0f:4sTc,2c3s|:50,-50(50.000000)
162:Player,BR:0cr300c/cr1514c/cc/cc:TsTc,3d4h|/3c4s5s/3s/Jh:-1914,1914(-1711.797536)
163:BR,Player:0r130c/r163c/cc/cr987f:9hAs,KhAc|/TsTdJc/5d/Ad:-393,393(-393.000000)
164:Player,BR:0cc/cr124c/cc/cc:3sAh,3dQh|/QsKdKc/9h/6s:-224,224(-157.504765)
165:BR,Player:0r200c/r427f:9sTc,KdAc|/8h8cAd:300,-300(300.000000)
166:Player,BR:0cc/cr435f:2d7s,3s4c|/2cKcAc:-100,100(-100.000000)
167:BR,Player:0r130c/r1751f:KsKh,JcAc|/7hJsQh:230,-230(230.000000)
168:Player,BR:0cc/cr876f:4hTs,3d4d|/3c6cQh:-100,100(-100.000000)
169:BR,Player:0cc/r124f:8c9h,4s8h|/2h9dQs:100,-100(100.000000)
170:Player,BR:0cc/cr19900f:3hQc,KhAc|/7dKdAh:-100,100(-100.000000)
171:BR,Player:0r200c/r1306f:4sTc,JsAh|/7cJdQd:300,-300(300.000000)
172:Player,BR:0cr300c/cr1741f:4d4c,7cTh|/5d6h9c:-400,400(-400.000000)
173:BR,Player:0f:8dAd,2h6d|:50,-50(50.000000)
174:Player,BR:0cc/cr876f:6h8c,2s5s|/7hTsAs:-100,100(-100.000000)
175:BR,Player:0r130c/r1001f:5dJs,4c6h|/TsKsKd:230,-230(230.000000)
176:Player,BR:0cc/cr435f:3cAd,6d9s|/3h8dJc:-100,100(-100.000000)
177:BR,Player:0r200c/r1306f:5h6c,4cTc|/2d3hQd:300,-300(300.000000)
178:Player,BR:0cc/cr761f:5sQc,6dJs|/2s3d6h:-100,100(-100.000000)
179:BR,Player:0r200c/r140c/cc/cr595c:ThKd,7sTc|/4s4cAs/Td/7c:-1035,1035(-347.138144)
180:Player,BR:0cc/cr1532f:6sTh,KhKd|/7sJhQd:-100,100(-100.000000)
181:BR,Player:0cc/r379f:5dAh,3c6h|/4d9hAd:100,-100(100.000000)
182:Player,BR:0cc/cr379f:2sQc,9hTd|/3c5cTs:-100,100(-100.000000)
183:BR,Player:0f:3d5h,2c7s|:50,-50(50.000000)
184:Player,BR:0cc/cr876f:5dAc,3d6h|/2s7dJd:-100,100(-100.000000)
185:BR,Player:0r130c/r1001c/cr701f:3d4c,8dAs|/9hJhQh/2s:-1231,1231(-1231.000000)
186:Player,BR:0cr130c/cr14250f:QdKs,8cTc|/2sQhAd:-230,230(-230.000000)
187:BR,Player:0r200c/r1306r3224r3224c/cc/cr11946c:7dKs,TsTd|/ThTcAh/5s/6d:-20000,20000(-4422.603463)
188:Player,BR:0cc/cr876f:2c3h,4dTd|/8sJcQd:-100,100(-100.000000)
189:BR,Player:0r130c/r1001r2472f:5h7h,5c7c|/7s8c9d:-1231,1231(-1231.000000)
190:Player,BR:0cc/cr1532f:5c8h,ThAh|/7dKsAs:-100,100(-100.000000)
191:BR,Player:0r300c/r3503f:6dAd,4dJh|/6c7s9c:400,-400(400.000000)
192:Player,BR:0cc/cr19900f:4hQc,3cAs|/2h3s3d:-100,100(-100.000000)
193:BR,Player:0r130c/r1001f:TsJh,6hAh|/7s7h9c:230,-230(230.000000)
194:Player,BR:0cc/cr1761f:8s9d,7d9s|/5sKhAh:-100,100(-100.000000)
195:BR,Player:0cc/r100c/cr260c/cr2760f:2s8d,2hQh|/2cThJs/Ks/5h:-460,460(-460.000000)
196:Player,BR:0cr300c/r520r4005f:2sQs,5sTc|/4c9hAs:-920,920(-920.000000)
197:BR,Player:0r130c/r2014f:7d9d,7sTc|/7cJcQs:230,-230(230.000000)
198:Player,BR:0cr200c/r390r390c/r990f:8dKd,6dQd|/2c3c8c/8s:1080,-1080(1080.000000)
199:BR,Player:0r130c/r327f:5sKh,8hKd|/6s6cAc:230,-230(230.000000)
200:Player,BR:0cr300c/cr1514c/cc/r1766c:TdAc,TsAh|/4dKdAs/9d/9s:0,-0(341.624059)
201:BR,Player:0r200c/r1136f:JsJd,9hKc|/5c8dTd:300,-300(300.000000)
202:Player,BR:0cr600c/r2100r2100c/cc/r7980f:QdAs,2s8h|/3cQsAd/7s/9h:4900,-4900(4900.000000)
203:BR,Player:0cc/r435f:9sAd,2cQd|/2h3cKh:100,-100(100.000000)
204:Player,BR:0cr300c/cr3503r16097f:5s5c,4c9c|/2h5h8h:3903,-3903(3903.000000)
205:BR,Player:0r130c/r163c/cr665c/cr2116c:9sKd,TsTd|/3s3h6d/3d/4d:-3174,3174(-74.760275)
206:Player,BR:0cr200c/cr2627c/cc/cc:JdQs,2h8s|/ThJsKd/Ah/7h:2927,-2927(2927.000000)
207:BR,Player:0cc/r379c/cr441c/cc:2d6h,5c9h|/2s2c5s/4h/As:920,-920(485.823054)
208:Player,BR:0cc/cr1761f:9dJs,6h7c|/ThKhKd:-100,100(-100.000000)
209:BR,Player:0f:4dTd,2h9c|:50,-50(50.000000)
210:Player,BR:0cr200c/cr427f:TcAd,5h6s|/3s9cQh:-300,300(-300.000000)
211:BR,Player:0r130c/r1001r2472f:5sJs,4dTc|/2d4hTh:-1231,1231(-1231.000000)
212:Player,BR:0cc/cr435f:6sJc,3dTc|/2d7s9c:-100,100(-100.000000)
213:BR,Player:0r200c/r427f:3d5c,7h8h|/9cJdKh:300,-300(300.000000)
214:Player,BR:0cc/cr876f:5hKc,3s6d|/2h4dQh:-100,100(-100.000000)
215:BR,Player:0r130c/r2014f:3cTd,4h8h|/5dQhKs:230,-230(230.000000)
216:Player,BR:0cc/cr124f:5h9c,7hKs|/7dJcQd:-100,100(-100.000000)
217:BR,Player:0r300c/r1741f:TsKd,8hJs|/4h6hAc:400,-400(400.000000)
218:Player,BR:0cc/cr1761f:3hTd,3c9d|/4d7cTh:-100,100(-100.000000)
219:BR,Player:0r200c/r19700f:8hJs,2sQh|/5s8sJh:300,-300(300.000000)
220:Player,BR:0cr300c/cr3046f:QdKc,6sKs|/6h9sTs:-400,400(-400.000000)
221:BR,Player:0r200c/cr390r6042f:4sQc,7dAs|/8dAhAc:690,-690(690.000000)
222:Player,BR:0cc/cr876f:5d6h,2c6c|/3cTdQs:-100,100(-100.000000)
223:BR,Player:0r130c/r1001c/cr701f:2s6d,7cAc|/QcAsAh/5d:-1231,1231(-1231.000000)
224:Player,BR:0cr300c/cr1741c/r1219c/r672c:5cJc,9sJd|/5dKcAc/9h/Qh:-4032,4032(2898.773551)
225:BR,Player:0f:3s7d,2d4s|:50,-50(50.000000)
226:Player,BR:0cr130c/cr3522f:9dKs,9cQc|/2c6h7c:-230,230(-230.000000)
227:BR,Player:0r130c/r2014f:2c7h,4hQc|/9h9cAc:230,-230(230.000000)
228:Player,BR:0cc/cr1761f:4hKh,6s8c|/2s3hJd:-100,100(-100.000000)
229:BR,Player:0r130c/r2014f:3s8d,TdAs|/2hTcKh:230,-230(230.000000)
230:Player,BR:0cc/cr1761f:9hJd,2h8h|/QhQcKs:-100,100(-100.000000)
231:BR,Player:0f:QdAh,2sTh|:50,-50(50.000000)
232:Player,BR:0cc/cr216c/cc/cc:5sAc,9s9d|/2h3cTd/Kd/3d:-316,316(-161.140275)
233:BR,Player:0r130c/r2014f:3hQs,6hJc|/3sTcJh:230,-230(230.000000)
234:Player,BR:0cc/cr1761f:2h5s,6dTd|/3d7h7c:-100,100(-100.000000)
235:BR,Player:0f:6d9h,2h8c|:50,-50(50.000000)
236:Player,BR:0cc/cr876f:2c8s,6dTd|/3h4d8c:-100,100(-100.000000)
237:BR,Player:0cc/r435f:9cKd,2hQc|/5h7h7d:100,-100(100.000000)
238:Player,BR:0cr200c/cr2284c/r566c/r4095c:2sTs,8h8d|/4c5s7s/Kh/7c:-7245,7245(-6324.664983)
239:BR,Player:0r130c/r1001c/cr5209f:TsQc,7cAd|/4d7s7h/Jd:-1231,1231(-1231.000000)
240:Player,BR:0cr300c/r520r2290r5254f:5dAd,8dJd|/5s6dAh:3210,-3210(3210.000000)
241:BR,Player:0r200c/r427r1343f:9cKs,4s5s|/2d3d6s:-727,727(-727.000000)
242:Player,BR:0cc/cr435f:3c8s,2h4s|/5d9cQd:-100,100(-100.000000)
243:BR,Player:0r130c/r1001f:6c7d,6d9c|/4h6h7h:230,-230(230.000000)
244:Player,BR:0cc/cr124f:3s7h,7s7c|/2h2d8h:-100,100(-100.000000)
245:BR,Player:0cc/r435f:5s5d,8c9h|/6dTdJd:100,-100(100.000000)
246:Player,BR:0cr200c/r390r3004f:7hAh,5cJd|/8s9hKs:-690,690(-690.000000)
247:BR,Player:0r130c/r1751f:6dKc,3s4s|/9hJdKs:230,-230(230.000000)
248:Player,BR:0cc/cr2679f:6s9h,JdAd|/8dJsKs:-100,100(-100.000000)
249:BR,Player:0r130c/r285f:3h6d,7dQd|/2s6cAh:230,-230(230.000000)
250:Player,BR:0cr300c/cr866c/r174c/r288c:8dTd,9h9d|/2d7dJh/5h/8c:-1728,1728(-829.444499)
251:BR,Player:0r130c/r19770f:QhAs,6h8d|/9hQsAh:230,-230(230.000000)
252:Player,BR:0cc/cr1761f:6hJc,TcJd|/2d5s5c:-100,100(-100.000000)
253:BR,Player:0cc/r876r2014r4255f:4c9d,2hJc|/8c9cQd:2990,-2990(2990.000000)
254:Player,BR:0cr300c/cr495c/cc/cc:4c5c,6s8d|/3c8s9c/5s/Ah:-895,895(113.832271)
255:BR,Player:0r200c/r1306f:TsTd,7sKs|/2d4hAd:300,-300(300.000000)
256:Player,BR:0cc/cr435f:6dQc,4sTc|/2hKhAs:-100,100(-100.000000)
257:BR,Player:0r130c/r2014f:6cTs,5sAd|/8cQsKd:230,-230(230.000000)
258:Player,BR:0cr130c/r299r4632f:3dAd,2hTh|/2d3c9c:-529,529(-529.000000)
259:BR,Player:0f:5dAs,3s7h|:50,-50(50.000000)
260:Player,BR:0cc/cr124c/cc/cc:3h7c,2d4c|/3s4dTh/Ac/2s:-224,224(-219.482672)
261:BR,Player:0r130c/r1001f:2h7h,QcAc|/2s5d6c:230,-230(230.000000)
262:Player,BR:0cr600c/r2100f:QhAh,2c8c|/9dTsAc:700,-700(700.000000)
263:BR,Player:0r200c/r371c/cr100c/cr1389f:4sJs,5cKs|/JcKdKc/9c/2d:-771,771(-771.000000)
264:Player,BR:0cr300c/cr1741f:9cAd,2h8d|/4h6hTs:-400,400(-400.000000)
265:BR,Player:0f:3s8h,4s9c|:50,-50(50.000000)
266:Player,BR:0cr300c/cr1741c/cc/r1219f:2d5c,3cJh|/2s4c5s/Kh/Ks:2141,-2141(2141.000000)
267:BR,Player:0cc/r142c/cc/cr658c:TsKd,3hKs|/2h7sQs/8s/7c:900,-900(433.063227)
268:Player,BR:0cc/cr100c/cc/cc:7sTd,5c7h|/7dQsKh/8c/Ah:0,-0(41.547413)
269:BR,Player:0r130c/r1001f:8s9d,6hQd|/8dThJh:230,-230(230.000000)
270:Player,BR:0cc/cr876f:7dQc,6sTs|/6d9hKh:-100,100(-100.000000)
271:BR,Player:0r130c/r2014c/cr1344c/cr4664f:6cTs,9hKd|/9dQsKs/3d/4s:-3588,3588(-3588.000000)
272:Player,BR:0cc/cr216c/cc/r584c:8sJd,JcKd|/TdTcQs/9d/4d:-900,900(-780.195390)
273:BR,Player:0cc/r100c/cc/cc:4sTh,2hQd|/9dTdQc/8h/7d:-200,200(-88.817931)
274:Player,BR:0cc/cr761c/r100c/cc:3sJd,8hAh|/3c8s8d/Qd/As:-961,961(-961.000000)
275:BR,Player:0r130c/cr299r4632f:8hAd,6sAs|/3c6cQh:529,-529(529.000000)
276:Player,BR:0cr200c/cr2627f:6cKc,4hJs|/7d8hKd:-300,300(-300.000000)
277:BR,Player:0r300c/r1741f:5h7h,2sKd|/7dTdQh:400,-400(400.000000)
278:Player,BR:0cc/cr3080f:9sTd,ThKc|/3s7sAd:-100,100(-100.000000)
279:BR,Player:0r200c/r2627c/cc/cc:7cAh,TsQs|/2c5hTc/3d/Jc:-2927,2927(-2927.000000)
280:Player,BR:0cr300c/cr495c/r100c/cc:6d7h,JhJc|/4s7cAd/5s/6h:995,-995(112.769647)
281:BR,Player:0f:3h7h,4s9d|:50,-50(50.000000)
282:Player,BR:0cc/cr876f:3sAc,3h8s|/4c9dKs:-100,100(-100.000000)
283:BR,Player:0r130c/r1001c/cc/cc:5d6c,QcAh|/3dJsKc/Qh/7h:-1231,1231(-1231.000000)
284:Player,BR:0cr600c/cr214c/r346c/cc:6s6h,2h5h|/5d7s9d/Ac/Tc:1260,-1260(1260.000000)
285:BR,Player:0r130c/r2014f:5c6s,9dJh|/8s9cQd:230,-230(230.000000)
286:Player,BR:0cc/cr435f:JcKd,4c8h|/6d6cKs:-100,100(-100.000000)
287:BR,Player:0f:3hTc,2dTh|:50,-50(50.000000)
288:Player,BR:0cr130c/r299r2303f:3hAh,4d7h|/2d8hJs:-529,529(-529.000000)
289:BR,Player:0cc/r379f:9s9h,2dJh|/6c7dQs:100,-100(100.000000)
290:Player,BR:0cr130c/r299r2303f:9cQc,6dKc|/3s9hAh:-529,529(-529.000000)
291:BR,Player:0r130c/r163f:6cTs,6h7c|/9hKsAh:230,-230(230.000000)
292:Player,BR:0cr200c/cr1306c/r914c/cc:TdKd,3sKs|/3d4d9h/Ac/As:-2520,2520(1220.325037)
293:BR,Player:0r130c/r4051f:3d6h,ThKd|/5d8c9s:230,-230(230.000000)
294:Player,BR:0cr300c/r520r4005c/r2803f:AhAc,3s8h|/6dThAs/9c:4925,-4925(4925.000000)
295:BR,Player:0r130c/r1001f:4dTh,6hJs|/3s3cQs:230,-230(230.000000)
296:Player,BR:0cc/cr1761c/r899f:4cAd,7cKd|/TcQhAs/8s:1861,-1861(1861.000000)
297:BR,Player:0f:5hTc,2d3c|:50,-50(50.000000)
298:Player,BR:0cc/cr435c/r305c/cc:4dKs,7cKc|/4s5s9d/3h/Ad:840,-840(840.000000)
299:BR,Player:0r200c/r1136f:JhJd,7hTc|/2d3c9d:300,-300(300.000000)
300:Player,BR:0cr200c/cr1306f:7h9h,4sAs|/6c7s8c:-300,300(-300.000000)
301:BR,Player:0r200c/r371c/cr709c/cc:6s6c,6dKd|/4d5hKh/2h/Ad:-1380,1380(-13.792214)
302:Player,BR:0cc/cr1761f:2s8d,5s6h|/6d7dKs:-100,100(-100.000000)
303:BR,Player:0r130c/r2014f:2d4c,2h9h|/3s5d7d:230,-230(230.000000)
304:Player,BR:0cc/cr1761f:2h8d,5h6d|/3h9hQh:-100,100(-100.000000)
305:BR,Player:0cc/r876f:2c6h,9cQd|/3c5s7h:100,-100(100.000000)
306:Player,BR:0cc/cr3080f:5dTc,2cKh|/4h8sJh:-100,100(-100.000000)
307:BR,Player:0f:5h6c,3c8h|:50,-50(50.000000)
308:Player,BR:0cc/cr124f:5sKh,3c4d|/2d4c9d:-100,100(-100.000000)
309:BR,Player:0r200c/r1306f:6cKh,7hJh|/3h5cTc:300,-300(300.000000)
310:Player,BR:0cc/cr3080f:3sJd,4hAs|/4d9hTd:-100,100(-100.000000)
311:BR,Player:0r130c/r2014f:6sJs,5h5c|/TdQsKc:230,-230(230.000000)
312:Player,BR:0cc/cr876c/r2014f:JcKd,5cKc|/7sTdJs/2d:976,-976(976.000000)
313:BR,Player:0r200c/r2627f:2h7d,3d4s|/2d8sJc:300,-300(300.000000)
314:Player,BR:0cr200c/r390r982c/r812c/cc:4c6s,3d9c|/2d3cTs/Js/5d:2484,-2484(2393.502124)
315:BR,Player:0r130c/r1001f:JhAs,7c8s|/6h7dKs:230,-230(230.000000)
316:Player,BR:0cc/cr435f:4sJd,7hJs|/2s5h8d:-100,100(-100.000000)
317:BR,Player:0r300c/r3503f:6d7s,8dJc|/5sTcKh:400,-400(400.000000)
318:Player,BR:0cc/cr876f:3s6h,9dKh|/3c7d8c:-100,100(-100.000000)
319:BR,Player:0r130c/r285c/cr543c/cc:7sTd,TcJh|/7hKsKh/8c/Jd:-1058,1058(98.106061)
320:Player,BR:0cc/cr876f:5hTs,5d8h|/6hKhKc:-100,100(-100.000000)
321:BR,Player:0r130c/r1001f:6d9s,JdKd|/6s8hKs:230,-230(230.000000)
322:Player,BR:0cc/cr876f:2h7c,5hTd|/8cJsKd:-100,100(-100.000000)
323:BR,Player:0r200c/r2627f:8d9s,JsKs|/4d5dTh:300,-300(300.000000)
324:Player,BR:0cc/cr876f:4cJs,9sTs|/5h6dKs:-100,100(-100.000000)
325:BR,Player:0r130c/r498f:JhKd,6sQh|/2sTsJs:230,-230(230.000000)
326:Player,BR:0cc/cr379c/cc/r441c:5h8d,JdKd|/5s5d9d/2d/Td:-920,920(-839.738043)
327:BR,Player:0r200c/r2627c/cc/cr2923f:2c8d,QdAc|/5c7sAh/Tc/4d:-2927,2927(-2927.000000)
328:Player,BR:0cr600c/cr3047f:QsAd,3d4s|/4d6s7s:-700,700(-700.000000)
329:BR,Player:0cc/r876f:7cAh,3cJd|/5d6hTc:100,-100(100.000000)
330:Player,BR:0cc/cr876f:3d8h,6hAs|/3sJcQc:-100,100(-100.000000)
331:BR,Player:0r130c/r1001f:4d8h,5cQd|/7sQcKs:230,-230(230.000000)
332:Player,BR:0cc/cr124c/cc/cc:6hAs,5c8d|/3d8cTc/Qc/Ts:-224,224(-164.565205)
333:BR,Player:0r130c/r1001f:6s8c,8dKs|/4hQhQd:230,-230(230.000000)
334:Player,BR:0cc/cr379f:6h9d,3s8c|/2c8dAc:-100,100(-100.000000)
335:BR,Player:0r130c/r2014f:4d5h,8dQc|/KsAhAd:230,-230(230.000000)
336:Player,BR:0cc/cr435f:2hKh,2d6h|/3d8hJc:-100,100(-100.000000)
337:BR,Player:0r130c/r142r663r2576f:5dKc,2c6c|/3cKhAh:1035,-1035(1035.000000)
338:Player,BR:0cc/cr3080f:2c8c,2dQc|/6sTcAh:-100,100(-100.000000)
339:BR,Player:0r130c/r1001f:3s5c,7sKs|/2d5d7d:230,-230(230.000000)
340:Player,BR:0cc/cr876f:2dAc,JcAd|/3d7d9c:-100,100(-100.000000)
341:BR,Player:0r200c/r1306c/cr3224c/cr14490f:JhQc,9sTh|/6c7cAd/Kh/8h:-4830,4830(-4830.000000)
342:Player,BR:0cr300c/cr1514f:QcKh,6sJd|/2d4dJs:-400,400(-400.000000)
343:BR,Player:0f:7h8s,3s9d|:50,-50(50.000000)
344:Player,BR:0cc/cr876f:2cKd,JcQc|/5s6d7s:-100,100(-100.000000)
345:BR,Player:0r130c/r871c/cr279c/cr2760c:QsQd,8sKd|/6s6d8c/4d/3h:4140,-4140(1145.582476)
346:Player,BR:0cr300c/cr1741f:9h9d,7d8s|/2d4s5c:-400,400(-400.000000)
347:BR,Player:0f:2sKh,2h6d|:50,-50(50.000000)
348:Player,BR:0cc/cr876c/r974f:2c5d,6c8h|/2s4d5s/Ad:976,-976(976.000000)
349:BR,Player:0r130c/r12392f:4s7h,7d7c|/4d4c5h:230,-230(230.000000)
350:Player,BR:0cc/cr124c/cc/r100c:2c9d,5d8d|/5s9s9h/7d/4s:324,-324(50.372706)
351:BR,Player:0r200c/r2627c/cr8773f:3c9s,QhQc|/6hTdQs/Kc:-2927,2927(-2927.000000)
352:Player,BR:0cr130c/cr1001f:7sKs,5s6d|/4h6sJd:-230,230(-230.000000)
353:BR,Player:0r130c/r2014f:3c7d,3hJc|/4s8c9s:230,-230(230.000000)
354:Player,BR:0cr200c/r390r390c/cc/r990f:5sKs,6c8s|/6hKdKc/Jh/7c:1080,-1080(1080.000000)
355:BR,Player:0r200c/r1306f:3dJd,3c7c|/8hTdQh:300,-300(300.000000)
356:Player,BR:0cr300c/cr3503f:6dAd,3cQc|/2hTcJc:-400,400(-400.000000)
357:BR,Player:0r130c/r1001f:4dJc,7dQs|/5sTsTc:230,-230(230.000000)
358:Player,BR:0cc/cr761f:3h7s,JcQh|/4sTcJs:-100,100(-100.000000)
359:BR,Player:0r200c/r649f:9sAh,7dQd|/9hKhKd:300,-300(300.000000)
360:Player,BR:0cc/cr19900f:7h8c,ThAh|/8dTsTd:-100,100(-100.000000)
361:BR,Player:0f:KsAd,2hTd|:50,-50(50.000000)
362:Player,BR:0cr200c/cr1306f:6cQc,2c7c|/2h9sTd:-300,300(-300.000000)
363:BR,Player:0r130c/r1001f:2cQc,4sKs|/3d3cKc:230,-230(230.000000)
364:Player,BR:0cc/cr124c/r100c/cc:3cAh,7cQs|/8h8dQd/3s/3d:324,-324(103.340000)
365:BR,Player:0f:5sKc,2h6c|:50,-50(50.000000)
366:Player,BR:0cr300c/cr19600f:8d8c,2c7s|/2s2dTh:-400,400(-400.000000)
367:BR,Player:0r130c/r1001c/cc/cr3599f:8sTd,5d7c|/7s7dJc/4d/3d:-1231,1231(-1231.000000)
368:Player,BR:0cr300c/cr3503f:QcAs,4s5s|/6c7d9c:-400,400(-400.000000)
369:BR,Player:0r200c/r1306f:5h8c,2h3h|/ThKsKd:300,-300(300.000000)
370:Player,BR:0cr200c/cr1306f:9sAc,3c9c|/7h7dKd:-300,300(-300.000000)
371:BR,Player:0r130c/r285c/cr543c/cc:5h6c,4cAc|/2d5d8c/Jc/7d:1058,-1058(-745.111504)
372:Player,BR:0cr300c/r520r520c/r768c/r2870c:8hQh,6cAh|/5h9sQc/Qd/6h:5078,-5078(1090.866279)
373:BR,Player:0r130c/r1001f:3d9h,5sAs|/2c9cJc:230,-230(230.000000)
374:Player,BR:0cc/cr379f:4cTc,6s8d|/6d8sJd:-100,100(-100.000000)
375:BR,Player:0cc/r1761f:3d4s,4h7h|/5c8dKh:100,-100(100.000000)
376:Player,BR:0cc/cr876f:2h7d,2s3c|/5cJdJc:-100,100(-100.000000)
377:BR,Player:0r200c/r140f:6s6h,2hQs|/JsJhAc:300,-300(300.000000)
378:Player,BR:0cr300c/r520r4005f:5h7h,JdQs|/2h3h6c:-920,920(-920.000000)
379:BR,Player:0r130c/r2014f:2cQc,9cKd|/4hThKc:230,-230(230.000000)
380:Player,BR:0cc/r130r4051r11589f:5d6h,8c9d|/3h4c7s:4281,-4281(4281.000000)
381:BR,Player:0r300c/r1514f:9cAd,6s8h|/3c5sAs:400,-400(400.000000)
382:Player,BR:0cc/cr124f:5h6d,9h9d|/3sQcAc:-100,100(-100.000000)
383:BR,Player:0f:6c9s,2s3c|:50,-50(50.000000)
384:Player,BR:0cr200c/r600r3918f:8dJd,QsKd|/2c6s9d:-900,900(-900.000000)
385:BR,Player:0f:2d4c,4d9s|:50,-50(50.000000)
386:Player,BR:0cc/cr876f:2s9h,TsQd|/3d6d8c:-100,100(-100.000000)
387:BR,Player:0r200c/r1306f:6sTh,6h8h|/2d3cKc:300,-300(300.000000)
388:Player,BR:0cc/cr1761f:3c6h,2d6s|/3dThTc:-100,100(-100.000000)
389:BR,Player:0r130c/r2014f:4c5c,5hJc|/3d9sAs:230,-230(230.000000)
390:Player,BR:0cc/cr3080f:3dJc,4s6c|/3sJsQh:-100,100(-100.000000)
391:BR,Player:0cc/r124c/cc/cc:9s9h,4dJd|/3sJcQs/Kh/3h:-224,224(-144.300997)
392:Player,BR:0cc/cr761f:2s4h,9hJc|/8s9dTc:-100,100(-100.000000)
393:BR,Player:0r130c/r163c/cc/cr665c:2c9h,5cKd|/2h7dKs/8d/9d:1058,-1058(697.267912)
394:Player,BR:0cc/cr435c/cc/cc:3dKd,3sKc|/7s7dAh/5h/Jd:0,-0(286.755255)
395:BR,Player:0r130c/r871f:7dKh,6cQh|/3hQdKc:230,-230(230.000000)
396:Player,BR:0cr300c/cr1741f:9cAd,4cTc|/2s3d4h:-400,400(-400.000000)
397:BR,Player:0r130c/r2014f:3h8h,2cQc|/5cThKd:230,-230(230.000000)
398:Player,BR:0cc/cr435f:2d9s,6c8d|/3d9cTh:-100,100(-100.000000)
399:BR,Player:0cc/r216c/cr134c/cc:4hKh,TcQd|/QcKsAs/8s/Kd:450,-450(450.000000)
400:Player,BR:0cc/cr435f:JdKh,6hAc|/2s5s7s:-100,100(-100.000000)
401:BR,Player:0r130c/r163c/cr297c/cc:2d3h,2h7h|/2c5sTh/5d/8s:0,-0(-248.510510)
402:Player,BR:0cr130c/r460f:9hTh,4c9d|/3c5cQs:230,-230(230.000000)
403:BR,Player:0r130c/r2014f:5s8d,7s7d|/3s9sQh:230,-230(230.000000)
404:Player,BR:0cr130c/cr1001f:ThJh,5sTc|/JsAsAc:-230,230(-230.000000)
405:BR,Player:0f:7dQd,2h6c|:50,-50(50.000000)
406:Player,BR:0cc/cr876f:2cKd,4s4c|/2h6d8h:-100,100(-100.000000)
407:BR,Player:0cc/r876f:5sTh,6c8s|/4c8cAc:100,-100(100.000000)
408:Player,BR:0cc/cr1761f:4hAd,QcKc|/2hTdJd:-100,100(-100.000000)
409:BR,Player:0r200c/r427c/cc/cr1343c:4s7h,6s9d|/6h6d8d/5d/Tc:2070,-2070(1450.428504)
410:Player,BR:0cc/cr435f:2hQc,3c8c|/8hTsJh:-100,100(-100.000000)
411:BR,Player:0cc/r876r2014r4255f:4h4c,2dJc|/8c9cQd:2990,-2990(2990.000000)
412:Player,BR:0cr200c/cr2627f:8sAs,2d3d|/3c7cQd:-300,300(-300.000000)
413:BR,Player:0r200c/r1306f:8dKs,4cTd|/JsJdQs:300,-300(300.000000)
414:Player,BR:0cc/cr876f:4s7d,2sAs|/7h8c9d:-100,100(-100.000000)
415:BR,Player:0r130c/r1751f:KdAd,8dQc|/4s6dJd:230,-230(230.000000)
416:Player,BR:0cr300c/cr1741c/r2059f:5hQc,5dKh|/9cTdJh/6s:2141,-2141(2141.000000)
417:BR,Player:0cc/r876f:6h7d,2sJc|/2c8hAh:100,-100(100.000000)
418:Player,BR:0cr200c/cr2627f:7sAc,5dTd|/4s6sJs:-300,300(-300.000000)
419:BR,Player:0f:3h6h,3s6c|:50,-50(50.000000)
420:Player,BR:0cr300c/cr3503c/r2337c/r8112f:TdAc,3h3c|/2c8hTc/4d/Ah:6240,-6240(6240.000000)
421:BR,Player:0r130c/r2014f:9hTd,5dQh|/2s7sAc:230,-230(230.000000)
422:Player,BR:0cc/cr876f:2hJs,8s9c|/4d6hKc:-100,100(-100.000000)
423:BR,Player:0r130c/r871c/cc/cr1015c:TcKs,8cJs|/5s7sTh/7h/2h:2116,-2116(966.134326)
424:Player,BR:0cc/cr876f:6cAd,2d6d|/7dJdQs:-100,100(-100.000000)
425:BR,Player:0r130c/r1001c/cc/cc:7cTd,8sJs|/2d8dKh/Ac/6d:-1231,1231(-1231.000000)
426:Player,BR:0cr300c/r1200f:QsQh,5dQd|/2h8hTd:400,-400(400.000000)
427:BR,Player:0r130c/r2014f:QdAd,TsTc|/5sJsKh:230,-230(230.000000)
428:Player,BR:0cc/cr435f:6c7d,KsAh|/7s8dTc:-100,100(-100.000000)
429:BR,Player:0cc/r435f:3c6d,4h7c|/3s4cQd:100,-100(100.000000)
430:Player,BR:0cc/cr1761f:5dJs,2d7d|/6dJdKc:-100,100(-100.000000)
431:BR,Player:0r200c/r1306f:TsQc,ThQs|/3s4sKh:300,-300(300.000000)
432:Player,BR:0cc/cr435f:5c7d,3h8d|/2s8sAs:-100,100(-100.000000)
433:BR,Player:0f:9sQd,2h9d|:50,-50(50.000000)
434:Player,BR:0cc/cr142c/cc/cc:6sAh,QsKd|/3hJsJh/2s/9h:242,-242(126.065964)
435:BR,Player:0r130c/r1001f:TsQc,3dKs|/6s9sAc:230,-230(230.000000)
436:Player,BR:0cc/cr876f:4cKc,4hQh|/2h8s8h:-100,100(-100.000000)
437:BR,Player:0r200c/r2627f:3s7h,7sQc|/TsTcJc:300,-300(300.000000)
438:Player,BR:0cr200c/r390r5254f:4sJs,KsAd|/4d9hAc:-690,690(-690.000000)
439:BR,Player:0r130c/r163c/cc/cr987f:6s6h,8dJs|/ThTdJd/9h/Tc:-393,393(-393.000000)
440:Player,BR:0cc/r130r4051f:3hQh,8sKc|/9sJhQs:-230,230(-230.000000)
441:BR,Player:0r130c/r2014f:6c9d,5s9s|/2hTsQd:230,-230(230.000000)
442:Player,BR:0cr300c/cr495f:7dTc,JdAs|/5dJcKd:-400,400(-400.000000)
443:BR,Player:0cc/r435f:8s9c,5d9d|/3h5s6c:100,-100(100.000000)
444:Player,BR:0cc/cr876f:TcJs,4hTs|/4d6dQh:-100,100(-100.000000)
445:BR,Player:0r130c/r2014f:3c5h,2h3h|/4d8sAh:230,-230(230.000000)
446:Player,BR:0cr200c/cr1306f:7h7c,2sJh|/3hTdKs:-300,300(-300.000000)
447:BR,Player:0r130c/r19770f:3s6c,JcAd|/3d6hTc:230,-230(230.000000)
448:Player,BR:0cr300c/cr19600f:5dAc,4dTh|/4cTcAs:-400,400(-400.000000)
449:BR,Player:0r130c/r1001f:2s2h,9hJd|/3c4c6h:230,-230(230.000000)
450:Player,BR:0cr130c/r299r4632f:4hJh,2s8c|/5h7hKs:-529,529(-529.000000)
451:BR,Player:0r130c/r2014f:3d5c,9sJs|/2cTdKs:230,-230(230.000000)
452:Player,BR:0cc/cr761f:4dAh,JcQd|/8c9cTc:-100,100(-100.000000)
453:BR,Player:0r130c/r1001f:4c9c,JcKs|/2d2c5d:230,-230(230.000000)
454:Player,BR:0cc/cr876c/r584c/r2028c:3s5d,ThJh|/2d7cAh/7d/9s:-3588,3588(-2078.385387)
455:BR,Player:0r130c/r1001r3599f:6s7c,JsJd|/5d9dJc:-1231,1231(-1231.000000)
456:Player,BR:0cc/cr435c/cc/r305f:2s7s,2h3s|/6s9sJh/Qc/8s:535,-535(535.000000)
457:BR,Player:0r130c/r871f:5d8s,7sQc|/5h5cAd:230,-230(230.000000)
458:Player,BR:0cr130c/r299c/cc/r264c:9cAh,3hAs|/7d9dQs/5s/7h:793,-793(256.600144)
459:BR,Player:0f:4sTd,2cJh|:50,-50(50.000000)
460:Player,BR:0cc/cr1761f:6dJc,TsKh|/8s9hJh:-100,100(-100.000000)
461:BR,Player:0r130c/r1001c/cc/cc:4c9s,JcAc|/5sTdJh/Kh/7s:-1231,1231(-1231.000000)
462:Player,BR:0cc/cr876f:2d8c,3hJc|/2s7dKd:-100,100(-100.000000)
463:BR,Player:0f:2s4h,2d6h|:50,-50(50.000000)
464:Player,BR:0cr300c/cr1741f:7s8d,4c7d|/3sQhKs:-400,400(-400.000000)
465:BR,Player:0r130c/r163c/cr297c/cc:JcAd,4dTd|/2d9hQs/6s/Ts:-690,690(-690.000000)
466:Player,BR:0cc/cr876f:5sTs,5cJc|/3s4cQd:-100,100(-100.000000)
467:BR,Player:0r130c/r2014f:2cJs,9cAd|/5c8cTs:230,-230(230.000000)
468:Player,BR:0cc/r130r7085f:3hQc,2c8c|/3d7sQd:-230,230(-230.000000)
469:BR,Player:0r130c/r1001f:QhKc,3h5s|/7sTsAd:230,-230(230.000000)
470:Player,BR:0cc/cr379f:3dAh,2sKc|/5s6cKs:-100,100(-100.000000)
471:BR,Player:0r130c/r1001f:7hQh,7dAc|/5d6dTs:230,-230(230.000000)
472:Player,BR:0cr600c/cr3047f:9hJs,4s8h|/2h7cQc:-700,700(-700.000000)
473:BR,Player:0r200c/r2627f:5h7s,8sQd|/9dKsKd:300,-300(300.000000)
474:Player,BR:0cr300c/r520r2290f:2cTc,8hJd|/7hKsKd:-920,920(-920.000000)
475:BR,Player:0r130c/r2014f:ThKc,8cQd|/4h6s9d:230,-230(230.000000)
476:Player,BR:0cc/cr876f:4hAs,5c7d|/6sThTc:-100,100(-100.000000)
477:BR,Player:0r130c/r2014f:8sTs,7cJh|/6dQsAh:230,-230(230.000000)
478:Player,BR:0cc/cr876f:4c6h,4h6c|/9hKsKd:-100,100(-100.000000)
479:BR,Player:0cc/r1761f:4hJd,2hQc|/2sThAh:100,-100(100.000000)
480:Player,BR:0cc/cr1532f:5d8s,7sAs|/2s5h7d:-100,100(-100.000000)
481:BR,Player:0r200c/r2284f:QhKc,JhJc|/3s5sKh:300,-300(300.000000)
482:Player,BR:0cr300c/cr569c/cc/r471f:7h8s,4hKs|/4s8hJc/2c/5d:969,-969(969.000000)
483:BR,Player:0cc/r435f:3h8s,4s9h|/2c5dAc:100,-100(100.000000)
484:Player,BR:0cr300c/r800r800c/cc/r5200c:8h9h,7cAh|/4c7hJd/2d/3s:-7200,7200(-7200.000000)
485:BR,Player:0r130c/r2014c/cc/cr4633f:5hQc,2h8h|/4hTdJh/Tc/Qh:-2244,2244(-2244.000000)
486:Player,BR:0cr200c/cr747c/r393c/r288c:5sKs,ThAh|/4hJsJd/7d/8d:-1728,1728(1119.988901)
487:BR,Player:0r130c/r1001c/cr1184f:6c9h,3sAc|/3c4cTs/4d:-1231,1231(-1231.000000)
488:Player,BR:0cc/cr124f:4h5d,9sQd|/8hQhKc:-100,100(-100.000000)
489:BR,Player:0cc/r124r236r2003f:4dJh,4s7c|/4c6sQc:460,-460(460.000000)
490:Player,BR:0cr300c/cr3503f:8hQh,4h5h|/2s6cKd:-400,400(-400.000000)
491:BR,Player:0r200c/r2627f:9hJs,6hTd|/5d6sAs:300,-300(300.000000)
492:Player,BR:0cr200c/cr5284f:2cAc,2s4s|/2d7sKh:-300,300(-300.000000)
493:BR,Player:0cc/r876r2014f:4h7c,2s4s|/8sTsQs:-976,976(-976.000000)
494:Player,BR:0cr200c/cr2627f:JsKc,2h6d|/4c6hAh:-300,300(-300.000000)
495:BR,Player:0r130c/r12392f:2cAd,4hAh|/2s2d5d:230,-230(230.000000)
496:Player,BR:0cr200c/cr1306f:7hKc,5s8d|/3h6sTd:-300,300(-300.000000)
497:BR,Player:0r130c/r19770f:6d9s,AhAd|/6h6c8c:230,-230(230.000000)
498:Player,BR:0cc/cr435f:7dQd,4cTs|/4hQhKs:-100,100(-100.000000)
499:BR,Player:0r200c/r2627f:4s5s,7sKs|/6h8sAd:300,-300(300.000000)
500:Player,BR:0cc/cr876f:2h9c,6s8h|/8cTcAs:-100,100(-100.000000)
501:BR,Player:0r200c/r1306f:8sKd,7dQs|/6d7cJs:300,-300(300.000000)
502:Player,BR:0cr300c/cr3503f:7cJc,6d8d|/5s7sTh:-400,400(-400.000000)
503:BR,Player:0cc/r379f:8dJc,4hTc|/6s9hJh:100,-100(100.000000)
504:Player,BR:0cc/cr876f:5dKh,3d8d|/8h9hKd:-100,100(-100.000000)
505:BR,Player:0cc/r1761f:2cTs,7sJh|/5s8dQs:100,-100(100.000000)
506:Player,BR:0cr300c/cr1514f:ThTd,4s6d|/3d5s6s:-400,400(-400.000000)
507:BR,Player:0r200c/r2627f:7sTh,JdKh|/3hKdAd:300,-300(300.000000)
508:Player,BR:0cr130c/cr327f:8dJs,JdAc|/4h4dQd:-230,230(-230.000000)
509:BR,Player:0r200c/cr390r3004f:9hKh,7cTc|/2c4dTs:690,-690(690.000000)
510:Player,BR:0cc/cr876f:5cKd,5dTd|/7sJcQs:-100,100(-100.000000)
511:BR,Player:0r300c/r1741c/cc/cc:6dJs,5c7d|/4d5sKh/3c/Qs:-2141,2141(-2141.000000)
512:Player,BR:0cr200c/cr2627f:TsTh,2h9s|/5cKcAc:-300,300(-300.000000)
513:BR,Player:0r300c/r495c/cc/cr305c:8s8d,TcJh|/4s5cKc/4h/3s:1200,-1200(1200.000000)
514:Player,BR:0cc/cr876f:3c7s,8dAs|/8c9cKh:-100,100(-100.000000)
515:BR,Player:0r130c/r1001f:3s9d,2sTs|/5dKdAc:230,-230(230.000000)
516:Player,BR:0cc/cr124f:7d9h,4dTd|/5hTcKs:-100,100(-100.000000)
517:BR,Player:0f:TsJs,3h7s|:50,-50(50.000000)
518:Player,BR:0cc/cr435f:5c7d,8hQh|/2c6hTs:-100,100(-100.000000)
519:BR,Player:0f:QcAc,4s9h|:50,-50(50.000000)
520:Player,BR:0cr130c/cr107c/cc/r158c:QdQc,5cJs|/JdKsAh/6s/4h:495,-495(43.162418)
521:BR,Player:0r130c/r2014f:7h8d,TcQs|/KsAhAc:230,-230(230.000000)
522:Player,BR:0cc/cr124c/cc/r100f:3hQd,7s7c|/3dTdAc/Qs/8d:224,-224(224.000000)
523:BR,Player:0r200c/r371f:5dTh,6s9d|/2hTsQc:300,-300(300.000000)
524:Player,BR:0cc/cr8194f:2sQd,5c8s|/5h8cKs:-100,100(-100.000000)
525:BR,Player:0r130c/r1001f:4cKh,7dAh|/6h7s9c:230,-230(230.000000)
526:Player,BR:0cc/cr876f:3s9h,6c8d|/4s8sAs:-100,100(-100.000000)
527:BR,Player:0r130c/r285c/cc/cc:TsAd,4h4c|/8hJsJd/Tc/7d:515,-515(478.453513)
528:Player,BR:0cc/r130r2014f:8h9c,2sKs|/2cKdAh:-230,230(-230.000000)
529:BR,Player:0r130c/r1001f:4d6s,4hTs|/ThQhKs:230,-230(230.000000)
530:Player,BR:0cc/cr1761f:3dQd,7cQs|/4h8hAc:-100,100(-100.000000)
531:BR,Player:0f:4cKh,2dTc|:50,-50(50.000000)
532:Player,BR:0cc/cr876c/r584f:6dTc,6sJd|/2d4cTd/3s:976,-976(976.000000)
533:BR,Player:0r130c/cc/cr299c/cc:6sKs,8sKh|/3h3c8c/9h/7s:-529,529(-502.858335)
534:Player,BR:0cc/cr435f:3s9d,3h9h|/3c8cTc:-100,100(-100.000000)
535:BR,Player:0r200c/r2627f:4h8s,9dJd|/3hThAc:300,-300(300.000000)
536:Player,BR:0cr300c/cr3503c/cc/r2337f:4d6d,8hJs|/3d7cKd/6s/Qc:3903,-3903(3903.000000)
537:BR,Player:0r200c/r1306c/cc/cc:QhKs,8h9c|/7s9hJs/4h/4s:-1606,1606(-1524.219512)
538:Player,BR:0cr200c/cr1306f:JsAh,8cQd|/3c9hTc:-300,300(-300.000000)
539:BR,Player:0r200c/r14055f:4h7s,JsQh|/5s6c8s:300,-300(300.000000)
540:Player,BR:0cc/cr216f:3d9h,8s8h|/3s4sJh:-100,100(-100.000000)
541:BR,Player:0r130c/r1001c/cc/cr1184f:6h8c,9cKd|/5c9dTc/6c/Ks:-1231,1231(-1231.000000)
542:Player,BR:0cc/cr1761f:8d9c,3hTh|/4s7sAc:-100,100(-100.000000)
543:BR,Player:0cc/r435f:2d9d,2hQc|/7sKhAs:100,-100(100.000000)
544:Player,BR:0cr200c/cr121c/cc/r499f:8cQc,7d7c|/3h9sJs/8d/6d:421,-421(421.000000)
545:BR,Player:0r130c/r1001f:3hTs,8hJh|/4c5cAh:230,-230(230.000000)
546:Player,BR:0cc/cr435f:3s9c,3d8s|/2h9hJs:-100,100(-100.000000)
547:BR,Player:0f:4hKd,3c8d|:50,-50(50.000000)
548:Player,BR:0cc/cr876f:5hJc,6c7c|/4h8sJs:-100,100(-100.000000)
549:BR,Player:0r200c/r1136f:9dAh,8d9s|/4cQsAd:300,-300(300.000000)
550:Player,BR:0cc/cr876f:8sKc,4cJs|/JdQsAd:-100,100(-100.000000)
551:BR,Player:0f:2dQh,3d8h|:50,-50(50.000000)
552:Player,BR:0cr200c/r390r12153f:7sTs,5h8s|/3cJhKs:-690,690(-690.000000)
553:BR,Player:0r130c/r1751f:QcKs,9hJh|/4dJsQs:230,-230(230.000000)
554:Player,BR:0cr130c/cr2014f:3sQs,3h4s|/6dJsAd:-230,230(-230.000000)
555:BR,Player:0r200c/r747c/cr753f:7hJh,6hAd|/5d9d9c/5c:-1047,1047(-1047.000000)
556:Player,BR:0cr300c/r520r1309f:7c9h,4dKh|/3s4s5s:-920,920(-920.000000)
557:BR,Player:0r200c/cc/cc/cr390c:9hQc,8dTs|/6sAhAd/Qs/3h:690,-690(666.507520)
558:Player,BR:0cc/cr435f:3sJs,3cAs|/4h6d9s:-100,100(-100.000000)
559:BR,Player:0r130c/r871f:4cAh,ThJc|/2s8sAc:230,-230(230.000000)
560:Player,BR:0cr200c/cr2627f:7hAs,4s8c|/3d9cQd:-300,300(-300.000000)
561:BR,Player:0r200c/cr390r3004f:9hAs,4hKd|/2c4dTc:690,-690(690.000000)
562:Player,BR:0cr300c/cr3503f:QsKc,9sAd|/2d4dJs:-400,400(-400.000000)
563:BR,Player:0r130c/r2014f:4cAh,KhAc|/2s2h9c:230,-230(230.000000)
564:Player,BR:0cc/cr2679f:4cTh,JsKc|/6sQcKs:-100,100(-100.000000)
565:BR,Player:0r130c/r1751c/cr434c/cc:5cAc,5sAs|/4c8hAd/Kh/Jh:0,-0(1237.263021)
566:Player,BR:0cr200c/cr1306f:JcAc,9hAd|/4s7s8h:-300,300(-300.000000)
567:BR,Player:0cc/r876f:6sJs,TdQc|/7cQsKh:100,-100(100.000000)
568:Player,BR:0cc/cr379f:5hQc,6cJc|/2h4hJs:-100,100(-100.000000)
569:BR,Player:0r130c/r2014f:6h6c,3hAs|/2cTdQs:230,-230(230.000000)
570:Player,BR:0cr200c/cr2627c/cc/r6043f:7hKs,6cTd|/7s7dQd/Jc/Ad:2927,-2927(2927.000000)
571:BR,Player:0r200c/r2627f:3s3d,6hAh|/6d9sJd:300,-300(300.000000)
572:Player,BR:0cc/cr1761f:3d4c,4h5c|/5d6hQs:-100,100(-100.000000)
573:BR,Player:0r130c/r871f:2dQd,6dJh|/3d8cQs:230,-230(230.000000)
574:Player,BR:0cr300c/cr1741f:8sAs,3dQc|/7s9hKc:-400,400(-400.000000)
575:BR,Player:0f:7d9d,3h8s|:50,-50(50.000000)
576:Player,BR:0cc/cr3080f:8s9d,3hQc|/2h8hTc:-100,100(-100.000000)
577:BR,Player:0r200c/r1306f:5d9s,2sKd|/7s7dKh:300,-300(300.000000)
578:Player,BR:0cr200c/cr2627f:2dTh,JcAh|/3h5hQc:-300,300(-300.000000)
579:BR,Player:0r130c/r2014f:7hKh,8dTc|/2hThJd:230,-230(230.000000)
580:Player,BR:0cc/cr1761r3429c/r1058c/r1269c:4d9s,8cAc|/2c4c9d/6c/8h:-7617,7617(-7617.000000)
581:BR,Player:0cc/r876f:2cJd,7cJs|/3s4h9h:100,-100(100.000000)
582:Player,BR:0cr200c/r390r1718c/cc/r904f:2h4h,2dJh|/8h9hAh/4c/Ts:2408,-2408(2408.000000)
583:BR,Player:0r130c/r871c/cr279c/cc:8dKh,4c5c|/5dQdKd/6s/Th:1380,-1380(950.887880)
584:Player,BR:0cc/cr3080f:4s6c,5c6s|/3h8hJd:-100,100(-100.000000)
585:BR,Player:0r130c/r1001c/cc/cr2472f:3d6s,JcAd|/2h2dJd/8d/Qc:-1231,1231(-1231.000000)
586:Player,BR:0cc/cr1761f:6s9h,2s6d|/ThKdKc:-100,100(-100.000000)
587:BR,Player:0r130c/r1751f:2c8c,4s5h|/2s8sAh:230,-230(230.000000)
588:Player,BR:0cr130c/cr285c/cc/cc:QdKd,8s8c|/3h4sTh/6d/Td:-515,515(-382.114422)
589:BR,Player:0cc/cc/cr130c/cc:9sQh,4s8d|/2s2c3h/6c/7s:230,-230(22.114744)
590:Player,BR:0cc/cr216c/cc/r584c:8sTc,8d8c|/4s7cJh/Qh/6c:-900,900(-209.602743)
591:BR,Player:0cc/r216c/cr134c/cr585c:7hTc,2sQh|/TsAsAd/9d/6c:1035,-1035(944.980645)
592:Player,BR:0cr300c/cr495r945r2277c/cc/r299c:3c8c,9dTh|/3d9hAs/5d/Kh:-4416,4416(-1392.690148)
593:BR,Player:0cc/r142c/cc/cc:4hTd,JhJc|/3sKhAs/8d/2s:-242,242(-242.000000)
594:Player,BR:0cr130c/r299r299c/r441c/r634c:TdAc,2s3h|/3c4c5c/Th/4h:1903,-1903(-916.277451)
595:BR,Player:0r130c/r2014f:4dKs,9hQs|/4h8sAh:230,-230(230.000000)
596:Player,BR:0cc/cr435f:7hQs,5c7s|/2h6c8s:-100,100(-100.000000)
597:BR,Player:0r200c/r2627c/cr1753f:4cQc,JsKs|/5d6cKd/Ad:-2927,2927(-2927.000000)
598:Player,BR:0cc/cr1761f:2s5s,4h5c|/5d6cTd:-100,100(-100.000000)
599:BR,Player:0r130c/r2014f:9cTd,4hKc|/2dKsAd:230,-230(230.000000)
600:Player,BR:0cr300c/cr1741r17459f:8s8d,8hKd|/8c9dJc:2141,-2141(2141.000000)
601:BR,Player:0r130c/r327f:9cQh,ThJc|/4h4c5d:230,-230(230.000000)
602:Player,BR:0cc/cr124c/r100c/cc:3hQd,3s7c|/2h3dKd/6s/Ad:324,-324(318.110240)
603:BR,Player:0cc/r3080f:4c8h,4h9s|/6hQcAd:100,-100(100.000000)
604:Player,BR:0cr300c/r520r4005r14395f:JcAd,3s7d|/TdJhAh:4925,-4925(4925.000000)
605:BR,Player:0r200c/r19700f:5h7d,4h7h|/2d5s5d:300,-300(300.000000)
606:Player,BR:0cc/cr435f:8hQs,6cQd|/3c4dKh:-100,100(-100.000000)
607:BR,Player:0r130c/r1001f:3c6h,6dAh|/4c6cTc:230,-230(230.000000)
608:Player,BR:0cc/cr876f:3hKd,TsQh|/2s7h9d:-100,100(-100.000000)
609:BR,Player:0r130c/r2014f:3c7s,3h8h|/5s8dQs:230,-230(230.000000)
610:Player,BR:0cc/cr435c/cc/r1075c:6hKc,6d7d|/2d4sKh/Jd/7h:1610,-1610(458.507155)
611:BR,Player:0r130c/r327c/cr478f:6sJd,4dAs|/QdAdAc/Ah:-557,557(-557.000000)
612:Player,BR:0cc/cr3080f:3hQh,8h9h|/5s7hJd:-100,100(-100.000000)
613:BR,Player:0r130c/r1001f:5h6s,8s8d|/7sJcQd:230,-230(230.000000)
614:Player,BR:0cr300c/r520r4005r9887c/r5188c/cc:6cKc,5c7h|/4c5h8c/7c/Ks:20000,-20000(15716.099752)
615:BR,Player:0cc/r435f:3dTd,3cJs|/8s9cQs:100,-100(100.000000)
616:Player,BR:0cr300c/cr1741f:TsKs,8dTd|/7c9hAs:-400,400(-400.000000)
617:BR,Player:0r130c/r2014f:5sQc,7dTc|/2hJhAc:230,-230(230.000000)
618:Player,BR:0cc/cr435c/r305c/cc:7hKd,2dKc|/3h4h5h/6s/2c:840,-840(154.282370)
619:BR,Player:0r130c/r285c/cc/cc:2dKs,6h8d|/6sKdAd/As/Qc:515,-515(462.347944)
620:Player,BR:0cr600c/cr3047f:6d8d,2h2c|/9hJhKs:-700,700(-700.000000)
621:BR,Player:0r130c/r2014f:2cKd,7sQd|/4c7d9h:230,-230(230.000000)
622:Player,BR:0cr300c/cr3503f:2cKc,2hJs|/7h9sKs:-400,400(-400.000000)
623:BR,Player:0r130c/r1001f:2c3c,KcAs|/7d8d9c:230,-230(230.000000)
624:Player,BR:0cc/cr3080f:4s7h,2dQc|/2c7dTc:-100,100(-100.000000)
625:BR,Player:0r130c/r19770f:9sQd,8cJd|/8d9hQs:230,-230(230.000000)
626:Player,BR:0cr130c/cr7085f:7cKd,4cTh|/2cKcAs:-230,230(-230.000000)
627:BR,Player:0r130c/r2014c/cc/cr4633f:6s9h,KdAh|/2h7hAd/3s/Ks:-2244,2244(-2244.000000)
628:Player,BR:0cr200c/cr5284f:4d7d,3s6c|/4sTsKh:-300,300(-300.000000)
629:BR,Player:0r130c/r2014f:6s9c,6dKc|/2s5cKs:230,-230(230.000000)
630:Player,BR:0cr130c/cr1001f:8s8c,5sJd|/3h4hKc:-230,230(-230.000000)
631:BR,Player:0r130c/r2014f:3h7c,2c8c|/9s9hAs:230,-230(230.000000)
632:Player,BR:0cc/cr3080f:4sAc,9cJc|/2hThAs:-100,100(-100.000000)
633:BR,Player:0r200c/r2284f:TsQs,5sQh|/3d7sJs:300,-300(300.000000)
634:Player,BR:0cr200c/cr1306c/cc/cc:2c5c,6c9h|/2hJcAc/Th/4d:1606,-1606(1606.000000)
635:BR,Player:0r130c/r1001f:5d8d,TsKh|/2s6sJs:230,-230(230.000000)
636:Player,BR:0cc/cr124f:3h5c,5dTs|/7h7cTh:-100,100(-100.000000)
637:BR,Player:0cc/r435f:5dTs,6s8h|/4h7s7h:100,-100(100.000000)
638:Player,BR:0cc/cr379f:8dJc,8hAh|/2c4dAd:-100,100(-100.000000)
639:BR,Player:0r130c/r1001f:9cKc,4cKs|/7hJdQd:230,-230(230.000000)
640:Player,BR:0cc/cr876f:5dQh,2h6d|/9dJhKs:-100,100(-100.000000)
641:BR,Player:0r200c/r2627f:4sTd,QdQc|/8dJsKh:300,-300(300.000000)
642:Player,BR:0cc/cr435c/cc/r2265f:9dJh,3hKd|/5hTsQd/Ks/Tc:535,-535(535.000000)
643:BR,Player:0r200c/r1136f:6hKh,6cAh|/5c9hKc:300,-300(300.000000)
644:Player,BR:0cr200c/r390r390c/cc/cc:6cJc,6h7h|/5c9cKd/7s/4c:1080,-1080(931.812204)
645:BR,Player:0r130c/r1001f:3hAc,8dQh|/3d8sTh:230,-230(230.000000)
646:Player,BR:0cc/cr1761f:7hTs,3c6c|/6sKhAh:-100,100(-100.000000)
647:BR,Player:0f:4hAc,2s4c|:50,-50(50.000000)
648:Player,BR:0cc/cr379c/cc/r721f:3s5c,6hTs|/3h5sTd/3c/Jd:479,-479(479.000000)
649:BR,Player:0r130c/r2014f:5c6s,JcKh|/3c8dJd:230,-230(230.000000)
650:Player,BR:0cc/r300r300f:6cTc,AhAc|/3d4c9h:-400,400(-400.000000)
651:BR,Player:0f:5hTd,2h3c|:50,-50(50.000000)
652:Player,BR:0cc/cr876f:8cTs,6h7h|/4sQcAd:-100,100(-100.000000)
653:BR,Player:0r130c/r1001f:ThAc,7sJc|/8cTcJh:230,-230(230.000000)
654:Player,BR:0cc/cr3080f:9cJs,4s9d|/4d6cKd:-100,100(-100.000000)
655:BR,Player:0r130c/r1751f:8sQs,TdAs|/3s5c6s:230,-230(230.000000)
656:Player,BR:0cc/cr876f:7cQh,9dKs|/4c6dAc:-100,100(-100.000000)
657:BR,Player:0r130c/r285c/cc/cc:TdQd,ThKc|/2dTcJs/4c/Ac:-515,515(327.426743)
658:Player,BR:0cc/cr761f:6dJh,9cKh|/5s6s9h:-100,100(-100.000000)
659:BR,Player:0cc/r100c/cr260c/cc:KhAd,6d8h|/5c9hQs/4c/5h:460,-460(-72.351965)
660:Player,BR:0cr300c/cr569c/r471c/cc:8h9c,6c8c|/5h8dQh/4d/Kc:1440,-1440(-260.950376)
661:BR,Player:0f:3d8d,2s3c|:50,-50(50.000000)
662:Player,BR:0cr300c/cr6126f:7dTs,5dAc|/6cKcAd:-400,400(-400.000000)
663:BR,Player:0r130c/r2014f:7s9h,7c9c|/5c6hKs:230,-230(230.000000)
664:Player,BR:0cr300c/cr1741f:TcQd,6h9h|/2d4s5h:-400,400(-400.000000)
665:BR,Player:0r130c/r871c/cc/cc:ThQs,6s6c|/3c9cQd/5d/Qh:1101,-1101(1101.000000)
666:Player,BR:0cr300c/cr996f:9hAc,8cAh|/3d6d8d:-400,400(-400.000000)
667:BR,Player:0r130c/r163f:2dAh,7d9s|/2s8cKs:230,-230(230.000000)
668:Player,BR:0cr600c/cr3047f:3dTd,2s3h|/5s6sTc:-700,700(-700.000000)
669:BR,Player:0r130c/r498r1342r2946c/cr4299c/cc:7s7h,2s8s|/2d6h9d/4h/8d:-9315,9315(-9315.000000)
670:Player,BR:0cr130c/cr7085f:JsJc,2hJh|/3s8cQs:-230,230(-230.000000)
671:BR,Player:0r130c/r285f:QsQh,8hAs|/3s4cKc:230,-230(230.000000)
672:Player,BR:0cr130c/r460f:3h9h,5h5c|/2d6cKh:230,-230(230.000000)
673:BR,Player:0r130c/r4051f:5h7c,6hQd|/2cJhQs:230,-230(230.000000)
674:Player,BR:0cr300c/cr3503c/r3897f:4hKh,5h8c|/7hQsKd/7s:3903,-3903(3903.000000)
675:BR,Player:0r130c/r142c/cr145c/cc:7h8s,7s9s|/7dTcKs/5s/Ac:0,-0(-186.099313)
676:Player,BR:0cc/cr1761f:5hTs,7cTc|/JcQhAc:-100,100(-100.000000)
677:BR,Player:0r130c/r1001f:4hKc,2cKd|/6hTsQc:230,-230(230.000000)
678:Player,BR:0cc/cr876f:2c6h,TcQh|/3h6cKh:-100,100(-100.000000)
679:BR,Player:0r130c/r142c/cc/cr663f:8sTs,JhQd|/8cJsKh/3d/3s:-372,372(-372.000000)
680:Player,BR:0cc/cr216c/r134c/cc:5c8d,8c9s|/8hQsQh/2c/7c:-450,450(-366.592433)
681:BR,Player:0r130c/r871f:8hJc,5cTc|/4c6h8s:230,-230(230.000000)
682:Player,BR:0cc/cr761c/r100c/r2189c:2c7c,9hAd|/6cTcAh/Jc/5d:3150,-3150(271.700426)
683:BR,Player:0f:2dTd,3s8d|:50,-50(50.000000)
684:Player,BR:0cr300c/cr3503f:5dAd,3s6d|/4h7dAh:-400,400(-400.000000)
685:BR,Player:0r130c/r871f:2hKc,TdKh|/8s8dKd:230,-230(230.000000)
686:Player,BR:0cc/cr1761f:ThQd,6h6d|/5c7cTc:-100,100(-100.000000)
687:BR,Player:0cc/r249c/cc/cc:2c9s,5sJh|/TsJdKh/8s/6s:-349,349(-349.000000)
688:Player,BR:0cc/cr876f:3hJs,4h7c|/4d6sAc:-100,100(-100.000000)
689:BR,Player:0r200c/r1306c/cr1544f:4c5d,JcKs|/4s9sAs/3s:-1606,1606(-1606.000000)
690:Player,BR:0cc/cr876c/r584c/r2028c:6c7s,2sTs|/3c5hAs/Ac/8s:-3588,3588(-788.055474)
691:BR,Player:0f:8hQh,2s3h|:50,-50(50.000000)
692:Player,BR:0cr300c/cr569f:5dTc,2cAd|/3s4sKs:-400,400(-400.000000)
693:BR,Player:0f:6h7s,2s3d|:50,-50(50.000000)
694:Player,BR:0cr300c/cr1741f:8sAc,5c6c|/8hThKc:-400,400(-400.000000)
695:BR,Player:0cc/r249f:2c7h,4s8d|/6c9s9d:100,-100(100.000000)
696:Player,BR:0cc/cr876f:4s9h,7dQc|/2s5d6h:-100,100(-100.000000)
697:BR,Player:0r130c/r285c/cc/cr543c:7c8d,3sAc|/3c8h9h/Js/3h:-1058,1058(-353.109274)
698:Player,BR:0cr200c/cr427f:2cAc,4s4c|/TdJdQc:-300,300(-300.000000)
699:BR,Player:0r130c/r1751f:7h9h,QhQc|/6d7d8s:230,-230(230.000000)
700:Player,BR:0cr300c/r520r520f:ThJs,5sTd|/3s8s8d:-920,920(-920.000000)
701:BR,Player:0cc/r761c/cr189c/cc:TdKd,8dJc|/7h7dKs/Qh/3d:1050,-1050(1050.000000)
702:Player,BR:0cr300c/cr1741f:TdKc,6sJs|/7d8dQd:-400,400(-400.000000)
703:BR,Player:0r130c/cc/cc/cc:5dAh,8sAs|/3h7dQs/2h/9d:-230,230(-74.677070)
704:Player,BR:0cc/cr379f:2d7s,JsAc|/6cJdKd:-100,100(-100.000000)
705:BR,Player:0r130c/r2014f:3hAs,ThQs|/2sTcJs:230,-230(230.000000)
706:Player,BR:0cr300c/cr3503f:8hJh,2hQd|/6s6hJs:-400,400(-400.000000)
707:BR,Player:0f:5s7s,3dTs|:50,-50(50.000000)
708:Player,BR:0cc/cr216f:6c7s,7cQc|/9sJhQh:-100,100(-100.000000)
709:BR,Player:0r130c/r285c/cc/cc:6s6h,3sJc|/2h3cAh/4c/9c:515,-515(208.444352)
710:Player,BR:0cr300c/r520r1991f:3cTc,2hKd|/2c8hKs:-920,920(-920.000000)
711:BR,Player:0cc/r379f:2sAc,3sQs|/5hJcAd:100,-100(100.000000)
712:Player,BR:0cr200c/r390r3004f:5c8c,8dJd|/5d7cKd:-690,690(-690.000000)
713:BR,Player:0r200c/r1136c/cr364c/cc:TcAc,3cJc|/3d4dTh/Ts/7s:1800,-1800(1800.000000)
714:Player,BR:0cr300c/cr1741f:QdAs,9dJh|/5s6sTd:-400,400(-400.000000)
715:BR,Player:0r130c/r2014f:2hTd,QdKh|/3cJhAc:230,-230(230.000000)
716:Player,BR:0cc/r130r1001f:6s8h,6h6c|/4h4d9s:-230,230(-230.000000)
717:BR,Player:0r130c/r3522f:2cJs,3h3d|/2s4dJh:230,-230(230.000000)
718:Player,BR:0cc/cr19900c/cc/cc:5dTd,6dQd|/8dJdKd/4s/9c:-20000,20000(-19545.625351)
719:BR,Player:0r130c/r1001f:3cKs,6hAd|/5h7cJc:230,-230(230.000000)
720:Player,BR:0cr200c/cr2627f:3d3c,5h5d|/TsJsJh:-300,300(-300.000000)
721:BR,Player:0r200c/r1306f:5hTd,6d7c|/5c8dQc:300,-300(300.000000)
722:Player,BR:0cc/cr876f:8dJh,3s9c|/4c5hTc:-100,100(-100.000000)
723:BR,Player:0r200c/r212c/cr163c/cr1350f:7dJd,ThTc|/TdJsKh/2s/3s:-675,675(-675.000000)
724:Player,BR:0cc/cr435f:6dKh,ThQh|/5c6cAc:-100,100(-100.000000)
725:BR,Player:0cc/r435f:3cTs,4cAs|/5s6h7h:100,-100(100.000000)
726:Player,BR:0cc/cr3080f:5s8c,6s6h|/7cKsAh:-100,100(-100.000000)
727:BR,Player:0r200c/r2627f:6hKh,9sKd|/2c9dTs:300,-300(300.000000)
728:Player,BR:0cc/cr435f:2h7c,3sJc|/3c5c9c:-100,100(-100.000000)
729:BR,Player:0cc/r3080f:5s9d,2c3c|/4h4dTd:100,-100(100.000000)
730:Player,BR:0cc/cr435f:3c9d,JcAc|/3d4h5d:-100,100(-100.000000)
731:BR,Player:0r200c/r427c/cr1343f:6h6c,7s7d|/TcQsQc/Jh:-727,727(-727.000000)
732:Player,BR:0cc/cr876f:9dAh,9hAs|/3s5cKh:-100,100(-100.000000)
733:BR,Player:0r130c/r1001f:5c8h,5d7c|/6dJhQh:230,-230(230.000000)
734:Player,BR:0cc/cr1532f:4hQc,QdKs|/5sTdKd:-100,100(-100.000000)
735:BR,Player:0r200c/r2284r2284r2284r12848f:8cAs,AdAc|/6hTsAh:-7152,7152(-7152.000000)
736:Player,BR:0cr300c/cr1741f:4h7s,3s8s|/2dTdKc:-400,400(-400.000000)
737:BR,Player:0r130c/r573c/cc/cc:2c8h,5hAd|/9dKsAs/Js/Qc:-803,803(-803.000000)
738:Player,BR:0cc/cr8194f:4dQd,4c9s|/4s6h9h:-100,100(-100.000000)
739:BR,Player:0f:9sTd,3d8s|:50,-50(50.000000)
740:Player,BR:0cc/cr876f:3c5d,6dTd|/5c7sQc:-100,100(-100.000000)
741:BR,Player:0r130c/r1001f:2hJs,7cJd|/4d9sTs:230,-230(230.000000)
742:Player,BR:0cc/cr435f:3sTc,2s2h|/4c5sKc:-100,100(-100.000000)
743:BR,Player:0r130c/r1001f:2d8h,6h7h|/3d6dAd:230,-230(230.000000)
744:Player,BR:0cc/cr876f:TcJd,3cTd|/4c6s8h:-100,100(-100.000000)
745:BR,Player:0r130c/r2014c/cc/cc:6h6c,KhAd|/5dJdKc/Qs/As:-2244,2244(-2244.000000)
746:Player,BR:0cc/cr2679f:4d6c,2sQh|/6hJsQs:-100,100(-100.000000)
747:BR,Player:0r130c/r1001f:4s9h,7cKc|/2h3d6s:230,-230(230.000000)
748:Player,BR:0cr130c/cr3522c/cc/cc:4c6s,AsAh|/4s5s7d/9c/7s:-3752,3752(-2976.379495)
749:BR,Player:0r130c/r285c/cc/cr865c:TsJc,8c9c|/3hTdQh/Qs/2d:1380,-1380(337.552174)
750:Player,BR:0cr200c/r600r7881f:6hKs,2dJs|/3h4dTh:-900,900(-900.000000)
751:BR,Player:0r130c/r2014f:3s8s,6cJh|/3d6hKh:230,-230(230.000000)
752:Player,BR:0cc/cr435f:5cAh,JcQh|/7c8dTs:-100,100(-100.000000)
753:BR,Player:0r130c/r2014f:2sJh,6s8d|/4s8cTh:230,-230(230.000000)
754:Player,BR:0cc/r200f:5s9s,3sJh|/5c6s9h:100,-100(100.000000)
755:BR,Player:0r130c/r1001r2472f:9dJh,5h7d|/5c6cTh:-1231,1231(-1231.000000)
756:Player,BR:0cc/cr876f:6d9c,5cAd|/JdQcKs:-100,100(-100.000000)
757:BR,Player:0r130c/r4051f:3d8h,9dTs|/6sJdQh:230,-230(230.000000)
758:Player,BR:0cc/cr1761f:3dJd,4cKs|/4h7hJh:-100,100(-100.000000)
759:BR,Player:0r130c/r498c/cr307c/cc:TdJh,5hQh|/6h6cTh/5d/3c:1035,-1035(1035.000000)
760:Player,BR:0cc/cr1761f:2d6c,5cJd|/8s9cQs:-100,100(-100.000000)
761:BR,Player:0r130c/r1001f:5dTh,9cJs|/2s6dJc:230,-230(230.000000)
762:Player,BR:0cc/cr216c/cc/r884f:9sTd,2dAd|/6dKhKd/9h/2h:316,-316(316.000000)
763:BR,Player:0r200c/r1306f:5cJc,6dTc|/6hJhAh:300,-300(300.000000)
764:Player,BR:0cr200c/cr2627f:5c9c,6cKd|/3s5dTs:-300,300(-300.000000)
765:BR,Player:0cc/r124c/cc/cr576c:4cQs,4sAc|/TdQcKd/6c/7c:800,-800(716.578578)
766:Player,BR:0cr200c/cr5284f:6h9d,2d7c|/3cQcKs:-300,300(-300.000000)
767:BR,Player:0r130c/r285r543r4606r14336f:7cKs,4dKd|/4h7dQd:-5664,5664(-5664.000000)
768:Player,BR:0cc/cr876f:4sJs,9hKc|/5d6cAc:-100,100(-100.000000)
769:BR,Player:0r130c/r285c/cc/cr543c:KsKd,4cAs|/9h9dAc/Jd/2d:-1058,1058(-434.376376)
770:Player,BR:0cc/cr1761f:3dAs,3h8h|/4h5hJs:-100,100(-100.000000)
771:BR,Player:0f:2h7d,2d4s|:50,-50(50.000000)
772:Player,BR:0cc/cr216r374r6042c/r13268f:4c7s,4dAs|/2h4h7d/Kc:6732,-6732(6732.000000)
773:BR,Player:0r130c/r871c/cr1015c/cc:JhKc,8sQc|/TsThJs/5d/5s:2116,-2116(1194.889582)
774:Player,BR:0cr200c/cr1136r3364r3364f:2hAh,3s7h|/2s6s7d:-4800,4800(-4800.000000)
775:BR,Player:0r200c/r2627f:2h6s,6d6c|/4d7cAd:300,-300(300.000000)
776:Player,BR:0cr300c/r520r4005f:3h5d,9sQs|/2d2cTs:-920,920(-920.000000)
777:BR,Player:0r130c/r1001f:3c7h,5hTs|/ThKsKd:230,-230(230.000000)
778:Player,BR:0cr300c/cr1741f:JcAd,4dTd|/6sJhKs:-400,400(-400.000000)
779:BR,Player:0r130c/r2014f:2d9d,7hTc|/3c6hQh:230,-230(230.000000)
780:Player,BR:0cc/cr876f:7s9c,KcAh|/4h6d8d:-100,100(-100.000000)
781:BR,Player:0r130c/r871f:4cKh,9cQd|/5cTdKd:230,-230(230.000000)
782:Player,BR:0cr600c/r2100r2100f:4d6d,3dAh|/2dQsAc:-2800,2800(-2800.000000)
783:BR,Player:0r130c/r327f:6hAc,5dQc|/7s9s9c:230,-230(230.000000)
784:Player,BR:0cc/cr1761f:4c6h,2dQs|/JhJcKd:-100,100(-100.000000)
785:BR,Player:0r130c/r871c/cc/cc:6dTc,ThKc|/3s9hTs/Ad/3c:0,-0(488.679835)
786:Player,BR:0cr300c/r520r4005f:5c9h,3dKs|/6s8sKc:-920,920(-920.000000)
787:BR,Player:0f:7cAc,4s9h|:50,-50(50.000000)
788:Player,BR:0cc/cr876f:5cTh,TcJc|/2d4dQc:-100,100(-100.000000)
789:BR,Player:0r300c/r283f:3hQs,2h7h|/3c6hJd:400,-400(400.000000)
790:Player,BR:0cc/cr435c/cc/r1075f:TcQh,5cQc|/8cJhAs/6d/5h:535,-535(535.000000)
791:BR,Player:0r130c/r1751f:3sKd,6d8h|/3cTsKs:230,-230(230.000000)
792:Player,BR:0cc/cr876f:4s9s,6d7c|/2c4hKc:-100,100(-100.000000)
793:BR,Player:0r130c/r1001f:6hJs,9cJd|/2h5dTh:230,-230(230.000000)
794:Player,BR:0cr200c/cr427c/cc/r353f:7d8c,3d6s|/2h8dTc/Td/Js:727,-727(727.000000)
795:BR,Player:0cc/r3080f:5cTs,3sQh|/7s7cKc:100,-100(100.000000)
796:Player,BR:0cr300c/cr3503f:3sTs,QcKc|/9cThAh:-400,400(-400.000000)
797:BR,Player:0r130c/r285c/cc/cc:7s7d,8sAd|/2s5hKd/6s/Td:515,-515(492.024311)
798:Player,BR:0cc/cr379c/cc/cc:4hJh,AsAh|/6c8dJc/Ks/9s:-479,479(-357.287385)
799:BR,Player:0cc/r761f:QcKd,4d8s|/5d9dAd:100,-100(100.000000)
800:Player,BR:0cc/cr379f:JdKs,5h9s|/4c5s5c:-100,100(-100.000000)
801:BR,Player:0r130c/r163f:9hAc,7sJd|/2d8dQh:230,-230(230.000000)
802:Player,BR:0cr600c/r4200r4200r10900c/cc/cc:QsQc,3c4s|/2h5s9c/9d/Ac:-20000,20000(-20000.000000)
803:BR,Player:0r130c/r4051f:7dKd,6cKc|/2h2cAd:230,-230(230.000000)
804:Player,BR:0cc/cr379f:6hQs,ThQh|/2h4dTc:-100,100(-100.000000)
805:BR,Player:0f:AsAh,2s5h|:50,-50(50.000000)
806:Player,BR:0cc/cr1761f:6hAc,2c8d|/6d9d9c:-100,100(-100.000000)
807:BR,Player:0r130c/r2014f:2c7h,2d3d|/3c6hAc:230,-230(230.000000)
808:Player,BR:0cr300c/cr1741c/r2059f:JcQs,2dKh|/ThQcAc/7s:2141,-2141(2141.000000)
809:BR,Player:0r200c/cr390r390f:4hKh,7hQs|/3hTsTd:690,-690(690.000000)
810:Player,BR:0cc/cr876f:7cAd,7dQd|/2d8hJd:-100,100(-100.000000)
811:BR,Player:0f:KdKc,4c9d|:50,-50(50.000000)
812:Player,BR:0cr600c/cr19300c/cc/cc:KsAs,9dKh|/3sThKc/Tc/Ts:0,-0(-13237.281347)
813:BR,Player:0r130c/r2014f:5h7s,6sQh|/7c9dKs:230,-230(230.000000)
814:Player,BR:0cc/cr249c/cc/cc:4hTd,3dQc|/8s8hTc/6d/7c:349,-349(349.000000)
815:BR,Player:0r130c/r4051f:7hTh,4cKd|/2c3d9h:230,-230(230.000000)
816:Player,BR:0cc/cr1761f:2dAc,4cQd|/JcKsKc:-100,100(-100.000000)
817:BR,Player:0f:9dQc,2cTs|:50,-50(50.000000)
818:Player,BR:0cr600c/cr2650c/cc/cc:8c9h,JhQs|/5s7dJc/9s/9c:3350,-3350(-1943.322297)
819:BR,Player:0r130c/r2014c/cc/cr2241f:2s7d,TsAs|/5s8sQh/2h/Jc:-2244,2244(-2244.000000)
820:Player,BR:0cc/cr876c/cc/r2014f:7sJh,3hQc|/4c7d7c/4d/8d:976,-976(976.000000)
821:BR,Player:0r130c/r2014f:2s3s,2h2d|/4c6dTh:230,-230(230.000000)
822:Player,BR:0cc/cr876f:2dJc,7cAd|/3d6s8d:-100,100(-100.000000)
823:BR,Player:0r130c/r2014f:TsKc,6h8h|/2s6c7h:230,-230(230.000000)
824:Player,BR:0cc/cr876f:2s5h,6dTd|/8h8dAc:-100,100(-100.000000)
825:BR,Player:0r130c/r1001f:9dKc,2hTh|/5d6c7c:230,-230(230.000000)
826:Player,BR:0cc/cr435f:3hKs,2c4d|/7dJsKh:-100,100(-100.000000)
827:BR,Player:0r130c/r2014f:9dTh,5cAh|/3c6h7c:230,-230(230.000000)
828:Player,BR:0cc/cr761f:2s4h,JsKd|/5d9hJd:-100,100(-100.000000)
829:BR,Player:0f:3cJh,2c5d|:50,-50(50.000000)
830:Player,BR:0cc/cr876f:5s6h,5dKd|/4d8hJh:-100,100(-100.000000)
831:BR,Player:0cc/r1532f:JsJd,JcKh|/2c3s7d:100,-100(100.000000)
832:Player,BR:0cc/cr379c/cc/cc:4c9d,7sKs|/4dTdKc/Ts/Ad:-479,479(-215.754523)
833:BR,Player:0r200c/r1306f:5sTc,6s7s|/4h9sKh:300,-300(300.000000)
834:Player,BR:0cc/cr1761f:4sJc,4h8s|/5h6cTh:-100,100(-100.000000)
835:BR,Player:0r130c/r2014f:3h6h,4h8h|/9dThJs:230,-230(230.000000)
836:Player,BR:0cc/cr216c/r134c/cc:6sKh,3sQd|/TsJcQh/7h/Jh:-450,450(-228.522797)
837:BR,Player:0r200c/r1306f:9dAs,ThJs|/3d4sQd:300,-300(300.000000)
838:Player,BR:0cc/cr19900f:4sQc,6s6c|/6d7hAd:-100,100(-100.000000)
839:BR,Player:0r200c/r2627f:3cKc,3hJs|/8hTsJd:300,-300(300.000000)
840:Player,BR:0cc/cr435c/r305f:6c9s,8c9c|/3s4c5s/2d:535,-535(535.000000)
841:BR,Player:0r130c/r2014f:ThKd,7cKc|/4d5hJh:230,-230(230.000000)
842:Player,BR:0cr200c/cr1306c/cc/r1544f:3h9h,7hQs|/7c8hJs/Td/2h:1606,-1606(1606.000000)
843:BR,Player:0f:8d9d,3s8h|:50,-50(50.000000)
844:Player,BR:0cc/cr1761f:7hTd,JcKs|/7d9hQs:-100,100(-100.000000)
845:BR,Player:0r200c/r244f:9cAd,4d9d|/3s3h6h:300,-300(300.000000)
846:Player,BR:0cc/cr761f:2sJh,AdAc|/3d7d8d:-100,100(-100.000000)
847:BR,Player:0r200c/r1136f:7sTs,JcKs|/2c5sTd:300,-300(300.000000)
848:Player,BR:0cr300c/r520r1309c/r1083c/r1656f:JhAd,4s7h|/2h6hAs/7c/Ah:3312,-3312(3312.000000)
849:BR,Player:0f:6d6c,2d7c|:50,-50(50.000000)
850:Player,BR:0cc/cr876f:3hQd,6hJc|/4d6cTh:-100,100(-100.000000)
851:BR,Player:0r130c/r2014f:5c9d,6cTh|/2s6dAs:230,-230(230.000000)
852:Player,BR:0cr200c/cr1136f:2d4d,TcKc|/8hKsKd:-300,300(-300.000000)
853:BR,Player:0r200c/r212r1288c/cr900c/cr5400c:9d9c,3s4h|/3hQcKd/Js/Th:8100,-8100(8100.000000)
854:Player,BR:0cc/cr435f:2dTc,8d9d|/4c5cAs:-100,100(-100.000000)
855:BR,Player:0r200c/r747f:3sKh,3hJh|/8cJcQc:300,-300(300.000000)
856:Player,BR:0cc/cr435r1565r1565f:2dAh,2hTd|/2c4dKs:-2100,2100(-2100.000000)
857:BR,Player:0cc/r435f:4s7c,2sJd|/2h5cAc:100,-100(100.000000)
858:Player,BR:0cr130c/cr871f:JsQs,8s9c|/3s3c8d:-230,230(-230.000000)
859:BR,Player:0r130c/r498c/cr859c/cc:ThTd,4d5d|/9dKsKd/Kc/Ad:1587,-1587(1499.439476)
860:Player,BR:0cr200c/r600r1281f:5dAd,5h8s|/8hJhAc:-900,900(-900.000000)
861:BR,Player:0r130c/r3522f:5hTh,3sAc|/3h5dQh:230,-230(230.000000)
862:Player,BR:0cr200c/cr2627c/r1753f:TsJs,5d6c|/2c8sAs/Kh:2927,-2927(2927.000000)
863:BR,Player:0r130c/r2014r9716f:3c7h,5s5c|/5h6hTd:-2244,2244(-2244.000000)
864:Player,BR:0cr300c/cr1741f:QcAc,3c7s|/6h7hAh:-400,400(-400.000000)
865:BR,Player:0cc/r435f:2h4d,3cTd|/5s6d9h:100,-100(100.000000)
866:Player,BR:0cr130c/r299r2303c/r1611c/r2221c:TsTh,2s8c|/3c4h8h/8s/8d:-6664,6664(-6664.000000)
867:BR,Player:0cc/r3080f:3h5d,ThAc|/8h8cKh:100,-100(100.000000)
868:Player,BR:0cc/cr142f:6sTc,2d8s|/2cJhJc:-100,100(-100.000000)
869:BR,Player:0r130c/r1001f:6hJh,2h8h|/3c4c7d:230,-230(230.000000)
870:Player,BR:0cc/cr876f:7d8s,6sJd|/2s5cKs:-100,100(-100.000000)
871:BR,Player:0r130c/r2014f:4cTc,2d2c|/5d6h7h:230,-230(230.000000)
872:Player,BR:0cc/cr379f:7dJc,4hAh|/3dTdAd:-100,100(-100.000000)
873:BR,Player:0r130c/r4051f:3hKh,3c8c|/9sJhQh:230,-230(230.000000)
874:Player,BR:0cr300c/cr3503r11697f:9hQc,9cAh|/2s5hQd:3903,-3903(3903.000000)
875:BR,Player:0r130c/r327f:4hTc,9sTd|/7h7dAs:230,-230(230.000000)
876:Player,BR:0cc/cr379c/cc/cc:TdQs,JcAc|/2h9dAs/7h/2d:-479,479(-233.547896)
877:BR,Player:0r130c/r1001f:8hQs,6h9h|/2c7sTc:230,-230(230.000000)
878:Player,BR:0cc/cr435f:8sQd,2s3h|/4c7dJh:-100,100(-100.000000)
879:BR,Player:0r130c/r2014f:6hQs,5sAs|/2h9sKd:230,-230(230.000000)
880:Player,BR:0cc/cr435f:3dTc,8cJd|/4c5sKc:-100,100(-100.000000)
881:BR,Player:0r200c/r2627f:5hAc,QcAs|/4cTsJs:300,-300(300.000000)
882:Player,BR:0cr300c/cr1741f:9cAs,4d6c|/3c5cTc:-400,400(-400.000000)
883:BR,Player:0r130c/r1001f:8hAh,TdJs|/5s6d7c:230,-230(230.000000)
884:Player,BR:0cc/cr19900f:3hTc,5sKd|/3c5hKc:-100,100(-100.000000)
885:BR,Player:0r130c/r1751f:QsQd,8d8c|/5dJsKs:230,-230(230.000000)
886:Player,BR:0cr200c/cr1306f:7cQd,7sQs|/4d6d7h:-300,300(-300.000000)
887:BR,Player:0r200c/r1306f:6h9h,9cKh|/7cTcQc:300,-300(300.000000)
888:Player,BR:0cc/cr1761f:2cQs,6d7h|/7c8dQd:-100,100(-100.000000)
889:BR,Player:0r130c/r1001f:5dJc,2c5c|/4h6cTd:230,-230(230.000000)
890:Player,BR:0cr600c/cr3047r10953f:8hQd,4h8d|/9hQsAs:3747,-3747(3747.000000)
891:BR,Player:0r130c/r285c/cc/cr543c:2sJd,QcAc|/2h3h8c/9d/Th:1058,-1058(-76.973894)
892:Player,BR:0cc/cr3080f:6cAh,9sAs|/4s7cKd:-100,100(-100.000000)
893:BR,Player:0r130c/r1001c/cc/cc:4s8h,4c6h|/2s4h5d/9d/Qs:1231,-1231(-103.651617)
894:Player,BR:0cr600c/cr866c/cc/r18434f:KhKd,9dAd|/5c9hKs/6d/5h:1566,-1566(1566.000000)
895:BR,Player:0r130c/r327c/cc/cr1030f:2sTs,ThAd|/3h9s9c/4d/Td:-557,557(-557.000000)
896:Player,BR:0cc/cr876f:5c7d,4dKh|/3s7c9d:-100,100(-100.000000)
897:BR,Player:0f:8s9h,3s9d|:50,-50(50.000000)
898:Player,BR:0cc/cr761f:6dAc,4c5c|/2c3h5h:-100,100(-100.000000)
899:BR,Player:0r130c/r2014f:3d6s,5d8d|/5h6cTc:230,-230(230.000000)
900:Player,BR:0cc/cr876f:4sAc,4dJc|/2c7c8d:-100,100(-100.000000)
901:BR,Player:0cc/cc/cc/cc:ThAs,TcKh|/4d7hJs/8c/6c:100,-100(4.364133)
902:Player,BR:0cc/cr1761f:2d7h,8cAc|/TsQsQh:-100,100(-100.000000)
903:BR,Player:0r200c/r1306f:2sQs,6sJs|/5sThTd:300,-300(300.000000)
904:Player,BR:0cc/cr1532f:9cJh,5dKd|/4d7dQs:-100,100(-100.000000)
905:BR,Player:0r130c/r2014f:3c7d,5h5c|/7c8hAh:230,-230(230.000000)
906:Player,BR:0cc/cr876f:6cTh,7sQc|/3c8hKc:-100,100(-100.000000)
907:BR,Player:0r130c/r2014c/cr1344c/cc:6hKd,3dAh|/3cTdAc/Qd/Tc:-3588,3588(-3588.000000)
908:Player,BR:0cr130c/cr2014f:8sTh,4dAc|/2d3h6c:-230,230(-230.000000)
909:BR,Player:0cc/r216c/cc/cc:5d9s,4c8s|/8c9dAs/5c/7s:316,-316(316.000000)
910:Player,BR:0cc/cr761f:5cAd,KsKh|/2d8c9d:-100,100(-100.000000)
911:BR,Player:0r130c/r573c/cc/cr1313f:5hAc,9dKd|/8dJdQs/8s/Th:-803,803(-803.000000)
912:Player,BR:0cr600c/cr3047f:5c8h,5sJd|/4d9hKh:-700,700(-700.000000)
913:BR,Player:0r130c/r2014f:3h6h,8cKd|/5h9cAc:230,-230(230.000000)
914:Player,BR:0cr600c/cr3047r10953f:8d9d,2h7c|/7s9sJh:3747,-3747(3747.000000)
915:BR,Player:0r130c/r285f:2d7s,5dQs|/2h3d9c:230,-230(230.000000)
916:Player,BR:0cr300c/cr3503f:6dTs,3d9c|/2c9dTc:-400,400(-400.000000)
917:BR,Player:0r200c/r371f:4dJs,3dKd|/2h2c4h:300,-300(300.000000)
918:Player,BR:0cr300c/r520r1139c/r149c/r2870c:9cJs,9hQh|/6c9s9d/2d/Ad:-5078,5078(-2722.587807)
919:BR,Player:0r130c/r573f:2d7d,3s7s|/8cTsQh:230,-230(230.000000)
920:Player,BR:0cr200c/cr1306f:JcKc,3d6s|/2c9hTh:-300,300(-300.000000)
921:BR,Player:0cc/r3080f:3sJh,2sKd|/4d7hQh:100,-100(100.000000)
922:Player,BR:0cr130c/cr871f:3s4s,JhQs|/3cThQh:-230,230(-230.000000)
923:BR,Player:0r130c/r2014f:3s8d,9sTd|/3h7cAd:230,-230(230.000000)
924:Player,BR:0cc/cr876f:TdJs,2s5c|/6c8d8c:-100,100(-100.000000)
925:BR,Player:0r130c/r327f:5cJc,3sQd|/2d8s8c:230,-230(230.000000)
926:Player,BR:0cc/cr876r2014r2014c/r2172c/cc:5c7d,4cKc|/4d5h6h/Ks/Jd:-7176,7176(-7176.000000)
927:BR,Player:0r130c/r2014f:9hJd,4h7d|/TcQdAd:230,-230(230.000000)
928:Player,BR:0cc/cr876f:6sQc,4sAs|/4h5s9d:-100,100(-100.000000)
929:BR,Player:0f:4dTh,2d7s|:50,-50(50.000000)
930:Player,BR:0cr200c/r390r3004f:TsJs,4s5c|/3c4h8h:-690,690(-690.000000)
931:BR,Player:0r130c/r2014f:6d7c,KhAd|/4s8dQd:230,-230(230.000000)
932:Player,BR:0cc/cr249c/cc/cc:4dKh,2s4h|/4c5h5c/6c/6s:349,-349(349.000000)
933:BR,Player:0cc/r379c/cc/cc:9hKs,2dAs|/3s4cKh/2c/Td:479,-479(446.427054)
934:Player,BR:0cr200c/cr19700f:4h8s,4s6h|/4d6sAc:-300,300(-300.000000)
935:BR,Player:0f:6sAs,2sTc|:50,-50(50.000000)
936:Player,BR:0cr600c/r910r4008f:7sTs,3s3d|/4s5dTd:-1610,1610(-1610.000000)
937:BR,Player:0r130c/r2014f:3hTc,8cKc|/JcQhAd:230,-230(230.000000)
938:Player,BR:0cc/cr19900f:7d9s,QcAc|/4sQsAd:-100,100(-100.000000)
939:BR,Player:0cc/r100c/cr400c/cc:QdKc,5dTd|/2h8hAd/2c/Qs:600,-600(404.735271)
940:Player,BR:0cr200c/cr5284f:4s4c,2c6c|/3s5hAh:-300,300(-300.000000)
941:BR,Player:0r200c/r2627c/cr8773f:7c9h,5sAs|/5hTsAh/Qs:-2927,2927(-2927.000000)
942:Player,BR:0cc/cr876f:3c7h,TdKc|/6d9h9d:-100,100(-100.000000)
943:BR,Player:0r200c/r427f:3cAc,JdQs|/4dTsTd:300,-300(300.000000)
944:Player,BR:0cr600c/r1400f:8dQc,3h6h|/5d9cTc:700,-700(700.000000)
945:BR,Player:0cc/r876f:9dQc,2cJs|/2d6h6c:100,-100(100.000000)
946:Player,BR:0cr300c/cr3503f:ThQs,4h5d|/3cQdAd:-400,400(-400.000000)
947:BR,Player:0cc/r379f:9cTd,2sKh|/5h8c9d:100,-100(100.000000)
948:Player,BR:0cr300c/cr1741c/r2059c/r2100c:8sKd,7sJd|/2dQdAd/Jh/Ah:-6300,6300(-3138.052116)
949:BR,Player:0r130c/r1001f:7sTd,8hTc|/5h8sKh:230,-230(230.000000)
950:Player,BR:0cr200c/r390r3004f:8cJc,4h7h|/4c5h9s:-690,690(-690.000000)
951:BR,Player:0r130c/r2014f:2s9s,JdQc|/6sKcAc:230,-230(230.000000)
952:Player,BR:0cr300c/cr3503f:3hTh,6hQc|/2c4sAc:-400,400(-400.000000)
953:BR,Player:0f:JdAs,3d7h|:50,-50(50.000000)
954:Player,BR:0cc/cr435f:7dTh,TcJh|/3d4cAs:-100,100(-100.000000)
955:BR,Player:0r200c/r2627c/cr6043f:5h6s,9hQc|/4dQsAh/Kc:-2927,2927(-2927.000000)
956:Player,BR:0cc/cr876f:2sKh,JsKc|/3c4d6h:-100,100(-100.000000)
957:BR,Player:0cc/r1532f:6hQs,2sAs|/5c7hQh:100,-100(100.000000)
958:Player,BR:0cc/cr876f:6dTs,2h5h|/2s3sAs:-100,100(-100.000000)
959:BR,Player:0r130c/r1001f:4s8s,7cQc|/3d5sAd:230,-230(230.000000)
960:Player,BR:0cc/cr379f:2dKc,6c8c|/6h6d9d:-100,100(-100.000000)
961:BR,Player:0f:4s7h,2h3c|:50,-50(50.000000)
962:Player,BR:0cc/cr3080f:3sTd,4d6d|/TcKcAs:-100,100(-100.000000)
963:BR,Player:0cc/r124c/cr236c/cr1380f:6dQd,8cTs|/6c9sAh/7h/4h:-460,460(-460.000000)
964:Player,BR:0cr600c/cr3047f:TsTh,4sKh|/3d9cQd:-700,700(-700.000000)
965:BR,Player:0r130c/r1001f:3d5h,4dAd|/TdKsKc:230,-230(230.000000)
966:Player,BR:0cr300c/r520r4005f:TdJh,2sTc|/4dQsQh:-920,920(-920.000000)
967:BR,Player:0r130c/r1001c/cr2472f:5cQd,9cKd|/6d7c8d/6c:-1231,1231(-1231.000000)
968:Player,BR:0cc/cr435f:6dQc,4sTh|/2cJsJh:-100,100(-100.000000)
969:BR,Player:0r130c/cc/cc/cc:4dQc,9sQs|/5dKhAd/8c/Js:-230,230(-169.462181)
970:Player,BR:0cc/cr3080f:2h5s,3hAd|/TcJsJh:-100,100(-100.000000)
971:BR,Player:0r130c/r3522f:7d8s,4dKs|/3c6d7s:230,-230(230.000000)
972:Player,BR:0cc/cr761c/cc/cc:5cQc,2sKh|/8hQsKd/Ad/Th:-861,861(-515.731777)
973:BR,Player:0r130c/r1001f:5d6d,8s9d|/4hJsJh:230,-230(230.000000)
974:Player,BR:0cc/cr876f:3dTh,4c5d|/6c8c9s:-100,100(-100.000000)
975:BR,Player:0cc/r19900f:6d6c,JhKh|/2h6sKd:100,-100(100.000000)
976:Player,BR:0cr600c/cr2650f:9hJd,JhKh|/2s7sKc:-700,700(-700.000000)
977:BR,Player:0r200c/r1306f:4s8c,JhKc|/3c9dKd:300,-300(300.000000)
978:Player,BR:0cc/cr435f:7dTh,4h8c|/2s3dAs:-100,100(-100.000000)
979:BR,Player:0r130c/r1001f:7cJd,7dTc|/JhKhAc:230,-230(230.000000)
980:Player,BR:0cc/cr435f:3d7d,8dKd|/6cTsJh:-100,100(-100.000000)
981:BR,Player:0r130c/r1001c/cr3599f:5hQc,4c5c|/2c6cTc/4d:-1231,1231(-1231.000000)
982:Player,BR:0cr200c/cr2627f:3s6s,9dAs|/6cTdQh:-300,300(-300.000000)
983:BR,Player:0r130c/r2014f:2s4s,7s7c|/8dThAc:230,-230(230.000000)
984:Player,BR:0cc/cr100c/cc/r100f:7sTc,8cAd|/2h7cJd/3h/Qd:200,-200(200.000000)
985:BR,Player:0r130c/r142c/cr1008f:8hKc,ThQh|/8dTcAh/Td:-372,372(-372.000000)
986:Player,BR:0cc/cr761f:3d4s,QcAh|/8hTdQs:-100,100(-100.000000)
987:BR,Player:0r130c/r1001f:2h5d,4hKs|/6sJsAd:230,-230(230.000000)
988:Player,BR:0cc/cr216f:4hKs,4s8c|/2c8dAs:-100,100(-100.000000)
989:BR,Player:0r130c/r1001f:4hQd,4c6d|/6c8dKd:230,-230(230.000000)
990:Player,BR:0cr300c/r520r3483f:4d5d,3s8d|/6h8s8h:-920,920(-920.000000)
991:BR,Player:0f:JhQd,4s9h|:50,-50(50.000000)
992:Player,BR:0cr200c/cr2627f:8cJc,2c3s|/TdTcQd:-300,300(-300.000000)
993:BR,Player:0r130c/r285c/cc/cc:3c7s,3dAd|/2s7hJd/Qs/Jc:515,-515(373.038847)
994:Player,BR:0cc/cr124f:5hQc,3h6s|/2c3sTd:-100,100(-100.000000)
995:BR,Player:0f:6cJd,2d9s|:50,-50(50.000000)
996:Player,BR:0cc/cr876f:3dTh,KhAc|/5c8dQd:-100,100(-100.000000)
997:BR,Player:0r130c/r285f:6sKc,6h8c|/5s5hKh:230,-230(230.000000)
998:Player,BR:0cr300c/cr1741c/r1219c/cc:QsAd,2cTc|/2d3d8d/3c/6s:-3360,3360(-482.249630)
999:BR,Player:0r130c/r2014f:8sTc,2d4d|/9dQcAs:230,-230(230.000000)
1000:Player,BR:0cc/cr876f:4sAc,4d8s|/3dTsTd:-100,100(-100.000000)
RAW BR STATS: n=1000, sum=41386.000000, sum_sq=3727036564.000000, vr_sum=71375.083946, vr_sum_sq=3008711418.961338
BR STATS: 41.386000(119.629444), 71.375084(107.418318)
RESULTS
1)BR: 41386
2)Player: -41386
