In config file: GAME_DEF=game_def.fullholdem
In config file: ACTIONS_R0=C
In config file: ACTIONS_R1=C
In config file: ACTIONS_R2=F,C,1,A
In config file: ACTIONS_R3=F,C,1,A
Loading player: rgbr_nl_cprg.so
Player args: /home/viliam/cprg/project_uoapoker/trunk/src/c/meta_player.so /home/viliam/cprg/project_uoapoker/trunk/src/c/acpc14.map
Using seed 28.
1:BR,Player:0r130c/cc/cr115c/cc:3h5h,ThKh|/5dQhAd/Qs/9d:345,-345(91.938285)
2:Player,BR:0cc/cc/cc/r130r460f:4hQc,5sQs|/3dJdKd/Td/2s:-230,230(-230.000000)
3:BR,Player:0r130c/cr299c/cr1058r3174f:ThTd,8hKh|/6d7s9h/Qc:1587,-1587(1587.000000)
4:Player,BR:0cc/cc/r300c/r1200c:2s8s,7d8d|/5s6hTs/Kh/Ad:-1600,1600(-1600.000000)
5:BR,Player:0r130c/cr299c/cr687f:4sTd,5cTc|/5dQcAc/4d:-529,529(-529.000000)
6:Player,BR:0cc/cc/r130c/cr19770f:3s9d,9hKs|/2h2dJc/Ah/3d:-230,230(-230.000000)
7:BR,Player:0r130c/cr299c/cc/cc:6s6d,3cKh|/3s8d9s/Qd/9h:529,-529(421.652116)
8:Player,BR:0cc/cc/cr200c/cr600r1170c:4s7c,5dAh|/7s9h9d/Ac/As:-2070,2070(-1504.106180)
9:BR,Player:0r200c/cc/r600f:4dJc,9hAc|/5hQhKd/6c:300,-300(300.000000)
10:Player,BR:0cc/cc/r200c/r150r900f:2sTh,7cJc|/8sTsJh/2h/Qh:-450,450(-450.000000)
11:BR,Player:0r130c/cc/r460f:9sTc,6dAs|/4c8c9h/2h:230,-230(230.000000)
12:Player,BR:0cr600c/cc/cr1400f:TsAh,5sJh|/4s6h9d/Qs:-700,700(-700.000000)
13:BR,Player:0r130c/cc/cr460r1380f:8hJd,7hQd|/2c4cQh/5h:690,-690(690.000000)
14:Player,BR:0cc/cc/r200f:4h6c,4s7c|/3h9sJs/2d:100,-100(100.000000)
15:BR,Player:0r130c/cc/r460c/cc:5s6h,3d3c|/4s5cJc/6c/7c:-690,690(-429.649663)
16:Player,BR:0cc/cc/cr200f:2s4h,5d8h|/7c9cTd/7h:-100,100(-100.000000)
17:BR,Player:0r130c/cc/cr115c/r690f:4sQh,7dQd|/4c6d7c/3c/5c:345,-345(345.000000)
18:Player,BR:0cc/cc/r130r460c/r138r19172f:6s9d,3s6d|/2c3c5s/4h/Qc:-828,828(-828.000000)
19:BR,Player:0f:8cTd,2dJh|:50,-50(50.000000)
20:Player,BR:0cc/cc/cr200c/cr19700f:8dTc,TsQd|/5s9dJh/Js/2s:-300,300(-300.000000)
21:BR,Player:0r130c/cr299c/cr1058r18413f:KsAd,8hQd|/2s5d6d/Th:1587,-1587(1587.000000)
22:Player,BR:0cr300c/cc/r800f:7cJh,4sQh|/3dTsJc/6s:400,-400(400.000000)
23:BR,Player:0r130c/cc/r460f:4d9h,5hKs|/2s7sQd/6c:230,-230(230.000000)
24:Player,BR:0cr130c/cc/cc/cc:9sKc,6hQs|/5c8s8c/Ah/9c:230,-230(226.733462)
25:BR,Player:0f:7sAh,2d8s|:50,-50(50.000000)
26:Player,BR:0cc/cc/r200c/cr600f:6s9c,2sAh|/4d8d9h/7h/6h:-300,300(-300.000000)
27:BR,Player:0cc/cc/cc/r200f:2c4h,2s4s|/6d7sAd/Ts/Jd:100,-100(100.000000)
28:Player,BR:0cc/cc/cr200c/cr600r1800c:2s6d,TsKc|/8s9sKh/2d/Jh:-2700,2700(-2700.000000)
29:BR,Player:0f:5dAd,2s6h|:50,-50(50.000000)
30:Player,BR:0cc/cc/cr200f:2cQh,4dKd|/4s5hJs/9h:-100,100(-100.000000)
31:BR,Player:0r200c/cc/cc/r600r1170c:2dJh,3dQd|/3c4s7d/8d/Js:2070,-2070(2070.000000)
32:Player,BR:0cr300c/r520c/r2760r16320f:QdKc,7sKs|/2d5s9d/Jc:-3680,3680(-3680.000000)
33:BR,Player:0r130c/cc/cc/r19770f:4dJc,7s7h|/5dTcQd/Ad/3c:230,-230(230.000000)
34:Player,BR:0cc/cc/cr200r600r1800f:4hKc,3s5s|/6c7h9d/8h:-900,900(-900.000000)
35:BR,Player:0r200c/cc/cr390f:7dJs,QhKh|/6cKcAh/Ks:-300,300(-300.000000)
36:Player,BR:0cc/cc/cr200f:JdQh,6cKc|/2c3s5s/2d:-100,100(-100.000000)
37:BR,Player:0r200c/cr390c/r1380f:7cTh,2d6d|/QhQcAs/2c:690,-690(690.000000)
38:Player,BR:0cr300c/cc/r1200c/r3200r15200f:5h6d,8sQd|/2d8hJc/2s/7s:-4800,4800(-4800.000000)
39:BR,Player:0r200c/cc/cr150r19550f:2s6h,TsAh|/3c5hQs/Ac:450,-450(450.000000)
40:Player,BR:0cc/cc/r130r460c/r138r19172f:8cTs,9hJc|/3c6s8h/6d/5s:-828,828(-828.000000)
41:BR,Player:0cc/cr300c/r800f:KdKc,5s9d|/TdQdKh/6d:400,-400(400.000000)
42:Player,BR:0cc/cc/cc/cr19900f:6c8s,9hKh|/3s6h7s/Ad/Ts:-100,100(-100.000000)
43:BR,Player:0r130c/cr299c/cc/r19471f:2c8h,8cKs|/5d6sJd/9c/Qh:529,-529(529.000000)
44:Player,BR:0cc/cc/cc/cc:6sQh,3hQs|/8dJhKd/4s/2c:100,-100(67.010088)
45:BR,Player:0r130c/cr299c/cr1058r3174f:4cAh,TsTh|/5s8d8c/4h:1587,-1587(1587.000000)
46:Player,BR:0cc/cc/cc/cr200f:2s8c,QdAc|/4h6cKs/2h/Kd:-100,100(-100.000000)
47:BR,Player:0cc/cr130c/cc/r19770f:7dTd,3s6d|/4s6cAh/2c/5c:230,-230(230.000000)
48:Player,BR:0cr300c/cc/r200r1200c/cr3600c:JdQh,JcQd|/5s5hJh/Ts/2c:0,-0(-1765.010142)
49:BR,Player:0r130c/cr299c/r1058c/cr3174f:JsKh,2cKc|/2h3s7c/Ks/As:-1587,1587(-1587.000000)
50:Player,BR:0cc/cc/cr200r3600r7800f:2cJs,5s7s|/2d5d7h/Qc:-3900,3900(-3900.000000)
51:BR,Player:0cc/cc/r200c/cr390r19310f:6hAd,2cQh|/2d6sTh/5d/2s:690,-690(690.000000)
52:Player,BR:0cr300c/cc/r200r1200c/cr18200f:5cAd,2d6h|/3c4dAs/9s/9h:-1800,1800(-1800.000000)
53:BR,Player:0r130c/cc/r460c/r1380f:5dTd,TsQd|/7s9cAd/8d/7d:690,-690(690.000000)
54:Player,BR:0cr300c/cc/r200r1200c/cr18200f:9sAc,8s9d|/3d5h5d/9h/3h:-1800,1800(-1800.000000)
55:BR,Player:0r130c/cr1380c/r3220f:4h8d,4cJd|/6dQhKd/4s:1610,-1610(1610.000000)
56:Player,BR:0cc/cc/cc/cr19900f:6sAd,2hKs|/4s5h8h/5s/7s:-100,100(-100.000000)
57:BR,Player:0r130c/cc/r19770f:8sAc,7dTh|/4h7c9s/Ts:230,-230(230.000000)
58:Player,BR:0cc/cc/cr200f:4dAh,6s9d|/5s7s7c/9s:-100,100(-100.000000)
59:BR,Player:0r130c/cc/cr299r1058f:7sKh,6cTd|/5d5cQs/5h:529,-529(529.000000)
60:Player,BR:0cc/cc/cr200f:4d9d,8dJh|/2c8sQh/7d:-100,100(-100.000000)
61:BR,Player:0r130c/cc/r19770f:9sQh,9hKc|/8hTdJd/Ah:230,-230(230.000000)
62:Player,BR:0cc/cc/r200r600f:6hAc,2dKs|/TsJdKc/9h:-300,300(-300.000000)
63:BR,Player:0cc/cc/r200c/r19700f:7dAc,3d4s|/2c6c8h/2d/Kc:300,-300(300.000000)
64:Player,BR:0cc/cc/cr200f:3c4h,2hQs|/7dQhAh/9c:-100,100(-100.000000)
65:BR,Player:0r130c/cc/cr1380r3220f:2d8s,6cJc|/5c9sTd/Ks:1610,-1610(1610.000000)
66:Player,BR:0cc/cc/cr200f:2d6d,3h5h|/2c4h7s/Kh:-100,100(-100.000000)
67:BR,Player:0r130c/cr299c/cr1058c/cc:7hKh,3sKd|/6s7cQs/2c/Qh:1587,-1587(1567.150414)
68:Player,BR:0cc/cc/cr200f:2dQh,3hAs|/9cKhAc/6h:-100,100(-100.000000)
69:BR,Player:0r130c/cc/cc/r19770f:3dTc,7hAh|/8hQsQc/5h/2c:230,-230(230.000000)
70:Player,BR:0cc/cc/r130r460f:4s5d,ThAd|/4hTcJh/Ts:-230,230(-230.000000)
71:BR,Player:0r130c/cc/cc/r460f:4s9h,4h4c|/6cJhJd/5h/Kd:230,-230(230.000000)
72:Player,BR:0cr130c/cc/cr460r2070r17240f:7s9c,2hJd|/6d8hQh/Qs:-2760,2760(-2760.000000)
73:BR,Player:0r130c/cr299c/cc/r1058c:3c4s,TdTc|/8sThJh/7s/4c:-1587,1587(-1587.000000)
74:Player,BR:0cc/cc/cc/cc:5s6c,6sJc|/4h4dQd/Ts/7d:-100,100(45.311038)
75:BR,Player:0r130c/cc/cc/cr460r19310f:3h9c,2sKs|/4h8cAd/5c/3c:690,-690(690.000000)
76:Player,BR:0cc/cc/r200r19700f:8dAc,2d7d|/4hJcAh/5s:-300,300(-300.000000)
77:BR,Player:0r130c/cc/r19770f:4h8s,7sQd|/2s4dKc/7c:230,-230(230.000000)
78:Player,BR:0cc/cc/cr200c/cr600c:2cQs,ThQd|/7c9sQc/7s/2s:-900,900(-685.388137)
79:BR,Player:0cc/cc/cr300f:5s5d,2dJs|/TdJhKh/2c:-100,100(-100.000000)
80:Player,BR:0cr200c/cc/r150f:5c8s,3s8d|/4d9sKc/Ts:300,-300(300.000000)
81:BR,Player:0r300c/cc/cr200c/cr1200c:JhKs,4cQc|/2d8d8c/5d/7d:1800,-1800(1800.000000)
82:Player,BR:0cr300c/cc/cc/cc:2hQh,7hQs|/3s7cAc/2s/Js:-400,400(-233.288029)
83:BR,Player:0r130c/cr460c/cr1380f:7hJd,TcAd|/9dJcQc/Kd:-690,690(-690.000000)
84:Player,BR:0cc/cc/r130f:JhKc,4d5c|/8dTsJd/2d:100,-100(100.000000)
85:BR,Player:0f:5hJc,2d4s|:50,-50(50.000000)
86:Player,BR:0cc/cc/cr200r600r1800f:3s7c,7s8h|/5h8dJd/6c:-900,900(-900.000000)
87:BR,Player:0r130c/cc/r460f:2hQh,6d8c|/TsQdQc/Ah:230,-230(230.000000)
88:Player,BR:0cr300c/cc/cr800r1560r5520f:QsAc,ThTd|/2cAhAd/4h:-2760,2760(-2760.000000)
89:BR,Player:0r200c/cc/cc/cr390r19310f:7d9h,TsTc|/3h7hAh/Js/Jd:690,-690(690.000000)
90:Player,BR:0cr130c/r299c/cr1058c/cc:8sJs,6dKc|/4s4c6s/7d/4h:-1587,1587(750.081440)
91:BR,Player:0r130c/cc/cc/cr115r690f:5s6c,2h8h|/3s9dKs/2d/3d:345,-345(345.000000)
92:Player,BR:0cc/r130c/cc/cr19770f:5d6s,8dJd|/4s4h7d/Jc/Jh:-230,230(-230.000000)
93:BR,Player:0r130c/cc/r460f:9hQs,4s6h|/QdAhAd/Qc:230,-230(230.000000)
94:Player,BR:0cr300c/cc/r520f:2c4c,9cTc|/5d6d7s/Ks:400,-400(400.000000)
95:BR,Player:0r130c/cr299c/cc/r19471f:3s7h,9cAd|/2s4s9s/Qc/8c:529,-529(529.000000)
96:Player,BR:0cr300c/cc/cc/cc:AsAh,9sTs|/4cQcKd/Kc/6c:400,-400(400.000000)
97:BR,Player:0r200c/cr390c/r1380f:TsQs,3d5c|/3s7hJc/9c:690,-690(690.000000)
98:Player,BR:0cc/cc/cr200c/cc:3d5s,5hTd|/2d4h8h/Qs/6h:300,-300(300.000000)
99:BR,Player:0r130c/cc/cc/cc:2c5c,5sAd|/3d9sKh/8h/5d:-230,230(187.764468)
100:Player,BR:0cr300c/cc/cr800c/cr2400c:6d7c,5hAh|/6h9cAs/4c/9s:-3600,3600(-1711.440246)
101:BR,Player:0r130c/cr299c/cc/r1058f:7s8h,4cJs|/8cTcJd/9c/Ah:529,-529(529.000000)
102:Player,BR:0cr200c/cc/cc/cc:JcKh,3h4h|/5c7dAd/3s/7s:-300,300(-160.211348)
103:BR,Player:0r130c/cr299c/r1058f:2c7c,6s8h|/3s3d6d/4d:529,-529(529.000000)
104:Player,BR:0cc/cc/cc/r200r19700f:3cQc,6cQd|/2d8cJh/Ks/Qh:-300,300(-300.000000)
105:BR,Player:0r200c/cr600c/cc/r19100f:7sKd,3h4s|/6dJdAd/Th/4c:900,-900(900.000000)
106:Player,BR:0cc/cc/cr200c/cr19700f:2c4s,3dKc|/2h4cTh/5s/Qh:-300,300(-300.000000)
107:BR,Player:0r130c/cc/r460c/r19310f:7sAd,7cAc|/4h8dAh/Kd/Qs:690,-690(690.000000)
108:Player,BR:0cc/cc/cr200c/cr600f:5sQh,JhJc|/3h5cTc/Ac/Js:-300,300(-300.000000)
109:BR,Player:0r200c/cc/r19700f:6c8c,KhKc|/2d7sAs/5c:300,-300(300.000000)
110:Player,BR:0cr300c/r520c/cc/cr1840f:TdAd,5dKh|/7cJhQd/Th/6h:-920,920(-920.000000)
111:BR,Player:0cc/cc/cc/r200f:2d4s,5dTs|/5s7sJh/9c/4d:100,-100(100.000000)
112:Player,BR:0cc/cc/cc/cc:3d8s,5d8d|/9sJdQd/8h/Qh:0,-0(-16.379356)
113:BR,Player:0r200c/cc/cc/r19700f:3c9c,2c5c|/6cTdAh/Qc/6d:300,-300(300.000000)
114:Player,BR:0cr200c/r390c/cc/r1380r17930f:9dAd,2hAc|/3dTdTc/6c/Qs:-2070,2070(-2070.000000)
115:BR,Player:0r130c/cr299c/cr1058f:3c6d,8hQh|/9hTcKc/2h:-529,529(-529.000000)
116:Player,BR:0cc/cc/cr200f:2s4c,TcQc|/6h8cJc/Js:-100,100(-100.000000)
117:BR,Player:0r130c/cc/r460f:QhKc,5d8c|/3d9cJh/Kd:230,-230(230.000000)
118:Player,BR:0cc/cc/cr200c/cc:4cQs,5sTc|/2d4h8s/Js/8c:300,-300(300.000000)
119:BR,Player:0r130c/cr460c/cr1380r4140f:2d6s,KsAc|/6d9hAh/Jc:2070,-2070(2070.000000)
120:Player,BR:0cr300c/r800c/cr2400f:2cTc,9sQh|/2s5c7s/5s:-1200,1200(-1200.000000)
121:BR,Player:0r130c/cr299c/cc/r19471f:TdAd,KsAc|/2h4c5h/7s/2d:529,-529(529.000000)
122:Player,BR:0cc/cc/cr200f:4sAd,QsAc|/5cJdJc/Tc:-100,100(-100.000000)
123:BR,Player:0r130c/cc/r460f:6h6c,3hQd|/5sTdKs/Kd:230,-230(230.000000)
124:Player,BR:0cc/cc/cr19900f:6sJc,2d8d|/7d9sAs/Ad:-100,100(-100.000000)
125:BR,Player:0r130c/cc/r460f:6c8h,3cKs|/2d8sQd/5d:230,-230(230.000000)
126:Player,BR:0cr300c/cc/cr800c/cc:9sQs,2sKs|/TsQcKh/6h/7d:-1200,1200(-771.979704)
127:BR,Player:0r130c/cc/r19770f:TdJh,4dAd|/2h2dJs/Ac:230,-230(230.000000)
128:Player,BR:0cr300c/r1200c/r320r3840f:JcQc,2cTc|/7s8c9c/8d:-1920,1920(-1920.000000)
129:BR,Player:0r130c/cr299c/cc/r1058f:3c7h,9cJs|/5c8cAs/2h/4d:529,-529(529.000000)
130:Player,BR:0cr300c/cc/r520r1840f:7d9d,3sKs|/2h3dKd/Ac:-920,920(-920.000000)
131:BR,Player:0r200c/cc/cr150r900f:7dJc,5h8s|/3s3c7s/Ac:450,-450(450.000000)
132:Player,BR:0cr300c/r520c/cr1840f:2dQd,3c7d|/8c9hJd/5h:-920,920(-920.000000)
133:BR,Player:0cc/cr200c/cc/r19700f:3s5c,7sKh|/2d7dKd/4d/Td:300,-300(300.000000)
134:Player,BR:0cc/cc/cr200f:2h5c,3hQs|/4c7cQh/9c:-100,100(-100.000000)
135:BR,Player:0cc/cr200c/cc/r19700f:9cKh,4d8c|/2h3dAd/6h/Ah:300,-300(300.000000)
136:Player,BR:0cr300c/r520c/cr1840f:8h9s,2hQc|/4s5hQh/Ts:-920,920(-920.000000)
137:BR,Player:0r130c/cc/cc/r460c:8dAs,6d7d|/2s7cKc/3d/Ks:-690,690(-85.201563)
138:Player,BR:0cr300c/r800c/r600r3600f:5s7c,JhQh|/4s8cTd/8s:-1800,1800(-1800.000000)
139:BR,Player:0r300c/cc/r800f:2c9s,5sTd|/7sTcQs/Jh:400,-400(400.000000)
140:Player,BR:0cr200c/cc/r390c/r138r1656f:5h5d,2h8s|/2d3cJc/4s/Tc:-828,828(-828.000000)
141:BR,Player:0r130c/cc/r19770f:5c6d,7c8d|/5h6h8c/Kh:230,-230(230.000000)
142:Player,BR:0cr300c/cc/cr800f:2s5s,9sAs|/4d7cJh/9c:-400,400(-400.000000)
143:BR,Player:0r130c/cc/r460f:4h8d,6c7s|/9hTsTh/9d:230,-230(230.000000)
144:Player,BR:0cr600c/r4200c/cr15100c/cc:TcKc,7sJc|/2s9dKd/2d/8h:20000,-20000(20000.000000)
145:BR,Player:0cc/cr300c/cc/cc:4cKc,8c9d|/6hTdJc/3d/Ad:400,-400(400.000000)
146:Player,BR:0cr200c/cc/cr600r2700c/cc:7cAc,JhAh|/3h4c9c/6d/2d:-3600,3600(588.168332)
147:BR,Player:0r200c/cc/r600f:JcQd,5h9c|/3d7dTh/2h:300,-300(300.000000)
148:Player,BR:0cr300c/cc/r520c/r184r2208f:TdTc,3c6d|/2c8cKh/6c/8d:-1104,1104(-1104.000000)
149:BR,Player:0cc/cc/cc/r19900f:5sQs,QdKh|/6h7hJd/5h/Td:100,-100(100.000000)
150:Player,BR:0cc/cc/cc/cr19900f:3cJs,3d8h|/5cThAs/Td/Ks:-100,100(-100.000000)
151:BR,Player:0r200c/cc/r600f:3sAs,2d2c|/3dKhAc/4s:300,-300(300.000000)
152:Player,BR:0cr600c/cc/cc/r1400c:4s7c,2h8c|/6sJdQs/9d/Ah:-2100,2100(-930.041337)
153:BR,Player:0r130c/cc/r19770f:3s6c,5cTs|/5s9dAc/Ad:230,-230(230.000000)
154:Player,BR:0cr300c/cc/r1200r3200r6240f:6dKd,8h9s|/7dTdKc/Ks:4800,-4800(4800.000000)
155:BR,Player:0cc/cr130c/cc/r19770f:8h9d,4d9h|/7cThQs/3c/Ks:230,-230(230.000000)
156:Player,BR:0cc/cc/cr200c/cc:9sQd,4h5s|/7c8sTc/7s/7h:300,-300(300.000000)
157:BR,Player:0f:4h6h,2c6d|:50,-50(50.000000)
158:Player,BR:0cc/cc/cr200f:8dKs,6cTs|/4c5c9s/Tc:-100,100(-100.000000)
159:BR,Player:0r130c/cr460c/cc/cr897f:8h8d,7cKh|/3d4s7d/2d/7s:-690,690(-690.000000)
160:Player,BR:0cr300c/cc/r200r1200c/r360r4320f:9cKc,4dQs|/2s3h5c/6c/Jh:-2160,2160(-2160.000000)
161:BR,Player:0r300c/cc/cc/r19600f:9cQd,8cKd|/4s5s5c/Ac/5h:400,-400(400.000000)
162:Player,BR:0cc/cc/cc/r130r19770f:7dJs,4dAh|/2h3dTc/2c/Jc:-230,230(-230.000000)
163:BR,Player:0cc/cr130c/r19770f:4hKh,2dAh|/2s8sKc/4d:230,-230(230.000000)
164:Player,BR:0cc/cc/cc/r130r19770f:6sTd,2dKs|/3s3d8h/4c/4h:-230,230(-230.000000)
165:BR,Player:0r130c/cc/r460f:JsKh,6cAc|/3h9dJd/6d:230,-230(230.000000)
166:Player,BR:0cr300c/cc/r200r1200f:9dTs,6dQd|/5s5cJc/2s:-600,600(-600.000000)
167:BR,Player:0r200c/cc/cc/r19700f:7c8s,8cAc|/5cTsQh/Jc/2s:300,-300(300.000000)
168:Player,BR:0cc/cc/cr200f:JdQc,5s9h|/4s6h6d/2s:-100,100(-100.000000)
169:BR,Player:0r200c/cr600c/r1800c/r17300f:7sJh,5s7d|/5d8d9s/2c/Ah:2700,-2700(2700.000000)
170:Player,BR:0cr300c/cc/cc/cr19600f:3s3c,4hAs|/4sQdKh/7c/6c:-400,400(-400.000000)
171:BR,Player:0r200c/cc/cc/cr600r19100f:6s9s,6h8h|/3dQcKd/Qs/Js:900,-900(900.000000)
172:Player,BR:0cc/cc/cc/cr200f:4cJs,4s4h|/6c8dKc/Qh/2d:-100,100(-100.000000)
173:BR,Player:0r130c/cc/r19770f:3d6h,JsQh|/QsKcAc/6d:230,-230(230.000000)
174:Player,BR:0cr300c/cc/cr800f:8sQs,9sAh|/3s9hKh/Ad:-400,400(-400.000000)
175:BR,Player:0r130c/cc/cr115c/cc:9cAh,2hQh|/3s8dQc/8s/Ks:-345,345(-17.455007)
176:Player,BR:0cc/cc/cc/r130r19770f:2c6s,3d6h|/3sQdKh/8h/9c:-230,230(-230.000000)
177:BR,Player:0r200c/cr390c/cr897r3174f:TcQs,7dTh|/3s8dAh/4d:1587,-1587(1587.000000)
178:Player,BR:0cc/cc/r130c/r299f:4c7h,2cQs|/2d7cAs/5h/4s:230,-230(230.000000)
179:BR,Player:0r130c/cc/cr115r19655f:5s6c,8dAh|/8s9hKc/5d:345,-345(345.000000)
180:Player,BR:0cc/cc/r130c/r115r690f:9dTh,8sTs|/3c9hQd/4s/Kd:-345,345(-345.000000)
181:BR,Player:0cc/cr300c/cr800r18800f:2h5h,TdKc|/3c7cKs/8d:1200,-1200(1200.000000)
182:Player,BR:0cc/cc/cr200r900r2400f:3d6c,2d5c|/4h7dAd/3c:-1200,1200(-1200.000000)
183:BR,Player:0r200c/cc/r19700f:7cKd,3cKs|/7s7hJc/9c:300,-300(300.000000)
184:Player,BR:0cc/cc/cc/cc:7dJh,9sAh|/3d5dQh/8h/8s:-100,100(-30.920271)
185:BR,Player:0r200c/cc/cc/cc:2h4d,2sAc|/7d8dTd/8h/3c:-300,300(-300.000000)
186:Player,BR:0cc/cc/cr19900f:6h7d,3d6c|/9dQsAd/7s:-100,100(-100.000000)
187:BR,Player:0r130c/cr299c/cr687f:4cQh,6cQc|/6s6dKd/5c:-529,529(-529.000000)
188:Player,BR:0cr200c/cc/cr600f:6d9s,2c8h|/TcQdQc/Qs:-300,300(-300.000000)
189:BR,Player:0r130c/cc/cr115r19655f:5s6h,5h7h|/5d8cAh/2h:345,-345(345.000000)
190:Player,BR:0cr200c/cc/r150c/cc:3sTs,6h8d|/3hQcKd/2c/9s:450,-450(328.553015)
191:BR,Player:0r130c/cc/cc/r19770f:2cTs,7cQc|/6cKhKd/5h/9s:230,-230(230.000000)
192:Player,BR:0cc/cc/cc/r130r19770f:5hQs,2sTc|/2h3c8d/Jd/7c:-230,230(-230.000000)
193:BR,Player:0r130c/cr460c/cc/r1380f:2dAd,8h9d|/3c4h8d/Th/Ks:690,-690(690.000000)
194:Player,BR:0cr600c/r910c/r805r4830f:8c9c,3s9s|/TsThTc/8s:-2415,2415(-2415.000000)
195:BR,Player:0cc/cr130c/cc/cc:2sQh,4s8c|/5dKhKc/Jd/Js:230,-230(151.544935)
196:Player,BR:0cc/cc/r130c/r299r19471f:4hKd,5dQd|/JhQhAh/Ts/8c:-529,529(-529.000000)
197:BR,Player:0r200c/cc/r600c/r19100f:8sTd,7d9c|/6s6hJd/5h/4s:900,-900(900.000000)
198:Player,BR:0cc/cc/cr200c/cr19700f:5dTd,3h6h|/9hJsJc/5h/Ks:-300,300(-300.000000)
199:BR,Player:0r130c/cr299c/cc/r19471f:4d6s,3d5d|/4c8dTh/3s/Tc:529,-529(529.000000)
200:Player,BR:0cc/cc/cc/cc:6sAc,9sAh|/3s3cJh/Td/Kd:0,-0(-28.130533)
201:BR,Player:0r130c/cc/r460c/r1380c:3s8h,9s9c|/8sJcAd/8c/Qs:2070,-2070(1502.573641)
202:Player,BR:0cr300c/cc/r800c/r2400r16400f:6dKd,7c9s|/2d8cKs/6h/7h:-3600,3600(-3600.000000)
203:BR,Player:0f:7dQc,2d4h|:50,-50(50.000000)
204:Player,BR:0cc/cc/r130r460f:7sJc,6hKc|/8sTcKh/3c:-230,230(-230.000000)
205:BR,Player:0r130c/cr299c/r1058f:KcAc,5d8s|/3c6sKh/Th:529,-529(529.000000)
206:Player,BR:0cr300c/cc/cr800f:2c3c,3dTd|/6d6cJd/7d:-400,400(-400.000000)
207:BR,Player:0r130c/cr460c/r1380f:4cJd,6d9d|/2h8hAd/3h:690,-690(690.000000)
208:Player,BR:0cr200c/cc/cr600c/r180r2160f:6hKs,9sKd|/5d9cKc/6c/9d:-1080,1080(-1080.000000)
209:BR,Player:0r130c/cc/r460c/r1380f:7hJh,6c7d|/3c6hTd/2c/Ks:690,-690(690.000000)
210:Player,BR:0cc/cc/cr200f:8dKh,7hQs|/3c7s9s/4c:-100,100(-100.000000)
211:BR,Player:0r200c/cr390c/cc/cr1380r17930f:6cAh,2h5h|/2d4d8c/8d/2c:2070,-2070(2070.000000)
212:Player,BR:0cc/cc/cr200f:2cKh,7c8s|/6h8c9h/9d:-100,100(-100.000000)
213:BR,Player:0r200c/cc/cr390r19310c/cc:3s9c,8cTc|/7hKsKc/Jc/Th:-20000,20000(-20000.000000)
214:Player,BR:0cc/cc/cc/r130c:5d8c,6hQc|/9dTsTd/2c/6s:-230,230(-73.506141)
215:BR,Player:0r130c/cr690c/cc/cr460r18620f:4sJd,6dAs|/7h8dQc/Ac/Td:1380,-1380(1380.000000)
216:Player,BR:0cc/cc/cr200f:3sJc,2d6c|/7s8sKs/5c:-100,100(-100.000000)
217:BR,Player:0r130c/cc/cr115c/cr690r18965f:6d9h,3sAs|/2c5c9s/Ac/Ks:1035,-1035(1035.000000)
218:Player,BR:0cc/cc/cr200f:3d9h,9sJs|/5c7h8c/As:-100,100(-100.000000)
219:BR,Player:0r300c/cc/r19600f:JsQd,7s7d|/6d8c9s/8s:400,-400(400.000000)
220:Player,BR:0cc/cc/cr200r390c/r138r1656f:4hQc,8cJd|/5sJsQd/4d/5h:-828,828(-828.000000)
221:BR,Player:0r200c/cc/r600r2700f:TdQc,5s5h|/QdAsAh/5d:-900,900(-900.000000)
222:Player,BR:0cc/r300c/r520f:3h7c,6d6c|/3s3c7d/4c:400,-400(400.000000)
223:BR,Player:0r130c/cc/r19770f:2cQd,5hAh|/7h8cQc/Ts:230,-230(230.000000)
224:Player,BR:0cr200c/r390c/r897r3174f:8sTs,3d4d|/4h4cJs/As:-1587,1587(-1587.000000)
225:BR,Player:0r200c/cc/cr390f:6h8c,QsAh|/4s8sAs/9c:-300,300(-300.000000)
226:Player,BR:0cc/cc/cr200c/cr19700f:8sKh,3c7c|/2dJhJc/3h/Th:-300,300(-300.000000)
227:BR,Player:0r130c/cr460c/cr897f:8cAc,AhAd|/3h9cJs/7h:-690,690(-690.000000)
228:Player,BR:0cr300c/cc/cc/r200r1200f:7c9d,8sQc|/2h5sKd/4h/7h:-600,600(-600.000000)
229:BR,Player:0r130c/cc/r19770f:9s9h,5c6h|/8h9dAc/6c:230,-230(230.000000)
230:Player,BR:0cr130c/cc/r115f:7cAc,6sTc|/5h8s8c/Jd:230,-230(230.000000)
231:BR,Player:0r130c/cr299c/cr1058f:2s2c,4h8c|/3h9sTh/Jc:-529,529(-529.000000)
232:Player,BR:0cr130c/r299c/r1058c/r2063r7300f:TcJc,8cKs|/ThJsAd/2s/9h:-3650,3650(-3650.000000)
233:BR,Player:0r300c/cc/r19600f:2c5c,KdAd|/2h7sJc/4c:400,-400(400.000000)
234:Player,BR:0cr300c/cc/cr19600f:5cAs,4h9c|/4c8s9h/3d:-400,400(-400.000000)
235:BR,Player:0r130c/cr299c/cr1058r18413c/cc:JdAd,2s2c|/JsQsQh/9s/8c:20000,-20000(2394.010147)
236:Player,BR:0cc/cc/cr200f:3cAs,JhQs|/6dTcKc/Js:-100,100(-100.000000)
237:BR,Player:0r200c/cc/cc/cr390r1380c:2c5s,9hAc|/2d3c4c/Td/5h:-2070,2070(-2070.000000)
238:Player,BR:0cc/r130c/cc/cr460r8280f:2d3h,QsAs|/2h3d6s/Ts/2s:690,-690(690.000000)
239:BR,Player:0r130c/cr299c/cc/cc:8dJs,QdKh|/5h9hQs/8s/Ah:-529,529(-154.273504)
240:Player,BR:0cr300c/cc/cr19600f:3s5h,7dQd|/6s6dKh/9c:-400,400(-400.000000)
241:BR,Player:0r130c/cc/cc/cr299c:TcAs,5c8d|/2d4c5d/Jd/4d:-529,529(-212.258958)
242:Player,BR:0cc/cc/cc/cc:2hAh,3h5s|/4c5d9d/Jd/7d:-100,100(29.774928)
243:BR,Player:0r130c/cc/r460f:5c6h,7hAs|/3s6dJd/Qh:230,-230(230.000000)
244:Player,BR:0cr200c/cc/cr600f:4cAc,TsAs|/3dQdKh/Jd:-300,300(-300.000000)
245:BR,Player:0r130c/cc/r460f:4dAs,2s3s|/6cQsAd/Jh:230,-230(230.000000)
246:Player,BR:0cc/cc/cr200f:2hAc,3c5h|/4dJhKs/Jd:-100,100(-100.000000)
247:BR,Player:0f:3sTc,2h6c|:50,-50(50.000000)
248:Player,BR:0cr200c/r390c/r345c/r1345f:JhJd,3cQc|/5h6cTh/Td/3s:1035,-1035(1035.000000)
249:BR,Player:0r130c/cc/r460c/cr897f:3dTd,8hQs|/6sJdAc/9c/Jc:-690,690(-690.000000)
250:Player,BR:0cc/cc/cr200f:5d7s,5h6d|/7h8sQc/Jh:-100,100(-100.000000)
251:BR,Player:0r130c/cr299c/r1058f:8c9d,2hQh|/4s5sKd/6c:529,-529(529.000000)
252:Player,BR:0cc/cc/cr200c/cr600f:4cQd,2hAs|/2d3d6s/2c/Js:-300,300(-300.000000)
253:BR,Player:0r130c/cr299c/cr687r2432c/r7296c:5dTs,7sTc|/8s9hKd/Jd/6c:-10944,10944(-10944.000000)
254:Player,BR:0cr300c/cc/cr800c/cc:2s2h,6d7h|/4h8hAh/9h/As:-1200,1200(-446.888677)
255:BR,Player:0r200c/cc/r600f:3hJs,9d9c|/4cJcKd/6s:300,-300(300.000000)
256:Player,BR:0cc/cc/r300f:7c9d,5dTc|/2h8dKc/Jd:100,-100(100.000000)
257:BR,Player:0r130c/cr460c/r1380r2691f:QsQd,JhJd|/3c5d7h/8c:-2070,2070(-2070.000000)
258:Player,BR:0cc/cc/cr200f:6cJd,8dTs|/2h2c8h/7h:-100,100(-100.000000)
259:BR,Player:0r130c/cc/cc/r19770f:2d4s,7sKh|/7c8d9d/4c/Ah:230,-230(230.000000)
260:Player,BR:0cr600c/r910c/r4830f:TsTh,5dAc|/4d8hTc/Jh:1610,-1610(1610.000000)
261:BR,Player:0r200c/cr390c/cc/cc:5h7s,6c8s|/ThJcKs/3c/7d:690,-690(495.093421)
262:Player,BR:0cc/cc/cc/cc:7dJd,3cQc|/2s8h8d/Ah/6s:-100,100(12.458856)
263:BR,Player:0f:4hKh,2c8d|:50,-50(50.000000)
264:Player,BR:0cc/cc/cr19900c/cc:2dTc,9sQs|/9h9dTd/9c/3d:-20000,20000(-20000.000000)
265:BR,Player:0r130c/cr299c/r19471f:ThKd,5h8h|/3sTdKh/2s:529,-529(529.000000)
266:Player,BR:0cc/cc/cr200c/cc:QdKs,JdKc|/7sAsAc/6h/3d:300,-300(15.890980)
267:BR,Player:0f:2dJs,3dTs|:50,-50(50.000000)
268:Player,BR:0cc/cc/cc/r130f:5s6d,5cQd|/2d6c9s/2s/7h:100,-100(100.000000)
269:BR,Player:0cc/cr130c/cc/r460f:6s8h,2hJc|/4h8cAd/7d/8s:230,-230(230.000000)
270:Player,BR:0cc/cc/cc/cc:5hAd,4h8s|/4s6dQd/Jd/9d:100,-100(44.050875)
271:BR,Player:0r200c/cc/r600c/cr450r18650f:TsKs,7dAc|/TdKcAd/9d/2d:1350,-1350(1350.000000)
272:Player,BR:0cr130c/cc/r115f:8dTd,5d9c|/3h7cKh/3c:230,-230(230.000000)
273:BR,Player:0r130c/cc/r19770f:3d8d,8hAh|/9s9dJs/2d:230,-230(230.000000)
274:Player,BR:0cc/cc/r300r19600f:8cTd,4h4c|/3d4sQh/9h:-400,400(-400.000000)
275:BR,Player:0r130c/cc/r460f:2hKh,8cJc|/3hKcAs/7s:230,-230(230.000000)
276:Player,BR:0cc/cc/r300c/cc:3s4h,6s6d|/2sJsAh/Qd/8d:-400,400(-19.839624)
277:BR,Player:0r200c/cr600c/r19100f:5cJh,3dJd|/4d5d6s/7s:900,-900(900.000000)
278:Player,BR:0cc/cc/cc/cc:2cAs,6cKs|/3h3cQd/4c/8s:100,-100(14.645623)
279:BR,Player:0r130c/cr299c/r1058r2063c/cr16350f:5d9c,5sAc|/6d7hKs/8s/2d:-3650,3650(-3650.000000)
280:Player,BR:0cr300c/cc/r1200c/cc:TdAs,2d7s|/3s7hJh/Qs/4h:-1600,1600(-1488.924105)
281:BR,Player:0r200c/cr390c/cc/cc:6sAc,TcQs|/2h5sJs/4s/8h:690,-690(-147.400743)
282:Player,BR:0cc/cc/r200c/r390r19310f:8hJc,3dAh|/2cTcKh/9s/Qh:-690,690(-690.000000)
283:BR,Player:0r130c/cc/r19770f:2hTs,8sQd|/TdQhKh/As:230,-230(230.000000)
284:Player,BR:0cc/cc/r130c/r299f:3cAh,8s8d|/TsThKc/3h/3d:230,-230(230.000000)
285:BR,Player:0r200c/cr390c/cc/r1380f:5sTs,3s4s|/3d8hKc/Jh/As:690,-690(690.000000)
286:Player,BR:0cr130c/r299c/r1058r3174f:TsKd,7dQh|/3d7cKs/Qc:-1587,1587(-1587.000000)
287:BR,Player:0r130c/cr690c/cr184r18896f:4s6h,8sKs|/7s8c9s/9d:1104,-1104(1104.000000)
288:Player,BR:0cr300c/cc/r200c/cc:5c7d,3d9h|/2cThKd/8d/9c:-600,600(-395.979632)
289:BR,Player:0r130c/cr299c/cc/r1058f:5cQh,6dJh|/7sThTc/2s/Kd:529,-529(529.000000)
290:Player,BR:0cr300c/cc/r200c/r1200f:7sJd,5dJh|/3d8hJs/Kh/7c:600,-600(600.000000)
291:BR,Player:0r130c/cc/cc/cc:2d9d,3sQc|/2h5cAh/5h/Jc:230,-230(204.044750)
292:Player,BR:0cc/cc/cc/cc:5c6h,5d9c|/3s9hJh/3c/Qh:-100,100(-47.247112)
293:BR,Player:0r130c/cr299c/cc/r1058r3174f:3c4h,2cAd|/7dQsAh/Jh/2h:-1587,1587(-1587.000000)
294:Player,BR:0cc/cc/cr19900f:6sAh,3h7s|/3d3c5s/7h:-100,100(-100.000000)
295:BR,Player:0r130c/cr299c/r1058f:3cAd,8cQh|/2s5sTc/As:529,-529(529.000000)
296:Player,BR:0cr200c/cc/cr600c/cr1800r17300f:TsKs,6dTh|/3c5sJs/2c/9s:2700,-2700(2700.000000)
297:BR,Player:0r130c/cr460c/r1380f:4d5d,9dQd|/2s6d7h/As:690,-690(690.000000)
298:Player,BR:0cr600c/r910c/r322c/cc:ThAs,2c7s|/9cQdAd/5h/Jh:1932,-1932(1932.000000)
299:BR,Player:0r130c/cc/r460c/cr138c:8cAs,5sKh|/2s2cKs/Js/Ah:828,-828(828.000000)
300:Player,BR:0cc/cc/cr200c/cr600r1170f:2c7c,3sQs|/7d8sQc/Kc/9c:900,-900(900.000000)
301:BR,Player:0r130c/cr299c/cc/r19471f:4sAh,7cKh|/5s7dQc/9h/3c:529,-529(529.000000)
302:Player,BR:0cc/cc/cr200f:4sAc,3s6c|/2s2dTd/Jd:-100,100(-100.000000)
303:BR,Player:0r130c/cc/cc/cc:6s9h,5sAc|/8c9sJh/Td/As:-230,230(-52.434574)
304:Player,BR:0cr130c/cc/cc/cc:2c3c,ThQd|/3h9dAs/Ks/7d:230,-230(221.557524)
305:BR,Player:0r130c/cc/cr299f:3d5c,7sJh|/5h6h9h/Js:-230,230(-230.000000)
306:Player,BR:0cc/cc/r130r460c/cr19310f:2h6c,8s9d|/3d5d6s/5c/7c:-690,690(-690.000000)
307:BR,Player:0r130c/cr299c/r1058f:8dQc,7c8s|/4c9cQs/Th:529,-529(529.000000)
308:Player,BR:0cc/cc/cc/cc:4dKh,4sAc|/3c7cTd/7s/8h:-100,100(-32.290862)
309:BR,Player:0r130c/cc/r19770f:2s2h,9dKh|/5c7sQs/2c:230,-230(230.000000)
310:Player,BR:0cr600c/r4200c/r9800f:QcAc,3s8s|/4s8hAd/9d:4900,-4900(4900.000000)
311:BR,Player:0cc/cc/r19900f:6d7c,2sKh|/4hTcQs/As:100,-100(100.000000)
312:Player,BR:0cr130c/cc/r299r1058f:TsTh,3dAh|/3s4d8c/Ad:-529,529(-529.000000)
313:BR,Player:0r300c/cc/r19600f:5sAs,8hJh|/7s8sKs/4s:400,-400(400.000000)
314:Player,BR:0cr300c/r520c/cr19080f:5cQc,6c7s|/8d9cJd/4s:-920,920(-920.000000)
315:BR,Player:0r200c/cr390c/cc/cr897r18413f:8sJd,5d9h|/8c9s9c/6s/Ks:1587,-1587(1587.000000)
316:Player,BR:0cc/cc/r130c/r299c:TsJd,3sAh|/3c6c7d/8s/Kd:-529,529(-79.042188)
317:BR,Player:0r200c/cc/cc/cr600r19100f:8sKd,ThQc|/5c8cAd/7d/6d:900,-900(900.000000)
318:Player,BR:0cr200c/r900c/r1560r17240f:ThAd,8cQc|/5h6dTs/9d:-2760,2760(-2760.000000)
319:BR,Player:0r130c/cr460c/r1380c/r17930f:8hJd,4h4d|/2c3dTh/Ah/Jc:2070,-2070(2070.000000)
320:Player,BR:0cc/cc/cr19900f:5dTs,7cQc|/3s6cKc/8c:-100,100(-100.000000)
321:BR,Player:0r200c/cr600c/r1800f:TsTc,6sTh|/3d5s9c/Ad:900,-900(900.000000)
322:Player,BR:0cc/cc/r130r19770f:9dTc,7cQd|/4s8dJs/5d:-230,230(-230.000000)
323:BR,Player:0r130c/cc/r19770f:3d4h,3hJc|/2d2c5c/Td:230,-230(230.000000)
324:Player,BR:0cc/cc/cr200f:2h7s,6dTs|/2s8sKc/5h:-100,100(-100.000000)
325:BR,Player:0f:3h6c,3c9h|:50,-50(50.000000)
326:Player,BR:0cc/cc/cr200r390f:4dAc,4sKc|/3d5h9h/2d:300,-300(300.000000)
327:BR,Player:0r200c/cr600c/cr1170r17930f:4hJd,8c9c|/5cThJc/Ad:2070,-2070(2070.000000)
328:Player,BR:0cc/cc/r200r600f:2dTh,4h8h|/3s9dJs/Kh:-300,300(-300.000000)
329:BR,Player:0r130c/cr299c/cc/r19471f:2hJs,4cJd|/5dThKs/6s/Qs:529,-529(529.000000)
330:Player,BR:0cr600c/cc/r1400r4200f:2d4c,4d9c|/2h3s8s/5s:-2100,2100(-2100.000000)
331:BR,Player:0cc/cc/cr130r460f:4dAd,7sAc|/2h5cKh/Kd:230,-230(230.000000)
332:Player,BR:0cc/cc/cc/cr200f:3c7h,5d8c|/5sTsQs/3s/8s:-100,100(-100.000000)
333:BR,Player:0cc/cc/r200c/r600f:4cTh,3h6s|/4hTdAc/2h/3c:300,-300(300.000000)
334:Player,BR:0cr300c/r520c/r460r2760f:7hKc,8h9s|/6hThTc/9d:-1380,1380(-1380.000000)
335:BR,Player:0r200c/cr390c/r1380c/cr2691c:3c4d,4s6d|/3s6h9d/4c/Kd:-4761,4761(-150.741583)
336:Player,BR:0cr200c/r390c/cc/r345r18965f:8h8c,7hKs|/4d6h6d/Ac/2h:-1035,1035(-1035.000000)
337:BR,Player:0r130c/cc/r460f:4d5s,JcAc|/3s7cTs/9d:230,-230(230.000000)
338:Player,BR:0cc/cc/cr200f:2h5s,5hTd|/7c8hJc/Jd:-100,100(-100.000000)
339:BR,Player:0r200c/cc/r600c/r19100f:5d6c,TsKc|/2cAsAd/Qh/Jc:900,-900(900.000000)
340:Player,BR:0cc/cc/r200r19700f:TsJh,5cAs|/2d4d9s/7h:-300,300(-300.000000)
341:BR,Player:0r130c/cr299c/cr687r2432c/cc:KcAc,JsQd|/2sTsJc/3d/9s:-3648,3648(-3648.000000)
342:Player,BR:0cr300c/cc/r200f:TdJs,7s9h|/2c3c5d/Tc:400,-400(400.000000)
343:BR,Player:0f:3dJd,3h9s|:50,-50(50.000000)
344:Player,BR:0cc/cc/cr200f:2s3h,4dJd|/5dThAc/6s:-100,100(-100.000000)
345:BR,Player:0r130c/cc/r460f:6c7d,9hKh|/2c7cTd/5c:230,-230(230.000000)
346:Player,BR:0cc/cc/r130r460f:3sJs,9dAc|/3c5sTc/Ah:-230,230(-230.000000)
347:BR,Player:0r130c/cr299c/r1058c/cr2063c:JsJh,9cTd|/2s5d7c/6h/Kc:3650,-3650(-1223.870320)
348:Player,BR:0cc/cc/cr200f:4hQc,7h8d|/6dThTd/Js:-100,100(-100.000000)
349:BR,Player:0r200c/cc/r19700f:6c8h,5dKc|/4hJcQd/Qh:300,-300(300.000000)
350:Player,BR:0cc/cc/cc/cr200f:9cJd,4cTh|/5dKhAd/8h/7s:-100,100(-100.000000)
351:BR,Player:0r130c/cr299c/cc/cc:8sAs,3cJh|/2h3hKd/Qs/8d:529,-529(529.000000)
352:Player,BR:0cr300c/cc/r1200f:6sJs,4d5h|/2s8dQs/8h:400,-400(400.000000)
353:BR,Player:0r130c/cr1380c/r3220f:ThKc,6sQc|/4d5c9c/Kd:1610,-1610(1610.000000)
354:Player,BR:0cr200c/cc/r390c/r1380r17930f:9cTd,4dQh|/4c5s8d/Ks/2s:-2070,2070(-2070.000000)
355:BR,Player:0r130c/cc/r460f:6c8c,3h4d|/7d9sQs/9h:230,-230(230.000000)
356:Player,BR:0cr300c/cc/cc/cr800c:QhQc,3h4h|/6s7h9c/4s/3s:-1200,1200(-737.125927)
357:BR,Player:0r130c/cr299c/r1058f:8cQs,4d7d|/2d9hKh/As:529,-529(529.000000)
358:Player,BR:0cr300c/r520c/cr1840c/cr17240f:6sJs,2s3d|/4s7cAh/Jd/As:-2760,2760(-2760.000000)
359:BR,Player:0r130c/cr299c/cr1587r4232f:8sTh,TdQc|/4d8cJh/2s:2116,-2116(2116.000000)
360:Player,BR:0cc/cc/cc/cc:3d9s,7c8c|/2s2dJh/Kh/Jc:0,-0(49.533711)
361:BR,Player:0r130c/cc/cc/cr460r19310f:TcQh,5sJs|/3d6dAh/5h/Ac:690,-690(690.000000)
362:Player,BR:0cc/cc/cr200f:7hQd,5c7c|/2s9h9d/6s:-100,100(-100.000000)
363:BR,Player:0r130c/cr299c/r1058f:4h8h,5d9h|/6h6dTh/2d:529,-529(529.000000)
364:Player,BR:0cr300c/cc/cr800f:4s4h,JcAc|/6d8c9c/Qs:-400,400(-400.000000)
365:BR,Player:0r130c/cc/r460c/r19310f:ThJh,5d9d|/3d9hAs/8d/Qs:690,-690(690.000000)
366:Player,BR:0cc/cc/cr200f:2c5c,3c5h|/TdAdAc/Jh:-100,100(-100.000000)
367:BR,Player:0f:JdKs,2s5h|:50,-50(50.000000)
368:Player,BR:0cr200c/cc/r150r900c/cr18650f:8dKd,3dQd|/6hJsQc/8s/Ts:-1350,1350(-1350.000000)
369:BR,Player:0r130c/cr299c/r19471c/cc:QsQc,8sTc|/4s8cQh/8h/Js:20000,-20000(19351.163384)
370:Player,BR:0cc/cc/cr200f:4hAs,TdQs|/2d6sTs/7c:-100,100(-100.000000)
371:BR,Player:0r130c/cr299c/cr1587r4232f:5cAh,3d6d|/4h7cTs/Qc:2116,-2116(2116.000000)
372:Player,BR:0cc/cc/cr200f:6dJd,KsKh|/3hAhAd/2s:-100,100(-100.000000)
373:BR,Player:0r130c/cr299c/cr1058c/cr2063f:8sTd,QsQc|/4c8d9c/Qd/Ah:-1587,1587(-1587.000000)
374:Player,BR:0cc/cc/cr200f:4dKc,5h9d|/3c6d7s/Td:-100,100(-100.000000)
375:BR,Player:0r130c/cr299c/cc/r19471f:4d7c,9sJs|/6dJcAc/Kc/2h:529,-529(529.000000)
376:Player,BR:0cc/cc/cr200c/r150r900f:5d9h,5hTc|/5c6hQh/7h/9c:-450,450(-450.000000)
377:BR,Player:0r130c/cr299c/cr687c/cc:4cKs,4s6h|/2d9s9h/9d/Ad:1216,-1216(422.406894)
378:Player,BR:0cc/cc/cr200f:2s5h,4sKs|/6c9hKc/Ts:-100,100(-100.000000)
379:BR,Player:0r200c/cr390c/cr1380f:3hJs,3sQd|/4d4c7d/8c:-690,690(-690.000000)
380:Player,BR:0cr300c/cc/cc/r200c:2sQs,3cJs|/ThQhKd/Ks/Ah:-600,600(-544.779787)
381:BR,Player:0f:3s4d,3d7c|:50,-50(50.000000)
382:Player,BR:0cc/cc/r300c/r520c:7h9s,JcQc|/8sTsJd/6h/Jh:920,-920(-313.044746)
383:BR,Player:0cc/cc/r19900f:4s7s,6s7d|/6dTdJh/Ks:100,-100(100.000000)
384:Player,BR:0cc/cc/cr200c/cr600c:6dQc,9hQd|/3cJhQs/Jc/5s:-900,900(-459.131666)
385:BR,Player:0cc/cr300c/cc/cr520f:8h8c,9cTs|/9sTdAc/7c/Ad:-400,400(-400.000000)
386:Player,BR:0cr300c/cc/cr800c/cr2400f:JdJc,2s4s|/8d8cQc/6c/6h:-1200,1200(-1200.000000)
387:BR,Player:0r130c/cr460c/cr1380f:3s9h,4c6h|/3c7cKh/5h:-690,690(-690.000000)
388:Player,BR:0cc/cc/cr19900f:2dJc,4c5c|/JdQcKs/Tc:-100,100(-100.000000)
389:BR,Player:0r200c/cc/cc/r600c:7s8d,9dTh|/TsQsKs/Kd/8s:900,-900(827.585139)
390:Player,BR:0cc/cc/r130c/r299r19471f:4dKc,6cTc|/3hAhAc/Kh/Qc:-529,529(-529.000000)
391:BR,Player:0cc/cc/cc/cc:4s8d,3cTd|/6dQcKh/8h/Qh:100,-100(100.000000)
392:Player,BR:0cc/cc/r130c/cc:6cQs,4s9c|/4d5d8c/Qh/Ks:230,-230(26.407276)
393:BR,Player:0cc/cc/r200c/r19700f:3h5c,9hKs|/2h9sAc/8d/2s:300,-300(300.000000)
394:Player,BR:0cc/cc/cc/cr200f:5dKh,5sQc|/6s7dAh/Ts/6c:-100,100(-100.000000)
395:BR,Player:0r130c/cr460c/r1380f:2s9h,9sQh|/4c6c8s/5d:690,-690(690.000000)
396:Player,BR:0cc/cc/cr200c/cr600c:4dJd,6sAh|/2d9sAd/As/Jc:-900,900(-900.000000)
397:BR,Player:0r130c/cr299c/cr1058c/cr2063r16350f:9cKh,2cQc|/2h3sQd/Ad/Tc:3650,-3650(3650.000000)
398:Player,BR:0cc/cc/cr200f:5hJs,5s8d|/7s8cAd/9c:-100,100(-100.000000)
399:BR,Player:0r200c/cc/r600f:7sAd,7d7c|/9sKdAc/6h:300,-300(300.000000)
400:Player,BR:0cc/cc/r130r460f:4h7d,4dJc|/9sTcKs/8d:-230,230(-230.000000)
401:BR,Player:0r130c/cr299c/cc/r1058c:8hKd,8sKs|/5d9dTh/2s/Kc:0,-0(1145.518756)
402:Player,BR:0cc/cc/cr200f:2cTs,6dKc|/5c7c9h/As:-100,100(-100.000000)
403:BR,Player:0r130c/cr299c/cr1058f:7dJd,5c9c|/3cTdJs/Qs:-529,529(-529.000000)
404:Player,BR:0cc/cc/cr200c/cr600c:9hTc,KsKc|/5h7d9c/7h/Qc:-900,900(-900.000000)
405:BR,Player:0r130c/cr690c/cr1840r17240f:2hJs,KcAd|/2sThKs/7c:2760,-2760(2760.000000)
406:Player,BR:0cc/cc/cr200c/cc:8dAs,3d5d|/5s6sAd/2h/Kd:300,-300(54.833981)
407:BR,Player:0cc/cr130c/r460c/cr897c:3sJs,5hJh|/2d6cAs/5s/Jc:-1587,1587(475.244297)
408:Player,BR:0cr200c/cc/r600r19100f:8d9d,5h7s|/2h7cAs/Td:-900,900(-900.000000)
409:BR,Player:0r130c/cc/r460f:4c6h,8dKh|/3h5s6s/Ah:230,-230(230.000000)
410:Player,BR:0cc/cc/cc/cr200f:3dQs,9sAc|/4c7d8c/4d/As:-100,100(-100.000000)
411:BR,Player:0r200c/cc/r600f:5s9d,6sAd|/2s9hJc/5d:300,-300(300.000000)
412:Player,BR:0cr300c/cc/cr800r1560f:7cQs,4sQh|/5d6dTh/8h:1200,-1200(1200.000000)
413:BR,Player:0r130c/cc/cr299f:2sAd,KcAs|/6c9cJh/6s:-230,230(-230.000000)
414:Player,BR:0cc/cc/r300r800f:6d9h,4sAd|/4h5dQh/8h:-400,400(-400.000000)
415:BR,Player:0r130c/cr299c/cc/cc:3s3d,3hTh|/6hQhQc/7d/2s:529,-529(281.543955)
416:Player,BR:0cr200c/r390c/cr1380f:9dTd,5cKd|/2hJsAc/3c:-690,690(-690.000000)
417:BR,Player:0r130c/cr460c/cr1380f:2h7c,ThKd|/5d9sTc/3h:-690,690(-690.000000)
418:Player,BR:0cc/cc/r200f:4c6s,2c4h|/3d5c7s/Kc:100,-100(100.000000)
419:BR,Player:0f:3cAd,2d4h|:50,-50(50.000000)
420:Player,BR:0cr200c/cc/cr19700f:7dAc,2d9d|/5sQsKd/6d:-300,300(-300.000000)
421:BR,Player:0r130c/cc/r460c/r19310f:4hQs,3d6d|/3s4cQh/2h/4d:690,-690(690.000000)
422:Player,BR:0cr300c/cc/cc/r1200r18400f:4d5h,4sQc|/2cKsKd/9d/6c:-1600,1600(-1600.000000)
423:BR,Player:0r200c/cr390c/cc/r1380f:7s8s,3sJh|/3d9hQd/2c/Kc:690,-690(690.000000)
424:Player,BR:0cr130c/cc/r115r19655f:5c8d,2s2h|/6dTdAs/Kh:-345,345(-345.000000)
425:BR,Player:0r200c/cc/cr390r1380f:7hKd,6cJh|/5cJcAh/9h:690,-690(690.000000)
426:Player,BR:0cc/cc/cc/cc:3sAc,4hAd|/6hQhKh/8c/5s:0,-0(14.488536)
427:BR,Player:0r300c/cr1200c/cc/cc:2h6s,5dJc|/2cQcAs/6d/4c:1600,-1600(1600.000000)
428:Player,BR:0cc/cc/cr200f:2hAc,7cTs|/3h8cJs/8s:-100,100(-100.000000)
429:BR,Player:0f:TdTc,2d8s|:50,-50(50.000000)
430:Player,BR:0cr300c/r1200c/r4800c/r12800f:6s6h,TdAs|/6cQcKs/Ah/5c:6400,-6400(6400.000000)
431:BR,Player:0r130c/cr299c/r1058c/r3174f:2dJd,TcJh|/3d6dJs/7c/8d:1587,-1587(1587.000000)
432:Player,BR:0cr600c/cc/r1400c/r6300c:2s4d,6sTc|/3s7dKc/6c/9d:-8400,8400(-7360.910742)
433:BR,Player:0r130c/cc/cc/r19770f:9dKs,9cQc|/7hQsAc/Ah/7c:230,-230(230.000000)
434:Player,BR:0cr300c/r520c/cr19080f:7h9c,JhQs|/2cQhQc/Ah:-920,920(-920.000000)
435:BR,Player:0r200c/cr390c/r1380c/cr2691f:3d7c,TdTc|/3c8h8d/8c/9s:-2070,2070(-2070.000000)
436:Player,BR:0cr200c/r390c/cr1380f:4c6d,6hTs|/9sKcAs/Kd:-690,690(-690.000000)
437:BR,Player:0r130c/cr299c/r1058c/cc:4cAc,4hQc|/7c9dQd/Ah/8d:1587,-1587(867.738946)
438:Player,BR:0cc/cc/cc/cr200c:3sAh,5h8h|/5dQdAd/3h/4s:300,-300(-196.240639)
439:BR,Player:0cc/cr130c/r460r1380r17930c/cc:9dKh,2hKc|/3c5h9s/As/6s:20000,-20000(15234.433837)
440:Player,BR:0cc/cc/cr200f:4dKc,6sTc|/JsKsAh/Qc:-100,100(-100.000000)
441:BR,Player:0r130c/cr299c/cr687r2432f:9cQs,7hKs|/3s4d5d/6h:1216,-1216(1216.000000)
442:Player,BR:0cc/cc/cr200c/cr600c:9sJh,2dAc|/6dQhAd/Qs/7h:-900,900(-688.618230)
443:BR,Player:0r200c/cc/cc/r19700f:2dTh,8dAh|/5d9dKc/Qs/Kd:300,-300(300.000000)
444:Player,BR:0cc/cc/cr200c/cc:JcKh,2sAd|/4s4hJh/Ac/Ks:-300,300(-187.878215)
445:BR,Player:0r130c/cr460c/cr1380f:2s5h,8hJc|/6h7h8d/Js:-690,690(-690.000000)
446:Player,BR:0cr300c/r520c/cr19080f:TcAh,3s5s|/2d2cTh/6h:-920,920(-920.000000)
447:BR,Player:0f:2c7d,2hTs|:50,-50(50.000000)
448:Player,BR:0cr200c/r390c/cr1380c/cr4140f:6cAh,7cTh|/9sKhAs/Kc/6h:-2070,2070(-2070.000000)
449:BR,Player:0r130c/cc/cc/r19770f:2s2d,8dJd|/8sQcKs/3h/7s:230,-230(230.000000)
450:Player,BR:0cr300c/cc/r200c/cc:2sQs,9sAh|/2d3dKc/5h/9h:-600,600(-520.707883)
451:BR,Player:0cc/cc/cr200r600c/r1800f:7dTs,8sJd|/JsQsQh/Th/Jh:900,-900(900.000000)
452:Player,BR:0cc/cc/cr200f:2h3s,6sAc|/5c7c8c/Ad:-100,100(-100.000000)
453:BR,Player:0r130c/cc/cr299r1058c/cr2063r7300f:3h4c,9cQd|/5dTdJh/6c/6s:3650,-3650(3650.000000)
454:Player,BR:0cr300c/r520c/r460r2760f:ThQh,4c5h|/4h9sTc/Kd:-1380,1380(-1380.000000)
455:BR,Player:0r130c/cc/r460f:4dJd,5c6c|/4s9hJh/Kc:230,-230(230.000000)
456:Player,BR:0cr300c/cc/r800r2400f:4d5s,3c5d|/7dQhQc/6s:-1200,1200(-1200.000000)
457:BR,Player:0r200c/cc/cr900r2400c/cr7200c:2hKc,4h9h|/6cThJh/Qd/7d:10800,-10800(609.757110)
458:Player,BR:0cc/cc/cr200c/cr19700f:4h7c,2sQs|/3d5s8h/4s/9d:-300,300(-300.000000)
459:BR,Player:0f:9sKh,2dTc|:50,-50(50.000000)
460:Player,BR:0cc/cc/cr200f:2h3s,5hAc|/8d9sJh/Js:-100,100(-100.000000)
461:BR,Player:0r200c/cc/r600c/r1800r3510r13790f:4hQs,8cKh|/3h4dTc/8s/8d:6210,-6210(6210.000000)
462:Player,BR:0cc/cc/cr200c/cc:4d7h,7dKd|/7cJdQc/3h/2c:-300,300(-17.408519)
463:BR,Player:0r130c/cc/r19770c/cc:3h8h,ThKh|/QhKsKc/Td/Qs:-20000,20000(-20000.000000)
464:Player,BR:0cc/cc/r130c/r299r1058c:4hQc,2hJc|/4cQsAc/Jd/5s:1587,-1587(1587.000000)
465:BR,Player:0cc/cc/cr130r19770f:5cAs,4c8d|/2h8sJd/4s:230,-230(230.000000)
466:Player,BR:0cc/cc/r130c/r299r19471f:5c8h,7cAc|/4h8s9s/9d/6d:-529,529(-529.000000)
467:BR,Player:0r130c/cc/r460f:2cQd,4d8d|/5s9sAh/6d:230,-230(230.000000)
468:Player,BR:0cc/cc/cc/r130r19770f:4d9d,2hJc|/4h5cKd/Qc/Ks:-230,230(-230.000000)
469:BR,Player:0r200c/cr390c/r1380c/r4140c:2cAh,QhKh|/3s5dQd/6s/4c:6210,-6210(2501.599802)
470:Player,BR:0cc/cc/r600r19300f:5hTh,3s8h|/4hKdAh/6d:-700,700(-700.000000)
471:BR,Player:0r200c/cc/r600c/r19100f:2sTh,KhAh|/4h9hJc/Qc/3s:900,-900(900.000000)
472:Player,BR:0cc/cc/cc/r130r19770f:4s5h,9dAh|/3s5dTc/Jh/Kh:-230,230(-230.000000)
473:BR,Player:0r130c/cr690c/cr1196c/cr4232c:7cTs,6c7d|/4d8dQs/Kc/Js:6348,-6348(5443.060121)
474:Player,BR:0cc/cc/cc/r130r460f:TsJd,5c8h|/3d3cJh/Kh/7s:-230,230(-230.000000)
475:BR,Player:0r130c/cr299c/cr687r2432f:4d8h,8sAd|/2dKsAh/Js:1216,-1216(1216.000000)
476:Player,BR:0cr200c/r390c/r2070r5520c/cc:6cQh,3hTh|/5h6dQs/2s/3c:8280,-8280(8045.466641)
477:BR,Player:0r130c/cr299c/cr687r18784f:7hQs,KdAh|/3h9cKs/2d:1216,-1216(1216.000000)
478:Player,BR:0cc/cc/r130f:9hJs,2dTd|/4c5h6s/7h:100,-100(100.000000)
479:BR,Player:0r130c/cc/r460f:3s9s,3c4h|/4d6dJs/6c:230,-230(230.000000)
480:Player,BR:0cc/cc/r130r460c/r345r2070f:6d8h,QsQd|/6s8d9h/4s/3h:-1035,1035(-1035.000000)
481:BR,Player:0r130c/cc/r19770f:5s6s,4s5h|/2hJhQh/9h:230,-230(230.000000)
482:Player,BR:0cr200c/cc/r600c/r450r2700f:9dJc,2d4s|/3s8d9c/4d/Qc:-1350,1350(-1350.000000)
483:BR,Player:0r130c/cc/cc/cr115r690f:3d9c,5cKc|/2cTdAs/3h/5d:345,-345(345.000000)
484:Player,BR:0cr300c/r520c/cc/r2760r16320f:6dJd,3d5h|/8s8cTc/As/7s:-3680,3680(-3680.000000)
485:BR,Player:0r130c/cc/r460f:3d7s,8dAh|/2d6s7d/7c:230,-230(230.000000)
486:Player,BR:0cc/cc/cc/r130r19770f:2h6d,3d7c|/8hKsAs/2c/8s:-230,230(-230.000000)
487:BR,Player:0r130c/cc/r460c/cc:6c9d,4s7d|/2c4d9s/Kd/3h:690,-690(617.203109)
488:Player,BR:0cr600c/cc/r910f:KsAh,7c9c|/3s5s8s/Ad:700,-700(700.000000)
489:BR,Player:0r130c/cc/r460c/cc:6dKh,7c8d|/3c7hKc/Ad/Jd:690,-690(474.059549)
490:Player,BR:0cr130c/cc/r460r19310f:9dKh,7hTd|/3s6d8h/Kd:-690,690(-690.000000)
491:BR,Player:0f:2h6c,2s9c|:50,-50(50.000000)
492:Player,BR:0cr300c/cc/r1200f:TdQd,7hKd|/2d3c8h/Qh:400,-400(400.000000)
493:BR,Player:0r130c/cc/r460f:2s3h,3dKs|/5c8cTh/Tc:230,-230(230.000000)
494:Player,BR:0cc/cc/cc/cr19900f:4sQd,8sJs|/KdKcAs/Ac/4h:-100,100(-100.000000)
495:BR,Player:0r130c/cr299c/r1058c/cc:7cAs,TsAd|/2s4s7s/Jc/Kc:1587,-1587(-663.189654)
496:Player,BR:0cr300c/cc/cc/cr800c:7cAs,2s7s|/4h5cJh/2c/6c:-1200,1200(-880.348028)
497:BR,Player:0r130c/cr460c/cr897r3174c/r15239f:2s5c,4c9c|/3d6s7d/2d/6d:4761,-4761(4761.000000)
498:Player,BR:0cc/cc/r130r460f:3dTc,5hJd|/4sTdJc/7s:-230,230(-230.000000)
499:BR,Player:0r130c/cc/r460f:3c5h,ThJc|/4d6cAd/Ah:230,-230(230.000000)
500:Player,BR:0cc/cc/cc/cc:2dAs,7dQh|/8cTdKs/Ts/7c:-100,100(-68.089677)
501:BR,Player:0r130c/cr299c/r1058f:KsKd,2s6s|/2c5hQs/Tc:529,-529(529.000000)
502:Player,BR:0cc/cc/r130c/r299r1058f:3hQc,2sKh|/2hTcQh/Th/4s:-529,529(-529.000000)
503:BR,Player:0r130c/cr299c/r1058r3174f:2sKs,3sTs|/5c6s8s/4c:-1587,1587(-1587.000000)
504:Player,BR:0cr130c/cc/r115f:7dAs,2sJd|/5h6s8c/8s:230,-230(230.000000)
505:BR,Player:0r130c/cc/r19770f:9sKh,7d8h|/2h7sTd/Tc:230,-230(230.000000)
506:Player,BR:0cc/cc/cr200c/cc:2h5s,7cJc|/4h5hTd/Tc/4c:300,-300(298.017668)
507:BR,Player:0r130c/cr299c/cc/r19471c:ThAh,7cQs|/4c5s5c/8c/6c:-20000,20000(-20000.000000)
508:Player,BR:0cc/cc/cr200r390f:2s3c,7h9c|/2h8sTs/3h:300,-300(300.000000)
509:BR,Player:0r130c/cc/cr299c/cr1587r17884f:QdAh,3s5h|/2c4dKc/3d/6c:2116,-2116(2116.000000)
510:Player,BR:0cr200c/cc/r150r900c/cr18650f:8hAd,4sKh|/6d8dJh/Tc/Qs:-1350,1350(-1350.000000)
511:BR,Player:0r200c/cr390c/r1380c/r17930f:ThTd,TsQs|/7h9sJc/2s/Qd:2070,-2070(2070.000000)
512:Player,BR:0cc/cc/cc/cr19900f:5c7d,QhAd|/3h5s7h/Kc/Td:-100,100(-100.000000)
513:BR,Player:0r130c/cr299c/cc/r19471f:5dKc,TsTc|/7c9hAd/6s/Ks:529,-529(529.000000)
514:Player,BR:0cc/cc/cr200c/cr600f:5s7c,8sAs|/8cQhQc/5d/3c:-300,300(-300.000000)
515:BR,Player:0f:4c6s,2h7c|:50,-50(50.000000)
516:Player,BR:0cc/cc/cr200f:2c5d,6cQh|/7h9cKd/5h:-100,100(-100.000000)
517:BR,Player:0cc/cc/r19900f:7hAh,2sJd|/3h4c6d/Qc:100,-100(100.000000)
518:Player,BR:0cr600c/r910c/cr18390f:KcAd,2h5s|/2c4d4c/Qc:-1610,1610(-1610.000000)
519:BR,Player:0r130c/cc/r460f:TdKd,5dAh|/2c6s8h/2h:230,-230(230.000000)
520:Player,BR:0cc/cc/cc/cr200c:4hJc,QdKh|/ThQsKs/Js/7h:-300,300(-40.473951)
521:BR,Player:0r130c/cc/cr299r1058f:3h7h,6sJs|/9hTsJc/9d:529,-529(529.000000)
522:Player,BR:0cr200c/cc/r150r900f:4s4c,2hTs|/7cQsQd/8h:-450,450(-450.000000)
523:BR,Player:0r130c/cc/cc/r460f:QcKs,7cJc|/6dThAc/5c/7h:230,-230(230.000000)
524:Player,BR:0cr200c/r390c/cr1380f:4c5c,2sTd|/QsQcAd/9s:-690,690(-690.000000)
525:BR,Player:0r200c/cc/r600f:QsAs,6hKh|/5dJcAd/Jd:300,-300(300.000000)
526:Player,BR:0cc/cc/cc/r130r460c:5d9c,4d7s|/6s6c9h/Th/Tc:690,-690(690.000000)
527:BR,Player:0cc/cc/r200f:8s9s,5s5d|/JhQsQh/Ah:100,-100(100.000000)
528:Player,BR:0cc/cc/cc/cr19900f:5hKs,QhAs|/2d3hTs/7s/4s:-100,100(-100.000000)
529:BR,Player:0r200c/cc/r600c/cc:4s4d,8h9d|/4h8sTs/9s/Jc:900,-900(276.706570)
530:Player,BR:0cc/cc/cr200c/cr19700f:8sQc,4c7c|/3d8hKh/Ah/Ks:-300,300(-300.000000)
531:BR,Player:0r130c/cc/cc/r19770f:2h2c,7hJc|/3h3c9d/9s/5h:230,-230(230.000000)
532:Player,BR:0cc/cc/cr200f:3cJc,2s6c|/5dThQh/4h:-100,100(-100.000000)
533:BR,Player:0r130c/cr460c/r1380r6210f:4c7s,2dTd|/6dKdAd/3s:-2070,2070(-2070.000000)
534:Player,BR:0cc/cc/cc/cc:3h6d,5sQs|/3d6sJc/Td/Js:100,-100(65.215390)
535:BR,Player:0r130c/cc/cr299f:3c8d,6sTd|/5cJdJc/Ah:-230,230(-230.000000)
536:Player,BR:0cc/cc/cr200c/cr600f:4cTc,3dQc|/2d4h9c/Jd/Qh:-300,300(-300.000000)
537:BR,Player:0r130c/cc/r460c/r19310f:TsJc,ThKs|/8s9dTc/6c/Td:690,-690(690.000000)
538:Player,BR:0cr600c/cc/cc/r910f:QhQc,3hQs|/6s6hAs/Ts/4h:700,-700(700.000000)
539:BR,Player:0r200c/cc/cc/r19700f:4dKc,2hKs|/7c8sTh/Ad/4c:300,-300(300.000000)
540:Player,BR:0cr300c/cc/cc/cc:8sAd,3s9d|/4sKhKc/7s/3c:-400,400(-332.182176)
541:BR,Player:0r130c/cc/cc/r19770f:4s5d,6cAs|/5s8c9s/Tc/Ks:230,-230(230.000000)
542:Player,BR:0cc/cc/r200c/cr600f:6s9c,2c8c|/7cJhJd/8h/9d:-300,300(-300.000000)
543:BR,Player:0r130c/cr1380c/cc/r18390f:6dKd,7sJh|/4c8dAs/3h/2h:1610,-1610(1610.000000)
544:Player,BR:0cc/r130c/cc/r115r19655f:8d9h,4s5c|/3h4d6h/6c/5d:-345,345(-345.000000)
545:BR,Player:0cc/cr130c/r460f:TcQd,8dJh|/3d4dAs/Td:230,-230(230.000000)
546:Player,BR:0cr130c/cc/r115r690f:5s5c,4dQd|/6d9sJs/6h:-345,345(-345.000000)
547:BR,Player:0cc/cc/r19900f:3d6c,2cKs|/6d9sJc/Kd:100,-100(100.000000)
548:Player,BR:0cc/cc/cc/r130r460c:6cTc,3c4c|/5cThJs/3h/Qh:690,-690(690.000000)
549:BR,Player:0r130c/cc/r19770f:7s9s,9cKh|/ThQdAh/7h:230,-230(230.000000)
550:Player,BR:0cc/cc/cr200c/cr600c:2sTd,3s9c|/2d9sKh/8d/5s:-900,900(-361.094716)
551:BR,Player:0cc/cc/r19900f:3d9c,2hKd|/2d8c9h/Qc:100,-100(100.000000)
552:Player,BR:0cc/cc/r130c/cr19770f:5h7d,8h9h|/3d4h4d/Ac/Th:-230,230(-230.000000)
553:BR,Player:0r130c/cc/cr460r19310f:7hQd,8h8c|/4d6sAd/Ah:690,-690(690.000000)
554:Player,BR:0cc/cc/cr200c/cr600f:3dAs,3s5c|/2h9sTh/3h/4s:-300,300(-300.000000)
555:BR,Player:0r130c/cc/r460f:4h6h,7hAh|/2d8c9s/Qh:230,-230(230.000000)
556:Player,BR:0cc/cc/cr200f:6sQh,8sKd|/2h8dJh/Td:-100,100(-100.000000)
557:BR,Player:0r200c/cc/cc/cr390r19310f:7dKs,6cTh|/TsAsAc/2d/3c:690,-690(690.000000)
558:Player,BR:0cr200c/cc/r150c/cr19550f:6sAh,3s9s|/2d7cKc/Kd/Jd:-450,450(-450.000000)
559:BR,Player:0r200c/cr900c/r2400c/cr4680f:7sQs,ThAh|/3c4h6h/6s/Kh:-3600,3600(-3600.000000)
560:Player,BR:0cr200c/cc/r150c/cr900c:5s5d,6s6c|/4dTcKd/Ks/Jd:-1350,1350(-668.367842)
561:BR,Player:0cc/cc/r200f:4cQd,4h9d|/6c9cTc/Ac:100,-100(100.000000)
562:Player,BR:0cc/r130c/r460r19310f:9cJs,7s8h|/3d4cTd/Jh:-690,690(-690.000000)
563:BR,Player:0r130c/cc/cr299f:8sJs,3d4d|/6c9dQd/Kd:-230,230(-230.000000)
564:Player,BR:0cc/cc/cr200c/cr600f:4cAd,3c9c|/2d3h9h/Jh/Ah:-300,300(-300.000000)
565:BR,Player:0r130c/cr460c/cr2070r5520f:3c5h,6sKs|/5c7s8d/8c:2760,-2760(2760.000000)
566:Player,BR:0cc/cc/cc/cr19900f:JsKh,9cJh|/6dQdAh/2d/8d:-100,100(-100.000000)
567:BR,Player:0r130c/cr460c/r1380f:7hQh,6c9h|/3hJhQd/Td:690,-690(690.000000)
568:Player,BR:0cc/cc/cr200f:2sTd,8sQs|/4d7sQd/7c:-100,100(-100.000000)
569:BR,Player:0r130c/cc/cr460r1380f:3h8d,5dAd|/6sJhQd/Ah:690,-690(690.000000)
570:Player,BR:0cc/cc/cr200f:3s9c,3cJc|/4dTdJd/9s:-100,100(-100.000000)
571:BR,Player:0r130c/cc/r460c/r19310f:3hKd,JhKh|/3sTdAd/Ks/9h:690,-690(690.000000)
572:Player,BR:0cc/cc/cc/cc:2dAh,2hAd|/4c5c9c/5s/Qh:0,-0(-10.699694)
573:BR,Player:0r200c/cc/r600f:5sAs,JhAc|/2h8s9s/3c:300,-300(300.000000)
574:Player,BR:0cc/cc/cr200c/cr600c:6hAs,6sJh|/2d5cAc/4s/3d:0,-0(-306.695531)
575:BR,Player:0cc/cc/r19900f:8sKs,8hAc|/2s4cAh/Th:100,-100(100.000000)
576:Player,BR:0cr130c/cc/r690r19080f:6s9s,7hAd|/TsTdKd/3s:-920,920(-920.000000)
577:BR,Player:0f:3s6d,2d7c|:50,-50(50.000000)
578:Player,BR:0cr300c/cc/cr800f:4s6d,7dJc|/8cTsAs/Jd:-400,400(-400.000000)
579:BR,Player:0cc/cc/r200c/r19700f:TcAd,9sQd|/3c8dTh/6d/Kc:300,-300(300.000000)
580:Player,BR:0cc/cc/cr200f:6d8c,9hJc|/2c9sAh/3d:-100,100(-100.000000)
581:BR,Player:0r300c/cc/r800f:JsKh,JdAc|/5c8h9d/6d:400,-400(400.000000)
582:Player,BR:0cc/cc/r300r19600f:2s5s,2hQs|/7h8cJs/4c:-400,400(-400.000000)
583:BR,Player:0r130c/cr460c/cc/cc:5hAs,8dJc|/6c9sAh/7d/8s:690,-690(690.000000)
584:Player,BR:0cc/cc/cc/cr200f:3dTh,TsQd|/2d2c4h/7d/3s:-100,100(-100.000000)
585:BR,Player:0f:2h6s,4d9s|:50,-50(50.000000)
586:Player,BR:0cc/cc/cr200f:2h9s,QcKc|/4c5sKs/Ad:-100,100(-100.000000)
587:BR,Player:0r130c/cc/r460f:4h5d,7cKs|/6s6cAd/Ts:230,-230(230.000000)
588:Player,BR:0cc/cc/cc/cr19900f:7sAc,ThQs|/6s8dJc/4s/Ks:-100,100(-100.000000)
589:BR,Player:0cc/cr300c/r800f:9cKh,2cJd|/3s6dKc/7d:400,-400(400.000000)
590:Player,BR:0cc/cc/r200c/r390r1380f:7s9h,2hAd|/4hThQh/Kd/Qd:-690,690(-690.000000)
591:BR,Player:0r130c/cc/r460c/r19310f:9hAh,6sJc|/5s6cTh/Qc/7h:690,-690(690.000000)
592:Player,BR:0cc/cc/cr19900f:3dJh,4hKh|/KdAhAd/Qd:-100,100(-100.000000)
593:BR,Player:0r130c/cc/r460f:3s6h,3c5d|/2hTdTc/Ks:230,-230(230.000000)
594:Player,BR:0cc/cc/cr200c/cc:3cQs,7d9c|/3s7cTs/Ac/Th:-300,300(-109.740551)
595:BR,Player:0r200c/cc/r600f:7c8s,JdKh|/2c4d8c/7d:300,-300(300.000000)
596:Player,BR:0cc/cc/cr200f:2hAd,6hAs|/JsQsQd/9d:-100,100(-100.000000)
597:BR,Player:0r130c/cc/r19770f:JcAh,5h7c|/TdQcKd/6c:230,-230(230.000000)
598:Player,BR:0cc/cc/cr200c/cc:8d9c,7c9h|/2h3c9s/Ts/Js:300,-300(-70.600677)
599:BR,Player:0r130c/cr299c/cr687r2432c/r16352f:5dAs,6c8h|/2d3d7s/8s/5c:3648,-3648(3648.000000)
600:Player,BR:0cc/cc/cr200f:2sAh,5cTd|/3c5s9s/7d:-100,100(-100.000000)
601:BR,Player:0r130c/cr460c/r19310f:5c9d,3hKc|/3c6h8c/7d:690,-690(690.000000)
602:Player,BR:0cc/cc/cr200f:4d9h,2c8h|/6s8sQd/2s:-100,100(-100.000000)
603:BR,Player:0r130c/cc/r19770f:7dTc,4cQh|/ThQdKh/9d:230,-230(230.000000)
604:Player,BR:0cc/cc/r300r800r1560r5520f:ThQs,4hQd|/4s8sQc/5h:-2760,2760(-2760.000000)
605:BR,Player:0r130c/cr460c/r1380f:6cKh,4s5d|/6d7cTh/Ac:690,-690(690.000000)
606:Player,BR:0cc/cc/cr200f:4cKd,7dJh|/2h5c7c/Td:-100,100(-100.000000)
607:BR,Player:0cc/cr130c/cc/r19770f:6hJh,3hKh|/3s5sAc/7s/2h:230,-230(230.000000)
608:Player,BR:0cc/cc/cr200c/cr600f:6hKs,6dAh|/6c7sTd/3s/9h:-300,300(-300.000000)
609:BR,Player:0r200c/cc/cc/r19700f:5d7h,TcAc|/7s8cJs/3c/4h:300,-300(300.000000)
610:Player,BR:0cr200c/cc/cr19700f:5s6h,6cKs|/ThJdKc/As:-300,300(-300.000000)
611:BR,Player:0cc/cc/cc/cc:8sQs,2dQh|/6d6c9h/4d/3s:100,-100(-39.275884)
612:Player,BR:0cr300c/cc/r200c/r300f:JsKs,2hTd|/JdQhQd/4d/Qc:600,-600(600.000000)
613:BR,Player:0r130c/cr299c/cc/cc:6dAd,2sJh|/3s9cTh/7c/7s:529,-529(-8.414994)
614:Player,BR:0cc/cc/cc/cc:7dTh,6cAd|/9hTdJs/Qc/Qd:100,-100(66.152377)
615:BR,Player:0cc/cc/r200c/cr390f:9cQs,TsJh|/6s7cKd/Qh/Ad:-300,300(-300.000000)
616:Player,BR:0cc/cc/r130c/cc:3c7h,2hAc|/5s5cKs/8c/2s:-230,230(-143.056622)
617:BR,Player:0r200c/cr390c/r1380f:ThQs,KdAs|/2h2c7c/9d:690,-690(690.000000)
618:Player,BR:0cr300c/cc/cr800c/cr2400f:QhKc,JdAd|/5c9cJh/6c/2s:-1200,1200(-1200.000000)
619:BR,Player:0r130c/cc/cc/r19770f:7hAs,7dTh|/5sTdKd/Qc/3c:230,-230(230.000000)
620:Player,BR:0cc/cc/cr200f:2dKh,3hTh|/5h5c7h/Qc:-100,100(-100.000000)
621:BR,Player:0r130c/cc/r460c/r19310f:7cKs,6dKd|/JhQdKc/3c/6s:690,-690(690.000000)
622:Player,BR:0cc/cc/cc/r130r460r897r3174f:5cTh,7dAs|/2d5hKc/8h/5s:-1587,1587(-1587.000000)
623:BR,Player:0r130c/cc/cr115r19655f:3s4d,4hKs|/7c8cTh/Kh:345,-345(345.000000)
624:Player,BR:0cr200c/r390c/cr1380f:8d9c,6s6c|/3h7sAh/Qc:-690,690(-690.000000)
625:BR,Player:0f:2d3c,2h8c|:50,-50(50.000000)
626:Player,BR:0cr200c/cc/cr600c/cr1800f:TcAd,4sQs|/2s6dQc/Ks/9s:-900,900(-900.000000)
627:BR,Player:0r300c/cc/cr800f:JhQs,ThAh|/4c8cKh/As:-400,400(-400.000000)
628:Player,BR:0cr130c/cc/r115r690f:9hQh,6sAh|/4s7cTd/Ac:-345,345(-345.000000)
629:BR,Player:0r130c/cc/r460f:5s6d,TsKs|/3s3h5d/2d:230,-230(230.000000)
630:Player,BR:0cc/cc/r130c/cr460f:6d7c,3dAc|/5cQsQd/2s/Js:-230,230(-230.000000)
631:BR,Player:0r130c/cc/cr299f:5h6c,3hKs|/7hKcAd/Th:-230,230(-230.000000)
632:Player,BR:0cc/cc/cr200f:4hJs,5d9d|/3c6c8s/2c:-100,100(-100.000000)
633:BR,Player:0r200c/cc/r600f:7c9h,QhAd|/2c5s9c/Ts:300,-300(300.000000)
634:Player,BR:0cc/cc/cr200f:JhKs,6cTs|/3h6dQh/4d:-100,100(-100.000000)
635:BR,Player:0r130c/cc/cr115r690f:9hTc,4h6s|/2d8sAc/8h:345,-345(345.000000)
636:Player,BR:0cc/cc/r130c/cc:3d5c,6s6d|/2c7d8s/As/3c:-230,230(-200.377885)
637:BR,Player:0r130c/cc/cc/cc:5h7c,4s4d|/6h7sJs/Th/3c:230,-230(230.000000)
638:Player,BR:0cc/cc/cr200f:3dJh,QsAs|/TcJcQc/Ah:-100,100(-100.000000)
639:BR,Player:0r300c/cc/r800f:4d5d,6d9h|/4s7dQd/Kh:400,-400(400.000000)
640:Player,BR:0cr300c/r2400c/cc/r5600c:5d5c,4dKd|/5s9cAh/7s/9d:8400,-8400(-3033.893559)
641:BR,Player:0cc/cr130c/cc/r19770f:6s6d,2cKh|/8sJhQd/As/5d:230,-230(230.000000)
642:Player,BR:0cc/cc/cc/cc:2sAs,4hAh|/5h7dKd/Qd/6c:0,-0(24.359216)
643:BR,Player:0r130c/cr299c/cc/cc:6hKs,5s9s|/4d7hAd/7c/Kd:529,-529(527.745495)
644:Player,BR:0cc/cc/cc/cr200f:8cKs,JhAh|/2c3s4c/Th/Js:-100,100(-100.000000)
645:BR,Player:0cc/cr130c/cc/r19770f:JhKh,3sJc|/6h7d9c/Qd/5c:230,-230(230.000000)
646:Player,BR:0cr200c/cc/cr600c/r450c:JsJc,8s9h|/8h8cKd/7d/4h:-1350,1350(-1350.000000)
647:BR,Player:0cc/cc/r200c/r19700f:3d9d,ThQs|/6d8s8c/7c/2h:300,-300(300.000000)
648:Player,BR:0cc/cc/cr200f:2cAh,8dJs|/3c8sQc/6d:-100,100(-100.000000)
649:BR,Player:0r200c/cc/cc/r600f:7cTs,JdKs|/5s8h8c/3d/Qh:300,-300(300.000000)
650:Player,BR:0cc/cc/cc/cr200c:7h9s,5sTs|/2hJhKc/Qs/9c:-300,300(-300.000000)
651:BR,Player:0r130c/cr299c/cc/r1058r2063r7300f:KdAd,6sQd|/4s5s9c/Qc/6d:3650,-3650(3650.000000)
652:Player,BR:0cr200c/r600c/r450r18650f:JsQs,9dKs|/3d4s7d/2s:-1350,1350(-1350.000000)
653:BR,Player:0cc/cc/r19900f:4d9h,3hJd|/3c8sTd/As:100,-100(100.000000)
654:Player,BR:0cr300c/cc/r1200r3200c/r960c:5cTd,5h7h|/2c7dTh/5s/Jc:5760,-5760(-189.217147)
655:BR,Player:0r200c/cc/r600f:6h8c,3dKh|/6c9s9c/Ts:300,-300(300.000000)
656:Player,BR:0cr300c/cc/cc/r520r1840f:QdKh,8c9c|/4d5dAh/Js/Qh:-920,920(-920.000000)
657:BR,Player:0r130c/cc/cr299f:4h8s,QdKc|/2s3s6h/Qh:-230,230(-230.000000)
658:Player,BR:0cc/cc/cc/r130r460f:6hJd,3hKh|/6c9cQd/4h/As:-230,230(-230.000000)
659:BR,Player:0r200c/cc/r19700f:5cJh,7hAc|/7c8dJd/5s:300,-300(300.000000)
660:Player,BR:0cc/cc/cr200c/cc:ThKd,8dJd|/5h6c8s/Kh/Ah:300,-300(-52.525667)
661:BR,Player:0r130c/cr299c/cc/r1058c:QcAh,4s4c|/2h3h8d/6c/Qs:1587,-1587(1562.047835)
662:Player,BR:0cc/cc/cr200c/cr600f:7hAc,JsAs|/4s7cJh/Ks/2c:-300,300(-300.000000)
663:BR,Player:0f:2s2d,3h6d|:50,-50(50.000000)
664:Player,BR:0cc/cc/cc/r130r460c:2d9s,QdKc|/2h6h7h/6d/Qs:-690,690(-680.152789)
665:BR,Player:0cc/cc/r200f:5sKh,2s4s|/2cQcKd/8c:100,-100(100.000000)
666:Player,BR:0cc/cc/r130c/r115f:2cKc,6cJd|/4h9dKh/3d/Ts:230,-230(230.000000)
667:BR,Player:0r130c/cc/cc/r19770f:8dTc,JcKd|/5cQcAd/3d/4h:230,-230(230.000000)
668:Player,BR:0cc/cc/cr200c/cr19700f:4sJc,3h6c|/3cTsJh/Jd/Ks:-300,300(-300.000000)
669:BR,Player:0r130c/cc/r19770f:7dTc,TdKh|/3h9hJc/Jd:230,-230(230.000000)
670:Player,BR:0cc/cc/cc/cc:7dKc,5dAc|/4s8s9c/4c/5c:-100,100(-58.856230)
671:BR,Player:0r130c/cc/cc/cr460r19310f:7hTc,8d9c|/4d7sKs/As/Ad:690,-690(690.000000)
672:Player,BR:0cc/cc/r130r460c/cr19310f:7s9c,8cQs|/7d7c8s/5d/Jc:-690,690(-690.000000)
673:BR,Player:0r130c/cr299c/cr264r19207f:4sAs,6cAh|/2s6hJh/7h:793,-793(793.000000)
674:Player,BR:0cr200c/cc/r150r900f:KdAs,8dAd|/3c5s8s/4c:-450,450(-450.000000)
675:BR,Player:0f:2h6h,2d5s|:50,-50(50.000000)
676:Player,BR:0cc/cc/cr200f:3sKc,2h3h|/7dJdQh/8d:-100,100(-100.000000)
677:BR,Player:0r130c/cr299c/cr1587r4232r13652f:9dKc,4s4c|/4h7sQd/7h:-6348,6348(-6348.000000)
678:Player,BR:0cc/cc/r200r600r1170r4140c/r12420c:7hJd,TdTc|/5d8s9d/2d/8c:-18630,18630(-18630.000000)
679:BR,Player:0r130c/cr299c/r1058r3174f:2s4d,4sQc|/3h5d7d/3c:-1587,1587(-1587.000000)
680:Player,BR:0cc/cc/r130r460f:3dJc,4cQd|/4h5c7h/2d:-230,230(-230.000000)
681:BR,Player:0r200c/cc/r600f:7hTs,8dQc|/4c9sKd/Tc:300,-300(300.000000)
682:Player,BR:0cr600c/cc/r910c/r3220c:JsQd,6d9d|/5h8c9h/Th/2c:4830,-4830(-636.834735)
683:BR,Player:0f:ThAs,2h9d|:50,-50(50.000000)
684:Player,BR:0cr200c/cc/cr600f:6hQd,3hAh|/3dKcAd/Ac:-300,300(-300.000000)
685:BR,Player:0r200c/cc/r600c/r1800f:ThJh,9dTc|/2sJcQh/Qs/7c:900,-900(900.000000)
686:Player,BR:0cr300c/cc/r1200r18400f:QdKs,4c8c|/3d5sKh/8h:-1600,1600(-1600.000000)
687:BR,Player:0r130c/cc/r460f:6cAc,JdQh|/6sKsKd/5s:230,-230(230.000000)
688:Player,BR:0cc/cc/cc/cc:2h8c,TsQh|/7d9sAs/2d/Ac:100,-100(12.496102)
689:BR,Player:0r130c/cc/r460c/r1380f:5dTd,4dKs|/4s7sQh/8s/Jc:690,-690(690.000000)
690:Player,BR:0cc/cc/cr19900f:6dTh,QcAc|/7sQdAh/5s:-100,100(-100.000000)
691:BR,Player:0r130c/cr299c/r1058f:4s7s,9sQh|/2s8dJs/Ad:529,-529(529.000000)
692:Player,BR:0cc/cc/cr200f:8dJc,5d8c|/6s6dKc/5c:-100,100(-100.000000)
693:BR,Player:0r130c/cc/r460c/r1380c:8hTh,8sJh|/5sTdTc/Jc/6s:2070,-2070(2070.000000)
694:Player,BR:0cc/cc/cc/r200r19700f:4d9s,JsKs|/2h5h7h/Qc/Kh:-300,300(-300.000000)
695:BR,Player:0r130c/cc/cc/cc:3c5h,9cAc|/6d8sKc/2d/7h:-230,230(-230.000000)
696:Player,BR:0cc/cc/r200c/r600f:9sTc,3dJs|/2c7sKh/6s/8d:300,-300(300.000000)
697:BR,Player:0r130c/cc/r460c/r1380f:8hKs,ThQh|/6sJsJh/8c/3c:690,-690(690.000000)
698:Player,BR:0cc/cc/cc/cc:5hKs,4h6h|/6dJcAd/Td/5s:-100,100(-56.200650)
699:BR,Player:0r130c/cc/r460f:5c6c,7cAs|/2c6s9d/2s:230,-230(230.000000)
700:Player,BR:0cc/cc/cr200f:7cQh,5dTs|/8c9hJd/3c:-100,100(-100.000000)
701:BR,Player:0f:JcAs,2h8d|:50,-50(50.000000)
702:Player,BR:0cc/cc/r130c/cr19770f:4c8h,7c9c|/5sQhAs/7s/Ts:-230,230(-230.000000)
703:BR,Player:0r130c/cr460c/cc/r1380f:3dQd,2hQh|/9hTcAd/7s/7h:690,-690(690.000000)
704:Player,BR:0cr200c/cc/r150r900c/cc:2cTc,7dJh|/6dTsJc/3d/6h:-1350,1350(-191.363546)
705:BR,Player:0r130c/cc/r19770f:8dAd,8sJs|/4h4d9d/3d:230,-230(230.000000)
706:Player,BR:0cr200c/cc/r150c/cr900c:QdAd,7sAh|/6s8hTs/7c/7h:-1350,1350(-647.947880)
707:BR,Player:0f:3s6d,3h7d|:50,-50(50.000000)
708:Player,BR:0cc/cc/cr200f:4h7s,9dQh|/2c6cAd/Qd:-100,100(-100.000000)
709:BR,Player:0r130c/cc/cc/r19770f:6dAd,5h5d|/6sQhKd/Js/8h:230,-230(230.000000)
710:Player,BR:0cr200c/cc/cr600c/cr19100f:3c5c,3d6c|/2s5h6s/6h/7s:-900,900(-900.000000)
711:BR,Player:0f:3h8d,3c9s|:50,-50(50.000000)
712:Player,BR:0cc/cc/r130r460c/r138r1656f:2dKs,3sJd|/TdJcKd/8c/4c:-828,828(-828.000000)
713:BR,Player:0cc/cc/r200f:3dQd,5hTc|/2s9dKs/Qs:100,-100(100.000000)
714:Player,BR:0cc/cc/r130c/r299c:4c5s,6dQc|/6hAsAh/7d/Td:-529,529(-248.601774)
715:BR,Player:0cc/cr300c/r19600f:6hKs,4c5h|/JsJhJd/7c:400,-400(400.000000)
716:Player,BR:0cc/cc/r130r460f:3d9h,2h8c|/TdKdKc/2d:-230,230(-230.000000)
717:BR,Player:0r130c/cc/cc/r19770f:2d5c,5d9d|/6s9sJh/Ts/3d:230,-230(230.000000)
718:Player,BR:0cc/cc/cc/r130r460f:2cQs,4sKh|/8d8cTs/2d/9s:-230,230(-230.000000)
719:BR,Player:0r130c/cc/cc/r19770f:QcAh,2s2d|/6d8d9c/9h/Qd:230,-230(230.000000)
720:Player,BR:0cc/cc/r130f:4d5h,3c9d|/2d5s5c/Qh:100,-100(100.000000)
721:BR,Player:0r130c/cr299c/r1058f:2d6h,ThJd|/5dQdQc/Ac:529,-529(529.000000)
722:Player,BR:0cr600c/cc/r140r1680f:7cKc,ThTc|/9s9h9d/3d:-840,840(-840.000000)
723:BR,Player:0cc/cc/cr130r460f:8dAh,4c9s|/JsJdQc/6d:230,-230(230.000000)
724:Player,BR:0cc/r200c/cr19700f:2s3d,5h6d|/3h8sJh/Kh:-300,300(-300.000000)
725:BR,Player:0r130c/cc/r460c/cr1380c:KdAh,4d7d|/2s6h6d/8s/8d:2070,-2070(1032.032152)
726:Player,BR:0cc/cc/cc/cr200f:6cJd,2hAc|/QsQhKc/6h/8d:-100,100(-100.000000)
727:BR,Player:0r130c/cr299c/cc/r19471f:2hKc,5cKd|/4h5hTs/8d/Ah:529,-529(529.000000)
728:Player,BR:0cc/cc/r300r800c/r240f:2s5d,6s6h|/2d5sKd/6d/8d:1200,-1200(1200.000000)
729:BR,Player:0r130c/cr299c/r19471f:3cKc,4s8d|/3d6d9c/4c:529,-529(529.000000)
730:Player,BR:0cc/cc/r130r460f:2h7s,6s9d|/5s8sAc/9c:-230,230(-230.000000)
731:BR,Player:0r130c/cc/r460f:6dTc,6sQs|/2c4cTs/Jd:230,-230(230.000000)
732:Player,BR:0cc/cc/r130r19770f:5hQd,6c9c|/5sJsAc/Ah:-230,230(-230.000000)
733:BR,Player:0r130c/cr299c/r1058f:2d8c,7d8s|/4cJsJh/3h:529,-529(529.000000)
734:Player,BR:0cc/cc/cr200f:4sKh,4h5s|/5hTcQd/2s:-100,100(-100.000000)
735:BR,Player:0r130c/cr299c/r1058f:9hTs,8dJh|/5c6dQs/5h:529,-529(529.000000)
736:Player,BR:0cr300c/r520c/r1196f:4d8d,2dKh|/3d9sAc/7d:920,-920(920.000000)
737:BR,Player:0r130c/cc/r460c/r1380f:QhQd,3s5h|/2c6h9c/Qs/7c:690,-690(690.000000)
738:Player,BR:0cc/cc/cr200c/cr19700f:5s6d,2c6s|/7h7cKh/5h/4s:-300,300(-300.000000)
739:BR,Player:0r130c/cc/cr299f:9hTd,4h5h|/5d5c6c/8c:-230,230(-230.000000)
740:Player,BR:0cc/cc/cr200c/cr600f:6dTs,6h8h|/3c8dQd/Tc/7d:-300,300(-300.000000)
741:BR,Player:0r130c/cc/r19770f:4h5c,6dQd|/6c8hTc/4d:230,-230(230.000000)
742:Player,BR:0cc/cc/cr200c/cc:7sAc,4c5d|/7hQhAh/Jh/7d:300,-300(300.000000)
743:BR,Player:0r130c/cc/r19770f:4s8s,TdAc|/5s7sKh/Kc:230,-230(230.000000)
744:Player,BR:0cc/cc/cr200f:2hTc,5s8s|/4c9d9c/Qd:-100,100(-100.000000)
745:BR,Player:0r130c/cc/r19770f:2d7s,5hKh|/5d8sAd/9c:230,-230(230.000000)
746:Player,BR:0cr130c/cc/r115c/r448r1586f:8sJc,5hTd|/7h8hAc/4d/2h:-793,793(-793.000000)
747:BR,Player:0r130c/cc/r19770f:3d8c,9cTd|/5hThQh/4h:230,-230(230.000000)
748:Player,BR:0cr300c/r800c/cr18800f:3s5d,7dTc|/5s8dTh/9h:-1200,1200(-1200.000000)
749:BR,Player:0r200c/cr1800c/cc/r17900f:2d6s,3c4d|/6hJdKs/As/8h:2100,-2100(2100.000000)
750:Player,BR:0cc/cc/cr200f:2s7h,TcKc|/2c6dTs/4d:-100,100(-100.000000)
751:BR,Player:0cc/cc/cc/r19900f:9cTd,4s8h|/5s8sTs/Ks/6c:100,-100(100.000000)
752:Player,BR:0cr600c/cc/cr1400f:QdAh,4hAc|/6c8sJd/5c:-700,700(-700.000000)
753:BR,Player:0r130c/cr299c/cr687f:9sQs,5hKd|/2h5dKc/4d:-529,529(-529.000000)
754:Player,BR:0cc/cc/cc/cc:3sAh,3hQh|/6s8dKc/3c/4s:100,-100(-27.711045)
755:BR,Player:0r130c/cr299c/cc/r19471f:2h3c,6d9h|/6c9sJc/Th/3s:529,-529(529.000000)
756:Player,BR:0cr200c/cc/cr600f:TcJd,2c3d|/2s2dQs/Ts:-300,300(-300.000000)
757:BR,Player:0r200c/cc/r19700f:JsAh,4d6h|/8c9sJh/Jd:300,-300(300.000000)
758:Player,BR:0cr130c/r299c/cc/cr19471f:6sQs,ThAh|/7h8cTd/9d/Kc:-529,529(-529.000000)
759:BR,Player:0r200c/cc/cc/cc:8hAs,9dAc|/6cTsJh/Ks/Js:0,-0(-173.876178)
760:Player,BR:0cc/cc/cr200c/cr600f:8dQc,2cQs|/9sJdAd/Qh/4s:-300,300(-300.000000)
761:BR,Player:0r130c/cc/r19770f:2dAd,7hAs|/3dThTd/6d:230,-230(230.000000)
762:Player,BR:0cc/cc/cc/cc:5sQs,3hAh|/5d6hKs/Jc/Tc:100,-100(27.357157)
763:BR,Player:0cc/cc/cr130c/cr690r1840r17240f:2c9c,JsQh|/6dTcAh/Kh/9s:-2760,2760(-2760.000000)
764:Player,BR:0cc/cc/cr200f:3hJc,5hJh|/4s4d6c/5d:-100,100(-100.000000)
765:BR,Player:0cc/cc/cr130r460f:3sKs,8d9c|/2h7hKh/4h:230,-230(230.000000)
766:Player,BR:0cc/cc/cc/r130f:2c8c,5sAs|/3dJhKh/Ks/Th:100,-100(100.000000)
767:BR,Player:0cc/cr130c/r460f:4d4c,3hTh|/2d3s4h/9d:230,-230(230.000000)
768:Player,BR:0cr200c/cc/r900c/cc:5s7c,9dJh|/TsJcQh/6d/6c:-1200,1200(-647.675836)
769:BR,Player:0r200c/cc/cc/cr600r1800c:3hJc,5dKc|/3d6cQc/5s/Kd:-2700,2700(-2700.000000)
770:Player,BR:0cc/cc/cc/cc:6cJc,5cAc|/9dTdKc/9h/Ts:-100,100(-61.593639)
771:BR,Player:0r130c/cr299c/cr687f:TsAs,5sJc|/4h9cJh/6c:-529,529(-529.000000)
772:Player,BR:0cc/r130c/r460r1380f:6sAc,9hAs|/2d4s6c/Kc:-690,690(-690.000000)
773:BR,Player:0r130c/cr460c/cc/cr1380r17930f:6d7s,3hAd|/TsJcAc/7c/3d:2070,-2070(2070.000000)
774:Player,BR:0cc/cc/cc/cc:7hTs,8sAc|/4d5sQh/5d/6s:-100,100(-45.610993)
775:BR,Player:0r130c/cr299c/r1058f:JsAd,4s5d|/TcJdQh/3h:529,-529(529.000000)
776:Player,BR:0cc/cc/cr200c/cr600f:2d3s,QcAs|/4c9dAd/2h/8s:-300,300(-300.000000)
777:BR,Player:0r130c/cc/r460f:TcKc,8dQc|/5s9hKd/Th:230,-230(230.000000)
778:Player,BR:0cr200c/cc/cr600f:2d2c,7cTc|/8cKsAh/9s:-300,300(-300.000000)
779:BR,Player:0r130c/cc/cc/cr299r1058r3174f:4h8d,TsKd|/4s7sQd/Ad/Jc:-1587,1587(-1587.000000)
780:Player,BR:0cr200c/r390c/r345r2070f:3s3c,7sJc|/4cTdAc/7c:-1035,1035(-1035.000000)
781:BR,Player:0r200c/cr900c/cc/r2400f:3hTd,4hKd|/2c6hTs/5h/Qc:1200,-1200(1200.000000)
782:Player,BR:0cc/cc/cc/cc:2c7d,TsKh|/4s4dJs/8c/8h:-100,100(-40.372717)
783:BR,Player:0r130c/cc/cr115c/r690f:3s6c,5h9d|/2c3hAs/2s/Ah:345,-345(345.000000)
784:Player,BR:0cr600c/cc/r1400f:TcAs,3s8d|/5h6sAc/4c:700,-700(700.000000)
785:BR,Player:0cc/cc/cc/r19900f:JcAd,6sJh|/3d4hKd/Kc/3s:100,-100(100.000000)
786:Player,BR:0cc/cc/cc/cc:9cTh,5hAh|/7sJdQd/7c/5s:-100,100(-48.504369)
787:BR,Player:0r130c/cr299c/cc/cr687r18784f:5dKc,6h7h|/2s8dTh/8h/Ah:1216,-1216(1216.000000)
788:Player,BR:0cc/cc/cr200c/cr600c:5cJh,2h4s|/3h5s6h/5h/Qs:-900,900(-900.000000)
789:BR,Player:0r130c/cr299c/cr687c/r18784f:TcKc,6cJd|/2h7s9d/4h/As:1216,-1216(1216.000000)
790:Player,BR:0cc/cc/cr200f:7sQc,4h8h|/2h2d2c/4d:-100,100(-100.000000)
791:BR,Player:0cc/cc/r200f:4sKs,2hQs|/3s4dJc/Js:100,-100(100.000000)
792:Player,BR:0cc/cc/r130c/r460r19310f:5dJh,2h3d|/2cJdJc/Tc/Qs:-690,690(-690.000000)
793:BR,Player:0cc/cc/r200f:ThAd,2hKs|/6sTcJc/8s:100,-100(100.000000)
794:Player,BR:0cc/cc/cr200f:3h6c,5cTs|/3d4dTh/Tc:-100,100(-100.000000)
795:BR,Player:0r130c/cc/cc/cc:6d7c,JhAc|/4sTcQh/6s/Ts:230,-230(230.000000)
796:Player,BR:0cc/r130c/r115r19655f:2hQs,KdAd|/2d7dKs/Jd:-345,345(-345.000000)
797:BR,Player:0r130c/cr460c/r1380f:5d8h,6hTh|/4d5s6s/2s:690,-690(690.000000)
798:Player,BR:0cc/cc/r130r460f:9sJd,2c5d|/5s8h8d/2s:-230,230(-230.000000)
799:BR,Player:0r130c/cr460c/cr1380r4140f:2s8h,7hJc|/4h9hAs/3c:2070,-2070(2070.000000)
800:Player,BR:0cr300c/r520c/r460c/cc:2cKc,9hQd|/2h3s8s/8d/Th:1380,-1380(1380.000000)
801:BR,Player:0r200c/cr390c/r1380f:8hAs,4sKh|/2c5h8c/6s:690,-690(690.000000)
802:Player,BR:0cr130c/cc/cr460r897r3174f:2cAc,5c7c|/3d4c5s/Kd:-1587,1587(-1587.000000)
803:BR,Player:0r130c/cr299c/cr1058r3174c/cr6189c:4c9h,QcAh|/4h8sQs/Ad/Kc:-10950,10950(-4122.273735)
804:Player,BR:0cc/cc/r300c/r1200r18400f:4sAd,6d7c|/6s9cAs/4c/Jd:-1600,1600(-1600.000000)
805:BR,Player:0r130c/cr460c/cc/r1380c:9cTh,8sQs|/5s6d7d/2d/Qh:-2070,2070(-2070.000000)
806:Player,BR:0cr200c/cc/r150r900f:ThAh,4cTd|/6cQcKh/2c:-450,450(-450.000000)
807:BR,Player:0r130c/cc/cr460r19310f:2d6s,2cAs|/4sQcAd/Kh:690,-690(690.000000)
808:Player,BR:0cc/cc/r130c/cr460f:3d4s,5dAc|/8dTsTc/3c/Qh:-230,230(-230.000000)
809:BR,Player:0cc/cr130c/r460f:5d6h,3d4d|/3c7h7d/Tc:230,-230(230.000000)
810:Player,BR:0cr300c/cc/cr800f:2d2c,2sTh|/4dTcQh/9h:-400,400(-400.000000)
811:BR,Player:0cc/cr130c/r460f:4h6s,9dTc|/6h6cAd/3c:230,-230(230.000000)
812:Player,BR:0cr200c/r390c/r897r3174f:4s6s,3s6c|/5s9s9h/2h:-1587,1587(-1587.000000)
813:BR,Player:0r130c/cr299c/cc/cc:8sAc,4dQs|/2d5cJc/4h/5h:-529,529(8.918655)
814:Player,BR:0cc/cc/cr200f:3dJd,6dTc|/2h5h8h/7d:-100,100(-100.000000)
815:BR,Player:0r200c/cc/r600c/r19100c:KhAc,9hTs|/8hThKs/7d/5s:20000,-20000(10779.731726)
816:Player,BR:0cr200c/r390c/cr1380f:6d9s,5sAc|/3s7cAd/Jc:-690,690(-690.000000)
817:BR,Player:0r200c/cc/cc/r600c:4d4c,4sAc|/7c9s9d/Td/3c:900,-900(-230.421552)
818:Player,BR:0cr300c/r520c/cr19080c/cc:6cQc,2h9c|/4hThQd/6d/8d:20000,-20000(20000.000000)
819:BR,Player:0r130c/cr690c/cr1196r4232c/r12696f:3hTs,5c7h|/2h3cAd/6d/2s:6348,-6348(6348.000000)
820:Player,BR:0cc/cc/cc/cc:4dKs,9sTd|/6s6hAc/Qs/2d:100,-100(63.092981)
821:BR,Player:0r130c/cc/cr115r19655f:8sTd,4dJc|/4c6dAc/2h:345,-345(345.000000)
822:Player,BR:0cr200c/cc/cc/cc:5s9c,4hTc|/5c7s8d/Ks/Kh:300,-300(300.000000)
823:BR,Player:0r130c/cr299c/cc/cc:8sQs,TdKc|/3d5c9h/6d/Ah:-529,529(-470.853776)
824:Player,BR:0cr300c/cc/cc/cc:5sQs,KdAd|/2c7d7c/3c/9c:-400,400(-179.423771)
825:BR,Player:0r130c/cr299c/cr687c/r18784f:TdQc,6sQh|/3c5d9c/7h/6c:1216,-1216(1216.000000)
826:Player,BR:0cc/cc/cc/cr200c:4cJd,8cJh|/9cQhKh/2s/4d:300,-300(300.000000)
827:BR,Player:0r130c/cc/cc/r460c:4dJc,9dAd|/7sKsKc/5c/Js:690,-690(293.769296)
828:Player,BR:0cc/cc/cc/cc:2s6c,5c9c|/9sQdKc/Ad/Th:-100,100(4.542057)
829:BR,Player:0r130c/cr460c/cc/r19310f:6sQd,TcJh|/7cTsJd/Qc/As:690,-690(690.000000)
830:Player,BR:0cc/cc/r130r19770f:5s7c,KhKd|/8s9hAd/Kc:-230,230(-230.000000)
831:BR,Player:0r130c/cc/r460c/r1380f:8s9h,7sQs|/6dQcAs/2c/3s:690,-690(690.000000)
832:Player,BR:0cr130c/cc/cc/r299r19471f:2s3s,2h8s|/8cKcAd/Ac/5c:-529,529(-529.000000)
833:BR,Player:0r130c/cc/cc/r19770f:TsQs,9dKh|/2s6cAc/7c/7s:230,-230(230.000000)
834:Player,BR:0cc/cc/cr19900f:5h6s,5sQs|/4d4c5c/3d:-100,100(-100.000000)
835:BR,Player:0r130c/cr460c/cr2070f:2h7c,3d5d|/3h9cTd/5c:-690,690(-690.000000)
836:Player,BR:0cr300c/r520c/r1196c/r2750r15134f:9sJs,5hAs|/4dKsKh/7s/6s:-4866,4866(-4866.000000)
837:BR,Player:0r130c/cc/cr299c/cr687r18784f:9sAd,9hJs|/4c5hKd/8d/7s:1216,-1216(1216.000000)
838:Player,BR:0cr300c/cc/r800f:6hJh,4s5d|/3h8dKh/8s:400,-400(400.000000)
839:BR,Player:0r200c/cc/r600c/r1800f:3d7s,6sAs|/5d6c9c/Ks/8c:900,-900(900.000000)
840:Player,BR:0cr300c/cc/cr800f:9sJd,5c7h|/4d9dAh/4s:-400,400(-400.000000)
841:BR,Player:0r130c/cr299c/cc/r1058r4761r12696f:3dTd,6sAs|/4s4d4c/5d/6h:6348,-6348(6348.000000)
842:Player,BR:0cr300c/cc/r200r1200f:9dAs,6c7s|/8hKhKc/8c:-600,600(-600.000000)
843:BR,Player:0f:7s8h,4h9s|:50,-50(50.000000)
844:Player,BR:0cc/cc/cc/cr200f:4cQc,3h8h|/6sJsAs/7d/Ks:-100,100(-100.000000)
845:BR,Player:0r130c/cr299c/r1058f:8sTh,3s6c|/5d7cKs/6h:529,-529(529.000000)
846:Player,BR:0cc/cc/cr200f:2hKc,4c7h|/5h7d8h/4h:-100,100(-100.000000)
847:BR,Player:0r130c/cc/cc/r19770f:3h7c,6h7s|/6sQsAc/2s/Ah:230,-230(230.000000)
848:Player,BR:0cr300c/cc/r200r1200f:8cKs,4sKc|/TdQhAc/6h:-600,600(-600.000000)
849:BR,Player:0cc/cr200c/cr600r1800f:8dAs,5d6h|/7s8sTc/4d:900,-900(900.000000)
850:Player,BR:0cr600c/cc/r140r1680c/cr5040f:TdAc,3sQd|/2c3h7s/9d/Qh:-2520,2520(-2520.000000)
851:BR,Player:0r130c/cc/cr460c/cc:5sTs,5d6h|/8dKsKh/Ac/6d:-690,690(-690.000000)
852:Player,BR:0cc/cc/r200c/r900r2400f:8cQd,3h5h|/3dJhQs/4h/Qh:-1200,1200(-1200.000000)
853:BR,Player:0r130c/cr460c/cr1380r4140c/r13790c:3h6c,2h2c|/4h7s8h/2d/8d:-20000,20000(-20000.000000)
854:Player,BR:0cc/cc/cc/cc:2cTs,8dKs|/6s9cAc/4h/6c:-100,100(-29.645477)
855:BR,Player:0r200c/cc/r600f:8dTh,4s6d|/9dJhAd/5d:300,-300(300.000000)
856:Player,BR:0cc/cc/cr200c/cc:6sJs,5hJc|/2d6cTc/6d/4h:300,-300(300.000000)
857:BR,Player:0cc/cc/r19900f:7cTd,8s9h|/3s5cTc/7h:100,-100(100.000000)
858:Player,BR:0cr200c/cc/cc/r150r19550f:6d9d,5h7s|/6cJsKc/3h/5s:-450,450(-450.000000)
859:BR,Player:0cc/cc/r200f:3cQc,2dKh|/3d7cTc/8s:100,-100(100.000000)
860:Player,BR:0cr600c/r910c/r322r3864f:7c9d,5hTd|/6h8h8c/8s:-1932,1932(-1932.000000)
861:BR,Player:0cc/cr130c/r460f:7d9h,7cAh|/3d4dQc/Th:230,-230(230.000000)
862:Player,BR:0cr600c/cc/cc/cc:3c9c,7sKc|/2s9sJc/6d/5d:700,-700(665.365358)
863:BR,Player:0r200c/cc/r600f:5hQs,7sAh|/2h8cTd/2c:300,-300(300.000000)
864:Player,BR:0cc/cc/r300f:5sAd,6d8s|/5hJhKs/5c:100,-100(100.000000)
865:BR,Player:0r130c/cc/cc/r460f:2dAs,9sKc|/4cJsJc/7h/3c:230,-230(230.000000)
866:Player,BR:0cc/cc/r130c/cr460f:2hJd,3sAc|/2dThTc/5c/8c:-230,230(-230.000000)
867:BR,Player:0f:QdKs,2d5c|:50,-50(50.000000)
868:Player,BR:0cc/cc/r200f:2h6h,2d8s|/3d6sQd/4c:100,-100(100.000000)
869:BR,Player:0r130c/cr460c/cc/cc:8s8h,TcJd|/4d6dKh/3c/9c:690,-690(242.386352)
870:Player,BR:0cc/cc/cc/cr200c:3sKh,8c9c|/2hJsAc/3h/5c:300,-300(300.000000)
871:BR,Player:0r130c/cr299c/r1058f:2c8d,9hJd|/4hQcKd/Ac:529,-529(529.000000)
872:Player,BR:0cc/cc/r130c/r460r1380f:3c4h,4s8c|/7h8dQs/2h/7s:-690,690(-690.000000)
873:BR,Player:0r130c/cc/r460c/r19310f:3d6c,6hTh|/2d6s7c/6d/7d:690,-690(690.000000)
874:Player,BR:0cc/cc/cc/cr200c:3hQd,2cTh|/5hQcAd/5d/7h:300,-300(300.000000)
875:BR,Player:0r200c/cr390c/cr2070r5520f:5hTd,9dTc|/6h8cJs/Jh:2760,-2760(2760.000000)
876:Player,BR:0cr200c/cc/cr600c/cc:QhKd,4hTc|/2h8sAh/Th/8d:-900,900(90.160335)
877:BR,Player:0r130c/cr299c/r1058r2063f:5c7s,AsAd|/4c9sKd/3h:-1587,1587(-1587.000000)
878:Player,BR:0cc/cc/cc/cr19900f:2d6s,5dAc|/6d7sJd/5h/8d:-100,100(-100.000000)
879:BR,Player:0cc/cc/r200f:9sQs,5dJd|/2h7hTs/7d:100,-100(100.000000)
880:Player,BR:0cr300c/cc/cc/cr800f:JdKh,3hQs|/4h6dAd/2h/Qc:-400,400(-400.000000)
881:BR,Player:0cc/cc/r200c/r600c:4cJs,2dAd|/4h5cJh/3h/3c:-900,900(550.096377)
882:Player,BR:0cr300c/cc/cc/cr800f:JcQd,9hQh|/3s3h9s/As/4h:-400,400(-400.000000)
883:BR,Player:0r130c/cc/r460f:8dKh,6cQh|/8s8cAs/2s:230,-230(230.000000)
884:Player,BR:0cc/cc/cc/r200f:6cAh,3d9h|/4d4c7s/8h/Ad:100,-100(100.000000)
885:BR,Player:0r130c/cc/r460f:3c7c,6h6d|/2dKcAh/4d:230,-230(230.000000)
886:Player,BR:0cr300c/cc/r200f:KhAs,3c6h|/8hQhQd/2d:400,-400(400.000000)
887:BR,Player:0r200c/cc/r19700f:4d8s,5d6d|/4h8cTc/2h:300,-300(300.000000)
888:Player,BR:0cc/cc/cc/r130c:8sTh,6dQc|/3dKsKc/7d/4h:-230,230(70.094400)
889:BR,Player:0r130c/cc/cr460r19310f:7cQs,9cJh|/2c8dAd/6c:690,-690(690.000000)
890:Player,BR:0cc/cc/cr200f:4cTh,2hTs|/3d4hAd/7d:-100,100(-100.000000)
891:BR,Player:0r130c/cr299c/r1058c/r18413f:4s9c,6c8h|/5h8d8c/3h/As:1587,-1587(1587.000000)
892:Player,BR:0cc/cc/r130c/r115r19655f:8sTh,3hQh|/6c9hKs/Ah/5s:-345,345(-345.000000)
893:BR,Player:0r200c/cc/r600r1170r4140c/r13790f:KsAd,6dJd|/4h8dAs/5d/6s:6210,-6210(6210.000000)
894:Player,BR:0cr600c/cc/cc/cc:9hAh,JhKh|/3cJdQd/7d/3s:-700,700(-316.904382)
895:BR,Player:0r200c/cc/cr600f:2d8s,JdKh|/7dTsJs/3d:-300,300(-300.000000)
896:Player,BR:0cc/cc/r200r600f:9cAd,9sTs|/3c4s7c/6s:-300,300(-300.000000)
897:BR,Player:0cc/cr130c/cc/cc:7hAd,4h8d|/7cTsKd/Kc/2s:230,-230(230.000000)
898:Player,BR:0cr300c/r520c/r1196f:9cKd,2sTc|/9hQdKc/7s:920,-920(920.000000)
899:BR,Player:0r200c/cr390c/cc/r19310f:TdQs,5d9s|/4d7sKh/Ah/Ts:690,-690(690.000000)
900:Player,BR:0cr200c/r600c/r1170f:7hAc,2d3d|/4c9sAh/7d:900,-900(900.000000)
901:BR,Player:0r200c/cc/r600f:5c6c,8dTc|/3s6hQd/2h:300,-300(300.000000)
902:Player,BR:0cc/cc/r130r460f:3s8d,5cAs|/6hJhQc/Ad:-230,230(-230.000000)
903:BR,Player:0r200c/cc/r600c/r1800f:5dTd,3h3c|/2h6h9s/2d/Js:900,-900(900.000000)
904:Player,BR:0cc/cc/r130r460f:TdKc,7s9h|/2s5cAc/5h:-230,230(-230.000000)
905:BR,Player:0r200c/cc/r600f:3c4c,6cQc|/7sAhAc/Kh:300,-300(300.000000)
906:Player,BR:0cc/cc/cc/cr200f:6dKc,3sKh|/2c5sJs/Qh/3d:-100,100(-100.000000)
907:BR,Player:0f:3cQd,2c9h|:50,-50(50.000000)
908:Player,BR:0cc/cc/r200c/r390r19310f:6sKc,4h7c|/7h8dTs/Jd/Qs:-690,690(-690.000000)
909:BR,Player:0r300c/cc/cr800r2400f:3hTc,4dKs|/7s9hJs/3s:1200,-1200(1200.000000)
910:Player,BR:0cr600c/cc/cc/r1400c:9dTs,3sTh|/5h9hQs/Ks/Jd:0,-0(-614.720870)
911:BR,Player:0r130c/cr460c/cc/r1380f:2d7d,4hAh|/5hQhKd/Ks/3d:690,-690(690.000000)
912:Player,BR:0cc/cc/cr200c/cr600f:5sKd,2hKh|/2s4h7d/Ah/Ts:-300,300(-300.000000)
913:BR,Player:0r130c/cc/r19770f:2hTd,KhAh|/3h3cKd/Jc:230,-230(230.000000)
914:Player,BR:0cc/cc/cr200f:6dJc,TdAs|/5s8hTc/5c:-100,100(-100.000000)
915:BR,Player:0cc/cc/r19900f:3c9h,7cKh|/2s2cTs/4h:100,-100(100.000000)
916:Player,BR:0cc/cc/r200r600f:5d7c,2sTc|/4s4cQc/8c:-300,300(-300.000000)
917:BR,Player:0r130c/cr690c/r19080f:4s5s,JsJd|/2c5h7s/8d:920,-920(920.000000)
918:Player,BR:0cr200c/cc/cc/r150r19550f:6sKs,4c9d|/JhQsKh/5d/Qd:-450,450(-450.000000)
919:BR,Player:0r130c/cc/cc/cc:JcQc,6hAd|/3s7d8d/4h/Ks:-230,230(-230.000000)
920:Player,BR:0cr200c/cc/r150c/r900r2700f:ThAd,4h9s|/3c4dQd/7s/As:-1350,1350(-1350.000000)
921:BR,Player:0r130c/cc/r460f:5c6h,3dKd|/5sAsAh/Jh:230,-230(230.000000)
922:Player,BR:0cr200c/r390c/cr19310f:7d7c,3s4s|/2sAsAh/Qh:-690,690(-690.000000)
923:BR,Player:0r130c/cc/cc/cr299r19471f:9dTc,9sQs|/3h4cAh/2d/9h:529,-529(529.000000)
924:Player,BR:0cr300c/r800c/cc/r1560r17240f:6cTd,4s7h|/6sThJs/8s/Kc:-2760,2760(-2760.000000)
925:BR,Player:0r200c/cc/r600c/cc:4d6s,9cTd|/7cTsQs/8s/2d:-900,900(-900.000000)
926:Player,BR:0cc/cc/cr200f:3d9h,5hJd|/6d8cTs/Kd:-100,100(-100.000000)
927:BR,Player:0f:3h9c,3c9d|:50,-50(50.000000)
928:Player,BR:0cc/cc/cc/cr19900f:5s9h,5h8h|/4cTsJs/Ah/Tc:-100,100(-100.000000)
929:BR,Player:0r130c/cc/r460f:5hAc,8hAd|/2c3c7s/Tc:230,-230(230.000000)
930:Player,BR:0cc/cc/cr200f:2h6c,6hQc|/7d9cAc/Jc:-100,100(-100.000000)
931:BR,Player:0r130c/cc/cc/r19770f:5hAs,8d9c|/4c8hJs/Ks/Kd:230,-230(230.000000)
932:Player,BR:0cc/cc/r130r460f:2s6d,8dTh|/3h4c7c/8s:-230,230(-230.000000)
933:BR,Player:0r130c/cc/r19770f:JhAh,7cJs|/4h6dJd/2s:230,-230(230.000000)
934:Player,BR:0cc/cc/cr200f:3dAh,8sJc|/5sJhQh/8d:-100,100(-100.000000)
935:BR,Player:0f:JsJd,2s4d|:50,-50(50.000000)
936:Player,BR:0cr300c/cc/r200c/r300r19100f:6sAs,9cQd|/3h6d7c/Kh/Ah:-900,900(-900.000000)
937:BR,Player:0r130c/cc/r460f:3hAh,QhKd|/5s7s7h/7d:230,-230(230.000000)
938:Player,BR:0cc/cc/cc/cc:5cJd,2h8s|/2d3s9s/4c/Qc:-100,100(-6.877193)
939:BR,Player:0r130c/cc/cc/cc:TcAh,TdAd|/3c9hJc/7d/Qc:0,-0(-53.978731)
940:Player,BR:0cc/cc/cc/cr200f:2h8s,3d9h|/JsQhQd/9s/6c:-100,100(-100.000000)
941:BR,Player:0r200c/cc/cr150r19550f:3d8c,TdKh|/2h5hKd/Ac:450,-450(450.000000)
942:Player,BR:0cc/cc/cr200c/cr600f:3hTd,3dJc|/2h3cJd/Qh/Ks:-300,300(-300.000000)
943:BR,Player:0r130c/cr299c/cc/r19471f:4hTs,JdQs|/2h3hAh/6s/9s:529,-529(529.000000)
944:Player,BR:0cc/cc/cc/cc:2s9s,7cQd|/6cTdAc/9d/6s:100,-100(17.139840)
945:BR,Player:0f:6sKs,2hTs|:50,-50(50.000000)
946:Player,BR:0cc/cc/cc/r130c:8s9d,2d5d|/6c8dJh/9c/7d:-230,230(-196.737192)
947:BR,Player:0r130c/cc/r460f:9sQs,6cAd|/2s8hJd/9h:230,-230(230.000000)
948:Player,BR:0cc/cc/r200r600f:5c6d,9cQc|/7h9hAs/Ad:-300,300(-300.000000)
949:BR,Player:0r130c/cr299c/r1058r2063c/cc:7cAh,5cJh|/6s8cJd/5d/2d:-3650,3650(-3650.000000)
950:Player,BR:0cc/cc/cr200r600f:2dAs,3s9d|/2s3dAh/Td:300,-300(300.000000)
951:BR,Player:0cc/cc/r200c/cc:6d7d,4sJs|/2d8hKs/4c/2s:-300,300(-300.000000)
952:Player,BR:0cc/r130c/r115r690c/r207r18758f:4d5s,2s3s|/2h3c4s/9c/Ad:-1242,1242(-1242.000000)
953:BR,Player:0r200c/cc/r600f:QsQd,8cAc|/3h7dJc/5s:300,-300(300.000000)
954:Player,BR:0cc/cc/cr200c/cr19700f:8hAs,3d8c|/6s7hTs/9d/8d:-300,300(-300.000000)
955:BR,Player:0r200c/cc/r600f:4dAh,8d9s|/5cQhKc/7s:300,-300(300.000000)
956:Player,BR:0cc/cc/r130c/r299r1058f:2s7c,8sKs|/3c4h6s/Qc/Jh:-529,529(-529.000000)
957:BR,Player:0f:9cJc,2sTh|:50,-50(50.000000)
958:Player,BR:0cc/cc/r130r460r897r3174f:9hTc,9sQs|/3s8hAh/Qh:-1587,1587(-1587.000000)
959:BR,Player:0r200c/cc/r600f:6dTc,8dKd|/2h4cTd/Qh:300,-300(300.000000)
960:Player,BR:0cc/cc/r200r19700f:9dTc,7cAc|/2h8sTs/3c:-300,300(-300.000000)
961:BR,Player:0r200c/cc/cc/cc:2c5h,6cAd|/4cJsQh/4s/Jd:-300,300(-300.000000)
962:Player,BR:0cr200c/cc/cr600f:7dKs,4dQs|/9cQdAs/6h:-300,300(-300.000000)
963:BR,Player:0r200c/cr390c/r1380c/r4140f:9sAh,2h5h|/4hQdKh/Th/6h:2070,-2070(2070.000000)
964:Player,BR:0cc/cc/cr200f:9hJd,2c6c|/5c6hAd/5s:-100,100(-100.000000)
965:BR,Player:0r130c/cr299c/r19471f:3d5c,2d5d|/6s6h9c/9s:529,-529(529.000000)
966:Player,BR:0cc/cc/cr200f:6dQc,2h3d|/3c4sJs/7d:-100,100(-100.000000)
967:BR,Player:0r130c/cc/cc/r19770f:6sTh,6dQc|/5d8dJd/Qs/3d:230,-230(230.000000)
968:Player,BR:0cr600c/cc/r140c/cr1680c:4d7d,8d9c|/6dTcKd/Td/Ad:-2520,2520(176.945743)
969:BR,Player:0r130c/cr299c/r1058c/cr2063f:7dAs,3h7h|/6sQcAh/5h/8d:-1587,1587(-1587.000000)
970:Player,BR:0cr300c/cc/r200r1200f:4d5d,9hQs|/4cTsTh/7d:-600,600(-600.000000)
971:BR,Player:0r130c/cc/cc/r460f:TcAh,6dKh|/5sJdJc/7s/6h:230,-230(230.000000)
972:Player,BR:0cc/cc/cr200f:6h9s,5s9h|/4cAhAc/Jh:-100,100(-100.000000)
973:BR,Player:0r130c/cr460c/cr897r18413f:5h9h,TdJc|/5sTsJh/Ad:1587,-1587(1587.000000)
974:Player,BR:0cr200c/cc/cc/cr600f:9dKd,4cTc|/8sJsAc/6s/Jh:-300,300(-300.000000)
975:BR,Player:0r200c/cr390c/cr1380r4140c/cr8073f:6s6c,3h4h|/2s5h7h/3c/Ah:-6210,6210(-6210.000000)
976:Player,BR:0cr300c/cc/r200f:7d9h,2c7c|/4c6hQd/Ad:400,-400(400.000000)
977:BR,Player:0r200c/cr390c/cc/cr897f:3dQs,KdAc|/5s6dKc/3c/Kh:-690,690(-690.000000)
978:Player,BR:0cr130c/cc/cr460c/cr1380f:9cAh,7hTh|/2dTdQs/9h/5s:-690,690(-690.000000)
979:BR,Player:0r130c/cc/r460c/cc:9sJh,QsAc|/6sJsKd/2s/8d:690,-690(489.995123)
980:Player,BR:0cc/cc/r130c/r299c:6d7s,JcAc|/9sKsKd/Th/5s:-529,529(-19.713274)
981:BR,Player:0r130c/cr299c/cc/cc:6sAd,7cJd|/4s5dQd/5s/7s:-529,529(-76.703165)
982:Player,BR:0cc/cc/cc/r130f:5hKd,4h6h|/3s6cQc/Tc/Ks:100,-100(100.000000)
983:BR,Player:0r130c/cr460c/cc/r19310f:4sQd,JhQc|/4h6hJd/Ad/5c:690,-690(690.000000)
984:Player,BR:0cr600c/cc/cc/cr19300f:TdAc,3h3d|/5s7cJd/Qh/As:-700,700(-700.000000)
985:BR,Player:0cc/cr130c/cc/r460f:6c9c,4dAs|/4s9hJd/8c/6s:230,-230(230.000000)
986:Player,BR:0cc/cc/r200f:3s7d,3d8h|/6cJcQc/2c:100,-100(100.000000)
987:BR,Player:0cc/cr130c/r460f:3s6h,9sTc|/7cAsAc/Qh:230,-230(230.000000)
988:Player,BR:0cc/cc/cr200c/cr19700f:8cJd,9hAd|/9sTdTc/8h/Qh:-300,300(-300.000000)
989:BR,Player:0r200c/cc/r600c/cr2700f:3s5h,TcKc|/2h7cAc/Qs/Js:-900,900(-900.000000)
990:Player,BR:0cc/cc/cc/cc:6dTs,QcKs|/7h8sJh/Ad/6c:100,-100(-9.180447)
991:BR,Player:0r200c/cc/cr900r2400c/cr16400f:8cJd,KsKc|/2dThAd/Kh/9c:-3600,3600(-3600.000000)
992:Player,BR:0cr600c/r910c/cc/r805c:7sTs,8dAs|/2d3d9d/4c/8c:-2415,2415(-2415.000000)
993:BR,Player:0r130c/cc/r460c/cr897r18413f:TcAc,3sTs|/2c4hAh/5c/2s:1587,-1587(1587.000000)
994:Player,BR:0cr200c/cc/cc/r150f:5s5h,9hTd|/4h8sJd/Ks/3d:300,-300(300.000000)
995:BR,Player:0r130c/cc/r460f:6cAc,4dQh|/9hThAd/3c:230,-230(230.000000)
996:Player,BR:0cc/cc/r130c/r299r19471f:4cKs,6cQd|/7sThKd/6s/5s:-529,529(-529.000000)
997:BR,Player:0cc/cr130c/cr460f:3h7s,4h7h|/JhKhKc/Ac:-230,230(-230.000000)
998:Player,BR:0cc/cc/cc/cr200f:2s4h,8hQs|/7c9sKs/9c/6d:-100,100(-100.000000)
999:BR,Player:0f:3cTh,2d6c|:50,-50(50.000000)
1000:Player,BR:0cc/cc/cr200f:6hAc,2c6c|/7s9s9h/Ts:-100,100(-100.000000)
RAW BR STATS: n=1000, sum=348596.000000, sum_sq=6694907308.000000, vr_sum=307917.790648, vr_sum_sq=5321378487.883780
BR STATS: 348.596000(158.909810), 307.917791(141.698174)
RESULTS
1)BR: 348596
2)Player: -348596
