In config file: GAME_DEF=game_def.fullholdem
In config file: ACTIONS_R0=F,C
In config file: ACTIONS_R1=F,C
In config file: ACTIONS_R2=F,C
In config file: ACTIONS_R3=F,C
Loading player: rgbr_nl_cprg.so
Player args: /home/viliam/cprg/project_uoapoker/trunk/src/c/meta_player.so /home/viliam/cprg/project_uoapoker/trunk/src/c/acpc14.map
Using seed 8.
1:Player,BR:0cc/cc/cc/cc:2h8h,8s9s|/2s5sJc/Ks/Qs:-100,100(-85.881699)
2:BR,Player:0r130c/cr299f:2d7c,6hJc|/3h4cTd:-230,230(-230.000000)
3:Player,BR:0cc/cc/cc/r130f:3h7c,2s8s|/4h4d9h/Td/As:100,-100(100.000000)
4:BR,Player:0f:8d9c,3cTs|:50,-50(50.000000)
5:Player,BR:0cc/cc/r130c/r115f:7h9d,6hTh|/2s5hKh/Qc/7d:230,-230(230.000000)
6:BR,Player:0r130c/cr299c/cc/cc:6cQc,4d5h|/3s7dKd/8s/Js:529,-529(-354.693352)
7:Player,BR:0cr300c/cc/r800f:5h7h,3hQc|/7s9dKd/7c:400,-400(400.000000)
8:BR,Player:0r130c/cc/cc/cc:9sAs,7dAh|/2h8sJs/5c/4c:230,-230(159.771821)
9:Player,BR:0cc/cc/cc/r130c:3cJd,2h7h|/8dTcQh/Jh/5d:230,-230(61.164275)
10:BR,Player:0r130c/cr299c/cc/cr687f:4sTd,9dKd|/7hJsKh/5c/8d:-529,529(-529.000000)
11:Player,BR:0cr600f:8sJd,4d7c|:100,-100(100.000000)
12:BR,Player:0r130c/cr299c/cr687c/cc:7s8c,6d6c|/3h6s7h/5s/Ks:-1216,1216(356.711748)
13:Player,BR:0cc/cc/cc/cc:2hKs,2c5h|/3cJhAs/9s/Qc:100,-100(99.245843)
14:BR,Player:0f:9cJs,2s7d|:50,-50(50.000000)
15:Player,BR:0cc/cc/cc/r130f:2h3s,9dJd|/5s7sKs/Js/Td:100,-100(100.000000)
16:BR,Player:0f:4dKd,2c8s|:50,-50(50.000000)
17:Player,BR:0cc/cc/r200f:5c7d,2d3s|/4sKdKc/Jc:100,-100(100.000000)
18:BR,Player:0r300c/cc/cc/cr520c:6sKc,9dTd|/4sTcJh/Kd/2c:920,-920(900.350236)
19:Player,BR:0cc/cc/r200c/cc:2h5d,8cKc|/3dQsAh/Ad/6c:-300,300(-253.415651)
20:BR,Player:0r130c/cc/cr299c/cr1587c:5cAd,2cTc|/8hKhAc/Kd/9s:2116,-2116(418.021006)
21:Player,BR:0cr300c/r520c/r2760c/r16320f:2s2d,5d9s|/2c4cAd/9h/6d:3680,-3680(3680.000000)
22:BR,Player:0cc/cc/cc/cc:AsAc,2dQs|/TdQcAd/8s/Ks:100,-100(100.000000)
23:Player,BR:0cc/cc/r130c/cc:8dTh,5cAs|/4c5sQc/8h/7c:230,-230(208.413862)
24:BR,Player:0r130c/cc/cr115c/cr1035c:3sQh,JhQs|/9hThTd/Jc/Ks:0,-0(-325.541593)
25:Player,BR:0cr300f:5c7h,4h6c|:100,-100(100.000000)
26:BR,Player:0r130c/cc/cc/cr299f:3hTh,7sJh|/2cQhAd/5s/9d:-230,230(-230.000000)
27:Player,BR:0cr200c/r390c/cc/r138f:JhJd,2dTh|/8sJsAd/Tc/9h:690,-690(690.000000)
28:BR,Player:0r130c/cc/cr460c/cr1380f:6d8h,KhKd|/3s3hKc/9s/Ac:-690,690(-690.000000)
29:Player,BR:0cc/cc/cc/r130c:3sKc,7dJs|/5hTsKd/Tc/6h:230,-230(52.814799)
30:BR,Player:0r130c/cr299f:4s5d,3s4h|/6sJcKd:-230,230(-230.000000)
31:Player,BR:0cc/cc/cc/cc:9dQc,9hKs|/3s5sTh/5c/4c:-100,100(-19.635857)
32:BR,Player:0r200c/cr390c/cr897c/cc:8cJh,3d5c|/9hQdKh/6c/5d:-1587,1587(-1587.000000)
33:Player,BR:0cc/cc/cc/cc:4dQs,3s8s|/4c7c9c/5d/6h:-100,100(-91.260282)
34:BR,Player:0r300c/cc/cr200c/cc:2dKs,9cJs|/JdKdAc/8s/5d:600,-600(600.000000)
35:Player,BR:0cc/cc/cc/r130f:9sQd,3d7c|/4s4cTd/5c/9h:100,-100(100.000000)
36:BR,Player:0r130c/cc/cr115c/cc:4hJc,7dQc|/2h5hKc/Jh/Qh:345,-345(345.000000)
37:Player,BR:0cr200c/r390c/cc/cc:9cJh,3dKh|/7cQhQd/5s/Tc:-690,690(127.045300)
38:BR,Player:0cc/cr130c/cr690c/cr5520c:7dKh,ThJs|/4d6d8c/As/3c:6440,-6440(5979.103443)
39:Player,BR:0cc/cc/r130c/cc:2sJd,3sAd|/8h9dQc/5s/2d:230,-230(7.927896)
40:BR,Player:0r200c/cc/cr150c/cr585f:JdAs,KsAd|/6d9d9c/2s/Kc:-450,450(-450.000000)
41:Player,BR:0cc/cc/cc/cc:5hQd,4sQh|/6dJdAs/Ah/Td:0,-0(5.723061)
42:BR,Player:0r200f:2c5h,4c5d|:-100,100(-100.000000)
43:Player,BR:0cc/cc/cc/r130c:2d8s,3c6h|/2s3h7s/3s/Jh:-230,230(-215.605027)
44:BR,Player:0r200c/cr390c/cr897c/cc:5cTh,9sQc|/8s8hTd/Ac/8d:1587,-1587(1587.000000)
45:Player,BR:0cc/cc/cc/r130f:2h7h,3d5h|/8sJhKc/4c/Ad:100,-100(100.000000)
46:BR,Player:0f:3s7h,2d4s|:50,-50(50.000000)
47:Player,BR:0cc/cc/cc/cc:2s5s,KcAd|/6h8sJh/9c/Td:-100,100(45.813176)
48:BR,Player:0r130c/cr299c/cr1058c/cr3174f:2cJh,AhAd|/2d6sQc/Ts/3d:-1587,1587(-1587.000000)
49:Player,BR:0cr300c/cc/cc/r200c:8cKd,ThKh|/7sAhAc/Jh/Jd:0,-0(-228.213299)
50:BR,Player:0r130c/cr460f:5cJc,ThQc|/8sTsTd:-230,230(-230.000000)
51:Player,BR:0cr600c/cc/cc/r1400c:6s7s,9cTd|/4c7dTc/Ts/6h:-2100,2100(-1732.965963)
52:BR,Player:0r130c/cr690c/cr2760c/cc:3c4c,3dKh|/2h5sQh/4s/Qd:3680,-3680(1920.800509)
53:Player,BR:0cc/cc/cc/r300c:3sQd,6sTs|/6hKsAh/Tc/Jc:400,-400(-33.098596)
54:BR,Player:0cc/cr130c/cc/cc:5h9s,4h7c|/8cQcAs/3s/3d:230,-230(118.547123)
55:Player,BR:0cc/cc/r130c/r299f:6dAs,2s9d|/5cTsAh/4h/Qh:230,-230(230.000000)
56:BR,Player:0f:7c8c,2c4d|:50,-50(50.000000)
57:Player,BR:0cc/cc/r130c/cc:9dTh,TdKh|/6h8cTs/Kc/Js:-230,230(-230.000000)
58:BR,Player:0cc/cr130c/cr299c/cr1058f:5c8c,9cJs|/5s9h9d/6c/6h:-529,529(-529.000000)
59:Player,BR:0cr600c/cc/cc/r910f:5dAs,TdKd|/7s7c8c/Ac/3s:700,-700(700.000000)
60:BR,Player:0r130c/cr299f:2c5d,4hJh|/3d6sTs:-230,230(-230.000000)
61:Player,BR:0cr200c/cc/cc/cc:8cAd,5sQd|/7h9cQc/5c/2h:-300,300(-280.914319)
62:BR,Player:0r130c/cc/cc/cc:2cTc,4h6c|/6h7s9h/Ah/Kd:-230,230(-230.000000)
63:Player,BR:0cr300f:QhKh,4h6s|:100,-100(100.000000)
64:BR,Player:0r130c/cr299c/cr1058f:6dJd,3d5d|/8d8cAd/Ts:-529,529(-529.000000)
65:Player,BR:0cc/cc/cc/r200f:7dJs,TsTh|/7h8cTd/9s/4d:100,-100(100.000000)
66:BR,Player:0r130c/cc/cc/cc:6d9h,KdAs|/3d7s9d/Qd/Qh:230,-230(230.000000)
67:Player,BR:0cc/cc/cc/cc:3sAd,4c5h|/6c9hKh/Js/2d:100,-100(94.176051)
68:BR,Player:0r200c/cr390c/cc/cc:7dKd,JhJd|/5d7s8s/Kh/6h:690,-690(690.000000)
69:Player,BR:0cc/cc/cc/cc:3h7s,6s8h|/2sTcQh/7c/Ad:100,-100(86.294815)
70:BR,Player:0f:8dJd,3c7h|:50,-50(50.000000)
71:Player,BR:0cr300c/cc/r200c/r780c:9cQc,5sJd|/2c9sJh/6s/2d:-1380,1380(-1276.287726)
72:BR,Player:0r130c/cr299c/cr687c/cc:TsQs,2c9c|/7d7c9h/3h/Ad:-1216,1216(-401.058302)
73:Player,BR:0cc/cc/cc/cc:9cQs,5d6c|/TdJhJc/Ad/Jd:100,-100(45.800572)
74:BR,Player:0r130c/cc/cc/cc:3d5d,7hKh|/9cJhJd/5s/Ac:230,-230(201.827137)
75:Player,BR:0cc/cc/cc/cc:7cTd,8cAs|/4d6sQc/4c/Jh:-100,100(-47.336304)
76:BR,Player:0r130c/cc/cc/cc:7sAc,9hJc|/2cKhAh/2h/9s:230,-230(230.000000)
77:Player,BR:0cc/r130c/cc/cc:4d9h,TdKc|/3c6s7h/4s/6d:230,-230(230.000000)
78:BR,Player:0r130c/cr299c/cc/cc:TsQc,3s3d|/7h8s8c/Kh/As:-529,529(76.625727)
79:Player,BR:0cc/cc/cc/r300c:2dJs,ThTc|/6d7dTs/7c/9s:-400,400(-400.000000)
80:BR,Player:0r130c/cc/cr299c/cc:6sAc,7cJc|/3h5dAh/7s/9d:529,-529(529.000000)
81:Player,BR:0cr300f:4sAs,2c3h|:100,-100(100.000000)
82:BR,Player:0cc/cr130c/cr1380c/cc:4s6h,6c7h|/2d4cJs/Ks/Th:1610,-1610(1610.000000)
83:Player,BR:0cc/cc/cc/r130c:3hJs,2h7c|/2s5d9c/3d/7h:-230,230(-188.204227)
84:BR,Player:0r130c/cr299c/cr687c/cr1580c:5hQh,7h8c|/3c5s8h/8s/Ks:-2796,2796(-1114.852950)
85:Player,BR:0cc/cc/cc/cc:QcKs,8hTc|/2hTsJs/6d/3c:-100,100(-89.115260)
86:BR,Player:0cc/cr130c/cc/cr299c:KhKd,3hQs|/9sQcKs/As/Qh:529,-529(529.000000)
87:Player,BR:0cr300c/cc/r200c/r300c:3h5h,4cTh|/5d6d7s/Js/3d:-900,900(-783.991918)
88:BR,Player:0f:7hKh,2hTs|:50,-50(50.000000)
89:Player,BR:0cr200f:4cQc,3h4s|:100,-100(100.000000)
90:BR,Player:0r130c/cc/cc/cr299c:7sQc,3dJd|/6h9sKc/6d/5c:529,-529(-78.535999)
91:Player,BR:0cc/cc/r130c/r690f:3h8c,TcAh|/3s7h8h/4s/Kh:230,-230(230.000000)
92:BR,Player:0cc/cc/cc/cr200c:4dKs,7h9c|/6h9hKh/6s/2h:-300,300(-17.113733)
93:Player,BR:0cr600f:TcJc,2cTs|:100,-100(100.000000)
94:BR,Player:0r130c/cr299c/cr1587f:7dQd,4sQh|/3d6sTs/3s:-529,529(-529.000000)
95:Player,BR:0cr300f:TdQh,2s6h|:100,-100(100.000000)
96:BR,Player:0r130c/cc/cc/cc:6h7h,KcAs|/4h8dQs/Js/Jc:-230,230(-230.000000)
97:Player,BR:0cc/cc/cc/r130f:2d8d,2c9s|/5c8sQc/Ks/Kc:100,-100(100.000000)
98:BR,Player:0cc/cc/cc/cc:3c4c,7sJh|/2h9sQh/2d/As:-100,100(-100.000000)
99:Player,BR:0cr300c/cc/r200c/cc:5h9h,JsKh|/4h6hKd/Jh/Qc:600,-600(-463.860209)
100:BR,Player:0r130c/cc/cc/cc:9sQc,8s8h|/4cJhKs/Qh/6h:230,-230(230.000000)
101:Player,BR:0cc/cc/cc/cc:8cQs,2h6h|/9hTcAh/7s/Jh:-100,100(-98.351276)
102:BR,Player:0r200c/cc/cc/cr390f:6h8h,JsJh|/2c9dQc/Ad/Qh:-300,300(-300.000000)
103:Player,BR:0cc/cc/cc/cc:7dTs,7hTh|/2c5h8c/Ah/Ad:0,-0(68.753981)
104:BR,Player:0f:7dAs,3d7s|:50,-50(50.000000)
105:Player,BR:0cr130c/cc/cc/r115f:7sAs,9sJc|/5h6cAc/5c/Qh:230,-230(230.000000)
106:BR,Player:0r130c/cr299c/cc/cc:5cQc,JcAh|/2h2d4h/9s/6s:-529,529(-332.826208)
107:Player,BR:0cr1200c/r3900c/r6760c/r2392f:JsKh,5cTd|/3h9hTs/4c/Jd:11960,-11960(11960.000000)
108:BR,Player:0r130c/cr460f:2c4h,9sQs|/7s9dQh:-230,230(-230.000000)
109:Player,BR:0cr300f:8hTh,5h6s|:100,-100(100.000000)
110:BR,Player:0r130c/cc/cr299c/cr1058c:7sTs,2d3d|/3cTdAd/4d/8h:-1587,1587(130.953362)
111:Player,BR:0cc/cc/cc/r130f:8c9d,6c7h|/6sThQd/3c/Js:100,-100(100.000000)
112:BR,Player:0r130c/cc/cr299c/cc:7hKc,6h9d|/8cJdQh/Js/9s:-529,529(-529.000000)
113:Player,BR:0cc/cc/cc/r130f:3sQc,2h9s|/4d7h8s/4h/Qd:100,-100(100.000000)
114:BR,Player:0r130c/cc/cc/cr299f:4d6s,6c8s|/3h8h9d/Jd/7h:-230,230(-230.000000)
115:Player,BR:0cc/cc/cc/cc:4cJc,7dTc|/2c4d6c/2h/8c:100,-100(96.242458)
116:BR,Player:0r200c/cr900c/cr1560f:9hKc,4hQh|/3hThJh/Ts:-1200,1200(-1200.000000)
117:Player,BR:0cc/cc/cc/cc:5sTh,TsJh|/4d5c7h/2h/Ah:100,-100(93.479054)
118:BR,Player:0r130c/cc/cc/cr460f:3hQs,4cKs|/7h8cJs/4s/4d:-230,230(-230.000000)
119:Player,BR:0cc/cc/cc/r300f:4h9d,5hQc|/3dThAs/6s/Kd:100,-100(100.000000)
120:BR,Player:0r130c/cc/cc/cc:9h9d,QsAh|/5d9sJd/Tc/Th:230,-230(230.000000)
121:Player,BR:0cc/cc/cc/cc:4sJh,5s8c|/4cKsAd/9d/Tc:100,-100(55.745798)
122:BR,Player:0r130c/cc/cc/cr460c:TcAd,TsKs|/3d6s7h/5h/Js:690,-690(690.000000)
123:Player,BR:0cr300f:5hAd,2s8s|:100,-100(100.000000)
124:BR,Player:0cc/cc/cc/cr200c:8h8d,4hTh|/6s7h8c/6c/Ah:300,-300(297.422837)
125:Player,BR:0cr200c/r390c/r1380c/cc:4hAh,QcAc|/5h8dTc/3c/7c:-2070,2070(-2070.000000)
126:BR,Player:0cc/cc/cc/cc:5s7s,4s7d|/2c7hAc/5h/Jh:100,-100(100.000000)
127:Player,BR:0cr200c/r390c/cc/r897c:6d7d,QsAs|/4c9dKc/Tc/5c:-1587,1587(-1120.702541)
128:BR,Player:0r130c/cr299f:2s3c,7sAc|/7cQcAh:-230,230(-230.000000)
129:Player,BR:0cr300c/cc/cc/r520c:ThTc,6dKc|/2hJsKd/2s/4c:-920,920(-915.576723)
130:BR,Player:0r200c/cc/cc/cr600c:JhJd,9sTd|/4dQdKc/6s/4h:900,-900(-56.923107)
131:Player,BR:0cc/cc/cc/cc:4dAh,5cKd|/JsKsAs/6c/Qc:100,-100(-84.386193)
132:BR,Player:0r130c/cr299c/cc/cc:4sTc,3sQd|/5c6hTh/7h/Kh:529,-529(-171.628015)
133:Player,BR:0cr300c/cc/r800c/r2400c:JdAc,4s8s|/7s8cTc/4c/6d:-3600,3600(-477.891531)
134:BR,Player:0r200c/cc/cc/cc:5sTd,9dJs|/2h9hTh/6h/2s:300,-300(236.224949)
135:Player,BR:0cc/cc/cc/cc:5cQd,9hKh|/3c9sTh/4h/Kc:-100,100(-98.600113)
136:BR,Player:0f:3cJd,2c3s|:50,-50(50.000000)
137:Player,BR:0cr200c/cc/cc/cc:3h3d,KhAc|/8d9dKd/Ad/Js:300,-300(-138.702429)
138:BR,Player:0r130c/cr460c/cc/cr1380c:JdJc,7dQc|/2h3d4s/8s/5c:2070,-2070(987.513619)
139:Player,BR:0cc/cc/cc/cc:5cJh,3cTh|/8h9dTs/5s/6d:-100,100(-81.745990)
140:BR,Player:0r130c/cc/cr299c/cr687c:9dQs,8s8d|/3c7dAc/5s/8h:-1216,1216(1067.221027)
141:Player,BR:0cr200c/r390c/r897c/cc:6d9s,5cQc|/3cTsJc/8s/Js:-1587,1587(-1152.717206)
142:BR,Player:0r130c/cc/cc/cr299f:5d6c,7h9c|/4d9sAc/6s/3s:-230,230(-230.000000)
143:Player,BR:0cr300c/r520c/r1840f:8s8h,5h9c|/3h7c8c/2s:920,-920(920.000000)
144:BR,Player:0r130c/cc/cc/cc:5cJs,4s7d|/4dQcAd/8d/Ks:-230,230(-216.257371)
145:Player,BR:0cr300c/cc/cc/cc:8dAd,JcQs|/7c9hKs/2d/3d:400,-400(392.742115)
146:BR,Player:0r200c/cc/cr390f:3h9c,TdKc|/2c5sKd/7s:-300,300(-300.000000)
147:Player,BR:0cr300f:3cTc,2h5s|:100,-100(100.000000)
148:BR,Player:0cc/cr130c/cr299c/cc:3s9c,7cAs|/3c4dJd/5d/6d:-529,529(-529.000000)
149:Player,BR:0cc/cc/cc/cc:5hJs,3d6c|/2dJcQd/Kc/Td:100,-100(87.561879)
150:BR,Player:0r130c/cr299f:2h9d,2dAh|/5c6hTc:-230,230(-230.000000)
151:Player,BR:0cc/cc/cc/r130c:4dJh,3hQc|/7h8cAh/2c/5h:-230,230(27.245357)
152:BR,Player:0r130c/cc/cc/cc:3hTh,8cAs|/6c7hJd/5d/5s:-230,230(-230.000000)
153:Player,BR:0cc/cc/cc/r130f:6h7s,4sJh|/6c9hQh/9c/Kd:100,-100(100.000000)
154:BR,Player:0r200c/cr390c/cr345f:6sKs,4h9h|/5s9cQd/Qc:-690,690(-690.000000)
155:Player,BR:0cc/cc/cc/cc:TsKh,8cTd|/6d9dQc/9s/Ks:100,-100(48.358087)
156:BR,Player:0r130c/cr299c/cc/cc:7s7d,8cTd|/5c7cAd/Ah/6c:529,-529(529.000000)
157:Player,BR:0cc/cc/r130c/r115c:JhQc,4cJd|/3h7hJc/Qs/2d:345,-345(122.987701)
158:BR,Player:0r130c/cc/cr299f:9hJc,6cQc|/2d3d4h/Th:-230,230(-230.000000)
159:Player,BR:0cc/cc/cc/cc:4s9c,JhQs|/4d5d6h/2c/5s:100,-100(95.227815)
160:BR,Player:0r130c/cr299c/cc/cc:9hJs,6cJh|/5d9cKc/6h/7h:529,-529(246.395903)
161:Player,BR:0cr300c/cc/cc/r520c:TcKc,5s5c|/5h9dQh/9s/6h:-920,920(-914.240047)
162:BR,Player:0cc/cr200f:7cTd,2cQd|/2h4d8c:-100,100(-100.000000)
163:Player,BR:0cc/cc/r200c/cc:4hJs,2dQs|/5cTcAs/3h/Kc:-300,300(-88.742053)
164:BR,Player:0cc/cr130c/cr299c/cc:5cJh,3hQd|/5h8hQc/4c/9d:-529,529(-357.501851)
165:Player,BR:0cc/cc/cc/cc:2hTd,7c9h|/4s6h6d/9s/Qc:-100,100(-72.787288)
166:BR,Player:0r130c/cc/cc/cc:8h9h,4sJh|/2s2hQs/Ks/8d:230,-230(185.785965)
167:Player,BR:0cc/cc/cc/cc:6hKd,4c6s|/3h4s7h/3d/Jd:-100,100(-71.296100)
168:BR,Player:0r130c/cr690c/cc/cr1840c:2c6h,4c5s|/2d9sJh/2h/3c:2760,-2760(2760.000000)
169:Player,BR:0cc/cc/r130c/r460f:7dTs,5hTh|/7hTdQc/3d/Jd:230,-230(230.000000)
170:BR,Player:0f:5dTc,3dTh|:50,-50(50.000000)
171:Player,BR:0cr300f:5s9s,3d9c|:100,-100(100.000000)
172:BR,Player:0cc/cc/cr200f:7s8c,6h8d|/2h6cKs/5s:-100,100(-100.000000)
173:Player,BR:0cc/cc/cc/cc:7cKd,QcKc|/4h4dJd/Qh/9d:-100,100(-87.953485)
174:BR,Player:0f:7c8s,3h7d|:50,-50(50.000000)
175:Player,BR:0cc/cc/cc/r130c:2dQh,5s5d|/6dQcKh/Qs/6h:230,-230(52.271336)
176:BR,Player:0r130c/cr299c/cc/cc:2s5h,8hKc|/5d9dQc/4h/9c:529,-529(519.041833)
177:Player,BR:0cc/cc/cc/cc:2cTd,3d5d|/5cTcKs/6s/3c:-100,100(-85.293264)
178:BR,Player:0r130c/cr460c/cc/cc:ThQc,3sJh|/4hTdJs/7s/Kd:-690,690(-13.152838)
179:Player,BR:0cr200c/cc/cc/r150c:7c8s,3cQd|/2cJdKc/5h/Ac:-450,450(200.421126)
180:BR,Player:0r130c/cr299f:2c3d,3h4c|/5s7sAc:-230,230(-230.000000)
181:Player,BR:0cc/cc/cc/cc:5cAh,2cKs|/4c6dTc/Jc/6s:100,-100(15.807352)
182:BR,Player:0r200c/cc/cr390c/cc:8dAh,5hKh|/8cJhKs/Ac/Qs:690,-690(593.909068)
183:Player,BR:0cr200c/cc/r150c/cc:KcAd,2dKh|/9dJhQs/9s/8c:450,-450(324.263774)
184:BR,Player:0r130c/cr460f:3c5s,JsAc|/6s8dJc:-230,230(-230.000000)
185:Player,BR:0cr300c/cc/r200c/r300c:6cKc,9dQc|/3cJhKh/9h/As:900,-900(230.072491)
186:BR,Player:0cc/cr130c/cc/cr299f:4cJh,3cQs|/5s9dTs/Qd/6s:-230,230(-230.000000)
187:Player,BR:0cr600c/r910c/cc/r2093f:8sAs,3sKd|/2d2cKh/Ah/9d:1610,-1610(1610.000000)
188:BR,Player:0r300f:3s5c,2hKc|:-100,100(-100.000000)
189:Player,BR:0cc/cc/r130c/r299f:TcJd,4s7c|/3d7s8h/6h/9c:230,-230(230.000000)
190:BR,Player:0r130c/cc/cr299c/cc:9s9h,5dJc|/4d4cJh/Th/Kh:-529,529(-393.903829)
191:Player,BR:0cc/cc/cc/r130c:7c9d,3cTs|/3h5c9h/Jh/Qc:230,-230(-15.699673)
192:BR,Player:0r300c/cr1200c/cr3200c/cc:2hQh,9sKd|/7s8cQs/9c/2s:4800,-4800(4800.000000)
193:Player,BR:0cr130c/cc/r460f:6d7s,4c7d|/4h9sJc/8s:230,-230(230.000000)
194:BR,Player:0f:JhKs,3d8c|:50,-50(50.000000)
195:Player,BR:0cc/cc/cc/r130c:7cKh,7h8c|/5dQhKs/Ac/Td:230,-230(87.184967)
196:BR,Player:0r130c/cc/cr115c/cc:6c9h,2cKc|/3s5cTs/2h/4s:345,-345(345.000000)
197:Player,BR:0cr300f:5c7c,3c4s|:100,-100(100.000000)
198:BR,Player:0r130c/cr299f:2cTs,3c6c|/5c7s7h:-230,230(-230.000000)
199:Player,BR:0cc/cc/cc/r130c:6d8c,6cTs|/5h6sQd/8h/7s:230,-230(-88.201163)
200:BR,Player:0r130c/cc/cr460c/cr1380f:JhKc,6h9d|/3h6c7h/9s/Ad:-690,690(-690.000000)
201:Player,BR:0cc/cc/cc/r130f:5s9d,7s9h|/6cTsTh/Ac/4h:100,-100(100.000000)
202:BR,Player:0cc/cr130c/cc/cc:6hJc,4s8h|/6sQcAc/9h/8s:-230,230(21.068159)
203:Player,BR:0cc/cc/cc/cc:5hJd,7dKs|/2s2hKc/Jh/Qs:-100,100(-84.079173)
204:BR,Player:0r130c/cc/cc/cr460f:8h8d,QsKs|/5d7dAd/3c/Qc:-230,230(-230.000000)
205:Player,BR:0cr130c/cc/r115c/r1035c:8dTc,9sAh|/3h5dJs/3s/6d:-1380,1380(-675.953007)
206:BR,Player:0cc/cc/cr200c/cc:3c4c,2sJh|/6h7dJs/4s/4d:300,-300(300.000000)
207:Player,BR:0cr200c/cc/cc/r150c:JhAc,8hAd|/2s7hJs/Kd/2d:450,-450(238.191873)
208:BR,Player:0r200c/cc/cc/cr600c:8sJd,3sKh|/5s7d8h/6h/7c:900,-900(517.864057)
209:Player,BR:0cc/cc/r200c/r390f:5dTc,4sKs|/4h6s8c/Td/7h:300,-300(300.000000)
210:BR,Player:0r130c/cc/cr115c/cc:4c6c,ThJs|/3c4h5s/7s/Ad:345,-345(345.000000)
211:Player,BR:0cc/cc/r200c/cc:5sQh,4s6s|/3h5dQd/6d/9d:300,-300(285.900313)
212:BR,Player:0r130c/cc/cr299c/cr1587f:9sJh,7c8d|/3s7sKs/8h/2c:-529,529(-529.000000)
213:Player,BR:0cr300c/cc/cc/cc:8hAs,3hAd|/2d9cTs/7d/7c:0,-0(228.681509)
214:BR,Player:0r130c/cc/cr299c/cr1587f:7sKh,TdQh|/7hKdAd/Jd/Th:-529,529(-529.000000)
215:Player,BR:0cr600c/cc/cc/cc:2h2d,JcQs|/5s9cKd/Ac/Ad:700,-700(-137.506704)
216:BR,Player:0r130c/cc/cr690c/cc:JdAh,TdQc|/3h6d8s/Ad/2c:920,-920(920.000000)
217:Player,BR:0cr600f:9s9d,3h7c|:100,-100(100.000000)
218:BR,Player:0cc/cr130f:5s9h,3h6c|/4s4h7h:-100,100(-100.000000)
219:Player,BR:0cr600c/r910f:9cAc,6h8h|/3h7cAd:700,-700(700.000000)
220:BR,Player:0r130c/cc/cc/cr460c:6h6d,2hAs|/3d7sAd/4d/5c:690,-690(240.700332)
221:Player,BR:0cr300c/cc/r520f:6s9s,5dTs|/2h6d9h/3h:400,-400(400.000000)
222:BR,Player:0r130c/cr460c/cr2070c/cr16560f:3hTs,4d5h|/3d6c7c/Ks/Td:-2760,2760(-2760.000000)
223:Player,BR:0cc/cc/cc/r130f:2d6c,2h5c|/3hThAs/9s/Qc:100,-100(100.000000)
224:BR,Player:0r200c/cr390c/cr1380c/cr2691c:5cKh,TsQs|/7sTcQd/5d/7c:-4761,4761(657.305253)
225:Player,BR:0cc/cc/cc/cc:3c8h,6cQd|/3hTcJc/7h/Ad:100,-100(69.955116)
226:BR,Player:0r130c/cc/cr299f:2hJs,2c9c|/7s9dAs/4c:-230,230(-230.000000)
227:Player,BR:0cc/cc/cc/cc:3c5h,7sKc|/8s9sAd/Th/Qs:-100,100(54.267518)
228:BR,Player:0r130c/cc/cr690c/cr1196c:9cQd,9dQh|/4c5sKd/Qs/Kc:0,-0(-98.869826)
229:Player,BR:0cc/cc/r300f:6sKc,TsKd|/2c9cAc/5c:100,-100(100.000000)
230:BR,Player:0cc/cr130c/cr1380c/cc:7sAc,3dJs|/2d7d9s/6d/8c:1610,-1610(1139.068365)
231:Player,BR:0cc/cc/cc/cc:2c8s,3h8h|/4s4d6s/Jh/Qs:0,-0(81.532294)
232:BR,Player:0f:4d9h,2c3d|:50,-50(50.000000)
233:Player,BR:0cr200c/cc/cc/r150c:4d7s,7dQd|/3hTdKh/3d/2s:-450,450(120.142003)
234:BR,Player:0r130c/cr690f:4d6s,ThAd|/7dQsAh:-230,230(-230.000000)
235:Player,BR:0cr200c/r390f:5s9s,6hTc|/3h8sKc:300,-300(300.000000)
236:BR,Player:0r200c/cc/cc/cr390c:4s9h,5d7d|/2s3dJh/9d/8h:690,-690(439.862717)
237:Player,BR:0cr600c/cc/r350c/r1365f:QdQc,5sKc|/7sTsJd/Kh/9s:1050,-1050(1050.000000)
238:BR,Player:0cc/cc/cc/cc:9sQs,2dKs|/4d5c8d/3h/7s:-100,100(-100.000000)
239:Player,BR:0cr300c/cc/cc/r200f:7cKh,6cQs|/2hJdAc/4c/7s:400,-400(400.000000)
240:BR,Player:0cc/cr130c/cc/cr299f:4sJh,4h9c|/3s6c9d/Kd/6s:-230,230(-230.000000)
241:Player,BR:0cc/cc/cc/cc:2sJh,3s4h|/7d8hJs/2h/5h:100,-100(99.395293)
242:BR,Player:0r130c/cc/cr299c/cc:3cQh,7s8s|/4dTsQc/9s/Ad:529,-529(525.656182)
243:Player,BR:0cr300f:KsKh,4d7h|:100,-100(100.000000)
244:BR,Player:0r130c/cc/cc/cc:4dAd,3s5d|/3c8hAc/Jc/Ah:230,-230(230.000000)
245:Player,BR:0cc/cc/cc/cc:5dQh,8dAc|/4c9cKc/2d/7c:-100,100(-100.000000)
246:BR,Player:0r200c/cc/cc/cr600f:4c5d,8hKc|/5hQhKh/3h/8d:-300,300(-300.000000)
247:Player,BR:0cr200c/cc/cc/r150c:3dAd,7s9s|/5s9hAh/Js/4s:-450,450(-440.201606)
248:BR,Player:0r130c/cc/cc/cc:4hAc,TsAs|/3h6hJc/9d/Js:-230,230(-63.675603)
249:Player,BR:0cc/cc/cc/r130c:8sQd,7sJc|/5dJhQh/5c/Qs:230,-230(-96.893800)
250:BR,Player:0r130c/cc/cc/cc:JcAh,9dQd|/3hTcAd/5s/3c:230,-230(230.000000)
251:Player,BR:0cc/cc/cc/cc:8cJh,6d8d|/2s7cJc/Ah/2h:100,-100(93.054617)
252:BR,Player:0r130c/cc/cc/cc:7s9c,6sJd|/4s6d7d/9d/Ah:230,-230(230.000000)
253:Player,BR:0cr200c/cc/cc/cc:9dKc,TsKd|/2c3h5s/6d/Ac:-300,300(75.974430)
254:BR,Player:0r130c/cc/cr299c/cc:JsAh,6cTc|/2d4h4c/7h/9c:529,-529(382.403305)
255:Player,BR:0cr300c/cc/cc/cc:3s5s,6hJc|/5d6c8d/3c/2d:400,-400(-121.910643)
256:BR,Player:0r130c/cc/cr115c/cr1035f:4cKd,4hQd|/4d5d9c/Qh/8d:-345,345(-345.000000)
257:Player,BR:0cc/cc/r300f:8dKs,ThAh|/4c8hTs/8s:100,-100(100.000000)
258:BR,Player:0r130c/cc/cc/cr299c:2cKs,8cJs|/9dJcKh/9s/5s:529,-529(511.474072)
259:Player,BR:0cc/cc/cc/cc:9dQh,4sKc|/3dAsAd/Qs/6c:100,-100(-18.478258)
260:BR,Player:0r130c/cr299c/cr687c/cc:JcKs,5hAh|/3h7cQc/6c/Js:1216,-1216(523.755994)
261:Player,BR:0cc/cc/cc/cc:2cAd,JhKs|/5dJdKh/Qc/3c:-100,100(-98.877549)
262:BR,Player:0f:2h5c,2c9h|:50,-50(50.000000)
263:Player,BR:0cr200c/r600c/r2700f:QsAd,4h6c|/6s9dAs/Qc:900,-900(900.000000)
264:BR,Player:0cc/cc/cc/cr200c:2d6d,2sJc|/3h6c7c/8h/9h:300,-300(296.478005)
265:Player,BR:0cr600c/r4200c/r14700c/r400c:8sTs,QdQc|/9sJcAh/Th/2s:-20000,20000(-20000.000000)
266:BR,Player:0cc/cc/cc/cc:7hTd,9dKc|/7c8hJd/Qd/5d:100,-100(41.765223)
267:Player,BR:0cc/cc/cc/r130c:5s9s,4cTc|/3cJdAc/As/3d:0,-0(93.854418)
268:BR,Player:0r200c/cc/cr600c/cc:7c8d,2hJh|/3c7sKh/6c/3d:900,-900(587.378494)
269:Player,BR:0cc/cc/cc/cc:2c6d,8sTc|/3d4d7d/9h/8c:-100,100(-76.620592)
270:BR,Player:0r200c/cr390c/cc/cc:7hAh,2sQd|/4s5c9h/9c/7d:690,-690(690.000000)
271:Player,BR:0cr130c/cc/cc/r115c:8c9c,3h8h|/9hJdJc/3d/Th:345,-345(181.930414)
272:BR,Player:0r130c/cr299c/cr687c/cr1580f:4h4c,6h8s|/4s8h8c/Qc/Qs:-1216,1216(-1216.000000)
273:Player,BR:0cr200c/r600c/r1800c/r5400c:8sQh,JsKc|/5d7s9c/Jd/Kh:-8100,8100(-8100.000000)
274:BR,Player:0r130c/cc/cr299c/cc:7dTs,9cKd|/7s9dJd/6h/4h:-529,529(-263.187403)
275:Player,BR:0cc/cc/cc/cc:6d9h,5dKs|/6h8hTd/Qs/6s:100,-100(33.920913)
276:BR,Player:0cc/cr130c/cr115c/cr1035f:7cKc,8hAd|/KsAhAc/9d/6d:-345,345(-345.000000)
277:Player,BR:0cr200c/cc/cc/cc:5cAc,8cKd|/TdJcQh/4s/3h:300,-300(300.000000)
278:BR,Player:0cc/cc/cc/cc:6d8h,5cQs|/6hJsKs/Tc/Th:100,-100(69.613273)
279:Player,BR:0cr600f:KcAc,2c6h|:100,-100(100.000000)
280:BR,Player:0r130c/cc/cr115c/cc:8sAc,KhAh|/2h5dQs/3h/2c:-345,345(210.979718)
281:Player,BR:0cc/cc/cc/cc:3hTc,6hJc|/7d8dKh/3c/4d:100,-100(65.139971)
282:BR,Player:0r130c/cr299f:2s6c,7dQh|/8hTsJh:-230,230(-230.000000)
283:Player,BR:0cr300f:5cTh,2sTd|:100,-100(100.000000)
284:BR,Player:0r200c/cc/cr600c/cr1800c:JcQc,8hKh|/6cTsJh/9d/2s:2700,-2700(2700.000000)
285:Player,BR:0cc/r130c/r115c/cc:6sAd,JsQd|/6d8s8d/5d/2h:345,-345(345.000000)
286:BR,Player:0r130c/cr299c/cc/cc:9dKc,5d6h|/7c9cJc/8c/3h:529,-529(529.000000)
287:Player,BR:0cc/cc/cc/cc:2hKs,5c9c|/3c9hAc/6c/Qs:-100,100(-99.369629)
288:BR,Player:0r200c/cc/cc/cr390f:7c8h,6sTd|/3d9hKc/Qh/2h:-300,300(-300.000000)
289:Player,BR:0cr130c/r299c/r264c/r1030c:TcKs,3cAd|/2h6d9c/8s/Jc:-1823,1823(-1663.087447)
290:BR,Player:0r130c/cr299f:3d7h,8hAd|/4d9hAc:-230,230(-230.000000)
291:Player,BR:0cc/cc/cc/cc:JdAs,6cQc|/6s8s8c/9c/Ad:100,-100(-53.582448)
292:BR,Player:0r200c/cc/cr150c/cc:TdAs,5c6d|/3h6sTc/Kd/3c:450,-450(450.000000)
293:Player,BR:0cr200c/r390c/cc/cc:5s7s,8dTc|/4dQcAc/Th/4c:-690,690(-621.099089)
294:BR,Player:0r130c/cc/cr115c/cr690c:2c3h,3d7d|/2d3c5h/7s/2h:1035,-1035(1015.633355)
295:Player,BR:0cc/cc/r130f:2s7h,3c4s|/2h6s6c/Tc:100,-100(100.000000)
296:BR,Player:0r130c/cr299c/cc/cc:8hTc,6sKd|/2c4c7c/7d/Kc:529,-529(529.000000)
297:Player,BR:0cc/cc/r130c/r115c:6s7h,JsKs|/5h7cKc/4d/2s:-345,345(-274.243090)
298:BR,Player:0r130c/cr299c/cr687c/cc:7cAh,8c9d|/4s5h7h/9c/Qs:-1216,1216(-950.374737)
299:Player,BR:0cc/cc/r130c/r115c:2sAc,2cAh|/2d9hAd/Th/As:0,-0(-331.737469)
300:BR,Player:0r300c/cr520c/cr460c/cr8280c:4cQc,4hJc|/5d9dQd/7s/3d:9660,-9660(9660.000000)
301:Player,BR:0cc/cc/cc/cc:3sQs,KcAc|/3dJhAh/Ts/4h:-100,100(-83.746148)
302:BR,Player:0r130c/cr299c/cr687c/cc:6dAc,3c5h|/4s8sQh/9d/5c:-1216,1216(-1143.574127)
303:Player,BR:0cr1200c/cc/r1690f:3c9c,3sJh|/3h6cAc/Kc:1300,-1300(1300.000000)
304:BR,Player:0r130c/cc/cr115c/cr690c:8dAd,8c9h|/4c9sJd/9d/Td:1035,-1035(1035.000000)
305:Player,BR:0cc/cc/cc/cc:4dTc,3d7h|/9hTdKc/2h/8c:100,-100(88.331947)
306:BR,Player:0r130c/cr690c/cc/cc:8dQd,5s6c|/2c3dKd/Kc/As:920,-920(855.665378)
307:Player,BR:0cc/cc/cc/cc:3cJh,2s6s|/2cKcAc/9c/Js:100,-100(65.841449)
308:BR,Player:0r130c/cr299c/cc/cc:3sJh,3cTc|/2h9sQd/Qs/7h:529,-529(-4.691102)
309:Player,BR:0cr300c/r520c/cc/cc:9dJc,TdQc|/8sKhAd/6d/Qd:-920,920(-886.106910)
310:BR,Player:0r200c/cc/cc/cr390f:9dQd,2s2c|/5c8c9c/As/Kc:-300,300(-300.000000)
311:Player,BR:0cr130c/r460c/cc/cc:4sKs,6cKc|/TcQsQh/6h/7s:-690,690(473.879284)
312:BR,Player:0cc/cr130c/cr460c/cc:2d8c,4h8d|/5c8hTd/8s/Tc:0,-0(541.217132)
313:Player,BR:0cc/cc/cc/cc:4sTc,6hAh|/4d9s9d/5d/Ac:-100,100(-88.790863)
314:BR,Player:0r130c/cr299f:5s7s,8hJs|/4h9hAs:-230,230(-230.000000)
315:Player,BR:0cc/cc/cc/cc:8hJs,9sAh|/2c4dKs/5s/4h:-100,100(-32.001507)
316:BR,Player:0r130c/cr299c/cr687f:3hKd,QhAd|/4sJdAc/6c:-529,529(-529.000000)
317:Player,BR:0cc/cc/r200f:6cTs,2s8d|/9sQsKs/4d:100,-100(100.000000)
318:BR,Player:0r200c/cc/cr150c/cc:9cTc,3dKd|/3c7cAs/2d/6h:-450,450(-409.530520)
319:Player,BR:0cr200c/cc/cc/cc:8hJd,6hAs|/9d9cAh/4d/Jh:-300,300(-254.684453)
320:BR,Player:0cc/cr130c/cc/cc:4s8s,6dQc|/5h8cJd/3c/6s:230,-230(230.000000)
321:Player,BR:0cc/cc/cc/cc:3s9c,5d7s|/4h8s9d/8d/Jc:100,-100(69.586106)
322:BR,Player:0cc/cc/cc/cr130f:5d8d,4c9d|/7s7cQs/9c/8s:-100,100(-100.000000)
323:Player,BR:0cr600f:9hAs,7h9c|:100,-100(100.000000)
324:BR,Player:0cc/cc/cr200c/cr390c:6c9h,3sKs|/5s7sAc/8s/Jh:-690,690(440.255224)
325:Player,BR:0cc/cc/cc/cc:2h5h,7c8h|/JdQcAd/6s/As:-100,100(62.231686)
326:BR,Player:0r200c/cr390c/cr1380c/cr2691c:ThAs,6c7h|/4h9cAh/2h/8s:4761,-4761(2674.543201)
327:Player,BR:0cr600c/cc/r350c/cc:8s8h,9cKs|/5c6h9h/Qs/As:-1050,1050(-1050.000000)
328:BR,Player:0cc/cc/cc/cr130c:8sJh,9dKc|/6d9hQc/4s/Tc:230,-230(120.827196)
329:Player,BR:0cc/cc/cc/r130c:2d3s,6hTd|/2hThAd/4d/3d:230,-230(-63.271553)
330:BR,Player:0r130c/cc/cc/cr690c:3sTs,2d6d|/9sKsKh/3c/Jd:920,-920(389.461108)
331:Player,BR:0cc/r200c/cc/r900f:2sQc,2h5s|/5c8cAc/7c/4s:300,-300(300.000000)
332:BR,Player:0cc/cr130c/cc/cc:3dQc,7dJd|/4h6hQs/7h/Jh:-230,230(65.504299)
333:Player,BR:0cr200c/r600c/cc/cc:5s8s,JdKd|/2d6sKh/8h/As:-900,900(-899.519934)
334:BR,Player:0r130c/cc/cc/cc:TsQc,KsAh|/7h9hJs/2s/Tc:230,-230(230.000000)
335:Player,BR:0cc/cc/cc/cc:5s9c,9hAc|/5hTcAs/2c/Jd:-100,100(-79.719785)
336:BR,Player:0r130c/cr299c/cc/cc:7dAh,5hTd|/7hAsAd/9c/Jc:529,-529(529.000000)
337:Player,BR:0cc/cc/cc/r130c:4s5d,7d8c|/6c9cAc/As/9h:-230,230(31.846824)
338:BR,Player:0cc/cr130f:2d7h,3dJs|/4s9sKc:-100,100(-100.000000)
339:Player,BR:0cr300c/cc/r520c/r1840c:QdKc,QsQh|/2d3hKs/6c/Td:2760,-2760(771.713272)
340:BR,Player:0r130c/cr299c/cc/cr1058f:9hAs,5s7h|/6c9cJc/8d/Ts:-529,529(-529.000000)
341:Player,BR:0cc/cc/r130c/r299c:4dJc,5s8s|/4s5dJs/8c/Ks:-529,529(-519.344267)
342:BR,Player:0r130c/cc/cc/cr299f:4h6c,3c7c|/8cTcAh/Kd/5c:-230,230(-230.000000)
343:Player,BR:0cr200c/cc/cc/r150c:9s9h,7hTh|/TdJhAd/6c/4s:-450,450(-191.638953)
344:BR,Player:0r130c/cr299f:2s9c,9dJh|/5dTcJs:-230,230(-230.000000)
345:Player,BR:0cc/cc/r130c/r460f:3d7s,2cAh|/8d9dTh/8s/6s:230,-230(230.000000)
346:BR,Player:0r130c/cr299c/cr687c/cr1580c:3cKc,4d5d|/6d7hTh/Ac/Jd:2796,-2796(97.204789)
347:Player,BR:0cc/cc/r130f:6s7d,2s7s|/5d9sTd/8h:100,-100(100.000000)
348:BR,Player:0r200c/cr600c/cr1800c/cc:8cTs,6c8s|/5s9hJs/5d/9c:0,-0(-1226.531596)
349:Player,BR:0cc/cc/cc/cc:5s8d,QsKh|/3d6dAc/Ad/Qd:100,-100(-55.856989)
350:BR,Player:0r300c/cr800f:3s4s,5cTs|/8s9cJd:-400,400(-400.000000)
351:Player,BR:0cr130c/r299c/cc/cc:9dKd,7s9c|/3d5h6c/Ah/2c:529,-529(486.558993)
352:BR,Player:0cc/cr200c/cc/cc:5s6s,3cTd|/4h5cKc/8h/Ts:-300,300(81.661517)
353:Player,BR:0cr200c/cc/cc/cc:9dAh,QhKc|/6c7sKs/5h/Kd:-300,300(-283.494692)
354:BR,Player:0cc/cr300f:2h6d,TsAc|/5hKcAd:-100,100(-100.000000)
355:Player,BR:0cr600c/cc/cc/cc:5sAc,9cQc|/2c7d8d/2s/Qd:-700,700(-507.755726)
356:BR,Player:0r130c/cr299c/cr687c/cc:4h6c,8h8d|/3h4s6d/Th/Ac:1216,-1216(1216.000000)
357:Player,BR:0cr600f:4d5s,2hTs|:100,-100(100.000000)
358:BR,Player:0r130c/cr460c/cr2070c/cc:5cAh,KhKc|/6s7dJs/Qc/8d:-2760,2760(676.642769)
359:Player,BR:0cc/cc/r200c/r390c:5cTh,AsAd|/3c7sQs/8d/9s:-690,690(-557.281566)
360:BR,Player:0f:JdAh,3dTh|:50,-50(50.000000)
361:Player,BR:0cc/cc/cc/cc:4cQd,4hJc|/4sQsKc/5h/7h:100,-100(-60.346945)
362:BR,Player:0cc/cr130c/cr690c/cr1840c:3c4h,4sAc|/3hQhAd/4d/Jh:-2760,2760(-576.324577)
363:Player,BR:0cr200c/r390f:3c4c,6d7d|/9dJhKh:300,-300(300.000000)
364:BR,Player:0r130c/cc/cc/cc:4dAd,9s9c|/6sQhKs/Kd/5h:-230,230(-103.370216)
365:Player,BR:0cc/cc/r130c/r460f:3s8d,2cKh|/TdJhJd/7h/9d:230,-230(230.000000)
366:BR,Player:0r200c/cr390c/cc/cc:3h3d,4s4h|/8hKsKc/2s/7h:-690,690(543.701306)
367:Player,BR:0cr300f:QsQc,3h7s|:100,-100(100.000000)
368:BR,Player:0r130c/cr299c/cr687f:TcJc,6h9d|/9s9cJh/4d:-529,529(-529.000000)
369:Player,BR:0cc/cc/cc/r300c:3cJh,7sKd|/6s7hQc/8c/Tc:-400,400(-73.808771)
370:BR,Player:0r130c/cr299f:4s5h,3d5d|/6c8d9d:-230,230(-230.000000)
371:Player,BR:0cc/cc/r130c/cc:6hKd,TcKs|/7h8cQh/4c/6s:230,-230(230.000000)
372:BR,Player:0cc/cr200c/cr600c/cr1170f:4dJs,7dQd|/9dTcJd/Jc/Kc:-900,900(-900.000000)
373:Player,BR:0cc/r130c/cc/cc:4dAh,6h6c|/4c8dQh/7d/5s:-230,230(-229.949450)
374:BR,Player:0r130c/cc/cc/cc:JdKs,8s9s|/3cJsAd/2c/9h:230,-230(230.000000)
375:Player,BR:0cc/cc/cc/cc:3sQc,2s6c|/4s5c7s/5h/7d:100,-100(95.358429)
376:BR,Player:0r130c/cc/cr299c/cc:3s9d,4hJd|/6h6dQh/9h/2h:-529,529(-351.149748)
377:Player,BR:0cc/cc/cc/r130c:3h4d,3dJs|/5s8hQc/9c/Ah:-230,230(-73.808372)
378:BR,Player:0r130c/cc/cr115c/cc:4d4c,JcKd|/3h6dAs/Ac/8s:345,-345(288.921642)
379:Player,BR:0cr130c/cc/cc/cc:ThJh,2cAc|/9hJdKc/9s/2h:230,-230(-115.560162)
380:BR,Player:0r130c/cr299c/cr687f:3sTd,4d5d|/5s5cJh/6h:-529,529(-529.000000)
381:Player,BR:0cr300c/cc/cc/cc:KsAd,9cJh|/3h5h9s/7d/6d:-400,400(-323.069228)
382:BR,Player:0cc/cc/cr130f:6sJd,5hAc|/5s8c9s/4h:-100,100(-100.000000)
383:Player,BR:0cc/cc/cc/r300c:4d8s,2sAc|/9cTcAs/3d/Ts:-400,400(-305.217442)
384:BR,Player:0r130c/cc/cc/cc:4d9c,TdJd|/3sKsAh/Ts/2c:-230,230(-230.000000)
385:Player,BR:0cr200c/r390c/cc/r138f:9cJh,KdAs|/8s8hTd/9s/5s:690,-690(690.000000)
386:BR,Player:0r130c/cc/cr115c/cr690f:6dQh,3h4h|/2c3c5c/Jd/3d:-345,345(-345.000000)
387:Player,BR:0cr200c/cc/r390c/r897c:JcKs,ThTd|/3c6dKd/9c/Ts:-1587,1587(-1072.735247)
388:BR,Player:0cc/cc/cc/cr130c:2s4c,7c9h|/TsTcAs/4d/6s:230,-230(-57.963010)
389:Player,BR:0cc/cc/cc/cc:4hAd,2s9d|/3s3h7h/As/9h:100,-100(-74.512471)
390:BR,Player:0r130c/cc/cc/cc:2d4s,JsAd|/2h8d9h/6c/5c:230,-230(28.189557)
391:Player,BR:0cc/cc/r130c/cc:4cQc,3d8d|/2h3h8s/5h/Ac:230,-230(-20.020586)
392:BR,Player:0r130c/cr299c/cc/cc:7hKd,7dTc|/2s5hJh/8d/8h:529,-529(-116.671145)
393:Player,BR:0cr600c/r1400c/cc/cc:7dKd,6h6c|/5d8sQc/Ah/8d:-2100,2100(-2100.000000)
394:BR,Player:0r130c/cc/cr115c/cc:QcAd,9s9d|/2h4dKh/5s/Qh:345,-345(332.657587)
395:Player,BR:0cr600c/cc/cc/cc:JhAd,6cKh|/4c9sTh/8h/2d:700,-700(608.652210)
396:BR,Player:0cc/cc/cc/cr200c:8cKh,3d4s|/5sTsAd/Jd/Js:300,-300(5.420284)
397:Player,BR:0cr200c/r390c/cc/r138c:5h7h,8hQh|/3d6hKh/Qs/7c:-828,828(-553.482481)
398:BR,Player:0f:3hAc,3c6s|:50,-50(50.000000)
399:Player,BR:0cr300f:JhAh,3c6d|:100,-100(100.000000)
400:BR,Player:0r200c/cr390c/cc/cc:4hTh,3d5h|/7hJsKd/3h/Ah:690,-690(690.000000)
401:Player,BR:0cc/cc/cc/r130c:3c8s,5h9h|/2h2cJs/5c/Qd:-230,230(52.488863)
402:BR,Player:0r200c/cc/cc/cr390c:7d9h,5cJh|/4s7hTd/6d/Qd:690,-690(552.615789)
403:Player,BR:0cc/cc/cc/r130c:8hKc,7h8c|/2h2c8d/6d/8s:0,-0(-222.265260)
404:BR,Player:0r130c/cc/cc/cr299c:4s4h,6h7c|/3s3hQc/Kd/Qd:529,-529(-218.082061)
405:Player,BR:0cr300c/cc/cc/cc:2h4h,4sAd|/8sThAs/2s/5s:-400,400(-239.102093)
406:BR,Player:0cc/cc/cc/cc:3sQc,2hJh|/5c6sAs/Kd/5h:100,-100(43.926528)
407:Player,BR:0cc/cc/cc/r130c:2hTs,QdKc|/5sThAs/Ac/3d:230,-230(77.725363)
408:BR,Player:0r130c/cr299c/cr1058c/cr3174c:5sKh,TsQh|/5cJcKs/9s/5h:4761,-4761(4730.015889)
409:Player,BR:0cr300c/cc/cc/cc:8sAc,TcQc|/2h7dKc/Td/4c:-400,400(-328.095421)
410:BR,Player:0r130c/cr299c/cr1058c/cc:4s8s,9h9c|/6s6c7s/5d/4h:1587,-1587(1587.000000)
411:Player,BR:0cc/cc/r300c/r1200c:4s8s,3sAc|/3c9sKs/5c/Js:1600,-1600(16.790603)
412:BR,Player:0r300c/cc/cr520c/cc:7sAs,4d8d|/2h4h7d/7c/Kd:920,-920(920.000000)
413:Player,BR:0cc/cc/cc/cc:4s9c,8cTd|/4h9dKc/5h/Qc:100,-100(65.993452)
414:BR,Player:0f:5hAc,2s8c|:50,-50(50.000000)
415:Player,BR:0cr300c/r1200f:9dKd,6dTs|/JhKhKc:400,-400(400.000000)
416:BR,Player:0r130c/cc/cr299c/cr1058c:8cKc,6cTd|/3cTsTc/6h/Ah:-1587,1587(-456.503463)
417:Player,BR:0cc/cc/cc/cc:5s7c,6sAc|/8hTcKh/Ts/Td:-100,100(-55.619394)
418:BR,Player:0r200c/cr390c/cr1380f:3hTh,8hKd|/3d9hKh/9d:-690,690(-690.000000)
419:Player,BR:0cc/cc/cc/r130f:TcKd,6hAc|/5dQhKh/Kc/4c:100,-100(100.000000)
420:BR,Player:0r130c/cc/cr115c/cr690f:6cAs,9dJd|/4s9sKc/Js/Ad:-345,345(-345.000000)
421:Player,BR:0cc/cc/cc/cc:3dAc,5cTh|/2c7sJh/5h/6s:-100,100(-83.623517)
422:BR,Player:0r200c/cc/cr390c/cc:8dJs,7hTh|/4d8cQc/4s/Jd:690,-690(690.000000)
423:Player,BR:0cc/cc/cc/r130f:3c6d,4h5h|/6cThKs/2s/2d:100,-100(100.000000)
424:BR,Player:0cc/cr130f:3h5c,3sQs|/8h9sJd:-100,100(-100.000000)
425:Player,BR:0cc/cc/cc/cc:8cTd,9hAd|/5h9dKh/Ks/6c:-100,100(-84.441535)
426:BR,Player:0r130c/cc/cc/cr299c:QsKc,JsAd|/8sJdQd/7s/Jh:-529,529(224.476846)
427:Player,BR:0cc/cc/cc/r130f:6h7d,5c9s|/7sJsQd/4s/8h:100,-100(100.000000)
428:BR,Player:0f:5cAh,2sTc|:50,-50(50.000000)
429:Player,BR:0cc/cc/r200c/r150c:6hQs,9cAs|/JhQcAd/2h/3h:-450,450(-432.118030)
430:BR,Player:0r130c/cr299c/cc/cc:2sAh,2cKc|/5c6h7c/4h/7d:529,-529(-182.400629)
431:Player,BR:0cr300c/r520c/cc/cc:7s9s,3hAs|/4c6d7c/Ks/Qd:920,-920(634.799977)
432:BR,Player:0cc/cc/cc/cc:5dKc,2dQh|/JsKsKh/Jh/Jd:100,-100(100.000000)
433:Player,BR:0cc/cc/r130f:6hQs,3d4d|/7c9sQh/Jc:100,-100(100.000000)
434:BR,Player:0r130c/cr299c/cc/cr687f:4cTh,7h8s|/2d3d6c/9d/8h:-529,529(-529.000000)
435:Player,BR:0cc/cc/r130c/r115c:6c9h,6sQd|/5sQhQc/Ac/9d:-345,345(-322.866931)
436:BR,Player:0r130c/cr299c/cc/cc:TsQs,6hKd|/7s7d8c/4s/Ah:-529,529(-126.753426)
437:Player,BR:0cc/cc/r130f:9sJd,2c7s|/5c6hQh/Js:100,-100(100.000000)
438:BR,Player:0r130c/cr299c/cr1058c/cr2063f:3d3c,2c8c|/4d6sJs/Qd/7s:-1587,1587(-1587.000000)
439:Player,BR:0cr200c/cc/cc/r150f:5hQh,3d9h|/5s8sTd/Kc/8d:300,-300(300.000000)
440:BR,Player:0cc/cc/cr300f:5sTc,5h6d|/2h4c9s/3c:-100,100(-100.000000)
441:Player,BR:0cc/cc/cc/cc:3sKd,TcAc|/2s7h8c/9c/Jc:-100,100(-100.000000)
442:BR,Player:0cc/cc/cc/cc:2s7c,4dKh|/7sThAs/3s/Qs:100,-100(100.000000)
443:Player,BR:0cc/cc/r130c/r299c:2c8c,5d7s|/3h6hTs/4d/As:-529,529(-523.994497)
444:BR,Player:0r130c/cr299c/cr687c/cc:JdQc,8hTc|/7s9hKs/3s/4c:1216,-1216(-629.239058)
445:Player,BR:0cc/cc/r130c/cc:2d7d,TsKs|/3s4h7c/Jc/3c:230,-230(48.532335)
446:BR,Player:0r130c/cr299c/cc/cc:5sAd,7dKs|/3c4c5c/Td/9c:529,-529(-97.039108)
447:Player,BR:0cr200c/cc/cc/cc:5c8s,6s6h|/QcKdAs/8c/5h:300,-300(96.100730)
448:BR,Player:0f:3h8c,2c6d|:50,-50(50.000000)
449:Player,BR:0cr600c/cc/r140c/r168f:QcAs,8c9s|/2s4sJc/3c/Qs:840,-840(840.000000)
450:BR,Player:0r130c/cr299c/cr687f:ThQs,8sJh|/5s6s6d/Jd:-529,529(-529.000000)
451:Player,BR:0cr200c/cc/r150c/r225c:5c9c,4dAd|/4c5s8s/4s/3d:-675,675(-476.584992)
452:BR,Player:0r130c/cr299c/cr1058c/cr2063f:7hKd,8s8c|/2c5hAd/8d/5d:-1587,1587(-1587.000000)
453:Player,BR:0cc/cc/cc/cc:2s4c,5dKs|/5h8hTh/Kd/3c:-100,100(-95.920620)
454:BR,Player:0r130c/cc/cc/cc:TdQh,QcKd|/2c4dAs/8c/2h:-230,230(-176.790513)
455:Player,BR:0cc/cc/r300c/r520c:7sAh,4dKc|/3s4sTc/5d/Jh:-920,920(-707.282844)
456:BR,Player:0r200c/cr390c/cc/cc:4c8d,8hTd|/3hJsKh/8c/Jh:0,-0(616.196486)
457:Player,BR:0cc/cc/cc/cc:TdKc,9s9d|/3h4s7h/Jh/5s:-100,100(-43.388646)
458:BR,Player:0cc/cr130c/cc/cc:3dQc,4c8s|/2sJhQd/5s/8c:230,-230(230.000000)
459:Player,BR:0cc/cc/r130f:3d7h,4c6s|/QdAdAc/Qs:100,-100(100.000000)
460:BR,Player:0f:6h8c,3c8d|:50,-50(50.000000)
461:Player,BR:0cc/cc/cc/r130c:2d8d,3s6c|/7sAsAc/3d/5d:-230,230(-8.101344)
462:BR,Player:0r200c/cr600c/cc/cc:TsKh,6c9d|/2dJdAs/2s/5d:900,-900(741.367429)
463:Player,BR:0cc/cc/r130c/cc:4d6h,5hQd|/3h6sQh/2d/8h:-230,230(-207.452820)
464:BR,Player:0r200c/cr390c/cc/cc:2hAs,9dTd|/9cJsJc/Ac/Jh:690,-690(690.000000)
465:Player,BR:0cr300c/cc/r800c/r600f:8d9c,8cQc|/3d6sJh/5h/9h:1200,-1200(1200.000000)
466:BR,Player:0r200f:2h4c,ThAd|:-100,100(-100.000000)
467:Player,BR:0cc/cc/cc/r200f:5s8d,4h8c|/3s5dKc/2s/2d:100,-100(100.000000)
468:BR,Player:0r130c/cc/cr299c/cc:ThJh,8cQc|/4s4h8d/Tc/2s:529,-529(529.000000)
469:Player,BR:0cr300c/r520c/r184c/r220f:4h8h,3sQh|/3c6s8c/9h/7s:1104,-1104(1104.000000)
470:BR,Player:0cc/cr130c/cc/cc:5dQd,7sTc|/4d8sKh/Js/2h:230,-230(-153.642451)
471:Player,BR:0cc/cc/cc/cc:2h8c,TcAd|/TsJhKd/4h/2d:-100,100(-63.261897)
472:BR,Player:0r200c/cr600f:2h4h,4cJc|/5dTcQs:-300,300(-300.000000)
473:Player,BR:0cc/cc/r200c/r150f:2sAh,KhKc|/6c7dAs/5h/8h:300,-300(300.000000)
474:BR,Player:0r130c/cc/cc/cc:6cQh,3c5c|/5dJsKc/8h/2c:-230,230(-224.678459)
475:Player,BR:0cr300c/r520c/cc/cc:7sJs,4hAd|/3h9dQs/5h/3s:-920,920(-104.646531)
476:BR,Player:0r130c/cr299c/cc/cc:2hKs,5sTs|/4s5hQh/7c/9c:-529,529(-476.545630)
477:Player,BR:0cc/cc/cc/cc:2d9d,9hQc|/3d4cJs/Jh/Jc:-100,100(-40.449902)
478:BR,Player:0r200c/cc/cc/cc:7d9c,5d8d|/2h5hTc/Ah/Qc:-300,300(-300.000000)
479:Player,BR:0cr300f:TsTc,2h6s|:100,-100(100.000000)
480:BR,Player:0cc/cr130c/cr460c/cc:4hAc,5hJh|/3h6cKh/Qd/Qs:690,-690(301.884036)
481:Player,BR:0cc/cc/cc/cc:5dTc,4dAd|/8cKsKd/2c/3s:-100,100(-36.574488)
482:BR,Player:0f:QdKh,2c4d|:50,-50(50.000000)
483:Player,BR:0cc/cc/cc/cc:4sKd,4c6s|/TcQsQh/2c/Js:100,-100(92.771718)
484:BR,Player:0r130c/cc/cc/cc:QcKd,8cTd|/8hQdKh/5h/Ah:230,-230(230.000000)
485:Player,BR:0cr200c/cc/cc/r390c:KhKc,6d9c|/JsQcAc/9s/2d:690,-690(-89.483637)
486:BR,Player:0r130c/cc/cc/cc:5d6s,8sKc|/4c7cAh/Ts/4s:-230,230(-230.000000)
487:Player,BR:0cc/cc/cc/cc:5sKc,7d9c|/2h7hAh/Qs/2c:-100,100(-55.024657)
488:BR,Player:0r130c/cr299f:5d8h,5c6s|/9cTsAh:-230,230(-230.000000)
489:Player,BR:0cc/cc/cc/r130f:6dKc,9hTc|/2c7dKs/Qs/Qc:100,-100(100.000000)
490:BR,Player:0cc/cr130c/cr460f:2hKs,2dJd|/7c8hJs/3c:-230,230(-230.000000)
491:Player,BR:0cc/cc/cc/cc:2h7h,7s8d|/5d8hQd/7c/Ac:-100,100(-95.049882)
492:BR,Player:0r200c/cc/cc/cc:6sKc,5dQh|/7cJdKs/Js/6c:300,-300(300.000000)
493:Player,BR:0cr200c/r390f:7s8h,8c9d|/5hThAc:300,-300(300.000000)
494:BR,Player:0r130c/cr299c/cr1587c/cr12696f:7dTc,6sQs|/2s9sTh/4s/Kh:-2116,2116(-2116.000000)
495:Player,BR:0cr300c/cc/r1200f:6h6d,3s3d|/7cThKh/6s:400,-400(400.000000)
496:BR,Player:0r200c/cr600c/cr1170f:2hTs,4h6d|/2s3dAh/5s:-900,900(-900.000000)
497:Player,BR:0cc/cc/cc/cc:4d6h,3h6c|/ThTcJs/9c/7d:0,-0(96.118781)
498:BR,Player:0cc/cc/cc/cr300c:QsAc,2hKc|/4c8dAd/Jd/Kh:400,-400(383.489260)
499:Player,BR:0cc/cc/cc/cc:6c8d,8cKh|/QhKdAs/Ad/9c:-100,100(-83.935776)
500:BR,Player:0f:6sTs,2c5d|:50,-50(50.000000)
501:Player,BR:0cr200c/cc/cc/cc:8hKc,9sAh|/3c4sAd/Jd/Qd:-300,300(-227.603093)
502:BR,Player:0r130c/cr299f:3c6h,8dJs|/5cAsAh:-230,230(-230.000000)
503:Player,BR:0cc/cc/cc/cc:6dQc,3d6c|/3c8dTh/Kc/Ks:-100,100(-51.937297)
504:BR,Player:0r130c/cc/cc/cr299c:3s4c,7s8s|/4d5hQh/Kd/9s:529,-529(-44.388784)
505:Player,BR:0cc/cc/cc/cc:3dTs,2hQh|/8cKhKc/As/7c:-100,100(-56.708530)
506:BR,Player:0r130c/cr299f:3hQs,8h9c|/2d4d8d:-230,230(-230.000000)
507:Player,BR:0cr200c/cc/r390f:KcAc,4d9d|/8s8hKd/7s:300,-300(300.000000)
508:BR,Player:0f:2h3c,2c8s|:50,-50(50.000000)
509:Player,BR:0cc/cc/cc/cc:4s6c,TdQh|/4h7sKh/Qc/3s:-100,100(-76.981440)
510:BR,Player:0r130c/cc/cc/cr299c:7d8c,5dQh|/4s9hTs/Ad/Jc:529,-529(388.534761)
511:Player,BR:0cc/cc/r130c/cc:4s7c,5h5c|/JdQsAd/Td/2s:-230,230(-92.212990)
512:BR,Player:0r130c/cc/cc/cc:7sKh,4dJc|/4h5sTs/6s/Ad:-230,230(-230.000000)
513:Player,BR:0cr200c/cc/cc/r150c:9sKs,ThKh|/6d7sJd/Kd/Kc:-450,450(-367.845280)
514:BR,Player:0r130c/cc/cc/cr460f:4cTd,4d7c|/9dTcQh/2c/Jh:-230,230(-230.000000)
515:Player,BR:0cc/cc/cc/r130c:2d4h,5dQh|/2h4sQd/8s/3h:230,-230(-176.144335)
516:BR,Player:0f:9hKs,2s4h|:50,-50(50.000000)
517:Player,BR:0cc/cc/r130f:6c8d,6s7h|/3s5h5d/Kc:100,-100(100.000000)
518:BR,Player:0r130c/cr690c/cc/cc:3dTc,4sJd|/3hTsKc/7d/6c:920,-920(920.000000)
519:Player,BR:0cc/cc/cc/cc:2h6s,AsAc|/2c6cJs/Qs/Ad:-100,100(-97.621653)
520:BR,Player:0r130c/cr460f:4s9h,5sKs|/2s2h5h:-230,230(-230.000000)
521:Player,BR:0cr200c/r390c/r897c/cc:8sTs,8hQc|/4h9dQs/9c/9h:-1587,1587(-1525.454162)
522:BR,Player:0r130c/cr460c/cc/cc:5hTs,4cJd|/TcQsAh/7c/9d:690,-690(690.000000)
523:Player,BR:0cr600c/cc/cc/r910c:8dJd,3dKd|/2h7h7c/3c/2s:-1610,1610(-1606.363433)
524:BR,Player:0r130c/cc/cc/cr299f:2h8c,4sAs|/2c7d7c/5h/4d:-230,230(-230.000000)
525:Player,BR:0cc/cc/cc/r130f:2s6s,3h5d|/8c9cJs/Qd/9h:100,-100(100.000000)
526:BR,Player:0r130c/cr299c/cc/cc:5hJd,9hTh|/2c4cKh/3c/Ad:529,-529(529.000000)
527:Player,BR:0cr200c/r390c/r897c/cc:9cJc,ThKc|/4d6h9h/8c/Td:-1587,1587(-231.282875)
528:BR,Player:0cc/cr130c/cc/cc:2d4d,6h9s|/2c7h9d/Kd/5h:-230,230(76.976511)
529:Player,BR:0cc/cc/r300c/cc:4h7c,TcQd|/2d5s5d/Ac/Js:-400,400(-394.420416)
530:BR,Player:0cc/cr130c/cc/cc:7hKd,3dTh|/4c9cKs/Ac/6d:230,-230(230.000000)
531:Player,BR:0cc/cc/cc/cc:3cQh,9hKd|/6s7h7d/Ks/Qs:-100,100(-83.566986)
532:BR,Player:0r130c/cr299c/cr687c/cr2432f:3s3c,6s8s|/2s8d9c/8h/As:-1216,1216(-1216.000000)
533:Player,BR:0cr600f:6s6h,3dTd|:100,-100(100.000000)
534:BR,Player:0f:3cKc,2d9h|:50,-50(50.000000)
535:Player,BR:0cr200c/r390c/r345f:9sKd,4dQs|/2cThKc/5c:690,-690(690.000000)
536:BR,Player:0r130c/cc/cr299c/cr687c:4sQc,TcJc|/4c7hQd/2c/Th:1216,-1216(772.506760)
537:Player,BR:0cr130c/cc/r115c/r172c:3cQc,4cAh|/9dQhAd/Jc/4s:-517,517(-510.575762)
538:BR,Player:0r130c/cc/cr115c/cr690f:7cQs,QhAc|/8dQdKs/Kc/9d:-345,345(-345.000000)
539:Player,BR:0cr200c/cc/r900c/cc:8cQc,7sKd|/9dKsKc/Td/8d:-1200,1200(-1189.967565)
540:BR,Player:0f:5s8d,2h7s|:50,-50(50.000000)
541:Player,BR:0cr200c/cc/r150c/r225c:8sAs,4sKd|/3sThAc/3h/4c:675,-675(427.339632)
542:BR,Player:0f:5dQc,2d7s|:50,-50(50.000000)
543:Player,BR:0cc/cc/cc/cc:2s7d,2cJs|/4h9dJc/4c/Qc:-100,100(-53.775562)
544:BR,Player:0r200c/cc/cr150c/cc:3s6c,TcAc|/2h8s8c/2d/4s:-450,450(-450.000000)
545:Player,BR:0cr600c/cc/cc/r1400f:JsAd,8dKd|/7cQdKs/Th/3d:700,-700(700.000000)
546:BR,Player:0r130c/cr299c/cc/cc:2dJs,5s9c|/7hTdQd/4s/4d:529,-529(217.249952)
547:Player,BR:0cc/cc/cc/cc:2dQc,8hTs|/9hJhJc/4c/9s:100,-100(13.885912)
548:BR,Player:0cc/cc/cc/cc:4hJc,3sJh|/9dQcKh/7s/7d:0,-0(7.223586)
549:Player,BR:0cc/cc/r300f:3sAh,4cTd|/3hQcAc/7c:100,-100(100.000000)
550:BR,Player:0r130c/cc/cc/cc:KcAs,JhKs|/4s8s9c/Ac/8h:230,-230(230.000000)
551:Player,BR:0cc/cc/r300c/cc:7sTd,6dAh|/4c6c8h/Jc/7d:400,-400(400.000000)
552:BR,Player:0r130c/cr299c/cr687c/cr7296c:9dTc,6sJh|/2c3s9s/8h/4c:8512,-8512(8512.000000)
553:Player,BR:0cc/cc/cc/r130c:6cJs,8dJd|/3c4dAd/Qh/Jc:-230,230(-68.081671)
554:BR,Player:0r200c/cr390c/cr1380c/cc:6cAc,ThKs|/2h7s8h/3c/4c:2070,-2070(-959.384487)
555:Player,BR:0cr300c/cc/r200c/cc:7hKd,TsKc|/3h8dJh/4h/Td:-600,600(-371.290482)
556:BR,Player:0f:6d7s,2hTd|:50,-50(50.000000)
557:Player,BR:0cr600c/cc/cc/r350c:8dQc,TsTc|/7sJhAs/3h/2c:-1050,1050(25.783012)
558:BR,Player:0cc/cc/cc/cr130c:ThAd,4dJh|/6hJsAs/7d/9s:230,-230(154.771311)
559:Player,BR:0cc/cc/cc/cc:2d9s,7cKh|/3h9d9c/5d/4s:100,-100(-15.788448)
560:BR,Player:0r200c/cr600c/cc/cc:7d9c,9dAh|/6s6d6c/Ks/2h:-900,900(189.568763)
561:Player,BR:0cc/cc/cc/cc:4dKc,2c4c|/2dQcAd/8h/9h:-100,100(-19.575257)
562:BR,Player:0r130c/cc/cc/cr460f:2c8s,TdAh|/5d7d9s/Qc/Th:-230,230(-230.000000)
563:Player,BR:0cc/cc/cc/r130c:4sTs,7d8c|/3h7cKc/Qs/Tc:230,-230(84.019065)
564:BR,Player:0r130c/cr299c/cc/cc:5dTd,5c7d|/4sJdQd/Js/3h:529,-529(77.584417)
565:Player,BR:0cc/cc/cc/cc:2d7c,7dQs|/2s6d7s/8d/Js:100,-100(-81.552706)
566:BR,Player:0r130c/cr299c/cc/cc:TsTd,3d5d|/2sJsAh/7h/Qs:529,-529(426.780995)
567:Player,BR:0cr200c/r390c/r897c/cc:ThJh,5hAc|/4h8dQs/Ad/Qd:-1587,1587(-1347.961998)
568:BR,Player:0r130c/cr299c/cc/cc:2c4d,6sTs|/2s5sAh/Ac/8d:529,-529(136.246193)
569:Player,BR:0cr300c/cc/cc/cc:7cAd,4sAs|/5hTdJd/8s/Kd:0,-0(356.428337)
570:BR,Player:0f:TcKs,2s4h|:50,-50(50.000000)
571:Player,BR:0cr130c/r460c/r1380c/r6210c:3s5s,4sJd|/6c9sJs/Ad/3c:-8280,8280(-8280.000000)
572:BR,Player:0r130c/cr299c/cc/cr687f:3hTc,4h8s|/6sJhJc/4d/8c:-529,529(-529.000000)
573:Player,BR:0cr200c/cc/cc/cc:4hKh,8sTh|/6s9cTd/5d/Ad:-300,300(-83.001588)
574:BR,Player:0r130c/cr299c/cr1058c/cr2063c:6hJs,3c9c|/2h4d6c/Th/8h:3650,-3650(74.261955)
575:Player,BR:0cc/r130c/r299c/r687f:4h5d,9sKs|/4s4d7h/3s/2c:529,-529(529.000000)
576:BR,Player:0r130c/cr299c/cc/cr1058c:9cQd,7s9h|/4c5sTc/3s/4s:1587,-1587(253.861917)
577:Player,BR:0cc/cc/cc/cc:3dTs,7s9d|/5h8cAh/4c/Ac:100,-100(81.279201)
578:BR,Player:0r130c/cr299f:2d4c,5sAd|/QdKdAc:-230,230(-230.000000)
579:Player,BR:0cr600f:2hAh,4c7d|:100,-100(100.000000)
580:BR,Player:0r200c/cc/cc/cc:9sQd,3dQc|/3c7sAh/8s/5c:-300,300(-300.000000)
581:Player,BR:0cr200f:3h9h,2h3c|:100,-100(100.000000)
582:BR,Player:0r300c/cc/cr1200f:5cKs,9sKh|/7d7cTh/6s:-400,400(-400.000000)
583:Player,BR:0cr130c/r299c/r264c/r396c:JcQc,8dQh|/2s7hQs/8c/3s:-1189,1189(39.758416)
584:BR,Player:0r130c/cc/cc/cc:8hKh,9sQd|/2c8sAd/2s/2h:230,-230(230.000000)
585:Player,BR:0cr200c/cc/cc/cc:6s6c,2d7d|/JsQsQd/9d/2h:300,-300(-122.181410)
586:BR,Player:0r130c/cc/cc/cr460f:7c9s,7hJd|/4h5h8h/4s/Js:-230,230(-230.000000)
587:Player,BR:0cc/cc/r200c/cc:3c7h,9cQd|/5d6h9s/Th/6c:-300,300(-300.000000)
588:BR,Player:0r200c/cr390c/cr4140c/cr14490f:6dAc,3d3c|/3hTsTh/9s/2d:-4830,4830(-4830.000000)
589:Player,BR:0cr300c/cc/cc/cc:2s2h,4hTh|/8dJcAs/7c/3h:400,-400(400.000000)
590:BR,Player:0r130c/cc/cc/cr460c:7cJc,4hKh|/5s6cKs/7h/Js:690,-690(684.500435)
591:Player,BR:0cr200c/r900c/cc/cc:7h9h,2dJs|/2s8cJc/8d/4s:-1200,1200(-1200.000000)
592:BR,Player:0r130c/cc/cc/cr460f:9dKd,6sTh|/6d8dAh/9c/Tc:-230,230(-230.000000)
593:Player,BR:0cc/cc/cc/cc:2sKh,8dTh|/QhQcAc/9c/8s:-100,100(-61.354513)
594:BR,Player:0r130c/cr690c/cc/cc:8sQh,6cKc|/9cQdAc/Qs/5d:920,-920(920.000000)
595:Player,BR:0cr200c/cc/cc/r390f:5sAs,4dKc|/2s7h8h/3c/Ad:300,-300(300.000000)
596:BR,Player:0f:4dAd,2cJh|:50,-50(50.000000)
597:Player,BR:0cr600f:2dQd,2sJc|:100,-100(100.000000)
598:BR,Player:0r130c/cr299c/cr1058c/cc:2d7s,5cAc|/2h4c5s/2s/Jc:1587,-1587(1587.000000)
599:Player,BR:0cr600c/r910c/r805c/r4830f:2hJh,JsQc|/6sJdJc/Ac/Tc:2415,-2415(2415.000000)
600:BR,Player:0r130c/cc/cc/cc:9hAd,7dAc|/QsQdKh/Tc/5h:0,-0(16.518713)
601:Player,BR:0cc/cc/cc/cc:2d4h,5dKd|/3s8dQs/7s/7d:-100,100(29.901889)
602:BR,Player:0f:4h7h,4s9d|:50,-50(50.000000)
603:Player,BR:0cc/cc/r200c/r390f:TsKc,8hTd|/2s8sKh/Jc/Ks:300,-300(300.000000)
604:BR,Player:0cc/cr130c/cc/cc:5dAc,KsAd|/2s2h6d/8c/Qc:-230,230(8.659242)
605:Player,BR:0cc/cc/cc/cc:2sQh,AhAc|/6hJhAs/5s/7s:-100,100(-95.824822)
606:BR,Player:0r130c/cr299c/cc/cc:6c8s,5dKc|/5cThTc/6d/Qd:529,-529(383.296164)
607:Player,BR:0cc/cc/cc/cc:JdQc,4cJc|/3h6s8d/3c/7s:100,-100(82.808538)
608:BR,Player:0r130c/cr299c/cc/cc:6c7s,ThQc|/3c6hAh/Kd/Qs:-529,529(240.075458)
609:Player,BR:0cr200c/cc/r600f:8cQc,5s7c|/2s6cJc/Th:300,-300(300.000000)
610:BR,Player:0r130c/cc/cr299c/cc:6dKc,9dQd|/2h6sTs/3s/3d:529,-529(439.536900)
611:Player,BR:0cc/cc/r300c/r520c:5h9c,3cJs|/3s4h6h/9s/9d:920,-920(-106.623016)
612:BR,Player:0r130c/cc/cr115c/cc:7hAd,9hQh|/3h9sTc/Th/Kc:-345,345(-219.525728)
613:Player,BR:0cc/cc/cc/cc:4dJc,KsAs|/7s8cTs/8h/3c:-100,100(-31.665118)
614:BR,Player:0r130c/cr460c/cr2070c/cr17240c:TdTc,2hTh|/2s7c8s/Kd/3d:20000,-20000(18763.174550)
615:Player,BR:0cc/cc/r130c/r460c:7hTh,4d6h|/6c9sKs/2s/Qs:-690,690(-99.857661)
616:BR,Player:0f:5dKs,2h7d|:50,-50(50.000000)
617:Player,BR:0cc/cc/cc/cc:6sQd,3dKs|/2s5h7h/5s/2d:-100,100(-27.922643)
618:BR,Player:0r130c/cc/cc/cc:ThQc,8cAs|/2c9hJh/5s/2d:-230,230(-222.471834)
619:Player,BR:0cr300c/cc/cc/cc:KhAd,9cTh|/6h9hJh/2c/7d:-400,400(-322.504320)
620:BR,Player:0r130c/cr460c/cc/cc:2h9c,3sJh|/2c6sAs/Qc/2s:690,-690(690.000000)
621:Player,BR:0cc/cc/cc/cc:5hJh,2d9h|/3d8h9d/5c/Tc:-100,100(-79.943276)
622:BR,Player:0r130c/cc/cr460f:5cQc,8d9d|/2c8cJd/7h:-230,230(-230.000000)
623:Player,BR:0cc/cc/r200c/r150c:4cKs,4sTs|/2c6s6c/4d/Js:450,-450(258.685269)
624:BR,Player:0f:3c8c,2h5c|:50,-50(50.000000)
625:Player,BR:0cr200c/cc/r150c/r225f:9sAd,8sKd|/9hThJd/4s/2d:450,-450(450.000000)
626:BR,Player:0r130c/cr299c/cc/cc:6dTh,9cTc|/6s8h8c/2d/2h:529,-529(491.062676)
627:Player,BR:0cr600c/cc/r140c/r168c:3h5c,QsKc|/3d8dKs/Ah/5d:1008,-1008(-481.182771)
628:BR,Player:0cc/cr130c/cc/cr460f:4s6c,2sAd|/6hQdAh/Js/5s:-230,230(-230.000000)
629:Player,BR:0cc/cc/r130c/cc:2h5c,5sKs|/3d8cAd/Kd/As:-230,230(-210.818599)
630:BR,Player:0r130c/cr299c/cr687c/cr1580c:5s6c,3s4d|/6sTsTc/9d/7d:2796,-2796(-455.958228)
631:Player,BR:0cr300c/r520c/r460c/r276f:9sQh,4cJs|/2h8cQs/Jd/8s:1380,-1380(1380.000000)
632:BR,Player:0r130c/cr299f:4h9h,3sAc|/3dJdKs:-230,230(-230.000000)
633:Player,BR:0cr300f:9sAs,4c8h|:100,-100(100.000000)
634:BR,Player:0cc/cr200c/cc/cc:7cJh,2s2h|/3h5sJd/4d/8s:300,-300(300.000000)
635:Player,BR:0cc/cc/cc/cc:4hQs,4s8h|/6sJhAs/6d/2s:100,-100(73.999668)
636:BR,Player:0r130c/cc/cr299c/cr1058f:7s8s,ThJc|/4s5dAs/2c/5h:-529,529(-529.000000)
637:Player,BR:0cr130c/r299c/r687c/r1580c:3c4c,7dKd|/9s9cQc/6d/5d:-2796,2796(-1287.107905)
638:BR,Player:0r130c/cc/cc/cc:5c6h,9dKs|/6d6cTh/Ts/7s:230,-230(230.000000)
639:Player,BR:0cc/cc/cc/cc:6hKd,5dTc|/3c4cJh/Ad/Td:-100,100(-79.156862)
640:BR,Player:0cc/cc/cr200c/cc:3s8d,6h6d|/5h9dKs/Kd/7s:-300,300(-300.000000)
641:Player,BR:0cr300c/r520c/r460c/r690c:9cJd,6hQs|/5c8dQd/7c/3h:-2070,2070(-2070.000000)
642:BR,Player:0cc/cr130c/cc/cr299c:ThAs,TdJs|/3s3h9d/Tc/Kh:529,-529(365.938051)
643:Player,BR:0cc/cc/cc/r130c:2h9c,4s5s|/9s9hJs/Ts/6d:-230,230(-219.719654)
644:BR,Player:0f:8dAd,2d6h|:50,-50(50.000000)
645:Player,BR:0cc/cc/cc/cc:2h9s,2s2c|/8hQhAc/9c/Jh:100,-100(32.079270)
646:BR,Player:0r130c/cc/cc/cr299f:7cTs,4dQc|/QdKhAc/9h/Qh:-230,230(-230.000000)
647:Player,BR:0cc/cc/cc/cc:4h9h,5d8c|/2d3s6h/Ks/Qd:100,-100(99.904284)
648:BR,Player:0f:6sJc,4c9h|:50,-50(50.000000)
649:Player,BR:0cc/cc/cc/cc:8h9d,2sQs|/2h4sJs/6d/Qd:-100,100(-94.125210)
650:BR,Player:0f:KcAh,3c6d|:50,-50(50.000000)
651:Player,BR:0cc/cc/r130c/r299c:6hJd,6c9s|/2c3c5s/4h/5h:0,-0(-393.938309)
652:BR,Player:0r130c/cr460c/cr897f:7hAh,3sKh|/7cTsJs/Qs:-690,690(-690.000000)
653:Player,BR:0cc/cc/cc/cc:ThAc,4cQs|/2c3hQd/Ts/Qh:-100,100(-97.480687)
654:BR,Player:0r130c/cc/cc/cc:3h4c,7cQd|/4h9sJh/As/9h:230,-230(104.921833)
655:Player,BR:0cc/cc/cc/cc:2h8d,TdKc|/2s6dQs/Js/5c:100,-100(48.248763)
656:BR,Player:0r200c/cr390c/cr897c/cc:8sKs,8hKc|/2h6h6d/Qd/5s:0,-0(-244.262857)
657:Player,BR:0cc/cc/r130c/r299c:2d5s,3hJc|/7d8hJd/4c/9d:-529,529(153.417798)
658:BR,Player:0r130c/cr690c/cc/cc:5c6h,3d4h|/5sKsAh/Kh/4s:920,-920(807.228243)
659:Player,BR:0cr200c/cc/cc/r600c:3h5c,QdKc|/8h9cKd/Ks/Js:-900,900(-899.697454)
660:BR,Player:0cc/cc/cr200f:4d8h,7c8s|/5h6sQh/2c:-100,100(-100.000000)
661:Player,BR:0cr200f:TsKs,2c5s|:100,-100(100.000000)
662:BR,Player:0r130c/cr299c/cc/cr1058f:7sJh,8dKc|/3dQdKs/Tc/2s:-529,529(-529.000000)
663:Player,BR:0cr300c/cc/cc/r520c:4h7s,8cTh|/3dTdKc/Ad/Ac:-920,920(-44.622355)
664:BR,Player:0r200c/cr900f:2sAc,QsKh|/5hTsKc:-300,300(-300.000000)
665:Player,BR:0cr200c/cc/cc/cc:8sKs,4dAh|/6sJsJc/3d/5c:-300,300(-240.861192)
666:BR,Player:0cc/cr130c/cc/cc:8d9c,3sJc|/5s7h8s/Kc/3c:230,-230(230.000000)
667:Player,BR:0cr600f:6c9c,2h8d|:100,-100(100.000000)
668:BR,Player:0r130c/cr299c/cc/cc:9cQs,8hTh|/3c6cKd/4d/Qh:529,-529(526.627628)
669:Player,BR:0cc/cc/r200c/r390c:6s9d,8s9s|/3h7c8c/5s/3c:690,-690(-289.701635)
670:BR,Player:0f:QhKc,2s7d|:50,-50(50.000000)
671:Player,BR:0cc/cc/cc/cc:3d6c,4s6d|/9hQdAd/4d/2s:-100,100(-48.635338)
672:BR,Player:0r130c/cc/cc/cc:6cTc,5sAh|/7s7cJs/2h/6h:230,-230(229.257308)
673:Player,BR:0cr200c/cc/cc/cc:8cKs,ThTc|/3s3cJh/3d/5s:-300,300(-260.760107)
674:BR,Player:0r130c/cr460c/cc/cc:8h9s,7hJd|/3s6c7d/Ks/8c:690,-690(528.403772)
675:Player,BR:0cc/cc/cc/r130f:3sAd,6h7c|/5cTsQs/5d/Th:100,-100(100.000000)
676:BR,Player:0r200c/cc/cc/cc:QhAd,8sKc|/2d4c5d/3s/Ks:300,-300(300.000000)
677:Player,BR:0cc/cc/cc/r130c:6sTh,3c8h|/6h7hKd/3h/7c:230,-230(88.074234)
678:BR,Player:0cc/cc/cc/cc:KsAh,2dAc|/6d7sQd/Kh/5c:100,-100(100.000000)
679:Player,BR:0cc/cc/cc/cc:8cAs,7h8s|/7sQhKh/4s/Jc:-100,100(-47.846873)
680:BR,Player:0r130c/cr460c/cr897c/cc:7hAs,5dAd|/3h7sTc/Qs/5h:1587,-1587(-140.357379)
681:Player,BR:0cr600f:4s5d,3hTd|:100,-100(100.000000)
682:BR,Player:0r130c/cc/cc/cr299f:6sAc,6dTd|/3c4hQd/3d/8c:-230,230(-230.000000)
683:Player,BR:0cr600f:9hAh,4sTs|:100,-100(100.000000)
684:BR,Player:0r130c/cc/cc/cr299c:4hAd,JcQd|/2s4s5s/Jh/2c:-529,529(-70.607452)
685:Player,BR:0cr300c/r520c/r1196c/cc:JsJc,6dJd|/4h6hTs/Qs/Kh:2116,-2116(-547.688243)
686:BR,Player:0cc/cc/cc/cr130c:QhQc,4hTd|/3d4d7h/Kc/7d:230,-230(103.729957)
687:Player,BR:0cr200c/cc/cc/cc:7dAd,4h7h|/2s3d8d/3h/Qh:300,-300(300.000000)
688:BR,Player:0r200c/cc/cr150c/cc:5d9c,2cAh|/2h4hJc/Kh/6s:-450,450(-373.154268)
689:Player,BR:0cc/cc/cc/r130c:2s3c,ThTc|/KdAsAh/9c/Qc:-230,230(-51.024201)
690:BR,Player:0r130c/cr299f:2d7c,4cJh|/8h8cKd:-230,230(-230.000000)
691:Player,BR:0cr600c/cc/r350c/r2100f:9h9c,8sTd|/4h7cJc/8c/Ac:1050,-1050(1050.000000)
692:BR,Player:0r200c/cr390f:5hTd,4cAc|/6h6c8c:-300,300(-300.000000)
693:Player,BR:0cc/cc/cc/cc:4dQc,7c9c|/4h7sKh/5h/8d:-100,100(-51.936122)
694:BR,Player:0f:5c8d,3hTd|:50,-50(50.000000)
695:Player,BR:0cc/cc/r130c/cc:2cTs,4sTc|/4h9cAs/Jc/3s:-230,230(-115.386446)
696:BR,Player:0r130c/cr299c/cr1587c/cc:8cAs,7dJc|/4d6s8d/9h/Ac:2116,-2116(2116.000000)
697:Player,BR:0cr300c/cc/r520c/r1196c:5hJh,4dTs|/2cJcKc/Js/3d:2116,-2116(747.814004)
698:BR,Player:0f:7sKh,2d9s|:50,-50(50.000000)
699:Player,BR:0cr300f:6h9c,2d8d|:100,-100(100.000000)
700:BR,Player:0r130c/cc/cr299c/cc:5cTd,5sQc|/7hAsAc/5h/3h:-529,529(-97.490487)
701:Player,BR:0cc/cc/cc/cc:6dKh,JhAh|/8sThAs/2d/4s:-100,100(-87.917081)
702:BR,Player:0r130c/cr299c/cc/cc:QcAh,ThKc|/3c5s9h/4s/8h:529,-529(-167.563852)
703:Player,BR:0cc/cc/cc/r200f:2c5s,2sKs|/3h5hAh/2h/5d:100,-100(100.000000)
704:BR,Player:0cc/cc/cr200c/cc:7c9c,2dQh|/4c6cJh/9s/7h:300,-300(300.000000)
705:Player,BR:0cc/cc/r200c/r600c:3sQh,2s9c|/2h4h5s/Ac/9s:900,-900(105.550654)
706:BR,Player:0r130c/cc/cr299c/cc:8dJh,2h8h|/5h6c8c/Td/9d:529,-529(-159.336528)
707:Player,BR:0cr300f:8dQd,2s3h|:100,-100(100.000000)
708:BR,Player:0r200c/cc/cr390c/cc:QsAc,TdKc|/4d7h8c/6h/8h:690,-690(530.218732)
709:Player,BR:0cc/cc/cc/r300f:8sJh,7h9d|/3sTcAh/6s/2h:100,-100(100.000000)
710:BR,Player:0cc/cc/cc/cc:7s8d,3h6d|/TsKhAh/Kc/Jd:0,-0(-46.738183)
711:Player,BR:0cr300c/r520c/r460c/r690c:JsQh,8hTd|/6s7s8s/Tc/Ad:-2070,2070(-753.392441)
712:BR,Player:0cc/cc/cc/cc:TcAd,JhQs|/6h8cKc/2h/8d:100,-100(32.701142)
713:Player,BR:0cr600c/cc/cc/r910c:8hQs,6cQh|/2d8s9c/Jh/6d:1610,-1610(7.601512)
714:BR,Player:0cc/cc/cc/cc:5cTc,2cAc|/3hJcQd/8d/2s:-100,100(-100.000000)
715:Player,BR:0cc/cc/cc/cc:2c3s,2h4s|/7hTcAs/2s/5s:0,-0(-45.016614)
716:BR,Player:0r200c/cc/cr150c/cr585c:2cKc,7sKd|/8c9dKh/8h/Qc:0,-0(-143.713881)
717:Player,BR:0cr300c/cc/r200c/r1200f:2dQd,4sKh|/3cJhQh/6h/5c:600,-600(600.000000)
718:BR,Player:0cc/cr300c/cr520c/cc:2dJc,3s6h|/2h5dTc/9c/2c:920,-920(920.000000)
719:Player,BR:0cr600c/cc/cc/cc:8dQd,TdAs|/JsJhAc/2s/Ad:-700,700(-688.387518)
720:BR,Player:0r130c/cc/cr460c/cc:5h8d,ThJc|/3s6cAs/8h/Ad:690,-690(690.000000)
721:Player,BR:0cr300c/cc/r520c/r2760c:5hAd,4s8s|/JhKsAs/6c/5d:3680,-3680(-1248.589085)
722:BR,Player:0cc/cr130f:2d7c,4cTh|/9cJhQh:-100,100(-100.000000)
723:Player,BR:0cr300f:6d7c,2s9d|:100,-100(100.000000)
724:BR,Player:0r130c/cr299c/cc/cr1058f:3h9h,3sQh|/3c8h8d/2d/Kh:-529,529(-529.000000)
725:Player,BR:0cr200c/cc/cc/r390c:5dKs,6hAs|/2dKdAc/8h/Jd:-690,690(-439.551142)
726:BR,Player:0r130c/cc/cr460f:3sTc,8dAd|/JdQhQd/Kd:-230,230(-230.000000)
727:Player,BR:0cc/cc/cc/r130c:4d8c,3s4s|/7sTdQs/3h/Ts:-230,230(-211.592561)
728:BR,Player:0r200c/cc/cc/cr390f:4d7d,KsKd|/3s8cAd/2d/8s:-300,300(-300.000000)
729:Player,BR:0cc/cc/cc/cc:4cJd,2s7c|/8dQhAd/Jh/Js:100,-100(86.685461)
730:BR,Player:0f:9dJd,3d9c|:50,-50(50.000000)
731:Player,BR:0cc/cc/r130c/cc:6h8c,5sQc|/2h3h8s/4h/Ad:-230,230(-177.038995)
732:BR,Player:0r130c/cr299c/cc/cc:TsTh,3s5c|/3cJsKh/Kc/Qs:529,-529(510.866274)
733:Player,BR:0cc/cc/cc/r130c:2c7s,8cJd|/6cKsKd/5d/2s:230,-230(79.129122)
734:BR,Player:0r130c/cr299c/cc/cc:9s9c,3dQs|/TsAsAh/5c/5s:529,-529(402.511438)
735:Player,BR:0cr300c/r520f:7dAh,2d9d|/3h5d7h:400,-400(400.000000)
736:BR,Player:0cc/cc/cc/cr130c:4s4h,2dTd|/5c7hJc/3d/Kc:230,-230(48.715787)
737:Player,BR:0cc/cc/cc/cc:2c4d,3dQs|/2h6h8h/Qh/Tc:-100,100(-8.672979)
738:BR,Player:0r130c/cc/cr460f:8sAh,5c7c|/2dJsKh/4d:-230,230(-230.000000)
739:Player,BR:0cr200c/cc/cc/cc:TsAd,5h5c|/9dTdQc/4d/2s:300,-300(-43.669141)
740:BR,Player:0cc/cc/cc/cc:5hJs,6dQs|/8hTsKs/7c/Kc:-100,100(-100.000000)
741:Player,BR:0cc/cc/r130f:5h6c,8h9d|/3hKcAh/5s:100,-100(100.000000)
742:BR,Player:0r200c/cc/cr390c/cr1380c:6sTd,4c5h|/3s7sTh/8c/Ad:2070,-2070(1266.565178)
743:Player,BR:0cc/cc/cc/cc:7cJh,5sKd|/7hJsQs/5c/7d:100,-100(-52.492206)
744:BR,Player:0cc/cc/cr200f:4c6c,3h6s|/8cQsQc/3d:-100,100(-100.000000)
745:Player,BR:0cc/cc/cc/cc:3dJs,7sJd|/4d5cKs/Td/Kd:-100,100(46.102029)
746:BR,Player:0cc/cr130f:2h7c,3dJc|/TdQhKd:-100,100(-100.000000)
747:Player,BR:0cr300f:7d7c,3s8h|:100,-100(100.000000)
748:BR,Player:0r200c/cr390c/cc/cr897f:JdQs,5sKd|/3s3c7d/Kh/2c:-690,690(-690.000000)
749:Player,BR:0cr300c/r520c/cc/r460c:TdJc,3sAd|/2c5dQs/5s/9d:-1380,1380(-547.669217)
750:BR,Player:0r130c/cr299c/cc/cc:4c9d,9sAc|/8d9cKd/6s/2s:-529,529(331.327565)
751:Player,BR:0cc/cc/cc/r130c:8sTc,6h8d|/5c6s6d/2c/Jd:-230,230(-148.033236)
752:BR,Player:0r130c/cc/cr299c/cr1587f:QhKd,7hJd|/6h9s9c/Qc/3h:-529,529(-529.000000)
753:Player,BR:0cc/r130c/cc/r115f:3d7s,2cQd|/3hKhKc/Tc/Kd:230,-230(230.000000)
754:BR,Player:0r200c/cr600c/cr1170f:4sQc,5c6d|/4d5h8s/3s:-900,900(-900.000000)
755:Player,BR:0cr200f:6hTh,3h4s|:100,-100(100.000000)
756:BR,Player:0r130c/cr299c/cr264c/cr2379c:6dTc,6hAh|/7s8c9c/5h/Ad:3172,-3172(3172.000000)
757:Player,BR:0cr300c/cc/cc/r520f:ThKh,2sKc|/3dTcJc/7h/5s:400,-400(400.000000)
758:BR,Player:0cc/cc/cr200c/cr1800c:3sJh,3hJd|/6s8cQs/9h/Tc:0,-0(-0.000000)
759:Player,BR:0cr300c/cc/r200c/r120c:7sQs,QhAh|/7dKdAc/As/5s:-720,720(-705.359246)
760:BR,Player:0r130c/cr299f:3c8d,2cAc|/2s7sJh:-230,230(-230.000000)
761:Player,BR:0cr600f:QcAd,5hTs|:100,-100(100.000000)
762:BR,Player:0r130c/cc/cc/cr299c:4d7h,8dKd|/7s8hAh/Kh/5h:529,-529(455.799967)
763:Player,BR:0cr300c/cc/r200c/r780c:3c8c,4dQs|/4h9cTc/Ac/3d:1380,-1380(261.883968)
764:BR,Player:0r130c/cc/cr115c/cr2070f:8cQh,6dJc|/6hQcAc/6c/4s:-345,345(-345.000000)
765:Player,BR:0cr200c/r600f:6s9d,5s8s|/7dKhAs:300,-300(300.000000)
766:BR,Player:0r130c/cc/cc/cc:3c5d,ThKc|/6h9s9h/8h/8s:-230,230(-230.000000)
767:Player,BR:0cr600c/r910c/r4830c/cc:ThJh,3cKh|/6h8hKs/2c/Kd:-6440,6440(-6406.823234)
768:BR,Player:0r130c/cr460c/cr2070f:7dTc,7hKh|/5hThQd/4s:-690,690(-690.000000)
769:Player,BR:0cr300f:4s6h,2d9h|:100,-100(100.000000)
770:BR,Player:0r130c/cc/cc/cc:ThQd,TcQc|/9hAhAc/6d/5s:0,-0(-210.033702)
771:Player,BR:0cc/cc/cc/cc:8c9h,4dQd|/3c6hJd/Kh/Td:-100,100(64.093703)
772:BR,Player:0r130c/cc/cc/cc:7sQh,6hJc|/9dQsKc/6s/9c:230,-230(230.000000)
773:Player,BR:0cr200c/cc/r390f:JhKh,3h4h|/7c8cTd/2h:300,-300(300.000000)
774:BR,Player:0r130c/cc/cc/cc:JdKc,5h7c|/8s9cKd/3d/5c:230,-230(230.000000)
775:Player,BR:0cc/cc/r130c/r115c:5sJs,9sAd|/6sTsJd/Jc/Qs:345,-345(197.383406)
776:BR,Player:0r130c/cr299f:2c6d,8sQd|/4d7hQh:-230,230(-230.000000)
777:Player,BR:0cr200f:2hJh,3d4c|:100,-100(100.000000)
778:BR,Player:0r200c/cc/cr150c/cc:2d5d,7c9s|/2h7sKh/2s/5s:450,-450(450.000000)
779:Player,BR:0cc/cc/cc/cc:2d4c,5hQs|/7d9sAc/3d/Ah:-100,100(23.777233)
780:BR,Player:0f:JsJd,2s9h|:50,-50(50.000000)
781:Player,BR:0cc/cc/r200f:7sAc,6cTd|/2s4h5c/6d:100,-100(100.000000)
782:BR,Player:0r130c/cc/cc/cc:4sAh,2cAd|/3s8dJc/3c/3d:0,-0(159.308686)
783:Player,BR:0cc/cc/cc/cc:7sKh,2cTc|/2s3d9s/3c/6d:-100,100(-53.436837)
784:BR,Player:0r200c/cc/cc/cc:5d9c,4cJh|/2dQsQd/9d/2h:300,-300(300.000000)
785:Player,BR:0cc/cc/cc/cc:5cKh,9hTs|/TdKdAs/5d/4h:100,-100(-48.036606)
786:BR,Player:0r200c/cc/cc/cr600c:5dJs,QhAh|/6sTsTc/Ks/Jc:-900,900(84.991624)
787:Player,BR:0cr200c/r390c/r897c/cc:9h9d,3s9c|/3d7sQh/2h/Th:1587,-1587(439.266883)
788:BR,Player:0r130c/cc/cc/cr299c:QhAh,5s8d|/2h6hTh/2c/Kd:529,-529(522.261516)
789:Player,BR:0cr300c/cc/cc/r800c:6sKs,8sAd|/2d8hJs/4c/Th:-1200,1200(-874.077439)
790:BR,Player:0r200c/cc/cr390c/cc:4cAs,5hKs|/2h7cQc/9s/4h:690,-690(550.313733)
791:Player,BR:0cc/cc/cc/r130c:5h9s,JdQh|/5dJcAc/6s/Ah:-230,230(-218.617439)
792:BR,Player:0r130c/cc/cr299c/cc:5h9h,8h9s|/5s8cTh/7c/5c:529,-529(529.000000)
793:Player,BR:0cc/cc/cc/cc:2dQs,7cJc|/4h4c7d/3s/Ks:-100,100(-62.391313)
794:BR,Player:0r200c/cc/cc/cr150f:6sTc,4dKc|/JsQhAs/8h/Ts:-300,300(-300.000000)
795:Player,BR:0cr200c/cc/cc/r600c:5sKd,7dTd|/7h8hAd/Kc/Ac:900,-900(139.696224)
796:BR,Player:0cc/cr130c/cc/cc:4sTh,4d6c|/5h5d9c/Jh/Ks:230,-230(102.399739)
797:Player,BR:0cr300c/cc/r520c/r460f:JcQh,2cAc|/3d6h7s/Js/8h:920,-920(920.000000)
798:BR,Player:0r200c/cr390c/cr1380c/cr2691f:6sAd,5sTs|/2s5h7d/Tc/Js:-2070,2070(-2070.000000)
799:Player,BR:0cr300f:TdKh,2d9c|:100,-100(100.000000)
800:BR,Player:0cc/cc/cc/cr130c:5cQs,7dTd|/6s9sAd/2c/3s:230,-230(-81.865741)
801:Player,BR:0cc/cc/r130c/cc:6dTs,2hAh|/JsJcAd/5s/Ks:-230,230(-224.546808)
802:BR,Player:0r130c/cc/cr299c/cc:2hJh,7sAs|/JcQdAc/9s/8d:-529,529(-529.000000)
803:Player,BR:0cc/cc/r200f:7sTc,4d9c|/5sJcQs/8c:100,-100(100.000000)
804:BR,Player:0r130c/cr299c/cr687c/cr7296c:5sQc,8d9h|/2h5hAc/4c/2c:8512,-8512(8512.000000)
805:Player,BR:0cc/cc/cc/r200c:3cJd,4dQs|/5c6hAc/7s/9s:-300,300(58.127093)
806:BR,Player:0f:9cQc,2s6d|:50,-50(50.000000)
807:Player,BR:0cc/cc/cc/r130f:2s8c,2c8h|/9sThAd/Qd/Ac:100,-100(100.000000)
808:BR,Player:0r300c/cc/cr520c/cr1196f:8s9d,TcJs|/3c7h8c/Jh/4d:-920,920(-920.000000)
809:Player,BR:0cc/cc/cc/cc:2hKh,7sAc|/3s3hJc/Qh/9s:-100,100(-26.193942)
810:BR,Player:0f:8cJs,2s9c|:50,-50(50.000000)
811:Player,BR:0cc/cc/cc/cc:3cJs,8cAd|/3d4cAc/Qh/5c:-100,100(-84.380724)
812:BR,Player:0r200c/cr390c/cr138c/cc:9sAd,3c5s|/7d8dTd/Jd/5d:828,-828(828.000000)
813:Player,BR:0cc/cc/cc/cc:3hKd,3dQc|/5hJcAd/8h/Tc:100,-100(54.044995)
814:BR,Player:0r200c/cr1800c/cc/cr17900f:3sJc,5hQs|/2hJdAh/3h/4h:-2100,2100(-2100.000000)
815:Player,BR:0cc/cc/cc/cc:4h8c,5c6d|/QdKhAs/2s/Kc:100,-100(93.839835)
816:BR,Player:0f:3h9c,3c7h|:50,-50(50.000000)
817:Player,BR:0cr600f:KsKc,6sJc|:100,-100(100.000000)
818:BR,Player:0f:4h9s,2h5s|:50,-50(50.000000)
819:Player,BR:0cc/cc/cc/cc:5c9d,6s9s|/8hJdQh/6c/3h:-100,100(-53.884468)
820:BR,Player:0r130c/cc/cr460c/cr897c:3d7d,9dJh|/2c3s8c/3c/6s:1587,-1587(1587.000000)
821:Player,BR:0cr200c/cc/r150c/r585c:9sQs,5h9d|/9hTsTd/6c/7s:1035,-1035(200.613556)
822:BR,Player:0cc/cr300c/cc/cr520f:6dQh,6cTc|/4dKhAc/5h/Th:-400,400(-400.000000)
823:Player,BR:0cc/cc/cc/r130c:2d5h,6h6d|/4c5dKd/Ts/Jh:-230,230(13.478473)
824:BR,Player:0r130c/cr299c/cc/cr1058c:KdAc,3dJs|/4h7dQc/5h/Qh:1587,-1587(-171.443364)
825:Player,BR:0cc/cc/r130c/cc:4h8d,2dAs|/5c7c9d/Jd/9c:-230,230(-142.822796)
826:BR,Player:0r130c/cc/cr460c/cr1380c:2h4s,4d6c|/2s3cKh/Th/7d:2070,-2070(791.559861)
827:Player,BR:0cc/cc/cc/r130f:4sJh,2d6d|/8dTsTh/4c/5h:100,-100(100.000000)
828:BR,Player:0r130c/cr299c/cc/cc:4hTh,5c7s|/4d9sKc/2d/Jd:529,-529(365.190634)
829:Player,BR:0cc/cc/cc/r300f:TdKc,3c4d|/9dJcQd/Jh/Ac:100,-100(100.000000)
830:BR,Player:0r130c/cc/cr299c/cc:4s8s,7dQc|/6sTsJs/As/Td:529,-529(529.000000)
831:Player,BR:0cc/cc/cc/cc:5sKc,2s7h|/4h8hAc/3h/Tc:100,-100(94.229901)
832:BR,Player:0r130c/cr460c/cr897c/cc:8cJs,2cAs|/4s8s9d/Ks/4c:1587,-1587(105.869083)
833:Player,BR:0cc/cc/cc/cc:9sQh,5d9c|/2c6dJh/Ad/3s:100,-100(90.789733)
834:BR,Player:0r130c/cc/cc/cc:9sJs,JcAd|/4cTsTc/Qc/4h:-230,230(-228.593108)
835:Player,BR:0cc/cc/r130f:3s6c,6hKc|/3d4cQh/Qs:100,-100(100.000000)
836:BR,Player:0r300c/cc/cc/cr520c:QsQh,9dJs|/7s8dQc/7h/4c:920,-920(920.000000)
837:Player,BR:0cr200c/cc/cc/r150c:7s9s,4hJc|/3h3dKh/Qs/Jh:-450,450(-142.375199)
838:BR,Player:0r130c/cr299f:2d7s,3s6s|/3d9cJs:-230,230(-230.000000)
839:Player,BR:0cc/r130c/cc/cc:5c7s,4h7c|/3s4dAc/8s/Qc:-230,230(2.085225)
840:BR,Player:0r130c/cc/cr115c/cc:9dJd,2dAd|/7dJsJh/3d/Qc:345,-345(345.000000)
841:Player,BR:0cc/r130f:3cQc,2c3s|/4c6s7d:100,-100(100.000000)
842:BR,Player:0r130c/cr299c/cr1587f:5sQc,JsAc|/6d8cTh/Kd:-529,529(-529.000000)
843:Player,BR:0cc/cc/r130f:7s8h,4h7h|/5sQdKd/9h:100,-100(100.000000)
844:BR,Player:0r130c/cc/cc/cc:6c7s,4d7d|/7h8d9s/Ks/Jc:0,-0(-1.776785)
845:Player,BR:0cc/cc/cc/cc:5sTc,3s3h|/5d7hJd/2c/Kd:100,-100(-41.769445)
846:BR,Player:0r200c/cr600c/cr1800c/cr3510c:5h6d,AhAd|/7d8dAs/9h/4d:6210,-6210(527.089595)
847:Player,BR:0cc/cc/cc/cc:TsJd,ThJs|/3s7cAh/7h/6c:0,-0(50.349644)
848:BR,Player:0r130c/cc/cc/cr299f:9cTd,QsQd|/3d4hKc/2h/6s:-230,230(-230.000000)
849:Player,BR:0cr600f:JhAd,5c8c|:100,-100(100.000000)
850:BR,Player:0r200c/cr600c/cr1800c/cr3510c:7h9s,3cKs|/2h9cJs/5h/9h:6210,-6210(6210.000000)
851:Player,BR:0cc/cc/cc/cc:9hJc,5d7d|/6hQdAs/Ts/9d:100,-100(72.291986)
852:BR,Player:0r130c/cc/cc/cr299c:6s9s,5s7s|/4c6hTh/2d/4s:529,-529(238.958976)
853:Player,BR:0cr300c/cc/r520c/cc:9hJh,2sQd|/3dKhAd/Tc/As:-920,920(-899.367419)
854:BR,Player:0r130c/cr299c/cc/cc:7dKd,5s8d|/4sJcQh/7s/Ah:529,-529(491.273409)
855:Player,BR:0cr600c/cc/cc/r350c:7dKd,TsQh|/5h8sQc/3s/2h:-1050,1050(-705.484423)
856:BR,Player:0r130c/cr299c/cr1058f:TsQc,8cKd|/3d4h8s/7c:-529,529(-529.000000)
857:Player,BR:0cc/cc/cc/cc:2hTd,9cJd|/8cQhAh/2s/5d:100,-100(48.254315)
858:BR,Player:0r130c/cc/cr115c/cr690c:2cJs,4h6s|/2s8hKd/Ts/Qh:1035,-1035(270.314932)
859:Player,BR:0cc/cc/cc/cc:5sAh,3s5h|/JdQsQc/2d/8d:100,-100(100.000000)
860:BR,Player:0f:6hKc,2c5h|:50,-50(50.000000)
861:Player,BR:0cc/cc/cc/r130f:4c5d,5hKh|/4hJdAd/6h/6d:100,-100(100.000000)
862:BR,Player:0r130c/cc/cr460c/cr897f:9dQc,4s5c|/5d8d9h/4h/3d:-690,690(-690.000000)
863:Player,BR:0cc/cc/r130c/r299c:2hQs,2d3d|/3c7dJh/Qc/Td:529,-529(151.528724)
864:BR,Player:0f:5hTd,2h4d|:50,-50(50.000000)
865:Player,BR:0cr300f:7cAc,2s4c|:100,-100(100.000000)
866:BR,Player:0cc/cr200c/cr150c/cc:5sJc,6dAh|/6h7hJh/7c/Js:450,-450(450.000000)
867:Player,BR:0cc/cc/r200c/cc:4sTd,6dAd|/7c9cAs/7s/4d:-300,300(-291.684453)
868:BR,Player:0r130c/cr299c/cc/cc:ThQh,6hKh|/4s6s9c/Td/7h:529,-529(528.302182)
869:Player,BR:0cc/cc/cc/cc:6c9d,8cTc|/7sQcKh/Jh/9s:-100,100(-94.761497)
870:BR,Player:0r200c/cc/cc/cr390c:5c8h,3s8s|/9cQsAs/9s/Kc:-690,690(-30.769930)
871:Player,BR:0cr300c/cc/r200c/r120f:3h6c,9sJh|/5s6dQs/2h/7h:600,-600(600.000000)
872:BR,Player:0cc/cc/cc/cc:8c9d,3cQd|/3s5sJd/4s/Qs:-100,100(-100.000000)
873:Player,BR:0cc/cc/cc/cc:3cQd,5h7s|/4d5sJs/Qc/Jc:100,-100(-76.044355)
874:BR,Player:0r200c/cc/cc/cc:5s9s,3hJh|/3c7s8s/Tc/Kh:-300,300(-300.000000)
875:Player,BR:0cc/cc/cc/cc:2h8s,7sTd|/2dQdKs/6h/As:100,-100(63.121893)
876:BR,Player:0r200c/cr390f:3d8c,7h8d|/4sThQh:-300,300(-300.000000)
877:Player,BR:0cc/cc/cc/cc:5c8c,JcQc|/3d8dQs/5d/Qd:-100,100(-41.385135)
878:BR,Player:0r130c/cc/cc/cc:4h8c,3sAs|/2dQsKh/5h/2h:-230,230(-230.000000)
879:Player,BR:0cr600f:TdAc,3h5s|:100,-100(100.000000)
880:BR,Player:0r130c/cc/cc/cr299c:9sJh,6c7s|/6dTdAc/Tc/7c:-529,529(11.208493)
881:Player,BR:0cr300c/cc/r200c/r120c:3s4s,TcQc|/2s2c7d/Qh/4h:-720,720(-659.208429)
882:BR,Player:0r130c/cr299c/cr3174f:8dTs,5d9d|/2d3sTh/Qd:-529,529(-529.000000)
883:Player,BR:0cc/cc/cc/r130c:3c8h,KcAc|/4h8cTs/Qc/6c:-230,230(-230.000000)
884:BR,Player:0r200c/cr390c/cc/cc:9hKs,TsTh|/7h7d8d/Jd/Qh:-690,690(-396.420646)
885:Player,BR:0cc/cc/cc/cc:3h7h,6d9d|/7sQdAs/Ah/Kd:100,-100(58.760308)
886:BR,Player:0f:4cQs,2s6d|:50,-50(50.000000)
887:Player,BR:0cc/cc/r300c/cc:7cTd,2dQd|/5h9cAc/5d/5c:-400,400(-348.394043)
888:BR,Player:0cc/cc/cr130c/cc:JdKh,5h9c|/JcQsKc/4h/Ks:230,-230(230.000000)
889:Player,BR:0cc/cc/cc/cc:2hAs,4d5c|/7dQcKd/8d/7h:100,-100(92.857503)
890:BR,Player:0r130c/cc/cc/cc:9cTc,7cAc|/8dTsQc/4h/8s:230,-230(230.000000)
891:Player,BR:0cr300c/cc/r200c/cc:3d7d,TsTh|/7s9sTd/2s/4s:-600,600(-563.798654)
892:BR,Player:0r200c/cc/cc/cc:4h8h,TdAd|/4d5h5c/8s/3s:300,-300(300.000000)
893:Player,BR:0cc/cc/cc/r130c:2h3h,2c3s|/4s8cTh/2s/Td:0,-0(57.141884)
894:BR,Player:0r200c/cc/cc/cr150c:4s6h,8cAd|/2d5cTc/4h/5h:450,-450(450.000000)
895:Player,BR:0cc/cc/r600f:TcJh,3dAc|/JsJcAh/4s:100,-100(100.000000)
896:BR,Player:0r130c/cc/cr115c/cc:5d7c,5cKd|/2cJhAd/Js/Qd:-345,345(-345.000000)
897:Player,BR:0cc/cc/cc/cc:3c8d,8sAh|/4d9hJc/Qc/2s:-100,100(13.333913)
898:BR,Player:0r130c/cr299c/cc/cc:2cTs,4c9c|/2d3hJh/Qd/Js:529,-529(206.808690)
899:Player,BR:0cc/cc/r130c/cc:7d9h,3dJs|/2s2cTs/Kh/Td:0,-0(7.265215)
900:BR,Player:0r130c/cc/cc/cr460c:4h5h,8cKd|/3c5dQh/4d/7h:690,-690(426.587190)
901:Player,BR:0cc/cc/cc/cc:5d9c,8h8d|/JsJhJc/Th/Td:0,-0(1.785812)
902:BR,Player:0r200c/cc/cr150f:4d5s,5c8d|/7h8sAh/Tc:-300,300(-300.000000)
903:Player,BR:0cc/cc/cc/cc:4cQs,5cTh|/2d9hAc/4s/5d:-100,100(-68.922968)
904:BR,Player:0f:4c9d,2cTh|:50,-50(50.000000)
905:Player,BR:0cr300c/cc/cc/r200c:ThQs,5hKc|/9sTsQh/Kd/Jh:0,-0(31.159737)
906:BR,Player:0r130c/cc/cc/cr299f:4c6h,4h5s|/5c8h9s/Jd/4s:-230,230(-230.000000)
907:Player,BR:0cc/cc/cc/r130c:6sKc,6h7d|/4s6cTh/As/9s:230,-230(38.637778)
908:BR,Player:0cc/cc/cc/cr130c:6c7s,7cJs|/2s4s5c/Ac/7d:-230,230(33.052813)
909:Player,BR:0cr600f:3s3d,2c6d|:100,-100(100.000000)
910:BR,Player:0r130c/cc/cr460c/cr897c:TdJc,3s8s|/5cTcKs/7d/4c:1587,-1587(189.288709)
911:Player,BR:0cr200c/cc/r150c/cc:JhQh,6d9d|/9sAdAc/3s/8c:-450,450(-330.730074)
912:BR,Player:0r130c/cr299f:4c6h,7hKd|/8sTcQd:-230,230(-230.000000)
913:Player,BR:0cc/cc/cc/cc:2c8d,ThKc|/4c6hTc/As/Jc:-100,100(-64.414972)
914:BR,Player:0r130c/cr299c/cc/cr687f:8cAh,TsQc|/3c4s4d/Td/Jh:-529,529(-529.000000)
915:Player,BR:0cc/r130f:5c8s,4s7d|/6sJsJc:100,-100(100.000000)
916:BR,Player:0r130c/cr460c/cr345f:2sQd,5cKc|/6sQcAc/Kh:-690,690(-690.000000)
917:Player,BR:0cc/cc/cc/r130c:JdQs,5sTs|/TdKdAd/Th/Qd:230,-230(-31.679686)
918:BR,Player:0r130c/cr299c/cr687c/cc:2c6s,QhAs|/7cJcQc/6h/Th:-1216,1216(-614.323383)
919:Player,BR:0cc/cc/cc/cc:JsKh,2c3c|/6hTsJc/6c/5s:100,-100(93.803678)
920:BR,Player:0cc/cr130c/cc/cr299c:6c8d,2d7d|/4s6h7c/Qh/6s:529,-529(288.630856)
921:Player,BR:0cr600c/r910c/r4830c/r12880c:3h5d,8cTs|/6c7hQs/Th/7s:-19320,19320(-14254.267460)
922:BR,Player:0r130c/cc/cr115f:7sKh,4dTs|/4c9dQh/8c:-230,230(-230.000000)
923:Player,BR:0cr200c/cc/r150c/cc:5h7h,JdQc|/6h6c7c/Ah/8s:450,-450(346.680112)
924:BR,Player:0r200c/cc/cr390c/cc:5s7h,8hQd|/3d4hAc/7s/6d:690,-690(690.000000)
925:Player,BR:0cc/cc/cc/r130c:4d8d,JsAh|/2s4s7c/3s/Jd:-230,230(-144.544171)
926:BR,Player:0r130c/cc/cc/cr460f:2s6s,7hKc|/5s5dKh/6d/8d:-230,230(-230.000000)
927:Player,BR:0cr300c/cc/cc/cc:JdAc,6dJc|/9hThKd/4c/4d:400,-400(400.000000)
928:BR,Player:0f:8sQh,3c7d|:50,-50(50.000000)
929:Player,BR:0cc/cc/cc/r130f:2c4d,7dKs|/8sThAc/Ad/6s:100,-100(100.000000)
930:BR,Player:0r130c/cc/cc/cr299f:2d3s,7hKh|/6hKcAd/9d/6d:-230,230(-230.000000)
931:Player,BR:0cr300f:7cKc,2h6h|:100,-100(100.000000)
932:BR,Player:0r130c/cc/cc/cc:3dQc,JdAh|/2c4s8s/7h/6s:-230,230(-230.000000)
933:Player,BR:0cc/cc/cc/r130c:6hAc,7h9s|/4d4c6s/7d/9c:-230,230(-168.315502)
934:BR,Player:0r130c/cr299c/cc/cc:9cJh,5d6c|/2cQdKh/9s/5h:529,-529(502.455739)
935:Player,BR:0cc/cc/cc/cc:2h9c,9hJh|/4hTdKd/Ad/Kc:-100,100(-2.297274)
936:BR,Player:0cc/cr130c/cr299f:4d5h,9dTh|/4c7dJh/Ts:-230,230(-230.000000)
937:Player,BR:0cc/cc/cc/r130f:3s6c,9sAs|/3d7hJd/Qh/7c:100,-100(100.000000)
938:BR,Player:0cc/cr130c/cc/cr299c:4cJs,4h7d|/6c7hAc/Ad/Jc:529,-529(263.555310)
939:Player,BR:0cr130c/cc/cc/cc:QcKc,JdJc|/2h6dKd/Ad/Qd:-230,230(-230.000000)
940:BR,Player:0r200c/cr390c/cc/cc:7c9c,8cTd|/2s4hKc/Th/Jc:-690,690(-355.717807)
941:Player,BR:0cc/cc/cc/r130c:3hAd,2h9s|/3d5d9d/Ah/2d:230,-230(90.398781)
942:BR,Player:0r130c/cr460c/cr1380c/cc:5cAd,9cJs|/TsTdKc/3s/9s:-2070,2070(-2070.000000)
943:Player,BR:0cc/cc/r130f:3dJh,3c4d|/2c8cTs/7h:100,-100(100.000000)
944:BR,Player:0r200c/cc/cr390f:2h3h,4cJh|/8dQsAc/As:-300,300(-300.000000)
945:Player,BR:0cr600f:8dTc,3cQd|:100,-100(100.000000)
946:BR,Player:0cc/cc/cc/cr130c:5cTs,3dJs|/2s6dTc/Jd/2d:-230,230(34.717822)
947:Player,BR:0cc/cc/cc/r130c:5hQs,9hAd|/2d4d5s/Ac/4h:-230,230(-12.960585)
948:BR,Player:0r130c/cr299c/cr1058c/cr4761c:2sAs,2h6h|/TdJhQs/5d/Qh:6348,-6348(3655.611816)
949:Player,BR:0cc/cc/cc/cc:4hKs,9cAd|/5d5c6d/As/8c:-100,100(-90.471199)
950:BR,Player:0r200c/cr390c/cr2070c/cr3588f:6hTh,7cAs|/3c9sAh/7s/3h:-2760,2760(-2760.000000)
951:Player,BR:0cc/cc/r600f:3h4d,2c8d|/2hThAc/5h:100,-100(100.000000)
952:BR,Player:0cc/cr130c/cr460f:JsKc,6c8h|/2c3s5h/5s:-230,230(-230.000000)
953:Player,BR:0cc/cc/cc/cc:7hAd,9cKh|/8dThJc/2d/8s:100,-100(23.652318)
954:BR,Player:0r130c/cr299c/cc/cc:9hKs,5s9d|/5cTsTc/Qs/Kc:529,-529(529.000000)
955:Player,BR:0cr300c/cc/cc/r200c:8c9h,6c8d|/2s9cQs/6d/Js:600,-600(240.050219)
956:BR,Player:0r130c/cc/cc/cr690c:6h8s,3h5h|/8dTcKd/Qd/Td:920,-920(677.291337)
957:Player,BR:0cc/cc/cc/r130c:4s8s,5d5c|/2c7dTd/Ts/Qh:-230,230(-47.275342)
958:BR,Player:0r130c/cr460f:3c7d,5c6h|/4cJdQc:-230,230(-230.000000)
959:Player,BR:0cc/cc/cc/cc:7sAc,6d9h|/4d7dJh/7c/3c:100,-100(65.291884)
960:BR,Player:0r130c/cc/cr299c/cc:4s9h,7s8c|/3s3hAd/5h/7h:-529,529(-345.162827)
961:Player,BR:0cc/cc/r200c/r150c:7c8d,5c9c|/2s5d7s/3s/Jh:450,-450(184.215575)
962:BR,Player:0r130c/cr299c/cc/cc:5dQc,8hJd|/3s5h9s/Ac/Ah:529,-529(372.380744)
963:Player,BR:0cc/cc/cc/cc:2dQc,4hKh|/3s7hAd/Kd/2c:-100,100(-70.144172)
964:BR,Player:0r200c/cc/cc/cr390f:4hTd,8sTs|/7s8hAd/9h/3d:-300,300(-300.000000)
965:Player,BR:0cc/r130f:6h8c,2h8s|/5c7hQs:100,-100(100.000000)
966:BR,Player:0cc/cc/cc/cc:2d5h,4h8d|/6c7h9h/2c/8h:100,-100(100.000000)
967:Player,BR:0cc/cc/cc/cc:5c9d,7hQh|/6sTsAc/Jc/Js:-100,100(-0.841080)
968:BR,Player:0r200c/cr390c/cc/cc:4cKh,5s6c|/2c4h9c/As/Jh:690,-690(101.156530)
969:Player,BR:0cr300c/cc/cc/cc:QsAh,5hQh|/4h8cTs/3d/6h:400,-400(388.689403)
970:BR,Player:0r130c/cr299f:2dTd,7dAh|/4h5c7h:-230,230(-230.000000)
971:Player,BR:0cc/cc/cc/cc:2cKh,9hQh|/4s6sJd/7c/Tc:100,-100(85.746659)
972:BR,Player:0r200c/cc/cc/cc:5cQc,4d6c|/6s8sAh/As/Jh:-300,300(-271.481827)
973:Player,BR:0cr200c/cc/cc/r150f:7cKc,3d7d|/8d9hJc/Qs/5d:300,-300(300.000000)
974:BR,Player:0r130c/cr299c/cc/cc:5s5h,3cQc|/7c9sAc/9h/6d:529,-529(53.590016)
975:Player,BR:0cr300c/cc/r1200c/cc:7hJc,9hTd|/6cQcKd/8c/Ad:1600,-1600(-1054.377708)
976:BR,Player:0r200c/cr900c/cr600f:7cAs,6cTd|/4s6dTs/Tc:-1200,1200(-1200.000000)
977:Player,BR:0cc/cc/cc/cc:4d9d,QhAh|/8dQdQc/Jh/5h:-100,100(-96.102449)
978:BR,Player:0r130c/cc/cc/cc:3h3d,QdKh|/7s9hJh/Ah/6s:230,-230(-138.234481)
979:Player,BR:0cr300c/cc/r520c/r184c:ThQh,2dJc|/9dJhQc/6s/Ts:1104,-1104(-196.038984)
980:BR,Player:0r200c/cr600c/cc/cc:6sKc,6dTs|/2h4d9d/7h/Qh:900,-900(151.933311)
981:Player,BR:0cc/cc/cc/cc:2h9d,8s8c|/8hThAs/6s/4h:-100,100(-94.728018)
982:BR,Player:0r130c/cr299f:8c9h,JcAc|/5h5cAs:-230,230(-230.000000)
983:Player,BR:0cc/r130c/r299c/cc:8cJh,9cKc|/2c5h8s/6c/7h:-529,529(-466.589613)
984:BR,Player:0r130c/cr299c/cr687c/cr3648c:4dAc,8sQd|/2d3dJh/Ah/6d:4864,-4864(2884.827066)
985:Player,BR:0cr300f:7cAc,2hTs|:100,-100(100.000000)
986:BR,Player:0r130c/cc/cc/cc:6hJs,3hQh|/4s9hKc/Kd/8s:-230,230(-230.000000)
987:Player,BR:0cc/cc/cc/cc:3c8c,5h7d|/JdQhKs/2s/8d:100,-100(86.720005)
988:BR,Player:0cc/cr130f:4s6s,4d9s|/5hTsAc:-100,100(-100.000000)
989:Player,BR:0cc/cc/r130c/cc:2hTc,TsQd|/2s8h8c/3c/Qc:-230,230(-213.885545)
990:BR,Player:0r130c/cc/cr299f:2s2c,3c5d|/4s4h7c/6s:-230,230(-230.000000)
991:Player,BR:0cr130c/cc/cc/r115f:6s6c,7cTs|/4d8sKc/Ad/Ks:230,-230(230.000000)
992:BR,Player:0r130c/cr460c/cr897c/cr2063c:2dAs,3dKc|/4d5h6s/3s/Ad:3650,-3650(2499.228959)
993:Player,BR:0cc/cc/r130c/r299c:8dKc,AsAh|/2s4c7s/Kd/6c:-529,529(-357.567398)
994:BR,Player:0r200c/cr600c/cc/cr1170c:6cJd,KcAc|/6s7c8c/3d/Jc:-2070,2070(1534.324339)
995:Player,BR:0cc/cc/cc/cc:6d8c,4sJd|/5s5d6c/Qh/2h:100,-100(74.259017)
996:BR,Player:0r130c/cc/cc/cr299c:9hJh,5s8d|/2sJsKc/2h/Kd:529,-529(356.337107)
997:Player,BR:0cr300c/cc/r200c/cc:5c7d,6dTd|/8sThJh/Jd/7s:-600,600(-493.791212)
998:BR,Player:0r130c/cc/cc/cc:6cKc,9sQh|/3h4s8c/3d/4d:230,-230(106.018586)
999:Player,BR:0cc/r200c/cc/cc:7d9h,3h7h|/3s8sJs/Ac/Ks:-300,300(34.689327)
1000:BR,Player:0r300c/cc/cc/cc:3cTd,KcAc|/2d5c9s/6c/Qs:-400,400(-400.000000)
RAW BR STATS: n=1000, sum=152231.000000, sum_sq=2538998131.000000, vr_sum=128767.642815, vr_sum_sq=1966167302.299424
BR STATS: 152.231000(98.309658), 128.767643(86.542073)
RESULTS
1)Player: -152231
2)BR: 152231
