In config file: GAME_DEF=game_def.fullholdem
In config file: ACTIONS_R0=C
In config file: ACTIONS_R1=C
In config file: ACTIONS_R2=F,C,0.05,0.0575,0.066125,0.07604375,0.087450313,0.100567859,0.115653038,0.133000994,0.152951143,0.175893815,0.202277887,0.23261957,0.267512505,0.307639381,0.353785288,0.406853081,0.467881044,0.5380632,0.61877268,0.711588582,0.81832687,0.9410759,1.082237285,1.244572878,1.43125881,1.645947631,1.892839776,2.176765742,2.503280603,2.878772694,3.310588598,3.807176888,4.378253421,5.034991434,5.790240149,6.658776171,7.657592597,8.806231486,10.12716621,11.64624114,13.39317731,15.40215391,17.71247699,20.36934854,23.42475083,26.93846345,30.97923297,35.62611791,40.9700356,47.11554094,54.18287208,62.31030289,71.65684832,82.40537557,94.76618191,A
In config file: ACTIONS_R3=F,C,0.05,0.0575,0.066125,0.07604375,0.087450313,0.100567859,0.115653038,0.133000994,0.152951143,0.175893815,0.202277887,0.23261957,0.267512505,0.307639381,0.353785288,0.406853081,0.467881044,0.5380632,0.61877268,0.711588582,0.81832687,0.9410759,1.082237285,1.244572878,1.43125881,1.645947631,1.892839776,2.176765742,2.503280603,2.878772694,3.310588598,3.807176888,4.378253421,5.034991434,5.790240149,6.658776171,7.657592597,8.806231486,10.12716621,11.64624114,13.39317731,15.40215391,17.71247699,20.36934854,23.42475083,26.93846345,30.97923297,35.62611791,40.9700356,47.11554094,54.18287208,62.31030289,71.65684832,82.40537557,94.76618191,A
Loading player: rgbr_nl_cprg.so
Player args: /home/viliam/cprg/project_uoapoker/trunk/src/c/meta_player.so /home/viliam/cprg/project_uoapoker/trunk/src/c/acpc14.map
Using seed 26.
1:BR,Player:0r130c/cr460c/cr897r13897f:4sQc,8sJh|/9sTcAs/5s:1587,-1587(1587.000000)
2:Player,BR:0cc/cc/cr761f:4s9h,7dQs|/3d5cJd/Qc:-100,100(-100.000000)
3:BR,Player:0r200c/cc/r2627f:7dQs,9cJc|/2dKsAc/9s:300,-300(300.000000)
4:Player,BR:0cc/cc/cr216c/cr5566f:7hTs,6cQs|/TcQcAh/3c/2s:-316,316(-316.000000)
5:BR,Player:0r130c/cr460c/cr1380f:9dQh,6d9s|/4dJsAd/5d:-690,690(-690.000000)
6:Player,BR:0cr300c/cc/r200r743f:5c9c,5hQc|/6hThJh/7h:-600,600(-600.000000)
7:BR,Player:0r130c/cr299c/r374f:9cJc,5c7h|/2s9sAs/8s:529,-529(529.000000)
8:Player,BR:0cr300c/cc/r200r200c/cc:9h9c,JcAc|/5d7d8s/4d/8c:800,-800(793.139231)
9:BR,Player:0r200c/cc/r212c/r964f:3d9s,8dJc|/5d8c9d/Ah/7h:512,-512(512.000000)
10:Player,BR:0cc/cc/cr216f:3d7c,8dJc|/9h9dJs/6s:-100,100(-100.000000)
11:BR,Player:0r130c/cr299c/r1145c/r7288f:3sKh,ThTd|/8h9sKs/Qc/4h:1674,-1674(1674.000000)
12:Player,BR:0cc/cc/cr876f:6hTs,3c7c|/2hAsAd/5h:-100,100(-100.000000)
13:BR,Player:0r130c/cr299c/r753c/cr1098r10361f:8sKs,7dQs|/4s5cAc/6d/8d:2380,-2380(2380.000000)
14:Player,BR:0cr300c/cc/r800r2987f:TsJh,5sAd|/4c8cQs/Qd:-1200,1200(-1200.000000)
15:BR,Player:0f:6c9d,2c3d|:50,-50(50.000000)
16:Player,BR:0cr200c/cc/cr4595c/r100r12433f:7d9d,4c5c|/6s7c8s/6h/Ts:-4995,4995(-4995.000000)
17:BR,Player:0cc/cr130c/r7085f:2s4s,3c6s|/4d5c8c/7h:230,-230(230.000000)
18:Player,BR:0cr130c/cc/cr4051f:TsAs,9sKd|/3c4hAc/7c:-230,230(-230.000000)
19:BR,Player:0cc/cc/r1761f:6d7c,8sTh|/6c8cJd/3c:100,-100(100.000000)
20:Player,BR:0cr300c/cc/r200r16072r3328c/cc:4c5c,9sTc|/2d6c8c/3d/Jc:20000,-20000(20000.000000)
21:BR,Player:0r200c/cr600c/r100f:ThKd,2cAd|/4c8c9s/Qs:900,-900(900.000000)
22:Player,BR:0cc/cc/cr124r236r19540f:6sKd,KsAh|/6h6d9s/4d:-460,460(-460.000000)
23:BR,Player:0r130c/cc/r1001f:5s7h,4s4c|/3c9hQh/Th:230,-230(230.000000)
24:Player,BR:0cc/cc/r130r327f:3c8c,7cQh|/9s9cTc/Ts:-230,230(-230.000000)
25:BR,Player:0r130c/cc/r2014f:3h8h,2cAd|/8cJcQd/6h:230,-230(230.000000)
26:Player,BR:0cc/cc/cr19900f:7sKc,TdAc|/JdQdKd/9c:-100,100(-100.000000)
27:BR,Player:0r130c/cc/r1751f:5cKs,3h3c|/2dKcAc/5d:230,-230(230.000000)
28:Player,BR:0cc/cc/cr3080f:6h9d,5cKc|/2c9cQs/Jd:-100,100(-100.000000)
29:BR,Player:0r130c/cr299c/r655c/r1274c:8s8h,AdAc|/3c5dJs/Jh/2s:-2458,2458(1299.098885)
30:Player,BR:0cr600c/r910c/cr14098f:7dAh,2hAs|/2c8sKd/Tc:-1610,1610(-1610.000000)
31:BR,Player:0cc/cr130c/r285c/r1695c:9dQh,5sTd|/2s9sKd/5c/4c:2210,-2210(1064.633189)
32:Player,BR:0cr200c/cc/cr8036f:6h7d,9hTs|/2h8hKh/4h:-300,300(-300.000000)
33:BR,Player:0r200c/cc/r1306f:2dQd,6c7h|/4dKsAh/8s:300,-300(300.000000)
34:Player,BR:0cr130c/r299c/r105r14767f:9cJc,5sQs|/5d8sTc/5c:-634,634(-634.000000)
35:BR,Player:0r200c/cc/r1306f:7s9h,4h6d|/4s5hAd/Jd:300,-300(300.000000)
36:Player,BR:0cr200c/cc/cr1306f:3d4s,6sJs|/5d8s9c/8h:-300,300(-300.000000)
37:BR,Player:0f:TcAc,3h7d|:50,-50(50.000000)
38:Player,BR:0cr300c/cc/r200r9189f:JsKs,2d6h|/2c7cAd/2h:-600,600(-600.000000)
39:BR,Player:0r130c/cc/r19770f:6sJd,8dJc|/5s6hJh/3s:230,-230(230.000000)
40:Player,BR:0cc/cc/cr876f:3dKc,4hTc|/7s8c9d/8s:-100,100(-100.000000)
41:BR,Player:0r130c/cc/r2014f:5hTh,9cTs|/8dKhAc/6s:230,-230(230.000000)
42:Player,BR:0cc/cc/r300r16295f:6c7d,5sTc|/3h5cJd/Ts:-400,400(-400.000000)
43:BR,Player:0r130c/cc/r14250f:3s7s,2s6s|/TdJsAc/Ks:230,-230(230.000000)
44:Player,BR:0cc/cc/cr3080f:6s8d,4h9d|/3h3c8c/Jd:-100,100(-100.000000)
45:BR,Player:0r130c/cr299c/r655f:JhKc,6cTd|/2h2c9d/Ks:529,-529(529.000000)
46:Player,BR:0cc/cc/cr435f:6hQc,6dQs|/2h3s9h/Js:-100,100(-100.000000)
47:BR,Player:0r200c/cc/r747f:4hAc,5s6s|/2s7hJh/5h:300,-300(300.000000)
48:Player,BR:0cr300c/cc/cr7045f:QsKh,5hAs|/6h6dJd/4h:-400,400(-400.000000)
49:BR,Player:0r130c/cr299c/r19471f:2dAc,5hTd|/2c8sJc/Ad:529,-529(529.000000)
50:Player,BR:0cc/cc/cr761c/r100r16926f:4dTd,AsAc|/4sJhQc/9s/Kh:-961,961(-961.000000)
51:BR,Player:0f:5sJs,2c7h|:50,-50(50.000000)
52:Player,BR:0cr130c/cc/r115r3021f:8hTd,6hJh|/QdKdKc/2c:-345,345(-345.000000)
53:BR,Player:0r200c/cc/r2627f:3cJs,4c6d|/4h7dKc/Ks:300,-300(300.000000)
54:Player,BR:0cc/cc/cr9423f:2c4h,6c8s|/2sTcJd/Ac:-100,100(-100.000000)
55:BR,Player:0r130c/cr299c/r2303f:3sQd,4d5c|/2dTsAd/Ks:529,-529(529.000000)
56:Player,BR:0cr200c/cc/cr427f:2s2d,TcQh|/6d8cJs/5s:-300,300(-300.000000)
57:BR,Player:0r130c/cc/r871f:AdAc,9cAs|/2h3hQs/6h:230,-230(230.000000)
58:Player,BR:0cc/cc/cr124r376c/cr2271c:3sKh,2s7s|/3d7hQc/4h/7d:-2871,2871(-2871.000000)
59:BR,Player:0r130c/cr460c/r12153f:3c4c,5s9d|/ThJdAd/Qc:690,-690(690.000000)
60:Player,BR:0cc/cc/cr876f:4cAh,5hQs|/4d8d9d/Ad:-100,100(-100.000000)
61:BR,Player:0f:7hKh,2d8h|:50,-50(50.000000)
62:Player,BR:0cc/cc/r130r3522f:2d7h,4dAs|/3h4s8c/Ah:-230,230(-230.000000)
63:BR,Player:0r300c/cc/r1741f:4c8c,2sJs|/4d6hTd/3c:400,-400(400.000000)
64:Player,BR:0cc/cc/cr124r236r2003f:6dQc,2s6c|/9s9h9c/6s:-460,460(-460.000000)
65:BR,Player:0f:5cAh,3c6d|:50,-50(50.000000)
66:Player,BR:0cr300c/cc/r200r4569f:9dAc,5s9h|/3d5d9s/2s:-600,600(-600.000000)
67:BR,Player:0r130c/cr690c/r1139c/r17941f:6s8s,QdAh|/9dTsAs/4s/9s:2059,-2059(2059.000000)
68:Player,BR:0cc/cc/r200r747f:9sQh,2cKh|/2h4h6d/3c:-300,300(-300.000000)
69:BR,Player:0r200c/cr390c/r6042f:3c8d,4sTc|/6s9cQh/6c:690,-690(690.000000)
70:Player,BR:0cc/cc/cr8194c/r100r10388r1218c:6hAd,5h5c|/5dJdAc/2h/Ah:-20000,20000(5658.325628)
71:BR,Player:0r130c/cc/r14250f:3h7c,5cQc|/4cJsAh/Ks:230,-230(230.000000)
72:Player,BR:0cr300c/cc/r200r369c/cr195c:8hAh,7h9c|/6s8s9d/3s/7s:-1164,1164(-361.681176)
73:BR,Player:0f:9dJh,3s7c|:50,-50(50.000000)
74:Player,BR:0cr200c/cc/cr5284f:4c8s,4hAc|/6cThKs/3s:-300,300(-300.000000)
75:BR,Player:0r200c/cr390c/r243r3207f:9sJh,8hJc|/7sThTc/9h:-933,933(-933.000000)
76:Player,BR:0cc/cc/r200r1306f:2hAc,7sQd|/6hTcKs/As:-300,300(-300.000000)
77:BR,Player:0f:KsKc,3h6s|:50,-50(50.000000)
78:Player,BR:0cr300c/r520c/cr8056f:8sKd,JdQd|/2d4d6h/Ac:-920,920(-920.000000)
79:BR,Player:0cc/cr130c/cc/r1001f:6hAs,2hKh|/4sQhKc/4d/8d:230,-230(230.000000)
80:Player,BR:0cr600c/r1400c/cr2989f:6h9h,8d9c|/8sTcAd/2h:-2100,2100(-2100.000000)
81:BR,Player:0r130c/cc/r573f:2d9d,6cJc|/5hQdKh/5s:230,-230(230.000000)
82:Player,BR:0cc/cc/r130r2014f:2s5c,6d7h|/5sJhAc/Ad:-230,230(-230.000000)
83:BR,Player:0r200c/cc/r1136f:3hQd,3dKh|/2s8sQs/7c:300,-300(300.000000)
84:Player,BR:0cc/cc/cr1761c/cr10715c:9hJs,2d3c|/2s8cTh/Kc/Qs:12576,-12576(12576.000000)
85:BR,Player:0r130c/cc/r1001f:JdQd,8h8d|/4d9dAs/9c:230,-230(230.000000)
86:Player,BR:0cc/cc/cr876f:3dJc,2h7c|/4h8sKh/6c:-100,100(-100.000000)
87:BR,Player:0cc/cr200c/r427f:JcAd,3dJh|/3s7hKd/Qc:300,-300(300.000000)
88:Player,BR:0cc/cc/r200r2627f:4s8s,2sJs|/2cTsQh/Ks:-300,300(-300.000000)
89:BR,Player:0cc/cc/r3080f:7dTh,7cAs|/4h6h9d/Qc:100,-100(100.000000)
90:Player,BR:0cc/cc/cr379f:4c9c,TcAh|/KsKhAs/8s:-100,100(-100.000000)
91:BR,Player:0r130c/cr690c/r2290r5254f:6h8s,TdKs|/JhQdAc/6c:-3210,3210(-3210.000000)
92:Player,BR:0cr200c/cc/cr1306f:8cAh,2dQd|/3d6cJd/9c:-300,300(-300.000000)
93:BR,Player:0r130c/cc/r6161f:2sJs,9hAd|/2d4hJc/Td:230,-230(230.000000)
94:Player,BR:0cc/cc/cr876f:TcQh,5c7s|/6s9s9h/Jd:-100,100(-100.000000)
95:BR,Player:0r130c/cc/r327c/r12974f:5sJh,TsAh|/4s6sAd/Ks/7h:557,-557(557.000000)
96:Player,BR:0cr300c/r520c/r184r4179f:5s8d,5hKc|/2s4c7s/Kh:-1104,1104(-1104.000000)
97:BR,Player:0r130c/cr299c/r16295f:3c4c,6s9d|/4dTsJc/5h:529,-529(529.000000)
98:Player,BR:0cc/cc/r200c/r390r12153f:3cQs,2s5c|/4c5hQh/7c/Qc:-690,690(-690.000000)
99:BR,Player:0r130c/cc/r14250f:6s7h,5dQd|/3s5h9s/9d:230,-230(230.000000)
100:Player,BR:0cr600c/r910c/r805r1709f:JhAs,JdQd|/9cTsAc/Qc:-2415,2415(-2415.000000)
101:BR,Player:0r200c/cc/r5284f:JdKd,5c8s|/4h5h7s/As:300,-300(300.000000)
102:Player,BR:0cr300c/cc/r1200r6966f:8d9d,JcQh|/5h6dJh/5s:-1600,1600(-1600.000000)
103:BR,Player:0cc/cc/r142f:3s4s,8dJc|/7s7cQc/Qd:100,-100(100.000000)
104:Player,BR:0cr300c/cc/r200r2271c/r100c:JdQh,JcAh|/9sKsAd/Kc/7h:-2971,2971(-2956.193133)
105:BR,Player:0r130c/cc/r142c/r5697f:JcAd,4cKc|/3h7dKd/7c/5s:372,-372(372.000000)
106:Player,BR:0cc/cc/cr1532f:5hTd,4h9d|/TsJdQc/8d:-100,100(-100.000000)
107:BR,Player:0cc/cc/r9423f:5hJd,JhAs|/5s6c9d/Ks:100,-100(100.000000)
108:Player,BR:0cr600c/cc/cr1742c/cr17558f:5hKh,3d5d|/8h9sKd/Ad/9c:-2442,2442(-2442.000000)
109:BR,Player:0f:2sQs,3s8h|:50,-50(50.000000)
110:Player,BR:0cr600c/cc/cr3047f:4h5c,7c9c|/3d5s6s/3s:-700,700(-700.000000)
111:BR,Player:0r130c/cc/r871f:7dAs,6h7s|/6cQdAd/4d:230,-230(230.000000)
112:Player,BR:0cc/cc/r130r14250f:2s7d,9hQd|/8d9dJs/3d:-230,230(-230.000000)
113:BR,Player:0r200c/cr390c/r5254f:9sAc,KsKc|/2d4s9h/5h:690,-690(690.000000)
114:Player,BR:0cc/cc/cr435f:6hAd,QhKc|/7s9sTd/Ts:-100,100(-100.000000)
115:BR,Player:0r130c/cr299c/r100c/r9633f:3d5h,5s9s|/2d7sKc/3s/5c:629,-629(629.000000)
116:Player,BR:0cc/cc/r200r1306f:JhQc,9hQh|/3c7c9c/2s:-300,300(-300.000000)
117:BR,Player:0r130c/cr460c/r1718f:4dAd,2hQh|/7s7d9c/Jc:690,-690(690.000000)
118:Player,BR:0cc/cc/r130r7085f:9dKc,8sTs|/8hJcAc/Jd:-230,230(-230.000000)
119:BR,Player:0r130c/cr690c/r4005r15075c/cc:3cJh,4h7h|/2s6d9s/5d/5h:20000,-20000(5201.559424)
120:Player,BR:0cr300c/cc/cr7045f:3sAs,9hJh|/2cQcAh/Kd:-400,400(-400.000000)
121:BR,Player:0r130c/cr460c/r3004f:4c6d,7sKh|/6sTdJs/8h:690,-690(690.000000)
122:Player,BR:0cc/cc/cr8194c/cr1668f:4c9d,6sKs|/4h9hQc/6c/7s:-8294,8294(-8294.000000)
123:BR,Player:0r130c/cc/r1751c/r5671f:KhKd,JdKc|/4s8hTd/Qs/3d:1981,-1981(1981.000000)
124:Player,BR:0cr200c/r900c/r3600r11948f:9cKc,9dKs|/5c8dQc/6h:-4800,4800(-4800.000000)
125:BR,Player:0r130c/cc/r7085f:4h4d,5dKc|/5hJcAc/2s:230,-230(230.000000)
126:Player,BR:0cc/cc/cr761f:4sJc,9sAd|/6s7sAh/9c:-100,100(-100.000000)
127:BR,Player:0r200c/cr390c/r3004f:6cTc,4h5d|/7c8dJd/8s:690,-690(690.000000)
128:Player,BR:0cc/cc/cr3080c/cr15921f:3dKd,8cTc|/3s9hKs/5c/4c:-3180,3180(-3180.000000)
129:BR,Player:0r130c/cr299c/cc/r2003f:3sKd,3c7c|/8hKsAh/Ac/Kc:529,-529(529.000000)
130:Player,BR:0cr300c/r520c/r460r6008f:QsKc,8c9c|/5cThQd/6h:-1380,1380(-1380.000000)
131:BR,Player:0cc/cr130c/r7085f:5h5c,8dTs|/6s9cAd/Jc:230,-230(230.000000)
132:Player,BR:0cc/cc/cr1761f:2s7c,4s9s|/9cJsQd/As:-100,100(-100.000000)
133:BR,Player:0r200c/cc/r427f:2sTc,7sAs|/5c8dJs/9d:300,-300(300.000000)
134:Player,BR:0cc/cc/cr124c/cr1706f:4cQd,TdTc|/9cKsAc/2h/Qc:-224,224(-224.000000)
135:BR,Player:0r130c/cc/r7085f:3sAh,7d7c|/8hJdQh/5h:230,-230(230.000000)
136:Player,BR:0cc/cc/cr8194f:5d8d,3h6h|/2h4hKh/5h:-100,100(-100.000000)
137:BR,Player:0r130c/cc/cc/r142r663r1473f:4dTc,9h9d|/4s5s8s/5d/2c:1035,-1035(1035.000000)
138:Player,BR:0cr130c/cc/r115r115c/cc:QhQd,3cKd|/8dJsKs/9s/Ac:-460,460(108.196141)
139:BR,Player:0r200c/cr390c/r3004f:3hTc,8cQc|/2d5h5c/9h:690,-690(690.000000)
140:Player,BR:0cc/cc/r130r1001c/r701r701f:7sQh,6cQc|/5s5hAh/5c/4h:-1932,1932(-1932.000000)
141:BR,Player:0r130c/cr299c/r374f:4h5c,3hQd|/8hTsQs/9s:529,-529(529.000000)
142:Player,BR:0cc/cc/cr8194f:2dQh,QcKh|/5d9sAh/Ks:-100,100(-100.000000)
143:BR,Player:0r200c/cc/r212c/r7841f:6c7d,5cJh|/7hAsAd/Kh/9c:512,-512(512.000000)
144:Player,BR:0cc/cc/cr8194f:4dJs,2s5h|/2c5s5c/6d:-100,100(-100.000000)
145:BR,Player:0r130c/cc/r19770f:QhKh,8h8c|/5h5dQs/As:230,-230(230.000000)
146:Player,BR:0cr300c/cc/cr3503f:9hAc,6d8h|/2d4d7s/Th:-400,400(-400.000000)
147:BR,Player:0r200c/cr390c/r6042f:3cJh,7d9c|/2c5hTs/8d:690,-690(690.000000)
148:Player,BR:0cr300c/r520c/cr4005f:QdKd,2d4h|/6s7sTd/Jc:-920,920(-920.000000)
149:BR,Player:0r130c/cc/r4051f:9sKd,6hTc|/5h5cTd/3d:230,-230(230.000000)
150:Player,BR:0cr600c/cc/cr3047f:QhAc,4d7h|/3c5h9h/Kd:-700,700(-700.000000)
151:BR,Player:0r130c/cc/r573f:9hAh,6hQs|/2c8dJd/7s:230,-230(230.000000)
152:Player,BR:0cc/cc/cr761f:6sTh,6hKd|/2d8hKh/6c:-100,100(-100.000000)
153:BR,Player:0r130c/cr299c/r4028f:AhAc,7hKd|/2hJcQs/4s:529,-529(529.000000)
154:Player,BR:0cr600c/cc/r350r9194f:4s7s,8sTs|/5s9sKd/7d:-1050,1050(-1050.000000)
155:BR,Player:0r130c/cr299c/r4632r14839f:4s7s,3hJh|/2h6s9h/Kh:-5161,5161(-5161.000000)
156:Player,BR:0cc/cc/cr379f:7dQh,ThAh|/3d4dAc/9c:-100,100(-100.000000)
157:BR,Player:0r130c/cc/r19770f:9cJh,4sAs|/8d9sJc/9d:230,-230(230.000000)
158:Player,BR:0cr200c/cc/r600f:8cAc,5h9c|/3cKsAd/Qc:300,-300(300.000000)
159:BR,Player:0r200c/cc/r9241f:QhKd,4s6s|/4h7sAs/3h:300,-300(300.000000)
160:Player,BR:0cc/cc/r130r7085f:3hAs,3cKd|/3d6d9h/9s:-230,230(-230.000000)
161:BR,Player:0cc/cc/r876f:5d9h,6cAd|/TcQsQc/7d:100,-100(100.000000)
162:Player,BR:0cc/cc/r300r569f:3hQs,3sAh|/4s9hJs/Ts:-400,400(-400.000000)
163:BR,Player:0cc/cr200c/r2284f:JdJc,6h9c|/3dJhKh/4d:300,-300(300.000000)
164:Player,BR:0cr300c/cc/r200r10567f:JdAs,5c6s|/2h4cQh/4d:-600,600(-600.000000)
165:BR,Player:0r300c/cr520c/r100c/r17965f:6h6d,4dQh|/5cJhQd/2c/Th:1020,-1020(1020.000000)
166:Player,BR:0cr300c/cc/r200c/cc:4c6d,3c9s|/9hQdKh/5h/2c:-600,600(-258.473869)
167:BR,Player:0r130c/cr299c/r100c/r1029f:3cKd,7sKs|/3d8sJs/2h/7h:629,-629(629.000000)
168:Player,BR:0cr600c/r910c/r3220f:8cKh,4s6s|/4c8s8d/2d:1610,-1610(1610.000000)
169:BR,Player:0cc/cc/r8194f:5c9h,2h3h|/6s7d9c/Jc:100,-100(100.000000)
170:Player,BR:0cr200c/cc/r150r7926f:5d7h,ThAc|/3s8sJs/8c:-450,450(-450.000000)
171:BR,Player:0cc/cr130c/r163f:6c8d,4c7d|/2cKsAd/2h:230,-230(230.000000)
172:Player,BR:0cc/cc/cr876c/cr3695f:7hTh,6h9c|/2c7cJs/Tc/3s:-976,976(-976.000000)
173:BR,Player:0cc/cc/r379f:8s9c,3h5d|/8d8cKc/Kh:100,-100(100.000000)
174:Player,BR:0cr200c/cc/cr16163f:8cKc,8s9d|/7s7dAs/4d:-300,300(-300.000000)
175:BR,Player:0r130c/cr299c/r9317f:3h9s,7dAc|/2d7sTc/6h:529,-529(529.000000)
176:Player,BR:0cc/cc/cr124c/cr848f:4dAs,4cTs|/6s6cQh/Th/2h:-224,224(-224.000000)
177:BR,Player:0r130c/cc/r7085f:4cTd,8cJc|/2d5dKs/7s:230,-230(230.000000)
178:Player,BR:0cc/cc/cc/cr9423f:4cQh,KcAh|/2d6d9d/Th/3s:-100,100(-100.000000)
179:BR,Player:0r130c/cr299c/r16295f:8dTh,7hAd|/4h8h9d/2d:529,-529(529.000000)
180:Player,BR:0cc/cc/cr435f:6dAc,9dJc|/8sQsKd/Qh:-100,100(-100.000000)
181:BR,Player:0r130c/cc/r327c/r12974f:2h7c,9s9h|/4h5sKs/4s/6s:557,-557(557.000000)
182:Player,BR:0cc/cc/cr124c/r100r2837f:9hKc,3hKs|/JsJdQs/3d/Tc:-324,324(-324.000000)
183:BR,Player:0r130c/cc/r3522f:7cQh,QsKc|/3h4hKh/7h:230,-230(230.000000)
184:Player,BR:0cr300c/cc/cr1741f:JsAd,2h5s|/3h7hQd/4h:-400,400(-400.000000)
185:BR,Player:0r130c/cc/r4051f:7d9d,9cAs|/2c3h4c/7c:230,-230(230.000000)
186:Player,BR:0cc/cc/cr142c/cr5637f:3dTh,JcAh|/2s5d7c/3s/Ts:-242,242(-242.000000)
187:BR,Player:0r130c/cc/r7085f:8c9s,5s5c|/2s2h9d/Ad:230,-230(230.000000)
188:Player,BR:0cr200c/cc/r900r2987f:2cTc,KdAc|/7dJcKc/3d:-1200,1200(-1200.000000)
189:BR,Player:0r130c/cc/cc/r2014f:6dKh,3h6h|/8dJhAs/5c/Td:230,-230(230.000000)
190:Player,BR:0cr300c/cc/r200r425f:7sAs,2d4d|/2c8s9h/Tc:-600,600(-600.000000)
191:BR,Player:0r130c/cc/r19770f:4s9s,JhJd|/QsKsAs/5h:230,-230(230.000000)
192:Player,BR:0cc/cc/r130r1001f:3s4d,3cJd|/5s7s8h/8d:-230,230(-230.000000)
193:BR,Player:0r130c/cr299c/cc/r2303f:KdAc,6s8c|/4h5h6c/Qc/8h:529,-529(529.000000)
194:Player,BR:0cc/cc/cr3080f:8cJs,5c7d|/4c9cAs/2d:-100,100(-100.000000)
195:BR,Player:0r130c/cc/r285c/cr543f:JdKc,9cJh|/9hKsAh/5h/3h:-515,515(-515.000000)
196:Player,BR:0cr200c/cc/r390r982c/cc:JcQc,2sTd|/5c9dQh/Qd/6c:1672,-1672(1672.000000)
197:BR,Player:0cc/cc/r9423f:3c7s,5dTs|/2hTdKc/Ac:100,-100(100.000000)
198:Player,BR:0cr600c/cc/r1400r2989f:2d4h,9hKc|/6c7sKs/3c:-2100,2100(-2100.000000)
199:BR,Player:0f:4c9c,2h9s|:50,-50(50.000000)
200:Player,BR:0cr600c/cc/r2100f:2d6d,2cQh|/4c7s9c/5d:700,-700(700.000000)
201:BR,Player:0r130c/cc/r14250f:2c9d,3h5h|/3s7cAh/Qh:230,-230(230.000000)
202:Player,BR:0cr200c/cc/cr371f:7sJd,3sQd|/2hQcKs/8h:-300,300(-300.000000)
203:BR,Player:0r130c/cc/r1001c/r14256f:2cTd,JhQd|/5sJcAd/Qs/Ah:1231,-1231(1231.000000)
204:Player,BR:0cr600c/cc/r1400r2989f:7dJd,2h4s|/ThQcKh/3s:-2100,2100(-2100.000000)
205:BR,Player:0r130c/cc/r498f:QdQc,5c7d|/5hJhAd/9h:230,-230(230.000000)
206:Player,BR:0cc/cc/cr124c/cr1706f:2c4h,5s8c|/2d5cKs/Ad/4d:-224,224(-224.000000)
207:BR,Player:0cc/cc/r216c/r9734f:2s8h,7cAh|/4d5s8c/6d/Ts:316,-316(316.000000)
208:Player,BR:0cc/cc/cr124f:4dAs,4hQh|/2c8cQc/Ks:-100,100(-100.000000)
209:BR,Player:0r130c/cc/r1001c/r1002r3321f:5h8h,5sAc|/6dQhKs/5d/As:-2233,2233(-2233.000000)
210:Player,BR:0cr600c/cc/r910r7009f:QsKd,4sKh|/6cTsQd/9d:-1610,1610(-1610.000000)
211:BR,Player:0r130c/cc/r7085f:6s6d,9dQc|/JhKhAh/4s:230,-230(230.000000)
212:Player,BR:0cc/cc/cr435f:3sAh,8dKc|/4h9hJd/2d:-100,100(-100.000000)
213:BR,Player:0cc/cr200c/r649f:7d9d,3cTc|/7c9sJs/Qd:300,-300(300.000000)
214:Player,BR:0cc/cc/cr1532f:2dQh,JdJc|/2s7s9s/Jh:-100,100(-100.000000)
215:BR,Player:0r130c/cc/r1001c/r2664c:4cJh,QdKc|/9cKhAs/Th/4h:-3895,3895(-3895.000000)
216:Player,BR:0cc/cc/cr9423f:5sTc,6h7c|/8sKhAs/2s:-100,100(-100.000000)
217:BR,Player:0f:8dTh,3h7s|:50,-50(50.000000)
218:Player,BR:0cc/cc/cr435c/cr1158f:2sKh,5h7c|/3sKsAs/2h/3c:-535,535(-535.000000)
219:BR,Player:0r200c/cc/r5284f:3c8d,4d5s|/4s8c9h/6c:300,-300(300.000000)
220:Player,BR:0cc/cc/cr3080f:4sTc,6s8c|/2sJhKc/Kh:-100,100(-100.000000)
221:BR,Player:0r200c/cc/r427f:6dQs,7cJh|/4s8dKs/8s:300,-300(300.000000)
222:Player,BR:0cr300c/cc/r200r4569f:8s9h,2sAc|/2c3c8c/As:-600,600(-600.000000)
223:BR,Player:0cc/cc/r435f:4c9h,4dTd|/5c7dQs/7s:100,-100(100.000000)
224:Player,BR:0cc/cc/cr124f:2sJc,4cKd|/4s6cTs/Td:-100,100(-100.000000)
225:BR,Player:0r130c/cr299c/r1317f:6dKd,2dTd|/7dJhJc/5c:529,-529(529.000000)
226:Player,BR:0cc/cc/r130r573f:3h7h,2d2c|/4s6cJc/Js:-230,230(-230.000000)
227:BR,Player:0r130c/cc/r7085f:2c7c,6dKd|/5h5dTd/Ac:230,-230(230.000000)
228:Player,BR:0cc/cc/cr435r1565f:3cQc,JdAc|/2c9cQd/Kc:535,-535(535.000000)
229:BR,Player:0cc/cr130c/r19770f:TsAh,7cJd|/5c7hJc/Td:230,-230(230.000000)
230:Player,BR:0cc/cc/cr8194f:2s7d,ThQh|/2h4h7h/Qc:-100,100(-100.000000)
231:BR,Player:0r200c/cc/r8036f:7sKd,3dKh|/8hKsAs/2s:300,-300(300.000000)
232:Player,BR:0cr600c/cc/cr866c/cr11924c:3dAd,8s9s|/5c7c9d/Ah/3s:13490,-13490(13490.000000)
233:BR,Player:0r130c/cr299c/r4632f:7hQh,4dKh|/4h9sJc/2h:529,-529(529.000000)
234:Player,BR:0cr130c/r460c/cr12153f:TdQh,4cQc|/4s7sAh/3h:-690,690(-690.000000)
235:BR,Player:0cc/cr130c/r100f:4d8s,4h8d|/3cJcQh/5s:230,-230(230.000000)
236:Player,BR:0cc/cc/cr3080f:3hQc,ThJs|/4s9hKs/7d:-100,100(-100.000000)
237:BR,Player:0r300c/cc/r996c/r14058r4546f:5dTd,3c9c|/3h8hAh/9s/3d:-15454,15454(-15454.000000)
238:Player,BR:0cc/cc/r130r2014f:4cAh,3d7d|/2c5sJd/4d:-230,230(-230.000000)
239:BR,Player:0r130c/cc/r6161f:4dKh,KsKd|/2h3c4c/Ad:230,-230(230.000000)
240:Player,BR:0cr200c/r390c/cr3004f:7cTs,QdAd|/4d6h9s/Jd:-690,690(-690.000000)
241:BR,Player:0r200c/cr600c/r3918f:5cKd,JhJc|/3d9hTs/9c:900,-900(900.000000)
242:Player,BR:0cc/cc/cr3080f:5cQh,7dQc|/3d5hJh/6d:-100,100(-100.000000)
243:BR,Player:0cc/cc/r435f:7sQs,5sAh|/4h6dTc/Jc:100,-100(100.000000)
244:Player,BR:0cr1200c/cc/r260r18440c/cc:3s4s,3d4c|/4h5cQs/3c/2s:0,-0(-5436.129607)
245:BR,Player:0r130c/cc/r2014f:6d9c,5s5h|/4c8cAd/Ts:230,-230(230.000000)
246:Player,BR:0cr130c/r299c/cr753f:6cQc,2s2h|/4c7sAd/6d:-529,529(-529.000000)
247:BR,Player:0r130c/cc/r498f:6dAh,5h7c|/5c6cJd/Ks:230,-230(230.000000)
248:Player,BR:0cc/cc/cr1761f:4hQd,2s7d|/8d9hJd/Ac:-100,100(-100.000000)
249:BR,Player:0r200c/cc/r5284f:8hQc,7hAd|/2hJhJd/9s:300,-300(300.000000)
250:Player,BR:0cr300c/r520c/cr4005f:3sAs,2h4h|/2s5hQd/Qh:-920,920(-920.000000)
251:BR,Player:0r130c/cr299c/r162r1211r4734f:7cAc,3dAh|/QsKdAs/3c:1902,-1902(1902.000000)
252:Player,BR:0cr200c/r390c/cr6042f:6hAh,JsQd|/3c8cKh/Ts:-690,690(-690.000000)
253:BR,Player:0f:5cAh,3d7c|:50,-50(50.000000)
254:Player,BR:0cc/cc/cr435f:4c5s,7sJh|/6hThKh/Kc:-100,100(-100.000000)
255:BR,Player:0r130c/cr460c/r3004f:5cAh,2d6d|/3h7c8s/2s:690,-690(690.000000)
256:Player,BR:0cc/cc/r200r747f:7c8h,3s4c|/6s9sAs/Jd:-300,300(-300.000000)
257:BR,Player:0cc/cr130c/r100c/cc:5cKh,4sKc|/4c5sTs/9h/8s:330,-330(-9.900679)
258:Player,BR:0cr200c/r390c/r2070r6870f:7dKh,3d4d|/7s9hKc/5s:-2760,2760(-2760.000000)
259:BR,Player:0f:3c7h,2h9s|:50,-50(50.000000)
260:Player,BR:0cr200c/cc/r900c/r600r2562f:ThTd,2sAs|/TsQdAc/7d/Kh:-1800,1800(-1800.000000)
261:BR,Player:0r130c/cr690c/r1991r3437r3437f:4h4c,3h5d|/4d8hAh/6h:6348,-6348(6348.000000)
262:Player,BR:0cr300c/cc/r200r4569f:8s8d,ThAc|/5h7dJs/Ts:-600,600(-600.000000)
263:BR,Player:0r200c/cr600c/r100r1484r10814f:7dAh,4cKd|/4h6hKc/8s:2484,-2484(2484.000000)
264:Player,BR:0cr300c/cc/cr3503f:6s7s,9cAh|/2c5hJh/Tc:-400,400(-400.000000)
265:BR,Player:0cc/cr130c/r871c/cc:QsKd,7d9h|/3h6d7c/Qc/Ac:1101,-1101(737.163232)
266:Player,BR:0cr300c/cc/r800r15981f:7c8c,6cAs|/5sTsAd/6s:-1200,1200(-1200.000000)
267:BR,Player:0f:2s6d,2h5s|:50,-50(50.000000)
268:Player,BR:0cc/cc/cr8194f:7s9h,8hJd|/7hTcQc/9d:-100,100(-100.000000)
269:BR,Player:0r200c/cr1800c/cr2730r12023f:3c4h,9sQd|/2h3d8d/7c:4830,-4830(4830.000000)
270:Player,BR:0cr200c/cc/cr2284f:2c5c,3cKc|/2s6sKh/3s:-300,300(-300.000000)
271:BR,Player:0r130c/cr299c/r9317f:2h9h,4h5s|/5c9dKh/Js:529,-529(529.000000)
272:Player,BR:0cr200c/cc/r600c/r1170r15762f:7dKd,8dJh|/4h6d8h/Tc/5c:-2070,2070(-2070.000000)
273:BR,Player:0r200c/cr600c/r275c/r629r3056c:QsKd,4c6d|/5s8cKh/4h/3s:4860,-4860(4860.000000)
274:Player,BR:0cc/cc/cr876f:2d3s,6s8s|/4dJhAh/3d:-100,100(-100.000000)
275:BR,Player:0f:2h7s,2d6h|:50,-50(50.000000)
276:Player,BR:0cc/cc/cr8194c/cr10264f:4hKc,3sJc|/2cJsAc/Tc/9s:-8294,8294(-8294.000000)
277:BR,Player:0r130c/cc/r285c/r1950f:5cTh,4dKh|/5dAsAh/Jc/Td:515,-515(515.000000)
278:Player,BR:0cc/cc/cr435f:5hJh,2c8s|/2s5sQd/7d:-100,100(-100.000000)
279:BR,Player:0r200c/cr900c/r1708f:3sQs,TcQh|/5h7c9d/8d:1200,-1200(1200.000000)
280:Player,BR:0cc/cc/cr9423f:6dAc,7cKh|/2hJsQh/6h:-100,100(-100.000000)
281:BR,Player:0r130c/cr299c/r2303f:2h4h,JhJc|/9sThTd/5c:529,-529(529.000000)
282:Player,BR:0cr200c/cc/cr9241f:8h8d,2dAd|/ThJcKs/5c:-300,300(-300.000000)
283:BR,Player:0r130c/cc/r14250f:3d5s,7c8d|/KhKdAh/5c:230,-230(230.000000)
284:Player,BR:0cr200c/cc/cr371c/cr10276f:JhQc,QsKh|/3sAsAh/7h/5c:-671,671(-671.000000)
285:BR,Player:0r200c/cr390c/r854c/r5845f:3dQc,4sQs|/3s5s5h/5c/3c:1544,-1544(1544.000000)
286:Player,BR:0cc/cc/cc/cr379f:4h8h,3dQh|/7s7d9c/7c/Qs:-100,100(-100.000000)
287:BR,Player:0cc/cc/cc/r9423f:QhKd,4h8s|/5h7d8d/Ah/3c:100,-100(100.000000)
288:Player,BR:0cr300c/cc/r520r16203f:JcKc,3c5d|/5h9cJd/2s:-920,920(-920.000000)
289:BR,Player:0f:6cAc,2d4h|:50,-50(50.000000)
290:Player,BR:0cr200c/cc/cr2284c/cr8506f:8d9h,5hKd|/5d9cTh/3s/Jd:-2584,2584(-2584.000000)
291:BR,Player:0r130c/cc/r573c/r16264f:3sAc,3hAd|/2d5sTs/Th/9s:803,-803(803.000000)
292:Player,BR:0cr200c/cc/cr1306f:6s6d,2sJd|/9sKdAc/8h:-300,300(-300.000000)
293:BR,Player:0r130c/cr299c/r186f:7dJh,3h6h|/2s9hKc/8c:529,-529(529.000000)
294:Player,BR:0cc/cc/cr379c/cr6379c:4sTc,3s7d|/3h7cJh/4d/Qh:-6858,6858(-1987.899200)
295:BR,Player:0cc/cc/r8194f:JcQs,9dTh|/4s6cQd/7h:100,-100(100.000000)
296:Player,BR:0cc/cc/r130r4051f:7cTh,6sAd|/2hTdQh/8h:-230,230(-230.000000)
297:BR,Player:0r130c/cc/r4051f:7c9h,5dKs|/2s3hJs/4s:230,-230(230.000000)
298:Player,BR:0cr200c/cc/cr4595f:2h2d,JdQc|/6d8hQs/Jh:-300,300(-300.000000)
299:BR,Player:0r300c/cc/r100r1900c/r734c:4d6d,4hQc|/6sThKh/Tc/2c:3134,-3134(3134.000000)
300:Player,BR:0cr300c/cc/r200r4569f:JsAd,4s9d|/4c6c8c/4d:-600,600(-600.000000)
301:BR,Player:0r130c/cr299c/r374r1530r16109f:7sAd,6dQh|/4d6s6h/5d:2433,-2433(2433.000000)
302:Player,BR:0cc/cc/cr1761f:4hTs,2c4s|/8d9dJd/Qd:-100,100(-100.000000)
303:BR,Player:0r130c/cc/r3522c/r3053f:6hAs,9dQd|/2cThKd/Ad/7s:3752,-3752(3752.000000)
304:Player,BR:0cc/cc/r130r871f:2c3h,5hAd|/4cTcJc/As:-230,230(-230.000000)
305:BR,Player:0r130c/cc/r7085f:5cTc,JsQs|/3c6s7d/Jh:230,-230(230.000000)
306:Player,BR:0cc/cc/r200r200c/cr2879f:8d9s,4d9h|/3c5dTd/Qd/8h:-500,500(-500.000000)
307:BR,Player:0r130c/cc/r7085f:4s9c,4h5d|/7s9sAs/2c:230,-230(230.000000)
308:Player,BR:0cr200c/cc/r150r318c/r244c:TcQc,6s8d|/4d6d7h/8c/4c:-1012,1012(-474.322185)
309:BR,Player:0r130c/cc/r498f:8cTh,JhKc|/4s6s7d/Tc:230,-230(230.000000)
310:Player,BR:0cc/cc/cr216c/cr1196r1248r1248f:3dTs,6hJd|/3h6dKd/2s/Tc:-2760,2760(-2760.000000)
311:BR,Player:0r130c/cc/r2014f:3s5d,7d8h|/2hJcQs/3c:230,-230(230.000000)
312:Player,BR:0cc/cc/r130r871f:4h8c,5hKc|/2c5c9c/Kd:-230,230(-230.000000)
313:BR,Player:0r130c/cr299c/r1145c/cc:JdAd,7c9s|/5s6c7s/Ah/4d:1674,-1674(431.854825)
314:Player,BR:0cc/cc/cr8194f:2dQh,7hAc|/6cJsKh/Ad:-100,100(-100.000000)
315:BR,Player:0cc/cc/r8194f:7dKd,2h7h|/3d5d9d/8h:100,-100(100.000000)
316:Player,BR:0cc/cc/cr1761f:3s8d,7s9h|/5d8cAs/Kc:-100,100(-100.000000)
317:BR,Player:0r130c/cr299c/r4632f:2sTs,7hQc|/3h4s9h/5s:529,-529(529.000000)
318:Player,BR:0cc/cc/cr9423f:2cAs,5cKh|/3d7d9c/2d:-100,100(-100.000000)
319:BR,Player:0r130c/cr299c/r186f:2h4d,6cTd|/4s7sKs/Ad:529,-529(529.000000)
320:Player,BR:0cr200c/cc/cr5284f:8sKs,2sQd|/2c6dTh/As:-300,300(-300.000000)
321:BR,Player:0r130c/cc/r7085f:9dJd,3h4h|/4sKsAs/Tc:230,-230(230.000000)
322:Player,BR:0cr600c/cc/cr3047f:8sJh,4sAd|/5c8cQd/5s:-700,700(-700.000000)
323:BR,Player:0r130c/cc/r14250f:4hTd,9hQc|/2c8sAc/Ah:230,-230(230.000000)
324:Player,BR:0cr300c/cc/r800r800r3520f:5h5d,ThTd|/5c8dAd/7c:2000,-2000(2000.000000)
325:BR,Player:0r130c/cr299c/r2303f:3d9c,8sAh|/3s8hKd/Th:529,-529(529.000000)
326:Player,BR:0cc/cc/cr8194f:3hJd,JhAd|/3sQhAh/5s:-100,100(-100.000000)
327:BR,Player:0f:4h5d,2c4s|:50,-50(50.000000)
328:Player,BR:0cc/cc/cr761c/cr9971f:2dJc,8c9h|/2c7c8s/9d/9s:-861,861(-861.000000)
329:BR,Player:0r130c/cc/r14250f:4cKc,6s9h|/5s5cQc/2h:230,-230(230.000000)
330:Player,BR:0cc/cc/cr1761f:4cKh,TcKc|/8d9dAh/7h:-100,100(-100.000000)
331:BR,Player:0r200c/cr600c/r100c/cr3320f:8h9c,4h5s|/4s9sJd/2h/4d:-1000,1000(-1000.000000)
332:Player,BR:0cc/cc/r130r871f:5c6s,9hAd|/4s5sTh/Ac:-230,230(-230.000000)
333:BR,Player:0r200c/cc/r1306f:TdKc,4hKh|/4c9dQd/6s:300,-300(300.000000)
334:Player,BR:0cc/cc/r130r6161r13609c/cc:6d8s,4hKs|/5d7sAh/Kd/4c:20000,-20000(20000.000000)
335:BR,Player:0r130c/cr299c/cc/r2003f:8c9h,5c7c|/4d9dAd/5s/9s:529,-529(529.000000)
336:Player,BR:0cc/cc/cr142c/cr524f:2dAs,6d9c|/4h5hJc/Qd/Jd:-242,242(-242.000000)
337:BR,Player:0r130c/cc/r142c/r15155f:4d9h,ThKs|/9sJcAd/2d/6s:372,-372(372.000000)
338:Player,BR:0cc/cc/cr876f:7hAd,8hTh|/6hJhJc/5c:-100,100(-100.000000)
339:BR,Player:0r130c/cr299c/r4632r14839f:5dJh,8dTh|/7s9hKd/6s:-5161,5161(-5161.000000)
340:Player,BR:0cc/cc/cr1761f:7cQc,5s9s|/6dKsAc/8h:-100,100(-100.000000)
341:BR,Player:0r130c/cr299c/r2303f:TcAh,4dKc|/7cQsKh/Qh:529,-529(529.000000)
342:Player,BR:0cc/cc/r130r2014f:8dJs,3sTh|/4s9cKh/Jc:-230,230(-230.000000)
343:BR,Player:0r200c/cc/r8036f:3s3c,TcKd|/2s4c6c/7c:300,-300(300.000000)
344:Player,BR:0cr200c/r600c/r1170f:3s3d,2s5c|/3cTcKh/8c:900,-900(900.000000)
345:BR,Player:0r130c/cc/r1751f:6hJc,2s9s|/7sJdAh/8h:230,-230(230.000000)
346:Player,BR:0cc/cc/r130r14250f:2s7h,2d4d|/4s5dJs/8h:-230,230(-230.000000)
347:BR,Player:0r130c/cr299c/r4632f:4c7s,5hAs|/2s6hJs/Th:529,-529(529.000000)
348:Player,BR:0cr200c/r390c/cr425r1265c/r3094f:9h9c,6dKs|/6s9s9d/5h/Qh:2380,-2380(2380.000000)
349:BR,Player:0r200c/cr390c/r3004f:7dTd,QsKh|/2h7cKs/Js:690,-690(690.000000)
350:Player,BR:0cc/cc/cc/cr761f:3s9h,9sAd|/2c5dKh/Qh/As:-100,100(-100.000000)
351:BR,Player:0r200c/cc/r649f:4hTs,3h4s|/2d9dJs/Tc:300,-300(300.000000)
352:Player,BR:0cc/cc/cr1532f:9cQd,QcAc|/4s4dAs/Th:-100,100(-100.000000)
353:BR,Player:0r130c/cr460c/r10567f:KcAd,TdQd|/4s6cAc/7c:690,-690(690.000000)
354:Player,BR:0cr300c/cc/cr569f:4c5d,3d8h|/9d9cKh/Js:-400,400(-400.000000)
355:BR,Player:0r200c/cc/r8036f:5h6h,9h9c|/4s6sTd/3d:300,-300(300.000000)
356:Player,BR:0cc/cc/cr9423f:3cAh,4c5c|/QdKsKh/Tc:-100,100(-100.000000)
357:BR,Player:0r130c/cr299c/cc/r655f:3s8d,4h5h|/2d8cAh/Qd/8h:529,-529(529.000000)
358:Player,BR:0cc/cc/cr9423f:2hAd,KdKc|/8d9sJc/Td:-100,100(-100.000000)
359:BR,Player:0r200c/cc/r1306f:5cJs,2hKd|/QhKcAs/4h:300,-300(300.000000)
360:Player,BR:0cr600c/cc/cr19300f:6h9h,TcKd|/2cTdKc/3h:-700,700(-700.000000)
361:BR,Player:0r200c/cr390c/r3004f:2d4s,3sJh|/7h8dAc/Kh:690,-690(690.000000)
362:Player,BR:0cr300c/r520c/r1196r5267f:9dAh,3d8h|/4d5c8d/9h:-2116,2116(-2116.000000)
363:BR,Player:0r130c/cr299c/r655c/r551f:9cKc,5sAd|/3s9dTs/Td/6d:1184,-1184(1184.000000)
364:Player,BR:0cr300c/r520c/cc/r460r3435f:6s6d,ThKh|/5d7h7c/4c/As:-1380,1380(-1380.000000)
365:BR,Player:0cc/cc/r379f:QhQd,3c6c|/6dTsTc/8h:100,-100(100.000000)
366:Player,BR:0cc/cc/cr3080f:3c8s,4hKd|/7d7cJh/9d:-100,100(-100.000000)
367:BR,Player:0r130c/cr299c/r325f:JcAc,5c6s|/8sQhAs/Td:529,-529(529.000000)
368:Player,BR:0cc/cc/cc/r130r1001f:2h8d,4sJd|/4d6hKs/Th/8h:-230,230(-230.000000)
369:BR,Player:0r130c/cr299c/r2303f:8cAd,9dKs|/5sJsKd/Jc:529,-529(529.000000)
370:Player,BR:0cr200c/cc/cc/r390r3004f:9cAh,2h2c|/4s9hKs/7d/8d:-690,690(-690.000000)
371:BR,Player:0r200c/cc/r649f:TcJs,4c6c|/7dJhAd/Td:300,-300(300.000000)
372:Player,BR:0cc/cc/cr435c/cc:2c8d,4dKh|/3c8h9c/2d/Ac:535,-535(460.373437)
373:BR,Player:0r200c/cc/r5284f:4cJd,8h9s|/9hTcKc/2s:300,-300(300.000000)
374:Player,BR:0cr600c/cc/cr1515c/r305r3119c:JhJc,QsQc|/5cTcKh/7c/6s:-5639,5639(-4401.390266)
375:BR,Player:0r130c/cc/r14250f:KdAd,6s7d|/4d7s9c/Tc:230,-230(230.000000)
376:Player,BR:0cr200c/cc/cr2627f:JdQh,6sJh|/TsKsKh/2s:-300,300(-300.000000)
377:BR,Player:0r130c/cc/r2014f:2cJh,QsKs|/7d9cAc/4d:230,-230(230.000000)
378:Player,BR:0cc/cc/cr124c/cr277c:2sQc,4d8c|/6dJcQh/8d/3c:501,-501(-97.972265)
379:BR,Player:0r130c/cr299c/r186c/r3580f:5s7d,8d9d|/2h3s9s/Qh/2c:715,-715(715.000000)
380:Player,BR:0cc/r300c/r1200r1200f:5h6c,8cQh|/4dJsJh/2c:-1600,1600(-1600.000000)
381:BR,Player:0r130c/cc/r14250f:6sQd,3c5c|/4s7h8s/2s:230,-230(230.000000)
382:Player,BR:0cr300c/cc/r200r2612c/cr16081f:4dAd,4s9s|/3sQhKh/4c/Js:-3212,3212(-3212.000000)
383:BR,Player:0r130c/cr299c/r2303f:2s3d,7d9d|/8sJsJh/Qc:529,-529(529.000000)
384:Player,BR:0cr300c/cc/cr1741f:4h4d,3sTs|/6h7c9s/3h:-400,400(-400.000000)
385:BR,Player:0r130c/cc/r285f:2sQh,6s8d|/5cQsAd/Jh:230,-230(230.000000)
386:Player,BR:0cr200c/cc/cr2627f:JsKh,JdQc|/5s5d9d/2s:-300,300(-300.000000)
387:BR,Player:0r130c/cc/r285c/r1695f:5dKh,8hAc|/7cTcQs/Kc/Kd:515,-515(515.000000)
388:Player,BR:0cc/cc/cr142f:7sJd,5c8s|/2s2c4d/Th:-100,100(-100.000000)
389:BR,Player:0f:6s7c,2h5c|:50,-50(50.000000)
390:Player,BR:0cc/cc/cr216c/cr684f:5sKh,TsTd|/4s8sAc/8d/Ks:-316,316(-316.000000)
391:BR,Player:0r130c/cr460c/r5254c/r2091c:8hKh,9dKd|/3dTcQd/Ks/6s:-8035,8035(1775.005295)
392:Player,BR:0cc/cc/cr761f:7cQh,7sQd|/5d7dJd/Ac:-100,100(-100.000000)
393:BR,Player:0cc/cr200c/r2627f:3sQc,7sKd|/3c8dJs/Td:300,-300(300.000000)
394:Player,BR:0cc/cc/cr1761f:4cJd,5h8h|/2h9dKd/As:-100,100(-100.000000)
395:BR,Player:0r130c/cc/r285c/r240c:9cAh,QsQc|/4s6sAs/7h/Jh:755,-755(689.530247)
396:Player,BR:0cr200c/cc/cr427f:7hQd,3sAs|/9dKsKc/5h:-300,300(-300.000000)
397:BR,Player:0cc/cr130c/r4051f:3d6d,7sJc|/4h5dQd/9c:230,-230(230.000000)
398:Player,BR:0cc/cc/cr100c/cr6161f:7dTc,5s8c|/3cQdKc/7h/3d:-200,200(-200.000000)
399:BR,Player:0r200c/cr390c/r5254f:KsAh,3s9s|/4sTdQc/Ad:690,-690(690.000000)
400:Player,BR:0cc/cc/cr124c/cr848c:2cAh,5s9d|/3dJhAd/9c/Tc:1072,-1072(156.032779)
401:BR,Player:0r130c/cc/r573f:6sAh,TdQc|/2s4h9d/2h:230,-230(230.000000)
402:Player,BR:0cr130c/r460c/cr5254f:9hJh,4c5s|/2s3cTh/Ac:-690,690(-690.000000)
403:BR,Player:0r130c/cc/r1001f:4h7s,TsKd|/5h8hAh/As:230,-230(230.000000)
404:Player,BR:0cc/cc/cr249c/cr7069f:2hKc,8c9d|/3c5cKh/3d/Qs:-349,349(-349.000000)
405:BR,Player:0r130c/cc/r327c/r12974f:7hAc,7dKd|/9h9dJh/9c/2c:557,-557(557.000000)
406:Player,BR:0cr200c/cc/cr9241f:9sJd,7s7h|/5dQcAh/3s:-300,300(-300.000000)
407:BR,Player:0r130c/cc/r163c/cr665r1506f:6hQd,7sKs|/4d8d8c/Kc/7c:1058,-1058(1058.000000)
408:Player,BR:0cc/cc/r200r2284f:6sTc,6c7c|/3d4d5h/Qd:-300,300(-300.000000)
409:BR,Player:0cc/cr200c/r8036f:7h9s,3cTd|/4s8cTc/6h:300,-300(300.000000)
410:Player,BR:0cr130c/cc/r460r12153f:JhAd,8dTd|/4c7cQc/As:-690,690(-690.000000)
411:BR,Player:0cc/cc/r100f:5c7s,3sJd|/5hKhAs/Tc:100,-100(100.000000)
412:Player,BR:0cc/cc/r130r4051f:3dQh,6hAc|/2dJsKs/Ts:-230,230(-230.000000)
413:BR,Player:0r200c/cc/r1306f:4sJd,9cQc|/2s6d6c/7h:300,-300(300.000000)
414:Player,BR:0cc/cc/cr19900f:6s9h,3cTh|/3s3h3d/Td:-100,100(-100.000000)
415:BR,Player:0r130c/cc/r3522f:3sAh,6cTs|/6hKsAs/3h:230,-230(230.000000)
416:Player,BR:0cr200c/cc/cr427f:6d7s,8cJd|/2hTsQh/3d:-300,300(-300.000000)
417:BR,Player:0cc/cc/r249f:4sKc,2d2c|/6cJcAh/Ts:100,-100(100.000000)
418:Player,BR:0cc/cc/r300f:3dJc,5s5h|/8hJsJh/2d:100,-100(100.000000)
419:BR,Player:0r130c/cc/r1001f:9hKd,TcKs|/8dTdJh/2h:230,-230(230.000000)
420:Player,BR:0cc/cc/cr1761f:3c6h,2c9d|/5hJsJd/8h:-100,100(-100.000000)
421:BR,Player:0r130c/cr299c/cc/r4028f:4cQc,3hAd|/9cQdAh/2d/2c:529,-529(529.000000)
422:Player,BR:0cc/cc/cr142c/cr455f:2hQc,2s3s|/2cKdAh/Qh/As:-242,242(-242.000000)
423:BR,Player:0r130c/cc/r14250f:2s4c,9cKc|/7s7hAs/3d:230,-230(230.000000)
424:Player,BR:0cr300c/cc/cr3503f:6c7h,2c8h|/7cJcQh/Th:-400,400(-400.000000)
425:BR,Player:0r130c/cc/r2014f:9sAs,7cAc|/2d3s9d/Jd:230,-230(230.000000)
426:Player,BR:0cr600c/r910c/r4830r4830r8730f:AsAd,4cTh|/2h5cKd/Td:11270,-11270(11270.000000)
427:BR,Player:0r200c/cr390c/r3004f:7s9s,5h8h|/3sQhKc/2s:690,-690(690.000000)
428:Player,BR:0cr300c/cc/r200r16072f:8cTh,5hAs|/4cTdQd/2h:-600,600(-600.000000)
429:BR,Player:0r200c/cr900c/r120r1992r1992c/r1227r8704c:5hTs,3s6s|/4s5dQc/4h/Ac:15235,-15235(12541.452466)
430:Player,BR:0cr300c/cc/cr18740f:4d4c,3s6s|/7hJcAc/Ks:-400,400(-400.000000)
431:BR,Player:0cc/cc/r761f:ThQd,5d9s|/9hJhAc/Qs:100,-100(100.000000)
432:Player,BR:0cc/cc/cr142f:6dJc,8cJs|/3dQhAd/Ks:-100,100(-100.000000)
433:BR,Player:0r200c/cr600c/r100c/r17612f:8cTd,4h6d|/6sTsJs/4c/Kd:1000,-1000(1000.000000)
434:Player,BR:0cr300c/r520c/r1196r9212f:KhAh,6d9s|/3d9hAs/Qc:-2116,2116(-2116.000000)
435:BR,Player:0cc/cr200c/r2627f:4c7h,6c9h|/2c5s6h/2d:300,-300(300.000000)
436:Player,BR:0cc/cc/cr3080f:8cTd,2sQd|/2h6cKd/Tc:-100,100(-100.000000)
437:BR,Player:0r200c/cc/r427c/r4186f:TcJh,3cQs|/2d5hQh/3d/5s:727,-727(727.000000)
438:Player,BR:0cc/cc/cr1761c/cr16296f:4d5s,2dJs|/5d5cTh/3d/Ah:-1861,1861(-1861.000000)
439:BR,Player:0r130c/cc/r14250f:TcAs,3dJc|/3h9hKh/2s:230,-230(230.000000)
440:Player,BR:0cr200c/cc/cr427f:6sKs,4cKd|/TdQsQc/9d:-300,300(-300.000000)
441:BR,Player:0r200c/cr900c/r422r2518f:6c7c,KhKd|/6sJdQs/4h:-1622,1622(-1622.000000)
442:Player,BR:0cr300c/cc/r520r7005f:3s5s,TsJd|/QdKcAc/6s:-920,920(-920.000000)
443:BR,Player:0r130c/cc/r327f:5h9s,4cQc|/6dTsAs/3s:230,-230(230.000000)
444:Player,BR:0cr130c/r690c/cr2290c/r1206f:8sTs,ThQs|/2c7s8c/Js/5s:3210,-3210(3210.000000)
445:BR,Player:0r200c/cc/r2627c/r16852f:4d8h,TcQc|/7cAdAc/Qh/Ts:2927,-2927(2927.000000)
446:Player,BR:0cc/cc/r130r4051f:2h7s,3hKc|/4h5sQs/7h:-230,230(-230.000000)
447:BR,Player:0r200c/cc/r427c/cr623r17979f:6hTs,9cQh|/JdAsAh/8h/Th:1350,-1350(1350.000000)
448:Player,BR:0cr600c/cc/r140r17014f:5c8s,9dKh|/3c5d9h/3d:-840,840(-840.000000)
449:BR,Player:0r200c/cr390c/r854c/r2906f:9d9c,2sTs|/3s4s7c/Ac/4d:1544,-1544(1544.000000)
450:Player,BR:0cc/cc/cr100c/cr3522c:9dKc,JhAc|/5h8dTd/5c/4h:-3722,3722(-792.421357)
451:BR,Player:0r130c/cr299c/r655r1249c/r6056c:QsQd,7hAs|/3d7cKd/Tc/3c:8489,-8489(3036.064376)
452:Player,BR:0cr300c/cc/r200r2612f:JsJd,2s9c|/2h6sKc/6d:-600,600(-600.000000)
453:BR,Player:0r130c/cr299c/r2303f:4cAc,6cTd|/3d7dTh/Qs:529,-529(529.000000)
454:Player,BR:0cr200c/cc/cr212c/r163r2939f:4d4c,3hJh|/2cJcKh/7c/3c:-675,675(-675.000000)
455:BR,Player:0r130c/cc/r4051f:7h9h,9cJc|/JsAhAd/Ts:230,-230(230.000000)
456:Player,BR:0cc/cc/cr379f:6hJc,6c9c|/8d9sKd/2d:-100,100(-100.000000)
457:BR,Player:0r200c/cc/r747c/r10543f:4dQc,AsAd|/2s7h8s/Kh/7d:1047,-1047(1047.000000)
458:Player,BR:0cc/cc/cr3080f:8sQc,4hTc|/2c6hAh/Jc:-100,100(-100.000000)
459:BR,Player:0r130c/cc/r4051f:4hJd,8cAd|/2sQsKh/Kc:230,-230(230.000000)
460:Player,BR:0cr200c/cc/r150r1120f:4d6h,2h4s|/5dJcKh/Jd:-450,450(-450.000000)
461:BR,Player:0r130c/cr299c/r19471c/cc:4h9h,4d7d|/2d9sTc/3d/Qc:20000,-20000(-5070.329884)
462:Player,BR:0cc/cc/cr249f:8sQd,7sJd|/5h6hAc/3c:-100,100(-100.000000)
463:BR,Player:0r200c/cr390c/r100r1114r8289c/cr5800f:5h8c,QhAh|/ThKcAc/2h/Js:-10193,10193(-10193.000000)
464:Player,BR:0cc/cc/r200r2627f:8h9d,4c5s|/2c7sQd/Qh:-300,300(-300.000000)
465:BR,Player:0r130c/cr299c/r2003f:7hQs,5h8c|/2d4sTs/Qd:529,-529(529.000000)
466:Player,BR:0cc/cc/r200r427c/cr1574f:TdJh,8sQc|/3c4d9s/Jc/6d:-727,727(-727.000000)
467:BR,Player:0r130c/cr299c/r4632f:2c6c,8sAh|/8dThTd/4c:529,-529(529.000000)
468:Player,BR:0cr600c/r910c/r2093r5270f:QhQd,8dJc|/3d9h9c/2s:-3703,3703(-3703.000000)
469:BR,Player:0cc/cc/r216f:3sAd,2hJc|/5s5cAs/Th:100,-100(100.000000)
470:Player,BR:0cc/cc/cr142f:4dTh,6hAh|/7d8d8c/Js:-100,100(-100.000000)
471:BR,Player:0r130c/cr299c/r4632f:4c6c,5cQd|/5s7sQh/4d:529,-529(529.000000)
472:Player,BR:0cr600c/cc/cr866c/cr18434c:5cKc,QhAd|/3d5dAc/7h/Ah:-20000,20000(-4866.975467)
473:BR,Player:0cc/cr130c/r498f:9hJd,8dQs|/3dTcJs/Td:230,-230(230.000000)
474:Player,BR:0cc/cc/cr876f:4d6s,5cAs|/4c9dQh/Kc:-100,100(-100.000000)
475:BR,Player:0r130c/cr299c/r1145c/r2382f:2hJs,2sJh|/JdJcKh/Qh/Td:1674,-1674(1674.000000)
476:Player,BR:0cc/cc/cr3080f:2h4c,3c7d|/5s5dJd/9c:-100,100(-100.000000)
477:BR,Player:0r130c/cc/r14250f:9dKd,8dKh|/6h9hQh/3h:230,-230(230.000000)
478:Player,BR:0cr200c/r390c/r897r897f:TsJd,2d7h|/4d6cQc/9c:-1587,1587(-1587.000000)
479:BR,Player:0cc/cc/r876f:8sTh,4c8h|/5c9sKs/Jc:100,-100(100.000000)
480:Player,BR:0cr200c/cc/cr9241f:JsQd,5d8c|/9s9hQh/6h:-300,300(-300.000000)
481:BR,Player:0cc/cc/r124c/r2983f:7d7c,4dTh|/2c9dKc/4h/7h:224,-224(224.000000)
482:Player,BR:0cc/cc/cc/r130r1001f:3c5h,6s6h|/2h2cJs/9s/Qd:-230,230(-230.000000)
483:BR,Player:0r130c/cc/r7085f:4dTh,7cAd|/8d9cQc/4h:230,-230(230.000000)
484:Player,BR:0cc/cc/cr435f:3h4c,2dJd|/4h8sTc/9s:-100,100(-100.000000)
485:BR,Player:0r130c/cr299c/r2003f:5hTh,6hTc|/5s5d7c/3s:529,-529(529.000000)
486:Player,BR:0cc/cc/r300r10715f:2dKs,TcJs|/2s6c8h/Kh:-400,400(-400.000000)
487:BR,Player:0r130c/cr299c/r2003f:8d9d,6sJc|/3s8sTd/8h:529,-529(529.000000)
488:Player,BR:0cr300c/cc/cr1741f:4c8c,3sJd|/6d7d8s/2d:-400,400(-400.000000)
489:BR,Player:0r130c/cc/r14250f:3cKs,2d2c|/4h7hAh/6h:230,-230(230.000000)
490:Player,BR:0cc/cc/cr1761f:7hTs,5s9d|/6cThAs/Kh:-100,100(-100.000000)
491:BR,Player:0r130c/cc/r163f:3c5c,3h4d|/8d9cTs/8h:230,-230(230.000000)
492:Player,BR:0cr600c/r910c/cc/r3220r6874f:JdAc,9cQh|/9sKsAd/8c/4h:-4830,4830(-4830.000000)
493:BR,Player:0r200c/cc/r2284f:2d8d,2h7h|/8s8cJd/3s:300,-300(300.000000)
494:Player,BR:0cr130c/cc/r690r1309f:ThKd,2c3c|/2s4dKh/Qh:-920,920(-920.000000)
495:BR,Player:0r130c/cr299c/r325f:9s9d,4h7h|/2s3sAd/Kh:529,-529(529.000000)
496:Player,BR:0cc/cc/cr3080f:4hKd,2dQs|/4s6h7h/Tc:-100,100(-100.000000)
497:BR,Player:0r130c/cr299c/r4632f:8dJd,6c8c|/4dTsTc/2d:529,-529(529.000000)
498:Player,BR:0cr200c/cc/r900r10508f:KsKd,3s3c|/2c7sJs/4d:-1200,1200(-1200.000000)
499:BR,Player:0r130c/cc/r3522f:8dJc,7cTd|/3sJsKh/6h:230,-230(230.000000)
500:Player,BR:0cr300c/cc/r200r854c/cr12732c:7d9c,3sTc|/3d9hAh/9d/Ts:14186,-14186(-7323.325436)
501:BR,Player:0r130c/cr460c/r6042f:4dJc,4hJh|/8h9cTs/As:690,-690(690.000000)
502:Player,BR:0cc/cc/cr761f:3s9c,8dKh|/5d8s8c/8h:-100,100(-100.000000)
503:BR,Player:0r130c/cc/r327f:7hAs,5h9d|/3cThQh/Jh:230,-230(230.000000)
504:Player,BR:0cc/cc/r130r1001c/cr1325c:3h7s,7c9h|/3d7h8h/Kh/6h:-2556,2556(-2100.147497)
505:BR,Player:0r200c/cc/r212c/cc:5cQc,2sKs|/2c5dAd/Th/6d:512,-512(420.302667)
506:Player,BR:0cr300c/r520c/r2760r5237r11083f:AhAd,3c9h|/3d7dAs/8s:8917,-8917(8917.000000)
507:BR,Player:0r130c/cr299c/r4632f:7sJs,5d7c|/3h8s8c/Td:529,-529(529.000000)
508:Player,BR:0cc/cc/r300r300f:4d9h,4h5d|/2s2d7h/Ah:-400,400(-400.000000)
509:BR,Player:0f:3dQc,2dTh|:50,-50(50.000000)
510:Player,BR:0cc/cc/cr9423f:3d6h,2h8c|/4h6sKd/9s:-100,100(-100.000000)
511:BR,Player:0f:TdAc,2h4d|:50,-50(50.000000)
512:Player,BR:0cc/cc/r130r14250f:3cKc,5s6d|/7d9cAc/Kd:-230,230(-230.000000)
513:BR,Player:0f:AdAc,2d4s|:50,-50(50.000000)
514:Player,BR:0cr600c/cc/cr3047f:4h7h,2h8s|/6d6cQs/Ks:-700,700(-700.000000)
515:BR,Player:0r200c/cr390c/r854f:9hKh,4hJc|/3d5hKs/8s:690,-690(690.000000)
516:Player,BR:0cr300c/cc/cr3046f:7s7c,2hQc|/2cJcQd/Td:-400,400(-400.000000)
517:BR,Player:0r130c/cc/r4051f:3s8c,TdTc|/8hQdAd/6d:230,-230(230.000000)
518:Player,BR:0cc/cc/cr249f:6hTc,7sJd|/4s4h4d/Qs:-100,100(-100.000000)
519:BR,Player:0r130c/cr299c/r4632f:5dAc,6h9h|/5c8d9s/Kh:529,-529(529.000000)
520:Player,BR:0cr300c/cc/r520r520c/cc:QsKd,3h8s|/6s9sKs/5c/Qd:1440,-1440(1440.000000)
521:BR,Player:0cc/cc/r249f:8hQh,3cJh|/5dJdKh/Th:100,-100(100.000000)
522:Player,BR:0cc/cc/r130r327f:2d9c,7h8c|/3h6cAh/3d:-230,230(-230.000000)
523:BR,Player:0r130c/cr299c/r186r1108r1108c/r3627f:8sQd,KsKc|/7d7cTd/7h/Ad:2931,-2931(2931.000000)
524:Player,BR:0cc/cc/cc/cr9423f:4s9d,JdQc|/2c8hKd/4d/Tc:-100,100(-100.000000)
525:BR,Player:0r130c/cc/r142c/r199r980r3861c:3hKc,7hAh|/3c4h4d/Jh/2h:-5412,5412(-5412.000000)
526:Player,BR:0cr300c/cc/r1200r18400f:4cKc,7s7h|/2c7cAs/Jd:-1600,1600(-1600.000000)
527:BR,Player:0r130c/cc/r2014f:2s8h,9sAs|/3h4cJc/3c:230,-230(230.000000)
528:Player,BR:0cc/cc/r130r2014f:5sTd,6cKd|/4d9hJh/Qc:-230,230(-230.000000)
529:BR,Player:0r130c/cc/r498c/r901c:2cAs,2dAc|/9cJhJc/Ah/7s:0,-0(777.848597)
530:Player,BR:0cc/cc/r200r1306f:4c6h,4s4d|/7hTsKh/8h:-300,300(-300.000000)
531:BR,Player:0cc/cc/r435f:2dKd,8h9c|/5s6h6d/5d:100,-100(100.000000)
532:Player,BR:0cc/cc/r130r1751f:2s6c,3h4d|/3c5s7d/3s:-230,230(-230.000000)
533:BR,Player:0r130c/cc/r4051f:3h6c,6hKs|/6s8hTd/5h:230,-230(230.000000)
534:Player,BR:0cc/cc/cr9423f:JhQd,5h6h|/9dAhAc/Kc:-100,100(-100.000000)
535:BR,Player:0f:4h9h,2d6c|:50,-50(50.000000)
536:Player,BR:0cc/cc/cr3080f:9dJh,7sTc|/2s6c8d/Qs:-100,100(-100.000000)
537:BR,Player:0r200c/cr600c/r100r2240r4611f:7sAh,JsKh|/2cJcKs/Td:3240,-3240(3240.000000)
538:Player,BR:0cc/cc/cr3080f:5dQs,2h7s|/4s5c9c/Kd:-100,100(-100.000000)
539:BR,Player:0r130c/cc/r1001f:4h5s,5cJh|/6s8cKh/Qc:230,-230(230.000000)
540:Player,BR:0cc/cc/r300r3503f:4cTd,9cKc|/4s5dTc/3d:-400,400(-400.000000)
541:BR,Player:0r130c/cr690c/r100f:TdKh,4h7d|/2h9dTh/Ad:920,-920(920.000000)
542:Player,BR:0cr300c/cc/cr3503f:2hTh,JsAd|/8hTdKd/5d:-400,400(-400.000000)
543:BR,Player:0r130c/cc/r4051f:5dJd,6s9s|/5c9dTs/7c:230,-230(230.000000)
544:Player,BR:0cc/cc/cr876f:5cKh,5dKc|/7s7c8s/2d:-100,100(-100.000000)
545:BR,Player:0cc/cc/r1532f:5hQh,6sJs|/5c9hQd/Th:100,-100(100.000000)
546:Player,BR:0cc/cc/cr435c/cr6196f:4cJh,9sAh|/4hTdQc/6h/2h:-535,535(-535.000000)
547:BR,Player:0r130c/cr299c/r753f:JdKc,8cJs|/3s5sTh/7d:529,-529(529.000000)
548:Player,BR:0cr300c/r520c/cr8056f:4c6c,4dJs|/3d8cQs/Ah:-920,920(-920.000000)
549:BR,Player:0r200c/cc/r1306f:JdQh,3s5d|/7c8hAh/4h:300,-300(300.000000)
550:Player,BR:0cc/cc/r130r2014f:9hQd,8hJh|/4h6cQs/Qc:-230,230(-230.000000)
551:BR,Player:0r130c/cc/cc/r2014f:2d7c,5h5d|/4hTdKd/Ac/9s:230,-230(230.000000)
552:Player,BR:0cc/cc/r130r1001f:5dTc,5cJd|/2dJsQd/9h:-230,230(-230.000000)
553:BR,Player:0r130c/cc/r14250f:5sTs,7hQd|/3c8h9c/6s:230,-230(230.000000)
554:Player,BR:0cc/cc/cr435f:4hKs,2dAd|/7hTsQh/Td:-100,100(-100.000000)
555:BR,Player:0r130c/cc/r7085f:2c5d,7dJd|/3s9hKc/Ks:230,-230(230.000000)
556:Player,BR:0cc/cc/cr249c/cr2009f:5hJd,2hTs|/2c5c8c/Jh/6s:-349,349(-349.000000)
557:BR,Player:0cc/cr130c/r100c/cr463f:4s8d,5dTh|/4d5s5h/9s/Qc:-330,330(-330.000000)
558:Player,BR:0cc/cc/cr876f:3cKs,5dTs|/6s9dJc/9c:-100,100(-100.000000)
559:BR,Player:0r130c/cr299c/r4632f:4s5c,7dJd|/ThTdJh/As:529,-529(529.000000)
560:Player,BR:0cr300c/cc/r200r4569f:4d6s,KhAs|/3sQdKc/9h:-600,600(-600.000000)
561:BR,Player:0r130c/cc/r1001r2472r2472f:3cTh,5dQs|/4d5c7c/Kh:3703,-3703(3703.000000)
562:Player,BR:0cc/cc/cr249f:5hTh,3hAc|/4s4h5c/9c:-100,100(-100.000000)
563:BR,Player:0r130c/cc/r7085f:5hAc,ThQd|/2d5d8h/Qs:230,-230(230.000000)
564:Player,BR:0cc/cc/r130r573c/r301r2748f:2cQh,5cJs|/3c8dQd/4s/8h:-1104,1104(-1104.000000)
565:BR,Player:0r130c/cr299c/r4632f:2h5s,9dTh|/3s4dQh/Qs:529,-529(529.000000)
566:Player,BR:0cc/cc/cr435f:2d8s,9sKh|/6hTsQd/3c:-100,100(-100.000000)
567:BR,Player:0r130c/cr299c/r2303f:3s7c,4cTs|/4s9s9c/Ad:529,-529(529.000000)
568:Player,BR:0cr600c/cc/r140r1195f:7sAh,6cTs|/2hKhKd/8c:-840,840(-840.000000)
569:BR,Player:0r130c/cc/r573f:8sQd,4sJd|/4c6h9h/6d:230,-230(230.000000)
570:Player,BR:0cc/cc/cr876c/cc:6s7d,3c6h|/4h7hAc/7c/Ks:976,-976(976.000000)
571:BR,Player:0r130c/cr299c/r655c/r7839f:TsQs,JcQd|/2h7cTd/9s/7h:1184,-1184(1184.000000)
572:Player,BR:0cr600c/cc/r910r12259c/r100c:JhKd,ThKh|/6cTdQs/3h/Qc:-13969,13969(-13969.000000)
573:BR,Player:0r130c/cr460c/r6042f:2sJh,6cJc|/5s9dQh/Tc:690,-690(690.000000)
574:Player,BR:0cr130c/cc/r115r10627f:7cQh,7s7h|/9dJcKh/Qc:-345,345(-345.000000)
575:BR,Player:0r130c/cr299c/r374f:4dTs,7sJd|/4s5d5c/3c:529,-529(529.000000)
576:Player,BR:0cc/cc/cc/cr124c:3d6s,3s6h|/3c7dQd/8s/2h:0,-0(-95.776054)
577:BR,Player:0r130c/cr460c/r6042f:7sJd,JhQs|/9sThQc/5d:690,-690(690.000000)
578:Player,BR:0cr300c/cc/cr1514c/cr14574f:8hAs,TdKs|/JhKdKc/Ah/Ac:-1914,1914(-1914.000000)
579:BR,Player:0r130c/cc/r14250f:2s2h,4s4c|/3d8sJh/7c:230,-230(230.000000)
580:Player,BR:0cc/cc/r130r130f:6hTc,2s7h|/4s5hKd/2c:-230,230(-230.000000)
581:BR,Player:0r130c/cr460c/r3004f:2s2c,JhJd|/7h8dTc/5s:690,-690(690.000000)
582:Player,BR:0cr200c/cc/cr5284r14416f:6d6c,5h5c|/6hTcKs/9d:5584,-5584(5584.000000)
583:BR,Player:0cc/cc/r1532f:3sAh,3hQh|/TsThAs/7s:100,-100(100.000000)
584:Player,BR:0cc/cc/cr3080f:3sKc,TdQs|/5c6s8d/6d:-100,100(-100.000000)
585:BR,Player:0f:3cTd,2h6c|:50,-50(50.000000)
586:Player,BR:0cr200c/r390c/cr19310f:9dTc,7hJd|/5dJsJh/Ah:-690,690(-690.000000)
587:BR,Player:0r130c/cr299c/r4028c/r1603f:6d6c,7cTs|/4c6sKc/5c/Qh:4557,-4557(4557.000000)
588:Player,BR:0cc/cc/r200r1306f:6cAh,3s7s|/4d5dJd/Ac:-300,300(-300.000000)
589:BR,Player:0r130c/cr299c/r2303f:6s9c,7cKh|/8dQhKs/Qd:529,-529(529.000000)
590:Player,BR:0cc/cc/r130r2014f:5sKh,4h9h|/5h5c6c/Tc:-230,230(-230.000000)
591:BR,Player:0r200c/cr390c/r3004f:6hTh,QhKs|/2s4sKh/2h:690,-690(690.000000)
592:Player,BR:0cr300c/cc/r520c/r1196r1196f:9cAd,5sKs|/3cJsAh/8s/2c:-2116,2116(-2116.000000)
593:BR,Player:0r130c/cr299c/r2303f:TdKh,8dTh|/2d2c3s/2h:529,-529(529.000000)
594:Player,BR:0cr300c/cc/r520r1139f:6sJs,QsAd|/8d9cAh/5s:-920,920(-920.000000)
595:BR,Player:0r130c/cc/r7085f:8dJh,KdAs|/2s4c5d/Kh:230,-230(230.000000)
596:Player,BR:0cr130c/cc/r115r491f:9s9d,5cJh|/2c6cTs/4s:-345,345(-345.000000)
597:BR,Player:0r200c/cc/r2627f:4hKs,TdAc|/3d8s9d/4d:300,-300(300.000000)
598:Player,BR:0cc/cc/cr761f:JcQh,7hAh|/6h8hAd/7c:-100,100(-100.000000)
599:BR,Player:0r130c/cc/r1001f:2cQc,8cKc|/5d8dAh/2d:230,-230(230.000000)
600:Player,BR:0cc/cc/cr124c/cr6000f:3sAh,9sKc|/2s9hTd/Th/Ad:-224,224(-224.000000)
601:BR,Player:0r130c/cr299c/r753f:9cKs,8dAc|/2h8sTs/6h:529,-529(529.000000)
602:Player,BR:0cr200c/cc/r600r3918f:9dTs,7sTd|/5c8dAh/Kc:-900,900(-900.000000)
603:BR,Player:0cc/cr200c/cr1800r1800f:2cKc,5d6s|/7h8dJc/6h:2100,-2100(2100.000000)
604:Player,BR:0cr130c/cc/cr4051f:2s5s,6s9c|/8c9hAd/Tc:-230,230(-230.000000)
605:BR,Player:0r200c/cr600c/r1281r5919f:9s9c,6hKs|/4s6s6c/Ad:-2181,2181(-2181.000000)
606:Player,BR:0cc/cc/cr9423f:8c9s,ThKc|/3s8sQs/6s:-100,100(-100.000000)
607:BR,Player:0r200c/cr390c/cc/r1718f:TcQd,2cKc|/9cAdAc/4h/8h:690,-690(690.000000)
608:Player,BR:0cr200c/r390c/r897r6909r11504f:5hKh,3s7d|/2c3h9h/Jh:8496,-8496(8496.000000)
609:BR,Player:0f:4s5h,2c3s|:50,-50(50.000000)
610:Player,BR:0cc/cc/cr379f:JsKc,2h9c|/4c6c9d/7s:-100,100(-100.000000)
611:BR,Player:0r200c/cr600c/r317c/r566r4292r8646f:5c9d,KdAd|/TsJcQs/5s/7c:6075,-6075(6075.000000)
612:Player,BR:0cc/cc/cr3080f:2c3d,5hJd|/4s9hQd/7c:-100,100(-100.000000)
613:BR,Player:0r200c/cc/r2627f:2h6c,5h9d|/3cTcKh/3h:300,-300(300.000000)
614:Player,BR:0cr300c/r520c/cr8056f:JsAh,8cTd|/2h2dTh/Ks:-920,920(-920.000000)
615:BR,Player:0r130c/cr299c/r16295f:4hJs,AsAd|/2h3cJc/Qh:529,-529(529.000000)
616:Player,BR:0cc/cc/cr8194f:5h7s,8hJd|/9hTcQd/9c:-100,100(-100.000000)
617:BR,Player:0r200c/cc/r2627f:7d8d,3cQs|/4s9hTh/5c:300,-300(300.000000)
618:Player,BR:0cc/cc/cr876f:3sTc,2d9c|/6s8hAs/Kd:-100,100(-100.000000)
619:BR,Player:0f:9hKc,3d7c|:50,-50(50.000000)
620:Player,BR:0cr130c/r460c/r345r18965c/cc:7hAs,AdAc|/7cKdAh/Qc/Kc:-20000,20000(-10534.716020)
621:BR,Player:0f:9dJc,2h9c|:50,-50(50.000000)
622:Player,BR:0cc/cc/cr435c/cr10836f:4d9h,8hKh|/9dQcAh/3c/Ad:-535,535(-535.000000)
623:BR,Player:0r200c/cr900c/cr2400r2400f:6hQd,6c8c|/4c6s7d/3d:3600,-3600(3600.000000)
624:Player,BR:0cr600c/r910c/r2093f:ThAh,3sKc|/4h9hKh/5h:1610,-1610(1610.000000)
625:BR,Player:0r200c/cc/r2284c/r2781c:QhKs,TsJd|/JsKdAh/7d/Jh:-5365,5365(-4673.308441)
626:Player,BR:0cc/cc/r130r130f:3h8h,8d9h|/4c8sQh/6d:-230,230(-230.000000)
627:BR,Player:0r130c/cc/r7085f:3s4s,6dKd|/2h7cKs/Js:230,-230(230.000000)
628:Player,BR:0cc/cc/cr124f:5cTc,4s8d|/4hAsAh/3h:-100,100(-100.000000)
629:BR,Player:0cc/cr130c/r100f:5d8s,2cJh|/3s6c7h/3c:230,-230(230.000000)
630:Player,BR:0cc/cc/r130r871f:TdKh,8dAs|/2sKsAc/Js:-230,230(-230.000000)
631:BR,Player:0r130c/cr299c/r186r1108r7936f:2s9s,4h5d|/2d5h7c/5c:1823,-1823(1823.000000)
632:Player,BR:0cc/cc/cc/cr9423f:6sAh,9hKc|/2dJsAd/6h/4h:-100,100(-100.000000)
633:BR,Player:0cc/cr130c/r1751c/r3242c:5h6d,6s8s|/5s6hQh/6c/Ah:5223,-5223(5223.000000)
634:Player,BR:0cr130c/r299c/r1587r17884f:TdJd,4hQc|/3sQsQh/Ad:-2116,2116(-2116.000000)
635:BR,Player:0r130c/cr299c/r2303f:8s9d,5hKc|/2h7d7c/Qh:529,-529(529.000000)
636:Player,BR:0cr600c/cc/r1400r2989f:7hAs,3hQd|/3d6dAh/8h:-2100,2100(-2100.000000)
637:BR,Player:0r130c/cc/r14250f:3d4s,TcKs|/TdQhAs/4c:230,-230(230.000000)
638:Player,BR:0cc/cc/cr379f:2c6s,5cJd|/4h8c9c/Js:-100,100(-100.000000)
639:BR,Player:0r130c/cc/r1001f:7d9c,5cQd|/3cQcAd/Kh:230,-230(230.000000)
640:Player,BR:0cr200c/r390c/r1380r4480r7733c/r2856c:4s8c,4cJs|/4h5c9s/4d/9c:0,-0(5045.949667)
641:BR,Player:0r130c/cc/r12392f:2c7h,9h9d|/ThJhQh/5h:230,-230(230.000000)
642:Player,BR:0cr200c/cc/cr2627f:KcAh,5s8h|/5d6dQd/Js:-300,300(-300.000000)
643:BR,Player:0r130c/cc/r3522f:3dAd,4cQd|/2s4h5d/8s:230,-230(230.000000)
644:Player,BR:0cc/cc/r200f:3s7d,2h8h|/6sThKc/5s:100,-100(100.000000)
645:BR,Player:0cc/cr130c/r100c/r5812f:6d8d,3dQc|/6sQsQd/Ac/8s:330,-330(330.000000)
646:Player,BR:0cr200c/cc/r390r1718f:6d9h,5h7c|/2s3h5d/Ad:-690,690(-690.000000)
647:BR,Player:0r200c/cr900c/r18378f:9sJd,4sAc|/TcJsKc/Qd:1200,-1200(1200.000000)
648:Player,BR:0cr130c/cc/r690r8056f:7dKd,8dTd|/2d6cQd/Ts:-920,920(-920.000000)
649:BR,Player:0r130c/cr299c/r2303f:3dJd,3hAc|/8c9sAh/8d:529,-529(529.000000)
650:Player,BR:0cr600c/cc/r140r19160f:4h4d,3h5h|/6s7h8h/4c:-840,840(-840.000000)
651:BR,Player:0r130c/cr299c/r9317f:8hTh,9hJc|/4c8sJh/5c:529,-529(529.000000)
652:Player,BR:0cr300c/cc/cr1514f:5c6s,9hTh|/8s9cJc/6h:-400,400(-400.000000)
653:BR,Player:0cc/cc/r142f:8cTc,4h7d|/2cJcAs/Jh:100,-100(100.000000)
654:Player,BR:0cr200c/r600c/cr7881f:7sTs,ThAd|/2h3h5s/9c:-900,900(-900.000000)
655:BR,Player:0r200c/cr390c/r3004c/cr16306f:4h5h,8hJs|/2s6s7c/Ts/2h:-3694,3694(-3694.000000)
656:Player,BR:0cr600c/cc/r350r743c/r727f:JdJc,4c9h|/2c3c8c/Ks/Qc:1793,-1793(1793.000000)
657:BR,Player:0r130c/cc/r871f:4sAh,6hQh|/2dKhAd/5d:230,-230(230.000000)
658:Player,BR:0cc/cc/cr435f:6dJs,9dTc|/5c8cKh/Qs:-100,100(-100.000000)
659:BR,Player:0cc/cc/r142f:5d7c,8h8c|/7hTsKh/Jd:100,-100(100.000000)
660:Player,BR:0cc/cc/cr379c/cr11157c:4cQh,AsAh|/2c4d7c/6d/3h:-11636,11636(-11636.000000)
661:BR,Player:0cc/cc/r761f:3sTs,2sJs|/6c7cKh/Th:100,-100(100.000000)
662:Player,BR:0cr600c/cc/cr2650f:4h5d,3cJd|/7d9hJh/2c:-700,700(-700.000000)
663:BR,Player:0r130c/cc/r2014f:2sJs,5d6h|/7hTsQs/2h:230,-230(230.000000)
664:Player,BR:0cr300c/r520c/r1196r9212f:8s9s,6dKh|/2d3h7c/Qs:-2116,2116(-2116.000000)
665:BR,Player:0r130c/cc/r3522f:8sKc,5s8h|/3s9sKs/Qs:230,-230(230.000000)
666:Player,BR:0cr300c/cc/r200r425f:9hQc,7sJd|/TcKdAc/Td:-600,600(-600.000000)
667:BR,Player:0cc/cr130c/r573f:QhAh,2dJd|/3c5h5c/4h:230,-230(230.000000)
668:Player,BR:0cc/cc/cr761f:2dQc,5sAs|/3cKsAh/Ac:-100,100(-100.000000)
669:BR,Player:0r130c/cc/r4051c/cc:2c3h,7cTh|/7d9sTd/Kh/6s:-4281,4281(-4281.000000)
670:Player,BR:0cr600c/cc/cc/r350r2614r5996f:KhAh,7d8h|/2h4dTs/Kc/Ad:3664,-3664(3664.000000)
671:BR,Player:0r130c/cc/r4051f:3s7d,5sQc|/TdJhQd/9c:230,-230(230.000000)
672:Player,BR:0cc/cc/cr435f:3hQh,KhAc|/2s3sJh/7d:-100,100(-100.000000)
673:BR,Player:0cc/cr200c/r5284f:4c6h,8hQh|/2c3d8d/8c:300,-300(300.000000)
674:Player,BR:0cr200c/cc/cr1306c/cr6080f:5hKh,8cTh|/9hKcAc/4s/9d:-1606,1606(-1606.000000)
675:BR,Player:0r300c/cc/r1514f:8dAs,7sTd|/5h8cQc/4s:400,-400(400.000000)
676:Player,BR:0cc/cc/r130r2014f:6s9d,4hAc|/8s8dAd/5d:-230,230(-230.000000)
677:BR,Player:0f:2h7d,3c8s|:50,-50(50.000000)
678:Player,BR:0cr300c/cc/r520r19080f:9dQh,2hTd|/3s4sTc/Kc:-920,920(-920.000000)
679:BR,Player:0r130c/cc/r19770f:8hQc,2s3s|/3d7cQs/Qh:230,-230(230.000000)
680:Player,BR:0cc/cc/r130r4051f:3sJs,8sKc|/4s9dJd/6d:-230,230(-230.000000)
681:BR,Player:0r200c/cc/cc/r9241f:JdKs,3hQs|/5d6h7c/Qh/7d:300,-300(300.000000)
682:Player,BR:0cc/cc/cr3080f:4dTc,3c8s|/6s6hJs/Ah:-100,100(-100.000000)
683:BR,Player:0r130c/cr299c/r325c/cr2318f:2c8s,ThTc|/4d7dAc/8h/Ts:-854,854(-854.000000)
684:Player,BR:0cc/cc/cr3080f:7dAs,2cJd|/3c4sQs/Ks:-100,100(-100.000000)
685:BR,Player:0r200c/cc/cc/r5284f:4s6h,6c7c|/5sTsJh/Ah/Qs:300,-300(300.000000)
686:Player,BR:0cc/cc/cr435c/cr6196f:3cAd,3dQs|/4c9cTc/5s/5h:-535,535(-535.000000)
687:BR,Player:0cc/cr130c/r2014f:5c9s,2hAd|/3c4cTc/5h:230,-230(230.000000)
688:Player,BR:0cc/cc/cr3080f:5h7s,3sKs|/7h7dJh/9d:-100,100(-100.000000)
689:BR,Player:0r200c/cc/r9241f:2sTs,4s7h|/7cJsKc/Qs:300,-300(300.000000)
690:Player,BR:0cc/cc/cr9423f:4d7s,5h9c|/7hTsQd/As:-100,100(-100.000000)
691:BR,Player:0f:4c5h,3d8h|:50,-50(50.000000)
692:Player,BR:0cr200c/cc/r150r1704f:JdQd,KsAh|/3h3cAc/Jh:-450,450(-450.000000)
693:BR,Player:0r130c/cr299c/r2303f:5cKc,7h8s|/4hTsTh/7d:529,-529(529.000000)
694:Player,BR:0cr200c/cc/r150c/r585f:ThTc,5h9d|/4h5dKs/Jc/Kd:450,-450(450.000000)
695:BR,Player:0r130c/cr460c/r3004f:9sTc,TsJh|/5c6c9h/Kc:690,-690(690.000000)
696:Player,BR:0cr300c/r520c/r184f:9dTd,6cKs|/6s7dTh/8s:920,-920(920.000000)
697:BR,Player:0r130c/cc/r2014f:4d9h,2cAc|/3s5c7d/Js:230,-230(230.000000)
698:Player,BR:0cr300c/cc/r200r854f:7cAc,6s7h|/3h5cKs/Kh:-600,600(-600.000000)
699:BR,Player:0r130c/cc/r7085f:4h8h,7hKc|/2s2cKh/Td:230,-230(230.000000)
700:Player,BR:0cc/cc/cr124c/cr13879f:JhKs,6s8c|/3c6hTc/Qd/5s:-224,224(-224.000000)
701:BR,Player:0cc/cr130c/r2014c/r5586f:JhAs,TsJd|/2d9hTh/7d/Qc:2244,-2244(2244.000000)
702:Player,BR:0cc/cc/r130r1001c/cr14256f:7cQh,2hAc|/5d6s8s/4d/Th:-1231,1231(-1231.000000)
703:BR,Player:0r130c/cc/r7085f:4c9s,3hKh|/7cTcJh/6h:230,-230(230.000000)
704:Player,BR:0cc/cc/cr124c/cr2983f:4sKh,JcKs|/9sJsAh/9c/2s:-224,224(-224.000000)
705:BR,Player:0f:7cQd,2dTh|:50,-50(50.000000)
706:Player,BR:0cc/cc/cc/cc:2s6c,3c4d|/4cTdQc/8d/6h:100,-100(-10.554620)
707:BR,Player:0r130c/cr299c/cr1058f:4c5d,6cQc|/6sQsKd/9h:-529,529(-529.000000)
708:Player,BR:0cc/cc/cr3080f:4dQh,6cQs|/2dAsAh/9h:-100,100(-100.000000)
709:BR,Player:0r130c/cr299c/r100r1273r2707f:3dQh,6hJd|/3c8dKs/2s:1902,-1902(1902.000000)
710:Player,BR:0cr200c/cc/cr1306f:KcAh,TcQh|/2d4s6d/4d:-300,300(-300.000000)
711:BR,Player:0f:QdAc,3d9c|:50,-50(50.000000)
712:Player,BR:0cr300c/cc/cr3503f:JsKd,4s4d|/7hTcKc/7s:-400,400(-400.000000)
713:BR,Player:0r130c/cc/r2014f:6d7c,8hQd|/5s9sQs/Kh:230,-230(230.000000)
714:Player,BR:0cr600c/cc/cr3047f:JcKs,3cTd|/2c5s6h/9c:-700,700(-700.000000)
715:BR,Player:0r130c/cc/r498r1342r9012f:8cQc,3d5h|/3c4h8s/Td:2070,-2070(2070.000000)
716:Player,BR:0cc/cc/cr435f:5sKc,3c8h|/6dTsJs/8d:-100,100(-100.000000)
717:BR,Player:0r130c/cr299c/r4632f:6hAh,7cQh|/3h8cTd/9h:529,-529(529.000000)
718:Player,BR:0cc/cc/r300r3503f:4h9s,5dJh|/3s7cAc/3d:-400,400(-400.000000)
719:BR,Player:0r130c/cc/r1001f:3cTs,JsQh|/3d4c8c/2h:230,-230(230.000000)
720:Player,BR:0cc/cc/cr100f:7cQd,3cKh|/4dJcAh/3s:-100,100(-100.000000)
721:BR,Player:0f:2cAs,4d9c|:50,-50(50.000000)
722:Player,BR:0cr600c/cc/r350r743c/cr15700f:9h9d,2c6h|/4s8sTh/8c/Js:-1793,1793(-1793.000000)
723:BR,Player:0r130c/cr299c/r19471f:KhAh,3dTd|/6h9dJs/2h:529,-529(529.000000)
724:Player,BR:0cc/cc/cr379f:4hKd,JcAc|/5d7sAd/7c:-100,100(-100.000000)
725:BR,Player:0r130c/cr299c/r2303c/r6130f:7h9s,9d9c|/3sKhKc/8s/As:2832,-2832(2832.000000)
726:Player,BR:0cr300c/r800c/cr120c/cr13292f:TdQs,4dAh|/5h8cJc/7s/7d:-1320,1320(-1320.000000)
727:BR,Player:0cc/cc/r9423f:6h7s,3c4s|/5d8hTd/Kh:100,-100(100.000000)
728:Player,BR:0cr200c/cc/r390f:8s9s,4s6h|/3h8dAh/8c:300,-300(300.000000)
729:BR,Player:0r130c/cc/r1001f:4c8c,4h4d|/5s5cJc/Js:230,-230(230.000000)
730:Player,BR:0cc/cc/r130r2014f:7sKc,8dJd|/2hThKs/6h:-230,230(-230.000000)
731:BR,Player:0r130c/cc/r7085c/cc:4hKd,5sJc|/TcJdAh/5h/8c:-7315,7315(-7020.511805)
732:Player,BR:0cr600c/r1400c/cr15990f:2cTc,5d6c|/3s5c9d/7s:-2100,2100(-2100.000000)
733:BR,Player:0r200c/cc/r2627f:7hQc,JsAc|/5d8s8d/4h:300,-300(300.000000)
734:Player,BR:0cr200c/cc/r390r982f:6c9s,5dTd|/3h5cJs/4d:-690,690(-690.000000)
735:BR,Player:0r130c/cc/r498f:8dTc,4dAd|/5s8sQh/8h:230,-230(230.000000)
736:Player,BR:0cr600c/r910c/r3220r12023f:KdAc,6dKs|/4d5cKh/9s:-4830,4830(-4830.000000)
737:BR,Player:0r130c/cr299c/cr687r1731f:4cKh,2d2c|/5c7c8s/Jd:1216,-1216(1216.000000)
738:Player,BR:0cc/cc/cr19900f:3hKd,9cQh|/2s4dQc/Qs:-100,100(-100.000000)
739:BR,Player:0r130c/cc/r498c/r6375f:2sQh,5dAh|/4hTsAs/Qd/5s:728,-728(728.000000)
740:Player,BR:0cc/cc/cr379c/cr448c:7sKc,4cAd|/5s7hAs/Qs/Qc:-927,927(-439.527616)
741:BR,Player:0r130c/cc/r285c/r11996f:AsAh,8dQd|/JhQcAd/Ks/5c:515,-515(515.000000)
742:Player,BR:0cc/cc/cr249f:7dQh,3sTh|/2c9dKh/Ks:-100,100(-100.000000)
743:BR,Player:0f:2sJd,4c9d|:50,-50(50.000000)
744:Player,BR:0cr600c/cc/r1400r1400r2800f:AhAd,7cQc|/6d9dTd/Qd:3500,-3500(3500.000000)
745:BR,Player:0r130c/cr299c/r2303f:4c8c,JdKc|/3s3h3d/Qd:529,-529(529.000000)
746:Player,BR:0cc/cc/r130r2014f:2hAc,2c8d|/ThQcAd/Qd:-230,230(-230.000000)
747:BR,Player:0r130c/cr299c/r162r767r12767f:6sAs,6d8d|/7c8cAh/8s:1458,-1458(1458.000000)
748:Player,BR:0cc/cc/cr100c/cr871f:5dKc,JcAh|/4s4cTs/8h/7d:-200,200(-200.000000)
749:BR,Player:0r130c/cr299c/r2003c/cr2334f:6sAh,5sAs|/5c9dAd/Tc/3d:-2532,2532(-2532.000000)
750:Player,BR:0cc/cc/cr3080f:4cJc,5dTh|/4d5c7s/6h:-100,100(-100.000000)
751:BR,Player:0f:AhAd,2d8s|:50,-50(50.000000)
752:Player,BR:0cc/cc/cr9423f:3h8h,2c3s|/2d6dAd/8d:-100,100(-100.000000)
753:BR,Player:0r130c/cc/r327c/r6450f:7dAd,6hQh|/3s9dQd/Tc/Qs:557,-557(557.000000)
754:Player,BR:0cr300c/cc/r200r369c/cr224f:QsAh,4d6c|/2d6s7s/Jh/9d:-969,969(-969.000000)
755:BR,Player:0r130c/cc/r142c/r5697f:2h8d,8hAc|/4c9h9d/8c/Ks:372,-372(372.000000)
756:Player,BR:0cr300c/cc/cr12322f:5h7c,5sJh|/2h7sTh/Ad:-400,400(-400.000000)
757:BR,Player:0r130c/cr690c/r1139c/r2216f:QcKh,8sJs|/6c7sKd/Ks/Td:2059,-2059(2059.000000)
758:Player,BR:0cc/cc/cr216r884r2987f:5hJs,6d8s|/3h4h8h/2d:-1200,1200(-1200.000000)
759:BR,Player:0r130c/cc/r7085f:3sAh,2hQd|/5h5cQs/Kh:230,-230(230.000000)
760:Player,BR:0cc/cc/cr124f:5sTs,2s3h|/2c4h9h/4s:-100,100(-100.000000)
761:BR,Player:0r130c/cc/r871f:9cJd,5s6h|/TcKcAs/Qd:230,-230(230.000000)
762:Player,BR:0cc/cc/cr142c/cr100c:7dQc,2dTs|/4c8sAd/7s/8d:342,-342(342.000000)
763:BR,Player:0r130c/cr299c/r2303f:4d8d,4hKs|/3d6d9c/3s:529,-529(529.000000)
764:Player,BR:0cc/cc/r130r4051f:4c9h,6cKs|/3d9dQs/8h:-230,230(-230.000000)
765:BR,Player:0r130c/cr299c/r2303f:2hKh,9hJs|/2c6d8s/7h:529,-529(529.000000)
766:Player,BR:0cc/cc/cr8194f:3d5h,5c8c|/9dTdJh/7c:-100,100(-100.000000)
767:BR,Player:0r130c/cr299c/r1145c/r14658f:9sJd,9hAs|/4s7s9c/8d/Qc:1674,-1674(1674.000000)
768:Player,BR:0cc/cc/cr1761r3429f:5d8h,2s9c|/5s5h8d/Kh:1861,-1861(1861.000000)
769:BR,Player:0r130c/cr299c/r655r1249c/cr17567f:KhAd,5sAc|/4s5dKc/5c/As:-2433,2433(-2433.000000)
770:Player,BR:0cr200c/cc/r900r5224c/r6176f:ThQh,7sKc|/9cJcAd/Ks/3c:6424,-6424(6424.000000)
771:BR,Player:0r130c/cc/r3522f:2s4d,TsAc|/4s4c6c/5h:230,-230(230.000000)
772:Player,BR:0cr300c/cc/cr3503f:ThAc,3s5s|/2d4sQd/9d:-400,400(-400.000000)
773:BR,Player:0r130c/cc/r7085f:6d9c,4cTs|/2d7sAd/Th:230,-230(230.000000)
774:Player,BR:0cc/cc/cr435f:9dJs,4d5c|/3d7hQc/7d:-100,100(-100.000000)
775:BR,Player:0r130c/cc/r7085f:6dKd,JhQh|/8h8cAs/Qd:230,-230(230.000000)
776:Player,BR:0cr200c/r390c/r897r3435c/r691r12366c:JdAd,3dQc|/2c3s3h/Js/7d:-18079,18079(-18079.000000)
777:BR,Player:0r130c/cc/r7085f:6s8c,QdAc|/2d4sKh/9d:230,-230(230.000000)
778:Player,BR:0cr300c/r800c/r240r3584f:9cTc,5hKh|/4d7h9s/As:-1440,1440(-1440.000000)
779:BR,Player:0r200c/cc/r2627f:2sQs,8hTs|/3c7dJc/8s:300,-300(300.000000)
780:Player,BR:0cc/cc/cr124c/cr12068f:2sQd,2cTc|/6hThJc/Qc/9h:-224,224(-224.000000)
781:BR,Player:0r200c/cr600c/r317f:2s4h,7c8d|/3d4dAh/3s:900,-900(900.000000)
782:Player,BR:0cc/cc/cr1761c/cr14170c:5dJc,9sQh|/2c5hKc/Jd/Th:-16031,16031(-16031.000000)
783:BR,Player:0r130c/cr299c/r655f:ThAs,3d6d|/3c9cTc/9d:529,-529(529.000000)
784:Player,BR:0cr200c/r600c/r1170r1170c/cc:5c7d,8sJc|/5s5hAc/Kh/Qd:3240,-3240(3240.000000)
785:BR,Player:0r130c/cr1380c/r161r2672f:4h7c,KdAs|/3cQcAd/7s:-1771,1771(-1771.000000)
786:Player,BR:0cc/cc/r130r285f:3s4d,3hKc|/2h6cQc/Kh:-230,230(-230.000000)
787:BR,Player:0r130c/cc/r4051f:4d9h,7hJh|/6hQdKs/8c:230,-230(230.000000)
788:Player,BR:0cc/cc/r130r130f:5dTh,6cQc|/4c9dKs/3s:-230,230(-230.000000)
789:BR,Player:0r130c/cc/r2014f:6hQd,8hTc|/5c8cKd/9d:230,-230(230.000000)
790:Player,BR:0cr300c/cc/r520r1309f:2s2d,7cAh|/3s5dTc/3h:-920,920(-920.000000)
791:BR,Player:0r200c/cc/r1136f:3cKd,6d9s|/2d3dJd/Ks:300,-300(300.000000)
792:Player,BR:0cc/cc/cr1761f:3c9d,4dTd|/3s4s5h/Qs:-100,100(-100.000000)
793:BR,Player:0f:6c7h,3h9c|:50,-50(50.000000)
794:Player,BR:0cc/cc/cr379c/cr902f:2h4c,3s4h|/2c3dAd/Qc/6s:-479,479(-479.000000)
795:BR,Player:0r130c/cr299c/r8102f:AhAd,7d8s|/3s9h9c/9s:529,-529(529.000000)
796:Player,BR:0cc/cc/r200r427c/r623r955f:5c7h,2s4d|/5s5dKh/3d/2d:-1350,1350(-1350.000000)
797:BR,Player:0r300c/cr1200c/r6966c/cr8234f:7hQc,8sAs|/2s9hKs/7s/Qd:-8566,8566(-8566.000000)
798:Player,BR:0cc/cc/r200r427c/cr514c:3dQh,2d5c|/3s3h7d/6c/Js:1241,-1241(1241.000000)
799:BR,Player:0cc/cr130c/r327c/r1834c:4c7s,2sKd|/2cQsKc/6d/Ah:-2391,2391(-2391.000000)
800:Player,BR:0cc/cc/r130r2014f:3h9s,4dTh|/JsJdKd/8s:-230,230(-230.000000)
801:BR,Player:0r130c/cc/r2014c/cc:6s7d,2sAd|/9cJdAs/6c/5c:-2244,2244(-1800.794279)
802:Player,BR:0cr130c/cc/r690r4005f:7sKs,3h4c|/4h5h6c/3c:-920,920(-920.000000)
803:BR,Player:0r200c/cc/r1306f:5h9h,4sKs|/5dQsAh/8h:300,-300(300.000000)
804:Player,BR:0cr200c/r390c/r1380f:4d6d,5c6h|/4h4c9h/7c:690,-690(690.000000)
805:BR,Player:0r130c/cc/r14250f:3cQh,9cKh|/TcKsAd/As:230,-230(230.000000)
806:Player,BR:0cr300c/cc/cr996f:2cJc,8dKs|/6h7dAs/8h:-400,400(-400.000000)
807:BR,Player:0r200c/cc/r1306f:4d9d,4hJc|/9cTcJd/3h:300,-300(300.000000)
808:Player,BR:0cc/cc/r130r4051f:5c8d,4s6s|/9sTcAh/9h:-230,230(-230.000000)
809:BR,Player:0r200c/cr390c/r3004f:5d8s,3hJh|/4h7dJc/9c:690,-690(690.000000)
810:Player,BR:0cr200c/cc/r150r1959f:8d9d,7hAd|/5s5d6d/Kh:-450,450(-450.000000)
811:BR,Player:0cc/cr130c/r285f:2s9s,4dTc|/9d9cKd/3d:230,-230(230.000000)
812:Player,BR:0cc/cc/r130r130c/r330r18483f:5d8d,3c7h|/3h4d9d/Kc/9s:-690,690(-690.000000)
813:BR,Player:0r130c/cr299c/r753c/cc:TcJh,3s5d|/2c6s6h/2d/4h:-1282,1282(-1282.000000)
814:Player,BR:0cc/cc/cr9423f:5hTd,2d3c|/8sKhAs/Ac:-100,100(-100.000000)
815:BR,Player:0f:7hAh,2s4c|:50,-50(50.000000)
816:Player,BR:0cr300c/r520c/cr8056f:8sAh,7hKc|/JcQhAd/Qd:-920,920(-920.000000)
817:BR,Player:0cc/cc/r435f:3d4c,4s7h|/7c8sAs/8h:100,-100(100.000000)
818:Player,BR:0cc/cc/r200r5284c/cc:6h8s,2cAh|/7c9hJd/5c/5s:5584,-5584(5584.000000)
819:BR,Player:0r130c/cc/r4051f:7c8d,9s9d|/6dQhAd/Ts:230,-230(230.000000)
820:Player,BR:0cc/cc/r130r4051f:8d9c,7hKd|/4d6d7d/4c:-230,230(-230.000000)
821:BR,Player:0r130c/cc/r142r421r6944f:2sTh,6sTc|/2h8cKs/8h:793,-793(793.000000)
822:Player,BR:0cc/cc/cr435f:6cKs,5cQh|/3d6sJh/7h:-100,100(-100.000000)
823:BR,Player:0cc/cc/r1761f:4s7s,6dQd|/3s3hAd/Kc:100,-100(100.000000)
824:Player,BR:0cc/cc/cr1761c/cr10715f:6cKh,3cQc|/2sJdKs/4d/3h:-1861,1861(-1861.000000)
825:BR,Player:0r130c/cc/r19770f:6c9d,4s8s|/3d4d7h/5s:230,-230(230.000000)
826:Player,BR:0cc/cc/r130r130r1020r6008f:4cAd,5h6h|/2s3h3c/5c:-1380,1380(-1380.000000)
827:BR,Player:0r200c/cr390c/r100r1114f:2c3h,7sKh|/2s9cKd/Kc:-790,790(-790.000000)
828:Player,BR:0cc/cc/cr876f:4h8c,4c5s|/3s6hQs/3d:-100,100(-100.000000)
829:BR,Player:0r130c/cr299c/r4632f:4h7h,QsAc|/5hTsTd/As:529,-529(529.000000)
830:Player,BR:0cc/cc/cr3080f:4sKd,7c8c|/2d4hQs/Th:-100,100(-100.000000)
831:BR,Player:0r130c/cc/r1001c/cc:TdAc,8cAh|/3d4cQd/Qc/3h:0,-0(-401.653291)
832:Player,BR:0cr600c/r2100c/r3640f:4d6d,7d9s|/5sKdAd/2s:2800,-2800(2800.000000)
833:BR,Player:0r200c/cr390c/r12153f:2c7d,8hAh|/3d5hQh/8d:690,-690(690.000000)
834:Player,BR:0cc/cc/cr3080f:TcAd,2s7h|/2d4hQd/Kc:-100,100(-100.000000)
835:BR,Player:0cc/cc/r876f:2sJh,3cTh|/2d5sTs/9s:100,-100(100.000000)
836:Player,BR:0cr130c/r299c/cr162f:6dTd,5s8d|/8cJsKc/2s:-529,529(-529.000000)
837:BR,Player:0cc/cr300c/r3503f:2sTc,5cTs|/5h9sTh/4d:400,-400(400.000000)
838:Player,BR:0cc/cc/cr435f:3sQs,8sAd|/2h4sJh/Tc:-100,100(-100.000000)
839:BR,Player:0r130c/cc/r3522f:4hQh,7c9c|/3c4dJs/2d:230,-230(230.000000)
840:Player,BR:0cc/cc/cr876f:7dQh,2dTh|/3d4sJs/8s:-100,100(-100.000000)
841:BR,Player:0cc/cc/r379f:4s7d,JdQc|/4d5s8c/6d:100,-100(100.000000)
842:Player,BR:0cc/cc/r130r327f:7hTs,4d5c|/4h8cJh/3d:-230,230(-230.000000)
843:BR,Player:0r200c/cr390c/r243f:5d8h,5cJd|/2s3s5s/Ad:690,-690(690.000000)
844:Player,BR:0cc/cc/cr1761f:6c8s,2dKc|/4sTcQs/Jh:-100,100(-100.000000)
845:BR,Player:0r130c/cr460c/r6042c/r9581f:3cTc,JsAc|/6hQcAd/7d/Qh:6732,-6732(6732.000000)
846:Player,BR:0cc/cc/cr761f:4c9s,QcKh|/7dTcQh/5c:-100,100(-100.000000)
847:BR,Player:0r130c/cc/r573f:2d7d,4h7s|/2c4sTh/Ah:230,-230(230.000000)
848:Player,BR:0cc/cc/cr435f:3cAs,5s5c|/6d9dJd/6h:-100,100(-100.000000)
849:BR,Player:0r130c/cr299c/r655c/r551c:KsKh,JdQc|/3s6cQs/6s/4h:1735,-1735(1587.815171)
850:Player,BR:0cr200c/r600c/cr15851f:8dJc,5h7s|/JhJdKh/7h:-900,900(-900.000000)
851:BR,Player:0r130c/cc/r2014f:6h8d,5d7d|/2cQhKs/4s:230,-230(230.000000)
852:Player,BR:0cc/cc/r130r285c/cr1695f:7sQc,5s8d|/2h7c8s/4d/5d:-515,515(-515.000000)
853:BR,Player:0r130c/cr299c/r100c/r5508f:4c8h,TcAh|/4sKsAs/Kc/6c:629,-629(629.000000)
854:Player,BR:0cr300c/cc/cr12322f:9cKd,9hKh|/4s5hQs/Ad:-400,400(-400.000000)
855:BR,Player:0f:4dJh,3c8h|:50,-50(50.000000)
856:Player,BR:0cr300c/cc/cr6126f:8s8d,TsAs|/6c9hJh/Ac:-400,400(-400.000000)
857:BR,Player:0cc/cr200c/r5284f:2c8d,4d8c|/3s5hJc/Kh:300,-300(300.000000)
858:Player,BR:0cc/cc/cc/cc:2d3c,KhAs|/6s8dTh/2c/8h:100,-100(-32.886543)
859:BR,Player:0r130c/cc/r19770f:8s9d,9sJh|/5h6d7d/Jc:230,-230(230.000000)
860:Player,BR:0cr130c/cc/r115r427c/cr2541c:6dAd,TdKc|/5dQsKs/6s/Kd:-3313,3313(-3283.732228)
861:BR,Player:0f:2d7c,2hJd|:50,-50(50.000000)
862:Player,BR:0cc/cc/r130c/r115r3021f:9sKc,2sAs|/5d9d9c/Tc/2c:-345,345(-345.000000)
863:BR,Player:0cc/cr200c/r2627f:9cTs,2h3h|/3d6dJh/6c:300,-300(300.000000)
864:Player,BR:0cr600c/cc/r140r19160f:6d7d,9hKh|/6hJhJd/Qh:-840,840(-840.000000)
865:BR,Player:0r130c/cr299c/r100r829c/cr2916f:5s5d,2hAd|/7hKdAh/Ac/As:-1458,1458(-1458.000000)
866:Player,BR:0cc/cc/r200r1306f:3hJd,6c7s|/ThQsAd/8s:-300,300(-300.000000)
867:BR,Player:0r130c/cc/r14250f:TcJs,2sQh|/3c6cKc/9h:230,-230(230.000000)
868:Player,BR:0cc/cc/r300r3503f:4h7s,JcAs|/2d6c7h/4d:-400,400(-400.000000)
869:BR,Player:0r130c/cc/r163c/r13922f:3hJh,6dAs|/2c4dAc/Qs/8d:393,-393(393.000000)
870:Player,BR:0cc/cc/cr8194c/cr1668f:7sAc,JdKh|/7c8hAs/Kd/8s:-8294,8294(-8294.000000)
871:BR,Player:0f:2cAc,2d5h|:50,-50(50.000000)
872:Player,BR:0cr130c/r299c/cr753r2368f:7h9h,KcAh|/ThTdQd/8c:1282,-1282(1282.000000)
873:BR,Player:0r200c/cc/r371c/r10276f:TdKh,2hQc|/JsJhKd/Ts/9d:671,-671(671.000000)
874:Player,BR:0cr600c/r8400c/r10900c/cc:QhQd,6h9d|/4s6d9c/Tc/Td:20000,-20000(20000.000000)
875:BR,Player:0r130c/cr299c/r186c/r19152f:6d7h,6s8s|/2hKsAh/Qs/7d:715,-715(715.000000)
876:Player,BR:0cr200c/cc/cr244f:9hKc,ThAs|/5c6hJs/3s:-300,300(-300.000000)
877:BR,Player:0cc/cr130c/r2014c/cr4633f:2hTh,7s9s|/7d8sJs/8c/6s:-2244,2244(-2244.000000)
878:Player,BR:0cr300c/r520c/r2760r9160f:QhQc,4c9c|/6sThJh/5d:-3680,3680(-3680.000000)
879:BR,Player:0r200c/cr390c/r3004c/cr3551f:TcAc,QcKd|/5dTdAd/6d/Js:-3694,3694(-3694.000000)
880:Player,BR:0cc/cc/cr379f:5dTh,7cJs|/7h9dJd/9c:-100,100(-100.000000)
881:BR,Player:0f:4d5h,3c8d|:50,-50(50.000000)
882:Player,BR:0cr300c/cc/cr495r2305f:7dAd,5hJh|/2c7sJc/7h:895,-895(895.000000)
883:BR,Player:0r130c/cr460c/cc/r6042f:8sJc,3sAh|/TdJsQd/Kd/Kh:690,-690(690.000000)
884:Player,BR:0cc/cc/cr9423f:5d9s,4d6c|/3h8s9c/Jc:-100,100(-100.000000)
885:BR,Player:0r130c/cc/r2014f:5hQc,5cKh|/2h2d8d/6d:230,-230(230.000000)
886:Player,BR:0cc/cc/cr435f:5sKh,2sTh|/4s8cJd/2d:-100,100(-100.000000)
887:BR,Player:0f:7dAd,2c4s|:50,-50(50.000000)
888:Player,BR:0cc/cc/cr8194f:6h7s,TdKh|/3hTsKc/2s:-100,100(-100.000000)
889:BR,Player:0r200c/cc/r1306f:8cTh,6dKd|/2h5hJh/2d:300,-300(300.000000)
890:Player,BR:0cc/cc/cr100c/cr14250f:7sQc,3dJh|/JcKsAc/7c/5s:-200,200(-200.000000)
891:BR,Player:0r130c/cc/r14250f:9hQc,7hAh|/2d3s5h/5c:230,-230(230.000000)
892:Player,BR:0cr300c/cc/cr3503f:4s4c,TcQh|/2h7sAh/9h:-400,400(-400.000000)
893:BR,Player:0r130c/cc/r1751f:3cAd,JhKc|/4s9cAc/7h:230,-230(230.000000)
894:Player,BR:0cc/cc/cr379f:2d6s,5dTc|/4cJhJc/5c:-100,100(-100.000000)
895:BR,Player:0r130c/cr299c/r2303f:8sQs,6sJc|/3s6cTh/2d:529,-529(529.000000)
896:Player,BR:0cc/cc/cr124f:3h6s,JdAs|/8hKsKc/2c:-100,100(-100.000000)
897:BR,Player:0r130c/cr1380c/cr805f:7dAh,4cAc|/4s4dTc/6s:-1610,1610(-1610.000000)
898:Player,BR:0cc/cc/r130r2014f:7d9s,5d8c|/3h6sKs/3s:-230,230(-230.000000)
899:BR,Player:0r130c/cc/r4051f:7cJc,7hQh|/7s8sAs/Kh:230,-230(230.000000)
900:Player,BR:0cc/cc/r130r871f:6c8h,2s4s|/2h4c7s/Ah:-230,230(-230.000000)
901:BR,Player:0cc/cr200c/r1306c/r10634f:6d9c,5c9h|/4s5sJh/5h/Kh:1606,-1606(1606.000000)
902:Player,BR:0cr300c/r520c/r1196r9212f:6sKs,8dAd|/3d8sQh/4s:-2116,2116(-2116.000000)
903:BR,Player:0cc/cr200c/r5284c/cr4766f:4s6h,9dQs|/7d9hQd/6d/9s:-5584,5584(-5584.000000)
904:Player,BR:0cr600c/cc/r140r1195f:KhAd,3cTh|/2d5s7c/9s:-840,840(-840.000000)
905:BR,Player:0cc/cc/r876f:4hAs,4sJh|/8s9h9d/6h:100,-100(100.000000)
906:Player,BR:0cc/cc/cr19900f:3sTd,JdAc|/2sQsKh/Tc:-100,100(-100.000000)
907:BR,Player:0r200c/cr390c/r3004f:3dAh,2sQh|/3s5sKd/8d:690,-690(690.000000)
908:Player,BR:0cc/cc/cr435f:3dKd,5dKh|/JsQhAd/5h:-100,100(-100.000000)
909:BR,Player:0cc/cc/r19900f:2cQc,2dJh|/7s8dQs/Kh:100,-100(100.000000)
910:Player,BR:0cr200c/cc/r150r150c/cr279r984c:7s7c,6c9s|/5h5cJc/8c/9d:-1863,1863(-458.623338)
911:BR,Player:0r130c/cc/r1001f:4d8s,5dTc|/2c3c9c/Ks:230,-230(230.000000)
912:Player,BR:0cr200c/cc/r390r982f:6s9s,4cKh|/7dJhAd/5h:-690,690(-690.000000)
913:BR,Player:0r130c/cc/r2014c/r14858r2898f:3sJh,2sTs|/4s8hKs/2h/2c:-17102,17102(-17102.000000)
914:Player,BR:0cr200c/cc/cr2627f:6h9s,2s4d|/6dKdAd/Qs:-300,300(-300.000000)
915:BR,Player:0r130c/cr299c/r4632f:7hJd,6sQs|/5hTdTc/Ah:529,-529(529.000000)
916:Player,BR:0cc/cc/cr2679f:4dQc,7sJh|/2hThQh/Jd:-100,100(-100.000000)
917:BR,Player:0r200c/cc/r9241f:3dQs,7c8c|/4c8dAd/9h:300,-300(300.000000)
918:Player,BR:0cr200c/r600c/cr3918f:6d6c,8cTh|/2c4h5s/5c:-900,900(-900.000000)
919:BR,Player:0cc/cr130c/r573f:2cTd,2dJs|/3h8cKs/9d:230,-230(230.000000)
920:Player,BR:0cr200c/cc/cr2284f:TdQd,6d8s|/7hThAd/9h:-300,300(-300.000000)
921:BR,Player:0r200c/cr390c/r488c/r18041f:6d9h,8hJh|/4d6c8c/5c/3c:1178,-1178(1178.000000)
922:Player,BR:0cc/cc/cr124c/cr13879f:3hKd,9cQd|/6h9sAd/6s/Kh:-224,224(-224.000000)
923:BR,Player:0cc/cc/r3080f:3cQc,2dQs|/7dJdAs/2c:100,-100(100.000000)
924:Player,BR:0cr200c/cc/r150r1959f:3d3c,KsAc|/2s5dQh/8s:-450,450(-450.000000)
925:BR,Player:0r130c/cr299c/r1317c/r6077f:JcAh,9hTd|/2h6hTh/5d/3c:1846,-1846(1846.000000)
926:Player,BR:0cc/cc/cr19900f:4dJd,9s9d|/3d5cQd/9c:-100,100(-100.000000)
927:BR,Player:0r130c/cr690c/r16203f:3h4d,4s5s|/2dTcKs/Qc:920,-920(920.000000)
928:Player,BR:0cc/cc/cr876c/r584r13660f:2hJs,5cKs|/2d8hJh/As/Td:-1560,1560(-1560.000000)
929:BR,Player:0r130c/cc/r2014f:6s8c,6c7s|/2cJdQc/6d:230,-230(230.000000)
930:Player,BR:0cr600c/cc/r2100c/r5600c:2s3s,5hAd|/4s7c9c/5d/Kd:-8400,8400(-5955.207012)
931:BR,Player:0r130c/cr299c/r374f:7cJd,2sKc|/4s7d8s/6d:529,-529(529.000000)
932:Player,BR:0cr300c/cc/r800r2987f:AsAd,7hKh|/6h8s9c/Qc:-1200,1200(-1200.000000)
933:BR,Player:0r130c/cc/r19770f:7h9h,4s6d|/3hThJd/8s:230,-230(230.000000)
934:Player,BR:0cr300c/cc/r200r200c/cr749r2591r5892f:9cAd,4c9h|/5c9dQh/8h/As:-4140,4140(-4140.000000)
935:BR,Player:0r200c/cr390c/r3004f:4dTc,7c9s|/2c3cKd/6s:690,-690(690.000000)
936:Player,BR:0cc/cc/r200r5284f:5cKh,2c7c|/3h4sJc/5s:-300,300(-300.000000)
937:BR,Player:0r130c/cc/r327c/r6450f:5c6d,QhKs|/7sTcJc/8c/Kh:557,-557(557.000000)
938:Player,BR:0cr300c/r520c/cr566f:QsKh,4s6d|/2h3d7s/4c:-920,920(-920.000000)
939:BR,Player:0r130c/cc/r4051f:2cAh,7cJd|/6s6dKc/2d:230,-230(230.000000)
940:Player,BR:0cc/cc/r200r1306f:5hQd,3d9h|/8dTdKs/4d:-300,300(-300.000000)
941:BR,Player:0r130c/cr299c/r4028f:7sKh,4c5h|/3s5dKs/6d:529,-529(529.000000)
942:Player,BR:0cc/cc/cr3080f:6dAc,6hAs|/5c7dQc/9c:-100,100(-100.000000)
943:BR,Player:0r130c/cc/r100c/r5812f:2d6c,4cJc|/2s5dAs/5s/Qc:330,-330(330.000000)
944:Player,BR:0cc/cc/cr9423f:5hKd,2c6c|/9cJdAh/7c:-100,100(-100.000000)
945:BR,Player:0r130c/cr299c/r325c/r172c:TcKd,8s8d|/3hQsQh/Kc/Th:1026,-1026(852.254548)
946:Player,BR:0cr200c/r390c/r138r7250f:JcKh,QcAc|/3c8hJd/8s:-828,828(-828.000000)
947:BR,Player:0r200c/cc/r9241f:3s3d,7sAc|/6s8cJh/2c:300,-300(300.000000)
948:Player,BR:0cr600c/cc/r350r2273f:2s4d,TdKc|/JdQhAd/3h:-1050,1050(-1050.000000)
949:BR,Player:0r130c/cr299c/cc/r9317f:4cKd,8dTd|/6cJhAs/5c/Qc:529,-529(529.000000)
950:Player,BR:0cc/cc/cr435f:2cJh,4d5h|/2h9dKc/4c:-100,100(-100.000000)
951:BR,Player:0r130c/cc/r1001f:3dTd,6sJd|/KsAsAd/Jc:230,-230(230.000000)
952:Player,BR:0cc/cc/r130r871f:6cTs,3dKc|/7s9sQh/Ks:-230,230(-230.000000)
953:BR,Player:0cc/cr200c/r100r635r2576f:2h8c,TdAh|/5s7hAd/2d:1035,-1035(1035.000000)
954:Player,BR:0cc/cc/r130r2014f:5cTs,9hQh|/4d8sTc/7s:-230,230(-230.000000)
955:BR,Player:0r130c/cc/r12392f:3dAd,TcKc|/3s8dAc/Jh:230,-230(230.000000)
956:Player,BR:0cr300c/cc/cr283f:5h7d,8s9c|/8cTcAh/Kc:-400,400(-400.000000)
957:BR,Player:0r130c/cc/r327c/r12974f:4c8h,5c8s|/2d3d9d/4h/6c:557,-557(557.000000)
958:Player,BR:0cc/cc/cr379f:6cTs,9cQc|/7sQdAs/2c:-100,100(-100.000000)
959:BR,Player:0f:6h8s,2d3s|:50,-50(50.000000)
960:Player,BR:0cc/cc/cr142f:3cKs,9sAd|/5h6sQd/7d:-100,100(-100.000000)
961:BR,Player:0r200c/cc/r747f:2cTc,4sJc|/2d7sKs/Ac:300,-300(300.000000)
962:Player,BR:0cc/cc/cr435f:5hJc,7cTs|/2d3h9c/8h:-100,100(-100.000000)
963:BR,Player:0cc/cc/r3080f:6cJd,8s9h|/2d7cQd/Ts:100,-100(100.000000)
964:Player,BR:0cc/cc/cr142r658r3918f:4d5c,4sQd|/4c9hTc/5d:-900,900(-900.000000)
965:BR,Player:0r200c/cc/cc/r2627f:6dKh,ThTc|/2d4hQs/Ad/Ah:300,-300(300.000000)
966:Player,BR:0cc/cc/cr2679f:3sKc,8dKh|/2d8hAd/9d:-100,100(-100.000000)
967:BR,Player:0r130c/cc/r285f:TsKc,5cAh|/8cTdJd/6s:230,-230(230.000000)
968:Player,BR:0cr200c/cc/cr212c/cr7841f:4h5s,4c6c|/6d8cTd/5h/2s:-512,512(-512.000000)
969:BR,Player:0r130c/cr690c/r1139r3461r7856f:4sQs,3s5h|/7h9dAh/4c:5520,-5520(5520.000000)
970:Player,BR:0cr200c/cc/r150r557c/cr3812f:QcAh,5h7h|/4h4c7c/2d/2c:-1007,1007(-1007.000000)
971:BR,Player:0r200c/cc/r8036f:QhAs,3s9s|/JsKhAd/6h:300,-300(300.000000)
972:Player,BR:0cc/cc/r130r4051f:6hTd,3s5h|/2c5dJh/6c:-230,230(-230.000000)
973:BR,Player:0cc/cr130c/cc/r4051f:JcAc,4h9d|/6h7hTs/3h/7s:230,-230(230.000000)
974:Player,BR:0cc/cc/cr761f:7sKh,8sQc|/3s3d8c/3h:-100,100(-100.000000)
975:BR,Player:0r130c/cr460c/r211c/r18249f:7sJc,2sKh|/2hJdQh/3d/9d:901,-901(901.000000)
976:Player,BR:0cc/cc/cr379f:3sTs,3d7d|/7sKdKc/2d:-100,100(-100.000000)
977:BR,Player:0f:5c9s,2h3s|:50,-50(50.000000)
978:Player,BR:0cr130c/cc/r115r6076f:6s7s,2hTc|/3d4c6c/4d:-345,345(-345.000000)
979:BR,Player:0r300c/cr520c/r1309r4119r4119f:4h8c,9dKc|/7hQsKs/Th:6348,-6348(6348.000000)
980:Player,BR:0cc/cc/cc/cr9423f:2s4c,8sKs|/2c3cQh/6s/Js:-100,100(-100.000000)
981:BR,Player:0r130c/cr299c/r4632f:5cQd,5d7h|/4s8cJh/Kd:529,-529(529.000000)
982:Player,BR:0cc/cc/r200r1306f:5hAc,9dJd|/TdKhAd/9c:-300,300(-300.000000)
983:BR,Player:0r130c/cc/cc/r14250f:KcAh,8s8c|/7sTdJd/5s/2c:230,-230(230.000000)
984:Player,BR:0cc/cc/r130c/r299r1317f:3cAh,9dAd|/5sThAc/5h/3s:-529,529(-529.000000)
985:BR,Player:0cc/cr130c/cr299r8102f:8hAh,3cTd|/2hTsTc/5s:529,-529(529.000000)
986:Player,BR:0cc/cc/cr100c/cr14250f:9cTs,4d8c|/4hQcKd/As/2d:-200,200(-200.000000)
987:BR,Player:0r130c/cr460c/r2612f:ThKc,8hJs|/TsQhAd/Jd:690,-690(690.000000)
988:Player,BR:0cc/cc/r200r5284f:3hJc,5d8s|/2h7cTh/Js:-300,300(-300.000000)
989:BR,Player:0r130c/cr299c/cr687r5294f:5hJs,6dJc|/2d3dQh/Td:1216,-1216(1216.000000)
990:Player,BR:0cr200c/cc/r150r318r784f:TsAc,3cQc|/TcJhQs/Th:768,-768(768.000000)
991:BR,Player:0r130c/cc/r2014f:5cQd,7sKc|/3s5sAc/6s:230,-230(230.000000)
992:Player,BR:0cr300c/cc/r520r4005f:2cTc,3c4s|/2hJsJh/5d:-920,920(-920.000000)
993:BR,Player:0r200c/cr390c/r6042f:2cAs,8hTc|/2h5c7h/6d:690,-690(690.000000)
994:Player,BR:0cr300c/r800c/cr1485f:3h3c,6d8d|/4c6c8s/4h:-1200,1200(-1200.000000)
995:BR,Player:0r130c/cr299c/r374r2271r4517c/cr3735f:6s9c,4h4d|/4cTdKd/Kc/As:-7691,7691(-7691.000000)
996:Player,BR:0cr300c/cc/cr569c/cr11221f:9s9d,7hQd|/2s4hTh/Ts/5c:-969,969(-969.000000)
997:BR,Player:0cc/cc/r124c/r13879f:7h7d,6hAh|/4cTsKc/6s/2d:224,-224(224.000000)
998:Player,BR:0cc/cc/cr435f:9cKh,2cJs|/5s5cTd/6d:-100,100(-100.000000)
999:BR,Player:0r200c/cr390c/r100c/r1293f:5dTc,3d4c|/2h6hAs/8d/4s:790,-790(790.000000)
1000:Player,BR:0cc/cc/r130r130f:2s4c,7hKc|/3s3cJc/4h:-230,230(-230.000000)
RAW BR STATS: n=1000, sum=419540.000000, sum_sq=7927962536.000000, vr_sum=340783.022551, vr_sum_sq=5716920075.821723
BR STATS: 419.540000(172.568497), 340.783023(146.683276)
RESULTS
1)BR: 419540
2)Player: -419540
