In config file: GAME_DEF=game_def.fullholdem
In config file: ACTIONS_R0=C
In config file: ACTIONS_R1=F,C,0.05,0.0575,0.066125,0.07604375,0.087450313,0.100567859,0.115653038,0.133000994,0.152951143,0.175893815,0.202277887,0.23261957,0.267512505,0.307639381,0.353785288,0.406853081,0.467881044,0.5380632,0.61877268,0.711588582,0.81832687,0.9410759,1.082237285,1.244572878,1.43125881,1.645947631,1.892839776,2.176765742,2.503280603,2.878772694,3.310588598,3.807176888,4.378253421,5.034991434,5.790240149,6.658776171,7.657592597,8.806231486,10.12716621,11.64624114,13.39317731,15.40215391,17.71247699,20.36934854,23.42475083,26.93846345,30.97923297,35.62611791,40.9700356,47.11554094,54.18287208,62.31030289,71.65684832,82.40537557,94.76618191,A
In config file: ACTIONS_R2=F,C
In config file: ACTIONS_R3=F,C
Loading player: rgbr_nl_cprg.so
Player args: /home/viliam/cprg/project_uoapoker/trunk/src/c/meta_player.so /home/viliam/cprg/project_uoapoker/trunk/src/c/acpc14.map
Using seed 16.
1:Player,BR:0cc/cr3080f:3d4s,3c4c|/6cThJc:-100,100(-100.000000)
2:BR,Player:0cc/r1761f:5h8d,5dAh|/4sTdQh:100,-100(100.000000)
3:Player,BR:0cc/cr435c/r305f:3cKc,6c8d|/5s9cJc/9s:535,-535(535.000000)
4:BR,Player:0r200c/r2627f:2s3s,6s7d|/4c6c8h:300,-300(300.000000)
5:Player,BR:0cc/cr379f:4hTd,9dJs|/9hJdKh:-100,100(-100.000000)
6:BR,Player:0r130c/r163c/cc/cc:QcAh,3s3h|/2d4s8s/5d/9d:-393,393(-100.634159)
7:Player,BR:0cc/cr1761f:2hAs,3s3c|/7c8sQc:-100,100(-100.000000)
8:BR,Player:0r130c/r1751f:TdAh,8sKd|/2h6sTh:230,-230(230.000000)
9:Player,BR:0cc/cr876f:7cJs,3s7d|/2c9hAd:-100,100(-100.000000)
10:BR,Player:0r200c/r371c/cc/cr709f:8h9h,2sKs|/7d9cKd/4h/6h:-671,671(-671.000000)
11:Player,BR:0cc/cr876f:2h4s,4d6h|/3c8sJs:-100,100(-100.000000)
12:BR,Player:0r200c/r1306c/cr914c/cc:3c9c,6hJh|/3s4h6c/2s/Ks:-2520,2520(-2067.849288)
13:Player,BR:0cr200c/cr2284f:3c6d,7sAd|/8d9hAh:-300,300(-300.000000)
14:BR,Player:0r200c/r2627c/cc/cr6043f:3c9s,9dQc|/9hTdKs/4d/Jc:-2927,2927(-2927.000000)
15:Player,BR:0cc/cr876f:3d7h,3hQc|/7c8s9d:-100,100(-100.000000)
16:BR,Player:0f:7dKc,2s8d|:50,-50(50.000000)
17:Player,BR:0cc/cr876c/cc/r2014f:7s9c,9sTh|/7d9dKd/6c/As:976,-976(976.000000)
18:BR,Player:0cc/r1761f:9hAd,4c8h|/5h8dKh:100,-100(100.000000)
19:Player,BR:0cr300c/cr3503c/r3897c/r12200f:TdQd,9hJd|/3d8sTh/Qs/Qh:7800,-7800(7800.000000)
20:BR,Player:0r130c/r1001f:6hJc,3h7h|/5sTsTc:230,-230(230.000000)
21:Player,BR:0cr300c/cr1741c/cc/r1219c:6d7s,3hQc|/6c7dKs/Qh/5s:3360,-3360(369.153084)
22:BR,Player:0r130c/r2014f:4s9h,QsAd|/2sJsAc:230,-230(230.000000)
23:Player,BR:0cr130c/cr1001f:TsKd,4hTd|/2d3s4s:-230,230(-230.000000)
24:BR,Player:0r200c/r1306f:3cQh,7sAs|/6cKcAc:300,-300(300.000000)
25:Player,BR:0cc/cr1761f:2s7h,5cTc|/4sKsKc:-100,100(-100.000000)
26:BR,Player:0cc/r435f:3dJc,5dQh|/8c9cKh:100,-100(100.000000)
27:Player,BR:0cc/cr761r1239r1239f:4dAs,8cKc|/TsQcKh:-2100,2100(-2100.000000)
28:BR,Player:0r130c/r3522f:JsQs,7dQc|/5s8s9h:230,-230(230.000000)
29:Player,BR:0cc/cr1532f:5cQh,8s8d|/2s6d7h:-100,100(-100.000000)
30:BR,Player:0cc/r1761f:5cQh,4s9c|/7s8h8d:100,-100(100.000000)
31:Player,BR:0cc/cr216f:3h5c,ThTd|/5d9cQd:-100,100(-100.000000)
32:BR,Player:0r130c/r285f:ThTc,5sQh|/4h9sKd:230,-230(230.000000)
33:Player,BR:0cc/cr435f:6dAs,2s6h|/2h3hKd:-100,100(-100.000000)
34:BR,Player:0f:9hJs,2s9c|:50,-50(50.000000)
35:Player,BR:0cr300c/cr1741f:JcQc,5d6h|/5hTsAs:-400,400(-400.000000)
36:BR,Player:0r130c/r1001f:4h9d,JhAc|/2hQsQh:230,-230(230.000000)
37:Player,BR:0cc/cr1761f:7d9c,4cTc|/ThQhAd:-100,100(-100.000000)
38:BR,Player:0r130c/r2014f:3sTc,7cTh|/6h7sQs:230,-230(230.000000)
39:Player,BR:0cc/r200r200f:5h6s,3sTc|/2d2c8h:-300,300(-300.000000)
40:BR,Player:0r200c/r1306c/cc/cc:6sTs,JsAs|/2h5dAc/3d/Kc:-1606,1606(-1606.000000)
41:Player,BR:0cc/cr379c/cc/cc:7s9c,TcJd|/8hThKd/9h/Ac:-479,479(-198.746532)
42:BR,Player:0r200c/r2627f:2dAd,8dKs|/6cThQd:300,-300(300.000000)
43:Player,BR:0cr200c/cr1306c/cc/cc:AhAd,8hQs|/2d4hJd/4d/6h:1606,-1606(1606.000000)
44:BR,Player:0cc/r379c/cc/cc:AhAc,JhJd|/5sKhKc/9c/9s:479,-479(477.532521)
45:Player,BR:0cc/cr124f:3hQc,7cQs|/2s7dJc:-100,100(-100.000000)
46:BR,Player:0f:9h9d,2h3d|:50,-50(50.000000)
47:Player,BR:0cc/cr876f:6d9c,6hKd|/7s8c9h:-100,100(-100.000000)
48:BR,Player:0f:QsQh,2d5c|:50,-50(50.000000)
49:Player,BR:0cr300c/cr1741f:8sAc,5hTh|/3h6hQs:-400,400(-400.000000)
50:BR,Player:0r200c/r2627r17073f:3s7c,AhAd|/3d5sAs:-2927,2927(-2927.000000)
51:Player,BR:0cr300c/cr1741c/r1219c/r1680c:TcAs,2h6d|/2sTsKd/5d/5h:5040,-5040(841.588602)
52:BR,Player:0cc/r2679f:9hKc,5cQc|/9dKhAd:100,-100(100.000000)
53:Player,BR:0cc/cr876f:6hJc,6dQh|/2s4s5d:-100,100(-100.000000)
54:BR,Player:0r130c/r327f:TcQh,3dKc|/6hAdAc:230,-230(230.000000)
55:Player,BR:0cr300c/cr1514f:QcKc,TdAh|/3d7sAc:-400,400(-400.000000)
56:BR,Player:0r200c/r2627f:6d7s,3cQd|/5h8hJs:300,-300(300.000000)
57:Player,BR:0cr300c/r520r4005f:3d5c,QcKd|/9cKsAc:-920,920(-920.000000)
58:BR,Player:0r200c/r1136f:8cTs,4h4c|/2s5hTd:300,-300(300.000000)
59:Player,BR:0cc/cr1761f:2s7h,2dJd|/3d6h6c:-100,100(-100.000000)
60:BR,Player:0cc/r142c/cc/cr448f:5s9d,6sTs|/6cQhKc/Th/Ac:-242,242(-242.000000)
61:Player,BR:0cc/cr1761f:2hJs,3cQd|/6hKsAs:-100,100(-100.000000)
62:BR,Player:0r200c/r2627f:QhAh,KdAd|/2h9sJc:300,-300(300.000000)
63:Player,BR:0cr130c/r299r2303c/r2722f:QcKh,9sTc|/2sJsKd/3c:2832,-2832(2832.000000)
64:BR,Player:0r130c/r871f:4h7c,2dQs|/4s5h7s:230,-230(230.000000)
65:Player,BR:0cc/cr876f:3dQc,2h3h|/2c8sKc:-100,100(-100.000000)
66:BR,Player:0cc/r100c/cr260c/cr598c:QsKd,8cJd|/4h9sAc/3d/5d:1058,-1058(1058.000000)
67:Player,BR:0cc/cr379c/cc/cc:4dAc,2cKh|/4h5sKd/7d/8c:-479,479(-262.320630)
68:BR,Player:0cc/r3080f:2d5c,2c4c|/7cQsAh:100,-100(100.000000)
69:Player,BR:0cr300c/r520r2290f:2sJs,2c3s|/4d4cTs:-920,920(-920.000000)
70:BR,Player:0cc/r379c/cr121c/cc:2hKd,4s7c|/2d7hKh/4h/2s:600,-600(600.000000)
71:Player,BR:0cr200c/r600f:8sQc,2h6d|/TdJhAd:300,-300(300.000000)
72:BR,Player:0f:3cTs,2cTd|:50,-50(50.000000)
73:Player,BR:0cc/cr379f:4hAs,8hQc|/6cJsQh:-100,100(-100.000000)
74:BR,Player:0r130c/r1001f:7h9d,4hTh|/3cJsKh:230,-230(230.000000)
75:Player,BR:0cc/cr100f:8hJc,5sAd|/2s2c6s:-100,100(-100.000000)
76:BR,Player:0r130c/r2014f:3dAh,7hQh|/8hQsKs:230,-230(230.000000)
77:Player,BR:0cc/cr876c/cc/r974c:9dKc,2cAd|/8cTsQc/2h/3h:-1950,1950(-393.106309)
78:BR,Player:0r200c/r371c/cc/cr1729f:5s9h,KsAd|/4h9sAs/4c/Qs:-671,671(-671.000000)
79:Player,BR:0cc/cr1761f:3cAh,8sKs|/2d7dJc:-100,100(-100.000000)
80:BR,Player:0r130c/r871f:5hKh,6dAs|/8dQhKd:230,-230(230.000000)
81:Player,BR:0cr130c/cr2014f:6d7d,2dJh|/5d7h9s:-230,230(-230.000000)
82:BR,Player:0r200c/r2627f:4dTc,5sQh|/3hQcAd:300,-300(300.000000)
83:Player,BR:0cc/cr1761f:4s7d,5hAc|/4h8dKs:-100,100(-100.000000)
84:BR,Player:0r130c/r2014f:3hJs,JdKc|/2s6dQh:230,-230(230.000000)
85:Player,BR:0cc/cr876f:3sKc,5c8d|/8sTdAd:-100,100(-100.000000)
86:BR,Player:0r130c/r2014f:7d9d,TcJs|/4d5hQh:230,-230(230.000000)
87:Player,BR:0cc/cr2679f:2s8d,5cAh|/5h5dKd:-100,100(-100.000000)
88:BR,Player:0r130c/r2014f:2d7d,5cQs|/2cJdAs:230,-230(230.000000)
89:Player,BR:0cc/cr435f:2s9h,5dJc|/2c3cQc:-100,100(-100.000000)
90:BR,Player:0r130c/r1001c/cr1184f:5s7c,2cKc|/QcKhAd/5h:-1231,1231(-1231.000000)
91:Player,BR:0cc/cr876f:4cTd,6h7d|/5s8dQh:-100,100(-100.000000)
92:BR,Player:0r200c/r2284f:2sQd,9dAh|/2cThQc:300,-300(300.000000)
93:Player,BR:0cc/cr1761c/r1589c/r1725f:9hJd,TsKs|/7d8sJh/6s/6d:3450,-3450(3450.000000)
94:BR,Player:0r130c/r1001f:4c9h,3d9d|/5cJcKc:230,-230(230.000000)
95:Player,BR:0cc/cr1761f:4d7c,3h6s|/2h8hKc:-100,100(-100.000000)
96:BR,Player:0r130c/r2014f:6d7d,9sTs|/4d7hAs:230,-230(230.000000)
97:Player,BR:0cc/cr435c/r305f:5hAc,6c8h|/4h4dKc/Qc:535,-535(535.000000)
98:BR,Player:0r130c/r1751f:7cAh,6cTd|/2cKhAc:230,-230(230.000000)
99:Player,BR:0cc/cr876f:3sQh,2c8d|/2dTsQs:-100,100(-100.000000)
100:BR,Player:0r200c/r2627f:8s8h,KdAh|/3dTsAd:300,-300(300.000000)
101:Player,BR:0cc/cr876f:6d9c,8hAd|/5d6hJh:-100,100(-100.000000)
102:BR,Player:0r130c/r2014f:8hAh,JhKh|/2s9dJs:230,-230(230.000000)
103:Player,BR:0cc/cr1761f:3hJh,5d9s|/5c8cKc:-100,100(-100.000000)
104:BR,Player:0f:4d8d,3d9s|:50,-50(50.000000)
105:Player,BR:0cc/cr1761f:2d8d,7hTd|/4cQhQd:-100,100(-100.000000)
106:BR,Player:0r200c/r1306c/cc/cr3224f:5hKs,JsJc|/9hQhQd/4d/7c:-1606,1606(-1606.000000)
107:Player,BR:0cc/cr379f:3hTc,7cKs|/2h2d7s:-100,100(-100.000000)
108:BR,Player:0r130c/r1001f:5sKs,5cKd|/2s5hAc:230,-230(230.000000)
109:Player,BR:0cr600c/cr495f:3d6d,KhAc|/7s7hJd:-700,700(-700.000000)
110:BR,Player:0r130c/r285f:3c9c,7cAh|/5d9dQc:230,-230(230.000000)
111:Player,BR:0cc/cr1532f:2c8s,JdKh|/6sThJs:-100,100(-100.000000)
112:BR,Player:0r130c/r2014f:7dQh,9sKh|/4s9hAs:230,-230(230.000000)
113:Player,BR:0cr300c/cr3503f:9hKh,9dTs|/TdQdKc:-400,400(-400.000000)
114:BR,Player:0r200c/r1306f:9cJh,4c6c|/2h7hAs:300,-300(300.000000)
115:Player,BR:0cr300c/cr1741f:QhQd,7hKs|/2d3h6s:-400,400(-400.000000)
116:BR,Player:0r200c/r244c/cc/cc:2s2h,7h7c|/JsJdKh/2c/5s:544,-544(544.000000)
117:Player,BR:0cc/cr8194f:4s9c,TdAh|/2cThJh:-100,100(-100.000000)
118:BR,Player:0r130c/r19770c/cc/cc:8hTh,5c8s|/8d8cAd/Ts/Ac:0,-0(-4261.000850)
119:Player,BR:0cc/cr435f:2d6s,9dAc|/5sQcKs:-100,100(-100.000000)
120:BR,Player:0r130c/r871f:8cJh,7cQd|/2c3dJs:230,-230(230.000000)
121:Player,BR:0cc/cr435f:5hQc,5dAc|/4d6cJh:-100,100(-100.000000)
122:BR,Player:0r130c/r1001f:2c5h,6c7h|/TdJsKc:230,-230(230.000000)
123:Player,BR:0cc/cr876f:3hKd,3dKs|/3s6cQh:-100,100(-100.000000)
124:BR,Player:0r130c/r2014f:2cTh,6c7s|/4d4c9s:230,-230(230.000000)
125:Player,BR:0cc/cr761f:2d8c,JdAc|/5c9hJc:-100,100(-100.000000)
126:BR,Player:0r130c/r1001f:6h9d,3s4h|/6s8dQc:230,-230(230.000000)
127:Player,BR:0cr300c/cr1741c/r1219c/r1680c:8cAh,4sAs|/6h7h9s/2s/Kh:5040,-5040(3224.700697)
128:BR,Player:0r200c/r1306f:8hTs,4cQc|/2h4hJs:300,-300(300.000000)
129:Player,BR:0cc/cr876f:5sKh,2d4d|/3d6h9d:-100,100(-100.000000)
130:BR,Player:0r130c/r2014c/cr4633c/cc:2dTc,5cKh|/5h6cKs/Td/6h:-6877,6877(1409.738696)
131:Player,BR:0cr300c/cr1741c/cc/r2059f:8hTh,3d5d|/4h9s9h/7d/8c:2141,-2141(2141.000000)
132:BR,Player:0cc/r3080f:2h8s,3sQd|/6c9dJh:100,-100(100.000000)
133:Player,BR:0cc/cr3080f:6hQd,7sTh|/2d9hJd:-100,100(-100.000000)
134:BR,Player:0r130c/r1001f:3s4s,8h9c|/2s6cJh:230,-230(230.000000)
135:Player,BR:0cc/cr435f:3hAs,4cJd|/4h6h7s:-100,100(-100.000000)
136:BR,Player:0cc/r876c/cr974f:2cQh,7cTs|/3s4sTd/Tc:-976,976(-976.000000)
137:Player,BR:0cc/cr1761f:3dQd,7c8h|/5s6dTd:-100,100(-100.000000)
138:BR,Player:0r130c/r2014f:2hKc,2sTs|/8cTdAs:230,-230(230.000000)
139:Player,BR:0cc/cr876c/r584c/cc:9hTc,5d8h|/3s6dTh/2h/6h:1560,-1560(1560.000000)
140:BR,Player:0r200c/r1306c/cc/cc:7c8h,5cAc|/6c9hAs/Ts/7s:1606,-1606(1606.000000)
141:Player,BR:0cr130c/r299r2303f:9dTd,4d9h|/2h3s8s:-529,529(-529.000000)
142:BR,Player:0cc/r216c/cc/cc:7hAh,3s5d|/3h7dJd/6c/6s:316,-316(316.000000)
143:Player,BR:0cr200c/cr2627c/r1753c/cc:AsAh,4s4d|/2s2h3s/9s/8h:4680,-4680(1045.063500)
144:BR,Player:0f:QdAc,2c5s|:50,-50(50.000000)
145:Player,BR:0cr300c/cr1741c/r2059f:5sJs,7sTs|/3s6cKs/Qh:2141,-2141(2141.000000)
146:BR,Player:0r130c/r2014f:3sTh,8dJd|/4d7cAc:230,-230(230.000000)
147:Player,BR:0cc/cr216f:2h9d,4s6s|/3h6hAd:-100,100(-100.000000)
148:BR,Player:0f:3s5h,3h9c|:50,-50(50.000000)
149:Player,BR:0cc/cr876f:6s9h,5dQc|/5c8cTh:-100,100(-100.000000)
150:BR,Player:0r200c/r2627f:KhAs,4c5d|/3h6hTd:300,-300(300.000000)
151:Player,BR:0cr300c/cr495c/cc/r305c:8s8h,QsQd|/3hTsKh/5h/Kd:-1200,1200(-1030.268037)
152:BR,Player:0f:9sTc,3c7d|:50,-50(50.000000)
153:Player,BR:0cr200c/r390r1718f:JcAd,3sJd|/7h9dJs:-690,690(-690.000000)
154:BR,Player:0r200c/r1306c/cc/cc:QsAd,KsKh|/3c8d9c/4d/2c:-1606,1606(-1606.000000)
155:Player,BR:0cr200c/cr2627f:KcAs,5cKs|/6s9dQs:-300,300(-300.000000)
156:BR,Player:0f:2h4c,2s4h|:50,-50(50.000000)
157:Player,BR:0cc/cr3080f:7dTh,6h8s|/3sTdKc:-100,100(-100.000000)
158:BR,Player:0r130c/r1751f:QsQh,7cKd|/3s4cTc:230,-230(230.000000)
159:Player,BR:0cc/cr876f:2h8c,4sTc|/8s9cQc:-100,100(-100.000000)
160:BR,Player:0f:6sQh,2s4h|:50,-50(50.000000)
161:Player,BR:0cr130c/r299r753f:2c3c,8sQd|/JsKhAc:-529,529(-529.000000)
162:BR,Player:0r200c/r2627f:6h8d,5c7c|/4s7dQd:300,-300(300.000000)
163:Player,BR:0cr200c/cr1306f:JdJc,7s9s|/5dTsAh:-300,300(-300.000000)
164:BR,Player:0r130c/r1001c/cc/cr1184f:3hJc,9sAc|/QhKcAs/6d/7c:-1231,1231(-1231.000000)
165:Player,BR:0cc/cr1761f:7sJd,2s5h|/2c4cTc:-100,100(-100.000000)
166:BR,Player:0r130c/r2014f:5s6c,8dKs|/5cTsQh:230,-230(230.000000)
167:Player,BR:0cr200c/cr2284f:6s6d,KdAh|/9sJcAc:-300,300(-300.000000)
168:BR,Player:0r130c/r871f:5sKd,5c6c|/9sKsKh:230,-230(230.000000)
169:Player,BR:0cr200c/r900f:8cAs,4d4c|/8dQsAh:300,-300(300.000000)
170:BR,Player:0cc/r100c/cc/cc:2cTs,2hKc|/2d9hQc/Th/4d:200,-200(200.000000)
171:Player,BR:0cc/cr435f:9dKh,5cJs|/3cQsQc:-100,100(-100.000000)
172:BR,Player:0cc/r761f:9cAc,9sQc|/6sTdAh:100,-100(100.000000)
173:Player,BR:0cr300c/cr10715f:8sKh,5d7h|/5c7s9d:-400,400(-400.000000)
174:BR,Player:0r130c/r2014f:2sAd,3h7h|/5sQcKd:230,-230(230.000000)
175:Player,BR:0cr300c/cr3503f:5c7s,5s6d|/4s7cJc:-400,400(-400.000000)
176:BR,Player:0cc/r1761f:7dQc,3h5d|/4hJcKs:100,-100(100.000000)
177:Player,BR:0cr200c/r390r390c/cc/r576f:QcAh,3d8h|/2c6sQh/Jh/5h:1080,-1080(1080.000000)
178:BR,Player:0r200c/r2627f:3sKh,7dAh|/6c8hQs:300,-300(300.000000)
179:Player,BR:0cr300c/cr3503f:4h4d,JsAd|/5d8c9s:-400,400(-400.000000)
180:BR,Player:0r300c/r6126f:JsQs,4sKh|/7d9sJh:400,-400(400.000000)
181:Player,BR:0cc/cr435f:6cQh,4h8d|/5sTcJc:-100,100(-100.000000)
182:BR,Player:0f:5d6d,2h8d|:50,-50(50.000000)
183:Player,BR:0cc/cr435f:2c4h,5hTc|/4d8sQc:-100,100(-100.000000)
184:BR,Player:0r130c/r2014f:9hKs,5c9d|/6dTsJs:230,-230(230.000000)
185:Player,BR:0cc/cr19900f:6d8h,3hAd|/3dQcAs:-100,100(-100.000000)
186:BR,Player:0r130c/r1001f:8hKh,4cKs|/5c6cAs:230,-230(230.000000)
187:Player,BR:0cr600c/cr996c/cc/r1454f:8sKd,8dJd|/7cQhKh/9c/7s:1696,-1696(1696.000000)
188:BR,Player:0r130c/r2014f:5dQh,TdQc|/2s2dAd:230,-230(230.000000)
189:Player,BR:0cr600c/r1400r15990f:6d8d,TdJh|/4c9dAd:-2100,2100(-2100.000000)
190:BR,Player:0r130c/r1001f:7c9c,5h7d|/TsJdAd:230,-230(230.000000)
191:Player,BR:0cc/cr876f:JcKh,3sAs|/3c4s9d:-100,100(-100.000000)
192:BR,Player:0r200c/r2627f:4cJh,4hQc|/8hQhAd:300,-300(300.000000)
193:Player,BR:0cr200c/cr371f:2c9c,7s8s|/4s8hKd:-300,300(-300.000000)
194:BR,Player:0r130c/r2014f:7h9h,6dKh|/6cTsAs:230,-230(230.000000)
195:Player,BR:0cc/cr435c/cc/cc:6dJd,6sAh|/3d5h8d/8s/5d:535,-535(357.931562)
196:BR,Player:0r130c/r1001f:2dTc,3d5h|/5d9cAh:230,-230(230.000000)
197:Player,BR:0cc/cr1761f:4cTh,2h8d|/7dTsTc:-100,100(-100.000000)
198:BR,Player:0r130c/r163f:5cAd,3cJs|/4s4cKc:230,-230(230.000000)
199:Player,BR:0cc/cr876f:5hTc,5dTd|/2h7sAc:-100,100(-100.000000)
200:BR,Player:0r130c/cr299r1317f:JdQc,3d5d|/4s4cKh:529,-529(529.000000)
201:Player,BR:0cc/cr216f:2c7c,6cQd|/4d6sJh:-100,100(-100.000000)
202:BR,Player:0r130c/r1751f:8sTs,6c8h|/8cTdQh:230,-230(230.000000)
203:Player,BR:0cc/cr379c/r121c/r300c:2h9c,3c9d|/4d8h9h/4h/7d:0,-0(339.025542)
204:BR,Player:0r200c/r1306f:TsKh,4dQs|/3c6h8h:300,-300(300.000000)
205:Player,BR:0cc/cr876c/cc/r2924f:3c7c,2h7s|/3dQcKc/3h/3s:976,-976(976.000000)
206:BR,Player:0r130c/r2014f:3hKh,7dJh|/4dJdAs:230,-230(230.000000)
207:Player,BR:0cr200c/r600r600r2640r2640c/cc/r13220f:JdKd,2c6s|/2d9sTd/Ks/7d:6780,-6780(6780.000000)
208:BR,Player:0r200c/r1306f:3h6d,4h6c|/3s7d9s:300,-300(300.000000)
209:Player,BR:0cr200c/cr2627f:TdQd,2cJs|/4sTsKc:-300,300(-300.000000)
210:BR,Player:0r130c/r285c/cr543c/cc:4s6c,6hJs|/2h6s9d/5d/8s:-1058,1058(-865.056668)
211:Player,BR:0cc/cr2679f:8cQs,3sKs|/5d6s9s:-100,100(-100.000000)
212:BR,Player:0r130c/r327c/cr271f:6cTc,6hKs|/9hAsAh/5c:-557,557(-557.000000)
213:Player,BR:0cr300c/cr3503f:8d9s,5cTd|/8cJhQh:-400,400(-400.000000)
214:BR,Player:0r130c/cc/cc/cr299f:3h3d,TsTc|/4c7sJs/Qh/2h:-230,230(-230.000000)
215:Player,BR:0cc/cr761f:8hJd,8d9h|/6h7s8c:-100,100(-100.000000)
216:BR,Player:0r200c/r1306f:JhKh,4hJd|/8c9cAd:300,-300(300.000000)
217:Player,BR:0cr300c/cr3503f:9hAs,2d6s|/3h3d4d:-400,400(-400.000000)
218:BR,Player:0r130c/r1751f:7cAs,6h8h|/4hKsAc:230,-230(230.000000)
219:Player,BR:0cr300c/cr3503f:4s4c,3hJh|/8h9sQh:-400,400(-400.000000)
220:BR,Player:0r130c/r2014f:4h7c,6d8d|/5c9hKs:230,-230(230.000000)
221:Player,BR:0cr200c/cr1306f:8sKs,4sAd|/2d9sQc:-300,300(-300.000000)
222:BR,Player:0r200c/r2627f:3d5h,5d9s|/2d9dKc:300,-300(300.000000)
223:Player,BR:0cc/cr435f:2dTh,TcQc|/4s8sKd:-100,100(-100.000000)
224:BR,Player:0cc/r876f:ThJs,4c8h|/2s4h6c:100,-100(100.000000)
225:Player,BR:0cc/cr3080f:2h3c,4c7s|/8sThJd:-100,100(-100.000000)
226:BR,Player:0r200c/r1306c/cr3224c/cr15170f:9hKd,6c9d|/6s9cTs/6d/2h:-4830,4830(-4830.000000)
227:Player,BR:0cc/cr435f:3h6d,2h7h|/4s4cKh:-100,100(-100.000000)
228:BR,Player:0f:4d7s,2cJd|:50,-50(50.000000)
229:Player,BR:0cc/cr379f:3cQs,6c7c|/7s7h8h:-100,100(-100.000000)
230:BR,Player:0cc/r876c/cc/cc:4cJd,9hJc|/2d6s9c/2h/Js:-976,976(884.538500)
231:Player,BR:0cr130c/r299r19471f:4d6d,JhQs|/9sTdKs:-529,529(-529.000000)
232:BR,Player:0r200c/r2627f:JsQc,TdJc|/6sKsAd:300,-300(300.000000)
233:Player,BR:0cc/cr216c/cc/r134c:5dQc,8hAd|/3s8cKc/4c/5h:-450,450(-190.253592)
234:BR,Player:0cc/r1761f:4sJc,4hQh|/8c9hKc:100,-100(100.000000)
235:Player,BR:0cc/cr124c/cc/r100c:3cAh,8s9d|/9sKhKd/9c/Qd:-324,324(-323.183597)
236:BR,Player:0r130c/r1001c/cr1184c/cr4830c:4hKh,6cTd|/8cTsTh/Qs/2c:-7245,7245(-1926.814761)
237:Player,BR:0cc/cr1761f:2cJs,2h3d|/5s9sAd:-100,100(-100.000000)
238:BR,Player:0r130c/r2014f:5d9d,3hKc|/2d8dJc:230,-230(230.000000)
239:Player,BR:0cc/cr379c/cc/cc:3sJs,2dQc|/2s3hQh/4h/Qs:-479,479(-465.802433)
240:BR,Player:0cc/r1532f:QcKc,7hKs|/QdKhAc:100,-100(100.000000)
241:Player,BR:0cr200c/r390r854c/r112c/r828c:8cAc,JdJc|/4dAsAd/5d/6h:2484,-2484(332.115602)
242:BR,Player:0r130c/r1001f:5h8c,4c7c|/6s9dJc:230,-230(230.000000)
243:Player,BR:0cc/cr1761f:3cKs,7hJh|/2sTsKh:-100,100(-100.000000)
244:BR,Player:0cc/r3080f:4d5s,9cTd|/5c6sKs:100,-100(100.000000)
245:Player,BR:0cc/cr379f:3d5s,7hKs|/2h4hKh:-100,100(-100.000000)
246:BR,Player:0r200c/r2627f:9cAc,3hQs|/5sJdKc:300,-300(300.000000)
247:Player,BR:0cr300c/cr3503f:7dAs,8cKs|/2c4dQh:-400,400(-400.000000)
248:BR,Player:0r200c/r427f:2s2h,4hAs|/6s8d8c:300,-300(300.000000)
249:Player,BR:0cc/cr124c/cc/r376f:6hKs,TsJs|/4cJdKc/9h/8d:224,-224(224.000000)
250:BR,Player:0cc/r876f:ThAc,2h4h|/6d7cKc:100,-100(100.000000)
251:Player,BR:0cr600c/r1400r1400f:2d3c,7d9s|/3h5d9h:-2100,2100(-2100.000000)
252:BR,Player:0r130c/r285f:8sJd,9sKh|/6d8cAs:230,-230(230.000000)
253:Player,BR:0cc/cr876f:6c9d,2c7s|/2h5cAd:-100,100(-100.000000)
254:BR,Player:0r130c/r1001r18769f:6dQh,5s8s|/3s5h7s:-1231,1231(-1231.000000)
255:Player,BR:0cr200c/r900r5224f:8dQd,2d8h|/5dKsAd:-1200,1200(-1200.000000)
256:BR,Player:0f:JhAd,3d8s|:50,-50(50.000000)
257:Player,BR:0cc/cr876f:5cTh,3d9s|/7s8dTd:-100,100(-100.000000)
258:BR,Player:0r200c/r2627f:4d5s,4hJc|/3h9dKs:300,-300(300.000000)
259:Player,BR:0cc/cr3080f:5cKh,6d7d|/3s9cJs:-100,100(-100.000000)
260:BR,Player:0r130c/r1001f:3c6d,8hJd|/2cQcAd:230,-230(230.000000)
261:Player,BR:0cr600c/cr3047f:8h9d,9sQs|/4d5cTd:-700,700(-700.000000)
262:BR,Player:0cc/r142f:9hTc,7sJd|/5s5cAc:100,-100(100.000000)
263:Player,BR:0cc/cr876f:3c7c,2d3h|/5c8d9d:-100,100(-100.000000)
264:BR,Player:0cc/r124r236r236f:6cTd,3sKd|/5s6s9c:460,-460(460.000000)
265:Player,BR:0cr200c/cr1306f:8dAd,4d8h|/4sQcKs:-300,300(-300.000000)
266:BR,Player:0f:JsKd,2h6d|:50,-50(50.000000)
267:Player,BR:0cc/cr3080f:2c6s,3h9s|/8hKsAc:-100,100(-100.000000)
268:BR,Player:0r130c/r2014f:5cQc,8sKd|/3h6dJd:230,-230(230.000000)
269:Player,BR:0cc/cr876f:7dTc,9hKd|/4s5dTd:-100,100(-100.000000)
270:BR,Player:0r130c/r2014f:3cTc,JsKd|/5sKcAd:230,-230(230.000000)
271:Player,BR:0cr200c/cr1306f:QcAd,8sAh|/2d4sJd:-300,300(-300.000000)
272:BR,Player:0f:6hKh,2s4d|:50,-50(50.000000)
273:Player,BR:0cc/cr876f:4h8d,5h6s|/3dTsQc:-100,100(-100.000000)
274:BR,Player:0r130c/r498f:TdTc,8c9s|/4c5cQd:230,-230(230.000000)
275:Player,BR:0cr600c/r910r910f:4s5d,4dTc|/7c8dKs:-1610,1610(-1610.000000)
276:BR,Player:0r200c/r1306c/cc/cr3224c:3d9c,8c9d|/5s7hTd/Qc/Qs:-4830,4830(224.583050)
277:Player,BR:0cc/cr876f:2c3d,3h5h|/2s7hAd:-100,100(-100.000000)
278:BR,Player:0r130c/r1001c/cc/cc:KcAh,ThJc|/7c8cQs/Tc/3c:1231,-1231(1231.000000)
279:Player,BR:0cr200c/cr1306f:JhAd,2hKh|/3d7c9s:-300,300(-300.000000)
280:BR,Player:0cc/r1761f:5d8h,4s4c|/6h7sJh:100,-100(100.000000)
281:Player,BR:0cr300c/cr1741f:5d8s,TcJs|/3h4cQh:-400,400(-400.000000)
282:BR,Player:0r130c/r285r543r2634f:JcKd,4s5s|/5dKhAs:1058,-1058(1058.000000)
283:Player,BR:0cc/cr1532f:3s6s,JsAd|/TsJcQh:-100,100(-100.000000)
284:BR,Player:0cc/r142c/cc/cr448c:7hKc,3h6c|/3s4s4h/5s/5d:690,-690(-5.354629)
285:Player,BR:0cc/cr435f:3cQs,8cKc|/2d3d9d:-100,100(-100.000000)
286:BR,Player:0r130c/r1001f:2h5c,5hTs|/9hQcKh:230,-230(230.000000)
287:Player,BR:0cc/cr435f:3h5s,6c9d|/2d3sJd:-100,100(-100.000000)
288:BR,Player:0cc/r1761f:4s9c,TcQh|/7cKhKd:100,-100(100.000000)
289:Player,BR:0cr130c/r460r460c/cc/r2024f:6h7d,2d5d|/3d8d9s/Tc/Qs:1150,-1150(1150.000000)
290:BR,Player:0r130c/r3522c/cr100c/cr4400c:JcAc,3sQh|/2d2cQc/Qs/2h:-8252,8252(-3733.484400)
291:Player,BR:0cc/cr876f:6dAs,4d8s|/3s3cJs:-100,100(-100.000000)
292:BR,Player:0r200c/r1136f:8h8c,JhQh|/3c5d7d:300,-300(300.000000)
293:Player,BR:0cc/cr435c/cc/r515c:4cTc,8s8c|/JhKcAh/7c/9d:-1050,1050(-427.004350)
294:BR,Player:0f:5c6d,2cTh|:50,-50(50.000000)
295:Player,BR:0cc/cr124c/cc/cc:5c7d,7sKd|/5sKhAd/4s/3d:-224,224(-157.384227)
296:BR,Player:0cc/r435f:3s8d,3hTd|/4c9hAd:100,-100(100.000000)
297:Player,BR:0cr300c/r800r800f:7cTs,2h2c|/9cJcQs:-1200,1200(-1200.000000)
298:BR,Player:0r130c/r2014f:4sJd,5cQh|/2c3cTh:230,-230(230.000000)
299:Player,BR:0cr300c/cr3503f:9sTd,6s7c|/4c6h8h:-400,400(-400.000000)
300:BR,Player:0r200c/r1306f:8dKh,2cAd|/2h5h9s:300,-300(300.000000)
301:Player,BR:0cc/cr876f:2h7h,2d9h|/2c5cKc:-100,100(-100.000000)
302:BR,Player:0r130c/r871c/cr279c/cc:ThJd,JhAh|/5c9hJc/3s/Kh:-1380,1380(919.936542)
303:Player,BR:0cc/cr876f:3cQc,5dTd|/2s9cAh:-100,100(-100.000000)
304:BR,Player:0r130c/r2014f:5d7h,TsTc|/2dJhKh:230,-230(230.000000)
305:Player,BR:0cr300c/cr569f:2d5h,8dQh|/9s9cTs:-400,400(-400.000000)
306:BR,Player:0r200c/r2627f:2d4h,3c5h|/2sJhAs:300,-300(300.000000)
307:Player,BR:0cc/cr435f:4c9d,7sAs|/7h8cTh:-100,100(-100.000000)
308:BR,Player:0r130c/r871c/cr1015c/cc:9dQh,5c6h|/2h3d9c/Qd/3s:2116,-2116(2116.000000)
309:Player,BR:0cr300c/cr3503f:9dKd,3c6d|/4h5c8h:-400,400(-400.000000)
310:BR,Player:0r130c/r1001f:9dQd,7c9c|/5hThKd:230,-230(230.000000)
311:Player,BR:0cc/cr100f:4d5c,3d7h|/3s8dKc:-100,100(-100.000000)
312:BR,Player:0r130c/r327c/cc/cr1513f:4s9d,7hKd|/5h5c7d/3d/2h:-557,557(-557.000000)
313:Player,BR:0cc/cr1761f:3d4c,QhKd|/5h7dTh:-100,100(-100.000000)
314:BR,Player:0r200c/r1306f:9d9c,6dQs|/8dThQd:300,-300(300.000000)
315:Player,BR:0cc/cr876f:4h6s,3d8s|/7c9cKs:-100,100(-100.000000)
316:BR,Player:0r130c/r871c/cr279c/cr4140f:QcKs,4s8c|/3h3cKh/9h/7c:-1380,1380(-1380.000000)
317:Player,BR:0cc/cr379f:8dAs,5dKh|/7c9hKd:-100,100(-100.000000)
318:BR,Player:0r200c/r2627f:5h8c,JsJd|/9dKhKd:300,-300(300.000000)
319:Player,BR:0cr300c/cr3503f:3sAs,4h7d|/6sThJh:-400,400(-400.000000)
320:BR,Player:0r200c/r244c/cr356c/cr1170f:6s6c,4dQh|/7s7hQd/7d/As:-900,900(-900.000000)
321:Player,BR:0cc/cr876f:4s9s,2c7d|/5c8dAc:-100,100(-100.000000)
322:BR,Player:0r130c/r285c/cr543c/cc:9hTc,JsKc|/4s9sQc/4h/Kd:-1058,1058(-381.871298)
323:Player,BR:0cc/cr379f:5d6h,8dJh|/8hJcQd:-100,100(-100.000000)
324:BR,Player:0r130c/r285c/cr175c/cc:3sKh,QcKc|/2h3d9d/2d/6s:690,-690(250.797277)
325:Player,BR:0cr300c/cr569f:7cKd,6hAs|/3s8hTc:-400,400(-400.000000)
326:BR,Player:0r130c/r163r987r3435f:8dAc,8cQs|/4d7sJh:1380,-1380(1380.000000)
327:Player,BR:0cc/cr3080f:2s8h,2c3c|/ThJhAs:-100,100(-100.000000)
328:BR,Player:0r200c/r371c/cr229c/cc:6hQh,4s4c|/3hQcKs/2c/Kd:900,-900(738.479527)
329:Player,BR:0cc/cr876f:5s8c,QsQc|/5h6h9h:-100,100(-100.000000)
330:BR,Player:0r200c/r1136c/cr364c/cc:QhQc,KdAd|/6s6d7s/Ts/9d:1800,-1800(724.891816)
331:Player,BR:0cr300c/r800r2987f:4dKd,6d8d|/2d5s7h:-1200,1200(-1200.000000)
332:BR,Player:0r130c/r2014f:4h9s,5sJd|/5d8hAc:230,-230(230.000000)
333:Player,BR:0cc/cr876f:4sQd,2d5h|/2c6sTc:-100,100(-100.000000)
334:BR,Player:0r130c/cc/cr690f:8hTs,9dKd|/2c5hJs/Kc:-230,230(-230.000000)
335:Player,BR:0cc/cr124c/cc/r376f:7hJc,8sAs|/6s6cQh/4c/2d:224,-224(224.000000)
336:BR,Player:0r130c/r1001f:KhAs,6cJh|/7h9hQc:230,-230(230.000000)
337:Player,BR:0cr300c/cr3503f:JdKh,3c9c|/4hJsQd:-400,400(-400.000000)
338:BR,Player:0cc/r876f:4sTs,8sQc|/6h9sKc:100,-100(100.000000)
339:Player,BR:0cc/cr876f:3c4d,4sJh|/5c6s8h:-100,100(-100.000000)
340:BR,Player:0r130c/r1001f:2h3s,8cQd|/4d5h8d:230,-230(230.000000)
341:Player,BR:0cc/cr3080f:2s9d,5d8h|/4sThJs:-100,100(-100.000000)
342:BR,Player:0r130c/r1001f:5h6h,9sJs|/2d5dAd:230,-230(230.000000)
343:Player,BR:0cr200c/cr1306f:5dAs,2d4s|/8cTcJh:-300,300(-300.000000)
344:BR,Player:0r130c/r163c/cr665c/cr1375c:5d5c,7dTc|/2d8d9c/2s/5s:2433,-2433(2433.000000)
345:Player,BR:0cc/cr876f:2cKd,2s7s|/6d7h9s:-100,100(-100.000000)
346:BR,Player:0r130c/r1001f:4h9c,6s7d|/5h8hAh:230,-230(230.000000)
347:Player,BR:0cr200c/cr1306c/r914c/r1260c:9hAh,QsAc|/7h9sTd/2s/4d:3780,-3780(-254.700406)
348:BR,Player:0f:KcAh,2h8c|:50,-50(50.000000)
349:Player,BR:0cc/cr1761f:7dJh,3h6c|/2sTdJc:-100,100(-100.000000)
350:BR,Player:0cc/r435f:2s7h,QsKh|/4d6h9s:100,-100(100.000000)
351:Player,BR:0cc/cr8194f:4cQs,9cAd|/9hAsAh:-100,100(-100.000000)
352:BR,Player:0r200c/r427c/cc/cc:2s5s,5dKh|/7c9cKd/Ts/3d:-727,727(-727.000000)
353:Player,BR:0cc/cr876f:5dTc,4c5s|/6h8hQc:-100,100(-100.000000)
354:BR,Player:0r130c/r2014f:3c7h,6s9c|/4s8cTs:230,-230(230.000000)
355:Player,BR:0cc/r130r1001f:7h9c,4cKh|/6c8cTc:-230,230(-230.000000)
356:BR,Player:0r130c/r2014f:4hKh,4d5c|/5sJcQs:230,-230(230.000000)
357:Player,BR:0cc/cr124c/cc/r100c:2h6s,TsKc|/2dKhAs/5h/3h:-324,324(-181.588605)
358:BR,Player:0r200c/r2627f:7h9s,8dTh|/2dJcAd:300,-300(300.000000)
359:Player,BR:0cr600c/cr6130f:TdQd,5c9d|/5dThKc:-700,700(-700.000000)
360:BR,Player:0r300c/r1741f:6hJh,6cTd|/2c5h9d:400,-400(400.000000)
361:Player,BR:0cc/cr876f:5hQd,JcQh|/5d6cTh:-100,100(-100.000000)
362:BR,Player:0r130c/r2014f:2s2c,6hKc|/4d7dQs:230,-230(230.000000)
363:Player,BR:0cc/cr876f:5d7s,2sJc|/8dJdQd:-100,100(-100.000000)
364:BR,Player:0cc/r1761f:3dJs,6sJh|/2d5hTd:100,-100(100.000000)
365:Player,BR:0cr600c/cr866c/cc/r534f:2d3c,AsAd|/4cJcKc/9c/Ks:1566,-1566(1566.000000)
366:BR,Player:0r130c/r285c/cc/cc:7h8h,TcQc|/2c8dKs/8c/6s:515,-515(515.000000)
367:Player,BR:0cc/cr3080f:7cKh,5cAc|/3sThKc:-100,100(-100.000000)
368:BR,Player:0r130c/r1001f:7sJh,6cKc|/5h7h8s:230,-230(230.000000)
369:Player,BR:0cc/cr124c/cc/cc:6dKc,8d9h|/5s8cJc/Qd/Qc:-224,224(-171.902266)
370:BR,Player:0f:3cTh,2s5c|:50,-50(50.000000)
371:Player,BR:0cc/cr876f:8dKc,6s8s|/3c4d5h:-100,100(-100.000000)
372:BR,Player:0r130c/r1001f:4d5d,3s4h|/9sQsKc:230,-230(230.000000)
373:Player,BR:0cc/cr1761f:2c3d,2sKc|/ThKhAd:-100,100(-100.000000)
374:BR,Player:0r130c/r1001f:2cTc,6cTd|/3dJcKh:230,-230(230.000000)
375:Player,BR:0cr200c/r600r3918f:2c5d,JhAs|/7sQdKd:-900,900(-900.000000)
376:BR,Player:0r130c/r285c/cr175c/cc:ThTd,JcKs|/2d3sJh/Tc/As:690,-690(690.000000)
377:Player,BR:0cc/cr1532f:2d6d,8s8h|/6c7sTh:-100,100(-100.000000)
378:BR,Player:0cc/r100c/cr100c/cc:2dJc,3hJs|/2s3sTc/7h/6c:-300,300(-296.489258)
379:Player,BR:0cc/cr124c/cc/r376f:2h8c,6h6c|/2c7hKh/2d/7d:224,-224(224.000000)
380:BR,Player:0f:7d7c,2d5c|:50,-50(50.000000)
381:Player,BR:0cr200c/cr1306f:8sQs,6hKs|/3dTsAd:-300,300(-300.000000)
382:BR,Player:0r200c/r1306f:2s3h,3cAc|/4s6dQs:300,-300(300.000000)
383:Player,BR:0cr200c/cr1306f:6sKd,2dKc|/QsQhQd:-300,300(-300.000000)
384:BR,Player:0r130c/r285c/cr865c/cr1794f:7h8h,KsKh|/2s7dQs/4d/Jc:-1380,1380(-1380.000000)
385:Player,BR:0cc/cr876f:4cKs,3cTh|/TdJdQs:-100,100(-100.000000)
386:BR,Player:0r200c/r1306f:4s6s,6h9h|/3d6cQd:300,-300(300.000000)
387:Player,BR:0cc/cr379c/cc/cc:2h9h,5hQd|/2s2dQh/4c/Td:479,-479(-257.263928)
388:BR,Player:0r130c/r2014c/cr2241c/cc:4c5h,9dQc|/3s7d9c/5s/6c:4485,-4485(4411.563398)
389:Player,BR:0cc/cr1532f:7hTc,JhAs|/TdJsQd:-100,100(-100.000000)
390:BR,Player:0cc/r876r2014r2014f:8cJd,3h4c|/4hAhAd:2990,-2990(2990.000000)
391:Player,BR:0cc/cr1761f:4s8h,6c7h|/2h8dTd:-100,100(-100.000000)
392:BR,Player:0r130c/r498c/cc/cc:2sAh,4h6h|/4s9hAc/2d/9d:728,-728(576.194805)
393:Player,BR:0cc/cr379f:5sJc,3sQd|/7sQsAs:-100,100(-100.000000)
394:BR,Player:0f:TsAs,2c3h|:50,-50(50.000000)
395:Player,BR:0cc/cr876f:5d6c,3s6s|/5s8hJh:-100,100(-100.000000)
396:BR,Player:0r130c/r871c/cc/cc:3dAh,8sAs|/QsKhAc/2c/Kd:0,-0(539.919748)
397:Player,BR:0cc/cr124c/cc/r236c:7hQc,6cAs|/JhJdAd/7c/7s:460,-460(-375.768495)
398:BR,Player:0cc/r435c/cc/cc:7hQc,9cJs|/8d9dTc/Ts/5c:-535,535(-535.000000)
399:Player,BR:0cr600c/cr996c/cc/cc:AhAd,3h4s|/6d8h9s/Th/7h:0,-0(200.686476)
400:BR,Player:0r200c/r212c/cr523c/cc:KdAc,ThJs|/2c3cQh/5c/9s:1035,-1035(212.569080)
401:Player,BR:0cc/cr3080f:6sTd,2h8c|/6dJdQc:-100,100(-100.000000)
402:BR,Player:0r200c/r2627f:7hJs,9s9c|/3c4hKh:300,-300(300.000000)
403:Player,BR:0cc/cr435f:6c8s,4cJd|/8hQhAd:-100,100(-100.000000)
404:BR,Player:0r200c/r1306f:3sAs,3hQd|/JdQsKd:300,-300(300.000000)
405:Player,BR:0cc/cr876f:3sJd,QdKh|/7d9cAc:-100,100(-100.000000)
406:BR,Player:0r130c/r2014f:9cJc,4d9d|/5d6sKd:230,-230(230.000000)
407:Player,BR:0cr300c/r800r10508f:ThAd,2c4s|/2d5dTs:-1200,1200(-1200.000000)
408:BR,Player:0r130c/r1001c/cr3599f:8dJd,5dTs|/4s5s9c/6d:-1231,1231(-1231.000000)
409:Player,BR:0cc/cr876f:3dTh,JcKd|/2s3h5h:-100,100(-100.000000)
410:BR,Player:0r130c/r1001f:3h7h,JsKs|/2c4c6d:230,-230(230.000000)
411:Player,BR:0cr600c/cr1515c/cc/cc:8h8d,3cTh|/2s2dTd/Jh/7h:-2215,2215(-1148.198137)
412:BR,Player:0r200c/r5284f:2h2c,5h6h|/3h9cAh:300,-300(300.000000)
413:Player,BR:0cc/cr876f:2d3c,8sTd|/6h9cAc:-100,100(-100.000000)
414:BR,Player:0cc/r1761f:8sTs,5h6d|/6cJcKc:100,-100(100.000000)
415:Player,BR:0cc/cr876f:3c6d,2cQc|/5c9hAd:-100,100(-100.000000)
416:BR,Player:0cc/r435f:QhKd,3dTh|/3c5c8d:100,-100(100.000000)
417:Player,BR:0cc/cr1761f:4s5c,5d9c|/4hKhKc:-100,100(-100.000000)
418:BR,Player:0r130c/r1001f:6s8h,7sJh|/3s5cKc:230,-230(230.000000)
419:Player,BR:0cc/cr876f:4sKd,8dQd|/8hTdAs:-100,100(-100.000000)
420:BR,Player:0r130c/r1001f:4d5c,9hAs|/8dThAd:230,-230(230.000000)
421:Player,BR:0cc/cr761c/r100c/cc:2dJs,AdAc|/2s9cTs/Th/8c:-961,961(-259.367773)
422:BR,Player:0r200c/r1306f:9dQh,9cAd|/7hThJc:300,-300(300.000000)
423:Player,BR:0cc/cr124f:2sTd,2dJs|/5hJhQs:-100,100(-100.000000)
424:BR,Player:0r130c/r2014f:5c6d,5s6h|/8hThJs:230,-230(230.000000)
425:Player,BR:0cc/cr2679f:2s9h,QsKd|/5sKcAd:-100,100(-100.000000)
426:BR,Player:0r130c/r1001f:8hTs,QcKs|/2s5sJh:230,-230(230.000000)
427:Player,BR:0cr600c/r1400r1400f:JcQh,5s5d|/2h4h7d:-2100,2100(-2100.000000)
428:BR,Player:0r130c/r1001f:3d9s,3sAd|/4s6d7s:230,-230(230.000000)
429:Player,BR:0cr300c/cr1741f:2d2c,5sAs|/TsTcQd:-400,400(-400.000000)
430:BR,Player:0r300c/r1741c/cr2059f:8dKs,QsAc|/5hTdQd/2s:-2141,2141(-2141.000000)
431:Player,BR:0cc/cr876f:7cQd,JcAc|/6s8dTh:-100,100(-100.000000)
432:BR,Player:0f:7cKs,2d5c|:50,-50(50.000000)
433:Player,BR:0cc/cr876c/cc/r974f:8sKh,2cJd|/6d9sKc/2h/3h:976,-976(976.000000)
434:BR,Player:0cc/r379c/cr121c/cr1200c:JdQs,5h9s|/8cTsJs/Jc/Kd:1800,-1800(1623.065235)
435:Player,BR:0cr600c/cr3047r7523f:AhAd,3cQc|/5c6h9s:3747,-3747(3747.000000)
436:BR,Player:0r130c/r2014f:QdKd,5cTh|/4hTsJd:230,-230(230.000000)
437:Player,BR:0cc/cr379c/cc/cc:2d7d,8hQh|/2h8dKc/7s/6s:479,-479(-221.288637)
438:BR,Player:0f:JcAc,2h5s|:50,-50(50.000000)
439:Player,BR:0cc/cr876f:3hKs,6cJs|/7d7cKd:-100,100(-100.000000)
440:BR,Player:0r130c/r2014f:8sKs,2cQc|/4h5sQs:230,-230(230.000000)
441:Player,BR:0cc/cr876f:7hJs,6dJc|/3s8dTc:-100,100(-100.000000)
442:BR,Player:0f:6cQd,2dTs|:50,-50(50.000000)
443:Player,BR:0cc/cr1761f:TdJs,3hAs|/7c8dQs:-100,100(-100.000000)
444:BR,Player:0r200c/r1306f:6s9h,6d9c|/3c4sJh:300,-300(300.000000)
445:Player,BR:0cc/cr8194f:3hTs,JcAc|/8hQcKc:-100,100(-100.000000)
446:BR,Player:0r130c/r285c/cc/cc:7d8s,5cJs|/9hThJh/4h/Ad:515,-515(281.146404)
447:Player,BR:0cc/cr3080f:6hAc,5c6c|/8c9s9d:-100,100(-100.000000)
448:BR,Player:0f:9cQd,3h7s|:50,-50(50.000000)
449:Player,BR:0cc/cr876f:3d8s,2hAs|/4h6c8c:-100,100(-100.000000)
450:BR,Player:0r130c/r285c/cc/cr175f:KsKc,7sAh|/JdJcAs/Qd/3c:-515,515(-515.000000)
451:Player,BR:0cc/cr3080f:6hKd,3c8h|/4h9cJd:-100,100(-100.000000)
452:BR,Player:0f:4sKs,4c9s|:50,-50(50.000000)
453:Player,BR:0cc/cr1761f:5hTs,6hAh|/3c8cKh:-100,100(-100.000000)
454:BR,Player:0r130c/cr299r4632f:4sAs,7cTc|/3d8sQh:529,-529(529.000000)
455:Player,BR:0cc/cr435f:3c4s,6sAc|/7sJdKc:-100,100(-100.000000)
456:BR,Player:0r130c/r1001c/cr1184f:4c5c,5h8h|/4s7h9s/Kc:-1231,1231(-1231.000000)
457:Player,BR:0cc/cr876f:2c4h,3s4d|/2d5hTc:-100,100(-100.000000)
458:BR,Player:0r200c/r2627f:2d7d,9cTc|/5s6dQh:300,-300(300.000000)
459:Player,BR:0cc/cr1761f:3h5d,9hKh|/5c6dAh:-100,100(-100.000000)
460:BR,Player:0r130c/r2014c/cc/cr4633f:2s3h,QhKh|/5cQcAd/6h/9d:-2244,2244(-2244.000000)
461:Player,BR:0cr600c/cr3047f:2h3s,3h3d|/2c4sAs:-700,700(-700.000000)
462:BR,Player:0cc/r124c/cc/cr236c:2sQc,2cQd|/3cTdQs/3d/8c:0,-0(279.135652)
463:Player,BR:0cr200c/cr1306c/r914f:QdAh,9sTc|/5h5dAd/2d:1606,-1606(1606.000000)
464:BR,Player:0r130c/r498f:QcAs,2c3c|/8cTsQs:230,-230(230.000000)
465:Player,BR:0cc/cr1761f:4s9h,4c6d|/2d9cQh:-100,100(-100.000000)
466:BR,Player:0r200c/r427c/cr623f:5dJc,4h7h|/3hAdAc/2c:-727,727(-727.000000)
467:Player,BR:0cr200c/cr100c/cc/cc:TsAd,6s6h|/2d8sKd/7d/Kh:-400,400(-189.431381)
468:BR,Player:0r200c/r1306f:8cAd,6h9d|/3h4h6s:300,-300(300.000000)
469:Player,BR:0cr300c/cr1741f:6dKd,7dTd|/9hJsQd:-400,400(-400.000000)
470:BR,Player:0f:2d3h,3s8c|:50,-50(50.000000)
471:Player,BR:0cc/cr435f:2cTd,2s7s|/7h9hJs:-100,100(-100.000000)
472:BR,Player:0f:4c6h,3d9c|:50,-50(50.000000)
473:Player,BR:0cr130c/cr1001f:8dTh,4d5c|/2c3s7d:-230,230(-230.000000)
474:BR,Player:0r130c/r871f:QsQc,3dAc|/7cThTd:230,-230(230.000000)
475:Player,BR:0cc/r130c/r460f:TsKh,4dQs|/2hJcKd/5d:230,-230(230.000000)
476:BR,Player:0r200c/r1306f:2sAs,3s4c|/8dTsTd:300,-300(300.000000)
477:Player,BR:0cc/cr876f:2s7h,6d7s|/6h9sAh:-100,100(-100.000000)
478:BR,Player:0r200c/r1306f:7d9s,4sKh|/2d4cQc:300,-300(300.000000)
479:Player,BR:0cc/cr761f:5d6h,KcAh|/8s9cKs:-100,100(-100.000000)
480:BR,Player:0r200c/r1306f:5hKh,5sKs|/4d5cAd:300,-300(300.000000)
481:Player,BR:0cc/cr876c/cc/r2014f:5dAs,5h9c|/TsJdKs/Td/6h:976,-976(976.000000)
482:BR,Player:0f:2hAd,2s4d|:50,-50(50.000000)
483:Player,BR:0cr600c/cr1742f:6h9h,3s6d|/5dKsAh:-700,700(-700.000000)
484:BR,Player:0r200c/r244c/cc/cc:3sTs,9dJc|/3h9sKc/8s/Qc:-544,544(-346.177599)
485:Player,BR:0cr200c/r600r1281f:JcKh,9cTh|/3sQdKd:-900,900(-900.000000)
486:BR,Player:0r200c/r1306f:3s9s,9cTc|/2s2cJs:300,-300(300.000000)
487:Player,BR:0cr300c/cr3046f:4h5d,9dQc|/3c8d9h:-400,400(-400.000000)
488:BR,Player:0r130c/r1001r2472f:2d6h,7s8c|/4c6c7h:-1231,1231(-1231.000000)
489:Player,BR:0cc/cr216c/cc/cc:2hTd,2c6s|/2sThTc/Ac/9c:316,-316(-113.307561)
490:BR,Player:0r200c/r14055f:9hKd,7hQd|/2h9dKc:300,-300(300.000000)
491:Player,BR:0cr200c/cr1136f:4h8s,2hQd|/5s5cQc:-300,300(-300.000000)
492:BR,Player:0r130c/r19770f:4dKh,ThQd|/3s4hKs:230,-230(230.000000)
493:Player,BR:0cr300c/r800r2987f:2hJh,9dKc|/2d4s7c:-1200,1200(-1200.000000)
494:BR,Player:0r130c/r1001f:QcKh,3sTs|/7cTdJh:230,-230(230.000000)
495:Player,BR:0cc/cr100c/cc/r400c:JhKd,8hAs|/4s4dQs/Ts/9c:600,-600(10.387805)
496:BR,Player:0r130c/r327r1030r2259f:JhQd,6s7d|/2cTsTh:1587,-1587(1587.000000)
497:Player,BR:0cr200c/cr1136f:7cAc,5cKh|/9sQdKd:-300,300(-300.000000)
498:BR,Player:0f:7dTs,2s6d|:50,-50(50.000000)
499:Player,BR:0cr200c/cr2627f:2sTc,7h7d|/8h9cAd:-300,300(-300.000000)
500:BR,Player:0r200c/r1306c/cr4694f:8sQd,7d8h|/3h7cKc/7s:-1606,1606(-1606.000000)
501:Player,BR:0cc/cr1761f:4dAh,6dAs|/3c9dQs:-100,100(-100.000000)
502:BR,Player:0r130c/r285f:7s7d,7hTd|/3s3hQs:230,-230(230.000000)
503:Player,BR:0cr200c/cr2627f:4d6d,2hQs|/3s7dKd:-300,300(-300.000000)
504:BR,Player:0r130c/r6161f:2dKd,4c5h|/QcKhKc:230,-230(230.000000)
505:Player,BR:0cc/cr124f:5cJs,AhAd|/3s3hKh:-100,100(-100.000000)
506:BR,Player:0r130c/r2014f:4h5c,TdAs|/7h8dQc:230,-230(230.000000)
507:Player,BR:0cr200c/cr747c/r393c/r1872c:5sAh,QcKc|/8s8cAs/8h/Jd:3312,-3312(395.767820)
508:BR,Player:0r130c/r871f:8sKc,4hJd|/5c6dKd:230,-230(230.000000)
509:Player,BR:0cc/cr1761r7339f:TcKh,4d4c|/5hThAh:1861,-1861(1861.000000)
510:BR,Player:0r200c/r371c/cc/cc:7cAc,7sAs|/2d3h3c/6s/9d:0,-0(2.167198)
511:Player,BR:0cr300c/cr1741f:5c7c,6d7d|/2hTcQh:-400,400(-400.000000)
512:BR,Player:0f:7d8c,3c9d|:50,-50(50.000000)
513:Player,BR:0cr200c/cr1306f:3dTd,6c8c|/5c6s9s:-300,300(-300.000000)
514:BR,Player:0cc/r1761f:3dAd,8cTh|/4d8d9s:100,-100(100.000000)
515:Player,BR:0cc/cr379c/r121c/cc:8cTs,JsJc|/4c8sAs/6d/9c:-600,600(-549.678051)
516:BR,Player:0r200c/r371c/cr100c/cc:8s8h,8dJh|/2h7hQh/Jd/9c:-771,771(281.890088)
517:Player,BR:0cr200c/r600r2240c/cc/r1180f:9sTs,4h7h|/4d9cTd/Jh/Qs:3140,-3140(3140.000000)
518:BR,Player:0r130c/r2014f:4dJh,8cKs|/2d7hAd:230,-230(230.000000)
519:Player,BR:0cc/cr435f:9dTs,TcJd|/3h4sQd:-100,100(-100.000000)
520:BR,Player:0f:6sJc,2h9c|:50,-50(50.000000)
521:Player,BR:0cc/cr379f:4dKd,8dTd|/2c8hJd:-100,100(-100.000000)
522:BR,Player:0r130c/r498f:JhQd,4dTd|/9h9cJs:230,-230(230.000000)
523:Player,BR:0cc/cr379c/cc/r441c:3h9s,7cKc|/4h9dKh/5c/4c:-920,920(-78.319123)
524:BR,Player:0r130c/r285f:7cAs,5dQc|/2s9s9h:230,-230(230.000000)
525:Player,BR:0cr200c/cr1306c/r1544c/r630c:8dJd,4h6c|/2s4d5d/Qs/3h:-3780,3780(-3171.897846)
526:BR,Player:0r200c/r1306f:8dKd,4cAh|/3s5hQc:300,-300(300.000000)
527:Player,BR:0cc/cr876f:4sTd,2d4c|/2s3d8s:-100,100(-100.000000)
528:BR,Player:0r130c/r2014f:2cQd,9sJs|/4d9dKc:230,-230(230.000000)
529:Player,BR:0cc/cr876c/r584c/r780f:5c9h,6hKd|/7h8dJc/8c/3s:1560,-1560(1560.000000)
530:BR,Player:0r200c/r1306f:5hAh,TcAc|/2s5s9d:300,-300(300.000000)
531:Player,BR:0cr600c/r2100r2100f:2d3d,4dAh|/3cJcKd:-2800,2800(-2800.000000)
532:BR,Player:0r130c/r573f:5sKd,3cQc|/7s9hAh:230,-230(230.000000)
533:Player,BR:0cc/cr876f:3hKc,JsKs|/6s9cQd:-100,100(-100.000000)
534:BR,Player:0r200c/r1306c/cc/cr3224c:6hKd,8s9s|/5c7sQh/2d/7d:4830,-4830(851.781737)
535:Player,BR:0cr300c/cr1741c/r1219c/cc:JhKs,4c8h|/4s6sQs/Ah/5c:-3360,3360(2907.434517)
536:BR,Player:0r130c/r1001f:6sQh,4s5d|/TdKhAc:230,-230(230.000000)
537:Player,BR:0cc/cr435c/cc/cc:2dJs,4d5h|/2s8h9h/Ad/5s:-535,535(-400.952044)
538:BR,Player:0cc/r876f:9s9c,ThKd|/3h5hQh:100,-100(100.000000)
539:Player,BR:0cr200c/cr2627f:QsQd,3h5h|/8dThAs:-300,300(-300.000000)
540:BR,Player:0r130c/r285c/cr175c/cc:7d9c,7cKs|/4h7hJc/Qh/5c:-690,690(-152.082584)
541:Player,BR:0cr600c/cr3047f:TdAs,9sAd|/3h7cKd:-700,700(-700.000000)
542:BR,Player:0r130c/r1001c/cr5209f:7sKh,TdJs|/5d8dQh/9s:-1231,1231(-1231.000000)
543:Player,BR:0cc/r200r16163f:8dJh,7hAs|/8h9dJd:-300,300(-300.000000)
544:BR,Player:0cc/r124c/cc/cc:KcAh,2sKh|/4s4h6c/3s/6d:224,-224(144.744878)
545:Player,BR:0cc/cr435f:4h8h,3s8d|/6d6c9d:-100,100(-100.000000)
546:BR,Player:0r130c/r2014c/cc/cc:2dAs,TcQd|/5h6cQc/Ks/Ac:2244,-2244(1867.073883)
547:Player,BR:0cc/cr124r376r4569f:2d7d,8dKs|/3sKdAs:-600,600(-600.000000)
548:BR,Player:0r130c/r1751f:KhAc,3h5d|/3s4cKd:230,-230(230.000000)
549:Player,BR:0cr300c/cr3503f:4d7d,6cTc|/4c5sJs:-400,400(-400.000000)
550:BR,Player:0r130c/r871f:JsKs,TdQs|/5h7sKc:230,-230(230.000000)
551:Player,BR:0cr200c/cr2627f:7hAh,4h5s|/4sTsKc:-300,300(-300.000000)
552:BR,Player:0r130c/r2014f:5h9s,4dKs|/2dJdJc:230,-230(230.000000)
553:Player,BR:0cr300c/r520r4005c/r2803c/r10046c:4c6c,JsQc|/2h3c8c/9s/8d:-17774,17774(-6544.593128)
554:BR,Player:0r130c/r2014c/cr4633f:3s7d,3dQc|/3c4cKs/Qd:-2244,2244(-2244.000000)
555:Player,BR:0cc/cr142c/cc/cc:3sKh,9dJd|/TsTdQc/2h/7s:242,-242(220.330611)
556:BR,Player:0r130c/r1001f:3c6h,8s8h|/ThTcAc:230,-230(230.000000)
557:Player,BR:0cr300c/r520r4005f:JdAd,3c5h|/4cQsQh:-920,920(-920.000000)
558:BR,Player:0f:4sJd,2cTs|:50,-50(50.000000)
559:Player,BR:0cc/cr876f:2hTc,3h6d|/4d9dTd:-100,100(-100.000000)
560:BR,Player:0r130c/r1001c/cc/cc:8sTs,5s7c|/4h6d7h/2h/Ks:-1231,1231(-1231.000000)
561:Player,BR:0cc/cr435f:4c7h,2d9s|/8s9dJd:-100,100(-100.000000)
562:BR,Player:0r300c/r495f:9dAs,7hJs|/3h6dAh:400,-400(400.000000)
563:Player,BR:0cc/cr1761f:2c4s,2s5c|/4h7hAs:-100,100(-100.000000)
564:BR,Player:0cc/r379f:7dAs,6cTc|/2s3cAh:100,-100(100.000000)
565:Player,BR:0cc/cr876f:2c6d,3d5d|/5h8cQh:-100,100(-100.000000)
566:BR,Player:0f:7d8c,3c9h|:50,-50(50.000000)
567:Player,BR:0cc/cr876f:3dJc,6sJs|/3h9dTc:-100,100(-100.000000)
568:BR,Player:0r130c/r2014f:6sJh,TdQh|/4h7d9s:230,-230(230.000000)
569:Player,BR:0cr300c/r520r520r4080f:KhAs,4sQh|/9sAhAd:1440,-1440(1440.000000)
570:BR,Player:0r130c/r100c/cc/cc:6cAc,3hAd|/7sTsTd/Qc/Qd:0,-0(156.113802)
571:Player,BR:0cr200c/cr5284f:TsAh,9hJc|/3h8dKd:-300,300(-300.000000)
572:BR,Player:0cc/r876f:8cAh,6h8s|/4c9cQd:100,-100(100.000000)
573:Player,BR:0cr300c/cr996c/cc/r2284f:TdJs,4dAc|/9dTsJh/2c/6c:1396,-1396(1396.000000)
574:BR,Player:0r200c/r427c/cr623f:TdJd,TsJs|/6cKsKd/2h:-727,727(-727.000000)
575:Player,BR:0cc/cr124c/cc/cc:4h8h,2d8s|/4s8dQh/3h/Kh:224,-224(-101.771757)
576:BR,Player:0cc/r216c/cc/cc:6dAd,6hJh|/2s6s8c/7h/Ks:316,-316(171.370862)
577:Player,BR:0cc/cr9423r10477f:ThJd,2s8d|/TdJsAc:9523,-9523(9523.000000)
578:BR,Player:0r130c/r573f:3s7s,6dQs|/7c9sJh:230,-230(230.000000)
579:Player,BR:0cc/cr876f:9dKh,2d5s|/3c5h7d:-100,100(-100.000000)
580:BR,Player:0f:5hKh,2c4s|:50,-50(50.000000)
581:Player,BR:0cr600c/cr3047f:QdKh,TdQc|/2s5s9d:-700,700(-700.000000)
582:BR,Player:0r130c/r1001f:7cTh,8sJh|/3c8dQc:230,-230(230.000000)
583:Player,BR:0cc/cr100f:3s8h,2hAc|/5dKsKd:-100,100(-100.000000)
584:BR,Player:0r130c/r2014f:4h7s,7hAh|/2h7d9d:230,-230(230.000000)
585:Player,BR:0cr200c/cr1306f:5d7c,6dTc|/JcQhKh:-300,300(-300.000000)
586:BR,Player:0r130c/r2014f:3c6d,JsJc|/2d5dKs:230,-230(230.000000)
587:Player,BR:0cc/cr216c/cc/cc:2dQd,TsTh|/2h9sJc/5c/Kc:-316,316(-230.346921)
588:BR,Player:0r200c/r1306f:2h8h,TsAs|/6c8cAc:300,-300(300.000000)
589:Player,BR:0cc/cr876f:3d4c,6cQs|/2h3c5c:-100,100(-100.000000)
590:BR,Player:0f:2d5h,2c6s|:50,-50(50.000000)
591:Player,BR:0cc/cr876f:3s9d,4dAh|/8s9hQs:-100,100(-100.000000)
592:BR,Player:0r130c/r1001c/cc/cc:3dAc,7cAs|/3c7hJs/8h/6h:-1231,1231(-1134.088256)
593:Player,BR:0cc/cr3080f:7hTs,3c8h|/4sThKd:-100,100(-100.000000)
594:BR,Player:0r200c/r1306f:7cTd,4s6c|/3h6s8d:300,-300(300.000000)
595:Player,BR:0cc/cr876f:6hJs,QhKc|/4d8dTh:-100,100(-100.000000)
596:BR,Player:0f:9hKh,2c5d|:50,-50(50.000000)
597:Player,BR:0cr600c/cr1742c/r918f:6d6c,7hQc|/4d8hAs/5h:2442,-2442(2442.000000)
598:BR,Player:0r130c/r2014f:7s8d,9cQs|/6s7hKs:230,-230(230.000000)
599:Player,BR:0cc/cr435f:3s5c,7cQh|/6d8sJc:-100,100(-100.000000)
600:BR,Player:0r300c/r3503c/cr16097f:3s8d,3c4c|/2cJcKh/6c:-3903,3903(-3903.000000)
601:Player,BR:0cc/cr876f:2hQd,5h9s|/3hTcKh:-100,100(-100.000000)
602:BR,Player:0r130c/r285c/cc/cc:5cTd,JcQd|/8dThAs/Ad/3s:515,-515(515.000000)
603:Player,BR:0cc/cr1532f:4c6s,JdAh|/2d7hJs:-100,100(-100.000000)
604:BR,Player:0r130c/r1001f:8hAc,4s8s|/5d7d9h:230,-230(230.000000)
605:Player,BR:0cr300c/r520r19080c/cc/cc:3h3d,6c8d|/3s6d8h/4s/8s:-20000,20000(-20000.000000)
606:BR,Player:0r200c/r427c/cr353c/cr540c:2cKs,7cAs|/8s8dQs/Kd/Jd:1620,-1620(1411.803286)
607:Player,BR:0cc/cr19900f:2cTd,3c6h|/2h4d5h:-100,100(-100.000000)
608:BR,Player:0r130c/r871f:TdAc,6hJc|/9hQhAh:230,-230(230.000000)
609:Player,BR:0cc/cr379f:3sTc,8h9c|/2c6h8c:-100,100(-100.000000)
610:BR,Player:0r130c/r2014f:8dTh,9dQs|/6dKdAs:230,-230(230.000000)
611:Player,BR:0cr300c/cr3503c/cc/r8057f:JsAd,2cJc|/QhKcAh/As/7d:3903,-3903(3903.000000)
612:BR,Player:0cc/r19900f:8d8c,4d9c|/5s5c8h:100,-100(100.000000)
613:Player,BR:0cr200c/cr1136c/r100c/r624f:QdKs,4dKd|/5dQhKh/3d/Tc:1536,-1536(1536.000000)
614:BR,Player:0r130c/r498f:5d7c,6dQd|/2s2d5s:230,-230(230.000000)
615:Player,BR:0cc/cr379f:5dJs,9hKd|/JcQsKs:-100,100(-100.000000)
616:BR,Player:0cc/r435f:2s3d,2cQh|/3c9cTh:100,-100(100.000000)
617:Player,BR:0cr300c/cr866c/cc/r1494c:JhKh,6sKd|/9hQsKs/3s/4d:2760,-2760(1148.141335)
618:BR,Player:0r200c/r2627f:5dKs,3hJh|/9cThQs:300,-300(300.000000)
619:Player,BR:0cc/cr876f:3s9c,7hTc|/7c8dAd:-100,100(-100.000000)
620:BR,Player:0f:2hJc,2d4s|:50,-50(50.000000)
621:Player,BR:0cc/cr3080f:4d7s,4s5h|/4c9sTc:-100,100(-100.000000)
622:BR,Player:0cc/r1532f:JdJc,4h7c|/2h7hTc:100,-100(100.000000)
623:Player,BR:0cc/cr876f:2s8h,2cKc|/5h6d8s:-100,100(-100.000000)
624:BR,Player:0r200c/r649f:4h9c,5sJh|/7h7c9s:300,-300(300.000000)
625:Player,BR:0cc/cr3080f:3dJs,3cQc|/ThKhAs:-100,100(-100.000000)
626:BR,Player:0f:6dQh,2d3s|:50,-50(50.000000)
627:Player,BR:0cr300c/cr3503f:9cAh,9hAs|/4s5cJs:-400,400(-400.000000)
628:BR,Player:0r130c/r2014f:TdKs,9cQs|/2s7s8c:230,-230(230.000000)
629:Player,BR:0cc/cr435f:3dTh,4s5h|/4cKdAh:-100,100(-100.000000)
630:BR,Player:0r200c/r371c/cr229c/cc:6cTs,JcAd|/4s4h6s/4d/Qc:900,-900(858.773690)
631:Player,BR:0cc/cr379c/r121c/cc:3h8s,ThAh|/3sQcAc/5s/Kc:-600,600(-524.459940)
632:BR,Player:0cc/r3080f:7dQs,4dAh|/6s6c9h:100,-100(100.000000)
633:Player,BR:0cc/cr876f:8h9c,6cJh|/5hTdQd:-100,100(-100.000000)
634:BR,Player:0r130c/cc/cr299c/cc:7s7c,5dQd|/TcQhAs/4d/6c:-529,529(-201.626723)
635:Player,BR:0cr300c/cr1741f:3hTh,8cAs|/6s9d9c:-400,400(-400.000000)
636:BR,Player:0cc/r435f:2sAc,4c8h|/5cTcJd:100,-100(100.000000)
637:Player,BR:0cr300c/cr1514f:8d9d,9hAc|/8cTsAs:-400,400(-400.000000)
638:BR,Player:0r130c/r4051f:5sKs,7s8s|/2s6d9c:230,-230(230.000000)
639:Player,BR:0cr300c/r800f:3c4c,2dTc|/QsQdKd:400,-400(400.000000)
640:BR,Player:0r130c/r2014f:2h5h,8dTd|/7hQcAh:230,-230(230.000000)
641:Player,BR:0cr200c/cr2627f:8cKc,QcKs|/2c3d5h:-300,300(-300.000000)
642:BR,Player:0r200c/r2627f:3s4d,3c4h|/5cThJc:300,-300(300.000000)
643:Player,BR:0cc/cr1761f:4d9c,2d3d|/2c5d7h:-100,100(-100.000000)
644:BR,Player:0r130c/r498f:3dAc,4dQc|/6h9dAs:230,-230(230.000000)
645:Player,BR:0cc/cr435c/cc/cc:6s7d,8dQc|/4c7sKs/9h/Jc:535,-535(535.000000)
646:BR,Player:0r130c/r1001f:4sTc,4dJs|/6d8cAs:230,-230(230.000000)
647:Player,BR:0cr300c/cr3503f:2h9h,2d9d|/3h7hTs:-400,400(-400.000000)
648:BR,Player:0f:4hJh,3sTd|:50,-50(50.000000)
649:Player,BR:0cr300c/cr996f:JhJd,KsAs|/7h9cQc:-400,400(-400.000000)
650:BR,Player:0r130c/r1001f:4hTh,JcQh|/2s3s7c:230,-230(230.000000)
651:Player,BR:0cr600c/cr996f:9cJs,6hQs|/4sKdAs:-700,700(-700.000000)
652:BR,Player:0cc/r100c/cr260c/cc:3c8h,5cTc|/3sTdAc/7h/4h:-460,460(-222.864832)
653:Player,BR:0cc/cr876f:5sTh,7sQd|/6h9sAd:-100,100(-100.000000)
654:BR,Player:0cc/r876f:4hQh,5cTs|/2s7hKd:100,-100(100.000000)
655:Player,BR:0cc/cr876f:4c9c,TcAc|/2h8sJd:-100,100(-100.000000)
656:BR,Player:0r200c/r1306f:ThQc,TcAc|/6d7h9c:300,-300(300.000000)
657:Player,BR:0cc/cr876f:2sJh,6dKs|/2d9d9c:-100,100(-100.000000)
658:BR,Player:0r130c/r2014c/cr1344f:7s9h,4hTd|/4sTsAc/2h:-2244,2244(-2244.000000)
659:Player,BR:0cr200c/cr1306c/r914f:4cAc,3hJh|/4d6c8c/Qh:1606,-1606(1606.000000)
660:BR,Player:0r130c/r871c/cr279c/cc:4cJs,3h5d|/5cJdJc/9c/Qh:1380,-1380(1331.706960)
661:Player,BR:0cc/cr876f:4dTd,6h9d|/5c7sAs:-100,100(-100.000000)
662:BR,Player:0r300c/r1741f:5dQc,KsKh|/4s4c6h:400,-400(400.000000)
663:Player,BR:0cc/cr1761f:6hJd,4hAc|/2s5cJc:-100,100(-100.000000)
664:BR,Player:0f:9sTd,2s7c|:50,-50(50.000000)
665:Player,BR:0cc/cr3080f:8s9c,7sAc|/5hJsKc:-100,100(-100.000000)
666:BR,Player:0r130c/r2014c/cr2241f:2dAh,TcQd|/4h9sKd/7h:-2244,2244(-2244.000000)
667:Player,BR:0cc/cr1761f:5sKh,5d9h|/2dAsAd:-100,100(-100.000000)
668:BR,Player:0r200c/r371c/cr229c/cc:KhKc,9cKs|/7h9dAc/2c/Qd:900,-900(900.000000)
669:Player,BR:0cr300c/r520r520c/cc/cc:TsAh,JsQc|/4hJdAd/3c/6s:1440,-1440(0.822215)
670:BR,Player:0r130c/r1001f:TcJc,2s6s|/7hJhAh:230,-230(230.000000)
671:Player,BR:0cr300c/cr19600f:JcAh,4d9s|/4h4c7s:-400,400(-400.000000)
672:BR,Player:0r130c/r1001f:3hJd,QhKc|/2d4c7c:230,-230(230.000000)
673:Player,BR:0cc/cr1532f:6sJd,QsKh|/6h9cQd:-100,100(-100.000000)
674:BR,Player:0r130c/r2014f:3s8s,4sTh|/2s5hQs:230,-230(230.000000)
675:Player,BR:0cr200c/r390r3004f:5dAd,6cQd|/4d6s9h:-690,690(-690.000000)
676:BR,Player:0r130c/r498f:9s9c,3h9h|/5s8sTh:230,-230(230.000000)
677:Player,BR:0cr300c/cr3503c/r3897c/cc:9cTc,8cKc|/6c8dQd/2c/Td:7800,-7800(7737.217841)
678:BR,Player:0r200c/r1306f:4s7c,TdKh|/7hQsAs:300,-300(300.000000)
679:Player,BR:0cr600c/cr3047f:2cTc,7cQs|/5s6d9d:-700,700(-700.000000)
680:BR,Player:0cc/r876f:3s6h,2s4s|/3c7d9s:100,-100(100.000000)
681:Player,BR:0cr200c/cr371r709r709f:8dKd,QdAd|/4s6sQs:-1380,1380(-1380.000000)
682:BR,Player:0r130c/r1001f:7d9d,5cAc|/6cTdQh:230,-230(230.000000)
683:Player,BR:0cc/cr1761f:2c8d,7sKh|/TdJdJc:-100,100(-100.000000)
684:BR,Player:0f:4sJd,3h8d|:50,-50(50.000000)
685:Player,BR:0cc/cr761f:4s9h,8hKc|/2d6c8s:-100,100(-100.000000)
686:BR,Player:0r130c/r2014f:2hQc,7s9s|/3d4cJd:230,-230(230.000000)
687:Player,BR:0cr300c/cr1741c/r1219f:5d7d,4s8d|/3s7hQc/5c:2141,-2141(2141.000000)
688:BR,Player:0r200c/r2284f:3cJh,9cTc|/3sJsAc:300,-300(300.000000)
689:Player,BR:0cc/cr19900f:2dQs,4sAc|/4cJhAs:-100,100(-100.000000)
690:BR,Player:0cc/cc/cc/cr300c:5hQc,3h4c|/2dThKs/9s/8h:400,-400(373.696475)
691:Player,BR:0cr600c/cr3047f:KcAs,3hQh|/4s8c9s:-700,700(-700.000000)
692:BR,Player:0f:3c9s,2hTs|:50,-50(50.000000)
693:Player,BR:0cc/cr876f:5c9d,3c5d|/JdAhAd:-100,100(-100.000000)
694:BR,Player:0cc/r876f:6c7s,3sKc|/2d9sTd:100,-100(100.000000)
695:Player,BR:0cc/cr876f:6h7c,8sAc|/5s7dQh:-100,100(-100.000000)
696:BR,Player:0r130c/r1001f:6c8h,9hJd|/2d9cTs:230,-230(230.000000)
697:Player,BR:0cc/cr379c/cc/cc:8dAs,2cJc|/5h7sJs/Td/3s:-479,479(-256.173392)
698:BR,Player:0r130c/r2014c/cc/cr2241c:8s8d,QdAc|/6dJhAh/5s/As:-4485,4485(233.693368)
699:Player,BR:0cr200c/r390r982f:TdAh,6sKc|/7d8cTc:-690,690(-690.000000)
700:BR,Player:0cc/r435f:5cAc,5h9s|/3h6sTc:100,-100(100.000000)
701:Player,BR:0cr600c/cr3047f:QdAh,2s5h|/3d4cTh:-700,700(-700.000000)
702:BR,Player:0cc/cr130r2014f:6dTh,3h4d|/2dJcAs:230,-230(230.000000)
703:Player,BR:0cc/cr379f:4sQd,7cAs|/5s6cAh:-100,100(-100.000000)
704:BR,Player:0cc/r435f:9hJd,2hQc|/5cQsKc:100,-100(100.000000)
705:Player,BR:0cr300c/cr1741c/r2059c/r2100f:QcAc,TcQs|/6sKsAd/As/Kh:4200,-4200(4200.000000)
706:BR,Player:0cc/r124f:3dTs,2dKd|/4hTcQc:100,-100(100.000000)
707:Player,BR:0cr300c/cr3503f:6c7c,8cAd|/2d7hQh:-400,400(-400.000000)
708:BR,Player:0r130c/r1001f:3dTc,5c6d|/7cJhJc:230,-230(230.000000)
709:Player,BR:0cr200c/cr1306f:JhAh,9hJd|/2s3s7c:-300,300(-300.000000)
710:BR,Player:0r130c/r285c/cc/cr543c:7d8s,9cKd|/5h5c8h/6s/4c:1058,-1058(934.939667)
711:Player,BR:0cr130c/cr1001f:8hTs,JsAd|/4h5hQh:-230,230(-230.000000)
712:BR,Player:0r130c/r1751f:8hJh,6cAs|/2c6hJs:230,-230(230.000000)
713:Player,BR:0cr600c/cr495c/cc/cc:AsAd,3hJs|/8hTsQd/6s/2s:1195,-1195(1195.000000)
714:BR,Player:0r200c/r371f:6d7s,TdQs|/4d7hKc:300,-300(300.000000)
715:Player,BR:0cc/cr124f:7cJd,6d6c|/4h8dQd:-100,100(-100.000000)
716:BR,Player:0cc/r876c/cr2014f:4d8s,3cAs|/2c5sKs/4c:-976,976(-976.000000)
717:Player,BR:0cc/cr1761f:8dTh,6dQs|/9dTsAs:-100,100(-100.000000)
718:BR,Player:0r200c/r747f:9dKd,6c7h|/2sJsKs:300,-300(300.000000)
719:Player,BR:0cr600c/cr19300c/cc/cc:TcAd,ThAc|/JcQcKs/9s/9c:0,-0(-7323.485435)
720:BR,Player:0f:9cJd,3d9h|:50,-50(50.000000)
721:Player,BR:0cr300c/cr569f:2c4c,7c9h|/4dAhAd:-400,400(-400.000000)
722:BR,Player:0cc/cr130r2014c/cr2241f:5hJd,QsQd|/3dQhAc/7c:-2244,2244(-2244.000000)
723:Player,BR:0cc/cr876f:7cQc,3d8h|/2d4h5s:-100,100(-100.000000)
724:BR,Player:0r130c/r1001c/cr2472f:3s4c,6cQs|/6dJcQc/2h:-1231,1231(-1231.000000)
725:Player,BR:0cr300c/cr1741f:ThTd,5d6d|/2c6cJc:-400,400(-400.000000)
726:BR,Player:0f:4d7d,3h9d|:50,-50(50.000000)
727:Player,BR:0cc/cr876f:6cTc,5c7h|/2sQhKc:-100,100(-100.000000)
728:BR,Player:0cc/r142c/cc/cr658c:2s6c,2cKc|/2d3s3d/5c/Qc:-900,900(15.489618)
729:Player,BR:0cr200c/cr5284f:7d8c,9cJh|/7sKdAh:-300,300(-300.000000)
730:BR,Player:0f:4hJc,2h9d|:50,-50(50.000000)
731:Player,BR:0cr200c/cr1306f:4s6d,2d8s|/4d5sTh:-300,300(-300.000000)
732:BR,Player:0r130c/r2014f:5h6s,4hKh|/JhQdAc:230,-230(230.000000)
733:Player,BR:0cr300c/r520r520f:8hKs,3cKh|/TdJdKc:-920,920(-920.000000)
734:BR,Player:0r200c/r1306c/cr1544c/cc:5h7c,2c3c|/3s4cAd/4h/Td:-3150,3150(-3150.000000)
735:Player,BR:0cc/cr3080f:5cTd,5h7c|/8hQdAd:-100,100(-100.000000)
736:BR,Player:0r130c/r1001f:7cQh,5hTh|/3s5c6c:230,-230(230.000000)
737:Player,BR:0cc/cr142f:2h4d,3sJs|/TsTdQd:-100,100(-100.000000)
738:BR,Player:0r130c/r1001r2472r2472r13825f:6h8s,JdKd|/8dQhAd:-6175,6175(-6175.000000)
739:Player,BR:0cc/cr876f:3sKd,5c8c|/3cTsQc:-100,100(-100.000000)
740:BR,Player:0r200c/r1136f:5s6h,JsAc|/5c6d8c:300,-300(300.000000)
741:Player,BR:0cr200c/r600r600f:ThKc,KdAs|/4s5c6c:-900,900(-900.000000)
742:BR,Player:0cc/r435f:8c9s,4h8s|/4d5hTh:100,-100(100.000000)
743:Player,BR:0cr200c/cr2627f:7dAs,ThAh|/3d6cJd:-300,300(-300.000000)
744:BR,Player:0r130c/r871f:TsAs,6hKh|/2c8cTd:230,-230(230.000000)
745:Player,BR:0cc/cr1761f:7d8h,3sTh|/4s4c7s:-100,100(-100.000000)
746:BR,Player:0f:3sKs,2c4d|:50,-50(50.000000)
747:Player,BR:0cc/cr435f:5d8s,5cKd|/3d8hQc:-100,100(-100.000000)
748:BR,Player:0r200c/r1306f:6d8d,3hJh|/7sTcAs:300,-300(300.000000)
749:Player,BR:0cr300c/r800r2987f:JhAc,8d9c|/9sTcKh:-1200,1200(-1200.000000)
750:BR,Player:0r130c/r2014f:2d9d,7c9h|/2hJcAc:230,-230(230.000000)
751:Player,BR:0cc/cr1532f:2dJh,TcKd|/JsQhAs:-100,100(-100.000000)
752:BR,Player:0r130c/r1001f:5hQh,7sKc|/4d8d9d:230,-230(230.000000)
753:Player,BR:0cc/cr876f:3hQh,9sJs|/2c3sAd:-100,100(-100.000000)
754:BR,Player:0f:JhKs,2s4d|:50,-50(50.000000)
755:Player,BR:0cr300c/r1200r1200f:4s5s,TsJd|/7c8d9s:-1600,1600(-1600.000000)
756:BR,Player:0r130c/r1001f:4hTd,5s5d|/2c3cAc:230,-230(230.000000)
757:Player,BR:0cc/cr249c/r251c/cc:3hKh,2d7s|/TcQsQh/7c/Jc:-600,600(459.918801)
758:BR,Player:0cc/r435c/cc/cc:3s4c,5sAc|/5h9cQh/2h/Jd:-535,535(-535.000000)
759:Player,BR:0cc/cr435f:2d6h,5dAh|/3d4dJh:-100,100(-100.000000)
760:BR,Player:0r130c/r2014f:8hAd,7cAc|/5h9sKc:230,-230(230.000000)
761:Player,BR:0cr300c/cr1741c/r1219c/r4368f:6d9d,KsAs|/4hQhKh/9c/Th:3360,-3360(3360.000000)
762:BR,Player:0r130c/cr299r753c/cr1098f:3dJs,QhAd|/9cKsAh/6h:-1282,1282(-1282.000000)
763:Player,BR:0cc/cr379f:8sAc,6sAd|/5hQhAh:-100,100(-100.000000)
764:BR,Player:0f:JcQc,2c3h|:50,-50(50.000000)
765:Player,BR:0cc/cr876f:2c9d,3d7d|/5s8sAs:-100,100(-100.000000)
766:BR,Player:0cc/cc/cr130c/cr1380c:2hJh,4s8s|/3sQdAc/6s/5d:1610,-1610(1610.000000)
767:Player,BR:0cc/cr1761f:7cJs,6c9c|/QhQcAs:-100,100(-100.000000)
768:BR,Player:0cc/r876f:4cTh,TsAh|/2h5s7c:100,-100(100.000000)
769:Player,BR:0cr200c/r600r1281c/cc/r1869f:6c8c,9cAc|/4s7cKd/5c/Ad:2181,-2181(2181.000000)
770:BR,Player:0r130c/r327c/cr478f:5h8d,8hTd|/4hTcQh/6s:-557,557(-557.000000)
771:Player,BR:0cr600c/cr3047f:KcAs,4d8c|/2s3s6h:-700,700(-700.000000)
772:BR,Player:0r130c/r1001f:3hAh,5d9d|/6s7s7h:230,-230(230.000000)
773:Player,BR:0cr200c/cr2627r17073f:6c8c,5c7s|/4c8sKc:2927,-2927(2927.000000)
774:BR,Player:0r130c/r2014f:2c6h,6cJc|/3s6d8h:230,-230(230.000000)
775:Player,BR:0cr600c/cr3047r10953f:KcAd,5sTc|/8c9sAc:3747,-3747(3747.000000)
776:BR,Player:0r200c/r2627f:4s5c,4hJs|/2h8cTh:300,-300(300.000000)
777:Player,BR:0cr200c/cr2627f:6sJs,2d6d|/4d6cTc:-300,300(-300.000000)
778:BR,Player:0f:2s6d,2h5s|:50,-50(50.000000)
779:Player,BR:0cr130c/r299r2303f:5s7s,5dKh|/4dJsAh:-529,529(-529.000000)
780:BR,Player:0r200c/r19700f:2s9s,8hAc|/2h7c9c:300,-300(300.000000)
781:Player,BR:0cc/cr876f:QcKh,4d9c|/3s4sKs:-100,100(-100.000000)
782:BR,Player:0r130c/r142c/cc/cc:5s8s,4d5c|/5d9cTh/Qs/9s:0,-0(182.123457)
783:Player,BR:0cc/cr435f:3cQc,6hTc|/2s2d8s:-100,100(-100.000000)
784:BR,Player:0r130c/r573c/cc/cr1313f:2dTs,7hJs|/7c8cTd/9h/3s:-803,803(-803.000000)
785:Player,BR:0cr300c/cr1514f:9sAh,3sQc|/7s7cQd:-400,400(-400.000000)
786:BR,Player:0f:6sTd,2h9d|:50,-50(50.000000)
787:Player,BR:0cc/cr876f:6c9d,3s5c|/8h8dQc:-100,100(-100.000000)
788:BR,Player:0cc/r1532f:8hQd,3hJs|/3s8cAd:100,-100(100.000000)
789:Player,BR:0cc/cr876c/r584c/r312c:9hKd,3cJh|/7dTsKs/Th/7h:1872,-1872(1528.832580)
790:BR,Player:0r130c/r1001f:5dJs,5s9s|/3hKdAc:230,-230(230.000000)
791:Player,BR:0cr200c/r390r3004f:3cAc,7dAs|/3sJhQs:-690,690(-690.000000)
792:BR,Player:0r130c/r1001f:2cKs,4cKc|/6dJdAc:230,-230(230.000000)
793:Player,BR:0cr600c/cr2650c/cc/r100c:2h8h,KcAh|/9hJhAc/Ks/8c:-3450,3450(-2612.468352)
794:BR,Player:0r130c/r1001f:3cTc,2hQs|/4h5d6s:230,-230(230.000000)
795:Player,BR:0cr600c/cr3047f:KhAc,6hQc|/2s8hJh:-700,700(-700.000000)
796:BR,Player:0r130c/r871c/cc/cc:JhJc,7h7d|/4s4h6d/Td/8h:1101,-1101(1101.000000)
797:Player,BR:0cc/cr100f:3h8d,2c9c|/2s6dJh:-100,100(-100.000000)
798:BR,Player:0r130c/r2014f:4d5d,2sAc|/8cQhAd:230,-230(230.000000)
799:Player,BR:0cr300c/cr1741f:7dQd,7sAh|/3s6c9s:-400,400(-400.000000)
800:BR,Player:0cc/cr130r4051f:3hJs,2cQh|/2d6cQd:230,-230(230.000000)
801:Player,BR:0cr130c/r690r1309r4119r4119c/r9533f:9cTc,2h7c|/5c7hJc/4c:10467,-10467(10467.000000)
802:BR,Player:0r130c/r871c/cr279c/cc:9dQs,5sQh|/2h8sQd/7d/9c:1380,-1380(1380.000000)
803:Player,BR:0cr300c/cr1741f:4s6c,2dKs|/7cJhQh:-400,400(-400.000000)
804:BR,Player:0r130c/r2014f:4sAd,7cJd|/4d5hTc:230,-230(230.000000)
805:Player,BR:0cc/cr876f:2sTc,5s6c|/3c7dQc:-100,100(-100.000000)
806:BR,Player:0r200c/r427f:3d8h,6sAs|/9d9cQc:300,-300(300.000000)
807:Player,BR:0cc/cr876f:7h8s,JdQs|/5s9hKh:-100,100(-100.000000)
808:BR,Player:0r130c/r1001f:3c7s,4s5c|/6cJcAs:230,-230(230.000000)
809:Player,BR:0cc/cr876c/r584c/r312f:5h8c,JhAh|/3c7c8s/7d/6c:1560,-1560(1560.000000)
810:BR,Player:0cc/r435f:9cQc,3hKs|/2d6cTs:100,-100(100.000000)
811:Player,BR:0cc/cr876f:7cQh,5h9h|/3dJhAd:-100,100(-100.000000)
812:BR,Player:0r130c/r1001f:7hAc,5s6s|/TsJcKh:230,-230(230.000000)
813:Player,BR:0cc/cr876c/r584f:ThJd,4cTs|/3dQdAc/Js:976,-976(976.000000)
814:BR,Player:0r200c/r1306c/cr3224f:3c8s,9dJd|/6d7dKc/Td:-1606,1606(-1606.000000)
815:Player,BR:0cr130c/cr19770f:ThKd,6dJh|/7dJsAh:-230,230(-230.000000)
816:BR,Player:0r130c/r1001c/cr2472c/cc:8c9d,TdKs|/3s6dKc/2h/Qd:-3703,3703(-3181.998888)
817:Player,BR:0cr300c/cr495c/r100c/r1213c:7dQd,9sJd|/6d9dAc/8c/Kc:-2208,2208(-554.935276)
818:BR,Player:0r200c/r1306c/cc/cr6794f:2dAs,QdKd|/4h8d9d/7s/Kh:-1606,1606(-1606.000000)
819:Player,BR:0cc/cr435f:5s6d,7c8h|/2s2d6s:-100,100(-100.000000)
820:BR,Player:0r130c/r871f:TsTh,8dTc|/2d5c7c:230,-230(230.000000)
821:Player,BR:0cr300c/cr3503f:4s4d,JsAd|/6c7cKs:-400,400(-400.000000)
822:BR,Player:0f:3hQh,2s5h|:50,-50(50.000000)
823:Player,BR:0cr300c/cr3503f:JsJh,6sAd|/4c8sQd:-400,400(-400.000000)
824:BR,Player:0r200c/r1306f:8sAd,3hJd|/7dJhQh:300,-300(300.000000)
825:Player,BR:0cr600c/r1400c/r2730c/r9660f:3h4h,TsQs|/2h5dKd/8h/5h:4830,-4830(4830.000000)
826:BR,Player:0f:6sTs,2d6c|:50,-50(50.000000)
827:Player,BR:0cc/cr876f:JdKh,JcAh|/2h4cQd:-100,100(-100.000000)
828:BR,Player:0r200c/r2627f:7s8d,8hTs|/5c9sAd:300,-300(300.000000)
829:Player,BR:0cr300c/r520r1309f:QdAd,3c5s|/4d5hAh:-920,920(-920.000000)
830:BR,Player:0r130c/r2014f:2cQd,9hKc|/6d7dAs:230,-230(230.000000)
831:Player,BR:0cr300c/cr3503f:3d4d,2hTd|/3s6cQc:-400,400(-400.000000)
832:BR,Player:0f:8hJh,2d9c|:50,-50(50.000000)
833:Player,BR:0cc/cr876f:4sTh,5hTc|/3s7sQs:-100,100(-100.000000)
834:BR,Player:0r130c/r2014c/cc/cc:7s8d,7h8c|/7cQhAc/9d/2d:0,-0(-1305.207898)
835:Player,BR:0cc/cr761f:3c7d,ThQh|/4h6sTc:-100,100(-100.000000)
836:BR,Player:0r200c/r2627f:3h9c,2hTh|/5s6s7d:300,-300(300.000000)
837:Player,BR:0cr300c/cr569f:ThQs,JsAd|/4d4c7h:-400,400(-400.000000)
838:BR,Player:0r200c/r2627c/cc/cr1753c:2hKd,4c5s|/4dThQc/As/6d:-4680,4680(-1726.458753)
839:Player,BR:0cr600c/r910r7009f:8cJh,2dQs|/3s6d8s:-1610,1610(-1610.000000)
840:BR,Player:0r130c/r498f:6sQd,7sAs|/5d6cTh:230,-230(230.000000)
841:Player,BR:0cr300c/cr19600f:6h6d,AdAc|/3h9dTs:-400,400(-400.000000)
842:BR,Player:0r130c/r2014f:3hQh,9dAd|/4d7sAh:230,-230(230.000000)
843:Player,BR:0cr200c/cr2627f:TsTd,2sQs|/8sJdKs:-300,300(-300.000000)
844:BR,Player:0cc/r435c/cr515c/cr525f:8cTd,JcQh|/5h6cQd/9h/9d:-1050,1050(-1050.000000)
845:Player,BR:0cc/cr876f:5h8s,3hTs|/3dJcKs:-100,100(-100.000000)
846:BR,Player:0r130c/r2014f:6cTh,5cKs|/2h3c7d:230,-230(230.000000)
847:Player,BR:0cc/cr379c/cc/cc:4s9s,KhKd|/4c6h6c/Jh/Qh:-479,479(-404.876017)
848:BR,Player:0f:KdAh,2dJc|:50,-50(50.000000)
849:Player,BR:0cc/cr876f:2d8c,3s5d|/TsJdKh:-100,100(-100.000000)
850:BR,Player:0f:7d8h,2d6h|:50,-50(50.000000)
851:Player,BR:0cr600c/r2100f:TsAs,3sQh|/4s8s9s:700,-700(700.000000)
852:BR,Player:0cc/r435c/cr515c/cr6300f:4c6s,ThJc|/3h9sTs/6h/Tc:-1050,1050(-1050.000000)
853:Player,BR:0cc/cr435c/r305c/cc:2s6h,ThKc|/2h7hQs/5h/Ad:840,-840(840.000000)
854:BR,Player:0f:6c7d,3c8d|:50,-50(50.000000)
855:Player,BR:0cc/cr1761f:5dQd,2h3h|/2sTcJd:-100,100(-100.000000)
856:BR,Player:0f:3sAd,2d5c|:50,-50(50.000000)
857:Player,BR:0cr130c/r299r4632f:TcQs,5hQh|/6sThAd:-529,529(-529.000000)
858:BR,Player:0f:4d6s,2h6c|:50,-50(50.000000)
859:Player,BR:0cc/cr876f:9cJh,3c6h|/2h7hAs:-100,100(-100.000000)
860:BR,Player:0r130c/r1001f:6c9s,6sKh|/3s4hTd:230,-230(230.000000)
861:Player,BR:0cc/cr124f:5d7s,4dKs|/2s2c4s:-100,100(-100.000000)
862:BR,Player:0r130c/r1001c/cc/cc:2cTd,TsTc|/6c7hAs/9d/Ac:-1231,1231(-1231.000000)
863:Player,BR:0cr200c/cr4595f:8sQs,ThJh|/2hJdKh:-300,300(-300.000000)
864:BR,Player:0r130c/r2014f:2d3s,KsKc|/4hQdAc:230,-230(230.000000)
865:Player,BR:0cc/cr1761f:3hKs,5h9c|/5dJsQh:-100,100(-100.000000)
866:BR,Player:0r130c/r1001f:6c7c,7h8h|/JhKdAc:230,-230(230.000000)
867:Player,BR:0cc/cr876f:9cKh,4d6c|/7s9dTs:-100,100(-100.000000)
868:BR,Player:0r300c/r3503f:4dAd,6cTs|/7dQsKd:400,-400(400.000000)
869:Player,BR:0cr600c/cr3047c/cc/r16253f:8d9d,9cTh|/8sTdQd/Jd/3h:3747,-3747(3747.000000)
870:BR,Player:0r130c/r498c/cc/cr859c:6sQd,7cJc|/3dJhQh/8s/5d:1587,-1587(436.841003)
871:Player,BR:0cr300c/r2400r6970f:QcAs,7dJd|/3cThJs:-2800,2800(-2800.000000)
872:BR,Player:0r300c/r996c/cr1004f:4h9d,JdAd|/JsKsKd/6c:-1396,1396(-1396.000000)
873:Player,BR:0cr300c/cr495c/cc/cc:QcAd,8hAs|/2d8sTd/5s/3d:-895,895(-260.530755)
874:BR,Player:0r200c/r2627f:3h3d,4dAc|/5cTsKc:300,-300(300.000000)
875:Player,BR:0cr600c/cr996c/cc/cc:QdAd,2c8d|/3cQcKs/6c/5c:-1696,1696(-1075.976954)
876:BR,Player:0cc/r379c/cc/cc:QcKh,3hTc|/4h9hTh/8h/5d:479,-479(479.000000)
877:Player,BR:0cc/cr3080f:2c6h,5h8s|/4sJsQh:-100,100(-100.000000)
878:BR,Player:0r130c/r1001f:7dQd,2dAd|/2c3h8c:230,-230(230.000000)
879:Player,BR:0cr300c/cr3503f:KsAd,3c4d|/2c4h9d:-400,400(-400.000000)
880:BR,Player:0r130c/r871c/cc/cr2579f:5sTs,3c4h|/2h3hTc/3s/9h:-1101,1101(-1101.000000)
881:Player,BR:0cc/cr435f:7dJc,6d8d|/4cKcAh:-100,100(-100.000000)
882:BR,Player:0r130c/r1001c/cr1184c/cc:5s8s,8c9c|/2h5c6h/9s/Ac:-2415,2415(-1575.518498)
883:Player,BR:0cc/cr435f:4dJs,4hKs|/2d3d3c:-100,100(-100.000000)
884:BR,Player:0r130c/r1751f:TsKc,3s5d|/3h7dTc:230,-230(230.000000)
885:Player,BR:0cc/cr876f:7cKs,3hTs|/6h8hQc:-100,100(-100.000000)
886:BR,Player:0r130c/r2014f:2s6c,3h4d|/3sQhQd:230,-230(230.000000)
887:Player,BR:0cc/cr876f:7cAs,4h6d|/9s9cJs:-100,100(-100.000000)
888:BR,Player:0r130c/r2014c/cc/cc:3s8c,QhAc|/6dTsAd/6c/9h:-2244,2244(-2244.000000)
889:Player,BR:0cc/cr1761f:TcJs,4dQh|/3cKsAs:-100,100(-100.000000)
890:BR,Player:0cc/r142f:9sJd,9hQc|/6d6cTd:100,-100(100.000000)
891:Player,BR:0cr600c/cr3047c/cc/r3603f:JdQc,2s2c|/4h9dJs/5h/8c:3747,-3747(3747.000000)
892:BR,Player:0r200c/r1306c/cr1544c/cr4095f:4cQs,2d4d|/3s5cTs/3h/9s:-3150,3150(-3150.000000)
893:Player,BR:0cc/cr379r441c/cc/r1840f:9dKc,8dAc|/4c7h8c/5c/Qs:920,-920(920.000000)
894:BR,Player:0f:8sTh,2s7c|:50,-50(50.000000)
895:Player,BR:0cc/cr761f:7cAs,QcAc|/8cTsQd:-100,100(-100.000000)
896:BR,Player:0r130c/r2014f:2hKs,7cJd|/3h4sTh:230,-230(230.000000)
897:Player,BR:0cc/cr876f:2s7d,2d2c|/3c7h8h:-100,100(-100.000000)
898:BR,Player:0cc/r379c/cc/cc:2c9s,4s9c|/6s7s9h/Ad/Ks:0,-0(141.650693)
899:Player,BR:0cc/cr249f:6dAh,6c7h|/8h8cTs:-100,100(-100.000000)
900:BR,Player:0r300c/r3503f:3c5h,6dJc|/3hQdKh:400,-400(400.000000)
901:Player,BR:0cr600c/cr6130f:9h9d,4h6h|/3sThAh:-700,700(-700.000000)
902:BR,Player:0f:9sAc,2h4c|:50,-50(50.000000)
903:Player,BR:0cc/cr435r2265f:6h7c,9hAc|/3d4d5s:535,-535(535.000000)
904:BR,Player:0cc/r124c/cc/cr236c:8hTd,3cJs|/4d8dJh/Jc/4c:-460,460(53.707483)
905:Player,BR:0cc/cr435f:2h9h,4sTs|/2d7d8s:-100,100(-100.000000)
906:BR,Player:0r130c/r871c/cr279c/cc:4cTh,9sTc|/6h8cTd/3h/Qs:-1380,1380(-344.978903)
907:Player,BR:0cr600c/cr3047f:7sTs,4d6s|/2h7dAc:-700,700(-700.000000)
908:BR,Player:0r200c/r2627f:3h5c,7hTs|/6h7c8d:300,-300(300.000000)
909:Player,BR:0cc/cr435c/r305c/r168f:5cJs,3d9s|/4h7cJd/2s/5h:840,-840(840.000000)
910:BR,Player:0r130c/cc/cr115c/cr1035f:8dAd,7dQc|/3s5h9s/Qs/Qh:-345,345(-345.000000)
911:Player,BR:0cr300c/cr1741f:2h5h,8sJs|/5d6c7h:-400,400(-400.000000)
912:BR,Player:0r130c/r1001f:4h6c,4dKc|/5h7h7c:230,-230(230.000000)
913:Player,BR:0cc/cr876f:4h9s,JdQs|/3s6s7h:-100,100(-100.000000)
914:BR,Player:0r200c/r2627f:8sTd,5hJd|/3c6sAs:300,-300(300.000000)
915:Player,BR:0cr200c/cr1136f:7sJc,2sAd|/8hJdAh:-300,300(-300.000000)
916:BR,Player:0cc/r435f:6dQc,5hTs|/8h9hKh:100,-100(100.000000)
917:Player,BR:0cr300c/cr3503f:7d9h,2s2d|/3c9dAh:-400,400(-400.000000)
918:BR,Player:0cc/r876f:5hQd,5dQs|/2c3s7d:100,-100(100.000000)
919:Player,BR:0cr300c/r520r4005f:2dTd,4h8h|/3s5h9d:-920,920(-920.000000)
920:BR,Player:0r200c/r2627c/cc/cc:4sQs,9sTc|/7s8cTd/Kc/7d:-2927,2927(-2927.000000)
921:Player,BR:0cc/cr876f:3hKd,8hAs|/4c9cTs:-100,100(-100.000000)
922:BR,Player:0r130c/r2014f:2d8d,7sKh|/7cTcJs:230,-230(230.000000)
923:Player,BR:0cc/cr876c/r974c/r975f:4h9h,4s7c|/4d6hQh/7h/5h:1950,-1950(1950.000000)
924:BR,Player:0cc/r876f:2h4d,4s8c|/TcKsKh:100,-100(100.000000)
925:Player,BR:0cr300c/cr1741c/r1219f:8cAc,2sTh|/4s5h5c/7s:2141,-2141(2141.000000)
926:BR,Player:0r130c/r871c/cr1015c/cr6348c:7d9c,4dAd|/2d5h7s/9d/9h:8464,-8464(8320.092532)
927:Player,BR:0cc/cr876f:2dAh,6sJh|/4d8hTh:-100,100(-100.000000)
928:BR,Player:0r200c/r1136c/cc/cc:5hTd,JcAd|/4d6hTs/Qh/6d:1436,-1436(822.696307)
929:Player,BR:0cr200c/cr371c/cc/cc:5s5d,7c8s|/2h8dQd/Kh/Ts:-671,671(-131.398517)
930:BR,Player:0r200c/r1306f:QsKs,3sKc|/7d8dTd:300,-300(300.000000)
931:Player,BR:0cr200c/cr2627f:6hAh,7s9h|/JsJhQs:-300,300(-300.000000)
932:BR,Player:0r130c/r3522f:4s5s,5c8c|/4hJsAs:230,-230(230.000000)
933:Player,BR:0cc/cr3080f:5d9s,3h4c|/8dKsAh:-100,100(-100.000000)
934:BR,Player:0r130c/r1001f:2hJd,4hTs|/4cKcAh:230,-230(230.000000)
935:Player,BR:0cc/cr876r2014r2014c/cc/r14996f:2h8h,6hTc|/5s6c7h/Kc/Th:5004,-5004(5004.000000)
936:BR,Player:0r130c/r1001f:6sQs,9dKd|/5s5cTs:230,-230(230.000000)
937:Player,BR:0cc/cr876f:8hAc,6c9c|/5s6s8s:-100,100(-100.000000)
938:BR,Player:0cc/r3080f:6cAs,9dTs|/5s5dQs:100,-100(100.000000)
939:Player,BR:0cc/r600r996r13004f:2c4h,2d6c|/2s4s4c:1696,-1696(1696.000000)
940:BR,Player:0f:8cAd,2dTs|:50,-50(50.000000)
941:Player,BR:0cc/cr1761f:3dKd,4cTs|/QcKsKc:-100,100(-100.000000)
942:BR,Player:0r200c/r2627f:3h5s,2h8h|/6h8dAd:300,-300(300.000000)
943:Player,BR:0cc/cr3080f:3dKd,2hAc|/2s8hTd:-100,100(-100.000000)
944:BR,Player:0r200c/r4595c/cc/cc:5cAc,7c9h|/2d9cQc/8c/2s:4895,-4895(4895.000000)
945:Player,BR:0cr200c/cr371f:6c9d,JsAs|/3h4c8d:-300,300(-300.000000)
946:BR,Player:0r130c/r1001f:7hAd,3hAs|/6c9sQc:230,-230(230.000000)
947:Player,BR:0cr200c/r600r7881f:9dTd,5c8h|/2c4dJd:-900,900(-900.000000)
948:BR,Player:0r130c/r2014f:2dTh,8h8d|/5dJsAs:230,-230(230.000000)
949:Player,BR:0cc/cr876f:7hJs,2s6s|/3c8dTc:-100,100(-100.000000)
950:BR,Player:0r200c/r2627f:3cTh,6h7h|/6s8dAd:300,-300(300.000000)
951:Player,BR:0cc/cr435f:2hTd,6h8s|/3sTcJc:-100,100(-100.000000)
952:BR,Player:0r130c/r2014f:3d7d,6dQh|/7sQdAs:230,-230(230.000000)
953:Player,BR:0cc/cr435f:3h7c,7sTd|/4s8dKd:-100,100(-100.000000)
954:BR,Player:0r130c/r1001f:7d9c,TdKc|/2s2h4d:230,-230(230.000000)
955:Player,BR:0cc/cr435f:4h9c,2c5h|/6s6cQh:-100,100(-100.000000)
956:BR,Player:0r200c/r2627f:4dKs,7dKh|/5sTsQh:300,-300(300.000000)
957:Player,BR:0cc/cr3080f:5h6d,5s7h|/2s4sAd:-100,100(-100.000000)
958:BR,Player:0r130c/r4051f:6d7d,7sQs|/TcJdAh:230,-230(230.000000)
959:Player,BR:0cc/cr124c/cc/cc:7hJh,5sTc|/7cTsJc/6s/Qh:224,-224(-129.359677)
960:BR,Player:0r130c/r2014f:6h6c,7dAh|/3c5sJs:230,-230(230.000000)
961:Player,BR:0cr200c/r900r2987f:8dKs,3d5c|/7h9dJs:-1200,1200(-1200.000000)
962:BR,Player:0r130c/r2014f:4hKs,4c8c|/3s6s7h:230,-230(230.000000)
963:Player,BR:0cr200c/r390r1718c/r904f:5dKd,3s8h|/TsJdAd/7c:2408,-2408(2408.000000)
964:BR,Player:0r130c/r2014c/cr2241f:3c5s,8sKc|/8d8cJh/Td:-2244,2244(-2244.000000)
965:Player,BR:0cr130c/r690r19080f:8sTs,KhKd|/3s5cTd:-920,920(-920.000000)
966:BR,Player:0r130c/r285c/cc/cc:3c7s,9s9d|/2h3dKs/Qd/Kc:-515,515(147.752292)
967:Player,BR:0cc/cr876f:7dTc,5s5c|/4c7h8d:-100,100(-100.000000)
968:BR,Player:0r200c/r747f:3sKd,8cTd|/7dTsQd:300,-300(300.000000)
969:Player,BR:0cr130c/cr1001f:ThQc,9cTc|/6dJsJh:-230,230(-230.000000)
970:BR,Player:0f:7s8s,2c3h|:50,-50(50.000000)
971:Player,BR:0cc/cr876f:2d5s,5dAh|/8c9dQc:-100,100(-100.000000)
972:BR,Player:0r130c/r1001f:QcKc,5sKh|/2s6sAs:230,-230(230.000000)
973:Player,BR:0cr300c/r520r1309f:4hAh,4cAs|/5h9cKd:-920,920(-920.000000)
974:BR,Player:0r200c/r2627f:7c9c,JhKd|/2cQcKh:300,-300(300.000000)
975:Player,BR:0cr300c/cr1514f:8cKs,9dQh|/3c6cQd:-400,400(-400.000000)
976:BR,Player:0r200c/r244c/cr356c/cr2700f:7cAs,5dQs|/2h5s5c/Td/Qd:-900,900(-900.000000)
977:Player,BR:0cr130c/cr327c/cc/cc:8dJh,2dKh|/5s8sTd/2s/9h:557,-557(496.993296)
978:BR,Player:0r130c/r2014f:6h6d,8h8c|/7sTsJd:230,-230(230.000000)
979:Player,BR:0cc/cr876f:2s5h,QhAh|/3d7d9c:-100,100(-100.000000)
980:BR,Player:0r130c/r2014f:6c8h,9cAc|/3sTsKc:230,-230(230.000000)
981:Player,BR:0cc/cr124c/cc/cc:6hAs,7d7c|/4sTsKh/9c/6d:-224,224(-105.870266)
982:BR,Player:0cc/r435c/cr515c/cc:2dTc,7sQs|/5c7h9s/5h/4h:-1050,1050(-1050.000000)
983:Player,BR:0cc/cr1761f:2s9c,4c6h|/3cJcKs:-100,100(-100.000000)
984:BR,Player:0r200c/r649f:8dAh,TsAs|/6h6c8h:300,-300(300.000000)
985:Player,BR:0cc/cr216f:2c8d,6hKs|/5h6cJc:-100,100(-100.000000)
986:BR,Player:0r130c/r1751f:7c8s,8dTc|/7h7dAs:230,-230(230.000000)
987:Player,BR:0cr200c/cr1306c/r1544f:9hJh,3c7h|/9cJsQc/5c:1606,-1606(1606.000000)
988:BR,Player:0r200c/r1306c/cr1544c/cc:2h7h,4cJh|/2cTdQc/2s/7s:3150,-3150(3150.000000)
989:Player,BR:0cr600c/cr3047f:4d7s,4sQc|/3dThJc:-700,700(-700.000000)
990:BR,Player:0cc/r379f:ThJd,3sTd|/4s9dJh:100,-100(100.000000)
991:Player,BR:0cc/cr1761f:6s9d,2c5h|/2hKsAs:-100,100(-100.000000)
992:BR,Player:0r200c/r427f:8d9s,QsAh|/2d3d7d:300,-300(300.000000)
993:Player,BR:0cr300c/cr162c/cc/r338c:8cKs,7cAd|/4s4hQd/7s/5h:-900,900(-663.426618)
994:BR,Player:0r130c/r1751f:KhAs,6dQh|/2s7sAd:230,-230(230.000000)
995:Player,BR:0cr200c/cr747c/r393c/r2880c:5h7h,7cQd|/2hThKs/9d/6c:-4320,4320(-2111.476531)
996:BR,Player:0cc/r1532f:JhAs,7h9d|/3cQhAd:100,-100(100.000000)
997:Player,BR:0cc/cr876f:6cAd,4cJd|/5c7dKh:-100,100(-100.000000)
998:BR,Player:0r130c/r2014f:5sJh,ThKh|/4d8cAh:230,-230(230.000000)
999:Player,BR:0cc/cr1761f:2h3c,4c8h|/6cJcKd:-100,100(-100.000000)
1000:BR,Player:0r130c/r1001f:7hKd,4c7s|/9sTcQs:230,-230(230.000000)
RAW BR STATS: n=1000, sum=-6127.000000, sum_sq=2375333753.000000, vr_sum=25763.414891, vr_sum_sq=1750932940.542664
BR STATS: -6.127000(95.524541), 25.763415(81.998988)
RESULTS
1)Player: 6127
2)BR: -6127
