In config file: GAME_DEF=game_def.fullholdem
In config file: ACTIONS_R0=C
In config file: ACTIONS_R1=F,C,0.05,0.0575,0.066125,0.07604375,0.087450313,0.100567859,0.115653038,0.133000994,0.152951143,0.175893815,0.202277887,0.23261957,0.267512505,0.307639381,0.353785288,0.406853081,0.467881044,0.5380632,0.61877268,0.711588582,0.81832687,0.9410759,1.082237285,1.244572878,1.43125881,1.645947631,1.892839776,2.176765742,2.503280603,2.878772694,3.310588598,3.807176888,4.378253421,5.034991434,5.790240149,6.658776171,7.657592597,8.806231486,10.12716621,11.64624114,13.39317731,15.40215391,17.71247699,20.36934854,23.42475083,26.93846345,30.97923297,35.62611791,40.9700356,47.11554094,54.18287208,62.31030289,71.65684832,82.40537557,94.76618191,A
In config file: ACTIONS_R2=F,C
In config file: ACTIONS_R3=F,C
Loading player: rgbr_nl_cprg.so
Player args: /home/viliam/cprg/project_uoapoker/trunk/src/c/meta_player.so /home/viliam/cprg/project_uoapoker/trunk/src/c/acpc14.map
Using seed 14.
1:Player,BR:0cr200c/cr244c/r176c/r144f:TsKh,4h4c|/2h7cKd/Qs/2c:720,-720(720.000000)
2:BR,Player:0r300c/r495c/cr100c/cc:6c9h,9dJh|/4s5s9s/Ks/Kd:-995,995(108.061097)
3:Player,BR:0cc/cr876f:4hKd,5h9c|/3s6cTh:-100,100(-100.000000)
4:BR,Player:0r200c/r2627f:4d6d,7s8s|/3dJsKs:300,-300(300.000000)
5:Player,BR:0cc/cr876f:4dQh,8dTh|/5h7cKs:-100,100(-100.000000)
6:BR,Player:0r130c/r163c/cc/cc:QhKd,8sAd|/3s3c4s/6h/Jh:-393,393(-197.294426)
7:Player,BR:0cc/cr876f:TsQh,3s9d|/5c8dKh:-100,100(-100.000000)
8:BR,Player:0f:5hJh,2d8s|:50,-50(50.000000)
9:Player,BR:0cr600c/cr2650c/cc/cc:JsJc,7cKd|/6s6dKh/4h/Th:-3350,3350(-2129.609483)
10:BR,Player:0r130c/r327c/cr478f:4c8c,2sQs|/7s7dAh/9d:-557,557(-557.000000)
11:Player,BR:0cc/cr876f:5cKh,TcKd|/8sJcQs:-100,100(-100.000000)
12:BR,Player:0r130c/r100c/cr429c/cc:7dKs,7sTd|/ThKhAh/Jc/Ad:759,-759(534.478515)
13:Player,BR:0cc/cr216c/cc/cc:3cKc,5s5c|/2s4cJs/9s/2c:-316,316(-234.326593)
14:BR,Player:0f:8cJs,2h7d|:50,-50(50.000000)
15:Player,BR:0cc/cr124f:5d8c,TsKc|/7sKhAs:-100,100(-100.000000)
16:BR,Player:0r130c/r1001f:8sTs,TcKc|/8dQdKd:230,-230(230.000000)
17:Player,BR:0cc/cr1532f:2h3s,4c6d|/6s6hTd:-100,100(-100.000000)
18:BR,Player:0r130c/r2014f:6cKs,2dTd|/2c9cJd:230,-230(230.000000)
19:Player,BR:0cr300c/cr569c/cc/cc:8hTc,2c4s|/3h8cJs/Qc/7d:969,-969(969.000000)
20:BR,Player:0r130c/r2014c/cc/cr4633c:6sTd,6d8d|/3d4s7c/Ah/Ks:6877,-6877(5202.351901)
21:Player,BR:0cc/cr435f:TcQs,8dTh|/3h4sAc:-100,100(-100.000000)
22:BR,Player:0r200c/r1306r3224r3224r11946f:2dKh,QsAs|/3d4s8s:-8054,8054(-8054.000000)
23:Player,BR:0cc/cr435f:6sQh,2hTd|/TcKhAd:-100,100(-100.000000)
24:BR,Player:0r200c/r2284f:8cKh,5hAd|/3c6sKc:300,-300(300.000000)
25:Player,BR:0cc/cr1761f:2d7d,5h8d|/6hJhAd:-100,100(-100.000000)
26:BR,Player:0r130c/r4051f:3s6s,7d9s|/2c4s9c:230,-230(230.000000)
27:Player,BR:0cc/cr876f:5d8c,JdAd|/5h7sKs:-100,100(-100.000000)
28:BR,Player:0r130c/r2014f:2s6h,2c5c|/6c7hQc:230,-230(230.000000)
29:Player,BR:0cc/cr435f:2cTh,2s3h|/4h5cKs:-100,100(-100.000000)
30:BR,Player:0r130c/r163c/cr665c/cc:KcAh,3dAc|/9h9dQs/Js/Ts:1058,-1058(1058.000000)
31:Player,BR:0cc/r130r573f:TsJd,4hQs|/3s8h8c:-230,230(-230.000000)
32:BR,Player:0r130c/r1001f:9hTs,QsAc|/4c7dJs:230,-230(230.000000)
33:Player,BR:0cr600c/cr3047f:9sAs,3s7h|/3c8sJh:-700,700(-700.000000)
34:BR,Player:0r130c/r871c/cc/cc:9hQd,9sQs|/9cThJh/2c/Ac:0,-0(-858.685891)
35:Player,BR:0cc/cr1761f:2h6d,7dJd|/6sKcAs:-100,100(-100.000000)
36:BR,Player:0f:6cJc,3c7d|:50,-50(50.000000)
37:Player,BR:0cc/cr876f:3hJd,6h9d|/7h7dQh:-100,100(-100.000000)
38:BR,Player:0r200c/r1306f:6c9c,8dAh|/3s3cJs:300,-300(300.000000)
39:Player,BR:0cc/r130r1751f:5h7s,AhAd|/6s6d6c:-230,230(-230.000000)
40:BR,Player:0r200c/r1306f:7dQh,4hKs|/2h2c9d:300,-300(300.000000)
41:Player,BR:0cr300c/r520r1991f:7c8d,5hJh|/4hThAh:-920,920(-920.000000)
42:BR,Player:0r130c/r1001f:6dJs,3hKh|/2c5c7s:230,-230(230.000000)
43:Player,BR:0cc/cr1761f:2c7h,2s8d|/7cQsKh:-100,100(-100.000000)
44:BR,Player:0r130c/r2014f:2h5h,9cQc|/5cThAd:230,-230(230.000000)
45:Player,BR:0cc/cr379f:JcQd,6s9c|/2d7s9d:-100,100(-100.000000)
46:BR,Player:0f:4c5s,2c6d|:50,-50(50.000000)
47:Player,BR:0cr300c/cr495c/cc/r305c:5dQs,2dKc|/2s4s4d/3s/6c:1200,-1200(-636.325793)
48:BR,Player:0r200c/r371c/cr709c/cr4140c:9cAd,4h6h|/5h9hQc/3c/8h:-5520,5520(-880.853309)
49:Player,BR:0cc/cr876f:3hKs,6h9s|/7d9dKc:-100,100(-100.000000)
50:BR,Player:0r130c/r871f:9cKh,6dQc|/2s2dKs:230,-230(230.000000)
51:Player,BR:0cc/cr379f:6c9d,9sTc|/2d2cTs:-100,100(-100.000000)
52:BR,Player:0r130c/r2014f:2c5s,JsKs|/3c9cKh:230,-230(230.000000)
53:Player,BR:0cr200c/cr1306c/r914c/cc:9cKc,4c6h|/9dTsJh/4d/2s:2520,-2520(1350.461471)
54:BR,Player:0r130c/r498c/cr307c/cc:7sQc,7cTd|/4s7hJd/6d/4c:1035,-1035(385.917586)
55:Player,BR:0cc/cr379f:4cJs,6cAd|/ThTdTc:-100,100(-100.000000)
56:BR,Player:0r200c/r2627r6043r6043c/cc/cr4987c:4s6c,4d5h|/3d6sKh/Th/Td:20000,-20000(-37.915657)
57:Player,BR:0cr200c/r390r390f:5cAs,4dAc|/3s6dTs:-690,690(-690.000000)
58:BR,Player:0r130c/r1001c/cc/cc:9dKs,8cAh|/2h4c8d/7d/Td:-1231,1231(-1231.000000)
59:Player,BR:0cc/cr876f:2cJd,TsKh|/2h8c9h:-100,100(-100.000000)
60:BR,Player:0cc/r435f:3sKd,7d8h|/3d4hQc:100,-100(100.000000)
61:Player,BR:0cc/cr435f:QcKd,7hQd|/7d8sTd:-100,100(-100.000000)
62:BR,Player:0cc/r124c/cc/cr236f:7dAh,3d5s|/5h8s8c/5c/Qc:-224,224(-224.000000)
63:Player,BR:0cc/cr379f:5c8c,2c8s|/2s2d7d:-100,100(-100.000000)
64:BR,Player:0r130c/r2014f:4h6s,5cTc|/2sThJd:230,-230(230.000000)
65:Player,BR:0cc/cr876f:8dQh,3c7d|/7sTsKd:-100,100(-100.000000)
66:BR,Player:0r130c/r2014f:7hAd,7cKc|/3s4dQd:230,-230(230.000000)
67:Player,BR:0cr300c/cr3503f:ThTc,5h9c|/6h8dJh:-400,400(-400.000000)
68:BR,Player:0cc/r3080f:9hTs,5s5d|/4s7cQc:100,-100(100.000000)
69:Player,BR:0cc/cr1761f:3s7h,TdQs|/7c9hAc:-100,100(-100.000000)
70:BR,Player:0r130c/r2014f:8sTs,QhAc|/3h5dJc:230,-230(230.000000)
71:Player,BR:0cc/cr876f:9hQd,9cKh|/2d7dAs:-100,100(-100.000000)
72:BR,Player:0r130c/r2014f:6s8h,2sAc|/3c7s9s:230,-230(230.000000)
73:Player,BR:0cr200c/cr2627f:5sAs,5dJh|/7h9hTc:-300,300(-300.000000)
74:BR,Player:0r130c/r2014f:7d9d,5d8s|/2s6sJc:230,-230(230.000000)
75:Player,BR:0cc/cr9423f:5cTc,6cJh|/QhKdAs:-100,100(-100.000000)
76:BR,Player:0r130c/r3522f:4dKd,8sQd|/3d5d7s:230,-230(230.000000)
77:Player,BR:0cr200c/cr1306f:JhQd,QsKs|/6h6d7s:-300,300(-300.000000)
78:BR,Player:0f:5cQs,2c8d|:50,-50(50.000000)
79:Player,BR:0cr300c/cr1741f:2d3d,2h6d|/5h8hQs:-400,400(-400.000000)
80:BR,Player:0r130c/r19770f:5h9s,ThKc|/2c5c9h:230,-230(230.000000)
81:Player,BR:0cr1200c/cr1850f:8hTh,3sTs|/2cQsQc:-1300,1300(-1300.000000)
82:BR,Player:0r200c/r371c/cr1129c/cr5400f:8h8d,9d9c|/4s6dQh/9h/Ks:-1800,1800(-1800.000000)
83:Player,BR:0cc/cr435c/cc/cc:2dJs,2hTs|/3h6hJc/6c/Qh:535,-535(535.000000)
84:BR,Player:0r130c/r1001f:2hAd,8sJd|/4d5s5h:230,-230(230.000000)
85:Player,BR:0cr300c/r520r4005f:JhKs,2dJs|/2s5h9s:-920,920(-920.000000)
86:BR,Player:0r130c/r1001f:6cQd,5h9s|/3h4s5s:230,-230(230.000000)
87:Player,BR:0cc/cr876f:6cKs,2cJh|/5s6s7h:-100,100(-100.000000)
88:BR,Player:0r130c/r2014f:3c6c,5c7d|/5s9dKs:230,-230(230.000000)
89:Player,BR:0cr300c/cr1741f:JsJh,7dKs|/6h8h8c:-400,400(-400.000000)
90:BR,Player:0r130c/r1001f:3cQs,6hJc|/4s7c9c:230,-230(230.000000)
91:Player,BR:0cr200c/cr1306f:5d7d,QsAc|/9cJsKc:-300,300(-300.000000)
92:BR,Player:0r200c/r1306f:8hTs,TdTc|/5s8c9h:300,-300(300.000000)
93:Player,BR:0cc/cr876f:6sKh,5sJc|/3c9sKd:-100,100(-100.000000)
94:BR,Player:0cc/r435c/cc/cr1565c:8sAc,6c7d|/4h5s9s/9d/Qd:2100,-2100(688.649242)
95:Player,BR:0cc/cr876f:4s6d,TcQd|/4d8sJh:-100,100(-100.000000)
96:BR,Player:0r130c/r285f:6dJs,3hKd|/8cJdAh:230,-230(230.000000)
97:Player,BR:0cr300c/cr1741c/cc/r2059c:5d6h,3dJc|/2c6d6c/Jh/5h:4200,-4200(1544.627058)
98:BR,Player:0r130c/r285f:9sJh,6dTh|/5dJcAc:230,-230(230.000000)
99:Player,BR:0cc/cr876f:3cJh,3s4c|/4hKsAc:-100,100(-100.000000)
100:BR,Player:0r200c/r371c/cc/cc:7s7h,2d8d|/2c3cJs/4s/4c:671,-671(638.882518)
101:Player,BR:0cc/cr124f:3dTc,7cQh|/6dQsAd:-100,100(-100.000000)
102:BR,Player:0r130c/r1001f:7h9d,6sTd|/7c8cTs:230,-230(230.000000)
103:Player,BR:0cc/cr1761f:3sAc,2s9c|/5h9hJh:-100,100(-100.000000)
104:BR,Player:0r130c/r285c/cc/cc:6dAh,4s6s|/3h6hKs/Ac/8s:515,-515(515.000000)
105:Player,BR:0cc/cr1761f:4d9h,7cKh|/2s9cJh:-100,100(-100.000000)
106:BR,Player:0r130c/r2014c/cc/cr4633f:2sAh,3s8s|/3c5cJs/6s/8c:-2244,2244(-2244.000000)
107:Player,BR:0cc/cr435c/cc/r515c:8c9d,2h3s|/2d6c8s/As/9s:1050,-1050(534.278021)
108:BR,Player:0r130c/r142r421c/cr1586f:3c9h,KsKc|/2s9sQc/5d:-793,793(-793.000000)
109:Player,BR:0cr130c/cr2014f:7dKh,3sJc|/5c9sAc:-230,230(-230.000000)
110:BR,Player:0r130c/r2014f:6h9h,2s2c|/7cTcJh:230,-230(230.000000)
111:Player,BR:0cr130c/cr2014f:2hAh,2s8h|/7s8sQd:-230,230(-230.000000)
112:BR,Player:0r200c/r1306c/cc/cr4694f:JsKh,7dAd|/5c6dQd/3c/2d:-1606,1606(-1606.000000)
113:Player,BR:0cc/cr876f:3sAc,6sJs|/5s9sQh:-100,100(-100.000000)
114:BR,Player:0r130c/r285f:7cJh,9cQc|/3h7hKs:230,-230(230.000000)
115:Player,BR:0cc/cr1761f:4dTd,3dKd|/5s9sAc:-100,100(-100.000000)
116:BR,Player:0r130c/r2014f:9hQd,JsAh|/7d8sKd:230,-230(230.000000)
117:Player,BR:0cc/cr876f:3dKc,2c6c|/5c8cQh:-100,100(-100.000000)
118:BR,Player:0r130c/r1001c/cr2472f:5hTc,5c8d|/4c9cQc/2d:-1231,1231(-1231.000000)
119:Player,BR:0cr600c/r4200f:5d7c,2h5s|/2dTdQc:700,-700(700.000000)
120:BR,Player:0r130c/r163f:9hAs,7c8s|/3h3d5s:230,-230(230.000000)
121:Player,BR:0cc/cr379f:4h6s,4dKd|/8cTcKs:-100,100(-100.000000)
122:BR,Player:0f:QhAc,2s4d|:50,-50(50.000000)
123:Player,BR:0cc/cr3080f:7sQc,4s9d|/5c7h8d:-100,100(-100.000000)
124:BR,Player:0r200c/r2284f:6dKs,2dAc|/5sJsKc:300,-300(300.000000)
125:Player,BR:0cc/cr876f:7dAc,JcQh|/4hTsKh:-100,100(-100.000000)
126:BR,Player:0r130c/r871f:8c9c,5d7s|/2c3d9d:230,-230(230.000000)
127:Player,BR:0cc/cr379f:9dQs,TsTc|/3d5s6s:-100,100(-100.000000)
128:BR,Player:0f:6hJc,2d3c|:50,-50(50.000000)
129:Player,BR:0cc/cr876f:6cQs,3d7d|/8hAsAh:-100,100(-100.000000)
130:BR,Player:0r130c/r3522f:6sQc,8cKh|/3cJsQs:230,-230(230.000000)
131:Player,BR:0cc/cr3080f:2d6s,7dQh|/TsJdAs:-100,100(-100.000000)
132:BR,Player:0f:4d6h,2h4c|:50,-50(50.000000)
133:Player,BR:0cc/cr876f:3d8c,7cAs|/2c5sQd:-100,100(-100.000000)
134:BR,Player:0r200c/r1306f:9cTh,3cKc|/8d9dAd:300,-300(300.000000)
135:Player,BR:0cc/cr1761f:4sKh,4c5d|/5cThKc:-100,100(-100.000000)
136:BR,Player:0cc/r124f:9hTd,2cQh|/3d9dJd:100,-100(100.000000)
137:Player,BR:0cc/cr1532f:9sKh,JhQd|/3d4sQc:-100,100(-100.000000)
138:BR,Player:0r200c/r1306f:9cAh,8cTs|/4h5d8h:300,-300(300.000000)
139:Player,BR:0cr130c/r460r982f:TcKh,7s8h|/5s7hJd:-690,690(-690.000000)
140:BR,Player:0r200c/r2627f:3cKc,8dAd|/2d4cQc:300,-300(300.000000)
141:Player,BR:0cr200c/r390r854f:6s7c,4sTh|/2d3cTc:-690,690(-690.000000)
142:BR,Player:0r200c/r427f:5s8c,4hKd|/2d9sTd:300,-300(300.000000)
143:Player,BR:0cr200c/r600r1948c/r392c/cc:9s9h,KsKc|/3c6d8d/5h/4s:-3240,3240(-1736.170926)
144:BR,Player:0r200c/r2627f:5cJc,5hTh|/7c9sTc:300,-300(300.000000)
145:Player,BR:0cc/cr435f:3d8c,8dTd|/6dAdAc:-100,100(-100.000000)
146:BR,Player:0f:3s9h,2d9s|:50,-50(50.000000)
147:Player,BR:0cc/cr876c/cc/r974f:2d3c,8dTc|/4cQcAd/Qs/6s:976,-976(976.000000)
148:BR,Player:0r130c/r163c/cc/cr987f:2h7s,7c9h|/2c9sKh/Kd/6s:-393,393(-393.000000)
149:Player,BR:0cc/cr216c/cc/cc:3h7d,5sKd|/3c8dKs/Jc/2s:-316,316(-177.558748)
150:BR,Player:0r130c/r1001c/cc/cr2472f:5h9h,6d8s|/6h6cQd/Qh/As:-1231,1231(-1231.000000)
151:Player,BR:0cr300c/cr1741f:KhKd,4sTs|/2s3c5d:-400,400(-400.000000)
152:BR,Player:0f:2sTd,2h6s|:50,-50(50.000000)
153:Player,BR:0cc/cr379c/r121c/r1200f:3sQh,4cJh|/4s4hQs/Qd/2s:600,-600(600.000000)
154:BR,Player:0r130c/r1001f:4h7c,7hTh|/9dTdAs:230,-230(230.000000)
155:Player,BR:0cr300c/cr3503f:9cJc,2s6s|/4hQsKc:-400,400(-400.000000)
156:BR,Player:0r130c/r4051f:2d8d,5cQh|/5h7dTs:230,-230(230.000000)
157:Player,BR:0cc/cr379f:8cKh,9hJd|/4hJsAs:-100,100(-100.000000)
158:BR,Player:0r130c/r1001f:5h6s,8hTc|/2s7sKh:230,-230(230.000000)
159:Player,BR:0cc/cr1532f:6sJh,AhAd|/3c4sQd:-100,100(-100.000000)
160:BR,Player:0cc/r761c/cc/cc:5hTh,QsKh|/5sTcQh/9d/9s:-861,861(-537.079418)
161:Player,BR:0cr200c/cr2627r8773f:9cTc,7h9d|/6s7cQc:2927,-2927(2927.000000)
162:BR,Player:0r200c/r2627f:8sTd,2sQc|/2dTcKd:300,-300(300.000000)
163:Player,BR:0cr300c/cr3503r16097f:KhAc,2h2d|/4c9cKd:3903,-3903(3903.000000)
164:BR,Player:0r130c/r498c/cc/cr1342c:7dAd,2cQc|/TsQsAc/4c/7s:2070,-2070(895.573814)
165:Player,BR:0cc/cr379f:8cQh,7hJh|/2s3dJc:-100,100(-100.000000)
166:BR,Player:0r300c/r3503f:2h8d,4sKc|/4h9cJd:400,-400(400.000000)
167:Player,BR:0cc/cr379c/cc/cc:5h9d,3hKd|/4h5cKs/Ac/6h:-479,479(-287.425024)
168:BR,Player:0r130c/r871f:5sAs,4dJh|/3c6sAh:230,-230(230.000000)
169:Player,BR:0cr600c/cr3047f:2c3s,3h4c|/5d9hTc:-700,700(-700.000000)
170:BR,Player:0r200c/r1306f:3d6d,6hAd|/9sJsKh:300,-300(300.000000)
171:Player,BR:0cc/cr19900f:5c8s,9dKd|/2s9cKs:-100,100(-100.000000)
172:BR,Player:0f:3d4h,3c9s|:50,-50(50.000000)
173:Player,BR:0cc/cr435f:2hTs,9hAc|/8dThKc:-100,100(-100.000000)
174:BR,Player:0f:3s9d,2h5c|:50,-50(50.000000)
175:Player,BR:0cr600c/cr3047f:JdAs,3c6c|/7s7h8h:-700,700(-700.000000)
176:BR,Player:0r200c/r649c/cr401c/cc:KcAd,ThTd|/3s4h4c/3c/7s:-1350,1350(735.111837)
177:Player,BR:0cc/cr216c/cc/r884f:5h6d,9h9d|/3c5dQd/4h/5s:316,-316(316.000000)
178:BR,Player:0r200c/r2627f:4hTh,6dKs|/3h7sAh:300,-300(300.000000)
179:Player,BR:0cr300c/cr3503f:9dQh,4h7c|/2cTcJs:-400,400(-400.000000)
180:BR,Player:0r130c/r498c/cr307c/cc:JhJc,8cKc|/4d8sQd/5s/2h:1035,-1035(1031.116544)
181:Player,BR:0cr200c/cr747f:9hKh,3sTc|/6d7dAd:-300,300(-300.000000)
182:BR,Player:0r130c/r1001f:3sQs,4s5h|/2s9s9h:230,-230(230.000000)
183:Player,BR:0cr200c/cr1306f:JsQd,8d9h|/7s7hKc:-300,300(-300.000000)
184:BR,Player:0r130c/r1001c/cr5209f:8hTs,7sJc|/5hJhJd/5d:-1231,1231(-1231.000000)
185:Player,BR:0cc/cr876f:2dKc,7cTh|/3h8hQh:-100,100(-100.000000)
186:BR,Player:0r130c/r100c/cr429c/cr986f:6sAh,2hQh|/7hJsJd/3d/Ts:-759,759(-759.000000)
187:Player,BR:0cc/cr3080f:6sQd,4s9s|/7cJdJc:-100,100(-100.000000)
188:BR,Player:0r130c/r1001c/cc/cc:3hTd,ThQd|/8sQsKd/5h/Kc:-1231,1231(-1231.000000)
189:Player,BR:0cc/cr124c/cc/cc:3d7s,2cKh|/2s7hAd/Kd/Ts:-224,224(-214.409021)
190:BR,Player:0f:8sJs,3c8h|:50,-50(50.000000)
191:Player,BR:0cc/cr435f:4hAs,2hAh|/7dTcKs:-100,100(-100.000000)
192:BR,Player:0r130c/r1001f:9hJc,6dTc|/4d4cAd:230,-230(230.000000)
193:Player,BR:0cr300c/cr3503f:7s8c,4s9c|/5c8hTd:-400,400(-400.000000)
194:BR,Player:0r130c/r1001f:5s7d,4dTd|/3d9sQc:230,-230(230.000000)
195:Player,BR:0cc/cr876f:4sJd,3hJc|/3d4c6d:-100,100(-100.000000)
196:BR,Player:0f:9hQc,2sJh|:50,-50(50.000000)
197:Player,BR:0cr200c/cr4595f:7d9h,3cJc|/JhQcAc:-300,300(-300.000000)
198:BR,Player:0cc/r435c/cr305c/cc:TsAs,4dJc|/2d8dJd/5c/Kd:-840,840(-840.000000)
199:Player,BR:0cc/cr435f:3c9h,5c7d|/2h3h5d:-100,100(-100.000000)
200:BR,Player:0r200c/r1306f:3hAs,7hAd|/3dQsKh:300,-300(300.000000)
201:Player,BR:0cc/cr435f:5dQc,2d6h|/9sQhKs:-100,100(-100.000000)
202:BR,Player:0r130c/r2014f:4cTc,5s9c|/6hTdAh:230,-230(230.000000)
203:Player,BR:0cc/cr379f:2hTs,4hAc|/7hJdAs:-100,100(-100.000000)
204:BR,Player:0cc/r379f:5dQh,7dAh|/2dTsQs:100,-100(100.000000)
205:Player,BR:0cc/cr124r236r2003f:3sKc,7cQs|/AsAhAd:-460,460(-460.000000)
206:BR,Player:0f:6sTh,2c4h|:50,-50(50.000000)
207:Player,BR:0cr300c/cr3503f:3dAd,4dKd|/4c8s9h:-400,400(-400.000000)
208:BR,Player:0r200c/r1306f:5c7s,5h7d|/4h4dKs:300,-300(300.000000)
209:Player,BR:0cc/cr876f:2s8c,8sJh|/6s7h9h:-100,100(-100.000000)
210:BR,Player:0r130c/r2014f:2d5d,3h8h|/5s6cKs:230,-230(230.000000)
211:Player,BR:0cr200c/cr2627f:4s7h,TcQc|/3s8cKh:-300,300(-300.000000)
212:BR,Player:0cc/r761f:7sKd,5hAs|/8dQcKs:100,-100(100.000000)
213:Player,BR:0cr600c/cr3047f:JhAc,2s9h|/4d6cTh:-700,700(-700.000000)
214:BR,Player:0f:8dTh,2c4d|:50,-50(50.000000)
215:Player,BR:0cc/cr1761f:5dJs,8cTd|/4h9sJc:-100,100(-100.000000)
216:BR,Player:0r130c/r285c/cc/cc:TsQc,QsKh|/6hTdAs/7s/7h:515,-515(380.268595)
217:Player,BR:0cr200c/cr2627f:TcAs,5d7h|/4h8hKs:-300,300(-300.000000)
218:BR,Player:0r130c/r163c/cr665c/cc:4c7c,6dKd|/4h9cQs/7d/Qd:1058,-1058(302.740139)
219:Player,BR:0cc/cr876f:2hTd,2s3s|/4sQhKh:-100,100(-100.000000)
220:BR,Player:0cc/r435c/cc/cc:4cTs,2sAs|/2h5sKd/8c/Jh:-535,535(-535.000000)
221:Player,BR:0cc/cr124c/cc/cc:4hTc,3s8c|/4d8s9h/Qs/Ks:-224,224(-88.002720)
222:BR,Player:0r130c/r871c/cc/cr1659c:9dKc,5dKs|/2sTdKd/4c/7h:2760,-2760(397.170797)
223:Player,BR:0cc/cr435f:2s4c,6sKs|/8h8dAc:-100,100(-100.000000)
224:BR,Player:0cc/r876f:4hTc,4d8h|/5c6dKc:100,-100(100.000000)
225:Player,BR:0cc/cr876f:8hAc,2h2d|/6c7s8s:-100,100(-100.000000)
226:BR,Player:0r200c/r1306f:8dAd,2dAh|/7c9sQh:300,-300(300.000000)
227:Player,BR:0cc/cr761f:9hJc,2sQh|/2hQsAc:-100,100(-100.000000)
228:BR,Player:0f:3cAs,2h7c|:50,-50(50.000000)
229:Player,BR:0cr300c/cr495r945r4580f:ThKd,6d9c|/4s6hTs:-1840,1840(-1840.000000)
230:BR,Player:0r200c/r649c/cr401c/cc:QhKd,3c5c|/2c9cQc/8s/6c:-1350,1350(-293.180078)
231:Player,BR:0cc/cr876f:8sAh,6hAs|/3s4c7d:-100,100(-100.000000)
232:BR,Player:0r300c/r569c/cr471f:2d5s,4sQh|/3sQsAh/3d:-969,969(-969.000000)
233:Player,BR:0cc/cr876f:7sJh,3h9c|/9dTcQc:-100,100(-100.000000)
234:BR,Player:0cc/r876f:2d6h,8h9d|/2s8sQs:100,-100(100.000000)
235:Player,BR:0cc/cr435f:6hTd,9dJs|/8cKcAs:-100,100(-100.000000)
236:BR,Player:0r130c/r871f:5d7h,8sJh|/5s5cAh:230,-230(230.000000)
237:Player,BR:0cr300c/cr3503f:7cAs,2h5s|/3s3h9h:-400,400(-400.000000)
238:BR,Player:0r300c/r3503f:3sQh,4cAh|/5c7hJc:400,-400(400.000000)
239:Player,BR:0cr300c/cr3503f:KcAc,2c8h|/3d9sTc:-400,400(-400.000000)
240:BR,Player:0r200c/r2627f:3s9s,6dQh|/2hKdAd:300,-300(300.000000)
241:Player,BR:0cc/cr876f:8hAs,2d3c|/4c5d7d:-100,100(-100.000000)
242:BR,Player:0r130c/r2014f:7d8h,QsQh|/5h6sAs:230,-230(230.000000)
243:Player,BR:0cr600c/cr1742f:3h6h,4c7s|/5c8sAh:-700,700(-700.000000)
244:BR,Player:0r130c/r2014f:3s9h,9s9d|/5c6hTs:230,-230(230.000000)
245:Player,BR:0cr200c/cr747f:7c9c,2h6c|/6sQsQh:-300,300(-300.000000)
246:BR,Player:0r130c/r1001f:3d8h,3hAh|/8dKdAd:230,-230(230.000000)
247:Player,BR:0cr600c/r4200f:KhKd,5c6d|/2hTsQc:700,-700(700.000000)
248:BR,Player:0r130c/r871f:8d8c,4sTd|/2d2c7c:230,-230(230.000000)
249:Player,BR:0cr300c/cr1741c/cc/cc:8hAh,4c8s|/2h5d7h/Jc/3s:2141,-2141(2141.000000)
250:BR,Player:0r130c/r2014f:KcAd,TsJh|/3d9hTc:230,-230(230.000000)
251:Player,BR:0cc/cr3080f:5cAs,3c4c|/4sTsQc:-100,100(-100.000000)
252:BR,Player:0cc/r142c/cr208f:2h6d,2dAs|/7c8hAc/Kc:-242,242(-242.000000)
253:Player,BR:0cc/cr124c/cc/cc:8dQh,6sAh|/3cThTd/6d/6c:-224,224(-163.001964)
254:BR,Player:0r130c/r2014f:6dKc,9cAs|/5c9dJh:230,-230(230.000000)
255:Player,BR:0cc/cr876f:3d4s,2hTh|/2s6sQs:-100,100(-100.000000)
256:BR,Player:0r200c/r1306c/cr1544c/cr16850c:5hKc,3d4d|/2d5s7d/9d/4h:-20000,20000(-2375.925458)
257:Player,BR:0cc/cr3080f:5hAs,2h3s|/6sKdAc:-100,100(-100.000000)
258:BR,Player:0r200c/r19700f:4c9h,2sAh|/4s9cQh:300,-300(300.000000)
259:Player,BR:0cr300c/r800r1708f:8cTc,6s8h|/2s5cJs:-1200,1200(-1200.000000)
260:BR,Player:0r130c/r2014f:3cKh,5cJc|/5h8cTh:230,-230(230.000000)
261:Player,BR:0cr200c/cr2627f:6hKs,4c7s|/9d9cTs:-300,300(-300.000000)
262:BR,Player:0r200c/r2627f:5sKh,8sJc|/3h3c6d:300,-300(300.000000)
263:Player,BR:0cr1200c/cr11383f:3d6d,7cTh|/3cTsQs:-1300,1300(-1300.000000)
264:BR,Player:0f:8sJc,2sTc|:50,-50(50.000000)
265:Player,BR:0cr130c/r299r2303f:9sJs,3h8d|/7dQcAs:-529,529(-529.000000)
266:BR,Player:0r130c/r2014c/cc/cr6726f:5c6c,8sTs|/2d3sKs/Qh/Ad:-2244,2244(-2244.000000)
267:Player,BR:0cc/cr216f:7hQc,TsAh|/2hThKs:-100,100(-100.000000)
268:BR,Player:0r130c/r1001f:6c8c,9sQc|/2cThTd:230,-230(230.000000)
269:Player,BR:0cc/cr124f:3c8s,2hJc|/2dQcAd:-100,100(-100.000000)
270:BR,Player:0r200c/r2627c/cc/cc:5c6d,3c6c|/2d3h9c/2h/Ts:-2927,2927(-2927.000000)
271:Player,BR:0cc/cr142f:6s7c,9hKs|/5s5dTd:-100,100(-100.000000)
272:BR,Player:0r130c/r2014r17756f:2s9d,QsQh|/2d4d8s:-2244,2244(-2244.000000)
273:Player,BR:0cc/cr2679c/r671c/cc:6d7s,5h9h|/5s5cJs/Ah/7d:-3450,3450(-3073.634488)
274:BR,Player:0f:2sTc,3c7d|:50,-50(50.000000)
275:Player,BR:0cc/cr876f:2cAs,8c9d|/3h6h7d:-100,100(-100.000000)
276:BR,Player:0r130c/r1001c/cr701f:4d6c,8cTs|/7c9sQd/Jc:-1231,1231(-1231.000000)
277:Player,BR:0cc/cr876f:5dQs,6hJc|/KcAhAc:-100,100(-100.000000)
278:BR,Player:0cc/r435f:4c8h,3s5d|/2d3c7c:100,-100(100.000000)
279:Player,BR:0cr200c/cr2284f:9sJs,JcKc|/JhKhAh:-300,300(-300.000000)
280:BR,Player:0r130c/r498c/cr859c/cc:5dQd,8dTd|/2h8hQc/Ts/2d:1587,-1587(1316.217761)
281:Player,BR:0cr300c/r520r2290f:6cQc,4dQh|/2h7c8h:-920,920(-920.000000)
282:BR,Player:0r200c/r2627f:TcJh,KhAh|/2d8sQc:300,-300(300.000000)
283:Player,BR:0cc/cr124r236r4028f:TcJs,7s8d|/3s3c8c:-460,460(-460.000000)
284:BR,Player:0r130c/r327f:ThAs,2c3c|/7h7c8h:230,-230(230.000000)
285:Player,BR:0cc/cr1761f:6dKc,9sTc|/4s5h8h:-100,100(-100.000000)
286:BR,Player:0r130c/r1001f:6d9s,6cQh|/6s7dKh:230,-230(230.000000)
287:Player,BR:0cr300c/r520r520c/r768c/r1104c:5s6s,3cKh|/3d4s7h/Ad/8c:3312,-3312(-1853.643538)
288:BR,Player:0r130c/r871f:2h3c,4s7s|/3h3dTd:230,-230(230.000000)
289:Player,BR:0cc/cr1761f:3d9s,4c7s|/5c6cTd:-100,100(-100.000000)
290:BR,Player:0r130c/r1001f:3c5d,2hTh|/2d7dAd:230,-230(230.000000)
291:Player,BR:0cr300c/r800r10508f:TcJc,7cQh|/8h9dKc:-1200,1200(-1200.000000)
292:BR,Player:0r130c/r285c/cr865c/cc:KdAc,7cQs|/5d9s9c/5h/3c:1380,-1380(1380.000000)
293:Player,BR:0cc/cr435f:2dTc,3h7d|/2c5dKd:-100,100(-100.000000)
294:BR,Player:0r200c/r1306c/cc/cr3224f:2h3c,3s5d|/2s4c8h/Td/6s:-1606,1606(-1606.000000)
295:Player,BR:0cc/cr876f:2cTh,4s6s|/5c9h9c:-100,100(-100.000000)
296:BR,Player:0r200c/r2627f:TsAh,9sQc|/3s4cKs:300,-300(300.000000)
297:Player,BR:0cc/cr8194f:3h4d,9sTc|/9cTsAh:-100,100(-100.000000)
298:BR,Player:0r130c/r1001f:3cKc,7s8s|/2d3h4d:230,-230(230.000000)
299:Player,BR:0cr200c/r390r3004f:8cTc,5c6s|/4d7sTs:-690,690(-690.000000)
300:BR,Player:0r200c/r2627f:2dJs,7d9h|/7h8hTd:300,-300(300.000000)
301:Player,BR:0cc/cr142f:2h6s,5c7h|/TcJcAc:-100,100(-100.000000)
302:BR,Player:0cc/r876f:2h7h,6cJs|/QcKcAs:100,-100(100.000000)
303:Player,BR:0cc/cr876f:4d8c,5s9h|/3dJcKd:-100,100(-100.000000)
304:BR,Player:0r130c/r498c/cc/cc:6cQh,6dJd|/TcJhQs/Ts/9h:728,-728(206.596705)
305:Player,BR:0cr600c/cr3047f:KsAd,5sTd|/7d7c9c:-700,700(-700.000000)
306:BR,Player:0r130c/r285r543r4606f:2dTs,9cQc|/6cThKd:1058,-1058(1058.000000)
307:Player,BR:0cc/cr124c/cc/r376c:3dAs,9hQc|/8sQdAc/5s/4s:600,-600(-46.387614)
308:BR,Player:0f:8sKc,2c5s|:50,-50(50.000000)
309:Player,BR:0cc/cr3080f:2d4s,4c7c|/6d9cKc:-100,100(-100.000000)
310:BR,Player:0r130c/r1001f:6s8d,5s5c|/8sThQc:230,-230(230.000000)
311:Player,BR:0cc/cr1761f:5hJs,8dJh|/2d6cQd:-100,100(-100.000000)
312:BR,Player:0cc/r100c/cr100c/cc:7dAd,6d7c|/4cQsQc/7h/As:300,-300(300.000000)
313:Player,BR:0cr200c/cr2627f:4s8d,6dKh|/2h2c7c:-300,300(-300.000000)
314:BR,Player:0r200c/r1136c/cc/cr1324f:QhQd,3c5h|/5d5c9d/9c/6d:-1436,1436(-1436.000000)
315:Player,BR:0cr300c/r800r800f:7hJc,8sKd|/2h3h5d:-1200,1200(-1200.000000)
316:BR,Player:0r130c/r163f:5dAc,7cKh|/TdQsQd:230,-230(230.000000)
317:Player,BR:0cc/cr379f:6sJh,TdJs|/5d9hTs:-100,100(-100.000000)
318:BR,Player:0r200c/r2627f:4sQs,2sQd|/8s8cTc:300,-300(300.000000)
319:Player,BR:0cr300c/cr866c/r174c/r288c:6sKs,4dJc|/5h6dJd/Js/7h:-1728,1728(-1669.744269)
320:BR,Player:0r130c/r1001f:3s4h,6dKs|/5c8cKh:230,-230(230.000000)
321:Player,BR:0cc/cr3080f:8cKd,3s5s|/6sKcAh:-100,100(-100.000000)
322:BR,Player:0r130c/r100r429r1889f:8sAh,7hQs|/3s7cKd:759,-759(759.000000)
323:Player,BR:0cr300c/cr3503f:JcKh,TdAc|/6h8sJs:-400,400(-400.000000)
324:BR,Player:0r130c/r2014r17756f:5sQs,9cKd|/8c9sKc:-2244,2244(-2244.000000)
325:Player,BR:0cc/cr1761f:5s8c,2s9s|/QhQcKs:-100,100(-100.000000)
326:BR,Player:0cc/r435f:7sJh,QcKd|/2d4d8c:100,-100(100.000000)
327:Player,BR:0cc/cr435c/cc/r1075c:6c7d,3cJc|/2d5c9d/As/8s:1610,-1610(385.239953)
328:BR,Player:0r130c/r327c/cr478c/cr1345c:JcAs,2dQh|/8s8cKc/7h/6d:2380,-2380(-570.237881)
329:Player,BR:0cr200c/cr1306c/r914f:TsAh,6s6h|/2sKhAs/Qh:1606,-1606(1606.000000)
330:BR,Player:0r130c/r1001f:6sTd,3cAh|/4c5h8h:230,-230(230.000000)
331:Player,BR:0cc/cr124c/cc/cc:2d9c,7h9s|/2s7sQd/3d/6h:-224,224(-169.940126)
332:BR,Player:0f:7d8d,3s9d|:50,-50(50.000000)
333:Player,BR:0cc/cr1761f:7c8s,9cAc|/7sThJc:-100,100(-100.000000)
334:BR,Player:0r200c/r1306f:5h6h,TsAh|/3c8c9c:300,-300(300.000000)
335:Player,BR:0cr200c/cr1306c/r914f:9hKc,3hTd|/4h9cQs/9d:1606,-1606(1606.000000)
336:BR,Player:0r200c/r19700f:JsJh,3s4s|/5c7hJd:300,-300(300.000000)
337:Player,BR:0cc/cr1532f:4dTs,8dJh|/4s8cAh:-100,100(-100.000000)
338:BR,Player:0cc/r379c/cr121c/cr1200c:JsAs,2hJc|/8sKsKh/Ac/9h:1800,-1800(1177.034839)
339:Player,BR:0cc/cr876f:5hAc,3h4d|/2hJdQd:-100,100(-100.000000)
340:BR,Player:0f:5hQc,2d7s|:50,-50(50.000000)
341:Player,BR:0cr300c/cr3503f:KdAh,5h6d|/2h3cTh:-400,400(-400.000000)
342:BR,Player:0r130c/r163c/cc/cr987c:2dJs,KdAc|/2c7dKh/Jc/Th:1380,-1380(135.096014)
343:Player,BR:0cc/cr435f:5dJh,6sJd|/3s8hQh:-100,100(-100.000000)
344:BR,Player:0r130c/r1001f:3c9s,4c5d|/8c9hQd:230,-230(230.000000)
345:Player,BR:0cc/cr876f:2hJs,TdKc|/3sJhQh:-100,100(-100.000000)
346:BR,Player:0r130c/r4051r15719f:5dKc,AhAd|/2h6s9d:-4281,4281(-4281.000000)
347:Player,BR:0cr600c/cr6130f:7s9d,3sAh|/4s6dQh:-700,700(-700.000000)
348:BR,Player:0r130c/r871c/cc/cc:3dTh,4sAs|/2c5hTd/Qc/Qh:1101,-1101(757.496667)
349:Player,BR:0cr600c/cr3047c/r2133f:7c8c,5hAh|/3c8s8h/8d:3747,-3747(3747.000000)
350:BR,Player:0r130c/r2014f:9dQh,7cKc|/7sTsJc:230,-230(230.000000)
351:Player,BR:0cr300c/cr1741f:7d7c,8dJd|/8hQdKh:-400,400(-400.000000)
352:BR,Player:0r130c/r1001c/cc/cr3599c:8sKd,QcKh|/TdJcKc/8h/As:-4830,4830(-20.843606)
353:Player,BR:0cc/cr435f:3c9h,JsKs|/6h8c9d:-100,100(-100.000000)
354:BR,Player:0r130c/r19770f:6cKc,8sKd|/2c3c9c:230,-230(230.000000)
355:Player,BR:0cr300c/cr1741f:3h6c,6hKd|/4hJdAs:-400,400(-400.000000)
356:BR,Player:0r130c/r2014f:2h3c,5sQc|/3s5cAd:230,-230(230.000000)
357:Player,BR:0cr200c/r390r1718f:8d9s,3cJd|/3dTcAh:-690,690(-690.000000)
358:BR,Player:0f:4h4c,3d7c|:50,-50(50.000000)
359:Player,BR:0cc/cr876f:4dKc,3d4h|/6c9hKh:-100,100(-100.000000)
360:BR,Player:0cc/r761r4039f:2d4c,4s7d|/3s5s6s:-861,861(-861.000000)
361:Player,BR:0cr300c/cr495f:4c6s,6dKd|/5dKhAc:-400,400(-400.000000)
362:BR,Player:0f:3hKc,2c7h|:50,-50(50.000000)
363:Player,BR:0cc/cr876f:9sJd,3d8s|/4cTdAc:-100,100(-100.000000)
364:BR,Player:0r130c/r327f:6s6h,7hTh|/JdAsAh:230,-230(230.000000)
365:Player,BR:0cr300c/cr1741f:6s6h,3h4h|/4s5dQh:-400,400(-400.000000)
366:BR,Player:0r130c/r4051f:6sJc,2d4d|/4s8dQh:230,-230(230.000000)
367:Player,BR:0cr200c/cr2627f:8sKh,7cTs|/3s8c9s:-300,300(-300.000000)
368:BR,Player:0cc/r124c/cc/cc:5c6s,8sAc|/3s5sKd/7h/4h:224,-224(224.000000)
369:Player,BR:0cr300c/cr1741f:QsKs,2cTd|/2s5c7c:-400,400(-400.000000)
370:BR,Player:0r130c/r2014f:3dJh,JcQh|/4s8hAd:230,-230(230.000000)
371:Player,BR:0cr130c/cr4051f:8hJs,7sAh|/2d4sKh:-230,230(-230.000000)
372:BR,Player:0r130c/r2014f:4h9c,QhKh|/5s6c8d:230,-230(230.000000)
373:Player,BR:0cc/cr876f:7dKc,7cTs|/2c6d9h:-100,100(-100.000000)
374:BR,Player:0r200c/r1306f:JdKs,8cKd|/3c7dTs:300,-300(300.000000)
375:Player,BR:0cr300c/cr3503f:4s5h,4h8h|/4c7hKh:-400,400(-400.000000)
376:BR,Player:0r130c/r1751f:5d9h,5sKd|/5c8h9d:230,-230(230.000000)
377:Player,BR:0cc/cr876f:TcQh,3dTd|/4d8dJs:-100,100(-100.000000)
378:BR,Player:0r200c/r427f:3h9s,TdJc|/4c7cKh:300,-300(300.000000)
379:Player,BR:0cc/cr142f:2c3h,6s7c|/9dKcAc:-100,100(-100.000000)
380:BR,Player:0r130c/r2014f:2h6c,ThAc|/7s9s9c:230,-230(230.000000)
381:Player,BR:0cr600c/r4200c/cc/cc:2h3d,9s9d|/8hQsKh/5s/Th:-4900,4900(-4357.967898)
382:BR,Player:0r200c/r212c/cc/cc:5c6d,7s8c|/6sThJd/Ts/Js:-512,512(-512.000000)
383:Player,BR:0cc/cr8194f:2h8d,7hKs|/7dQdKh:-100,100(-100.000000)
384:BR,Player:0r200c/r2627f:2s2d,9hKd|/3dKcAs:300,-300(300.000000)
385:Player,BR:0cr300c/cr1514f:3c5s,TsTd|/ThJcQh:-400,400(-400.000000)
386:BR,Player:0r130c/r1001f:2hAh,7c8s|/2cTcJc:230,-230(230.000000)
387:Player,BR:0cc/cr435f:3s9h,JdAc|/8h9cTd:-100,100(-100.000000)
388:BR,Player:0cc/r435f:6s8h,6d7h|/7cKcAs:100,-100(100.000000)
389:Player,BR:0cr600c/cr3047f:7s7d,3c6c|/5h9dTh:-700,700(-700.000000)
390:BR,Player:0r130c/r1001f:4dKs,2dAs|/9sQsAh:230,-230(230.000000)
391:Player,BR:0cc/cr876f:4dJs,8dQc|/2s9hKs:-100,100(-100.000000)
392:BR,Player:0r200c/r2627f:2sJd,8hKs|/4h8dAd:300,-300(300.000000)
393:Player,BR:0cc/cr876f:7dKs,4dTc|/4c6sJh:-100,100(-100.000000)
394:BR,Player:0r130c/r163c/cr297c/cr2070f:2hAh,8dKs|/7sKhKc/Jh/6c:-690,690(-690.000000)
395:Player,BR:0cc/cr876f:5s6h,9sQd|/4d7s7d:-100,100(-100.000000)
396:BR,Player:0cc/r379f:7hKd,9sTh|/4s5dKh:100,-100(100.000000)
397:Player,BR:0cc/cr435c/r305c/r420c:5d9h,4dQc|/4c6h7h/Ac/3h:1260,-1260(534.874029)
398:BR,Player:0r130c/r327f:4d6h,5s8c|/9sJcKd:230,-230(230.000000)
399:Player,BR:0cc/cr19900c/cc/cc:2sQs,KsAs|/4s7s8s/2c/Td:-20000,20000(-20000.000000)
400:BR,Player:0cc/r435f:6cQh,3dJc|/7s8sQs:100,-100(100.000000)
401:Player,BR:0cc/cr1761f:2dKs,3h9h|/7cThJs:-100,100(-100.000000)
402:BR,Player:0r130c/r327c/cc/cc:2c8d,3h3c|/2h6h6c/Ks/4h:-557,557(-78.492627)
403:Player,BR:0cc/cr876f:2c8d,3hJh|/2s6c9h:-100,100(-100.000000)
404:BR,Player:0cc/r435c/cc/cc:5sTs,ThQd|/8c9dQc/7s/4d:-535,535(-535.000000)
405:Player,BR:0cc/cr876f:7sQd,9cJd|/9hThQh:-100,100(-100.000000)
406:BR,Player:0f:2c9s,2d8c|:50,-50(50.000000)
407:Player,BR:0cc/cr435c/cc/r305f:JdQh,2hKd|/4s9dJh/7d/5h:535,-535(535.000000)
408:BR,Player:0f:5c9c,2d6c|:50,-50(50.000000)
409:Player,BR:0cc/cr435f:3s5d,JsKh|/5c6c8h:-100,100(-100.000000)
410:BR,Player:0r130c/r1001f:2c3d,JcQc|/7c9hJs:230,-230(230.000000)
411:Player,BR:0cc/cr124c/cc/r100c:8d9s,8hAd|/9h9dQh/8s/3s:324,-324(-234.992748)
412:BR,Player:0r200c/r1306f:3d7s,4hJd|/3h5h9h:300,-300(300.000000)
413:Player,BR:0cr300c/cr1741f:6d6c,JcAc|/3h5s8h:-400,400(-400.000000)
414:BR,Player:0cc/r876f:6hTh,5d5c|/2d4c8h:100,-100(100.000000)
415:Player,BR:0cr300c/cr3503f:9hAs,5d6s|/6d7sJs:-400,400(-400.000000)
416:BR,Player:0r130c/r1001c/cc/cr2472c:6sTd,7s8c|/4h5dAh/Ks/Js:3703,-3703(429.783542)
417:Player,BR:0cr300c/cr1741f:7hAc,2c5h|/3s5d6c:-400,400(-400.000000)
418:BR,Player:0cc/r761c/cc/cc:3cQc,9cAs|/2h4cAc/3s/8c:861,-861(861.000000)
419:Player,BR:0cc/cr876f:2cJd,8dQd|/7h9dJh:-100,100(-100.000000)
420:BR,Player:0cc/r379f:4cTs,2sJc|/4h9hTh:100,-100(100.000000)
421:Player,BR:0cr300c/r520r520f:3cQc,9h9c|/5c7dKs:-920,920(-920.000000)
422:BR,Player:0cc/r876f:2c6c,4hKc|/2d9sKh:100,-100(100.000000)
423:Player,BR:0cc/cr1761f:3s7s,2s5s|/8sTdAs:-100,100(-100.000000)
424:BR,Player:0r200c/r1306c/cr1544f:4hKs,JhAh|/2c5dJs/3s:-1606,1606(-1606.000000)
425:Player,BR:0cc/cr124c/cc/r100c:4c9h,5h9s|/3c9dJs/Ac/2h:-324,324(-6.029955)
426:BR,Player:0f:3hQs,2c5d|:50,-50(50.000000)
427:Player,BR:0cr200c/cr2627c/r1753f:7hAh,4dJd|/7d9hTh/5c:2927,-2927(2927.000000)
428:BR,Player:0r130c/r1001f:7cTd,5s7h|/TsJhAc:230,-230(230.000000)
429:Player,BR:0cc/cr435c/r305f:9dQc,5hJc|/2sThQd/8s:535,-535(535.000000)
430:BR,Player:0r130c/r2014f:2d7s,3hQc|/6dQdKs:230,-230(230.000000)
431:Player,BR:0cr300c/cr1741f:TsKd,2hQd|/7d7c9c:-400,400(-400.000000)
432:BR,Player:0r130c/r1751f:7h9s,4d7s|/7c9hJd:230,-230(230.000000)
433:Player,BR:0cr300c/r520r520f:TdQs,2c6d|/3c7dKs:-920,920(-920.000000)
434:BR,Player:0r130c/r1001f:4c9s,3sQs|/6h9hKc:230,-230(230.000000)
435:Player,BR:0cc/cr124c/r100c/r126c:5d6c,7s8s|/7h9h9c/Kc/Kd:-450,450(-369.841606)
436:BR,Player:0cc/r435f:7dKs,4sTc|/4h5c9s:100,-100(100.000000)
437:Player,BR:0cc/cr876f:2hKh,7dTd|/5s6d7c:-100,100(-100.000000)
438:BR,Player:0r130c/r2014f:2sTc,7hQs|/6d9cQd:230,-230(230.000000)
439:Player,BR:0cr200c/r900r9137f:3dTs,5sJs|/4d5dJh:-1200,1200(-1200.000000)
440:BR,Player:0r130c/r1001f:7hJd,6h6d|/2c9cQs:230,-230(230.000000)
441:Player,BR:0cc/cr3080c/cc/r6250f:9sKh,7dQc|/8dJhKc/Ad/9d:3180,-3180(3180.000000)
442:BR,Player:0r130c/r163f:6dAd,4h5c|/TsThJc:230,-230(230.000000)
443:Player,BR:0cc/cr435f:8s9h,TcAc|/2h5dKd:-100,100(-100.000000)
444:BR,Player:0r130c/r1001c/cr701c/cr5796c:7sAh,JcKc|/5h9hQc/7d/3h:7728,-7728(-892.180132)
445:Player,BR:0cc/cr435c/r305f:7c9h,2sKc|/2c5s8d/6d:535,-535(535.000000)
446:BR,Player:0r130c/r2014c/cr1344c/cc:ThJc,6h9d|/3s6d8c/8h/2d:-3588,3588(-3588.000000)
447:Player,BR:0cc/cr876f:9dJs,JdAh|/4s6cQs:-100,100(-100.000000)
448:BR,Player:0r200c/r1306f:QhKd,3dJd|/5h6d6c:300,-300(300.000000)
449:Player,BR:0cc/cr379c/cc/cc:6dTh,TsQc|/9cTdQs/4d/8h:-479,479(-305.686392)
450:BR,Player:0r130c/r1001f:7hJd,3d4s|/6s9cAh:230,-230(230.000000)
451:Player,BR:0cc/cr2679c/cc/r2511c:4s7h,6dJd|/4d7cTd/Kh/Js:5290,-5290(1076.901898)
452:BR,Player:0cc/r1761f:5h7s,TcJs|/6c9cAs:100,-100(100.000000)
453:Player,BR:0cc/cr379c/cc/r121c:3cJs,9dJc|/4hJdAh/Td/5h:-600,600(-153.362960)
454:BR,Player:0r130c/r1001c/cr1184f:2dJc,4sAs|/4d5cAc/9d:-1231,1231(-1231.000000)
455:Player,BR:0cr600c/cr3047f:6d9d,4cAh|/6h8sQd:-700,700(-700.000000)
456:BR,Player:0r130c/r1001f:6dKd,7dAh|/7h8c9d:230,-230(230.000000)
457:Player,BR:0cc/cr876f:6cQs,2dAc|/4c7d8d:-100,100(-100.000000)
458:BR,Player:0r130c/r2014f:7s8s,7h9c|/5h7cKc:230,-230(230.000000)
459:Player,BR:0cc/cr1761f:8dTc,2dKd|/3h6s6d:-100,100(-100.000000)
460:BR,Player:0r130c/r2014f:8dKh,7dKc|/3d6cQd:230,-230(230.000000)
461:Player,BR:0cc/cr124c/cc/r376c:6hQd,7c9h|/7hJdQs/7d/5c:-600,600(-588.958399)
462:BR,Player:0r130c/r285f:4cQc,3s4s|/5dThQh:230,-230(230.000000)
463:Player,BR:0cc/cr876f:3d6s,6c7h|/ThAsAh:-100,100(-100.000000)
464:BR,Player:0r200c/r1306f:5s7s,4hJd|/3s8c9h:300,-300(300.000000)
465:Player,BR:0cc/cr1761f:7cQs,5s6d|/9sKsAc:-100,100(-100.000000)
466:BR,Player:0cc/r3080f:8hTc,2dQc|/7h8sKh:100,-100(100.000000)
467:Player,BR:0cr300c/cr1741f:3d8d,QsKc|/3s5h6h:-400,400(-400.000000)
468:BR,Player:0r300c/r1741f:TsAd,4hQd|/6c7c9s:400,-400(400.000000)
469:Player,BR:0cc/cr1761f:4h8h,9cKc|/2h2d3h:-100,100(-100.000000)
470:BR,Player:0r200c/r1306r3224r3224r11946f:2h3h,4cQc|/2c6h7c:-8054,8054(-8054.000000)
471:Player,BR:0cr300c/r520r520c/cc/r5920f:8sTc,9cJd|/7cTsTh/5s/5d:1440,-1440(1440.000000)
472:BR,Player:0r200c/r1136f:TdJc,2s6s|/8c9cTh:300,-300(300.000000)
473:Player,BR:0cc/cr435f:5c6d,4cAd|/2h5hTh:-100,100(-100.000000)
474:BR,Player:0r130c/r573c/cr577c/cr1794f:QhKd,5h8c|/3d5d8d/Ac/7s:-1380,1380(-1380.000000)
475:Player,BR:0cc/cr124c/cc/r236c:7hTd,3d7d|/6d7sQc/8s/9d:460,-460(-15.427472)
476:BR,Player:0f:2c4c,3c8d|:50,-50(50.000000)
477:Player,BR:0cr600c/cr3047c/r3603c/cc:8sKd,7dTs|/5d7sKc/6s/9d:7350,-7350(3248.140226)
478:BR,Player:0r130c/r1001f:9cTs,2sAs|/2c3d8c:230,-230(230.000000)
479:Player,BR:0cc/cr876f:3d8h,7d8c|/5cThAh:-100,100(-100.000000)
480:BR,Player:0r300c/r3503f:3s5s,4c8c|/5d7hKd:400,-400(400.000000)
481:Player,BR:0cc/cr876f:3cKc,3d8c|/5s7s9s:-100,100(-100.000000)
482:BR,Player:0r200c/r1136c/cr1324c/cr8280f:TdKh,5h6h|/4h9hJh/8s/3c:-2760,2760(-2760.000000)
483:Player,BR:0cc/cr435f:4dQs,9dTc|/3d5s7s:-100,100(-100.000000)
484:BR,Player:0r130c/r2014c/cr6726f:2dTs,3c5s|/3d9hJh/Qd:-2244,2244(-2244.000000)
485:Player,BR:0cr200c/r390r3004f:TcAs,3h9h|/4sTdJh:-690,690(-690.000000)
486:BR,Player:0r200c/r1306c/cr914c/cr3276c:4c5s,2h3h|/3d7sQh/2c/6s:5796,-5796(5796.000000)
487:Player,BR:0cc/cr1761f:4h6s,7d8d|/7s9sAc:-100,100(-100.000000)
488:BR,Player:0r200c/r1306f:2cAc,JsAs|/7s8dKh:300,-300(300.000000)
489:Player,BR:0cc/cr100f:2c6d,3d4c|/3h8dJc:-100,100(-100.000000)
490:BR,Player:0r130c/r2014f:2c3h,6h6c|/3c5dQh:230,-230(230.000000)
491:Player,BR:0cc/cr876c/cc/cc:3hJh,5c7c|/7hJsKc/As/6c:976,-976(928.920027)
492:BR,Player:0r200c/r649c/cc/cr1121c:2cJs,TcKs|/4sTdJd/6s/2d:2070,-2070(1248.110544)
493:Player,BR:0cc/cr876f:5hTd,6dTs|/3s7s9c:-100,100(-100.000000)
494:BR,Player:0r130c/r2014f:6h7d,5sAs|/5h6dJd:230,-230(230.000000)
495:Player,BR:0cc/cr379f:2s8h,5dJh|/4c8dJd:-100,100(-100.000000)
496:BR,Player:0r200c/r1306f:4d8c,6cTh|/2s5cAc:300,-300(300.000000)
497:Player,BR:0cc/cr100c/cc/r260c:6sJc,KcAc|/2s6hQs/Jh/Ad:460,-460(-396.525750)
498:BR,Player:0cc/cc/cc/cr200f:4cJc,2hKd|/9dTsAd/Kc/Ks:-100,100(-100.000000)
499:Player,BR:0cr300c/cr866f:JhKh,2dAc|/5h7sAd:-400,400(-400.000000)
500:BR,Player:0r200c/r649f:4dKd,7h8c|/KsAdAc:300,-300(300.000000)
501:Player,BR:0cr200c/r390r3004f:2d9d,8cAs|/5c8d9s:-690,690(-690.000000)
502:BR,Player:0r200c/cc/cr390c/cr4140c:7sQc,4cTh|/3dJsJc/2s/As:4830,-4830(4830.000000)
503:Player,BR:0cr1200c/r1690r1690f:JdKc,8dKh|/3d7dQh:-2990,2990(-2990.000000)
504:BR,Player:0r200c/r1306f:4s5d,5c8c|/2d6c9h:300,-300(300.000000)
505:Player,BR:0cr200c/cr1306c/r914f:8cAd,5h6d|/2s8dJs/Qd:1606,-1606(1606.000000)
506:BR,Player:0r200c/r371c/cc/cr1129c:JcAs,JsKs|/3s3h6c/Jd/Tc:1800,-1800(1093.151403)
507:Player,BR:0cc/cr876f:2c4s,9sAh|/3s8cTd:-100,100(-100.000000)
508:BR,Player:0r200c/r1306f:2hTh,7cQd|/4c5cAd:300,-300(300.000000)
509:Player,BR:0cr300c/cr7045f:5dAc,3h9h|/4d4cKd:-400,400(-400.000000)
510:BR,Player:0r130c/r1001f:4s5c,5s6s|/8cTdKd:230,-230(230.000000)
511:Player,BR:0cr130c/r299r753c/r1098f:4sQs,3c9d|/KsAsAd/5s:1282,-1282(1282.000000)
512:BR,Player:0r130c/r285c/cr175c/cc:5sTh,6s9c|/2s9sTs/5h/7d:690,-690(690.000000)
513:Player,BR:0cr300c/cr6126f:5c6s,8sAd|/3s3d8h:-400,400(-400.000000)
514:BR,Player:0r200c/r371r709r709c/cc/cr6191f:8c9h,7d9s|/3c8dTd/Jd/Th:-2089,2089(-2089.000000)
515:Player,BR:0cr600c/cr3047f:KhKd,4h5h|/JdQhAh:-700,700(-700.000000)
516:BR,Player:0r200c/r140r910f:4d4c,5sTs|/3s8cTd:-440,440(-440.000000)
517:Player,BR:0cr300c/cr1741f:5d9c,6sJh|/6cQhAs:-400,400(-400.000000)
518:BR,Player:0f:5s5c,2h3c|:50,-50(50.000000)
519:Player,BR:0cr600c/cc/cc/r140f:2c3s,7cKh|/5d6sAh/4s/Qd:700,-700(700.000000)
520:BR,Player:0r130c/r2014r17756f:4s6d,JsJd|/2c6h7h:-2244,2244(-2244.000000)
521:Player,BR:0cr300c/cr1514f:8dAd,8cTd|/4c5sTh:-400,400(-400.000000)
522:BR,Player:0r200c/r2627f:2s6s,6dAs|/4h4dJc:300,-300(300.000000)
523:Player,BR:0cc/cr876f:5sQh,TdJh|/3c4s6d:-100,100(-100.000000)
524:BR,Player:0r130c/r2014c/cc/cr4633c:6cJh,5h6h|/3d7c8s/Kd/4s:-6877,6877(2909.429979)
525:Player,BR:0cc/cr124c/cc/r576c:7dJh,3sTh|/9sTcAh/Kc/6d:-800,800(-674.345733)
526:BR,Player:0r200c/r1136c/cr1324c/cr17240c:8cKh,AhAc|/4h5sKc/Ad/Jc:-20000,20000(3511.187708)
527:Player,BR:0cc/cr216f:3hKs,7sJc|/5s7cQc:-100,100(-100.000000)
528:BR,Player:0r130c/r1001f:9hKs,4hQh|/3s7hJc:230,-230(230.000000)
529:Player,BR:0cc/cr19900f:6sQh,6c9d|/3d6h9c:-100,100(-100.000000)
530:BR,Player:0cc/r1532f:QsAh,2cKc|/QhKsAc:100,-100(100.000000)
531:Player,BR:0cc/cr1761c/r1589f:7dTs,3sQd|/9dTdTc/7s:1861,-1861(1861.000000)
532:BR,Player:0r130c/r2014f:2s7s,4c5c|/7h9sKh:230,-230(230.000000)
533:Player,BR:0cr300c/r520r4005f:3h4h,9cTs|/2d7c8h:-920,920(-920.000000)
534:BR,Player:0r130c/r3522f:2h3s,6hKs|/2d2cJs:230,-230(230.000000)
535:Player,BR:0cc/cr435f:9sKc,4sJh|/2h6cAs:-100,100(-100.000000)
536:BR,Player:0r130c/r19770f:9sKc,TcQh|/9h9cJc:230,-230(230.000000)
537:Player,BR:0cc/r130r327f:3s8c,QdAd|/5c6s7d:-230,230(-230.000000)
538:BR,Player:0cc/r876f:6sJs,3sTc|/2dThKs:100,-100(100.000000)
539:Player,BR:0cc/cr876f:7hKc,2hQd|/3d6sAd:-100,100(-100.000000)
540:BR,Player:0cc/r435f:6c7c,3cTh|/4cQsQh:100,-100(100.000000)
541:Player,BR:0cc/cr379c/cc/cc:5sKc,6sQs|/2h5cQc/8h/3c:-479,479(-329.998241)
542:BR,Player:0r130c/r2014c/cc/cc:6hKc,8dJc|/9dThQs/Jd/4d:2244,-2244(2244.000000)
543:Player,BR:0cr200c/r390r3004f:2c5h,2s5s|/4c6cTs:-690,690(-690.000000)
544:BR,Player:0r130c/r2014f:5sJh,3dQh|/2d2cAs:230,-230(230.000000)
545:Player,BR:0cc/cr876f:2dTc,7cQc|/2c4d5d:-100,100(-100.000000)
546:BR,Player:0r200c/r1306f:QdAd,2s3s|/5c8cKc:300,-300(300.000000)
547:Player,BR:0cc/cr379f:3hQc,8sKc|/6h8dAh:-100,100(-100.000000)
548:BR,Player:0r130c/r573f:QhKc,4c7c|/3h6hTh:230,-230(230.000000)
549:Player,BR:0cr200c/cr2627f:QcKc,4c6s|/2dTdTc:-300,300(-300.000000)
550:BR,Player:0r200c/r747f:2h6c,9cTh|/5h8h8c:300,-300(300.000000)
551:Player,BR:0cc/cr3080f:4hKh,4d8c|/7h9sKd:-100,100(-100.000000)
552:BR,Player:0r130c/r1001c/cr2472f:3dQs,TdJh|/5h7d8h/9d:-1231,1231(-1231.000000)
553:Player,BR:0cr130c/r460r19310c/cc/cc:6d7d,8d8c|/2d8hKd/5s/Ac:-20000,20000(-12654.386481)
554:BR,Player:0r200c/r2627f:7d9h,8hAc|/7hTdQs:300,-300(300.000000)
555:Player,BR:0cc/cr876f:3s8d,6dAd|/5h7c9d:-100,100(-100.000000)
556:BR,Player:0r130c/r498c/cc/cr859c:7sAh,9h9c|/5h6c7h/Kh/Th:1587,-1587(1587.000000)
557:Player,BR:0cc/cr1761f:3c7s,5c6s|/5sTsAc:-100,100(-100.000000)
558:BR,Player:0r130c/r1751f:8cQs,4sTh|/8sKsAs:230,-230(230.000000)
559:Player,BR:0cc/cr435f:4cJh,3d7c|/6s6dTs:-100,100(-100.000000)
560:BR,Player:0r130c/r100r429r429r2303r2303f:8sAc,5sAd|/2d4hJh:3491,-3491(3491.000000)
561:Player,BR:0cc/cr876f:3sQd,ThJc|/2s6s8d:-100,100(-100.000000)
562:BR,Player:0r130c/r4051f:7h8c,6hKs|/3cJdQh:230,-230(230.000000)
563:Player,BR:0cc/cr249c/cc/cc:7sTc,3d6c|/TdQhQc/Jh/3c:349,-349(333.982716)
564:BR,Player:0cc/r876c/cc/cr2014c:5cKh,7h8d|/5h6sJh/Jd/Qs:2990,-2990(765.596502)
565:Player,BR:0cc/cr142c/cc/r208f:8dKs,6sJh|/QdQcAd/Ah/3s:242,-242(242.000000)
566:BR,Player:0r130c/r871f:QdKh,3dAd|/7s9dQh:230,-230(230.000000)
567:Player,BR:0cc/cr100f:5h7c,JsAh|/2s2h3c:-100,100(-100.000000)
568:BR,Player:0f:6sTh,2s8c|:50,-50(50.000000)
569:Player,BR:0cr200c/cr1306f:8dAs,5c9s|/4c7cJs:-300,300(-300.000000)
570:BR,Player:0r200c/r371c/cc/cc:3h7h,5s5c|/4c7d9d/4s/Kc:671,-671(393.922391)
571:Player,BR:0cr200c/cr1136c/r364c/cc:TcAd,7s7d|/5hAsAc/5d/8s:1800,-1800(1800.000000)
572:BR,Player:0r130c/r1001f:4d9h,8hAc|/2h5hQh:230,-230(230.000000)
573:Player,BR:0cc/cr876c/cc/r584f:2dAs,7c9c|/4sAhAc/6h/Kd:976,-976(976.000000)
574:BR,Player:0f:5s9s,2d3s|:50,-50(50.000000)
575:Player,BR:0cc/cr435f:8h9d,JsQd|/7d8dAc:-100,100(-100.000000)
576:BR,Player:0r130c/r2014f:8dQc,6hKd|/9sJcAd:230,-230(230.000000)
577:Player,BR:0cc/cr761c/cc/r100c:6h8d,8cAs|/6dKhAh/8s/7c:-961,961(-935.394207)
578:BR,Player:0r200c/r2627f:5sJd,8h9h|/4cQsKs:300,-300(300.000000)
579:Player,BR:0cc/cr876f:8dAs,3h9h|/2h3s5s:-100,100(-100.000000)
580:BR,Player:0r130c/r2014r6726f:5sAc,3s3h|/2d3dKh:-2244,2244(-2244.000000)
581:Player,BR:0cc/cr435f:2c5h,7hKh|/3c6s9h:-100,100(-100.000000)
582:BR,Player:0r130c/r163f:4hAd,4d7s|/5sJsJh:230,-230(230.000000)
583:Player,BR:0cc/cr435c/r305f:3c9s,6sQd|/3s5s5c/8d:535,-535(535.000000)
584:BR,Player:0r130c/r1001f:2hJh,5c8c|/3d8h9s:230,-230(230.000000)
585:Player,BR:0cc/cr1761f:2cJh,3h5s|/6dJdAh:-100,100(-100.000000)
586:BR,Player:0r130c/r285f:QhAh,4sKc|/8h8cTd:230,-230(230.000000)
587:Player,BR:0cc/cr876f:2d9h,3sJs|/6s8h8c:-100,100(-100.000000)
588:BR,Player:0r130c/r163f:6dJh,5h7s|/3cTsQs:230,-230(230.000000)
589:Player,BR:0cr300c/cr3503f:8hKc,2hTc|/3c6hQs:-400,400(-400.000000)
590:BR,Player:0r200c/r427f:3hTd,5h6c|/7h9dQh:300,-300(300.000000)
591:Player,BR:0cr300c/cr3503f:6h7s,6dJd|/7d9hQh:-400,400(-400.000000)
592:BR,Player:0r130c/r163r987c/cr1794c/cc:JsAs,3h9h|/3s4c9d/2s/2c:-3174,3174(-1808.670193)
593:Player,BR:0cc/cr142f:2h5c,4sTs|/QdKhKc:-100,100(-100.000000)
594:BR,Player:0r200c/r1306c/cr3224f:3c6s,AsAh|/7sJcQc/Qs:-1606,1606(-1606.000000)
595:Player,BR:0cc/cr435f:8hKs,8cJd|/5h7hAd:-100,100(-100.000000)
596:BR,Player:0r200c/r649f:7s7d,6c8h|/3d5sJc:300,-300(300.000000)
597:Player,BR:0cr600c/r1400f:KdAs,4h4d|/5h5cKh:700,-700(700.000000)
598:BR,Player:0r200c/r140c/cr595c/cr1345c:8sKh,JhAs|/9cAhAc/7d/3c:-2380,2380(-638.228725)
599:Player,BR:0cc/cr379f:9sKc,6dQc|/2d5dQh:-100,100(-100.000000)
600:BR,Player:0r130c/r4051f:7s8c,3cJc|/2s3d9h:230,-230(230.000000)
601:Player,BR:0cc/cr379f:4hQd,2dAs|/8c9hAc:-100,100(-100.000000)
602:BR,Player:0r200c/r427c/cr623f:8cAh,8dKc|/9cTdKs/Jh:-727,727(-727.000000)
603:Player,BR:0cc/cr761f:5h9s,TcQh|/2s9hQd:-100,100(-100.000000)
604:BR,Player:0r130c/r2014f:3c5c,6cJs|/7dAsAc:230,-230(230.000000)
605:Player,BR:0cc/cr3080f:4sQh,2s6d|/3d5s7s:-100,100(-100.000000)
606:BR,Player:0r200c/r427c/cc/cc:3s5d,2cQs|/2d8s9h/6s/6d:-727,727(-727.000000)
607:Player,BR:0cc/cr142f:5s6h,8cKs|/4h4dJc:-100,100(-100.000000)
608:BR,Player:0r130c/r1001c/cc/cc:5dKc,2sJs|/2d9sTc/5c/5h:1231,-1231(1231.000000)
609:Player,BR:0cc/cr100c/r100c/r150c:7dAc,2d3h|/2s7cJd/Ah/6s:450,-450(229.641374)
610:BR,Player:0cc/cr130r130f:3sKh,3cJh|/2d5sTh:230,-230(230.000000)
611:Player,BR:0cr300c/r520r1991f:9hKd,7hQh|/7cQsKc:-920,920(-920.000000)
612:BR,Player:0f:4s5d,2hTd|:50,-50(50.000000)
613:Player,BR:0cc/cr124f:3h5s,3dJs|/7hJhAd:-100,100(-100.000000)
614:BR,Player:0r200c/r5284f:2sTd,7sTs|/3s8cAc:300,-300(300.000000)
615:Player,BR:0cr200c/r600r2240c/r2260c/r2700c:4c5c,6cQd|/6h7dJd/4h/Qc:-8100,8100(-8100.000000)
616:BR,Player:0r130c/r2014f:7cJc,2cKc|/7hTdQh:230,-230(230.000000)
617:Player,BR:0cc/cr216c/cc/r134f:6cKd,8h8d|/3s6hTc/7c/Kc:316,-316(316.000000)
618:BR,Player:0r130c/r2014f:7sAc,6h8d|/4s9hKh:230,-230(230.000000)
619:Player,BR:0cr200c/cr2627f:3s4c,3c8s|/2h2cQd:-300,300(-300.000000)
620:BR,Player:0r130c/r2014f:4cTs,7h8d|/4hJdAc:230,-230(230.000000)
621:Player,BR:0cc/cr3080f:JhQs,7s9h|/2h9sJs:-100,100(-100.000000)
622:BR,Player:0r200c/r1306f:6dQc,8cKh|/5h9hTs:300,-300(300.000000)
623:Player,BR:0cr200c/cr2627f:2sTs,2cTc|/6h9cQd:-300,300(-300.000000)
624:BR,Player:0r130c/r142f:5sKd,4d6h|/KcAsAc:230,-230(230.000000)
625:Player,BR:0cr200c/r390r3004f:JhAd,4d6c|/3d4hTh:-690,690(-690.000000)
626:BR,Player:0r130c/r1001c/cr1184c/cr4830f:9dAc,ThQd|/3sJhKs/Ad/7s:-2415,2415(-2415.000000)
627:Player,BR:0cc/cr876f:7hJd,3h5s|/3dKcAs:-100,100(-100.000000)
628:BR,Player:0cc/r876f:8hJd,7h9c|/3c9sTd:100,-100(100.000000)
629:Player,BR:0cc/cr876f:4hKc,3c5c|/7cTdJc:-100,100(-100.000000)
630:BR,Player:0cc/r100f:2d9s,3dKh|/2cTdJh:100,-100(100.000000)
631:Player,BR:0cr300c/cr3503f:7dTh,4h5c|/2sJhKs:-400,400(-400.000000)
632:BR,Player:0r200c/r1306r3224f:2d7h,7sTh|/TsTdTc:-1606,1606(-1606.000000)
633:Player,BR:0cr200c/cr1136f:JsQc,9dKh|/4s8hKs:-300,300(-300.000000)
634:BR,Player:0r130c/r1001f:8hJc,5hQh|/9sQsAh:230,-230(230.000000)
635:Player,BR:0cc/cr379f:4h7c,4cTd|/2c5dTc:-100,100(-100.000000)
636:BR,Player:0r130c/r1001c/cc/cc:6cTd,4s6d|/3s3h4h/9s/8c:-1231,1231(-1231.000000)
637:Player,BR:0cr200c/cr1306c/cc/r914f:KhKd,2h5s|/6h7c9h/Ts/Jc:1606,-1606(1606.000000)
638:BR,Player:0r130c/r163c/cc/cc:6hAs,5sAh|/7s7dTh/3s/6c:393,-393(393.000000)
639:Player,BR:0cr200c/cr747c/cc/r753c:AhAc,3h9d|/2cKsKc/9c/Js:1800,-1800(623.895810)
640:BR,Player:0f:9sKs,2s8d|:50,-50(50.000000)
641:Player,BR:0cc/cr435f:3cJs,TsJc|/5d6c7h:-100,100(-100.000000)
642:BR,Player:0r130c/r1001f:5d9s,3d7d|/JhKhKd:230,-230(230.000000)
643:Player,BR:0cc/cr761f:8hAd,7cKc|/3hTsKs:-100,100(-100.000000)
644:BR,Player:0r200c/r4595f:6d9d,QhQc|/3d5d7h:300,-300(300.000000)
645:Player,BR:0cc/cr1761f:3s7d,4sQd|/2dTsJd:-100,100(-100.000000)
646:BR,Player:0r130c/r19770f:7s9c,4dTh|/5d6c8c:230,-230(230.000000)
647:Player,BR:0cc/cr379f:7dKs,TcQh|/3d9dTs:-100,100(-100.000000)
648:BR,Player:0f:3c6s,2c9d|:50,-50(50.000000)
649:Player,BR:0cc/cr876f:2cQd,6cJs|/2h4c5c:-100,100(-100.000000)
650:BR,Player:0r600c/cr1400r5227f:6d9s,QhAh|/4sKdAd:2100,-2100(2100.000000)
651:Player,BR:0cr130c/cr4051f:7hAd,4d8c|/2dJhKh:-230,230(-230.000000)
652:BR,Player:0r200c/r212c/cr523c/cc:3dTh,4dAs|/6dTcKd/7d/Ks:1035,-1035(858.607336)
653:Player,BR:0cc/cr3080f:5cAh,3c7c|/2d9sJd:-100,100(-100.000000)
654:BR,Player:0f:3h5s,2h9c|:50,-50(50.000000)
655:Player,BR:0cc/cr19900f:6h8s,2h2c|/2d4cQd:-100,100(-100.000000)
656:BR,Player:0r130c/r2014f:2cJd,TcAh|/4s6d7c:230,-230(230.000000)
657:Player,BR:0cr300c/cr1741f:9cAd,3h5d|/TsQcKs:-400,400(-400.000000)
658:BR,Player:0r130c/r163c/cr297c/cc:JhKh,9dTh|/2h5cTs/2d/Kc:690,-690(690.000000)
659:Player,BR:0cc/cr876f:4sAd,6sTc|/6hJsKh:-100,100(-100.000000)
660:BR,Player:0f:2s6s,2dTs|:50,-50(50.000000)
661:Player,BR:0cc/cr1532f:2c4h,8cAc|/3c6cQh:-100,100(-100.000000)
662:BR,Player:0f:3h6s,2c6h|:50,-50(50.000000)
663:Player,BR:0cc/cr876f:4d9h,3c5h|/TsThAd:-100,100(-100.000000)
664:BR,Player:0r200c/r427f:9cAc,3sTs|/3c6h6d:300,-300(300.000000)
665:Player,BR:0cr200c/cr371c/cc/cc:QhKh,6hTs|/4c6dJh/7d/4s:-671,671(-314.284497)
666:BR,Player:0cc/r876f:9hJc,6cQd|/5c6hAs:100,-100(100.000000)
667:Player,BR:0cr600c/cr3047f:3h7h,6h9c|/8cJdKd:-700,700(-700.000000)
668:BR,Player:0r200c/r2627f:3hTc,6d9s|/4s8sQc:300,-300(300.000000)
669:Player,BR:0cr200c/cr2627r8773f:AsAc,7dQc|/4s5sTc:2927,-2927(2927.000000)
670:BR,Player:0r130c/r871f:3hAs,2dJd|/8hJsAh:230,-230(230.000000)
671:Player,BR:0cc/cr876f:3dTd,2h9s|/ThJcKh:-100,100(-100.000000)
672:BR,Player:0cc/r100c/cr400c/cc:2cKh,5cTd|/2d3h8d/4d/8c:600,-600(522.809316)
673:Player,BR:0cr300c/r520r2290r11510f:8h9h,9cKh|/3h5h8s:3210,-3210(3210.000000)
674:BR,Player:0r130c/r2014r4633f:4cQd,2hAs|/2s6sAc:-2244,2244(-2244.000000)
675:Player,BR:0cr300c/r2400f:7sKs,7hQs|/6h7dKd:400,-400(400.000000)
676:BR,Player:0r130c/r2014f:5h9c,6cKc|/3d6dTc:230,-230(230.000000)
677:Player,BR:0cc/cr8194f:2h3s,5s5d|/5cKhKd:-100,100(-100.000000)
678:BR,Player:0r130c/r2014c/cr2241f:7d9s,7c8h|/4s5c6d/Ah:-2244,2244(-2244.000000)
679:Player,BR:0cr200c/cr212c/cc/cc:JsAc,7cJc|/7hQdKc/6c/4h:-512,512(-315.230742)
680:BR,Player:0cc/r435c/cc/cc:2s4d,2hKd|/9hTsKc/7s/6c:-535,535(-535.000000)
681:Player,BR:0cr300c/cr3503f:4h4d,2c8s|/6s9dTs:-400,400(-400.000000)
682:BR,Player:0r130c/r1001f:2h6s,7cJs|/3d5dTc:230,-230(230.000000)
683:Player,BR:0cc/cr435f:9dQs,3s4c|/3h5dJc:-100,100(-100.000000)
684:BR,Player:0r130c/r1001f:2d5c,TdKh|/3d5s7d:230,-230(230.000000)
685:Player,BR:0cc/cr1761f:4s9c,3hJs|/3sKcAc:-100,100(-100.000000)
686:BR,Player:0r130c/r2014f:2c4s,5hAc|/6cQsQd:230,-230(230.000000)
687:Player,BR:0cc/cr435c/r305f:2hAc,9cJh|/2c4dAs/Qd:535,-535(535.000000)
688:BR,Player:0r200c/r1136f:AsAc,JhKd|/3h6h8h:300,-300(300.000000)
689:Player,BR:0cr130c/cr1751c/cc/r434c:4sAs,9hAh|/8hJdAd/3c/5s:-2415,2415(-2041.651214)
690:BR,Player:0r130c/r1001f:5c8c,8sAc|/3hQdAd:230,-230(230.000000)
691:Player,BR:0cc/cr876f:3s4d,2h8h|/6c7s7d:-100,100(-100.000000)
692:BR,Player:0cc/r435f:9dKc,2hAd|/6h7cQc:100,-100(100.000000)
693:Player,BR:0cr200c/cr2627f:JsJd,4c8h|/3c7hAh:-300,300(-300.000000)
694:BR,Player:0r200c/r1306f:3c6s,3sKh|/2s9dQs:300,-300(300.000000)
695:Player,BR:0cc/cr3080f:7h8c,5s6d|/4hJdKs:-100,100(-100.000000)
696:BR,Player:0r130c/r1001f:7dJc,5s7c|/2c4s5d:230,-230(230.000000)
697:Player,BR:0cc/cr876f:2s7s,QhKh|/4c5h5c:-100,100(-100.000000)
698:BR,Player:0cc/r435f:4c5c,4sQs|/2dTdQh:100,-100(100.000000)
699:Player,BR:0cr130c/cr2014f:6d9d,8cTc|/3cThJh:-230,230(-230.000000)
700:BR,Player:0r130c/r2014f:2s7s,7dKh|/3c6hJd:230,-230(230.000000)
701:Player,BR:0cc/cr761f:3d5h,8cQh|/4dQsKh:-100,100(-100.000000)
702:BR,Player:0r200c/r1136f:JdQs,4cKs|/5c6cQh:300,-300(300.000000)
703:Player,BR:0cr200c/r390r3004r16306f:9dKd,5d5c|/TdQdKh:3694,-3694(3694.000000)
704:BR,Player:0r130c/r1001c/cc/cr2472f:3d7c,5cJs|/5h5dKs/7s/3h:-1231,1231(-1231.000000)
705:Player,BR:0cc/cr435f:7hQh,9cJs|/3d3cTc:-100,100(-100.000000)
706:BR,Player:0f:8dKd,4h9d|:50,-50(50.000000)
707:Player,BR:0cc/cr876f:6sAc,2s7h|/4d9cKc:-100,100(-100.000000)
708:BR,Player:0r130c/r2014f:3sAc,4h8d|/3h9sKh:230,-230(230.000000)
709:Player,BR:0cr600c/cr3047r16253f:AsAc,7cTh|/5s8sKs:3747,-3747(3747.000000)
710:BR,Player:0r130c/r142c/cc/cc:8d8c,6cKd|/2hQsAc/Jh/Qd:372,-372(111.660454)
711:Player,BR:0cr200c/cr1306c/r914c/cc:JhAh,2d9d|/2h3h6s/5s/8d:-2520,2520(2111.179715)
712:BR,Player:0cc/r124f:5h7d,4h7c|/5d9hAd:100,-100(100.000000)
713:Player,BR:0cc/r130r1001c/cc/r3599f:9cTh,QdAh|/5s7h8c/6h/5h:1231,-1231(1231.000000)
714:BR,Player:0r130c/r2014f:7c9s,6sKd|/5hJsAs:230,-230(230.000000)
715:Player,BR:0cc/cr124c/cc/cc:6sJc,3dTh|/4cTcKh/4h/Qs:-224,224(45.758599)
716:BR,Player:0r130c/r1001f:9hQd,2hQh|/7d8sTd:230,-230(230.000000)
717:Player,BR:0cc/cr876f:9sJc,6d9c|/3h7hKd:-100,100(-100.000000)
718:BR,Player:0r130c/r871c/cc/cr1015c:9cQs,6hKs|/4s6d9s/Qc/Kh:-2116,2116(610.302273)
719:Player,BR:0cr130c/cr4051f:TdQs,8cJd|/3d6cKs:-230,230(-230.000000)
720:BR,Player:0r130c/r2014f:4d9s,6sJs|/3h5h8c:230,-230(230.000000)
721:Player,BR:0cr300c/r520r4005f:TcAs,9hJc|/2s7cQh:-920,920(-920.000000)
722:BR,Player:0r130c/r327c/cc/cr1513c:JcAh,9dJd|/6s6h9h/2s/3d:-2070,2070(-174.630776)
723:Player,BR:0cr600c/r910r2291f:2d3c,8sQc|/5h5d8d:-1610,1610(-1610.000000)
724:BR,Player:0cc/r876f:3h8d,4d5c|/TdQhQc:100,-100(100.000000)
725:Player,BR:0cc/cr435f:3h8d,7c9s|/2cThQs:-100,100(-100.000000)
726:BR,Player:0cc/r142f:TcQh,4cTs|/2s7cKc:100,-100(100.000000)
727:Player,BR:0cc/cr876f:9dQs,QcKc|/2h8sAc:-100,100(-100.000000)
728:BR,Player:0f:5c8h,2d7h|:50,-50(50.000000)
729:Player,BR:0cc/cr1761c/r1589f:3hAd,5dKs|/3c7dAc/6d:1861,-1861(1861.000000)
730:BR,Player:0cc/r435f:7hQc,4d7c|/4h9sTd:100,-100(100.000000)
731:Player,BR:0cr130c/cr2014f:9dKs,8dKh|/3d7hAd:-230,230(-230.000000)
732:BR,Player:0r200c/r1306f:6s9d,3cJc|/ThQsKc:300,-300(300.000000)
733:Player,BR:0cc/cr761f:5s9h,AdAc|/2c6h8c:-100,100(-100.000000)
734:BR,Player:0r130c/r1001f:8hKh,9hQh|/9dJcAd:230,-230(230.000000)
735:Player,BR:0cc/cr3080f:5cTd,ThAc|/7hJcQs:-100,100(-100.000000)
736:BR,Player:0f:QcKd,3d9c|:50,-50(50.000000)
737:Player,BR:0cc/cr3080f:6dTs,5s8d|/ThJsQs:-100,100(-100.000000)
738:BR,Player:0r130c/r1001f:7cAs,2hQh|/4s6hTh:230,-230(230.000000)
739:Player,BR:0cr200c/cr2627f:6s9s,4cJh|/7c9cKh:-300,300(-300.000000)
740:BR,Player:0r130c/r1001c/cr2472f:5s8d,JhQs|/4dAsAd/9c:-1231,1231(-1231.000000)
741:Player,BR:0cc/cr876c/cc/r2014f:8cQs,4dJs|/8h8dAc/Jd/3d:976,-976(976.000000)
742:BR,Player:0r130c/r1001f:3c7s,5h8h|/5d9dKc:230,-230(230.000000)
743:Player,BR:0cr300c/cr1741f:4h5c,5d9c|/6d8c9d:-400,400(-400.000000)
744:BR,Player:0f:4sAh,2cJs|:50,-50(50.000000)
745:Player,BR:0cc/cr435f:5d6s,4sQh|/7d8dTs:-100,100(-100.000000)
746:BR,Player:0f:4c7h,3h6c|:50,-50(50.000000)
747:Player,BR:0cr200c/r600r1281c/cc/r1869c:JsQc,7sKd|/7hJcQh/Ks/Qd:4050,-4050(565.433618)
748:BR,Player:0r130c/r100c/cc/cc:2c6d,2dAd|/6cJsKd/Jh/3d:330,-330(260.783675)
749:Player,BR:0cc/cr876f:7sTc,3s8s|/2d6sKd:-100,100(-100.000000)
750:BR,Player:0r200c/r747c/cr753c/cr5400f:3hKc,ThQh|/6hTsTc/Ac/5d:-1800,1800(-1800.000000)
751:Player,BR:0cr300c/cr1514c/cc/cc:5dQd,7cAs|/9cQsAd/5h/5s:1914,-1914(-1433.859514)
752:BR,Player:0r200c/r1306f:JsQs,8hAh|/6sTdKd:300,-300(300.000000)
753:Player,BR:0cc/cr876f:8cKd,3h6h|/5s7sJs:-100,100(-100.000000)
754:BR,Player:0r130c/r1751f:QdQc,4hQs|/3h6s9c:230,-230(230.000000)
755:Player,BR:0cr200c/cr371c/r100c/r885f:QsAh,6dKd|/5c6cJd/Ad/Tc:771,-771(771.000000)
756:BR,Player:0r130c/r4051f:8cJc,7sQc|/2s3cTd:230,-230(230.000000)
757:Player,BR:0cc/cr876f:4cTd,2d7c|/2c3s4d:-100,100(-100.000000)
758:BR,Player:0r130c/r163c/cc/cr987f:7d7c,3dAh|/KsKdAd/9s/Ac:-393,393(-393.000000)
759:Player,BR:0cc/cr379f:5dTs,7sKc|/6hJcKs:-100,100(-100.000000)
760:BR,Player:0r200c/r1136c/cc/cr1324c:8hTd,QdAd|/8cTsJh/Jd/3c:2760,-2760(625.591352)
761:Player,BR:0cr600c/cr3047c/r2133f:QdKc,9sAs|/6sTdJc/3h:3747,-3747(3747.000000)
762:BR,Player:0r200c/r2627c/cr2923f:2d3d,6s8s|/4s6cAs/Qh:-2927,2927(-2927.000000)
763:Player,BR:0cc/cr761f:3dTh,QhKc|/7dJhQd:-100,100(-100.000000)
764:BR,Player:0r200c/r1306f:6cKh,5s8d|/2s9dAc:300,-300(300.000000)
765:Player,BR:0cc/cr435f:8sTd,2dTs|/2c3cAc:-100,100(-100.000000)
766:BR,Player:0r200c/r2627c/cr1753c/cr2340c:3d9c,6s7c|/2dTsTc/8d/5d:7020,-7020(1675.391648)
767:Player,BR:0cr300c/cr996f:TsTh,2s8d|/6sKhAc:-400,400(-400.000000)
768:BR,Player:0cc/r435f:2h4h,3dQd|/8hTdKh:100,-100(100.000000)
769:Player,BR:0cc/cr1532c/cc/r1358c:6cAh,JdAs|/ThKhAd/Ac/7c:-2990,2990(-2855.830783)
770:BR,Player:0r200c/r1306f:4cJc,9sAh|/3c4d7h:300,-300(300.000000)
771:Player,BR:0cr200c/r390r390c/cc/r576f:JhKs,8sTc|/5d9dKh/6h/Qd:1080,-1080(1080.000000)
772:BR,Player:0f:9sAh,2hJd|:50,-50(50.000000)
773:Player,BR:0cc/cr435c/cc/r1075f:6hAd,4hTd|/3dJcAc/Ts/9d:535,-535(535.000000)
774:BR,Player:0r200c/r1306c/cr3224f:6sAd,QcKd|/2h5cKc/7s:-1606,1606(-1606.000000)
775:Player,BR:0cr200c/cr1306f:2dTh,7hKs|/5h6s9s:-300,300(-300.000000)
776:BR,Player:0r130c/r142r421r3452f:7hJs,3cAs|/7c8hQc:793,-793(793.000000)
777:Player,BR:0cr300c/r800r1708f:8hTh,JsKc|/7cJdQh:-1200,1200(-1200.000000)
778:BR,Player:0cc/r379c/cr121c/cc:TsKh,3cJd|/ThAsAh/3h/Qd:600,-600(444.386378)
779:Player,BR:0cr600c/cr3047r7523f:AsAc,6sJs|/9hQdKh:3747,-3747(3747.000000)
780:BR,Player:0r130c/r2014f:9sTh,3h4c|/4hJsAd:230,-230(230.000000)
781:Player,BR:0cc/cr100f:4c6h,5hAh|/2s2c7s:-100,100(-100.000000)
782:BR,Player:0f:3hJs,3c6h|:50,-50(50.000000)
783:Player,BR:0cc/cr249f:2h8s,4sTd|/9s9h9d:-100,100(-100.000000)
784:BR,Player:0r130c/r2014r4633f:8cAs,5cKs|/5sQsKh:-2244,2244(-2244.000000)
785:Player,BR:0cc/cr761f:4s9s,AsAh|/4d4cTs:-100,100(-100.000000)
786:BR,Player:0r200c/r1306f:6s7c,4d6d|/2c7hAh:300,-300(300.000000)
787:Player,BR:0cc/cr1761f:6h7d,5cJd|/7c9hKh:-100,100(-100.000000)
788:BR,Player:0r130c/r285c/cc/cr865c:TsKs,7hKc|/2dAhAc/Kh/4c:1380,-1380(250.723935)
789:Player,BR:0cr300c/cr3503f:JsAh,4dTc|/6h6c9c:-400,400(-400.000000)
790:BR,Player:0cc/r876f:2d6s,4h9c|/2c8cTs:100,-100(100.000000)
791:Player,BR:0cc/cr435f:ThKc,2h8c|/3c4h5s:-100,100(-100.000000)
792:BR,Player:0r200c/r1306r3224r3224f:6c7h,QsAc|/5d7sQd:4830,-4830(4830.000000)
793:Player,BR:0cc/cr876f:4d9s,7d8s|/5cThAh:-100,100(-100.000000)
794:BR,Player:0cc/r3080r9120f:4s5c,6s6d|/6cJdKd:-3180,3180(-3180.000000)
795:Player,BR:0cc/cr876f:2dKs,4cJs|/5h8hQc:-100,100(-100.000000)
796:BR,Player:0f:3c4s,3s9c|:50,-50(50.000000)
797:Player,BR:0cc/cr876f:8hQd,5s5h|/3s8cAd:-100,100(-100.000000)
798:BR,Player:0r300c/r1741f:6s8d,5cTs|/3d4dKc:400,-400(400.000000)
799:Player,BR:0cc/cr1761f:5h8s,4d8d|/2c3cJc:-100,100(-100.000000)
800:BR,Player:0cc/r100f:3d4d,2sKs|/4h8dTc:100,-100(100.000000)
801:Player,BR:0cc/cr876f:6d7s,3hJc|/4d6c8c:-100,100(-100.000000)
802:BR,Player:0r200c/r1306c/cc/cc:TcAc,5s7s|/2s9sJs/8s/8c:-1606,1606(-1606.000000)
803:Player,BR:0cr130c/cr4051f:7hTh,4s9c|/3s5h6d:-230,230(-230.000000)
804:BR,Player:0r130c/r1001f:4sJc,4hJs|/8sJdKd:230,-230(230.000000)
805:Player,BR:0cc/cr1532c/r100c/r608c:5cQs,KdKc|/7sThQc/9d/Qh:2340,-2340(182.183045)
806:BR,Player:0r130c/r142c/cc/cr421c:4hKs,TdKh|/8dKdAc/4c/Qh:793,-793(715.352152)
807:Player,BR:0cc/cr761f:8dAs,4hKd|/5hTdKc:-100,100(-100.000000)
808:BR,Player:0r130c/r2014c/cc/cr9716f:2c5s,9dJd|/2d4dAc/3c/5d:-2244,2244(-2244.000000)
809:Player,BR:0cr300c/cr1741f:4h8h,3d6h|/6dJsAs:-400,400(-400.000000)
810:BR,Player:0cc/r435r1565r1565f:TsJs,7sAc|/4d6d7c:2100,-2100(2100.000000)
811:Player,BR:0cr300c/cr3503f:3h3c,2cAc|/4d5c7h:-400,400(-400.000000)
812:BR,Player:0r200c/r1306f:6d7s,4dKc|/2c3dQd:300,-300(300.000000)
813:Player,BR:0cr200c/cr2284c/r100c/r1096c:TsKs,8d8c|/8h9hJc/7d/Jd:-3780,3780(-3136.832898)
814:BR,Player:0r130c/r871f:7hKs,6sAs|/2h9cKd:230,-230(230.000000)
815:Player,BR:0cc/cr3080f:6cTs,5s9c|/8dJdKd:-100,100(-100.000000)
816:BR,Player:0r200c/r244c/cr356c/cc:KsAd,6s9h|/9cTsTd/7s/4h:-900,900(-322.088839)
817:Player,BR:0cc/cr876f:5cQd,7cTd|/9dKsKd:-100,100(-100.000000)
818:BR,Player:0r130c/r2014f:QcAd,5h8h|/2dTsJc:230,-230(230.000000)
819:Player,BR:0cr600c/cr3047f:TsAh,9hKc|/2h4cJs:-700,700(-700.000000)
820:BR,Player:0r130c/r1001c/cr1184c/cr3139c:TcJc,6s7c|/2c4c5h/5s/2d:5554,-5554(4385.948159)
821:Player,BR:0cc/cr876f:4h9d,QdKd|/3c5h6d:-100,100(-100.000000)
822:BR,Player:0r200c/r1306r4694f:4hJs,9sQc|/6h9h9c:-1606,1606(-1606.000000)
823:Player,BR:0cr300c/r520r4005f:6cQc,4dTh|/7h9cJd:-920,920(-920.000000)
824:BR,Player:0f:5s5c,3cTd|:50,-50(50.000000)
825:Player,BR:0cc/cr124c/cc/cc:7cQc,4sJh|/2cJdKs/Kc/4c:224,-224(-152.365038)
826:BR,Player:0r200c/r1306c/cr914c/cc:5sJd,7s9d|/4h9sTc/Jh/6d:2520,-2520(-1393.141690)
827:Player,BR:0cc/cr876f:2hTc,ThAh|/6d8d9s:-100,100(-100.000000)
828:BR,Player:0r200c/r19700f:9dKc,ThTc|/4h9sKh:300,-300(300.000000)
829:Player,BR:0cc/cr3080f:3h9s,4dKd|/7c8dQc:-100,100(-100.000000)
830:BR,Player:0r130c/r285f:JdQs,3sQd|/5sJhAs:230,-230(230.000000)
831:Player,BR:0cc/cr124r576f:5hTh,7d9h|/5s9sTc:224,-224(224.000000)
832:BR,Player:0r130c/r1001f:8cQd,7dAc|/3s5s5d:230,-230(230.000000)
833:Player,BR:0cc/cr124c/cc/cc:4sKh,4dTd|/9dThAh/7h/Js:-224,224(-55.333951)
834:BR,Player:0r130c/r327f:4cAh,5h7d|/2s4s6s:230,-230(230.000000)
835:Player,BR:0cr600c/cr996c/r824f:3cTc,5sQh|/8hKcAc/5c:1696,-1696(1696.000000)
836:BR,Player:0r130c/r3522f:KsKd,9cQh|/2c4sTd:230,-230(230.000000)
837:Player,BR:0cr600c/cr1515c/r305c/cc:AsAd,8cAc|/JdQhAh/Ks/Td:0,-0(0.000000)
838:BR,Player:0cc/r124c/cc/cc:5s6h,9cKh|/2h5hJs/8d/4d:224,-224(152.464492)
839:Player,BR:0cr200c/cr1306f:TcJs,6d9d|/5sTsAh:-300,300(-300.000000)
840:BR,Player:0r200c/r1306r3224f:4dQc,4h6s|/5c7s8d:-1606,1606(-1606.000000)
841:Player,BR:0cc/cr1761f:3h9d,4d4c|/2h6h7h:-100,100(-100.000000)
842:BR,Player:0r130c/r2014f:6cKs,4d4c|/2s5hJs:230,-230(230.000000)
843:Player,BR:0cr200c/cr2627f:3cTh,TsKc|/6s9hJc:-300,300(-300.000000)
844:BR,Player:0r130c/r1001f:QhAs,2h8h|/3s6c7c:230,-230(230.000000)
845:Player,BR:0cc/cr435c/r305f:6dJh,6hQc|/3hJsJd/5h:535,-535(535.000000)
846:BR,Player:0r130c/r285c/cc/cc:8sTd,QsAs|/6c8dJc/2h/4d:515,-515(515.000000)
847:Player,BR:0cc/cr876f:5cTh,9hTd|/5d6s8h:-100,100(-100.000000)
848:BR,Player:0r200c/r1136f:KhAd,5cJh|/4dTdKs:300,-300(300.000000)
849:Player,BR:0cc/cr435f:6h9c,2sTc|/3s4d9d:-100,100(-100.000000)
850:BR,Player:0r200c/r1306c/cr3224c/cc:QdAs,TdKh|/2s3cTs/Qs/7s:4830,-4830(4830.000000)
851:Player,BR:0cr600c/cr214c/cc/r2236f:JdKc,8sAc|/2s2dQh/9h/Ks:914,-914(914.000000)
852:BR,Player:0cc/r124c/cc/cc:7d9d,8cAh|/2c7sQh/2h/3s:224,-224(163.730011)
853:Player,BR:0cc/cr1532f:5cTs,KhAh|/5dQsAd:-100,100(-100.000000)
854:BR,Player:0r200c/r1306f:2h8d,6hKc|/7h8s9c:300,-300(300.000000)
855:Player,BR:0cr600c/cr866c/cc/cc:TsTh,9s9h|/3c7sQh/Jh/Ad:1566,-1566(-16.591656)
856:BR,Player:0r130c/r285c/cr543c/cr3174c:KhAc,TcQd|/7dQhQc/8h/2c:-4232,4232(80.212295)
857:Player,BR:0cc/cr3080f:2hAs,2c4h|/5sTcKh:-100,100(-100.000000)
858:BR,Player:0r200c/r427f:5cJs,7cJc|/2s8s8d:300,-300(300.000000)
859:Player,BR:0cc/cr435c/r305f:3d5h,4s9s|/4c8hAh/5s:535,-535(535.000000)
860:BR,Player:0r130c/r498c/cr859c/cc:7sJd,QhQd|/4c7d9h/Ts/Js:1587,-1587(1587.000000)
861:Player,BR:0cc/cr876f:2s9h,6dQh|/TcJsQc:-100,100(-100.000000)
862:BR,Player:0r130c/r2014f:6hKd,8c9d|/7hQdAs:230,-230(230.000000)
863:Player,BR:0cr300c/cr7045f:7sAs,4sTs|/QcKdKc:-400,400(-400.000000)
864:BR,Player:0r130c/r2014f:4sJh,4dKd|/7dJsAs:230,-230(230.000000)
865:Player,BR:0cc/cr1761f:JdKc,5hKs|/2dQdAd:-100,100(-100.000000)
866:BR,Player:0r200c/r212r838r5877f:JdQh,7sJs|/3sQsKh:1350,-1350(1350.000000)
867:Player,BR:0cc/cr435f:4d7c,2h5s|/8s9hTd:-100,100(-100.000000)
868:BR,Player:0cc/r876f:7hQd,2hJh|/2s9cKs:100,-100(100.000000)
869:Player,BR:0cc/cr435f:5dJh,6hTc|/4s8hQd:-100,100(-100.000000)
870:BR,Player:0r130c/r1001f:5h5c,2c3c|/7s8sJc:230,-230(230.000000)
871:Player,BR:0cc/cr876f:3cKd,9hQh|/8hTsKs:-100,100(-100.000000)
872:BR,Player:0r130c/r2014f:8s8d,6hQc|/7dThQd:230,-230(230.000000)
873:Player,BR:0cc/cr876f:7dJh,2s6s|/5c7cKc:-100,100(-100.000000)
874:BR,Player:0r130c/r163c/cc/cc:QhKs,3sQs|/2c3hTc/4h/2s:-393,393(-195.669784)
875:Player,BR:0cr600c/cr3047c/r3603f:JsKc,7dQs|/5s8sKh/4h:3747,-3747(3747.000000)
876:BR,Player:0r130c/r871f:9dQh,3c5d|/5hJdQs:230,-230(230.000000)
877:Player,BR:0cc/cr1761f:5dJc,8hTs|/4h9d9c:-100,100(-100.000000)
878:BR,Player:0r300c/r1741f:7cKc,4dQs|/2s8c9h:400,-400(400.000000)
879:Player,BR:0cc/cr876f:2h7s,7hQd|/4h6h8h:-100,100(-100.000000)
880:BR,Player:0r130c/r2014f:3cTd,3sJd|/2d7sJs:230,-230(230.000000)
881:Player,BR:0cr300c/cr1741f:8cAh,7d9h|/7cJhKc:-400,400(-400.000000)
882:BR,Player:0r200c/r2627f:7cQs,5c6d|/2s9dJh:300,-300(300.000000)
883:Player,BR:0cc/cr435f:7cKs,5dTd|/8d9s9d:-100,100(-100.000000)
884:BR,Player:0r130c/r871f:8hJs,5cKh|/3d4sJd:230,-230(230.000000)
885:Player,BR:0cr200c/cr2627f:KsKd,2d5c|/7c8h9s:-300,300(-300.000000)
886:BR,Player:0r130c/r1001f:TdKh,9sJc|/8s8cJh:230,-230(230.000000)
887:Player,BR:0cc/cr435f:2cJs,5d6d|/AhAdAc:-100,100(-100.000000)
888:BR,Player:0r130c/r1751f:KdKc,7d8d|/4d7hTc:230,-230(230.000000)
889:Player,BR:0cc/cr876f:2h4s,8dJs|/3c9dTd:-100,100(-100.000000)
890:BR,Player:0r130c/r1001f:5h9d,4hQh|/2d8sKc:230,-230(230.000000)
891:Player,BR:0cr300c/cr1741f:6d6c,TsJh|/7dJdAs:-400,400(-400.000000)
892:BR,Player:0cc/r435c/cc/cc:4d4c,7h9c|/5c6h7s/Js/6s:-535,535(-535.000000)
893:Player,BR:0cr300c/cr495f:8dKd,6hAs|/3d9cAc:-400,400(-400.000000)
894:BR,Player:0r130c/r871f:5h6s,4d8s|/5d5cAh:230,-230(230.000000)
895:Player,BR:0cr200c/cr1306f:JdKd,5cQd|/2c6sTd:-300,300(-300.000000)
896:BR,Player:0cc/r100r260r655f:2h2d,6hAd|/8cKcAs:460,-460(460.000000)
897:Player,BR:0cc/cr379f:3c5h,7cAc|/6c7dJd:-100,100(-100.000000)
898:BR,Player:0cc/r435f:5hQh,6sAh|/7dKhKc:100,-100(100.000000)
899:Player,BR:0cr200c/cr2627f:5s7s,4d7h|/9hQsKd:-300,300(-300.000000)
900:BR,Player:0r130c/r2014c/cr2241f:9sJh,6dAc|/2h6cAh/Ks:-2244,2244(-2244.000000)
901:Player,BR:0cc/cr761f:5cKh,6c9c|/5h6s8c:-100,100(-100.000000)
902:BR,Player:0cc/r142c/cr208c/cr1350c:3hKc,6sTs|/8cJhQh/Jd/4h:1800,-1800(314.363723)
903:Player,BR:0cc/cr3080f:2d4h,7dQd|/4cJdKs:-100,100(-100.000000)
904:BR,Player:0r300c/r1514c/cr486c/cr7200f:4hJc,KsKd|/3dJhJd/Ts/Kh:-2400,2400(-2400.000000)
905:Player,BR:0cc/cr876c/r584c/r3120c:7cKh,4sTc|/3c7h9h/7d/Ac:4680,-4680(785.656424)
906:BR,Player:0r130c/r1001f:7dJh,4dQc|/TdKdAc:230,-230(230.000000)
907:Player,BR:0cc/cr1761f:2c8h,3sAc|/4h5dQh:-100,100(-100.000000)
908:BR,Player:0r200c/r649f:3h9h,5hKd|/5s6d9c:300,-300(300.000000)
909:Player,BR:0cr200c/cr1306c/r914c/r1260c:5s7s,3s5c|/6s7d8s/3h/8c:3780,-3780(35.931343)
910:BR,Player:0f:8sKc,2s5c|:50,-50(50.000000)
911:Player,BR:0cc/cr379f:2c4h,8s9s|/6s9cAd:-100,100(-100.000000)
912:BR,Player:0r200c/r371c/cr100c/cc:8dQd,JdAh|/5c6h8h/Qc/Qs:771,-771(771.000000)
913:Player,BR:0cc/cr379r441r1991c/r401c/cc:5d8d,6c7c|/2d4c7d/8h/Tc:3312,-3312(2540.381141)
914:BR,Player:0cc/r124f:3h9d,5dJs|/8h9cAc:100,-100(100.000000)
915:Player,BR:0cc/cr3080f:2h8c,5h6c|/7c9sQc:-100,100(-100.000000)
916:BR,Player:0r200c/r1306c/cr1544f:3s7d,4s5c|/2d2cAs/3h:-1606,1606(-1606.000000)
917:Player,BR:0cc/cr124f:4s8s,JdJc|/7dQcAc:-100,100(-100.000000)
918:BR,Player:0r300c/r3503c/cc/cr16097c:6hAs,6s9s|/7sQdKs/Jd/Kd:20000,-20000(6067.744661)
919:Player,BR:0cc/cr876f:2d8c,4s7h|/3d3cJc:-100,100(-100.000000)
920:BR,Player:0r130c/r871f:2cJh,3hQh|/6dJdJc:230,-230(230.000000)
921:Player,BR:0cr300c/cr3503f:5d6d,2hQc|/6c8hTd:-400,400(-400.000000)
922:BR,Player:0r200c/r1306c/cc/cc:6hTd,QdAd|/3d5sKs/Th/Ah:-1606,1606(-811.256986)
923:Player,BR:0cc/cr435f:3s6c,4h6h|/5sQhKh:-100,100(-100.000000)
924:BR,Player:0cc/r1761f:8sTd,5h9d|/6d7h7c:100,-100(100.000000)
925:Player,BR:0cc/cr1761f:3h7s,2cJs|/2s5cKc:-100,100(-100.000000)
926:BR,Player:0f:6cKc,3c6s|:50,-50(50.000000)
927:Player,BR:0cr300c/cr3503r8057f:TdAh,2s6h|/2c5dTs:3903,-3903(3903.000000)
928:BR,Player:0r130c/r1001f:8sJs,7dTd|/2c9dAs:230,-230(230.000000)
929:Player,BR:0cr300c/r520r4005f:5dKd,3h9c|/2d3d5c:-920,920(-920.000000)
930:BR,Player:0r130c/r327c/cc/cc:8sTd,4h7c|/2c7sQc/Jh/6c:-557,557(-557.000000)
931:Player,BR:0cc/cr1532c/r318c/r5850f:2dQh,9d9c|/8sQsQc/7d/7h:1950,-1950(1950.000000)
932:BR,Player:0r200c/r2627r8773f:3dKh,8hKd|/4s5d8d:-2927,2927(-2927.000000)
933:Player,BR:0cr200c/cr2627f:4dJd,6sTs|/3h5hJh:-300,300(-300.000000)
934:BR,Player:0r130c/r1001f:5h8h,5cQc|/6dTdAd:230,-230(230.000000)
935:Player,BR:0cc/cr435f:2hQc,4dKs|/2s3hJs:-100,100(-100.000000)
936:BR,Player:0r130c/r1001f:2hAh,JdQc|/JsKsAs:230,-230(230.000000)
937:Player,BR:0cr300c/r520r520c/cc/r2792c:JcAd,TdQh|/4dThJs/Jd/Kd:4232,-4232(-699.706248)
938:BR,Player:0r130c/r100f:QdKs,5dJs|/2c9hAs:230,-230(230.000000)
939:Player,BR:0cc/cr876f:2s5h,5d9d|/3sQdKh:-100,100(-100.000000)
940:BR,Player:0r130c/r871f:QsAs,3c5s|/9dJsQh:230,-230(230.000000)
941:Player,BR:0cc/r300r300f:3c6s,2c8h|/5c7h8s:-400,400(-400.000000)
942:BR,Player:0r130c/r871c/cr279c/cr1794c:AhAc,3cKd|/2dKsKh/8d/Jd:-3174,3174(1716.162367)
943:Player,BR:0cr300c/cr495c/cc/cc:6cAc,7dKh|/5c7hJh/Ad/9s:895,-895(-43.606550)
944:BR,Player:0cc/r435f:4c8h,4d7c|/3s6sAs:100,-100(100.000000)
945:Player,BR:0cc/cr435f:2hTs,8d9h|/3h3cKd:-100,100(-100.000000)
946:BR,Player:0r130c/r871c/cc/cc:7dQd,6sQc|/5cTcQh/Jc/9h:0,-0(-467.387402)
947:Player,BR:0cc/cr3080f:4cKs,3h7d|/2h9dQh:-100,100(-100.000000)
948:BR,Player:0r130c/r1001c/cr1184c/cr17585f:2sTd,3h7h|/4h7sAh/7c/2c:-2415,2415(-2415.000000)
949:Player,BR:0cc/cr876f:5hTc,QdKc|/3h4dJd:-100,100(-100.000000)
950:BR,Player:0r130c/r2014f:9cJc,8d9h|/5d6dKs:230,-230(230.000000)
951:Player,BR:0cr300c/cr1741f:5cJd,8sKc|/7sTsQd:-400,400(-400.000000)
952:BR,Player:0f:QsAd,2dTs|:50,-50(50.000000)
953:Player,BR:0cr200c/cr2627c/cc/r2923f:5dAc,6d8s|/2d9sAd/Qc/2h:2927,-2927(2927.000000)
954:BR,Player:0f:4c6d,3h7c|:50,-50(50.000000)
955:Player,BR:0cc/cr1761f:5sKd,3hQc|/4s7sAd:-100,100(-100.000000)
956:BR,Player:0cc/r124c/cr100c/cc:8cTh,4hJh|/9dTcAh/Js/2c:-324,324(-79.874547)
957:Player,BR:0cc/cr435f:8cQs,8dTs|/2h3d7d:-100,100(-100.000000)
958:BR,Player:0r300c/r3503f:3h6d,3s3c|/5h5dTc:400,-400(400.000000)
959:Player,BR:0cc/cr876f:3cQh,3hAh|/3s5c8s:-100,100(-100.000000)
960:BR,Player:0f:4c7c,2h5d|:50,-50(50.000000)
961:Player,BR:0cr200c/r600r1281f:2h5s,9cQh|/3s9sAh:-900,900(-900.000000)
962:BR,Player:0r130c/r2014f:5c7c,3hJc|/2d6dAh:230,-230(230.000000)
963:Player,BR:0cr300c/r520r4005f:8sKs,4dQc|/2c5dKh:-920,920(-920.000000)
964:BR,Player:0r200c/r2627f:6dTs,9sTd|/9hJcKh:300,-300(300.000000)
965:Player,BR:0cr300c/cr3503f:7h9h,5c6c|/3hKsKd:-400,400(-400.000000)
966:BR,Player:0r130c/r142c/cc/cc:TcKs,6hKd|/9cKhAc/2d/3c:372,-372(370.807708)
967:Player,BR:0cc/cr124c/cc/r100f:2d8d,6hKh|/6s8sQd/9d/Qh:224,-224(224.000000)
968:BR,Player:0r200c/r212c/cc/cr838f:7hQd,7cJc|/7s8dKh/Kd/Js:-512,512(-512.000000)
969:Player,BR:0cc/cr761c/cc/r189c:2dKs,KdAd|/4c6dKc/Ac/Qs:-1050,1050(-938.348686)
970:BR,Player:0cc/r761f:QdKh,8hTd|/QsKdAd:100,-100(100.000000)
971:Player,BR:0cr300c/cr1741f:KcAc,5c9h|/2s4s7h:-400,400(-400.000000)
972:BR,Player:0r130c/r1001f:7hQs,7sKd|/JhQdKh:230,-230(230.000000)
973:Player,BR:0cc/cr876f:8sKd,4hAd|/5s7c9c:-100,100(-100.000000)
974:BR,Player:0r130c/r2014f:7c9d,4sAs|/5d8sJh:230,-230(230.000000)
975:Player,BR:0cr300c/cr495f:4dAd,5sQs|/8sThQc:-400,400(-400.000000)
976:BR,Player:0cc/r435f:3h9d,6hAc|/2d7dTc:100,-100(100.000000)
977:Player,BR:0cc/cr876f:6cKd,6h8h|/2s4d7h:-100,100(-100.000000)
978:BR,Player:0r130c/r871f:3dTs,6cJh|/2d2cTd:230,-230(230.000000)
979:Player,BR:0cc/cr876f:4sKd,JcQd|/3h5dTh:-100,100(-100.000000)
980:BR,Player:0r200c/r2627c/cc/cc:3s8s,4cJc|/4s5cJs/3c/5d:-2927,2927(-2230.009338)
981:Player,BR:0cc/cr435f:8hTc,3cQh|/2h6dJd:-100,100(-100.000000)
982:BR,Player:0r200c/r1306c/cr3224f:4h5s,KdAd|/8sKhAh/Td:-1606,1606(-1606.000000)
983:Player,BR:0cr300c/r1200r6966r11434f:4s4d,3d5h|/4h6hQc:8566,-8566(8566.000000)
984:BR,Player:0r130c/r1001f:QsAc,2s2h|/6c9sKh:230,-230(230.000000)
985:Player,BR:0cr600c/cr3047r15853f:KsKh,3cKc|/3s5h6h:3747,-3747(3747.000000)
986:BR,Player:0r130c/r1001c/cc/cc:6hJh,AsAh|/7dTdQh/Kc/8c:-1231,1231(-1231.000000)
987:Player,BR:0cc/cr435c/r305c/r1680c:5cJd,3cTh|/8dTsQh/Qc/As:-2520,2520(-1246.161008)
988:BR,Player:0r200c/r5284f:8cQh,7dKd|/5cTdAs:300,-300(300.000000)
989:Player,BR:0cr300c/cr1741f:9sJs,3h9d|/3c5d6c:-400,400(-400.000000)
990:BR,Player:0r200c/r1306c/cr914c/cr7560f:2hQc,TdAs|/2s3s9s/Jh/4s:-2520,2520(-2520.000000)
991:Player,BR:0cc/cr435f:3dAs,5c8h|/2c9sTh:-100,100(-100.000000)
992:BR,Player:0r130c/r2014f:5hQd,3sTs|/3c6d9h:230,-230(230.000000)
993:Player,BR:0cr200c/cr5284r10286f:QdAd,5h7c|/6cQsAc:5584,-5584(5584.000000)
994:BR,Player:0r200c/r1306c/cc/cr4694c:3hKc,9cAc|/4h7c9s/Qc/As:-6300,6300(1319.903144)
995:Player,BR:0cc/cr876f:5cQd,8dAs|/7s7hKh:-100,100(-100.000000)
996:BR,Player:0r130c/r1001f:6sAh,8cKd|/4d5c8s:230,-230(230.000000)
997:Player,BR:0cc/cr876c/cc/cc:ThJs,4dAh|/8dJhQd/Kc/Qh:976,-976(976.000000)
998:BR,Player:0r130c/r1001f:8dAd,7c8h|/TcJsQc:230,-230(230.000000)
999:Player,BR:0cr200c/r390r390c/cc/r3060f:JhQc,7hTs|/8s9cAd/8c/2c:1080,-1080(1080.000000)
1000:BR,Player:0r130c/r1001c/cc/cc:2dKc,8h8d|/3h9hTh/6d/Qc:-1231,1231(-1231.000000)
RAW BR STATS: n=1000, sum=22688.000000, sum_sq=4205323616.000000, vr_sum=63267.659423, vr_sum_sq=1796118765.237411
BR STATS: 22.688000(127.095215), 63.267659(82.973446)
RESULTS
1)Player: -22688
2)BR: 22688
