In config file: GAME_DEF=game_def.fullholdem
In config file: ACTIONS_R0=C
In config file: ACTIONS_R1=C
In config file: ACTIONS_R2=F,C,0.05,0.0575,0.066125,0.07604375,0.087450313,0.100567859,0.115653038,0.133000994,0.152951143,0.175893815,0.202277887,0.23261957,0.267512505,0.307639381,0.353785288,0.406853081,0.467881044,0.5380632,0.61877268,0.711588582,0.81832687,0.9410759,1.082237285,1.244572878,1.43125881,1.645947631,1.892839776,2.176765742,2.503280603,2.878772694,3.310588598,3.807176888,4.378253421,5.034991434,5.790240149,6.658776171,7.657592597,8.806231486,10.12716621,11.64624114,13.39317731,15.40215391,17.71247699,20.36934854,23.42475083,26.93846345,30.97923297,35.62611791,40.9700356,47.11554094,54.18287208,62.31030289,71.65684832,82.40537557,94.76618191,A
In config file: ACTIONS_R3=F,C,0.05,0.0575,0.066125,0.07604375,0.087450313,0.100567859,0.115653038,0.133000994,0.152951143,0.175893815,0.202277887,0.23261957,0.267512505,0.307639381,0.353785288,0.406853081,0.467881044,0.5380632,0.61877268,0.711588582,0.81832687,0.9410759,1.082237285,1.244572878,1.43125881,1.645947631,1.892839776,2.176765742,2.503280603,2.878772694,3.310588598,3.807176888,4.378253421,5.034991434,5.790240149,6.658776171,7.657592597,8.806231486,10.12716621,11.64624114,13.39317731,15.40215391,17.71247699,20.36934854,23.42475083,26.93846345,30.97923297,35.62611791,40.9700356,47.11554094,54.18287208,62.31030289,71.65684832,82.40537557,94.76618191,A
Loading player: rgbr_nl_cprg.so
Player args: /home/viliam/cprg/project_uoapoker/trunk/src/c/meta_player.so /home/viliam/cprg/project_uoapoker/trunk/src/c/acpc14.map
Using seed 45.
1:Player,BR:0cr200c/cc/cr9241f:QsKc,2d4h|/3s7dAd/8s:-300,300(-300.000000)
2:BR,Player:0cc/cc/r8194f:KdAs,4s8d|/2d6cAc/7s:100,-100(100.000000)
3:Player,BR:0cc/cc/r200r1306f:4s6c,3s3d|/5s7hJh/9s:-300,300(-300.000000)
4:BR,Player:0cc/cr200c/r649f:2c5c,6cJd|/3c5d9c/5s:300,-300(300.000000)
5:Player,BR:0cc/cc/cr216f:7h9d,KhKd|/2c4hAd/2d:-100,100(-100.000000)
6:BR,Player:0cc/cr130c/r19770f:6h9s,4cKc|/6d7dTd/Qd:230,-230(230.000000)
7:Player,BR:0cr300c/r520c/cr8056f:8h9s,4c8d|/7hKsKc/9h:-920,920(-920.000000)
8:BR,Player:0f:7sJh,2c7d|:50,-50(50.000000)
9:Player,BR:0cc/cc/cr1761f:6hQc,5sAc|/TdJhQh/3d:-100,100(-100.000000)
10:BR,Player:0r130c/cc/r142r1008r12084f:5s5h,3d6d|/3c6cKh/8d:1380,-1380(1380.000000)
11:Player,BR:0cc/cc/cr1761f:4dQh,4s9h|/7sTsAc/7d:-100,100(-100.000000)
12:BR,Player:0r130c/cc/r6161f:6dAd,7cKs|/2s2h9h/As:230,-230(230.000000)
13:Player,BR:0cc/cc/cr1532f:3dAc,2h5d|/3s6cJh/4s:-100,100(-100.000000)
14:BR,Player:0cc/cc/r9423f:JdAs,JhKc|/4s6dQd/6h:100,-100(100.000000)
15:Player,BR:0cr300c/cc/cr1741f:8s9d,3dKc|/7c9sAh/3c:-400,400(-400.000000)
16:BR,Player:0r130c/cc/r573f:2h7s,3h7h|/6s6h8c/Kc:230,-230(230.000000)
17:Player,BR:0cr300c/cc/cr7045f:7hAh,2s9c|/3h6dJc/8d:-400,400(-400.000000)
18:BR,Player:0r130c/cc/r4051f:8hJh,4hQh|/4s9sKh/Td:230,-230(230.000000)
19:Player,BR:0cr200c/r600c/cr3918f:TcKd,9hQc|/5d6d9s/Js:-900,900(-900.000000)
20:BR,Player:0r130c/cr299c/r374r1530c/cr7299f:5c7s,4h6h|/2h3s5s/Qc/5h:-2433,2433(-2433.000000)
21:Player,BR:0cr130c/cc/r299r2003c/cr14578f:ThQh,9cKd|/9hTcAs/Kh/Qc:-2532,2532(-2532.000000)
22:BR,Player:0f:TcJd,2s5h|:50,-50(50.000000)
23:Player,BR:0cc/cc/cr761c/cr806r2533c:2sAh,4s5s|/3s4d4c/8d/Ts:-4200,4200(-3779.323837)
24:BR,Player:0r130c/cc/r2014f:3dAd,9hJs|/3c4d5h/Ks:230,-230(230.000000)
25:Player,BR:0cr200c/r390c/r897r3950f:7sTs,8cJd|/4s4c9d/8d:-1587,1587(-1587.000000)
26:BR,Player:0cc/cr600c/r1515f:AhAc,4hJd|/6h8sKc/9c:700,-700(700.000000)
27:Player,BR:0cc/cc/r130r4051f:7hKc,2d6c|/8s9cKd/8c:-230,230(-230.000000)
28:BR,Player:0cc/cr130c/r163f:3sJs,5hAs|/3c4c7s/5c:230,-230(230.000000)
29:Player,BR:0cc/cc/r130r1001f:5cQd,6hJc|/2s4h8c/6d:-230,230(-230.000000)
30:BR,Player:0r130c/cr299c/r753f:8h9h,4c8s|/6cTsKd/8c:529,-529(529.000000)
31:Player,BR:0cc/cc/cr9423f:7dAc,7hAs|/2h3hTh/Js:-100,100(-100.000000)
32:BR,Player:0r200c/cc/r5284f:3h8s,6sTd|/QdKdKc/4c:300,-300(300.000000)
33:Player,BR:0cc/cc/cr379f:6cJc,8sJd|/4h8h9c/9h:-100,100(-100.000000)
34:BR,Player:0cc/cc/r1761f:3sJd,5s9h|/7h9cKc/7c:100,-100(100.000000)
35:Player,BR:0cc/cc/cc/cr1532f:4hTc,7cKh|/5s5cJc/3h/Jd:-100,100(-100.000000)
36:BR,Player:0r130c/cr299c/r2003f:7sKc,TsJh|/2s5s7h/6c:529,-529(529.000000)
37:Player,BR:0cc/cc/r200r5284f:9dTh,2s4d|/2c7dAh/6s:-300,300(-300.000000)
38:BR,Player:0r130c/cc/r7085f:6d8c,7h8h|/4d9hAd/2c:230,-230(230.000000)
39:Player,BR:0cr600c/cc/r910r7009f:8sTh,3c9c|/2d4d8d/7s:-1610,1610(-1610.000000)
40:BR,Player:0r130c/cc/r7085f:4hQc,3sAd|/5s8c9h/Jd:230,-230(230.000000)
41:Player,BR:0cc/cc/cr1532f:3d8h,2sAh|/2d4d9s/2c:-100,100(-100.000000)
42:BR,Player:0f:4hQh,3c7s|:50,-50(50.000000)
43:Player,BR:0cr300c/cc/r200r10567f:7hJh,3d5d|/8cTsQs/4c:-600,600(-600.000000)
44:BR,Player:0r200c/cr390c/r488f:9sAs,TdQh|/3s5h7c/6h:690,-690(690.000000)
45:Player,BR:0cc/cc/cr761f:6sTc,3hTs|/5dThQh/9d:-100,100(-100.000000)
46:BR,Player:0r130c/cr299c/r4632f:7hKs,3sQc|/2c8sAc/Js:529,-529(529.000000)
47:Player,BR:0cr300c/cc/cr7045f:4h4c,2sQd|/6d8dJc/3h:-400,400(-400.000000)
48:BR,Player:0r200c/cr390c/r10567f:2dJd,6dTh|/3h5dKd/Td:690,-690(690.000000)
49:Player,BR:0cr300c/cc/r1200r1200r2000r3396f:6dJd,9cTh|/5c9dQd/7h:-4800,4800(-4800.000000)
50:BR,Player:0cc/cc/r379c/r902f:2h5s,TsJs|/5cThAs/3h/Kh:479,-479(479.000000)
51:Player,BR:0cc/cc/cr142c/cr455r683r1964f:6d7c,5cKs|/8dThTc/7s/Kh:-1380,1380(-1380.000000)
52:BR,Player:0r130c/cr299c/cr1058r1058f:3s8s,4s9s|/8dQsAh/Tc:1587,-1587(1587.000000)
53:Player,BR:0cc/cc/cr435f:5cAd,2d4c|/2h6hQd/Jh:-100,100(-100.000000)
54:BR,Player:0r300c/cc/r1741f:4sAc,2cKh|/3s8h9c/Jd:400,-400(400.000000)
55:Player,BR:0cc/cc/cr8194c/r100r11606f:2dKh,3s9s|/9cKsKc/8h/Jd:-8394,8394(-8394.000000)
56:BR,Player:0r130c/cr460c/r854r1630r1630f:KsKc,5hJc|/4s6hAd/3d:3174,-3174(3174.000000)
57:Player,BR:0cc/cc/cr876f:2cQs,5h9d|/6s7sJd/Jh:-100,100(-100.000000)
58:BR,Player:0r130c/cr460c/r6042f:TdKs,8cJh|/4d7dAs/9h:690,-690(690.000000)
59:Player,BR:0cc/cc/cr435f:7cQc,4d8c|/3dTsTh/6d:-100,100(-100.000000)
60:BR,Player:0r130c/cc/cr299c/r8102f:JhAs,5cQc|/3d4cKs/8h/Ac:529,-529(529.000000)
61:Player,BR:0cr300c/r800c/r1560r3928f:9cJh,8sQs|/5cTsKc/4s:-2760,2760(-2760.000000)
62:BR,Player:0cc/cr130c/r327f:7cAh,3sTd|/3d5s5d/4h:230,-230(230.000000)
63:Player,BR:0cc/cc/cr1532f:7hQc,4h5c|/7c8hKh/6s:-100,100(-100.000000)
64:BR,Player:0r130c/cc/r1001f:5dQh,2cAh|/3h8hKs/3d:230,-230(230.000000)
65:Player,BR:0cr300c/cc/r200r854f:6d7d,TdAc|/QhKsKd/5s:-600,600(-600.000000)
66:BR,Player:0f:5hQd,2h4s|:50,-50(50.000000)
67:Player,BR:0cr300c/cc/r200r5254c/cr12671f:TsAc,3c7c|/4c6hTh/Js/8c:-5854,5854(-5854.000000)
68:BR,Player:0r130c/cc/r1001c/r14256f:6sJd,JsAc|/8hKsAs/Qd/3s:1231,-1231(1231.000000)
69:Player,BR:0cc/cc/cc/cr142f:5cKd,3s3d|/7h9sQs/8h/Ah:-100,100(-100.000000)
70:BR,Player:0r130c/cc/r2014f:5hTh,5dAs|/4c6s6d/2h:230,-230(230.000000)
71:Player,BR:0cc/cc/cc/cr761f:2dAs,QhKd|/3s3h8s/Td/Qs:-100,100(-100.000000)
72:BR,Player:0r200c/cc/r1306f:4s5s,8c9c|/8hJsQh/6h:300,-300(300.000000)
73:Player,BR:0cr600c/cc/cr3047f:7s7c,3hTs|/4d8sJc/4c:-700,700(-700.000000)
74:BR,Player:0r130c/cc/r327c/r343r343r10884f:2sJd,QdKh|/3h4dKs/7d/Js:1243,-1243(1243.000000)
75:Player,BR:0cr600c/cc/cr3047f:TcKc,4cJd|/3d5s7h/7d:-700,700(-700.000000)
76:BR,Player:0r130c/cr299c/r2303f:4hAs,9cQd|/3s6c9s/Th:529,-529(529.000000)
77:Player,BR:0cc/cc/cr19900f:4dTs,QsKs|/6dQhQc/3s:-100,100(-100.000000)
78:BR,Player:0cc/cr200c/r244r836r3435f:3s7d,4c7c|/2c5s6d/8s:1380,-1380(1380.000000)
79:Player,BR:0cr300c/cc/r200r2612f:8sAd,5sTc|/3c5h9c/Ac:-600,600(-600.000000)
80:BR,Player:0r200c/cr390c/r5254f:5h6c,2dKs|/3d6hQh/5d:690,-690(690.000000)
81:Player,BR:0cc/cc/cr876f:3s5h,6cQh|/4d5sTd/7s:-100,100(-100.000000)
82:BR,Player:0f:2d3s,2h3c|:50,-50(50.000000)
83:Player,BR:0cc/cc/cr124f:5cTd,JhJc|/4s4dAs/9s:-100,100(-100.000000)
84:BR,Player:0cc/cr130c/r327c/r19443f:TdKd,9cJh|/3h8h8c/Jc/6h:557,-557(557.000000)
85:Player,BR:0cr200c/cc/cr371c/cr1263c:5d6d,7dTh|/5s7hKh/2h/7c:-1934,1934(-1780.541656)
86:BR,Player:0cc/cr130c/r498f:5c9h,2hQh|/KsKdAd/5s:230,-230(230.000000)
87:Player,BR:0cr600c/cc/r140r3657f:9dQh,4c9s|/2d7dAh/9h:-840,840(-840.000000)
88:BR,Player:0r130c/cr460c/r3004f:3d7d,7sQd|/2d8s9d/Jh:690,-690(690.000000)
89:Player,BR:0cr600c/cc/cr495f:TsAd,2c7h|/5h6dJs/9c:-700,700(-700.000000)
90:BR,Player:0cc/cr130c/r100f:3s7d,7cTh|/2h3d5s/5c:230,-230(230.000000)
91:Player,BR:0cc/cc/cr9423f:4sJd,4d7s|/5c8sQc/2d:-100,100(-100.000000)
92:BR,Player:0r200c/cc/cr900r5224f:2h4s,QcAc|/9cTsQd/Ad:1200,-1200(1200.000000)
93:Player,BR:0cr200c/r390c/r345r7881f:9cJc,7dQs|/5s6dJh/Qd:-1035,1035(-1035.000000)
94:BR,Player:0f:6h9c,2c8d|:50,-50(50.000000)
95:Player,BR:0cc/cc/r130r1001f:2d4c,7hJh|/3h8hKs/4s:-230,230(-230.000000)
96:BR,Player:0r130c/cc/r7085f:4d9d,2sJs|/6dJhAh/Kh:230,-230(230.000000)
97:Player,BR:0cc/cc/cr435f:7sJd,3sJs|/4s6hTh/Kd:-100,100(-100.000000)
98:BR,Player:0r130c/cr299c/cr1058r3950f:3dKd,8sTc|/5c6dAc/3c:1587,-1587(1587.000000)
99:Player,BR:0cr300c/cc/r200r1493f:QhKh,4h6h|/3s9hAd/5s:-600,600(-600.000000)
100:BR,Player:0r130c/cc/r4051f:3cAs,7dAd|/5s6cKh/9d:230,-230(230.000000)
101:Player,BR:0cc/cc/r200f:2hQc,5cKd|/2s2c6d/As:100,-100(100.000000)
102:BR,Player:0r130c/cr299c/r4632f:5dKc,6c8h|/4d9dJh/9c:529,-529(529.000000)
103:Player,BR:0cc/cc/cr124c/cr5218f:4cAs,3dQs|/2d9dAc/3c/3s:-224,224(-224.000000)
104:BR,Player:0r200c/cc/r5284c/r12086f:2c8s,9sAd|/4s7hKd/Ah/4h:5584,-5584(5584.000000)
105:Player,BR:0cc/cc/cr9423f:ThQd,3s8c|/2cJdAd/Ts:-100,100(-100.000000)
106:BR,Player:0cc/cr130c/cc/r14250f:2c6h,7cTc|/4h8hJh/2d/4c:230,-230(230.000000)
107:Player,BR:0cc/cc/cr379f:5h9d,ThAc|/8sTcKc/4h:-100,100(-100.000000)
108:BR,Player:0r130c/cc/r4051f:2sTs,JdAd|/4s6h7c/4h:230,-230(230.000000)
109:Player,BR:0cr200c/r600c/r180r1537f:3c4s,6s7h|/4d6dAh/5d:-1080,1080(-1080.000000)
110:BR,Player:0cc/cr130c/r871r1659f:5cQh,6s9h|/7s8sQc/5h:-1101,1101(-1101.000000)
111:Player,BR:0cc/cc/cr1761f:2s4c,2dKc|/9dQsAc/6h:-100,100(-100.000000)
112:BR,Player:0r200c/cr390c/r6042c/r9581f:9sQd,4s4c|/4h5s6c/3c/Tc:6732,-6732(6732.000000)
113:Player,BR:0cc/cc/r300r7045f:9cQd,4sTc|/2h5d9h/6s:-400,400(-400.000000)
114:BR,Player:0r130c/cr299c/r100f:4d9c,5s9s|/4c8cQh/2s:529,-529(529.000000)
115:Player,BR:0cr600c/cc/cr495c/r485r18320c:QhKh,4h7d|/6cTdJd/9d/8d:-20000,20000(-20000.000000)
116:BR,Player:0r130c/cc/r2014f:6cTd,3h5c|/4s9sKc/5h:230,-230(230.000000)
117:Player,BR:0cr130c/cc/cr1001c/cr4660c:JcAh,3s5d|/2cJhQc/6h/2s:5891,-5891(5891.000000)
118:BR,Player:0cc/cr130c/r2014f:4sJd,6s6c|/5sQdAs/3s:230,-230(230.000000)
119:Player,BR:0cc/cc/cr876f:3dKc,9dTc|/JcQsAs/6s:-100,100(-100.000000)
120:BR,Player:0r200c/cr390c/r3004f:5sTc,8hAh|/4h5c8c/9c:690,-690(690.000000)
121:Player,BR:0cr600c/cc/cr3047c/cr3049c:9dTh,4c5c|/6d9hAs/Kh/Tc:6796,-6796(6796.000000)
122:BR,Player:0r130c/cc/r7085f:5d9c,7sJc|/2d8hAd/4s:230,-230(230.000000)
123:Player,BR:0cc/cc/cr1761f:3hTc,6cKc|/7cJdQd/Ts:-100,100(-100.000000)
124:BR,Player:0r130c/cc/r7085f:3cKc,3s5h|/8d9cQc/6d:230,-230(230.000000)
125:Player,BR:0cc/cc/cr9423f:2c4s,2d8c|/4dJcAd/Qc:-100,100(-100.000000)
126:BR,Player:0r130c/cc/r4051f:2dTc,5s5d|/6hJdAs/Ah:230,-230(230.000000)
127:Player,BR:0cr300c/r520c/cr8056f:9dJc,6cTh|/4d8hAd/7h:-920,920(-920.000000)
128:BR,Player:0r200c/cr900c/r120r4440f:3h3c,4h4d|/4c7hAc/Ad:-1320,1320(-1320.000000)
129:Player,BR:0cr600c/r910c/r2093f:3c5c,2h8d|/3s3hQd/Tc:1610,-1610(1610.000000)
130:BR,Player:0r130c/cr299c/r2303f:2d6c,9hJs|/4c7h9s/7s:529,-529(529.000000)
131:Player,BR:0cc/cc/r300r996f:2dKs,8h8c|/4s6sQs/3s:-400,400(-400.000000)
132:BR,Player:0r130c/cc/r7085f:2sTc,4s9s|/4h7dAc/3s:230,-230(230.000000)
133:Player,BR:0cr130c/cc/cr1751c/cr3242c:7h8h,6cKc|/6h6dAs/7d/5s:-5223,5223(-4538.506356)
134:BR,Player:0r200c/cc/r5284f:4s4c,5sQh|/3h7cKs/2s:300,-300(300.000000)
135:Player,BR:0cr200c/cc/cr9241f:2hTh,2d3d|/5s8dAs/Qc:-300,300(-300.000000)
136:BR,Player:0r130c/cr299c/r655f:4sKc,3h6h|/3sTsKd/8s:529,-529(529.000000)
137:Player,BR:0cr200c/cc/r150r3940f:7h8d,5hKd|/2d6sJh/Tc:-450,450(-450.000000)
138:BR,Player:0r200c/cc/r371c/r722f:4hQd,9sTs|/2hQhKd/7h/6d:671,-671(671.000000)
139:Player,BR:0cc/cc/r300r1741f:3cTh,3dJh|/5c9cAs/5s:-400,400(-400.000000)
140:BR,Player:0r130c/cc/r14250f:4s6c,4dKh|/6s9sKs/3s:230,-230(230.000000)
141:Player,BR:0cc/cc/r300r3046f:6c9d,9cAc|/2s5c8s/Ah:-400,400(-400.000000)
142:BR,Player:0f:8dKh,2hTs|:50,-50(50.000000)
143:Player,BR:0cc/cc/cr19900f:2s4h,JdQs|/6sQhQc/2d:-100,100(-100.000000)
144:BR,Player:0r200c/cc/r371f:2hJs,8hAc|/3s5sJd/Qs:300,-300(300.000000)
145:Player,BR:0cr130c/r460c/r1380f:TsQc,7cTc|/9dJcQh/7d:690,-690(690.000000)
146:BR,Player:0r200c/cc/cc/r16163f:3s3d,4hKc|/9dQcAs/Ts/5d:300,-300(300.000000)
147:Player,BR:0cc/cc/r200r9241f:JcQs,JhKc|/2h8dTc/3c:-300,300(-300.000000)
148:BR,Player:0cc/cc/r8194f:9hKs,2dKh|/9dTcAd/Kc:100,-100(100.000000)
149:Player,BR:0cr300c/r1200c/r3200r3200f:8hQh,5hQc|/2h4dTh/Tc:-4800,4800(-4800.000000)
150:BR,Player:0r130c/cr299c/r4632f:6sJh,4c7h|/6h9cTc/7s:529,-529(529.000000)
151:Player,BR:0cr130c/r299c/cr4632f:6hKc,2hJs|/5cJdKd/5s:-529,529(-529.000000)
152:BR,Player:0r130c/cc/r573f:3s4d,8h9d|/7hQsKd/7d:230,-230(230.000000)
153:Player,BR:0cr300c/cc/r200r2612f:4c6c,2hAc|/5dTdAd/6s:-600,600(-600.000000)
154:BR,Player:0r130c/cr299c/r100f:2sAc,7c9s|/5dJhQh/Qc:529,-529(529.000000)
155:Player,BR:0cr300c/cc/cr1514f:8hAc,8dTh|/3c4c9h/Ts:-400,400(-400.000000)
156:BR,Player:0r130c/cr299c/r4632f:4d9d,7cTd|/2d3h3d/3c:529,-529(529.000000)
157:Player,BR:0cr600c/cc/cr5330f:QcAh,2h9h|/6c9dKs/2d:-700,700(-700.000000)
158:BR,Player:0f:6s9h,3h6c|:50,-50(50.000000)
159:Player,BR:0cc/cc/cr435f:4cJs,3d4d|/2h6d9s/9d:-100,100(-100.000000)
160:BR,Player:0r130c/cc/r4051f:7dTh,5hJd|/4s7hKc/Ah:230,-230(230.000000)
161:Player,BR:0cc/cc/cr9423f:2cQh,3s4c|/5c8hKc/Kh:-100,100(-100.000000)
162:BR,Player:0r130c/cc/r12392f:3d9s,TdAh|/5d6dJd/4d:230,-230(230.000000)
163:Player,BR:0cr200c/cc/r900r10508f:6c9d,9sKd|/TcJsAs/8c:-1200,1200(-1200.000000)
164:BR,Player:0r200c/cr390c/r243r1447f:7h8d,JsJh|/ThJcQc/5s:-933,933(-933.000000)
165:Player,BR:0cc/cc/r130r130f:5d6c,8cJd|/3cTsKs/Jh:-230,230(-230.000000)
166:BR,Player:0f:7sKh,2d6h|:50,-50(50.000000)
167:Player,BR:0cc/cc/cr435f:6s7d,7cJh|/8cThQh/8h:-100,100(-100.000000)
168:BR,Player:0r130c/cc/r4051f:2c8c,5s8d|/3d5c9d/As:230,-230(230.000000)
169:Player,BR:0cc/cc/r130r4051f:6cKh,JsQh|/5sKdAc/3d:-230,230(-230.000000)
170:BR,Player:0cc/cr200c/cc/r5284f:KhAh,9cTs|/3h4c6d/Js/2h:300,-300(300.000000)
171:Player,BR:0cc/cc/cr435c/cr18952f:8hQs,6c7s|/3s3dAs/8s/6d:-535,535(-535.000000)
172:BR,Player:0r130c/cr460c/r1493c/r8264f:3s7h,6d8h|/4s5d6c/8d/Qc:2183,-2183(2183.000000)
173:Player,BR:0cc/cc/cr379f:4hAc,TcQh|/7d8hTh/Ks:-100,100(-100.000000)
174:BR,Player:0r130c/cr690c/r1309c/r2758f:8hAs,3dQh|/7dJhKh/2h/4d:2229,-2229(2229.000000)
175:Player,BR:0cc/cc/cr124c/cr485c:2c4d,5sAs|/2s5dQh/9s/8c:-709,709(-53.589289)
176:BR,Player:0r130c/cr299c/r2303f:4h5s,7cTh|/5cKsKd/Jh:529,-529(529.000000)
177:Player,BR:0cr300c/r520c/r1840r6870c/cc:6cKc,2h6d|/6sKdAs/3h/Jc:9630,-9630(9630.000000)
178:BR,Player:0r130c/cr299c/r655c/r551c:5dKh,8sTc|/2c7dKc/9s/Th:1735,-1735(143.238969)
179:Player,BR:0cr200c/cc/cr5284f:2dAd,6cAc|/TdJsQs/8c:-300,300(-300.000000)
180:BR,Player:0r130c/cc/r1751f:3cAs,8cKc|/4c5dQd/Ad:230,-230(230.000000)
181:Player,BR:0cr200c/r390c/r897r6909f:QsAd,5cKd|/4dKhAh/8c:-1587,1587(-1587.000000)
182:BR,Player:0r300c/cr520c/r19080f:2s2c,6dJh|/2d4sTd/As:920,-920(920.000000)
183:Player,BR:0cr300c/cc/cr6126f:4h7h,5sKc|/TcKsAh/3c:-400,400(-400.000000)
184:BR,Player:0r130c/cr299c/r186f:4s8d,3dQd|/4dTsJh/Js:529,-529(529.000000)
185:Player,BR:0cc/cc/cr124f:JdQh,4dJs|/2h4cKd/7c:-100,100(-100.000000)
186:BR,Player:0r130c/cc/r100c/r945f:4s8s,5c9h|/6d8h9s/Th/6c:330,-330(330.000000)
187:Player,BR:0cc/cc/cr379f:6h7d,6sTh|/2d7s9s/Ts:-100,100(-100.000000)
188:BR,Player:0f:3sAc,2c4s|:50,-50(50.000000)
189:Player,BR:0cr300c/cc/cr100c/cc:5dAd,4h6d|/4cKcAc/Ks/Qd:500,-500(433.871112)
190:BR,Player:0f:KhKd,3h7c|:50,-50(50.000000)
191:Player,BR:0cc/cc/cr3080f:3c9s,KdAs|/6sTcQh/9h:-100,100(-100.000000)
192:BR,Player:0f:8c9c,3h7c|:50,-50(50.000000)
193:Player,BR:0cr300c/cc/r200r5254f:JdQd,4h7s|/2h7dAs/8h:-600,600(-600.000000)
194:BR,Player:0r130c/cc/r1001f:2c4h,6hQd|/4s9sKd/8s:230,-230(230.000000)
195:Player,BR:0cr200c/cc/r600c/cr2240f:2dJd,2s8c|/4d8sTd/6h/5h:-900,900(-900.000000)
196:BR,Player:0r130c/cc/cr460r6042f:8hKh,JsAs|/4s5d5c/Jd:690,-690(690.000000)
197:Player,BR:0cc/cc/cr435f:6h8s,4sKh|/QsQdAh/Td:-100,100(-100.000000)
198:BR,Player:0cc/cc/r435f:8sTh,4d7h|/7d9hQh/Qc:100,-100(100.000000)
199:Player,BR:0cr600c/r910c/r4830r9165f:6c9c,2s9d|/7sTdJc/Kc:-6440,6440(-6440.000000)
200:BR,Player:0cc/cr200c/r2627f:3d5s,5hTh|/5d9hTc/9s:300,-300(300.000000)
201:Player,BR:0cc/cc/cr124c/cr13879f:2cKh,4hJd|/3dJsAh/Qc/7s:-224,224(-224.000000)
202:BR,Player:0r130c/cr299c/r4632c/r6387c:6dTs,3h6h|/2d6c7h/5s/Tc:11548,-11548(7010.772165)
203:Player,BR:0cc/cc/r130r130c/cr4169f:6s9d,3h3c|/6h6cJc/Qc/Kh:-360,360(-360.000000)
204:BR,Player:0r130c/cc/r163c/r19607f:3dQs,TsQd|/9sThKh/7d/9d:393,-393(393.000000)
205:Player,BR:0cr200c/cc/cr212c/cr1685f:ThKd,3h6d|/2h3cQs/9c/9d:-512,512(-512.000000)
206:BR,Player:0r130c/cc/r2014f:2s9s,2h6h|/8cJcAd/7h:230,-230(230.000000)
207:Player,BR:0cc/cc/cr142r658r7881f:4h5d,3hAh|/3c6d7c/Ts:-900,900(-900.000000)
208:BR,Player:0r200c/cc/r4595f:2d9d,4dQc|/5s8s9h/2s:300,-300(300.000000)
209:Player,BR:0cr300c/cc/cr495c/cr2946f:7s9s,8cTh|/6s7cKh/8d/8h:-895,895(-895.000000)
210:BR,Player:0f:3c6s,3hTc|:50,-50(50.000000)
211:Player,BR:0cc/cc/cr761c/cr2465c:5sJc,9sAd|/3sJdAc/Th/Ks:-3326,3326(-1105.585463)
212:BR,Player:0r200c/cc/r9241f:2h3d,5c8d|/7s7dQc/3s:300,-300(300.000000)
213:Player,BR:0cc/cc/cr435f:7cQd,8hAc|/2h4h9d/Jc:-100,100(-100.000000)
214:BR,Player:0r200c/cr390c/r243r2172f:2c4d,7cAc|/5d5cTc/9c:-933,933(-933.000000)
215:Player,BR:0cr300c/cc/cr7045f:5hAh,6dQh|/9dTdKh/2s:-400,400(-400.000000)
216:BR,Player:0r130c/cc/r14250f:4sTh,5h7c|/7sJsKs/4h:230,-230(230.000000)
217:Player,BR:0cr300c/cc/r800r5224f:TsJc,JdKh|/3c7h9d/5s:-1200,1200(-1200.000000)
218:BR,Player:0f:3sTd,2s7c|:50,-50(50.000000)
219:Player,BR:0cc/cc/cr435f:2cQh,4hJc|/2d7s9h/3d:-100,100(-100.000000)
220:BR,Player:0r130c/cc/r163f:4s5c,3hKs|/2c6sAc/Qs:230,-230(230.000000)
221:Player,BR:0cc/cc/r200r5284f:4s6d,6hTh|/3d7hTd/Jd:-300,300(-300.000000)
222:BR,Player:0r130c/cc/r7085f:ThQd,8sTd|/TcJcKd/Qc:230,-230(230.000000)
223:Player,BR:0cc/cc/cr761f:3hAd,ThQd|/8cJsQc/4h:-100,100(-100.000000)
224:BR,Player:0f:5c7d,2h4d|:50,-50(50.000000)
225:Player,BR:0cc/cc/cr435f:9hJc,3s7s|/5dQhQd/5s:-100,100(-100.000000)
226:BR,Player:0r130c/cc/r4051f:TdJh,5h6c|/2c5cQh/8s:230,-230(230.000000)
227:Player,BR:0cr200c/cc/r600r7881r11219f:QhAs,9cJd|/5dTsJh/Kd:8781,-8781(8781.000000)
228:BR,Player:0r130c/cc/r573c/r140r2369f:4d7c,5sAs|/2d3hAc/Ah/2c:-943,943(-943.000000)
229:Player,BR:0cr200c/r900c/cr120r1992f:5s9c,8cAd|/5h9dKd/2c:1320,-1320(1320.000000)
230:BR,Player:0f:3s7h,2h5s|:50,-50(50.000000)
231:Player,BR:0cr300c/cc/r200r854c/cr3147f:JsJc,7c8h|/3c8dAc/9c/Qh:-1454,1454(-1454.000000)
232:BR,Player:0r130c/cc/r1001f:5sQc,6s6h|/2c9dAc/Jc:230,-230(230.000000)
233:Player,BR:0cc/cc/cr124r236r2003f:2h6h,2dKs|/6cQsQd/Qc:-460,460(-460.000000)
234:BR,Player:0r130c/cc/r1751c/cc:5sAs,5cAc|/7cKdAh/9d/Kh:0,-0(1507.062397)
235:Player,BR:0cr200c/cc/cr4595f:JsJd,5cAs|/5s9cTd/2c:-300,300(-300.000000)
236:BR,Player:0r200c/cr390c/r982c/r3619f:7sTs,3h4h|/4d4cAh/Ac/5s:1672,-1672(1672.000000)
237:Player,BR:0cc/cc/cr124f:8hJc,QdAh|/2s9cKs/Kc:-100,100(-100.000000)
238:BR,Player:0r130c/cr299c/r1317f:3d5h,8d8c|/4c7cJh/Qs:529,-529(529.000000)
239:Player,BR:0cr130c/r299c/cr4632f:TdQs,2s2h|/3d5d8c/Ah:-529,529(-529.000000)
240:BR,Player:0f:2hAh,2cJh|:50,-50(50.000000)
241:Player,BR:0cr130c/cc/r690r8056f:JcKs,8sJs|/6d9sTh/3c:-920,920(-920.000000)
242:BR,Player:0r130c/cr299c/r162c/r9202c:6hKd,5cAs|/QsKcAd/8s/5h:-9893,9893(7451.930268)
243:Player,BR:0cc/cc/cr761f:3hKc,7hAh|/6h7d9d/As:-100,100(-100.000000)
244:BR,Player:0r130c/cc/r1001f:2c8c,5sJs|/KdAhAd/Ks:230,-230(230.000000)
245:Player,BR:0cr300c/cc/cr16295f:2hQh,4s5s|/2s7d9s/8s:-400,400(-400.000000)
246:BR,Player:0cc/cc/r100c/cr600r600f:3d5s,2cKc|/2h5c7h/Jh/Th:800,-800(800.000000)
247:Player,BR:0cr200c/cc/cr2627f:7dAs,6c9h|/2h5c8c/Js:-300,300(-300.000000)
248:BR,Player:0r130c/cc/r4051f:8dJc,TcKc|/2s7hQd/6d:230,-230(230.000000)
249:Player,BR:0cc/cc/r130r14250f:3s8d,5sKs|/2d8s9h/4c:-230,230(-230.000000)
250:BR,Player:0cc/cr130c/r871c/r1030c:2sTs,TcJd|/2dThAs/6h/3h:2131,-2131(1619.058927)
251:Player,BR:0cc/cc/cr435c/cc:4hAs,7s8d|/3c5dTs/4s/8s:-535,535(130.029358)
252:BR,Player:0r200c/cr390c/r243f:6c7h,4d9d|/2dKcAs/8h:690,-690(690.000000)
253:Player,BR:0cc/cc/cr876f:3d7s,4sQc|/3h5sJc/8d:-100,100(-100.000000)
254:BR,Player:0r200c/cc/r1306c/cc:JsAh,9cAc|/3d4s8s/8d/5s:1606,-1606(155.288267)
255:Player,BR:0cc/cc/cr142c/cr260r533r9063f:JhQs,2d6h|/4d6cJd/7s/6d:-1035,1035(-1035.000000)
256:BR,Player:0r130c/cr299c/r2303f:TdAc,3cJc|/5c8s8c/7c:529,-529(529.000000)
257:Player,BR:0cc/cc/r200r9241f:7hJd,4c9h|/4s7dAh/Ad:-300,300(-300.000000)
258:BR,Player:0f:8sAh,2h6c|:50,-50(50.000000)
259:Player,BR:0cc/cc/cr9423f:3hJd,3s8c|/5cJcQh/6d:-100,100(-100.000000)
260:BR,Player:0r130c/cr299c/r100r829r6347f:2h4s,4hKh|/4cKdAs/Qh:1458,-1458(1458.000000)
261:Player,BR:0cc/cc/cr1761f:7sKc,7cJc|/3d5c8s/6d:-100,100(-100.000000)
262:BR,Player:0r130c/cr299c/r655f:7sJh,8cKs|/2h7cTs/5d:529,-529(529.000000)
263:Player,BR:0cc/cc/r130c/cr12392f:4h9s,7s8c|/7dThKd/6c/9c:-230,230(-230.000000)
264:BR,Player:0r200c/cc/r212c/r551c:6d7s,KdAd|/7c9hQd/9s/4h:1063,-1063(510.560711)
265:Player,BR:0cr300c/r1200c/r800r1698f:4s5s,QcKc|/3d9cKs/9s:-2400,2400(-2400.000000)
266:BR,Player:0r130c/cc/r2014f:9cKc,6cJs|/2c7cAd/5s:230,-230(230.000000)
267:Player,BR:0cc/cc/cc/r300r12322f:3s9h,2d4c|/4h7sTh/Jd/7c:-400,400(-400.000000)
268:BR,Player:0r200c/cc/r212c/r13715f:8dTs,7s7d|/4cTcKs/Ah/9s:512,-512(512.000000)
269:Player,BR:0cr130c/cc/cr1001f:9dAc,5sKc|/TsTcQs/4s:-230,230(-230.000000)
270:BR,Player:0r130c/cc/r4051f:8cAh,5c7s|/5sTsQh/9d:230,-230(230.000000)
271:Player,BR:0cc/cc/cr435f:9cAs,7s8c|/5c6hTs/2s:-100,100(-100.000000)
272:BR,Player:0f:JsQc,3s8c|:50,-50(50.000000)
273:Player,BR:0cr200c/r390c/cr6042c/r4032f:JdQd,2h5c|/2s9hQc/Td/8s:6732,-6732(6732.000000)
274:BR,Player:0r130c/cr460c/r3004f:KsKh,4h5h|/8sJcAh/2h:690,-690(690.000000)
275:Player,BR:0cr600c/cc/r350r9194f:5c7d,6dAc|/3h7s8d/2c:-1050,1050(-1050.000000)
276:BR,Player:0f:4cTs,2cJs|:50,-50(50.000000)
277:Player,BR:0cc/cc/cr142f:2c8s,TcAh|/9cQsKc/3c:-100,100(-100.000000)
278:BR,Player:0r130c/cc/r285f:7hAc,2c5c|/9dQhAh/9s:230,-230(230.000000)
279:Player,BR:0cr300c/cc/cr3046f:2sQs,5cAc|/9dKhAh/Kc:-400,400(-400.000000)
280:BR,Player:0r130c/cr299c/r4028f:QhAs,8d9d|/2s5sKh/Ah:529,-529(529.000000)
281:Player,BR:0cc/cc/cr876f:2cKs,6h8c|/8sTsJd/Td:-100,100(-100.000000)
282:BR,Player:0r130c/cc/r1001c/r14256f:2d3d,7hJs|/4c8dTd/9c/Tc:1231,-1231(1231.000000)
283:Player,BR:0cr600c/cc/cr246c/cr9526f:KsAh,8hQc|/4d7cJd/6d/Ts:-946,946(-946.000000)
284:BR,Player:0r130c/cr299c/r186r1108r4538f:3c9s,KsAd|/4cThJd/3h:1823,-1823(1823.000000)
285:Player,BR:0cc/cc/r130r285c/cr3410c:6cTs,2hJs|/2cJhQc/9c/8s:3925,-3925(-538.532218)
286:BR,Player:0r130c/cc/r7085f:6hQh,7sJs|/5d7h8d/Ks:230,-230(230.000000)
287:Player,BR:0cc/cc/cc/cr9423f:2s9c,6cAc|/4s5dQh/Js/Ts:-100,100(-100.000000)
288:BR,Player:0f:8sQs,2s8d|:50,-50(50.000000)
289:Player,BR:0cc/cc/cc/cc:5sQs,4sQh|/6hAhAd/6d/Jd:0,-0(-8.857763)
290:BR,Player:0r130c/cr299c/r100r829f:2hKc,6s7d|/4d5cTd/5d:-629,629(-629.000000)
291:Player,BR:0cr200c/cc/cc/r150r7926f:JdKc,6d7c|/6hQhAd/Th/3h:-450,450(-450.000000)
292:BR,Player:0r130c/cc/r498f:4hQs,6dAd|/3c5dQc/Jc:230,-230(230.000000)
293:Player,BR:0cr130c/cc/cr7085f:7dKc,9dAd|/2h5cTc/6h:-230,230(-230.000000)
294:BR,Player:0cc/cr130c/r327f:6cAc,5cTc|/4d7d7c/Kh:230,-230(230.000000)
295:Player,BR:0cr200c/cc/cr2627f:5dAd,2h7c|/6h8cJs/4d:-300,300(-300.000000)
296:BR,Player:0r130c/cc/r2014f:2dQd,KsAc|/3s6dJs/Tc:230,-230(230.000000)
297:Player,BR:0cr200c/r390c/cr6042f:QcAd,7hQh|/5sJdKh/3d:-690,690(-690.000000)
298:BR,Player:0r130c/cc/r7085f:KhAh,2s9s|/3c9cJc/Qh:230,-230(230.000000)
299:Player,BR:0cc/cc/cr435f:2s5d,7c8c|/5sTdJs/4c:-100,100(-100.000000)
300:BR,Player:0r200c/cc/r5284f:7dKs,TdJs|/4h5hJh/Qs:300,-300(300.000000)
301:Player,BR:0cr200c/cc/cr5284f:7hTh,4s4c|/7sJcAc/Kh:-300,300(-300.000000)
302:BR,Player:0r130c/cr299c/cc/cc:8s8d,6sJh|/7hJcAd/5c/3s:-529,529(350.083201)
303:Player,BR:0cr300c/r520c/cr16203f:7hQc,2cJs|/3h5cQd/Kd:-920,920(-920.000000)
304:BR,Player:0f:8dKd,2s5h|:50,-50(50.000000)
305:Player,BR:0cc/cc/cr876f:3hQs,3s4h|/8hTdAd/4c:-100,100(-100.000000)
306:BR,Player:0r130c/cc/r4051f:9sTc,KsAh|/5h8cQc/6c:230,-230(230.000000)
307:Player,BR:0cr200c/cc/r150r1704f:2hQh,9sAd|/3s6dJd/9c:-450,450(-450.000000)
308:BR,Player:0r200c/cr390c/r100c/r6918c:7cTh,JhAc|/5s5d7s/Kc/7d:7708,-7708(3952.425465)
309:Player,BR:0cc/cc/r200r2284f:7cTd,ThKs|/4c6cKh/Kd:-300,300(-300.000000)
310:BR,Player:0r130c/cr460c/r6042f:9s9c,6c8c|/3s5dTh/3d:690,-690(690.000000)
311:Player,BR:0cr300c/cc/cr246r3554r3554f:8hAs,5c7c|/6h7s9c/6s:-4200,4200(-4200.000000)
312:BR,Player:0r130c/cc/r14250f:8sTh,3hKd|/7d9cAh/Ad:230,-230(230.000000)
313:Player,BR:0cr130c/cc/cr4051f:7cKs,6d8d|/3h7hAh/4c:-230,230(-230.000000)
314:BR,Player:0r130c/cr299c/r753c/r14846f:2h3c,TsKh|/5dJcQc/Ks/6h:1282,-1282(1282.000000)
315:Player,BR:0cc/cc/cr142f:3d4h,6dJh|/7c9hTs/7s:-100,100(-100.000000)
316:BR,Player:0r130c/cc/r285f:2dKh,6s7c|/2c3sQs/Qd:230,-230(230.000000)
317:Player,BR:0cc/cc/cr761f:6dJc,5hQh|/5d5c9c/3s:-100,100(-100.000000)
318:BR,Player:0r200c/cr390c/r19310f:2h6h,4d8d|/2d9hAh/2c:690,-690(690.000000)
319:Player,BR:0cc/cc/cr9423f:5s6h,9h9c|/5d7dTd/4d:-100,100(-100.000000)
320:BR,Player:0r130c/cc/r4051f:4cTh,6hJd|/7sQcAs/2h:230,-230(230.000000)
321:Player,BR:0cc/cc/r300r6126f:2h5c,QhKd|/QsQcKs/Ah:-400,400(-400.000000)
322:BR,Player:0r200c/cr390c/cr897r2259f:9sKd,TdAh|/4c9cTh/2c:1587,-1587(1587.000000)
323:Player,BR:0cr300c/cc/r1200r6966r11434f:JsJd,8dTs|/4h9hTd/5s:8566,-8566(8566.000000)
324:BR,Player:0f:7c9d,2d4c|:50,-50(50.000000)
325:Player,BR:0cr200c/cc/cr212c/cr551f:5s5d,4hAs|/6d8cJc/4s/8h:-512,512(-512.000000)
326:BR,Player:0cc/cr130c/r327f:2s6c,3cJs|/2h3hKd/Qh:230,-230(230.000000)
327:Player,BR:0cr300c/cc/cr1741f:TcJd,2s9c|/4h9sQs/Jh:-400,400(-400.000000)
328:BR,Player:0r130c/cr299c/r2003f:3s9d,6dJc|/3c6hQh/9c:529,-529(529.000000)
329:Player,BR:0cc/cc/cr435f:3h6d,5c7c|/3s8dQs/Ac:-100,100(-100.000000)
330:BR,Player:0r200c/cc/r747f:QcKd,4sAs|/2c5c7c/Js:300,-300(300.000000)
331:Player,BR:0cr300c/cc/cr495f:8cAh,TcKc|/7cTsQh/7s:-400,400(-400.000000)
332:BR,Player:0r130c/cc/r871f:JcKc,7sTd|/4s8sKs/5h:230,-230(230.000000)
333:Player,BR:0cc/cc/cr3080f:5s7d,8dAd|/5d6c7h/Jh:-100,100(-100.000000)
334:BR,Player:0r130c/cc/r573f:9cTs,5d9h|/3s3cJc/3h:230,-230(230.000000)
335:Player,BR:0cr200c/cc/r600r3918f:ThKh,4s4h|/8d9sAs/6c:-900,900(-900.000000)
336:BR,Player:0f:2hTd,3s8c|:50,-50(50.000000)
337:Player,BR:0cr600c/r910c/r3220r3220f:6c7c,3d9d|/5s8h8d/2h:-4830,4830(-4830.000000)
338:BR,Player:0r130c/cc/r2014f:9cQd,JsKs|/3c4dTc/Jd:230,-230(230.000000)
339:Player,BR:0cc/cc/cr8194f:3sJc,QdKs|/8cQcKh/4h:-100,100(-100.000000)
340:BR,Player:0r130c/cr299c/r753c/r14846f:8dQh,7cJd|/3s9cJh/5c/7s:1282,-1282(1282.000000)
341:Player,BR:0cc/cc/cr216r374r6042f:JcQh,5s6c|/2h6dJd/4h:-690,690(-690.000000)
342:BR,Player:0cc/cc/r216f:JhKd,ThJs|/2d5d6d/3d:100,-100(100.000000)
343:Player,BR:0cc/cc/cr1761f:7sAc,7h9c|/4h8hAd/Kc:-100,100(-100.000000)
344:BR,Player:0r130c/cr299c/r753c/cr1098f:6sQc,6d9s|/9hThTd/9c/9d:-1282,1282(-1282.000000)
345:Player,BR:0cc/cc/cc/cr379c:7hAc,8d8c|/JhKdKc/Ts/Ks:-479,479(-313.496728)
346:BR,Player:0r200c/cc/r1136c/r18564f:7hTh,6cJd|/5s7dJc/3c/Kd:1436,-1436(1436.000000)
347:Player,BR:0cc/cc/r200r2627f:6sJd,8sAs|/5d7dQh/4d:-300,300(-300.000000)
348:BR,Player:0f:TsKc,3s6h|:50,-50(50.000000)
349:Player,BR:0cc/cc/r200r200c/r400r19100f:3dAs,8sQh|/2h6sAd/8h/8c:-900,900(-900.000000)
350:BR,Player:0r130c/cr299c/cr687f:9cTh,JdQh|/TsKhAd/Ah:-529,529(-529.000000)
351:Player,BR:0cc/cc/cr761f:3sKc,7sTs|/3h8sTd/7c:-100,100(-100.000000)
352:BR,Player:0r130c/cr299c/r2003c/r2369r12027f:6dQs,7sQh|/5cQdQc/7d/Ad:-4901,4901(-4901.000000)
353:Player,BR:0cr600c/cc/cr3047c/cr4637r11616f:ThJd,2s4d|/6sTcAh/2d/Ts:8384,-8384(8384.000000)
354:BR,Player:0r130c/cr690c/r14090f:TcKc,2cAc|/4c9dQc/Js:920,-920(920.000000)
355:Player,BR:0cr130c/cc/r460f:4s5d,3sKc|/2d8cAh/3c:230,-230(230.000000)
356:BR,Player:0r200c/cr600c/r3918f:7dQc,9dQs|/2c5c9c/8h:900,-900(900.000000)
357:Player,BR:0cr600c/cc/cr3047f:6s8s,2d6d|/5hJhKs/3c:-700,700(-700.000000)
358:BR,Player:0r130c/cr299c/r1317c/r10628f:3dTc,2h3h|/8hThQs/2c/7s:1846,-1846(1846.000000)
359:Player,BR:0cc/cc/cc/cr379f:4hQs,TdKh|/2d3s8h/As/8s:-100,100(-100.000000)
360:BR,Player:0r200c/cr390c/r5254f:7c8c,6dTc|/2s2cJd/8s:690,-690(690.000000)
361:Player,BR:0cr300c/r520c/cr8056f:JsQs,2hKd|/5d8sAh/7h:-920,920(-920.000000)
362:BR,Player:0r130c/cc/r4051f:3cKs,KdAc|/4h7hQd/Ad:230,-230(230.000000)
363:Player,BR:0cc/cc/cr876f:2h8s,5hQs|/5c7sTc/9d:-100,100(-100.000000)
364:BR,Player:0cc/cr130c/r4051f:QcAc,4hAd|/4d8hTs/Ks:230,-230(230.000000)
365:Player,BR:0cr600c/cc/cr246f:9hAs,8h8d|/2d7cTc/Qc:-700,700(-700.000000)
366:BR,Player:0r130c/cc/r498c/r2756f:7cAd,9hKd|/TsQdAs/Td/2c:728,-728(728.000000)
367:Player,BR:0cc/cc/cr876f:6hKc,3c4c|/6s9hJd/9d:-100,100(-100.000000)
368:BR,Player:0r200c/cr600c/r275c/r8947f:ThKh,3h3c|/3s5cJh/Tc/7c:1175,-1175(1175.000000)
369:Player,BR:0cc/cc/cr3080f:2hTc,5s5c|/6sQhAd/6d:-100,100(-100.000000)
370:BR,Player:0r200c/cr390c/cr1380f:9cAh,QcAs|/5dQsQh/4s:-690,690(-690.000000)
371:Player,BR:0cr300c/cc/cr3046c/cr1212c:TsTc,4cJh|/4hJsQc/9c/3d:-4658,4658(-4609.526308)
372:BR,Player:0r200c/cc/r2627f:TsJc,7cKc|/6dQcAd/As:300,-300(300.000000)
373:Player,BR:0cc/cc/cr124f:3h7s,9hAs|/2d9sTs/Jh:-100,100(-100.000000)
374:BR,Player:0r200c/cr390c/r243r619c/r475r5421c:TsQs,5h7c|/3s6c8c/8s/Ks:7448,-7448(7448.000000)
375:Player,BR:0cr300c/cc/r200r10567f:8sAd,KhAs|/2d7cTs/2c:-600,600(-600.000000)
376:BR,Player:0f:JcAs,3d8c|:50,-50(50.000000)
377:Player,BR:0cc/cc/cr216r374r3004r16306f:8h9d,6cJd|/2h6h7c/Td:3694,-3694(3694.000000)
378:BR,Player:0f:KsAh,2sTc|:50,-50(50.000000)
379:Player,BR:0cc/cc/cr249f:2dTh,2s3c|/8cQhKs/Qs:-100,100(-100.000000)
380:BR,Player:0f:3cAd,2h9d|:50,-50(50.000000)
381:Player,BR:0cc/cc/r130r4051f:7cTs,2h6d|/3h4c6c/7s:-230,230(-230.000000)
382:BR,Player:0f:3d9h,3s6c|:50,-50(50.000000)
383:Player,BR:0cc/cc/cc/r130r4051f:3dTh,8sKh|/5s7h7d/2c/6s:-230,230(-230.000000)
384:BR,Player:0r130c/cc/r871f:9hKc,7sQs|/5dQcKd/Jc:230,-230(230.000000)
385:Player,BR:0cr300c/r520c/r1196r3011c/cr11097f:9hQh,3sAs|/3c8cJh/Qd/8d:-5127,5127(-5127.000000)
386:BR,Player:0r130c/cr299c/r100c/r16849f:2c6c,ThJh|/4s9dKs/Jd/8h:629,-629(629.000000)
387:Player,BR:0cc/cc/cr379f:6cKd,KsAc|/2s5cAs/Qh:-100,100(-100.000000)
388:BR,Player:0r130c/cc/r327r1030r6909f:TcKd,7c9d|/6c9hAs/9c:1587,-1587(1587.000000)
389:Player,BR:0cr600c/cc/r140r1040c/cr12448c:TcAd,2d9d|/8dTdKc/4d/As:-14328,14328(-14328.000000)
390:BR,Player:0r130c/cr299c/r374f:2h4d,6h7c|/3h9hAd/2s:529,-529(529.000000)
391:Player,BR:0cc/cc/cr876f:5sKd,2hJh|/3s7s9c/7c:-100,100(-100.000000)
392:BR,Player:0r130c/cr299c/cc/r4632f:9cQd,8cTs|/2h3sKc/Tc/2s:529,-529(529.000000)
393:Player,BR:0cc/cc/cr3080f:3cTc,QcKc|/3d4d9s/6s:-100,100(-100.000000)
394:BR,Player:0r300c/cc/r569f:3c5c,KcAc|/2h2dJh/Jd:400,-400(400.000000)
395:Player,BR:0cr200c/cc/cr1306c/cr3023c:JhKh,3cAs|/3h7cTh/5c/3s:-4629,4629(-4629.000000)
396:BR,Player:0f:2d9d,4d9h|:50,-50(50.000000)
397:Player,BR:0cc/cc/cr761f:4hQh,7s9d|/2h7d9c/6s:-100,100(-100.000000)
398:BR,Player:0r130c/cc/r1751f:TdAs,3hKd|/6s8hAc/Jc:230,-230(230.000000)
399:Player,BR:0cc/cc/cr8194f:3dJd,6h6c|/2s9sTc/6s:-100,100(-100.000000)
400:BR,Player:0r130c/cr299c/r2303f:5hJh,5cQh|/4c7h7d/4h:529,-529(529.000000)
401:Player,BR:0cr300c/cc/cr3503c/cc:7sJc,2h7c|/5h6cJs/Jh/Qd:3903,-3903(3903.000000)
402:BR,Player:0r130c/cr460c/cc/r3004f:KdAh,5cQd|/2h4c7h/9d/6h:690,-690(690.000000)
403:Player,BR:0cc/cc/r130r1001f:3s4d,8dJs|/4h9hJh/4s:-230,230(-230.000000)
404:BR,Player:0r130c/cr299c/r4632f:7c8c,5hQh|/4d9cAd/Kd:529,-529(529.000000)
405:Player,BR:0cc/r600c/cc/cc:4cTd,6h7s|/4h4dTc/7h/3h:700,-700(700.000000)
406:BR,Player:0r130c/cr299c/r162c/r16095f:8s8c,6c9c|/7h7dTs/9d/5d:691,-691(691.000000)
407:Player,BR:0cr200c/cc/cr371c/cr4443f:5dAd,5sTh|/TcJsJc/Ks/6d:-671,671(-671.000000)
408:BR,Player:0r200c/cc/r2627f:2hAc,5c9s|/8dTsKd/5h:300,-300(300.000000)
409:Player,BR:0cr300c/cc/cr3046f:5c8c,6sQc|/9dQhQd/Js:-400,400(-400.000000)
410:BR,Player:0cc/cc/r3080f:JdAs,4h5c|/8dKsKc/Qd:100,-100(100.000000)
411:Player,BR:0cr200c/cc/cc/r150r6892f:4s6d,9cKs|/3d4dAc/Ad/Kh:-450,450(-450.000000)
412:BR,Player:0r130c/cc/r1751f:TsAd,5cKc|/5h6sAc/3s:230,-230(230.000000)
413:Player,BR:0cr200c/r390c/cr1718c/cr7927f:9sAs,3d7c|/8d8c9h/6s/Jd:-2408,2408(-2408.000000)
414:BR,Player:0r200c/cc/cc/r5284f:5hTc,7hTd|/6c9dJh/Ad/Qh:300,-300(300.000000)
415:Player,BR:0cr300c/r2400c/cr17200f:2dJd,QhQd|/5d8cTs/Qs:-2800,2800(-2800.000000)
416:BR,Player:0r200c/cc/r9241f:7sKh,5d6s|/4d8sAh/9s:300,-300(300.000000)
417:Player,BR:0cr300c/cc/cr18740f:9hAc,7d9s|/2h6sTs/Jc:-400,400(-400.000000)
418:BR,Player:0r130c/cc/r2014r6726f:9dQd,8sJs|/8h8dTs/9s:-2244,2244(-2244.000000)
419:Player,BR:0cr300c/cc/cr19600f:QcAh,5cTd|/6s7h9s/8c:-400,400(-400.000000)
420:BR,Player:0r130c/cc/r7085f:2hKh,JdAh|/2c6c8d/Js:230,-230(230.000000)
421:Player,BR:0cc/cc/cr216f:2h9c,6hTc|/3c4hTh/Qh:-100,100(-100.000000)
422:BR,Player:0r130c/cr299c/r753f:3d9c,2h8h|/3h5cKc/Ac:529,-529(529.000000)
423:Player,BR:0cc/cc/r200c/cc:6c9s,QcKs|/3hTsQs/3s/Tc:-300,300(-300.000000)
424:BR,Player:0r130c/cc/r871f:4h7c,7sJd|/5h6cAc/8s:230,-230(230.000000)
425:Player,BR:0cr600c/cc/r1400r9142f:8sTc,9cJh|/3s9hTh/6c:-2100,2100(-2100.000000)
426:BR,Player:0cc/cc/r3080f:3c8s,5c7h|/4sJhJd/Jc:100,-100(100.000000)
427:Player,BR:0cc/cc/r130r4051f:3sKs,3hTc|/3d4s7d/Kc:-230,230(-230.000000)
428:BR,Player:0r130c/cc/r4051f:2h2c,6dKd|/ThTcKs/4c:230,-230(230.000000)
429:Player,BR:0cr300c/cc/r1200r1200f:2cTc,2s2h|/3c8h8d/Qc:-1600,1600(-1600.000000)
430:BR,Player:0r200c/cc/r649c/r2054c:QdKh,AhAd|/7sJdKd/Jh/3c:-3003,3003(2262.522122)
431:Player,BR:0cc/cc/cr435f:2h4c,TdJh|/3s3cQc/Qs:-100,100(-100.000000)
432:BR,Player:0r130c/cc/r573f:6dJd,5c6c|/5hTcKd/As:230,-230(230.000000)
433:Player,BR:0cc/cc/r200r2627f:3s6d,8hTc|/4c6cKd/5d:-300,300(-300.000000)
434:BR,Player:0r130c/cc/r2014f:JsAd,6hAh|/2sTdKs/8h:230,-230(230.000000)
435:Player,BR:0cr600c/cc/cr5330f:KhAc,2s2c|/2d9dJc/8d:-700,700(-700.000000)
436:BR,Player:0cc/cr130c/r163f:2dJc,5d9h|/7sThKd/8d:230,-230(230.000000)
437:Player,BR:0cc/cc/cr1761f:4h9c,9sJs|/2c5sQc/7s:-100,100(-100.000000)
438:BR,Player:0r130c/cc/r163c/r1294f:6sAd,7sQs|/4dTsJd/4s/Qh:393,-393(393.000000)
439:Player,BR:0cc/cc/r130r285f:3h4s,6cAh|/5dJcAc/9s:-230,230(-230.000000)
440:BR,Player:0cc/cc/r435f:7dKh,3cJs|/6h6d8c/5d:100,-100(100.000000)
441:Player,BR:0cc/cc/cr379f:3cQs,8cAs|/3s5c6h/8d:-100,100(-100.000000)
442:BR,Player:0r130c/cc/r4051f:KhAd,6c7h|/3s6sQc/4s:230,-230(230.000000)
443:Player,BR:0cc/cc/cr1761c/cc:5dJs,3c9s|/2d5cAs/Jd/6c:1861,-1861(1861.000000)
444:BR,Player:0r130c/cc/r573f:4d8h,QhAd|/3d9hTh/9c:230,-230(230.000000)
445:Player,BR:0cr200c/r900c/r1560r1560f:8sAs,3h6h|/5d8dAc/Td:-2760,2760(-2760.000000)
446:BR,Player:0r130c/cc/r3522f:QdAd,4dKd|/5cTcAs/Jh:230,-230(230.000000)
447:Player,BR:0cc/cc/cr876r2014f:3s8s,JdQh|/3h3d6c/8c:976,-976(976.000000)
448:BR,Player:0r130c/cr299c/r4632f:4d6s,6dKc|/5h7h7c/Jc:529,-529(529.000000)
449:Player,BR:0cc/cc/cr876c/cr12998f:2c5s,4dKc|/2h2dTc/3c/8h:-976,976(-976.000000)
450:BR,Player:0r130c/cc/r2014f:4d4c,QsAc|/5s7d8h/8c:230,-230(230.000000)
451:Player,BR:0cc/cc/cr1532f:2s8c,4sJh|/3h7dJc/6d:-100,100(-100.000000)
452:BR,Player:0r130c/cr299c/r655c/r3898r11846c:9cQc,4s8c|/3h4c9d/2d/5s:16928,-16928(16928.000000)
453:Player,BR:0cr600c/cc/cr3047c/cr8110f:2hJh,5h6h|/3s7hTs/Jc/Qh:-3747,3747(-3747.000000)
454:BR,Player:0r200c/cc/r9241f:3d8c,6cTh|/4c7hTd/Ah:300,-300(300.000000)
455:Player,BR:0cr130c/cc/r460r6042f:ThKs,3hQh|/5s5h6h/Tc:-690,690(-690.000000)
456:BR,Player:0r200c/cc/r747c/r5242f:6cJd,5sKs|/4cJsKd/Qd/Jc:1047,-1047(1047.000000)
457:Player,BR:0cc/cc/r130r2014f:3h6c,4h7h|/6dJhJc/4c:-230,230(-230.000000)
458:BR,Player:0r200c/cc/r5284f:4hQs,3h5h|/8s8dTs/7c:300,-300(300.000000)
459:Player,BR:0cc/cc/cr435f:9hJs,7s9d|/8h8dKd/3s:-100,100(-100.000000)
460:BR,Player:0f:9dQd,2sTd|:50,-50(50.000000)
461:Player,BR:0cr300c/cc/cr495f:5s6s,JdKd|/3h8cAc/Kc:-400,400(-400.000000)
462:BR,Player:0cc/cr200c/r100f:2c7d,5c9s|/2s7sKc/Kh:300,-300(300.000000)
463:Player,BR:0cc/cc/cr124f:9cQh,7s8c|/4d7cAs/Th:-100,100(-100.000000)
464:BR,Player:0f:3d7h,2c8s|:50,-50(50.000000)
465:Player,BR:0cr300c/cc/r520r8056f:5dQh,8hJd|/4dTsTc/5c:-920,920(-920.000000)
466:BR,Player:0r130c/cc/r327c/r6450f:6h8h,8cKc|/2h2cKh/2s/Qd:557,-557(557.000000)
467:Player,BR:0cc/cc/cr3080f:2dJs,2s9c|/2c8hQs/6s:-100,100(-100.000000)
468:BR,Player:0r130c/cc/cc/r14250f:9hKs,3sAd|/2c5cAs/Ts/7c:230,-230(230.000000)
469:Player,BR:0cr600c/r4200c/r14700f:KhKd,7h9d|/7s8cQh/Ts:4900,-4900(4900.000000)
470:BR,Player:0r130c/cc/r142r663f:3hAd,5hKs|/3c6hKc/5d:-372,372(-372.000000)
471:Player,BR:0cc/cc/cr3080f:3sQd,2s5h|/9s9h9d/Qs:-100,100(-100.000000)
472:BR,Player:0r130c/cc/r163c/r2263f:2dJs,5dAc|/4h8cAh/6h/9s:393,-393(393.000000)
473:Player,BR:0cc/cc/r130r130f:4c7d,2h7h|/2c8dAs/8c:-230,230(-230.000000)
474:BR,Player:0cc/cc/r761f:4c5h,JsKh|/4h5cTc/9c:100,-100(100.000000)
475:Player,BR:0cr300c/r520c/r1196r3011r9473f:6hKh,3cJc|/2s4h5h/Ah:5127,-5127(5127.000000)
476:BR,Player:0cc/cc/r435c/r19465f:QdKd,3d5h|/3s6cJd/3c/Qs:535,-535(535.000000)
477:Player,BR:0cc/cc/cr435c/cr12461f:2sKh,4dAs|/3dJhQh/3h/8h:-535,535(-535.000000)
478:BR,Player:0f:3s5h,2h5d|:50,-50(50.000000)
479:Player,BR:0cc/cc/cr249f:4hTs,3dKh|/5h6h8d/4d:-100,100(-100.000000)
480:BR,Player:0f:5dKd,2s9d|:50,-50(50.000000)
481:Player,BR:0cr300c/cc/cr3503f:JdQs,2h5s|/3h6dKd/3c:-400,400(-400.000000)
482:BR,Player:0r130c/cc/r19770f:9sTh,5dTd|/2d6c9d/5c:230,-230(230.000000)
483:Player,BR:0cc/cc/cr435f:9sKc,4s8c|/3s7sTd/5c:-100,100(-100.000000)
484:BR,Player:0r130c/cc/r4051f:3c9c,6dTc|/3d5dAd/Qs:230,-230(230.000000)
485:Player,BR:0cc/cc/cr3080f:4sAh,8dTc|/2hJdKs/2d:-100,100(-100.000000)
486:BR,Player:0r130c/cc/r1001f:4h4d,QcKh|/5s9s9c/3c:230,-230(230.000000)
487:Player,BR:0cc/cc/r200r2284f:4s6d,7hAc|/3s7cJh/7d:-300,300(-300.000000)
488:BR,Player:0r130c/cc/r3522f:9sAc,7cQh|/2c8dKd/9c:230,-230(230.000000)
489:Player,BR:0cr130c/r690c/r2760f:8h8c,4cJc|/7h8sQd/Ac:920,-920(920.000000)
490:BR,Player:0cc/cr130c/r2014f:6dTd,4h7c|/3cJsAd/Jc:230,-230(230.000000)
491:Player,BR:0cr200c/r390c/r897r6909f:QdAd,QcKs|/8sAsAc/4s:-1587,1587(-1587.000000)
492:BR,Player:0r130c/cc/r1001r5209f:KdAc,8hTs|/6h9hJs/7s:-1231,1231(-1231.000000)
493:Player,BR:0cr300c/cc/r200r2612f:6dTh,6cQh|/2h6hKh/5d:-600,600(-600.000000)
494:BR,Player:0r130c/cr299c/r100r322r322f:6s8c,4sQd|/5c8dKh/3h:951,-951(951.000000)
495:Player,BR:0cc/cc/cr3080f:5d8c,8dQh|/2dKcAh/Js:-100,100(-100.000000)
496:BR,Player:0r130c/cr299c/r2303f:7d9h,9cQc|/4d6c9d/5d:529,-529(529.000000)
497:Player,BR:0cc/cc/cr124f:8sKh,2dQd|/5c7h7c/2c:-100,100(-100.000000)
498:BR,Player:0r130c/cr299c/r325r335c/cr1545f:8cQd,JsQs|/4cJhQh/9s/2s:-1189,1189(-1189.000000)
499:Player,BR:0cr300c/r520c/r460r976c/cr4434r13210f:5d7d,2c3h|/3c4dJs/6d/Qh:6790,-6790(6790.000000)
500:BR,Player:0r130c/cc/r327f:5dQc,5cKd|/5h8d9h/8h:230,-230(230.000000)
501:Player,BR:0cc/cc/cr1761f:2s7c,5s6s|/3s7h9h/Qs:-100,100(-100.000000)
502:BR,Player:0r130c/cr299c/r186c/r669r4960c:8hQd,4hTh|/8cQcAh/Tc/Ac:6344,-6344(3959.583449)
503:Player,BR:0cc/cc/cr876f:4hAs,3hJd|/5d9sTc/8c:-100,100(-100.000000)
504:BR,Player:0r200c/cc/r427f:5s6d,7s9d|/4c5c8c/Qh:300,-300(300.000000)
505:Player,BR:0cc/cc/cr435c/cc:TsAc,2cJc|/6s7cQd/Tc/Jd:-535,535(79.736818)
506:BR,Player:0f:5hJh,3h7c|:50,-50(50.000000)
507:Player,BR:0cc/cc/cr435f:2d6s,6dQd|/9h9cAh/7s:-100,100(-100.000000)
508:BR,Player:0r130c/cr690c/r1139f:QcAh,7dJc|/8dTcQh/5s:920,-920(920.000000)
509:Player,BR:0cc/cc/r200r16163f:5dTh,TsQh|/2s3d6h/8s:-300,300(-300.000000)
510:BR,Player:0r200c/cc/r2284f:4s4d,JcKc|/5h5dTd/4h:300,-300(300.000000)
511:Player,BR:0cc/cc/cc/r130r1001c:2d6c,5dAd|/6d9hQc/6h/5c:1231,-1231(728.788529)
512:BR,Player:0cc/cc/r9423f:6s8h,3c4s|/4c5cAs/5s:100,-100(100.000000)
513:Player,BR:0cc/cc/r200f:3sJc,9sKs|/3h3cKd/Qh:100,-100(100.000000)
514:BR,Player:0r200c/cc/r371f:3cQh,9sTd|/3sJhJc/6c:300,-300(300.000000)
515:Player,BR:0cc/cc/cr379f:2s4c,8s9c|/3h8hQh/8c:-100,100(-100.000000)
516:BR,Player:0f:7sQh,2s5h|:50,-50(50.000000)
517:Player,BR:0cc/cc/cr8194f:5d9h,TsAh|/9cJsQc/8s:-100,100(-100.000000)
518:BR,Player:0f:5h5d,3c9h|:50,-50(50.000000)
519:Player,BR:0cc/cc/r200r1306c/r1544r2229f:3sQs,9hKc|/4c7s8c/Js/2d:-3150,3150(-3150.000000)
520:BR,Player:0r130c/cr299c/r374c/cc:3s3d,2h4h|/2s7cJc/5h/9h:903,-903(-253.369164)
521:Player,BR:0cc/cc/cr435f:4s9s,5cJc|/2d6c8d/Tc:-100,100(-100.000000)
522:BR,Player:0r200c/cr390c/r3004f:4dAc,2h5h|/3c5d7c/8d:690,-690(690.000000)
523:Player,BR:0cc/cc/r130r2014f:6dJh,4hKs|/2c5sTh/3c:-230,230(-230.000000)
524:BR,Player:0r130c/cc/r2014f:6s8h,5s5h|/4s7hTh/Jh:230,-230(230.000000)
525:Player,BR:0cc/cc/r300r10715f:7cAd,6dTs|/2d3d9d/6s:-400,400(-400.000000)
526:BR,Player:0r130c/cc/cc/r871c:6hAs,4s8h|/6c8c9h/Qh/Ad:1101,-1101(1027.669036)
527:Player,BR:0cr300c/r520c/cr4005f:5s9s,6sQs|/5h5d6h/4d:-920,920(-920.000000)
528:BR,Player:0cc/cc/r1761f:3h4c,5c9h|/6h8h9c/Ks:100,-100(100.000000)
529:Player,BR:0cr200c/r390c/r345r345f:8cJc,2d7s|/3h3cKc/Qh:-1035,1035(-1035.000000)
530:BR,Player:0r130c/cr299c/r2003c/r2725f:8dJh,6c7d|/4h5h5c/Jc/Qs:2532,-2532(2532.000000)
531:Player,BR:0cr200c/cc/r600r7881f:7d7c,ThQs|/4c9s9d/5d:-900,900(-900.000000)
532:BR,Player:0cc/cc/r8194f:2s4c,4dTc|/5dJdAd/3d:100,-100(100.000000)
533:Player,BR:0cc/cc/cr216f:4c7h,6s7c|/6hTsTh/Ks:-100,100(-100.000000)
534:BR,Player:0r200c/cr390c/r243f:2d3d,4s7h|/3sJdAd/Ac:690,-690(690.000000)
535:Player,BR:0cc/cc/cr9423f:4c5s,4s8s|/3d5h9h/Td:-100,100(-100.000000)
536:BR,Player:0r200c/cc/r1136c/r581c:QsAs,9cQd|/3sQcKc/5d/Jh:2017,-2017(488.685824)
537:Player,BR:0cr300c/cc/cr866f:TcKh,2cJc|/4c5dJd/6s:-400,400(-400.000000)
538:BR,Player:0f:9hKd,2d7c|:50,-50(50.000000)
539:Player,BR:0cc/cc/r130r2014f:3h7d,9cTc|/2h5cAd/5h:-230,230(-230.000000)
540:BR,Player:0cc/cc/r9423f:6cJh,9cTc|/4sJsAs/5c:100,-100(100.000000)
541:Player,BR:0cr300c/r520c/r2760r5237f:2sJs,QhAc|/9cQsKs/4d:-3680,3680(-3680.000000)
542:BR,Player:0r130c/cc/r327c/r5609f:3hQs,8dAd|/4s6s7h/8c/Qc:557,-557(557.000000)
543:Player,BR:0cc/cc/cr9423f:4dQh,ThTc|/7cQdAd/Kd:-100,100(-100.000000)
544:BR,Player:0r130c/cc/r7085f:3d4d,5hKs|/2h2d7c/Kh:230,-230(230.000000)
545:Player,BR:0cc/cc/cr124c/cr2983c:5sAc,6dKs|/2hTdQc/6h/3c:-3207,3207(-239.616764)
546:BR,Player:0r130c/cc/r1001f:6d6c,7dKd|/5cTdAc/3s:230,-230(230.000000)
547:Player,BR:0cr200c/cc/r150r7926f:7h7d,3c9h|/4s6dQs/2h:-450,450(-450.000000)
548:BR,Player:0cc/cr130c/r7085f:7dQh,8sJd|/4s6d9c/3c:230,-230(230.000000)
549:Player,BR:0cc/cc/cr124c/cr1483f:ThJc,4hAd|/8h8d8c/5d/2s:-224,224(-224.000000)
550:BR,Player:0f:9hQd,2dTh|:50,-50(50.000000)
551:Player,BR:0cc/cc/cc/r300r12322f:5cKc,5sAd|/3c8cKs/Jc/3h:-400,400(-400.000000)
552:BR,Player:0r130c/cr299c/r2303c/r16305f:7cTd,5s8s|/3h6hQc/7s/Ts:2832,-2832(2832.000000)
553:Player,BR:0cc/cc/r130r327f:4cAs,5s8h|/3h3c7h/7d:-230,230(-230.000000)
554:BR,Player:0r130c/cc/r2014f:6s8h,7dKh|/5sQcAd/4h:230,-230(230.000000)
555:Player,BR:0cr300c/r520c/cr651f:5d6d,7cTs|/5cJcKc/8h:-920,920(-920.000000)
556:BR,Player:0f:3cJd,2hTc|:50,-50(50.000000)
557:Player,BR:0cc/r130c/cr3522f:5dQc,2h7c|/4h5sAc/3s:-230,230(-230.000000)
558:BR,Player:0r300c/cc/r100c/r941r1319r17240f:7cJc,QdKh|/8cJdQs/8h/8d:2760,-2760(2760.000000)
559:Player,BR:0cr600c/r1400c/cr15990f:8s9s,5d7h|/2h7sKd/Jc:-2100,2100(-2100.000000)
560:BR,Player:0cc/cc/r761f:6sKc,5hAc|/7dJcKh/8d:100,-100(100.000000)
561:Player,BR:0cr200c/cc/r600f:JcQs,3h6c|/4d9dQd/Js:300,-300(300.000000)
562:BR,Player:0r200c/cc/r2627f:2sTh,3dKh|/2d6c9c/Jc:300,-300(300.000000)
563:Player,BR:0cc/cc/cr124c/cr19776f:7s8h,8s8c|/7d9cJh/2c/Jd:-224,224(-224.000000)
564:BR,Player:0r130c/cc/r2014f:6c7h,JhQc|/TdAhAd/3c:230,-230(230.000000)
565:Player,BR:0cc/cc/cr9423f:7d8h,4cTc|/2sQsQc/Js:-100,100(-100.000000)
566:BR,Player:0cc/cc/r142f:9hQs,3sJs|/6h8dAc/7c:100,-100(100.000000)
567:Player,BR:0cc/cc/cr9423f:6dTh,5s8s|/TcKcAd/Td:-100,100(-100.000000)
568:BR,Player:0r130c/cr299c/r374r1530r1530f:3s4s,3dKh|/TsJcAh/Qd:2433,-2433(2433.000000)
569:Player,BR:0cc/cc/cr8194f:7dQh,8sTs|/2c3s8c/Tc:-100,100(-100.000000)
570:BR,Player:0r130c/cc/r163c/cr665r2634f:5hJc,4sQh|/2c3dAd/Tc/Js:1058,-1058(1058.000000)
571:Player,BR:0cc/cc/r130r2014f:2s5h,4hJd|/2d2c8d/6d:-230,230(-230.000000)
572:BR,Player:0r130c/cc/r1001f:2sTc,QhAd|/4s7dKd/5h:230,-230(230.000000)
573:Player,BR:0cc/cc/cr3080f:9hQc,TcJd|/7h8cKs/6d:-100,100(-100.000000)
574:BR,Player:0f:6h7s,2c9s|:50,-50(50.000000)
575:Player,BR:0cr300c/cc/r200r743c/cr18657f:4s5s,8dAh|/4h8sKs/Kc/2d:-1343,1343(-1343.000000)
576:BR,Player:0cc/cc/r216c/r684c:4dQc,3sTh|/2c3h4c/9d/9h:1000,-1000(683.267816)
577:Player,BR:0cc/cc/r130r871c/cr3624f:4cAh,9sTs|/4h6sTh/2h/3s:-1101,1101(-1101.000000)
578:BR,Player:0r130c/cc/r7085f:2dKs,3h4c|/JhJdQd/4s:230,-230(230.000000)
579:Player,BR:0cc/cc/cr1761f:4dTs,KcAh|/4c9sQc/2c:-100,100(-100.000000)
580:BR,Player:0r200c/cc/r212c/r7841f:JsJh,3hKh|/2s6cAc/4c/7d:512,-512(512.000000)
581:Player,BR:0cc/cc/cr19900f:5d8h,9hTh|/TsTcQs/As:-100,100(-100.000000)
582:BR,Player:0r200c/cr390c/r211c/r7890f:5sAs,4d4c|/5cQsQh/Tc/8d:901,-901(901.000000)
583:Player,BR:0cc/cc/cr124c/cr13879f:7cAd,8hTs|/9dTdJh/Js/Qc:-224,224(-224.000000)
584:BR,Player:0r130c/cr299c/r9317f:4sKc,QcAs|/3dTsAh/6h:529,-529(529.000000)
585:Player,BR:0cr300c/r520c/r2760r4554c/cr4405f:5cQc,4c5s|/6d7c9d/3c/8s:-8234,8234(-8234.000000)
586:BR,Player:0r130c/cr1380c/r991f:5c6h,9sTc|/3d6cAh/5s:1610,-1610(1610.000000)
587:Player,BR:0cr200c/cc/cr2284c/cr2418c:8dQs,9sQh|/4h8s9c/3h/6h:-5002,5002(-2777.206397)
588:BR,Player:0r200c/cc/r9241f:7hAh,2cKd|/3hTsJs/5c:300,-300(300.000000)
589:Player,BR:0cc/cc/cr435f:4c9s,TdAh|/2h4h8c/Jh:-100,100(-100.000000)
590:BR,Player:0r130c/cc/r871f:QcKc,5cAc|/9h9dJh/Tc:230,-230(230.000000)
591:Player,BR:0cc/cc/cr1761f:3cTd,TsKs|/3s6c9s/5h:-100,100(-100.000000)
592:BR,Player:0r200c/cr390c/r19310f:2c6d,4hTd|/3c4sKh/5h:690,-690(690.000000)
593:Player,BR:0cc/cc/cr124c/cr104f:7cJd,TdKh|/2sQsAc/Ad/Th:-224,224(-224.000000)
594:BR,Player:0r200c/cc/r212c/r3899f:9sQh,3h8h|/8d9dAs/7d/6c:512,-512(512.000000)
595:Player,BR:0cc/cc/r130r1001f:2cTh,8s9s|/3h5c6h/Jd:-230,230(-230.000000)
596:BR,Player:0cc/cr300c/r495r495r10584f:TcAs,2c5c|/3c4dAd/7s:1390,-1390(1390.000000)
597:Player,BR:0cc/cc/r130r130c/cr8385f:3cQc,6dKd|/8h8cJc/Qh/As:-360,360(-360.000000)
598:BR,Player:0r130c/cr299c/r753f:2h9h,5c9d|/4c6sAc/5h:529,-529(529.000000)
599:Player,BR:0cc/cc/cr9423f:3s4c,8hJh|/7cQcKh/7h:-100,100(-100.000000)
600:BR,Player:0r200c/cc/r427c/r14725f:6hKd,4c5h|/2c7d9h/4h/Td:727,-727(727.000000)
601:Player,BR:0cc/cc/cr9423f:5d9s,2dQc|/5sJdAd/Ts:-100,100(-100.000000)
602:BR,Player:0r200c/cr900c/r5224f:2hKs,4s6d|/3h7s9d/Js:1200,-1200(1200.000000)
603:Player,BR:0cc/cc/cr3080f:7cTd,3h5s|/9dJdKc/Js:-100,100(-100.000000)
604:BR,Player:0f:JdKc,3s8h|:50,-50(50.000000)
605:Player,BR:0cc/cc/cr379f:7s9d,QsAd|/JdQcKs/6s:-100,100(-100.000000)
606:BR,Player:0r130c/cr299c/r162c/r3008f:6cQs,TcKs|/5h7sQh/Th/Ah:691,-691(691.000000)
607:Player,BR:0cc/cc/cr435f:2h6c,JdAc|/4s9hJs/Ks:-100,100(-100.000000)
608:BR,Player:0r130c/cc/r1001f:3sJd,6s8h|/2cQhKc/9h:230,-230(230.000000)
609:Player,BR:0cc/cc/cr435c/cc:4hQs,9sJs|/4s6d8s/4d/6c:535,-535(533.140368)
610:BR,Player:0r200c/cc/r2627f:6d9c,6h9h|/8sAsAd/5d:300,-300(300.000000)
611:Player,BR:0cr200c/cc/r600r600f:8dQh,3c6d|/4sJdJc/7h:-900,900(-900.000000)
612:BR,Player:0r130c/cr299c/r325r969r7936r10241f:8hKc,3cQh|/3s3dTh/Kh:-9759,9759(-9759.000000)
613:Player,BR:0cc/cc/cr876f:7cJs,9dJd|/3d3cAh/5c:-100,100(-100.000000)
614:BR,Player:0cc/cc/r124r376r10567f:7s7c,JhKc|/2s3d9s/Js:600,-600(600.000000)
615:Player,BR:0cc/cc/cr876f:3dKc,6dJs|/3s8sTs/2c:-100,100(-100.000000)
616:BR,Player:0f:4h9d,2cJh|:50,-50(50.000000)
617:Player,BR:0cc/cc/cr124r236r7045r12495c/cc:3sAd,3c5d|/2s5s9d/9c/Qh:-20000,20000(-13588.052277)
618:BR,Player:0r130c/cr299c/r8102f:7hKs,KdAs|/2d4c7s/5h:529,-529(529.000000)
619:Player,BR:0cc/cc/cr379f:4cJd,7dQs|/2s2cQc/3c:-100,100(-100.000000)
620:BR,Player:0r200c/cr390c/r100c/r278r1215r1215f:3dKh,4cQd|/3h5h5c/Qc/9d:2283,-2283(2283.000000)
621:Player,BR:0cc/cc/cr100r600r3483f:JsQh,QcKs|/4s9cAh/9d:-800,800(-800.000000)
622:BR,Player:0r130c/cr690c/r324f:2c9c,3dKs|/8d9hJs/Qc:920,-920(920.000000)
623:Player,BR:0cr200c/r600c/cr15851f:2s5s,7sKd|/2c3h8h/3s:-900,900(-900.000000)
624:BR,Player:0r130c/cc/r4051f:3hKd,3sAc|/7cJcQs/2h:230,-230(230.000000)
625:Player,BR:0cc/cc/cr142f:5dJs,3cJd|/7c9hTc/7d:-100,100(-100.000000)
626:BR,Player:0cc/cc/r1761f:3dKc,5sAh|/8s8cTs/7d:100,-100(100.000000)
627:Player,BR:0cc/cc/r130r871f:7d9c,3dQs|/4s4hQc/Qh:-230,230(-230.000000)
628:BR,Player:0r130c/cc/r4051f:7dTs,4hJh|/3c4d6s/Ks:230,-230(230.000000)
629:Player,BR:0cc/cc/cr124f:3cAh,7cAd|/6d7hQh/9d:-100,100(-100.000000)
630:BR,Player:0r200c/cc/r5284f:6dQc,9s9h|/4c5s8c/Ad:300,-300(300.000000)
631:Player,BR:0cc/cc/cr379c/cr448f:2dQc,7s9h|/5d7hTd/2c/7d:-479,479(-479.000000)
632:BR,Player:0r130c/cc/r871f:ThTc,9dKd|/4s8hJs/3s:230,-230(230.000000)
633:Player,BR:0cc/cc/cr124c/cr6000f:JcQh,3d6s|/6c9dAh/2s/8d:-224,224(-224.000000)
634:BR,Player:0r200c/cr390c/r19310f:8hKs,9h9c|/4d8sKh/3d:690,-690(690.000000)
635:Player,BR:0cr300c/cc/r200r425c/cc:9sAd,JhAh|/2c4s4d/6h/9h:1025,-1025(431.308988)
636:BR,Player:0r130c/cr460c/r6042r13268f:3s8c,3h5s|/2c6s9c/4h:-6732,6732(-6732.000000)
637:Player,BR:0cc/cc/r130r14250f:6cJd,7hQd|/4h8d9d/3d:-230,230(-230.000000)
638:BR,Player:0r130c/cr299c/r4028c/r1603r2171r2171f:5dKc,5hKh|/2s4d5c/Kd/9h:8331,-8331(8331.000000)
639:Player,BR:0cr200c/r390c/cr6042f:7h7d,2h5d|/2c6sAs/Ks:-690,690(-690.000000)
640:BR,Player:0r130c/cr299c/cc/r2303f:TsQs,3sJh|/3h6sKd/8d/Ks:529,-529(529.000000)
641:Player,BR:0cc/cc/cr435f:2sAh,9hKc|/2hTcJh/3d:-100,100(-100.000000)
642:BR,Player:0f:KsAs,3d9h|:50,-50(50.000000)
643:Player,BR:0cc/cc/cr100f:3d7h,QhAd|/2s2c8c/6s:-100,100(-100.000000)
644:BR,Player:0r130c/cr299c/r186f:JhAh,3d8d|/6c9cTh/2d:529,-529(529.000000)
645:Player,BR:0cc/cc/cr100f:6sJc,3sAs|/5dThQc/3h:-100,100(-100.000000)
646:BR,Player:0r130c/cc/r327c/r1834f:3h5c,9sAc|/5sKdKc/Th/6d:557,-557(557.000000)
647:Player,BR:0cr600c/cc/r350r9194f:KhAs,3dAh|/5h6sQs/3h:-1050,1050(-1050.000000)
648:BR,Player:0r130c/cr299c/cr1058r6909f:TsQc,6sTc|/7cQsKc/3d:1587,-1587(1587.000000)
649:Player,BR:0cc/cc/cr3080f:7sAc,QdAd|/4s5d9d/2s:-100,100(-100.000000)
650:BR,Player:0r130c/cr299c/r753f:4cJs,6c9c|/2d7dKc/As:529,-529(529.000000)
651:Player,BR:0cr200c/r390c/r897c/cr485f:6sTs,TcAd|/JsJhAc/5s/3d:-1587,1587(-1587.000000)
652:BR,Player:0r200c/cc/r747f:JdKc,6dTc|/3c7cQd/3d:300,-300(300.000000)
653:Player,BR:0cr300c/cc/r200c/r120r1792f:TdTc,2d5s|/2s4cJs/9d/Ac:-720,720(-720.000000)
654:BR,Player:0r200c/cc/r4595f:3c4d,JdAh|/3s4c8h/6h:300,-300(300.000000)
655:Player,BR:0cc/cc/r130r4051f:4h7d,6dQs|/2c5hAs/Th:-230,230(-230.000000)
656:BR,Player:0r200c/cr390c/r982f:4c9s,JcKh|/6s8sJs/Ac:690,-690(690.000000)
657:Player,BR:0cc/cc/cr8194f:3sTd,8sJs|/7h9cTh/Jc:-100,100(-100.000000)
658:BR,Player:0f:7sKs,2s3h|:50,-50(50.000000)
659:Player,BR:0cc/cc/cr435c/cr2025f:2d7h,6dQh|/3s4sAs/5h/4d:-535,535(-535.000000)
660:BR,Player:0r200c/cr390c/r425f:7dKd,8cKh|/3c6h7s/6c:690,-690(690.000000)
661:Player,BR:0cr600c/cc/r350r3975c/r100r14875c:QcKs,9sQh|/4c9hQd/4h/Qs:-20000,20000(-20000.000000)
662:BR,Player:0r130c/cc/r1001f:4cJs,8dTd|/2hThKd/5s:230,-230(230.000000)
663:Player,BR:0cc/cc/cr9423f:6dJh,3s8h|/5sThKh/Js:-100,100(-100.000000)
664:BR,Player:0cc/cr130c/r285r285r12252f:JdQc,4dAs|/3cAhAd/Qs:800,-800(800.000000)
665:Player,BR:0cr130c/cc/cr1751c/cr1854c:6cAc,5h9h|/3h4h9s/5c/8c:-3835,3835(-3835.000000)
666:BR,Player:0cc/cc/r435f:8sTd,5s6h|/5cQcKc/8d:100,-100(100.000000)
667:Player,BR:0cc/cc/cr435f:ThQc,7cQs|/2s8c9h/4c:-100,100(-100.000000)
668:BR,Player:0r130c/cr299c/r162r260c/r7241r11808c:5h9c,3s6s|/4c5c6c/Ac/8s:20000,-20000(20000.000000)
669:Player,BR:0cr200c/cc/cr747c/cr10543f:8s8d,4s5d|/2s9cTh/6c/Ad:-1047,1047(-1047.000000)
670:BR,Player:0r130c/cc/r3522f:9cAs,4sTd|/TcQsAd/9d:230,-230(230.000000)
671:Player,BR:0cr300c/cc/cr3503f:5s5d,4sJs|/7s7dKs/8c:-400,400(-400.000000)
672:BR,Player:0r130c/cc/r100c/r2890f:6s6d,4s7s|/5sTsQc/5h/Td:330,-330(330.000000)
673:Player,BR:0cc/cc/r200r5284f:7h9d,6dTd|/2h8cAc/6s:-300,300(-300.000000)
674:BR,Player:0r200c/cc/r5284f:5d9s,4h9h|/3sJdJc/Tc:300,-300(300.000000)
675:Player,BR:0cc/cc/cr8194f:7d8c,5cTh|/8dTcJc/6c:-100,100(-100.000000)
676:BR,Player:0cc/cr130c/r4051f:6cTc,4h8c|/2d5dTh/4s:230,-230(230.000000)
677:Player,BR:0cc/cc/cr435f:2h8c,JcAd|/6dTdQs/2s:-100,100(-100.000000)
678:BR,Player:0cc/cc/r761f:QhQc,3c4c|/4h7cJh/8s:100,-100(100.000000)
679:Player,BR:0cc/cc/cr435f:5cKs,9sJs|/4h8sAc/3h:-100,100(-100.000000)
680:BR,Player:0cc/cr130c/r1001f:6c9h,4d8c|/2c4hTh/3d:230,-230(230.000000)
681:Player,BR:0cc/cc/r300r12322f:5sTs,JsQc|/5c9sTc/3c:-400,400(-400.000000)
682:BR,Player:0r130c/cc/r1001c/cr2472r5270f:2h4c,KhKc|/3s4sQh/7s/Qd:3703,-3703(3703.000000)
683:Player,BR:0cc/cc/cc/cc:2cKd,ThKs|/4h7sJc/Ac/9c:-100,100(-5.747771)
684:BR,Player:0r130c/cc/r498c/r168r1008r14498f:6dTc,4s9s|/4c5s5c/Ts/8s:1904,-1904(1904.000000)
685:Player,BR:0cc/cc/r130r130c/r330r18483f:5hTc,3cKc|/2h2c5s/Th/6s:-690,690(-690.000000)
686:BR,Player:0cc/cc/r142f:9dKc,4d8c|/2hJsJc/Td:100,-100(100.000000)
687:Player,BR:0cr300c/cc/r200r854f:2h9c,4s6c|/7s9hJh/6h:-600,600(-600.000000)
688:BR,Player:0cc/cc/r9423f:3h4s,4hKc|/5c8sKs/2s:100,-100(100.000000)
689:Player,BR:0cc/cc/cr435f:4s9d,3d5c|/6h7sTh/Jc:-100,100(-100.000000)
690:BR,Player:0r130c/cr299c/r4632f:3h8d,7hKh|/3d9dJc/5h:529,-529(529.000000)
691:Player,BR:0cr600c/cc/r4200r4200r10900f:JcQd,5hTc|/3h9dTd/8h:9100,-9100(9100.000000)
692:BR,Player:0r200c/cr390c/r3004f:6s9h,8dJd|/4c8sTd/Kc:690,-690(690.000000)
693:Player,BR:0cr300c/cc/r200r5254f:7sTs,TcQd|/2d3hJd/Js:-600,600(-600.000000)
694:BR,Player:0cc/cr200c/r747f:2s5d,4sTd|/3h5sAs/6c:300,-300(300.000000)
695:Player,BR:0cr300c/cc/r520r4005f:7dTd,3h9s|/2s3cTs/5c:-920,920(-920.000000)
696:BR,Player:0r130c/cr299c/r753f:2c3h,5d9c|/3sJsAh/Qs:529,-529(529.000000)
697:Player,BR:0cr300c/r520c/cr8056f:5sQd,ThKs|/2s3h7s/Jd:-920,920(-920.000000)
698:BR,Player:0r130c/cr299c/r9317f:TsAd,QcKd|/5h6cJd/3d:529,-529(529.000000)
699:Player,BR:0cc/cc/cr8194f:2cQc,3h9d|/3d6d9c/Ad:-100,100(-100.000000)
700:BR,Player:0r130c/cr299c/r374r684f:2c7s,8d8c|/3h5h6c/6d:-903,903(-903.000000)
701:Player,BR:0cr300c/cc/r520c/r1196r8010f:AhAc,6d9c|/2d3s6h/Jh/6c:-2116,2116(-2116.000000)
702:BR,Player:0r130c/cr299c/r9317f:3s8c,7hJc|/4c7dJh/5d:529,-529(529.000000)
703:Player,BR:0cc/cc/cr3080f:5sJc,3c9d|/2h4hAs/4d:-100,100(-100.000000)
704:BR,Player:0r200c/cc/r1306c/r10634c:3h7h,3c6c|/6dTsKc/5c/5d:-12240,12240(-12240.000000)
705:Player,BR:0cc/cc/cr124r576r12252f:2dQc,3hKh|/9s9h9d/Th:-800,800(-800.000000)
706:BR,Player:0r130c/cc/r142c/r5697f:4dJs,8dTd|/3d4sKh/7d/Ah:372,-372(372.000000)
707:Player,BR:0cr200c/r390c/cr3004f:9s9h,QhKd|/3h8h8c/Ts:-690,690(-690.000000)
708:BR,Player:0r200c/cr390c/r6042f:5sAs,8hJh|/3h6s8c/2s:690,-690(690.000000)
709:Player,BR:0cc/cc/cr379c/cr12831f:3dQc,7dTh|/2d5dAd/8d/Jc:-479,479(-479.000000)
710:BR,Player:0r130c/cr299c/r100r829r6347f:4h5c,6d8c|/2s4sTd/9c:1458,-1458(1458.000000)
711:Player,BR:0cc/cc/cr435c/cr6196f:4h6d,2s2c|/4s6sQh/Js/3c:-535,535(-535.000000)
712:BR,Player:0r130c/cr299c/r655f:JsJc,3d8d|/4s7s7h/9s:529,-529(529.000000)
713:Player,BR:0cc/cc/cr876f:4h9s,7hTc|/2h5d8s/Ah:-100,100(-100.000000)
714:BR,Player:0r130c/cc/r3522f:9sTs,7c8h|/2s7sKd/5s:230,-230(230.000000)
715:Player,BR:0cc/cc/cr379c/cr12831f:4dKh,9dAh|/2h5c8h/5h/3d:-479,479(-479.000000)
716:BR,Player:0r130c/cr299c/r655c/r1465f:2c9s,TsJs|/2h7cTc/9c/7s:1184,-1184(1184.000000)
717:Player,BR:0cr300c/r520c/r1840r1840f:5d9s,QsKc|/8sTsJs/Kh:-2760,2760(-2760.000000)
718:BR,Player:0r130c/cr299c/r4632c/cr10656f:9hJd,6c7c|/3h6sQc/5c/4s:-5161,5161(-5161.000000)
719:Player,BR:0cr300c/r800c/cr1485f:9hTd,5s5d|/2s4sJc/4h:-1200,1200(-1200.000000)
720:BR,Player:0r200c/cc/r5284f:4dTh,6h9h|/9sJsKs/Jc:300,-300(300.000000)
721:Player,BR:0cr300c/cc/cr10715f:2s2d,5c8h|/3h3d8s/Ts:-400,400(-400.000000)
722:BR,Player:0cc/cc/cr130r14250f:2sKd,5h9d|/2h8sJs/4c:230,-230(230.000000)
723:Player,BR:0cc/cc/r130r4051c/cc:7cJs,2hJh|/3d8d9h/Ts/6h:4281,-4281(4269.735078)
724:BR,Player:0r130c/cc/r14250f:TsQd,KdAh|/2h2dKs/6s:230,-230(230.000000)
725:Player,BR:0cc/cc/cr761f:6d7h,TsAc|/5dKdAs/Jd:-100,100(-100.000000)
726:BR,Player:0r130c/cc/r498f:5d6h,9sQd|/5cKsKd/4c:230,-230(230.000000)
727:Player,BR:0cc/cc/cr19900f:5cAh,3dAc|/3s3cAs/8d:-100,100(-100.000000)
728:BR,Player:0r130c/cc/r285f:4d6d,JhKc|/6s9s9d/5c:230,-230(230.000000)
729:Player,BR:0cr200c/cc/r390r6042f:2hJs,JhQh|/3s4hAd/6h:-690,690(-690.000000)
730:BR,Player:0cc/cr130c/r100r463r1974f:7s7c,5cTd|/8dJhQc/Qh:793,-793(793.000000)
731:Player,BR:0cc/cc/cc/cc:3sKs,7sJd|/ThKdKc/2c/6h:100,-100(53.012746)
732:BR,Player:0cc/cc/r761f:7cKd,6s9h|/5h7sJc/Td:100,-100(100.000000)
733:Player,BR:0cr300c/r1200c/cr14010f:KcAd,8dAs|/4c6hKd/3c:-1600,1600(-1600.000000)
734:BR,Player:0cc/cc/r9423f:5c7d,JhAc|/2s7s8h/Js:100,-100(100.000000)
735:Player,BR:0cr200c/cc/r600r3918f:JsAd,9dTc|/2h5d9s/As:-900,900(-900.000000)
736:BR,Player:0r130c/cc/r6161f:4h5h,3h4d|/4s5d8s/Td:230,-230(230.000000)
737:Player,BR:0cc/cc/r200r427f:2dJs,3s8c|/9dTsKh/6c:-300,300(-300.000000)
738:BR,Player:0f:3dQh,3s6d|:50,-50(50.000000)
739:Player,BR:0cc/cc/cr19900f:8hAc,KhKc|/4hTsKd/6c:-100,100(-100.000000)
740:BR,Player:0r130c/cr299c/r374c/r2973f:8sJc,6s7s|/2s6dQh/Qd/4c:903,-903(903.000000)
741:Player,BR:0cr600c/cc/r350r646r1926r5155r11223f:6c8c,9dKh|/ThTcKc/9s:8777,-8777(8777.000000)
742:BR,Player:0r130c/cc/r2014f:5s7d,7h9c|/6dKcAs/3c:230,-230(230.000000)
743:Player,BR:0cc/cc/cr142f:5cKh,9dAc|/6d7hJc/5s:-100,100(-100.000000)
744:BR,Player:0r130c/cc/r142c/r3257c:3c9h,4dKs|/4s9dTd/Jh/Qh:-3629,3629(-693.654950)
745:Player,BR:0cr600c/cc/cr866c/cr5155f:3d5d,JhAh|/3h7hJc/7s/Jd:-1566,1566(-1566.000000)
746:BR,Player:0cc/cc/r124c/r19776f:5dKc,2sJh|/8dJdJc/Ks/6d:224,-224(224.000000)
747:Player,BR:0cr200c/cc/r390r982f:7cKc,3d5h|/5d7hQc/Qd:-690,690(-690.000000)
748:BR,Player:0r130c/cr299c/r753c/r14846f:5c8s,TsAs|/4sJcAh/6d/5d:1282,-1282(1282.000000)
749:Player,BR:0cr300c/cc/cc/cr3046c:7h7d,6h9d|/9hQsAh/Js/7c:3446,-3446(-1203.002947)
750:BR,Player:0cc/cr300c/r100r400r2240f:3sKs,QsKd|/3cTdQd/9d:900,-900(900.000000)
751:Player,BR:0cr300c/cc/r200r743c/cr17885f:5d7c,7h9s|/6h7dJs/2h/Ah:-1343,1343(-1343.000000)
752:BR,Player:0r130c/cr299c/r162c/r19309f:4hQh,5dJd|/8hQdAs/Th/Ah:691,-691(691.000000)
753:Player,BR:0cr300c/r800c/r1560r3928f:QhAc,4h9h|/2sKdAd/3c:-2760,2760(-2760.000000)
754:BR,Player:0r200c/cr600c/r7881f:2d8s,7h7d|/2h6cTd/Qh:900,-900(900.000000)
755:Player,BR:0cr300c/cc/r200r19400f:7d9d,AsAc|/3s9cAh/5s:-600,600(-600.000000)
756:BR,Player:0r130c/cc/r2014c/cr9716f:2hKc,8cJc|/3h6hAc/Tc/2c:-2244,2244(-2244.000000)
757:Player,BR:0cc/cc/cr379f:3cTd,JcQc|/2sJdKc/6d:-100,100(-100.000000)
758:BR,Player:0r130c/cc/r285f:4cQc,4h5s|/6hJsQh/Ks:230,-230(230.000000)
759:Player,BR:0cc/cc/cr9423f:9sQd,JhKc|/2c8cAs/Td:-100,100(-100.000000)
760:BR,Player:0r130c/cc/r3522f:ThJh,4sAh|/3h8c9d/Tc:230,-230(230.000000)
761:Player,BR:0cc/cc/cr3080f:4h7c,7h8c|/8dJsKd/3s:-100,100(-100.000000)
762:BR,Player:0r130c/cc/r1751f:6hAc,8cKd|/7c9sAh/4h:230,-230(230.000000)
763:Player,BR:0cr200c/cc/r900r5224c/r3656f:JsAh,2hTd|/5dQsAs/Ad/8s:6424,-6424(6424.000000)
764:BR,Player:0r200c/cc/r14055f:6dQd,7h7c|/6h8dQh/Jc:300,-300(300.000000)
765:Player,BR:0cc/r130c/r299r4632f:7sJs,8d9s|/3h6h8s/5c:-529,529(-529.000000)
766:BR,Player:0r200c/cr900c/r1708f:9dTh,6dQc|/2s3c4h/8c:1200,-1200(1200.000000)
767:Player,BR:0cr300c/cc/cr3503f:AhAc,6dQc|/9dThTd/7c:-400,400(-400.000000)
768:BR,Player:0r130c/cr299c/r186r1108r7936f:3d8c,7cTh|/3c4h6h/6s:1823,-1823(1823.000000)
769:Player,BR:0cr130c/r299c/r264r561r4990r4990f:2s3s,2hTc|/4s5dJh/4h:-6344,6344(-6344.000000)
770:BR,Player:0cc/cr130c/r4051f:8dJd,5sTd|/4c5d5c/7s:230,-230(230.000000)
771:Player,BR:0cc/cc/r130r2014c/r1344r13583f:4d6h,8s9s|/7h8dKd/5s/5d:-3588,3588(-3588.000000)
772:BR,Player:0r130c/cr299c/r4632f:KsAh,4d5d|/2d3s3h/9h:529,-529(529.000000)
773:Player,BR:0cc/cc/cr142c/cr4902f:3c4s,8h9c|/4h6h7c/Ks/5c:-242,242(-242.000000)
774:BR,Player:0r130c/cr299c/r9317f:8dJh,6cAs|/3s8hAd/4d:529,-529(529.000000)
775:Player,BR:0cc/cc/cr435c/cr12461r7004f:TcKh,2dTs|/4s6d9c/Jh/Qs:12996,-12996(12996.000000)
776:BR,Player:0r130c/cc/r573c/r2643f:2d5d,6cTs|/5cJcQd/9s/Kc:803,-803(803.000000)
777:Player,BR:0cc/cc/r300r7045f:2h8h,JhJc|/2c3hAh/2d:-400,400(-400.000000)
778:BR,Player:0r130c/cr299c/cr1058f:7dQs,7cKc|/2h5sKd/Jd:-529,529(-529.000000)
779:Player,BR:0cr300c/r520c/r1196r2619r7961r7304c/cc:5d6h,QcAs|/2s3c4c/4h/Ah:20000,-20000(20000.000000)
780:BR,Player:0r130c/cc/cc/r7085f:3d9s,8sTh|/9hTdKc/5s/Qh:230,-230(230.000000)
781:Player,BR:0cc/cc/cr435f:2cJs,4c7s|/5d8sKh/9d:-100,100(-100.000000)
782:BR,Player:0cc/cc/r3080c/cr1740f:7dTs,5sAd|/3d5h5d/2c/2s:-3180,3180(-3180.000000)
783:Player,BR:0cr600c/cc/r350r9194f:5d7s,4hJh|/6cTdTc/8c:-1050,1050(-1050.000000)
784:BR,Player:0f:4s9h,3h7c|:50,-50(50.000000)
785:Player,BR:0cc/cc/r130r14250f:3sKc,6d8s|/7d7cAs/Kd:-230,230(-230.000000)
786:BR,Player:0r130c/cc/r2014f:5s9d,5c9h|/4c7cKc/4d:230,-230(230.000000)
787:Player,BR:0cc/cc/cr142f:5sJh,3sKd|/3d6sTh/7h:-100,100(-100.000000)
788:BR,Player:0r130c/cr299c/r100r1907f:6s7d,TdQd|/5sTcQc/2s:-629,629(-629.000000)
789:Player,BR:0cr200c/cc/r150r3426f:2hJh,7hQd|/6s8dQc/3h:-450,450(-450.000000)
790:BR,Player:0r130c/cr299c/r325f:4cQs,4s9s|/2c3cQd/6c:529,-529(529.000000)
791:Player,BR:0cr600c/r910c/r322r2750f:9hJs,4hJd|/2h5dQc/8s:-1932,1932(-1932.000000)
792:BR,Player:0r130c/cr460c/r6042f:8s9h,3c7c|/5h6dTs/Jh:690,-690(690.000000)
793:Player,BR:0cr300c/cc/cr866f:8dAh,3cQd|/9dJcQh/7c:-400,400(-400.000000)
794:BR,Player:0r130c/cr460c/r100f:QdAh,4c5d|/2dTsKc/Qh:690,-690(690.000000)
795:Player,BR:0cc/cc/cr249f:4hTs,8s8h|/7cTcJc/Kh:-100,100(-100.000000)
796:BR,Player:0r200c/cr390c/r6042f:2c6c,4s7c|/2dTcKc/3s:690,-690(690.000000)
797:Player,BR:0cc/cc/cr876f:8dKh,6dKs|/4hJhAs/Th:-100,100(-100.000000)
798:BR,Player:0r200c/cc/r427c/r4186f:7hKd,7s8h|/8s9sQd/Js/4d:727,-727(727.000000)
799:Player,BR:0cr300c/cc/cr495c/cr3388f:7hKd,4sJs|/6d7sJd/Ac/5s:-895,895(-895.000000)
800:BR,Player:0f:QcAd,2s8d|:50,-50(50.000000)
801:Player,BR:0cc/cc/cr435f:5dKc,7d8c|/2c4cTh/Js:-100,100(-100.000000)
802:BR,Player:0r130c/cc/r1001c/r8151f:9dQd,7dAh|/5h7c8h/8d/4c:1231,-1231(1231.000000)
803:Player,BR:0cc/cc/r200r1136f:2hJs,QdQc|/5hTcQh/9d:-300,300(-300.000000)
804:BR,Player:0r130c/cc/r12392f:TsJd,6d9d|/JcKsAh/Jh:230,-230(230.000000)
805:Player,BR:0cr200c/cc/r150r7926f:6d6c,7s8c|/3sTcAc/2h:-450,450(-450.000000)
806:BR,Player:0r130c/cc/r285r543f:TcQh,3s3h|/9cQcAs/3c:-515,515(-515.000000)
807:Player,BR:0cc/cc/cr9423f:9hJc,3h6s|/ThKdAs/7s:-100,100(-100.000000)
808:BR,Player:0r200c/cc/r371c/r722c:2hAd,9dAh|/3s3hAc/7c/5h:-1393,1393(703.206959)
809:Player,BR:0cc/cc/cr19900f:2c4h,2hAh|/6h9hQh/8s:-100,100(-100.000000)
810:BR,Player:0r130c/cr1380c/r4008f:QsKs,9hAh|/3sKdAc/8c:1610,-1610(1610.000000)
811:Player,BR:0cr200c/r390c/r897r2259c/r1867r14220f:5d7d,8hKs|/4cJcAh/6h/Kd:-5713,5713(-5713.000000)
812:BR,Player:0r130c/cc/r2014f:3h6d,5cKd|/4dTsQh/7d:230,-230(230.000000)
813:Player,BR:0cr600c/r910c/r3220r12023f:8cQs,2s8h|/6s6h6d/9d:-4830,4830(-4830.000000)
814:BR,Player:0f:3d7d,2s8c|:50,-50(50.000000)
815:Player,BR:0cc/cc/cr435c/r515r16081f:6cAs,2cJd|/7c8sKc/5h/9h:-1050,1050(-1050.000000)
816:BR,Player:0r130c/cc/r7085f:3hQh,TdAh|/3s4cKc/9h:230,-230(230.000000)
817:Player,BR:0cr600c/r910c/r4830r4830f:3c7c,JhAd|/4d9cQc/Qh:-6440,6440(-6440.000000)
818:BR,Player:0r130c/cr299c/r14170f:TsAc,8hJs|/6c7cKc/3c:529,-529(529.000000)
819:Player,BR:0cr300c/cc/cr246r1154r1154f:8dAd,3hJh|/2cJsKc/Qs:-1800,1800(-1800.000000)
820:BR,Player:0r200c/cc/r1136f:JcQc,2sAh|/7s8hQd/6c:300,-300(300.000000)
821:Player,BR:0cr300c/cc/cr1741f:8hAh,2s8c|/3sQsKs/Kc:-400,400(-400.000000)
822:BR,Player:0r130c/cr460c/r1718r3940f:3s5s,8dTd|/2d6c8h/8c:-2408,2408(-2408.000000)
823:Player,BR:0cc/cc/r200r427f:5cJh,8s9s|/3d7hJs/8c:-300,300(-300.000000)
824:BR,Player:0r200c/cr390c/r243f:6h6d,3d5d|/8s8dJh/9c:690,-690(690.000000)
825:Player,BR:0cc/cc/r200r427c/cr4186f:8sQd,7cTs|/3hThJh/9s/Kd:-727,727(-727.000000)
826:BR,Player:0r130c/cc/r1751c/r3242c:3sQd,8dKd|/7dThQs/6d/Td:-5223,5223(1608.382051)
827:Player,BR:0cc/cc/cr100c/r100r1306f:4sQs,3sTs|/4d9hAh/3c/Kc:-300,300(-300.000000)
828:BR,Player:0cc/cc/r379f:3h8s,4d8c|/8hTsQd/3s:100,-100(100.000000)
829:Player,BR:0cr300c/cc/cr866c/cr2740c:QdKh,2hAh|/5s7h7d/2d/Ts:-4006,4006(-1632.784207)
830:BR,Player:0r130c/cc/r4051r7886r7833c/cc:2sJc,8sTs|/7h9dQh/5c/6d:-20000,20000(-20000.000000)
831:Player,BR:0cr300c/cc/cr1741f:8sAh,5c6s|/6hJcQh/Kd:-400,400(-400.000000)
832:BR,Player:0r130c/cc/r285c/r13795f:3hJc,5h7c|/7hJhQd/Tc/Kc:515,-515(515.000000)
833:Player,BR:0cr600c/r1400c/r6300f:KsAs,4s9c|/2h7dKh/5d:2100,-2100(2100.000000)
834:BR,Player:0r130c/cc/r573f:7h9h,2hKh|/2d5d8c/5c:230,-230(230.000000)
835:Player,BR:0cr300c/r520c/cr1139c/cr17941f:3s3h,6c7s|/2d2c9d/6h/2h:-2059,2059(-2059.000000)
836:BR,Player:0r130c/cc/r7085f:2sTd,KhAc|/3h5sQs/5c:230,-230(230.000000)
837:Player,BR:0cr600c/r910c/cr161c/cr824f:4h5d,2dJh|/3d5sKc/2c/7s:-1771,1771(-1771.000000)
838:BR,Player:0cc/cc/r379c/r1577c:AhAd,5dTh|/6s6cTs/8s/Jc:2056,-2056(902.038464)
839:Player,BR:0cc/cc/cc/cr249f:3s8c,4hKh|/5s5hQs/3d/6c:-100,100(-100.000000)
840:BR,Player:0r200c/cr600c/r317r808r808c/cr6482f:6cQd,TsAs|/JdQsKs/3h/8s:-2833,2833(-2833.000000)
841:Player,BR:0cr600c/cc/cr10721f:7c9d,TcKh|/4dQhKd/6h:-700,700(-700.000000)
842:BR,Player:0r130c/cr299c/r1145f:6hAs,6sKd|/2c7s9c/Ac:529,-529(529.000000)
843:Player,BR:0cc/cc/cr124f:3d4c,ThAs|/6s8h9d/6h:-100,100(-100.000000)
844:BR,Player:0r130c/cr460c/r6042f:7dAh,8sKs|/5dJsAs/Kc:690,-690(690.000000)
845:Player,BR:0cr300c/cc/r200r854c/cr4786f:3s5s,6h7s|/2c5dTs/Kd/7d:-1454,1454(-1454.000000)
846:BR,Player:0r130c/cr460c/r6042f:4c9d,7hTd|/5hQhKc/7s:690,-690(690.000000)
847:Player,BR:0cr130c/cc/cr285c/cc:9hKh,5s5d|/4s7hQc/6h/Ah:515,-515(368.027781)
848:BR,Player:0r200c/cr390c/r243f:4s8d,6sTs|/3hJdJc/Ah:690,-690(690.000000)
849:Player,BR:0cc/cc/cr1761f:7sJd,7d9d|/3dJhQh/Td:-100,100(-100.000000)
850:BR,Player:0cc/cr130c/r2014f:6d8s,5cTh|/9cAsAc/Ks:230,-230(230.000000)
851:Player,BR:0cc/cc/cr9423f:3d8h,9hKh|/5c6cTh/Ah:-100,100(-100.000000)
852:BR,Player:0cc/cc/r124f:3c9h,5dAc|/2d9dQc/Ks:100,-100(100.000000)
853:Player,BR:0cc/cc/r130r1001f:8hJd,4h8c|/4d5sTd/Ad:-230,230(-230.000000)
854:BR,Player:0r130c/cr299c/r4028r15443c/cc:3sQs,4s8s|/2s5hAs/Qh/4h:20000,-20000(6919.960273)
855:Player,BR:0cc/cc/r130r871f:4cJs,9s9h|/2d5h6s/8d:-230,230(-230.000000)
856:BR,Player:0cc/cc/r9423f:7sKd,3dTh|/5d7h9c/Js:100,-100(100.000000)
857:Player,BR:0cc/cc/cr3080f:4dTh,3sTc|/6h9hQs/7c:-100,100(-100.000000)
858:BR,Player:0r200c/cc/r371c/r722c:6hJs,7sJh|/4d7dJd/8c/4h:-1393,1393(943.558835)
859:Player,BR:0cc/cc/cr3080f:4h6d,2s7d|/6c9hQs/Td:-100,100(-100.000000)
860:BR,Player:0r130c/cc/r142c/r17428f:6sQs,QhKh|/7cTcQc/Kd/9s:372,-372(372.000000)
861:Player,BR:0cr130c/r460c/cr5254f:9hJh,TdQd|/5d8dQs/Ks:-690,690(-690.000000)
862:BR,Player:0r130c/cc/r871c/r4168f:JsKc,4sQd|/5cQsKs/Ad/3s:1101,-1101(1101.000000)
863:Player,BR:0cc/cc/r200r1136f:5dQc,4sTs|/4c9cTc/2d:-300,300(-300.000000)
864:BR,Player:0r130c/cr299c/cc/cr1058r6909f:3h9s,7cTd|/2d3cAd/7s/7h:1587,-1587(1587.000000)
865:Player,BR:0cr200c/cc/cr649f:6sKd,7sQd|/4s7cJc/2h:-300,300(-300.000000)
866:BR,Player:0r130c/cr460c/r5254r5254r5254r3548c/cc:JhJc,4c7c|/5d6c8d/Qh/4h:-20000,20000(-17541.654299)
867:Player,BR:0cr300c/cc/cr246c/cr799c:4cKc,8dTh|/2d8sJs/4s/5h:-1445,1445(-931.191998)
868:BR,Player:0r130c/cr299c/cr687r3027c/r15757c:5s7h,8hTh|/7d8cJh/2s/5h:20000,-20000(-5781.442778)
869:Player,BR:0cr200c/r600c/r1170r5153f:QdAc,6hJc|/3sTdQs/Jd:-2070,2070(-2070.000000)
870:BR,Player:0r300c/cr520c/r4005f:4c6s,5sKc|/3s3d9h/2d:920,-920(920.000000)
871:Player,BR:0cc/cc/cr435f:6hQs,6sAd|/2s8dTc/5d:-100,100(-100.000000)
872:BR,Player:0r130c/cc/r327f:2s8d,9cAh|/3h7hKd/3s:230,-230(230.000000)
873:Player,BR:0cc/cc/cr1532c/cr16434f:5d9c,6cJd|/9dJcAc/7c/Js:-1632,1632(-1632.000000)
874:BR,Player:0r130c/cc/r871f:2dAd,4c7h|/4d6hAs/Kc:230,-230(230.000000)
875:Player,BR:0cc/cc/cr3080f:9cKh,2dTh|/7cJdQh/8d:-100,100(-100.000000)
876:BR,Player:0r130c/cc/r7085f:5s9d,6dJd|/6cTcJc/5h:230,-230(230.000000)
877:Player,BR:0cr130c/cc/cr871f:6hAh,5cTc|/5sTsQd/9c:-230,230(-230.000000)
878:BR,Player:0cc/cc/cc/r9423f:2hKh,2sKs|/7s9dJc/4d/6s:100,-100(100.000000)
879:Player,BR:0cr200c/cc/r390r390c/r576r1172r4789f:5d9d,2h7c|/5c8c9h/Qd/9c:2828,-2828(2828.000000)
880:BR,Player:0r130c/cr299c/r325f:5c9d,4h5h|/2h7d7c/9s:529,-529(529.000000)
881:Player,BR:0cc/r200c/cr2627f:8sTd,2cTc|/4s5c6s/8c:-300,300(-300.000000)
882:BR,Player:0r130c/cr460c/r6042f:2dKc,7d8s|/6s6cKs/2s:690,-690(690.000000)
883:Player,BR:0cr200c/cc/cr1136f:4d7s,KhKd|/7dThAs/6d:-300,300(-300.000000)
884:BR,Player:0r130c/cc/cc/r14250f:7cJs,3dAh|/2d8d8c/Kh/6d:230,-230(230.000000)
885:Player,BR:0cr300c/cc/cr495f:3s3d,JsAs|/7s7hKs/Kc:-400,400(-400.000000)
886:BR,Player:0cc/cc/r9423f:9cAh,4h8s|/JdQcKh/7c:100,-100(100.000000)
887:Player,BR:0cc/cc/r130r2014f:6dJs,KcAd|/4s9sJc/8h:-230,230(-230.000000)
888:BR,Player:0r200c/cr390c/r854r2596c/r1266r14594f:KsKh,3s3c|/3d8h8d/Ac/7h:-5406,5406(-5406.000000)
889:Player,BR:0cr300c/r520c/cr1309f:4d7d,4sKs|/2h8dQc/Qh:-920,920(-920.000000)
890:BR,Player:0r130c/cc/r3522f:AsAc,4d7s|/2h4s9c/Jh:230,-230(230.000000)
891:Player,BR:0cr300c/cc/r1200r6966f:5h8h,8dQc|/9hTsTh/6s:-1600,1600(-1600.000000)
892:BR,Player:0f:6dAs,3h8d|:50,-50(50.000000)
893:Player,BR:0cc/cc/cc/cc:4hAc,6sAs|/2d3dKs/7d/6d:-100,100(-7.931920)
894:BR,Player:0r200c/cr390c/r100f:6hAc,2h5h|/4d4cQs/Jc:690,-690(690.000000)
895:Player,BR:0cc/cc/cr142c/cr5637f:5cQd,2d9h|/4dQcAh/7c/3s:-242,242(-242.000000)
896:BR,Player:0r130c/cc/r142r145r9106f:3cAs,5d8s|/6d6c8c/6s:517,-517(517.000000)
897:Player,BR:0cr300c/cc/cr3503c/cc:2h4h,3s5d|/6dKhAh/5h/8d:3903,-3903(3723.171599)
898:BR,Player:0r130c/cr299c/r4632f:5h7h,9dQh|/3c6c9s/As:529,-529(529.000000)
899:Player,BR:0cc/cc/cr8194f:4hTh,JsJc|/2s7sJd/9d:-100,100(-100.000000)
900:BR,Player:0r130c/cr299c/r753c/r14846f:2h9d,QhQc|/8h8cTh/Kc/Jh:1282,-1282(1282.000000)
901:Player,BR:0cc/cc/cr435c/r305c:2c6c,9cKs|/2s8cAc/Qc/5c:-840,840(-308.363389)
902:BR,Player:0r130c/cr299c/r2303c/cr5684c:4d7s,3sAc|/2h4c5c/Td/As:-8516,8516(-2027.540746)
903:Player,BR:0cc/cc/cr124f:5dQc,3h8s|/2h9hTs/3s:-100,100(-100.000000)
904:BR,Player:0r130c/cr460c/r5254c/r9728c:2dKd,TsAh|/2s9sTc/2c/Ac:15672,-15672(10068.801517)
905:Player,BR:0cc/cc/r130r285c/cr7887f:5hKd,9cKs|/2c6hTd/Kc/Qs:-515,515(-515.000000)
906:BR,Player:0r300c/cc/r3503f:4d8c,7dTc|/9d9cQc/Td:400,-400(400.000000)
907:Player,BR:0cc/cc/r130r2014f:TdQs,8hTs|/5hThJs/7d:-230,230(-230.000000)
908:BR,Player:0r130c/cr299c/r655f:8cTh,6cQh|/3s5sTd/9s:529,-529(529.000000)
909:Player,BR:0cc/cc/cr379f:7dAc,2dQh|/4s5hQs/Jc:-100,100(-100.000000)
910:BR,Player:0r130c/cr460c/r854c/r5083c:3dKh,3cTc|/5c9hTs/Ks/Qh:6627,-6627(523.632700)
911:Player,BR:0cr200c/r600c/r1800r3843f:3s6d,2sKd|/5c7hAd/9c:-2700,2700(-2700.000000)
912:BR,Player:0r130c/cc/r2014f:4sJh,3sAs|/2d5d8h/3h:230,-230(230.000000)
913:Player,BR:0cc/cc/cr435f:2c9h,6cAd|/4d5s9s/Ts:-100,100(-100.000000)
914:BR,Player:0r130c/cc/r2014f:9hJd,TcAd|/9cThKc/2h:230,-230(230.000000)
915:Player,BR:0cc/cc/cr100f:7sTc,3h4s|/9sQhQd/3c:-100,100(-100.000000)
916:BR,Player:0cc/cr130c/cr299r16295f:5dAs,4s8h|/7s7h9c/Th:529,-529(529.000000)
917:Player,BR:0cr200c/r390c/r1380r2946f:9dKc,5c9c|/2s7dTh/Ks:-2070,2070(-2070.000000)
918:BR,Player:0r130c/cc/r871f:8cAh,9dQd|/TsTdTc/Ac:230,-230(230.000000)
919:Player,BR:0cr200c/r390c/r1380r2946c/cr10857c:7dKd,5c8d|/7cJdKc/5d/9s:15873,-15873(15873.000000)
920:BR,Player:0r130c/cc/r14250f:7hJd,2sQh|/2c3h9h/9s:230,-230(230.000000)
921:Player,BR:0cr200c/cc/r600r7881f:6dTd,7dKs|/3c7h8h/Ad:-900,900(-900.000000)
922:BR,Player:0r130c/cr299c/r753r3479f:2s9d,7dQd|/4s4h6d/7c:-1282,1282(-1282.000000)
923:Player,BR:0cc/cc/cr435f:5c6d,2c3c|/4d9hKd/Jh:-100,100(-100.000000)
924:BR,Player:0f:6sQd,2s3h|:50,-50(50.000000)
925:Player,BR:0cc/cc/cr1761f:2hAc,3cKh|/6d9cQd/8c:-100,100(-100.000000)
926:BR,Player:0r130c/cc/r498c/r168c:2dQc,3hTh|/5c8sQh/5h/Tc:896,-896(896.000000)
927:Player,BR:0cc/cc/cr3080f:3sTc,4dKh|/JdQsKc/9h:-100,100(-100.000000)
928:BR,Player:0r130c/cc/r7085f:3c7s,7dJs|/5s5dQh/Ac:230,-230(230.000000)
929:Player,BR:0cc/cc/cr19900f:7cJd,3hKh|/4h4d6h/2h:-100,100(-100.000000)
930:BR,Player:0r130c/cc/cr460r460f:2s6h,5sJs|/6d9sTh/8d:690,-690(690.000000)
931:Player,BR:0cc/cc/cr876f:4h9h,2c5d|/3c5sTs/7s:-100,100(-100.000000)
932:BR,Player:0r200c/cc/r2627f:2sKs,8cKd|/2d8dAh/Jh:300,-300(300.000000)
933:Player,BR:0cc/cc/cr142f:7sJd,9sKs|/5c8hAh/3s:-100,100(-100.000000)
934:BR,Player:0cc/cc/r3080f:2cKc,8cQh|/4cAsAd/6c:100,-100(100.000000)
935:Player,BR:0cc/cc/r130r130f:3hQs,2c9c|/6hJsQc/As:-230,230(-230.000000)
936:BR,Player:0r130c/cr299c/r2303f:8c9s,JdAs|/3d6cJc/6s:529,-529(529.000000)
937:Player,BR:0cr300c/cc/r200r10567f:JdQc,3h3d|/7cQdKd/8s:-600,600(-600.000000)
938:BR,Player:0cc/cc/r8194f:TsJd,3h6s|/9sQsKd/5s:100,-100(100.000000)
939:Player,BR:0cc/cc/cr100r400c/r780r6008f:6cKd,KsAc|/2c3sJd/3c/8d:-1380,1380(-1380.000000)
940:BR,Player:0r200c/cc/r19700f:TdQs,TcKh|/3c8sJs/9c:300,-300(300.000000)
941:Player,BR:0cc/cc/cr761f:2s3h,9cQs|/9dTcJh/8c:-100,100(-100.000000)
942:BR,Player:0f:4s6h,2c7h|:50,-50(50.000000)
943:Player,BR:0cr200c/cc/r150r3940f:4sJs,4c6h|/2cQdAs/5d:-450,450(-450.000000)
944:BR,Player:0f:4h9d,3s7d|:50,-50(50.000000)
945:Player,BR:0cr600c/cc/r350f:KsKc,5hTc|/2sQdAs/6d:700,-700(700.000000)
946:BR,Player:0r130c/cr299c/r19471f:2d9s,3cKd|/4h9cTd/2c:529,-529(529.000000)
947:Player,BR:0cr300c/cc/cr1514c/cr774c:9dAs,9cTd|/3d7dTc/6d/Ac:2688,-2688(-1183.786908)
948:BR,Player:0r130c/cc/r1001f:5c9c,9sKs|/2dQhAh/Kd:230,-230(230.000000)
949:Player,BR:0cc/cc/r200r5284f:3cTs,4cAh|/2h4s5s/Td:-300,300(-300.000000)
950:BR,Player:0cc/cc/r761f:KsAs,7d8c|/6hAhAd/3h:100,-100(100.000000)
951:Player,BR:0cr300c/cc/cr7045f:5cQc,2h3c|/5s6sJc/Td:-400,400(-400.000000)
952:BR,Player:0cc/cr200c/r100c/r753f:6cKs,4c8h|/JdQcAc/Js/2c:400,-400(400.000000)
953:Player,BR:0cr300c/r520c/cr4005f:7s9h,8s9c|/2c4d7d/4c:-920,920(-920.000000)
954:BR,Player:0cc/cc/r216c/r4840f:2s6s,6d8c|/6cTdJh/Qh/Jc:316,-316(316.000000)
955:Player,BR:0cr300c/cc/cr100c/cr268r4272c:6sJs,2s7s|/2h5hQh/5s/7c:-5040,5040(-4877.531504)
956:BR,Player:0r200c/cr900c/r120r1992r8244f:2c9h,2dKh|/6cJhQh/Ts:3312,-3312(3312.000000)
957:Player,BR:0cr600c/r910c/r322r2750f:7h9s,7sJd|/3c5c8c/6h:-1932,1932(-1932.000000)
958:BR,Player:0f:3cQc,2s9h|:50,-50(50.000000)
959:Player,BR:0cc/cc/cr124f:3dJd,2cJh|/2h7s7h/6s:-100,100(-100.000000)
960:BR,Player:0r300c/cc/r3503c/r8448c:5s6d,8hJh|/2h7c8c/Jd/4c:12351,-12351(12351.000000)
961:Player,BR:0cc/r130c/cr7085f:JsKh,3hAc|/5h9hJh/4c:-230,230(-230.000000)
962:BR,Player:0f:2hAs,2sTd|:50,-50(50.000000)
963:Player,BR:0cc/cc/cc/cr142f:6d8h,4sKh|/4d9sQd/8s/Jc:-100,100(-100.000000)
964:BR,Player:0r200c/cc/r1306f:4h8s,4d6h|/JhKsAs/2d:300,-300(300.000000)
965:Player,BR:0cc/cc/r200r200f:5d8d,4c9s|/2h4d7h/3c:-300,300(-300.000000)
966:BR,Player:0f:2h9h,3h9c|:50,-50(50.000000)
967:Player,BR:0cr200c/cc/cr371f:TsQc,9hQs|/3c4dAh/9c:-300,300(-300.000000)
968:BR,Player:0cc/cc/r142c/r17243f:2cJc,3c6d|/4d7sAh/9d/Qh:242,-242(242.000000)
969:Player,BR:0cc/cc/cr876f:3hTc,3s6c|/8sTsQh/5s:-100,100(-100.000000)
970:BR,Player:0r130c/cc/r871f:9sAc,4c8s|/4d6hQh/Ad:230,-230(230.000000)
971:Player,BR:0cc/cc/cr9423f:5d7s,2cKs|/3h9sAc/Ts:-100,100(-100.000000)
972:BR,Player:0r130c/cr299c/r1317r4502f:7sAs,4hKc|/2c4cJh/Ks:-1846,1846(-1846.000000)
973:Player,BR:0cr130c/r299c/r264r561f:JcKs,5sQd|/8dTsAd/4d:-793,793(-793.000000)
974:BR,Player:0r130c/cc/r871f:JsKc,5sAc|/3s9dKd/8h:230,-230(230.000000)
975:Player,BR:0cc/cc/cr249f:3s9s,6d8s|/3c7dJs/Qc:-100,100(-100.000000)
976:BR,Player:0r200c/cc/r5284f:9hAs,2dAd|/3h8cJs/Jc:300,-300(300.000000)
977:Player,BR:0cr300c/cc/r800r5224f:9dQs,6cAc|/5d8sTs/2s:-1200,1200(-1200.000000)
978:BR,Player:0r130c/cc/r327c/r19443f:4cJs,JdJc|/5c7hKc/5h/7d:557,-557(557.000000)
979:Player,BR:0cc/cc/cr435f:5cQs,2hJh|/4d7sTh/6s:-100,100(-100.000000)
980:BR,Player:0r130c/cc/r285c/r19485f:TcKs,JsQd|/3d9dAc/Kd/5c:515,-515(515.000000)
981:Player,BR:0cc/cc/cr876f:8cQs,9hJs|/2s5h7h/5c:-100,100(-100.000000)
982:BR,Player:0r130c/cc/r1751f:7sJd,3hKh|/5s9hJc/2d:230,-230(230.000000)
983:Player,BR:0cc/cc/r200r5284f:3s8d,6cJs|/3h5d8c/4d:-300,300(-300.000000)
984:BR,Player:0r130c/cc/r163f:8cJh,5dQh|/3sKsAh/Kh:230,-230(230.000000)
985:Player,BR:0cc/cc/r200f:4hAc,JdAh|/3s3dAs/8h:100,-100(100.000000)
986:BR,Player:0r130c/cc/r1001f:4cKd,8dQc|/2h9hAc/Th:230,-230(230.000000)
987:Player,BR:0cc/cc/r130r573c/cr16264f:7h9c,5sAc|/2h6h9s/9d/8s:-803,803(-803.000000)
988:BR,Player:0r200c/cr390c/r100c/r2261r4566f:3s9d,5s6d|/8dJsQs/7h/4c:-3051,3051(-3051.000000)
989:Player,BR:0cc/cc/cr876f:9hJs,2d6d|/3sJdKh/4c:-100,100(-100.000000)
990:BR,Player:0r130c/cr460c/cc/r6042f:2h7s,6hQs|/7d9cAs/8s/Qd:690,-690(690.000000)
991:Player,BR:0cc/cc/cr1761f:6s8h,5cTd|/2d8d9h/9s:-100,100(-100.000000)
992:BR,Player:0r130c/cc/cr460r5254r5254r5254f:JcKh,6dTs|/7h9d9c/9h:11198,-11198(11198.000000)
993:Player,BR:0cr200c/cc/r150r640f:3cTd,9sKs|/6c7sJd/9h:-450,450(-450.000000)
994:BR,Player:0r130c/cr460c/r982f:5h8h,7dQh|/3d6s7s/As:690,-690(690.000000)
995:Player,BR:0cc/cc/cr9423f:2c7d,ThJd|/4c6dQs/9d:-100,100(-100.000000)
996:BR,Player:0cc/cc/r9423f:3s6s,5dTc|/4c8h9h/2c:100,-100(100.000000)
997:Player,BR:0cc/cc/r300r300f:5hTs,7dAc|/7s8dJc/6c:-400,400(-400.000000)
998:BR,Player:0r130c/cr299c/r374r1530f:2c3c,JsKc|/9hThQc/8d:-903,903(-903.000000)
999:Player,BR:0cc/cc/cr876c/cr3695f:TcQh,8hAh|/8cThJd/Ks/Jh:-976,976(-976.000000)
1000:BR,Player:0cc/cc/cr130r327f:4cKc,JcKs|/3c8dAd/Qd:230,-230(230.000000)
RAW BR STATS: n=1000, sum=461440.000000, sum_sq=8202437032.000000, vr_sum=433544.420802, vr_sum_sq=6564881207.243125
BR STATS: 461.440000(175.192757), 433.544421(156.517020)
RESULTS
1)Player: -461440
2)BR: 461440
