In config file: GAME_DEF=game_def.fullholdem
In config file: ACTIONS_R0=F,C
In config file: ACTIONS_R1=F,C
In config file: ACTIONS_R2=F,C
In config file: ACTIONS_R3=F,C
Loading player: rgbr_nl_cprg.so
Player args: /home/viliam/cprg/project_uoapoker/trunk/src/c/meta_player.so /home/viliam/cprg/project_uoapoker/trunk/src/c/acpc14.map
Using seed 46.
1:BR,Player:0f:5dAs,2c8s|:50,-50(50.000000)
2:Player,BR:0cr300c/r520c/cc/cc:9sTd,6d9d|/5c6sQs/3d/2c:-920,920(-744.949727)
3:BR,Player:0r130c/cr299f:2d5s,7hKc|/9hKhKd:-230,230(-230.000000)
4:Player,BR:0cc/cc/r200c/r390f:2s4d,8hQd|/2h6h8d/2d/6d:300,-300(300.000000)
5:BR,Player:0r200c/cc/cc/cr390c:TdAh,5cQs|/8cQhAd/8s/9d:690,-690(675.292738)
6:Player,BR:0cc/cc/cc/cc:4c5h,5c8s|/6hThQd/4d/3s:100,-100(95.825738)
7:BR,Player:0r130c/cr299c/cr264f:5sKs,JhQs|/2d7dQh/Ad:-529,529(-529.000000)
8:Player,BR:0cc/cc/cc/cc:5s9h,3h3d|/TdQdAc/8h/6c:-100,100(-8.348801)
9:BR,Player:0cc/cr300c/cr200c/cr780c:7s7h,4c9d|/7c8dJc/3c/7d:1380,-1380(1380.000000)
10:Player,BR:0cc/cc/cc/cc:QdKc,5hAd|/3d7sJc/9d/Tc:100,-100(41.018173)
11:BR,Player:0r130c/cc/cc/cr299c:JdKh,3c5c|/7d8dJh/9s/7c:529,-529(359.802904)
12:Player,BR:0cr200c/cc/cc/cc:3s3h,QcKh|/9dThKs/Ad/Jd:-300,300(-288.275803)
13:BR,Player:0r130c/cc/cc/cc:3d9d,7h8d|/2d8hJc/Qd/Tc:230,-230(230.000000)
14:Player,BR:0cr200c/cc/cc/r900f:9sAd,TsTc|/8c9dQc/As/Kc:300,-300(300.000000)
15:BR,Player:0f:5hTs,2s4c|:50,-50(50.000000)
16:Player,BR:0cc/cc/r200c/r900c:2cAc,9cAs|/3c8hKc/5c/7d:1200,-1200(12.811397)
17:BR,Player:0r130c/cc/cc/cc:2d5c,7cAh|/3h6hJc/Js/Qs:-230,230(-230.000000)
18:Player,BR:0cc/cc/r130c/cc:4h8d,3hQs|/7s7dJh/2c/Td:-230,230(88.567850)
19:BR,Player:0r200c/cc/cr150c/cr1350f:6hTc,KdKc|/ThAsAh/4d/8c:-450,450(-450.000000)
20:Player,BR:0cr130c/r1380c/cc/r2093f:6h8h,TsKs|/6d8cAh/9c/Jd:1610,-1610(1610.000000)
21:BR,Player:0cc/cc/cc/cc:6hJs,JhKh|/6d7s8c/4d/8h:100,-100(100.000000)
22:Player,BR:0cr200c/cc/cc/r600f:TdAc,4h6h|/3c9dKc/5s/Ah:300,-300(300.000000)
23:BR,Player:0r200c/cr900c/cr1560f:4cAs,QhKs|/7dJhQs/Kd:-1200,1200(-1200.000000)
24:Player,BR:0cr200c/cc/cc/cc:QcKd,6hJd|/6d7h7d/3c/5c:-300,300(-267.346778)
25:BR,Player:0r200c/cc/cr390f:6s8d,9sQc|/2d3h4h/Jh:-300,300(-300.000000)
26:Player,BR:0cr600f:8s9s,2s5s|:100,-100(100.000000)
27:BR,Player:0r130c/cr299c/cc/cr687f:7sKd,8hQd|/8dQhQc/Td/2h:-529,529(-529.000000)
28:Player,BR:0cc/cc/r300f:6s9c,ThQd|/2c5s7s/9h:100,-100(100.000000)
29:BR,Player:0cc/cr130c/cc/cc:5d9d,5s6d|/8dJcQd/4c/8h:230,-230(-203.047397)
30:Player,BR:0cr300c/cc/r200c/cc:QhAc,5sQc|/5d7hKc/7s/8d:-600,600(-418.038155)
31:BR,Player:0r130c/cc/cr690c/cc:QcKc,4c5d|/6dTdKd/2s/Ts:920,-920(920.000000)
32:Player,BR:0cc/cc/cc/r130f:5dKc,5c8s|/3dJdKd/Jc/6c:100,-100(100.000000)
33:BR,Player:0r130c/cc/cc/cr299c:6dJd,6c8d|/3cQdKd/Js/4c:529,-529(-69.236712)
34:Player,BR:0cc/cc/r130f:5dJh,8cTd|/3d4c6c/4h:100,-100(100.000000)
35:BR,Player:0r130c/cc/cr115c/cc:2c7d,7hKh|/4d6s8d/7s/8s:-345,345(-345.000000)
36:Player,BR:0cc/cc/cc/cc:2h3c,5c7d|/9hJsJc/2s/8c:100,-100(83.186339)
37:BR,Player:0r130c/cc/cc/cc:8cTc,6c9h|/4d6dJd/7h/Kh:-230,230(-230.000000)
38:Player,BR:0cc/cc/cc/cc:5s9h,7cKs|/5c8sAs/8h/Ts:100,-100(-16.978900)
39:BR,Player:0r130c/cr299c/cr1058c/cr2063c:4h4c,4dQc|/5d8sTc/Jh/7d:3650,-3650(-221.519702)
40:Player,BR:0cc/cc/cc/cc:5sAc,5hKc|/7c8sQh/Td/2c:100,-100(62.266952)
41:BR,Player:0r200c/cc/cc/cc:3h5d,7cKh|/8h9sAc/Js/3c:300,-300(-61.622793)
42:Player,BR:0cc/cc/r200c/cc:7s8d,6h7h|/6sQsKs/Jd/Qd:-300,300(-240.939250)
43:BR,Player:0f:4s7c,2c5d|:50,-50(50.000000)
44:Player,BR:0cc/cc/cc/r130c:3dQh,6dKh|/5d8hQd/2d/3h:230,-230(85.961874)
45:BR,Player:0cc/cr200c/cc/cc:4sJc,5cQh|/3s7hJh/8h/3d:300,-300(300.000000)
46:Player,BR:0cr300c/cc/cc/cc:2d2c,QcKc|/5h8dAd/Js/5c:400,-400(119.750962)
47:BR,Player:0r130c/cr460c/cc/cr1380c:4hJc,ThKc|/3c4d7h/4c/Tc:2070,-2070(1370.548092)
48:Player,BR:0cc/cc/cc/cc:3c7h,5hTc|/7dKcAd/4s/Th:-100,100(-66.819964)
49:BR,Player:0f:9sTc,2cTs|:50,-50(50.000000)
50:Player,BR:0cr300c/cc/cc/cc:2cJc,2sQd|/7s7hKc/3h/Qs:-400,400(-360.467076)
51:BR,Player:0r200c/cc/cr150c/cr1350f:AsAd,6sTh|/7c8sQc/9s/Jd:-450,450(-450.000000)
52:Player,BR:0cc/cc/cc/cc:7dAh,2hJd|/3s5dJc/2d/8c:-100,100(-95.310364)
53:BR,Player:0r200c/cc/cr150c/cr900f:9hJd,AsAh|/QcKhKd/Kc/3d:-450,450(-450.000000)
54:Player,BR:0cr300c/cc/r200c/cc:KhAc,5hKc|/2h3c8s/Tc/9c:600,-600(584.018582)
55:BR,Player:0r130c/cr460f:3c6d,6c9c|/7cJsAd:-230,230(-230.000000)
56:Player,BR:0cc/cc/r200c/r600c:3h4s,TdKc|/6c7dTh/9d/Qc:-900,900(-751.900277)
57:BR,Player:0r200c/cc/cc/cr150c:4cQc,TsTh|/3cJhAc/2c/Ad:450,-450(450.000000)
58:Player,BR:0cc/cc/cc/cc:8cJd,4d7h|/6cAsAh/2c/3h:100,-100(98.309377)
59:BR,Player:0r130c/cc/cr299c/cc:3d3c,3hJs|/3s7h9s/Ts/9h:529,-529(529.000000)
60:Player,BR:0cc/cc/cc/r130c:4c8s,3sTh|/8cTdAc/3d/5d:-230,230(-207.619520)
61:BR,Player:0r130c/cr690f:2h3s,3cQd|/4d9dKs:-230,230(-230.000000)
62:Player,BR:0cc/cc/r130c/cc:3sAd,4hQd|/3cJdQc/2s/5s:-230,230(-202.193087)
63:BR,Player:0r130c/cc/cc/cc:3h5d,3dKs|/8cQhAs/2d/7d:-230,230(-230.000000)
64:Player,BR:0cc/cc/cc/cc:2dTs,7s9d|/4cQdAc/6c/2s:100,-100(91.907075)
65:BR,Player:0r200c/cc/cr150c/cc:9dKc,KdAh|/4sQsQc/6d/Jh:-450,450(-314.204563)
66:Player,BR:0cr300c/cc/r520c/cc:9sTs,6sKs|/4h8dAh/3s/3d:-920,920(-233.823682)
67:BR,Player:0r200c/cr600f:7hQs,7dKs|/2d6cTh:-300,300(-300.000000)
68:Player,BR:0cc/cc/r200c/r600c:5dKc,3h4h|/4s6d7s/Ks/5s:-900,900(-710.828776)
69:BR,Player:0r130c/cr299c/cc/cr687f:8dKc,3dAs|/QsKsAh/Qd/4d:-529,529(-529.000000)
70:Player,BR:0cr600c/cc/r350c/cc:7cTc,6sTs|/3dTdAh/8c/Th:0,-0(-986.153528)
71:BR,Player:0r200c/cr600f:6cTh,QsQd|/5cJsQh:-300,300(-300.000000)
72:Player,BR:0cc/cc/cc/cc:7c8s,3h5h|/9sJcAh/7s/Tc:100,-100(97.881573)
73:BR,Player:0r130c/cr299c/cc/cc:5sAh,6d7h|/JsJhQh/3c/Ac:529,-529(529.000000)
74:Player,BR:0cr600f:2cAc,3d5c|:100,-100(100.000000)
75:BR,Player:0cc/cc/cc/cc:2dTd,7dAh|/8s8cTc/5h/Kc:100,-100(100.000000)
76:Player,BR:0cc/cc/r130c/r115f:JcQs,4dTc|/6sQcKh/8d/Qd:230,-230(230.000000)
77:BR,Player:0f:4hJd,2c6d|:50,-50(50.000000)
78:Player,BR:0cc/cc/cc/cc:3cJh,TdAc|/7dJdQc/Ad/2d:-100,100(-88.195851)
79:BR,Player:0cc/cr130c/cr299f:4cQh,3s6c|/5s7cTs/4s:-230,230(-230.000000)
80:Player,BR:0cr200c/r390c/r897f:9dKh,3d7h|/4d5dTc/Qh:690,-690(690.000000)
81:BR,Player:0cc/cc/cr200c/cr900c:JsQc,6h6d|/2h8hTh/6c/Jc:-1200,1200(-41.603328)
82:Player,BR:0cc/cc/cc/cc:9hJc,ThKh|/6s7dQc/4s/Qd:-100,100(-4.908706)
83:BR,Player:0r130c/cc/cr115c/cr448c:4hJh,JcAh|/ThTdKh/Ac/8h:793,-793(787.676910)
84:Player,BR:0cc/cc/cc/cc:4dQh,3c9c|/7d8cKd/5h/Qs:100,-100(77.961403)
85:BR,Player:0r130c/cr460c/cc/cc:TcKd,4d6s|/2h5hJs/4s/7h:-690,690(-620.979231)
86:Player,BR:0cr600f:2sTs,4h9c|:100,-100(100.000000)
87:BR,Player:0r130c/cc/cc/cc:KhKc,2h2c|/4cJsKd/9s/4d:230,-230(230.000000)
88:Player,BR:0cr200c/cc/cc/r390f:7cKd,3h8s|/7dJsAs/3s/Ad:300,-300(300.000000)
89:BR,Player:0r200c/cr390f:2s8h,TcJd|/7h9cKd:-300,300(-300.000000)
90:Player,BR:0cc/cc/cc/cc:2cKh,6hTs|/5s7sJs/Ac/Ks:-100,100(-91.493213)
91:BR,Player:0r200c/cc/cr600c/cr1800c:6cJc,3sTs|/5h8c9h/7c/2c:2700,-2700(2216.121671)
92:Player,BR:0cr200c/cc/cc/r150c:8dJh,QsAh|/2c4cKs/Qh/6d:-450,450(-373.644180)
93:BR,Player:0r130c/cc/cr299f:3c6d,2s5s|/2cQcAd/Ah:-230,230(-230.000000)
94:Player,BR:0cr300f:7h8s,2h7s|:100,-100(100.000000)
95:BR,Player:0r300c/cc/cr800c/cc:8dJs,4dKh|/8hJdQh/Jh/Qd:1200,-1200(1200.000000)
96:Player,BR:0cc/cc/cc/cc:9dQh,9hJc|/2c4hKs/8h/3d:100,-100(81.181488)
97:BR,Player:0r200c/cc/cr600c/cr1800f:4h6h,5sJc|/3d4d5c/3c/Js:-900,900(-900.000000)
98:Player,BR:0cr300c/cc/cc/r520c:7s9c,9sKd|/2sTdQc/3c/Qd:-920,920(183.995695)
99:BR,Player:0r130c/cc/cc/cc:3h9d,6sKs|/4sTdAh/3c/2h:230,-230(172.535793)
100:Player,BR:0cc/cc/r130c/r115f:5cTd,7sJs|/9dJhQs/Jd/8d:230,-230(230.000000)
101:BR,Player:0cc/cr130c/cc/cc:5hQd,TsQh|/6hKsAc/6d/3h:0,-0(115.030002)
102:Player,BR:0cc/cc/cc/cc:7sQc,8hKh|/4h4c9c/Ad/Ac:-100,100(-62.264053)
103:BR,Player:0f:KhAd,2s8c|:50,-50(50.000000)
104:Player,BR:0cr600c/cc/cc/r350c:QsQd,4hQh|/3h6h9d/7d/5d:-1050,1050(-568.226411)
105:BR,Player:0cc/cc/cc/cc:3sAc,2sQd|/6s7h7d/Tc/Jh:100,-100(63.359758)
106:Player,BR:0cc/cc/cc/cc:8dQs,2dTs|/3d4sJd/Th/8c:-100,100(-77.061846)
107:BR,Player:0r200c/cc/cr600c/cr2700c:JcKd,2dAc|/2cAsAh/4c/Ks:-3600,3600(3527.326491)
108:Player,BR:0cr200c/cc/cc/cc:8cAs,6s8d|/5s5dKd/7c/9d:-300,300(-252.003378)
109:BR,Player:0f:QcAd,3d8s|:50,-50(50.000000)
110:Player,BR:0cr300c/cc/cc/r200c:5dAc,8cAd|/7h8dJs/Jc/5h:-600,600(-516.199220)
111:BR,Player:0r130c/cr299c/cr687c/cr2432f:QdKd,3s9s|/3h4cKh/3c/8s:-1216,1216(-1216.000000)
112:Player,BR:0cc/cc/r200c/r390c:3dTs,6c8s|/5h8dJs/9d/2c:-690,690(86.939664)
113:BR,Player:0r130c/cr690c/cr1196f:2d6d,ThJh|/3d7d8h/8s:-920,920(-920.000000)
114:Player,BR:0cc/cc/cc/r130c:6hAc,3sKh|/5h6d8d/8h/Td:230,-230(-11.489133)
115:BR,Player:0r130c/cc/cr299c/cr1587f:7s7c,6sKc|/2s3cTs/6c/Kh:-529,529(-529.000000)
116:Player,BR:0cc/cc/cc/r130c:2d8h,ThJd|/3h3cTd/6d/Kh:-230,230(-168.440920)
117:BR,Player:0f:4dTc,3d6h|:50,-50(50.000000)
118:Player,BR:0cr300c/r520c/r460f:4cKc,9sAd|/5sQdKh/3c:920,-920(920.000000)
119:BR,Player:0f:8sTd,2c5d|:50,-50(50.000000)
120:Player,BR:0cr600f:TdQh,2dKs|:100,-100(100.000000)
121:BR,Player:0r200c/cr390c/cr897c/cr9522c:9sAd,JhAh|/4h5h6s/9c/3d:11109,-11109(11109.000000)
122:Player,BR:0cr300c/cc/r200c/r780f:9s9h,5dAc|/3dQsQd/3s/2s:600,-600(600.000000)
123:BR,Player:0r200c/cc/cr390c/cr1380f:7s7d,9cTc|/3s5dKd/6s/Jh:-690,690(-690.000000)
124:Player,BR:0cr130c/cc/cc/cc:JhKc,TdQs|/4c5s5d/8h/Qc:-230,230(-169.868741)
125:BR,Player:0cc/cc/cc/cc:8cJh,2dQs|/7c8d9c/Ah/As:100,-100(100.000000)
126:Player,BR:0cc/cc/cc/cc:7hQs,9sJc|/5c6sKc/6h/6d:100,-100(0.422624)
127:BR,Player:0f:5cAh,2s9h|:50,-50(50.000000)
128:Player,BR:0cr300c/r800c/r3600c/r960f:5c7c,2sJc|/2c4dAh/Ac/7d:4800,-4800(4800.000000)
129:BR,Player:0r130c/cr299c/cr1058c/cr4761c:QhQd,7c9c|/4h6dQs/8c/4c:6348,-6348(6142.026709)
130:Player,BR:0cr130c/cc/r115f:9dQd,3s6s|/2dTdTc/Qs:230,-230(230.000000)
131:BR,Player:0r130c/cc/cr299f:7c8s,8dJd|/5h6cAd/Js:-230,230(-230.000000)
132:Player,BR:0cc/cc/cc/r130c:2s9s,6d8h|/7s9dQh/4c/Td:-230,230(-210.144762)
133:BR,Player:0r200c/cr390f:3h4h,4c7h|/8dAsAc:-300,300(-300.000000)
134:Player,BR:0cc/cc/cc/cc:8dKc,QhAc|/5s8sTs/9d/5h:100,-100(-27.655839)
135:BR,Player:0cc/cc/cc/cr130f:4cQs,2dKs|/8d9cAs/2s/Ad:-100,100(-100.000000)
136:Player,BR:0cc/cc/r130c/cc:3s9d,QsAs|/5sJhJd/8h/2s:-230,230(-115.986245)
137:BR,Player:0f:6cTd,2s7d|:50,-50(50.000000)
138:Player,BR:0cc/cc/cc/r130c:4sTh,7h8h|/8cTsQs/Kc/2c:230,-230(78.496359)
139:BR,Player:0r130c/cc/cr115c/cc:9hTc,3d5d|/3cJhQh/Js/8s:345,-345(345.000000)
140:Player,BR:0cc/cc/r130c/r115f:5d7c,TdAs|/2h4h7s/Qd/Js:230,-230(230.000000)
141:BR,Player:0r200c/cc/cc/cc:4cTd,KcAc|/3c6sJh/9d/8s:-300,300(-300.000000)
142:Player,BR:0cc/cc/cc/cc:2h3c,3d8s|/9sQdKs/Jd/Jc:0,-0(58.495629)
143:BR,Player:0f:2hAd,2d3s|:50,-50(50.000000)
144:Player,BR:0cc/cc/cc/r300f:3dJs,2sTs|/6c8hAs/9h/5h:100,-100(100.000000)
145:BR,Player:0r200c/cr390c/cr897c/cc:3s3h,6hKd|/2s2dJc/9d/6s:-1587,1587(481.789450)
146:Player,BR:0cc/cc/cc/cc:3cJd,ThAd|/7sQdKh/2s/9s:-100,100(-5.195619)
147:BR,Player:0r130c/cc/cc/cr299f:7cTc,8h9h|/3d8sJd/As/Js:-230,230(-230.000000)
148:Player,BR:0cc/cc/cc/cc:7cQd,2s9s|/4h8h8d/5d/Kd:100,-100(95.769574)
149:BR,Player:0r130c/cc/cr299c/cr1587f:9cAd,2d8d|/3h8cQd/8s/9d:-529,529(-529.000000)
150:Player,BR:0cr600c/cc/cc/cc:9d9c,8hQc|/8dTcAh/4s/Jc:700,-700(-575.702312)
151:BR,Player:0cc/cc/cr130f:7sQh,5h7c|/5d5c9s/Td:-100,100(-100.000000)
152:Player,BR:0cc/cc/cc/cc:3c6h,2h4c|/3s7cQh/Jc/5s:100,-100(100.000000)
153:BR,Player:0f:6hAs,3s7c|:50,-50(50.000000)
154:Player,BR:0cc/cc/cc/cc:2h6c,9sAh|/4s9cAs/Kh/9h:-100,100(-99.996495)
155:BR,Player:0r200c/cr600f:3sTh,3h4h|/6d9dQc:-300,300(-300.000000)
156:Player,BR:0cc/cc/cc/cc:2cKc,6dJd|/6cJcAd/5d/Qh:-100,100(-93.036528)
157:BR,Player:0r130c/cc/cc/cr299f:4cJd,5d9c|/9dThQc/2d/3s:-230,230(-230.000000)
158:Player,BR:0cr200c/r600c/cc/r1170c:2s2h,9dQh|/4h7hJd/Td/Qd:-2070,2070(-1773.069019)
159:BR,Player:0r200c/cc/cr150c/cr1350f:7cKs,4s6d|/6hJhAh/Jd/As:-450,450(-450.000000)
160:Player,BR:0cr600c/r910f:KsKh,9hQd|/6c7cJs:700,-700(700.000000)
161:BR,Player:0r200c/cr390c/cr1380c/cr2691f:6h8s,7s8d|/2c7c8h/3h/4h:-2070,2070(-2070.000000)
162:Player,BR:0cr130c/r299c/r105c/r824c:7hAh,2dTh|/4c7cTs/5d/2c:-1458,1458(-1409.805205)
163:BR,Player:0r130c/cc/cc/cc:2c4s,4d6s|/5h6hAd/8d/9s:-230,230(-230.000000)
164:Player,BR:0cc/cc/cc/cc:2h8c,4cAd|/7sJcKh/9d/9h:-100,100(-4.648423)
165:BR,Player:0cc/cr130c/cr460f:4h6h,3hJc|/2h3d3c/8s:-230,230(-230.000000)
166:Player,BR:0cc/cc/r130c/cc:6cTh,5hKs|/4hAsAh/Kd/4s:-230,230(-169.540707)
167:BR,Player:0cc/cr130c/cr460c/cc:9sJd,6dTd|/2c4dTh/3s/Kc:-690,690(-111.351348)
168:Player,BR:0cc/cc/r130c/cc:2c6h,2sQs|/3cQhQc/2d/Th:-230,230(-227.994272)
169:BR,Player:0r130c/cr299c/cc/cc:9hTc,5c7s|/9cThKc/Ad/Qc:529,-529(529.000000)
170:Player,BR:0cr200c/r600f:TcKh,3d9s|/7cJsKs:300,-300(300.000000)
171:BR,Player:0cc/cc/cc/cc:4cQc,5sKs|/6c8h9d/Td/3s:-100,100(-100.000000)
172:Player,BR:0cr130c/cc/r690f:QhAh,3s6d|/4c8hAc/Th:230,-230(230.000000)
173:BR,Player:0r200c/cc/cc/cr390c:3cJd,JcKs|/4s5c8c/3d/6h:690,-690(208.267575)
174:Player,BR:0cc/cc/cc/cc:5hJc,2s4s|/5s7cTh/9h/Ks:100,-100(95.684986)
175:BR,Player:0r200c/cc/cc/cc:7sKs,9hAc|/4dTcQc/7d/2s:300,-300(300.000000)
176:Player,BR:0cr600c/cc/cc/r910c:8sJh,AhAd|/3d5dJc/6s/Qd:-1610,1610(-1534.197818)
177:BR,Player:0r130c/cc/cr299f:4cTc,6sKd|/5h7hKc/8s:-230,230(-230.000000)
178:Player,BR:0cc/cc/cc/cc:3d4h,QhKs|/2d4cKd/Ts/6c:-100,100(-88.328129)
179:BR,Player:0cc/cr200c/cc/cc:QhAs,4s8h|/2s5sKc/9c/8d:-300,300(-89.943025)
180:Player,BR:0cc/cc/cc/r130c:4h9s,5hAc|/2s6hKd/Kh/2d:-230,230(-48.525750)
181:BR,Player:0f:2c4d,3s7d|:50,-50(50.000000)
182:Player,BR:0cc/cc/cc/cc:2h5s,7sQs|/6dJhKs/Kc/8d:-100,100(14.385554)
183:BR,Player:0r200c/cc/cc/cc:TcQd,4c8c|/4d5hTh/6d/Ks:300,-300(300.000000)
184:Player,BR:0cc/cc/cc/r300f:9sJh,2c6d|/5s6s7c/5h/8c:100,-100(100.000000)
185:BR,Player:0r130c/cc/cc/cc:2hKc,7dAd|/TsThKs/3h/3c:230,-230(230.000000)
186:Player,BR:0cc/cc/r600c/cc:5dTs,ThJc|/6cJdAd/Qc/4d:-700,700(-700.000000)
187:BR,Player:0r130c/cc/cc/cc:8s9s,8cQd|/2dJhAs/7d/Jc:-230,230(-230.000000)
188:Player,BR:0cr300c/r520c/r2760f:2h2d,7c9d|/2cTsAd/5c:920,-920(920.000000)
189:BR,Player:0cc/cc/cc/cr130c:6c8c,3h6d|/3c8sQh/7h/2c:230,-230(160.064285)
190:Player,BR:0cc/cc/cc/cc:4d8h,3hTd|/KhAsAh/Ks/Qh:0,-0(4.603084)
191:BR,Player:0r200c/cr1800c/cr4200c/cc:6h8s,QdAd|/6sThAc/8h/Jc:6300,-6300(6084.234620)
192:Player,BR:0cc/cc/cc/cc:3sJc,8d9s|/6c9cQh/Qd/2h:-100,100(-85.848226)
193:BR,Player:0r200c/cr900c/cc/cc:5dQh,JdQc|/4s8d9c/Ah/As:-1200,1200(-108.011739)
194:Player,BR:0cc/cc/cc/r130c:TcAd,7hAc|/TsQhKd/3d/Jh:0,-0(-161.193118)
195:BR,Player:0f:7h9d,2s6h|:50,-50(50.000000)
196:Player,BR:0cr200f:4h6s,2d5c|:100,-100(100.000000)
197:BR,Player:0f:3c7c,2d5s|:50,-50(50.000000)
198:Player,BR:0cc/cc/r130c/cc:4hQc,6cJs|/2s7dJc/6s/8d:-230,230(-217.497928)
199:BR,Player:0cc/cr130f:4s7s,9sTc|/3sThAd:-100,100(-100.000000)
200:Player,BR:0cr300c/r520c/cc/cc:3d8d,5sQc|/4c7cKc/Ah/Js:-920,920(-654.432554)
201:BR,Player:0r130c/cc/cc/cr299c:AhAc,6d8d|/JhJcQc/Kc/4h:529,-529(522.020392)
202:Player,BR:0cc/cc/cc/cc:9dTc,5cJh|/4s4cAd/Qd/8c:-100,100(16.324672)
203:BR,Player:0r130c/cr299c/cc/cr687f:4h9c,6hQh|/6dTsTc/5h/6s:-529,529(-529.000000)
204:Player,BR:0cc/cc/cc/cc:6h8s,6dAs|/QsQcAc/3c/Kh:-100,100(-92.526864)
205:BR,Player:0cc/cr200c/cc/cc:2sKc,4dTc|/2h7d9c/Jc/6c:300,-300(132.813581)
206:Player,BR:0cc/cc/cc/r130c:4cKd,3dAc|/7h8dTc/3h/4d:230,-230(86.801410)
207:BR,Player:0r200c/cc/cr390f:4d9c,ThQc|/2cJcKs/5d:-300,300(-300.000000)
208:Player,BR:0cr130c/r299f:3c5c,6sQd|/4c7dJd:230,-230(230.000000)
209:BR,Player:0r130c/cr299c/cr264c/cr2379c:7cTh,3cTc|/5hJcQs/7s/2h:3172,-3172(3172.000000)
210:Player,BR:0cc/cc/cc/cc:6dJh,6hJd|/2d4h5c/7d/7c:0,-0(91.436754)
211:BR,Player:0r130c/cr299c/cr687c/cr3648f:6sAd,4s9s|/2h3h4c/9c/7s:-1216,1216(-1216.000000)
212:Player,BR:0cc/cc/cc/r200c:4sJs,2hAc|/3d5cKc/5h/4c:-300,300(-289.474195)
213:BR,Player:0r200c/cc/cr150f:JsQc,7d9s|/5s7cTs/8d:-300,300(-300.000000)
214:Player,BR:0cr300c/cc/cc/cc:4s4d,8c9s|/6hTcKs/7s/Ts:-400,400(-358.656764)
215:BR,Player:0r130c/cc/cc/cr299f:2h7h,7dJh|/ThJdKs/3d/4c:-230,230(-230.000000)
216:Player,BR:0cr200c/cc/cc/r390f:7hKd,3h5h|/7c8s8h/Qs/6s:300,-300(300.000000)
217:BR,Player:0f:5dTs,2h9d|:50,-50(50.000000)
218:Player,BR:0cr130c/cc/r115c/cc:QsAc,2s4c|/5c8dTc/3s/Jd:345,-345(345.000000)
219:BR,Player:0r130c/cc/cc/cc:KsKc,4c5s|/7dThAd/8c/4s:230,-230(230.000000)
220:Player,BR:0cc/cc/cc/cc:9hJd,7c8d|/5h6cQh/5s/8h:-100,100(-77.682583)
221:BR,Player:0r200c/cr390c/cr897c/cr3174c:AsAc,7cQs|/4s6hJc/3h/8h:4761,-4761(-421.792363)
222:Player,BR:0cc/cc/r130f:5dJh,2d5c|/ThQsKs/Ah:100,-100(100.000000)
223:BR,Player:0r130c/cc/cr299c/cc:8h9s,7h7c|/4s8dKh/Ks/2d:529,-529(529.000000)
224:Player,BR:0cc/cc/r130c/cc:3cJs,8sTh|/6s6d7h/7s/5d:230,-230(147.278584)
225:BR,Player:0r130c/cr299f:2s5c,7cQh|/6h8c9h:-230,230(-230.000000)
226:Player,BR:0cc/cc/cc/cc:5dTc,3c9s|/2c4hQc/Qh/Kc:100,-100(71.485351)
227:BR,Player:0cc/cr130c/cc/cr299c:4cQh,6h7s|/8dTsJd/9c/5c:529,-529(529.000000)
228:Player,BR:0cr300c/cc/r200c/cc:7sKc,ThQs|/5h5dTd/4c/2d:-600,600(-523.785349)
229:BR,Player:0f:5cJc,3h9d|:50,-50(50.000000)
230:Player,BR:0cc/cc/cc/cc:2c5c,4d9c|/JcKhKc/8c/7s:100,-100(67.397775)
231:BR,Player:0r130c/cr299c/cc/cc:6hTc,4h4c|/QhQcAd/Ks/8d:-529,529(-142.722474)
232:Player,BR:0cr300c/r520c/cc/cc:8hTd,7cJh|/4h6hAs/4d/Ac:-920,920(-152.556550)
233:BR,Player:0r130c/cc/cr460c/cc:4cAd,TcKc|/5h6dKh/Qc/6c:-690,690(-428.726620)
234:Player,BR:0cr300c/cc/r520c/r460c:8dAh,4hJh|/5c8sJs/3h/3s:-1380,1380(-1259.561516)
235:BR,Player:0r130c/cr299c/cc/cc:3s3d,5sJh|/8s9d9c/5h/Qc:-529,529(-219.848519)
236:Player,BR:0cr200c/r390c/cc/cc:4h6d,6c9s|/9hKhAs/Kc/3d:-690,690(-662.109854)
237:BR,Player:0r130c/cc/cc/cc:3sQc,8cAd|/5s7dQh/9s/Ks:230,-230(230.000000)
238:Player,BR:0cr300c/cc/cc/r200f:6s6d,4cTc|/JdQdAs/5d/6h:400,-400(400.000000)
239:BR,Player:0r200c/cr390c/cr2070f:6dKd,TcKh|/7h8hJd/7c:-690,690(-690.000000)
240:Player,BR:0cr300c/cc/cc/r520f:QdQc,9hTh|/2c3sKc/Js/5c:400,-400(400.000000)
241:BR,Player:0r300c/cr520c/cc/cc:QhQd,9hKs|/5sTdKc/Ah/Th:-920,920(-482.271386)
242:Player,BR:0cr300c/cc/r800f:JcQc,3dJh|/2h5s7s/Qh:400,-400(400.000000)
243:BR,Player:0r130c/cr299f:3h4h,3sKd|/2d7d8d:-230,230(-230.000000)
244:Player,BR:0cc/cc/cc/cc:2h5d,3sTh|/7h7cAs/9d/Kh:-100,100(39.909988)
245:BR,Player:0r130c/cr299c/cr687c/cr3648f:JdQh,5h7h|/4c6sAs/8d/3h:-1216,1216(-1216.000000)
246:Player,BR:0cr130c/cc/cc/cc:6h9h,7h9s|/3h3c4h/8h/6s:230,-230(230.000000)
247:BR,Player:0r200c/cc/cc/cc:5d7c,4c7h|/6h7sJs/Ks/2c:0,-0(195.052055)
248:Player,BR:0cr200c/cc/r150c/r585f:QhKc,7sKd|/6c9hJc/8d/4h:450,-450(450.000000)
249:BR,Player:0cc/cc/cr600f:4cQd,9dQs|/5c6cJd/8h:-100,100(-100.000000)
250:Player,BR:0cr600c/r910c/r322c/r386c:6c7c,QsQh|/4h5s6s/5d/Kc:-2318,2318(-2318.000000)
251:BR,Player:0cc/cr130c/cc/cr460f:6h7s,8sAc|/4d8cTh/7d/Td:-230,230(-230.000000)
252:Player,BR:0cr200c/cc/r150c/cc:QcAh,6cKs|/3d5dTs/2s/Js:450,-450(450.000000)
253:BR,Player:0r200c/cr390c/cc/cc:TdAh,8dQd|/6s9cTc/Kc/Ks:690,-690(689.992976)
254:Player,BR:0cr300c/cc/r200c/cc:8sAh,QdQc|/5d9dTh/9c/4s:-600,600(-443.882578)
255:BR,Player:0r130c/cr299f:2s3h,4d8d|/5s5dKs:-230,230(-230.000000)
256:Player,BR:0cr130c/r299f:9s9d,4d9c|/5h6sTs:230,-230(230.000000)
257:BR,Player:0r130c/cr299c/cr1058c/cr2063f:6dKc,AhAc|/4h5sAs/Jd/Kh:-1587,1587(-1587.000000)
258:Player,BR:0cc/cc/r130c/cc:4dJc,TcJs|/6c7cAh/8c/Ad:-230,230(-125.639741)
259:BR,Player:0r130c/cc/cr115c/cr1035c:6c7c,3h5h|/2d4s7d/8c/9d:1380,-1380(1380.000000)
260:Player,BR:0cc/cc/r200c/r600f:7cKd,3h6c|/6dTsQd/9d/7d:300,-300(300.000000)
261:BR,Player:0r130c/cc/cc/cr299f:8dJd,5s7h|/9sThJc/8s/3s:-230,230(-230.000000)
262:Player,BR:0cc/cc/cc/cc:3cQs,4hAc|/9cJsAh/2h/Kd:-100,100(-81.342977)
263:BR,Player:0cc/cc/cc/cc:TsKh,9dJh|/5d8sKs/2c/5h:100,-100(100.000000)
264:Player,BR:0cr300c/cc/cc/cc:JsJd,7sTd|/6hKdAc/9c/Ks:400,-400(399.484969)
265:BR,Player:0cc/cr200c/cc/cc:8dTh,4d8s|/2h5s9s/Jd/Js:300,-300(31.732893)
266:Player,BR:0cc/r130c/cc/cc:5s8h,6h7s|/2s2cQs/9h/9s:0,-0(57.293401)
267:BR,Player:0cc/cr130f:2h8h,3cTh|/3h4cTc:-100,100(-100.000000)
268:Player,BR:0cr200c/cc/cc/r900f:TsKd,3h9h|/5s6h6c/Jd/Kc:300,-300(300.000000)
269:BR,Player:0r200c/cr390c/cc/cc:7hKh,3d4h|/2d4cJs/Tc/7s:690,-690(576.375278)
270:Player,BR:0cc/cc/r130c/cc:7dJs,3c8s|/3d4c9h/Tc/2s:-230,230(-97.378178)
271:BR,Player:0cc/cr130c/cc/cr299f:2d9c,TdAs|/5hTcKs/Js/2c:-230,230(-230.000000)
272:Player,BR:0cr200c/cc/cc/r390c:ThJh,7cAd|/8h9sAs/2d/4d:-690,690(-580.695338)
273:BR,Player:0cc/cr130c/cr460c/cr1380c:3cJs,4d8d|/2d5hTh/As/Jh:2070,-2070(1478.800567)
274:Player,BR:0cr300f:3sAs,4c6s|:100,-100(100.000000)
275:BR,Player:0r130c/cc/cc/cc:7sTd,4dKc|/4c8sQd/5h/6s:230,-230(230.000000)
276:Player,BR:0cc/cc/cc/cc:6c7h,7c8c|/2s3sQc/Ac/Jh:-100,100(83.931305)
277:BR,Player:0r130c/cc/cc/cr460c:2d4d,8dKc|/2h7dKd/Td/8c:690,-690(690.000000)
278:Player,BR:0cr300c/r520c/r1840c/r3588f:ThAc,5cJh|/5s9cAh/7c/Qh:2760,-2760(2760.000000)
279:BR,Player:0r300c/cr520c/cr1196c/cc:2s2h,5dTs|/4s9dQs/As/4c:2116,-2116(2116.000000)
280:Player,BR:0cr200c/cc/r150c/r900f:JdKd,5hQh|/3h3dTs/Js/9c:450,-450(450.000000)
281:BR,Player:0cc/cc/cc/cr130f:4cTh,4h6d|/6cJhQd/8d/3h:-100,100(-100.000000)
282:Player,BR:0cr300f:JsKd,2d6h|:100,-100(100.000000)
283:BR,Player:0f:5c7h,2h9c|:50,-50(50.000000)
284:Player,BR:0cc/cc/r300c/r520f:3cJc,3dAs|/4cTcJs/7d/5d:400,-400(400.000000)
285:BR,Player:0r130c/cc/cc/cr460c:8s9h,7cTd|/6h9cKh/6c/Kd:690,-690(317.185685)
286:Player,BR:0cc/cc/cc/cc:2h2c,3c8d|/4h9dJd/6d/4d:-100,100(-81.090223)
287:BR,Player:0r130c/cc/cc/cc:3d8c,3sAs|/2c4c7c/Kc/9c:230,-230(230.000000)
288:Player,BR:0cr200c/cc/r390c/r138f:TsKs,4s4d|/8h9sKc/Jh/Ah:690,-690(690.000000)
289:BR,Player:0r130c/cc/cr299c/cc:ThJh,4s8h|/4c6sAs/Ad/9c:-529,529(-405.067193)
290:Player,BR:0cc/cc/r130c/r299c:7sJh,9sJd|/5c6sJs/Ad/4h:-529,529(206.032653)
291:BR,Player:0r200c/cr390c/cc/cr1380f:7c9c,TcJd|/7sQhQc/Qs/Jh:-690,690(-690.000000)
292:Player,BR:0cr200c/cc/cc/cc:7hAs,9sKs|/5h6c9c/4d/Jh:-300,300(-212.872316)
293:BR,Player:0r130c/cr299c/cc/cc:QdKs,5s8d|/3c7hAd/As/2h:529,-529(399.163974)
294:Player,BR:0cc/cc/cc/cc:2h9d,4h5h|/5sTcQs/4c/Th:-100,100(-80.350234)
295:BR,Player:0r130c/cc/cr460f:6d9s,6cQh|/3cTsKs/Js:-230,230(-230.000000)
296:Player,BR:0cc/cc/r200c/cc:2c6h,4hJc|/TdJsAh/Jd/Th:-300,300(-286.825530)
297:BR,Player:0r200c/cr390c/cr1380f:9hTs,4cKd|/2d5cQs/2c:-690,690(-690.000000)
298:Player,BR:0cc/cc/cc/r130c:8h9d,3s6h|/3h4hAs/8d/Qh:230,-230(73.365610)
299:BR,Player:0r200c/cc/cc/cr390c:5hQs,QcAc|/3h8sTc/Kd/Qh:-690,690(-128.739762)
300:Player,BR:0cc/cc/r130f:6cTh,3c9s|/2h4d7d/Kh:100,-100(100.000000)
301:BR,Player:0r130c/cc/cr690c/cc:3h9d,6s7h|/2c4s8h/9c/Ac:920,-920(101.912088)
302:Player,BR:0cc/cc/cc/cc:3d9h,7dJd|/TcQcKs/6h/8s:-100,100(26.218287)
303:BR,Player:0r130c/cr299c/cr687c/cr1580f:2hKc,4d6h|/2sTdJh/3d/Jd:-1216,1216(-1216.000000)
304:Player,BR:0cr600f:QhQd,3d8c|:100,-100(100.000000)
305:BR,Player:0r200c/cr390c/cr897c/cc:QcKd,2d6d|/2c3dTh/Ks/Js:1587,-1587(1398.926248)
306:Player,BR:0cr600c/r1400c/cc/cc:4cQc,QhKs|/6d7sJc/8d/Qd:-2100,2100(-2051.368557)
307:BR,Player:0r130c/cc/cr115f:5dQh,TcKh|/7c8dTs/As:-230,230(-230.000000)
308:Player,BR:0cr200c/cc/r390c/cc:7s8s,3h5d|/2s5cQs/4c/Jc:-690,690(121.196383)
309:BR,Player:0cc/cc/cr130c/cr460c:7sKc,3c4s|/5d8sKd/Jd/Qs:690,-690(64.885011)
310:Player,BR:0cr600f:8d9s,6h7d|:100,-100(100.000000)
311:BR,Player:0r130c/cc/cr460c/cc:QhAh,ThJc|/7hJdQc/4d/4s:690,-690(690.000000)
312:Player,BR:0cc/cc/cc/r300c:4c5s,2s4s|/8c9cJs/6d/6s:0,-0(8.099570)
313:BR,Player:0f:7hAh,2hTc|:50,-50(50.000000)
314:Player,BR:0cr200c/cc/cc/cc:JhAd,8d9d|/4c7hKc/8s/3h:-300,300(-252.872218)
315:BR,Player:0r130c/cr299c/cc/cc:4sQh,6cJs|/8d9d9c/6h/Th:-529,529(-308.389527)
316:Player,BR:0cc/cc/r130c/cc:ThJd,2hAd|/6h8cTs/Ks/Qd:230,-230(146.986156)
317:BR,Player:0r130c/cc/cr115c/cc:3d4d,4s4c|/3c9dTh/Qc/7h:-345,345(74.119583)
318:Player,BR:0cc/cc/cc/cc:2d7s,2c5h|/QhAsAh/8c/6c:100,-100(92.880938)
319:BR,Player:0r130c/cr299c/cc/cc:3hJc,4d6h|/4sTsTd/7c/5s:-529,529(-477.155813)
320:Player,BR:0cr200c/cc/r150c/r585c:5d7d,8cJd|/JcKcAh/6d/As:-1035,1035(198.391002)
321:BR,Player:0r130c/cc/cc/cr299f:8dJc,5hAc|/4s9dAd/2s/Qs:-230,230(-230.000000)
322:Player,BR:0cr300f:8cAd,3c8h|:100,-100(100.000000)
323:BR,Player:0r200c/cc/cr900c/cc:4c6c,JhKs|/2d4s7c/6h/7s:1200,-1200(1200.000000)
324:Player,BR:0cc/cc/cc/cc:2c8s,7s9s|/2h9hTh/Qd/5h:-100,100(-6.290157)
325:BR,Player:0r200c/cc/cc/cc:4hTh,TcKs|/8h8cQs/3c/Js:-300,300(-300.000000)
326:Player,BR:0cr600c/cc/r140c/r1092c:JdJc,KsAh|/4s7cAd/8h/7d:-1932,1932(-1932.000000)
327:BR,Player:0r130c/cr460c/cc/cc:TcQc,6d6c|/3h5cKc/Qh/8h:690,-690(690.000000)
328:Player,BR:0cc/cc/cc/cc:9hKc,7s9d|/8cJdKd/3h/2s:100,-100(77.632013)
329:BR,Player:0r130c/cc/cc/cc:QhAd,5hTh|/4dJdQs/9h/5c:230,-230(230.000000)
330:Player,BR:0cc/cc/cc/r130c:3c8d,4s6s|/3h5d6c/6h/6d:-230,230(-230.000000)
331:BR,Player:0r130c/cr299c/cc/cc:6hKc,7d9s|/4c8dTh/4d/2c:529,-529(2.453075)
332:Player,BR:0cr300c/cc/r520c/r460c:6s6c,2cJc|/2s4h9h/4d/9d:1380,-1380(-51.223886)
333:BR,Player:0r200c/cc/cr900c/cc:2dJd,TsQs|/6s7hJc/5s/Qc:-1200,1200(750.510905)
334:Player,BR:0cc/cc/cc/r200f:5sTh,JhKh|/4d8h8d/Tc/6s:100,-100(100.000000)
335:BR,Player:0cc/cc/cc/cr130c:3cAh,4d4c|/8hThTd/9s/9h:230,-230(196.834191)
336:Player,BR:0cc/cc/cc/r130c:4c6s,JsAh|/6d9dTs/Tc/Ad:-230,230(-174.628760)
337:BR,Player:0r130c/cc/cc/cr299c:QdQc,8hTh|/5c8cAd/5d/6s:529,-529(203.440205)
338:Player,BR:0cc/cc/r200f:8hAs,5c7h|/3s9cAh/Kh:100,-100(100.000000)
339:BR,Player:0r200c/cc/cr390c/cr1380c:2d8h,QhKh|/2h5d6s/4h/3c:0,-0(-489.206202)
340:Player,BR:0cc/cc/cc/cc:6s8h,6d9c|/3c4cQc/3d/5h:-100,100(82.002521)
341:BR,Player:0cc/cr130c/cc/cr299f:3h6s,4h8d|/4s5h8c/5c/Kc:-230,230(-230.000000)
342:Player,BR:0cr200c/cc/cc/cc:8h8d,6h7h|/7d9dQd/6c/Qh:300,-300(-136.751753)
343:BR,Player:0r200c/cc/cc/cc:3s5h,9sAh|/2h6h8c/5d/Tc:300,-300(285.789171)
344:Player,BR:0cr200c/cc/r600c/cc:8d9h,5c6h|/2d5h7s/5s/9s:-900,900(-860.659915)
345:BR,Player:0cc/cc/cc/cr200c:4d9h,6hQc|/4s5sAh/9s/Js:300,-300(141.400356)
346:Player,BR:0cr600c/cc/r910c/r805f:7c8c,4hKh|/2c6h7h/2s/6s:1610,-1610(1610.000000)
347:BR,Player:0r130c/cc/cr690f:9cKd,8dTs|/6s7cTh/2c:-230,230(-230.000000)
348:Player,BR:0cc/cc/cc/cc:4sQd,9dKd|/2c5dAc/4d/7s:100,-100(74.949866)
349:BR,Player:0r130c/cc/cc/cc:4sJc,4h4c|/7sJsKh/Ts/5s:230,-230(230.000000)
350:Player,BR:0cr300c/cc/r200c/cc:QcAd,6d8h|/9dKsKd/5h/2h:600,-600(593.824413)
351:BR,Player:0r130c/cc/cr115c/cc:2h6h,9dAh|/5c7hTh/9c/Kh:345,-345(345.000000)
352:Player,BR:0cc/cc/cc/r130c:2s6d,2h5c|/4s5d6s/Ks/7s:230,-230(54.182398)
353:BR,Player:0r200c/cr600c/cc/cc:9hKd,4dJh|/3h7s8h/4h/5c:-900,900(-666.408113)
354:Player,BR:0cc/cc/cc/cc:3c9h,4c7s|/3dJsKs/Jc/6h:100,-100(89.170950)
355:BR,Player:0r130c/cc/cr299c/cr1587f:6d9s,KcAh|/2h9dQd/Ac/3s:-529,529(-529.000000)
356:Player,BR:0cr300c/r1200c/cc/r3200f:4s4c,5hKs|/4h5d9d/Jc/8c:1600,-1600(1600.000000)
357:BR,Player:0r130c/cc/cc/cr690c:5d6s,3h9h|/2d6hKh/Qs/Kd:920,-920(-229.776616)
358:Player,BR:0cr300c/cc/cc/r520c:8cTd,6dAs|/3dKhAc/4d/5s:-920,920(-549.645880)
359:BR,Player:0r130c/cc/cc/cr299f:3h7h,9h9d|/2h3cJd/4s/Qh:-230,230(-230.000000)
360:Player,BR:0cr600f:5s7c,3c6c|:100,-100(100.000000)
361:BR,Player:0cc/cc/cr200c/cc:3h7h,4s8h|/3s3cAd/Ac/9s:300,-300(300.000000)
362:Player,BR:0cc/cc/r130c/cc:6d8c,4h9c|/3h9sAs/Td/6c:-230,230(-229.659089)
363:BR,Player:0r130c/cr460c/cr1380c/cr4140c:3d8c,6h7s|/5d8dJs/4c/4s:-6210,6210(3227.661439)
364:Player,BR:0cc/cc/cc/cc:6cKh,KsAs|/7h7dJc/5d/Jd:-100,100(-78.085512)
365:BR,Player:0r130c/cc/cr299f:5cTs,3sJs|/QdKhKc/7s:-230,230(-230.000000)
366:Player,BR:0cr130c/r299c/cc/cc:5c7c,2dQc|/8dTdKh/8c/Tc:0,-0(29.183518)
367:BR,Player:0r130c/cc/cc/cc:3s7c,7h8d|/8h9dTc/Ks/9c:-230,230(-230.000000)
368:Player,BR:0cc/cc/cc/cc:5dAh,8hTs|/8dJhKh/Qd/Qs:-100,100(-33.071376)
369:BR,Player:0r130c/cr299c/cr687f:7dJh,2h2c|/2d5cTs/4s:-529,529(-529.000000)
370:Player,BR:0cc/cc/r130c/cc:4dQc,5cKs|/2h5sJc/8h/5h:-230,230(-226.896746)
371:BR,Player:0r200c/cr600c/cr1170c/cc:3c4d,6sTs|/2c5c6c/7s/4h:2070,-2070(2070.000000)
372:Player,BR:0cr300c/cc/r200c/r300f:TdQc,KcAd|/2h6s7h/9c/Th:600,-600(600.000000)
373:BR,Player:0r130c/cc/cc/cr460f:2c7s,5s6c|/8dJhJd/Kd/3d:-230,230(-230.000000)
374:Player,BR:0cr600c/cc/cc/r910f:5hAc,3sQs|/3h7h8h/4h/6c:700,-700(700.000000)
375:BR,Player:0f:5s9d,2s8h|:50,-50(50.000000)
376:Player,BR:0cr600c/cc/r910c/cc:9cJc,TsQs|/2d8dTd/5d/7d:0,-0(110.378132)
377:BR,Player:0r200c/cr390c/cr2070c/cr5520c:4cTh,6s8d|/3c4h5d/Ks/Kh:8280,-8280(8280.000000)
378:Player,BR:0cr300c/r520c/r1196c/cc:9dTs,TdAs|/2s7sJd/Kh/3d:-2116,2116(-77.883197)
379:BR,Player:0cc/cc/cc/cc:2cJs,7sQs|/7h8cKc/4d/Jc:100,-100(100.000000)
380:Player,BR:0cr1200c/cc/cc/cc:8cTc,3sAs|/7s9hJc/3h/Qs:1300,-1300(898.983704)
381:BR,Player:0r130c/cr299c/cc/cc:JcQc,2hKh|/3cTsTd/9s/9c:-529,529(113.013056)
382:Player,BR:0cc/cc/cc/cc:5h8c,4hQc|/6h6cJh/6d/Ts:-100,100(15.847081)
383:BR,Player:0r200c/cr390c/cc/cc:3cKd,7cAc|/3h7sTh/6h/2h:-690,690(-540.899754)
384:Player,BR:0cc/cc/r130f:4c5d,9dJc|/3d5sTh/2h:100,-100(100.000000)
385:BR,Player:0f:7dQd,3cTs|:50,-50(50.000000)
386:Player,BR:0cc/cc/r200c/r600c:5s7c,9sQh|/2d9dAc/6s/2h:-900,900(-590.382352)
387:BR,Player:0r130c/cc/cc/cr299c:7hAc,5sJh|/3h4cAd/Ks/9s:529,-529(440.147953)
388:Player,BR:0cc/cc/cc/cc:3s7h,QdKd|/4d7dJh/Tc/8c:100,-100(64.886926)
389:BR,Player:0f:5d5c,2d7h|:50,-50(50.000000)
390:Player,BR:0cr600f:QdAs,6d9s|:100,-100(100.000000)
391:BR,Player:0r130c/cc/cr299c/cc:9hAc,4dQs|/8dTsKh/7c/As:529,-529(529.000000)
392:Player,BR:0cc/cc/r130c/cc:5sTh,7sJc|/2d2c5c/3d/4c:230,-230(230.000000)
393:BR,Player:0cc/cc/cc/cc:5s7h,3c5d|/8s9sTh/Tc/3d:-100,100(-100.000000)
394:Player,BR:0cc/cc/cc/r130f:7s9h,3cAd|/9sJdKh/6c/6s:100,-100(100.000000)
395:BR,Player:0f:6h9s,2s9h|:50,-50(50.000000)
396:Player,BR:0cr300c/r520c/cc/cc:5sQc,3cAd|/5dAsAc/Kd/Jc:-920,920(-910.210983)
397:BR,Player:0r130c/cc/cr299c/cr1058c:TdAs,6c8c|/2sThAd/4s/5s:1587,-1587(226.023275)
398:Player,BR:0cc/cc/r300c/r520f:6hTd,4h7c|/7d8dQd/Ac/2d:400,-400(400.000000)
399:BR,Player:0r200c/cc/cc/cc:2c8h,JcAs|/3h5cKh/8d/5d:300,-300(300.000000)
400:Player,BR:0cc/cc/r130c/r115f:4dQh,5cJh|/2h8s8h/4h/7d:230,-230(230.000000)
401:BR,Player:0r130c/cr299f:2c9h,8c9d|/4c7cKd:-230,230(-230.000000)
402:Player,BR:0cr600f:9cJs,3s9s|:100,-100(100.000000)
403:BR,Player:0cc/cc/cc/cr130c:8dKh,3sTh|/7h7dQs/Ad/3c:-230,230(-92.057370)
404:Player,BR:0cr600f:QsKs,4c8s|:100,-100(100.000000)
405:BR,Player:0r200c/cc/cr390c/cc:6c7s,7hTd|/3sJcAh/6h/5d:690,-690(83.791883)
406:Player,BR:0cr300f:4hAh,3c5c|:100,-100(100.000000)
407:BR,Player:0r130c/cr299c/cc/cc:2c5h,7h8c|/2s4s8d/Kd/Js:-529,529(-81.381254)
408:Player,BR:0cc/cc/cc/cc:7cJc,8sKh|/7h8hJh/2d/Ts:100,-100(-59.811937)
409:BR,Player:0r200c/cr390f:5s9c,5cAc|/3h4sQd:-300,300(-300.000000)
410:Player,BR:0cc/cc/cc/cc:8dQs,2s7s|/5hTsAd/3c/3s:100,-100(100.000000)
411:BR,Player:0cc/cr200c/cr390c/cc:7cAs,6h9d|/4h5cTh/3d/5s:690,-690(-368.769436)
412:Player,BR:0cc/cc/cc/cc:6dJh,2d5h|/2cQhQd/3h/3s:100,-100(95.135791)
413:BR,Player:0r130c/cr299f:2c7d,5s6d|/3s9dJc:-230,230(-230.000000)
414:Player,BR:0cr600f:5dAc,4s8c|:100,-100(100.000000)
415:BR,Player:0r200c/cc/cr390f:3hTc,6hTs|/4s5cKc/Jc:-300,300(-300.000000)
416:Player,BR:0cc/cc/cc/cc:3cQc,5s8h|/2s4sQd/Ad/9h:100,-100(82.371222)
417:BR,Player:0cc/cc/cc/cr130c:TsJc,8h9c|/7s7dQh/As/5d:230,-230(-24.050151)
418:Player,BR:0cc/cc/cc/cc:2d7h,3d3c|/2c8cAs/Js/9c:-100,100(-40.035053)
419:BR,Player:0r200c/cc/cr390f:6dAs,4cQc|/8hKsKc/4h:-300,300(-300.000000)
420:Player,BR:0cr300c/r520c/cc/cc:8cTc,4h4d|/3hJdAc/7h/Qh:-920,920(-11.469156)
421:BR,Player:0f:3s6c,3c6d|:50,-50(50.000000)
422:Player,BR:0cc/cc/cc/cc:JcQd,9dQc|/3d8hKd/9c/Ad:-100,100(-75.908054)
423:BR,Player:0r130c/cr299c/cc/cr1058f:2sQh,7c9h|/3d4dJs/5h/6d:-529,529(-529.000000)
424:Player,BR:0cc/cc/cc/cc:3h4c,JhAc|/6c7hJd/8c/Qs:-100,100(-69.842941)
425:BR,Player:0r130c/cr460c/cc/cc:6sAc,3hQh|/4d5d5c/Th/3c:-690,690(-36.956438)
426:Player,BR:0cr300f:JhQd,2d4s|:100,-100(100.000000)
427:BR,Player:0f:4cAd,2d9h|:50,-50(50.000000)
428:Player,BR:0cc/cc/cc/cc:3h5d,6cQc|/8cTcKc/6d/8s:-100,100(-97.618973)
429:BR,Player:0cc/cr130c/cr460f:ThAc,8hJd|/5d7sJs/6s:-230,230(-230.000000)
430:Player,BR:0cc/cc/cc/r130c:5sTh,8d9h|/3d5h8s/9s/Jh:-230,230(-211.098212)
431:BR,Player:0cc/cr130c/cr460c/cr4140f:6hJc,5dAh|/2cJdAc/Ts/5s:-690,690(-690.000000)
432:Player,BR:0cr200c/cc/r600c/r1170f:7sAs,9hJd|/5sJhAh/6d/8s:900,-900(900.000000)
433:BR,Player:0f:5hJh,2h6c|:50,-50(50.000000)
434:Player,BR:0cc/cc/r130f:6d7h,2sTh|/5d8dQc/9d:100,-100(100.000000)
435:BR,Player:0f:5dQd,3s6h|:50,-50(50.000000)
436:Player,BR:0cc/cc/cc/cc:3s9d,QdKh|/5c7cAh/Qs/7h:-100,100(-73.088545)
437:BR,Player:0r130c/cr299c/cc/cr687c:JdKh,7hJs|/2c5c8s/3h/2h:1216,-1216(-344.177388)
438:Player,BR:0cr300c/cc/r1200c/r4800c:6h7s,JsQc|/2sJcKd/Qd/Kc:-6400,6400(-4207.245338)
439:BR,Player:0r200c/cr390c/cc/cc:5sAs,3c9c|/4s6c8d/9s/Qd:-690,690(-647.581351)
440:Player,BR:0cc/cc/r130f:2cJd,5hTd|/4c8cJc/4d:100,-100(100.000000)
441:BR,Player:0r130c/cc/cr115c/cc:6d8c,4d4c|/2d7sTd/5s/9s:345,-345(345.000000)
442:Player,BR:0cc/cc/cc/cc:7cQs,8sAc|/TdTcAd/6h/Qd:-100,100(-89.277042)
443:BR,Player:0r200c/cc/cc/cr390c:2h4h,8s8c|/JsJdAh/5c/2d:-690,690(-197.082418)
444:Player,BR:0cr130c/r299c/r264c/r1030c:5c7c,3h9h|/8s9cAs/Ad/Js:-1823,1823(-897.236545)
445:BR,Player:0r130c/cc/cc/cc:6cAc,5sJd|/4hJhAh/3s/5h:-230,230(183.304176)
446:Player,BR:0cr300c/cc/cc/r200f:JsAh,8sTs|/2d4s5c/Kc/5h:400,-400(400.000000)
447:BR,Player:0r130c/cc/cr115c/cr690c:5cJc,6dAc|/8cTsAd/9h/7s:1035,-1035(1035.000000)
448:Player,BR:0cc/cc/cc/cc:3hQd,5d7s|/2s6sTs/As/6h:-100,100(-63.473307)
449:BR,Player:0r130c/cc/cc/cc:5s7c,7dAs|/3dJhKh/5d/3c:230,-230(203.566528)
450:Player,BR:0cr300c/cc/r200c/cc:5h5c,9h9d|/4d8sAd/3h/Qc:-600,600(-467.610708)
451:BR,Player:0r130c/cc/cr460c/cr1380f:5hAc,4sKd|/9dQsQd/Kc/Qh:-690,690(-690.000000)
452:Player,BR:0cr300f:9sAc,2dTs|:100,-100(100.000000)
453:BR,Player:0f:4sTs,2sJd|:50,-50(50.000000)
454:Player,BR:0cc/cc/cc/cc:2dAh,7cAs|/2c4hKc/8h/7s:-100,100(-67.541514)
455:BR,Player:0r200c/cc/cr900c/cr2400c:3cJd,6c7d|/4sQcAh/Jc/3s:3600,-3600(3600.000000)
456:Player,BR:0cr200c/cc/r150c/r585c:5h8h,3s9d|/3c4sAh/9h/2c:1035,-1035(2.583753)
457:BR,Player:0r130c/cr299c/cc/cc:2hQc,5dAh|/5sKdKc/7d/Qs:529,-529(529.000000)
458:Player,BR:0cr300c/cc/r520c/cc:8s8c,4cTh|/2s4h7h/Td/Jc:-920,920(-892.347474)
459:BR,Player:0r130c/cc/cc/cr299f:4d5h,6d8c|/7hJdAd/9c/Js:-230,230(-230.000000)
460:Player,BR:0cr600c/r910c/r322c/r5796f:ThAh,6hKs|/JhQhKd/2d/5d:1932,-1932(1932.000000)
461:BR,Player:0f:6dKd,2c9h|:50,-50(50.000000)
462:Player,BR:0cc/cc/cc/cc:2d5s,6h7d|/8cJhAc/6c/Ks:-100,100(-16.946541)
463:BR,Player:0r130c/cc/cc/cr299c:KdKc,6d7c|/2h2dKs/8d/4h:529,-529(528.985990)
464:Player,BR:0cc/cc/cc/r130f:4c9h,3sJd|/2c6sKc/8c/8h:100,-100(100.000000)
465:BR,Player:0r130c/cr299c/cc/cc:2cAc,3dKh|/2h8h9h/Td/9s:529,-529(508.669449)
466:Player,BR:0cr600c/cc/cc/r910f:AsAh,6dAc|/4c6cTc/4h/Qs:700,-700(700.000000)
467:BR,Player:0r130c/cc/cr115f:3s8h,9sTh|/2d7dAd/5d:-230,230(-230.000000)
468:Player,BR:0cr300f:6sKs,2d3h|:100,-100(100.000000)
469:BR,Player:0r130c/cc/cr460c/cc:7hQh,7sKc|/8h8c9d/5d/2d:-690,690(-208.912826)
470:Player,BR:0cc/cc/cc/r300c:4dTc,4h4c|/2c8sJd/3d/6h:-400,400(92.380681)
471:BR,Player:0f:TsTd,2c5s|:50,-50(50.000000)
472:Player,BR:0cr600f:KhKd,7sTh|:100,-100(100.000000)
473:BR,Player:0r200c/cc/cc/cc:8sAd,5hJs|/3d3cQh/9h/Kh:300,-300(5.870670)
474:Player,BR:0cr600c/r1400c/r4200c/r13700c:3s3h,8dTd|/3c4cTh/4d/Qd:20000,-20000(4792.560257)
475:BR,Player:0cc/cc/cc/cc:4s9h,3dKd|/5cJcQd/Qh/7d:-100,100(-100.000000)
476:Player,BR:0cc/cc/cc/r130f:3sAc,9sJc|/3c5d8s/Kd/Ad:100,-100(100.000000)
477:BR,Player:0r130c/cr299c/cr1058f:5dQc,3h4c|/3d4hJs/9h:-529,529(-529.000000)
478:Player,BR:0cc/r600c/r350f:3d7d,7sAc|/5h6hKh/3c:700,-700(700.000000)
479:BR,Player:0r130c/cc/cc/cc:6cJs,5cAc|/4hQsKs/2c/4d:-230,230(-134.381133)
480:Player,BR:0cc/cc/r200c/r600f:9dKh,2hTd|/6cQhKc/4h/Qs:300,-300(300.000000)
481:BR,Player:0cc/cc/cc/cc:2sTc,5sAc|/2d6cQs/6d/Kd:100,-100(100.000000)
482:Player,BR:0cc/r200f:8sJh,TcKs|/7s8hJc:100,-100(100.000000)
483:BR,Player:0r200c/cc/cr390c/cr897f:5dKc,6cQc|/2c4s5h/Jc/4h:-690,690(-690.000000)
484:Player,BR:0cr200c/cc/r600f:JsAd,ThQd|/5cQcAc/Ah:300,-300(300.000000)
485:BR,Player:0cc/cr130c/cr690c/cc:QcAs,4s8h|/6sJcAh/7d/Kh:920,-920(920.000000)
486:Player,BR:0cr600c/r1400c/r4200c/cc:2cTc,7dQd|/9sQsKd/Ac/8s:-6300,6300(-6300.000000)
487:BR,Player:0cc/cc/cc/cc:9sKc,6c8h|/3c9hJc/Kh/8s:100,-100(100.000000)
488:Player,BR:0cr300c/cc/r520c/cc:9d9c,TcKd|/3s8sAh/6d/7s:920,-920(720.290009)
489:BR,Player:0r130c/cr299c/cr1058c/cc:ThKc,5h9c|/4d5dKs/9h/Td:1587,-1587(1587.000000)
490:Player,BR:0cr300c/cc/cc/cc:7h8d,6s7s|/5d8cTs/5s/7c:400,-400(-61.644072)
491:BR,Player:0r300c/cr520c/cr1840c/cr3588c:8s8c,5dJh|/3s7hAd/4d/4c:6348,-6348(6348.000000)
492:Player,BR:0cr300c/cc/r800f:JsQc,6d8c|/2h3s7c/5c:400,-400(400.000000)
493:BR,Player:0r130c/cr299c/cc/cc:3h4c,2s6s|/2h4s7c/Td/3s:529,-529(529.000000)
494:Player,BR:0cr300c/cc/cc/cc:KsAc,2hKc|/5h7hKd/2c/Jd:-400,400(-391.753149)
495:BR,Player:0r130c/cc/cc/cc:5cKd,KsAh|/3d5s8h/Qh/Qc:230,-230(230.000000)
496:Player,BR:0cc/cc/r130c/cc:3d8c,3s9s|/3c5cAc/Qc/2s:230,-230(148.371308)
497:BR,Player:0r130c/cr299c/cr687c/cc:5hQc,7s8d|/2h3c4c/9s/5c:1216,-1216(-287.085690)
498:Player,BR:0cr300c/cc/r520c/cc:8s8c,7cTs|/2c5cAd/7h/Ks:920,-920(-421.053286)
499:BR,Player:0cc/cc/cr130c/cc:9sKd,6h7s|/3h8h8d/Ad/As:230,-230(174.797425)
500:Player,BR:0cc/cc/r130c/r460f:8cQh,5cKs|/2c9sQc/6c/Jh:230,-230(230.000000)
501:BR,Player:0f:2dTc,2sTh|:50,-50(50.000000)
502:Player,BR:0cr300c/r520c/cc/cc:7hQh,8cQc|/7sTsQs/Tc/5s:-920,920(-593.330054)
503:BR,Player:0f:4hQc,3d6s|:50,-50(50.000000)
504:Player,BR:0cc/cc/cc/r130f:7dAc,2dTs|/3d7hQc/5h/5c:100,-100(100.000000)
505:BR,Player:0r130c/cc/cr299c/cr1587f:6hTd,5h7s|/2d6c9h/8c/Ts:-529,529(-529.000000)
506:Player,BR:0cr300c/cc/r200c/r1200f:QhAh,3sJc|/2dQsQc/3h/2c:600,-600(600.000000)
507:BR,Player:0r130c/cc/cr299c/cr1058f:7cQc,ThQd|/3hTsTc/Js/4d:-529,529(-529.000000)
508:Player,BR:0cc/cc/cc/r130c:6d7c,4d8h|/4s4c7h/9h/Qs:-230,230(-219.931378)
509:BR,Player:0r130c/cc/cc/cr299c:2s4d,3c5c|/8h9cKs/Js/2d:529,-529(-4.035833)
510:Player,BR:0cc/cc/cc/r130f:3hTc,5sTd|/6d7c8s/Ks/Jh:100,-100(100.000000)
511:BR,Player:0r200c/cc/cc/cc:3d5h,2c6c|/5s6h8h/7h/7s:-300,300(-128.455438)
512:Player,BR:0cr300c/cc/r200c/cc:9hKs,7dTh|/TdJsAh/6c/9s:-600,600(-450.001233)
513:BR,Player:0r130c/cc/cr115c/cr2070f:ThJd,8cKd|/9sKsKh/9c/Ad:-345,345(-345.000000)
514:Player,BR:0cc/cc/cc/cc:2c5h,9cJs|/5c9hQs/4s/Ks:-100,100(-67.005493)
515:BR,Player:0r130c/cr299c/cr687c/cr1580c:4s7s,TcKd|/4c7hKc/8s/Qs:2796,-2796(1959.736347)
516:Player,BR:0cc/cc/cc/cc:4hTh,4dTs|/3cTcQh/7c/7s:0,-0(-61.073285)
517:BR,Player:0r130c/cc/cr115c/cc:7sQd,5d7h|/JcKcAh/Kd/5h:-345,345(-345.000000)
518:Player,BR:0cr600f:4c5h,3hJc|:100,-100(100.000000)
519:BR,Player:0r130c/cc/cr115c/cr690c:9cTs,9dQs|/2d4c8h/9s/2s:-1035,1035(-273.320897)
520:Player,BR:0cr200c/r390c/cc/cc:5hAh,4s7h|/4d5dJs/7d/Kh:-690,690(-626.295363)
521:BR,Player:0cc/cr130c/cc/cc:5cAc,3d4c|/3s6s6h/Tc/4d:-230,230(-102.601361)
522:Player,BR:0cc/cc/r130c/r460c:4d7s,9sQh|/2c4hQs/3s/7c:690,-690(67.048839)
523:BR,Player:0r130c/cc/cc/cr299f:8hAd,7h7c|/4cJhQh/6c/Jc:-230,230(-230.000000)
524:Player,BR:0cc/cc/cc/cc:8hKs,4hTd|/4d9sQs/2s/Kh:100,-100(-43.357019)
525:BR,Player:0r200c/cc/cr600c/cc:7h9s,TsJh|/2d4dKc/7s/Qh:900,-900(-50.767613)
526:Player,BR:0cr300c/r1200c/r2080c/cc:6c8c,8dTd|/7c9dAd/8h/6d:-3680,3680(-3680.000000)
527:BR,Player:0r130c/cc/cc/cc:2c3d,QdAd|/6s8d9c/7h/5c:0,-0(-0.000000)
528:Player,BR:0cc/cc/cc/cc:2hQs,9sTh|/4c5dAs/4s/5s:0,-0(17.506792)
529:BR,Player:0r130c/cc/cr460c/cc:3s3d,9dKd|/4h8cAs/9h/Qd:-690,690(-340.359285)
530:Player,BR:0cc/cc/cc/cc:3cQh,7cAs|/8dJcAh/6s/8h:-100,100(-76.362013)
531:BR,Player:0r200c/cc/cr150c/cr585f:4sKc,5c8h|/2c8s8c/8d/7c:-450,450(-450.000000)
532:Player,BR:0cc/cc/cc/cc:3dJd,5hQs|/ThKhAd/Ts/9s:-100,100(-44.297251)
533:BR,Player:0r130c/cr299f:2c7s,6hJd|/3c4h9c:-230,230(-230.000000)
534:Player,BR:0cc/cc/cc/cc:3c4s,7dAh|/8dJsKh/Th/7s:-100,100(20.421121)
535:BR,Player:0r130c/cr299c/cc/cc:9hJs,7hKs|/3sQcKc/Ac/9c:-529,529(22.006648)
536:Player,BR:0cc/cc/cc/cc:3c8s,TsKc|/2d9hAh/Jc/4h:-100,100(-5.301957)
537:BR,Player:0r130c/cc/cc/cc:2hQd,5d8s|/JsQhAc/8c/Td:230,-230(161.001986)
538:Player,BR:0cr300f:3s4s,5d7c|:100,-100(100.000000)
539:BR,Player:0r200c/cr390f:6h7c,8hKd|/4hJcKs:-300,300(-300.000000)
540:Player,BR:0cr130c/cc/cc/cc:2d5d,4s4h|/2c3c6h/Qs/Jd:-230,230(-97.888766)
541:BR,Player:0f:7hKc,2d6h|:50,-50(50.000000)
542:Player,BR:0cc/cc/cc/r200f:3dKc,4hTs|/7s7hAc/2s/Ks:100,-100(100.000000)
543:BR,Player:0r130c/cr299c/cc/cc:7hAd,3c4c|/3d4s8d/Kd/Td:529,-529(529.000000)
544:Player,BR:0cc/cc/cc/cc:6cAh,3dAs|/TdJsKc/8h/Jc:0,-0(-0.604309)
545:BR,Player:0r130c/cr299c/cc/cc:2h8d,5s8c|/4dQsAd/6h/Ah:0,-0(-394.504237)
546:Player,BR:0cr600c/cc/r350c/r2100c:9cAd,ThAc|/5c9dTd/3d/Tc:-3150,3150(-3150.000000)
547:BR,Player:0f:9cTh,3c9d|:50,-50(50.000000)
548:Player,BR:0cr130c/r299c/cc/r687c:8hTs,8dQh|/3s6hAc/Kc/6s:-1216,1216(-1055.373726)
549:BR,Player:0cc/cc/cc/cr200f:8dAs,3dJh|/TsThQd/Jc/Jd:-100,100(-100.000000)
550:Player,BR:0cc/cc/cc/cc:5s6c,2d2c|/7h7cQc/Jh/9c:-100,100(-67.121365)
551:BR,Player:0r130c/cc/cc/cr115f:3sQs,JsKd|/2d3hTh/9s/Qd:-230,230(-230.000000)
552:Player,BR:0cr300c/r520c/r1840c/r5520c:7s8h,ThAc|/3s5d9c/Qd/4c:-8280,8280(-2864.829309)
553:BR,Player:0f:7sKc,2s4d|:50,-50(50.000000)
554:Player,BR:0cc/cc/cc/cc:3s8h,3d7c|/2sJcAc/Th/Qc:100,-100(79.329342)
555:BR,Player:0f:5sKc,3c9h|:50,-50(50.000000)
556:Player,BR:0cc/cc/r130c/cc:6h9s,3sKc|/2c3c7d/7h/Td:-230,230(-173.390968)
557:BR,Player:0f:4s9s,2c6s|:50,-50(50.000000)
558:Player,BR:0cr300f:JdKh,4d5c|:100,-100(100.000000)
559:BR,Player:0r130c/cr299c/cr1587c/cc:4hJs,7s9h|/6sTdAc/Jc/Jh:2116,-2116(2116.000000)
560:Player,BR:0cr300f:5c6d,4c7s|:100,-100(100.000000)
561:BR,Player:0r130c/cr299f:3c4c,6c8h|/5d9sAh:-230,230(-230.000000)
562:Player,BR:0cr300f:9sAs,2h4s|:100,-100(100.000000)
563:BR,Player:0r130c/cr299f:2s8s,6c9s|/7sJdAd:-230,230(-230.000000)
564:Player,BR:0cr200c/r390c/cc/cc:5c9c,2hAh|/3d4dQc/8s/4c:-690,690(-371.377889)
565:BR,Player:0r200c/cc/cr390f:4hJc,4s7d|/6s7sQc/5s:-300,300(-300.000000)
566:Player,BR:0cr130c/cc/cc/r115f:4c6d,4h6s|/2dTdJs/Jh/As:230,-230(230.000000)
567:BR,Player:0r130c/cr299f:5s6c,QhKc|/4s4hAs:-230,230(-230.000000)
568:Player,BR:0cc/cc/cc/cc:4dTd,4cQc|/7sQdAs/7d/Jh:-100,100(-69.307791)
569:BR,Player:0r130c/cc/cr460c/cc:2c5h,7dKh|/2sTdQs/Jc/6c:690,-690(110.483471)
570:Player,BR:0cc/cc/cc/cc:2sTc,6cTd|/4c7d9s/7c/4d:0,-0(73.614300)
571:BR,Player:0r200c/cc/cr600c/cr1170c:6hKh,ThAh|/3d9hJh/Ac/Kc:-2070,2070(1253.738850)
572:Player,BR:0cr130c/cc/cc/cc:4sAs,5hTc|/7h7d9s/6d/Qs:230,-230(230.000000)
573:BR,Player:0cc/cc/cc/cr200f:2dKs,5cQc|/5s6cJs/4d/Jh:-100,100(-100.000000)
574:Player,BR:0cc/cc/cc/cc:5dKc,5cAh|/6h9sTc/6d/8d:-100,100(2.692646)
575:BR,Player:0r130c/cr299c/cc/cc:4sQs,7cTs|/5s8dAh/8c/Tc:-529,529(-127.314239)
576:Player,BR:0cr130c/r299c/r264f:QsKd,5sAc|/7hTdQh/8h:529,-529(529.000000)
577:BR,Player:0r130c/cc/cr460c/cr897f:3cQh,8dKs|/6dKhAd/9d/9h:-690,690(-690.000000)
578:Player,BR:0cc/cc/r130c/r299c:2s7s,3dAs|/2c3s7h/6c/6h:529,-529(43.397403)
579:BR,Player:0r200c/cr900c/cc/cr1560f:9h9d,AhAc|/2c3hKs/5d/3d:-1200,1200(-1200.000000)
580:Player,BR:0cc/cc/r200c/r390c:2d3c,3hTd|/5hJdKh/4h/8d:-690,690(-136.400008)
581:BR,Player:0r130c/cr299f:2h8s,6dAc|/6s6cQc:-230,230(-230.000000)
582:Player,BR:0cc/cc/cc/cc:8dQc,4c6h|/ThJcKd/7c/9s:100,-100(97.153773)
583:BR,Player:0r200c/cr390c/cr1380c/cr2691c:6dQh,AdAc|/7sJdQs/4h/Qd:4761,-4761(35.201936)
584:Player,BR:0cc/cc/cc/cc:TsAh,9hAd|/3cQdAs/2s/Qs:100,-100(-84.085442)
585:BR,Player:0r200c/cr390c/cc/cr897c:9hJc,4dQs|/2d8dTh/Qh/3c:1587,-1587(1587.000000)
586:Player,BR:0cc/cc/cc/r130c:6sQd,2dKs|/9sQcAd/Ah/Ac:230,-230(-48.279182)
587:BR,Player:0r130c/cr299f:2cTs,6hTd|/4d7cAh:-230,230(-230.000000)
588:Player,BR:0cr300c/r520c/cc/cc:3s8s,3h3c|/5sJcKc/8h/Th:920,-920(-163.643387)
589:BR,Player:0cc/cr130c/cr460c/cr1380c:5d5c,3hAd|/3s7h8c/Ac/Ah:-2070,2070(378.043650)
590:Player,BR:0cr300c/cc/cc/cc:5sJs,ThAc|/3c9cKc/3d/Qd:-400,400(93.711872)
591:BR,Player:0r130c/cc/cc/cc:2cQd,6sKd|/3cTdAh/7d/4s:-230,230(-230.000000)
592:Player,BR:0cc/cc/r200c/cc:4c6d,JdAc|/5d8hKh/3d/5h:-300,300(-278.699434)
593:BR,Player:0r130c/cc/cr115c/cr1035f:4dKh,7cJh|/8cJdQc/Js/Qh:-345,345(-345.000000)
594:Player,BR:0cc/cc/cc/r130f:4sAd,6sJd|/4c5sTh/7d/Td:100,-100(100.000000)
595:BR,Player:0r200c/cc/cc/cc:TdAs,KcAh|/4s5hQd/Js/Qs:-300,300(25.895806)
596:Player,BR:0cc/cc/cc/r200c:5hQs,2cJs|/7d9h9c/8s/Tc:-300,300(-297.415571)
597:BR,Player:0r130c/cc/cr115c/cc:TcKc,6hTd|/6s9sQh/4s/8c:-345,345(-306.342935)
598:Player,BR:0cr200c/cc/r390c/r897c:4d7s,KdAs|/3s4s7c/9h/9s:1587,-1587(519.395370)
599:BR,Player:0r200c/cc/cc/cc:7d8d,ThKs|/5c7hQc/Qh/Qs:300,-300(300.000000)
600:Player,BR:0cr130c/r690c/r1196c/cc:TdKc,9sJc|/7h9cQc/Ac/Ts:2116,-2116(140.371881)
601:BR,Player:0r200c/cc/cc/cr390c:ThJc,8h8d|/5s5cKh/Td/7d:690,-690(529.028718)
602:Player,BR:0cc/cc/cc/cc:5cKd,ThQh|/2h4dQs/As/8s:-100,100(-84.673719)
603:BR,Player:0r130c/cc/cr299c/cc:3h4h,6hTd|/3s7sKd/Th/5h:-529,529(-241.345279)
604:Player,BR:0cc/cc/cc/r130f:6d7c,6cKh|/7h8sJh/Qd/5d:100,-100(100.000000)
605:BR,Player:0f:KsAh,3s8h|:50,-50(50.000000)
606:Player,BR:0cc/cc/cc/r130c:3h6s,2h6d|/2s9hJc/8h/Qc:-230,230(84.672000)
607:BR,Player:0f:4cKh,4h9c|:50,-50(50.000000)
608:Player,BR:0cc/cc/cc/r130c:7cAs,TcAd|/5sJcAc/3h/4h:-230,230(-59.977016)
609:BR,Player:0cc/cr130f:2d7d,3cKd|/3h3d8s:-100,100(-100.000000)
610:Player,BR:0cr600f:8hQc,2hJc|:100,-100(100.000000)
611:BR,Player:0r130c/cr299c/cc/cc:8hAs,6sAh|/3s4s8d/Kc/Kh:529,-529(529.000000)
612:Player,BR:0cr200c/cc/r600c/r450f:5s9s,JhAd|/3h6d9c/2d/7d:900,-900(900.000000)
613:BR,Player:0r130c/cc/cc/cc:5s8s,4dTh|/TsJdQd/Qs/As:230,-230(230.000000)
614:Player,BR:0cc/cc/cc/cc:4sQc,2hTc|/6s9cJc/6d/5s:100,-100(70.988704)
615:BR,Player:0r130c/cc/cc/cr299c:KsKd,8h8c|/6sTcAh/Kc/4d:529,-529(529.000000)
616:Player,BR:0cc/cc/cc/cc:6sJh,AsAc|/7dQhKc/4d/9c:-100,100(-81.273759)
617:BR,Player:0r130c/cc/cc/cr299c:5dAh,2cKd|/6s9sTd/2d/6c:-529,529(-229.065373)
618:Player,BR:0cc/cc/cc/r300f:4dAh,4c9h|/2dTdQd/8h/Ac:100,-100(100.000000)
619:BR,Player:0f:QcAd,2s6h|:50,-50(50.000000)
620:Player,BR:0cr200c/cc/cc/r390c:9dKd,3c4c|/4sJdAc/5c/Kc:-690,690(-683.163110)
621:BR,Player:0r130c/cc/cc/cr299f:2h2d,6cTd|/3sTsKs/4d/7c:-230,230(-230.000000)
622:Player,BR:0cr300c/cc/cc/cc:KdAd,TcAc|/2h6dTd/7h/9s:-400,400(-347.045764)
623:BR,Player:0r130c/cr299c/cc/cc:9sKh,6hQd|/4h5c9d/Ks/3h:529,-529(529.000000)
624:Player,BR:0cc/cc/cc/r300f:9dJh,6hAs|/7dJsKh/2c/Kc:100,-100(100.000000)
625:BR,Player:0r200c/cc/cr150c/cc:JdQc,8cTd|/2c5cAs/2d/5d:0,-0(-13.815813)
626:Player,BR:0cr200c/cc/r150c/cc:8d9s,4c9d|/7s7d9c/8s/Td:450,-450(95.326284)
627:BR,Player:0r130c/cr299f:4sTc,4h7h|/6c8sAh:-230,230(-230.000000)
628:Player,BR:0cc/cc/cc/cc:6dQs,TcQc|/2h5dJd/8d/7h:-100,100(82.308486)
629:BR,Player:0f:6h9d,3s9c|:50,-50(50.000000)
630:Player,BR:0cr300c/r1200c/r800c/r1200c:3s5d,QsKd|/2dJcAs/Td/Js:-3600,3600(-3600.000000)
631:BR,Player:0r130c/cc/cr299c/cc:6cQh,7sKs|/6sJdQd/Tc/2h:529,-529(529.000000)
632:Player,BR:0cc/r130c/r299c/r105c:5c9c,4sTd|/2c8dKh/Ks/4d:-634,634(-634.000000)
633:BR,Player:0r130c/cr299c/cc/cr687f:3hAh,5cAc|/2d7h9s/8h/6d:-529,529(-529.000000)
634:Player,BR:0cc/cc/cc/cc:3c8h,KdKc|/2h9hJh/Th/4h:100,-100(18.016940)
635:BR,Player:0r130c/cr299c/cc/cc:2dKs,6cQh|/4s4d7h/3s/Jd:529,-529(-147.497370)
636:Player,BR:0cc/r130c/cc/cc:2c8s,TcAs|/3c4sAc/5s/7s:230,-230(-22.048223)
637:BR,Player:0r130c/cc/cc/cr299c:8hAc,6sKs|/2sJdKc/7h/Ah:529,-529(416.679427)
638:Player,BR:0cc/cc/r130c/r299c:7s9d,6cTs|/6h8cKh/Th/Qs:529,-529(-458.739431)
639:BR,Player:0r130c/cc/cc/cc:5hQh,6hJc|/6c9dAc/7c/8s:230,-230(230.000000)
640:Player,BR:0cr200c/cc/r150c/r225c:7dJc,4d8h|/3h5h5d/8c/As:-675,675(283.759003)
641:BR,Player:0r130c/cr299c/cc/cr687f:3cAh,6sKc|/8cThKh/Qs/Qc:-529,529(-529.000000)
642:Player,BR:0cc/cc/cc/r130c:4s7c,2c3d|/3c5sTc/Th/Js:-230,230(90.933287)
643:BR,Player:0r130c/cc/cc/cc:2d9d,7h9h|/7dKdAh/4s/5h:-230,230(-230.000000)
644:Player,BR:0cc/cc/cc/cc:8cQs,9hKs|/TdJcAh/7h/3c:-100,100(-0.893874)
645:BR,Player:0r130c/cr299f:2h6h,3h6c|/3cJsJd:-230,230(-230.000000)
646:Player,BR:0cr300f:3s3h,2s7c|:100,-100(100.000000)
647:BR,Player:0cc/cc/cc/cc:8cAc,9hQd|/3c5sTc/Ks/5d:100,-100(71.291796)
648:Player,BR:0cr300c/cc/cc/cc:5hKh,5s9s|/JsQdAh/4h/8s:400,-400(400.000000)
649:BR,Player:0r200c/cc/cc/cc:7hQh,6d9h|/9cTcKd/4s/8c:-300,300(-300.000000)
650:Player,BR:0cc/cc/cc/r130f:7cQh,6cKc|/2s8dAc/Qs/Th:100,-100(100.000000)
651:BR,Player:0r130c/cc/cc/cc:3dJc,6s6c|/5s8dKc/Ah/8s:-230,230(-203.922648)
652:Player,BR:0cc/cc/r200c/r600f:5h8s,TdAd|/4d6c7s/Ts/Qs:300,-300(300.000000)
653:BR,Player:0r200c/cc/cc/cr600f:3d8c,9s9h|/4sThQh/4d/9d:-300,300(-300.000000)
654:Player,BR:0cc/cc/cc/cc:9sQh,5cAc|/TdJhAs/5s/5d:-100,100(-99.921599)
655:BR,Player:0r200c/cr390c/cr897c/cc:8sJs,9sAc|/3dTsAs/4s/5h:1587,-1587(1587.000000)
656:Player,BR:0cr130c/cc/cc/cc:QsAc,3s9h|/2s9cTd/8s/4d:-230,230(-179.265001)
657:BR,Player:0r130c/cc/cc/cr299c:3d8c,3s5h|/7c9sTh/2c/2s:529,-529(-111.308794)
658:Player,BR:0cc/cc/cc/r300c:9sKc,7d8c|/8h8dKs/Td/4d:-400,400(-392.946268)
659:BR,Player:0r130c/cc/cr460f:2s7s,6sKh|/TdKsKd/Qh:-230,230(-230.000000)
660:Player,BR:0cr130c/r299c/cc/cc:7c9h,6dAc|/3h4hQc/7d/5h:-529,529(-522.448869)
661:BR,Player:0r130c/cc/cc/cc:4h7s,KcAs|/3h8sTc/9c/3s:-230,230(-230.000000)
662:Player,BR:0cc/cc/cc/cc:9cQs,8cKs|/3d9sQh/9h/6s:100,-100(-17.744238)
663:BR,Player:0r130c/cr299c/cc/cc:5hAd,5c8s|/3s9dKh/Jc/4h:529,-529(-18.422750)
664:Player,BR:0cr300f:8h9c,2h9s|:100,-100(100.000000)
665:BR,Player:0r300c/cc/cc/cr520f:5hTd,QsAh|/9hTsKh/9d/Jd:-400,400(-400.000000)
666:Player,BR:0cr130c/cc/cc/r460f:3sAs,9sQc|/4h8cAd/4d/8h:230,-230(230.000000)
667:BR,Player:0r130c/cr299c/cc/cr1058f:7cKs,AsAd|/6c8cQh/Jc/6h:-529,529(-529.000000)
668:Player,BR:0cr600c/r4200f:2h8h,7c8c|/3h6sJd:700,-700(700.000000)
669:BR,Player:0r130c/cr690f:2d8h,8dJd|/3h7cTd:-230,230(-230.000000)
670:Player,BR:0cc/cc/cc/cc:3dQd,8hJc|/2h5sAh/3c/7c:100,-100(100.000000)
671:BR,Player:0r130c/cc/cc/cc:4dJh,4s8s|/6d8dQd/6h/Jd:230,-230(230.000000)
672:Player,BR:0cc/cc/cc/cc:3d6d,3hTc|/3sQdKc/4d/9h:-100,100(-27.312514)
673:BR,Player:0r130c/cc/cc/cr299c:5cJs,3c4c|/2s2hKh/7s/9c:529,-529(-178.111866)
674:Player,BR:0cc/cc/r200c/cc:4d9d,QcAd|/5c6s7h/5h/3s:300,-300(300.000000)
675:BR,Player:0r130c/cc/cc/cr460f:2c3h,3s5h|/6sJsKs/4d/Ah:-230,230(-230.000000)
676:Player,BR:0cc/cc/r200c/cc:2d6c,JhAd|/9h9dAh/2c/Th:-300,300(-284.636449)
677:BR,Player:0r300c/cc/cr520f:8dKc,3s8s|/6cThTc/Ad:-400,400(-400.000000)
678:Player,BR:0cc/cc/cc/cc:7sAd,9dKc|/2c5h9h/Tc/6s:-100,100(-85.880600)
679:BR,Player:0f:QsAh,3sTh|:50,-50(50.000000)
680:Player,BR:0cc/cc/cc/cc:6hJs,2sQc|/4hJdQs/8c/Qh:-100,100(-96.834380)
681:BR,Player:0cc/cc/cc/cc:5d6s,3cKd|/6dTdJc/7s/2h:100,-100(83.467478)
682:Player,BR:0cc/cc/cc/cc:7cJh,2hTs|/6d6c8d/Ac/9d:100,-100(67.000971)
683:BR,Player:0r130c/cr299f:2c3c,6dQc|/5s8s9h:-230,230(-230.000000)
684:Player,BR:0cc/cc/cc/cc:4cTd,7cKs|/9dAhAc/Tc/9s:100,-100(-45.376059)
685:BR,Player:0r130c/cc/cc/cc:7cTh,5c8d|/5d7sTc/6c/3s:230,-230(230.000000)
686:Player,BR:0cr300f:7dTh,4d7h|:100,-100(100.000000)
687:BR,Player:0r200c/cc/cr150c/cr585f:JcKd,4s6s|/2c4c5h/3h/Kh:-450,450(-450.000000)
688:Player,BR:0cc/cc/cc/r130f:4cJd,5h5d|/9h9cQs/Ks/Th:100,-100(100.000000)
689:BR,Player:0cc/cc/cr130c/cr460f:9dKs,2dAs|/7h8dAh/Kh/5s:-230,230(-230.000000)
690:Player,BR:0cc/cc/cc/cc:3c9h,KcAc|/7dThAs/Jd/9s:-100,100(-73.212084)
691:BR,Player:0r200c/cr390c/cc/cr897c:9hQh,5cAc|/3d4dJc/As/Ad:-1587,1587(-389.850443)
692:Player,BR:0cc/cc/r200f:2d7c,2h6d|/7h8cKh/7d:100,-100(100.000000)
693:BR,Player:0r130c/cr299c/cr687c/cc:8sKd,8cAc|/2sQcAh/Kc/7s:-1216,1216(-169.984496)
694:Player,BR:0cc/cc/r130c/r299c:4s6h,3dKs|/2s4h6s/Ac/9h:529,-529(-88.815678)
695:BR,Player:0r130c/cc/cc/cc:8sTh,3dJd|/5cJcKc/6d/2c:-230,230(-230.000000)
696:Player,BR:0cr300f:7h9d,2h5h|:100,-100(100.000000)
697:BR,Player:0r200c/cc/cr150c/cr1350f:2d5d,8dKc|/2c3h3c/Kh/Jd:-450,450(-450.000000)
698:Player,BR:0cr200c/cc/cc/r150f:4cKc,3hJd|/2h8sTs/5c/7s:300,-300(300.000000)
699:BR,Player:0r130c/cc/cc/cc:6sKc,QhKh|/5d8h9d/8d/8s:-230,230(-192.900411)
700:Player,BR:0cr600c/r910c/cc/cc:5s6s,4dAh|/7s7h9c/5h/Ac:-1610,1610(-1489.745146)
701:BR,Player:0r200c/cr390f:5c6s,4d6h|/8s9dJd:-300,300(-300.000000)
702:Player,BR:0cc/cc/cc/cc:JcQd,8cKs|/3dTcKc/Kh/2d:-100,100(-97.392852)
703:BR,Player:0r130c/cr299c/cc/cc:4sTh,8sTs|/5cQdAd/3s/Jd:-529,529(-76.552366)
704:Player,BR:0cc/cc/cc/cc:5cKh,6s9c|/6c7sJc/6h/Td:-100,100(-96.147108)
705:BR,Player:0f:9dJh,2s8h|:50,-50(50.000000)
706:Player,BR:0cc/cc/cc/cc:3hJh,2sJs|/5sTcAc/7s/8d:0,-0(69.942791)
707:BR,Player:0cc/cr130f:6s7s,3d6c|/2dQcAd:-100,100(-100.000000)
708:Player,BR:0cc/cc/r130c/cc:2h3s,4cAs|/3d5s6d/6c/Jc:230,-230(116.252107)
709:BR,Player:0r130c/cr299c/cr687c/cc:6cKs,3hQs|/5s7dAd/9h/7s:1216,-1216(191.897779)
710:Player,BR:0cc/cc/cc/cc:4hAd,4c5h|/2h2dKs/Qh/6d:100,-100(93.273704)
711:BR,Player:0r200c/cr900c/cr2400c/cc:7dKs,5hQc|/2hTcKh/Kd/6h:3600,-3600(3600.000000)
712:Player,BR:0cc/cc/cc/cc:3h4c,2s5c|/8hQsQh/Qc/8d:0,-0(1.899962)
713:BR,Player:0r130c/cr299c/cr1058f:5h6d,4c8s|/2c3s9c/Qd:-529,529(-529.000000)
714:Player,BR:0cc/cc/cc/r200f:2h7h,TsKs|/2d6hAh/4h/5h:100,-100(100.000000)
715:BR,Player:0cc/cc/cc/cr200f:4s6s,2dKd|/5d7c9h/2h/2c:-100,100(-100.000000)
716:Player,BR:0cc/cc/r130c/cc:4sJc,5sAh|/9hTsKs/Ac/Js:-230,230(-166.001266)
717:BR,Player:0r130c/cc/cr115c/cr448f:4hJh,2hKd|/5h5dKs/3d/2c:-345,345(-345.000000)
718:Player,BR:0cc/cc/cc/cc:6hQs,9dKc|/TdKdAd/Qc/7c:-100,100(-63.278451)
719:BR,Player:0cc/cc/cc/cc:2dAc,3s6h|/6c7dAd/4h/Td:100,-100(100.000000)
720:Player,BR:0cc/cc/cc/cc:4cTc,2sAc|/2c7h8s/Ad/Ah:-100,100(-99.283752)
721:BR,Player:0r200c/cc/cc/cr390f:7dQs,JcAs|/6hThKh/5h/Tc:-300,300(-300.000000)
722:Player,BR:0cr130c/r299c/cc/cc:8s8c,2d6h|/2s6s6c/Ah/Qd:-529,529(-524.782676)
723:BR,Player:0cc/cc/cc/cc:8hJc,TdAh|/2c5sKs/Jh/7h:100,-100(100.000000)
724:Player,BR:0cr300c/cc/r200c/cc:QsAs,3cTd|/3hQdKd/7h/Qh:600,-600(192.624211)
725:BR,Player:0f:2c5s,3d6h|:50,-50(50.000000)
726:Player,BR:0cc/cc/cc/r200f:3cAd,6dKs|/3sQsQc/3h/Jd:100,-100(100.000000)
727:BR,Player:0cc/cr130c/cc/cc:2cAd,3cJs|/2s3d8s/Kh/Th:-230,230(-47.089856)
728:Player,BR:0cr600c/cc/cc/r350c:2cAc,JdQs|/6h6cKd/8c/Jc:1050,-1050(210.774014)
729:BR,Player:0r300c/cr1200c/cc/cc:6cKd,5sTh|/4hJcQh/2s/7d:1600,-1600(840.310566)
730:Player,BR:0cr300f:3h5h,5s6d|:100,-100(100.000000)
731:BR,Player:0r130c/cc/cc/cr299c:7hAh,5dKd|/2h4sTs/Ad/3h:-529,529(24.467681)
732:Player,BR:0cr200c/cc/cc/r150f:5hAh,8sAs|/5cTcQh/7s/Td:300,-300(300.000000)
733:BR,Player:0r200c/cc/cc/cc:TcKc,9hAc|/2h8dQs/Jh/2c:-300,300(-259.260652)
734:Player,BR:0cc/cc/cc/cc:2dJh,2s9d|/6s7s8s/6h/Kd:100,-100(83.888563)
735:BR,Player:0f:4s9s,3c7h|:50,-50(50.000000)
736:Player,BR:0cr130c/r299c/r264f:8s8h,2sAh|/6h8dQc/9s:529,-529(529.000000)
737:BR,Player:0r130c/cc/cc/cr299c:3c8c,5h6c|/7cJdQd/Js/Th:529,-529(8.183334)
738:Player,BR:0cr200c/r600c/r2700c/cc:6c9h,8h9d|/4d5s7d/Kh/Qs:-3600,3600(-1375.638434)
739:BR,Player:0r130c/cc/cc/cr299c:3cAd,7cAc|/4h8cAs/9h/5d:-529,529(392.222986)
740:Player,BR:0cr600c/cc/cc/cc:9sAs,8hKh|/5d6cKc/Qh/Qd:-700,700(-650.000186)
741:BR,Player:0r300c/cc/cc/cc:9cAh,7cTh|/4cKhAc/4d/9s:400,-400(400.000000)
742:Player,BR:0cr600c/cc/r350c/r210c:KhAs,9h9d|/2c3cTs/3d/7c:-1260,1260(-237.659092)
743:BR,Player:0f:KsKc,3sTd|:50,-50(50.000000)
744:Player,BR:0cc/cc/r200c/cc:5d9h,3h8s|/3d7dQd/8h/2h:-300,300(-287.456118)
745:BR,Player:0r200c/cc/cc/cr600c:3dTs,4hAd|/5dJdAc/8c/Td:-900,900(-290.414005)
746:Player,BR:0cc/cc/r130c/r299f:7h8c,3dKh|/2s4hJc/5h/Qd:230,-230(230.000000)
747:BR,Player:0r130c/cc/cr299c/cr1587f:JhJc,4h5s|/2c7dTd/4c/5h:-529,529(-529.000000)
748:Player,BR:0cc/cc/cc/cc:3c7h,2h3h|/2c9sQc/6c/Td:-100,100(-3.220875)
749:BR,Player:0r130c/cr299c/cr1587f:QdKd,5h8d|/2c6sTh/4h:-529,529(-529.000000)
750:Player,BR:0cr300c/cc/r520c/r1196c:5cQc,6d7c|/6cJhQd/4d/9h:2116,-2116(845.144793)
751:BR,Player:0r130c/cc/cc/cc:7dJc,2s3s|/6c8s9s/7c/2c:230,-230(20.656013)
752:Player,BR:0cc/cc/cc/cc:5sQs,2c4s|/4d8h8d/Ah/Th:-100,100(-40.835365)
753:BR,Player:0r130c/cc/cr460c/cc:TdKd,JcAd|/3d6d8c/Jd/Qh:690,-690(690.000000)
754:Player,BR:0cc/cc/cc/r300f:6cKs,6sJs|/3s3hKd/Td/7h:100,-100(100.000000)
755:BR,Player:0r130c/cc/cc/cc:2h9s,4sAd|/8cJhKh/Qh/4h:230,-230(230.000000)
756:Player,BR:0cc/cc/cc/cc:5dKh,3cKc|/TdQcKs/2h/9h:0,-0(-72.699574)
757:BR,Player:0r130c/cr299c/cc/cc:6dJd,5hJc|/6s6h9s/3c/Kh:529,-529(529.000000)
758:Player,BR:0cc/cc/cc/r130c:3hTs,2dAh|/2s5sTh/4s/Jh:230,-230(97.919299)
759:BR,Player:0r130c/cc/cr299f:4cJc,5s7s|/6c9hKh/3s:-230,230(-230.000000)
760:Player,BR:0cr200c/r390c/cc/cc:3h3d,2sAc|/4h9cKh/Ks/8h:690,-690(-372.691093)
761:BR,Player:0r130c/cc/cr115c/cc:8sTs,5cJh|/3s3dKs/4h/Ad:-345,345(-331.848674)
762:Player,BR:0cr300c/cc/r200c/cc:5sJh,QhAh|/7dKsKh/6c/7c:-600,600(-208.277681)
763:BR,Player:0cc/cc/cc/cr200f:4c8c,2hKh|/5d6hKd/6s/4s:-100,100(-100.000000)
764:Player,BR:0cc/cc/cc/r130f:8sAc,3dKh|/9dTcQc/Td/Qs:100,-100(100.000000)
765:BR,Player:0f:4d7h,2hTc|:50,-50(50.000000)
766:Player,BR:0cc/cc/cc/cc:4cAd,8sQd|/5h7cTc/4s/6h:-100,100(-94.971574)
767:BR,Player:0r130c/cc/cr115c/cc:2d5h,4hQd|/3h6d8c/8h/Kh:-345,345(-345.000000)
768:Player,BR:0cc/cc/cc/cc:7hQc,2hAc|/4h8d9s/7c/9d:100,-100(-33.386462)
769:BR,Player:0r130c/cr460c/cc/cc:7h7d,6sKh|/2c6dAd/Tc/3s:690,-690(690.000000)
770:Player,BR:0cr300c/cc/cc/cc:JhAh,5c9s|/5h6sQh/Tc/7h:400,-400(-168.820235)
771:BR,Player:0r130c/cr299c/cr687c/cc:ThKs,TcJs|/8sAsAh/5d/8c:1216,-1216(1002.763034)
772:Player,BR:0cr200c/cc/cc/r600f:8hTc,7c9s|/3s5d6d/Td/3c:300,-300(300.000000)
773:BR,Player:0f:6hKh,3s7d|:50,-50(50.000000)
774:Player,BR:0cc/cc/cc/cc:2d5d,4h8c|/QsKsKh/6h/8h:-100,100(-86.180979)
775:BR,Player:0r130c/cc/cc/cc:2hKh,5s7d|/8hAdAc/7h/9s:-230,230(-24.662817)
776:Player,BR:0cc/cc/cc/cc:2hKd,3dQs|/6h8dTh/8s/9c:100,-100(67.591293)
777:BR,Player:0cc/cc/cc/cc:6h7d,2sJd|/5sQsAh/9h/Ks:-100,100(-100.000000)
778:Player,BR:0cc/cc/cc/cc:3dTs,3cKd|/ThQsQc/9h/4h:100,-100(14.610905)
779:BR,Player:0f:3s3h,4s9d|:50,-50(50.000000)
780:Player,BR:0cr300f:6h9d,2c4s|:100,-100(100.000000)
781:BR,Player:0r200c/cc/cr150c/cc:4s6d,5c6s|/3s5s8s/9c/Qh:-450,450(-450.000000)
782:Player,BR:0cc/cc/r130f:2h5h,3c7s|/6d8cTs/4c:100,-100(100.000000)
783:BR,Player:0r130c/cc/cc/cc:4cJc,7dKh|/3c5dQh/8h/Qs:-230,230(-230.000000)
784:Player,BR:0cc/cc/cc/cc:TsKd,7dQd|/4c6sJd/8s/Qh:-100,100(-87.892003)
785:BR,Player:0r130c/cc/cc/cc:4c7h,TcAd|/4s5s7s/Qc/Kh:230,-230(230.000000)
786:Player,BR:0cc/cc/r130f:5sTc,8h9s|/3c5cTs/Th:100,-100(100.000000)
787:BR,Player:0r130c/cc/cr115c/cc:4h5d,4dJh|/8s9sKd/8h/Kc:-345,345(-345.000000)
788:Player,BR:0cc/cc/cc/r200c:3dQc,4s5h|/JdQhKd/7h/5d:300,-300(86.793621)
789:BR,Player:0r130c/cr299c/cr687f:7s7c,KcAd|/2c6hKd/Qd:-529,529(-529.000000)
790:Player,BR:0cr600f:KcAh,5s7c|:100,-100(100.000000)
791:BR,Player:0cc/cc/cc/cc:QsAd,4sAh|/3c6d8h/5s/9d:100,-100(-40.542236)
792:Player,BR:0cr300f:9dAd,2dTs|:100,-100(100.000000)
793:BR,Player:0r130c/cr460f:2cQh,2sKh|/7dThJd:-230,230(-230.000000)
794:Player,BR:0cr300c/cc/cc/cc:6s6c,4hJh|/3h4c6d/Ac/2c:400,-400(-168.171117)
795:BR,Player:0r200c/cr390c/cr1380f:7s7h,KcAc|/6hJhAd/5s:-690,690(-690.000000)
796:Player,BR:0cr600f:QhAs,5h7h|:100,-100(100.000000)
797:BR,Player:0r130c/cc/cc/cr460f:3dAs,7cQs|/5dKsAd/Th/Js:-230,230(-230.000000)
798:Player,BR:0cc/cc/cc/cc:4d9h,2d6d|/3s8sQc/5c/Ah:100,-100(100.000000)
799:BR,Player:0r130c/cr299c/cc/cc:8h9d,4c5s|/3cTsKh/4d/6c:-529,529(-384.802623)
800:Player,BR:0cr300c/cc/cc/r200c:3s3h,2s2h|/6h8cQh/5c/5d:600,-600(131.545273)
801:BR,Player:0r130c/cc/cr115c/cc:3c6c,6dJc|/8sQcKd/6h/9d:-345,345(-82.422693)
802:Player,BR:0cc/cc/r200c/cc:6d8c,6s7c|/3h4s5d/Qd/6h:-300,300(-299.579223)
803:BR,Player:0r130c/cc/cr299c/cr1587f:4dKs,QcKd|/6dQhAh/Qd/4c:-529,529(-529.000000)
804:Player,BR:0cc/cc/cc/r130c:4s8d,6hKs|/2d4dAh/2s/Kh:-230,230(-152.069647)
805:BR,Player:0r130c/cc/cc/cc:9sTd,3dQc|/7sTcKd/7d/9d:230,-230(230.000000)
806:Player,BR:0cc/cc/cc/cc:4dAc,6c7c|/9cJsKh/4c/7s:-100,100(-57.396425)
807:BR,Player:0r200c/cr390c/cr897c/cc:3d8s,5c8c|/2d3s8d/3c/Kd:1587,-1587(1587.000000)
808:Player,BR:0cr300c/cc/r1200c/r2080c:9dJd,4cQs|/4d6cAd/4s/8d:3680,-3680(261.047935)
809:BR,Player:0r130c/cc/cc/cr299c:9sAs,7sQd|/8cJcAd/8h/4h:529,-529(529.000000)
810:Player,BR:0cr200c/cc/cc/r600c:QcAh,3d9c|/4d7s9d/2d/Kh:-900,900(-696.385826)
811:BR,Player:0r200c/cr390c/cr1380c/cr4140c:3hAd,8s9h|/7sTcKd/Ac/3c:6210,-6210(-1170.444757)
812:Player,BR:0cr300f:9hAs,5h6s|:100,-100(100.000000)
813:BR,Player:0cc/cc/cc/cr130c:2hQh,4c8s|/5d6hTh/Jc/Qd:230,-230(112.227788)
814:Player,BR:0cr200c/r390c/r897c/cc:5h6s,8cJh|/4c8hAh/Kh/Qs:-1587,1587(-626.507142)
815:BR,Player:0r130c/cr299c/cc/cr1058c:TdQh,3cJh|/7s8hAh/Th/9h:1587,-1587(1582.883417)
816:Player,BR:0cc/cc/cc/cc:2d8c,4sTh|/2sJsAd/6d/Ts:-100,100(-71.295281)
817:BR,Player:0r130c/cc/cc/cr299f:2s9h,8hKc|/5sTsQc/4s/8d:-230,230(-230.000000)
818:Player,BR:0cc/cc/cc/cc:4cJh,3cTc|/6s7d8d/Kd/4h:100,-100(97.080960)
819:BR,Player:0f:3cAh,2h4s|:50,-50(50.000000)
820:Player,BR:0cc/cc/cc/r130c:2h8c,4hAh|/3c9sKs/Kd/Jh:-230,230(91.910891)
821:BR,Player:0cc/cr200c/cc/cc:TcAs,8hQh|/2c5hJh/Ac/6d:300,-300(300.000000)
822:Player,BR:0cr300c/cc/r200c/r300f:6dKd,7h9h|/6sTdAh/Th/4d:600,-600(600.000000)
823:BR,Player:0r130c/cr299f:8s9c,5h8h|/4s4c6h:-230,230(-230.000000)
824:Player,BR:0cc/cc/cc/cc:2sAd,5sKc|/5h7dTh/Qh/3d:-100,100(-74.348229)
825:BR,Player:0r130c/cr299c/cc/cc:3hKc,3s7s|/6sJhQh/7d/Th:-529,529(-271.173587)
826:Player,BR:0cc/cc/cc/r130c:7c8d,7hTd|/3c4sAs/3s/Qs:-230,230(49.982440)
827:BR,Player:0r130c/cc/cc/cr460c:2c7c,6sTc|/4h6h8d/5d/8s:690,-690(672.108641)
828:Player,BR:0cr130c/cc/cc/cc:JsKh,8dKs|/3c4s7c/7d/2s:230,-230(78.516320)
829:BR,Player:0r130c/cc/cr299c/cc:7hKh,6dQc|/2c4sTs/5c/6c:-529,529(-229.986827)
830:Player,BR:0cr200c/cc/cc/cc:9cKd,TdTc|/2s4s8d/Jh/Js:-300,300(-287.837869)
831:BR,Player:0r200c/cr390c/cc/cc:4h8h,5sJd|/2hTdQh/2d/4d:690,-690(627.614935)
832:Player,BR:0cc/cc/cc/cc:2sJd,9hAc|/3hQcKd/4d/Qd:-100,100(-75.764558)
833:BR,Player:0cc/cr130c/cr299c/cr1587c:3h4s,5hQd|/3c4d9h/7c/7s:2116,-2116(1724.773839)
834:Player,BR:0cc/cc/cc/cc:4c6d,6hKd|/3c4s7h/3d/Tc:100,-100(1.294958)
835:BR,Player:0cc/cc/cr130f:2d8h,5d8d|/6cQcKd/3s:-100,100(-100.000000)
836:Player,BR:0cc/cc/cc/cc:6d8s,2hAh|/6c8dQs/3s/Kh:100,-100(26.241335)
837:BR,Player:0r130c/cc/cr299c/cc:QhQd,5h8d|/7s8cAh/2d/Ac:529,-529(529.000000)
838:Player,BR:0cc/cc/cc/cc:5cQd,3cTh|/3d7s8h/2c/6s:-100,100(-43.793943)
839:BR,Player:0f:3d6h,3c8h|:50,-50(50.000000)
840:Player,BR:0cc/cc/cc/cc:9sTd,5cAc|/9dJcQc/Ah/Ad:-100,100(-97.343749)
841:BR,Player:0r130c/cc/cr115c/cc:TdAh,7cTs|/7d9dQc/3h/8d:-345,345(-327.148461)
842:Player,BR:0cc/cc/cc/r130c:4cAh,4hKc|/KhKdAs/Jc/2d:-230,230(-225.902057)
843:BR,Player:0r130c/cr690f:8cTs,6s6d|/3c5s5h:-230,230(-230.000000)
844:Player,BR:0cc/cc/r130f:5c6h,4s9h|/2d3cAs/7c:100,-100(100.000000)
845:BR,Player:0r130c/cc/cc/cc:8hJd,7dKh|/2s4dQs/5h/9h:-230,230(-230.000000)
846:Player,BR:0cc/cc/cc/cc:6dAh,7sJh|/5d8s8c/Kh/Ts:100,-100(43.076615)
847:BR,Player:0r200c/cr390f:3d6h,AsAh|/4c8cTh:-300,300(-300.000000)
848:Player,BR:0cr200c/cc/r150c/cc:6d6c,JdQs|/6s7d9c/9s/5d:450,-450(325.928580)
849:BR,Player:0f:3d7h,2sJc|:50,-50(50.000000)
850:Player,BR:0cc/cc/cc/cc:3sQh,4s4c|/5c7cTd/8d/Ah:-100,100(2.614451)
851:BR,Player:0cc/cc/cc/cc:9cQh,8sAd|/4hJcKh/4s/7d:-100,100(-48.216403)
852:Player,BR:0cc/cc/r200c/r390c:2s7h,TcKh|/2d4s6s/7c/Ad:690,-690(63.022018)
853:BR,Player:0r130c/cr299c/cc/cr687f:7s7d,3hAs|/2sJcAd/9h/5d:-529,529(-529.000000)
854:Player,BR:0cc/cc/cc/cc:TdJs,2d4s|/6s9hQh/6c/4d:-100,100(-69.750787)
855:BR,Player:0r130c/cr299c/cr1058c/cc:JcKc,7sKh|/6c8dJh/5c/6h:1587,-1587(1289.718883)
856:Player,BR:0cr300c/cc/cc/r200f:TdKd,9hAd|/4sTcJd/Kh/Kc:400,-400(400.000000)
857:BR,Player:0r130c/cr299c/cc/cc:JhKh,7cTd|/5h7sAh/9s/8d:-529,529(-344.494027)
858:Player,BR:0cc/cc/cc/cc:4cJc,5d6h|/3d5sQc/Js/7c:100,-100(-67.471096)
859:BR,Player:0r130c/cc/cc/cr299f:5h9c,5dAs|/7c9hAh/7s/Jc:-230,230(-230.000000)
860:Player,BR:0cr300c/cc/r200c/r780c:9cJc,5hTs|/2h3h6h/5d/7c:-1380,1380(-477.276148)
861:BR,Player:0r130c/cc/cc/cr690c:8sJh,9cQs|/3c5sTd/8h/7h:920,-920(569.231321)
862:Player,BR:0cc/cc/cc/cc:2hKd,6c7c|/6sQsAh/As/Th:-100,100(-58.882351)
863:BR,Player:0cc/cr130c/cc/cc:4c6d,5c9h|/6h8dKc/Jh/3c:230,-230(207.519796)
864:Player,BR:0cc/cc/r130c/r299f:TcQs,6hJs|/5dQcAs/2s/6s:230,-230(230.000000)
865:BR,Player:0r130c/cc/cc/cr460c:9hAs,5c9d|/5hTdKd/Qh/Js:690,-690(690.000000)
866:Player,BR:0cc/cc/cc/r130c:5c6h,5h7s|/4c9sAh/6s/3s:-230,230(-225.415312)
867:BR,Player:0r130c/cc/cc/cc:9cJd,6dAc|/3d8dJh/3h/Tc:230,-230(230.000000)
868:Player,BR:0cc/cc/cc/r130c:2h9d,5hTc|/2c6dTd/8s/6h:-230,230(-183.295979)
869:BR,Player:0r130c/cr299f:5s7c,4cKs|/8c9dKd:-230,230(-230.000000)
870:Player,BR:0cc/cc/cc/cc:3hQs,4c5h|/2c3c8h/Jc/Js:100,-100(100.000000)
871:BR,Player:0r130c/cr299c/cc/cc:9dTd,4d7s|/2hJdAd/Ks/Ah:529,-529(208.333084)
872:Player,BR:0cr200c/r390c/cc/cc:5h8h,9h9d|/2h9sKc/Ad/Jd:-690,690(-637.196990)
873:BR,Player:0cc/cc/cr130f:ThQh,JdQs|/3h6c7d/Js:-100,100(-100.000000)
874:Player,BR:0cr300c/cc/cc/cc:8cAh,6sKs|/6d9dJh/Kd/5c:-400,400(-336.389048)
875:BR,Player:0r130c/cr299c/cr1058c/cc:JsQd,3s4s|/8dTsQs/8h/4c:1587,-1587(1587.000000)
876:Player,BR:0cc/cc/cc/cc:TdKh,AdAc|/6c8cQh/8s/Th:-100,100(-91.915054)
877:BR,Player:0r130c/cr299c/cr1058c/cc:2dJd,5cAd|/4c7sJs/6h/7d:1587,-1587(1162.883375)
878:Player,BR:0cc/cc/cc/cc:2sKs,5c7d|/2d9sTd/6c/7c:-100,100(-64.473696)
879:BR,Player:0cc/cr130c/cc/cc:8sKs,4d8h|/2d5cTc/Th/5s:230,-230(146.387643)
880:Player,BR:0cc/cc/cc/cc:5hQs,8cTs|/2h8sJd/6s/8d:-100,100(-98.976827)
881:BR,Player:0r130c/cr299c/cr1058f:5c6s,5s7h|/2c8h9c/4s:-529,529(-529.000000)
882:Player,BR:0cc/cc/cc/cc:4dTd,6d7h|/3sJdQs/2h/8h:100,-100(93.912490)
883:BR,Player:0r130c/cc/cr299f:7d8h,7cTc|/2hKcAs/Jc:-230,230(-230.000000)
884:Player,BR:0cc/cc/cc/cc:3c7d,2d9h|/3d6hQd/Ad/4h:100,-100(89.104808)
885:BR,Player:0r130c/cc/cc/cr299c:QcAh,2sAc|/5h5dTc/Jd/2d:-529,529(-225.404901)
886:Player,BR:0cr300f:QsQc,5s7h|:100,-100(100.000000)
887:BR,Player:0r130c/cc/cc/cc:6d8d,3sJc|/3d6hQs/4d/Ah:230,-230(201.367269)
888:Player,BR:0cr300c/r520f:4c6c,2sQd|/3h8cJc:400,-400(400.000000)
889:BR,Player:0f:5cTd,3s8h|:50,-50(50.000000)
890:Player,BR:0cr130c/cc/r115c/cc:3dAd,2hJh|/4d7h9s/3h/Th:-345,345(-303.390700)
891:BR,Player:0r200c/cc/cr390c/cr897c:7cKc,2hQc|/3d4d7s/4c/Qd:-1587,1587(-384.798906)
892:Player,BR:0cc/cc/cc/r300c:2cTh,3cQd|/3d6c7s/Qh/9d:-400,400(-280.772349)
893:BR,Player:0f:7hJh,4s9c|:50,-50(50.000000)
894:Player,BR:0cc/cc/r130c/r299c:5d6s,KcAd|/3c4c8d/Ah/8s:-529,529(-434.498497)
895:BR,Player:0r130c/cc/cr115c/cc:5c9d,9hKd|/4h5dTd/8s/8c:345,-345(178.352663)
896:Player,BR:0cc/cc/cc/cc:ThJd,6c9c|/2cJsAh/8d/2d:100,-100(81.459410)
897:BR,Player:0r200c/cc/cc/cc:2hJh,6c8h|/8sJcAc/7h/Ks:300,-300(201.521756)
898:Player,BR:0cc/cc/r300c/cc:4s9d,2h8s|/2c6sTh/8h/Ks:-400,400(-391.735754)
899:BR,Player:0r200c/cc/cc/cr600f:2d4d,JsKs|/5sJcQh/4h/8h:-300,300(-300.000000)
900:Player,BR:0cr300f:QsQd,2d5s|:100,-100(100.000000)
901:BR,Player:0cc/cc/cc/cr200c:4sTh,6hQd|/JdKsKd/9s/Tc:-300,300(-53.315473)
902:Player,BR:0cr300c/cc/r200c/cc:6s9c,JsAh|/3c5hJh/6h/Qs:-600,600(-528.874460)
903:BR,Player:0r200c/cc/cc/cc:8dQs,4sAc|/TdJdQd/4h/6s:300,-300(300.000000)
904:Player,BR:0cr300c/r520c/r1196c/cc:5cQh,3sTc|/2c7hTh/9h/Kd:-2116,2116(-2116.000000)
905:BR,Player:0r130c/cr299c/cc/cc:2s2d,6sTd|/3s4sJc/Th/4d:-529,529(175.772288)
906:Player,BR:0cc/cc/cc/r200c:ThKd,5c6c|/4s9cJc/4c/Kh:-300,300(-274.978124)
907:BR,Player:0r200c/cc/cc/cc:5cKc,8cAh|/2h3c9s/4s/Qd:-300,300(-300.000000)
908:Player,BR:0cc/cc/cc/cc:3d8h,4s5h|/5s9cKh/Ac/3h:-100,100(-58.587491)
909:BR,Player:0f:3c6c,2c8d|:50,-50(50.000000)
910:Player,BR:0cc/cc/r130c/cc:2s3h,3d5h|/4s5c7h/4c/6h:0,-0(-161.057357)
911:BR,Player:0r130c/cr299f:4d9h,7d9d|/5hQhKc:-230,230(-230.000000)
912:Player,BR:0cc/cc/r130c/cc:JhKs,7c9h|/2c7dJc/6s/Kc:230,-230(-156.317444)
913:BR,Player:0r130c/cc/cr460c/cc:2s5c,3h9h|/5hThTd/Kc/9d:-690,690(242.294103)
914:Player,BR:0cr300f:3s3c,4c5d|:100,-100(100.000000)
915:BR,Player:0r130c/cc/cr460c/cr1380c:7cJc,5cTc|/4c7s9c/3s/4s:2070,-2070(2070.000000)
916:Player,BR:0cr200c/r390c/cc/r897c:2hJh,8sQd|/7h9dQc/Js/Qs:-1587,1587(-1576.214926)
917:BR,Player:0r300c/cc/cr520c/cr1196c:5dJs,6cJd|/7h9dKc/Qs/5s:2116,-2116(1794.158619)
918:Player,BR:0cc/cc/cc/cc:2d8d,2s3s|/5h9hAd/Js/Ks:100,-100(97.712623)
919:BR,Player:0r300f:2d3s,3h4h|:-100,100(-100.000000)
920:Player,BR:0cr200c/cc/cc/cc:3h5h,9cQd|/2h6cQh/2d/4s:300,-300(-294.053161)
921:BR,Player:0f:4c8d,2s8h|:50,-50(50.000000)
922:Player,BR:0cc/cc/r130c/r115c:5sTs,6dKs|/4sJdQh/2s/5h:345,-345(229.532435)
923:BR,Player:0cc/cc/cc/cc:ThAh,TsQc|/3c8c9d/As/7c:100,-100(100.000000)
924:Player,BR:0cc/cc/r130f:6dKh,4c9c|/7sKsAs/Ac:100,-100(100.000000)
925:BR,Player:0r130c/cc/cr115c/cr1035c:5hKh,4dTd|/6d9hJd/Jh/Qc:1380,-1380(1115.085141)
926:Player,BR:0cr300c/r520c/cc/cc:5hAs,4sKd|/3h3cKs/Td/6s:-920,920(-850.822857)
927:BR,Player:0cc/cc/cc/cr130c:2h9s,7cJc|/7d8hTd/2s/5c:-230,230(-74.965013)
928:Player,BR:0cc/cc/cc/cc:5c6s,4hQc|/ThJcQs/3s/7h:-100,100(-80.790015)
929:BR,Player:0r130c/cc/cc/cr299f:5d9d,5hKs|/7sKdAc/8s/4h:-230,230(-230.000000)
930:Player,BR:0cc/r130c/cc/r299f:4sQc,7sJh|/2d5h6c/Ad/9d:230,-230(230.000000)
931:BR,Player:0r130c/cc/cr460c/cr2070c:KsKd,8hAh|/7dAdAc/5s/Tc:-2760,2760(1910.312107)
932:Player,BR:0cr300f:4dAd,3h7c|:100,-100(100.000000)
933:BR,Player:0r130c/cc/cr115c/cr448c:6sQh,5hKh|/9sThAc/8d/6d:793,-793(236.780300)
934:Player,BR:0cc/cc/cc/cc:3s8d,QhKd|/4dTcQc/9h/2s:-100,100(-96.118513)
935:BR,Player:0r130c/cr299c/cr1587f:4h5h,6d7s|/2d8hTh/Ac:-529,529(-529.000000)
936:Player,BR:0cr200c/cc/r390f:5sAs,5d5c|/6sJhAh/3s:300,-300(300.000000)
937:BR,Player:0r130c/cr299c/cc/cr1058c:6dTh,4hQs|/6h8dAc/Qc/Qd:-1587,1587(-87.284396)
938:Player,BR:0cr600c/cc/r140c/r168c:JhJc,9sAh|/2d2cQd/7s/Ad:-1008,1008(-775.774443)
939:BR,Player:0r130c/cc/cr115c/cr1035f:6dJc,5sKh|/JhJdKc/7d/Ks:-345,345(-345.000000)
940:Player,BR:0cc/cc/r200c/r150f:7h9s,9dKs|/2d3hAh/7d/8c:300,-300(300.000000)
941:BR,Player:0r130c/cr299c/cr1058c/cr2063c:2cQc,2d3d|/2s3sJd/Kc/Td:-3650,3650(-119.127910)
942:Player,BR:0cc/cc/cc/cc:3dJc,4c8d|/5s6cAd/Ah/8c:-100,100(-89.174536)
943:BR,Player:0r130c/cc/cc/cc:9hTd,4sAs|/4d6hQh/9s/Jd:230,-230(230.000000)
944:Player,BR:0cr300f:5h6c,4h8s|:100,-100(100.000000)
945:BR,Player:0r130c/cc/cc/cc:8cTd,QdAc|/5sJdKs/8h/3h:230,-230(230.000000)
946:Player,BR:0cc/cc/cc/r130c:8dTs,2c9h|/3sQhAh/8s/2h:230,-230(84.224499)
947:BR,Player:0r200c/cc/cc/cc:5s8h,3cQd|/8s8cKd/Ts/9s:300,-300(300.000000)
948:Player,BR:0cr300c/cc/cc/cc:8sQs,4dAs|/5d8cJh/2d/3h:-400,400(-400.000000)
949:BR,Player:0r130c/cr299c/cr687f:2cQc,7cQd|/6d8hTs/5s:-529,529(-529.000000)
950:Player,BR:0cr300c/cc/r200c/cc:QcAd,2dJc|/4c6hKh/4h/5c:600,-600(591.276232)
951:BR,Player:0r130c/cc/cc/cr299c:4dKc,7sQd|/2h6d9h/Ks/Jd:529,-529(442.678441)
952:Player,BR:0cc/cc/r130c/cc:2h6s,3cTc|/4d5cAs/4s/2c:-230,230(-172.052835)
953:BR,Player:0r130c/cr299c/cc/cc:8dQc,5d7h|/4d7sJc/Ac/2s:-529,529(-169.392352)
954:Player,BR:0cc/cc/r200f:6sJh,2d3h|/5d7cTd/Kc:100,-100(100.000000)
955:BR,Player:0r130c/cc/cr299f:5c7h,8s8d|/6s9dQh/Qd:-230,230(-230.000000)
956:Player,BR:0cr200c/cc/cc/cc:KcAc,TsJc|/TdKhAd/3s/2h:300,-300(-201.153432)
957:BR,Player:0r130c/cc/cc/cc:2c7s,8dTd|/3c6dQh/6s/8h:-230,230(-230.000000)
958:Player,BR:0cc/cc/cc/r130f:5c7d,5hQh|/9h9dTs/7s/Ac:100,-100(100.000000)
959:BR,Player:0r200c/cr900f:3s4s,8cKc|/7h8sKh:-300,300(-300.000000)
960:Player,BR:0cr300f:QhKc,2s3h|:100,-100(100.000000)
961:BR,Player:0r130c/cr299f:4s8h,6s9s|/5s6d9d:-230,230(-230.000000)
962:Player,BR:0cc/cc/cc/r130c:4c6s,7d9s|/7h8dAs/6c/3c:-230,230(-39.497148)
963:BR,Player:0r130c/cr299c/cc/cr1058c:4c9d,JcQs|/3c7sAc/4h/5s:1587,-1587(-386.506707)
964:Player,BR:0cc/cc/cc/cc:7sKd,8sKs|/3d4d9c/5d/9d:100,-100(76.220319)
965:BR,Player:0r130c/cc/cc/cc:5cJh,4cQd|/JdKsAs/4h/Kc:230,-230(205.441019)
966:Player,BR:0cr130c/cc/cc/cc:5s5d,3c6d|/8sTcKs/2d/Jh:230,-230(230.000000)
967:BR,Player:0r130c/cr299f:6cTs,8sQs|/5d8dQc:-230,230(-230.000000)
968:Player,BR:0cc/cc/cc/r130f:6s7h,4h9s|/3h3cKd/2c/Ks:100,-100(100.000000)
969:BR,Player:0r130c/cr299c/cr1058c/cc:7dTh,9cTd|/3h4dTs/8s/Js:-1587,1587(226.237919)
970:Player,BR:0cr130c/cc/cc/r299f:TsQc,5s7s|/9dQhAh/8s/8c:230,-230(230.000000)
971:BR,Player:0r130c/cc/cc/cc:7sAd,TcAc|/4h4cQh/Jd/7c:230,-230(230.000000)
972:Player,BR:0cr200c/cc/r900c/r2400c:8dQc,7cQd|/2h8cJh/Qs/7d:3600,-3600(-1738.006695)
973:BR,Player:0r130c/cr299f:3dTs,6sQh|/6c7sQd:-230,230(-230.000000)
974:Player,BR:0cc/cc/cc/r130c:4c5h,5c8d|/4h7dTc/5d/5s:230,-230(-197.211825)
975:BR,Player:0r200c/cr390c/cc/cr897c:3c5d,QdKc|/5hAsAc/3s/2c:1587,-1587(657.763329)
976:Player,BR:0cc/cc/cc/cc:3c8s,2cJs|/5s6sTd/3s/2d:100,-100(49.670170)
977:BR,Player:0cc/cc/cr130c/cr690c:5dQd,5s8d|/6s6dJh/Js/7d:920,-920(907.439504)
978:Player,BR:0cc/cc/cc/cc:3c7d,4c6c|/3h8hTd/9h/Kd:100,-100(85.786677)
979:BR,Player:0cc/cc/cr130c/cc:5dQh,3c6d|/6c8dKh/Ks/Qc:230,-230(230.000000)
980:Player,BR:0cc/cc/cc/cc:6s7c,3s8c|/8hJsJh/Th/3d:-100,100(-63.805935)
981:BR,Player:0r200c/cr390c/cr345c/cc:7d7c,8h8c|/3d7h9c/4d/Ad:1035,-1035(1035.000000)
982:Player,BR:0cr130c/r299c/cc/cc:5h8c,6d9s|/2h9hTd/Jd/8s:-529,529(107.093290)
983:BR,Player:0cc/cr130f:5s9c,JsKc|/3s3dAh:-100,100(-100.000000)
984:Player,BR:0cr300c/cc/cc/cc:ThAs,KsAh|/4d7sQs/8d/7h:-400,400(-196.322470)
985:BR,Player:0cc/cc/cc/cc:6d9h,4s8d|/5c8s9s/6s/Jc:100,-100(100.000000)
986:Player,BR:0cc/cc/cc/cc:7dAc,9sTh|/5s7cQs/7s/8c:100,-100(69.705803)
987:BR,Player:0r130c/cr299c/cr1058c/cc:JhAc,5cTs|/2c7d8s/Ad/4s:1587,-1587(1587.000000)
988:Player,BR:0cr300c/r1200c/cc/cc:5hAh,9dTd|/7h8sQd/5s/7c:1600,-1600(1600.000000)
989:BR,Player:0r300c/cc/cc/cc:7sJd,8sKh|/5hJsQs/Jc/7h:400,-400(400.000000)
990:Player,BR:0cr300c/cc/r200c/r300f:ThKd,2sJc|/4c7hAc/Ah/Kh:600,-600(600.000000)
991:BR,Player:0r130c/cc/cc/cr460c:5dJc,2s5s|/4cTdQd/Jd/3h:690,-690(-187.445428)
992:Player,BR:0cr300c/cc/cc/cc:7sJs,QhAc|/5c7h9c/8s/6h:0,-0(7.977403)
993:BR,Player:0r130c/cr299c/cc/cc:7hJh,4s8h|/3s6hJc/As/Ad:529,-529(529.000000)
994:Player,BR:0cr300f:2sQs,4d9h|:100,-100(100.000000)
995:BR,Player:0r130c/cr299c/cc/cc:QhKh,9dAs|/5h6d7d/Ks/5d:529,-529(529.000000)
996:Player,BR:0cc/cc/cc/cc:4hAs,QdKc|/3s3cAh/7s/Kh:100,-100(-73.596246)
997:BR,Player:0r130c/cr299f:2c7d,9dQh|/5cJdKh:-230,230(-230.000000)
998:Player,BR:0cc/cc/cc/cc:3hTd,9cAs|/7hTcQc/Js/8s:-100,100(-94.061748)
999:BR,Player:0r200c/cc/cc/cc:7cKc,3h5s|/5cTdKd/7d/Qs:300,-300(300.000000)
1000:Player,BR:0cr300c/r520c/cc/cc:4h4c,3dQh|/4s5c7h/6d/7c:920,-920(-629.354315)
RAW BR STATS: n=1000, sum=67091.000000, sum_sq=1528529121.000000, vr_sum=89605.355144, vr_sum_sq=756173234.088189
BR STATS: 67.091000(76.516048), 89.605355(53.610357)
RESULTS
1)BR: 67091
2)Player: -67091
