In config file: GAME_DEF=game_def.fullholdem
In config file: ACTIONS_R0=F,C
In config file: ACTIONS_R1=F,C
In config file: ACTIONS_R2=F,C
In config file: ACTIONS_R3=F,C
Loading player: rgbr_nl_cprg.so
Player args: /home/viliam/cprg/project_uoapoker/trunk/src/c/meta_player.so /home/viliam/cprg/project_uoapoker/trunk/src/c/acpc14.map
Using seed 48.
1:Player,BR:0cr200f:4h4d,2d7h|:100,-100(100.000000)
2:BR,Player:0cc/cr200c/cr390c/cc:5c6h,3c6d|/2d5dTs/9d/9h:690,-690(442.664254)
3:Player,BR:0cc/cc/r130c/r460f:4sTs,JcAc|/4c6d7c/4d/7h:230,-230(230.000000)
4:BR,Player:0r200c/cc/cc/cc:6h8s,5hJh|/3sQhKd/Ah/2c:-300,300(-300.000000)
5:Player,BR:0cc/cc/cc/r130c:7hJc,6c7c|/2sTcAh/3c/7s:230,-230(-2.477018)
6:BR,Player:0f:2h5d,2cJh|:50,-50(50.000000)
7:Player,BR:0cc/cc/cc/cc:6cJs,5dJc|/4h8dJd/Ad/Ks:0,-0(-69.144919)
8:BR,Player:0r200c/cc/cr390c/cc:3sKd,8sQs|/4d5dTs/7d/5h:690,-690(-416.812983)
9:Player,BR:0cr600f:5dAd,2cJc|:100,-100(100.000000)
10:BR,Player:0r130c/cc/cc/cr299f:2h5s,8cKc|/QsAhAd/3c/Kd:-230,230(-230.000000)
11:Player,BR:0cc/cc/cc/cc:7sTc,KcAs|/3c4sQh/Kd/4d:-100,100(-81.922755)
12:BR,Player:0r130c/cc/cc/cr299c:3d6s,TsJs|/4c6cKh/Qs/Th:-529,529(-223.835163)
13:Player,BR:0cc/cc/cc/cc:3sKd,9sAh|/8sJcAd/7d/8d:-100,100(-65.104257)
14:BR,Player:0r200c/cc/cc/cc:7sJs,JcAs|/7h9hTd/3c/5c:300,-300(300.000000)
15:Player,BR:0cc/cc/cc/r130f:6s9h,2d7s|/3dTsKh/9c/Ad:100,-100(100.000000)
16:BR,Player:0r130c/cr460c/cr2070c/cr8280f:6d9d,6h8c|/3c4d5c/7h/6s:-2760,2760(-2760.000000)
17:Player,BR:0cr300c/cc/r200c/r300c:QdAc,9sAh|/5cJhKd/As/5s:0,-0(-77.465350)
18:BR,Player:0r130c/cc/cc/cc:5dTc,7cKs|/9dQcAd/4c/Js:-230,230(-230.000000)
19:Player,BR:0cc/cc/cc/cc:7sKd,KsKh|/8dJdQs/2c/5d:-100,100(-86.755971)
20:BR,Player:0r130c/cr460c/cc/cc:5h9d,6hTd|/5dQcAd/2s/5s:690,-690(690.000000)
21:Player,BR:0cr200c/cc/cc/cc:6d7h,6cQs|/8cTdJs/9d/Th:-300,300(-269.177953)
22:BR,Player:0cc/cc/cr130c/cc:4c5h,7dAc|/4h5c6h/3h/2h:230,-230(230.000000)
23:Player,BR:0cc/cc/r130c/r299c:2s6h,TdTc|/5h7d8s/8d/8c:-529,529(-470.643035)
24:BR,Player:0cc/cr130f:4d7h,4c8d|/2h5hQd:-100,100(-100.000000)
25:Player,BR:0cc/cc/r130c/cc:4h5s,4c5d|/2d3sAh/2s/8s:0,-0(-227.409262)
26:BR,Player:0r130c/cr299f:3c7c,4s7d|/TcJdKd:-230,230(-230.000000)
27:Player,BR:0cc/cc/cc/r130c:2sJc,3cJh|/6h8dKd/7h/Js:0,-0(-144.050100)
28:BR,Player:0cc/cc/cc/cc:8cAs,2dKd|/7s8hAh/Ad/Tc:100,-100(100.000000)
29:Player,BR:0cc/cc/cc/r130c:8h9c,4hAc|/3dQdAs/Ad/5s:-230,230(-218.216924)
30:BR,Player:0r200c/cc/cc/cr600c:5cKd,7sJd|/9dTdTc/6h/3c:900,-900(734.631544)
31:Player,BR:0cr300c/cc/r520c/r1196c:3h4s,JhKs|/TdKcAs/7h/Kd:-2116,2116(-1860.124864)
32:BR,Player:0r130c/cc/cr115f:8hTd,3sAh|/5s7hAs/Ad:-230,230(-230.000000)
33:Player,BR:0cr300c/cc/r1200c/r320c:8c9d,TsJs|/2s6cTd/3h/8s:-1920,1920(-813.535883)
34:BR,Player:0f:JdAh,4h9c|:50,-50(50.000000)
35:Player,BR:0cr300c/r520c/r460c/cc:KsAc,7cQh|/2s3s3c/8d/9d:1380,-1380(1370.139078)
36:BR,Player:0r200c/cc/cc/cr600c:6c7s,8c9d|/3c4sAs/8s/5d:900,-900(868.831238)
37:Player,BR:0cr300f:TcQh,3d4s|:100,-100(100.000000)
38:BR,Player:0r130c/cc/cr299c/cc:2hJs,8dQd|/2d4h7h/5d/9s:529,-529(-161.091340)
39:Player,BR:0cc/cc/cc/cc:TdQh,8dJd|/3c7sAd/9s/5c:100,-100(85.236041)
40:BR,Player:0r200c/cc/cc/cc:5dQc,4d6h|/8dTsTc/As/6s:-300,300(-258.414712)
41:Player,BR:0cc/cc/cc/r200f:7sQs,2c3c|/7cKhKd/7d/Td:100,-100(100.000000)
42:BR,Player:0r130c/cr299c/cc/cc:6d8s,9sJs|/2c6sKs/Ad/Kc:529,-529(308.312989)
43:Player,BR:0cr300c/cc/r2400c/r3640f:KsKd,8cTs|/6s7cTh/2c/4h:2800,-2800(2800.000000)
44:BR,Player:0cc/cr130c/cr460c/cc:8cJs,7hAs|/3s5cKc/6s/5d:-690,690(-108.613071)
45:Player,BR:0cr300f:JhJd,2h7c|:100,-100(100.000000)
46:BR,Player:0r200c/cr390c/cc/cr897f:9dTs,JcAs|/5h8hAd/7h/Kd:-690,690(-690.000000)
47:Player,BR:0cc/cc/r130f:8cAh,2d5c|/4sThAs/9c:100,-100(100.000000)
48:BR,Player:0r130c/cc/cr115c/cc:7hQc,5d8s|/9cJcAs/6c/Jh:345,-345(-75.774062)
49:Player,BR:0cc/cc/r130c/cc:5h9h,3sJd|/7d8hQs/Kc/5d:230,-230(5.312310)
50:BR,Player:0r130c/cr460c/cc/cc:3cKs,8s9s|/2cThJs/6c/Jd:690,-690(172.625871)
51:Player,BR:0cc/cc/cc/r130f:8c9d,5sQh|/4s9sTc/Kh/6d:100,-100(100.000000)
52:BR,Player:0r130c/cc/cc/cc:8sQh,4cQd|/4h8d9h/As/6s:230,-230(230.000000)
53:Player,BR:0cr130c/cc/r115c/r172c:4hAh,9dAs|/3d4s7h/3c/2c:517,-517(271.966881)
54:BR,Player:0r130c/cc/cc/cr299f:6cKc,5s6d|/5d9hTs/4d/4c:-230,230(-230.000000)
55:Player,BR:0cc/cc/cc/r130f:2h6c,7sQc|/4d9s9d/Jd/6h:100,-100(100.000000)
56:BR,Player:0r130c/cc/cc/cc:6cTc,4sJd|/QsQcAc/Js/8c:230,-230(230.000000)
57:Player,BR:0cc/cc/cc/r130f:2c4d,6sAc|/7dTdKs/Kd/5s:100,-100(100.000000)
58:BR,Player:0r130c/cr299c/cc/cc:TcQs,9cAs|/6s8cJh/9s/5s:529,-529(529.000000)
59:Player,BR:0cc/cc/cc/r200f:5hKc,4dKd|/3h6hTh/Ah/Ks:100,-100(100.000000)
60:BR,Player:0r130c/cc/cc/cr299c:TsJd,3dAh|/5h6cAd/6s/Ac:-529,529(-118.468942)
61:Player,BR:0cr200c/cc/cc/cc:9hAh,QsQh|/4c5s8d/6c/3s:-300,300(-251.531627)
62:BR,Player:0cc/cc/cc/cc:5s9c,3dAc|/2c7hKs/4s/Qc:-100,100(-100.000000)
63:Player,BR:0cr600c/cc/cc/r140c:QdAd,8s8h|/3d6d9d/Qh/2d:840,-840(-467.437586)
64:BR,Player:0r130c/cc/cc/cc:7cAs,5dAh|/4dJhKc/9d/6d:230,-230(-124.824501)
65:Player,BR:0cr300c/cc/r200c/r120c:4d7d,3cAs|/4h7cAc/Ad/Kc:-720,720(-650.657429)
66:BR,Player:0r130c/cr299c/cr687f:JsQs,6c8d|/2h4c9c/5c:-529,529(-529.000000)
67:Player,BR:0cc/cc/cc/cc:3cKc,6s6d|/3sJsQs/Tc/Qd:-100,100(-69.197996)
68:BR,Player:0cc/cr130c/cc/cc:3sAh,2hQd|/2s9d9c/5c/Jc:-230,230(-226.852498)
69:Player,BR:0cr300c/cc/r200c/cc:5sQh,3dKc|/2d2c7s/6d/6s:-600,600(395.557106)
70:BR,Player:0f:3dKh,2s6h|:50,-50(50.000000)
71:Player,BR:0cc/cc/r130c/r299f:7hAc,4sTd|/JsKcAd/2s/5s:230,-230(230.000000)
72:BR,Player:0f:7h8d,2s4c|:50,-50(50.000000)
73:Player,BR:0cr300c/cc/r520c/r1196c:6h9d,8dJd|/4d5hJc/5d/4c:-2116,2116(-1900.109894)
74:BR,Player:0r130c/cc/cr299f:6sTc,6h6d|/4d7sJs/3h:-230,230(-230.000000)
75:Player,BR:0cc/cc/cc/r300c:5sJh,TsJs|/2d3h6c/6h/9d:-400,400(-177.816582)
76:BR,Player:0r130c/cr460f:3cTc,3s5d|/2d4h6c:-230,230(-230.000000)
77:Player,BR:0cr200c/r390c/cc/r1380f:6cQc,6dKd|/2d7cTh/4s/Qh:690,-690(690.000000)
78:BR,Player:0r200c/cc/cc/cr600f:7s9s,8cKd|/4h6sKs/Qh/Tc:-300,300(-300.000000)
79:Player,BR:0cc/cc/cc/cc:5dQh,4sAc|/8cKsKh/2d/As:-100,100(-83.407810)
80:BR,Player:0cc/cc/cc/cc:QcKc,6d6c|/3c7hKd/9c/8s:100,-100(100.000000)
81:Player,BR:0cc/cc/cc/cc:2sJd,3d8d|/5sKcAs/3h/Kd:-100,100(-89.040521)
82:BR,Player:0cc/cr130c/cc/cr460f:4d8h,TsJh|/4s5c9s/Qc/3h:-230,230(-230.000000)
83:Player,BR:0cr300c/r520c/r1840c/r552f:QsAh,9dJs|/9hTcAc/Ks/Ts:2760,-2760(2760.000000)
84:BR,Player:0r130c/cc/cc/cr460c:4h6h,JsKd|/5c7d8h/4s/9h:690,-690(667.474338)
85:Player,BR:0cr600c/r1400f:JsKc,3cQc|/2s7h9s:700,-700(700.000000)
86:BR,Player:0r200c/cc/cc/cr390c:4sTc,6h7c|/2sTdQc/9s/Qd:690,-690(551.371174)
87:Player,BR:0cr300c/cc/r200c/r120c:4d8d,6c7s|/4h5s7d/5h/Js:-720,720(-298.384470)
88:BR,Player:0r200c/cr390c/cc/cc:JdQh,8sAd|/3h5c7s/Qs/4d:690,-690(690.000000)
89:Player,BR:0cc/cc/r200f:8c9h,6c7h|/4sQcKs/2d:100,-100(100.000000)
90:BR,Player:0r130c/cc/cr460c/cc:3dQd,6sQs|/5d8dAh/2c/8s:-690,690(-390.164593)
91:Player,BR:0cr200c/cc/r600c/r1800f:KcAs,JsKs|/2s3s3h/Kh/4d:900,-900(900.000000)
92:BR,Player:0cc/cr130c/cr299f:8sKd,7sQs|/5s5dQd/Js:-230,230(-230.000000)
93:Player,BR:0cc/cc/cc/r130f:2s7s,4s9s|/6d7h8c/9c/7d:100,-100(100.000000)
94:BR,Player:0r130c/cc/cr115c/cc:5s6h,2d8d|/7c9cQs/7d/2h:-345,345(-345.000000)
95:Player,BR:0cr300f:KhAc,2h4s|:100,-100(100.000000)
96:BR,Player:0f:8c9h,2cTd|:50,-50(50.000000)
97:Player,BR:0cr200c/cc/cc/cc:KsAh,4s7s|/2s8sJh/3s/7d:-300,300(-291.252401)
98:BR,Player:0cc/cc/cc/cc:7cJd,3cQd|/7hKhAs/Td/Ah:100,-100(85.830740)
99:Player,BR:0cr130c/cc/cc/cc:7sAc,4hQd|/6sTdKd/5d/7d:-230,230(-217.286150)
100:BR,Player:0cc/cr200c/cr600f:JhQd,4hAs|/AhAdAc/8c:-300,300(-300.000000)
101:Player,BR:0cr300c/cc/r800f:5cQc,6dJd|/2s8s9d/Tc:400,-400(400.000000)
102:BR,Player:0r130c/cc/cc/cc:3s7h,5hAs|/2dJsJc/Kc/8c:-230,230(-230.000000)
103:Player,BR:0cr200c/cc/r150c/cc:7s8d,4s7c|/4hThQh/Kd/Ts:-450,450(61.546569)
104:BR,Player:0f:9cTc,2h9s|:50,-50(50.000000)
105:Player,BR:0cc/cc/cc/r200f:9dKc,6cKh|/4s9cQs/6h/5h:100,-100(100.000000)
106:BR,Player:0r130c/cc/cc/cc:2d6s,7d8d|/JhKcAs/7c/Qc:-230,230(-230.000000)
107:Player,BR:0cr300c/cc/cc/cc:KsAs,2dJd|/3c5d8h/9d/3s:400,-400(396.414549)
108:BR,Player:0r130c/cr299c/cr1058c/cr4761f:7dAh,9cAc|/4s9dKs/9h/Qh:-1587,1587(-1587.000000)
109:Player,BR:0cc/cc/cc/cc:3sAd,7s8d|/3cJcQd/6d/4s:100,-100(95.042283)
110:BR,Player:0cc/cr130c/cc/cc:7hAc,5c8d|/3s3d6h/Td/Ts:230,-230(159.885200)
111:Player,BR:0cr300c/r520c/r1196c/r2750f:4dAd,8sAc|/4cJhAs/5c/7d:2116,-2116(2116.000000)
112:BR,Player:0r130c/cc/cc/cc:6c9c,6hJd|/5hKcAs/Jc/Kd:-230,230(-230.000000)
113:Player,BR:0cc/cc/cc/cc:3dKh,6dAc|/5sJsJh/7c/8d:-100,100(-55.396234)
114:BR,Player:0r130c/cr460c/cc/cr1380c:6dQd,6sAc|/2d5d7h/Ah/9d:2070,-2070(1838.995062)
115:Player,BR:0cc/cc/cc/cc:5hJh,6cQh|/5cTdQd/Ks/8d:-100,100(-78.736487)
116:BR,Player:0cc/cc/cr130c/cc:TcQs,3cTs|/9sJcKh/8c/6d:230,-230(230.000000)
117:Player,BR:0cr300c/r800c/cc/r240f:4h6c,KdAd|/2c5c8h/6d/4d:1200,-1200(1200.000000)
118:BR,Player:0r600c/cc/cr910f:9cTh,4d6d|/7d8c9h/5h:-700,700(-700.000000)
119:Player,BR:0cr200c/cc/cc/cc:7s7c,3d5d|/TsJsJc/Ks/9d:300,-300(281.059331)
120:BR,Player:0r200c/cr390c/cr1380c/cc:9sKs,2sAh|/3h7h8s/Qc/8d:-2070,2070(-497.678842)
121:Player,BR:0cr600c/cc/cc/r2100c:8cTs,4cKh|/7d8dKs/4s/Td:-2800,2800(-1354.152015)
122:BR,Player:0f:2c5s,2s5h|:50,-50(50.000000)
123:Player,BR:0cr300c/cc/r200c/r120f:4h5h,TdQh|/5d7cKc/2c/2h:600,-600(600.000000)
124:BR,Player:0r130c/cc/cc/cc:4cQc,3h3d|/8sJsAs/Ks/2c:-230,230(-230.000000)
125:Player,BR:0cr200c/r390c/r897c/cc:8cJc,JdKs|/5d9hQc/5c/2d:-1587,1587(-342.991218)
126:BR,Player:0r200c/cc/cr150f:3h6h,5d8c|/4h9sJs/8d:-300,300(-300.000000)
127:Player,BR:0cc/cc/cc/cc:3d4h,9cKs|/6h7c8h/2d/5h:-100,100(-97.964700)
128:BR,Player:0f:7hQs,3d7c|:50,-50(50.000000)
129:Player,BR:0cc/cc/cc/r130f:9hJd,2hKd|/3c6c7h/2c/6d:100,-100(100.000000)
130:BR,Player:0r130c/cr299f:3s5c,4d7h|/2s6sQc:-230,230(-230.000000)
131:Player,BR:0cc/cc/r130c/r299f:9hTd,2s3c|/2d6s9d/5c/Kh:230,-230(230.000000)
132:BR,Player:0cc/cc/cc/cc:6dAc,6sJs|/6h7cTs/9c/9s:100,-100(100.000000)
133:Player,BR:0cc/cc/cc/cc:7cTd,5dKh|/7d8dJd/2c/Kc:-100,100(-71.319564)
134:BR,Player:0f:QdKd,4s9c|:50,-50(50.000000)
135:Player,BR:0cr300c/cc/cc/cc:8hQh,3hKh|/3d4c9s/5h/Ac:-400,400(-55.020616)
136:BR,Player:0r130c/cc/cc/cr299c:9dAc,QcAd|/3h6c9h/6s/5h:529,-529(501.348649)
137:Player,BR:0cr600f:JhAd,3h7d|:100,-100(100.000000)
138:BR,Player:0cc/cc/cr130c/cr1380f:JsJh,4h9d|/4c9sQc/8d/9h:-230,230(-230.000000)
139:Player,BR:0cc/cc/cc/r130c:7c9s,7h8s|/5h7sJc/Kh/2s:230,-230(-7.096544)
140:BR,Player:0r130c/cr299c/cc/cc:4c5h,ThJc|/3h4sQh/2c/Qd:529,-529(529.000000)
141:Player,BR:0cr300f:5sQh,5d8h|:100,-100(100.000000)
142:BR,Player:0r130c/cc/cc/cr460f:7sQc,6s7c|/3h4hAc/4d/Ts:-230,230(-230.000000)
143:Player,BR:0cr300c/cc/cc/r200f:8d9c,2sJs|/2h9dAc/6h/3c:400,-400(400.000000)
144:BR,Player:0r130c/cc/cc/cr299c:JsJh,9dQd|/5cTcAs/6h/2c:529,-529(328.535530)
145:Player,BR:0cr300c/cc/r520c/r184f:QdKc,6hQc|/3sKdAc/Jd/6s:920,-920(920.000000)
146:BR,Player:0r200c/cc/cr150c/cc:3d6d,ThAs|/4dTdKc/2c/Jc:-450,450(-450.000000)
147:Player,BR:0cc/cc/cc/cc:2c8h,3dTh|/7hKdAd/9h/Qd:-100,100(47.364422)
148:BR,Player:0r130c/cc/cc/cr299f:5dTd,6dAs|/6cQhKs/8d/Ah:-230,230(-230.000000)
149:Player,BR:0cr300f:4d7s,2s7c|:100,-100(100.000000)
150:BR,Player:0r130c/cc/cc/cr299f:2s2d,4hQd|/6h7sQh/8h/Ac:-230,230(-230.000000)
151:Player,BR:0cr300c/cc/r200c/cc:8dAs,7sTh|/5d6s6h/3d/Kh:600,-600(583.620650)
152:BR,Player:0r130c/cc/cc/cr690c:2hQc,9cTd|/6d9dAc/Jh/Th:-920,920(327.341723)
153:Player,BR:0cc/cc/cc/cc:6dQs,JdQc|/4cJcKh/5h/7d:-100,100(-89.740388)
154:BR,Player:0r200c/cc/cc/cc:5cKh,8hQc|/2d5sAd/Ts/Ks:300,-300(300.000000)
155:Player,BR:0cr600f:2hJh,2d8c|:100,-100(100.000000)
156:BR,Player:0cc/cc/cc/cc:3s8s,3dJc|/ThTcKh/4s/8h:100,-100(100.000000)
157:Player,BR:0cr300c/cc/r800c/r1560c:7hJh,TsAc|/2d3s8c/Ad/8s:-2760,2760(-2398.585104)
158:BR,Player:0r130c/cr460c/cc/cc:5d6h,8cKs|/4s6c8d/7s/2c:690,-690(690.000000)
159:Player,BR:0cr200c/r390c/r897c/r2063c:ThKd,5dQs|/5h9hQc/Qd/Ks:-3650,3650(-3587.627053)
160:BR,Player:0cc/cr300c/cc/cr1200f:5hJd,8dTh|/3h5s9h/7d/Jc:-400,400(-400.000000)
161:Player,BR:0cc/cc/cc/cc:2d7c,4d5h|/2c4cTd/Qh/Kh:-100,100(-42.764880)
162:BR,Player:0f:7dAc,3h9s|:50,-50(50.000000)
163:Player,BR:0cr600f:QsAs,5sQc|:100,-100(100.000000)
164:BR,Player:0r300c/cr800c/cc/cc:5d5c,3sJh|/2h2c4d/8s/Kc:1200,-1200(990.083002)
165:Player,BR:0cc/cc/cc/r130c:5sKc,8cKd|/6s8s8d/6h/Ks:-230,230(-230.000000)
166:BR,Player:0cc/cc/cc/cr130f:6dKd,3sKs|/3h7sAh/8d/Ac:-100,100(-100.000000)
167:Player,BR:0cr130c/cc/r299f:JcQc,5s8c|/2s3c7c/Tc:230,-230(230.000000)
168:BR,Player:0f:9hJc,3h8c|:50,-50(50.000000)
169:Player,BR:0cr300c/cc/r200c/r120c:7s7h,6dTs|/2h9cTh/4h/Ad:-720,720(-150.756613)
170:BR,Player:0r130c/cc/cc/cr299c:QsKs,2cJc|/5d8sQd/2s/9d:529,-529(512.181213)
171:Player,BR:0cc/cc/cc/r300c:4h9c,8sKs|/5s6s8d/As/7h:-400,400(-400.000000)
172:BR,Player:0r200c/cc/cr390c/cc:5d9c,6h8h|/5s8sJc/2c/3s:-690,690(-204.325018)
173:Player,BR:0cc/cc/cc/cc:4d9d,7dAh|/2c5sKd/Th/2s:-100,100(-6.415803)
174:BR,Player:0r130c/cr299c/cc/cc:QsQh,5sAc|/7s9sKh/Jd/8h:529,-529(359.174573)
175:Player,BR:0cr300c/r520c/cc/cc:5dQd,8dKd|/4sTcAc/Ts/Ah:-920,920(-796.580670)
176:BR,Player:0f:9sTc,3cTd|:50,-50(50.000000)
177:Player,BR:0cr300c/cc/cc/cc:4hAh,5s9h|/7c9dQd/Qs/Jc:-400,400(-322.767493)
178:BR,Player:0r130c/cc/cc/cc:4hAd,4d4c|/5h7sJh/Ah/8c:230,-230(230.000000)
179:Player,BR:0cc/cc/cc/cc:7hQs,4s4d|/TsJcKh/Js/8h:-100,100(-18.442863)
180:BR,Player:0r200c/cr390c/cc/cr897f:6sTc,4cAs|/4s7h8h/Qs/Ad:-690,690(-690.000000)
181:Player,BR:0cc/cc/cc/cc:4sJc,3hTd|/5hQdQc/3c/6d:-100,100(-76.681691)
182:BR,Player:0r200c/cc/cr600f:6sQs,3hKh|/5s9dTs/4d:-300,300(-300.000000)
183:Player,BR:0cc/cc/cc/cc:TcAh,3h9c|/7c8dJh/4h/Jc:100,-100(89.217010)
184:BR,Player:0cc/cc/cc/cr200c:4s6h,2cTc|/6d7h9s/Ks/Jh:300,-300(172.176405)
185:Player,BR:0cr300f:3dTd,4d5c|:100,-100(100.000000)
186:BR,Player:0r130c/cr299c/cr687c/cc:2sTc,KdAh|/5dTsAc/9c/Jc:-1216,1216(-1135.307890)
187:Player,BR:0cr300c/cc/r200c/r1800f:8cTc,5d9h|/8dJdJc/2s/3c:600,-600(600.000000)
188:BR,Player:0r130c/cr299c/cr687f:2d2c,9sQd|/4h8sTc/9c:-529,529(-529.000000)
189:Player,BR:0cc/cc/cc/cc:6c9d,5s7s|/2c3dAh/7c/Jc:-100,100(-67.042111)
190:BR,Player:0f:9sJs,2d9h|:50,-50(50.000000)
191:Player,BR:0cc/cc/cc/cc:4s7h,5h7c|/3d8sTh/7s/Jh:0,-0(-33.745066)
192:BR,Player:0r130c/cr299c/cr687c/cc:3cKs,2d3d|/4s5hAh/6d/7s:0,-0(813.985589)
193:Player,BR:0cc/cc/cc/cc:3sJd,5c6h|/2cJsKs/Qc/Qs:100,-100(88.957392)
194:BR,Player:0r200c/cr390f:7h8d,QhQd|/TdJdQc:-300,300(-300.000000)
195:Player,BR:0cc/cc/cc/cc:2s7d,3hKs|/4cKhAc/Qh/7c:-100,100(-82.959913)
196:BR,Player:0f:9hTs,2s6c|:50,-50(50.000000)
197:Player,BR:0cc/cc/cc/cc:9sAd,7cJd|/3d6hQh/8h/3h:100,-100(83.374469)
198:BR,Player:0cc/cc/cc/cc:2hJs,JdAs|/4d7dQs/6s/5d:-100,100(-100.000000)
199:Player,BR:0cr200c/cc/r150c/r585c:2h4h,2d8c|/8h9cTd/4s/7c:-1035,1035(-314.136691)
200:BR,Player:0r130c/cc/cr115c/cr1035f:5h5d,6d8c|/4s9sAh/7c/Qs:-345,345(-345.000000)
201:Player,BR:0cr300c/cc/cc/cc:7dAs,QhQc|/3d4hJc/Ks/Th:-400,400(-301.128948)
202:BR,Player:0r130c/cc/cc/cc:3cQs,TdQd|/4c6hAs/Ad/Ac:-230,230(-101.976027)
203:Player,BR:0cr200c/cc/cc/r150f:ThAc,4sAs|/3s6h8d/5c/8s:300,-300(300.000000)
204:BR,Player:0r200c/cc/cc/cr390c:7hAc,5s8d|/2h2dAd/Td/Ts:690,-690(565.203690)
205:Player,BR:0cr600f:QsQc,2h8h|:100,-100(100.000000)
206:BR,Player:0r200c/cr390c/cr897f:9cKd,8dAd|/4d5h7s/Qd:-690,690(-690.000000)
207:Player,BR:0cc/cc/cc/cc:3c4d,4h9h|/9sJsQd/3s/7s:-100,100(9.503520)
208:BR,Player:0r200c/cc/cc/cr600f:6c7s,TdKh|/7d9s9h/Ts/5h:-300,300(-300.000000)
209:Player,BR:0cc/cc/r200c/r390c:4d7h,AhAd|/2d5dTs/6h/5h:-690,690(-690.000000)
210:BR,Player:0r130c/cc/cc/cc:ThAc,5dKh|/JhAsAd/8c/4d:230,-230(230.000000)
211:Player,BR:0cc/cc/cc/cc:2cJs,QhAh|/TcKcAd/4h/3h:-100,100(-84.289156)
212:BR,Player:0r200c/cr600c/cr2700f:4cQc,3dTd|/7hJdQd/2h:-900,900(-900.000000)
213:Player,BR:0cc/cc/cc/cc:3sAc,7c8c|/2d4d8h/7h/7s:-100,100(-99.787247)
214:BR,Player:0r130c/cr299c/cr1587f:4dTs,7d9c|/2c5c6h/6c:-529,529(-529.000000)
215:Player,BR:0cc/cc/r200f:4d8h,4h6c|/9cThJh/3s:100,-100(100.000000)
216:BR,Player:0r200c/cr600c/cc/cc:8sQc,3d4s|/8cTsQh/As/Ac:900,-900(900.000000)
217:Player,BR:0cr600c/cc/cc/r350c:5sKs,JsAd|/4h8hJh/Kh/2c:1050,-1050(633.251720)
218:BR,Player:0f:TsJc,2h3s|:50,-50(50.000000)
219:Player,BR:0cr200c/r390c/r1380c/r2691c:6c9s,4hAs|/3s4sQh/5h/3d:-4761,4761(-2939.622073)
220:BR,Player:0r130c/cc/cc/cr299f:4s4c,2d6d|/8hTsKh/5s/8s:-230,230(-230.000000)
221:Player,BR:0cc/cc/cc/cc:2c8s,7dAd|/2h6hAs/Js/9c:-100,100(-82.675854)
222:BR,Player:0r130c/cc/cc/cc:2h8h,3s3c|/4dJhKs/8d/6s:230,-230(226.340198)
223:Player,BR:0cr300c/r520c/r1840c/r1380c:QdAh,5h9h|/8s9sAd/9d/Tc:-4140,4140(-3499.880232)
224:BR,Player:0r130c/cr299c/cr264c/cr2379c:7s9s,8dTh|/5c9dKc/7c/2s:3172,-3172(3160.113619)
225:Player,BR:0cc/cc/cc/cc:4cQd,5c9s|/2s7dAc/Ah/2h:100,-100(63.428987)
226:BR,Player:0r130c/cc/cc/cc:2h3h,QhKc|/3c5s9h/Th/5h:230,-230(230.000000)
227:Player,BR:0cc/cc/r130c/r115f:9cKh,8sQs|/4h9sTs/3d/2h:230,-230(230.000000)
228:BR,Player:0f:ThQd,2c4d|:50,-50(50.000000)
229:Player,BR:0cr200c/cc/cc/cc:7dKs,7hAd|/2h8dJs/3s/6c:-300,300(100.046563)
230:BR,Player:0cc/cr200c/cc/cc:JhKs,5h7d|/5c6cQc/Kh/Ac:300,-300(135.267427)
231:Player,BR:0cc/cc/cc/cc:5c6s,3c6c|/2dQsAs/2s/2h:0,-0(64.595001)
232:BR,Player:0r130c/cr460c/cr897f:3sQs,QcAh|/TcJcKd/6h:-690,690(-690.000000)
233:Player,BR:0cc/cc/r300f:3s6d,2h8h|/5s6s6c/6h:100,-100(100.000000)
234:BR,Player:0r130c/cc/cc/cc:4sJs,3c5h|/2s3d6c/8c/Ad:-230,230(-230.000000)
235:Player,BR:0cc/cc/cc/cc:2c9h,TsJc|/2h5cTh/7d/Ac:-100,100(-76.532404)
236:BR,Player:0r130c/cr299c/cc/cc:5c8d,2sKd|/2h4d7c/3c/Jh:-529,529(-529.000000)
237:Player,BR:0cr300c/r520c/cc/cc:2sQs,5h9d|/8d9cJd/7c/Kd:-920,920(-230.751935)
238:BR,Player:0r200c/cr390c/cr345f:3hAs,JhQh|/4sThKs/Qc:-690,690(-690.000000)
239:Player,BR:0cc/cc/r200c/r150c:8sAc,KdAd|/2c9sTc/Jc/Ks:-450,450(-61.522276)
240:BR,Player:0r130c/cc/cc/cr460f:2s4c,TdQh|/5h6cQs/6s/8d:-230,230(-230.000000)
241:Player,BR:0cr600f:2d6d,4d9s|:100,-100(100.000000)
242:BR,Player:0r200c/cc/cc/cc:8sQs,5dJh|/5c8cAh/2s/Td:300,-300(300.000000)
243:Player,BR:0cc/cc/cc/cc:3cAh,2hTs|/5cQcKc/6d/Jd:100,-100(75.900672)
244:BR,Player:0r130c/cr299c/cc/cc:9sAd,6cJd|/2h6sQd/Tc/3c:-529,529(-176.792621)
245:Player,BR:0cr600f:KdAh,5cTd|:100,-100(100.000000)
246:BR,Player:0r130c/cc/cc/cr299c:8dJh,7dTc|/2d6dJd/3h/Td:529,-529(285.702525)
247:Player,BR:0cc/cc/r130c/cc:ThJd,QcAd|/5d6s9h/Kh/7s:-230,230(187.071890)
248:BR,Player:0r130c/cr299f:7s9h,8hQd|/3s4c8c:-230,230(-230.000000)
249:Player,BR:0cr600c/cc/cc/r2100f:JsKd,ThTd|/7d9sJd/6s/4h:700,-700(700.000000)
250:BR,Player:0r130c/cr460c/cc/cr897c:4hQh,5h6d|/9dKdAs/Qd/7h:1587,-1587(-547.175278)
251:Player,BR:0cc/cc/cc/cc:6hKs,6d8s|/4d6c9c/8c/5d:-100,100(-77.457010)
252:BR,Player:0r200c/cr390c/cr345f:8cQh,2d6d|/5d6sKd/Ad:-690,690(-690.000000)
253:Player,BR:0cr300f:ThKd,2c7d|:100,-100(100.000000)
254:BR,Player:0r130c/cc/cr115c/cc:JhAs,7d8d|/7h9h9d/2h/Js:345,-345(345.000000)
255:Player,BR:0cc/cc/r200c/cc:4cJd,3s6c|/2s6dQh/4d/3c:-300,300(-288.739794)
256:BR,Player:0r130c/cr299f:5sTh,6dAc|/9s9hAd:-230,230(-230.000000)
257:Player,BR:0cr200c/cc/cc/r390f:9dJs,4h9s|/TdQsQc/2c/4c:300,-300(300.000000)
258:BR,Player:0f:7dKc,4c9h|:50,-50(50.000000)
259:Player,BR:0cr300f:JhJd,3s8d|:100,-100(100.000000)
260:BR,Player:0cc/cc/cr130c/cr460f:5s7d,5d9h|/5h6s8s/7s/3c:-230,230(-230.000000)
261:Player,BR:0cc/cc/cc/cc:6sJh,4s5c|/7dJdAc/7c/4d:100,-100(-61.828666)
262:BR,Player:0r130c/cc/cr460c/cc:9d9c,7d8h|/4s5cTh/9s/Ac:690,-690(690.000000)
263:Player,BR:0cc/cc/cc/cc:4s9s,5cAc|/8cTdAs/4d/Qc:-100,100(-75.155522)
264:BR,Player:0r300f:4h8s,2dKh|:-100,100(-100.000000)
265:Player,BR:0cr300c/r520c/cc/cc:6dTs,AsAd|/4h5d8d/Kh/7c:920,-920(-533.756914)
266:BR,Player:0cc/cc/cc/cc:6sJd,2hKd|/5s6cAs/6h/4c:100,-100(100.000000)
267:Player,BR:0cc/cc/cc/r130f:7hJh,5d6c|/3c7s8c/Qc/6h:100,-100(100.000000)
268:BR,Player:0f:6hTs,2h3c|:50,-50(50.000000)
269:Player,BR:0cc/cc/cc/cc:3h9s,JsKs|/3c9dKc/Qd/2d:100,-100(-82.455442)
270:BR,Player:0r130c/cc/cc/cr460c:5cQc,2s4s|/4d8cJc/7h/2d:-690,690(58.035807)
271:Player,BR:0cc/cc/r130c/r115f:3dQs,ThJc|/2hJsQd/4c/Ks:230,-230(230.000000)
272:BR,Player:0f:5cKd,3h7s|:50,-50(50.000000)
273:Player,BR:0cr200c/cc/r150c/r225c:7s8s,4c7h|/3h7dQc/4h/6s:-675,675(-431.030316)
274:BR,Player:0r130c/cr299c/cr687c/cr2432f:4hQd,2sAd|/2c8dJd/2d/As:-1216,1216(-1216.000000)
275:Player,BR:0cc/cc/cc/cc:5cTc,2d3c|/4d6sQs/9s/8h:100,-100(99.005681)
276:BR,Player:0r130c/cc/cc/cr299c:5s6s,7s8d|/4c6hKd/8s/9s:-529,529(-146.521992)
277:Player,BR:0cc/cc/r200f:2h4c,5s9s|/3sQdAc/Tc:100,-100(100.000000)
278:BR,Player:0r300c/cc/cr1200c/cc:8cKc,5dJc|/3s7c8d/Qs/6s:1600,-1600(-284.252026)
279:Player,BR:0cc/cc/r200c/r900c:4cJd,JhKc|/3c6c7d/Kh/8h:-1200,1200(-1076.137902)
280:BR,Player:0cc/cc/cr130c/cr690f:2dAh,4sKd|/8sKsKh/8h/Js:-230,230(-230.000000)
281:Player,BR:0cr300c/cc/cc/cc:8hAh,QhKd|/3s6s7c/Jh/Jd:400,-400(203.977606)
282:BR,Player:0r130c/cr299c/cr687c/cc:5hAs,8hQh|/9dTdQs/2s/8c:-1216,1216(-1216.000000)
283:Player,BR:0cc/cc/r130f:4d8c,3d7s|/9hTsAc/9s:100,-100(100.000000)
284:BR,Player:0r130c/cr299c/cc/cc:6d9s,6h9c|/4cKsAs/8d/3s:0,-0(-275.014121)
285:Player,BR:0cc/cc/cc/cc:5hKs,9dJc|/8s8cTc/7h/4s:-100,100(-96.869752)
286:BR,Player:0r200c/cc/cr900c/cr2400c:4dAc,8cTh|/JsJdQh/3d/7c:3600,-3600(3600.000000)
287:Player,BR:0cc/cc/cc/r130c:3dKd,5hJc|/8d9sQd/7s/6s:-230,230(-193.279193)
288:BR,Player:0r130c/cr299c/cr687c/cr1580f:JsAc,TcKd|/ThTdQd/7h/Jh:-1216,1216(-1216.000000)
289:Player,BR:0cc/cc/cc/cc:5dJs,6d8c|/3c5c8h/4c/Kc:-100,100(-74.577146)
290:BR,Player:0r130c/cc/cr115c/cr2070f:8sJh,7hTc|/3cThTd/Ah/Kc:-345,345(-345.000000)
291:Player,BR:0cc/cc/r130c/r299c:2d5s,4cTh|/6cJhAh/4d/Kc:-529,529(25.563171)
292:BR,Player:0r130c/cr299c/cc/cc:3s5c,TdTc|/5s9cQs/Ac/7s:-529,529(-399.710798)
293:Player,BR:0cc/cc/r200c/r600c:2d8s,3h9s|/3d7c9h/6d/4d:-900,900(-326.946348)
294:BR,Player:0r130c/cc/cc/cr460c:5cAh,8sKc|/2s5dQs/8c/3d:-690,690(44.743298)
295:Player,BR:0cc/cc/cc/r130f:4cTh,6cAc|/4hTsKs/Ah/Jh:100,-100(100.000000)
296:BR,Player:0cc/cc/cc/cc:7s8s,2cQd|/5c9hKd/5s/6c:100,-100(100.000000)
297:Player,BR:0cr300f:KsKd,3s4c|:100,-100(100.000000)
298:BR,Player:0cc/cc/cc/cr200c:3d4s,2hKc|/4d4c9h/Kd/5d:300,-300(287.728872)
299:Player,BR:0cc/cc/cc/cc:4c5s,QsAs|/6c7s9h/5d/7c:100,-100(20.374241)
300:BR,Player:0r130c/cc/cc/cc:ThJh,5sKd|/4sQsAh/8h/6h:230,-230(230.000000)
301:Player,BR:0cc/cc/cc/cc:9sQh,2d7s|/4s8cKd/2h/Ts:-100,100(-19.506411)
302:BR,Player:0r200c/cc/cr150c/cc:4c6c,8cKc|/3d6s9d/5d/8s:-450,450(-359.855950)
303:Player,BR:0cr300f:7s8c,2dTs|:100,-100(100.000000)
304:BR,Player:0cc/cc/cc/cr200c:7dAs,2h2c|/3cTdJd/Kc/Qc:300,-300(300.000000)
305:Player,BR:0cc/cc/cc/r200c:4hKd,3s8h|/8s8dAc/Ad/5d:-300,300(-290.400551)
306:BR,Player:0r130c/cr299f:2s9h,8hKh|/5s7dJd:-230,230(-230.000000)
307:Player,BR:0cc/cc/cc/cc:4hJs,3sJd|/4s9cAd/3d/8d:100,-100(-46.036576)
308:BR,Player:0r200c/cc/cc/cc:QhAd,2sKh|/5c6s7c/Ts/Ah:300,-300(300.000000)
309:Player,BR:0cc/cc/cc/cc:3h9c,7hKs|/5h6cQs/Ah/7s:-100,100(-85.032329)
310:BR,Player:0r200c/cc/cr900c/cc:4hTs,KcAh|/4cJhKh/7c/Qs:-1200,1200(-629.628616)
311:Player,BR:0cr200c/cc/cc/r150c:8cKs,5c9c|/3h8dAd/Qs/9h:-450,450(-156.329064)
312:BR,Player:0r200c/cr390c/cc/cr897f:TsAh,6hJh|/2c7hJd/9d/7d:-690,690(-690.000000)
313:Player,BR:0cc/cc/r600f:4sJc,5sKc|/2hJsJd/Tc:100,-100(100.000000)
314:BR,Player:0r200c/cc/cc/cc:5cKh,5d6s|/6h8cJd/Td/Ac:-300,300(-270.353958)
315:Player,BR:0cr300c/cc/r200c/cc:JhJd,6dJs|/2s7cQc/Ac/8c:600,-600(338.097134)
316:BR,Player:0r130c/cc/cr460c/cc:9sKc,7dQh|/8h9d9c/8s/Qc:690,-690(690.000000)
317:Player,BR:0cc/cc/cc/cc:3dKc,5sJd|/6s9dQh/8d/4h:100,-100(94.295244)
318:BR,Player:0cc/cr130c/cc/cr460c:5sQc,4c9d|/3hJdKs/Ts/3d:690,-690(315.009814)
319:Player,BR:0cc/cc/r130c/r460f:4cQc,2d9d|/3d8dQs/5c/Jh:230,-230(230.000000)
320:BR,Player:0r130c/cc/cr299c/cc:KcAh,7s9h|/2h7dJc/5d/Qs:-529,529(-209.821964)
321:Player,BR:0cc/cc/cc/cc:8dKc,4hJd|/6c8s9c/Ts/Jc:-100,100(-65.748240)
322:BR,Player:0r130c/cr299c/cc/cr687c:6hQd,9dTc|/6sQsQh/Ts/5d:1216,-1216(1183.273719)
323:Player,BR:0cr300c/cc/r200c/cc:9dAh,4d4c|/3d8s8h/7s/Kd:-600,600(-479.567283)
324:BR,Player:0r130c/cr299c/cc/cc:5h7s,3sKc|/3h6dQc/8c/Qd:-529,529(-496.233079)
325:Player,BR:0cc/cc/cc/r130f:6sAd,2d3s|/7d9sKc/7c/9h:100,-100(100.000000)
326:BR,Player:0r130c/cr299c/cr3174c/cr16297c:3s8s,6dKc|/3d4d4c/5c/Jc:20000,-20000(16962.050547)
327:Player,BR:0cr300c/cc/cc/cc:QdKs,2s2c|/2d8cAs/3h/Ac:-400,400(-393.505303)
328:BR,Player:0cc/cr200c/cr900c/cc:2dAd,4dTd|/6cJdAc/9s/6h:1200,-1200(1022.057113)
329:Player,BR:0cr130c/cc/r299c/r1058f:9d9c,3sJc|/9hJdQc/3d/Ks:529,-529(529.000000)
330:BR,Player:0r130c/cc/cr115c/cr690f:3dKs,5sAc|/6h9s9d/Ah/7c:-345,345(-345.000000)
331:Player,BR:0cr600c/cc/cc/r140c:JdAd,7dJc|/8s9hKd/2d/8d:840,-840(385.664421)
332:BR,Player:0r130c/cr299c/cr687c/cc:6s7s,4hTd|/6d9cQd/Qs/Th:-1216,1216(-882.014069)
333:Player,BR:0cr300f:9cKd,4s9d|:100,-100(100.000000)
334:BR,Player:0r200c/cr390f:3sTc,5dTd|/7d8cKc:-300,300(-300.000000)
335:Player,BR:0cc/cc/cc/cc:7s8h,9dAd|/ThKdAc/Kh/Td:-100,100(-89.923016)
336:BR,Player:0r200c/cc/cc/cr390c:5sQc,5h9c|/7dJsQh/3c/Ad:690,-690(517.442929)
337:Player,BR:0cr300c/cc/cc/r200f:TcQd,7cJh|/5cQsAc/6c/Ad:400,-400(400.000000)
338:BR,Player:0r130c/cc/cr299c/cc:8hQd,7hTc|/5s5dAs/9d/7s:-529,529(87.387859)
339:Player,BR:0cc/cc/cc/r200f:3hQc,9hTh|/2s3c4c/Td/Qh:100,-100(100.000000)
340:BR,Player:0r200c/cc/cr600c/cr1170f:9dKd,6d7d|/4c5sAs/3d/6s:-900,900(-900.000000)
341:Player,BR:0cc/cc/cc/r130c:4h7s,4d9s|/8sTsJh/8c/Ad:0,-0(44.143055)
342:BR,Player:0cc/cc/cc/cc:7cKh,9cJs|/3h5sQh/Ks/Qs:100,-100(100.000000)
343:Player,BR:0cc/cc/cc/r300c:4sTc,3cKh|/2c9dQd/9c/6c:-400,400(-297.601970)
344:BR,Player:0r130c/cr299c/cr687f:4h4c,TcQd|/3s9dTd/7d:-529,529(-529.000000)
345:Player,BR:0cr130c/r299c/cc/r687f:KsKd,5sTs|/3hJcQh/Ad/7c:529,-529(529.000000)
346:BR,Player:0r130c/cr690c/cr1196c/cc:TcAs,KsAc|/5cQdKd/Js/8d:2116,-2116(2116.000000)
347:Player,BR:0cc/cc/cc/r200f:2cJh,5dTc|/6s7dJd/Jc/8d:100,-100(100.000000)
348:BR,Player:0r130c/cr299c/cc/cc:5sTc,2h2c|/8dJhQc/Qs/Jc:529,-529(-200.165000)
349:Player,BR:0cc/cc/cc/cc:3dQh,5cJs|/7h7cAs/9s/2h:100,-100(64.995119)
350:BR,Player:0f:4h6h,2d3s|:50,-50(50.000000)
351:Player,BR:0cc/cc/r200c/cc:2h5d,4dKh|/4sAsAh/Kd/2s:-300,300(-293.466764)
352:BR,Player:0cc/cc/cc/cc:5sAd,6sJs|/6d7dKc/Qd/Jd:100,-100(100.000000)
353:Player,BR:0cc/cc/cc/cc:2d6s,9cJh|/8sTsTd/8d/Tc:0,-0(1.286255)
354:BR,Player:0r130c/cc/cc/cc:7dTc,3hAh|/4s8dKs/Jd/Th:230,-230(230.000000)
355:Player,BR:0cr130c/cc/r299c/r687c:9sQs,JcKd|/ThQdKs/5s/9d:-1216,1216(-1163.929699)
356:BR,Player:0cc/cc/cc/cc:2cKs,2dKh|/3d5cQc/Qd/Jh:0,-0(-61.811670)
357:Player,BR:0cc/cc/cc/r130c:4hQc,8s8h|/8dKcAc/As/Qh:-230,230(-229.371502)
358:BR,Player:0r130c/cc/cr115c/cc:3s3c,JsQd|/4cKdAh/Qs/2d:-345,345(-297.500800)
359:Player,BR:0cr300f:8dQd,4d6h|:100,-100(100.000000)
360:BR,Player:0r200c/cc/cr150c/cc:8h9c,7d9d|/6dTdJh/9s/7h:450,-450(450.000000)
361:Player,BR:0cc/cc/cc/cc:7h8d,7dKc|/4c9cQh/8s/Qc:100,-100(6.248213)
362:BR,Player:0r130c/cc/cr299c/cr687c:JsJc,3hKd|/8sJhQs/Ts/4s:1216,-1216(899.037517)
363:Player,BR:0cc/cc/cc/cc:9sTd,2s5c|/2dAsAd/5h/9c:100,-100(-78.205949)
364:BR,Player:0cc/cc/cc/cc:KhAh,6h9d|/2s2dKc/Jh/9s:100,-100(100.000000)
365:Player,BR:0cc/cc/r200c/r390f:7hKc,7cTs|/6h9hJd/Kh/Ac:300,-300(300.000000)
366:BR,Player:0r130c/cc/cc/cr299c:QsAh,9s9c|/3h4sAs/Tc/Kc:529,-529(404.574472)
367:Player,BR:0cc/cc/r200c/r150f:6c9s,5hJs|/2d5s9h/4h/Qd:300,-300(300.000000)
368:BR,Player:0r200c/cr390c/cc/cc:4d8h,9cAc|/2s2h4c/5s/2c:690,-690(690.000000)
369:Player,BR:0cc/cc/r200c/r900c:3d8s,JhKs|/4d5hKc/2h/Qc:-1200,1200(101.709877)
370:BR,Player:0r130c/cr299c/cr687c/cc:9s9h,6dQh|/2d8sQc/Th/Jc:1216,-1216(1216.000000)
371:Player,BR:0cc/cc/cc/cc:4cAd,3sQd|/3h6dJs/7h/4h:100,-100(5.634652)
372:BR,Player:0r200c/cc/cr390c/cr2070f:3s7c,8hAh|/2hQdAd/3h/Th:-690,690(-690.000000)
373:Player,BR:0cr300c/cc/r800c/cc:3c4c,7cJd|/6hJsAd/5d/4d:-1200,1200(-1165.679106)
374:BR,Player:0r130c/cr299f:3c4s,9cQc|/2d6cQd:-230,230(-230.000000)
375:Player,BR:0cc/cc/r200f:9cKh,8dTc|/6c7hKd/2c:100,-100(100.000000)
376:BR,Player:0r130c/cr299c/cr687c/cr3648c:6h6d,5dTd|/6cKdAd/Qd/Ac:4864,-4864(968.607774)
377:Player,BR:0cc/cc/cc/cc:5dTd,2cJh|/8hJdJc/5h/3c:-100,100(-96.835499)
378:BR,Player:0r130c/cr299c/cc/cc:2c3c,4dKs|/2d5d6s/Ts/8s:529,-529(-208.478411)
379:Player,BR:0cc/cc/cc/cc:7dAh,JcQs|/2s4h9h/Kd/5d:100,-100(45.199583)
380:BR,Player:0r130c/cc/cc/cc:8h9d,9sTh|/7c9cTs/Jd/Kd:230,-230(230.000000)
381:Player,BR:0cc/cc/cc/r300c:8hQc,TdAd|/5cQsQd/3h/3c:400,-400(-242.744403)
382:BR,Player:0r130c/cr460f:4hKh,2cTc|/2s7c9d:-230,230(-230.000000)
383:Player,BR:0cr300c/cc/r520c/cc:4h6s,4sQs|/6cAsAh/5s/7s:-920,920(-898.296462)
384:BR,Player:0cc/cc/cc/cr130f:2s7h,2cQd|/3c6sAs/Qc/Js:-100,100(-100.000000)
385:Player,BR:0cr600f:8d8c,4hTh|:100,-100(100.000000)
386:BR,Player:0r130c/cc/cc/cc:9cTs,4cAc|/6dThJh/9s/4d:230,-230(230.000000)
387:Player,BR:0cr600c/cc/cc/r1400f:8cTc,5hAd|/2s5s8s/Ts/8d:700,-700(700.000000)
388:BR,Player:0f:5d9d,2dTc|:50,-50(50.000000)
389:Player,BR:0cc/cc/cc/cc:6cKs,8d9h|/2dTsJs/9s/4c:-100,100(-73.067839)
390:BR,Player:0r130c/cr299c/cr687c/cr2432c:3d5d,7c8d|/2c4s5c/2d/2h:3648,-3648(2782.750056)
391:Player,BR:0cc/cc/cc/cc:7sAd,4sKc|/5h8sJc/9h/6d:100,-100(72.869034)
392:BR,Player:0cc/cr130c/cr460c/cc:TsKs,5h6s|/2s9dAd/Qh/3d:690,-690(-465.828735)
393:Player,BR:0cr130c/cc/cc/r115c:8h8c,3hTd|/6cJcQd/Tc/2d:-345,345(-280.433647)
394:BR,Player:0r200c/cc/cc/cr390f:4h8h,JsJh|/7hQdKh/9d/3d:-300,300(-300.000000)
395:Player,BR:0cr300f:QcKc,4s8c|:100,-100(100.000000)
396:BR,Player:0r130c/cc/cc/cc:9hKc,KhAc|/4d7sQs/Jd/3c:-230,230(-206.537669)
397:Player,BR:0cc/cc/r130c/r299f:3h8s,3dTd|/6cJsAc/Qd/2d:230,-230(230.000000)
398:BR,Player:0r300f:4s9d,4cAs|:-100,100(-100.000000)
399:Player,BR:0cc/cc/cc/cc:2d8d,9sKd|/JdQsKc/Js/7d:-100,100(-83.308802)
400:BR,Player:0r130c/cr299f:4dTc,5c8s|/5s9h9d:-230,230(-230.000000)
401:Player,BR:0cr200c/cc/cc/cc:8cQc,8sKh|/2hThKs/7h/Ad:-300,300(-91.112874)
402:BR,Player:0r130c/cr460f:7dKc,3dQd|/6d9hTh:-230,230(-230.000000)
403:Player,BR:0cc/cc/cc/r130c:5hQs,5c7s|/2c6cKs/8c/9c:-230,230(-112.714102)
404:BR,Player:0r130c/cc/cr460c/cc:9hTc,6c9s|/4c8s8h/Td/As:690,-690(260.446619)
405:Player,BR:0cc/cc/cc/r300c:4dJc,QdKh|/2cQhKd/2d/Qs:-400,400(-400.000000)
406:BR,Player:0cc/cc/cc/cc:2hAd,3h6d|/8dThQs/3s/4d:-100,100(-74.042017)
407:Player,BR:0cc/cc/cc/r200c:2dKs,2c8h|/8d9dJc/3s/Td:-300,300(-30.982283)
408:BR,Player:0r130c/cr299c/cr1058c/cr3174c:9hQh,7s9d|/ThJsAc/8c/4d:4761,-4761(4761.000000)
409:Player,BR:0cr300c/r520c/cc/cc:7d9c,2sKh|/6h7hAc/9h/8h:-920,920(-892.416816)
410:BR,Player:0r130c/cc/cc/cc:5s7d,3sAh|/6s8d9s/3c/Kh:230,-230(230.000000)
411:Player,BR:0cc/cc/cc/cc:5s8c,4s6s|/7sJcAd/8d/9s:100,-100(100.000000)
412:BR,Player:0r130c/cr299c/cc/cr1058f:9cTs,QhKs|/2h6cQs/3c/6h:-529,529(-529.000000)
413:Player,BR:0cr300c/cc/r800f:7s9s,6h9h|/QsKhKd/Ts:400,-400(400.000000)
414:BR,Player:0r200c/cr390c/cr897f:6dKd,9h9d|/7c8cAs/Th:-690,690(-690.000000)
415:Player,BR:0cc/cc/cc/r130c:3dJc,TcAh|/QdAsAc/3s/4d:-230,230(-221.884118)
416:BR,Player:0r130c/cc/cc/cc:5d9h,2cKs|/7c8dJs/Ah/Jc:-230,230(-230.000000)
417:Player,BR:0cr300c/cc/cc/cc:3h3c,5hJs|/8hQhKc/6d/Ts:400,-400(375.479256)
418:BR,Player:0cc/cr130f:3c4h,4d8h|/5h9s9h:-100,100(-100.000000)
419:Player,BR:0cc/cc/cc/cc:JdKh,5hTh|/7d8dQd/Qh/6h:100,-100(58.198014)
420:BR,Player:0r200c/cc/cc/cc:4hTh,7dQh|/7h8hKd/5d/Jc:-300,300(-300.000000)
421:Player,BR:0cr600c/cc/r350c/cc:6h8h,5sAs|/3h3d9d/Tc/8s:1050,-1050(889.186149)
422:BR,Player:0r130c/cc/cc/cr460f:3s6s,QhQc|/4d5hAh/Jd/5c:-230,230(-230.000000)
423:Player,BR:0cc/cc/cc/cc:QdKs,8hKh|/8c9hQs/Kd/6h:100,-100(-97.228700)
424:BR,Player:0f:6sJd,3h8d|:50,-50(50.000000)
425:Player,BR:0cc/cc/cc/cc:5dQh,TdJc|/8d9cAs/6s/3c:100,-100(81.230605)
426:BR,Player:0r300c/cc/cc/cc:4d4c,JcAh|/5d6cTh/7h/5h:400,-400(364.414946)
427:Player,BR:0cc/cc/cc/r130c:3cQs,8hTs|/4h5dJc/8s/9s:-230,230(-99.678647)
428:BR,Player:0r130c/cc/cr299f:2h6h,ThJh|/7s8sKd/7c:-230,230(-230.000000)
429:Player,BR:0cr200c/cc/r390c/r897c:TcQc,JdKh|/5sQsQh/6s/8c:1587,-1587(245.813906)
430:BR,Player:0r200c/cc/cc/cr390f:2s3s,7hKs|/9dTsAc/Th/As:-300,300(-300.000000)
431:Player,BR:0cc/cc/r130c/r299f:6dKs,5sQs|/4dKcAs/4c/9d:230,-230(230.000000)
432:BR,Player:0r130c/cr299c/cc/cr687c:7sKd,AhAc|/6cQcKc/8s/3d:-1216,1216(8.849377)
433:Player,BR:0cr600c/cc/cc/r140c:ThKh,9hAd|/3h6dJh/8h/4s:840,-840(643.276886)
434:BR,Player:0cc/cr200c/cc/cc:4dKs,4s8h|/4c9cKc/Th/7d:300,-300(300.000000)
435:Player,BR:0cr600f:2dTd,2h5s|:100,-100(100.000000)
436:BR,Player:0r130c/cc/cc/cc:6cJd,JsJh|/5sTdAd/6d/Kc:-230,230(101.300876)
437:Player,BR:0cc/cc/cc/cc:3c7c,2sKh|/QcKsAc/Ts/6d:-100,100(-78.874788)
438:BR,Player:0r130c/cc/cc/cc:5h8c,3cAd|/9sJdKd/6s/Ts:-230,230(-230.000000)
439:Player,BR:0cc/cc/cc/cc:3hAc,6hJh|/5hTsKh/Qd/7d:100,-100(40.103907)
440:BR,Player:0r200c/cc/cc/cr390c:3c4s,7dQh|/4h7c8d/Td/7s:-690,690(199.227870)
441:Player,BR:0cc/cc/cc/cc:3dAc,7sQh|/6sQcKc/2c/6d:-100,100(-55.497372)
442:BR,Player:0r300c/cc/cr200c/cr1200f:8hQs,4s8s|/2s5hKs/Kd/3d:-600,600(-600.000000)
443:Player,BR:0cr200c/r900f:4hJh,4c8d|/5s6hQc:300,-300(300.000000)
444:BR,Player:0cc/cr200c/cc/cc:4h7h,6hQc|/3h4dAh/8d/7d:300,-300(300.000000)
445:Player,BR:0cc/r130c/r460c/r1380c:5c6d,JdQs|/8h9s9d/Qc/Ks:-2070,2070(-1696.867259)
446:BR,Player:0f:3c8h,2cTd|:50,-50(50.000000)
447:Player,BR:0cr300f:3d5s,2c8c|:100,-100(100.000000)
448:BR,Player:0r130c/cr299c/cc/cc:QdAd,2s2d|/4c6h8d/Qc/4h:529,-529(529.000000)
449:Player,BR:0cc/cc/cc/cc:9hKs,4s7s|/3d6sJc/Ad/6c:100,-100(95.031102)
450:BR,Player:0cc/cr130c/cc/cr460f:6sJs,3sQd|/5dTcJc/2d/Qc:-230,230(-230.000000)
451:Player,BR:0cc/cc/r300f:4hJh,2d9s|/6h8sQs/5h:100,-100(100.000000)
452:BR,Player:0r130c/cc/cc/cr299f:2h3d,JcQd|/4sQhAh/2s/8d:-230,230(-230.000000)
453:Player,BR:0cr300c/cc/r520c/r184f:8cTd,KcAc|/3s7hJs/3h/Ts:920,-920(920.000000)
454:BR,Player:0r200c/cc/cc/cr390f:TdAs,2cQd|/4h7sKs/Qc/9d:-300,300(-300.000000)
455:Player,BR:0cc/cc/cc/r130c:6dJh,6s9d|/5cJcAs/9s/6c:230,-230(-194.133823)
456:BR,Player:0r130c/cc/cc/cc:2d4s,5cAc|/4c6h7s/Kd/Ks:230,-230(136.355076)
457:Player,BR:0cc/cc/r200c/cc:5dTc,9sJh|/2s3s4d/Qc/Qs:-300,300(-23.214577)
458:BR,Player:0cc/cc/cr130f:TsQd,4c8h|/4d5c9c/8c:-100,100(-100.000000)
459:Player,BR:0cc/cc/cc/r130c:4hKc,9cKd|/5c9sJc/4d/9d:-230,230(-216.920831)
460:BR,Player:0r130c/cr299c/cc/cc:2h9d,7dAc|/JsAsAd/6s/Ks:-529,529(-330.987594)
461:Player,BR:0cr300c/cc/cc/r1200f:7h8d,3cAd|/5c7sJc/9h/7c:400,-400(400.000000)
462:BR,Player:0r130c/cr299c/cc/cc:2cQd,6h9d|/7s7dAs/Kd/Ac:0,-0(-4.757297)
463:Player,BR:0cr300f:KsKc,2h4h|:100,-100(100.000000)
464:BR,Player:0r200c/cr390c/cr897c/cc:3cAs,6hAc|/6sQhQd/3s/Jh:-1587,1587(-808.152483)
465:Player,BR:0cc/cc/cc/r130c:2s9c,QsKd|/5d7hTs/5s/8c:-230,230(89.164732)
466:BR,Player:0r200c/cr390c/cr2070c/cc:6dKd,3cQs|/JhQhQc/6c/9h:-2760,2760(1011.662632)
467:Player,BR:0cr200c/r390c/cc/cc:6hQh,5sAc|/4d9sAh/6s/Tc:-690,690(-657.325024)
468:BR,Player:0cc/cc/cc/cr130c:6d8d,4hKs|/JsKhAc/6h/Ts:-230,230(20.570203)
469:Player,BR:0cc/cc/cc/cc:ThJd,4dTc|/6h9sQh/Qd/6s:100,-100(88.940092)
470:BR,Player:0r130c/cc/cr115c/cr448c:JhJd,9dKd|/3h9cTs/5h/5c:793,-793(757.207880)
471:Player,BR:0cc/cc/r200c/cc:2s6d,ThJd|/3s3dQh/5h/8c:-300,300(-289.831153)
472:BR,Player:0r130c/cc/cr299c/cr1058f:8cKc,9dTs|/6dTdQd/Ks/7d:-529,529(-529.000000)
473:Player,BR:0cr600f:JhAd,3c5c|:100,-100(100.000000)
474:BR,Player:0r130c/cc/cc/cr299c:3cAh,9cTc|/8dTdAd/7s/2s:529,-529(484.837158)
475:Player,BR:0cr200c/cc/r150c/r225c:7s7h,3s6h|/6sQdKs/Qc/4c:675,-675(195.503179)
476:BR,Player:0f:7dJc,3d9s|:50,-50(50.000000)
477:Player,BR:0cr300c/cc/cc/cc:8hAh,6dJs|/4d7sQs/3c/4c:400,-400(400.000000)
478:BR,Player:0cc/cc/cc/cc:JcQs,5c9h|/5h7sJs/Tc/Qd:100,-100(100.000000)
479:Player,BR:0cr300f:5dTh,2hTs|:100,-100(100.000000)
480:BR,Player:0r130c/cc/cc/cr299f:7hAd,3sJd|/2sQsKc/7d/9h:-230,230(-230.000000)
481:Player,BR:0cr300c/cc/r200c/r780f:TsKc,2sJc|/4h8sQh/9h/7d:600,-600(600.000000)
482:BR,Player:0f:8hQd,4s9c|:50,-50(50.000000)
483:Player,BR:0cc/cc/cc/cc:3cTh,7dTs|/3h4d5s/4h/2c:100,-100(100.000000)
484:BR,Player:0r130c/cr690f:2hTh,2dJd|/5sQdKd:-230,230(-230.000000)
485:Player,BR:0cr130c/r690c/cc/cc:JdQd,9dQh|/2d7h9c/8h/Tc:920,-920(840.037089)
486:BR,Player:0f:3c4s,3d7c|:50,-50(50.000000)
487:Player,BR:0cc/cc/cc/r300c:4d9d,8hQd|/6h7hTh/7s/2s:-400,400(2.650044)
488:BR,Player:0cc/cr300c/cr800c/cc:4d4c,9cQd|/3c5cAs/Js/Tc:1200,-1200(1200.000000)
489:Player,BR:0cr130c/cc/r299c/r1587f:6d7d,4hTh|/5dJsKd/9d/Ks:529,-529(529.000000)
490:BR,Player:0r130c/cc/cr299c/cc:TcQc,5hJc|/4d5cQs/2c/Th:529,-529(529.000000)
491:Player,BR:0cr600c/cc/r350c/cc:7c9h,KhKd|/3d8d9d/4h/4d:-1050,1050(-1050.000000)
492:BR,Player:0r130c/cr299c/cc/cr687f:2sQh,JdAc|/2d6sAs/6h/5s:-529,529(-529.000000)
493:Player,BR:0cc/r130c/cc/r460c:8dAh,3sTh|/3h3d8h/2c/7d:-690,690(-690.000000)
494:BR,Player:0r130c/cc/cc/cc:4sTc,3sAh|/6s9sKs/3h/7h:-230,230(-230.000000)
495:Player,BR:0cr300c/cc/r200c/r120f:TcQc,7c9h|/KsAdAc/2d/Qs:600,-600(600.000000)
496:BR,Player:0r200c/cc/cc/cr900f:6s8d,9hTd|/7dKhKd/2h/3c:-300,300(-300.000000)
497:Player,BR:0cr200c/cc/r390f:4s5d,8hJd|/2h6d7d/3s:300,-300(300.000000)
498:BR,Player:0r130c/cc/cc/cr460c:2sQc,8sTc|/4h7dJc/3s/2h:690,-690(61.765424)
499:Player,BR:0cr200c/r390c/cc/cc:8sJs,9hKc|/3c8hKd/4s/Ad:-690,690(-507.361815)
500:BR,Player:0cc/cc/cr200c/cc:4c5h,7d8s|/4h5s7c/Td/3d:300,-300(300.000000)
501:Player,BR:0cr300c/cc/cc/r200c:9hQc,6c9s|/4c5sTh/6h/3s:-600,600(325.734238)
502:BR,Player:0r200c/cr390c/cr1380c/cc:7cTs,5s9s|/6h7h8d/2s/9d:2070,-2070(2070.000000)
503:Player,BR:0cr300f:3s3h,3c8c|:100,-100(100.000000)
504:BR,Player:0r130c/cr299c/cr1058c/cc:2cKc,9sQd|/2d8sJc/4s/Kd:1587,-1587(1587.000000)
505:Player,BR:0cc/cc/cc/cc:5cQs,6d9h|/5hKsAc/8c/Jd:100,-100(77.177909)
506:BR,Player:0f:3hQd,2c7h|:50,-50(50.000000)
507:Player,BR:0cr200c/cc/r390f:9sAd,5dTd|/9h9dQc/As:300,-300(300.000000)
508:BR,Player:0r130c/cr299c/cc/cr1058c:4dKh,9hTd|/3d7dTc/Jh/8d:-1587,1587(28.445723)
509:Player,BR:0cc/cc/r130c/r460f:8cJd,6sKh|/7d9cKs/Td/3s:230,-230(230.000000)
510:BR,Player:0cc/cc/cc/cc:6d7h,3dTs|/TdJhAd/Qs/Ah:-100,100(-73.226479)
511:Player,BR:0cc/cc/cc/r130c:5d9h,4cQd|/3hQcKd/5s/7s:-230,230(-166.358413)
512:BR,Player:0f:6hQc,2sTd|:50,-50(50.000000)
513:Player,BR:0cr300c/r800c/r1560f:TsKh,3sAc|/4s8dKs/Jc:1200,-1200(1200.000000)
514:BR,Player:0f:6s9c,2h7c|:50,-50(50.000000)
515:Player,BR:0cr600c/cc/cc/r350c:2c3s,8hKc|/5d8c9c/8s/7d:-1050,1050(-1046.704311)
516:BR,Player:0cc/cc/cc/cr130c:9dJs,9sTc|/3s3d6c/5s/5c:230,-230(40.159749)
517:Player,BR:0cr200c/cc/r390c/cc:7sJh,5s6h|/2h9s9c/2c/Th:690,-690(298.144993)
518:BR,Player:0r200c/cr600f:2dTh,6h7d|/8s9cKh:-300,300(-300.000000)
519:Player,BR:0cc/cc/cc/cc:7cQd,2hTc|/4sJcKh/2d/9s:-100,100(-41.968664)
520:BR,Player:0r200f:2h4c,6cQc|:-100,100(-100.000000)
521:Player,BR:0cc/cc/cc/cc:4hQd,3s4d|/8s8hKs/Th/2s:100,-100(98.297347)
522:BR,Player:0r130c/cc/cc/cc:2d8h,6dAh|/3h8dKd/2s/Qh:230,-230(230.000000)
523:Player,BR:0cr200c/cc/r150c/cc:8c9s,9hJc|/5c7hAd/4d/3c:-450,450(299.023630)
524:BR,Player:0r130c/cc/cr299c/cr1587c:4cKh,7c9s|/JhJcQs/8c/Kd:2116,-2116(2081.517200)
525:Player,BR:0cc/cc/cc/cc:9cTs,QdKc|/4hJsJc/Ah/Jd:-100,100(-59.227960)
526:BR,Player:0r130c/cc/cc/cc:3h5h,3cAh|/6c9cJh/4c/5s:230,-230(170.538897)
527:Player,BR:0cr130c/r299f:QhAd,5h8s|/4s4dTs:230,-230(230.000000)
528:BR,Player:0r200c/cc/cc/cr390c:4sJd,4h6d|/8sAhAc/Qs/Js:690,-690(-285.740627)
529:Player,BR:0cc/cc/cc/cc:6sTh,4c7d|/5sTcJs/5c/6d:100,-100(82.645676)
530:BR,Player:0r130c/cr299c/cc/cc:6cAs,4hTc|/2c7cKs/3s/6h:529,-529(474.741657)
531:Player,BR:0cc/cc/cc/cc:2c7c,4s7d|/3s3cKc/6d/Js:0,-0(95.739927)
532:BR,Player:0r200c/cc/cc/cr390c:8sKd,6hAc|/4c9cTs/As/9s:-690,690(-160.621036)
533:Player,BR:0cc/cc/cc/r200c:2h6c,4hJs|/8sJhAh/3c/7s:-300,300(-163.095930)
534:BR,Player:0r200c/cc/cc/cc:9cJh,5dKh|/8sTsTd/6h/7s:300,-300(300.000000)
535:Player,BR:0cc/cc/r130c/cc:4d7c,7dJh|/3h3d8d/5h/Kh:-230,230(-25.518822)
536:BR,Player:0f:2h7h,3cTh|:50,-50(50.000000)
537:Player,BR:0cc/cc/cc/r130f:3sQs,6c7d|/5c8hQd/5d/Th:100,-100(100.000000)
538:BR,Player:0r300c/cc/cc/cr800f:9cTd,7h7d|/2c8sQd/8h/8d:-400,400(-400.000000)
539:Player,BR:0cc/cc/cc/cc:5d8d,4s5c|/2s9cAc/9s/Qc:100,-100(98.537954)
540:BR,Player:0cc/cr130c/cc/cc:9cJd,3cJs|/9sQsQh/Ah/7c:230,-230(230.000000)
541:Player,BR:0cr600c/r910f:2dAd,6dJd|/4h9dQh:700,-700(700.000000)
542:BR,Player:0r130c/cc/cr115c/cc:3c8h,4sAd|/8s9sTs/Jh/5s:-345,345(-345.000000)
543:Player,BR:0cc/cc/cc/cc:3dAh,AdAc|/4s4d8h/7d/5c:-100,100(-57.340290)
544:BR,Player:0f:TsTc,3h7c|:50,-50(50.000000)
545:Player,BR:0cc/cc/cc/cc:5c9d,QdKs|/6dThKd/4h/2h:-100,100(-91.876944)
546:BR,Player:0r130c/cc/cr115c/cr690f:6c8c,AhAc|/9hTcQc/6s/4d:-345,345(-345.000000)
547:Player,BR:0cr300c/cc/cc/cc:3h4h,9cAs|/4cTsKs/Qs/7c:400,-400(321.405398)
548:BR,Player:0r130c/cr299f:3c7s,8h8c|/5c9h9c:-230,230(-230.000000)
549:Player,BR:0cc/cc/cc/cc:5dJh,5sQh|/2cTcKh/7s/7c:-100,100(12.138293)
550:BR,Player:0r200c/cr600c/cr450c/cc:9sAd,9cTd|/4c6d9d/Kh/4d:1350,-1350(-910.305906)
551:Player,BR:0cr300c/cc/cc/r800c:8cKs,5cAd|/5h6dKd/7d/Jc:1200,-1200(274.226943)
552:BR,Player:0f:2h7d,2c8s|:50,-50(50.000000)
553:Player,BR:0cc/cc/cc/cc:2s6c,7hTh|/6dTdAc/8d/As:-100,100(-91.038964)
554:BR,Player:0r200c/cr390c/cc/cc:5hJc,9hKc|/2h4h8c/Jh/2s:690,-690(690.000000)
555:Player,BR:0cc/cc/cc/cc:TcKd,2s6d|/2c4h6h/2h/5h:-100,100(-92.615167)
556:BR,Player:0r130c/cc/cc/cc:JhQd,TsQh|/2h5cKd/3h/7c:230,-230(-63.237013)
557:Player,BR:0cr200c/cc/cc/r150c:7cKc,8hQh|/TcKsAd/Qd/6s:450,-450(112.346557)
558:BR,Player:0r130c/cr299c/cr264c/cc:2c9h,4s9s|/2s6c9c/As/5h:793,-793(793.000000)
559:Player,BR:0cc/cc/r130c/r115c:2c9s,9h9c|/4c6s6d/5c/2d:-345,345(-208.606341)
560:BR,Player:0cc/cc/cc/cr130f:5hAd,3hQc|/3c6h8s/6c/7c:-100,100(-100.000000)
561:Player,BR:0cc/cc/cc/r300c:3s9c,9hKd|/2hTdKs/Ac/6h:-400,400(-354.776789)
562:BR,Player:0cc/cc/cc/cr300c:3h5s,8dQc|/2h4dKd/3c/5h:400,-400(-67.380001)
563:Player,BR:0cc/cc/cc/r130c:3hKc,JhAs|/3s4sJs/2s/9s:-230,230(-230.000000)
564:BR,Player:0f:7hQc,3cTh|:50,-50(50.000000)
565:Player,BR:0cc/cc/r130f:6sQh,2d8c|/5h9sKc/7d:100,-100(100.000000)
566:BR,Player:0cc/cr130c/cc/cr460c:KhAd,6sQh|/2cQsQc/Kd/7d:-690,690(330.756951)
567:Player,BR:0cr600f:9sJd,2cJh|:100,-100(100.000000)
568:BR,Player:0r130c/cr690f:4d6c,2s9s|/8cJcAs:-230,230(-230.000000)
569:Player,BR:0cc/cc/cc/r130c:2c5h,6cKc|/4s7c9c/3d/8s:-230,230(72.347560)
570:BR,Player:0r130c/cc/cr115c/cr448f:TsJc,2cQc|/5h7s9d/4c/5c:-345,345(-345.000000)
571:Player,BR:0cr130c/cc/cc/cc:3dAd,6d7s|/4hTsKc/6h/Jh:-230,230(-140.071246)
572:BR,Player:0r130c/cc/cc/cr460f:7s9h,8cKs|/JcQsQd/2s/Kc:-230,230(-230.000000)
573:Player,BR:0cc/cc/cc/cc:7sAc,8d8c|/2h3sQd/Th/8s:-100,100(-98.515711)
574:BR,Player:0cc/cc/cc/cr130f:2cJd,3c4d|/3s4c8h/9s/Qd:-100,100(-100.000000)
575:Player,BR:0cc/cc/r130c/r299f:3h4s,5h7h|/2d7cJc/9d/8d:230,-230(230.000000)
576:BR,Player:0r130c/cc/cc/cr299c:6h6c,7dQc|/7c9hAh/2s/As:-529,529(-141.878807)
577:Player,BR:0cc/cc/r130c/cc:7c9d,3s6d|/6hKhAc/8d/4d:-230,230(-173.481722)
578:BR,Player:0r130c/cr690c/cc/cc:4dJd,5sTc|/2s6hJs/3c/Ac:920,-920(656.670282)
579:Player,BR:0cr300c/cc/r1200c/r2080c:2c4c,5cKc|/7c8s8d/Tc/As:-3680,3680(-668.122933)
580:BR,Player:0r200c/cr390c/cr345c/cr2070f:7h7c,9dQh|/8d9s9h/Tc/Kd:-1035,1035(-1035.000000)
581:Player,BR:0cr300f:9cAd,4h7c|:100,-100(100.000000)
582:BR,Player:0r130c/cr299f:3s9c,5cKh|/4s7sTc:-230,230(-230.000000)
583:Player,BR:0cr130c/r299c/cc/r1058f:KcAh,JdAd|/JcQsAc/Ks/2c:529,-529(529.000000)
584:BR,Player:0f:8hTd,2hTc|:50,-50(50.000000)
585:Player,BR:0cc/cc/cc/cc:8cTd,2s4d|/QsQcKd/Jh/Qd:0,-0(30.548336)
586:BR,Player:0r200f:2d7c,5sQh|:-100,100(-100.000000)
587:Player,BR:0cc/cc/cc/cc:5sAd,8hQh|/3d9cTd/Js/5c:-100,100(-99.483843)
588:BR,Player:0r130c/cr299f:5d8c,TcJd|/2hQhKh:-230,230(-230.000000)
589:Player,BR:0cr600c/cc/r1400c/r2730f:JsQd,AhAd|/4h5sKs/6s/9s:2100,-2100(2100.000000)
590:BR,Player:0r130c/cr299c/cr1058c/cc:4hAd,5d9c|/4d4c5s/4s/Th:1587,-1587(1587.000000)
591:Player,BR:0cc/cc/cc/r130c:2c5d,QdKh|/2s4h8c/4s/Qh:-230,230(-185.622177)
592:BR,Player:0r130c/cc/cc/cc:3cQc,6sQh|/JcAhAc/6c/Js:230,-230(230.000000)
593:Player,BR:0cr300c/r520c/r1196c/r2750c:TdQs,5hAd|/2s4d7h/Qc/9d:4866,-4866(1882.461377)
594:BR,Player:0r200c/cr390c/cr1380f:2h6h,5cJc|/2s5s5h/Js:-690,690(-690.000000)
595:Player,BR:0cc/cc/cc/cc:JdQc,6dAd|/2s4dKs/8s/Tc:-100,100(19.850095)
596:BR,Player:0r200c/cr390c/cr897c/cr9522f:9dJs,6cKc|/6h6d8s/9s/2h:-1587,1587(-1587.000000)
597:Player,BR:0cc/cc/cc/cc:2dAs,5sTs|/3s9hJc/5d/Tc:-100,100(-88.369923)
598:BR,Player:0r130c/cc/cc/cr299c:7d8c,7cTc|/2s4d6c/9s/7h:-529,529(-90.643202)
599:Player,BR:0cr130c/cc/cc/cc:8dKh,3dQs|/5s6sQh/6d/2c:-230,230(-211.339919)
600:BR,Player:0cc/cc/cr130f:5hQd,4cAd|/4s7d9d/3h:-100,100(-100.000000)
601:Player,BR:0cc/cc/cc/cc:2c4s,3s9d|/7cKdAd/Ac/3c:-100,100(-84.421765)
602:BR,Player:0r200c/cc/cr150c/cr1350c:8dKc,8sTh|/7h8c9s/8h/Qd:1800,-1800(1674.465076)
603:Player,BR:0cc/cc/cc/cc:JdQh,TsTd|/8dTcKd/8h/Kh:-100,100(-76.095206)
604:BR,Player:0cc/cc/cr200c/cr390f:3sAd,2dKh|/4c5sKc/7h/Jc:-300,300(-300.000000)
605:Player,BR:0cr130c/cc/r115f:QdKc,2cTs|/5sKsKd/6c:230,-230(230.000000)
606:BR,Player:0r200c/cr390c/cc/cc:KhKd,5h6s|/4c9cQh/Qd/8c:690,-690(690.000000)
607:Player,BR:0cc/cc/r130c/cc:5c9h,6cJd|/2d3h6d/7c/5s:-230,230(18.825271)
608:BR,Player:0r200c/cr390c/cc/cr897c:QdKc,7h7d|/5d6dKs/8s/Kd:1587,-1587(809.789352)
609:Player,BR:0cr200c/cc/r150c/cc:5c6d,QhAh|/8d8cJh/Kh/2s:-450,450(-34.860197)
610:BR,Player:0f:2c5h,2s8h|:50,-50(50.000000)
611:Player,BR:0cr300f:TcJc,5c6h|:100,-100(100.000000)
612:BR,Player:0r300f:4c9s,2sJs|:-100,100(-100.000000)
613:Player,BR:0cr130c/cc/cc/cc:7sAs,8dKs|/9cQdKh/2s/Th:-230,230(-207.590999)
614:BR,Player:0r130c/cr460c/cc/cc:8cKc,9sQh|/5s6sKh/9h/4c:690,-690(690.000000)
615:Player,BR:0cc/cc/r200f:6hJs,4sJh|/3s7c8h/Qh:100,-100(100.000000)
616:BR,Player:0f:2d4d,3s8c|:50,-50(50.000000)
617:Player,BR:0cc/cc/cc/cc:4s8c,3s7h|/9hJdQd/6h/Ks:100,-100(67.364603)
618:BR,Player:0f:4hJs,2hTc|:50,-50(50.000000)
619:Player,BR:0cr300f:5dJc,2s9d|:100,-100(100.000000)
620:BR,Player:0r130c/cc/cc/cc:3h7s,4h5d|/8c9cQd/3d/5c:-230,230(102.675436)
621:Player,BR:0cc/cc/cc/r130c:8d9s,2sAs|/2d4s5s/Td/9h:230,-230(24.396235)
622:BR,Player:0r130c/cc/cc/cr299f:3s3h,4d8d|/TdJsJc/Ah/5c:-230,230(-230.000000)
623:Player,BR:0cc/cc/cc/r130f:7s8d,JsKh|/8c9hTh/9c/3s:100,-100(100.000000)
624:BR,Player:0r200c/cc/cc/cc:5cTh,KsAd|/3c6d8s/5s/4s:300,-300(260.988838)
625:Player,BR:0cc/cc/cc/cc:6cQs,2d7h|/5s5dTc/7c/Jd:-100,100(-61.873663)
626:BR,Player:0r200c/cr600c/cr1170c/cc:JsAh,2hQd|/3h5hTc/3d/Kc:2070,-2070(459.783261)
627:Player,BR:0cc/cc/cc/cc:3dKh,8sKs|/7hTsAh/Jd/9d:-100,100(-90.102526)
628:BR,Player:0r130c/cc/cc/cr460c:3d8c,3s6s|/4d7dAc/Kh/7c:690,-690(-158.740639)
629:Player,BR:0cr130c/r299c/cc/r1587c:8h9h,2hQh|/5cJcAd/Ks/2s:-2116,2116(-1683.794750)
630:BR,Player:0r300f:4d5c,2sKd|:-100,100(-100.000000)
631:Player,BR:0cc/cc/cc/r130f:4hAc,4d8c|/3h5cJs/Ts/As:100,-100(100.000000)
632:BR,Player:0cc/cr130c/cc/cc:9sQd,4h5s|/5hJcKh/Ks/7c:-230,230(165.771643)
633:Player,BR:0cr300c/cc/cc/r200f:8sAd,5h9c|/8hJdQd/7h/4c:400,-400(400.000000)
634:BR,Player:0f:QsAd,2cTh|:50,-50(50.000000)
635:Player,BR:0cr300c/cc/cc/cc:JdAh,4cAc|/3s9cTc/6s/6h:400,-400(190.868657)
636:BR,Player:0r130c/cr299f:4h8s,8cQh|/3s9sQd:-230,230(-230.000000)
637:Player,BR:0cc/r300c/cc/cc:6dJd,2sKs|/3c9dKh/3h/Kd:-400,400(-400.000000)
638:BR,Player:0r130c/cc/cr115c/cc:5cJh,3hKs|/2sTsQd/4h/Tc:-345,345(-108.842397)
639:Player,BR:0cc/cc/cc/cc:6cKh,2h4s|/3h9cQc/7h/2c:-100,100(-1.659317)
640:BR,Player:0r130c/cr299f:3d9s,6hKc|/2h5hKd:-230,230(-230.000000)
641:Player,BR:0cr300c/cc/cc/cc:5sAs,9cQc|/9hQhKd/2d/2c:-400,400(-323.351077)
642:BR,Player:0r130c/cc/cr460c/cr4140c:9cJh,6cKs|/4sTcJs/7h/Qh:4830,-4830(4830.000000)
643:Player,BR:0cc/cc/cc/cc:4hJd,7s9h|/4s8sQd/2d/5c:100,-100(100.000000)
644:BR,Player:0r130c/cc/cc/cc:3h3c,4cAs|/7s7dJh/Tc/2d:230,-230(230.000000)
645:Player,BR:0cr300c/cc/cc/cc:4hAh,3dKs|/2c6s9c/3s/9h:-400,400(-224.246938)
646:BR,Player:0r130c/cr299f:2s3h,3d6c|/4d4cKd:-230,230(-230.000000)
647:Player,BR:0cr200f:6s6c,3s4h|:100,-100(100.000000)
648:BR,Player:0r130c/cr299c/cc/cr1058f:2s4h,9cAd|/2c9dKs/5h/9h:-529,529(-529.000000)
649:Player,BR:0cr300f:TdAd,2s3c|:100,-100(100.000000)
650:BR,Player:0r130c/cr299c/cr687c/cc:5sAh,5h7h|/3s3c4s/3h/8c:1216,-1216(406.398644)
651:Player,BR:0cc/cc/r130c/r299c:2s7h,QhAd|/4d8dAs/6s/8h:-529,529(-121.747436)
652:BR,Player:0r130c/cc/cr299f:4h9s,TdKs|/3d7c8s/5s:-230,230(-230.000000)
653:Player,BR:0cc/cc/cc/cc:8s9c,4c8d|/6dQcKd/9s/Ts:100,-100(59.190799)
654:BR,Player:0r130c/cc/cc/cc:6d8d,9sAh|/2s7sJh/Kh/Tc:-230,230(-230.000000)
655:Player,BR:0cc/cc/cc/cc:6dJh,3h5h|/8cThAh/9s/Kc:100,-100(100.000000)
656:BR,Player:0r130c/cc/cr299f:6hQh,6c9h|/8sThQs/As:-230,230(-230.000000)
657:Player,BR:0cr300f:6s9h,3c6d|:100,-100(100.000000)
658:BR,Player:0r130c/cc/cc/cr460f:2c9d,QdKs|/3s6h9c/5d/Qs:-230,230(-230.000000)
659:Player,BR:0cc/cc/r130c/cc:5d7s,5s5h|/4c8hKd/9h/Ad:-230,230(-217.479140)
660:BR,Player:0r130c/cr299c/cc/cr687c:4s5d,5hQh|/6s8dAd/9s/7h:0,-0(-513.579121)
661:Player,BR:0cc/cc/cc/cc:3h7s,KhAs|/5s7hTd/Jd/Qh:-100,100(-100.000000)
662:BR,Player:0r130c/cc/cc/cr460c:JsJd,AsAc|/8d8c9h/4s/2s:-690,690(551.451253)
663:Player,BR:0cc/cc/cc/cc:3s8d,QcKc|/5d9dJs/9s/Jc:-100,100(-55.230504)
664:BR,Player:0r130c/cr299c/cc/cr687f:2hQs,7sAc|/7d7cJh/Ah/Jd:-529,529(-529.000000)
665:Player,BR:0cc/cc/cc/cc:9dJc,KdAc|/9hKsAh/Qh/3s:-100,100(-97.724237)
666:BR,Player:0r130c/cc/cr299f:5h7d,4h6h|/4c8d9c/8h:-230,230(-230.000000)
667:Player,BR:0cc/cc/r130f:5d9s,3c6s|/2d8hJs/2h:100,-100(100.000000)
668:BR,Player:0r130c/cc/cc/cr299c:4cAs,8h9c|/3hQsAd/8c/6d:529,-529(529.000000)
669:Player,BR:0cc/cc/cc/cc:3hKh,2cKc|/5h7s8d/7d/Td:0,-0(34.732721)
670:BR,Player:0r200c/cc/cr600c/cr1170c:6h8c,2hQh|/4s5h8d/3c/Td:2070,-2070(1580.881104)
671:Player,BR:0cr200c/cc/r600c/r450f:5hAc,JsJd|/3s4d6s/7c/6h:900,-900(900.000000)
672:BR,Player:0r200f:2d4c,4hAc|:-100,100(-100.000000)
673:Player,BR:0cr600f:3d3c,5c9c|:100,-100(100.000000)
674:BR,Player:0r130c/cr299c/cc/cc:4h4d,7sTd|/8d9d9c/Qh/Qd:-529,529(-325.706637)
675:Player,BR:0cr200c/cc/cc/r390c:2cJc,KhAh|/6d8dKs/Qh/3d:-690,690(-656.158130)
676:BR,Player:0r200c/cr390c/cc/cr1380c:3sQh,7sQd|/4dJsQs/4h/7d:-2070,2070(-344.216476)
677:Player,BR:0cc/cc/cc/cc:4cTc,ThJc|/3c7s7d/Ah/Jd:-100,100(-68.080190)
678:BR,Player:0r200c/cc/cr390c/cc:7dTd,7cKd|/5s7hAh/6c/3c:-690,690(411.657541)
679:Player,BR:0cr130c/r690f:QcAc,2d4h|/3hJcKc:230,-230(230.000000)
680:BR,Player:0r200c/cr390c/cr897c/cc:7dQs,7sQc|/6s6cKs/5s/8c:0,-0(-939.656267)
681:Player,BR:0cc/cc/cc/r200c:5s8h,3h8d|/5d8sJs/Jc/2s:0,-0(94.746862)
682:BR,Player:0r130c/cc/cr115c/cc:6cTh,4c6h|/3d8h9s/Ah/Jh:345,-345(-248.664759)
683:Player,BR:0cc/cc/cc/cc:6dJc,7dJs|/ThTdQd/Ts/Ad:0,-0(29.309988)
684:BR,Player:0r130c/cr299c/cr1058f:2dJh,9d9c|/4d7hQc/Qs:-529,529(-529.000000)
685:Player,BR:0cr300c/r520c/cc/r1840f:5hAd,3cKs|/7dAsAc/Th/4h:920,-920(920.000000)
686:BR,Player:0r130c/cc/cr115c/cc:2dQd,3s8s|/2s2c6s/3d/Kh:345,-345(345.000000)
687:Player,BR:0cc/cc/r130c/cc:4dTd,2s4h|/2dTsKs/9d/Qs:230,-230(78.213665)
688:BR,Player:0r130c/cr460c/cr345c/cc:KsKh,4cTc|/2d8sTs/2h/Ad:1035,-1035(1035.000000)
689:Player,BR:0cr200c/cc/r390c/r897c:4c8s,6s9d|/5s7cKd/5h/9c:-1587,1587(179.661251)
690:BR,Player:0f:4hJd,2c6d|:50,-50(50.000000)
691:Player,BR:0cc/cc/r130c/r299c:2cQs,4d4c|/8d9dTd/6d/Ac:-529,529(-238.980664)
692:BR,Player:0r130c/cr299c/cr687c/cc:9dKc,5cJh|/2hQsQh/4s/8d:1216,-1216(64.562427)
693:Player,BR:0cc/cc/cc/r200c:6cKd,2c7s|/2h3sKc/4c/7h:-300,300(-168.003120)
694:BR,Player:0r200c/cr390c/cc/cr1380f:5h7h,8hKc|/4h5dQc/Kh/Td:-690,690(-690.000000)
695:Player,BR:0cr300c/r800f:6cTs,9hTd|/2cKsAs:400,-400(400.000000)
696:BR,Player:0r130c/cr690f:6sKc,JdQd|/8sJcQh:-230,230(-230.000000)
697:Player,BR:0cc/cc/cc/r130c:3c4d,5sTs|/5hJsKh/Jd/3h:-230,230(-3.840199)
698:BR,Player:0r130c/cr299c/cc/cc:4hKc,2cAd|/5s7hJh/Ts/4d:529,-529(56.533948)
699:Player,BR:0cc/cc/cc/cc:3h6c,4hQs|/3s9dKh/Ts/8d:100,-100(47.328630)
700:BR,Player:0r130c/cr299c/cr1058c/cc:6cKs,7dJs|/4sKhKd/8s/4h:1587,-1587(1587.000000)
701:Player,BR:0cr300c/cc/cc/cc:QsKs,4cAc|/ThJdAs/Js/3c:400,-400(-275.010954)
702:BR,Player:0r130c/cr460c/cc/cc:6d8s,TcQs|/JsJhAc/6h/2h:690,-690(690.000000)
703:Player,BR:0cc/cc/cc/cc:2sKh,6dQs|/8sJdAd/4d/Kd:-100,100(-85.063799)
704:BR,Player:0cc/cc/cc/cr130c:6dJs,5sJh|/2h3s7c/Ks/5c:-230,230(71.223832)
705:Player,BR:0cr300c/r800f:5hQh,6h8d|/5dKcAd:400,-400(400.000000)
706:BR,Player:0r130c/cr299c/cc/cr687c:4dKc,JhJd|/6sTsQc/8s/8h:-1216,1216(-271.435388)
707:Player,BR:0cc/cc/r130c/cc:5hJd,5d6s|/4d6dJs/Kh/9h:230,-230(66.267085)
708:BR,Player:0r200c/cr390c/cc/cc:3hKh,8cAc|/3c7hJc/Jd/3s:690,-690(690.000000)
709:Player,BR:0cr300c/r800c/cc/cc:8dAs,3cQd|/QcKdAd/5h/6d:1200,-1200(-1151.037863)
710:BR,Player:0cc/cc/cc/cr130c:5h5c,TsQh|/2s2h5s/Td/Ad:230,-230(225.773141)
711:Player,BR:0cc/cc/cc/r130c:8s9c,2d8d|/5h9sTc/Th/Jc:230,-230(72.148676)
712:BR,Player:0r130c/cc/cr299c/cr1058f:2h5h,7cQc|/2cQsQd/9s/8d:-529,529(-529.000000)
713:Player,BR:0cc/cc/r130f:3cTs,2h6c|/5c9cTh/5h:100,-100(100.000000)
714:BR,Player:0r130c/cr299c/cc/cr1058f:8cJh,2d8d|/3hJsAc/Jc/Ad:-529,529(-529.000000)
715:Player,BR:0cr300c/r520c/cc/r1196c:2s9s,8sKd|/3d7dJd/6h/5h:-2116,2116(368.524483)
716:BR,Player:0r200c/cc/cc/cr390c:8cAc,4sTs|/6dKsKc/Kh/2h:690,-690(690.000000)
717:Player,BR:0cc/cc/r130c/cc:3hTc,5d5c|/2d9dQd/8h/Ts:230,-230(204.135839)
718:BR,Player:0r130c/cr299c/cc/cc:TsKc,3h6c|/2h4d6d/Th/Tc:529,-529(529.000000)
719:Player,BR:0cc/cc/cc/cc:4h9s,3h7d|/6c8cAc/5h/9c:-100,100(-51.790812)
720:BR,Player:0f:6dKh,4h9s|:50,-50(50.000000)
721:Player,BR:0cc/cc/cc/cc:3s5h,2s2h|/6c9hJh/8s/Qc:-100,100(12.454789)
722:BR,Player:0cc/cc/cr200f:4cJc,JhQc|/2s7sTd/9c:-100,100(-100.000000)
723:Player,BR:0cc/r130c/cc/cc:7s9h,3sJd|/2s8cKh/4d/2d:-230,230(-208.026739)
724:BR,Player:0r200c/cr600f:3s5h,KhAh|/4h9hKd:-300,300(-300.000000)
725:Player,BR:0cc/cc/cc/cc:6cJs,QsAs|/KdKcAh/Td/2h:-100,100(-90.831386)
726:BR,Player:0cc/cr130c/cr115c/cr448c:6sKs,8dTs|/2d3sAd/5c/Ac:793,-793(221.751204)
727:Player,BR:0cc/cc/cc/cc:2c7c,JhAs|/5hQsKd/Js/4c:-100,100(-73.187391)
728:BR,Player:0f:JdAc,2h3c|:50,-50(50.000000)
729:Player,BR:0cc/cc/cc/cc:5dQh,7cTc|/7sJhJc/6d/8c:-100,100(-88.532929)
730:BR,Player:0cc/cc/cc/cc:7d9s,4cAd|/6s6hQc/Kd/Ts:-100,100(-100.000000)
731:Player,BR:0cc/cc/cc/cc:3sKs,4sJs|/3d4dAc/2h/Jh:-100,100(-79.882208)
732:BR,Player:0r130c/cr299f:2d4d,8hTs|/3s6s8c:-230,230(-230.000000)
733:Player,BR:0cc/cc/cc/r130c:4d5s,KdAh|/4c6cKc/Kh/8s:-230,230(-225.617645)
734:BR,Player:0r130c/cr460c/cc/cc:4d9s,5cKd|/4s8sJs/2d/9h:690,-690(690.000000)
735:Player,BR:0cr300c/cc/cc/cc:7cAc,4hJs|/2dQhKh/Th/3c:400,-400(400.000000)
736:BR,Player:0r130c/cc/cc/cr299f:2s4d,8hTh|/8dJhQc/5d/Qh:-230,230(-230.000000)
737:Player,BR:0cr600c/r910c/r805f:QdKh,4dKc|/4sQcAh/8d:1610,-1610(1610.000000)
738:BR,Player:0r130c/cr299c/cr1058c/cc:7dKs,3s5d|/5cTsQs/Js/7c:1587,-1587(-362.825273)
739:Player,BR:0cc/cc/cc/cc:4c7s,6d9s|/JcQdAs/3d/Qh:-100,100(47.744743)
740:BR,Player:0r130c/cc/cc/cc:4dTd,6s6c|/5d7dAd/Tc/Ts:230,-230(230.000000)
741:Player,BR:0cc/cc/cc/cc:3dTh,3cJh|/QdAhAc/Kc/Qc:0,-0(20.303024)
742:BR,Player:0r130c/cr299c/cc/cr1058c:9sKd,5sKh|/3sTsTh/Td/Kc:0,-0(-207.226197)
743:Player,BR:0cc/cc/cc/r130f:TdJh,7h9h|/3cTcQh/3d/2s:100,-100(100.000000)
744:BR,Player:0r200f:2s6d,6s7s|:-100,100(-100.000000)
745:Player,BR:0cr200c/cc/r150c/r225c:JhJc,3cAd|/3h9cAs/4s/4h:-675,675(-485.784347)
746:BR,Player:0r200c/cc/cc/cr600f:2sTd,4sJc|/6s6dKs/9c/5s:-300,300(-300.000000)
747:Player,BR:0cc/cc/cc/cc:2s3c,7dTs|/3s6s7s/9c/9h:-100,100(-86.446185)
748:BR,Player:0r130c/cc/cr115c/cc:6c7s,KdAh|/6s8hQs/8d/Jd:345,-345(108.601614)
749:Player,BR:0cr300c/cc/cc/cc:7cQc,4h7h|/2s5cKc/3s/As:-400,400(-364.358937)
750:BR,Player:0r130c/cc/cc/cr299f:5s8s,JsQh|/7dJdAs/9s/3d:-230,230(-230.000000)
751:Player,BR:0cc/r130f:TsJd,3c7d|/QsKdAd:100,-100(100.000000)
752:BR,Player:0r130c/cc/cr460c/cr897f:7dJd,8dTs|/3c6d7s/3h/8c:-690,690(-690.000000)
753:Player,BR:0cr200c/cc/cc/cc:JsAh,5c8s|/8cTcKd/Td/7s:-300,300(-266.380961)
754:BR,Player:0f:6dAs,3c7s|:50,-50(50.000000)
755:Player,BR:0cc/cc/r200c/cc:3cJc,3hJh|/4s5hTh/2s/Ts:0,-0(-59.554840)
756:BR,Player:0r130c/cc/cr299c/cr1587f:3c6s,7sJd|/4c5cKc/3h/Th:-529,529(-529.000000)
757:Player,BR:0cr200c/cc/cc/r150c:9s9h,2hJh|/5h6sJd/As/Kc:-450,450(-142.518949)
758:BR,Player:0f:3h5d,2c7h|:50,-50(50.000000)
759:Player,BR:0cc/cc/cc/cc:2s8s,QdAd|/2d5cJs/Ah/Ts:-100,100(-84.925691)
760:BR,Player:0r130c/cr299c/cr687c/cc:5cAc,3hAd|/TdQcKc/8c/Th:1216,-1216(1216.000000)
761:Player,BR:0cc/cc/cc/r130c:6h8d,6sJh|/9hJcQh/2d/Kc:-230,230(63.589019)
762:BR,Player:0r130c/cr299c/cc/cc:JdKc,8d8c|/4s5h5d/7h/Ah:-529,529(-112.484201)
763:Player,BR:0cc/cc/cc/cc:3c8d,3h9h|/2h7d7c/Th/7s:-100,100(61.131693)
764:BR,Player:0r130c/cc/cr115c/cr2070c:8sQd,4sKh|/2h8hJs/5s/6c:2415,-2415(2415.000000)
765:Player,BR:0cr600f:JcKh,2c5c|:100,-100(100.000000)
766:BR,Player:0r130c/cc/cc/cr299f:2sQh,JhKd|/3c7dAh/Qc/Kh:-230,230(-230.000000)
767:Player,BR:0cc/cc/cc/r130c:4c9h,2sTs|/3c6h8c/8s/3d:-230,230(55.462624)
768:BR,Player:0r130c/cc/cr299c/cr1058c:9dTh,5cQd|/3dTcAd/2s/7s:1587,-1587(887.065197)
769:Player,BR:0cc/cc/cc/cc:5sQs,4c8d|/2h7sAc/Tc/3h:100,-100(95.814149)
770:BR,Player:0cc/cc/cc/cr130c:8dKc,7hJc|/2s9sAd/7d/Kh:230,-230(159.015059)
771:Player,BR:0cc/cc/r130c/r115f:3h8c,2h9d|/6d6cKd/7h/8h:230,-230(230.000000)
772:BR,Player:0r300c/cc/cc/cr520c:AhAc,9cKs|/3dTdQc/3h/9h:920,-920(513.674682)
773:Player,BR:0cc/cc/cc/r130c:9cAh,JsKc|/4s4hKd/Ts/9h:-230,230(-182.071858)
774:BR,Player:0r130c/cr299c/cc/cr687c:7s7d,5dQd|/2c6hJd/4c/9d:1216,-1216(-333.692147)
775:Player,BR:0cc/cc/cc/cc:3d9s,3h6c|/2s8d9h/Jd/Qs:100,-100(92.004541)
776:BR,Player:0r130c/cr299c/cc/cc:6dKh,5s9h|/7hQdKs/7c/4c:529,-529(529.000000)
777:Player,BR:0cc/cc/cc/cc:6sQh,2d9d|/2h5s8h/5c/7h:-100,100(-48.417485)
778:BR,Player:0r130c/cr460c/cc/cc:4sAd,7hQh|/5h9dJc/7d/Js:-690,690(-222.369528)
779:Player,BR:0cc/cc/r130c/r115c:8dTc,5cTh|/2c6cQh/8h/2h:345,-345(215.891541)
780:BR,Player:0r130c/cr299c/cc/cr687c:3hTd,8d8c|/6h7c9h/5s/4s:-1216,1216(-161.580831)
781:Player,BR:0cr300f:QhQc,2h3h|:100,-100(100.000000)
782:BR,Player:0r130c/cc/cr299c/cc:7s9h,8hTc|/5d8dJc/7d/Qs:-529,529(71.356262)
783:Player,BR:0cr300c/cc/cc/r800c:JsQs,JhQc|/7s8sKd/4c/2c:0,-0(-127.382393)
784:BR,Player:0r130c/cr299f:6h7s,TcQc|/3h3dJs:-230,230(-230.000000)
785:Player,BR:0cc/cc/r300c/r520f:2hAs,9dKh|/7hQdAc/6d/6c:400,-400(400.000000)
786:BR,Player:0r130c/cr299c/cc/cc:3d4d,6sTc|/5d5c7h/7s/Qc:0,-0(-163.592992)
787:Player,BR:0cr300c/cc/cc/r200c:6s6c,KhKd|/7hJcQs/2d/5d:-600,600(-536.177607)
788:BR,Player:0r130c/cc/cr115c/cc:3hQc,5h5d|/6s9hKd/9s/Qh:345,-345(289.199905)
789:Player,BR:0cc/cc/cc/cc:TsQh,3c5d|/2c8dJh/Kh/5s:-100,100(-71.090743)
790:BR,Player:0r130c/cr299c/cc/cc:6cQc,6sJh|/ThTdQs/Jc/4d:529,-529(526.130663)
791:Player,BR:0cr300c/cc/cc/cc:9hAh,TcKs|/4c5h7c/Kc/8s:-400,400(-294.474927)
792:BR,Player:0cc/cr130c/cr299c/cc:6sQd,5c7h|/4hTcQh/Ad/3h:529,-529(-364.311219)
793:Player,BR:0cr200c/r390c/cc/cc:7dTd,9dJs|/3d5s5c/Qc/Qd:-690,690(-159.998142)
794:BR,Player:0r130c/cc/cr115f:3c7h,4hJc|/8dKsAs/Ts:-230,230(-230.000000)
795:Player,BR:0cc/cc/r130c/cc:3sQh,7cTh|/4hJhKc/Tc/Kd:-230,230(-223.935078)
796:BR,Player:0r130c/cc/cc/cr299f:5hAh,9dAc|/2c4cKs/Jc/9h:-230,230(-230.000000)
797:Player,BR:0cc/cc/cc/r200f:7cJh,8sTs|/3h5c6d/As/2c:100,-100(100.000000)
798:BR,Player:0r200c/cc/cc/cc:3s9s,JhJc|/5h9cQc/8d/Kh:-300,300(216.689050)
799:Player,BR:0cr300c/cc/r800f:4c6s,7hJh|/5d6dAc/6c:400,-400(400.000000)
800:BR,Player:0r130c/cc/cc/cr299f:5s7s,6dQh|/6s9hKc/4h/9c:-230,230(-230.000000)
801:Player,BR:0cc/cc/r200c/r390c:9sQc,TdJh|/2d3hQs/6s/2h:690,-690(217.255273)
802:BR,Player:0r130c/cc/cr460c/cr897f:2sKc,8c9c|/5h9h9d/Qc/Qd:-690,690(-690.000000)
803:Player,BR:0cc/cc/cc/r130c:4hJd,JcQd|/3s5c8c/Th/3h:-230,230(84.651711)
804:BR,Player:0f:6dTc,2d6c|:50,-50(50.000000)
805:Player,BR:0cr200c/cc/cc/cc:4s4h,8s8h|/9dQdAd/Tc/Ah:-300,300(-81.439831)
806:BR,Player:0r130c/cc/cc/cr299c:ThAc,6sJs|/4h9sKc/5h/6d:-529,529(-203.783348)
807:Player,BR:0cr200c/r390c/cc/cc:5cJc,4d5h|/2c3s6d/Tc/Kd:-690,690(-671.487169)
808:BR,Player:0r200f:2d3c,3s5c|:-100,100(-100.000000)
809:Player,BR:0cc/cc/cc/cc:2d4h,7cQd|/3c9hTh/Tc/Jd:-100,100(46.128743)
810:BR,Player:0r130c/cc/cc/cr299c:6d8s,3c6s|/7h8h8c/4h/Kd:529,-529(492.618853)
811:Player,BR:0cc/cc/r300c/cc:4c5h,9s9h|/6hQdKh/Qh/Kc:-400,400(-398.614041)
812:BR,Player:0cc/cc/cr200c/cc:7cQd,2dTd|/3s4hQs/9d/Ad:300,-300(300.000000)
813:Player,BR:0cc/cc/cc/cc:2hJd,3c6h|/2s3dJh/Td/As:100,-100(-72.173648)
814:BR,Player:0r130c/cr299c/cc/cc:7cQc,8dTc|/2c6d9c/8s/5c:529,-529(529.000000)
815:Player,BR:0cc/cc/cc/cc:2cJh,7sQd|/7cKdAc/6h/3c:-100,100(-67.544236)
816:BR,Player:0r130c/cc/cc/cr460c:KdAd,4dTd|/2dThAs/Ac/9d:690,-690(690.000000)
817:Player,BR:0cc/cc/cc/r300c:2d4h,7cJs|/5c6c9s/Jd/3d:400,-400(73.277677)
818:BR,Player:0r200c/cc/cc/cc:2hTd,3hAh|/7dJcQc/Tc/Qd:300,-300(300.000000)
819:Player,BR:0cr300c/r520c/r1196c/r1058c:TdJc,8sKh|/4d5s8c/9d/5h:-3174,3174(-2155.937095)
820:BR,Player:0r300c/cc/cc/cc:9hAh,8s8c|/7cJdAs/2c/4c:400,-400(400.000000)
821:Player,BR:0cc/cc/cc/cc:4sAc,JhQd|/2cThAd/6d/6s:100,-100(7.170199)
822:BR,Player:0r200c/cc/cr390c/cc:6cTd,7s9d|/2c4sQd/2s/Ad:690,-690(-64.828046)
823:Player,BR:0cc/cc/r130c/cc:6h9d,2s8d|/2d5d7c/Kc/Ac:-230,230(-84.201438)
824:BR,Player:0r130c/cc/cc/cr299f:2s9h,8sTd|/6hTcQs/2c/6c:-230,230(-230.000000)
825:Player,BR:0cr300c/cc/r1200c/r800f:TdAh,KhKd|/7s8dAd/4s/7h:1600,-1600(1600.000000)
826:BR,Player:0r130c/cc/cc/cc:2h5c,5dAc|/7h8cJs/5s/Jc:-230,230(104.112297)
827:Player,BR:0cr600f:JhKs,2c8h|:100,-100(100.000000)
828:BR,Player:0r200c/cc/cr150c/cr1350c:QcAc,TcJc|/2s7d9d/7s/8d:-1800,1800(139.035835)
829:Player,BR:0cc/cc/r130c/r299c:4d9h,JsKh|/2d6sAh/7h/Kc:-529,529(-100.734343)
830:BR,Player:0r130c/cr299c/cc/cc:6sQd,5cQc|/2s5d9c/Ah/9d:-529,529(-133.786734)
831:Player,BR:0cr130c/cc/cc/cc:7hAh,5h9s|/4s5dTs/Jc/9d:-230,230(-215.934963)
832:BR,Player:0r300f:3c7h,5d7d|:-100,100(-100.000000)
833:Player,BR:0cr300c/cc/r200c/r1800c:5s7c,5cTc|/9cThJd/Jc/3s:-2400,2400(-2400.000000)
834:BR,Player:0r130c/cc/cc/cr299c:JdKc,JcKd|/3d4sAh/Ks/2h:0,-0(-36.768702)
835:Player,BR:0cr600f:QdAs,3s6d|:100,-100(100.000000)
836:BR,Player:0r130c/cr299c/cr687f:2c5h,JhAh|/4sThAd/Qs:-529,529(-529.000000)
837:Player,BR:0cc/cc/cc/r130c:6d7s,7h9s|/7dTcQh/3s/4h:-230,230(-78.979094)
838:BR,Player:0r200c/cr390f:3h9d,4s5d|/4cJsJh:-300,300(-300.000000)
839:Player,BR:0cc/cc/r130c/r299f:5s9h,7d8h|/4h4dQh/7h/Kh:230,-230(230.000000)
840:BR,Player:0r130c/cc/cc/cc:3c8h,QdKc|/3h5hTd/3s/Th:230,-230(230.000000)
841:Player,BR:0cc/cc/cc/r130f:5d8c,3h7s|/5h6cTc/6s/Ks:100,-100(100.000000)
842:BR,Player:0r200c/cr390c/cr897c/cc:4s5h,2cJc|/4d6h7c/Js/6s:-1587,1587(820.085092)
843:Player,BR:0cr200c/cc/r150c/r225f:5dAd,5c7c|/3c9h9d/6d/6c:450,-450(450.000000)
844:BR,Player:0r200c/cc/cr600f:4sQc,9dAd|/3h5c6s/9h:-300,300(-300.000000)
845:Player,BR:0cr200c/r600c/cc/r1170f:KhAs,4sAh|/7d9sKd/Tc/Td:900,-900(900.000000)
846:BR,Player:0r130c/cc/cr115c/cc:4h8h,4d7s|/2sKcAc/2d/8c:345,-345(127.008327)
847:Player,BR:0cr300c/cc/cc/cc:TdKs,8d9s|/6dJhAc/5d/3d:400,-400(400.000000)
848:BR,Player:0cc/cc/cc/cr130c:7s8c,2cKs|/2s3s4h/7d/4d:230,-230(188.576552)
849:Player,BR:0cr300c/cc/cc/cc:7sAh,2hJc|/7d9sQh/5d/As:400,-400(400.000000)
850:BR,Player:0r130c/cr299c/cr264c/cc:2s7s,4cKc|/2c4d9s/6c/Jd:-793,793(-793.000000)
851:Player,BR:0cr300c/cc/r200c/r120f:QcAh,6dQh|/3s5d7h/3h/5c:600,-600(600.000000)
852:BR,Player:0r200c/cr390c/cc/cc:TsAh,8h9h|/5d7h8s/9d/6h:690,-690(690.000000)
853:Player,BR:0cr300f:QdKc,2cTs|:100,-100(100.000000)
854:BR,Player:0r130c/cc/cr299f:3d9h,7dTs|/2c8cJh/7h:-230,230(-230.000000)
855:Player,BR:0cc/cc/cc/cc:4sTc,TsQc|/3c9cJc/4c/6h:-100,100(-94.189441)
856:BR,Player:0cc/cr130c/cr299c/cr3174f:8hKc,4d5h|/2c3sAc/7s/9d:-529,529(-529.000000)
857:Player,BR:0cc/cc/cc/r130c:4hTh,2s5c|/8cKsKc/9c/Qc:-230,230(-192.958863)
858:BR,Player:0r130c/cc/cc/cc:7c8h,3hAc|/4cJcQd/2s/8s:230,-230(230.000000)
859:Player,BR:0cr200c/cc/cc/cc:6hKh,4c9c|/4s4d8c/2c/Th:-300,300(-291.983501)
860:BR,Player:0f:5sTs,2dTh|:50,-50(50.000000)
861:Player,BR:0cc/cc/r130c/r115f:2d8c,7hJc|/6cThJh/9d/Qc:230,-230(230.000000)
862:BR,Player:0r200c/cr900c/cr2400f:4sQs,9hTd|/3h8dAh/Th:-1200,1200(-1200.000000)
863:Player,BR:0cc/cc/cc/cc:3cJh,QcAd|/2h4hJd/8c/3h:100,-100(30.035693)
864:BR,Player:0cc/cc/cc/cr200f:8d9h,TsJh|/2h6s9s/3h/Tc:-100,100(-100.000000)
865:Player,BR:0cc/cc/cc/cc:3h6s,JcAh|/5dThQd/3c/Ad:-100,100(-81.307399)
866:BR,Player:0r130c/cc/cc/cr299f:8hTc,3d9d|/6h6d7d/4c/Qs:-230,230(-230.000000)
867:Player,BR:0cr200c/cc/r150c/cc:5d8c,7sQs|/3d3cKh/Ah/Jd:-450,450(-19.081628)
868:BR,Player:0f:QcKc,2s3c|:50,-50(50.000000)
869:Player,BR:0cr300c/cc/r520c/r1196c:TsAc,7cJc|/2s7d9d/Tc/2h:2116,-2116(330.917409)
870:BR,Player:0f:2d5h,3d8h|:50,-50(50.000000)
871:Player,BR:0cc/cc/cc/cc:9sQh,4cQs|/3c4hKs/Jd/Ac:-100,100(-56.362372)
872:BR,Player:0r200c/cr390c/cr897c/cc:4sAh,9s9h|/2s6h8c/Qh/5s:-1587,1587(-1207.171527)
873:Player,BR:0cc/cc/cc/r130c:6d9c,9sQc|/2hQsKc/6s/4s:-230,230(-197.559078)
874:BR,Player:0r130c/cc/cc/cc:4d5c,5s7c|/6h7h8h/Jh/5d:230,-230(213.005899)
875:Player,BR:0cc/cc/cc/r130c:3sKh,4c5d|/3c4sKd/8d/9d:230,-230(56.303199)
876:BR,Player:0r130c/cc/cc/cc:8sAc,3h3d|/5d6hKs/9h/Td:-230,230(-191.129743)
877:Player,BR:0cr300f:7sJd,2h3d|:100,-100(100.000000)
878:BR,Player:0r130c/cr460c/cc/cc:8h9c,4d7d|/TcJcQc/Th/7s:690,-690(690.000000)
879:Player,BR:0cr200c/r390c/cc/cc:8dTd,QsKd|/2s7sQh/Ad/Th:-690,690(-635.310302)
880:BR,Player:0r130c/cr460f:7cQd,6h7h|/2s4cJh:-230,230(-230.000000)
881:Player,BR:0cr600c/cc/r140c/r168c:KsAd,8sJs|/5cQsQc/4h/Jc:-1008,1008(-584.263501)
882:BR,Player:0f:5sTc,3h8s|:50,-50(50.000000)
883:Player,BR:0cc/cc/r130c/cc:3h6c,QsKh|/3d8cQh/8s/2d:-230,230(-224.523214)
884:BR,Player:0cc/cc/cr130c/cc:7c8h,4s5h|/5c8dTh/3s/2s:230,-230(226.460599)
885:Player,BR:0cr200c/cc/cc/cc:6c7d,JcQh|/4s6d8s/Kh/9h:300,-300(300.000000)
886:BR,Player:0r130c/cr299c/cc/cc:7dAs,8sTh|/3s5hAh/2s/9c:529,-529(529.000000)
887:Player,BR:0cr300c/cc/cc/cc:9hAs,KsKc|/3h6hQc/5d/4h:-400,400(-227.781175)
888:BR,Player:0r200c/cc/cc/cc:QsAh,QcAs|/2c9dTs/5s/8s:0,-0(69.178664)
889:Player,BR:0cr300f:6d6c,2h5h|:100,-100(100.000000)
890:BR,Player:0r130c/cc/cc/cc:9hTh,7dKh|/TcJdAd/2c/3h:230,-230(230.000000)
891:Player,BR:0cr300c/r520c/r184c/r1435f:3d5s,2cKd|/6d7h9c/4c/5c:1104,-1104(1104.000000)
892:BR,Player:0r130c/cc/cc/cr460c:4dJd,ThKh|/6s8sAd/Jc/Kc:-690,690(405.062847)
893:Player,BR:0cc/cc/cc/cc:3cQh,2c6c|/3d9dAs/Th/Ks:100,-100(94.911333)
894:BR,Player:0cc/cc/cc/cr300c:4c7h,3h6d|/7cTcJd/Kc/Kd:400,-400(183.025870)
895:Player,BR:0cc/cc/cc/cc:QcKd,3cTs|/5hKcAd/Qh/4c:100,-100(72.196314)
896:BR,Player:0r130c/cr299c/cr687f:7sTs,4sAd|/2cJcAh/3s:-529,529(-529.000000)
897:Player,BR:0cc/cc/cc/cc:5cJc,6cKs|/4s4d5h/9s/6h:-100,100(-78.343264)
898:BR,Player:0r130c/cr299c/cc/cr1058c:8cTs,6h9s|/3c7c9h/Kc/6d:1587,-1587(1530.078923)
899:Player,BR:0cr300f:9hAh,4s6d|:100,-100(100.000000)
900:BR,Player:0r130c/cc/cr299c/cc:6cTs,JcKh|/6dJdQs/Ad/2d:-529,529(-375.215398)
901:Player,BR:0cc/cc/cc/cc:4d9s,8cKc|/4s6d7c/Jh/3s:100,-100(87.236531)
902:BR,Player:0r130c/cc/cc/cc:2d9s,QhKc|/5h8cTs/4d/Th:-230,230(-230.000000)
903:Player,BR:0cc/cc/r130c/cc:2d7c,KsKc|/2s5dJs/5h/6d:-230,230(-199.012474)
904:BR,Player:0r130c/cr299c/cc/cc:5sAc,4dTd|/2h8hJh/7s/2d:529,-529(258.140761)
905:Player,BR:0cc/cc/cc/cc:6dJd,5d7d|/5c8cKc/8s/Kd:100,-100(77.143957)
906:BR,Player:0r130c/cc/cr299f:2cJh,7sQd|/4d8hAd/Th:-230,230(-230.000000)
907:Player,BR:0cc/cc/r130c/cc:4sJc,6sKd|/2s9s9h/As/3h:-230,230(-56.682548)
908:BR,Player:0r130c/cc/cc/cr299c:4sAh,7d9h|/5d9cAc/7c/2c:-529,529(97.090333)
909:Player,BR:0cr300c/cc/cc/cc:QcKh,TdAh|/2d7sAd/Js/5d:-400,400(-320.509642)
910:BR,Player:0r130c/cc/cr115c/cc:4cQc,4sTd|/TcKsAd/6c/2d:-345,345(-345.000000)
911:Player,BR:0cc/cc/cc/cc:6c8s,4h8h|/3s9hQh/Ts/8c:0,-0(-26.850221)
912:BR,Player:0r200c/cr390c/cc/cr897c:ThKs,KcAc|/2c4dAd/5c/Qs:-1587,1587(-413.106646)
913:Player,BR:0cc/cc/cc/cc:5c9s,3sJh|/5hAsAd/8h/Td:100,-100(63.901394)
914:BR,Player:0r130c/cr299c/cr1587f:TsJh,2h3h|/2s8dQc/Ks:-529,529(-529.000000)
915:Player,BR:0cc/cc/cc/r130f:2h6c,3dQc|/7dAhAd/5h/Th:100,-100(100.000000)
916:BR,Player:0cc/cr130c/cc/cc:7cTc,3sKd|/3h6sJs/Ad/5s:-230,230(-67.030319)
917:Player,BR:0cc/cc/cc/r130c:6dJs,4cJd|/2s2cJh/Kh/Kd:230,-230(-33.971173)
918:BR,Player:0r130c/cc/cc/cc:4d9s,6dTh|/JhJcAs/Ac/8d:-230,230(-95.442868)
919:Player,BR:0cc/cc/cc/cc:2c4h,7hKs|/2d8dQc/Jh/Th:100,-100(61.954758)
920:BR,Player:0r130c/cr299c/cr1058c/cr3174c:4dAc,2sKc|/2h2c7h/6d/Qh:-4761,4761(-557.039357)
921:Player,BR:0cr600c/cc/r1400c/r6300f:KhAd,8d9h|/5sTdKd/6c/As:2100,-2100(2100.000000)
922:BR,Player:0r200c/cc/cr390c/cc:9hAh,ThKs|/6h8dAs/7h/4h:690,-690(690.000000)
923:Player,BR:0cc/cc/r130f:4cQs,2c3h|/5c6cJs/Qd:100,-100(100.000000)
924:BR,Player:0r200c/cc/cr150c/cc:9sJh,5sQs|/5hJdAh/3c/2h:450,-450(450.000000)
925:Player,BR:0cr300f:KdKc,2c9s|:100,-100(100.000000)
926:BR,Player:0f:3sQs,2dTc|:50,-50(50.000000)
927:Player,BR:0cr300c/r520c/r1840f:TcJc,6dTd|/4dKhAd/9c:920,-920(920.000000)
928:BR,Player:0r130c/cc/cr460f:2dTd,7c8c|/4s9hQs/6s:-230,230(-230.000000)
929:Player,BR:0cr600c/cc/r140c/cc:5s5d,ThJc|/3h7hJs/4d/As:-840,840(-358.001489)
930:BR,Player:0r200c/cc/cc/cc:9dJc,6hKh|/3h9cAs/8s/4h:300,-300(300.000000)
931:Player,BR:0cr300f:7s7c,4d6s|:100,-100(100.000000)
932:BR,Player:0r130c/cc/cc/cc:TsJd,8sTd|/8d9dJh/Ah/Js:230,-230(230.000000)
933:Player,BR:0cc/cc/cc/cc:4c7d,ThJh|/4d5h6h/Ts/Kh:-100,100(-99.275965)
934:BR,Player:0r200c/cr390c/cr2070c/cc:2cJc,4hKd|/6dJsQh/Ts/Qc:2760,-2760(2760.000000)
935:Player,BR:0cc/cc/cc/cc:3cTd,7sJh|/6sQcAc/2s/5c:-100,100(62.241148)
936:BR,Player:0cc/cr130c/cc/cc:3s7d,9dKh|/2c3d9c/Qh/Ts:-230,230(25.952811)
937:Player,BR:0cr200c/r390c/r345c/cc:TcAh,TdKh|/5c7cJd/3c/3h:1035,-1035(566.278455)
938:BR,Player:0r130c/cc/cr115c/cr448c:JhJd,4h6s|/5h5cAd/Ah/3s:793,-793(562.755769)
939:Player,BR:0cr300f:5h7d,4d8h|:100,-100(100.000000)
940:BR,Player:0r200c/cr900c/cr3600c/cc:2cQd,6c9h|/7c8sKc/As/Qc:4800,-4800(4438.739737)
941:Player,BR:0cr600c/r1400c/cc/cc:6c7c,4hAc|/2c3s8h/7d/2d:2100,-2100(1752.964518)
942:BR,Player:0r130c/cr299c/cc/cc:9cTs,ThKs|/6c7dQs/Td/As:-529,529(407.771158)
943:Player,BR:0cc/cc/r130c/cc:5dTd,8sQh|/4sJcKh/9c/Ac:-230,230(36.060536)
944:BR,Player:0r200c/cr390f:4hTc,7c8c|/2c6s7h:-300,300(-300.000000)
945:Player,BR:0cc/cc/r130c/cc:3s6h,9sAd|/7h9hJs/8s/6d:-230,230(39.695788)
946:BR,Player:0r130c/cr299c/cc/cc:5s8s,3s7s|/3c8h8c/Kh/6s:529,-529(529.000000)
947:Player,BR:0cr300c/cc/cc/r200f:8dTs,8s9h|/5hJsAc/Td/2h:400,-400(400.000000)
948:BR,Player:0r130c/cc/cr115c/cc:8sJc,6sTs|/8dTcJh/4h/As:345,-345(345.000000)
949:Player,BR:0cc/cc/cc/cc:4s5h,7sKc|/9dTcQc/Jd/5d:-100,100(-97.261346)
950:BR,Player:0r130c/cc/cr115c/cr2070c:3s6d,8sTs|/3h4d6s/4h/6h:2415,-2415(2415.000000)
951:Player,BR:0cc/cc/cc/r130c:4h9h,3sAs|/3d4c8d/6s/6h:230,-230(53.738832)
952:BR,Player:0r130c/cr299c/cr687f:8sAc,6dKs|/7c9hQs/Kc:-529,529(-529.000000)
953:Player,BR:0cc/cc/cc/cc:6hTs,2s9s|/3cJdKd/5s/5d:100,-100(84.200837)
954:BR,Player:0cc/cc/cr130c/cr690c:QcAh,6cQd|/7s8hQs/Qh/6d:-920,920(404.797059)
955:Player,BR:0cr200c/cc/cc/r600c:8hKh,TsKc|/8s9hAc/Td/Kd:-900,900(-665.195733)
956:BR,Player:0r130c/cc/cr460f:4h5c,9cQh|/3h9sJc/2c:-230,230(-230.000000)
957:Player,BR:0cc/cc/cc/cc:4d8d,JhAd|/2sTdAs/4s/Kh:-100,100(-82.050832)
958:BR,Player:0r130c/cr299c/cc/cr1587c:4sQs,4h5c|/4d4c7d/Jd/3h:2116,-2116(2116.000000)
959:Player,BR:0cc/cc/cc/r300c:3s8d,7cAd|/4h9cTc/2d/7h:-400,400(-98.885185)
960:BR,Player:0r300c/cc/cc/cc:7d9s,6sQs|/3hJcAd/Ks/4d:-400,400(-400.000000)
961:Player,BR:0cr200c/cc/cc/cc:6sAh,7dAd|/4d5hTd/9s/4c:0,-0(-64.711495)
962:BR,Player:0cc/cc/cc/cc:JdQs,5sAh|/2s9hKc/3d/9s:-100,100(3.334148)
963:Player,BR:0cc/cc/r130c/cc:5dTh,TsJd|/4hJhKh/As/6s:-230,230(-219.866702)
964:BR,Player:0cc/cc/cc/cc:3h6h,9dQs|/2s7cJh/8s/Ks:-100,100(-100.000000)
965:Player,BR:0cr300c/r520c/cc/cc:3h5h,9hKd|/JdQhQd/4c/2c:-920,920(-156.205097)
966:BR,Player:0r130c/cc/cc/cc:8hQs,9hAc|/3cTsQd/6s/7d:230,-230(230.000000)
967:Player,BR:0cc/cc/cc/cc:5c6h,5sQs|/3h8dTs/Qd/4c:-100,100(-89.929348)
968:BR,Player:0f:4d6s,3h8d|:50,-50(50.000000)
969:Player,BR:0cc/cc/r200c/cc:4d7h,6hAc|/5c8h8d/9d/5d:-300,300(-300.000000)
970:BR,Player:0r130c/cr299c/cc/cr1058c:2c8d,5cKd|/3c8hTs/7d/6c:1587,-1587(1584.292766)
971:Player,BR:0cc/cc/cc/cc:2sQd,8cQc|/2d3h4h/5h/Ah:0,-0(24.969970)
972:BR,Player:0r130c/cr460c/cc/cr897f:9cKd,7dKs|/8s9hTd/4s/Jc:-690,690(-690.000000)
973:Player,BR:0cc/cc/r130c/r115f:3d7d,6dKd|/4d8s8d/Ts/2c:230,-230(230.000000)
974:BR,Player:0r130c/cc/cc/cr299c:7sQd,3h4h|/2c8dTc/Jc/Ad:529,-529(-166.993616)
975:Player,BR:0cc/cc/cc/r130c:7hJd,8h8d|/2c7cAd/As/5h:-230,230(-177.672775)
976:BR,Player:0r130c/cc/cc/cr299f:2h4s,2d5d|/5h7sJs/7c/3s:-230,230(-230.000000)
977:Player,BR:0cc/r130c/r115c/cc:5c8c,KhAh|/4d5h8h/Js/Kc:345,-345(279.331026)
978:BR,Player:0r130c/cr299c/cc/cc:2hKh,QsAs|/4s4d9h/5d/Kc:529,-529(529.000000)
979:Player,BR:0cr200c/r600f:4h6h,7cAh|/3d5dTd:300,-300(300.000000)
980:BR,Player:0f:6cAs,2d6h|:50,-50(50.000000)
981:Player,BR:0cr300c/cc/cc/cc:8dAc,9dJd|/2c6sKh/Ts/Kc:400,-400(400.000000)
982:BR,Player:0r200c/cc/cc/cc:4hAd,8cTc|/2d8sQh/5h/9c:-300,300(-269.709126)
983:Player,BR:0cr300c/cc/r200c/r300c:4s5s,3hAh|/8d8cAc/5d/Ad:-900,900(-751.050062)
984:BR,Player:0r130c/cc/cc/cr299f:6hKd,3dJc|/5cJdQd/8h/Jh:-230,230(-230.000000)
985:Player,BR:0cr600c/cc/r1400f:QsAd,4s4h|/JdQdAc/6s:700,-700(700.000000)
986:BR,Player:0r130c/cc/cc/cr299c:5dQc,6sJd|/8c9dKh/3h/Ts:529,-529(-172.753715)
987:Player,BR:0cr200c/cc/cc/r390c:JsAd,4d9s|/8sTdJc/Kc/Kh:690,-690(121.004853)
988:BR,Player:0r200c/cc/cc/cc:TsAc,8sAd|/8dTdJs/3s/9d:300,-300(195.175039)
989:Player,BR:0cr200c/cc/cc/r150c:5s5h,9cAd|/7h9dKd/Ks/3h:-450,450(-416.731458)
990:BR,Player:0r130c/cc/cr115c/cc:TdQh,8cTh|/3h4dKs/4c/Qc:345,-345(345.000000)
991:Player,BR:0cc/cc/cc/cc:8cQh,8d9c|/2d5hKh/Jc/Ks:100,-100(66.026755)
992:BR,Player:0r130c/cr299c/cr687c/cc:8sQc,3d4d|/5sQsAs/6h/Ad:1216,-1216(1216.000000)
993:Player,BR:0cr300c/cc/r1200c/r800f:8h9d,5hJc|/5d8d9c/3c/7h:1600,-1600(1600.000000)
994:BR,Player:0f:7sKh,2sJh|:50,-50(50.000000)
995:Player,BR:0cc/r200c/cc/cc:6h7c,3c9s|/2dJhAc/Qh/2c:0,-0(0.000000)
996:BR,Player:0r130c/cc/cr115c/cc:2s8c,4dTh|/8sTcAs/Kd/3d:-345,345(-245.665608)
997:Player,BR:0cr200c/cc/r900f:2s5d,4hQc|/6hTcAs/3c:300,-300(300.000000)
998:BR,Player:0cc/cr130c/cc/cc:5sAc,4d7c|/2d5h5c/Qd/8h:230,-230(230.000000)
999:Player,BR:0cc/cc/cc/r130c:4d9d,QhAc|/4s9sQc/Td/Ts:-230,230(-188.504870)
1000:BR,Player:0r130c/cc/cc/cr299f:2s6c,5d7d|/5s7hQh/8c/Td:-230,230(-230.000000)
RAW BR STATS: n=1000, sum=65048.000000, sum_sq=1057408842.000000, vr_sum=47716.694118, vr_sum_sq=695834213.950123
BR STATS: 65.048000(63.607288), 47.716694(51.617534)
RESULTS
1)Player: -65048
2)BR: 65048
