In config file: GAME_DEF=game_def.fullholdem
In config file: ACTIONS_R0=C
In config file: ACTIONS_R1=F,C,0.05,0.0575,0.066125,0.07604375,0.087450313,0.100567859,0.115653038,0.133000994,0.152951143,0.175893815,0.202277887,0.23261957,0.267512505,0.307639381,0.353785288,0.406853081,0.467881044,0.5380632,0.61877268,0.711588582,0.81832687,0.9410759,1.082237285,1.244572878,1.43125881,1.645947631,1.892839776,2.176765742,2.503280603,2.878772694,3.310588598,3.807176888,4.378253421,5.034991434,5.790240149,6.658776171,7.657592597,8.806231486,10.12716621,11.64624114,13.39317731,15.40215391,17.71247699,20.36934854,23.42475083,26.93846345,30.97923297,35.62611791,40.9700356,47.11554094,54.18287208,62.31030289,71.65684832,82.40537557,94.76618191,A
In config file: ACTIONS_R2=F,C
In config file: ACTIONS_R3=F,C
Loading player: rgbr_nl_cprg.so
Player args: /home/viliam/cprg/project_uoapoker/trunk/src/c/meta_player.so /home/viliam/cprg/project_uoapoker/trunk/src/c/acpc14.map
Using seed 31.
1:BR,Player:0r130c/r1001c/cc/cc:3s7s,7c9h|/7h8c9d/6s/2s:-1231,1231(-1231.000000)
2:Player,BR:0cr200c/r1800r5227f:4c7c,TsQs|/3cThJh:-2100,2100(-2100.000000)
3:BR,Player:0cc/r124c/cr100c/cr576c:8hQs,2sKc|/4s4hQh/3h/Td:900,-900(27.196065)
4:Player,BR:0cr300c/cr1741c/cc/r1219f:3cTc,2d6h|/5cKcAd/3s/Jh:2141,-2141(2141.000000)
5:BR,Player:0r130c/r285c/cr543c/cc:TsTh,7dQd|/7h8cQs/8h/Ac:-1058,1058(189.087828)
6:Player,BR:0cr130c/cr285c/cc/cc:ThJh,4hAs|/2cJcAc/Qs/8c:-515,515(68.331334)
7:BR,Player:0r130c/r2014c/cr6726f:6c8c,9dAd|/9h9cQh/Ks:-2244,2244(-2244.000000)
8:Player,BR:0cr300c/r800r1708f:9cQc,2d4s|/3s5cJs:-1200,1200(-1200.000000)
9:BR,Player:0cc/r1761f:3h5s,6sJd|/3c7sQh:100,-100(100.000000)
10:Player,BR:0cc/cr1532f:5cKd,QdKc|/6cTcQs:-100,100(-100.000000)
11:BR,Player:0r200c/r212r523r523f:5cKc,4cQc|/JsKhAd:1035,-1035(1035.000000)
12:Player,BR:0cc/cr124f:2c6h,2d7h|/4h7dJd:-100,100(-100.000000)
13:BR,Player:0r130c/r1751c/cc/cr4459f:7c8c,AsAd|/3c8hTc/5s/Qh:-1981,1981(-1981.000000)
14:Player,BR:0cr200c/r600r3918f:8s8c,2hTd|/3dAhAc:-900,900(-900.000000)
15:BR,Player:0cc/r1761f:TcJd,3d6s|/8h9sAs:100,-100(100.000000)
16:Player,BR:0cc/cr876f:5dKs,5s7c|/3c6c8s:-100,100(-100.000000)
17:BR,Player:0cc/r142f:2sQd,4h4d|/7cTdAs:100,-100(100.000000)
18:Player,BR:0cr300c/cr1741f:QhQd,KsAh|/5s6d8s:-400,400(-400.000000)
19:BR,Player:0cc/r876f:JhQh,2dAh|/4c7h9d:100,-100(100.000000)
20:Player,BR:0cc/cr124f:3hTd,8cAh|/5c9s9h:-100,100(-100.000000)
21:BR,Player:0r200c/r1306f:9sQs,8hQd|/5h6hAs:300,-300(300.000000)
22:Player,BR:0cc/cr435f:2dQh,8hKd|/3h4c5s:-100,100(-100.000000)
23:BR,Player:0r130c/r285c/cr175c/cr2070c:7c8c,4c5h|/2s7dQc/Kd/7s:2760,-2760(2151.709480)
24:Player,BR:0cr200c/cr5284f:6dQd,4sKs|/5c9sAh:-300,300(-300.000000)
25:BR,Player:0cc/r3080f:8dAd,QsQc|/3h5hKc:100,-100(100.000000)
26:Player,BR:0cc/cr876f:6dTs,8dTh|/8cJdKc:-100,100(-100.000000)
27:BR,Player:0r130c/r2014f:2s4d,3s5d|/5h9sKd:230,-230(230.000000)
28:Player,BR:0cc/cr876f:2cQs,5c8h|/2d3d4s:-100,100(-100.000000)
29:BR,Player:0r130c/r1001f:5cKd,3dTd|/3s6h9s:230,-230(230.000000)
30:Player,BR:0cr130c/cr19770f:4s4h,8sKs|/8d8cQh:-230,230(-230.000000)
31:BR,Player:0r200c/r2627f:9dQc,8hKd|/7h8dTc:300,-300(300.000000)
32:Player,BR:0cr200c/cr2627f:6d9s,TsQh|/4s9cJc:-300,300(-300.000000)
33:BR,Player:0r130c/r163f:TcKd,8sQd|/2d4s9h:230,-230(230.000000)
34:Player,BR:0cc/cr1761f:2h6d,2s5h|/2c3hJs:-100,100(-100.000000)
35:BR,Player:0r130c/r2014f:4d7s,4hJd|/5s8sAc:230,-230(230.000000)
36:Player,BR:0cc/cr124c/cc/cc:5c9d,5d9h|/2c5sTh/As/8c:0,-0(-155.587547)
37:BR,Player:0r130c/r1001c/cc/cr3599f:6c7h,3sAd|/3dQsQd/3h/9h:-1231,1231(-1231.000000)
38:Player,BR:0cc/cr3080f:JcQs,6c9c|/5s7hKs:-100,100(-100.000000)
39:BR,Player:0r130c/r2014c/cr4633f:6h8c,2hJh|/2s2dAs/3c:-2244,2244(-2244.000000)
40:Player,BR:0cc/cr1532f:6d7s,TsJc|/5dJhKd:-100,100(-100.000000)
41:BR,Player:0cc/r1761f:2c8c,3dTc|/6d7sJd:100,-100(100.000000)
42:Player,BR:0cc/cr379c/cc/r121c:8h9s,QhAh|/7h7dQs/5d/9h:-600,600(-475.065013)
43:BR,Player:0cc/r1761f:3sQc,2c4c|/6s7sJd:100,-100(100.000000)
44:Player,BR:0cc/cr379f:5c6s,TcAs|/7c8sTh:-100,100(-100.000000)
45:BR,Player:0r130c/r2014f:TdJd,TsAd|/3c8h9d:230,-230(230.000000)
46:Player,BR:0cr200c/cr2627f:KsAh,6d8s|/5c9sQd:-300,300(-300.000000)
47:BR,Player:0f:4dTd,2s8c|:50,-50(50.000000)
48:Player,BR:0cc/cr1761f:5d6s,9sKh|/7cTcJs:-100,100(-100.000000)
49:BR,Player:0r130c/r285c/cc/cc:6dTc,8d8c|/5dTdQh/3h/Th:515,-515(515.000000)
50:Player,BR:0cc/cr761f:3s8s,TsAs|/7sAhAc:-100,100(-100.000000)
51:BR,Player:0r130c/r327c/cr478c/cr2070f:2cJh,9hTd|/3sThTc/Qd/Kh:-1035,1035(-1035.000000)
52:Player,BR:0cc/cr876f:5dTc,7d9d|/5s6sKh:-100,100(-100.000000)
53:BR,Player:0f:JsAh,2s9h|:50,-50(50.000000)
54:Player,BR:0cc/cr876f:8c9s,3c7s|/8hTcJc:-100,100(-100.000000)
55:BR,Player:0r200c/r1306f:7sAd,5hJh|/6sJcQc:300,-300(300.000000)
56:Player,BR:0cc/cr1761f:6sTc,3s5s|/5dTsAh:-100,100(-100.000000)
57:BR,Player:0cc/r3080f:7cAc,4sTd|/ThKhKc:100,-100(100.000000)
58:Player,BR:0cr130c/r299r9317f:9dQd,5dJs|/2h6sAd:-529,529(-529.000000)
59:BR,Player:0r200c/r371f:KsKc,7hQc|/5h8cAs:300,-300(300.000000)
60:Player,BR:0cc/cr761f:8sQc,3cJs|/3dJhAs:-100,100(-100.000000)
61:BR,Player:0r130c/r1751f:2h7s,5sQc|/2d7cAc:230,-230(230.000000)
62:Player,BR:0cr300c/cr283f:2s2c,4sAc|/4c6hTs:-400,400(-400.000000)
63:BR,Player:0r200c/r371c/cc/cr1129f:3c6d,3s5d|/2h2d3h/Kh/Th:-671,671(-671.000000)
64:Player,BR:0cc/cr379f:4dJh,7sKc|/2h5cKh:-100,100(-100.000000)
65:BR,Player:0cc/r1761f:6dJh,9dQh|/3s9sKd:100,-100(100.000000)
66:Player,BR:0cc/cr876c/cc/r974c:6sAc,6hQs|/3cTsAs/Qh/Qc:-1950,1950(-1823.020337)
67:BR,Player:0f:2hKh,2d9s|:50,-50(50.000000)
68:Player,BR:0cc/cr379f:4dKh,5cQd|/3c7sQs:-100,100(-100.000000)
69:BR,Player:0cc/r124f:4hTd,2d7d|/5sThAd:100,-100(100.000000)
70:Player,BR:0cr200c/cr8036f:ThKd,7dAc|/5c9cAs:-300,300(-300.000000)
71:BR,Player:0r130c/r1751c/cc/cc:QsKd,5d7c|/2d7hQd/8h/As:1981,-1981(1659.481850)
72:Player,BR:0cc/cr379f:6d9c,8h8c|/4h4c7c:-100,100(-100.000000)
73:BR,Player:0r130c/r163f:2cTh,8cQs|/6hKcAd:230,-230(230.000000)
74:Player,BR:0cc/cr876f:4d7s,8sAd|/2d3cTc:-100,100(-100.000000)
75:BR,Player:0f:7sJc,3s7c|:50,-50(50.000000)
76:Player,BR:0cr200c/cr5284c/r2696f:8s9s,3d4s|/8h9dAh/4h:5584,-5584(5584.000000)
77:BR,Player:0r130c/r2014f:4d5h,8sQs|/3h7d7c:230,-230(230.000000)
78:Player,BR:0cr600c/cr2650f:6s6c,JhJc|/5s9hTc:-700,700(-700.000000)
79:BR,Player:0r200c/r2627f:2c9s,9dKc|/5sQcAs:300,-300(300.000000)
80:Player,BR:0cr300c/r520r520c/cc/r768f:QhAc,5s7s|/4hTcQd/7d/Kh:1440,-1440(1440.000000)
81:BR,Player:0r130c/r2014f:3sKd,3d6d|/8hQcAd:230,-230(230.000000)
82:Player,BR:0cr200c/cr1136c/cc/r364c:ThAd,9dAc|/2s5hAs/Ts/6d:1800,-1800(-493.475402)
83:BR,Player:0f:5hTd,2dTs|:50,-50(50.000000)
84:Player,BR:0cr600c/cr1742c/cc/r3998f:QhAs,2h8s|/9dJsQc/3s/3h:2442,-2442(2442.000000)
85:BR,Player:0r130c/r1001r2472f:3hQs,4d6d|/6c7d8s:-1231,1231(-1231.000000)
86:Player,BR:0cc/cr379c/cc/r121c:5sKh,2s8h|/2c8sKs/4h/Kc:600,-600(107.160378)
87:BR,Player:0cc/r124c/cc/cr376f:9d9c,2s7s|/4h8sJs/3c/8d:-224,224(-224.000000)
88:Player,BR:0cr200c/cr212c/cc/r163f:3cAc,3hTh|/4sTdKd/Ah/Qc:512,-512(512.000000)
89:BR,Player:0r130c/r2014f:2sKc,KsAc|/3s4h8s:230,-230(230.000000)
90:Player,BR:0cr300c/r520r2290c/cc/cc:TcJs,6sAc|/6h7cJc/5d/3h:3210,-3210(3210.000000)
91:BR,Player:0r200c/r14055f:4c6d,5s9c|/6s6cQd:300,-300(300.000000)
92:Player,BR:0cc/cr379f:3d9h,QdKs|/6hJdKd:-100,100(-100.000000)
93:BR,Player:0r130c/r1001c/cr1184f:3c6h,JdQs|/7dJcQh/Td:-1231,1231(-1231.000000)
94:Player,BR:0cr130c/cr12392f:TdJd,2sJs|/2c7hJc:-230,230(-230.000000)
95:BR,Player:0r130c/r1001f:7d8d,8h8c|/9hThAs:230,-230(230.000000)
96:Player,BR:0cc/cr3080f:2d7s,3d9s|/5d6h8s:-100,100(-100.000000)
97:BR,Player:0cc/r3080f:2hTs,TcKs|/3c4cQs:100,-100(100.000000)
98:Player,BR:0cc/cr100f:3d8s,9hKc|/6hQdAh:-100,100(-100.000000)
99:BR,Player:0r300c/r19600f:6dAs,9sKc|/AhAdAc:400,-400(400.000000)
100:Player,BR:0cc/cr379c/cc/cc:6h9s,JsJd|/6d8cKd/Tc/Qh:-479,479(-377.214076)
101:BR,Player:0r200c/r2627f:2h5d,7hAs|/4h9cJh:300,-300(300.000000)
102:Player,BR:0cc/cr379f:3c4d,8c9s|/4s8sJs:-100,100(-100.000000)
103:BR,Player:0f:3d4c,2s4h|:50,-50(50.000000)
104:Player,BR:0cr200c/r390r3004f:3dTd,2sAs|/2d3h8c:-690,690(-690.000000)
105:BR,Player:0f:6hKc,2s8d|:50,-50(50.000000)
106:Player,BR:0cc/cr876f:7sQh,4c9s|/3c5hTc:-100,100(-100.000000)
107:BR,Player:0r130c/r2014f:7sJh,4cTd|/5h8cTh:230,-230(230.000000)
108:Player,BR:0cc/cr761f:3h5c,9dAc|/3dJhAs:-100,100(-100.000000)
109:BR,Player:0r130c/r2014f:TcJs,3cQd|/2d4c6h:230,-230(230.000000)
110:Player,BR:0cc/cr876f:4sJd,6s9c|/3s8sTd:-100,100(-100.000000)
111:BR,Player:0r130c/r4051f:3c5c,3h4c|/4hJsQd:230,-230(230.000000)
112:Player,BR:0cc/cr1761f:3dTc,8cJs|/4s7sTh:-100,100(-100.000000)
113:BR,Player:0f:2cKd,3d8h|:50,-50(50.000000)
114:Player,BR:0cc/r130r2014f:8dTc,2h9c|/3d5c8s:-230,230(-230.000000)
115:BR,Player:0r130c/r1001f:5s9c,7sKc|/3cJhQh:230,-230(230.000000)
116:Player,BR:0cc/cr1761r3429f:3hKh,2s3c|/4h7h9h:1861,-1861(1861.000000)
117:BR,Player:0r130c/r871c/cc/cr1015c:3d6d,7d9s|/2c5d6c/Th/3h:2116,-2116(485.313219)
118:Player,BR:0cc/cr876f:7d8c,2hTd|/5c8h9c:-100,100(-100.000000)
119:BR,Player:0f:6cTd,2c7d|:50,-50(50.000000)
120:Player,BR:0cr200c/cr2627f:JcAh,3s3h|/4d5cTd:-300,300(-300.000000)
121:BR,Player:0r130c/r2014f:6hTs,5dAc|/2h2dJs:230,-230(230.000000)
122:Player,BR:0cc/cr3080f:3s9h,7hQc|/JcAhAd:-100,100(-100.000000)
123:BR,Player:0r130c/r1001c/cr2472f:7sQh,TsJd|/4h6dTd/3c:-1231,1231(-1231.000000)
124:Player,BR:0cc/cr876f:4d6h,6sKs|/2d4c8h:-100,100(-100.000000)
125:BR,Player:0r130c/r100c/cc/cr429c:TcKh,4d5h|/3s8cAh/Qc/As:759,-759(93.424158)
126:Player,BR:0cc/cr876f:5cTc,9dJd|/4c5s5h:-100,100(-100.000000)
127:BR,Player:0r130c/r2014f:4dAs,3dQh|/2c5d6d:230,-230(230.000000)
128:Player,BR:0cr300c/r1200r1200f:8cQc,5d8h|/3h7h7c:-1600,1600(-1600.000000)
129:BR,Player:0f:2sQh,2h4c|:50,-50(50.000000)
130:Player,BR:0cr200c/cr2627f:3h4h,6s9s|/4c5cTh:-300,300(-300.000000)
131:BR,Player:0r130c/r573c/cr577c/cc:JcQh,7hJh|/9hKhAs/Js/Ac:0,-0(-680.337903)
132:Player,BR:0cc/cr1761f:8dTh,6dQs|/2c4dJs:-100,100(-100.000000)
133:BR,Player:0r130c/r1001c/cr2472c/cc:2h9h,TcAc|/5c9cAd/4s/Qd:-3703,3703(699.325721)
134:Player,BR:0cc/cr3080f:4cAs,5s8h|/3cTsAh:-100,100(-100.000000)
135:BR,Player:0r200c/r1306f:KcAc,8s8h|/4c9dQh:300,-300(300.000000)
136:Player,BR:0cr300c/cr3503f:8s9c,9sJs|/3d8cKs:-400,400(-400.000000)
137:BR,Player:0r130c/r4051f:7d8c,5c9s|/2dJsQh:230,-230(230.000000)
138:Player,BR:0cc/cr761f:2dJs,QcAc|/3hThAd:-100,100(-100.000000)
139:BR,Player:0r130c/r1001r2472r2472f:KdAh,5hJc|/8h9cQs:3703,-3703(3703.000000)
140:Player,BR:0cc/cr435f:4sJd,7cTd|/3h4cQh:-100,100(-100.000000)
141:BR,Player:0r130c/r1001c/cc/cr5209f:2cJh,8c9h|/6h8d9c/Ts/9d:-1231,1231(-1231.000000)
142:Player,BR:0cr200c/cr1306c/r1544c/r1575c:8h9h,TdKh|/3s6h7c/Qs/6s:-4725,4725(2702.626827)
143:BR,Player:0r130c/r498c/cr307c/cr18965c:3cTh,2c8c|/6d8sTc/6h/Kc:20000,-20000(20000.000000)
144:Player,BR:0cr600c/r1400r5227f:KdAc,3cTd|/7dThKs:-2100,2100(-2100.000000)
145:BR,Player:0cc/r876f:3sTd,2cAs|/6h7hQc:100,-100(100.000000)
146:Player,BR:0cr200c/cr427f:3sAs,6cKs|/5hTdJh:-300,300(-300.000000)
147:BR,Player:0r130c/r1001f:5s8c,4c5h|/6s9s9d:230,-230(230.000000)
148:Player,BR:0cc/cr8194f:5dKc,KhAc|/5c9hAd:-100,100(-100.000000)
149:BR,Player:0r130c/r1751f:3d9c,2sAs|/3s3h6h:230,-230(230.000000)
150:Player,BR:0cc/cr435c/cc/r305f:4d5s,8hJs|/4c6sAh/Th/5d:535,-535(535.000000)
151:BR,Player:0r200c/r2627f:2cJs,8c9s|/4d5c7c:300,-300(300.000000)
152:Player,BR:0cc/cr761f:2d7s,6h7d|/6c7hKs:-100,100(-100.000000)
153:BR,Player:0cc/r435f:3c6c,3d5c|/ThJcQd:100,-100(100.000000)
154:Player,BR:0cc/cr1761f:TdQs,3cQd|/3h6h7d:-100,100(-100.000000)
155:BR,Player:0cc/r435c/cc/cc:3c9h,6d7s|/4h7d8c/Tc/2d:-535,535(-535.000000)
156:Player,BR:0cc/cr876f:3h8h,5sQd|/8sTcAc:-100,100(-100.000000)
157:BR,Player:0r200c/r2627f:6s9s,4s4c|/9hTcAh:300,-300(300.000000)
158:Player,BR:0cr300c/cr3503f:7h8d,5cAc|/3h4s7d:-400,400(-400.000000)
159:BR,Player:0r130c/r1751f:4sKs,7cJd|/2c5s9s:230,-230(230.000000)
160:Player,BR:0cc/cr876f:4dAs,8dTc|/2h6cAh:-100,100(-100.000000)
161:BR,Player:0r200c/r1306c/cr1544c/cr9450f:6dQc,ThTc|/4h8s8d/Td/Kc:-3150,3150(-3150.000000)
162:Player,BR:0cr200c/cr2627f:5s5h,QhKc|/6d7cAc:-300,300(-300.000000)
163:BR,Player:0r130c/r871c/cr1015c/cr6348f:2sAc,8c9d|/5d8hAs/8d/Th:-2116,2116(-2116.000000)
164:Player,BR:0cc/cr379c/cc/r441c:5d6h,8sQc|/2c3d8h/Jh/2d:-920,920(-216.554696)
165:BR,Player:0r130c/r1001f:4c8h,4sJc|/2sAsAh:230,-230(230.000000)
166:Player,BR:0cc/cr876f:2c9s,5hJh|/8cThAs:-100,100(-100.000000)
167:BR,Player:0cc/r435f:8dTd,2sJh|/6c7sAs:100,-100(100.000000)
168:Player,BR:0cc/r200r200r1900f:2sAd,8dAc|/2d2c3c:500,-500(500.000000)
169:BR,Player:0f:7sJd,2h9d|:50,-50(50.000000)
170:Player,BR:0cr600c/cr3047r16253f:5d6d,8hAc|/5h6hQd:3747,-3747(3747.000000)
171:BR,Player:0r130c/r1001f:7sTh,6hTc|/2d3d4c:230,-230(230.000000)
172:Player,BR:0cr300c/cr1741f:9dKc,6cQc|/5dJdAc:-400,400(-400.000000)
173:BR,Player:0cc/r435f:5hTh,KcAd|/3cQsQc:100,-100(100.000000)
174:Player,BR:0cr300c/cr495c/cc/r1505c:ThAh,9cTc|/3s9hKc/4s/7c:-2400,2400(273.371241)
175:BR,Player:0r130c/r1001c/cr2472c/cc:6cQs,4hKh|/2h5h7c/8d/3c:-3703,3703(-3670.212226)
176:Player,BR:0cr300c/cr1741f:5c7h,9sKc|/7s8cAh:-400,400(-400.000000)
177:BR,Player:0r200c/r649c/cc/cc:8cAs,9cKs|/TsThAc/Kc/Qd:949,-949(564.993028)
178:Player,BR:0cr130c/cr1001f:TcQs,2c3h|/5d8sAd:-230,230(-230.000000)
179:BR,Player:0r130c/r573f:3c9c,7hAs|/9hTcJh:230,-230(230.000000)
180:Player,BR:0cr200c/cr1136c/r100c/cc:6sKh,5hTd|/4d6cTc/7s/Ah:-1536,1536(-252.797187)
181:BR,Player:0r130c/r2014c/cr4633f:9sTh,8dQs|/2h4d8h/6c:-2244,2244(-2244.000000)
182:Player,BR:0cr600c/cr3047f:8dQd,2s8s|/6s7cKc:-700,700(-700.000000)
183:BR,Player:0r130c/r2014f:5d6d,8hKs|/3c6hJc:230,-230(230.000000)
184:Player,BR:0cc/cr3080f:7dQh,3c7h|/2c9sQc:-100,100(-100.000000)
185:BR,Player:0r130c/r1001c/cc/cr5209f:3dJd,9dTs|/8s9hTc/Qh/Th:-1231,1231(-1231.000000)
186:Player,BR:0cr130c/cr2014c/r2241c/cc:9cTc,QsAd|/3c6s9s/2d/Ks:4485,-4485(4485.000000)
187:BR,Player:0r200c/r212c/cr1288c/cr2340f:5hKh,KcAd|/5c6dJs/Ac/2c:-1800,1800(-1800.000000)
188:Player,BR:0cr300c/cr141c/cc/r100c:7cJc,4h8s|/8hJdAc/Qh/6h:641,-641(507.849643)
189:BR,Player:0r200c/r2627f:4c9d,6c9h|/5s7sAd:300,-300(300.000000)
190:Player,BR:0cr200c/cr2627c/r2923f:KcAd,5c9s|/3h8cAc/Kh:2927,-2927(2927.000000)
191:BR,Player:0r130c/r2014f:4sTh,5sJc|/4hKhAd:230,-230(230.000000)
192:Player,BR:0cc/cr435f:3hQh,3s3c|/4sTdJd:-100,100(-100.000000)
193:BR,Player:0cc/r1761f:2dJd,6d8c|/3h6s9d:100,-100(100.000000)
194:Player,BR:0cr200c/cr5284f:7hKh,2hTd|/2d7sQs:-300,300(-300.000000)
195:BR,Player:0r130c/r2014f:6h7d,5cQd|/5s9dAc:230,-230(230.000000)
196:Player,BR:0cc/cr876f:JdAh,3h7h|/5h7s8c:-100,100(-100.000000)
197:BR,Player:0r130c/r2014f:8s9d,4s5d|/4dJdQh:230,-230(230.000000)
198:Player,BR:0cr600c/r2100r2100f:6d8d,8hJh|/2dJcAs:-2800,2800(-2800.000000)
199:BR,Player:0r130c/r2014f:7cAs,6sAd|/3s5dJs:230,-230(230.000000)
200:Player,BR:0cr300c/cr3503f:TcKd,3cTd|/2h8s8d:-400,400(-400.000000)
201:BR,Player:0r200c/r2627f:TcJd,9cKc|/2dQsAc:300,-300(300.000000)
202:Player,BR:0cc/cr876f:6dQs,2h9c|/9hThKs:-100,100(-100.000000)
203:BR,Player:0r130c/r2014f:5cTc,6d6c|/3h4hJh:230,-230(230.000000)
204:Player,BR:0cr130c/cr2014c/r2241c/cc:ThJd,6sAc|/7sQcKs/5d/Jc:4485,-4485(4485.000000)
205:BR,Player:0r130c/r2014r9716f:2sKd,TdTc|/4s6dTs:-2244,2244(-2244.000000)
206:Player,BR:0cr200c/cr371c/r100c/r885f:7cAh,9cJd|/2s9sAc/Kd/Qh:771,-771(771.000000)
207:BR,Player:0f:2h5s,2c9h|:50,-50(50.000000)
208:Player,BR:0cr300c/cr1741r4299r4299f:8sAh,3c5h|/4h5d6d:-6440,6440(-6440.000000)
209:BR,Player:0r200c/r1306f:8sTc,4sQs|/3s3c7h:300,-300(300.000000)
210:Player,BR:0cc/cr379c/cc/cc:2cKd,5hJd|/2s9hJh/6s/3s:-479,479(-246.344620)
211:BR,Player:0cc/r124c/cc/cc:KcAh,4cAs|/2d2c9h/5h/Qc:224,-224(74.362047)
212:Player,BR:0cr130c/cr1751c/cc/r100c:JdKd,4cQc|/4dQsAs/8s/Tc:2081,-2081(-1453.559900)
213:BR,Player:0cc/r379c/cr121c/cr1800c:TdTc,4s8d|/5d7dJs/Jc/5s:2400,-2400(2214.106347)
214:Player,BR:0cr200c/cr2627f:2d2c,QhAs|/4s4d8d:-300,300(-300.000000)
215:BR,Player:0f:5h5d,2h5s|:50,-50(50.000000)
216:Player,BR:0cr300c/r520r4005f:4h7h,4dQh|/2c9hJh:-920,920(-920.000000)
217:BR,Player:0r200c/r2627f:2d4c,QhKs|/5h6dAs:300,-300(300.000000)
218:Player,BR:0cr200c/cr1136c/r100c/cc:2c5c,8d9c|/3h6d8s/8h/2d:-1536,1536(-1378.535163)
219:BR,Player:0cc/r876c/cc/cr2014f:5h5c,2sKc|/3d7cKh/Ac/4h:-976,976(-976.000000)
220:Player,BR:0cc/cr379c/r121c/cc:2c4d,8dJc|/3c6dJh/2d/Ts:-600,600(-547.834564)
221:BR,Player:0cc/cr130r130f:JcKd,5dTh|/3d4s4h:230,-230(230.000000)
222:Player,BR:0cc/cr124c/cc/r576f:4sTd,5d7s|/4d5c9h/8h/4h:224,-224(224.000000)
223:BR,Player:0r130c/r1001f:5dKc,JcAh|/3h7hQs:230,-230(230.000000)
224:Player,BR:0cr300c/r520r2290c/r1206c/r2208f:5dAc,9cAs|/5hQdKd/Ks/4d:4416,-4416(4416.000000)
225:BR,Player:0r200c/cc/cr600c/cr2700c:7sKd,2c9c|/4h9dAc/2d/Js:-3600,3600(1732.911642)
226:Player,BR:0cc/cr216f:6cTh,QsKd|/3cAhAd:-100,100(-100.000000)
227:BR,Player:0r130c/r1001r2472f:8hAd,4dJd|/3cJcKd:-1231,1231(-1231.000000)
228:Player,BR:0cc/cr124c/cc/cc:9cTh,6cKs|/6d7dAh/Qh/Jc:-224,224(2.463294)
229:BR,Player:0r130c/r6161f:4dJc,JhQd|/4h4c9d:230,-230(230.000000)
230:Player,BR:0cr600c/cr3047r15853f:6dTd,5dAs|/2sTcKc:3747,-3747(3747.000000)
231:BR,Player:0r130c/r2014f:9sQc,7sKc|/3s3cAh:230,-230(230.000000)
232:Player,BR:0cr130c/cr2014c/r1344c/r717c:7sKh,TsTc|/6d9dKc/8h/Ac:4305,-4305(3366.510780)
233:BR,Player:0cc/cc/cc/cc:6sTh,6hAc|/2d5hJd/4h/8d:-100,100(-100.000000)
234:Player,BR:0cr200c/r390r5254c/r8546c/r5510c:9sKs,9cJs|/8d9h9d/Qd/Qs:0,-0(-5270.535544)
235:BR,Player:0f:TcAd,2s8h|:50,-50(50.000000)
236:Player,BR:0cr300c/r520r4005f:TsQs,2hAh|/4c6hQc:-920,920(-920.000000)
237:BR,Player:0r130c/r163c/cc/cr665f:2c4h,5sQs|/8sQhAh/Ad/2h:-393,393(-393.000000)
238:Player,BR:0cc/cr876f:3dJs,QdKh|/5s7s7h:-100,100(-100.000000)
239:BR,Player:0r130c/r2014r4633f:2sTd,JhQd|/JsJcAd:-2244,2244(-2244.000000)
240:Player,BR:0cr300c/cr19600f:KsKc,7hJd|/7s7cTc:-400,400(-400.000000)
241:BR,Player:0f:4dTc,2d4c|:50,-50(50.000000)
242:Player,BR:0cc/cr1532f:3h9c,ThAd|/4c9hTs:-100,100(-100.000000)
243:BR,Player:0cc/r124c/cc/cr376c:3s7s,3d6c|/3h6sAc/5h/3c:-600,600(280.749686)
244:Player,BR:0cc/cr876f:JdAc,JcAh|/2s8hTc:-100,100(-100.000000)
245:BR,Player:0r130c/r573r1313r1313c/cc/cr6304f:4d6s,8hAc|/5d8s8c/6c/Td:-3429,3429(-3429.000000)
246:Player,BR:0cc/cr761f:2dTc,9hAc|/4s5s9c:-100,100(-100.000000)
247:BR,Player:0r130c/r2014f:2d4c,5d5c|/6d7s9d:230,-230(230.000000)
248:Player,BR:0cr300c/cr3503f:QhAc,5s7d|/7h8cQd:-400,400(-400.000000)
249:BR,Player:0cc/r435r1075r1075f:2h9s,6cTc|/2s3c5s:1610,-1610(1610.000000)
250:Player,BR:0cr300c/cr3503f:7s8s,4s7c|/5c8cJs:-400,400(-400.000000)
251:BR,Player:0r130c/r2014f:3c6s,6hAs|/2h2d8c:230,-230(230.000000)
252:Player,BR:0cr300c/cr1741f:3h3c,6dJh|/5s8hAd:-400,400(-400.000000)
253:BR,Player:0r130c/cc/cc/cr299c:7hAc,3d5h|/2s6sQd/8s/7s:529,-529(-63.461755)
254:Player,BR:0cr200c/cr1306f:4c6d,6c8h|/5sTcKs:-300,300(-300.000000)
255:BR,Player:0r130c/r2014c/cr2241c/cc:6cAh,ThAs|/4sJhQs/4h/Qh:0,-0(1953.555033)
256:Player,BR:0cc/cr124f:5dJh,8d9s|/2d8hQd:-100,100(-100.000000)
257:BR,Player:0cc/r435f:6cKs,3h4c|/5c7d8s:100,-100(100.000000)
258:Player,BR:0cc/cr876r2014r4255f:9hTd,9sQh|/2h6d7s:-2990,2990(-2990.000000)
259:BR,Player:0r200c/r427c/cr1343f:JcAh,6h9s|/4s5d8d/7s:-727,727(-727.000000)
260:Player,BR:0cc/cr3080f:6sQc,3dKs|/2hTcAs:-100,100(-100.000000)
261:BR,Player:0f:KdAd,2c6s|:50,-50(50.000000)
262:Player,BR:0cr200c/r390r1718f:JdQd,3dTd|/2d7s7h:-690,690(-690.000000)
263:BR,Player:0r130c/r327f:4cKd,6cQh|/2d2c5d:230,-230(230.000000)
264:Player,BR:0cc/cr761f:6c8h,QdKd|/4d9hKs:-100,100(-100.000000)
265:BR,Player:0r130c/r2014f:4dJc,4c9c|/6h7s9s:230,-230(230.000000)
266:Player,BR:0cr300c/cr1514f:5h6d,JcAh|/6c7sAc:-400,400(-400.000000)
267:BR,Player:0r130c/r285c/cr865c/cr1794f:KhKc,5cJd|/5sJhAh/5h/6c:-1380,1380(-1380.000000)
268:Player,BR:0cc/cr8194f:5c8c,9sAs|/5sQsAd:-100,100(-100.000000)
269:BR,Player:0r200c/r1306f:2s6h,2c7c|/3h3cAh:300,-300(300.000000)
270:Player,BR:0cc/cr19900f:2dAs,TcKd|/ThTdKc:-100,100(-100.000000)
271:BR,Player:0cc/r124c/cc/cc:6d9s,4dAh|/3d3c9c/Th/6s:224,-224(224.000000)
272:Player,BR:0cc/cr876f:3d5s,3c6s|/KsAsAh:-100,100(-100.000000)
273:BR,Player:0cc/r100c/cr260c/cc:JsKs,5s9d|/3d7dAc/Tc/Kd:460,-460(460.000000)
274:Player,BR:0cc/cr3080f:7sKd,2d4d|/3s6c7d:-100,100(-100.000000)
275:BR,Player:0r200c/r1136f:8sQh,6dAc|/4h7dQs:300,-300(300.000000)
276:Player,BR:0cc/cr435f:3sQc,9cKc|/5d6d8h:-100,100(-100.000000)
277:BR,Player:0r130c/r4051r7886f:2h3h,QhAs|/4cJdQs:-4281,4281(-4281.000000)
278:Player,BR:0cc/cr379f:2c7c,8s9c|/ThJdQd:-100,100(-100.000000)
279:BR,Player:0r130c/r19770c/cc/cc:JdJc,KcAh|/4dJhKs/3d/Ac:20000,-20000(14556.688733)
280:Player,BR:0cc/cr3080f:4d9c,4s6s|/4c7hKh:-100,100(-100.000000)
281:BR,Player:0r200c/r212c/cr523c/cc:6sTc,8hTs|/7cTdAs/Ad/3s:-1035,1035(-256.869528)
282:Player,BR:0cc/cr876f:2c8d,4cQc|/6h9dAh:-100,100(-100.000000)
283:BR,Player:0f:AsAh,3h6s|:50,-50(50.000000)
284:Player,BR:0cr300c/cr1741f:TdJc,5hJh|/2h4c6h:-400,400(-400.000000)
285:BR,Player:0r200c/r2284f:9cKs,8sTc|/5hQdKd:300,-300(300.000000)
286:Player,BR:0cc/cr216f:5dQs,6cTd|/3h6hKs:-100,100(-100.000000)
287:BR,Player:0r200c/r1306f:2c4h,2h5h|/5c8dQs:300,-300(300.000000)
288:Player,BR:0cc/cr1761f:7c8d,2c3c|/4s4c7d:-100,100(-100.000000)
289:BR,Player:0r130c/r2014f:6h7h,5d7s|/7dTcJs:230,-230(230.000000)
290:Player,BR:0cc/cr876f:6sJh,QdKc|/2c4cJs:-100,100(-100.000000)
291:BR,Player:0cc/r2679c/cc/cr4121c:6d8d,6s7h|/4h5dJd/5s/Qc:6900,-6900(5397.499155)
292:Player,BR:0cr600c/cr431f:2s8s,7dJd|/7cQcKd:-700,700(-700.000000)
293:BR,Player:0r130c/r1001c/cr2472f:9cJs,9dTd|/7dJdAd/8c:-1231,1231(-1231.000000)
294:Player,BR:0cc/cr876f:3dKc,2hKd|/JdQsAs:-100,100(-100.000000)
295:BR,Player:0r200c/r1306f:3d6s,JdAh|/2d7dTd:300,-300(300.000000)
296:Player,BR:0cr300c/cr3503f:3sAs,4h6d|/7d8dJh:-400,400(-400.000000)
297:BR,Player:0r600c/r214f:TcAc,4s6s|/9hJdQs:700,-700(700.000000)
298:Player,BR:0cc/cr435f:2s8s,5cAd|/3h8cQc:-100,100(-100.000000)
299:BR,Player:0r200c/r1306r3224r6874c/cr5684f:4h8c,TcQh|/JhKdAd/Qd:-11704,11704(-11704.000000)
300:Player,BR:0cc/cr1761f:3dKd,9hKs|/2h8hQs:-100,100(-100.000000)
301:BR,Player:0r200c/r1306f:2d7d,JhKd|/7h9sAh:300,-300(300.000000)
302:Player,BR:0cc/cr3080f:7s8c,5h7c|/2c5sQd:-100,100(-100.000000)
303:BR,Player:0r130c/r285c/cc/cr543f:9dQs,JhKs|/5d9cTh/Jc/2d:-515,515(-515.000000)
304:Player,BR:0cc/cr1761f:5dKh,2s8c|/5sJhJc:-100,100(-100.000000)
305:BR,Player:0r130c/r2014f:8hTh,8sKd|/6s9cJc:230,-230(230.000000)
306:Player,BR:0cr200c/cr2627f:5hAc,5s9d|/6h8sJs:-300,300(-300.000000)
307:BR,Player:0r200c/r371r1129r1129f:2d7h,8sJh|/7sQdQc:1800,-1800(1800.000000)
308:Player,BR:0cc/cr876f:6h9s,4dJs|/2d7dAs:-100,100(-100.000000)
309:BR,Player:0r130c/r1751f:6cQh,7dTh|/6d8sQs:230,-230(230.000000)
310:Player,BR:0cc/cr435f:2h9s,4cJh|/4s5d7c:-100,100(-100.000000)
311:BR,Player:0r130c/r2014f:QcKs,4hTh|/4s6c7h:230,-230(230.000000)
312:Player,BR:0cr300c/cr3503f:6s7h,4h7c|/4s8hQc:-400,400(-400.000000)
313:BR,Player:0r200c/r2627f:2c5s,5d6s|/2d7s8d:300,-300(300.000000)
314:Player,BR:0cc/cr1761f:6sJc,9dQh|/2dThJd:-100,100(-100.000000)
315:BR,Player:0r130c/r1001f:JsQd,9hTs|/2d4c6d:230,-230(230.000000)
316:Player,BR:0cr130c/r299r753f:5cAc,4c7h|/QdKhAh:-529,529(-529.000000)
317:BR,Player:0r130c/r4051f:3cTc,4c6h|/2h4h9d:230,-230(230.000000)
318:Player,BR:0cc/cr876f:8hQc,7h8c|/5d5cQs:-100,100(-100.000000)
319:BR,Player:0r130c/r1001f:5cJs,TdQh|/2c9sTc:230,-230(230.000000)
320:Player,BR:0cr200c/r390c/cc/r2070c:9sTs,6cQd|/3d8cAc/2d/2h:-2760,2760(-2601.927896)
321:BR,Player:0r130c/r285c/cc/cr543c:2h7d,5cKc|/3d7sKs/2c/6d:1058,-1058(798.478070)
322:Player,BR:0cr300c/cr3503f:QsKc,8hAs|/5cJcKh:-400,400(-400.000000)
323:BR,Player:0r200c/r1306f:2hJc,8sAs|/4h5h9s:300,-300(300.000000)
324:Player,BR:0cc/cr876f:4s8s,2d6s|/2c4dQd:-100,100(-100.000000)
325:BR,Player:0r130c/r1001f:QsKc,TdKs|/5s7d9s:230,-230(230.000000)
326:Player,BR:0cc/cr435c/r305f:7cAs,2s3s|/8cTcAh/Js:535,-535(535.000000)
327:BR,Player:0r130c/r1001f:2s3h,5s8d|/4h7h9c:230,-230(230.000000)
328:Player,BR:0cc/cr19900f:3c9d,ThTd|/4s6dTs:-100,100(-100.000000)
329:BR,Player:0r200c/r2627c/cr2923f:8cTh,9sQd|/6hJcQs/2d:-2927,2927(-2927.000000)
330:Player,BR:0cc/cr216f:5c9d,7s7h|/4d6cTh:-100,100(-100.000000)
331:BR,Player:0cc/r435f:4d5c,4h8c|/8dTdTc:100,-100(100.000000)
332:Player,BR:0cr300c/cr1741f:TcAd,TsQh|/3sKsAc:-400,400(-400.000000)
333:BR,Player:0cc/r435r1565r2989f:6sQh,3cKc|/6d9dKd:2100,-2100(2100.000000)
334:Player,BR:0cr130c/cr1001f:8cTh,5sKd|/3h4sJs:-230,230(-230.000000)
335:BR,Player:0r130c/r2014f:5sKc,2s2h|/6cTdJc:230,-230(230.000000)
336:Player,BR:0cr130c/r299r2303f:TsQs,2dKh|/3h4d9h:-529,529(-529.000000)
337:BR,Player:0r130c/r1751f:8d9h,3hAh|/TdJsQh:230,-230(230.000000)
338:Player,BR:0cr200c/r390r3004f:2dJd,4h8s|/ThQdKs:-690,690(-690.000000)
339:BR,Player:0r130c/r1001f:5dKs,3sAd|/2s8dJh:230,-230(230.000000)
340:Player,BR:0cc/cr124c/cc/cc:3dAs,9sAc|/2d9dJc/7c/Jh:-224,224(-200.662697)
341:BR,Player:0r200c/r1306f:3sTc,2h2c|/5dKhKc:300,-300(300.000000)
342:Player,BR:0cr300c/r520r520c/r768f:QsAc,5cJd|/3h7cAh/Td:1440,-1440(1440.000000)
343:BR,Player:0r130c/r2014c/cr4633f:7cTd,4d5s|/4c5cKs/4s:-2244,2244(-2244.000000)
344:Player,BR:0cc/cr3080f:9hJc,2s8d|/5h9dTd:-100,100(-100.000000)
345:BR,Player:0r200c/r649f:4s7d,9hTh|/2c5c7h:300,-300(300.000000)
346:Player,BR:0cr130c/cr3522f:ThKs,TdKd|/6d7sAd:-230,230(-230.000000)
347:BR,Player:0f:QcAc,2s4h|:50,-50(50.000000)
348:Player,BR:0cc/cr435f:6sTc,2h8h|/3c4hQc:-100,100(-100.000000)
349:BR,Player:0r130c/r1001f:8cKd,8dKs|/7s7c9c:230,-230(230.000000)
350:Player,BR:0cc/cr1761f:4h6c,2c4d|/7cTcQc:-100,100(-100.000000)
351:BR,Player:0r130c/r2014f:3s9h,4sQh|/4c6dTd:230,-230(230.000000)
352:Player,BR:0cc/cr876f:3sJd,7cTd|/5s6hAh:-100,100(-100.000000)
353:BR,Player:0f:3h8d,3s7c|:50,-50(50.000000)
354:Player,BR:0cr200c/r390r3004f:3s4c,5s7d|/4s7hTc:-690,690(-690.000000)
355:BR,Player:0r130c/r1001c/cr2472f:5s8s,2c8c|/2h3dKc/6s:-1231,1231(-1231.000000)
356:Player,BR:0cc/cr435f:2dAs,TcJs|/3s3d9s:-100,100(-100.000000)
357:BR,Player:0f:TcAc,2c4h|:50,-50(50.000000)
358:Player,BR:0cr200c/cr1306c/cc/r3224f:7cTc,6s7s|/2cQsKc/Kh/Qh:1606,-1606(1606.000000)
359:BR,Player:0r130c/cc/cc/cc:4hAd,5s5d|/2s7hTs/Ac/Js:230,-230(230.000000)
360:Player,BR:0cr300c/cr1741f:9sJd,TsQs|/2d3s4c:-400,400(-400.000000)
361:BR,Player:0r130c/r327c/cc/cr1030f:6sKd,4dKc|/2c4sAd/5h/4h:-557,557(-557.000000)
362:Player,BR:0cr200c/cr2627f:2dTs,4c9c|/5d7sAh:-300,300(-300.000000)
363:BR,Player:0r130c/r1001c/cr1184f:2s7c,2hAh|/2cQsAs/3d:-1231,1231(-1231.000000)
364:Player,BR:0cc/cr3080f:4dQs,2hKd|/5hThQd:-100,100(-100.000000)
365:BR,Player:0f:2c5s,3dTc|:50,-50(50.000000)
366:Player,BR:0cc/cr876f:2c8d,QsKh|/2d5sTs:-100,100(-100.000000)
367:BR,Player:0r130c/r163f:2dAc,4d6d|/5sQsQc:230,-230(230.000000)
368:Player,BR:0cc/cr379f:5hJh,8sTc|/3c6d8d:-100,100(-100.000000)
369:BR,Player:0cc/r876f:4h5c,4cAs|/7s7dJs:100,-100(100.000000)
370:Player,BR:0cc/cr876c/cc/r2014f:4s6d,3sQd|/2d6hTh/3c/6s:976,-976(976.000000)
371:BR,Player:0f:JcQd,4c9h|:50,-50(50.000000)
372:Player,BR:0cr200c/cr2627f:6dAc,4sKs|/3s5h7d:-300,300(-300.000000)
373:BR,Player:0r130c/r2014f:3c7c,KdAh|/5s9cQs:230,-230(230.000000)
374:Player,BR:0cr300c/r520r1991c/r401c/r4305c:5hQh,JhJd|/2h3c8h/Ac/Kd:-7617,7617(-3843.275699)
375:BR,Player:0r130c/r1001f:2s6s,7cTs|/JdQsAs:230,-230(230.000000)
376:Player,BR:0cc/cr1761f:2dJc,8h9c|/5s7dTs:-100,100(-100.000000)
377:BR,Player:0r130c/r2014f:2sTd,2dAh|/3s4hQs:230,-230(230.000000)
378:Player,BR:0cc/cr876f:7hJd,2cAs|/4d8cJh:-100,100(-100.000000)
379:BR,Player:0r130c/r1001r3599r6874f:7dQh,3sAc|/3c5sTh:4830,-4830(4830.000000)
380:Player,BR:0cc/cr761f:2c7d,6hTs|/3sThTd:-100,100(-100.000000)
381:BR,Player:0cc/r3080f:3hQh,7sTc|/8d8cJs:100,-100(100.000000)
382:Player,BR:0cc/cr876f:6sQd,5d8d|/5sTsKs:-100,100(-100.000000)
383:BR,Player:0r130c/r4051f:3sAh,8dKs|/2h5sTd:230,-230(230.000000)
384:Player,BR:0cr200c/r390r12153f:5s5h,7s8s|/4sJcKh:-690,690(-690.000000)
385:BR,Player:0r130c/r871f:8cKc,4s4d|/9hTcKh:230,-230(230.000000)
386:Player,BR:0cc/cr1761f:3hJh,7s7d|/2c6cQc:-100,100(-100.000000)
387:BR,Player:0cc/r761f:2c9c,3cTh|/8c9sJc:100,-100(100.000000)
388:Player,BR:0cr200c/cr1306f:6sTs,2dKc|/9d9cQs:-300,300(-300.000000)
389:BR,Player:0cc/r1761f:6hTd,4c8s|/4h7dKd:100,-100(100.000000)
390:Player,BR:0cc/cr379f:2h7s,TsQh|/3c8cQs:-100,100(-100.000000)
391:BR,Player:0r200c/r1306f:5dQd,JsKs|/6h7h9h:300,-300(300.000000)
392:Player,BR:0cr600c/cr3047f:QcAs,5hKs|/3h8dJs:-700,700(-700.000000)
393:BR,Player:0r200c/r1306c/cc/cc:3s5c,JsJc|/4d5h6s/2s/4c:1606,-1606(1606.000000)
394:Player,BR:0cr300c/r520r1139c/cc/cc:5dAd,4sQc|/2d5cQs/4d/Th:-2059,2059(-1912.370651)
395:BR,Player:0cc/r435f:4sQd,5dTc|/6s7hAs:100,-100(100.000000)
396:Player,BR:0cc/cr1761f:2h4c,2sJs|/3h3c6s:-100,100(-100.000000)
397:BR,Player:0r130c/r2014f:3c4h,KhAs|/7dJdQh:230,-230(230.000000)
398:Player,BR:0cr300c/cr283c/cc/cc:4c6c,4d8h|/4h7sJc/Kc/Qd:0,-0(393.342530)
399:BR,Player:0r130c/r2014f:5s9c,QcAh|/2s5cKs:230,-230(230.000000)
400:Player,BR:0cc/cr3080f:3cKs,2dKd|/6c9cQd:-100,100(-100.000000)
401:BR,Player:0r130c/r2014f:6dQs,5c9c|/4sTdKh:230,-230(230.000000)
402:Player,BR:0cc/cr876f:3dAh,2dTs|/2h3h4d:-100,100(-100.000000)
403:BR,Player:0r200c/r2627f:3hAd,7h9c|/5hTdQh:300,-300(300.000000)
404:Player,BR:0cc/cr876f:2c6s,4s7d|/7c9sJs:-100,100(-100.000000)
405:BR,Player:0r130c/r1001c/cr1184c/cr7245f:3h4h,5s5h|/2c4s5d/Td/9h:-2415,2415(-2415.000000)
406:Player,BR:0cc/cr435f:4hQd,5s6s|/3h3dKc:-100,100(-100.000000)
407:BR,Player:0r130c/r327f:3dTc,JdQs|/3h5h5c:230,-230(230.000000)
408:Player,BR:0cc/cr435f:2sTh,2h6c|/6s7h8c:-100,100(-100.000000)
409:BR,Player:0r130c/r1001c/cc/cc:4sQd,4h7c|/3h4c6h/Jd/Td:1231,-1231(-493.740106)
410:Player,BR:0cc/cr1532f:7d8c,8sKc|/5hTdKd:-100,100(-100.000000)
411:BR,Player:0r200c/r4595f:2hAh,JcAc|/4c7h8h:300,-300(300.000000)
412:Player,BR:0cr600c/cr3047f:5s5h,JdKd|/6c7sTs:-700,700(-700.000000)
413:BR,Player:0r300c/r3046f:7hQd,2cJc|/2s5hQh:400,-400(400.000000)
414:Player,BR:0cc/cr1761c/r899f:3cAs,3sJh|/5cQhAh/9d:1861,-1861(1861.000000)
415:BR,Player:0r130c/r2014r9716f:5dAd,QhKd|/5hQdKh:-2244,2244(-2244.000000)
416:Player,BR:0cr200c/cr2627f:8sTc,KcAd|/4d8c9h:-300,300(-300.000000)
417:BR,Player:0r130c/r1001f:8cJs,8sTh|/2s4s5c:230,-230(230.000000)
418:Player,BR:0cc/cr876f:5hTs,4cTd|/6sQdKc:-100,100(-100.000000)
419:BR,Player:0r130c/r2014f:6s9d,3cQs|/4d9sAs:230,-230(230.000000)
420:Player,BR:0cr130c/r299r2303f:3s5s,3cKs|/7sQhAc:-529,529(-529.000000)
421:BR,Player:0r200c/r1306c/cr1544c/cc:4cTh,4s7d|/4h5d6c/Ac/Kc:3150,-3150(-1444.285079)
422:Player,BR:0cc/r200r1306f:5hTd,6s8s|/3d4c7s:-300,300(-300.000000)
423:BR,Player:0r130c/r2014c/cr4633f:9hJc,TcQc|/6dThQh/2d:-2244,2244(-2244.000000)
424:Player,BR:0cc/cr435f:3hJh,4c5c|/9sQcKs:-100,100(-100.000000)
425:BR,Player:0f:9cKs,2s8c|:50,-50(50.000000)
426:Player,BR:0cc/r200r5284f:6s9s,QdAc|/2d8cJs:-300,300(-300.000000)
427:BR,Player:0cc/r435f:4sTh,4h9s|/JsQsKc:100,-100(100.000000)
428:Player,BR:0cr300c/cr1741f:5c7c,2c6d|/4dThAh:-400,400(-400.000000)
429:BR,Player:0r200c/r19700f:KsKc,3d7d|/7cKdAc:300,-300(300.000000)
430:Player,BR:0cc/cr876f:3cJs,4sKd|/3s6sQc:-100,100(-100.000000)
431:BR,Player:0r300c/r1741c/cr4299f:4s5s,5hJs|/JhJcAc/7s:-2141,2141(-2141.000000)
432:Player,BR:0cc/cr3080f:6dTh,5cQh|/4s9dTs:-100,100(-100.000000)
433:BR,Player:0cc/r876f:3s9c,2c8c|/4cKdKc:100,-100(100.000000)
434:Player,BR:0cr200c/cr2627f:6dAh,2hKd|/7d8cAc:-300,300(-300.000000)
435:BR,Player:0r130c/r871f:KsAs,9cQd|/2sTsTc:230,-230(230.000000)
436:Player,BR:0cr200c/cr19700f:5sAs,4c8s|/4h4dJc:-300,300(-300.000000)
437:BR,Player:0cc/r435c/cr305c/cr18480f:6dQs,4d8c|/4h8sTs/4s/9d:-840,840(-840.000000)
438:Player,BR:0cr200c/cr1306f:8cAs,6dTc|/3h7cJs:-300,300(-300.000000)
439:BR,Player:0r200c/r244c/cc/cr836f:5cJh,5dAh|/3c7hAs/6d/Ad:-544,544(-544.000000)
440:Player,BR:0cc/cr876f:4h9c,6dAs|/6c8d9d:-100,100(-100.000000)
441:BR,Player:0r130c/r2014f:7sTs,4s4d|/JhQdKs:230,-230(230.000000)
442:Player,BR:0cc/cr876f:6c8h,8cJc|/3h4cTd:-100,100(-100.000000)
443:BR,Player:0r200c/r1306f:9hTc,4cKc|/2c6sAh:300,-300(300.000000)
444:Player,BR:0cc/cr3080f:7s9c,6cJh|/8hTsKh:-100,100(-100.000000)
445:BR,Player:0r130c/r1001r2472f:6cQc,8dTd|/8s8h8c:-1231,1231(-1231.000000)
446:Player,BR:0cc/cr876f:7sTd,8cTh|/5s8h9h:-100,100(-100.000000)
447:BR,Player:0r130c/r12392f:5s5c,8s8c|/3h5d6s:230,-230(230.000000)
448:Player,BR:0cc/cr379f:2cKs,7sAc|/5d5c7h:-100,100(-100.000000)
449:BR,Player:0r200c/r1306c/cc/cr4694f:3sTh,AsAd|/2c6d9s/9d/Td:-1606,1606(-1606.000000)
450:Player,BR:0cr300c/cr1741f:4s4c,2h2c|/TcJhQh:-400,400(-400.000000)
451:BR,Player:0r130c/r2014f:9cTd,3hKc|/2cKdAd:230,-230(230.000000)
452:Player,BR:0cc/cr876f:9hJs,TsJc|/2hQsAd:-100,100(-100.000000)
453:BR,Player:0r130c/r2014f:6s9h,8sKh|/3c4sQh:230,-230(230.000000)
454:Player,BR:0cc/cr379r721f:8dTc,JdQs|/7c9hJs:479,-479(479.000000)
455:BR,Player:0cc/r124c/cc/cr236c:2dAs,8sJc|/2s6cJd/6h/9s:-460,460(-156.092173)
456:Player,BR:0cr600c/cr866c/cc/r2634c:KcAh,3dAs|/3h4sTd/Kd/Ac:4200,-4200(-2698.195259)
457:BR,Player:0cc/r100f:3d7d,2sKd|/3c5hQs:100,-100(100.000000)
458:Player,BR:0cc/cr3080f:9hKs,6hAc|/7h8cQh:-100,100(-100.000000)
459:BR,Player:0r300c/r1741r17859f:6sQc,8cJc|/2c4cKc:-2141,2141(-2141.000000)
460:Player,BR:0cr200c/cr2627r8773f:7c8s,3s6s|/4d7h8h:2927,-2927(2927.000000)
461:BR,Player:0r130c/r2014f:3hKc,6hQc|/3c7dTd:230,-230(230.000000)
462:Player,BR:0cr200c/cr2627f:7sAc,6c8s|/7cJsJc:-300,300(-300.000000)
463:BR,Player:0cc/r249f:6sTc,7sJs|/4c5cAc:100,-100(100.000000)
464:Player,BR:0cc/cr876f:3sQc,2sQh|/5c8d9c:-100,100(-100.000000)
465:BR,Player:0cc/r435f:ThKd,3hTs|/4c5s9s:100,-100(100.000000)
466:Player,BR:0cc/cr379c/cc/cc:4cTh,2s7h|/2h2c4d/Ac/Kh:-479,479(-445.335331)
467:BR,Player:0r130c/r1001f:8hQc,4d5d|/JsQsAs:230,-230(230.000000)
468:Player,BR:0cr300c/cr3503f:2s2h,5cAs|/7s8hKd:-400,400(-400.000000)
469:BR,Player:0r130c/r2014f:5sTh,5d7c|/3c4h8s:230,-230(230.000000)
470:Player,BR:0cr300c/cr3503f:8sTd,TcAs|/3h3c5s:-400,400(-400.000000)
471:BR,Player:0r130c/r2014f:2c7h,3cAc|/3s8hJh:230,-230(230.000000)
472:Player,BR:0cc/cr8194f:6cKs,JsAh|/7cTdAs:-100,100(-100.000000)
473:BR,Player:0r130c/r1001f:7dAh,9d9c|/4h6sJs:230,-230(230.000000)
474:Player,BR:0cr300c/cr495r9505f:QsQh,3cKs|/3h6c9s:895,-895(895.000000)
475:BR,Player:0r130c/r1001f:2sJd,7cKh|/4h6sQs:230,-230(230.000000)
476:Player,BR:0cc/cr19900f:6d7s,5dTh|/5c9hTs:-100,100(-100.000000)
477:BR,Player:0r200c/r1306f:5c6d,4dJh|/3s7dQd:300,-300(300.000000)
478:Player,BR:0cc/cr876f:3sJd,7c8s|/4dJsQs:-100,100(-100.000000)
479:BR,Player:0r130c/r1001r2472f:7h9d,QsAh|/TdJcKs:-1231,1231(-1231.000000)
480:Player,BR:0cr600c/cr19300c/cc/cc:TdAd,3c6c|/3d6hQd/3h/2s:-20000,20000(-17905.394948)
481:BR,Player:0cc/r876f:3h5c,TcJd|/9s9dTs:100,-100(100.000000)
482:Player,BR:0cc/cr876f:6d7c,5s7s|/6c8s8h:-100,100(-100.000000)
483:BR,Player:0r200c/r1136f:JcKd,3dJd|/9sJhQc:300,-300(300.000000)
484:Player,BR:0cc/cr876f:3s8d,8sQd|/3h6c9c:-100,100(-100.000000)
485:BR,Player:0r130c/r1001f:3c9s,8dQh|/2d5cTs:230,-230(230.000000)
486:Player,BR:0cr200c/cr371c/cc/r1129c:4c5c,2h8s|/4d8dAs/Ad/8h:-1800,1800(-51.785186)
487:BR,Player:0cc/r1761f:8hTd,2hQs|/3s6d9c:100,-100(100.000000)
488:Player,BR:0cc/cr1532f:4s5h,7d7c|/3sTsTc:-100,100(-100.000000)
489:BR,Player:0r130c/r163c/cr987c/cc:3dQc,2hAc|/3s6cAd/5c/6h:-1380,1380(103.239381)
490:Player,BR:0cc/cr435c/r515c/cc:6s8s,3c5h|/3s4hQs/6h/Js:1050,-1050(810.456673)
491:BR,Player:0cc/r1761f:3cTd,4c8d|/4sJdKs:100,-100(100.000000)
492:Player,BR:0cr200c/cr2284f:7cTs,QdKd|/8sTdKh:-300,300(-300.000000)
493:BR,Player:0r200c/cr390r3004f:3sTs,3dQs|/4d9hJc:690,-690(690.000000)
494:Player,BR:0cc/cr876f:3h7s,5dAd|/2s3dKs:-100,100(-100.000000)
495:BR,Player:0r200c/r2627f:QhAd,5c6h|/5h9dJd:300,-300(300.000000)
496:Player,BR:0cr1200c/r2600r2600f:3s9s,5h9d|/2h7dQh:-3900,3900(-3900.000000)
497:BR,Player:0r130c/r1001c/cc/cr3599c:9cKc,8h9h|/4d5c6s/2s/4s:4830,-4830(1138.655035)
498:Player,BR:0cc/cr435f:9cAs,3h8h|/4s4hTs:-100,100(-100.000000)
499:BR,Player:0cc/r876c/cc/cc:TcQc,TdKc|/7h9sKs/8c/Qd:-976,976(220.983145)
500:Player,BR:0cr300c/r520r2290f:9sTc,4s5c|/4dQdKh:-920,920(-920.000000)
501:BR,Player:0r130c/r1001c/cr2472c/cr1851f:8cQd,JsKd|/9dJdJc/Qs/4h:-3703,3703(-3703.000000)
502:Player,BR:0cc/cr19900f:3h9s,6h9d|/5d7s8c:-100,100(-100.000000)
503:BR,Player:0r130c/r19770f:6hQh,7d8d|/2h6d6c:230,-230(230.000000)
504:Player,BR:0cr600c/r910r2291c/r3344f:3s4s,7d8h|/3cThAd/Jd:3901,-3901(3901.000000)
505:BR,Player:0cc/r124f:TdKc,2sJh|/8sTcAh:100,-100(100.000000)
506:Player,BR:0cc/cr124c/cc/r236c:2s4c,JsKh|/5dAdAc/Qh/Ah:-460,460(-258.602552)
507:BR,Player:0cc/r435f:6hJc,7dKs|/3d4h8c:100,-100(100.000000)
508:Player,BR:0cc/cr8194f:ThKs,7dAc|/9cJcAh:-100,100(-100.000000)
509:BR,Player:0cc/r435f:6sQd,5cTd|/2s2d9h:100,-100(100.000000)
510:Player,BR:0cc/cr876f:6sTd,5hKc|/4hQhAc:-100,100(-100.000000)
511:BR,Player:0r200c/r212c/cc/cr838c:7cJh,7s8h|/3sJsKh/4d/5h:1350,-1350(417.073522)
512:Player,BR:0cc/cr1761f:JdQh,8s9h|/3hKdAd:-100,100(-100.000000)
513:BR,Player:0cc/r3080f:4c9c,2cJh|/3c5cKh:100,-100(100.000000)
514:Player,BR:0cc/cr435f:JcQd,6sQs|/7s7dAs:-100,100(-100.000000)
515:BR,Player:0r200c/r1306f:TdQs,3cQh|/3s6c8d:300,-300(300.000000)
516:Player,BR:0cr600c/r910r2291f:6d7d,4cKc|/3hThTd:-1610,1610(-1610.000000)
517:BR,Player:0r200c/r1306f:8sAd,4cKs|/6d8hTd:300,-300(300.000000)
518:Player,BR:0cr200c/cr5284f:6c9d,8hJd|/2s2h4d:-300,300(-300.000000)
519:BR,Player:0r200c/r747c/cr753c/cr2340c:6s9h,AsAd|/5h5c8s/Jc/2s:-4140,4140(-669.944755)
520:Player,BR:0cc/cr100c/cc/r400c:TsQh,JhKh|/5s9cAd/3c/Js:-600,600(121.224571)
521:BR,Player:0r130c/r1001c/cr2472f:2cTs,TcJs|/9dTdJd/7d:-1231,1231(-1231.000000)
522:Player,BR:0cr300c/cr1741c/r1219f:TcAd,3d6d|/4hJsQc/Qh:2141,-2141(2141.000000)
523:BR,Player:0r130c/r2014c/cr4633f:2s5d,ThTc|/8cTdJh/3c:-2244,2244(-2244.000000)
524:Player,BR:0cr200c/cr2627c/r1753c/r2340f:7h8h,7d8c|/2c9cTh/Td/3d:4680,-4680(4680.000000)
525:BR,Player:0r130c/r2014f:9hAs,8sAc|/4s6sTc:230,-230(230.000000)
526:Player,BR:0cr300c/cr495c/r100c/r157f:KhAh,2hKs|/2d6s6h/7s/7d:995,-995(995.000000)
527:BR,Player:0r130c/r1001c/cr1184c/cr7245f:9cTd,TsKh|/2hQhAc/Jd/2c:-2415,2415(-2415.000000)
528:Player,BR:0cr300c/cr1741f:2dQd,8hKs|/4s7s7d:-400,400(-400.000000)
529:BR,Player:0cc/r3080f:7cKs,7s9c|/9dJsAd:100,-100(100.000000)
530:Player,BR:0cr600c/r910r2291f:7dAc,5s6h|/3c9dQc:-1610,1610(-1610.000000)
531:BR,Player:0r200c/r1306f:4d6d,2hAs|/JcQhKd:300,-300(300.000000)
532:Player,BR:0cc/cr876f:4sTd,2d8c|/9sQsKs:-100,100(-100.000000)
533:BR,Player:0r130c/r163c/cc/cc:ThAc,TcAh|/3s5c8d/Ks/9s:0,-0(-300.583038)
534:Player,BR:0cr300c/cr1514f:4s4c,8dTs|/2d3hTh:-400,400(-400.000000)
535:BR,Player:0f:7hTd,4d9s|:50,-50(50.000000)
536:Player,BR:0cc/cr876f:3cAh,TdAc|/5h7c9c:-100,100(-100.000000)
537:BR,Player:0r130c/r1001f:6h8c,9sKc|/7s7d7c:230,-230(230.000000)
538:Player,BR:0cc/cr876f:6dQd,2d3c|/4hQhAs:-100,100(-100.000000)
539:BR,Player:0f:TdKs,2d9c|:50,-50(50.000000)
540:Player,BR:0cr200c/cr2627f:QdAd,6d8d|/4h6sTs:-300,300(-300.000000)
541:BR,Player:0r200c/r2627f:6dTs,2h3h|/2d7c8h:300,-300(300.000000)
542:Player,BR:0cc/cr379f:4dQs,9h9c|/7s7d8c:-100,100(-100.000000)
543:BR,Player:0r130c/r142c/cc/cr663c:7cTd,7s9h|/7h9cAd/Tc/Jh:1035,-1035(-81.163523)
544:Player,BR:0cc/cr379f:2sTc,TdJs|/4d4cJd:-100,100(-100.000000)
545:BR,Player:0r130c/r1001c/cc/cr1184f:6hAd,8sQs|/7s8cTs/3c/4s:-1231,1231(-1231.000000)
546:Player,BR:0cr600c/cr3047c/cc/r15853f:JcQs,8hJh|/5h9cQd/Qh/Ac:3747,-3747(3747.000000)
547:BR,Player:0r130c/r1001f:5hQd,8cAh|/4s7dJh:230,-230(230.000000)
548:Player,BR:0cc/cr761c/r100c/r614c:4hTd,ThQc|/5h7hTc/6s/8h:1575,-1575(270.387681)
549:BR,Player:0r130c/r285f:7hTh,5hQh|/2c7s8s:230,-230(230.000000)
550:Player,BR:0cr200c/r390r390f:3s4c,6cKc|/5s5dTc:-690,690(-690.000000)
551:BR,Player:0r130c/r1001f:2h8h,6sTd|/5d8sAc:230,-230(230.000000)
552:Player,BR:0cc/cr876f:5cKh,8sQc|/2c6s7s:-100,100(-100.000000)
553:BR,Player:0r200c/r1306f:5h8d,TcJs|/2s7h9c:300,-300(300.000000)
554:Player,BR:0cc/cr3080f:4h9c,8cAh|/2s9hQs:-100,100(-100.000000)
555:BR,Player:0r300c/r3503f:2c6s,6cJs|/8hJcQd:400,-400(400.000000)
556:Player,BR:0cr200c/r390r390f:3h6h,9sQh|/4h4d9d:-690,690(-690.000000)
557:BR,Player:0r130c/r1001c/cr2472f:5cTc,9sKh|/JsQsQd/Ah:-1231,1231(-1231.000000)
558:Player,BR:0cc/cr876f:5sKc,2c3s|/5d6h6d:-100,100(-100.000000)
559:BR,Player:0r130c/r1001f:2c4d,ThJc|/4c7h9c:230,-230(230.000000)
560:Player,BR:0cc/cr435f:5cQd,4d9s|/JsQsAs:-100,100(-100.000000)
561:BR,Player:0cc/r249f:8hQs,3hJd|/4d6d8d:100,-100(100.000000)
562:Player,BR:0cr1200c/cr5660f:8sTs,3hKc|/6h9hJh:-1300,1300(-1300.000000)
563:BR,Player:0r130c/r1001c/cr3599f:4hQd,TdJc|/8dQcKc/Ad:-1231,1231(-1231.000000)
564:Player,BR:0cc/cr435c/r305c/r1092c:5hTh,5cTc|/7s8hAh/4s/4h:1932,-1932(677.203329)
565:BR,Player:0cc/r100f:2s5c,4h8s|/2hTcKc:100,-100(100.000000)
566:Player,BR:0cr200c/cr2627f:9dAs,8sAc|/3s6dJs:-300,300(-300.000000)
567:BR,Player:0r130c/r1001f:6sQs,KsAh|/4d5dAd:230,-230(230.000000)
568:Player,BR:0cc/cr379c/cc/r121c:8sQh,5cQc|/6h7dQs/Kc/4d:600,-600(84.092186)
569:BR,Player:0r130c/r1001f:9cKh,4h5c|/3c7hQc:230,-230(230.000000)
570:Player,BR:0cc/cr435f:9cJh,7cTd|/3s3hAc:-100,100(-100.000000)
571:BR,Player:0cc/r3080f:2c8d,2dJh|/6d6cJd:100,-100(100.000000)
572:Player,BR:0cc/cr3080f:2d4h,7d9h|/5sTcAd:-100,100(-100.000000)
573:BR,Player:0r130c/r1001r2472r5270f:5dJd,2cAh|/2d5s7s:3703,-3703(3703.000000)
574:Player,BR:0cr600c/cr3047c/r2133f:6h7h,2c7c|/5s8cKs/Ah:3747,-3747(3747.000000)
575:BR,Player:0r130c/r2014f:6s6c,7s9s|/5c8dAh:230,-230(230.000000)
576:Player,BR:0cr300c/cr3503f:9d9c,4s9s|/4c5hAd:-400,400(-400.000000)
577:BR,Player:0r130c/r498f:4d8d,8sAd|/2h2d4h:230,-230(230.000000)
578:Player,BR:0cc/cr124c/cc/r100c:3cQs,7dQd|/9cQhAd/Kd/4s:0,-0(113.103908)
579:BR,Player:0r130c/r2014f:6sAc,4dKc|/3d9hKh:230,-230(230.000000)
580:Player,BR:0cc/cr3080f:2d6s,5d8c|/TcQhAs:-100,100(-100.000000)
581:BR,Player:0r130c/r19770f:7dKh,6d9d|/5d7hKc:230,-230(230.000000)
582:Player,BR:0cr300c/cr495f:9hTd,3sKd|/7cKsAc:-400,400(-400.000000)
583:BR,Player:0r130c/r871f:2c5d,7dTc|/3c5h5c:230,-230(230.000000)
584:Player,BR:0cc/cr379f:7cJh,4cAs|/2sKsAd:-100,100(-100.000000)
585:BR,Player:0cc/r142c/cc/cr448f:5s7c,8sQs|/3sTcJd/4c/Th:-242,242(-242.000000)
586:Player,BR:0cc/cr876f:4hKd,2d9s|/8cQcKc:-100,100(-100.000000)
587:BR,Player:0r130c/r573c/cc/cr1313f:8hTc,5sAh|/2h2c3d/4d/6s:-803,803(-803.000000)
588:Player,BR:0cc/cr876f:ThQs,7s9d|/3c6c8d:-100,100(-100.000000)
589:BR,Player:0r130c/r2014f:7hQs,3h5c|/2s6c8d:230,-230(230.000000)
590:Player,BR:0cr600c/r910r4008f:JcAc,8cAs|/2s4sJh:-1610,1610(-1610.000000)
591:BR,Player:0r130c/r2014f:TsKh,8dQc|/3d9dQs:230,-230(230.000000)
592:Player,BR:0cc/cr876r2924f:3c8c,4sAd|/3h5c6c:976,-976(976.000000)
593:BR,Player:0cc/r435c/cc/cr1075c:8c9c,8s9h|/4s5d7c/Kd/3d:0,-0(-515.253805)
594:Player,BR:0cr200c/cr747c/cc/cc:7c8c,4sJh|/2c7dAd/4h/6s:1047,-1047(88.475844)
595:BR,Player:0r200c/r1306f:3h4c,JsAh|/4dQdAc:300,-300(300.000000)
596:Player,BR:0cc/cr19900c/cc/cc:3hJd,9sJh|/3c9dJs/5c/Td:-20000,20000(-18080.955359)
597:BR,Player:0r130c/r2014f:3cKd,5cTc|/4c7s9d:230,-230(230.000000)
598:Player,BR:0cr600c/cr866f:8dTc,6cAh|/4s6hJh:-700,700(-700.000000)
599:BR,Player:0f:6dKh,3s7h|:50,-50(50.000000)
600:Player,BR:0cc/cr379c/cc/r121c:3s7h,JdKc|/3h9sKs/7c/7d:600,-600(-563.416617)
601:BR,Player:0r130c/r1001f:3c7h,5h6c|/8hQsAh:230,-230(230.000000)
602:Player,BR:0cc/cr876f:4cQs,5sJd|/7c9hAd:-100,100(-100.000000)
603:BR,Player:0r130c/r2014f:5cJh,2s3s|/2dKhAh:230,-230(230.000000)
604:Player,BR:0cc/cr435f:2d4s,5dTd|/5h6h8s:-100,100(-100.000000)
605:BR,Player:0r130c/r871c/cc/cr1015f:8dAd,3c6c|/6dQcAh/2c/Kc:-1101,1101(-1101.000000)
606:Player,BR:0cc/cr8194f:5cAh,8cAc|/2cQcAs:-100,100(-100.000000)
607:BR,Player:0r130c/r163f:3d3c,4dTh|/2h9dQh:230,-230(230.000000)
608:Player,BR:0cr600c/cr3047f:ThAd,QdKh|/3d4d8c:-700,700(-700.000000)
609:BR,Player:0r130c/r871f:JhKc,5cQh|/TsJdQd:230,-230(230.000000)
610:Player,BR:0cc/cr435c/r515f:4sQd,5s6h|/2h4h4c/Js:535,-535(535.000000)
611:BR,Player:0f:TsKc,2d8s|:50,-50(50.000000)
612:Player,BR:0cc/cr876c/r584c/r312f:9dKs,7hAd|/9hJdQd/6d/Jh:1560,-1560(1560.000000)
613:BR,Player:0r130c/r871c/cc/cc:TcJs,3hKh|/5h7cJh/4c/3s:1101,-1101(466.728207)
614:Player,BR:0cc/r130r1001f:6hKs,3s5d|/6sTsTd:-230,230(-230.000000)
615:BR,Player:0r200c/r1306f:JcQd,8cKh|/3d5c6s:300,-300(300.000000)
616:Player,BR:0cr300c/cr1741f:JhAh,JdAd|/9cKhKc:-400,400(-400.000000)
617:BR,Player:0r130c/r2014f:3hJs,8s9c|/7cKdAc:230,-230(230.000000)
618:Player,BR:0cc/cr124r376r1493r14707f:3hAd,9cKs|/3d3cAh:2093,-2093(2093.000000)
619:BR,Player:0f:6h7d,2h5s|:50,-50(50.000000)
620:Player,BR:0cr1200c/cr5660f:7hQd,2dTh|/4c8hAd:-1300,1300(-1300.000000)
621:BR,Player:0r130c/r2014f:4hQc,6h7h|/2h8sAd:230,-230(230.000000)
622:Player,BR:0cc/cr876c/r584f:4h9c,KdAc|/4d6cTs/7s:976,-976(976.000000)
623:BR,Player:0r130c/r2014f:9cAs,6sKc|/2s8sJh:230,-230(230.000000)
624:Player,BR:0cc/cr216f:2cKs,9h9c|/3s8cTh:-100,100(-100.000000)
625:BR,Player:0r130c/r1001f:3d5d,4h6h|/2s3sKc:230,-230(230.000000)
626:Player,BR:0cc/cr1761f:4cAd,TsQd|/2d3h3c:-100,100(-100.000000)
627:BR,Player:0r130c/r573f:6hTd,8h9h|/2cAhAd:230,-230(230.000000)
628:Player,BR:0cr300c/cr3503r8057r8040c/cc/cc:AsAh,8sTh|/3s3h9h/4c/4d:20000,-20000(18821.923106)
629:BR,Player:0r130c/r12392f:QsKd,8dQd|/TsJsAh:230,-230(230.000000)
630:Player,BR:0cc/cr216f:2h9s,ThTd|/3s7sKc:-100,100(-100.000000)
631:BR,Player:0r130c/r2014f:5sQs,6h9d|/2sKsAh:230,-230(230.000000)
632:Player,BR:0cc/cr19900f:5dQh,9cKs|/6d9hKc:-100,100(-100.000000)
633:BR,Player:0r130c/r2014f:3s4h,7hJd|/TsTdAc:230,-230(230.000000)
634:Player,BR:0cc/cr379f:3c4s,6dTh|/6s8hTs:-100,100(-100.000000)
635:BR,Player:0r130c/r2014f:7d8h,4cTh|/3h5sAd:230,-230(230.000000)
636:Player,BR:0cr300c/cr1741f:KsAs,4hTc|/2d5s5h:-400,400(-400.000000)
637:BR,Player:0r130c/r1001f:4h4c,3d5c|/TsQhAd:230,-230(230.000000)
638:Player,BR:0cc/cr876f:3hQc,4d9s|/2d4c6c:-100,100(-100.000000)
639:BR,Player:0r130c/r2014f:4s4d,JcKs|/6s7cAs:230,-230(230.000000)
640:Player,BR:0cr200c/cr2627f:3s6s,4cAs|/2dThQh:-300,300(-300.000000)
641:BR,Player:0r130c/r2014f:3s5c,6sKh|/4c8hQh:230,-230(230.000000)
642:Player,BR:0cc/cr379c/cc/r121c:6sKc,7s7c|/6cQdQc/2s/2c:-600,600(-277.129420)
643:BR,Player:0r130c/r2014f:2h6c,4dAd|/4h6hQs:230,-230(230.000000)
644:Player,BR:0cc/cr876f:6h8c,7d9c|/3c4cTh:-100,100(-100.000000)
645:BR,Player:0r130c/r19770f:8sTs,2dJd|/3d8cTd:230,-230(230.000000)
646:Player,BR:0cc/cr19900f:6c7h,TcQd|/7cThTd:-100,100(-100.000000)
647:BR,Player:0r130c/r1001c/cr701f:7hJh,6cAs|/4s4h5c/Qs:-1231,1231(-1231.000000)
648:Player,BR:0cr200c/cr2627f:6h9h,3d4d|/7s9dKs:-300,300(-300.000000)
649:BR,Player:0r300c/r3046c/cr100c/cc:QsQd,ThJc|/JdKhAc/2d/7d:3546,-3546(1589.898488)
650:Player,BR:0cc/cr1761f:4hTd,5c7h|/3s8dAh:-100,100(-100.000000)
651:BR,Player:0cc/r3080f:3h7c,2sQc|/4d5cKd:100,-100(100.000000)
652:Player,BR:0cc/cr435f:2c8h,ThKs|/5h8sQc:-100,100(-100.000000)
653:BR,Player:0cc/r3080f:2c7c,7s8c|/5cJsJd:100,-100(100.000000)
654:Player,BR:0cc/cr1761f:9hKs,5cTh|/3c9cQc:-100,100(-100.000000)
655:BR,Player:0f:7d8d,2c5h|:50,-50(50.000000)
656:Player,BR:0cr300c/r800r2987f:8cJc,8s9d|/2s6c8h:-1200,1200(-1200.000000)
657:BR,Player:0f:3d4c,2hTc|:50,-50(50.000000)
658:Player,BR:0cc/cr1532f:2h6s,9sKs|/3s5h9c:-100,100(-100.000000)
659:BR,Player:0f:9hQc,2c5h|:50,-50(50.000000)
660:Player,BR:0cc/cr216f:2h8c,JcKd|/6sTsJs:-100,100(-100.000000)
661:BR,Player:0r200c/r140f:3s3d,8sJs|/2c6cKh:300,-300(300.000000)
662:Player,BR:0cc/cr876f:3hTs,5sKd|/9hJsAh:-100,100(-100.000000)
663:BR,Player:0r130c/r1001f:TcJc,3cAd|/5d8hKc:230,-230(230.000000)
664:Player,BR:0cr600c/cr2650f:TcAc,JhAh|/8h9s9h:-700,700(-700.000000)
665:BR,Player:0r130c/r2014f:7hJd,9sJc|/2h3cQd:230,-230(230.000000)
666:Player,BR:0cr300c/cr283f:8cAh,QhAc|/2c4d6h:-400,400(-400.000000)
667:BR,Player:0r130c/r2014c/cr4633f:3s4d,TcQc|/2c8hQh/3h:-2244,2244(-2244.000000)
668:Player,BR:0cr600c/cr431c/cc/cc:3cKc,3hAc|/3d6sQc/7h/Js:-1131,1131(-43.923065)
669:BR,Player:0r130c/r285c/cc/cc:6s7c,4c7d|/3d7h9s/Ts/3c:0,-0(296.563132)
670:Player,BR:0cc/cr435f:JdKs,TsKh|/4h8cQh:-100,100(-100.000000)
671:BR,Player:0r130c/r2014f:3h8h,9sQh|/6sJsKh:230,-230(230.000000)
672:Player,BR:0cc/cr876f:4cTc,2hJs|/7dTsAs:-100,100(-100.000000)
673:BR,Player:0r130c/r1001f:3hJc,8h8d|/2h9cKd:230,-230(230.000000)
674:Player,BR:0cc/cr435f:3hQc,5d7s|/9hTdJd:-100,100(-100.000000)
675:BR,Player:0r130c/r573f:6s9h,4cTd|/2h2d3c:230,-230(230.000000)
676:Player,BR:0cc/cr876f:4s9s,5sTd|/6cJhKc:-100,100(-100.000000)
677:BR,Player:0r130c/r1001f:2hAd,7sJh|/4d5h8s:230,-230(230.000000)
678:Player,BR:0cc/cr379f:7cQd,5h8h|/3h3d8d:-100,100(-100.000000)
679:BR,Player:0r130c/r2014f:JhQc,6d8c|/8h9sAs:230,-230(230.000000)
680:Player,BR:0cc/cr100c/cc/cc:3h9s,3d4h|/3c7cQs/9c/Jc:200,-200(167.993432)
681:BR,Player:0cc/r435f:7c8d,3dTh|/3sQcAc:100,-100(100.000000)
682:Player,BR:0cc/cr876f:8sKc,4hQc|/4dJcKd:-100,100(-100.000000)
683:BR,Player:0r130c/r2014c/cc/cr9716f:2s4d,QcKd|/4sTcQh/3d/Kh:-2244,2244(-2244.000000)
684:Player,BR:0cc/cr1761f:6sTs,5hTh|/5c6dQc:-100,100(-100.000000)
685:BR,Player:0r200c/r121c/cc/cr779f:7h7d,2cKh|/3s8sAd/5d/Kd:-421,421(-421.000000)
686:Player,BR:0cr300c/cr1741f:8sKs,5h6d|/6cQcAh:-400,400(-400.000000)
687:BR,Player:0cc/r3080f:8sAh,5cTc|/5s5dJc:100,-100(100.000000)
688:Player,BR:0cr300c/cr3503f:QcAd,6s8h|/2d7sKs:-400,400(-400.000000)
689:BR,Player:0cc/r142c/cc/cr658c:2dJs,9cQs|/3s6sKs/Ah/2s:-900,900(29.697615)
690:Player,BR:0cc/cr876f:2s5s,9cTh|/6d8hAd:-100,100(-100.000000)
691:BR,Player:0f:2hJs,2s9c|:50,-50(50.000000)
692:Player,BR:0cc/cr876f:4sQh,3dQd|/5c9sKc:-100,100(-100.000000)
693:BR,Player:0f:4s6c,3sTc|:50,-50(50.000000)
694:Player,BR:0cr300c/cr866f:TcKh,8cJs|/7d7cJd:-400,400(-400.000000)
695:BR,Player:0r200c/r2284r2284r2284r12848f:2cJh,JsJc|/2sJdQc:-7152,7152(-7152.000000)
696:Player,BR:0cc/cr435c/cc/r305f:3hJh,6h8s|/7s7cJd/Kh/4s:535,-535(535.000000)
697:BR,Player:0r130c/r19770f:8dQc,3cKh|/8cQdAd:230,-230(230.000000)
698:Player,BR:0cc/cr216c/cc/r374c:6sAh,TdKc|/3hTsAs/9d/6h:690,-690(-43.664891)
699:BR,Player:0r130c/r1001f:6dQh,4c9c|/KdAsAd:230,-230(230.000000)
700:Player,BR:0cr300c/cr1514f:QdKh,JdJc|/3s6h7h:-400,400(-400.000000)
701:BR,Player:0cc/cr130r130f:9hKc,7d8h|/3cTdAs:230,-230(230.000000)
702:Player,BR:0cr300c/cr1741f:8hAh,2s7c|/4dJsAs:-400,400(-400.000000)
703:BR,Player:0f:6dJd,2d3h|:50,-50(50.000000)
704:Player,BR:0cc/cr876c/r2924f:6c9s,3d4h|/7c8cTc/5s:976,-976(976.000000)
705:BR,Player:0r130c/r327c/cr1513f:4c9s,9hKh|/8d8cKc/5h:-557,557(-557.000000)
706:Player,BR:0cr300c/cr1741f:3hAh,7d9c|/5c8sQc:-400,400(-400.000000)
707:BR,Player:0r130c/r871f:ThAh,6hJc|/3d9dTs:230,-230(230.000000)
708:Player,BR:0cc/cr435f:7c9s,2h5h|/4c9dTh:-100,100(-100.000000)
709:BR,Player:0r130c/r2014f:9cJh,4sQh|/5c6d8h:230,-230(230.000000)
710:Player,BR:0cr200c/cr2284c/cc/r100c:QsAd,9sKc|/3sTdKs/5s/4s:2684,-2684(1055.293133)
711:BR,Player:0r130c/r1001f:6c8c,7hKc|/8s9hQd:230,-230(230.000000)
712:Player,BR:0cr200c/cr1136f:6c7h,KhKc|/ThAsAc:-300,300(-300.000000)
713:BR,Player:0cc/r876f:JcAc,7dJd|/8s9dQh:100,-100(100.000000)
714:Player,BR:0cc/cr216f:6dAc,9s9h|/3h4cQh:-100,100(-100.000000)
715:BR,Player:0r200c/r2627f:4d5h,8hKh|/2h7cQd:300,-300(300.000000)
716:Player,BR:0cc/cr435f:2h9s,TdJc|/3d4sAh:-100,100(-100.000000)
717:BR,Player:0r130c/r1001c/cc/cc:6h8s,AdAc|/2d3c9h/3d/Th:-1231,1231(-1231.000000)
718:Player,BR:0cc/cr876f:5dJh,2sKs|/8sJsQd:-100,100(-100.000000)
719:BR,Player:0r200c/r2627f:9cJc,6s9h|/2h5cKd:300,-300(300.000000)
720:Player,BR:0cr200c/cr1306f:6s6c,2dTs|/4dJcKs:-300,300(-300.000000)
721:BR,Player:0f:3c6c,2s5c|:50,-50(50.000000)
722:Player,BR:0cr300c/cr1741f:8sQd,2d7d|/3cThAc:-400,400(-400.000000)
723:BR,Player:0r130c/r2014f:3c5h,4s5c|/5d9hJs:230,-230(230.000000)
724:Player,BR:0cc/cr435c/cc/r305c:4hTc,8hAc|/9cQhKc/Kh/3s:-840,840(312.197756)
725:BR,Player:0r130c/r19770f:3hTd,8sJd|/2d3cTh:230,-230(230.000000)
726:Player,BR:0cc/cr124c/cc/cc:7cTc,2s9s|/4c9hTd/2h/5d:-224,224(-218.046461)
727:BR,Player:0r130c/r2014f:JcKc,5sTc|/6h7hAs:230,-230(230.000000)
728:Player,BR:0cc/cr876f:6sAd,4cAh|/4h7d9c:-100,100(-100.000000)
729:BR,Player:0r130c/r871f:JcQc,7sJh|/2h9sQd:230,-230(230.000000)
730:Player,BR:0cr600c/cr3047c/r3603c/r9555c:2h8h,3h9c|/ThJdQh/7s/3c:-16905,16905(-9918.864156)
731:BR,Player:0r130c/r2014f:9dJh,3s5d|/3c7cAs:230,-230(230.000000)
732:Player,BR:0cc/cr876f:3cKc,2h4h|/2d3dTd:-100,100(-100.000000)
733:BR,Player:0r130c/r573f:4hTh,7h8c|/TcJsQh:230,-230(230.000000)
734:Player,BR:0cc/cr876c/cc/r2924f:2s4h,6hJs|/2h4sQh/Jc/7d:976,-976(976.000000)
735:BR,Player:0r130c/r871f:9cAd,4d6c|/5c8dAh:230,-230(230.000000)
736:Player,BR:0cc/cr1761f:2cJh,JsQc|/2hThKc:-100,100(-100.000000)
737:BR,Player:0r130c/r1001f:4s7c,9sAc|/6c8cTh:230,-230(230.000000)
738:Player,BR:0cr300c/r520r4005f:9cQc,4sJs|/2s5c8c:-920,920(-920.000000)
739:BR,Player:0r130c/r1001f:5d6s,7sTd|/3hJsQs:230,-230(230.000000)
740:Player,BR:0cr200c/cr1306f:6s7s,5h8s|/9h9cKc:-300,300(-300.000000)
741:BR,Player:0cc/r379f:4hAh,9cTd|/3h4c8d:100,-100(100.000000)
742:Player,BR:0cc/cr876f:3h7d,2sKd|/6s7hJh:-100,100(-100.000000)
743:BR,Player:0r130c/r2014f:2dKc,7dTs|/5cQdAc:230,-230(230.000000)
744:Player,BR:0cc/cr142f:2d5c,3dQc|/9s9hJd:-100,100(-100.000000)
745:BR,Player:0cc/r3080f:3d5h,JhQd|/7dTdQs:100,-100(100.000000)
746:Player,BR:0cr300c/cr495f:JdQh,3s8d|/4s8cKd:-400,400(-400.000000)
747:BR,Player:0r200c/r427f:2hTd,3cJh|/4s5sQs:300,-300(300.000000)
748:Player,BR:0cr300c/cr1741f:4s5s,2h3c|/4d6dQc:-400,400(-400.000000)
749:BR,Player:0r130c/r871c/cr279c/cr2760f:8dAc,5hAs|/JsKdAd/5s/5d:-1380,1380(-1380.000000)
750:Player,BR:0cr300c/cr3046f:QdAd,4sJs|/9sJdKs:-400,400(-400.000000)
751:BR,Player:0r130c/r1001f:JhKs,4hKh|/3d8hTd:230,-230(230.000000)
752:Player,BR:0cc/cr876c/r584c/r312f:5dAh,QcKd|/5c8sAc/9c/9h:1560,-1560(1560.000000)
753:BR,Player:0r200c/r212c/cc/cc:QcAd,9cQd|/2d5sJh/3d/Jd:512,-512(204.999936)
754:Player,BR:0cc/cr761f:5d8d,6sKc|/4cJsKh:-100,100(-100.000000)
755:BR,Player:0r130c/r1001f:3c4c,8dKh|/7h8h9s:230,-230(230.000000)
756:Player,BR:0cr300c/r800r18378f:8cQc,2dQh|/2h3c9s:-1200,1200(-1200.000000)
757:BR,Player:0f:4cKc,2c3s|:50,-50(50.000000)
758:Player,BR:0cc/cr876f:2h6d,5hQc|/3d4cAh:-100,100(-100.000000)
759:BR,Player:0cc/r876f:2dTs,3hKc|/9sAdAc:100,-100(100.000000)
760:Player,BR:0cr200c/cr1136f:3cTc,JhJd|/4s4h6s:-300,300(-300.000000)
761:BR,Player:0r130c/r327c/cr478c/cc:5s8h,TdQd|/7cKdAs/8s/Qs:-1035,1035(-215.836519)
762:Player,BR:0cr300c/r520r2290f:2dTd,KsAc|/3c5h6s:-920,920(-920.000000)
763:BR,Player:0r130c/r2014f:9dAd,2s2c|/3h4hKc:230,-230(230.000000)
764:Player,BR:0cr600c/cr3047f:4hKh,9cAs|/7c8c9d:-700,700(-700.000000)
765:BR,Player:0r200c/r212c/cc/cc:4sJh,7s7d|/3dJdAh/Qc/Jc:512,-512(512.000000)
766:Player,BR:0cr300c/cr1741f:8sKs,6dTh|/2c4h7h:-400,400(-400.000000)
767:BR,Player:0r130c/r2014c/cr1344f:4sJd,8h9c|/8sTdQs/Qc:-2244,2244(-2244.000000)
768:Player,BR:0cc/cr1761f:3dKs,2h8c|/4h5cJh:-100,100(-100.000000)
769:BR,Player:0r130c/r2014f:2s3s,QsQc|/7h8sJd:230,-230(230.000000)
770:Player,BR:0cr300c/cr3503f:9dQh,5dJh|/2s2c4d:-400,400(-400.000000)
771:BR,Player:0r130c/r2014f:6s8s,KsAh|/4d5dQs:230,-230(230.000000)
772:Player,BR:0cc/cr1761f:2c7c,5cJh|/6d8cQh:-100,100(-100.000000)
773:BR,Player:0r130c/r1001c/cc/cc:2c7h,JhAd|/6d6cJc/5c/Qd:-1231,1231(-1231.000000)
774:Player,BR:0cc/cr1761f:3c7h,3sKc|/5d6d9h:-100,100(-100.000000)
775:BR,Player:0cc/r876f:5h8s,8cJh|/2s4d7c:100,-100(100.000000)
776:Player,BR:0cr300c/r520r520c/r1320c/r1380c:5cQc,3hAs|/6h7c8c/3s/6d:-4140,4140(-3229.509466)
777:BR,Player:0f:4s6c,2h4d|:50,-50(50.000000)
778:Player,BR:0cr130c/cr2014f:7dKd,4cTd|/4hJhQh:-230,230(-230.000000)
779:BR,Player:0cc/r379f:9dTc,4s7h|/4d6h9h:100,-100(100.000000)
780:Player,BR:0cc/cr124c/cc/cc:4hAs,TcAh|/6dQhQc/7s/Kh:-224,224(-14.917937)
781:BR,Player:0r130c/r1001f:3d8h,5sTs|/3hTdKs:230,-230(230.000000)
782:Player,BR:0cr300c/cr1741f:TsTd,6hKd|/3d4s5c:-400,400(-400.000000)
783:BR,Player:0r130c/r327c/cr478f:2c9d,2h4h|/4sQdQc/6c:-557,557(-557.000000)
784:Player,BR:0cc/cr876f:2dKc,2hJh|/4d7s8h:-100,100(-100.000000)
785:BR,Player:0r200c/r371c/cr229c/cr2700f:5s7s,9cTs|/7cQsQh/Jc/8s:-900,900(-900.000000)
786:Player,BR:0cr300c/r520r520c/r768c/r6624c:7c9h,8cAc|/6sTsTc/Kd/Kh:-8832,8832(-8832.000000)
787:BR,Player:0r200c/r1136r1324r1324f:TsTd,6d8s|/2d3d7d:2760,-2760(2760.000000)
788:Player,BR:0cr200c/r390r3004c/r2102f:JhAh,5hQd|/ThJsJc/6s:3694,-3694(3694.000000)
789:BR,Player:0r300c/r1741f:8hJd,9hKs|/4hAhAc:400,-400(400.000000)
790:Player,BR:0cc/cr876c/cc/r2014f:QcKh,2dAs|/4c8hKc/8s/Jh:976,-976(976.000000)
791:BR,Player:0r200c/r1306f:8dJh,7s8s|/5h7cKd:300,-300(300.000000)
792:Player,BR:0cr300c/cr1514c/cc/r486c:QdKs,KdAh|/5d5cKc/Ad/Jc:-2400,2400(-2098.382243)
793:BR,Player:0r130c/r1001f:6hJd,7hKd|/4d8dTc:230,-230(230.000000)
794:Player,BR:0cc/cr435f:2c6s,7dJs|/4d5dAc:-100,100(-100.000000)
795:BR,Player:0r130c/r871f:JcAd,9cAs|/4d6sJh:230,-230(230.000000)
796:Player,BR:0cr300c/cr3503f:QcAs,8cAd|/3cJcKd:-400,400(-400.000000)
797:BR,Player:0r130c/r1001c/cr1184c/cc:8cTc,5hAc|/2d3cKs/Kc/8s:2415,-2415(2391.383580)
798:Player,BR:0cc/cr876f:2sKd,9dTs|/2c8d8c:-100,100(-100.000000)
799:BR,Player:0f:2dTh,2cTd|:50,-50(50.000000)
800:Player,BR:0cr130c/r299r4632f:4d8d,ThKs|/3d7cAh:-529,529(-529.000000)
801:BR,Player:0f:2hJs,2dJc|:50,-50(50.000000)
802:Player,BR:0cc/cr761c/cc/r100c:4s8s,KsAd|/6c7sKd/2d/Jh:-961,961(-940.423075)
803:BR,Player:0cc/r3080f:5h8c,3sQd|/4d4cJh:100,-100(100.000000)
804:Player,BR:0cc/cr8194f:3dTs,KhAs|/7dQdKc:-100,100(-100.000000)
805:BR,Player:0r130c/r1001f:5dQc,6dJc|/3c6sKd:230,-230(230.000000)
806:Player,BR:0cr200c/cr2284f:4h5h,KdAh|/3d4dKs:-300,300(-300.000000)
807:BR,Player:0r130c/r2014f:4sJs,3h5s|/5dThKc:230,-230(230.000000)
808:Player,BR:0cc/cr876f:2h9s,9dJc|/KsAsAd:-100,100(-100.000000)
809:BR,Player:0r200c/r2627f:2h3d,QdAs|/5h7sTs:300,-300(300.000000)
810:Player,BR:0cc/cr435c/cc/cc:5h7s,3d5s|/6d7d8s/4s/4d:0,-0(-405.839490)
811:BR,Player:0r200c/r1306f:3dKd,6cAs|/5h6h9c:300,-300(300.000000)
812:Player,BR:0cr300c/r2400f:KdAs,3d8c|/9hKcAh:400,-400(400.000000)
813:BR,Player:0f:9dQh,3d8s|:50,-50(50.000000)
814:Player,BR:0cr200c/cr427c/cc/r1973c:QdKc,JdAs|/2s4c7h/6s/9s:-2700,2700(-821.099694)
815:BR,Player:0r130c/r1001f:7dKs,7hAh|/6sJdQd:230,-230(230.000000)
816:Player,BR:0cr200c/r390r982f:7hKc,7c8s|/9cJdKs:-690,690(-690.000000)
817:BR,Player:0r130c/r1751c/cr100c/cr3715c:KdKc,9dJd|/3d7dQs/6s/3h:5796,-5796(3005.129133)
818:Player,BR:0cc/cr876f:7hQs,3s5s|/9dTcQd:-100,100(-100.000000)
819:BR,Player:0r130c/r1001f:KsAd,4h6s|/6h8c9s:230,-230(230.000000)
820:Player,BR:0cr300c/r520r520f:6hAh,3d7c|/2c5d9h:-920,920(-920.000000)
821:BR,Player:0f:2s5d,2dJh|:50,-50(50.000000)
822:Player,BR:0cr600c/cr495c/cc/r905c:QsKs,3s4c|/4s6sJs/Tc/As:2100,-2100(386.627722)
823:BR,Player:0r200c/r2627r17073f:7cJh,QhAd|/5d9cAs:-2927,2927(-2927.000000)
824:Player,BR:0cc/cr876f:4dQs,3d8d|/5h8cTd:-100,100(-100.000000)
825:BR,Player:0r200c/r1306f:4hJc,8hKd|/3sTcQs:300,-300(300.000000)
826:Player,BR:0cc/cr2679f:2sKs,5cJc|/6c7s8c:-100,100(-100.000000)
827:BR,Player:0r130c/r573f:7h8c,6cTd|/3hAsAc:230,-230(230.000000)
828:Player,BR:0cc/cr876f:9cQs,3s5s|/2c7hKh:-100,100(-100.000000)
829:BR,Player:0f:7sJh,3s8d|:50,-50(50.000000)
830:Player,BR:0cc/cr1761f:5h8s,TdKs|/7h8cAd:-100,100(-100.000000)
831:BR,Player:0r130c/r2014c/cr1344f:4cTc,8hQs|/8d9cQd/8s:-2244,2244(-2244.000000)
832:Player,BR:0cc/cr3080f:5sJs,4dTd|/6h9dJh:-100,100(-100.000000)
833:BR,Player:0f:6hTh,2d4c|:50,-50(50.000000)
834:Player,BR:0cc/cr876f:3hQd,4dJc|/5s8dKs:-100,100(-100.000000)
835:BR,Player:0r130c/r163c/cr665f:5d5c,3dJd|/2d6dJc/2s:-393,393(-393.000000)
836:Player,BR:0cc/cr876f:2s8s,2c4c|/2h5cAd:-100,100(-100.000000)
837:BR,Player:0r200c/r2627f:3h6d,2sAc|/QdKhAs:300,-300(300.000000)
838:Player,BR:0cc/cr216f:3dQh,5sKd|/2h2d5h:-100,100(-100.000000)
839:BR,Player:0r130c/r2014f:ThJs,4cJd|/2d3cQd:230,-230(230.000000)
840:Player,BR:0cr300c/cr16295c/r3305c/cc:KsKd,8cQs|/9sTsJs/7d/Kh:-20000,20000(-7765.350900)
841:BR,Player:0r200c/r121c/cr499c/cr1196c:7dTs,3s5s|/TdQcAs/6h/Js:2116,-2116(1326.745556)
842:Player,BR:0cr200c/cr1306f:9hAs,4d5c|/4c8sTd:-300,300(-300.000000)
843:BR,Player:0r300c/r1741c/cc/cc:2d3h,9cJs|/5c6sJd/Ad/6h:-2141,2141(-2141.000000)
844:Player,BR:0cr200c/cr1306f:JdQh,3d7s|/4dKcAs:-300,300(-300.000000)
845:BR,Player:0r130c/r1001c/cc/cc:2s6s,9hKh|/3h9cQc/5h/Qd:-1231,1231(-1231.000000)
846:Player,BR:0cr300c/r800r2987c/cc/r1573f:6d6c,7cQc|/4d6s9d/Kd/9c:4187,-4187(4187.000000)
847:BR,Player:0r130c/r1001f:3c8d,7dKc|/QsAhAc:230,-230(230.000000)
848:Player,BR:0cr200c/cr371r1729r5974f:JcKc,5s7s|/3c7dTs:-2400,2400(-2400.000000)
849:BR,Player:0cc/r435f:4s5d,7cAd|/4h6h9h:100,-100(100.000000)
850:Player,BR:0cc/cr876c/r584f:JcKs,4d5h|/6hThKd/Qs:976,-976(976.000000)
851:BR,Player:0f:3dTs,2s5d|:50,-50(50.000000)
852:Player,BR:0cr300c/cr1741c/r1219f:8d9d,4h5s|/8hJdAh/2h:2141,-2141(2141.000000)
853:BR,Player:0f:6dJs,3d8c|:50,-50(50.000000)
854:Player,BR:0cc/cr435f:4dQh,7hTh|/9hTcQs:-100,100(-100.000000)
855:BR,Player:0cc/r876f:3cKd,3dJs|/2d7sAc:100,-100(100.000000)
856:Player,BR:0cc/cr1761f:4hKc,TcQh|/5h9d9c:-100,100(-100.000000)
857:BR,Player:0cc/r216r884r884f:2sAd,2hJd|/7s7hAs:1200,-1200(1200.000000)
858:Player,BR:0cc/cr1761f:4sKc,2dTs|/5d6sAh:-100,100(-100.000000)
859:BR,Player:0f:3c9d,2s6c|:50,-50(50.000000)
860:Player,BR:0cr130c/cr2014f:JhJd,5dQc|/8hThAd:-230,230(-230.000000)
861:BR,Player:0r130c/r2014f:3d9s,8sTc|/2dKsAd:230,-230(230.000000)
862:Player,BR:0cc/cr3080c/r2970f:QhKc,JsQc|/4h7sKd/5d:3180,-3180(3180.000000)
863:BR,Player:0r130c/r107c/cc/cc:3h8s,6dKs|/8cQhAh/3s/Tc:337,-337(337.000000)
864:Player,BR:0cc/cr1761f:5hTc,2s2d|/5s6dQc:-100,100(-100.000000)
865:BR,Player:0r130c/r1001f:5sKh,TsJc|/5h6h7s:230,-230(230.000000)
866:Player,BR:0cc/cr435f:6c8d,6hTd|/3s8hQc:-100,100(-100.000000)
867:BR,Player:0f:7c8h,3h6d|:50,-50(50.000000)
868:Player,BR:0cc/r200r200f:2c6h,9cTd|/5c7d8c:-300,300(-300.000000)
869:BR,Player:0cc/r435c/cc/cc:5s6d,5dQs|/3s8cQh/9s/Td:-535,535(-535.000000)
870:Player,BR:0cc/cr3080f:4c9d,2c4s|/3d5d9h:-100,100(-100.000000)
871:BR,Player:0r130c/r2014f:4hJd,9sJs|/4cTdAs:230,-230(230.000000)
872:Player,BR:0cc/cr435f:2s2c,4s9c|/5h5d6h:-100,100(-100.000000)
873:BR,Player:0r130c/r2014f:5d9s,8sQh|/4d7dAh:230,-230(230.000000)
874:Player,BR:0cc/cr379c/cc/cc:3hJc,5c9d|/2c3d9h/7d/Qc:-479,479(-386.736205)
875:BR,Player:0cc/r124c/cr376c/cr3600f:QhQc,4h7c|/6c8hAd/5d/Jc:-600,600(-600.000000)
876:Player,BR:0cc/cr876f:8dQh,6hTh|/3d6c7h:-100,100(-100.000000)
877:BR,Player:0r130c/r1001f:TcQd,TdQh|/6c9dKc:230,-230(230.000000)
878:Player,BR:0cc/cr216f:4c8d,6d9d|/3s6cKh:-100,100(-100.000000)
879:BR,Player:0r130c/r1001c/cr2472c/cc:7cJd,6c9h|/8s8cKc/Jc/9s:3703,-3703(-1602.960482)
880:Player,BR:0cc/cr3080f:2s8d,3s4d|/5dJhKc:-100,100(-100.000000)
881:BR,Player:0r130c/cr299r299c/cr1605f:9cJh,5h6h|/3h7dQc/6s:-828,828(-828.000000)
882:Player,BR:0cr600c/r1400r2989c/cc/r4361f:QsKc,4c8s|/5cJdQh/3h/9d:5089,-5089(5089.000000)
883:BR,Player:0f:2d3s,2h9d|:50,-50(50.000000)
884:Player,BR:0cc/cr761f:3sKs,2sJh|/2cJdAs:-100,100(-100.000000)
885:BR,Player:0r200c/r1306f:9dKh,3sQh|/2s4dTd:300,-300(300.000000)
886:Player,BR:0cc/cr435f:6cQs,4sQh|/3h3d7c:-100,100(-100.000000)
887:BR,Player:0r200c/r427f:8hAd,5sQc|/9sTsQd:300,-300(300.000000)
888:Player,BR:0cc/cr124c/cc/r236f:6dKh,8cTc|/5d8sKs/Ad/7d:224,-224(224.000000)
889:BR,Player:0cc/r876f:2c5h,4c9s|/TsQcKd:100,-100(100.000000)
890:Player,BR:0cr130c/cr1001f:7cKc,TdAs|/2d6dQd:-230,230(-230.000000)
891:BR,Player:0cc/cc/cc/cc:7sAs,3d4d|/2c4hJc/8h/Ad:100,-100(100.000000)
892:Player,BR:0cc/cr1761f:6sAh,6dTd|/5sQhQc:-100,100(-100.000000)
893:BR,Player:0r200c/r427f:2s9s,9cTc|/8hKdAc:300,-300(300.000000)
894:Player,BR:0cc/cr1761f:9cJs,5s8c|/4cTsTh:-100,100(-100.000000)
895:BR,Player:0r130c/r2014f:2s7c,5dJh|/3c7hAc:230,-230(230.000000)
896:Player,BR:0cc/cr100f:4d9h,3d9s|/3hQhKc:-100,100(-100.000000)
897:BR,Player:0cc/cr130r2014r4633f:8cQc,5hJh|/5dJsJd:-2244,2244(-2244.000000)
898:Player,BR:0cr300c/r520r4005f:2c9s,2dAd|/3d8hQh:-920,920(-920.000000)
899:BR,Player:0cc/r435c/cc/cc:3cJc,JsJh|/6d7sKc/5h/Qc:-535,535(-535.000000)
900:Player,BR:0cr200c/cr747f:5s8d,6d9d|/JdQhKs:-300,300(-300.000000)
901:BR,Player:0f:5dTc,2d5c|:50,-50(50.000000)
902:Player,BR:0cc/r130r7085f:4cAs,8dTh|/2s4dQd:-230,230(-230.000000)
903:BR,Player:0r200c/r2627c/cr1753c/cr6084f:2hJh,3h3d|/2c5c8h/Ah/Qc:-4680,4680(-4680.000000)
904:Player,BR:0cr600c/cr996f:4h7d,6h9c|/4sKsAh:-700,700(-700.000000)
905:BR,Player:0r200c/r2627f:7cTh,4cJd|/7s8sQc:300,-300(300.000000)
906:Player,BR:0cc/cr876f:3d7h,2cQh|/4sThAh:-100,100(-100.000000)
907:BR,Player:0r200c/r1306f:9cJs,4s6h|/2d4cAd:300,-300(300.000000)
908:Player,BR:0cc/cr3080f:7dJh,2d4c|/2s7h9s:-100,100(-100.000000)
909:BR,Player:0r130c/r871f:8cKs,4s5h|/2dJhKd:230,-230(230.000000)
910:Player,BR:0cr300c/cr569f:2dTd,2h4s|/9s9hTh:-400,400(-400.000000)
911:BR,Player:0cc/r435f:2h7d,2c8c|/3h9hKh:100,-100(100.000000)
912:Player,BR:0cc/cr435f:5s6d,2c6s|/3d9dTd:-100,100(-100.000000)
913:BR,Player:0r130c/r285f:2sJd,7c9s|/5hJcQs:230,-230(230.000000)
914:Player,BR:0cc/cr1761f:4c7d,ThKd|/2sJsAh:-100,100(-100.000000)
915:BR,Player:0r130c/r871c/cc/cc:7sAc,4d4c|/7cQhQc/Js/Th:1101,-1101(-103.693863)
916:Player,BR:0cc/cr876f:2cKd,3sTh|/3dJcQs:-100,100(-100.000000)
917:BR,Player:0r200c/r2627f:2c3h,9dJd|/3d4sTc:300,-300(300.000000)
918:Player,BR:0cc/cr435f:4c9d,4sTc|/5s9sJd:-100,100(-100.000000)
919:BR,Player:0r200c/r244c/cr1256c/cc:2c8s,5hAh|/2d7sQc/Ts/9d:1800,-1800(-700.747017)
920:Player,BR:0cc/cr2679f:2s4c,4s7s|/4h6sQs:-100,100(-100.000000)
921:BR,Player:0cc/r1761f:8h9c,2dQh|/6s7sJd:100,-100(100.000000)
922:Player,BR:0cr300c/cr1514f:TdAd,8dJc|/8h9sJs:-400,400(-400.000000)
923:BR,Player:0r130c/r327c/cr478c/cr2070c:6dQh,3cJc|/9h9cAd/8s/4d:3105,-3105(-23.061115)
924:Player,BR:0cc/cr876f:2sJc,4cTs|/5d6dQs:-100,100(-100.000000)
925:BR,Player:0r200c/r427c/cc/cc:4sQs,3cJc|/3h8h8d/4c/6h:727,-727(659.342992)
926:Player,BR:0cr300c/r1200r3983f:4hKh,6dAd|/2s6h9h:-1600,1600(-1600.000000)
927:BR,Player:0r130c/r4051f:9cQs,4s8c|/2c8sJh:230,-230(230.000000)
928:Player,BR:0cc/cr876f:2dQs,3h7h|/2h6hKc:-100,100(-100.000000)
929:BR,Player:0r130c/r2014f:7d9h,8sKh|/7s8dQh:230,-230(230.000000)
930:Player,BR:0cc/cr435f:2c8c,2sQs|/4d8sAh:-100,100(-100.000000)
931:BR,Player:0cc/r876f:3d7s,3h6c|/TcKdKc:100,-100(100.000000)
932:Player,BR:0cr300c/cr3503f:9sTc,4s7c|/2h9hKc:-400,400(-400.000000)
933:BR,Player:0r130c/r2014f:3d7h,2hKs|/8dTsJd:230,-230(230.000000)
934:Player,BR:0cc/cr876f:9dJs,7sQc|/4hJcAh:-100,100(-100.000000)
935:BR,Player:0f:5d9s,2d4h|:50,-50(50.000000)
936:Player,BR:0cc/cr379r721f:3dAh,3c4s|/3s3hQs:479,-479(479.000000)
937:BR,Player:0r200c/r2627f:6dQs,JsQh|/3h5cAc:300,-300(300.000000)
938:Player,BR:0cr200c/cr2627f:6sQs,2cKh|/4h9hJd:-300,300(-300.000000)
939:BR,Player:0r130c/r1001f:9dQs,8d9c|/3sKsKc:230,-230(230.000000)
940:Player,BR:0cc/cr876f:7hAc,6cJd|/8s9sTs:-100,100(-100.000000)
941:BR,Player:0r130c/r1001r2472r2472c/cr4934f:5dTc,3c4d|/2d5h6s/8c:-6175,6175(-6175.000000)
942:Player,BR:0cr300c/cr3503f:JcQs,7s7d|/8sJhKs:-400,400(-400.000000)
943:BR,Player:0f:4h9d,3dTs|:50,-50(50.000000)
944:Player,BR:0cc/cr379f:4h5d,6h6d|/3d5sQc:-100,100(-100.000000)
945:BR,Player:0f:7h8c,2s7c|:50,-50(50.000000)
946:Player,BR:0cr300c/cr3503f:2d2c,6h6c|/3s3hQs:-400,400(-400.000000)
947:BR,Player:0r130c/r19770f:8hAh,JhAs|/5h9hQh:230,-230(230.000000)
948:Player,BR:0cc/cr379f:2d6h,4sQs|/7hTdQc:-100,100(-100.000000)
949:BR,Player:0r130c/r871f:9cJc,TsKc|/4c6s9h:230,-230(230.000000)
950:Player,BR:0cr300c/cr3503f:9hJh,8h9s|/4c5c6d:-400,400(-400.000000)
951:BR,Player:0r300c/r19600f:TsTc,QhAs|/3d4sTd:400,-400(400.000000)
952:Player,BR:0cr300c/r520c/cc/cc:AdAc,QdQc|/7s8sKs/8d/2s:920,-920(-427.934411)
953:BR,Player:0r130c/r1001c/cc/cc:9hKc,9s9c|/7cJsAh/Qh/7d:-1231,1231(-1231.000000)
954:Player,BR:0cc/cr124c/cc/cc:5s6d,8s8c|/3dKcAs/5c/8d:-224,224(-222.418196)
955:BR,Player:0r130c/r2014f:2sJh,3hAs|/5d6c9h:230,-230(230.000000)
956:Player,BR:0cc/cr876f:5cKs,3h8s|/7cQhAh:-100,100(-100.000000)
957:BR,Player:0r130c/r2014f:4dKc,4cJh|/3cKsAc:230,-230(230.000000)
958:Player,BR:0cr600c/r910r7009f:4d7d,5dTs|/2d7cKh:-1610,1610(-1610.000000)
959:BR,Player:0r130c/r285f:5c6c,2sQh|/3h6dKs:230,-230(230.000000)
960:Player,BR:0cr200c/cr1306f:5h6d,ThKd|/8h9hTs:-300,300(-300.000000)
961:BR,Player:0r130c/r1001c/cc/cr3599f:5dAs,JhKd|/7hThKc/8d/2d:-1231,1231(-1231.000000)
962:Player,BR:0cr130c/cr4051f:9hKs,3hJd|/2d2c9d:-230,230(-230.000000)
963:BR,Player:0r130c/r2014f:3hQc,KhAd|/5h8sTs:230,-230(230.000000)
964:Player,BR:0cr200c/cr1306f:4h4c,6s6c|/7sJhQs:-300,300(-300.000000)
965:BR,Player:0r130c/r2014f:6sJs,4h7d|/2c3c8d:230,-230(230.000000)
966:Player,BR:0cr300c/r520r4005f:7h9d,6hQh|/2d4h5d:-920,920(-920.000000)
967:BR,Player:0r200c/r1306f:3h9c,3sQd|/2s4hTs:300,-300(300.000000)
968:Player,BR:0cc/cr1761f:3c4h,8cQh|/5d9sAs:-100,100(-100.000000)
969:BR,Player:0r130c/r285c/cc/cr543f:4cQh,KdAs|/9hQdAc/Jh/9d:-515,515(-515.000000)
970:Player,BR:0cc/cr876f:5sQd,5cJs|/2d4c7h:-100,100(-100.000000)
971:BR,Player:0r200c/r2627f:2dAs,9hQc|/5hTsQd:300,-300(300.000000)
972:Player,BR:0cc/cr379f:3d5c,9sJh|/3h4c9h:-100,100(-100.000000)
973:BR,Player:0r130c/r1001c/cr3599f:7d8s,4dKs|/4s9sJd/Qs:-1231,1231(-1231.000000)
974:Player,BR:0cc/cr3080f:4sTc,3c5h|/TsJsAd:-100,100(-100.000000)
975:BR,Player:0r130c/r1001c/cr2472f:5c8d,4c7s|/3c4s6s/4h:-1231,1231(-1231.000000)
976:Player,BR:0cc/cr142f:8sAh,7hAc|/JsQhQd:-100,100(-100.000000)
977:BR,Player:0cc/r876f:4sAh,2dKh|/6d7sTh:100,-100(100.000000)
978:Player,BR:0cr300c/r520r520f:5c8s,4dQh|/3s9hKs:-920,920(-920.000000)
979:BR,Player:0r130c/r1001f:4s8d,2cKh|/3h9sAc:230,-230(230.000000)
980:Player,BR:0cc/cr876f:4dKd,5dQs|/6h9cTd:-100,100(-100.000000)
981:BR,Player:0f:5h8s,3h6c|:50,-50(50.000000)
982:Player,BR:0cr600c/cr3047r10953f:KsKd,TdKc|/4h8d9h:3747,-3747(3747.000000)
983:BR,Player:0r200c/r427c/cr623f:2c7h,3d6d|/2d4dKd/8s:-727,727(-727.000000)
984:Player,BR:0cr600c/cr3047f:JhAd,2cKd|/2d9dQh:-700,700(-700.000000)
985:BR,Player:0r200c/r427c/cc/cc:4d6c,8s9s|/7h7d8d/Tc/3c:-727,727(-727.000000)
986:Player,BR:0cc/cr876c/r584f:6cJs,5sJh|/8c9dTc/6d:976,-976(976.000000)
987:BR,Player:0r130c/r573f:2dKh,5d9s|/6s8h8d:230,-230(230.000000)
988:Player,BR:0cc/cr876f:2c7s,QhAc|/4s5d6c:-100,100(-100.000000)
989:BR,Player:0cc/r876r2014r4255r12755f:JcKh,6h6d|/3d6c8c:-7245,7245(-7245.000000)
990:Player,BR:0cc/cr435f:3hJh,9dJd|/2s4cKh:-100,100(-100.000000)
991:BR,Player:0r130c/r4051f:8dTd,4h6c|/2c5sAh:230,-230(230.000000)
992:Player,BR:0cc/cr876f:6hKd,JsKc|/3cQhAc:-100,100(-100.000000)
993:BR,Player:0r130c/r2014f:4hQd,7dTh|/2c7hKc:230,-230(230.000000)
994:Player,BR:0cr300c/cr569c/cc/r471f:3cAc,2cQh|/2hTsTh/As/Ah:969,-969(969.000000)
995:BR,Player:0r200c/r2627f:8cTd,6d9s|/8sJcKs:300,-300(300.000000)
996:Player,BR:0cc/cr876c/r584c/r3120c:4d7c,9cTc|/5d6cKh/Th/6s:-4680,4680(-3311.261245)
997:BR,Player:0r300c/r3503f:3c6c,2h7h|/3d4hAs:400,-400(400.000000)
998:Player,BR:0cr200c/cr19700f:6cJc,5h5c|/5dQhKs:-300,300(-300.000000)
999:BR,Player:0r200c/r5284f:3c8h,7c8c|/7dTsJc:300,-300(300.000000)
1000:Player,BR:0cc/cr876f:3dQc,3cJh|/9cQsAd:-100,100(-100.000000)
RAW BR STATS: n=1000, sum=114662.000000, sum_sq=4381449650.000000, vr_sum=73510.390629, vr_sum_sq=3181473451.738390
BR STATS: 114.662000(129.542541), 73.510391(110.458994)
RESULTS
1)BR: 114662
2)Player: -114662
