In config file: GAME_DEF=game_def.fullholdem
In config file: ACTIONS_R0=C
In config file: ACTIONS_R1=F,C,0.05,0.0575,0.066125,0.07604375,0.087450313,0.100567859,0.115653038,0.133000994,0.152951143,0.175893815,0.202277887,0.23261957,0.267512505,0.307639381,0.353785288,0.406853081,0.467881044,0.5380632,0.61877268,0.711588582,0.81832687,0.9410759,1.082237285,1.244572878,1.43125881,1.645947631,1.892839776,2.176765742,2.503280603,2.878772694,3.310588598,3.807176888,4.378253421,5.034991434,5.790240149,6.658776171,7.657592597,8.806231486,10.12716621,11.64624114,13.39317731,15.40215391,17.71247699,20.36934854,23.42475083,26.93846345,30.97923297,35.62611791,40.9700356,47.11554094,54.18287208,62.31030289,71.65684832,82.40537557,94.76618191,A
In config file: ACTIONS_R2=F,C
In config file: ACTIONS_R3=F,C
Loading player: rgbr_nl_cprg.so
Player args: /home/viliam/cprg/project_uoapoker/trunk/src/c/meta_player.so /home/viliam/cprg/project_uoapoker/trunk/src/c/acpc14.map
Using seed 2.
1:Player,BR:0cr200c/cr1306f:KhAs,5dTs|/4s7sJd:-300,300(-300.000000)
2:BR,Player:0cc/r435f:3c9c,3dJc|/9dTdKh:100,-100(100.000000)
3:Player,BR:0cc/cr876f:9cTs,5d8s|/6sQhAh:-100,100(-100.000000)
4:BR,Player:0r130c/r1001f:8sQs,JhKs|/6d9sAc:230,-230(230.000000)
5:Player,BR:0cr300c/cr1741f:3s5c,9hKc|/6c7s8h:-400,400(-400.000000)
6:BR,Player:0r130c/r163c/cc/cc:TdKs,QdAs|/2s4d9c/8h/3s:-393,393(-329.365716)
7:Player,BR:0cc/cr1532c/cc/r100c:4s9c,QhAd|/4d9dJd/Kc/8c:1732,-1732(1576.064605)
8:BR,Player:0r200c/r427f:4c7c,4hJc|/6hJdKs:300,-300(300.000000)
9:Player,BR:0cc/cr435f:8hTs,8sJd|/3c5c9h:-100,100(-100.000000)
10:BR,Player:0r200c/r649f:7s8s,5sJc|/2s7hTd:300,-300(300.000000)
11:Player,BR:0cr300c/r520r520r2792r2792f:6s9s,3h4s|/3d7sTh:-4232,4232(-4232.000000)
12:BR,Player:0r130c/r327r1030f:4cTd,5sKh|/5h5dAc:-557,557(-557.000000)
13:Player,BR:0cc/cr876f:4c8h,2s9d|/3c7cAc:-100,100(-100.000000)
14:BR,Player:0f:KcAh,2d6s|:50,-50(50.000000)
15:Player,BR:0cc/cr249c/cc/cc:8c9d,3c7s|/8hKsKd/Ac/Ts:349,-349(349.000000)
16:BR,Player:0r130c/r1001r2472r2472f:5sKd,QhAc|/7hJcAh:3703,-3703(3703.000000)
17:Player,BR:0cc/cr876f:6sQd,4sJd|/6c7c9s:-100,100(-100.000000)
18:BR,Player:0r130c/r1001f:3dAh,3h4h|/2hJdKs:230,-230(230.000000)
19:Player,BR:0cc/cr876c/cc/r974c:8cAs,4s7c|/3cQhAd/9h/Jc:1950,-1950(576.082885)
20:BR,Player:0f:7dAh,2s4d|:50,-50(50.000000)
21:Player,BR:0cc/cr1761f:2sAd,5s5d|/4d7sTh:-100,100(-100.000000)
22:BR,Player:0cc/r1532f:KsKh,2dQh|/4d5c9c:100,-100(100.000000)
23:Player,BR:0cc/cr124c/cc/cc:6cKd,5h9s|/3d5dJc/7c/8d:-224,224(-100.824398)
24:BR,Player:0f:7dTc,3h8s|:50,-50(50.000000)
25:Player,BR:0cc/cr1532f:4sJc,5dTc|/9hTsTd:-100,100(-100.000000)
26:BR,Player:0r200c/r371c/cr229c/cc:7hTs,8sKs|/2c7cAs/Qc/8c:-900,900(-601.487903)
27:Player,BR:0cc/cr876f:4hTd,7hKd|/7c9cTc:-100,100(-100.000000)
28:BR,Player:0r200c/r1306f:5hQs,7sJc|/9dKdAd:300,-300(300.000000)
29:Player,BR:0cr200c/cr1136c/r100c/cc:AhAd,2d3d|/2c3s4d/5d/Js:1536,-1536(167.315256)
30:BR,Player:0f:5s8s,3d8c|:50,-50(50.000000)
31:Player,BR:0cc/cr3080f:2h7h,6d7s|/4dJcKh:-100,100(-100.000000)
32:BR,Player:0r130c/r1001f:QhKh,TdTc|/4c5s8s:230,-230(230.000000)
33:Player,BR:0cc/cr876f:2dAh,2s7c|/5d6sKd:-100,100(-100.000000)
34:BR,Player:0r130c/r1001f:KcAh,5cKs|/6h7dTc:230,-230(230.000000)
35:Player,BR:0cc/cr876f:2dAs,6hJh|/4h6sTc:-100,100(-100.000000)
36:BR,Player:0r130c/r285f:QsQd,7sKd|/5hTdAc:230,-230(230.000000)
37:Player,BR:0cc/cr876f:3c9d,3sQc|/TcJcQh:-100,100(-100.000000)
38:BR,Player:0r130c/r163r665r665r3143r3143r11991f:2sAd,6sAh|/6h6cTc:-8009,8009(-8009.000000)
39:Player,BR:0cc/cr435f:4dQs,8cTs|/4h5d9s:-100,100(-100.000000)
40:BR,Player:0r130c/r2014r4633f:3hJd,TsAc|/2sThAs:-2244,2244(-2244.000000)
41:Player,BR:0cr300c/r520r520f:7dJd,5h8h|/9s9dAh:-920,920(-920.000000)
42:BR,Player:0cc/r876f:3sKs,2s6s|/4h5dAc:100,-100(100.000000)
43:Player,BR:0cc/cr435c/cc/r1075c:7cJh,7dJs|/8h8d9d/Qh/Ts:0,-0(-850.116669)
44:BR,Player:0r130c/r123f:4d6h,5d7h|/4cJdQs:230,-230(230.000000)
45:Player,BR:0cc/cr876f:4s5c,3hAh|/2c4dKh:-100,100(-100.000000)
46:BR,Player:0r130c/r2014f:8s9s,4s4h|/8dJdKh:230,-230(230.000000)
47:Player,BR:0cc/cr876f:4s9c,5sTc|/7d8cJc:-100,100(-100.000000)
48:BR,Player:0r130c/r573f:4s8d,4dKs|/6c8h9c:230,-230(230.000000)
49:Player,BR:0cr300c/cr1741f:6dKd,5hJh|/2d3h9h:-400,400(-400.000000)
50:BR,Player:0r200c/r371c/cc/cr229c:TdKh,7s9h|/2hThJd/Qh/As:900,-900(826.949826)
51:Player,BR:0cr600c/cr3047f:5cJs,TsQd|/5s7sKd:-700,700(-700.000000)
52:BR,Player:0r130c/r2014f:5s9h,6hQh|/2c4hAd:230,-230(230.000000)
53:Player,BR:0cr300c/r800r800c/r880f:TcKc,3sTh|/5sKsKh/6c:2000,-2000(2000.000000)
54:BR,Player:0r300c/r3503f:3hAh,2s2h|/4s8hJh:400,-400(400.000000)
55:Player,BR:0cc/cr876f:4cJh,3cQh|/2h3s5s:-100,100(-100.000000)
56:BR,Player:0f:2h4d,4s9h|:50,-50(50.000000)
57:Player,BR:0cc/cr876f:3d8s,2h5c|/2c3s9c:-100,100(-100.000000)
58:BR,Player:0r130c/r1001f:TsQc,7d9c|/4h8hJd:230,-230(230.000000)
59:Player,BR:0cc/cr1761f:2hQd,7h8h|/6dQsQh:-100,100(-100.000000)
60:BR,Player:0cc/r876c/cc/cc:2cTd,JdKs|/6sJcAs/6c/4d:-976,976(-976.000000)
61:Player,BR:0cc/cr876f:7cAs,4h5s|/6h8dQc:-100,100(-100.000000)
62:BR,Player:0r200c/r1306f:4h6s,2sAc|/5h8d9d:300,-300(300.000000)
63:Player,BR:0cc/cr761f:9cKd,KsAs|/4h6hAd:-100,100(-100.000000)
64:BR,Player:0r130c/r163c/cr987c/cr4140c:6hAd,4sQh|/4d4cJh/6d/3c:-5520,5520(-144.957756)
65:Player,BR:0cr300c/cr996c/cc/r2284c:8sQd,5d9h|/2d9dTd/9c/6s:-3680,3680(915.229989)
66:BR,Player:0r200c/r371f:KdKc,5d9h|/9sTsJs:300,-300(300.000000)
67:Player,BR:0cc/cr435f:5cJs,3hTh|/9sKsAh:-100,100(-100.000000)
68:BR,Player:0r200c/r2627f:5s8d,7sAc|/3hJsKh:300,-300(300.000000)
69:Player,BR:0cc/cr876f:6c7d,8dKs|/3c7hJd:-100,100(-100.000000)
70:BR,Player:0r130c/r163r665r1506f:5d5c,8sTc|/3d9sQs:1058,-1058(1058.000000)
71:Player,BR:0cc/cr435f:9cTd,4c7d|/6d6cTc:-100,100(-100.000000)
72:BR,Player:0r130c/r1001c/cr701f:5sJh,7dJc|/6h8dTs/2s:-1231,1231(-1231.000000)
73:Player,BR:0cr200c/r390r6042f:6d8d,5c7h|/4s7sAd:-690,690(-690.000000)
74:BR,Player:0cc/r435f:6d7c,5d9s|/3c4cKc:100,-100(100.000000)
75:Player,BR:0cc/cr435f:5hKs,9cAs|/6c8dJs:-100,100(-100.000000)
76:BR,Player:0f:7cTc,2c8s|:50,-50(50.000000)
77:Player,BR:0cc/cr1761f:8hQd,2h4d|/4hTsJs:-100,100(-100.000000)
78:BR,Player:0r200c/r1306f:7s7c,4hQc|/8c9sTd:300,-300(300.000000)
79:Player,BR:0cc/cr876f:8sKc,2h4s|/2d9hAc:-100,100(-100.000000)
80:BR,Player:0r200c/r1306f:8dAs,7d7c|/3c6h9h:300,-300(300.000000)
81:Player,BR:0cr300c/cr1741f:5cAc,2h6d|/5h6h9d:-400,400(-400.000000)
82:BR,Player:0r130c/r2014f:4cJc,6s7c|/3hQdKd:230,-230(230.000000)
83:Player,BR:0cc/cr1761f:5s9h,JcAc|/7dTsKd:-100,100(-100.000000)
84:BR,Player:0r130c/r2014f:5dQc,KsAs|/5c7sTc:230,-230(230.000000)
85:Player,BR:0cc/cr876f:2c9c,5d7c|/6d7sTc:-100,100(-100.000000)
86:BR,Player:0r130c/r2014f:3cJc,QhAs|/3d6s9s:230,-230(230.000000)
87:Player,BR:0cc/cr124c/cc/cc:9dQc,TsAd|/2h2d6c/4s/7c:-224,224(-110.507465)
88:BR,Player:0r200c/r140f:4hKs,5d6h|/8s8hAs:300,-300(300.000000)
89:Player,BR:0cc/cr876f:6sTd,7sAh|/2c4d9d:-100,100(-100.000000)
90:BR,Player:0cc/cr130r2014f:4sKs,5cTh|/2d3h3c:230,-230(230.000000)
91:Player,BR:0cc/cr124c/cc/cc:6hKd,ThJc|/3dTsQc/9d/As:-224,224(-111.189433)
92:BR,Player:0r130c/r1001f:2hJs,8dQh|/2d4h6h:230,-230(230.000000)
93:Player,BR:0cr130c/r690r8056f:9cTc,2c5h|/3c5dJh:-920,920(-920.000000)
94:BR,Player:0r200c/r2627f:4s8c,7h7d|/3cJdQh:300,-300(300.000000)
95:Player,BR:0cc/cr1761f:2c8s,8dQs|/2sJsKh:-100,100(-100.000000)
96:BR,Player:0r130c/r19770f:KsAd,5h9c|/7sKdKc:230,-230(230.000000)
97:Player,BR:0cr600c/cr3047f:KcAd,4sKs|/2h6h9d:-700,700(-700.000000)
98:BR,Player:0r130c/r1001f:6h8c,9sJd|/3h5s6s:230,-230(230.000000)
99:Player,BR:0cr200c/r600r600r2640r2640c/cc/r12264f:5h5c,TsJh|/5dQhQc/8d/Js:6780,-6780(6780.000000)
100:BR,Player:0r130c/r1001f:7dKh,2sQh|/5s6s7s:230,-230(230.000000)
101:Player,BR:0cc/cr876f:3sKs,JcAs|/2h8cTd:-100,100(-100.000000)
102:BR,Player:0f:7sJc,2c3d|:50,-50(50.000000)
103:Player,BR:0cc/cr3080f:2d8c,3c5c|/3d6hQd:-100,100(-100.000000)
104:BR,Player:0cc/r379c/cr121c/cc:5sAd,2dKs|/5h5cTs/9s/Qd:600,-600(600.000000)
105:Player,BR:0cc/cr876f:7c8s,2s4s|/2h3c9c:-100,100(-100.000000)
106:BR,Player:0cc/r379f:AsAc,9dKc|/4s6s8c:100,-100(100.000000)
107:Player,BR:0cc/cr876f:TsKd,2s7h|/7c9cJc:-100,100(-100.000000)
108:BR,Player:0r130c/r285c/cr175c/cr4140f:8dJs,6d7d|/5s5dJd/3d/Ts:-690,690(-690.000000)
109:Player,BR:0cc/cr761f:2d3c,7c9h|/6c7h9d:-100,100(-100.000000)
110:BR,Player:0r200c/r371c/cc/cc:6s8d,ThQh|/5c8sKh/Jc/Ts:-671,671(66.214190)
111:Player,BR:0cc/cr435f:6hQc,4h8h|/5dThAs:-100,100(-100.000000)
112:BR,Player:0f:7hAh,2h8s|:50,-50(50.000000)
113:Player,BR:0cc/cr435c/r305c/r168c:5d6h,8hJc|/2s3h7h/Qh/2h:-1008,1008(-208.889619)
114:BR,Player:0f:5s9s,2h9c|:50,-50(50.000000)
115:Player,BR:0cr200c/r390r982f:8dJd,3d6h|/2s2dTc:-690,690(-690.000000)
116:BR,Player:0r200c/cc/cc/cr390c:8cTd,ThTc|/KsAhAd/5c/Qd:-690,690(-160.152792)
117:Player,BR:0cr200c/r390r1718f:5c7c,3cTc|/2s3s7h:-690,690(-690.000000)
118:BR,Player:0f:JcAh,3hTd|:50,-50(50.000000)
119:Player,BR:0cc/cr142c/cc/cc:JcKh,2c7c|/2d4h4d/7s/9s:-242,242(-159.550635)
120:BR,Player:0r130c/r2014f:5hKd,7dKs|/3d4s6h:230,-230(230.000000)
121:Player,BR:0cr300c/cr3503f:2cJc,2h8c|/3d6cJs:-400,400(-400.000000)
122:BR,Player:0r300c/r3503f:2c9c,4dJc|/7hQsKs:400,-400(400.000000)
123:Player,BR:0cr600c/r910r2291f:8cKc,3h5d|/2h2d7s:-1610,1610(-1610.000000)
124:BR,Player:0r130c/r2014f:2hQh,5cKc|/4c9sJd:230,-230(230.000000)
125:Player,BR:0cr300c/cr3503f:JcAd,4c8h|/2c4hTh:-400,400(-400.000000)
126:BR,Player:0r130c/r2014c/cc/cc:4hJd,5sAs|/2s5c8s/Jh/9d:2244,-2244(1301.248014)
127:Player,BR:0cc/cr1761f:6d9s,2hQd|/4cKhKd:-100,100(-100.000000)
128:BR,Player:0f:3h7c,2d3s|:50,-50(50.000000)
129:Player,BR:0cc/cr1761f:4hAc,9sQd|/6cThJh:-100,100(-100.000000)
130:BR,Player:0r130c/r2014f:4cAs,8hKc|/7cTdQc:230,-230(230.000000)
131:Player,BR:0cc/cr1761f:4hQh,3cAh|/7sQdKc:-100,100(-100.000000)
132:BR,Player:0cc/r2679f:JhQd,4s9d|/4cQhKc:100,-100(100.000000)
133:Player,BR:0cc/cr876f:TcJs,4dKs|/2d5s7d:-100,100(-100.000000)
134:BR,Player:0r130c/r1001f:3dTs,5s9h|/QhKdAs:230,-230(230.000000)
135:Player,BR:0cr200c/cr1306f:9dKh,8hJd|/3s4cTc:-300,300(-300.000000)
136:BR,Player:0r200c/r2627f:2s9h,4d6d|/ThTdKd:300,-300(300.000000)
137:Player,BR:0cc/cr435f:JdQh,2c4s|/3h9cAc:-100,100(-100.000000)
138:BR,Player:0f:7sQh,3c9h|:50,-50(50.000000)
139:Player,BR:0cr300c/r520r2290c/cc/r5254f:KdAc,2sTc|/7sQcAh/3d/9h:3210,-3210(3210.000000)
140:BR,Player:0r300c/r3503f:2hTh,2dJd|/4c5c7d:400,-400(400.000000)
141:Player,BR:0cc/cr379c/cc/cc:2dAd,6c9s|/6sAsAc/Qs/3d:479,-479(-115.674388)
142:BR,Player:0r200c/r2627f:5s5d,9dQd|/7c8cQs:300,-300(300.000000)
143:Player,BR:0cr300c/cr1741f:6cJc,2s6s|/8s9s9h:-400,400(-400.000000)
144:BR,Player:0r130c/r573f:4s4c,7dJd|/9sKcAs:230,-230(230.000000)
145:Player,BR:0cc/cr876f:8sQh,6sAc|/6cTcJd:-100,100(-100.000000)
146:BR,Player:0r130c/r1001f:2d3h,4cQc|/2s4d5d:230,-230(230.000000)
147:Player,BR:0cc/cr876f:7cTd,5hJd|/6sQdAd:-100,100(-100.000000)
148:BR,Player:0cc/r435f:3s5s,2sKc|/JsQhQd:100,-100(100.000000)
149:Player,BR:0cc/cr379f:2c8s,5hKd|/4h5cAs:-100,100(-100.000000)
150:BR,Player:0r200c/r2627f:4h6h,8hTc|/2h5cKh:300,-300(300.000000)
151:Player,BR:0cc/cr2679f:5c6d,3cAd|/2hQdAs:-100,100(-100.000000)
152:BR,Player:0r200c/r2627f:7s9h,5s9c|/3cQcAs:300,-300(300.000000)
153:Player,BR:0cc/cr216c/cc/r374f:5sKc,9d9c|/4c6hKs/2c/Jc:316,-316(316.000000)
154:BR,Player:0r130c/r1001f:6s9s,3dQc|/4s5cJd:230,-230(230.000000)
155:Player,BR:0cr200c/cr2627f:JcQc,3d5s|/5h7sQs:-300,300(-300.000000)
156:BR,Player:0r200c/r2284f:8h9h,6d8d|/6h9dJc:300,-300(300.000000)
157:Player,BR:0cr200c/cr427c/cc/cc:5d8d,4c7s|/8hTsKd/2s/4h:727,-727(121.033668)
158:BR,Player:0r130c/r1001f:5c7h,5sAd|/ThTcAc:230,-230(230.000000)
159:Player,BR:0cc/cr876f:7cTh,2h9c|/3c4cAh:-100,100(-100.000000)
160:BR,Player:0r130c/r285f:JsJc,8cTc|/2s4sKh:230,-230(230.000000)
161:Player,BR:0cr300c/cr1741f:9cQh,2hTs|/4h5d8s:-400,400(-400.000000)
162:BR,Player:0f:4sQh,3hTd|:50,-50(50.000000)
163:Player,BR:0cc/cr761f:2d3s,4sKs|/QdKcAc:-100,100(-100.000000)
164:BR,Player:0r200c/r1306f:2d5c,8cQs|/JcQdKs:300,-300(300.000000)
165:Player,BR:0cc/cr876f:4dAc,2cJd|/2d4sQd:-100,100(-100.000000)
166:BR,Player:0r130c/r1001f:6sJh,4dJd|/5s5dTc:230,-230(230.000000)
167:Player,BR:0cc/cr379c/cc/r721f:8sJh,6h8d|/3h7d8h/Kh/9h:479,-479(479.000000)
168:BR,Player:0r130c/r2014f:3s9d,6sKd|/6c8cQh:230,-230(230.000000)
169:Player,BR:0cr300c/cr1741f:7h9d,3hTd|/5hJcAd:-400,400(-400.000000)
170:BR,Player:0r130c/r163r987f:7sJh,6d7d|/3dThAs:-393,393(-393.000000)
171:Player,BR:0cr300c/r520r4005r15075f:7dKd,3cKs|/4d6dTs:4925,-4925(4925.000000)
172:BR,Player:0r200c/r1306c/cc/cr3224f:7sJs,KdAs|/6h6cAc/Th/6d:-1606,1606(-1606.000000)
173:Player,BR:0cc/cr379f:2hQs,6sKh|/7dTcKs:-100,100(-100.000000)
174:BR,Player:0r130c/r2014f:3h3d,8sQd|/5c7sTc:230,-230(230.000000)
175:Player,BR:0cr300c/cr141c/cc/cc:QsKc,TdTc|/3dQcAs/Ac/Jc:541,-541(-340.464227)
176:BR,Player:0r200c/r2627f:2sJs,5c7d|/3c5s8d:300,-300(300.000000)
177:Player,BR:0cc/cr876f:8h9c,2d7s|/4d5sTd:-100,100(-100.000000)
178:BR,Player:0r200c/r19700f:TdQc,9dKc|/6sTsTh:300,-300(300.000000)
179:Player,BR:0cr300c/r520r4005f:QsAd,4hQc|/9hKcAh:-920,920(-920.000000)
180:BR,Player:0r200c/r19700f:8dTh,4cJs|/3c8s8h:300,-300(300.000000)
181:Player,BR:0cr200c/cr2627f:QdKc,2c3h|/5cKhAd:-300,300(-300.000000)
182:BR,Player:0r130c/r1001f:4d7s,7cKd|/3sTsQs:230,-230(230.000000)
183:Player,BR:0cc/cr876f:3sQh,ThQd|/4s8c9s:-100,100(-100.000000)
184:BR,Player:0f:5cKh,3h9d|:50,-50(50.000000)
185:Player,BR:0cr300c/cr3503f:8cAs,2h3h|/4d4c9c:-400,400(-400.000000)
186:BR,Player:0r200c/r1306c/cc/cr1544f:2hKs,JsAc|/3d4cJd/7s/8h:-1606,1606(-1606.000000)
187:Player,BR:0cc/cr124c/cc/cc:2sAh,4sQs|/5dQcKd/9d/8c:-224,224(-157.639432)
188:BR,Player:0r130c/r285f:2d9s,3dKh|/6h6d9c:230,-230(230.000000)
189:Player,BR:0cc/cr876f:7c8h,2s3h|/6dJsKd:-100,100(-100.000000)
190:BR,Player:0f:9cAc,2s7h|:50,-50(50.000000)
191:Player,BR:0cr600c/cr996c/cc/cc:7d8d,4sQc|/7sTcAh/Qs/Ad:-1696,1696(-1027.530400)
192:BR,Player:0r130c/r2014f:4cKc,6s9d|/3c5hQd:230,-230(230.000000)
193:Player,BR:0cc/cr876f:2s3c,ThAh|/7d9sJh:-100,100(-100.000000)
194:BR,Player:0r130c/r19770f:2d6d,7cAc|/2s6c9c:230,-230(230.000000)
195:Player,BR:0cc/cr876f:4d8d,4sQs|/7s9cTh:-100,100(-100.000000)
196:BR,Player:0f:4hKd,3cTs|:50,-50(50.000000)
197:Player,BR:0cc/cr876f:2d8c,3c7s|/4d8dTs:-100,100(-100.000000)
198:BR,Player:0cc/r1761f:8dJc,8s9d|/2d3hTd:100,-100(100.000000)
199:Player,BR:0cc/cr435f:2h5d,4c6h|/3s8s9c:-100,100(-100.000000)
200:BR,Player:0r130c/r3522f:8d9c,3hAh|/6d8s8c:230,-230(230.000000)
201:Player,BR:0cc/cr876f:3c6c,5sKd|/7s9dAh:-100,100(-100.000000)
202:BR,Player:0r200c/r1306f:5h9s,5c8h|/4s8cAc:300,-300(300.000000)
203:Player,BR:0cc/cr876f:3s8h,3cKd|/4c6cQs:-100,100(-100.000000)
204:BR,Player:0r130c/r163f:5h8s,4cQs|/5s6hTc:230,-230(230.000000)
205:Player,BR:0cr300c/cr1741f:4d5d,4c6d|/3s9sJs:-400,400(-400.000000)
206:BR,Player:0r200c/r1306f:6sQh,5c8h|/6h9dJc:300,-300(300.000000)
207:Player,BR:0cc/cr435f:4hQd,3dAc|/7hTcKs:-100,100(-100.000000)
208:BR,Player:0r130c/r285c/cr543c/cc:KdAc,7hAh|/2s7s7c/Ks/9s:-1058,1058(-748.754498)
209:Player,BR:0cc/cr19900f:3c8h,3d6d|/7dJdAd:-100,100(-100.000000)
210:BR,Player:0f:JdJc,2s8c|:50,-50(50.000000)
211:Player,BR:0cc/cr876f:4h9d,4c8d|/4d6s7c:-100,100(-100.000000)
212:BR,Player:0cc/r142f:6cJs,5hJh|/9d9cTc:100,-100(100.000000)
213:Player,BR:0cc/cr876f:3dQd,2dTs|/3c4c6d:-100,100(-100.000000)
214:BR,Player:0f:8cJs,2d9s|:50,-50(50.000000)
215:Player,BR:0cc/cr876f:3hQh,6cQs|/2d4s8h:-100,100(-100.000000)
216:BR,Player:0r200c/r2627r12673f:2s6c,6sKs|/3c5s7s:-2927,2927(-2927.000000)
217:Player,BR:0cr200c/cr2627f:6cKc,4s6h|/TdQsQd:-300,300(-300.000000)
218:BR,Player:0f:5dKs,3h8s|:50,-50(50.000000)
219:Player,BR:0cc/cr876f:5s6c,KdAh|/3cTsQd:-100,100(-100.000000)
220:BR,Player:0r130c/r1001f:2d6d,ThJc|/8c9cJs:230,-230(230.000000)
221:Player,BR:0cr200c/cr1306f:TcAs,QsKs|/2s5s5d:-300,300(-300.000000)
222:BR,Player:0r130c/r285r543r2634c/cc/cc:3d7s,JsJc|/2s7cTs/3h/Ac:3692,-3692(3692.000000)
223:Player,BR:0cc/cr124c/cc/r100f:2hTc,3d6d|/2d2c3s/As/8h:224,-224(224.000000)
224:BR,Player:0r130c/r2014f:4hJd,KsAc|/2h5s6c:230,-230(230.000000)
225:Player,BR:0cr200c/cr2627f:3dTh,5dJc|/2c6hKc:-300,300(-300.000000)
226:BR,Player:0r130c/r327f:5c8h,6dKs|/QhAhAd:230,-230(230.000000)
227:Player,BR:0cc/cr100c/cc/cc:9cJd,7sAh|/2d8cQs/Kd/7c:-200,200(-158.696127)
228:BR,Player:0r130c/r2014f:9dAd,5s9c|/5cTsKc:230,-230(230.000000)
229:Player,BR:0cc/cr876f:2s9h,3cAd|/5h6sTh:-100,100(-100.000000)
230:BR,Player:0cc/r876f:4h9s,JhJc|/2s5hQs:100,-100(100.000000)
231:Player,BR:0cc/cr124c/cc/cc:6cKd,3c7c|/2c7dQs/Th/5h:-224,224(-145.027626)
232:BR,Player:0r130c/r1001r3599f:5cJd,QhKh|/7h8hJh:-1231,1231(-1231.000000)
233:Player,BR:0cc/cr379f:5cTc,6hAc|/2d6dQh:-100,100(-100.000000)
234:BR,Player:0cc/r435f:7sTd,5d9s|/2h8cAh:100,-100(100.000000)
235:Player,BR:0cc/cr379f:2s9c,7cQs|/3d4s7d:-100,100(-100.000000)
236:BR,Player:0r130c/r871c/cr279c/cc:5c9h,KsKc|/4h7c9c/8d/8s:-1380,1380(479.988337)
237:Player,BR:0cc/cr876f:6hQc,3cAs|/4sTcKs:-100,100(-100.000000)
238:BR,Player:0r200c/r2627f:4c7c,2cAh|/3c8dQh:300,-300(300.000000)
239:Player,BR:0cc/cr435f:6c8h,7hQs|/JhKsAd:-100,100(-100.000000)
240:BR,Player:0r130c/r327f:3d4d,6hJc|/5s5c7c:230,-230(230.000000)
241:Player,BR:0cc/cr100f:2hQc,JdAs|/4h4c5d:-100,100(-100.000000)
242:BR,Player:0r200c/r2284f:9cTd,5s5h|/9hTsAs:300,-300(300.000000)
243:Player,BR:0cc/cr1761c/cc/cc:5h9d,2c4s|/5s9sAh/Ad/8c:1861,-1861(1861.000000)
244:BR,Player:0r130c/r2014f:3d4d,2h2c|/4hJcAd:230,-230(230.000000)
245:Player,BR:0cr600c/r910r910f:JdKh,6s7h|/3d7sTc:-1610,1610(-1610.000000)
246:BR,Player:0cc/r435f:3d5d,7dAc|/4h9hKh:100,-100(100.000000)
247:Player,BR:0cc/cr3080c/r2970f:5sQs,6cAh|/5dJdQc/8s:3180,-3180(3180.000000)
248:BR,Player:0r130c/r2014f:2d9s,4s8d|/3d6h8h:230,-230(230.000000)
249:Player,BR:0cc/cr435f:2h2c,ThAc|/4s5hKs:-100,100(-100.000000)
250:BR,Player:0r130c/r1001f:6hKh,4dJh|/7s8sJc:230,-230(230.000000)
251:Player,BR:0cr300c/cr569f:5sQh,TcQc|/6h9dKs:-400,400(-400.000000)
252:BR,Player:0r130c/r1751f:4sTs,8s9h|/4cTdAc:230,-230(230.000000)
253:Player,BR:0cr300c/r520r1139f:6c8c,9cJc|/2c7sJh:-920,920(-920.000000)
254:BR,Player:0r130c/r1001c/cr1184c/cr4830c:2c5c,5d6s|/3s7cQc/9c/7s:7245,-7245(824.533449)
255:Player,BR:0cr600c/cr431c/cc/r444c:2dAd,5dQd|/4cQsAs/2h/4s:1575,-1575(725.566152)
256:BR,Player:0f:TsQh,2d7h|:50,-50(50.000000)
257:Player,BR:0cc/cr761f:6c7d,8hAd|/3d7h8c:-100,100(-100.000000)
258:BR,Player:0f:3hKd,4d9c|:50,-50(50.000000)
259:Player,BR:0cc/cr1761f:5hAd,JsAc|/JdQdKc:-100,100(-100.000000)
260:BR,Player:0f:8hTd,2hTc|:50,-50(50.000000)
261:Player,BR:0cr130c/r460r460f:4h8h,6c9h|/4sTsKh:-690,690(-690.000000)
262:BR,Player:0r200c/r1306f:6s9c,4sAd|/8hJsAs:300,-300(300.000000)
263:Player,BR:0cr200c/cr1306r3224r3224c/cc/cc:TsKc,2d3d|/2cTcKd/6s/7h:8054,-8054(-4942.826342)
264:BR,Player:0cc/r876f:7cTc,6hQd|/5d6sKh:100,-100(100.000000)
265:Player,BR:0cc/cr379f:2d4s,3sQs|/4h6hQc:-100,100(-100.000000)
266:BR,Player:0r130c/r1001f:6dTh,4s6s|/2c9cAc:230,-230(230.000000)
267:Player,BR:0cr200c/cr1136f:6sAs,QhKh|/4s8cKd:-300,300(-300.000000)
268:BR,Player:0r200c/r427c/cc/cr1343c:5d9h,AsAh|/8h9sJc/8d/9c:2070,-2070(1555.860343)
269:Player,BR:0cc/cr435c/r305c/cc:6c9c,9hTh|/3c8dQc/7h/6h:-840,840(-838.397565)
270:BR,Player:0cc/r100r260r2003c/cc/cc:KhAd,TcKd|/2c6dTd/2d/7s:-2463,2463(-2463.000000)
271:Player,BR:0cr200c/r390r982f:2h4h,2s2d|/5c6cJc:-690,690(-690.000000)
272:BR,Player:0f:7hQc,2h3s|:50,-50(50.000000)
273:Player,BR:0cc/cr876f:8hJs,TdKs|/5s7s7c:-100,100(-100.000000)
274:BR,Player:0r200c/r2284f:5c6c,5h8s|/5d7c9c:300,-300(300.000000)
275:Player,BR:0cc/cr435c/cc/r305f:7s9d,5hTh|/2s4d9c/2h/4c:535,-535(535.000000)
276:BR,Player:0f:QcAs,4c9h|:50,-50(50.000000)
277:Player,BR:0cc/cr124c/cc/cc:7sAh,8h8c|/2dTsQs/3h/3s:-224,224(-107.340686)
278:BR,Player:0r200c/r1306c/cr1544c/cr4095f:3hAh,7sJc|/4h5d6c/Qd/8d:-3150,3150(-3150.000000)
279:Player,BR:0cc/cr435f:6h9s,5hAs|/4sTcJc:-100,100(-100.000000)
280:BR,Player:0r130c/r2014f:9sTh,8s9c|/7hQcAc:230,-230(230.000000)
281:Player,BR:0cc/cr876f:3s8h,3cKh|/2d4sAh:-100,100(-100.000000)
282:BR,Player:0r200c/r1306f:JdAd,3hKh|/3s6s8c:300,-300(300.000000)
283:Player,BR:0cc/cr876f:4cJd,2dQs|/3s8s8c:-100,100(-100.000000)
284:BR,Player:0r130c/r19770f:6sKd,JsQc|/6h9sKc:230,-230(230.000000)
285:Player,BR:0cr200c/cr747c/cc/r753f:9dKs,6s8h|/7hKhAc/3h/8c:1047,-1047(1047.000000)
286:BR,Player:0r130c/r19770f:9dQh,3d5c|/8s9hQc:230,-230(230.000000)
287:Player,BR:0cr600c/r910r2291c/r1895f:JsAd,8s9d|/6sKcAh/9c:3901,-3901(3901.000000)
288:BR,Player:0r130c/r1001f:TdJc,7h8c|/2c4d4c:230,-230(230.000000)
289:Player,BR:0cr600c/r910r910c/cc/r1344c:QsKh,TdAh|/3c8dQc/Ac/4d:-3864,3864(-2941.164919)
290:BR,Player:0r130c/r498f:KsAc,5dJc|/2h3s3c:230,-230(230.000000)
291:Player,BR:0cc/cr435c/cc/r1075c:5c7d,7hAh|/3c4hQc/8s/9s:-1610,1610(-191.097181)
292:BR,Player:0r130c/cr460r3004c/cc/cr15626f:9cKc,6dQd|/2h4dJd/6h/8d:-3694,3694(-3694.000000)
293:Player,BR:0cc/cr435f:9hJd,2cAh|/7s7hKc:-100,100(-100.000000)
294:BR,Player:0r130c/r1001r2472f:8s9s,5sAh|/KdAdAc:-1231,1231(-1231.000000)
295:Player,BR:0cr300c/cr3503c/r2337f:7s8d,3dAs|/7c8sJh/Kh:3903,-3903(3903.000000)
296:BR,Player:0r200c/r2627f:3s9c,4c6s|/8h9sQh:300,-300(300.000000)
297:Player,BR:0cc/r130r327c/cc/r2203f:3hAd,9cJs|/3d4s4c/5s/2d:557,-557(557.000000)
298:BR,Player:0cc/r435f:4s8s,4c9s|/5dJcAs:100,-100(100.000000)
299:Player,BR:0cc/cr876f:3c6s,3d5s|/2s7cAh:-100,100(-100.000000)
300:BR,Player:0r130c/r498f:8s8h,TsAs|/3d7c9c:230,-230(230.000000)
301:Player,BR:0cr130c/r460r3004f:ThQs,3cTd|/5cJdQd:-690,690(-690.000000)
302:BR,Player:0r200c/r1136r1324r1324r15916c/cc/cc:TsKc,8sAc|/8c9hKs/Js/5h:20000,-20000(10277.577180)
303:Player,BR:0cr600c/r1400r1400c/cc/cc:3h6h,7hAh|/2d5dKh/Qh/4h:-3500,3500(-3500.000000)
304:BR,Player:0r130c/r2014f:5sKc,7sJh|/3c6dQs:230,-230(230.000000)
305:Player,BR:0cc/cr435c/r515f:5hTd,6sKc|/3d9sTc/5s:535,-535(535.000000)
306:BR,Player:0cc/r1532f:AsAc,6h7c|/4h7hQd:100,-100(100.000000)
307:Player,BR:0cr200c/cr1306f:4cKc,9sTd|/5d8h8c:-300,300(-300.000000)
308:BR,Player:0cc/r876f:4d7c,4c9s|/4s5c6d:100,-100(100.000000)
309:Player,BR:0cc/cr876f:7cQd,8cTs|/2s4sAd:-100,100(-100.000000)
310:BR,Player:0f:3d3c,2d9s|:50,-50(50.000000)
311:Player,BR:0cc/cr876f:5sJc,6hKd|/2d7h8s:-100,100(-100.000000)
312:BR,Player:0r200c/r2627c/cr2923c/cr2925c:6cAd,ThJc|/3h8d9d/2h/2c:8775,-8775(5327.349453)
313:Player,BR:0cr300c/cr1741f:4dAd,3h5s|/8s9h9c:-400,400(-400.000000)
314:BR,Player:0f:3d5d,2c4s|:50,-50(50.000000)
315:Player,BR:0cc/cr876f:2hAd,TcQs|/5c6sKh:-100,100(-100.000000)
316:BR,Player:0r130c/r1001r3599f:3h4d,QsQh|/2s4hTs:-1231,1231(-1231.000000)
317:Player,BR:0cr300c/r800r2987f:8sKc,ThJs|/4s7d8h:-1200,1200(-1200.000000)
318:BR,Player:0r130c/r285c/cr543c/cc:7dJd,ThTd|/3c7sQc/8s/5d:-1058,1058(-225.205487)
319:Player,BR:0cc/cr100f:2d7c,3hJd|/3s6sKd:-100,100(-100.000000)
320:BR,Player:0r300c/r283c/cr517c/cc:9cTc,3s3h|/4sQsKd/Jh/6s:1200,-1200(1200.000000)
321:Player,BR:0cr300c/r800r1708f:3hQh,5hJd|/3c8c9s:-1200,1200(-1200.000000)
322:BR,Player:0r130c/r1001f:3cKd,6d7s|/8cJcAs:230,-230(230.000000)
323:Player,BR:0cr300c/cr3503c/r3897f:ThJd,5sJs|/4dQhKs/Qc:3903,-3903(3903.000000)
324:BR,Player:0r130c/r1001f:4hAc,3hAd|/2h9dTs:230,-230(230.000000)
325:Player,BR:0cc/cr124f:3h8c,4s8s|/2s4hKc:-100,100(-100.000000)
326:BR,Player:0r130c/r1001f:3h6s,9hQc|/2dKhKd:230,-230(230.000000)
327:Player,BR:0cc/cr761f:6cTh,QhAc|/5dJcAd:-100,100(-100.000000)
328:BR,Player:0r300c/r569r1791r3928f:3s8c,8d9s|/JhAsAc:2760,-2760(2760.000000)
329:Player,BR:0cc/cr876f:4hTh,2hQs|/5s8s9h:-100,100(-100.000000)
330:BR,Player:0cc/r379f:4dAh,6c7s|/3s8hAs:100,-100(100.000000)
331:Player,BR:0cc/cr761c/cc/r100c:3h5s,JhQs|/4c6cJd/9c/As:-961,961(-393.142052)
332:BR,Player:0r130c/r327c/cr271c/cr1076c:5cAs,6d8c|/7h7cKh/Jc/Kd:1904,-1904(27.851542)
333:Player,BR:0cc/cr876f:3cJc,3dQh|/2h9sKs:-100,100(-100.000000)
334:BR,Player:0f:3h8s,2h7s|:50,-50(50.000000)
335:Player,BR:0cr200c/r390r982f:7s7d,4dQc|/4h6dAc:-690,690(-690.000000)
336:BR,Player:0cc/r142f:6cTd,4h8c|/3cQsAs:100,-100(100.000000)
337:Player,BR:0cr200c/cr1306f:7d9h,4d8d|/5s5d7s:-300,300(-300.000000)
338:BR,Player:0r130c/r2014f:TcJc,3h5s|/4s8h9h:230,-230(230.000000)
339:Player,BR:0cc/cr435f:2d5d,9dAc|/4d5hQc:-100,100(-100.000000)
340:BR,Player:0r130c/r19770c/cc/cc:2h3d,5sAc|/4s5cAs/Jh/Kd:20000,-20000(19312.703819)
341:Player,BR:0cr600c/cr3047f:6h9h,2h4c|/6cTdKs:-700,700(-700.000000)
342:BR,Player:0r130c/r1001f:2h9d,JsQh|/2cQdAd:230,-230(230.000000)
343:Player,BR:0cr200c/cr2627f:3s3h,2cQd|/4cTcJs:-300,300(-300.000000)
344:BR,Player:0r130c/r1001c/cc/cr2472f:3dQs,KdAs|/8hTsKh/8s/Kc:-1231,1231(-1231.000000)
345:Player,BR:0cc/cr1761f:3hJc,4cAs|/2h6sQh:-100,100(-100.000000)
346:BR,Player:0cc/r435f:9sJs,4s7s|/4d6hKd:100,-100(100.000000)
347:Player,BR:0cr200c/r390r6042f:JcQc,2d3c|/3s6hAs:-690,690(-690.000000)
348:BR,Player:0r130c/r1001f:9cQh,6cQc|/7s7cKd:230,-230(230.000000)
349:Player,BR:0cc/cr876f:3cQd,9sAd|/4s5h6s:-100,100(-100.000000)
350:BR,Player:0r130c/r2014f:4sJd,9dTh|/2cQhAs:230,-230(230.000000)
351:Player,BR:0cr300c/cr495f:6c8c,JsQs|/2hQhAc:-400,400(-400.000000)
352:BR,Player:0r130c/r285f:3cJd,6dQh|/5s5hJs:230,-230(230.000000)
353:Player,BR:0cc/cr435c/r305c/r420f:7sJc,4h8s|/3s5hJd/8h/5c:840,-840(840.000000)
354:BR,Player:0r130c/r2014f:TdKc,QhAd|/2c7d8s:230,-230(230.000000)
355:Player,BR:0cr600c/cr16305f:JcAc,8c9h|/5d6c7h:-700,700(-700.000000)
356:BR,Player:0r130c/r871f:9dQd,7dKh|/9sQcKc:230,-230(230.000000)
357:Player,BR:0cc/cr249f:4c9c,3h7s|/ThTcQd:-100,100(-100.000000)
358:BR,Player:0r130c/r2014f:8sJd,8cQs|/6s7c9h:230,-230(230.000000)
359:Player,BR:0cc/cr435f:7cAs,8cKc|/4c6hJh:-100,100(-100.000000)
360:BR,Player:0r130c/r2014f:QcAs,8dTd|/4h6c9s:230,-230(230.000000)
361:Player,BR:0cc/cr435f:3sKh,TcKc|/5hJcAh:-100,100(-100.000000)
362:BR,Player:0cc/r876c/cr2014f:3s5h,8hTs|/4s9dJh/Qc:-976,976(-976.000000)
363:Player,BR:0cc/cr876f:8cQh,5dQs|/3d4d9d:-100,100(-100.000000)
364:BR,Player:0f:5dAh,3d7c|:50,-50(50.000000)
365:Player,BR:0cr300c/cr1741r4299r9165f:QcKh,5d6s|/JsQsKs:-6440,6440(-6440.000000)
366:BR,Player:0r200c/r2627f:ThAd,5c7h|/2c4s9c:300,-300(300.000000)
367:Player,BR:0cr300c/cr3503c/cc/r3897f:AhAd,5c8s|/4hQsQc/2c/4d:3903,-3903(3903.000000)
368:BR,Player:0r130c/r1001c/cr701f:5h6s,8cAc|/7h7cQc/3h:-1231,1231(-1231.000000)
369:Player,BR:0cc/cr3080f:2h7d,8cQh|/5c9cTh:-100,100(-100.000000)
370:BR,Player:0r130c/r327f:2h4s,6c8c|/2dJdJc:230,-230(230.000000)
371:Player,BR:0cc/cr876f:2c6c,4dTc|/9sJcQh:-100,100(-100.000000)
372:BR,Player:0r130c/r4051f:3s7s,8d9d|/2s2dKh:230,-230(230.000000)
373:Player,BR:0cc/cr876f:3d4h,3s6c|/5c8dTd:-100,100(-100.000000)
374:BR,Player:0r200c/r1306f:4h6d,QsKs|/3h3d9s:300,-300(300.000000)
375:Player,BR:0cc/cr435f:4cKs,4hKc|/3c5hAc:-100,100(-100.000000)
376:BR,Player:0r130c/r2014f:TsQh,5c7h|/4s9dJs:230,-230(230.000000)
377:Player,BR:0cr600c/r910r2291f:2s3c,5cKc|/3d9hKd:-1610,1610(-1610.000000)
378:BR,Player:0r130c/r1001f:3dTc,7cKd|/2s3h5c:230,-230(230.000000)
379:Player,BR:0cc/cr435f:5sQc,8sTc|/6hKhAs:-100,100(-100.000000)
380:BR,Player:0r200c/r1306f:3s7c,3d4c|/2s6dKs:300,-300(300.000000)
381:Player,BR:0cr200c/cr1306c/r914f:6hQh,9hKs|/2h3h5s/Td:1606,-1606(1606.000000)
382:BR,Player:0r200c/r140c/cr235c/cr2025f:4s5d,2s8s|/4h8dAs/7c/8h:-675,675(-675.000000)
383:Player,BR:0cc/cr435c/cc/cc:2s4h,5dQd|/2cAhAd/Ks/8d:535,-535(535.000000)
384:BR,Player:0r130c/r1001c/cc/cr2472f:3s3d,8d8c|/5d6h7s/9s/Ah:-1231,1231(-1231.000000)
385:Player,BR:0cr200c/cr1306f:9dKd,KhAh|/4c5s8h:-300,300(-300.000000)
386:BR,Player:0r130c/r498f:2cAd,6cTs|/2d7h7d:230,-230(230.000000)
387:Player,BR:0cc/cr876f:6s8d,3cQs|/4c5cAh:-100,100(-100.000000)
388:BR,Player:0f:6h7h,3h8d|:50,-50(50.000000)
389:Player,BR:0cc/cr761f:2cTs,QcKs|/5dThKd:-100,100(-100.000000)
390:BR,Player:0r130c/r1001f:TdJd,8sJh|/2d3h5s:230,-230(230.000000)
391:Player,BR:0cr200c/cr2627f:8cAs,6dKh|/3d5dQc:-300,300(-300.000000)
392:BR,Player:0r130c/r2014f:8dAh,JhAd|/3h7dTd:230,-230(230.000000)
393:Player,BR:0cc/cr3080f:8hJs,6sKc|/8cQdQc:-100,100(-100.000000)
394:BR,Player:0r130c/r1001f:5c7c,6h7s|/2hQcAc:230,-230(230.000000)
395:Player,BR:0cc/cr435f:2h5d,8hAs|/2dTcQs:-100,100(-100.000000)
396:BR,Player:0r130c/r3522f:JsJh,7sKc|/9dTcKh:230,-230(230.000000)
397:Player,BR:0cc/cr379f:2cJd,4hQs|/3h7sQc:-100,100(-100.000000)
398:BR,Player:0r130c/r871f:6c9d,4hTs|/3h8d9h:230,-230(230.000000)
399:Player,BR:0cc/cr435f:2s4h,3dJd|/5hThKd:-100,100(-100.000000)
400:BR,Player:0r130c/r285c/cc/cc:6h7c,3s3h|/2h7sKc/8c/Ac:515,-515(-150.170677)
401:Player,BR:0cc/cr435f:3dJd,6hJs|/8sTcQc:-100,100(-100.000000)
402:BR,Player:0cc/r1761f:ThAc,5hTd|/4hQsKs:100,-100(100.000000)
403:Player,BR:0cr600c/cr1515f:JsAh,6h8d|/4h4d8s:-700,700(-700.000000)
404:BR,Player:0r130c/r1001f:5c9h,4dJc|/2s2h4s:230,-230(230.000000)
405:Player,BR:0cc/cr876f:9hJs,3sAc|/4c7sQd:-100,100(-100.000000)
406:BR,Player:0r130c/cr460r6042f:8sAc,7cAh|/4c7dJd:690,-690(690.000000)
407:Player,BR:0cc/cr435f:3hJc,8cQc|/2c4h4c:-100,100(-100.000000)
408:BR,Player:0cc/r1761f:3s5s,4s9h|/8h8dQh:100,-100(100.000000)
409:Player,BR:0cc/cr379f:8cKh,6cTh|/5h9sTs:-100,100(-100.000000)
410:BR,Player:0r200c/r2284c/cc/cc:3d4d,7s9s|/3s7dKd/Td/Qs:2584,-2584(2584.000000)
411:Player,BR:0cr300c/cr1741f:JdAs,6hQd|/2h3s9s:-400,400(-400.000000)
412:BR,Player:0r130c/r3522f:4s7s,5cQh|/5h6sKs:230,-230(230.000000)
413:Player,BR:0cc/cr100f:4d9s,3d3c|/2h7sTd:-100,100(-100.000000)
414:BR,Player:0cc/cr200r2627f:QdKs,5c6s|/2c3hJc:300,-300(300.000000)
415:Player,BR:0cc/cr876f:3c9d,3sKd|/2d7sTh:-100,100(-100.000000)
416:BR,Player:0r200c/r2627f:5s6d,2sAc|/9cTsAs:300,-300(300.000000)
417:Player,BR:0cc/cr3080f:3d5s,6h8c|/TsJhQs:-100,100(-100.000000)
418:BR,Player:0f:5d9d,2dTs|:50,-50(50.000000)
419:Player,BR:0cr300c/cr1741f:5dQh,3s4h|/TcQdKh:-400,400(-400.000000)
420:BR,Player:0r130c/r2014f:6c7h,3dKs|/4d8dKd:230,-230(230.000000)
421:Player,BR:0cc/cr1761f:6hQd,5s7c|/6s8hKc:-100,100(-100.000000)
422:BR,Player:0r130c/r1001c/cc/cr2472f:4c9c,5d6d|/7d8dTh/2h/3s:-1231,1231(-1231.000000)
423:Player,BR:0cc/cr379f:5dTd,JcKh|/3h4sKd:-100,100(-100.000000)
424:BR,Player:0cc/r435f:4dKh,2d5d|/3s8cQd:100,-100(100.000000)
425:Player,BR:0cr200c/cr1306f:3hAh,7sKc|/7d8d9c:-300,300(-300.000000)
426:BR,Player:0r130c/r327c/cc/cr478f:4hTs,9cJh|/2d9sQc/7s/3d:-557,557(-557.000000)
427:Player,BR:0cc/cr435f:7cQd,3sKh|/2s9sJd:-100,100(-100.000000)
428:BR,Player:0f:7dQd,3d8h|:50,-50(50.000000)
429:Player,BR:0cc/cr3080f:5cJs,5d9h|/8sThJc:-100,100(-100.000000)
430:BR,Player:0f:9hKh,2h3c|:50,-50(50.000000)
431:Player,BR:0cc/cr435f:7dQs,8sQd|/3s6sKs:-100,100(-100.000000)
432:BR,Player:0f:5c8s,2c4d|:50,-50(50.000000)
433:Player,BR:0cr1200c/cr5660f:JsKd,4dKc|/2h3s8s:-1300,1300(-1300.000000)
434:BR,Player:0r130c/r871f:4sTd,3cAs|/2h8cTh:230,-230(230.000000)
435:Player,BR:0cr300c/cr1514f:6c8c,QcAh|/KhKcAd:-400,400(-400.000000)
436:BR,Player:0r200c/r2627f:4sJs,7hAc|/5s9hQc:300,-300(300.000000)
437:Player,BR:0cc/cr435c/cc/r1075f:5hJd,7s8h|/3h6hJc/3d/9s:535,-535(535.000000)
438:BR,Player:0r130c/r1001f:3cQs,9sQd|/6s7dAc:230,-230(230.000000)
439:Player,BR:0cr300c/cr1741c/cc/r1219c:9h9c,7cQd|/5dThTd/8s/Qh:-3360,3360(-2176.095979)
440:BR,Player:0r130c/r2014f:2dQh,JsJc|/3s9hKd:230,-230(230.000000)
441:Player,BR:0cr200c/cr2627f:4h7h,9cJs|/2d3c5c:-300,300(-300.000000)
442:BR,Player:0r130c/r2014f:8h9h,9dJh|/6dAsAh:230,-230(230.000000)
443:Player,BR:0cc/cr435f:6dAc,2d3s|/3h8hAh:-100,100(-100.000000)
444:BR,Player:0cc/r435c/cc/cr1075c:3hJs,7c8d|/2d5h9c/Kc/5s:1610,-1610(685.298606)
445:Player,BR:0cc/cr876c/r584f:7dKh,4cTs|/7s8sKc/5c:976,-976(976.000000)
446:BR,Player:0r130c/r573r1313f:2d3d,8h8d|/8cTdQs:-803,803(-803.000000)
447:Player,BR:0cr200c/cr1306r3224r6874f:2h4h,2sKc|/2c6sTh:-4830,4830(-4830.000000)
448:BR,Player:0cc/r435r1565r1565r16335f:2hJc,6sKs|/2s5s9s:-3665,3665(-3665.000000)
449:Player,BR:0cr300c/cr1741f:6d8d,QsAh|/5s6cTs:-400,400(-400.000000)
450:BR,Player:0f:5dQd,3dTh|:50,-50(50.000000)
451:Player,BR:0cc/cr3080f:5dKh,6sTs|/5s8hKc:-100,100(-100.000000)
452:BR,Player:0r130c/r871f:KhKc,4h6s|/3hTsTc:230,-230(230.000000)
453:Player,BR:0cc/cr876f:2c3d,5c9h|/5d6cAd:-100,100(-100.000000)
454:BR,Player:0r200c/r1136f:3dTc,4c7s|/2c8sTd:300,-300(300.000000)
455:Player,BR:0cc/cr876f:7hQs,5hJh|/8dThQd:-100,100(-100.000000)
456:BR,Player:0r200c/cr390r6042f:4h8s,6h8d|/TcJdKs:690,-690(690.000000)
457:Player,BR:0cr600c/cr3047f:TsAc,TdAs|/8dJsJd:-700,700(-700.000000)
458:BR,Player:0r130c/r1001f:5d8h,5hQd|/7dThKd:230,-230(230.000000)
459:Player,BR:0cr300c/cr569f:9hKh,5hTs|/5c8d8c:-400,400(-400.000000)
460:BR,Player:0r130c/r871f:6sKs,5d5c|/8cQcKd:230,-230(230.000000)
461:Player,BR:0cr300c/r800r1708c/cc/cc:5cQc,2d3s|/5hQsAs/8s/8d:2908,-2908(2908.000000)
462:BR,Player:0r300c/r1514f:9cTd,5hKd|/2c8d9h:400,-400(400.000000)
463:Player,BR:0cr300c/cr16295r3305c/cc/cc:8c9d,KhAd|/TsJsQc/7c/Qh:-20000,20000(-9895.813938)
464:BR,Player:0r130c/r1001f:4s8d,ThKc|/5dAhAd:230,-230(230.000000)
465:Player,BR:0cc/cr876f:4d9d,7h9s|/2d5c6h:-100,100(-100.000000)
466:BR,Player:0f:9dKd,3s7c|:50,-50(50.000000)
467:Player,BR:0cr600c/cr19300f:9hTs,QcAc|/5hQdAd:-700,700(-700.000000)
468:BR,Player:0r130c/r2014f:7dQd,5h8h|/3c4cTh:230,-230(230.000000)
469:Player,BR:0cc/cr19900f:3d9s,JcAh|/2cJdAc:-100,100(-100.000000)
470:BR,Player:0r130c/r498r859c/cc/cr2063f:4sJc,6hJh|/7s7hJd/9h/Th:-1587,1587(-1587.000000)
471:Player,BR:0cr600c/cr3047f:4h5d,2cAh|/8dKhKd:-700,700(-700.000000)
472:BR,Player:0r130c/r1001c/cc/cc:5hTc,9cQc|/4cQsKc/6s/3s:-1231,1231(-1231.000000)
473:Player,BR:0cr300c/cr283c/cc/r1157f:JcQh,4s6s|/ThAsAh/8c/2d:683,-683(683.000000)
474:BR,Player:0r130c/r285c/cr175c/cc:9h9d,8dQs|/7s7hTs/2h/Kd:690,-690(101.031309)
475:Player,BR:0cc/cr1761f:3cJs,3hJh|/4h7cTd:-100,100(-100.000000)
476:BR,Player:0r300c/r3503f:4cJs,6h7s|/6d8sQs:400,-400(400.000000)
477:Player,BR:0cc/cr379r441r441f:2h4d,5d8h|/4c5hAs:-920,920(-920.000000)
478:BR,Player:0r130c/r327f:4cKc,5cJs|/6s6d7s:230,-230(230.000000)
479:Player,BR:0cr130c/cr2014c/cc/r4633f:4cAc,8hQh|/2hJcKc/2s/3d:2244,-2244(2244.000000)
480:BR,Player:0r130c/r2014f:3dQc,8s9d|/6c8dJs:230,-230(230.000000)
481:Player,BR:0cc/cr216f:3d9s,QsQh|/6h8cAc:-100,100(-100.000000)
482:BR,Player:0r130c/r163r987r987c/cc/cc:7cJd,2cAc|/2dTsAh/5d/5c:-2367,2367(-2367.000000)
483:Player,BR:0cr300c/r520r520c/r768f:6dQd,7hKd|/3d8dQc/5s:1440,-1440(1440.000000)
484:BR,Player:0r200c/r2627f:4h8s,8dKh|/7s9dTd:300,-300(300.000000)
485:Player,BR:0cc/cr1761f:8dKc,3h8h|/4sKsKd:-100,100(-100.000000)
486:BR,Player:0r130c/r1001f:JdQd,TdAh|/2c4h5h:230,-230(230.000000)
487:Player,BR:0cc/r130r7085f:8sQh,3hTd|/2d8dKh:-230,230(-230.000000)
488:BR,Player:0r130c/r2014f:4c7h,8dQs|/6sQcAc:230,-230(230.000000)
489:Player,BR:0cc/cr124c/cc/cc:3dAs,5sTd|/8dThKc/Tc/6h:-224,224(-206.822121)
490:BR,Player:0r130c/r4051f:5d6c,2h3h|/9cTsKh:230,-230(230.000000)
491:Player,BR:0cr300c/r800r9137f:6hTh,7dJs|/2h4sJc:-1200,1200(-1200.000000)
492:BR,Player:0r200c/r1306f:8cJs,7sTs|/5c6cAc:300,-300(300.000000)
493:Player,BR:0cc/cr142c/r208c/cc:2s9c,JsKh|/5s5c9d/9h/4s:450,-450(60.100615)
494:BR,Player:0r200c/r371c/cc/cc:2h5c,4s4d|/2s3c9d/7s/Jh:-671,671(50.479138)
495:Player,BR:0cr200c/r600r1281c/r1059c/cc:QsAc,2sKc|/4c6cAd/2d/2c:-3240,3240(-331.436354)
496:BR,Player:0cc/cc/cc/cc:6cJs,4h9s|/8hQhAc/5c/4c:-100,100(-97.970487)
497:Player,BR:0cr200c/cr2627f:3s5s,9s9c|/6s8cTs:-300,300(-300.000000)
498:BR,Player:0f:6cQd,2d3h|:50,-50(50.000000)
499:Player,BR:0cc/cr876f:2cQd,8hQs|/3hAsAc:-100,100(-100.000000)
500:BR,Player:0r200c/r371c/cr100c/cr885f:JcKh,2hQd|/9dJdQh/5c/6h:-771,771(-771.000000)
501:Player,BR:0cr200c/cr5284f:JdAh,5hAd|/4cQcKh:-300,300(-300.000000)
502:BR,Player:0cc/r435f:5dKd,2dJs|/3d6cAs:100,-100(100.000000)
503:Player,BR:0cc/cr876f:4s8d,5s6s|/3h7sJh:-100,100(-100.000000)
504:BR,Player:0f:3d9d,2h4c|:50,-50(50.000000)
505:Player,BR:0cc/cr876f:8dTh,6cTc|/TsQhKd:-100,100(-100.000000)
506:BR,Player:0cc/r435f:6c8d,5dTh|/5c7sKs:100,-100(100.000000)
507:Player,BR:0cr300c/cr3503f:6hKh,2s9h|/5s5d8h:-400,400(-400.000000)
508:BR,Player:0r130c/r327f:7s8c,TsKs|/2c4d9d:230,-230(230.000000)
509:Player,BR:0cc/cr761r761r2007c/cc/cc:2c5h,7h7c|/2s3c6h/Qd/Jc:-3629,3629(-1559.887016)
510:BR,Player:0r130c/r1751c/cr434c/cc:5s9s,TsJs|/5h9dJd/3h/4s:2415,-2415(2414.426397)
511:Player,BR:0cc/cr435f:9hQc,5d6h|/2h2dAd:-100,100(-100.000000)
512:BR,Player:0cc/r216f:7sJc,9sTc|/4h7cKh:100,-100(100.000000)
513:Player,BR:0cc/cr379c/cc/cc:8hTd,7hJh|/5c8cJc/Tc/Kd:479,-479(351.213319)
514:BR,Player:0r130c/r2014r4633r4633f:JcKh,2cTc|/7dTdAs:6877,-6877(6877.000000)
515:Player,BR:0cc/cr379c/cc/cc:4cQs,6s6c|/2c4dTh/Ah/9c:-479,479(-284.333488)
516:BR,Player:0f:2h9h,3c7h|:50,-50(50.000000)
517:Player,BR:0cr300c/cr3503f:7h8s,2hAd|/3h7sKh:-400,400(-400.000000)
518:BR,Player:0r130c/r2014f:5sKd,9cJs|/2h2dJh:230,-230(230.000000)
519:Player,BR:0cc/cr142f:5sTc,3c7d|/9d9cJh:-100,100(-100.000000)
520:BR,Player:0f:3dQc,3h9c|:50,-50(50.000000)
521:Player,BR:0cc/cr435c/r515f:6hAd,JhAs|/3s4c5h/8s:535,-535(535.000000)
522:BR,Player:0r130c/r2014c/cr2241f:4sJh,KhKd|/4h9cTc/3c:-2244,2244(-2244.000000)
523:Player,BR:0cc/cr379c/r121c/r120c:2dQs,8sKh|/KcAsAc/2c/7d:-720,720(-460.961155)
524:BR,Player:0f:2sAh,2h3c|:50,-50(50.000000)
525:Player,BR:0cc/cr435c/r305c/cc:4hKs,9sAd|/2s4c5s/Td/3h:-840,840(-557.243663)
526:BR,Player:0f:4s8d,3s6h|:50,-50(50.000000)
527:Player,BR:0cr200c/r600r3407f:7d8h,3hKd|/2s5hAc:-900,900(-900.000000)
528:BR,Player:0r200c/r2627f:5c6s,4s4d|/3hJhKc:300,-300(300.000000)
529:Player,BR:0cr300c/cr3503f:9dTd,6dTh|/2s4sAs:-400,400(-400.000000)
530:BR,Player:0r200c/r1306f:2c8d,4cJs|/8sTcKd:300,-300(300.000000)
531:Player,BR:0cr200c/r390r1718f:9dJc,4d9h|/8cThJd:-690,690(-690.000000)
532:BR,Player:0cc/r435f:JdAh,5sJs|/2d4cKc:100,-100(100.000000)
533:Player,BR:0cc/cr876f:2c5d,6sTs|/8d9s9h:-100,100(-100.000000)
534:BR,Player:0f:8h9s,2s7d|:50,-50(50.000000)
535:Player,BR:0cr300c/r520r2290f:9cKs,5dTd|/6hQhKd:-920,920(-920.000000)
536:BR,Player:0r200c/r1306f:QsAc,JdAs|/4s7dTd:300,-300(300.000000)
537:Player,BR:0cr200c/cr2627f:2h5s,2s9h|/6dTsAs:-300,300(-300.000000)
538:BR,Player:0r200c/r1306c/cr1544f:4hJs,6s8d|/2d7h9h/7d:-1606,1606(-1606.000000)
539:Player,BR:0cc/cr379c/r121c/r300f:9dTh,8cKs|/3s8h9s/6d/Ts:600,-600(600.000000)
540:BR,Player:0f:7cKs,2c7d|:50,-50(50.000000)
541:Player,BR:0cc/cr876f:3hJd,2sAh|/8hJhKc:-100,100(-100.000000)
542:BR,Player:0r130c/r1001c/cc/cc:TdJd,3c6c|/2cJcAc/Ad/Tc:-1231,1231(-1084.577438)
543:Player,BR:0cc/cr435f:5hTs,2sAc|/6h7c8s:-100,100(-100.000000)
544:BR,Player:0r130c/cc/cr460c/cr1380c:4s4h,5c6h|/6sJdQc/5s/Kd:-2070,2070(-430.722176)
545:Player,BR:0cr200c/cr2627f:ThTc,2h7h|/2d9sJc:-300,300(-300.000000)
546:BR,Player:0r130c/r285r543c/cc/cc:7d9h,KdAc|/2h9cTd/2s/3h:1058,-1058(1058.000000)
547:Player,BR:0cr300c/cr3503c/r2337c/r3120c:QsAc,2d3h|/3s8dQd/4s/3d:-9360,9360(-8243.289689)
548:BR,Player:0r200c/r1306f:JsKh,6sJh|/3d7d9s:300,-300(300.000000)
549:Player,BR:0cc/cr876f:3dJs,3s6d|/2dJcAs:-100,100(-100.000000)
550:BR,Player:0r200c/r19700f:2s6s,9dAd|/2c6h7d:300,-300(300.000000)
551:Player,BR:0cr200c/r600r1114c/r686c/r1350c:6c8c,2hKs|/5s7dKh/Kd/Kc:-4050,4050(-4050.000000)
552:BR,Player:0f:2dJc,2c7s|:50,-50(50.000000)
553:Player,BR:0cc/cr876c/r584c/cc:7sTh,3s7c|/3d4hTc/2s/Kd:1560,-1560(526.587332)
554:BR,Player:0r200c/cc/cc/cr390c:7sJd,8s8d|/2sTdKh/Kd/9s:-690,690(-296.447848)
555:Player,BR:0cr300c/cr1741f:7h8h,3hQd|/JdKsAc:-400,400(-400.000000)
556:BR,Player:0r130c/r871r2579r2579f:9hKh,QsAh|/4cQcKd:3680,-3680(3680.000000)
557:Player,BR:0cc/cr124c/cc/r376c:2cTh,8sJc|/8hQsAh/6s/9c:-600,600(-336.185343)
558:BR,Player:0r130c/r142c/cc/cr421c:8h8d,QsQh|/2cJdKs/5c/3h:-793,793(-53.586065)
559:Player,BR:0cr300c/cr3503f:5hTc,ThQd|/3sKdAd:-400,400(-400.000000)
560:BR,Player:0cc/r876f:3c4c,2d4d|/9cTsQh:100,-100(100.000000)
561:Player,BR:0cc/cr249f:6hTc,4cQh|/9sJdAh:-100,100(-100.000000)
562:BR,Player:0r200c/r1136c/cc/cr1324f:JsJc,AsAd|/3h4s9c/2c/Ac:-1436,1436(-1436.000000)
563:Player,BR:0cc/cr379f:2dQs,6cAc|/3sJhAh:-100,100(-100.000000)
564:BR,Player:0r130c/r1001f:2d3h,3c5s|/TdQdAh:230,-230(230.000000)
565:Player,BR:0cr300c/r520r4005f:8dJc,7cKs|/2c4d9d:-920,920(-920.000000)
566:BR,Player:0f:6d7c,2c8s|:50,-50(50.000000)
567:Player,BR:0cc/cr876f:ThKs,7hJc|/3s9hKh:-100,100(-100.000000)
568:BR,Player:0cc/r876f:3h8c,2cQs|/6d7dTh:100,-100(100.000000)
569:Player,BR:0cr300c/cr3503f:9dAc,4h6c|/4d9sTh:-400,400(-400.000000)
570:BR,Player:0f:TsKs,2h5c|:50,-50(50.000000)
571:Player,BR:0cr200c/cr140c/cc/r235f:TdKd,4cQc|/4s8sAh/Tc/5s:440,-440(440.000000)
572:BR,Player:0r130c/r163c/cr665c/cc:3dQc,9cTh|/3c7sKd/5h/Jh:1058,-1058(-644.723919)
573:Player,BR:0cr600c/cr3047f:4c7d,JdAh|/4h5d9h:-700,700(-700.000000)
574:BR,Player:0r130c/r2014f:4cTd,6d6c|/8dTsAd:230,-230(230.000000)
575:Player,BR:0cr130c/r299c/cc/r105c:5sAs,QhQd|/5cJcAc/Js/7h:634,-634(395.632484)
576:BR,Player:0r130c/r2014c/cr4633c/cr8940f:TsJd,AsAd|/7hJsAh/4d/6s:-6877,6877(-6877.000000)
577:Player,BR:0cr600c/cr3047f:4s6s,KhAh|/3c5cTs:-700,700(-700.000000)
578:BR,Player:0r200c/r2627f:3d7c,4c7s|/6d9cAd:300,-300(300.000000)
579:Player,BR:0cr300c/cr3503f:7d8d,KhAc|/7s9dTs:-400,400(-400.000000)
580:BR,Player:0r200c/r2627f:3s6c,5d9s|/TdKsAh:300,-300(300.000000)
581:Player,BR:0cc/cr876c/cc/r974c:6dKs,7c9s|/2s4sJs/8c/8s:1950,-1950(431.712183)
582:BR,Player:0cc/cc/cr200f:4cTs,6c7d|/3h9hAd/5c:-100,100(-100.000000)
583:Player,BR:0cc/cr435f:6h8d,3s5c|/9h9dAd:-100,100(-100.000000)
584:BR,Player:0r130c/r871f:6dTc,3sAs|/5h8dTh:230,-230(230.000000)
585:Player,BR:0cr300c/r520r1139c/cc/cc:6s6c,7dQd|/2d3c7c/4d/Kh:-2059,2059(-1997.227292)
586:BR,Player:0r130c/r1001f:6sAd,8sKh|/4d5s9d:230,-230(230.000000)
587:Player,BR:0cc/cr435f:3s7s,2d3h|/4c7cKd:-100,100(-100.000000)
588:BR,Player:0cc/cc/cc/cr130c:7dKh,5d6c|/2c5hTs/7h/7c:230,-230(223.867888)
589:Player,BR:0cc/cr876f:2sQc,2dAs|/6s8h8c:-100,100(-100.000000)
590:BR,Player:0r130c/r1001c/cr1184f:6h8s,TsQs|/9sThTc/Td:-1231,1231(-1231.000000)
591:Player,BR:0cr200c/cr1306f:KcAs,7hAc|/5s6s9c:-300,300(-300.000000)
592:BR,Player:0r130c/r1751f:2hAh,5d7s|/2s4dAs:230,-230(230.000000)
593:Player,BR:0cr300c/r520r520c/r768f:QcKh,7sJh|/2d9cKs/Ah:1440,-1440(1440.000000)
594:BR,Player:0r200c/r2627f:5dKs,9hAd|/3dJsQh:300,-300(300.000000)
595:Player,BR:0cc/cr379f:9sKc,5cQd|/4c6hQc:-100,100(-100.000000)
596:BR,Player:0cc/r124c/cr100c/cc:3hQc,2hKs|/8hQsAd/Qh/7c:324,-324(324.000000)
597:Player,BR:0cr600c/cr3047c/r3603f:3d5d,TcAh|/2d9sJd/9d:3747,-3747(3747.000000)
598:BR,Player:0cc/r124c/cr236c/cr1380f:5hKc,6cAd|/5d9dAs/Ah/8h:-460,460(-460.000000)
599:Player,BR:0cc/cr124f:3hTs,6d9d|/4d9sJc:-100,100(-100.000000)
600:BR,Player:0r130c/r1001f:8hTc,7sQs|/3h6sKc:230,-230(230.000000)
601:Player,BR:0cc/cr3080f:3dTh,4h7c|/TsAhAc:-100,100(-100.000000)
602:BR,Player:0cc/r100c/cc/cc:6h6d,2cKc|/ThQhQc/7s/2h:200,-200(165.108477)
603:Player,BR:0cc/cr876f:2hAs,JsQc|/5s6s6c:-100,100(-100.000000)
604:BR,Player:0r130c/r1001f:3h5c,8cTc|/6s6h6c:230,-230(230.000000)
605:Player,BR:0cr300c/r800r800r3520f:9cTs,4sQh|/2c5cJs:2000,-2000(2000.000000)
606:BR,Player:0r130c/r2014f:2s7d,7hQh|/4cTsKs:230,-230(230.000000)
607:Player,BR:0cc/cr124f:6hJc,9s9c|/2c8hTh:-100,100(-100.000000)
608:BR,Player:0r130c/r1001f:8dQh,9sJd|/2h6sAc:230,-230(230.000000)
609:Player,BR:0cc/cr435f:7c8s,2cQc|/4d7hAd:-100,100(-100.000000)
610:BR,Player:0f:9sJd,2d9h|:50,-50(50.000000)
611:Player,BR:0cc/cr876c/r584f:3d8d,5sTh|/7d8sJh/Td:976,-976(976.000000)
612:BR,Player:0f:7cAd,2h7d|:50,-50(50.000000)
613:Player,BR:0cr300c/cr3503f:5d5c,7cQs|/JhJcAc:-400,400(-400.000000)
614:BR,Player:0r300c/r1741r4299f:8dAc,4hQc|/4d4c7c:-2141,2141(-2141.000000)
615:Player,BR:0cr200c/cr2627f:9dAc,5sTc|/3s5c9s:-300,300(-300.000000)
616:BR,Player:0r130c/r1001c/cc/cr2472f:TcQc,8c9s|/5s7c8d/6d/4h:-1231,1231(-1231.000000)
617:Player,BR:0cr600c/cr3047f:7s7c,5h9d|/8sJsAc:-700,700(-700.000000)
618:BR,Player:0cc/r876f:5s6d,TsAc|/9hKhKc:100,-100(100.000000)
619:Player,BR:0cc/cr876c/r974c/r390c:7d8h,4s6c|/6d7c8c/5c/Jc:-2340,2340(-241.913680)
620:BR,Player:0cc/r876f:JcKs,5c7s|/6h7h9h:100,-100(100.000000)
621:Player,BR:0cr200c/cr1306f:7cKh,2s8c|/4dQhAs:-300,300(-300.000000)
622:BR,Player:0r130c/r2014c/cr1344f:5d6s,4sQc|/2cKcAc/Jd:-2244,2244(-2244.000000)
623:Player,BR:0cr300c/cr3503f:3c5d,7d8d|/6s6hQh:-400,400(-400.000000)
624:BR,Player:0r200c/r1306f:9dQc,2hAh|/QdKcAc:300,-300(300.000000)
625:Player,BR:0cc/cr876f:2hAd,3cQc|/5c6s9d:-100,100(-100.000000)
626:BR,Player:0r200c/r427f:3s7s,3dTd|/4s4c6c:300,-300(300.000000)
627:Player,BR:0cc/cr1761f:2h8c,3d5h|/5s7sQh:-100,100(-100.000000)
628:BR,Player:0r200c/r2627f:4cAh,9cQh|/5cTcQs:300,-300(300.000000)
629:Player,BR:0cc/cr435c/r515f:9dQs,6d8c|/2s7cQc/3h:535,-535(535.000000)
630:BR,Player:0f:TdTc,3h9d|:50,-50(50.000000)
631:Player,BR:0cr200c/r390r982r3089r3089f:6s9s,4h8c|/8hJhJd:-4761,4761(-4761.000000)
632:BR,Player:0r200c/r2627f:4c8c,9dQh|/6h7c9h:300,-300(300.000000)
633:Player,BR:0cc/cr142f:4h8h,4cKs|/3s3cAc:-100,100(-100.000000)
634:BR,Player:0r130c/r285c/cc/cr543c:9sQh,2cQc|/4d5dQd/3c/9h:1058,-1058(1043.076462)
635:Player,BR:0cc/cr1761f:5hTs,2h2c|/4d6hQc:-100,100(-100.000000)
636:BR,Player:0r130c/r1001f:6d7s,3dAd|/7d8c9h:230,-230(230.000000)
637:Player,BR:0cc/cr1761f:4s9d,6h7s|/3sKcAc:-100,100(-100.000000)
638:BR,Player:0r130c/r871c/cr279c/cr1794f:6cTc,KhKd|/2s7cTs/5d/9d:-1380,1380(-1380.000000)
639:Player,BR:0cc/cr876f:2c9d,6d9c|/3h4h8h:-100,100(-100.000000)
640:BR,Player:0f:JhQh,2c3d|:50,-50(50.000000)
641:Player,BR:0cr200c/cr1306f:5h9s,8cJh|/4c9cAh:-300,300(-300.000000)
642:BR,Player:0cc/r435f:2dJs,5dAs|/4s5hTd:100,-100(100.000000)
643:Player,BR:0cc/cr379c/cc/cc:2dQc,5sJh|/4h5hQh/Kd/As:479,-479(365.082609)
644:BR,Player:0f:JhQh,3h8c|:50,-50(50.000000)
645:Player,BR:0cr600c/cr3047f:QdAs,TdKc|/8h8cJd:-700,700(-700.000000)
646:BR,Player:0r130c/r1001f:4h7s,2s3s|/4c6cAc:230,-230(230.000000)
647:Player,BR:0cr300c/cr1741c/r4299f:TsJs,3c7d|/7sKsAs/Jc:2141,-2141(2141.000000)
648:BR,Player:0r130c/r1001f:6c8d,9dAc|/2h4cKd:230,-230(230.000000)
649:Player,BR:0cr300c/cr16295f:QdKh,6s9s|/7s8sKs:-400,400(-400.000000)
650:BR,Player:0r130c/r2014f:4dTc,KcAh|/8d9sAd:230,-230(230.000000)
651:Player,BR:0cr200c/r600r600c/r660f:9sKc,2d7c|/9dJhKs/6c:1500,-1500(1500.000000)
652:BR,Player:0cc/r435f:ThKh,3hJs|/3d5c8h:100,-100(100.000000)
653:Player,BR:0cr200c/r390r982f:8sJd,2s9s|/5d7dKh:-690,690(-690.000000)
654:BR,Player:0f:QdQc,2d4h|:50,-50(50.000000)
655:Player,BR:0cc/cr876f:9cKs,2h9d|/7dQhQd:-100,100(-100.000000)
656:BR,Player:0r130c/r19770f:KsKc,6sQc|/5cTsKh:230,-230(230.000000)
657:Player,BR:0cc/cr379f:3s9c,3hQd|/8cJsQh:-100,100(-100.000000)
658:BR,Player:0r200c/r1306f:3hAd,6hAc|/3d8hTs:300,-300(300.000000)
659:Player,BR:0cr200c/cr19700f:7h9h,9sTh|/2d9cTd:-300,300(-300.000000)
660:BR,Player:0r130c/r1001f:5c7c,3hJd|/4h9hQc:230,-230(230.000000)
661:Player,BR:0cc/cr435f:4cKh,TdJc|/3h5s8s:-100,100(-100.000000)
662:BR,Player:0r130c/r1001f:5h8c,ThQc|/TdJdJc:230,-230(230.000000)
663:Player,BR:0cr300c/cr3503f:8d9s,2d9c|/5d8cJh:-400,400(-400.000000)
664:BR,Player:0r130c/r2014f:3sJh,9cTd|/6d7cQc:230,-230(230.000000)
665:Player,BR:0cr130c/cr2014c/r2241c/r13455c:5dAh,4sAc|/7sTsJs/Ks/Jc:-17940,17940(-16332.439456)
666:BR,Player:0f:3c7d,2h9c|:50,-50(50.000000)
667:Player,BR:0cc/cr435f:2dKh,2hJh|/5s8s9s:-100,100(-100.000000)
668:BR,Player:0r130c/r327f:9dKs,5dQd|/4c6c7c:230,-230(230.000000)
669:Player,BR:0cc/cr876c/cc/r584f:4cAs,7hJc|/4s7c9h/4h/9d:976,-976(976.000000)
670:BR,Player:0r130c/r2014f:2h4d,4cKc|/6dJsKs:230,-230(230.000000)
671:Player,BR:0cc/cr876c/cc/r584f:8hJs,4dAh|/2c3h8s/Qc/Kh:976,-976(976.000000)
672:BR,Player:0cc/r435f:2s3h,4h8c|/JsJhKh:100,-100(100.000000)
673:Player,BR:0cc/cr1761f:2dTs,5s5h|/7sTdJc:-100,100(-100.000000)
674:BR,Player:0r200c/r747c/cr753f:3h9d,5s6d|/5h5cKh/2d:-1047,1047(-1047.000000)
675:Player,BR:0cr300c/r520r4005f:4h8h,4cKd|/2dJcAh:-920,920(-920.000000)
676:BR,Player:0r200c/r1306f:2dAs,4hQh|/TcQsKc:300,-300(300.000000)
677:Player,BR:0cc/cr3080f:4hJs,8cAh|/4d9dQs:-100,100(-100.000000)
678:BR,Player:0r130c/r2014f:7dQc,4hQs|/2d5c6c:230,-230(230.000000)
679:Player,BR:0cc/cr2679f:2sQh,5hKs|/5dKcAh:-100,100(-100.000000)
680:BR,Player:0r130c/r2014f:9dJh,6c8s|/2h4hKc:230,-230(230.000000)
681:Player,BR:0cc/cr216c/cc/cc:7cQd,9hJc|/5c8cQc/7h/4h:316,-316(316.000000)
682:BR,Player:0r130c/r2014f:5h6s,2sKd|/4h7s9s:230,-230(230.000000)
683:Player,BR:0cc/cr876f:3h9c,2cTs|/TcQhKc:-100,100(-100.000000)
684:BR,Player:0r200c/r1306f:6d8c,JhQh|/5dAsAh:300,-300(300.000000)
685:Player,BR:0cc/cr435f:QdKc,5s6h|/2h4h7s:-100,100(-100.000000)
686:BR,Player:0cc/r124c/cc/cc:3d8h,5hTd|/2d8dQh/5s/7c:224,-224(214.623304)
687:Player,BR:0cc/cr876f:5d7s,5s9c|/2c8h8d:-100,100(-100.000000)
688:BR,Player:0r130c/r1001f:4h9c,6h8d|/5s8cTh:230,-230(230.000000)
689:Player,BR:0cr200c/cr1306c/r914c/cc:8s9s,5cQc|/2d6cTs/As/9c:2520,-2520(2520.000000)
690:BR,Player:0cc/r876c/cr2924f:2dTs,3hJh|/3c4cJd/Js:-976,976(-976.000000)
691:Player,BR:0cc/cr876f:9dKh,JcKd|/6hQsAs:-100,100(-100.000000)
692:BR,Player:0r200c/r2627f:9cTh,9hAs|/3c6cQd:300,-300(300.000000)
693:Player,BR:0cc/cr435f:4sAd,3d7h|/2cTsQd:-100,100(-100.000000)
694:BR,Player:0r130c/r1001f:3d7h,8h8d|/2d2cJc:230,-230(230.000000)
695:Player,BR:0cr300c/cr1741f:7hAc,2s9s|/2h6s8d:-400,400(-400.000000)
696:BR,Player:0r130c/r1001c/cr3599c/cr9660c:9cKd,4hTc|/2c3cAc/7s/6h:14490,-14490(2041.700871)
697:Player,BR:0cc/cr435f:2cKc,4h6c|/7h9dAs:-100,100(-100.000000)
698:BR,Player:0r130c/r285f:7d9c,4h7c|/6h9sAs:230,-230(230.000000)
699:Player,BR:0cr300c/cr866c/r174c/r1872c:3h4h,3dJc|/6s6hJh/Jd/Ts:-3312,3312(-3174.872293)
700:BR,Player:0r130c/cc/cc/cr460c:7sKd,ThTc|/2dJcQh/2c/Kh:690,-690(273.076251)
701:Player,BR:0cr300c/cr1741f:7h9d,6d8h|/7sJcAs:-400,400(-400.000000)
702:BR,Player:0r130c/r1001f:ThAc,9sKs|/8hTdJh:230,-230(230.000000)
703:Player,BR:0cr300c/cr1741f:2h2d,2sKc|/3c5c9h:-400,400(-400.000000)
704:BR,Player:0r300c/r19600f:7d8h,TsJd|/6d9sTd:400,-400(400.000000)
705:Player,BR:0cr200c/cr1136f:2d4d,4cQc|/5h9hQd:-300,300(-300.000000)
706:BR,Player:0f:6cJc,2d7c|:50,-50(50.000000)
707:Player,BR:0cr300c/cr3503f:4c8c,8sAh|/3s9hTs:-400,400(-400.000000)
708:BR,Player:0r130c/r2014r4633f:9cJd,8s8d|/3d5d8h:-2244,2244(-2244.000000)
709:Player,BR:0cr300c/cr1741f:7c9c,3cAs|/7dTsQs:-400,400(-400.000000)
710:BR,Player:0cc/r379f:4dAc,4h7d|/6hJcAh:100,-100(100.000000)
711:Player,BR:0cr300c/cr1741c/r2059f:9sTs,JsQs|/2h6c7d/9h:2141,-2141(2141.000000)
712:BR,Player:0cc/r1761f:3d5s,9sJc|/3h9hKs:100,-100(100.000000)
713:Player,BR:0cc/cr435f:5d9c,7h8h|/2cTcQd:-100,100(-100.000000)
714:BR,Player:0f:3h4s,2h6c|:50,-50(50.000000)
715:Player,BR:0cc/cr761c/r189c/cc:8h9d,QdKd|/2d6d9h/5d/Qs:-1050,1050(-1050.000000)
716:BR,Player:0r130c/r285c/cr175c/cc:6dTd,6sTh|/7sTsQh/4h/9h:0,-0(-180.015151)
717:Player,BR:0cc/cr379f:3dQs,9sTd|/4c5dTh:-100,100(-100.000000)
718:BR,Player:0r130c/r285f:TsTh,QhKc|/2d3dAs:230,-230(230.000000)
719:Player,BR:0cr130c/cr4051f:6h9h,7hAd|/2s3cTd:-230,230(-230.000000)
720:BR,Player:0r130c/r2014c/cr2241c/cc:4dTc,JhKd|/4h5hKs/2d/6s:-4485,4485(-4395.653643)
721:Player,BR:0cr200c/cr1306f:JcQc,4hTd|/2d5h8h:-300,300(-300.000000)
722:BR,Player:0r130c/r2014f:7d9c,5h8h|/5cTsAd:230,-230(230.000000)
723:Player,BR:0cr600c/cr495f:JdKd,2c8s|/5h7sTh:-700,700(-700.000000)
724:BR,Player:0f:TsKs,2d7h|:50,-50(50.000000)
725:Player,BR:0cr200c/r390r3004f:TcJc,4dKc|/7d8hQd:-690,690(-690.000000)
726:BR,Player:0r130c/r2014f:TcAd,7s8d|/6c8cQs:230,-230(230.000000)
727:Player,BR:0cc/cr3080f:2cJd,4s8c|/7hKdAc:-100,100(-100.000000)
728:BR,Player:0r200c/r1306f:2sQh,6s8c|/3d4h8d:300,-300(300.000000)
729:Player,BR:0cr300c/cr19600f:KcAd,AsAh|/4d6sTd:-400,400(-400.000000)
730:BR,Player:0r130c/cc/cr460c/cc:8dJs,QcKc|/6dKhAc/Qh/Jd:-690,690(-477.890540)
731:Player,BR:0cr300c/cr495f:5d9s,6dKd|/4s6cTc:-400,400(-400.000000)
732:BR,Player:0r130c/r1001c/cc/cc:2d9d,JhJc|/TdTcQc/Qh/Jd:-1231,1231(-1231.000000)
733:Player,BR:0cr300c/cr16295c/r2985c/r320c:6s6d,AdAc|/5s6hJh/9s/Jc:20000,-20000(499.985912)
734:BR,Player:0f:7cAd,2h5d|:50,-50(50.000000)
735:Player,BR:0cc/cr876f:3h6c,4c5s|/8dJcKc:-100,100(-100.000000)
736:BR,Player:0r130c/r1001f:8d9s,9cQc|/2sQsKc:230,-230(230.000000)
737:Player,BR:0cr300c/cr866f:5h8d,3cJs|/3d9s9c:-400,400(-400.000000)
738:BR,Player:0r130c/r1001c/cr701c/cr11592c:5dAd,8c9c|/6s7cTh/5s/Ac:-13524,13524(1836.853709)
739:Player,BR:0cr200c/cr2627f:9h9c,3dQh|/2c7cJs:-300,300(-300.000000)
740:BR,Player:0r200c/r1306f:2s2d,9sJs|/4cQcKc:300,-300(300.000000)
741:Player,BR:0cc/cr761c/cc/r189c:4cQh,QcAc|/8cQsKd/3c/8h:-1050,1050(-164.722271)
742:BR,Player:0r130c/r2014f:4c9s,7cAs|/2s4sQh:230,-230(230.000000)
743:Player,BR:0cc/cr1761f:5cTd,4h5s|/6d7cTs:-100,100(-100.000000)
744:BR,Player:0cc/r124c/cr100c/cc:5s5h,3sQd|/2s2hJc/Td/3d:324,-324(310.082261)
745:Player,BR:0cc/cr435c/cc/r305f:8hAd,6c9s|/8s9dJd/Td/7s:535,-535(535.000000)
746:BR,Player:0r130c/r2014f:2dAd,6sJs|/3hThQc:230,-230(230.000000)
747:Player,BR:0cr300c/r520r520c/r768f:6dTs,4h7s|/6s6hKc/Td:1440,-1440(1440.000000)
748:BR,Player:0r130c/r871c/cr279c/cr2760c:TdTc,9dJd|/4h9h9c/Ks/2h:-4140,4140(-390.631653)
749:Player,BR:0cr300c/cr1741c/r1219f:9dQd,3s8h|/2c4dKd/4c:2141,-2141(2141.000000)
750:BR,Player:0r130c/r1751c/cc/cr1722c:5s8s,6hJc|/5d7s8c/Kd/4s:-3703,3703(384.237909)
751:Player,BR:0cc/cr3080f:8cQh,4c6d|/7cThKc:-100,100(-100.000000)
752:BR,Player:0f:6hQh,2c7s|:50,-50(50.000000)
753:Player,BR:0cc/cr876f:JhQs,7sKd|/6h8dAh:-100,100(-100.000000)
754:BR,Player:0r130c/r573f:6sJd,3hAc|/2d5d9d:230,-230(230.000000)
755:Player,BR:0cc/cr379c/cc/r1121c:3cKs,5c8s|/3d7d8h/3h/4s:1600,-1600(312.998209)
756:BR,Player:0f:3s6d,2s9d|:50,-50(50.000000)
757:Player,BR:0cr300c/r520r520r2792r6023f:JsJd,6d8d|/2c3c8h:-4232,4232(-4232.000000)
758:BR,Player:0r130c/r1001f:8hAd,6sTd|/6c9hKs:230,-230(230.000000)
759:Player,BR:0cr200c/cr2627f:2h3h,9dAc|/4h8dTh:-300,300(-300.000000)
760:BR,Player:0r130c/r871c/cr100c/cr6527c:7s9d,6h7d|/2c6c9s/6d/Ks:-7728,7728(1345.380252)
761:Player,BR:0cc/cr435c/r305c/r1680f:2dAh,4d9c|/3h4h5s/9s/Jc:840,-840(840.000000)
762:BR,Player:0f:8cAd,3sTh|:50,-50(50.000000)
763:Player,BR:0cr300c/cr1741f:4c6c,3dQc|/2cKcAh:-400,400(-400.000000)
764:BR,Player:0f:8hJh,2c9h|:50,-50(50.000000)
765:Player,BR:0cr600c/r910r2291c/r1895f:4h5d,3cTh|/4s4cJh/5h:3901,-3901(3901.000000)
766:BR,Player:0r130c/r1001f:2dQh,TsQd|/6s6h6d:230,-230(230.000000)
767:Player,BR:0cc/cr379f:2sJh,2d9s|/3s5s9c:-100,100(-100.000000)
768:BR,Player:0r130c/r871f:6sKs,4s7c|/3cTcKd:230,-230(230.000000)
769:Player,BR:0cc/cr3080f:9dJs,6hKc|/2s9cQs:-100,100(-100.000000)
770:BR,Player:0r300c/r1741f:5h9s,6hJd|/4c6dQh:400,-400(400.000000)
771:Player,BR:0cc/cr876f:4dJh,7dJc|/3s8dTc:-100,100(-100.000000)
772:BR,Player:0r200c/r244c/cr356c/cc:2s6s,8cTs|/2d3dKs/8s/As:900,-900(900.000000)
773:Player,BR:0cc/cr876f:4sTs,4cTc|/6hJhJc:-100,100(-100.000000)
774:BR,Player:0r130c/r1001f:2s5c,5sQh|/3hQdKh:230,-230(230.000000)
775:Player,BR:0cc/cr876f:JcAd,6hKd|/2c3sTd:-100,100(-100.000000)
776:BR,Player:0f:TdAs,3h7d|:50,-50(50.000000)
777:Player,BR:0cr300c/cr1741f:7dJh,3h5h|/5dKhAc:-400,400(-400.000000)
778:BR,Player:0r200c/r1306f:8hTs,6s9d|/2c5dAc:300,-300(300.000000)
779:Player,BR:0cr1200c/cr15055f:JdKc,QhAh|/8hThAs:-1300,1300(-1300.000000)
780:BR,Player:0r200c/r4595f:9dKd,3cTc|/2hTdAd:300,-300(300.000000)
781:Player,BR:0cc/cr761f:6d9c,3sTd|/3h6hTs:-100,100(-100.000000)
782:BR,Player:0r130c/r2014r4633f:3d8c,KsKd|/3s4dAs:-2244,2244(-2244.000000)
783:Player,BR:0cr300c/cr3503f:QsQc,2s6c|/7s8hJh:-400,400(-400.000000)
784:BR,Player:0f:5s9s,2hTs|:50,-50(50.000000)
785:Player,BR:0cr130c/r299r2303f:4d8d,7sAd|/2cQdAc:-529,529(-529.000000)
786:BR,Player:0r130c/r2014f:3cAs,4dKc|/2d9dKh:230,-230(230.000000)
787:Player,BR:0cc/cr1761f:5h9s,8cAh|/TsQsQd:-100,100(-100.000000)
788:BR,Player:0r130c/r2014f:4h8h,7cQd|/2d4s7s:230,-230(230.000000)
789:Player,BR:0cr600c/r910r7009f:5d7s,2h6s|/3c4h8d:-1610,1610(-1610.000000)
790:BR,Player:0r200c/r2627f:9hQc,5hJh|/7s8sTd:300,-300(300.000000)
791:Player,BR:0cc/cr761f:2hKc,4hTs|/4s4c9h:-100,100(-100.000000)
792:BR,Player:0r130c/r2014f:8hJd,2cQh|/8cTdAh:230,-230(230.000000)
793:Player,BR:0cr300c/cr996f:3cAc,5hAh|/6hQdQc:-400,400(-400.000000)
794:BR,Player:0r130c/r498c/cr307c/cr1345c:QcKs,3sKc|/9s9hQd/Th/Jc:0,-0(1272.324923)
795:Player,BR:0cr200c/r900r4543f:7s9s,8dAd|/5hKsAh:-1200,1200(-1200.000000)
796:BR,Player:0r200c/r1306f:3c8d,4s4c|/5h6dTc:300,-300(300.000000)
797:Player,BR:0cc/cr876c/r584c/cc:3d4s,3hAc|/2h3s4d/Jd/Ah:-1560,1560(-469.976693)
798:BR,Player:0f:3s4c,2d5c|:50,-50(50.000000)
799:Player,BR:0cr200c/cr1306f:QcAh,5s9s|/8hJhJc:-300,300(-300.000000)
800:BR,Player:0r130c/r2014c/cr2241f:TcQs,3h5h|/4hJsAd/6c:-2244,2244(-2244.000000)
801:Player,BR:0cc/cr876f:4cKd,5sTc|/8s9hJd:-100,100(-100.000000)
802:BR,Player:0f:9sKc,2c8h|:50,-50(50.000000)
803:Player,BR:0cc/cr216c/cc/cc:2cKd,7cQc|/2h7hJd/6c/2d:316,-316(-47.976119)
804:BR,Player:0r130c/r2014f:3sTh,2s7s|/5s7dAh:230,-230(230.000000)
805:Player,BR:0cr130c/cr1001f:JsKc,7d9h|/5d8hAd:-230,230(-230.000000)
806:BR,Player:0r130c/r2014c/cr4633f:3s7s,8d9s|/3cTsJd/Qc:-2244,2244(-2244.000000)
807:Player,BR:0cr1200c/cr5660f:8dJd,5h6s|/7cQhKc:-1300,1300(-1300.000000)
808:BR,Player:0r130c/r1001f:3cJh,9sTh|/5hAsAh:230,-230(230.000000)
809:Player,BR:0cc/cr876c/r584f:3h9h,5dAc|/3s9cKs/7h:976,-976(976.000000)
810:BR,Player:0r130c/r2014f:5dQd,9hJc|/3s6s7h:230,-230(230.000000)
811:Player,BR:0cc/cr876c/cc/r974f:7hKs,8cTh|/3hJdKh/3d/Js:976,-976(976.000000)
812:BR,Player:0f:3dKs,2d6h|:50,-50(50.000000)
813:Player,BR:0cr200c/cr1306c/r914c/cc:6cAh,5h9h|/3h4h7d/2s/8s:2520,-2520(2520.000000)
814:BR,Player:0r130c/r871c/cr279c/cr1794c:TsQc,KcAh|/9sTcQs/8s/5d:3174,-3174(-926.585325)
815:Player,BR:0cr600c/cr16305f:6hQh,4dJs|/4cTcJd:-700,700(-700.000000)
816:BR,Player:0cc/r124c/cc/cc:5hQd,3hTs|/3cJdQc/Ah/8h:224,-224(224.000000)
817:Player,BR:0cc/cr379f:9dKs,QsQd|/2h6hAh:-100,100(-100.000000)
818:BR,Player:0r130c/r327f:6sTc,6cTh|/7hJsKh:230,-230(230.000000)
819:Player,BR:0cc/cr8194f:2c6c,4hKh|/4s4dTs:-100,100(-100.000000)
820:BR,Player:0r200c/r1306f:TdJc,8cTc|/2d4s8d:300,-300(300.000000)
821:Player,BR:0cc/cr876f:6s8h,JcKc|/4s5s5h:-100,100(-100.000000)
822:BR,Player:0r200c/r1136f:JhQh,3hQd|/3c9cJs:300,-300(300.000000)
823:Player,BR:0cc/cr3080f:5d8s,3c5c|/2d9hKc:-100,100(-100.000000)
824:BR,Player:0r130c/r2014f:7dJc,8hKd|/3c9dTs:230,-230(230.000000)
825:Player,BR:0cc/cr761f:2c6c,QdQc|/7s8sJc:-100,100(-100.000000)
826:BR,Player:0cc/r100c/cc/cr260c:8cKh,8dQh|/5sQdAh/Ks/Qs:-460,460(-188.758215)
827:Player,BR:0cr300c/cr1741f:8s8h,JcQh|/3d5hAs:-400,400(-400.000000)
828:BR,Player:0r130c/r285c/cc/cc:2h8h,8dKc|/4c8s9s/2c/Js:515,-515(515.000000)
829:Player,BR:0cc/cr216c/cc/cc:5hQd,7s7h|/5c6d6c/8c/As:-316,316(-206.198120)
830:BR,Player:0r130c/r871f:4hAd,4c6c|/8sTcAs:230,-230(230.000000)
831:Player,BR:0cr300c/cr3046c/r100c/r1494c:9hTs,4hJh|/8hJdKh/5h/6s:-5040,5040(-2281.499645)
832:BR,Player:0r130c/r1001r2472f:3dKh,9dTs|/TdJsQh:-1231,1231(-1231.000000)
833:Player,BR:0cc/cr435f:7dQc,6cTd|/3h3cKd:-100,100(-100.000000)
834:BR,Player:0r200c/r2627c/cr6043f:4sJs,ThTd|/3dTcQh/2h:-2927,2927(-2927.000000)
835:Player,BR:0cc/cr142c/r208c/cc:4hTh,TdAs|/4c8d8c/9d/Ks:450,-450(265.154671)
836:BR,Player:0r300c/r1514f:3sKh,6dJc|/3c5hKc:400,-400(400.000000)
837:Player,BR:0cc/cr379f:3d7h,3sAh|/5dJdAs:-100,100(-100.000000)
838:BR,Player:0r130c/cc/cc/cr690c:5sJs,4s7s|/3h3c8d/Ad/5d:920,-920(917.119101)
839:Player,BR:0cr300c/r520r520c/cc/r1320f:7s9s,3c8d|/7h7dTh/9c/Qh:1440,-1440(1440.000000)
840:BR,Player:0r130c/r2014c/cc/cc:8hKh,TdJh|/5h9hTs/8c/6d:-2244,2244(-846.133271)
841:Player,BR:0cc/cr876f:9cQh,JcKs|/4h5hAh:-100,100(-100.000000)
842:BR,Player:0r130c/r1001f:3sQs,8sKc|/7dJdAh:230,-230(230.000000)
843:Player,BR:0cr600c/cr3047f:7sTs,JcQd|/5dTcKd:-700,700(-700.000000)
844:BR,Player:0r130c/r1001f:2c5c,6c8s|/8d9hTh:230,-230(230.000000)
845:Player,BR:0cr200c/cr1306f:8hJh,2h9c|/3cQdAh:-300,300(-300.000000)
846:BR,Player:0r300c/r1741f:4dTc,8c9d|/JdQhKd:400,-400(400.000000)
847:Player,BR:0cr300c/cr283c/cc/cc:8h9h,7s7c|/5c9dAh/5d/As:683,-683(-156.444170)
848:BR,Player:0r200c/r1136f:2dKs,7dAd|/6dQhKh:300,-300(300.000000)
849:Player,BR:0cc/cr876f:4dAc,7hKc|/2s8cJh:-100,100(-100.000000)
850:BR,Player:0r130c/r2014f:2hKs,5dAs|/2d4sJd:230,-230(230.000000)
851:Player,BR:0cc/cr876f:6hTc,2c4h|/8dQcKh:-100,100(-100.000000)
852:BR,Player:0f:QhAd,2s7c|:50,-50(50.000000)
853:Player,BR:0cc/cr876f:7h8s,3d4s|/3hJcKs:-100,100(-100.000000)
854:BR,Player:0r130c/r2014c/cc/cc:5c9c,8sAd|/3h5d8h/7s/4h:-2244,2244(-2207.009763)
855:Player,BR:0cr300c/r800r2987f:3s6s,JdQd|/2c5s8c:-1200,1200(-1200.000000)
856:BR,Player:0r130c/r2014f:3sJs,5d7s|/7hKsAs:230,-230(230.000000)
857:Player,BR:0cc/cr379f:2h7c,8cAh|/TcQcAs:-100,100(-100.000000)
858:BR,Player:0r130c/r1001f:2dQc,4hAs|/6s6hAh:230,-230(230.000000)
859:Player,BR:0cr300c/cr3503f:JdKd,JcKs|/2d5hQh:-400,400(-400.000000)
860:BR,Player:0cc/r876c/cc/cr2014f:7h8h,TsJh|/5hJcAh/Jd/9c:-976,976(-976.000000)
861:Player,BR:0cr300c/cr1741f:9dQd,5d8h|/6c8dKc:-400,400(-400.000000)
862:BR,Player:0r130c/r871r1659c/cc/cc:7h8d,3hAd|/7d7cTh/5d/Jh:2760,-2760(2760.000000)
863:Player,BR:0cc/cr876f:9dQs,TdJd|/2h3h5h:-100,100(-100.000000)
864:BR,Player:0r130c/r2014f:2dAs,7cKd|/6cThKc:230,-230(230.000000)
865:Player,BR:0cc/cr1761f:2d5s,5hQs|/7sKdAd:-100,100(-100.000000)
866:BR,Player:0r130c/r1001f:6c9c,3cKh|/8c9hQd:230,-230(230.000000)
867:Player,BR:0cc/cr216f:4dJc,2h9h|/9dAsAh:-100,100(-100.000000)
868:BR,Player:0cc/r435f:4dTs,4hTh|/5c9hKd:100,-100(100.000000)
869:Player,BR:0cc/cr876f:3dJd,TsAd|/6c9sKc:-100,100(-100.000000)
870:BR,Player:0cc/r1761c/cr899f:5c7s,KsAh|/2c8hAs/5s:-1861,1861(-1861.000000)
871:Player,BR:0cr300c/cr1741c/cc/cc:2hJh,6cAd|/2cJdQs/6h/7d:2141,-2141(-1268.936950)
872:BR,Player:0r300c/r866c/cr174c/cr1872f:6dKd,ThAh|/2d6cJh/4d/Ac:-1440,1440(-1440.000000)
873:Player,BR:0cr200c/cr2627f:ThTc,2d9s|/3h8cKs:-300,300(-300.000000)
874:BR,Player:0r130c/r3522c/cr3125c/cr13123c:AhAd,9sJh|/3dJsKc/9c/5c:-20000,20000(-306.496565)
875:Player,BR:0cc/cr1761f:6cQs,5sKd|/5dJcAh:-100,100(-100.000000)
876:BR,Player:0r130c/r327f:2c3h,6cKh|/2d7h7d:230,-230(230.000000)
877:Player,BR:0cc/cr876f:9hTd,8h8c|/4s7sAs:-100,100(-100.000000)
878:BR,Player:0r130c/r100c/cr165c/cc:7hAs,8dTs|/JhJcKc/2c/Qd:495,-495(-123.461456)
879:Player,BR:0cr600c/cr3047f:3h4h,2cAs|/6h8dTd:-700,700(-700.000000)
880:BR,Player:0r200c/r1306f:2sKs,8sAd|/4c9cJd:300,-300(300.000000)
881:Player,BR:0cc/cr876f:TcQh,2cJs|/2d5s6c:-100,100(-100.000000)
882:BR,Player:0r130c/r1001f:7dTd,TcJd|/5c6s7h:230,-230(230.000000)
883:Player,BR:0cr130c/cc/cc/r115f:5dJd,3d4h|/JcQsKd/2h/3h:230,-230(230.000000)
884:BR,Player:0f:4sKs,2h3d|:50,-50(50.000000)
885:Player,BR:0cr300c/cr3503f:4c5c,6sQh|/2h4dAh:-400,400(-400.000000)
886:BR,Player:0r130c/r1001f:JdAh,6h8d|/5c9cQs:230,-230(230.000000)
887:Player,BR:0cc/cr124c/cc/cc:4hKs,4sQc|/7s7dQs/2d/3d:-224,224(-163.376641)
888:BR,Player:0r130c/r19770f:7d8d,7hQs|/3s7c8s:230,-230(230.000000)
889:Player,BR:0cc/cr435c/r305c/cc:5cTs,7sJh|/3h4hTh/2d/2h:-840,840(-82.622151)
890:BR,Player:0r130c/r2014f:QdAh,2cQc|/6s8cKh:230,-230(230.000000)
891:Player,BR:0cc/cr1761f:5sKc,2dTh|/2h3dAs:-100,100(-100.000000)
892:BR,Player:0r130c/r4051r15719f:4c5d,JdJc|/6h7cJs:-4281,4281(-4281.000000)
893:Player,BR:0cc/cr1761f:9hKc,2hKh|/4hTcAh:-100,100(-100.000000)
894:BR,Player:0r200c/r19700f:5hQd,6hJs|/5d5cQs:300,-300(300.000000)
895:Player,BR:0cr130c/r460r982f:9dTd,7hJc|/5dQhQc:-690,690(-690.000000)
896:BR,Player:0cc/r379f:9hTs,7sQs|/4c6s9d:100,-100(100.000000)
897:Player,BR:0cc/cr435c/cc/cc:6hJc,4hTd|/3c9sJs/Kc/As:535,-535(535.000000)
898:BR,Player:0r130c/r1001c/cr1184f:7h8d,5sKs|/TsKhAd/6h:-1231,1231(-1231.000000)
899:Player,BR:0cc/cr435f:6cAs,JhKs|/2h3h3d:-100,100(-100.000000)
900:BR,Player:0r130c/r2014f:2d8d,9dJh|/2c4hKh:230,-230(230.000000)
901:Player,BR:0cc/cr379f:4hKc,4s7c|/4c6h7s:-100,100(-100.000000)
902:BR,Player:0r200c/r1306c/cc/cr3224f:8dQh,JcAh|/2c7cJd/7h/3s:-1606,1606(-1606.000000)
903:Player,BR:0cc/cr1761f:4c7c,9hKd|/2s3hJd:-100,100(-100.000000)
904:BR,Player:0f:4s7s,3c7d|:50,-50(50.000000)
905:Player,BR:0cr200c/cr2627f:2h5h,JcQd|/4s9hKh:-300,300(-300.000000)
906:BR,Player:0r200c/r2627f:7dJd,4hAc|/2h2cTd:300,-300(300.000000)
907:Player,BR:0cc/cr876f:3s7h,5h9h|/3d8dQd:-100,100(-100.000000)
908:BR,Player:0cc/r876f:3sAc,4d8s|/2c5h9s:100,-100(100.000000)
909:Player,BR:0cc/cr1761c/cc/r3429c:4h7d,2cQs|/2d4d7h/8s/4s:5290,-5290(-2130.434152)
910:BR,Player:0r200c/r1136f:2d7h,JdAc|/2s2cKs:300,-300(300.000000)
911:Player,BR:0cc/cr876f:4c6d,7dJs|/2s9dKs:-100,100(-100.000000)
912:BR,Player:0r130c/r2014f:3d8d,3c6c|/2s7dJs:230,-230(230.000000)
913:Player,BR:0cr300c/cr3503f:TsJs,3sKs|/4s9hQd:-400,400(-400.000000)
914:BR,Player:0r130c/r2014f:6s8c,4hQc|/3c4d5h:230,-230(230.000000)
915:Player,BR:0cr200c/cr4595f:JcQs,KsKd|/6sJhAh:-300,300(-300.000000)
916:BR,Player:0f:7sQc,2d6c|:50,-50(50.000000)
917:Player,BR:0cc/cr435c/r305f:3d9s,2s4c|/6s6hJd/Jc:535,-535(535.000000)
918:BR,Player:0r200c/r1306c/cc/cc:5cQs,6c9s|/3h6sAc/5h/Ah:-1606,1606(-433.266428)
919:Player,BR:0cc/cr435c/r305c/cc:TdJc,3c5s|/5hQhKs/9d/Jd:840,-840(712.495186)
920:BR,Player:0r130c/r1001c/cc/cr5209f:4cTd,QsKc|/9sTsKd/Jc/7c:-1231,1231(-1231.000000)
921:Player,BR:0cr300c/r800r800r3520f:3d6d,2c9d|/5d8dTc:2000,-2000(2000.000000)
922:BR,Player:0r200c/r1306f:9hTh,2dKs|/QsQdQc:300,-300(300.000000)
923:Player,BR:0cc/cr100c/cc/cc:ThQd,3h3d|/2s6cTc/6s/5h:200,-200(-122.909177)
924:BR,Player:0cc/r19900f:4hKs,3s6h|/4s4c6d:100,-100(100.000000)
925:Player,BR:0cc/cr761f:5d7s,TdQh|/2d8cTc:-100,100(-100.000000)
926:BR,Player:0r300c/r1741f:4s7h,9d9c|/5s7sAs:400,-400(400.000000)
927:Player,BR:0cr600c/cr16305f:7h7d,3d5d|/4h6dTd:-700,700(-700.000000)
928:BR,Player:0r200c/r19700f:5cQc,2hQh|/3s5hQs:300,-300(300.000000)
929:Player,BR:0cc/cr379f:5cQd,AsAh|/4d4cJd:-100,100(-100.000000)
930:BR,Player:0r130c/r1001f:3hTd,6hAs|/8cJcAc:230,-230(230.000000)
931:Player,BR:0cr300c/cr16295f:5dJd,TsTd|/5sThQc:-400,400(-400.000000)
932:BR,Player:0r200c/r2627f:TsJs,5s5h|/3h4sAs:300,-300(300.000000)
933:Player,BR:0cr300c/cr1741f:3h6h,9hTh|/5dJsQh:-400,400(-400.000000)
934:BR,Player:0r130c/r1001f:TcQc,4sTs|/JhJcAc:230,-230(230.000000)
935:Player,BR:0cc/cr1761f:2cKh,4c5h|/ThJsQs:-100,100(-100.000000)
936:BR,Player:0r130c/r19770f:8sQh,2hJs|/TsQsQd:230,-230(230.000000)
937:Player,BR:0cr300c/cr1514f:9hAd,TdJd|/4s4cTs:-400,400(-400.000000)
938:BR,Player:0cc/r216c/cc/cr374f:4cJc,3cTd|/2d5dJd/Ks/6d:-316,316(-316.000000)
939:Player,BR:0cr200c/r900f:5cKs,4cAh|/2d6cJc:300,-300(300.000000)
940:BR,Player:0r200c/r1136c/cr364c/cc:7hKs,TcAc|/2hJhKd/8h/7s:1800,-1800(1800.000000)
941:Player,BR:0cr200c/cr2627f:3hTh,2c9h|/3c4d5s:-300,300(-300.000000)
942:BR,Player:0r130c/r327c/cr271c/cr2484c:2dTs,8h9d|/2hQsQh/4c/7h:3312,-3312(1315.159483)
943:Player,BR:0cc/cr216c/cc/r134f:2d4c,6c7d|/3c6hJc/Kd/5c:316,-316(316.000000)
944:BR,Player:0r200c/r1306f:5d8c,JdAs|/2s6d6c:300,-300(300.000000)
945:Player,BR:0cc/cr876f:2d6c,3dQd|/6h7dTc:-100,100(-100.000000)
946:BR,Player:0f:JdAc,2c6s|:50,-50(50.000000)
947:Player,BR:0cc/cr379f:4hKs,AsAh|/9cThTc:-100,100(-100.000000)
948:BR,Player:0r130c/r2014f:4h5h,TcQc|/6dTdJh:230,-230(230.000000)
949:Player,BR:0cc/cr761r761r761c/cc/r1481f:9cAd,ThTd|/3d7c9d/2d/Kd:2383,-2383(2383.000000)
950:BR,Player:0f:2h2c,2d4h|:50,-50(50.000000)
951:Player,BR:0cr200c/cr1306f:6cQc,3c9c|/8sKsKc:-300,300(-300.000000)
952:BR,Player:0r200c/r2627f:5c8h,8cJh|/2c3d9s:300,-300(300.000000)
953:Player,BR:0cc/cr124c/cc/r376c:2c4h,2d6h|/3s3h6d/As/Td:-600,600(-99.607540)
954:BR,Player:0r130c/r1001r2472f:2s3d,8sKs|/6h7sTs:-1231,1231(-1231.000000)
955:Player,BR:0cc/cr876c/cc/cc:JsQc,9cTs|/4s7sJc/5c/6d:976,-976(976.000000)
956:BR,Player:0r130c/r1001f:3sTd,JdKs|/6c9sJc:230,-230(230.000000)
957:Player,BR:0cc/cr876f:8hJd,TdAs|/2d3cQd:-100,100(-100.000000)
958:BR,Player:0r130c/r1001f:6c9d,9cKs|/2h3dJc:230,-230(230.000000)
959:Player,BR:0cc/cr876f:6c7h,7cKc|/2d3s8c:-100,100(-100.000000)
960:BR,Player:0f:JhAc,2d7h|:50,-50(50.000000)
961:Player,BR:0cc/cr124f:6dJc,2hTs|/5hTcQs:-100,100(-100.000000)
962:BR,Player:0r130c/r1001f:2hQc,4dTs|/4h5dAs:230,-230(230.000000)
963:Player,BR:0cc/cr3080f:8dAh,ThJd|/6h9cQh:-100,100(-100.000000)
964:BR,Player:0r200c/r2627c/cr2923f:7sQh,9hTh|/9cTcAs/8c:-2927,2927(-2927.000000)
965:Player,BR:0cc/cr249c/cc/r571f:6dAs,3dTd|/9dJsAh/4c/5s:349,-349(349.000000)
966:BR,Player:0r200c/r1306f:9hTs,2h2c|/3c4dQs:300,-300(300.000000)
967:Player,BR:0cc/cr3080f:5c8h,2cKs|/7h9dQh:-100,100(-100.000000)
968:BR,Player:0cc/r876f:6h7d,4h8d|/6d9dTs:100,-100(100.000000)
969:Player,BR:0cr300c/cr1514f:6c7c,JsKh|/4s9dJc:-400,400(-400.000000)
970:BR,Player:0r130c/cr460r460c/cr920c/cc:4hQc,9hTs|/JdJcKs/6s/Ad:2070,-2070(1992.536914)
971:Player,BR:0cr300c/r520r2290f:6s7c,QdAs|/2cTsTc:-920,920(-920.000000)
972:BR,Player:0f:2h3d,3s8c|:50,-50(50.000000)
973:Player,BR:0cr300c/cr495c/r100c/r445c:KhKc,3sAc|/4c9dAd/3h/8h:-1440,1440(-1426.396564)
974:BR,Player:0r130c/r19770f:7dKc,3sAc|/6h7s7h:230,-230(230.000000)
975:Player,BR:0cc/cr124f:2hJs,3d9s|/6s6d9h:-100,100(-100.000000)
976:BR,Player:0r200c/r1306f:9dKs,4dJd|/2h7d8c:300,-300(300.000000)
977:Player,BR:0cr300c/cr1741f:8sKs,2dJd|/5d6h6d:-400,400(-400.000000)
978:BR,Player:0cc/r3080f:6cTh,4h9c|/7s7dJc:100,-100(100.000000)
979:Player,BR:0cc/cr1761f:3dQd,4s9s|/QhKsKh:-100,100(-100.000000)
980:BR,Player:0f:5d9d,2sTh|:50,-50(50.000000)
981:Player,BR:0cr300c/cr3503f:QsAd,2c7c|/2s5hTc:-400,400(-400.000000)
982:BR,Player:0r130c/r2014f:8d9h,4d5c|/3sTdKh:230,-230(230.000000)
983:Player,BR:0cr300c/cr3503f:8sJd,7dKd|/9hQhQd:-400,400(-400.000000)
984:BR,Player:0r130c/r1001f:7h8h,2hKd|/TsJsQc:230,-230(230.000000)
985:Player,BR:0cc/cr435f:TcJh,5d9c|/3c8hJd:-100,100(-100.000000)
986:BR,Player:0r130c/r100f:JhKc,8c9d|/2h4cAs:230,-230(230.000000)
987:Player,BR:0cc/cr379f:8dQh,8cAh|/2d5sAs:-100,100(-100.000000)
988:BR,Player:0r130c/r871c/cr279c/cr8280c:3cTd,4sAh|/4d7cTs/6h/5s:9660,-9660(9660.000000)
989:Player,BR:0cr300c/cr1741f:TdQd,7sAh|/6c8hKh:-400,400(-400.000000)
990:BR,Player:0r300c/cc/cc/cr800f:5sTh,4dQs|/4hJdJc/7h/2d:-400,400(-400.000000)
991:Player,BR:0cc/cr435f:7sQs,JhQc|/3hKhAd:-100,100(-100.000000)
992:BR,Player:0r300c/r1741f:QcKh,5dTs|/6dAsAh:400,-400(400.000000)
993:Player,BR:0cc/cr876f:3c4d,8h9c|/9hTsQd:-100,100(-100.000000)
994:BR,Player:0cc/r435f:4sQs,5d6h|/7dTdKs:100,-100(100.000000)
995:Player,BR:0cc/cr876f:3c8s,4c9d|/3d7cKc:-100,100(-100.000000)
996:BR,Player:0r130c/r1001f:7d9h,5c7s|/8s9dTh:230,-230(230.000000)
997:Player,BR:0cr300c/cr3503f:5sTc,QcKc|/8h9dTh:-400,400(-400.000000)
998:BR,Player:0r200c/r1306f:4sKc,8cJd|/3s4dQd:300,-300(300.000000)
999:Player,BR:0cc/cr435f:JsQc,9dQs|/4h7dAs:-100,100(-100.000000)
1000:BR,Player:0r130c/r871c/cr2579f:3dJd,4s8d|/4cThJs/Qs:-1101,1101(-1101.000000)
RAW BR STATS: n=1000, sum=108720.000000, sum_sq=4412837680.000000, vr_sum=149664.080384, vr_sum_sq=2090870023.001634
BR STATS: 108.720000(130.026726), 149.664080(89.141668)
RESULTS
1)Player: -108720
2)BR: 108720
