In config file: GAME_DEF=game_def.fullholdem
In config file: ACTIONS_R0=C
In config file: ACTIONS_R1=C
In config file: ACTIONS_R2=F,C,0.05,0.0575,0.066125,0.07604375,0.087450313,0.100567859,0.115653038,0.133000994,0.152951143,0.175893815,0.202277887,0.23261957,0.267512505,0.307639381,0.353785288,0.406853081,0.467881044,0.5380632,0.61877268,0.711588582,0.81832687,0.9410759,1.082237285,1.244572878,1.43125881,1.645947631,1.892839776,2.176765742,2.503280603,2.878772694,3.310588598,3.807176888,4.378253421,5.034991434,5.790240149,6.658776171,7.657592597,8.806231486,10.12716621,11.64624114,13.39317731,15.40215391,17.71247699,20.36934854,23.42475083,26.93846345,30.97923297,35.62611791,40.9700356,47.11554094,54.18287208,62.31030289,71.65684832,82.40537557,94.76618191,A
In config file: ACTIONS_R3=F,C,0.05,0.0575,0.066125,0.07604375,0.087450313,0.100567859,0.115653038,0.133000994,0.152951143,0.175893815,0.202277887,0.23261957,0.267512505,0.307639381,0.353785288,0.406853081,0.467881044,0.5380632,0.61877268,0.711588582,0.81832687,0.9410759,1.082237285,1.244572878,1.43125881,1.645947631,1.892839776,2.176765742,2.503280603,2.878772694,3.310588598,3.807176888,4.378253421,5.034991434,5.790240149,6.658776171,7.657592597,8.806231486,10.12716621,11.64624114,13.39317731,15.40215391,17.71247699,20.36934854,23.42475083,26.93846345,30.97923297,35.62611791,40.9700356,47.11554094,54.18287208,62.31030289,71.65684832,82.40537557,94.76618191,A
Loading player: rgbr_nl_cprg.so
Player args: /home/viliam/cprg/project_uoapoker/trunk/src/c/meta_player.so /home/viliam/cprg/project_uoapoker/trunk/src/c/acpc14.map
Using seed 8.
1:Player,BR:0cc/cc/cr8194f:2h8h,8s9s|/2s5sJc/Ks:-100,100(-100.000000)
2:BR,Player:0r130c/cr299c/r2303f:2d7c,6hJc|/3h4cTd/Qc:529,-529(529.000000)
3:Player,BR:0cc/cc/cr876f:3h7c,2s8s|/4h4d9h/Td:-100,100(-100.000000)
4:BR,Player:0f:8d9c,3cTs|:50,-50(50.000000)
5:Player,BR:0cc/cc/r130r7085f:7h9d,6hTh|/2s5hKh/Qc:-230,230(-230.000000)
6:BR,Player:0r130c/cr460c/r6042f:6cQc,4d5h|/3s7dKd/8s:690,-690(690.000000)
7:Player,BR:0cr300c/cc/r800f:5h7h,3hQc|/7s9dKd/7c:400,-400(400.000000)
8:BR,Player:0r130c/cc/r2014f:9sAs,7dAh|/2h8sJs/5c:230,-230(230.000000)
9:Player,BR:0cc/cc/cr3080f:3cJd,2h7h|/8dTcQh/Jh:-100,100(-100.000000)
10:BR,Player:0r130c/cr299c/cc/r2303f:4sTd,9dKd|/7hJsKh/5c/8d:529,-529(529.000000)
11:Player,BR:0cc/cc/r130r573f:8sJd,4d7c|/2s3d5s/9s:-230,230(-230.000000)
12:BR,Player:0r130c/cr460c/r10567f:7s8c,6d6c|/3h6s7h/5s:690,-690(690.000000)
13:Player,BR:0cc/cc/cr876f:2hKs,2c5h|/3cJhAs/9s:-100,100(-100.000000)
14:BR,Player:0f:9cJs,2s7d|:50,-50(50.000000)
15:Player,BR:0cc/cc/cr9423f:2h3s,9dJd|/5s7sKs/Js:-100,100(-100.000000)
16:BR,Player:0f:4dKd,2c8s|:50,-50(50.000000)
17:Player,BR:0cr300c/cc/r1200f:5c7d,2d3s|/4sKdKc/Jc:400,-400(400.000000)
18:BR,Player:0r130c/cc/r3522f:6sKc,9dTd|/4sTcJh/Kd:230,-230(230.000000)
19:Player,BR:0cc/cc/r200r200f:2h5d,8cKc|/3dQsAh/Ad:-300,300(-300.000000)
20:BR,Player:0r130c/cc/r498f:5cAd,2cTc|/8hKhAc/Kd:230,-230(230.000000)
21:Player,BR:0cr300c/r800c/r3600f:2s2d,5d9s|/2c4cAd/9h:1200,-1200(1200.000000)
22:BR,Player:0r200c/cc/r8036f:AsAc,2dQs|/TdQcAd/8s:300,-300(300.000000)
23:Player,BR:0cc/cc/r200r2627f:8dTh,5cAs|/4c5sQc/8h:-300,300(-300.000000)
24:BR,Player:0r130c/cc/r4051f:3sQh,JhQs|/9hThTd/Jc:230,-230(230.000000)
25:Player,BR:0cr300c/cc/r2400r17200f:5c7h,4h6c|/5h7sQc/Ah:-2800,2800(-2800.000000)
26:BR,Player:0r130c/cc/r2014f:3hTh,7sJh|/2cQhAd/5s:230,-230(230.000000)
27:Player,BR:0cr130c/cc/r115r859c/cr3963f:JhJd,2dTh|/8sJsAd/Tc/9h:-1204,1204(-1204.000000)
28:BR,Player:0r130c/cc/r14250r5520f:6d8h,KhKd|/3s3hKc/9s:-14480,14480(-14480.000000)
29:Player,BR:0cc/cc/cr142c/cr1393f:3sKc,7dJs|/5hTsKd/Tc/6h:-242,242(-242.000000)
30:BR,Player:0r130c/cr299c/r9317f:4s5d,3s4h|/6sJcKd/Jh:529,-529(529.000000)
31:Player,BR:0cc/cc/cc/cr435f:9dQc,9hKs|/3s5sTh/5c/4c:-100,100(-100.000000)
32:BR,Player:0r130c/cc/r7085f:8cJh,3d5c|/9hQdKh/6c:230,-230(230.000000)
33:Player,BR:0cc/cc/cr1761f:4dQs,3s8s|/4c7c9c/5d:-100,100(-100.000000)
34:BR,Player:0r130c/cc/r498f:2dKs,9cJs|/JdKdAc/8s:230,-230(230.000000)
35:Player,BR:0cc/cc/cr3080f:9sQd,3d7c|/4s4cTd/5c:-100,100(-100.000000)
36:BR,Player:0r130c/cc/r285f:4hJc,7dQc|/2h5hKc/Jh:230,-230(230.000000)
37:Player,BR:0cr200c/r390c/cr982f:9cJh,3dKh|/7cQhQd/5s:-690,690(-690.000000)
38:BR,Player:0cc/cr130c/r100f:7dKh,ThJs|/4d6d8c/As:230,-230(230.000000)
39:Player,BR:0cc/cc/cr3080f:2sJd,3sAd|/8h9dQc/5s:-100,100(-100.000000)
40:BR,Player:0r130c/cc/r142c/r3257f:JdAs,KsAd|/6d9d9c/2s/Kc:372,-372(372.000000)
41:Player,BR:0cc/cc/cr876f:5hQd,4sQh|/6dJdAs/Ah:-100,100(-100.000000)
42:BR,Player:0r130c/cr299c/r4632f:2c5h,4c5d|/TsJsQd/5c:529,-529(529.000000)
43:Player,BR:0cc/cc/cr379c/cr1577c:2d8s,3c6h|/2s3h7s/3s/Jh:-2056,2056(-1211.728533)
44:BR,Player:0r200c/cr390c/r211c/r18249r850c:5cTh,9sQc|/8s8hTd/Ac/8d:20000,-20000(15053.529399)
45:Player,BR:0cc/r130c/cr100f:2h7h,3d5h|/8sJhKc/4c:-230,230(-230.000000)
46:BR,Player:0f:3s7h,2d4s|:50,-50(50.000000)
47:Player,BR:0cc/cc/cr876f:2s5s,KcAd|/6h8sJh/9c:-100,100(-100.000000)
48:BR,Player:0r130c/cr299c/cr1058r1058c/cc:2cJh,AhAd|/2d6sQc/Ts/3d:-2645,2645(-2645.000000)
49:Player,BR:0cr130c/cc/r115r491f:8cKd,ThKh|/7sAhAc/Jh:-345,345(-345.000000)
50:BR,Player:0r130c/cr460c/r982c/cr4538r8838f:5cJc,ThQc|/8sTsTd/Ah/Ks:6210,-6210(6210.000000)
51:Player,BR:0cr200c/cc/cr4595f:6s7s,9cTd|/4c7dTc/Ts:-300,300(-300.000000)
52:BR,Player:0r200c/cc/r8036f:3c4c,3dKh|/2h5sQh/4s:300,-300(300.000000)
53:Player,BR:0cc/cc/cr1532f:3sQd,6sTs|/6hKsAh/Tc:-100,100(-100.000000)
54:BR,Player:0r130c/cr299c/r100f:5h9s,4h7c|/8cQcAs/3s:529,-529(529.000000)
55:Player,BR:0cc/cc/r130r7085f:6dAs,2s9d|/5cTsAh/4h:-230,230(-230.000000)
56:BR,Player:0f:7c8c,2c4d|:50,-50(50.000000)
57:Player,BR:0cr300c/r520c/cr19080f:9dTh,TdKh|/6h8cTs/Kc:-920,920(-920.000000)
58:BR,Player:0r130c/cc/r285r543r543c/cr4747r9034f:5c8c,9cJs|/5s9h9d/6c/6h:6348,-6348(6348.000000)
59:Player,BR:0cr200c/cc/r150r150c/cc:5dAs,TdKd|/7s7c8c/Ac/3s:600,-600(585.305684)
60:BR,Player:0r130c/cr299c/r374f:2c5d,4hJh|/3d6sTs/Th:529,-529(529.000000)
61:Player,BR:0cr130c/cc/r460r1493f:8cAd,5sQd|/7h9cQc/5c:-690,690(-690.000000)
62:BR,Player:0r130c/cc/r2014f:2cTc,4h6c|/6h7s9h/Ah:230,-230(230.000000)
63:Player,BR:0cr200c/cc/r600c/r450r3360r15290f:QhKh,4h6s|/3s6hJh/8h/Qd:4710,-4710(4710.000000)
64:BR,Player:0r200c/cc/r2627c/r4166f:6dJd,3d5d|/8d8cAd/Ts/Jc:2927,-2927(2927.000000)
65:Player,BR:0cr300c/cc/r520c/r1196r9212f:7dJs,TsTh|/7h8cTd/9s/4d:-2116,2116(-2116.000000)
66:BR,Player:0r130c/cc/r285c/r1695f:6d9h,KdAs|/3d7s9d/Qd/Qh:515,-515(515.000000)
67:Player,BR:0cc/cc/cr1761f:3sAd,4c5h|/6c9hKh/Js:-100,100(-100.000000)
68:BR,Player:0r200c/cr390c/r5254f:7dKd,JhJd|/5d7s8s/Kh:690,-690(690.000000)
69:Player,BR:0cc/cc/cr1761f:3h7s,6s8h|/2sTcQh/7c:-100,100(-100.000000)
70:BR,Player:0f:8dJd,3c7h|:50,-50(50.000000)
71:Player,BR:0cr300c/cc/cr3046c/cr9864c:9cQc,5sJd|/2c9sJh/6s/2d:-13310,13310(-8482.613736)
72:BR,Player:0r130c/cr299c/r1317f:TsQs,2c9c|/7d7c9h/3h:529,-529(529.000000)
73:Player,BR:0cc/cc/cr9423f:9cQs,5d6c|/TdJhJc/Ad:-100,100(-100.000000)
74:BR,Player:0r200c/cc/r5284f:3d5d,7hKh|/9cJhJd/5s:300,-300(300.000000)
75:Player,BR:0cr300c/cc/cr3503f:7cTd,8cAs|/4d6sQc/4c:-400,400(-400.000000)
76:BR,Player:0r130c/cc/r6161f:7sAc,9hJc|/2cKhAh/2h:230,-230(230.000000)
77:Player,BR:0cc/cc/cr1761f:4d9h,TdKc|/3c6s7h/4s:-100,100(-100.000000)
78:BR,Player:0r130c/cr299c/r753f:TsQc,3s3d|/7h8s8c/Kh:529,-529(529.000000)
79:Player,BR:0cc/cc/cr8194f:2dJs,ThTc|/6d7dTs/7c:-100,100(-100.000000)
80:BR,Player:0cc/cc/r379c/r1577f:6sAc,7cJc|/3h5dAh/7s/9d:479,-479(479.000000)
81:Player,BR:0cr130c/r299c/cr1317f:4sAs,2c3h|/8dThAh/9c:-529,529(-529.000000)
82:BR,Player:0r130c/cr299c/r2303f:4s6h,6c7h|/2d4cJs/Ks:529,-529(529.000000)
83:Player,BR:0cc/cc/cr876f:3hJs,2h7c|/2s5d9c/3d:-100,100(-100.000000)
84:BR,Player:0r130c/cr299c/r325r969r7936f:5hQh,7h8c|/3c5s8h/8s:1823,-1823(1823.000000)
85:Player,BR:0cr600c/cc/cr2650r3090r3090f:QcKs,8hTc|/2hTsJs/6d:-6440,6440(-6440.000000)
86:BR,Player:0r130c/cc/r3522f:KhKd,3hQs|/9sQcKs/As:230,-230(230.000000)
87:Player,BR:0cr300c/cc/cr3503f:3h5h,4cTh|/5d6d7s/Js:-400,400(-400.000000)
88:BR,Player:0f:7hKh,2hTs|:50,-50(50.000000)
89:Player,BR:0cr600c/cc/r350r4571c/cc:4cQc,3h4s|/2cTcQd/Td/3s:5621,-5621(3759.357352)
90:BR,Player:0cc/cc/r435f:7sQc,3dJd|/6h9sKc/6d:100,-100(100.000000)
91:Player,BR:0cc/cc/r130r130c/cr2073f:3h8c,TcAh|/3s7h8h/4s/Kh:-360,360(-360.000000)
92:BR,Player:0r130c/cc/r285c/r1950f:4dKs,7h9c|/6h9hKh/6s/2h:515,-515(515.000000)
93:Player,BR:0cr130c/r2760c/cr2116f:TcJc,2cTs|/2h5c9d/9c:-2990,2990(-2990.000000)
94:BR,Player:0r130c/cr460c/r6042f:7dQd,4sQh|/3d6sTs/3s:690,-690(690.000000)
95:Player,BR:0cc/cc/cr100c/cr1751f:TdQh,2s6h|/2d4hQd/4s/7c:-200,200(-200.000000)
96:BR,Player:0r130c/cc/r14250f:6h7h,KcAs|/4h8dQs/Js:230,-230(230.000000)
97:Player,BR:0cc/cc/cr9423f:2d8d,2c9s|/5c8sQc/Ks:-100,100(-100.000000)
98:BR,Player:0cc/cc/r876f:3c4c,7sJh|/2h9sQh/2d:100,-100(100.000000)
99:Player,BR:0cc/cc/r200r649c/r401c:5h9h,JsKh|/4h6hKd/Jh/Qc:1350,-1350(-1034.139514)
100:BR,Player:0r300c/cc/r495f:9sQc,8s8h|/4cJhKs/Qh:400,-400(400.000000)
101:Player,BR:0cc/cc/cr876f:8cQs,2h6h|/9hTcAh/7s:-100,100(-100.000000)
102:BR,Player:0r130c/cc/r163f:6h8h,JsJh|/2c9dQc/Ad:230,-230(230.000000)
103:Player,BR:0cc/cc/cr876f:7dTs,7hTh|/2c5h8c/Ah:-100,100(-100.000000)
104:BR,Player:0f:7dAs,3d7s|:50,-50(50.000000)
105:Player,BR:0cr300c/cc/cr3503f:7sAs,9sJc|/5h6cAc/5c:-400,400(-400.000000)
106:BR,Player:0r200c/cr390c/cc/r6042f:5cQc,JcAh|/2h2d4h/9s/6s:690,-690(690.000000)
107:Player,BR:0cc/cc/cr761c/cc:JsKh,5cTd|/3h9hTs/4c/Jd:861,-861(-337.704778)
108:BR,Player:0r130c/cr460c/cr897f:2c4h,9sQs|/7s9dQh/6d:-690,690(-690.000000)
109:Player,BR:0cr300c/cc/r200r2612f:8hTh,5h6s|/3dQsQc/Kd:-600,600(-600.000000)
110:BR,Player:0r130c/cc/r285r543r543c/cr4747r9034f:7sTs,2d3d|/3cTdAd/4d/8h:6348,-6348(6348.000000)
111:Player,BR:0cc/cc/r130r573f:8c9d,6c7h|/6sThQd/3c:-230,230(-230.000000)
112:BR,Player:0r200c/cc/r1306f:7hKc,6h9d|/8cJdQh/Js:300,-300(300.000000)
113:Player,BR:0cc/cc/cr876f:3sQc,2h9s|/4d7h8s/4h:-100,100(-100.000000)
114:BR,Player:0r200c/cc/r1306f:4d6s,6c8s|/3h8h9d/Jd:300,-300(300.000000)
115:Player,BR:0cc/cc/cr249c/cr12363f:4cJc,7dTc|/2c4d6c/2h/8c:-349,349(-349.000000)
116:BR,Player:0r130c/cr460c/r982c/r16837f:9hKc,4hQh|/3hThJh/Ts/8s:1672,-1672(1672.000000)
117:Player,BR:0cc/cc/cr142c/cr1393f:5sTh,TsJh|/4d5c7h/2h/Ah:-242,242(-242.000000)
118:BR,Player:0r130c/cc/r14250f:3hQs,4cKs|/7h8cJs/4s:230,-230(230.000000)
119:Player,BR:0cc/cc/r130r130f:4h9d,5hQc|/3dThAs/6s:-230,230(-230.000000)
120:BR,Player:0r300c/cc/r16295f:9h9d,QsAh|/5d9sJd/Tc:400,-400(400.000000)
121:Player,BR:0cc/cc/cr1761f:4sJh,5s8c|/4cKsAd/9d:-100,100(-100.000000)
122:BR,Player:0r130c/cc/r327f:TcAd,TsKs|/3d6s7h/5h:230,-230(230.000000)
123:Player,BR:0cc/cc/r200r5284f:5hAd,2s8s|/3c5sJs/Jd:-300,300(-300.000000)
124:BR,Player:0r130c/cr299c/r14170f:8h8d,4hTh|/6s7h8c/6c:529,-529(529.000000)
125:Player,BR:0cr300c/r520c/r1840r6870f:4hAh,QcAc|/5h8dTc/3c:-2760,2760(-2760.000000)
126:BR,Player:0cc/cc/r2679c/cc:5s7s,4s7d|/2c7hAc/5h/Jh:2779,-2779(2618.295653)
127:Player,BR:0cr130c/r299c/cr753f:6d7d,QsAs|/4c9dKc/Tc:-529,529(-529.000000)
128:BR,Player:0r130c/cr299c/r2303c/r10721f:2s3c,7sAc|/7cQcAh/9c/6d:2832,-2832(2832.000000)
129:Player,BR:0cr300c/cc/cr16295f:ThTc,6dKc|/2hJsKd/2s:-400,400(-400.000000)
130:BR,Player:0cc/cr200c/r371c/r8936f:JhJd,9sTd|/4dQdKc/6s/4h:671,-671(671.000000)
131:Player,BR:0cc/cc/r130r2014f:4dAh,5cKd|/JsKsAs/6c:-230,230(-230.000000)
132:BR,Player:0r130c/cr299c/r2303f:4sTc,3sQd|/5c6hTh/7h:529,-529(529.000000)
133:Player,BR:0cr200c/cc/cr1136c/cr5436f:JdAc,4s8s|/7s8cTc/4c/6d:-1436,1436(-1436.000000)
134:BR,Player:0r130c/cc/r14250f:5sTd,9dJs|/2h9hTh/6h:230,-230(230.000000)
135:Player,BR:0cc/cc/cr761f:5cQd,9hKh|/3c9sTh/4h:-100,100(-100.000000)
136:BR,Player:0f:3cJd,2c3s|:50,-50(50.000000)
137:Player,BR:0cr200c/cc/cr8036f:3h3d,KhAc|/8d9dKd/Ad:-300,300(-300.000000)
138:BR,Player:0r200c/cc/r14055f:JdJc,7dQc|/2h3d4s/8s:300,-300(300.000000)
139:Player,BR:0cc/cc/cr216r584r3918f:5cJh,3cTh|/8h9dTs/5s:-900,900(-900.000000)
140:BR,Player:0r200c/cc/r9241f:9dQs,8s8d|/3c7dAc/5s:300,-300(300.000000)
141:Player,BR:0cr200c/r390c/r897r3950f:6d9s,5cQc|/3cTsJc/8s:-1587,1587(-1587.000000)
142:BR,Player:0r130c/cc/r2014f:5d6c,7h9c|/4d9sAc/6s:230,-230(230.000000)
143:Player,BR:0cr300c/cc/r1200r6966r11434f:8s8h,5h9c|/3h7c8c/2s:8566,-8566(8566.000000)
144:BR,Player:0r200c/cc/r2627f:5cJs,4s7d|/4dQcAd/8d:300,-300(300.000000)
145:Player,BR:0cr600c/cc/cr1742f:8dAd,JcQs|/7c9hKs/2d:-700,700(-700.000000)
146:BR,Player:0r200c/cc/r9241f:3h9c,TdKc|/2c5sKd/7s:300,-300(300.000000)
147:Player,BR:0cr200c/r390c/cr6042f:3cTc,2h5s|/4s4cQd/6h:-690,690(-690.000000)
148:BR,Player:0r130c/cc/r7085f:3s9c,7cAs|/3c4dJd/5d:230,-230(230.000000)
149:Player,BR:0cc/cc/cr1761f:5hJs,3d6c|/2dJcQd/Kc:-100,100(-100.000000)
150:BR,Player:0r130c/cr299c/r4632f:2h9d,2dAh|/5c6hTc/3s:529,-529(529.000000)
151:Player,BR:0cc/cc/cr435f:4dJh,3hQc|/7h8cAh/2c:-100,100(-100.000000)
152:BR,Player:0r130c/cc/r7085f:3hTh,8cAs|/6c7hJd/5d:230,-230(230.000000)
153:Player,BR:0cc/cc/cr249r1251f:6h7s,4sJh|/6c9hQh/9c:349,-349(349.000000)
154:BR,Player:0r200c/cr390c/cr345r1473f:6sKs,4h9h|/5s9cQd/Qc:1035,-1035(1035.000000)
155:Player,BR:0cc/cc/cr3080f:TsKh,8cTd|/6d9dQc/9s:-100,100(-100.000000)
156:BR,Player:0r130c/cr299c/r19471f:7s7d,8cTd|/5c7cAd/Ah:529,-529(529.000000)
157:Player,BR:0cc/cc/cr216r374r12153f:JhQc,4cJd|/3h7hJc/Qs:-690,690(-690.000000)
158:BR,Player:0r130c/cc/r7085f:9hJc,6cQc|/2d3d4h/Th:230,-230(230.000000)
159:Player,BR:0cc/cc/cr3080f:4s9c,JhQs|/4d5d6h/2c:-100,100(-100.000000)
160:BR,Player:0r130c/cr299c/r100c/r512f:9hJs,6cJh|/5d9cKc/6h/7h:629,-629(629.000000)
161:Player,BR:0cr300c/cc/r800r18800f:TcKc,5s5c|/5h9dQh/9s:-1200,1200(-1200.000000)
162:BR,Player:0cc/cc/r435f:7cTd,2cQd|/2h4d8c/5d:100,-100(100.000000)
163:Player,BR:0cc/cc/r130r2014f:4hJs,2dQs|/5cTcAs/3h:-230,230(-230.000000)
164:BR,Player:0cc/cr130c/r1001f:5cJh,3hQd|/5h8hQc/4c:230,-230(230.000000)
165:Player,BR:0cc/cc/cr379f:2hTd,7c9h|/4s6h6d/9s:-100,100(-100.000000)
166:BR,Player:0cc/cc/r3080f:8h9h,4sJh|/2s2hQs/Ks:100,-100(100.000000)
167:Player,BR:0cc/cc/cr216c/cr224f:6hKd,4c6s|/3h4s7h/3d/Jd:-316,316(-316.000000)
168:BR,Player:0cc/cr130c/r498f:2c6h,4c5s|/2d9sJh/2h:230,-230(230.000000)
169:Player,BR:0cr300c/r520c/r1840r3928c/cr12588f:7dTs,5hTh|/7hTdQc/3d/Jd:-6688,6688(-6688.000000)
170:BR,Player:0cc/cc/r142f:5dTc,3dTh|/6s9dAc/8h:100,-100(100.000000)
171:Player,BR:0cc/cc/cr216c/cr17025f:5s9s,3d9c|/2c9hJc/8d/Kh:-316,316(-316.000000)
172:BR,Player:0r130c/cc/r327c/cc:7s8c,6h8d|/2h6cKs/5s/3d:-557,557(-557.000000)
173:Player,BR:0cc/cc/cr379f:7cKd,QcKc|/4h4dJd/Qh:-100,100(-100.000000)
174:BR,Player:0f:7c8s,3h7d|:50,-50(50.000000)
175:Player,BR:0cc/cc/r130r130c/cr110r1117f:2dQh,5s5d|/6dQcKh/Qs/6h:470,-470(470.000000)
176:BR,Player:0r130c/cr299c/r9317f:2s5h,8hKc|/5d9dQc/4h:529,-529(529.000000)
177:Player,BR:0cc/cc/cc/cr379c:2cTd,3d5d|/5cTcKs/6s/3c:-479,479(-461.506772)
178:BR,Player:0r130c/cr299c/r325c/cc:ThQc,3sJh|/4hTdJs/7s/Kd:-854,854(288.631038)
179:Player,BR:0cc/cc/cr1761f:7c8s,3cQd|/2cJdKc/5h:-100,100(-100.000000)
180:BR,Player:0r130c/cr299c/r2303r5684f:2c3d,3h4c|/5s7sAc/2d:-2832,2832(-2832.000000)
181:Player,BR:0cc/cc/cr876f:5cAh,2cKs|/4c6dTc/Jc:-100,100(-100.000000)
182:BR,Player:0r130c/cc/r3522f:8dAh,5hKh|/8cJhKs/Ac:230,-230(230.000000)
183:Player,BR:0cr600c/cc/r140r3657f:KcAd,2dKh|/9dJhQs/9s:-840,840(-840.000000)
184:BR,Player:0cc/cr130c/r4051f:3c5s,JsAc|/6s8dJc/Th:230,-230(230.000000)
185:Player,BR:0cr300c/cc/r200c/r300r2240f:6cKc,9dQc|/3cJhKh/9h/As:-900,900(-900.000000)
186:BR,Player:0cc/cr130c/r4051f:4cJh,3cQs|/5s9dTs/Qd:230,-230(230.000000)
187:Player,BR:0cr200c/cc/r150r3426f:8sAs,3sKd|/2d2cKh/Ah:-450,450(-450.000000)
188:BR,Player:0r130c/cr299c/r4632f:3s5c,2hKc|/3hTsKd/6c:529,-529(529.000000)
189:Player,BR:0cc/cc/r130r130f:TcJd,4s7c|/3d7s8h/6h:-230,230(-230.000000)
190:BR,Player:0r200c/cr390c/r3004f:9s9h,5dJc|/4d4cJh/Th:690,-690(690.000000)
191:Player,BR:0cr300c/cc/cr1741f:7c9d,3cTs|/3h5c9h/Jh:-400,400(-400.000000)
192:BR,Player:0r130c/cr299c/r162c/r744c:2hQh,9sKd|/7s8cQs/9c/2s:1435,-1435(1435.000000)
193:Player,BR:0cc/cc/r300r866f:6d7s,4c7d|/4h9sJc/8s:-400,400(-400.000000)
194:BR,Player:0f:JhKs,3d8c|:50,-50(50.000000)
195:Player,BR:0cc/cc/cr9423f:7cKh,7h8c|/5dQhKs/Ac:-100,100(-100.000000)
196:BR,Player:0r130c/cc/r4051f:6c9h,2cKc|/3s5cTs/2h:230,-230(230.000000)
197:Player,BR:0cr300c/r520c/r184r4179c/cr2137c:5c7c,3c4s|/5s7dTc/6h/8c:-7420,7420(-1471.683450)
198:BR,Player:0r130c/cr299c/r186f:2cTs,3c6c|/5c7s7h/Js:529,-529(529.000000)
199:Player,BR:0cc/cc/cr124c/r100r100f:6d8c,6cTs|/5h6sQd/8h/7s:-324,324(-324.000000)
200:BR,Player:0r130c/cr299c/cr687r5294f:JhKc,6h9d|/3h6c7h/9s:1216,-1216(1216.000000)
201:Player,BR:0cc/cc/cr876f:5s9d,7s9h|/6cTsTh/Ac:-100,100(-100.000000)
202:BR,Player:0cc/cr130c/r7085f:6hJc,4s8h|/6sQcAc/9h:230,-230(230.000000)
203:Player,BR:0cr300c/cc/r200r1299f:5hJd,7dKs|/2s2hKc/Jh:-600,600(-600.000000)
204:BR,Player:0r200c/cc/r5284f:8h8d,QsKs|/5d7dAd/3c:300,-300(300.000000)
205:Player,BR:0cc/cc/cr249f:8dTc,9sAh|/3h5dJs/3s:-100,100(-100.000000)
206:BR,Player:0cc/cr200c/cr390r3004f:3c4c,2sJh|/6h7dJs/4s:690,-690(690.000000)
207:Player,BR:0cr200c/cc/r150r3940f:JhAc,8hAd|/2s7hJs/Kd:-450,450(-450.000000)
208:BR,Player:0r130c/cr299c/r753f:8sJd,3sKh|/5s7d8h/6h:529,-529(529.000000)
209:Player,BR:0cc/cc/r200r5284f:5dTc,4sKs|/4h6s8c/Td:-300,300(-300.000000)
210:BR,Player:0r130c/cc/r498f:4c6c,ThJs|/3c4h5s/7s:230,-230(230.000000)
211:Player,BR:0cc/cc/cr124c/cr1706f:5sQh,4s6s|/3h5dQd/6d/9d:-224,224(-224.000000)
212:BR,Player:0r130c/cc/r4051f:9sJh,7c8d|/3s7sKs/8h:230,-230(230.000000)
213:Player,BR:0cc/cc/cr876f:8hAs,3hAd|/2d9cTs/7d:-100,100(-100.000000)
214:BR,Player:0cc/cr130c/r871c/r2383f:7sKh,TdQh|/7hKdAd/Jd/Th:1101,-1101(1101.000000)
215:Player,BR:0cr600c/cc/cr1742f:2h2d,JcQs|/5s9cKd/Ac:-700,700(-700.000000)
216:BR,Player:0cc/cc/r8194f:JdAh,TdQc|/3h6d8s/Ad:100,-100(100.000000)
217:Player,BR:0cr300c/cc/cr10715f:9s9d,3h7c|/4s5dTs/6d:-400,400(-400.000000)
218:BR,Player:0cc/cr130c/r163c/cc:5s9h,3h6c|/4s4h7h/3c/Th:-393,393(-393.000000)
219:Player,BR:0cr200c/r390c/cr1718c/cr17592f:9cAc,6h8h|/3h7cAd/4d/Js:-2408,2408(-2408.000000)
220:BR,Player:0cc/cc/r124c/r19776c:6h6d,2hAs|/3d7sAd/4d/5c:20000,-20000(18179.195019)
221:Player,BR:0cr600c/cc/cr495c/cr1286r1719r5977f:6s9s,5dTs|/2h6d9h/3h/3d:-4200,4200(-4200.000000)
222:BR,Player:0r200c/cr390c/r3004r10796f:3hTs,4d5h|/3d6c7c/Ks:-3694,3694(-3694.000000)
223:Player,BR:0cc/cc/cr876f:2d6c,2h5c|/3hThAs/9s:-100,100(-100.000000)
224:BR,Player:0r130c/cr299c/r100r829r6347c/r9659f:5cKh,TsQs|/7sTcQd/5d/7c:7805,-7805(7805.000000)
225:Player,BR:0cc/cc/cr249c/cr7069f:3c8h,6cQd|/3hTcJc/7h/Ad:-349,349(-349.000000)
226:BR,Player:0r130c/cc/r2014f:2hJs,2c9c|/7s9dAs/4c:230,-230(230.000000)
227:Player,BR:0cr200c/cc/cr5284f:3c5h,7sKc|/8s9sAd/Th:-300,300(-300.000000)
228:BR,Player:0r130c/cc/r285c/r19485f:9cQd,9dQh|/4c5sKd/Qs/Kc:515,-515(515.000000)
229:Player,BR:0cr130c/r299c/r264r1129c/r932r12425f:6sKc,TsKd|/2c9cAc/5c/9d:-2854,2854(-2854.000000)
230:BR,Player:0cc/cr130c/r100f:7sAc,3dJs|/2d7d9s/6d:230,-230(230.000000)
231:Player,BR:0cc/cc/cr435f:2c8s,3h8h|/4s4d6s/Jh:-100,100(-100.000000)
232:BR,Player:0f:4d9h,2c3d|:50,-50(50.000000)
233:Player,BR:0cc/cc/cr142f:4d7s,7dQd|/3hTdKh/3d:-100,100(-100.000000)
234:BR,Player:0r130c/cr460c/r3004f:4d6s,ThAd|/7dQsAh/3d:690,-690(690.000000)
235:Player,BR:0cr300c/r520c/cr4005f:5s9s,6hTc|/3h8sKc/4d:-920,920(-920.000000)
236:BR,Player:0r130c/cc/r6161f:4s9h,5d7d|/2s3dJh/9d:230,-230(230.000000)
237:Player,BR:0cr130c/cc/r115r427c/r100r19128f:QdQc,5sKc|/7sTsJd/Kh/9s:-872,872(-872.000000)
238:BR,Player:0r130c/cr690c/r651r5789r5789f:9sQs,2dKs|/4d5c8d/3h:7360,-7360(7360.000000)
239:Player,BR:0cc/cc/cc/r130r14250f:7cKh,6cQs|/2hJdAc/4c/7s:-230,230(-230.000000)
240:BR,Player:0f:4sJh,4h9c|:50,-50(50.000000)
241:Player,BR:0cc/cc/cr435r1075r7009f:2sJh,3s4h|/7d8hJs/2h:-1610,1610(-1610.000000)
242:BR,Player:0r130c/cc/r6161f:3cQh,7s8s|/4dTsQc/9s:230,-230(230.000000)
243:Player,BR:0cr300c/cc/r200r2612c/cr16081r707f:KsKh,4d7h|/4cTsQs/Kd/6h:19293,-19293(19293.000000)
244:BR,Player:0r130c/cc/r871f:4dAd,3s5d|/3c8hAc/Jc:230,-230(230.000000)
245:Player,BR:0cc/cc/cr435f:5dQh,8dAc|/4c9cKc/2d:-100,100(-100.000000)
246:BR,Player:0r130c/cc/r14250f:4c5d,8hKc|/5hQhKh/3h:230,-230(230.000000)
247:Player,BR:0cr130c/cc/cr1751c/cr11406f:3dAd,7s9s|/5s9hAh/Js/4s:-1981,1981(-1981.000000)
248:BR,Player:0r130c/cc/r2014f:4hAc,TsAs|/3h6hJc/9d:230,-230(230.000000)
249:Player,BR:0cc/cc/cr124c/r100c:8sQd,7sJc|/5dJhQh/5c/Qs:324,-324(103.495705)
250:BR,Player:0r130c/cc/r871f:JcAh,9dQd|/3hTcAd/5s:230,-230(230.000000)
251:Player,BR:0cc/cc/cr876f:8cJh,6d8d|/2s7cJc/Ah:-100,100(-100.000000)
252:BR,Player:0r130c/cc/r12392f:7s9c,6sJd|/4s6d7d/9d:230,-230(230.000000)
253:Player,BR:0cr300c/cc/cr996f:9dKc,TsKd|/2c3h5s/6d:-400,400(-400.000000)
254:BR,Player:0r130c/cc/r142f:JsAh,6cTc|/2d4h4c/7h:230,-230(230.000000)
255:Player,BR:0cr200c/cc/cr371c/cr722c:3s5s,6hJc|/5d6c8d/3c/2d:1393,-1393(-845.699093)
256:BR,Player:0r130c/cc/r573c/r8086f:4cKd,4hQd|/4d5d9c/Qh/8d:803,-803(803.000000)
257:Player,BR:0cc/cc/r200r200c/r220f:8dKs,ThAh|/4c8hTs/8s/3c:500,-500(500.000000)
258:BR,Player:0cc/cc/r1532f:2cKs,8cJs|/9dJcKh/9s:100,-100(100.000000)
259:Player,BR:0cc/cc/cr9423f:9dQh,4sKc|/3dAsAd/Qs:-100,100(-100.000000)
260:BR,Player:0r130c/cr299c/r4632f:JcKs,5hAh|/3h7cQc/6c:529,-529(529.000000)
261:Player,BR:0cc/cc/cr8194f:2cAd,JhKs|/5dJdKh/Qc:-100,100(-100.000000)
262:BR,Player:0f:2h5c,2c9h|:50,-50(50.000000)
263:Player,BR:0cr600c/cc/cc/r1400r9142f:QsAd,4h6c|/6s9dAs/Qc/Js:-2100,2100(-2100.000000)
264:BR,Player:0f:2d6d,2sJc|:50,-50(50.000000)
265:Player,BR:0cr200c/cc/r150r1704c/cr17846f:8sTs,QdQc|/9sJcAh/Th/2s:-2154,2154(-2154.000000)
266:BR,Player:0r130c/cr299c/r2303c/r10721f:7hTd,9dKc|/7c8hJd/Qd/5d:2832,-2832(2832.000000)
267:Player,BR:0cr300c/cc/r200r854f:5s9s,4cTc|/3cJdAc/As:-600,600(-600.000000)
268:BR,Player:0r200c/cc/r1136f:7c8d,2hJh|/3c7sKh/6c:300,-300(300.000000)
269:Player,BR:0cc/cc/cr249f:2c6d,8sTc|/3d4d7d/9h:-100,100(-100.000000)
270:BR,Player:0r130c/cr460c/r211f:7hAh,2sQd|/4s5c9h/9c:690,-690(690.000000)
271:Player,BR:0cr300c/cc/r200r5254f:8c9c,3h8h|/9hJdJc/3d:-600,600(-600.000000)
272:BR,Player:0r130c/cr299c/r14170r5301c/cc:4h4c,6h8s|/4s8h8c/Qc/Qs:-20000,20000(-20000.000000)
273:Player,BR:0cc/cc/r300r495c/r100r612r2713c:8sQh,JsKc|/5d7s9c/Jd/Kh:-4320,4320(-4320.000000)
274:BR,Player:0cc/cc/r9423f:7dTs,9cKd|/7s9dJd/6h:100,-100(100.000000)
275:Player,BR:0cc/cc/cc/cc:6d9h,5dKs|/6h8hTd/Qs/6s:100,-100(33.920913)
276:BR,Player:0r130c/cr299c/r325c/r3233c:7cKc,8hAd|/KsAhAc/9d/6d:-4087,4087(2636.379284)
277:Player,BR:0cr200c/cc/cr2627f:5cAc,8cKd|/TdJcQh/4s:-300,300(-300.000000)
278:BR,Player:0r130c/cr460c/r488f:6d8h,5cQs|/6hJsKs/Tc:690,-690(690.000000)
279:Player,BR:0cr300c/r520c/r1196r9212r8672f:KcAc,2c6h|/3c8hKd/6c:11328,-11328(11328.000000)
280:BR,Player:0r130c/cc/r7085c/cr12685c:8sAc,KhAh|/2h5dQs/3h/2c:-20000,20000(2033.505249)
281:Player,BR:0cc/cc/cr1761f:3hTc,6hJc|/7d8dKh/3c:-100,100(-100.000000)
282:BR,Player:0r200c/cr600c/r100c/r936f:2s6c,7dQh|/8hTsJh/As/Qd:1000,-1000(1000.000000)
283:Player,BR:0cc/cc/cr100f:5cTh,2sTd|/4h4c8d/Ks:-100,100(-100.000000)
284:BR,Player:0r130c/cc/r3522f:JcQc,8hKh|/6cTsJh/9d:230,-230(230.000000)
285:Player,BR:0cc/cc/cr142c/cr9859f:6sAd,JsQd|/6d8s8d/5d/2h:-242,242(-242.000000)
286:BR,Player:0r130c/cc/r1751f:9dKc,5d6h|/7c9cJc/8c:230,-230(230.000000)
287:Player,BR:0cc/cc/cr8194f:2hKs,5c9c|/3c9hAc/6c:-100,100(-100.000000)
288:BR,Player:0r200c/cc/r1306f:7c8h,6sTd|/3d9hKc/Qh:300,-300(300.000000)
289:Player,BR:0cr130c/cc/r115r6076f:TcKs,3cAd|/2h6d9c/8s:-345,345(-345.000000)
290:BR,Player:0cc/cr130c/r100r705f:3d7h,8hAd|/4d9hAc/Kc:-330,330(-330.000000)
291:Player,BR:0cr300c/cc/r200r5254f:JdAs,6cQc|/6s8s8c/9c:-600,600(-600.000000)
292:BR,Player:0r200c/cc/r649f:TdAs,5c6d|/3h6sTc/Kd:300,-300(300.000000)
293:Player,BR:0cr200c/r390c/cr12153f:5s7s,8dTc|/4dQcAc/Th:-690,690(-690.000000)
294:BR,Player:0r130c/cc/r1751c/r11406c:2c3h,3d7d|/2d3c5h/7s/2h:13387,-13387(13387.000000)
295:Player,BR:0cc/cc/r130r4051f:2s7h,3c4s|/2h6s6c/Tc:-230,230(-230.000000)
296:BR,Player:0r130c/cr299c/r4632f:8hTc,6sKd|/2c4c7c/7d:529,-529(529.000000)
297:Player,BR:0cr200c/cc/r150r3426c/cr1364c:6s7h,JsKs|/5h7cKc/4d/2s:-5240,5240(-3286.232566)
298:BR,Player:0r130c/cr299c/r325r335r10411f:7cAh,8c9d|/4s5h7h/9c:1189,-1189(1189.000000)
299:Player,BR:0cc/cc/cr8194r8194c/r3512c:2sAc,2cAh|/2d9hAd/Th/As:0,-0(2847.697851)
300:BR,Player:0r130c/cr690c/r100f:4cQc,4hJc|/5d9dQd/7s:920,-920(920.000000)
301:Player,BR:0cc/cc/cr1532f:3sQs,KcAc|/3dJhAh/Ts:-100,100(-100.000000)
302:BR,Player:0cc/cr130c/r14250f:6dAc,3c5h|/4s8sQh/9d:230,-230(230.000000)
303:Player,BR:0cr1200c/cc/r1690f:3c9c,3sJh|/3h6cAc/Kc:1300,-1300(1300.000000)
304:BR,Player:0r130c/cc/r1001c/r7088f:8dAd,8c9h|/4c9sJd/9d/Td:1231,-1231(1231.000000)
305:Player,BR:0cc/cc/cr1761f:4dTc,3d7h|/9hTdKc/2h:-100,100(-100.000000)
306:BR,Player:0r130c/cr460c/r6042f:8dQd,5s6c|/2c3dKd/Kc:690,-690(690.000000)
307:Player,BR:0cc/cc/cr9423f:3cJh,2s6s|/2cKcAc/9c:-100,100(-100.000000)
308:BR,Player:0r130c/cr299c/r186f:3sJh,3cTc|/2h9sQd/Qs:529,-529(529.000000)
309:Player,BR:0cr300c/r520c/cr4005f:9dJc,TdQc|/8sKhAd/6d:-920,920(-920.000000)
310:BR,Player:0cc/cr200c/cr1800r1800f:9dQd,2s2c|/5c8c9c/As:2100,-2100(2100.000000)
311:Player,BR:0cr300c/r520c/cr1991f:4sKs,6cKc|/TcQsQh/6h:-920,920(-920.000000)
312:BR,Player:0cc/cr130c/r871c/cc:2d8c,4h8d|/5c8hTd/8s/Tc:0,-0(499.024689)
313:Player,BR:0cc/cc/cr435f:4sTc,6hAh|/4d9s9d/5d:-100,100(-100.000000)
314:BR,Player:0r130c/cr299c/r753f:5s7s,8hJs|/4h9hAs/2h:529,-529(529.000000)
315:Player,BR:0cc/cc/cr142f:8hJs,9sAh|/2c4dKs/5s:-100,100(-100.000000)
316:BR,Player:0r200c/cr900c/r1708f:3hKd,QhAd|/4sJdAc/6c:1200,-1200(1200.000000)
317:Player,BR:0cc/cc/r200r5284f:6cTs,2s8d|/9sQsKs/4d:-300,300(-300.000000)
318:BR,Player:0r130c/cr299c/r374f:9cTc,3dKd|/3c7cAs/2d:529,-529(529.000000)
319:Player,BR:0cc/cc/cr216f:8hJd,6hAs|/9d9cAh/4d:-100,100(-100.000000)
320:BR,Player:0cc/cr130c/cc/r871c:4s8s,6dQc|/5h8cJd/3c/6s:1101,-1101(868.998610)
321:Player,BR:0cc/cc/cr3080f:3s9c,5d7s|/4h8s9d/8d:-100,100(-100.000000)
322:BR,Player:0f:5d8d,4c9d|:50,-50(50.000000)
323:Player,BR:0cc/cc/cr379c/cr3172f:9hAs,7h9c|/7sJhJd/5d/Kc:-479,479(-479.000000)
324:BR,Player:0r130c/cr690c/r3483c/r12604r2993f:6c9h,3sKs|/5s7sAc/8s/Jh:-17007,17007(-17007.000000)
325:Player,BR:0cc/cc/cr1761f:2h5h,7c8h|/JdQcAd/6s:-100,100(-100.000000)
326:BR,Player:0r200c/cr390c/r1718f:ThAs,6c7h|/4h9cAh/2h:690,-690(690.000000)
327:Player,BR:0cr300c/cc/cr495c/cr963c:8s8h,9cKs|/5c6h9h/Qs/As:-1858,1858(-861.506397)
328:BR,Player:0cc/cc/r3080f:8sJh,9dKc|/6d9hQc/4s:100,-100(100.000000)
329:Player,BR:0cc/cc/cr379c/cr12831f:2d3s,6hTd|/2hThAd/4d/3d:-479,479(-479.000000)
330:BR,Player:0r130c/cc/r1001f:3sTs,2d6d|/9sKsKh/3c:230,-230(230.000000)
331:Player,BR:0cc/r200c/r390r982f:2sQc,2h5s|/5c8cAc/7c:-690,690(-690.000000)
332:BR,Player:0r130c/cc/r871f:3dQc,7dJd|/4h6hQs/7h:230,-230(230.000000)
333:Player,BR:0cr300c/r800c/cr4543c/cr10809c:5s8s,JdKd|/2d6sKh/8h/As:-16552,16552(-15339.651711)
334:BR,Player:0r200c/cc/r427f:TsQc,KsAh|/7h9hJs/2s:300,-300(300.000000)
335:Player,BR:0cc/cc/r130r871f:5s9c,9hAc|/5hTcAs/2c:-230,230(-230.000000)
336:BR,Player:0cc/cr200c/r19700f:7dAh,5hTd|/7hAsAd/9c:300,-300(300.000000)
337:Player,BR:0cc/cc/cr876f:4s5d,7d8c|/6c9cAc/As:-100,100(-100.000000)
338:BR,Player:0r130c/cr299c/r100f:2d7h,3dJs|/4s9sKc/2h:529,-529(529.000000)
339:Player,BR:0cr200c/cc/r150r557c/cr176c:QdKc,QsQh|/2d3hKs/6c/Td:1183,-1183(-669.865278)
340:BR,Player:0r130c/cr299c/cr264r18471f:9hAs,5s7h|/6c9cJc/8d:793,-793(793.000000)
341:Player,BR:0cc/cc/r130r3522c/r100r12680c:4dJc,5s8s|/4s5dJs/8c/Ks:-16532,16532(-16532.000000)
342:BR,Player:0r130c/cc/r7085f:4h6c,3c7c|/8cTcAh/Kd:230,-230(230.000000)
343:Player,BR:0cr600c/cc/cr214c/cr3460r15626c:9s9h,7hTh|/TdJhAd/6c/4s:-20000,20000(-20000.000000)
344:BR,Player:0r130c/cr299c/r4632c/r4200f:2s9c,9dJh|/5dTcJs/Qh/2d:5161,-5161(5161.000000)
345:Player,BR:0cc/r130c/r115r10627f:3d7s,2cAh|/8d9dTh/8s:-345,345(-345.000000)
346:BR,Player:0r130c/cr299c/r4632f:3cKc,4d5d|/6d7hTh/Ac:529,-529(529.000000)
347:Player,BR:0cc/cc/cr876c/cr12998c:6s7d,2s7s|/5d9sTd/8h/Kc:13974,-13974(13974.000000)
348:BR,Player:0r130c/cr299c/r4632f:8cTs,6c8s|/5s9hJs/5d:529,-529(529.000000)
349:Player,BR:0cr300c/r520c/cr651f:5s8d,QsKh|/3d6dAc/Ad:-920,920(-920.000000)
350:BR,Player:0r130c/cr299c/r2303f:3s4s,5cTs|/8s9cJd/Kd:529,-529(529.000000)
351:Player,BR:0cr300c/r520c/cr8056f:9dKd,7s9c|/3d5h6c/Ah:-920,920(-920.000000)
352:BR,Player:0f:5s6s,3cTd|:50,-50(50.000000)
353:Player,BR:0cc/cc/cr379f:9dAh,QhKc|/6c7sKs/5h:-100,100(-100.000000)
354:BR,Player:0r130c/cr299c/r186r1108f:2h6d,TsAc|/5hKcAd/3c:-715,715(-715.000000)
355:Player,BR:0cc/cc/cr435f:5sAc,9cQc|/2c7d8d/2s:-100,100(-100.000000)
356:BR,Player:0r130c/cr299c/r2003f:4h6c,8h8d|/3h4s6d/Th:529,-529(529.000000)
357:Player,BR:0cr130c/r299c/r687r5294f:4d5s,2hTs|/2sQcAs/6c:-1216,1216(-1216.000000)
358:BR,Player:0r130c/cr460c/r6042r13268f:5cAh,KhKc|/6s7dJs/Qc:-6732,6732(-6732.000000)
359:Player,BR:0cc/cc/r130r1751f:5cTh,AsAd|/3c7sQs/8d:-230,230(-230.000000)
360:BR,Player:0cc/cc/r9423f:JdAh,3dTh|/3h6c7c/Ks:100,-100(100.000000)
361:Player,BR:0cc/cc/cr435c/cr6196f:4cQd,4hJc|/4sQsKc/5h/7h:-535,535(-535.000000)
362:BR,Player:0r130c/cr299c/r2003c/r16765f:3c4h,4sAc|/3hQhAd/4d/Jh:2532,-2532(2532.000000)
363:Player,BR:0cr200c/cc/cr9241f:3c4c,6d7d|/9dJhKh/Jd:-300,300(-300.000000)
364:BR,Player:0r130c/cc/r14250f:4dAd,9s9c|/6sQhKs/Kd:230,-230(230.000000)
365:Player,BR:0cc/cc/cr142f:3s8d,2cKh|/TdJhJd/7h:-100,100(-100.000000)
366:BR,Player:0cc/cc/r9423f:3h3d,4s4h|/8hKsKc/2s:100,-100(100.000000)
367:Player,BR:0cr300c/cc/cr495c/r100r15239f:QsQc,3h7s|/6s7hKc/Kh/4c:-995,995(-995.000000)
368:BR,Player:0r200c/cr600c/r100r620r7053f:TcJc,6h9d|/9s9cJh/4d:1620,-1620(1620.000000)
369:Player,BR:0cc/cc/cr124f:3cJh,7sKd|/6s7hQc/8c:-100,100(-100.000000)
370:BR,Player:0r200c/cr390c/r3004c/r7996f:4s5h,3d5d|/6c8d9d/3c/Jh:3694,-3694(3694.000000)
371:Player,BR:0cc/cc/r130r1001f:6hKd,TcKs|/7h8cQh/4c:-230,230(-230.000000)
372:BR,Player:0r130c/cr299c/r1145c/r7288f:4dJs,7dQd|/9dTcJd/Jc/Kc:1674,-1674(1674.000000)
373:Player,BR:0cc/r130c/cr1751f:4dAh,6h6c|/4c8dQh/7d:-230,230(-230.000000)
374:BR,Player:0r200c/cr900c/r367r2753r6148f:JdKs,8s9s|/3cJsAd/2c:4320,-4320(4320.000000)
375:Player,BR:0cc/cc/cr435f:3sQc,2s6c|/4s5c7s/5h:-100,100(-100.000000)
376:BR,Player:0r200c/cc/r9241f:3s9d,4hJd|/6h6dQh/9h:300,-300(300.000000)
377:Player,BR:0cr200c/cc/cr5284f:3h4d,3dJs|/5s8hQc/9c:-300,300(-300.000000)
378:BR,Player:0r130c/cc/r285c/r1695f:4d4c,JcKd|/3h6dAs/Ac/8s:515,-515(515.000000)
379:Player,BR:0cr300c/cc/cr7045f:ThJh,2cAc|/9hJdKc/9s:-400,400(-400.000000)
380:BR,Player:0r130c/cr299c/r753c/cr2368f:3sTd,4d5d|/5s5cJh/6h/4s:-1282,1282(-1282.000000)
381:Player,BR:0cr600c/cc/r350r3975f:KsAd,9cJh|/3h5h9s/7d:-1050,1050(-1050.000000)
382:BR,Player:0r130c/cc/r4051f:6sJd,5hAc|/5s8c9s/4h:230,-230(230.000000)
383:Player,BR:0cc/cc/cr761f:4d8s,2sAc|/9cTcAs/3d:-100,100(-100.000000)
384:BR,Player:0r130c/cr690c/r324c/r3561f:4d9c,TdJd|/3sKsAh/Ts/2c:1244,-1244(1244.000000)
385:Player,BR:0cc/cc/cr100c/cr1751f:9cJh,KdAs|/8s8hTd/9s/5s:-200,200(-200.000000)
386:BR,Player:0r130c/cc/r2014f:6dQh,3h4h|/2c3c5c/Jd:230,-230(230.000000)
387:Player,BR:0cr600c/cc/r1400r9142f:JcKs,ThTd|/3c6dKd/9c:-2100,2100(-2100.000000)
388:BR,Player:0cc/cc/r100f:2s4c,7c9h|/TsTcAs/4d:100,-100(100.000000)
389:Player,BR:0cc/cc/cr876f:4hAd,2s9d|/3s3h7h/As:-100,100(-100.000000)
390:BR,Player:0r130c/cc/r1001f:2d4s,JsAd|/2h8d9h/6c:230,-230(230.000000)
391:Player,BR:0cc/cc/cr761f:4cQc,3d8d|/2h3h8s/5h:-100,100(-100.000000)
392:BR,Player:0r130c/cr299c/r753f:7hKd,7dTc|/2s5hJh/8d:529,-529(529.000000)
393:Player,BR:0cr600c/r4200c/r9800r5300f:7dKd,6h6c|/5d8sQc/Ah:-14700,14700(-14700.000000)
394:BR,Player:0r200c/cc/r2627f:QcAd,9s9d|/2h4dKh/5s:300,-300(300.000000)
395:Player,BR:0cr200c/cc/cr5284f:JhAd,6cKh|/4c9sTh/8h:-300,300(-300.000000)
396:BR,Player:0r130c/cr1380c/r7009f:8cKh,3d4s|/5sTsAd/Jd:1610,-1610(1610.000000)
397:Player,BR:0cr200c/cc/r600r3918f:5h7h,8hQh|/3d6hKh/Qs:-900,900(-900.000000)
398:BR,Player:0cc/cc/r761f:3hAc,3c6s|/2h2cAd/Kd:100,-100(100.000000)
399:Player,BR:0cr200c/cc/r150r1704f:JhAh,3c6d|/6s6c7d/8c:-450,450(-450.000000)
400:BR,Player:0r200c/cr390c/r3004f:4hTh,3d5h|/7hJsKd/3h:690,-690(690.000000)
401:Player,BR:0cc/cc/cr124f:3c8s,5h9h|/2h2cJs/5c:-100,100(-100.000000)
402:BR,Player:0r130c/cr299c/r325c/r3718f:7d9h,5cJh|/4s7hTd/6d/Qd:854,-854(854.000000)
403:Player,BR:0cc/cc/cr216c/cr8464c:8hKc,7h8c|/2h2c8d/6d/8s:0,-0(-6504.654823)
404:BR,Player:0r130c/cc/r7085f:4s4h,6h7c|/3s3hQc/Kd:230,-230(230.000000)
405:Player,BR:0cr300c/r520c/cr281r455r2357f:2h4h,4sAd|/8sThAs/2s:-1656,1656(-1656.000000)
406:BR,Player:0r200c/cc/r9241f:3sQc,2hJh|/5c6sAs/Kd:300,-300(300.000000)
407:Player,BR:0cc/cc/cr124c/cc:2hTs,QdKc|/5sThAs/Ac/3d:224,-224(21.887102)
408:BR,Player:0r130c/cr299c/r2003r3816f:5sKh,TsQh|/5cJcKs/9s:-2532,2532(-2532.000000)
409:Player,BR:0cc/cc/cr379f:8sAc,TcQc|/2h7dKc/Td:-100,100(-100.000000)
410:BR,Player:0r130c/cr299c/r8102f:4s8s,9h9c|/6s6c7s/5d:529,-529(529.000000)
411:Player,BR:0cr130c/cc/r460r3004f:4s8s,3sAc|/3c9sKs/5c:-690,690(-690.000000)
412:BR,Player:0r130c/cc/r1751f:7sAs,4d8d|/2h4h7d/7c:230,-230(230.000000)
413:Player,BR:0cc/cc/cr3080f:4s9c,8cTd|/4h9dKc/5h:-100,100(-100.000000)
414:BR,Player:0f:5hAc,2s8c|:50,-50(50.000000)
415:Player,BR:0cr200c/r390c/r345c/r517r6757f:9dKd,6dTs|/JhKhKc/Ad/As:-1552,1552(-1552.000000)
416:BR,Player:0r200c/cc/r747c/r10543r8410f:8cKc,6cTd|/3cTsTc/6h/Ah:-11590,11590(-11590.000000)
417:Player,BR:0cc/cc/cc/r130r130f:5s7c,6sAc|/8hTcKh/Ts/Td:-230,230(-230.000000)
418:BR,Player:0r130c/cr299c/r2303f:3hTh,8hKd|/3d9hKh/9d:529,-529(529.000000)
419:Player,BR:0cc/cc/cc/cc:TcKd,6hAc|/5dQhKh/Kc/4c:100,-100(-47.190733)
420:BR,Player:0r130c/cc/r2014f:6cAs,9dJd|/4s9sKc/Js:230,-230(230.000000)
421:Player,BR:0cc/cc/cr216c/cr684f:3dAc,5cTh|/2c7sJh/5h/6s:-316,316(-316.000000)
422:BR,Player:0r130c/cc/r285f:8dJs,7hTh|/4d8cQc/4s:230,-230(230.000000)
423:Player,BR:0cc/cc/cr3080f:3c6d,4h5h|/6cThKs/2s:-100,100(-100.000000)
424:BR,Player:0cc/cr130c/cr460f:3h5c,3sQs|/8h9sJd/4s:-230,230(-230.000000)
425:Player,BR:0cc/cc/cr379f:8cTd,9hAd|/5h9dKh/Ks:-100,100(-100.000000)
426:BR,Player:0cc/cc/r761c/r5701c:QsKc,JsAd|/8sJdQd/7s/Jh:-6562,6562(-5715.308211)
427:Player,BR:0cc/cc/cr142f:6h7d,5c9s|/7sJsQd/4s:-100,100(-100.000000)
428:BR,Player:0f:5cAh,2sTc|:50,-50(50.000000)
429:Player,BR:0cc/cc/r130r498c/cr16957f:6hQs,9cAs|/JhQcAd/2h/3h:-728,728(-728.000000)
430:BR,Player:0r130c/cr299c/r4632f:2sAh,2cKc|/5c6h7c/4h:529,-529(529.000000)
431:Player,BR:0cr300c/cc/r200r2612f:7s9s,3hAs|/4c6d7c/Ks:-600,600(-600.000000)
432:BR,Player:0cc/cc/r2679f:5dKc,2dQh|/JsKsKh/Jh:100,-100(100.000000)
433:Player,BR:0cc/cc/r200r1306f:6hQs,3d4d|/7c9sQh/Jc:-300,300(-300.000000)
434:BR,Player:0r130c/cr299c/r4632f:4cTh,7h8s|/2d3d6c/9d:529,-529(529.000000)
435:Player,BR:0cc/cc/r130r1751f:6c9h,6sQd|/5sQhQc/Ac:-230,230(-230.000000)
436:BR,Player:0r130c/cr299c/r753f:TsQs,6hKd|/7s7d8c/4s:529,-529(529.000000)
437:Player,BR:0cc/cc/r200r9241f:9sJd,2c7s|/5c6hQh/Js:-300,300(-300.000000)
438:BR,Player:0r130c/cr299c/cc/r4632f:3d3c,2c8c|/4d6sJs/Qd/7s:529,-529(529.000000)
439:Player,BR:0cc/cc/cr3080f:5hQh,3d9h|/5s8sTd/Kc:-100,100(-100.000000)
440:BR,Player:0r130c/cc/r327r1030f:5sTc,5h6d|/2h4c9s/3c:-557,557(-557.000000)
441:Player,BR:0cc/cc/cr249f:3sKd,TcAc|/2s7h8c/9c:-100,100(-100.000000)
442:BR,Player:0r200c/cc/r5284f:2s7c,4dKh|/7sThAs/3s:300,-300(300.000000)
443:Player,BR:0cc/cc/r200r4595f:2c8c,5d7s|/3h6hTs/4d:-300,300(-300.000000)
444:BR,Player:0r130c/cc/r327c/r3207f:JdQc,8hTc|/7s9hKs/3s/4c:557,-557(557.000000)
445:Player,BR:0cc/cc/r130r4051f:2d7d,TsKs|/3s4h7c/Jc:-230,230(-230.000000)
446:BR,Player:0r200c/cc/r371f:5sAd,7dKs|/3c4c5c/Td:300,-300(300.000000)
447:Player,BR:0cc/cc/cr9423f:5c8s,6s6h|/QcKdAs/8c:-100,100(-100.000000)
448:BR,Player:0f:3h8c,2c6d|:50,-50(50.000000)
449:Player,BR:0cr200c/cc/r150r13862f:QcAs,8c9s|/2s4sJc/3c:-450,450(-450.000000)
450:BR,Player:0cc/cr300c/cr520r4005f:ThQs,8sJh|/5s6s6d/Jd:920,-920(920.000000)
451:Player,BR:0cr300c/cc/cr3046f:5c9c,4dAd|/4c5s8s/4s:-400,400(-400.000000)
452:BR,Player:0r300c/cc/r7045c/cr12555f:7hKd,8s8c|/2c5hAd/8d/5d:-7445,7445(-7445.000000)
453:Player,BR:0cc/cc/cr761f:2s4c,5dKs|/5h8hTh/Kd:-100,100(-100.000000)
454:BR,Player:0r200c/cc/r1306f:TdQh,QcKd|/2c4dAs/8c:300,-300(300.000000)
455:Player,BR:0cr200c/cc/cr371c/cr2209f:7sAh,4dKc|/3s4sTc/5d/Jh:-671,671(-671.000000)
456:BR,Player:0r200c/cr390c/cc/r1718f:4c8d,8hTd|/3hJsKh/8c/Jh:690,-690(690.000000)
457:Player,BR:0cr130c/cc/r115r1306f:TdKc,9s9d|/3h4s7h/Jh:-345,345(-345.000000)
458:BR,Player:0cc/cr130c/r285f:3dQc,4c8s|/2sJhQd/5s:230,-230(230.000000)
459:Player,BR:0cc/cc/r130r573f:3d7h,4c6s|/QdAdAc/Qs:-230,230(-230.000000)
460:BR,Player:0f:6h8c,3c8d|:50,-50(50.000000)
461:Player,BR:0cc/cc/cr124f:2d8d,3s6c|/7sAsAc/3d:-100,100(-100.000000)
462:BR,Player:0r200c/cr900c/r10508f:TsKh,6c9d|/2dJdAs/2s:1200,-1200(1200.000000)
463:Player,BR:0cc/cc/r200r371c/cr117f:4d6h,5hQd|/3h6sQh/2d/8h:-671,671(-671.000000)
464:BR,Player:0r200c/cr390c/r243c/r1527c:2hAs,9dTd|/9cJsJc/Ac/Jh:2460,-2460(1707.747094)
465:Player,BR:0cc/cc/r130f:8d9c,8cQc|/3d6sJh/5h:100,-100(100.000000)
466:BR,Player:0r130c/cc/r7085f:2h4c,ThAd|/3h7s8c/Qs:230,-230(230.000000)
467:Player,BR:0cc/cc/r130r2014f:5s8d,4h8c|/3s5dKc/2s:-230,230(-230.000000)
468:BR,Player:0cc/cc/r124c/r422c:ThJh,8cQc|/4s4h8d/Tc/2s:646,-646(412.409473)
469:Player,BR:0cr130c/r299c/cr2303f:4h8h,3sQh|/3c6s8c/9h:-529,529(-529.000000)
470:BR,Player:0r130c/cc/r4051f:5dQd,7sTc|/4d8sKh/Js:230,-230(230.000000)
471:Player,BR:0cc/cc/cr124f:2h8c,TcAd|/TsJhKd/4h:-100,100(-100.000000)
472:BR,Player:0r200c/cr390c/r488f:2h4h,4cJc|/5dTcQs/Qd:690,-690(690.000000)
473:Player,BR:0cc/cc/r300f:2sAh,KhKc|/6c7dAs/5h:100,-100(100.000000)
474:BR,Player:0r130c/cc/r2014f:6cQh,3c5c|/5dJsKc/8h:230,-230(230.000000)
475:Player,BR:0cr300c/r520c/cr2290f:7sJs,4hAd|/3h9dQs/5h:-920,920(-920.000000)
476:BR,Player:0r130c/cr299c/r9317f:2hKs,5sTs|/4s5hQh/7c:529,-529(529.000000)
477:Player,BR:0cr200c/r390c/cr3004f:2d9d,9hQc|/3d4cJs/Jh:-690,690(-690.000000)
478:BR,Player:0cc/cc/r1761f:7d9c,5d8d|/2h5hTc/Ah:100,-100(100.000000)
479:Player,BR:0cr300c/r520c/r1196r2619c/cr15265f:TsTc,2h6s|/2c6h7c/5d/Jh:-4735,4735(-4735.000000)
480:BR,Player:0r200c/cc/r5284f:4hAc,5hJh|/3h6cKh/Qd:300,-300(300.000000)
481:Player,BR:0cc/cc/cr124f:5dTc,4dAd|/8cKsKd/2c:-100,100(-100.000000)
482:BR,Player:0f:QdKh,2c4d|:50,-50(50.000000)
483:Player,BR:0cc/cc/cr876f:4sKd,4c6s|/TcQsQh/2c:-100,100(-100.000000)
484:BR,Player:0r130c/cc/r3522f:QcKd,8cTd|/8hQdKh/5h:230,-230(230.000000)
485:Player,BR:0cr300c/cc/cc/cr1514c:KhKc,6d9c|/JsQcAc/9s/2d:1914,-1914(-460.707339)
486:BR,Player:0r130c/cc/r4051f:5d6s,8sKc|/4c7cAh/Ts:230,-230(230.000000)
487:Player,BR:0cc/cc/cr3080f:5sKc,7d9c|/2h7hAh/Qs:-100,100(-100.000000)
488:BR,Player:0r200c/cc/r1306f:5d8h,5c6s|/9cTsAh/Ks:300,-300(300.000000)
489:Player,BR:0cr200c/r390c/cr488c/cr6782f:6dKc,9hTc|/2c7dKs/Qs/Qc:-1178,1178(-1178.000000)
490:BR,Player:0r300c/cc/r3503f:2hKs,2dJd|/7c8hJs/3c:400,-400(400.000000)
491:Player,BR:0cc/cc/cr8194f:2h7h,7s8d|/5d8hQd/7c:-100,100(-100.000000)
492:BR,Player:0r130c/cr460c/r100f:6sKc,5dQh|/7cJdKs/Js:690,-690(690.000000)
493:Player,BR:0cc/cc/r130r4051f:7s8h,8c9d|/5hThAc/Js:-230,230(-230.000000)
494:BR,Player:0r200c/cr390c/r243r1447f:7dTc,6sQs|/2s9sTh/4s:-933,933(-933.000000)
495:Player,BR:0cr200c/cc/r600r600r2640r5892f:6h6d,3s3d|/7cThKh/6s:-4140,4140(-4140.000000)
496:BR,Player:0r130c/cr460c/r488r4342f:2hTs,4h6d|/2s3dAh/5s:-1178,1178(-1178.000000)
497:Player,BR:0cr200c/cc/cr747f:4d6h,3h6c|/ThTcJs/9c:-300,300(-300.000000)
498:BR,Player:0r130c/cc/r871f:QsAc,2hKc|/4c8dAd/Jd:230,-230(230.000000)
499:Player,BR:0cc/cc/r130r7085f:6c8d,8cKh|/QhKdAs/Ad:-230,230(-230.000000)
500:BR,Player:0f:6sTs,2c5d|:50,-50(50.000000)
501:Player,BR:0cr600c/cc/cr2650f:8hKc,9sAh|/3c4sAd/Jd:-700,700(-700.000000)
502:BR,Player:0r200c/cr390c/r3004f:3c6h,8dJs|/5cAsAh/Kc:690,-690(690.000000)
503:Player,BR:0cc/cc/cc/cr142c:6dQc,3d6c|/3c8dTh/Kc/Ks:-242,242(-140.106924)
504:BR,Player:0r200c/cc/r5284f:3s4c,7s8s|/4d5hQh/Kd:300,-300(300.000000)
505:Player,BR:0cc/cc/cr249f:3dTs,2hQh|/8cKhKc/As:-100,100(-100.000000)
506:BR,Player:0r200c/cc/r427f:3hQs,8h9c|/2d4d8d/Ad:300,-300(300.000000)
507:Player,BR:0cr200c/cc/r390r3004f:KcAc,4d9d|/8s8hKd/7s:-690,690(-690.000000)
508:BR,Player:0f:2h3c,2c8s|:50,-50(50.000000)
509:Player,BR:0cr300c/cc/cr6126r6126r6126f:4s6c,TdQh|/4h7sKh/Qc:-12652,12652(-12652.000000)
510:BR,Player:0r130c/cc/r1001f:7d8c,5dQh|/4s9hTs/Ad:230,-230(230.000000)
511:Player,BR:0cr300c/cc/cr7045f:4s7c,5h5c|/JdQsAd/Td:-400,400(-400.000000)
512:BR,Player:0r130c/cc/r1001f:7sKh,4dJc|/4h5sTs/6s:230,-230(230.000000)
513:Player,BR:0cr300c/r520c/r184r679c/cr6750c:9sKs,ThKh|/6d7sJd/Kd/Kc:-8533,8533(-5341.282966)
514:BR,Player:0cc/cc/r8194f:4cTd,4d7c|/9dTcQh/2c:100,-100(100.000000)
515:Player,BR:0cc/cc/r300r12322f:2d4h,5dQh|/2h4sQd/8s:-400,400(-400.000000)
516:BR,Player:0f:9hKs,2s4h|:50,-50(50.000000)
517:Player,BR:0cc/cc/cr435f:6c8d,6s7h|/3s5h5d/Kc:-100,100(-100.000000)
518:BR,Player:0r130c/cr299c/r4028f:3dTc,4sJd|/3hTsKc/7d:529,-529(529.000000)
519:Player,BR:0cc/cc/cr1532c/cr18368f:2h6s,AsAc|/2c6cJs/Qs/Ad:-1632,1632(-1632.000000)
520:BR,Player:0r130c/cr460c/r6042f:4s9h,5sKs|/2s2h5h/8h:690,-690(690.000000)
521:Player,BR:0cr130c/cc/r460r460f:8sTs,8hQc|/4h9dQs/9c:-690,690(-690.000000)
522:BR,Player:0r200c/cc/cc/r5284f:5hTs,4cJd|/TcQsAh/7c/9d:300,-300(300.000000)
523:Player,BR:0cr600c/cc/r350r1299f:8dJd,3dKd|/2h7h7c/3c:-1050,1050(-1050.000000)
524:BR,Player:0r130c/cc/r285c/r18244f:2h8c,4sAs|/2c7d7c/5h/4d:515,-515(515.000000)
525:Player,BR:0cc/cc/cr9423f:2s6s,3h5d|/8c9cJs/Qd:-100,100(-100.000000)
526:BR,Player:0r300c/cr520c/r4005f:5hJd,9hTh|/2c4cKh/3c:920,-920(920.000000)
527:Player,BR:0cr300c/r520c/cr8056f:9cJc,ThKc|/4d6h9h/8c:-920,920(-920.000000)
528:BR,Player:0r130c/cr299c/r2303f:2d4d,6h9s|/2c7h9d/Kd:529,-529(529.000000)
529:Player,BR:0cc/cc/r130r327f:4h7c,TcQd|/2d5s5d/Ac:-230,230(-230.000000)
530:BR,Player:0cc/cr130c/r100f:7hKd,3dTh|/4c9cKs/Ac:230,-230(230.000000)
531:Player,BR:0cc/cc/cr761f:3cQh,9hKd|/6s7h7d/Ks:-100,100(-100.000000)
532:BR,Player:0r130c/cr299c/r4632f:3s3c,6s8s|/2s8d9c/8h:529,-529(529.000000)
533:Player,BR:0cr200c/cc/cr1136c/cr3108f:6s6h,3dTd|/3h7hTs/9h/8h:-1436,1436(-1436.000000)
534:BR,Player:0f:3cKc,2d9h|:50,-50(50.000000)
535:Player,BR:0cr200c/cc/r150r1959f:9sKd,4dQs|/2cThKc/5c:-450,450(-450.000000)
536:BR,Player:0r300c/cc/r1514c/r12673f:4sQc,TcJc|/4c7hQd/2c/Th:1914,-1914(1914.000000)
537:Player,BR:0cc/cc/r130r285c/cr1695c:3cQc,4cAh|/9dQhAd/Jc/4s:-2210,2210(-2210.000000)
538:BR,Player:0r130c/cc/r1751c/r11406f:7cQs,QhAc|/8dQdKs/Kc/9d:1981,-1981(1981.000000)
539:Player,BR:0cr300c/cc/r200r369c/cr19031f:8cQc,7sKd|/9dKsKc/Td/8d:-969,969(-969.000000)
540:BR,Player:0f:5s8d,2h7s|:50,-50(50.000000)
541:Player,BR:0cr200c/cc/r150r1120f:8sAs,4sKd|/3sThAc/3h:-450,450(-450.000000)
542:BR,Player:0f:5dQc,2d7s|:50,-50(50.000000)
543:Player,BR:0cc/cc/cr124f:2s7d,2cJs|/4h9dJc/4c:-100,100(-100.000000)
544:BR,Player:0r130c/cr299c/r753f:3s6c,TcAc|/2h8s8c/2d:529,-529(529.000000)
545:Player,BR:0cr300c/cc/r800c/r1560c:JsAd,8dKd|/7cQdKs/Th/3d:2760,-2760(55.254828)
546:BR,Player:0cc/cr130c/r4051f:2dJs,5s9c|/7hTdQd/4s:230,-230(230.000000)
547:Player,BR:0cc/cc/cr3080f:2dQc,8hTs|/9hJhJc/4c:-100,100(-100.000000)
548:BR,Player:0cc/cc/r9423f:4hJc,3sJh|/9dQcKh/7s:100,-100(100.000000)
549:Player,BR:0cc/cc/r200r200c/r400r15851f:3sAh,4cTd|/3hQcAc/7c/5d:-900,900(-900.000000)
550:BR,Player:0r130c/cr299c/r2003f:KcAs,JhKs|/4s8s9c/Ac:529,-529(529.000000)
551:Player,BR:0cc/cc/r300r300f:7sTd,6dAh|/4c6c8h/Jc:-400,400(-400.000000)
552:BR,Player:0r130c/cr299c/r19471f:9dTc,6sJh|/2c3s9s/8h:529,-529(529.000000)
553:Player,BR:0cc/cc/cr876f:6cJs,8dJd|/3c4dAd/Qh:-100,100(-100.000000)
554:BR,Player:0r130c/cr460c/cr1380r9012f:6cAc,ThKs|/2h7s8h/3c:2070,-2070(2070.000000)
555:Player,BR:0cc/cc/cr435f:7hKd,TsKc|/3h8dJh/4h:-100,100(-100.000000)
556:BR,Player:0f:6d7s,2hTd|:50,-50(50.000000)
557:Player,BR:0cc/cc/cr124f:8dQc,TsTc|/7sJhAs/3h:-100,100(-100.000000)
558:BR,Player:0cc/cc/r2679f:ThAd,4dJh|/6hJsAs/7d:100,-100(100.000000)
559:Player,BR:0cr300c/r520c/r1196r3011c/cr14676r197f:2d9s,7cKh|/3h9d9c/5d/4s:19803,-19803(19803.000000)
560:BR,Player:0r300c/cr800c/r5224f:7d9c,9dAh|/6s6d6c/Ks:1200,-1200(1200.000000)
561:Player,BR:0cc/cc/cr876f:4dKc,2c4c|/2dQcAd/8h:-100,100(-100.000000)
562:BR,Player:0r130c/cc/r4051f:2c8s,TdAh|/5d7d9s/Qc:230,-230(230.000000)
563:Player,BR:0cc/cc/cr124f:4sTs,7d8c|/3h7cKc/Qs:-100,100(-100.000000)
564:BR,Player:0r130c/cr299c/r2303f:5dTd,5c7d|/4sJdQd/Js:529,-529(529.000000)
565:Player,BR:0cc/cc/cr124c/cr737c:2d7c,7dQs|/2s6d7s/8d/Js:961,-961(-226.111194)
566:BR,Player:0r200c/cr390c/cr1380c/r15762f:TsTd,3d5d|/2sJsAh/7h/Qs:2070,-2070(2070.000000)
567:Player,BR:0cr200c/cc/r600c/cr1281f:ThJh,5hAc|/4h8dQs/Ad/Qd:-900,900(-900.000000)
568:BR,Player:0r130c/cr299c/r4632f:2c4d,6sTs|/2s5sAh/Ac:529,-529(529.000000)
569:Player,BR:0cr200c/cc/cr747f:7cAd,4sAs|/5hTdJd/8s:-300,300(-300.000000)
570:BR,Player:0f:TcKs,2s4h|:50,-50(50.000000)
571:Player,BR:0cr600c/cc/r910r910c/cc:3s5s,4sJd|/6c9sJs/Ad/3c:-2520,2520(52.441649)
572:BR,Player:0cc/cr130c/r7085f:3hTc,4h8s|/6sJhJc/4d:230,-230(230.000000)
573:Player,BR:0cr130c/r299c/cr4028f:4hKh,8sTh|/6s9cTd/5d:-529,529(-529.000000)
574:BR,Player:0r130c/cr299c/r2303f:6hJs,3c9c|/2h4d6c/Th:529,-529(529.000000)
575:Player,BR:0cr300c/r520c/r1196c/r2750r12112f:4h5d,9sKs|/4s4d7h/3s/2c:-4866,4866(-4866.000000)
576:BR,Player:0cc/cc/r249f:9cQd,7s9h|/4c5sTc/3s:100,-100(100.000000)
577:Player,BR:0cc/cc/cr249f:3dTs,7s9d|/5h8cAh/4c:-100,100(-100.000000)
578:BR,Player:0cc/cr130c/r1001f:2d4c,5sAd|/QdKdAc/Qh:230,-230(230.000000)
579:Player,BR:0cr130c/cc/cr3522c/cr3053f:2hAh,4c7d|/4dQcKh/7h/8c:-3752,3752(-3752.000000)
580:BR,Player:0r200c/cr390c/r3004f:9sQd,3dQc|/3c7sAh/8s:690,-690(690.000000)
581:Player,BR:0cr1200c/r1690c/cr11319f:3h9h,2h3c|/4s6d8h/5c:-2990,2990(-2990.000000)
582:BR,Player:0r130c/cc/r2014f:5cKs,9sKh|/7d7cTh/6s:230,-230(230.000000)
583:Player,BR:0cr200c/cc/r900r15981f:JcQc,8dQh|/2s7hQs/8c:-1200,1200(-1200.000000)
584:BR,Player:0r130c/cc/r1751f:8hKh,9sQd|/2c8sAd/2s:230,-230(230.000000)
585:Player,BR:0cr300c/cc/cr1741f:6s6c,2d7d|/JsQsQd/9d:-400,400(-400.000000)
586:BR,Player:0cc/cc/r435f:7c9s,7hJd|/4h5h8h/4s:100,-100(100.000000)
587:Player,BR:0cc/r300c/r1200r1200f:3c7h,9cQd|/5d6h9s/Th:-1600,1600(-1600.000000)
588:BR,Player:0r130c/cr460c/r1718r3940f:6dAc,3d3c|/3hTsTh/9s:-2408,2408(-2408.000000)
589:Player,BR:0cr300c/cc/cr12322f:2s2h,4hTh|/8dJcAs/7c:-400,400(-400.000000)
590:BR,Player:0r200c/cc/r212c/r3390f:7cJc,4hKh|/5s6cKs/7h/Js:512,-512(512.000000)
591:Player,BR:0cr200c/r390c/r897r3950f:7h9h,2dJs|/2s8cJc/8d:-1587,1587(-1587.000000)
592:BR,Player:0r130c/cc/r1751f:9dKd,6sTh|/6d8dAh/9c:230,-230(230.000000)
593:Player,BR:0cc/cc/cr9423f:2sKh,8dTh|/QhQcAc/9c:-100,100(-100.000000)
594:BR,Player:0r130c/cr460c/r854c/r10223f:8sQh,6cKc|/9cQdAc/Qs/5d:1544,-1544(1544.000000)
595:Player,BR:0cr300c/cc/r1200r6966f:5sAs,4dKc|/2s7h8h/3c:-1600,1600(-1600.000000)
596:BR,Player:0cc/cc/r379r441r8056f:4dAd,2cJh|/9dJcAc/8c:920,-920(920.000000)
597:Player,BR:0cr600c/r1400c/cr9142f:2dQd,2sJc|/3dTdAc/Js:-2100,2100(-2100.000000)
598:BR,Player:0r200c/cc/r4595r4595r10510c/cc:2d7s,5cAc|/2h4c5s/2s/Jc:20000,-20000(20000.000000)
599:Player,BR:0cr600c/r910c/r805r5227c/cc:2hJh,JsQc|/6sJdJc/Ac/Tc:-7642,7642(6179.985312)
600:BR,Player:0r130c/cc/r163c/r7960f:9hAd,7dAc|/QsQdKh/Tc/5h:393,-393(393.000000)
601:Player,BR:0cc/cc/cr435f:2d4h,5dKd|/3s8dQs/7s:-100,100(-100.000000)
602:BR,Player:0cc/cr130c/r2014f:4h7h,4s9d|/2s8cKs/Ts:230,-230(230.000000)
603:Player,BR:0cr300c/cc/r1200r6966f:TsKc,8hTd|/2s8sKh/Jc:-1600,1600(-1600.000000)
604:BR,Player:0r200c/cr390c/r100c/r13914f:5dAc,KsAd|/2s2h6d/8c/Qc:790,-790(790.000000)
605:Player,BR:0cc/cc/cr8194f:2sQh,AhAc|/6hJhAs/5s:-100,100(-100.000000)
606:BR,Player:0r130c/cr299c/r655r1249c/r856c:6c8s,5dKc|/5cThTc/6d/Qd:3289,-3289(1182.692826)
607:Player,BR:0cr200c/cc/cr9241f:JdQc,4cJc|/3h6s8d/3c:-300,300(-300.000000)
608:BR,Player:0r130c/cr299c/r100c/r512c:6c7s,ThQc|/3c6hAh/Kd/Qs:-1141,1141(-1141.000000)
609:Player,BR:0cc/cc/cr3080f:8cQc,5s7c|/2s6cJc/Th:-100,100(-100.000000)
610:BR,Player:0r130c/cr299c/r1317f:6dKc,9dQd|/2h6sTs/3s:529,-529(529.000000)
611:Player,BR:0cc/cc/r300r569c/r471c:5h9c,3cJs|/3s4h6h/9s/9d:1440,-1440(955.276075)
612:BR,Player:0r130c/cc/r7085f:7hAd,9hQh|/3h9sTc/Th:230,-230(230.000000)
613:Player,BR:0cc/cc/r130r327f:4dJc,KsAs|/7s8cTs/8h:-230,230(-230.000000)
614:BR,Player:0r130c/cr460c/r6042f:TdTc,2hTh|/2s7c8s/Kd:690,-690(690.000000)
615:Player,BR:0cr200c/cc/r600r1281f:7hTh,4d6h|/6c9sKs/2s:-900,900(-900.000000)
616:BR,Player:0f:5dKs,2h7d|:50,-50(50.000000)
617:Player,BR:0cc/cc/cc/cc:6sQd,3dKs|/2s5h7h/5s/2d:-100,100(-27.922643)
618:BR,Player:0r200c/cc/r1306f:ThQc,8cAs|/2c9hJh/5s:300,-300(300.000000)
619:Player,BR:0cr300c/cc/cr866c/cr5512f:KhAd,9cTh|/6h9hJh/2c/7d:-1266,1266(-1266.000000)
620:BR,Player:0r130c/cr299c/r4632f:2h9c,3sJh|/2c6sAs/Qc:529,-529(529.000000)
621:Player,BR:0cc/cc/cr379c/cr6379f:5hJh,2d9h|/3d8h9d/5c/Tc:-479,479(-479.000000)
622:BR,Player:0r130c/cc/r1001f:5cQc,8d9d|/2c8cJd/7h:230,-230(230.000000)
623:Player,BR:0cc/cc/r130r285r543r543f:4cKs,4sTs|/2c6s6c/4d:-1058,1058(-1058.000000)
624:BR,Player:0f:3c8c,2h5c|:50,-50(50.000000)
625:Player,BR:0cc/cc/cr3080f:9sAd,8sKd|/9hThJd/4s:-100,100(-100.000000)
626:BR,Player:0r130c/cr299c/r655c/cr1249r3463f:6dTh,9cTc|/6s8h8c/2d/2h:2433,-2433(2433.000000)
627:Player,BR:0cc/cc/cr8194f:3h5c,QsKc|/3d8dKs/Ah:-100,100(-100.000000)
628:BR,Player:0r130c/cc/cr460r982f:4s6c,2sAd|/6hQdAh/Js:690,-690(690.000000)
629:Player,BR:0cc/cc/r130r573f:2h5c,5sKs|/3d8cAd/Kd:-230,230(-230.000000)
630:BR,Player:0r130c/cr299c/r186f:5s6c,3s4d|/6sTsTc/9d:529,-529(529.000000)
631:Player,BR:0cc/cc/cr216c/cr194r525r1473f:9sQh,4cJs|/2h8cQs/Jd/8s:-1035,1035(-1035.000000)
632:BR,Player:0r130c/cr299c/cc/r4632f:4h9h,3sAc|/3dJdKs/Th/7s:529,-529(529.000000)
633:Player,BR:0cr300c/r520c/r1840f:9sAs,4c8h|/3hAhAd/Kd:920,-920(920.000000)
634:BR,Player:0r200c/cc/r1136c/r16630f:7cJh,2s2h|/3h5sJd/4d/8s:1436,-1436(1436.000000)
635:Player,BR:0cc/cc/cr3080f:4hQs,4s8h|/6sJhAs/6d:-100,100(-100.000000)
636:BR,Player:0cc/cc/r9423f:7s8s,ThJc|/4s5dAs/2c:100,-100(100.000000)
637:Player,BR:0cr300c/cc/r1200r1200f:3c4c,7dKd|/9s9cQc/6d:-1600,1600(-1600.000000)
638:BR,Player:0r200c/cc/r1136c/r1344r2740r7856f:5c6h,9dKs|/6d6cTh/Ts/7s:5520,-5520(5520.000000)
639:Player,BR:0cr200c/cc/cr9241f:6hKd,5dTc|/3c4cJh/Ad:-300,300(-300.000000)
640:BR,Player:0cc/cc/r9423f:3s8d,6h6d|/5h9dKs/Kd:100,-100(100.000000)
641:Player,BR:0cr200c/r600c/r450r2922c/r588r6014f:9cJd,6hQs|/5c8dQd/7c/3h:-4860,4860(-4860.000000)
642:BR,Player:0r130c/cr299c/r655c/r13711f:ThAs,TdJs|/3s3h9d/Tc/Kh:1184,-1184(1184.000000)
643:Player,BR:0cc/cc/cr1532f:2h9c,4s5s|/9s9hJs/Ts:-100,100(-100.000000)
644:BR,Player:0f:8dAd,2d6h|:50,-50(50.000000)
645:Player,BR:0cc/cc/cr1761f:2h9s,2s2c|/8hQhAc/9c:-100,100(-100.000000)
646:BR,Player:0r130c/cc/r14250f:7cTs,4dQc|/QdKhAc/9h:230,-230(230.000000)
647:Player,BR:0cc/cc/r300r7045f:4h9h,5d8c|/2d3s6h/Ks:-400,400(-400.000000)
648:BR,Player:0f:6sJc,4c9h|:50,-50(50.000000)
649:Player,BR:0cr600c/cc/r350r2614f:8h9d,2sQs|/2h4sJs/6d:-1050,1050(-1050.000000)
650:BR,Player:0cc/cr130c/r100f:KcAh,3c6d|/2cQhQd/9c:230,-230(230.000000)
651:Player,BR:0cc/cc/r130r573c/cr16264f:6hJd,6c9s|/2c3c5s/4h/5h:-803,803(-803.000000)
652:BR,Player:0cc/cr200c/r9241c/cr10459f:7hAh,3sKh|/7cTsJs/Qs/9h:-9541,9541(-9541.000000)
653:Player,BR:0cr300c/cc/cr6126c/r100r12471c:ThAc,4cQs|/2c3hQd/Ts/Qh:-19097,19097(-19097.000000)
654:BR,Player:0r130c/cc/r4051f:3h4c,7cQd|/4h9sJh/As:230,-230(230.000000)
655:Player,BR:0cc/cc/cr435f:2h8d,TdKc|/2s6dQs/Js:-100,100(-100.000000)
656:BR,Player:0r200c/cr390c/r3004f:8sKs,8hKc|/2h6h6d/Qd:690,-690(690.000000)
657:Player,BR:0cc/cc/r130r130f:2d5s,3hJc|/7d8hJd/4c:-230,230(-230.000000)
658:BR,Player:0r130c/cr690c/r2290f:5c6h,3d4h|/5sKsAh/Kh:920,-920(920.000000)
659:Player,BR:0cc/cc/cr19900f:3h5c,QdKc|/8h9cKd/Ks:-100,100(-100.000000)
660:BR,Player:0r130c/cr299c/r4632f:4d8h,7c8s|/5h6sQh/2c:529,-529(529.000000)
661:Player,BR:0cr300c/cc/r1200r1200f:TsKs,2c5s|/7c8dJh/8s:-1600,1600(-1600.000000)
662:BR,Player:0r200c/cr390c/r100c/cr1114r8289f:7sJh,8dKc|/3dQdKs/Tc/2s:1904,-1904(1904.000000)
663:Player,BR:0cc/cc/cr100f:4h7s,8cTh|/3dTdKc/Ad:-100,100(-100.000000)
664:BR,Player:0r130c/cr690c/r4005f:2sAc,QsKh|/5hTsKc/Jh:920,-920(920.000000)
665:Player,BR:0cr200c/cc/cr2627f:8sKs,4dAh|/6sJsJc/3d:-300,300(-300.000000)
666:BR,Player:0r200c/cr390c/r982f:8d9c,3sJc|/5s7h8s/Kc:690,-690(690.000000)
667:Player,BR:0cr600c/cc/r350r4571f:6c9c,2h8d|/5d9sKc/Jh:-1050,1050(-1050.000000)
668:BR,Player:0r130c/cr299c/cc/r2003f:9cQs,8hTh|/3c6cKd/4d/Qh:529,-529(529.000000)
669:Player,BR:0cc/cc/cr379r1121r2277c/cr8392f:6s9d,8s9s|/3h7c8c/5s/3c:-3877,3877(-3877.000000)
670:BR,Player:0f:QhKc,2s7d|:50,-50(50.000000)
671:Player,BR:0cc/cc/cr876f:3d6c,4s6d|/9hQdAd/4d:-100,100(-100.000000)
672:BR,Player:0r200c/cc/r9241f:6cTc,5sAh|/7s7cJs/2h:300,-300(300.000000)
673:Player,BR:0cr300c/cc/cr1514c/cr18086f:8cKs,ThTc|/3s3cJh/3d/5s:-1914,1914(-1914.000000)
674:BR,Player:0r130c/cr460c/r6042f:8h9s,7hJd|/3s6c7d/Ks:690,-690(690.000000)
675:Player,BR:0cc/cc/cr435f:3sAd,6h7c|/5cTsQs/5d:-100,100(-100.000000)
676:BR,Player:0r200c/cc/r371f:QhAd,8sKc|/2d4c5d/3s:300,-300(300.000000)
677:Player,BR:0cr300c/cc/r200r2612f:6sTh,3c8h|/6h7hKd/3h:-600,600(-600.000000)
678:BR,Player:0cc/cc/r1532f:KsAh,2dAc|/6d7sQd/Kh:100,-100(100.000000)
679:Player,BR:0cc/cc/cr3080f:8cAs,7h8s|/7sQhKh/4s:-100,100(-100.000000)
680:BR,Player:0r130c/cr460c/r6042f:7hAs,5dAd|/3h7sTc/Qs:690,-690(690.000000)
681:Player,BR:0cr130c/cc/r115r427c/cr135r997c:4s5d,3hTd|/3d5cTc/5s/8d:1904,-1904(78.517228)
682:BR,Player:0r130c/cc/cc/r14250f:6sAc,6dTd|/3c4hQd/3d/8c:230,-230(230.000000)
683:Player,BR:0cr200c/cc/cr1306c/cc:9hAh,4sTs|/5h7cQd/Kh/8h:1606,-1606(1606.000000)
684:BR,Player:0cc/cc/cr300r7045f:4hAd,JcQd|/2s4s5s/Jh:400,-400(400.000000)
685:Player,BR:0cr200c/r600c/r1170c/cc:JsJc,6dJd|/4h6hTs/Qs/Kh:2070,-2070(853.679446)
686:BR,Player:0r200c/cc/r212c/r3390c:QhQc,4hTd|/3d4d7h/Kc/7d:3902,-3902(922.250049)
687:Player,BR:0cr200c/cc/cr1306c/cr3476f:7dAd,4h7h|/2s3d8d/3h/Qh:-1606,1606(-1606.000000)
688:BR,Player:0r200c/cc/r9241f:5d9c,2cAh|/2h4hJc/Kh:300,-300(300.000000)
689:Player,BR:0cc/cc/cr8194f:2s3c,ThTc|/KdAsAh/9c:-100,100(-100.000000)
690:BR,Player:0r300c/cc/r12322f:2d7c,4cJh|/8h8cKd/3d:400,-400(400.000000)
691:Player,BR:0cr130c/cc/cr285c/cr1950f:9h9c,8sTd|/4h7cJc/8c/Ac:-515,515(-515.000000)
692:BR,Player:0r130c/cc/r2014c/r14858r2898f:5hTd,4cAc|/6h6c8c/3c/Ks:-17102,17102(-17102.000000)
693:Player,BR:0cc/cc/cr216f:4dQc,7c9c|/4h7sKh/5h:-100,100(-100.000000)
694:BR,Player:0cc/cc/r1761f:5c8d,3hTd|/2c6dQs/9c:100,-100(100.000000)
695:Player,BR:0cc/cc/cr876f:2cTs,4sTc|/4h9cAs/Jc:-100,100(-100.000000)
696:BR,Player:0r130c/cr299c/r655c/r18816f:8cAs,7dJc|/4d6s8d/9h/Ac:1184,-1184(1184.000000)
697:Player,BR:0cr200c/cc/r600r3918f:5hJh,4dTs|/2cJcKc/Js:-900,900(-900.000000)
698:BR,Player:0f:7sKh,2d9s|:50,-50(50.000000)
699:Player,BR:0cc/cc/cr1761f:6h9c,2d8d|/5s5cKh/9h:-100,100(-100.000000)
700:BR,Player:0r200c/cc/r747f:5cTd,5sQc|/7hAsAc/5h:300,-300(300.000000)
701:Player,BR:0cr200c/cc/cr2284f:6dKh,JhAh|/8sThAs/2d:-300,300(-300.000000)
702:BR,Player:0r200c/cc/r5284f:QcAh,ThKc|/3c5s9h/4s:300,-300(300.000000)
703:Player,BR:0cc/cc/cr435r1075r1075f:2c5s,2sKs|/3h5hAh/2h:-1610,1610(-1610.000000)
704:BR,Player:0cc/cc/r2679f:7c9c,2dQh|/4c6cJh/9s:100,-100(100.000000)
705:Player,BR:0cc/cc/r130r4051f:3sQh,2s9c|/2h4h5s/Ac:-230,230(-230.000000)
706:BR,Player:0r130c/cc/r285c/r13795f:8dJh,2h8h|/5h6c8c/Td/9d:515,-515(515.000000)
707:Player,BR:0cr200c/r390c/r897r897f:8dQd,2s3h|/7cTdAs/9h:-1587,1587(-1587.000000)
708:BR,Player:0r130c/cr299c/r374r1530r1530f:QsAc,TdKc|/4d7h8c/6h:2433,-2433(2433.000000)
709:Player,BR:0cr600c/cc/r1400r9142f:8sJh,7h9d|/3sTcAh/6s:-2100,2100(-2100.000000)
710:BR,Player:0cc/cc/r249f:7s8d,3h6d|/TsKhAh/Kc:100,-100(100.000000)
711:Player,BR:0cr200c/r390c/r897r2259f:JsQh,8hTd|/6s7s8s/Tc:-1587,1587(-1587.000000)
712:BR,Player:0r130c/cc/r2014f:TcAd,JhQs|/6h8cKc/2h:230,-230(230.000000)
713:Player,BR:0cc/cc/cr3080f:8hQs,6cQh|/2d8s9c/Jh:-100,100(-100.000000)
714:BR,Player:0r200c/cc/r427f:5cTc,2cAc|/3hJcQd/8d:300,-300(300.000000)
715:Player,BR:0cr600c/cc/r2100r3985f:2c3s,2h4s|/7hTcAs/2s:-2800,2800(-2800.000000)
716:BR,Player:0r130c/cr299c/r655c/r9015f:2cKc,7sKd|/8c9dKh/8h/Qc:1184,-1184(1184.000000)
717:Player,BR:0cr600c/cc/cr6130f:2dQd,4sKh|/3cJhQh/6h:-700,700(-700.000000)
718:BR,Player:0r130c/cr690c/r4005f:2dJc,3s6h|/2h5dTc/9c:920,-920(920.000000)
719:Player,BR:0cr200c/cc/cr4595f:8dQd,TdAs|/JsJhAc/2s:-300,300(-300.000000)
720:BR,Player:0r130c/cc/r142r421r13967f:5h8d,ThJc|/3s6cAs/8h:793,-793(793.000000)
721:Player,BR:0cc/cc/r130r2014f:5hAd,4s8s|/JhKsAs/6c:-230,230(-230.000000)
722:BR,Player:0cc/cr130c/r4051f:2d7c,4cTh|/9cJhQh/Tc:230,-230(230.000000)
723:Player,BR:0cc/cc/cr435f:6d7c,2s9d|/ThTdKh/5s:-100,100(-100.000000)
724:BR,Player:0r200c/cr390c/r243c/r107r512r6757f:3h9h,3sQh|/3c8h8d/2d/Kh:1552,-1552(1552.000000)
725:Player,BR:0cr200c/cc/cr4595c/cr8011r7094c:5dKs,6hAs|/2dKdAc/8h/Jd:-20000,20000(-7461.502783)
726:BR,Player:0r130c/cc/r2014c/r5586r12170f:3sTc,8dAd|/JdQhQd/Kd/Ts:-7830,7830(-7830.000000)
727:Player,BR:0cc/cc/cr3080f:4d8c,3s4s|/7sTdQs/3h:-100,100(-100.000000)
728:BR,Player:0r130c/cc/r7085f:4d7d,KsKd|/3s8cAd/2d:230,-230(230.000000)
729:Player,BR:0cc/cc/cr876f:4cJd,2s7c|/8dQhAd/Jh:-100,100(-100.000000)
730:BR,Player:0f:9dJd,3d9c|:50,-50(50.000000)
731:Player,BR:0cc/cc/r130r130r330r6042f:6h8c,5sQc|/2h3h8s/4h:-690,690(-690.000000)
732:BR,Player:0r200c/cr390c/r211c/r3411c:TsTh,3s5c|/3cJsKh/Kc/Qs:4312,-4312(2232.507078)
733:Player,BR:0cc/cc/cr1761f:2c7s,8cJd|/6cKsKd/5d:-100,100(-100.000000)
734:BR,Player:0r130c/cr299c/r100r829r3629f:9s9c,3dQs|/TsAsAh/5c:1458,-1458(1458.000000)
735:Player,BR:0cc/r130c/cr14250f:7dAh,2d9d|/3h5d7h/Jd:-230,230(-230.000000)
736:BR,Player:0cc/cc/r249f:4s4h,2dTd|/5c7hJc/3d:100,-100(100.000000)
737:Player,BR:0cc/cc/cr9423f:2c4d,3dQs|/2h6h8h/Qh:-100,100(-100.000000)
738:BR,Player:0r200c/cc/r1306f:8sAh,5c7c|/2dJsKh/4d:300,-300(300.000000)
739:Player,BR:0cr200c/cc/cr2627c/cc:TsAd,5h5c|/9dTdQc/4d/2s:2927,-2927(1651.447911)
740:BR,Player:0r130c/cr460c/r6042f:5hJs,6dQs|/8hTsKs/7c:690,-690(690.000000)
741:Player,BR:0cc/cc/r130r4051f:5h6c,8h9d|/3hKcAh/5s:-230,230(-230.000000)
742:BR,Player:0r130c/cc/r871f:6sTd,4c5h|/3s7sTh/8c:230,-230(230.000000)
743:Player,BR:0cc/cc/r130r1001c/r701c:7cJh,5sKd|/7hJsQs/5c/7d:1932,-1932(-268.575341)
744:BR,Player:0cc/cc/r435f:4c6c,3h6s|/8cQsQc/3d:100,-100(100.000000)
745:Player,BR:0cc/cc/cr435f:3dJs,7sJd|/4d5cKs/Td:-100,100(-100.000000)
746:BR,Player:0cc/cr130c/r2014f:2h7c,3dJc|/TdQhKd/4d:230,-230(230.000000)
747:Player,BR:0cr300c/cc/cr12322f:7d7c,3s8h|/3c9hAh/Td:-400,400(-400.000000)
748:BR,Player:0r130c/cc/r14250f:JdQs,5sKd|/3s3c7d/Kh:230,-230(230.000000)
749:Player,BR:0cc/cc/cr100r600c/cr3029f:TdJc,3sAd|/2c5dQs/5s/9d:-800,800(-800.000000)
750:BR,Player:0r130c/cr299c/r2303f:4c9d,9sAc|/8d9cKd/6s:529,-529(529.000000)
751:Player,BR:0cc/cc/cr761f:8sTc,6h8d|/5c6s6d/2c:-100,100(-100.000000)
752:BR,Player:0r130c/cr460c/r2612f:QhKd,7hJd|/6h9s9c/Qc:690,-690(690.000000)
753:Player,BR:0cc/r130c/cr7085f:3d7s,2cQd|/3hKhKc/Tc:-230,230(-230.000000)
754:BR,Player:0r130c/cr460c/cr1380r9012f:4sQc,5c6d|/4d5h8s/3s:2070,-2070(2070.000000)
755:Player,BR:0cr600c/r910c/cr4008f:6hTh,3h4s|/2h9sJc/As:-1610,1610(-1610.000000)
756:BR,Player:0r200c/cc/r19700c/cc:6dTc,6hAh|/7s8c9c/5h/Ad:20000,-20000(20000.000000)
757:Player,BR:0cr300c/cc/r200c/r780r3435f:ThKh,2sKc|/3dTcJc/7h/5s:-1380,1380(-1380.000000)
758:BR,Player:0cc/cc/r142f:3sJh,3hJd|/6s8cQs/9h:100,-100(100.000000)
759:Player,BR:0cr300c/cc/r200r19400f:7sQs,QhAh|/7dKdAc/As:-600,600(-600.000000)
760:BR,Player:0r200c/cr390c/r243c/r873c:3c8d,2cAc|/2s7sJh/Kd/As:-1806,1806(-1806.000000)
761:Player,BR:0cr200c/cc/cr2627f:QcAd,5hTs|/6s8sKc/4s:-300,300(-300.000000)
762:BR,Player:0r130c/cc/r327c/r343c:4d7h,8dKd|/7s8hAh/Kh/5h:900,-900(900.000000)
763:Player,BR:0cc/cc/cr3080r9120f:3c8c,4dQs|/4h9cTc/Ac:3180,-3180(3180.000000)
764:BR,Player:0r130c/cc/r142r663r9063f:8cQh,6dJc|/6hQcAc/6c:1035,-1035(1035.000000)
765:Player,BR:0cc/cc/cr9423f:6s9d,5s8s|/7dKhAs/Ah:-100,100(-100.000000)
766:BR,Player:0r200c/cc/r1306f:3c5d,ThKc|/6h9s9h/8h:300,-300(300.000000)
767:Player,BR:0cr600c/r910c/r4830r7970f:ThJh,3cKh|/6h8hKs/2c:-6440,6440(-6440.000000)
768:BR,Player:0r130c/cr299c/cc/r2303r11980f:7dTc,7hKh|/5hThQd/4s/2h:-2832,2832(-2832.000000)
769:Player,BR:0cr200c/cc/r150r3940f:4s6h,2d9h|/7d9sAh/Kc:-450,450(-450.000000)
770:BR,Player:0r130c/cc/r1001f:ThQd,TcQc|/9hAhAc/6d:230,-230(230.000000)
771:Player,BR:0cc/cc/cc/cr876f:8c9h,4dQd|/3c6hJd/Kh/Td:-100,100(-100.000000)
772:BR,Player:0r200c/cr390c/r854r1630r4517f:7sQh,6hJc|/9dQsKc/6s:3174,-3174(3174.000000)
773:Player,BR:0cr200c/cc/r390r3004f:JhKh,3h4h|/7c8cTd/2h:-690,690(-690.000000)
774:BR,Player:0r200c/cc/r1136f:JdKc,5h7c|/8s9cKd/3d:300,-300(300.000000)
775:Player,BR:0cr200c/r390c/r897c/r3174r6776f:5sJs,9sAd|/6sTsJd/Jc/Qs:-4761,4761(-4761.000000)
776:BR,Player:0r130c/cr299c/r4632f:2c6d,8sQd|/4d7hQh/3h:529,-529(529.000000)
777:Player,BR:0cr300c/cc/r200c/cr1299f:2hJh,3d4c|/5c7h8h/3c/6d:-600,600(-600.000000)
778:BR,Player:0r130c/cc/r1751f:2d5d,7c9s|/2h7sKh/2s:230,-230(230.000000)
779:Player,BR:0cc/cc/cr1761f:2d4c,5hQs|/7d9sAc/3d:-100,100(-100.000000)
780:BR,Player:0f:JsJd,2s9h|:50,-50(50.000000)
781:Player,BR:0cc/cc/r200r2627f:7sAc,6cTd|/2s4h5c/6d:-300,300(-300.000000)
782:BR,Player:0r130c/cc/r2014f:4sAh,2cAd|/3s8dJc/3c:230,-230(230.000000)
783:Player,BR:0cc/cc/cr124c/cr737c:7sKh,2cTc|/2s3d9s/3c/6d:-961,961(-395.951173)
784:BR,Player:0r130c/cr299c/r325f:5d9c,4cJh|/2dQsQd/9d:529,-529(529.000000)
785:Player,BR:0cc/cc/cr124c/cr6000f:5cKh,9hTs|/TdKdAs/5d/4h:-224,224(-224.000000)
786:BR,Player:0r130c/cr299c/r374r684r6909f:5dJs,QhAh|/6sTsTc/Ks:1587,-1587(1587.000000)
787:Player,BR:0cr600c/r910c/r322f:9h9d,3s9c|/3d7sQh/2h:1610,-1610(1610.000000)
788:BR,Player:0r200c/cc/r8036f:QhAh,5s8d|/2h6hTh/2c:300,-300(300.000000)
789:Player,BR:0cr300c/cc/cr866f:6sKs,8sAd|/2d8hJs/4c:-400,400(-400.000000)
790:BR,Player:0r130c/cc/r2014f:4cAs,5hKs|/2h7cQc/9s:230,-230(230.000000)
791:Player,BR:0cr300c/cc/cr495f:5h9s,JdQh|/5dJcAc/6s:-400,400(-400.000000)
792:BR,Player:0r200c/cc/r5284f:5h9h,8h9s|/5s8cTh/7c:300,-300(300.000000)
793:Player,BR:0cc/cc/cr216f:2dQs,7cJc|/4h4c7d/3s:-100,100(-100.000000)
794:BR,Player:0r130c/cc/r7085f:6sTc,4dKc|/JsQhAs/8h:230,-230(230.000000)
795:Player,BR:0cr200c/cc/cc/r600r2240f:5sKd,7dTd|/7h8hAd/Kc/Ac:-900,900(-900.000000)
796:BR,Player:0r200c/cc/r5284f:4sTh,4d6c|/5h5d9c/Jh:300,-300(300.000000)
797:Player,BR:0cc/cc/cr435c/cr3542f:JcQh,2cAc|/3d6h7s/Js/8h:-535,535(-535.000000)
798:BR,Player:0r200c/cr390c/r12153r7157f:6sAd,5sTs|/2s5h7d/Tc:-12843,12843(-12843.000000)
799:Player,BR:0cr130c/cc/cr498c/cr6375f:TdKh,2d9c|/4s9hQh/6d/Tc:-728,728(-728.000000)
800:BR,Player:0r130c/cr299c/r186c/cr1664r5922f:5cQs,7dTd|/6s9sAd/2c/3s:2379,-2379(2379.000000)
801:Player,BR:0cc/cc/cr216f:6dTs,2hAh|/JsJcAd/5s:-100,100(-100.000000)
802:BR,Player:0r200c/cr390c/cc/r3004f:2hJh,7sAs|/JcQdAc/9s/8d:690,-690(690.000000)
803:Player,BR:0cr200c/r900c/cr10508f:7sTc,4d9c|/5sJcQs/8c:-1200,1200(-1200.000000)
804:BR,Player:0r130c/cr299c/r4632f:5sQc,8d9h|/2h5hAc/4c:529,-529(529.000000)
805:Player,BR:0cc/cc/cr435f:3cJd,4dQs|/5c6hAc/7s:-100,100(-100.000000)
806:BR,Player:0f:9cQc,2s6d|:50,-50(50.000000)
807:Player,BR:0cc/cc/cr249f:2s8c,2c8h|/9sThAd/Qd:-100,100(-100.000000)
808:BR,Player:0r200c/cr900c/r5224f:8s9d,TcJs|/3c7h8c/Jh:1200,-1200(1200.000000)
809:Player,BR:0cr300c/r520c/r1196f:2hKh,7sAc|/3s3hJc/Qh:920,-920(920.000000)
810:BR,Player:0f:8cJs,2s9c|:50,-50(50.000000)
811:Player,BR:0cc/cc/cr761f:3cJs,8cAd|/3d4cAc/Qh:-100,100(-100.000000)
812:BR,Player:0r130c/cr299c/r4028f:9sAd,3c5s|/7d8dTd/Jd:529,-529(529.000000)
813:Player,BR:0cc/cc/cr435f:3hKd,3dQc|/5hJcAd/8h:-100,100(-100.000000)
814:BR,Player:0r300c/cc/r10715f:3sJc,5hQs|/2hJdAh/3h:400,-400(400.000000)
815:Player,BR:0cr200c/cc/cr16163f:4h8c,5c6d|/QdKhAs/2s:-300,300(-300.000000)
816:BR,Player:0f:3h9c,3c7h|:50,-50(50.000000)
817:Player,BR:0cr300c/r520c/r1196r4580f:KsKc,6sJc|/2s4hJs/4d:-2116,2116(-2116.000000)
818:BR,Player:0f:4h9s,2h5s|:50,-50(50.000000)
819:Player,BR:0cc/cc/cr3080f:5c9d,6s9s|/8hJdQh/6c:-100,100(-100.000000)
820:BR,Player:0r130c/cc/r871f:3d7d,9dJh|/2c3s8c/3c:230,-230(230.000000)
821:Player,BR:0cr200c/cc/r150r1959f:9sQs,5h9d|/9hTsTd/6c:-450,450(-450.000000)
822:BR,Player:0r130c/cr299c/r2303f:6dQh,6cTc|/4dKhAc/5h:529,-529(529.000000)
823:Player,BR:0cc/cc/cr216f:2d5h,6h6d|/4c5dKd/Ts:-100,100(-100.000000)
824:BR,Player:0cc/cr300c/r18740f:KdAc,3dJs|/4h7dQc/5h:400,-400(400.000000)
825:Player,BR:0cc/cc/r200r5284f:4h8d,2dAs|/5c7c9d/Jd:-300,300(-300.000000)
826:BR,Player:0cc/cr130c/cr299r299f:2h4s,4d6c|/2s3cKh/Th:529,-529(529.000000)
827:Player,BR:0cc/cc/cr435f:4sJh,2d6d|/8dTsTh/4c:-100,100(-100.000000)
828:BR,Player:0r130c/cr299c/r100f:4hTh,5c7s|/4d9sKc/2d:529,-529(529.000000)
829:Player,BR:0cc/cc/cr249r851r2987f:TdKc,3c4d|/9dJcQd/Jh:-1200,1200(-1200.000000)
830:BR,Player:0r130c/cc/r285f:4s8s,7dQc|/6sTsJs/As:230,-230(230.000000)
831:Player,BR:0cc/cc/cr876f:5sKc,2s7h|/4h8hAc/3h:-100,100(-100.000000)
832:BR,Player:0cc/cc/r2679c/r10520f:8cJs,2cAs|/4s8s9d/Ks/4c:2779,-2779(2779.000000)
833:Player,BR:0cc/cc/cr876f:9sQh,5d9c|/2c6dJh/Ad:-100,100(-100.000000)
834:BR,Player:0r130c/cc/r2014f:9sJs,JcAd|/4cTsTc/Qc:230,-230(230.000000)
835:Player,BR:0cc/cc/r130r2014f:3s6c,6hKc|/3d4cQh/Qs:-230,230(-230.000000)
836:BR,Player:0r130c/cr299c/r8102c/r7023f:QsQh,9dJs|/7s8dQc/7h/4c:8631,-8631(8631.000000)
837:Player,BR:0cr1200c/cc/cr17313f:7s9s,4hJc|/3h3dKh/Qs:-1300,1300(-1300.000000)
838:BR,Player:0r130c/cr299c/r753r3479f:2d7s,3s6s|/3d9cJs/4s:-1282,1282(-1282.000000)
839:Player,BR:0cc/cc/r300r7045f:5c7s,4h7c|/3s4dAc/8s:-400,400(-400.000000)
840:BR,Player:0cc/cc/r19900f:9dJd,2dAd|/7dJsJh/3d:100,-100(100.000000)
841:Player,BR:0cc/cc/cr3080f:3cQc,2c3s|/4c6s7d/3h:-100,100(-100.000000)
842:BR,Player:0r200c/cc/r5284f:5sQc,JsAc|/6d8cTh/Kd:300,-300(300.000000)
843:Player,BR:0cc/cc/r130r2014f:7s8h,4h7h|/5sQdKd/9h:-230,230(-230.000000)
844:BR,Player:0r130c/cc/r2014f:6c7s,4d7d|/7h8d9s/Ks:230,-230(230.000000)
845:Player,BR:0cc/cc/cr142c/cr524f:5sTc,3s3h|/5d7hJd/2c/Kd:-242,242(-242.000000)
846:BR,Player:0r130c/cr460c/r2612c/r3090c:5h6d,AhAd|/7d8dAs/9h/4d:6392,-6392(3921.969321)
847:Player,BR:0cr200c/r390c/cr982f:TsJd,ThJs|/3s7cAh/7h:-690,690(-690.000000)
848:BR,Player:0r130c/cc/r7085f:9cTd,QsQd|/3d4hKc/2h:230,-230(230.000000)
849:Player,BR:0cc/cc/cr761f:JhAd,5c8c|/4c5hQc/8d:-100,100(-100.000000)
850:BR,Player:0r200c/cr600c/r3918f:7h9s,3cKs|/2h9cJs/5h:900,-900(900.000000)
851:Player,BR:0cc/cc/cr9423f:9hJc,5d7d|/6hQdAs/Ts:-100,100(-100.000000)
852:BR,Player:0r300c/cc/r7045f:6s9s,5s7s|/4c6hTh/2d:400,-400(400.000000)
853:Player,BR:0cr300c/cc/r200r5254f:9hJh,2sQd|/3dKhAd/Tc:-600,600(-600.000000)
854:BR,Player:0r130c/cr299c/r325c/r13079f:7dKd,5s8d|/4sJcQh/7s/Ah:854,-854(854.000000)
855:Player,BR:0cr200c/cc/r150r3426f:7dKd,TsQh|/5h8sQc/3s:-450,450(-450.000000)
856:BR,Player:0r130c/cr299c/r2303c/r6130f:TsQc,8cKd|/3d4h8s/7c/Tc:2832,-2832(2832.000000)
857:Player,BR:0cc/cc/cr435f:2hTd,9cJd|/8cQhAh/2s:-100,100(-100.000000)
858:BR,Player:0r130c/cc/r4051f:2cJs,4h6s|/2s8hKd/Ts:230,-230(230.000000)
859:Player,BR:0cc/cc/cr435f:5sAh,3s5h|/JdQsQc/2d:-100,100(-100.000000)
860:BR,Player:0f:6hKc,2c5h|:50,-50(50.000000)
861:Player,BR:0cr600c/r2100c/r5600f:4c5d,5hKh|/4hJdAd/6h:2800,-2800(2800.000000)
862:BR,Player:0r130c/cc/r871r1015r17884f:9dQc,4s5c|/5d8d9h/4h:2116,-2116(2116.000000)
863:Player,BR:0cc/cc/cr3080f:2hQs,2d3d|/3c7dJh/Qc:-100,100(-100.000000)
864:BR,Player:0f:5hTd,2h4d|:50,-50(50.000000)
865:Player,BR:0cr300c/cc/r200r5254f:7cAc,2s4c|/6d7dQd/Jh:-600,600(-600.000000)
866:BR,Player:0r130c/cr299c/r162c/r2616c:5sJc,6dAh|/6h7hJh/7c/Js:3307,-3307(2613.146097)
867:Player,BR:0cc/cc/r130c/r115r747c:4sTd,6dAd|/7c9cAs/7s/4d:-1092,1092(-1092.000000)
868:BR,Player:0r130c/cr299c/r1145f:ThQh,6hKh|/4s6s9c/Td:529,-529(529.000000)
869:Player,BR:0cc/cc/cr3080f:6c9d,8cTc|/7sQcKh/Jh:-100,100(-100.000000)
870:BR,Player:0r130c/cc/r327c/r148r1199r1199c:5c8h,3s8s|/9cQsAs/9s/Kc:-3103,3103(-3103.000000)
871:Player,BR:0cc/cc/r130r4051f:3h6c,9sJh|/5s6dQs/2h:-230,230(-230.000000)
872:BR,Player:0cc/cc/r876f:8c9d,3cQd|/3s5sJd/4s:100,-100(100.000000)
873:Player,BR:0cc/cc/cr216r374r12153f:3cQd,5h7s|/4d5sJs/Qc:-690,690(-690.000000)
874:BR,Player:0cc/cc/r9423f:5s9s,3hJh|/3c7s8s/Tc:100,-100(100.000000)
875:Player,BR:0cc/cc/cr142f:2h8s,7sTd|/2dQdKs/6h:-100,100(-100.000000)
876:BR,Player:0r130c/cr299c/r100c/r512f:3d8c,7h8d|/4sThQh/5d/Ac:629,-629(629.000000)
877:Player,BR:0cc/cc/cr761c/cc:5c8c,JcQc|/3d8dQs/5d/Qd:-861,861(295.831169)
878:BR,Player:0r130c/cc/r327c/r1206f:4h8c,3sAs|/2dQsKh/5h/2h:557,-557(557.000000)
879:Player,BR:0cr600c/cc/cr996f:TdAc,3h5s|/3dQcKh/9c:-700,700(-700.000000)
880:BR,Player:0r130c/cc/r1001f:9sJh,6c7s|/6dTdAc/Tc:230,-230(230.000000)
881:Player,BR:0cr300c/cc/r200r9189f:3s4s,TcQc|/2s2c7d/Qh:-600,600(-600.000000)
882:BR,Player:0r130c/cr460c/r10567r8743c/cc:8dTs,5d9d|/2d3sTh/Qd/7d:-20000,20000(-10330.515478)
883:Player,BR:0cc/cc/cr435f:3c8h,KcAc|/4h8cTs/Qc:-100,100(-100.000000)
884:BR,Player:0r200c/cr390c/r488c/r2217f:9hKs,TsTh|/7h7d8d/Jd/Qh:1178,-1178(1178.000000)
885:Player,BR:0cc/cc/cr9423f:3h7h,6d9d|/7sQdAs/Ah:-100,100(-100.000000)
886:BR,Player:0f:4cQs,2s6d|:50,-50(50.000000)
887:Player,BR:0cc/cc/r130r573f:7cTd,2dQd|/5h9cAc/5d:-230,230(-230.000000)
888:BR,Player:0r130c/cr299c/r4028f:JdKh,5h9c|/JcQsKc/4h:529,-529(529.000000)
889:Player,BR:0cc/cc/cr876f:2hAs,4d5c|/7dQcKd/8d:-100,100(-100.000000)
890:BR,Player:0r200c/cc/r14055f:9cTc,7cAc|/8dTsQc/4h:300,-300(300.000000)
891:Player,BR:0cr300c/cc/r200r743f:3d7d,TsTh|/7s9sTd/2s:-600,600(-600.000000)
892:BR,Player:0r130c/cc/r285c/cc:4h8h,TdAd|/4d5h5c/8s/3s:515,-515(515.000000)
893:Player,BR:0cr130c/cc/cr7085f:2h3h,2c3s|/4s8cTh/2s:-230,230(-230.000000)
894:BR,Player:0r200c/cc/r5284f:4s6h,8cAd|/2d5cTc/4h:300,-300(300.000000)
895:Player,BR:0cr200c/r390c/r1380c/r4140f:TcJh,3dAc|/JsJcAh/4s/5d:2070,-2070(2070.000000)
896:BR,Player:0r130c/cc/r1001f:5d7c,5cKd|/2cJhAd/Js:230,-230(230.000000)
897:Player,BR:0cc/cc/cr142f:3c8d,8sAh|/4d9hJc/Qc:-100,100(-100.000000)
898:BR,Player:0r130c/cr299c/r100f:2cTs,4c9c|/2d3hJh/Qd:529,-529(529.000000)
899:Player,BR:0cc/cc/r130c/cr14250f:7d9h,3dJs|/2s2cTs/Kh/Td:-230,230(-230.000000)
900:BR,Player:0r130c/cc/r871f:4h5h,8cKd|/3c5dQh/4d:230,-230(230.000000)
901:Player,BR:0cr300c/cc/r200r200f:5d9c,8h8d|/JsJhJc/Th:-600,600(-600.000000)
902:BR,Player:0r130c/cc/r7085f:4d5s,5c8d|/7h8sAh/Tc:230,-230(230.000000)
903:Player,BR:0cc/cc/cr876f:4cQs,5cTh|/2d9hAc/4s:-100,100(-100.000000)
904:BR,Player:0f:4c9d,2cTh|:50,-50(50.000000)
905:Player,BR:0cc/cc/cr9423f:ThQs,5hKc|/9sTsQh/Kd:-100,100(-100.000000)
906:BR,Player:0r130c/cc/r7085f:4c6h,4h5s|/5c8h9s/Jd:230,-230(230.000000)
907:Player,BR:0cc/cc/cr124c/cr737f:6sKc,6h7d|/4s6cTh/As/9s:-224,224(-224.000000)
908:BR,Player:0r130c/cr690c/r8056f:6c7s,7cJs|/2s4s5c/Ac:920,-920(920.000000)
909:Player,BR:0cr300c/r800c/cr10508f:3s3d,2c6d|/4dTcAd/9c:-1200,1200(-1200.000000)
910:BR,Player:0r130c/cr690c/r8056f:TdJc,3s8s|/5cTcKs/7d:920,-920(920.000000)
911:Player,BR:0cr200c/cc/r150r318c/cr19232f:JhQh,6d9d|/9sAdAc/3s/8c:-768,768(-768.000000)
912:BR,Player:0r130c/cr299c/r374c/r182f:4c6h,7hKd|/8sTcQd/Js/2d:903,-903(903.000000)
913:Player,BR:0cc/cc/cr379f:2c8d,ThKc|/4c6hTc/As:-100,100(-100.000000)
914:BR,Player:0r200c/cc/r100c/r8102f:8cAh,TsQc|/3c4s4d/Td/Jh:400,-400(400.000000)
915:Player,BR:0cr300c/r520c/cr8056f:5c8s,4s7d|/6sJsJc/5d:-920,920(-920.000000)
916:BR,Player:0cc/cc/r216c/r17025f:2sQd,5cKc|/6sQcAc/Kh/Th:316,-316(316.000000)
917:Player,BR:0cr300c/cc/r800r800r1600r5123r11277f:JdQs,5sTs|/TdKdAd/Th:8723,-8723(8723.000000)
918:BR,Player:0r130c/cr299c/r186r1108r1108f:2c6s,QhAs|/7cJcQc/6h:1823,-1823(1823.000000)
919:Player,BR:0cc/cc/cr435f:JsKh,2c3c|/6hTsJc/6c:-100,100(-100.000000)
920:BR,Player:0cc/cr130c/r2014f:6c8d,2d7d|/4s6h7c/Qh:230,-230(230.000000)
921:Player,BR:0cc/cc/r300r12322f:3h5d,8cTs|/6c7hQs/Th:-400,400(-400.000000)
922:BR,Player:0cc/cr130c/cc/r1001f:7sKh,4dTs|/4c9dQh/8c/9c:230,-230(230.000000)
923:Player,BR:0cr200c/cc/cr16163f:5h7h,JdQc|/6h6c7c/Ah:-300,300(-300.000000)
924:BR,Player:0r130c/cr299c/r4632f:5s7h,8hQd|/3d4hAc/7s:529,-529(529.000000)
925:Player,BR:0cr300c/cc/r200r200c/cr19200f:4d8d,JsAh|/2s4s7c/3s/Jd:-800,800(-800.000000)
926:BR,Player:0r130c/cc/r7085f:2s6s,7hKc|/5s5dKh/6d:230,-230(230.000000)
927:Player,BR:0cr200c/cc/cr5284f:JdAc,6dJc|/9hThKd/4c:-300,300(-300.000000)
928:BR,Player:0f:8sQh,3c7d|:50,-50(50.000000)
929:Player,BR:0cc/cc/cr142f:2c4d,7dKs|/8sThAc/Ad:-100,100(-100.000000)
930:BR,Player:0r200c/cc/r1306f:2d3s,7hKh|/6hKcAd/9d:300,-300(300.000000)
931:Player,BR:0cr130c/cc/cr4051f:7cKc,2h6h|/5s7sKs/9d:-230,230(-230.000000)
932:BR,Player:0r130c/cc/r4051f:3dQc,JdAh|/2c4s8s/7h:230,-230(230.000000)
933:Player,BR:0cc/cc/cr124c/cr737f:6hAc,7h9s|/4d4c6s/7d/9c:-224,224(-224.000000)
934:BR,Player:0r130c/cr299c/r2303f:9cJh,5d6c|/2cQdKh/9s:529,-529(529.000000)
935:Player,BR:0cc/cc/cr3080f:2h9c,9hJh|/4hTdKd/Ad:-100,100(-100.000000)
936:BR,Player:0r130c/cr460c/cc/r3004f:4d5h,9dTh|/4c7dJh/Ts/Ah:690,-690(690.000000)
937:Player,BR:0cr300c/r520c/r1196r1196f:3s6c,9sAs|/3d7hJd/Qh:-2116,2116(-2116.000000)
938:BR,Player:0r130c/cc/r1001c/r14256f:4cJs,4h7d|/6c7hAc/Ad/Jc:1231,-1231(1231.000000)
939:Player,BR:0cr200c/r900c/cr10508f:QcKc,JdJc|/2h6dKd/Ad:-1200,1200(-1200.000000)
940:BR,Player:0r130c/cr299c/r2303c/cc:7c9c,8cTd|/2s4hKc/Th/Jc:-2832,2832(-2832.000000)
941:Player,BR:0cc/cc/cr216r374r6042f:3hAd,2h9s|/3d5d9d/Ah:-690,690(-690.000000)
942:BR,Player:0r130c/cr460c/r488f:5cAd,9cJs|/TsTdKc/3s:690,-690(690.000000)
943:Player,BR:0cc/cc/r130r2014f:3dJh,3c4d|/2c8cTs/7h:-230,230(-230.000000)
944:BR,Player:0r130c/cr299c/r4632f:2h3h,4cJh|/8dQsAc/As:529,-529(529.000000)
945:Player,BR:0cc/cc/r130r7085f:8dTc,3cQd|/5dTsAc/9s:-230,230(-230.000000)
946:BR,Player:0cc/cc/r216c/r17025f:5cTs,3dJs|/2s6dTc/Jd/2d:316,-316(316.000000)
947:Player,BR:0cc/cc/cr124c/cr737f:5hQs,9hAd|/2d4d5s/Ac/4h:-224,224(-224.000000)
948:BR,Player:0cc/cr130c/cc/r871f:2sAs,2h6h|/TdJhQs/5d/Qh:230,-230(230.000000)
949:Player,BR:0cc/cc/r130r285f:4hKs,9cAd|/5d5c6d/As:-230,230(-230.000000)
950:BR,Player:0r130c/cr299c/r186r1108f:6hTh,7cAs|/3c9sAh/7s:-715,715(-715.000000)
951:Player,BR:0cc/cc/cc/r130r2014c:3h4d,2c8d|/2hThAc/5h/Jd:2244,-2244(2244.000000)
952:BR,Player:0r130c/cr299c/cr687f:JsKc,6c8h|/2c3s5h/5s:-529,529(-529.000000)
953:Player,BR:0cr200c/cc/r150r640f:7hAd,9cKh|/8dThJc/2d:-450,450(-450.000000)
954:BR,Player:0r130c/cc/r1001f:9hKs,5s9d|/5cTsTc/Qs:230,-230(230.000000)
955:Player,BR:0cc/cc/cr124c/cr13879f:8c9h,6c8d|/2s9cQs/6d/Js:-224,224(-224.000000)
956:BR,Player:0r130c/cc/r327f:6h8s,3h5h|/8dTcKd/Qd:230,-230(230.000000)
957:Player,BR:0cr130c/cc/cr285f:4s8s,5d5c|/2c7dTd/Ts:-230,230(-230.000000)
958:BR,Player:0r130c/cr299c/r4632f:3c7d,5c6h|/4cJdQc/4s:529,-529(529.000000)
959:Player,BR:0cr300c/cc/r2400f:7sAc,6d9h|/4d7dJh/7c:400,-400(400.000000)
960:BR,Player:0cc/cc/r3080f:4s9h,7s8c|/3s3hAd/5h:100,-100(100.000000)
961:Player,BR:0cr200c/cc/r150r3940f:7c8d,5c9c|/2s5d7s/3s:-450,450(-450.000000)
962:BR,Player:0r130c/cr299c/r4632f:5dQc,8hJd|/3s5h9s/Ac:529,-529(529.000000)
963:Player,BR:0cc/cc/cr379f:2dQc,4hKh|/3s7hAd/Kd:-100,100(-100.000000)
964:BR,Player:0r130c/cr299c/r4632f:4hTd,8sTs|/7s8hAd/9h:529,-529(529.000000)
965:Player,BR:0cc/cc/cr3080f:6h8c,2h8s|/5c7hQs/6d:-100,100(-100.000000)
966:BR,Player:0cc/cc/r3080f:2d5h,4h8d|/6c7h9h/2c:100,-100(100.000000)
967:Player,BR:0cc/cc/cr435f:5c9d,7hQh|/6sTsAc/Jc:-100,100(-100.000000)
968:BR,Player:0r200c/cr390c/r3004f:4cKh,5s6c|/2c4h9c/As:690,-690(690.000000)
969:Player,BR:0cr300c/cc/cr7045f:QsAh,5hQh|/4h8cTs/3d:-400,400(-400.000000)
970:BR,Player:0r130c/cr299c/r4632f:2dTd,7dAh|/4h5c7h/6c:529,-529(529.000000)
971:Player,BR:0cc/cc/cr142f:2cKh,9hQh|/4s6sJd/7c:-100,100(-100.000000)
972:BR,Player:0r200c/cc/r747f:5cQc,4d6c|/6s8sAh/As:300,-300(300.000000)
973:Player,BR:0cr200c/r390c/r897r897f:7cKc,3d7d|/8d9hJc/Qs:-1587,1587(-1587.000000)
974:BR,Player:0r130c/cr299c/r186c/r3580f:5s5h,3cQc|/7c9sAc/9h/6d:715,-715(715.000000)
975:Player,BR:0cc/cc/cr435c/cr6196f:7hJc,9hTd|/6cQcKd/8c/Ad:-535,535(-535.000000)
976:BR,Player:0r200c/cr390c/r100r1114f:7cAs,6cTd|/4s6dTs/Tc:-790,790(-790.000000)
977:Player,BR:0cc/cc/cr2679f:4d9d,QhAh|/8dQdQc/Jh:-100,100(-100.000000)
978:BR,Player:0r200c/cr390c/r982c/cr3089c:3h3d,QdKh|/7s9hJh/Ah/6s:4761,-4761(-661.530578)
979:Player,BR:0cr300c/cc/r520r8056f:ThQh,2dJc|/9dJhQc/6s:-920,920(-920.000000)
980:BR,Player:0r130c/cr460c/r3004f:6sKc,6dTs|/2h4d9d/7h:690,-690(690.000000)
981:Player,BR:0cc/cc/r130r6161f:2h9d,8s8c|/8hThAs/6s:-230,230(-230.000000)
982:BR,Player:0r130c/cr299c/r374c/r4521f:8c9h,JcAc|/5h5cAs/7c/6s:903,-903(903.000000)
983:Player,BR:0cc/cc/r130r2014f:8cJh,9cKc|/2c5h8s/6c:-230,230(-230.000000)
984:BR,Player:0r130c/cr299c/r2003f:4dAc,8sQd|/2d3dJh/Ah:529,-529(529.000000)
985:Player,BR:0cr130c/cc/cr7085f:7cAc,2hTs|/3d4d8h/3s:-230,230(-230.000000)
986:BR,Player:0r130c/cc/r2014f:6hJs,3hQh|/4s9hKc/Kd:230,-230(230.000000)
987:Player,BR:0cc/cc/cr435f:3c8c,5h7d|/JdQhKs/2s:-100,100(-100.000000)
988:BR,Player:0cc/cr130c/r1001f:4s6s,4d9s|/5hTsAc/7c:230,-230(230.000000)
989:Player,BR:0cc/cc/cc/r130r285c:2hTc,TsQd|/2s8h8c/3c/Qc:-515,515(-402.620772)
990:BR,Player:0r130c/cc/r14250f:2s2c,3c5d|/4s4h7c/6s:230,-230(230.000000)
991:Player,BR:0cr200c/cc/cr427f:6s6c,7cTs|/4d8sKc/Ad:-300,300(-300.000000)
992:BR,Player:0r200c/cr600c/r100f:2dAs,3dKc|/4d5h6s/3s:900,-900(900.000000)
993:Player,BR:0cc/cc/r200r649c/cr584c:8dKc,AsAh|/2s4c7s/Kd/6c:-1533,1533(-910.126552)
994:BR,Player:0r200c/cr600c/r637c/r2516r15947f:6cJd,KcAc|/6s7c8c/3d/Jc:-4053,4053(-4053.000000)
995:Player,BR:0cc/cc/cr876f:6d8c,4sJd|/5s5d6c/Qh:-100,100(-100.000000)
996:BR,Player:0r200c/cc/r2284f:9hJh,5s8d|/2sJsKc/2h:300,-300(300.000000)
997:Player,BR:0cc/cc/cr379f:5c7d,6dTd|/8sThJh/Jd:-100,100(-100.000000)
998:BR,Player:0r130c/cc/r1001f:6cKc,9sQh|/3h4s8c/3d:230,-230(230.000000)
999:Player,BR:0cc/r200c/cr5284f:7d9h,3h7h|/3s8sJs/Ac:-300,300(-300.000000)
1000:BR,Player:0r200c/cc/r1306c/r16172f:3cTd,KcAc|/2d5c9s/6c/Qs:1606,-1606(1606.000000)
RAW BR STATS: n=1000, sum=491479.000000, sum_sq=9646176939.000000, vr_sum=485052.913459, vr_sum_sq=7961946057.716174
BR STATS: 491.479000(190.075797), 485.052913(172.286896)
RESULTS
1)Player: -491479
2)BR: 491479
