In config file: GAME_DEF=game_def.fullholdem
In config file: ACTIONS_R0=C
In config file: ACTIONS_R1=F,C,0.05,0.0575,0.066125,0.07604375,0.087450313,0.100567859,0.115653038,0.133000994,0.152951143,0.175893815,0.202277887,0.23261957,0.267512505,0.307639381,0.353785288,0.406853081,0.467881044,0.5380632,0.61877268,0.711588582,0.81832687,0.9410759,1.082237285,1.244572878,1.43125881,1.645947631,1.892839776,2.176765742,2.503280603,2.878772694,3.310588598,3.807176888,4.378253421,5.034991434,5.790240149,6.658776171,7.657592597,8.806231486,10.12716621,11.64624114,13.39317731,15.40215391,17.71247699,20.36934854,23.42475083,26.93846345,30.97923297,35.62611791,40.9700356,47.11554094,54.18287208,62.31030289,71.65684832,82.40537557,94.76618191,A
In config file: ACTIONS_R2=F,C
In config file: ACTIONS_R3=F,C
Loading player: rgbr_nl_cprg.so
Player args: /home/viliam/cprg/project_uoapoker/trunk/src/c/meta_player.so /home/viliam/cprg/project_uoapoker/trunk/src/c/acpc14.map
Using seed 28.
1:Player,BR:0cr300c/cr1741f:3h5h,ThKh|/5dQhAd:-400,400(-400.000000)
2:BR,Player:0r130c/r1001f:4hQc,5sQs|/3dJdKd:230,-230(230.000000)
3:Player,BR:0cr200c/r390r3004f:ThTd,8hKh|/6d7s9h:-690,690(-690.000000)
4:BR,Player:0r130c/r2014f:2s8s,7d8d|/5s6hTs:230,-230(230.000000)
5:Player,BR:0cc/cr8194f:4sTd,5cTc|/5dQcAc:-100,100(-100.000000)
6:BR,Player:0r200c/r5284f:3s9d,9hKs|/2h2dJc:300,-300(300.000000)
7:Player,BR:0cr300c/cr3503f:6s6d,3cKh|/3s8d9s:-400,400(-400.000000)
8:BR,Player:0r130c/r285c/cc/cr543f:4s7c,5dAh|/7s9h9d/Ac/As:-515,515(-515.000000)
9:Player,BR:0cc/cr435f:4dJc,9hAc|/5hQhKd:-100,100(-100.000000)
10:BR,Player:0r130c/r1001f:2sTh,7cJc|/8sTsJh:230,-230(230.000000)
11:Player,BR:0cc/cr1761f:9sTc,6dAs|/4c8c9h:-100,100(-100.000000)
12:BR,Player:0r130c/r2014f:TsAh,5sJh|/4s6h9d:230,-230(230.000000)
13:Player,BR:0cc/cr379f:8hJd,7hQd|/2c4cQh:-100,100(-100.000000)
14:BR,Player:0r130c/r327f:4h6c,4s7c|/3h9sJs:230,-230(230.000000)
15:Player,BR:0cr300c/cr3503f:5s6h,3d3c|/4s5cJc:-400,400(-400.000000)
16:BR,Player:0r200c/r2627f:2s4h,5d8h|/7c9cTd:300,-300(300.000000)
17:Player,BR:0cc/cr379f:4sQh,7dQd|/4c6d7c:-100,100(-100.000000)
18:BR,Player:0f:6s9d,3s6d|:50,-50(50.000000)
19:Player,BR:0cr600c/r1400r2989f:8cTd,2dJh|/3h7c8d:-2100,2100(-2100.000000)
20:BR,Player:0r130c/r2014c/cr1344c/cr16412f:8dTc,TsQd|/5s9dJh/Js/2s:-3588,3588(-3588.000000)
21:Player,BR:0cr600c/cr3047f:KsAd,8hQd|/2s5d6d:-700,700(-700.000000)
22:BR,Player:0r130c/r871f:7cJh,4sQh|/3dTsJc:230,-230(230.000000)
23:Player,BR:0cc/cr435f:4d9h,5hKs|/2s7sQd:-100,100(-100.000000)
24:BR,Player:0r130c/r1001f:9sKc,6hQs|/5c8s8c:230,-230(230.000000)
25:Player,BR:0cr200c/cr2627c/r1753f:7sAh,2d8s|/4s7cAd/3s:2927,-2927(2927.000000)
26:BR,Player:0cc/r124c/cc/cr376c:6s9c,2sAh|/4d8d9h/7h/6h:600,-600(-30.975822)
27:Player,BR:0cr600c/cr3047f:2c4h,2s4s|/6d7sAd:-700,700(-700.000000)
28:BR,Player:0r130c/r1001f:2s6d,TsKc|/8s9sKh:230,-230(230.000000)
29:Player,BR:0cr300c/cr3503f:5dAd,2s6h|/6c8hJh:-400,400(-400.000000)
30:BR,Player:0r200c/r2627f:2cQh,4dKd|/4s5hJs:300,-300(300.000000)
31:Player,BR:0cc/cr876f:2dJh,3dQd|/3c4s7d:-100,100(-100.000000)
32:BR,Player:0r200c/r1306f:QdKc,7sKs|/2d5s9d:300,-300(300.000000)
33:Player,BR:0cc/cr100f:4dJc,7s7h|/5dTcQd:-100,100(-100.000000)
34:BR,Player:0r130c/r1001f:4hKc,3s5s|/6c7h9d:230,-230(230.000000)
35:Player,BR:0cc/cr379f:7dJs,QhKh|/6cKcAh:-100,100(-100.000000)
36:BR,Player:0r130c/r1001f:JdQh,6cKc|/2c3s5s:230,-230(230.000000)
37:Player,BR:0cc/cr435f:7cTh,2d6d|/QhQcAs:-100,100(-100.000000)
38:BR,Player:0r130c/r4051f:5h6d,8sQd|/2d8hJc:230,-230(230.000000)
39:Player,BR:0cc/cr876c/cc/r2014c:2s6h,TsAh|/3c5hQs/Ac/3h:-2990,2990(-1939.238458)
40:BR,Player:0r130c/r871f:8cTs,9hJc|/3c6s8h:230,-230(230.000000)
41:Player,BR:0cr300c/cr1741r17859f:KdKc,5s9d|/TdQdKh:2141,-2141(2141.000000)
42:BR,Player:0r130c/r1001f:6c8s,9hKh|/3s6h7s:230,-230(230.000000)
43:Player,BR:0cc/cr876f:2c8h,8cKs|/5d6sJd:-100,100(-100.000000)
44:BR,Player:0r200c/r1306f:6sQh,3hQs|/8dJhKd:300,-300(300.000000)
45:Player,BR:0cc/cr2679f:4cAh,TsTh|/5s8d8c:-100,100(-100.000000)
46:BR,Player:0r200c/r2627f:2s8c,QdAc|/4h6cKs:300,-300(300.000000)
47:Player,BR:0cr600c/cr1742f:7dTd,3s6d|/4s6cAh:-700,700(-700.000000)
48:BR,Player:0r130c/r285c/cc/cr865c:JdQh,JcQd|/5s5hJh/Ts/2c:0,-0(973.208911)
49:Player,BR:0cc/cr124c/cc/r376c:JsKh,2cKc|/2h3s7c/Ks/As:-600,600(-452.684126)
50:BR,Player:0r130c/r163r987r6008c/cr12612f:2cJs,5s7s|/2d5d7h/Qc:-7388,7388(-7388.000000)
51:Player,BR:0cc/cr435f:6hAd,2cQh|/2d6sTh:-100,100(-100.000000)
52:BR,Player:0f:5cAd,2d6h|:50,-50(50.000000)
53:Player,BR:0cc/r130r2014f:5dTd,TsQd|/7s9cAd:-230,230(-230.000000)
54:BR,Player:0r130c/r327f:9sAc,8s9d|/3d5h5d:230,-230(230.000000)
55:Player,BR:0cc/cr876f:4h8d,4cJd|/6dQhKd:-100,100(-100.000000)
56:BR,Player:0r200c/r1306f:6sAd,2hKs|/4s5h8h:300,-300(300.000000)
57:Player,BR:0cc/cr876f:8sAc,7dTh|/4h7c9s:-100,100(-100.000000)
58:BR,Player:0r130c/r1001f:4dAh,6s9d|/5s7s7c:230,-230(230.000000)
59:Player,BR:0cc/cr876f:7sKh,6cTd|/5d5cQs:-100,100(-100.000000)
60:BR,Player:0r130c/r1001f:4d9d,8dJh|/2c8sQh:230,-230(230.000000)
61:Player,BR:0cc/cr435r1075r1075c/r1179f:9sQh,9hKc|/8hTdJd/Ah:2685,-2685(2685.000000)
62:BR,Player:0cc/r876f:6hAc,2dKs|/TsJdKc:100,-100(100.000000)
63:Player,BR:0cr200c/cr1306f:7dAc,3d4s|/2c6c8h:-300,300(-300.000000)
64:BR,Player:0cc/r3080f:3c4h,2hQs|/7dQhAh:100,-100(100.000000)
65:Player,BR:0cc/cr435f:2d8s,6cJc|/5c9sTd:-100,100(-100.000000)
66:BR,Player:0r130c/r285c/cr543c/cr2116f:2d6d,3h5h|/2c4h7s/Kh/Td:-1058,1058(-1058.000000)
67:Player,BR:0cr130c/r299r1317f:7hKh,3sKd|/6s7cQs:-529,529(-529.000000)
68:BR,Player:0cc/cr130r573f:2dQh,3hAs|/9cKhAc:230,-230(230.000000)
69:Player,BR:0cc/cr124r576r576f:3dTc,7hAh|/8hQsQc:-800,800(-800.000000)
70:BR,Player:0r130c/r2014f:4s5d,ThAd|/4hTcJh:230,-230(230.000000)
71:Player,BR:0cc/cr142f:4s9h,4h4c|/6cJhJd:-100,100(-100.000000)
72:BR,Player:0r130c/r2014f:7s9c,2hJd|/6d8hQh:230,-230(230.000000)
73:Player,BR:0cc/cr379f:3c4s,TdTc|/8sThJh:-100,100(-100.000000)
74:BR,Player:0r300c/r996f:5s6c,6sJc|/4h4dQd:400,-400(400.000000)
75:Player,BR:0cc/cr435f:3h9c,2sKs|/4h8cAd:-100,100(-100.000000)
76:BR,Player:0r200c/r1136f:8dAc,2d7d|/4hJcAh:300,-300(300.000000)
77:Player,BR:0cc/cr435f:4h8s,7sQd|/2s4dKc:-100,100(-100.000000)
78:BR,Player:0r130c/r871c/cr100c/cc:2cQs,ThQd|/7c9sQc/7s/2s:-1201,1201(983.831124)
79:Player,BR:0cr200c/cr2627f:5s5d,2dJs|/TdJhKh:-300,300(-300.000000)
80:BR,Player:0f:5c8s,3s8d|:50,-50(50.000000)
81:Player,BR:0cr300c/cr1741f:JhKs,4cQc|/2d8d8c:-400,400(-400.000000)
82:BR,Player:0r130c/r2014f:2hQh,7hQs|/3s7cAc:230,-230(230.000000)
83:Player,BR:0cc/cr876f:7hJd,TcAd|/9dJcQc:-100,100(-100.000000)
84:BR,Player:0r200c/r371f:JhKc,4d5c|/8dTsJd:300,-300(300.000000)
85:Player,BR:0cc/cr876f:5hJc,2d4s|/2h3d8h:-100,100(-100.000000)
86:BR,Player:0r130c/r1001f:3s7c,7s8h|/5h8dJd:230,-230(230.000000)
87:Player,BR:0cr300c/cr1741c/r1219f:2hQh,6d8c|/TsQdQc/Ah:2141,-2141(2141.000000)
88:BR,Player:0r130c/r19770f:QsAc,ThTd|/2cAhAd:230,-230(230.000000)
89:Player,BR:0cc/cr876f:7d9h,TsTc|/3h7hAh:-100,100(-100.000000)
90:BR,Player:0r130c/r573c/cc/cc:8sJs,6dKc|/4s4c6s/7d/4h:-803,803(-803.000000)
91:Player,BR:0cr200c/r390r3004f:5s6c,2h8h|/3s9dKs:-690,690(-690.000000)
92:BR,Player:0r130c/r1001f:5d6s,8dJd|/4s4h7d:230,-230(230.000000)
93:Player,BR:0cr300c/cr569c/r471f:9hQs,4s6h|/QdAhAd/Qc:969,-969(969.000000)
94:BR,Player:0r200c/r1306f:2c4c,9cTc|/5d6d7s:300,-300(300.000000)
95:Player,BR:0cc/cr379c/cc/r721f:3s7h,9cAd|/2s4s9s/Qc/8c:479,-479(479.000000)
96:BR,Player:0r200c/r1136f:AsAh,9sTs|/4cQcKd:300,-300(300.000000)
97:Player,BR:0cr200c/r390r6042f:TsQs,3d5c|/3s7hJc:-690,690(-690.000000)
98:BR,Player:0r300c/r3503f:3d5s,5hTd|/2d4h8h:400,-400(400.000000)
99:Player,BR:0cr200c/cr2627f:2c5c,5sAd|/3d9sKh:-300,300(-300.000000)
100:BR,Player:0r130c/r142c/cc/cr663c:6d7c,5hAh|/6h9cAs/4c/9s:-1035,1035(413.459163)
101:Player,BR:0cc/cr379c/cc/cc:7s8h,4cJs|/8cTcJd/9c/Ah:479,-479(215.827687)
102:BR,Player:0r130c/r2014f:JcKh,3h4h|/5c7dAd:230,-230(230.000000)
103:Player,BR:0cc/cr124f:2c7c,6s8h|/3s3d6d:-100,100(-100.000000)
104:BR,Player:0r130c/r4051f:3cQc,6cQd|/2d8cJh:230,-230(230.000000)
105:Player,BR:0cc/cr876c/r584f:7sKd,3h4s|/6dJdAd/Th:976,-976(976.000000)
106:BR,Player:0cc/r1532f:2c4s,3dKc|/2h4cTh:100,-100(100.000000)
107:Player,BR:0cc/cr761c/cc/r189c:7sAd,7cAc|/4h8dAh/Kd/Qs:0,-0(-756.287424)
108:BR,Player:0r130c/r285r1325r4580f:5sQh,JhJc|/3h5cTc:1840,-1840(1840.000000)
109:Player,BR:0cr300c/r520r16203f:6c8c,KhKc|/2d7sAs:-920,920(-920.000000)
110:BR,Player:0r130c/r2014f:TdAd,5dKh|/7cJhQd:230,-230(230.000000)
111:Player,BR:0cc/cr1761f:2d4s,5dTs|/5s7sJh:-100,100(-100.000000)
112:BR,Player:0r130c/r2014f:3d8s,5d8d|/9sJdQd:230,-230(230.000000)
113:Player,BR:0cr200c/r390r1718f:3c9c,2c5c|/6cTdAh:-690,690(-690.000000)
114:BR,Player:0cc/r216f:9dAd,2hAc|/3dTdTc:100,-100(100.000000)
115:Player,BR:0cr200c/cr2627f:3c6d,8hQh|/9hTcKc:-300,300(-300.000000)
116:BR,Player:0r200c/r2627r17073f:2s4c,TcQc|/6h8cJc:-2927,2927(-2927.000000)
117:Player,BR:0cr300c/r520r8056f:QhKc,5d8c|/3d9cJh:-920,920(-920.000000)
118:BR,Player:0r300c/r866f:4cQs,5sTc|/2d4h8s:400,-400(400.000000)
119:Player,BR:0cc/cr379c/cc/cc:2d6s,KsAc|/6d9hAh/Jc/7s:-479,479(-417.502714)
120:BR,Player:0r200c/r1306f:2cTc,9sQh|/2s5c7s:300,-300(300.000000)
121:Player,BR:0cr300c/cr1741f:TdAd,KsAc|/2h4c5h:-400,400(-400.000000)
122:BR,Player:0r300c/cc/cc/cr520f:4sAd,QsAc|/5cJdJc/Tc/2c:-400,400(-400.000000)
123:Player,BR:0cr300c/cr3503f:6h6c,3hQd|/5sTdKs:-400,400(-400.000000)
124:BR,Player:0r130c/r573f:6sJc,2d8d|/7d9sAs:230,-230(230.000000)
125:Player,BR:0cc/cr435f:6c8h,3cKs|/2d8sQd:-100,100(-100.000000)
126:BR,Player:0cc/r761f:9sQs,2sKs|/TsQcKh:100,-100(100.000000)
127:Player,BR:0cr200c/cr5284c/r2696c/cc:TdJh,4dAd|/2h2dJs/Ac/5c:-8280,8280(-4188.860115)
128:BR,Player:0r130c/r1751r9289r8730c/cc/cc:JcQc,2cTc|/7s8c9c/8d/Kd:20000,-20000(2156.940503)
129:Player,BR:0cc/cr876f:3c7h,9cJs|/5c8cAs:-100,100(-100.000000)
130:BR,Player:0r130c/r2014r17756f:7d9d,3sKs|/2h3dKd:-2244,2244(-2244.000000)
131:Player,BR:0cr300c/cr3503f:7dJc,5h8s|/3s3c7s:-400,400(-400.000000)
132:BR,Player:0f:2dQd,3c7d|:50,-50(50.000000)
133:Player,BR:0cc/cr379f:3s5c,7sKh|/2d7dKd:-100,100(-100.000000)
134:BR,Player:0r130c/r2014f:2h5c,3hQs|/4c7cQh:230,-230(230.000000)
135:Player,BR:0cc/cr3080f:9cKh,4d8c|/2h3dAd:-100,100(-100.000000)
136:BR,Player:0r130c/r2014f:8h9s,2hQc|/4s5hQh:230,-230(230.000000)
137:Player,BR:0cc/cr124c/cc/cc:8dAs,6d7d|/2s7cKc/3d/Ks:-224,224(-172.967667)
138:BR,Player:0r130c/r2014c/cr2241f:5s7c,JhQh|/4s8cTd/8s:-2244,2244(-2244.000000)
139:Player,BR:0cc/cr1761f:2c9s,5sTd|/7sTcQs:-100,100(-100.000000)
140:BR,Player:0f:5h5d,2h8s|:50,-50(50.000000)
141:Player,BR:0cc/cr761c/cc/cc:5c6d,7c8d|/5h6h8c/Kh/7d:-861,861(-33.905175)
142:BR,Player:0r200c/r1306f:2s5s,9sAs|/4d7cJh:300,-300(300.000000)
143:Player,BR:0cr200c/r390r982f:4h8d,6c7s|/9hTsTh:-690,690(-690.000000)
144:BR,Player:0r130c/r871f:TcKc,7sJc|/2s9dKd:230,-230(230.000000)
145:Player,BR:0cr600c/r1400r1400f:4cKc,8c9d|/6hTdJc:-2100,2100(-2100.000000)
146:BR,Player:0r130c/r3522f:7cAc,JhAh|/3h4c9c:230,-230(230.000000)
147:Player,BR:0cc/cr876f:JcQd,5h9c|/3d7dTh:-100,100(-100.000000)
148:BR,Player:0f:TdTc,3c6d|:50,-50(50.000000)
149:Player,BR:0cr300c/cr3503f:5sQs,QdKh|/6h7hJd:-400,400(-400.000000)
150:BR,Player:0f:3cJs,3d8h|:50,-50(50.000000)
151:Player,BR:0cr200c/r390r1718c/cc/r8632f:3sAs,2d2c|/3dKhAc/4s/Th:2408,-2408(2408.000000)
152:BR,Player:0f:4s7c,2h8c|:50,-50(50.000000)
153:Player,BR:0cc/cr1761f:3s6c,5cTs|/5s9dAc:-100,100(-100.000000)
154:BR,Player:0r130c/r3522f:6dKd,8h9s|/7dTdKc:230,-230(230.000000)
155:Player,BR:0cr600c/r910f:8h9d,4d9h|/7cThQs:700,-700(700.000000)
156:BR,Player:0r130c/r1001f:9sQd,4h5s|/7c8sTc:230,-230(230.000000)
157:Player,BR:0cr600c/cr3047f:4h6h,2c6d|/4c8s9h:-700,700(-700.000000)
158:BR,Player:0r130c/cr460r460f:8dKs,6cTs|/4c5c9s:690,-690(690.000000)
159:Player,BR:0cr300c/r520r2290r5254c/cc/cc:8h8d,7cKh|/3d4s7d/2d/7s:-8464,8464(-1371.140066)
160:BR,Player:0r130c/r1001c/cr2472f:9cKc,4dQs|/2s3h5c/6c:-1231,1231(-1231.000000)
161:Player,BR:0cr300c/r520r520f:9cQd,8cKd|/4s5s5c:-920,920(-920.000000)
162:BR,Player:0r130c/r4051f:7dJs,4dAh|/2h3dTc:230,-230(230.000000)
163:Player,BR:0cc/cr124c/r100c/r576f:4hKh,2dAh|/2s8sKc/4d/Ts:324,-324(324.000000)
164:BR,Player:0r130c/r2014f:6sTd,2dKs|/3s3d8h:230,-230(230.000000)
165:Player,BR:0cc/cr435c/cc/cc:JsKh,6cAc|/3h9dJd/6d/7h:535,-535(232.991233)
166:BR,Player:0cc/r3080f:9dTs,6dQd|/5s5cJc:100,-100(100.000000)
167:Player,BR:0cr200c/cr1306f:7c8s,8cAc|/5cTsQh:-300,300(-300.000000)
168:BR,Player:0cc/r1761f:JdQc,5s9h|/4s6h6d:100,-100(100.000000)
169:Player,BR:0cc/cr876f:7sJh,5s7d|/5d8d9s:-100,100(-100.000000)
170:BR,Player:0r130c/cr299r4632c/cr5154c/cr9685c:3s3c,4hAs|/4sQdKh/7c/6c:-20000,20000(208.247054)
171:Player,BR:0cc/cr876f:6s9s,6h8h|/3dQcKd:-100,100(-100.000000)
172:BR,Player:0r130c/r1001f:4cJs,4s4h|/6c8dKc:230,-230(230.000000)
173:Player,BR:0cc/cr761f:3d6h,JsQh|/QsKcAc:-100,100(-100.000000)
174:BR,Player:0r200c/r1306c/cr3224f:8sQs,9sAh|/3s9hKh/Ad:-1606,1606(-1606.000000)
175:Player,BR:0cc/cr379f:9cAh,2hQh|/3s8dQc:-100,100(-100.000000)
176:BR,Player:0cc/r435f:2c6s,3d6h|/3sQdKh:100,-100(100.000000)
177:Player,BR:0cc/cr1761f:TcQs,7dTh|/3s8dAh:-100,100(-100.000000)
178:BR,Player:0cc/r124c/cc/cc:4c7h,2cQs|/2d7cAs/5h/4s:224,-224(224.000000)
179:Player,BR:0cc/r130r285c/cc/cc:5s6c,8dAh|/8s9hKc/5d/Qd:-515,515(-508.657180)
180:BR,Player:0r130c/r285r543r543c/cr3265f:9dTh,8sTs|/3c9hQd/4s:-1601,1601(-1601.000000)
181:Player,BR:0cc/cr379f:2h5h,TdKc|/3c7cKs:-100,100(-100.000000)
182:BR,Player:0f:3d6c,2d5c|:50,-50(50.000000)
183:Player,BR:0cr200c/r900f:7cKd,3cKs|/7s7hJc:300,-300(300.000000)
184:BR,Player:0r200c/r1306f:7dJh,9sAh|/3d5dQh:300,-300(300.000000)
185:Player,BR:0cr600c/cr996f:2h4d,2sAc|/7d8dTd:-700,700(-700.000000)
186:BR,Player:0cc/r142f:6h7d,3d6c|/9dQsAd:100,-100(100.000000)
187:Player,BR:0cc/cr761f:4cQh,6cQc|/6s6dKd:-100,100(-100.000000)
188:BR,Player:0f:6d9s,2c8h|:50,-50(50.000000)
189:Player,BR:0cr300c/cr3503f:5s6h,5h7h|/5d8cAh:-400,400(-400.000000)
190:BR,Player:0r130c/r1001f:3sTs,6h8d|/3hQcKd:230,-230(230.000000)
191:Player,BR:0cc/cr100f:2cTs,7cQc|/6cKhKd:-100,100(-100.000000)
192:BR,Player:0f:5hQs,2sTc|:50,-50(50.000000)
193:Player,BR:0cr130c/cr871c/cc/r100c:2dAd,8h9d|/3c4h8d/Th/Ks:-1201,1201(-536.146638)
194:BR,Player:0r130c/r327c/cr478c/cc:8c9c,3s9s|/TsThTc/8s/2s:1035,-1035(1035.000000)
195:Player,BR:0cc/cr1761f:2sQh,4s8c|/5dKhKc:-100,100(-100.000000)
196:BR,Player:0r130c/r1001f:4hKd,5dQd|/JhQhAh:230,-230(230.000000)
197:Player,BR:0cr130c/cr2014f:8sTd,7d9c|/6s6hJd:-230,230(-230.000000)
198:BR,Player:0r200c/r2627f:5dTd,3h6h|/9hJsJc:300,-300(300.000000)
199:Player,BR:0cr300c/r800r10508f:4d6s,3d5d|/4c8dTh:-1200,1200(-1200.000000)
200:BR,Player:0r130c/r163c/cc/cc:6sAc,9sAh|/3s3cJh/Td/Kd:0,-0(-231.408020)
201:Player,BR:0cc/cr124c/cc/r376f:3s8h,9s9c|/8sJcAd/8c/Qs:224,-224(224.000000)
202:BR,Player:0r130c/r498f:6dKd,7c9s|/2d8cKs:230,-230(230.000000)
203:Player,BR:0cc/cr876f:7dQc,2d4h|/5h5dQs:-100,100(-100.000000)
204:BR,Player:0r130c/r1001f:7sJc,6hKc|/8sTcKh:230,-230(230.000000)
205:Player,BR:0cr300c/cr996c/r1004f:KcAc,5d8s|/3c6sKh/Th:1396,-1396(1396.000000)
206:BR,Player:0r130c/r1001c/cc/cc:2c3c,3dTd|/6d6cJd/7d/Jh:-1231,1231(-1231.000000)
207:Player,BR:0cc/cr876f:4cJd,6d9d|/2h8hAd:-100,100(-100.000000)
208:BR,Player:0r130c/r871c/cc/cr1015f:6hKs,9sKd|/5d9cKc/6c/9d:-1101,1101(-1101.000000)
209:Player,BR:0cr300c/r520r1309f:7hJh,6c7d|/3c6hTd:-920,920(-920.000000)
210:BR,Player:0r130c/r1001c/cr1184f:8dKh,7hQs|/3c7s9s/4c:-1231,1231(-1231.000000)
211:Player,BR:0cc/cr1761f:6cAh,2h5h|/2d4d8c:-100,100(-100.000000)
212:BR,Player:0r130c/r2014f:2cKh,7c8s|/6h8c9h:230,-230(230.000000)
213:Player,BR:0cc/cr876f:3s9c,8cTc|/7hKsKc:-100,100(-100.000000)
214:BR,Player:0cc/r435f:5d8c,6hQc|/9dTsTd:100,-100(100.000000)
215:Player,BR:0cc/cr1761f:4sJd,6dAs|/7h8dQc:-100,100(-100.000000)
216:BR,Player:0f:3sJc,2d6c|:50,-50(50.000000)
217:Player,BR:0cc/cr435r1075r2291f:6d9h,3sAs|/2c5c9s:-1610,1610(-1610.000000)
218:BR,Player:0r200c/r2627c/cc/cr6043f:3d9h,9sJs|/5c7h8c/As/7d:-2927,2927(-2927.000000)
219:Player,BR:0cc/cr876f:JsQd,7s7d|/6d8c9s:-100,100(-100.000000)
220:BR,Player:0r200c/r1136f:4hQc,8cJd|/5sJsQd:300,-300(300.000000)
221:Player,BR:0cr200c/cr1306f:TdQc,5s5h|/QdAsAh:-300,300(-300.000000)
222:BR,Player:0r200c/r19700f:3h7c,6d6c|/3s3c7d:300,-300(300.000000)
223:Player,BR:0cc/cr1761f:2cQd,5hAh|/7h8cQc:-100,100(-100.000000)
224:BR,Player:0r130c/r1001c/cc/cr3599f:8sTs,3d4d|/4h4cJs/As/4s:-1231,1231(-1231.000000)
225:Player,BR:0cc/cr761f:6h8c,QsAh|/4s8sAs:-100,100(-100.000000)
226:BR,Player:0r130c/r163c/cr297c/cc:8sKh,3c7c|/2dJhJc/3h/Th:-690,690(-477.384333)
227:Player,BR:0cr600c/cr16305f:8cAc,AhAd|/3h9cJs:-700,700(-700.000000)
228:BR,Player:0r130c/r1001f:7c9d,8sQc|/2h5sKd:230,-230(230.000000)
229:Player,BR:0cr600c/r910r4008c/r9194f:9s9h,5c6h|/8h9dAc/6c:5618,-5618(5618.000000)
230:BR,Player:0r130c/r285f:7cAc,6sTc|/5h8s8c:230,-230(230.000000)
231:Player,BR:0cr200c/cr427f:2s2c,4h8c|/3h9sTh:-300,300(-300.000000)
232:BR,Player:0r130c/r1751r1751r1751f:TcJc,8cKs|/ThJsAd:3732,-3732(3732.000000)
233:Player,BR:0cr200c/cr140c/cc/cc:2c5c,KdAd|/2h7sJc/4c/6h:440,-440(-12.890439)
234:BR,Player:0cc/r142c/cr658f:5cAs,4h9c|/4c8s9h/3d:-242,242(-242.000000)
235:Player,BR:0cr600c/cr3047f:JdAd,2s2c|/JsQsQh:-700,700(-700.000000)
236:BR,Player:0r130c/r2014c/cc/cc:3cAs,JhQs|/6dTcKc/Js/2h:-2244,2244(-2244.000000)
237:Player,BR:0cc/cr876f:2c5s,9hAc|/2d3c4c:-100,100(-100.000000)
238:BR,Player:0r200c/r19700f:2d3h,QsAs|/2h3d6s:300,-300(300.000000)
239:Player,BR:0cr600c/r910r910f:8dJs,QdKh|/5h9hQs:-1610,1610(-1610.000000)
240:BR,Player:0r130c/r1001f:3s5h,7dQd|/6s6dKh:230,-230(230.000000)
241:Player,BR:0cr600c/cr996f:TcAs,5c8d|/2d4c5d:-700,700(-700.000000)
242:BR,Player:0r200c/r1306r3224r3224f:2hAh,3h5s|/4c5d9d:4830,-4830(4830.000000)
243:Player,BR:0cc/cr876f:5c6h,7hAs|/3s6dJd:-100,100(-100.000000)
244:BR,Player:0r130c/r1001c/cr1184f:4cAc,TsAs|/3dQdKh/Jd:-1231,1231(-1231.000000)
245:Player,BR:0cc/cr3080f:4dAs,2s3s|/6cQsAd:-100,100(-100.000000)
246:BR,Player:0r130c/cr299r1317f:2hAc,3c5h|/4dJhKs:529,-529(529.000000)
247:Player,BR:0cc/cr876f:3sTc,2h6c|/4s8sTh:-100,100(-100.000000)
248:BR,Player:0cc/r379f:JhJd,3cQc|/5h6cTh:100,-100(100.000000)
249:Player,BR:0cr300c/r520r2290f:3dTd,8hQs|/6sJdAc:-920,920(-920.000000)
250:BR,Player:0r130c/r2014f:5d7s,5h6d|/7h8sQc:230,-230(230.000000)
251:Player,BR:0cr600c/cr3047f:8c9d,2hQh|/4s5sKd:-700,700(-700.000000)
252:BR,Player:0r130c/r1001f:4cQd,2hAs|/2d3d6s:230,-230(230.000000)
253:Player,BR:0cc/cr3080f:5dTs,7sTc|/8s9hKd:-100,100(-100.000000)
254:BR,Player:0r130c/r1001r2472f:2s2h,6d7h|/4h8hAh:-1231,1231(-1231.000000)
255:Player,BR:0cc/cr124c/cc/r100c:3hJs,9d9c|/4cJcKd/6s/Tc:324,-324(127.726158)
256:BR,Player:0r130c/r1001f:7c9d,5dTc|/2h8dKc:230,-230(230.000000)
257:Player,BR:0cr300c/cr866c/cc/r1494c:QsQd,JhJd|/3c5d7h/8c/Th:2760,-2760(649.493384)
258:BR,Player:0r200c/r1306c/cr914f:6cJd,8dTs|/2h2c8h/7h:-1606,1606(-1606.000000)
259:Player,BR:0cc/cr876f:2d4s,7sKh|/7c8d9d:-100,100(-100.000000)
260:BR,Player:0r200c/r19700f:TsTh,5dAc|/4d8hTc:300,-300(300.000000)
261:Player,BR:0cc/cr435f:5h7s,6c8s|/ThJcKs:-100,100(-100.000000)
262:BR,Player:0r130c/r327f:7dJd,3cQc|/2s8h8d:230,-230(230.000000)
263:Player,BR:0cr600c/cr3047f:4hKh,2c8d|/8s9sKs:-700,700(-700.000000)
264:BR,Player:0r200c/r371r709r709r4259f:2dTc,9sQs|/9h9dTd:-2089,2089(-2089.000000)
265:Player,BR:0cc/cr3080c/r1740f:ThKd,5h8h|/3sTdKh/2s:3180,-3180(3180.000000)
266:BR,Player:0r130c/r285c/cc/cc:QdKs,JdKc|/7sAsAc/6h/3d:515,-515(223.791500)
267:Player,BR:0cc/cr3080f:2dJs,3dTs|/5d9sQh:-100,100(-100.000000)
268:BR,Player:0r130c/r285f:5s6d,5cQd|/2d6c9s:230,-230(230.000000)
269:Player,BR:0cc/cr435f:6s8h,2hJc|/4h8cAd:-100,100(-100.000000)
270:BR,Player:0cc/r1761f:5hAd,4h8s|/4s6dQd:100,-100(100.000000)
271:Player,BR:0cr300c/r800c/cc/cc:TsKs,7dAc|/TdKcAd/9d/2d:-1200,1200(-962.421821)
272:BR,Player:0r130c/r2014f:8dTd,5d9c|/3h7cKh:230,-230(230.000000)
273:Player,BR:0cc/cr142f:3d8d,8hAh|/9s9dJs:-100,100(-100.000000)
274:BR,Player:0r130c/r2014r17756f:8cTd,4h4c|/3d4sQh:-2244,2244(-2244.000000)
275:Player,BR:0cc/cr876c/cc/r2014c:2hKh,8cJc|/3hKcAs/7s/Tc:2990,-2990(608.724639)
276:BR,Player:0r130c/r2014f:3s4h,6s6d|/2sJsAh:230,-230(230.000000)
277:Player,BR:0cc/cr1532f:5cJh,3dJd|/4d5d6s:-100,100(-100.000000)
278:BR,Player:0r130c/r163c/cr297c/cc:2cAs,6cKs|/3h3cQd/4c/8s:690,-690(122.800870)
279:Player,BR:0cc/cr876f:5d9c,5sAc|/6d7hKs:-100,100(-100.000000)
280:BR,Player:0f:TdAs,2d7s|:50,-50(50.000000)
281:Player,BR:0cc/cr1761f:6sAc,TcQs|/2h5sJs:-100,100(-100.000000)
282:BR,Player:0r130c/r2014f:8hJc,3dAh|/2cTcKh:230,-230(230.000000)
283:Player,BR:0cc/cr876f:2hTs,8sQd|/TdQhKh:-100,100(-100.000000)
284:BR,Player:0r130c/r163c/cc/cc:3cAh,8s8d|/TsThKc/3h/3d:393,-393(393.000000)
285:Player,BR:0cc/cr100f:5sTs,3s4s|/3d8hKc:-100,100(-100.000000)
286:BR,Player:0r130c/r871f:TsKd,7dQh|/3d7cKs:230,-230(230.000000)
287:Player,BR:0cc/cr1532f:4s6h,8sKs|/7s8c9s:-100,100(-100.000000)
288:BR,Player:0f:5c7d,3d9h|:50,-50(50.000000)
289:Player,BR:0cc/cr1761f:5cQh,6dJh|/7sThTc:-100,100(-100.000000)
290:BR,Player:0r130c/r3522f:7sJd,5dJh|/3d8hJs:230,-230(230.000000)
291:Player,BR:0cc/cr876f:2d9d,3sQc|/2h5cAh:-100,100(-100.000000)
292:BR,Player:0r130c/r2014f:5c6h,5d9c|/3s9hJh:230,-230(230.000000)
293:Player,BR:0cc/cr761f:3c4h,2cAd|/7dQsAh:-100,100(-100.000000)
294:BR,Player:0f:6sAh,3h7s|:50,-50(50.000000)
295:Player,BR:0cc/cr876f:3cAd,8cQh|/2s5sTc:-100,100(-100.000000)
296:BR,Player:0r200c/r2284f:TsKs,6dTh|/3c5sJs:300,-300(300.000000)
297:Player,BR:0cr300c/r520r4005f:4d5d,9dQd|/2s6d7h:-920,920(-920.000000)
298:BR,Player:0f:ThAs,2c7s|:50,-50(50.000000)
299:Player,BR:0cr300c/cr1514f:8cAs,5sKh|/2s2cKs:-400,400(-400.000000)
300:BR,Player:0cc/r876c/cr584c/cc:2c7c,3sQs|/7d8sQc/Kc/9c:1560,-1560(1560.000000)
301:Player,BR:0cc/cr216f:4sAh,7cKh|/5s7dQc:-100,100(-100.000000)
302:BR,Player:0cc/r100f:4sAc,3s6c|/2s2dTd:100,-100(100.000000)
303:Player,BR:0cc/cr435f:6s9h,5sAc|/8c9sJh:-100,100(-100.000000)
304:BR,Player:0r130c/r1001f:2c3c,ThQd|/3h9dAs:230,-230(230.000000)
305:Player,BR:0cr600c/cr996f:3d5c,7sJh|/5h6h9h:-700,700(-700.000000)
306:BR,Player:0cc/r216c/cc/cr374f:2h6c,8s9d|/3d5d6s/5c/7c:-316,316(-316.000000)
307:Player,BR:0cc/cr3080f:8dQc,7c8s|/4c9cQs:-100,100(-100.000000)
308:BR,Player:0r200c/r1306f:4dKh,4sAc|/3c7cTd:300,-300(300.000000)
309:Player,BR:0cr300c/r800r10508f:2s2h,9dKh|/5c7sQs:-1200,1200(-1200.000000)
310:BR,Player:0r130c/r3522f:QcAc,3s8s|/4s8hAd:230,-230(230.000000)
311:Player,BR:0cc/cr876f:6d7c,2sKh|/4hTcQs:-100,100(-100.000000)
312:BR,Player:0r130c/r871c/cr279c/cr2760f:TsTh,3dAh|/3s4d8c/Ad/Qs:-1380,1380(-1380.000000)
313:Player,BR:0cr200c/r390c/r1380c/r12420f:5sAs,8hJh|/7s8sKs/4s/9s:2070,-2070(2070.000000)
314:BR,Player:0r300c/r996f:5cQc,6c7s|/8d9cJd:400,-400(400.000000)
315:Player,BR:0cc/cr1532f:8sJd,5d9h|/8c9s9c:-100,100(-100.000000)
316:BR,Player:0cc/r435f:TsJd,3sAh|/3c6c7d:100,-100(100.000000)
317:Player,BR:0cc/cr876f:8sKd,ThQc|/5c8cAd:-100,100(-100.000000)
318:BR,Player:0r130c/r871f:ThAd,8cQc|/5h6dTs:230,-230(230.000000)
319:Player,BR:0cr300c/cr495c/cc/r305c:8hJd,4h4d|/2c3dTh/Ah/Jc:1200,-1200(-274.030608)
320:BR,Player:0cc/r1761c/cr5039f:5dTs,7cQc|/3s6cKc/8c:-1861,1861(-1861.000000)
321:Player,BR:0cr300c/r4800f:TsTc,6sTh|/3d5s9c:400,-400(400.000000)
322:BR,Player:0r130c/r1001f:9dTc,7cQd|/4s8dJs:230,-230(230.000000)
323:Player,BR:0cc/cr1761f:3d4h,3hJc|/2d2c5c:-100,100(-100.000000)
324:BR,Player:0r130c/r1001f:2h7s,6dTs|/2s8sKc:230,-230(230.000000)
325:Player,BR:0cr300c/cr3503f:3h6c,3c9h|/6s7dTc:-400,400(-400.000000)
326:BR,Player:0r130c/r1001f:4dAc,4sKc|/3d5h9h:230,-230(230.000000)
327:Player,BR:0cc/cr1532c/r100c/r608f:4hJd,8c9c|/5cThJc/Ad/3h:1732,-1732(1732.000000)
328:BR,Player:0cc/r435f:2dTh,4h8h|/3s9dJs:100,-100(100.000000)
329:Player,BR:0cc/cr3080f:2hJs,4cJd|/5dThKs:-100,100(-100.000000)
330:BR,Player:0cc/r1761f:2d4c,4d9c|/2h3s8s:100,-100(100.000000)
331:Player,BR:0cr300c/cr3503c/r3897c/cc:4dAd,7sAc|/2h5cKh/Kd/8d:-7800,7800(1191.763631)
332:BR,Player:0r130c/r1001f:3c7h,5d8c|/5sTsQs:230,-230(230.000000)
333:Player,BR:0cc/r130r2014f:4cTh,3h6s|/4hTdAc:-230,230(-230.000000)
334:BR,Player:0r130c/r1001f:7hKc,8h9s|/6hThTc:230,-230(230.000000)
335:Player,BR:0cc/cr435f:3c4d,4s6d|/3s6h9d:-100,100(-100.000000)
336:BR,Player:0r130c/r498f:8h8c,7hKs|/4d6h6d:230,-230(230.000000)
337:Player,BR:0cc/cr435c/r305c/r420c:4d5s,JcAc|/3s7cTs/9d/Qc:-1260,1260(151.195048)
338:BR,Player:0r130c/r1001f:2h5s,5hTd|/7c8hJc:230,-230(230.000000)
339:Player,BR:0cc/cr216f:5d6c,TsKc|/2cAsAd:-100,100(-100.000000)
340:BR,Player:0r130c/r1001c/cc/cr5209f:TsJh,5cAs|/2d4d9s/7h/6c:-1231,1231(-1231.000000)
341:Player,BR:0cr600c/cr2650c/r100c/r1590c:KcAc,JsQd|/2sTsJc/3d/9s:-5040,5040(-1821.296485)
342:BR,Player:0r200c/r1306f:TdJs,7s9h|/2c3c5d:300,-300(300.000000)
343:Player,BR:0cc/cr876c/r584f:3dJd,3h9s|/5c7d8d/Ad:976,-976(976.000000)
344:BR,Player:0r130c/r2014f:2s3h,4dJd|/5dThAc:230,-230(230.000000)
345:Player,BR:0cc/cr876f:6c7d,9hKh|/2c7cTd:-100,100(-100.000000)
346:BR,Player:0r130c/r1001f:3sJs,9dAc|/3c5sTc:230,-230(230.000000)
347:Player,BR:0cr130c/r299r753c/cc/r1098f:JsJh,9cTd|/2s5d7c/6h/Kc:1282,-1282(1282.000000)
348:BR,Player:0r130c/r1001c/cr2472f:4hQc,7h8d|/6dThTd/Js:-1231,1231(-1231.000000)
349:Player,BR:0cc/cr876f:6c8h,5dKc|/4hJcQd:-100,100(-100.000000)
350:BR,Player:0r130c/cc/cc/cr299c:9cJd,4cTh|/5dKhAd/8h/7s:529,-529(-184.639496)
351:Player,BR:0cr300c/cr1741f:8sAs,3cJh|/2h3hKd:-400,400(-400.000000)
352:BR,Player:0r130c/r2014f:6sJs,4d5h|/2s8dQs:230,-230(230.000000)
353:Player,BR:0cc/cr876f:ThKc,6sQc|/4d5c9c:-100,100(-100.000000)
354:BR,Player:0r130c/r1001r2472r5270f:9cTd,4dQh|/4c5s8d:3703,-3703(3703.000000)
355:Player,BR:0cr200c/cr2627f:6c8c,3h4d|/7d9sQs:-300,300(-300.000000)
356:BR,Player:0r200c/r1136f:QhQc,3h4h|/6s7h9c:300,-300(300.000000)
357:Player,BR:0cr600c/cr6130f:8cQs,4d7d|/2d9hKh:-700,700(-700.000000)
358:BR,Player:0f:6sJs,2s3d|:50,-50(50.000000)
359:Player,BR:0cc/cr876f:8sTh,TdQc|/4d8cJh:-100,100(-100.000000)
360:BR,Player:0r200c/r5284f:3d9s,7c8c|/2s2dJh:300,-300(300.000000)
361:Player,BR:0cc/cr876f:TcQh,5sJs|/3d6dAh:-100,100(-100.000000)
362:BR,Player:0r130c/r327f:7hQd,5c7c|/2s9h9d:230,-230(230.000000)
363:Player,BR:0cr130c/cr2014f:4h8h,5d9h|/6h6dTh:-230,230(-230.000000)
364:BR,Player:0r200c/r2627f:4s4h,JcAc|/6d8c9c:300,-300(300.000000)
365:Player,BR:0cr300c/r800r1708f:ThJh,5d9d|/3d9hAs:-1200,1200(-1200.000000)
366:BR,Player:0r200c/r427f:2c5c,3c5h|/TdAdAc:300,-300(300.000000)
367:Player,BR:0cr300c/cr3503f:JdKs,2s5h|/4s7sAc:-400,400(-400.000000)
368:BR,Player:0cc/r1761f:8dKd,3dQd|/6hJsQc:100,-100(100.000000)
369:Player,BR:0cr300c/r520r4005c/cc/r4735c:QsQc,8sTc|/4s8cQh/8h/Js:9660,-9660(-6834.486465)
370:BR,Player:0r300c/r3503r8057c/cr2392c/cr5648f:4hAs,TdQs|/2d6sTs/7c/7s:-14352,14352(-14352.000000)
371:Player,BR:0cc/cr1761f:5cAh,3d6d|/4h7cTs:-100,100(-100.000000)
372:BR,Player:0r130c/r1001c/cc/cr2472c:6dJd,KsKh|/3hAhAd/2s/Kd:-3703,3703(-1095.874764)
373:Player,BR:0cc/cr761f:8sTd,QsQc|/4c8d9c:-100,100(-100.000000)
374:BR,Player:0r130c/r1001c/cr3599c/cr9660c:4dKc,5h9d|/3c6d7s/Td/Js:14490,-14490(11904.723228)
375:Player,BR:0cc/cr124f:4d7c,9sJs|/6dJcAc:-100,100(-100.000000)
376:BR,Player:0cc/r876f:5d9h,5hTc|/5c6hQh:100,-100(100.000000)
377:Player,BR:0cc/cr876f:4cKs,4s6h|/2d9s9h:-100,100(-100.000000)
378:BR,Player:0r130c/r1001c/cc/cc:2s5h,4sKs|/6c9hKc/Ts/5c:-1231,1231(-1231.000000)
379:Player,BR:0cc/cr1761f:3hJs,3sQd|/4d4c7d:-100,100(-100.000000)
380:BR,Player:0cc/r124c/cr236c/cr598f:2sQs,3cJs|/ThQhKd/Ks/Ah:-460,460(-460.000000)
381:Player,BR:0cr300c/cr1741f:3s4d,3d7c|/6s6hQd:-400,400(-400.000000)
382:BR,Player:0r130c/r1751r1751r1751f:7h9s,JcQc|/8sTsJd:3732,-3732(3732.000000)
383:Player,BR:0cr300c/cr1741f:4s7s,6s7d|/6dTdJh:-400,400(-400.000000)
384:BR,Player:0r130c/r871c/cr279c/cr2760c:6dQc,9hQd|/3cJhQs/Jc/5s:-4140,4140(314.893698)
385:Player,BR:0cr300c/cr6126f:8h8c,9cTs|/9sTdAc:-400,400(-400.000000)
386:BR,Player:0r130c/r142f:JdJc,2s4s|/8d8cQc:230,-230(230.000000)
387:Player,BR:0cc/cr876f:3s9h,4c6h|/3c7cKh:-100,100(-100.000000)
388:BR,Player:0r200c/r1306f:2dJc,4c5c|/JdQcKs:300,-300(300.000000)
389:Player,BR:0cr300c/r520r520f:7s8d,9dTh|/TsQsKs:-920,920(-920.000000)
390:BR,Player:0r130c/r163c/cc/cr987c:4dKc,6cTc|/3hAhAc/Kh/Qc:1380,-1380(-343.259607)
391:Player,BR:0cr200c/cr1306f:4s8d,3cTd|/6dQcKh:-300,300(-300.000000)
392:BR,Player:0cc/r435f:6cQs,4s9c|/4d5d8c:100,-100(100.000000)
393:Player,BR:0cr300c/r520r4005f:3h5c,9hKs|/2h9sAc:-920,920(-920.000000)
394:BR,Player:0r130c/r1001f:5dKh,5sQc|/6s7dAh:230,-230(230.000000)
395:Player,BR:0cc/cr876f:2s9h,9sQh|/4c6c8s:-100,100(-100.000000)
396:BR,Player:0r130c/r2014f:4dJd,6sAh|/2d9sAd:230,-230(230.000000)
397:Player,BR:0cc/cr379f:9cKh,2cQc|/2h3sQd:-100,100(-100.000000)
398:BR,Player:0cc/r876f:5hJs,5s8d|/7s8cAd:100,-100(100.000000)
399:Player,BR:0cc/cr876f:7sAd,7d7c|/9sKdAc:-100,100(-100.000000)
400:BR,Player:0r130c/r4051f:4h7d,4dJc|/9sTcKs:230,-230(230.000000)
401:Player,BR:0cr130c/r690f:8hKd,8sKs|/5d9dTh:230,-230(230.000000)
402:BR,Player:0r130c/r1001c/cr1184f:2cTs,6dKc|/5c7c9h/As:-1231,1231(-1231.000000)
403:Player,BR:0cr300c/cr3503f:7dJd,5c9c|/3cTdJs:-400,400(-400.000000)
404:BR,Player:0r200c/r2284f:9hTc,KsKc|/5h7d9c:300,-300(300.000000)
405:Player,BR:0cc/cr761f:2hJs,KcAd|/2sThKs:-100,100(-100.000000)
406:BR,Player:0r130c/r871c/cc/cc:8dAs,3d5d|/5s6sAd/2h/Kd:1101,-1101(1002.426638)
407:Player,BR:0cc/cr435f:3sJs,5hJh|/2d6cAs:-100,100(-100.000000)
408:BR,Player:0r130c/r1001f:8d9d,5h7s|/2h7cAs:230,-230(230.000000)
409:Player,BR:0cc/cr435f:4c6h,8dKh|/3h5s6s:-100,100(-100.000000)
410:BR,Player:0r200c/r1306f:3dQs,9sAc|/4c7d8c:300,-300(300.000000)
411:Player,BR:0cr200c/cr2627f:5s9d,6sAd|/2s9hJc:-300,300(-300.000000)
412:BR,Player:0r130c/r1001f:7cQs,4sQh|/5d6dTh:230,-230(230.000000)
413:Player,BR:0cc/cr435f:2sAd,KcAs|/6c9cJh:-100,100(-100.000000)
414:BR,Player:0cc/r876f:6d9h,4sAd|/4h5dQh:100,-100(100.000000)
415:Player,BR:0cr600c/cr3047f:3s3d,3hTh|/6hQhQc:-700,700(-700.000000)
416:BR,Player:0r130c/r2014f:9dTd,5cKd|/2hJsAc:230,-230(230.000000)
417:Player,BR:0cc/cr379f:2h7c,ThKd|/5d9sTc:-100,100(-100.000000)
418:BR,Player:0f:4c6s,2c4h|:50,-50(50.000000)
419:Player,BR:0cc/cr435f:3cAd,2d4h|/6sKsAs:-100,100(-100.000000)
420:BR,Player:0r200c/r2627f:7dAc,2d9d|/5sQsKd:300,-300(300.000000)
421:Player,BR:0cc/cr876r4224f:4hQs,3d6d|/3s4cQh:976,-976(976.000000)
422:BR,Player:0r130c/r2014f:4d5h,4sQc|/2cKsKd:230,-230(230.000000)
423:Player,BR:0cr600c/cr3047f:7s8s,3sJh|/3d9hQd:-700,700(-700.000000)
424:BR,Player:0r130c/r2014f:5c8d,2s2h|/6dTdAs:230,-230(230.000000)
425:Player,BR:0cr200c/cr371f:7hKd,6cJh|/5cJcAh:-300,300(-300.000000)
426:BR,Player:0r200c/r1306c/cr1544f:3sAc,4hAd|/6hQhKh/8c:-1606,1606(-1606.000000)
427:Player,BR:0cc/cr876f:2h6s,5dJc|/2cQcAs:-100,100(-100.000000)
428:BR,Player:0r200c/cc/cr390c/cr2070f:2hAc,7cTs|/3h8cJs/8s/9s:-690,690(-690.000000)
429:Player,BR:0cr200c/cr2627f:TdTc,2d8s|/5h9sKc:-300,300(-300.000000)
430:BR,Player:0r130c/r19770f:6s6h,TdAs|/6cQcKs:230,-230(230.000000)
431:Player,BR:0cr600c/cr1515c/cc/cc:2dJd,TcJh|/3d6dJs/7c/8d:2215,-2215(-994.749342)
432:BR,Player:0r130c/r163f:2s4d,6sTc|/3s7dKc:230,-230(230.000000)
433:Player,BR:0cc/cr2679f:9dKs,9cQc|/7hQsAc:-100,100(-100.000000)
434:BR,Player:0r200c/r1306r18394f:7h9c,JhQs|/2cQhQc:-1606,1606(-1606.000000)
435:Player,BR:0cc/cr761c/r189c/cc:3d7c,TdTc|/3c8h8d/8c/9s:-1050,1050(-970.455856)
436:BR,Player:0r130c/r573f:4c6d,6hTs|/9sKcAs:230,-230(230.000000)
437:Player,BR:0cr600c/cr1515f:4cAc,4hQc|/7c9dQd:-700,700(-700.000000)
438:BR,Player:0r130c/r1001c/cr1184c/cc:3sAh,5h8h|/5dQdAd/3h/4s:2415,-2415(2129.714685)
439:Player,BR:0cr300c/r520r4005r14395f:9dKh,2hKc|/3c5h9s:4925,-4925(4925.000000)
440:BR,Player:0r130c/r1001f:4dKc,6sTc|/JsKsAh:230,-230(230.000000)
441:Player,BR:0cr300c/cr1741f:9cQs,7hKs|/3s4d5d:-400,400(-400.000000)
442:BR,Player:0cc/cr130r130c/cc/cr698f:9sJh,2dAc|/6dQhAd/Qs/7h:-360,360(-360.000000)
443:Player,BR:0cc/cr435f:2dTh,8dAh|/5d9dKc:-100,100(-100.000000)
444:BR,Player:0r130c/r871c/cc/cr1015f:JcKh,2sAd|/4s4hJh/Ac/Ks:-1101,1101(-1101.000000)
445:Player,BR:0cc/r130r4051f:2s5h,8hJc|/6h7h8d:-230,230(-230.000000)
446:BR,Player:0r130c/r871f:TcAh,3s5s|/2d2cTh:230,-230(230.000000)
447:Player,BR:0cc/cr435f:2c7d,2hTs|/4h4dAh:-100,100(-100.000000)
448:BR,Player:0r200c/r1136f:6cAh,7cTh|/9sKhAs:300,-300(300.000000)
449:Player,BR:0cr300c/r520r1309f:2s2d,8dJd|/8sQcKs:-920,920(-920.000000)
450:BR,Player:0r200c/r244f:2sQs,9sAh|/2d3dKc:300,-300(300.000000)
451:Player,BR:0cr300c/r520c/r460c/cc:7dTs,8sJd|/JsQsQh/Th/Jh:-1380,1380(-1346.559041)
452:BR,Player:0r130c/r2014r6726f:2h3s,6sAc|/5c7c8c:-2244,2244(-2244.000000)
453:Player,BR:0cc/cr876f:3h4c,9cQd|/5dTdJh:-100,100(-100.000000)
454:BR,Player:0r200c/r1136f:ThQh,4c5h|/4h9sTc:300,-300(300.000000)
455:Player,BR:0cc/cr3080f:4dJd,5c6c|/4s9hJh:-100,100(-100.000000)
456:BR,Player:0r130c/r2014f:4d5s,3c5d|/7dQhQc:230,-230(230.000000)
457:Player,BR:0cc/cr1761f:2hKc,4h9h|/6cThJh:-100,100(-100.000000)
458:BR,Player:0r130c/r2014f:4h7c,2sQs|/3d5s8h:230,-230(230.000000)
459:Player,BR:0cc/cr1761f:9sKh,2dTc|/4d6s6c:-100,100(-100.000000)
460:BR,Player:0r200c/r427f:2h3s,5hAc|/8d9sJh:300,-300(300.000000)
461:Player,BR:0cc/cr876f:4hQs,8cKh|/3h4dTc:-100,100(-100.000000)
462:BR,Player:0r200c/r1306c/cr4694f:4d7h,7dKd|/7cJdQc/3h:-1606,1606(-1606.000000)
463:Player,BR:0cr300c/cr19600f:3h8h,ThKh|/QhKsKc:-400,400(-400.000000)
464:BR,Player:0f:4hQc,2hJc|:50,-50(50.000000)
465:Player,BR:0cc/cr124c/cc/cc:5cAs,4c8d|/2h8sJd/4s/Jh:-224,224(-192.921695)
466:BR,Player:0r130c/r285f:5c8h,7cAc|/4h8s9s:230,-230(230.000000)
467:Player,BR:0cc/cr1761f:2cQd,4d8d|/5s9sAh:-100,100(-100.000000)
468:BR,Player:0cc/r3080f:4d9d,2hJc|/4h5cKd:100,-100(100.000000)
469:Player,BR:0cc/cr379c/cc/r121c:2cAh,QhKh|/3s5dQd/6s/4c:600,-600(409.129431)
470:BR,Player:0f:5hTh,3s8h|:50,-50(50.000000)
471:Player,BR:0cc/cr1532f:2sTh,KhAh|/4h9hJc:-100,100(-100.000000)
472:BR,Player:0r200c/r371f:4s5h,9dAh|/3s5dTc:300,-300(300.000000)
473:Player,BR:0cc/cr876f:7cTs,6c7d|/4d8dQs:-100,100(-100.000000)
474:BR,Player:0r200c/r1136f:TsJd,5c8h|/3d3cJh:300,-300(300.000000)
475:Player,BR:0cc/cr1532f:4d8h,8sAd|/2dKsAh:-100,100(-100.000000)
476:BR,Player:0r200c/r14055f:6cQh,3hTh|/5h6dQs:300,-300(300.000000)
477:Player,BR:0cc/cr379f:7hQs,KdAh|/3h9cKs:-100,100(-100.000000)
478:BR,Player:0cc/r876f:9hJs,2dTd|/4c5h6s:100,-100(100.000000)
479:Player,BR:0cc/cr1761f:3s9s,3c4h|/4d6dJs:-100,100(-100.000000)
480:BR,Player:0cc/r379c/cr121c/cr1800c:6d8h,QsQd|/6s8d9h/4s/3h:2400,-2400(610.466030)
481:Player,BR:0cr600c/cr996f:5s6s,4s5h|/2hJhQh:-700,700(-700.000000)
482:BR,Player:0f:9dJc,2d4s|:50,-50(50.000000)
483:Player,BR:0cc/cr3080f:3d9c,5cKc|/2cTdAs:-100,100(-100.000000)
484:BR,Player:0r130c/r1001f:6dJd,3d5h|/8s8cTc:230,-230(230.000000)
485:Player,BR:0cc/cr876f:3d7s,8dAh|/2d6s7d:-100,100(-100.000000)
486:BR,Player:0f:2h6d,3d7c|:50,-50(50.000000)
487:Player,BR:0cc/cr124c/cc/r100c:6c9d,4s7d|/2c4d9s/Kd/3h:324,-324(179.334053)
488:BR,Player:0r130c/r871f:KsAh,7c9c|/3s5s8s:230,-230(230.000000)
489:Player,BR:0cc/cr124c/cc/cc:6dKh,7c8d|/3c7hKc/Ad/Jd:224,-224(-73.221150)
490:BR,Player:0r200c/r1306f:9dKh,7hTd|/3s6d8h:300,-300(300.000000)
491:Player,BR:0cc/cr435f:2h6c,2s9c|/3s9sAs:-100,100(-100.000000)
492:BR,Player:0r130c/r4051f:TdQd,7hKd|/2d3c8h:230,-230(230.000000)
493:Player,BR:0cc/cr876f:2s3h,3dKs|/5c8cTh:-100,100(-100.000000)
494:BR,Player:0r200c/r100c/cc/cc:4sQd,8sJs|/KdKcAs/Ac/4h:400,-400(366.881114)
495:Player,BR:0cr300c/cr996c/cc/r524c:7cAs,TsAd|/2s4s7s/Jc/Kc:1920,-1920(1123.384375)
496:BR,Player:0r200c/r2627f:7cAs,2s7s|/4h5cJh:300,-300(300.000000)
497:Player,BR:0cc/cr1761f:2s5c,4c9c|/3d6s7d:-100,100(-100.000000)
498:BR,Player:0r200c/r371c/cc/cr709c:3dTc,5hJd|/4sTdJc/7s/3s:1380,-1380(1081.415506)
499:Player,BR:0cc/cr435c/r515f:3c5h,ThJc|/4d6cAd/Ah:535,-535(535.000000)
500:BR,Player:0r200c/r1306f:2dAs,7dQh|/8cTdKs:300,-300(300.000000)
501:Player,BR:0cr600c/r1400r9142r8758c/cc/cc:KsKd,2s6s|/2c5hQs/Tc/2h:-20000,20000(-17955.236202)
502:BR,Player:0r200c/r2284c/cc/cc:3hQc,2sKh|/2hTcQh/Th/4s:2584,-2584(1423.659952)
503:Player,BR:0cc/r600r3047f:2sKs,3sTs|/5c6s8s:-700,700(-700.000000)
504:BR,Player:0cc/r876f:7dAs,2sJd|/5h6s8c:100,-100(100.000000)
505:Player,BR:0cr200c/r390r6042f:9sKh,7d8h|/2h7sTd:-690,690(-690.000000)
506:BR,Player:0cc/r124f:2h5s,7cJc|/4h5hTd:100,-100(100.000000)
507:Player,BR:0cr200c/cr1306f:ThAh,7cQs|/4c5s5c:-300,300(-300.000000)
508:BR,Player:0r130c/r1001c/cc/cr2472c:2s3c,7h9c|/2h8sTs/3h/2c:3703,-3703(3703.000000)
509:Player,BR:0cr200c/cr1306f:QdAh,3s5h|/2c4dKc:-300,300(-300.000000)
510:BR,Player:0r130c/r498f:8hAd,4sKh|/6d8dJh:230,-230(230.000000)
511:Player,BR:0cr200c/cr2627f:ThTd,TsQs|/7h9sJc:-300,300(-300.000000)
512:BR,Player:0r130c/r1751c/cr434c/cr1207c:5c7d,QhAd|/3h5s7h/Kc/Td:3622,-3622(2071.556525)
513:Player,BR:0cr300c/cr495f:5dKc,TsTc|/7c9hAd:-400,400(-400.000000)
514:BR,Player:0r200c/r2627f:5s7c,8sAs|/8cQhQc:300,-300(300.000000)
515:Player,BR:0cc/cr876f:4c6s,2h7c|/6hJdKh:-100,100(-100.000000)
516:BR,Player:0r130c/r1001f:2c5d,6cQh|/7h9cKd:230,-230(230.000000)
517:Player,BR:0cr300c/cr3503f:7hAh,2sJd|/3h4c6d:-400,400(-400.000000)
518:BR,Player:0f:KcAd,2h5s|:50,-50(50.000000)
519:Player,BR:0cr200c/cr2627f:TdKd,5dAh|/2c6s8h:-300,300(-300.000000)
520:BR,Player:0r130c/r1001c/cc/cc:4hJc,QdKh|/ThQsKs/Js/7h:-1231,1231(-1231.000000)
521:Player,BR:0cc/cr435f:3h7h,6sJs|/9hTsJc:-100,100(-100.000000)
522:BR,Player:0f:4s4c,2hTs|:50,-50(50.000000)
523:Player,BR:0cc/cr3080f:QcKs,7cJc|/6dThAc:-100,100(-100.000000)
524:BR,Player:0f:4c5c,2sTd|:50,-50(50.000000)
525:Player,BR:0cr300c/r520r1309f:QsAs,6hKh|/5dJcAd:-920,920(-920.000000)
526:BR,Player:0r200c/r649f:5d9c,4d7s|/6s6c9h:300,-300(300.000000)
527:Player,BR:0cr200c/cr1306f:8s9s,5s5d|/JhQsQh:-300,300(-300.000000)
528:BR,Player:0r200c/r2627f:5hKs,QhAs|/2d3hTs:300,-300(300.000000)
529:Player,BR:0cr200c/r390r3004r16306f:4s4d,8h9d|/4h8sTs:3694,-3694(3694.000000)
530:BR,Player:0r130c/r285f:8sQc,4c7c|/3d8hKh:230,-230(230.000000)
531:Player,BR:0cr200c/cr2627f:2h2c,7hJc|/3h3c9d:-300,300(-300.000000)
532:BR,Player:0f:3cJc,2s6c|:50,-50(50.000000)
533:Player,BR:0cc/cr19900f:4c7s,2dTd|/6dKdAd:-100,100(-100.000000)
534:BR,Player:0cc/r761f:3h6d,5sQs|/3d6sJc:100,-100(100.000000)
535:Player,BR:0cc/cr876f:3c8d,6sTd|/5cJdJc:-100,100(-100.000000)
536:BR,Player:0cc/r379f:4cTc,3dQc|/2d4h9c:100,-100(100.000000)
537:Player,BR:0cc/cr379c/cc/cc:TsJc,ThKs|/8s9dTc/6c/Td:-479,479(-191.642235)
538:BR,Player:0r200c/r371c/cr229c/cc:QhQc,3hQs|/6s6hAs/Ts/4h:900,-900(866.074796)
539:Player,BR:0cc/cr435f:4dKc,2hKs|/7c8sTh:-100,100(-100.000000)
540:BR,Player:0f:8sAd,3s9d|:50,-50(50.000000)
541:Player,BR:0cc/cr876f:4s5d,6cAs|/5s8c9s:-100,100(-100.000000)
542:BR,Player:0r130c/r2014f:6s9c,2c8c|/7cJhJd:230,-230(230.000000)
543:Player,BR:0cr300c/cr1741f:6dKd,7sJh|/4c8dAs:-400,400(-400.000000)
544:BR,Player:0r200c/r2627f:8d9h,4s5c|/3h4d6h:300,-300(300.000000)
545:Player,BR:0cc/cr876f:TcQd,8dJh|/3d4dAs:-100,100(-100.000000)
546:BR,Player:0r300c/r100c/cc/cr650c:5s5c,4dQd|/6d9sJs/6h/Ks:1150,-1150(-379.936775)
547:Player,BR:0cc/cr435f:3d6c,2cKs|/6d9sJc:-100,100(-100.000000)
548:BR,Player:0r200c/r371f:6cTc,3c4c|/5cThJs:300,-300(300.000000)
549:Player,BR:0cr300c/cr1741f:7s9s,9cKh|/ThQdAh:-400,400(-400.000000)
550:BR,Player:0f:2sTd,3s9c|:50,-50(50.000000)
551:Player,BR:0cc/cr876f:3d9c,2hKd|/2d8c9h:-100,100(-100.000000)
552:BR,Player:0r130c/r1001f:5h7d,8h9h|/3d4h4d:230,-230(230.000000)
553:Player,BR:0cc/cr379f:7hQd,8h8c|/4d6sAd:-100,100(-100.000000)
554:BR,Player:0r130c/r1001f:3dAs,3s5c|/2h9sTh:230,-230(230.000000)
555:Player,BR:0cr130c/cr4051f:4h6h,7hAh|/2d8c9s:-230,230(-230.000000)
556:BR,Player:0r300c/r1741f:6sQh,8sKd|/2h8dJh:400,-400(400.000000)
557:Player,BR:0cr300c/cr246c/cc/cc:7dKs,6cTh|/TsAsAc/2d/3c:-646,646(-515.514695)
558:BR,Player:0r130c/r2014f:6sAh,3s9s|/2d7cKc:230,-230(230.000000)
559:Player,BR:0cr600c/r910r3485f:7sQs,ThAh|/3c4h6h:-1610,1610(-1610.000000)
560:BR,Player:0r130c/r2014f:5s5d,6s6c|/4dTcKd:230,-230(230.000000)
561:Player,BR:0cc/cr876f:4cQd,4h9d|/6c9cTc:-100,100(-100.000000)
562:BR,Player:0cc/r435f:9cJs,7s8h|/3d4cTd:100,-100(100.000000)
563:Player,BR:0cr300c/r520r4005f:8sJs,3d4d|/6c9dQd:-920,920(-920.000000)
564:BR,Player:0r130c/r163c/cr297c/cc:4cAd,3c9c|/2d3h9h/Jh/Ah:-690,690(-202.691789)
565:Player,BR:0cc/cr876f:3c5h,6sKs|/5c7s8d:-100,100(-100.000000)
566:BR,Player:0r130c/r1001f:JsKh,9cJh|/6dQdAh:230,-230(230.000000)
567:Player,BR:0cc/cr3080c/r1740c/r2460f:7hQh,6c9h|/3hJhQd/Td/7d:4920,-4920(4920.000000)
568:BR,Player:0r200c/r1306f:2sTd,8sQs|/4d7sQd:300,-300(300.000000)
569:Player,BR:0cc/cr876f:3h8d,5dAd|/6sJhQd:-100,100(-100.000000)
570:BR,Player:0r130c/r1001f:3s9c,3cJc|/4dTdJd:230,-230(230.000000)
571:Player,BR:0cc/cr876f:3hKd,JhKh|/3sTdAd:-100,100(-100.000000)
572:BR,Player:0r130c/r1001f:2dAh,2hAd|/4c5c9c:230,-230(230.000000)
573:Player,BR:0cr300c/r1200c/r4800c/cc:5sAs,JhAc|/2h8s9s/3c/8c:-6400,6400(-4167.581513)
574:BR,Player:0cc/r379f:6hAs,6sJh|/2d5cAc:100,-100(100.000000)
575:Player,BR:0cr600c/cr2650f:8sKs,8hAc|/2s4cAh:-700,700(-700.000000)
576:BR,Player:0r200c/r2627f:6s9s,7hAd|/TsTdKd:300,-300(300.000000)
577:Player,BR:0cc/cr3080f:3s6d,2d7c|/7sTdKs:-100,100(-100.000000)
578:BR,Player:0r130c/r1001f:4s6d,7dJc|/8cTsAs:230,-230(230.000000)
579:Player,BR:0cr300c/r1200f:TcAd,9sQd|/3c8dTh:400,-400(400.000000)
580:BR,Player:0r200c/r1306f:6d8c,9hJc|/2c9sAh:300,-300(300.000000)
581:Player,BR:0cr600c/cr3047f:JsKh,JdAc|/5c8h9d:-700,700(-700.000000)
582:BR,Player:0r200c/r1306f:2s5s,2hQs|/7h8cJs:300,-300(300.000000)
583:Player,BR:0cc/cr876f:5hAs,8dJc|/6c9sAh:-100,100(-100.000000)
584:BR,Player:0r130c/r1001f:3dTh,TsQd|/2d2c4h:230,-230(230.000000)
585:Player,BR:0cc/cr435f:2h6s,4d9s|/3h8cAc:-100,100(-100.000000)
586:BR,Player:0r130c/r2014c/cc/cc:2h9s,QcKc|/4c5sKs/Ad/Ah:-2244,2244(-2244.000000)
587:Player,BR:0cc/cr124c/cc/r236c:4h5d,7cKs|/6s6cAd/Ts/9h:-460,460(-124.398508)
588:BR,Player:0r130c/r2014c/cr4633c/cc:7sAc,ThQs|/6s8dJc/4s/Ks:6877,-6877(2504.312972)
589:Player,BR:0cc/cr3080f:9cKh,2cJd|/3s6dKc:-100,100(-100.000000)
590:BR,Player:0r130c/r1001f:7s9h,2hAd|/4hThQh:230,-230(230.000000)
591:Player,BR:0cr300c/cr1741f:9hAh,6sJc|/5s6cTh:-400,400(-400.000000)
592:BR,Player:0r130c/r1001f:3dJh,4hKh|/KdAhAd:230,-230(230.000000)
593:Player,BR:0cc/cr435f:3s6h,3c5d|/2hTdTc:-100,100(-100.000000)
594:BR,Player:0r200c/r1306f:3cQs,7d9c|/3s7cTs:300,-300(300.000000)
595:Player,BR:0cr200c/r390r3004f:7c8s,JdKh|/2c4d8c:-690,690(-690.000000)
596:BR,Player:0cc/r100c/cc/cr400c:2hAd,6hAs|/JsQsQd/9d/Td:0,-0(-50.049008)
597:Player,BR:0cr200c/r600f:JcAh,5h7c|/TdQcKd:300,-300(300.000000)
598:BR,Player:0r200c/r1136c/cr364c/cc:8d9c,7c9h|/2h3c9s/Ts/Js:1800,-1800(660.147176)
599:Player,BR:0cr130c/r299r753c/r622c/cc:5dAs,6c8h|/2d3d7s/8s/5c:-1904,1904(-1495.840329)
600:BR,Player:0r130c/r2014f:2sAh,5cTd|/3c5s9s:230,-230(230.000000)
601:Player,BR:0cc/cr876f:5c9d,3hKc|/3c6h8c:-100,100(-100.000000)
602:BR,Player:0f:4d9h,2c8h|:50,-50(50.000000)
603:Player,BR:0cc/cr876f:7dTc,4cQh|/ThQdKh:-100,100(-100.000000)
604:BR,Player:0r200c/r2284r2284r2284r12848f:ThQs,4hQd|/4s8sQc:-7152,7152(-7152.000000)
605:Player,BR:0cc/cr1761f:6cKh,4s5d|/6d7cTh:-100,100(-100.000000)
606:BR,Player:0r130c/r2014f:4cKd,7dJh|/2h5c7c:230,-230(230.000000)
607:Player,BR:0cc/cr435f:6hJh,3hKh|/3s5sAc:-100,100(-100.000000)
608:BR,Player:0r130c/r1001f:6hKs,6dAh|/6c7sTd:230,-230(230.000000)
609:Player,BR:0cc/cr876f:5d7h,TcAc|/7s8cJs:-100,100(-100.000000)
610:BR,Player:0r130c/r1001f:5s6h,6cKs|/ThJdKc:230,-230(230.000000)
611:Player,BR:0cr200c/r390r3004f:8sQs,2dQh|/6d6c9h:-690,690(-690.000000)
612:BR,Player:0f:JsKs,2hTd|:50,-50(50.000000)
613:Player,BR:0cr200c/cr1306f:6dAd,2sJh|/3s9cTh:-300,300(-300.000000)
614:BR,Player:0cc/r435f:7dTh,6cAd|/9hTdJs:100,-100(100.000000)
615:Player,BR:0cc/cr876f:9cQs,TsJh|/6s7cKd:-100,100(-100.000000)
616:BR,Player:0r130c/r1001f:3c7h,2hAc|/5s5cKs:230,-230(230.000000)
617:Player,BR:0cc/cr124c/cc/cc:ThQs,KdAs|/2h2c7c/9d/9h:-224,224(-1.680166)
618:BR,Player:0r130c/r1001c/cr1184c/cr3139c:QhKc,JdAd|/5c9cJh/6c/2s:-5554,5554(-1297.014267)
619:Player,BR:0cc/cr876f:7hAs,7dTh|/5sTdKd:-100,100(-100.000000)
620:BR,Player:0r130c/r327c/cr1030f:2dKh,3hTh|/5h5c7h/Qc:-557,557(-557.000000)
621:Player,BR:0cr300c/cr866f:7cKs,6dKd|/JhQdKc:-400,400(-400.000000)
622:BR,Player:0r200c/r371c/cr229c/cc:5cTh,7dAs|/2d5hKc/8h/5s:900,-900(900.000000)
623:Player,BR:0cr200c/cr1306f:3s4d,4hKs|/7c8cTh:-300,300(-300.000000)
624:BR,Player:0r130c/r2014f:8d9c,6s6c|/3h7sAh:230,-230(230.000000)
625:Player,BR:0cc/cr876f:2d3c,2h8c|/3hQhAd:-100,100(-100.000000)
626:BR,Player:0cc/r100c/cr100c/cr390f:TcAd,4sQs|/2s6dQc/Ks/9s:-300,300(-300.000000)
627:Player,BR:0cc/cr435f:JhQs,ThAh|/4c8cKh:-100,100(-100.000000)
628:BR,Player:0cc/r1761f:9hQh,6sAh|/4s7cTd:100,-100(100.000000)
629:Player,BR:0cc/cr100c/cc/r100c:5s6d,TsKs|/3s3h5d/2d/Kh:-300,300(-251.960311)
630:BR,Player:0r130c/r1001f:6d7c,3dAc|/5cQsQd:230,-230(230.000000)
631:Player,BR:0cc/cr124c/cc/r100c:5h6c,3hKs|/7hKcAd/Th/2d:-324,324(-179.844579)
632:BR,Player:0r200c/r1306f:4hJs,5d9d|/3c6c8s:300,-300(300.000000)
633:Player,BR:0cc/cr435r1075r7009f:7c9h,QhAd|/2c5s9c:-1610,1610(-1610.000000)
634:BR,Player:0r130c/r2014f:JhKs,6cTs|/3h6dQh:230,-230(230.000000)
635:Player,BR:0cr300c/r520r4005f:9hTc,4h6s|/2d8sAc:-920,920(-920.000000)
636:BR,Player:0r130c/r327c/cc/cc:3d5c,6s6d|/2c7d8s/As/3c:-557,557(-354.907100)
637:Player,BR:0cc/cr876f:5h7c,4s4d|/6h7sJs:-100,100(-100.000000)
638:BR,Player:0r200c/r1306c/cc/cr3224f:3dJh,QsAs|/TcJcQc/Ah/5c:-1606,1606(-1606.000000)
639:Player,BR:0cr200c/cr2627c/r1753f:4d5d,6d9h|/4s7dQd/Kh:2927,-2927(2927.000000)
640:BR,Player:0r130c/r19770f:5d5c,4dKd|/5s9cAh:230,-230(230.000000)
641:Player,BR:0cr200c/cr427f:6s6d,2cKh|/8sJhQd:-300,300(-300.000000)
642:BR,Player:0r200c/r2627f:2sAs,4hAh|/5h7dKd:300,-300(300.000000)
643:Player,BR:0cc/cr435f:6hKs,5s9s|/4d7hAd:-100,100(-100.000000)
644:BR,Player:0r300c/r1741f:8cKs,JhAh|/2c3s4c:400,-400(400.000000)
645:Player,BR:0cr300c/r520r1309f:JhKh,3sJc|/6h7d9c:-920,920(-920.000000)
646:BR,Player:0r130c/r871c/cr1015c/cr4232f:JsJc,8s9h|/8h8cKd/7d/4h:-2116,2116(-2116.000000)
647:Player,BR:0cr1200c/cr5660f:3d9d,ThQs|/6d8s8c:-1300,1300(-1300.000000)
648:BR,Player:0r130c/r1001r2472f:2cAh,8dJs|/3c8sQc:-1231,1231(-1231.000000)
649:Player,BR:0cc/cr1761f:7cTs,JdKs|/5s8h8c:-100,100(-100.000000)
650:BR,Player:0r130c/r2014f:7h9s,5sTs|/2hJhKc:230,-230(230.000000)
651:Player,BR:0cr200c/cr2627f:KdAd,6sQd|/4s5s9c:-300,300(-300.000000)
652:BR,Player:0r130c/r1001f:JsQs,9dKs|/3d4s7d:230,-230(230.000000)
653:Player,BR:0cc/cr3080f:4d9h,3hJd|/3c8sTd:-100,100(-100.000000)
654:BR,Player:0r130c/r871c/cr279c/cr2760c:5cTd,5h7h|/2c7dTh/5s/Jc:4140,-4140(2589.100091)
655:Player,BR:0cc/cr876c/r974f:6h8c,3dKh|/6c9s9c/Ts:976,-976(976.000000)
656:BR,Player:0r200c/r1306f:QdKh,8c9c|/4d5dAh:300,-300(300.000000)
657:Player,BR:0cc/cr876f:4h8s,QdKc|/2s3s6h:-100,100(-100.000000)
658:BR,Player:0r130c/r1001f:6hJd,3hKh|/6c9cQd:230,-230(230.000000)
659:Player,BR:0cr300c/cr3503f:5cJh,7hAc|/7c8dJd:-400,400(-400.000000)
660:BR,Player:0r200c/r1306f:ThKd,8dJd|/5h6c8s:300,-300(300.000000)
661:Player,BR:0cr200c/cr371c/cc/r1129f:QcAh,4s4c|/2h3h8d/6c/Qs:671,-671(671.000000)
662:BR,Player:0r200c/r649c/cr401c/cc:7hAc,JsAs|/4s7cJh/Ks/2c:-1350,1350(-343.768752)
663:Player,BR:0cr200c/cr427f:2s2d,3h6d|/3s8cQc:-300,300(-300.000000)
664:BR,Player:0r130c/r1001f:2d9s,QdKc|/2h6h7h:230,-230(230.000000)
665:Player,BR:0cc/cr435f:5sKh,2s4s|/2cQcKd:-100,100(-100.000000)
666:BR,Player:0r130c/r871f:2cKc,6cJd|/4h9dKh:230,-230(230.000000)
667:Player,BR:0cc/cr1761f:8dTc,JcKd|/5cQcAd:-100,100(-100.000000)
668:BR,Player:0r130c/r871c/cr100c/cc:4sJc,3h6c|/3cTsJh/Jd/Ks:1201,-1201(1045.455835)
669:Player,BR:0cc/cr435f:7dTc,TdKh|/3h9hJc:-100,100(-100.000000)
670:BR,Player:0r130c/r2014f:7dKc,5dAc|/4s8s9c:230,-230(230.000000)
671:Player,BR:0cr300c/cr1741f:7hTc,8d9c|/4d7sKs:-400,400(-400.000000)
672:BR,Player:0r130c/r1751f:7s9c,8cQs|/7d7c8s:230,-230(230.000000)
673:Player,BR:0cr300c/cr495c/cc/r945c:4sAs,6cAh|/2s6hJh/7h/Ac:-1840,1840(-1725.807786)
674:BR,Player:0r130c/r2014r4633f:KdAs,8dAd|/3c5s8s:-2244,2244(-2244.000000)
675:Player,BR:0cc/cr435f:2h6h,2d5s|/3c7dQd:-100,100(-100.000000)
676:BR,Player:0r200c/r2627f:3sKc,2h3h|/7dJdQh:300,-300(300.000000)
677:Player,BR:0cr300c/cr19600f:9dKc,4s4c|/4h7sQd:-400,400(-400.000000)
678:BR,Player:0r130c/r1001f:7hJd,TdTc|/5d8s9d:230,-230(230.000000)
679:Player,BR:0cc/cr435c/r515c/r1365c:2s4d,4sQc|/3h5d7d/3c/Ts:-2415,2415(-1021.065198)
680:BR,Player:0r130c/r1001f:3dJc,4cQd|/4h5c7h:230,-230(230.000000)
681:Player,BR:0cc/cr876f:7hTs,8dQc|/4c9sKd:-100,100(-100.000000)
682:BR,Player:0r300c/r3503f:JsQd,6d9d|/5h8c9h:400,-400(400.000000)
683:Player,BR:0cr300c/cr1741f:ThAs,2h9d|/3c4cQs:-400,400(-400.000000)
684:BR,Player:0r130c/r2014c/cr1344c/cr16412f:6hQd,3hAh|/3dKcAd/Ac/6d:-3588,3588(-3588.000000)
685:Player,BR:0cr130c/cr4051f:ThJh,9dTc|/2sJcQh:-230,230(-230.000000)
686:BR,Player:0r130c/r1751f:QdKs,4c8c|/3d5sKh:230,-230(230.000000)
687:Player,BR:0cr200c/r390r390c/r576f:6cAc,JdQh|/6sKsKd/5s:1080,-1080(1080.000000)
688:BR,Player:0r130c/r2014f:2h8c,TsQh|/7d9sAs:230,-230(230.000000)
689:Player,BR:0cc/cr124f:5dTd,4dKs|/4s7sQh:-100,100(-100.000000)
690:BR,Player:0r200c/r2627c/cr6043f:6dTh,QcAc|/7sQdAh/5s:-2927,2927(-2927.000000)
691:Player,BR:0cc/cr876f:4s7s,9sQh|/2s8dJs:-100,100(-100.000000)
692:BR,Player:0r130c/r1001f:8dJc,5d8c|/6s6dKc:230,-230(230.000000)
693:Player,BR:0cr300c/cr1741c/cc/r17459f:8hTh,8sJh|/5sTdTc/Jc/6s:2141,-2141(2141.000000)
694:BR,Player:0r130c/r1001f:4d9s,JsKs|/2h5h7h:230,-230(230.000000)
695:Player,BR:0cc/cr876f:3c5h,9cAc|/6d8sKc:-100,100(-100.000000)
696:BR,Player:0cc/r876f:9sTc,3dJs|/2c7sKh:100,-100(100.000000)
697:Player,BR:0cr300c/cr1741c/r2059c/r2100c:8hKs,ThQh|/6sJsJh/8c/3c:6300,-6300(379.428864)
698:BR,Player:0r130c/r1001f:5hKs,4h6h|/6dJcAd:230,-230(230.000000)
699:Player,BR:0cr600c/cr3047f:5c6c,7cAs|/2c6s9d:-700,700(-700.000000)
700:BR,Player:0r130c/r1001f:7cQh,5dTs|/8c9hJd:230,-230(230.000000)
701:Player,BR:0cr600c/cr19300f:JcAs,2h8d|/2s6s8h:-700,700(-700.000000)
702:BR,Player:0r130c/r2014f:4c8h,7c9c|/5sQhAs:230,-230(230.000000)
703:Player,BR:0cc/cr3080f:3dQd,2hQh|/9hTcAd:-100,100(-100.000000)
704:BR,Player:0r130c/r285c/cc/cr543c:2cTc,7dJh|/6dTsJc/3d/6h:-1058,1058(-243.116099)
705:Player,BR:0cr300c/cr3503c/r3897f:8dAd,8sJs|/4h4d9d/3d:3903,-3903(3903.000000)
706:BR,Player:0r130c/r1001f:QdAd,7sAh|/6s8hTs:230,-230(230.000000)
707:Player,BR:0cc/r300r1741f:3s6d,3h7d|/2d5c6c:-400,400(-400.000000)
708:BR,Player:0cc/r435f:4h7s,9dQh|/2c6cAd:100,-100(100.000000)
709:Player,BR:0cr200c/cr1306f:6dAd,5h5d|/6sQhKd:-300,300(-300.000000)
710:BR,Player:0cc/r876f:3c5c,3d6c|/2s5h6s:100,-100(100.000000)
711:Player,BR:0cc/cr876f:3h8d,3c9s|/2h8sJs:-100,100(-100.000000)
712:BR,Player:0cc/r379c/cc/cc:2dKs,3sJd|/TdJcKd/8c/4c:479,-479(432.111424)
713:Player,BR:0cc/cr876f:3dQd,5hTc|/2s9dKs:-100,100(-100.000000)
714:BR,Player:0r130c/r1001r3599r6874f:4c5s,6dQc|/6hAsAh:4830,-4830(4830.000000)
715:Player,BR:0cc/cr435r1075r1075c/cc/cc:6hKs,4c5h|/JsJhJd/7c/Ac:2685,-2685(2685.000000)
716:BR,Player:0f:3d9h,2h8c|:50,-50(50.000000)
717:Player,BR:0cc/cr124f:2d5c,5d9d|/6s9sJh:-100,100(-100.000000)
718:BR,Player:0r130c/r1001f:2cQs,4sKh|/8d8cTs:230,-230(230.000000)
719:Player,BR:0cr300c/cr1741f:QcAh,2s2d|/6d8d9c:-400,400(-400.000000)
720:BR,Player:0f:4d5h,3c9d|:50,-50(50.000000)
721:Player,BR:0cc/cr876f:2d6h,ThJd|/5dQdQc:-100,100(-100.000000)
722:BR,Player:0r200c/r244r836r1964r6178r6178c/cc/cr4300f:7cKc,ThTc|/9s9h9d/3d/2d:-15700,15700(-15700.000000)
723:Player,BR:0cc/cr9423f:8dAh,4c9s|/JsJdQc:-100,100(-100.000000)
724:BR,Player:0r130c/r163f:2s3d,5h6d|/3h8sJh:230,-230(230.000000)
725:Player,BR:0cr300c/cr3503f:KdAh,4d7d|/2s6h6d:-400,400(-400.000000)
726:BR,Player:0r130c/r1001f:6cJd,2hAc|/QsQhKc:230,-230(230.000000)
727:Player,BR:0cc/cr216f:2hKc,5cKd|/4h5hTs:-100,100(-100.000000)
728:BR,Player:0r130c/r19770f:2s5d,6s6h|/2d5sKd:230,-230(230.000000)
729:Player,BR:0cr600c/cr996c/cc/r3134c:3cKc,4s8d|/3d6d9c/4c/Qc:4830,-4830(1326.504656)
730:BR,Player:0r200c/r2627f:2h7s,6s9d|/5s8sAc:300,-300(300.000000)
731:Player,BR:0cr300c/cr3503f:6dTc,6sQs|/2c4cTs:-400,400(-400.000000)
732:BR,Player:0r130c/r2014f:5hQd,6c9c|/5sJsAc:230,-230(230.000000)
733:Player,BR:0cc/cr1761f:2d8c,7d8s|/4cJsJh:-100,100(-100.000000)
734:BR,Player:0r130c/r2014f:4sKh,4h5s|/5hTcQd:230,-230(230.000000)
735:Player,BR:0cc/cr1761f:9hTs,8dJh|/5c6dQs:-100,100(-100.000000)
736:BR,Player:0cc/r142f:4d8d,2dKh|/3d9sAc:100,-100(100.000000)
737:Player,BR:0cr600c/r2100f:QhQd,3s5h|/2c6h9c:700,-700(700.000000)
738:BR,Player:0f:5s6d,2c6s|:50,-50(50.000000)
739:Player,BR:0cc/cr379f:9hTd,4h5h|/5d5c6c:-100,100(-100.000000)
740:BR,Player:0r130c/r2014f:6dTs,6h8h|/3c8dQd:230,-230(230.000000)
741:Player,BR:0cr300c/cr1741f:4h5c,6dQd|/6c8hTc:-400,400(-400.000000)
742:BR,Player:0cc/r761f:7sAc,4c5d|/7hQhAh:100,-100(100.000000)
743:Player,BR:0cr130c/cr4051f:4s8s,TdAc|/5s7sKh:-230,230(-230.000000)
744:BR,Player:0r130c/r2014f:2hTc,5s8s|/4c9d9c:230,-230(230.000000)
745:Player,BR:0cc/cr3080f:2d7s,5hKh|/5d8sAd:-100,100(-100.000000)
746:BR,Player:0r300c/r246f:8sJc,5hTd|/7h8hAc:400,-400(400.000000)
747:Player,BR:0cc/cr876f:3d8c,9cTd|/5hThQh:-100,100(-100.000000)
748:BR,Player:0r130c/r100r429r3304f:3s5d,7dTc|/5s8dTh:759,-759(759.000000)
749:Player,BR:0cc/cr876f:2d6s,3c4d|/6hJdKs:-100,100(-100.000000)
750:BR,Player:0r300c/r1741r4299f:2s7h,TcKc|/2c6dTs:-2141,2141(-2141.000000)
751:Player,BR:0cr600c/cr1742f:9cTd,4s8h|/5s8sTs:-700,700(-700.000000)
752:BR,Player:0r130c/r2014f:QdAh,4hAc|/6c8sJd:230,-230(230.000000)
753:Player,BR:0cr130c/cr19770f:9sQs,5hKd|/2h5dKc:-230,230(-230.000000)
754:BR,Player:0r200c/r2627f:3sAh,3hQh|/6s8dKc:300,-300(300.000000)
755:Player,BR:0cc/cr761f:2h3c,6d9h|/6c9sJc:-100,100(-100.000000)
756:BR,Player:0f:TcJd,2c3d|:50,-50(50.000000)
757:Player,BR:0cr600c/cr996c/r824f:JsAh,4d6h|/8c9sJh/Jd:1696,-1696(1696.000000)
758:BR,Player:0r130c/r1001f:6sQs,ThAh|/7h8cTd:230,-230(230.000000)
759:Player,BR:0cr300c/cr3503f:8hAs,9dAc|/6cTsJh:-400,400(-400.000000)
760:BR,Player:0r200c/r2627f:8dQc,2cQs|/9sJdAd:300,-300(300.000000)
761:Player,BR:0cr200c/cr747c/r393c/r720f:2dAd,7hAs|/3dThTd/6d/9d:1440,-1440(1440.000000)
762:BR,Player:0r130c/r2014f:5sQs,3hAh|/5d6hKs:230,-230(230.000000)
763:Player,BR:0cc/cr876f:2c9c,JsQh|/6dTcAh:-100,100(-100.000000)
764:BR,Player:0cc/r142f:3hJc,5hJh|/4s4d6c:100,-100(100.000000)
765:Player,BR:0cc/cr876f:3sKs,8d9c|/2h7hKh:-100,100(-100.000000)
766:BR,Player:0r200c/r2627f:2c8c,5sAs|/3dJhKh:300,-300(300.000000)
767:Player,BR:0cr300c/cr1741r4299f:4d4c,3hTh|/2d3s4h:2141,-2141(2141.000000)
768:BR,Player:0r300c/r1741f:5s7c,9dJh|/TsJcQh:400,-400(400.000000)
769:Player,BR:0cc/cr876f:3hJc,5dKc|/3d6cQc:-100,100(-100.000000)
770:BR,Player:0r130c/r1001f:6cJc,5cAc|/9dTdKc:230,-230(230.000000)
771:Player,BR:0cr200c/cr649f:TsAs,5sJc|/4h9cJh:-300,300(-300.000000)
772:BR,Player:0cc/r761f:6sAc,9hAs|/2d4s6c:100,-100(100.000000)
773:Player,BR:0cc/cr379f:6d7s,3hAd|/TsJcAc:-100,100(-100.000000)
774:BR,Player:0cc/r1761f:7hTs,8sAc|/4d5sQh:100,-100(100.000000)
775:Player,BR:0cc/r130r1001r2472r2472f:JsAd,4s5d|/TcJdQh:-3703,3703(-3703.000000)
776:BR,Player:0r200c/r2627f:2d3s,QcAs|/4c9dAd:300,-300(300.000000)
777:Player,BR:0cr300c/cr3503c/r3897f:TcKc,8dQc|/5s9hKd/Th:3903,-3903(3903.000000)
778:BR,Player:0r200c/r100c/cr1200c/cc:2d2c,7cTc|/8cKsAh/9s/2h:1600,-1600(1600.000000)
779:Player,BR:0cc/cr435f:4h8d,TsKd|/4s7sQd:-100,100(-100.000000)
780:BR,Player:0r130c/r2014f:3s3c,7sJc|/4cTdAc:230,-230(230.000000)
781:Player,BR:0cc/cr435f:3hTd,4hKd|/2c6hTs:-100,100(-100.000000)
782:BR,Player:0cc/r3080f:2c7d,TsKh|/4s4dJs:100,-100(100.000000)
783:Player,BR:0cc/cr876f:3s6c,5h9d|/2c3hAs:-100,100(-100.000000)
784:BR,Player:0f:TcAs,3s8d|:50,-50(50.000000)
785:Player,BR:0cr600c/cr3047f:JcAd,6sJh|/3d4hKd:-700,700(-700.000000)
786:BR,Player:0r130c/r1001f:9cTh,5hAh|/7sJdQd:230,-230(230.000000)
787:Player,BR:0cr300c/cr569f:5dKc,6h7h|/2s8dTh:-400,400(-400.000000)
788:BR,Player:0f:5cJh,2h4s|:50,-50(50.000000)
789:Player,BR:0cr200c/r390r1718f:TcKc,6cJd|/2h7s9d:-690,690(-690.000000)
790:BR,Player:0r200c/r427f:7sQc,4h8h|/2h2d2c:300,-300(300.000000)
791:Player,BR:0cr300c/r520r1309c/cc/r8811f:4sKs,2hQs|/3s4dJc/Js/2s:2229,-2229(2229.000000)
792:BR,Player:0f:5dJh,2h3d|:50,-50(50.000000)
793:Player,BR:0cr200c/cr2627c/r1753f:ThAd,2hKs|/6sTcJc/8s:2927,-2927(2927.000000)
794:BR,Player:0r130c/r2014f:3h6c,5cTs|/3d4dTh:230,-230(230.000000)
795:Player,BR:0cc/cr876f:6d7c,JhAc|/4sTcQh:-100,100(-100.000000)
796:BR,Player:0r130c/r163r665c/cr2116f:2hQs,KdAd|/2d7dKs/Jd:-1058,1058(-1058.000000)
797:Player,BR:0cr300c/cr1741r6259r6259f:5d8h,6hTh|/4d5s6s:-8400,8400(-8400.000000)
798:BR,Player:0f:9sJd,2c5d|:50,-50(50.000000)
799:Player,BR:0cc/cr876f:2s8h,7hJc|/4h9hAs:-100,100(-100.000000)
800:BR,Player:0r200c/r244f:2cKc,9hQd|/2h3s8s:300,-300(300.000000)
801:Player,BR:0cr300c/r520r4005f:8hAs,4sKh|/2c5h8c:-920,920(-920.000000)
802:BR,Player:0r130c/r12392f:2cAc,5c7c|/3d4c5s:230,-230(230.000000)
803:Player,BR:0cc/cr761f:4c9h,QcAh|/4h8sQs:-100,100(-100.000000)
804:BR,Player:0cc/r379c/cc/cc:4sAd,6d7c|/6s9cAs/4c/Jd:479,-479(479.000000)
805:Player,BR:0cr200c/cr1306f:9cTh,8sQs|/5s6d7d:-300,300(-300.000000)
806:BR,Player:0r130c/r2014f:ThAh,4cTd|/6cQcKh:230,-230(230.000000)
807:Player,BR:0cc/cr2679f:2d6s,2cAs|/4sQcAd:-100,100(-100.000000)
808:BR,Player:0cc/r1761f:3d4s,5dAc|/8dTsTc:100,-100(100.000000)
809:Player,BR:0cr300c/r520r4005f:5d6h,3d4d|/3c7h7d:-920,920(-920.000000)
810:BR,Player:0f:2d2c,2sTh|:50,-50(50.000000)
811:Player,BR:0cc/cr876f:4h6s,9dTc|/6h6cAd:-100,100(-100.000000)
812:BR,Player:0cc/r435f:4s6s,3s6c|/5s9s9h:100,-100(100.000000)
813:Player,BR:0cc/cr1761f:8sAc,4dQs|/2d5cJc:-100,100(-100.000000)
814:BR,Player:0r200c/r1306f:3dJd,6dTc|/2h5h8h:300,-300(300.000000)
815:Player,BR:0cr600c/r1400c/cc/r4200c:KhAc,9hTs|/8hThKs/7d/5s:6300,-6300(-970.962646)
816:BR,Player:0r130c/r2014f:6d9s,5sAc|/3s7cAd:230,-230(230.000000)
817:Player,BR:0cr200c/cr1306f:4d4c,4sAc|/7c9s9d:-300,300(-300.000000)
818:BR,Player:0f:6cQc,2h9c|:50,-50(50.000000)
819:Player,BR:0cc/cr876f:3hTs,5c7h|/2h3cAd:-100,100(-100.000000)
820:BR,Player:0cc/r124c/cr100c/cc:4dKs,9sTd|/6s6hAc/Qs/2d:324,-324(6.103795)
821:Player,BR:0cr300c/cr3503f:8sTd,4dJc|/4c6dAc:-400,400(-400.000000)
822:BR,Player:0cc/r435f:5s9c,4hTc|/5c7s8d:100,-100(100.000000)
823:Player,BR:0cr300c/cr3503f:8sQs,TdKc|/3d5c9h:-400,400(-400.000000)
824:BR,Player:0cc/r876f:5sQs,KdAd|/2c7d7c:100,-100(100.000000)
825:Player,BR:0cc/r200r5284f:TdQc,6sQh|/3c5d9c:-300,300(-300.000000)
826:BR,Player:0r130c/r1001f:4cJd,8cJh|/9cQhKh:230,-230(230.000000)
827:Player,BR:0cc/cr124c/cc/cc:4dJc,9dAd|/7sKsKc/5c/Js:224,-224(-86.369844)
828:BR,Player:0r200c/r1306f:2s6c,5c9c|/9sQdKc:300,-300(300.000000)
829:Player,BR:0cc/cr19900f:6sQd,TcJh|/7cTsJd:-100,100(-100.000000)
830:BR,Player:0r300c/r996f:5s7c,KhKd|/8s9hAd:400,-400(400.000000)
831:Player,BR:0cc/cr216f:8s9h,7sQs|/6dQcAs:-100,100(-100.000000)
832:BR,Player:0f:2s3s,2h8s|:50,-50(50.000000)
833:Player,BR:0cr300c/r520r16203f:TsQs,9dKh|/2s6cAc:-920,920(-920.000000)
834:BR,Player:0r130c/r285c/cc/cc:5h6s,5sQs|/4d4c5c/3d/Ah:0,-0(319.823749)
835:Player,BR:0cc/cr876f:2h7c,3d5d|/3h9cTd:-100,100(-100.000000)
836:BR,Player:0r130c/cc/cc/cc:9sJs,5hAs|/4dKsKh/7s/6s:230,-230(230.000000)
837:Player,BR:0cr300c/cr1741f:9sAd,9hJs|/4c5hKd:-400,400(-400.000000)
838:BR,Player:0r130c/r2014f:6hJh,4s5d|/3h8dKh:230,-230(230.000000)
839:Player,BR:0cc/cr876f:3d7s,6sAs|/5d6c9c:-100,100(-100.000000)
840:BR,Player:0r130c/r285f:9sJd,5c7h|/4d9dAh:230,-230(230.000000)
841:Player,BR:0cc/cr216f:3dTd,6sAs|/4s4d4c:-100,100(-100.000000)
842:BR,Player:0cc/r216f:9dAs,6c7s|/8hKhKc:100,-100(100.000000)
843:Player,BR:0cr300c/cr1741c/r1219f:7s8h,4h9s|/2c7hQd/Ts:2141,-2141(2141.000000)
844:BR,Player:0r200c/r1306f:4cQc,3h8h|/6sJsAs:300,-300(300.000000)
845:Player,BR:0cc/cr876f:8sTh,3s6c|/5d7cKs:-100,100(-100.000000)
846:BR,Player:0cc/r435f:2hKc,4c7h|/5h7d8h:100,-100(100.000000)
847:Player,BR:0cc/cr876f:3h7c,6h7s|/6sQsAc:-100,100(-100.000000)
848:BR,Player:0r200c/r1306f:8cKs,4sKc|/TdQhAc:300,-300(300.000000)
849:Player,BR:0cc/cr876f:8dAs,5d6h|/7s8sTc:-100,100(-100.000000)
850:BR,Player:0r130c/r2014f:TdAc,3sQd|/2c3h7s:230,-230(230.000000)
851:Player,BR:0cc/cr249f:5sTs,5d6h|/8dKsKh:-100,100(-100.000000)
852:BR,Player:0r130c/r871r1015r1015c/cr1947f:8cQd,3h5h|/3dJhQs/4h:-3131,3131(-3131.000000)
853:Player,BR:0cc/cr1761f:3h6c,2h2c|/4h7s8h:-100,100(-100.000000)
854:BR,Player:0r130c/r2014f:2cTs,8dKs|/6s9cAc:230,-230(230.000000)
855:Player,BR:0cc/cr876c/cc/r2014c:8dTh,4s6d|/9dJhAd/5d/6c:-2990,2990(420.893429)
856:BR,Player:0r130c/r285c/cr175c/cr2070c:6sJs,5hJc|/2d6cTc/6d/4h:2760,-2760(298.712581)
857:Player,BR:0cr300c/cr1741c/r1219c/cc:7cTd,8s9h|/3s5cTc/7h/Ts:3360,-3360(3360.000000)
858:BR,Player:0r130c/r2014f:6d9d,5h7s|/6cJsKc:230,-230(230.000000)
859:Player,BR:0cc/cr876c/cc/r584f:3cQc,2dKh|/3d7cTc/8s/Qh:976,-976(976.000000)
860:BR,Player:0cc/r435f:7c9d,5hTd|/6h8h8c:100,-100(100.000000)
861:Player,BR:0cr300c/r520r1309f:7d9h,7cAh|/3d4dQc:-920,920(-920.000000)
862:BR,Player:0cc/r124c/cr376c/cr780c:3c9c,7sKc|/2s9sJc/6d/5d:1380,-1380(-486.625534)
863:Player,BR:0cc/cr876f:5hQs,7sAh|/2h8cTd:-100,100(-100.000000)
864:BR,Player:0r130c/r2014f:5sAd,6d8s|/5hJhKs:230,-230(230.000000)
865:Player,BR:0cc/cr142f:2dAs,9sKc|/4cJsJc:-100,100(-100.000000)
866:BR,Player:0r130c/r498f:2hJd,3sAc|/2dThTc:230,-230(230.000000)
867:Player,BR:0cr200c/cr2627f:QdKs,2d5c|/9sKcAh:-300,300(-300.000000)
868:BR,Player:0f:2h6h,2d8s|:50,-50(50.000000)
869:Player,BR:0cr600c/cr3047f:8s8h,TcJd|/4d6dKh:-700,700(-700.000000)
870:BR,Player:0r200c/r2627f:3sKh,8c9c|/2hJsAc:300,-300(300.000000)
871:Player,BR:0cc/cr876f:2c8d,9hJd|/4hQcKd:-100,100(-100.000000)
872:BR,Player:0cc/r876f:3c4h,4s8c|/7h8dQs:100,-100(100.000000)
873:Player,BR:0cc/cr761f:3d6c,6hTh|/2d6s7c:-100,100(-100.000000)
874:BR,Player:0f:3hQd,2cTh|:50,-50(50.000000)
875:Player,BR:0cc/cr1761f:5hTd,9dTc|/6h8cJs:-100,100(-100.000000)
876:BR,Player:0r200c/r140f:QhKd,4hTc|/2h8sAh:300,-300(300.000000)
877:Player,BR:0cr300c/cr3046f:5c7s,AsAd|/4c9sKd:-400,400(-400.000000)
878:BR,Player:0r130c/r1001f:2d6s,5dAc|/6d7sJd:230,-230(230.000000)
879:Player,BR:0cr130c/r299f:9sQs,5dJd|/2h7hTs:230,-230(230.000000)
880:BR,Player:0r200c/r100f:JdKh,3hQs|/4h6dAd:300,-300(300.000000)
881:Player,BR:0cc/cr1761c/r1589c/r1725c:4cJs,2dAd|/4h5cJh/3h/3c:-5175,5175(-4529.475700)
882:BR,Player:0r130c/r1001c/cr1184f:JcQd,9hQh|/3s3h9s/As:-1231,1231(-1231.000000)
883:Player,BR:0cc/r200r200c/r400f:8dKh,6cQh|/8s8cAs/2s:500,-500(500.000000)
884:BR,Player:0f:6cAh,3d9h|:50,-50(50.000000)
885:Player,BR:0cr300c/r520c/cc/cc:3c7c,6h6d|/2dKcAh/4d/Qs:-920,920(-676.302711)
886:BR,Player:0f:KhAs,3c6h|:50,-50(50.000000)
887:Player,BR:0cc/cr876c/r974f:4d8s,5d6d|/4h8cTc/2h:976,-976(976.000000)
888:BR,Player:0r130c/r2014f:8sTh,6dQc|/3dKsKc:230,-230(230.000000)
889:Player,BR:0cc/cr1761f:7cQs,9cJh|/2c8dAd:-100,100(-100.000000)
890:BR,Player:0f:4cTh,2hTs|:50,-50(50.000000)
891:Player,BR:0cc/cr2679f:4s9c,6c8h|/5h8d8c:-100,100(-100.000000)
892:BR,Player:0r130c/r1001f:8sTh,3hQh|/6c9hKs:230,-230(230.000000)
893:Player,BR:0cr200c/r600r1281r4029r4029f:KsAd,6dJd|/4h8dAs:-6210,6210(-6210.000000)
894:BR,Player:0cc/cr130r130c/cc/cc:9hAh,JhKh|/3cJdQd/7d/3s:-360,360(-218.162132)
895:Player,BR:0cc/cr379f:2d8s,JdKh|/7dTsJs:-100,100(-100.000000)
896:BR,Player:0r130c/r1001f:9cAd,9sTs|/3c4s7c:230,-230(230.000000)
897:Player,BR:0cr300c/cr7045f:7hAd,4h8d|/7cTsKd:-400,400(-400.000000)
898:BR,Player:0f:9cKd,2sTc|:50,-50(50.000000)
899:Player,BR:0cr300c/cr3503f:TdQs,5d9s|/4d7sKh:-400,400(-400.000000)
900:BR,Player:0r200c/r1136c/cc/cc:7hAc,2d3d|/4c9sAh/7d/3h:1436,-1436(1436.000000)
901:Player,BR:0cr300c/cr3503f:5c6c,8dTc|/3s6hQd:-400,400(-400.000000)
902:BR,Player:0r130c/r2014f:3s8d,5cAs|/6hJhQc:230,-230(230.000000)
903:Player,BR:0cc/cr876f:5dTd,3h3c|/2h6h9s:-100,100(-100.000000)
904:BR,Player:0r200c/r2627f:TdKc,7s9h|/2s5cAc:300,-300(300.000000)
905:Player,BR:0cr130c/r299c/cc/r687c:3c4c,6cQc|/7sAhAc/Kh/9c:-1216,1216(-180.636715)
906:BR,Player:0cc/cr130r2014f:6dKc,3sKh|/2c5sJs:230,-230(230.000000)
907:Player,BR:0cc/cr124c/cc/r376c:3cQd,2c9h|/3s9sAh/Jc/Tc:-600,600(-35.911635)
908:BR,Player:0r130c/r1001f:6sKc,4h7c|/7h8dTs:230,-230(230.000000)
909:Player,BR:0cc/cr876f:3hTc,4dKs|/7s9hJs:-100,100(-100.000000)
910:BR,Player:0cc/r876f:9dTs,3sTh|/5h9hQs:100,-100(100.000000)
911:Player,BR:0cc/cr1761f:2d7d,4hAh|/5hQhKd:-100,100(-100.000000)
912:BR,Player:0r130c/r1001c/cr1184f:5sKd,2hKh|/2s4h7d/Ah:-1231,1231(-1231.000000)
913:Player,BR:0cc/cr379f:2hTd,KhAh|/3h3cKd:-100,100(-100.000000)
914:BR,Player:0r130c/r1001c/cc/cc:6dJc,TdAs|/5s8hTc/5c/Kd:-1231,1231(-1231.000000)
915:Player,BR:0cc/cr142f:3c9h,7cKh|/2s2cTs:-100,100(-100.000000)
916:BR,Player:0f:5d7c,2sTc|:50,-50(50.000000)
917:Player,BR:0cr200c/r390r5254f:4s5s,JsJd|/2c5h7s:-690,690(-690.000000)
918:BR,Player:0cc/r379f:6sKs,4c9d|/JhQsKh:100,-100(100.000000)
919:Player,BR:0cr130c/cr2014f:JcQc,6hAd|/3s7d8d:-230,230(-230.000000)
920:BR,Player:0f:ThAd,4h9s|:50,-50(50.000000)
921:Player,BR:0cr300c/cr569f:5c6h,3dKd|/5sAsAh:-400,400(-400.000000)
922:BR,Player:0r200c/r649c/cc/cr1121c:7d7c,3s4s|/2sAsAh/Qh/Jh:2070,-2070(-140.871272)
923:Player,BR:0cc/cr435f:9dTc,9sQs|/3h4cAh:-100,100(-100.000000)
924:BR,Player:0r130c/r1751f:6cTd,4s7h|/6sThJs:230,-230(230.000000)
925:Player,BR:0cr200c/cr371f:4d6s,9cTd|/7cTsQs:-300,300(-300.000000)
926:BR,Player:0r130c/r1001f:3d9h,5hJd|/6d8cTs:230,-230(230.000000)
927:Player,BR:0cc/cr876f:3h9c,3c9d|/4d6hKs:-100,100(-100.000000)
928:BR,Player:0r130c/r2014f:5s9h,5h8h|/4cTsJs:230,-230(230.000000)
929:Player,BR:0cr130c/cr2014c/cc/r6726f:5hAc,8hAd|/2c3c7s/Tc/Jc:2244,-2244(2244.000000)
930:BR,Player:0cc/r249f:2h6c,6hQc|/7d9cAc:100,-100(100.000000)
931:Player,BR:0cr300c/cr495f:5hAs,8d9c|/4c8hJs:-400,400(-400.000000)
932:BR,Player:0r200c/r2627f:2s6d,8dTh|/3h4c7c:300,-300(300.000000)
933:Player,BR:0cr300c/cr866c/cc/r2334c:JhAh,7cJs|/4h6dJd/2s/As:3600,-3600(-408.619659)
934:BR,Player:0r130c/r1001f:3dAh,8sJc|/5sJhQh:230,-230(230.000000)
935:Player,BR:0cr300c/r1200r3983r14417f:JsJd,2s4d|/5c6sTd:5583,-5583(5583.000000)
936:BR,Player:0r130c/r2014f:6sAs,9cQd|/3h6d7c:230,-230(230.000000)
937:Player,BR:0cr300c/cr1741f:3hAh,QhKd|/5s7s7h:-400,400(-400.000000)
938:BR,Player:0f:5cJd,2h8s|:50,-50(50.000000)
939:Player,BR:0cr300c/cr3503f:TcAh,TdAd|/3c9hJc:-400,400(-400.000000)
940:BR,Player:0f:2h8s,3d9h|:50,-50(50.000000)
941:Player,BR:0cc/cr379f:3d8c,TdKh|/2h5hKd:-100,100(-100.000000)
942:BR,Player:0cc/r124r576c/cr1600f:3hTd,3dJc|/2h3cJd/Qh:-800,800(-800.000000)
943:Player,BR:0cc/cr142c/cc/r958c:4hTs,JdQs|/2h3hAh/6s/9s:-1200,1200(-561.480533)
944:BR,Player:0r130c/r2014f:2s9s,7cQd|/6cTdAc:230,-230(230.000000)
945:Player,BR:0cr300c/cr569f:6sKs,2hTs|/8hJcAd:-400,400(-400.000000)
946:BR,Player:0r130c/r285c/cc/cr543c:8s9d,2d5d|/6c8dJh/9c/7d:-1058,1058(-50.788451)
947:Player,BR:0cr200c/cr2627f:9sQs,6cAd|/2s8hJd:-300,300(-300.000000)
948:BR,Player:0r130c/r1001f:5c6d,9cQc|/7h9hAs:230,-230(230.000000)
949:Player,BR:0cc/cr379f:7cAh,5cJh|/6s8cJd:-100,100(-100.000000)
950:BR,Player:0f:2dAs,3s9d|:50,-50(50.000000)
951:Player,BR:0cr300c/cr3503f:6d7d,4sJs|/2d8hKs:-400,400(-400.000000)
952:BR,Player:0r130c/r1751c/cc/cc:4d5s,2s3s|/2h3c4s/9c/Ad:1981,-1981(1937.439490)
953:Player,BR:0cr130c/r690c/r1196f:QsQd,8cAc|/3h7dJc/5s:920,-920(920.000000)
954:BR,Player:0f:8hAs,3d8c|:50,-50(50.000000)
955:Player,BR:0cc/cr435f:4dAh,8d9s|/5cQhKc:-100,100(-100.000000)
956:BR,Player:0r130c/r2014f:2s7c,8sKs|/3c4h6s:230,-230(230.000000)
957:Player,BR:0cr600c/cr3047c/r3603c/cc:9cJc,2sTh|/2h3h9s/3c/3s:7350,-7350(3653.841945)
958:BR,Player:0r130c/r2014f:9hTc,9sQs|/3s8hAh:230,-230(230.000000)
959:Player,BR:0cc/cr876f:6dTc,8dKd|/2h4cTd:-100,100(-100.000000)
960:BR,Player:0r130c/r871f:9dTc,7cAc|/2h8sTs:230,-230(230.000000)
961:Player,BR:0cc/cr876f:2c5h,6cAd|/4cJsQh:-100,100(-100.000000)
962:BR,Player:0r130c/r2014c/cc/cc:7dKs,4dQs|/9cQdAs/6h/Kc:2244,-2244(451.179566)
963:Player,BR:0cr130c/cr1001f:9sAh,2h5h|/4hQdKh:-230,230(-230.000000)
964:BR,Player:0r130c/r2014c/cr2241c/cc:9hJd,2c6c|/5c6hAd/5s/5d:-4485,4485(-4389.103093)
965:Player,BR:0cr300c/r520r4005f:3d5c,2d5d|/6s6h9c:-920,920(-920.000000)
966:BR,Player:0f:6dQc,2h3d|:50,-50(50.000000)
967:Player,BR:0cc/cr435f:6sTh,6dQc|/5d8dJd:-100,100(-100.000000)
968:BR,Player:0r200c/r1306f:4d7d,8d9c|/6dTcKd:300,-300(300.000000)
969:Player,BR:0cr300c/r800r5224f:7dAs,3h7h|/6sQcAh:-1200,1200(-1200.000000)
970:BR,Player:0r200c/r427f:4d5d,9hQs|/4cTsTh:300,-300(300.000000)
971:Player,BR:0cr300c/cr1741c/r1219f:TcAh,6dKh|/5sJdJc/7s:2141,-2141(2141.000000)
972:BR,Player:0cc/cr130r327f:6h9s,5s9h|/4cAhAc:230,-230(230.000000)
973:Player,BR:0cr300c/cr19600c/cc/cc:5h9h,TdJc|/5sTsJh/Ad/8c:-20000,20000(-9478.749893)
974:BR,Player:0r130c/r1001f:9dKd,4cTc|/8sJsAc:230,-230(230.000000)
975:Player,BR:0cr300c/cr3503f:6s6c,3h4h|/2s5h7h:-400,400(-400.000000)
976:BR,Player:0r130c/r2014f:7d9h,2c7c|/4c6hQd:230,-230(230.000000)
977:Player,BR:0cc/cr761f:3dQs,KdAc|/5s6dKc:-100,100(-100.000000)
978:BR,Player:0r130c/r2014f:9cAh,7hTh|/2dTdQs:230,-230(230.000000)
979:Player,BR:0cc/cr876c/cc/cc:9sJh,QsAc|/6sJsKd/2s/8d:976,-976(976.000000)
980:BR,Player:0r200c/r2627f:6d7s,JcAc|/9sKsKd:300,-300(300.000000)
981:Player,BR:0cc/cr876f:6sAd,7cJd|/4s5dQd:-100,100(-100.000000)
982:BR,Player:0r200c/r2627f:5hKd,4h6h|/3s6cQc:300,-300(300.000000)
983:Player,BR:0cc/cr761f:4sQd,JhQc|/4h6hJd:-100,100(-100.000000)
984:BR,Player:0r200c/r1306f:TdAc,3h3d|/5s7cJd:300,-300(300.000000)
985:Player,BR:0cr200c/cr2627f:6c9c,4dAs|/4s9hJd:-300,300(-300.000000)
986:BR,Player:0f:3s7d,3d8h|:50,-50(50.000000)
987:Player,BR:0cc/cr3080f:3s6h,9sTc|/7cAsAc:-100,100(-100.000000)
988:BR,Player:0r200c/r1306c/cc/cc:8cJd,9hAd|/9sTdTc/8h/Qh:1606,-1606(1605.895155)
989:Player,BR:0cc/cr1532c/cc/r1358c:3s5h,TcKc|/2h7cAc/Qs/Js:-2990,2990(-2990.000000)
990:BR,Player:0r130c/r1001f:6dTs,QcKs|/7h8sJh:230,-230(230.000000)
991:Player,BR:0cr300c/cr495f:8cJd,KsKc|/2dThAd:-400,400(-400.000000)
992:BR,Player:0r130c/r1001f:7sTs,8dAs|/2d3d9d:230,-230(230.000000)
993:Player,BR:0cr600c/cr3047c/cc/r2133c:TcAc,3sTs|/2c4hAh/5c/2s:-5880,5880(-5874.942158)
994:BR,Player:0r130c/r2014c/cr2241c/cr15515c:5s5h,9hTd|/4h8sJd/Ks/3d:20000,-20000(15702.201816)
995:Player,BR:0cr300c/r520r1309f:6cAc,4dQh|/9hThAd:-920,920(-920.000000)
996:BR,Player:0cc/r1532f:4cKs,6cQd|/7sThKd:100,-100(100.000000)
997:Player,BR:0cc/cr1761f:3h7s,4h7h|/JhKhKc:-100,100(-100.000000)
998:BR,Player:0r200c/r2627f:2s4h,8hQs|/7c9sKs:300,-300(300.000000)
999:Player,BR:0cc/cr1761f:3cTh,2d6c|/7d8sQc:-100,100(-100.000000)
1000:BR,Player:0r130c/r327f:6hAc,2c6c|/7s9s9h:230,-230(230.000000)
RAW BR STATS: n=1000, sum=139658.000000, sum_sq=4450860824.000000, vr_sum=129765.205583, vr_sum_sq=2397706624.172712
BR STATS: 139.658000(130.474132), 129.765206(95.636505)
RESULTS
1)Player: -139658
2)BR: 139658
