In config file: GAME_DEF=game_def.fullholdem
In config file: ACTIONS_R0=F,C
In config file: ACTIONS_R1=F,C
In config file: ACTIONS_R2=F,C
In config file: ACTIONS_R3=F,C
Loading player: rgbr_nl_cprg.so
Player args: /home/viliam/cprg/project_uoapoker/trunk/src/c/meta_player.so /home/viliam/cprg/project_uoapoker/trunk/src/c/acpc14.map
Using seed 43.
1:Player,BR:0cr200c/r390c/r897f:7sKs,8sQd|/2sQsKh/3h:690,-690(690.000000)
2:BR,Player:0r130c/cc/cc/cr460c:6sQs,8hKh|/3h3cQc/5c/Td:690,-690(198.849331)
3:Player,BR:0cc/cc/r200c/r390c:2s8s,4dTs|/4c5hKh/3s/Qc:-690,690(176.976251)
4:BR,Player:0r130c/cc/cr299c/cc:8dKh,9sJd|/4s4cTh/4d/9h:-529,529(-181.997449)
5:Player,BR:0cr300c/cc/r1200c/r800c:8d9h,9dTd|/2cTcJs/Jd/6s:-2400,2400(-2400.000000)
6:BR,Player:0r130c/cr299c/cc/cr1058f:3hQs,6dJs|/6c7s7c/4c/Jd:-529,529(-529.000000)
7:Player,BR:0cc/cc/r130f:5sJc,3cTd|/6h9dAd/Jh:100,-100(100.000000)
8:BR,Player:0r130c/cr299c/cr1058c/cc:6s8s,6d8c|/2c5d8d/Jd/Td:-1587,1587(-1587.000000)
9:Player,BR:0cc/r130c/r690c/r1840c:8d9s,2c4s|/4h6cQd/7s/4d:-2760,2760(-1125.469595)
10:BR,Player:0r200c/cc/cc/cc:7s8c,TsQh|/3h3c6h/9c/2s:-300,300(-300.000000)
11:Player,BR:0cc/cc/cc/cc:3sJc,4h4c|/3d8cAd/Ts/3c:100,-100(-51.098085)
12:BR,Player:0r200c/cr390c/cr2070f:2hQh,4d8d|/3d9hJs/Td:-690,690(-690.000000)
13:Player,BR:0cr200c/cc/r390c/r1380c:6c9h,7sAh|/4cQcKd/Js/4h:-2070,2070(-2026.712468)
14:BR,Player:0r130c/cr299f:4d8d,3hTs|/QcAhAd:-230,230(-230.000000)
15:Player,BR:0cc/cc/cc/cc:8c9d,2s4d|/6s6cAs/3d/7h:100,-100(100.000000)
16:BR,Player:0r130c/cr460c/cr897f:2hJs,7hAh|/8hThQc/Qd:-690,690(-690.000000)
17:Player,BR:0cc/cc/cc/cc:3sJd,7dAs|/3h7c8s/4h/Td:-100,100(-81.403674)
18:BR,Player:0r130c/cr299c/cr687c/cr1580f:3h4d,JcKh|/3d8dKd/2c/6h:-1216,1216(-1216.000000)
19:Player,BR:0cc/cc/cc/r200c:7d8c,7cTh|/2h7sAs/Jh/6c:-300,300(-68.669940)
20:BR,Player:0f:9dQd,4c9h|:50,-50(50.000000)
21:Player,BR:0cc/r130c/cc/r115f:6cKs,3dKc|/3c6hAs/Jc/5d:230,-230(230.000000)
22:BR,Player:0r130c/cr299c/cc/cc:5hKd,4sQd|/2c6dAd/9s/Kh:529,-529(529.000000)
23:Player,BR:0cc/cc/cc/cc:8s9h,QdAs|/4s4cTh/3s/7h:-100,100(-44.002651)
24:BR,Player:0r130c/cc/cc/cr460f:2h3d,TsTh|/5dJhQs/7d/Jc:-230,230(-230.000000)
25:Player,BR:0cr300f:JdQh,2d3s|:100,-100(100.000000)
26:BR,Player:0r130c/cc/cc/cc:AdAc,QhKc|/2d5dJs/4c/Jc:230,-230(230.000000)
27:Player,BR:0cr200c/cc/r150c/r225c:QcAd,8c9d|/5d6hAs/9h/8h:-675,675(-580.320967)
28:BR,Player:0f:9sTs,4s9c|:50,-50(50.000000)
29:Player,BR:0cr200c/cc/cc/r150c:3s6s,7sKh|/2h3cAd/5d/5s:450,-450(106.667562)
30:BR,Player:0cc/cc/cc/cc:7d7c,3cAd|/2h5sTd/8h/Qc:100,-100(100.000000)
31:Player,BR:0cc/cc/cc/cc:3hAs,5cAc|/2sTcKd/Qc/2h:0,-0(-2.889805)
32:BR,Player:0r130c/cr690f:4d6c,2h2d|/2c7c8d:-230,230(-230.000000)
33:Player,BR:0cr300c/cc/cc/cc:JhAc,8hTd|/4sTsKd/9s/7h:-400,400(-284.567359)
34:BR,Player:0cc/cc/cc/cr300c:4hQh,2hAd|/9dJhKs/8c/Th:400,-400(151.798972)
35:Player,BR:0cc/cc/cc/r130f:7sTh,TcAs|/5d7hJh/4d/9c:100,-100(100.000000)
36:BR,Player:0r130c/cc/cr115c/cc:7c9h,3s3c|/2sJdQd/9c/5d:345,-345(240.334922)
37:Player,BR:0cc/cc/cc/cc:3sKh,4s7d|/4c9cQh/2c/6h:-100,100(-63.413791)
38:BR,Player:0r200c/cc/cc/cc:8cJs,3d9d|/3s6hAh/Jc/5c:300,-300(300.000000)
39:Player,BR:0cc/cc/cc/cc:9dKc,4s9s|/8c9cJd/7c/Kh:100,-100(-47.801124)
40:BR,Player:0r130c/cc/cr115c/cc:5cAh,6s7h|/JdJcKc/Kd/3s:345,-345(228.731703)
41:Player,BR:0cc/cc/cc/r300c:2h5c,2sTc|/4c9hQs/8s/Jc:-400,400(-400.000000)
42:BR,Player:0r200c/cc/cr390f:7s8s,6dTs|/2c4hKs/Qs:-300,300(-300.000000)
43:Player,BR:0cr600c/r910c/cc/cc:5d8c,KcAs|/3d4dKh/Th/Qs:-1610,1610(-1610.000000)
44:BR,Player:0r200c/cc/cc/cr390f:ThQs,7sJc|/8h8dAh/7h/4c:-300,300(-300.000000)
45:Player,BR:0cr200c/cc/cc/cc:TsAh,3hTc|/5s8dQh/Kc/Qc:300,-300(300.000000)
46:BR,Player:0r200c/cc/cc/cc:3h3d,5h5c|/4h6sTc/8d/3c:300,-300(300.000000)
47:Player,BR:0cr600c/cc/r910c/r2093c:KcAd,QhAc|/4sTdQd/Kh/3d:3703,-3703(1425.844315)
48:BR,Player:0cc/cc/cc/cc:3s3d,3cKc|/2hQhAd/9s/As:100,-100(97.692989)
49:Player,BR:0cr300c/cc/r200c/cc:6cKc,4c8c|/4s4dTc/As/Th:-600,600(-504.911945)
50:BR,Player:0r130c/cr460c/cr138c/cr1656c:TdAc,JhJc|/3dAsAd/Th/8s:2484,-2484(2484.000000)
51:Player,BR:0cc/cc/cc/r300f:4hKs,2sJd|/6c9dKh/3s/5d:100,-100(100.000000)
52:BR,Player:0cc/cc/cc/cc:3h3d,4sKc|/7d9cAd/As/Js:100,-100(42.754788)
53:Player,BR:0cc/cc/r300f:2c4d,2s8s|/5sTcAh/7c:100,-100(100.000000)
54:BR,Player:0r130c/cc/cc/cc:3dJs,6s6h|/3s9dKh/Ah/Qh:-230,230(-92.109447)
55:Player,BR:0cc/cc/cc/cc:2h9h,KcAh|/5h6sQh/Kh/6d:100,-100(-67.706742)
56:BR,Player:0f:5hKh,3s9d|:50,-50(50.000000)
57:Player,BR:0cc/cc/cc/cc:3dKd,8hKh|/2d4s8d/Jd/Tc:100,-100(-84.134590)
58:BR,Player:0r200c/cr390c/cc/cc:6cTh,7c9h|/8s9dAc/3s/8h:-690,690(-428.595547)
59:Player,BR:0cr200c/r390c/r897c/cc:TsAh,3hQc|/2s6hAd/5c/3d:1587,-1587(53.090682)
60:BR,Player:0r130c/cr460c/cr1380c/cc:3cJd,5dKh|/3d6h9s/Qh/5s:-2070,2070(-46.221134)
61:Player,BR:0cr200c/cc/r390c/r897f:8hQs,9sAd|/3d5h6s/9c/Qh:690,-690(690.000000)
62:BR,Player:0cc/cc/cr300c/cc:6sJc,7h9s|/8sQsKs/6c/8d:400,-400(400.000000)
63:Player,BR:0cr600f:9cTd,2sKd|:100,-100(100.000000)
64:BR,Player:0r200c/cc/cc/cr390c:2hAh,TsTh|/4h6dAd/4s/9h:690,-690(617.544143)
65:Player,BR:0cr600f:4h5d,2sJh|:100,-100(100.000000)
66:BR,Player:0cc/cc/cc/cc:QcKh,4c9s|/4d8cAs/5c/6s:-100,100(33.631093)
67:Player,BR:0cr200c/cc/cc/cc:7h7c,6sJs|/2cQcAc/9h/Ks:300,-300(282.674831)
68:BR,Player:0r130c/cr690c/cc/cr1196c:4dAh,3s8s|/3c6h8h/4c/Td:-2116,2116(-325.721603)
69:Player,BR:0cc/cc/cc/cc:2cKh,2sTc|/3s5s6d/3d/Ah:100,-100(84.954812)
70:BR,Player:0r200c/cr390c/cc/cr897f:5sTh,3s5h|/4sQhKd/7s/8s:-690,690(-690.000000)
71:Player,BR:0cc/cc/cc/cc:3hAc,8dAs|/2c8h9d/Qc/9c:-100,100(-86.160031)
72:BR,Player:0r130c/cc/cc/cc:9sKh,JsQd|/6h7dKs/5s/Kd:230,-230(230.000000)
73:Player,BR:0cr300c/cc/r800c/cc:6h8h,2cQh|/4c5c9c/Kd/3c:-1200,1200(-1009.610688)
74:BR,Player:0r130c/cr690c/cr1840f:8hTs,6hAc|/6s6cAh/5s:-920,920(-920.000000)
75:Player,BR:0cr300c/cc/cc/cc:4h4d,6h7s|/5dJhQh/3d/Ah:400,-400(400.000000)
76:BR,Player:0r130c/cc/cr115c/cr2070c:4c6d,8s9d|/4s4d9c/8h/6c:2415,-2415(2415.000000)
77:Player,BR:0cr300c/r520c/cc/r184f:7s7d,6c9s|/3h8s8h/3d/Jd:920,-920(920.000000)
78:BR,Player:0f:3hKh,2s8d|:50,-50(50.000000)
79:Player,BR:0cr130c/cc/r299c/r264c:9dKc,7hAh|/4s6hAc/Kh/8c:-793,793(-785.666794)
80:BR,Player:0r200c/cr390c/cc/cc:TcJh,8cQc|/7c8sKc/7h/6s:-690,690(-414.828072)
81:Player,BR:0cc/cc/r200c/r150f:8cJh,5sAh|/7h9cJs/5d/Qd:300,-300(300.000000)
82:BR,Player:0r130c/cc/cr460c/cc:TsAh,4cKs|/5sTdJh/6s/Kh:-690,690(273.859872)
83:Player,BR:0cr200c/r390c/cc/cc:3s3c,6s6c|/2s2h7d/5c/8d:-690,690(-680.678296)
84:BR,Player:0cc/cr300c/cc/cc:5h9h,4cKd|/5s6h8d/Ac/Qc:400,-400(369.837639)
85:Player,BR:0cr130c/cc/r115f:JhKs,2h5s|/6c8cTh/3c:230,-230(230.000000)
86:BR,Player:0cc/cr200c/cr600f:2cTs,AhAd|/9cQsKc/4d:-300,300(-300.000000)
87:Player,BR:0cr300c/r520c/cc/r1196f:5cAc,3cQs|/5d6hAh/7d/2c:920,-920(920.000000)
88:BR,Player:0f:7dJs,2dTh|:50,-50(50.000000)
89:Player,BR:0cc/cc/r300c/cc:3d5c,6dAd|/4c8dKd/7h/5s:-400,400(-357.302571)
90:BR,Player:0f:4hQc,2s9c|:50,-50(50.000000)
91:Player,BR:0cc/cc/cc/cc:3cQd,6sQh|/5s6dTc/Kh/Jh:-100,100(-42.569255)
92:BR,Player:0cc/cc/cc/cr200c:4s9h,3s6d|/4d7hKc/Ks/Qc:300,-300(-65.581060)
93:Player,BR:0cc/cc/cc/cc:5hJc,4s9h|/QcAdAc/Kc/9d:-100,100(-48.118245)
94:BR,Player:0r130c/cc/cc/cc:3c9c,5cAs|/7s8dQs/4c/2s:-230,230(-230.000000)
95:Player,BR:0cr600f:QsKc,6hTd|:100,-100(100.000000)
96:BR,Player:0f:4h8c,3dTc|:50,-50(50.000000)
97:Player,BR:0cr200c/cc/cc/r600c:4cJc,JsQd|/3s3hTs/8h/7h:-900,900(-263.785439)
98:BR,Player:0r130c/cc/cr115c/cc:TcAs,JsKh|/8c9dAd/8h/4s:345,-345(345.000000)
99:Player,BR:0cc/cc/r300c/r1200f:3h8s,4cTc|/3s3d5d/Qh/8d:400,-400(400.000000)
100:BR,Player:0r130c/cr299f:7h8d,JhAh|/9hKsKc:-230,230(-230.000000)
101:Player,BR:0cc/cc/cc/r130c:5sQh,TsJd|/TdKsKh/5c/Qd:230,-230(30.228394)
102:BR,Player:0r130c/cc/cc/cr299f:QcKc,8hKd|/5s5h8c/3h/6h:-230,230(-230.000000)
103:Player,BR:0cc/cc/r200f:9hQd,2h7c|/3s5d8c/Qh:100,-100(100.000000)
104:BR,Player:0r200c/cc/cr390c/cr897c:QcKs,4h7c|/8dTsKd/Tc/2h:1587,-1587(1587.000000)
105:Player,BR:0cr200c/cc/r150c/r1350f:KdAs,4dTs|/4h7hJd/3s/Kc:450,-450(450.000000)
106:BR,Player:0r130c/cr690f:5hTc,QdAc|/6d8hAs:-230,230(-230.000000)
107:Player,BR:0cc/cc/r130f:7dJh,3s8h|/JdQcKc/Qd:100,-100(100.000000)
108:BR,Player:0r130c/cr299c/cc/cr1058c:QsQc,5h7c|/2d4dQh/Ah/4s:1587,-1587(1587.000000)
109:Player,BR:0cr300c/cc/r200c/cc:5cAc,7hTd|/5h8sJd/3d/Kh:600,-600(588.112526)
110:BR,Player:0r200c/cc/cc/cc:9hTd,4cAs|/3dJsQc/7c/4d:-300,300(-300.000000)
111:Player,BR:0cc/cc/cc/cc:2hQd,6cAc|/8dJdKh/Ks/5c:-100,100(-20.732746)
112:BR,Player:0r130c/cc/cr115c/cc:2c5s,3d6d|/2s3sTh/8h/Kh:-345,345(108.189047)
113:Player,BR:0cc/cc/r130c/cc:3cTs,3sQs|/6c7s8s/7d/Qc:-230,230(-213.417407)
114:BR,Player:0r130c/cr299f:6h8h,QhQd|/2s5hQc:-230,230(-230.000000)
115:Player,BR:0cc/cc/cc/cc:5cKd,KcAc|/4s4d8h/3h/Th:-100,100(-51.176854)
116:BR,Player:0r130c/cr299c/cr687c/cr2432c:8sJc,4sTh|/5d6cQs/9h/7h:3648,-3648(3648.000000)
117:Player,BR:0cr200c/cc/r150c/cc:6hJh,2cJs|/2s9cKs/3d/Qh:-450,450(149.281874)
118:BR,Player:0r130c/cc/cc/cc:3sQh,4dAh|/2c7sJd/8s/6h:-230,230(-230.000000)
119:Player,BR:0cc/cc/cc/r300f:5sJs,5c7s|/2d4c6d/9h/4d:100,-100(100.000000)
120:BR,Player:0cc/cc/cr130c/cr690f:2c8c,3hJd|/3d8s9d/3c/7c:-230,230(-230.000000)
121:Player,BR:0cr130c/cc/r299c/r687c:7s8s,JdQc|/2sTcQd/5s/3d:-1216,1216(-1206.152600)
122:BR,Player:0r200c/cr600c/cr450f:6dKh,8sKs|/4s7c9c/Ac:-900,900(-900.000000)
123:Player,BR:0cc/cc/r200f:2s9c,3d9s|/6cJsAd/6d:100,-100(100.000000)
124:BR,Player:0r200c/cr390f:2dJd,9cAc|/3h4c9h:-300,300(-300.000000)
125:Player,BR:0cc/cc/cc/cc:8sQd,2hAd|/8h9dKc/Jd/8d:100,-100(-15.836392)
126:BR,Player:0r130c/cr460c/cr1380c/cr6210f:4s9d,4c5c|/KsKdAc/Jc/8c:-2070,2070(-2070.000000)
127:Player,BR:0cr200c/r390c/r345c/r517c:7sQc,4hQh|/4s8cQd/6c/Jc:-1552,1552(-1461.430660)
128:BR,Player:0r200c/cc/cr390c/cc:3s7d,6sKc|/7sQsKh/3c/Ac:690,-690(690.000000)
129:Player,BR:0cc/cc/cc/r130c:3d9c,7sTd|/3c9hKh/6d/Ad:230,-230(64.256583)
130:BR,Player:0r130c/cc/cc/cr299f:JhQh,4cAd|/3h8sAh/7c/5d:-230,230(-230.000000)
131:Player,BR:0cr130c/cc/r115c/r172c:5c8s,TsAh|/3sJhQc/Ks/7c:-517,517(-517.000000)
132:BR,Player:0f:3s4d,3c8s|:50,-50(50.000000)
133:Player,BR:0cr600c/r2100f:AsAc,4cQc|/2h5h9d:700,-700(700.000000)
134:BR,Player:0r200c/cc/cc/cc:6dAh,5hQs|/6cAdAc/9c/4d:300,-300(300.000000)
135:Player,BR:0cc/cc/cc/r300c:5s8c,8dTh|/3cJdKc/4d/3s:-400,400(-51.455059)
136:BR,Player:0r130c/cr460c/cc/cr897f:4c8s,3s4h|/6c7hKs/7c/8d:-690,690(-690.000000)
137:Player,BR:0cc/cc/cc/cc:3dJs,4d8h|/2h6hTs/5h/Kd:100,-100(100.000000)
138:BR,Player:0r300c/cr520c/cr1840c/cc:2dQs,8dJs|/2s4hTd/4s/8s:-2760,2760(-2499.232553)
139:Player,BR:0cc/cc/cc/r130c:9hAc,7sKh|/3dTsJc/Jd/9c:230,-230(96.253785)
140:BR,Player:0cc/cr130c/cr299f:6sTd,7c9d|/4h8s9s/3c:-230,230(-230.000000)
141:Player,BR:0cc/cc/r130c/cc:2d7s,4d5s|/6d9hJc/5c/Ac:-230,230(17.014755)
142:BR,Player:0r130c/cc/cr299c/cc:6cAc,8sQc|/3s4h5c/8h/Td:-529,529(-252.233934)
143:Player,BR:0cc/cc/r200c/r150f:5hKd,2c9s|/7d9cKs/4c/Kc:300,-300(300.000000)
144:BR,Player:0cc/cr130c/cc/cc:2s6c,8s9c|/6hThKh/3c/8c:-230,230(111.088334)
145:Player,BR:0cc/cc/cc/r130c:4s8s,JdAc|/4hThJc/3c/Kh:-230,230(-59.673314)
146:BR,Player:0f:TdAc,2sTh|:50,-50(50.000000)
147:Player,BR:0cc/cc/r200c/r390f:8dKc,7cQs|/2c3s7d/8s/4s:300,-300(300.000000)
148:BR,Player:0r130c/cc/cc/cc:TdKc,9sKd|/2d6dQs/7c/7h:230,-230(-170.010763)
149:Player,BR:0cc/cc/cc/r130c:7c8s,3s7s|/6sJhQh/6h/7d:0,-0(72.287381)
150:BR,Player:0cc/cc/cr200c/cr390f:7sKh,6h7d|/8cQsQh/9d/Tc:-300,300(-300.000000)
151:Player,BR:0cc/cc/r200f:2h4c,2sTs|/6h9cJh/3d:100,-100(100.000000)
152:BR,Player:0r130c/cc/cr299c/cr687c:6hQd,3sQh|/2c4dKd/7h/Tc:1216,-1216(-253.728974)
153:Player,BR:0cc/cc/cc/cc:2dTs,3cAh|/4c5hKd/Ac/8c:-100,100(-92.959689)
154:BR,Player:0r200c/cr390c/cr1380f:3sJd,2h6h|/4h5c7s/Ah:-690,690(-690.000000)
155:Player,BR:0cr600f:8dJd,4dTd|:100,-100(100.000000)
156:BR,Player:0f:TcJs,3s7h|:50,-50(50.000000)
157:Player,BR:0cr600c/r910f:5hKh,8c9h|/3d4s7h:700,-700(700.000000)
158:BR,Player:0r130c/cr299f:2c5s,5cKs|/TsJsQc:-230,230(-230.000000)
159:Player,BR:0cr600c/cc/r140c/cc:4d7d,TcQh|/3h4hQs/Kh/9h:-840,840(-822.301284)
160:BR,Player:0cc/cr130c/cc/cc:4hQc,7hJh|/4s8sAs/6c/Js:-230,230(-77.911969)
161:Player,BR:0cc/cc/cc/cc:2d7h,5hTc|/2h4sKd/Qd/6c:100,-100(77.083244)
162:BR,Player:0r200f:2d6s,TsQh|:-100,100(-100.000000)
163:Player,BR:0cr300c/r520c/cc/cc:9dTh,4sQs|/5d8dQh/6s/7d:920,-920(-555.616670)
164:BR,Player:0r300c/cr800c/cc/cc:9sQh,5sKd|/3d8hTs/6d/2c:-1200,1200(-825.626270)
165:Player,BR:0cc/cc/r200c/cc:8dTh,6dTc|/4h7c9d/Ah/7d:0,-0(-160.381432)
166:BR,Player:0f:5c9h,2sTd|:50,-50(50.000000)
167:Player,BR:0cc/cc/cc/cc:5cTs,5s6c|/4c8hTc/8d/Ks:100,-100(80.731729)
168:BR,Player:0cc/cc/cc/cr130c:7dQc,2cQh|/4d9dKh/Qd/2s:-230,230(138.229469)
169:Player,BR:0cc/cc/cc/cc:JcKh,7hTc|/4c7s9h/6s/Qc:-100,100(-89.772210)
170:BR,Player:0r130c/cc/cc/cc:3cAh,9cKs|/8h8cTs/5s/8d:230,-230(150.098848)
171:Player,BR:0cc/cc/r130c/cc:4hQs,7sAc|/2h6d6c/4d/5c:230,-230(230.000000)
172:BR,Player:0r200c/cc/cr390c/cr1380c:TsTd,7cJh|/9s9dTc/Qc/8s:2070,-2070(2044.642920)
173:Player,BR:0cc/cc/cc/r300f:5dAc,6sTc|/2d8sJh/3c/As:100,-100(100.000000)
174:BR,Player:0r200c/cc/cc/cc:4h8d,TdAc|/5h7dKc/6c/Qs:300,-300(300.000000)
175:Player,BR:0cc/cc/cc/cc:6c7s,3h4d|/9dTdQc/9h/7h:100,-100(95.909631)
176:BR,Player:0r130c/cc/cc/cc:4d7s,3sAs|/6h9sKh/8c/9h:-230,230(-230.000000)
177:Player,BR:0cc/cc/cc/cc:2c6d,3d5h|/6s7dTc/9d/Qs:100,-100(92.686141)
178:BR,Player:0r130c/cr690c/cc/cc:4cTd,4dJs|/4s7s8d/5d/9h:-920,920(-318.872389)
179:Player,BR:0cr300c/cc/r520f:KsKd,2dKh|/6d7s7d/Tc:400,-400(400.000000)
180:BR,Player:0cc/cr130f:3h5s,8c9d|/6s8d9s:-100,100(-100.000000)
181:Player,BR:0cc/cc/cc/cc:2sJc,4cJd|/8sKdAh/9h/As:0,-0(20.096946)
182:BR,Player:0f:7s8c,3sTh|:50,-50(50.000000)
183:Player,BR:0cc/cc/cc/cc:4cJc,3c6h|/4d7dQs/6s/Kd:-100,100(-60.146353)
184:BR,Player:0r130c/cc/cc/cc:4c6c,5sKs|/7dJsAd/8c/9c:-230,230(-230.000000)
185:Player,BR:0cc/cc/cc/cc:5c8d,6c9d|/5d6sQs/2s/Th:-100,100(-79.913557)
186:BR,Player:0r200c/cr390c/cc/cr897f:7s7c,2sKh|/2c6cJs/As/2d:-690,690(-690.000000)
187:Player,BR:0cc/cc/cc/r200c:2dKc,3h6c|/3d4sKh/2h/6s:300,-300(-130.401445)
188:BR,Player:0r130c/cc/cc/cc:4s9c,5c6d|/6s9dKd/4c/Qd:230,-230(230.000000)
189:Player,BR:0cc/cc/cc/cc:3cJc,4h4d|/3h9hTs/Ac/Qc:-100,100(-38.458355)
190:BR,Player:0cc/cc/cr130c/cr690c:6hTd,2dKc|/7s9sKh/2h/Jc:-920,920(410.388033)
191:Player,BR:0cc/cc/cc/cc:9cKs,3c9s|/2s4h5s/2d/Jc:100,-100(89.037006)
192:BR,Player:0cc/cr130c/cc/cr460c:5s7c,3dJs|/6h7d8s/As/9d:690,-690(690.000000)
193:Player,BR:0cc/cc/cc/r130f:5dQc,3c9d|/2d5hAc/3s/Tc:100,-100(100.000000)
194:BR,Player:0r130c/cr299c/cc/cc:4h4d,2dTd|/9s9cAd/7c/Qc:529,-529(49.309931)
195:Player,BR:0cc/cc/cc/r300f:5cTs,QcAh|/QhKhAd/Jd/9h:100,-100(100.000000)
196:BR,Player:0f:2h8s,3sTd|:50,-50(50.000000)
197:Player,BR:0cc/cc/cc/r130c:6c9c,2sQd|/3h5hKd/Qh/7d:-230,230(-144.388701)
198:BR,Player:0r130c/cr299c/cr1058c/cc:3d5c,5sKd|/3h3cTs/6c/Js:1587,-1587(1587.000000)
199:Player,BR:0cr300f:5c9s,2d5h|:100,-100(100.000000)
200:BR,Player:0cc/cr200c/cc/cc:9dKh,5sTh|/3c4d8s/4s/Qh:300,-300(49.554625)
201:Player,BR:0cr200c/r900f:AdAc,6s7d|/4h8cQc:300,-300(300.000000)
202:BR,Player:0r130c/cc/cc/cc:5dJh,TdKh|/2s6cAc/7h/Qs:-230,230(-230.000000)
203:Player,BR:0cc/cc/cc/r130c:2hAd,4dKd|/3dQhQd/Ac/6h:230,-230(20.170248)
204:BR,Player:0r200c/cc/cr150c/cr2700c:QcKs,6c9d|/5sAhAd/Jd/As:3150,-3150(3150.000000)
205:Player,BR:0cc/cc/cc/r130c:2d8d,7d8h|/4h5s9d/Jc/8s:-230,230(-133.901128)
206:BR,Player:0r200c/cr600c/cr450c/cc:5dJd,QcAs|/9s9h9d/7c/Ks:-1350,1350(-1350.000000)
207:Player,BR:0cc/cc/cc/cc:2s6c,3sQc|/5c7dAs/6s/9h:100,-100(89.113043)
208:BR,Player:0r200c/cc/cr150c/cc:3h7h,6c8h|/8sThTc/Qh/Kd:-450,450(-244.994661)
209:Player,BR:0cr130c/cc/cc/cc:TdAd,8dAs|/5d5c6h/Jd/Qc:0,-0(-119.597474)
210:BR,Player:0r130c/cr460c/cc/cr1380f:6s9c,9sAs|/2c7c9h/5c/2s:-690,690(-690.000000)
211:Player,BR:0cr300f:7d8d,5c6d|:100,-100(100.000000)
212:BR,Player:0f:4hJc,3s8c|:50,-50(50.000000)
213:Player,BR:0cc/cc/cc/r130c:4cQh,6c7s|/6dQdAc/Tc/Jc:230,-230(-41.247128)
214:BR,Player:0r130c/cr299f:3cTc,8sTh|/5s6h9h:-230,230(-230.000000)
215:Player,BR:0cc/cc/cc/cc:2dKh,AhAc|/5sKdAs/Td/9s:-100,100(-96.464536)
216:BR,Player:0r130c/cr299c/cc/cc:2cTh,6s7s|/QhAdAc/9c/8c:529,-529(-175.029949)
217:Player,BR:0cc/cc/r300c/r800f:6c9s,2sKd|/5h6sJc/9h/4c:400,-400(400.000000)
218:BR,Player:0r130c/cc/cc/cr299c:3d7c,6cQd|/3c9sTc/7d/7h:529,-529(529.000000)
219:Player,BR:0cr300c/cc/r200c/cc:3h3c,8sTd|/4d5sKh/8c/6h:-600,600(-373.118382)
220:BR,Player:0r200c/cr390c/cc/cr897c:TsKh,8dTh|/4d5dAh/Tc/As:1587,-1587(815.430312)
221:Player,BR:0cc/r200c/r390f:6hJc,2d9h|/6dJsJd/Ts:300,-300(300.000000)
222:BR,Player:0f:2d6d,2sTc|:50,-50(50.000000)
223:Player,BR:0cr300f:9sAs,4d7h|:100,-100(100.000000)
224:BR,Player:0r200c/cc/cc/cc:6dQh,QsAs|/4s8cJd/2d/4c:-300,300(-300.000000)
225:Player,BR:0cr300c/r800c/r2400f:JhJd,9hTc|/6d8hTd/5h:1200,-1200(1200.000000)
226:BR,Player:0r200c/cc/cr390c/cr2070c:5cAs,3cTc|/2s6dKh/5h/Jd:2760,-2760(2687.411447)
227:Player,BR:0cr130c/r690f:9dAs,4dTh|/2d6s9s:230,-230(230.000000)
228:BR,Player:0r200c/cc/cc/cc:2s9c,9dJs|/4s5hKd/Ac/Qs:-300,300(-300.000000)
229:Player,BR:0cr300c/cc/cc/cc:QcKs,7hAc|/4c5sAs/7s/3d:-400,400(-290.177831)
230:BR,Player:0r130c/cc/cc/cr299f:JdKh,9cTs|/5d7cQs/7d/3d:-230,230(-230.000000)
231:Player,BR:0cc/cc/r130f:7dKc,3h9c|/4cQcKd/8d:100,-100(100.000000)
232:BR,Player:0r200c/cc/cr150c/cc:6d9s,4h4c|/5hJdAh/2s/2h:-450,450(-432.973629)
233:Player,BR:0cc/cc/r130c/r460f:5s6h,TsAs|/3d3c7h/9d/8c:230,-230(230.000000)
234:BR,Player:0r130c/cc/cr115c/cc:3h6s,3s5h|/8s9hJd/Tc/Ts:0,-0(-122.312227)
235:Player,BR:0cr200c/cc/r600f:8h9h,5cTh|/3sJsQd/Jd:300,-300(300.000000)
236:BR,Player:0r130c/cr299c/cr1058c/cr4761c:JhKd,6cTh|/3c4d9s/Jc/3d:6348,-6348(292.609799)
237:Player,BR:0cr200c/cc/r150c/r225f:4h4d,6cTs|/3h5hKh/2c/Jh:450,-450(450.000000)
238:BR,Player:0r130c/cc/cr299f:3hTc,8s8h|/2h9dKh/Ks:-230,230(-230.000000)
239:Player,BR:0cc/cc/r130f:2h8d,2s4s|/6h9hAh/7d:100,-100(100.000000)
240:BR,Player:0cc/cr130c/cc/cr299c:2d8s,4dTh|/5c8hJs/7s/Ac:529,-529(106.747473)
241:Player,BR:0cc/cc/cc/cc:2c3s,3c8h|/2s5hKc/7h/2h:100,-100(95.038721)
242:BR,Player:0cc/cr200f:7s9c,4c7c|/2c5cAh:-100,100(-100.000000)
243:Player,BR:0cc/cc/cc/r130c:3dTc,7s7d|/2s3hAs/Ah/6h:-230,230(-203.890248)
244:BR,Player:0r200c/cc/cc/cc:QcAc,7d8d|/JhQdAh/9d/8s:300,-300(300.000000)
245:Player,BR:0cr200c/cc/cc/cc:2c6c,7s7c|/2h3hKh/9s/8d:-300,300(-207.139842)
246:BR,Player:0r300c/cr520c/cc/cc:TsJh,3d5s|/7s8hKs/9c/Ac:920,-920(920.000000)
247:Player,BR:0cc/cc/cc/r130c:6h7d,3s7h|/7sJcAd/4c/8s:0,-0(-9.741236)
248:BR,Player:0f:9cAc,2s9d|:50,-50(50.000000)
249:Player,BR:0cc/cc/r130c/r115f:7cJd,8cTs|/2d7sAc/Qs/5s:230,-230(230.000000)
250:BR,Player:0cc/cr130c/cc/cc:5s5h,4c9d|/6hTsJd/3h/9h:-230,230(28.848369)
251:Player,BR:0cc/cc/r130c/cc:4c7s,TdKh|/QsKcAd/6s/3h:-230,230(-228.721923)
252:BR,Player:0r130c/cc/cr299c/cc:8hTs,3hQd|/7s7d8c/Ad/4d:529,-529(529.000000)
253:Player,BR:0cr200c/cc/r150c/r225c:3h6h,7cJd|/7dQsQh/9s/Kd:-675,675(52.645993)
254:BR,Player:0r130c/cc/cc/cc:7cKs,JhKh|/2d3sAd/Qs/2s:0,-0(44.781132)
255:Player,BR:0cc/cc/cc/cc:2d6c,8h9d|/3h7dJs/Qh/4d:-100,100(69.971599)
256:BR,Player:0f:6cKh,2c5s|:50,-50(50.000000)
257:Player,BR:0cc/cc/cc/cc:2sTc,3s8c|/4s4hKh/7s/Ks:100,-100(88.627488)
258:BR,Player:0r200c/cc/cr150c/cc:QcKh,3cQh|/9sTcJd/3d/6s:450,-450(450.000000)
259:Player,BR:0cc/cc/cc/cc:4s9d,4dKd|/3h5dAh/2c/Tc:0,-0(-93.015923)
260:BR,Player:0cc/cc/cr130f:4s8s,5hTc|/2h2d9s/Td:-100,100(-100.000000)
261:Player,BR:0cr200c/cc/r150c/r225f:7cKs,5h8s|/3d7s9d/Qh/2s:450,-450(450.000000)
262:BR,Player:0f:5hKd,2h3d|:50,-50(50.000000)
263:Player,BR:0cc/cc/cc/r130c:8cAs,4cKd|/5d7h7c/2h/Ac:230,-230(-29.999520)
264:BR,Player:0f:TcKh,2s8c|:50,-50(50.000000)
265:Player,BR:0cc/cc/cc/cc:5sTs,3cKh|/7d8dJc/Kd/Kc:-100,100(-90.509596)
266:BR,Player:0f:3cJc,2s6h|:50,-50(50.000000)
267:Player,BR:0cc/cc/cc/cc:2s7d,5hJc|/4cQsKs/8d/Ah:-100,100(32.871861)
268:BR,Player:0r130c/cc/cc/cr299f:KhAd,4d6h|/5c8sQs/4c/Qd:-230,230(-230.000000)
269:Player,BR:0cr300f:QsKc,2d9c|:100,-100(100.000000)
270:BR,Player:0r300c/cr800c/cr3600f:3h3d,9dTd|/6h7d8d/Kc:-1200,1200(-1200.000000)
271:Player,BR:0cr300c/cc/r200c/cc:JhKs,7c9s|/3s3d3c/Ah/Qd:600,-600(372.992622)
272:BR,Player:0cc/cr130f:6s7h,5sTd|/KdKcAh:-100,100(-100.000000)
273:Player,BR:0cr300f:JsKc,5h6d|:100,-100(100.000000)
274:BR,Player:0r130c/cc/cr299c/cr687c:4d4c,TdAh|/4s5d9c/Ac/Ks:1216,-1216(1216.000000)
275:Player,BR:0cr300f:6h6c,2c4h|:100,-100(100.000000)
276:BR,Player:0cc/cc/cc/cr130c:4s6h,4c8h|/2h4hJh/Th/5d:-230,230(132.480159)
277:Player,BR:0cc/cc/cc/cc:4sTh,6cKc|/JsJdQc/3s/3h:-100,100(-22.412191)
278:BR,Player:0cc/cr130c/cr690c/cc:5d8h,3h6c|/2d7d7c/5s/8s:920,-920(757.255798)
279:Player,BR:0cr300c/cc/cc/r520f:3dTd,7c9h|/3hQsAh/Th/Jd:400,-400(400.000000)
280:BR,Player:0r130c/cr460c/cc/cr897f:7d9d,QdAc|/7c8hQh/9h/8s:-690,690(-690.000000)
281:Player,BR:0cc/cc/cc/r130f:4cTh,2d6c|/7s7h7c/3h/4d:100,-100(100.000000)
282:BR,Player:0r130c/cc/cr299c/cr1587f:QsQh,9dJh|/8dTsJc/7s/5h:-529,529(-529.000000)
283:Player,BR:0cr600c/cc/cc/r350f:5h5c,2cQc|/5s6s7s/Kh/Js:700,-700(700.000000)
284:BR,Player:0cc/cc/cc/cr130c:7dQd,6dJh|/2d5sQc/8c/7s:230,-230(217.152204)
285:Player,BR:0cr600c/r910c/cc/cc:5c6s,5dAc|/7d7c9c/9h/Kc:-1610,1610(219.339840)
286:BR,Player:0r130c/cc/cr299c/cc:QsAs,TdQc|/8sTcKs/7c/5c:-529,529(-241.696278)
287:Player,BR:0cr300c/cc/cc/cc:9dAc,JhJc|/4cTcQs/Kc/5c:400,-400(-348.378278)
288:BR,Player:0r200c/cc/cc/cc:JdAd,3s3c|/5h7hAs/Qd/9s:300,-300(300.000000)
289:Player,BR:0cc/cc/r130c/cc:5c8s,3c6d|/6s7cAc/3s/Tc:-230,230(-216.667372)
290:BR,Player:0r130c/cc/cr115c/cc:JsQh,7dKc|/4d6c7c/Ac/4h:-345,345(-256.356553)
291:Player,BR:0cr200c/r390c/cc/r1380c:4c5c,3s6h|/3hTsTd/Kh/9h:-2070,2070(-402.321716)
292:BR,Player:0r200c/cc/cc/cr390c:4s8s,QsQd|/7d9sKh/As/4h:-690,690(-178.451083)
293:Player,BR:0cc/cc/r200c/r600c:3hAd,2dAc|/6c7hAs/4h/Qc:0,-0(-260.316605)
294:BR,Player:0r130c/cr460c/cc/cc:8dAc,7hKs|/5dJdQd/6s/Qc:690,-690(332.953567)
295:Player,BR:0cc/cc/cc/cc:6c8s,4cAs|/8cThJc/2d/Ah:-100,100(-85.405054)
296:BR,Player:0r200c/cc/cc/cc:7cJs,9sKd|/5h8hJc/3s/2d:300,-300(300.000000)
297:Player,BR:0cr600f:8sQc,3c4h|:100,-100(100.000000)
298:BR,Player:0r130c/cc/cc/cc:4h9c,6h8d|/4sTsQs/8c/Jc:230,-230(230.000000)
299:Player,BR:0cc/cc/cc/r200f:7dKs,7h8s|/5cKhAs/9s/8c:100,-100(100.000000)
300:BR,Player:0r200c/cc/cc/cr600c:TcJd,JhAs|/3d7cKs/Jc/8h:-900,900(242.997252)
301:Player,BR:0cc/cc/cc/cc:3sKs,3cJd|/5d6h8d/Th/Ts:100,-100(81.946015)
302:BR,Player:0r130c/cr299f:5c9d,3d4d|/3c4sKd:-230,230(-230.000000)
303:Player,BR:0cc/cc/r130f:8sJh,3d4h|/2s6cKc/6s:100,-100(100.000000)
304:BR,Player:0r200c/cc/cc/cc:2hQd,4cJs|/4h9cTc/Kh/5s:-300,300(-300.000000)
305:Player,BR:0cc/cc/cc/r300c:3s6d,3c8c|/9d9cQc/Jd/8d:-400,400(-284.094941)
306:BR,Player:0r130c/cc/cc/cc:2s8c,7sJc|/4cJsQc/Ac/Th:-230,230(-230.000000)
307:Player,BR:0cc/cc/cc/cc:2s7h,5hTs|/3d4s8h/Tc/Ah:-100,100(-82.922558)
308:BR,Player:0r200c/cr600f:2sQs,2hAd|/5h6cTh:-300,300(-300.000000)
309:Player,BR:0cc/cc/cc/cc:5d7c,QcAs|/5s7dAh/9s/9d:-100,100(-93.628854)
310:BR,Player:0cc/cr130c/cr460c/cc:2h6c,7hAs|/3h6hJc/5h/Tc:690,-690(-234.975950)
311:Player,BR:0cc/cc/cc/r130c:3dQd,JcAd|/6h9sAs/9d/3c:-230,230(-191.551591)
312:BR,Player:0r200c/cr390c/cc/cc:5c8h,6dAc|/2h5s8d/8s/Th:690,-690(690.000000)
313:Player,BR:0cc/cc/cc/cc:3d5s,5hJh|/7s8sJs/6s/Ad:100,-100(-7.578382)
314:BR,Player:0r200c/cr390c/cc/cc:4h5h,9dAd|/3h9hKc/Jd/Qh:690,-690(690.000000)
315:Player,BR:0cc/cc/r200f:3s8d,6h9s|/3h5dJs/Jh:100,-100(100.000000)
316:BR,Player:0r200c/cc/cc/cc:3dAc,JdQd|/4h7h9d/5h/4s:300,-300(-95.306892)
317:Player,BR:0cr200f:JcKd,2s7h|:100,-100(100.000000)
318:BR,Player:0r130c/cc/cr115c/cc:7dAs,6hAd|/8s8cJc/Ks/5c:0,-0(-258.798658)
319:Player,BR:0cc/cc/r600f:3s4h,4d6h|/2d5s6d/Kc:100,-100(100.000000)
320:BR,Player:0r200c/cc/cc/cr390f:6dJd,4dKc|/2d9sTc/Ks/Kd:-300,300(-300.000000)
321:Player,BR:0cc/cc/cc/r300c:9hTd,8cJh|/2sThKs/Kh/3h:400,-400(-117.425663)
322:BR,Player:0r130c/cc/cc/cc:2d4s,2sJs|/9hKsAd/Qd/5s:-230,230(-230.000000)
323:Player,BR:0cr600c/cc/cc/r1400c:9hTs,7d7c|/8h9sTd/5d/4c:2100,-2100(138.387681)
324:BR,Player:0r130c/cc/cr299c/cr1587f:3dAs,6d8c|/2d6sQs/8d/4c:-529,529(-529.000000)
325:Player,BR:0cc/cc/cc/cc:6hKc,3sQs|/4s8s8d/4d/Qc:-100,100(-64.685207)
326:BR,Player:0r130c/cc/cc/cr460c:2cKc,9hTc|/4h6d8c/5d/2d:690,-690(1.813932)
327:Player,BR:0cc/cc/r130f:4sJc,3h6s|/ThTdAc/9c:100,-100(100.000000)
328:BR,Player:0cc/cr130c/cc/cr690c:9dTd,3dTs|/2s7hQc/Tc/Qd:920,-920(920.000000)
329:Player,BR:0cc/cc/r200c/r600c:3s8h,TdJd|/4s6hAd/5h/Qs:-900,900(-562.152244)
330:BR,Player:0r130c/cr299c/cr264c/cc:5sAc,5c9c|/6c9sKs/3c/Td:-793,793(-793.000000)
331:Player,BR:0cc/cc/cc/cc:7cTh,5cQc|/2d6hKh/Qs/Jd:-100,100(-80.198382)
332:BR,Player:0r300c/cc/cr520c/cc:QsAd,5h7s|/9cAhAc/6d/7c:920,-920(920.000000)
333:Player,BR:0cc/cc/cc/cc:9hJc,5h8d|/6cJdAh/9c/5c:100,-100(-20.704903)
334:BR,Player:0r200f:2c7d,ThAh|:-100,100(-100.000000)
335:Player,BR:0cc/cc/cc/r300c:4h9d,3c7c|/5s7dQs/2h/5c:-400,400(-301.550933)
336:BR,Player:0r130c/cr460f:3c7s,8hQc|/2c6hTs:-230,230(-230.000000)
337:Player,BR:0cc/cc/cc/cc:6cQd,ThKd|/3h3dTc/Ks/5d:-100,100(-90.028842)
338:BR,Player:0r130c/cr299c/cr1058c/cc:6hAd,5sKs|/2s6cQd/Jd/7d:1587,-1587(475.200284)
339:Player,BR:0cc/cc/cc/cc:2d9c,7s8d|/4c8hQc/As/5h:-100,100(-73.992528)
340:BR,Player:0r130c/cc/cc/cr460c:2hJc,3d7d|/2c8s9h/As/8c:690,-690(-228.177812)
341:Player,BR:0cc/cc/cc/cc:3cTc,7sJd|/4d8sQs/As/Kh:-100,100(26.149195)
342:BR,Player:0r130c/cc/cc/cr299c:2s9h,ThAh|/2h6s6c/4d/8h:529,-529(372.844090)
343:Player,BR:0cc/cc/cc/r130c:5hTc,7sTh|/4hTdKh/6h/7d:-230,230(-210.826952)
344:BR,Player:0r130c/cr299f:3hTh,8sQc|/2c5d7s:-230,230(-230.000000)
345:Player,BR:0cr300c/cc/cc/r520c:TsJh,3cJd|/2s2cJc/Qd/8d:0,-0(-619.754768)
346:BR,Player:0r200c/cc/cr900f:4s9c,JcAd|/6d7dAh/Qs:-300,300(-300.000000)
347:Player,BR:0cc/cc/cc/cc:4hAd,7hKc|/3c6dTs/8c/5c:100,-100(45.587986)
348:BR,Player:0f:7hTs,2cJd|:50,-50(50.000000)
349:Player,BR:0cr130c/cc/cc/r690f:QcAc,5d8d|/3s4s8s/Ad/7c:230,-230(230.000000)
350:BR,Player:0r130c/cr299c/cc/cr687f:9dTs,5sJd|/5h5dJs/7s/2s:-529,529(-529.000000)
351:Player,BR:0cc/cc/cc/cc:8cTs,5c7s|/9s9hQd/Kh/3s:100,-100(74.473212)
352:BR,Player:0r130c/cc/cc/cr299f:2d9c,8dKh|/3d8sQd/5h/Th:-230,230(-230.000000)
353:Player,BR:0cc/cc/cc/cc:2s9c,2hKs|/6dQsKc/Jc/2d:-100,100(-97.739351)
354:BR,Player:0r130c/cc/cc/cr299f:3d8s,8c9c|/7dQcKh/6d/8d:-230,230(-230.000000)
355:Player,BR:0cc/cc/cc/r130f:4c6h,2d4d|/4sTdAc/Ks/Ad:100,-100(100.000000)
356:BR,Player:0r130c/cr460c/cr897f:2dKc,6sQh|/4c5s6c/7h:-690,690(-690.000000)
357:Player,BR:0cr300c/cc/cc/cc:9hJh,7d8d|/4s6sJs/Ks/9d:400,-400(400.000000)
358:BR,Player:0cc/cc/cr130c/cr460c:4c7s,4h6d|/7cJcQs/Qc/Kh:690,-690(383.412968)
359:Player,BR:0cc/cc/cc/cc:TdJs,4s8c|/5dQhKd/3s/Ad:100,-100(96.186059)
360:BR,Player:0r130c/cr299c/cc/cc:JsJd,9sQs|/3h7sKs/Ad/3d:529,-529(215.397999)
361:Player,BR:0cc/cc/r130c/r299f:5s7d,4sKh|/3d7sAh/4c/6d:230,-230(230.000000)
362:BR,Player:0r200c/cc/cc/cr390c:AhAc,6h7h|/5hThJc/5s/8d:690,-690(677.569015)
363:Player,BR:0cr300c/r520c/cc/cc:5cAd,4hKd|/3c5hQd/Th/Js:920,-920(646.740678)
364:BR,Player:0r200c/cr390c/cc/cc:TcQc,6d7h|/3d5h6s/3c/2c:-690,690(-412.232315)
365:Player,BR:0cc/cc/cc/cc:4sKs,5s8d|/3s7dTs/9h/9d:100,-100(79.510545)
366:BR,Player:0r130c/cr299c/cc/cc:4hQs,7d9d|/4s8hJd/Jh/Ks:529,-529(301.366122)
367:Player,BR:0cc/cc/cc/r200f:3hQd,6s7s|/6c8cTs/Qc/4s:100,-100(100.000000)
368:BR,Player:0r130c/cc/cc/cc:5cTs,9cKd|/7s7cTc/4c/6h:230,-230(230.000000)
369:Player,BR:0cc/cc/r130c/r115c:2dTc,3c6c|/6s7h8c/5d/Qc:-345,345(-324.357954)
370:BR,Player:0r130c/cc/cc/cc:KdAs,QhAc|/9sJhQs/8c/Th:230,-230(230.000000)
371:Player,BR:0cr300f:9cTc,4d8c|:100,-100(100.000000)
372:BR,Player:0r130c/cr299c/cr687c/cr1580c:3cKs,7sJs|/6s8s8c/6d/6h:0,-0(-1210.138355)
373:Player,BR:0cc/cc/cc/cc:4h8h,5s9d|/2d3h7s/8d/3s:100,-100(95.896108)
374:BR,Player:0r130c/cr299c/cr1058c/cc:5s6h,5c8d|/3c6dAs/Jd/Ts:1587,-1587(1082.962943)
375:Player,BR:0cc/cc/r130c/cc:5d7c,8cQd|/4c8sJs/Ac/5s:-230,230(-145.134762)
376:BR,Player:0r130c/cc/cc/cr299c:JsAs,6h6c|/2s2h8d/Ac/3s:529,-529(480.920092)
377:Player,BR:0cr200c/cc/cc/r150c:9hTs,6s7s|/4dTdKh/Ah/7h:450,-450(278.833865)
378:BR,Player:0r130c/cc/cr299c/cc:7s7c,8hJc|/3h4dKs/4h/Kd:529,-529(529.000000)
379:Player,BR:0cr300f:9sKc,3s4c|:100,-100(100.000000)
380:BR,Player:0f:5dAc,2s8d|:50,-50(50.000000)
381:Player,BR:0cc/cc/cc/cc:7dAc,JsKs|/5h6hQs/8d/Jc:-100,100(-77.854904)
382:BR,Player:0r200c/cr390c/cr1380f:3hTc,4cKh|/4hJdKs/6d:-690,690(-690.000000)
383:Player,BR:0cc/cc/cc/cc:3cJs,6h9c|/4s5cKh/Jd/Jc:100,-100(64.867783)
384:BR,Player:0r130c/cc/cr299c/cc:TsTd,4cQd|/3sJsAd/8d/Qc:-529,529(-469.887112)
385:Player,BR:0cc/cc/cc/cc:8sTc,4sTs|/3d4dKs/Qd/Qs:-100,100(-83.411359)
386:BR,Player:0r200c/cc/cc/cr390c:6s9s,4c5s|/6h7d8s/Ts/Qh:690,-690(690.000000)
387:Player,BR:0cc/cc/r300c/r1200c:6hQd,3cQs|/5d6dQc/8d/Ad:1600,-1600(365.716580)
388:BR,Player:0r130c/cc/cc/cr690c:7d9h,6sJc|/8c9sJs/Jh/5h:-920,920(-57.558472)
389:Player,BR:0cr130c/cc/r690f:7s9s,5s6c|/4sJdKs/2d:230,-230(230.000000)
390:BR,Player:0r130c/cr299c/cr1058c/cr4761c:ThAc,3cKh|/8dJhQs/Ad/5d:6348,-6348(5457.204472)
391:Player,BR:0cc/cc/r200f:9sKc,4d7h|/TcJcQd/Ah:100,-100(100.000000)
392:BR,Player:0f:3hQc,3s7d|:50,-50(50.000000)
393:Player,BR:0cc/cc/r130c/r690f:3dQc,4hJd|/2sJhKs/Td/As:230,-230(230.000000)
394:BR,Player:0r130c/cc/cc/cr299c:3hKc,9dJc|/7c9sKh/4d/Ts:529,-529(278.333110)
395:Player,BR:0cr300c/cc/cc/r520f:ThKh,3hTs|/4h6dAs/5h/Kc:400,-400(400.000000)
396:BR,Player:0r130c/cc/cc/cc:6dQd,2dAd|/4cJsKc/2h/6h:230,-230(225.620260)
397:Player,BR:0cc/cc/cc/cc:6cAh,JsAs|/2c3h4d/Kd/Ks:-100,100(-17.028775)
398:BR,Player:0r200c/cc/cc/cr390c:6h9h,6s8h|/2c7dTh/Ah/2s:690,-690(-170.131538)
399:Player,BR:0cc/cc/cc/r130c:4cQc,KdAh|/2s6sQd/4d/As:230,-230(-152.890699)
400:BR,Player:0r300f:4h7s,QhAc|:-100,100(-100.000000)
401:Player,BR:0cr300f:7h8s,2h4c|:100,-100(100.000000)
402:BR,Player:0r200c/cc/cc/cc:QhKs,6sAh|/8sThKd/9d/Td:300,-300(300.000000)
403:Player,BR:0cc/cc/cc/cc:4d9s,4c5c|/2s6h7s/2d/9h:100,-100(97.938546)
404:BR,Player:0cc/cc/cc/cr200c:7h9c,4c8d|/5dTdAd/5h/7s:300,-300(-95.020748)
405:Player,BR:0cc/cc/cc/cc:6d8s,8c9d|/8d9hTd/Jh/Kd:-100,100(-50.630761)
406:BR,Player:0cc/cr130c/cc/cc:6hKs,8dJc|/4c7cQh/Js/As:-230,230(-3.182738)
407:Player,BR:0cr200c/cc/cc/cc:6d7d,8hKd|/6s8sTs/7s/5c:300,-300(59.273430)
408:BR,Player:0r130c/cc/cc/cr299c:7d9c,5c7c|/2h5d8d/Ad/Kd:529,-529(402.580897)
409:Player,BR:0cr300f:7s9c,2h8h|:100,-100(100.000000)
410:BR,Player:0r130c/cc/cc/cr299c:7hKs,4c5c|/ThJdKh/7d/9c:529,-529(-184.775451)
411:Player,BR:0cc/cc/cc/cc:4cAs,5hAc|/6c9hJh/6d/5c:-100,100(-56.218193)
412:BR,Player:0r130c/cc/cr460f:3sKd,7sKs|/5h6sJd/8c:-230,230(-230.000000)
413:Player,BR:0cc/cc/cc/r130f:8hQd,2cAh|/4h7hTs/8s/Js:100,-100(100.000000)
414:BR,Player:0r130c/cr299c/cr687f:3sAc,JdQc|/2cTsKs/Qd:-529,529(-529.000000)
415:Player,BR:0cr300c/cc/r800c/r1560f:QsQc,4dAs|/2sTdTc/7s/5s:1200,-1200(1200.000000)
416:BR,Player:0r130c/cr460c/cc/cc:8h9h,5c8c|/2d4cQh/As/7s:690,-690(-97.149652)
417:Player,BR:0cr300c/r520c/cc/cc:8dKd,7hKs|/5dAhAd/6s/6c:0,-0(-481.566712)
418:BR,Player:0r130c/cr299c/cr1058f:8sQc,5cKc|/2hTsKs/5h:-529,529(-529.000000)
419:Player,BR:0cc/cc/r130c/r115f:8hJs,TdAd|/9cJhKs/7d/2s:230,-230(230.000000)
420:BR,Player:0r130c/cc/cc/cr299c:5d8d,9cJd|/3s5cQh/4c/2d:529,-529(529.000000)
421:Player,BR:0cr300c/r520c/cc/cc:9dTc,5cQh|/3s4c8h/Ad/Ac:-920,920(117.995144)
422:BR,Player:0cc/cr130c/cr690c/cc:4hQh,4cTh|/3s7dAs/Ad/3c:920,-920(912.593576)
423:Player,BR:0cr300c/cc/r800c/r1560c:QsQd,5s5c|/3h5d8h/3d/5h:-2760,2760(-2760.000000)
424:BR,Player:0r130c/cr299c/cr1058f:4dJd,7hJs|/7dJhQh/2c:-529,529(-529.000000)
425:Player,BR:0cc/cc/cc/cc:7d8h,2c6s|/3h8c9h/Jc/Tc:100,-100(80.084941)
426:BR,Player:0r130c/cc/cc/cc:2d5d,4s4h|/7cQcKc/Ah/Ad:-230,230(-230.000000)
427:Player,BR:0cc/cc/r130f:2cTd,5c9h|/3d8hQc/As:100,-100(100.000000)
428:BR,Player:0r130c/cr299c/cc/cc:2c5s,8cKs|/5d9dTc/9h/4c:529,-529(527.320667)
429:Player,BR:0cr200c/cc/cc/r600c:2d5h,6sAc|/8h9dQd/As/Jc:-900,900(-31.840377)
430:BR,Player:0r130c/cr299c/cc/cc:2sKc,7cAh|/6c7sKd/4d/Jh:529,-529(529.000000)
431:Player,BR:0cc/cc/cc/r200c:2h7s,6hKd|/3d6cAc/5d/5s:-300,300(76.432812)
432:BR,Player:0f:5dKs,3h8d|:50,-50(50.000000)
433:Player,BR:0cr200c/r600f:TdAs,5s7s|/JhQsKd:300,-300(300.000000)
434:BR,Player:0r130c/cr299c/cc/cc:5cTs,2s8s|/3s4h7s/9d/6d:529,-529(529.000000)
435:Player,BR:0cr200c/r600f:3h3c,ThQs|/3d6dKh:300,-300(300.000000)
436:BR,Player:0r130c/cc/cr460f:5h9c,8dTs|/4d6cAh/3c:-230,230(-230.000000)
437:Player,BR:0cr200c/cc/r150c/r225f:9hJc,2dJh|/3h4d9s/Ad/Ts:450,-450(450.000000)
438:BR,Player:0r130c/cr299c/cc/cc:7cJd,8c9c|/6s7hAd/6c/9s:-529,529(299.880539)
439:Player,BR:0cc/cc/cc/cc:2h5c,2d3s|/7h8s9c/Kd/Th:0,-0(85.350161)
440:BR,Player:0r300c/cc/cr800f:7sAh,5sKd|/4c9hTh/4d:-400,400(-400.000000)
441:Player,BR:0cc/r200c/cc/cc:6c8s,4dKd|/7hJcKs/2d/9d:-300,300(-300.000000)
442:BR,Player:0cc/cc/cc/cc:7c9s,3hQh|/7hJdAd/6h/6d:100,-100(87.519877)
443:Player,BR:0cc/cc/cc/cc:7cKs,3s3h|/5d6h7s/Qc/9c:100,-100(41.468257)
444:BR,Player:0r200c/cr900f:4s6d,8c9s|/7cTsQc:-300,300(-300.000000)
445:Player,BR:0cc/cc/cc/r130f:5hQs,4cQc|/ThTdTc/5s/Jc:100,-100(100.000000)
446:BR,Player:0cc/cr300c/cr2400c/cc:3c9d,TdJc|/5d9cAd/Qh/4d:2800,-2800(2800.000000)
447:Player,BR:0cc/cc/cc/cc:4d8d,5d7h|/3cJdKs/2c/9s:100,-100(95.460347)
448:BR,Player:0r200c/cc/cc/cr390f:3d8c,8hKd|/7cQdAh/Qc/As:-300,300(-300.000000)
449:Player,BR:0cc/cc/cc/cc:JhKc,3d9h|/2s4dAd/5s/3s:0,-0(8.345428)
450:BR,Player:0r130c/cc/cr115c/cc:TdJh,TsAs|/4sQcKc/Ks/Th:-345,345(260.903825)
451:Player,BR:0cr300c/r800f:7dJd,5hTc|/4d6d9c:400,-400(400.000000)
452:BR,Player:0r200c/cc/cc/cc:9h9c,7hQc|/3sJhAd/Jc/6d:300,-300(300.000000)
453:Player,BR:0cc/cc/cc/cc:2h6s,TdAc|/7c8hQs/3d/6d:100,-100(-3.655637)
454:BR,Player:0r130c/cr299c/cr687c/cc:6hJs,ThTc|/2c6cAh/Ac/7d:-1216,1216(-141.655447)
455:Player,BR:0cc/cc/r300c/cc:4s7d,KcAd|/3d6dJc/3s/9d:-400,400(-381.285537)
456:BR,Player:0r300c/cr520f:7dTs,9dKc|/3d5h9h:-400,400(-400.000000)
457:Player,BR:0cc/cc/r200c/r900f:JsKh,3hJc|/2d3s8c/Kc/8h:300,-300(300.000000)
458:BR,Player:0cc/cc/cc/cc:4hJs,2d2c|/9dTcQs/Ks/As:100,-100(100.000000)
459:Player,BR:0cr300c/r520c/r2760f:QcKc,8dQh|/7hJsKs/2h:920,-920(920.000000)
460:BR,Player:0cc/cc/cr200c/cr390f:KsAd,4cTd|/6c7c8s/Ac/5d:-300,300(-300.000000)
461:Player,BR:0cc/cc/cc/r130f:JdQs,6c9h|/8dJsKs/Kc/7s:100,-100(100.000000)
462:BR,Player:0r200c/cr390c/cc/cr897f:6cTd,8s8c|/5h6sQs/9d/3h:-690,690(-690.000000)
463:Player,BR:0cc/cc/cc/cc:3h4d,7cAs|/8sQhKd/3s/7h:-100,100(-70.273306)
464:BR,Player:0r130c/cc/cr460f:5h9d,4sAs|/6sJhAh/8s:-230,230(-230.000000)
465:Player,BR:0cc/cc/cc/cc:4h6c,2sQc|/9dTdKh/6d/8d:100,-100(80.973234)
466:BR,Player:0r200c/cc/cr390f:4c6s,6hTd|/5sKhAs/Jd:-300,300(-300.000000)
467:Player,BR:0cr300c/cc/r200c/r300f:7dAd,9cQd|/4s4c8c/Ah/Qs:600,-600(600.000000)
468:BR,Player:0f:TsJc,2d5h|:50,-50(50.000000)
469:Player,BR:0cc/cc/cc/cc:2sJc,8hAd|/5h7hTd/5c/8d:-100,100(-86.055554)
470:BR,Player:0cc/cc/cc/cc:2cKc,4d9c|/5s6hQc/Ts/4s:-100,100(-98.348509)
471:Player,BR:0cr600f:7cAh,3s5c|:100,-100(100.000000)
472:BR,Player:0r200c/cc/cc/cr390f:4c8c,7sTd|/2c5sQd/Ts/5h:-300,300(-300.000000)
473:Player,BR:0cr300f:8d9d,2sTh|:100,-100(100.000000)
474:BR,Player:0r130c/cr299c/cc/cc:7hKd,TdTc|/6s7sQh/Jh/5d:-529,529(231.793028)
475:Player,BR:0cc/cc/r130c/r115c:5h6d,ThJh|/8cTsTd/7d/7c:-345,345(-341.088221)
476:BR,Player:0f:9cQc,2c9h|:50,-50(50.000000)
477:Player,BR:0cc/r130c/r115c/r1035c:9hTd,4sJd|/QdAsAc/Ad/2s:-1380,1380(-1380.000000)
478:BR,Player:0f:KhAs,2d4s|:50,-50(50.000000)
479:Player,BR:0cr130c/cc/r115c/r172f:6c7c,8dQc|/2c7sTc/Ts/Jh:345,-345(345.000000)
480:BR,Player:0r300c/cc/cc/cc:3sKs,6sJd|/4h5h6h/Kh/Th:0,-0(-0.000000)
481:Player,BR:0cc/cc/cc/cc:2dKd,9s9d|/8cQsQh/4d/7d:-100,100(-83.300321)
482:BR,Player:0cc/cc/cc/cr300c:5hKs,9dAc|/2d5dKd/8d/5c:400,-400(400.000000)
483:Player,BR:0cc/cc/cc/cc:3sKh,8h8c|/2d7hJh/2c/Jc:-100,100(-87.883130)
484:BR,Player:0r130c/cc/cr299c/cr687c:3d3c,6dJc|/8c9sTs/Ks/3s:1216,-1216(120.414261)
485:Player,BR:0cr200c/cc/cc/r150c:4c7s,QhAd|/8sJcAh/2s/5s:-450,450(-341.066913)
486:BR,Player:0cc/cc/cc/cr200c:KhAh,2c3c|/4d9sKs/5h/Ad:-300,300(297.208660)
487:Player,BR:0cc/cc/cc/r200f:7sQs,8cTh|/2dQdKc/5s/9s:100,-100(100.000000)
488:BR,Player:0cc/cc/cc/cc:5c8d,7hJd|/7c9dQc/5s/Td:-100,100(35.581947)
489:Player,BR:0cc/cc/r130c/cc:6d9h,3dKd|/8d9cQh/5c/7c:230,-230(109.767575)
490:BR,Player:0cc/cc/cc/cr300f:4s9d,2d4d|/3h7h8s/9c/Jh:-100,100(-100.000000)
491:Player,BR:0cr200c/cc/cc/r390c:7sQc,9hKs|/ThQdKd/5c/6h:-690,690(-595.558513)
492:BR,Player:0r200f:2d4s,6dAc|:-100,100(-100.000000)
493:Player,BR:0cc/cc/r200c/r900f:2h9h,7cKs|/6cThKh/5c/4d:300,-300(300.000000)
494:BR,Player:0r130c/cr299c/cr1587c/cc:QsQd,7sJs|/2c8d9s/6c/Qc:2116,-2116(2116.000000)
495:Player,BR:0cr300f:TcQs,2c5s|:100,-100(100.000000)
496:BR,Player:0cc/cc/cc/cr200c:8sKc,7h9d|/5cJhQc/6s/Qh:300,-300(300.000000)
497:Player,BR:0cr130c/cc/cc/cc:5sAs,3d5c|/7sKhKc/6d/4d:-230,230(-204.507875)
498:BR,Player:0r130c/cr299c/cc/cc:5hAh,8s8c|/4sJhJd/Ks/2s:-529,529(-22.737569)
499:Player,BR:0cc/cc/r200c/r390f:4d9d,4hAh|/8d8cJd/6c/5c:300,-300(300.000000)
500:BR,Player:0r130c/cc/cc/cc:5d6s,2cJc|/2d7sAc/6d/4d:230,-230(215.810877)
501:Player,BR:0cr200c/cc/r150c/cc:5d5c,8hJd|/3dTdKh/3s/7h:450,-450(360.929712)
502:BR,Player:0r130c/cc/cr115c/cr448f:8cKs,4cQd|/2s3hAd/5d/2c:-345,345(-345.000000)
503:Player,BR:0cc/cc/cc/cc:3dJh,5d8d|/TdQsAh/6h/5s:-100,100(-23.090807)
504:BR,Player:0r200c/cc/cc/cr900f:3d4c,JsKc|/7sJdAh/Qs/Ks:-300,300(-300.000000)
505:Player,BR:0cc/cc/r200f:6d7h,2h6c|/3hQhAs/5c:100,-100(100.000000)
506:BR,Player:0r200c/cc/cr390c/cc:8cAs,7sAh|/6h6dAc/Td/4d:0,-0(482.316501)
507:Player,BR:0cr300c/r520c/r2760c/cc:7dKs,6c8s|/6dJhJc/2c/Ad:-3680,3680(-2167.759457)
508:BR,Player:0r200c/cr390c/cr1380f:9dQh,JhJd|/8hJcAc/3h:-690,690(-690.000000)
509:Player,BR:0cc/cc/cc/cc:7dQh,3d6d|/TcQcKs/Ad/Kd:100,-100(48.214955)
510:BR,Player:0r130c/cr690c/cr2760c/cc:3cQs,7cJc|/2c5d6s/4h/7d:3680,-3680(3208.064248)
511:Player,BR:0cc/cc/cc/cc:2dQc,3dQh|/2h3cKh/7s/6d:-100,100(-59.918442)
512:BR,Player:0r130c/cc/cr299f:2h7d,7cQh|/3s4c5s/4h:-230,230(-230.000000)
513:Player,BR:0cc/cc/cc/cc:6dKs,2cKh|/QcAhAc/2h/5h:-100,100(-70.690304)
514:BR,Player:0r300c/cc/cc/cr800f:6hKs,JcAh|/7hJhQd/4s/4d:-400,400(-400.000000)
515:Player,BR:0cc/cc/r130c/r115c:5sTh,3c8h|/3h7hQh/Tc/2d:345,-345(150.188974)
516:BR,Player:0r200c/cr390c/cr897f:2sQs,6cKs|/3s9cJc/3c:-690,690(-690.000000)
517:Player,BR:0cc/cc/cc/r130c:6hTd,4d7c|/6sTsAh/8s/5d:-230,230(-223.400956)
518:BR,Player:0r200c/cc/cc/cr900f:5dQh,4sKd|/3hJhKh/8s/Td:-300,300(-300.000000)
519:Player,BR:0cc/cc/r130c/cc:2h9h,9sJd|/8dKsAc/3c/Th:-230,230(-33.502118)
520:BR,Player:0r130c/cr299c/cc/cc:8hKh,6hJs|/2s6sKc/9c/Ks:529,-529(529.000000)
521:Player,BR:0cr300c/cc/r200f:TsAc,3h9h|/7sJsJc/8d:400,-400(400.000000)
522:BR,Player:0r130c/cr299c/cr1587c/cr2750c:9cQd,ThKd|/4d7sQs/2h/Jd:4866,-4866(3633.196796)
523:Player,BR:0cc/cc/cc/r130c:2hKd,5s5h|/3sQdAd/8d/4d:230,-230(14.795232)
524:BR,Player:0r130c/cc/cc/cc:5hQd,6h6c|/4h4d7s/8s/Kc:-230,230(-226.576240)
525:Player,BR:0cr200c/cc/r150c/r900f:8hTh,6sTd|/3d7sTs/3c/8s:450,-450(450.000000)
526:BR,Player:0f:3d6h,3s7c|:50,-50(50.000000)
527:Player,BR:0cc/cc/cc/r130c:3dQs,9dJc|/4d4cQc/5s/Th:230,-230(90.700533)
528:BR,Player:0f:3dKs,4h9d|:50,-50(50.000000)
529:Player,BR:0cc/cc/cc/cc:7hQc,7sJc|/2s9cJs/7d/8c:-100,100(-85.206215)
530:BR,Player:0cc/cr130c/cr690c/cc:6hQh,2h4h|/3h6s8c/Ah/6d:920,-920(920.000000)
531:Player,BR:0cc/cc/cc/r130c:3cJs,6hKc|/TcKdAc/4s/5c:-230,230(-217.356115)
532:BR,Player:0f:2sAd,2h5c|:50,-50(50.000000)
533:Player,BR:0cr200c/cc/cc/r150f:3s6h,4dAc|/5s6cKs/3c/8d:300,-300(300.000000)
534:BR,Player:0r130c/cr690c/cc/cr1840c:2hKh,3h4c|/6cJcAd/6s/9h:2760,-2760(1426.175222)
535:Player,BR:0cc/cc/r130c/r299c:2s9h,3h6h|/3d5c9d/6c/6s:-529,529(-526.123130)
536:BR,Player:0cc/cr200c/cr900f:3d8c,2dKs|/2s3hKc/Js:-300,300(-300.000000)
537:Player,BR:0cc/cc/cc/cc:4c9s,5sAh|/4dTdJd/2c/3d:-100,100(-53.667481)
538:BR,Player:0cc/cr130c/cc/cc:3dTd,6hQc|/3s6sKs/2d/Ts:230,-230(230.000000)
539:Player,BR:0cc/cc/r300c/r800c:6dJh,2d8c|/7hTdQh/8h/Ts:-1200,1200(-924.538225)
540:BR,Player:0r130c/cr299c/cc/cr687c:4s8h,6hJc|/7d9hTh/6c/6d:1216,-1216(838.905897)
541:Player,BR:0cc/cc/r200c/r390f:5d6c,6hTd|/2hTcJs/3c/8d:300,-300(300.000000)
542:BR,Player:0r130c/cc/cc/cr460c:3sQd,7hKd|/7c9sQs/4c/2c:690,-690(513.847061)
543:Player,BR:0cr300f:5s8d,2c6s|:100,-100(100.000000)
544:BR,Player:0r130c/cr299c/cr687c/cc:3cJc,4cJh|/5s9hTc/3d/Js:1216,-1216(1216.000000)
545:Player,BR:0cc/cc/cc/r130f:2s3c,3dKc|/2d9h9c/Ac/Js:100,-100(100.000000)
546:BR,Player:0cc/cc/cc/cc:7c8c,2hAs|/JsJhQc/9c/7d:100,-100(97.450632)
547:Player,BR:0cc/cc/r600c/r350f:5cJd,5dQc|/6d8dAs/2d/Jh:700,-700(700.000000)
548:BR,Player:0r130c/cc/cr299c/cr1587f:4s9c,TsQs|/4h9dJh/8h/2s:-529,529(-529.000000)
549:Player,BR:0cr600c/cc/cc/r140f:KhAc,9dAs|/7c8s8h/Tc/3s:700,-700(700.000000)
550:BR,Player:0r130c/cc/cc/cc:2h6h,6dJh|/JdQsAd/Th/Ts:-230,230(-230.000000)
551:Player,BR:0cr130c/cc/cc/cc:5h5c,5sTc|/TsKsAc/6c/Qc:-230,230(-115.280873)
552:BR,Player:0r130c/cc/cc/cc:JsQs,3sAd|/5dThKh/4s/5s:-230,230(-135.732674)
553:Player,BR:0cr300c/r520c/cc/cc:6hQh,TcKc|/7h7cJc/8s/Kh:-920,920(-877.460572)
554:BR,Player:0r130c/cr299c/cc/cr1058f:JsAs,7c8c|/6s6d8h/5h/9h:-529,529(-529.000000)
555:Player,BR:0cc/cc/cc/cc:2s7h,2c3s|/4s7cTc/6c/8s:100,-100(98.442867)
556:BR,Player:0r130c/cr299f:3c6c,2sKc|/4h4d9c:-230,230(-230.000000)
557:Player,BR:0cr300c/cc/r200c/r780c:9dJs,5hQd|/7s9sQc/3h/6h:-1380,1380(-1349.463403)
558:BR,Player:0f:5cAh,2sTh|:50,-50(50.000000)
559:Player,BR:0cc/cc/cc/r130c:9sKd,2dKc|/3sQhQc/Js/Th:230,-230(64.483120)
560:BR,Player:0r300c/cc/cc/cc:6sJs,JhAh|/4sTdQh/6d/Th:400,-400(400.000000)
561:Player,BR:0cr300c/r520c/r1196c/r423f:4c6c,8cKd|/3d5c7d/Ac/Js:2116,-2116(2116.000000)
562:BR,Player:0cc/cc/cc/cc:8cTs,2sJs|/6sQhAh/3h/Kd:-100,100(-99.608618)
563:Player,BR:0cc/cc/r200c/r390f:3hJd,2s4s|/5h6sJs/2d/9h:300,-300(300.000000)
564:BR,Player:0r130c/cc/cc/cr299c:3cQh,5dAd|/8s9cAc/3h/4h:-529,529(-173.924632)
565:Player,BR:0cc/cc/r200c/r150c:2s8d,3cJh|/3h4h6d/8s/9d:450,-450(295.316330)
566:BR,Player:0r130c/cr299c/cc/cc:2d5h,9s9h|/5c7h8d/Ts/Kc:-529,529(-198.678079)
567:Player,BR:0cc/cc/cc/r130c:3hQd,6cJd|/4c5dTh/Jc/Ac:-230,230(-155.629857)
568:BR,Player:0cc/cr130c/cc/cr460c:QhAc,4c8h|/2d5cQd/2c/Kc:690,-690(446.384428)
569:Player,BR:0cc/cc/cc/r200f:5dQs,2dAc|/3c8s9h/5s/8c:100,-100(100.000000)
570:BR,Player:0r200c/cr390c/cc/cc:6sKc,9hQc|/7s7dJh/5s/Jd:690,-690(86.741006)
571:Player,BR:0cc/cc/r130c/r115f:8hTs,7sKh|/3d9dTd/5s/4c:230,-230(230.000000)
572:BR,Player:0r130c/cr460f:4h7d,3s3d|/2hKhKc:-230,230(-230.000000)
573:Player,BR:0cr300c/r520c/cc/cc:2s2h,9sAh|/3hJsKd/7d/9d:-920,920(-753.487422)
574:BR,Player:0r200c/cc/cc/cc:7c9d,3dKc|/4cQcAs/9s/2s:300,-300(200.267962)
575:Player,BR:0cr300c/cc/cc/r800c:4c6h,5h5d|/7h9cJh/2s/3h:-1200,1200(-694.012047)
576:BR,Player:0f:7hKs,2s6h|:50,-50(50.000000)
577:Player,BR:0cr300c/r520c/cc/cc:8dTh,TsKs|/3sJhQs/2s/Qc:-920,920(-876.388667)
578:BR,Player:0r130c/cr299c/cr1587f:6cJc,9sKd|/4sTsKh/9c:-529,529(-529.000000)
579:Player,BR:0cc/cc/r130c/r299f:3c7h,3sAc|/2s4d6c/6s/8c:230,-230(230.000000)
580:BR,Player:0r200c/cc/cc/cr390f:3c9h,4d6h|/8sTsKs/8d/3d:-300,300(-300.000000)
581:Player,BR:0cc/cc/cc/cc:3sKs,2hJh|/2s5s6s/4c/4h:100,-100(20.501592)
582:BR,Player:0cc/cc/cc/cc:8cTh,2cQh|/6c7s7h/As/Js:-100,100(-100.000000)
583:Player,BR:0cr300c/cc/r520c/r184c:7d9s,JsKd|/2s8dTs/Jh/9c:1104,-1104(809.345522)
584:BR,Player:0r130c/cr299c/cr264c/cr1030c:3hAc,2dTd|/6cKhKc/7s/8d:1823,-1823(1823.000000)
585:Player,BR:0cc/cc/cc/cc:6dAh,5c7c|/3d8sTh/Qh/Jd:100,-100(76.476618)
586:BR,Player:0r130c/cr299c/cr687f:8hJd,7sQh|/5s9cQs/7h:-529,529(-529.000000)
587:Player,BR:0cr200c/cc/r390c/r345c:QhAc,QcAh|/8dJdKc/Ts/9d:0,-0(-889.610040)
588:BR,Player:0r200c/cr600c/cc/cc:TsTh,TcKc|/2h5d8s/9h/4d:900,-900(900.000000)
589:Player,BR:0cc/cc/cc/cc:JcQh,3cKc|/2s2c9h/6s/3s:-100,100(-69.639368)
590:BR,Player:0r130c/cr299c/cr1587f:2s7c,JsAs|/2d8dAc/Tc:-529,529(-529.000000)
591:Player,BR:0cr130c/r299c/r105c/r317c:4c5d,8dKd|/3cKsKc/Jc/3h:-951,951(-951.000000)
592:BR,Player:0r130c/cc/cr299c/cc:7s7h,ThAh|/5sJsJc/Jh/Qs:529,-529(509.251098)
593:Player,BR:0cr130c/r299c/cc/cc:7cTc,2d5s|/3d5d7h/8s/6c:529,-529(215.881054)
594:BR,Player:0r130c/cc/cr690c/cc:4d4c,TcKc|/2s8hQs/9d/4s:920,-920(920.000000)
595:Player,BR:0cc/cc/cc/cc:2c8c,ThKc|/6h9dQd/2d/Kh:-100,100(-75.831277)
596:BR,Player:0r130c/cr299c/cc/cr687c:4d7s,2hAh|/2c3d5c/Ad/7c:1216,-1216(561.433600)
597:Player,BR:0cc/cc/cc/cc:3h5d,2c6h|/3sTcQc/9d/Qh:100,-100(82.572881)
598:BR,Player:0f:2c4d,2h8d|:50,-50(50.000000)
599:Player,BR:0cc/cc/cc/r130c:7c9s,2h4h|/4s9dJs/8d/Ac:230,-230(62.729068)
600:BR,Player:0f:9hQd,2h3d|:50,-50(50.000000)
601:Player,BR:0cc/cc/r300f:9sTc,2c5c|/7c8sJs/6s:100,-100(100.000000)
602:BR,Player:0r200c/cc/cc/cr390f:KhAd,3dQh|/4s6s8c/7s/Qd:-300,300(-300.000000)
603:Player,BR:0cc/cc/cc/r130c:2s3d,5cKc|/4cTdAh/3s/4d:230,-230(-6.739888)
604:BR,Player:0r200c/cr390c/cc/cc:TsTh,5h9h|/4s6cJc/Kh/As:690,-690(359.238944)
605:Player,BR:0cc/cc/cc/cc:3dAc,2dTc|/4s4hQh/8d/4c:100,-100(59.862236)
606:BR,Player:0r130c/cr299c/cr687c/cr2432f:6cKd,JhQc|/TsQsQh/6d/6s:-1216,1216(-1216.000000)
607:Player,BR:0cc/cc/r130c/cc:6c8h,2cJc|/4d5dQh/Js/Ks:-230,230(-113.218181)
608:BR,Player:0cc/cc/cc/cc:6dAd,4cTs|/7dJdKh/Ac/8d:100,-100(100.000000)
609:Player,BR:0cr300c/cc/cc/cc:4h5s,6d9h|/5h6c9c/Jh/Qs:-400,400(-341.525575)
610:BR,Player:0r130c/cc/cc/cr299f:5d6s,4cQd|/5c8cTc/3c/Qh:-230,230(-230.000000)
611:Player,BR:0cc/cc/cc/cc:2cKd,QhKc|/9cTdJd/Ks/As:-100,100(-95.831960)
612:BR,Player:0r130c/cc/cc/cr299c:7sKc,5c6d|/5d6h7d/3d/7c:529,-529(509.976750)
613:Player,BR:0cc/cc/cc/cc:3s8c,QcAs|/6h8hKh/Jh/4c:100,-100(80.225107)
614:BR,Player:0r130c/cc/cc/cc:7sAc,5cAs|/7d9dTh/Qh/9s:230,-230(218.880452)
615:Player,BR:0cc/cc/cc/r130c:8cJs,2hQs|/4hTdQc/6s/8h:-230,230(-147.702808)
616:BR,Player:0r200c/cr390c/cr897f:3dKd,6hJc|/2h6dJs/Qc:-690,690(-690.000000)
617:Player,BR:0cc/cc/r130f:4sTd,4d7d|/5h9hKd/Jh:100,-100(100.000000)
618:BR,Player:0r200c/cr900f:9sTh,QdAd|/4hKcAs:-300,300(-300.000000)
619:Player,BR:0cr300f:7cJs,2c3c|:100,-100(100.000000)
620:BR,Player:0r130c/cc/cc/cc:7sKh,5s8h|/5d7hQh/Jh/As:230,-230(211.409219)
621:Player,BR:0cc/cc/cc/r130c:5h8s,4dJd|/2c5dKd/9c/4c:230,-230(16.728518)
622:BR,Player:0r130c/cc/cr115c/cr1035c:6dKh,ThTc|/4hAhAd/Jh/2h:1380,-1380(1379.405584)
623:Player,BR:0cc/cc/cc/cc:2d3s,TsTd|/9hThKh/6d/Tc:-100,100(-100.000000)
624:BR,Player:0r130c/cr299c/cc/cc:AsAd,TcQc|/2d9s9d/8d/Qh:529,-529(529.000000)
625:Player,BR:0cc/cc/cc/cc:6c8s,4h6d|/2s5cJs/5d/Ac:100,-100(100.000000)
626:BR,Player:0cc/cr200c/cr600f:3sKs,2h7h|/3c6d9h/4s:-300,300(-300.000000)
627:Player,BR:0cc/cc/cc/r130c:3s9h,QsAc|/3h9s9c/4s/6c:230,-230(45.687825)
628:BR,Player:0r130c/cr299c/cc/cc:2dAc,3cKd|/4h9s9h/Js/4d:529,-529(238.525429)
629:Player,BR:0cc/cc/r130c/cc:5h8c,3s6s|/4cJdQs/6h/Jc:-230,230(-125.874977)
630:BR,Player:0r130c/cr299f:2s8h,7cTc|/5h7hJd:-230,230(-230.000000)
631:Player,BR:0cc/cc/r130f:5sKh,2h3h|/8d8cKd/9h:100,-100(100.000000)
632:BR,Player:0r200c/cc/cc/cc:7cTd,QhAh|/3c6c8d/2c/4c:300,-300(300.000000)
633:Player,BR:0cc/cc/cc/r130c:6d9c,6cJs|/2sKdAs/Td/7d:-230,230(28.090331)
634:BR,Player:0r130c/cc/cc/cc:3c5s,4d8c|/4hJhQh/2s/9s:-230,230(-230.000000)
635:Player,BR:0cc/cc/cc/cc:5sQc,JcQh|/3s6hAc/6d/7h:-100,100(-4.123183)
636:BR,Player:0r130c/cc/cc/cr299c:ThJs,5h6c|/2hJhQh/8c/3d:529,-529(446.568996)
637:Player,BR:0cc/cc/cc/r130c:3s6d,5dJd|/6s9sQh/9h/Ks:230,-230(19.150955)
638:BR,Player:0cc/cr130c/cr115c/cr690c:3c8d,4h8c|/6h7s9h/5d/6s:0,-0(-0.000000)
639:Player,BR:0cc/cc/cc/cc:4h8s,5c9s|/2h5hKs/Js/Qh:-100,100(-42.224973)
640:BR,Player:0r130c/cr299c/cc/cc:6d9c,8hTh|/2dJdAs/Ad/4s:-529,529(-238.261208)
641:Player,BR:0cr130c/cc/cc/r299f:TsTh,8c9c|/7sJcAd/5d/9s:230,-230(230.000000)
642:BR,Player:0r200c/cr390f:2sTc,7dTh|/5h8sAc:-300,300(-300.000000)
643:Player,BR:0cr130c/cc/cc/cc:ThAd,6dAh|/2c5h9s/Jh/Qs:230,-230(44.978577)
644:BR,Player:0r130c/cc/cc/cc:9cJh,4sAc|/2s6c9h/8h/Td:230,-230(230.000000)
645:Player,BR:0cr300c/r520c/r1840c/r3588f:JsJd,9cAd|/2s3hTh/8s/6d:2760,-2760(2760.000000)
646:BR,Player:0r200c/cc/cc/cc:JsQh,2sQc|/5s7dKd/Ac/As:300,-300(-75.894130)
647:Player,BR:0cr300c/r4800f:8s9c,QcKc|/3s6h8d:400,-400(400.000000)
648:BR,Player:0r300c/cr520c/cc/cc:TdAc,8hKs|/4c9s9d/8s/Qs:-920,920(26.466189)
649:Player,BR:0cc/cc/r130c/cc:3h9d,2h9c|/2sJdAc/7c/Ad:-230,230(-205.655567)
650:BR,Player:0cc/cr300f:3c8h,7h8c|/2s6hTh:-100,100(-100.000000)
651:Player,BR:0cc/cc/cc/r130c:3dTs,TdQd|/6s8cJs/7d/Ks:-230,230(32.488108)
652:BR,Player:0cc/cr130c/cr460c/cc:6hAd,6dQc|/5s9hJs/Kh/3s:690,-690(34.769817)
653:Player,BR:0cr200c/cc/r390c/r897c:7cJd,2d3d|/2sThJh/3s/9c:-1587,1587(-668.124795)
654:BR,Player:0f:JcQh,2hJd|:50,-50(50.000000)
655:Player,BR:0cr300c/cc/cc/r1200f:8dAc,2sJc|/2d4dAs/6s/Ad:400,-400(400.000000)
656:BR,Player:0cc/cr130c/cr460c/cc:7cAc,3hKd|/3s9h9d/2c/Jd:-690,690(-690.000000)
657:Player,BR:0cc/cc/cc/cc:3hAc,4dQs|/8dJsKd/Jd/Ts:100,-100(22.671709)
658:BR,Player:0r130c/cc/cc/cr299c:7hAh,8cTh|/3h6hQh/Ac/Tc:529,-529(529.000000)
659:Player,BR:0cc/cc/cc/cc:4cTs,8dAs|/7sKhKc/3c/3h:-100,100(-66.539861)
660:BR,Player:0r130c/cc/cc/cr299c:QcKd,JdQs|/2s2dJs/Kc/5s:529,-529(446.623602)
661:Player,BR:0cc/cc/cc/cc:6sTh,3hTs|/3cQhQd/5s/Ks:-100,100(-68.068328)
662:BR,Player:0cc/cr130c/cr460c/cr897c:KcAh,ThAc|/8hQhAd/4c/7c:1587,-1587(1479.744055)
663:Player,BR:0cr200c/cc/cc/r150f:5s7d,6sQd|/5d9cJc/8d/2h:300,-300(300.000000)
664:BR,Player:0cc/cr130f:6s8c,3sTc|/JhKdKc:-100,100(-100.000000)
665:Player,BR:0cr300c/cc/r200c/cc:6c9c,3dJd|/2s7h9h/Ks/Qs:600,-600(491.611545)
666:BR,Player:0r130c/cc/cc/cc:4cJd,3s3d|/TdJhQc/6s/7h:230,-230(230.000000)
667:Player,BR:0cr300c/cc/r200c/r780f:2sTs,3sKs|/3d9hJc/Th/Jd:600,-600(600.000000)
668:BR,Player:0r130c/cc/cr690f:5d9c,5hAd|/7cJhAh/Ts:-230,230(-230.000000)
669:Player,BR:0cc/cc/cc/cc:7sAc,4sTs|/9d9cJc/7d/3h:100,-100(76.719233)
670:BR,Player:0r200c/cc/cr150c/cc:2cAs,JhAh|/5s6hKd/5d/Ks:0,-0(155.216442)
671:Player,BR:0cr300c/cc/r200c/r1200c:6s6d,9sTh|/2cJsKc/Jc/Kh:-1800,1800(-564.587616)
672:BR,Player:0cc/cc/cr130c/cr460c:JsKc,3sQh|/JhQsKs/3h/As:690,-690(53.869123)
673:Player,BR:0cr300c/r520c/cc/cc:8hAh,QcKc|/4s9dAc/9c/Jc:-920,920(-891.784520)
674:BR,Player:0r130c/cc/cc/cc:6h7c,5dQs|/3d4c6c/5c/2c:230,-230(230.000000)
675:Player,BR:0cr130c/cc/cc/cc:6cAc,9hAd|/8s9dKc/Ts/Qd:-230,230(-186.430664)
676:BR,Player:0r300c/cr520c/cc/cr1196c:5dQh,5hTd|/2h2d4c/4s/9d:2116,-2116(1640.298192)
677:Player,BR:0cr200c/cc/r900f:5d8d,2c6c|/8sQhAd/5s:300,-300(300.000000)
678:BR,Player:0r200c/cc/cr390c/cr897f:QcKh,6dAs|/2cKcAc/5s/5d:-690,690(-690.000000)
679:Player,BR:0cr200c/cc/r150c/r585f:8dAd,8hKc|/5c8sQs/5d/4d:450,-450(450.000000)
680:BR,Player:0r130c/cc/cc/cc:7sTd,5c9d|/5h7cQd/2c/6h:230,-230(230.000000)
681:Player,BR:0cc/cc/cc/cc:5h8d,4h9h|/3d8h9s/Th/Ks:-100,100(-68.073504)
682:BR,Player:0r300c/cr520c/cr2760c/cr7360c:4cQc,2c7c|/3c6hJs/Qs/3s:11040,-11040(9349.563319)
683:Player,BR:0cc/cc/cc/r130c:4s8h,9hKs|/2cAsAc/Ah/9s:-230,230(-186.183046)
684:BR,Player:0r200c/cr390c/cc/cr897c:3dKh,6dTs|/5s8cQh/Qc/5c:1587,-1587(157.133445)
685:Player,BR:0cc/cc/cc/cc:JcQh,4c7d|/2c7sKd/9c/6h:-100,100(-67.556842)
686:BR,Player:0r130c/cc/cr299c/cr1058c:KsAh,3s7s|/5h9hAd/Td/2d:1587,-1587(1199.703612)
687:Player,BR:0cc/cc/cc/cc:3s5d,6hAh|/3d8c9h/Td/Qc:100,-100(32.589756)
688:BR,Player:0cc/cr130c/cc/cc:2sAd,6c7s|/3c9cQd/6s/5d:-230,230(-174.631344)
689:Player,BR:0cc/cc/cc/cc:3h9d,2d8c|/2h7cTc/Qh/Kh:-100,100(-16.747638)
690:BR,Player:0r130c/cc/cc/cc:6cQs,3dAh|/2d2c9d/Qh/9h:230,-230(230.000000)
691:Player,BR:0cr300c/cc/cc/cc:TdAh,8dJs|/6hJhQd/Tc/9c:-400,400(-390.972803)
692:BR,Player:0r130c/cc/cc/cc:KsKd,7hQs|/5c7c8s/6h/3h:230,-230(207.855996)
693:Player,BR:0cr200c/cc/r150c/cc:4s8h,2cJc|/3d7hJs/Kd/4d:-450,450(-393.278261)
694:BR,Player:0r130c/cc/cc/cc:3cAh,JdAd|/6sThKs/5d/4d:-230,230(-190.727050)
695:Player,BR:0cr300c/r520c/r2760c/r16320f:KcAd,9h9c|/8sAsAh/3c/Kd:3680,-3680(3680.000000)
696:BR,Player:0r200c/cc/cc/cc:9hQh,6hAh|/4d7c8h/9d/6s:300,-300(177.375363)
697:Player,BR:0cc/cc/r200c/r150f:3d9s,7cQh|/2s4c9c/3s/5d:300,-300(300.000000)
698:BR,Player:0r130c/cc/cc/cr460f:2cKs,2s2h|/4d5sJs/Tc/2d:-230,230(-230.000000)
699:Player,BR:0cc/cc/r200c/r600f:3cTd,7dTs|/3h5hTh/Qs/Ac:300,-300(300.000000)
700:BR,Player:0r130c/cr460c/cc/cr2070f:8h9c,TcQd|/7h8cTh/2c/Ts:-690,690(-690.000000)
701:Player,BR:0cc/cc/r130c/r115f:6cTc,QhAs|/3d5d9s/Js/Th:230,-230(230.000000)
702:BR,Player:0r200c/cc/cr150c/cr900f:7sJh,2cAs|/4h4d5s/Ah/9c:-450,450(-450.000000)
703:Player,BR:0cc/cc/r130f:9sJc,5c6c|/3c4dKd/Td:100,-100(100.000000)
704:BR,Player:0cc/cr130f:4c9h,3cAd|/6c8d8c:-100,100(-100.000000)
705:Player,BR:0cc/cc/cc/cc:9sQh,2h9d|/3s5cKs/4h/2s:-100,100(49.970181)
706:BR,Player:0r130c/cc/cr115c/cr2070c:QsQc,3sKc|/6c8dQh/4c/2c:2415,-2415(-205.873279)
707:Player,BR:0cc/cc/cc/r130f:2s8c,TsQd|/5dKcAs/8h/5c:100,-100(100.000000)
708:BR,Player:0r130c/cc/cr115c/cc:JhQc,7s7c|/ThJsKd/Ks/Jd:345,-345(345.000000)
709:Player,BR:0cr200c/cc/r150c/r585f:7d8h,2d6d|/4h8c9c/6h/Tc:450,-450(450.000000)
710:BR,Player:0r130c/cc/cc/cr299c:TdKh,8hKd|/QhAhAd/Qc/4d:0,-0(-3.429574)
711:Player,BR:0cr300c/r800f:8dAh,8cJc|/4hTcAs:400,-400(400.000000)
712:BR,Player:0r200c/cc/cc/cr390c:AsAc,TsTh|/3s8dKd/Jh/6c:690,-690(670.777895)
713:Player,BR:0cr130c/cc/cc/cc:9dAh,6s9s|/7d8hJs/3h/8c:230,-230(230.000000)
714:BR,Player:0r130c/cc/cc/cc:3sTd,2h9h|/2d4cTs/6s/Jh:230,-230(230.000000)
715:Player,BR:0cr200c/cc/cc/cc:KhAc,2dJh|/4c8dJc/6d/Td:-300,300(-245.378324)
716:BR,Player:0r130c/cr299c/cc/cc:7cQd,6s9c|/5s8cJs/4c/8s:529,-529(-440.090480)
717:Player,BR:0cc/cc/r130c/cc:3d4h,QcAh|/3c5dTh/2s/9s:230,-230(76.871092)
718:BR,Player:0r130c/cr299f:2c6s,9dTs|/3s4cAs:-230,230(-230.000000)
719:Player,BR:0cr300c/cc/r800c/cc:6c9c,7dKh|/2s3h8s/Ts/Jd:-1200,1200(199.489078)
720:BR,Player:0r200c/cc/cr150c/cr900c:7cTd,4hQh|/3c7d9c/Th/Qd:1350,-1350(1307.063002)
721:Player,BR:0cc/cc/r300c/cc:7dTs,2sJs|/8hQcAh/9d/3s:-400,400(-292.619508)
722:BR,Player:0cc/cr200f:5s9c,3hTs|/2d4h6h:-100,100(-100.000000)
723:Player,BR:0cr200c/cc/r900c/r600c:5cAh,7sTs|/6c7cKh/Qs/8c:-1800,1800(836.736992)
724:BR,Player:0r130c/cc/cc/cc:8dAd,TcQd|/2h8cAc/4h/Ah:230,-230(230.000000)
725:Player,BR:0cc/cc/cc/cc:4cTh,QhAh|/5cKsKd/Qd/Kc:-100,100(-87.760011)
726:BR,Player:0r200c/cc/cc/cr390f:5s8s,8d9c|/3hTdKd/7s/Ah:-300,300(-300.000000)
727:Player,BR:0cc/cc/cc/cc:3s8s,4c6c|/2h6sAc/7c/Qd:-100,100(-36.058349)
728:BR,Player:0r130c/cc/cc/cr299c:5cQc,9hQh|/2c9cKs/5h/Jd:-529,529(-111.298634)
729:Player,BR:0cr200c/r600f:QcKs,2h8h|/5d9dJh:300,-300(300.000000)
730:BR,Player:0r200c/cc/cc/cc:3d6h,8cKs|/2h5cAd/3c/Th:300,-300(238.932654)
731:Player,BR:0cc/cc/cc/cc:2c7s,9cTc|/7h9dTd/Qd/6d:-100,100(-47.118320)
732:BR,Player:0r130c/cr690c/cc/cc:9sQh,8cTd|/6c7h7d/Jc/Ts:-920,920(-920.000000)
733:Player,BR:0cr600f:9hTc,4c9c|:100,-100(100.000000)
734:BR,Player:0cc/cr130c/cr299f:6hQc,4cTc|/5d8sTs/2c:-230,230(-230.000000)
735:Player,BR:0cr200c/r900f:7dAd,8d9s|/3h4d5d:300,-300(300.000000)
736:BR,Player:0r130c/cc/cr299c/cc:QsQc,9hTd|/6d6c8d/Js/4s:529,-529(529.000000)
737:Player,BR:0cc/cc/cc/cc:6h7s,4d8h|/2d7d8d/Jd/6s:-100,100(-46.405680)
738:BR,Player:0r200c/cc/cr390f:5sJc,JdKh|/2hTdAs/Qd:-300,300(-300.000000)
739:Player,BR:0cr600c/r910c/cc/r2093c:KsKh,TsJd|/4c7hJs/2d/9c:3703,-3703(-146.278267)
740:BR,Player:0cc/cr130f:2h5d,3c6h|/4c6cAd:-100,100(-100.000000)
741:Player,BR:0cc/cc/cc/r300f:5sKd,2h5d|/3s6hKs/Jc/7s:100,-100(100.000000)
742:BR,Player:0r130c/cc/cc/cc:2dJc,5h8s|/5sJsQd/Kd/3s:230,-230(213.621189)
743:Player,BR:0cc/cc/cc/r130c:7sJs,4dTh|/8sKdAd/Qc/Td:230,-230(84.896745)
744:BR,Player:0r200c/cr390c/cc/cr1380f:8hJd,8cKs|/4dJsKc/4h/5c:-690,690(-690.000000)
745:Player,BR:0cr300c/r800c/cc/r2400f:6h7h,5dQs|/6d6cQc/2h/Jd:1200,-1200(1200.000000)
746:BR,Player:0f:3s4c,2s9h|:50,-50(50.000000)
747:Player,BR:0cc/cc/cc/cc:2c9c,6cKh|/2d7hKd/6s/Th:-100,100(-97.050453)
748:BR,Player:0cc/cc/cr130c/cr690f:3sQd,3dKh|/3h6h8s/3c/Js:-230,230(-230.000000)
749:Player,BR:0cr300f:3c5d,4c9s|:100,-100(100.000000)
750:BR,Player:0r130c/cc/cc/cr460f:9cJc,7c8c|/3s8sAd/Ah/5s:-230,230(-230.000000)
751:Player,BR:0cc/cc/r130c/r299f:4hQc,4sTs|/5d9hQh/8d/3s:230,-230(230.000000)
752:BR,Player:0cc/cc/cr130c/cr690c:JdKd,JhQd|/5cQcKc/4h/Th:920,-920(640.997884)
753:Player,BR:0cc/cc/cc/cc:3c9h,2d6h|/4s7sQc/9d/6d:100,-100(-55.955702)
754:BR,Player:0r130c/cc/cr299c/cc:7sTh,3cAh|/3h5h7d/2c/2h:529,-529(529.000000)
755:Player,BR:0cc/cc/r600c/r1400c:7d9c,TcJh|/2s8sQc/5d/4h:-2100,2100(-1966.963516)
756:BR,Player:0cc/cc/cr130c/cr460f:4s6s,4c8s|/4h8dQd/5c/Ac:-230,230(-230.000000)
757:Player,BR:0cr300c/cc/r200c/r780c:7sTc,5hJd|/3s3hJc/4s/8h:-1380,1380(-1152.313281)
758:BR,Player:0r130c/cr299c/cc/cr1058f:3d6d,7dQc|/4c6c9c/Kd/5d:-529,529(-529.000000)
759:Player,BR:0cr200c/cc/cc/cc:ThAc,9dTs|/3d8cJs/Ks/6s:300,-300(300.000000)
760:BR,Player:0f:8cTh,2d9h|:50,-50(50.000000)
761:Player,BR:0cc/cc/cc/cc:5dTc,6sQc|/2s4cJh/2h/As:-100,100(22.345215)
762:BR,Player:0r130c/cr299f:5cTd,9cQh|/6s6h7c:-230,230(-230.000000)
763:Player,BR:0cc/cc/cc/cc:2h4d,4s9c|/ThQdQc/8d/Kd:-100,100(46.918285)
764:BR,Player:0r130c/cc/cr299c/cr1587c:5dAc,3dJs|/9hThTd/4c/Kc:2116,-2116(1812.956899)
765:Player,BR:0cr600f:8hAh,3d7d|:100,-100(100.000000)
766:BR,Player:0cc/cr130c/cr299c/cc:TcJs,5sTh|/2c4cTs/7d/Jd:529,-529(529.000000)
767:Player,BR:0cc/cc/cc/cc:4hJh,2dTc|/2cJcQd/8h/5s:100,-100(-35.144885)
768:BR,Player:0r130c/cc/cc/cc:3sAc,6cAd|/8cTcQs/Kd/Qc:0,-0(-78.292479)
769:Player,BR:0cr200c/cc/cc/cc:TsAs,TdQh|/3d9sQd/Kc/Ks:-300,300(-125.975613)
770:BR,Player:0r200c/cc/cc/cr900f:4dJh,JsKh|/3s7sAs/Th/5s:-300,300(-300.000000)
771:Player,BR:0cc/cc/cc/r200f:4cQs,3sJd|/6hJcQh/Td/Qd:100,-100(100.000000)
772:BR,Player:0r130c/cr299c/cc/cr687c:KdAd,9sJs|/2s4dTs/Th/5c:1216,-1216(43.671220)
773:Player,BR:0cc/cc/cc/cc:6sKd,5h5c|/3s8cTh/Jh/7h:-100,100(-19.229060)
774:BR,Player:0r200c/cr390c/cr897c/cr2063c:AhAc,JsAd|/2h5dJc/Td/5c:3650,-3650(3650.000000)
775:Player,BR:0cr130c/cc/cc/r115c:3c6c,9cAd|/2c9sAc/4d/6h:-345,345(-345.000000)
776:BR,Player:0r130c/cr299c/cr687f:KcAs,8hQd|/3hThJs/9d:-529,529(-529.000000)
777:Player,BR:0cc/cc/cc/cc:2dTh,JdQc|/8hTcAd/Qh/2h:100,-100(-83.482117)
778:BR,Player:0r130c/cr690c/cc/cc:2dKh,2h3h|/9sJhAc/Td/5s:920,-920(86.431426)
779:Player,BR:0cr200c/r390c/r1380c/r414f:QdAd,7cJd|/2h6sAc/7s/4d:2070,-2070(2070.000000)
780:BR,Player:0r200c/cc/cc/cc:5cTc,KcAc|/4h6cJs/3d/8h:-300,300(-300.000000)
781:Player,BR:0cr200c/cc/r390c/r897f:7c9c,3sQh|/3h4d6h/4s/9d:690,-690(690.000000)
782:BR,Player:0r130c/cc/cr299f:9dJc,KdAd|/3h4cTd/4d:-230,230(-230.000000)
783:Player,BR:0cr300f:4s4d,2c5d|:100,-100(100.000000)
784:BR,Player:0cc/cc/cc/cr200f:5sTc,4d8s|/3s9dAc/4h/8h:-100,100(-100.000000)
785:Player,BR:0cc/cc/r300c/r800c:2c6h,8cQd|/2h5c6d/9h/Kc:1200,-1200(-681.882955)
786:BR,Player:0r130c/cc/cr299f:2c3d,6c8d|/4s4cAd/4h:-230,230(-230.000000)
787:Player,BR:0cr200c/r600c/r450c/r675c:5dJd,9sJc|/3h6s7d/9d/Qh:-2025,2025(-2025.000000)
788:BR,Player:0r200c/cc/cr390f:6s8h,QdKd|/QhQcKh/4d:-300,300(-300.000000)
789:Player,BR:0cc/cc/cc/cc:2hTd,2c8h|/5h9sJd/6s/Js:100,-100(93.018779)
790:BR,Player:0cc/cc/cc/cr130c:3h4h,2c6c|/3s8cTd/9c/5d:230,-230(-52.990890)
791:Player,BR:0cr130c/r299c/r687c/r3648f:5sKs,ThTc|/2s3h7s/Ts/6s:1216,-1216(1216.000000)
792:BR,Player:0r200c/cc/cr390f:TsJc,5sAd|/3d5d6h/5h:-300,300(-300.000000)
793:Player,BR:0cc/cc/r300c/cc:2h4c,7c8d|/3h6s9h/9c/Kc:-400,400(-194.054842)
794:BR,Player:0cc/cr130c/cr299f:4dAd,JdQh|/4h9hQc/Td:-230,230(-230.000000)
795:Player,BR:0cc/cc/cc/cc:7cJc,2h4h|/6s9dTd/Kc/Kh:100,-100(86.741845)
796:BR,Player:0r130c/cc/cr115c/cr1035c:2c8d,6d8c|/QhQcKh/2h/7s:1380,-1380(28.839678)
797:Player,BR:0cc/cc/cc/cc:2d7d,6dAh|/4d5cTd/5d/Js:100,-100(-27.332031)
798:BR,Player:0r130c/cr299c/cc/cc:2sQh,5h9d|/4h6s6h/5s/3c:529,-529(529.000000)
799:Player,BR:0cr200c/r390c/r4140f:7sAh,6h8s|/2h3h9d/4h:690,-690(690.000000)
800:BR,Player:0r130c/cc/cr299f:4dTh,5hAh|/8s8cQh/Qd:-230,230(-230.000000)
801:Player,BR:0cc/cc/cc/cc:7c8h,TcKh|/8s9dTs/Qd/5s:-100,100(-53.392593)
802:BR,Player:0r130c/cr299c/cc/cr1058f:6hTd,JdQd|/8sThJc/3h/8d:-529,529(-529.000000)
803:Player,BR:0cr200c/cc/r150c/cc:9h9c,TcKh|/8hThAd/6s/Qh:-450,450(-312.829424)
804:BR,Player:0r130c/cc/cr299c/cc:JhKs,6sQc|/3c9hAs/7c/Ac:529,-529(24.123011)
805:Player,BR:0cc/cc/r200c/r150f:7hTd,JhAs|/4s5hTh/6c/9s:300,-300(300.000000)
806:BR,Player:0r200c/cc/cr150c/cr1350c:6s7s,7cTd|/2c6h6d/5h/7h:1800,-1800(1800.000000)
807:Player,BR:0cc/cc/cc/cc:4c8d,6dTc|/4h6c8h/9s/Kc:100,-100(-59.247779)
808:BR,Player:0cc/cr130c/cc/cc:9sQd,5s9h|/4cKdAd/8h/Jh:230,-230(-9.493074)
809:Player,BR:0cc/cc/cc/cc:2cAd,4cQh|/9dTcKc/8d/2s:100,-100(60.612672)
810:BR,Player:0cc/cr130c/cr115c/cc:7h7d,3d5s|/4s6s6d/5h/9c:345,-345(345.000000)
811:Player,BR:0cc/cc/cc/cc:3h4c,4d6s|/9sJcAs/3c/8h:100,-100(96.102949)
812:BR,Player:0r130c/cc/cc/cc:4c7s,QdKd|/8dTsTc/4h/8s:-230,230(-230.000000)
813:Player,BR:0cc/cc/cc/r300c:7hJs,2dQc|/JdJcAc/7s/5d:400,-400(-202.018606)
814:BR,Player:0r130c/cc/cr115c/cr1035f:TcKs,4c5c|/6h8d8c/5h/8h:-345,345(-345.000000)
815:Player,BR:0cc/cc/cc/cc:7cTh,QhKh|/4h5sAs/Ad/Qs:-100,100(-84.239822)
816:BR,Player:0r200c/cr390c/cr897f:JhQc,6cKc|/8c9sJs/7s:-690,690(-690.000000)
817:Player,BR:0cr200c/cc/cc/cc:JcAd,4cQs|/6dKhKc/5d/Td:300,-300(300.000000)
818:BR,Player:0cc/cc/cc/cr130c:4sTd,5d6c|/8s8dAs/Th/6h:230,-230(115.202444)
819:Player,BR:0cr130c/r299f:9dTd,5s9s|/4d7hJd:230,-230(230.000000)
820:BR,Player:0r130c/cr299c/cc/cc:2sAs,6dAd|/2h5c8c/8h/5h:0,-0(423.870834)
821:Player,BR:0cc/cc/cc/cc:3dAs,5hTd|/2s5d5c/7h/6c:-100,100(-94.460605)
822:BR,Player:0r200c/cc/cr390f:4c6h,JsAd|/3d9h9c/3c:-300,300(-300.000000)
823:Player,BR:0cc/cc/cc/cc:8dAc,9dQc|/5d7hTc/6d/7c:100,-100(67.109217)
824:BR,Player:0r130c/cc/cc/cr299c:QsQd,6dJh|/2c4sAd/4c/Ts:529,-529(330.995876)
825:Player,BR:0cc/cc/r130c/cc:3d6c,4h7h|/4d9dAd/7c/6h:-230,230(-213.908261)
826:BR,Player:0r130c/cc/cc/cc:JcAh,4s5c|/6hJsQs/5h/7s:230,-230(230.000000)
827:Player,BR:0cc/cc/cc/cc:2sTd,3d6s|/5d7s7d/Ah/7h:100,-100(93.499174)
828:BR,Player:0cc/cc/cc/cr200c:8dTh,JdQc|/2sJcKd/4d/Ad:-300,300(-68.934718)
829:Player,BR:0cc/cc/cc/cc:5dJc,TdAc|/5c7d8c/Kd/4c:100,-100(43.626439)
830:BR,Player:0f:5d9c,3h9d|:50,-50(50.000000)
831:Player,BR:0cr300c/r800f:QsAd,3cTs|/4d5hQd:400,-400(400.000000)
832:BR,Player:0r130c/cr299c/cc/cc:2h5h,9hAs|/2c8dKs/3d/4h:529,-529(-53.948909)
833:Player,BR:0cc/cc/r130c/r115c:3h9d,4s9h|/4h6hJs/9c/6d:0,-0(5.726709)
834:BR,Player:0cc/cc/cr200c/cc:5s6c,5hTc|/2d8dQh/4c/4s:-300,300(-241.134167)
835:Player,BR:0cc/cc/cc/cc:4sKd,3sKh|/7c8d8c/9d/2c:0,-0(22.637720)
836:BR,Player:0r130c/cc/cr299c/cc:5c7c,4h6c|/5s7sJs/Ks/Jh:529,-529(529.000000)
837:Player,BR:0cc/cc/cc/cc:2d9c,7sQc|/4d7d8c/4c/3d:-100,100(-76.420226)
838:BR,Player:0cc/cc/cr130f:8sTc,3dJh|/4h5h9d/5s:-100,100(-100.000000)
839:Player,BR:0cc/cc/cc/r130c:8hKs,3hKh|/6c9dAs/4s/8c:230,-230(22.948729)
840:BR,Player:0r200c/cc/cr390f:5s5h,4s7h|/TcJsAc/Ah:-300,300(-300.000000)
841:Player,BR:0cc/cc/cc/r130c:8sAh,5cQc|/8h9dJc/Js/9c:230,-230(96.743591)
842:BR,Player:0cc/cr130c/cr460c/cc:3sQd,9dTs|/4h4dJh/Jc/Td:-690,690(-690.000000)
843:Player,BR:0cc/cc/cc/cc:2dQs,5c8s|/4d8hKs/8d/Kc:-100,100(-82.449779)
844:BR,Player:0r200c/cr390c/cc/cc:8h9h,4h6s|/3s5d6c/8s/Qd:690,-690(639.734330)
845:Player,BR:0cc/cc/cc/cc:5s9h,3d6c|/5c8dTd/Tc/Th:100,-100(89.014159)
846:BR,Player:0cc/cr200c/cc/cc:JcQc,4hAc|/2c4s8s/6h/5h:-300,300(-300.000000)
847:Player,BR:0cc/cc/r130c/r299f:3dAh,2sQc|/2c9sAs/Jc/9h:230,-230(230.000000)
848:BR,Player:0r130c/cr299c/cr3174f:TdAh,9s9d|/2s6sQc/9h:-529,529(-529.000000)
849:Player,BR:0cc/cc/r130c/cc:7sJd,ThJh|/2d9cQs/8h/Tc:0,-0(-218.455089)
850:BR,Player:0r130c/cc/cc/cc:8sKc,6hKs|/2s9sTh/6d/Jh:-230,230(-230.000000)
851:Player,BR:0cr300c/cc/r200c/r1800f:TcKs,2dQd|/3d4cKc/6h/3h:600,-600(600.000000)
852:BR,Player:0r130c/cc/cc/cr299c:2c3s,9sAd|/7sTsJh/3c/9c:-529,529(-150.976416)
853:Player,BR:0cc/cc/cc/cc:4sKc,2s9s|/2d3sAc/Kd/Js:100,-100(-3.799488)
854:BR,Player:0r130c/cr299c/cr1058f:4sKc,4dTh|/6hJhAh/5d:-529,529(-529.000000)
855:Player,BR:0cc/cc/cc/cc:8sQd,4d6c|/3h3d6s/9c/5h:-100,100(-74.289350)
856:BR,Player:0r200c/cr390c/cr897c/cr4761f:9cTs,8hKd|/3d5s8c/7h/Kh:-1587,1587(-1587.000000)
857:Player,BR:0cr200c/r390c/cc/cc:6sTs,JhQh|/4c8hAs/Kh/Qs:-690,690(-620.027660)
858:BR,Player:0r130c/cr460f:6sTd,8cTh|/3dJhKh:-230,230(-230.000000)
859:Player,BR:0cc/cc/cc/cc:3dAs,3sQh|/7cThJh/Qs/4h:-100,100(-81.986618)
860:BR,Player:0r130c/cr299c/cr687c/cr3648f:7d7c,3h5c|/2h8dKh/2d/4c:-1216,1216(-1216.000000)
861:Player,BR:0cc/cc/cc/cc:6dAc,5sJd|/8s9sKs/5d/5h:-100,100(-93.152470)
862:BR,Player:0f:3sKd,2h9c|:50,-50(50.000000)
863:Player,BR:0cr130c/cc/cc/r690f:TcQh,6h7h|/5s7dKh/Ad/Js:230,-230(230.000000)
864:BR,Player:0r200c/cc/cr900c/cr600c:3cQd,4h7c|/2h5cAd/Jc/4d:1800,-1800(1800.000000)
865:Player,BR:0cc/cc/cc/r130c:2c6h,JcKh|/4cQsKd/8s/7d:-230,230(-219.953924)
866:BR,Player:0r130c/cc/cr299c/cc:2c9h,6dQs|/2dQhKd/5c/2h:529,-529(529.000000)
867:Player,BR:0cc/cc/cc/cc:3hKh,4c8s|/9sTdQc/2d/9c:100,-100(65.145233)
868:BR,Player:0f:4s4h,3c8d|:50,-50(50.000000)
869:Player,BR:0cr130c/cc/r115c/cc:TdJd,9cTc|/2s2hQd/Kd/Qc:0,-0(189.539700)
870:BR,Player:0r130c/cc/cr299c/cr1587f:2dAc,AhAd|/4cTdKd/3d/Th:-529,529(-529.000000)
871:Player,BR:0cc/cc/cc/r130c:4sJh,QcAs|/2d3dQh/Kd/6d:-230,230(-67.165726)
872:BR,Player:0r130c/cr299c/cc/cc:7dTs,4d6s|/3sThKd/9d/6d:529,-529(529.000000)
873:Player,BR:0cc/cc/cc/r130c:6cQc,TcAs|/6h8hAd/Ah/7c:-230,230(-228.785325)
874:BR,Player:0r130c/cc/cr299c/cc:KcAh,4h8h|/7cTdAc/Ks/4d:529,-529(529.000000)
875:Player,BR:0cc/cc/cc/r130c:2d9h,TcKd|/3c4dKs/4c/Ah:-230,230(-163.667863)
876:BR,Player:0r200c/cc/cc/cr600c:7sAc,5hJd|/6s6h9s/8d/3d:900,-900(507.727405)
877:Player,BR:0cr200c/r600c/r2700c/r4680c:6d7c,KcAs|/8c9cAh/4s/Kh:-8280,8280(-8280.000000)
878:BR,Player:0cc/cc/cr130c/cc:5dTh,3dQc|/2d5h9h/Js/9s:230,-230(176.178460)
879:Player,BR:0cr300c/cc/cc/r2400f:8hKh,2sQc|/2d8dTh/7s/Ks:400,-400(400.000000)
880:BR,Player:0r300c/cr520f:2cJs,JdAh|/4sTdAd:-400,400(-400.000000)
881:Player,BR:0cr600f:6c7c,3cTd|:100,-100(100.000000)
882:BR,Player:0r200c/cc/cr150c/cr585f:2s2d,8dKd|/6c7sQd/9h/Jd:-450,450(-450.000000)
883:Player,BR:0cr200c/cc/cc/cc:JhJd,ThAc|/2h2d7s/Kh/Ks:300,-300(-211.492797)
884:BR,Player:0r300c/cr520f:5h8s,4cJd|/2cTsAh:-400,400(-400.000000)
885:Player,BR:0cc/cc/cc/cc:2d3s,7hQh|/4cThJh/Td/5h:-100,100(-98.661703)
886:BR,Player:0r130c/cc/cc/cc:9sQh,9cKh|/7sThAs/Qs/2c:230,-230(230.000000)
887:Player,BR:0cr300c/cc/cc/cc:JdAc,6sTs|/4c7d9h/Kd/Qs:400,-400(400.000000)
888:BR,Player:0r130c/cr299c/cc/cc:KcAd,7cTs|/5h8hJc/8d/As:529,-529(529.000000)
889:Player,BR:0cc/cc/cc/cc:2h6s,4cKd|/5cQsKc/8c/2c:-100,100(-73.975930)
890:BR,Player:0cc/cr130c/cc/cr299c:3h7c,4cKd|/3c7dTh/8h/5c:529,-529(529.000000)
891:Player,BR:0cc/cc/cc/r130c:5dTs,5cKs|/3dQdQc/5s/7h:-230,230(-170.859471)
892:BR,Player:0cc/cr130c/cr299c/cc:7h9c,5hQc|/9hTsJh/Th/2h:529,-529(354.318038)
893:Player,BR:0cr200c/cc/r150f:5c9c,5h6d|/8sTsJs/2s:300,-300(300.000000)
894:BR,Player:0r130c/cc/cc/cc:6sAd,4cTd|/ThKsAc/Js/Jh:230,-230(230.000000)
895:Player,BR:0cc/cc/cc/cc:9cKs,9dKd|/7sJhJc/7h/8d:0,-0(-35.691860)
896:BR,Player:0cc/cr130c/cc/cc:4c8h,4sAd|/ThTdJc/2c/Kc:-230,230(-124.971274)
897:Player,BR:0cc/cc/cc/r130f:3dKd,6s9c|/4cJdQd/5s/Td:100,-100(100.000000)
898:BR,Player:0f:6d8h,3s9c|:50,-50(50.000000)
899:Player,BR:0cc/cc/cc/r130f:8cJh,2dJc|/4sTdQs/9h/6c:100,-100(100.000000)
900:BR,Player:0cc/cr130c/cc/cc:3s8d,4hTc|/2d3d3c/Kd/8s:230,-230(230.000000)
901:Player,BR:0cr600c/cc/r350c/cc:KcAc,9sJs|/8s9cJh/Ts/As:-1050,1050(-1048.345112)
902:BR,Player:0r130c/cr690c/cc/cc:8sTh,4h7h|/2s6cJh/Jd/2d:920,-920(101.775457)
903:Player,BR:0cc/cc/cc/cc:6sAh,7s9d|/5h8sTh/Kh/Ks:100,-100(64.214120)
904:BR,Player:0r130c/cc/cc/cc:4h9s,5cAc|/3cJhKs/7c/5d:-230,230(-230.000000)
905:Player,BR:0cr300c/cc/r520c/r1196f:5d5c,KhAh|/2d4d6d/3h/Tc:920,-920(920.000000)
906:BR,Player:0r130c/cr299c/cc/cc:5c8d,5sQc|/7d7cAc/Ts/Jd:-529,529(-349.159848)
907:Player,BR:0cc/cc/cc/cc:4d9h,7h8h|/3sJhJd/8d/7d:-100,100(-85.709318)
908:BR,Player:0r130c/cr299c/cc/cr1058f:JcAs,5dQs|/2d3s5h/Ah/5c:-529,529(-529.000000)
909:Player,BR:0cr200c/cc/r150c/r225f:5c8h,ThJc|/3d6d8s/3c/Qd:450,-450(450.000000)
910:BR,Player:0cc/cc/cc/cc:2h5s,5dKd|/4c7s8h/Td/8c:-100,100(-100.000000)
911:Player,BR:0cr200c/cc/cc/cc:JdKd,4d7d|/5c6d7h/Ad/7s:-300,300(-271.101672)
912:BR,Player:0r130c/cr299c/cc/cr1058f:6c7h,5dQs|/4h5cTc/2s/Ts:-529,529(-529.000000)
913:Player,BR:0cc/cc/cc/r130c:4sQh,4hJd|/6h6cQc/8s/5s:230,-230(77.901829)
914:BR,Player:0r200c/cc/cc/cc:7hJh,JcAs|/4h5d6d/6s/4c:-300,300(-288.698053)
915:Player,BR:0cr200c/r390c/r897f:2h2c,8hQs|/3c6cKh/Qd:690,-690(690.000000)
916:BR,Player:0cc/cc/cc/cc:3h4h,2dQs|/5c6h8d/Kd/Td:-100,100(-100.000000)
917:Player,BR:0cc/cc/r200c/cc:8sJc,9hAs|/5c6dQc/6c/8d:300,-300(-164.378484)
918:BR,Player:0r130c/cc/cc/cr299f:3c6d,9hQs|/4sThJs/7c/7h:-230,230(-230.000000)
919:Player,BR:0cc/cc/cc/r200f:6hKd,2cTh|/3cKsKh/9s/5s:100,-100(100.000000)
920:BR,Player:0r130c/cr460c/cc/cr897c:6d7s,8sKc|/3c5s9d/7c/Jh:1587,-1587(531.798374)
921:Player,BR:0cc/cc/r200c/cc:3hTd,5d8c|/7c8sKh/9h/Ac:-300,300(-180.437209)
922:BR,Player:0r130c/cc/cc/cc:6dQd,6cAs|/4h8d9c/4s/Td:-230,230(-230.000000)
923:Player,BR:0cc/cc/cc/cc:8sQh,3h9h|/3s5hJh/Ac/Qc:100,-100(-17.714607)
924:BR,Player:0r130c/cr690c/cr1840c/cr3588f:4c8d,3cKs|/4s5sTc/Ac/2d:-2760,2760(-2760.000000)
925:Player,BR:0cc/cc/r300c/cc:3sTc,5hQs|/7s9dTd/4c/As:400,-400(147.352762)
926:BR,Player:0r130c/cc/cc/cr299f:2cQs,8sTs|/7c8cJh/Ah/5d:-230,230(-230.000000)
927:Player,BR:0cc/cc/cc/r130c:3cJd,5cKh|/JcQdQc/9c/As:230,-230(71.933377)
928:BR,Player:0r200c/cr900c/cc/cc:5s8h,4cTd|/5d9sKh/7c/6d:1200,-1200(1200.000000)
929:Player,BR:0cr200c/r390c/cc/cc:TdJh,KsKc|/2d6sAh/7c/Kh:-690,690(-684.067431)
930:BR,Player:0r130c/cr299c/cc/cc:TcJd,2s6s|/4s4hAc/5c/6d:-529,529(-422.724152)
931:Player,BR:0cr300c/r520c/cc/cc:TdJc,TsTc|/2d6dAh/6h/3h:-920,920(-751.044277)
932:BR,Player:0r130c/cc/cc/cr690c:2c6d,2sJs|/6c8d9h/As/Ad:920,-920(920.000000)
933:Player,BR:0cc/cc/cc/cc:9hQd,QcKs|/8d9dJs/8h/Jc:100,-100(-24.725468)
934:BR,Player:0r130c/cr299c/cc/cc:5dTs,5h9h|/2cQsKc/6d/4d:529,-529(-318.926053)
935:Player,BR:0cr600c/cc/cc/r140c:KhAh,JdAc|/4s9sJs/5d/2h:-840,840(-680.246002)
936:BR,Player:0r130c/cc/cr299c/cc:8dQc,7s9s|/3h3d5s/Jc/Tc:529,-529(-150.592509)
937:Player,BR:0cr300c/r520c/r460f:5h7h,3hQc|/5s5cTc/Ts:920,-920(920.000000)
938:BR,Player:0r130c/cc/cc/cc:7cQh,2dAc|/TdJsKs/Kd/6c:-230,230(-225.006331)
939:Player,BR:0cr300c/r520c/cc/r460c:5s9d,JsJc|/2dTdQs/7c/3c:-1380,1380(-1001.390226)
940:BR,Player:0r130c/cc/cc/cc:6h9d,4hAd|/5cJhQd/3c/Js:-230,230(-230.000000)
941:Player,BR:0cr200c/r390c/cc/cc:9dTd,2d8h|/4h8dKh/Kc/6d:-690,690(-602.421008)
942:BR,Player:0cc/cr200c/cc/cc:KdAd,2h6h|/3h4sTs/Qs/As:300,-300(37.055980)
943:Player,BR:0cr300f:4s6s,2dTc|:100,-100(100.000000)
944:BR,Player:0r200f:2h4s,4d5c|:-100,100(-100.000000)
945:Player,BR:0cc/cc/cc/cc:2c7h,JsAd|/2d4d8c/9d/Ks:100,-100(24.792662)
946:BR,Player:0r130c/cc/cc/cc:2cAs,4cKd|/2sJdQs/Ad/9d:230,-230(230.000000)
947:Player,BR:0cr300c/r800c/r3600f:2c4c,3cKd|/4s6hQs/Tc:1200,-1200(1200.000000)
948:BR,Player:0r200c/cr600c/cc/cr1170c:4cQd,KsAs|/4hQsKh/Jd/8s:2070,-2070(-253.303552)
949:Player,BR:0cr300f:3s6s,4s7c|:100,-100(100.000000)
950:BR,Player:0f:TcJh,2s4c|:50,-50(50.000000)
951:Player,BR:0cr300c/cc/cc/r520f:6cAc,TdKd|/7h9cAs/Th/Qd:400,-400(400.000000)
952:BR,Player:0r130c/cr299c/cr687c/cr7296c:9s9c,2c8c|/5h6cKd/7s/Ts:8512,-8512(500.455752)
953:Player,BR:0cr300c/cc/cc/cc:6d7d,9cTc|/2s7sJh/3h/As:400,-400(400.000000)
954:BR,Player:0r130c/cr299c/cr1587f:2s2d,7hJh|/8c9sKs/Th:-529,529(-529.000000)
955:Player,BR:0cr200c/cc/r150c/cc:8h8d,6dTh|/3cKdAh/2d/3s:450,-450(418.093879)
956:BR,Player:0r130c/cc/cc/cr460c:5dJh,8dTs|/7d8hAc/3c/Ah:-690,690(-96.461907)
957:Player,BR:0cc/cc/cc/cc:5d9s,TcJc|/7h8dTs/Qh/8h:-100,100(-80.047106)
958:BR,Player:0f:7dQh,2cTh|:50,-50(50.000000)
959:Player,BR:0cr200c/r390c/cc/r897f:5c9c,7hKh|/3c6s8d/6c/Qh:690,-690(690.000000)
960:BR,Player:0r130c/cr299c/cr1058f:2h8d,3d5s|/5c8sKh/3c:-529,529(-529.000000)
961:Player,BR:0cr600c/cc/cc/r350c:2s4c,7sQh|/5d7d8d/5c/Ad:-1050,1050(-107.132219)
962:BR,Player:0r200c/cc/cr600c/cr1800c:3h4d,9cAd|/2d5sAh/Ac/Th:2700,-2700(2476.945321)
963:Player,BR:0cc/cc/cc/r300c:6hJd,3s3h|/3d8cTh/5c/3c:-400,400(-400.000000)
964:BR,Player:0f:5sJd,2c4h|:50,-50(50.000000)
965:Player,BR:0cc/cc/cc/cc:6cAh,9cAc|/8sTsQh/8d/Kc:0,-0(-22.724961)
966:BR,Player:0r130c/cc/cc/cr460f:5d8h,6hJh|/2h9hAs/7c/3h:-230,230(-230.000000)
967:Player,BR:0cc/cc/r130c/r460c:7c9h,9cQh|/6c9dTc/Ts/7s:-690,690(-676.793322)
968:BR,Player:0r130c/cr299c/cc/cr1058c:2d4d,QcKh|/4s4hQs/Ts/5d:1587,-1587(450.748524)
969:Player,BR:0cc/cc/r130c/r299f:4hAs,KsKh|/2c8dQd/Ad/Js:230,-230(230.000000)
970:BR,Player:0f:2d7h,3h8c|:50,-50(50.000000)
971:Player,BR:0cc/cc/r130c/r299f:4hKd,3dAc|/3c4s6d/Ts/6h:230,-230(230.000000)
972:BR,Player:0r200c/cr390c/cr1380c/cc:6c9s,QcKd|/3c6hQs/Jd/9h:2070,-2070(2070.000000)
973:Player,BR:0cc/cc/r130c/r299c:5dQc,TcAd|/3h4c8d/7d/4d:-529,529(-215.287066)
974:BR,Player:0r130c/cr299f:4s8h,5s9h|/2sQcAd:-230,230(-230.000000)
975:Player,BR:0cc/cc/cc/cc:3s5c,5hTh|/4s6cAd/Tc/2h:100,-100(-84.359608)
976:BR,Player:0r130c/cc/cc/cc:5cQs,JdKs|/2h6s9h/6c/4s:-230,230(-230.000000)
977:Player,BR:0cr300c/cc/r1200f:TdJc,6cTs|/2c9dKs/3h:400,-400(400.000000)
978:BR,Player:0r130c/cr299c/cc/cc:JhJd,3s3h|/5s5h8d/8s/Kd:529,-529(361.802523)
979:Player,BR:0cr200c/r390f:TcQc,3d6h|/2d9sKd:300,-300(300.000000)
980:BR,Player:0r130c/cr299c/cc/cc:TdAd,QdAc|/3s5s5d/6h/Kh:-529,529(-43.309641)
981:Player,BR:0cc/cc/cc/cc:3c8s,JcKh|/5dTsKd/2d/8d:-100,100(-47.335409)
982:BR,Player:0r200c/cr390c/cc/cc:6c9h,3cJs|/2h5d8c/7c/2d:690,-690(690.000000)
983:Player,BR:0cc/cc/cc/cc:9hTc,4s9s|/5cTsAs/Ac/3d:100,-100(87.029246)
984:BR,Player:0cc/cr130f:3s7c,4d8s|/5c9dKh:-100,100(-100.000000)
985:Player,BR:0cr200f:9d9c,2h7s|:100,-100(100.000000)
986:BR,Player:0r130c/cr299c/cc/cr687c:6dJh,6c7c|/2d3hTd/Th/Qh:1216,-1216(-82.405094)
987:Player,BR:0cc/cc/cc/r130f:8hTs,7dTc|/3d4h9d/5s/Jh:100,-100(100.000000)
988:BR,Player:0r200c/cc/cr900f:TsTc,7cKc|/3d5cJs/8c:-300,300(-300.000000)
989:Player,BR:0cc/cc/cc/r300c:6d8s,3dAh|/4c6cAc/Qc/5c:0,-0(2.919457)
990:BR,Player:0r130c/cr460c/cc/cc:8cJs,9cTc|/6d7hKs/Jh/3c:690,-690(649.544564)
991:Player,BR:0cc/cc/cc/cc:2s3c,3hQs|/3d6sJd/7c/2d:100,-100(-80.392548)
992:BR,Player:0f:7s7d,2s8d|:50,-50(50.000000)
993:Player,BR:0cc/cc/cc/cc:2sQh,4s4h|/6d7dAd/8h/3h:-100,100(-62.233081)
994:BR,Player:0r200c/cc/cc/cc:5c8h,5dKs|/JdQcAd/Qd/Qs:-300,300(-300.000000)
995:Player,BR:0cc/cc/r130c/cc:7dQc,4dJc|/5sQsQd/7s/2s:230,-230(156.913844)
996:BR,Player:0cc/cc/cc/cr200c:3dKs,8dQs|/2s5h7h/Kh/Qc:300,-300(229.855794)
997:Player,BR:0cc/cc/cc/r130c:5sAd,QsKh|/7dTsKs/5c/2d:-230,230(-202.928700)
998:BR,Player:0r200c/cr390c/cc/cc:6d8h,2hTh|/5c8c9h/9c/5h:690,-690(489.253470)
999:Player,BR:0cc/cc/r130f:6d9h,2h8s|/3s9s9c/Kh:100,-100(100.000000)
1000:BR,Player:0f:4hJs,3c7s|:50,-50(50.000000)
RAW BR STATS: n=1000, sum=86404.000000, sum_sq=884515466.000000, vr_sum=46833.335600, vr_sum_sq=550696129.735999
BR STATS: 86.404000(58.045453), 46.833336(45.903466)
RESULTS
1)Player: -86404
2)BR: 86404
