In config file: GAME_DEF=game_def.fullholdem
In config file: ACTIONS_R0=C
In config file: ACTIONS_R1=C
In config file: ACTIONS_R2=F,C,0.05,0.0575,0.066125,0.07604375,0.087450313,0.100567859,0.115653038,0.133000994,0.152951143,0.175893815,0.202277887,0.23261957,0.267512505,0.307639381,0.353785288,0.406853081,0.467881044,0.5380632,0.61877268,0.711588582,0.81832687,0.9410759,1.082237285,1.244572878,1.43125881,1.645947631,1.892839776,2.176765742,2.503280603,2.878772694,3.310588598,3.807176888,4.378253421,5.034991434,5.790240149,6.658776171,7.657592597,8.806231486,10.12716621,11.64624114,13.39317731,15.40215391,17.71247699,20.36934854,23.42475083,26.93846345,30.97923297,35.62611791,40.9700356,47.11554094,54.18287208,62.31030289,71.65684832,82.40537557,94.76618191,A
In config file: ACTIONS_R3=F,C,0.05,0.0575,0.066125,0.07604375,0.087450313,0.100567859,0.115653038,0.133000994,0.152951143,0.175893815,0.202277887,0.23261957,0.267512505,0.307639381,0.353785288,0.406853081,0.467881044,0.5380632,0.61877268,0.711588582,0.81832687,0.9410759,1.082237285,1.244572878,1.43125881,1.645947631,1.892839776,2.176765742,2.503280603,2.878772694,3.310588598,3.807176888,4.378253421,5.034991434,5.790240149,6.658776171,7.657592597,8.806231486,10.12716621,11.64624114,13.39317731,15.40215391,17.71247699,20.36934854,23.42475083,26.93846345,30.97923297,35.62611791,40.9700356,47.11554094,54.18287208,62.31030289,71.65684832,82.40537557,94.76618191,A
Loading player: rgbr_nl_cprg.so
Player args: /home/viliam/cprg/project_uoapoker/trunk/src/c/meta_player.so /home/viliam/cprg/project_uoapoker/trunk/src/c/acpc14.map
Using seed 42.
1:Player,BR:0cr300c/cc/r800r5224f:5cJc,2sTd|/3s7d9d/4d:-1200,1200(-1200.000000)
2:BR,Player:0r200c/cc/r1136f:2dTc,3hQd|/2cJcKc/Td:300,-300(300.000000)
3:Player,BR:0cc/cc/cr876f:9cQh,4cAd|/2s2d6h/9s:-100,100(-100.000000)
4:BR,Player:0cc/cr130c/r327c/r12974f:5hJh,7dAs|/7s8cAd/6h/3s:557,-557(557.000000)
5:Player,BR:0cr300c/r800c/r600r2562f:9cTs,4sTh|/5hJhKd/3c:-1800,1800(-1800.000000)
6:BR,Player:0r130c/cc/r4051f:5s8s,7cKc|/3c9dAs/Qh:230,-230(230.000000)
7:Player,BR:0cr300c/cc/r200r9189f:8s8h,JhQh|/2c6dQc/Jd:-600,600(-600.000000)
8:BR,Player:0r130c/cc/r19770f:8dAd,7dTs|/5h9cAs/7c:230,-230(230.000000)
9:Player,BR:0cr200c/r390c/r345r9063f:QdAs,3s5s|/4dTdAc/Jd:-1035,1035(-1035.000000)
10:BR,Player:0r130c/cr690c/r3483r4061r4061f:KdAc,4d6s|/7s8dKs/8s:8464,-8464(8464.000000)
11:Player,BR:0cr200c/cc/r150r1959f:9sAd,6c9d|/3c4sJc/Ac:-450,450(-450.000000)
12:BR,Player:0r200c/cr390c/r243r1447c/r1464c:7s7h,5s7d|/4sKsKd/Ts/Qs:3844,-3844(2332.323966)
13:Player,BR:0cr130c/cc/cr7085f:8hAs,8dAh|/2hJhKd/Kh:-230,230(-230.000000)
14:BR,Player:0r130c/cc/r573f:4c6c,7dQh|/6dQcAs/Jh:230,-230(230.000000)
15:Player,BR:0cc/cc/cr8194f:3h5d,QsQh|/3s9sQd/8c:-100,100(-100.000000)
16:BR,Player:0r130c/cr299c/cc/r9317f:7cJd,6h8s|/5c6c8c/Td/Ts:529,-529(529.000000)
17:Player,BR:0cc/cc/cr1532f:5sKc,3cAs|/3s3dKd/7c:-100,100(-100.000000)
18:BR,Player:0r130c/cc/r285c/r7887f:6cKd,QsKh|/6sTsAh/Ac/8d:515,-515(515.000000)
19:Player,BR:0cr1200c/r7800c/r4550f:JcKs,8sJs|/9sQhKh/Qc:9100,-9100(9100.000000)
20:BR,Player:0r130c/cr299c/r2303f:7s7d,3h3d|/4h5cKc/4c:529,-529(529.000000)
21:Player,BR:0cc/cc/r130r7085f:7sQc,2c8s|/8c9sJd/3h:-230,230(-230.000000)
22:BR,Player:0r130c/cr299c/r2303f:7sJc,5sAd|/3c5h6s/Qc:529,-529(529.000000)
23:Player,BR:0cc/cc/cr876f:8dAh,7c9d|/5dTcKc/6c:-100,100(-100.000000)
24:BR,Player:0r130c/cr299c/r655r1249r1249f:6h6d,TdQh|/4s9d9c/8c:2433,-2433(2433.000000)
25:Player,BR:0cc/cc/cr3080f:6cAs,8cKd|/2dThJh/6h:-100,100(-100.000000)
26:BR,Player:0r200c/cc/r9241f:5c6h,JsAh|/2d7h9c/Jd:300,-300(300.000000)
27:Player,BR:0cc/cc/cr3080f:2dKh,6dQc|/9s9cTh/Jd:-100,100(-100.000000)
28:BR,Player:0r200c/cr600c/cc/r2240f:4h4c,TcAh|/5c6hTh/Js/6s:900,-900(900.000000)
29:Player,BR:0cc/cc/cr379f:8dTh,5dKd|/2c7dAs/5s:-100,100(-100.000000)
30:BR,Player:0f:8sJc,2d7h|:50,-50(50.000000)
31:Player,BR:0cc/cc/cr3080f:5h8d,4hKs|/4c5sAh/3s:-100,100(-100.000000)
32:BR,Player:0f:6d9s,3c8d|:50,-50(50.000000)
33:Player,BR:0cc/cc/cr124r376r2612f:4d9c,ThTd|/4s4cJc/3d:-600,600(-600.000000)
34:BR,Player:0r200c/cc/r427c/r8419f:4h7s,2cQd|/6hQsAh/9h/3s:727,-727(727.000000)
35:Player,BR:0cc/cc/cr761c/r100r8415f:4hJc,TdAh|/4s8cTc/3h/Jh:-961,961(-961.000000)
36:BR,Player:0r130c/cc/r4051f:5h7d,9hJh|/8dJcAd/6s:230,-230(230.000000)
37:Player,BR:0cc/cc/r200r1306f:6hJh,2d7h|/8dTcKd/2h:-300,300(-300.000000)
38:BR,Player:0r130c/cr299c/r4028r4028c/cc:8c9d,5sKd|/4d5d6d/9c/7d:-8585,8585(-4782.737809)
39:Player,BR:0cc/cc/cr379c/cr3647f:8d9c,2sJc|/6s6d8s/Jd/Ks:-479,479(-479.000000)
40:BR,Player:0cc/cr130c/r2014f:2d4d,3cTd|/5c6hJc/6c:230,-230(230.000000)
41:Player,BR:0cc/cc/cr100c/cr433r1167r15762f:TsKc,JdAc|/5s9cTh/9s/Tc:-1800,1800(-1800.000000)
42:BR,Player:0cc/cc/r876f:4cTc,3cTs|/6s8hKh/3d:100,-100(100.000000)
43:Player,BR:0cr300c/cc/cr6126f:4s4c,9cAh|/3sQdAd/Jc:-400,400(-400.000000)
44:BR,Player:0cc/cr130c/r871f:QhAc,4h8c|/3hJsQc/5s:230,-230(230.000000)
45:Player,BR:0cc/cc/cr142f:3dKc,6hQd|/4s7s8s/4c:-100,100(-100.000000)
46:BR,Player:0r130c/cr299c/r4632f:7cTd,7hKd|/3h8s9d/2d:529,-529(529.000000)
47:Player,BR:0cc/cc/cr100f:2d7c,6d6c|/3c8hTc/Ks:-100,100(-100.000000)
48:BR,Player:0r130c/cc/r2014f:2s8h,6hTd|/ThJdJc/5h:230,-230(230.000000)
49:Player,BR:0cc/r130c/r115r5284c/r100r1325f:3h9s,4h7s|/5h6d9d/3d/2d:-5729,5729(-5729.000000)
50:BR,Player:0r130c/cc/r14250f:5h7c,TsQd|/7s8hKh/Tc:230,-230(230.000000)
51:Player,BR:0cc/cc/cr216f:4sTs,5hKh|/3s5cQc/2c:-100,100(-100.000000)
52:BR,Player:0cc/cr130c/r285r1325r2619f:9dAs,4hJc|/7sTsAd/Js:1840,-1840(1840.000000)
53:Player,BR:0cc/cc/cr876c/cr12998f:JcKd,5d9h|/8sJdQd/As/Ac:-976,976(-976.000000)
54:BR,Player:0r200c/cc/r1136f:QcKh,2dAc|/3hTsQh/3s:300,-300(300.000000)
55:Player,BR:0cr200c/cc/r150r150c/cr16072f:9sAc,4s9h|/4d5sKd/Kh/Kc:-600,600(-600.000000)
56:BR,Player:0cc/cc/r9423f:7sAs,TsTh|/3d6sKh/5c:100,-100(100.000000)
57:Player,BR:0cr300c/r520c/r1196r1196f:7d9h,TsKs|/3cTdJc/Kc:-2116,2116(-2116.000000)
58:BR,Player:0r200c/cc/r1306f:4d7h,7sQc|/4cQhAc/2s:300,-300(300.000000)
59:Player,BR:0cc/cc/r200r2284r5816r9039c/cc:4dAs,9sJc|/9hTdJd/Ks/Kc:-17439,17439(-17439.000000)
60:BR,Player:0f:7hTh,3h8c|:50,-50(50.000000)
61:Player,BR:0cr200c/cc/r150r3426c/cr1364c:4dKd,TsKh|/2s6cKc/5s/Jd:-5240,5240(-1255.044013)
62:BR,Player:0f:6hJh,3c7s|:50,-50(50.000000)
63:Player,BR:0cr600c/r910c/cr161r547r547f:5h8c,8hQs|/3s3cAh/6s:-2318,2318(-2318.000000)
64:BR,Player:0f:8sKc,2c9h|:50,-50(50.000000)
65:Player,BR:0cc/cc/cc/cr142f:8hTs,5h5c|/JdKsAs/6h/8c:-100,100(-100.000000)
66:BR,Player:0r200c/cc/r9241f:3s9s,4cKc|/8cThAs/4s:300,-300(300.000000)
67:Player,BR:0cc/cc/cr1532f:4cAs,8c9d|/5c8h9c/Kd:-100,100(-100.000000)
68:BR,Player:0r200c/cr390c/r243r2172r4419f:3cAc,2dKs|/2h6dQc/3s:3105,-3105(3105.000000)
69:Player,BR:0cc/cc/cr3080c/cr12038f:TcQs,2d2c|/3h7dKc/Jh/Js:-3180,3180(-3180.000000)
70:BR,Player:0r130c/cc/r3522f:2c6h,4d7h|/3c4h8c/5c:230,-230(230.000000)
71:Player,BR:0cc/cc/cr9423f:3h8h,7cTh|/5cJcAc/Ah:-100,100(-100.000000)
72:BR,Player:0r200c/cr900c/r18378f:7dKc,3d5c|/4d9dTh/7h:1200,-1200(1200.000000)
73:Player,BR:0cr300c/cc/cr996f:4s4d,5c8c|/ThQdAs/Qh:-400,400(-400.000000)
74:BR,Player:0r130c/cr299c/r655f:3dAc,6cJh|/8cTcAd/7c:529,-529(529.000000)
75:Player,BR:0cc/cc/cr379c/cc:7hQc,2dAs|/JsJhKh/Jd/Ad:-479,479(-479.000000)
76:BR,Player:0r200c/cc/r1306f:8hTc,4sAh|/9d9cKc/Qh:300,-300(300.000000)
77:Player,BR:0cr600c/cc/r910r7009f:4d7d,TcAh|/5s9s9h/8c:-1610,1610(-1610.000000)
78:BR,Player:0r200c/cc/r5284f:3dQd,9cAs|/7hJdJc/4h:300,-300(300.000000)
79:Player,BR:0cc/cc/r130r7085f:2c4h,5h8d|/5c6hJh/Kc:-230,230(-230.000000)
80:BR,Player:0f:6cAh,2sTd|:50,-50(50.000000)
81:Player,BR:0cc/cc/r130r2014f:9dKs,5cKh|/2c3s3h/9c:-230,230(-230.000000)
82:BR,Player:0r130c/cc/r1751f:2dKh,4dAh|/7cJdKs/Kd:230,-230(230.000000)
83:Player,BR:0cc/cc/r130r14250f:4h9d,2dKh|/5s6h9h/Ts:-230,230(-230.000000)
84:BR,Player:0r130c/cc/cc/r14250f:2d7h,9hQd|/8hQhAc/Jc/Qc:230,-230(230.000000)
85:Player,BR:0cc/cc/r200r1306f:2dTc,5hKc|/5d9cQd/Js:-300,300(-300.000000)
86:BR,Player:0cc/cc/r9423f:4h5d,JcKd|/7h8h9s/Tc:100,-100(100.000000)
87:Player,BR:0cr200c/r390c/cr6042f:QsKh,3cAs|/2s2cQh/Ts:-690,690(-690.000000)
88:BR,Player:0f:8cTd,2sJd|:50,-50(50.000000)
89:Player,BR:0cc/cc/cr124c/cr5218f:4d8d,2c8h|/2hTsTc/8s/Kc:-224,224(-224.000000)
90:BR,Player:0r200c/cc/cc/r1136c:9d9c,3s3c|/TdQhAd/7c/7s:1436,-1436(1020.749843)
91:Player,BR:0cc/cc/r130r4051f:7dTh,2c4d|/3dTdAd/6s:-230,230(-230.000000)
92:BR,Player:0r130c/cc/r163f:2cTc,KsAd|/4d6cJh/5h:230,-230(230.000000)
93:Player,BR:0cr300c/cc/cr569c/cr2097c:9hAd,JsQh|/7d8sTd/3h/Ah:3066,-3066(3066.000000)
94:BR,Player:0r130c/cc/r7085f:6sKc,7dJd|/TdJhQh/4s:230,-230(230.000000)
95:Player,BR:0cc/cc/cr3080f:7cAd,3dTc|/4d6s7h/8h:-100,100(-100.000000)
96:BR,Player:0r130c/cc/r573f:5cAs,4sQd|/7cJsKc/Td:230,-230(230.000000)
97:Player,BR:0cc/cc/cr142f:4d9c,9sAd|/2h7hJs/7c:-100,100(-100.000000)
98:BR,Player:0r130c/cc/r871f:7cTd,8s9s|/5dThKh/2s:230,-230(230.000000)
99:Player,BR:0cr300c/r520c/cr4005f:ThKh,5hQd|/3c5sJh/7d:-920,920(-920.000000)
100:BR,Player:0r130c/cc/r1001f:2sQc,7hKc|/3h7d9c/4h:230,-230(230.000000)
101:Player,BR:0cr200c/cc/cr371c/cr117r292r292f:9hAs,QdAc|/2s3d5h/5d/Jd:-1080,1080(-1080.000000)
102:BR,Player:0cc/cc/r124c/r1483f:JsKs,9sKh|/4sQsQh/2h/7s:224,-224(224.000000)
103:Player,BR:0cc/cc/r130r327f:5s6c,2cTc|/2sJsAh/5h:-230,230(-230.000000)
104:BR,Player:0r200c/cc/r1136f:5sAd,8cTd|/3s8dJh/Ah:300,-300(300.000000)
105:Player,BR:0cc/cc/cr3080f:JhQd,5d7d|/4hQhKd/4s:-100,100(-100.000000)
106:BR,Player:0r200c/cc/r5284f:6d8c,4cAh|/3sQhQc/Kc:300,-300(300.000000)
107:Player,BR:0cc/cc/cr1532f:2cQh,8sTd|/5c7s9s/Js:-100,100(-100.000000)
108:BR,Player:0r130c/cr299c/r4632f:2d3s,4d6s|/3c9dAh/4c:529,-529(529.000000)
109:Player,BR:0cr600c/cc/cr6130f:QcAd,5sTh|/2c3s7s/As:-700,700(-700.000000)
110:BR,Player:0f:JsKc,3d7c|:50,-50(50.000000)
111:Player,BR:0cc/cc/cr435f:3sQc,4c6d|/5sThAs/Ts:-100,100(-100.000000)
112:BR,Player:0r130c/cc/r7085f:2h4h,7dKd|/7hThQs/9s:230,-230(230.000000)
113:Player,BR:0cr600c/cc/r1400r2989f:9sJh,3cKs|/6hQcAc/Th:-2100,2100(-2100.000000)
114:BR,Player:0r130c/cr299c/r100c/r1566f:3d4s,3c5h|/2c9cQh/3s/7d:629,-629(629.000000)
115:Player,BR:0cr200c/cc/cr9241f:3h6s,2dJh|/3d9cKc/4d:-300,300(-300.000000)
116:BR,Player:0cc/cr130c/r2014f:9sTh,3sJc|/3h7d7c/2h:230,-230(230.000000)
117:Player,BR:0cc/cc/r200c/r900r5224f:7hJd,9hKc|/6d7dQc/Jc/5s:-1200,1200(-1200.000000)
118:BR,Player:0f:KdAc,2s7d|:50,-50(50.000000)
119:Player,BR:0cr300c/cc/r1200r6966f:AsAh,7sJd|/2h7hQc/4d:-1600,1600(-1600.000000)
120:BR,Player:0f:4hJh,2h5d|:50,-50(50.000000)
121:Player,BR:0cc/cc/cr1761f:2s4c,4s5h|/6s9cAd/2c:-100,100(-100.000000)
122:BR,Player:0r130c/cc/cc/r7085f:4s7s,5h8c|/7h8dTd/6d/Kc:230,-230(230.000000)
123:Player,BR:0cr300c/r520c/r1840r6870f:2cKc,2sTd|/7cJdAc/4s:-2760,2760(-2760.000000)
124:BR,Player:0r130c/cc/r1001f:QsKd,KcAs|/4h6d9s/4d:230,-230(230.000000)
125:Player,BR:0cc/cc/cr142f:5hTs,7dKh|/3dJsQc/Qd:-100,100(-100.000000)
126:BR,Player:0r130c/cc/r7085f:2c4s,6d7s|/6c9sJd/Th:230,-230(230.000000)
127:Player,BR:0cr300c/r800c/r1560r1560r3960f:9cAs,2s6d|/3h9h9d/Ad:4320,-4320(4320.000000)
128:BR,Player:0cc/cr130c/r1001r2472f:4sQs,5cAd|/2c5dJs/5h:-1231,1231(-1231.000000)
129:Player,BR:0cc/cc/r130r7085f:4d5s,3h4h|/2s5hKh/Jd:-230,230(-230.000000)
130:BR,Player:0cc/cc/r761c/r1409f:3h4c,4d9s|/3s3d9d/Tc/Jh:861,-861(861.000000)
131:Player,BR:0cr300c/cc/cr866f:2h2d,JhKc|/8cTcKd/9c:-400,400(-400.000000)
132:BR,Player:0f:3d4c,2d5c|:50,-50(50.000000)
133:Player,BR:0cr200c/cc/r390r6042f:6dKh,6sKc|/TcKsAc/2h:-690,690(-690.000000)
134:BR,Player:0r130c/cr299c/cr1058f:4s5d,3d7d|/8sJdAh/4d:-529,529(-529.000000)
135:Player,BR:0cc/cc/cr761f:3dKs,JsAd|/4d6s9s/Ah:-100,100(-100.000000)
136:BR,Player:0r130c/cc/r2014f:3dAh,5s8c|/4h8hJd/Tc:230,-230(230.000000)
137:Player,BR:0cc/cc/cr1761f:4cJc,2s5s|/4h6sKc/Ks:-100,100(-100.000000)
138:BR,Player:0r130c/cc/r12392f:2dKd,TcAd|/6sQcKh/2h:230,-230(230.000000)
139:Player,BR:0cr200c/cc/r600f:TsKs,ThJd|/8sQcKc/4c:300,-300(300.000000)
140:BR,Player:0r130c/cc/r2014f:4h5d,2d3d|/2h9sQs/7c:230,-230(230.000000)
141:Player,BR:0cc/cc/cr435f:7hQs,3d9s|/3h6hJh/Ks:-100,100(-100.000000)
142:BR,Player:0r200c/cc/r2627f:8cTs,5hJc|/9dJhKh/Ks:300,-300(300.000000)
143:Player,BR:0cr300c/r520c/r1196r5267f:QcKh,8dQh|/3c9dJh/Kd:-2116,2116(-2116.000000)
144:BR,Player:0cc/cr130c/r142r421r3452f:3dTs,6s9c|/4s8sKc/Td:793,-793(793.000000)
145:Player,BR:0cr200c/r390c/r4140f:TsTh,4s6h|/3s7dTd/Kc:690,-690(690.000000)
146:BR,Player:0r130c/cr299c/r19471f:9sKd,8hJh|/8c9hQd/Jc:529,-529(529.000000)
147:Player,BR:0cc/cc/cr124r376r2612f:2sTh,5d6h|/2dTcQc/5s:-600,600(-600.000000)
148:BR,Player:0r200c/cr390c/cr138r6305c/cr10255f:8hKs,6s8c|/2c7c9d/4s/Th:-7133,7133(-7133.000000)
149:Player,BR:0cr200c/cc/cr2627f:5cAd,2h8d|/3s7sKd/Js:-300,300(-300.000000)
150:BR,Player:0r200c/cr390c/r243c/r9395f:8cQs,4s5s|/4h5c8d/Ks/Ah:933,-933(933.000000)
151:Player,BR:0cc/cc/r130c/r299r753f:TdQc,4sJc|/4h7sQh/Kc/3d:-529,529(-529.000000)
152:BR,Player:0r200c/cc/r2627c/cr8773r8300c:7cQs,AhAc|/3h5s5h/Jh/Qh:-20000,20000(-20000.000000)
153:Player,BR:0cc/cc/r130c/r299c:2d6c,7cQh|/2s2cQc/2h/7h:529,-529(95.604002)
154:BR,Player:0cc/cr130c/r1751f:KdAd,4dTh|/4c7hKs/8c:230,-230(230.000000)
155:Player,BR:0cc/cc/cr1761f:7hKs,6h7s|/2sTcJc/9s:-100,100(-100.000000)
156:BR,Player:0r200c/cr390c/r6042f:2c3h,9cQs|/3c6c7s/Kd:690,-690(690.000000)
157:Player,BR:0cc/cc/cr3080f:2dTs,9sQh|/2h5c6c/4d:-100,100(-100.000000)
158:BR,Player:0f:5dJd,2d5s|:50,-50(50.000000)
159:Player,BR:0cr300c/r800c/r3600r6831f:TcKs,QsQc|/7cTdKd/8c:-4800,4800(-4800.000000)
160:BR,Player:0f:8sQs,2sTh|:50,-50(50.000000)
161:Player,BR:0cc/cc/r200r1306f:5cTc,6s7s|/8sJdQc/Ad:-300,300(-300.000000)
162:BR,Player:0f:3s5d,2s8c|:50,-50(50.000000)
163:Player,BR:0cr300c/r520c/cr651f:4d4c,7hKh|/6s6dQd/Ad:-920,920(-920.000000)
164:BR,Player:0r130c/cc/r142r663r9063f:9hAc,8cQc|/2c3sKd/2h:1035,-1035(1035.000000)
165:Player,BR:0cc/cc/r130c/cr7085f:3h7c,KcAd|/6s8hTd/2d/Qd:-230,230(-230.000000)
166:BR,Player:0r130c/cc/r498f:JsKc,2h5h|/9sTsAd/Kh:230,-230(230.000000)
167:Player,BR:0cc/cc/r130r1001f:2h7d,JsAd|/5h5dQd/2s:-230,230(-230.000000)
168:BR,Player:0r130c/cr299c/r4632f:4sAs,4dQc|/5h7sJc/Kh:529,-529(529.000000)
169:Player,BR:0cc/cc/cr1761f:3h7h,6h9c|/3sJdQd/Jh:-100,100(-100.000000)
170:BR,Player:0cc/cc/r9423f:9hTs,4d8c|/5h6cQs/Ks:100,-100(100.000000)
171:Player,BR:0cc/cc/r130r1751f:6sTs,KhAc|/7s8hAd/2d:-230,230(-230.000000)
172:BR,Player:0f:3dAd,2d4s|:50,-50(50.000000)
173:Player,BR:0cr600c/r4200c/cr10606f:2h3d,JcKs|/7d9hKh/Qd:-4900,4900(-4900.000000)
174:BR,Player:0f:7sQs,2dTc|:50,-50(50.000000)
175:Player,BR:0cc/cc/cr435f:3cAd,9cJs|/8sQcKc/8d:-100,100(-100.000000)
176:BR,Player:0f:2s7c,2h5d|:50,-50(50.000000)
177:Player,BR:0cc/cc/cr249f:5dQd,JsAs|/4h8dTs/9h:-100,100(-100.000000)
178:BR,Player:0r130c/cc/r14250f:3c9h,2c6c|/4h4d5s/2d:230,-230(230.000000)
179:Player,BR:0cr600c/cc/r910r2291f:TsAs,8cJd|/4d5cTd/6d:-1610,1610(-1610.000000)
180:BR,Player:0r130c/cr299c/r2303f:6sAd,5d6c|/8h9s9h/3h:529,-529(529.000000)
181:Player,BR:0cc/cc/cr876f:4dTc,2s8h|/9cThAh/9h:-100,100(-100.000000)
182:BR,Player:0r200c/cc/r212c/r6819f:5dQc,6hAc|/5s8s9h/4d/3h:512,-512(512.000000)
183:Player,BR:0cc/cc/cr3080f:4c7d,3sQs|/9h9cJd/Ac:-100,100(-100.000000)
184:BR,Player:0r200c/cc/r244c/cc:7dAs,QsAd|/3h8s8c/Jc/Kh:-544,544(-216.592898)
185:Player,BR:0cc/cc/cr124f:6hKc,4s4d|/3d5sTc/Ah:-100,100(-100.000000)
186:BR,Player:0f:8c9h,2c5h|:50,-50(50.000000)
187:Player,BR:0cc/cc/cr100f:2d5c,JcAc|/8hQsQd/Kc:-100,100(-100.000000)
188:BR,Player:0r200c/cc/r212r523r523f:6s7d,JsKs|/2c4c6c/3d:1035,-1035(1035.000000)
189:Player,BR:0cc/cc/cr435c/cr6196f:9hJc,8d8c|/4c9cAh/Qc/5d:-535,535(-535.000000)
190:BR,Player:0r130c/cr299c/r374c/r15904f:2c7h,QdQc|/2sJsJh/8s/Ac:903,-903(903.000000)
191:Player,BR:0cc/cc/cr435c/cc:4c8d,9dJs|/4h5d7c/5s/Jd:-535,535(20.371031)
192:BR,Player:0cc/cc/r761f:3sTs,4h5s|/5dTcKc/3d:100,-100(100.000000)
193:Player,BR:0cc/cc/r130r573f:2d8s,3s5h|/6h7cTd/Qd:-230,230(-230.000000)
194:BR,Player:0cc/cr200c/r9241f:2sJh,4hTs|/6s8sQc/Ad:300,-300(300.000000)
195:Player,BR:0cc/cc/cr124c/cr1706f:3h4s,4c5d|/3c5hJs/Kh/Ks:-224,224(-224.000000)
196:BR,Player:0r130c/cc/r14250f:7dQs,7h8c|/JdQhKd/Ac:230,-230(230.000000)
197:Player,BR:0cc/cc/cr1761f:4dKc,2sQs|/7d8sAd/9s:-100,100(-100.000000)
198:BR,Player:0cc/cc/r1761f:JcQs,TdJs|/6d6cAs/3c:100,-100(100.000000)
199:Player,BR:0cc/cc/cr379f:4sKd,8hQs|/7c8sJc/Js:-100,100(-100.000000)
200:BR,Player:0r200c/cc/r16163f:2s6h,TsJh|/4d5cJs/8d:300,-300(300.000000)
201:Player,BR:0cr300c/cc/cr7045f:6sKs,3dKh|/6h9dTc/Js:-400,400(-400.000000)
202:BR,Player:0r300c/cc/r1741f:JhKs,6hJs|/2c4c9d/7h:400,-400(400.000000)
203:Player,BR:0cr200c/cc/r150r7926f:9sTh,7s9d|/2s3dKd/2c:-450,450(-450.000000)
204:BR,Player:0f:4cTc,2s6c|:50,-50(50.000000)
205:Player,BR:0cc/cc/cr1532f:4cTc,JsKd|/5h7cQs/Kh:-100,100(-100.000000)
206:BR,Player:0r130c/cc/r1001f:3c8c,4s6s|/5d7dKd/Ad:230,-230(230.000000)
207:Player,BR:0cr200c/cc/cr747f:7h8d,3cKh|/2sJdQh/Ac:-300,300(-300.000000)
208:BR,Player:0r130c/cr299c/r4632f:2c8h,9dTh|/5d8s9c/Jh:529,-529(529.000000)
209:Player,BR:0cr600c/cc/r140r7355f:JcKs,6sTd|/3hQsQd/3d:-840,840(-840.000000)
210:BR,Player:0r200c/cc/r1306f:6d7c,3h4s|/2c8cQh/3c:300,-300(300.000000)
211:Player,BR:0cc/cc/cr142f:2sQd,QsAd|/3d4h7c/Kd:-100,100(-100.000000)
212:BR,Player:0r200c/cc/r5284f:2sTs,7c9s|/9cKcAh/2c:300,-300(300.000000)
213:Player,BR:0cr300c/r520c/r1840r1840f:3cTc,6hKc|/6dQdKd/2d:-2760,2760(-2760.000000)
214:BR,Player:0r130c/cr299c/r753f:5sQs,3d9d|/4s4dTc/3s:529,-529(529.000000)
215:Player,BR:0cc/cc/r300r12322f:4cQh,2hKs|/6hJcAc/Qs:-400,400(-400.000000)
216:BR,Player:0r130c/cr299c/r4632f:4hJd,6dJs|/2h9hTc/3c:529,-529(529.000000)
217:Player,BR:0cr300c/cc/cr12322f:7h8d,2s2c|/4c7dAs/Tc:-400,400(-400.000000)
218:BR,Player:0r130c/cc/r2014f:4h8s,TsTc|/5dJhAs/8d:230,-230(230.000000)
219:Player,BR:0cc/cc/cr876c/r584r13660f:4dAc,3cAh|/5c9dTc/9c/7d:-1560,1560(-1560.000000)
220:BR,Player:0f:TsKh,2d4s|:50,-50(50.000000)
221:Player,BR:0cc/r130c/r115r3021r6949f:4c6d,ThQd|/3c5c7s/Jd:3366,-3366(3366.000000)
222:BR,Player:0r130c/cc/r2014f:TdJh,8dKs|/2s6dQc/9d:230,-230(230.000000)
223:Player,BR:0cr600c/cc/r140r3657f:2sJs,3s4h|/7hJdQd/8s:-840,840(-840.000000)
224:BR,Player:0r130c/cc/r2014f:4s4h,6h9d|/2s8cTs/3s:230,-230(230.000000)
225:Player,BR:0cc/r600c/cr1515f:7hTs,2d3d|/2s2h3s/8h:-700,700(-700.000000)
226:BR,Player:0r130c/cc/cc/r14250f:3h7h,6dKh|/4hJsQc/Kc/5d:230,-230(230.000000)
227:Player,BR:0cc/cc/cr216f:4s9h,2cAs|/8dQdQc/8s:-100,100(-100.000000)
228:BR,Player:0r130c/cc/r7085f:4dKh,8dKd|/3c8cQc/7d:230,-230(230.000000)
229:Player,BR:0cc/cc/r130r871f:9hJd,2sJs|/8cJcKh/2h:-230,230(-230.000000)
230:BR,Player:0cc/cc/r1532f:5hAd,3c4s|/8sKhAs/Qh:100,-100(100.000000)
231:Player,BR:0cr1200c/cc/r260r1104f:JcKs,6s6h|/2d7h7d/Qc:-1560,1560(-1560.000000)
232:BR,Player:0r130c/cc/r1001f:2c9c,3sTs|/5dQhAh/2h:230,-230(230.000000)
233:Player,BR:0cc/cc/cr3080f:2s7h,4sTd|/5sJhQc/2h:-100,100(-100.000000)
234:BR,Player:0cc/cr300c/r3503f:ThQh,8d9s|/2h7c9c/4c:400,-400(400.000000)
235:Player,BR:0cc/cc/r200r9241r10459f:3hQh,QcAc|/2h6h8h/3d:9541,-9541(9541.000000)
236:BR,Player:0r200c/cc/r1306f:2s6c,7cAd|/3s9hQh/2c:300,-300(300.000000)
237:Player,BR:0cc/r130c/r299r9317f:7dQc,2h3c|/7cJdQh/8h:-529,529(-529.000000)
238:BR,Player:0r200c/cc/r2627f:3sAs,KdAh|/8cJdQd/3d:300,-300(300.000000)
239:Player,BR:0cr130c/cc/r299r299f:7sQc,3h9c|/2d6s8c/Th:-529,529(-529.000000)
240:BR,Player:0r200c/cr390c/r3004f:2h6h,8d9d|/4d8s9c/4c:690,-690(690.000000)
241:Player,BR:0cc/cc/cr142f:6sQd,2sJs|/4s9cTs/Th:-100,100(-100.000000)
242:BR,Player:0cc/cc/r9423f:5sAc,4dQd|/2h3sQh/Jh:100,-100(100.000000)
243:Player,BR:0cc/cc/cr19900f:7hKc,KsAs|/3h4d5h/5d:-100,100(-100.000000)
244:BR,Player:0cc/cc/r2679f:9hKh,9dTs|/5hJdAh/7s:100,-100(100.000000)
245:Player,BR:0cc/cc/cr124f:5hQs,9s9d|/3c4cTc/Jd:-100,100(-100.000000)
246:BR,Player:0r130c/cr1380c/r566f:3h7s,5d8c|/9cTsAh/Qh:1610,-1610(1610.000000)
247:Player,BR:0cc/cc/cr249f:4c8c,4d7h|/3h5d9c/4h:-100,100(-100.000000)
248:BR,Player:0r200c/cc/r5284f:QhKh,JsKs|/3h4c5c/3s:300,-300(300.000000)
249:Player,BR:0cr300c/cc/r200r1493c/cc:8h9s,3hAc|/5h8dTd/8c/2d:2093,-2093(2093.000000)
250:BR,Player:0f:5sTh,2s8d|:50,-50(50.000000)
251:Player,BR:0cc/cc/cr9423f:6sQd,2sJc|/6hKhAs/4s:-100,100(-100.000000)
252:BR,Player:0r130c/cc/r2014f:3c7d,7sKh|/2c3sTd/6s:230,-230(230.000000)
253:Player,BR:0cr300c/r520c/cr324c/cr18756f:4cAc,4h8s|/3d9cJs/Kc/7s:-1244,1244(-1244.000000)
254:BR,Player:0f:QsAc,2c9h|:50,-50(50.000000)
255:Player,BR:0cc/cc/cr876f:7cJh,3d4h|/3s6sQs/5d:-100,100(-100.000000)
256:BR,Player:0r130c/cc/r14250f:4cKs,QdKc|/7h8dTs/2h:230,-230(230.000000)
257:Player,BR:0cr300c/cc/r1200r6966f:5hAd,6h7d|/2c3c9d/6d:-1600,1600(-1600.000000)
258:BR,Player:0r200c/cr390c/r243f:2s6c,5d8c|/3d9hKc/Qc:690,-690(690.000000)
259:Player,BR:0cr130c/cc/cr4051f:3c4c,JsAs|/2s4h6h/9s:-230,230(-230.000000)
260:BR,Player:0cc/cr200c/r371c/cr1129r7836r10364f:JsJc,TsTh|/6s6d8d/2c/Tc:-9636,9636(-9636.000000)
261:Player,BR:0cc/cc/cr9423f:2d9h,6c7d|/4s5hJh/Kc:-100,100(-100.000000)
262:BR,Player:0f:9sJd,2c7s|:50,-50(50.000000)
263:Player,BR:0cr300c/cc/cr6126c/r100r8200c:6s7c,7dAd|/7hTcAc/6d/4d:-14826,14826(-14298.479722)
264:BR,Player:0r130c/cc/r2014c/r12920c:3h6h,5c7d|/4c5sQd/5h/2s:15164,-15164(15164.000000)
265:Player,BR:0cc/cc/cr1532f:3hKc,5dTd|/8sThJd/As:-100,100(-100.000000)
266:BR,Player:0r130c/cc/r4051f:6dAs,3cKh|/4s7hQs/9s:230,-230(230.000000)
267:Player,BR:0cr200c/cc/r390r1718c/cc:AsAc,6cTs|/QsAhAd/Tc/7d:2408,-2408(2408.000000)
268:BR,Player:0r130c/cr460c/r3004f:JsAc,4h5h|/6sTsKs/Kh:690,-690(690.000000)
269:Player,BR:0cr200c/cc/r150r3940f:7c8s,JcAd|/3s4d6h/Ks:-450,450(-450.000000)
270:BR,Player:0r130c/cc/r4051f:4c8s,KcAs|/4s7dQh/Jc:230,-230(230.000000)
271:Player,BR:0cc/cc/r130r4051f:8dTc,3d8h|/4c8sKd/6d:-230,230(-230.000000)
272:BR,Player:0r130c/cc/r7085f:2c5h,TcKs|/6d7hJd/9c:230,-230(230.000000)
273:Player,BR:0cc/cc/cr435f:2dKs,2h4c|/3d8d9h/Ah:-100,100(-100.000000)
274:BR,Player:0r130c/cc/r2014f:7hJs,5c8s|/8cQsKh/7c:230,-230(230.000000)
275:Player,BR:0cc/cc/cr3080f:8c9h,JsAd|/5h7s9s/Ks:-100,100(-100.000000)
276:BR,Player:0f:7cTh,2h7d|:50,-50(50.000000)
277:Player,BR:0cc/cc/cr379f:9dKs,8dTc|/3dKdAd/7d:-100,100(-100.000000)
278:BR,Player:0r130c/cc/r1001c/r2664f:3d9s,QdAs|/2sTdKh/4s/9c:1231,-1231(1231.000000)
279:Player,BR:0cr130c/cc/cr1001f:8hAs,5sAc|/2h4sKd/Jc:-230,230(-230.000000)
280:BR,Player:0r200c/cr390c/r243r1447r3387f:6dAc,4s7d|/2d8s8c/8d:2380,-2380(2380.000000)
281:Player,BR:0cc/cc/cr2679f:5cJs,9sAs|/3d3cAc/Ad:-100,100(-100.000000)
282:BR,Player:0cc/cr130c/r285f:6c9d,7hJs|/2d4hKh/6s:230,-230(230.000000)
283:Player,BR:0cr600c/cc/cr495c/cr2249f:KhAh,4h5s|/9sJsQd/2d/9h:-1195,1195(-1195.000000)
284:BR,Player:0cc/cc/r1761c/cr14239f:2s4s,5d8d|/4h6c9c/7d/Ah:-1861,1861(-1861.000000)
285:Player,BR:0cc/cc/cr876f:4hKd,7hTh|/6h8sAh/Js:-100,100(-100.000000)
286:BR,Player:0r200c/cc/r427c/r12804f:9sQd,4h5d|/5s6s8h/Jh/7s:727,-727(727.000000)
287:Player,BR:0cc/cc/r200r2284f:ThJc,4c6d|/3c7c9d/5c:-300,300(-300.000000)
288:BR,Player:0r130c/cr299c/r186c/r2047f:3dQc,6sQh|/2d6c9h/9s/7c:715,-715(715.000000)
289:Player,BR:0cc/cc/cr216c/cr5566f:4hTh,5cKs|/5d8cJc/4s/As:-316,316(-316.000000)
290:BR,Player:0r130c/cc/r100r463r18471f:5d9h,KhKc|/8d8cTh/5c:793,-793(793.000000)
291:Player,BR:0cr300c/cc/cr1514f:2dJd,7s8s|/7hJhQc/8h:-400,400(-400.000000)
292:BR,Player:0r200c/cr390c/r12153f:6dJs,7s9d|/3d5cTs/9h:690,-690(690.000000)
293:Player,BR:0cc/cc/cr761f:3sKc,TsAh|/6sJdAc/3d:-100,100(-100.000000)
294:BR,Player:0r300c/cr520c/r14090f:3d8c,4cQc|/9hTcJc/7h:920,-920(920.000000)
295:Player,BR:0cc/cc/r200c/r390r18483f:8dKh,3cAc|/5cQsKd/2d/Jc:-690,690(-690.000000)
296:BR,Player:0r200c/cr390c/r3004f:7dJh,6h8h|/2h8s9c/3s:690,-690(690.000000)
297:Player,BR:0cc/cc/cr761c/cr15164f:4hAc,6cAs|/4sThJh/Ad/6d:-861,861(-861.000000)
298:BR,Player:0f:8hQc,2c7s|:50,-50(50.000000)
299:Player,BR:0cr300c/cc/r200r4569c/cr5562r9269f:4c7c,6s7s|/2h5s8s/6c/Ah:10731,-10731(10731.000000)
300:BR,Player:0r130c/cc/r14250f:3dKs,6hQs|/6c8dAc/5d:230,-230(230.000000)
301:Player,BR:0cc/cc/r130r498c/cr11149c:2hQs,7d8d|/8h8cQh/9h/3d:-11877,11877(-10092.286451)
302:BR,Player:0r130c/cc/r1751r1751r4619r4619r4619f:QhKc,4c6d|/2h6c9c/Qc:12970,-12970(12970.000000)
303:Player,BR:0cc/cc/r200r200f:5h9s,3s7s|/3d7d8d/8s:-300,300(-300.000000)
304:BR,Player:0r130c/cc/r871f:2sAh,7h9d|/4sQsAd/Ks:230,-230(230.000000)
305:Player,BR:0cc/cc/r130r130c/cr1363c:6c8h,3cAs|/3h6dKd/6s/9h:1723,-1723(964.762974)
306:BR,Player:0f:7hJc,2hTs|:50,-50(50.000000)
307:Player,BR:0cc/cc/cr1761f:2cKs,2hTc|/3d9dAc/Kh:-100,100(-100.000000)
308:BR,Player:0r200c/cr390c/r6042f:8dJd,9cKs|/3d6hTd/4h:690,-690(690.000000)
309:Player,BR:0cc/cc/cr379f:4dTh,6cQd|/7sQhKh/4s:-100,100(-100.000000)
310:BR,Player:0r200c/cr390c/cr1380r9012f:2s8c,6sKc|/3s5d7d/9c:2070,-2070(2070.000000)
311:Player,BR:0cr130c/cc/r299r4632f:2hAh,4hKd|/8hQsAd/4d:-529,529(-529.000000)
312:BR,Player:0r200c/cc/r1306f:4dQs,3dAd|/7hJhKc/6c:300,-300(300.000000)
313:Player,BR:0cr300c/cc/r1200f:ThTd,3sKh|/5c6d7s/2s:400,-400(400.000000)
314:BR,Player:0f:QcKs,2c5h|:50,-50(50.000000)
315:Player,BR:0cc/cc/cr124c/cr104c:3sJs,5d8d|/3h8cQd/Ac/6d:-328,328(-177.321989)
316:BR,Player:0r130c/cr299c/r4632f:2hJh,6dTc|/5c7dQs/8h:529,-529(529.000000)
317:Player,BR:0cr600c/cc/r910r2291c/cc:JhKc,8sAd|/2c6sKh/8h/9c:3901,-3901(3901.000000)
318:BR,Player:0r130c/cc/r14250f:5d7h,6sAc|/6d9sKc/Js:230,-230(230.000000)
319:Player,BR:0cc/cc/cr1761f:5sTc,8sKs|/2c4sJd/Qs:-100,100(-100.000000)
320:BR,Player:0r300c/cr520c/r100f:4h8h,2hKs|/3c4s9h/Qs:920,-920(920.000000)
321:Player,BR:0cc/cc/r200r200f:8c9h,QdKh|/5dTcQc/5c:-300,300(-300.000000)
322:BR,Player:0r130c/cc/r14250f:TsQd,TcQs|/4d5s6d/9d:230,-230(230.000000)
323:Player,BR:0cr200c/r600c/r2700r8961f:5s7s,7cKd|/4s6dAd/2h:-3600,3600(-3600.000000)
324:BR,Player:0r130c/cc/cr299r299f:6cKd,4sTd|/7s9h9d/7c:529,-529(529.000000)
325:Player,BR:0cc/cc/cr876f:6sJd,9dKh|/3s6dTs/Ad:-100,100(-100.000000)
326:BR,Player:0r130c/cr299c/r4632f:3hJh,9dTd|/2d7h8d/9s:529,-529(529.000000)
327:Player,BR:0cc/cc/r130r7085f:8c9d,2s7s|/5h6hQc/Kh:-230,230(-230.000000)
328:BR,Player:0cc/cc/r249c/r7069f:4dAs,6dQd|/2d5s9h/Qc/4h:349,-349(349.000000)
329:Player,BR:0cc/cc/cc/cr124c:4hAs,4s4c|/8c9d9c/5s/3s:-224,224(-151.304024)
330:BR,Player:0r130c/cr299c/r655f:8cTs,6hQd|/2h9s9h/Td:529,-529(529.000000)
331:Player,BR:0cc/cc/cr249f:9dQh,ThQd|/4d4c5h/Js:-100,100(-100.000000)
332:BR,Player:0r130c/cc/r7085f:2cAd,5hAh|/9dTsKd/Jd:230,-230(230.000000)
333:Player,BR:0cr300c/cc/cr569f:5hQd,6s9h|/6hQcKc/8c:-400,400(-400.000000)
334:BR,Player:0r200c/cc/cr600f:4dJh,JdAc|/3s3dAs/Ad:-300,300(-300.000000)
335:Player,BR:0cr600c/r1400c/r6300f:4d5s,6cJh|/2c3s7c/Ts:2100,-2100(2100.000000)
336:BR,Player:0r130c/cc/r2014c/r8495f:3h7d,5s9h|/6c8c9s/9c/Js:2244,-2244(2244.000000)
337:Player,BR:0cr600c/r910c/r4830r9165f:4s4d,QcKd|/3s5h6h/Td:-6440,6440(-6440.000000)
338:BR,Player:0r200c/cr600c/r3918f:6c8d,3sJs|/2d5s9h/5d:900,-900(900.000000)
339:Player,BR:0cc/cc/cr8194c/r100r11606f:7hQh,JcAs|/2hJsAh/9d/6c:-8394,8394(-8394.000000)
340:BR,Player:0r200c/cc/r2627f:6hJd,2s9s|/4h5hAc/7h:300,-300(300.000000)
341:Player,BR:0cc/cc/r300r18740f:8sJd,2s6h|/4c9sTh/5s:-400,400(-400.000000)
342:BR,Player:0r130c/cr299c/cc/r325r969r2594f:4sQh,8sAd|/5sJdAh/6s/Qc:1823,-1823(1823.000000)
343:Player,BR:0cc/cc/r130r4051f:3sAc,4h6d|/2h3cTs/8c:-230,230(-230.000000)
344:BR,Player:0r130c/cc/r142c/r17428f:5d6s,8hJs|/4d5cAs/Th/2s:372,-372(372.000000)
345:Player,BR:0cr300c/cc/r200r854f:2cQc,2hTd|/2s5c9h/Ah:-600,600(-600.000000)
346:BR,Player:0r200c/cc/r4595c/cr6805f:7d9c,7h8d|/3s7cJs/Tc/9d:-4895,4895(-4895.000000)
347:Player,BR:0cr300c/r520c/r1196r1196f:3h5h,5c9h|/3d4d6d/8s:-2116,2116(-2116.000000)
348:BR,Player:0r130c/cc/r4051f:ThAs,6hKc|/5s8dKh/3d:230,-230(230.000000)
349:Player,BR:0cc/cc/cr124c/cr848f:5hQh,6sKh|/2c6c7h/5c/4c:-224,224(-224.000000)
350:BR,Player:0cc/cr130c/r4051f:ThAs,2cAc|/2s6c9s/Js:230,-230(230.000000)
351:Player,BR:0cc/cc/r130r2014f:2dAc,3dKh|/5sTsTd/Th:-230,230(-230.000000)
352:BR,Player:0r130c/cc/r871c/r1030c:KcAh,2cKs|/5s6cKd/3h/5d:2131,-2131(2131.000000)
353:Player,BR:0cc/cc/cr9423f:3cJd,4hQs|/9sTsAs/Th:-100,100(-100.000000)
354:BR,Player:0r130c/cr299c/r2303f:6d7h,7sJh|/3h5c9c/3c:529,-529(529.000000)
355:Player,BR:0cr300c/cc/cr996f:6s7h,4h6c|/2s2cKd/8d:-400,400(-400.000000)
356:BR,Player:0r130c/cc/r2014f:4s6d,JdAs|/2s5sKc/4c:230,-230(230.000000)
357:Player,BR:0cr200c/cc/cr212c/cr238c:6hAh,5h8h|/2h3d5c/Qc/9s:-750,750(-375.484487)
358:BR,Player:0r200c/cr600c/r19100c/cc:2d9d,2hJh|/2s2c3s/Kh/Qd:0,-0(9346.735990)
359:Player,BR:0cr600c/cc/cr19300f:5d6s,8sQc|/8h8dJs/Kc:-700,700(-700.000000)
360:BR,Player:0f:2c5s,2s6h|:50,-50(50.000000)
361:Player,BR:0cr130c/cc/r115r1502f:ThQd,2s9d|/3cTcJs/Kc:-345,345(-345.000000)
362:BR,Player:0r200c/cr600c/r7881r11219f:5d6s,8hTs|/8dTcKs/8c:-8781,8781(-8781.000000)
363:Player,BR:0cr600c/cc/r140r7355f:TsAd,KdAs|/4c8sQc/2c:-840,840(-840.000000)
364:BR,Player:0r130c/cc/r1751c/r11406c:2sAd,3cKs|/9sKhAc/3d/Td:-13387,13387(7253.221405)
365:Player,BR:0cr200c/cc/r390r390f:2dTh,9s9c|/3d6sKd/7d:-690,690(-690.000000)
366:BR,Player:0r130c/cr460c/r5254f:6cQs,5c9h|/5d9dQh/7c:690,-690(690.000000)
367:Player,BR:0cr200c/cc/r150r13862f:6hAs,7cKd|/6sTdJh/4c:-450,450(-450.000000)
368:BR,Player:0r200c/cc/r1306f:6cAh,3c5s|/8h8dQd/6d:300,-300(300.000000)
369:Player,BR:0cc/cc/cr876f:6hJc,3c8h|/4d5dKd/Qs:-100,100(-100.000000)
370:BR,Player:0r130c/cr299c/r4632f:2dTd,7hQd|/4d6h7d/Js:529,-529(529.000000)
371:Player,BR:0cc/cc/cr876f:7cJd,8sKc|/3h5hAs/Jc:-100,100(-100.000000)
372:BR,Player:0r130c/cr690c/r4005f:3dAh,5s8h|/7c9hQh/2d:920,-920(920.000000)
373:Player,BR:0cc/cc/cr124c/cc:5hKc,3c9h|/2d9sQc/Td/4c:-224,224(-29.723107)
374:BR,Player:0r200c/cr390c/r12153f:QsKc,4c5d|/3h9dTd/5h:690,-690(690.000000)
375:Player,BR:0cr300c/cc/r520c/r1196r3011f:KhAc,8cTh|/4h8h9h/Ks/Js:-2116,2116(-2116.000000)
376:BR,Player:0cc/cc/r761f:9cQc,2sJh|/5h6cQs/8h:100,-100(100.000000)
377:Player,BR:0cr200c/r390c/cr3004f:TcQc,5cQs|/3s3d9c/Ks:-690,690(-690.000000)
378:BR,Player:0r200c/cr390c/r3004f:6h8h,6sJh|/4hTdQc/3s:690,-690(690.000000)
379:Player,BR:0cr200c/cc/r150r318r784r784c/cc:5s6s,8s8c|/4s5hKh/5c/2d:2336,-2336(578.390681)
380:BR,Player:0f:5cJs,2d3c|:50,-50(50.000000)
381:Player,BR:0cc/cc/cr1761f:3h8h,2d6c|/4h7d9d/3d:-100,100(-100.000000)
382:BR,Player:0r200c/cr390c/r243f:5sJd,3sJc|/4h7sKs/Kd:690,-690(690.000000)
383:Player,BR:0cc/cc/cr142f:2hKd,2c8d|/4s5d9d/Js:-100,100(-100.000000)
384:BR,Player:0r130c/cr299c/cc/r2003f:3hJs,ThJd|/4h6s7c/3d/Jc:529,-529(529.000000)
385:Player,BR:0cr300c/cc/cr19600f:TcKc,3s9s|/2d3d8s/3h:-400,400(-400.000000)
386:BR,Player:0f:6sAc,2cJd|:50,-50(50.000000)
387:Player,BR:0cr300c/cc/r200r4569f:8dJd,6sQh|/6h7dQs/Tc:-600,600(-600.000000)
388:BR,Player:0r130c/cr299c/r1317f:4h8c,6dTs|/4d5sQh/Kd:529,-529(529.000000)
389:Player,BR:0cc/cc/cr379f:3hQd,8cKd|/2d8sTd/Tc:-100,100(-100.000000)
390:BR,Player:0r130c/cr690c/r1309f:6dKc,JhAs|/ThKsAc/Jc:920,-920(920.000000)
391:Player,BR:0cc/cc/cr435f:JsQh,6c9h|/5d7dAs/Qd:-100,100(-100.000000)
392:BR,Player:0f:8hJd,2s4h|:50,-50(50.000000)
393:Player,BR:0cc/cc/cr379f:5s8d,5dAc|/8hTcAh/2c:-100,100(-100.000000)
394:BR,Player:0r130c/cr299c/r325r969r969f:9sJc,5sTh|/7d8d9c/3s:1823,-1823(1823.000000)
395:Player,BR:0cc/cc/cr876f:3dQs,3h9s|/4d5hJc/7h:-100,100(-100.000000)
396:BR,Player:0r130c/cc/r1001f:3c6d,7cJd|/4s8dKs/4h:230,-230(230.000000)
397:Player,BR:0cr300c/cc/r800f:TdKc,3d8s|/2h5s7c/5h:400,-400(400.000000)
398:BR,Player:0r200c/cc/r1306f:5dTd,6dAh|/2h8cAs/3h:300,-300(300.000000)
399:Player,BR:0cr200c/cc/r150r1704r1986f:7cAc,6hAs|/9cJcAd/7s:2154,-2154(2154.000000)
400:BR,Player:0r130c/cc/r285c/r19485f:7d8h,5hAd|/5s6s8s/Ac/Td:515,-515(515.000000)
401:Player,BR:0cc/cc/cr9423f:2s8d,7d9c|/5hKdAd/6h:-100,100(-100.000000)
402:BR,Player:0f:5c6s,2h3d|:50,-50(50.000000)
403:Player,BR:0cr300c/cc/r200r2612c/cr6045c:9s9h,5cKc|/2c8dJs/Jc/Tc:-9257,9257(-9257.000000)
404:BR,Player:0f:7hKd,2h4s|:50,-50(50.000000)
405:Player,BR:0cc/cc/cr100r600r3483f:ThJd,2h9c|/3s3hQd/2c:-800,800(-800.000000)
406:BR,Player:0r130c/cr299c/r2303f:4d6d,9sAs|/4cKsKh/9d:529,-529(529.000000)
407:Player,BR:0cr200c/cc/r600r7881f:TsTh,5h9d|/4d5c8s/As:-900,900(-900.000000)
408:BR,Player:0f:4cAs,2d3c|:50,-50(50.000000)
409:Player,BR:0cr300c/cc/cr569f:4d7d,5h8c|/9hJhKc/Ah:-400,400(-400.000000)
410:BR,Player:0f:JhAd,3h9s|:50,-50(50.000000)
411:Player,BR:0cr200c/r390c/cr6042f:8h9c,8sQh|/5c7hJd/5h:-690,690(-690.000000)
412:BR,Player:0r130c/cc/r4051f:5h8c,3cAh|/2s8hJd/Qc:230,-230(230.000000)
413:Player,BR:0cr200c/r390c/cr6042f:TdJc,2h4c|/6s6c8d/Qs:-690,690(-690.000000)
414:BR,Player:0cc/cr130c/cr460r3004r7415f:4c8d,JhQd|/8cThAc/Kh:-3694,3694(-3694.000000)
415:Player,BR:0cc/cc/cr1532f:3s6d,7cTs|/5d9cKh/Td:-100,100(-100.000000)
416:BR,Player:0r200c/cr390c/r243f:3d5c,6sTc|/7d7cAc/Jh:690,-690(690.000000)
417:Player,BR:0cr300c/cc/r200c/r120r891f:9hTh,TsJd|/5s5hAd/Js/8c:-720,720(-720.000000)
418:BR,Player:0f:8sKd,2h4d|:50,-50(50.000000)
419:Player,BR:0cr600c/cc/cr3047f:5d8s,3h9s|/2dTdAh/Th:-700,700(-700.000000)
420:BR,Player:0r130c/cc/r1001f:5dQh,5hAc|/6cJsJd/9s:230,-230(230.000000)
421:Player,BR:0cc/cc/r200r747f:6sAd,2c7h|/5s5hTd/5c:-300,300(-300.000000)
422:BR,Player:0r130c/cc/r6161f:7sTs,JdKh|/2c7dAs/Qs:230,-230(230.000000)
423:Player,BR:0cc/cc/cr379f:6d8s,2h9s|/2c5cTc/2d:-100,100(-100.000000)
424:BR,Player:0r200c/cr390c/r3004c/cr7415f:3sQh,7c9c|/TdKcAh/6c/5h:-3694,3694(-3694.000000)
425:Player,BR:0cr300c/cc/r800r5224c/cc:4h4c,ThKc|/4s6d8c/Td/Js:6424,-6424(5741.142462)
426:BR,Player:0r130c/cc/r573f:JsAc,3d6s|/4h6c9s/Ks:230,-230(230.000000)
427:Player,BR:0cr200c/cc/cr9241f:3h3c,4d7c|/5dThQc/6s:-300,300(-300.000000)
428:BR,Player:0r200c/cc/r9241f:8s9c,9sTh|/2h2c3d/Ad:300,-300(300.000000)
429:Player,BR:0cc/cc/cr9423f:7dJs,6c9c|/2c8sQc/5h:-100,100(-100.000000)
430:BR,Player:0r130c/cc/r498c/r3169c:3c9h,2cAc|/4c9sKs/Kc/Tc:-3897,3897(921.814471)
431:Player,BR:0cc/cc/cr1532f:6sKh,2c7h|/2d7cQd/8c:-100,100(-100.000000)
432:BR,Player:0r130c/cr299c/r9317f:3c6s,7c8s|/5c9hKs/Ts:529,-529(529.000000)
433:Player,BR:0cc/cc/r200r9241f:3sAd,4cJc|/6cTdAs/Qs:-300,300(-300.000000)
434:BR,Player:0f:8hQs,3c8d|:50,-50(50.000000)
435:Player,BR:0cc/cc/cr435c/cr12461f:JdQh,2s8c|/5dJsQs/4c/9s:-535,535(-535.000000)
436:BR,Player:0r130c/cr299c/r2303f:2s8h,6dTh|/4h9sAd/3s:529,-529(529.000000)
437:Player,BR:0cc/cc/cr876f:3sJc,ThAs|/4d6c9s/8c:-100,100(-100.000000)
438:BR,Player:0r200c/cr900c/cr2400f:ThAc,QsKs|/9hTsJs/6s:-1200,1200(-1200.000000)
439:Player,BR:0cr600c/cc/r350r2614c/cr3943f:TdQs,2dKs|/8sQcAd/Ah/3h:-3664,3664(-3664.000000)
440:BR,Player:0f:2cJs,2d7s|:50,-50(50.000000)
441:Player,BR:0cc/cc/r130f:7dAh,4s9s|/6c9hTd/8c:100,-100(100.000000)
442:BR,Player:0r600c/cc/r12329f:2hKc,4c6c|/5d6sJd/Ts:700,-700(700.000000)
443:Player,BR:0cr300c/cc/r520r7005c/cr7416c:8dQd,9s9d|/2h5dQc/9h/As:-15341,15341(-15341.000000)
444:BR,Player:0r200c/cr390c/r3004c/r7996f:2h3s,6cJc|/6dTcJh/9d/8h:3694,-3694(3694.000000)
445:Player,BR:0cr130c/cc/cr163c/cr423c:TcQd,2c5d|/9d9cKd/Qs/Jd:816,-816(816.000000)
446:BR,Player:0r130c/cc/r7085f:QhAs,4s6h|/5s7dTd/Jc:230,-230(230.000000)
447:Player,BR:0cc/cc/cr9423f:5sAd,3dAh|/2d6dTd/Jh:-100,100(-100.000000)
448:BR,Player:0r130c/cc/r327f:7sKh,5d7c|/5s9hTh/4h:230,-230(230.000000)
449:Player,BR:0cc/cc/cr761f:8sJd,QdAh|/2cTsAc/Th:-100,100(-100.000000)
450:BR,Player:0r130c/cr460c/r3004f:6sQh,5cAs|/2c5h6c/9s:690,-690(690.000000)
451:Player,BR:0cc/cc/r200r5284f:2cTh,4s6c|/4cJcAh/Js:-300,300(-300.000000)
452:BR,Player:0r130c/cr460c/r6042r13268f:3cKh,JcAc|/3d6c7c/7d:-6732,6732(-6732.000000)
453:Player,BR:0cr300c/cc/cr6126f:5d8d,2s6d|/2c6hQc/7h:-400,400(-400.000000)
454:BR,Player:0r130c/cc/r142c/r5697f:5d5c,TsTd|/2h8sKc/8c/7s:372,-372(372.000000)
455:Player,BR:0cc/cc/r130r285c/cr18244c:3h8s,7cTh|/6c8cTd/8d/Tc:-18759,18759(-18759.000000)
456:BR,Player:0r130c/cc/r871r1015f:AsAd,QsKc|/6c9hTh/Jc:-1101,1101(-1101.000000)
457:Player,BR:0cc/cc/cr876f:3h4s,4dQh|/6d8cTd/Ah:-100,100(-100.000000)
458:BR,Player:0f:4dTc,3s8d|:50,-50(50.000000)
459:Player,BR:0cc/cc/cr124r576r3483f:6dQs,5sJh|/5c6cQd/2d:-800,800(-800.000000)
460:BR,Player:0cc/cc/r9423f:TdAs,TsAh|/9sQdKs/6s:100,-100(100.000000)
461:Player,BR:0cc/cc/cr8194f:6cJd,5sAc|/9cQcKc/Tc:-100,100(-100.000000)
462:BR,Player:0r200c/cr600c/r6853f:5hTh,2h7h|/5s6hTc/2c:900,-900(900.000000)
463:Player,BR:0cc/cc/cr379c/cr1577c:5hKc,5sKh|/8hKsAd/Qh/As:0,-0(-1367.180132)
464:BR,Player:0r130c/cr460c/r6042f:5sJd,4h5h|/ThQcKd/7c:690,-690(690.000000)
465:Player,BR:0cr200c/cc/cr1306f:4h4c,3h9c|/9hThAd/5h:-300,300(-300.000000)
466:BR,Player:0r200c/cr390c/r243f:5h6h,6s8s|/ThKhKd/3c:690,-690(690.000000)
467:Player,BR:0cc/cc/cr8194f:6dKc,JdQh|/9hJcAh/Qc:-100,100(-100.000000)
468:BR,Player:0r130c/cr299c/r162r1211r4734c/cr13364c:6cJd,5s9s|/8cJsQs/3h/7s:-20000,20000(-4148.240674)
469:Player,BR:0cr300c/cc/cr3503f:5hKs,2dJc|/6d7s7d/3d:-400,400(-400.000000)
470:BR,Player:0r130c/cr299c/r655f:KcAd,8dTd|/5s9hAs/3s:529,-529(529.000000)
471:Player,BR:0cc/cc/cr876f:2h6c,5sTh|/4h7s7h/9d:-100,100(-100.000000)
472:BR,Player:0r130c/cr299c/r4632f:4dAd,6d9h|/3s4hTd/6h:529,-529(529.000000)
473:Player,BR:0cr200c/r600c/cr1281f:7dJc,4sJh|/8d9sKd/9c:-900,900(-900.000000)
474:BR,Player:0r130c/cr460c/r100f:3c9h,7sTs|/2dJhKs/4h:690,-690(690.000000)
475:Player,BR:0cc/cc/cc/r130r2014f:9cJs,4sJd|/3sKdKc/Ad/Jc:-230,230(-230.000000)
476:BR,Player:0r130c/cc/r871f:8hKh,4cTc|/2cTsQh/Ks:230,-230(230.000000)
477:Player,BR:0cr300c/r1200c/r3200r3200f:9cTd,2c3h|/6hJhQs/3d:-4800,4800(-4800.000000)
478:BR,Player:0r130c/cr299c/r19471f:8hTd,5dJc|/7s9hJd/4s:529,-529(529.000000)
479:Player,BR:0cr300c/cc/r1200f:QhKh,3h6d|/2h8dKc/7h:400,-400(400.000000)
480:BR,Player:0r130c/cr299c/r162c/r2616c:7c9s,9hAc|/4h8dAd/9d/2s:-3307,3307(356.938609)
481:Player,BR:0cr200c/cc/cr2627f:TdQd,2h9d|/4s4d6h/5d:-300,300(-300.000000)
482:BR,Player:0r130c/cc/r14250f:3h3c,7dKd|/4s5sAc/5h:230,-230(230.000000)
483:Player,BR:0cr130c/cc/r115r3021f:8s8c,7s8d|/9sThAh/Qd:-345,345(-345.000000)
484:BR,Player:0f:3s9h,3cTh|:50,-50(50.000000)
485:Player,BR:0cc/cc/cr142c/cr8573f:9cJd,6cQh|/2dKhAs/Ks/6d:-242,242(-242.000000)
486:BR,Player:0r130c/cc/r7085f:8dAs,5h7d|/5d6sKc/Qh:230,-230(230.000000)
487:Player,BR:0cr300c/cc/cr3503f:5cKc,TcJs|/2c4hAh/Ks:-400,400(-400.000000)
488:BR,Player:0r130c/cr299c/r2303f:3d4c,4sQd|/6d7dAs/Ad:529,-529(529.000000)
489:Player,BR:0cc/cc/r130r1001c/cr2664f:8c9s,6d7h|/2h5sJs/8s/5h:-1231,1231(-1231.000000)
490:BR,Player:0r130c/cc/r14250f:8cTh,6hQh|/2h3sQd/9c:230,-230(230.000000)
491:Player,BR:0cc/cc/cr124c/cr13879f:6sTd,7hTh|/6d7s9h/3c/5c:-224,224(-224.000000)
492:BR,Player:0r130c/cr460c/r3004c/cc:3dAh,6hKh|/2h9dJh/9s/Jc:3694,-3694(3234.200527)
493:Player,BR:0cc/cc/cr124c/cr13879f:6sJc,7dQh|/7h9dKc/6h/4h:-224,224(-224.000000)
494:BR,Player:0r200c/cr600c/r1281c/r4721r13098f:2cQc,3dQs|/5s8sJc/9s/Ad:-6902,6902(-6902.000000)
495:Player,BR:0cr200c/cc/r150r150c/r210r18867f:JhKh,2d6h|/8cJsAh/Qh/3s:-810,810(-810.000000)
496:BR,Player:0r130c/cr299c/r655c/r1465f:4d9d,3cJc|/2s8h9c/3s/Ah:1184,-1184(1184.000000)
497:Player,BR:0cc/cc/cr124f:7dQs,5sJs|/8hJcAd/2d:-100,100(-100.000000)
498:BR,Player:0r130c/cr690c/r324r4276r7856f:5h6s,TsJh|/8s9hQs/Qh:5520,-5520(5520.000000)
499:Player,BR:0cc/cc/cr1761f:8hAd,TsQd|/5h5dJs/9c:-100,100(-100.000000)
500:BR,Player:0r130c/cr460c/r6042f:3s8h,9cTd|/4d6hJs/Ac:690,-690(690.000000)
501:Player,BR:0cc/cc/cr435f:3dJd,2c5h|/4c7hTh/2h:-100,100(-100.000000)
502:BR,Player:0r300c/cc/r7045f:6h7h,TsKs|/2d3d9c/7c:400,-400(400.000000)
503:Player,BR:0cc/cc/cr142c/cr14994f:4dAh,3hJh|/3d5cQs/Kd/3c:-242,242(-242.000000)
504:BR,Player:0cc/cc/r435f:4dQd,2hKc|/6cJdJc/Ad:100,-100(100.000000)
505:Player,BR:0cc/cc/cr142f:4hTs,3hTc|/2h6cKd/2s:-100,100(-100.000000)
506:BR,Player:0r200c/cc/r649f:6sAs,9dKc|/4cJsAh/Qc:300,-300(300.000000)
507:Player,BR:0cc/cc/cr1761f:2h7s,4cKh|/3c6c7c/2d:-100,100(-100.000000)
508:BR,Player:0r130c/cc/r1751f:2cAh,8s8h|/KcAsAc/4s:230,-230(230.000000)
509:Player,BR:0cc/cc/cr379c/cr448f:9dKh,6cTs|/7c9cTc/4h/5c:-479,479(-479.000000)
510:BR,Player:0r200c/cc/r5284f:5hTs,8cTc|/3c4h9h/Jh:300,-300(300.000000)
511:Player,BR:0cr200c/cc/cr371r709r6008f:9dAd,5hKh|/5c7s9h/3h:-1380,1380(-1380.000000)
512:BR,Player:0r200c/cc/r371c/r10276c:JsKs,8dAs|/3s5cKd/Ah/8s:-10947,10947(-2512.851427)
513:Player,BR:0cr200c/cc/cr1306f:QdAh,6hQh|/5hTdAc/Kd:-300,300(-300.000000)
514:BR,Player:0r130c/cc/r327f:7dQc,9cKh|/2h3dTc/4h:230,-230(230.000000)
515:Player,BR:0cc/cc/cr435f:JsKh,4s9h|/3c6s6h/7h:-100,100(-100.000000)
516:BR,Player:0f:3hKh,2hTc|:50,-50(50.000000)
517:Player,BR:0cc/cc/r200r200r880r880c/r1052r14419f:2h8h,5sQd|/4sQhAh/7h/Ac:-3312,3312(-3312.000000)
518:BR,Player:0r130c/cr299c/cr687r687f:2c9h,8cQs|/TcJcKh/Kd:1216,-1216(1216.000000)
519:Player,BR:0cr300c/cc/r200r2612f:5hKs,2h3h|/9sTsTh/Kc:-600,600(-600.000000)
520:BR,Player:0r200c/cc/r1306f:3c4d,2s4s|/8h9sKc/8d:300,-300(300.000000)
521:Player,BR:0cr300c/r520c/r1840f:JcAd,3s7h|/8h9sAc/4h:920,-920(920.000000)
522:BR,Player:0r200c/cc/r2627f:3hJc,JhKh|/2c5h9s/9c:300,-300(300.000000)
523:Player,BR:0cc/cc/cr435c/cr1158f:2h8c,4c8s|/8hTcJh/Qh/Js:-535,535(-535.000000)
524:BR,Player:0r130c/cc/r12392f:4hJd,TdTc|/7dJcQh/4c:230,-230(230.000000)
525:Player,BR:0cc/cc/r130r573f:4hQs,6sKs|/7h8dQc/9d:-230,230(-230.000000)
526:BR,Player:0r300c/cc/r19600f:7c9c,4h8h|/2cTcAc/4d:400,-400(400.000000)
527:Player,BR:0cr600c/cc/cr214c/cr1978f:2s2h,6c8h|/6s9sJd/Qc/9h:-914,914(-914.000000)
528:BR,Player:0r130c/cr299c/r2303f:8dAd,3h4h|/4dJhQc/9c:529,-529(529.000000)
529:Player,BR:0cc/cc/cr379f:2s3h,6dQs|/4dTsQh/8s:-100,100(-100.000000)
530:BR,Player:0r130c/cr299c/r374r2271r4517f:3c8c,JdQs|/5s7hQd/Qc:3174,-3174(3174.000000)
531:Player,BR:0cc/cc/cr379f:5hQd,8hAc|/2s7s8c/Td:-100,100(-100.000000)
532:BR,Player:0f:7hJd,2s3d|:50,-50(50.000000)
533:Player,BR:0cc/cc/cr876f:6dQc,8sKh|/6cJcAc/8h:-100,100(-100.000000)
534:BR,Player:0r130c/cr299c/r4632f:9dJh,TcQs|/4s6dTh/2s:529,-529(529.000000)
535:Player,BR:0cr300c/cc/r1200r2277c/r1883r1883f:8cAc,2d4s|/KsAsAh/9h/5h:-5760,5760(-5760.000000)
536:BR,Player:0r200c/cr390c/r6042f:5d9c,3dJd|/3hTsQh/6c:690,-690(690.000000)
537:Player,BR:0cc/cc/cr1532f:3s9d,TcKc|/3hQdKs/6s:-100,100(-100.000000)
538:BR,Player:0r200c/cr390c/r100r452r10876f:2h4h,4c7s|/2c9cJs/9s:1242,-1242(1242.000000)
539:Player,BR:0cr200c/r390c/r897r2259f:5s8d,9hKd|/2d4h9d/5h:-1587,1587(-1587.000000)
540:BR,Player:0r130c/cc/r7085f:3c9d,7sKd|/8h9hJd/5s:230,-230(230.000000)
541:Player,BR:0cc/cc/cr3080f:4sJc,3h7c|/5dAsAd/5h:-100,100(-100.000000)
542:BR,Player:0r200c/cc/r16163f:3d8d,TsJd|/7h9hTh/Kh:300,-300(300.000000)
543:Player,BR:0cc/cc/cr9423f:7dAh,2s8c|/8hJsKs/Kh:-100,100(-100.000000)
544:BR,Player:0r130c/cr299c/r4632f:5sKd,JsQc|/8dTcQs/6c:529,-529(529.000000)
545:Player,BR:0cc/cc/r130r1001f:3hKh,4d4c|/5s9dTd/Kd:-230,230(-230.000000)
546:BR,Player:0r130c/cr299c/r374c/r483r1532r6316r10766c:TsJs,2sAs|/2h9cKc/Kh/Td:20000,-20000(17195.297188)
547:Player,BR:0cc/cc/cr216f:2h9d,6hTs|/3s6s7d/2s:-100,100(-100.000000)
548:BR,Player:0r200c/cr600c/r100r2240r8065r8695f:4sKs,8cJd|/6s9dQd/Tc:-11305,11305(-11305.000000)
549:Player,BR:0cc/cc/cr9423f:4c7s,3h6s|/9sQhKs/Jd:-100,100(-100.000000)
550:BR,Player:0r130c/cr460c/r6042f:8hJh,JcQd|/3c5cJd/4s:690,-690(690.000000)
551:Player,BR:0cc/cc/cr124c/cr1483c:2hJc,3c9d|/3d7s8h/2s/6c:-1707,1707(-1287.778103)
552:BR,Player:0cc/cc/r124r236f:7cKs,8sQs|/8d9cJs/Ts:-224,224(-224.000000)
553:Player,BR:0cr200c/cc/cr8036f:4s5s,KdAc|/7sThKh/Kc:-300,300(-300.000000)
554:BR,Player:0r130c/cc/r100r463f:2s3s,ThKd|/7h9hQc/Kc:-330,330(-330.000000)
555:Player,BR:0cc/cc/cr9423f:5hQd,3h7h|/5cThKh/8s:-100,100(-100.000000)
556:BR,Player:0r130c/cr460c/r3004f:4hKd,6cAd|/TcJcAs/2s:690,-690(690.000000)
557:Player,BR:0cr300c/r520c/cr4005f:6hJh,8c9s|/4dAhAd/5s:-920,920(-920.000000)
558:BR,Player:0cc/cr600c/r6130f:ThAh,QhKc|/4s6dKh/9h:700,-700(700.000000)
559:Player,BR:0cc/cc/r300r18740f:7h9c,2d6d|/5s6hQc/Ks:-400,400(-400.000000)
560:BR,Player:0f:KdKc,2h8d|:50,-50(50.000000)
561:Player,BR:0cr300c/cc/cr3503c/cc:2d5d,4h6c|/5s9dKd/Ad/6d:3903,-3903(3903.000000)
562:BR,Player:0cc/cc/r9423f:4c8h,3hKh|/2s5h6d/Ks:100,-100(100.000000)
563:Player,BR:0cc/cc/r130r4051c/r2067r2067r5868f:4c5d,5s5h|/2d6cTh/3h/2s:8415,-8415(8415.000000)
564:BR,Player:0f:4sAc,3s8h|:50,-50(50.000000)
565:Player,BR:0cc/cc/cr9423f:5h6s,2d7c|/6c9dQs/Ac:-100,100(-100.000000)
566:BR,Player:0r130c/cr299c/r186r474c/r119r1971r8162f:3s5h,8sKs|/5cKhKc/8h/8d:3279,-3279(3279.000000)
567:Player,BR:0cr130c/cc/cr498f:5h5c,7c9c|/8c9dTh/Jd:-230,230(-230.000000)
568:BR,Player:0r130c/cr299c/r19471f:KsKh,7dKc|/5s9sTh/4c:529,-529(529.000000)
569:Player,BR:0cr300c/cc/r200r2612f:QdKd,7hQc|/2h2d9s/2s:-600,600(-600.000000)
570:BR,Player:0cc/cc/r435f:6cKc,9cQd|/2d5s5c/3c:100,-100(100.000000)
571:Player,BR:0cr300c/cc/r520r520c/cr5451f:4c6h,3c4s|/2c4h7c/7s/Ad:-1440,1440(-1440.000000)
572:BR,Player:0r200c/cr390c/r100r1114r8289f:JcKs,5sJh|/2s8s9d/6c:1904,-1904(1904.000000)
573:Player,BR:0cc/cc/r130r4051f:5sQd,6hJd|/3d9dTd/8s:-230,230(-230.000000)
574:BR,Player:0f:2s8d,2h6s|:50,-50(50.000000)
575:Player,BR:0cr300c/cc/r200r854c/cc:6dJd,4sQc|/7h9hJh/7c/6h:1454,-1454(1454.000000)
576:BR,Player:0cc/cc/r124r376r2612f:4d6d,7dKh|/4s8hKc/Ks:600,-600(600.000000)
577:Player,BR:0cc/cc/r130r573f:6hAs,5hQh|/TcJcAh/8c:-230,230(-230.000000)
578:BR,Player:0r300c/cc/r3046f:4sQh,2sJs|/4c7d9c/4h:400,-400(400.000000)
579:Player,BR:0cr300c/cc/r800c/r2400r13628f:9dJc,TdQc|/7cJsQd/Jd/Tc:-3600,3600(-3600.000000)
580:BR,Player:0r200c/cr600c/r3918f:9cQh,9hTs|/9dThAh/8s:900,-900(900.000000)
581:Player,BR:0cc/cc/r130r1001f:5dQs,8hJc|/2s9dQh/3d:-230,230(-230.000000)
582:BR,Player:0r300c/cr2400c/r12190f:3cJs,9sKd|/5c7dQd/6c:2800,-2800(2800.000000)
583:Player,BR:0cr200c/cc/cr19700f:5h7h,3hKc|/2d2cKd/2h:-300,300(-300.000000)
584:BR,Player:0r130c/cc/r285c/r1950f:2cJs,7c8d|/9sJhKd/8s/5s:515,-515(515.000000)
585:Player,BR:0cc/cc/r130r4051f:4h7d,5cTs|/5d6c8h/9h:-230,230(-230.000000)
586:BR,Player:0r130c/cr299c/r4632f:2hJc,8hAc|/3h6d8d/9h:529,-529(529.000000)
587:Player,BR:0cr200c/cc/r150r13862f:2h5s,5c7s|/JdKdAh/Ts:-450,450(-450.000000)
588:BR,Player:0r130c/cr299c/r4632f:5hQc,JsJc|/2h2d3h/6s:529,-529(529.000000)
589:Player,BR:0cc/cc/r200r5284f:4d8d,TdQs|/2c6sAs/3d:-300,300(-300.000000)
590:BR,Player:0cc/cc/r9423f:3s6c,6s8s|/4h8cKd/Th:100,-100(100.000000)
591:Player,BR:0cc/cc/r200r5284f:5hTh,2h6d|/4cQhAh/9c:-300,300(-300.000000)
592:BR,Player:0r200c/cc/r371c/r4443f:6sAs,QsAc|/5h6c9c/Jd/Kh:671,-671(671.000000)
593:Player,BR:0cc/cc/r130r1001f:2h5d,3sTc|/2sJhJd/9c:-230,230(-230.000000)
594:BR,Player:0r130c/cc/r14250f:3sTc,TdKh|/2d9dQd/Ah:230,-230(230.000000)
595:Player,BR:0cr300c/cc/cr100c/cr17712f:JcAh,5dQd|/5h6cTs/9c/Th:-500,500(-500.000000)
596:BR,Player:0r130c/cc/r7085f:7h8s,6cKs|/7sJsQh/9h:230,-230(230.000000)
597:Player,BR:0cr600c/cc/r1400r9142f:4d5s,4h4c|/3c9cKh/Ah:-2100,2100(-2100.000000)
598:BR,Player:0f:4c5d,3c8s|:50,-50(50.000000)
599:Player,BR:0cr300c/cc/cr495f:8cAc,8h8d|/6h9dJd/2s:-400,400(-400.000000)
600:BR,Player:0r130c/cc/r871c/r3624f:JcAh,5sTc|/JhQsQh/9s/2c:1101,-1101(1101.000000)
601:Player,BR:0cc/cc/r130r130f:6s9d,4sTc|/7hTsAh/2d:-230,230(-230.000000)
602:BR,Player:0f:4hKc,2d8c|:50,-50(50.000000)
603:Player,BR:0cc/cc/cr1532f:2s9d,5cKc|/3d3cKs/Qh:-100,100(-100.000000)
604:BR,Player:0r130c/cc/r573f:6sKs,5cKd|/4hTsQs/Jd:230,-230(230.000000)
605:Player,BR:0cr200c/r600c/r1170r5153f:QsQc,5hAh|/3s7sTh/4c:-2070,2070(-2070.000000)
606:BR,Player:0r130c/cr299c/r2303f:5h7h,7sJd|/2cKsKh/8d:529,-529(529.000000)
607:Player,BR:0cc/cc/cr761f:6dKc,7sTd|/5s7dJs/Ts:-100,100(-100.000000)
608:BR,Player:0r130c/cr460c/r100f:5c8c,TdQs|/3h5d7h/Kd:690,-690(690.000000)
609:Player,BR:0cr300c/cc/r200r369c/cr12905c:3c5c,4hTd|/TcQhQd/5h/8h:-13874,13874(-8363.448868)
610:BR,Player:0r200c/cc/r1306f:JsKc,6d9c|/7hTsTc/5s:300,-300(300.000000)
611:Player,BR:0cr300c/cc/r520r520c/cc:7cAs,2cTd|/9dJdAd/7s/7d:1440,-1440(178.410329)
612:BR,Player:0r130c/cc/r285f:TdKc,2sAd|/8c9sTh/9c:230,-230(230.000000)
613:Player,BR:0cr200c/r390c/cr6042f:8sTd,7dKd|/2s3sAh/5c:-690,690(-690.000000)
614:BR,Player:0r130c/cr299c/r753r2368r2368f:KdAh,TsAc|/8d8cQh/Jh:3650,-3650(3650.000000)
615:Player,BR:0cr300c/cc/cr3046f:6hJh,2hJc|/7hJdAs/Td:-400,400(-400.000000)
616:BR,Player:0cc/cc/r9423f:7s9h,9cTs|/2hQcAs/Ad:100,-100(100.000000)
617:Player,BR:0cc/cc/cr1761f:6dJs,4dTd|/KsKhAh/8d:-100,100(-100.000000)
618:BR,Player:0r200c/cc/r9241f:2h7h,5hQs|/6cTdAh/5s:300,-300(300.000000)
619:Player,BR:0cr300c/r520c/r1196c/r4232c:2sQs,8c9c|/2h2cTc/4c/7d:-6348,6348(-3747.406136)
620:BR,Player:0r130c/cc/r285f:2hJd,5hAd|/9h9dTc/Js:230,-230(230.000000)
621:Player,BR:0cc/cc/cr9423f:5cTc,2h4s|/8h8cKh/Ts:-100,100(-100.000000)
622:BR,Player:0f:TcKd,2d5c|:50,-50(50.000000)
623:Player,BR:0cr300c/r520c/r1840c/r8280c:6s8s,5d7h|/3s7dTh/Ac/2c:-11040,11040(-11040.000000)
624:BR,Player:0r130c/cr299c/r374r684c/r558c:ThAd,TsTc|/5s8cAs/3s/2h:2145,-2145(588.450774)
625:Player,BR:0cc/cc/cr435f:8cQc,2cTc|/7sKhAc/5s:-100,100(-100.000000)
626:BR,Player:0cc/cc/r761f:TcAh,8hJc|/9dQsKc/6h:100,-100(100.000000)
627:Player,BR:0cr300c/cc/r200r4569c/cr8460f:6d9c,8c9h|/2h4s9s/3c/Jd:-5169,5169(-5169.000000)
628:BR,Player:0r200c/cr390c/r3004r7415f:KsAd,QsQh|/6sTcQd/7c:-3694,3694(-3694.000000)
629:Player,BR:0cr600c/r910c/cr12259f:6s9s,JsQd|/2d4s8d/Jc:-1610,1610(-1610.000000)
630:BR,Player:0r130c/cc/r163c/r19607c:3c6h,5cJs|/8cJhJc/4h/5d:-20000,20000(-20000.000000)
631:Player,BR:0cc/cc/r200r200c/r400r3918f:2cAd,3hTd|/6d7dAh/9d/9c:-900,900(-900.000000)
632:BR,Player:0r300c/cr520c/r7005f:4dKc,4cAd|/2h4s5d/2c:920,-920(920.000000)
633:Player,BR:0cc/cc/cr142f:4dKc,4cQh|/5c9sTd/Ts:-100,100(-100.000000)
634:BR,Player:0r130c/cc/r1751c/r3242f:JsJd,4cQs|/2s8cQh/6d/Ad:1981,-1981(1981.000000)
635:Player,BR:0cr130c/r299c/cr2303f:4hQh,9dQd|/5h7cTc/2s:-529,529(-529.000000)
636:BR,Player:0r130c/cr460c/r488f:4h9c,8dQh|/3c6h7h/Jc:690,-690(690.000000)
637:Player,BR:0cc/cc/r300r300f:4d9h,7dKd|/6h7hAc/6d:-400,400(-400.000000)
638:BR,Player:0r130c/cc/r1751f:JcQs,ThTc|/7sJdKd/5c:230,-230(230.000000)
639:Player,BR:0cc/cc/cr249f:2c8h,2d6c|/2s4c5d/Qs:-100,100(-100.000000)
640:BR,Player:0r130c/cc/r498f:6hJd,7cKh|/4sJhAc/2d:230,-230(230.000000)
641:Player,BR:0cr300c/cc/cr7045r12555f:TsQh,6cJd|/9cTdQc/4s:7445,-7445(7445.000000)
642:BR,Player:0f:9cKd,3d7c|:50,-50(50.000000)
643:Player,BR:0cr600c/r910c/r805r5227c/cr9457f:3d3c,2hKs|/8s8h8d/2c/Ah:-7642,7642(-7642.000000)
644:BR,Player:0r130c/cr460c/r1493r2578f:6d9d,5h7c|/6h9hQc/8d:-2183,2183(-2183.000000)
645:Player,BR:0cc/cc/cr8194f:5s7h,3dQd|/3cTcQs/9h:-100,100(-100.000000)
646:BR,Player:0r130c/cc/r7085f:3cJd,7cKs|/3h4h6d/Th:230,-230(230.000000)
647:Player,BR:0cr300c/cc/cc/cr283c:9hKd,8cAh|/2dTdJd/Ts/6h:-683,683(-207.155767)
648:BR,Player:0r130c/cc/r7085f:7hJs,9sKs|/2s3c4h/Tc:230,-230(230.000000)
649:Player,BR:0cc/cc/r130r130f:5sJs,ThQc|/2c7d9c/2h:-230,230(-230.000000)
650:BR,Player:0r200c/cr390c/r6042f:4hJh,4dQd|/2c6s9h/Qc:690,-690(690.000000)
651:Player,BR:0cr200c/r390c/cr425f:7sQc,ThJh|/3cJcAd/Kd:-690,690(-690.000000)
652:BR,Player:0cc/cr130c/r2014f:6c7h,3dTs|/4d5sJh/5h:230,-230(230.000000)
653:Player,BR:0cc/cc/cr100f:5dJh,3dKc|/8h8dAc/7c:-100,100(-100.000000)
654:BR,Player:0r130c/cc/r4051f:9hAh,8hAc|/4d8cKc/2s:230,-230(230.000000)
655:Player,BR:0cr300c/cc/cr6126r6126c/cr5886r1462c:7h7c,6sKc|/4d7dJh/Kh/Tc:20000,-20000(1169.640162)
656:BR,Player:0r130c/cc/r142c/r19628f:4cAs,7hKd|/7dQsAh/Qh/Ad:372,-372(372.000000)
657:Player,BR:0cr200c/cc/r600f:5d9d,2s8s|/4h5c9s/4s:300,-300(300.000000)
658:BR,Player:0f:9dAs,2c8d|:50,-50(50.000000)
659:Player,BR:0cr200c/cc/cr1136f:TsAd,8c9h|/2c5d8h/Jc:-300,300(-300.000000)
660:BR,Player:0r130c/cc/r12392f:4sJc,5cJh|/2d4cJd/2h:230,-230(230.000000)
661:Player,BR:0cc/cc/cr435c/cr6196f:2sAs,6s7d|/4s4h8c/Ts/Jc:-535,535(-535.000000)
662:BR,Player:0r130c/cc/r573f:5s9d,8d9h|/7sQsKh/Qc:230,-230(230.000000)
663:Player,BR:0cc/cc/cr876f:4hQd,4sJd|/9dTsAd/7s:-100,100(-100.000000)
664:BR,Player:0r200c/cr390c/r854r854r1283c/r3445f:5c9h,QhQd|/2h5s7c/7s/Ad:3681,-3681(3681.000000)
665:Player,BR:0cr300c/cc/r200r4569f:3h7h,4cAs|/4hQcAc/7s:-600,600(-600.000000)
666:BR,Player:0r130c/cc/r871f:9dKd,JsKc|/7h9sAd/3s:230,-230(230.000000)
667:Player,BR:0cc/cc/cr379r441r19080f:5hTc,KsAh|/2s2dAc/4d:-920,920(-920.000000)
668:BR,Player:0r130c/cr299c/r374c/r10457f:8hQd,8d8c|/5s7dTd/3h/4c:903,-903(903.000000)
669:Player,BR:0cr300c/cc/cr3503f:TcKs,4dAs|/2c5d5c/Qd:-400,400(-400.000000)
670:BR,Player:0r200c/cr390c/r2612r3046c/r7856c:3cAh,JsQh|/2s8dJc/Ad/Tc:14204,-14204(-2310.890546)
671:Player,BR:0cc/cc/cr435f:3sKc,5dAd|/3c6d7h/8s:-100,100(-100.000000)
672:BR,Player:0r130c/cc/r4051f:7sTd,8cQd|/5c6c8h/Kc:230,-230(230.000000)
673:Player,BR:0cr600c/r1400c/r2730r2730f:2s3s,2d8d|/4hKdAc/2h:-4830,4830(-4830.000000)
674:BR,Player:0r130c/cc/r4051f:5cAs,6h8s|/7sQsKd/6s:230,-230(230.000000)
675:Player,BR:0cc/cc/cr100f:4c9c,3s5h|/5sQhAh/Ac:-100,100(-100.000000)
676:BR,Player:0r130c/cc/r7085f:5h8h,6c9d|/6d7dQd/Tc:230,-230(230.000000)
677:Player,BR:0cr300c/cc/cr1741f:9sAh,6hQc|/3h4c8s/2h:-400,400(-400.000000)
678:BR,Player:0r300c/cr800c/cc/r2597c:6hKc,3s5h|/4d7dKd/Qc/6c:-3797,3797(-3797.000000)
679:Player,BR:0cc/cc/cr216f:7cJd,6dKs|/3d4d6h/Ah:-100,100(-100.000000)
680:BR,Player:0r130c/cc/r14250f:5h7h,TsAc|/2d5sJh/Tc:230,-230(230.000000)
681:Player,BR:0cr130c/cc/r115r3021f:4cAc,7sTc|/5d5c6s/As:-345,345(-345.000000)
682:BR,Player:0r130c/cc/r327f:KcAc,5cJh|/5h8d9s/8h:230,-230(230.000000)
683:Player,BR:0cc/cc/cr876f:5hAd,2h4d|/5c8dJc/Kd:-100,100(-100.000000)
684:BR,Player:0r130c/cc/r2014f:4h5h,9sQs|/9cJhQh/Tc:230,-230(230.000000)
685:Player,BR:0cc/cc/r200r200f:6dTc,2hQs|/9s9cQh/7s:-300,300(-300.000000)
686:BR,Player:0r200c/cc/r8036f:8dTd,5dJs|/2c3dTc/Kd:300,-300(300.000000)
687:Player,BR:0cc/r2200c/r6900f:8dAh,6sAs|/8h8cQs/5h:2300,-2300(2300.000000)
688:BR,Player:0cc/cc/r379f:4sAc,JdQh|/2c3d7d/5d:100,-100(100.000000)
689:Player,BR:0cr300c/r520c/r2760r2760r10488f:6h6c,2sKs|/6s9hJs/9d:6440,-6440(6440.000000)
690:BR,Player:0cc/cr130c/r19770f:8h9s,7c8d|/5h6dTs/7h:230,-230(230.000000)
691:Player,BR:0cr200c/cc/cr1306f:5hKh,3c4s|/6d9cAs/2c:-300,300(-300.000000)
692:BR,Player:0r200c/cc/r1306c/r3476f:2d8c,4sKh|/3c4d7c/4h/6c:1606,-1606(1606.000000)
693:Player,BR:0cc/r130c/cr1001f:5d7c,7dJs|/6d8hTc/5h:-230,230(-230.000000)
694:BR,Player:0f:6h7h,2d5c|:50,-50(50.000000)
695:Player,BR:0cr200c/cc/cr1136c/cr1344f:6c9d,QhAd|/3d6hKd/As/Ah:-1436,1436(-1436.000000)
696:BR,Player:0r130c/cc/r4051f:3cKd,9dJh|/2d6hQc/Ac:230,-230(230.000000)
697:Player,BR:0cr300c/cc/cr569f:9hTs,8dJc|/6c9dAs/6s:-400,400(-400.000000)
698:BR,Player:0r130c/cc/r1001f:4hQd,3s3h|/5c8cJh/6s:230,-230(230.000000)
699:Player,BR:0cc/cc/r130r1001f:6c7d,4cTh|/2s4d8c/Ad:-230,230(-230.000000)
700:BR,Player:0r130c/cc/r4051f:2sAs,3h3d|/2dTcKc/Qh:230,-230(230.000000)
701:Player,BR:0cr300c/r1200c/cr3983f:5c6s,7sQc|/4dKsAh/9d:-1600,1600(-1600.000000)
702:BR,Player:0f:8cQd,2s5d|:50,-50(50.000000)
703:Player,BR:0cr600c/cc/cr6130f:JdAc,2h9d|/4s8sTc/2s:-700,700(-700.000000)
704:BR,Player:0r130c/cc/r1001f:5s9c,3c8c|/7dTsAs/9d:230,-230(230.000000)
705:Player,BR:0cc/cc/cr435f:4h6c,2d8c|/JhQcKs/6s:-100,100(-100.000000)
706:BR,Player:0cc/cr200c/r1306f:2dAc,2hJh|/3h3c9h/9d:300,-300(300.000000)
707:Player,BR:0cc/cc/cr142c/cr5637f:5d8d,JcKh|/4h5h9d/6s/6h:-242,242(-242.000000)
708:BR,Player:0r130c/cr299c/r4028c/r11343f:QsQc,5hAh|/2d4h9h/Tc/Kd:4557,-4557(4557.000000)
709:Player,BR:0cc/cc/cr761f:2dKh,2sJd|/8dJhAc/3c:-100,100(-100.000000)
710:BR,Player:0r130c/cr299c/cc/r2303f:5h6c,5cKd|/2s5sTc/Jh/Qs:529,-529(529.000000)
711:Player,BR:0cr300c/cc/cr246c/r100r1857f:5hKs,2s6d|/6h9dKh/3s/7d:-746,746(-746.000000)
712:BR,Player:0r130c/cr299c/r753r3479r3479f:5sTs,5d7d|/7h7cQc/Ks:4761,-4761(4761.000000)
713:Player,BR:0cr200c/cc/cr9241f:TsKc,6d7d|/5dTcQh/As:-300,300(-300.000000)
714:BR,Player:0r130c/cc/r7085f:2s8s,5hKd|/3hKsAd/4c:230,-230(230.000000)
715:Player,BR:0cr300c/r520c/cr3483f:2sKs,4hQc|/2c6cQd/8h:-920,920(-920.000000)
716:BR,Player:0r200c/cc/r100c/r2003c:2hQd,ThQh|/TcQcAc/3h/7d:-2403,2403(6.441030)
717:Player,BR:0cc/cc/cr3080f:2sAc,3h5h|/4s9dQh/8c:-100,100(-100.000000)
718:BR,Player:0r130c/cc/r2014f:3h9h,8cTs|/6cJsJc/4h:230,-230(230.000000)
719:Player,BR:0cc/cc/r130r4051f:3s5c,7h8s|/4c6h8c/Jd:-230,230(-230.000000)
720:BR,Player:0r130c/cc/r1001c/r2664f:9sTs,6hKc|/9dQhKd/6s/Td:1231,-1231(1231.000000)
721:Player,BR:0cr200c/cc/r150c/r225r2939f:9s9d,3s9h|/4c6dAh/3d/Qd:-675,675(-675.000000)
722:BR,Player:0cc/cc/r435f:6hKs,2h5h|/TsJdJc/9s:100,-100(100.000000)
723:Player,BR:0cc/cc/cr142f:2c6c,8hKd|/3hJsJd/7s:-100,100(-100.000000)
724:BR,Player:0r130c/cr299c/cc/r9317f:2sKh,8cJc|/2c3s4h/Qh/8h:529,-529(529.000000)
725:Player,BR:0cr300c/cc/cr6126r6126r7348c/cc:KcAc,3sJd|/3c4hJc/9h/8d:-20000,20000(-5767.646148)
726:BR,Player:0r200c/cr600c/r554r3946c/cc:2cAd,JcAc|/8sTcQs/2h/Qc:5400,-5400(5400.000000)
727:Player,BR:0cc/cc/cr761f:4cAd,JsJd|/3h7d9c/3s:-100,100(-100.000000)
728:BR,Player:0cc/cr130c/r2014f:4s7d,5d9c|/2c4dJd/6d:230,-230(230.000000)
729:Player,BR:0cr200c/cc/r150r3940f:5d8s,3dJh|/7d9h9d/5s:-450,450(-450.000000)
730:BR,Player:0r130c/cc/r573f:5s5d,3hKs|/6c8sQc/Ad:230,-230(230.000000)
731:Player,BR:0cc/cc/r130r2014f:4cAs,3s7d|/7s9cKd/Ac:-230,230(-230.000000)
732:BR,Player:0r130c/cr299c/r9317f:3c5h,6dJc|/4s5cQc/Th:529,-529(529.000000)
733:Player,BR:0cc/cc/cr1761f:2h8c,6dTs|/5sJsKs/8d:-100,100(-100.000000)
734:BR,Player:0r200c/cc/r100c/r2003f:4hJd,QdAh|/2cJcKh/Ac/Qh:400,-400(400.000000)
735:Player,BR:0cc/cc/r130r6161f:7sQc,JcAs|/3c9sAd/7c:-230,230(-230.000000)
736:BR,Player:0f:3s3c,2d5s|:50,-50(50.000000)
737:Player,BR:0cc/cc/cr876f:5s6d,2d2c|/7cKcAc/4c:-100,100(-100.000000)
738:BR,Player:0cc/cr300c/cc/r1514f:6cTh,7h8c|/3d5cQc/7s/4c:400,-400(400.000000)
739:Player,BR:0cr600c/cc/cr1742c/cr17558f:5sAd,6s9d|/2s4h4d/Td/5c:-2442,2442(-2442.000000)
740:BR,Player:0r130c/cr299c/r9317f:5cQd,8cAh|/4dTsAd/Qc:529,-529(529.000000)
741:Player,BR:0cr300c/cc/cr569f:9dQd,7dKs|/4h5c6s/5d:-400,400(-400.000000)
742:BR,Player:0r200c/cc/r2627f:2cAs,4dKc|/3c5hQc/6d:300,-300(300.000000)
743:Player,BR:0cr300c/cc/r520f:7cAh,2s7h|/4s6h7d/Jh:400,-400(400.000000)
744:BR,Player:0f:JdAc,2d7h|:50,-50(50.000000)
745:Player,BR:0cr300c/cc/cr3046f:9dAs,5h8h|/2hThJh/6c:-400,400(-400.000000)
746:BR,Player:0r130c/cr299c/r186f:5dQs,6s9h|/2h3hJs/7c:529,-529(529.000000)
747:Player,BR:0cr300c/cc/r800r5224f:7cJc,4c5c|/8hThQd/As:-1200,1200(-1200.000000)
748:BR,Player:0cc/cr130c/r1001f:6dAd,8h9d|/3h7dJh/9c:230,-230(230.000000)
749:Player,BR:0cr300c/cc/r200r200c/cr2634c:QhQc,3cKh|/5hAsAc/3s/9c:3434,-3434(3434.000000)
750:BR,Player:0f:8dJs,2s7c|:50,-50(50.000000)
751:Player,BR:0cc/cc/cr876f:5d6c,2c8d|/3cJcAh/9d:-100,100(-100.000000)
752:BR,Player:0r200c/cr390c/r982f:7cAc,6h9c|/3h5dQc/2d:690,-690(690.000000)
753:Player,BR:0cc/cc/cr435f:5d7c,3h5c|/2cThAh/Jc:-100,100(-100.000000)
754:BR,Player:0r130c/cr299c/r374f:3hAh,6cQh|/8c9cTs/2h:529,-529(529.000000)
755:Player,BR:0cc/cc/cr379c/cr6379f:3sJc,TdAc|/7c9dTs/3c/Kd:-479,479(-479.000000)
756:BR,Player:0r130c/cc/r7085f:5hJs,5cKs|/4h9hKh/6d:230,-230(230.000000)
757:Player,BR:0cc/cc/r130r327c/cr3207f:5hKc,4c6d|/6h8dQc/Kd/Qh:-557,557(-557.000000)
758:BR,Player:0r130c/cr460c/r3004f:4d7s,AsAh|/TsJdKd/9h:690,-690(690.000000)
759:Player,BR:0cc/cc/cr379f:8sTh,JsJc|/4hKcAc/6d:-100,100(-100.000000)
760:BR,Player:0r130c/cc/r7085r12685f:TdQc,3h3c|/2d7hJh/3d:-7315,7315(-7315.000000)
761:Player,BR:0cc/cc/r130r1001f:5sTs,6d8d|/3s6h9s/Qd:-230,230(-230.000000)
762:BR,Player:0f:ThKc,3d7c|:50,-50(50.000000)
763:Player,BR:0cc/cc/cr876f:6hAd,5dQc|/2h4dKs/7d:-100,100(-100.000000)
764:BR,Player:0r130c/cr299c/r2303c/cc:7s9h,4dAh|/2h3c4s/8d/Qc:-2832,2832(-2832.000000)
765:Player,BR:0cr300c/cc/r520r8056r11024f:8s8h,3s9d|/4c8cKd/9h:8976,-8976(8976.000000)
766:BR,Player:0r200c/cc/r747c/r1714c:ThKc,3cTc|/4c6s6c/2s/Td:2761,-2761(1677.260963)
767:Player,BR:0cc/cc/cr9423f:3d6s,3h7c|/ThJsJd/Ks:-100,100(-100.000000)
768:BR,Player:0r130c/cr299c/r186c/cc:5h6d,6cQs|/8sTcQc/7h/5c:-715,715(-676.631689)
769:Player,BR:0cc/cc/cr1532c/cr163f:3d9d,3hTc|/3c8dTs/Js/8c:-1632,1632(-1632.000000)
770:BR,Player:0f:8dQh,2hTs|:50,-50(50.000000)
771:Player,BR:0cc/cc/cr761f:4hKs,9cJc|/6d7d8c/Jh:-100,100(-100.000000)
772:BR,Player:0r130c/cr299c/r655c/r18816c:6cAh,2dQd|/2h8dAd/Kc/Kd:-20000,20000(4209.280064)
773:Player,BR:0cc/cc/r300r16295f:6sJh,3s8s|/3c4c8h/Js:-400,400(-400.000000)
774:BR,Player:0f:3d7s,2h3s|:50,-50(50.000000)
775:Player,BR:0cr130c/cc/r115r6076f:6d9d,3dKh|/2dTdQs/6c:-345,345(-345.000000)
776:BR,Player:0r130c/cc/r4051f:7sTs,5dJd|/4c5h6h/Ac:230,-230(230.000000)
777:Player,BR:0cc/cc/r300r10715f:4d8c,8s8d|/4sQdKh/8h:-400,400(-400.000000)
778:BR,Player:0r130c/cr299c/r4632f:2d6h,3hQc|/5dTdQs/As:529,-529(529.000000)
779:Player,BR:0cr300c/r520c/cr4005f:QsKh,3h4h|/6dAhAc/5s:-920,920(-920.000000)
780:BR,Player:0r130c/cc/r498c/r11149f:5s7h,7cQs|/5h6h7s/3c/Tc:728,-728(728.000000)
781:Player,BR:0cc/cc/cr379c/cr7336f:2c4d,5hJd|/5cTcAd/2h/2d:-479,479(-479.000000)
782:BR,Player:0r200c/cc/r2627f:6s9s,5s9h|/8hJdQs/Ks:300,-300(300.000000)
783:Player,BR:0cc/cc/r200r200c/r220r19280f:8hTd,2d5s|/8dJdJc/4c/5d:-720,720(-720.000000)
784:BR,Player:0r130c/cc/r163c/r13922f:7dAd,4d5c|/3s9cTs/2s/Td:393,-393(393.000000)
785:Player,BR:0cr300c/r520c/cr4005f:TcJc,9hJs|/3d4hTh/3s:-920,920(-920.000000)
786:BR,Player:0r300c/cc/r1741c/cc:5h5d,9sAc|/6c8dKc/As/2h:-2141,2141(-2141.000000)
787:Player,BR:0cr300c/cc/r800c/cr5224f:TcAs,3sAc|/3d5s9h/Td/5d:-1200,1200(-1200.000000)
788:BR,Player:0r130c/cc/r6161f:2h9h,6cTc|/2c9dJh/3c:230,-230(230.000000)
789:Player,BR:0cc/cc/cr435f:4dTh,JhQh|/2h3d9s/6d:-100,100(-100.000000)
790:BR,Player:0f:9hQs,3h9d|:50,-50(50.000000)
791:Player,BR:0cr300c/cc/cr1514c/r100r2492c:2c3c,4dTd|/2d3s5d/6d/9s:-4506,4506(-4506.000000)
792:BR,Player:0r130c/cc/r871f:QsAh,5s6s|/5hKhAd/Qh:230,-230(230.000000)
793:Player,BR:0cr600c/r910c/cr566f:3c9c,4hTh|/4d8h8c/5d:-1610,1610(-1610.000000)
794:BR,Player:0f:AsAh,2d7c|:50,-50(50.000000)
795:Player,BR:0cr300c/r520c/cr4005f:7sTd,6d8s|/4c6c7h/Kd:-920,920(-920.000000)
796:BR,Player:0r130c/cr299c/r2303f:9cQs,KhAd|/2h4s7d/6c:529,-529(529.000000)
797:Player,BR:0cc/cc/cr100c/cr1751f:2sAc,8sAh|/4hJhKc/4c/9d:-200,200(-200.000000)
798:BR,Player:0r130c/cc/r1001c/r14256f:2d6s,3sJc|/7d9dJd/Jh/7c:1231,-1231(1231.000000)
799:Player,BR:0cr200c/r390c/r897c/cr13897f:JhKc,8sTc|/8dQhKs/5h/6d:-1587,1587(-1587.000000)
800:BR,Player:0f:7d8h,3h9d|:50,-50(50.000000)
801:Player,BR:0cc/cc/cr3080f:5s6d,2sKh|/9s9dQd/4s:-100,100(-100.000000)
802:BR,Player:0f:2s7s,2d5s|:50,-50(50.000000)
803:Player,BR:0cc/cc/cr876f:3cQd,4sQc|/5h8s8d/6h:-100,100(-100.000000)
804:BR,Player:0f:5c7c,3h9c|:50,-50(50.000000)
805:Player,BR:0cr300c/r520c/r1196r3011f:5h7d,6hKd|/6s9hKh/4h:-2116,2116(-2116.000000)
806:BR,Player:0cc/cr300c/r283f:TsKd,6d7c|/2d4s4h/3c:400,-400(400.000000)
807:Player,BR:0cr200c/cc/r150r3940f:QsKc,ThJs|/5h6sQh/4h:-450,450(-450.000000)
808:BR,Player:0r130c/cr299c/r186c/r289c:6cJd,TsAd|/3c4cTc/7h/Ac:1004,-1004(629.330479)
809:Player,BR:0cc/cc/r200r2627f:6sTc,2sAh|/3c7sTd/8d:-300,300(-300.000000)
810:BR,Player:0r130c/cr299c/r2303f:5dKd,8cKh|/2s9dTh/8h:529,-529(529.000000)
811:Player,BR:0cr300c/cc/cr7045f:9h9c,7d8d|/2c3dQc/4s:-400,400(-400.000000)
812:BR,Player:0r130c/cr299c/r4632f:3h8d,JdAh|/3c9hJc/9s:529,-529(529.000000)
813:Player,BR:0cc/cc/r130r2014f:5hJd,2h3s|/6c8dTs/Qd:-230,230(-230.000000)
814:BR,Player:0r130c/cc/r327f:2s8s,5sTh|/2hTdJd/Kc:230,-230(230.000000)
815:Player,BR:0cc/cc/cr8194f:4c9d,JhAc|/3s7dJd/As:-100,100(-100.000000)
816:BR,Player:0r130c/cr299c/cc/r4632f:5hKc,6sKd|/6h9cAs/4s/Qc:529,-529(529.000000)
817:Player,BR:0cc/cc/r130r130c/cr7292c:3s8s,5hJs|/2c8hKh/8d/Jd:7652,-7652(-1615.368808)
818:BR,Player:0r200c/cc/r4595f:3c4d,6d8d|/5c6sTs/2h:300,-300(300.000000)
819:Player,BR:0cr200c/r390c/r1380f:2dJd,8d9c|/5dTdKc/Qd:690,-690(690.000000)
820:BR,Player:0f:ThTd,2s4c|:50,-50(50.000000)
821:Player,BR:0cc/cc/cr142f:2c7c,5dAc|/2s9sKc/Qs:-100,100(-100.000000)
822:BR,Player:0r200c/cr600c/r1281f:9cTh,2dKs|/3s4c7s/7c:900,-900(900.000000)
823:Player,BR:0cr600c/cc/r140r1195f:QsAs,4c7c|/5d9s9c/6c:-840,840(-840.000000)
824:BR,Player:0r200c/cc/r1136c/r9508c:6hJh,7hQs|/2h7cJs/9d/2d:10944,-10944(7026.096381)
825:Player,BR:0cr300c/cc/cr1741f:QhKs,TsJd|/2d3s9c/5s:-400,400(-400.000000)
826:BR,Player:0r130c/cr299c/r162c/r370r1126c:JsKc,KhKd|/ThJhAh/7c/7h:-2187,2187(1353.536807)
827:Player,BR:0cc/cc/cr761f:4hKc,4dAs|/6d9hJc/Ad:-100,100(-100.000000)
828:BR,Player:0r200c/cr390c/r488f:4hKh,6sTd|/5d7hJc/Qd:690,-690(690.000000)
829:Player,BR:0cr600c/cc/cr6130f:2c4h,2s9d|/3s4sQd/8s:-700,700(-700.000000)
830:BR,Player:0cc/cc/r3080f:9cAs,5hTs|/7h7dKd/2s:100,-100(100.000000)
831:Player,BR:0cc/cc/cr379c/cr1577c:6d9d,9sTc|/5h7s9c/5s/Ts:-2056,2056(-1211.413966)
832:BR,Player:0r130c/cc/r327f:8dQh,TdKh|/4h6cAd/9h:230,-230(230.000000)
833:Player,BR:0cc/cc/cr124c/cr737f:2sTc,6c8d|/3h8cTs/Ac/7s:-224,224(-224.000000)
834:BR,Player:0r130c/cr299c/cr1058c/r6909f:4d9s,4c8d|/4s8hKs/Jc/6s:1587,-1587(1587.000000)
835:Player,BR:0cc/cc/r130r327f:7dAs,6s9c|/TcJdQh/5h:-230,230(-230.000000)
836:BR,Player:0cc/cc/r1532f:9d9c,2s2d|/4s6d8d/Ad:100,-100(100.000000)
837:Player,BR:0cc/cc/r200r5284c/r2696f:9dQh,6cAc|/8dThJd/Kh/6h:5584,-5584(5584.000000)
838:BR,Player:0r200c/cc/r19700f:2c7s,8hKh|/2dTdJs/2h:300,-300(300.000000)
839:Player,BR:0cr300c/r520c/cr4005f:7hKh,3sJd|/6s6h9s/2c:-920,920(-920.000000)
840:BR,Player:0r130c/cr299c/r1317f:9dAs,6hJd|/8cThJc/8h:529,-529(529.000000)
841:Player,BR:0cc/cc/cr2679f:6cJd,5c8c|/6d8s8d/Qd:-100,100(-100.000000)
842:BR,Player:0cc/cc/r3080f:2s3h,5hTs|/7c9cTc/7d:100,-100(100.000000)
843:Player,BR:0cc/cc/cr3080f:2cAd,6sQc|/3h8h9h/8d:-100,100(-100.000000)
844:BR,Player:0r130c/cc/r285r543r9264f:2c9c,4hQc|/4d5d9d/Qs:1058,-1058(1058.000000)
845:Player,BR:0cr600c/cc/r140r1195f:JhAs,5s6c|/5dThQs/4h:-840,840(-840.000000)
846:BR,Player:0r130c/cr460c/r1493f:2c5h,9dJc|/4d6c8d/7d:690,-690(690.000000)
847:Player,BR:0cr300c/cc/r200r2612f:7c8s,2cTh|/2s3hJd/Qc:-600,600(-600.000000)
848:BR,Player:0r130c/cc/r163c/r1294f:7c9c,9hAh|/4h8sQs/4s/4c:393,-393(393.000000)
849:Player,BR:0cr200c/cc/cr371c/r100r11808f:8c9s,5c7c|/4h7d8h/Jc/4c:-771,771(-771.000000)
850:BR,Player:0r130c/cc/r1001f:8sAc,5hJh|/4hJcKc/3c:230,-230(230.000000)
851:Player,BR:0cc/cc/cr1532f:3cKh,5d6s|/5s6hQh/9c:-100,100(-100.000000)
852:BR,Player:0r130c/cr690c/r8056f:4cJh,7hQd|/2s6h9h/5s:920,-920(920.000000)
853:Player,BR:0cc/cc/cr379f:4c8h,3dJd|/2c6cTs/Jh:-100,100(-100.000000)
854:BR,Player:0r200c/cr600c/r100r2240f:ThQd,4cTs|/7s9sAd/Kh:-1000,1000(-1000.000000)
855:Player,BR:0cc/cc/r200r9241f:JsQh,2c4c|/4h9dJc/6d:-300,300(-300.000000)
856:BR,Player:0r300c/cr520c/r7005f:3hKd,5hTd|/2h6dKc/3s:920,-920(920.000000)
857:Player,BR:0cc/cc/cr124f:2dJs,2c5d|/3c5hQd/6c:-100,100(-100.000000)
858:BR,Player:0r200c/cc/r2627r8773f:2sTd,5c9s|/6s9h9d/As:-2927,2927(-2927.000000)
859:Player,BR:0cc/cc/r300r866f:2s3d,KsAd|/5h9cAc/7s:-400,400(-400.000000)
860:BR,Player:0r130c/cr299c/r2303f:6dQc,4cQh|/2d4sTd/9h:529,-529(529.000000)
861:Player,BR:0cr300c/cc/r200r2271f:QdAs,QhQc|/3d7sKc/8d:-600,600(-600.000000)
862:BR,Player:0r130c/cc/r163c/r2263f:2c3s,TcJc|/7cTsAs/9d/4s:393,-393(393.000000)
863:Player,BR:0cc/cc/cr142c/r208r1120f:3cQd,6s9h|/7sJdQh/2h/5s:-450,450(-450.000000)
864:BR,Player:0r130c/cr299c/cc/r16295f:7cAs,6h8d|/3cThKd/Qc/Qd:529,-529(529.000000)
865:Player,BR:0cc/cc/cr3080f:3s5c,2h9d|/9cJhKc/7c:-100,100(-100.000000)
866:BR,Player:0f:7h9d,2h8s|:50,-50(50.000000)
867:Player,BR:0cr300c/cc/cr100f:9sJh,2s3s|/3d5cAd/7h:-400,400(-400.000000)
868:BR,Player:0f:4d5c,2hTs|:50,-50(50.000000)
869:Player,BR:0cr300c/cc/cr246r734f:7cJc,4sKh|/2c4c8c/Ts:646,-646(646.000000)
870:BR,Player:0cc/cc/r142f:7dAd,2d5d|/8hKsKh/6d:100,-100(100.000000)
871:Player,BR:0cc/cc/cr216c/cr17025f:TdJs,5hTc|/5dKsAc/Kh/Qh:-316,316(-316.000000)
872:BR,Player:0r130c/cr299c/r19471c/cc:QdQc,7sTs|/6s8sQh/2h/Ac:20000,-20000(19886.649604)
873:Player,BR:0cc/cc/cr876r4224f:TsJd,3d8s|/3sJcAd/4s:976,-976(976.000000)
874:BR,Player:0r130c/cc/r4051f:5c8d,4h7s|/8h9sQc/3d:230,-230(230.000000)
875:Player,BR:0cr200c/cc/r900f:JcQh,5s6h|/9dTsKc/8s:300,-300(300.000000)
876:BR,Player:0r130c/cc/r2014f:3c8d,4sJc|/2h5sQh/9h:230,-230(230.000000)
877:Player,BR:0cc/cc/cr124c/cr13879f:5hAc,5d9c|/5c6h7d/2c/Td:-224,224(-224.000000)
878:BR,Player:0f:6dTd,2hJc|:50,-50(50.000000)
879:Player,BR:0cc/cc/r200r5284f:3h4d,9dJh|/2s8cKh/Qc:-300,300(-300.000000)
880:BR,Player:0r130c/cc/r2014f:2s3h,8hJd|/7cJsAc/2c:230,-230(230.000000)
881:Player,BR:0cc/cc/r130r2014f:TcQs,4sQd|/3d6hTd/Ah:-230,230(-230.000000)
882:BR,Player:0r130c/cr690c/r3483f:9sTc,6cTh|/8c9hAc/4d:920,-920(920.000000)
883:Player,BR:0cr130c/cc/cr4051f:JdAs,KhAc|/3h5dQh/9c:-230,230(-230.000000)
884:BR,Player:0r200c/cc/r1136f:6hAs,3s6d|/8cJdAh/3d:300,-300(300.000000)
885:Player,BR:0cr300c/cc/r800f:KdAd,2h5d|/6s6d9s/Kh:400,-400(400.000000)
886:BR,Player:0r200c/cc/r1306c/cc:4cQd,QhQc|/5s9s9c/5d/2d:-1606,1606(-1601.436084)
887:Player,BR:0cr300c/cc/r200r854f:8sAh,9cJh|/2dTdTc/3h:-600,600(-600.000000)
888:BR,Player:0r130c/cr299c/cr1058c/r159r3966r8129f:JcAs,6hKh|/3c6cKs/8d/2h:5712,-5712(5712.000000)
889:Player,BR:0cc/cc/cr142c/cc:5sAd,6hQd|/2s2d9d/3s/3c:242,-242(235.496845)
890:BR,Player:0r130c/cc/r327c/r12974f:6cKc,7dAc|/2d4h9s/Ad/2c:557,-557(557.000000)
891:Player,BR:0cc/cc/cr761f:3c9d,6cJd|/5dThAs/Jc:-100,100(-100.000000)
892:BR,Player:0r130c/cr299c/cc/r2303c:8s8h,2c3c|/9dJhKs/2h/2d:-2832,2832(-2832.000000)
893:Player,BR:0cr200c/cc/r390r6042f:5s7s,7h9s|/5d7dKh/Ad:-690,690(-690.000000)
894:BR,Player:0r130c/cr299c/r1145f:6hQh,2sAh|/9hJhQd/4c:529,-529(529.000000)
895:Player,BR:0cc/cc/cr3080f:5cKs,4cTd|/2d3s6h/Ah:-100,100(-100.000000)
896:BR,Player:0cc/cr130c/r100f:2sJh,4cTc|/3s9dKh/3c:230,-230(230.000000)
897:Player,BR:0cr300c/cc/r200r2271c/cr5404c:9sQs,9hAs|/5h9cJh/6d/Jd:-8275,8275(-6880.369814)
898:BR,Player:0r130c/cc/r14250f:6hAh,3h9h|/5h8sTc/2s:230,-230(230.000000)
899:Player,BR:0cr600c/r1400c/r2730r12023f:3d7d,3h5c|/5d6s9s/9d:-4830,4830(-4830.000000)
900:BR,Player:0r130c/cc/r573f:5s9c,9hJs|/4s6cKh/3h:230,-230(230.000000)
901:Player,BR:0cc/cc/cr3080f:2cAs,4c5c|/3c9sTd/9d:-100,100(-100.000000)
902:BR,Player:0f:9hQd,2d3h|:50,-50(50.000000)
903:Player,BR:0cr600c/cc/cr5330f:QsAh,AsAc|/2d3sKc/Td:-700,700(-700.000000)
904:BR,Player:0r130c/cr460c/r982c/r16837r1491c:6cTc,5hKh|/8hTsKs/4h/3h:-20000,20000(-15954.972627)
905:Player,BR:0cc/cc/cr761c/r100r8415c:4c5d,6h6d|/4h5s6s/Ac/4s:-9376,9376(-9376.000000)
906:BR,Player:0cc/cr200c/r1306f:2h6s,8cTd|/QdKcAh/2s:300,-300(300.000000)
907:Player,BR:0cr300c/cc/cr866f:JdAc,5d8d|/3h6h8c/Tc:-400,400(-400.000000)
908:BR,Player:0f:ThJd,2dJs|:50,-50(50.000000)
909:Player,BR:0cc/cc/cr435f:9cJd,3sQd|/2s2d5d/Kd:-100,100(-100.000000)
910:BR,Player:0r200c/cc/r9241f:5c6c,4cAs|/6d8hKs/9h:300,-300(300.000000)
911:Player,BR:0cr200c/cc/r900f:5cJc,3dAd|/7c8d8c/9h:300,-300(300.000000)
912:BR,Player:0r130c/cc/r12392f:4hQh,9hKh|/6d8cQd/4s:230,-230(230.000000)
913:Player,BR:0cc/cc/cr249f:2hAh,3cJs|/3s6hTc/8s:-100,100(-100.000000)
914:BR,Player:0r200c/cc/r5284f:3d8s,AsAh|/6c8c9d/Qh:300,-300(300.000000)
915:Player,BR:0cr300c/r520c/cr16203f:8c9d,3dJs|/3c6sKc/4s:-920,920(-920.000000)
916:BR,Player:0r130c/cc/r2014f:2dQd,4h4c|/3c6dJs/3h:230,-230(230.000000)
917:Player,BR:0cr200c/r600c/cr1114f:5c8h,9hJh|/3s6hJd/Jc:-900,900(-900.000000)
918:BR,Player:0r130c/cc/r3522f:ThTc,4h4c|/3d8dJs/9c:230,-230(230.000000)
919:Player,BR:0cc/cc/cr435f:5d6s,3s7d|/5cTdJd/4h:-100,100(-100.000000)
920:BR,Player:0f:2hQd,3h9s|:50,-50(50.000000)
921:Player,BR:0cc/cc/r300r300r1700r3416f:6s7d,4cKh|/5c8hQc/8c:-2400,2400(-2400.000000)
922:BR,Player:0r130c/cr299c/r2303c/r10721c:8c9h,QsAs|/2d5s6s/2s/Js:-13553,13553(-13553.000000)
923:Player,BR:0cc/cc/r130r1001f:TsQd,5cTd|/6h8h9h/3h:-230,230(-230.000000)
924:BR,Player:0f:5sQd,3c8h|:50,-50(50.000000)
925:Player,BR:0cr600c/r1400c/cr2599f:4hQh,9sQs|/2s6dAs/8s:-2100,2100(-2100.000000)
926:BR,Player:0r130c/cc/r2014f:6hAs,7d9d|/8s9cJc/Qs:230,-230(230.000000)
927:Player,BR:0cr300c/cc/r200r9189c/cr10211f:7cAc,2d6c|/2c6s6d/As/9d:-9789,9789(-9789.000000)
928:BR,Player:0f:9dJc,3sTc|:50,-50(50.000000)
929:Player,BR:0cr300c/cc/r520r2290f:4h6s,3c7d|/TsThQd/3s:-920,920(-920.000000)
930:BR,Player:0r130c/cr299c/r4632f:8sKc,6h9s|/3hTdJc/3s:529,-529(529.000000)
931:Player,BR:0cr300c/cc/r520c/cr16203f:3d5d,6dJs|/2c4c8c/Jh/Ks:-920,920(-920.000000)
932:BR,Player:0f:8h8d,2dTh|:50,-50(50.000000)
933:Player,BR:0cr200c/cc/cr2627f:ThTd,2cQd|/4d5c6c/Ac:-300,300(-300.000000)
934:BR,Player:0cc/cr130c/r285c/r3410c:7c9d,6s9h|/3s9sKd/8h/6h:-3925,3925(-3925.000000)
935:Player,BR:0cr300c/cc/r200f:7s7h,3d4h|/9hTcJh/Js:400,-400(400.000000)
936:BR,Player:0r130c/cc/r2014f:5sTh,8sTd|/8dJsAs/6c:230,-230(230.000000)
937:Player,BR:0cc/cc/cr876f:4cJs,8cKc|/3dTsQc/9s:-100,100(-100.000000)
938:BR,Player:0r130c/cc/r1001f:7dJh,5sQh|/3d4dAh/Td:230,-230(230.000000)
939:Player,BR:0cr200c/r900c/cr1708c/cr2058f:QhKh,7h9c|/6dJcQs/Ac/3s:-2908,2908(-2908.000000)
940:BR,Player:0cc/cc/r3080f:6s8d,2cKh|/4d9sQd/5h:100,-100(100.000000)
941:Player,BR:0cc/cc/cr876f:3sJc,2c7s|/5h6c8c/Ad:-100,100(-100.000000)
942:BR,Player:0r130c/cr299c/cc/r16295f:4h8h,7hQc|/5s8sKs/9h/3h:529,-529(529.000000)
943:Player,BR:0cc/cc/r130r130f:5c9s,JsQs|/7s7h7d/6c:-230,230(-230.000000)
944:BR,Player:0cc/cr130c/r285c/r3410c:QsKd,5sTh|/2s5dAs/Kc/9d:3925,-3925(1746.971303)
945:Player,BR:0cc/cc/cr9423f:3c4s,6dJc|/4hThKd/9c:-100,100(-100.000000)
946:BR,Player:0r130c/cc/r7085f:2h8s,2sAd|/5h5cJc/6d:230,-230(230.000000)
947:Player,BR:0cr600c/r4200c/cr3015c/cr1592c:8h9d,JsKs|/6sTsJc/5h/5s:-9507,9507(-9507.000000)
948:BR,Player:0r130c/cr299c/r4632f:5s8s,4hTc|/2d3h8c/Td:529,-529(529.000000)
949:Player,BR:0cr300c/cc/cr246c/cr2812f:8sAd,5cTc|/3s5h7d/Jh/Qd:-646,646(-646.000000)
950:BR,Player:0cc/cc/r2679f:5s9c,QhQd|/9s9hKd/4c:100,-100(100.000000)
951:Player,BR:0cc/cc/cr379f:6d7s,4cTh|/3dTsAs/2h:-100,100(-100.000000)
952:BR,Player:0r200c/cr600c/r7881f:7cJc,6dAc|/3c5d6h/Tc:900,-900(900.000000)
953:Player,BR:0cr600c/r910c/cr14098f:QdKc,8hAs|/3sTsQh/4h:-1610,1610(-1610.000000)
954:BR,Player:0r130c/cc/r7085f:7s8s,2s2h|/3h5sAd/7d:230,-230(230.000000)
955:Player,BR:0cc/r200c/cr4595c/r100r14298f:6s9s,2cAs|/3s4d5s/Jh/Qc:-4995,4995(-4995.000000)
956:BR,Player:0r130c/cr299c/r753c/cc:JcKh,6cAs|/2dQhAd/7c/9s:-1282,1282(-1183.824286)
957:Player,BR:0cr300c/cc/cr1514f:ThQd,2dAd|/3h4d5d/3c:-400,400(-400.000000)
958:BR,Player:0r130c/cc/r7085f:4h7d,5c6h|/5s9sAs/3c:230,-230(230.000000)
959:Player,BR:0cc/cc/r130r2014f:8cKd,4s5c|/2c7hJh/Kh:-230,230(-230.000000)
960:BR,Player:0r130c/cr299c/r2303f:TdQd,6sQh|/3h3d7h/Ah:529,-529(529.000000)
961:Player,BR:0cr200c/r600c/cr1281f:6cTc,7hTh|/5d8sAd/Qs:-900,900(-900.000000)
962:BR,Player:0f:5h6d,2c8s|:50,-50(50.000000)
963:Player,BR:0cc/cc/cc/r130r14250f:4h9d,6hKc|/3h4sAd/Js/3d:-230,230(-230.000000)
964:BR,Player:0f:3d4s,3s9h|:50,-50(50.000000)
965:Player,BR:0cr600c/cc/cr1742f:3h7h,5cTh|/4dJdAd/Qh:-700,700(-700.000000)
966:BR,Player:0r130c/cr299c/r100c/r11078f:5d9h,2d6d|/4s5sKh/4h/4c:629,-629(629.000000)
967:Player,BR:0cr130c/cc/cr7085f:9hKd,ThAh|/6s6d7d/Qc:-230,230(-230.000000)
968:BR,Player:0f:4s7h,2h3c|:50,-50(50.000000)
969:Player,BR:0cc/cc/cr435f:5cJd,4d6d|/7sJsAd/8s:-100,100(-100.000000)
970:BR,Player:0r200c/cc/r2284f:QhAs,7c9h|/3sKsAc/6s:300,-300(300.000000)
971:Player,BR:0cc/cc/cr124f:3h5s,8sAd|/8c9sKc/4h:-100,100(-100.000000)
972:BR,Player:0r130c/cr299c/r4632f:6h6c,JsAc|/2h3d9c/Qh:529,-529(529.000000)
973:Player,BR:0cr600c/r4200c/r6370c/r8730c:QcAh,9dAs|/8dKsAc/3c/Qh:20000,-20000(7223.724273)
974:BR,Player:0f:7s8h,2cJh|:50,-50(50.000000)
975:Player,BR:0cc/cc/r200r1306c/cr1136c:5hKd,4h9h|/3h5dJh/Jd/9s:-2742,2742(-2269.219162)
976:BR,Player:0r300c/cc/r3503f:5hTs,4sQh|/3h4dJd/Td:400,-400(400.000000)
977:Player,BR:0cr200c/r390c/r897r897r2277f:6hKh,KdAd|/7hQhKc/Ah:2484,-2484(2484.000000)
978:BR,Player:0r130c/cr299c/r2303f:3c5c,6h6c|/3h4sAh/Qd:529,-529(529.000000)
979:Player,BR:0cr300c/cc/cr100c/cr17712f:4h4c,3sJh|/6h7hQs/8s/6d:-500,500(-500.000000)
980:BR,Player:0r130c/cr299c/r162c/r425f:5c6c,6dKh|/3d7cJd/5h/Ad:691,-691(691.000000)
981:Player,BR:0cr300c/cc/cr283c/r277r4179f:QdQc,3hTh|/2d8hKc/7c/9h:-960,960(-960.000000)
982:BR,Player:0f:4cJc,2dTc|:50,-50(50.000000)
983:Player,BR:0cr300c/cc/cr6126f:8hAd,3c6s|/5s6hJs/2h:-400,400(-400.000000)
984:BR,Player:0cc/cc/r9423f:ThQd,4d9c|/6s6hAc/8c:100,-100(100.000000)
985:Player,BR:0cr300c/cc/cr1741f:4s6c,8h9c|/3s4hQs/2s:-400,400(-400.000000)
986:BR,Player:0r130c/cr299c/r100r829f:5d8c,ThQs|/5cJdQh/4d:-629,629(-629.000000)
987:Player,BR:0cc/cc/r200r2627f:2d8c,3cJc|/3hKhKc/8s:-300,300(-300.000000)
988:BR,Player:0r200c/cc/r747f:6s8d,5d8h|/ThAsAc/3h:300,-300(300.000000)
989:Player,BR:0cc/cc/cr876f:5c8c,2s4h|/8hTsQd/As:-100,100(-100.000000)
990:BR,Player:0r130c/cc/r2014c/r14858f:7s7d,6dQs|/5sJsAs/Kd/2c:2244,-2244(2244.000000)
991:Player,BR:0cr200c/cc/cr9241f:9cKc,4s8s|/3hTdAs/5h:-300,300(-300.000000)
992:BR,Player:0r130c/cc/r6161f:6d8d,2sQs|/4d8sTd/2c:230,-230(230.000000)
993:Player,BR:0cr130c/r299c/r1058f:JhJc,TsQc|/8hJsKs/Jd:529,-529(529.000000)
994:BR,Player:0r130c/cc/r4051f:3d8d,4s9s|/2h7cKd/Ac:230,-230(230.000000)
995:Player,BR:0cc/cc/cr379f:5hJd,TcKd|/2h8sKh/2s:-100,100(-100.000000)
996:BR,Player:0r130c/cc/r14250f:ThQs,9sAh|/2d2cKd/9c:230,-230(230.000000)
997:Player,BR:0cr1200c/cc/r650r1380f:8cTc,KsAd|/6cQdQc/6h:-1950,1950(-1950.000000)
998:BR,Player:0r200c/cr390c/r3004c/r4571f:6h9c,5sQs|/2s3hJs/5h/2h:3694,-3694(3694.000000)
999:Player,BR:0cr200c/cc/cr1306f:8sKs,3h5d|/2hQdAc/6c:-300,300(-300.000000)
1000:BR,Player:0r130c/cc/r2014f:7dQs,9hKd|/9dJsJc/Ac:230,-230(230.000000)
RAW BR STATS: n=1000, sum=377461.000000, sum_sq=10010567753.000000, vr_sum=461307.209301, vr_sum_sq=7007704222.593787
BR STATS: 377.461000(194.703000), 461.307209(161.565118)
RESULTS
1)Player: -377461
2)BR: 377461
