In config file: GAME_DEF=game_def.fullholdem
In config file: ACTIONS_R0=C
In config file: ACTIONS_R1=F,C,0.05,0.0575,0.066125,0.07604375,0.087450313,0.100567859,0.115653038,0.133000994,0.152951143,0.175893815,0.202277887,0.23261957,0.267512505,0.307639381,0.353785288,0.406853081,0.467881044,0.5380632,0.61877268,0.711588582,0.81832687,0.9410759,1.082237285,1.244572878,1.43125881,1.645947631,1.892839776,2.176765742,2.503280603,2.878772694,3.310588598,3.807176888,4.378253421,5.034991434,5.790240149,6.658776171,7.657592597,8.806231486,10.12716621,11.64624114,13.39317731,15.40215391,17.71247699,20.36934854,23.42475083,26.93846345,30.97923297,35.62611791,40.9700356,47.11554094,54.18287208,62.31030289,71.65684832,82.40537557,94.76618191,A
In config file: ACTIONS_R2=F,C
In config file: ACTIONS_R3=F,C
Loading player: rgbr_nl_cprg.so
Player args: /home/viliam/cprg/project_uoapoker/trunk/src/c/meta_player.so /home/viliam/cprg/project_uoapoker/trunk/src/c/acpc14.map
Using seed 33.
1:BR,Player:0r130c/r1751f:7cKh,9cQc|/2d6c7h:230,-230(230.000000)
2:Player,BR:0cc/cr216c/cc/cc:9hKc,8cQh|/4c8h9c/7s/9d:316,-316(-196.546324)
3:BR,Player:0f:9cKh,2s3c|:50,-50(50.000000)
4:Player,BR:0cr300c/r520r4005f:5dAd,3hAh|/3c6h9d:-920,920(-920.000000)
5:BR,Player:0r300c/r866f:9hAs,3d9d|/QhQcAd:400,-400(400.000000)
6:Player,BR:0cr600c/cr3047c/r3603c/r12650c:3s7s,6s8d|/TsTdKs/8c/5h:-20000,20000(-3734.993308)
7:BR,Player:0r130c/cc/cc/cc:TcKs,8sQh|/4c5dAs/Kd/6d:230,-230(230.000000)
8:Player,BR:0cc/cr3080f:6hJc,2c5s|/7h9dQc:-100,100(-100.000000)
9:BR,Player:0cc/r761f:JdAd,ThQs|/6dQhAc:100,-100(100.000000)
10:Player,BR:0cc/cr435c/r305f:5cQh,2d4c|/5s9sJh/3s:535,-535(535.000000)
11:BR,Player:0r200c/r244f:6dAs,8s9c|/4s4h7c:300,-300(300.000000)
12:Player,BR:0cr300c/r520f:6sJs,2h4d|/7hTcKd:400,-400(400.000000)
13:BR,Player:0cc/r761r1939c/cc/cr3640f:KsKh,3dJd|/9dJhQd/3h/7h:-2800,2800(-2800.000000)
14:Player,BR:0cr200c/cr1306f:4h6s,6hJs|/4c9cAs:-300,300(-300.000000)
15:BR,Player:0cc/r19900f:3sQd,8s9h|/2h3cQs:100,-100(100.000000)
16:Player,BR:0cr300c/cr3503r16097f:TcJd,7hKc|/8s9cQs:3903,-3903(3903.000000)
17:BR,Player:0f:5d7d,2h7c|:50,-50(50.000000)
18:Player,BR:0cr200c/r390c/r345f:TcAd,9sAs|/2c6cKs/8c:690,-690(690.000000)
19:BR,Player:0cc/r435f:5d6d,2cKc|/3h4s8s:100,-100(100.000000)
20:Player,BR:0cr200c/cr2627f:2hTh,7d8h|/5c6cAs:-300,300(-300.000000)
21:BR,Player:0r130c/r1001f:6hTd,8c9c|/3s4s5c:230,-230(230.000000)
22:Player,BR:0cc/cr435f:4c6s,2cAs|/6h7h9h:-100,100(-100.000000)
23:BR,Player:0r130c/r2014f:7d8c,6d9s|/5sJhAh:230,-230(230.000000)
24:Player,BR:0cr300c/cr3503f:8sQh,5c6s|/4c9hKd:-400,400(-400.000000)
25:BR,Player:0r130c/r19770f:KdKc,5cQd|/TdKhAc:230,-230(230.000000)
26:Player,BR:0cc/cr435f:4d9d,5d7s|/5hQhKc:-100,100(-100.000000)
27:BR,Player:0f:2cAh,2s3c|:50,-50(50.000000)
28:Player,BR:0cc/cr876f:TdJs,4dAs|/4s6c9s:-100,100(-100.000000)
29:BR,Player:0cc/r124r236r4028f:3c6h,9cKd|/4d6sTs:460,-460(460.000000)
30:Player,BR:0cc/cr142c/cc/r448f:TsJd,6d6c|/9hKhKc/Qd/9d:242,-242(242.000000)
31:BR,Player:0cc/r100c/cr100c/cc:7cKh,2hJc|/2dQhAh/Qs/4s:-300,300(-191.918265)
32:Player,BR:0cc/cr876f:2s8h,6s7h|/4c5h9h:-100,100(-100.000000)
33:BR,Player:0r130c/r285c/cr175c/cc:9s9h,5cAc|/7s7hTd/6s/Jd:690,-690(380.424260)
34:Player,BR:0cr600c/cr3047f:8s9d,8cAh|/5c6sJs:-700,700(-700.000000)
35:BR,Player:0f:8dKh,3d7h|:50,-50(50.000000)
36:Player,BR:0cr300c/cr1741f:9hAc,3sQh|/5c6h8h:-400,400(-400.000000)
37:BR,Player:0r130c/r871f:JhKc,9sAs|/5cTdJc:230,-230(230.000000)
38:Player,BR:0cr200c/cr1306f:2d9d,4s9h|/6d9cTs:-300,300(-300.000000)
39:BR,Player:0r130c/r2014f:9cTh,JsKc|/5s6hAh:230,-230(230.000000)
40:Player,BR:0cr600c/cr996f:3d5s,KdAs|/6hTdTc:-700,700(-700.000000)
41:BR,Player:0f:4hKd,3s8h|:50,-50(50.000000)
42:Player,BR:0cc/cr1761f:3dKc,6s6h|/5s7dTh:-100,100(-100.000000)
43:BR,Player:0r130c/r1001f:2h7d,7hTc|/4s5c8s:230,-230(230.000000)
44:Player,BR:0cc/cr379c/r121c/cc:9hJd,JsJh|/7d8c9d/7s/Kc:-600,600(-453.224733)
45:BR,Player:0r200c/r371c/cr229c/cr2700f:TdQc,2s2h|/5sThKc/Jc/3d:-900,900(-900.000000)
46:Player,BR:0cr300c/cr3503f:8cKc,7hAs|/2cTcJs:-400,400(-400.000000)
47:BR,Player:0r200c/r1306f:JcAc,5dJd|/4hQhKs:300,-300(300.000000)
48:Player,BR:0cr300c/cr1514c/cc/cc:9sTd,6sQh|/2dJhQd/8c/Kd:1914,-1914(121.390028)
49:BR,Player:0cc/r1761c/cc/cr3429f:7hAc,5sJs|/4c6sJh/6h/7s:-1861,1861(-1861.000000)
50:Player,BR:0cr600c/r910r14098f:8h9h,4sKh|/3d8sAh:-1610,1610(-1610.000000)
51:BR,Player:0r130c/r1001f:8dAd,8s8c|/2h5h9c:230,-230(230.000000)
52:Player,BR:0cc/cr435c/r305c/r1092f:8hAc,2dQs|/6h7hAh/6s/8c:840,-840(840.000000)
53:BR,Player:0r130c/r2014f:4hKs,5hJd|/4d6hQh:230,-230(230.000000)
54:Player,BR:0cr300c/cr283f:4s4d,2c6h|/6d8sKc:-400,400(-400.000000)
55:BR,Player:0r130c/r2014r9716f:4c5s,7dJd|/4d8dJh:-2244,2244(-2244.000000)
56:Player,BR:0cc/cr124f:3cJd,9d9c|/6hTdQs:-100,100(-100.000000)
57:BR,Player:0r130c/r2014f:4hTc,4c5h|/5s9dQc:230,-230(230.000000)
58:Player,BR:0cr130c/cr327c/cc/cc:7dKc,9sQd|/5d7hJd/Ac/Ks:557,-557(557.000000)
59:BR,Player:0r130c/r1001f:2hJc,6hJd|/8hJsKh:230,-230(230.000000)
60:Player,BR:0cc/cr435f:2hQh,6cQs|/5d6dTd:-100,100(-100.000000)
61:BR,Player:0r130c/r4051f:5s6s,6d8h|/4h7cTs:230,-230(230.000000)
62:Player,BR:0cc/cr876f:2c4s,2h5s|/7c8hJc:-100,100(-100.000000)
63:BR,Player:0r130c/r285c/cc/cr543f:2c8c,7d8s|/2s4s7c/Kd/4h:-515,515(-515.000000)
64:Player,BR:0cr200c/cr2627f:5s8d,2s9c|/6hJhJc:-300,300(-300.000000)
65:BR,Player:0r200c/r1306f:3cAc,KcAs|/4c6h8h:300,-300(300.000000)
66:Player,BR:0cr300c/r800r10508f:7c9c,6dTh|/2c3dJc:-1200,1200(-1200.000000)
67:BR,Player:0cc/r142c/cr208c/cc:7cKc,2sKs|/4h8sQd/8c/4c:0,-0(68.504171)
68:Player,BR:0cc/cr3080f:3h5s,3sJd|/TcJcAh:-100,100(-100.000000)
69:BR,Player:0r130c/r163f:3s5d,TdKs|/5c7sJc:230,-230(230.000000)
70:Player,BR:0cc/cr1761f:3sAc,TdQh|/JcKsKh:-100,100(-100.000000)
71:BR,Player:0r130c/r1751r1751r1751c/cc/cc:2h4h,3sJs|/3h4cJh/8d/Kc:-5483,5483(-4893.884411)
72:Player,BR:0cr200c/cr2627f:2h9h,6h7h|/5d6dAs:-300,300(-300.000000)
73:BR,Player:0r200c/r1306f:5h8c,7cKd|/3s6cAd:300,-300(300.000000)
74:Player,BR:0cr200c/r600r3918f:4c5c,8cKd|/4d8s9h:-900,900(-900.000000)
75:BR,Player:0r130c/r1001f:9sQc,2hAd|/4d7dTh:230,-230(230.000000)
76:Player,BR:0cc/cr1761f:4dJs,4s5s|/ThJhKh:-100,100(-100.000000)
77:BR,Player:0r130c/r1001f:7d8s,3hAs|/2sKsKh:230,-230(230.000000)
78:Player,BR:0cc/cr876f:9sQd,5d7c|/3s4dKh:-100,100(-100.000000)
79:BR,Player:0r130c/r871f:7cJs,2hAh|/3c4c7d:230,-230(230.000000)
80:Player,BR:0cr200c/cr427r1973f:6sAc,4dJs|/2d6hAd:727,-727(727.000000)
81:BR,Player:0f:3hJc,2h4s|:50,-50(50.000000)
82:Player,BR:0cr130c/cr573c/r301f:8d8c,7s9c|/4s4cQs/8s:803,-803(803.000000)
83:BR,Player:0cc/r435f:6sAh,3hQh|/3c4sTd:100,-100(100.000000)
84:Player,BR:0cc/cr435f:4cQd,6d8c|/8h9dTd:-100,100(-100.000000)
85:BR,Player:0r130c/r1751f:7h8c,6hKs|/7c8dQc:230,-230(230.000000)
86:Player,BR:0cc/r130r1001r3599f:7sTd,4hKh|/4c7hTs:1231,-1231(1231.000000)
87:BR,Player:0r130c/r2014f:3hQc,5d8s|/4dJhAd:230,-230(230.000000)
88:Player,BR:0cr200c/cr1136f:8cTc,7dKs|/4d9sKd:-300,300(-300.000000)
89:BR,Player:0r130c/r327c/cc/cr1030f:4d8c,8dAs|/7s7cAd/5h/Qc:-557,557(-557.000000)
90:Player,BR:0cr130c/cr2014f:2s5s,JdAs|/6d9cQd:-230,230(-230.000000)
91:BR,Player:0r130c/r1001r2472f:3dJd,9s9d|/6d9h9c:-1231,1231(-1231.000000)
92:Player,BR:0cc/cr435f:5sQh,2d6h|/7h7dJc:-100,100(-100.000000)
93:BR,Player:0cc/r876f:3hAc,6cQc|/2d5hJc:100,-100(100.000000)
94:Player,BR:0cc/cr876f:2cJh,KhAh|/6cJdQs:-100,100(-100.000000)
95:BR,Player:0f:7sJs,2h6s|:50,-50(50.000000)
96:Player,BR:0cc/cr8194f:7h9c,KsKd|/5dQdKh:-100,100(-100.000000)
97:BR,Player:0r130c/r871f:6d9s,8hTd|/3c4s9c:230,-230(230.000000)
98:Player,BR:0cr600c/cr996f:QsAs,4c5d|/4d7dTh:-700,700(-700.000000)
99:BR,Player:0r130c/r1001r2472r2472r13825f:4s8s,3h7h|/6h7d8h:-6175,6175(-6175.000000)
100:Player,BR:0cc/cr876f:5cQd,7h8c|/2c3s6c:-100,100(-100.000000)
101:BR,Player:0f:JcKd,3d8h|:50,-50(50.000000)
102:Player,BR:0cc/cr435f:4dJc,8h9c|/2s4cKd:-100,100(-100.000000)
103:BR,Player:0r130c/r1001c/cc/cr2472c:2cQs,ThJd|/8s9cKh/4s/Ad:3703,-3703(500.997474)
104:Player,BR:0cc/cr379f:2c7s,7hJc|/3h4h7d:-100,100(-100.000000)
105:BR,Player:0r130c/r1001f:3sAc,5c9d|/9hQdKd:230,-230(230.000000)
106:Player,BR:0cc/cr876f:6c9d,2cJc|/2d3dTs:-100,100(-100.000000)
107:BR,Player:0r130c/r327f:QhKd,8sAc|/4h7s7h:230,-230(230.000000)
108:Player,BR:0cc/cr1761f:5dJd,6hTc|/TsQsKc:-100,100(-100.000000)
109:BR,Player:0cc/r435f:3hAs,JcQd|/7d8sJd:100,-100(100.000000)
110:Player,BR:0cc/cr8194f:6cJs,9h9c|/5c8d9d:-100,100(-100.000000)
111:BR,Player:0r130c/r871f:8d8c,7dTd|/2c4h6s:230,-230(230.000000)
112:Player,BR:0cc/cr1761f:2s6h,ThKc|/6s7hAd:-100,100(-100.000000)
113:BR,Player:0r200c/r427c/cc/cc:4dQh,TsTh|/2h2d6s/8d/Qc:727,-727(727.000000)
114:Player,BR:0cr130c/cr7085f:JsJc,3cJd|/4c5d6s:-230,230(-230.000000)
115:BR,Player:0r200c/r371f:8sJd,2hKc|/7c8dQd:300,-300(300.000000)
116:Player,BR:0cc/cr435r2265r2265f:5hJs,3s8h|/8c9sTh:-2800,2800(-2800.000000)
117:BR,Player:0r130c/r285c/cr543c/cc:5s9c,2s4s|/4c9dJc/8s/Kd:1058,-1058(-359.349206)
118:Player,BR:0cr200c/r900r5224r13576f:JhQh,2s8d|/4c6hTh:6424,-6424(6424.000000)
119:BR,Player:0cc/r761f:QsKs,2cKc|/3h5sQc:100,-100(100.000000)
120:Player,BR:0cc/cr435f:3hJc,2cTh|/4s6s7d:-100,100(-100.000000)
121:BR,Player:0f:5d7c,2dTh|:50,-50(50.000000)
122:Player,BR:0cr600c/r4200r4200f:9dQc,4c5s|/3c7dJc:-4900,4900(-4900.000000)
123:BR,Player:0r130c/r2014f:4d6c,6h7s|/5dQsKh:230,-230(230.000000)
124:Player,BR:0cc/cr1761f:4s5h,3h7h|/TcQcAd:-100,100(-100.000000)
125:BR,Player:0cc/r876f:4sKs,8dQs|/TdAhAc:100,-100(100.000000)
126:Player,BR:0cc/cr876f:4sAc,5s5c|/3d6hQs:-100,100(-100.000000)
127:BR,Player:0cc/r8194f:7c9d,2sJd|/6h8hTc:100,-100(100.000000)
128:Player,BR:0cc/cr876f:6dAh,JcKs|/3c8cAs:-100,100(-100.000000)
129:BR,Player:0f:9s9c,3sTd|:50,-50(50.000000)
130:Player,BR:0cr600c/cr3047f:9cJh,2s9d|/3h4h5d:-700,700(-700.000000)
131:BR,Player:0f:KsAs,2sTc|:50,-50(50.000000)
132:Player,BR:0cr300c/cr1741f:9sKs,2c4c|/TdTcKd:-400,400(-400.000000)
133:BR,Player:0r200c/r244f:3sAc,5dJh|/3h9sQc:300,-300(300.000000)
134:Player,BR:0cc/cr100c/cc/r400f:7cQd,3dAh|/6h6cQs/Ts/3s:200,-200(200.000000)
135:BR,Player:0f:2c7d,2s8c|:50,-50(50.000000)
136:Player,BR:0cr130c/r299r299f:8cJd,6dAh|/5c9dKh:-529,529(-529.000000)
137:BR,Player:0r200c/r371c/cc/cr1129c:7dKh,5sTs|/ThJdKc/6d/5h:-1800,1800(42.181812)
138:Player,BR:0cc/cr3080f:TdKs,9dTc|/6sKcAd:-100,100(-100.000000)
139:BR,Player:0r130c/r2014f:8cQs,2cAd|/2hJhKs:230,-230(230.000000)
140:Player,BR:0cc/r200r5284f:6dJs,8dKs|/4c9sAs:-300,300(-300.000000)
141:BR,Player:0r130c/r2014f:2cAd,9hAs|/6d8cJh:230,-230(230.000000)
142:Player,BR:0cr200c/r390r982f:TdQd,5d7d|/6s6d7h:-690,690(-690.000000)
143:BR,Player:0r130c/r498c/cc/cc:5hAh,9h9c|/2d2cTh/4c/Jc:-728,728(-374.329617)
144:Player,BR:0cr200c/cr1306f:7cQd,6d8h|/2h3cJh:-300,300(-300.000000)
145:BR,Player:0cc/r142c/cc/cc:2d4h,2c4c|/3s3h5d/2s/3d:0,-0(228.301336)
146:Player,BR:0cr300c/cr3503f:8dAc,6hQd|/4cThJc:-400,400(-400.000000)
147:BR,Player:0f:7cAd,3d8h|:50,-50(50.000000)
148:Player,BR:0cr200c/cr1306f:TdAh,7sQs|/6h6d8h:-300,300(-300.000000)
149:BR,Player:0r130c/cr299c/cc/cc:7cJs,4d5s|/3sQdKh/Qc/7d:529,-529(447.950653)
150:Player,BR:0cc/cr435f:4sJs,5s7c|/7d9cQs:-100,100(-100.000000)
151:BR,Player:0r200c/r1306f:7hJd,7dAc|/4s9hTs:300,-300(300.000000)
152:Player,BR:0cr200c/cr5284f:KhAc,2d8h|/6h7sTc:-300,300(-300.000000)
153:BR,Player:0r130c/r1001f:5sJh,4d9d|/2d3s6s:230,-230(230.000000)
154:Player,BR:0cr300c/cr3503f:JdAs,4d5h|/4h8dTd:-400,400(-400.000000)
155:BR,Player:0r130c/r1001f:JhAh,TsKs|/4d8dQc:230,-230(230.000000)
156:Player,BR:0cc/cr876f:5d7c,2cAh|/6hTdKh:-100,100(-100.000000)
157:BR,Player:0cc/r1532f:7dAs,4d8h|/7cQdAd:100,-100(100.000000)
158:Player,BR:0cc/cr761f:4dJs,6cJc|/2c3s4c:-100,100(-100.000000)
159:BR,Player:0cc/r100c/cc/cr260c:6dKd,TsTc|/3d7s7c/Qs/9d:-460,460(42.168005)
160:Player,BR:0cc/cr379r721r5224f:2hAs,8dKs|/3h5hKd:-1200,1200(-1200.000000)
161:BR,Player:0r200c/r2627c/cr6043f:5cKc,8s8c|/3h6h8d/Qh:-2927,2927(-2927.000000)
162:Player,BR:0cc/cr216f:4hJc,7h9h|/2h7sAd:-100,100(-100.000000)
163:BR,Player:0cc/r435f:3hQd,4s9d|/3cTcKc:100,-100(100.000000)
164:Player,BR:0cc/cr1761f:5sKh,4s4h|/5h8hJd:-100,100(-100.000000)
165:BR,Player:0cc/r1761f:3s4d,3cAs|/8cJhKs:100,-100(100.000000)
166:Player,BR:0cr300c/cr569f:9sQh,8cKs|/5dAsAh:-400,400(-400.000000)
167:BR,Player:0f:2dJh,2h3c|:50,-50(50.000000)
168:Player,BR:0cr130c/r299r655c/r100c/cc:TdQs,JsKc|/8dTcKh/Ad/Ac:-1284,1284(-1256.063289)
169:BR,Player:0cc/r124f:5c8h,3cTs|/5hQdAc:100,-100(100.000000)
170:Player,BR:0cr300c/cr3503f:QhAs,7sAh|/3h6cJs:-400,400(-400.000000)
171:BR,Player:0r130c/r1001c/cc/cc:7cQc,3s6c|/2d5s6s/8h/5d:-1231,1231(-1231.000000)
172:Player,BR:0cc/cr142c/cc/r448f:TcJd,6cKh|/4h4dTs/3s/8d:242,-242(242.000000)
173:BR,Player:0r130c/r1001f:2d6h,4hTd|/9cJdKc:230,-230(230.000000)
174:Player,BR:0cc/cr876c/cc/r2014c:3sJs,2hAh|/3c6sKs/Jc/Jh:2990,-2990(180.668163)
175:BR,Player:0f:5h9c,2c7s|:50,-50(50.000000)
176:Player,BR:0cc/cr876f:5cQs,5h8c|/3s4s8s:-100,100(-100.000000)
177:BR,Player:0r130c/r2014c/cc/cr2241f:2s4h,5h5d|/2d5s6s/7s/9c:-2244,2244(-2244.000000)
178:Player,BR:0cc/cr435f:2sJh,8dTc|/5d9cKc:-100,100(-100.000000)
179:BR,Player:0cc/r761r1939r6970f:9dAs,2hJh|/TsQhAh:2800,-2800(2800.000000)
180:Player,BR:0cc/cr876f:3hQs,QcAs|/8hJsKs:-100,100(-100.000000)
181:BR,Player:0cc/r876f:8dQd,5hQs|/3c9dKh:100,-100(100.000000)
182:Player,BR:0cr300c/r1200r2277f:7dJh,QsAc|/3c4s6d:-1600,1600(-1600.000000)
183:BR,Player:0r130c/r285f:KcAs,7sTs|/3d3c4c:230,-230(230.000000)
184:Player,BR:0cc/cr19900f:5sAh,3dJs|/3c8dJh:-100,100(-100.000000)
185:BR,Player:0r130c/r2014f:2hAc,9sAh|/3cThJh:230,-230(230.000000)
186:Player,BR:0cc/cr876f:4d9s,JcKs|/5h6sTs:-100,100(-100.000000)
187:BR,Player:0r200c/r427c/cr623c/cc:5c9s,5s6s|/5dKsKd/4s/3h:1350,-1350(698.684176)
188:Player,BR:0cc/cr1532f:6h8c,QhKc|/5s8sKh:-100,100(-100.000000)
189:BR,Player:0r130c/r2014f:5d9d,JsKd|/4d5cQc:230,-230(230.000000)
190:Player,BR:0cr200c/cr212c/cc/cc:5d9d,4cJs|/5sJhKs/Kd/8c:-512,512(-327.237889)
191:BR,Player:0r130c/r1001c/cc/cc:2c7h,TdKs|/3h9sTh/9d/Jc:-1231,1231(-1231.000000)
192:Player,BR:0cc/cr1761f:9cQs,ThQc|/5dJcKd:-100,100(-100.000000)
193:BR,Player:0f:5s7h,2c6h|:50,-50(50.000000)
194:Player,BR:0cr200c/cr1306f:7dQh,2cJc|/6s7s9c:-300,300(-300.000000)
195:BR,Player:0cc/r435f:9hTd,3d4c|/3c6dKh:100,-100(100.000000)
196:Player,BR:0cc/cr876c/r584c/r780c:6hKs,2s5d|/5c9cKh/8h/4d:2340,-2340(1118.975999)
197:BR,Player:0r130c/r1001f:9hTd,3h3c|/7dJsKs:230,-230(230.000000)
198:Player,BR:0cc/cr142f:4sTh,3c9d|/5s5c6d:-100,100(-100.000000)
199:BR,Player:0r300c/r569f:5hAc,5c7c|/3hKhKc:400,-400(400.000000)
200:Player,BR:0cc/cr876f:3sKh,4c9c|/2d5cTh:-100,100(-100.000000)
201:BR,Player:0r200c/r2627f:2h5h,2sQc|/4cJcQd:300,-300(300.000000)
202:Player,BR:0cc/cr876f:2c5s,3d6s|/9hJsAh:-100,100(-100.000000)
203:BR,Player:0f:2h8d,2sJd|:50,-50(50.000000)
204:Player,BR:0cc/cr124r236r236f:2cKd,5dTc|/3dTsQh:-460,460(-460.000000)
205:BR,Player:0f:3d4s,3s7h|:50,-50(50.000000)
206:Player,BR:0cr300c/cr1741c/r1219c/r1680c:9sTh,2s3s|/2d6h9d/Kc/4h:5040,-5040(731.270623)
207:BR,Player:0r130c/r285c/cc/cc:5c8c,JhAh|/2h5hTs/4s/4c:515,-515(466.625194)
208:Player,BR:0cc/cr876f:7sKh,3cKs|/4h4cQh:-100,100(-100.000000)
209:BR,Player:0r130c/r1751f:2cAc,6dTs|/2d8hAh:230,-230(230.000000)
210:Player,BR:0cr300c/cr162c/cc/cc:7cJd,6sKs|/JhAdAc/3h/Td:562,-562(374.311645)
211:BR,Player:0r130c/r2014f:3s8s,7s8d|/7dJhJc:230,-230(230.000000)
212:Player,BR:0cr200c/r600r7881r11219f:QhAd,2c6c|/5hQdAc:8781,-8781(8781.000000)
213:BR,Player:0r200c/r2627f:3h7h,9hQs|/2h8dKc:300,-300(300.000000)
214:Player,BR:0cc/cr1532c/cc/r318c:8cKs,9cAd|/8sThAs/Kc/7c:1950,-1950(-950.033492)
215:BR,Player:0r200c/r1306f:2s4h,8hKd|/ThQsKc:300,-300(300.000000)
216:Player,BR:0cc/cr124f:2c9h,6sKh|/6hTcQd:-100,100(-100.000000)
217:BR,Player:0r130c/r1001f:5s8s,5dJd|/2c4hTs:230,-230(230.000000)
218:Player,BR:0cc/cr435f:9dQc,2hQh|/3d4dKh:-100,100(-100.000000)
219:BR,Player:0r200c/r2627c/cr2923f:2s4s,QdAd|/5dJsQc/9c:-2927,2927(-2927.000000)
220:Player,BR:0cc/cr435c/r305f:3sQd,5s9d|/3dKsKh/Js:535,-535(535.000000)
221:BR,Player:0r130c/r2014f:4s8d,3h4h|/3s5hAc:230,-230(230.000000)
222:Player,BR:0cr300c/cr1741f:8s9c,3cTd|/QsQhAd:-400,400(-400.000000)
223:BR,Player:0r130c/r1001f:2sTd,3cQc|/6h8sAs:230,-230(230.000000)
224:Player,BR:0cc/cr876f:5dQs,2sQh|/3d4sKs:-100,100(-100.000000)
225:BR,Player:0cc/r435f:7s8h,8dAs|/5h9hJs:100,-100(100.000000)
226:Player,BR:0cr200c/cr1306f:8sTs,3hAc|/5sJcKh:-300,300(-300.000000)
227:BR,Player:0r200c/r2627f:2hTc,2dKd|/3d6d8c:300,-300(300.000000)
228:Player,BR:0cr200c/cr1306r3224r3224f:ThJc,3sKc|/3h5cJh:-4830,4830(-4830.000000)
229:BR,Player:0r130c/r1751f:AsAd,3hAh|/7cTcKs:230,-230(230.000000)
230:Player,BR:0cc/cr435c/r305c/r420f:5dAh,8cTc|/2s3h4c/6c/8d:840,-840(840.000000)
231:BR,Player:0r130c/r2014c/cr4633f:3s3d,8sJs|/8d9sKs/Qs:-2244,2244(-2244.000000)
232:Player,BR:0cr300c/cr3503r11697f:7dAd,7sAs|/4c8dTd:3903,-3903(3903.000000)
233:BR,Player:0r130c/r2014f:7sJs,7dKc|/3s3dAc:230,-230(230.000000)
234:Player,BR:0cc/cr876f:2d4c,5hJs|/8s8dQc:-100,100(-100.000000)
235:BR,Player:0r130c/r6161f:AsAc,6cQs|/3h5hAh:230,-230(230.000000)
236:Player,BR:0cc/cr124f:4dQs,8sKd|/6h8cJd:-100,100(-100.000000)
237:BR,Player:0r200c/r747c/cr753f:5h7c,6d9h|/9s9dKs/Jh:-1047,1047(-1047.000000)
238:Player,BR:0cc/cr1761f:7hAd,ThKc|/2s6cQs:-100,100(-100.000000)
239:BR,Player:0r200c/r1306f:5h8c,7h7c|/2s5c9c:300,-300(300.000000)
240:Player,BR:0cc/cr3080f:2h6c,4d9s|/4sTsQd:-100,100(-100.000000)
241:BR,Player:0f:8h9s,2s5c|:50,-50(50.000000)
242:Player,BR:0cr300c/cr7045f:TdQh,5d7c|/2s2hKs:-400,400(-400.000000)
243:BR,Player:0r300c/r1741f:TcKc,3c8c|/7s9cQs:400,-400(400.000000)
244:Player,BR:0cr600c/cr866f:4c7c,2cJc|/8h8cJs:-700,700(-700.000000)
245:BR,Player:0r200c/cr390r3004c/cr3551f:7sKc,TdKh|/4sThTc/2d:-3694,3694(-3694.000000)
246:Player,BR:0cc/cr876f:2d4c,4h4d|/6h6cKh:-100,100(-100.000000)
247:BR,Player:0r130c/r1001f:8dKh,6sJh|/2d7hTs:230,-230(230.000000)
248:Player,BR:0cc/cr124c/cc/r100c:7cTh,7dQh|/7hKsAc/6d/As:0,-0(-53.454169)
249:BR,Player:0f:7h8c,3h6s|:50,-50(50.000000)
250:Player,BR:0cc/cr1532f:3dQs,4hJh|/3c6h7h:-100,100(-100.000000)
251:BR,Player:0r200c/r1136f:5hKd,9cJd|/3d8hKc:300,-300(300.000000)
252:Player,BR:0cr600c/r910r4008c/cc/cc:KsAs,5c8c|/5sJsKh/Tc/3s:5618,-5618(5618.000000)
253:BR,Player:0r200c/r1306c/cc/cr3224f:2hJh,TcQd|/6d8s9c/3c/4d:-1606,1606(-1606.000000)
254:Player,BR:0cc/cr1761c/r899c/r1380f:5dKd,7h8c|/5c6sKc/3s/3h:2760,-2760(2760.000000)
255:BR,Player:0r130c/r871c/cc/cc:8cAc,6s7c|/6cTdAs/Th/Tc:1101,-1101(1101.000000)
256:Player,BR:0cc/cr8194f:3s8c,8sTc|/5c8hAs:-100,100(-100.000000)
257:BR,Player:0f:5dAh,2dTh|:50,-50(50.000000)
258:Player,BR:0cc/cr249c/r251c/cc:9dKh,9sJs|/8s8h8c/As/6d:600,-600(558.971481)
259:BR,Player:0r130c/r19770f:6s9h,4h7h|/3h6h9c:230,-230(230.000000)
260:Player,BR:0cc/cr876f:TdKh,3sKc|/7s9cTh:-100,100(-100.000000)
261:BR,Player:0r200c/r371f:4cJs,5hTd|/4sKsKd:300,-300(300.000000)
262:Player,BR:0cr600c/cr3047c/r2133c/r11760c:6h8h,9dJd|/3c7c8s/8c/4d:17640,-17640(679.087753)
263:BR,Player:0r130c/r3522f:2d8d,3sAd|/2h2cKs:230,-230(230.000000)
264:Player,BR:0cr130c/cr7085f:7d7c,6cAc|/8dJsKc:-230,230(-230.000000)
265:BR,Player:0r130c/r327c/cc/cc:2d8s,7hQd|/7sKhAc/Jc/Js:-557,557(-557.000000)
266:Player,BR:0cc/cr876f:4c7s,3dTh|/7cJcQh:-100,100(-100.000000)
267:BR,Player:0r130c/r1751f:AhAc,5d6d|/4c5hJd:230,-230(230.000000)
268:Player,BR:0cr600c/cr3047f:9s9d,3hKd|/2h5cTs:-700,700(-700.000000)
269:BR,Player:0r130c/r871c/cr279c/cr4140c:5d9c,ThJc|/3s8c9d/2s/9s:5520,-5520(-1374.972414)
270:Player,BR:0cc/cr761c/r189c/cc:2h7h,3dKd|/7sQhKc/Jc/9d:-1050,1050(-539.678345)
271:BR,Player:0r130c/r1751f:2cQc,7d9d|/3cQsAc:230,-230(230.000000)
272:Player,BR:0cr300c/r520r1139c/cc/r149c:8hJh,9sQd|/2h3c9h/Kc/8s:-2208,2208(-839.816734)
273:BR,Player:0cc/r3080f:6c8d,3c5c|/9sThAc:100,-100(100.000000)
274:Player,BR:0cr200c/r390r982c/r812c/cc:KsKc,6h7d|/2h5sTh/7h/As:2484,-2484(2181.531349)
275:BR,Player:0r130c/r1001r2472r2472f:7c8s,5cKs|/3s4hKc:3703,-3703(3703.000000)
276:Player,BR:0cr130c/cr2014c/cc/r2241f:TsJs,4s5s|/9sQhAs/6d/Kd:2244,-2244(2244.000000)
277:BR,Player:0f:2hTd,2d5c|:50,-50(50.000000)
278:Player,BR:0cr200c/cr2627f:JcQh,4d6d|/7d8dAc:-300,300(-300.000000)
279:BR,Player:0r130c/r1001f:4sQc,9hQh|/6d9sAs:230,-230(230.000000)
280:Player,BR:0cc/cr876f:2d6s,5d7h|/9sThQh:-100,100(-100.000000)
281:BR,Player:0r130c/r19770f:9s9c,8hTd|/9hJhAd:230,-230(230.000000)
282:Player,BR:0cc/cr435f:4dKc,3sKh|/5d8cJs:-100,100(-100.000000)
283:BR,Player:0r130c/r2014f:5cQc,8d9c|/2s7dKd:230,-230(230.000000)
284:Player,BR:0cr200c/r390r1493f:7cKc,JdJc|/6h8dTh:-690,690(-690.000000)
285:BR,Player:0r200c/r1136f:3s9h,4sKd|/2d5d9c:300,-300(300.000000)
286:Player,BR:0cc/cr435c/r305f:3c6d,2hTh|/4s7cAc/8c:535,-535(535.000000)
287:BR,Player:0r200c/r2627c/cc/cc:3dKd,AsAc|/7h9dQs/2h/Th:-2927,2927(-2927.000000)
288:Player,BR:0cr300c/cr1741f:7dKh,5s9c|/6cJhAc:-400,400(-400.000000)
289:BR,Player:0r130c/r1001f:6d7h,5dQc|/6c9cAd:230,-230(230.000000)
290:Player,BR:0cr130c/r460r3004f:5sAh,6s7c|/2h4cTd:-690,690(-690.000000)
291:BR,Player:0r130c/r2014f:6d7d,TdJd|/4d5sQc:230,-230(230.000000)
292:Player,BR:0cc/cr435f:9dQc,3c4d|/TsThTd:-100,100(-100.000000)
293:BR,Player:0cc/r435c/cc/cr1565c:9sJh,7cQc|/4c6dQd/2h/Js:-2100,2100(226.483184)
294:Player,BR:0cc/cr876f:2hQc,6dTd|/5d9hKc:-100,100(-100.000000)
295:BR,Player:0r130c/r1001f:2cTd,4cQc|/6hAhAd:230,-230(230.000000)
296:Player,BR:0cr200c/cr1306f:QcAc,4h7d|/2d6s9s:-300,300(-300.000000)
297:BR,Player:0r130c/r19770f:6cKs,2dAs|/2h6h6d:230,-230(230.000000)
298:Player,BR:0cr600c/cr3047f:5d8h,2dAd|/9hTcQd:-700,700(-700.000000)
299:BR,Player:0r130c/r285c/cc/cr865c:6hAs,7dQc|/5d6s9d/Jd/Kc:1380,-1380(-105.496410)
300:Player,BR:0cr300c/cr3503f:KsAs,2sKh|/6h9hQs:-400,400(-400.000000)
301:BR,Player:0r130c/r1001f:2s8h,QcAd|/6h7dTc:230,-230(230.000000)
302:Player,BR:0cr300c/cr495r4705c/r11200c/cc:3d5d,6d8d|/4h6cTs/3s/4s:-16800,16800(-16800.000000)
303:BR,Player:0r130c/r1001f:4hJd,9sJh|/2s5h5c:230,-230(230.000000)
304:Player,BR:0cr130c/cr2014f:8s8c,3h7d|/JdQsAs:-230,230(-230.000000)
305:BR,Player:0cc/r876f:5h6c,8sJc|/8d9dTc:100,-100(100.000000)
306:Player,BR:0cc/cr3080f:6d7c,4dKd|/ThJhAd:-100,100(-100.000000)
307:BR,Player:0r130c/r2014f:5sAd,8dQc|/2h2dQs:230,-230(230.000000)
308:Player,BR:0cc/cr3080f:8hKd,2cKc|/5sJcQc:-100,100(-100.000000)
309:BR,Player:0cc/r876f:4dQs,4s8d|/7c8s9s:100,-100(100.000000)
310:Player,BR:0cr300c/cr1741f:TsJh,7dTh|/JsQhKc:-400,400(-400.000000)
311:BR,Player:0cc/r124c/cr236c/cr2760c:7sJs,ThKc|/6sJcQd/8s/9s:3220,-3220(3218.344885)
312:Player,BR:0cr300c/cr1741c/r1219f:QsAs,6dAh|/4s7s7c/Ks:2141,-2141(2141.000000)
313:BR,Player:0r130c/r2014c/cc/cr4633f:2d4s,JsAd|/5d8dAs/Ts/Ac:-2244,2244(-2244.000000)
314:Player,BR:0cr300c/cr3503f:4dKd,3sAs|/6s8hJs:-400,400(-400.000000)
315:BR,Player:0r300c/r3503f:5sKd,4d8d|/2s7dJd:400,-400(400.000000)
316:Player,BR:0cr200c/cr1306f:6d6c,TsJc|/2d8cQc:-300,300(-300.000000)
317:BR,Player:0r130c/r6161c/cr1544c/cr12065c:2dKh,JdAs|/QsKsKc/Kd/Ah:20000,-20000(20000.000000)
318:Player,BR:0cr600c/r910r7009f:9cTs,5d8h|/3h6d8c:-1610,1610(-1610.000000)
319:BR,Player:0r130c/r1001f:8cTh,5cQs|/2s3s6c:230,-230(230.000000)
320:Player,BR:0cr130c/cr285c/cc/cc:9sKd,TcJc|/5sJsQh/As/7h:-515,515(-201.104764)
321:BR,Player:0f:3h7d,3dTs|:50,-50(50.000000)
322:Player,BR:0cc/cr19900f:2h7d,KsAd|/8dQsAc:-100,100(-100.000000)
323:BR,Player:0r130c/r1001f:3h8d,5hQh|/4d5d9d:230,-230(230.000000)
324:Player,BR:0cr300c/cr1741f:5s5h,3s3d|/2h7hKh:-400,400(-400.000000)
325:BR,Player:0r130c/r1001f:6h9c,7dKc|/4c6d7s:230,-230(230.000000)
326:Player,BR:0cr300c/cr3503f:9hKh,5dAh|/8d8cQc:-400,400(-400.000000)
327:BR,Player:0r130c/r142c/cc/cr663f:8s8h,3dTd|/4h9hJd/Ks/Ac:-372,372(-372.000000)
328:Player,BR:0cc/cr1761f:4c8s,7hAs|/8h9dQc:-100,100(-100.000000)
329:BR,Player:0f:AhAc,2h5s|:50,-50(50.000000)
330:Player,BR:0cr300c/cr1741c/r1219f:5d9d,4cAd|/3c5s9s/8c:2141,-2141(2141.000000)
331:BR,Player:0f:2d9d,4h9c|:50,-50(50.000000)
332:Player,BR:0cc/cr876f:4h8s,2cKd|/3h9dJd:-100,100(-100.000000)
333:BR,Player:0r200c/r1306f:2s9s,8cAh|/5s7dKs:300,-300(300.000000)
334:Player,BR:0cc/cr216c/cc/r134c:4sKd,5d5c|/3d4cTh/2s/8c:-450,450(-193.878877)
335:BR,Player:0cc/r379c/cr121c/cr1200c:KcAs,5d8d|/2s6hKd/7c/Jh:1800,-1800(969.826818)
336:Player,BR:0cc/cr379c/cc/r121c:9hTd,9dTs|/2s4s9c/8s/4c:0,-0(-244.557675)
337:BR,Player:0r130c/r285f:6c9s,6hJc|/4h9dKc:230,-230(230.000000)
338:Player,BR:0cc/cr124c/cc/r376c:7cTh,5sJc|/4dJsKc/2d/9s:-600,600(187.700670)
339:BR,Player:0f:7sQc,2d9s|:50,-50(50.000000)
340:Player,BR:0cr300c/cr7045f:JsJc,4s8c|/3sTdAc:-400,400(-400.000000)
341:BR,Player:0r130c/r1001f:5cTc,KhAc|/4s6d7d:230,-230(230.000000)
342:Player,BR:0cr300c/cr1741f:5s7d,JsKc|/2d3s5c:-400,400(-400.000000)
343:BR,Player:0r130c/r2014f:4hTh,QhAd|/2c6c8h:230,-230(230.000000)
344:Player,BR:0cc/cr876f:3c4d,KhAs|/2s8hJh:-100,100(-100.000000)
345:BR,Player:0r130c/r327c/cr478c/cc:4sKc,2dKh|/8s8hAc/Tc/2c:-1035,1035(-421.777695)
346:Player,BR:0cr300c/cr1741f:3c4c,4d9s|/5sQsQh:-400,400(-400.000000)
347:BR,Player:0r200c/r1306c/cr4694f:2h3s,QdKc|/4hTsKh/6d:-1606,1606(-1606.000000)
348:Player,BR:0cr300c/cr1741f:7sAs,4c6d|/4sJhKd:-400,400(-400.000000)
349:BR,Player:0r130c/r2014f:7sKd,9hQd|/5dTsJd:230,-230(230.000000)
350:Player,BR:0cr300c/cr1741f:8cTc,5h6h|/5d6d7d:-400,400(-400.000000)
351:BR,Player:0r130c/r1001f:9hKs,9dQc|/2h7h7c:230,-230(230.000000)
352:Player,BR:0cc/cr876f:5c7s,8hAc|/5h6sKd:-100,100(-100.000000)
353:BR,Player:0r130c/r2014f:7cJd,4cAs|/4h9cKh:230,-230(230.000000)
354:Player,BR:0cc/cr379f:5hKs,9cTc|/8c9sQh:-100,100(-100.000000)
355:BR,Player:0r130c/r2014f:4cJs,JhQd|/4d8dTs:230,-230(230.000000)
356:Player,BR:0cc/cr379f:3dKh,9cTc|/4d8hTs:-100,100(-100.000000)
357:BR,Player:0cc/r3080f:7h8c,3s5h|/3d6h9s:100,-100(100.000000)
358:Player,BR:0cr200c/r390r6042f:8h8c,7hAd|/4d6cKc:-690,690(-690.000000)
359:BR,Player:0r130c/r4051f:3hTc,6dJs|/2hJcQs:230,-230(230.000000)
360:Player,BR:0cr300c/cr1741f:JsJd,5dTd|/3d6sAd:-400,400(-400.000000)
361:BR,Player:0r130c/r1001f:2hJc,6hAs|/6c7cKc:230,-230(230.000000)
362:Player,BR:0cc/cr3080f:4c6h,3cTs|/2d8sJd:-100,100(-100.000000)
363:BR,Player:0f:KdAs,3hTc|:50,-50(50.000000)
364:Player,BR:0cc/cr1761c/r899f:TcJd,2dKd|/ThJhJc/Qh:1861,-1861(1861.000000)
365:BR,Player:0r200c/r244f:QcAd,5h8h|/4d4cKs:300,-300(300.000000)
366:Player,BR:0cc/cr876f:3sQh,3h5h|/5s7s9c:-100,100(-100.000000)
367:BR,Player:0r130c/r2014f:4s5c,7hKc|/7c8c9s:230,-230(230.000000)
368:Player,BR:0cc/cr876f:6d8s,2h9d|/9sTcQc:-100,100(-100.000000)
369:BR,Player:0cc/r379f:8dKc,3sAc|/4dJsKd:100,-100(100.000000)
370:Player,BR:0cr300c/r520r1309f:9sAh,7dJh|/JdKdAs:-920,920(-920.000000)
371:BR,Player:0f:9dQc,2c5h|:50,-50(50.000000)
372:Player,BR:0cc/cr876f:6d7h,3d8c|/7s9hTc:-100,100(-100.000000)
373:BR,Player:0r130c/r1001f:3s6d,4h4d|/9dQcKc:230,-230(230.000000)
374:Player,BR:0cc/cr3080f:3hJs,2d9h|/7cJdQs:-100,100(-100.000000)
375:BR,Player:0r130c/r285f:8h9c,3sTs|/4d9dQh:230,-230(230.000000)
376:Player,BR:0cc/cr1761f:5dQh,4sKh|/8sTcAs:-100,100(-100.000000)
377:BR,Player:0r130c/r19770f:5dQs,9cJd|/4s5sQh:230,-230(230.000000)
378:Player,BR:0cc/cr876f:6cJh,3s8h|/7sQhKh:-100,100(-100.000000)
379:BR,Player:0cc/r435f:9hQd,3hAc|/4s6dKc:100,-100(100.000000)
380:Player,BR:0cr300c/cr3046f:2sQs,QdQc|/6h9hTs:-400,400(-400.000000)
381:BR,Player:0r130c/r285c/cc/cc:JsKd,QdKs|/2sJhAc/6d/4h:515,-515(504.279136)
382:Player,BR:0cc/cr435f:7s9c,6sKd|/2dTcQh:-100,100(-100.000000)
383:BR,Player:0r130c/r1751c/cc/cc:KhKc,ThJd|/3d5cJh/9d/8c:1981,-1981(1836.618843)
384:Player,BR:0cc/cr100c/cc/cc:3sKc,JsAs|/3h8hQs/Tc/Ts:200,-200(61.685976)
385:BR,Player:0r130c/r1001f:JhQs,2sQh|/4d6sAc:230,-230(230.000000)
386:Player,BR:0cr300c/cr3503f:TdKd,TcJh|/6s7sAh:-400,400(-400.000000)
387:BR,Player:0r130c/r1001f:4dKc,TcAc|/6s9dAd:230,-230(230.000000)
388:Player,BR:0cc/cr876f:3sTh,5c9h|/2d7hJh:-100,100(-100.000000)
389:BR,Player:0r200c/r2627f:3h3d,7d8d|/2h6hAd:300,-300(300.000000)
390:Player,BR:0cr300c/r520r4005f:7sTc,9sJh|/3s4s9h:-920,920(-920.000000)
391:BR,Player:0r130c/r327f:9hAd,QcKh|/4d4c5d:230,-230(230.000000)
392:Player,BR:0cr130c/cr2014f:8sTc,3hJd|/3d9dQs:-230,230(-230.000000)
393:BR,Player:0r300c/r3503f:7d8c,7cTc|/2s4hJh:400,-400(400.000000)
394:Player,BR:0cr130c/r299r1145f:7h7d,9dAh|/3h6sAc:-529,529(-529.000000)
395:BR,Player:0r130c/cc/cr460c/cc:6dKc,6cJd|/2c7sQh/8h/2d:690,-690(107.135931)
396:Player,BR:0cc/cr1532f:3s8h,QdAd|/5d7hTd:-100,100(-100.000000)
397:BR,Player:0cc/r124f:3dJd,2dQh|/3s6hAs:100,-100(100.000000)
398:Player,BR:0cr300c/cr1741f:7s8h,7hJh|/8s9dAh:-400,400(-400.000000)
399:BR,Player:0r200c/r2627c/cc/cc:3c4s,ThTd|/3h5c8h/8d/Kc:-2927,2927(-1976.678001)
400:Player,BR:0cc/cr876c/cc/r974c:7dJc,2d3s|/7c9sJd/2c/2h:-1950,1950(-1928.347946)
401:BR,Player:0r130c/r2014f:5cAh,3hQh|/6s7c9c:230,-230(230.000000)
402:Player,BR:0cc/cr3080f:7dJs,4dQc|/7c9cAh:-100,100(-100.000000)
403:BR,Player:0r130c/r2014f:5c6d,4dTh|/8sJdJc:230,-230(230.000000)
404:Player,BR:0cc/cr435f:6s9c,8dAd|/4c5cKh:-100,100(-100.000000)
405:BR,Player:0f:3d4d,2dJc|:50,-50(50.000000)
406:Player,BR:0cc/cr435f:4hKs,6sAs|/5d9hTc:-100,100(-100.000000)
407:BR,Player:0r130c/r2014f:4h8s,3d6d|/5h9sKh:230,-230(230.000000)
408:Player,BR:0cc/cr435f:4cAs,QdKc|/5d7d8d:-100,100(-100.000000)
409:BR,Player:0r130c/r871f:3h6h,9hJd|/4s6d6c:230,-230(230.000000)
410:Player,BR:0cc/cr1761f:8dQs,2c5c|/5s7dJh:-100,100(-100.000000)
411:BR,Player:0r130c/r1001f:5cTs,5hAc|/2dJhKc:230,-230(230.000000)
412:Player,BR:0cr600c/cr3047f:2cAc,2d8c|/4sTsTd:-700,700(-700.000000)
413:BR,Player:0r130c/r871f:5hKh,4s7h|/2dTsKc:230,-230(230.000000)
414:Player,BR:0cc/cr3080f:3d8h,4s9s|/JcAsAd:-100,100(-100.000000)
415:BR,Player:0r200c/r2627f:2hKs,2cQh|/4h5sTd:300,-300(300.000000)
416:Player,BR:0cc/r130r1001f:2s8d,4cJd|/9dKcAd:-230,230(-230.000000)
417:BR,Player:0r130c/r2014f:8cJc,6dAs|/TcKdAd:230,-230(230.000000)
418:Player,BR:0cr300c/cr3503f:6dQd,6h8c|/5s9cAc:-400,400(-400.000000)
419:BR,Player:0r200c/r1136c/cr1324c/cc:6h8h,7dAc|/6d8dQd/Jh/4s:2760,-2760(2760.000000)
420:Player,BR:0cr1200c/cr4921c/r100c/r13679c:8cTc,7s9c|/9hJcKd/4c/Ks:-20000,20000(-15800.202906)
421:BR,Player:0r200c/r1306f:2sQs,6h8s|/8c9dAd:300,-300(300.000000)
422:Player,BR:0cc/cr876f:4sTd,3h8d|/2dJhAd:-100,100(-100.000000)
423:BR,Player:0r200c/r2627f:5dAd,4s7h|/4hJsKd:300,-300(300.000000)
424:Player,BR:0cc/cr876f:2c5h,4h8s|/7h8hKh:-100,100(-100.000000)
425:BR,Player:0r200c/r1306c/cr1544f:2dKh,2s5s|/3c6h6d/7s:-1606,1606(-1606.000000)
426:Player,BR:0cc/cr124c/cc/cc:4dTh,2dQs|/9cQcKd/Qd/Td:-224,224(-168.590857)
427:BR,Player:0r130c/r2014r6726f:6h6c,4dTd|/QdKdAd:-2244,2244(-2244.000000)
428:Player,BR:0cr600c/cr3047f:5h8c,4sTs|/2s3hAc:-700,700(-700.000000)
429:BR,Player:0r200c/r747f:4c6s,7d9h|/5c9dTs:300,-300(300.000000)
430:Player,BR:0cr600c/cr3047f:QdKd,8hKh|/2c4dJh:-700,700(-700.000000)
431:BR,Player:0r130c/r163c/cc/cr987c:3cAd,7hAh|/3h8sQc/4h/Ac:1380,-1380(1122.011118)
432:Player,BR:0cc/cr435c/cc/r515c:3dJc,2cJd|/6s6dTd/Js/7d:0,-0(102.275389)
433:BR,Player:0r130c/r123f:TsJd,5d7c|/KsKdAh:230,-230(230.000000)
434:Player,BR:0cr300c/cr1741f:TsQs,4h5s|/6h8cAc:-400,400(-400.000000)
435:BR,Player:0r130c/r871c/cr279c/cr1794c:5cAs,4sKd|/2s3c5d/Tc/8s:3174,-3174(393.290243)
436:Player,BR:0cc/cr1761f:3h9c,9dJc|/6s7c8c:-100,100(-100.000000)
437:BR,Player:0r200c/r371c/cr229c/cr1170c:6c9h,QsKs|/7s9cQd/9d/5d:2070,-2070(1868.796670)
438:Player,BR:0cc/cr379f:3d8d,ThQh|/2c9sTs:-100,100(-100.000000)
439:BR,Player:0r130c/r1001c/cr701c/cr11592c:TcQh,4d8h|/3h6d7h/7c/Jc:13524,-13524(8586.599603)
440:Player,BR:0cr130c/cr1751f:5dAh,6sKd|/9s9dKs:-230,230(-230.000000)
441:BR,Player:0r130c/r1751c/cc/cr1722c:7hKh,5c7c|/4h6h9s/Ac/As:3703,-3703(1693.137252)
442:Player,BR:0cr130c/r299r655f:7hQs,9dAh|/4d8h9h:-529,529(-529.000000)
443:BR,Player:0r300c/r3503f:8h9c,QsAh|/2d3s7h:400,-400(400.000000)
444:Player,BR:0cc/cr142f:6c8d,5cKd|/ThTdQh:-100,100(-100.000000)
445:BR,Player:0r130c/r285c/cr543c/cc:5s9d,JsAc|/7d9hKc/As/Kh:-1058,1058(135.417198)
446:Player,BR:0cr200c/cr2627f:9sJc,JsKd|/5h6s7d:-300,300(-300.000000)
447:BR,Player:0cc/r142f:7d9s,3hJc|/2hQcAs:100,-100(100.000000)
448:Player,BR:0cc/cr379c/cc/r441f:3d6h,3hQs|/5d7cQh/Kc/4d:479,-479(479.000000)
449:BR,Player:0f:8sAd,2h3s|:50,-50(50.000000)
450:Player,BR:0cr200c/r390r3004f:6sAs,3dTs|/3s4s4h:-690,690(-690.000000)
451:BR,Player:0r200c/r2627f:3h6d,9hTd|/6sJsQc:300,-300(300.000000)
452:Player,BR:0cr300c/cr3503f:QhKh,6s9d|/8cTsJd:-400,400(-400.000000)
453:BR,Player:0r130c/r1001f:2sTd,3c4h|/6s6hKs:230,-230(230.000000)
454:Player,BR:0cc/cr19900f:4cJs,5s5c|/5hTdJc:-100,100(-100.000000)
455:BR,Player:0r200c/r1306f:JcQc,5d8c|/3s4c8s:300,-300(300.000000)
456:Player,BR:0cr200c/r390r3004f:8s9s,4s6d|/3s3h3c:-690,690(-690.000000)
457:BR,Player:0f:7dJd,2d4s|:50,-50(50.000000)
458:Player,BR:0cc/cr142c/r208c/r900c:2h6c,2c4h|/4s6h6d/Qs/9s:1350,-1350(64.461054)
459:BR,Player:0cc/r876f:JsKh,3hTd|/2h8hTs:100,-100(100.000000)
460:Player,BR:0cr300c/cr3503f:8dAh,6h7h|/3s8s9h:-400,400(-400.000000)
461:BR,Player:0r130c/r2014f:5dTc,3hQh|/2d6dKs:230,-230(230.000000)
462:Player,BR:0cc/cr216c/cc/r134c:5s9h,5dKd|/3d5c8c/2d/3c:-450,450(-130.801560)
463:BR,Player:0cc/r435f:6d9h,2d4d|/3hTsTd:100,-100(100.000000)
464:Player,BR:0cr300c/cr16295f:8cAs,KdAh|/TdJsQc:-400,400(-400.000000)
465:BR,Player:0f:5sJs,2sJd|:50,-50(50.000000)
466:Player,BR:0cr200c/cr1306c/cc/r1544f:ThTc,8h9s|/2c4sJd/2h/6d:1606,-1606(1606.000000)
467:BR,Player:0r130c/r2014f:4cAc,5h8s|/2c3hQh:230,-230(230.000000)
468:Player,BR:0cc/cr876f:6cKh,4s7s|/5d8sAh:-100,100(-100.000000)
469:BR,Player:0cc/r379f:8sJc,3s6c|/2dThJd:100,-100(100.000000)
470:Player,BR:0cc/cr876f:9sQd,5d6d|/7cTsAc:-100,100(-100.000000)
471:BR,Player:0r200c/r649f:5d9d,2hTh|/5s8h8d:300,-300(300.000000)
472:Player,BR:0cc/r130r573f:8sKh,JdKc|/3s5h6c:-230,230(-230.000000)
473:BR,Player:0r130c/r1001f:3dKs,8hQd|/6s8cTh:230,-230(230.000000)
474:Player,BR:0cr130c/r299r4632f:TsQc,2d3c|/5dJcKh:-529,529(-529.000000)
475:BR,Player:0cc/r124c/cr100c/cr366c:7h7d,7cAh|/2cKdAd/Kh/Jd:-690,690(-49.579588)
476:Player,BR:0cr130c/cr1751f:JhKd,TsTc|/4d7s8h:-230,230(-230.000000)
477:BR,Player:0r130c/r285c/cr175c/cc:JdKd,2d2c|/6cKhAh/3h/8s:690,-690(178.364555)
478:Player,BR:0cc/cr876f:8hQd,4c8s|/2h5d9h:-100,100(-100.000000)
479:BR,Player:0r130c/r1001f:8cTc,8h9h|/2d6dJd:230,-230(230.000000)
480:Player,BR:0cc/r200r2627f:3sQh,7c8c|/2s5s6s:-300,300(-300.000000)
481:BR,Player:0r130c/r871f:TsAc,8sJh|/4d9dAd:230,-230(230.000000)
482:Player,BR:0cc/cr435f:TsKh,7cKc|/4c8hAh:-100,100(-100.000000)
483:BR,Player:0f:6h9h,2s6d|:50,-50(50.000000)
484:Player,BR:0cr200c/cr1306f:9dAh,4sAc|/3d5s7c:-300,300(-300.000000)
485:BR,Player:0r130c/r2014f:5hTs,5s5c|/7cJhKd:230,-230(230.000000)
486:Player,BR:0cc/cr124c/cc/r576c:6s7d,5h8s|/3c5sKc/Ad/8d:-800,800(-344.881716)
487:BR,Player:0r200c/r1306f:5h6c,5c8h|/7cKhAc:300,-300(300.000000)
488:Player,BR:0cc/cr876f:8cKs,QhQd|/3c6c7c:-100,100(-100.000000)
489:BR,Player:0r130c/r2014f:6d8d,9h9c|/4c8hAd:230,-230(230.000000)
490:Player,BR:0cc/cr876f:3s7h,7dQh|/8h9dAh:-100,100(-100.000000)
491:BR,Player:0cc/r435f:JdQd,3h6s|/6d8sKc:100,-100(100.000000)
492:Player,BR:0cc/cr876f:2dQc,2s2c|/6sJdAc:-100,100(-100.000000)
493:BR,Player:0r130c/r2014f:7h9s,2s2h|/4cTdKs:230,-230(230.000000)
494:Player,BR:0cr300c/r520r2290f:9hJc,2sAs|/4h7cAh:-920,920(-920.000000)
495:BR,Player:0r130c/r2014f:3s3d,6cJh|/7hQcKc:230,-230(230.000000)
496:Player,BR:0cr300c/cr1514f:QsKc,7sJc|/4d7dJd:-400,400(-400.000000)
497:BR,Player:0f:3cTc,2c5h|:50,-50(50.000000)
498:Player,BR:0cr200c/cr2627f:AsAh,3s8s|/7dJcQc:-300,300(-300.000000)
499:BR,Player:0r200c/r1306f:6d9d,5h6c|/2dQsKh:300,-300(300.000000)
500:Player,BR:0cr300c/cr1741f:3cAc,2h3s|/4d9dQd:-400,400(-400.000000)
501:BR,Player:0f:2h9c,4h9d|:50,-50(50.000000)
502:Player,BR:0cr200c/cr1306c/cc/r3224c:6c7d,3d9h|/8dKhKc/8h/Qc:0,-0(1580.187195)
503:BR,Player:0f:TcAd,2cTs|:50,-50(50.000000)
504:Player,BR:0cc/cr876f:4h8c,8hAc|/3h6hTd:-100,100(-100.000000)
505:BR,Player:0r130c/r2014f:7sKh,4d8c|/2dTcJh:230,-230(230.000000)
506:Player,BR:0cc/cr876f:3hQc,5h7s|/5sThKs:-100,100(-100.000000)
507:BR,Player:0r130c/r285r543r543f:KhAs,6sQc|/7hJdJc:1058,-1058(1058.000000)
508:Player,BR:0cr300c/cr3503f:6s9s,5d5c|/3h8cTc:-400,400(-400.000000)
509:BR,Player:0r130c/r1001f:3c5h,8sTc|/4sKsKc:230,-230(230.000000)
510:Player,BR:0cr300c/r520r4005c/cc/r2803f:QsAs,7sJh|/5sTsTd/4d/Js:4925,-4925(4925.000000)
511:BR,Player:0r130c/r285f:8hTh,3s8s|/6sTdAc:230,-230(230.000000)
512:Player,BR:0cr130c/cr2014f:7dTd,5dKs|/2s6s6d:-230,230(-230.000000)
513:BR,Player:0f:6c8s,2c6d|:50,-50(50.000000)
514:Player,BR:0cc/cr1761f:5sTh,9cJs|/6s7s8d:-100,100(-100.000000)
515:BR,Player:0r130c/r1001c/cr1184f:3d4s,JsAc|/7c8cTh/Qh:-1231,1231(-1231.000000)
516:Player,BR:0cc/cr3080f:4cTs,2c5s|/4d9dQs:-100,100(-100.000000)
517:BR,Player:0r130c/r871f:7cKh,6h9h|/8d9dKs:230,-230(230.000000)
518:Player,BR:0cr130c/r299r299f:4s5d,2hQh|/8h8cJc:-529,529(-529.000000)
519:BR,Player:0r200c/r2284f:ThAh,2s3s|/9dJhKh:300,-300(300.000000)
520:Player,BR:0cr600c/cr3047f:QcKc,9dKd|/3dTsTd:-700,700(-700.000000)
521:BR,Player:0r130c/r1001f:4d7c,5sQh|/9sJsJc:230,-230(230.000000)
522:Player,BR:0cr200c/r390r390c/cc/r576c:JsKs,9h9d|/6s8sJh/Kh/9c:-1656,1656(-1371.385472)
523:BR,Player:0r200c/r2627c/cc/cc:5hTh,4sKd|/3s5cKs/8d/Jd:-2927,2927(-1389.191144)
524:Player,BR:0cc/cr876f:2c8d,TcJc|/4s6dQd:-100,100(-100.000000)
525:BR,Player:0f:6dAs,2c8d|:50,-50(50.000000)
526:Player,BR:0cc/cr876f:2d3h,2sAs|/3s9cTd:-100,100(-100.000000)
527:BR,Player:0r130c/r285c/cc/cr543c:3hTc,6s8c|/7cTsKd/7s/3s:1058,-1058(-136.599402)
528:Player,BR:0cr200c/cr140f:3d4d,TsKc|/9cAhAc:-300,300(-300.000000)
529:BR,Player:0f:2cAs,3c9d|:50,-50(50.000000)
530:Player,BR:0cc/cr1532f:2h3d,2dTs|/2sJsQs:-100,100(-100.000000)
531:BR,Player:0f:3s4s,2c3d|:50,-50(50.000000)
532:Player,BR:0cc/cr124f:5d9h,TdJc|/4cTsAh:-100,100(-100.000000)
533:BR,Player:0r130c/r285c/cc/cc:2c3s,JdAs|/2d4hTs/3d/6h:515,-515(515.000000)
534:Player,BR:0cc/cr876f:2h7h,3s5s|/4dJsQc:-100,100(-100.000000)
535:BR,Player:0r130c/r2014f:6d6c,4h5s|/3cTcJh:230,-230(230.000000)
536:Player,BR:0cc/cr379c/cc/cc:2dAs,9cKh|/2h3c9d/7s/Qd:-479,479(-379.728677)
537:BR,Player:0r130c/r1001f:8dKd,6sTh|/5s5cQh:230,-230(230.000000)
538:Player,BR:0cc/cr435f:4cAd,5sKd|/3s6h9d:-100,100(-100.000000)
539:BR,Player:0r200c/r2627f:2d8h,2sKc|/4s9cJs:300,-300(300.000000)
540:Player,BR:0cc/cr876f:TsQd,6c8h|/3c7cJs:-100,100(-100.000000)
541:BR,Player:0r130c/r871c/cc/cr279c:9cJd,4h7h|/3d4sJc/Kh/7c:-1380,1380(46.139022)
542:Player,BR:0cc/cr1761f:3c5d,2d5c|/8hThTc:-100,100(-100.000000)
543:BR,Player:0r130c/r285c/cr865c/cc:5sQd,2h9h|/4s5hJh/Jc/2s:1380,-1380(1041.074127)
544:Player,BR:0cc/cc/cc/r130c:TsJd,4h4d|/5s9dQh/6s/7d:-230,230(52.970488)
545:BR,Player:0cc/r19900f:6h9h,5sTs|/5c7h8d:100,-100(100.000000)
546:Player,BR:0cr200c/cr1306c/r1544f:AsAd,5c7c|/5d8dJh/Qd:1606,-1606(1606.000000)
547:BR,Player:0r200c/r2627f:3dTs,QhAd|/9sJsJc:300,-300(300.000000)
548:Player,BR:0cc/cr1532f:5sKh,6c9c|/5c7dTc:-100,100(-100.000000)
549:BR,Player:0cc/r761f:JcKs,6h8s|/TcJsQd:100,-100(100.000000)
550:Player,BR:0cc/cr3080f:8hJd,3h3d|/2hJsQs:-100,100(-100.000000)
551:BR,Player:0r130c/r1001f:2c8h,7sJc|/2s5c9s:230,-230(230.000000)
552:Player,BR:0cc/cr876f:6h8s,8hQh|/5s8c9s:-100,100(-100.000000)
553:BR,Player:0r130c/r163c/cc/cc:9hAd,7dKs|/5d5cTh/Jc/5s:393,-393(78.218624)
554:Player,BR:0cc/cr876f:8hTs,2s9h|/3cJdKc:-100,100(-100.000000)
555:BR,Player:0r130c/r1001f:7sJc,8sJh|/3s9s9d:230,-230(230.000000)
556:Player,BR:0cc/cr1761f:2hQd,8hJc|/TdJsKs:-100,100(-100.000000)
557:BR,Player:0cc/r435c/cc/cr1075f:2h5h,3cQh|/3dQcAh/Ac/Js:-535,535(-535.000000)
558:Player,BR:0cc/cr124c/cc/cc:3hTc,8cTh|/5hTsKh/4d/9c:-224,224(-152.674420)
559:BR,Player:0r200c/r1306f:9dAh,3s4h|/8cTdKh:300,-300(300.000000)
560:Player,BR:0cr130c/cr2014c/r1344f:8s8d,3h7s|/6s9h9d/5s:2244,-2244(2244.000000)
561:BR,Player:0r130c/r2014f:5d7h,9hQh|/4s4h6d:230,-230(230.000000)
562:Player,BR:0cr300c/cr996c/cc/cc:5hQh,TsAd|/5s6h9c/3s/2s:1396,-1396(1096.770987)
563:BR,Player:0f:8sQh,2c3d|:50,-50(50.000000)
564:Player,BR:0cc/cr19900f:2d8c,3sAc|/3hKdAh:-100,100(-100.000000)
565:BR,Player:0f:7dKh,2d5h|:50,-50(50.000000)
566:Player,BR:0cr200c/cr2627f:8sAd,4hAh|/5dJdKs:-300,300(-300.000000)
567:BR,Player:0r200c/r371c/cc/cc:4c9s,5s6c|/5h9dJs/8s/Jd:671,-671(601.745143)
568:Player,BR:0cc/cr1761f:5dQs,3c7c|/JcAsAc:-100,100(-100.000000)
569:BR,Player:0r130c/r2014f:3s9h,4cTs|/5s6hJd:230,-230(230.000000)
570:Player,BR:0cc/cr379f:2c7d,6h8c|/2d3h8h:-100,100(-100.000000)
571:BR,Player:0r200c/r747c/cr753f:4hJs,9cKd|/TdQdAc/3h:-1047,1047(-1047.000000)
572:Player,BR:0cr200c/cr649f:9cQc,2cJc|/5s6dJs:-300,300(-300.000000)
573:BR,Player:0r130c/r2014f:3sQs,6cKd|/3d6s8h:230,-230(230.000000)
574:Player,BR:0cc/cr435f:6s9h,5c9s|/4s4cTc:-100,100(-100.000000)
575:BR,Player:0r130c/r573c/cc/cr1313c:6hQh,6dAd|/4cAsAh/7h/Qs:-2116,2116(-611.138117)
576:Player,BR:0cc/cr1761f:2cTd,4dQh|/2h8sKs:-100,100(-100.000000)
577:BR,Player:0cc/r435c/cr515c/cc:6dKd,4s8c|/4d5c7c/9h/Tc:-1050,1050(-1050.000000)
578:Player,BR:0cr200c/cr371c/cc/r709f:JsAh,6s9h|/3c6hQh/Jd/3h:671,-671(671.000000)
579:BR,Player:0r300c/r283c/cr517c/cc:2dQh,7cTd|/2s7sJd/Qs/8s:1200,-1200(646.403610)
580:Player,BR:0cc/cr216c/cc/r134c:3dAs,7cTs|/7dQhQd/4h/7h:-450,450(-221.866250)
581:BR,Player:0r200c/r371f:2dAs,4d6s|/9s9cAc:300,-300(300.000000)
582:Player,BR:0cc/cr876f:6dQc,2d9c|/3c8hTh:-100,100(-100.000000)
583:BR,Player:0r130c/r2014f:6dTs,9hKc|/4cJsKs:230,-230(230.000000)
584:Player,BR:0cr130c/cr163c/cc/r665f:8s8c,4cTs|/4h9cQs/8h/5c:393,-393(393.000000)
585:BR,Player:0r130c/r4051r15719f:5c6s,2sAd|/2h2c9h:-4281,4281(-4281.000000)
586:Player,BR:0cc/cr876f:8sJh,2h8h|/5d6cKs:-100,100(-100.000000)
587:BR,Player:0r130c/r1001c/cc/cr1184f:4h7c,3dKd|/3h9sQs/5s/Ac:-1231,1231(-1231.000000)
588:Player,BR:0cr200c/r600r600r2640r2640r13220f:TcQc,QsAh|/9cJcAd:6780,-6780(6780.000000)
589:BR,Player:0r130c/r2014f:8dAh,8hQd|/3s6h7h:230,-230(230.000000)
590:Player,BR:0cc/cr761f:2dKc,2sAs|/8cQsAd:-100,100(-100.000000)
591:BR,Player:0cc/r379f:4dJd,4h7h|/4s8dKd:100,-100(100.000000)
592:Player,BR:0cr300c/r520r4005f:3s4s,2h2d|/5d6cQc:-920,920(-920.000000)
593:BR,Player:0r130c/r327f:3dTh,9sQc|/5cKdAc:230,-230(230.000000)
594:Player,BR:0cr200c/cr2284f:QcAs,KsKh|/7s7hJs:-300,300(-300.000000)
595:BR,Player:0r130c/r1001f:3d7h,4cJs|/5h5d9d:230,-230(230.000000)
596:Player,BR:0cc/cr876f:3sQs,ThAh|/6h7s9c:-100,100(-100.000000)
597:BR,Player:0r200c/r427f:ThQs,JhAh|/2sKsKd:300,-300(300.000000)
598:Player,BR:0cc/cr124c/cc/r376f:3dJh,6c8h|/2s8sJc/Ad/7d:224,-224(224.000000)
599:BR,Player:0r200c/r1306f:2cTs,8sQh|/2d9sAh:300,-300(300.000000)
600:Player,BR:0cr300c/cr3503f:5cQc,3h6s|/3cQhAh:-400,400(-400.000000)
601:BR,Player:0r130c/r1001f:6d9c,8hTs|/2cQsAc:230,-230(230.000000)
602:Player,BR:0cc/cr876f:4cKs,5cQs|/2h8sKd:-100,100(-100.000000)
603:BR,Player:0r130c/r1001f:3cAh,7sKh|/3s5c6h:230,-230(230.000000)
604:Player,BR:0cr300c/cr1514c/cc/r100c:8hKd,7sQs|/6s8dQd/7h/8c:2014,-2014(-218.347659)
605:BR,Player:0r130c/r2014f:4h6d,5sKd|/3h5c9c:230,-230(230.000000)
606:Player,BR:0cc/cr876f:2s7h,3cQh|/5c8hKc:-100,100(-100.000000)
607:BR,Player:0cc/r876f:5sAh,7h9s|/6h9hJd:100,-100(100.000000)
608:Player,BR:0cr600c/cr996c/cc/cc:QhQc,4sTs|/2h3h9h/5s/9d:1696,-1696(1696.000000)
609:BR,Player:0r130c/r573f:7h9c,5dJc|/6c8s8h:230,-230(230.000000)
610:Player,BR:0cr130c/r299r4632f:5d8c,4s6d|/2d5hKc:-529,529(-529.000000)
611:BR,Player:0r130c/r1001f:4h9s,8cJs|/2s5h5c:230,-230(230.000000)
612:Player,BR:0cr300c/cr1741f:JsJd,5h7h|/7cTdKd:-400,400(-400.000000)
613:BR,Player:0r130c/r498c/cr307c/cr6210c:5d9c,8hJh|/3s3c9h/6s/2c:7245,-7245(3735.296219)
614:Player,BR:0cr300c/cr1514f:7dKc,6hQd|/4c8dQh:-400,400(-400.000000)
615:BR,Player:0r200c/r2627f:JdKh,3s3h|/2d2c5d:300,-300(300.000000)
616:Player,BR:0cc/cr876f:5h9d,2s4d|/9sTcJh:-100,100(-100.000000)
617:BR,Player:0r200c/r649f:6dAc,KhAs|/2h6s8c:300,-300(300.000000)
618:Player,BR:0cr200c/cr1306f:QcKc,7hJc|/3dThAd:-300,300(-300.000000)
619:BR,Player:0f:6cTd,2h4s|:50,-50(50.000000)
620:Player,BR:0cc/cr761f:6hKd,5sAs|/3hJsAh:-100,100(-100.000000)
621:BR,Player:0r200c/r427f:KcAc,9cJs|/3h6h6d:300,-300(300.000000)
622:Player,BR:0cr130c/cr2014f:7cAs,2s6d|/3sThQc:-230,230(-230.000000)
623:BR,Player:0r130c/r142c/cr145c/cr1034f:9hAh,2dQc|/2h4sKc/2s/Jd:-517,517(-517.000000)
624:Player,BR:0cr300c/r520f:2dTd,2h9d|/8s9sKs:400,-400(400.000000)
625:BR,Player:0r200c/r1306c/cr1544f:3cQs,2dTd|/5s5d6d/Kd:-1606,1606(-1606.000000)
626:Player,BR:0cc/cr3080f:3hJc,6d8d|/6h9hQc:-100,100(-100.000000)
627:BR,Player:0r130c/r1751c/cr100c/cc:5sAs,JdAc|/9hTsQs/Ad/4s:2081,-2081(2081.000000)
628:Player,BR:0cc/cr142f:3dJh,8cAh|/9s9hJd:-100,100(-100.000000)
629:BR,Player:0r200c/r1136r1324r3928f:4h9c,2h3h|/3c6s9s:2760,-2760(2760.000000)
630:Player,BR:0cr200c/cr2627f:3sTc,5dQh|/3c9cKh:-300,300(-300.000000)
631:BR,Player:0f:5dKh,2h4s|:50,-50(50.000000)
632:Player,BR:0cc/cr435f:7cKd,JcQd|/2h5h7h:-100,100(-100.000000)
633:BR,Player:0r130c/r2014f:4d8d,5cKc|/6hJhQs:230,-230(230.000000)
634:Player,BR:0cc/cr1761f:5hQd,2sTd|/JsQcAd:-100,100(-100.000000)
635:BR,Player:0cc/r100r400r2612f:3s4h,8hTd|/3cJdAs:600,-600(600.000000)
636:Player,BR:0cr300c/cr569c/cc/cc:9hTs,6c7c|/9sJdAs/7d/Ad:969,-969(676.535305)
637:BR,Player:0r200c/r2627f:4h7d,9sKd|/4d8dTc:300,-300(300.000000)
638:Player,BR:0cr300c/r520r2290c/r2310f:7sAd,4hJc|/9cKdAh/Qs:3210,-3210(3210.000000)
639:BR,Player:0f:2h6d,2dTc|:50,-50(50.000000)
640:Player,BR:0cr300c/r800r800f:8c9c,3dAd|/4s6sQc:-1200,1200(-1200.000000)
641:BR,Player:0r130c/r2014f:2d4h,6sKd|/7dThAs:230,-230(230.000000)
642:Player,BR:0cr300c/cr1741f:5c6s,5h8d|/2hQsKd:-400,400(-400.000000)
643:BR,Player:0r200c/r1306c/cr4694c/cr12600f:3dAs,9hTc|/2d7c8s/3h/6h:-6300,6300(-6300.000000)
644:Player,BR:0cc/cr3080f:TdJs,2hJc|/2c7dTs:-100,100(-100.000000)
645:BR,Player:0r130c/r2014f:2s4h,6dQc|/9dTdJs:230,-230(230.000000)
646:Player,BR:0cc/cr876f:2dAs,3h6c|/6s8s9c:-100,100(-100.000000)
647:BR,Player:0cc/r435f:JcAh,4sTs|/3s4d8c:100,-100(100.000000)
648:Player,BR:0cr300c/cr3503f:KdAh,2cJc|/4c5c6d:-400,400(-400.000000)
649:BR,Player:0f:2dQs,2c5d|:50,-50(50.000000)
650:Player,BR:0cc/cr876f:6cKd,7h8s|/3c4d6d:-100,100(-100.000000)
651:BR,Player:0r130c/r1001f:5h7d,QdAs|/3h4sTs:230,-230(230.000000)
652:Player,BR:0cc/cr435c/r305f:3s4c,5sJd|/3h4hQs/6d:535,-535(535.000000)
653:BR,Player:0r130c/r2014f:3c4h,6dKh|/2s5hKd:230,-230(230.000000)
654:Player,BR:0cr200c/cr1306f:JsJh,2dJc|/2s5sKd:-300,300(-300.000000)
655:BR,Player:0cc/r435f:2s3d,7h9c|/4c5cJc:100,-100(100.000000)
656:Player,BR:0cc/cr2679f:2c6h,QcKc|/8cTcAh:-100,100(-100.000000)
657:BR,Player:0f:TcKs,2s3h|:50,-50(50.000000)
658:Player,BR:0cc/cr435f:3cJs,6dJd|/4c7dAc:-100,100(-100.000000)
659:BR,Player:0r130c/r1001f:5c9h,8dTd|/4s8hAc:230,-230(230.000000)
660:Player,BR:0cc/cr435f:7s8c,QsKd|/6d8hAs:-100,100(-100.000000)
661:BR,Player:0cc/r124c/cr100c/cr876c:2cQc,8hTc|/6s6hQh/6d/7c:1200,-1200(1173.511440)
662:Player,BR:0cr600c/cr1515c/r305c/r5040f:2c3s,8sTc|/2s2dTs/Jd/Qh:2520,-2520(2520.000000)
663:BR,Player:0r130c/r573f:8cTh,7s8h|/TdQhKc:230,-230(230.000000)
664:Player,BR:0cr600c/r910r910c/r2310f:KcAd,TcQc|/3d5d7d/8h:2520,-2520(2520.000000)
665:BR,Player:0r130c/r2014f:3c6s,2dTd|/9hTcQc:230,-230(230.000000)
666:Player,BR:0cc/cr1761f:6s8d,2d8h|/TsQsKh:-100,100(-100.000000)
667:BR,Player:0r130c/r142r663r663c/cr4512f:4s6s,ThQh|/4h8d9c/Jc:-1698,1698(-1698.000000)
668:Player,BR:0cc/cr124c/cc/r100c:6dTc,JsAs|/7h7cTh/Jh/Td:324,-324(-13.622023)
669:BR,Player:0r130c/r573f:4cQd,6s9h|/2d3dKd:230,-230(230.000000)
670:Player,BR:0cc/r200c/cc/cc:7dQh,KhAs|/3hThJc/Jd/2c:-300,300(-179.141137)
671:BR,Player:0r200c/r212f:4cAd,2d3d|/4s9hTc:300,-300(300.000000)
672:Player,BR:0cc/cr124c/cc/r100c:5c7d,7sTh|/2s7h8c/2c/3c:-324,324(-117.312938)
673:BR,Player:0r130c/r2014f:5cQs,8hAh|/9cTcJs:230,-230(230.000000)
674:Player,BR:0cc/cr379f:3s6d,JcQc|/2sJhAd:-100,100(-100.000000)
675:BR,Player:0r130c/r2014f:2c9s,8sKd|/3hTcJc:230,-230(230.000000)
676:Player,BR:0cc/cr876c/r584f:TsKd,6c7c|/3sQhAc/Th:976,-976(976.000000)
677:BR,Player:0r130c/r285f:3sAs,ThKs|/2c3h6s:230,-230(230.000000)
678:Player,BR:0cr300c/r520r520f:7hAc,2s6h|/3c6cJd:-920,920(-920.000000)
679:BR,Player:0r200c/r2627f:4cAs,5cTs|/6d9sJc:300,-300(300.000000)
680:Player,BR:0cc/cr124c/cc/cc:5cAs,4h8s|/3c8hQh/7c/6d:-224,224(-181.760780)
681:BR,Player:0r200c/r2627f:8hTd,5s8s|/4hJdKc:300,-300(300.000000)
682:Player,BR:0cr200c/cr1306f:TdAh,6d8c|/3d4d9d:-300,300(-300.000000)
683:BR,Player:0r130c/r2014f:2h8c,3hAc|/4s6cTh:230,-230(230.000000)
684:Player,BR:0cc/cr435c/cc/r305f:7c9s,TsQh|/3s4s9c/Kh/6c:535,-535(535.000000)
685:BR,Player:0r130c/r285c/cc/cc:TsAh,3dAs|/2s8h8c/5h/7h:515,-515(146.124207)
686:Player,BR:0cr200c/r390r1718f:3sAs,9hTs|/9sJcKd:-690,690(-690.000000)
687:BR,Player:0r130c/r2014f:4s5d,2h2d|/4d7dAs:230,-230(230.000000)
688:Player,BR:0cc/cr435f:3cKh,2hTc|/6c8dJh:-100,100(-100.000000)
689:BR,Player:0cc/r124c/cc/cc:2s8d,3hJd|/3c8cQh/Tc/9c:-224,224(-224.000000)
690:Player,BR:0cc/cr124c/cc/cc:9cJh,8cTh|/2s8sQh/Ac/8h:-224,224(-205.764345)
691:BR,Player:0cc/r1761f:5s6h,5dQd|/7cThKs:100,-100(100.000000)
692:Player,BR:0cc/cr3080f:3s7c,6sAc|/6c9sQs:-100,100(-100.000000)
693:BR,Player:0cc/r435f:3sKs,6d7s|/5c6cTs:100,-100(100.000000)
694:Player,BR:0cr200c/cr9241f:9dKd,2s5h|/6hJhAs:-300,300(-300.000000)
695:BR,Player:0r130c/r285c/cr543c/cr2116f:8cQd,7cJc|/7sQcAh/7h/Td:-1058,1058(-1058.000000)
696:Player,BR:0cc/cr1532f:4s9s,4hKh|/9cThJh:-100,100(-100.000000)
697:BR,Player:0r130c/r1001c/cr2472c/cr4813c:5d9h,4h5h|/6d7hJc/8d/As:8516,-8516(6050.715410)
698:Player,BR:0cc/cr124c/cc/r100c:2hTd,ThTc|/5h5dKd/Kh/7s:-324,324(-317.593087)
699:BR,Player:0r130c/r2014f:6cQd,7sTh|/4dTsKc:230,-230(230.000000)
700:Player,BR:0cc/cr124f:7c9s,4c7d|/3d4d8s:-100,100(-100.000000)
701:BR,Player:0r130c/r4051f:5d9s,TdAs|/7hTcJs:230,-230(230.000000)
702:Player,BR:0cc/cr1761f:6hTs,3c8s|/7sKhAs:-100,100(-100.000000)
703:BR,Player:0f:TsQs,2h7d|:50,-50(50.000000)
704:Player,BR:0cc/cr435f:2c6h,KsAs|/7d8cQc:-100,100(-100.000000)
705:BR,Player:0f:9hTd,2dTh|:50,-50(50.000000)
706:Player,BR:0cr130c/cr2014f:6hQh,8cKs|/3s5sAh:-230,230(-230.000000)
707:BR,Player:0r200c/r2627f:5sJc,ThKs|/4s4cQc:300,-300(300.000000)
708:Player,BR:0cr300c/cr1741f:7h9c,JdKs|/3hTdQh:-400,400(-400.000000)
709:BR,Player:0r130c/r2014f:4d5c,6sTc|/2cJhJd:230,-230(230.000000)
710:Player,BR:0cc/cr435f:4s8d,7hAs|/6h7s9s:-100,100(-100.000000)
711:BR,Player:0r130c/r123c/cr164c/cc:JsAd,4d6c|/2c6sQc/Ah/2d:517,-517(517.000000)
712:Player,BR:0cc/cr379f:9hKc,4sAs|/2d3c5c:-100,100(-100.000000)
713:BR,Player:0r130c/r1001f:5c8h,QdAs|/7s7hJc:230,-230(230.000000)
714:Player,BR:0cc/cr876f:4sTc,5cKd|/3h8cTh:-100,100(-100.000000)
715:BR,Player:0r200c/r1306f:9hJc,JhKh|/6h6cQd:300,-300(300.000000)
716:Player,BR:0cc/cr876f:4hJs,5h8d|/3c4c5c:-100,100(-100.000000)
717:BR,Player:0r130c/r2014f:3s5d,7s7c|/4sJsAh:230,-230(230.000000)
718:Player,BR:0cc/cr379c/cc/r721f:2cAd,TdTc|/4h6hAc/8h/As:479,-479(479.000000)
719:BR,Player:0f:5cQc,2c3d|:50,-50(50.000000)
720:Player,BR:0cr300c/cr1741f:9sTd,2d3s|/TcKhKd:-400,400(-400.000000)
721:BR,Player:0r200c/r1306f:2cKs,AdAc|/8cTdJd:300,-300(300.000000)
722:Player,BR:0cc/cr1761f:2h6d,TdKc|/2c4hJd:-100,100(-100.000000)
723:BR,Player:0r200c/r100c/cc/cc:8sQd,7dTc|/TsKdKc/2s/Qs:400,-400(400.000000)
724:Player,BR:0cr200c/cr2627f:9hAd,3cQd|/6d9sKs:-300,300(-300.000000)
725:BR,Player:0r130c/r1751c/cr1722c/cc:6cJh,JsQs|/6hJdAd/2d/Qh:-3703,3703(3132.265503)
726:Player,BR:0cr300c/r520r2290c/r1206c/r2208f:7c9h,4d6c|/3h5c6d/Kh/4s:4416,-4416(4416.000000)
727:BR,Player:0r200c/r1306c/cr1544f:4dKd,TcQs|/3s7hQh/Ad:-1606,1606(-1606.000000)
728:Player,BR:0cc/cr3080f:3sJs,4h7h|/7dJhAd:-100,100(-100.000000)
729:BR,Player:0r130c/r1751f:2dJd,9dTd|/2hJsAh:230,-230(230.000000)
730:Player,BR:0cc/cr1761f:6cJh,2cQc|/4h7s7d:-100,100(-100.000000)
731:BR,Player:0r130c/r163f:9dAd,6sKc|/2c3hTh:230,-230(230.000000)
732:Player,BR:0cc/cr435f:2cKd,6h9c|/3h4sAc:-100,100(-100.000000)
733:BR,Player:0r130c/r4051f:3sKc,TsAs|/2s2dAc:230,-230(230.000000)
734:Player,BR:0cc/cr1761f:5cQs,8dTd|/5hJhAc:-100,100(-100.000000)
735:BR,Player:0r130c/r1001c/cr701c/cr966c:5hJs,7s8c|/4s9hTc/9d/5s:2898,-2898(2214.241772)
736:Player,BR:0cc/cr876f:6hQd,2s2d|/3c5cAh:-100,100(-100.000000)
737:BR,Player:0r130c/r2014f:3sKs,8h8c|/3c5dJd:230,-230(230.000000)
738:Player,BR:0cc/cr3080f:3h5d,5h7h|/4dKcAs:-100,100(-100.000000)
739:BR,Player:0r130c/r1001f:4hQd,8dAd|/4s5s7d:230,-230(230.000000)
740:Player,BR:0cr300c/cr3503f:9cQh,4cAc|/2d9dTc:-400,400(-400.000000)
741:BR,Player:0cc/r435f:2sAd,3d6s|/4s8cTc:100,-100(100.000000)
742:Player,BR:0cr300c/cr1514c/r100c/r866c:JhKh,2cKs|/4h8cKd/9h/7d:2880,-2880(1817.901506)
743:BR,Player:0r130c/r1751f:3s3h,9hTs|/3c6c8c:230,-230(230.000000)
744:Player,BR:0cc/cr19900f:3d7s,8d9s|/2h8s9c:-100,100(-100.000000)
745:BR,Player:0r130c/r871f:8cTh,2h9h|/3h6s8d:230,-230(230.000000)
746:Player,BR:0cc/cr876f:2s3d,8cKd|/6d7dQh:-100,100(-100.000000)
747:BR,Player:0r130c/r1751c/cc/cr2849c:AdAc,6cTc|/3d4dTh/8h/6h:-4830,4830(1555.376739)
748:Player,BR:0cr200c/cr2627f:3s9s,ThQh|/7h8sKc:-300,300(-300.000000)
749:BR,Player:0r130c/r871c/cc/cc:6cJc,QsKh|/6sJdAc/7d/7s:1101,-1101(147.096433)
750:Player,BR:0cc/cr3080f:4h7s,3h7c|/6hTdAd:-100,100(-100.000000)
751:BR,Player:0r130c/r1001c/cc/cc:TsJh,3cKc|/2dQcKd/6d/Qh:-1231,1231(-1231.000000)
752:Player,BR:0cc/cr142c/cc/r448f:2dAs,5hQd|/JdJcKd/7s/Ad:242,-242(242.000000)
753:BR,Player:0cc/r435f:7cTd,TcJs|/2h2c4d:100,-100(100.000000)
754:Player,BR:0cc/cr124c/cc/cc:3hKs,4hKd|/JsJhKc/6d/2h:0,-0(-148.994461)
755:BR,Player:0r130c/r2014f:2c9s,8hJh|/7s7cKd:230,-230(230.000000)
756:Player,BR:0cc/cr876f:2s9h,2hQd|/4h6dKc:-100,100(-100.000000)
757:BR,Player:0r200c/r2627r17073f:2s5s,QhQd|/3c4cTh:-2927,2927(-2927.000000)
758:Player,BR:0cr600c/cr3047c/cc/cc:QhQc,4sQs|/2d7h8h/Jc/Ks:3747,-3747(3747.000000)
759:BR,Player:0r130c/r1751f:9sQs,3sJh|/5s9hJs:230,-230(230.000000)
760:Player,BR:0cc/cr19900f:2sJd,3cKc|/6c7cTc:-100,100(-100.000000)
761:BR,Player:0r200c/r1306f:JcAd,6s6h|/5h7h9s:300,-300(300.000000)
762:Player,BR:0cr200c/r390r3004f:2s4s,2h5c|/4dTcJc:-690,690(-690.000000)
763:BR,Player:0cc/cc/cr200c/cc:8dKs,7sAd|/2c4d9d/3s/4s:-300,300(52.675964)
764:Player,BR:0cc/cr435f:8cQc,6cQd|/4s7hJc:-100,100(-100.000000)
765:BR,Player:0r200c/r1306c/cr914c/cr1260c:TsKd,6cJc|/2s8sAs/Th/Js:3780,-3780(2727.491611)
766:Player,BR:0cr600c/cr996f:KcAd,3d6d|/2h5hQh:-700,700(-700.000000)
767:BR,Player:0r130c/r1001f:JdKs,3d6d|/7d7cQh:230,-230(230.000000)
768:Player,BR:0cr300c/cr3503f:6dJd,2sQd|/4h8sKc:-400,400(-400.000000)
769:BR,Player:0cc/r1761f:5dQs,3hQd|/2s2d7s:100,-100(100.000000)
770:Player,BR:0cr600c/cr3047f:8dQc,TsJd|/8hJsAs:-700,700(-700.000000)
771:BR,Player:0r200c/r1306f:JsQh,4cQs|/3s6h9s:300,-300(300.000000)
772:Player,BR:0cr200c/cr2627f:9cJd,9hQs|/2c5d6s:-300,300(-300.000000)
773:BR,Player:0r130c/r1001r2472r2472r10858f:7hKh,QcKc|/2c8c9c:-6175,6175(-6175.000000)
774:Player,BR:0cr300c/r520r2290f:ThTd,5cTc|/5d7c8c:-920,920(-920.000000)
775:BR,Player:0r200c/r1306c/cr1544c/cr4095f:2c8s,7s9h|/6s6c7d/9s/6d:-3150,3150(-3150.000000)
776:Player,BR:0cc/cr1761f:2hQs,3sAd|/2c4c8d:-100,100(-100.000000)
777:BR,Player:0f:5sKs,2h3s|:50,-50(50.000000)
778:Player,BR:0cr600c/cr3047f:QhAd,QdAs|/5c6s9h:-700,700(-700.000000)
779:BR,Player:0cc/r876c/cr974f:2dKc,9cQd|/5cTsQs/8s:-976,976(-976.000000)
780:Player,BR:0cc/cr1761f:5h7s,7dJs|/4d9sQc:-100,100(-100.000000)
781:BR,Player:0cc/r435r1075r1075c/cr1179c/cc:ThQh,7h9c|/5c6d9s/Js/4d:-3864,3864(-3864.000000)
782:Player,BR:0cc/cr124r236r4028f:6c7d,7cKs|/8h8dKh:-460,460(-460.000000)
783:BR,Player:0r130c/r2014f:5d9d,7sJc|/4c6dTd:230,-230(230.000000)
784:Player,BR:0cc/cr1761f:8cQh,4sTc|/6hKcAc:-100,100(-100.000000)
785:BR,Player:0cc/r1761f:9sQh,3d4h|/9dTdAc:100,-100(100.000000)
786:Player,BR:0cc/cr3080f:2h4d,8hQh|/6sJhAh:-100,100(-100.000000)
787:BR,Player:0r130c/r1001f:TcQc,2sKs|/JhQhKh:230,-230(230.000000)
788:Player,BR:0cc/cr876f:8sAh,5dTs|/8hTcKc:-100,100(-100.000000)
789:BR,Player:0r130c/r163f:2d8c,8d9d|/2h4cKs:230,-230(230.000000)
790:Player,BR:0cc/cr876f:2cTh,9sKh|/2d3c4c:-100,100(-100.000000)
791:BR,Player:0f:7sQs,2s3d|:50,-50(50.000000)
792:Player,BR:0cc/cr124c/cc/cc:2sAh,8sAs|/JsJhQs/5c/9s:-224,224(-212.913926)
793:BR,Player:0cc/r124f:3d3c,5sTd|/2dQcAs:100,-100(100.000000)
794:Player,BR:0cc/cr876f:6dQh,9hQc|/7cTsJc:-100,100(-100.000000)
795:BR,Player:0r130c/r2014f:2h4d,5s6d|/8dThJs:230,-230(230.000000)
796:Player,BR:0cc/cr876f:5h7d,2h3s|/3h8cTd:-100,100(-100.000000)
797:BR,Player:0r130c/r285f:6cJs,9sJh|/4h6sKd:230,-230(230.000000)
798:Player,BR:0cr300c/cr1741f:3c5s,4s7c|/9hTsTd:-400,400(-400.000000)
799:BR,Player:0cc/r100c/cc/cc:JdKc,4dQd|/3s3h8c/8d/4s:-200,200(-15.825853)
800:Player,BR:0cc/cr876f:2s8h,TsAd|/3h4c8s:-100,100(-100.000000)
801:BR,Player:0cc/r379c/cc/cc:4d6d,2hKc|/2c4h7d/Tc/Ts:479,-479(317.008093)
802:Player,BR:0cc/cr876f:5hJc,5d9d|/8h9sQc:-100,100(-100.000000)
803:BR,Player:0r130c/r12392f:8dQd,2hAs|/7d8cQh:230,-230(230.000000)
804:Player,BR:0cc/cr876f:2h9c,QdAc|/7d9dTs:-100,100(-100.000000)
805:BR,Player:0cc/r124f:6d8s,7cJd|/2h8hKd:100,-100(100.000000)
806:Player,BR:0cc/cr124c/cc/r576f:2sKs,4d8h|/3c4hKc/7c/Ah:224,-224(224.000000)
807:BR,Player:0r130c/r2014c/cc/cr4633c:5hTs,6hAs|/3s8sAd/Qs/Js:-6877,6877(1398.661604)
808:Player,BR:0cr300c/cr1741r6259f:5cTd,2h9d|/3d4dTh:2141,-2141(2141.000000)
809:BR,Player:0cc/r1761c/cc/cc:3hKc,4cJc|/7d9cAc/8s/4s:-1861,1861(-1861.000000)
810:Player,BR:0cr300c/cr3503f:8d8c,4h6h|/5d6sQd:-400,400(-400.000000)
811:BR,Player:0r130c/r107c/cc/cr653c:6dJc,KdKc|/6h9cAs/Jh/Ac:-990,990(-9.870185)
812:Player,BR:0cc/cr876f:5hQs,3dAs|/6s8dQh:-100,100(-100.000000)
813:BR,Player:0r300c/r1741f:2s5c,4cQc|/5d9cTh:400,-400(400.000000)
814:Player,BR:0cr300c/r800r5224f:7c9h,8h9s|/6cTdKc:-1200,1200(-1200.000000)
815:BR,Player:0r130c/r1001f:2d3s,4hKc|/5c9cKh:230,-230(230.000000)
816:Player,BR:0cr200c/cr5284f:2hTh,TcJh|/2d7hQc:-300,300(-300.000000)
817:BR,Player:0cc/r761f:3cKh,2dJd|/6s6cKd:100,-100(100.000000)
818:Player,BR:0cr300c/cr1741f:5d9h,5s8c|/6hJdQh:-400,400(-400.000000)
819:BR,Player:0r300c/r495f:3h9h,5sJh|/4d9dKc:400,-400(400.000000)
820:Player,BR:0cc/cr435f:6h9d,2sJc|/3s7sQd:-100,100(-100.000000)
821:BR,Player:0r200c/r2627f:5cJs,TsAs|/2h6d8d:300,-300(300.000000)
822:Player,BR:0cc/cr876f:3c4h,QsKs|/6c7hJd:-100,100(-100.000000)
823:BR,Player:0r130c/r871f:9sQh,ThAd|/9cTdJc:230,-230(230.000000)
824:Player,BR:0cc/cr100c/r100c/r150c:4sJd,6cQc|/4hKsKc/4d/5d:450,-450(234.022751)
825:BR,Player:0r300c/r6126f:3h6h,5dQh|/3c5hAs:400,-400(400.000000)
826:Player,BR:0cr200c/cr2627f:5cKc,KsAs|/5hTcJs:-300,300(-300.000000)
827:BR,Player:0r130c/r871c/cr279c/cc:6s7d,2hTh|/2d3s7s/Qh/8h:1380,-1380(265.444493)
828:Player,BR:0cr200c/r600r600r2640f:9cKc,6h8c|/4c5c9h:1500,-1500(1500.000000)
829:BR,Player:0r130c/r1001r2472f:6dTh,AhAd|/7d9sAc:-1231,1231(-1231.000000)
830:Player,BR:0cr300c/cr1741f:7h7d,4sTs|/2h3c6s:-400,400(-400.000000)
831:BR,Player:0f:6c9s,2d9h|:50,-50(50.000000)
832:Player,BR:0cr200c/r900r900f:4h5h,7dTc|/7hJsKd:-1200,1200(-1200.000000)
833:BR,Player:0r130c/r1001f:2d5h,8sQc|/9sJcKs:230,-230(230.000000)
834:Player,BR:0cc/cr435f:2c7h,4cJh|/9s9hTh:-100,100(-100.000000)
835:BR,Player:0cc/r142c/cc/cc:4d7s,ThAc|/3cJsQh/Ts/4h:-242,242(-171.446102)
836:Player,BR:0cr300c/cr3503c/cc/r16097f:AsAh,4d7s|/5s7c9h/8s/Ac:3903,-3903(3903.000000)
837:BR,Player:0r300c/r1514c/cr486c/cr3120c:9hTc,9dAd|/3d5h9s/5c/2d:-5520,5520(-2220.858957)
838:Player,BR:0cc/cr435f:6cTd,7c8s|/2sTsQc:-100,100(-100.000000)
839:BR,Player:0f:6cAc,2cJs|:50,-50(50.000000)
840:Player,BR:0cc/cr876f:4dJc,2hKh|/2s5s6d:-100,100(-100.000000)
841:BR,Player:0r130c/r1751f:JdJc,3d9d|/2d5h8c:230,-230(230.000000)
842:Player,BR:0cc/cr435f:4dQc,2c6s|/8s9cAh:-100,100(-100.000000)
843:BR,Player:0r200c/r2627f:6h8d,6s9d|/7c8sQc:300,-300(300.000000)
844:Player,BR:0cc/cr1761c/cc/r1589f:2sAh,4s9s|/2dKhAs/3s/Td:1861,-1861(1861.000000)
845:BR,Player:0f:9hJc,3h8c|:50,-50(50.000000)
846:Player,BR:0cr300c/cr3503f:7dQc,3s4c|/5sJdAs:-400,400(-400.000000)
847:BR,Player:0r200c/r2627f:2cJh,6dQd|/6hTcKs:300,-300(300.000000)
848:Player,BR:0cc/cr3080f:4dJc,3s7c|/4cTcAd:-100,100(-100.000000)
849:BR,Player:0r130c/r4051r15719f:3hTc,6s6d|/2d6hJd:-4281,4281(-4281.000000)
850:Player,BR:0cc/cr124f:3h6h,7s7c|/5dTcAs:-100,100(-100.000000)
851:BR,Player:0cc/r876f:6d7d,KhAh|/9dJsAd:100,-100(100.000000)
852:Player,BR:0cc/cr124c/cc/cc:3hAc,4s9h|/2h9sQs/8h/Kh:-224,224(-97.864250)
853:BR,Player:0r130c/r871c/cc/cc:7sKs,QdQc|/8d9hKd/2c/4d:1101,-1101(1101.000000)
854:Player,BR:0cc/cr124c/cc/cc:4h8d,6dAc|/8cTsTc/9c/5c:-224,224(-220.746269)
855:BR,Player:0r130c/r19770f:8s8d,TcQd|/4s5h8c:230,-230(230.000000)
856:Player,BR:0cr200c/r600r3918f:5d6d,3d6s|/6cTdKc:-900,900(-900.000000)
857:BR,Player:0r130c/r19770c/cc/cc:7dAs,7sAh|/7c9cAd/8h/Qh:0,-0(4877.646099)
858:Player,BR:0cc/cr876c/cc/r2014f:9sKc,5dTc|/7hJhKd/Jc/Js:976,-976(976.000000)
859:BR,Player:0f:JsJc,2h4s|:50,-50(50.000000)
860:Player,BR:0cc/cr876f:3cKc,4hJs|/4c7h8s:-100,100(-100.000000)
861:BR,Player:0r130c/r19770f:5s9s,8cJd|/3c5h9c:230,-230(230.000000)
862:Player,BR:0cc/cr249f:4sTs,5c8s|/9cJsJd:-100,100(-100.000000)
863:BR,Player:0r130c/r871f:KdKc,7dKs|/8d9hQh:230,-230(230.000000)
864:Player,BR:0cr300c/cr1741f:8dAh,2hQh|/4c7h9c:-400,400(-400.000000)
865:BR,Player:0r130c/r2014c/cc/cc:4d8c,QhAc|/7sTsJc/Th/2s:-2244,2244(-2244.000000)
866:Player,BR:0cc/cr435f:5h9s,2s2c|/TsTcJc:-100,100(-100.000000)
867:BR,Player:0r200c/cc/cc/cc:7sKd,5cAd|/3c9cQh/3s/Js:-300,300(-234.574674)
868:Player,BR:0cc/cr1761f:8hJc,2d5s|/7c8dTd:-100,100(-100.000000)
869:BR,Player:0cc/r876f:2dAs,5dTh|/6h8c9d:100,-100(100.000000)
870:Player,BR:0cc/cr124c/cc/cc:9sKd,2s6d|/3d6hJc/Tc/Kc:224,-224(-37.148919)
871:BR,Player:0r200c/r371c/cr229c/cr1800c:7sQd,7dTh|/2s7hAd/Ts/Tc:-2700,2700(-36.758463)
872:Player,BR:0cc/cr876f:JsKd,6cKh|/5h7h9d:-100,100(-100.000000)
873:BR,Player:0f:JsKs,3d9c|:50,-50(50.000000)
874:Player,BR:0cc/cr379f:2h5h,8sAs|/4c8cKd:-100,100(-100.000000)
875:BR,Player:0r130c/r2014f:4dAs,5h7c|/3c4cJs:230,-230(230.000000)
876:Player,BR:0cc/cr379f:2c6d,2hJd|/5s6hJc:-100,100(-100.000000)
877:BR,Player:0r130c/r1001f:9sTc,3sQs|/2d3c6d:230,-230(230.000000)
878:Player,BR:0cc/cr1761f:ThJs,7h8d|/4d5cJc:-100,100(-100.000000)
879:BR,Player:0r130c/r285c/cc/cr543f:5d7c,8h9c|/2s5cTd/9d/6c:-515,515(-515.000000)
880:Player,BR:0cc/cr876f:8cJd,4hJs|/2s3sTd:-100,100(-100.000000)
881:BR,Player:0r130c/r1001f:9hQc,9cQs|/6d6cAc:230,-230(230.000000)
882:Player,BR:0cr300c/cr1741f:8s8c,4c9s|/2cQdAh:-400,400(-400.000000)
883:BR,Player:0f:8cJh,4d9h|:50,-50(50.000000)
884:Player,BR:0cc/cr124c/cc/cc:9cQd,5s8h|/8sKhAd/Ts/5d:-224,224(-214.466981)
885:BR,Player:0f:8dJs,2h3d|:50,-50(50.000000)
886:Player,BR:0cc/cr3080f:3sQh,6dJh|/3cTsAd:-100,100(-100.000000)
887:BR,Player:0r200c/r1306c/cc/cc:3sJd,TcKc|/TsQdAh/Ac/Js:-1606,1606(-1485.839326)
888:Player,BR:0cr130c/cr4051f:9sAs,JdQd|/3d7cTh:-230,230(-230.000000)
889:BR,Player:0cc/r435f:5hQd,2cAc|/JhKhKc:100,-100(100.000000)
890:Player,BR:0cr300c/cr3503f:KcAc,8dAh|/2h3dJd:-400,400(-400.000000)
891:BR,Player:0cc/r8194f:4dTh,3hTc|/2d4sTs:100,-100(100.000000)
892:Player,BR:0cc/cr435f:4hJd,3d5c|/7c9sKs:-100,100(-100.000000)
893:BR,Player:0r130c/r2014f:5c6s,6dQc|/5sQsAd:230,-230(230.000000)
894:Player,BR:0cc/cr876f:4hTh,3d6h|/4s7dAc:-100,100(-100.000000)
895:BR,Player:0r130c/r2014f:4h7h,7sKd|/6h8hQd:230,-230(230.000000)
896:Player,BR:0cr300c/cr1741f:KdAc,3sJd|/2s7d9d:-400,400(-400.000000)
897:BR,Player:0cc/r1761f:5s6d,9sKd|/3d4sQc:100,-100(100.000000)
898:Player,BR:0cr200c/cr1306f:QcAd,5cKs|/2s6cJd:-300,300(-300.000000)
899:BR,Player:0r130c/r2014c/cr4633f:8hKs,7dAc|/5d7cAd/8d:-2244,2244(-2244.000000)
900:Player,BR:0cr300c/cr1741f:JsKc,3d8d|/8c9hTh:-400,400(-400.000000)
901:BR,Player:0r130c/r2014f:8sJh,5s9s|/7hAdAc:230,-230(230.000000)
902:Player,BR:0cc/cr876f:9hKd,4cAd|/3d6h8d:-100,100(-100.000000)
903:BR,Player:0r130c/r573f:9cQc,5d9h|/6d7s7c:230,-230(230.000000)
904:Player,BR:0cc/cr435f:3c7d,6sJc|/4h5sKs:-100,100(-100.000000)
905:BR,Player:0r130c/r327r1030f:2sAs,5h9d|/4d5d8d:-557,557(-557.000000)
906:Player,BR:0cr200c/cr1306f:7cAh,3sTh|/2c5d8d:-300,300(-300.000000)
907:BR,Player:0f:JsQs,2d3c|:50,-50(50.000000)
908:Player,BR:0cr600c/r2100r2100f:2s4d,JsKd|/2c7hTh:-2800,2800(-2800.000000)
909:BR,Player:0r130c/r2014f:5hTh,9dTc|/3h9sAh:230,-230(230.000000)
910:Player,BR:0cc/cr124c/cc/r236f:4sKd,7d8s|/8cJsAd/2c/Kh:224,-224(224.000000)
911:BR,Player:0cc/r124c/cc/cr376f:9h9d,4s6d|/5sJhAd/3c/Th:-224,224(-224.000000)
912:Player,BR:0cr200c/cr2627c/r1753f:7dTd,2c5s|/7s9hAd/4h:2927,-2927(2927.000000)
913:BR,Player:0r200c/r2627f:7sQd,8d9h|/5d6sKs:300,-300(300.000000)
914:Player,BR:0cr200c/cr1306c/cc/r1544f:KdAs,TcQc|/2hKsAd/3d/3h:1606,-1606(1606.000000)
915:BR,Player:0r130c/r2014f:2c3s,6h9h|/9dAsAc:230,-230(230.000000)
916:Player,BR:0cr130c/r299r4632f:2cAc,4cJs|/5d6sJc:-529,529(-529.000000)
917:BR,Player:0cc/r3080f:4s7d,3sAh|/2d5c6s:100,-100(100.000000)
918:Player,BR:0cc/cr876f:2h7d,5s6c|/9hKcAd:-100,100(-100.000000)
919:BR,Player:0r200c/r1306f:2dJc,5cJd|/8s9cAd:300,-300(300.000000)
920:Player,BR:0cc/cr1532f:4dKh,AsAc|/2d8sQd:-100,100(-100.000000)
921:BR,Player:0cc/r3080f:TsAd,3sQd|/4s4cQh:100,-100(100.000000)
922:Player,BR:0cc/cr876f:2c6d,6hJs|/3s8hKc:-100,100(-100.000000)
923:BR,Player:0r130c/r285f:KhAh,5s7h|/6s6dQh:230,-230(230.000000)
924:Player,BR:0cc/cr876f:6c8h,4dJd|/4h5hKh:-100,100(-100.000000)
925:BR,Player:0r130c/r1001f:9dAh,8sQh|/2c6c7s:230,-230(230.000000)
926:Player,BR:0cr200c/cr2627f:QsKd,3c9d|/TdJsJd:-300,300(-300.000000)
927:BR,Player:0r130c/r19770f:TsTc,2cQd|/2h7cTh:230,-230(230.000000)
928:Player,BR:0cr200c/cr1136f:3s4d,2dAs|/9hQsAc:-300,300(-300.000000)
929:BR,Player:0f:3sQc,2dTs|:50,-50(50.000000)
930:Player,BR:0cc/cr761f:2h9h,6dKc|/3s8cKs:-100,100(-100.000000)
931:BR,Player:0r200c/r1306f:5cAh,7sAd|/4c6hJc:300,-300(300.000000)
932:Player,BR:0cc/cr124c/cc/r100c:6d9c,2sQh|/2d7hKc/8d/2h:-324,324(-310.890168)
933:BR,Player:0r130c/r19770f:2dKd,6hQs|/2cQhKs:230,-230(230.000000)
934:Player,BR:0cr600c/r910r1992c/r262c/r1932c:QhKh,3dAs|/3sQdAc/Ad/9c:-5796,5796(-5796.000000)
935:BR,Player:0cc/r3080f:2c4h,3cJc|/5cQdKd:100,-100(100.000000)
936:Player,BR:0cr600c/cr866c/r114c/r2184c:9hTd,2sAc|/2h9s9d/6s/Jh:3864,-3864(791.454253)
937:BR,Player:0r130c/r1751f:QdQc,ThJs|/6s9dJd:230,-230(230.000000)
938:Player,BR:0cr130c/r299r2303f:6c7c,9s9h|/4cThQh:-529,529(-529.000000)
939:BR,Player:0r200c/r2627f:5h7c,8dTs|/6dJhAd:300,-300(300.000000)
940:Player,BR:0cc/cr379f:7hKs,TcAc|/2h5cAd:-100,100(-100.000000)
941:BR,Player:0cc/r435f:2d6s,4h7d|/3c9cAs:100,-100(100.000000)
942:Player,BR:0cr300c/cr1741c/cc/r1219f:6s8s,3cKd|/2s8hTs/5h/Qd:2141,-2141(2141.000000)
943:BR,Player:0r130c/r2014f:2d9s,6hTc|/7hJcQd:230,-230(230.000000)
944:Player,BR:0cr130c/cr285c/r175c/r2070c:8dAs,9dTh|/3d9sJd/Kd/Kh:-2760,2760(-2555.168896)
945:BR,Player:0r130c/r1001f:JcKs,7dJh|/6h7sTc:230,-230(230.000000)
946:Player,BR:0cr300c/cr1741f:JdKd,4dQc|/7s8s8h:-400,400(-400.000000)
947:BR,Player:0r200c/r140c/cc/cc:JsAh,JcKs|/3d6cQc/5c/8s:440,-440(-159.414563)
948:Player,BR:0cr300c/cr1741f:8sTc,3h8c|/5sKsAc:-400,400(-400.000000)
949:BR,Player:0cc/r1761f:5s5c,4c8d|/6c9dAd:100,-100(100.000000)
950:Player,BR:0cr300c/cr1741f:5d8s,6hJd|/3d9dKd:-400,400(-400.000000)
951:BR,Player:0r200c/r2627f:2hAh,6hTs|/3c4s6c:300,-300(300.000000)
952:Player,BR:0cc/cr876f:8sQd,6h7s|/6dJhKs:-100,100(-100.000000)
953:BR,Player:0r130c/r2014f:4c6s,7s9s|/2c4d7c:230,-230(230.000000)
954:Player,BR:0cc/r130r4051f:8hAs,6sQd|/8sKsKd:-230,230(-230.000000)
955:BR,Player:0f:7d8c,3cTh|:50,-50(50.000000)
956:Player,BR:0cc/cr435c/r515f:2h8h,7d9h|/4hKhAs/3s:535,-535(535.000000)
957:BR,Player:0r200c/r1306f:4dJc,5s6s|/2c8sTd:300,-300(300.000000)
958:Player,BR:0cc/cr876f:4s9d,JcKs|/4d7c8s:-100,100(-100.000000)
959:BR,Player:0r200c/r2284f:KcAs,4c6d|/2s7dAd:300,-300(300.000000)
960:Player,BR:0cc/cr124f:5cKh,5d8c|/3d8dTs:-100,100(-100.000000)
961:BR,Player:0r130c/r2014f:2sQd,2c9c|/3d5hJs:230,-230(230.000000)
962:Player,BR:0cc/cr761f:4h5s,9hAh|/3d7c9s:-100,100(-100.000000)
963:BR,Player:0f:3hJd,2c5h|:50,-50(50.000000)
964:Player,BR:0cc/cr1761f:2c6s,5s5c|/4s8hAs:-100,100(-100.000000)
965:BR,Player:0r130c/r285c/cr175c/cc:6dKd,TdAc|/2s7hKh/Ah/Jh:-690,690(-72.250377)
966:Player,BR:0cc/cr1761f:5d7c,2c9s|/2d4sJh:-100,100(-100.000000)
967:BR,Player:0cc/r3080f:5s6d,4c8s|/5c7hQs:100,-100(100.000000)
968:Player,BR:0cr200c/cr1306f:JhJd,7sQs|/5d6c8s:-300,300(-300.000000)
969:BR,Player:0r130c/r1001f:3c8s,TcJs|/4c9sAh:230,-230(230.000000)
970:Player,BR:0cc/cr876f:8dAh,3d8c|/3c4sTs:-100,100(-100.000000)
971:BR,Player:0r130c/r1001f:7sQs,5d8c|/3h3cTh:230,-230(230.000000)
972:Player,BR:0cc/cr876f:8dTc,5sKh|/3c6sQs:-100,100(-100.000000)
973:BR,Player:0r130c/r2014f:8cQd,8dJd|/2cThAc:230,-230(230.000000)
974:Player,BR:0cr200c/cr2627f:TsAc,TdQc|/3c6s8h:-300,300(-300.000000)
975:BR,Player:0f:7dJh,2c6h|:50,-50(50.000000)
976:Player,BR:0cc/cr876f:3cQh,3hJd|/5c7dQd:-100,100(-100.000000)
977:BR,Player:0cc/r9423f:5dTh,4hJh|/2d9cJc:100,-100(100.000000)
978:Player,BR:0cc/cr19900f:7sQc,JsJh|/4dTsJd:-100,100(-100.000000)
979:BR,Player:0r130c/r2014f:5dJd,4dJc|/QsQcAh:230,-230(230.000000)
980:Player,BR:0cc/cr876f:7dJc,4dJd|/4h9dAc:-100,100(-100.000000)
981:BR,Player:0r130c/r1001f:3hQd,6d9s|/7d8sJd:230,-230(230.000000)
982:Player,BR:0cc/cr8194f:7s8c,JdAc|/TsQhKd:-100,100(-100.000000)
983:BR,Player:0f:6hQs,2h9c|:50,-50(50.000000)
984:Player,BR:0cr200c/r600r1281f:5h6h,5dAc|/2s3hKs:-900,900(-900.000000)
985:BR,Player:0r130c/r573f:JdKc,ThJs|/5s8d8c:230,-230(230.000000)
986:Player,BR:0cc/cr379f:2dQc,8dAd|/4h4d8s:-100,100(-100.000000)
987:BR,Player:0r130c/r1001f:3cTc,8c9d|/7c9cKd:230,-230(230.000000)
988:Player,BR:0cr200c/cr1306f:6h9d,9sQd|/2c5dJh:-300,300(-300.000000)
989:BR,Player:0r130c/r6161f:7dKc,2sAh|/9cKsKd:230,-230(230.000000)
990:Player,BR:0cc/cr1761f:6cQs,5s7s|/2hTsJd:-100,100(-100.000000)
991:BR,Player:0r200c/r427c/cc/cc:4s5d,6c8c|/8d9sJc/3d/7d:-727,727(-727.000000)
992:Player,BR:0cc/cr379c/cc/r121c:3dQc,5dAc|/2s5sAd/Qh/8c:-600,600(-599.579427)
993:BR,Player:0r130c/r871c/cr100c/cc:ThQs,6s7d|/3d6cQh/5c/2d:1201,-1201(99.352525)
994:Player,BR:0cc/r130r2014f:2h5c,2d9s|/3c4h4c:-230,230(-230.000000)
995:BR,Player:0f:3h8h,2s7d|:50,-50(50.000000)
996:Player,BR:0cc/cr379c/r121c/cc:3cQh,ThJd|/3h8dJh/8c/Tc:-600,600(-389.181982)
997:BR,Player:0r130c/r142c/cc/cc:6h7s,4s6s|/6d9cKh/8s/Ad:0,-0(-204.080430)
998:Player,BR:0cr300c/r520r520c/cc/cc:JdAd,4cQd|/2s2d3h/Ts/3c:1440,-1440(1440.000000)
999:BR,Player:0r130c/r498c/cc/cc:9dTc,9sKs|/7d8cTd/9c/Kd:-728,728(334.214385)
1000:Player,BR:0cc/cr3080f:5h7d,3dJs|/3c5d9h:-100,100(-100.000000)
RAW BR STATS: n=1000, sum=80345.000000, sum_sq=3460833759.000000, vr_sum=101093.406376, vr_sum_sq=2143230468.487197
BR STATS: 80.345000(115.196963), 101.093406(90.521674)
RESULTS
1)BR: 80345
2)Player: -80345
