In config file: GAME_DEF=game_def.fullholdem
In config file: ACTIONS_R0=F,C
In config file: ACTIONS_R1=F,C
In config file: ACTIONS_R2=F,C
In config file: ACTIONS_R3=F,C
Loading player: rgbr_nl_cprg.so
Player args: /home/viliam/cprg/project_uoapoker/trunk/src/c/meta_player.so /home/viliam/cprg/project_uoapoker/trunk/src/c/acpc14.map
Using seed 11.
1:Player,BR:0cc/cc/cc/cc:3hKh,7h8c|/6sTdAs/8s/9h:-100,100(-89.063784)
2:BR,Player:0f:ThQc,3dTs|:50,-50(50.000000)
3:Player,BR:0cr200c/cc/cc/cc:5sAh,5cQh|/4h4dTd/Qd/7d:-300,300(-141.191225)
4:BR,Player:0cc/cr130c/cc/cc:5cKc,TdJc|/5h5d9d/3d/3c:230,-230(230.000000)
5:Player,BR:0cc/cc/cc/cc:5d7h,QhQc|/JsQsKd/8d/6c:-100,100(-99.133435)
6:BR,Player:0r130c/cc/cr115c/cc:7cKs,7d9d|/5s5cAc/Js/As:345,-345(264.173912)
7:Player,BR:0cr200c/cc/cc/r150c:6hKh,7dTd|/8dAsAh/7h/7c:-450,450(-388.852319)
8:BR,Player:0r200c/cc/cr900c/cc:3d9h,3h5d|/7sTsJs/4c/6s:-1200,1200(-1200.000000)
9:Player,BR:0cr130c/cc/r115c/r690f:9sTs,4cTd|/2c5cTc/3s/5s:345,-345(345.000000)
10:BR,Player:0r130c/cc/cc/cr460c:9cQs,3c5c|/4cJsJc/8c/4s:-690,690(25.730378)
11:Player,BR:0cc/cc/r200f:8sQc,3c4s|/5d8h8d/Jc:100,-100(100.000000)
12:BR,Player:0f:4h7s,2s7h|:50,-50(50.000000)
13:Player,BR:0cr600c/r910c/r2093f:5sKs,8hQs|/5c9hKh/Ad:1610,-1610(1610.000000)
14:BR,Player:0r200c/cc/cc/cc:6dJh,7cAh|/3h5sTc/4s/9d:-300,300(-300.000000)
15:Player,BR:0cc/cc/cc/cc:4h9d,6hAd|/3hTdJc/2d/8d:-100,100(7.442380)
16:BR,Player:0r200c/cc/cc/cc:4h6d,QsAd|/5h6s7s/2c/7h:300,-300(300.000000)
17:Player,BR:0cc/cc/r200c/r390f:5d9h,4c9c|/3d3c6s/4h/7d:300,-300(300.000000)
18:BR,Player:0r130c/cc/cr460c/cc:4s4c,9sQh|/5d6sTh/Ac/Kc:690,-690(690.000000)
19:Player,BR:0cc/cc/cc/cc:4s7d,3c4c|/9sJsJh/2h/Ad:100,-100(99.041707)
20:BR,Player:0r200c/cc/cc/cc:9cAh,JcKs|/5d8s8d/2h/Td:300,-300(150.771885)
21:Player,BR:0cr200c/cc/r150c/cc:7cQd,4sQh|/2hTsTh/8s/8c:0,-0(79.857152)
22:BR,Player:0r200c/cc/cc/cr600c:2cQd,7cKc|/6hTdKd/2d/4s:-900,900(-195.275039)
23:Player,BR:0cr300c/cc/cc/r520c:6cAc,JhJc|/2c3cQh/4s/6h:-920,920(-582.048031)
24:BR,Player:0r130c/cc/cc/cc:3hAd,9cAc|/4d8cQh/7h/Th:-230,230(-170.905562)
25:Player,BR:0cr300c/cc/cc/cc:8h8c,7h7c|/4c9sAc/Kc/Th:400,-400(17.206922)
26:BR,Player:0f:6cAc,3d7s|:50,-50(50.000000)
27:Player,BR:0cc/cc/cc/cc:2hQd,ThKh|/4h5hKd/Jh/5d:-100,100(-97.779727)
28:BR,Player:0r130c/cr299c/cr1058c/cc:6cTh,QdAh|/3s7hAd/8d/Jd:-1587,1587(-450.243062)
29:Player,BR:0cc/cc/cc/cc:8hQs,4d7c|/6cTsKh/3d/As:100,-100(93.931778)
30:BR,Player:0cc/cc/cr300f:4hAd,8dJh|/3h7dQh/Jc:-100,100(-100.000000)
31:Player,BR:0cr600c/cc/cc/cc:2c9c,5hJh|/TsKsAh/9s/Qs:-700,700(-624.564355)
32:BR,Player:0r130c/cr299f:4h9h,6cTd|/ThTcAs:-230,230(-230.000000)
33:Player,BR:0cc/cc/cc/cc:5hTd,3h7d|/8s9cTc/6d/Kc:-100,100(-91.991080)
34:BR,Player:0r200c/cc/cc/cr390c:8hKh,3hAh|/8cTdKs/7d/9s:690,-690(434.543782)
35:Player,BR:0cc/cc/r130c/r460c:3s6d,2d8c|/TcQhKh/2c/8h:-690,690(-187.464679)
36:BR,Player:0r130c/cc/cr299c/cr1058f:5d7d,6dAd|/6c7cQc/Ah/Jh:-529,529(-529.000000)
37:Player,BR:0cc/cc/cc/cc:8dQs,5c9d|/6h7cJc/7d/Kd:100,-100(80.923210)
38:BR,Player:0r130c/cc/cc/cc:6cQh,8h8c|/9dQcAd/2d/Ah:230,-230(230.000000)
39:Player,BR:0cr600f:ThTd,3sTc|:100,-100(100.000000)
40:BR,Player:0r130c/cc/cr299c/cc:4sQc,5s8h|/2h8cTs/5h/2d:-529,529(-296.724100)
41:Player,BR:0cc/cc/cc/cc:2hJs,5d6d|/QhKcAs/Qs/7s:100,-100(89.552110)
42:BR,Player:0cc/cc/cr200c/cc:JdQc,5d9h|/2c3s8h/Th/4c:300,-300(295.134840)
43:Player,BR:0cr200c/r390c/r2070f:3d4d,4cTc|/2d5sAc/Td:690,-690(690.000000)
44:BR,Player:0cc/cc/cr130c/cr1380c:5dKc,2hJd|/3cTsQd/4d/7s:1610,-1610(490.107096)
45:Player,BR:0cc/cc/r200c/cc:8cTd,2hJs|/5c6cAs/Ah/2c:-300,300(-285.963086)
46:BR,Player:0r130c/cr299c/cr1058c/cc:6c7h,8sAh|/3s6d8c/3d/2s:-1587,1587(-235.314188)
47:Player,BR:0cc/cc/cc/cc:4cTd,9hKh|/7dTcJs/8c/Qh:-100,100(-99.251691)
48:BR,Player:0r130c/cc/cr460c/cr897c:3s3d,4cAc|/7c9hAd/4s/2h:-1587,1587(-292.552989)
49:Player,BR:0cr300c/cc/cc/r1200c:5sKs,5dQs|/2cTsQc/8c/Jh:-1600,1600(-1361.472142)
50:BR,Player:0f:3sTs,2s9c|:50,-50(50.000000)
51:Player,BR:0cr130c/r299f:9dKc,3cJd|/2s4s9s:230,-230(230.000000)
52:BR,Player:0r130c/cr299c/cc/cc:6hQs,4d9d|/JhAsAc/Tc/5c:529,-529(-187.853461)
53:Player,BR:0cc/cc/r130f:5sTd,4h5d|/3c7s7d/9h:100,-100(100.000000)
54:BR,Player:0r130c/cr460c/cr897f:5cTc,7cAc|/ThKhAd/7s:-690,690(-690.000000)
55:Player,BR:0cr300f:4d7c,2s3c|:100,-100(100.000000)
56:BR,Player:0r200f:2s6h,5hJd|:-100,100(-100.000000)
57:Player,BR:0cr200f:6s6c,2s4d|:100,-100(100.000000)
58:BR,Player:0r200c/cr390f:4c9d,7cKh|/3d7dQs:-300,300(-300.000000)
59:Player,BR:0cr300c/cc/cc/cc:9cAh,6d8h|/4h5sJd/6s/2d:-400,400(-293.041248)
60:BR,Player:0r130c/cc/cr299f:2hJh,5hTh|/4s4hTc/5s:-230,230(-230.000000)
61:Player,BR:0cr300f:7hKd,2c6d|:100,-100(100.000000)
62:BR,Player:0r200c/cr390c/cr1380c/cc:5d8c,9hKc|/7h7c8d/3h/Qh:2070,-2070(-313.101242)
63:Player,BR:0cr200c/cc/cc/cc:6sAs,7cJc|/7h8dQh/Ad/7s:-300,300(-283.058016)
64:BR,Player:0f:2s5h,2h9s|:50,-50(50.000000)
65:Player,BR:0cr300c/r520c/r184c/cc:4d5d,4sAd|/3c9hQd/4h/Td:-1104,1104(-675.489325)
66:BR,Player:0r130c/cr299c/cr1058f:3cTc,5d6s|/2h7hJc/8d:-529,529(-529.000000)
67:Player,BR:0cr200c/r390f:9h9c,8cQs|/3d7s9d:300,-300(300.000000)
68:BR,Player:0r130c/cc/cc/cc:4s6c,TcQh|/4h7dKc/7h/Ac:230,-230(204.973821)
69:Player,BR:0cr200c/cc/r150c/r225c:5h7d,TsKd|/5d9sKc/5c/4s:675,-675(-394.669427)
70:BR,Player:0cc/cr130c/cr690f:5s5h,QcAc|/3c7hQs/Qh:-230,230(-230.000000)
71:Player,BR:0cc/cc/cc/cc:2dAs,5h9d|/2hAhAd/4d/9s:100,-100(-85.505092)
72:BR,Player:0r200c/cr390f:3h4c,8dQc|/2dThTc:-300,300(-300.000000)
73:Player,BR:0cc/cc/r200c/r150c:2sJd,5cAs|/9sTcQh/3d/7c:-450,450(4.177938)
74:BR,Player:0r130c/cr299c/cc/cc:4hAd,6sJd|/8sThJs/7c/As:529,-529(478.506800)
75:Player,BR:0cc/cc/r130c/cc:2d9s,ThAs|/8hAhAc/7s/3s:-230,230(-228.140710)
76:BR,Player:0cc/cc/cr130c/cc:4sKs,8dJh|/2c9dKh/5d/9h:230,-230(230.000000)
77:Player,BR:0cc/cc/r200c/cc:7hJs,8dQc|/4c9dKh/8s/9s:-300,300(-282.021259)
78:BR,Player:0cc/cc/cr130c/cr460f:2cAc,2h3h|/7sQsKc/5s/6s:-230,230(-230.000000)
79:Player,BR:0cr300c/cc/cc/r520c:7sTs,6sJs|/2h7hJd/3h/8s:-920,920(-728.906464)
80:BR,Player:0r130c/cc/cc/cc:8dQs,5d5c|/8sThQc/Ah/3d:230,-230(230.000000)
81:Player,BR:0cc/cc/cc/cc:3cQc,3d8d|/2s5dKh/4d/4c:100,-100(97.412386)
82:BR,Player:0r130c/cc/cc/cr299c:JdAc,2c5c|/7h7cKh/Qd/3c:529,-529(140.875110)
83:Player,BR:0cc/cc/cc/cc:3sJc,6d9d|/8hTsAd/8c/3d:100,-100(73.774532)
84:BR,Player:0cc/cc/cr130f:3s5h,4c8d|/2c7sKh/7h:-100,100(-100.000000)
85:Player,BR:0cc/cc/cc/r130c:5d6c,7hTs|/5c6d8c/Jh/Kc:230,-230(73.524227)
86:BR,Player:0r130c/cr690c/cr2760c/cr16320f:2s7h,QsQd|/2d3dQc/8s/Ks:-3680,3680(-3680.000000)
87:Player,BR:0cc/cc/cc/r200f:5c9h,2s4d|/3dTcJc/4s/Kc:100,-100(100.000000)
88:BR,Player:0r200c/cr390f:5c6s,8sJd|/3s9dQc:-300,300(-300.000000)
89:Player,BR:0cr300c/cc/r200c/r300c:7dQd,3sAs|/9dThKc/Qh/6h:900,-900(450.709791)
90:BR,Player:0f:7d8h,3s7h|:50,-50(50.000000)
91:Player,BR:0cr300c/cc/cc/cc:JcAd,8h9s|/6c7d9c/Kh/2h:-400,400(-279.805735)
92:BR,Player:0r130c/cc/cc/cr299c:3dJd,3h5h|/2c7dKh/Kd/2h:529,-529(280.690467)
93:Player,BR:0cc/cc/cc/cc:2d4h,5h7d|/3h7cTc/9h/2h:-100,100(-84.825135)
94:BR,Player:0r200c/cc/cc/cr390f:8d9d,8hTh|/2h6dAc/Jc/Kc:-300,300(-300.000000)
95:Player,BR:0cc/cc/cc/cc:8dQs,4c5c|/7d9sAs/3h/9h:100,-100(97.280865)
96:BR,Player:0r200c/cc/cr150c/cc:7dTh,5cTc|/4d9hJd/5d/9s:-450,450(-450.000000)
97:Player,BR:0cc/cc/cc/cc:9sQd,3s9h|/4d7cKd/7s/Ad:100,-100(79.940837)
98:BR,Player:0r130c/cr460c/cr2070c/cr5520c:2dKs,5s6s|/4s8cTc/Ad/9d:8280,-8280(8235.197774)
99:Player,BR:0cc/cc/cc/cc:6dJs,6sKh|/5dThAc/Ah/2h:-100,100(-46.815607)
100:BR,Player:0f:2cQc,2d6h|:50,-50(50.000000)
101:Player,BR:0cr600c/cc/cc/cc:TcAh,JcKh|/9sJsJh/Ks/5c:-700,700(-699.872713)
102:BR,Player:0r200c/cr390c/cc/cc:3sQh,6cTd|/8hJsJc/6s/Ks:-690,690(-238.490018)
103:Player,BR:0cc/cc/cc/cc:8h9c,3sJd|/6dKsAh/Qs/8d:100,-100(9.100037)
104:BR,Player:0r200c/cr390f:6d8h,3hQc|/3d5s5d:-300,300(-300.000000)
105:Player,BR:0cr200c/cc/cc/r150c:5cJc,9s9d|/2h2dQh/5s/Td:-450,450(-251.962236)
106:BR,Player:0r130c/cr299c/cr1058c/cr4761c:2dAc,4cQs|/6h9s9h/Ad/6s:6348,-6348(6327.990365)
107:Player,BR:0cr300f:TsTc,3h8s|:100,-100(100.000000)
108:BR,Player:0r130c/cr460c/cc/cc:2hKs,7cQh|/3h5s6h/5c/Js:690,-690(-312.187242)
109:Player,BR:0cr200c/cc/r150c/cc:4h6d,8h9h|/4sJdQh/8d/Qc:-450,450(-366.925938)
110:BR,Player:0r130c/cc/cc/cc:8hQh,4dAd|/4sJdQs/6s/Kd:230,-230(230.000000)
111:Player,BR:0cc/cc/cc/r300f:2s4c,5dTd|/2h4hAh/8s/Kc:100,-100(100.000000)
112:BR,Player:0r130c/cc/cc/cr299f:6cTh,3cAs|/6s9cKd/Jc/Ah:-230,230(-230.000000)
113:Player,BR:0cr200c/r390c/cc/cc:5hJh,6d9d|/7dTdQd/8c/Ac:-690,690(-663.463101)
114:BR,Player:0r200c/cr390c/cr897c/cr18413c:6sAd,3sTs|/3cThTc/6c/7s:-20000,20000(16499.462304)
115:Player,BR:0cc/cc/cc/r130c:4h6s,8dJs|/7d8cTh/5d/Qc:230,-230(-60.829506)
116:BR,Player:0r200c/cc/cc/cr390c:2c9d,5s5h|/6h8h8d/Ts/2h:-690,690(-23.409235)
117:Player,BR:0cr300c/cc/r520f:ThTc,3dTs|/6d9dQh/5s:400,-400(400.000000)
118:BR,Player:0f:7hKd,2d3h|:50,-50(50.000000)
119:Player,BR:0cr300c/cc/cc/r200f:TdTc,7hKd|/2cJdQh/9c/Qd:400,-400(400.000000)
120:BR,Player:0r130c/cr299f:2c3c,4sKs|/5sJsJd:-230,230(-230.000000)
121:Player,BR:0cc/cc/cc/cc:2c8d,3s4d|/TsAsAh/Jh/Kd:0,-0(47.161426)
122:BR,Player:0r130c/cr299c/cr687c/cc:4sKc,9sJs|/3s8dAd/Ac/Jd:-1216,1216(69.214421)
123:Player,BR:0cc/cc/cc/cc:4cKc,TdJs|/5sTsKs/9s/5h:-100,100(-87.628671)
124:BR,Player:0r130c/cr460f:6c8c,JhQh|/3h9hTh:-230,230(-230.000000)
125:Player,BR:0cr200f:7h8h,2d5s|:100,-100(100.000000)
126:BR,Player:0r130c/cr299c/cc/cc:6c8c,4cJh|/2h4h6d/8d/8h:529,-529(529.000000)
127:Player,BR:0cr300c/r520c/cc/r1840c:2sTs,9dAs|/2c6h7s/Jc/Ah:-2760,2760(-2230.644031)
128:BR,Player:0r200c/cr390c/cr897f:QcAc,6s9s|/4h8s9h/Ts:-690,690(-690.000000)
129:Player,BR:0cc/r200c/cc/r600f:2s3c,8dJh|/2d3s6h/7d/As:300,-300(300.000000)
130:BR,Player:0r130c/cc/cr299c/cc:9cAc,7h7c|/8h9sJh/5d/2s:529,-529(473.807651)
131:Player,BR:0cc/cc/r130c/cc:4s7c,8sJs|/5c7sQd/3c/4h:230,-230(189.403072)
132:BR,Player:0f:3h5c,2s8c|:50,-50(50.000000)
133:Player,BR:0cc/cc/r130c/cc:7sJc,3h7c|/5h7hAc/4c/8s:230,-230(102.241480)
134:BR,Player:0r130c/cc/cc/cc:4s4d,4hKh|/2s9cJs/8d/Jc:230,-230(230.000000)
135:Player,BR:0cc/cc/cc/cc:2cQh,3d7s|/3hJsAh/3c/8s:-100,100(-97.327092)
136:BR,Player:0r130c/cr299c/cc/cc:2dTd,6dJd|/7d9sJc/As/7c:-529,529(-490.794786)
137:Player,BR:0cc/cc/cc/cc:7hQc,8dTs|/3s9hAh/5d/Th:-100,100(-78.440827)
138:BR,Player:0r130c/cc/cc/cc:2h9s,JsQc|/5c8sAc/3s/4d:230,-230(230.000000)
139:Player,BR:0cr300f:7s9s,2h7d|:100,-100(100.000000)
140:BR,Player:0r130c/cc/cr299c/cc:6hJh,8s9h|/6dJcAd/5d/Ah:529,-529(329.487687)
141:Player,BR:0cc/cc/cc/r130c:4dTs,5s9c|/2s3c8c/8s/9s:-230,230(-113.232547)
142:BR,Player:0r130c/cr690c/cr1196c/cc:4dTh,5d8d|/5h8cTc/3h/Td:2116,-2116(2116.000000)
143:Player,BR:0cc/cc/cc/r200c:2sJd,6c9d|/5h8hKd/4d/7s:-300,300(-292.761608)
144:BR,Player:0r130c/cc/cr460f:4h6s,8cTd|/8dQcKh/8h:-230,230(-230.000000)
145:Player,BR:0cc/cc/cc/cc:5cAh,5hQc|/3c8hKh/9d/Jc:100,-100(56.415348)
146:BR,Player:0cc/cc/cc/cc:5hQs,3sTc|/2h4s8h/Js/3d:-100,100(-100.000000)
147:Player,BR:0cc/cc/r200c/r900f:3c8s,9dQd|/6d8hTd/3s/Ah:300,-300(300.000000)
148:BR,Player:0r200c/cc/cc/cc:2hKh,KcAh|/2c7dJs/6d/Jd:300,-300(243.826972)
149:Player,BR:0cc/cc/r200c/r900f:4dKh,5cJs|/2d4sKs/7h/8s:300,-300(300.000000)
150:BR,Player:0f:3d8h,4s9c|:50,-50(50.000000)
151:Player,BR:0cr200c/cc/cc/cc:3s3c,6h7h|/2d3h8s/Th/8h:300,-300(-256.758477)
152:BR,Player:0r130c/cc/cr115c/cr1035c:6d9s,3d6c|/5d8hAh/5s/7s:1380,-1380(1147.868914)
153:Player,BR:0cc/cc/r130c/cc:7sJd,5d8c|/9cTsTc/4c/As:230,-230(134.038321)
154:BR,Player:0r130c/cc/cc/cr299c:KcAs,6cJc|/3s4hQs/9h/Ad:529,-529(504.857472)
155:Player,BR:0cr300c/cc/r800c/r1560c:5sKs,JdKh|/6c7cJh/4c/3d:2760,-2760(1166.771839)
156:BR,Player:0r200f:2d6s,7c8d|:-100,100(-100.000000)
157:Player,BR:0cc/cc/cc/cc:3c8s,5d8c|/3d6cQd/7c/7s:100,-100(99.646879)
158:BR,Player:0f:JdKd,3h7s|:50,-50(50.000000)
159:Player,BR:0cr200c/cc/cc/cc:2cJc,3cJh|/5s8dKs/Qc/5h:0,-0(279.774077)
160:BR,Player:0r200c/cr390c/cc/cr1380f:5sKd,TsQd|/2h2dAc/Tc/Th:-690,690(-690.000000)
161:Player,BR:0cc/cc/cc/r130c:3c9c,6h7d|/6s9hQc/Jh/5d:230,-230(60.059580)
162:BR,Player:0r130c/cc/cc/cr690f:2c6d,4dKh|/6s9hAh/8c/7h:-230,230(-230.000000)
163:Player,BR:0cc/cc/r130f:7c9s,2cTh|/4dJcKs/3d:100,-100(100.000000)
164:BR,Player:0r130c/cr299c/cc/cr1058f:JhJd,TdJc|/3c5h6c/Ts/Qs:-529,529(-529.000000)
165:Player,BR:0cr200c/r390c/r897c/cc:2h4h,5dQs|/5hJsJh/Tc/5s:-1587,1587(-1570.546766)
166:BR,Player:0r130c/cc/cc/cr299c:JsJc,6d8s|/4h5dTc/4d/3s:529,-529(529.000000)
167:Player,BR:0cc/cc/cc/r130c:2cKs,6hQd|/4c6sAd/2s/6c:-230,230(-229.685440)
168:BR,Player:0r130c/cc/cc/cr460f:2s6c,5sKh|/5h9cTh/Js/Qd:-230,230(-230.000000)
169:Player,BR:0cr300c/cc/r1200c/cc:8dTc,JsKd|/4d5d6s/Qd/As:-1600,1600(-812.832812)
170:BR,Player:0r130c/cr299c/cc/cc:3hKd,8dTh|/3c5sAd/Jh/Kc:529,-529(529.000000)
171:Player,BR:0cr300f:5h9h,5s6c|:100,-100(100.000000)
172:BR,Player:0r130c/cr299c/cr687c/cc:8h9d,8cQs|/3c5h6d/9h/Th:1216,-1216(629.279496)
173:Player,BR:0cc/cc/r200c/r600c:7sTd,4d8h|/3d5h9h/4c/2h:-900,900(-85.899834)
174:BR,Player:0f:QsQd,2s4c|:50,-50(50.000000)
175:Player,BR:0cc/cc/r200f:4s6d,3d7s|/5h5c9s/2h:100,-100(100.000000)
176:BR,Player:0r130c/cr299c/cc/cc:8cJh,6d8d|/4c8hTd/2h/Kh:529,-529(514.925323)
177:Player,BR:0cc/cc/cc/cc:3sKc,4d6h|/2s7d8c/2h/9h:100,-100(90.855412)
178:BR,Player:0r130c/cr460c/cc/cc:JdAh,5sQc|/3c4sKs/8c/6c:690,-690(-149.503883)
179:Player,BR:0cr600c/cc/r2100c/cc:7dTd,9sQs|/2s2d6d/Kh/9c:-2800,2800(369.177330)
180:BR,Player:0f:9s9d,2h6d|:50,-50(50.000000)
181:Player,BR:0cr300c/cc/cc/cc:6sKs,QhKc|/2c7cTh/Jh/9d:-400,400(-394.741206)
182:BR,Player:0f:7sJh,2c7h|:50,-50(50.000000)
183:Player,BR:0cc/cc/r130c/cc:5hTh,JsAs|/2s4d9s/Ah/Kd:-230,230(-156.333157)
184:BR,Player:0cc/cr200c/cc/cc:6dKd,3c4s|/5h7dKc/5c/Jd:300,-300(300.000000)
185:Player,BR:0cr200c/cc/r150c/r585f:7cAh,8dQh|/3c4s4h/9s/7h:450,-450(450.000000)
186:BR,Player:0r200f:2c5d,6cTs|:-100,100(-100.000000)
187:Player,BR:0cc/cc/cc/cc:3dKc,3sTh|/2h4hQs/6h/8c:100,-100(100.000000)
188:BR,Player:0f:6dAc,2cTs|:50,-50(50.000000)
189:Player,BR:0cc/cc/r200c/r600c:6c8h,9hJs|/9dQhKh/7h/Kd:-900,900(-533.135636)
190:BR,Player:0cc/cr130c/cc/cr460c:4dQc,5s7c|/5c6d6c/Qs/3d:690,-690(418.195486)
191:Player,BR:0cr300c/r520c/cc/cc:8cJc,QsKd|/2d6cAh/4h/2c:-920,920(-458.235043)
192:BR,Player:0r200c/cr390c/cr1380c/cc:2cAc,4s9s|/2d4hJs/Ks/6c:-2070,2070(-679.593363)
193:Player,BR:0cc/cc/r200c/cc:9hTs,5cTh|/3c5dQs/3h/6d:-300,300(-121.479543)
194:BR,Player:0r200c/cc/cc/cr600f:2cJh,7sAc|/7c8sQc/3h/Ah:-300,300(-300.000000)
195:Player,BR:0cr200c/r600f:2d4d,3h9h|/TdJhKc:300,-300(300.000000)
196:BR,Player:0cc/cc/cc/cr130f:KsAs,6h7c|/4s7h8d/8s/3h:-100,100(-100.000000)
197:Player,BR:0cc/cc/cc/cc:5dTs,4h6c|/4d8cKc/Js/Ah:-100,100(-21.508250)
198:BR,Player:0r130c/cc/cc/cc:4d9d,2c4c|/7d9sQs/Tc/2d:230,-230(230.000000)
199:Player,BR:0cr300c/cc/cc/cc:6h8h,7c8d|/8c9sQd/As/7h:-400,400(-264.554975)
200:BR,Player:0r130c/cr299c/cc/cr687c:7cAh,7s9s|/3dQdAd/Qs/5s:1216,-1216(955.661089)
201:Player,BR:0cr300c/cc/r1200c/cc:2h5h,5cJs|/5sKhAh/3s/Tc:-1600,1600(286.043335)
202:BR,Player:0r130c/cc/cc/cc:9cQh,7hKc|/3h3d4s/Qc/Td:230,-230(230.000000)
203:Player,BR:0cr200c/cc/r900f:8cAc,2cTh|/5c8sKd/As:300,-300(300.000000)
204:BR,Player:0r130c/cc/cc/cc:2d9h,7cKd|/2c4sQc/2h/Qs:230,-230(230.000000)
205:Player,BR:0cr600c/cc/cc/cc:4s5c,7cQc|/4c5dJs/9d/Th:700,-700(681.171498)
206:BR,Player:0f:2d4s,2c7d|:50,-50(50.000000)
207:Player,BR:0cr200c/cc/cc/cc:5dAd,QsAc|/8hTsJs/7c/3h:-300,300(204.708291)
208:BR,Player:0r130c/cr690f:7d8h,9hKs|/6hTcQs:-230,230(-230.000000)
209:Player,BR:0cr200c/cc/r150c/r225f:JsKs,2s2d|/6c7d8h/Jc/Qh:450,-450(450.000000)
210:BR,Player:0r200c/cc/cc/cc:JsAh,4d6c|/4sJdAs/8s/Kc:300,-300(300.000000)
211:Player,BR:0cc/cc/cc/cc:7cQd,3h4c|/4s5sJc/Ac/6c:-100,100(-15.548579)
212:BR,Player:0r130c/cr299f:5d8s,4dQh|/6cThJs:-230,230(-230.000000)
213:Player,BR:0cr300f:KsAh,3h8d|:100,-100(100.000000)
214:BR,Player:0r130c/cc/cr115c/cc:5s7s,5c6h|/2s3d7d/6d/As:345,-345(345.000000)
215:Player,BR:0cc/cc/r130f:4h7d,2d3c|/6c8sQd/Qs:100,-100(100.000000)
216:BR,Player:0r130c/cc/cc/cr299f:4cKd,7dKc|/3s7c9d/Jh/5c:-230,230(-230.000000)
217:Player,BR:0cc/r130c/r115c/r690c:7cJs,JhQc|/8h9dQs/Ts/Kh:0,-0(0.000000)
218:BR,Player:0r300c/cr520c/cc/cc:3cJc,3h4h|/TdQsAc/5d/6h:920,-920(-536.612164)
219:Player,BR:0cc/cc/cc/r130c:4h8h,3dJd|/9h9cJh/8d/6d:-230,230(-160.128144)
220:BR,Player:0r130c/cr460c/cr897c/cc:6h8c,9sTc|/5s6sQd/Ks/Ts:-1587,1587(-1587.000000)
221:Player,BR:0cr200c/cc/r150f:7sTs,4h8c|/3d6h6c/Kc:300,-300(300.000000)
222:BR,Player:0r130c/cc/cr299f:2c8s,7d9h|/TcQcKh/4c:-230,230(-230.000000)
223:Player,BR:0cc/cc/cc/cc:9sJd,TsKs|/4s6hAd/5s/Qd:-100,100(34.812156)
224:BR,Player:0cc/cc/cc/cc:3s7h,6dQs|/8cJdJc/Kh/As:-100,100(-100.000000)
225:Player,BR:0cr300f:3d5d,3c7s|:100,-100(100.000000)
226:BR,Player:0r130c/cr460c/cr345c/cc:3h3c,9dTs|/2s3dJd/9h/Qs:1035,-1035(1035.000000)
227:Player,BR:0cr600c/cc/r910c/r3220f:KhAs,8hJs|/4s7dJd/Kd/Kc:1610,-1610(1610.000000)
228:BR,Player:0r130c/cc/cc/cc:KsAc,ThTc|/6s7sAd/Qs/6c:230,-230(230.000000)
229:Player,BR:0cr600c/cc/r350c/r525f:QhQc,5hAc|/7s7hKc/9s/2d:1050,-1050(1050.000000)
230:BR,Player:0r300f:3d4h,2s2c|:-100,100(-100.000000)
231:Player,BR:0cr300c/cc/r200c/r300c:6c7c,8hQd|/6s8cAh/3h/4s:-900,900(-647.002378)
232:BR,Player:0r130c/cc/cc/cc:2dAd,4cJc|/QhKdKc/3h/6s:230,-230(32.142542)
233:Player,BR:0cr300c/cc/cc/cc:JcKc,3hQs|/5d7cTd/Th/2s:400,-400(400.000000)
234:BR,Player:0cc/cr200f:2d6s,5hTc|/3h4sQh:-100,100(-100.000000)
235:Player,BR:0cc/cc/r130c/r115c:2cJs,4c5d|/2s3s6s/Jd/Kd:-345,345(-308.273170)
236:BR,Player:0r200c/cr390c/cr2070c/cc:JcAs,4c5s|/2sTcAd/4s/8c:2760,-2760(2760.000000)
237:Player,BR:0cc/cc/cc/cc:5dJs,6hJh|/6s6cQh/Kc/7s:-100,100(-96.527062)
238:BR,Player:0r130c/cr299c/cc/cc:9s9h,5cKs|/3d7d7c/Td/4c:529,-529(513.406248)
239:Player,BR:0cr300c/r520c/cc/cc:9cQc,5hKs|/2h2c8d/4s/Ad:-920,920(-410.681542)
240:BR,Player:0r130c/cr299c/cc/cr1058c:4sTh,KdAs|/8h8cQh/2c/Ac:-1587,1587(-517.323636)
241:Player,BR:0cr130c/cc/r690c/r1840f:ThJs,6dKh|/9dTsJc/3s/4c:920,-920(920.000000)
242:BR,Player:0f:6d9h,2h5d|:50,-50(50.000000)
243:Player,BR:0cc/cc/r130c/cc:4h9s,8sKc|/3c5hAc/6c/8d:-230,230(-152.039456)
244:BR,Player:0r200c/cc/cr150c/cr900f:8sKc,JsKs|/4d9sAs/3d/2s:-450,450(-450.000000)
245:Player,BR:0cc/r130c/cc/cc:4sTs,3s6h|/6sJhAd/7c/3c:-230,230(-211.311594)
246:BR,Player:0r130c/cc/cc/cr460f:5sKh,4h8h|/8s9s9h/6s/2d:-230,230(-230.000000)
247:Player,BR:0cc/cc/cc/cc:2cKh,2dJd|/2s6cJh/9h/7d:-100,100(-97.435936)
248:BR,Player:0r200c/cc/cc/cr390c:7cJh,6cAd|/3h8hAs/8c/3c:-690,690(-145.962635)
249:Player,BR:0cc/cc/cc/cc:5s7d,7c9s|/9cJsJd/3s/6h:-100,100(-86.009165)
250:BR,Player:0cc/cc/cc/cc:5dKs,3sJs|/7sKdAs/9c/Ah:100,-100(100.000000)
251:Player,BR:0cc/cc/cc/cc:TdKs,KdAh|/2s7dJh/Js/5s:-100,100(-41.819519)
252:BR,Player:0r130c/cr460f:2s8d,KsKh|/4cThQs:-230,230(-230.000000)
253:Player,BR:0cc/cc/cc/r130c:4d8c,4sAc|/3s5d7h/Kd/2c:-230,230(-227.941506)
254:BR,Player:0f:3sTs,3c8h|:50,-50(50.000000)
255:Player,BR:0cr130c/cc/cc/cc:TdAc,9cKc|/6h8c9h/Qd/Kd:-230,230(-218.170182)
256:BR,Player:0r130c/cc/cc/cc:2c9h,QcKh|/3h4h9s/Jh/8s:230,-230(230.000000)
257:Player,BR:0cr200c/cc/cc/r600c:QhKs,5cKh|/4c5d7s/8h/Qd:900,-900(-0.184109)
258:BR,Player:0r130c/cc/cr299c/cr687c:3c9h,6cAs|/7sJhKs/Tc/9d:1216,-1216(99.902095)
259:Player,BR:0cc/cc/cc/cc:7cKs,JhKh|/8hQdKd/Td/Ac:-100,100(-99.081247)
260:BR,Player:0r130c/cc/cr460c/cr897c:9hJh,4c8d|/8s9cKc/4h/Th:-1587,1587(-175.463373)
261:Player,BR:0cr200c/cc/cc/r390f:TdKc,5dTh|/2d3hAd/6d/Kh:300,-300(300.000000)
262:BR,Player:0r130c/cc/cc/cr299c:ThTc,3hAc|/4s7hAs/5c/Jd:-529,529(-95.225856)
263:Player,BR:0cc/cc/cc/cc:TdJs,2h2d|/9cQhQc/6s/7c:-100,100(-49.375011)
264:BR,Player:0r200f:2s7d,JsKc|:-100,100(-100.000000)
265:Player,BR:0cr200c/cc/r150c/r900c:7hKd,8hJs|/3c8sTd/4h/5h:-1350,1350(365.817582)
266:BR,Player:0r130c/cr299c/cc/cc:7c9c,5s6c|/2d9dKh/3h/Ts:529,-529(430.937496)
267:Player,BR:0cr300f:TcKd,4c6h|:100,-100(100.000000)
268:BR,Player:0r130c/cr299c/cc/cr687f:7sQs,5dKd|/2h5hTc/Js/5s:-529,529(-529.000000)
269:Player,BR:0cc/cc/cc/cc:5cJs,2s2h|/9cQsAs/Td/2d:-100,100(-97.947245)
270:BR,Player:0r130c/cc/cc/cr299f:TdQd,ThAh|/2h4c8c/4d/6c:-230,230(-230.000000)
271:Player,BR:0cc/cc/cc/r130f:5c6s,2dAh|/4s7d9c/6d/9d:100,-100(100.000000)
272:BR,Player:0r130c/cr299c/cc/cc:6dKh,6cJc|/4d5s7d/5d/As:529,-529(97.186176)
273:Player,BR:0cc/cc/r300c/r200f:6dKh,JsKs|/4c6hKc/Ad/4s:400,-400(400.000000)
274:BR,Player:0r130c/cr299f:4d6d,5cKh|/3sTsKc:-230,230(-230.000000)
275:Player,BR:0cc/cc/cc/r130c:2dAc,JsKs|/8sJhQc/Qd/Ad:230,-230(-22.844655)
276:BR,Player:0r130c/cc/cc/cr460c:2d9h,2s7s|/2h5sQc/3s/5h:0,-0(-180.223053)
277:Player,BR:0cr300c/cc/cc/r520f:KhKd,7s9s|/4d6hAs/4h/Th:400,-400(400.000000)
278:BR,Player:0cc/cr300c/cc/cc:4d9s,5d6s|/3sJhJd/6h/4c:-400,400(-80.889121)
279:Player,BR:0cc/cc/r130f:3dJh,8c9s|/6h9cJd/Kd:100,-100(100.000000)
280:BR,Player:0cc/cc/cr130c/cc:3sQs,4s8s|/7dJhJc/7s/4h:230,-230(48.454881)
281:Player,BR:0cc/cc/cc/cc:2hQc,4hKd|/8s8c9c/5h/Ad:-100,100(-5.873644)
282:BR,Player:0r130c/cc/cr299c/cc:JhQh,8sAh|/2d8cJc/4s/Qc:529,-529(529.000000)
283:Player,BR:0cc/cc/cc/cc:ThQs,6hKd|/3s5cKc/8s/Kh:-100,100(-98.598063)
284:BR,Player:0r130c/cc/cc/cc:9sKs,9hKh|/2c5dAs/8h/2d:0,-0(102.087525)
285:Player,BR:0cr300c/cc/cc/cc:7s7c,TcJs|/2cThAh/4h/9d:-400,400(-96.374533)
286:BR,Player:0f:4h5h,3s8c|:50,-50(50.000000)
287:Player,BR:0cc/cc/r200c/r600c:4sTh,5hAh|/9hTsTd/2h/7h:-900,900(-609.119592)
288:BR,Player:0r130c/cr299c/cr1058c/cc:4cJc,TdAh|/9cJsKd/Ac/3h:-1587,1587(-404.369193)
289:Player,BR:0cc/cc/cc/r130f:5dQd,7hAs|/6h6dTd/Ks/5c:100,-100(100.000000)
290:BR,Player:0r130c/cr299c/cc/cc:3sJd,9dAh|/3h9hKh/Qc/7d:-529,529(-11.806315)
291:Player,BR:0cr130c/cc/r460c/r345c:7cAc,TsAh|/9hQhKs/Ad/Kd:0,-0(1.266370)
292:BR,Player:0r130c/cr299c/cc/cc:8sKh,7d7c|/5hAdAc/Th/8d:529,-529(529.000000)
293:Player,BR:0cc/cc/cc/cc:4sKh,5cJh|/2s6sTs/7h/5h:-100,100(-62.671058)
294:BR,Player:0r130c/cc/cr299f:3h4c,7c8s|/QhKsAd/As:-230,230(-230.000000)
295:Player,BR:0cc/cc/cc/cc:4d6h,9sAd|/7s9cKs/2c/Td:-100,100(-83.630742)
296:BR,Player:0r130c/cc/cc/cc:2s9s,4s4d|/5c7cAh/8h/Jd:-230,230(-230.000000)
297:Player,BR:0cr300c/cc/r200c/cc:4hAh,6cQc|/4s5c8s/Qh/Qd:-600,600(-508.259613)
298:BR,Player:0f:9sAh,2s6h|:50,-50(50.000000)
299:Player,BR:0cc/cc/r130f:4h9d,5d8h|/2h7sTs/Qc:100,-100(100.000000)
300:BR,Player:0r130c/cc/cc/cr299c:4c9c,6hJc|/4d8dQs/9h/Kc:529,-529(356.925502)
301:Player,BR:0cr300c/cc/r800f:7d9s,8h9c|/4sJsQs/Kd:400,-400(400.000000)
302:BR,Player:0r130c/cr299c/cr687c/cr3648f:3sQh,TcKc|/7dJsKh/Kd/5h:-1216,1216(-1216.000000)
303:Player,BR:0cc/cc/cc/r130f:2cKh,5sJs|/3h8cAc/5c/Tc:100,-100(100.000000)
304:BR,Player:0r130c/cr299c/cc/cc:5dJd,3s4s|/3hAsAh/9s/Ad:-529,529(-74.094696)
305:Player,BR:0cr200c/cc/cc/r150f:6s6c,8cTd|/3h5d6h/7s/3c:300,-300(300.000000)
306:BR,Player:0r130c/cc/cc/cc:2hQc,7dKs|/3d4h6d/8c/4s:-230,230(-230.000000)
307:Player,BR:0cc/cc/r130f:8cTh,4s9c|/3h6cAc/8d:100,-100(100.000000)
308:BR,Player:0r130c/cc/cr460f:7hJs,8dAc|/6c9sAh/9h:-230,230(-230.000000)
309:Player,BR:0cc/cc/cc/cc:2sJh,4cJd|/3h8dKc/Td/Qs:0,-0(59.995101)
310:BR,Player:0cc/cr200c/cr390c/cc:2cAh,3cQc|/4c5hJs/Jd/Ks:690,-690(600.580607)
311:Player,BR:0cc/cc/cc/cc:8dJc,2s4h|/3h3d7c/Ks/Kh:100,-100(100.000000)
312:BR,Player:0cc/cc/cr130c/cc:3hTh,3dJs|/4h5sTd/Qc/Jc:-230,230(-91.242261)
313:Player,BR:0cc/cc/cc/r130f:8sQd,2hJc|/6dTsKh/8h/Td:100,-100(100.000000)
314:BR,Player:0r130c/cr299c/cc/cc:2h6c,4s9s|/6sThTc/Ks/5d:529,-529(367.278964)
315:Player,BR:0cc/cc/cc/cc:9cKd,2c8d|/2s2d6c/5c/8h:-100,100(-99.838241)
316:BR,Player:0f:5h5d,2s3h|:50,-50(50.000000)
317:Player,BR:0cc/cc/cc/cc:5cJh,4d8c|/2s3h9d/Kc/Qd:100,-100(81.708984)
318:BR,Player:0r200c/cr390c/cc/cc:TdTc,5d9s|/2hKsAs/5h/3s:690,-690(50.135534)
319:Player,BR:0cr200c/cc/cc/cc:9hKh,4s8d|/3d6s8c/Ad/8s:-300,300(-278.824006)
320:BR,Player:0cc/cc/cr300c/cc:TdJc,3dJs|/2c6h7s/Qs/3c:-400,400(-400.000000)
321:Player,BR:0cc/cc/cc/r130c:6sJh,QhKs|/3d8cQs/6c/Qd:-230,230(-227.188072)
322:BR,Player:0cc/cc/cc/cc:7sAc,4cKh|/2s3d8c/6c/9d:100,-100(-16.654150)
323:Player,BR:0cr300c/cc/cc/cc:3d5d,4h4d|/5cKhAh/Qh/6d:400,-400(222.746778)
324:BR,Player:0r130c/cc/cr115c/cc:5hTs,5s7h|/4c5cQs/6d/Qd:345,-345(238.827735)
325:Player,BR:0cr600c/cc/cc/cc:8hQh,6cAh|/5h9hTs/3d/3c:-700,700(-15.416154)
326:BR,Player:0cc/cr130f:2h9c,5d9h|/8h8dJc:-100,100(-100.000000)
327:Player,BR:0cr200c/r390c/cc/cc:5d7d,8sTd|/2c3h8c/Qd/Qs:-690,690(-637.532105)
328:BR,Player:0r200c/cr390f:4cTd,TsJc|/5d8hJs:-300,300(-300.000000)
329:Player,BR:0cr300c/cc/r200c/r1800c:8hKd,JhKc|/ThJdKs/6d/8d:-2400,2400(-2250.370959)
330:BR,Player:0r200c/cc/cc/cc:5cAc,6cAh|/5s8cTd/5d/2c:300,-300(300.000000)
331:Player,BR:0cc/cc/cc/r200f:6sQc,TsAh|/4c5sKc/Qd/9c:100,-100(100.000000)
332:BR,Player:0r200c/cc/cc/cc:4dAc,JdAs|/6s9cKc/5d/9d:-300,300(-157.798989)
333:Player,BR:0cr300c/cc/cc/r520f:9hAh,8cJd|/9sQsQh/3d/5s:400,-400(400.000000)
334:BR,Player:0r300c/cc/cc/cc:4dTc,QcAd|/5c7sJc/9d/2c:-400,400(-400.000000)
335:Player,BR:0cc/cc/r130f:7s9d,3d8c|/2cJdQc/6h:100,-100(100.000000)
336:BR,Player:0r130c/cc/cc/cc:2dKd,4hTh|/QdKhAs/4d/5s:230,-230(219.647020)
337:Player,BR:0cc/cc/cc/r130f:5hTs,5dJd|/4c7cTh/Qs/3s:100,-100(100.000000)
338:BR,Player:0r130c/cc/cr115c/cr448c:9sQh,6dAh|/JhJcAs/4c/3h:-793,793(-228.393393)
339:Player,BR:0cc/cc/cc/cc:7sKd,4d9d|/4s7cAc/4h/Kh:-100,100(-96.550987)
340:BR,Player:0r130c/cr299c/cc/cc:4h9c,3d5h|/4c7hAs/Ah/9d:529,-529(529.000000)
341:Player,BR:0cc/cc/cc/cc:7sAd,TsJh|/2c6c7c/8d/5h:100,-100(97.098412)
342:BR,Player:0r200c/cc/cr390c/cr1380c:5sKc,5h7h|/3s6d9d/6h/Tc:2070,-2070(474.666831)
343:Player,BR:0cc/cc/r130c/cc:6hKs,7hAs|/TdJsJd/Jc/3c:-230,230(-65.900088)
344:BR,Player:0f:KsKh,3s9d|:50,-50(50.000000)
345:Player,BR:0cc/cc/cc/r130c:2h6s,3s7s|/5h9dAh/Qd/Kc:-230,230(36.441935)
346:BR,Player:0r130c/cr299c/cc/cr687f:7c8c,6cTh|/2hQhQc/2c/6d:-529,529(-529.000000)
347:Player,BR:0cr600c/cc/cc/cc:JsAd,6d8d|/6s9hKd/4s/2h:-700,700(-562.717976)
348:BR,Player:0r130c/cr299c/cr1587c/cr2750c:2s2h,8s9s|/3h5s7h/Ah/Ac:4866,-4866(1657.082341)
349:Player,BR:0cr300c/r520c/cc/r1196f:JsJd,JcKd|/2h6s7h/Qh/6c:920,-920(920.000000)
350:BR,Player:0r130c/cc/cr299c/cc:6sKh,2hKd|/9hTsQd/7d/5h:0,-0(-370.460705)
351:Player,BR:0cr300c/cc/r200c/r780c:JdJc,5cKd|/2s4hTh/Kh/4c:-1380,1380(552.415671)
352:BR,Player:0r130c/cc/cc/cr299f:5sTh,6dJc|/3c6cTc/2c/Td:-230,230(-230.000000)
353:Player,BR:0cc/cc/r130c/r115f:2hAd,4d6h|/4c5hAc/As/8c:230,-230(230.000000)
354:BR,Player:0r130c/cr299c/cc/cc:5dKs,6s7d|/3cTsAd/Jc/5s:529,-529(181.462067)
355:Player,BR:0cc/cc/cc/cc:3cKc,6sJs|/6h7cAd/2s/Qd:-100,100(-44.920756)
356:BR,Player:0r300c/cr520c/cr1196c/cc:5d5c,7sJc|/4hQsQd/6h/3c:2116,-2116(1100.091140)
357:Player,BR:0cr130c/r299c/r687c/r3648c:9hJh,QcKs|/6h8hKc/As/7d:-4864,4864(-3053.216096)
358:BR,Player:0r130c/cr299c/cc/cr687c:QdKc,2dAs|/QcKdAd/5s/Qs:1216,-1216(1216.000000)
359:Player,BR:0cc/cc/cc/cc:9cQs,7cAs|/7dJsJc/5s/6c:-100,100(-84.372667)
360:BR,Player:0r130c/cr299c/cr1058c/cc:8dAh,3s5h|/4s6dKd/7c/5d:1587,-1587(1587.000000)
361:Player,BR:0cc/cc/cc/cc:3sJd,7sAs|/4d6d8c/Qh/3h:100,-100(12.623176)
362:BR,Player:0cc/cr130c/cc/cr299c:7cTs,6cJc|/3sTdTc/Jh/6d:529,-529(487.782250)
363:Player,BR:0cc/cc/cc/r130f:9hKc,3d4s|/5s7sAd/Tc/Kh:100,-100(100.000000)
364:BR,Player:0cc/cr130c/cc/cc:5hTd,2cKs|/2d8d8c/Ah/4s:-230,230(-148.791548)
365:Player,BR:0cc/cc/r300f:6dTh,3c5d|/9cQcKh/8h:100,-100(100.000000)
366:BR,Player:0r130c/cr299c/cc/cc:TcJh,7c9s|/3dTsQs/Qd/Kd:529,-529(529.000000)
367:Player,BR:0cr200c/cc/r150c/r225f:3h6c,2h9h|/6dQsAs/Tc/8s:450,-450(450.000000)
368:BR,Player:0f:7cKd,2d3h|:50,-50(50.000000)
369:Player,BR:0cc/cc/cc/cc:6hQc,2h2c|/8h9dJh/As/9h:-100,100(-40.271099)
370:BR,Player:0cc/cc/cc/cr200c:2s3d,4sTh|/5d6h9s/7c/2h:300,-300(166.497712)
371:Player,BR:0cc/r130c/cc/cc:3hTd,9cQs|/2c3d7c/Ad/Ts:230,-230(-95.234993)
372:BR,Player:0r130c/cc/cr299c/cc:JsAs,7sJc|/3d8sTh/3h/Qh:529,-529(221.881485)
373:Player,BR:0cc/cc/cc/cc:3cJs,8dJc|/3h8sAc/7h/Td:-100,100(-69.895380)
374:BR,Player:0cc/cc/cc/cc:2cJh,4dAs|/5c6d9d/Td/Kc:-100,100(-85.743033)
375:Player,BR:0cc/cc/cc/r130c:8dQc,3sTh|/6hTdKd/8c/5c:-230,230(-158.860842)
376:BR,Player:0r130c/cr299f:2h3s,7hAd|/8dQdQc:-230,230(-230.000000)
377:Player,BR:0cc/cc/cc/r130c:5sAd,9dKs|/4c5d7s/3s/9h:-230,230(-147.088130)
378:BR,Player:0r200c/cr390c/cr1380f:3dKc,TsAc|/5d8sTh/2d:-690,690(-690.000000)
379:Player,BR:0cr200c/cc/cc/r150c:QsAd,3cAh|/3s5h7s/7d/Qh:450,-450(195.382363)
380:BR,Player:0r130c/cc/cc/cc:5h9s,6dKh|/2h4s8s/Qs/2c:-230,230(-230.000000)
381:Player,BR:0cc/cc/cc/cc:3cTd,9sTc|/2d3h5c/5d/5s:100,-100(91.170875)
382:BR,Player:0r200c/cc/cr150c/cc:4hAs,7cTs|/5h6hTh/Qd/Jd:-450,450(-450.000000)
383:Player,BR:0cc/cc/r130c/cc:5dQc,4cKc|/6c8s8d/9s/5h:230,-230(163.963122)
384:BR,Player:0r200c/cr390c/cr897c/cc:7cTd,7d9c|/3cTsJh/Kc/5d:1587,-1587(336.499008)
385:Player,BR:0cc/cc/cc/cc:2h7d,7hAc|/4s6sQd/Kc/8s:-100,100(8.193380)
386:BR,Player:0f:6s6c,2cTh|:50,-50(50.000000)
387:Player,BR:0cr200c/cc/cc/cc:8dKd,9hAd|/2c4dAs/Qd/9c:-300,300(-287.015047)
388:BR,Player:0cc/cr300f:8s9c,7s8h|/3s4sJh:-100,100(-100.000000)
389:Player,BR:0cc/cc/cc/cc:4dKh,4sQh|/7hJcKc/Td/7d:100,-100(3.958494)
390:BR,Player:0r130c/cr460c/cc/cc:5sJh,8hTc|/4h6cQh/Kd/Ah:690,-690(136.748822)
391:Player,BR:0cr300c/cc/r1200c/r4800f:4s6h,8dKc|/2s8cJs/Qs/2c:1600,-1600(1600.000000)
392:BR,Player:0r200c/cc/cc/cc:8sJs,7cAs|/5c6dKs/2c/6s:-300,300(-300.000000)
393:Player,BR:0cc/cc/cc/cc:4sTc,3c9d|/JdQsAd/3d/Js:-100,100(-68.245840)
394:BR,Player:0r130c/cr299c/cc/cc:3sJs,3c5c|/3h4dTc/Qh/7d:529,-529(-120.387921)
395:Player,BR:0cc/cc/cc/r130c:6d8c,7h9s|/3s4hKs/Ad/Qd:-230,230(68.031774)
396:BR,Player:0f:9hAc,3hTs|:50,-50(50.000000)
397:Player,BR:0cr130c/cc/r115c/r172c:ThAd,5c9c|/3c4d9d/4s/Tc:517,-517(-313.821406)
398:BR,Player:0r200c/cc/cc/cc:7d9s,6h9d|/4c6c7c/As/Ts:300,-300(296.454790)
399:Player,BR:0cr200c/cc/cc/cc:5sJd,5hTc|/2h2c9c/Qh/2d:300,-300(292.664600)
400:BR,Player:0r200c/cr390c/cc/cc:3sAs,5d6s|/9s9hAd/Jd/3d:690,-690(684.337842)
401:Player,BR:0cc/cc/r130c/cc:8sQd,6dKs|/2cKcAh/8d/8h:230,-230(-189.719463)
402:BR,Player:0r130c/cr299c/cc/cc:KsAh,5dJs|/4h4dAc/Qc/Qd:529,-529(529.000000)
403:Player,BR:0cr600f:8cQc,3sTc|:100,-100(100.000000)
404:BR,Player:0r200c/cr900c/cc/cc:6sAh,9sTh|/4d7cKh/3s/9h:-1200,1200(-674.159946)
405:Player,BR:0cc/cc/r130c/r115c:8cTd,9dAh|/2c3c6d/4s/2d:-345,345(-79.587140)
406:BR,Player:0r130c/cc/cc/cr299f:2c3h,5dJs|/6dJhAs/Ad/Jd:-230,230(-230.000000)
407:Player,BR:0cc/cc/cc/cc:3c5h,2cAd|/3d5d7c/Js/4c:-100,100(-77.728557)
408:BR,Player:0r130c/cr299c/cr1058c/cc:5h5c,8hKc|/3h7cKs/Td/3c:-1587,1587(734.011243)
409:Player,BR:0cr300c/cc/r200c/r120f:5dQd,JdKh|/2s3hQh/8c/5h:600,-600(600.000000)
410:BR,Player:0r130c/cr299f:2d5h,7dTh|/3c8dJd:-230,230(-230.000000)
411:Player,BR:0cc/cc/cc/r300f:2sQd,8c9s|/2cQhAs/7c/Ad:100,-100(100.000000)
412:BR,Player:0r200c/cr390c/cr2070c/cr16560c:KsAs,3c4h|/5sTcQh/6s/6h:19320,-19320(19320.000000)
413:Player,BR:0cr300c/cc/r520c/r2760c:3d5d,2d2c|/2hKsAh/4c/Js:3680,-3680(-494.130175)
414:BR,Player:0r130c/cc/cr115c/cc:2h5h,3dQd|/3h5c8s/Kh/7c:345,-345(217.710041)
415:Player,BR:0cc/cc/cc/cc:TcQh,2c9s|/2h6d6c/Th/9d:100,-100(-60.751217)
416:BR,Player:0r130c/cr299c/cc/cc:5dKc,7cTd|/8d8cKd/5s/Kh:529,-529(529.000000)
417:Player,BR:0cc/cc/r130c/r460f:5h9d,AhAd|/5dQcKh/5s/8s:230,-230(230.000000)
418:BR,Player:0r200c/cr390c/cr1380c/cr4140c:6dAd,3h8h|/2s4sTc/Td/5s:6210,-6210(1698.958117)
419:Player,BR:0cr200c/cc/r150c/cc:KsAc,4c5c|/2c5s9h/4h/Kc:-450,450(-444.282695)
420:BR,Player:0r130c/cc/cr299c/cr1058c:2s6s,6c7s|/9s9hKs/2d/Js:1587,-1587(1565.320143)
421:Player,BR:0cr300c/cc/cc/cc:4d7h,7cJh|/4s6dAh/7d/8s:400,-400(-238.988755)
422:BR,Player:0cc/cr130c/cr460c/cr1380c:4hAc,4d9s|/2c5hKd/8d/3c:2070,-2070(2070.000000)
423:Player,BR:0cr600f:7d9d,2h9c|:100,-100(100.000000)
424:BR,Player:0f:7s7h,2s6h|:50,-50(50.000000)
425:Player,BR:0cc/cc/r130c/cc:3c7c,4d8h|/4sKsKc/9c/6d:-230,230(36.032397)
426:BR,Player:0r130c/cr299c/cr1058c/cc:3h4h,7h9c|/4d6s8d/Kc/2h:1587,-1587(1449.788191)
427:Player,BR:0cr300c/cc/r520c/r2760f:KsAc,TdAd|/2h8cKc/4c/4s:920,-920(920.000000)
428:BR,Player:0r130c/cc/cr115c/cc:7sKs,QcAs|/4h5hTd/5s/6d:-345,345(-345.000000)
429:Player,BR:0cc/cc/cc/cc:3sAh,TdAd|/4s7hKs/9d/7c:-100,100(-47.804973)
430:BR,Player:0r130c/cr460c/cc/cc:3s8c,9hJs|/5s6c8s/Qd/2h:690,-690(312.634156)
431:Player,BR:0cc/cc/r200c/cc:3d5h,TsKh|/2h3s7s/4h/9c:300,-300(72.613269)
432:BR,Player:0r130c/cc/cc/cr690f:4cJd,7dKd|/5c8dKc/7c/Qd:-230,230(-230.000000)
433:Player,BR:0cc/cc/r130c/r115f:4c9h,8sKd|/2c6d7d/Qc/5c:230,-230(230.000000)
434:BR,Player:0r200c/cc/cc/cc:9dTh,6h8d|/6cJsAc/9h/9s:300,-300(300.000000)
435:Player,BR:0cc/cc/r200c/r390c:TdJc,TcJs|/5c8cKh/7c/Th:0,-0(226.101176)
436:BR,Player:0f:3cTs,2d8h|:50,-50(50.000000)
437:Player,BR:0cr300c/cc/r200c/cc:AsAd,8dQc|/8hTdTc/2d/7d:600,-600(-408.932266)
438:BR,Player:0r130c/cc/cc/cr299f:3d4s,8h9h|/2d9cAh/4d/Th:-230,230(-230.000000)
439:Player,BR:0cc/cc/cc/r130c:2s7d,4dJc|/2h4s7s/2c/5d:230,-230(13.075652)
440:BR,Player:0r200c/cr390c/cc/cr897c:JcQd,5c6c|/JdAhAc/8d/9d:1587,-1587(1073.010575)
441:Player,BR:0cc/cc/cc/r130f:5sJc,7s8h|/2h2c3s/9d/Tc:100,-100(100.000000)
442:BR,Player:0cc/cr130f:2s5h,3s4c|/7cKsAh:-100,100(-100.000000)
443:Player,BR:0cr300c/cc/cc/r200c:9hKh,5c9d|/4h4d8s/Ts/9s:600,-600(-125.864695)
444:BR,Player:0f:TdTc,2s5c|:50,-50(50.000000)
445:Player,BR:0cc/cc/cc/cc:2c8c,3s3d|/4dThKd/Ts/As:-100,100(-66.877067)
446:BR,Player:0r130c/cr299c/cc/cc:8hAc,2h2d|/5h6s9s/3c/Kc:-529,529(-290.926054)
447:Player,BR:0cr130c/r299c/cc/cc:5c7c,4dJh|/3c8sJs/Kd/7s:-529,529(-389.679869)
448:BR,Player:0r130c/cr460c/cc/cc:8hAc,3sQc|/4s7dKs/5c/7h:690,-690(-34.516521)
449:Player,BR:0cc/cc/cc/r130c:4dAs,6c9s|/3h4c9h/3c/Ks:-230,230(-134.413768)
450:BR,Player:0r130c/cc/cc/cr299c:7cAc,9dQh|/3h4c8d/Ad/Jd:529,-529(380.569119)
451:Player,BR:0cc/cc/r300c/r200c:5h9c,4cKs|/4d8dKd/Qd/Jh:-600,600(-411.523085)
452:BR,Player:0r200c/cr900c/cr3600c/cc:3d8d,JsJc|/3c7s9h/4c/As:-4800,4800(-548.458815)
453:Player,BR:0cr300c/r520c/r460c/cc:4s7s,5dAh|/9s9dQh/9c/Ad:-1380,1380(-1001.089033)
454:BR,Player:0r130c/cr299c/cc/cc:TsTd,4sTh|/3c4h8d/7h/9h:529,-529(529.000000)
455:Player,BR:0cc/cc/cc/cc:3dQh,2sTc|/5s6h9s/Ac/4d:100,-100(94.470741)
456:BR,Player:0r130c/cc/cr299c/cr3174c:4d7d,6hTc|/3h5sAd/6s/6d:3703,-3703(3700.159766)
457:Player,BR:0cc/cc/cc/r130c:7cAh,TcKc|/7dQsKh/5s/3h:-230,230(-202.699377)
458:BR,Player:0r130c/cr690f:2d7s,TcJh|/9hQsKc:-230,230(-230.000000)
459:Player,BR:0cc/cc/r130c/r299c:2c8d,3cJh|/5c6h7h/4c/4s:529,-529(68.147581)
460:BR,Player:0r130c/cc/cc/cr299f:8dTd,5hJc|/6cJsAd/4d/Qs:-230,230(-230.000000)
461:Player,BR:0cc/cc/cc/cc:4cKd,5dQh|/3cJhJd/9d/Qs:-100,100(-76.362742)
462:BR,Player:0r130c/cr299f:4c5h,2dTd|/8s9sJd:-230,230(-230.000000)
463:Player,BR:0cr300c/cc/r1200f:2hJh,8cTs|/3h7cQd/Kc:400,-400(400.000000)
464:BR,Player:0r130c/cr299c/cr687c/cc:3cJc,5s6d|/7dJsKd/Td/Jd:-1216,1216(-460.733704)
465:Player,BR:0cc/cc/r200c/r600c:4s5c,3dJh|/8sJsQs/9c/Tc:0,-0(43.319895)
466:BR,Player:0r130c/cr299f:6c8h,7sJc|/3sAhAc:-230,230(-230.000000)
467:Player,BR:0cc/cc/cc/cc:5d8s,5sTd|/9dQsKd/Ts/4h:-100,100(-21.070725)
468:BR,Player:0r130c/cr299c/cc/cr687f:8dKc,9cJs|/3s3d4d/Jh/2s:-529,529(-529.000000)
469:Player,BR:0cc/cc/cc/r130c:5c8h,ThQd|/2c8d9h/Jd/6h:-230,230(-229.176236)
470:BR,Player:0r130c/cr299c/cc/cc:4dQd,5d7c|/4sQhAd/Jc/Jh:529,-529(529.000000)
471:Player,BR:0cc/cc/cc/cc:5c7h,8d9s|/4sTsQh/Kc/Kh:-100,100(10.817429)
472:BR,Player:0r130c/cc/cr115c/cr2070c:2dKc,2sQs|/2c4cKd/5h/Qc:2415,-2415(1093.897502)
473:Player,BR:0cc/cc/r1200c/cc:7h8s,3hKd|/6h9hJs/9c/6c:-1300,1300(-1300.000000)
474:BR,Player:0cc/cr200c/cc/cc:7cAc,4s8h|/3s5sQd/6h/9d:300,-300(-38.223173)
475:Player,BR:0cc/cc/r130c/r115c:6h8c,4dTs|/6d8s8d/Tc/9c:345,-345(92.384897)
476:BR,Player:0r300c/cr520c/cc/cc:5cJs,8sKc|/6c7h7c/7s/9h:-920,920(-474.864175)
477:Player,BR:0cc/cc/cc/r130c:2cAh,7s7c|/5h8d8c/6h/2s:-230,230(-217.607318)
478:BR,Player:0r130c/cc/cr299c/cr1058c:8s9c,JhQc|/2c5d9s/7s/6s:1587,-1587(1005.891354)
479:Player,BR:0cr300c/r520c/r2760c/cc:JsJh,3hTh|/2h7hTc/6c/9d:3680,-3680(43.305064)
480:BR,Player:0r130c/cc/cr115f:2s3d,9sAc|/8hThKd/Ts:-230,230(-230.000000)
481:Player,BR:0cr300c/cc/cc/r200c:8d8c,3cQs|/QdQcAd/6h/2s:-600,600(-581.738700)
482:BR,Player:0r130c/cc/cc/cc:3d6d,3hKs|/3c4h5s/Qs/Qc:-230,230(196.218020)
483:Player,BR:0cc/cc/cc/r130c:5dJh,6d8s|/3s6s8d/Ts/Kc:-230,230(-187.761434)
484:BR,Player:0r130c/cc/cc/cr460c:5h9c,JhAs|/5cQhQc/4h/2d:690,-690(51.382224)
485:Player,BR:0cc/cc/r130f:2c3d,5s9d|/2h7hKd/7c:100,-100(100.000000)
486:BR,Player:0r200c/cc/cr390c/cc:4hQs,AdAc|/5h6h8d/Qd/9s:-690,690(117.859947)
487:Player,BR:0cc/cc/r130c/r299f:7hJd,2h8d|/6hJcQh/8c/3d:230,-230(230.000000)
488:BR,Player:0cc/cr600f:4d9c,4h9d|/6hThKc:-100,100(-100.000000)
489:Player,BR:0cr600f:8sQs,7s8h|:100,-100(100.000000)
490:BR,Player:0f:8dKd,2h5s|:50,-50(50.000000)
491:Player,BR:0cc/cc/cc/cc:5dKc,6hQs|/2s6cJd/2h/3h:-100,100(-76.662780)
492:BR,Player:0r130c/cc/cc/cc:6dQh,QcAs|/4d6s9d/Jc/3s:230,-230(230.000000)
493:Player,BR:0cr200c/cc/r150c/cc:7s9s,6hAs|/4dKhAh/8h/Ks:-450,450(-206.490944)
494:BR,Player:0r130c/cc/cr299f:5c8d,3cJd|/4c6hTs/6s:-230,230(-230.000000)
495:Player,BR:0cr600c/cc/r2100c/r8400f:8sQs,6hAs|/4d6sKd/Js/4s:2800,-2800(2800.000000)
496:BR,Player:0r200c/cc/cc/cc:2s2c,QsKh|/2h3s8d/3c/Jd:300,-300(300.000000)
497:Player,BR:0cc/cc/cc/r130c:4c5h,6h7s|/8h9cQs/Jh/7d:-230,230(-57.664937)
498:BR,Player:0r200c/cc/cc/cr600c:5h5d,6cTh|/5c6h9h/7d/6d:900,-900(658.457251)
499:Player,BR:0cc/cc/cc/r130f:5dKc,2cTs|/ThKhAs/6s/Qd:100,-100(100.000000)
500:BR,Player:0r130c/cc/cc/cr460c:2h2c,TcAc|/6d8dKc/Jh/Qc:-690,690(289.008058)
501:Player,BR:0cr200c/cc/cc/r600f:4cKc,4d6d|/6h8sJs/Tc/5c:300,-300(300.000000)
502:BR,Player:0r130c/cr690c/cc/cc:5h7s,2sKc|/3s4s6c/6d/Th:920,-920(920.000000)
503:Player,BR:0cc/cc/cc/cc:2h7s,6sQd|/4sJhQh/Qc/Ks:-100,100(-94.198722)
504:BR,Player:0r130c/cc/cr690c/cc:8cJd,7d8d|/9cQhAc/2c/Kd:920,-920(898.854742)
505:Player,BR:0cc/cc/cc/cc:5sTh,2s8s|/8dJhKs/As/8h:-100,100(-91.972896)
506:BR,Player:0cc/cr130c/cc/cr690c:6cKd,4s9d|/6s7hQs/Jh/2c:920,-920(920.000000)
507:Player,BR:0cc/cc/cc/cc:3d6h,JhKh|/9cJsKs/Ah/4h:-100,100(-98.142984)
508:BR,Player:0r130c/cr299c/cr687c/cc:JhAc,3sJc|/4d9hTc/9s/3c:-1216,1216(249.112496)
509:Player,BR:0cc/cc/cc/cc:8hKd,6dAc|/7h8s8d/Jh/Tc:100,-100(-26.784458)
510:BR,Player:0r130c/cr299c/cc/cc:5s5h,3hKc|/2h4c7c/8s/9c:529,-529(130.655881)
511:Player,BR:0cc/cc/r200c/r390f:3d4c,4h4d|/4s7cTd/Th/Tc:300,-300(300.000000)
512:BR,Player:0r200c/cc/cc/cc:6sKc,4s8s|/7d8dQs/Jh/6c:-300,300(-21.794386)
513:Player,BR:0cc/cc/cc/cc:ThKc,4s7c|/6h9cAs/2d/8d:100,-100(95.119909)
514:BR,Player:0r130c/cc/cc/cr299c:JcQh,7sAs|/2s8hQs/2c/Qc:529,-529(516.711577)
515:Player,BR:0cr300c/cc/r520f:9hAh,6dTh|/2cQsQc/Qd:400,-400(400.000000)
516:BR,Player:0r130c/cc/cc/cr299c:TsJh,JcKh|/2s4cTh/5c/Js:529,-529(529.000000)
517:Player,BR:0cr300c/cc/r200c/cc:9hJh,QdQc|/7s9sKh/4d/4h:-600,600(-565.607235)
518:BR,Player:0r200c/cr600c/cc/cr450c:3cAs,7sAh|/9sJdAc/5c/Kd:0,-0(-0.000000)
519:Player,BR:0cr200c/cc/r150c/cc:TdAc,5sTc|/7dTsAs/5d/Qd:450,-450(-381.221999)
520:BR,Player:0r200c/cr600c/cc/cr2700c:8dTh,3d5c|/6h7d7c/9d/4h:3600,-3600(3600.000000)
521:Player,BR:0cc/cc/cc/cc:2s3c,TdAc|/2dTcQh/Ad/2c:100,-100(-69.564576)
522:BR,Player:0r130c/cc/cc/cr460f:QhAd,3c5s|/6h9cTh/7c/4s:-230,230(-230.000000)
523:Player,BR:0cc/cc/r130c/cc:4d9h,4c5c|/3c5sQh/3s/2h:-230,230(-40.561461)
524:BR,Player:0r200c/cr390c/cc/cc:2c4c,5d8s|/3d6h6c/Ac/5s:690,-690(690.000000)
525:Player,BR:0cc/cc/cc/cc:3h8h,KcAc|/2d4d5c/8d/Jd:100,-100(83.658473)
526:BR,Player:0r130c/cc/cr115c/cc:8h8d,5d7h|/TdTcAh/6s/5h:345,-345(345.000000)
527:Player,BR:0cc/cc/cc/cc:4c8d,4d9s|/6sTdKc/8h/Ad:100,-100(70.625520)
528:BR,Player:0r200c/cc/cr390c/cc:9dKh,7s7d|/3sJcAs/Js/2s:-690,690(-131.429649)
529:Player,BR:0cr130c/cc/cc/cc:6cKs,TcAc|/7s9dAh/6s/5c:-230,230(-96.138768)
530:BR,Player:0f:7dJc,2c8s|:50,-50(50.000000)
531:Player,BR:0cr200c/cc/r150c/r225c:8hQs,8dKd|/4s6h7c/Ah/Qd:675,-675(274.722178)
532:BR,Player:0r130c/cc/cc/cr460f:TsKd,5c7d|/2s6h9s/5s/4c:-230,230(-230.000000)
533:Player,BR:0cr200c/cc/cc/cc:4s5s,8cAd|/9hThQc/7c/5h:300,-300(236.590085)
534:BR,Player:0cc/cc/cc/cc:7dTd,2cJd|/2d4sAh/7h/Ks:100,-100(100.000000)
535:Player,BR:0cc/cc/cc/cc:4d5s,9sJs|/2s7hKc/9d/6s:-100,100(-73.084429)
536:BR,Player:0cc/cc/cr130c/cr299c:9sJs,3sJc|/2s5sQs/4h/5d:529,-529(491.997907)
537:Player,BR:0cr300c/r520c/r2760f:8c9d,4d8d|/6dAhAd/7c:920,-920(920.000000)
538:BR,Player:0r130c/cr299c/cc/cr687c:5dJs,3hKs|/3cTsJh/6h/Kd:-1216,1216(88.539282)
539:Player,BR:0cc/cc/r200c/cc:5cTs,4sJc|/2c9sQd/7s/Kc:-300,300(-117.001208)
540:BR,Player:0r300c/cc/cr800c/cc:7hTd,6hTc|/AhAdAc/7s/As:0,-0(-0.000000)
541:Player,BR:0cr600f:KdKc,3c9s|:100,-100(100.000000)
542:BR,Player:0cc/cc/cc/cc:3h8h,6s9d|/2h9cTc/Ks/8c:-100,100(16.432117)
543:Player,BR:0cc/cc/r130c/r690c:3sQs,5h9h|/2sQhAh/3d/7h:-920,920(-902.728617)
544:BR,Player:0r130c/cr299c/cc/cr687c:7dAd,3s4s|/2d2cJs/Ts/8d:1216,-1216(101.497657)
545:Player,BR:0cc/cc/cc/r130c:4cKd,7d7c|/JsQhAc/7s/Ks:-230,230(-145.643680)
546:BR,Player:0r200f:2c7d,6dJc|:-100,100(-100.000000)
547:Player,BR:0cc/cc/cc/cc:5hKd,5dTh|/4c7d8c/Kc/2c:100,-100(96.959144)
548:BR,Player:0r130c/cc/cc/cr299f:6s8d,JcAh|/3s5sTd/9d/Ac:-230,230(-230.000000)
549:Player,BR:0cc/cc/cc/cc:3hJh,7dKs|/4s6cKc/6d/4h:-100,100(-65.534899)
550:BR,Player:0r130c/cc/cc/cc:4c5c,6sQd|/7h8dAh/Kh/7s:-230,230(-230.000000)
551:Player,BR:0cc/cc/r300c/r800c:2d6s,3hJs|/QdAsAc/Ks/8d:-1200,1200(-1200.000000)
552:BR,Player:0r200c/cc/cr150c/cc:7sQc,6hQd|/7h9cAh/2c/Tc:450,-450(364.598354)
553:Player,BR:0cc/cc/cc/cc:7cKh,6cKs|/4s5hAh/3c/Qd:100,-100(89.361773)
554:BR,Player:0cc/cr130c/cc/cc:TsKc,3d6h|/2c6d8h/Jd/5d:-230,230(-83.556841)
555:Player,BR:0cc/cc/r130f:2d5h,3c9h|/TsQcKc/As:100,-100(100.000000)
556:BR,Player:0r130c/cc/cc/cr299f:4s7h,9hTc|/5s9dQd/Qs/Jh:-230,230(-230.000000)
557:Player,BR:0cr300f:7s8d,5d8c|:100,-100(100.000000)
558:BR,Player:0r130c/cr299c/cc/cc:JsQd,7sJc|/4c6sQc/8h/Ts:529,-529(529.000000)
559:Player,BR:0cr300c/cc/r520c/r1196c:JdAd,4hAh|/6h8hQc/Js/Qh:-2116,2116(-2101.595310)
560:BR,Player:0r200c/cr390c/cr1380f:8cJd,JhJc|/4hTsTd/5s:-690,690(-690.000000)
561:Player,BR:0cr300c/cc/cc/cc:3dAd,9sKs|/7d9cJs/6c/Qh:-400,400(-272.374039)
562:BR,Player:0f:7hAd,2c6h|:50,-50(50.000000)
563:Player,BR:0cr300c/cc/r200c/r780f:8sAs,3hKd|/2h5c7s/Ah/3s:600,-600(600.000000)
564:BR,Player:0r130c/cr299c/cc/cc:6hKs,5cQh|/7h7dJs/8h/9s:529,-529(-129.526624)
565:Player,BR:0cr600f:4d5s,2s6s|:100,-100(100.000000)
566:BR,Player:0f:4hKd,2h7d|:50,-50(50.000000)
567:Player,BR:0cr200c/cc/cc/cc:5cAs,9dAh|/6h7cTd/Kh/5d:300,-300(235.189201)
568:BR,Player:0f:5d5c,3c7d|:50,-50(50.000000)
569:Player,BR:0cc/cc/cc/r130c:6hAc,4d8s|/4c7s7d/Ad/2c:230,-230(-96.745225)
570:BR,Player:0r130c/cc/cr115c/cc:4c7d,9h9c|/7cQcKc/Qd/4h:-345,345(4.432929)
571:Player,BR:0cc/cc/cc/r130c:5dQc,2c6s|/2h6dKd/Jc/5h:-230,230(-208.240451)
572:BR,Player:0r130c/cr299c/cr1058c/cr4761f:8sAc,3hAs|/3s3cAh/Ks/5s:-1587,1587(-1587.000000)
573:Player,BR:0cc/cc/cc/cc:4dAh,6sTs|/6h8c9d/Js/5h:-100,100(-19.533144)
574:BR,Player:0r130c/cc/cc/cr460c:KdAc,AsAh|/4c5h7d/3s/2d:0,-0(192.761572)
575:Player,BR:0cr300c/cc/r520c/r1196c:JdKs,4sQh|/2s6sJc/5h/Qd:-2116,2116(-1849.956039)
576:BR,Player:0cc/cc/cr130c/cc:4cAd,4s7s|/6hJdJc/6c/7c:-230,230(-92.244883)
577:Player,BR:0cc/cc/r130c/cc:7d8s,ThQd|/5c9cAd/Qs/Ac:-230,230(-205.609912)
578:BR,Player:0r130c/cc/cr299c/cr687f:5s8c,5d6c|/2c7h8h/7d/Jc:-529,529(-529.000000)
579:Player,BR:0cc/cc/cc/cc:8hKd,7dJs|/2d6h8s/Kc/9d:100,-100(59.291533)
580:BR,Player:0r200c/cr390c/cr1380f:2hQd,JdAd|/7d9hTd/9d:-690,690(-690.000000)
581:Player,BR:0cc/cc/cc/cc:9hQs,4d4c|/4s8sAs/2c/7s:100,-100(-64.467137)
582:BR,Player:0f:7hTc,2d3h|:50,-50(50.000000)
583:Player,BR:0cr130c/cc/r460c/cc:TdQs,5s8h|/8d9sKd/4h/4c:-690,690(199.404590)
584:BR,Player:0r200c/cc/cr900c/cr2400c:8s9d,4c6h|/5hThQc/8c/9h:3600,-3600(3520.028211)
585:Player,BR:0cr300c/cc/r200c/cc:5h7d,3cJs|/2c9dTc/2h/5d:600,-600(570.879153)
586:BR,Player:0cc/cr130c/cr299c/cr1587f:6s6c,3dTs|/3s3h5s/Kc/2c:-529,529(-529.000000)
587:Player,BR:0cc/cc/cc/cc:5d6s,QdAc|/2c7c8s/6h/2d:100,-100(-32.466848)
588:BR,Player:0r130c/cr299f:2c3d,7h9s|/4h4d6d:-230,230(-230.000000)
589:Player,BR:0cr200c/cc/r150c/r585f:7hKh,7d8d|/2s4dQc/Kd/2h:450,-450(450.000000)
590:BR,Player:0r130c/cr299c/cr687f:4c5d,9dAs|/2c8sAc/Jc:-529,529(-529.000000)
591:Player,BR:0cr130c/r299c/cc/r687c:JdKh,2h8c|/3d8h9c/4h/7d:-1216,1216(-1051.336082)
592:BR,Player:0r130c/cc/cc/cc:6c8c,TdKd|/9hJcAh/5c/9c:230,-230(230.000000)
593:Player,BR:0cr600f:8cJc,2dTd|:100,-100(100.000000)
594:BR,Player:0cc/cc/cr130c/cc:JdQd,3dJs|/2c6hKc/4d/2s:230,-230(68.055462)
595:Player,BR:0cc/cc/cc/cc:2h5h,7d8h|/TsThJh/2d/4d:100,-100(70.909176)
596:BR,Player:0cc/cc/cc/cr300f:2hJh,3s4d|/4c8cKs/5d/3d:-100,100(-100.000000)
597:Player,BR:0cc/cc/cc/cc:ThKc,3cKh|/3s7h9s/4h/7d:-100,100(-86.024282)
598:BR,Player:0r300f:4h5d,2hJh|:-100,100(-100.000000)
599:Player,BR:0cc/cc/cc/r130f:3sJc,3h5h|/2c7sKd/Jd/5s:100,-100(100.000000)
600:BR,Player:0r130c/cc/cr299c/cc:3d9d,4dQs|/5d8dKc/7d/As:529,-529(529.000000)
601:Player,BR:0cr300c/cc/r200c/r300c:ThAh,4sJs|/4c5c6s/Tc/Kh:900,-900(56.303976)
602:BR,Player:0f:9s9d,3d9h|:50,-50(50.000000)
603:Player,BR:0cr130c/cc/r115c/cc:QhKs,3cJs|/5s5hAd/As/Ah:0,-0(20.183106)
604:BR,Player:0r200f:2d4s,4hJc|:-100,100(-100.000000)
605:Player,BR:0cc/cc/cc/cc:2d5s,2sAc|/6h7h8s/5h/Qs:100,-100(94.128375)
606:BR,Player:0r130c/cr299f:6c7h,QcAh|/4sJcAd:-230,230(-230.000000)
607:Player,BR:0cc/cc/cc/cc:3hKd,KsAh|/7s9cTc/9s/Qs:-100,100(-26.111986)
608:BR,Player:0f:4sAc,4c9h|:50,-50(50.000000)
609:Player,BR:0cc/cc/r300c/r1200f:5sAd,7sKh|/4s8cQd/As/5h:400,-400(400.000000)
610:BR,Player:0r130c/cr460c/cr897f:6hQc,4sQh|/7hTcKh/5c:-690,690(-690.000000)
611:Player,BR:0cc/cc/cc/r130c:2d9h,5cJh|/5s9cTh/Qd/Qc:230,-230(45.736279)
612:BR,Player:0r130c/cc/cr299c/cc:7d8h,4dJc|/6cJdAc/9d/3h:-529,529(-370.154632)
613:Player,BR:0cr300f:8cKc,2d9h|:100,-100(100.000000)
614:BR,Player:0r130c/cr299c/cc/cc:3s5d,TdJs|/2h9hAc/3h/4d:529,-529(529.000000)
615:Player,BR:0cc/cc/cc/cc:2c7h,3h8c|/3d5h9c/Kd/Qd:-100,100(-4.330452)
616:BR,Player:0r130c/cr299c/cr3174c/cc:3hAs,2hJd|/5hTdKs/8d/Jc:-3703,3703(-3703.000000)
617:Player,BR:0cc/cc/r200c/r150c:JsKh,8dQc|/6h9dTd/7s/4s:-450,450(-450.000000)
618:BR,Player:0cc/cr200c/cc/cc:5s6d,5c8s|/3dTdAd/Qc/3c:0,-0(-109.536438)
619:Player,BR:0cc/cc/cc/cc:2dJh,8sAs|/2s9hTs/4d/7c:100,-100(5.538182)
620:BR,Player:0r130c/cc/cr299f:4d5h,3cJd|/2s7dTs/Tc:-230,230(-230.000000)
621:Player,BR:0cr300c/cc/cc/cc:5d7s,7c8h|/9cJdKh/Qd/7h:0,-0(31.397064)
622:BR,Player:0r130c/cr299c/cc/cc:6c8h,QsKd|/JsJdJc/9d/5h:-529,529(-356.278726)
623:Player,BR:0cr200c/cc/cc/cc:3s3c,5h7s|/7dQhKh/4h/6h:-300,300(-159.234159)
624:BR,Player:0r200c/cr600c/cr1170c/cr4140f:JsJh,4d9d|/7hTdJd/Qc/8c:-2070,2070(-2070.000000)
625:Player,BR:0cc/r200c/r390f:4sKs,2cKc|/5s6d7s/3d:300,-300(300.000000)
626:BR,Player:0r130c/cc/cc/cr299f:6s7s,6d8c|/8dTcQh/Ts/3s:-230,230(-230.000000)
627:Player,BR:0cc/cc/cc/cc:3dJc,7cAh|/4s4cQc/5h/Ac:-100,100(-88.156351)
628:BR,Player:0r130c/cc/cc/cc:4c6c,4d5c|/5hJhQd/7d/8c:230,-230(230.000000)
629:Player,BR:0cc/cc/cc/r130c:2s7s,9cJh|/6dJdJc/Td/As:-230,230(-217.367213)
630:BR,Player:0r200c/cc/cc/cc:8d9s,8cAd|/4h5sQs/Ts/4s:300,-300(300.000000)
631:Player,BR:0cc/cc/r130c/cc:2cTh,5cKh|/2sAdAc/6s/3h:230,-230(186.372736)
632:BR,Player:0cc/cc/cr200f:6cAh,8hQc|/2d5sJh/Qd:-100,100(-100.000000)
633:Player,BR:0cc/cc/cc/cc:6s8c,3c8d|/TsTcQc/5c/Jh:0,-0(65.510321)
634:BR,Player:0r130c/cc/cr115f:3d6d,5sKs|/5h8sQd/5c:-230,230(-230.000000)
635:Player,BR:0cc/cc/cc/cc:4dAs,2dJd|/5h7hTs/2s/7d:-100,100(-76.263371)
636:BR,Player:0r130c/cc/cc/cr690f:TsKs,5h7d|/5d8hTh/Jh/7c:-230,230(-230.000000)
637:Player,BR:0cc/cc/cc/r130c:6c7h,5hTc|/JsQhQc/8c/Ad:-230,230(70.481958)
638:BR,Player:0r130c/cr299f:3d9c,6cAc|/7dAsAh:-230,230(-230.000000)
639:Player,BR:0cr300f:7d8d,3d4c|:100,-100(100.000000)
640:BR,Player:0r200c/cc/cc/cr390f:9sQs,7c8c|/7dTsAh/Tc/8s:-300,300(-300.000000)
641:Player,BR:0cc/cc/cc/cc:3d4s,3c9c|/9dJhQh/6c/6h:-100,100(-74.481157)
642:BR,Player:0r200c/cc/cr150f:8sJc,8h8d|/3s4d9h/6d:-300,300(-300.000000)
643:Player,BR:0cr600c/cc/r910c/r2093c:QhQc,8cTh|/7sTcQd/9c/7h:3703,-3703(342.378221)
644:BR,Player:0cc/cc/cr130c/cr1380f:5sKs,4s8h|/6c8s8c/5c/2s:-230,230(-230.000000)
645:Player,BR:0cc/cc/cc/cc:5hTc,3s7h|/9d9cJd/6d/Js:100,-100(74.658298)
646:BR,Player:0r300c/cr520c/cr1196c/cr2750f:7s9s,2sJs|/TcKsAs/8s/5h:-2116,2116(-2116.000000)
647:Player,BR:0cc/cc/cc/cc:2sAd,3dTc|/4cKsKd/5s/Qh:100,-100(46.555557)
648:BR,Player:0r300c/cc/cr200c/cc:QhKd,9dAd|/3h6cJc/5c/3d:-600,600(-293.200275)
649:Player,BR:0cr600f:JhKd,3dTc|:100,-100(100.000000)
650:BR,Player:0f:4s6d,3s9h|:50,-50(50.000000)
651:Player,BR:0cr200c/cc/r150f:7s7c,3d8h|/JdJcAh/7h:300,-300(300.000000)
652:BR,Player:0r200c/cc/cr600c/cr1170f:5dTh,8dKs|/2s9dKd/Ts/6c:-900,900(-900.000000)
653:Player,BR:0cr300c/r1200c/r320c/cc:6s6c,QdAc|/6hTdJs/Qc/9s:1920,-1920(1920.000000)
654:BR,Player:0r130c/cc/cr115f:5h6h,9dKh|/7c9sJc/Kc:-230,230(-230.000000)
655:Player,BR:0cr200c/cc/cc/r150f:7c8c,3sAs|/6c8dKs/Tc/Ts:300,-300(300.000000)
656:BR,Player:0r130c/cc/cc/cr299f:6s9h,5dAc|/8dTsAd/4c/Ks:-230,230(-230.000000)
657:Player,BR:0cc/cc/r130c/cc:2hQd,4h6s|/9hTcJh/6h/Th:-230,230(-174.775077)
658:BR,Player:0r130c/cc/cc/cr299f:QsKc,8dKd|/6c8h9h/Js/2c:-230,230(-230.000000)
659:Player,BR:0cc/cc/cc/cc:TcKh,2d5c|/3h9cJh/4c/9d:100,-100(99.156335)
660:BR,Player:0r130c/cr460c/cr1380c/cc:2hJc,3cKs|/8sTsJh/Ac/Jd:2070,-2070(2070.000000)
661:Player,BR:0cr600c/cc/cc/cc:3s3h,8sTs|/2d5hKh/2h/Ah:700,-700(700.000000)
662:BR,Player:0f:5hJc,4d9h|:50,-50(50.000000)
663:Player,BR:0cc/cc/r300c/cc:2dTs,QsAc|/6s9sAs/8d/Qc:-400,400(-386.935508)
664:BR,Player:0r130c/cc/cr115f:2h7s,QhAs|/3c9s9c/Kh:-230,230(-230.000000)
665:Player,BR:0cc/cc/r130c/r299c:4cJd,9sAh|/4h8s8d/2c/Ac:-529,529(-483.165922)
666:BR,Player:0f:2c3d,2d6s|:50,-50(50.000000)
667:Player,BR:0cr200c/cc/r390c/r897c:7dAc,2cAh|/4d6cAd/5s/Qs:1587,-1587(81.961553)
668:BR,Player:0r200c/cr390c/cr1380c/cc:JdAc,TdAh|/8hKdAd/4d/7s:2070,-2070(-425.166496)
669:Player,BR:0cc/cc/r130c/cc:2s5h,9cAd|/3d4h4d/3h/3s:0,-0(3.399123)
670:BR,Player:0r300f:2s8c,5cTd|:-100,100(-100.000000)
671:Player,BR:0cr300c/cc/cc/r200c:7h9c,3sTh|/2d9dTc/Jc/Jh:-600,600(-518.741308)
672:BR,Player:0r130c/cc/cc/cc:2hQd,8d9d|/5h8sKd/Ts/Jd:-230,230(-230.000000)
673:Player,BR:0cc/cc/cc/cc:4sTh,2h6h|/5s5cJc/Kh/7d:100,-100(100.000000)
674:BR,Player:0r200c/cr390f:7s8c,9hJh|/9dQhKh:-300,300(-300.000000)
675:Player,BR:0cr300f:TdTc,4d7c|:100,-100(100.000000)
676:BR,Player:0r130c/cr299c/cr1058c/cr4761c:KsAh,8dTs|/3s6sKc/2s/6d:6348,-6348(500.609398)
677:Player,BR:0cr200c/cc/r150c/r225f:JdAs,8cTd|/JcQcKd/2c/4s:450,-450(450.000000)
678:BR,Player:0r200c/cr390c/cc/cr1380c:7h8s,9cKh|/4c6dQc/Ah/7d:2070,-2070(1186.271597)
679:Player,BR:0cr300c/cc/cc/cc:4d6s,5dJh|/8sKsAd/Tc/6h:400,-400(396.008382)
680:BR,Player:0cc/cr130c/cc/cc:5dJc,4d9c|/2c9dAc/7s/Ts:-230,230(-117.391091)
681:Player,BR:0cr300c/cc/r200c/r120f:JhAd,5h9s|/6d7cQd/Qh/6s:600,-600(600.000000)
682:BR,Player:0r130c/cc/cr460c/cr1380c:5dKs,7dJs|/4s8c9c/5h/Qs:2070,-2070(-192.427521)
683:Player,BR:0cr130c/cc/r115f:6hKc,4s6c|/5cJdAs/5d:230,-230(230.000000)
684:BR,Player:0r130c/cr690c/cr1196f:9dTh,9sKc|/3s7dJd/Ah:-920,920(-920.000000)
685:Player,BR:0cc/cc/r130c/r115c:3c5h,6sQs|/2c4d7c/Kh/Ac:345,-345(229.218382)
686:BR,Player:0cc/cr130c/cc/cr460f:4hQh,3dQc|/6c7hAd/3c/3s:-230,230(-230.000000)
687:Player,BR:0cc/cc/cc/cc:3d4h,JcKs|/7s7cQs/4s/Th:100,-100(4.513069)
688:BR,Player:0r200c/cr390c/cr1380c/cr2691f:6dJd,8cJs|/3h5c6c/3d/2s:-2070,2070(-2070.000000)
689:Player,BR:0cc/cc/cc/cc:2s8h,3c5d|/6cKdAc/Kc/9c:-100,100(-57.698655)
690:BR,Player:0r130c/cc/cc/cc:JsAc,9s9c|/4sJcAh/Tc/2d:230,-230(230.000000)
691:Player,BR:0cr300c/r520c/cc/cc:2h9d,6dQh|/8dTcKc/5h/3s:-920,920(412.549346)
692:BR,Player:0cc/cc/cc/cr200c:9dQd,QsQh|/6hTdAc/3h/Kh:-300,300(-56.799841)
693:Player,BR:0cr300c/r520c/r1840c/r1380f:KsAs,JcKh|/4cQcAh/8h/5s:2760,-2760(2760.000000)
694:BR,Player:0r130c/cr299c/cr687f:8dTs,TdQd|/4s9sQs/9c:-529,529(-529.000000)
695:Player,BR:0cc/cc/cc/cc:2cKs,ThQd|/4d9dJh/Jc/5c:100,-100(27.566867)
696:BR,Player:0r200c/cr390c/cr897c/cr3174f:9sQc,8s8c|/6d6c8d/6s/Kh:-1587,1587(-1587.000000)
697:Player,BR:0cc/r130c/cc/cc:2d9h,7hTs|/2h2cAd/6d/7d:230,-230(-21.161516)
698:BR,Player:0r130c/cc/cc/cr115c:7hAd,JdKc|/3s4d9h/2c/4c:345,-345(345.000000)
699:Player,BR:0cc/cc/cc/cc:2h8s,6s7h|/7s7cTc/4c/2d:-100,100(-89.665276)
700:BR,Player:0r130c/cc/cc/cc:4cJd,5h7c|/3h7dAs/Kh/Qc:-230,230(-222.160879)
701:Player,BR:0cr300c/cc/cc/cc:JdAh,JsQc|/5s8h9c/3d/6s:400,-400(400.000000)
702:BR,Player:0r130c/cc/cr299f:6c9d,4sQd|/2d8cQc/As:-230,230(-230.000000)
703:Player,BR:0cc/cc/cc/r130c:7d8s,3c5d|/6c8dKh/Th/3d:230,-230(78.059270)
704:BR,Player:0r130c/cc/cr690f:7d8h,5sQc|/6dJcQd/4s:-230,230(-230.000000)
705:Player,BR:0cr200c/cc/cc/r150f:4c8h,3c8s|/4s5dQd/9c/5c:300,-300(300.000000)
706:BR,Player:0r130c/cr299c/cr687c/cc:8hTd,9hJh|/3h6hQc/9d/4d:-1216,1216(-1117.251971)
707:Player,BR:0cr300f:JsJh,3h5c|:100,-100(100.000000)
708:BR,Player:0r130c/cr299c/cr1058c/cr2063c:9sKd,5s5d|/4hKsKc/5h/9c:3650,-3650(3567.055719)
709:Player,BR:0cr300f:5hAh,2s4s|:100,-100(100.000000)
710:BR,Player:0f:4d5c,2c3d|:50,-50(50.000000)
711:Player,BR:0cr300c/cc/cc/cc:TcAc,2c9c|/7hThQd/5h/Ah:400,-400(400.000000)
712:BR,Player:0r130c/cr299c/cr687c/cr2432c:2hKc,3s8s|/2s5h9h/Ad/2d:3648,-3648(3526.792164)
713:Player,BR:0cr130c/cc/r115c/cc:4cQc,4hKs|/7h8sAs/Jd/3c:-345,345(119.136494)
714:BR,Player:0f:7sTh,3s7c|:50,-50(50.000000)
715:Player,BR:0cc/cc/cc/r130f:4hJd,8hJh|/2h6h7s/Tc/4d:100,-100(100.000000)
716:BR,Player:0r200c/cr390c/cc/cc:2cKs,8hQd|/4d5cJd/Ad/Jh:690,-690(275.277569)
717:Player,BR:0cc/cc/cc/cc:2cAc,5s6h|/4d9sKd/6s/2s:-100,100(-70.433246)
718:BR,Player:0r130c/cc/cr115c/cr1035c:5sAc,8dTs|/4s4hJd/5h/Ad:1380,-1380(1377.114629)
719:Player,BR:0cr300f:7h8s,2h4s|:100,-100(100.000000)
720:BR,Player:0f:8s9d,2c3h|:50,-50(50.000000)
721:Player,BR:0cr200c/r390c/r138c/r414c:KhKd,QdQc|/3c7cTs/Ad/2s:1242,-1242(-187.812287)
722:BR,Player:0cc/cc/cc/cc:7cKh,3cAs|/6h9dTd/4c/4s:-100,100(-64.116662)
723:Player,BR:0cr130c/cc/cc/r115c:QdKh,JhQc|/7dKcAd/7s/Tc:-345,345(-332.645651)
724:BR,Player:0r130c/cr299c/cc/cc:4sAh,2cKs|/2d3h9h/8c/5h:529,-529(529.000000)
725:Player,BR:0cr200c/r390c/r897f:TdTc,5dJs|/8hThAs/2c:690,-690(690.000000)
726:BR,Player:0r130c/cr299c/cc/cc:JdAs,3h5c|/3cThTc/Ks/7d:-529,529(28.424837)
727:Player,BR:0cc/cc/cc/r130c:4d7c,6sTh|/2h5sTd/Kc/Js:-230,230(-43.822159)
728:BR,Player:0r130c/cc/cc/cr299c:2s8h,5h8d|/2cQdAh/2h/Ad:529,-529(512.412402)
729:Player,BR:0cc/cc/r200c/r390f:7cQc,2s2h|/6cTcKs/9c/4h:300,-300(300.000000)
730:BR,Player:0r130c/cc/cc/cc:5d5c,ThQs|/2c7dKd/Kh/Ks:230,-230(230.000000)
731:Player,BR:0cr300c/cc/cc/cc:9hAs,6sJd|/2h8sQs/4h/8h:400,-400(400.000000)
732:BR,Player:0r130c/cc/cc/cr460f:4dKd,3sAh|/QhQcKc/8h/As:-230,230(-230.000000)
733:Player,BR:0cr300c/cc/cc/cc:4c5c,7cQd|/6dTsAd/5d/Jc:400,-400(380.997163)
734:BR,Player:0r200c/cr390c/cr2070c/cc:5cAc,3sTs|/4d6s9s/8d/Kc:2760,-2760(1840.007437)
735:Player,BR:0cc/cc/r200c/r150c:7hQh,4dAs|/4h7cAd/3s/4s:-450,450(-450.000000)
736:BR,Player:0r130c/cr460f:3hJd,3d7d|/2d6c8h:-230,230(-230.000000)
737:Player,BR:0cc/cc/r130c/cc:9hKs,3cAd|/TsTdTc/4c/5h:-230,230(-14.966670)
738:BR,Player:0r130c/cr299c/cr687f:6sJc,JdAd|/4dQsAs/Ah:-529,529(-529.000000)
739:Player,BR:0cr130c/cc/cc/r115c:9sJs,TdJc|/2c4d8h/6s/6d:-345,345(176.806664)
740:BR,Player:0r200c/cc/cr600c/cc:6s9h,7sJs|/6d9s9d/As/Qh:900,-900(900.000000)
741:Player,BR:0cr300c/cc/cc/cc:9sAs,7dAd|/3c4d5s/2c/3d:0,-0(-158.828077)
742:BR,Player:0r130c/cc/cr115f:3sJs,TsJd|/5d6cKs/5c:-230,230(-230.000000)
743:Player,BR:0cc/cc/cc/r300c:4dTh,TsJs|/4c9cJd/7h/8c:0,-0(-181.961431)
744:BR,Player:0f:3hTd,3c9d|:50,-50(50.000000)
745:Player,BR:0cr300c/cc/cc/cc:7hKs,KdAh|/3d4h9s/Ts/9d:-400,400(-283.063162)
746:BR,Player:0r130c/cc/cc/cr299c:TdJh,9h9d|/6cThAd/Ks/Kh:529,-529(239.078210)
747:Player,BR:0cr300c/cc/r800c/r600c:TsJh,QhAh|/4d8c9h/Qd/6s:1800,-1800(-463.275676)
748:BR,Player:0r130c/cc/cr115c/cc:7dAd,6sQs|/4h5sKh/9h/2c:345,-345(-57.060631)
749:Player,BR:0cc/cc/cc/cc:6dJs,3s9d|/6h7dAc/5h/9c:-100,100(-72.754803)
750:BR,Player:0r130c/cr299c/cc/cc:3dTd,6h9h|/4dKcAs/Ac/7c:529,-529(3.412422)
751:Player,BR:0cc/cc/cc/r130c:5h8s,2d9s|/2hQhKs/5d/4d:230,-230(67.359912)
752:BR,Player:0f:6dKs,2s3c|:50,-50(50.000000)
753:Player,BR:0cr200c/cc/cc/cc:8cAs,JhJc|/2d3hQc/9h/6s:-300,300(-277.401809)
754:BR,Player:0f:3dTs,3c7h|:50,-50(50.000000)
755:Player,BR:0cc/cc/cc/r130c:3h6s,KdAs|/3d5dAh/Qc/5c:-230,230(-200.338705)
756:BR,Player:0r130c/cc/cc/cc:5h6h,4cQd|/3c7hKh/4h/2h:230,-230(230.000000)
757:Player,BR:0cc/cc/cc/cc:4hKd,7dJd|/4c6cJc/5s/3h:-100,100(-92.514771)
758:BR,Player:0r200c/cc/cc/cr390c:9hJh,ThKd|/6d9sQs/6s/As:690,-690(155.522329)
759:Player,BR:0cc/cc/cc/cc:8hQc,3d4d|/4cTsTd/2h/As:-100,100(-82.939656)
760:BR,Player:0r200c/cr600f:3h9d,8h8d|/4d8cAc:-300,300(-300.000000)
761:Player,BR:0cc/cc/r130c/cc:3d5h,4h6c|/2c6dAh/Js/5d:-230,230(-190.776669)
762:BR,Player:0r130c/cc/cc/cr299f:8cTd,3d9d|/2s2cJs/7d/4c:-230,230(-230.000000)
763:Player,BR:0cc/cc/cc/r130f:5sTc,4c6c|/2s2dJs/5d/Jd:100,-100(100.000000)
764:BR,Player:0r300c/cr520c/cr1196c/cc:TcQh,9dAd|/2s5s6s/Th/8h:2116,-2116(2116.000000)
765:Player,BR:0cc/cc/cc/cc:3c8d,7s8s|/6s6d7d/6h/Td:-100,100(-64.473374)
766:BR,Player:0r130c/cc/cc/cr115c:AsAc,4dQd|/4c6h9s/7h/3h:345,-345(345.000000)
767:Player,BR:0cr200c/cc/r390c/r345f:6dQd,9hKc|/9cTsTc/7d/8c:690,-690(690.000000)
768:BR,Player:0f:JhQs,2h4c|:50,-50(50.000000)
769:Player,BR:0cc/cc/cc/cc:8hAs,6h8c|/2h9hTc/6c/9d:-100,100(-87.756163)
770:BR,Player:0r130c/cc/cc/cr460c:4d8c,9dKc|/7s7hKs/6c/Jd:-690,690(-184.325604)
771:Player,BR:0cc/cc/r130c/cc:4s7h,3dJc|/3h6c7s/Qs/Th:230,-230(-18.180974)
772:BR,Player:0r200c/cr390f:3h4d,9h9c|/2s7cTs:-300,300(-300.000000)
773:Player,BR:0cc/cc/cc/r300c:2h9d,4cTs|/5s6sQh/Jd/Qc:-400,400(-67.972196)
774:BR,Player:0r200c/cc/cc/cc:2sQd,7cQs|/5s7hJh/Tc/Ks:-300,300(-300.000000)
775:Player,BR:0cr130c/cc/r299f:6hKs,2d8c|/2h4dTc/Kh:230,-230(230.000000)
776:BR,Player:0f:5sQh,2h3c|:50,-50(50.000000)
777:Player,BR:0cc/cc/cc/cc:3s8c,4s7d|/8hQcKd/6c/Jd:100,-100(77.249375)
778:BR,Player:0r200c/cr390c/cc/cr897f:4h6s,TdQc|/7d8hJh/5s/9s:-690,690(-690.000000)
779:Player,BR:0cc/cc/r130c/r299c:4hQh,JhQs|/2h6dJc/5d/Qd:-529,529(-526.285086)
780:BR,Player:0r130c/cc/cc/cc:4h6s,9cAs|/8cQhKc/5h/Qc:-230,230(-230.000000)
781:Player,BR:0cr300c/r520c/cc/cc:6sQs,6cJs|/2s2d5d/Kc/Kh:920,-920(375.700305)
782:BR,Player:0r130c/cc/cr460c/cc:2cAs,6hTs|/2s8dQd/Jc/7h:690,-690(444.245477)
783:Player,BR:0cr130c/cc/cc/cc:JsAs,2s5s|/4sJcQh/6c/3c:-230,230(-204.585250)
784:BR,Player:0r200c/cc/cc/cr390c:8s9s,4cTs|/4d8hAd/2s/4s:-690,690(-202.210445)
785:Player,BR:0cc/cc/cc/cc:2hAd,3cTh|/2d7sJs/Kh/4d:100,-100(76.199747)
786:BR,Player:0r130c/cr299c/cc/cr687f:9hQh,6d8s|/4s5h8h/6h/8d:-529,529(-529.000000)
787:Player,BR:0cr600f:KcAh,3d7c|:100,-100(100.000000)
788:BR,Player:0r130c/cr460c/cc/cr897c:8hJc,QsAc|/3s8cQh/Kh/9d:-1587,1587(140.953503)
789:Player,BR:0cc/cc/cc/cc:3sQc,3cQs|/2h5s9s/5c/5h:0,-0(18.115841)
790:BR,Player:0r130c/cc/cc/cr460c:3d7s,QsQc|/3s3cAh/6s/2d:690,-690(668.932402)
791:Player,BR:0cc/cc/cc/cc:3cAd,TsQh|/3sJdQs/9h/Jh:-100,100(-92.993074)
792:BR,Player:0r130c/cc/cc/cc:5sTs,6hJh|/TcJcKs/3c/Qs:-230,230(-98.653890)
793:Player,BR:0cr200f:9sQs,2c6s|:100,-100(100.000000)
794:BR,Player:0f:7cJd,3h8s|:50,-50(50.000000)
795:Player,BR:0cr600c/cc/r2100c/r1400f:4hKh,5hJh|/KsKcAh/9h/Td:2800,-2800(2800.000000)
796:BR,Player:0r200c/cr1800c/cc/cc:7hAs,4h9h|/7d7cKd/2s/Kh:2100,-2100(2100.000000)
797:Player,BR:0cc/cc/cc/cc:2h6s,9hTd|/6c8sKc/9c/2c:100,-100(-19.638863)
798:BR,Player:0r130c/cc/cc/cr299f:4c8d,7c8c|/2dTdQs/6c/Qc:-230,230(-230.000000)
799:Player,BR:0cc/cc/r130c/r115f:6cJs,3dAd|/3cJhKc/9c/9d:230,-230(230.000000)
800:BR,Player:0r130c/cr299c/cc/cc:3h7s,4cTs|/7cJdJc/Js/9h:529,-529(529.000000)
801:Player,BR:0cr200c/r390f:TsJh,4hJd|/6s8cQc:300,-300(300.000000)
802:BR,Player:0cc/cr200c/cc/cr600f:QhAh,4c5s|/3c4d6s/7s/4s:-300,300(-300.000000)
803:Player,BR:0cc/cc/cc/r130f:4d9s,4hAs|/7c9dKs/Qh/7h:100,-100(100.000000)
804:BR,Player:0r130c/cr299c/cr1058c/cc:7dQd,4cQh|/3c6sKh/Ad/Qs:1587,-1587(1587.000000)
805:Player,BR:0cc/cc/cc/r130c:3hQh,2sJc|/2d8sAc/Jh/Qc:-230,230(-206.867964)
806:BR,Player:0cc/cc/cc/cc:3hTh,8cJd|/7hTcQd/Ad/2d:100,-100(100.000000)
807:Player,BR:0cc/cc/cc/r200f:QhKc,4s9h|/8hJdQs/Ac/5h:100,-100(100.000000)
808:BR,Player:0r130c/cc/cr115c/cc:2c3d,5h6c|/3c9dTd/Ac/6s:-345,345(-219.566338)
809:Player,BR:0cc/cc/cc/cc:6sAd,5cJc|/3c4hKh/8s/Qc:100,-100(60.709059)
810:BR,Player:0r130c/cc/cc/cc:KcAs,3cAc|/4h8dKd/6h/Jc:230,-230(230.000000)
811:Player,BR:0cr300c/r520c/cc/cc:9sAd,6hKd|/TcJhQc/9c/2c:-920,920(-413.550207)
812:BR,Player:0r130c/cc/cr460f:3sJd,JhAh|/7c9sJc/7h:-230,230(-230.000000)
813:Player,BR:0cc/cc/cc/r130f:7hAd,4cJs|/5dQsQc/9h/As:100,-100(100.000000)
814:BR,Player:0r130c/cc/cc/cc:3s6c,4sKd|/6h8cQd/Qh/9h:230,-230(171.110318)
815:Player,BR:0cc/cc/cc/cc:4sQd,3h4c|/7cTdQs/Jd/8c:100,-100(91.621035)
816:BR,Player:0r130c/cc/cc/cc:7sJd,7cKc|/9h9dJs/Jh/5d:230,-230(230.000000)
817:Player,BR:0cc/cc/cc/cc:2hTc,5s5d|/6c7sKh/6s/7d:0,-0(13.271010)
818:BR,Player:0f:3h9d,3c7d|:50,-50(50.000000)
819:Player,BR:0cr300c/r520c/cc/cc:KdAc,9hJd|/3h4sQs/8s/8d:920,-920(117.389219)
820:BR,Player:0r200c/cc/cr150c/cc:5d7c,6s7d|/4h6cAh/3h/3c:450,-450(450.000000)
821:Player,BR:0cr200c/r390c/r897f:4hAh,4sKs|/2d7h9c/3s:690,-690(690.000000)
822:BR,Player:0r130c/cc/cc/cr299f:6cAd,QsKd|/3c4cKc/4s/Ks:-230,230(-230.000000)
823:Player,BR:0cc/cc/cc/cc:6cJc,7h7c|/3h3cJh/Ac/9c:100,-100(-52.520324)
824:BR,Player:0r200c/cr390c/cc/cc:8hAd,4sQh|/5hJsQs/8d/Th:-690,690(-166.287701)
825:Player,BR:0cc/cc/cc/cc:6sQd,4dAc|/2d8dJc/Ah/9c:-100,100(-84.877128)
826:BR,Player:0r200c/cr390c/cr897f:4d4c,TcKd|/2s7dKc/5d:-690,690(-690.000000)
827:Player,BR:0cc/cc/cc/cc:6c9s,8hQs|/3h7hJh/Td/4h:-100,100(-79.708844)
828:BR,Player:0cc/cc/cr200c/cc:3c5s,8sTc|/4h6hQc/2c/Td:300,-300(300.000000)
829:Player,BR:0cc/cc/cc/cc:7c9h,QsKh|/2cQdQc/Ac/Jh:-100,100(-93.390007)
830:BR,Player:0r130c/cr299c/cc/cc:9dTd,8hJs|/2d6h6d/As/Jh:-529,529(-190.879470)
831:Player,BR:0cc/cc/cc/r130c:5h8s,4dAc|/2cJcQh/7h/Td:-230,230(48.990294)
832:BR,Player:0r300c/cr520c/cr2760f:2dQd,2s7s|/3d5dJs/Tc:-920,920(-920.000000)
833:Player,BR:0cr200c/cc/r150c/r585c:5sAh,4c7h|/2s9sAs/9h/7d:1035,-1035(230.689356)
834:BR,Player:0r130c/cc/cr460c/cr897f:6d8h,4cTc|/2sThAc/8c/7c:-690,690(-690.000000)
835:Player,BR:0cc/cc/cc/cc:6h8s,6dKd|/2h3s6s/5s/Ts:100,-100(0.449034)
836:BR,Player:0r130c/cc/cc/cr299c:TcJc,8h9s|/2hTsQd/9c/Td:529,-529(491.510387)
837:Player,BR:0cr600f:4s5s,5h6d|:100,-100(100.000000)
838:BR,Player:0r130c/cc/cr460f:4d4c,3dAs|/2h9sQs/Ac:-230,230(-230.000000)
839:Player,BR:0cr300c/cc/cc/cc:JdAh,9dTd|/3d4s8h/2d/Tc:-400,400(-344.789877)
840:BR,Player:0r130c/cc/cc/cr460c:9sKd,3h7h|/2d6h8h/Qd/Qc:690,-690(690.000000)
841:Player,BR:0cc/cc/r130c/r299c:4cQd,8sKd|/2hTcQc/Js/5c:529,-529(-52.961013)
842:BR,Player:0f:5dJh,2d6c|:50,-50(50.000000)
843:Player,BR:0cr300c/r520c/cc/r1840c:2sAs,7d8h|/4h7cQd/5h/9d:-2760,2760(-264.514308)
844:BR,Player:0r130c/cr299c/cr1058c/cc:QcKd,8hKh|/2cQsKc/3s/6c:1587,-1587(1587.000000)
845:Player,BR:0cr130c/cc/r115c/cc:3dQd,2s6d|/3h6hJs/8h/Kc:-345,345(106.039765)
846:BR,Player:0cc/cc/cr130f:5d7s,4d8s|/2cTcAh/4h:-100,100(-100.000000)
847:Player,BR:0cc/cc/r200c/r600c:4hTs,8hQd|/4s4d8c/7s/Js:900,-900(152.468486)
848:BR,Player:0cc/cc/cc/cr130f:2h8h,5s6c|/9cJcQc/Tc/3s:-100,100(-100.000000)
849:Player,BR:0cr130c/cc/r115c/cc:4h6h,5h8s|/5dTcJc/6d/9c:345,-345(284.457948)
850:BR,Player:0r200c/cr390c/cc/cc:4cQd,6c7s|/5s5h9d/Th/9c:690,-690(-185.528522)
851:Player,BR:0cc/cc/cc/r130f:4cAh,6d9h|/3c5hTd/6s/2h:100,-100(100.000000)
852:BR,Player:0r200c/cr600f:9dTs,8cTc|/3dQcAs:-300,300(-300.000000)
853:Player,BR:0cc/cc/cc/cc:2hJs,2dQc|/6cJdAd/5c/8s:100,-100(59.895015)
854:BR,Player:0r200c/cr600c/cr1800c/cr3510f:8sJd,5c6d|/3s7d8h/Ks/9d:-2700,2700(-2700.000000)
855:Player,BR:0cr600c/cc/r350c/r1365c:2dTd,5dKd|/3c4h9c/6c/4c:-2415,2415(-204.485551)
856:BR,Player:0r130c/cr690f:3s9c,6cAc|/5d7cQc:-230,230(-230.000000)
857:Player,BR:0cc/cc/r130c/r115c:7sKh,8dAs|/3s4h6c/2s/3d:-345,345(-67.940140)
858:BR,Player:0r130c/cr299c/cc/cr687c:AhAc,6h9h|/4c7dQh/Ad/9d:1216,-1216(1170.583794)
859:Player,BR:0cc/cc/cc/r130c:6h7d,3c9d|/2dKhAs/9c/4c:-230,230(-2.756791)
860:BR,Player:0f:3c4c,3dTs|:50,-50(50.000000)
861:Player,BR:0cr300f:3s3c,5d8h|:100,-100(100.000000)
862:BR,Player:0r130c/cr299f:4c7c,5s7s|/6hJdQh:-230,230(-230.000000)
863:Player,BR:0cr300c/cc/cc/cc:JdQh,5hAh|/3h4dJh/3c/Js:400,-400(-231.709238)
864:BR,Player:0cc/cr130c/cr299c/cr3174f:9sAh,8c9d|/5d7hKd/6s/As:-529,529(-529.000000)
865:Player,BR:0cr300c/cc/cc/cc:5s5h,2dKh|/6h6dQh/7s/Ad:400,-400(125.870786)
866:BR,Player:0r130c/cc/cc/cr299c:3cAh,9sQc|/2c3h5h/Ad/Qs:529,-529(475.978614)
867:Player,BR:0cc/cc/cc/r130c:2dJc,8dKc|/5d7h8h/As/4d:-230,230(-183.973857)
868:BR,Player:0r130c/cr460c/cr897c/cr2063f:5d8c,2dJs|/3d8sJd/Jh/4d:-1587,1587(-1587.000000)
869:Player,BR:0cc/cc/r200c/r1800c:6dTc,6hJd|/3c5s9s/4c/4s:-2100,2100(-2099.121363)
870:BR,Player:0cc/cr130c/cr690c/cc:9hAh,9dTs|/3sQsQc/3h/Kh:920,-920(920.000000)
871:Player,BR:0cc/cc/r130c/r299f:4hAd,QhKh|/6h7cAh/6s/Ts:230,-230(230.000000)
872:BR,Player:0cc/cc/cc/cc:3h7s,8hAs|/6s7dKs/Td/Th:100,-100(100.000000)
873:Player,BR:0cr300f:6dTd,5d7c|:100,-100(100.000000)
874:BR,Player:0r200c/cr390c/cr897c/cr2063f:8d8c,5cKh|/3h7s8h/Jh/5h:-1587,1587(-1587.000000)
875:Player,BR:0cr300c/r520c/r1196c/r2750c:5d9s,6h9c|/4s6sKd/2c/8d:-4866,4866(948.825642)
876:BR,Player:0r130c/cc/cc/cc:2hJh,3c5d|/3sQhAs/Ts/9h:-230,230(-230.000000)
877:Player,BR:0cr300c/cc/cc/cc:4d4c,9sKd|/ThQsAd/Qd/Kh:-400,400(-375.028148)
878:BR,Player:0r130c/cc/cc/cc:2sTd,8sJc|/3sQsKs/7h/Ac:-230,230(-230.000000)
879:Player,BR:0cc/cc/cc/cc:3s8c,7s7c|/6sTsQh/As/Ks:-100,100(-85.743068)
880:BR,Player:0r130c/cc/cc/cc:TdQh,8cKs|/4hTsJs/2d/9s:230,-230(230.000000)
881:Player,BR:0cc/cc/r200c/cc:2s8d,2cTd|/JhAsAc/7d/6h:-300,300(-241.945274)
882:BR,Player:0r300c/cc/cr200c/cr1800c:4sJc,JsAs|/4c8cJd/5d/9h:2400,-2400(2217.399195)
883:Player,BR:0cc/cc/cc/cc:2s8h,6hAc|/8dTsJc/9d/Ad:-100,100(-40.963132)
884:BR,Player:0cc/cc/cr200f:7s8c,4s4h|/3s3hQc/Qh:-100,100(-100.000000)
885:Player,BR:0cc/cc/cc/cc:7dJh,5sJc|/TcQdQc/Qh/6h:0,-0(4.434072)
886:BR,Player:0r130c/cc/cc/cr299c:3s3d,7dJs|/8dQsKd/5h/4c:529,-529(-44.268743)
887:Player,BR:0cc/cc/cc/cc:TdQc,9hJs|/6sThJh/Kd/2h:-100,100(-86.926527)
888:BR,Player:0r130c/cr299c/cr687f:3dQd,KsKd|/2c8cJc/5d:-529,529(-529.000000)
889:Player,BR:0cr300c/cc/r200c/cc:8hAh,9sQs|/JsKhKc/7c/5s:600,-600(537.805753)
890:BR,Player:0cc/cr130c/cr460c/cr1380f:4hJc,2dKd|/TcJdQs/8d/As:-690,690(-690.000000)
891:Player,BR:0cc/r130c/r115f:4dJd,5sTc|/4cKhKc/6h:230,-230(230.000000)
892:BR,Player:0r130c/cc/cc/cc:7dKd,9hKh|/TsQcAc/7h/6s:230,-230(176.192810)
893:Player,BR:0cr300f:5sQs,4s6c|:100,-100(100.000000)
894:BR,Player:0r200c/cr390c/cr2070f:2sJd,9s9c|/6c9dTc/Kh:-690,690(-690.000000)
895:Player,BR:0cr200c/cc/cc/cc:2h2d,5h9c|/4d9sTs/6d/8d:-300,300(-200.503448)
896:BR,Player:0r130c/cc/cc/cc:4h6s,6cTh|/3h3cJc/4c/Kh:230,-230(151.715473)
897:Player,BR:0cc/cc/cc/cc:2h8c,JcQh|/5dTcQs/Ks/4s:-100,100(-89.499805)
898:BR,Player:0r130c/cc/cc/cr460f:6h8s,6cJc|/3s3dQs/3h/Jh:-230,230(-230.000000)
899:Player,BR:0cr300c/r520c/r1840c/r3588c:KsKc,3dQd|/5d7hKd/2s/Jh:6348,-6348(-3694.677261)
900:BR,Player:0f:4s8h,3s9h|:50,-50(50.000000)
901:Player,BR:0cc/cc/r130c/r115f:4s7h,3h4d|/4h7s8c/7d/As:230,-230(230.000000)
902:BR,Player:0r130c/cc/cc/cc:7hQs,9sQd|/5s6cKc/Ks/2s:-230,230(-191.007417)
903:Player,BR:0cc/cc/cc/cc:8hQd,JsAh|/9s9hJh/Ad/3h:-100,100(-91.643516)
904:BR,Player:0cc/cc/cr130c/cc:QhKs,5cTc|/3s3h8c/4s/5h:-230,230(-52.945345)
905:Player,BR:0cc/cc/cc/r300f:7hKs,4sTh|/3h7s9c/6c/2d:100,-100(100.000000)
906:BR,Player:0r130c/cr299c/cr687c/cc:8sAc,6dQd|/2d3h3d/3c/2c:0,-0(-0.000000)
907:Player,BR:0cc/cc/r200f:2dQh,8hTd|/4c5dJh/Ah:100,-100(100.000000)
908:BR,Player:0r130c/cc/cc/cr460f:6c7h,6dAs|/7s9sAc/9d/9h:-230,230(-230.000000)
909:Player,BR:0cc/cc/r130c/r299c:5sJc,8dQs|/2d3s7s/Ac/Tc:-529,529(49.003363)
910:BR,Player:0cc/cc/cc/cc:2cTh,7s8d|/2h8cQd/Kh/9s:-100,100(42.619889)
911:Player,BR:0cr600c/r910c/r322c/r2511c:5h7d,7sQs|/3d6s6h/8c/2d:-4443,4443(-3077.880162)
912:BR,Player:0r300c/cc/cc/cc:4hKd,3hKh|/5sTcQc/Th/8d:0,-0(-337.252725)
913:Player,BR:0cc/cc/cc/r130c:3s5d,4s6d|/3h7c9d/5h/2c:-230,230(-224.601482)
914:BR,Player:0r130c/cc/cr115f:5sQd,3h8h|/7d8sTc/Ah:-230,230(-230.000000)
915:Player,BR:0cr300c/r800c/cc/r3600c:3h4c,ThKh|/5d7sKc/8s/Ah:-4800,4800(-4800.000000)
916:BR,Player:0r130c/cr299c/cc/cc:6c8s,6dTd|/5s5h7h/Ac/6h:0,-0(147.632773)
917:Player,BR:0cr300c/r520c/cc/cc:9dAd,6c9s|/4d8dTd/Qs/Qd:920,-920(153.935735)
918:BR,Player:0r200c/cr390c/cc/cr897f:4s5c,3c8c|/5h8dQs/Tc/3d:-690,690(-690.000000)
919:Player,BR:0cc/cc/r130c/cc:4d8s,7s9c|/5cKdAc/5s/9h:-230,230(-96.028951)
920:BR,Player:0cc/cc/cc/cc:8sAd,3sKh|/7s7hJc/Jd/9h:100,-100(100.000000)
921:Player,BR:0cc/cc/r300f:TdKs,6s8d|/JcQsKc/2d:100,-100(100.000000)
922:BR,Player:0f:6d7d,2s4d|:50,-50(50.000000)
923:Player,BR:0cr200c/cc/r150c/cc:7h8h,2sKh|/2h6h9h/Tc/Jd:450,-450(130.729671)
924:BR,Player:0r130c/cc/cr299c/cr687c:2cJs,5c7d|/2h6s9s/8h/4d:-1216,1216(112.072243)
925:Player,BR:0cc/cc/cc/cc:3sKd,2h4c|/3h4sTs/Jc/3d:100,-100(-38.654030)
926:BR,Player:0r200c/cc/cc/cc:6dJd,9cAh|/3c5c6c/8s/Kh:300,-300(290.367908)
927:Player,BR:0cc/cc/cc/cc:5sJh,7cKc|/2c3hKd/Ah/Ks:-100,100(-96.140030)
928:BR,Player:0f:7sJc,3h9c|:50,-50(50.000000)
929:Player,BR:0cr300c/cc/cc/r200f:5h9h,3hTs|/6c7hQs/5s/6s:400,-400(400.000000)
930:BR,Player:0r130c/cc/cr115c/cc:8hJd,4cQc|/3c5d9s/9c/2h:-345,345(-338.588484)
931:Player,BR:0cc/cc/cc/cc:5s9c,QdAh|/8dJsQc/Jc/Jh:-100,100(-90.819623)
932:BR,Player:0cc/cc/cr130f:4h7h,3s6s|/2cTcQd/6h:-100,100(-100.000000)
933:Player,BR:0cc/cc/r130c/r460f:2cKc,8hAs|/4d8dKd/Js/6s:230,-230(230.000000)
934:BR,Player:0f:2dJd,2s7h|:50,-50(50.000000)
935:Player,BR:0cc/cc/cc/cc:5cTd,5h5d|/4h6dJs/6s/6c:-100,100(-71.982625)
936:BR,Player:0r130c/cr460c/cr897c/cr9522f:2hAc,6d8h|/3d7dTs/4h/5s:-1587,1587(-1587.000000)
937:Player,BR:0cr200c/cc/r390c/r138c:8dQd,JhAh|/7h7d8h/6h/6d:-828,828(-521.017212)
938:BR,Player:0cc/cc/cc/cc:4dKh,6cAd|/2d3d9h/Kc/7h:100,-100(100.000000)
939:Player,BR:0cc/cc/cc/cc:3h4c,9cQd|/3c5d8h/4d/4s:100,-100(73.564462)
940:BR,Player:0f:2dAh,2s5h|:50,-50(50.000000)
941:Player,BR:0cr300c/r520c/cc/cc:2cQc,6h6d|/5d7cAh/3h/Js:-920,920(-388.469144)
942:BR,Player:0f:6cTc,4s9h|:50,-50(50.000000)
943:Player,BR:0cr300f:3d5d,5s8h|:100,-100(100.000000)
944:BR,Player:0r130c/cr690c/cc/cc:9sQc,8h8c|/2c5h6d/9c/5c:920,-920(920.000000)
945:Player,BR:0cc/cc/cc/cc:3d6h,7hJs|/2d9sAc/Tc/As:-100,100(69.312394)
946:BR,Player:0r130c/cr299c/cc/cc:QsAh,5h9d|/3h4sTd/Jd/6d:529,-529(-47.221730)
947:Player,BR:0cc/cc/r130c/r460c:7d8s,TdKh|/9dTcJh/Ks/6c:690,-690(73.746295)
948:BR,Player:0r200c/cr390c/cc/cc:JsKc,5h7h|/2sJcAc/2d/Kd:690,-690(690.000000)
949:Player,BR:0cc/cc/cc/cc:TdKh,6hQc|/5d7hJh/6d/Qh:-100,100(-86.837226)
950:BR,Player:0cc/cc/cc/cr130c:3s9h,3cKh|/6d7cQd/3d/7h:-230,230(-32.303380)
951:Player,BR:0cc/r130c/r299c/r1587c:7s9d,4h9s|/2c5c6s/4s/2s:-2116,2116(-1101.744467)
952:BR,Player:0r200c/cr600c/cr1170f:TsAd,2s3s|/2h9sKh/3d:-900,900(-900.000000)
953:Player,BR:0cc/cc/cc/cc:5s6c,ThKh|/3h3d4s/2c/5d:100,-100(36.278849)
954:BR,Player:0r130c/cc/cc/cr460f:2h8h,8sKc|/9d9cQd/5d/2d:-230,230(-230.000000)
955:Player,BR:0cr130c/r299c/r105c/r126c:8hJh,6cTc|/4cTsQs/6d/Jc:-760,760(-760.000000)
956:BR,Player:0r200c/cr390c/cc/cc:4h8d,4s6s|/7c8cJc/Ah/As:690,-690(671.102278)
957:Player,BR:0cc/cc/cc/cc:7s9c,4h7d|/3sKhAh/Qs/7h:0,-0(-43.833682)
958:BR,Player:0r200c/cc/cr150c/cr585c:3c4h,3h6h|/3s5hKh/7s/6s:1035,-1035(704.035849)
959:Player,BR:0cr600c/cc/r350c/r525c:5hKh,JsQd|/2hJcAh/4h/6s:1575,-1575(125.632346)
960:BR,Player:0r130c/cr299c/cc/cc:QdKc,7sAc|/4d7hKh/6s/3s:529,-529(529.000000)
961:Player,BR:0cc/cc/cc/cc:5cAd,2dJd|/3h7cTs/4c/Qd:100,-100(81.312613)
962:BR,Player:0r130c/cr299f:3d7s,6cTs|/KsKdAs:-230,230(-230.000000)
963:Player,BR:0cc/cc/cc/r130f:2h6d,5c9c|/6s8cTh/Kd/8s:100,-100(100.000000)
964:BR,Player:0r130c/cc/cr115c/cr690c:QsQc,KdKc|/6h9sTs/4h/5s:-1035,1035(655.250357)
965:Player,BR:0cc/cc/cc/r130c:4sJd,6sAh|/3d7hJh/7c/Ks:230,-230(-15.315254)
966:BR,Player:0r130c/cc/cc/cc:5cAh,7hKs|/2c3cQd/8d/8c:230,-230(66.109235)
967:Player,BR:0cr200c/cc/r600c/r1800f:8dKd,4dAs|/3h9sKs/5c/Qd:900,-900(900.000000)
968:BR,Player:0cc/cr300f:7s8s,7dAc|/3c5cQc:-100,100(-100.000000)
969:Player,BR:0cc/cc/cc/cc:2h9s,JcAc|/7cQsQc/Kc/8d:-100,100(-99.708392)
970:BR,Player:0cc/cr300f:2d5c,9dTc|/7sJhQd:-100,100(-100.000000)
971:Player,BR:0cc/cc/r200c/r390f:4c7s,3hAc|/7h7cJh/Tc/5d:300,-300(300.000000)
972:BR,Player:0r200c/cc/cc/cc:4s9s,5cJd|/5s6dAc/7c/7h:-300,300(-300.000000)
973:Player,BR:0cc/cc/cc/r130c:7hTs,8hQh|/5c6hJc/2d/5d:-230,230(93.815965)
974:BR,Player:0r200c/cc/cc/cc:5s7h,6cAs|/8cThJc/6s/9h:300,-300(300.000000)
975:Player,BR:0cc/cc/cc/cc:6h7c,3c4d|/JsJhQc/9s/6c:100,-100(89.796490)
976:BR,Player:0r130c/cr460c/cc/cr2070f:JdJc,6dTd|/7c8sKc/9c/3d:-690,690(-690.000000)
977:Player,BR:0cr300f:6c7c,2d7d|:100,-100(100.000000)
978:BR,Player:0cc/cc/cc/cr200f:3h6h,4c5d|/4h8hQd/5c/As:-100,100(-100.000000)
979:Player,BR:0cr200c/cc/r150c/r225c:6hQc,ThTd|/3h5c6c/5d/Jd:-675,675(-240.294035)
980:BR,Player:0cc/cc/cc/cc:6cJs,2cKh|/4h8s8c/Ts/5c:-100,100(-100.000000)
981:Player,BR:0cc/cc/cc/cc:TsJd,2hKh|/8dKsAd/4d/As:-100,100(-91.426506)
982:BR,Player:0f:4d6h,2c4h|:50,-50(50.000000)
983:Player,BR:0cc/cc/cc/cc:9sKc,8cQd|/7sJsQh/5c/6s:-100,100(-80.663914)
984:BR,Player:0f:5c7c,3c8s|:50,-50(50.000000)
985:Player,BR:0cr600f:8dQh,2c7s|:100,-100(100.000000)
986:BR,Player:0r130c/cr299c/cc/cc:4h7h,8hJc|/7sThJd/Qh/5s:-529,529(-169.900205)
987:Player,BR:0cc/cc/cc/cc:5hKd,QdKs|/2c8dTd/Jc/Jh:-100,100(12.481346)
988:BR,Player:0cc/cc/cc/cc:2h8d,5h9h|/5c8cAs/Jd/Tc:100,-100(94.937637)
989:Player,BR:0cr200c/cc/r390f:6d8d,4h8s|/2hThQd/9c:300,-300(300.000000)
990:BR,Player:0r130c/cc/cc/cr299c:9dKh,6h9s|/4sAsAh/8d/5d:529,-529(-143.194670)
991:Player,BR:0cr300c/cc/r200c/r1200c:KsAh,6sKc|/4d7cTs/4c/Ad:1800,-1800(473.286668)
992:BR,Player:0r130c/cr460c/cr1380c/cc:4h8s,2s2h|/3h8hKh/Qs/Kc:2070,-2070(2070.000000)
993:Player,BR:0cc/cc/cc/cc:9sQd,4d6h|/5dJdAs/6d/8s:-100,100(-59.521767)
994:BR,Player:0r130c/cc/cr299c/cc:8dJs,7sQh|/2hJhKd/Td/3d:529,-529(366.716743)
995:Player,BR:0cr600f:KhAh,3dTd|:100,-100(100.000000)
996:BR,Player:0r130c/cc/cr115c/cc:5cQs,3sAc|/6h8cAs/Ts/9d:-345,345(-6.836920)
997:Player,BR:0cc/cc/cc/cc:6cKh,7h7c|/3h4sKd/Ts/Qc:100,-100(-59.360759)
998:BR,Player:0r200c/cr900c/cr1560c/cc:5cAc,4c6s|/2d5sQd/9h/Td:2760,-2760(2044.250763)
999:Player,BR:0cc/cc/cc/r130c:3c5h,2d3s|/2s2hQs/Kd/4d:-230,230(-223.091734)
1000:BR,Player:0f:KsKh,2d6s|:50,-50(50.000000)
RAW BR STATS: n=1000, sum=56724.000000, sum_sq=1725544464.000000, vr_sum=83321.659652, vr_sum_sq=1174577278.128474
BR STATS: 56.724000(81.341815), 83.321660(66.974516)
RESULTS
1)Player: -56724
2)BR: 56724
